
The Gurobi software has a limited number of licenses. To request a license or
licenses, add this line

    #SBATCH --licenses=gurobi@slurmdb:1

to your SBATCH script, replacing N with the number of licenses you need. Gurobi
will need one license per process.


0
Q: [[1 1 0 0 0 0 0 0 0 1]
 [1 1 1 0 1 0 1 1 0 0]
 [1 0 0 0 0 0 1 0 1 0]
 [1 0 1 0 1 0 0 1 0 0]
 [1 0 1 0 0 1 1 0 1 0]
 [0 0 1 1 0 0 1 1 0 0]
 [0 0 0 1 1 0 0 0 0 0]
 [0 1 1 0 0 1 1 1 0 0]
 [0 0 1 1 1 1 1 1 0 1]
 [1 0 1 1 0 1 1 0 1 1]
 [1 0 1 1 0 0 1 0 0 0]
 [1 0 0 0 0 0 0 0 0 0]
 [0 0 0 0 1 1 1 0 1 0]
 [1 1 1 1 1 0 0 0 0 1]
 [0 1 1 1 1 0 0 0 0 1]
 [0 0 0 1 0 1 0 1 1 1]
 [1 0 0 0 0 1 0 1 0 0]
 [1 1 1 1 1 0 0 1 1 1]
 [1 1 0 0 1 1 0 1 0 1]
 [0 0 0 1 1 0 0 1 0 1]
 [1 1 1 1 1 1 1 0 1 1]
 [1 0 0 0 0 0 1 1 1 1]
 [0 1 1 1 0 1 0 0 0 0]
 [1 1 1 0 1 0 1 1 1 0]
 [1 0 1 1 1 1 0 1 1 1]
 [0 0 1 1 0 0 1 1 0 1]
 [0 0 1 1 0 1 1 0 0 1]
 [1 0 0 1 0 1 0 1 0 1]
 [0 1 0 0 0 1 1 1 0 0]
 [1 1 0 0 1 1 1 1 1 1]
 [0 1 0 1 0 1 0 0 1 1]
 [0 1 0 0 1 1 0 0 1 0]
 [1 0 1 1 0 1 1 1 0 0]
 [1 1 0 1 1 1 0 0 0 0]
 [1 0 0 0 0 0 0 1 0 1]
 [0 0 0 0 0 1 0 0 1 1]
 [1 1 0 1 1 1 1 1 1 1]
 [1 0 0 1 1 0 1 0 0 1]
 [1 1 0 0 1 1 0 1 1 1]
 [0 1 1 0 0 1 1 1 1 1]
 [1 0 0 1 0 0 0 0 0 0]
 [0 0 0 1 0 1 0 1 0 0]
 [1 1 0 0 0 1 0 0 1 0]
 [0 0 1 1 1 1 1 0 0 0]
 [0 0 1 1 0 1 1 1 0 0]
 [1 0 0 0 0 0 1 1 0 1]
 [0 1 0 0 1 0 1 0 0 1]
 [0 1 1 1 0 0 0 0 0 0]
 [0 0 0 0 0 1 1 0 1 0]
 [1 1 0 1 0 1 0 0 1 1]
 [1 1 0 0 1 1 0 0 1 0]
 [0 0 1 0 1 1 0 0 0 1]
 [1 0 1 0 1 1 1 1 0 0]
 [0 0 1 0 1 0 0 1 0 0]
 [1 0 1 1 1 0 0 0 1 1]
 [0 0 1 0 0 1 0 1 0 0]
 [1 1 1 0 1 1 1 0 0 0]
 [0 0 0 0 0 1 0 1 0 1]
 [0 1 0 0 1 0 1 0 1 1]
 [1 0 1 1 1 0 0 1 1 1]
 [0 1 1 0 1 1 0 1 1 0]
 [0 1 0 1 0 1 1 0 1 0]
 [0 0 0 0 1 0 0 1 0 1]
 [0 0 0 1 0 0 0 0 1 1]
 [0 1 1 0 1 1 1 1 0 1]
 [1 1 1 0 0 1 1 0 1 0]
 [1 0 1 0 1 0 1 1 0 1]
 [1 0 1 1 0 1 1 0 0 1]
 [0 0 0 0 1 1 1 0 0 1]
 [1 0 1 0 1 1 0 0 0 0]
 [0 0 0 0 1 0 1 0 1 1]
 [0 1 1 1 0 0 0 0 1 0]
 [1 0 1 0 0 0 0 1 1 0]
 [1 1 1 0 0 0 1 0 0 0]
 [1 0 1 0 0 1 1 1 0 1]]
{'restarts': 2, 'conflicts': 528, 'decisions': 1439, 'propagations': 732407}
Q is identifiable
branch at 6
runtime for solving id of Q is 0.5964717916212976
Simulation results:
{'J': 75, 'K': 10, 'N': 10, 'p': 0.5, 'seed': 45, 'sim': 0, 'runtime': 0.5964717916212976, 'identifiable': 1, 'branch': 6}
1
Q: [[1 0 0 0 1 1 0 1 1 0]
 [0 0 0 0 0 0 1 0 0 1]
 [1 0 0 0 1 1 0 1 1 0]
 [0 0 0 1 1 1 1 0 0 1]
 [1 0 0 1 0 1 0 1 0 0]
 [0 1 1 1 0 0 0 0 1 0]
 [0 1 1 1 0 1 0 0 1 1]
 [0 1 0 0 0 0 1 0 0 1]
 [1 1 0 1 0 0 0 1 0 0]
 [0 0 0 0 1 1 0 1 0 0]
 [0 0 1 0 0 0 0 1 0 1]
 [1 1 0 0 0 1 0 1 0 1]
 [1 1 0 1 1 1 1 0 1 1]
 [0 1 1 1 1 0 0 1 0 0]
 [0 1 1 1 0 1 0 0 1 0]
 [0 0 0 1 0 1 0 0 1 0]
 [1 0 1 1 0 0 0 1 1 0]
 [1 1 0 0 1 0 1 0 0 1]
 [0 0 0 0 0 1 0 0 1 1]
 [0 0 1 1 1 0 0 1 0 1]
 [1 0 1 0 1 0 0 0 1 1]
 [1 1 0 0 1 0 0 1 1 1]
 [1 0 0 1 1 1 0 1 1 1]
 [0 1 1 1 0 0 1 1 1 0]
 [1 1 1 1 1 1 0 0 0 0]
 [0 1 0 1 0 0 0 1 1 0]
 [1 0 0 1 0 1 1 0 1 1]
 [0 0 1 1 1 1 0 0 0 0]
 [1 1 1 1 1 1 1 0 1 0]
 [1 1 1 0 0 0 0 0 0 1]
 [1 1 1 1 0 1 1 0 1 0]
 [1 0 1 1 0 0 0 1 0 1]
 [1 1 1 0 0 0 0 0 1 0]
 [0 0 0 0 1 1 1 1 1 0]
 [1 0 1 1 0 0 1 0 0 1]
 [0 1 0 0 0 0 0 1 1 1]
 [0 0 0 0 1 1 1 1 1 1]
 [1 0 1 0 1 1 1 0 1 0]
 [0 0 0 0 0 1 0 0 1 1]
 [0 0 1 1 1 0 0 1 0 0]
 [0 1 0 1 0 1 1 0 0 0]
 [0 1 0 0 0 0 0 1 0 1]
 [1 0 0 1 0 0 0 0 0 0]
 [0 1 0 1 0 0 1 1 1 1]
 [0 1 0 0 0 1 1 0 1 0]
 [1 1 1 0 1 0 0 0 1 1]
 [0 1 0 0 0 1 1 1 0 1]
 [1 0 1 1 1 1 0 0 0 0]
 [0 1 1 0 0 1 0 0 0 0]
 [0 1 1 0 1 1 1 1 0 1]
 [0 1 0 1 0 0 1 0 0 0]
 [1 1 0 0 1 0 0 0 1 0]
 [0 1 1 1 0 1 0 0 0 0]
 [1 1 1 1 1 1 1 1 1 0]
 [0 1 1 1 1 0 1 0 1 1]
 [0 1 0 0 1 0 0 0 0 0]
 [1 0 0 0 1 0 0 0 1 1]
 [0 0 1 1 0 0 1 1 0 1]
 [0 1 0 0 1 1 0 1 0 1]
 [1 1 0 0 1 1 0 1 1 1]
 [0 0 0 1 0 1 0 0 0 1]
 [0 0 0 0 1 0 1 1 0 0]
 [0 1 0 1 1 1 0 0 1 1]
 [0 0 0 0 1 0 1 1 0 0]
 [0 0 1 1 0 0 1 0 0 0]
 [0 0 1 0 0 1 0 0 0 1]
 [1 0 0 1 0 0 1 0 1 0]
 [1 1 0 0 0 0 0 1 1 0]
 [0 0 1 0 0 0 1 1 1 1]
 [1 0 1 1 1 1 1 0 0 1]
 [1 0 1 1 0 1 0 1 0 1]
 [0 1 1 0 1 0 1 1 0 1]
 [0 1 1 1 0 1 1 1 1 1]
 [1 0 0 1 1 1 1 0 1 0]
 [0 0 1 1 0 1 1 1 0 1]]
{'restarts': 1, 'conflicts': 369, 'decisions': 1012, 'propagations': 496934}
Q is identifiable
branch at 6
runtime for solving id of Q is 0.5561646828427911
Simulation results:
{'J': 75, 'K': 10, 'N': 10, 'p': 0.5, 'seed': 45, 'sim': 1, 'runtime': 0.5561646828427911, 'identifiable': 1, 'branch': 6}
2
Q: [[0 0 1 0 1 1 0 0 0 0]
 [0 1 0 0 0 1 1 1 0 1]
 [1 1 1 1 0 1 1 1 1 1]
 [0 1 0 0 1 1 0 0 1 0]
 [0 0 1 0 0 0 0 1 1 1]
 [1 0 0 0 0 1 1 1 1 0]
 [1 1 1 1 1 1 0 0 0 0]
 [0 1 1 0 0 0 0 0 1 1]
 [0 0 1 1 0 0 1 1 0 0]
 [1 0 1 0 0 0 0 0 0 1]
 [0 1 1 1 0 1 1 1 1 0]
 [0 0 0 0 1 0 1 1 0 0]
 [0 0 1 0 1 1 1 1 0 0]
 [1 0 0 0 1 1 1 0 0 0]
 [1 1 1 0 0 1 1 0 1 1]
 [1 1 1 1 0 1 1 1 0 0]
 [1 0 0 1 1 0 0 1 1 0]
 [1 0 0 1 0 0 0 1 1 0]
 [1 1 1 0 0 0 0 0 1 0]
 [1 1 1 0 0 1 0 1 0 0]
 [1 0 0 1 1 0 1 0 0 1]
 [0 0 1 1 1 1 0 1 0 1]
 [1 1 0 0 1 0 0 0 0 1]
 [0 0 0 0 0 1 0 0 1 1]
 [0 1 1 1 1 1 1 0 1 1]
 [0 0 1 1 1 0 1 1 0 1]
 [1 1 1 0 1 0 1 1 1 0]
 [0 0 1 1 1 0 1 0 0 0]
 [1 1 1 1 1 1 0 0 1 0]
 [1 0 0 0 1 0 1 1 1 0]
 [1 0 1 1 0 0 1 0 0 0]
 [0 1 0 1 0 1 0 1 0 1]
 [0 1 1 1 1 0 0 1 1 0]
 [0 0 0 0 1 1 0 1 0 0]
 [0 1 1 0 1 0 1 1 1 1]
 [1 1 1 1 0 0 1 0 1 1]
 [0 0 1 0 0 1 1 1 1 0]
 [1 0 0 1 1 1 0 0 1 1]
 [1 1 0 1 1 0 0 1 1 1]
 [0 1 0 1 1 1 0 1 1 1]
 [1 0 1 1 1 1 0 1 0 0]
 [0 0 1 1 1 1 1 1 0 1]
 [0 1 0 0 1 1 1 1 0 1]
 [0 0 1 1 0 1 0 1 1 0]
 [0 1 1 0 0 1 1 0 0 1]
 [0 0 0 0 1 0 0 0 0 1]
 [0 0 0 1 1 0 0 1 0 0]
 [0 0 1 1 1 1 1 1 0 1]
 [1 1 1 1 0 1 1 1 0 1]
 [0 0 0 1 1 1 1 0 1 0]
 [0 0 1 1 1 1 0 1 1 0]
 [1 1 0 0 0 1 0 0 0 1]
 [1 0 1 0 0 0 0 1 0 0]
 [1 1 1 0 1 0 0 1 1 1]
 [0 0 1 0 1 0 1 0 1 0]
 [0 0 0 1 0 0 1 0 1 1]
 [1 0 1 1 1 0 1 1 1 1]
 [1 1 1 0 0 1 1 0 1 1]
 [0 1 0 0 0 0 1 0 1 0]
 [0 0 0 1 1 1 0 0 0 1]
 [0 1 0 0 1 0 1 1 0 0]
 [1 0 1 1 1 0 0 1 0 1]
 [0 0 1 0 0 1 1 0 1 0]
 [0 1 1 0 0 1 0 0 1 0]
 [0 0 0 0 0 0 0 0 0 1]
 [1 0 0 0 1 0 1 1 0 0]
 [0 0 0 0 1 0 0 1 1 0]
 [0 0 1 0 1 1 0 0 1 0]
 [0 1 1 1 1 0 0 1 0 0]
 [0 1 0 0 1 1 1 0 0 1]
 [1 0 1 1 1 1 1 0 1 1]
 [0 0 1 1 0 0 1 1 0 1]
 [1 0 0 0 0 0 0 0 0 0]
 [1 1 0 0 1 1 1 1 0 0]
 [1 1 1 0 0 1 1 0 1 1]]
{'restarts': 1, 'conflicts': 271, 'decisions': 811, 'propagations': 353877}
Q is identifiable
branch at 6
runtime for solving id of Q is 0.47926576621830463
Simulation results:
{'J': 75, 'K': 10, 'N': 10, 'p': 0.5, 'seed': 45, 'sim': 2, 'runtime': 0.47926576621830463, 'identifiable': 1, 'branch': 6}
3
Q: [[0 1 0 0 1 1 1 1 0 1]
 [0 0 1 0 1 0 1 0 1 0]
 [0 0 1 1 0 1 0 1 0 1]
 [0 1 1 1 0 0 0 0 0 1]
 [0 1 1 1 0 0 1 1 1 0]
 [0 0 0 1 1 1 0 1 1 1]
 [1 1 1 0 0 1 0 1 1 0]
 [0 1 0 0 0 0 0 0 0 1]
 [1 0 1 0 0 1 1 0 1 0]
 [1 1 1 0 0 0 0 0 0 0]
 [1 0 1 0 0 0 0 1 1 1]
 [0 1 0 1 1 1 1 1 0 0]
 [0 1 1 0 1 0 1 0 1 0]
 [1 0 0 0 0 1 0 1 0 0]
 [0 1 1 1 1 1 0 0 1 1]
 [0 1 0 1 0 1 1 0 1 0]
 [0 0 0 0 0 0 0 0 1 1]
 [0 1 1 1 1 0 1 0 1 0]
 [1 0 0 1 0 1 0 1 0 0]
 [0 0 0 0 1 1 0 0 0 0]
 [0 0 0 1 0 1 0 0 0 1]
 [1 1 0 0 0 1 1 1 0 0]
 [1 0 1 0 0 0 0 1 1 0]
 [0 0 0 0 1 1 0 0 0 0]
 [0 1 1 1 0 0 0 0 0 0]
 [1 1 1 0 1 0 0 0 0 0]
 [0 1 0 0 0 1 1 1 0 0]
 [1 1 1 0 1 0 1 1 1 1]
 [1 1 1 1 1 1 0 1 1 0]
 [1 1 0 0 1 0 1 1 1 0]
 [0 1 1 1 0 1 1 0 1 1]
 [1 1 1 0 0 0 0 0 1 0]
 [0 0 1 1 0 0 0 1 1 1]
 [0 1 0 1 0 1 1 1 0 1]
 [0 0 0 0 0 1 0 0 1 1]
 [1 0 1 1 1 1 0 0 0 1]
 [1 0 0 0 0 1 1 0 0 0]
 [0 0 0 1 0 0 0 0 1 0]
 [1 0 1 0 1 0 1 0 0 0]
 [1 0 1 1 0 1 1 1 0 0]
 [0 0 1 1 0 1 1 1 1 1]
 [0 1 1 0 1 1 0 1 1 1]
 [1 0 0 0 0 0 1 0 0 1]
 [1 1 0 0 0 1 1 1 0 1]
 [0 0 1 1 1 1 0 1 0 0]
 [0 1 0 1 1 0 0 1 0 0]
 [0 0 1 0 1 0 0 0 1 0]
 [0 1 0 0 0 1 1 0 1 1]
 [1 0 0 1 1 1 1 1 0 1]
 [0 0 1 1 1 0 0 1 1 0]
 [1 0 1 0 0 1 0 1 0 1]
 [1 0 0 0 1 0 0 0 1 1]
 [0 1 0 0 0 1 0 1 0 0]
 [0 0 0 0 0 0 0 1 0 1]
 [1 0 1 0 1 1 1 1 0 1]
 [0 0 1 0 1 1 1 0 1 0]
 [1 1 1 0 1 0 0 1 1 0]
 [0 0 0 1 0 1 0 1 1 1]
 [1 1 0 1 0 1 1 0 1 1]
 [1 1 1 0 1 1 1 0 1 0]
 [1 0 0 0 0 1 0 1 0 0]
 [0 0 0 0 1 1 1 0 1 1]
 [0 1 0 0 0 0 1 0 0 1]
 [1 1 1 0 0 1 0 0 0 0]
 [0 0 1 0 0 0 1 1 1 1]
 [1 0 0 0 0 0 1 1 0 1]
 [0 1 0 1 1 0 0 1 1 0]
 [1 0 1 0 1 1 0 1 1 0]
 [1 1 0 0 1 0 1 0 0 0]
 [1 1 1 1 0 1 0 1 1 1]
 [1 0 1 1 1 0 0 1 1 1]
 [1 1 0 1 0 0 0 0 1 0]
 [0 0 1 0 0 1 1 1 0 0]
 [1 0 0 1 0 1 0 1 1 0]
 [0 0 0 1 1 1 0 0 1 0]]
{'restarts': 2, 'conflicts': 327, 'decisions': 990, 'propagations': 428181}
Q is identifiable
branch at 6
runtime for solving id of Q is 0.5265399659983814
Simulation results:
{'J': 75, 'K': 10, 'N': 10, 'p': 0.5, 'seed': 45, 'sim': 3, 'runtime': 0.5265399659983814, 'identifiable': 1, 'branch': 6}
4
Q: [[1 1 0 0 1 1 0 1 1 1]
 [1 1 0 0 1 0 0 1 0 0]
 [1 1 1 0 1 0 0 0 1 0]
 [0 0 0 1 0 0 1 1 1 0]
 [1 0 0 1 0 0 1 0 1 1]
 [1 0 1 0 0 1 0 1 1 1]
 [1 1 0 0 0 0 0 1 0 1]
 [1 0 1 1 1 1 0 1 0 1]
 [0 1 0 0 0 1 1 0 0 1]
 [0 0 0 1 0 1 0 0 0 1]
 [1 1 0 0 0 0 0 0 1 1]
 [0 1 0 1 1 1 0 0 0 1]
 [0 0 1 0 1 0 0 1 1 0]
 [0 0 0 1 1 1 0 1 0 0]
 [0 0 0 1 0 0 0 0 0 0]
 [1 1 1 0 0 1 0 1 0 1]
 [1 1 1 1 0 1 0 1 0 1]
 [0 0 1 1 1 0 1 0 0 1]
 [1 1 0 1 0 0 0 0 0 0]
 [0 0 1 0 0 1 1 0 0 0]
 [0 0 1 1 0 1 1 1 0 1]
 [0 1 0 1 0 0 1 0 0 1]
 [0 1 0 0 1 1 0 1 1 0]
 [0 0 1 1 1 0 0 0 1 1]
 [1 1 0 0 1 0 1 1 0 1]
 [0 1 0 1 1 0 1 1 0 0]
 [0 0 0 1 0 1 1 1 0 1]
 [0 0 1 1 1 1 1 1 1 0]
 [0 0 0 0 1 1 1 1 0 1]
 [1 1 1 1 0 1 0 0 0 0]
 [1 1 0 1 1 0 0 0 1 0]
 [0 1 1 0 0 0 1 0 1 0]
 [1 0 1 0 1 1 0 0 0 1]
 [0 1 1 0 1 1 1 1 1 1]
 [0 1 1 1 1 0 0 0 1 0]
 [1 0 1 1 0 1 0 1 1 0]
 [0 1 0 1 0 0 1 1 1 1]
 [1 1 0 0 0 1 0 1 0 1]
 [1 1 1 0 1 0 1 0 1 1]
 [1 1 1 0 1 1 1 0 1 0]
 [1 1 0 0 1 1 0 0 0 0]
 [1 0 1 0 1 0 0 1 1 0]
 [1 1 0 0 0 0 1 1 1 0]
 [1 1 1 1 0 0 0 1 1 0]
 [1 1 0 1 1 0 1 0 1 0]
 [0 0 0 1 0 0 1 0 0 1]
 [1 1 0 0 1 1 1 1 1 1]
 [1 1 1 0 1 1 0 1 0 0]
 [0 0 1 0 1 1 0 0 1 1]
 [1 0 1 0 1 1 1 0 0 0]
 [1 1 0 1 1 0 1 0 0 1]
 [0 0 0 0 0 0 0 1 0 0]
 [0 0 1 1 0 1 1 1 1 0]
 [0 0 0 1 1 1 0 0 1 0]
 [0 0 1 0 1 0 0 1 1 0]
 [0 0 1 0 0 0 0 1 0 0]
 [1 1 0 1 1 1 1 0 0 0]
 [0 1 0 1 1 1 1 0 0 1]
 [0 1 0 0 1 0 1 0 1 1]
 [0 1 0 1 1 0 1 1 1 0]
 [1 0 0 1 1 1 1 1 1 1]
 [1 1 0 1 1 0 0 1 0 0]
 [0 0 0 0 1 1 0 1 0 1]
 [1 1 0 1 1 0 0 0 1 0]
 [0 1 0 0 1 1 1 1 0 0]
 [1 0 0 1 1 0 0 1 1 0]
 [1 1 1 1 1 0 0 0 0 0]
 [0 0 0 1 1 1 1 1 0 1]
 [1 0 1 0 0 1 0 1 0 0]
 [1 0 0 0 1 0 1 1 1 0]
 [0 0 0 0 0 0 1 1 1 1]
 [0 1 0 0 1 1 0 0 1 0]
 [1 1 1 1 0 0 1 1 0 0]
 [0 0 1 0 0 1 1 1 0 0]
 [0 0 0 0 0 0 0 0 0 1]]
{'restarts': 1, 'conflicts': 230, 'decisions': 528, 'propagations': 323709}
Q is identifiable
branch at 6
runtime for solving id of Q is 0.6447172649204731
Simulation results:
{'J': 75, 'K': 10, 'N': 10, 'p': 0.5, 'seed': 45, 'sim': 4, 'runtime': 0.6447172649204731, 'identifiable': 1, 'branch': 6}
5
Q: [[1 0 1 0 0 0 0 0 0 1]
 [1 1 1 1 1 1 1 1 1 1]
 [0 1 1 1 1 1 0 0 0 1]
 [1 0 1 0 1 1 1 0 1 1]
 [0 0 0 1 1 0 0 0 1 1]
 [1 0 0 1 1 1 0 0 0 0]
 [0 1 1 0 0 1 0 1 0 0]
 [0 0 0 0 1 0 0 0 0 1]
 [0 1 0 1 1 1 0 1 1 0]
 [1 0 0 1 0 0 1 0 0 0]
 [0 1 0 1 0 0 1 0 0 1]
 [0 1 0 1 0 1 0 0 1 0]
 [1 0 1 1 0 0 1 0 0 1]
 [1 1 1 1 0 0 0 1 1 1]
 [1 0 1 1 1 0 1 0 0 1]
 [1 1 1 1 0 0 0 0 0 0]
 [0 1 0 1 1 0 1 0 0 0]
 [1 1 1 0 0 1 0 0 0 0]
 [1 0 1 0 1 0 1 1 0 1]
 [1 1 1 0 1 0 0 0 0 1]
 [0 1 0 1 0 1 0 0 1 1]
 [0 0 1 0 1 1 0 1 1 0]
 [1 0 0 0 1 1 0 1 1 1]
 [1 0 1 0 0 0 0 0 0 1]
 [0 0 0 0 1 1 1 0 0 1]
 [1 0 0 1 0 1 1 0 0 0]
 [0 0 0 0 1 0 0 1 0 1]
 [0 0 0 0 0 1 0 0 1 0]
 [1 0 0 0 0 0 1 0 0 1]
 [1 0 0 0 0 1 1 0 0 1]
 [0 0 1 0 1 1 1 0 0 1]
 [1 1 0 1 0 1 1 0 1 0]
 [1 1 1 1 1 1 0 0 0 1]
 [1 0 1 0 0 1 1 1 1 0]
 [1 0 1 0 0 0 0 0 1 1]
 [0 1 1 0 0 1 1 1 1 1]
 [0 1 1 0 1 1 0 0 0 1]
 [1 1 0 0 0 1 1 1 0 0]
 [1 1 1 0 0 1 0 0 1 1]
 [0 1 1 1 0 1 0 0 1 0]
 [0 0 1 1 1 0 1 0 1 1]
 [0 0 1 1 0 0 0 1 1 0]
 [0 0 1 0 0 1 0 1 0 0]
 [1 1 0 0 1 1 0 0 0 0]
 [1 1 1 1 1 1 1 1 0 0]
 [0 0 0 1 1 0 1 0 1 1]
 [1 0 1 0 1 1 1 0 0 0]
 [0 1 0 0 1 1 0 1 1 0]
 [1 0 0 1 1 1 0 1 1 0]
 [1 1 0 1 0 1 1 0 0 1]
 [0 0 0 1 1 0 0 1 0 0]
 [1 1 0 1 0 0 1 0 1 0]
 [1 1 1 0 0 1 1 1 0 1]
 [1 0 1 0 1 1 1 1 1 0]
 [1 1 1 0 0 0 0 0 0 0]
 [1 0 1 1 1 1 1 1 0 1]
 [1 1 1 0 1 1 0 1 1 0]
 [0 1 1 1 0 0 1 1 0 0]
 [1 1 1 0 0 1 1 1 0 0]
 [0 0 1 0 1 0 1 0 0 0]
 [1 0 1 0 1 1 0 1 0 0]
 [1 1 1 1 0 1 0 0 1 0]
 [0 0 1 1 0 0 0 1 1 0]
 [0 0 0 0 1 0 0 0 0 0]
 [0 0 1 0 1 0 0 0 0 1]
 [1 1 0 1 0 0 1 1 0 0]
 [1 1 0 1 1 1 1 0 0 0]
 [0 0 1 1 0 1 0 0 0 0]
 [1 1 1 1 1 1 1 1 0 0]
 [0 0 0 1 1 1 0 1 1 0]
 [1 1 1 1 0 1 1 0 1 1]
 [1 0 1 1 0 0 0 1 0 1]
 [0 0 1 1 0 0 1 0 0 1]
 [0 1 1 0 0 1 0 0 1 1]
 [0 0 1 0 0 0 0 0 0 1]]
{'restarts': 1, 'conflicts': 194, 'decisions': 585, 'propagations': 185394}
Q is identifiable
branch at 6
runtime for solving id of Q is 0.45079873967915773
Simulation results:
{'J': 75, 'K': 10, 'N': 10, 'p': 0.5, 'seed': 45, 'sim': 5, 'runtime': 0.45079873967915773, 'identifiable': 1, 'branch': 6}
6
Q: [[1 1 1 0 0 0 0 0 0 1]
 [0 1 1 0 1 0 1 1 0 1]
 [0 0 0 1 0 0 1 1 0 1]
 [0 0 1 0 1 0 0 0 0 0]
 [1 0 1 0 0 0 1 1 1 1]
 [1 1 0 1 0 1 1 1 1 1]
 [1 1 0 0 1 0 0 0 1 1]
 [1 1 1 1 0 1 1 1 0 0]
 [0 1 0 1 0 1 1 0 0 0]
 [0 1 1 0 1 0 1 0 0 0]
 [0 0 0 0 1 1 1 0 1 0]
 [1 0 1 1 0 0 1 1 0 1]
 [1 0 1 1 0 1 1 1 0 1]
 [1 0 0 1 0 0 0 0 1 1]
 [1 1 0 0 1 0 0 1 1 0]
 [1 0 0 0 1 1 0 0 1 1]
 [0 1 0 1 0 0 1 1 0 0]
 [0 1 1 1 0 1 0 1 1 0]
 [0 0 0 1 1 1 0 0 0 1]
 [1 1 1 0 0 1 0 0 1 1]
 [0 1 0 0 0 0 0 0 1 1]
 [1 1 0 0 0 1 1 1 1 1]
 [0 1 1 0 1 1 1 1 1 0]
 [1 1 0 0 0 1 1 1 1 1]
 [0 0 0 0 0 1 1 1 1 0]
 [1 0 1 1 1 0 1 1 0 0]
 [0 0 0 1 0 1 1 0 1 1]
 [0 0 1 0 1 1 1 0 0 0]
 [1 1 0 1 0 1 0 1 1 0]
 [1 1 1 1 0 1 0 0 0 1]
 [1 1 0 0 0 1 1 0 1 0]
 [1 1 1 0 0 1 1 0 0 0]
 [0 1 1 1 0 1 1 1 1 0]
 [1 1 1 0 1 0 0 0 1 1]
 [1 0 1 1 1 0 0 1 0 1]
 [1 1 0 0 1 1 1 0 1 1]
 [1 0 0 1 1 0 1 0 1 0]
 [1 0 1 0 1 0 1 0 1 1]
 [1 0 0 0 1 1 0 0 0 1]
 [0 1 0 1 0 0 0 0 1 0]
 [0 1 1 0 1 0 1 1 0 1]
 [0 0 1 1 0 1 1 0 0 0]
 [0 0 1 0 0 0 0 0 1 0]
 [1 0 1 1 1 1 1 1 1 0]
 [0 0 1 1 1 0 1 0 0 0]
 [0 1 0 1 0 0 0 0 1 1]
 [1 1 0 1 0 0 0 0 1 0]
 [0 1 0 0 0 0 0 0 1 0]
 [1 0 1 1 1 0 0 0 1 1]
 [1 0 0 0 0 0 1 1 1 1]
 [0 1 1 0 1 1 0 0 1 1]
 [0 1 1 1 0 0 1 0 0 1]
 [0 0 0 1 1 0 1 1 1 1]
 [1 0 0 1 1 0 1 0 0 1]
 [1 0 0 1 1 1 0 1 1 1]
 [0 1 1 0 1 0 1 1 1 0]
 [1 1 1 0 1 0 1 0 0 0]
 [0 0 1 0 0 0 0 1 1 1]
 [1 1 0 1 0 1 0 0 0 0]
 [1 0 1 0 1 0 1 0 1 1]
 [0 0 1 1 1 1 0 1 0 0]
 [0 1 0 0 0 1 0 0 1 1]
 [1 1 0 1 1 1 0 0 1 1]
 [0 0 0 0 1 0 0 0 0 1]
 [1 1 0 1 0 0 0 0 0 1]
 [0 1 0 1 0 0 0 1 0 0]
 [0 1 0 1 1 0 0 0 1 1]
 [0 1 0 1 0 0 1 0 1 0]
 [1 1 1 0 1 1 1 1 0 0]
 [1 0 1 0 1 1 0 1 1 1]
 [0 0 0 1 1 1 1 0 0 0]
 [0 1 1 1 0 0 0 1 1 0]
 [0 0 0 1 1 1 0 1 0 0]
 [1 1 0 1 0 1 0 1 0 1]
 [0 0 1 0 1 0 1 0 0 1]]
{'restarts': 8, 'conflicts': 1162, 'decisions': 3198, 'propagations': 1845867}
Q is identifiable
branch at 6
runtime for solving id of Q is 0.6666184398345649
Simulation results:
{'J': 75, 'K': 10, 'N': 10, 'p': 0.5, 'seed': 45, 'sim': 6, 'runtime': 0.6666184398345649, 'identifiable': 1, 'branch': 6}
7
Q: [[0 0 1 0 0 1 0 1 0 1]
 [1 0 0 0 1 1 1 1 1 1]
 [1 1 1 1 1 0 0 0 0 0]
 [0 1 0 0 0 0 1 0 0 1]
 [1 0 0 1 0 0 0 1 1 0]
 [0 1 1 1 1 1 1 1 1 1]
 [0 1 0 0 0 1 1 1 0 0]
 [1 0 1 0 1 1 1 0 0 1]
 [0 0 0 1 1 0 0 0 1 0]
 [0 0 0 1 0 0 1 1 0 0]
 [0 1 1 1 1 1 0 0 1 0]
 [0 0 0 0 0 1 1 0 0 1]
 [1 0 1 1 1 0 1 0 1 0]
 [1 1 1 0 0 1 1 0 0 0]
 [1 1 1 1 0 0 1 0 0 1]
 [1 0 0 0 0 1 0 1 0 1]
 [0 1 0 0 1 1 0 1 0 0]
 [0 1 1 0 0 0 0 1 1 1]
 [0 0 0 1 0 0 0 0 1 0]
 [1 1 0 0 1 1 1 0 0 0]
 [0 1 1 1 1 0 0 0 1 1]
 [0 0 1 1 0 1 1 0 1 0]
 [1 0 1 0 1 1 0 0 0 1]
 [0 1 1 0 1 1 0 0 0 0]
 [0 1 0 1 0 0 0 1 0 1]
 [0 1 1 1 0 1 1 1 1 1]
 [0 1 1 0 1 1 1 1 1 1]
 [1 1 0 1 1 0 1 1 1 0]
 [0 0 1 1 1 0 1 0 1 0]
 [0 0 0 0 1 0 0 0 1 1]
 [0 1 0 1 1 1 1 0 1 1]
 [0 1 1 1 0 0 0 1 1 1]
 [1 0 1 0 0 0 0 1 1 0]
 [0 0 0 0 1 0 0 0 1 1]
 [0 0 0 0 0 1 1 1 1 0]
 [0 0 0 0 1 1 1 1 1 1]
 [1 1 1 1 1 0 1 1 1 0]
 [1 0 1 0 1 0 0 1 0 0]
 [0 0 0 1 0 0 1 1 1 1]
 [0 1 1 1 1 1 1 0 1 0]
 [1 1 1 0 1 1 1 1 0 0]
 [1 0 1 0 1 0 0 0 1 0]
 [1 1 1 1 0 1 1 1 1 0]
 [1 1 1 0 1 0 1 1 1 0]
 [1 0 1 1 0 1 1 0 1 1]
 [0 0 1 0 0 1 1 0 1 1]
 [0 1 0 1 0 1 0 0 0 0]
 [0 1 0 0 1 1 0 1 0 1]
 [1 0 0 0 0 1 0 0 1 1]
 [1 1 1 0 0 0 1 1 1 0]
 [1 1 0 1 0 1 0 0 0 1]
 [1 1 0 1 0 1 1 1 1 0]
 [1 1 1 0 0 1 1 1 0 0]
 [1 1 1 1 0 0 1 0 0 0]
 [1 1 0 1 1 1 1 0 0 1]
 [1 1 1 1 1 0 0 1 1 1]
 [0 1 1 1 0 0 1 1 1 1]
 [1 0 1 0 0 1 0 1 0 0]
 [0 1 1 1 1 0 1 1 1 0]
 [0 1 0 1 1 0 1 1 0 0]
 [0 1 0 1 0 1 0 1 1 0]
 [0 1 1 0 0 1 0 1 0 1]
 [0 0 0 1 1 1 1 0 1 1]
 [1 0 1 0 1 0 0 1 1 1]
 [0 1 0 1 1 1 1 0 0 1]
 [0 1 0 1 0 0 1 0 1 1]
 [0 1 1 1 1 0 1 0 0 1]
 [1 0 0 0 1 1 1 0 0 0]
 [1 1 0 0 1 0 0 0 0 1]
 [0 1 1 0 1 1 1 0 1 0]
 [1 0 0 0 0 0 1 1 0 0]
 [1 1 0 0 1 1 1 0 0 0]
 [0 1 0 1 0 0 0 1 0 1]
 [1 1 1 1 0 1 1 1 1 1]
 [1 1 1 0 0 1 1 0 0 1]]
{'restarts': 1, 'conflicts': 699, 'decisions': 1802, 'propagations': 945859}
Q is identifiable
branch at 6
runtime for solving id of Q is 0.4819454671815038
Simulation results:
{'J': 75, 'K': 10, 'N': 10, 'p': 0.5, 'seed': 45, 'sim': 7, 'runtime': 0.4819454671815038, 'identifiable': 1, 'branch': 6}
8
Q: [[0 1 1 0 0 1 1 0 0 1]
 [1 1 0 0 0 1 1 1 0 0]
 [1 0 0 1 1 0 0 1 1 0]
 [0 1 1 0 1 0 0 1 1 1]
 [0 0 1 1 0 1 0 1 0 1]
 [0 0 0 0 1 1 0 1 1 1]
 [1 0 1 1 0 1 0 0 1 1]
 [0 1 0 0 1 0 0 0 1 1]
 [0 1 1 0 1 1 1 1 1 1]
 [1 0 0 0 0 1 0 1 0 1]
 [1 0 1 0 1 0 1 0 1 1]
 [0 1 0 0 0 1 0 0 1 0]
 [1 0 1 1 1 0 0 1 0 0]
 [0 0 0 0 1 1 1 0 1 1]
 [0 0 1 1 0 1 1 0 1 0]
 [1 1 0 1 1 0 0 0 0 0]
 [0 1 0 1 0 0 0 1 0 0]
 [1 1 1 1 1 1 1 1 1 0]
 [0 0 1 0 0 1 1 0 0 0]
 [0 1 1 0 0 0 0 0 1 0]
 [1 1 1 0 1 1 0 1 0 0]
 [0 1 0 0 1 0 0 1 0 1]
 [0 1 0 0 1 0 1 1 0 1]
 [1 0 1 0 0 1 0 1 0 1]
 [1 0 0 0 1 0 1 0 1 0]
 [0 0 1 1 1 1 0 1 1 0]
 [0 0 0 0 0 1 0 1 0 1]
 [0 0 0 1 1 1 0 0 0 0]
 [1 0 1 1 1 1 1 0 0 1]
 [1 0 1 1 1 0 0 1 0 0]
 [0 0 1 1 1 1 0 1 1 0]
 [1 0 1 1 1 0 1 1 1 1]
 [1 1 1 1 1 1 1 0 0 1]
 [1 1 0 0 1 0 1 0 0 0]
 [1 1 0 0 0 0 0 1 1 0]
 [1 0 1 1 1 1 0 1 1 0]
 [0 1 0 0 0 0 0 0 0 0]
 [0 1 1 1 1 1 0 1 1 0]
 [0 0 0 0 1 1 1 1 0 0]
 [1 0 0 0 1 1 1 0 0 1]
 [1 1 0 1 0 1 1 1 0 1]
 [0 1 0 0 1 1 0 1 0 0]
 [1 0 0 0 0 0 0 1 0 0]
 [0 1 1 0 0 1 1 0 0 1]
 [0 0 0 1 0 0 1 0 1 0]
 [0 0 1 0 1 1 0 0 1 1]
 [0 1 1 1 1 0 0 0 1 1]
 [0 1 1 1 0 0 1 0 1 1]
 [0 0 0 0 0 0 0 1 0 0]
 [0 1 1 1 1 0 0 1 1 0]
 [1 0 0 0 0 0 0 0 1 1]
 [0 1 1 1 0 1 0 1 0 1]
 [0 0 1 0 0 0 1 0 1 0]
 [0 0 0 0 1 1 1 0 1 1]
 [0 0 1 1 1 0 0 1 0 0]
 [0 0 0 1 1 0 0 0 0 1]
 [0 0 1 1 1 0 1 0 0 0]
 [0 1 1 1 1 0 0 0 1 0]
 [1 1 0 1 0 1 0 1 0 1]
 [1 1 0 1 1 0 1 0 0 0]
 [0 0 1 0 1 0 1 0 1 1]
 [1 0 0 1 0 0 1 0 0 1]
 [1 1 0 1 1 0 1 1 1 0]
 [0 1 1 1 1 0 0 1 0 0]
 [0 1 0 0 1 0 1 1 0 0]
 [1 1 0 1 0 1 1 0 1 0]
 [0 0 1 0 1 0 0 1 1 0]
 [0 0 0 1 1 1 0 1 1 0]
 [0 1 0 1 1 1 0 0 1 1]
 [0 0 0 0 1 1 0 1 1 0]
 [1 1 1 1 0 1 1 0 0 1]
 [0 0 1 0 0 1 0 1 0 0]
 [1 1 1 0 0 1 1 0 0 1]
 [0 1 0 1 0 0 0 1 0 0]
 [1 0 1 0 1 0 0 1 1 0]]
{'restarts': 3, 'conflicts': 409, 'decisions': 1135, 'propagations': 533719}
Q is identifiable
branch at 6
runtime for solving id of Q is 0.4708833280019462
Simulation results:
{'J': 75, 'K': 10, 'N': 10, 'p': 0.5, 'seed': 45, 'sim': 8, 'runtime': 0.4708833280019462, 'identifiable': 1, 'branch': 6}
9
Q: [[0 1 1 1 0 0 0 1 0 1]
 [0 1 0 0 1 1 0 1 0 1]
 [0 0 1 0 0 0 1 0 1 1]
 [1 1 1 0 1 0 0 0 0 0]
 [0 0 1 0 1 1 0 0 1 1]
 [1 0 1 0 0 1 0 1 0 1]
 [0 0 1 1 1 1 1 1 1 0]
 [1 0 0 0 1 1 0 1 1 0]
 [1 1 1 1 1 1 1 1 0 0]
 [1 0 1 1 1 0 1 0 0 1]
 [0 0 0 1 1 1 0 1 1 1]
 [0 1 1 0 1 0 1 0 1 0]
 [1 1 0 0 0 1 0 1 1 0]
 [0 0 0 1 1 1 0 0 1 0]
 [0 0 0 1 1 1 0 1 0 1]
 [1 0 0 1 0 1 1 0 0 0]
 [0 1 1 1 0 0 1 1 0 0]
 [0 0 0 0 0 0 0 1 0 0]
 [0 0 1 0 0 1 0 1 0 1]
 [1 0 0 1 0 0 1 1 1 1]
 [1 0 0 0 0 0 1 1 0 1]
 [1 1 0 1 1 1 1 1 0 0]
 [0 1 1 1 0 0 1 0 0 1]
 [1 0 0 1 1 0 0 1 0 1]
 [0 0 1 1 0 1 1 1 1 1]
 [1 1 1 1 1 1 0 0 0 0]
 [0 0 0 1 1 0 1 0 0 0]
 [0 0 1 1 1 0 0 1 0 0]
 [1 0 1 1 0 0 1 1 1 1]
 [1 1 0 1 0 0 1 1 0 0]
 [1 1 1 1 0 0 1 1 0 1]
 [0 0 0 1 0 0 0 1 1 1]
 [0 1 1 0 0 1 0 1 0 0]
 [1 1 0 0 0 1 1 1 0 0]
 [1 1 0 0 1 0 1 1 0 1]
 [0 1 1 0 0 1 1 1 1 1]
 [1 0 0 1 1 0 0 0 1 0]
 [1 0 0 1 0 1 0 0 1 0]
 [0 0 0 0 1 1 1 1 0 0]
 [0 0 1 0 1 1 1 0 0 0]
 [1 1 1 0 1 0 0 0 1 1]
 [1 1 0 1 0 0 1 1 0 0]
 [0 1 0 1 0 1 0 0 1 1]
 [0 1 1 0 0 0 0 0 0 1]
 [0 1 1 0 0 0 1 1 1 0]
 [0 1 1 1 1 0 0 0 0 1]
 [1 0 1 0 0 1 0 1 0 0]
 [0 0 0 1 0 0 1 0 0 0]
 [1 0 0 0 0 0 1 0 1 1]
 [0 1 0 0 0 0 0 1 0 0]
 [0 1 0 1 1 0 0 0 0 0]
 [1 0 0 1 0 0 1 0 1 1]
 [1 1 1 1 1 0 1 1 0 0]
 [0 1 1 1 0 0 1 0 0 0]
 [1 1 1 1 1 0 1 0 0 1]
 [0 0 1 1 0 1 1 1 0 0]
 [1 0 0 1 1 0 0 1 0 0]
 [1 1 1 0 1 1 0 0 0 1]
 [1 1 0 1 1 1 0 0 1 1]
 [1 0 0 0 1 1 0 1 1 1]
 [1 1 0 0 0 0 1 1 0 1]
 [0 0 1 0 0 1 1 0 0 0]
 [1 0 0 0 1 0 1 0 0 1]
 [0 1 0 0 1 1 0 1 0 1]
 [1 0 1 1 1 1 1 1 1 0]
 [1 1 1 0 1 1 0 1 0 1]
 [0 1 0 0 1 0 0 1 0 1]
 [0 0 0 0 0 1 0 1 0 0]
 [1 0 0 1 0 1 0 0 1 1]
 [0 0 1 1 1 0 1 1 1 1]
 [1 0 0 0 0 1 0 1 0 1]
 [0 0 1 1 1 0 1 1 1 0]
 [1 0 0 1 1 0 0 0 0 1]
 [0 0 0 0 1 0 0 0 0 0]
 [1 0 0 0 1 0 1 1 0 1]]
{'restarts': 1, 'conflicts': 257, 'decisions': 544, 'propagations': 287885}
Q is identifiable
branch at 6
runtime for solving id of Q is 0.5120308208279312
Simulation results:
{'J': 75, 'K': 10, 'N': 10, 'p': 0.5, 'seed': 45, 'sim': 9, 'runtime': 0.5120308208279312, 'identifiable': 1, 'branch': 6}
Simulation results:
[{'J': 75, 'K': 10, 'N': 10, 'p': 0.5, 'seed': 45, 'sim': 0, 'runtime': 0.5964717916212976, 'identifiable': 1, 'branch': 6}, {'J': 75, 'K': 10, 'N': 10, 'p': 0.5, 'seed': 45, 'sim': 1, 'runtime': 0.5561646828427911, 'identifiable': 1, 'branch': 6}, {'J': 75, 'K': 10, 'N': 10, 'p': 0.5, 'seed': 45, 'sim': 2, 'runtime': 0.47926576621830463, 'identifiable': 1, 'branch': 6}, {'J': 75, 'K': 10, 'N': 10, 'p': 0.5, 'seed': 45, 'sim': 3, 'runtime': 0.5265399659983814, 'identifiable': 1, 'branch': 6}, {'J': 75, 'K': 10, 'N': 10, 'p': 0.5, 'seed': 45, 'sim': 4, 'runtime': 0.6447172649204731, 'identifiable': 1, 'branch': 6}, {'J': 75, 'K': 10, 'N': 10, 'p': 0.5, 'seed': 45, 'sim': 5, 'runtime': 0.45079873967915773, 'identifiable': 1, 'branch': 6}, {'J': 75, 'K': 10, 'N': 10, 'p': 0.5, 'seed': 45, 'sim': 6, 'runtime': 0.6666184398345649, 'identifiable': 1, 'branch': 6}, {'J': 75, 'K': 10, 'N': 10, 'p': 0.5, 'seed': 45, 'sim': 7, 'runtime': 0.4819454671815038, 'identifiable': 1, 'branch': 6}, {'J': 75, 'K': 10, 'N': 10, 'p': 0.5, 'seed': 45, 'sim': 8, 'runtime': 0.4708833280019462, 'identifiable': 1, 'branch': 6}, {'J': 75, 'K': 10, 'N': 10, 'p': 0.5, 'seed': 45, 'sim': 9, 'runtime': 0.5120308208279312, 'identifiable': 1, 'branch': 6}]
