
The Gurobi software has a limited number of licenses. To request a license or
licenses, add this line

    #SBATCH --licenses=gurobi@slurmdb:1

to your SBATCH script, replacing N with the number of licenses you need. Gurobi
will need one license per process.


0
Q: [[0 1 1 1 0 1 1 0 1 0]
 [1 0 0 1 1 1 1 1 1 1]
 [1 0 1 1 1 0 0 1 1 0]
 [1 0 1 1 1 1 0 1 1 1]
 [0 0 0 1 1 1 1 0 0 1]
 [1 0 1 0 1 1 1 0 1 0]
 [0 1 1 0 1 1 1 1 1 1]
 [1 1 1 0 0 1 0 0 1 1]
 [1 0 1 1 1 1 0 1 1 0]
 [1 1 1 1 0 1 0 1 1 1]
 [1 1 1 0 0 1 1 1 0 1]
 [1 1 1 1 1 1 0 1 1 0]
 [0 1 0 1 1 1 1 0 0 1]
 [1 0 1 1 1 1 1 0 1 0]
 [1 0 1 1 1 0 1 1 1 1]
 [1 1 1 0 1 1 1 1 0 1]
 [1 0 1 1 0 1 0 1 1 0]
 [1 1 0 1 1 1 0 1 1 0]
 [1 1 1 0 0 0 1 1 1 1]
 [1 0 1 1 1 0 0 1 0 1]
 [1 0 1 1 1 1 1 0 0 1]
 [1 0 1 0 1 1 1 0 1 1]
 [1 0 0 0 1 1 1 1 1 1]
 [1 1 1 1 1 1 1 0 0 1]
 [1 1 1 0 0 1 1 0 0 1]
 [0 1 0 0 1 1 1 1 1 1]
 [0 1 1 1 1 1 1 1 1 1]
 [1 1 0 1 1 1 0 1 1 0]
 [1 1 1 1 1 0 1 1 0 1]
 [0 1 1 1 0 1 0 1 0 1]
 [1 1 1 1 1 1 1 0 0 0]
 [0 0 1 0 1 0 1 0 1 1]
 [1 0 1 1 0 1 1 0 0 1]
 [1 1 1 1 1 1 1 1 0 0]
 [0 1 1 1 1 1 0 1 1 1]
 [1 1 0 1 0 1 1 0 1 1]
 [1 1 1 1 1 1 1 0 0 1]
 [1 0 1 1 1 1 0 1 1 0]
 [1 0 1 0 1 1 1 1 1 0]
 [1 0 1 1 1 1 1 1 1 1]
 [1 1 0 1 0 1 0 0 1 1]
 [1 1 1 1 0 1 0 0 0 0]
 [1 0 1 1 1 1 0 0 1 1]
 [1 1 1 1 0 1 0 0 0 0]
 [1 0 0 0 1 1 0 1 0 1]
 [1 1 1 1 1 1 1 1 0 0]
 [1 1 0 0 0 1 1 1 0 1]
 [0 1 1 0 0 0 1 1 1 0]
 [1 1 1 0 0 1 0 1 1 0]
 [1 1 0 0 1 1 1 1 0 1]
 [0 1 1 1 1 0 1 1 1 1]
 [1 1 1 1 1 1 1 1 1 1]
 [1 0 1 1 0 1 1 0 0 0]
 [0 1 1 1 1 0 1 1 1 0]
 [1 1 1 1 1 0 1 0 0 0]
 [1 1 1 1 0 1 0 1 1 0]
 [1 1 1 1 1 1 1 0 1 1]
 [0 1 0 1 1 0 0 1 1 0]
 [1 1 1 0 1 0 1 1 0 1]
 [0 0 0 1 1 1 1 1 1 1]
 [1 0 0 1 0 1 0 0 1 0]
 [1 1 1 0 1 1 1 1 0 1]
 [1 1 1 1 1 1 1 1 1 0]
 [1 1 1 0 0 0 1 1 1 1]
 [1 1 0 1 0 1 1 1 1 1]
 [0 1 1 1 1 1 0 0 0 1]
 [0 0 1 0 1 1 0 1 1 0]
 [1 1 0 0 1 0 1 0 0 1]
 [1 0 0 1 1 0 1 1 0 1]
 [1 1 1 0 1 1 1 1 1 0]
 [1 1 0 1 0 0 0 1 1 1]
 [1 1 1 1 0 0 0 1 1 1]
 [1 0 1 0 1 0 0 1 1 0]
 [0 1 0 1 1 1 0 0 1 0]
 [0 1 1 0 0 1 1 0 1 0]
 [0 1 1 1 0 1 1 1 1 1]
 [0 0 0 0 1 0 1 1 1 1]
 [1 1 1 1 1 1 1 0 0 1]
 [1 1 1 0 1 1 1 1 1 1]
 [1 1 1 1 1 0 0 1 1 1]
 [1 0 0 1 0 0 1 0 1 0]
 [1 0 1 0 0 1 1 1 0 0]
 [0 1 0 1 1 0 0 1 1 0]
 [1 0 1 0 1 0 1 1 1 1]
 [1 0 1 0 0 1 1 1 0 1]
 [1 1 1 1 1 1 1 0 1 0]
 [1 1 0 0 0 1 0 0 0 1]
 [1 1 1 1 0 1 0 1 0 1]
 [1 1 0 1 1 0 0 1 0 0]
 [1 1 1 1 1 0 1 1 0 1]
 [0 1 1 1 1 1 1 1 1 1]
 [0 0 1 1 1 0 1 0 0 1]
 [1 0 1 1 1 1 1 1 0 1]
 [1 1 1 1 1 1 1 1 1 1]
 [0 1 1 1 1 1 0 1 0 0]
 [1 1 1 0 1 1 1 1 1 1]
 [1 0 1 0 0 1 1 1 1 1]
 [1 1 1 1 1 1 1 0 0 1]
 [1 1 1 1 1 1 1 1 1 0]
 [0 0 0 0 1 1 1 1 0 1]]
{'restarts': 20, 'conflicts': 8525, 'decisions': 16300, 'propagations': 9116000}
Q is identifiable
branch at 6
runtime for solving id of Q is 1.3022126564756036
Simulation results:
{'J': 100, 'K': 10, 'N': 10, 'p': 0.7, 'seed': 203, 'sim': 0, 'runtime': 1.3022126564756036, 'identifiable': 1, 'branch': 6}
1
Q: [[0 0 1 1 1 1 1 1 0 1]
 [1 1 1 0 1 1 1 1 1 1]
 [1 1 1 1 1 1 1 0 0 1]
 [0 0 1 1 1 0 1 0 1 1]
 [1 1 0 0 0 1 1 1 0 1]
 [0 1 1 1 1 1 0 1 1 0]
 [1 1 1 0 1 1 1 1 1 1]
 [0 0 1 1 0 1 0 1 0 1]
 [0 1 1 1 1 1 0 0 1 0]
 [0 1 1 1 1 1 1 1 1 1]
 [0 0 0 1 1 1 1 1 1 0]
 [0 1 1 1 1 1 1 0 0 1]
 [0 1 1 0 1 0 1 1 1 0]
 [0 0 1 1 1 1 1 1 0 1]
 [1 1 1 1 1 0 1 1 1 0]
 [1 1 1 1 0 1 1 1 0 0]
 [1 1 1 0 0 1 0 0 1 1]
 [1 1 0 1 1 1 1 1 1 1]
 [0 1 0 1 0 1 0 0 0 1]
 [1 1 1 1 0 1 1 1 1 0]
 [1 1 1 0 1 0 0 0 0 1]
 [1 1 1 0 0 0 1 1 0 1]
 [1 0 1 0 1 1 1 1 1 1]
 [1 1 0 1 1 1 1 1 0 1]
 [0 1 1 1 1 1 1 1 0 1]
 [1 1 0 1 1 1 1 1 1 1]
 [0 0 1 0 0 1 0 1 1 0]
 [1 1 1 1 1 1 1 1 1 1]
 [1 1 1 1 1 0 1 1 0 1]
 [1 1 1 1 1 0 1 1 1 1]
 [0 1 1 0 0 1 0 0 1 1]
 [1 1 0 1 0 1 1 1 0 1]
 [1 1 0 1 1 0 1 1 1 1]
 [1 1 1 1 0 1 1 0 1 1]
 [1 1 1 0 1 1 1 1 1 1]
 [1 1 1 1 1 1 0 1 1 0]
 [1 1 1 1 1 0 1 0 1 0]
 [1 1 0 1 1 1 1 0 0 1]
 [1 1 1 1 0 0 1 1 1 0]
 [0 1 0 1 0 1 0 0 1 1]
 [1 1 0 1 1 1 1 1 1 0]
 [0 1 1 1 1 1 0 0 1 1]
 [0 1 1 1 0 1 0 1 0 0]
 [0 0 1 1 0 1 1 1 1 1]
 [1 1 0 1 1 1 1 0 0 1]
 [1 1 1 1 1 1 1 0 1 1]
 [1 0 1 0 1 1 1 0 0 0]
 [0 1 1 1 1 1 0 1 1 0]
 [1 0 0 1 1 1 1 1 1 1]
 [1 0 1 1 0 1 1 1 1 0]
 [1 1 1 0 1 1 0 1 0 0]
 [1 0 1 0 1 1 1 1 1 0]
 [1 1 1 1 0 1 1 0 1 1]
 [1 1 1 0 0 0 0 1 1 0]
 [0 0 1 1 0 0 1 1 1 1]
 [1 1 0 1 1 1 1 1 1 1]
 [1 1 1 1 1 0 1 0 1 1]
 [1 1 0 1 0 1 1 0 1 1]
 [1 0 1 0 1 1 1 1 1 1]
 [0 0 0 1 1 0 1 1 1 1]
 [1 1 1 0 0 1 1 1 0 1]
 [1 0 0 1 1 1 0 0 0 1]
 [0 0 1 1 1 1 1 1 1 1]
 [1 0 0 1 0 1 0 1 1 0]
 [1 0 1 1 1 1 1 1 0 1]
 [1 0 1 1 1 1 1 1 0 1]
 [0 1 1 1 1 0 1 1 1 1]
 [1 1 0 1 1 1 1 1 0 0]
 [1 1 1 1 0 0 1 1 1 1]
 [1 1 0 1 0 1 1 0 0 0]
 [1 1 1 0 1 1 1 1 1 0]
 [0 1 1 1 1 1 1 1 0 0]
 [0 0 1 1 1 1 1 0 0 1]
 [0 1 1 1 1 1 1 1 0 1]
 [1 1 1 1 1 1 0 0 1 0]
 [1 0 1 1 1 1 1 1 1 1]
 [1 1 1 1 1 1 0 1 1 1]
 [0 1 1 1 1 1 0 0 1 0]
 [1 0 0 1 1 1 1 1 1 1]
 [1 1 1 0 0 1 1 1 0 0]
 [1 1 1 1 0 0 1 0 1 1]
 [1 0 1 1 1 1 1 1 1 1]
 [0 0 1 1 1 1 1 1 1 1]
 [1 1 1 1 0 0 1 0 1 0]
 [1 0 0 0 1 1 1 1 1 1]
 [1 0 1 0 1 1 1 0 0 1]
 [1 0 0 1 1 0 1 1 0 1]
 [0 0 0 0 1 0 0 0 1 1]
 [0 0 1 1 1 0 1 1 1 1]
 [1 0 1 0 1 0 1 0 0 1]
 [0 1 1 1 1 0 1 0 1 0]
 [1 1 1 1 0 1 1 1 0 0]
 [0 1 0 1 0 1 0 1 1 1]
 [1 1 1 1 1 1 1 1 0 1]
 [0 0 1 0 1 1 1 1 1 0]
 [0 1 1 1 1 0 1 0 1 1]
 [1 1 0 0 0 1 1 1 0 1]
 [0 0 1 1 1 1 1 1 1 1]
 [1 1 1 0 0 1 0 1 1 1]
 [1 1 0 0 1 0 1 1 0 1]]
{'restarts': 18, 'conflicts': 7507, 'decisions': 13327, 'propagations': 5674997}
Q is identifiable
branch at 6
runtime for solving id of Q is 0.9188581854104996
Simulation results:
{'J': 100, 'K': 10, 'N': 10, 'p': 0.7, 'seed': 203, 'sim': 1, 'runtime': 0.9188581854104996, 'identifiable': 1, 'branch': 6}
2
Q: [[1 1 1 1 0 1 1 0 1 1]
 [0 1 0 1 1 1 1 1 1 1]
 [0 1 1 1 1 0 1 1 1 1]
 [0 1 1 1 1 1 0 1 1 0]
 [1 1 0 0 1 0 1 1 1 1]
 [1 1 1 1 1 0 0 1 1 1]
 [1 1 0 0 1 0 1 1 1 1]
 [0 1 1 1 0 1 0 0 1 0]
 [0 1 0 1 0 0 0 0 1 1]
 [1 1 1 0 1 0 1 1 1 0]
 [1 1 0 0 1 0 0 0 1 0]
 [1 0 1 0 1 0 1 1 1 1]
 [1 0 1 1 1 1 1 1 1 0]
 [1 0 1 0 0 1 1 0 1 0]
 [1 1 0 1 1 0 1 1 1 1]
 [1 0 1 0 1 1 1 1 1 0]
 [1 1 1 0 1 1 1 1 0 1]
 [1 0 1 1 0 1 1 0 1 1]
 [1 1 0 0 0 1 1 0 1 1]
 [0 1 0 0 1 1 1 1 1 1]
 [1 1 1 1 0 0 1 0 1 1]
 [1 1 1 1 1 0 0 1 1 1]
 [1 1 1 1 1 1 1 1 0 1]
 [1 1 1 1 1 0 0 1 0 1]
 [1 1 1 0 0 1 0 1 1 1]
 [1 1 0 0 0 1 0 0 1 1]
 [1 0 1 1 1 0 1 1 1 1]
 [0 0 1 1 0 1 1 1 1 1]
 [0 1 1 1 1 1 1 1 0 1]
 [1 1 1 1 1 1 1 0 1 1]
 [1 1 0 1 0 1 0 1 0 0]
 [1 1 1 1 0 1 0 0 1 0]
 [1 1 1 1 1 0 0 1 0 0]
 [1 0 1 0 1 1 0 1 0 1]
 [0 0 1 1 0 1 1 1 1 1]
 [0 1 1 0 1 1 1 1 0 1]
 [0 1 1 1 1 1 1 1 1 0]
 [1 1 1 1 1 1 0 1 1 1]
 [1 1 1 0 1 1 0 1 1 1]
 [1 0 0 1 1 1 0 1 1 0]
 [0 1 0 1 0 1 0 0 1 1]
 [1 1 1 1 1 1 1 1 1 1]
 [1 1 0 1 1 0 1 1 1 1]
 [1 1 1 1 1 1 1 0 1 1]
 [0 1 0 0 0 1 1 1 1 0]
 [0 0 1 1 0 0 0 1 1 1]
 [1 1 0 1 0 1 1 0 1 1]
 [1 1 1 1 1 1 1 0 1 1]
 [0 1 1 1 0 1 1 1 1 1]
 [1 1 0 1 1 0 1 0 0 0]
 [1 1 1 1 1 0 0 1 1 1]
 [1 0 0 0 0 0 1 1 0 1]
 [0 0 1 0 1 1 1 1 1 0]
 [1 1 1 1 1 0 1 1 0 1]
 [1 0 1 1 1 1 0 1 1 1]
 [1 0 1 0 1 0 0 0 0 1]
 [1 1 0 1 1 1 1 0 1 0]
 [1 0 1 0 0 1 0 0 1 1]
 [1 1 1 1 1 1 0 1 1 1]
 [0 1 0 0 1 1 1 1 0 1]
 [1 1 1 1 1 1 0 1 0 0]
 [0 1 0 1 1 1 1 1 0 1]
 [1 1 0 1 0 1 1 1 1 1]
 [0 1 1 1 1 0 0 1 1 0]
 [1 0 1 1 0 0 1 1 1 1]
 [1 1 1 0 0 1 0 1 1 1]
 [0 1 1 1 1 1 1 1 0 0]
 [1 0 0 0 1 0 1 1 0 1]
 [1 1 0 0 1 1 0 0 0 1]
 [0 1 1 1 0 0 0 0 0 1]
 [1 0 1 1 0 0 0 1 1 1]
 [1 0 1 1 1 0 1 1 1 0]
 [1 1 1 1 1 1 1 0 1 1]
 [1 0 1 0 0 1 0 0 1 1]
 [1 1 1 1 1 1 0 0 1 0]
 [1 1 0 1 1 1 0 0 1 0]
 [1 0 1 1 1 0 1 0 0 1]
 [0 0 0 0 1 1 1 1 1 1]
 [0 0 1 1 1 0 0 1 1 1]
 [0 1 1 0 1 1 1 1 1 1]
 [1 1 0 0 1 1 1 1 1 1]
 [1 1 1 0 0 1 1 1 1 1]
 [1 1 0 1 0 1 1 0 1 0]
 [0 0 1 1 1 1 1 1 0 1]
 [1 1 0 0 1 1 1 1 1 1]
 [1 1 0 1 1 1 1 1 1 1]
 [1 0 1 1 0 1 1 1 1 1]
 [1 1 1 1 1 1 1 1 1 1]
 [1 1 1 1 1 0 1 1 0 1]
 [1 1 1 1 0 1 1 1 1 1]
 [1 0 1 1 1 1 1 1 1 1]
 [1 0 0 1 1 1 1 0 1 1]
 [1 1 1 1 1 1 1 1 1 1]
 [0 0 1 1 1 0 0 1 0 0]
 [1 1 1 1 0 1 1 0 0 0]
 [0 0 1 0 0 1 0 1 1 1]
 [1 0 0 1 0 0 1 1 0 0]
 [1 0 1 1 1 1 1 0 1 0]
 [1 0 0 0 1 1 1 0 1 1]
 [0 1 1 1 1 1 1 0 1 1]]
{'restarts': 55, 'conflicts': 21815, 'decisions': 34303, 'propagations': 24652065}
Q is identifiable
branch at 6
runtime for solving id of Q is 3.371492089703679
Simulation results:
{'J': 100, 'K': 10, 'N': 10, 'p': 0.7, 'seed': 203, 'sim': 2, 'runtime': 3.371492089703679, 'identifiable': 1, 'branch': 6}
3
Q: [[0 1 0 1 1 1 1 1 1 1]
 [1 1 1 1 0 1 1 1 1 1]
 [0 0 0 1 1 0 0 1 1 0]
 [1 1 0 0 0 1 1 0 1 1]
 [0 1 1 1 0 1 1 1 0 0]
 [1 1 0 0 0 1 1 1 1 1]
 [1 1 1 1 1 1 1 1 1 1]
 [1 1 1 0 0 1 0 1 1 0]
 [0 1 1 1 1 1 0 0 1 1]
 [1 1 0 1 1 1 0 0 1 1]
 [1 0 1 1 0 1 1 1 1 1]
 [1 0 1 0 1 1 1 1 1 0]
 [1 1 1 1 0 1 1 1 1 1]
 [1 0 1 1 0 0 0 1 1 0]
 [1 1 1 1 0 1 0 1 1 1]
 [1 0 1 1 0 1 1 1 0 1]
 [1 0 0 0 1 1 1 0 0 1]
 [1 0 0 0 1 0 1 1 0 0]
 [0 1 1 0 0 1 1 1 0 1]
 [1 0 0 1 0 1 0 0 1 0]
 [0 1 0 0 1 1 0 1 1 1]
 [1 0 0 1 1 1 1 1 1 0]
 [1 1 1 0 1 0 0 1 1 0]
 [0 1 1 0 1 0 1 1 1 1]
 [0 1 1 1 0 0 0 1 1 1]
 [1 1 0 1 1 0 1 0 1 1]
 [1 1 1 1 0 1 1 1 0 1]
 [1 0 1 1 1 1 0 1 0 1]
 [1 1 0 1 1 1 0 1 1 1]
 [1 1 1 1 1 0 0 1 0 0]
 [1 0 1 1 1 0 1 1 1 1]
 [1 0 1 1 1 1 1 1 1 1]
 [0 1 1 1 1 1 1 0 1 0]
 [0 1 0 0 0 1 1 1 1 0]
 [1 1 1 1 1 1 1 0 1 1]
 [1 1 1 0 1 1 1 0 1 0]
 [1 0 0 1 0 1 1 1 1 1]
 [1 0 0 1 1 1 0 1 1 1]
 [1 1 0 0 1 1 0 0 1 1]
 [1 1 1 0 1 1 1 1 1 0]
 [1 0 0 1 0 1 0 0 1 1]
 [0 0 1 1 0 1 1 0 0 1]
 [1 1 0 0 0 1 1 1 1 1]
 [0 0 1 1 1 1 1 1 0 1]
 [1 0 0 1 1 1 1 1 1 1]
 [1 1 1 1 1 0 1 1 0 1]
 [1 0 0 1 0 1 1 1 1 1]
 [1 1 0 0 0 0 0 1 0 1]
 [0 1 1 1 1 1 1 1 1 1]
 [1 1 1 1 0 1 0 1 1 1]
 [1 1 1 0 1 1 0 1 0 1]
 [0 1 1 1 1 1 1 1 1 1]
 [1 1 1 0 0 0 0 1 1 1]
 [1 1 1 0 1 0 1 1 1 0]
 [1 1 1 0 1 1 1 0 1 0]
 [1 1 0 0 1 1 1 1 1 1]
 [1 0 0 1 0 1 1 0 1 1]
 [0 0 1 1 0 1 0 1 1 0]
 [0 1 1 1 1 0 1 1 1 1]
 [1 1 0 1 0 1 0 1 0 0]
 [1 1 0 0 1 1 0 1 1 0]
 [1 1 0 0 1 0 1 1 1 1]
 [0 1 1 1 1 1 0 1 0 0]
 [0 0 0 1 1 0 0 1 0 0]
 [1 0 1 1 1 0 0 1 1 0]
 [1 1 0 1 1 1 0 1 1 1]
 [1 1 0 0 1 0 0 0 1 0]
 [1 1 0 1 1 1 1 1 1 1]
 [0 0 0 1 1 1 1 1 1 1]
 [1 1 1 1 0 0 0 0 1 1]
 [0 1 1 1 1 1 0 0 0 1]
 [1 1 0 1 1 1 1 1 1 1]
 [1 1 1 0 1 1 1 1 1 1]
 [0 0 0 1 1 1 1 1 1 1]
 [1 0 0 1 1 1 0 0 1 1]
 [1 0 0 1 0 1 1 0 1 1]
 [1 0 1 0 0 1 1 1 1 1]
 [1 1 1 1 1 1 1 0 1 1]
 [1 1 1 1 1 1 1 1 0 1]
 [0 1 0 1 0 1 1 1 0 1]
 [0 1 1 0 0 1 0 1 0 0]
 [1 1 1 0 1 1 1 1 1 1]
 [0 1 1 0 0 0 1 1 1 1]
 [1 0 1 0 1 1 0 1 0 0]
 [1 1 1 1 0 1 1 1 1 1]
 [0 1 0 1 0 1 0 0 1 1]
 [1 1 1 1 0 0 0 1 1 1]
 [1 0 0 0 0 0 1 1 1 1]
 [1 0 1 1 0 1 0 0 0 1]
 [1 1 1 0 1 1 1 1 1 1]
 [0 0 1 1 0 1 0 1 1 1]
 [0 1 1 1 1 1 1 0 0 1]
 [1 1 0 1 1 1 0 1 0 1]
 [1 1 1 1 0 1 1 1 1 0]
 [0 1 1 1 1 1 0 1 0 0]
 [1 1 1 1 1 1 0 0 1 0]
 [0 1 1 1 1 0 0 1 1 0]
 [1 0 1 1 1 1 0 0 0 1]
 [1 1 0 1 0 0 1 1 1 1]
 [1 1 0 0 0 1 0 0 1 0]]
{'restarts': 4, 'conflicts': 2441, 'decisions': 5265, 'propagations': 2367900}
Q is identifiable
branch at 6
runtime for solving id of Q is 0.5067943651229143
Simulation results:
{'J': 100, 'K': 10, 'N': 10, 'p': 0.7, 'seed': 203, 'sim': 3, 'runtime': 0.5067943651229143, 'identifiable': 1, 'branch': 6}
4
Q: [[1 1 1 1 1 1 1 1 0 1]
 [1 1 1 1 1 1 1 1 0 0]
 [1 1 1 0 1 0 1 0 1 1]
 [1 1 0 1 1 1 1 0 1 1]
 [0 0 1 0 0 1 0 1 1 1]
 [1 1 1 0 0 1 0 0 1 0]
 [1 1 0 1 0 1 0 1 1 1]
 [1 1 1 1 0 1 0 0 0 1]
 [1 0 0 1 1 1 1 0 1 1]
 [1 1 1 0 1 1 1 0 1 1]
 [1 0 0 1 0 0 1 0 0 1]
 [1 1 1 1 0 1 1 0 0 0]
 [1 0 0 1 1 1 0 0 1 0]
 [0 1 0 1 1 0 0 0 0 1]
 [1 1 1 1 0 1 1 0 1 1]
 [1 1 1 1 0 0 1 1 1 0]
 [1 1 0 1 1 1 1 0 1 1]
 [1 1 0 1 0 1 0 0 1 0]
 [1 1 1 1 1 0 1 1 1 1]
 [0 1 1 1 1 1 0 0 1 0]
 [1 1 1 1 1 1 0 1 0 1]
 [0 1 1 1 0 1 1 1 0 0]
 [1 0 1 1 1 0 0 0 1 1]
 [0 1 0 1 0 1 1 1 1 1]
 [1 1 0 1 1 1 1 0 1 1]
 [1 1 1 1 1 1 1 1 0 1]
 [1 0 1 1 1 1 1 1 1 1]
 [1 1 1 1 0 1 1 0 1 0]
 [1 0 1 1 1 1 1 1 1 0]
 [1 1 1 1 0 1 0 1 1 1]
 [0 1 0 1 1 0 1 1 0 1]
 [0 1 1 1 0 1 0 1 1 1]
 [1 1 1 1 0 0 0 1 1 1]
 [1 1 1 0 1 0 0 1 1 1]
 [1 0 0 0 0 1 1 0 1 0]
 [1 1 0 1 1 1 1 0 1 1]
 [1 1 0 1 0 1 1 0 1 1]
 [1 0 1 0 1 1 1 1 1 1]
 [0 1 1 1 1 1 0 1 1 1]
 [0 1 1 1 1 1 1 1 1 0]
 [1 0 0 1 0 1 1 1 0 1]
 [1 1 1 1 1 1 1 1 1 0]
 [1 1 1 1 1 1 1 1 1 1]
 [1 1 1 0 1 0 1 1 0 1]
 [0 1 1 1 0 0 1 0 0 0]
 [1 0 1 1 1 1 0 1 1 1]
 [1 1 1 1 1 0 1 0 0 1]
 [1 1 1 1 0 0 1 1 1 1]
 [1 1 1 1 0 1 0 0 1 1]
 [0 1 1 1 1 1 0 1 1 1]
 [1 1 1 1 1 1 1 1 1 0]
 [1 0 1 0 1 0 1 1 1 1]
 [0 1 0 0 0 0 1 1 1 1]
 [1 1 1 1 1 0 1 0 1 1]
 [1 1 1 0 1 1 1 1 1 0]
 [1 1 0 0 1 1 1 1 1 0]
 [1 1 1 1 0 1 1 0 1 1]
 [1 1 1 0 1 1 1 0 1 1]
 [1 1 1 1 0 1 1 1 1 1]
 [1 1 1 0 0 0 1 1 1 1]
 [1 1 1 1 0 1 0 1 1 0]
 [1 1 1 1 1 1 0 0 0 1]
 [0 0 1 1 0 1 0 1 0 1]
 [1 1 0 0 1 1 0 0 0 1]
 [1 1 1 1 1 1 1 0 0 1]
 [1 1 1 1 1 1 1 1 1 1]
 [1 1 0 1 1 1 0 0 1 1]
 [0 1 1 0 1 1 1 1 1 1]
 [0 0 1 0 1 1 0 0 1 1]
 [1 1 1 1 1 0 1 0 1 1]
 [0 1 0 0 0 1 1 1 0 1]
 [0 0 0 0 1 1 0 0 1 0]
 [1 0 0 0 1 1 1 1 0 1]
 [1 0 0 1 1 1 1 1 1 1]
 [1 0 0 0 0 0 1 0 0 0]
 [1 1 1 0 1 1 1 0 0 1]
 [1 0 0 1 0 1 1 0 1 0]
 [0 1 0 1 1 1 1 1 1 1]
 [0 1 0 1 0 1 1 1 1 0]
 [0 1 1 0 0 0 1 0 1 0]
 [1 0 0 1 0 1 1 1 1 1]
 [1 1 1 1 1 1 0 1 1 1]
 [1 1 0 1 0 1 0 1 0 0]
 [1 0 0 1 1 0 0 1 1 1]
 [0 1 1 1 1 0 1 1 1 1]
 [1 0 1 0 1 0 1 0 1 1]
 [1 1 1 0 0 1 1 1 0 1]
 [1 1 0 0 1 1 1 1 0 1]
 [1 1 0 0 1 1 1 0 1 1]
 [1 1 0 0 0 0 0 1 1 0]
 [1 1 1 0 1 1 0 1 1 0]
 [1 1 1 1 1 1 0 0 1 0]
 [0 1 0 0 1 1 1 1 1 0]
 [0 1 1 1 0 1 1 1 1 0]
 [0 1 1 1 0 1 1 0 1 1]
 [1 1 0 0 1 1 0 1 0 0]
 [1 0 0 1 0 1 1 1 0 0]
 [0 1 1 0 0 1 0 1 1 0]
 [1 1 0 0 0 0 1 1 0 1]
 [1 1 1 0 1 0 0 1 1 0]]
{'restarts': 10, 'conflicts': 2618, 'decisions': 5158, 'propagations': 2348072}
Q is identifiable
branch at 6
runtime for solving id of Q is 0.536380453966558
Simulation results:
{'J': 100, 'K': 10, 'N': 10, 'p': 0.7, 'seed': 203, 'sim': 4, 'runtime': 0.536380453966558, 'identifiable': 1, 'branch': 6}
5
Q: [[1 1 1 1 1 1 1 1 1 1]
 [0 0 1 0 0 1 0 1 0 1]
 [0 1 0 1 1 1 0 1 1 1]
 [1 1 0 0 1 0 0 1 1 1]
 [0 1 1 0 1 1 1 1 0 1]
 [1 1 1 1 1 1 1 1 1 1]
 [0 0 1 0 0 0 1 1 1 1]
 [1 1 1 1 0 1 1 1 0 1]
 [1 1 0 1 1 1 1 1 1 1]
 [0 1 0 1 1 1 1 1 0 1]
 [0 1 1 1 1 1 1 0 1 1]
 [0 1 1 1 1 1 1 0 1 1]
 [0 1 1 0 1 0 1 0 1 0]
 [1 1 1 0 0 0 1 0 1 1]
 [1 1 1 0 1 0 0 1 1 1]
 [1 1 1 1 1 1 1 1 0 1]
 [1 0 1 1 0 0 1 0 1 0]
 [1 1 0 1 0 1 0 1 1 1]
 [0 1 1 0 0 1 1 0 1 1]
 [1 1 0 1 0 1 1 1 1 1]
 [1 0 0 0 1 1 1 1 1 1]
 [0 0 0 0 1 0 0 1 1 1]
 [1 0 1 1 1 1 1 1 1 0]
 [0 1 1 1 1 0 1 0 0 0]
 [0 0 1 1 1 1 1 1 1 1]
 [1 0 0 1 1 0 0 1 1 1]
 [0 1 1 0 1 1 0 0 1 1]
 [1 0 0 0 1 0 1 0 1 0]
 [0 1 1 0 1 0 0 1 1 1]
 [0 0 0 0 1 1 1 1 1 1]
 [0 1 0 1 1 1 0 1 1 1]
 [0 1 0 1 1 0 0 0 1 0]
 [1 1 1 1 0 1 0 0 0 1]
 [0 1 0 1 1 1 1 1 1 1]
 [1 0 1 1 1 1 1 0 1 1]
 [0 1 1 1 1 1 0 0 0 1]
 [1 1 1 1 1 1 1 1 1 1]
 [0 1 1 0 1 1 1 0 1 1]
 [1 1 1 0 1 1 1 0 1 1]
 [0 1 1 1 1 0 1 0 1 1]
 [1 0 1 0 0 1 0 1 1 1]
 [0 1 1 0 1 0 0 1 0 1]
 [1 1 1 1 1 1 0 1 1 1]
 [1 0 0 1 0 1 1 0 1 1]
 [0 0 1 1 1 0 0 1 1 0]
 [0 0 1 1 1 1 0 1 1 1]
 [0 1 1 1 0 1 1 0 1 1]
 [1 1 0 1 1 1 1 1 1 1]
 [1 1 1 1 1 1 1 1 1 1]
 [0 1 1 1 1 1 1 0 1 1]
 [1 1 1 0 1 0 0 1 0 1]
 [0 1 1 1 0 1 1 1 1 0]
 [1 1 1 1 1 1 0 0 1 1]
 [0 1 1 1 1 1 0 1 1 0]
 [0 1 1 1 0 0 0 1 1 1]
 [1 1 1 0 1 0 0 1 0 1]
 [1 0 1 0 1 0 1 1 1 1]
 [1 1 0 0 1 1 1 1 1 1]
 [1 1 1 0 1 1 1 1 0 1]
 [0 0 1 0 1 0 0 1 1 1]
 [1 1 1 1 1 1 1 0 1 1]
 [1 1 1 1 1 1 1 1 1 0]
 [0 1 1 0 1 1 0 0 1 1]
 [0 1 1 0 1 1 0 1 1 1]
 [0 1 1 0 1 1 1 1 0 1]
 [1 1 1 0 1 1 0 0 1 1]
 [1 1 0 0 1 0 1 1 1 1]
 [1 1 1 1 1 1 1 1 1 1]
 [1 0 1 1 0 1 1 0 1 0]
 [1 1 0 1 1 1 1 1 1 1]
 [1 0 1 1 1 0 1 1 1 1]
 [0 1 1 1 1 0 1 1 0 1]
 [1 1 1 1 1 0 0 1 0 0]
 [0 0 0 0 1 1 1 1 1 1]
 [1 1 0 1 1 1 1 0 1 1]
 [1 1 1 1 0 1 1 1 1 0]
 [1 0 1 0 0 1 0 1 1 0]
 [1 1 1 1 1 0 0 1 1 1]
 [1 0 1 1 0 1 1 1 1 0]
 [1 1 0 1 1 1 0 0 0 1]
 [1 1 1 1 0 1 1 1 0 0]
 [1 1 0 1 1 1 1 1 1 0]
 [1 1 1 1 1 0 1 1 1 1]
 [0 1 0 1 0 1 1 1 1 1]
 [1 1 1 1 0 0 1 1 1 1]
 [1 0 1 1 1 1 1 0 1 1]
 [1 0 1 1 1 1 1 1 1 1]
 [0 1 0 1 1 0 1 0 1 0]
 [0 1 0 1 0 1 1 0 1 1]
 [0 1 1 1 1 1 1 1 1 1]
 [1 0 1 1 1 0 0 1 0 1]
 [1 1 0 1 1 1 1 1 1 1]
 [1 1 0 1 1 1 0 1 1 0]
 [1 0 1 1 1 1 1 0 1 0]
 [0 0 1 1 1 0 1 1 0 1]
 [1 1 1 1 1 1 0 0 1 0]
 [1 0 1 1 1 1 0 0 1 1]
 [0 1 0 1 1 1 1 1 1 0]
 [1 1 0 1 1 1 1 1 1 1]
 [0 1 1 1 1 0 1 1 1 1]]
{'restarts': 12, 'conflicts': 4706, 'decisions': 10015, 'propagations': 4036875}
Q is identifiable
branch at 6
runtime for solving id of Q is 0.6377590075135231
Simulation results:
{'J': 100, 'K': 10, 'N': 10, 'p': 0.7, 'seed': 203, 'sim': 5, 'runtime': 0.6377590075135231, 'identifiable': 1, 'branch': 6}
6
Q: [[1 1 1 1 1 0 1 0 1 1]
 [0 0 0 1 1 1 1 0 1 1]
 [1 0 0 1 1 1 1 1 0 1]
 [1 1 1 1 0 1 0 1 1 1]
 [1 1 1 0 1 0 0 1 0 1]
 [0 1 1 0 1 1 1 1 0 1]
 [0 0 0 1 0 1 0 1 1 0]
 [1 0 1 1 0 1 0 0 0 1]
 [0 0 1 1 1 0 1 1 1 0]
 [1 1 1 1 1 1 1 1 1 0]
 [0 0 1 1 0 1 1 1 0 1]
 [0 0 1 1 1 0 0 0 0 1]
 [1 1 1 1 1 1 1 1 0 1]
 [1 1 1 1 1 1 1 1 0 1]
 [0 1 1 0 1 0 1 1 1 1]
 [1 1 0 0 1 1 1 1 0 0]
 [1 1 1 1 1 0 1 0 0 1]
 [1 1 1 1 0 0 1 1 0 1]
 [0 0 0 0 0 0 1 1 1 1]
 [1 0 1 0 1 1 1 1 1 1]
 [0 0 1 0 1 1 0 1 1 0]
 [0 1 1 1 1 0 1 1 0 0]
 [0 1 1 1 1 1 1 1 1 1]
 [1 1 0 0 1 0 0 0 0 1]
 [1 1 1 1 1 0 1 1 0 0]
 [0 1 0 0 1 1 1 1 0 1]
 [0 1 1 0 0 0 1 1 1 0]
 [0 0 0 1 1 1 0 1 1 1]
 [1 0 0 1 1 1 0 0 1 1]
 [0 1 1 0 1 1 0 1 1 0]
 [0 1 1 0 1 1 1 1 0 1]
 [0 1 1 0 1 0 1 1 1 1]
 [1 1 0 0 1 1 1 1 1 0]
 [0 1 1 1 1 0 1 1 0 1]
 [0 0 1 0 1 1 0 1 1 0]
 [1 0 1 1 1 1 1 1 0 0]
 [1 0 0 1 1 1 0 1 1 1]
 [1 1 1 0 1 1 1 1 1 1]
 [1 0 0 1 0 1 1 1 0 1]
 [1 1 1 0 1 0 1 0 0 1]
 [1 1 1 1 1 0 1 1 1 1]
 [1 1 1 1 0 1 1 1 1 1]
 [1 0 1 1 0 1 1 1 1 1]
 [1 1 1 1 1 1 1 1 0 1]
 [1 1 1 0 1 1 1 1 0 1]
 [1 1 0 0 1 1 1 1 1 1]
 [0 1 1 0 0 1 1 0 0 0]
 [0 1 1 0 1 1 1 0 1 1]
 [0 1 0 1 1 0 1 1 1 1]
 [1 1 1 0 1 1 1 1 1 0]
 [1 0 1 1 1 0 1 1 1 0]
 [1 1 0 1 1 1 1 1 1 1]
 [1 1 0 0 1 1 1 1 1 0]
 [0 0 1 1 1 1 0 1 1 1]
 [0 1 0 1 0 0 1 1 0 0]
 [0 1 1 1 0 0 1 0 1 0]
 [1 0 1 1 1 1 0 0 0 0]
 [1 1 1 1 1 1 1 1 1 1]
 [1 1 1 0 1 1 1 1 1 1]
 [1 1 1 0 1 0 1 0 1 1]
 [0 1 1 1 1 1 1 1 1 1]
 [1 0 0 1 1 1 1 1 0 1]
 [0 0 1 1 1 0 1 1 0 1]
 [1 0 1 1 1 0 0 1 1 1]
 [1 1 1 1 1 1 1 0 1 1]
 [1 1 0 1 1 1 1 1 1 0]
 [1 1 1 0 1 0 0 0 1 1]
 [1 1 1 1 1 1 1 1 1 0]
 [1 1 1 1 1 0 1 1 1 1]
 [1 1 1 0 1 0 0 0 0 0]
 [1 1 1 1 1 1 1 1 1 1]
 [0 1 0 0 1 0 0 1 1 1]
 [1 1 0 1 1 0 0 1 1 1]
 [1 1 1 1 1 0 1 1 0 1]
 [0 1 0 0 0 0 0 0 0 1]
 [1 1 0 0 1 1 1 1 0 1]
 [1 1 1 1 1 1 0 1 0 0]
 [1 1 1 1 1 1 1 1 1 1]
 [0 1 0 1 0 1 1 0 1 1]
 [1 1 0 0 0 1 1 1 1 1]
 [0 1 1 1 1 1 1 1 0 1]
 [0 1 1 0 1 0 1 0 0 1]
 [1 1 1 1 0 0 0 0 1 1]
 [1 0 0 1 1 1 0 0 1 1]
 [0 0 1 1 1 0 1 0 0 1]
 [1 0 1 1 0 1 1 1 1 1]
 [1 0 1 0 1 1 0 0 1 1]
 [0 0 1 1 1 0 1 1 1 0]
 [0 1 1 1 1 1 1 1 1 1]
 [1 1 1 0 0 1 0 1 1 1]
 [1 0 1 1 1 1 0 1 1 0]
 [0 0 0 0 1 1 1 1 0 1]
 [0 1 1 1 0 1 1 1 1 1]
 [1 1 1 0 1 0 1 0 0 0]
 [1 1 1 1 1 1 0 0 1 1]
 [0 1 1 1 0 0 1 1 0 1]
 [1 0 1 1 1 1 1 0 1 1]
 [0 1 1 0 0 1 1 0 0 1]
 [0 0 0 0 0 0 1 1 1 0]
 [1 1 1 1 0 1 1 0 0 1]]
{'restarts': 7, 'conflicts': 1135, 'decisions': 3050, 'propagations': 1032616}
Q is identifiable
branch at 6
runtime for solving id of Q is 0.3194871312007308
Simulation results:
{'J': 100, 'K': 10, 'N': 10, 'p': 0.7, 'seed': 203, 'sim': 6, 'runtime': 0.3194871312007308, 'identifiable': 1, 'branch': 6}
7
Q: [[0 1 1 1 0 1 1 1 1 0]
 [0 0 0 1 0 1 0 0 1 0]
 [0 0 0 1 1 1 1 1 0 1]
 [1 0 1 0 1 1 1 1 1 1]
 [1 1 0 1 1 1 1 0 0 1]
 [0 1 0 1 1 1 0 0 1 0]
 [1 1 1 1 1 1 1 1 1 1]
 [1 1 1 1 1 1 1 1 1 1]
 [1 0 1 1 1 1 0 1 1 0]
 [1 0 1 1 0 1 1 1 0 0]
 [1 1 1 1 1 0 1 1 1 1]
 [1 1 1 1 0 1 0 1 1 0]
 [1 1 1 1 0 1 1 1 1 0]
 [0 0 1 1 1 1 0 1 0 1]
 [1 0 1 1 1 1 1 0 1 1]
 [1 0 1 1 1 1 1 1 0 1]
 [1 1 1 1 1 1 1 0 1 1]
 [1 0 0 1 0 1 1 1 0 0]
 [1 0 0 1 1 1 1 1 1 1]
 [1 1 0 1 1 1 1 0 1 0]
 [1 0 1 0 0 1 1 1 1 0]
 [0 1 0 1 0 0 1 1 0 1]
 [0 1 1 1 0 1 0 1 1 1]
 [1 1 1 1 1 0 0 1 1 0]
 [1 1 0 1 1 1 1 1 1 1]
 [1 1 1 1 1 0 1 0 0 0]
 [0 1 1 1 1 0 1 0 1 1]
 [1 1 1 0 1 1 1 1 0 1]
 [1 1 1 1 0 1 0 0 1 1]
 [0 0 1 1 1 1 0 1 1 0]
 [1 1 1 1 1 1 1 1 0 0]
 [0 0 0 1 0 1 0 1 1 1]
 [1 1 1 1 1 1 0 0 1 1]
 [0 0 1 1 1 1 0 1 1 0]
 [0 1 0 1 1 0 0 1 1 0]
 [0 0 1 0 1 0 1 1 1 1]
 [0 1 1 1 1 1 1 1 1 0]
 [1 1 0 1 1 1 1 1 1 1]
 [1 1 1 0 1 1 1 1 1 1]
 [1 1 0 1 1 1 1 1 1 0]
 [1 0 0 0 1 0 1 1 1 1]
 [0 1 1 1 1 1 1 1 1 1]
 [1 0 1 1 0 1 0 1 1 1]
 [1 1 1 1 0 1 1 1 1 0]
 [1 1 1 1 0 1 1 1 1 0]
 [0 0 1 0 1 1 1 1 1 1]
 [1 1 0 1 1 1 1 1 1 1]
 [1 1 1 1 0 1 1 0 1 0]
 [1 1 1 1 0 1 0 1 1 1]
 [1 1 1 1 1 1 0 1 0 1]
 [0 1 0 1 1 0 0 1 0 1]
 [1 1 1 1 0 1 1 0 0 1]
 [0 1 0 1 1 1 1 1 1 1]
 [1 1 0 1 1 0 1 1 1 1]
 [0 1 1 1 1 0 1 0 0 1]
 [0 1 1 1 1 0 1 1 1 1]
 [1 1 1 1 0 0 1 1 0 0]
 [1 1 0 1 0 1 0 1 1 1]
 [0 1 1 1 0 1 1 1 1 1]
 [0 1 1 1 1 1 1 1 1 1]
 [1 1 0 1 1 1 0 0 1 1]
 [1 1 1 1 1 1 1 1 1 1]
 [1 0 0 1 0 1 1 1 0 0]
 [0 1 1 1 1 0 1 0 1 1]
 [0 0 1 1 1 1 1 1 1 1]
 [1 1 1 1 0 1 0 1 0 0]
 [0 1 0 0 1 0 1 1 1 0]
 [1 1 1 0 0 1 0 0 1 1]
 [1 0 1 0 1 1 0 0 0 1]
 [0 1 1 1 1 1 1 1 1 0]
 [1 0 1 1 1 1 0 1 0 1]
 [1 0 1 1 1 1 0 1 1 1]
 [1 1 0 1 0 1 0 1 1 1]
 [0 0 1 1 1 1 0 1 0 1]
 [1 0 1 0 1 1 1 1 0 0]
 [1 0 1 1 1 1 0 1 1 1]
 [1 1 1 1 1 0 1 1 1 1]
 [1 1 0 0 1 0 1 1 1 1]
 [1 1 1 0 1 1 0 1 1 1]
 [1 1 1 1 1 1 0 1 1 1]
 [0 1 1 1 0 1 1 0 1 1]
 [1 1 0 1 0 0 1 1 1 1]
 [1 0 0 1 1 1 1 1 0 1]
 [1 0 1 1 1 0 1 0 0 0]
 [1 1 1 1 1 0 1 0 0 1]
 [1 1 1 0 1 0 1 0 0 1]
 [1 1 0 1 1 1 0 1 1 1]
 [1 1 1 1 1 1 1 1 1 1]
 [1 1 1 0 0 1 0 0 0 1]
 [0 1 1 1 1 1 0 0 1 1]
 [1 1 1 0 0 1 1 0 1 1]
 [1 1 0 1 0 0 0 1 1 0]
 [1 0 0 0 1 0 1 0 0 1]
 [0 1 1 1 1 1 0 1 0 1]
 [1 1 1 1 0 0 1 1 1 1]
 [1 1 0 0 1 1 1 0 1 0]
 [0 0 1 0 1 0 0 1 1 1]
 [1 1 1 0 1 0 1 0 0 0]
 [1 1 0 0 1 0 1 0 1 0]
 [1 0 1 1 0 1 0 0 1 1]]
{'restarts': 21, 'conflicts': 6264, 'decisions': 11962, 'propagations': 5169822}
Q is identifiable
branch at 6
runtime for solving id of Q is 0.7640580665320158
Simulation results:
{'J': 100, 'K': 10, 'N': 10, 'p': 0.7, 'seed': 203, 'sim': 7, 'runtime': 0.7640580665320158, 'identifiable': 1, 'branch': 6}
8
Q: [[1 1 1 1 1 1 1 1 1 0]
 [1 0 0 1 0 1 1 1 1 1]
 [1 1 1 0 1 1 1 0 0 1]
 [1 1 0 0 1 0 1 0 1 1]
 [0 1 1 1 1 1 1 0 0 0]
 [0 1 0 1 1 1 0 0 1 0]
 [1 0 1 1 1 1 0 1 1 1]
 [1 1 0 1 1 1 0 1 1 1]
 [0 1 0 1 0 0 0 1 1 1]
 [1 1 1 1 0 0 1 1 0 1]
 [0 1 1 1 1 1 1 1 1 0]
 [1 1 0 1 1 1 1 1 1 1]
 [0 1 1 1 1 1 1 1 1 0]
 [1 1 0 1 1 0 1 1 1 0]
 [1 1 0 0 1 0 1 1 0 1]
 [1 1 1 0 0 0 1 0 1 0]
 [1 1 1 0 1 1 1 0 1 1]
 [1 1 1 1 0 1 1 1 0 0]
 [0 1 1 1 1 1 0 1 1 0]
 [1 1 1 1 1 0 1 0 1 1]
 [1 1 0 0 1 1 1 1 1 1]
 [1 1 1 1 1 1 1 1 0 0]
 [0 1 1 1 1 1 1 1 0 1]
 [0 1 1 1 1 1 0 0 1 0]
 [1 1 1 1 0 1 0 0 1 1]
 [0 1 1 0 1 1 1 1 0 1]
 [0 1 1 1 1 1 0 1 0 0]
 [0 0 1 0 1 1 1 0 1 1]
 [1 1 0 1 1 1 1 1 1 1]
 [1 1 1 0 0 1 0 1 1 1]
 [1 1 1 1 1 0 1 1 1 1]
 [1 1 1 1 1 1 0 1 1 1]
 [1 1 1 0 0 1 1 0 1 0]
 [1 0 1 0 0 1 1 1 0 0]
 [1 1 1 1 1 1 1 1 1 1]
 [1 1 0 0 0 1 1 1 0 0]
 [1 0 0 1 1 1 1 1 1 0]
 [1 0 1 1 1 1 1 1 1 0]
 [1 0 1 1 1 1 0 1 0 0]
 [1 1 0 1 1 0 0 1 0 1]
 [0 1 1 1 1 1 1 1 1 0]
 [1 1 1 0 0 1 1 0 1 1]
 [1 0 1 1 1 1 0 0 1 1]
 [1 1 1 0 1 1 0 1 1 1]
 [0 1 1 1 0 1 1 1 1 1]
 [0 0 0 1 1 0 1 1 1 1]
 [1 1 0 1 1 0 0 1 1 1]
 [1 1 0 1 0 1 1 0 1 1]
 [1 1 0 1 1 1 1 1 1 1]
 [0 0 1 1 1 1 1 1 0 0]
 [1 1 1 0 0 1 0 0 0 1]
 [0 1 0 1 1 1 0 0 1 1]
 [1 0 0 1 1 1 1 1 1 1]
 [1 1 1 1 1 0 1 1 1 1]
 [0 1 0 1 1 1 1 1 1 1]
 [1 1 1 0 1 1 1 0 0 1]
 [0 1 0 1 0 0 1 1 1 0]
 [1 1 1 1 1 1 1 1 1 1]
 [1 0 1 1 1 1 1 1 0 1]
 [1 0 1 1 0 0 0 0 1 1]
 [1 1 1 1 0 0 1 1 1 1]
 [1 1 1 0 1 0 1 1 1 1]
 [1 1 0 1 0 1 1 1 1 1]
 [0 1 1 0 1 1 0 1 1 1]
 [1 1 1 0 1 1 0 1 0 1]
 [1 1 1 0 0 0 1 0 1 1]
 [1 1 1 1 0 0 1 1 1 0]
 [0 0 1 0 1 1 1 1 0 1]
 [1 0 1 1 0 1 1 1 0 1]
 [0 1 1 1 1 1 1 0 1 1]
 [0 0 1 1 1 1 1 1 0 1]
 [1 1 1 1 1 0 1 1 0 1]
 [1 1 0 1 1 0 0 1 1 0]
 [0 1 1 1 1 0 1 0 0 1]
 [0 0 1 1 0 1 0 1 0 1]
 [0 1 1 0 1 1 0 0 1 0]
 [0 0 1 0 1 1 0 1 1 0]
 [1 0 0 1 1 0 1 1 1 0]
 [1 0 1 1 1 1 1 1 0 1]
 [1 0 1 0 1 1 0 1 0 1]
 [1 0 1 1 1 1 1 1 1 1]
 [1 1 0 0 1 1 1 1 1 1]
 [0 1 1 0 1 1 1 0 0 1]
 [0 0 1 1 1 0 0 1 0 0]
 [1 1 1 0 1 1 1 0 0 1]
 [1 1 0 1 1 0 1 1 1 1]
 [0 1 1 1 1 1 1 0 0 1]
 [1 1 0 1 1 1 1 0 1 1]
 [0 0 1 0 1 1 0 0 1 0]
 [1 0 1 0 1 1 1 1 1 1]
 [1 0 1 1 1 1 1 1 1 0]
 [1 1 0 0 1 1 0 1 0 1]
 [1 0 1 1 0 1 1 1 0 1]
 [0 0 1 1 1 1 1 1 1 0]
 [1 1 0 0 1 1 1 1 0 1]
 [1 1 1 0 1 1 1 0 0 1]
 [1 1 0 1 0 0 1 1 1 1]
 [0 0 0 1 1 1 1 1 1 1]
 [1 1 1 1 1 1 1 1 1 1]
 [0 1 1 0 1 0 0 1 0 0]]
{'restarts': 88, 'conflicts': 41112, 'decisions': 59839, 'propagations': 37887805}
Q is identifiable
branch at 6
runtime for solving id of Q is 5.2944691544398665
Simulation results:
{'J': 100, 'K': 10, 'N': 10, 'p': 0.7, 'seed': 203, 'sim': 8, 'runtime': 5.2944691544398665, 'identifiable': 1, 'branch': 6}
9
Q: [[0 1 0 1 0 1 1 1 0 1]
 [1 1 1 1 1 1 1 1 1 1]
 [1 1 0 1 0 1 1 1 0 1]
 [1 0 1 1 0 1 1 0 1 0]
 [0 0 0 0 1 0 1 0 1 0]
 [1 1 1 0 1 1 1 1 1 1]
 [1 1 1 1 1 1 0 1 1 0]
 [1 1 1 0 1 1 0 1 1 1]
 [1 0 1 1 1 1 1 1 1 1]
 [1 0 1 1 0 1 1 0 1 1]
 [1 1 1 1 0 1 1 1 1 0]
 [1 1 0 0 1 1 1 0 1 0]
 [1 0 0 1 1 1 0 1 1 1]
 [1 0 1 0 1 1 1 0 1 1]
 [0 1 1 0 1 0 1 1 1 1]
 [0 1 1 0 0 1 0 1 1 1]
 [1 1 0 1 1 1 1 0 1 1]
 [1 1 0 0 1 1 0 1 1 1]
 [0 0 1 1 1 1 1 1 0 0]
 [1 1 1 0 1 1 1 1 0 1]
 [1 0 1 1 1 0 1 1 1 1]
 [1 1 1 0 1 0 1 0 1 1]
 [1 1 0 0 1 0 0 1 1 0]
 [0 0 1 1 0 0 1 1 1 0]
 [1 1 1 1 0 1 1 1 0 1]
 [1 1 1 1 1 1 1 0 1 1]
 [1 0 1 1 0 1 1 0 0 1]
 [1 1 1 1 1 0 0 0 0 1]
 [1 0 1 0 0 1 0 1 0 1]
 [1 1 1 1 1 0 1 1 1 1]
 [1 1 0 1 1 0 1 1 1 0]
 [1 1 1 1 1 1 0 1 1 1]
 [1 1 1 1 0 0 1 1 0 0]
 [0 0 1 1 0 1 1 1 0 1]
 [0 1 1 1 1 0 1 1 1 1]
 [1 1 0 1 1 1 1 1 0 0]
 [0 1 0 1 0 0 1 1 0 1]
 [1 1 1 1 1 1 1 1 0 0]
 [1 1 1 0 0 0 1 0 1 0]
 [1 1 1 1 1 1 1 1 1 1]
 [0 1 1 1 1 1 0 1 1 0]
 [0 1 1 1 1 0 0 1 1 1]
 [1 1 0 0 1 0 1 1 1 1]
 [1 1 1 1 0 1 1 1 0 1]
 [0 1 1 1 1 1 0 1 0 0]
 [1 0 0 1 1 0 0 0 1 1]
 [1 1 1 1 1 1 1 1 1 1]
 [1 0 1 1 1 1 1 1 1 1]
 [1 0 0 1 0 0 0 0 0 1]
 [1 0 0 1 1 1 0 0 0 1]
 [1 1 0 0 0 0 0 1 1 1]
 [1 1 1 1 1 1 1 1 1 1]
 [0 1 1 1 0 1 0 1 1 1]
 [0 1 1 1 1 1 0 1 1 1]
 [1 1 1 1 1 0 0 1 1 1]
 [0 0 1 1 0 1 0 1 0 1]
 [1 0 1 1 1 0 1 1 1 0]
 [1 1 0 0 0 0 0 0 1 1]
 [0 1 1 1 0 1 1 1 1 0]
 [1 1 1 1 1 0 1 1 0 1]
 [0 1 1 1 0 0 0 0 1 1]
 [0 1 1 0 1 1 1 0 0 1]
 [1 0 0 1 0 0 1 1 0 1]
 [0 0 1 1 0 1 0 0 1 1]
 [1 0 1 1 1 0 1 1 1 0]
 [0 1 1 1 1 1 1 1 1 0]
 [1 1 1 1 1 1 1 1 0 1]
 [0 0 1 1 1 0 0 1 1 1]
 [1 1 1 0 1 0 1 1 1 1]
 [1 1 0 1 0 0 1 0 1 0]
 [1 0 1 1 1 1 1 0 1 1]
 [1 1 1 1 0 0 1 0 1 1]
 [1 1 0 1 1 1 1 1 0 1]
 [0 1 0 1 1 0 1 0 1 1]
 [0 1 0 1 1 1 1 1 0 0]
 [0 0 0 1 1 1 1 1 1 1]
 [1 1 1 1 1 1 1 1 1 1]
 [1 1 1 1 0 1 1 1 0 1]
 [1 1 0 1 1 0 1 1 1 0]
 [0 1 0 0 1 0 1 1 1 1]
 [0 1 1 1 1 1 1 1 1 0]
 [1 0 1 1 1 1 1 1 1 1]
 [1 1 0 1 1 1 1 1 0 1]
 [1 1 0 1 0 1 1 0 1 1]
 [1 1 1 0 1 1 1 1 0 1]
 [1 0 1 1 1 1 0 1 1 0]
 [1 1 0 0 1 1 1 1 1 1]
 [0 0 0 1 0 1 0 1 1 1]
 [1 1 1 0 1 1 1 1 1 0]
 [1 1 1 0 1 0 1 1 1 0]
 [0 1 1 1 1 0 0 1 1 0]
 [0 0 1 0 1 0 1 1 1 1]
 [1 1 0 1 1 1 0 1 1 1]
 [1 0 1 1 0 1 1 1 0 1]
 [1 1 1 1 1 1 1 1 1 0]
 [1 1 0 1 0 0 1 1 1 1]
 [0 1 1 1 1 1 0 1 1 0]
 [0 0 0 0 1 0 1 1 1 0]
 [0 1 1 1 0 0 0 0 0 1]
 [1 1 1 1 1 1 1 0 1 0]]
{'restarts': 6, 'conflicts': 1444, 'decisions': 3502, 'propagations': 1304067}
Q is identifiable
branch at 6
runtime for solving id of Q is 0.35735963750630617
Simulation results:
{'J': 100, 'K': 10, 'N': 10, 'p': 0.7, 'seed': 203, 'sim': 9, 'runtime': 0.35735963750630617, 'identifiable': 1, 'branch': 6}
Simulation results:
[{'J': 100, 'K': 10, 'N': 10, 'p': 0.7, 'seed': 203, 'sim': 0, 'runtime': 1.3022126564756036, 'identifiable': 1, 'branch': 6}, {'J': 100, 'K': 10, 'N': 10, 'p': 0.7, 'seed': 203, 'sim': 1, 'runtime': 0.9188581854104996, 'identifiable': 1, 'branch': 6}, {'J': 100, 'K': 10, 'N': 10, 'p': 0.7, 'seed': 203, 'sim': 2, 'runtime': 3.371492089703679, 'identifiable': 1, 'branch': 6}, {'J': 100, 'K': 10, 'N': 10, 'p': 0.7, 'seed': 203, 'sim': 3, 'runtime': 0.5067943651229143, 'identifiable': 1, 'branch': 6}, {'J': 100, 'K': 10, 'N': 10, 'p': 0.7, 'seed': 203, 'sim': 4, 'runtime': 0.536380453966558, 'identifiable': 1, 'branch': 6}, {'J': 100, 'K': 10, 'N': 10, 'p': 0.7, 'seed': 203, 'sim': 5, 'runtime': 0.6377590075135231, 'identifiable': 1, 'branch': 6}, {'J': 100, 'K': 10, 'N': 10, 'p': 0.7, 'seed': 203, 'sim': 6, 'runtime': 0.3194871312007308, 'identifiable': 1, 'branch': 6}, {'J': 100, 'K': 10, 'N': 10, 'p': 0.7, 'seed': 203, 'sim': 7, 'runtime': 0.7640580665320158, 'identifiable': 1, 'branch': 6}, {'J': 100, 'K': 10, 'N': 10, 'p': 0.7, 'seed': 203, 'sim': 8, 'runtime': 5.2944691544398665, 'identifiable': 1, 'branch': 6}, {'J': 100, 'K': 10, 'N': 10, 'p': 0.7, 'seed': 203, 'sim': 9, 'runtime': 0.35735963750630617, 'identifiable': 1, 'branch': 6}]
