
The Gurobi software has a limited number of licenses. To request a license or
licenses, add this line

    #SBATCH --licenses=gurobi@slurmdb:1

to your SBATCH script, replacing N with the number of licenses you need. Gurobi
will need one license per process.


0
Q: [[1 1 1 1 0 0 0 1 1 0]
 [0 1 0 1 0 1 0 1 1 0]
 [1 0 0 1 0 0 0 0 1 1]
 [1 1 0 1 1 1 0 0 1 0]
 [0 0 1 1 0 0 0 1 1 0]
 [0 1 0 1 0 1 1 0 1 1]
 [1 1 1 0 0 1 1 1 0 1]
 [0 1 1 0 1 0 1 1 1 0]
 [0 1 0 0 1 0 1 1 0 0]
 [0 1 0 1 1 1 1 0 0 1]
 [0 0 1 0 0 0 0 0 1 0]
 [0 0 0 0 0 0 1 0 1 0]
 [0 0 0 1 1 0 0 0 1 0]
 [0 0 0 1 1 1 0 0 0 1]
 [1 1 0 0 1 1 1 0 1 0]
 [0 0 1 1 0 0 0 0 0 0]
 [1 0 1 1 0 0 0 0 0 1]
 [0 0 0 1 1 0 1 1 0 0]
 [1 1 0 0 0 1 1 0 0 1]
 [1 0 0 1 0 0 0 0 0 0]
 [1 0 0 0 0 0 1 1 0 0]
 [0 1 1 1 0 0 1 0 0 0]
 [1 1 0 0 0 1 1 0 0 0]
 [0 0 1 0 1 1 0 1 0 1]
 [0 1 1 1 0 0 0 1 1 0]
 [1 0 1 1 1 1 1 0 1 0]
 [1 1 0 1 0 0 0 1 0 1]
 [0 0 0 0 0 0 1 0 1 0]
 [1 1 1 0 0 1 1 1 1 1]
 [0 1 1 0 0 0 0 1 1 0]
 [1 1 0 1 1 0 1 1 0 1]
 [1 0 0 1 1 1 0 1 0 0]
 [1 0 0 1 0 1 1 1 0 1]
 [0 1 1 1 0 0 1 0 0 0]
 [1 0 0 0 1 0 0 1 0 1]
 [0 1 1 0 0 0 0 0 1 0]
 [0 1 1 1 1 1 1 0 1 1]
 [0 0 0 0 0 0 1 1 0 0]
 [0 0 0 1 0 1 0 0 1 1]
 [1 0 0 1 0 1 1 0 0 0]
 [0 1 0 1 0 0 1 0 1 1]
 [0 1 0 0 1 0 0 0 0 0]
 [0 0 0 0 0 1 0 0 0 1]
 [1 1 1 0 1 1 0 1 1 0]
 [0 0 0 0 0 0 1 1 0 0]
 [1 1 1 1 0 1 0 1 1 0]
 [1 0 0 0 0 0 0 1 0 1]
 [1 0 1 1 1 1 0 0 1 0]
 [1 1 0 1 1 1 1 1 0 0]
 [0 1 0 0 0 1 1 1 0 0]
 [1 0 0 1 1 1 1 1 0 1]
 [0 1 0 1 1 1 0 0 1 1]
 [1 0 1 0 1 1 1 0 0 1]
 [0 1 1 0 1 1 0 0 0 0]
 [1 0 0 1 1 1 1 1 1 1]
 [1 1 1 1 1 0 1 0 0 0]
 [1 0 0 1 1 0 1 0 1 1]
 [1 0 0 1 1 0 0 0 1 0]
 [0 1 1 1 0 1 0 0 0 0]
 [0 1 0 1 1 0 1 0 0 0]
 [1 1 0 1 1 1 0 0 1 1]
 [0 1 1 0 0 1 1 1 0 1]
 [0 0 0 1 1 1 1 1 0 1]
 [0 1 0 0 0 0 0 0 0 1]
 [1 0 0 1 0 0 1 1 0 0]
 [1 1 1 1 1 1 1 0 0 1]
 [0 0 1 0 0 1 1 1 0 0]
 [1 0 0 0 1 1 0 1 1 1]
 [0 0 1 1 1 0 0 1 1 1]
 [1 0 0 1 1 0 1 0 0 0]
 [0 0 0 0 1 0 0 0 0 0]
 [0 1 0 0 1 0 0 0 1 1]
 [1 0 0 0 1 0 1 0 1 0]
 [0 0 0 1 0 1 0 0 0 0]
 [1 0 1 1 0 0 1 1 1 0]]
{'restarts': 1, 'conflicts': 283, 'decisions': 767, 'propagations': 373632}
Q is identifiable
branch at 6
runtime for solving id of Q is 0.5461479686200619
Simulation results:
{'J': 75, 'K': 10, 'N': 10, 'p': 0.5, 'seed': 73, 'sim': 0, 'runtime': 0.5461479686200619, 'identifiable': 1, 'branch': 6}
1
Q: [[1 1 1 0 1 1 1 0 1 1]
 [1 1 1 1 1 1 1 1 1 1]
 [1 1 1 0 1 0 0 0 1 0]
 [1 1 0 0 0 0 1 1 0 0]
 [1 0 0 1 1 1 1 0 1 0]
 [1 0 0 0 0 1 0 0 0 0]
 [1 1 0 1 1 0 1 1 0 1]
 [0 1 1 1 0 0 0 0 1 1]
 [1 1 1 0 0 0 0 1 1 1]
 [0 1 1 1 0 0 1 0 0 0]
 [0 1 1 1 0 1 1 0 0 1]
 [0 0 1 0 1 0 0 0 0 1]
 [0 0 1 0 0 1 0 1 0 0]
 [0 1 1 0 1 1 1 0 0 0]
 [0 0 0 0 0 0 1 1 1 1]
 [1 1 1 1 1 1 0 1 0 1]
 [1 1 1 1 0 0 0 1 1 1]
 [1 1 0 1 1 1 0 1 0 1]
 [1 0 1 1 0 1 0 1 0 0]
 [0 1 0 0 1 1 1 0 0 0]
 [0 0 0 0 0 1 1 1 0 1]
 [1 0 0 1 1 1 1 0 1 1]
 [1 0 0 1 1 0 0 0 1 1]
 [0 1 1 0 1 1 0 1 1 0]
 [0 0 0 1 1 0 1 1 0 1]
 [0 0 0 1 1 1 1 0 1 1]
 [1 0 1 0 1 0 1 0 1 1]
 [1 1 0 1 0 1 1 0 1 1]
 [1 0 1 1 0 0 0 1 0 1]
 [1 1 1 0 1 1 0 0 1 1]
 [0 1 0 1 1 1 0 0 0 0]
 [0 0 1 0 1 1 1 1 1 1]
 [1 1 1 0 0 0 1 0 0 0]
 [0 0 0 0 0 0 0 1 0 1]
 [1 1 1 1 1 1 0 0 1 1]
 [0 0 0 0 0 1 0 0 0 1]
 [1 1 1 0 0 0 0 0 0 1]
 [1 0 1 0 1 0 0 1 1 1]
 [0 0 0 1 0 1 0 0 0 0]
 [0 0 1 0 0 0 1 0 0 0]
 [0 1 1 1 0 0 0 1 0 0]
 [0 1 1 1 0 1 1 1 1 0]
 [1 1 0 0 1 1 1 1 0 0]
 [0 0 0 0 0 0 1 0 1 0]
 [1 0 1 0 1 1 0 1 1 0]
 [1 1 1 1 1 1 0 0 0 1]
 [0 0 0 1 0 1 0 0 1 1]
 [0 0 0 1 1 1 1 0 0 1]
 [1 0 1 0 1 0 1 0 1 1]
 [0 0 0 1 0 1 1 1 1 1]
 [1 0 1 0 0 0 0 0 0 1]
 [1 1 0 1 0 1 0 0 1 1]
 [0 0 0 0 0 0 1 0 0 0]
 [1 0 1 1 1 1 0 1 1 1]
 [1 0 1 0 1 1 1 0 1 1]
 [0 0 0 0 1 1 0 1 0 1]
 [0 0 0 0 0 1 0 0 0 0]
 [1 0 0 0 1 0 0 1 0 0]
 [1 0 1 1 1 1 1 0 0 1]
 [0 1 0 1 0 0 1 0 1 0]
 [1 1 0 1 0 0 0 1 0 1]
 [0 1 0 0 1 0 0 1 1 1]
 [0 0 1 0 1 1 1 0 1 0]
 [1 1 0 1 0 0 1 1 0 0]
 [0 1 0 0 0 0 1 0 1 1]
 [0 0 1 0 0 1 1 0 1 0]
 [0 1 1 1 0 0 0 0 1 1]
 [0 1 1 0 0 0 0 0 0 1]
 [0 1 1 1 1 0 0 1 0 1]
 [0 0 1 1 1 0 1 1 0 1]
 [0 1 0 1 0 1 0 1 0 1]
 [0 1 0 0 0 1 1 1 1 1]
 [1 0 0 1 1 0 1 1 0 0]
 [1 0 0 0 1 1 0 0 1 1]
 [0 0 1 1 1 0 1 1 0 0]]
{'restarts': 1, 'conflicts': 137, 'decisions': 481, 'propagations': 134750}
Q is identifiable
branch at 6
runtime for solving id of Q is 0.533555899746716
Simulation results:
{'J': 75, 'K': 10, 'N': 10, 'p': 0.5, 'seed': 73, 'sim': 1, 'runtime': 0.533555899746716, 'identifiable': 1, 'branch': 6}
2
Q: [[1 0 0 0 0 0 0 0 0 1]
 [0 0 1 0 0 0 1 1 1 1]
 [1 0 0 1 1 1 0 1 1 1]
 [0 0 0 1 1 1 1 1 1 0]
 [0 0 0 1 1 0 1 1 1 1]
 [1 0 1 0 1 1 0 1 1 1]
 [1 1 1 0 0 1 1 0 0 1]
 [1 1 0 0 0 1 1 0 1 1]
 [1 0 0 0 0 1 0 0 0 0]
 [0 1 1 0 0 1 1 1 0 1]
 [1 0 0 0 1 1 0 1 0 1]
 [0 0 1 1 0 0 1 1 0 0]
 [0 1 0 0 1 0 0 1 1 0]
 [1 1 0 1 0 1 1 0 1 1]
 [1 0 0 0 1 1 0 1 1 1]
 [0 1 1 0 0 0 0 1 0 0]
 [0 1 1 1 0 0 0 1 0 0]
 [1 0 0 0 1 0 1 0 0 1]
 [0 0 0 0 0 0 0 1 0 0]
 [1 1 0 0 0 1 0 1 1 0]
 [1 0 0 0 1 1 1 0 1 0]
 [0 1 1 0 1 1 1 0 0 1]
 [0 1 0 0 1 1 1 0 0 1]
 [0 0 0 1 1 1 1 1 0 0]
 [1 1 0 0 0 0 0 1 0 0]
 [1 0 1 0 1 0 1 0 0 0]
 [0 1 0 0 0 1 1 1 1 1]
 [1 1 0 0 0 0 1 1 1 0]
 [1 0 1 0 1 1 0 1 0 0]
 [1 0 0 1 1 0 0 1 1 0]
 [1 1 1 0 1 1 1 1 0 1]
 [0 1 0 1 0 0 0 1 0 1]
 [1 1 0 0 1 0 1 1 1 0]
 [1 1 0 0 1 0 1 1 0 0]
 [1 0 1 1 1 1 0 1 0 0]
 [1 0 0 1 1 1 1 1 1 1]
 [0 0 0 0 1 1 0 0 1 1]
 [0 0 1 0 0 1 0 1 1 0]
 [1 1 1 0 1 0 1 1 1 0]
 [1 1 1 1 1 0 1 1 1 0]
 [1 1 1 0 1 0 1 1 0 1]
 [0 0 0 0 1 1 0 1 1 1]
 [1 0 1 1 1 1 1 1 0 1]
 [0 0 0 0 1 1 1 0 1 1]
 [1 0 0 1 0 0 1 1 1 1]
 [0 1 1 1 0 0 0 1 0 1]
 [1 1 1 1 0 0 1 1 1 0]
 [1 1 1 0 1 0 0 1 0 1]
 [1 1 1 0 1 0 0 0 1 1]
 [0 0 1 1 1 0 0 1 0 1]
 [0 0 0 0 1 1 0 1 0 1]
 [0 0 0 0 1 1 0 0 1 0]
 [1 1 1 1 1 1 1 1 1 1]
 [0 1 1 1 1 1 1 0 1 0]
 [0 0 0 0 0 1 1 0 0 1]
 [0 0 0 1 1 0 0 1 1 1]
 [0 1 0 0 0 0 1 0 0 1]
 [0 0 1 1 1 0 1 1 0 1]
 [1 0 1 0 0 1 1 1 1 0]
 [0 1 0 0 0 0 0 1 1 0]
 [0 0 0 1 0 0 0 0 0 0]
 [1 1 0 0 0 0 1 0 1 0]
 [1 1 1 0 1 0 1 1 0 1]
 [0 1 1 0 0 0 1 1 0 1]
 [0 1 1 1 0 1 1 0 0 1]
 [1 0 1 1 0 1 0 1 0 0]
 [0 0 1 0 1 0 1 0 0 1]
 [0 0 1 1 0 1 0 1 0 1]
 [0 0 0 1 0 0 1 0 0 0]
 [1 0 0 1 0 1 0 0 0 0]
 [1 0 1 0 1 0 0 0 0 0]
 [1 1 0 1 1 0 0 1 0 0]
 [0 1 0 1 1 1 0 0 0 1]
 [1 1 0 1 0 1 1 1 1 1]
 [0 0 1 0 0 1 1 1 0 1]]
{'restarts': 2, 'conflicts': 440, 'decisions': 1012, 'propagations': 655070}
Q is identifiable
branch at 6
runtime for solving id of Q is 0.4617882869206369
Simulation results:
{'J': 75, 'K': 10, 'N': 10, 'p': 0.5, 'seed': 73, 'sim': 2, 'runtime': 0.4617882869206369, 'identifiable': 1, 'branch': 6}
3
Q: [[0 0 1 1 0 1 1 1 1 1]
 [1 1 0 1 1 0 0 0 0 1]
 [0 0 0 1 1 1 1 0 0 0]
 [0 1 0 1 1 1 1 1 0 1]
 [1 0 0 0 1 0 0 0 0 0]
 [0 0 1 1 0 1 0 1 0 0]
 [1 1 1 0 0 1 0 0 0 0]
 [0 0 0 0 0 1 1 1 0 1]
 [0 1 0 0 0 1 0 0 0 0]
 [0 1 1 0 0 1 0 1 0 0]
 [0 0 1 0 1 0 1 0 1 1]
 [0 0 1 1 1 0 0 0 0 1]
 [0 1 1 0 0 0 1 0 1 0]
 [0 1 0 1 1 1 1 0 1 1]
 [0 0 1 0 1 1 1 0 1 0]
 [1 0 0 1 1 0 1 0 1 1]
 [0 1 0 1 0 0 1 1 0 0]
 [0 0 1 0 1 0 0 1 1 1]
 [1 1 0 1 0 1 1 1 0 1]
 [1 0 1 1 0 1 0 1 0 0]
 [0 0 1 1 1 1 0 0 1 1]
 [1 1 0 0 1 0 1 0 0 0]
 [1 1 0 0 1 0 0 1 1 0]
 [1 0 0 1 0 1 0 1 1 1]
 [0 0 1 0 0 1 1 1 0 1]
 [0 1 1 1 1 1 1 1 0 1]
 [0 1 1 0 1 0 1 1 0 0]
 [1 0 0 0 1 0 0 1 1 0]
 [0 1 0 1 1 0 1 1 1 0]
 [1 1 0 1 0 0 0 0 0 1]
 [1 1 0 1 0 1 0 0 1 1]
 [1 1 0 1 0 0 0 0 1 1]
 [0 0 1 1 0 1 1 0 0 0]
 [1 0 0 1 0 1 1 0 0 1]
 [1 0 0 0 1 1 1 0 1 0]
 [1 1 1 1 1 0 1 0 0 1]
 [0 1 1 0 1 1 1 1 0 1]
 [1 1 1 1 1 1 1 0 1 0]
 [1 1 1 1 0 0 1 0 0 1]
 [1 1 0 1 0 0 1 1 0 0]
 [1 1 1 0 1 0 1 1 1 1]
 [0 1 1 0 1 1 0 0 1 1]
 [0 1 1 0 1 1 0 0 1 1]
 [0 0 0 0 0 1 0 1 0 1]
 [0 0 0 1 0 1 1 0 0 0]
 [0 1 0 0 0 0 1 1 1 0]
 [0 0 0 1 0 0 1 1 1 1]
 [0 0 1 1 0 0 1 1 0 0]
 [0 1 0 1 0 1 1 0 0 1]
 [1 1 1 0 0 1 1 1 0 1]
 [1 0 1 1 1 0 0 0 1 0]
 [0 1 0 1 1 0 0 1 0 0]
 [1 0 0 1 1 0 1 1 1 0]
 [1 1 1 1 1 0 0 0 0 1]
 [1 1 1 1 1 0 1 0 0 0]
 [0 0 0 0 1 1 1 0 1 0]
 [1 1 0 1 0 1 1 1 1 1]
 [0 1 1 1 0 1 1 1 1 0]
 [1 0 1 1 1 1 0 0 1 1]
 [1 1 0 1 1 0 1 0 0 0]
 [0 1 0 1 0 0 1 0 0 0]
 [1 0 0 0 0 1 1 0 1 0]
 [0 1 1 0 0 0 0 0 1 0]
 [0 0 0 1 1 0 1 1 1 1]
 [1 0 1 0 1 1 0 0 1 1]
 [0 1 0 0 0 1 0 1 1 1]
 [1 0 0 1 1 1 1 1 1 0]
 [1 1 1 1 0 1 0 0 0 1]
 [1 1 1 0 0 0 1 1 1 0]
 [0 1 0 0 0 0 1 1 0 0]
 [0 0 1 1 0 0 1 0 0 1]
 [1 1 1 1 1 0 1 1 1 1]
 [1 1 0 1 0 0 1 0 1 1]
 [0 1 1 1 1 0 1 1 0 1]
 [0 1 1 0 1 1 0 0 1 1]]
{'restarts': 3, 'conflicts': 822, 'decisions': 2159, 'propagations': 1075437}
Q is identifiable
branch at 6
runtime for solving id of Q is 0.5226953951641917
Simulation results:
{'J': 75, 'K': 10, 'N': 10, 'p': 0.5, 'seed': 73, 'sim': 3, 'runtime': 0.5226953951641917, 'identifiable': 1, 'branch': 6}
4
Q: [[0 1 1 1 1 0 1 1 0 0]
 [0 1 0 1 0 0 1 0 1 0]
 [1 1 0 1 0 1 0 0 0 1]
 [1 1 0 1 0 0 1 0 1 1]
 [1 1 1 0 0 1 0 1 1 1]
 [1 1 0 1 0 0 1 1 1 0]
 [0 0 1 1 1 1 0 1 0 1]
 [1 0 0 0 1 1 0 0 0 0]
 [1 1 1 1 0 0 1 1 1 0]
 [1 0 0 0 1 0 1 0 0 1]
 [1 1 0 0 1 0 1 1 1 0]
 [1 0 0 0 0 1 0 0 0 0]
 [1 0 0 1 0 1 1 0 1 0]
 [0 0 1 0 1 0 0 1 0 1]
 [1 1 1 0 0 0 1 1 1 0]
 [1 0 0 1 1 1 1 0 1 1]
 [1 0 1 1 0 0 1 1 0 1]
 [0 0 1 0 1 0 0 1 0 1]
 [1 1 1 1 0 1 1 0 1 1]
 [0 1 0 0 0 1 0 1 0 1]
 [0 1 1 0 1 1 1 0 1 0]
 [0 0 0 1 1 1 1 0 0 1]
 [0 1 1 0 0 0 1 1 1 0]
 [1 1 1 1 0 0 1 1 0 0]
 [0 0 0 1 0 0 1 0 0 0]
 [0 0 1 1 1 1 0 1 0 0]
 [0 1 1 0 0 0 1 1 1 1]
 [0 1 1 1 0 0 0 1 0 0]
 [1 1 0 0 1 0 0 0 1 1]
 [0 0 0 1 1 1 1 1 0 0]
 [1 1 1 0 1 0 0 0 1 1]
 [1 1 0 0 1 1 1 1 1 1]
 [0 0 1 0 1 1 1 1 0 1]
 [1 1 0 1 1 1 0 0 0 0]
 [1 1 1 1 1 1 0 0 0 1]
 [1 1 1 0 1 0 1 0 1 0]
 [1 1 1 1 1 0 1 0 0 0]
 [0 1 1 1 1 0 0 0 1 1]
 [0 0 0 0 0 1 0 1 1 0]
 [1 1 0 1 0 0 1 1 1 1]
 [0 0 1 0 1 1 0 1 0 0]
 [0 1 0 1 0 1 0 0 1 1]
 [1 0 1 0 1 1 0 0 1 0]
 [1 1 1 1 1 1 0 1 1 0]
 [0 1 0 0 0 0 0 1 0 0]
 [0 0 1 1 0 1 1 1 0 1]
 [0 1 0 0 0 1 0 1 0 1]
 [1 1 1 0 1 0 1 1 1 1]
 [1 1 1 1 1 1 1 0 1 1]
 [0 0 1 0 0 1 0 1 1 1]
 [1 0 1 0 1 1 1 0 0 0]
 [0 0 1 1 1 0 1 1 0 1]
 [1 0 0 0 0 0 1 1 1 1]
 [0 0 1 1 0 0 1 1 1 1]
 [0 0 0 0 1 1 1 1 0 0]
 [0 1 1 0 0 1 1 0 0 1]
 [1 1 0 1 0 0 1 1 1 1]
 [1 0 1 0 1 1 0 1 1 1]
 [0 1 1 0 0 1 0 1 0 0]
 [0 1 0 0 1 0 1 1 0 1]
 [0 1 1 0 1 0 1 0 0 0]
 [1 1 1 1 1 1 0 0 0 0]
 [0 0 0 0 1 0 0 1 1 0]
 [0 0 1 0 1 0 1 0 0 1]
 [0 1 1 0 0 1 0 0 0 1]
 [1 1 0 1 1 0 0 1 0 0]
 [1 0 0 1 0 0 1 0 1 0]
 [0 0 1 1 0 1 0 1 1 1]
 [0 1 1 0 1 0 0 0 1 1]
 [1 0 0 0 1 0 0 0 0 0]
 [1 0 1 0 1 0 0 0 1 0]
 [0 1 0 0 0 0 1 1 1 1]
 [1 0 0 0 1 1 1 0 1 1]
 [1 0 1 0 1 1 1 1 0 1]
 [0 0 0 0 1 1 1 1 1 1]]
{'restarts': 1, 'conflicts': 393, 'decisions': 1058, 'propagations': 510864}
Q is identifiable
branch at 6
runtime for solving id of Q is 0.5377367311157286
Simulation results:
{'J': 75, 'K': 10, 'N': 10, 'p': 0.5, 'seed': 73, 'sim': 4, 'runtime': 0.5377367311157286, 'identifiable': 1, 'branch': 6}
5
Q: [[1 0 1 1 1 0 0 1 1 1]
 [1 1 1 0 0 1 1 1 1 1]
 [0 1 0 0 1 0 0 1 1 0]
 [1 1 1 0 0 0 0 0 1 0]
 [0 0 0 1 0 1 1 0 0 1]
 [1 1 1 0 0 1 1 1 1 1]
 [1 0 0 0 1 0 1 0 1 0]
 [1 0 1 1 1 0 0 0 0 1]
 [1 1 0 0 0 0 1 1 1 1]
 [0 1 0 0 1 1 0 1 1 1]
 [1 0 1 1 1 1 1 0 1 1]
 [1 0 1 1 1 1 0 0 0 0]
 [0 0 0 1 1 0 1 1 1 1]
 [0 1 0 1 1 1 0 0 1 0]
 [1 0 0 1 1 1 0 0 1 1]
 [0 0 1 0 1 1 1 1 0 0]
 [1 0 0 1 1 1 1 1 1 1]
 [0 0 0 0 0 0 0 1 1 1]
 [0 1 0 1 1 0 0 0 0 0]
 [1 0 1 1 0 1 1 1 1 0]
 [0 0 1 0 1 1 1 1 1 0]
 [0 1 0 0 1 1 0 1 0 1]
 [1 0 1 0 1 0 0 1 0 1]
 [0 0 0 1 0 1 0 1 0 0]
 [0 1 1 0 0 0 0 1 0 0]
 [0 0 1 1 1 0 1 0 0 0]
 [0 1 1 0 1 1 0 1 1 1]
 [1 0 0 0 0 1 0 0 0 0]
 [0 1 0 1 1 1 1 0 0 0]
 [0 1 0 0 0 1 1 1 0 0]
 [1 1 1 0 0 0 1 0 1 0]
 [0 1 0 1 1 1 0 1 1 0]
 [0 0 1 0 0 1 1 0 0 1]
 [0 0 0 0 0 0 1 0 0 0]
 [0 1 0 1 1 0 0 1 1 1]
 [1 1 0 1 1 0 1 1 1 1]
 [1 0 1 1 0 1 0 0 1 0]
 [0 1 1 0 0 0 0 1 1 0]
 [1 0 0 0 1 0 0 1 0 1]
 [1 0 0 1 0 1 1 1 0 1]
 [0 1 0 1 0 0 0 0 0 0]
 [1 1 1 1 1 0 1 0 0 0]
 [1 1 0 1 0 1 0 1 1 0]
 [0 1 0 1 1 0 0 0 1 1]
 [0 0 1 0 1 1 0 1 0 0]
 [0 1 1 0 0 1 1 1 1 0]
 [1 0 1 1 1 1 1 1 0 1]
 [1 1 1 0 1 0 0 0 0 1]
 [1 0 1 0 1 0 1 1 1 1]
 [0 1 1 0 0 0 0 1 0 1]
 [0 0 0 1 1 0 1 0 1 1]
 [1 1 1 1 0 1 0 1 1 0]
 [0 0 1 1 1 1 1 0 1 1]
 [0 0 1 0 0 1 0 1 1 1]
 [0 1 0 0 0 0 0 1 1 0]
 [1 1 1 0 1 1 1 1 0 0]
 [0 1 1 0 0 1 0 0 0 1]
 [0 0 1 1 0 0 1 0 0 0]
 [1 1 1 0 1 0 0 1 0 0]
 [0 0 1 1 0 0 0 0 0 1]
 [1 0 1 0 1 0 1 0 1 0]
 [0 1 0 0 1 1 1 0 1 0]
 [0 1 1 1 0 1 0 0 1 0]
 [1 1 1 1 0 0 1 1 1 0]
 [0 1 0 0 0 0 1 0 0 0]
 [1 1 0 0 0 1 1 0 0 1]
 [0 0 1 1 1 0 1 1 1 1]
 [1 1 0 1 0 1 0 0 0 1]
 [0 1 0 1 1 1 1 1 0 0]
 [1 1 0 0 0 0 1 1 0 1]
 [1 1 1 0 0 0 0 1 1 0]
 [0 0 1 0 0 1 0 0 0 0]
 [1 0 1 1 1 1 0 0 1 0]
 [1 1 0 1 1 0 0 1 1 0]
 [0 1 0 1 1 0 0 0 1 0]]
{'restarts': 1, 'conflicts': 324, 'decisions': 873, 'propagations': 351242}
Q is identifiable
branch at 6
runtime for solving id of Q is 0.4942822651937604
Simulation results:
{'J': 75, 'K': 10, 'N': 10, 'p': 0.5, 'seed': 73, 'sim': 5, 'runtime': 0.4942822651937604, 'identifiable': 1, 'branch': 6}
6
Q: [[1 0 1 1 0 1 1 0 1 1]
 [0 1 1 0 0 1 0 1 0 1]
 [1 0 0 1 1 1 0 1 1 0]
 [0 1 1 1 0 0 0 0 1 1]
 [0 1 0 1 0 1 0 1 1 1]
 [0 1 1 1 0 0 0 0 0 1]
 [1 1 0 0 1 0 0 1 1 1]
 [1 0 1 0 0 0 0 1 0 1]
 [1 1 1 0 1 1 1 1 0 0]
 [1 1 0 1 1 0 0 1 1 1]
 [0 1 0 1 0 1 0 1 0 1]
 [0 1 0 1 0 1 1 1 1 1]
 [0 0 0 0 1 1 0 0 0 1]
 [0 1 0 0 1 1 0 0 0 0]
 [1 0 0 0 0 1 0 1 1 0]
 [0 1 1 1 0 0 0 0 0 0]
 [0 1 0 1 1 1 1 0 0 1]
 [1 0 1 1 0 1 0 0 1 0]
 [0 1 1 0 1 1 1 0 0 1]
 [0 1 0 1 1 1 0 1 1 1]
 [0 0 1 0 0 0 1 0 0 1]
 [0 0 1 1 0 1 1 0 1 1]
 [0 0 1 0 1 0 1 1 1 0]
 [1 0 0 1 0 0 1 1 0 0]
 [0 1 0 0 1 0 0 0 0 0]
 [1 1 0 1 0 1 1 1 1 1]
 [1 1 0 1 1 1 1 0 0 1]
 [1 1 0 0 0 1 1 1 1 0]
 [0 0 1 0 0 1 1 0 1 0]
 [0 1 1 0 1 1 1 1 1 1]
 [1 1 1 0 1 0 1 0 1 0]
 [1 0 0 0 0 0 1 1 0 1]
 [0 1 1 1 0 1 0 0 1 1]
 [0 1 1 0 1 1 0 0 0 0]
 [1 0 1 1 1 0 1 0 1 1]
 [0 0 1 1 0 1 0 1 1 1]
 [1 1 1 0 0 1 0 0 0 0]
 [0 1 1 1 0 0 0 0 1 0]
 [0 0 1 1 1 0 1 0 0 0]
 [1 1 1 0 1 0 0 0 1 0]
 [0 1 1 0 0 0 0 0 1 1]
 [1 0 1 0 0 1 0 1 0 1]
 [0 0 1 1 1 0 1 1 1 1]
 [0 1 0 0 0 0 1 1 1 1]
 [1 0 0 0 0 0 0 0 1 0]
 [0 1 0 0 1 1 0 0 0 1]
 [0 1 1 0 1 1 0 0 0 0]
 [0 0 0 0 0 0 1 1 1 1]
 [1 0 1 0 0 0 1 0 0 0]
 [1 0 1 0 1 0 1 0 0 1]
 [0 0 1 0 1 1 1 0 1 1]
 [1 0 0 0 0 0 1 1 1 1]
 [1 0 1 0 1 1 0 0 1 0]
 [1 0 1 0 0 0 1 1 1 0]
 [0 0 1 0 1 0 0 0 1 1]
 [0 1 0 1 1 0 0 0 0 1]
 [1 1 1 1 0 1 1 1 1 0]
 [0 1 0 0 1 1 0 0 0 1]
 [0 1 0 1 1 1 0 1 0 0]
 [1 0 1 1 1 0 0 0 1 1]
 [1 1 0 0 1 1 1 1 0 0]
 [0 0 0 1 0 0 1 1 0 1]
 [0 1 0 1 0 0 0 0 0 1]
 [1 0 1 0 1 0 0 0 0 0]
 [0 0 1 0 0 1 0 0 0 0]
 [1 1 0 1 0 1 1 1 0 0]
 [1 0 1 1 1 0 1 1 1 1]
 [1 1 0 0 1 1 0 1 0 1]
 [0 0 0 0 1 1 0 0 0 0]
 [0 0 1 1 0 0 0 1 1 1]
 [1 1 0 1 0 1 1 1 0 1]
 [0 0 1 0 0 0 0 0 0 0]
 [1 1 1 1 1 1 0 0 0 0]
 [1 0 0 1 1 0 1 0 0 1]
 [0 1 0 0 1 0 0 0 1 1]]
{'restarts': 2, 'conflicts': 583, 'decisions': 1715, 'propagations': 851028}
Q is identifiable
branch at 6
runtime for solving id of Q is 0.5232102647423744
Simulation results:
{'J': 75, 'K': 10, 'N': 10, 'p': 0.5, 'seed': 73, 'sim': 6, 'runtime': 0.5232102647423744, 'identifiable': 1, 'branch': 6}
7
Q: [[1 0 0 0 1 0 1 0 1 1]
 [0 0 1 1 1 0 0 0 0 0]
 [1 1 0 0 1 0 1 1 0 1]
 [0 1 0 0 0 1 1 0 1 0]
 [0 1 0 0 0 0 0 0 1 1]
 [1 1 1 0 1 0 1 1 0 1]
 [1 1 1 0 0 1 1 0 0 0]
 [0 1 1 1 1 1 1 1 0 1]
 [0 0 1 0 1 1 0 0 1 1]
 [0 0 1 1 1 0 1 1 0 1]
 [0 1 1 1 0 0 0 0 0 0]
 [1 1 1 1 0 1 0 1 1 1]
 [0 1 1 0 1 0 1 0 1 0]
 [1 0 1 1 0 0 0 1 1 1]
 [1 0 1 0 1 1 0 0 1 0]
 [0 0 0 0 0 1 1 1 1 1]
 [1 1 1 0 0 0 1 0 0 1]
 [0 0 1 1 1 1 1 1 1 0]
 [1 1 0 0 0 1 0 0 0 1]
 [0 0 0 0 1 0 0 1 1 1]
 [1 1 1 1 0 1 0 0 0 0]
 [1 1 1 1 1 1 0 1 1 1]
 [0 1 1 0 1 0 1 1 1 0]
 [0 1 0 1 0 0 1 0 0 0]
 [0 0 0 0 0 0 0 1 1 0]
 [0 0 0 0 0 1 1 1 0 1]
 [0 0 0 0 0 1 0 0 0 1]
 [1 1 1 0 0 1 0 1 1 0]
 [0 1 1 0 1 1 0 0 0 0]
 [0 1 1 1 1 1 1 1 0 0]
 [0 1 0 1 0 0 1 0 1 0]
 [1 1 1 0 1 0 1 0 0 0]
 [1 1 1 0 0 0 0 0 1 0]
 [0 1 1 0 0 0 1 1 0 0]
 [0 1 0 0 0 0 1 0 1 1]
 [0 1 1 0 0 1 0 0 0 1]
 [1 0 0 0 1 1 0 0 0 0]
 [1 1 1 0 1 0 1 1 1 1]
 [1 0 1 0 0 0 1 1 0 1]
 [1 1 0 1 1 0 0 1 1 0]
 [1 1 0 0 1 1 1 0 1 1]
 [0 1 0 0 0 1 0 1 1 0]
 [0 0 0 0 1 1 1 0 1 1]
 [0 0 1 1 1 0 1 0 1 0]
 [1 0 1 1 1 1 1 1 1 0]
 [0 0 1 0 1 0 0 1 0 0]
 [1 0 0 1 0 1 0 0 1 1]
 [0 0 1 1 1 1 1 1 0 1]
 [0 1 1 0 1 1 1 0 1 0]
 [0 0 0 0 1 0 1 0 1 0]
 [0 0 0 1 0 1 0 0 0 1]
 [1 1 1 0 1 1 1 1 0 1]
 [1 0 0 1 1 1 0 0 1 1]
 [0 0 1 0 0 1 1 1 1 1]
 [1 0 1 0 0 0 1 1 0 1]
 [1 1 1 1 0 1 0 0 1 0]
 [1 1 1 1 0 0 0 1 0 1]
 [0 0 0 0 1 0 1 1 1 0]
 [0 0 0 0 0 1 0 0 1 1]
 [0 1 1 0 0 1 0 1 0 0]
 [0 0 0 1 1 0 0 1 0 1]
 [1 0 0 0 0 1 0 1 0 0]
 [1 0 1 0 1 0 0 0 1 0]
 [0 1 0 1 0 1 1 0 1 0]
 [0 1 1 1 1 0 0 0 0 1]
 [1 1 1 1 0 1 1 0 1 1]
 [1 1 0 0 1 1 1 1 0 1]
 [0 0 0 1 0 0 0 0 1 0]
 [0 0 1 0 1 0 0 1 1 1]
 [0 1 0 1 0 0 1 1 0 0]
 [1 0 0 1 1 0 1 0 0 1]
 [1 0 1 0 1 0 0 1 1 1]
 [0 0 1 1 0 0 1 1 1 1]
 [0 0 1 1 0 1 1 0 0 1]
 [0 1 1 0 0 1 1 0 1 0]]
{'restarts': 1, 'conflicts': 393, 'decisions': 943, 'propagations': 464127}
Q is identifiable
branch at 6
runtime for solving id of Q is 0.5414214711636305
Simulation results:
{'J': 75, 'K': 10, 'N': 10, 'p': 0.5, 'seed': 73, 'sim': 7, 'runtime': 0.5414214711636305, 'identifiable': 1, 'branch': 6}
8
Q: [[0 0 1 0 0 1 1 0 1 1]
 [0 0 1 0 1 0 0 0 0 0]
 [0 1 1 0 0 1 1 1 1 0]
 [0 0 1 1 0 0 1 0 0 0]
 [1 1 0 1 0 0 0 0 1 1]
 [0 0 0 1 0 0 0 1 0 1]
 [1 0 1 0 0 0 1 1 0 0]
 [1 1 1 1 0 0 0 0 1 0]
 [1 0 1 0 0 0 0 1 0 0]
 [1 0 0 1 1 1 1 0 1 1]
 [0 0 0 0 1 1 1 0 1 0]
 [1 0 1 0 1 1 1 1 1 0]
 [0 0 0 0 0 1 1 0 0 1]
 [1 0 1 1 0 0 1 1 0 0]
 [1 0 0 0 0 1 1 1 1 1]
 [1 0 0 1 0 1 0 1 1 0]
 [0 0 0 1 0 0 1 1 0 0]
 [1 1 0 0 0 1 0 0 0 0]
 [1 0 0 0 0 0 0 0 0 0]
 [0 1 1 0 0 0 1 1 1 0]
 [1 0 1 0 1 0 0 1 0 0]
 [0 1 0 0 0 1 1 1 0 0]
 [0 1 0 1 1 1 0 0 1 0]
 [1 0 1 1 0 0 0 0 0 0]
 [1 1 0 1 0 1 0 0 0 0]
 [1 0 0 1 1 1 0 0 0 0]
 [0 0 0 0 1 1 0 1 1 0]
 [0 1 1 0 0 0 1 1 0 1]
 [1 0 1 0 1 0 0 1 0 0]
 [1 1 0 0 0 0 0 1 0 1]
 [1 1 1 1 0 1 1 1 1 1]
 [0 1 1 0 0 0 0 0 1 1]
 [0 0 0 0 1 0 0 1 0 0]
 [0 1 0 1 0 1 1 0 1 0]
 [0 1 1 0 1 0 1 0 0 1]
 [1 0 0 1 1 0 0 0 0 0]
 [1 0 0 1 0 1 0 1 1 1]
 [0 0 0 1 0 1 1 1 1 1]
 [1 0 0 1 0 0 1 1 1 0]
 [1 0 0 0 0 0 0 0 0 0]
 [0 0 1 1 1 0 0 1 0 0]
 [1 1 0 1 0 0 0 0 0 0]
 [0 1 0 1 0 0 1 0 1 0]
 [1 0 1 1 1 1 0 1 1 0]
 [0 0 1 1 1 1 0 0 1 1]
 [0 0 0 0 1 0 0 0 1 0]
 [1 1 1 1 0 0 0 0 1 0]
 [1 1 1 0 1 0 1 0 1 0]
 [0 0 1 0 1 0 0 1 0 1]
 [1 0 0 0 0 0 1 0 1 1]
 [1 0 0 1 0 0 1 1 1 1]
 [0 1 1 0 1 0 1 1 0 1]
 [1 0 1 0 0 0 1 0 0 0]
 [1 0 1 1 0 0 1 0 0 1]
 [1 1 0 1 1 0 1 0 1 0]
 [1 0 1 1 0 0 0 1 0 0]
 [1 0 1 0 1 0 1 0 1 0]
 [0 1 0 1 1 0 1 1 1 0]
 [1 0 0 1 1 1 0 1 1 0]
 [0 1 1 1 0 0 1 1 0 0]
 [0 0 1 0 1 0 0 0 1 0]
 [1 0 0 0 1 0 0 0 1 1]
 [1 1 0 1 1 0 0 0 0 1]
 [0 0 0 1 0 1 1 0 0 1]
 [0 1 1 0 0 0 1 1 1 1]
 [0 1 0 0 0 1 1 0 0 0]
 [1 0 1 1 0 1 0 0 1 0]
 [0 1 1 0 1 1 0 1 0 0]
 [1 0 1 1 0 0 0 0 1 1]
 [1 1 0 1 1 0 1 0 1 0]
 [1 0 1 1 1 1 0 0 1 1]
 [1 0 0 0 1 1 1 0 1 1]
 [1 1 1 0 0 0 1 1 1 0]
 [1 0 0 1 0 1 0 1 1 1]
 [0 1 1 1 0 0 0 0 1 0]]
{'restarts': 2, 'conflicts': 295, 'decisions': 1097, 'propagations': 473349}
Q is identifiable
branch at 6
runtime for solving id of Q is 0.595045275054872
Simulation results:
{'J': 75, 'K': 10, 'N': 10, 'p': 0.5, 'seed': 73, 'sim': 8, 'runtime': 0.595045275054872, 'identifiable': 1, 'branch': 6}
9
Q: [[1 1 1 1 0 1 1 1 0 0]
 [0 1 1 1 0 0 0 0 0 1]
 [0 1 1 1 1 0 0 1 1 1]
 [0 1 1 0 1 1 0 1 1 1]
 [0 1 0 1 0 1 0 1 0 0]
 [1 1 0 0 0 1 0 1 1 1]
 [1 0 0 1 0 1 0 1 0 0]
 [1 0 0 0 1 1 1 1 1 1]
 [0 1 0 0 0 0 0 0 1 0]
 [1 1 1 1 1 1 0 1 1 1]
 [1 0 1 0 0 0 1 0 0 0]
 [0 1 1 1 1 1 0 1 0 1]
 [1 1 0 0 0 0 1 0 0 0]
 [0 0 0 0 0 0 1 1 0 1]
 [1 1 1 0 0 0 0 0 1 1]
 [1 0 0 0 1 1 1 1 1 1]
 [0 1 0 0 1 1 0 1 0 0]
 [0 1 1 1 1 0 1 1 0 1]
 [1 1 0 1 0 0 1 0 0 1]
 [1 1 0 0 1 0 1 0 0 1]
 [0 1 0 0 1 1 0 0 0 1]
 [1 1 0 0 1 0 1 1 1 1]
 [1 0 0 0 0 1 1 1 0 1]
 [0 0 1 0 0 1 0 0 0 1]
 [1 1 1 0 1 1 0 0 1 0]
 [1 1 0 1 1 0 0 1 1 1]
 [1 1 1 0 0 1 0 1 1 0]
 [1 1 1 0 0 1 0 0 1 0]
 [1 0 0 1 1 0 0 1 0 1]
 [1 0 1 0 0 0 0 1 0 0]
 [1 0 0 1 0 0 1 1 0 1]
 [1 1 1 0 1 0 1 1 0 1]
 [1 0 1 1 0 0 1 1 1 0]
 [0 0 0 0 1 0 1 1 0 1]
 [1 1 0 0 0 0 1 1 0 1]
 [0 0 0 1 1 0 1 1 0 1]
 [0 1 1 0 1 1 0 1 0 1]
 [0 1 0 0 1 0 0 0 1 1]
 [1 0 1 1 1 0 0 1 0 1]
 [0 0 0 0 1 1 1 0 0 1]
 [1 0 1 0 1 0 1 1 0 0]
 [1 1 0 0 1 0 1 1 0 0]
 [0 1 0 0 1 0 1 1 1 1]
 [1 0 1 1 1 0 1 0 1 1]
 [1 0 1 0 1 0 1 0 1 0]
 [0 0 0 1 0 0 1 0 1 1]
 [1 1 0 1 1 0 0 1 1 1]
 [0 0 1 0 1 1 1 0 0 1]
 [1 0 0 0 0 1 0 1 0 1]
 [1 1 0 1 1 0 1 1 1 1]
 [0 1 1 1 1 0 0 1 1 0]
 [0 1 1 1 0 0 0 1 1 0]
 [0 0 1 1 0 1 1 0 1 0]
 [1 1 1 0 1 0 1 1 0 0]
 [0 1 0 1 0 0 0 0 0 0]
 [0 0 1 0 0 1 0 0 0 0]
 [1 0 0 1 0 1 1 0 0 1]
 [1 1 1 0 1 1 0 0 1 0]
 [0 0 0 1 1 0 1 1 1 1]
 [1 1 0 0 1 0 1 1 1 1]
 [1 1 1 1 1 1 1 1 0 1]
 [1 0 0 1 1 0 1 0 1 1]
 [1 1 1 1 1 0 0 1 0 1]
 [0 1 1 0 0 0 1 1 1 1]
 [0 0 1 1 0 1 0 0 1 0]
 [0 0 1 0 0 1 0 0 0 0]
 [0 0 0 1 0 0 0 1 0 1]
 [0 1 1 0 1 1 1 1 0 0]
 [1 1 0 1 0 0 0 0 1 1]
 [1 1 1 0 1 1 0 0 1 1]
 [0 1 1 1 1 0 0 0 1 0]
 [0 0 1 0 1 1 1 0 1 1]
 [0 0 1 1 1 0 0 0 0 0]
 [1 0 0 0 0 1 0 1 1 1]
 [0 1 1 1 1 1 1 0 0 1]]
{'restarts': 2, 'conflicts': 545, 'decisions': 1468, 'propagations': 690635}
Q is identifiable
branch at 6
runtime for solving id of Q is 0.4605939448811114
Simulation results:
{'J': 75, 'K': 10, 'N': 10, 'p': 0.5, 'seed': 73, 'sim': 9, 'runtime': 0.4605939448811114, 'identifiable': 1, 'branch': 6}
Simulation results:
[{'J': 75, 'K': 10, 'N': 10, 'p': 0.5, 'seed': 73, 'sim': 0, 'runtime': 0.5461479686200619, 'identifiable': 1, 'branch': 6}, {'J': 75, 'K': 10, 'N': 10, 'p': 0.5, 'seed': 73, 'sim': 1, 'runtime': 0.533555899746716, 'identifiable': 1, 'branch': 6}, {'J': 75, 'K': 10, 'N': 10, 'p': 0.5, 'seed': 73, 'sim': 2, 'runtime': 0.4617882869206369, 'identifiable': 1, 'branch': 6}, {'J': 75, 'K': 10, 'N': 10, 'p': 0.5, 'seed': 73, 'sim': 3, 'runtime': 0.5226953951641917, 'identifiable': 1, 'branch': 6}, {'J': 75, 'K': 10, 'N': 10, 'p': 0.5, 'seed': 73, 'sim': 4, 'runtime': 0.5377367311157286, 'identifiable': 1, 'branch': 6}, {'J': 75, 'K': 10, 'N': 10, 'p': 0.5, 'seed': 73, 'sim': 5, 'runtime': 0.4942822651937604, 'identifiable': 1, 'branch': 6}, {'J': 75, 'K': 10, 'N': 10, 'p': 0.5, 'seed': 73, 'sim': 6, 'runtime': 0.5232102647423744, 'identifiable': 1, 'branch': 6}, {'J': 75, 'K': 10, 'N': 10, 'p': 0.5, 'seed': 73, 'sim': 7, 'runtime': 0.5414214711636305, 'identifiable': 1, 'branch': 6}, {'J': 75, 'K': 10, 'N': 10, 'p': 0.5, 'seed': 73, 'sim': 8, 'runtime': 0.595045275054872, 'identifiable': 1, 'branch': 6}, {'J': 75, 'K': 10, 'N': 10, 'p': 0.5, 'seed': 73, 'sim': 9, 'runtime': 0.4605939448811114, 'identifiable': 1, 'branch': 6}]
