
The Gurobi software has a limited number of licenses. To request a license or
licenses, add this line

    #SBATCH --licenses=gurobi@slurmdb:1

to your SBATCH script, replacing N with the number of licenses you need. Gurobi
will need one license per process.


0
Q: [[1 1 1 0 0 0 1 1 1 1]
 [1 0 1 1 1 1 0 1 0 0]
 [1 1 1 1 1 0 1 1 1 0]
 [0 1 1 1 1 1 1 0 1 1]
 [1 1 1 1 1 1 1 1 0 1]
 [1 1 1 1 0 0 1 1 1 0]
 [0 1 0 1 1 1 1 0 1 1]
 [1 1 1 1 0 1 1 0 1 0]
 [1 0 1 0 1 1 1 1 1 0]
 [1 1 1 1 0 0 1 1 1 1]
 [1 0 1 0 1 1 1 0 1 1]
 [0 1 1 0 0 1 0 1 1 1]
 [1 1 1 1 0 1 0 0 1 1]
 [1 1 0 1 1 0 0 1 1 1]
 [0 1 1 0 1 1 0 1 0 1]
 [1 1 0 1 1 1 0 1 1 0]
 [1 1 0 0 0 1 1 0 1 1]
 [1 0 1 1 1 0 1 1 1 1]
 [1 0 0 1 1 0 1 1 0 1]
 [1 1 0 1 1 0 0 1 1 1]
 [1 1 0 1 1 1 1 0 0 1]
 [0 1 0 1 1 0 0 0 1 1]
 [1 1 1 1 1 1 1 0 0 1]
 [1 1 0 1 1 1 0 0 1 1]
 [1 1 1 0 1 1 0 0 0 0]
 [1 1 1 1 1 0 1 1 0 1]
 [0 1 1 1 1 1 0 1 1 0]
 [0 1 1 1 1 0 1 1 1 1]
 [1 1 1 1 1 1 1 1 1 1]
 [1 1 0 0 1 1 0 1 1 1]
 [1 1 1 1 1 1 1 1 1 1]
 [0 1 1 0 1 1 0 1 1 0]
 [1 1 0 0 1 1 1 0 1 1]
 [0 1 1 1 1 1 1 1 1 0]
 [0 0 1 0 1 0 0 0 1 1]
 [0 0 1 1 1 1 0 1 1 0]
 [1 0 1 1 1 1 1 0 1 0]
 [1 1 0 1 1 1 1 0 1 0]
 [1 1 1 1 1 1 1 1 0 1]
 [1 1 0 0 1 0 1 1 0 1]
 [1 1 1 0 0 0 1 1 0 1]
 [0 0 0 1 0 1 1 1 1 0]
 [1 1 1 1 1 1 1 0 0 0]
 [0 1 1 0 0 1 0 1 1 1]
 [1 1 0 1 1 1 0 0 1 1]
 [0 0 1 1 0 0 0 1 1 0]
 [1 0 0 1 1 1 1 0 1 1]
 [0 1 0 1 0 1 1 0 1 1]
 [1 0 1 1 1 1 1 1 0 0]
 [1 1 1 1 1 1 0 0 1 1]]
{'restarts': 17, 'conflicts': 5319, 'decisions': 10296, 'propagations': 2817314}
Q is identifiable
branch at 6
runtime for solving id of Q is 0.44958364497870207
Simulation results:
{'J': 50, 'K': 10, 'N': 10, 'p': 0.7, 'seed': 176, 'sim': 0, 'runtime': 0.44958364497870207, 'identifiable': 1, 'branch': 6}
1
Q: [[1 1 1 1 1 1 0 1 1 0]
 [1 0 1 0 1 1 1 0 1 1]
 [1 1 1 1 1 1 1 1 1 1]
 [1 0 0 1 1 0 0 1 1 1]
 [1 1 1 0 1 1 1 0 1 1]
 [1 0 1 0 1 1 1 0 1 1]
 [1 1 1 1 1 0 1 1 0 1]
 [1 0 0 1 1 0 0 1 1 1]
 [1 0 1 0 1 0 0 1 1 1]
 [1 0 1 1 1 1 0 1 1 1]
 [1 0 1 0 1 0 1 0 1 1]
 [0 0 1 1 1 0 1 1 0 0]
 [0 1 1 0 0 1 1 0 1 0]
 [0 1 0 1 0 0 1 1 0 0]
 [1 1 1 1 1 1 1 0 1 1]
 [0 1 1 1 0 1 0 1 1 0]
 [0 1 0 1 1 1 0 1 0 1]
 [0 0 0 1 1 1 1 1 1 1]
 [1 0 0 1 0 1 1 1 0 1]
 [1 1 1 0 1 1 1 1 1 1]
 [1 1 1 0 1 1 1 0 1 1]
 [1 1 1 1 0 0 0 0 1 1]
 [1 0 0 1 1 1 0 1 0 0]
 [1 0 1 0 1 1 0 1 0 0]
 [0 1 0 1 1 1 1 1 0 1]
 [0 0 1 0 0 1 0 1 1 1]
 [1 1 0 1 0 0 0 0 1 1]
 [1 1 1 1 1 0 1 1 1 0]
 [1 1 1 1 1 1 0 0 0 1]
 [0 1 1 1 1 1 1 1 1 1]
 [1 1 1 1 1 1 0 0 1 1]
 [1 1 1 1 1 1 1 1 0 1]
 [1 1 1 1 1 1 1 0 1 1]
 [1 1 1 1 1 0 1 0 1 1]
 [0 0 1 1 1 0 1 0 1 1]
 [0 1 1 1 1 1 1 0 1 1]
 [0 1 1 1 0 1 1 1 0 0]
 [1 1 1 1 0 1 0 1 1 0]
 [1 1 1 0 0 1 0 0 0 0]
 [1 0 1 1 1 1 0 0 0 1]
 [0 1 1 1 0 0 1 0 1 1]
 [0 1 0 1 0 0 0 0 1 1]
 [1 1 0 1 1 1 0 1 0 0]
 [1 1 0 0 0 1 1 1 1 1]
 [1 1 0 0 1 1 0 1 1 1]
 [1 1 1 1 1 0 1 1 0 0]
 [0 1 0 1 0 1 1 0 1 0]
 [1 0 0 1 1 0 1 1 1 1]
 [1 0 1 1 0 1 1 0 1 0]
 [1 1 0 0 1 0 0 1 0 1]]
{'restarts': 127, 'conflicts': 51917, 'decisions': 74823, 'propagations': 29797677}
Q is identifiable
branch at 6
runtime for solving id of Q is 5.359110252931714
Simulation results:
{'J': 50, 'K': 10, 'N': 10, 'p': 0.7, 'seed': 176, 'sim': 1, 'runtime': 5.359110252931714, 'identifiable': 1, 'branch': 6}
2
Q: [[1 0 0 1 1 0 1 1 1 0]
 [1 0 1 1 1 1 1 0 0 0]
 [0 1 1 1 1 0 0 1 1 1]
 [0 1 0 1 1 1 0 1 0 0]
 [1 1 0 1 1 1 0 0 1 1]
 [1 1 1 0 1 1 0 0 0 1]
 [0 0 0 0 1 1 1 1 1 1]
 [1 1 0 0 0 1 1 1 1 1]
 [1 1 1 1 1 1 1 1 1 0]
 [1 1 1 1 1 1 0 0 1 1]
 [1 0 0 0 1 0 1 1 1 1]
 [1 1 0 1 1 1 0 1 1 0]
 [0 1 0 1 1 1 1 1 0 1]
 [1 0 1 1 0 0 0 1 1 0]
 [1 1 0 0 1 1 1 1 1 0]
 [0 0 1 1 1 1 0 1 0 1]
 [1 1 0 1 1 1 1 0 1 1]
 [1 1 1 1 1 1 1 1 0 1]
 [0 0 1 0 0 0 1 0 0 1]
 [1 1 1 0 0 1 1 1 1 0]
 [1 1 1 0 0 1 0 1 0 1]
 [1 1 0 1 1 0 1 1 1 1]
 [1 1 0 0 0 1 0 1 1 1]
 [0 0 1 1 1 0 1 0 1 1]
 [1 1 1 0 1 1 1 0 1 1]
 [1 1 0 0 1 1 0 1 1 0]
 [1 1 1 1 1 0 1 0 1 1]
 [1 1 0 1 1 1 1 0 1 1]
 [1 1 0 1 0 0 1 1 0 0]
 [1 0 0 1 1 0 1 1 1 1]
 [0 0 1 0 1 1 1 1 0 1]
 [0 1 0 1 1 0 0 0 1 0]
 [1 1 1 0 0 1 0 1 1 0]
 [0 1 0 1 0 0 0 0 1 1]
 [1 0 0 0 0 0 1 1 1 1]
 [1 1 1 1 1 0 1 0 0 0]
 [1 1 1 0 0 1 1 1 1 0]
 [1 1 1 1 0 1 1 0 1 0]
 [1 0 0 1 1 1 0 0 1 1]
 [0 0 1 1 1 1 0 1 1 0]
 [1 1 0 1 1 1 1 0 1 1]
 [1 0 1 1 1 1 1 0 1 1]
 [1 1 1 0 0 1 1 1 1 1]
 [1 1 1 1 0 0 0 0 1 1]
 [0 1 1 1 1 0 1 1 1 1]
 [0 0 0 0 1 1 1 1 1 1]
 [1 1 1 0 1 0 0 1 0 1]
 [1 1 1 1 0 0 0 0 1 1]
 [1 1 0 0 1 1 1 1 1 1]
 [1 1 1 1 1 1 0 1 1 0]]
{'restarts': 55, 'conflicts': 19918, 'decisions': 32049, 'propagations': 10558519}
Q is identifiable
branch at 6
runtime for solving id of Q is 1.7689492045901716
Simulation results:
{'J': 50, 'K': 10, 'N': 10, 'p': 0.7, 'seed': 176, 'sim': 2, 'runtime': 1.7689492045901716, 'identifiable': 1, 'branch': 6}
3
Q: [[0 0 1 1 1 1 1 0 1 1]
 [1 1 0 1 0 0 0 0 1 1]
 [1 0 1 1 1 1 1 1 1 1]
 [1 1 1 1 0 0 0 0 1 1]
 [0 0 1 1 0 1 1 1 1 1]
 [0 1 1 1 1 1 0 1 1 0]
 [0 1 0 1 1 1 0 1 0 1]
 [1 1 1 0 1 0 1 1 0 1]
 [0 1 1 0 1 1 0 0 0 1]
 [1 0 1 1 1 1 1 1 1 0]
 [0 1 0 1 1 0 1 1 1 1]
 [1 0 0 1 0 0 1 0 1 1]
 [0 1 1 1 1 1 1 1 0 0]
 [1 1 1 1 1 0 0 0 0 1]
 [0 0 1 1 1 0 0 1 0 0]
 [1 1 1 1 1 1 0 1 1 1]
 [1 1 1 1 1 1 0 0 1 0]
 [1 0 1 1 0 0 1 1 1 0]
 [0 1 0 1 1 0 1 1 0 1]
 [1 0 1 0 0 1 1 1 0 0]
 [0 1 1 1 1 0 0 1 1 1]
 [0 0 1 0 1 1 1 1 0 1]
 [1 1 1 0 1 1 0 1 0 1]
 [1 1 1 1 1 1 1 1 0 1]
 [1 1 1 1 0 1 0 1 1 0]
 [1 1 1 0 1 1 0 0 1 1]
 [0 0 1 1 0 1 0 1 1 1]
 [0 1 1 1 0 1 1 0 0 0]
 [1 0 0 0 1 0 1 1 1 1]
 [1 1 1 0 1 0 0 1 1 0]
 [1 1 1 1 1 1 1 1 0 0]
 [1 1 0 1 1 0 1 1 1 1]
 [1 0 1 1 1 0 1 1 1 1]
 [0 1 1 1 1 0 1 1 1 1]
 [0 1 1 1 1 1 1 1 1 1]
 [1 1 1 1 1 1 1 1 1 1]
 [1 1 1 1 1 1 1 1 0 0]
 [1 1 1 0 1 1 1 0 1 1]
 [1 1 1 1 1 0 0 1 1 0]
 [1 1 1 0 0 1 1 0 1 1]
 [1 1 0 1 1 0 1 1 1 1]
 [1 1 1 1 1 1 1 0 1 1]
 [1 1 1 1 0 1 1 1 0 0]
 [1 1 0 1 1 0 1 0 1 0]
 [1 1 0 1 1 1 1 1 0 1]
 [0 1 1 1 1 1 1 1 1 1]
 [1 0 0 0 0 1 1 1 1 1]
 [1 0 0 1 1 0 0 1 1 1]
 [1 0 0 0 0 0 1 1 1 1]
 [0 0 0 0 1 1 1 1 0 1]]
{'restarts': 148, 'conflicts': 39581, 'decisions': 63463, 'propagations': 20531754}
Q is identifiable
branch at 6
runtime for solving id of Q is 3.819600136950612
Simulation results:
{'J': 50, 'K': 10, 'N': 10, 'p': 0.7, 'seed': 176, 'sim': 3, 'runtime': 3.819600136950612, 'identifiable': 1, 'branch': 6}
4
Q: [[0 0 0 1 1 1 0 1 1 0]
 [1 1 1 1 1 1 0 1 1 0]
 [1 1 0 0 1 1 0 1 1 0]
 [0 1 1 1 1 1 0 1 1 0]
 [0 0 1 1 1 1 1 1 1 0]
 [1 1 0 0 1 0 1 0 1 1]
 [0 1 1 1 1 1 1 1 1 1]
 [1 0 1 1 1 0 1 0 0 1]
 [1 1 1 0 1 1 1 0 1 1]
 [1 0 1 1 0 0 1 1 1 1]
 [1 0 1 1 0 1 1 0 0 1]
 [0 1 1 1 1 1 0 1 1 1]
 [1 0 1 1 0 0 1 1 1 0]
 [0 1 1 1 1 1 1 0 1 1]
 [1 1 1 0 1 1 1 1 0 0]
 [1 0 1 0 1 1 1 1 0 1]
 [0 1 0 0 1 0 1 1 1 1]
 [1 1 1 1 1 1 1 0 1 1]
 [1 0 1 0 1 0 1 0 1 1]
 [0 0 1 0 1 0 1 1 1 1]
 [1 1 0 0 1 1 1 1 1 1]
 [1 1 0 0 1 1 0 1 1 0]
 [0 1 1 1 0 1 1 1 0 1]
 [0 0 0 1 1 1 1 1 0 1]
 [1 1 1 1 0 0 1 0 1 1]
 [1 0 1 1 1 0 1 1 1 1]
 [1 1 0 1 1 0 1 1 1 1]
 [0 0 0 1 1 0 1 1 1 1]
 [1 1 0 0 1 1 1 1 0 1]
 [1 1 1 0 0 1 0 1 1 0]
 [1 1 1 1 1 0 0 1 1 1]
 [0 0 0 1 0 0 0 1 0 0]
 [0 0 1 0 1 0 1 1 1 0]
 [1 1 0 1 1 1 0 1 1 1]
 [0 0 1 1 1 1 1 0 1 0]
 [0 1 0 1 0 1 0 1 1 0]
 [1 1 1 1 0 1 0 1 1 1]
 [1 1 1 1 0 0 1 0 0 0]
 [1 1 1 1 1 1 1 1 1 1]
 [1 0 1 1 1 1 1 0 1 1]
 [1 1 1 1 1 1 1 1 0 1]
 [1 1 0 1 1 1 1 1 0 1]
 [1 0 1 0 1 1 0 0 1 0]
 [0 0 0 1 1 1 0 0 0 1]
 [0 1 1 0 1 1 0 0 1 1]
 [0 1 1 0 1 0 1 1 1 1]
 [0 0 0 0 0 1 1 1 1 1]
 [1 1 1 0 1 1 1 1 1 1]
 [1 1 1 1 1 1 1 1 1 1]
 [1 0 0 1 1 1 0 1 1 0]]
{'restarts': 5, 'conflicts': 2698, 'decisions': 5655, 'propagations': 1450706}
Q is identifiable
branch at 6
runtime for solving id of Q is 0.28899046685546637
Simulation results:
{'J': 50, 'K': 10, 'N': 10, 'p': 0.7, 'seed': 176, 'sim': 4, 'runtime': 0.28899046685546637, 'identifiable': 1, 'branch': 6}
5
Q: [[1 0 1 1 1 1 1 1 1 1]
 [1 1 1 1 1 0 1 0 1 0]
 [0 1 1 1 1 1 1 1 1 1]
 [0 1 0 1 0 1 1 1 1 1]
 [1 0 0 1 1 1 1 1 1 1]
 [0 0 0 0 1 1 1 1 0 0]
 [0 1 1 0 1 1 1 0 1 1]
 [1 1 1 0 1 1 1 1 1 0]
 [1 0 1 1 1 0 1 1 0 0]
 [0 1 1 1 1 1 1 1 0 1]
 [1 0 1 1 0 1 1 1 0 0]
 [1 1 1 1 1 0 0 1 1 1]
 [0 1 1 0 0 1 1 0 1 1]
 [0 1 1 1 1 1 1 1 1 0]
 [1 0 0 0 1 1 0 1 0 1]
 [0 1 1 1 0 1 1 1 0 1]
 [0 1 0 0 1 1 1 0 1 1]
 [1 0 1 1 1 1 1 1 0 0]
 [0 1 1 1 0 0 1 1 1 0]
 [0 1 1 0 1 1 0 0 1 1]
 [1 1 1 1 1 1 1 0 1 1]
 [0 1 0 1 1 1 1 1 1 0]
 [1 1 1 1 1 1 1 1 1 1]
 [1 1 0 0 0 1 1 0 1 1]
 [1 1 1 1 1 0 1 1 0 1]
 [1 0 1 0 0 0 1 1 0 1]
 [0 1 0 0 1 1 1 1 0 1]
 [1 1 1 1 1 1 0 1 1 1]
 [1 1 1 1 1 0 1 0 1 0]
 [1 0 1 1 0 0 1 0 1 0]
 [0 1 0 1 1 1 1 1 1 1]
 [0 1 1 1 1 1 1 1 0 1]
 [0 1 0 0 0 1 1 1 1 1]
 [1 0 0 0 0 0 1 0 1 1]
 [1 0 1 0 1 1 0 1 1 1]
 [0 1 1 0 1 1 0 0 0 1]
 [0 1 1 1 0 1 1 0 1 1]
 [1 0 1 0 1 1 1 1 1 1]
 [1 0 1 0 1 0 0 1 1 1]
 [1 1 1 1 0 1 1 1 1 1]
 [1 0 0 1 1 1 1 1 1 1]
 [1 0 1 1 0 0 0 1 1 1]
 [1 1 0 1 1 1 1 1 1 1]
 [1 0 1 1 1 0 1 1 1 1]
 [1 1 1 0 1 1 1 0 1 1]
 [1 1 0 1 1 1 0 1 0 1]
 [0 1 0 1 1 0 0 0 1 1]
 [0 1 0 1 0 0 0 1 1 1]
 [1 0 1 1 1 0 0 1 1 1]
 [0 0 1 1 1 1 1 0 0 0]]
{'restarts': 45, 'conflicts': 15280, 'decisions': 26674, 'propagations': 6760720}
Q is identifiable
branch at 6
runtime for solving id of Q is 1.053908043075353
Simulation results:
{'J': 50, 'K': 10, 'N': 10, 'p': 0.7, 'seed': 176, 'sim': 5, 'runtime': 1.053908043075353, 'identifiable': 1, 'branch': 6}
6
Q: [[1 1 0 1 1 1 1 1 1 1]
 [0 1 1 1 1 0 1 0 0 0]
 [1 1 1 1 1 0 1 1 1 1]
 [1 0 1 1 1 1 1 1 1 0]
 [1 0 1 1 0 0 1 0 1 0]
 [1 1 1 1 1 1 1 0 1 0]
 [1 1 1 0 1 0 1 1 1 1]
 [1 1 0 0 1 1 1 1 0 0]
 [1 1 1 1 0 1 1 1 0 1]
 [1 1 1 1 1 0 1 1 0 1]
 [1 1 1 1 1 1 1 1 1 1]
 [1 1 1 1 0 1 1 1 1 0]
 [1 1 0 0 1 1 1 1 1 1]
 [1 0 1 1 1 0 1 1 0 0]
 [1 1 1 1 1 1 1 1 0 1]
 [1 0 1 1 1 0 1 1 1 0]
 [0 0 0 0 1 0 1 1 1 0]
 [0 1 1 1 0 1 1 1 1 1]
 [1 0 1 1 1 1 1 1 0 1]
 [1 1 1 0 0 0 1 1 0 1]
 [1 1 1 1 1 1 1 0 1 1]
 [1 1 1 1 1 1 1 0 1 1]
 [1 1 1 1 1 1 1 0 1 0]
 [1 0 1 1 1 0 1 1 1 1]
 [1 1 1 1 1 1 0 1 1 1]
 [1 1 1 1 0 1 1 1 0 1]
 [0 1 0 1 1 0 0 1 0 1]
 [1 0 1 0 1 1 0 1 1 1]
 [1 1 1 1 1 1 1 1 0 0]
 [1 1 1 1 0 1 0 1 1 1]
 [0 1 1 1 1 1 1 1 1 1]
 [1 0 1 0 0 1 1 1 1 1]
 [1 1 1 1 1 0 1 1 1 0]
 [1 0 1 1 1 1 0 0 1 1]
 [1 1 1 1 1 1 0 1 1 1]
 [1 1 1 1 0 1 0 1 0 1]
 [1 1 1 1 1 1 1 0 1 1]
 [1 0 1 0 1 1 1 1 1 1]
 [0 1 0 0 1 1 0 1 1 0]
 [0 1 1 0 1 1 1 0 1 0]
 [0 1 1 1 0 0 0 0 0 0]
 [1 1 1 1 1 1 0 0 1 0]
 [0 1 1 0 0 0 1 1 1 0]
 [0 0 1 0 1 1 1 1 1 1]
 [1 1 0 1 0 1 1 1 1 1]
 [0 1 0 1 0 0 1 1 1 1]
 [1 0 1 0 0 1 1 1 0 1]
 [0 1 1 1 0 1 1 1 1 0]
 [1 1 0 1 1 0 1 1 1 1]
 [0 1 1 1 1 1 0 1 0 1]]
{'restarts': 41, 'conflicts': 13475, 'decisions': 22703, 'propagations': 5448858}
Q is identifiable
branch at 6
runtime for solving id of Q is 0.8754378012381494
Simulation results:
{'J': 50, 'K': 10, 'N': 10, 'p': 0.7, 'seed': 176, 'sim': 6, 'runtime': 0.8754378012381494, 'identifiable': 1, 'branch': 6}
7
Q: [[1 0 0 1 1 1 1 1 0 0]
 [1 0 0 1 1 1 0 1 0 0]
 [1 0 1 1 0 1 1 1 1 1]
 [0 1 1 0 0 0 1 1 1 1]
 [1 1 1 1 1 1 0 1 1 1]
 [0 1 1 1 0 1 1 1 0 1]
 [1 0 0 1 1 1 0 1 0 1]
 [1 1 0 1 0 0 0 1 1 1]
 [1 0 0 1 1 0 0 0 1 1]
 [1 0 1 1 1 1 1 1 1 1]
 [0 1 1 1 0 1 1 1 1 1]
 [1 0 1 1 0 1 1 1 1 1]
 [1 0 0 1 1 1 1 0 1 1]
 [0 1 0 0 1 0 0 1 1 1]
 [1 0 1 1 1 1 1 1 1 1]
 [1 0 1 1 1 1 1 1 0 1]
 [1 1 1 0 1 0 1 0 0 0]
 [0 0 1 1 1 1 1 1 1 0]
 [0 0 0 1 0 1 0 0 1 1]
 [1 1 0 1 0 1 1 0 0 1]
 [1 1 1 1 1 1 1 1 0 1]
 [1 1 1 0 0 1 0 0 1 0]
 [1 0 0 0 0 1 1 1 1 1]
 [0 0 1 1 1 1 0 0 0 1]
 [0 1 1 0 1 1 0 1 1 0]
 [0 1 0 0 1 0 1 1 1 1]
 [1 0 1 1 1 0 1 1 0 1]
 [0 1 1 1 1 0 1 1 0 1]
 [1 0 1 1 0 1 0 1 1 0]
 [0 1 1 0 0 1 1 1 1 1]
 [0 1 1 1 1 1 1 1 1 1]
 [0 1 1 0 1 1 1 1 1 0]
 [0 1 1 1 1 1 0 0 1 0]
 [0 1 1 0 1 1 0 0 1 1]
 [1 1 1 1 1 1 1 1 0 0]
 [1 1 1 1 0 1 1 1 1 1]
 [1 1 1 1 0 1 1 1 0 1]
 [1 1 0 1 1 1 1 1 1 1]
 [1 1 1 0 1 1 0 0 1 1]
 [1 1 0 0 1 1 0 1 0 1]
 [0 1 0 1 1 1 0 1 1 1]
 [1 0 0 1 1 0 1 1 1 0]
 [0 1 1 0 0 1 1 1 1 1]
 [1 0 1 0 1 1 1 0 0 1]
 [1 0 1 0 1 0 1 1 0 1]
 [0 1 0 1 1 0 0 0 1 1]
 [0 1 1 0 1 1 1 0 1 0]
 [1 1 1 1 0 1 1 1 1 1]
 [1 0 1 1 1 1 1 1 0 1]
 [0 0 1 1 1 1 0 0 0 1]]
{'restarts': 28, 'conflicts': 11711, 'decisions': 20501, 'propagations': 6117884}
Q is identifiable
branch at 6
runtime for solving id of Q is 0.9065150329843163
Simulation results:
{'J': 50, 'K': 10, 'N': 10, 'p': 0.7, 'seed': 176, 'sim': 7, 'runtime': 0.9065150329843163, 'identifiable': 1, 'branch': 6}
8
Q: [[0 1 0 1 1 0 1 0 1 1]
 [0 1 0 0 1 1 1 1 1 0]
 [1 0 1 0 1 0 1 1 1 1]
 [0 1 0 1 1 1 1 1 1 1]
 [0 0 1 1 0 1 1 1 0 1]
 [0 1 0 1 1 1 1 1 1 1]
 [0 0 1 1 1 0 0 1 1 1]
 [1 1 0 1 1 1 1 0 1 1]
 [1 1 1 0 1 1 1 0 1 1]
 [1 0 1 1 1 1 1 1 0 0]
 [1 1 1 1 0 1 1 1 1 1]
 [0 1 0 1 1 0 0 1 1 0]
 [1 0 1 1 1 1 0 0 1 0]
 [0 1 1 1 0 0 0 0 1 1]
 [1 1 0 1 1 1 1 0 0 1]
 [1 1 0 1 1 1 1 1 1 1]
 [1 1 0 1 1 1 1 0 0 0]
 [1 1 0 0 1 1 0 1 0 1]
 [0 1 1 1 1 1 1 0 1 1]
 [0 1 1 1 1 1 1 1 1 0]
 [1 1 1 1 1 1 1 1 1 1]
 [1 1 1 1 0 1 0 0 1 1]
 [1 1 1 1 1 1 0 1 0 0]
 [1 0 1 1 1 1 1 1 1 1]
 [0 1 0 1 1 0 1 0 1 1]
 [0 1 0 0 1 1 1 1 1 1]
 [1 0 1 0 0 1 1 1 1 1]
 [1 1 0 1 0 1 0 1 0 1]
 [1 0 1 1 1 1 1 1 0 1]
 [1 0 1 1 1 1 1 1 1 1]
 [1 1 1 1 1 1 1 1 1 1]
 [0 1 1 1 1 1 0 0 1 0]
 [0 1 1 1 1 1 1 1 0 0]
 [1 1 1 1 1 1 1 1 1 0]
 [1 0 1 1 1 1 1 1 1 1]
 [1 1 1 1 0 1 1 1 0 1]
 [0 1 1 1 1 0 1 1 0 1]
 [0 1 1 0 1 1 0 1 1 1]
 [0 1 1 0 1 0 1 1 1 0]
 [1 1 1 1 1 1 1 1 1 0]
 [1 0 1 1 0 1 0 1 1 1]
 [0 0 0 1 0 1 1 1 1 0]
 [1 1 1 1 1 1 1 1 0 1]
 [0 1 1 1 1 1 0 1 0 0]
 [1 1 1 0 0 0 1 1 1 1]
 [1 0 1 1 1 1 1 1 0 1]
 [0 1 1 0 1 0 1 0 1 1]
 [1 0 1 1 1 1 1 1 0 1]
 [0 1 1 1 1 0 1 1 0 0]
 [1 1 1 0 1 1 1 1 1 1]]
{'restarts': 17, 'conflicts': 4490, 'decisions': 9421, 'propagations': 1791176}
Q is not identifiable, and Q_bar is [[0 1 0 1 1 0 1 0 1 0]
 [0 0 0 0 1 1 1 1 1 0]
 [1 0 1 0 0 0 1 1 1 1]
 [0 1 0 1 1 1 1 1 1 0]
 [0 0 0 1 0 1 1 1 0 1]
 [0 1 0 1 1 1 1 1 1 0]
 [0 0 1 1 0 0 0 1 1 1]
 [1 1 0 1 1 1 1 0 1 0]
 [1 1 1 0 0 1 1 0 1 0]
 [1 0 1 1 0 1 1 1 0 0]
 [1 1 0 1 0 1 1 1 1 1]
 [0 0 0 1 1 0 0 1 1 0]
 [1 0 1 1 0 1 0 0 1 0]
 [0 1 0 1 0 0 0 0 1 1]
 [1 1 0 1 1 1 1 0 0 0]
 [1 1 0 1 1 1 1 1 1 0]
 [1 0 0 1 1 1 1 0 0 0]
 [1 1 0 0 1 1 0 1 0 0]
 [0 1 1 1 1 1 1 0 1 0]
 [0 0 1 1 1 1 1 1 1 0]
 [1 0 0 1 1 1 1 1 1 1]
 [1 1 0 1 0 1 0 0 1 1]
 [1 0 1 1 1 1 0 1 0 0]
 [1 0 1 1 0 1 1 1 1 1]
 [0 1 0 1 1 0 1 0 1 0]
 [0 1 0 0 1 1 1 1 1 0]
 [1 0 0 0 0 1 1 1 1 1]
 [1 1 0 1 0 1 0 1 0 0]
 [1 0 1 1 0 1 1 1 0 1]
 [1 0 1 1 0 1 1 1 1 1]
 [1 0 0 1 1 1 1 1 1 1]
 [0 0 1 1 1 1 0 0 1 0]
 [0 0 1 1 1 1 1 1 0 0]
 [1 0 1 1 1 1 1 1 1 0]
 [1 0 1 1 0 1 1 1 1 1]
 [1 1 0 1 0 1 1 1 0 1]
 [0 0 0 1 1 0 1 1 0 1]
 [0 1 1 0 0 1 0 1 1 0]
 [0 0 1 0 1 0 1 1 1 0]
 [1 0 1 1 1 1 1 1 1 0]
 [1 0 0 1 0 1 0 1 1 1]
 [0 0 0 1 0 1 1 1 1 0]
 [1 0 1 1 1 1 1 1 0 1]
 [0 0 1 1 1 1 0 1 0 0]
 [1 1 0 0 0 0 1 1 1 1]
 [1 0 1 1 0 1 1 1 0 1]
 [0 0 0 0 1 0 1 0 1 1]
 [1 0 1 1 0 1 1 1 0 1]
 [0 0 1 1 1 0 1 1 0 0]
 [1 0 0 0 1 1 1 1 1 1]]
branch at 5
runtime for solving id of Q is 0.35589978098869324
Simulation results:
{'J': 50, 'K': 10, 'N': 10, 'p': 0.7, 'seed': 176, 'sim': 8, 'runtime': 0.35589978098869324, 'identifiable': 0, 'branch': 5}
9
Q: [[0 1 0 1 1 1 0 1 1 0]
 [0 0 0 1 1 0 1 0 0 1]
 [1 1 0 0 0 1 1 1 1 1]
 [1 1 0 1 1 0 1 1 0 0]
 [1 1 1 1 1 1 1 1 1 1]
 [0 1 1 0 0 1 1 1 1 1]
 [1 0 1 0 1 1 1 0 1 0]
 [1 1 0 1 1 1 1 1 1 1]
 [0 1 0 1 1 0 0 1 0 1]
 [1 1 1 1 1 1 0 0 1 1]
 [0 1 0 1 1 1 1 1 0 0]
 [0 0 1 0 1 1 1 1 1 1]
 [0 1 0 1 1 0 1 1 0 1]
 [1 1 1 1 1 1 0 1 1 0]
 [1 1 1 0 0 1 1 1 1 1]
 [1 0 1 1 1 0 1 1 1 0]
 [0 0 1 0 0 1 0 1 1 1]
 [1 0 1 1 1 1 0 1 1 1]
 [0 1 0 1 1 1 1 1 1 1]
 [1 1 1 1 1 1 0 1 0 1]
 [1 1 0 0 0 1 0 1 0 0]
 [1 0 1 1 1 1 0 1 1 0]
 [1 0 0 0 0 1 1 1 0 1]
 [1 1 1 1 1 1 1 1 0 1]
 [0 1 0 1 1 0 0 1 1 0]
 [0 0 1 0 0 0 1 1 1 1]
 [1 0 1 1 1 1 0 1 1 1]
 [1 1 1 1 1 1 1 1 1 0]
 [0 1 0 1 0 1 1 1 1 1]
 [1 1 1 1 0 0 0 1 1 1]
 [1 1 1 1 1 1 0 0 1 1]
 [0 1 0 1 1 1 1 1 1 0]
 [1 1 1 1 1 1 1 1 1 1]
 [1 0 0 0 1 0 1 0 0 1]
 [1 1 0 1 1 0 0 1 0 0]
 [1 0 1 1 1 1 0 1 1 1]
 [1 1 0 1 1 1 1 0 1 1]
 [1 1 1 0 1 1 1 1 0 1]
 [0 0 1 1 0 1 0 1 0 1]
 [1 1 1 1 1 1 1 1 1 1]
 [0 1 1 0 0 0 1 1 1 0]
 [0 1 0 1 1 0 1 0 0 1]
 [1 1 1 1 1 0 1 0 1 0]
 [1 1 1 1 1 1 1 0 1 1]
 [1 1 1 1 1 0 0 1 1 1]
 [1 1 0 1 1 0 1 0 1 0]
 [1 1 0 1 1 1 0 1 0 1]
 [1 1 1 1 1 1 0 0 0 0]
 [1 1 1 1 0 1 1 1 1 1]
 [1 1 0 1 0 0 1 1 1 1]]
{'restarts': 21, 'conflicts': 8063, 'decisions': 14705, 'propagations': 3848750}
Q is identifiable
branch at 6
runtime for solving id of Q is 0.6169946929439902
Simulation results:
{'J': 50, 'K': 10, 'N': 10, 'p': 0.7, 'seed': 176, 'sim': 9, 'runtime': 0.6169946929439902, 'identifiable': 1, 'branch': 6}
Simulation results:
[{'J': 50, 'K': 10, 'N': 10, 'p': 0.7, 'seed': 176, 'sim': 0, 'runtime': 0.44958364497870207, 'identifiable': 1, 'branch': 6}, {'J': 50, 'K': 10, 'N': 10, 'p': 0.7, 'seed': 176, 'sim': 1, 'runtime': 5.359110252931714, 'identifiable': 1, 'branch': 6}, {'J': 50, 'K': 10, 'N': 10, 'p': 0.7, 'seed': 176, 'sim': 2, 'runtime': 1.7689492045901716, 'identifiable': 1, 'branch': 6}, {'J': 50, 'K': 10, 'N': 10, 'p': 0.7, 'seed': 176, 'sim': 3, 'runtime': 3.819600136950612, 'identifiable': 1, 'branch': 6}, {'J': 50, 'K': 10, 'N': 10, 'p': 0.7, 'seed': 176, 'sim': 4, 'runtime': 0.28899046685546637, 'identifiable': 1, 'branch': 6}, {'J': 50, 'K': 10, 'N': 10, 'p': 0.7, 'seed': 176, 'sim': 5, 'runtime': 1.053908043075353, 'identifiable': 1, 'branch': 6}, {'J': 50, 'K': 10, 'N': 10, 'p': 0.7, 'seed': 176, 'sim': 6, 'runtime': 0.8754378012381494, 'identifiable': 1, 'branch': 6}, {'J': 50, 'K': 10, 'N': 10, 'p': 0.7, 'seed': 176, 'sim': 7, 'runtime': 0.9065150329843163, 'identifiable': 1, 'branch': 6}, {'J': 50, 'K': 10, 'N': 10, 'p': 0.7, 'seed': 176, 'sim': 8, 'runtime': 0.35589978098869324, 'identifiable': 0, 'branch': 5}, {'J': 50, 'K': 10, 'N': 10, 'p': 0.7, 'seed': 176, 'sim': 9, 'runtime': 0.6169946929439902, 'identifiable': 1, 'branch': 6}]
