
The Gurobi software has a limited number of licenses. To request a license or
licenses, add this line

    #SBATCH --licenses=gurobi@slurmdb:1

to your SBATCH script, replacing N with the number of licenses you need. Gurobi
will need one license per process.


0
Q: [[0 1 1 1 1 1 0 1 1 1 1 1 1 1 1]
 [1 1 0 1 0 1 1 1 0 1 1 1 0 1 1]
 [1 0 0 1 1 1 1 0 0 0 1 1 1 1 0]
 [0 1 1 1 1 1 0 1 1 0 1 1 1 0 1]
 [1 0 0 1 0 1 1 0 1 1 1 1 1 1 0]
 [0 1 0 1 1 1 0 0 0 1 1 1 0 1 1]
 [1 0 1 0 0 1 1 0 1 1 0 1 1 0 1]
 [1 1 0 0 0 1 0 1 1 1 1 1 1 1 1]
 [1 1 1 0 1 1 0 0 1 1 0 1 0 1 1]
 [1 1 0 0 1 1 0 0 1 1 1 1 1 1 1]
 [1 1 0 0 1 0 1 1 1 0 0 0 1 1 0]
 [1 0 1 1 1 1 1 1 1 1 1 1 1 1 0]
 [1 1 1 0 0 0 1 0 1 0 1 1 1 1 1]
 [1 0 1 0 1 0 1 1 1 1 0 1 1 0 1]
 [0 1 0 1 1 1 1 1 1 1 1 1 0 0 0]
 [1 1 0 1 1 0 1 0 1 1 1 1 1 1 1]
 [1 0 0 1 1 1 1 1 1 1 1 1 1 0 1]
 [0 0 0 1 0 1 0 1 1 1 1 0 1 1 1]
 [0 1 1 1 1 1 0 1 1 1 0 1 1 1 1]
 [1 1 1 1 1 0 1 0 1 0 1 0 0 1 1]
 [1 1 1 1 1 1 0 1 1 1 1 0 1 0 0]
 [0 1 0 1 0 0 1 1 1 0 1 0 1 1 1]
 [0 0 0 0 1 1 1 0 1 1 1 1 1 1 0]
 [0 1 0 1 0 1 1 1 1 1 1 0 1 0 1]
 [0 1 1 0 1 1 1 1 1 0 1 1 1 0 1]
 [0 1 1 0 1 1 1 0 1 1 1 1 0 0 1]
 [1 1 1 1 1 0 0 0 1 1 1 1 1 0 1]
 [1 0 0 0 0 1 1 1 1 0 1 1 1 1 0]
 [1 1 0 1 1 1 1 1 1 0 1 1 0 0 1]
 [0 0 0 0 1 1 0 0 1 1 1 1 0 1 1]]
Q is not identifiable (two-column submatrix not identifiable).
Q is not identifiable, and Q_bar is [[0 1 1 1 1 1 0 1 1 1 1 1 1 1 1]
 [1 1 0 1 0 1 1 1 0 1 1 1 0 1 1]
 [1 0 0 1 1 1 1 0 0 0 1 1 1 1 0]
 [0 1 1 1 1 1 0 1 0 0 1 1 1 0 1]
 [1 0 0 1 0 1 1 0 1 1 1 1 1 1 0]
 [0 1 0 1 1 1 0 0 0 1 1 1 0 1 1]
 [1 0 1 0 0 1 1 0 0 1 0 1 1 0 1]
 [1 1 0 0 0 1 0 1 1 1 1 1 1 1 1]
 [1 1 1 0 1 1 0 0 0 1 0 1 0 1 1]
 [1 1 0 0 1 1 0 0 1 1 1 1 1 1 1]
 [1 1 0 0 1 0 1 1 1 0 0 0 1 1 0]
 [1 0 1 1 1 1 1 1 0 1 1 1 1 1 0]
 [1 1 1 0 0 0 1 0 0 0 1 1 1 1 1]
 [1 0 1 0 1 0 1 1 0 1 0 1 1 0 1]
 [0 1 0 1 1 1 1 1 1 1 1 1 0 0 0]
 [1 1 0 1 1 0 1 0 1 1 1 1 1 1 1]
 [1 0 0 1 1 1 1 1 1 1 1 1 1 0 1]
 [0 0 0 1 0 1 0 1 1 1 1 0 1 1 1]
 [0 1 1 1 1 1 0 1 0 1 0 1 1 1 1]
 [1 1 1 1 1 0 1 0 0 0 1 0 0 1 1]
 [1 1 1 1 1 1 0 1 0 1 1 0 1 0 0]
 [0 1 0 1 0 0 1 1 1 0 1 0 1 1 1]
 [0 0 0 0 1 1 1 0 1 1 1 1 1 1 0]
 [0 1 0 1 0 1 1 1 1 1 1 0 1 0 1]
 [0 1 1 0 1 1 1 1 0 0 1 1 1 0 1]
 [0 1 1 0 1 1 1 0 0 1 1 1 0 0 1]
 [1 1 1 1 1 0 0 0 0 1 1 1 1 0 1]
 [1 0 0 0 0 1 1 1 1 0 1 1 1 1 0]
 [1 1 0 1 1 1 1 1 1 0 1 1 0 0 1]
 [0 0 0 0 1 1 0 0 1 1 1 1 0 1 1]]
branch at 2
runtime for solving id of Q is 0.005312259308993816
Simulation results:
{'J': 30, 'K': 15, 'N': 10, 'p': 0.6667, 'seed': 25, 'sim': 0, 'runtime': 0.005312259308993816, 'identifiable': 0, 'branch': 2}
1
Q: [[0 1 1 0 1 1 1 1 1 0 1 0 1 1 1]
 [0 1 1 1 0 1 1 1 0 1 1 0 1 1 0]
 [1 1 0 0 1 1 0 0 0 1 0 0 1 1 0]
 [1 1 1 1 0 1 1 0 1 1 0 0 1 1 0]
 [1 1 1 1 1 1 1 0 0 1 1 0 1 1 1]
 [1 1 0 0 1 0 1 0 1 0 0 1 1 0 0]
 [1 1 1 0 0 1 1 0 1 1 1 1 0 1 1]
 [1 1 1 1 0 1 1 1 0 0 1 1 0 1 1]
 [1 0 1 1 0 1 1 0 0 1 1 0 1 0 0]
 [1 1 1 1 1 1 1 1 0 0 0 0 0 1 0]
 [1 1 1 1 1 1 1 1 1 1 1 1 0 0 1]
 [1 1 1 1 1 1 0 1 1 1 1 1 1 0 0]
 [1 0 1 1 1 1 0 0 1 0 1 1 0 1 1]
 [0 1 0 0 0 1 0 1 0 1 0 0 0 1 1]
 [1 1 1 1 0 1 0 0 0 0 0 1 0 0 0]
 [0 1 0 1 0 1 1 0 1 0 1 1 1 1 0]
 [1 0 0 0 1 1 0 1 0 1 1 0 1 1 1]
 [0 1 1 0 1 1 1 1 1 1 1 0 1 1 0]
 [0 0 1 1 1 1 1 0 1 1 1 1 1 1 0]
 [1 1 1 1 0 0 0 1 1 1 1 1 0 0 0]
 [1 1 1 1 1 1 0 1 0 1 1 0 1 1 0]
 [1 1 0 0 0 1 1 1 0 1 0 1 1 0 1]
 [1 1 0 0 1 0 0 1 1 1 1 0 1 1 1]
 [0 1 0 1 1 1 0 0 1 1 0 1 1 1 0]
 [1 1 0 0 0 0 1 1 0 1 1 1 0 1 0]
 [1 1 1 1 1 1 1 1 1 0 0 1 0 1 0]
 [1 1 0 1 1 1 0 1 1 1 1 0 1 0 1]
 [0 1 1 1 1 1 0 1 1 0 1 1 0 1 0]
 [0 0 1 1 1 0 1 1 1 1 1 1 1 1 1]
 [0 0 1 1 1 1 1 0 0 1 1 1 0 1 1]]
{'restarts': 13290, 'conflicts': 4031431, 'decisions': 7172356, 'propagations': 18937701818}
Q is not identifiable, and Q_bar is [[0 0 1 0 1 1 1 1 1 0 1 1 1 0 1]
 [0 0 0 0 1 1 0 1 1 1 1 1 0 1 1]
 [1 0 0 0 0 1 1 1 0 0 0 0 0 1 1]
 [1 0 0 0 1 1 0 0 0 1 1 0 1 1 1]
 [1 0 1 0 1 1 1 0 0 1 1 1 0 1 1]
 [1 0 0 1 0 0 1 0 0 0 1 0 1 0 1]
 [1 0 1 1 1 1 0 1 0 0 1 1 1 1 0]
 [1 0 1 1 1 1 0 0 1 1 1 1 0 0 0]
 [0 1 0 0 1 0 0 1 0 1 1 0 0 1 1]
 [1 0 0 0 1 1 1 0 1 1 1 0 0 0 0]
 [1 1 1 1 1 0 1 1 1 1 1 0 1 1 0]
 [1 1 0 1 1 0 1 1 1 1 0 0 1 1 1]
 [0 1 1 1 1 0 1 1 0 1 0 1 1 0 0]
 [0 0 1 0 0 1 0 1 1 0 0 0 0 1 0]
 [1 0 0 1 1 0 0 1 0 1 0 0 0 0 0]
 [0 0 0 1 0 1 0 0 0 1 1 1 1 0 1]
 [0 1 1 0 0 0 1 1 1 0 0 1 0 1 1]
 [0 0 0 0 1 1 1 1 1 0 1 1 1 1 1]
 [0 0 0 1 1 0 1 1 0 1 1 1 1 1 1]
 [1 1 0 1 1 0 0 0 1 1 0 0 1 1 0]
 [1 0 0 0 1 1 1 1 1 1 0 1 0 1 1]
 [1 0 1 1 0 0 0 1 1 0 1 0 0 1 1]
 [1 0 1 0 0 0 1 0 1 0 0 1 1 1 1]
 [0 0 0 1 0 1 1 1 0 1 0 0 1 1 1]
 [1 0 0 1 0 0 0 0 1 0 1 1 0 1 0]
 [1 0 0 1 1 1 1 0 1 1 1 0 1 0 0]
 [1 1 1 0 0 0 1 1 1 1 0 0 1 1 1]
 [0 0 0 1 1 1 1 1 1 1 0 1 1 0 0]
 [0 0 1 1 1 0 1 0 1 1 1 1 1 1 1]
 [0 0 1 1 1 0 1 1 0 1 1 1 0 1 0]]
branch at 5
runtime for solving id of Q is 3791.9010758353397
Simulation results:
{'J': 30, 'K': 15, 'N': 10, 'p': 0.6667, 'seed': 25, 'sim': 1, 'runtime': 3791.9010758353397, 'identifiable': 0, 'branch': 5}
2
Q: [[0 1 0 1 0 1 1 1 1 1 0 0 1 1 0]
 [1 1 0 1 1 1 1 1 0 0 1 1 0 1 1]
 [0 1 1 1 1 1 1 0 0 1 0 1 1 1 1]
 [0 1 1 1 1 0 0 1 0 1 0 1 1 0 1]
 [1 1 0 0 1 0 1 0 1 1 1 0 1 1 0]
 [1 1 1 1 1 1 1 1 0 1 1 0 1 0 1]
 [1 1 1 0 1 1 1 1 1 1 1 0 1 1 0]
 [1 1 0 1 0 0 0 1 0 1 0 0 1 1 1]
 [0 1 1 1 1 1 1 0 0 0 1 1 1 0 1]
 [1 1 1 0 0 0 0 1 0 1 1 0 1 1 0]
 [0 1 1 0 0 1 0 0 1 0 1 0 1 0 0]
 [0 1 0 0 1 0 0 1 1 1 1 0 0 1 1]
 [0 0 1 0 0 1 1 1 0 0 1 1 0 0 0]
 [0 1 1 1 0 1 1 0 1 1 1 1 1 1 0]
 [0 1 1 0 0 1 1 0 1 0 1 1 1 1 0]
 [1 0 1 1 1 0 1 1 1 0 1 1 0 0 1]
 [0 1 1 1 1 0 1 1 0 1 1 0 0 1 1]
 [1 0 1 1 1 0 1 1 1 0 1 1 1 1 1]
 [0 1 0 1 1 0 0 0 1 1 1 0 1 1 1]
 [1 0 0 0 1 1 1 1 0 1 0 0 0 1 0]
 [1 0 1 1 1 1 1 0 1 1 1 1 1 1 1]
 [0 1 1 1 0 1 0 1 1 0 1 1 1 1 1]
 [1 1 1 1 1 1 0 1 1 1 1 1 1 1 1]
 [0 1 1 1 1 1 1 1 0 0 1 0 1 1 1]
 [1 0 1 0 1 0 1 1 0 1 0 1 0 1 0]
 [1 0 0 0 0 1 1 0 1 0 1 1 1 1 1]
 [1 1 1 1 1 1 1 1 0 0 1 0 1 0 1]
 [1 1 1 0 1 1 0 1 1 1 0 0 1 1 1]
 [1 1 1 1 1 0 1 1 1 0 1 1 1 0 0]
 [1 0 1 1 0 0 1 1 0 1 1 1 0 1 1]]
{'restarts': 1218, 'conflicts': 223731, 'decisions': 532867, 'propagations': 927414676}
Q is not identifiable, and Q_bar is [[0 1 0 0 1 1 0 0 1 0 1 1 1 1 0]
 [1 1 1 0 0 1 0 1 0 1 1 0 1 1 1]
 [0 1 1 1 1 0 1 0 1 1 1 0 1 0 1]
 [0 0 1 0 1 0 1 0 1 1 0 0 1 1 1]
 [1 1 0 1 1 0 0 1 1 0 0 1 0 0 1]
 [1 0 0 0 1 1 1 1 1 1 1 0 1 0 1]
 [1 1 0 0 1 1 1 1 1 0 1 1 0 0 1]
 [1 1 0 0 1 0 0 0 1 1 0 0 1 1 0]
 [0 0 1 1 1 0 1 1 0 1 1 0 1 0 1]
 [1 1 0 0 1 0 1 1 1 0 0 0 0 1 0]
 [0 0 0 0 1 0 1 1 0 0 1 1 0 0 0]
 [0 1 0 0 0 0 0 1 1 1 0 1 0 1 1]
 [0 0 1 0 0 1 1 1 0 0 1 0 0 0 0]
 [0 1 1 1 1 0 1 1 1 0 1 1 1 0 0]
 [0 1 1 1 1 0 1 1 0 0 1 1 0 0 0]
 [1 0 1 0 0 1 1 1 0 1 0 1 1 0 1]
 [0 1 0 0 0 1 1 1 1 1 0 0 1 1 1]
 [1 1 1 1 0 1 1 1 0 1 0 1 1 0 1]
 [0 1 0 0 1 0 0 1 1 1 0 1 1 0 1]
 [1 1 0 0 0 1 0 0 1 0 1 0 0 0 1]
 [1 1 1 1 0 0 1 1 1 1 1 1 1 0 1]
 [0 1 1 0 1 0 1 1 0 1 1 1 1 1 0]
 [1 1 1 0 1 0 1 1 1 1 1 1 1 1 1]
 [0 1 0 0 1 1 1 1 0 1 1 0 1 0 1]
 [1 1 1 0 0 1 1 0 1 0 0 0 0 0 1]
 [1 1 1 1 0 0 0 1 0 1 1 1 0 0 0]
 [1 0 0 0 1 1 1 1 0 1 1 0 1 0 1]
 [1 1 0 0 1 0 1 0 1 1 1 1 0 1 1]
 [1 0 1 0 1 1 1 1 0 0 0 1 1 0 1]
 [1 1 1 0 0 1 1 1 1 1 0 0 1 0 0]]
branch at 5
runtime for solving id of Q is 120.37004839396104
Simulation results:
{'J': 30, 'K': 15, 'N': 10, 'p': 0.6667, 'seed': 25, 'sim': 2, 'runtime': 120.37004839396104, 'identifiable': 0, 'branch': 5}
3
Q: [[1 1 1 1 1 0 1 0 1 0 1 1 0 1 0]
 [1 1 1 1 1 1 1 1 1 0 0 0 1 1 1]
 [1 0 0 1 1 0 1 0 1 1 1 1 1 1 1]
 [1 1 1 1 0 1 0 1 1 0 1 1 0 1 1]
 [1 0 1 0 1 0 0 0 0 1 1 1 1 1 1]
 [1 1 0 0 1 0 1 1 1 1 1 1 1 0 0]
 [1 1 0 1 1 1 1 1 1 1 0 1 0 0 0]
 [1 1 1 0 0 1 0 1 1 0 1 1 0 1 1]
 [0 1 0 0 1 1 1 1 1 0 1 0 1 1 0]
 [1 1 0 1 1 0 1 0 1 0 1 0 0 1 1]
 [1 1 1 1 1 0 1 0 0 0 0 0 1 1 0]
 [0 1 0 1 0 1 1 1 0 1 1 0 1 0 1]
 [1 1 0 1 1 1 1 0 0 1 0 0 0 0 1]
 [1 1 0 1 1 1 1 1 1 1 0 1 1 1 0]
 [0 0 1 1 0 1 1 1 0 1 1 1 0 1 0]
 [1 0 1 1 1 1 1 1 1 0 1 0 0 0 1]
 [1 1 1 1 1 1 1 1 0 1 0 1 1 1 1]
 [1 1 1 1 1 1 1 1 0 1 1 0 1 1 1]
 [1 1 1 1 0 0 1 1 1 1 1 1 1 1 1]
 [1 0 1 1 1 0 0 0 1 1 0 0 0 0 0]
 [1 1 1 1 1 0 1 1 1 1 1 0 1 0 1]
 [1 1 1 1 0 1 0 1 1 0 0 0 1 1 1]
 [1 1 0 1 1 0 0 1 1 0 1 0 1 1 1]
 [1 1 1 0 1 0 0 1 1 0 0 1 1 1 1]
 [1 1 1 1 1 1 1 0 1 0 0 0 0 1 1]
 [1 0 1 1 1 0 0 1 1 1 0 1 1 1 1]
 [1 0 1 0 0 1 1 0 1 1 1 0 1 1 0]
 [1 1 1 1 1 1 0 0 1 0 1 1 0 1 1]
 [0 0 1 1 1 1 1 0 0 1 0 0 1 0 0]
 [0 1 1 1 1 1 0 1 1 1 1 0 0 1 1]]
{'restarts': 676, 'conflicts': 111155, 'decisions': 343841, 'propagations': 414620857}
Q is not identifiable, and Q_bar is [[1 0 0 1 1 0 1 1 0 1 0 0 0 0 0]
 [1 1 1 1 0 1 1 0 0 1 0 0 0 1 1]
 [0 0 0 1 1 0 1 1 1 0 0 1 0 1 0]
 [0 1 1 1 1 1 0 1 0 1 0 0 0 0 1]
 [0 0 0 1 0 0 0 1 1 1 1 0 0 1 0]
 [0 0 0 0 1 0 1 1 0 0 1 0 1 1 1]
 [1 0 1 0 0 1 1 1 0 0 0 1 0 0 1]
 [0 1 0 1 1 1 0 1 0 1 0 0 0 0 1]
 [0 0 0 1 1 1 1 0 0 0 0 0 1 1 0]
 [1 0 0 1 1 0 1 0 1 0 0 0 0 0 0]
 [1 0 0 1 0 0 1 0 0 1 0 0 0 1 0]
 [0 1 1 0 0 1 1 0 0 0 1 0 0 1 0]
 [1 0 0 0 0 1 1 0 1 0 0 1 0 0 0]
 [1 0 1 1 0 1 1 1 0 0 0 1 0 1 1]
 [0 0 1 1 0 1 1 1 0 1 1 0 0 0 0]
 [0 0 1 0 1 1 1 0 1 1 0 0 0 0 0]
 [1 1 0 1 0 1 1 1 1 1 0 1 0 1 0]
 [1 1 1 1 0 1 1 0 0 1 1 0 0 1 0]
 [0 1 1 1 1 0 1 1 0 1 1 0 0 1 1]
 [0 0 0 0 0 0 0 0 0 1 0 1 0 0 1]
 [1 0 0 0 0 0 1 0 1 1 0 1 1 1 0]
 [0 1 1 1 0 1 0 0 0 1 0 0 0 1 1]
 [1 0 1 1 1 0 0 0 1 0 0 0 0 1 1]
 [0 1 0 1 0 0 0 1 1 1 0 0 0 1 1]
 [1 0 0 1 0 1 1 0 1 1 0 0 0 0 1]
 [0 0 1 1 0 0 0 1 1 1 0 1 0 1 1]
 [0 0 0 1 1 1 1 0 0 1 1 0 0 1 1]
 [1 0 0 1 1 1 0 1 1 1 0 0 0 0 0]
 [0 0 0 0 0 1 1 0 0 1 0 1 0 1 0]
 [0 1 1 1 0 1 0 0 0 1 0 1 1 0 0]]
branch at 5
runtime for solving id of Q is 60.02732243994251
Simulation results:
{'J': 30, 'K': 15, 'N': 10, 'p': 0.6667, 'seed': 25, 'sim': 3, 'runtime': 60.02732243994251, 'identifiable': 0, 'branch': 5}
4
Q: [[1 1 0 1 1 0 1 0 1 1 1 0 0 1 0]
 [0 0 1 1 1 1 0 1 0 1 0 1 1 0 1]
 [0 1 1 1 1 1 1 1 1 1 1 1 1 1 1]
 [1 1 1 1 0 0 0 0 1 1 0 1 1 1 0]
 [1 1 1 0 1 1 0 1 0 0 1 1 1 1 1]
 [0 1 0 0 1 0 0 1 0 1 1 1 1 1 0]
 [1 0 0 1 1 1 1 0 1 1 1 1 0 0 1]
 [0 1 0 0 1 1 0 1 1 1 1 1 1 1 0]
 [1 1 0 1 1 1 1 1 0 1 0 0 0 1 1]
 [0 0 1 1 1 1 0 1 1 0 1 1 1 1 1]
 [0 1 1 1 1 0 0 0 1 1 0 1 1 1 1]
 [1 0 1 1 1 0 1 0 0 0 1 1 0 0 1]
 [1 1 0 1 0 1 1 1 0 1 1 0 1 1 1]
 [0 0 0 1 1 1 0 1 1 1 0 0 1 1 0]
 [0 0 1 0 0 1 0 1 1 0 1 0 0 1 1]
 [1 1 1 1 1 0 1 1 1 0 0 1 0 1 0]
 [1 1 0 0 1 1 0 1 1 0 1 0 1 1 1]
 [1 1 0 1 1 0 0 0 1 1 1 1 1 1 0]
 [1 1 0 1 1 1 1 1 0 1 0 1 1 0 1]
 [0 1 1 1 1 1 1 1 0 0 1 1 1 1 1]
 [1 1 1 1 0 1 0 0 1 1 1 1 1 0 0]
 [1 1 0 1 0 1 0 0 1 1 0 0 1 1 1]
 [1 1 0 1 1 1 0 1 1 0 0 1 0 1 0]
 [1 1 0 1 1 1 1 0 0 1 1 1 0 1 0]
 [1 1 1 1 0 1 1 0 0 1 1 1 0 0 1]
 [0 1 1 0 1 0 0 1 1 1 0 0 1 1 0]
 [0 1 1 1 0 0 0 0 0 1 1 0 1 1 1]
 [0 1 0 1 1 1 1 0 0 1 0 1 1 0 0]
 [0 1 1 1 0 1 1 1 1 0 1 0 1 1 0]
 [0 1 1 0 1 1 0 1 1 0 1 1 1 0 1]]
Q is not identifiable (two-column submatrix not identifiable).
Q is not identifiable, and Q_bar is [[1 1 0 0 1 0 1 0 1 1 1 0 0 1 0]
 [0 0 1 1 1 1 0 1 0 1 0 1 1 0 1]
 [0 1 1 0 1 1 1 1 1 1 1 1 1 1 1]
 [1 1 1 1 0 0 0 0 1 1 0 1 1 1 0]
 [1 1 1 0 1 1 0 1 0 0 1 1 1 1 1]
 [0 1 0 0 1 0 0 1 0 1 1 1 1 1 0]
 [1 0 0 0 1 1 1 0 1 1 1 1 0 0 1]
 [0 1 0 0 1 1 0 1 1 1 1 1 1 1 0]
 [1 1 0 0 1 1 1 1 0 1 0 0 0 1 1]
 [0 0 1 1 1 1 0 1 1 0 1 1 1 1 1]
 [0 1 1 1 1 0 0 0 1 1 0 1 1 1 1]
 [1 0 1 0 1 0 1 0 0 0 1 1 0 0 1]
 [1 1 0 0 0 1 1 1 0 1 1 0 1 1 1]
 [0 0 0 1 1 1 0 1 1 1 0 0 1 1 0]
 [0 0 1 0 0 1 0 1 1 0 1 0 0 1 1]
 [1 1 1 0 1 0 1 1 1 0 0 1 0 1 0]
 [1 1 0 0 1 1 0 1 1 0 1 0 1 1 1]
 [1 1 0 1 1 0 0 0 1 1 1 1 1 1 0]
 [1 1 0 0 1 1 1 1 0 1 0 1 1 0 1]
 [0 1 1 0 1 1 1 1 0 0 1 1 1 1 1]
 [1 1 1 1 0 1 0 0 1 1 1 1 1 0 0]
 [1 1 0 1 0 1 0 0 1 1 0 0 1 1 1]
 [1 1 0 1 1 1 0 1 1 0 0 1 0 1 0]
 [1 1 0 0 1 1 1 0 0 1 1 1 0 1 0]
 [1 1 1 0 0 1 1 0 0 1 1 1 0 0 1]
 [0 1 1 0 1 0 0 1 1 1 0 0 1 1 0]
 [0 1 1 1 0 0 0 0 0 1 1 0 1 1 1]
 [0 1 0 0 1 1 1 0 0 1 0 1 1 0 0]
 [0 1 1 0 0 1 1 1 1 0 1 0 1 1 0]
 [0 1 1 0 1 1 0 1 1 0 1 1 1 0 1]]
branch at 2
runtime for solving id of Q is 0.005569511093199253
Simulation results:
{'J': 30, 'K': 15, 'N': 10, 'p': 0.6667, 'seed': 25, 'sim': 4, 'runtime': 0.005569511093199253, 'identifiable': 0, 'branch': 2}
5
Q: [[1 0 0 1 0 1 1 1 1 1 0 0 0 1 1]
 [1 1 0 0 1 1 0 1 0 0 1 0 1 0 1]
 [0 1 0 1 0 1 1 1 0 0 1 1 1 1 1]
 [1 1 1 0 1 1 0 0 0 1 1 0 1 0 1]
 [0 1 0 1 1 0 1 1 1 1 0 1 0 1 1]
 [1 1 1 1 1 0 0 1 1 1 1 0 0 1 1]
 [0 1 1 0 1 1 1 1 1 1 1 0 1 1 0]
 [1 1 1 1 1 1 1 1 1 1 1 1 1 0 0]
 [1 1 1 1 0 1 1 0 0 1 1 1 1 0 1]
 [0 1 1 1 0 0 1 1 1 0 1 0 0 1 1]
 [1 1 1 1 0 1 1 1 1 0 1 0 1 1 1]
 [0 1 1 0 1 1 0 1 1 1 1 1 0 0 0]
 [1 0 1 1 1 1 1 0 1 1 0 1 0 1 0]
 [1 1 0 0 0 0 0 0 0 1 1 0 0 1 1]
 [1 1 0 0 1 1 1 1 1 1 1 0 1 1 0]
 [0 1 1 0 1 1 1 0 1 1 0 1 1 1 1]
 [0 1 1 1 1 0 1 1 1 1 1 0 1 0 1]
 [0 0 1 1 1 0 1 1 1 0 1 1 1 1 0]
 [1 1 1 1 1 1 0 1 0 1 1 1 1 1 1]
 [1 1 0 0 0 1 0 0 0 0 1 1 1 0 1]
 [1 0 0 0 1 1 0 1 1 0 1 1 1 1 1]
 [1 1 0 1 1 1 1 1 0 0 0 0 1 1 1]
 [0 0 1 0 1 1 1 1 1 0 1 0 1 1 0]
 [0 0 0 1 1 0 1 1 1 1 1 1 1 1 1]
 [1 0 1 1 1 1 1 0 1 1 0 1 0 0 1]
 [1 1 1 1 1 1 1 1 0 1 1 0 0 1 1]
 [0 0 1 1 1 0 0 1 0 0 1 1 0 0 1]
 [1 0 0 1 0 1 1 1 0 0 1 0 1 1 1]
 [1 1 1 1 1 1 1 1 1 1 1 1 1 1 0]
 [0 1 1 1 0 1 0 1 0 1 1 1 0 0 1]]
{'restarts': 574, 'conflicts': 80018, 'decisions': 300434, 'propagations': 294731388}
Q is not identifiable, and Q_bar is [[0 0 0 0 1 1 0 0 1 0 0 1 0 1 0]
 [0 0 0 0 0 1 0 0 0 1 1 0 1 0 0]
 [0 0 0 0 0 0 1 0 0 1 1 0 0 1 1]
 [0 1 1 0 0 1 0 0 0 0 1 0 0 0 0]
 [0 0 0 0 1 0 1 1 1 1 0 1 0 1 0]
 [1 0 0 1 1 0 0 1 0 1 0 0 1 1 0]
 [0 0 1 1 1 0 0 1 0 0 1 0 0 0 1]
 [0 1 1 1 0 0 1 0 1 0 1 1 0 0 0]
 [0 0 1 0 0 1 1 0 1 1 1 0 0 0 0]
 [0 0 0 1 1 0 0 0 1 1 0 0 0 0 0]
 [0 0 0 1 1 1 0 0 1 1 1 0 0 1 1]
 [0 0 1 0 0 0 1 0 0 0 0 1 1 0 0]
 [0 1 0 0 1 0 1 0 1 0 0 1 0 0 0]
 [1 0 0 0 0 0 0 0 0 1 0 0 0 0 0]
 [1 0 0 0 1 0 0 1 0 0 1 0 1 0 1]
 [0 0 1 0 0 0 1 1 0 1 0 1 0 0 1]
 [0 0 0 1 0 0 0 1 1 1 1 1 1 0 0]
 [0 0 0 1 1 0 1 1 1 0 1 0 0 0 0]
 [1 0 0 1 0 1 1 1 0 1 1 0 1 1 0]
 [0 0 0 0 0 1 1 0 0 1 1 0 0 0 0]
 [0 0 0 0 1 1 1 0 0 0 1 0 1 0 0]
 [0 0 0 0 0 1 0 1 0 1 0 0 0 1 1]
 [0 0 0 1 1 0 0 1 0 0 1 0 0 0 1]
 [0 0 0 0 1 0 1 1 1 0 1 1 1 1 0]
 [0 1 0 0 0 1 1 0 1 0 0 1 0 0 0]
 [1 1 1 1 0 0 0 1 1 1 0 0 0 0 0]
 [0 0 0 1 0 0 1 1 0 0 0 0 1 1 0]
 [0 0 0 0 0 1 0 0 0 0 1 0 0 1 1]
 [0 1 1 1 1 0 1 1 1 0 1 1 1 0 1]
 [0 0 1 1 0 0 1 0 0 0 0 0 0 1 0]]
branch at 5
runtime for solving id of Q is 39.44781098887324
Simulation results:
{'J': 30, 'K': 15, 'N': 10, 'p': 0.6667, 'seed': 25, 'sim': 5, 'runtime': 39.44781098887324, 'identifiable': 0, 'branch': 5}
6
Q: [[1 1 1 1 1 1 1 1 1 1 0 1 1 0 1]
 [1 1 1 1 0 0 0 0 1 1 1 1 1 1 1]
 [0 1 1 0 0 1 1 1 1 1 1 1 1 1 1]
 [1 1 0 1 1 1 1 1 1 1 1 0 0 1 1]
 [1 1 1 0 0 0 0 0 1 1 0 1 0 1 1]
 [0 0 1 1 1 1 1 1 0 0 1 1 1 1 1]
 [1 1 1 0 1 0 1 1 0 1 1 0 1 0 1]
 [1 1 1 1 1 0 1 1 1 1 1 1 0 1 0]
 [1 0 0 0 0 0 0 1 1 0 1 1 1 1 1]
 [1 0 1 1 1 0 0 1 1 1 1 0 1 1 1]
 [0 1 0 0 1 1 1 1 0 0 1 1 1 0 0]
 [0 1 0 0 0 1 1 0 1 1 0 0 1 1 1]
 [1 1 1 1 1 1 1 1 0 1 1 0 0 1 1]
 [1 1 1 1 1 1 0 1 1 1 1 0 0 0 1]
 [0 1 0 0 0 0 1 1 1 1 1 1 1 1 0]
 [0 1 0 1 1 1 1 0 1 0 1 0 0 1 0]
 [0 1 0 0 0 1 1 1 0 1 1 0 0 1 0]
 [1 1 1 1 1 1 0 0 1 1 1 1 0 1 1]
 [1 1 0 1 0 1 1 1 1 1 1 0 1 0 1]
 [1 1 1 0 1 1 1 0 1 0 1 1 1 1 1]
 [0 1 0 0 0 1 1 1 0 0 1 1 1 1 1]
 [1 1 1 1 0 0 1 1 0 1 1 1 1 1 1]
 [0 1 0 0 0 1 0 1 1 1 1 1 1 0 1]
 [1 1 0 1 1 1 1 1 0 1 0 0 1 1 1]
 [1 1 0 0 1 1 0 1 1 1 1 1 1 0 0]
 [1 1 1 1 0 1 1 1 0 0 1 1 0 1 0]
 [1 0 1 0 1 1 1 1 1 1 0 1 0 1 1]
 [1 0 0 1 1 1 1 1 1 1 0 0 0 1 1]
 [0 0 1 0 1 1 1 1 1 0 1 1 0 1 1]
 [1 1 1 1 0 1 1 1 1 0 0 1 1 0 1]]
Q is not identifiable (three-column submatrix not identifiable).
Q is not identifiable, and Q_bar is [[1 1 1 1 1 1 1 1 1 1 0 1 1 0 1]
 [1 1 1 1 0 0 0 0 1 1 1 1 1 1 1]
 [0 1 1 0 0 1 1 1 1 1 1 1 1 1 1]
 [1 1 0 1 1 1 1 1 1 1 1 0 0 1 1]
 [1 1 1 0 0 0 0 0 1 1 0 1 0 1 1]
 [0 0 1 1 1 1 1 1 0 0 1 1 1 1 1]
 [1 1 1 0 1 0 1 1 0 1 1 0 1 0 1]
 [1 1 1 1 1 0 1 1 1 1 1 1 0 1 0]
 [1 0 0 0 0 0 0 1 1 0 1 1 1 1 1]
 [1 0 1 1 1 0 0 1 1 1 1 0 1 1 1]
 [0 1 0 0 1 1 1 1 0 0 1 1 1 0 0]
 [0 1 0 0 0 1 1 0 1 1 0 0 1 1 1]
 [1 1 1 1 1 1 1 1 0 1 1 0 0 1 1]
 [1 1 1 1 1 1 0 1 1 1 1 0 0 0 1]
 [0 1 0 0 0 0 1 1 1 1 1 1 1 1 0]
 [0 1 0 1 1 1 1 0 1 0 1 0 0 1 0]
 [0 1 0 0 0 1 1 1 0 1 1 0 0 1 0]
 [1 1 1 1 1 1 0 0 1 1 1 1 0 1 1]
 [1 1 0 1 0 1 1 1 1 1 1 0 1 0 1]
 [1 1 1 0 1 1 1 0 1 0 1 1 1 1 1]
 [0 1 0 0 0 1 1 1 0 0 1 1 1 1 1]
 [1 1 1 1 0 0 1 1 0 1 1 1 1 1 1]
 [0 1 0 0 0 1 0 1 1 1 1 1 1 0 1]
 [1 1 0 1 1 1 1 1 0 1 0 0 1 1 1]
 [1 1 0 0 1 1 0 1 1 1 1 1 1 0 0]
 [1 1 1 1 0 1 1 1 0 0 1 1 0 1 0]
 [1 0 1 0 1 1 1 1 1 1 0 1 0 1 1]
 [1 0 0 1 1 1 1 1 1 1 0 0 0 1 1]
 [0 1 1 0 1 1 1 0 1 0 1 1 0 0 1]
 [1 1 1 1 0 1 1 1 1 0 0 1 1 0 1]]
branch at 3
runtime for solving id of Q is 0.007707349956035614
Simulation results:
{'J': 30, 'K': 15, 'N': 10, 'p': 0.6667, 'seed': 25, 'sim': 6, 'runtime': 0.007707349956035614, 'identifiable': 0, 'branch': 3}
7
Q: [[0 0 1 1 1 0 1 0 1 1 0 0 1 0 1]
 [1 1 1 1 1 0 0 1 0 1 1 1 1 1 1]
 [0 0 0 1 1 0 0 1 1 1 1 0 1 1 1]
 [1 1 1 0 1 1 0 0 0 1 1 1 1 1 0]
 [1 0 1 0 1 0 1 1 0 1 1 0 1 1 1]
 [1 1 1 1 1 1 1 0 1 1 1 0 1 1 1]
 [1 0 1 0 0 0 1 1 1 1 1 0 0 0 1]
 [1 1 0 0 1 1 1 1 1 0 1 0 1 1 1]
 [1 1 0 0 0 1 0 1 1 1 0 1 1 0 1]
 [1 0 1 1 0 1 1 0 1 1 0 1 1 0 0]
 [0 0 0 1 0 0 1 1 0 0 1 1 0 0 1]
 [1 0 0 0 1 1 1 1 1 0 1 0 1 1 1]
 [1 1 0 1 1 0 0 1 1 1 0 1 0 1 0]
 [1 1 0 0 1 1 0 0 1 1 1 1 1 0 1]
 [0 1 0 0 1 1 1 0 1 0 1 1 0 1 0]
 [1 1 1 1 1 1 0 1 0 1 0 0 0 0 1]
 [1 1 0 1 1 1 0 1 0 0 1 1 1 1 0]
 [1 1 1 1 1 1 1 1 1 0 0 0 0 1 1]
 [1 0 0 0 1 0 0 1 0 0 0 0 0 1 1]
 [0 1 1 1 1 1 1 0 1 1 0 1 1 1 1]
 [1 1 0 1 1 1 1 1 1 1 0 1 0 1 1]
 [1 0 0 0 1 1 0 1 1 1 1 1 1 1 1]
 [1 1 1 1 0 1 1 1 1 0 0 1 1 1 0]
 [1 0 1 1 0 1 1 1 0 1 1 0 1 1 0]
 [1 1 1 1 1 1 1 1 1 1 0 0 0 1 0]
 [1 1 1 0 1 0 0 1 0 1 1 1 0 0 0]
 [0 0 1 1 1 1 1 1 1 1 1 0 1 1 0]
 [1 1 1 0 0 1 1 0 0 1 1 1 1 0 1]
 [1 1 1 1 0 1 1 0 1 0 0 0 0 0 0]
 [0 1 1 0 0 0 1 0 1 1 1 0 1 0 0]]
{'restarts': 325, 'conflicts': 86257, 'decisions': 219429, 'propagations': 409026321}
Q is not identifiable, and Q_bar is [[0 0 0 1 0 0 1 0 0 1 0 1 1 1 0]
 [0 1 0 1 1 1 1 1 1 0 0 0 1 0 1]
 [0 0 0 1 1 0 1 0 1 0 0 1 0 0 1]
 [1 0 0 0 1 1 1 1 1 0 0 0 1 0 0]
 [0 1 0 1 1 0 1 0 1 0 1 0 1 0 0]
 [1 0 1 1 0 1 1 0 0 1 1 1 1 1 0]
 [0 1 0 1 0 0 0 0 0 0 1 1 1 0 0]
 [0 1 1 1 0 1 1 0 0 1 1 0 0 0 0]
 [1 1 0 1 0 1 1 1 0 0 0 1 0 0 0]
 [1 0 0 0 0 0 1 1 0 0 0 0 1 1 0]
 [0 0 0 1 0 0 0 1 0 0 1 0 0 0 1]
 [0 1 1 1 1 0 1 0 0 1 1 0 0 0 0]
 [0 1 0 0 1 1 0 1 0 1 0 1 0 0 1]
 [1 0 0 1 0 1 1 1 1 0 0 1 0 0 0]
 [0 0 1 0 0 1 0 1 0 1 1 0 0 0 0]
 [1 1 0 1 0 1 0 0 0 1 0 0 1 0 1]
 [1 0 0 0 1 1 1 1 1 1 0 0 0 0 1]
 [1 1 0 1 1 1 0 0 0 1 0 0 0 1 0]
 [0 1 0 1 1 0 0 0 0 1 0 0 0 0 0]
 [0 0 1 1 0 1 1 1 0 1 0 0 1 1 0]
 [1 1 1 1 0 1 0 1 0 1 0 1 0 0 1]
 [1 1 0 1 1 0 1 1 1 0 0 1 0 0 0]
 [1 1 1 0 0 1 1 1 0 0 0 0 0 1 0]
 [1 1 0 0 1 0 1 0 0 0 1 0 1 0 1]
 [0 1 1 0 0 1 0 0 0 1 0 0 1 1 0]
 [0 1 0 0 0 1 0 1 1 1 0 0 1 0 0]
 [0 0 1 0 0 0 1 0 1 0 0 0 1 0 1]
 [1 0 0 1 0 1 1 1 0 0 1 0 1 0 0]
 [1 0 0 0 0 1 0 0 0 0 0 0 0 1 0]
 [0 0 0 0 0 1 1 0 0 0 1 1 1 0 0]]
branch at 5
runtime for solving id of Q is 61.57506714574993
Simulation results:
{'J': 30, 'K': 15, 'N': 10, 'p': 0.6667, 'seed': 25, 'sim': 7, 'runtime': 61.57506714574993, 'identifiable': 0, 'branch': 5}
8
Q: [[1 0 0 0 0 1 1 0 1 1 1 0 1 0 1]
 [1 0 1 1 1 0 1 0 1 1 1 0 0 1 1]
 [1 0 0 0 1 0 0 0 0 0 1 1 1 0 1]
 [1 1 1 1 1 1 0 1 0 1 1 0 1 1 1]
 [0 1 0 0 1 1 1 0 1 0 0 1 0 0 1]
 [1 1 1 1 1 1 1 1 1 1 0 0 1 1 1]
 [1 1 1 1 1 1 0 1 1 1 1 1 1 0 1]
 [0 0 0 1 1 1 1 1 0 1 1 0 1 0 1]
 [0 1 0 1 0 1 1 1 1 1 0 0 0 0 1]
 [0 0 0 1 0 0 1 1 1 0 1 0 1 1 1]
 [0 0 1 0 1 1 0 1 1 0 1 1 1 1 0]
 [1 1 1 0 1 1 0 0 1 1 1 0 0 0 1]
 [1 1 0 1 1 1 1 1 0 0 1 1 1 1 1]
 [1 1 1 1 0 1 1 1 1 1 0 1 1 1 0]
 [1 1 1 1 1 0 0 1 1 0 1 1 0 1 1]
 [0 0 1 1 1 1 1 1 0 1 0 1 1 1 1]
 [1 1 1 0 0 0 0 1 1 1 1 1 1 1 0]
 [1 1 0 1 1 1 1 1 1 1 1 0 1 0 1]
 [0 1 0 1 1 1 1 0 1 1 1 1 0 0 1]
 [1 1 1 1 1 1 0 0 0 1 1 0 1 0 0]
 [0 1 1 1 0 1 1 1 1 1 0 1 1 1 0]
 [1 1 1 0 1 1 0 1 1 1 0 1 1 1 1]
 [1 0 1 1 1 1 1 0 0 1 0 1 0 1 0]
 [1 1 1 1 0 1 1 1 1 0 0 1 1 1 0]
 [1 1 1 0 0 1 1 0 0 0 1 1 1 1 1]
 [0 0 0 0 0 1 0 1 1 0 0 1 1 1 1]
 [1 1 0 1 1 1 1 1 1 0 1 0 1 0 1]
 [1 1 1 1 0 0 1 0 0 1 1 1 0 1 1]
 [1 1 1 0 1 0 1 0 0 0 0 1 1 1 1]
 [0 0 1 0 1 1 1 1 0 1 1 0 1 1 0]]
{'restarts': 5446, 'conflicts': 1555966, 'decisions': 2730906, 'propagations': 6838152828}
Q is not identifiable, and Q_bar is [[0 0 1 1 0 1 0 1 0 0 0 1 0 0 1]
 [1 1 0 0 1 1 0 0 0 0 1 1 0 0 1]
 [0 1 0 0 0 1 0 1 1 0 0 0 0 0 0]
 [1 1 0 0 1 1 1 1 0 1 1 0 1 0 0]
 [0 0 0 0 0 0 1 0 1 1 0 1 0 0 1]
 [0 0 1 1 1 0 1 1 0 1 1 1 1 0 1]
 [1 1 0 0 0 1 1 1 1 1 1 0 0 1 1]
 [0 0 0 1 0 1 1 1 0 0 1 1 0 1 0]
 [0 0 0 1 0 0 0 0 0 1 1 0 0 1 1]
 [0 0 0 0 0 1 0 1 0 0 1 1 1 0 1]
 [0 0 0 0 1 1 1 1 1 0 0 0 1 0 1]
 [1 1 0 0 0 1 1 0 0 1 0 0 0 0 1]
 [0 0 1 0 0 1 1 1 1 1 1 1 1 0 0]
 [0 0 1 1 1 0 0 1 1 1 1 0 1 0 1]
 [0 1 0 0 1 1 0 0 1 1 1 0 1 0 1]
 [0 0 0 1 1 0 1 1 1 0 1 1 1 0 0]
 [1 0 0 0 1 1 0 1 1 1 0 0 1 0 1]
 [0 0 1 1 0 1 1 1 0 1 1 1 0 1 1]
 [0 0 0 1 0 1 1 0 1 1 1 1 0 0 1]
 [1 0 0 0 0 1 1 1 0 1 1 0 0 0 0]
 [0 0 0 1 1 0 0 1 1 1 1 0 1 0 1]
 [1 1 0 0 1 0 1 1 1 1 0 0 0 1 1]
 [1 0 1 0 1 0 1 0 1 0 1 0 0 0 0]
 [0 0 1 0 1 0 0 1 1 1 1 0 1 0 1]
 [0 0 1 0 1 1 0 1 1 1 0 1 0 0 0]
 [0 0 0 0 0 0 0 1 1 0 0 0 1 1 1]
 [0 1 0 0 0 1 0 1 0 1 1 1 0 1 1]
 [1 0 0 0 1 1 0 0 1 1 1 1 0 0 0]
 [0 1 0 0 1 0 0 1 1 1 0 1 0 0 0]
 [0 0 0 1 1 1 1 1 0 0 0 0 1 0 0]]
branch at 5
runtime for solving id of Q is 1177.4965598620474
Simulation results:
{'J': 30, 'K': 15, 'N': 10, 'p': 0.6667, 'seed': 25, 'sim': 8, 'runtime': 1177.4965598620474, 'identifiable': 0, 'branch': 5}
9
Q: [[1 1 1 1 1 1 0 1 0 1 1 1 1 0 1]
 [1 1 1 1 1 1 1 1 1 1 1 0 1 0 0]
 [0 1 1 1 1 1 0 0 1 0 1 1 1 0 1]
 [0 1 1 1 1 1 1 0 0 0 1 0 0 1 1]
 [1 1 0 0 1 1 1 1 1 0 1 1 1 1 1]
 [0 1 1 0 0 1 1 1 1 0 0 0 1 1 0]
 [0 1 1 0 1 1 1 1 1 1 1 0 1 0 1]
 [0 0 1 1 0 1 1 0 0 1 0 1 1 0 0]
 [1 0 1 1 1 1 1 1 1 1 1 1 1 1 1]
 [0 1 1 1 1 1 0 0 1 1 1 1 1 1 1]
 [1 1 0 1 1 0 1 1 0 1 0 1 1 1 1]
 [1 1 1 0 1 1 0 0 1 1 1 1 1 0 0]
 [0 0 1 0 1 1 1 1 0 0 1 1 1 1 0]
 [1 1 0 1 0 1 1 1 1 1 1 0 1 1 1]
 [0 1 1 1 0 1 1 1 1 0 1 1 0 1 0]
 [0 0 0 1 1 1 1 1 0 1 0 1 1 1 0]
 [1 1 1 0 1 0 0 1 0 1 1 0 0 1 1]
 [1 0 1 0 0 1 1 0 0 0 0 0 0 1 1]
 [0 1 1 1 0 1 0 1 0 0 1 0 0 0 0]
 [0 1 1 1 0 0 0 1 1 0 1 1 1 1 1]
 [1 0 1 1 1 0 1 1 1 1 0 0 0 0 1]
 [1 0 0 1 1 1 0 1 0 1 1 1 1 1 0]
 [1 1 1 1 1 0 1 1 1 1 1 1 1 0 1]
 [1 1 0 1 1 0 0 0 1 1 1 0 1 1 1]
 [1 0 1 1 1 1 1 1 1 0 1 1 0 1 0]
 [1 1 0 0 0 1 1 1 0 1 0 0 1 1 0]
 [1 0 0 0 1 0 1 0 1 0 0 1 1 1 1]
 [1 0 1 1 0 1 0 1 1 1 0 1 0 0 1]
 [1 1 0 1 1 1 1 1 1 1 1 1 1 1 1]
 [1 1 1 0 1 1 1 1 0 0 1 1 0 1 1]]
{'restarts': 2353, 'conflicts': 637275, 'decisions': 1180700, 'propagations': 2875828872}
Q is not identifiable, and Q_bar is [[1 0 1 1 1 0 1 1 1 1 1 0 1 1 0]
 [1 1 1 1 1 1 0 1 0 1 1 0 1 1 0]
 [0 1 1 1 0 0 1 0 1 1 1 0 1 1 0]
 [0 0 1 1 0 1 0 0 1 1 1 0 0 1 1]
 [1 1 1 0 0 1 1 1 0 0 1 1 1 1 1]
 [0 1 0 1 0 1 0 0 0 0 1 1 1 0 0]
 [0 1 1 1 1 1 0 1 1 0 1 0 1 1 0]
 [0 0 0 1 1 1 1 0 0 1 0 0 1 0 0]
 [1 1 1 1 1 1 1 1 0 1 0 1 1 1 1]
 [0 1 1 1 1 0 1 0 1 1 1 0 1 1 1]
 [1 0 0 0 1 1 1 1 0 1 1 0 1 1 1]
 [1 1 1 1 1 0 1 0 0 0 1 0 1 1 0]
 [0 0 1 1 0 1 1 1 0 0 0 1 1 1 0]
 [1 1 1 0 1 1 0 0 0 1 1 1 1 0 1]
 [0 1 1 1 0 1 1 0 0 1 1 1 0 0 0]
 [0 0 0 0 1 1 1 1 0 1 0 1 1 1 0]
 [1 0 1 0 1 0 0 1 1 0 1 0 0 1 1]
 [1 0 0 1 0 1 0 0 0 0 0 0 0 0 1]
 [0 0 1 1 0 0 0 1 0 1 1 0 0 0 0]
 [0 1 1 0 0 0 1 1 1 1 1 0 1 0 1]
 [1 1 0 0 1 1 0 1 1 1 0 0 0 1 0]
 [1 0 1 0 1 0 1 1 0 1 0 1 1 1 0]
 [1 1 1 0 1 1 1 1 1 1 1 0 1 1 0]
 [1 1 1 0 1 0 0 0 0 1 1 0 1 1 1]
 [1 1 1 1 0 1 1 1 0 1 0 1 0 1 0]
 [1 0 0 0 1 1 0 0 0 0 1 1 1 0 0]
 [1 1 0 0 0 1 1 0 0 0 0 0 1 1 1]
 [1 1 0 1 1 0 1 1 1 1 0 0 0 0 0]
 [1 1 1 0 1 1 1 1 0 1 1 1 1 1 1]
 [1 0 1 1 0 1 1 1 1 0 1 1 0 1 1]]
branch at 5
runtime for solving id of Q is 441.1433266219683
Simulation results:
{'J': 30, 'K': 15, 'N': 10, 'p': 0.6667, 'seed': 25, 'sim': 9, 'runtime': 441.1433266219683, 'identifiable': 0, 'branch': 5}
Simulation results:
[{'J': 30, 'K': 15, 'N': 10, 'p': 0.6667, 'seed': 25, 'sim': 0, 'runtime': 0.005312259308993816, 'identifiable': 0, 'branch': 2}, {'J': 30, 'K': 15, 'N': 10, 'p': 0.6667, 'seed': 25, 'sim': 1, 'runtime': 3791.9010758353397, 'identifiable': 0, 'branch': 5}, {'J': 30, 'K': 15, 'N': 10, 'p': 0.6667, 'seed': 25, 'sim': 2, 'runtime': 120.37004839396104, 'identifiable': 0, 'branch': 5}, {'J': 30, 'K': 15, 'N': 10, 'p': 0.6667, 'seed': 25, 'sim': 3, 'runtime': 60.02732243994251, 'identifiable': 0, 'branch': 5}, {'J': 30, 'K': 15, 'N': 10, 'p': 0.6667, 'seed': 25, 'sim': 4, 'runtime': 0.005569511093199253, 'identifiable': 0, 'branch': 2}, {'J': 30, 'K': 15, 'N': 10, 'p': 0.6667, 'seed': 25, 'sim': 5, 'runtime': 39.44781098887324, 'identifiable': 0, 'branch': 5}, {'J': 30, 'K': 15, 'N': 10, 'p': 0.6667, 'seed': 25, 'sim': 6, 'runtime': 0.007707349956035614, 'identifiable': 0, 'branch': 3}, {'J': 30, 'K': 15, 'N': 10, 'p': 0.6667, 'seed': 25, 'sim': 7, 'runtime': 61.57506714574993, 'identifiable': 0, 'branch': 5}, {'J': 30, 'K': 15, 'N': 10, 'p': 0.6667, 'seed': 25, 'sim': 8, 'runtime': 1177.4965598620474, 'identifiable': 0, 'branch': 5}, {'J': 30, 'K': 15, 'N': 10, 'p': 0.6667, 'seed': 25, 'sim': 9, 'runtime': 441.1433266219683, 'identifiable': 0, 'branch': 5}]
