
The Gurobi software has a limited number of licenses. To request a license or
licenses, add this line

    #SBATCH --licenses=gurobi@slurmdb:1

to your SBATCH script, replacing N with the number of licenses you need. Gurobi
will need one license per process.


0
Q: [[1 1 1 1 0]
 [1 1 1 1 1]
 [0 1 1 1 1]
 [1 1 1 1 1]
 [1 1 1 1 1]
 [0 1 0 1 1]
 [1 1 1 1 1]
 [1 1 1 1 1]
 [0 0 1 1 1]
 [1 1 1 1 1]
 [1 1 0 1 1]
 [1 0 1 0 1]
 [1 0 1 1 0]
 [0 1 1 1 1]
 [1 1 1 1 1]
 [0 1 0 1 1]
 [1 1 1 1 1]
 [0 1 1 1 1]
 [1 1 1 1 1]
 [1 1 1 1 1]
 [1 1 1 1 1]
 [1 1 1 1 1]
 [1 1 1 1 1]
 [1 1 1 1 1]
 [1 1 1 1 1]
 [1 1 1 1 1]
 [0 1 0 1 1]
 [1 1 1 1 1]
 [1 1 1 1 1]
 [1 1 1 1 1]
 [1 1 0 1 1]
 [1 1 1 0 1]
 [1 1 1 1 1]
 [0 1 1 1 1]
 [1 1 1 1 1]
 [1 1 1 1 1]
 [1 0 1 1 1]
 [1 1 1 1 1]
 [1 1 0 1 1]
 [1 1 1 1 1]
 [1 0 1 1 1]
 [1 1 1 1 1]
 [1 1 1 1 1]
 [0 1 1 1 1]
 [1 1 1 1 1]
 [0 1 1 1 1]
 [0 1 1 1 1]
 [1 0 1 1 1]
 [1 1 1 1 1]
 [1 1 1 1 1]]
Q is not identifiable (three-column submatrix not identifiable).
Q is not identifiable, and Q_bar is [[1 1 1 1 0]
 [1 1 1 1 1]
 [1 1 1 1 1]
 [1 1 1 1 1]
 [1 1 1 1 1]
 [0 1 0 1 1]
 [1 1 1 1 1]
 [1 1 1 1 1]
 [1 0 1 0 0]
 [1 1 1 1 1]
 [1 1 0 1 1]
 [1 0 1 0 1]
 [1 0 1 1 0]
 [1 1 1 1 1]
 [1 1 1 1 1]
 [0 1 0 1 1]
 [1 1 1 1 1]
 [1 1 1 1 1]
 [1 1 1 1 1]
 [1 1 1 1 1]
 [1 1 1 1 1]
 [1 1 1 1 1]
 [1 1 1 1 1]
 [1 1 1 1 1]
 [1 1 1 1 1]
 [1 1 1 1 1]
 [0 1 0 1 1]
 [1 1 1 1 1]
 [1 1 1 1 1]
 [1 1 1 1 1]
 [1 1 0 1 1]
 [1 1 1 0 1]
 [1 1 1 1 1]
 [1 1 1 1 1]
 [1 1 1 1 1]
 [1 1 1 1 1]
 [1 0 1 0 1]
 [1 1 1 1 1]
 [1 1 0 1 1]
 [1 1 1 1 1]
 [1 0 1 0 1]
 [1 1 1 1 1]
 [1 1 1 1 1]
 [1 1 1 1 1]
 [1 1 1 1 1]
 [1 1 1 1 1]
 [1 1 1 1 1]
 [1 0 1 0 1]
 [1 1 1 1 1]
 [1 1 1 1 1]]
branch at 3
runtime for solving id of Q is 0.001026802696287632
Simulation results:
{'J': 50, 'K': 5, 'N': 10, 'p': 0.9, 'seed': 80, 'sim': 0, 'runtime': 0.001026802696287632, 'identifiable': 0, 'branch': 3}
1
Q: [[1 1 1 1 0]
 [1 1 1 1 1]
 [1 1 0 0 1]
 [1 1 1 1 1]
 [1 1 0 1 1]
 [1 1 1 1 1]
 [1 0 1 1 1]
 [1 1 1 1 1]
 [1 1 1 0 1]
 [1 1 1 1 1]
 [1 1 0 1 1]
 [1 1 1 1 1]
 [1 1 1 1 1]
 [1 1 1 1 1]
 [0 1 1 1 1]
 [1 1 1 1 1]
 [1 1 0 1 1]
 [1 1 0 1 1]
 [1 1 1 1 1]
 [0 1 1 1 1]
 [1 1 1 1 1]
 [1 1 1 0 0]
 [1 1 0 1 1]
 [1 1 1 1 1]
 [1 1 1 1 1]
 [1 1 1 1 1]
 [1 1 1 1 1]
 [1 1 1 1 1]
 [1 1 1 1 0]
 [1 1 1 0 1]
 [1 1 1 1 1]
 [1 0 1 1 1]
 [1 1 1 1 1]
 [1 1 1 1 1]
 [1 1 1 1 1]
 [1 0 0 0 1]
 [0 1 0 1 1]
 [1 1 1 1 1]
 [1 1 1 1 1]
 [1 1 1 1 0]
 [1 1 1 1 1]
 [1 1 1 1 1]
 [1 1 0 1 1]
 [0 1 1 1 1]
 [1 1 1 1 1]
 [1 1 1 1 1]
 [1 1 0 1 1]
 [1 1 1 1 0]
 [1 0 1 1 1]
 [1 1 1 0 1]]
Q is not identifiable (three-column submatrix not identifiable).
Q is not identifiable, and Q_bar is [[1 1 1 1 0]
 [1 1 1 1 1]
 [1 1 0 0 1]
 [1 1 1 1 1]
 [1 0 0 1 1]
 [1 1 1 1 1]
 [1 0 1 1 1]
 [1 1 1 1 1]
 [1 1 1 0 1]
 [1 1 1 1 1]
 [1 0 0 1 1]
 [1 1 1 1 1]
 [1 1 1 1 1]
 [1 1 1 1 1]
 [0 1 1 1 1]
 [1 1 1 1 1]
 [1 0 0 1 1]
 [1 0 0 1 1]
 [1 1 1 1 1]
 [0 1 1 1 1]
 [1 1 1 1 1]
 [1 1 1 0 0]
 [1 0 0 1 1]
 [1 1 1 1 1]
 [1 1 1 1 1]
 [1 1 1 1 1]
 [1 1 1 1 1]
 [1 1 1 1 1]
 [1 1 1 1 0]
 [1 1 1 0 1]
 [1 1 1 1 1]
 [1 0 1 1 1]
 [1 1 1 1 1]
 [1 1 1 1 1]
 [1 1 1 1 1]
 [1 0 0 0 1]
 [1 0 0 1 0]
 [1 1 1 1 1]
 [1 1 1 1 1]
 [1 1 1 1 0]
 [1 1 1 1 1]
 [1 1 1 1 1]
 [1 0 0 1 1]
 [0 1 1 1 1]
 [1 1 1 1 1]
 [1 1 1 1 1]
 [1 0 0 1 1]
 [1 1 1 1 0]
 [1 0 1 1 1]
 [1 1 1 0 1]]
branch at 3
runtime for solving id of Q is 0.00092354416847229
Simulation results:
{'J': 50, 'K': 5, 'N': 10, 'p': 0.9, 'seed': 80, 'sim': 1, 'runtime': 0.00092354416847229, 'identifiable': 0, 'branch': 3}
2
Q: [[1 0 0 1 1]
 [1 0 1 1 1]
 [1 1 1 1 1]
 [1 1 1 0 1]
 [1 1 0 1 0]
 [1 1 1 1 1]
 [1 1 1 1 1]
 [1 1 1 1 1]
 [0 1 1 0 1]
 [1 1 1 1 1]
 [1 1 1 1 1]
 [0 1 1 1 1]
 [0 1 1 1 1]
 [1 1 1 1 1]
 [1 1 1 1 1]
 [0 1 1 1 1]
 [1 1 0 1 1]
 [1 1 1 1 1]
 [1 1 0 1 1]
 [1 1 1 1 1]
 [1 0 1 1 1]
 [0 1 1 1 1]
 [1 1 1 1 1]
 [1 1 1 1 1]
 [1 1 1 1 1]
 [1 1 1 1 1]
 [1 1 1 0 1]
 [1 1 1 1 1]
 [1 1 1 1 1]
 [1 1 1 1 1]
 [1 1 1 1 1]
 [1 1 1 0 1]
 [0 1 1 0 1]
 [1 1 1 1 1]
 [1 0 1 1 1]
 [0 1 1 1 0]
 [1 1 1 1 1]
 [1 1 1 1 1]
 [1 1 1 1 1]
 [1 0 1 1 0]
 [1 0 1 1 0]
 [1 1 1 1 1]
 [1 1 0 1 1]
 [1 1 1 1 1]
 [1 1 1 1 0]
 [1 1 1 1 1]
 [1 1 1 1 1]
 [1 1 1 1 1]
 [1 1 1 1 1]
 [1 1 1 1 1]]
{'restarts': 1, 'conflicts': 11, 'decisions': 46, 'propagations': 339}
Q is not identifiable, and Q_bar is [[0 0 0 1 0]
 [1 1 0 1 0]
 [0 0 1 1 0]
 [1 0 1 0 0]
 [1 0 0 0 1]
 [0 0 1 1 0]
 [0 0 1 1 0]
 [0 0 1 1 0]
 [0 0 1 0 0]
 [0 0 1 1 0]
 [0 0 1 1 0]
 [0 1 1 0 1]
 [0 1 1 0 1]
 [0 0 1 1 0]
 [0 0 1 1 0]
 [0 1 1 0 1]
 [1 0 0 1 1]
 [0 0 1 1 0]
 [1 0 0 1 1]
 [0 0 1 1 0]
 [1 1 0 1 0]
 [0 1 1 0 1]
 [0 0 1 1 0]
 [0 0 1 1 0]
 [0 0 1 1 0]
 [0 0 1 1 0]
 [1 0 1 0 0]
 [0 0 1 1 0]
 [0 0 1 1 0]
 [0 0 1 1 0]
 [0 0 1 1 0]
 [1 0 1 0 0]
 [0 0 1 0 0]
 [0 0 1 1 0]
 [1 1 0 1 0]
 [0 1 0 0 1]
 [0 0 1 1 0]
 [0 0 1 1 0]
 [0 0 1 1 0]
 [1 1 0 0 0]
 [1 1 0 0 0]
 [0 0 1 1 0]
 [1 0 0 1 1]
 [0 0 1 1 0]
 [1 1 0 0 1]
 [0 0 1 1 0]
 [0 0 1 1 0]
 [0 0 1 1 0]
 [0 0 1 1 0]
 [0 0 1 1 0]]
branch at 5
runtime for solving id of Q is 0.0031326021999120712
Simulation results:
{'J': 50, 'K': 5, 'N': 10, 'p': 0.9, 'seed': 80, 'sim': 2, 'runtime': 0.0031326021999120712, 'identifiable': 0, 'branch': 5}
3
Q: [[0 1 0 1 1]
 [1 1 1 0 1]
 [0 1 0 1 1]
 [1 1 1 1 1]
 [1 1 1 1 1]
 [1 1 1 1 1]
 [1 1 1 0 1]
 [1 1 1 1 1]
 [1 1 1 0 1]
 [1 1 1 1 1]
 [1 1 1 1 1]
 [1 1 1 1 1]
 [1 1 1 1 1]
 [1 1 1 1 0]
 [1 1 1 1 0]
 [1 0 1 1 1]
 [1 1 1 1 1]
 [0 1 1 1 1]
 [1 1 1 0 0]
 [0 1 1 1 1]
 [1 1 1 1 1]
 [1 1 1 0 1]
 [1 1 1 1 1]
 [1 1 1 1 1]
 [1 1 1 1 1]
 [1 1 0 1 1]
 [1 1 1 1 1]
 [0 1 1 1 0]
 [1 1 1 1 1]
 [1 1 1 1 1]
 [1 1 1 1 1]
 [1 0 1 1 1]
 [1 0 1 0 1]
 [1 1 1 1 1]
 [1 1 1 0 1]
 [1 1 1 1 1]
 [1 1 1 1 0]
 [1 1 0 1 0]
 [0 1 1 1 1]
 [1 1 0 1 1]
 [0 1 1 1 1]
 [1 1 0 1 1]
 [1 1 1 1 1]
 [1 1 1 1 1]
 [1 1 0 1 1]
 [1 0 1 1 1]
 [1 1 1 1 1]
 [0 1 1 1 0]
 [1 1 1 1 1]
 [1 1 1 1 1]]
{'restarts': 1, 'conflicts': 25, 'decisions': 85, 'propagations': 1046}
Q is not identifiable, and Q_bar is [[0 0 0 1 0]
 [1 0 1 0 1]
 [0 0 0 1 0]
 [0 0 1 1 0]
 [0 0 1 1 0]
 [0 0 1 1 0]
 [1 0 1 0 1]
 [0 0 1 1 0]
 [1 0 1 0 1]
 [0 0 1 1 0]
 [0 0 1 1 0]
 [0 0 1 1 0]
 [0 0 1 1 0]
 [1 1 0 0 1]
 [1 1 0 0 1]
 [0 1 1 0 0]
 [0 0 1 1 0]
 [0 1 0 1 1]
 [1 0 0 0 1]
 [0 1 0 1 1]
 [0 0 1 1 0]
 [1 0 1 0 1]
 [0 0 1 1 0]
 [0 0 1 1 0]
 [0 0 1 1 0]
 [1 1 0 1 0]
 [0 0 1 1 0]
 [0 1 0 0 1]
 [0 0 1 1 0]
 [0 0 1 1 0]
 [0 0 1 1 0]
 [0 1 1 0 0]
 [0 0 1 0 0]
 [0 0 1 1 0]
 [1 0 1 0 1]
 [0 0 1 1 0]
 [1 1 0 0 1]
 [1 1 0 0 0]
 [0 1 0 1 1]
 [1 1 0 1 0]
 [0 1 0 1 1]
 [1 1 0 1 0]
 [0 0 1 1 0]
 [0 0 1 1 0]
 [1 1 0 1 0]
 [0 1 1 0 0]
 [0 0 1 1 0]
 [0 1 0 0 1]
 [0 0 1 1 0]
 [0 0 1 1 0]]
branch at 5
runtime for solving id of Q is 0.002953195944428444
Simulation results:
{'J': 50, 'K': 5, 'N': 10, 'p': 0.9, 'seed': 80, 'sim': 3, 'runtime': 0.002953195944428444, 'identifiable': 0, 'branch': 5}
4
Q: [[1 1 1 1 1]
 [1 1 0 1 1]
 [1 1 1 1 1]
 [1 1 1 1 1]
 [1 1 1 1 1]
 [1 1 1 0 1]
 [1 1 1 0 1]
 [1 1 1 1 1]
 [1 1 0 0 1]
 [1 1 1 1 1]
 [1 1 1 1 1]
 [1 1 0 1 1]
 [0 1 1 1 1]
 [1 1 1 1 1]
 [1 1 1 0 1]
 [1 1 1 0 0]
 [1 1 1 1 1]
 [1 1 1 1 1]
 [1 1 1 1 1]
 [1 1 1 1 1]
 [1 0 1 1 1]
 [0 1 1 1 1]
 [1 1 0 1 0]
 [1 1 1 1 1]
 [1 1 1 1 1]
 [1 1 1 1 1]
 [1 1 1 1 1]
 [0 1 1 1 1]
 [1 1 1 1 1]
 [1 1 1 1 1]
 [1 1 1 1 1]
 [1 0 0 1 1]
 [1 0 1 0 1]
 [1 1 1 1 1]
 [1 1 1 1 1]
 [1 1 1 1 0]
 [1 0 1 1 1]
 [1 1 1 1 1]
 [1 1 0 0 1]
 [1 1 1 1 1]
 [1 1 1 1 1]
 [1 1 1 1 1]
 [1 1 1 1 1]
 [1 1 1 1 1]
 [1 1 1 0 1]
 [1 1 1 1 1]
 [0 1 1 1 1]
 [1 1 1 1 1]
 [1 1 1 1 1]
 [0 1 0 1 1]]
Q is not identifiable (three-column submatrix not identifiable).
Q is not identifiable, and Q_bar is [[1 1 1 1 1]
 [1 0 0 1 1]
 [1 1 1 1 1]
 [1 1 1 1 1]
 [1 1 1 1 1]
 [1 1 1 0 1]
 [1 1 1 0 1]
 [1 1 1 1 1]
 [1 1 0 0 1]
 [1 1 1 1 1]
 [1 1 1 1 1]
 [1 0 0 1 1]
 [0 1 1 1 1]
 [1 1 1 1 1]
 [1 1 1 0 1]
 [1 1 1 0 0]
 [1 1 1 1 1]
 [1 1 1 1 1]
 [1 1 1 1 1]
 [1 1 1 1 1]
 [1 0 1 1 1]
 [0 1 1 1 1]
 [1 1 0 1 0]
 [1 1 1 1 1]
 [1 1 1 1 1]
 [1 1 1 1 1]
 [1 1 1 1 1]
 [0 1 1 1 1]
 [1 1 1 1 1]
 [1 1 1 1 1]
 [1 1 1 1 1]
 [1 0 0 1 1]
 [1 0 1 0 1]
 [1 1 1 1 1]
 [1 1 1 1 1]
 [1 1 1 1 0]
 [1 0 1 1 1]
 [1 1 1 1 1]
 [1 1 0 0 1]
 [1 1 1 1 1]
 [1 1 1 1 1]
 [1 1 1 1 1]
 [1 1 1 1 1]
 [1 1 1 1 1]
 [1 1 1 0 1]
 [1 1 1 1 1]
 [0 1 1 1 1]
 [1 1 1 1 1]
 [1 1 1 1 1]
 [1 0 0 1 0]]
branch at 3
runtime for solving id of Q is 0.0008873846381902695
Simulation results:
{'J': 50, 'K': 5, 'N': 10, 'p': 0.9, 'seed': 80, 'sim': 4, 'runtime': 0.0008873846381902695, 'identifiable': 0, 'branch': 3}
5
Q: [[1 1 1 1 1]
 [1 1 1 1 1]
 [1 1 1 0 1]
 [1 1 1 1 1]
 [1 1 1 1 1]
 [1 1 1 1 1]
 [1 1 1 1 1]
 [0 1 1 1 1]
 [1 1 1 1 1]
 [1 1 1 1 1]
 [1 1 1 1 1]
 [1 1 1 1 1]
 [1 0 1 1 1]
 [1 1 1 1 1]
 [1 1 1 1 1]
 [1 1 0 1 0]
 [0 1 1 1 1]
 [1 0 0 1 1]
 [1 1 1 1 1]
 [1 1 1 1 1]
 [1 1 1 1 1]
 [1 1 1 1 1]
 [1 1 1 1 1]
 [0 0 1 1 1]
 [0 1 1 1 1]
 [1 1 1 1 1]
 [0 1 1 1 1]
 [1 1 1 1 0]
 [1 1 1 1 1]
 [1 1 1 1 1]
 [1 1 1 1 1]
 [1 1 1 1 1]
 [1 1 1 0 1]
 [1 1 1 1 1]
 [1 1 1 1 1]
 [1 1 1 1 1]
 [1 1 1 1 1]
 [1 1 1 1 1]
 [1 1 1 1 1]
 [1 1 1 1 1]
 [0 1 1 1 1]
 [1 1 1 1 1]
 [1 1 1 1 1]
 [1 1 1 1 1]
 [1 1 1 1 0]
 [0 1 0 1 1]
 [1 1 1 1 1]
 [1 1 1 1 0]
 [1 1 1 1 1]
 [1 1 1 1 1]]
Q is not identifiable (three-column submatrix not identifiable).
Q is not identifiable, and Q_bar is [[1 1 1 1 1]
 [1 1 1 1 1]
 [1 1 1 0 1]
 [1 1 1 1 1]
 [1 1 1 1 1]
 [1 1 1 1 1]
 [1 1 1 1 1]
 [1 1 1 1 1]
 [1 1 1 1 1]
 [1 1 1 1 1]
 [1 1 1 1 1]
 [1 1 1 1 1]
 [1 0 1 1 1]
 [1 1 1 1 1]
 [1 1 1 1 1]
 [1 1 0 1 0]
 [1 1 1 1 1]
 [1 0 0 1 1]
 [1 1 1 1 1]
 [1 1 1 1 1]
 [1 1 1 1 1]
 [1 1 1 1 1]
 [1 1 1 1 1]
 [1 0 1 0 0]
 [1 1 1 1 1]
 [1 1 1 1 1]
 [1 1 1 1 1]
 [1 1 1 1 0]
 [1 1 1 1 1]
 [1 1 1 1 1]
 [1 1 1 1 1]
 [1 1 1 1 1]
 [1 1 1 0 1]
 [1 1 1 1 1]
 [1 1 1 1 1]
 [1 1 1 1 1]
 [1 1 1 1 1]
 [1 1 1 1 1]
 [1 1 1 1 1]
 [1 1 1 1 1]
 [1 1 1 1 1]
 [1 1 1 1 1]
 [1 1 1 1 1]
 [1 1 1 1 1]
 [1 1 1 1 0]
 [0 1 0 1 1]
 [1 1 1 1 1]
 [1 1 1 1 0]
 [1 1 1 1 1]
 [1 1 1 1 1]]
branch at 3
runtime for solving id of Q is 0.00092350784689188
Simulation results:
{'J': 50, 'K': 5, 'N': 10, 'p': 0.9, 'seed': 80, 'sim': 5, 'runtime': 0.00092350784689188, 'identifiable': 0, 'branch': 3}
6
Q: [[1 1 1 1 1]
 [1 1 1 1 1]
 [1 1 1 1 1]
 [0 0 1 1 0]
 [1 1 0 1 1]
 [1 1 1 1 0]
 [1 1 0 0 1]
 [1 0 1 1 1]
 [1 0 1 1 1]
 [1 1 1 1 1]
 [1 1 1 1 1]
 [1 1 1 1 1]
 [1 1 1 1 1]
 [1 1 1 1 1]
 [1 0 1 1 1]
 [1 1 1 1 0]
 [1 1 1 1 1]
 [0 1 1 1 1]
 [1 1 1 1 1]
 [1 1 1 0 1]
 [1 1 0 1 1]
 [1 1 1 1 0]
 [1 1 1 1 1]
 [1 1 0 1 0]
 [1 1 1 1 1]
 [1 1 1 1 1]
 [0 1 1 1 1]
 [1 1 1 1 1]
 [1 0 1 1 1]
 [1 0 1 1 1]
 [0 1 1 1 1]
 [1 1 1 0 1]
 [1 1 1 1 0]
 [1 1 1 1 1]
 [1 1 1 1 1]
 [1 0 1 1 1]
 [1 0 0 1 1]
 [1 0 0 1 1]
 [1 1 1 1 1]
 [1 1 1 1 1]
 [1 1 1 1 1]
 [1 1 1 1 1]
 [1 1 1 1 0]
 [1 1 1 1 1]
 [1 1 0 1 1]
 [1 1 1 1 1]
 [1 1 1 1 1]
 [1 1 1 1 1]
 [0 0 1 0 1]
 [1 1 1 0 1]]
{'restarts': 1, 'conflicts': 4, 'decisions': 39, 'propagations': 312}
Q is not identifiable, and Q_bar is [[1 1 1 1 1]
 [1 1 1 1 1]
 [1 1 1 1 1]
 [0 0 0 0 1]
 [1 1 0 1 0]
 [1 0 0 1 1]
 [0 1 0 1 0]
 [1 1 1 0 0]
 [1 1 1 0 0]
 [1 1 1 1 1]
 [1 1 1 1 1]
 [1 1 1 1 1]
 [1 1 1 1 1]
 [1 1 1 1 1]
 [1 1 1 0 0]
 [1 0 0 1 1]
 [1 1 1 1 1]
 [0 0 1 1 1]
 [1 1 1 1 1]
 [0 1 1 1 0]
 [1 1 0 1 0]
 [1 0 0 1 1]
 [1 1 1 1 1]
 [1 0 0 1 0]
 [1 1 1 1 1]
 [1 1 1 1 1]
 [0 0 1 1 1]
 [1 1 1 1 1]
 [1 1 1 0 0]
 [1 1 1 0 0]
 [0 0 1 1 1]
 [0 1 1 1 0]
 [1 0 0 1 1]
 [1 1 1 1 1]
 [1 1 1 1 1]
 [1 1 1 0 0]
 [1 1 0 0 0]
 [1 1 0 0 0]
 [1 1 1 1 1]
 [1 1 1 1 1]
 [1 1 1 1 1]
 [1 1 1 1 1]
 [1 0 0 1 1]
 [1 1 1 1 1]
 [1 1 0 1 0]
 [1 1 1 1 1]
 [1 1 1 1 1]
 [1 1 1 1 1]
 [0 0 1 0 0]
 [0 1 1 1 0]]
branch at 5
runtime for solving id of Q is 0.0031600650399923325
Simulation results:
{'J': 50, 'K': 5, 'N': 10, 'p': 0.9, 'seed': 80, 'sim': 6, 'runtime': 0.0031600650399923325, 'identifiable': 0, 'branch': 5}
7
Q: [[1 1 1 1 1]
 [1 1 1 1 1]
 [0 1 1 1 1]
 [1 1 1 1 1]
 [1 1 1 1 1]
 [1 1 1 1 1]
 [1 1 1 1 1]
 [1 1 1 1 0]
 [1 1 1 1 1]
 [1 1 0 1 1]
 [1 1 1 1 1]
 [0 1 1 1 1]
 [1 1 1 1 0]
 [0 1 1 1 1]
 [1 1 1 1 1]
 [1 1 1 1 1]
 [1 1 1 1 1]
 [1 1 1 1 1]
 [1 1 1 1 1]
 [1 1 1 1 1]
 [0 1 1 1 1]
 [1 1 1 1 1]
 [1 0 1 1 1]
 [1 0 1 1 1]
 [1 1 0 1 1]
 [1 1 1 1 1]
 [0 0 1 0 1]
 [1 0 0 1 1]
 [1 0 1 1 1]
 [1 1 1 1 1]
 [0 1 1 1 1]
 [1 1 1 0 1]
 [1 1 1 1 1]
 [1 1 1 1 1]
 [1 1 1 1 1]
 [1 1 1 1 1]
 [1 1 1 1 1]
 [1 1 1 1 0]
 [1 1 1 1 1]
 [1 1 1 1 1]
 [1 1 1 1 1]
 [1 1 1 1 0]
 [1 0 1 1 1]
 [1 1 1 1 1]
 [1 1 1 1 0]
 [1 1 1 1 0]
 [1 1 1 1 1]
 [1 1 1 1 1]
 [1 1 1 0 1]
 [1 1 1 1 1]]
Q is not identifiable (three-column submatrix not identifiable).
Q is not identifiable, and Q_bar is [[1 1 1 1 1]
 [1 1 1 1 1]
 [0 1 1 1 1]
 [1 1 1 1 1]
 [1 1 1 1 1]
 [1 1 1 1 1]
 [1 1 1 1 1]
 [1 1 1 1 0]
 [1 1 1 1 1]
 [1 1 0 1 1]
 [1 1 1 1 1]
 [0 1 1 1 1]
 [1 1 1 1 0]
 [0 1 1 1 1]
 [1 1 1 1 1]
 [1 1 1 1 1]
 [1 1 1 1 1]
 [1 1 1 1 1]
 [1 1 1 1 1]
 [1 1 1 1 1]
 [0 1 1 1 1]
 [1 1 1 1 1]
 [1 0 1 1 1]
 [1 0 1 1 1]
 [1 1 0 1 1]
 [1 1 1 1 1]
 [1 0 1 0 1]
 [1 0 0 1 1]
 [1 0 1 1 1]
 [1 1 1 1 1]
 [0 1 1 1 1]
 [1 1 1 0 1]
 [1 1 1 1 1]
 [1 1 1 1 1]
 [1 1 1 1 1]
 [1 1 1 1 1]
 [1 1 1 1 1]
 [1 1 1 1 0]
 [1 1 1 1 1]
 [1 1 1 1 1]
 [1 1 1 1 1]
 [1 1 1 1 0]
 [1 0 1 1 1]
 [1 1 1 1 1]
 [1 1 1 1 0]
 [1 1 1 1 0]
 [1 1 1 1 1]
 [1 1 1 1 1]
 [1 1 1 0 1]
 [1 1 1 1 1]]
branch at 3
runtime for solving id of Q is 0.0008223187178373337
Simulation results:
{'J': 50, 'K': 5, 'N': 10, 'p': 0.9, 'seed': 80, 'sim': 7, 'runtime': 0.0008223187178373337, 'identifiable': 0, 'branch': 3}
8
Q: [[1 1 1 1 1]
 [1 1 1 0 1]
 [1 0 1 1 1]
 [1 1 1 1 1]
 [1 1 1 1 1]
 [1 1 1 0 1]
 [1 1 1 1 1]
 [1 1 1 1 1]
 [1 1 1 1 1]
 [1 1 1 1 0]
 [1 1 1 1 1]
 [1 0 1 0 0]
 [1 1 1 1 1]
 [1 1 1 1 1]
 [1 1 1 1 1]
 [1 1 1 1 1]
 [1 1 1 1 1]
 [0 0 1 1 1]
 [1 1 1 1 1]
 [0 1 1 1 1]
 [1 0 1 0 0]
 [1 1 1 0 1]
 [1 1 1 0 1]
 [1 1 1 1 1]
 [1 1 1 1 1]
 [1 1 1 1 1]
 [1 1 1 1 0]
 [1 1 1 0 1]
 [0 1 1 1 1]
 [1 1 1 1 1]
 [0 1 1 1 1]
 [1 1 1 1 1]
 [1 1 1 1 1]
 [1 1 1 0 0]
 [1 1 0 1 1]
 [1 0 1 1 1]
 [0 1 1 1 1]
 [0 1 1 1 1]
 [1 1 1 1 1]
 [1 1 1 1 1]
 [1 1 1 1 1]
 [1 1 1 1 1]
 [1 1 1 1 1]
 [1 1 1 0 1]
 [1 1 1 1 1]
 [1 1 1 1 1]
 [1 1 1 1 1]
 [1 1 1 1 0]
 [1 1 1 1 1]
 [1 1 1 1 1]]
Q is not identifiable (three-column submatrix not identifiable).
Q is not identifiable, and Q_bar is [[1 1 1 1 1]
 [1 1 1 0 1]
 [1 0 1 0 1]
 [1 1 1 1 1]
 [1 1 1 1 1]
 [1 1 1 0 1]
 [1 1 1 1 1]
 [1 1 1 1 1]
 [1 1 1 1 1]
 [1 1 1 1 0]
 [1 1 1 1 1]
 [1 0 1 0 0]
 [1 1 1 1 1]
 [1 1 1 1 1]
 [1 1 1 1 1]
 [1 1 1 1 1]
 [1 1 1 1 1]
 [1 0 0 0 1]
 [1 1 1 1 1]
 [0 1 1 1 1]
 [1 0 1 0 0]
 [1 1 1 0 1]
 [1 1 1 0 1]
 [1 1 1 1 1]
 [1 1 1 1 1]
 [1 1 1 1 1]
 [1 1 1 1 0]
 [1 1 1 0 1]
 [0 1 1 1 1]
 [1 1 1 1 1]
 [0 1 1 1 1]
 [1 1 1 1 1]
 [1 1 1 1 1]
 [1 1 1 0 0]
 [1 1 0 1 1]
 [1 0 1 0 1]
 [0 1 1 1 1]
 [0 1 1 1 1]
 [1 1 1 1 1]
 [1 1 1 1 1]
 [1 1 1 1 1]
 [1 1 1 1 1]
 [1 1 1 1 1]
 [1 1 1 0 1]
 [1 1 1 1 1]
 [1 1 1 1 1]
 [1 1 1 1 1]
 [1 1 1 1 0]
 [1 1 1 1 1]
 [1 1 1 1 1]]
branch at 3
runtime for solving id of Q is 0.0008599720895290375
Simulation results:
{'J': 50, 'K': 5, 'N': 10, 'p': 0.9, 'seed': 80, 'sim': 8, 'runtime': 0.0008599720895290375, 'identifiable': 0, 'branch': 3}
9
Q: [[1 1 1 1 0]
 [1 1 1 1 1]
 [1 1 1 1 1]
 [1 1 1 1 1]
 [1 1 1 1 1]
 [1 0 1 0 1]
 [1 1 1 1 1]
 [1 1 1 0 1]
 [1 1 1 1 1]
 [1 1 0 1 1]
 [1 1 1 1 1]
 [1 1 1 1 0]
 [1 1 1 1 1]
 [1 1 1 1 1]
 [0 1 1 1 1]
 [1 1 1 0 1]
 [1 1 1 1 0]
 [1 1 1 1 1]
 [1 0 1 1 1]
 [1 1 1 1 1]
 [1 1 1 1 1]
 [1 1 1 1 1]
 [1 1 1 1 1]
 [1 1 1 1 1]
 [1 1 1 1 1]
 [1 1 1 1 1]
 [1 1 1 1 1]
 [1 1 1 1 1]
 [1 1 1 1 1]
 [1 1 1 1 1]
 [1 1 1 1 1]
 [1 1 1 1 1]
 [1 1 0 1 1]
 [1 1 0 0 1]
 [1 1 1 1 1]
 [1 1 1 1 1]
 [1 1 1 1 0]
 [1 1 0 1 1]
 [0 1 1 1 1]
 [1 1 1 1 1]
 [1 1 1 1 0]
 [1 1 1 1 1]
 [1 1 1 1 1]
 [1 1 1 1 1]
 [1 1 1 1 1]
 [1 1 0 1 1]
 [1 1 1 1 1]
 [1 1 1 1 1]
 [1 1 1 1 1]
 [1 1 1 1 1]]
Q is not identifiable (three-column submatrix not identifiable).
Q is not identifiable, and Q_bar is [[1 1 1 1 0]
 [1 0 1 1 1]
 [1 0 1 1 1]
 [1 0 1 1 1]
 [1 0 1 1 1]
 [1 0 1 0 1]
 [1 0 1 1 1]
 [1 1 1 0 1]
 [1 0 1 1 1]
 [1 1 0 1 1]
 [1 0 1 1 1]
 [1 1 1 1 0]
 [1 0 1 1 1]
 [1 0 1 1 1]
 [1 0 0 1 1]
 [1 1 1 0 1]
 [1 1 1 1 0]
 [1 0 1 1 1]
 [1 0 1 1 1]
 [1 0 1 1 1]
 [1 0 1 1 1]
 [1 0 1 1 1]
 [1 0 1 1 1]
 [1 0 1 1 1]
 [1 0 1 1 1]
 [1 0 1 1 1]
 [1 0 1 1 1]
 [1 0 1 1 1]
 [1 0 1 1 1]
 [1 0 1 1 1]
 [1 0 1 1 1]
 [1 0 1 1 1]
 [1 1 0 1 1]
 [1 1 0 0 1]
 [1 0 1 1 1]
 [1 0 1 1 1]
 [1 1 1 1 0]
 [1 1 0 1 1]
 [1 0 0 1 1]
 [1 0 1 1 1]
 [1 1 1 1 0]
 [1 0 1 1 1]
 [1 0 1 1 1]
 [1 0 1 1 1]
 [1 0 1 1 1]
 [1 1 0 1 1]
 [1 0 1 1 1]
 [1 0 1 1 1]
 [1 0 1 1 1]
 [1 0 1 1 1]]
branch at 3
runtime for solving id of Q is 0.0008081244304776192
Simulation results:
{'J': 50, 'K': 5, 'N': 10, 'p': 0.9, 'seed': 80, 'sim': 9, 'runtime': 0.0008081244304776192, 'identifiable': 0, 'branch': 3}
Simulation results:
[{'J': 50, 'K': 5, 'N': 10, 'p': 0.9, 'seed': 80, 'sim': 0, 'runtime': 0.001026802696287632, 'identifiable': 0, 'branch': 3}, {'J': 50, 'K': 5, 'N': 10, 'p': 0.9, 'seed': 80, 'sim': 1, 'runtime': 0.00092354416847229, 'identifiable': 0, 'branch': 3}, {'J': 50, 'K': 5, 'N': 10, 'p': 0.9, 'seed': 80, 'sim': 2, 'runtime': 0.0031326021999120712, 'identifiable': 0, 'branch': 5}, {'J': 50, 'K': 5, 'N': 10, 'p': 0.9, 'seed': 80, 'sim': 3, 'runtime': 0.002953195944428444, 'identifiable': 0, 'branch': 5}, {'J': 50, 'K': 5, 'N': 10, 'p': 0.9, 'seed': 80, 'sim': 4, 'runtime': 0.0008873846381902695, 'identifiable': 0, 'branch': 3}, {'J': 50, 'K': 5, 'N': 10, 'p': 0.9, 'seed': 80, 'sim': 5, 'runtime': 0.00092350784689188, 'identifiable': 0, 'branch': 3}, {'J': 50, 'K': 5, 'N': 10, 'p': 0.9, 'seed': 80, 'sim': 6, 'runtime': 0.0031600650399923325, 'identifiable': 0, 'branch': 5}, {'J': 50, 'K': 5, 'N': 10, 'p': 0.9, 'seed': 80, 'sim': 7, 'runtime': 0.0008223187178373337, 'identifiable': 0, 'branch': 3}, {'J': 50, 'K': 5, 'N': 10, 'p': 0.9, 'seed': 80, 'sim': 8, 'runtime': 0.0008599720895290375, 'identifiable': 0, 'branch': 3}, {'J': 50, 'K': 5, 'N': 10, 'p': 0.9, 'seed': 80, 'sim': 9, 'runtime': 0.0008081244304776192, 'identifiable': 0, 'branch': 3}]
