
The Gurobi software has a limited number of licenses. To request a license or
licenses, add this line

    #SBATCH --licenses=gurobi@slurmdb:1

to your SBATCH script, replacing N with the number of licenses you need. Gurobi
will need one license per process.


0
Q: [[1 1 1 1 1 1 1 1 0 1]
 [1 1 1 0 1 0 1 0 0 1]
 [0 0 1 1 1 1 1 0 1 1]
 [0 1 1 0 1 0 1 1 1 1]
 [1 1 1 1 0 1 0 1 1 1]
 [0 1 1 1 1 1 1 0 1 1]
 [1 1 1 0 1 1 1 1 0 1]
 [0 0 0 1 1 1 1 0 0 0]
 [1 0 1 1 1 1 0 1 1 1]
 [1 1 1 0 0 0 1 1 1 1]
 [0 1 1 1 0 0 1 1 0 1]
 [1 1 1 0 1 1 1 1 1 1]
 [1 1 1 1 0 1 1 1 0 1]
 [1 1 0 1 1 1 0 0 1 0]
 [0 1 0 1 0 1 0 1 0 0]
 [1 1 1 0 1 1 0 1 0 0]
 [0 1 1 1 1 1 1 0 0 1]
 [1 1 1 1 0 0 1 1 1 0]
 [0 1 1 0 0 1 1 1 1 1]
 [1 1 1 1 0 0 0 1 1 1]
 [1 1 0 1 1 1 1 0 1 1]
 [1 1 1 1 1 1 1 1 1 1]
 [1 1 1 0 1 1 1 1 0 1]
 [1 1 1 0 1 1 1 1 1 1]
 [0 0 1 1 1 1 1 0 1 1]
 [1 1 0 1 0 1 0 1 1 1]
 [1 1 1 1 1 1 1 1 0 1]
 [1 0 1 1 1 0 0 1 0 0]
 [0 0 0 1 0 1 1 1 1 1]
 [1 1 1 0 1 1 1 1 1 0]
 [0 0 1 1 1 0 0 1 1 1]
 [0 0 0 1 1 0 1 1 1 0]
 [1 0 0 1 1 0 0 1 1 0]
 [0 1 1 1 0 1 1 1 0 1]
 [1 0 1 1 1 1 0 0 0 1]
 [1 1 1 0 1 0 0 1 0 0]
 [1 1 1 0 1 1 1 1 1 0]
 [1 1 0 1 1 0 1 1 1 1]
 [1 0 1 1 1 1 1 1 1 0]
 [1 1 0 1 1 1 1 0 0 1]
 [0 1 1 1 1 1 1 1 1 1]
 [1 1 1 1 1 1 1 1 1 1]
 [1 1 1 0 1 1 0 1 1 0]
 [1 0 1 1 1 1 0 1 1 1]
 [0 0 1 1 1 1 0 0 1 1]
 [0 0 1 0 0 0 0 1 1 1]
 [1 0 0 0 1 1 1 0 1 1]
 [1 0 1 1 0 1 0 0 0 1]
 [1 0 0 1 1 1 1 0 1 0]
 [0 1 1 0 1 0 1 1 0 1]]
{'restarts': 25, 'conflicts': 9698, 'decisions': 16417, 'propagations': 5037856}
Q is identifiable
branch at 6
runtime for solving id of Q is 0.7711221165955067
Simulation results:
{'J': 50, 'K': 10, 'N': 10, 'p': 0.7, 'seed': 747, 'sim': 0, 'runtime': 0.7711221165955067, 'identifiable': 1, 'branch': 6}
1
Q: [[1 0 1 1 1 0 1 1 0 1]
 [1 1 0 1 0 1 0 1 1 1]
 [1 1 1 0 1 1 1 0 1 1]
 [1 1 1 0 1 1 1 0 1 1]
 [1 1 1 0 0 0 1 0 1 1]
 [0 1 0 0 0 1 0 1 0 0]
 [1 1 1 1 1 0 1 1 1 0]
 [0 1 0 1 1 1 1 1 1 0]
 [1 1 1 1 1 0 1 0 1 1]
 [0 0 1 1 1 1 1 1 1 1]
 [1 0 1 1 1 1 1 1 1 1]
 [1 0 1 1 1 1 1 1 1 1]
 [1 1 1 1 1 0 1 1 0 1]
 [1 1 1 1 1 1 0 0 0 1]
 [0 1 1 1 0 0 1 1 0 1]
 [1 1 1 1 1 1 1 0 0 0]
 [0 1 1 0 0 1 1 1 1 1]
 [1 1 1 1 0 0 1 1 1 1]
 [0 1 0 0 1 1 1 1 1 1]
 [0 1 1 1 1 1 1 1 1 1]
 [1 0 0 1 1 1 1 1 1 1]
 [0 1 1 0 1 1 1 0 1 1]
 [0 1 0 1 0 1 0 0 1 0]
 [1 0 1 1 1 0 1 1 1 1]
 [0 1 1 1 1 0 1 1 1 1]
 [1 0 0 1 1 1 1 1 0 1]
 [1 1 1 0 0 1 0 0 1 1]
 [1 0 1 1 0 0 1 0 1 1]
 [1 1 1 1 1 0 0 0 1 0]
 [0 1 1 1 0 1 1 1 0 1]
 [0 0 0 1 0 1 0 1 1 1]
 [1 1 1 0 1 0 1 1 1 1]
 [0 1 1 1 0 1 0 1 1 1]
 [1 1 1 1 1 0 1 1 1 1]
 [1 1 1 0 1 1 0 1 1 0]
 [1 1 1 1 1 0 1 1 1 0]
 [1 1 1 1 1 1 0 1 0 0]
 [1 1 0 1 1 1 0 0 0 0]
 [0 1 1 1 1 1 1 1 1 0]
 [1 0 0 1 1 1 1 1 1 1]
 [1 1 1 0 0 1 0 1 1 1]
 [1 1 0 1 1 1 1 1 1 1]
 [1 1 1 1 1 0 0 1 1 0]
 [1 0 0 1 1 1 1 1 1 1]
 [1 1 1 1 1 1 0 1 1 0]
 [1 1 1 1 1 1 1 1 1 1]
 [1 1 0 1 0 0 1 0 1 1]
 [0 1 1 1 1 1 1 1 1 0]
 [1 1 0 1 1 1 1 1 0 0]
 [1 0 0 0 0 1 0 0 0 1]]
{'restarts': 110, 'conflicts': 32527, 'decisions': 50255, 'propagations': 13135299}
Q is identifiable
branch at 6
runtime for solving id of Q is 2.342967329546809
Simulation results:
{'J': 50, 'K': 10, 'N': 10, 'p': 0.7, 'seed': 747, 'sim': 1, 'runtime': 2.342967329546809, 'identifiable': 1, 'branch': 6}
2
Q: [[1 1 1 1 1 0 1 1 1 1]
 [1 0 1 1 1 1 1 0 1 0]
 [1 0 1 1 0 1 1 1 0 1]
 [1 1 1 1 1 0 1 1 0 0]
 [1 1 1 1 1 1 1 1 1 0]
 [1 0 0 1 0 0 1 0 0 1]
 [1 0 1 0 1 0 1 1 1 1]
 [1 1 0 1 1 1 1 1 1 1]
 [1 0 0 0 1 1 1 1 1 1]
 [1 1 1 1 1 0 1 0 1 1]
 [1 1 0 0 1 1 1 1 0 1]
 [1 1 0 0 1 0 1 1 1 1]
 [0 1 1 1 0 1 1 0 1 1]
 [0 0 1 0 1 1 1 0 1 1]
 [1 1 0 0 1 1 0 0 0 1]
 [1 1 0 1 1 1 1 1 1 1]
 [0 1 1 1 1 1 1 1 1 1]
 [1 1 1 1 0 0 1 1 1 1]
 [1 0 0 1 0 1 0 1 0 1]
 [1 0 1 0 1 1 1 0 1 1]
 [0 1 1 0 1 1 0 1 1 1]
 [1 0 1 1 1 1 1 0 1 1]
 [1 1 1 1 1 0 1 0 1 0]
 [1 1 1 1 1 1 1 1 1 1]
 [0 1 0 1 1 1 1 1 1 1]
 [0 1 0 0 1 1 1 1 1 1]
 [1 1 0 1 1 1 1 1 1 1]
 [1 1 0 1 1 1 1 1 1 1]
 [1 0 1 0 1 1 1 1 1 1]
 [1 1 0 0 1 1 1 1 1 1]
 [0 0 1 0 0 0 1 1 1 0]
 [1 0 1 0 1 1 1 1 1 0]
 [1 1 1 1 1 0 0 1 1 1]
 [1 1 0 0 1 0 1 1 1 1]
 [1 1 0 1 0 0 1 1 1 1]
 [1 1 1 1 1 1 1 1 0 1]
 [1 1 1 1 0 0 1 1 1 1]
 [1 0 1 1 1 1 1 1 1 1]
 [1 1 1 1 0 0 1 1 1 0]
 [0 1 1 0 0 0 0 1 1 0]
 [1 0 1 1 1 0 1 1 1 0]
 [0 1 0 0 1 1 1 1 1 0]
 [0 1 0 1 0 1 0 1 0 0]
 [1 1 1 0 0 1 0 1 0 1]
 [0 1 1 0 0 1 0 0 1 1]
 [0 1 1 0 1 1 1 1 1 0]
 [0 0 0 1 1 1 0 0 0 0]
 [1 0 0 1 1 1 1 0 1 1]
 [1 0 1 1 1 1 0 1 0 0]
 [1 1 0 0 0 1 1 1 1 1]]
{'restarts': 18, 'conflicts': 6236, 'decisions': 10949, 'propagations': 2903127}
Q is identifiable
branch at 6
runtime for solving id of Q is 0.41898626554757357
Simulation results:
{'J': 50, 'K': 10, 'N': 10, 'p': 0.7, 'seed': 747, 'sim': 2, 'runtime': 0.41898626554757357, 'identifiable': 1, 'branch': 6}
3
Q: [[1 1 0 1 0 1 1 1 0 1]
 [1 1 0 1 1 1 1 0 1 1]
 [1 1 1 1 0 1 0 1 0 0]
 [1 1 1 1 0 0 1 0 1 0]
 [1 1 0 1 1 0 0 1 1 1]
 [1 0 1 0 0 1 1 1 1 1]
 [1 1 1 1 0 1 1 1 1 0]
 [1 1 1 1 1 1 1 1 0 1]
 [0 0 1 0 1 0 0 1 1 0]
 [1 0 1 1 1 0 1 0 0 1]
 [1 1 1 0 1 0 1 1 1 1]
 [1 0 1 0 1 1 0 1 1 0]
 [0 0 0 0 1 1 1 0 1 1]
 [0 1 1 1 0 1 1 1 0 0]
 [1 1 1 1 1 1 1 1 1 1]
 [1 0 0 1 1 1 0 1 1 0]
 [1 1 1 0 1 1 1 1 0 0]
 [1 1 1 0 0 1 1 0 0 1]
 [1 1 1 0 1 1 1 1 1 0]
 [1 1 1 1 0 0 0 1 0 1]
 [1 1 0 1 1 1 1 1 1 1]
 [0 1 1 1 1 1 1 0 1 1]
 [1 1 1 0 1 1 1 0 1 0]
 [0 0 0 1 1 1 0 1 1 0]
 [0 1 1 0 0 1 0 1 1 1]
 [0 0 1 1 1 1 1 1 0 1]
 [1 1 0 1 1 1 1 0 1 0]
 [0 0 1 1 1 0 1 1 0 1]
 [0 1 1 1 1 0 1 1 0 1]
 [0 1 0 0 1 1 1 0 1 0]
 [1 0 1 0 1 1 1 1 1 1]
 [0 1 1 1 0 1 1 1 0 1]
 [1 1 1 1 1 1 0 0 0 1]
 [1 1 1 0 1 0 1 1 1 1]
 [1 0 1 1 1 1 1 1 1 1]
 [0 1 0 0 1 0 0 0 1 1]
 [1 1 1 1 0 0 1 1 1 1]
 [1 1 1 1 1 1 0 0 0 0]
 [0 1 1 0 1 1 1 1 0 1]
 [0 1 1 1 1 1 1 0 1 0]
 [1 0 0 0 1 0 1 0 0 0]
 [0 0 1 1 0 1 0 0 1 0]
 [1 1 0 1 1 0 1 1 1 1]
 [1 1 0 1 0 1 1 0 0 1]
 [1 1 1 1 0 1 1 0 1 0]
 [0 0 1 1 1 1 1 0 1 0]
 [0 0 1 0 1 0 1 1 1 1]
 [0 1 1 1 1 1 0 0 0 0]
 [0 0 1 1 1 0 1 1 0 1]
 [0 1 1 1 1 1 1 0 1 1]]
{'restarts': 19, 'conflicts': 5330, 'decisions': 10417, 'propagations': 3289788}
Q is identifiable
branch at 6
runtime for solving id of Q is 0.5133635280653834
Simulation results:
{'J': 50, 'K': 10, 'N': 10, 'p': 0.7, 'seed': 747, 'sim': 3, 'runtime': 0.5133635280653834, 'identifiable': 1, 'branch': 6}
4
Q: [[1 1 0 1 1 1 0 0 0 1]
 [1 0 0 1 0 0 1 1 1 1]
 [1 1 0 0 1 1 1 1 1 1]
 [0 1 1 1 1 1 1 1 1 1]
 [1 1 1 1 1 1 1 1 1 1]
 [1 1 1 1 0 0 1 1 0 1]
 [1 1 1 1 1 0 1 1 1 0]
 [1 0 0 1 0 1 0 0 1 0]
 [1 0 1 1 1 1 1 1 1 1]
 [1 1 1 1 1 0 1 1 1 1]
 [1 1 0 0 1 0 0 1 0 1]
 [1 0 1 0 1 1 0 1 1 1]
 [1 0 0 1 1 1 0 1 1 1]
 [1 0 1 1 1 0 1 1 1 1]
 [1 1 0 1 0 1 0 1 0 1]
 [1 1 1 1 1 1 1 1 1 0]
 [1 1 0 0 1 1 1 0 0 0]
 [1 0 1 0 1 1 0 1 1 1]
 [1 0 1 0 0 1 1 0 0 0]
 [0 1 0 1 1 1 1 0 1 0]
 [1 1 1 0 1 1 1 1 0 0]
 [0 1 0 0 1 1 0 1 0 1]
 [1 1 1 1 1 1 1 1 1 1]
 [1 1 0 1 1 1 0 1 0 0]
 [1 1 0 0 1 0 1 1 1 1]
 [1 1 1 0 1 1 1 0 1 0]
 [1 1 1 1 1 1 1 0 1 1]
 [1 1 1 1 1 0 1 1 0 1]
 [1 1 1 0 1 1 1 0 0 1]
 [1 1 0 0 1 0 1 1 1 0]
 [0 1 1 1 1 1 1 0 0 1]
 [1 1 1 1 1 1 0 1 0 0]
 [0 0 1 1 0 0 0 0 1 1]
 [1 1 1 1 1 1 1 1 0 1]
 [1 1 1 1 1 1 1 0 0 1]
 [1 1 1 1 1 1 0 1 0 0]
 [1 1 1 1 1 1 1 1 1 1]
 [1 1 1 0 1 0 0 1 0 1]
 [1 0 1 1 1 1 0 1 1 1]
 [0 0 0 1 0 1 1 1 1 1]
 [0 0 1 0 1 1 1 1 1 1]
 [1 1 1 1 1 1 1 0 1 1]
 [1 0 1 1 0 0 1 0 0 1]
 [0 1 0 1 0 1 1 0 1 1]
 [1 1 1 0 1 1 1 0 1 0]
 [1 1 1 1 1 1 1 1 1 1]
 [0 1 1 0 1 0 0 1 1 1]
 [1 1 0 1 0 1 1 1 0 1]
 [0 0 1 1 1 0 1 1 1 0]
 [1 1 0 1 1 0 1 0 1 0]]
{'restarts': 114, 'conflicts': 49545, 'decisions': 70455, 'propagations': 24793608}
Q is identifiable
branch at 6
runtime for solving id of Q is 4.621859161183238
Simulation results:
{'J': 50, 'K': 10, 'N': 10, 'p': 0.7, 'seed': 747, 'sim': 4, 'runtime': 4.621859161183238, 'identifiable': 1, 'branch': 6}
5
Q: [[1 1 1 1 0 1 1 0 1 1]
 [1 0 1 1 1 1 0 1 1 1]
 [1 0 1 1 1 0 0 1 1 0]
 [1 1 1 1 0 0 1 0 1 1]
 [0 1 1 1 1 1 0 1 1 1]
 [1 0 0 1 1 1 0 0 1 1]
 [1 0 1 1 1 0 1 1 1 0]
 [0 1 1 0 1 1 0 1 0 0]
 [1 0 0 1 1 1 1 1 1 0]
 [1 1 1 0 1 1 1 0 1 1]
 [1 0 1 1 1 1 0 1 1 1]
 [1 1 0 0 1 1 1 1 1 1]
 [1 1 1 1 1 1 1 0 1 0]
 [0 1 0 1 1 0 1 1 1 1]
 [1 1 0 1 1 1 1 1 0 1]
 [1 1 1 1 1 1 0 1 0 0]
 [1 0 0 0 1 0 1 0 1 1]
 [1 1 1 1 1 1 1 1 1 1]
 [1 0 1 1 1 0 1 1 0 1]
 [1 0 1 1 0 1 1 1 0 1]
 [1 1 1 1 1 1 1 1 1 1]
 [1 1 1 1 1 1 1 1 1 1]
 [1 1 1 1 1 0 1 1 0 0]
 [1 0 1 1 1 0 1 1 1 0]
 [0 0 0 0 1 1 1 1 0 1]
 [1 1 1 1 0 1 0 1 1 0]
 [1 1 1 1 1 1 1 1 0 0]
 [1 1 1 0 0 1 0 1 0 0]
 [1 0 1 1 1 1 0 1 0 1]
 [1 1 1 1 1 1 1 0 1 1]
 [0 0 1 1 0 1 0 0 1 1]
 [1 1 1 1 0 1 1 1 1 1]
 [0 1 0 1 0 0 1 1 1 1]
 [1 1 1 1 0 1 1 0 1 1]
 [1 1 1 1 0 1 1 1 1 0]
 [1 0 1 1 1 0 0 1 0 0]
 [0 1 1 1 0 1 1 1 0 1]
 [0 1 1 1 1 1 0 1 1 0]
 [1 0 1 1 1 1 0 0 1 0]
 [1 1 1 1 1 0 1 1 1 0]
 [1 1 0 1 0 1 0 0 1 0]
 [1 1 1 0 1 0 1 0 1 1]
 [1 0 0 1 1 1 0 1 1 1]
 [1 1 1 1 0 0 1 1 1 1]
 [1 0 1 1 0 1 1 1 0 1]
 [1 0 1 0 0 1 1 1 0 0]
 [0 1 0 1 0 0 0 1 1 0]
 [0 0 1 1 1 0 0 0 1 0]
 [1 1 1 1 0 0 1 1 1 1]
 [1 1 1 1 0 1 1 1 1 1]]
{'restarts': 22, 'conflicts': 8652, 'decisions': 14641, 'propagations': 3767711}
Q is identifiable
branch at 6
runtime for solving id of Q is 0.6121347127482295
Simulation results:
{'J': 50, 'K': 10, 'N': 10, 'p': 0.7, 'seed': 747, 'sim': 5, 'runtime': 0.6121347127482295, 'identifiable': 1, 'branch': 6}
6
Q: [[0 1 0 1 1 1 0 1 1 0]
 [1 0 1 1 1 1 1 0 1 0]
 [1 1 0 0 1 1 1 1 1 1]
 [1 1 1 1 1 0 1 1 1 0]
 [1 1 1 0 1 0 0 1 1 1]
 [1 1 1 1 1 1 1 1 1 1]
 [1 1 1 1 1 1 1 0 0 0]
 [1 0 1 1 1 0 0 1 1 1]
 [0 1 1 0 1 1 1 1 1 1]
 [1 1 1 1 1 1 0 1 0 1]
 [1 1 1 1 0 0 1 0 1 1]
 [1 0 1 1 1 1 1 0 0 0]
 [1 1 0 0 0 1 1 1 1 1]
 [0 1 0 1 0 1 1 0 0 0]
 [1 1 1 0 0 1 1 1 1 0]
 [1 1 1 0 1 1 0 1 1 1]
 [0 0 0 1 1 1 0 0 1 1]
 [1 0 0 1 0 1 1 1 1 1]
 [1 0 1 1 1 1 0 1 1 1]
 [1 0 1 1 1 1 1 0 1 1]
 [1 1 0 1 1 0 1 0 0 1]
 [1 1 1 1 1 0 1 1 1 1]
 [0 1 0 1 0 1 0 1 1 0]
 [1 1 1 0 1 1 0 0 1 1]
 [1 0 1 1 1 1 1 0 0 0]
 [1 1 1 0 0 1 0 1 1 1]
 [1 1 1 1 1 1 1 1 0 0]
 [1 1 1 0 1 1 0 1 1 1]
 [1 1 1 0 0 1 0 1 1 1]
 [0 1 1 1 0 1 0 1 0 0]
 [1 1 0 1 1 1 1 0 1 1]
 [1 0 1 1 1 1 0 1 1 1]
 [1 1 1 1 1 1 1 0 1 0]
 [1 0 1 1 1 1 1 0 1 1]
 [0 1 1 0 0 1 1 1 1 0]
 [0 1 0 1 1 1 1 1 0 1]
 [0 0 1 1 0 1 1 1 1 1]
 [1 0 0 1 1 1 0 1 1 1]
 [0 1 1 1 0 1 0 0 1 0]
 [1 0 1 1 1 1 0 1 1 0]
 [1 0 0 0 1 0 0 1 1 1]
 [0 0 1 1 1 1 1 1 1 1]
 [1 1 1 1 1 1 1 1 0 0]
 [1 1 1 1 1 1 1 1 1 1]
 [1 0 0 1 1 0 1 1 1 1]
 [1 1 1 0 1 1 1 0 1 1]
 [1 1 1 0 1 1 1 0 0 1]
 [1 0 1 0 0 1 1 0 1 1]
 [0 1 0 1 1 1 1 1 1 0]
 [1 1 1 1 0 1 1 1 1 0]]
{'restarts': 59, 'conflicts': 19714, 'decisions': 32450, 'propagations': 8714656}
Q is identifiable
branch at 6
runtime for solving id of Q is 1.428368222899735
Simulation results:
{'J': 50, 'K': 10, 'N': 10, 'p': 0.7, 'seed': 747, 'sim': 6, 'runtime': 1.428368222899735, 'identifiable': 1, 'branch': 6}
7
Q: [[0 0 0 0 1 1 0 0 1 1]
 [0 1 0 1 0 1 1 1 1 1]
 [1 1 1 0 1 1 1 1 1 1]
 [0 1 0 1 0 1 1 1 0 1]
 [0 1 1 1 1 0 1 1 1 0]
 [1 1 0 1 1 0 1 1 0 1]
 [0 1 1 0 1 1 1 0 1 1]
 [1 1 1 0 1 1 1 1 0 1]
 [1 0 1 1 0 1 1 0 0 1]
 [1 1 1 0 1 0 1 1 1 1]
 [1 1 0 1 1 0 0 1 1 1]
 [1 1 1 0 1 1 0 1 1 1]
 [1 0 1 1 1 1 1 0 1 1]
 [1 1 1 1 1 1 1 1 0 1]
 [1 1 1 1 1 1 0 1 1 1]
 [1 0 1 0 1 0 1 0 1 1]
 [1 1 0 1 1 1 1 1 1 1]
 [1 1 1 1 1 0 1 0 0 1]
 [1 0 1 1 1 0 0 1 1 1]
 [1 1 1 0 1 1 1 1 1 0]
 [1 1 1 1 1 1 1 1 1 0]
 [1 1 1 1 1 1 1 1 1 1]
 [1 1 1 1 1 1 1 1 1 0]
 [1 0 1 1 1 1 1 1 1 1]
 [1 1 0 1 1 1 0 1 0 1]
 [1 1 1 0 1 1 1 1 0 1]
 [1 1 0 1 0 0 0 1 1 1]
 [1 1 1 1 1 1 1 0 1 1]
 [1 0 0 1 1 0 1 1 1 1]
 [1 0 0 1 1 1 1 0 0 1]
 [0 1 1 1 0 1 1 1 1 0]
 [1 1 0 0 0 1 1 1 1 1]
 [1 0 1 0 1 1 1 1 1 0]
 [1 1 1 1 1 1 1 1 0 1]
 [1 1 1 0 1 1 1 1 0 1]
 [1 0 1 1 0 0 1 0 0 1]
 [1 1 1 0 1 1 1 1 1 1]
 [0 0 1 1 1 1 1 0 1 0]
 [0 1 0 1 1 1 1 1 0 0]
 [1 1 1 1 1 1 1 0 1 1]
 [1 0 0 1 0 1 1 0 1 1]
 [1 1 1 1 1 1 1 1 0 1]
 [1 0 1 1 1 1 1 1 1 1]
 [1 1 1 1 1 0 1 1 1 1]
 [1 1 1 0 1 1 1 1 1 0]
 [1 1 0 1 1 0 1 1 1 1]
 [0 0 1 1 0 1 1 1 0 1]
 [1 1 1 1 1 0 1 1 1 1]
 [1 1 0 1 1 1 0 0 1 1]
 [1 0 1 1 1 1 0 1 0 1]]
{'restarts': 98, 'conflicts': 39198, 'decisions': 63171, 'propagations': 14594078}
Q is identifiable
branch at 6
runtime for solving id of Q is 3.119009076617658
Simulation results:
{'J': 50, 'K': 10, 'N': 10, 'p': 0.7, 'seed': 747, 'sim': 7, 'runtime': 3.119009076617658, 'identifiable': 1, 'branch': 6}
8
Q: [[1 1 1 1 1 0 1 1 0 1]
 [0 1 0 1 1 1 1 1 1 1]
 [1 1 0 1 1 1 1 1 1 1]
 [1 1 0 0 1 1 1 1 1 1]
 [1 1 1 1 0 1 1 1 1 0]
 [0 1 0 1 1 1 1 1 1 1]
 [0 1 1 0 1 0 0 0 1 1]
 [1 0 0 1 1 0 1 1 1 0]
 [1 1 1 1 1 0 0 1 0 1]
 [1 1 0 0 0 1 1 1 1 1]
 [0 0 1 1 1 0 1 1 1 1]
 [1 1 0 1 1 0 1 1 1 1]
 [1 1 1 0 1 0 1 1 0 1]
 [1 0 1 0 1 1 1 0 1 1]
 [0 0 1 0 1 0 1 1 1 1]
 [1 0 0 1 1 0 1 1 1 1]
 [1 0 0 0 0 1 1 0 1 1]
 [1 0 1 0 0 1 1 1 0 1]
 [1 0 0 1 1 1 0 1 1 1]
 [0 0 1 0 1 1 0 1 1 1]
 [1 1 1 1 0 1 1 1 0 1]
 [1 1 0 1 0 1 1 1 1 1]
 [1 1 1 1 0 1 0 1 0 0]
 [1 0 1 1 1 1 1 1 1 0]
 [1 1 0 0 1 0 1 1 1 1]
 [1 1 0 1 1 1 1 1 0 1]
 [1 1 0 1 1 1 1 1 1 1]
 [1 1 1 1 1 0 1 1 1 1]
 [1 1 1 1 1 1 0 0 0 1]
 [0 1 1 1 1 0 1 1 1 1]
 [1 0 0 1 1 1 1 1 1 1]
 [1 0 1 1 1 0 1 1 0 1]
 [1 0 1 1 0 0 0 1 1 1]
 [0 1 1 1 1 1 1 0 0 1]
 [1 1 0 1 0 1 1 0 1 1]
 [1 1 0 1 1 0 1 0 1 1]
 [1 1 0 0 1 0 1 1 1 1]
 [0 0 0 1 1 1 1 0 1 1]
 [1 1 1 1 0 1 1 1 1 1]
 [1 1 0 0 0 1 0 0 1 0]
 [1 1 1 0 1 1 1 0 1 1]
 [1 1 1 1 1 1 1 1 1 1]
 [0 1 0 1 1 1 0 0 1 1]
 [1 0 1 1 1 1 1 0 1 0]
 [1 1 1 0 1 0 1 0 1 1]
 [1 1 1 1 1 1 0 1 1 1]
 [0 1 0 1 1 1 1 0 1 0]
 [1 1 1 0 0 0 1 0 0 1]
 [0 1 0 1 0 0 1 1 1 0]
 [1 1 1 1 1 1 0 1 1 0]]
{'restarts': 142, 'conflicts': 74853, 'decisions': 108470, 'propagations': 35422501}
Q is identifiable
branch at 6
runtime for solving id of Q is 7.323106298223138
Simulation results:
{'J': 50, 'K': 10, 'N': 10, 'p': 0.7, 'seed': 747, 'sim': 8, 'runtime': 7.323106298223138, 'identifiable': 1, 'branch': 6}
9
Q: [[0 1 0 0 1 0 1 1 1 1]
 [1 0 0 1 0 1 1 0 1 1]
 [1 0 1 1 0 1 0 1 1 0]
 [1 1 1 0 1 1 1 0 1 0]
 [0 1 0 1 1 1 0 1 1 0]
 [1 1 1 1 1 0 0 0 1 1]
 [1 1 1 1 1 1 1 1 1 1]
 [0 1 0 1 1 1 1 1 1 1]
 [1 1 1 1 1 1 1 1 1 1]
 [0 1 1 0 1 1 1 1 0 1]
 [1 1 1 0 1 1 1 1 1 1]
 [0 1 1 0 0 1 0 1 0 0]
 [1 0 1 1 1 1 0 1 1 1]
 [1 1 1 1 1 0 1 0 1 0]
 [1 1 0 1 0 1 0 1 1 1]
 [1 1 1 1 0 1 1 0 0 0]
 [1 1 1 1 1 0 1 0 1 1]
 [0 0 1 1 1 1 1 1 0 0]
 [1 1 0 1 0 1 0 1 1 1]
 [1 1 1 1 0 0 1 1 0 1]
 [1 0 0 1 1 1 0 0 1 1]
 [0 0 0 0 1 1 1 1 0 1]
 [1 1 1 1 1 1 0 1 1 0]
 [1 1 1 0 0 0 0 1 0 1]
 [1 1 0 1 1 1 0 0 1 0]
 [1 1 1 0 1 0 1 1 1 1]
 [1 0 0 0 1 1 1 1 0 0]
 [0 1 0 0 1 0 1 1 1 0]
 [0 0 1 1 1 1 1 1 1 0]
 [1 0 1 1 1 1 0 1 1 1]
 [1 1 1 0 1 1 1 0 1 1]
 [1 1 0 0 1 1 1 1 0 1]
 [1 1 1 0 1 1 1 1 1 1]
 [1 1 1 1 0 0 1 1 1 0]
 [1 1 1 1 0 1 0 1 1 1]
 [1 0 1 1 1 1 1 1 1 1]
 [1 1 0 1 1 0 1 1 0 1]
 [1 1 0 0 1 1 1 0 1 1]
 [1 1 1 1 1 0 1 0 0 1]
 [1 1 0 1 0 0 1 0 1 1]
 [1 1 0 1 0 0 1 1 1 1]
 [0 0 1 1 1 1 1 1 1 1]
 [1 1 0 0 1 0 1 1 1 1]
 [1 1 0 1 1 1 1 1 1 1]
 [0 1 1 1 1 1 0 1 1 1]
 [1 1 1 1 1 1 1 1 1 1]
 [1 1 1 1 0 1 0 1 0 1]
 [1 0 1 1 1 1 1 0 1 1]
 [1 1 1 1 0 1 0 0 1 0]
 [1 1 1 1 0 1 1 1 0 1]]
{'restarts': 84, 'conflicts': 40810, 'decisions': 62188, 'propagations': 19731044}
Q is not identifiable, and Q_bar is [[0 0 1 0 1 1 0 1 1 0]
 [0 1 1 0 1 1 0 0 0 1]
 [0 1 1 1 0 0 1 0 0 1]
 [1 1 1 1 1 0 0 1 0 0]
 [0 0 1 0 0 0 1 1 1 1]
 [1 0 1 1 0 1 0 1 0 1]
 [0 1 1 1 1 1 1 1 1 1]
 [0 0 1 0 1 1 1 1 1 1]
 [0 1 1 1 1 1 1 1 1 1]
 [0 0 0 1 1 1 1 1 1 0]
 [0 1 1 1 1 1 1 1 1 0]
 [0 0 0 1 0 0 1 0 1 0]
 [0 1 1 1 0 1 1 1 0 1]
 [1 0 1 1 1 0 0 1 0 1]
 [1 0 1 0 0 1 1 0 1 1]
 [1 1 0 1 1 0 0 0 0 1]
 [1 0 1 1 1 1 0 1 0 1]
 [0 0 0 1 1 0 1 1 0 1]
 [1 0 1 0 0 1 1 0 1 1]
 [1 0 0 1 1 1 0 0 1 1]
 [0 1 1 0 0 1 0 1 0 1]
 [0 0 0 0 1 1 1 1 0 0]
 [0 1 1 1 0 0 1 1 1 1]
 [1 0 0 1 0 1 0 0 1 0]
 [1 1 1 0 0 0 0 1 0 1]
 [1 0 1 1 1 1 0 1 1 0]
 [0 1 0 0 1 0 1 1 0 0]
 [0 0 1 0 1 0 0 1 1 0]
 [0 0 1 1 1 0 1 1 0 1]
 [0 1 1 1 0 1 1 1 0 1]
 [1 1 1 1 1 1 0 1 0 0]
 [0 1 0 0 1 1 1 1 1 0]
 [0 1 1 1 1 1 1 1 1 0]
 [1 0 1 1 1 0 0 0 1 1]
 [1 0 1 1 0 1 1 0 1 1]
 [0 1 1 1 1 1 1 1 0 1]
 [1 0 0 0 1 1 0 1 1 1]
 [1 1 1 0 1 1 0 1 0 0]
 [1 0 0 1 1 1 0 1 0 1]
 [1 0 1 0 1 1 0 0 0 1]
 [1 0 1 0 1 1 0 0 1 1]
 [0 0 1 1 1 1 1 1 0 1]
 [1 0 1 0 1 1 0 1 1 0]
 [0 1 1 0 1 1 1 1 1 1]
 [0 0 1 1 0 1 1 1 1 1]
 [0 1 1 1 1 1 1 1 1 1]
 [1 0 0 1 0 1 1 0 1 1]
 [0 1 1 1 1 1 0 1 0 1]
 [1 1 1 1 0 0 0 0 0 1]
 [1 0 0 1 1 1 1 0 1 1]]
branch at 5
runtime for solving id of Q is 3.767392324283719
Simulation results:
{'J': 50, 'K': 10, 'N': 10, 'p': 0.7, 'seed': 747, 'sim': 9, 'runtime': 3.767392324283719, 'identifiable': 0, 'branch': 5}
Simulation results:
[{'J': 50, 'K': 10, 'N': 10, 'p': 0.7, 'seed': 747, 'sim': 0, 'runtime': 0.7711221165955067, 'identifiable': 1, 'branch': 6}, {'J': 50, 'K': 10, 'N': 10, 'p': 0.7, 'seed': 747, 'sim': 1, 'runtime': 2.342967329546809, 'identifiable': 1, 'branch': 6}, {'J': 50, 'K': 10, 'N': 10, 'p': 0.7, 'seed': 747, 'sim': 2, 'runtime': 0.41898626554757357, 'identifiable': 1, 'branch': 6}, {'J': 50, 'K': 10, 'N': 10, 'p': 0.7, 'seed': 747, 'sim': 3, 'runtime': 0.5133635280653834, 'identifiable': 1, 'branch': 6}, {'J': 50, 'K': 10, 'N': 10, 'p': 0.7, 'seed': 747, 'sim': 4, 'runtime': 4.621859161183238, 'identifiable': 1, 'branch': 6}, {'J': 50, 'K': 10, 'N': 10, 'p': 0.7, 'seed': 747, 'sim': 5, 'runtime': 0.6121347127482295, 'identifiable': 1, 'branch': 6}, {'J': 50, 'K': 10, 'N': 10, 'p': 0.7, 'seed': 747, 'sim': 6, 'runtime': 1.428368222899735, 'identifiable': 1, 'branch': 6}, {'J': 50, 'K': 10, 'N': 10, 'p': 0.7, 'seed': 747, 'sim': 7, 'runtime': 3.119009076617658, 'identifiable': 1, 'branch': 6}, {'J': 50, 'K': 10, 'N': 10, 'p': 0.7, 'seed': 747, 'sim': 8, 'runtime': 7.323106298223138, 'identifiable': 1, 'branch': 6}, {'J': 50, 'K': 10, 'N': 10, 'p': 0.7, 'seed': 747, 'sim': 9, 'runtime': 3.767392324283719, 'identifiable': 0, 'branch': 5}]
