
The Gurobi software has a limited number of licenses. To request a license or
licenses, add this line

    #SBATCH --licenses=gurobi@slurmdb:1

to your SBATCH script, replacing N with the number of licenses you need. Gurobi
will need one license per process.


0
Q: [[1 1 1 1 1]
 [0 1 1 0 1]
 [0 1 1 1 0]
 [0 1 1 1 1]
 [1 1 1 1 0]
 [1 1 1 1 1]
 [0 1 1 1 1]
 [1 1 1 0 1]
 [1 0 1 0 0]
 [1 1 1 1 1]
 [1 1 1 1 1]
 [1 0 1 0 0]
 [0 1 0 1 1]
 [0 0 1 1 1]
 [1 1 1 0 1]
 [0 1 1 1 1]
 [0 0 1 1 1]
 [1 0 1 1 1]
 [1 0 0 1 0]
 [0 0 1 1 1]
 [0 0 0 1 0]
 [1 1 1 1 1]
 [0 1 1 1 1]
 [1 0 1 0 1]
 [1 1 1 1 1]
 [0 0 0 0 1]
 [0 1 0 1 0]
 [1 0 0 1 0]
 [0 1 1 0 0]
 [1 0 0 1 0]
 [1 1 1 0 1]
 [0 1 1 0 1]
 [0 1 1 0 0]
 [1 0 0 1 1]
 [0 1 0 1 0]
 [1 1 0 0 0]
 [1 1 0 1 0]
 [1 1 1 1 1]
 [1 0 1 1 1]
 [1 0 1 1 1]
 [1 1 1 1 0]
 [0 1 1 1 0]
 [0 1 1 1 0]
 [0 0 1 1 0]
 [1 1 1 1 1]
 [1 0 1 0 1]
 [1 1 1 0 1]
 [0 1 1 1 1]
 [0 1 1 1 1]
 [1 1 1 1 1]]
{'restarts': 1, 'conflicts': 12, 'decisions': 29, 'propagations': 541}
Q is identifiable
branch at 6
runtime for solving id of Q is 0.004224197939038277
Simulation results:
{'J': 50, 'K': 5, 'N': 10, 'p': 0.7, 'seed': 91, 'sim': 0, 'runtime': 0.004224197939038277, 'identifiable': 1, 'branch': 6}
1
Q: [[1 1 0 1 0]
 [0 0 1 1 1]
 [0 1 1 1 1]
 [1 1 1 1 1]
 [1 1 1 0 1]
 [0 0 1 1 1]
 [0 0 1 0 0]
 [1 0 1 1 1]
 [1 1 1 1 1]
 [1 0 0 1 1]
 [1 1 0 1 1]
 [1 1 1 1 1]
 [1 1 1 1 1]
 [0 0 1 0 0]
 [0 1 1 1 1]
 [0 1 1 0 1]
 [0 0 1 1 1]
 [1 0 0 0 1]
 [1 1 1 1 0]
 [0 1 1 1 1]
 [0 1 1 0 1]
 [0 0 1 0 0]
 [1 1 1 1 0]
 [1 1 1 1 1]
 [1 1 1 1 1]
 [1 1 1 1 1]
 [1 1 0 1 1]
 [1 1 1 1 1]
 [1 0 1 0 1]
 [0 1 1 0 0]
 [1 1 0 1 1]
 [1 1 0 0 1]
 [1 1 1 0 0]
 [1 0 0 0 1]
 [1 1 1 1 1]
 [1 1 1 1 0]
 [0 0 0 0 0]
 [0 0 1 1 0]
 [1 1 0 0 1]
 [1 0 1 0 1]
 [1 1 0 0 1]
 [1 1 1 1 0]
 [1 0 1 1 0]
 [1 1 1 1 0]
 [1 1 1 1 1]
 [1 0 1 1 0]
 [1 0 1 1 0]
 [0 0 1 1 1]
 [0 1 1 1 1]
 [1 1 1 0 1]]
{'restarts': 1, 'conflicts': 13, 'decisions': 39, 'propagations': 702}
Q is identifiable
branch at 6
runtime for solving id of Q is 0.00536218099296093
Simulation results:
{'J': 50, 'K': 5, 'N': 10, 'p': 0.7, 'seed': 91, 'sim': 1, 'runtime': 0.00536218099296093, 'identifiable': 1, 'branch': 6}
2
Q: [[0 1 1 1 1]
 [1 0 0 1 0]
 [1 1 1 1 1]
 [1 0 1 1 1]
 [0 1 1 1 1]
 [0 1 0 1 1]
 [1 1 1 1 1]
 [1 1 1 1 0]
 [0 1 0 1 1]
 [0 0 0 1 1]
 [1 0 1 0 1]
 [0 1 1 0 0]
 [1 1 1 0 0]
 [1 1 1 1 0]
 [1 1 0 1 0]
 [0 1 1 1 1]
 [1 0 1 0 1]
 [1 1 0 1 0]
 [1 1 1 1 1]
 [1 0 1 1 0]
 [1 1 1 1 1]
 [0 1 0 0 1]
 [0 1 1 1 1]
 [1 1 0 1 0]
 [1 1 1 0 1]
 [1 1 1 1 0]
 [0 0 1 1 0]
 [1 1 0 1 1]
 [1 1 1 1 1]
 [0 1 1 0 1]
 [1 1 1 0 1]
 [1 1 0 1 1]
 [1 1 0 1 1]
 [1 1 1 1 1]
 [0 1 1 1 1]
 [1 1 0 1 1]
 [1 1 1 1 1]
 [1 1 1 1 0]
 [1 0 0 0 1]
 [1 1 1 1 1]
 [1 1 1 0 0]
 [1 1 1 0 0]
 [0 0 1 0 0]
 [0 1 0 1 1]
 [0 0 1 0 0]
 [0 1 1 1 1]
 [1 1 1 1 1]
 [0 1 0 1 1]
 [1 1 0 0 1]
 [1 1 1 0 1]]
{'restarts': 1, 'conflicts': 33, 'decisions': 57, 'propagations': 890}
Q is identifiable
branch at 6
runtime for solving id of Q is 0.004345287568867207
Simulation results:
{'J': 50, 'K': 5, 'N': 10, 'p': 0.7, 'seed': 91, 'sim': 2, 'runtime': 0.004345287568867207, 'identifiable': 1, 'branch': 6}
3
Q: [[1 1 0 1 1]
 [1 0 1 1 0]
 [1 1 0 1 1]
 [0 1 0 1 1]
 [1 1 1 0 1]
 [0 1 1 1 1]
 [1 0 1 1 0]
 [1 0 0 1 1]
 [0 1 0 1 1]
 [1 1 1 0 1]
 [1 1 0 1 1]
 [1 1 1 1 0]
 [1 1 1 0 1]
 [0 1 1 0 1]
 [1 1 0 1 1]
 [1 0 0 0 1]
 [1 1 1 1 1]
 [1 1 0 1 0]
 [1 1 1 0 1]
 [1 0 1 1 1]
 [1 0 1 1 0]
 [1 1 1 1 0]
 [0 1 1 1 1]
 [1 1 0 1 1]
 [1 1 0 0 1]
 [1 1 1 1 1]
 [1 1 0 1 0]
 [1 1 1 1 1]
 [0 1 0 1 1]
 [0 1 1 0 0]
 [1 0 1 1 1]
 [1 0 1 1 0]
 [0 1 0 0 1]
 [1 1 1 1 1]
 [1 1 1 0 1]
 [1 0 1 0 1]
 [1 1 0 1 1]
 [0 1 1 1 1]
 [0 1 1 0 1]
 [0 1 1 1 0]
 [0 1 1 1 1]
 [0 1 1 1 0]
 [1 0 1 1 1]
 [1 1 1 0 1]
 [1 1 0 0 0]
 [0 0 0 0 1]
 [1 1 0 1 1]
 [0 1 1 1 0]
 [1 1 1 1 1]
 [1 1 1 0 0]]
{'restarts': 1, 'conflicts': 11, 'decisions': 28, 'propagations': 659}
Q is identifiable
branch at 6
runtime for solving id of Q is 0.004718689247965813
Simulation results:
{'J': 50, 'K': 5, 'N': 10, 'p': 0.7, 'seed': 91, 'sim': 3, 'runtime': 0.004718689247965813, 'identifiable': 1, 'branch': 6}
4
Q: [[1 0 1 1 1]
 [1 0 0 1 1]
 [1 1 0 1 1]
 [1 0 1 0 1]
 [1 1 1 1 1]
 [0 1 1 1 1]
 [0 1 0 0 1]
 [1 0 1 0 1]
 [1 1 1 1 0]
 [1 1 1 1 1]
 [1 1 1 1 1]
 [1 1 0 1 1]
 [1 1 0 0 1]
 [1 0 0 1 1]
 [0 0 0 1 0]
 [0 1 1 1 1]
 [0 0 0 1 1]
 [0 1 1 0 0]
 [1 1 1 1 1]
 [1 0 1 0 0]
 [1 1 0 1 0]
 [1 1 1 1 1]
 [1 0 1 1 0]
 [1 0 1 1 0]
 [1 0 1 0 1]
 [1 1 1 0 1]
 [1 1 1 1 1]
 [0 0 1 1 1]
 [0 1 1 0 1]
 [1 1 1 1 1]
 [1 0 1 0 0]
 [1 0 0 0 0]
 [1 0 1 0 0]
 [1 0 0 1 0]
 [1 1 1 1 1]
 [1 0 1 0 1]
 [1 1 1 1 1]
 [1 0 0 1 0]
 [1 1 0 1 0]
 [1 1 0 1 1]
 [0 1 1 0 1]
 [0 0 1 1 0]
 [1 0 1 1 1]
 [1 0 1 1 1]
 [0 0 1 0 1]
 [1 1 1 0 1]
 [1 1 1 1 1]
 [1 1 1 0 0]
 [1 1 1 1 1]
 [0 1 0 1 0]]
{'restarts': 1, 'conflicts': 13, 'decisions': 22, 'propagations': 403}
Q is identifiable
branch at 6
runtime for solving id of Q is 0.004057627171278
Simulation results:
{'J': 50, 'K': 5, 'N': 10, 'p': 0.7, 'seed': 91, 'sim': 4, 'runtime': 0.004057627171278, 'identifiable': 1, 'branch': 6}
5
Q: [[1 0 0 1 1]
 [0 1 1 1 0]
 [1 1 1 1 1]
 [1 1 1 0 1]
 [1 1 0 1 0]
 [1 1 1 1 0]
 [0 1 0 0 0]
 [0 1 1 1 0]
 [1 1 1 0 0]
 [1 1 1 0 1]
 [1 1 1 0 1]
 [1 0 1 0 0]
 [1 1 1 1 0]
 [0 1 1 1 0]
 [0 1 0 1 1]
 [1 0 0 0 1]
 [1 1 1 1 1]
 [1 0 1 1 0]
 [1 1 1 1 1]
 [1 1 0 1 1]
 [1 0 1 1 0]
 [0 0 1 0 1]
 [1 1 0 0 1]
 [1 1 1 0 1]
 [0 1 1 0 0]
 [0 1 1 0 1]
 [1 1 1 1 0]
 [1 1 1 0 1]
 [1 1 1 1 0]
 [0 1 1 1 0]
 [1 1 0 1 0]
 [0 1 1 0 1]
 [1 1 1 1 1]
 [1 1 0 1 1]
 [0 1 1 1 1]
 [0 0 1 0 1]
 [1 0 0 1 0]
 [0 0 1 0 1]
 [1 1 0 1 1]
 [0 1 0 1 0]
 [0 1 0 0 1]
 [1 0 0 1 1]
 [1 1 1 0 1]
 [1 0 0 1 0]
 [0 1 1 1 1]
 [1 1 0 1 1]
 [1 1 0 1 1]
 [1 1 0 1 0]
 [1 1 1 0 1]
 [1 0 1 1 1]]
{'restarts': 1, 'conflicts': 20, 'decisions': 36, 'propagations': 563}
Q is identifiable
branch at 6
runtime for solving id of Q is 0.0035643400624394417
Simulation results:
{'J': 50, 'K': 5, 'N': 10, 'p': 0.7, 'seed': 91, 'sim': 5, 'runtime': 0.0035643400624394417, 'identifiable': 1, 'branch': 6}
6
Q: [[1 1 0 1 1]
 [0 1 1 0 0]
 [1 1 1 1 1]
 [1 0 1 1 0]
 [0 0 1 1 0]
 [1 0 0 1 1]
 [0 1 0 1 1]
 [0 0 1 1 1]
 [0 1 1 0 1]
 [1 1 1 1 0]
 [1 0 1 1 1]
 [0 0 1 1 0]
 [1 1 0 0 0]
 [0 1 1 1 1]
 [0 1 1 1 1]
 [0 0 0 1 1]
 [1 1 0 0 0]
 [1 1 0 1 0]
 [1 1 1 1 0]
 [0 1 1 0 1]
 [1 1 1 1 1]
 [1 1 1 1 0]
 [0 1 1 1 1]
 [1 1 0 1 1]
 [1 1 0 1 1]
 [1 1 1 0 1]
 [0 0 1 1 1]
 [0 1 1 1 1]
 [1 1 0 1 1]
 [1 1 1 1 1]
 [0 0 1 1 1]
 [1 1 0 1 1]
 [0 1 1 1 1]
 [1 0 1 1 1]
 [0 1 1 1 1]
 [1 1 1 1 1]
 [1 1 1 1 0]
 [0 1 1 0 1]
 [0 1 1 0 0]
 [0 0 1 1 1]
 [0 1 1 0 1]
 [1 1 1 1 0]
 [1 0 0 1 1]
 [1 0 1 1 1]
 [1 1 0 1 1]
 [0 0 1 1 0]
 [0 1 1 1 1]
 [1 1 0 0 1]
 [1 0 0 0 1]
 [0 1 1 0 1]]
{'restarts': 1, 'conflicts': 31, 'decisions': 55, 'propagations': 1245}
Q is identifiable
branch at 6
runtime for solving id of Q is 0.00392578449100256
Simulation results:
{'J': 50, 'K': 5, 'N': 10, 'p': 0.7, 'seed': 91, 'sim': 6, 'runtime': 0.00392578449100256, 'identifiable': 1, 'branch': 6}
7
Q: [[1 1 0 1 0]
 [1 1 1 1 0]
 [1 0 1 1 1]
 [0 1 1 1 1]
 [1 1 1 1 1]
 [1 1 1 1 1]
 [1 0 1 0 1]
 [0 1 1 1 1]
 [1 1 1 1 1]
 [1 1 1 0 1]
 [1 1 1 1 0]
 [0 1 1 1 0]
 [1 1 1 0 1]
 [1 1 0 0 0]
 [1 1 0 0 0]
 [1 1 0 1 1]
 [1 1 0 0 1]
 [1 0 1 1 0]
 [1 1 1 1 1]
 [0 1 0 0 0]
 [1 1 1 0 1]
 [0 0 1 1 0]
 [0 1 1 0 1]
 [1 0 0 0 1]
 [1 0 0 1 1]
 [1 1 0 1 0]
 [1 1 1 1 0]
 [1 1 1 1 0]
 [1 1 0 1 1]
 [1 1 0 1 0]
 [0 1 1 1 1]
 [1 1 1 1 0]
 [1 1 1 1 1]
 [0 0 1 0 0]
 [1 0 1 1 1]
 [1 1 1 1 1]
 [1 1 0 0 1]
 [0 1 1 0 0]
 [1 1 1 0 0]
 [0 1 0 1 1]
 [1 1 1 1 1]
 [0 0 1 1 0]
 [0 1 1 1 1]
 [0 0 1 1 1]
 [1 1 1 1 1]
 [1 1 1 1 1]
 [1 0 1 0 1]
 [1 0 0 0 1]
 [0 1 0 1 1]
 [1 1 0 0 0]]
{'restarts': 1, 'conflicts': 16, 'decisions': 37, 'propagations': 1133}
Q is identifiable
branch at 6
runtime for solving id of Q is 0.005144203081727028
Simulation results:
{'J': 50, 'K': 5, 'N': 10, 'p': 0.7, 'seed': 91, 'sim': 7, 'runtime': 0.005144203081727028, 'identifiable': 1, 'branch': 6}
8
Q: [[1 1 1 1 1]
 [0 0 0 1 1]
 [0 1 1 0 0]
 [0 1 1 1 1]
 [1 1 0 1 1]
 [1 1 0 1 0]
 [1 0 0 1 0]
 [0 1 1 1 0]
 [1 1 1 1 0]
 [1 0 1 1 1]
 [1 1 1 1 1]
 [1 1 1 1 1]
 [1 1 1 1 1]
 [1 0 1 0 0]
 [0 0 1 1 1]
 [1 0 0 1 1]
 [1 1 1 1 1]
 [1 1 1 1 1]
 [1 1 1 0 0]
 [0 0 1 1 1]
 [0 1 0 0 1]
 [1 1 0 0 0]
 [1 1 1 1 1]
 [0 0 1 1 1]
 [0 1 1 1 0]
 [0 1 1 1 1]
 [1 0 1 0 1]
 [1 1 0 1 1]
 [1 1 0 0 1]
 [1 0 1 1 1]
 [1 1 1 0 1]
 [0 1 0 1 1]
 [1 1 0 1 1]
 [0 1 1 1 0]
 [1 1 1 1 1]
 [1 0 1 0 1]
 [0 0 1 0 0]
 [1 1 1 0 0]
 [1 1 0 1 1]
 [1 1 1 1 0]
 [0 0 0 1 1]
 [1 1 0 1 1]
 [1 1 0 1 0]
 [1 0 1 1 0]
 [0 1 1 1 1]
 [1 1 0 1 1]
 [0 1 1 1 1]
 [1 1 1 1 0]
 [1 1 0 1 0]
 [1 0 1 1 1]]
{'restarts': 1, 'conflicts': 11, 'decisions': 27, 'propagations': 631}
Q is identifiable
branch at 6
runtime for solving id of Q is 0.003995941951870918
Simulation results:
{'J': 50, 'K': 5, 'N': 10, 'p': 0.7, 'seed': 91, 'sim': 8, 'runtime': 0.003995941951870918, 'identifiable': 1, 'branch': 6}
9
Q: [[0 0 1 1 1]
 [1 1 1 1 1]
 [1 1 1 1 1]
 [1 1 1 0 1]
 [1 0 0 1 1]
 [1 1 1 1 0]
 [0 1 1 1 1]
 [1 0 1 1 0]
 [1 1 1 1 1]
 [1 1 1 0 1]
 [1 1 0 1 1]
 [1 1 1 0 1]
 [0 0 1 1 0]
 [1 1 0 1 1]
 [0 1 0 1 0]
 [0 0 1 1 1]
 [0 1 1 1 1]
 [1 0 1 1 1]
 [0 1 1 1 0]
 [1 0 1 0 1]
 [1 1 0 1 1]
 [1 1 1 1 1]
 [1 0 1 1 0]
 [1 1 1 1 1]
 [0 1 1 1 1]
 [0 1 1 1 1]
 [0 0 1 1 1]
 [1 1 0 0 0]
 [0 1 1 1 1]
 [1 1 1 1 1]
 [0 0 0 1 0]
 [1 0 1 1 1]
 [0 0 1 1 1]
 [1 1 1 1 1]
 [0 1 1 1 1]
 [1 0 0 1 1]
 [1 1 1 1 0]
 [1 1 0 0 1]
 [1 1 1 0 1]
 [1 1 0 1 1]
 [0 0 1 1 1]
 [1 0 1 1 1]
 [0 1 1 1 1]
 [1 1 1 0 1]
 [1 1 1 0 1]
 [1 0 1 1 1]
 [0 0 1 0 0]
 [0 1 1 1 0]
 [1 0 0 1 0]
 [1 0 1 0 0]]
{'restarts': 1, 'conflicts': 9, 'decisions': 27, 'propagations': 694}
Q is identifiable
branch at 6
runtime for solving id of Q is 0.00417296402156353
Simulation results:
{'J': 50, 'K': 5, 'N': 10, 'p': 0.7, 'seed': 91, 'sim': 9, 'runtime': 0.00417296402156353, 'identifiable': 1, 'branch': 6}
Simulation results:
[{'J': 50, 'K': 5, 'N': 10, 'p': 0.7, 'seed': 91, 'sim': 0, 'runtime': 0.004224197939038277, 'identifiable': 1, 'branch': 6}, {'J': 50, 'K': 5, 'N': 10, 'p': 0.7, 'seed': 91, 'sim': 1, 'runtime': 0.00536218099296093, 'identifiable': 1, 'branch': 6}, {'J': 50, 'K': 5, 'N': 10, 'p': 0.7, 'seed': 91, 'sim': 2, 'runtime': 0.004345287568867207, 'identifiable': 1, 'branch': 6}, {'J': 50, 'K': 5, 'N': 10, 'p': 0.7, 'seed': 91, 'sim': 3, 'runtime': 0.004718689247965813, 'identifiable': 1, 'branch': 6}, {'J': 50, 'K': 5, 'N': 10, 'p': 0.7, 'seed': 91, 'sim': 4, 'runtime': 0.004057627171278, 'identifiable': 1, 'branch': 6}, {'J': 50, 'K': 5, 'N': 10, 'p': 0.7, 'seed': 91, 'sim': 5, 'runtime': 0.0035643400624394417, 'identifiable': 1, 'branch': 6}, {'J': 50, 'K': 5, 'N': 10, 'p': 0.7, 'seed': 91, 'sim': 6, 'runtime': 0.00392578449100256, 'identifiable': 1, 'branch': 6}, {'J': 50, 'K': 5, 'N': 10, 'p': 0.7, 'seed': 91, 'sim': 7, 'runtime': 0.005144203081727028, 'identifiable': 1, 'branch': 6}, {'J': 50, 'K': 5, 'N': 10, 'p': 0.7, 'seed': 91, 'sim': 8, 'runtime': 0.003995941951870918, 'identifiable': 1, 'branch': 6}, {'J': 50, 'K': 5, 'N': 10, 'p': 0.7, 'seed': 91, 'sim': 9, 'runtime': 0.00417296402156353, 'identifiable': 1, 'branch': 6}]
