
The Gurobi software has a limited number of licenses. To request a license or
licenses, add this line

    #SBATCH --licenses=gurobi@slurmdb:1

to your SBATCH script, replacing N with the number of licenses you need. Gurobi
will need one license per process.


0
Q: [[1 1 0 1 0 1 0 0 0 1]
 [0 0 0 1 0 0 1 1 1 0]
 [1 0 0 1 1 1 1 1 1 1]
 [1 0 0 1 0 1 1 1 0 1]
 [1 1 1 0 0 1 0 1 0 0]
 [0 1 1 0 1 1 1 1 0 1]
 [1 1 1 1 1 1 1 0 1 0]
 [0 1 1 1 0 1 1 1 1 1]
 [1 1 1 1 1 1 1 0 1 0]
 [1 1 1 0 1 0 0 1 1 1]
 [0 1 1 1 1 1 1 1 1 1]
 [1 0 1 0 0 1 1 1 1 1]
 [1 0 1 1 1 1 1 1 0 1]
 [1 1 1 1 0 1 0 1 1 1]
 [1 1 1 0 1 1 1 0 1 0]
 [1 1 0 0 1 0 1 1 0 0]
 [0 1 0 1 0 1 1 1 1 1]
 [1 1 1 0 0 0 1 1 1 1]
 [1 1 1 1 0 0 0 0 0 1]
 [0 0 0 1 1 1 1 0 0 1]
 [0 0 0 1 1 0 1 1 1 1]
 [1 1 1 0 0 0 1 0 1 0]
 [1 1 1 0 1 1 1 0 1 0]
 [1 0 1 1 1 1 1 0 0 1]
 [0 1 0 1 1 1 0 1 1 1]
 [1 1 1 1 1 0 0 1 1 1]
 [1 1 0 1 1 1 1 0 1 1]
 [1 1 1 0 1 1 0 1 1 1]
 [1 0 1 0 1 1 1 1 0 1]
 [0 1 0 0 1 1 0 0 0 0]
 [1 1 1 1 1 0 1 1 0 1]
 [1 0 0 0 1 0 1 0 1 0]
 [0 1 0 0 1 1 1 0 1 0]
 [1 1 1 1 0 0 1 1 1 1]
 [0 0 1 1 1 0 1 0 1 1]
 [1 1 1 1 0 1 1 1 1 1]
 [1 1 1 0 1 1 0 1 1 1]
 [0 0 1 1 1 1 1 1 1 1]
 [1 0 0 0 0 1 0 0 1 0]
 [1 0 1 0 1 1 0 0 0 1]
 [1 0 0 0 1 1 1 1 0 0]
 [1 1 0 1 0 1 1 0 1 1]
 [0 1 1 0 1 0 1 1 1 0]
 [0 1 0 0 0 1 1 1 0 0]
 [1 1 1 1 1 0 0 1 1 0]
 [1 1 1 0 1 0 1 1 1 0]
 [1 1 0 1 1 1 0 1 1 1]
 [0 1 0 1 1 1 1 0 1 1]
 [1 1 1 1 0 1 1 0 1 1]
 [0 0 1 1 1 1 1 1 1 1]]
{'restarts': 27, 'conflicts': 7365, 'decisions': 13323, 'propagations': 3626538}
Q is identifiable
branch at 6
runtime for solving id of Q is 0.5853889179416001
Simulation results:
{'J': 50, 'K': 10, 'N': 10, 'p': 0.7, 'seed': 751, 'sim': 0, 'runtime': 0.5853889179416001, 'identifiable': 1, 'branch': 6}
1
Q: [[1 1 0 0 1 1 1 1 0 0]
 [0 1 0 1 0 1 1 0 1 1]
 [0 1 1 0 1 1 1 0 1 1]
 [1 1 1 1 1 1 1 1 1 0]
 [1 1 0 1 1 1 0 0 1 1]
 [1 1 0 1 1 1 1 0 1 1]
 [0 1 1 0 0 1 1 1 1 0]
 [1 1 1 0 0 1 1 1 0 1]
 [1 1 0 1 0 1 1 0 1 1]
 [1 1 1 0 1 1 0 1 0 1]
 [0 0 1 0 1 1 1 1 1 1]
 [1 1 0 1 1 0 1 1 1 1]
 [0 0 0 0 1 0 0 1 0 1]
 [1 1 1 1 0 0 1 0 1 0]
 [1 0 1 0 1 0 1 1 1 1]
 [1 0 1 0 0 1 0 0 0 1]
 [1 1 1 1 0 1 0 0 0 1]
 [0 0 1 0 1 0 0 0 0 1]
 [0 1 0 0 1 1 1 1 0 0]
 [1 1 1 0 1 0 1 1 1 1]
 [0 0 1 0 1 1 1 0 1 1]
 [1 1 1 1 0 1 1 1 1 0]
 [1 1 1 0 1 1 1 0 1 1]
 [0 0 0 0 1 0 1 1 0 1]
 [1 1 1 1 1 0 1 1 1 1]
 [0 1 1 1 1 1 0 0 1 0]
 [0 1 0 0 1 0 1 1 1 1]
 [0 1 1 1 1 1 1 1 1 1]
 [1 1 1 1 0 0 1 1 1 1]
 [0 1 1 1 1 0 1 1 1 0]
 [1 1 1 1 1 1 1 1 0 0]
 [1 1 1 1 1 0 1 1 0 0]
 [1 1 1 1 1 1 1 0 1 1]
 [1 1 1 0 1 0 1 1 0 1]
 [0 1 0 1 1 0 1 1 1 1]
 [1 0 0 0 1 1 0 0 1 1]
 [1 1 1 1 1 1 1 1 1 1]
 [1 1 1 0 1 0 1 1 1 0]
 [1 1 1 0 1 1 1 1 1 1]
 [1 0 1 1 1 0 1 1 1 1]
 [0 0 0 1 1 1 1 1 1 1]
 [1 1 1 0 1 1 1 1 0 0]
 [0 0 1 1 1 0 1 1 1 0]
 [0 0 1 0 1 1 1 0 0 0]
 [1 1 1 1 1 1 0 0 1 1]
 [1 1 1 0 1 1 1 1 0 0]
 [1 1 1 1 1 1 0 1 0 1]
 [1 0 0 1 0 0 0 1 0 1]
 [1 1 1 1 1 1 1 0 0 1]
 [1 1 0 0 1 1 1 0 0 0]]
{'restarts': 3, 'conflicts': 1238, 'decisions': 2853, 'propagations': 598244}
Q is identifiable
branch at 6
runtime for solving id of Q is 0.17668937402777374
Simulation results:
{'J': 50, 'K': 10, 'N': 10, 'p': 0.7, 'seed': 751, 'sim': 1, 'runtime': 0.17668937402777374, 'identifiable': 1, 'branch': 6}
2
Q: [[1 1 0 1 0 1 1 0 1 0]
 [0 0 0 1 1 1 1 1 1 1]
 [1 0 1 1 1 1 1 0 1 1]
 [0 0 0 1 1 1 1 1 1 1]
 [1 1 1 0 1 1 1 1 1 1]
 [1 1 1 0 0 1 1 1 1 0]
 [0 1 1 1 1 0 1 1 1 0]
 [0 1 1 0 1 1 1 0 1 1]
 [1 1 0 1 1 1 1 1 0 1]
 [1 1 0 1 0 1 0 1 0 0]
 [1 1 1 1 1 0 0 1 1 0]
 [1 1 1 1 1 1 1 0 1 1]
 [1 1 0 1 0 0 1 1 0 0]
 [1 1 0 1 1 0 1 1 1 1]
 [1 1 0 1 1 1 0 1 0 1]
 [0 1 1 1 1 1 1 1 1 1]
 [1 0 1 0 1 1 0 1 1 1]
 [1 0 1 1 0 1 1 1 0 0]
 [0 0 1 1 1 1 1 1 1 1]
 [0 1 1 1 1 0 1 0 1 1]
 [1 0 1 0 0 1 1 1 1 1]
 [1 1 1 0 1 0 1 1 0 0]
 [0 1 1 0 1 1 1 1 1 1]
 [1 1 1 1 0 0 0 1 1 0]
 [1 0 0 1 1 0 0 1 1 1]
 [0 0 0 1 0 0 1 1 1 0]
 [0 1 0 1 1 0 0 1 1 1]
 [1 0 1 0 1 0 1 1 1 1]
 [1 1 0 0 1 1 1 1 0 1]
 [1 1 1 0 1 1 1 1 0 1]
 [0 1 0 1 1 1 0 0 1 1]
 [1 0 1 1 1 1 1 1 1 0]
 [1 1 1 1 1 1 1 0 1 1]
 [1 1 0 1 0 0 0 1 0 1]
 [0 1 1 0 1 1 1 0 1 1]
 [0 0 1 0 1 1 0 1 0 0]
 [0 1 0 1 1 1 1 1 0 1]
 [1 1 1 1 1 1 0 1 0 1]
 [1 1 1 1 1 1 0 1 1 1]
 [1 0 1 1 1 0 0 1 1 1]
 [1 1 0 1 1 1 1 0 0 1]
 [1 1 0 0 0 1 1 1 0 1]
 [0 1 1 1 0 0 0 1 1 0]
 [1 0 0 1 1 1 1 1 0 1]
 [0 1 1 1 0 1 1 0 0 1]
 [0 1 1 1 0 1 1 1 0 1]
 [1 1 0 1 1 1 0 1 1 0]
 [0 1 0 1 1 1 1 1 0 1]
 [1 1 1 1 1 0 0 1 1 1]
 [0 1 1 1 0 1 1 1 1 0]]
{'restarts': 56, 'conflicts': 29146, 'decisions': 45723, 'propagations': 14879341}
Q is identifiable
branch at 6
runtime for solving id of Q is 2.6631802630145103
Simulation results:
{'J': 50, 'K': 10, 'N': 10, 'p': 0.7, 'seed': 751, 'sim': 2, 'runtime': 2.6631802630145103, 'identifiable': 1, 'branch': 6}
3
Q: [[1 1 1 1 0 1 1 0 1 1]
 [1 1 1 0 1 1 0 1 0 1]
 [1 1 1 1 1 1 1 1 1 1]
 [0 0 1 1 1 1 0 0 0 0]
 [1 0 1 1 1 1 1 0 1 1]
 [0 1 1 0 0 1 1 1 1 1]
 [0 1 1 0 1 1 0 1 1 1]
 [1 1 1 1 1 1 0 0 0 1]
 [1 1 1 1 1 1 0 1 0 0]
 [1 0 1 1 0 1 1 1 1 1]
 [1 0 0 0 1 0 1 1 1 0]
 [1 1 0 1 1 1 1 0 1 1]
 [1 1 1 1 1 0 0 1 1 1]
 [1 1 0 1 1 1 1 0 1 1]
 [0 1 1 1 1 0 1 0 1 1]
 [0 1 1 1 1 1 1 0 1 0]
 [1 0 1 0 1 1 1 1 1 0]
 [0 1 1 1 1 0 1 1 1 0]
 [0 1 1 1 0 1 0 0 1 1]
 [0 1 1 1 0 0 1 1 1 0]
 [1 1 1 1 0 1 0 0 1 1]
 [1 1 0 0 0 1 0 1 1 1]
 [1 1 0 1 0 0 0 1 0 1]
 [1 1 1 1 0 1 1 1 1 0]
 [0 1 0 1 1 1 1 1 1 1]
 [1 1 1 1 1 1 1 1 1 0]
 [1 1 0 1 0 1 1 0 1 1]
 [1 1 0 1 1 0 1 0 1 1]
 [1 1 1 1 1 1 1 1 0 1]
 [1 0 0 1 1 1 1 1 1 1]
 [1 1 1 0 1 1 1 0 1 1]
 [1 0 0 0 0 1 1 1 1 1]
 [1 1 0 1 1 1 0 0 1 0]
 [1 0 1 1 0 1 1 1 1 0]
 [1 1 1 0 1 1 0 1 1 1]
 [0 1 1 0 1 0 1 0 1 1]
 [0 1 1 1 1 0 0 1 0 1]
 [1 1 1 0 1 1 1 1 1 1]
 [1 1 0 1 1 1 1 1 1 0]
 [1 1 0 1 1 0 1 1 1 1]
 [0 1 0 1 0 1 1 1 0 0]
 [0 0 1 1 1 0 1 1 1 1]
 [1 0 0 1 0 0 1 1 1 0]
 [1 1 1 1 1 1 1 0 1 1]
 [1 0 1 0 0 1 1 1 1 0]
 [1 1 1 1 1 0 1 1 1 1]
 [1 1 0 1 1 1 1 0 0 1]
 [0 1 1 0 0 1 1 0 0 1]
 [1 1 0 0 0 1 1 0 0 1]
 [1 1 1 0 1 1 1 1 0 1]]
{'restarts': 138, 'conflicts': 55411, 'decisions': 82652, 'propagations': 27793679}
Q is identifiable
branch at 6
runtime for solving id of Q is 5.124515816103667
Simulation results:
{'J': 50, 'K': 10, 'N': 10, 'p': 0.7, 'seed': 751, 'sim': 3, 'runtime': 5.124515816103667, 'identifiable': 1, 'branch': 6}
4
Q: [[1 0 0 1 1 1 0 1 1 1]
 [0 1 0 1 1 0 0 0 1 1]
 [0 1 0 1 1 0 1 0 1 0]
 [1 0 1 1 1 1 0 1 0 0]
 [1 1 1 1 0 1 0 1 1 1]
 [1 0 1 1 1 0 1 0 1 1]
 [0 0 1 0 0 1 1 1 0 1]
 [0 0 1 0 1 1 1 0 1 0]
 [1 1 1 1 1 0 0 0 1 1]
 [1 1 1 0 0 1 1 1 1 1]
 [1 1 1 1 0 1 1 1 1 1]
 [1 1 1 1 1 1 1 1 1 1]
 [1 1 1 1 1 0 1 1 1 1]
 [1 1 0 1 1 1 0 0 1 1]
 [1 1 1 1 1 1 1 1 1 1]
 [0 1 1 0 1 1 1 0 1 0]
 [1 1 1 0 0 1 0 1 1 0]
 [1 1 1 1 1 1 0 1 1 0]
 [1 1 1 1 1 1 1 1 1 1]
 [1 0 0 1 1 1 0 0 1 1]
 [1 1 1 0 1 1 1 1 1 0]
 [1 1 0 0 0 1 1 1 1 1]
 [1 1 1 0 1 1 1 1 1 1]
 [0 1 1 0 1 1 1 1 1 1]
 [0 1 1 1 1 1 0 1 0 1]
 [0 1 0 1 1 0 1 1 1 1]
 [0 0 1 1 1 1 1 1 1 1]
 [0 1 1 0 1 0 0 0 0 1]
 [0 0 1 0 0 1 1 0 0 1]
 [1 1 1 1 1 1 1 1 0 1]
 [1 1 1 1 1 0 1 0 0 1]
 [1 0 1 1 0 0 1 1 1 0]
 [1 1 1 1 1 0 1 1 1 1]
 [1 1 1 1 0 0 0 1 1 1]
 [1 1 1 1 1 0 0 1 1 1]
 [1 1 1 1 1 1 0 1 0 1]
 [0 0 0 1 1 1 0 0 1 0]
 [1 1 0 1 0 1 1 1 1 1]
 [1 1 0 0 1 0 1 1 0 1]
 [1 1 0 1 1 1 1 0 1 0]
 [1 0 1 0 1 1 1 1 1 1]
 [1 0 1 1 1 1 0 0 1 0]
 [0 0 0 0 0 0 1 1 1 1]
 [1 1 1 0 1 1 1 1 1 1]
 [1 1 0 1 1 0 1 1 0 1]
 [1 1 1 0 0 1 0 1 0 1]
 [1 1 1 1 1 1 1 1 1 1]
 [1 1 0 1 1 0 1 1 1 0]
 [1 1 1 1 1 1 1 1 0 1]
 [1 0 1 1 0 1 1 0 1 0]]
{'restarts': 14, 'conflicts': 2937, 'decisions': 5607, 'propagations': 1338342}
Q is identifiable
branch at 6
runtime for solving id of Q is 0.2074272260069847
Simulation results:
{'J': 50, 'K': 10, 'N': 10, 'p': 0.7, 'seed': 751, 'sim': 4, 'runtime': 0.2074272260069847, 'identifiable': 1, 'branch': 6}
5
Q: [[1 1 1 1 0 0 1 1 0 0]
 [0 1 0 1 0 0 0 0 1 1]
 [0 0 0 1 1 1 1 1 0 1]
 [1 1 1 0 0 1 0 0 1 1]
 [1 1 1 1 1 0 0 0 1 1]
 [1 1 1 1 1 0 1 1 1 1]
 [1 1 1 1 1 1 0 1 0 1]
 [0 0 1 1 0 1 1 0 1 1]
 [1 0 1 1 1 0 1 0 1 1]
 [0 1 1 0 1 1 1 1 1 1]
 [0 1 1 1 0 1 0 1 0 1]
 [1 0 1 1 1 1 0 1 0 1]
 [1 1 0 1 1 1 1 0 0 1]
 [1 1 1 1 1 1 0 1 1 1]
 [0 1 1 0 1 1 1 1 1 1]
 [0 1 0 0 1 1 1 1 0 0]
 [1 1 1 1 0 1 1 1 1 0]
 [1 0 0 0 1 1 0 1 1 1]
 [1 1 0 1 1 1 1 1 1 1]
 [1 1 1 0 1 1 1 0 1 1]
 [0 1 1 1 1 1 1 1 1 1]
 [1 1 1 0 1 1 1 1 1 0]
 [1 1 1 1 1 1 1 1 1 1]
 [0 1 1 1 0 1 1 1 1 1]
 [0 1 0 1 0 0 1 1 0 1]
 [1 1 1 0 1 1 1 1 1 1]
 [0 1 0 0 1 1 1 1 1 1]
 [1 1 1 0 0 0 0 1 0 1]
 [1 0 1 1 1 1 1 0 1 1]
 [0 0 1 1 1 0 1 1 1 1]
 [1 0 1 1 1 1 1 0 0 1]
 [1 1 0 1 1 0 1 1 1 1]
 [1 1 1 1 1 1 1 1 0 0]
 [1 0 1 0 1 1 1 0 1 1]
 [1 0 1 1 0 1 1 1 1 1]
 [1 1 1 1 0 1 1 0 1 1]
 [1 1 0 1 1 0 1 1 1 0]
 [1 0 1 1 1 1 0 0 1 1]
 [0 1 0 1 0 1 1 1 0 1]
 [0 1 1 1 0 1 1 1 1 0]
 [1 1 1 0 1 1 0 1 1 1]
 [0 0 1 1 0 1 1 1 1 1]
 [0 1 0 1 1 1 1 1 1 1]
 [0 1 1 1 1 1 0 1 1 1]
 [1 1 0 0 1 0 1 1 1 1]
 [1 1 0 1 0 1 0 0 1 0]
 [1 1 1 0 0 1 1 1 1 1]
 [0 0 1 1 0 1 0 0 1 1]
 [0 1 1 1 0 1 1 1 1 1]
 [0 1 1 0 1 1 0 1 1 1]]
{'restarts': 80, 'conflicts': 34584, 'decisions': 54608, 'propagations': 15802663}
Q is identifiable
branch at 6
runtime for solving id of Q is 2.7276791010517627
Simulation results:
{'J': 50, 'K': 10, 'N': 10, 'p': 0.7, 'seed': 751, 'sim': 5, 'runtime': 2.7276791010517627, 'identifiable': 1, 'branch': 6}
6
Q: [[0 1 0 0 0 1 0 0 1 0]
 [1 1 1 1 1 1 0 1 0 1]
 [1 1 0 1 0 1 1 1 1 1]
 [1 1 1 1 0 1 1 1 1 1]
 [1 0 0 1 1 1 1 1 1 1]
 [1 1 1 1 0 1 0 1 1 1]
 [1 1 1 1 1 1 1 0 1 0]
 [1 0 1 1 0 1 0 1 1 1]
 [0 1 1 1 1 1 1 0 1 0]
 [1 0 1 0 0 1 0 1 0 1]
 [1 1 1 0 0 1 1 0 1 1]
 [1 1 1 0 1 1 1 1 1 0]
 [1 1 1 1 1 1 1 1 1 1]
 [1 0 1 1 1 1 0 1 0 0]
 [0 0 0 1 1 1 1 1 1 1]
 [0 1 1 1 1 1 1 1 1 1]
 [1 1 1 1 1 1 0 0 1 1]
 [1 1 1 1 1 1 0 1 1 1]
 [1 0 0 1 1 1 1 1 0 1]
 [1 0 1 0 1 1 1 0 1 1]
 [1 1 1 1 0 0 1 1 1 0]
 [1 1 1 1 1 1 1 1 1 1]
 [1 0 1 1 1 0 1 0 0 1]
 [1 0 0 1 0 0 0 1 1 1]
 [0 0 0 1 1 0 1 0 1 0]
 [1 0 1 0 1 1 1 1 1 0]
 [0 1 1 0 1 1 1 1 0 1]
 [1 1 1 1 0 1 1 0 1 1]
 [1 1 1 0 1 0 1 1 0 0]
 [0 1 0 1 1 1 1 0 1 1]
 [1 1 1 1 0 1 1 1 1 1]
 [1 0 0 0 0 0 1 0 1 1]
 [0 1 1 1 0 1 1 1 1 1]
 [0 1 0 1 0 0 1 1 1 1]
 [1 1 1 1 1 1 1 1 1 1]
 [0 0 1 1 0 0 1 1 0 1]
 [1 1 1 1 0 1 0 0 1 1]
 [0 1 0 1 1 1 0 1 0 1]
 [1 1 0 1 1 1 1 0 0 0]
 [1 1 1 0 1 0 0 1 1 1]
 [1 0 1 1 0 1 0 1 0 0]
 [1 1 1 1 1 0 1 1 1 1]
 [0 0 1 1 1 1 1 1 0 1]
 [1 1 1 1 0 0 0 0 1 1]
 [1 1 1 1 1 0 1 0 0 1]
 [1 1 0 0 1 0 1 0 1 1]
 [1 1 1 0 1 0 1 1 1 1]
 [1 1 0 1 1 1 1 1 1 0]
 [0 0 0 1 1 0 1 1 1 0]
 [1 1 1 1 0 1 1 1 1 0]]
{'restarts': 18, 'conflicts': 7661, 'decisions': 14077, 'propagations': 3817310}
Q is identifiable
branch at 6
runtime for solving id of Q is 0.5738442000001669
Simulation results:
{'J': 50, 'K': 10, 'N': 10, 'p': 0.7, 'seed': 751, 'sim': 6, 'runtime': 0.5738442000001669, 'identifiable': 1, 'branch': 6}
7
Q: [[1 0 0 1 1 1 1 1 1 0]
 [0 1 1 0 0 1 1 1 0 0]
 [1 0 1 1 1 0 0 1 1 1]
 [0 1 1 0 1 1 1 1 1 0]
 [1 1 1 0 1 1 1 1 0 1]
 [0 0 0 1 0 1 1 1 1 1]
 [1 1 1 1 1 0 1 1 1 1]
 [1 1 1 1 1 1 0 1 1 1]
 [1 0 1 0 1 0 1 1 1 1]
 [1 0 1 1 1 1 1 1 1 1]
 [1 1 1 1 0 0 0 1 0 1]
 [1 1 0 0 0 1 1 1 0 1]
 [0 1 1 1 1 0 1 1 1 1]
 [0 1 0 0 1 1 1 1 1 1]
 [0 1 0 1 1 0 1 1 1 1]
 [0 1 0 1 1 0 1 1 1 0]
 [1 0 1 1 1 1 0 1 1 1]
 [0 1 1 1 1 0 1 1 0 0]
 [1 0 0 1 1 0 0 1 1 0]
 [1 0 1 1 1 1 1 1 0 0]
 [1 1 0 1 1 0 1 1 0 1]
 [0 1 1 1 0 0 0 0 1 1]
 [1 1 0 1 1 0 1 1 0 1]
 [1 1 0 0 1 0 1 0 0 1]
 [1 1 0 1 1 1 1 1 1 1]
 [0 1 0 0 1 1 0 0 1 1]
 [1 1 0 1 0 0 0 0 1 1]
 [1 0 1 1 1 1 1 0 0 1]
 [1 1 0 1 1 0 1 1 1 1]
 [0 1 1 1 1 1 1 0 1 1]
 [1 1 1 0 1 1 0 1 0 0]
 [1 0 1 0 1 0 1 1 1 1]
 [1 1 1 1 1 1 1 1 1 0]
 [1 1 1 0 0 1 1 0 1 1]
 [1 1 1 1 1 0 1 1 1 1]
 [1 1 1 0 0 0 0 1 1 1]
 [1 1 0 1 1 1 0 1 1 0]
 [1 1 1 1 1 1 1 1 0 0]
 [1 1 1 1 1 0 1 1 1 1]
 [0 1 0 1 1 1 1 1 0 1]
 [1 1 1 1 1 0 0 0 1 1]
 [0 0 1 0 1 1 1 1 1 1]
 [0 0 0 1 1 1 1 0 1 1]
 [0 0 1 0 1 0 0 1 0 1]
 [0 1 0 1 0 0 1 1 1 1]
 [1 1 1 1 1 1 1 1 1 1]
 [0 1 1 1 0 1 1 0 1 0]
 [1 1 0 0 1 1 1 1 1 1]
 [1 0 0 1 1 1 0 1 0 0]
 [1 1 1 1 1 1 1 1 0 1]]
{'restarts': 82, 'conflicts': 36711, 'decisions': 54120, 'propagations': 19010170}
Q is identifiable
branch at 6
runtime for solving id of Q is 3.4450164139270782
Simulation results:
{'J': 50, 'K': 10, 'N': 10, 'p': 0.7, 'seed': 751, 'sim': 7, 'runtime': 3.4450164139270782, 'identifiable': 1, 'branch': 6}
8
Q: [[1 1 1 0 0 1 0 1 1 0]
 [1 0 1 1 1 1 0 1 1 0]
 [0 1 1 0 1 1 0 1 1 0]
 [1 1 1 0 1 0 1 1 1 1]
 [1 1 0 0 1 1 1 0 1 1]
 [1 1 1 0 1 0 1 1 0 1]
 [0 1 1 0 1 1 1 1 0 1]
 [0 1 1 1 1 0 1 0 0 1]
 [1 0 1 1 1 0 1 1 1 1]
 [1 1 0 1 0 1 1 1 1 1]
 [1 1 0 1 0 1 0 1 1 1]
 [1 1 1 1 0 1 0 0 1 1]
 [1 0 0 0 1 1 0 1 1 1]
 [1 0 1 1 1 0 0 1 0 0]
 [1 1 1 0 1 0 1 1 1 0]
 [0 0 0 1 0 1 1 1 1 1]
 [1 0 1 1 1 0 1 1 1 1]
 [0 1 0 0 0 0 0 1 1 1]
 [0 0 0 1 1 1 0 1 1 1]
 [0 1 1 0 0 1 0 1 1 1]
 [0 1 1 1 1 0 0 1 0 1]
 [1 1 1 1 1 0 1 1 1 0]
 [1 1 0 0 1 1 1 1 1 0]
 [1 1 1 1 1 1 1 1 0 0]
 [0 0 0 1 1 1 0 1 1 0]
 [1 1 1 1 1 0 0 0 0 0]
 [1 1 1 1 1 1 1 1 1 1]
 [1 1 0 0 1 1 0 1 0 1]
 [0 1 1 1 1 1 1 0 1 0]
 [1 1 1 1 1 1 1 0 0 1]
 [1 1 1 0 1 1 0 1 1 0]
 [1 1 0 1 0 1 0 1 1 1]
 [1 1 0 0 1 1 1 0 1 1]
 [1 1 0 1 1 0 1 1 1 0]
 [1 1 1 0 1 1 1 1 0 1]
 [1 1 1 1 0 1 1 0 1 1]
 [1 1 1 1 1 1 1 0 1 0]
 [1 1 1 1 1 1 1 1 1 1]
 [0 1 0 0 0 1 1 1 1 1]
 [1 1 0 1 0 1 1 1 0 1]
 [0 1 1 1 1 1 0 1 1 1]
 [1 1 0 1 1 1 1 1 1 1]
 [0 1 0 0 1 1 1 1 1 1]
 [1 1 0 1 1 1 1 1 1 0]
 [0 1 1 1 1 1 0 1 1 0]
 [1 1 0 1 1 1 0 1 1 1]
 [1 1 1 1 0 1 1 1 1 0]
 [0 1 1 1 1 1 1 1 1 1]
 [1 0 1 1 1 1 1 1 0 1]
 [0 1 0 0 1 1 1 1 1 1]]
{'restarts': 78, 'conflicts': 40533, 'decisions': 62547, 'propagations': 18689521}
Q is identifiable
branch at 6
runtime for solving id of Q is 3.483337858924642
Simulation results:
{'J': 50, 'K': 10, 'N': 10, 'p': 0.7, 'seed': 751, 'sim': 8, 'runtime': 3.483337858924642, 'identifiable': 1, 'branch': 6}
9
Q: [[0 0 1 1 1 0 1 1 1 0]
 [1 1 1 1 0 0 0 1 0 0]
 [1 0 1 1 1 1 1 1 0 1]
 [1 1 1 1 1 0 0 1 1 1]
 [0 0 1 1 1 1 1 1 0 0]
 [0 1 1 1 1 1 1 1 1 1]
 [1 1 1 1 0 0 0 1 0 1]
 [0 1 1 1 1 1 0 1 1 1]
 [1 1 0 0 1 0 1 1 0 1]
 [1 1 0 1 1 1 1 0 1 1]
 [1 0 1 1 0 1 0 1 0 0]
 [1 1 1 0 1 1 1 0 1 1]
 [1 1 1 1 1 1 0 1 1 1]
 [1 0 0 0 1 1 1 1 1 1]
 [1 1 1 1 1 1 1 1 1 1]
 [0 0 1 1 1 1 0 0 1 1]
 [0 1 1 1 1 0 0 0 1 0]
 [1 1 1 1 1 1 0 0 1 1]
 [1 0 1 1 0 1 1 0 0 0]
 [0 1 1 1 0 0 1 0 1 0]
 [0 0 1 1 0 0 1 1 1 0]
 [1 0 1 1 1 1 1 1 1 0]
 [1 1 1 1 1 1 1 1 1 0]
 [0 1 1 0 0 1 1 1 1 1]
 [1 0 1 1 0 1 1 1 1 1]
 [1 1 1 0 0 1 1 1 1 1]
 [1 1 1 1 0 1 1 1 1 1]
 [0 1 1 1 1 1 1 1 0 1]
 [0 1 1 0 1 1 1 1 1 1]
 [1 1 1 1 1 1 1 0 0 1]
 [0 1 1 1 1 1 1 0 1 0]
 [1 1 1 1 1 1 0 1 1 1]
 [1 1 1 1 1 0 0 0 0 1]
 [1 1 1 1 1 0 1 1 0 1]
 [1 0 1 1 1 1 1 1 1 1]
 [1 1 1 0 1 1 1 1 0 1]
 [1 1 1 1 1 1 1 1 0 0]
 [1 1 0 1 0 1 1 1 1 1]
 [0 1 1 0 1 1 1 1 0 1]
 [1 1 1 1 1 0 1 1 1 0]
 [1 1 0 1 0 1 1 1 1 1]
 [0 0 0 0 1 1 0 0 1 0]
 [1 1 1 0 1 0 0 1 1 1]
 [1 0 1 0 1 0 1 0 1 0]
 [1 1 0 0 0 0 0 1 1 1]
 [0 1 1 1 1 0 0 1 1 0]
 [1 1 1 1 0 1 1 1 1 1]
 [1 0 1 1 1 0 1 1 0 1]
 [1 0 0 1 1 0 1 1 1 1]
 [1 1 1 0 1 0 1 1 1 0]]
{'restarts': 27, 'conflicts': 15031, 'decisions': 24256, 'propagations': 6100597}
Q is identifiable
branch at 6
runtime for solving id of Q is 0.9590932480059564
Simulation results:
{'J': 50, 'K': 10, 'N': 10, 'p': 0.7, 'seed': 751, 'sim': 9, 'runtime': 0.9590932480059564, 'identifiable': 1, 'branch': 6}
Simulation results:
[{'J': 50, 'K': 10, 'N': 10, 'p': 0.7, 'seed': 751, 'sim': 0, 'runtime': 0.5853889179416001, 'identifiable': 1, 'branch': 6}, {'J': 50, 'K': 10, 'N': 10, 'p': 0.7, 'seed': 751, 'sim': 1, 'runtime': 0.17668937402777374, 'identifiable': 1, 'branch': 6}, {'J': 50, 'K': 10, 'N': 10, 'p': 0.7, 'seed': 751, 'sim': 2, 'runtime': 2.6631802630145103, 'identifiable': 1, 'branch': 6}, {'J': 50, 'K': 10, 'N': 10, 'p': 0.7, 'seed': 751, 'sim': 3, 'runtime': 5.124515816103667, 'identifiable': 1, 'branch': 6}, {'J': 50, 'K': 10, 'N': 10, 'p': 0.7, 'seed': 751, 'sim': 4, 'runtime': 0.2074272260069847, 'identifiable': 1, 'branch': 6}, {'J': 50, 'K': 10, 'N': 10, 'p': 0.7, 'seed': 751, 'sim': 5, 'runtime': 2.7276791010517627, 'identifiable': 1, 'branch': 6}, {'J': 50, 'K': 10, 'N': 10, 'p': 0.7, 'seed': 751, 'sim': 6, 'runtime': 0.5738442000001669, 'identifiable': 1, 'branch': 6}, {'J': 50, 'K': 10, 'N': 10, 'p': 0.7, 'seed': 751, 'sim': 7, 'runtime': 3.4450164139270782, 'identifiable': 1, 'branch': 6}, {'J': 50, 'K': 10, 'N': 10, 'p': 0.7, 'seed': 751, 'sim': 8, 'runtime': 3.483337858924642, 'identifiable': 1, 'branch': 6}, {'J': 50, 'K': 10, 'N': 10, 'p': 0.7, 'seed': 751, 'sim': 9, 'runtime': 0.9590932480059564, 'identifiable': 1, 'branch': 6}]
