
The Gurobi software has a limited number of licenses. To request a license or
licenses, add this line

    #SBATCH --licenses=gurobi@slurmdb:1

to your SBATCH script, replacing N with the number of licenses you need. Gurobi
will need one license per process.


0
Q: [[1 1 1 1 1 1 1 1 1 0]
 [1 1 1 0 1 0 1 1 1 1]
 [1 1 1 0 0 1 1 1 1 1]
 [1 1 0 1 1 1 1 1 1 0]
 [1 1 0 1 0 1 1 1 1 1]
 [1 0 1 1 1 1 1 1 1 0]
 [1 1 1 1 1 0 1 1 1 1]
 [1 0 1 0 1 1 0 1 0 1]
 [1 1 0 1 1 0 1 1 1 1]
 [1 1 0 0 0 1 0 1 1 1]
 [1 1 0 1 1 1 0 0 0 1]
 [0 0 0 1 0 1 1 1 0 1]
 [0 1 0 1 1 0 1 1 1 1]
 [1 1 0 1 1 0 1 1 1 1]
 [1 0 1 1 1 1 1 1 1 1]
 [1 1 1 1 0 1 1 1 1 0]
 [0 0 1 1 1 1 0 0 0 1]
 [1 1 1 0 1 1 1 1 1 0]
 [1 0 1 1 1 0 1 1 1 0]
 [0 1 1 1 1 1 1 1 1 0]
 [1 1 1 1 1 1 1 1 0 1]
 [1 0 1 1 1 0 1 1 1 1]
 [1 0 1 1 1 0 1 0 0 0]
 [0 1 1 1 0 1 0 0 1 0]
 [1 0 1 1 0 1 0 1 1 1]
 [1 1 1 1 1 0 1 0 1 1]
 [0 1 0 1 1 1 1 1 1 0]
 [0 0 0 0 1 1 0 0 1 1]
 [1 1 1 0 0 1 1 1 1 0]
 [1 1 0 1 1 0 1 0 1 1]
 [0 1 0 1 1 0 0 1 1 1]
 [0 1 1 1 1 0 0 1 1 0]
 [1 1 1 1 1 1 1 1 1 1]
 [1 1 0 1 0 0 1 0 1 0]
 [1 1 1 0 0 0 0 1 0 1]
 [0 1 1 1 1 1 1 1 1 1]
 [1 1 0 1 1 0 1 1 1 0]
 [1 1 1 1 1 1 0 1 1 1]
 [0 0 0 0 0 0 1 0 1 1]
 [1 1 0 0 1 1 1 1 1 0]
 [0 1 1 0 1 0 1 1 1 1]
 [1 1 0 1 1 1 1 0 1 1]
 [1 1 1 1 0 1 1 0 1 1]
 [1 0 1 1 1 0 1 1 1 1]
 [1 1 1 0 1 1 1 1 1 0]
 [1 0 1 1 0 0 1 1 1 1]
 [0 1 1 1 0 1 1 1 1 1]
 [0 1 1 1 1 1 0 0 1 0]
 [1 1 1 1 1 1 1 1 1 0]
 [1 1 1 0 1 1 1 1 0 0]]
{'restarts': 12, 'conflicts': 2249, 'decisions': 4866, 'propagations': 839240}
Q is identifiable
branch at 6
runtime for solving id of Q is 0.16935720993205905
Simulation results:
{'J': 50, 'K': 10, 'N': 10, 'p': 0.7, 'seed': 881, 'sim': 0, 'runtime': 0.16935720993205905, 'identifiable': 1, 'branch': 6}
1
Q: [[1 1 0 1 1 1 1 1 0 1]
 [1 1 0 1 0 1 0 1 1 1]
 [0 0 1 1 1 1 1 1 0 1]
 [1 1 0 1 1 0 0 1 1 1]
 [0 1 0 0 0 0 1 0 1 0]
 [0 1 1 1 0 1 0 1 1 1]
 [1 0 1 1 0 0 1 0 0 0]
 [1 0 1 1 1 1 0 1 1 0]
 [1 1 0 1 1 0 1 1 0 1]
 [1 1 1 0 1 1 1 1 1 1]
 [1 1 1 1 0 1 1 1 0 0]
 [1 1 0 1 0 1 1 1 1 0]
 [0 1 1 1 0 0 0 1 1 1]
 [1 0 1 1 1 0 1 1 1 1]
 [1 1 1 1 0 0 1 1 1 0]
 [1 1 0 1 1 1 0 1 1 0]
 [0 1 1 0 1 1 1 1 1 1]
 [1 1 0 1 1 1 1 1 1 1]
 [1 1 0 1 1 0 1 1 1 1]
 [1 1 1 1 1 1 0 1 0 1]
 [1 1 1 1 0 1 1 1 1 1]
 [1 0 0 0 1 1 0 1 1 0]
 [1 1 1 1 1 1 0 0 1 1]
 [1 1 1 1 1 0 1 0 1 1]
 [1 1 1 1 1 1 1 1 1 1]
 [1 1 0 0 1 1 0 0 0 1]
 [1 1 1 1 1 1 1 0 1 0]
 [1 1 1 0 1 1 0 0 1 1]
 [1 0 1 0 1 1 1 1 1 1]
 [1 0 1 1 1 0 1 1 1 1]
 [1 1 1 0 0 1 1 1 1 1]
 [1 1 0 0 1 1 1 1 1 0]
 [0 1 1 1 1 1 0 1 0 0]
 [0 1 0 1 0 1 1 1 1 0]
 [1 1 1 1 0 1 1 0 1 1]
 [0 0 1 0 1 1 1 0 0 1]
 [1 1 0 1 0 1 1 0 0 1]
 [1 0 0 0 1 0 1 1 1 1]
 [1 1 1 0 1 1 1 1 1 1]
 [1 1 1 0 0 1 0 1 0 1]
 [1 0 1 1 0 1 1 0 1 0]
 [1 1 1 0 1 1 1 1 0 1]
 [1 0 1 1 1 1 1 1 1 1]
 [1 1 1 1 1 1 0 1 0 1]
 [1 1 0 1 1 1 1 1 1 1]
 [0 1 1 0 1 0 1 1 1 1]
 [1 1 0 1 1 0 1 1 1 1]
 [0 1 1 1 1 0 1 1 1 0]
 [1 1 0 0 1 1 1 1 1 0]
 [0 1 1 0 1 1 0 1 0 1]]
{'restarts': 121, 'conflicts': 52763, 'decisions': 77573, 'propagations': 21536588}
Q is identifiable
branch at 6
runtime for solving id of Q is 4.435740038752556
Simulation results:
{'J': 50, 'K': 10, 'N': 10, 'p': 0.7, 'seed': 881, 'sim': 1, 'runtime': 4.435740038752556, 'identifiable': 1, 'branch': 6}
2
Q: [[1 0 0 0 1 0 1 1 1 1]
 [1 1 1 0 1 1 0 1 0 1]
 [0 1 1 0 1 0 0 1 1 0]
 [1 1 1 1 1 1 1 1 1 1]
 [0 1 0 0 1 1 1 1 1 0]
 [1 0 0 1 0 1 1 1 1 0]
 [0 0 0 0 0 1 1 1 1 0]
 [1 1 0 1 0 1 0 1 0 1]
 [1 1 1 1 0 0 1 0 0 1]
 [1 1 1 1 1 0 1 0 1 1]
 [0 0 1 0 1 1 1 1 1 1]
 [1 1 1 0 1 1 1 1 1 1]
 [1 0 1 1 0 1 1 1 1 1]
 [1 1 1 1 1 1 1 1 1 1]
 [1 1 0 1 1 1 1 1 1 0]
 [0 1 1 0 0 1 1 1 1 1]
 [1 1 0 1 0 1 1 0 1 1]
 [0 0 1 1 1 1 1 1 1 1]
 [0 0 0 1 1 0 1 0 1 1]
 [1 1 1 1 1 1 0 1 1 1]
 [1 1 1 1 1 0 1 1 0 0]
 [0 1 0 0 1 0 1 1 1 0]
 [1 1 1 1 1 0 1 1 0 1]
 [1 1 0 1 0 0 1 1 1 1]
 [1 0 1 0 1 1 1 0 1 1]
 [0 1 1 0 0 1 1 1 1 1]
 [1 0 1 1 1 1 0 1 1 1]
 [1 1 0 1 1 1 1 0 0 1]
 [1 0 0 0 1 1 1 1 1 1]
 [1 1 0 1 1 1 1 0 1 1]
 [1 1 1 1 1 1 0 0 0 1]
 [0 1 0 1 0 1 1 1 1 1]
 [0 0 0 1 0 0 1 1 0 1]
 [0 1 1 0 1 1 1 1 0 1]
 [1 0 1 1 1 0 1 1 0 0]
 [1 1 0 1 1 1 1 1 1 1]
 [1 1 0 1 1 0 1 1 0 1]
 [1 0 1 1 0 0 1 1 0 1]
 [1 1 1 1 0 1 0 1 1 0]
 [1 1 1 1 0 0 0 1 0 0]
 [1 0 0 0 0 1 1 0 1 1]
 [1 1 1 0 1 1 1 1 0 0]
 [1 0 0 1 1 1 1 1 0 1]
 [1 1 1 0 0 0 1 0 1 1]
 [1 1 0 1 1 1 0 1 0 1]
 [1 1 0 1 1 1 1 1 0 1]
 [0 1 1 1 0 0 1 1 1 0]
 [0 1 1 1 1 1 1 0 1 0]
 [1 1 1 0 0 1 1 1 1 1]
 [0 1 1 0 1 1 1 0 0 1]]
{'restarts': 17, 'conflicts': 4585, 'decisions': 9547, 'propagations': 2417031}
Q is identifiable
branch at 6
runtime for solving id of Q is 0.3979836730286479
Simulation results:
{'J': 50, 'K': 10, 'N': 10, 'p': 0.7, 'seed': 881, 'sim': 2, 'runtime': 0.3979836730286479, 'identifiable': 1, 'branch': 6}
3
Q: [[1 0 1 1 1 1 1 1 1 1]
 [1 0 0 1 1 1 1 1 1 0]
 [1 1 1 0 1 1 1 1 1 1]
 [0 1 1 0 0 1 1 1 1 0]
 [1 0 1 1 1 1 0 1 0 0]
 [1 1 1 1 1 0 1 0 0 1]
 [1 1 1 0 1 1 1 0 1 1]
 [1 1 1 0 1 1 0 1 1 0]
 [1 1 0 0 1 1 1 1 1 1]
 [1 0 1 1 0 1 1 0 1 1]
 [0 1 1 1 1 1 1 0 1 0]
 [0 1 0 1 1 1 0 1 1 1]
 [1 1 1 0 0 0 1 0 1 0]
 [1 1 1 1 0 1 0 0 1 1]
 [1 1 1 1 1 1 1 1 1 0]
 [0 1 1 1 0 1 1 0 1 1]
 [1 0 1 1 1 0 1 1 0 0]
 [1 0 0 1 1 1 1 1 1 1]
 [1 1 1 1 1 1 1 1 0 0]
 [1 1 0 0 1 1 0 1 1 1]
 [0 0 1 0 1 1 1 0 0 0]
 [1 1 1 1 1 1 1 0 1 1]
 [1 1 1 1 1 1 1 1 1 0]
 [0 1 1 0 1 1 1 1 0 1]
 [1 0 1 0 1 1 0 1 1 1]
 [0 1 0 0 0 1 0 1 0 1]
 [0 1 1 0 1 1 1 1 1 0]
 [1 1 1 1 1 1 1 0 0 0]
 [1 1 1 1 1 1 1 1 1 1]
 [1 0 1 1 1 1 1 1 0 1]
 [1 1 1 0 1 1 1 0 1 1]
 [1 1 1 1 0 1 0 0 0 0]
 [0 1 1 0 1 1 1 1 1 1]
 [1 1 1 1 0 0 0 0 0 1]
 [1 1 1 1 1 1 1 0 0 1]
 [1 1 1 1 1 1 0 0 1 1]
 [1 0 1 1 1 1 1 1 0 0]
 [1 1 0 0 1 0 1 1 1 1]
 [0 1 1 1 1 0 1 1 1 0]
 [1 0 1 1 1 1 0 1 0 1]
 [1 0 1 1 1 0 1 0 1 1]
 [0 0 1 0 1 1 1 0 1 1]
 [0 0 1 1 1 0 1 1 1 1]
 [1 1 0 1 1 0 1 1 1 1]
 [1 1 0 1 0 1 1 1 1 0]
 [1 0 0 1 1 0 0 1 1 1]
 [1 1 1 1 0 0 1 0 1 1]
 [1 1 1 1 1 0 0 0 1 1]
 [0 1 1 0 1 1 1 1 1 0]
 [0 1 1 1 1 1 1 1 0 1]]
{'restarts': 73, 'conflicts': 32690, 'decisions': 49390, 'propagations': 13357824}
Q is identifiable
branch at 6
runtime for solving id of Q is 2.649866418913007
Simulation results:
{'J': 50, 'K': 10, 'N': 10, 'p': 0.7, 'seed': 881, 'sim': 3, 'runtime': 2.649866418913007, 'identifiable': 1, 'branch': 6}
4
Q: [[1 1 1 1 0 1 1 1 1 0]
 [1 1 1 1 0 1 1 1 0 1]
 [1 1 1 1 1 1 1 1 0 1]
 [1 0 0 1 1 1 1 1 1 0]
 [0 1 0 1 1 1 0 0 1 1]
 [0 1 1 1 0 1 1 1 1 1]
 [0 0 0 1 1 1 1 0 0 1]
 [0 0 1 1 1 1 1 1 1 1]
 [0 1 1 1 1 1 1 1 1 1]
 [1 1 0 0 1 1 1 0 1 0]
 [1 1 1 0 1 0 0 1 1 0]
 [1 1 0 1 1 1 0 0 1 0]
 [1 1 0 1 1 1 1 0 0 1]
 [1 1 1 1 1 0 1 1 1 1]
 [1 0 1 1 1 1 1 1 0 0]
 [1 1 0 1 0 1 0 1 0 1]
 [1 1 1 1 1 1 1 1 1 1]
 [1 1 1 1 1 0 1 1 1 1]
 [0 1 1 0 1 1 0 0 1 1]
 [1 0 1 1 0 1 0 1 1 1]
 [1 1 1 1 1 0 1 0 0 1]
 [1 0 0 1 1 1 1 1 1 1]
 [1 1 1 1 1 0 1 1 1 1]
 [0 1 1 1 1 0 0 1 1 1]
 [0 1 1 0 1 0 1 0 1 1]
 [1 1 1 1 1 1 1 1 0 1]
 [1 1 1 1 1 1 0 1 0 1]
 [0 0 0 0 1 1 1 1 0 0]
 [1 1 1 0 1 1 1 1 0 1]
 [0 1 0 1 1 1 1 0 1 1]
 [0 1 0 0 1 1 0 1 0 0]
 [1 1 1 0 1 1 1 1 0 1]
 [1 1 1 0 0 0 1 0 1 1]
 [1 1 1 1 0 1 1 1 1 1]
 [1 1 1 0 1 1 0 1 0 0]
 [0 1 0 1 0 1 0 1 1 1]
 [1 0 1 0 1 0 0 0 1 1]
 [0 0 0 1 1 1 0 1 0 1]
 [1 0 0 1 1 1 1 1 0 1]
 [1 0 1 1 1 0 0 0 0 0]
 [1 0 1 1 1 1 1 1 0 0]
 [1 1 1 0 0 1 1 1 0 1]
 [1 1 0 1 1 1 0 1 1 0]
 [0 1 0 1 1 0 1 1 0 1]
 [1 0 1 1 0 0 1 0 1 0]
 [1 0 0 1 1 1 1 1 1 0]
 [1 0 1 1 0 1 1 1 1 1]
 [1 1 1 0 1 0 1 0 1 1]
 [1 1 1 1 1 0 1 1 1 0]
 [1 1 1 1 0 1 0 1 1 1]]
{'restarts': 33, 'conflicts': 10369, 'decisions': 18509, 'propagations': 4605527}
Q is identifiable
branch at 6
runtime for solving id of Q is 0.701993603259325
Simulation results:
{'J': 50, 'K': 10, 'N': 10, 'p': 0.7, 'seed': 881, 'sim': 4, 'runtime': 0.701993603259325, 'identifiable': 1, 'branch': 6}
5
Q: [[0 0 0 1 0 0 1 1 0 1]
 [0 1 1 0 1 1 1 1 1 1]
 [1 1 1 1 1 1 1 1 0 1]
 [1 1 0 1 0 0 0 0 1 1]
 [1 1 1 0 1 1 1 1 0 1]
 [0 1 1 0 1 0 0 1 0 0]
 [1 1 1 1 0 1 1 1 1 1]
 [1 1 0 1 1 1 0 1 1 0]
 [1 0 0 1 1 1 1 1 0 1]
 [1 1 1 1 1 1 1 1 0 1]
 [0 1 1 0 1 1 1 1 0 1]
 [1 1 1 1 1 1 1 1 0 0]
 [1 0 0 1 1 1 1 1 1 1]
 [1 1 0 1 0 1 1 0 0 0]
 [1 0 1 1 1 1 1 1 1 1]
 [1 0 1 1 0 1 1 1 1 0]
 [1 0 0 0 1 1 1 1 0 1]
 [1 1 0 1 1 1 1 1 1 1]
 [0 1 0 0 1 0 1 1 1 0]
 [1 1 0 1 1 0 1 1 1 1]
 [0 0 1 0 1 1 0 1 0 1]
 [0 1 0 1 1 1 0 0 1 1]
 [1 1 0 1 0 1 0 0 0 1]
 [0 0 1 1 1 0 0 1 1 1]
 [0 0 1 1 1 1 1 0 0 1]
 [1 1 0 0 0 1 0 1 0 1]
 [1 0 0 1 1 0 1 1 1 1]
 [0 1 1 1 1 1 0 1 0 1]
 [1 1 1 1 1 0 1 1 1 1]
 [1 1 1 1 1 1 1 0 0 1]
 [0 1 1 1 1 1 0 1 0 1]
 [1 1 1 1 1 0 0 1 0 1]
 [1 1 1 0 1 0 1 1 0 0]
 [0 1 0 1 1 1 0 1 0 1]
 [1 0 1 1 1 1 1 1 0 1]
 [0 1 1 0 0 0 0 0 0 1]
 [1 1 0 1 0 1 1 1 1 1]
 [1 1 1 0 1 1 0 1 1 1]
 [1 0 0 1 1 1 0 0 1 0]
 [1 1 0 1 0 1 0 0 1 1]
 [0 0 1 1 1 1 1 1 0 1]
 [1 0 1 1 1 1 1 1 1 1]
 [0 1 0 1 1 1 1 1 1 1]
 [0 0 1 0 1 1 0 1 0 1]
 [1 0 1 1 0 1 1 1 0 0]
 [1 1 1 1 1 1 1 1 0 1]
 [1 1 0 0 1 0 0 1 1 1]
 [0 0 1 1 0 1 1 1 1 1]
 [0 1 1 1 1 0 0 0 0 0]
 [1 1 1 0 1 0 0 0 1 1]]
{'restarts': 19, 'conflicts': 9641, 'decisions': 15314, 'propagations': 4497975}
Q is identifiable
branch at 6
runtime for solving id of Q is 0.8055180343799293
Simulation results:
{'J': 50, 'K': 10, 'N': 10, 'p': 0.7, 'seed': 881, 'sim': 5, 'runtime': 0.8055180343799293, 'identifiable': 1, 'branch': 6}
6
Q: [[1 1 0 1 1 0 0 0 1 1]
 [1 1 0 1 1 1 1 1 0 1]
 [0 1 0 0 1 1 0 1 0 0]
 [1 0 1 0 1 1 0 0 1 0]
 [1 1 1 1 0 1 1 1 0 1]
 [0 1 1 0 1 1 1 1 1 1]
 [1 1 0 1 0 1 1 0 0 1]
 [0 1 1 1 1 0 1 0 1 1]
 [1 1 1 1 1 1 1 1 0 0]
 [0 1 0 0 0 0 0 1 1 1]
 [1 1 1 1 0 1 1 1 0 0]
 [1 1 0 0 0 0 1 1 1 0]
 [1 1 0 1 1 0 0 1 1 1]
 [1 1 1 1 1 1 0 1 1 1]
 [1 1 1 1 0 1 1 1 1 1]
 [0 0 1 1 1 0 1 1 1 1]
 [1 0 0 1 1 1 1 0 1 1]
 [1 0 0 0 0 0 1 0 1 1]
 [1 1 1 1 1 1 1 1 1 1]
 [1 1 0 1 0 1 1 0 1 1]
 [0 1 1 1 0 0 1 0 0 1]
 [1 0 1 1 1 1 1 1 1 1]
 [0 1 1 1 1 1 0 1 1 1]
 [0 1 1 1 0 1 0 1 0 0]
 [0 1 1 0 1 0 1 0 0 0]
 [1 1 1 1 0 1 1 0 0 1]
 [1 1 0 0 1 0 1 1 0 1]
 [1 1 1 1 1 1 1 1 1 0]
 [1 1 1 0 1 0 1 0 0 1]
 [0 1 1 1 1 0 1 0 1 0]
 [0 1 1 1 1 1 1 1 1 1]
 [1 1 1 1 0 0 1 1 0 0]
 [1 1 1 1 0 1 1 0 1 1]
 [1 1 1 1 1 0 1 1 1 0]
 [0 1 1 1 1 0 1 1 1 1]
 [1 0 1 0 1 1 1 0 1 1]
 [0 0 0 0 1 0 0 0 1 1]
 [1 0 0 0 1 1 1 1 0 1]
 [1 1 0 1 0 1 1 0 1 1]
 [0 0 1 1 1 1 0 1 1 1]
 [1 0 1 1 1 0 1 1 1 1]
 [1 0 1 0 0 1 1 1 1 1]
 [0 0 1 0 1 0 1 0 0 0]
 [0 1 1 0 0 0 0 0 1 1]
 [1 1 1 1 1 0 1 0 1 1]
 [1 1 1 1 0 1 0 1 1 1]
 [0 0 0 1 1 1 1 0 1 1]
 [0 0 1 1 0 0 0 1 1 0]
 [1 1 0 0 1 0 0 1 1 1]
 [1 0 1 1 1 1 1 0 1 0]]
{'restarts': 10, 'conflicts': 2633, 'decisions': 4776, 'propagations': 1122800}
Q is identifiable
branch at 6
runtime for solving id of Q is 0.20376395527273417
Simulation results:
{'J': 50, 'K': 10, 'N': 10, 'p': 0.7, 'seed': 881, 'sim': 6, 'runtime': 0.20376395527273417, 'identifiable': 1, 'branch': 6}
7
Q: [[1 1 1 1 0 1 1 1 1 0]
 [0 1 1 1 1 1 0 0 0 1]
 [1 0 1 0 1 1 0 1 1 1]
 [0 1 1 1 0 1 0 1 1 1]
 [0 1 0 1 1 1 1 1 0 1]
 [1 0 1 1 1 1 1 1 1 1]
 [1 1 1 0 1 1 1 1 0 1]
 [1 1 1 1 1 0 0 1 1 0]
 [0 1 0 1 1 1 0 1 0 0]
 [1 1 1 0 0 1 1 0 0 1]
 [0 1 1 1 1 0 0 0 1 0]
 [1 1 1 0 1 1 0 1 1 1]
 [0 1 1 1 1 1 0 1 1 1]
 [1 1 1 1 0 0 1 0 0 0]
 [1 1 0 1 1 0 1 1 1 1]
 [1 0 1 1 1 1 1 1 1 0]
 [1 1 1 1 0 1 1 1 1 1]
 [1 1 0 0 0 0 1 1 1 1]
 [1 0 1 0 1 1 0 1 0 0]
 [1 1 1 0 1 1 1 0 1 1]
 [0 1 1 0 1 0 1 1 1 0]
 [1 0 1 1 1 1 1 0 1 1]
 [0 1 1 0 1 1 0 1 0 1]
 [1 1 0 1 1 1 1 0 1 1]
 [1 0 1 1 0 1 1 0 1 0]
 [1 1 0 1 1 1 0 1 1 1]
 [1 0 1 1 1 1 0 1 1 1]
 [0 1 1 0 1 1 0 1 1 1]
 [1 1 1 1 0 1 1 1 0 1]
 [1 0 1 1 0 1 1 1 0 0]
 [0 1 1 1 1 1 0 1 1 1]
 [0 1 1 1 1 1 0 1 0 1]
 [0 1 0 1 1 0 1 1 0 0]
 [1 1 1 1 1 1 1 1 1 1]
 [1 1 0 1 1 1 1 1 1 1]
 [1 1 1 0 1 1 0 0 0 1]
 [1 1 1 0 1 1 1 0 1 0]
 [0 1 0 0 0 1 0 1 1 1]
 [1 1 1 0 1 1 1 1 1 1]
 [1 1 1 1 1 1 0 1 1 1]
 [1 0 1 1 1 1 0 0 1 1]
 [1 1 1 1 1 1 0 1 1 1]
 [1 1 1 1 1 1 0 1 1 1]
 [0 1 0 1 1 0 1 1 1 0]
 [1 0 1 0 1 1 1 0 0 0]
 [1 1 1 1 1 1 1 0 0 1]
 [0 1 1 1 1 1 0 1 1 1]
 [1 0 1 1 1 1 0 0 0 0]
 [1 1 1 1 0 1 0 0 0 0]
 [0 1 1 0 1 1 1 0 1 1]]
{'restarts': 74, 'conflicts': 20829, 'decisions': 33721, 'propagations': 8273893}
Q is identifiable
branch at 6
runtime for solving id of Q is 1.4483277960680425
Simulation results:
{'J': 50, 'K': 10, 'N': 10, 'p': 0.7, 'seed': 881, 'sim': 7, 'runtime': 1.4483277960680425, 'identifiable': 1, 'branch': 6}
8
Q: [[1 0 1 1 0 1 1 0 1 1]
 [1 1 0 1 0 1 0 0 0 1]
 [1 1 1 1 1 0 1 0 0 1]
 [1 0 1 0 0 1 1 1 1 0]
 [1 1 1 1 1 1 1 1 1 1]
 [1 0 1 1 0 1 0 0 0 1]
 [1 0 1 0 1 1 1 1 1 1]
 [1 1 1 0 1 0 1 1 1 0]
 [1 0 1 1 0 1 1 1 1 0]
 [1 1 1 1 0 0 1 0 1 1]
 [0 0 0 0 1 1 0 0 1 1]
 [0 1 1 0 0 1 0 1 1 1]
 [1 1 0 1 1 1 1 1 1 1]
 [1 0 0 1 0 1 0 1 0 1]
 [1 1 1 0 1 1 0 1 0 0]
 [1 1 1 1 1 0 1 0 1 1]
 [1 1 0 1 1 1 1 1 1 1]
 [1 1 0 1 0 1 0 1 0 0]
 [1 1 0 1 0 1 1 1 1 0]
 [1 1 1 1 1 0 0 0 0 1]
 [1 1 0 1 1 1 1 1 1 1]
 [0 1 1 1 0 0 1 1 1 1]
 [0 0 1 1 1 1 0 0 1 1]
 [1 1 1 1 1 1 0 1 1 0]
 [1 1 1 0 1 1 1 1 1 1]
 [1 1 1 1 1 1 1 1 1 0]
 [0 1 1 1 1 1 1 0 0 1]
 [1 1 1 1 1 1 0 1 1 1]
 [1 1 0 1 1 1 1 0 0 1]
 [1 0 1 0 0 0 1 0 0 1]
 [1 1 1 0 1 1 0 0 1 1]
 [1 1 0 0 1 1 0 1 0 1]
 [0 0 1 0 0 1 1 0 1 1]
 [0 1 0 1 0 0 1 1 1 1]
 [1 1 1 1 1 1 1 1 1 1]
 [0 0 0 0 1 0 1 0 1 0]
 [1 1 0 0 1 0 1 1 1 0]
 [1 1 1 0 1 1 1 1 1 1]
 [1 0 1 0 1 0 1 0 1 0]
 [0 1 1 1 0 1 0 1 0 0]
 [0 1 0 1 1 1 1 0 1 1]
 [0 1 1 0 0 1 0 1 1 1]
 [0 1 0 1 0 0 1 1 0 1]
 [1 0 1 1 1 1 0 1 1 1]
 [0 1 1 1 1 1 1 1 1 0]
 [1 1 1 1 1 1 0 0 0 1]
 [0 0 0 0 1 0 0 1 1 1]
 [1 0 1 1 1 1 1 1 1 1]
 [1 0 1 1 1 1 0 0 0 0]
 [1 1 1 1 0 0 0 1 0 1]]
{'restarts': 8, 'conflicts': 1010, 'decisions': 2610, 'propagations': 512318}
Q is identifiable
branch at 6
runtime for solving id of Q is 0.1476077577099204
Simulation results:
{'J': 50, 'K': 10, 'N': 10, 'p': 0.7, 'seed': 881, 'sim': 8, 'runtime': 0.1476077577099204, 'identifiable': 1, 'branch': 6}
9
Q: [[1 1 0 0 1 1 1 1 0 1]
 [1 1 1 1 1 0 1 1 1 1]
 [1 1 0 0 1 1 1 1 1 0]
 [0 1 1 1 1 1 1 0 1 1]
 [1 1 1 1 0 1 0 1 1 0]
 [1 1 1 0 0 0 1 1 1 1]
 [1 0 1 0 0 1 1 1 1 1]
 [1 0 1 1 1 1 0 0 0 1]
 [1 1 0 1 0 0 1 0 0 1]
 [0 1 1 0 0 1 0 1 0 1]
 [1 1 1 0 1 0 1 1 0 1]
 [0 0 1 1 1 1 0 1 1 1]
 [0 1 1 0 1 0 1 1 1 0]
 [1 1 1 1 0 0 1 0 1 1]
 [1 1 1 0 1 0 0 1 1 1]
 [0 0 1 0 0 1 1 1 1 1]
 [1 0 0 1 1 1 1 1 1 1]
 [1 1 0 0 1 1 0 1 0 0]
 [0 1 1 1 1 0 1 0 1 0]
 [1 0 0 1 0 0 1 1 1 1]
 [1 1 1 0 0 0 1 1 1 0]
 [1 1 1 0 1 1 1 0 1 1]
 [0 0 1 1 1 1 1 0 1 1]
 [1 1 1 1 1 0 1 1 1 1]
 [0 1 1 1 1 1 1 1 0 1]
 [1 1 1 0 0 0 1 1 0 0]
 [1 0 0 1 1 1 1 1 0 1]
 [0 1 1 1 0 0 1 1 0 1]
 [1 0 1 0 0 1 1 1 1 1]
 [0 0 0 1 1 0 1 1 0 1]
 [1 1 1 1 1 1 1 1 1 0]
 [1 1 1 0 1 1 1 1 1 0]
 [1 1 1 1 1 1 0 1 1 1]
 [1 1 0 1 1 0 1 1 0 1]
 [1 0 1 1 1 1 0 1 0 0]
 [1 1 0 1 0 1 1 1 0 1]
 [1 1 0 1 0 1 1 1 0 0]
 [1 1 0 1 0 1 1 1 1 1]
 [0 0 1 0 1 1 1 1 0 1]
 [1 1 1 1 0 1 1 1 1 1]
 [0 1 1 0 1 1 1 1 1 1]
 [1 0 1 1 1 1 1 0 1 0]
 [1 1 1 1 1 0 1 1 1 1]
 [1 0 1 1 1 1 1 0 0 0]
 [1 0 1 1 1 1 1 1 1 1]
 [1 1 1 0 1 0 1 1 1 1]
 [1 1 0 1 1 1 1 1 1 1]
 [1 0 1 1 1 1 1 1 1 1]
 [1 1 1 1 0 1 1 1 1 1]
 [1 1 1 1 1 1 1 1 1 1]]
{'restarts': 124, 'conflicts': 47585, 'decisions': 70803, 'propagations': 20442082}
Q is identifiable
branch at 6
runtime for solving id of Q is 4.097396787256002
Simulation results:
{'J': 50, 'K': 10, 'N': 10, 'p': 0.7, 'seed': 881, 'sim': 9, 'runtime': 4.097396787256002, 'identifiable': 1, 'branch': 6}
Simulation results:
[{'J': 50, 'K': 10, 'N': 10, 'p': 0.7, 'seed': 881, 'sim': 0, 'runtime': 0.16935720993205905, 'identifiable': 1, 'branch': 6}, {'J': 50, 'K': 10, 'N': 10, 'p': 0.7, 'seed': 881, 'sim': 1, 'runtime': 4.435740038752556, 'identifiable': 1, 'branch': 6}, {'J': 50, 'K': 10, 'N': 10, 'p': 0.7, 'seed': 881, 'sim': 2, 'runtime': 0.3979836730286479, 'identifiable': 1, 'branch': 6}, {'J': 50, 'K': 10, 'N': 10, 'p': 0.7, 'seed': 881, 'sim': 3, 'runtime': 2.649866418913007, 'identifiable': 1, 'branch': 6}, {'J': 50, 'K': 10, 'N': 10, 'p': 0.7, 'seed': 881, 'sim': 4, 'runtime': 0.701993603259325, 'identifiable': 1, 'branch': 6}, {'J': 50, 'K': 10, 'N': 10, 'p': 0.7, 'seed': 881, 'sim': 5, 'runtime': 0.8055180343799293, 'identifiable': 1, 'branch': 6}, {'J': 50, 'K': 10, 'N': 10, 'p': 0.7, 'seed': 881, 'sim': 6, 'runtime': 0.20376395527273417, 'identifiable': 1, 'branch': 6}, {'J': 50, 'K': 10, 'N': 10, 'p': 0.7, 'seed': 881, 'sim': 7, 'runtime': 1.4483277960680425, 'identifiable': 1, 'branch': 6}, {'J': 50, 'K': 10, 'N': 10, 'p': 0.7, 'seed': 881, 'sim': 8, 'runtime': 0.1476077577099204, 'identifiable': 1, 'branch': 6}, {'J': 50, 'K': 10, 'N': 10, 'p': 0.7, 'seed': 881, 'sim': 9, 'runtime': 4.097396787256002, 'identifiable': 1, 'branch': 6}]
