
The Gurobi software has a limited number of licenses. To request a license or
licenses, add this line

    #SBATCH --licenses=gurobi@slurmdb:1

to your SBATCH script, replacing N with the number of licenses you need. Gurobi
will need one license per process.


0
Q: [[1 1 1 1 1 1 1 1 1 1]
 [1 1 0 1 0 1 1 1 0 1]
 [0 0 1 0 1 0 1 0 1 0]
 [0 1 1 1 1 1 1 1 1 1]
 [1 1 1 1 1 1 0 1 0 1]
 [1 0 1 1 1 1 0 1 0 0]
 [0 1 0 0 1 0 0 1 0 1]
 [1 1 1 1 0 1 1 1 0 0]
 [1 0 0 1 1 1 1 1 1 1]
 [0 1 1 1 1 1 0 1 1 1]
 [1 1 1 1 1 0 1 1 1 0]
 [1 1 1 1 1 0 1 0 1 1]
 [1 0 0 0 1 1 1 0 1 0]
 [1 1 1 1 0 1 1 1 1 1]
 [0 1 1 0 1 1 0 1 0 1]
 [1 0 1 1 1 1 1 1 1 1]
 [1 1 1 1 1 1 1 1 1 1]
 [1 1 1 1 1 0 0 1 1 1]
 [1 1 1 1 1 1 0 1 1 1]
 [1 1 1 1 1 0 1 0 1 1]
 [1 1 1 1 1 1 1 1 1 1]
 [1 0 1 1 1 1 1 0 1 1]
 [0 1 0 1 0 0 1 1 0 1]
 [1 0 1 0 0 0 1 1 0 0]
 [1 1 1 1 0 1 1 1 0 1]
 [1 1 0 1 1 1 1 1 1 0]
 [1 0 1 0 1 0 0 1 0 0]
 [1 1 1 0 1 1 1 0 1 1]
 [1 1 0 0 1 0 1 1 0 0]
 [1 1 1 1 1 0 0 0 1 1]
 [0 0 0 1 1 1 1 1 0 1]
 [0 0 0 1 1 0 0 1 1 1]
 [1 1 1 0 1 0 1 0 1 1]
 [1 0 1 1 0 1 1 1 1 1]
 [1 0 1 1 1 1 1 1 0 1]
 [1 1 1 0 1 1 1 1 1 1]
 [1 0 1 1 1 1 1 0 1 1]
 [0 0 1 0 1 0 1 1 0 1]
 [1 1 0 0 0 1 1 1 1 0]
 [0 0 0 0 1 0 0 1 1 0]
 [1 1 0 1 0 1 1 0 1 1]
 [1 1 1 0 1 1 1 0 1 1]
 [0 1 0 1 1 0 0 1 1 1]
 [0 1 0 1 1 0 1 1 1 1]
 [1 0 0 1 0 1 0 1 1 1]
 [1 1 0 0 1 1 1 0 0 0]
 [0 1 1 1 1 1 0 1 1 1]
 [1 0 1 1 0 1 1 1 0 1]
 [1 1 1 0 0 0 1 1 0 1]
 [1 1 0 1 1 0 0 1 1 1]
 [1 1 1 0 1 0 1 1 1 1]
 [1 1 1 0 0 1 0 1 0 1]
 [1 1 0 0 1 0 1 0 1 0]
 [1 1 1 1 1 1 1 0 1 1]
 [0 1 1 0 0 1 0 0 1 1]
 [0 0 0 0 1 1 1 0 0 1]
 [1 1 1 1 1 1 1 1 1 0]
 [1 0 1 1 0 1 1 1 1 0]
 [1 1 1 1 1 1 0 1 1 1]
 [1 0 0 1 1 0 1 1 0 0]
 [0 0 0 1 0 1 1 1 1 1]
 [1 0 1 1 0 0 1 0 1 0]
 [1 1 0 1 0 1 1 0 1 0]
 [1 1 1 0 1 1 0 0 0 0]
 [1 0 1 0 1 1 0 0 1 1]
 [1 1 1 1 1 1 1 1 0 0]
 [0 1 0 1 1 0 0 1 0 1]
 [0 1 1 1 1 1 1 0 1 1]
 [1 1 0 1 1 1 1 1 1 1]
 [1 1 1 0 1 1 0 1 0 1]
 [1 0 1 1 1 1 0 1 1 1]
 [1 1 0 0 0 1 1 0 0 1]
 [1 0 0 0 0 1 1 1 0 0]
 [1 1 1 1 0 0 1 1 1 0]
 [0 0 1 1 0 0 1 1 0 1]
 [1 1 1 1 0 1 0 1 0 1]
 [1 0 1 1 1 0 0 1 1 0]
 [1 0 1 1 1 1 1 0 0 1]
 [1 1 1 1 1 1 1 1 1 1]
 [1 1 1 0 0 0 0 1 0 1]
 [0 1 1 1 1 1 1 0 1 1]
 [1 1 1 1 0 1 1 1 1 0]
 [1 1 1 0 0 1 1 1 0 0]
 [1 1 1 1 1 1 1 0 1 0]
 [1 0 1 0 1 1 1 1 1 1]
 [1 1 0 1 1 1 1 1 1 0]
 [0 0 1 0 1 1 1 1 1 0]
 [1 0 1 1 1 1 1 1 0 1]
 [0 1 1 1 1 1 0 1 0 1]
 [1 0 1 1 1 1 1 1 0 0]
 [1 1 0 1 0 1 1 1 1 0]
 [0 0 1 1 0 1 0 1 0 0]
 [0 1 1 0 1 0 0 1 1 1]
 [1 1 1 0 1 1 0 1 1 1]
 [1 1 1 0 1 1 0 0 1 1]
 [1 1 1 1 1 0 1 1 1 1]
 [1 1 1 1 1 1 0 1 0 1]
 [1 1 1 1 0 1 1 1 1 0]
 [1 1 1 0 1 1 1 0 0 1]
 [1 0 1 1 1 1 1 1 1 1]]
{'restarts': 7, 'conflicts': 3186, 'decisions': 6074, 'propagations': 2833604}
Q is identifiable
branch at 6
runtime for solving id of Q is 0.566884801723063
Simulation results:
{'J': 100, 'K': 10, 'N': 10, 'p': 0.7, 'seed': 63, 'sim': 0, 'runtime': 0.566884801723063, 'identifiable': 1, 'branch': 6}
1
Q: [[1 0 1 0 1 1 1 0 1 1]
 [1 1 1 0 1 0 1 1 0 1]
 [1 1 1 1 1 0 1 0 1 1]
 [1 1 0 1 1 1 0 0 1 1]
 [1 1 1 0 1 1 1 1 1 1]
 [1 1 1 0 1 0 1 0 0 1]
 [1 1 1 1 1 1 0 1 1 1]
 [0 1 0 1 0 1 1 0 0 1]
 [0 1 1 0 1 1 1 0 1 0]
 [1 1 0 0 1 1 1 1 1 0]
 [1 1 1 1 1 0 1 0 1 1]
 [1 1 1 1 1 1 1 1 1 1]
 [1 1 0 1 1 0 1 1 0 1]
 [0 1 0 0 1 1 1 0 1 0]
 [1 0 0 1 0 1 0 1 1 0]
 [0 0 1 1 0 1 1 1 1 1]
 [1 0 1 1 1 1 0 1 0 1]
 [1 0 1 1 0 1 0 0 1 0]
 [1 1 0 1 1 1 0 1 0 1]
 [1 1 1 1 1 1 0 1 1 1]
 [1 1 0 1 1 1 1 1 0 1]
 [0 1 0 1 1 1 0 0 1 1]
 [0 1 1 1 0 1 0 1 1 1]
 [0 1 1 1 1 1 0 0 1 1]
 [1 0 1 0 1 1 0 1 0 0]
 [1 1 1 0 1 1 1 0 1 1]
 [0 1 1 0 1 1 1 1 0 1]
 [0 0 0 0 1 1 0 1 1 1]
 [1 1 1 1 1 1 1 1 1 1]
 [1 0 0 1 1 1 1 1 0 0]
 [1 1 1 1 0 1 1 1 1 0]
 [0 1 1 1 0 0 1 1 1 0]
 [0 1 0 0 1 1 1 1 1 1]
 [0 1 1 1 1 0 1 1 0 1]
 [0 1 1 0 1 1 1 1 1 1]
 [0 1 1 1 1 1 1 1 1 1]
 [0 0 0 0 1 1 1 1 0 1]
 [1 1 0 1 0 0 0 1 0 1]
 [1 1 1 1 0 0 1 1 1 0]
 [1 1 0 0 1 0 1 0 1 0]
 [0 1 1 1 1 0 1 1 1 1]
 [1 1 0 0 1 1 1 0 1 1]
 [1 1 0 1 0 0 0 0 1 0]
 [1 1 1 1 1 1 0 0 0 0]
 [0 1 1 1 1 1 1 0 1 1]
 [0 1 0 1 1 1 1 0 1 1]
 [1 1 1 1 0 1 0 1 0 0]
 [1 0 1 1 0 1 1 1 0 1]
 [1 0 0 1 0 1 1 1 1 1]
 [0 1 1 1 1 1 1 1 1 0]
 [0 0 0 1 0 1 1 0 0 0]
 [1 1 1 1 1 1 1 1 1 1]
 [1 1 1 1 1 0 0 0 1 1]
 [1 1 1 1 1 0 0 0 1 1]
 [0 1 1 0 1 1 1 1 1 0]
 [0 1 1 1 1 0 1 1 1 1]
 [1 0 1 1 1 1 1 0 0 0]
 [1 0 1 0 1 0 1 0 1 1]
 [1 0 1 1 1 1 1 0 0 0]
 [1 1 1 0 1 1 1 1 1 1]
 [1 1 1 1 0 1 1 0 1 1]
 [0 1 1 1 0 0 0 0 1 0]
 [1 1 1 1 1 1 1 1 1 1]
 [1 1 0 1 0 0 1 1 0 1]
 [1 1 1 1 0 1 1 1 1 1]
 [1 1 0 1 1 1 1 1 1 1]
 [1 1 0 1 1 1 1 1 1 1]
 [1 1 1 0 0 0 1 1 1 0]
 [1 0 0 1 1 0 0 1 1 1]
 [1 0 1 0 1 0 0 1 1 0]
 [0 0 1 1 1 1 0 1 1 1]
 [1 0 1 1 1 1 1 1 1 1]
 [1 1 0 1 0 0 0 1 1 0]
 [1 1 0 1 1 0 1 1 1 1]
 [0 0 0 1 1 1 1 1 1 1]
 [1 1 1 0 1 1 1 1 1 1]
 [0 1 0 1 0 0 0 1 1 1]
 [0 1 1 1 0 1 1 0 1 1]
 [0 1 0 1 1 1 1 0 1 1]
 [0 1 1 1 1 1 1 1 1 1]
 [1 1 0 1 1 1 0 1 1 1]
 [0 0 1 1 0 1 1 1 1 1]
 [1 1 1 1 1 0 0 1 0 1]
 [1 0 1 1 1 1 0 0 0 0]
 [0 1 1 1 1 1 1 1 1 1]
 [1 0 1 0 1 1 1 1 0 1]
 [0 0 1 0 0 0 0 0 1 1]
 [1 0 1 0 0 1 1 1 1 1]
 [0 1 1 1 1 1 0 0 1 1]
 [0 1 1 1 1 1 0 1 0 0]
 [1 1 1 1 0 1 1 1 1 0]
 [0 1 1 1 0 1 1 1 1 0]
 [0 1 1 1 0 1 1 1 0 1]
 [1 0 1 1 0 0 1 1 1 1]
 [0 1 1 1 1 1 1 1 1 1]
 [1 0 0 1 1 1 1 0 0 0]
 [1 0 1 1 0 1 1 1 0 1]
 [0 1 0 1 0 0 1 1 0 1]
 [1 1 1 1 1 1 1 1 0 1]
 [1 1 1 1 0 1 1 0 1 1]]
{'restarts': 10, 'conflicts': 4147, 'decisions': 7792, 'propagations': 4296488}
Q is identifiable
branch at 6
runtime for solving id of Q is 0.8092116713523865
Simulation results:
{'J': 100, 'K': 10, 'N': 10, 'p': 0.7, 'seed': 63, 'sim': 1, 'runtime': 0.8092116713523865, 'identifiable': 1, 'branch': 6}
2
Q: [[1 1 1 0 1 1 0 1 1 1]
 [0 1 1 1 1 1 1 1 1 1]
 [1 1 1 1 1 1 0 1 1 1]
 [1 0 1 0 1 1 0 1 1 1]
 [1 1 0 1 1 0 0 1 1 1]
 [1 0 1 0 0 0 1 1 1 1]
 [1 1 0 0 1 0 1 1 1 1]
 [1 1 1 1 1 1 0 1 1 1]
 [1 1 1 0 1 1 1 0 0 1]
 [1 1 1 1 0 1 1 0 0 1]
 [1 0 1 1 0 1 1 1 1 0]
 [1 1 0 0 1 1 1 0 0 1]
 [0 0 0 0 1 1 1 1 0 1]
 [1 1 0 1 1 0 1 1 1 1]
 [1 1 0 1 1 1 1 1 1 1]
 [0 0 1 1 0 1 1 1 1 0]
 [0 0 0 1 1 1 0 1 1 1]
 [1 0 1 1 0 1 1 0 0 0]
 [1 1 1 0 1 1 1 0 1 1]
 [1 0 1 1 1 1 1 1 1 1]
 [1 1 0 1 0 1 1 0 0 0]
 [1 1 1 1 1 1 0 0 1 1]
 [1 1 0 1 1 0 1 1 0 0]
 [1 0 0 0 1 0 1 1 0 1]
 [1 1 0 1 0 1 1 1 1 1]
 [1 1 0 1 0 1 1 0 1 1]
 [1 1 1 1 0 1 1 0 1 1]
 [1 0 1 1 1 1 0 1 1 0]
 [1 0 0 1 1 0 1 1 0 0]
 [0 1 0 1 1 0 1 1 0 0]
 [0 0 1 0 0 0 0 1 1 1]
 [1 1 0 1 1 0 1 1 1 1]
 [1 1 1 1 1 0 1 1 0 1]
 [1 1 0 1 1 1 1 1 0 1]
 [1 1 0 0 1 1 1 1 0 1]
 [1 1 1 1 0 1 1 1 1 1]
 [0 1 0 1 1 1 0 1 0 1]
 [1 0 0 1 0 1 1 0 0 1]
 [1 0 0 1 1 1 0 1 1 1]
 [0 1 0 1 1 1 1 1 1 1]
 [0 0 1 0 1 0 1 1 1 0]
 [1 0 0 0 1 1 1 1 1 1]
 [1 0 1 0 0 0 0 0 1 1]
 [0 0 1 1 1 1 0 0 0 1]
 [1 1 1 1 1 1 0 1 1 1]
 [1 1 1 0 0 0 1 0 1 1]
 [0 1 1 0 0 1 0 1 0 1]
 [1 1 1 1 1 0 1 1 0 0]
 [1 1 0 0 0 0 0 1 1 1]
 [1 0 1 1 0 1 1 1 1 1]
 [0 0 1 1 1 0 1 1 0 1]
 [1 1 1 0 0 0 1 1 1 1]
 [0 0 1 1 1 1 0 1 0 1]
 [1 1 0 1 0 1 1 1 1 0]
 [1 0 1 0 0 1 1 1 1 1]
 [1 0 0 0 1 1 0 0 0 1]
 [1 1 0 1 0 1 0 1 1 1]
 [0 1 0 1 1 0 0 1 1 1]
 [0 0 0 0 1 0 1 1 1 1]
 [0 1 1 1 1 1 0 1 0 1]
 [0 1 0 1 1 1 1 1 1 1]
 [1 0 1 1 1 1 1 1 1 0]
 [1 1 0 1 1 1 1 1 0 1]
 [1 1 1 1 1 1 0 1 1 1]
 [0 1 1 0 0 1 1 1 0 0]
 [1 1 1 1 1 1 1 0 1 1]
 [1 1 1 1 1 0 1 1 0 0]
 [1 0 1 0 1 1 1 1 1 1]
 [1 1 1 0 1 0 1 0 0 1]
 [1 0 1 1 1 1 1 1 0 1]
 [0 1 1 0 1 0 1 1 1 1]
 [0 1 1 1 1 1 1 1 0 1]
 [0 0 0 0 0 1 0 0 0 1]
 [1 0 1 1 0 1 1 1 1 1]
 [1 0 1 0 1 1 1 1 1 1]
 [0 0 0 0 1 1 1 0 1 0]
 [1 0 1 1 1 1 1 0 1 1]
 [1 1 1 1 1 0 1 1 1 1]
 [1 1 1 1 1 1 1 0 1 1]
 [1 1 1 1 1 0 1 1 0 1]
 [1 1 1 1 1 1 1 1 1 1]
 [1 0 1 1 0 1 1 1 1 0]
 [1 1 1 1 1 1 1 1 1 1]
 [1 0 1 1 1 1 1 0 1 0]
 [1 1 0 1 1 1 0 1 1 1]
 [1 1 1 0 1 1 1 1 1 1]
 [0 1 1 1 1 1 1 0 1 1]
 [0 1 1 1 1 1 1 1 1 1]
 [1 1 1 1 1 1 1 1 1 0]
 [0 0 0 1 0 1 1 1 0 1]
 [1 1 1 1 0 0 1 0 1 0]
 [1 1 1 1 0 1 1 1 1 1]
 [1 1 0 0 1 1 0 1 1 1]
 [1 1 1 1 1 1 1 0 1 0]
 [1 1 1 1 0 1 0 0 1 1]
 [1 0 1 0 1 0 1 1 1 1]
 [0 0 0 0 1 1 1 0 1 1]
 [1 0 1 0 1 1 1 1 0 1]
 [1 0 0 0 0 1 1 1 1 1]
 [1 1 1 1 0 1 1 1 0 1]]
{'restarts': 6, 'conflicts': 1387, 'decisions': 3005, 'propagations': 1103605}
Q is identifiable
branch at 6
runtime for solving id of Q is 0.28853275906294584
Simulation results:
{'J': 100, 'K': 10, 'N': 10, 'p': 0.7, 'seed': 63, 'sim': 2, 'runtime': 0.28853275906294584, 'identifiable': 1, 'branch': 6}
3
Q: [[1 0 0 1 1 1 1 1 1 1]
 [0 0 1 1 1 0 1 1 1 1]
 [1 1 1 1 1 1 1 1 1 0]
 [1 1 0 0 1 0 1 1 1 0]
 [0 1 0 0 1 1 1 1 1 1]
 [1 1 1 1 0 1 1 0 1 0]
 [1 1 1 0 1 1 1 0 1 1]
 [1 0 1 1 1 1 1 0 1 1]
 [1 0 0 1 1 1 1 0 1 1]
 [1 0 1 1 0 0 1 1 0 1]
 [0 1 0 1 1 1 1 1 1 1]
 [1 1 0 0 1 0 1 1 1 1]
 [0 0 1 1 0 1 1 0 0 1]
 [1 1 1 1 1 0 1 1 0 1]
 [0 0 1 1 1 1 1 0 0 0]
 [1 1 1 1 1 0 1 1 1 1]
 [0 0 1 0 1 1 1 1 0 1]
 [1 1 0 1 1 0 1 1 1 1]
 [1 0 0 1 0 0 1 1 0 1]
 [1 1 1 1 1 1 1 1 0 1]
 [1 0 1 1 1 0 0 1 1 1]
 [1 1 1 1 0 0 0 1 1 1]
 [1 1 1 1 1 1 1 1 1 1]
 [1 1 1 1 1 0 0 1 1 0]
 [1 1 1 1 0 0 0 0 1 0]
 [1 1 1 1 1 0 1 1 1 1]
 [1 1 0 1 1 0 1 1 1 1]
 [0 1 0 1 0 1 0 1 0 1]
 [1 1 1 0 1 1 1 1 1 0]
 [0 1 0 1 1 0 1 0 1 1]
 [1 1 0 1 1 1 1 1 0 1]
 [1 0 1 0 1 0 1 1 1 1]
 [0 0 0 0 1 0 1 1 1 1]
 [1 0 1 0 1 0 1 0 1 1]
 [0 1 1 1 0 0 1 0 0 0]
 [1 1 1 1 0 1 1 1 1 0]
 [1 0 1 1 0 1 0 0 0 0]
 [0 1 1 1 1 1 1 0 0 1]
 [1 1 1 1 1 1 0 0 0 0]
 [0 0 1 1 1 1 0 0 1 1]
 [1 0 1 1 1 1 0 1 1 0]
 [1 1 1 1 1 1 1 1 1 1]
 [0 1 0 1 1 1 1 1 1 1]
 [1 1 0 0 0 0 0 1 0 1]
 [1 1 1 1 1 0 0 1 1 1]
 [0 1 1 1 1 1 0 0 1 1]
 [1 1 1 0 1 1 0 1 1 0]
 [1 0 1 1 1 1 1 1 0 1]
 [1 0 1 0 1 1 1 1 1 1]
 [0 1 1 1 1 1 1 1 1 0]
 [1 0 1 0 0 0 1 1 0 0]
 [1 1 1 1 1 0 1 1 1 1]
 [1 1 1 1 1 0 1 1 1 0]
 [1 0 1 0 0 1 1 1 0 1]
 [1 1 1 1 0 0 1 0 1 1]
 [1 1 0 0 1 0 0 0 0 1]
 [1 1 1 1 0 1 1 0 1 0]
 [0 1 1 1 0 1 1 1 1 1]
 [0 1 1 1 0 1 1 1 1 1]
 [1 1 1 1 0 1 1 0 1 1]
 [1 1 1 1 1 1 0 1 0 1]
 [1 1 0 0 0 1 1 1 1 1]
 [1 1 1 1 1 1 0 1 1 1]
 [0 0 1 1 1 1 0 1 1 1]
 [1 1 1 1 1 1 1 0 0 0]
 [1 1 1 1 1 0 1 0 1 1]
 [1 0 0 1 1 0 1 0 0 1]
 [1 1 1 1 1 1 1 1 0 0]
 [0 1 1 1 1 0 1 1 0 0]
 [1 0 1 1 0 0 1 0 1 1]
 [1 0 0 1 1 1 1 0 0 0]
 [0 1 1 1 1 1 0 1 1 0]
 [0 1 1 0 0 1 0 0 1 1]
 [1 1 1 1 0 0 0 1 1 1]
 [0 0 1 1 1 1 1 0 1 1]
 [1 0 0 1 1 1 1 1 1 0]
 [1 1 1 1 1 1 1 1 1 0]
 [1 1 0 1 0 0 1 0 1 1]
 [1 1 1 1 1 1 0 1 1 1]
 [0 1 1 1 1 0 0 0 1 1]
 [0 1 0 1 1 1 1 0 1 0]
 [1 1 1 1 1 1 1 1 1 1]
 [0 1 1 1 1 1 1 1 1 0]
 [0 1 0 1 1 1 1 1 0 0]
 [0 1 1 0 1 1 1 0 1 1]
 [1 0 1 0 0 1 0 0 1 0]
 [1 0 1 1 0 1 1 1 1 0]
 [1 1 1 1 0 0 1 0 1 1]
 [0 0 1 1 0 1 1 0 1 1]
 [0 1 1 0 1 1 1 1 1 1]
 [1 1 0 1 0 1 1 1 1 0]
 [1 0 1 1 1 1 0 1 1 1]
 [1 1 1 0 0 0 1 1 1 1]
 [1 1 1 0 0 0 1 1 1 1]
 [1 1 0 0 0 1 1 0 1 1]
 [0 1 1 0 1 1 0 1 1 1]
 [1 1 0 1 1 0 1 1 0 0]
 [0 1 1 0 1 1 1 1 0 1]
 [0 1 0 1 1 0 0 1 1 0]
 [1 1 1 1 0 0 1 1 1 0]]
{'restarts': 56, 'conflicts': 20894, 'decisions': 37021, 'propagations': 21697231}
Q is identifiable
branch at 6
runtime for solving id of Q is 2.939051454886794
Simulation results:
{'J': 100, 'K': 10, 'N': 10, 'p': 0.7, 'seed': 63, 'sim': 3, 'runtime': 2.939051454886794, 'identifiable': 1, 'branch': 6}
4
Q: [[1 1 0 1 1 0 1 1 1 1]
 [1 1 1 0 1 1 0 1 1 0]
 [0 1 1 1 1 1 1 1 1 0]
 [1 1 1 1 1 1 1 1 1 1]
 [1 1 0 0 1 1 0 1 1 1]
 [1 1 1 1 0 1 1 1 0 1]
 [0 0 1 1 0 1 0 0 1 1]
 [1 0 1 1 1 1 1 0 1 1]
 [0 1 1 1 1 0 0 0 1 1]
 [1 1 0 1 1 1 1 1 1 1]
 [1 1 1 0 1 1 1 1 1 0]
 [0 1 1 0 1 0 0 1 1 0]
 [1 1 1 1 0 1 0 0 1 0]
 [1 0 1 1 1 1 1 1 1 1]
 [0 1 1 0 0 1 1 1 1 1]
 [0 0 1 1 1 1 1 1 1 1]
 [1 1 1 1 1 0 1 1 0 0]
 [1 1 1 0 1 1 1 1 0 1]
 [0 1 1 0 1 0 1 1 1 1]
 [0 0 1 0 1 1 1 0 0 1]
 [1 0 0 0 1 1 1 1 1 0]
 [1 1 0 1 1 0 1 1 1 1]
 [1 1 1 1 1 1 1 1 0 0]
 [0 0 1 0 0 1 1 0 1 1]
 [0 0 0 0 0 1 0 1 1 0]
 [1 0 0 1 1 1 1 1 1 1]
 [1 1 1 1 0 1 0 1 1 1]
 [1 1 1 1 1 1 1 0 1 0]
 [0 1 1 1 1 1 1 1 0 1]
 [1 1 1 1 1 0 0 1 1 1]
 [1 0 1 1 0 1 1 1 1 0]
 [1 1 1 1 1 1 1 1 1 1]
 [0 1 1 1 1 1 0 1 1 1]
 [1 1 1 1 1 1 1 1 1 1]
 [1 1 1 0 1 1 1 1 0 0]
 [1 1 1 1 1 0 1 1 1 0]
 [0 1 1 0 1 0 1 1 0 1]
 [1 0 0 0 1 1 0 1 0 0]
 [0 0 0 1 0 1 1 1 0 1]
 [0 0 1 0 1 0 0 1 0 1]
 [0 1 1 1 1 0 1 0 0 0]
 [1 0 0 1 1 1 1 0 0 1]
 [0 0 1 1 0 1 1 0 1 1]
 [1 1 1 1 1 1 1 1 1 1]
 [0 1 0 0 1 1 1 1 1 1]
 [1 0 1 0 1 1 1 1 1 1]
 [1 1 1 1 0 0 0 1 1 1]
 [1 1 1 1 0 1 1 0 1 0]
 [1 0 0 1 1 1 1 0 0 0]
 [0 1 0 1 1 0 1 1 1 1]
 [1 1 1 1 1 0 1 0 1 0]
 [1 1 1 1 1 1 1 1 1 1]
 [1 1 1 1 1 1 1 0 0 1]
 [1 0 1 0 1 1 1 1 1 1]
 [1 1 1 1 1 1 0 0 1 0]
 [1 1 1 1 1 1 1 1 0 0]
 [1 1 1 1 0 1 0 1 1 1]
 [0 0 1 0 1 1 1 1 1 0]
 [1 1 0 1 1 1 1 1 1 1]
 [1 1 1 0 1 0 1 1 1 1]
 [0 1 1 0 1 0 1 1 1 1]
 [0 0 1 0 1 1 1 1 1 1]
 [0 1 1 0 0 1 1 1 0 1]
 [1 1 1 1 1 1 1 1 1 1]
 [1 1 1 1 1 1 0 1 1 1]
 [1 1 1 1 0 1 1 1 0 0]
 [0 1 0 1 1 1 1 1 1 1]
 [0 1 1 1 1 1 1 1 1 1]
 [1 1 1 1 1 0 0 1 1 1]
 [0 1 0 1 1 1 0 1 0 1]
 [1 1 1 0 1 0 1 1 0 1]
 [1 1 0 1 0 0 1 0 1 0]
 [0 1 0 1 1 0 0 1 0 0]
 [1 1 1 1 1 1 1 0 1 1]
 [1 1 1 0 1 1 1 0 1 1]
 [1 0 0 0 1 1 1 1 1 1]
 [0 1 0 1 0 1 0 0 1 1]
 [1 1 0 1 0 1 1 1 1 0]
 [1 0 1 0 0 1 1 1 0 0]
 [0 1 1 1 1 1 0 1 1 0]
 [1 1 0 1 0 0 1 1 1 0]
 [1 1 1 0 1 1 1 1 0 1]
 [0 1 1 1 1 1 1 1 1 0]
 [1 1 1 0 0 0 0 1 0 1]
 [0 1 1 1 1 1 0 0 1 0]
 [1 0 0 1 1 1 1 0 0 0]
 [1 1 0 1 0 1 1 0 1 1]
 [1 1 0 1 1 1 1 1 1 1]
 [0 0 1 0 1 1 1 0 1 1]
 [1 1 1 0 1 1 1 1 1 0]
 [1 1 0 0 1 1 1 1 0 0]
 [0 0 0 0 1 1 0 0 1 0]
 [1 1 1 0 1 1 1 1 0 0]
 [1 0 1 0 0 1 1 1 1 0]
 [1 0 1 1 1 0 1 1 1 1]
 [0 0 1 1 1 0 1 0 0 1]
 [0 0 1 1 1 1 1 0 1 1]
 [0 1 1 1 0 1 1 0 1 1]
 [1 0 1 1 1 1 1 1 1 1]
 [0 1 1 1 1 0 0 1 1 1]]
{'restarts': 1, 'conflicts': 739, 'decisions': 1863, 'propagations': 568274}
Q is identifiable
branch at 6
runtime for solving id of Q is 0.2375576887279749
Simulation results:
{'J': 100, 'K': 10, 'N': 10, 'p': 0.7, 'seed': 63, 'sim': 4, 'runtime': 0.2375576887279749, 'identifiable': 1, 'branch': 6}
5
Q: [[0 1 0 1 0 0 1 1 1 1]
 [0 1 1 0 1 0 0 1 1 1]
 [1 1 1 0 0 0 1 1 0 1]
 [1 0 1 0 0 0 1 0 1 1]
 [0 0 1 1 1 0 1 1 1 0]
 [1 0 1 0 0 0 1 1 0 1]
 [1 0 1 1 1 1 0 1 1 1]
 [0 1 0 1 0 1 0 1 1 1]
 [0 1 1 1 0 1 1 0 1 1]
 [0 1 0 1 1 1 0 1 1 0]
 [0 1 1 0 1 1 1 1 0 1]
 [1 1 0 0 1 1 1 1 1 1]
 [1 0 1 1 1 0 1 1 0 0]
 [0 1 0 1 0 1 1 1 1 1]
 [0 1 0 0 1 1 0 1 1 1]
 [0 1 1 1 1 1 0 0 1 1]
 [0 1 1 1 1 1 1 0 0 0]
 [1 1 1 1 1 0 1 1 1 0]
 [1 1 1 1 1 1 1 1 1 1]
 [1 0 1 1 1 0 1 1 1 1]
 [1 1 1 1 0 1 1 0 1 1]
 [1 0 1 1 0 0 1 1 0 1]
 [1 0 0 1 1 1 1 0 0 1]
 [0 1 0 0 1 1 0 0 1 1]
 [1 1 1 1 0 1 1 0 0 0]
 [1 1 1 1 0 1 1 1 1 1]
 [1 1 1 0 0 1 0 1 1 0]
 [1 1 1 1 0 1 1 0 0 1]
 [1 1 1 1 0 1 1 0 0 0]
 [0 1 1 1 0 0 1 0 1 1]
 [1 1 1 1 0 0 1 1 0 1]
 [1 0 1 0 0 1 1 1 1 0]
 [0 1 1 1 1 0 0 0 0 0]
 [0 1 0 1 1 1 1 1 1 0]
 [0 1 0 0 1 0 1 1 0 0]
 [0 1 1 1 1 1 0 1 1 0]
 [0 1 1 0 1 0 0 1 1 0]
 [1 1 1 1 1 1 0 0 1 1]
 [0 0 1 0 1 0 1 0 0 1]
 [1 1 0 1 1 0 0 1 0 0]
 [1 1 1 1 1 1 1 0 1 1]
 [0 0 1 1 1 0 1 0 1 1]
 [1 1 1 1 1 0 0 0 1 1]
 [1 1 1 1 1 0 1 1 1 1]
 [0 0 0 0 1 0 1 1 1 1]
 [1 1 1 0 0 1 0 1 1 0]
 [1 1 1 1 1 1 1 1 1 1]
 [0 1 1 1 1 1 1 1 1 1]
 [1 0 1 1 1 1 0 0 1 1]
 [1 1 1 1 1 1 1 1 0 1]
 [0 1 0 1 1 0 0 1 1 1]
 [1 1 1 1 1 0 0 0 1 1]
 [1 1 0 1 1 1 1 1 0 0]
 [1 1 1 1 1 0 1 1 1 1]
 [1 1 1 1 0 1 1 1 0 1]
 [1 1 1 1 1 1 0 1 1 1]
 [1 1 0 1 1 1 0 1 0 0]
 [0 1 1 0 0 1 0 1 0 1]
 [1 1 0 1 1 0 1 1 1 1]
 [1 1 0 1 1 1 1 1 1 1]
 [0 1 1 1 1 1 0 1 1 1]
 [0 0 0 1 0 1 1 1 0 0]
 [1 1 1 1 1 1 1 0 1 0]
 [1 1 0 1 0 1 1 0 1 1]
 [1 1 0 1 0 1 0 0 1 1]
 [1 0 1 1 1 1 0 1 0 1]
 [1 0 1 1 1 0 1 1 1 1]
 [1 0 0 0 0 0 1 1 0 0]
 [1 1 1 1 0 1 0 1 1 0]
 [1 0 1 0 1 1 1 1 1 1]
 [1 1 0 1 1 1 0 1 1 1]
 [1 1 1 1 1 1 1 1 1 1]
 [0 1 1 0 1 0 0 1 0 1]
 [1 1 1 1 1 1 0 1 1 1]
 [1 1 1 1 1 0 1 0 0 0]
 [1 1 1 0 1 0 1 1 1 1]
 [0 1 1 1 1 0 1 0 1 1]
 [0 1 0 1 1 1 1 1 1 0]
 [1 1 1 1 1 0 1 1 0 1]
 [1 0 0 1 1 0 0 0 1 0]
 [1 1 0 1 0 1 1 1 1 0]
 [1 1 1 1 1 1 1 1 1 1]
 [1 1 0 0 1 0 1 1 1 1]
 [0 1 0 1 1 1 0 1 1 1]
 [1 1 1 1 1 1 0 1 0 1]
 [1 0 0 1 1 1 1 1 0 1]
 [1 0 0 0 0 1 1 0 1 0]
 [0 1 0 1 1 1 1 0 1 1]
 [1 1 0 0 1 1 0 1 1 1]
 [1 1 1 0 1 1 0 1 1 1]
 [1 0 1 0 0 1 1 1 0 1]
 [1 0 1 1 1 1 1 0 1 1]
 [1 1 1 1 1 1 0 1 1 1]
 [1 1 1 1 1 1 1 1 0 0]
 [1 1 1 1 1 0 0 1 1 1]
 [1 1 1 1 0 0 1 1 1 1]
 [1 1 0 0 0 0 1 0 1 0]
 [1 0 1 1 0 1 0 1 1 1]
 [0 1 1 1 1 1 0 0 1 1]
 [1 1 1 0 1 1 1 1 1 1]]
{'restarts': 11, 'conflicts': 3303, 'decisions': 7561, 'propagations': 3520453}
Q is identifiable
branch at 6
runtime for solving id of Q is 0.6610363274812698
Simulation results:
{'J': 100, 'K': 10, 'N': 10, 'p': 0.7, 'seed': 63, 'sim': 5, 'runtime': 0.6610363274812698, 'identifiable': 1, 'branch': 6}
6
Q: [[1 1 0 1 1 1 1 1 1 0]
 [1 1 1 0 1 1 1 0 0 0]
 [0 1 1 0 1 1 0 1 1 1]
 [1 0 0 0 1 1 1 1 1 1]
 [1 1 1 0 1 0 1 1 1 1]
 [1 1 1 1 0 0 1 1 1 0]
 [0 1 1 1 0 1 1 1 1 1]
 [0 1 1 1 1 0 1 1 1 0]
 [0 1 1 1 1 1 1 1 1 1]
 [1 1 1 1 1 1 0 0 1 1]
 [0 1 1 0 1 1 1 1 1 1]
 [1 0 1 1 1 1 1 1 1 1]
 [0 1 0 0 1 0 1 1 1 0]
 [0 1 1 1 0 0 0 1 1 1]
 [1 1 1 1 0 1 1 0 1 1]
 [1 1 0 1 1 0 1 0 1 1]
 [1 1 1 1 1 0 1 1 1 1]
 [1 0 1 1 1 1 1 1 1 1]
 [1 0 1 1 1 0 0 1 1 1]
 [1 0 1 0 0 1 0 1 1 0]
 [0 0 1 1 1 1 1 1 0 1]
 [1 1 1 1 1 1 0 1 1 1]
 [1 0 1 1 0 1 0 1 1 0]
 [1 1 1 1 0 1 0 1 0 0]
 [1 0 0 1 1 0 1 1 0 1]
 [0 0 0 0 1 0 0 1 1 1]
 [1 0 1 1 1 1 1 1 0 0]
 [0 1 1 0 1 0 1 1 1 0]
 [1 1 1 1 1 0 0 1 1 1]
 [1 1 0 1 0 1 0 1 1 1]
 [1 1 1 0 1 0 0 1 1 1]
 [1 1 1 1 1 1 1 0 0 1]
 [1 1 1 1 0 1 0 1 1 1]
 [1 0 1 1 1 1 1 1 0 1]
 [1 1 0 0 0 1 1 1 0 1]
 [0 1 1 1 1 1 1 0 1 1]
 [1 1 0 1 0 0 1 0 1 0]
 [1 0 1 1 1 1 1 1 1 1]
 [1 0 0 1 1 1 1 1 1 1]
 [0 0 0 1 1 0 1 0 0 1]
 [0 0 1 1 1 1 1 1 0 0]
 [1 1 1 1 1 0 1 0 1 1]
 [1 0 1 1 1 0 1 1 0 1]
 [1 1 1 1 1 1 0 1 1 0]
 [1 0 0 1 1 0 0 1 0 1]
 [1 0 1 1 1 0 0 1 1 1]
 [1 0 1 1 1 1 1 1 1 1]
 [1 1 1 1 0 1 1 1 1 1]
 [1 1 1 1 1 0 0 1 1 1]
 [1 0 1 1 1 1 1 1 0 1]
 [0 0 1 1 0 1 0 1 1 1]
 [1 1 0 1 1 1 1 1 1 1]
 [0 1 0 1 1 1 0 0 0 0]
 [0 1 0 0 0 0 1 1 1 1]
 [1 0 1 0 1 1 1 1 1 1]
 [1 0 1 1 0 1 0 1 1 0]
 [1 1 1 1 0 1 0 1 1 0]
 [1 1 1 1 0 1 1 0 1 1]
 [0 1 1 1 0 1 0 0 1 1]
 [1 1 1 0 1 1 1 1 1 1]
 [1 1 1 0 1 1 1 1 1 1]
 [1 1 1 1 1 1 1 0 1 1]
 [1 1 1 0 0 1 1 0 1 1]
 [1 1 0 1 0 1 1 0 1 0]
 [0 1 0 1 1 1 1 1 1 0]
 [0 0 1 1 1 1 1 1 0 1]
 [0 0 1 1 1 1 0 1 1 1]
 [1 1 1 0 1 1 1 1 1 1]
 [1 1 1 1 0 1 1 1 1 0]
 [0 1 1 1 1 0 1 0 1 1]
 [0 1 0 1 1 1 0 1 0 1]
 [1 1 0 1 1 1 1 0 1 0]
 [1 1 1 1 1 0 0 1 0 1]
 [0 1 1 1 1 1 1 0 0 1]
 [1 1 0 0 1 1 0 1 1 1]
 [0 1 0 1 1 1 1 1 1 1]
 [1 0 1 1 0 1 0 1 1 1]
 [1 0 0 0 1 1 1 1 1 0]
 [1 1 0 0 1 1 0 1 1 1]
 [1 1 1 1 0 1 1 1 1 1]
 [1 1 0 0 1 1 0 1 1 0]
 [1 1 0 1 0 1 1 1 1 0]
 [1 1 1 0 1 1 1 1 1 1]
 [0 0 1 1 0 0 1 1 1 1]
 [1 1 0 1 0 1 1 1 1 0]
 [1 0 1 1 1 1 1 0 0 1]
 [1 1 1 0 1 0 0 1 0 1]
 [1 1 1 1 0 1 1 1 0 1]
 [1 1 0 0 1 1 1 0 1 1]
 [0 1 0 1 1 1 0 1 0 1]
 [1 1 1 1 1 1 0 1 1 1]
 [1 1 0 1 0 1 0 1 0 1]
 [1 1 1 1 0 1 1 1 1 1]
 [1 0 1 0 1 0 1 1 1 1]
 [1 1 1 1 0 0 0 0 1 1]
 [1 1 1 1 1 1 1 1 1 1]
 [1 1 1 0 1 1 1 1 1 0]
 [1 0 1 1 1 0 1 0 0 1]
 [1 1 1 1 1 1 0 1 1 1]
 [0 1 1 1 0 0 0 1 1 1]]
{'restarts': 17, 'conflicts': 5126, 'decisions': 9929, 'propagations': 3667444}
Q is identifiable
branch at 6
runtime for solving id of Q is 0.57552788592875
Simulation results:
{'J': 100, 'K': 10, 'N': 10, 'p': 0.7, 'seed': 63, 'sim': 6, 'runtime': 0.57552788592875, 'identifiable': 1, 'branch': 6}
7
Q: [[1 0 1 1 1 1 0 1 1 0]
 [1 1 1 0 1 0 1 1 1 0]
 [1 1 1 1 1 0 1 1 1 1]
 [1 0 1 1 0 0 1 1 0 1]
 [1 1 1 1 0 1 0 1 1 1]
 [0 0 1 1 1 1 1 1 1 1]
 [0 0 0 0 1 0 0 1 0 0]
 [0 1 0 1 1 1 1 0 1 1]
 [1 1 1 0 1 0 0 1 1 0]
 [1 1 1 0 1 1 1 0 0 1]
 [1 1 0 1 1 1 1 1 0 0]
 [1 1 1 1 0 1 1 1 0 1]
 [0 1 1 1 0 1 1 1 1 1]
 [1 1 1 1 1 1 1 1 1 1]
 [1 0 1 0 1 1 1 0 1 1]
 [1 0 1 1 1 1 1 0 1 1]
 [1 1 1 0 0 1 0 0 1 1]
 [0 0 1 1 0 1 1 1 1 1]
 [1 1 0 1 1 1 1 0 1 1]
 [1 1 1 0 1 1 1 0 1 0]
 [1 1 1 1 1 1 1 1 1 1]
 [1 0 0 1 0 1 0 1 1 0]
 [1 1 1 0 1 1 1 1 1 1]
 [1 1 0 0 0 0 1 0 1 0]
 [0 1 0 1 1 1 1 1 1 1]
 [1 0 1 1 0 1 1 0 0 1]
 [1 0 1 0 0 1 1 0 1 1]
 [1 1 1 1 0 1 1 1 1 1]
 [1 0 1 0 0 1 1 0 0 0]
 [1 1 1 0 1 1 1 0 1 0]
 [0 1 1 1 0 1 0 0 1 1]
 [0 0 1 1 1 0 1 1 0 1]
 [1 1 1 1 1 1 1 1 1 1]
 [1 0 0 0 1 0 1 0 1 1]
 [0 0 1 1 1 0 0 1 0 1]
 [1 1 1 1 0 0 1 1 1 1]
 [1 1 0 1 1 1 1 1 1 1]
 [1 0 1 1 1 1 1 1 1 1]
 [0 1 0 0 1 1 1 1 0 1]
 [1 1 1 1 0 1 1 1 1 1]
 [1 1 0 1 1 1 1 1 0 1]
 [0 1 1 1 1 1 1 0 1 1]
 [1 1 0 1 1 1 1 1 1 1]
 [0 1 0 0 1 1 1 1 1 0]
 [0 1 1 1 1 1 1 1 1 1]
 [1 0 0 0 0 1 1 1 1 0]
 [0 1 1 1 1 0 1 0 1 1]
 [1 1 1 1 1 1 1 1 1 0]
 [0 0 1 1 1 1 1 0 1 1]
 [1 1 0 1 1 1 1 1 1 0]
 [1 1 1 1 0 1 1 1 1 1]
 [1 1 1 1 0 1 1 1 1 1]
 [0 1 1 0 1 0 1 0 1 1]
 [1 1 1 1 1 1 1 0 1 1]
 [0 1 1 1 1 1 0 0 1 0]
 [1 0 1 1 0 1 0 1 1 1]
 [1 1 1 0 1 1 1 1 0 1]
 [1 0 1 1 1 1 1 1 1 1]
 [1 1 0 1 1 0 1 1 1 0]
 [0 1 1 1 1 1 1 1 0 0]
 [0 0 1 1 1 1 1 1 1 1]
 [0 1 0 1 0 1 1 1 1 1]
 [0 1 1 1 0 1 1 1 1 1]
 [1 1 1 1 0 1 1 1 0 0]
 [0 1 1 1 0 1 1 1 1 1]
 [1 1 0 1 1 1 1 1 1 0]
 [0 1 0 0 1 0 0 1 1 1]
 [1 0 1 1 1 0 1 0 1 1]
 [1 0 1 1 1 1 1 0 0 1]
 [1 1 1 1 1 1 1 1 1 0]
 [0 1 0 1 0 0 1 1 0 1]
 [1 1 1 1 0 1 1 1 0 0]
 [0 1 1 1 0 0 1 1 1 1]
 [1 1 0 1 1 1 0 0 0 1]
 [1 1 1 1 0 1 1 0 1 1]
 [0 1 1 1 0 0 1 1 1 1]
 [1 1 1 1 1 1 0 1 1 1]
 [1 1 0 1 1 1 1 1 0 1]
 [1 1 1 1 0 1 1 1 1 0]
 [1 1 1 1 1 0 1 1 0 0]
 [1 0 1 1 0 1 1 1 1 0]
 [1 1 0 0 1 1 1 0 1 0]
 [1 1 1 1 1 1 1 0 1 1]
 [1 1 1 1 1 0 1 1 1 1]
 [1 1 0 1 0 1 0 0 1 1]
 [0 1 1 1 1 1 1 1 1 1]
 [1 1 1 1 0 1 1 0 1 1]
 [0 1 0 0 1 1 1 1 1 1]
 [1 0 1 1 1 1 0 1 0 0]
 [1 1 1 1 1 1 1 0 1 1]
 [1 1 1 0 1 0 1 1 1 1]
 [1 0 1 1 1 1 1 1 0 1]
 [0 1 1 0 1 1 1 1 0 1]
 [0 1 1 0 1 1 1 0 0 0]
 [1 0 0 1 1 1 0 1 1 0]
 [1 1 1 1 1 1 0 1 0 1]
 [1 1 1 0 0 0 0 1 1 1]
 [1 1 1 0 1 0 0 1 1 1]
 [1 0 0 1 0 1 1 0 1 0]
 [1 0 1 1 0 0 1 1 1 1]]
{'restarts': 48, 'conflicts': 17500, 'decisions': 27182, 'propagations': 14725159}
Q is identifiable
branch at 6
runtime for solving id of Q is 1.9347218899056315
Simulation results:
{'J': 100, 'K': 10, 'N': 10, 'p': 0.7, 'seed': 63, 'sim': 7, 'runtime': 1.9347218899056315, 'identifiable': 1, 'branch': 6}
8
Q: [[1 0 0 1 0 1 0 1 1 1]
 [1 1 0 1 0 1 1 1 0 1]
 [0 1 1 1 1 0 0 1 1 1]
 [0 1 1 1 1 0 1 1 1 1]
 [0 0 1 1 1 1 1 1 0 1]
 [0 0 1 1 1 0 1 1 1 1]
 [0 1 1 1 0 1 1 1 0 0]
 [1 1 0 1 1 1 0 0 0 1]
 [1 0 0 0 1 0 1 1 1 1]
 [0 0 1 0 1 1 1 1 0 0]
 [0 1 1 1 1 1 0 1 1 1]
 [0 1 1 1 1 1 1 1 1 1]
 [0 1 1 1 1 1 1 1 1 1]
 [0 1 1 1 0 1 1 1 1 1]
 [0 1 1 0 1 0 0 1 1 0]
 [0 0 0 1 1 0 1 1 1 0]
 [0 1 0 1 0 1 1 1 0 1]
 [1 1 1 0 0 1 1 0 0 1]
 [0 1 1 1 1 1 1 1 1 1]
 [1 1 0 1 1 1 1 1 1 1]
 [1 1 0 1 0 1 1 1 1 1]
 [1 1 1 1 1 1 1 0 0 1]
 [1 1 0 1 1 1 1 1 1 1]
 [0 1 1 1 1 1 0 0 1 1]
 [0 0 1 1 1 1 0 1 0 0]
 [1 1 0 0 1 0 0 1 0 1]
 [1 1 1 1 1 1 0 1 0 0]
 [0 1 1 1 0 0 1 1 0 1]
 [1 1 1 1 0 1 0 0 1 1]
 [1 1 1 1 1 0 1 1 0 0]
 [1 1 1 1 1 1 0 1 0 1]
 [0 1 1 1 0 1 1 1 1 1]
 [0 1 1 1 1 1 1 1 0 1]
 [1 1 1 1 1 0 1 1 0 1]
 [1 0 1 1 1 1 1 1 1 0]
 [1 0 1 1 1 1 0 0 1 1]
 [1 1 1 1 1 1 1 1 1 0]
 [1 0 1 1 1 1 1 0 0 1]
 [1 0 1 1 1 1 1 0 0 0]
 [1 1 0 0 1 1 0 1 0 1]
 [1 1 1 1 1 1 1 0 0 1]
 [1 0 1 1 0 1 0 1 1 0]
 [1 0 0 1 0 1 0 0 1 1]
 [1 0 1 1 1 1 1 1 1 1]
 [1 1 0 1 1 0 1 1 0 0]
 [1 0 0 1 1 1 1 0 0 1]
 [1 1 1 0 0 1 1 0 1 1]
 [1 1 0 1 0 1 0 0 0 1]
 [1 0 1 1 1 1 1 1 0 0]
 [1 1 0 0 0 1 0 0 0 1]
 [1 0 0 1 1 1 0 1 1 1]
 [1 1 1 1 1 0 1 1 1 1]
 [1 1 1 1 0 1 1 1 0 1]
 [1 1 1 1 0 1 1 1 1 1]
 [1 1 1 1 0 1 1 1 1 1]
 [1 1 1 1 1 0 1 1 1 0]
 [1 1 0 1 1 1 1 0 1 1]
 [0 0 0 1 1 1 1 0 1 1]
 [0 0 0 0 0 0 1 1 0 1]
 [0 0 1 1 1 1 1 1 0 1]
 [1 0 0 1 1 1 1 1 1 1]
 [1 1 1 0 1 1 1 1 1 1]
 [1 1 1 0 1 1 1 1 1 1]
 [1 0 0 1 1 1 1 1 0 1]
 [1 1 1 0 1 1 1 1 0 1]
 [1 1 0 1 0 1 1 1 0 1]
 [1 0 1 1 0 1 0 1 1 1]
 [1 0 1 1 0 1 1 1 0 1]
 [1 0 0 1 1 0 1 1 1 1]
 [1 1 1 1 0 0 1 1 1 1]
 [1 1 1 1 1 1 1 1 1 1]
 [1 1 0 1 1 1 1 0 1 1]
 [1 0 1 1 1 1 1 0 1 0]
 [1 1 1 1 0 1 1 1 1 0]
 [0 1 1 1 1 1 1 0 1 1]
 [1 0 1 1 0 0 1 1 1 1]
 [1 1 0 1 1 1 0 1 1 1]
 [1 1 1 1 1 0 0 1 0 0]
 [0 1 1 1 0 1 1 0 1 1]
 [1 1 1 1 1 1 1 1 0 0]
 [1 1 0 1 0 1 0 1 1 0]
 [1 1 0 1 1 1 1 1 1 1]
 [1 0 1 0 1 1 1 1 1 0]
 [1 1 1 1 0 1 0 1 1 1]
 [1 0 0 0 1 1 0 1 1 0]
 [1 1 1 1 1 1 1 1 1 1]
 [1 0 0 1 0 1 1 0 1 1]
 [1 1 1 1 1 0 0 1 0 0]
 [1 0 1 1 0 1 0 0 0 1]
 [0 1 1 0 1 1 1 1 1 1]
 [1 1 1 1 1 1 1 0 1 1]
 [1 1 1 1 1 1 1 1 1 1]
 [1 1 1 0 1 1 0 1 1 0]
 [0 0 1 0 0 1 1 1 1 0]
 [1 1 1 0 1 1 1 1 1 0]
 [1 1 1 1 0 0 1 1 0 0]
 [1 1 0 0 1 1 1 1 1 1]
 [0 0 1 0 0 1 1 1 0 1]
 [1 0 1 1 1 1 1 1 1 0]
 [0 0 1 1 1 0 1 1 1 0]]
{'restarts': 10, 'conflicts': 3080, 'decisions': 6075, 'propagations': 2220508}
Q is identifiable
branch at 6
runtime for solving id of Q is 0.41632932983338833
Simulation results:
{'J': 100, 'K': 10, 'N': 10, 'p': 0.7, 'seed': 63, 'sim': 8, 'runtime': 0.41632932983338833, 'identifiable': 1, 'branch': 6}
9
Q: [[1 1 1 1 1 0 1 0 1 1]
 [0 1 1 1 1 1 1 1 1 1]
 [0 1 0 1 1 1 1 0 1 1]
 [0 0 0 1 1 1 1 1 0 0]
 [1 1 1 1 1 1 1 1 0 1]
 [0 1 1 1 1 1 0 1 0 1]
 [1 0 1 0 1 0 0 1 1 1]
 [0 1 1 0 1 0 1 1 1 1]
 [1 1 1 1 1 0 1 0 0 1]
 [1 1 1 1 1 0 1 0 0 1]
 [1 1 1 1 0 1 1 1 1 1]
 [1 0 0 1 0 0 1 1 0 0]
 [1 1 0 1 0 1 1 0 1 1]
 [1 0 0 1 1 1 0 1 1 1]
 [0 1 1 1 1 1 1 0 0 0]
 [1 1 1 0 1 1 1 0 1 0]
 [0 1 1 1 0 1 1 1 1 1]
 [1 1 0 1 1 1 1 0 1 1]
 [1 0 1 1 1 1 1 1 1 1]
 [0 0 1 1 0 1 1 1 1 1]
 [1 1 1 1 1 1 0 1 1 0]
 [0 1 1 1 1 1 1 1 1 0]
 [1 1 1 0 0 1 1 0 0 0]
 [0 0 1 1 0 0 1 0 1 0]
 [1 1 1 1 1 0 0 1 1 1]
 [1 1 1 0 0 0 1 1 0 0]
 [1 0 1 1 0 1 1 1 1 1]
 [0 1 0 1 1 0 1 1 1 0]
 [0 1 1 1 1 1 1 0 1 1]
 [0 1 0 0 0 0 1 0 0 1]
 [1 1 1 1 1 1 1 0 1 1]
 [1 0 1 0 1 1 1 1 1 1]
 [0 0 0 0 0 1 0 1 1 1]
 [1 1 0 1 1 1 1 1 1 0]
 [0 0 1 1 1 1 1 1 1 1]
 [0 1 1 1 1 1 1 0 1 0]
 [1 1 0 0 1 1 1 1 1 0]
 [1 1 1 1 1 1 1 1 1 1]
 [1 0 1 0 0 0 1 0 1 1]
 [1 1 1 1 0 1 1 0 0 0]
 [1 1 1 1 1 0 1 1 1 1]
 [0 1 1 1 1 1 1 1 1 1]
 [1 1 0 0 1 1 1 0 1 0]
 [0 0 1 1 1 1 1 1 1 0]
 [0 1 1 1 1 0 1 1 0 1]
 [0 0 0 1 1 1 1 1 1 1]
 [0 1 1 0 1 1 1 1 1 1]
 [0 1 1 1 1 0 0 0 1 1]
 [0 1 1 1 0 1 0 1 1 1]
 [1 1 1 0 1 0 1 1 1 1]
 [1 0 1 1 1 1 1 1 1 0]
 [1 1 1 1 1 1 0 0 1 1]
 [1 1 1 0 1 1 0 1 1 0]
 [1 1 1 1 0 1 0 1 1 1]
 [1 1 1 1 1 0 1 1 1 1]
 [0 1 1 1 0 1 1 0 0 1]
 [0 0 0 1 1 1 1 1 1 1]
 [0 1 1 1 1 0 1 1 1 1]
 [1 1 1 1 1 0 1 1 1 0]
 [0 1 1 1 1 1 1 1 1 1]
 [0 0 1 1 0 1 0 1 0 1]
 [1 1 1 1 1 1 1 1 1 0]
 [0 1 1 1 0 1 1 1 1 1]
 [1 0 0 0 1 1 1 0 1 1]
 [1 1 1 1 0 1 1 1 0 1]
 [1 1 1 1 0 1 1 0 1 0]
 [0 0 1 1 1 1 1 1 0 1]
 [0 1 0 1 1 0 1 0 1 1]
 [0 0 0 0 1 0 1 0 0 0]
 [1 1 1 1 0 0 1 1 1 0]
 [1 1 1 1 0 1 1 1 1 0]
 [1 0 1 1 1 1 1 1 1 1]
 [1 1 1 0 1 1 1 1 1 1]
 [0 0 1 1 1 1 1 1 1 1]
 [0 0 1 0 1 1 1 1 1 1]
 [1 0 0 1 0 1 1 1 1 1]
 [0 0 1 1 1 0 0 1 1 1]
 [1 1 1 1 1 1 1 0 1 0]
 [0 1 1 0 0 1 1 0 1 1]
 [1 1 0 1 1 1 0 1 1 0]
 [0 0 1 1 1 1 0 0 1 1]
 [1 0 1 1 1 1 1 1 0 1]
 [0 1 1 0 1 0 1 1 1 1]
 [1 0 1 1 0 1 1 1 1 1]
 [1 0 1 1 1 1 1 1 1 0]
 [1 0 1 1 1 1 1 1 1 0]
 [1 1 0 0 1 1 1 1 1 1]
 [1 1 1 1 0 0 0 0 0 1]
 [0 1 1 0 1 1 1 0 0 0]
 [0 1 1 1 1 1 1 0 1 1]
 [1 1 1 1 1 1 0 0 1 1]
 [0 1 0 0 1 1 0 1 0 1]
 [1 1 1 1 0 1 1 1 0 1]
 [1 1 1 1 1 1 1 1 0 1]
 [1 1 1 1 1 0 0 1 1 0]
 [1 1 0 0 0 1 0 1 1 1]
 [0 1 0 1 1 1 1 0 1 1]
 [1 1 1 0 1 0 0 1 1 1]
 [1 0 1 1 0 1 0 1 1 1]
 [1 0 1 1 1 1 1 1 0 1]]
{'restarts': 14, 'conflicts': 2932, 'decisions': 6360, 'propagations': 2417181}
Q is identifiable
branch at 6
runtime for solving id of Q is 0.440901942551136
Simulation results:
{'J': 100, 'K': 10, 'N': 10, 'p': 0.7, 'seed': 63, 'sim': 9, 'runtime': 0.440901942551136, 'identifiable': 1, 'branch': 6}
Simulation results:
[{'J': 100, 'K': 10, 'N': 10, 'p': 0.7, 'seed': 63, 'sim': 0, 'runtime': 0.566884801723063, 'identifiable': 1, 'branch': 6}, {'J': 100, 'K': 10, 'N': 10, 'p': 0.7, 'seed': 63, 'sim': 1, 'runtime': 0.8092116713523865, 'identifiable': 1, 'branch': 6}, {'J': 100, 'K': 10, 'N': 10, 'p': 0.7, 'seed': 63, 'sim': 2, 'runtime': 0.28853275906294584, 'identifiable': 1, 'branch': 6}, {'J': 100, 'K': 10, 'N': 10, 'p': 0.7, 'seed': 63, 'sim': 3, 'runtime': 2.939051454886794, 'identifiable': 1, 'branch': 6}, {'J': 100, 'K': 10, 'N': 10, 'p': 0.7, 'seed': 63, 'sim': 4, 'runtime': 0.2375576887279749, 'identifiable': 1, 'branch': 6}, {'J': 100, 'K': 10, 'N': 10, 'p': 0.7, 'seed': 63, 'sim': 5, 'runtime': 0.6610363274812698, 'identifiable': 1, 'branch': 6}, {'J': 100, 'K': 10, 'N': 10, 'p': 0.7, 'seed': 63, 'sim': 6, 'runtime': 0.57552788592875, 'identifiable': 1, 'branch': 6}, {'J': 100, 'K': 10, 'N': 10, 'p': 0.7, 'seed': 63, 'sim': 7, 'runtime': 1.9347218899056315, 'identifiable': 1, 'branch': 6}, {'J': 100, 'K': 10, 'N': 10, 'p': 0.7, 'seed': 63, 'sim': 8, 'runtime': 0.41632932983338833, 'identifiable': 1, 'branch': 6}, {'J': 100, 'K': 10, 'N': 10, 'p': 0.7, 'seed': 63, 'sim': 9, 'runtime': 0.440901942551136, 'identifiable': 1, 'branch': 6}]
