
The Gurobi software has a limited number of licenses. To request a license or
licenses, add this line

    #SBATCH --licenses=gurobi@slurmdb:1

to your SBATCH script, replacing N with the number of licenses you need. Gurobi
will need one license per process.


0
Q: [[0 0 1 1 1]
 [0 0 0 1 0]
 [0 0 0 1 0]
 [0 1 1 0 0]
 [0 0 1 0 1]
 [0 1 0 0 1]
 [0 1 1 0 0]
 [0 0 0 0 0]
 [0 1 0 0 1]
 [1 1 0 1 1]
 [0 0 0 1 1]
 [1 0 0 0 0]
 [0 0 0 0 1]
 [0 0 0 1 0]
 [0 1 1 0 1]
 [0 0 0 0 0]
 [0 1 0 0 1]
 [0 1 0 1 0]
 [0 0 0 0 0]
 [0 1 0 0 1]
 [0 0 0 1 0]
 [0 0 0 0 0]
 [0 0 0 1 1]
 [1 1 0 0 1]
 [0 0 0 1 1]
 [0 0 1 0 0]
 [0 0 1 0 0]
 [0 0 0 0 0]
 [0 1 0 0 1]
 [0 1 0 0 0]
 [0 0 0 1 0]
 [0 1 1 1 1]
 [1 1 0 1 1]
 [0 0 0 0 0]
 [0 1 0 0 1]
 [1 1 0 0 0]
 [0 1 0 0 0]
 [0 0 0 1 0]
 [0 0 0 1 0]
 [0 0 1 0 0]
 [0 0 0 0 0]
 [1 0 0 0 1]
 [0 0 0 0 1]
 [0 0 1 1 0]
 [0 1 0 0 1]
 [0 1 1 0 1]
 [1 1 0 0 1]
 [0 0 0 0 1]
 [0 1 0 0 0]
 [0 0 1 0 0]]
Q is identifiable (direct_check).
Q is identifiable
branch at 4
runtime for solving id of Q is 0.0008527999743819237
Simulation results:
{'J': 50, 'K': 5, 'N': 10, 'p': 0.3, 'seed': 26, 'sim': 0, 'runtime': 0.0008527999743819237, 'identifiable': 1, 'branch': 4}
1
Q: [[1 0 0 1 1]
 [0 0 0 1 0]
 [0 1 1 0 0]
 [0 0 0 0 0]
 [0 1 0 0 1]
 [1 1 0 1 0]
 [1 0 0 0 0]
 [0 0 0 0 1]
 [0 1 0 0 0]
 [1 1 0 0 1]
 [1 0 0 1 0]
 [0 0 0 1 1]
 [1 0 0 0 0]
 [0 1 0 0 0]
 [0 0 0 0 1]
 [1 0 1 0 0]
 [0 0 1 0 1]
 [0 0 1 0 1]
 [1 1 0 0 1]
 [0 0 0 0 0]
 [0 0 0 0 1]
 [0 0 0 1 0]
 [0 1 0 0 0]
 [0 0 0 0 0]
 [1 0 1 0 0]
 [0 0 1 1 0]
 [0 0 0 0 0]
 [1 1 0 0 1]
 [0 0 0 1 0]
 [0 0 0 0 0]
 [0 0 0 0 0]
 [0 1 1 0 0]
 [1 0 0 0 1]
 [1 0 1 0 0]
 [1 1 1 1 0]
 [0 1 0 0 1]
 [0 0 1 0 1]
 [1 0 1 0 0]
 [0 1 0 1 0]
 [0 0 0 0 0]
 [0 1 0 0 1]
 [1 0 1 0 1]
 [0 0 0 0 0]
 [1 0 0 0 0]
 [0 1 0 0 0]
 [0 0 0 0 1]
 [0 0 0 1 1]
 [0 0 1 1 0]
 [0 1 0 0 0]
 [0 0 0 0 1]]
{'restarts': 1, 'conflicts': 7, 'decisions': 20, 'propagations': 510}
Q is identifiable
branch at 6
runtime for solving id of Q is 0.004488564096391201
Simulation results:
{'J': 50, 'K': 5, 'N': 10, 'p': 0.3, 'seed': 26, 'sim': 1, 'runtime': 0.004488564096391201, 'identifiable': 1, 'branch': 6}
2
Q: [[0 1 1 0 1]
 [0 0 0 0 0]
 [0 0 0 0 0]
 [1 1 0 0 1]
 [0 0 0 0 0]
 [0 1 0 0 0]
 [1 1 1 1 0]
 [0 0 0 1 0]
 [0 1 0 1 0]
 [1 0 1 1 0]
 [0 1 1 0 0]
 [0 1 0 0 0]
 [0 1 0 0 0]
 [0 0 1 0 0]
 [0 0 0 0 0]
 [0 0 0 0 0]
 [0 0 0 1 0]
 [1 0 0 1 0]
 [0 0 0 0 0]
 [0 0 0 0 0]
 [0 1 0 1 0]
 [0 0 0 0 0]
 [0 0 1 0 0]
 [1 1 1 0 0]
 [0 0 1 0 1]
 [0 0 1 1 1]
 [0 1 0 0 1]
 [0 0 0 1 1]
 [0 0 0 1 0]
 [0 1 1 1 0]
 [0 1 0 0 0]
 [1 0 0 1 0]
 [1 0 0 0 1]
 [0 0 1 0 0]
 [0 1 0 0 1]
 [0 0 0 0 0]
 [0 0 0 0 0]
 [0 1 0 0 0]
 [0 1 0 1 0]
 [0 0 0 1 1]
 [0 1 0 0 0]
 [1 1 0 0 0]
 [0 0 0 0 1]
 [0 0 1 1 1]
 [1 0 0 1 0]
 [0 0 1 1 0]
 [0 0 1 0 0]
 [0 0 0 1 0]
 [0 1 0 0 0]
 [1 0 0 0 0]]
Q is identifiable (direct_check).
Q is identifiable
branch at 4
runtime for solving id of Q is 0.00046417582780122757
Simulation results:
{'J': 50, 'K': 5, 'N': 10, 'p': 0.3, 'seed': 26, 'sim': 2, 'runtime': 0.00046417582780122757, 'identifiable': 1, 'branch': 4}
3
Q: [[1 1 0 0 0]
 [0 0 0 0 0]
 [1 0 0 0 0]
 [1 1 1 0 0]
 [0 0 0 0 1]
 [0 1 1 0 0]
 [0 0 0 0 0]
 [0 0 1 0 0]
 [0 0 1 0 1]
 [0 0 0 1 1]
 [0 0 0 1 1]
 [0 0 0 0 1]
 [0 0 1 0 1]
 [0 0 1 1 0]
 [0 0 1 1 0]
 [0 0 1 1 1]
 [1 0 0 1 0]
 [0 0 0 0 1]
 [1 0 0 1 0]
 [0 1 0 0 0]
 [0 0 0 1 0]
 [0 1 0 1 1]
 [0 0 0 0 0]
 [0 0 0 0 0]
 [0 1 0 0 0]
 [1 0 0 0 0]
 [1 1 1 0 0]
 [0 0 0 1 0]
 [1 1 0 0 0]
 [0 0 1 1 1]
 [1 1 0 1 1]
 [1 1 1 0 0]
 [0 0 1 1 0]
 [0 0 0 0 0]
 [0 0 0 0 0]
 [1 1 0 0 1]
 [0 0 0 0 0]
 [0 0 1 0 0]
 [1 1 1 0 0]
 [0 1 0 0 0]
 [1 0 1 1 0]
 [0 0 0 0 0]
 [0 1 1 0 1]
 [1 0 0 0 0]
 [1 0 0 0 1]
 [0 0 0 1 0]
 [1 0 1 0 0]
 [1 0 1 0 0]
 [1 0 0 1 1]
 [0 0 0 0 0]]
Q is identifiable (direct_check).
Q is identifiable
branch at 4
runtime for solving id of Q is 0.0004521077498793602
Simulation results:
{'J': 50, 'K': 5, 'N': 10, 'p': 0.3, 'seed': 26, 'sim': 3, 'runtime': 0.0004521077498793602, 'identifiable': 1, 'branch': 4}
4
Q: [[1 0 0 0 1]
 [0 0 0 1 0]
 [0 1 0 0 0]
 [1 0 0 0 0]
 [0 0 0 0 0]
 [1 0 0 0 1]
 [0 0 0 0 0]
 [0 1 0 0 0]
 [0 0 1 0 0]
 [0 0 0 1 0]
 [0 1 0 1 0]
 [0 1 0 0 0]
 [0 0 1 1 0]
 [0 1 0 0 1]
 [0 1 1 0 0]
 [1 0 1 1 0]
 [0 1 0 1 0]
 [0 0 0 1 0]
 [0 0 0 0 1]
 [0 0 1 1 0]
 [0 0 0 1 1]
 [0 0 0 0 0]
 [1 0 0 1 0]
 [0 1 0 1 0]
 [0 0 1 0 0]
 [1 0 0 1 1]
 [0 0 0 0 0]
 [1 0 1 0 1]
 [0 0 1 0 0]
 [0 1 1 1 0]
 [0 1 0 1 1]
 [1 1 1 1 0]
 [1 0 1 0 1]
 [0 0 0 0 1]
 [1 1 0 0 0]
 [1 1 1 0 0]
 [1 1 0 1 0]
 [0 0 0 0 0]
 [0 1 0 0 1]
 [1 0 1 0 0]
 [0 0 0 0 0]
 [0 0 0 1 0]
 [1 0 0 0 0]
 [0 0 0 0 0]
 [0 0 0 1 0]
 [0 1 1 1 0]
 [0 1 0 0 1]
 [0 0 1 0 0]
 [1 0 0 0 1]
 [0 1 0 1 0]]
Q is identifiable (direct_check).
Q is identifiable
branch at 4
runtime for solving id of Q is 0.00045965518802404404
Simulation results:
{'J': 50, 'K': 5, 'N': 10, 'p': 0.3, 'seed': 26, 'sim': 4, 'runtime': 0.00045965518802404404, 'identifiable': 1, 'branch': 4}
5
Q: [[1 1 0 0 1]
 [0 0 0 1 1]
 [0 1 0 0 0]
 [1 0 0 1 0]
 [0 0 1 1 0]
 [0 0 1 0 0]
 [0 0 1 0 1]
 [1 1 1 0 1]
 [1 0 0 0 0]
 [1 0 0 0 0]
 [0 0 1 0 1]
 [0 0 1 0 0]
 [0 1 1 0 0]
 [1 1 0 0 0]
 [0 0 0 0 0]
 [0 0 0 1 0]
 [1 0 1 0 1]
 [0 0 1 1 0]
 [0 0 1 0 1]
 [0 0 0 0 0]
 [0 0 0 0 1]
 [0 1 0 0 0]
 [0 0 0 0 1]
 [1 0 0 0 0]
 [0 0 0 0 0]
 [0 0 0 0 0]
 [0 0 0 0 0]
 [1 1 1 0 0]
 [1 0 0 1 0]
 [0 0 0 0 1]
 [1 1 1 0 0]
 [0 0 0 0 1]
 [0 0 0 0 0]
 [0 0 0 0 1]
 [1 0 1 1 0]
 [1 1 0 0 0]
 [1 1 0 0 0]
 [1 0 1 0 1]
 [0 0 0 0 1]
 [0 1 1 0 0]
 [0 1 0 0 0]
 [0 0 1 0 0]
 [0 1 0 0 0]
 [0 1 1 1 1]
 [0 1 1 0 0]
 [0 0 1 0 0]
 [0 1 0 0 0]
 [0 0 0 1 0]
 [0 0 0 0 1]
 [0 1 0 0 1]]
Q is identifiable (direct_check).
Q is identifiable
branch at 4
runtime for solving id of Q is 0.0004355870187282562
Simulation results:
{'J': 50, 'K': 5, 'N': 10, 'p': 0.3, 'seed': 26, 'sim': 5, 'runtime': 0.0004355870187282562, 'identifiable': 1, 'branch': 4}
6
Q: [[0 0 0 0 1]
 [0 0 1 0 0]
 [0 0 0 1 0]
 [1 0 1 1 1]
 [0 0 0 1 1]
 [0 0 1 1 0]
 [0 0 1 1 0]
 [0 1 1 0 1]
 [1 0 0 0 0]
 [0 0 1 0 0]
 [0 0 1 0 0]
 [0 0 0 0 1]
 [1 0 1 0 1]
 [0 0 1 1 0]
 [0 0 0 0 0]
 [0 0 0 0 1]
 [1 0 1 0 0]
 [0 0 0 0 0]
 [0 0 0 0 0]
 [1 0 0 1 0]
 [0 0 1 0 0]
 [0 0 1 0 1]
 [0 1 0 0 0]
 [0 0 1 0 0]
 [0 0 1 0 0]
 [0 0 0 0 1]
 [0 0 0 0 0]
 [0 0 0 1 1]
 [0 0 0 1 0]
 [1 0 1 0 0]
 [0 0 0 0 0]
 [0 0 0 1 0]
 [0 0 0 0 0]
 [0 0 0 0 0]
 [1 0 0 0 0]
 [0 0 0 0 0]
 [1 0 1 0 0]
 [0 0 0 0 1]
 [0 1 1 0 1]
 [0 0 0 0 0]
 [0 0 1 0 0]
 [0 0 0 0 0]
 [1 0 1 1 0]
 [0 0 0 1 0]
 [0 1 1 0 0]
 [0 1 0 0 0]
 [0 0 0 0 0]
 [0 0 1 0 0]
 [1 0 0 1 0]
 [0 0 1 0 0]]
Q is identifiable (direct_check).
Q is identifiable
branch at 4
runtime for solving id of Q is 0.0004462646320462227
Simulation results:
{'J': 50, 'K': 5, 'N': 10, 'p': 0.3, 'seed': 26, 'sim': 6, 'runtime': 0.0004462646320462227, 'identifiable': 1, 'branch': 4}
7
Q: [[0 0 0 1 0]
 [0 0 0 1 1]
 [1 0 1 1 1]
 [0 0 0 1 0]
 [0 0 1 1 0]
 [0 0 1 0 0]
 [0 0 0 0 0]
 [1 0 0 0 0]
 [0 0 1 0 1]
 [0 0 0 0 0]
 [0 1 0 0 0]
 [0 0 1 0 0]
 [0 0 1 0 1]
 [1 0 0 0 0]
 [0 0 1 0 0]
 [0 0 1 0 1]
 [0 0 0 0 0]
 [0 0 0 0 0]
 [1 0 1 0 0]
 [0 1 1 0 0]
 [1 0 0 0 0]
 [0 0 0 0 0]
 [0 0 0 0 0]
 [1 0 1 0 1]
 [1 1 0 0 1]
 [1 1 1 0 0]
 [1 0 0 0 1]
 [0 1 1 0 0]
 [0 1 0 0 0]
 [0 0 1 1 1]
 [0 0 0 0 0]
 [0 0 1 0 1]
 [0 0 0 0 0]
 [1 0 0 0 1]
 [0 0 0 1 0]
 [0 0 1 1 1]
 [1 0 0 0 0]
 [0 1 0 0 0]
 [0 0 0 0 0]
 [0 0 0 0 0]
 [0 0 1 0 1]
 [0 0 0 1 1]
 [0 0 1 1 1]
 [0 0 0 1 0]
 [0 1 0 0 0]
 [0 0 1 0 1]
 [0 0 1 1 0]
 [0 0 0 1 0]
 [0 0 0 1 0]
 [0 1 0 1 0]]
{'restarts': 1, 'conflicts': 9, 'decisions': 15, 'propagations': 501}
Q is identifiable
branch at 6
runtime for solving id of Q is 0.0036469856277108192
Simulation results:
{'J': 50, 'K': 5, 'N': 10, 'p': 0.3, 'seed': 26, 'sim': 7, 'runtime': 0.0036469856277108192, 'identifiable': 1, 'branch': 6}
8
Q: [[0 0 0 1 0]
 [0 1 0 0 0]
 [0 0 0 1 1]
 [1 0 0 0 0]
 [0 0 0 0 0]
 [0 0 0 0 0]
 [1 0 0 0 0]
 [0 0 0 0 0]
 [1 0 1 0 0]
 [1 1 0 0 0]
 [0 0 0 0 0]
 [0 1 1 0 0]
 [1 0 1 1 0]
 [0 1 0 0 0]
 [1 1 0 1 1]
 [0 1 0 0 0]
 [0 0 0 1 0]
 [1 0 1 0 1]
 [0 0 0 1 0]
 [1 1 0 0 0]
 [0 0 1 1 0]
 [1 1 0 0 1]
 [0 1 1 0 1]
 [0 0 1 0 1]
 [0 0 0 0 0]
 [0 0 1 0 1]
 [0 1 0 1 0]
 [0 0 1 0 1]
 [1 0 0 0 0]
 [0 0 0 0 0]
 [1 0 1 0 1]
 [0 0 0 0 1]
 [0 0 1 1 1]
 [0 0 1 0 1]
 [1 0 1 0 1]
 [1 0 0 0 0]
 [1 0 0 1 0]
 [1 0 1 0 0]
 [1 0 1 1 0]
 [1 1 0 0 0]
 [0 1 0 1 1]
 [0 0 0 1 0]
 [1 0 0 0 0]
 [1 0 0 0 1]
 [1 0 0 1 0]
 [1 1 1 0 1]
 [0 0 0 0 0]
 [0 1 0 0 0]
 [1 0 0 1 0]
 [0 1 0 1 0]]
{'restarts': 1, 'conflicts': 7, 'decisions': 20, 'propagations': 510}
Q is identifiable
branch at 6
runtime for solving id of Q is 0.003990750759840012
Simulation results:
{'J': 50, 'K': 5, 'N': 10, 'p': 0.3, 'seed': 26, 'sim': 8, 'runtime': 0.003990750759840012, 'identifiable': 1, 'branch': 6}
9
Q: [[1 1 0 0 0]
 [0 1 0 1 1]
 [1 0 0 0 0]
 [0 0 0 1 0]
 [0 0 0 1 0]
 [0 0 0 0 1]
 [0 1 0 0 0]
 [0 0 1 0 0]
 [0 0 0 0 0]
 [1 1 1 0 0]
 [0 0 1 1 1]
 [0 0 0 1 0]
 [0 0 0 0 0]
 [0 0 1 0 1]
 [0 0 0 1 1]
 [0 0 0 1 1]
 [0 0 0 0 1]
 [1 0 0 1 1]
 [0 0 0 0 0]
 [1 1 1 0 0]
 [0 0 0 1 0]
 [0 0 0 1 1]
 [1 1 0 0 1]
 [0 1 0 1 0]
 [1 0 0 0 1]
 [0 0 0 1 0]
 [1 0 1 1 0]
 [0 0 0 0 0]
 [0 0 0 0 1]
 [0 0 1 1 0]
 [0 1 1 0 1]
 [1 0 1 1 0]
 [0 0 1 1 0]
 [0 1 0 0 0]
 [0 0 1 0 0]
 [0 0 1 0 0]
 [1 1 1 0 0]
 [0 0 0 1 0]
 [0 0 0 0 0]
 [1 1 0 0 0]
 [0 0 0 0 0]
 [0 0 0 0 0]
 [0 0 0 0 0]
 [1 0 0 0 1]
 [1 0 1 0 0]
 [0 0 0 1 1]
 [0 0 0 0 1]
 [0 0 0 0 0]
 [1 0 0 0 0]
 [0 0 1 0 0]]
Q is identifiable (direct_check).
Q is identifiable
branch at 4
runtime for solving id of Q is 0.0004535941407084465
Simulation results:
{'J': 50, 'K': 5, 'N': 10, 'p': 0.3, 'seed': 26, 'sim': 9, 'runtime': 0.0004535941407084465, 'identifiable': 1, 'branch': 4}
Simulation results:
[{'J': 50, 'K': 5, 'N': 10, 'p': 0.3, 'seed': 26, 'sim': 0, 'runtime': 0.0008527999743819237, 'identifiable': 1, 'branch': 4}, {'J': 50, 'K': 5, 'N': 10, 'p': 0.3, 'seed': 26, 'sim': 1, 'runtime': 0.004488564096391201, 'identifiable': 1, 'branch': 6}, {'J': 50, 'K': 5, 'N': 10, 'p': 0.3, 'seed': 26, 'sim': 2, 'runtime': 0.00046417582780122757, 'identifiable': 1, 'branch': 4}, {'J': 50, 'K': 5, 'N': 10, 'p': 0.3, 'seed': 26, 'sim': 3, 'runtime': 0.0004521077498793602, 'identifiable': 1, 'branch': 4}, {'J': 50, 'K': 5, 'N': 10, 'p': 0.3, 'seed': 26, 'sim': 4, 'runtime': 0.00045965518802404404, 'identifiable': 1, 'branch': 4}, {'J': 50, 'K': 5, 'N': 10, 'p': 0.3, 'seed': 26, 'sim': 5, 'runtime': 0.0004355870187282562, 'identifiable': 1, 'branch': 4}, {'J': 50, 'K': 5, 'N': 10, 'p': 0.3, 'seed': 26, 'sim': 6, 'runtime': 0.0004462646320462227, 'identifiable': 1, 'branch': 4}, {'J': 50, 'K': 5, 'N': 10, 'p': 0.3, 'seed': 26, 'sim': 7, 'runtime': 0.0036469856277108192, 'identifiable': 1, 'branch': 6}, {'J': 50, 'K': 5, 'N': 10, 'p': 0.3, 'seed': 26, 'sim': 8, 'runtime': 0.003990750759840012, 'identifiable': 1, 'branch': 6}, {'J': 50, 'K': 5, 'N': 10, 'p': 0.3, 'seed': 26, 'sim': 9, 'runtime': 0.0004535941407084465, 'identifiable': 1, 'branch': 4}]
