
The Gurobi software has a limited number of licenses. To request a license or
licenses, add this line

    #SBATCH --licenses=gurobi@slurmdb:1

to your SBATCH script, replacing N with the number of licenses you need. Gurobi
will need one license per process.


0
Q: [[0 1 1 0 1 1 0 0 1 0]
 [1 1 1 0 1 1 1 1 1 1]
 [0 1 1 1 1 0 0 0 0 1]
 [1 0 1 1 1 0 1 1 1 0]
 [1 1 1 0 1 1 1 1 0 1]
 [1 1 1 1 0 1 0 0 1 1]
 [1 0 1 1 1 1 1 1 1 1]
 [1 0 0 1 1 1 1 1 0 1]
 [1 1 1 1 0 1 0 1 1 0]
 [1 1 0 0 0 1 0 1 0 1]
 [0 1 1 0 1 0 1 0 1 0]
 [0 1 0 1 1 0 1 0 1 0]
 [1 0 1 1 0 0 0 1 0 1]
 [1 0 1 1 1 1 1 1 1 0]
 [0 1 1 1 1 1 0 1 1 1]
 [1 0 1 1 1 0 1 0 1 0]
 [0 1 1 1 0 1 1 1 0 0]
 [1 1 1 1 1 0 1 0 1 0]
 [1 0 1 1 1 1 1 0 0 1]
 [1 0 1 1 0 1 1 1 0 1]
 [0 1 1 1 1 1 1 1 1 0]
 [1 0 1 0 1 0 1 1 1 1]
 [1 0 1 0 1 1 1 1 1 0]
 [1 1 1 1 1 1 1 1 1 1]
 [1 1 1 1 1 1 1 1 1 0]
 [1 1 1 0 1 1 0 1 1 0]
 [1 1 0 1 1 1 1 0 0 1]
 [1 1 1 1 0 0 1 1 1 1]
 [1 1 1 1 1 1 0 1 0 1]
 [1 0 1 1 1 1 1 1 1 1]
 [0 0 1 0 1 1 1 1 0 1]
 [1 1 1 1 1 1 0 0 1 1]
 [0 1 1 1 0 1 1 1 1 0]
 [1 1 1 1 1 0 0 0 1 1]
 [1 1 1 1 1 1 1 1 1 1]
 [0 1 1 1 1 1 1 0 1 1]
 [1 1 1 0 1 1 1 1 1 1]
 [0 0 0 1 1 1 1 1 1 0]
 [1 1 1 1 0 0 1 1 1 1]
 [0 1 0 1 1 0 1 1 1 1]
 [1 1 1 0 1 1 1 0 0 1]
 [1 0 1 1 1 1 1 0 1 0]
 [1 1 1 1 1 1 1 1 1 1]
 [1 0 1 1 0 1 0 1 1 1]
 [0 1 1 1 0 1 1 0 0 1]
 [1 1 0 1 1 1 1 1 1 1]
 [0 1 0 1 1 1 1 0 1 1]
 [0 1 0 1 0 1 1 1 1 1]
 [1 0 1 1 1 1 1 1 0 0]
 [0 0 1 0 1 1 0 1 1 1]
 [0 1 0 1 1 1 1 0 0 1]
 [1 0 1 1 1 1 0 0 1 0]
 [1 1 0 1 1 1 1 1 1 0]
 [1 1 1 1 0 1 0 1 0 1]
 [1 0 1 1 1 0 1 1 1 1]
 [1 1 0 1 1 1 1 0 1 1]
 [1 1 1 1 1 1 1 0 0 1]
 [1 0 1 0 1 1 1 1 1 1]
 [1 1 0 1 1 1 0 0 1 1]
 [0 1 0 1 1 1 1 1 1 1]
 [1 0 1 1 1 1 1 0 0 1]
 [1 1 1 0 0 0 0 0 1 1]
 [1 1 1 1 1 1 0 1 1 0]
 [1 1 1 1 1 1 0 1 1 1]
 [0 1 1 1 1 0 1 1 0 1]
 [1 1 1 0 1 1 1 1 0 0]
 [1 1 0 1 0 1 1 0 0 1]
 [0 1 0 1 1 1 0 0 1 1]
 [1 1 1 0 1 0 1 1 1 0]
 [1 1 0 1 0 1 0 1 1 1]
 [0 1 0 1 1 1 1 1 1 1]
 [1 1 1 0 1 0 1 1 1 0]
 [1 0 0 1 1 1 1 1 1 1]
 [0 1 1 1 1 1 1 0 0 1]
 [1 1 1 1 1 1 1 1 1 0]
 [0 1 1 1 1 0 0 1 1 1]
 [0 1 1 0 0 1 1 0 0 0]
 [1 1 1 1 0 1 1 0 1 1]
 [1 1 0 0 1 1 0 1 1 1]
 [1 1 1 0 1 1 0 1 1 1]
 [0 1 0 0 1 0 0 1 1 1]
 [1 1 1 1 0 1 1 1 0 1]
 [1 1 0 1 1 0 0 0 0 0]
 [1 1 1 0 0 0 1 0 1 0]
 [1 0 1 1 1 0 1 1 1 1]
 [1 1 1 1 1 1 1 0 1 0]
 [1 1 1 1 1 1 1 1 1 1]
 [1 1 1 1 1 1 1 1 1 1]
 [1 0 1 1 1 1 1 1 1 1]
 [1 1 0 1 1 0 1 0 1 0]
 [1 1 1 1 1 1 0 0 0 1]
 [1 0 1 0 1 0 1 1 1 0]
 [0 1 1 1 1 0 0 1 1 1]
 [0 1 1 1 1 1 0 1 1 1]
 [1 1 1 1 1 1 0 1 1 1]
 [1 0 1 1 0 1 1 1 1 1]
 [1 1 0 1 1 1 1 1 1 1]
 [0 0 1 0 1 1 1 1 1 1]
 [0 0 1 1 1 0 0 1 1 1]
 [0 1 1 1 1 1 1 0 1 0]]
{'restarts': 109, 'conflicts': 52007, 'decisions': 76010, 'propagations': 41949301}
Q is identifiable
branch at 6
runtime for solving id of Q is 6.447099752957001
Simulation results:
{'J': 100, 'K': 10, 'N': 10, 'p': 0.7, 'seed': 615, 'sim': 0, 'runtime': 6.447099752957001, 'identifiable': 1, 'branch': 6}
1
Q: [[1 1 0 0 1 1 0 1 1 1]
 [1 1 0 1 0 1 1 1 1 0]
 [0 1 1 0 1 1 1 1 0 0]
 [1 1 0 1 1 1 1 0 1 1]
 [1 0 0 1 1 1 1 0 0 0]
 [0 1 1 1 0 0 0 1 1 1]
 [1 1 0 1 0 1 1 1 0 0]
 [1 1 1 1 0 1 0 1 0 1]
 [0 0 1 1 0 1 1 1 1 1]
 [0 1 1 1 0 0 1 1 1 1]
 [0 1 1 0 1 0 1 0 1 1]
 [0 1 1 1 1 1 1 1 0 1]
 [1 1 1 1 1 1 1 0 0 1]
 [1 1 1 1 1 0 1 1 0 0]
 [1 0 1 1 1 0 0 1 1 0]
 [0 1 1 1 1 0 1 1 1 1]
 [1 0 0 1 1 1 1 1 0 1]
 [1 1 1 0 0 0 1 1 1 1]
 [1 1 1 1 0 1 1 1 0 1]
 [0 0 0 0 1 0 1 0 1 1]
 [1 1 1 1 1 0 0 1 0 0]
 [1 1 0 1 0 1 0 1 0 1]
 [1 1 1 0 1 0 1 1 0 0]
 [1 1 0 1 0 1 1 0 0 0]
 [1 1 0 1 1 1 1 1 0 1]
 [1 0 0 0 1 1 1 1 1 0]
 [0 1 1 0 1 1 0 1 1 0]
 [0 0 1 1 1 0 1 0 1 1]
 [0 1 0 1 1 1 1 1 1 1]
 [0 1 1 1 1 0 1 1 1 0]
 [1 1 1 0 0 1 0 1 0 0]
 [1 1 1 1 0 1 0 1 1 1]
 [1 0 1 1 1 0 0 1 0 0]
 [0 1 1 0 1 0 0 1 1 1]
 [1 1 0 0 1 1 1 1 1 0]
 [1 1 1 1 1 0 1 0 1 1]
 [0 0 1 1 1 1 0 0 1 0]
 [1 1 1 1 0 0 1 0 1 1]
 [0 1 1 0 1 1 1 0 1 1]
 [1 1 0 1 0 1 1 1 0 1]
 [1 0 1 1 0 1 0 0 1 1]
 [1 1 1 0 1 1 1 1 1 1]
 [1 0 0 1 1 1 1 1 1 1]
 [1 0 1 0 1 1 0 1 1 1]
 [0 0 0 0 1 1 0 1 0 1]
 [1 1 1 1 1 1 1 1 1 1]
 [1 1 1 1 0 0 1 1 1 1]
 [1 1 1 1 1 1 1 1 1 1]
 [0 1 1 0 1 0 1 1 0 1]
 [0 0 1 1 1 0 1 1 1 1]
 [0 1 0 1 1 0 1 1 1 1]
 [0 1 1 0 1 1 1 1 1 1]
 [1 0 1 1 1 1 0 1 1 1]
 [1 1 1 1 1 1 1 1 0 0]
 [1 0 1 1 1 1 1 0 0 1]
 [1 1 1 1 1 1 1 0 1 1]
 [1 1 1 0 1 0 1 0 1 0]
 [0 1 0 0 1 0 1 1 1 0]
 [1 1 1 0 1 1 1 1 0 0]
 [1 0 1 0 1 1 0 1 0 0]
 [1 0 0 1 0 1 0 1 1 0]
 [0 1 1 1 0 0 0 0 1 0]
 [1 1 1 1 1 1 1 1 1 1]
 [1 1 1 0 1 1 1 0 0 0]
 [1 0 1 0 1 1 1 1 1 1]
 [1 0 1 0 1 1 0 1 1 0]
 [0 0 1 0 1 1 0 0 0 1]
 [1 1 1 1 1 1 1 0 1 1]
 [1 0 0 1 1 1 1 1 1 1]
 [0 1 1 1 0 0 0 1 0 0]
 [1 1 1 1 0 0 1 1 1 1]
 [1 1 1 1 1 1 1 1 0 0]
 [1 1 0 1 1 1 1 1 0 1]
 [0 0 1 0 1 1 0 1 1 1]
 [0 1 1 0 0 1 1 1 1 1]
 [1 1 1 1 1 1 0 1 1 0]
 [0 0 1 1 1 1 1 1 1 1]
 [0 1 0 0 1 1 0 1 1 1]
 [1 1 1 1 1 0 0 1 0 0]
 [1 0 1 1 1 1 1 0 0 1]
 [1 1 1 1 1 1 1 1 1 0]
 [0 1 1 1 1 0 1 1 1 0]
 [0 1 1 0 0 1 1 0 0 0]
 [1 1 1 1 1 1 0 1 1 1]
 [1 0 1 0 1 1 1 1 0 1]
 [1 1 1 1 1 0 1 0 1 1]
 [1 1 1 1 1 1 0 0 1 1]
 [1 1 0 0 1 0 0 0 1 1]
 [1 0 0 0 1 1 1 1 0 1]
 [1 1 0 0 1 0 1 1 1 1]
 [1 0 1 0 1 0 0 1 1 1]
 [1 1 1 1 0 1 1 1 1 1]
 [1 0 1 0 1 0 1 1 1 1]
 [0 0 1 0 0 1 0 1 1 1]
 [1 0 1 1 0 1 1 1 0 1]
 [1 1 0 1 0 1 1 1 1 1]
 [1 1 1 0 1 1 1 1 1 1]
 [0 1 0 1 0 1 1 1 1 1]
 [1 1 0 0 0 0 1 1 0 1]
 [0 0 1 1 0 1 1 1 1 1]]
{'restarts': 5, 'conflicts': 1739, 'decisions': 4520, 'propagations': 1717224}
Q is identifiable
branch at 6
runtime for solving id of Q is 0.4282073730137199
Simulation results:
{'J': 100, 'K': 10, 'N': 10, 'p': 0.7, 'seed': 615, 'sim': 1, 'runtime': 0.4282073730137199, 'identifiable': 1, 'branch': 6}
2
Q: [[1 0 1 1 0 0 1 1 0 1]
 [1 1 1 0 1 1 0 1 1 1]
 [1 1 0 0 1 0 1 1 1 1]
 [1 1 0 0 1 1 0 0 0 1]
 [1 0 1 1 0 1 1 0 1 1]
 [1 1 0 1 1 0 1 1 1 1]
 [1 1 1 1 1 1 1 0 1 1]
 [0 0 0 1 1 1 1 1 1 0]
 [1 1 1 0 1 1 0 0 1 1]
 [1 0 1 1 1 1 1 1 1 1]
 [1 1 1 1 1 1 0 1 0 1]
 [0 1 0 0 0 0 1 0 1 0]
 [1 1 0 1 1 1 0 1 0 1]
 [1 1 1 1 1 0 1 1 1 0]
 [0 0 1 1 1 1 0 0 1 1]
 [0 0 1 1 1 0 1 0 0 1]
 [1 1 1 1 1 1 1 0 1 1]
 [1 0 1 1 1 1 0 0 0 1]
 [1 1 1 1 1 0 0 1 1 1]
 [1 1 1 1 1 1 1 1 0 0]
 [1 1 0 1 0 0 1 1 1 1]
 [1 1 1 1 0 0 1 0 1 1]
 [0 1 1 1 0 1 1 1 0 1]
 [1 1 1 1 1 0 0 1 0 1]
 [1 1 1 1 1 1 1 0 0 1]
 [1 1 1 1 0 1 1 1 0 1]
 [0 0 1 1 0 0 1 0 1 0]
 [0 1 1 1 1 1 1 1 0 0]
 [1 1 1 1 1 0 1 0 1 0]
 [0 1 1 1 0 1 1 0 1 1]
 [1 1 1 0 1 1 1 0 1 1]
 [1 0 1 1 1 0 1 1 1 0]
 [0 1 1 1 0 1 1 0 1 1]
 [0 1 1 0 0 1 1 1 1 0]
 [1 0 0 1 0 1 1 1 1 0]
 [0 1 0 0 1 1 1 1 1 1]
 [1 0 1 0 0 1 1 1 0 0]
 [0 1 1 1 0 0 1 1 0 1]
 [1 1 1 0 1 1 1 1 1 0]
 [1 1 1 1 1 0 0 1 1 0]
 [1 0 1 1 1 1 0 1 1 1]
 [1 1 1 0 0 0 0 1 1 1]
 [1 1 1 1 0 1 0 0 1 0]
 [1 1 1 0 1 1 0 1 1 1]
 [0 1 1 1 1 0 0 1 0 1]
 [1 1 0 0 1 1 1 1 1 1]
 [1 1 1 1 1 0 1 0 1 1]
 [0 1 0 1 1 0 1 0 1 1]
 [1 1 1 1 1 0 1 0 1 0]
 [1 0 1 1 1 0 0 1 1 0]
 [1 0 0 1 1 1 1 0 0 1]
 [0 0 1 1 0 1 1 1 1 1]
 [0 1 0 1 1 1 1 1 0 1]
 [1 0 1 0 1 1 1 0 0 1]
 [1 1 1 1 1 1 1 1 1 1]
 [0 0 1 1 0 0 0 0 1 1]
 [1 0 0 1 0 1 1 1 0 1]
 [1 1 1 1 1 0 1 1 0 1]
 [0 0 1 1 1 1 1 1 1 1]
 [1 1 1 1 0 1 0 0 0 1]
 [1 1 1 1 1 1 1 1 0 1]
 [1 0 0 1 1 1 0 1 1 0]
 [1 0 1 0 0 1 1 1 1 0]
 [1 1 0 1 1 1 0 1 0 0]
 [1 1 1 1 0 1 1 1 0 1]
 [1 0 1 1 1 0 1 1 0 1]
 [0 1 1 1 0 0 1 1 0 0]
 [1 1 1 1 0 1 1 1 1 0]
 [1 1 1 0 1 1 1 0 1 1]
 [1 0 0 0 1 0 1 0 1 1]
 [1 1 1 1 1 1 1 0 1 1]
 [1 1 0 1 1 1 1 0 1 0]
 [0 1 1 1 1 0 1 1 1 1]
 [1 1 1 1 1 1 1 1 1 1]
 [1 1 1 1 1 1 1 1 1 1]
 [1 1 1 1 1 1 0 1 1 0]
 [1 1 1 1 1 0 1 1 0 1]
 [1 1 1 1 0 1 0 1 1 1]
 [0 1 0 1 0 0 0 1 1 0]
 [0 1 0 0 0 1 1 1 1 1]
 [1 1 1 1 0 0 1 1 0 0]
 [1 0 1 0 1 1 1 0 0 0]
 [1 0 1 0 1 1 1 0 1 1]
 [1 0 0 1 0 1 0 0 1 1]
 [1 0 1 1 1 1 0 1 1 1]
 [0 1 1 1 0 0 1 1 1 0]
 [1 1 0 1 0 1 1 1 1 1]
 [0 0 1 0 1 1 1 1 1 1]
 [1 0 1 1 0 1 0 0 1 1]
 [1 1 1 0 0 1 1 1 0 1]
 [1 1 1 0 1 1 1 1 1 1]
 [1 1 1 0 0 1 1 0 0 1]
 [1 0 1 1 1 0 1 1 1 1]
 [1 1 0 1 1 0 1 1 1 1]
 [0 1 1 1 1 1 0 1 1 1]
 [0 1 1 1 0 1 1 1 0 0]
 [0 0 1 1 1 0 0 1 0 1]
 [1 1 1 1 0 1 0 1 1 1]
 [1 0 1 1 1 0 1 1 1 0]
 [1 1 0 1 1 1 1 1 0 0]]
{'restarts': 51, 'conflicts': 34030, 'decisions': 47889, 'propagations': 34731041}
Q is identifiable
branch at 6
runtime for solving id of Q is 4.742354138055816
Simulation results:
{'J': 100, 'K': 10, 'N': 10, 'p': 0.7, 'seed': 615, 'sim': 2, 'runtime': 4.742354138055816, 'identifiable': 1, 'branch': 6}
3
Q: [[1 1 0 0 1 1 1 0 0 0]
 [1 1 0 1 1 1 1 1 1 1]
 [1 1 1 1 1 0 1 1 1 1]
 [1 1 0 1 1 0 0 1 1 1]
 [1 1 0 1 1 1 1 1 0 0]
 [1 1 1 1 1 1 1 1 1 1]
 [0 1 1 0 0 0 1 0 1 1]
 [0 1 1 1 1 1 1 1 0 1]
 [0 1 1 1 1 1 1 1 1 1]
 [1 1 0 0 1 0 1 1 1 1]
 [0 1 1 1 1 1 1 1 0 1]
 [0 0 1 1 1 1 1 1 0 1]
 [0 1 1 1 1 1 1 1 1 1]
 [1 1 0 0 1 1 1 1 1 0]
 [1 1 0 0 0 1 1 1 1 1]
 [1 0 1 1 1 1 1 0 1 1]
 [1 1 1 0 1 1 1 0 0 1]
 [0 1 1 1 1 1 1 0 0 0]
 [1 1 0 0 1 0 1 1 1 0]
 [1 1 1 0 0 1 1 1 1 1]
 [1 1 0 0 1 1 1 1 0 1]
 [1 1 1 1 1 0 1 1 0 1]
 [0 1 1 1 1 0 0 1 1 1]
 [0 0 0 1 1 1 1 1 1 0]
 [0 1 1 0 1 0 1 0 0 1]
 [1 1 0 1 1 1 0 1 1 1]
 [1 1 0 1 1 1 1 0 1 1]
 [1 1 0 1 1 1 1 0 1 0]
 [1 1 1 1 0 0 0 1 1 1]
 [1 1 1 1 1 1 1 1 1 1]
 [1 0 1 1 0 1 1 1 1 0]
 [0 1 0 1 0 1 1 1 0 1]
 [1 0 1 1 1 1 1 1 1 1]
 [0 1 1 1 0 1 0 0 1 0]
 [1 1 1 1 1 0 1 0 0 1]
 [1 0 0 1 0 1 1 1 1 1]
 [1 0 1 1 0 1 1 1 1 0]
 [1 0 1 1 1 1 1 1 1 1]
 [1 1 1 1 0 1 0 1 1 1]
 [1 0 1 1 0 1 1 0 1 0]
 [1 1 0 1 0 0 1 1 1 1]
 [1 1 1 1 0 1 1 1 1 0]
 [1 1 1 1 1 0 1 0 1 0]
 [1 0 1 1 1 1 0 1 0 1]
 [0 1 1 1 1 1 1 0 0 0]
 [0 0 1 1 0 1 1 1 1 1]
 [0 0 1 1 0 1 1 1 1 1]
 [1 0 1 1 1 1 0 0 1 1]
 [1 0 1 1 1 0 1 1 1 1]
 [1 0 1 1 1 1 1 0 1 1]
 [1 1 0 1 0 1 1 1 1 1]
 [1 1 1 1 0 1 1 1 1 1]
 [1 1 1 1 1 1 1 0 1 0]
 [1 0 1 1 1 1 1 1 1 1]
 [1 1 0 1 1 1 0 0 1 1]
 [1 1 1 1 0 1 1 1 1 1]
 [0 1 1 0 1 0 1 0 1 0]
 [1 1 1 0 1 1 1 1 1 0]
 [1 1 1 1 1 0 0 1 1 1]
 [0 0 1 0 1 1 1 1 1 0]
 [1 1 1 0 0 0 1 1 1 1]
 [1 1 1 0 1 0 1 1 1 1]
 [1 1 1 1 1 0 0 1 0 1]
 [1 1 1 0 1 1 1 0 0 1]
 [0 1 0 1 1 1 0 0 1 0]
 [1 1 1 0 0 1 1 1 0 1]
 [1 1 0 1 1 1 0 1 0 1]
 [0 1 1 1 1 0 0 1 1 1]
 [1 1 1 1 1 1 1 1 1 1]
 [1 1 1 1 1 1 1 0 0 1]
 [1 0 1 0 0 1 1 1 0 1]
 [1 0 1 1 0 0 1 1 0 1]
 [1 1 0 1 1 1 0 0 1 1]
 [1 1 0 1 0 1 0 1 1 1]
 [0 0 1 0 1 0 1 1 0 0]
 [1 1 1 1 1 0 0 1 0 1]
 [1 0 0 1 1 1 1 0 0 0]
 [1 1 0 1 1 1 1 1 1 0]
 [1 1 1 1 1 1 1 1 1 0]
 [0 1 0 1 0 1 0 0 1 1]
 [0 0 1 1 1 0 1 1 1 1]
 [0 1 1 0 1 0 1 1 0 1]
 [1 1 1 1 1 0 0 0 0 0]
 [1 0 1 1 1 1 0 0 0 1]
 [1 1 0 1 0 0 1 1 0 1]
 [1 0 1 1 1 1 0 0 1 1]
 [1 1 0 0 0 1 0 0 1 0]
 [1 1 1 1 1 1 1 1 0 1]
 [0 1 1 1 0 1 1 1 1 1]
 [1 1 0 0 0 1 1 1 1 1]
 [0 1 1 1 1 1 1 1 1 1]
 [1 0 1 1 1 1 1 1 1 1]
 [0 1 1 0 0 1 1 1 1 1]
 [0 1 1 0 1 1 1 1 1 1]
 [1 1 1 1 1 1 0 1 0 1]
 [1 1 1 1 1 0 0 1 1 1]
 [1 1 0 0 1 1 1 0 1 0]
 [1 1 1 1 1 1 0 1 1 0]
 [0 1 1 1 0 0 0 1 0 1]
 [0 1 1 1 1 1 0 0 1 1]]
{'restarts': 73, 'conflicts': 31672, 'decisions': 52044, 'propagations': 26107656}
Q is identifiable
branch at 6
runtime for solving id of Q is 4.072980681899935
Simulation results:
{'J': 100, 'K': 10, 'N': 10, 'p': 0.7, 'seed': 615, 'sim': 3, 'runtime': 4.072980681899935, 'identifiable': 1, 'branch': 6}
4
Q: [[1 1 1 0 0 1 0 1 1 1]
 [0 0 1 1 1 0 1 1 1 1]
 [0 0 1 1 1 1 0 1 1 1]
 [1 1 1 1 1 1 1 1 1 0]
 [1 1 0 0 1 1 1 1 0 1]
 [1 0 1 1 1 1 0 0 1 1]
 [0 1 1 0 0 0 1 0 1 0]
 [0 1 1 1 0 0 1 0 1 0]
 [0 1 1 0 0 1 1 1 1 0]
 [1 1 1 1 1 1 0 0 1 1]
 [1 1 1 1 1 0 1 1 1 1]
 [1 1 1 1 1 0 0 1 1 0]
 [1 0 1 1 0 1 0 1 1 1]
 [0 1 1 1 0 1 0 1 1 0]
 [1 1 1 1 1 0 1 1 1 1]
 [1 1 1 1 0 1 0 1 1 1]
 [1 1 1 1 1 1 0 0 1 0]
 [1 1 1 1 0 1 1 1 1 1]
 [1 0 0 1 1 0 0 1 1 0]
 [1 1 0 0 0 0 0 0 0 1]
 [1 1 1 1 1 1 1 0 1 1]
 [1 0 1 1 1 0 0 0 1 1]
 [0 1 1 1 0 1 1 1 1 1]
 [1 1 1 1 1 0 0 1 1 1]
 [0 0 1 1 1 1 1 1 1 1]
 [0 1 1 1 0 1 0 0 0 1]
 [1 0 1 1 1 1 1 1 1 0]
 [1 1 0 1 0 0 0 1 1 0]
 [1 1 0 1 1 0 1 1 1 1]
 [1 1 0 1 1 1 0 1 0 1]
 [0 0 1 1 1 1 1 1 1 1]
 [1 1 1 1 1 0 0 1 1 0]
 [0 0 1 1 1 1 0 1 1 1]
 [1 1 1 1 1 1 0 1 1 1]
 [1 1 1 1 0 1 0 0 1 1]
 [1 1 1 1 1 1 1 1 0 1]
 [0 1 0 1 0 0 1 1 1 1]
 [0 0 1 0 0 1 0 0 1 0]
 [0 1 1 0 1 1 1 1 1 0]
 [1 0 1 1 1 0 1 1 1 1]
 [0 1 1 0 0 0 0 1 1 0]
 [1 0 1 0 1 1 1 1 1 1]
 [1 0 0 0 0 1 0 0 1 1]
 [0 1 0 1 1 0 0 0 1 1]
 [1 0 1 1 0 0 0 0 1 1]
 [0 1 1 1 0 1 1 1 0 1]
 [1 0 0 1 1 1 1 1 1 0]
 [1 1 1 1 1 1 1 1 1 1]
 [1 0 1 1 1 1 0 1 1 1]
 [0 1 1 0 1 1 1 0 0 1]
 [1 0 1 1 1 1 1 0 1 0]
 [0 1 0 1 1 1 1 0 1 1]
 [1 1 0 1 1 1 1 1 1 0]
 [1 0 0 0 1 1 1 1 1 1]
 [0 1 1 0 1 1 1 0 1 1]
 [1 1 0 1 1 1 0 1 0 1]
 [1 1 1 1 1 1 1 0 1 1]
 [1 1 1 1 1 1 1 1 1 0]
 [1 1 1 1 1 1 0 1 0 0]
 [1 1 1 1 1 0 1 1 1 1]
 [1 1 0 1 0 1 1 1 0 0]
 [1 0 0 1 1 1 1 0 0 1]
 [1 0 1 1 1 1 1 0 1 0]
 [1 0 1 0 1 1 1 1 0 0]
 [1 1 1 1 1 1 0 1 1 1]
 [1 0 0 1 0 1 0 0 1 1]
 [1 0 1 0 1 1 1 1 0 1]
 [1 1 1 1 0 1 1 1 1 0]
 [1 1 1 1 0 0 0 1 1 1]
 [1 1 0 1 1 0 1 1 0 1]
 [1 1 0 0 0 0 0 1 0 1]
 [1 1 1 0 1 1 1 1 1 1]
 [1 0 1 0 0 1 1 1 1 0]
 [1 1 0 1 0 1 1 0 1 1]
 [1 0 1 0 1 1 1 0 0 0]
 [1 0 0 0 1 1 0 1 1 1]
 [1 1 1 0 1 0 1 1 1 1]
 [1 1 1 1 1 1 0 0 1 1]
 [1 0 1 0 1 1 1 0 1 1]
 [1 0 1 0 1 1 0 0 1 0]
 [0 0 0 0 0 1 1 1 1 0]
 [1 1 1 0 0 1 0 1 0 1]
 [0 1 1 0 1 1 0 1 0 0]
 [0 0 0 1 0 1 1 1 1 1]
 [1 1 1 1 1 0 1 1 1 1]
 [1 1 1 0 0 1 1 1 1 1]
 [1 1 1 1 1 1 0 1 1 1]
 [1 1 1 1 1 0 0 1 1 1]
 [0 1 1 1 1 0 0 0 0 0]
 [1 1 0 1 1 1 1 0 1 0]
 [0 1 1 0 1 1 1 1 1 0]
 [1 1 1 1 1 0 0 1 1 1]
 [1 1 0 1 1 1 0 1 1 1]
 [1 0 1 1 1 0 1 0 1 1]
 [1 1 1 1 1 1 1 1 1 1]
 [1 1 1 1 1 0 1 1 0 1]
 [1 1 1 1 0 1 1 0 1 0]
 [1 0 1 1 1 1 1 1 1 1]
 [0 1 1 0 1 0 1 0 0 0]
 [1 1 1 0 1 0 1 0 0 1]]
{'restarts': 16, 'conflicts': 6395, 'decisions': 11245, 'propagations': 6264080}
Q is identifiable
branch at 6
runtime for solving id of Q is 1.0032773038838059
Simulation results:
{'J': 100, 'K': 10, 'N': 10, 'p': 0.7, 'seed': 615, 'sim': 4, 'runtime': 1.0032773038838059, 'identifiable': 1, 'branch': 6}
5
Q: [[1 1 1 1 1 0 1 1 1 1]
 [0 0 1 1 1 1 1 1 1 1]
 [1 0 0 1 0 0 1 1 1 1]
 [1 1 1 0 1 1 1 0 1 1]
 [1 1 1 1 0 0 1 0 1 1]
 [1 1 1 1 0 1 1 1 0 1]
 [1 1 1 1 1 1 1 1 1 1]
 [1 1 1 1 1 1 1 1 1 1]
 [1 1 0 1 0 1 1 1 0 1]
 [1 1 1 1 1 1 1 1 1 1]
 [0 0 0 1 1 1 1 0 1 1]
 [1 1 0 1 1 1 1 0 1 0]
 [1 1 0 1 1 1 0 1 1 0]
 [0 1 1 1 0 1 1 0 1 0]
 [0 1 1 1 1 1 0 1 1 1]
 [1 1 1 1 0 1 1 1 0 0]
 [1 1 0 1 1 1 1 0 1 0]
 [1 1 1 1 0 0 1 1 1 0]
 [1 1 1 1 1 0 0 1 1 1]
 [1 1 0 1 1 1 0 0 1 0]
 [1 1 0 1 0 0 1 0 0 1]
 [1 1 0 1 1 1 1 1 1 1]
 [0 0 0 0 1 0 1 1 0 1]
 [0 1 1 1 1 1 1 0 1 1]
 [0 1 0 1 1 1 1 0 1 0]
 [1 1 0 1 1 1 1 1 0 0]
 [1 1 0 1 1 1 1 1 0 1]
 [1 1 1 1 1 0 0 1 0 1]
 [1 1 0 1 1 0 1 0 1 1]
 [1 1 1 1 1 1 1 1 1 1]
 [1 1 0 0 1 1 1 0 1 0]
 [1 1 1 1 0 1 0 1 1 1]
 [1 0 1 1 0 1 1 0 1 1]
 [1 1 1 1 0 1 1 0 1 1]
 [1 0 0 1 1 1 0 1 0 1]
 [0 0 1 1 0 1 0 1 1 0]
 [0 0 1 1 1 0 1 1 1 1]
 [0 1 0 1 1 1 1 0 1 1]
 [0 1 1 1 1 1 1 0 1 1]
 [1 0 1 1 1 1 0 1 1 1]
 [0 0 1 1 1 1 1 0 1 1]
 [1 1 1 1 1 1 1 0 1 1]
 [1 1 1 0 1 1 1 1 1 1]
 [1 1 1 1 0 1 1 1 0 1]
 [0 0 1 0 1 1 1 0 1 1]
 [1 0 0 1 1 1 1 1 0 0]
 [0 0 1 1 0 1 1 0 1 1]
 [0 0 1 0 1 0 0 0 0 0]
 [0 1 1 1 1 1 0 1 1 0]
 [0 1 0 1 1 1 1 1 0 0]
 [0 1 1 1 0 0 1 1 0 1]
 [1 0 1 0 1 0 0 1 1 1]
 [1 1 1 1 1 0 1 0 1 1]
 [1 1 1 1 1 1 1 0 1 0]
 [1 0 1 0 1 1 1 0 1 0]
 [1 1 1 0 1 0 1 0 0 1]
 [1 1 1 1 0 1 1 1 0 1]
 [1 0 1 1 0 0 1 1 1 1]
 [1 1 1 1 1 0 1 0 1 1]
 [1 1 1 0 0 1 0 1 1 1]
 [1 1 0 1 1 1 1 0 1 0]
 [1 1 0 0 1 1 1 0 0 1]
 [0 1 0 0 1 1 1 1 1 0]
 [0 0 1 1 0 1 1 1 1 1]
 [1 1 1 1 0 1 1 1 0 1]
 [1 1 0 0 1 1 0 1 1 1]
 [1 1 1 1 1 0 1 1 1 0]
 [1 1 1 1 1 1 1 1 1 0]
 [1 1 0 1 0 1 0 0 0 1]
 [0 1 0 1 0 1 0 0 1 0]
 [0 1 0 1 1 0 1 1 1 1]
 [1 1 1 1 1 1 1 1 1 1]
 [1 1 1 1 1 1 1 1 1 1]
 [1 0 1 1 1 1 0 1 1 0]
 [1 1 1 0 1 1 0 0 1 0]
 [1 1 1 0 1 1 0 1 1 1]
 [1 1 0 1 0 1 1 0 0 1]
 [1 0 1 0 0 1 1 0 1 0]
 [0 1 1 1 1 0 1 1 1 1]
 [1 1 1 0 0 1 1 1 1 1]
 [1 1 1 1 1 1 1 1 0 0]
 [0 1 0 1 1 1 1 1 1 0]
 [1 0 1 1 0 1 1 0 1 1]
 [0 0 1 1 1 1 1 1 1 1]
 [1 1 1 0 0 1 1 1 0 1]
 [0 1 1 0 1 1 0 1 1 1]
 [1 1 1 0 1 1 1 0 1 1]
 [1 1 1 1 0 0 1 1 1 1]
 [1 0 0 1 0 1 1 1 1 1]
 [1 1 1 0 0 1 0 0 1 0]
 [0 0 1 1 1 1 0 0 1 0]
 [1 1 1 1 1 1 1 0 0 1]
 [1 0 1 0 0 1 1 0 1 0]
 [1 1 0 0 1 0 0 1 0 1]
 [1 0 1 0 0 1 1 1 0 1]
 [1 0 1 0 1 0 0 0 1 1]
 [1 1 1 1 1 1 0 1 1 1]
 [0 1 1 0 1 1 0 0 0 1]
 [1 0 1 1 1 1 0 1 1 1]
 [1 1 1 1 1 0 1 0 1 1]]
{'restarts': 19, 'conflicts': 4969, 'decisions': 10008, 'propagations': 4403680}
Q is identifiable
branch at 6
runtime for solving id of Q is 0.7179853289853781
Simulation results:
{'J': 100, 'K': 10, 'N': 10, 'p': 0.7, 'seed': 615, 'sim': 5, 'runtime': 0.7179853289853781, 'identifiable': 1, 'branch': 6}
6
Q: [[0 1 1 0 1 0 1 1 0 1]
 [1 1 0 0 1 1 1 1 1 1]
 [1 1 1 1 1 1 1 1 1 1]
 [1 1 1 1 1 1 1 0 0 1]
 [1 0 1 1 1 1 1 1 0 1]
 [0 0 1 1 1 1 1 1 1 1]
 [0 0 1 1 1 1 1 0 1 1]
 [1 1 1 0 1 0 0 1 1 0]
 [1 0 1 1 1 1 1 0 0 1]
 [1 1 1 1 1 1 1 1 1 1]
 [1 1 0 0 1 1 0 1 1 1]
 [1 0 1 1 1 1 1 1 1 0]
 [1 1 0 0 0 1 1 1 1 0]
 [1 1 1 1 1 0 1 1 1 0]
 [0 1 1 1 1 1 1 0 1 1]
 [1 1 1 1 1 1 0 0 1 0]
 [1 1 1 1 0 1 1 1 1 1]
 [1 1 1 0 1 1 1 0 1 0]
 [1 1 1 0 1 1 0 1 0 0]
 [1 1 1 1 0 0 0 1 1 1]
 [0 1 1 1 0 1 1 1 1 1]
 [1 1 1 1 0 0 1 1 1 1]
 [0 1 1 1 1 1 1 1 1 1]
 [1 1 1 1 1 1 1 1 0 0]
 [0 1 1 0 1 1 1 1 1 0]
 [1 1 1 0 0 1 1 1 0 0]
 [1 1 0 1 1 1 1 0 1 0]
 [0 1 1 0 1 0 0 1 0 1]
 [1 1 1 1 1 1 0 1 1 0]
 [1 1 1 1 1 0 1 1 1 0]
 [1 0 0 1 0 1 1 1 1 1]
 [1 1 0 1 0 0 1 0 1 1]
 [1 0 1 1 1 1 1 1 1 1]
 [1 1 0 1 1 0 1 0 0 1]
 [1 0 0 0 1 1 0 1 1 1]
 [0 1 0 1 1 1 0 1 1 1]
 [1 0 1 1 0 1 1 0 0 1]
 [0 1 1 0 0 1 0 1 0 1]
 [0 0 1 0 1 0 1 1 0 1]
 [0 0 1 0 1 1 0 1 1 1]
 [1 0 1 1 1 1 1 0 1 1]
 [0 0 0 0 1 0 1 0 0 1]
 [1 1 1 1 0 1 0 0 1 0]
 [1 1 0 0 1 1 1 0 1 0]
 [1 1 1 0 0 1 1 1 1 1]
 [1 0 0 1 0 1 1 1 1 1]
 [1 1 0 1 1 1 0 1 1 0]
 [1 1 1 1 1 1 1 1 1 0]
 [0 0 1 1 0 1 1 1 1 1]
 [1 1 1 0 1 1 1 1 1 1]
 [0 1 1 1 1 0 1 0 0 0]
 [0 0 1 0 0 1 1 1 1 1]
 [1 1 0 0 1 1 0 1 1 1]
 [1 1 1 1 1 1 1 1 1 1]
 [1 1 1 1 1 0 1 1 1 1]
 [1 1 0 1 1 0 0 0 1 1]
 [0 1 1 1 1 1 1 1 0 0]
 [0 1 1 0 1 1 1 1 1 1]
 [0 1 1 1 0 0 1 1 1 1]
 [1 1 0 1 1 1 1 1 1 1]
 [1 1 1 1 1 1 0 0 0 0]
 [1 1 1 1 1 1 0 0 0 1]
 [0 1 0 0 0 1 1 1 1 1]
 [0 1 1 1 1 1 1 0 0 1]
 [1 1 0 1 1 0 1 1 1 1]
 [1 1 1 1 1 1 0 1 1 1]
 [1 1 1 1 0 0 1 0 1 1]
 [1 1 0 1 1 1 1 0 1 0]
 [1 1 1 1 0 1 1 1 1 0]
 [0 1 1 1 1 1 1 1 1 1]
 [1 0 1 1 0 1 0 1 1 1]
 [1 1 1 1 1 1 1 1 1 1]
 [0 1 1 1 1 1 1 0 1 1]
 [1 1 1 1 1 0 1 1 0 1]
 [0 1 1 1 0 1 1 1 1 1]
 [1 0 1 1 1 0 1 1 1 0]
 [1 1 0 0 0 1 1 1 1 1]
 [1 0 1 1 0 1 0 1 1 0]
 [1 1 0 1 1 1 1 0 1 0]
 [0 0 1 0 1 0 1 1 1 1]
 [1 0 1 1 1 1 1 0 1 1]
 [1 1 1 1 1 1 1 0 1 1]
 [1 1 0 0 1 1 1 0 0 0]
 [1 1 1 1 0 1 0 0 0 1]
 [1 1 1 1 0 1 1 1 1 0]
 [1 1 0 0 0 0 1 1 1 1]
 [1 1 1 0 1 0 1 0 1 0]
 [0 1 1 1 0 0 0 1 1 1]
 [1 1 1 0 0 0 0 1 1 1]
 [1 1 1 1 1 0 1 1 1 1]
 [1 1 1 0 1 1 1 1 1 1]
 [0 1 0 0 0 1 1 1 1 1]
 [0 0 1 1 1 1 0 0 1 0]
 [0 0 0 1 0 0 0 1 1 1]
 [1 1 1 1 1 1 1 1 1 0]
 [1 1 1 1 1 1 1 1 1 1]
 [0 1 1 1 1 1 1 1 1 1]
 [0 0 1 1 1 0 1 1 1 1]
 [1 0 1 1 1 1 1 1 0 1]
 [1 1 1 0 1 1 0 0 1 1]]
{'restarts': 14, 'conflicts': 3599, 'decisions': 7822, 'propagations': 2896929}
Q is identifiable
branch at 6
runtime for solving id of Q is 0.501225268933922
Simulation results:
{'J': 100, 'K': 10, 'N': 10, 'p': 0.7, 'seed': 615, 'sim': 6, 'runtime': 0.501225268933922, 'identifiable': 1, 'branch': 6}
7
Q: [[1 0 0 1 1 1 1 1 1 1]
 [0 0 1 1 1 0 1 1 0 1]
 [0 1 0 1 1 1 1 0 1 1]
 [1 0 1 1 1 1 1 1 1 1]
 [1 1 0 1 1 0 0 0 1 1]
 [1 1 1 0 1 1 0 1 1 1]
 [1 1 1 0 1 1 1 1 1 1]
 [0 1 1 0 1 1 1 1 0 1]
 [1 0 1 1 1 1 0 0 0 0]
 [1 1 1 1 1 1 1 1 1 1]
 [0 1 1 0 1 1 1 0 1 1]
 [1 0 1 1 1 1 1 1 1 1]
 [1 0 1 0 1 1 1 1 0 1]
 [1 1 1 0 1 0 0 1 0 1]
 [0 1 1 1 0 0 1 1 1 1]
 [0 1 1 0 0 0 1 0 0 1]
 [1 1 1 0 1 1 0 1 1 1]
 [1 1 1 1 1 0 1 0 1 1]
 [0 1 1 1 0 1 0 1 1 0]
 [0 0 0 0 1 0 0 0 0 1]
 [0 1 1 1 0 1 1 1 1 1]
 [1 0 1 0 1 1 1 1 1 1]
 [1 0 1 1 1 1 1 1 1 1]
 [1 0 0 1 0 1 1 0 1 1]
 [1 1 0 1 1 0 1 0 0 1]
 [1 1 0 0 0 1 1 0 1 1]
 [0 1 1 1 0 0 1 1 1 0]
 [1 1 1 1 1 0 0 1 1 1]
 [0 1 1 0 1 1 1 1 1 0]
 [1 1 1 0 1 1 1 1 0 1]
 [0 0 0 1 1 1 1 1 0 0]
 [1 1 1 0 1 1 0 1 1 0]
 [1 1 1 1 1 0 1 1 1 1]
 [1 0 1 1 1 1 1 1 1 1]
 [1 1 1 1 1 1 0 1 1 1]
 [1 1 1 1 1 1 1 1 1 1]
 [1 1 1 1 1 1 1 0 0 1]
 [0 1 1 1 0 0 1 1 0 0]
 [0 1 1 1 1 0 1 1 1 1]
 [0 0 1 1 1 0 1 0 1 1]
 [1 1 0 1 0 0 0 1 1 1]
 [1 1 0 0 1 0 0 1 0 1]
 [1 1 1 1 1 0 1 1 0 1]
 [1 1 1 0 1 0 1 1 1 1]
 [1 0 0 1 1 1 1 1 1 1]
 [1 1 0 0 1 1 1 1 0 1]
 [1 0 1 0 1 0 0 1 1 1]
 [1 1 1 1 1 0 1 1 1 1]
 [1 0 0 1 1 1 1 1 1 1]
 [1 1 1 1 1 0 1 1 1 1]
 [0 0 1 1 0 1 1 1 0 1]
 [1 1 0 0 1 0 1 1 0 0]
 [0 1 1 1 1 1 1 1 0 1]
 [1 1 1 0 1 0 0 1 1 0]
 [0 0 1 1 0 0 1 1 1 0]
 [1 0 0 1 1 0 0 1 1 1]
 [0 1 0 0 1 1 0 0 0 1]
 [1 1 1 0 1 1 1 0 0 1]
 [1 1 0 1 0 1 1 1 1 1]
 [0 1 1 1 1 1 1 1 0 1]
 [0 0 1 0 0 1 1 1 0 0]
 [1 1 0 1 1 1 1 0 0 0]
 [1 1 1 1 0 1 1 1 0 0]
 [0 1 1 1 1 1 1 0 1 0]
 [0 1 1 1 0 1 1 0 1 1]
 [1 0 1 1 1 1 1 1 1 1]
 [1 1 0 0 1 1 1 0 1 1]
 [1 1 1 1 1 0 1 0 1 0]
 [1 1 0 1 0 0 1 1 1 0]
 [1 1 1 1 1 1 0 0 1 0]
 [1 0 1 1 0 0 0 1 1 0]
 [1 0 1 1 1 1 1 1 0 1]
 [1 0 1 0 1 1 1 1 0 0]
 [0 1 1 1 1 0 1 0 1 0]
 [1 1 0 1 1 1 1 1 1 1]
 [1 0 1 1 1 1 1 1 0 1]
 [1 1 1 1 1 1 1 1 1 1]
 [0 0 1 0 1 1 0 1 1 1]
 [1 1 0 1 1 1 1 0 0 1]
 [1 1 1 1 1 1 0 1 1 0]
 [1 1 1 1 1 1 1 1 1 1]
 [0 1 1 1 1 0 1 0 0 0]
 [1 1 1 0 1 0 1 1 1 1]
 [0 1 0 1 0 1 1 1 1 0]
 [1 0 0 1 0 0 1 1 1 1]
 [1 1 1 0 0 1 0 1 0 1]
 [0 1 1 1 0 1 0 1 1 0]
 [0 1 1 1 0 1 0 0 1 1]
 [0 0 1 1 1 1 0 1 1 1]
 [0 0 1 0 1 1 0 1 1 1]
 [0 1 1 1 1 0 1 1 0 1]
 [1 1 1 1 1 1 0 0 1 0]
 [1 1 1 1 0 1 1 1 1 1]
 [0 0 1 0 1 0 1 1 0 1]
 [1 1 1 1 0 1 1 1 1 0]
 [0 0 0 1 1 1 1 0 1 1]
 [1 0 1 1 1 1 1 1 1 1]
 [1 1 0 1 0 1 1 1 0 1]
 [1 0 0 1 1 1 1 1 1 0]
 [1 1 1 1 1 1 1 0 1 1]]
{'restarts': 7, 'conflicts': 3176, 'decisions': 6077, 'propagations': 2845058}
Q is identifiable
branch at 6
runtime for solving id of Q is 0.5616460319142789
Simulation results:
{'J': 100, 'K': 10, 'N': 10, 'p': 0.7, 'seed': 615, 'sim': 7, 'runtime': 0.5616460319142789, 'identifiable': 1, 'branch': 6}
8
Q: [[1 1 0 1 1 1 1 1 1 1]
 [1 0 1 1 1 1 1 1 1 1]
 [1 1 0 1 1 0 1 0 0 1]
 [1 0 1 1 1 0 0 1 0 1]
 [1 1 1 0 1 1 1 1 1 1]
 [1 1 1 1 1 1 1 1 1 0]
 [0 0 0 0 1 1 0 1 1 0]
 [1 1 1 1 1 1 1 1 1 1]
 [1 1 0 1 1 1 1 1 1 1]
 [1 1 1 0 0 1 0 1 0 1]
 [1 0 1 1 1 1 1 1 0 0]
 [1 1 0 1 1 1 0 1 1 1]
 [0 1 0 1 1 1 1 1 0 0]
 [1 1 1 1 1 1 1 1 1 1]
 [1 1 0 1 1 0 1 0 1 1]
 [0 0 1 1 0 1 1 1 1 1]
 [1 1 0 1 0 0 1 1 1 0]
 [1 1 0 1 0 0 1 1 1 1]
 [1 1 1 1 1 1 1 1 1 0]
 [1 0 1 1 1 0 1 0 1 1]
 [1 1 0 0 0 1 0 1 1 1]
 [0 0 1 1 1 0 0 1 1 0]
 [1 1 1 1 1 1 0 0 0 1]
 [1 1 1 1 1 0 1 1 1 0]
 [1 1 1 1 0 1 1 1 1 0]
 [1 1 1 0 1 1 1 1 1 1]
 [1 1 1 1 1 0 1 1 1 0]
 [1 1 0 1 1 1 1 1 1 1]
 [1 1 1 1 1 1 1 0 0 1]
 [1 1 0 1 1 1 0 0 1 0]
 [0 0 1 1 1 1 1 1 1 1]
 [1 1 1 1 1 0 0 1 1 0]
 [1 1 1 1 1 1 1 1 1 1]
 [0 1 0 1 0 1 1 0 1 1]
 [1 1 1 1 0 1 1 0 1 1]
 [1 0 1 1 0 1 0 1 1 0]
 [1 1 1 1 1 0 0 1 1 1]
 [1 1 1 0 1 0 0 1 1 1]
 [0 1 1 1 1 1 0 1 0 0]
 [0 0 1 0 1 0 0 0 1 1]
 [1 1 0 0 0 1 1 1 1 1]
 [1 1 1 1 1 1 1 0 1 1]
 [0 1 1 1 1 1 1 0 0 0]
 [1 1 1 1 1 1 1 1 1 1]
 [0 1 1 1 1 0 1 1 1 0]
 [0 0 0 0 0 1 1 1 1 1]
 [0 0 1 1 0 0 1 1 1 1]
 [1 1 1 1 1 0 1 1 1 1]
 [1 1 1 0 0 0 1 1 1 0]
 [1 0 1 0 0 1 0 1 1 1]
 [0 0 0 0 1 0 1 1 1 1]
 [0 0 0 1 0 1 1 1 1 1]
 [1 1 1 1 1 1 1 1 1 0]
 [1 0 1 0 1 1 1 0 1 1]
 [1 1 1 1 1 1 1 1 1 0]
 [1 0 1 1 1 1 0 0 1 1]
 [1 1 1 1 1 1 1 1 1 0]
 [1 0 1 1 1 1 1 1 1 1]
 [1 1 0 1 1 0 0 1 1 0]
 [0 1 1 1 1 1 1 1 1 1]
 [1 1 1 0 1 0 1 0 1 1]
 [1 0 0 0 0 0 1 1 1 1]
 [0 0 1 1 1 1 1 0 1 1]
 [0 1 1 1 1 1 0 0 1 1]
 [1 1 1 1 1 1 1 1 1 0]
 [1 1 1 1 0 0 1 1 0 1]
 [0 1 1 0 0 1 1 1 0 0]
 [0 0 1 0 0 1 0 0 0 1]
 [0 1 1 1 1 1 0 0 1 1]
 [1 0 1 1 0 1 1 1 0 1]
 [0 0 0 0 1 1 1 0 1 0]
 [1 0 1 0 0 1 1 0 0 1]
 [0 1 1 0 0 1 1 0 1 1]
 [1 1 1 0 1 0 0 1 1 1]
 [1 1 1 1 0 1 0 0 1 1]
 [1 1 0 1 1 1 1 0 0 1]
 [1 0 1 1 0 1 1 0 0 1]
 [1 1 1 1 1 0 1 0 1 0]
 [1 1 1 1 0 1 0 1 0 1]
 [1 0 0 0 0 1 1 1 0 1]
 [1 0 1 1 1 1 1 1 1 1]
 [1 1 1 1 0 1 0 1 1 0]
 [1 1 1 0 1 0 1 0 1 1]
 [1 0 0 0 1 1 1 1 1 1]
 [1 1 0 1 1 1 1 0 0 1]
 [0 1 0 0 1 1 1 1 1 0]
 [1 0 0 0 0 1 1 1 1 1]
 [0 0 1 0 1 1 1 0 0 1]
 [1 1 1 1 0 0 0 1 1 1]
 [1 1 1 1 0 0 0 1 0 0]
 [1 1 1 0 0 1 1 1 1 1]
 [1 0 0 1 1 1 1 1 1 1]
 [1 0 1 0 1 1 1 1 1 1]
 [0 0 1 0 1 1 1 1 0 1]
 [1 0 1 1 1 1 1 1 1 1]
 [1 1 1 0 0 1 1 1 0 1]
 [1 0 1 1 1 1 1 1 0 1]
 [1 1 1 1 1 1 1 1 1 1]
 [1 0 1 1 1 1 1 0 1 1]
 [1 1 0 1 1 0 1 1 1 1]]
{'restarts': 12, 'conflicts': 3468, 'decisions': 7126, 'propagations': 4075251}
Q is identifiable
branch at 6
runtime for solving id of Q is 0.6499749899376184
Simulation results:
{'J': 100, 'K': 10, 'N': 10, 'p': 0.7, 'seed': 615, 'sim': 8, 'runtime': 0.6499749899376184, 'identifiable': 1, 'branch': 6}
9
Q: [[1 1 1 0 1 1 1 1 1 1]
 [0 1 1 0 1 1 0 1 0 1]
 [1 1 0 1 1 0 0 0 0 1]
 [1 1 0 0 1 1 1 1 1 1]
 [1 1 1 1 1 1 1 1 0 0]
 [1 1 1 1 1 1 0 1 1 1]
 [1 0 1 1 1 1 1 0 1 0]
 [1 1 1 1 0 1 1 1 1 1]
 [1 1 0 0 1 1 1 0 1 1]
 [1 1 1 1 0 1 1 1 1 1]
 [0 1 0 1 0 0 1 1 0 1]
 [0 0 1 1 0 0 0 1 1 1]
 [1 1 1 1 1 0 0 1 1 1]
 [0 1 1 1 1 1 1 1 1 1]
 [1 1 1 0 0 0 1 1 1 1]
 [1 0 1 1 1 0 0 1 1 1]
 [0 1 0 1 1 1 0 1 1 1]
 [0 0 0 0 1 1 0 1 1 1]
 [1 1 1 1 1 1 1 1 0 1]
 [1 1 1 1 1 1 1 1 1 1]
 [1 1 1 1 1 1 0 0 1 1]
 [1 0 0 1 1 1 1 1 1 0]
 [0 0 1 1 1 1 1 1 1 1]
 [1 0 1 1 1 1 1 1 1 1]
 [1 1 1 1 1 0 1 1 0 0]
 [1 1 0 1 1 0 1 0 1 0]
 [1 1 1 1 1 0 0 1 1 1]
 [0 1 1 0 0 0 1 1 1 1]
 [0 1 1 1 1 1 1 0 1 0]
 [1 0 1 0 0 1 0 1 1 1]
 [1 1 1 1 1 1 1 1 1 1]
 [1 1 1 1 0 1 1 0 0 1]
 [1 1 0 1 1 1 1 0 1 0]
 [1 1 0 0 1 1 1 1 1 1]
 [1 1 1 0 1 1 1 1 1 0]
 [1 1 1 1 1 1 0 0 0 1]
 [1 0 0 0 0 1 1 0 1 1]
 [1 1 1 1 0 0 1 0 1 1]
 [1 0 0 1 1 1 1 1 1 1]
 [1 1 1 1 1 1 0 1 1 0]
 [0 1 1 1 1 1 1 1 0 0]
 [1 1 0 1 1 1 1 1 1 0]
 [1 0 0 0 1 1 1 0 1 1]
 [0 1 0 1 1 0 1 1 0 1]
 [0 1 1 1 1 1 1 0 1 0]
 [0 1 1 1 0 1 0 1 1 1]
 [1 1 1 1 0 0 1 0 0 1]
 [1 1 0 0 1 1 1 1 0 1]
 [0 0 1 1 1 0 1 1 1 1]
 [0 1 1 1 1 1 1 0 1 1]
 [0 0 1 1 1 0 1 1 1 1]
 [1 1 0 1 1 0 1 1 1 0]
 [1 1 1 1 0 0 1 1 1 1]
 [1 1 1 1 0 1 0 0 1 0]
 [1 0 1 1 1 1 1 1 1 1]
 [1 1 0 1 1 0 1 1 1 0]
 [1 1 1 1 0 0 1 0 0 1]
 [1 1 0 1 1 1 1 1 1 1]
 [1 0 0 1 1 1 1 1 0 0]
 [1 1 1 0 1 1 1 1 1 1]
 [1 1 0 1 1 1 1 1 0 0]
 [0 1 1 1 1 1 0 1 1 1]
 [1 1 1 0 1 1 1 1 1 0]
 [0 1 0 1 1 1 1 1 1 0]
 [1 1 0 1 0 0 0 1 0 0]
 [0 0 1 1 0 1 0 1 1 1]
 [1 0 0 1 1 1 1 1 1 1]
 [1 1 1 1 1 0 1 1 1 1]
 [1 1 1 0 0 1 0 1 1 1]
 [1 0 1 0 1 1 0 1 1 1]
 [0 0 1 0 1 1 1 1 1 0]
 [1 1 1 1 0 1 1 0 1 1]
 [1 0 0 1 1 1 1 1 1 1]
 [1 1 1 1 1 0 1 1 1 0]
 [1 1 1 1 1 1 1 1 1 1]
 [0 1 1 0 0 0 0 1 1 1]
 [1 0 0 0 1 1 0 0 0 1]
 [1 1 1 1 0 0 1 1 1 1]
 [0 0 0 1 0 1 0 0 1 1]
 [1 1 1 1 1 0 0 1 1 1]
 [0 0 1 1 1 1 1 1 1 0]
 [1 0 0 1 1 1 1 0 1 1]
 [1 1 1 0 1 1 0 1 0 1]
 [0 1 0 1 1 1 0 0 0 0]
 [1 1 1 1 0 1 1 1 0 1]
 [0 0 0 1 0 0 0 1 1 1]
 [1 1 1 1 0 0 1 1 1 1]
 [1 0 1 0 1 0 1 1 0 0]
 [1 1 1 0 0 0 1 1 1 1]
 [0 0 0 0 0 0 1 0 0 1]
 [1 0 1 1 1 1 1 0 0 1]
 [0 0 1 0 0 1 0 0 1 0]
 [1 1 1 1 0 1 1 1 1 1]
 [1 1 1 0 0 1 0 0 0 1]
 [1 0 1 0 1 1 0 0 0 0]
 [1 1 1 0 1 1 1 1 0 1]
 [1 1 0 0 1 1 1 0 1 0]
 [0 1 1 0 0 1 1 0 1 1]
 [1 1 1 1 0 1 1 1 0 0]
 [0 1 1 1 1 1 1 1 0 1]]
{'restarts': 3, 'conflicts': 1159, 'decisions': 2219, 'propagations': 882170}
Q is identifiable
branch at 6
runtime for solving id of Q is 0.2781362228561193
Simulation results:
{'J': 100, 'K': 10, 'N': 10, 'p': 0.7, 'seed': 615, 'sim': 9, 'runtime': 0.2781362228561193, 'identifiable': 1, 'branch': 6}
Simulation results:
[{'J': 100, 'K': 10, 'N': 10, 'p': 0.7, 'seed': 615, 'sim': 0, 'runtime': 6.447099752957001, 'identifiable': 1, 'branch': 6}, {'J': 100, 'K': 10, 'N': 10, 'p': 0.7, 'seed': 615, 'sim': 1, 'runtime': 0.4282073730137199, 'identifiable': 1, 'branch': 6}, {'J': 100, 'K': 10, 'N': 10, 'p': 0.7, 'seed': 615, 'sim': 2, 'runtime': 4.742354138055816, 'identifiable': 1, 'branch': 6}, {'J': 100, 'K': 10, 'N': 10, 'p': 0.7, 'seed': 615, 'sim': 3, 'runtime': 4.072980681899935, 'identifiable': 1, 'branch': 6}, {'J': 100, 'K': 10, 'N': 10, 'p': 0.7, 'seed': 615, 'sim': 4, 'runtime': 1.0032773038838059, 'identifiable': 1, 'branch': 6}, {'J': 100, 'K': 10, 'N': 10, 'p': 0.7, 'seed': 615, 'sim': 5, 'runtime': 0.7179853289853781, 'identifiable': 1, 'branch': 6}, {'J': 100, 'K': 10, 'N': 10, 'p': 0.7, 'seed': 615, 'sim': 6, 'runtime': 0.501225268933922, 'identifiable': 1, 'branch': 6}, {'J': 100, 'K': 10, 'N': 10, 'p': 0.7, 'seed': 615, 'sim': 7, 'runtime': 0.5616460319142789, 'identifiable': 1, 'branch': 6}, {'J': 100, 'K': 10, 'N': 10, 'p': 0.7, 'seed': 615, 'sim': 8, 'runtime': 0.6499749899376184, 'identifiable': 1, 'branch': 6}, {'J': 100, 'K': 10, 'N': 10, 'p': 0.7, 'seed': 615, 'sim': 9, 'runtime': 0.2781362228561193, 'identifiable': 1, 'branch': 6}]
