
The Gurobi software has a limited number of licenses. To request a license or
licenses, add this line

    #SBATCH --licenses=gurobi@slurmdb:1

to your SBATCH script, replacing N with the number of licenses you need. Gurobi
will need one license per process.


0
Q: [[1 0 1 1 1 1 1 0 0 1]
 [0 1 1 0 1 1 1 0 0 0]
 [0 0 1 0 1 1 1 0 1 1]
 [1 0 1 1 1 1 1 1 0 1]
 [1 1 1 1 1 1 1 1 1 1]
 [1 1 0 1 1 1 1 1 1 1]
 [1 1 1 1 1 1 0 1 0 1]
 [0 1 0 1 0 1 1 1 1 1]
 [1 1 1 1 1 1 1 1 1 0]
 [1 1 1 0 1 1 1 1 0 1]
 [1 1 0 0 1 1 1 1 1 0]
 [1 0 1 1 0 1 0 1 0 1]
 [0 1 0 1 1 1 1 1 1 1]
 [1 1 1 1 1 1 1 1 1 1]
 [0 1 1 0 0 0 1 0 0 0]
 [1 0 1 1 1 0 0 1 1 1]
 [1 1 0 0 0 0 1 1 0 1]
 [1 1 1 1 0 1 1 0 0 1]
 [1 1 1 1 0 1 1 1 0 1]
 [1 1 1 0 0 1 1 1 1 1]
 [1 1 1 1 1 1 1 1 1 0]
 [0 1 1 1 1 0 1 1 1 0]
 [1 0 1 0 1 0 1 1 0 0]
 [1 1 1 1 1 1 1 1 1 1]
 [0 1 1 1 0 1 1 1 1 1]
 [1 0 0 0 0 1 1 1 0 1]
 [1 1 1 0 1 0 1 1 1 1]
 [0 0 1 0 1 0 0 0 1 0]
 [1 0 1 1 1 1 0 1 1 1]
 [1 1 0 1 1 1 1 0 0 0]
 [0 0 1 1 1 1 1 1 0 1]
 [0 1 1 1 1 1 1 1 0 0]
 [1 1 1 1 1 1 1 1 1 1]
 [1 0 1 1 0 0 1 1 1 1]
 [1 1 1 1 0 1 1 1 1 0]
 [1 1 1 1 1 1 1 1 1 0]
 [1 0 1 1 0 1 0 1 0 1]
 [1 1 0 1 1 1 0 0 1 1]
 [0 1 0 1 0 0 0 1 1 1]
 [1 1 1 0 1 0 1 1 1 1]
 [1 0 1 0 0 1 1 1 1 1]
 [1 1 1 1 1 1 1 1 1 1]
 [0 0 1 1 1 1 0 1 0 1]
 [1 1 1 1 1 1 1 1 0 1]
 [1 0 0 1 1 1 0 0 0 0]
 [1 0 1 1 0 1 1 1 0 0]
 [1 1 1 0 1 1 1 1 0 1]
 [1 0 1 0 0 0 1 0 0 1]
 [1 1 1 1 1 1 1 0 0 1]
 [1 1 0 1 1 1 1 1 1 1]
 [1 1 1 0 1 0 0 1 1 1]
 [1 1 0 1 1 0 1 1 1 0]
 [1 1 1 0 1 1 1 0 1 1]
 [1 1 1 1 1 1 1 1 1 0]
 [1 1 1 1 0 1 1 0 1 1]
 [0 1 1 1 1 1 1 1 1 0]
 [1 1 0 0 1 0 1 0 0 0]
 [0 1 1 1 0 1 1 0 1 0]
 [1 1 1 1 1 1 1 1 1 0]
 [0 0 1 1 1 0 1 1 1 0]
 [1 1 1 1 1 1 1 1 1 1]
 [1 1 0 1 1 1 1 1 1 0]
 [1 0 1 0 0 0 0 1 1 1]
 [1 1 1 1 0 0 1 1 1 0]
 [0 0 0 1 1 1 1 1 0 1]
 [1 1 1 1 0 1 1 1 1 0]
 [1 0 1 1 1 1 1 1 0 1]
 [1 1 1 1 0 1 0 1 1 1]
 [1 1 1 0 1 1 0 1 0 1]
 [0 1 1 1 1 1 1 1 1 0]
 [1 1 1 1 1 1 1 1 1 0]
 [1 1 0 1 1 1 1 1 1 0]
 [0 0 1 0 1 0 1 0 0 1]
 [1 1 1 1 1 1 1 1 1 1]
 [1 0 1 1 1 1 0 0 0 1]
 [1 1 0 1 1 0 1 1 1 1]
 [0 1 1 1 0 0 0 1 0 0]
 [1 1 1 1 0 1 1 1 0 0]
 [1 1 0 0 1 1 1 1 1 1]
 [1 1 1 1 0 0 1 1 1 1]
 [1 1 1 1 0 0 0 1 0 0]
 [1 1 1 0 1 1 1 1 0 1]
 [1 1 1 1 1 0 1 0 0 1]
 [1 1 0 1 0 1 0 1 1 0]
 [1 1 1 0 1 0 0 1 1 1]
 [0 0 1 1 0 0 1 1 1 1]
 [0 0 1 1 1 0 1 1 0 1]
 [0 1 1 1 1 1 1 1 0 0]
 [0 1 1 0 0 1 0 0 1 0]
 [1 1 1 1 1 1 0 1 1 1]
 [0 1 1 1 0 0 1 1 1 1]
 [0 1 0 1 0 1 1 1 0 1]
 [1 1 1 0 1 0 0 1 0 1]
 [0 1 1 1 1 0 1 1 1 0]
 [1 1 1 0 1 1 0 1 0 0]
 [1 0 1 1 1 1 1 1 0 0]
 [1 1 1 1 1 1 1 0 1 0]
 [0 1 0 1 0 1 1 1 1 1]
 [0 0 0 1 0 1 0 0 1 0]
 [1 1 1 1 0 1 1 0 1 1]]
{'restarts': 9, 'conflicts': 2839, 'decisions': 5808, 'propagations': 2102783}
Q is identifiable
branch at 6
runtime for solving id of Q is 0.4001674111932516
Simulation results:
{'J': 100, 'K': 10, 'N': 10, 'p': 0.7, 'seed': 0, 'sim': 0, 'runtime': 0.4001674111932516, 'identifiable': 1, 'branch': 6}
1
Q: [[1 1 1 0 1 0 1 1 1 0]
 [1 1 1 1 1 1 1 1 1 0]
 [1 1 1 0 0 0 1 1 0 1]
 [1 1 0 0 0 1 1 1 1 1]
 [1 1 1 0 1 1 1 0 1 0]
 [1 1 1 1 0 1 1 0 0 1]
 [0 1 1 1 1 1 1 0 0 1]
 [1 0 1 1 1 1 1 0 1 1]
 [1 0 1 0 0 1 1 0 0 1]
 [1 1 0 0 1 0 1 0 1 1]
 [1 0 1 0 0 0 1 1 1 1]
 [1 1 1 1 1 1 1 1 0 0]
 [1 0 0 1 1 0 0 1 1 1]
 [1 1 0 1 1 1 0 0 1 0]
 [1 1 1 1 1 1 1 1 1 0]
 [1 1 1 1 0 0 1 0 1 1]
 [0 1 1 0 1 1 1 1 0 0]
 [1 1 1 1 0 1 1 1 0 1]
 [0 0 1 1 1 1 0 1 0 0]
 [0 0 1 1 1 1 1 1 1 1]
 [1 0 0 0 1 1 1 0 1 0]
 [1 0 0 1 1 1 1 1 0 1]
 [0 0 0 1 0 1 1 0 1 1]
 [1 1 1 1 1 1 1 1 1 1]
 [1 1 0 1 0 1 1 1 0 1]
 [0 1 1 0 1 1 1 0 1 0]
 [1 0 1 1 0 0 0 1 0 1]
 [1 1 0 1 0 0 0 1 0 1]
 [1 1 1 1 1 0 1 1 1 1]
 [1 0 0 1 1 0 1 1 0 1]
 [0 1 1 0 1 0 1 1 0 0]
 [0 1 1 1 0 0 0 0 0 0]
 [1 1 1 1 0 0 0 1 1 0]
 [1 1 0 1 1 1 0 1 1 1]
 [1 1 0 0 1 0 1 1 1 1]
 [1 1 1 0 1 1 1 1 0 1]
 [0 0 1 1 1 0 0 1 0 1]
 [1 0 0 1 1 0 1 1 1 1]
 [0 1 0 1 1 1 1 1 1 1]
 [1 1 1 0 0 1 1 0 0 0]
 [1 1 1 1 0 0 1 1 0 1]
 [1 1 1 1 1 1 1 1 1 1]
 [1 1 1 1 1 1 0 0 1 0]
 [1 1 1 1 1 1 1 0 0 0]
 [1 1 1 0 1 1 0 0 1 0]
 [0 1 0 0 1 1 1 1 0 1]
 [0 0 1 0 0 1 1 1 1 0]
 [1 1 1 0 1 1 1 1 0 0]
 [1 1 1 0 1 0 1 0 1 1]
 [1 1 1 0 0 1 1 1 1 1]
 [1 0 1 1 0 1 0 1 0 1]
 [1 1 1 1 0 1 0 0 1 0]
 [1 0 1 0 0 0 1 1 1 0]
 [1 0 0 1 1 0 0 0 0 1]
 [1 0 1 1 1 1 0 1 1 0]
 [0 0 0 1 1 0 1 1 0 0]
 [1 1 1 1 1 1 1 1 1 1]
 [1 0 1 1 1 1 1 0 1 0]
 [0 0 0 0 0 1 1 1 0 1]
 [0 0 1 1 1 0 1 0 0 1]
 [0 1 1 0 0 1 1 1 1 0]
 [1 1 1 1 1 0 0 1 1 1]
 [1 1 1 1 0 0 0 1 0 0]
 [1 0 1 1 1 1 1 1 1 0]
 [1 1 1 1 0 0 0 1 0 1]
 [1 1 1 1 1 1 0 1 0 0]
 [1 1 1 1 1 1 1 1 1 1]
 [0 0 1 1 0 0 1 1 1 1]
 [1 0 0 1 1 1 1 0 0 1]
 [0 1 0 1 1 1 1 1 1 0]
 [0 0 0 1 1 1 1 1 1 0]
 [1 1 1 0 1 1 1 0 1 0]
 [0 0 1 1 0 1 1 1 1 1]
 [1 1 1 1 1 1 1 0 0 1]
 [1 0 1 0 0 0 1 1 1 1]
 [1 1 0 1 1 1 0 0 1 0]
 [1 0 1 1 1 0 0 0 1 1]
 [1 1 1 0 1 1 1 1 1 0]
 [0 1 0 1 0 1 1 1 0 1]
 [0 1 1 0 1 0 0 1 0 1]
 [1 1 0 1 1 1 1 1 1 0]
 [0 1 0 0 0 1 1 1 1 0]
 [0 1 1 0 0 0 0 1 1 1]
 [1 1 1 0 0 1 1 1 0 1]
 [1 0 1 1 1 0 1 1 1 1]
 [1 1 1 1 0 1 1 1 0 1]
 [0 1 1 1 1 1 1 0 0 1]
 [0 1 1 1 1 1 1 1 1 1]
 [0 1 1 1 0 1 1 0 1 1]
 [0 1 0 0 1 1 0 0 1 0]
 [0 0 1 1 1 0 0 1 0 0]
 [1 1 1 1 1 1 1 1 1 1]
 [1 1 1 1 0 1 1 0 0 1]
 [1 1 1 0 1 0 1 1 1 1]
 [1 0 1 0 1 1 1 1 1 0]
 [1 0 1 1 1 0 0 0 1 1]
 [1 0 0 1 1 1 1 1 0 1]
 [0 1 1 1 1 1 1 0 1 1]
 [0 0 1 0 0 1 1 1 1 0]
 [1 0 1 1 1 0 0 1 1 1]]
{'restarts': 9, 'conflicts': 2627, 'decisions': 5440, 'propagations': 2700887}
Q is identifiable
branch at 6
runtime for solving id of Q is 0.5448100557550788
Simulation results:
{'J': 100, 'K': 10, 'N': 10, 'p': 0.7, 'seed': 0, 'sim': 1, 'runtime': 0.5448100557550788, 'identifiable': 1, 'branch': 6}
2
Q: [[0 1 1 1 1 1 1 1 1 1]
 [1 1 1 1 1 1 1 0 1 0]
 [1 1 1 1 0 1 1 1 0 1]
 [1 0 1 1 0 0 0 1 0 1]
 [1 1 1 0 1 0 1 1 0 1]
 [0 1 0 1 0 1 1 0 1 1]
 [1 1 1 1 0 1 1 1 0 0]
 [1 1 1 1 1 1 1 1 1 0]
 [1 1 0 1 0 0 0 1 0 1]
 [1 1 1 0 1 1 1 1 1 0]
 [1 1 1 1 0 1 0 0 1 1]
 [1 1 1 1 0 1 1 0 1 1]
 [0 1 1 1 0 1 1 0 1 1]
 [1 0 0 0 1 1 0 1 1 1]
 [0 1 1 1 1 1 1 1 0 1]
 [0 0 1 0 1 1 1 1 1 1]
 [1 0 1 0 0 0 1 1 0 1]
 [1 1 1 0 1 1 0 1 0 0]
 [0 1 1 1 0 1 1 1 1 1]
 [0 1 0 0 1 1 1 0 1 1]
 [1 0 1 1 1 1 1 1 0 1]
 [1 1 0 1 0 1 1 1 1 0]
 [1 1 1 0 0 1 1 1 0 0]
 [1 1 1 0 1 1 1 1 1 1]
 [0 1 1 1 1 1 0 0 1 1]
 [0 0 1 1 1 0 1 0 1 1]
 [1 1 0 1 1 0 1 0 1 1]
 [1 1 0 1 1 1 1 1 0 0]
 [1 1 0 1 1 1 1 0 1 0]
 [1 1 1 0 1 0 1 1 0 1]
 [1 0 1 1 1 1 0 1 0 1]
 [1 0 1 1 0 1 0 1 1 1]
 [0 1 0 0 1 1 1 1 0 1]
 [1 1 1 1 0 1 0 1 1 0]
 [1 1 1 1 0 0 1 1 1 1]
 [1 1 1 1 0 1 0 0 1 1]
 [1 0 1 1 1 1 0 1 1 1]
 [1 1 1 0 1 1 0 0 1 0]
 [1 1 1 1 1 1 1 0 1 1]
 [0 0 0 1 1 1 1 1 0 1]
 [0 0 1 1 1 0 1 1 1 1]
 [1 0 0 1 1 1 1 1 1 1]
 [1 0 1 0 1 0 1 1 1 0]
 [0 1 0 0 1 0 1 1 1 1]
 [1 1 1 0 1 0 0 1 1 1]
 [1 1 0 1 1 1 0 1 1 0]
 [1 1 1 0 0 1 1 1 0 1]
 [1 1 0 1 1 1 1 1 1 1]
 [1 1 1 0 1 1 0 0 1 1]
 [1 1 0 1 1 1 0 0 1 1]
 [0 1 0 1 0 1 1 1 1 0]
 [0 1 1 0 0 1 1 1 1 1]
 [1 1 0 0 1 1 0 1 1 1]
 [1 1 1 1 0 0 0 1 0 1]
 [1 1 1 0 1 1 0 1 1 0]
 [1 0 0 0 1 0 0 1 1 1]
 [0 0 1 1 1 1 1 1 1 1]
 [1 0 0 1 0 1 1 1 1 0]
 [1 0 0 0 1 0 1 1 1 1]
 [1 1 1 0 1 1 1 1 0 0]
 [1 1 0 0 1 1 0 0 1 1]
 [0 0 1 1 0 1 1 1 0 1]
 [1 1 0 0 1 0 0 1 1 0]
 [0 1 0 1 1 0 1 1 1 1]
 [1 0 0 1 1 1 1 1 0 1]
 [0 1 1 1 0 1 1 1 0 1]
 [1 1 1 1 1 1 1 1 0 1]
 [1 0 1 0 0 0 0 1 1 1]
 [1 0 1 1 0 0 1 1 0 1]
 [1 1 1 0 1 1 1 1 0 1]
 [1 1 0 1 0 1 1 1 1 1]
 [1 0 1 1 1 1 1 1 1 1]
 [1 1 0 1 0 1 1 0 1 1]
 [1 1 0 1 0 1 1 1 1 1]
 [1 1 0 1 1 1 0 1 1 0]
 [1 1 1 1 0 1 1 1 0 1]
 [1 1 1 1 1 1 1 1 1 1]
 [0 1 1 1 1 1 0 1 1 1]
 [1 1 0 1 1 1 1 1 0 1]
 [0 1 0 1 1 1 1 0 0 1]
 [1 1 1 1 0 0 1 0 1 1]
 [1 0 0 1 0 1 1 1 1 1]
 [0 1 1 1 0 1 0 1 0 0]
 [1 1 1 1 1 0 0 1 1 1]
 [1 0 0 0 1 0 0 1 1 1]
 [1 0 1 1 1 1 0 0 0 0]
 [1 0 1 1 1 1 1 0 0 1]
 [1 0 1 1 1 0 1 1 1 1]
 [1 1 0 0 1 0 0 0 0 1]
 [1 1 0 0 1 1 1 1 0 1]
 [1 1 0 1 0 1 0 1 1 1]
 [1 1 0 1 1 1 0 1 1 0]
 [0 0 0 1 1 1 1 1 1 1]
 [1 0 1 1 0 1 0 1 0 1]
 [1 0 1 1 0 0 1 1 1 1]
 [0 1 1 1 1 1 0 1 0 1]
 [1 0 1 1 1 1 1 0 1 0]
 [1 0 1 1 1 1 1 0 1 0]
 [1 1 1 1 1 1 1 1 0 1]
 [1 1 1 0 1 0 1 1 0 1]]
{'restarts': 222, 'conflicts': 69102, 'decisions': 103897, 'propagations': 57692408}
Q is identifiable
branch at 6
runtime for solving id of Q is 9.551411389373243
Simulation results:
{'J': 100, 'K': 10, 'N': 10, 'p': 0.7, 'seed': 0, 'sim': 2, 'runtime': 9.551411389373243, 'identifiable': 1, 'branch': 6}
3
Q: [[1 1 0 0 0 1 0 1 1 1]
 [1 1 1 1 1 1 1 0 1 1]
 [0 1 1 1 0 0 1 1 0 0]
 [1 1 1 1 1 1 1 1 1 1]
 [1 1 0 1 1 1 1 1 1 1]
 [1 1 0 0 0 1 1 0 1 1]
 [1 0 0 1 0 1 0 1 0 1]
 [1 1 1 1 0 1 1 1 1 0]
 [0 1 0 1 1 1 1 1 0 1]
 [0 0 1 0 0 1 0 1 1 1]
 [1 0 1 0 1 1 1 1 0 1]
 [1 0 1 0 1 1 1 1 0 1]
 [0 0 1 1 1 1 1 1 1 1]
 [1 1 0 0 1 0 1 0 0 1]
 [1 0 1 1 0 0 1 0 0 1]
 [1 1 1 1 1 1 1 0 1 0]
 [1 1 1 1 1 1 0 0 1 1]
 [0 1 1 1 1 1 1 1 1 1]
 [1 1 1 0 0 1 1 1 1 1]
 [1 1 1 0 0 0 0 1 1 1]
 [0 1 0 1 1 1 1 1 1 1]
 [1 1 1 1 1 1 1 1 0 1]
 [1 1 0 1 1 0 1 1 0 1]
 [1 1 0 0 1 1 0 1 1 0]
 [1 1 0 0 0 1 1 0 0 1]
 [0 1 0 1 0 1 1 1 0 1]
 [0 1 0 0 1 0 1 1 0 0]
 [1 1 1 0 1 0 1 1 0 0]
 [1 1 1 1 1 1 0 1 0 0]
 [1 1 1 0 0 1 1 0 1 1]
 [1 1 1 0 1 1 1 0 1 1]
 [1 1 0 1 0 1 1 1 1 1]
 [1 1 0 1 1 0 1 1 1 1]
 [0 0 1 1 1 1 0 0 1 1]
 [0 1 1 1 1 0 0 1 1 1]
 [1 1 0 1 1 1 0 1 1 1]
 [0 1 1 0 0 1 0 0 1 0]
 [1 0 1 1 1 1 1 1 0 1]
 [1 0 0 0 1 1 1 1 0 1]
 [0 1 1 1 1 0 1 1 0 0]
 [1 0 1 1 1 0 1 1 1 1]
 [0 0 0 1 1 1 1 0 1 1]
 [1 0 0 0 1 1 1 1 0 1]
 [1 1 1 1 0 1 0 1 1 0]
 [1 1 1 1 1 0 1 1 1 1]
 [0 1 1 1 0 1 1 1 0 1]
 [1 1 1 0 0 0 1 0 1 1]
 [1 1 0 1 1 1 0 0 1 1]
 [0 1 0 0 0 0 1 1 1 1]
 [0 0 1 1 1 1 1 1 1 1]
 [1 1 0 1 1 0 1 1 0 1]
 [0 1 0 1 1 1 1 0 1 0]
 [1 1 0 0 1 1 1 1 1 1]
 [1 1 1 0 1 1 0 1 1 0]
 [1 1 1 0 1 1 0 1 1 1]
 [1 1 1 1 1 0 0 1 1 1]
 [1 1 0 0 1 1 1 0 1 0]
 [0 1 1 1 1 0 1 1 1 1]
 [0 1 1 1 1 0 1 1 1 1]
 [1 1 1 1 1 1 1 0 0 1]
 [1 0 0 0 1 1 0 1 1 1]
 [0 1 1 1 1 1 1 1 0 1]
 [1 1 1 1 0 1 1 1 0 1]
 [1 1 0 1 1 1 1 0 1 1]
 [1 1 1 0 0 0 1 1 0 1]
 [0 0 1 1 1 0 0 1 1 1]
 [1 0 1 1 1 1 1 1 1 0]
 [0 0 1 1 1 0 1 0 1 0]
 [1 1 1 1 1 1 1 1 0 0]
 [1 1 0 0 1 1 1 0 1 0]
 [1 1 1 0 1 1 1 1 1 1]
 [1 0 1 1 1 1 1 1 1 1]
 [1 1 1 1 1 1 0 1 1 1]
 [1 1 1 1 1 1 1 0 1 1]
 [1 1 1 0 1 1 1 1 0 1]
 [0 1 0 0 1 0 1 1 0 0]
 [1 0 1 0 0 0 1 1 1 1]
 [1 0 1 1 1 1 1 1 1 1]
 [0 1 1 1 1 1 0 1 1 1]
 [0 0 1 0 1 0 1 0 1 1]
 [1 0 1 1 0 1 1 1 1 0]
 [1 1 0 1 1 1 0 1 1 1]
 [1 0 1 1 1 1 1 1 1 0]
 [1 1 1 1 1 1 1 0 0 1]
 [1 1 0 0 0 1 1 1 1 0]
 [1 1 1 1 1 1 1 0 1 0]
 [1 1 1 1 1 1 0 1 0 1]
 [1 0 1 1 0 0 1 1 1 1]
 [1 1 0 0 0 1 1 1 1 1]
 [1 1 0 1 1 1 1 1 0 1]
 [1 1 1 1 1 1 1 1 0 1]
 [1 1 1 1 1 1 1 1 1 1]
 [1 0 1 1 1 0 1 1 1 1]
 [1 1 0 1 0 1 1 1 1 1]
 [0 0 1 1 1 0 1 1 1 1]
 [1 0 1 1 0 1 1 1 1 1]
 [0 1 1 0 1 0 1 1 1 0]
 [1 0 1 1 1 0 0 1 1 1]
 [1 1 1 1 1 1 1 1 1 1]
 [1 1 1 1 1 1 1 0 0 1]]
{'restarts': 32, 'conflicts': 15534, 'decisions': 26490, 'propagations': 12436762}
Q is identifiable
branch at 6
runtime for solving id of Q is 1.6572712874040008
Simulation results:
{'J': 100, 'K': 10, 'N': 10, 'p': 0.7, 'seed': 0, 'sim': 3, 'runtime': 1.6572712874040008, 'identifiable': 1, 'branch': 6}
4
Q: [[1 1 1 1 1 1 1 1 1 0]
 [1 1 0 0 1 0 1 0 0 1]
 [1 0 1 1 1 1 0 1 1 0]
 [1 1 1 1 1 1 1 1 1 1]
 [0 1 1 1 1 0 1 0 1 1]
 [0 1 1 1 1 0 0 1 0 0]
 [1 1 1 1 1 1 1 0 0 0]
 [0 1 1 1 1 1 1 1 1 1]
 [1 1 1 1 1 1 1 0 1 1]
 [0 1 1 1 1 1 1 1 1 1]
 [1 1 0 1 1 1 1 0 1 1]
 [0 1 1 0 1 0 0 1 1 1]
 [0 1 1 1 0 1 0 0 1 0]
 [1 1 0 0 1 1 1 0 0 1]
 [1 0 1 0 1 1 1 0 0 1]
 [1 0 1 1 1 0 1 1 1 1]
 [1 1 1 1 1 1 0 1 1 0]
 [1 1 0 1 1 1 0 1 1 0]
 [0 1 0 1 1 1 1 1 1 1]
 [0 0 1 1 0 1 1 1 1 1]
 [1 1 1 0 1 0 0 1 0 1]
 [0 0 1 1 1 0 1 1 1 1]
 [0 0 1 0 1 1 1 0 0 1]
 [0 1 1 1 1 1 0 1 1 0]
 [0 1 1 1 0 1 0 0 1 1]
 [1 1 1 1 0 1 0 1 1 0]
 [0 0 1 0 0 0 1 0 1 1]
 [1 1 1 1 1 0 1 1 1 1]
 [1 1 1 1 1 1 1 1 0 1]
 [1 1 0 1 1 1 1 0 0 1]
 [1 1 1 0 0 1 1 1 1 1]
 [1 0 1 0 0 1 1 1 1 1]
 [1 1 1 1 0 1 0 1 0 1]
 [1 1 1 0 1 1 1 0 1 0]
 [1 0 1 0 1 0 0 0 1 1]
 [1 1 1 0 1 0 1 0 1 1]
 [1 1 1 1 0 0 1 1 1 1]
 [1 1 1 1 1 1 1 1 0 0]
 [0 1 1 1 1 1 1 1 1 1]
 [0 0 1 1 1 1 1 1 1 1]
 [1 1 1 0 1 1 1 1 1 1]
 [0 1 1 1 1 1 1 1 1 1]
 [1 1 0 1 1 1 1 0 1 0]
 [1 0 1 0 1 1 1 0 1 0]
 [1 1 1 1 0 1 1 0 0 1]
 [0 1 1 1 1 0 0 1 0 1]
 [1 1 1 1 1 1 0 1 1 1]
 [1 1 0 0 1 0 1 1 0 0]
 [0 1 1 1 1 1 1 1 0 0]
 [1 0 1 1 0 0 1 1 1 1]
 [1 0 1 0 0 1 1 1 1 1]
 [0 0 1 1 1 1 1 0 1 1]
 [1 0 0 1 1 1 1 0 1 1]
 [1 1 1 1 1 1 1 1 1 0]
 [1 1 0 1 0 1 1 1 0 1]
 [1 1 1 1 1 1 0 1 1 0]
 [1 1 1 1 0 1 0 1 1 0]
 [1 1 1 1 1 0 1 1 0 1]
 [0 1 1 0 1 1 1 0 0 1]
 [1 1 0 1 1 0 1 1 0 1]
 [1 1 1 1 1 1 0 0 1 0]
 [1 1 1 1 0 1 1 1 0 0]
 [0 1 1 1 0 0 0 1 1 1]
 [0 0 1 1 1 1 1 0 1 1]
 [1 0 1 1 1 1 1 1 0 0]
 [1 1 1 1 1 0 1 1 1 1]
 [1 1 0 0 0 1 1 1 1 1]
 [0 1 1 0 1 1 1 1 1 1]
 [1 1 0 1 1 1 1 0 1 1]
 [1 1 1 1 0 1 1 0 1 1]
 [1 1 0 1 1 1 0 1 1 1]
 [1 1 0 1 0 0 1 1 1 1]
 [0 0 0 1 0 1 1 1 1 1]
 [1 1 1 1 0 1 1 0 0 1]
 [1 1 1 1 1 1 1 1 1 1]
 [0 1 0 1 1 1 1 1 1 0]
 [1 1 1 1 1 1 0 1 1 1]
 [1 1 0 0 0 1 1 1 1 1]
 [1 1 1 1 1 0 1 0 1 0]
 [1 0 1 1 1 1 1 1 1 1]
 [1 0 1 1 0 1 1 1 0 0]
 [1 0 1 1 1 1 1 1 1 1]
 [1 1 1 0 1 1 1 0 1 1]
 [1 1 1 1 0 0 1 1 1 1]
 [1 0 1 0 1 1 1 1 1 0]
 [1 1 1 1 0 1 0 1 1 1]
 [1 1 1 1 1 1 0 1 1 0]
 [1 1 1 1 1 0 0 0 0 0]
 [1 0 1 1 0 1 0 0 1 0]
 [0 1 0 1 1 1 1 1 0 1]
 [0 0 1 1 1 1 1 1 1 0]
 [0 1 1 0 1 1 1 0 1 1]
 [1 0 1 0 1 0 1 1 0 1]
 [1 1 0 1 1 1 1 1 1 1]
 [0 1 0 0 1 1 1 1 0 1]
 [1 1 1 0 1 1 1 1 0 0]
 [1 1 1 0 1 1 1 1 1 1]
 [1 1 0 0 1 1 0 1 1 0]
 [0 1 1 0 1 1 1 0 1 1]
 [1 1 1 1 1 1 1 1 1 0]]
{'restarts': 67, 'conflicts': 23775, 'decisions': 39767, 'propagations': 22098242}
Q is identifiable
branch at 6
runtime for solving id of Q is 3.318274916149676
Simulation results:
{'J': 100, 'K': 10, 'N': 10, 'p': 0.7, 'seed': 0, 'sim': 4, 'runtime': 3.318274916149676, 'identifiable': 1, 'branch': 6}
5
Q: [[1 1 1 1 1 0 1 1 1 1]
 [0 0 1 1 1 1 0 1 1 0]
 [1 1 1 1 1 1 1 1 1 0]
 [1 0 1 1 1 1 1 1 1 1]
 [1 1 1 1 1 0 1 1 1 1]
 [1 0 1 0 1 0 1 1 0 1]
 [1 1 0 1 1 1 1 1 1 1]
 [1 1 1 1 0 1 1 1 0 1]
 [1 0 1 1 0 0 1 0 1 0]
 [0 0 1 1 0 1 1 0 1 1]
 [0 1 1 0 1 1 1 0 1 0]
 [1 1 0 1 0 1 1 1 1 1]
 [1 1 1 0 1 1 0 1 0 0]
 [1 1 1 0 1 1 1 1 0 0]
 [1 0 1 1 0 1 1 1 1 1]
 [1 1 1 1 1 0 1 1 1 1]
 [1 1 0 1 1 1 0 1 1 1]
 [0 1 0 1 0 1 1 1 1 1]
 [1 1 1 0 1 1 1 1 0 1]
 [1 0 1 1 1 1 0 0 0 1]
 [1 1 1 1 1 1 1 0 1 0]
 [1 1 0 1 1 1 1 1 1 0]
 [1 1 1 1 1 0 1 1 1 0]
 [1 0 0 1 0 0 1 1 0 1]
 [0 1 1 0 1 1 1 1 0 0]
 [1 1 1 1 1 0 1 1 0 1]
 [0 0 1 1 1 1 0 1 1 1]
 [0 1 0 1 0 0 1 0 0 0]
 [0 1 0 0 1 1 0 1 1 1]
 [1 1 1 1 0 0 1 0 1 1]
 [0 1 1 1 0 0 1 0 1 1]
 [1 1 0 1 0 1 0 1 0 0]
 [1 1 0 1 1 1 0 0 0 1]
 [0 1 1 1 0 0 1 1 0 1]
 [1 1 1 1 1 0 1 0 1 1]
 [0 1 1 1 1 1 1 1 1 0]
 [1 1 1 1 1 0 1 1 1 1]
 [1 1 0 0 1 1 1 1 1 1]
 [1 1 1 1 1 1 0 1 1 1]
 [0 1 0 1 1 1 1 1 1 1]
 [0 0 1 1 1 1 1 1 1 1]
 [1 1 1 0 1 0 1 1 1 0]
 [0 1 1 1 0 0 0 1 1 1]
 [1 1 0 0 0 1 0 1 1 1]
 [0 1 1 0 1 1 0 0 1 0]
 [0 0 1 0 1 1 0 1 1 0]
 [1 1 1 0 1 0 0 1 1 1]
 [1 1 1 0 0 1 0 1 1 1]
 [0 0 1 1 1 0 0 1 1 1]
 [0 1 1 1 0 0 1 0 1 1]
 [1 1 0 1 1 1 1 0 1 1]
 [1 1 1 1 0 1 1 1 1 1]
 [0 1 1 0 0 0 1 0 1 1]
 [1 1 1 1 1 1 0 0 0 0]
 [1 0 1 1 1 1 0 0 1 0]
 [1 0 0 0 1 1 0 0 1 1]
 [0 1 1 1 1 0 1 0 1 0]
 [1 1 0 1 1 1 1 0 0 1]
 [1 0 1 1 0 1 1 0 1 0]
 [1 1 0 1 1 1 1 0 1 1]
 [1 1 1 0 0 1 1 1 1 0]
 [0 0 1 0 0 1 1 0 0 1]
 [1 1 1 0 0 1 1 0 0 1]
 [0 1 1 0 1 1 1 1 1 1]
 [1 1 0 0 1 1 1 0 0 1]
 [1 1 1 1 1 0 0 0 1 0]
 [0 0 1 0 1 1 0 0 0 1]
 [1 1 1 1 1 1 1 0 1 1]
 [1 1 1 1 1 1 1 1 0 1]
 [0 1 0 1 1 0 0 1 1 1]
 [1 1 1 1 1 1 1 1 0 1]
 [1 0 1 1 1 1 1 1 1 0]
 [1 0 1 0 1 1 1 1 1 1]
 [0 0 1 1 0 1 1 1 0 1]
 [0 1 0 1 1 0 0 1 1 1]
 [0 1 0 0 1 1 0 1 1 0]
 [0 1 1 0 1 0 1 1 1 0]
 [0 1 1 1 1 1 1 1 0 1]
 [1 0 1 0 1 1 0 1 0 1]
 [0 1 1 0 0 1 1 1 1 1]
 [0 0 0 1 0 1 0 0 1 1]
 [1 1 1 1 0 1 0 1 1 1]
 [1 1 1 0 1 1 1 0 1 1]
 [1 1 1 1 1 0 1 1 1 1]
 [1 1 1 1 0 1 1 1 1 1]
 [1 1 0 1 1 1 1 0 0 1]
 [1 1 1 0 1 1 0 1 1 0]
 [1 1 1 1 1 1 1 0 0 0]
 [1 1 1 0 1 1 1 1 1 1]
 [1 1 0 1 1 1 1 0 1 1]
 [1 1 0 1 0 1 1 0 1 0]
 [1 0 1 0 1 1 1 1 1 1]
 [0 1 1 0 1 0 1 0 1 1]
 [1 1 1 0 1 0 0 1 1 1]
 [0 1 1 1 1 1 1 0 1 1]
 [0 0 1 1 1 1 1 1 1 1]
 [1 0 1 0 1 1 1 1 1 1]
 [1 1 0 1 1 1 1 0 1 1]
 [0 0 1 1 0 0 1 1 1 0]
 [1 1 1 1 1 1 1 1 1 1]]
{'restarts': 5, 'conflicts': 1714, 'decisions': 4014, 'propagations': 1512165}
Q is identifiable
branch at 6
runtime for solving id of Q is 0.37751702032983303
Simulation results:
{'J': 100, 'K': 10, 'N': 10, 'p': 0.7, 'seed': 0, 'sim': 5, 'runtime': 0.37751702032983303, 'identifiable': 1, 'branch': 6}
6
Q: [[1 1 1 1 1 1 1 1 0 0]
 [1 0 0 0 1 0 0 1 0 1]
 [1 1 1 0 1 1 1 0 1 1]
 [1 1 1 1 1 1 0 0 0 1]
 [0 1 1 0 1 1 1 1 1 1]
 [1 0 1 1 1 1 1 0 1 1]
 [0 1 1 1 1 1 0 1 1 1]
 [1 1 0 1 1 1 1 0 1 1]
 [1 1 1 1 1 1 0 1 1 1]
 [1 0 0 1 1 1 1 0 1 1]
 [0 1 1 1 0 1 0 1 1 1]
 [1 1 1 1 0 0 1 0 1 1]
 [1 1 1 1 0 0 1 0 0 1]
 [1 1 1 1 1 1 1 0 1 0]
 [1 1 0 1 1 0 0 1 1 1]
 [1 1 1 0 1 1 1 1 1 1]
 [1 0 1 1 1 1 0 1 0 1]
 [1 0 1 0 1 1 1 1 1 1]
 [0 1 0 1 0 1 1 1 1 1]
 [0 1 0 0 0 1 1 0 1 1]
 [1 0 1 1 1 1 1 0 1 1]
 [1 1 1 0 1 1 1 1 0 0]
 [1 1 1 1 0 0 1 1 1 0]
 [1 1 1 0 0 1 1 0 1 1]
 [0 1 1 0 0 1 1 0 1 0]
 [0 1 1 1 1 1 1 0 1 1]
 [0 1 1 1 1 1 1 1 0 0]
 [0 0 1 0 1 1 0 0 0 1]
 [0 1 1 0 0 1 1 1 1 1]
 [1 1 1 1 0 1 1 1 1 1]
 [0 1 1 0 1 0 1 0 0 1]
 [1 1 1 1 1 0 1 1 1 1]
 [1 0 1 0 1 1 0 0 1 1]
 [1 1 0 1 0 1 0 1 1 1]
 [1 1 1 1 1 0 1 1 1 1]
 [1 1 0 1 0 1 1 1 1 1]
 [0 0 0 0 1 1 1 1 1 1]
 [1 1 1 1 1 0 1 1 1 1]
 [1 0 1 0 1 1 1 1 0 1]
 [0 1 1 1 0 1 1 1 1 1]
 [1 1 1 1 1 1 1 0 0 1]
 [1 1 1 1 1 1 1 0 0 0]
 [1 0 0 0 0 1 1 1 1 1]
 [1 1 1 1 0 1 1 1 0 1]
 [1 1 1 1 1 1 1 0 1 1]
 [1 1 0 1 0 1 1 1 0 0]
 [0 1 1 0 1 1 1 1 1 0]
 [0 1 0 0 0 1 1 0 0 0]
 [1 1 1 1 0 1 1 0 1 1]
 [1 1 1 1 1 1 0 1 0 1]
 [1 0 1 1 1 1 1 0 1 1]
 [1 1 1 1 1 1 1 1 1 1]
 [1 1 1 0 1 0 0 1 1 1]
 [1 0 1 0 1 1 1 1 0 1]
 [1 1 0 1 0 1 0 0 1 1]
 [1 1 0 1 1 1 1 1 1 0]
 [0 1 1 1 1 0 1 1 1 1]
 [0 1 1 1 1 1 1 1 1 1]
 [1 1 0 1 1 1 0 1 1 1]
 [1 1 1 1 0 1 0 0 1 1]
 [1 1 1 1 1 0 1 1 1 1]
 [1 1 1 1 1 1 1 1 1 1]
 [1 1 1 1 0 1 1 0 1 1]
 [1 0 1 0 1 1 1 0 1 1]
 [0 1 1 1 0 1 1 0 1 0]
 [1 1 1 1 0 0 1 1 1 1]
 [1 1 0 0 0 1 1 0 1 0]
 [1 1 1 1 1 0 1 0 0 1]
 [0 1 1 1 1 1 1 0 0 1]
 [0 0 1 0 0 1 0 1 1 1]
 [0 1 0 1 1 1 1 1 1 1]
 [0 1 1 0 0 0 1 0 1 1]
 [1 1 1 0 1 1 0 1 1 1]
 [0 1 0 0 1 1 0 1 1 1]
 [1 1 1 0 1 1 1 1 1 0]
 [0 0 1 1 1 1 1 0 1 1]
 [0 1 1 0 0 1 1 1 1 1]
 [0 0 0 0 1 0 1 1 1 1]
 [0 0 1 1 1 0 1 1 1 1]
 [1 1 0 1 1 0 1 1 0 0]
 [1 1 1 1 1 1 1 1 0 1]
 [1 1 1 1 0 1 1 0 0 1]
 [0 1 1 1 0 1 1 0 1 1]
 [1 1 1 1 1 0 1 0 0 1]
 [0 1 1 1 1 1 0 1 1 1]
 [0 1 1 1 1 1 0 1 1 1]
 [1 1 1 0 1 1 0 1 1 1]
 [1 1 1 1 1 0 0 0 1 0]
 [1 1 0 0 0 0 0 1 0 1]
 [0 0 0 1 0 0 0 0 1 0]
 [1 1 0 1 0 1 1 1 0 1]
 [0 1 1 1 1 0 1 1 1 1]
 [0 1 1 1 1 0 1 1 1 0]
 [1 1 1 1 1 0 1 1 0 1]
 [0 1 0 0 1 1 1 1 1 1]
 [1 1 1 1 1 1 1 1 1 1]
 [1 1 1 1 1 1 1 1 1 1]
 [0 1 1 0 1 0 1 1 1 1]
 [0 1 1 1 0 1 1 0 0 0]
 [0 1 1 1 0 1 1 0 0 1]]
{'restarts': 32, 'conflicts': 6966, 'decisions': 13121, 'propagations': 5355036}
Q is identifiable
branch at 6
runtime for solving id of Q is 0.8175596231594682
Simulation results:
{'J': 100, 'K': 10, 'N': 10, 'p': 0.7, 'seed': 0, 'sim': 6, 'runtime': 0.8175596231594682, 'identifiable': 1, 'branch': 6}
7
Q: [[1 1 0 0 1 0 1 1 1 0]
 [0 1 1 1 0 1 1 1 1 1]
 [1 0 0 1 0 1 1 1 1 0]
 [1 0 1 1 1 1 1 1 0 0]
 [1 1 1 1 1 1 1 1 1 1]
 [1 1 1 1 1 1 1 1 1 0]
 [0 1 1 0 0 0 1 1 0 1]
 [1 1 0 1 1 1 1 0 1 0]
 [0 1 1 1 0 1 1 1 1 1]
 [0 1 0 1 0 1 1 1 1 1]
 [1 1 1 1 1 1 1 1 1 1]
 [1 0 1 1 1 1 1 1 1 1]
 [1 1 1 1 1 1 0 1 1 1]
 [1 0 1 0 1 0 1 0 1 1]
 [1 1 1 0 1 0 0 0 1 1]
 [0 1 1 1 0 1 0 1 1 1]
 [0 0 1 1 1 0 1 1 1 0]
 [1 1 0 0 1 0 1 1 0 1]
 [0 1 1 0 0 1 1 1 1 1]
 [1 1 1 0 0 1 1 1 0 0]
 [1 0 0 1 0 1 0 1 1 0]
 [1 1 1 1 1 1 1 0 0 1]
 [1 1 0 1 1 0 1 1 1 1]
 [1 1 1 0 1 1 0 1 1 1]
 [1 1 1 1 1 0 1 0 1 0]
 [1 1 1 0 1 1 0 1 0 1]
 [1 1 1 1 0 1 1 1 1 0]
 [0 1 1 1 0 0 1 1 1 1]
 [1 1 1 0 1 1 0 1 1 1]
 [1 1 1 0 0 1 0 1 1 1]
 [0 1 0 1 1 1 0 1 1 1]
 [1 1 0 1 1 1 1 1 0 1]
 [0 1 1 1 1 0 1 0 1 1]
 [1 1 1 0 0 0 0 0 0 0]
 [1 1 1 1 1 0 1 1 1 1]
 [1 0 1 0 1 1 0 0 1 0]
 [1 1 1 1 0 0 0 1 1 1]
 [1 0 1 1 0 0 1 0 1 0]
 [1 1 0 0 0 0 1 0 1 1]
 [1 1 0 1 0 0 0 1 0 1]
 [1 1 1 1 1 0 0 0 0 1]
 [0 1 1 0 0 1 1 1 1 0]
 [0 1 1 1 1 1 1 1 0 0]
 [0 1 1 0 1 1 1 0 0 1]
 [1 1 1 0 1 0 1 1 1 1]
 [0 1 1 1 0 1 1 1 1 1]
 [0 1 1 1 0 1 0 1 0 0]
 [0 1 0 1 1 1 1 1 0 1]
 [1 0 1 1 1 0 1 1 0 1]
 [1 0 1 0 1 1 1 1 1 0]
 [1 1 1 1 1 1 1 0 0 0]
 [0 0 1 0 1 1 0 1 1 1]
 [1 1 0 1 1 1 0 0 1 1]
 [1 0 1 1 0 0 1 0 1 0]
 [1 1 1 0 1 1 1 1 1 0]
 [1 1 1 0 1 1 1 1 0 0]
 [1 1 1 1 0 1 1 1 1 0]
 [0 1 0 1 1 0 1 1 1 0]
 [1 1 1 1 0 1 1 1 1 0]
 [1 1 1 1 1 0 1 1 1 1]
 [1 1 0 1 1 1 0 1 1 1]
 [1 1 1 1 1 1 1 1 1 1]
 [0 1 1 0 0 0 1 0 1 0]
 [0 1 0 0 1 1 1 0 0 0]
 [1 1 0 1 1 0 1 0 1 1]
 [1 1 0 1 0 1 1 1 1 1]
 [1 1 1 1 1 0 1 1 1 1]
 [1 1 1 1 0 0 1 1 1 1]
 [0 1 1 1 1 0 1 1 1 0]
 [1 1 0 1 1 1 0 0 1 0]
 [0 1 1 1 1 1 1 1 1 1]
 [1 1 1 1 1 1 0 0 1 1]
 [1 1 1 1 1 0 1 0 1 0]
 [1 0 1 1 1 1 0 1 1 1]
 [0 1 1 1 1 0 1 1 1 1]
 [0 1 1 0 0 1 0 1 1 0]
 [1 1 0 1 1 0 1 0 1 1]
 [0 1 0 1 1 1 0 1 1 0]
 [1 1 1 1 1 0 1 1 0 1]
 [1 1 1 1 0 0 1 1 1 1]
 [1 1 1 0 1 1 0 1 1 1]
 [1 1 1 0 0 0 1 1 1 1]
 [1 0 1 0 1 1 1 1 1 1]
 [0 1 0 0 0 0 1 1 0 1]
 [1 1 1 1 1 1 1 1 1 1]
 [1 1 1 0 1 1 1 0 0 1]
 [1 1 1 0 0 0 1 1 1 1]
 [1 1 0 1 0 1 1 1 1 1]
 [1 1 1 1 1 1 1 1 1 1]
 [1 0 1 1 1 1 0 1 1 0]
 [1 1 1 1 1 0 1 1 1 0]
 [1 1 0 0 0 0 0 1 0 1]
 [1 1 1 1 1 1 0 1 0 1]
 [0 1 1 1 0 1 1 1 1 1]
 [1 0 1 0 0 1 1 0 1 1]
 [1 0 1 1 1 0 1 0 1 1]
 [1 1 1 1 1 0 0 1 1 1]
 [1 1 0 1 1 1 1 1 1 0]
 [1 1 1 1 1 0 1 1 0 1]
 [1 1 1 1 1 0 0 0 1 0]]
{'restarts': 49, 'conflicts': 17401, 'decisions': 29082, 'propagations': 15385150}
Q is identifiable
branch at 6
runtime for solving id of Q is 2.121687944047153
Simulation results:
{'J': 100, 'K': 10, 'N': 10, 'p': 0.7, 'seed': 0, 'sim': 7, 'runtime': 2.121687944047153, 'identifiable': 1, 'branch': 6}
8
Q: [[1 1 0 1 1 1 1 1 0 1]
 [1 1 1 1 0 1 1 1 1 1]
 [1 1 0 0 0 1 1 0 1 1]
 [1 1 0 1 1 1 1 0 0 0]
 [1 1 0 1 1 1 0 1 1 1]
 [1 1 0 0 0 1 1 1 1 1]
 [1 1 1 1 1 0 1 1 1 0]
 [1 1 1 1 1 0 1 1 1 1]
 [1 0 1 0 1 1 0 0 1 1]
 [1 1 1 1 1 1 0 1 1 0]
 [1 1 0 0 1 1 1 1 0 0]
 [1 1 1 1 1 0 0 1 0 1]
 [0 1 1 0 1 0 1 1 0 0]
 [0 1 1 0 1 1 1 1 1 0]
 [1 0 0 0 1 1 1 1 0 1]
 [1 1 1 1 0 1 1 1 1 1]
 [1 1 0 0 1 0 1 1 1 1]
 [1 1 1 1 1 1 1 1 1 0]
 [1 0 1 1 1 0 1 1 0 0]
 [1 1 1 1 1 1 1 0 1 0]
 [1 1 1 1 1 0 0 1 1 1]
 [1 0 1 1 1 1 1 1 1 1]
 [0 1 1 0 1 0 0 1 1 1]
 [1 1 1 1 0 1 1 0 1 1]
 [0 1 1 1 0 1 0 1 1 0]
 [0 1 1 0 1 1 1 1 0 1]
 [1 1 1 1 0 0 1 0 1 0]
 [1 1 1 1 1 1 0 1 0 1]
 [1 1 1 1 0 1 1 0 0 1]
 [0 1 1 0 1 1 0 1 1 1]
 [1 0 1 1 1 1 0 1 1 0]
 [1 1 1 1 0 1 1 1 1 1]
 [1 1 0 0 0 0 1 0 1 0]
 [1 1 1 1 1 1 0 0 1 1]
 [1 0 1 1 0 0 1 1 1 1]
 [1 1 1 1 1 0 1 1 1 0]
 [1 1 1 0 1 1 1 1 0 1]
 [1 0 1 1 1 1 0 1 1 1]
 [1 0 1 1 1 1 1 1 0 1]
 [0 1 1 0 1 1 0 0 1 0]
 [0 0 1 0 1 1 1 1 1 1]
 [1 1 1 1 1 1 0 0 1 1]
 [1 0 1 1 1 1 1 0 0 0]
 [1 1 0 1 1 0 1 1 1 0]
 [1 0 1 0 1 0 1 0 0 1]
 [0 0 1 1 1 1 1 1 1 0]
 [0 0 1 0 1 1 1 1 0 1]
 [0 1 0 0 1 1 1 0 1 1]
 [1 1 1 1 1 0 0 1 1 1]
 [1 1 0 0 1 0 1 0 1 1]
 [0 1 0 1 1 1 1 0 1 0]
 [1 1 1 1 1 1 0 1 1 1]
 [1 1 1 0 1 1 1 0 1 1]
 [1 1 1 1 0 1 0 1 1 0]
 [1 1 0 1 1 0 1 1 0 1]
 [1 1 1 0 0 1 0 0 1 1]
 [1 1 1 1 1 1 1 0 1 1]
 [1 1 1 1 0 0 0 0 0 1]
 [1 1 1 1 1 0 0 1 0 0]
 [1 1 1 0 1 1 0 0 1 1]
 [1 1 1 1 1 0 1 1 0 1]
 [1 0 1 0 1 1 1 1 1 0]
 [0 1 1 1 1 0 1 0 0 1]
 [1 1 0 0 1 1 1 1 0 1]
 [1 1 0 1 1 1 1 0 0 1]
 [1 1 0 1 1 1 0 1 0 1]
 [0 1 1 0 1 1 1 1 1 0]
 [0 0 1 1 0 1 1 0 1 1]
 [1 1 0 1 1 1 1 1 0 1]
 [1 1 1 1 1 1 0 1 1 0]
 [0 0 0 1 0 1 1 1 1 1]
 [1 0 0 1 1 1 0 1 0 1]
 [1 1 1 1 0 1 0 1 0 0]
 [1 1 0 1 0 0 1 0 0 1]
 [0 1 1 1 1 0 1 1 0 1]
 [1 1 1 1 0 1 1 1 0 0]
 [1 1 0 0 1 1 1 1 1 1]
 [1 1 0 1 1 0 0 1 0 1]
 [1 1 1 1 1 1 1 1 1 1]
 [1 0 1 1 0 1 1 0 0 1]
 [1 1 1 0 1 0 1 1 0 0]
 [1 0 0 1 0 1 0 0 0 1]
 [1 1 1 1 1 0 1 1 1 1]
 [1 1 1 0 1 1 1 1 1 1]
 [1 0 1 0 0 1 0 0 0 0]
 [1 1 0 1 0 1 1 1 1 1]
 [1 1 1 0 0 1 1 1 0 1]
 [1 0 1 1 1 1 1 1 1 0]
 [1 1 0 1 1 1 1 1 1 1]
 [1 0 0 0 1 1 1 1 0 1]
 [1 1 0 1 1 1 0 1 1 1]
 [0 1 1 1 1 1 1 1 1 1]
 [0 0 1 1 1 0 1 1 0 1]
 [0 1 0 1 1 0 1 1 0 0]
 [0 1 1 1 1 1 1 1 1 1]
 [0 0 1 1 1 1 0 0 0 1]
 [1 1 1 1 1 1 1 0 1 0]
 [1 0 1 1 1 0 0 0 1 1]
 [1 1 0 1 1 1 1 1 0 1]
 [1 1 1 0 1 1 1 1 0 0]]
{'restarts': 135, 'conflicts': 47105, 'decisions': 72220, 'propagations': 41813267}
Q is identifiable
branch at 6
runtime for solving id of Q is 6.582410623319447
Simulation results:
{'J': 100, 'K': 10, 'N': 10, 'p': 0.7, 'seed': 0, 'sim': 8, 'runtime': 6.582410623319447, 'identifiable': 1, 'branch': 6}
9
Q: [[1 0 0 1 1 0 1 1 1 1]
 [1 0 0 0 1 1 1 1 1 1]
 [0 1 0 0 1 1 0 1 1 0]
 [1 1 0 0 1 1 0 1 1 1]
 [1 0 1 1 1 1 0 1 0 1]
 [0 0 1 0 1 1 1 0 1 1]
 [1 1 1 1 0 1 1 0 1 1]
 [0 0 0 1 1 1 1 0 1 1]
 [1 1 1 1 0 1 1 1 1 0]
 [1 1 1 0 1 1 1 1 1 1]
 [1 1 1 0 0 0 1 1 1 1]
 [1 1 1 1 1 1 0 1 1 1]
 [1 1 1 1 1 0 1 0 1 1]
 [1 1 1 1 1 0 1 1 0 1]
 [0 1 0 0 0 1 1 1 1 0]
 [1 1 0 1 1 1 1 1 1 1]
 [1 1 1 1 1 0 1 0 1 0]
 [0 0 1 0 1 1 0 1 0 0]
 [1 0 0 1 0 1 0 1 1 0]
 [1 1 1 1 1 1 1 1 1 1]
 [1 1 1 1 0 0 1 1 1 1]
 [0 1 1 1 1 1 1 0 0 1]
 [1 0 0 0 0 1 1 0 1 1]
 [1 1 0 1 1 1 1 1 0 1]
 [1 1 1 1 1 0 1 0 1 1]
 [1 0 1 1 1 1 0 1 0 1]
 [1 1 0 1 0 1 1 1 1 1]
 [0 0 1 1 0 0 1 0 1 1]
 [0 1 0 1 1 1 0 0 0 1]
 [0 1 1 1 0 0 1 1 1 1]
 [1 1 1 0 1 1 0 0 0 1]
 [1 1 0 1 0 0 0 0 1 0]
 [0 1 0 1 1 1 1 0 1 0]
 [1 1 1 0 1 0 1 0 1 1]
 [1 0 1 1 1 0 0 1 1 1]
 [1 0 1 1 0 1 0 1 1 1]
 [1 1 0 0 1 1 1 0 0 1]
 [1 1 1 0 1 1 1 0 1 1]
 [1 1 0 1 0 0 1 1 0 1]
 [1 1 1 1 1 1 1 0 1 1]
 [1 0 0 1 1 0 0 0 1 1]
 [1 1 1 1 1 1 1 1 1 0]
 [1 1 1 0 0 0 1 1 0 0]
 [1 1 1 1 1 1 1 1 0 1]
 [1 1 1 1 1 0 1 1 1 1]
 [1 1 1 1 1 1 1 0 0 1]
 [1 0 0 1 1 1 1 1 0 0]
 [1 0 1 1 1 1 0 1 0 1]
 [1 1 1 1 1 0 0 1 1 0]
 [1 1 1 0 1 1 1 1 1 1]
 [1 0 1 1 0 1 1 1 0 1]
 [1 1 1 0 1 1 1 1 0 1]
 [1 1 1 1 1 1 1 1 0 1]
 [1 0 1 1 1 0 1 0 0 0]
 [1 1 1 0 0 0 1 1 0 0]
 [0 1 1 0 1 1 1 0 1 0]
 [1 1 1 1 1 1 1 0 1 1]
 [1 1 0 0 1 0 1 1 1 1]
 [1 1 0 1 1 1 1 0 1 0]
 [1 0 1 1 0 1 1 1 0 1]
 [1 1 1 1 1 1 1 1 1 1]
 [1 1 0 1 1 0 1 1 1 0]
 [0 1 0 1 1 1 1 1 0 0]
 [0 1 0 1 0 1 1 1 1 0]
 [0 1 1 1 0 1 1 1 1 1]
 [0 1 1 1 1 1 1 1 1 1]
 [1 0 1 1 0 1 0 0 1 1]
 [1 1 1 1 1 1 1 0 0 1]
 [1 1 1 1 1 0 0 0 0 1]
 [1 0 0 1 1 1 0 1 1 0]
 [0 1 0 0 0 1 0 1 1 1]
 [0 1 1 1 0 1 0 1 1 1]
 [0 1 1 1 1 0 1 1 1 1]
 [1 1 0 1 1 1 0 0 0 1]
 [0 0 1 1 0 0 0 1 1 1]
 [0 0 0 1 0 0 1 1 1 0]
 [1 1 1 0 0 0 0 1 1 0]
 [1 1 1 1 0 1 1 1 1 1]
 [0 1 1 0 0 1 1 0 1 0]
 [1 1 0 1 1 0 1 1 0 1]
 [1 0 0 1 1 1 1 0 1 0]
 [1 1 0 0 1 1 0 0 1 0]
 [0 1 1 1 0 1 1 1 1 0]
 [0 0 1 0 1 1 1 1 1 0]
 [0 1 0 1 1 1 1 1 1 0]
 [0 0 1 1 1 1 1 0 1 0]
 [1 0 1 0 0 0 1 1 1 1]
 [0 1 1 0 0 1 1 1 0 1]
 [1 1 1 0 1 0 1 1 1 1]
 [1 1 0 1 0 1 1 0 0 1]
 [0 1 1 0 1 1 1 1 0 1]
 [1 1 1 1 1 1 0 0 0 1]
 [1 0 1 1 0 0 1 1 0 1]
 [1 1 1 1 1 1 0 1 1 1]
 [1 0 0 1 1 1 1 0 0 0]
 [1 1 1 0 1 1 1 1 0 1]
 [0 1 1 1 1 1 1 1 0 0]
 [1 0 1 0 1 0 1 1 1 0]
 [1 0 1 0 0 1 0 0 1 0]
 [1 1 1 1 0 1 1 0 1 0]]
{'restarts': 36, 'conflicts': 9342, 'decisions': 17088, 'propagations': 10954895}
Q is identifiable
branch at 6
runtime for solving id of Q is 1.5611819960176945
Simulation results:
{'J': 100, 'K': 10, 'N': 10, 'p': 0.7, 'seed': 0, 'sim': 9, 'runtime': 1.5611819960176945, 'identifiable': 1, 'branch': 6}
Simulation results:
[{'J': 100, 'K': 10, 'N': 10, 'p': 0.7, 'seed': 0, 'sim': 0, 'runtime': 0.4001674111932516, 'identifiable': 1, 'branch': 6}, {'J': 100, 'K': 10, 'N': 10, 'p': 0.7, 'seed': 0, 'sim': 1, 'runtime': 0.5448100557550788, 'identifiable': 1, 'branch': 6}, {'J': 100, 'K': 10, 'N': 10, 'p': 0.7, 'seed': 0, 'sim': 2, 'runtime': 9.551411389373243, 'identifiable': 1, 'branch': 6}, {'J': 100, 'K': 10, 'N': 10, 'p': 0.7, 'seed': 0, 'sim': 3, 'runtime': 1.6572712874040008, 'identifiable': 1, 'branch': 6}, {'J': 100, 'K': 10, 'N': 10, 'p': 0.7, 'seed': 0, 'sim': 4, 'runtime': 3.318274916149676, 'identifiable': 1, 'branch': 6}, {'J': 100, 'K': 10, 'N': 10, 'p': 0.7, 'seed': 0, 'sim': 5, 'runtime': 0.37751702032983303, 'identifiable': 1, 'branch': 6}, {'J': 100, 'K': 10, 'N': 10, 'p': 0.7, 'seed': 0, 'sim': 6, 'runtime': 0.8175596231594682, 'identifiable': 1, 'branch': 6}, {'J': 100, 'K': 10, 'N': 10, 'p': 0.7, 'seed': 0, 'sim': 7, 'runtime': 2.121687944047153, 'identifiable': 1, 'branch': 6}, {'J': 100, 'K': 10, 'N': 10, 'p': 0.7, 'seed': 0, 'sim': 8, 'runtime': 6.582410623319447, 'identifiable': 1, 'branch': 6}, {'J': 100, 'K': 10, 'N': 10, 'p': 0.7, 'seed': 0, 'sim': 9, 'runtime': 1.5611819960176945, 'identifiable': 1, 'branch': 6}]
