
The Gurobi software has a limited number of licenses. To request a license or
licenses, add this line

    #SBATCH --licenses=gurobi@slurmdb:1

to your SBATCH script, replacing N with the number of licenses you need. Gurobi
will need one license per process.


0
Q: [[1 1 1 1 1]
 [0 1 1 1 1]
 [1 1 1 1 1]
 [1 1 1 1 1]
 [1 1 1 1 1]
 [1 1 1 1 1]
 [1 1 1 0 1]
 [1 1 1 1 1]
 [0 1 1 1 1]
 [0 1 1 1 0]
 [1 1 1 1 0]
 [1 1 1 0 1]
 [1 1 0 1 1]
 [1 0 1 0 1]
 [0 1 1 1 1]
 [1 1 1 1 1]
 [1 0 1 1 1]
 [1 1 1 1 1]
 [1 0 1 0 1]
 [1 1 1 1 1]
 [0 1 0 1 0]
 [1 1 1 1 1]
 [1 1 0 1 1]
 [1 0 1 1 1]
 [1 1 1 1 1]
 [1 1 1 1 1]
 [1 1 1 1 1]
 [1 1 0 1 1]
 [1 1 0 0 1]
 [1 1 1 1 0]
 [0 1 1 1 1]
 [1 1 1 1 1]
 [1 1 1 1 1]
 [0 0 1 1 1]
 [1 1 1 1 1]
 [1 1 1 0 1]
 [1 1 1 1 1]
 [1 1 1 0 1]
 [1 1 0 1 0]
 [1 1 1 1 1]
 [1 0 1 1 0]
 [0 1 1 1 1]
 [1 1 1 1 1]
 [1 1 1 1 0]
 [0 1 1 1 1]
 [1 0 1 0 1]
 [1 1 1 1 1]
 [1 1 1 1 1]
 [1 1 1 1 1]
 [1 1 0 0 1]
 [1 1 1 1 1]
 [1 1 1 1 1]
 [1 1 1 1 1]
 [1 1 1 0 1]
 [1 1 1 1 1]
 [1 1 1 1 1]
 [1 1 0 1 1]
 [0 1 0 1 1]
 [1 1 1 1 1]
 [1 1 1 1 1]
 [1 1 1 1 1]
 [1 1 1 0 1]
 [1 1 1 1 1]
 [1 1 0 1 1]
 [1 0 1 1 1]
 [1 1 1 1 1]
 [1 0 1 1 1]
 [0 0 1 1 1]
 [1 1 1 1 1]
 [0 1 1 1 1]
 [1 1 0 1 1]
 [1 1 1 1 1]
 [1 1 1 1 1]
 [0 1 1 1 1]
 [1 1 1 1 0]
 [1 1 1 1 1]
 [1 1 1 1 1]
 [1 1 1 1 1]
 [1 1 1 1 1]
 [1 1 0 1 1]
 [1 1 1 1 1]
 [1 1 1 1 1]
 [1 1 1 1 1]
 [1 1 1 1 1]
 [1 1 1 1 1]
 [1 1 1 1 1]
 [1 1 1 1 1]
 [1 1 1 1 1]
 [1 1 1 1 1]
 [1 1 1 1 0]
 [1 1 1 1 1]
 [1 1 0 1 1]
 [1 1 1 1 1]
 [0 1 1 1 1]
 [1 1 1 1 1]
 [1 1 1 1 1]
 [1 1 1 1 1]
 [1 1 1 1 1]
 [1 1 1 1 1]
 [1 1 1 1 1]]
{'restarts': 1, 'conflicts': 21, 'decisions': 84, 'propagations': 1311}
Q is not identifiable, and Q_bar is [[0 1 1 1 0]
 [0 0 1 1 1]
 [0 1 1 1 0]
 [0 1 1 1 0]
 [0 1 1 1 0]
 [0 1 1 1 0]
 [1 1 0 1 0]
 [0 1 1 1 0]
 [0 0 1 1 1]
 [0 0 1 0 1]
 [0 1 1 0 1]
 [1 1 0 1 0]
 [1 0 1 1 0]
 [0 1 0 1 0]
 [0 0 1 1 1]
 [0 1 1 1 0]
 [0 1 0 1 1]
 [0 1 1 1 0]
 [0 1 0 1 0]
 [0 1 1 1 0]
 [0 0 1 0 0]
 [0 1 1 1 0]
 [1 0 1 1 0]
 [0 1 0 1 1]
 [0 1 1 1 0]
 [0 1 1 1 0]
 [0 1 1 1 0]
 [1 0 1 1 0]
 [1 0 0 1 0]
 [0 1 1 0 1]
 [0 0 1 1 1]
 [0 1 1 1 0]
 [0 1 1 1 0]
 [0 0 0 1 1]
 [0 1 1 1 0]
 [1 1 0 1 0]
 [0 1 1 1 0]
 [1 1 0 1 0]
 [1 0 1 0 0]
 [0 1 1 1 0]
 [0 1 0 0 1]
 [0 0 1 1 1]
 [0 1 1 1 0]
 [0 1 1 0 1]
 [0 0 1 1 1]
 [0 1 0 1 0]
 [0 1 1 1 0]
 [0 1 1 1 0]
 [0 1 1 1 0]
 [1 0 0 1 0]
 [0 1 1 1 0]
 [0 1 1 1 0]
 [0 1 1 1 0]
 [1 1 0 1 0]
 [0 1 1 1 0]
 [0 1 1 1 0]
 [1 0 1 1 0]
 [0 0 1 1 0]
 [0 1 1 1 0]
 [0 1 1 1 0]
 [0 1 1 1 0]
 [1 1 0 1 0]
 [0 1 1 1 0]
 [1 0 1 1 0]
 [0 1 0 1 1]
 [0 1 1 1 0]
 [0 1 0 1 1]
 [0 0 0 1 1]
 [0 1 1 1 0]
 [0 0 1 1 1]
 [1 0 1 1 0]
 [0 1 1 1 0]
 [0 1 1 1 0]
 [0 0 1 1 1]
 [0 1 1 0 1]
 [0 1 1 1 0]
 [0 1 1 1 0]
 [0 1 1 1 0]
 [0 1 1 1 0]
 [1 0 1 1 0]
 [0 1 1 1 0]
 [0 1 1 1 0]
 [0 1 1 1 0]
 [0 1 1 1 0]
 [0 1 1 1 0]
 [0 1 1 1 0]
 [0 1 1 1 0]
 [0 1 1 1 0]
 [0 1 1 1 0]
 [0 1 1 0 1]
 [0 1 1 1 0]
 [1 0 1 1 0]
 [0 1 1 1 0]
 [0 0 1 1 1]
 [0 1 1 1 0]
 [0 1 1 1 0]
 [0 1 1 1 0]
 [0 1 1 1 0]
 [0 1 1 1 0]
 [0 1 1 1 0]]
branch at 5
runtime for solving id of Q is 0.004323083907365799
Simulation results:
{'J': 100, 'K': 5, 'N': 10, 'p': 0.9, 'seed': 27, 'sim': 0, 'runtime': 0.004323083907365799, 'identifiable': 0, 'branch': 5}
1
Q: [[1 1 1 1 1]
 [1 1 0 0 1]
 [0 1 1 1 1]
 [1 1 1 1 1]
 [1 1 1 1 0]
 [1 1 1 1 1]
 [1 1 1 1 1]
 [1 1 1 1 0]
 [1 1 1 1 1]
 [1 1 1 1 1]
 [1 1 0 1 1]
 [0 1 0 1 1]
 [1 1 0 1 1]
 [1 1 1 1 1]
 [1 1 1 1 1]
 [1 1 1 1 1]
 [1 1 1 1 0]
 [1 1 1 1 1]
 [1 1 1 1 1]
 [1 1 1 1 1]
 [1 1 1 1 1]
 [1 1 1 1 1]
 [1 1 1 0 1]
 [1 1 0 1 1]
 [1 0 1 1 1]
 [1 0 1 1 1]
 [1 1 1 1 1]
 [0 1 0 1 1]
 [0 1 1 0 1]
 [1 1 1 1 1]
 [1 1 1 1 1]
 [1 1 1 1 1]
 [1 1 1 1 1]
 [1 1 1 1 0]
 [1 1 1 1 1]
 [1 0 1 1 1]
 [1 1 1 0 0]
 [1 1 1 1 1]
 [1 1 1 1 1]
 [1 1 1 1 1]
 [1 1 1 1 1]
 [1 1 1 1 1]
 [1 1 1 1 1]
 [1 1 1 1 1]
 [1 1 1 1 1]
 [1 1 1 1 1]
 [1 1 1 1 1]
 [0 1 1 1 1]
 [1 1 1 1 1]
 [1 1 1 0 1]
 [1 1 1 1 1]
 [1 1 1 1 1]
 [1 1 1 1 1]
 [1 1 1 1 1]
 [1 1 1 0 0]
 [1 1 0 1 1]
 [1 0 1 1 1]
 [1 1 1 0 0]
 [1 1 1 1 1]
 [0 1 1 1 1]
 [1 1 1 1 1]
 [1 1 1 1 1]
 [1 1 0 1 1]
 [1 1 1 1 1]
 [1 1 1 1 1]
 [1 1 1 1 1]
 [0 1 1 1 0]
 [1 1 1 1 1]
 [1 0 1 1 1]
 [1 1 1 0 1]
 [1 1 0 0 1]
 [1 1 1 0 1]
 [1 1 1 1 1]
 [1 1 1 1 1]
 [1 1 1 1 1]
 [1 0 1 1 1]
 [1 1 1 1 0]
 [1 1 1 1 1]
 [0 0 1 1 1]
 [1 1 1 0 1]
 [1 1 1 1 1]
 [1 1 1 1 1]
 [1 1 1 1 1]
 [1 1 1 1 1]
 [1 1 1 1 1]
 [1 1 1 1 1]
 [1 1 1 1 1]
 [1 1 1 1 1]
 [1 1 0 1 1]
 [1 1 1 1 1]
 [1 1 1 1 1]
 [1 1 1 1 1]
 [0 1 1 0 1]
 [1 1 1 1 1]
 [0 1 1 1 1]
 [1 1 1 1 0]
 [1 1 1 1 1]
 [1 1 0 1 1]
 [1 1 1 1 0]
 [1 1 1 1 1]]
Q is not identifiable (three-column submatrix not identifiable).
Q is not identifiable, and Q_bar is [[1 1 1 1 1]
 [1 1 0 0 1]
 [0 1 0 1 1]
 [1 1 1 1 1]
 [1 1 1 1 0]
 [1 1 1 1 1]
 [1 1 1 1 1]
 [1 1 1 1 0]
 [1 1 1 1 1]
 [1 1 1 1 1]
 [1 1 0 1 1]
 [0 1 0 1 1]
 [1 1 0 1 1]
 [1 1 1 1 1]
 [1 1 1 1 1]
 [1 1 1 1 1]
 [1 1 1 1 0]
 [1 1 1 1 1]
 [1 1 1 1 1]
 [1 1 1 1 1]
 [1 1 1 1 1]
 [1 1 1 1 1]
 [1 1 1 0 1]
 [1 1 0 1 1]
 [1 0 1 1 1]
 [1 0 1 1 1]
 [1 1 1 1 1]
 [0 1 0 1 1]
 [0 1 1 0 1]
 [1 1 1 1 1]
 [1 1 1 1 1]
 [1 1 1 1 1]
 [1 1 1 1 1]
 [1 1 1 1 0]
 [1 1 1 1 1]
 [1 0 1 1 1]
 [1 1 1 0 0]
 [1 1 1 1 1]
 [1 1 1 1 1]
 [1 1 1 1 1]
 [1 1 1 1 1]
 [1 1 1 1 1]
 [1 1 1 1 1]
 [1 1 1 1 1]
 [1 1 1 1 1]
 [1 1 1 1 1]
 [1 1 1 1 1]
 [0 1 0 1 1]
 [1 1 1 1 1]
 [1 1 1 0 1]
 [1 1 1 1 1]
 [1 1 1 1 1]
 [1 1 1 1 1]
 [1 1 1 1 1]
 [1 1 1 0 0]
 [1 1 0 1 1]
 [1 0 1 1 1]
 [1 1 1 0 0]
 [1 1 1 1 1]
 [0 1 0 1 1]
 [1 1 1 1 1]
 [1 1 1 1 1]
 [1 1 0 1 1]
 [1 1 1 1 1]
 [1 1 1 1 1]
 [1 1 1 1 1]
 [0 1 1 1 0]
 [1 1 1 1 1]
 [1 0 1 1 1]
 [1 1 1 0 1]
 [1 1 0 0 1]
 [1 1 1 0 1]
 [1 1 1 1 1]
 [1 1 1 1 1]
 [1 1 1 1 1]
 [1 0 1 1 1]
 [1 1 1 1 0]
 [1 1 1 1 1]
 [0 1 0 1 0]
 [1 1 1 0 1]
 [1 1 1 1 1]
 [1 1 1 1 1]
 [1 1 1 1 1]
 [1 1 1 1 1]
 [1 1 1 1 1]
 [1 1 1 1 1]
 [1 1 1 1 1]
 [1 1 1 1 1]
 [1 1 0 1 1]
 [1 1 1 1 1]
 [1 1 1 1 1]
 [1 1 1 1 1]
 [0 1 1 0 1]
 [1 1 1 1 1]
 [0 1 0 1 1]
 [1 1 1 1 0]
 [1 1 1 1 1]
 [1 1 0 1 1]
 [1 1 1 1 0]
 [1 1 1 1 1]]
branch at 3
runtime for solving id of Q is 0.0013758614659309387
Simulation results:
{'J': 100, 'K': 5, 'N': 10, 'p': 0.9, 'seed': 27, 'sim': 1, 'runtime': 0.0013758614659309387, 'identifiable': 0, 'branch': 3}
2
Q: [[0 1 1 1 1]
 [1 1 1 1 1]
 [1 1 1 1 1]
 [1 1 1 1 1]
 [1 0 1 1 1]
 [1 1 1 1 1]
 [1 1 1 1 1]
 [1 1 1 1 0]
 [1 1 1 0 1]
 [1 1 1 1 1]
 [1 1 1 1 1]
 [1 1 0 1 1]
 [1 1 1 1 1]
 [1 1 1 0 1]
 [1 1 1 1 1]
 [1 1 1 1 1]
 [1 0 1 1 1]
 [1 1 0 1 1]
 [1 1 1 1 1]
 [1 1 1 1 1]
 [0 1 1 1 1]
 [1 1 1 1 1]
 [1 1 1 1 1]
 [1 0 0 1 1]
 [1 1 1 0 1]
 [1 1 1 1 1]
 [1 0 0 1 1]
 [1 1 1 1 1]
 [1 1 1 1 1]
 [1 1 1 1 1]
 [1 1 0 1 1]
 [1 1 1 1 1]
 [1 1 0 1 1]
 [1 1 1 1 1]
 [1 1 1 1 1]
 [1 1 1 1 1]
 [0 1 1 1 1]
 [1 1 1 1 1]
 [1 0 1 1 1]
 [1 1 1 0 0]
 [1 1 1 1 1]
 [1 1 1 1 1]
 [1 1 1 1 1]
 [1 1 1 1 1]
 [1 1 1 1 1]
 [1 1 1 1 1]
 [1 1 1 1 1]
 [0 1 1 1 1]
 [1 1 1 1 1]
 [1 1 1 1 1]
 [1 1 1 1 1]
 [1 1 1 1 1]
 [1 1 1 1 0]
 [1 1 1 1 1]
 [1 1 0 1 1]
 [1 1 1 1 1]
 [1 1 0 1 1]
 [1 1 1 1 1]
 [0 0 1 1 1]
 [1 0 1 1 1]
 [0 1 1 1 1]
 [0 1 1 1 1]
 [1 0 1 1 1]
 [1 0 1 1 1]
 [0 1 1 1 1]
 [1 1 1 1 0]
 [1 1 1 1 1]
 [1 1 0 1 1]
 [0 1 1 1 1]
 [1 1 1 1 1]
 [1 1 1 1 1]
 [0 1 1 1 0]
 [1 1 0 1 1]
 [1 1 1 1 0]
 [1 1 1 1 1]
 [1 1 1 1 1]
 [1 1 1 1 1]
 [1 1 1 0 1]
 [1 1 1 0 1]
 [1 1 1 0 1]
 [1 1 1 1 1]
 [1 1 1 1 1]
 [0 1 1 1 0]
 [1 1 1 0 1]
 [1 1 1 1 1]
 [1 0 1 1 1]
 [1 1 1 1 1]
 [1 1 1 1 1]
 [1 1 1 1 1]
 [0 1 1 1 1]
 [0 1 1 1 1]
 [1 1 1 1 1]
 [1 1 1 1 1]
 [1 1 0 1 1]
 [1 1 1 1 1]
 [1 1 1 1 1]
 [1 1 0 1 0]
 [1 1 1 1 1]
 [1 1 1 0 1]
 [1 1 0 1 1]]
Q is not identifiable (three-column submatrix not identifiable).
Q is not identifiable, and Q_bar is [[1 1 1 1 1]
 [1 1 1 1 1]
 [1 1 1 1 1]
 [1 1 1 1 1]
 [1 0 0 1 1]
 [1 1 1 1 1]
 [1 1 1 1 1]
 [1 1 1 1 0]
 [1 1 1 0 1]
 [1 1 1 1 1]
 [1 1 1 1 1]
 [1 1 0 1 1]
 [1 1 1 1 1]
 [1 1 1 0 1]
 [1 1 1 1 1]
 [1 1 1 1 1]
 [1 0 0 1 1]
 [1 1 0 1 1]
 [1 1 1 1 1]
 [1 1 1 1 1]
 [1 1 1 1 1]
 [1 1 1 1 1]
 [1 1 1 1 1]
 [1 0 0 1 1]
 [1 1 1 0 1]
 [1 1 1 1 1]
 [1 0 0 1 1]
 [1 1 1 1 1]
 [1 1 1 1 1]
 [1 1 1 1 1]
 [1 1 0 1 1]
 [1 1 1 1 1]
 [1 1 0 1 1]
 [1 1 1 1 1]
 [1 1 1 1 1]
 [1 1 1 1 1]
 [1 1 1 1 1]
 [1 1 1 1 1]
 [1 0 0 1 1]
 [1 1 1 0 0]
 [1 1 1 1 1]
 [1 1 1 1 1]
 [1 1 1 1 1]
 [1 1 1 1 1]
 [1 1 1 1 1]
 [1 1 1 1 1]
 [1 1 1 1 1]
 [1 1 1 1 1]
 [1 1 1 1 1]
 [1 1 1 1 1]
 [1 1 1 1 1]
 [1 1 1 1 1]
 [1 1 1 1 0]
 [1 1 1 1 1]
 [1 1 0 1 1]
 [1 1 1 1 1]
 [1 1 0 1 1]
 [1 1 1 1 1]
 [1 0 0 0 1]
 [1 0 0 1 1]
 [1 1 1 1 1]
 [1 1 1 1 1]
 [1 0 0 1 1]
 [1 0 0 1 1]
 [1 1 1 1 1]
 [1 1 1 1 0]
 [1 1 1 1 1]
 [1 1 0 1 1]
 [1 1 1 1 1]
 [1 1 1 1 1]
 [1 1 1 1 1]
 [0 1 1 1 0]
 [1 1 0 1 1]
 [1 1 1 1 0]
 [1 1 1 1 1]
 [1 1 1 1 1]
 [1 1 1 1 1]
 [1 1 1 0 1]
 [1 1 1 0 1]
 [1 1 1 0 1]
 [1 1 1 1 1]
 [1 1 1 1 1]
 [0 1 1 1 0]
 [1 1 1 0 1]
 [1 1 1 1 1]
 [1 0 0 1 1]
 [1 1 1 1 1]
 [1 1 1 1 1]
 [1 1 1 1 1]
 [1 1 1 1 1]
 [1 1 1 1 1]
 [1 1 1 1 1]
 [1 1 1 1 1]
 [1 1 0 1 1]
 [1 1 1 1 1]
 [1 1 1 1 1]
 [1 1 0 1 0]
 [1 1 1 1 1]
 [1 1 1 0 1]
 [1 1 0 1 1]]
branch at 3
runtime for solving id of Q is 0.0013207336887717247
Simulation results:
{'J': 100, 'K': 5, 'N': 10, 'p': 0.9, 'seed': 27, 'sim': 2, 'runtime': 0.0013207336887717247, 'identifiable': 0, 'branch': 3}
3
Q: [[1 1 1 1 1]
 [1 1 1 0 1]
 [1 1 1 1 1]
 [1 1 0 1 1]
 [1 1 0 1 1]
 [1 1 1 1 1]
 [1 1 1 1 1]
 [1 1 1 1 1]
 [1 1 1 0 1]
 [1 1 1 1 1]
 [1 1 1 1 1]
 [1 1 1 1 1]
 [0 1 1 1 1]
 [1 1 1 1 1]
 [1 1 1 1 1]
 [1 1 0 1 1]
 [1 1 1 0 1]
 [1 1 1 1 1]
 [0 1 1 1 1]
 [1 1 1 1 1]
 [1 0 1 1 1]
 [1 1 1 1 1]
 [1 1 1 0 1]
 [1 1 1 1 1]
 [1 1 1 1 1]
 [0 1 1 1 1]
 [1 1 1 1 1]
 [1 1 1 1 1]
 [1 1 1 1 1]
 [1 1 1 1 1]
 [1 1 1 0 0]
 [1 1 1 1 1]
 [1 1 1 1 1]
 [1 0 0 1 1]
 [1 1 1 1 1]
 [1 1 0 1 1]
 [1 1 1 1 1]
 [0 1 1 1 1]
 [1 1 1 1 1]
 [1 1 1 1 1]
 [1 1 1 1 1]
 [1 1 0 0 0]
 [1 1 1 1 1]
 [1 1 1 1 1]
 [1 1 1 0 1]
 [0 1 1 1 1]
 [1 1 1 1 1]
 [1 1 1 1 1]
 [1 1 1 1 1]
 [1 1 1 1 1]
 [1 1 1 1 1]
 [1 1 1 1 1]
 [1 0 1 1 1]
 [1 1 1 1 1]
 [1 1 1 1 1]
 [1 1 1 1 1]
 [1 1 1 1 1]
 [1 1 1 1 0]
 [1 0 1 1 1]
 [0 1 1 1 1]
 [1 0 1 1 1]
 [1 1 1 1 1]
 [1 1 1 1 1]
 [1 1 1 1 1]
 [1 0 1 0 1]
 [1 0 1 1 1]
 [1 1 1 1 1]
 [1 1 1 1 1]
 [1 0 1 1 1]
 [1 1 1 1 1]
 [1 1 1 1 1]
 [0 1 1 1 1]
 [1 1 1 1 1]
 [1 1 1 1 0]
 [0 1 1 1 0]
 [1 1 1 1 1]
 [1 1 1 1 1]
 [1 1 1 1 1]
 [0 1 1 1 1]
 [1 0 1 1 0]
 [1 0 1 0 1]
 [1 1 1 1 1]
 [1 1 1 1 1]
 [1 1 1 1 1]
 [1 1 1 1 1]
 [1 1 1 1 1]
 [1 1 1 1 1]
 [1 1 1 1 1]
 [1 1 1 1 0]
 [1 0 1 1 1]
 [1 1 1 1 1]
 [1 1 1 0 1]
 [1 1 1 1 1]
 [1 1 1 1 1]
 [1 1 0 1 1]
 [0 1 1 1 1]
 [1 1 1 1 1]
 [0 1 1 0 1]
 [1 1 1 0 0]
 [1 1 1 1 1]]
{'restarts': 1, 'conflicts': 38, 'decisions': 73, 'propagations': 1175}
Q is identifiable
branch at 6
runtime for solving id of Q is 0.0028310688212513924
Simulation results:
{'J': 100, 'K': 5, 'N': 10, 'p': 0.9, 'seed': 27, 'sim': 3, 'runtime': 0.0028310688212513924, 'identifiable': 1, 'branch': 6}
4
Q: [[1 1 1 1 1]
 [1 1 1 0 1]
 [1 1 1 1 1]
 [1 1 1 1 1]
 [1 1 1 1 1]
 [1 1 0 1 1]
 [1 1 1 1 1]
 [1 1 1 1 1]
 [1 1 0 1 1]
 [1 1 1 1 1]
 [1 1 1 0 1]
 [1 1 1 1 1]
 [1 1 1 1 1]
 [1 1 1 1 1]
 [0 1 1 1 1]
 [1 1 1 1 1]
 [1 1 1 1 1]
 [1 0 1 1 0]
 [1 1 1 1 1]
 [1 1 1 1 1]
 [1 1 0 0 1]
 [1 1 1 1 1]
 [1 1 1 1 1]
 [1 1 1 1 1]
 [1 1 0 1 1]
 [1 1 1 1 1]
 [1 1 1 0 0]
 [0 0 0 1 1]
 [1 0 1 1 1]
 [1 1 1 1 0]
 [1 1 1 1 1]
 [1 1 1 1 1]
 [1 1 0 1 0]
 [1 1 1 1 1]
 [1 1 1 1 1]
 [1 0 1 1 1]
 [1 1 1 1 1]
 [1 0 0 1 1]
 [1 1 1 1 1]
 [1 1 1 0 1]
 [1 0 1 1 1]
 [1 1 1 1 1]
 [1 1 1 0 1]
 [1 1 1 1 0]
 [1 1 1 1 1]
 [1 0 1 1 1]
 [1 1 1 1 1]
 [1 1 1 1 1]
 [0 1 0 1 1]
 [1 1 1 1 1]
 [1 1 1 1 1]
 [1 1 1 1 1]
 [1 1 1 1 1]
 [1 1 1 1 1]
 [1 1 0 1 1]
 [1 1 1 1 1]
 [1 1 1 1 1]
 [1 1 1 1 0]
 [1 1 1 1 1]
 [1 1 1 1 1]
 [0 0 0 1 1]
 [1 1 1 1 1]
 [1 1 1 1 0]
 [1 1 1 1 1]
 [1 1 1 0 1]
 [1 1 1 1 1]
 [1 1 1 0 1]
 [1 1 1 1 0]
 [1 1 0 1 1]
 [1 1 0 1 1]
 [1 1 1 1 1]
 [0 1 1 1 1]
 [0 0 0 1 1]
 [1 1 1 1 1]
 [1 1 1 1 0]
 [0 1 1 0 1]
 [1 1 1 0 1]
 [0 0 1 1 1]
 [0 0 1 1 1]
 [1 1 0 0 1]
 [1 1 1 1 1]
 [1 0 1 1 1]
 [1 1 1 0 0]
 [1 1 1 0 1]
 [1 1 1 1 1]
 [1 1 1 1 1]
 [1 1 1 1 1]
 [1 1 1 1 1]
 [1 1 1 1 1]
 [1 1 1 1 1]
 [1 1 1 1 1]
 [1 1 0 1 1]
 [1 1 1 1 1]
 [1 1 1 0 1]
 [1 1 1 1 1]
 [1 1 1 1 1]
 [0 0 1 1 1]
 [1 1 0 1 1]
 [1 0 1 1 1]
 [1 1 1 1 1]]
{'restarts': 1, 'conflicts': 22, 'decisions': 79, 'propagations': 970}
Q is not identifiable, and Q_bar is [[0 1 1 1 1]
 [1 0 1 1 0]
 [0 1 1 1 1]
 [0 1 1 1 1]
 [0 1 1 1 1]
 [0 1 1 0 1]
 [0 1 1 1 1]
 [0 1 1 1 1]
 [0 1 1 0 1]
 [0 1 1 1 1]
 [1 0 1 1 0]
 [0 1 1 1 1]
 [0 1 1 1 1]
 [0 1 1 1 1]
 [0 0 1 1 1]
 [0 1 1 1 1]
 [0 1 1 1 1]
 [0 1 0 1 0]
 [0 1 1 1 1]
 [0 1 1 1 1]
 [1 0 1 0 0]
 [0 1 1 1 1]
 [0 1 1 1 1]
 [0 1 1 1 1]
 [0 1 1 0 1]
 [0 1 1 1 1]
 [1 0 0 1 0]
 [0 0 0 0 1]
 [0 1 0 1 1]
 [1 1 0 1 0]
 [0 1 1 1 1]
 [0 1 1 1 1]
 [1 1 0 0 0]
 [0 1 1 1 1]
 [0 1 1 1 1]
 [0 1 0 1 1]
 [0 1 1 1 1]
 [0 1 0 0 1]
 [0 1 1 1 1]
 [1 0 1 1 0]
 [0 1 0 1 1]
 [0 1 1 1 1]
 [1 0 1 1 0]
 [1 1 0 1 0]
 [0 1 1 1 1]
 [0 1 0 1 1]
 [0 1 1 1 1]
 [0 1 1 1 1]
 [0 0 1 0 1]
 [0 1 1 1 1]
 [0 1 1 1 1]
 [0 1 1 1 1]
 [0 1 1 1 1]
 [0 1 1 1 1]
 [0 1 1 0 1]
 [0 1 1 1 1]
 [0 1 1 1 1]
 [1 1 0 1 0]
 [0 1 1 1 1]
 [0 1 1 1 1]
 [0 0 0 0 1]
 [0 1 1 1 1]
 [1 1 0 1 0]
 [0 1 1 1 1]
 [1 0 1 1 0]
 [0 1 1 1 1]
 [1 0 1 1 0]
 [1 1 0 1 0]
 [0 1 1 0 1]
 [0 1 1 0 1]
 [0 1 1 1 1]
 [0 0 1 1 1]
 [0 0 0 0 1]
 [0 1 1 1 1]
 [1 1 0 1 0]
 [0 0 1 1 0]
 [1 0 1 1 0]
 [0 0 0 1 1]
 [0 0 0 1 1]
 [1 0 1 0 0]
 [0 1 1 1 1]
 [0 1 0 1 1]
 [1 0 0 1 0]
 [1 0 1 1 0]
 [0 1 1 1 1]
 [0 1 1 1 1]
 [0 1 1 1 1]
 [0 1 1 1 1]
 [0 1 1 1 1]
 [0 1 1 1 1]
 [0 1 1 1 1]
 [0 1 1 0 1]
 [0 1 1 1 1]
 [1 0 1 1 0]
 [0 1 1 1 1]
 [0 1 1 1 1]
 [0 0 0 1 1]
 [0 1 1 0 1]
 [0 1 0 1 1]
 [0 1 1 1 1]]
branch at 5
runtime for solving id of Q is 0.004279956221580505
Simulation results:
{'J': 100, 'K': 5, 'N': 10, 'p': 0.9, 'seed': 27, 'sim': 4, 'runtime': 0.004279956221580505, 'identifiable': 0, 'branch': 5}
5
Q: [[1 1 1 1 1]
 [1 1 1 0 1]
 [1 1 1 1 1]
 [1 1 1 1 0]
 [1 1 1 1 0]
 [0 1 1 1 1]
 [1 1 1 1 1]
 [1 1 1 1 1]
 [0 1 1 1 1]
 [1 1 1 1 1]
 [1 0 1 0 1]
 [1 1 1 1 1]
 [0 1 1 1 0]
 [1 1 1 0 1]
 [1 1 1 1 1]
 [1 1 0 1 1]
 [1 1 1 1 1]
 [1 1 1 1 1]
 [1 1 1 1 1]
 [0 1 1 1 1]
 [1 1 1 0 1]
 [1 1 1 1 1]
 [1 1 1 1 1]
 [0 1 1 1 1]
 [1 1 1 1 1]
 [1 1 1 1 1]
 [1 1 1 1 0]
 [1 1 1 1 1]
 [1 1 1 1 1]
 [1 1 1 1 1]
 [1 1 1 1 1]
 [1 1 1 1 1]
 [1 1 1 1 1]
 [1 1 1 1 1]
 [1 1 1 1 1]
 [1 1 1 1 1]
 [1 1 1 1 1]
 [0 1 1 0 1]
 [1 1 1 1 1]
 [1 1 1 1 1]
 [1 1 0 1 1]
 [1 0 1 1 1]
 [1 1 1 0 1]
 [1 1 1 1 0]
 [1 1 1 1 1]
 [1 1 1 0 1]
 [1 1 1 1 1]
 [1 1 1 1 1]
 [1 1 1 1 1]
 [0 1 1 1 0]
 [1 1 1 1 1]
 [1 1 1 1 1]
 [1 1 1 1 1]
 [1 1 1 1 1]
 [1 1 1 1 1]
 [1 1 1 1 1]
 [0 1 0 1 1]
 [1 1 1 1 1]
 [1 1 1 1 1]
 [1 1 1 1 1]
 [1 1 1 1 1]
 [1 1 1 0 1]
 [0 1 1 1 1]
 [1 1 1 1 1]
 [1 1 1 1 1]
 [1 0 1 1 1]
 [1 1 1 1 1]
 [1 1 0 1 1]
 [1 1 1 1 0]
 [1 1 0 1 1]
 [1 1 0 1 1]
 [1 1 1 1 1]
 [1 1 1 1 0]
 [1 1 1 1 1]
 [1 1 1 1 1]
 [1 1 1 1 1]
 [1 1 1 1 1]
 [1 1 1 1 1]
 [1 1 1 1 1]
 [1 1 1 1 1]
 [0 1 1 1 1]
 [1 1 0 1 1]
 [1 1 1 1 1]
 [0 1 1 1 0]
 [1 1 1 1 1]
 [0 1 1 1 1]
 [1 1 1 0 1]
 [1 1 1 1 1]
 [1 1 1 1 1]
 [1 1 1 1 1]
 [1 1 1 0 1]
 [1 1 1 1 1]
 [1 0 0 0 1]
 [1 0 1 1 1]
 [1 1 1 1 1]
 [1 1 1 1 1]
 [1 1 1 1 1]
 [0 1 1 1 1]
 [1 1 1 0 1]
 [1 1 1 1 1]]
{'restarts': 1, 'conflicts': 26, 'decisions': 66, 'propagations': 973}
Q is not identifiable, and Q_bar is [[0 1 1 1 1]
 [0 1 1 1 0]
 [0 1 1 1 1]
 [1 0 0 1 1]
 [1 0 0 1 1]
 [0 1 0 1 1]
 [0 1 1 1 1]
 [0 1 1 1 1]
 [0 1 0 1 1]
 [0 1 1 1 1]
 [1 0 1 0 0]
 [0 1 1 1 1]
 [0 0 0 1 1]
 [0 1 1 1 0]
 [0 1 1 1 1]
 [0 1 1 0 1]
 [0 1 1 1 1]
 [0 1 1 1 1]
 [0 1 1 1 1]
 [0 1 0 1 1]
 [0 1 1 1 0]
 [0 1 1 1 1]
 [0 1 1 1 1]
 [0 1 0 1 1]
 [0 1 1 1 1]
 [0 1 1 1 1]
 [1 0 0 1 1]
 [0 1 1 1 1]
 [0 1 1 1 1]
 [0 1 1 1 1]
 [0 1 1 1 1]
 [0 1 1 1 1]
 [0 1 1 1 1]
 [0 1 1 1 1]
 [0 1 1 1 1]
 [0 1 1 1 1]
 [0 1 1 1 1]
 [0 1 0 1 0]
 [0 1 1 1 1]
 [0 1 1 1 1]
 [0 1 1 0 1]
 [1 0 1 0 1]
 [0 1 1 1 0]
 [1 0 0 1 1]
 [0 1 1 1 1]
 [0 1 1 1 0]
 [0 1 1 1 1]
 [0 1 1 1 1]
 [0 1 1 1 1]
 [0 0 0 1 1]
 [0 1 1 1 1]
 [0 1 1 1 1]
 [0 1 1 1 1]
 [0 1 1 1 1]
 [0 1 1 1 1]
 [0 1 1 1 1]
 [0 1 0 0 1]
 [0 1 1 1 1]
 [0 1 1 1 1]
 [0 1 1 1 1]
 [0 1 1 1 1]
 [0 1 1 1 0]
 [0 1 0 1 1]
 [0 1 1 1 1]
 [0 1 1 1 1]
 [1 0 1 0 1]
 [0 1 1 1 1]
 [0 1 1 0 1]
 [1 0 0 1 1]
 [0 1 1 0 1]
 [0 1 1 0 1]
 [0 1 1 1 1]
 [1 0 0 1 1]
 [0 1 1 1 1]
 [0 1 1 1 1]
 [0 1 1 1 1]
 [0 1 1 1 1]
 [0 1 1 1 1]
 [0 1 1 1 1]
 [0 1 1 1 1]
 [0 1 0 1 1]
 [0 1 1 0 1]
 [0 1 1 1 1]
 [0 0 0 1 1]
 [0 1 1 1 1]
 [0 1 0 1 1]
 [0 1 1 1 0]
 [0 1 1 1 1]
 [0 1 1 1 1]
 [0 1 1 1 1]
 [0 1 1 1 0]
 [0 1 1 1 1]
 [0 0 1 0 0]
 [1 0 1 0 1]
 [0 1 1 1 1]
 [0 1 1 1 1]
 [0 1 1 1 1]
 [0 1 0 1 1]
 [0 1 1 1 0]
 [0 1 1 1 1]]
branch at 5
runtime for solving id of Q is 0.003254958428442478
Simulation results:
{'J': 100, 'K': 5, 'N': 10, 'p': 0.9, 'seed': 27, 'sim': 5, 'runtime': 0.003254958428442478, 'identifiable': 0, 'branch': 5}
6
Q: [[0 1 1 1 1]
 [1 1 1 1 0]
 [1 1 0 1 1]
 [1 1 1 0 1]
 [0 1 1 0 1]
 [0 1 1 1 1]
 [1 1 1 1 1]
 [0 0 1 1 1]
 [1 1 1 1 1]
 [1 1 0 1 1]
 [1 1 1 1 1]
 [1 1 1 0 1]
 [1 1 1 1 1]
 [0 1 1 0 1]
 [0 0 0 1 1]
 [1 1 1 0 1]
 [1 1 1 1 1]
 [0 1 1 1 1]
 [1 1 1 1 1]
 [1 1 1 1 1]
 [0 1 1 1 1]
 [1 1 1 1 1]
 [1 1 1 1 0]
 [1 1 1 1 1]
 [1 1 1 1 1]
 [1 1 1 0 0]
 [0 1 1 1 1]
 [0 1 1 1 1]
 [0 1 1 1 1]
 [1 1 1 1 0]
 [1 1 1 1 1]
 [1 1 1 1 1]
 [0 1 1 1 1]
 [1 1 0 1 0]
 [1 1 1 1 1]
 [1 1 1 1 1]
 [1 1 1 1 1]
 [1 1 1 1 1]
 [1 1 0 1 1]
 [1 1 1 1 1]
 [0 1 1 1 1]
 [1 1 0 1 1]
 [0 1 1 1 0]
 [1 0 1 1 1]
 [1 1 1 1 1]
 [1 0 0 0 1]
 [1 1 1 1 1]
 [1 1 1 0 1]
 [0 1 1 1 1]
 [1 1 1 1 1]
 [1 1 1 1 1]
 [1 1 1 0 1]
 [1 1 0 1 0]
 [1 1 1 1 1]
 [1 1 1 1 0]
 [1 1 1 1 1]
 [1 1 1 1 1]
 [0 1 1 1 1]
 [1 1 1 1 0]
 [1 1 1 1 1]
 [1 1 1 1 1]
 [1 1 1 0 1]
 [1 1 1 1 0]
 [1 1 1 1 1]
 [1 1 1 1 0]
 [1 1 1 0 1]
 [1 1 1 1 1]
 [0 1 0 1 0]
 [1 1 1 1 1]
 [1 1 1 1 1]
 [1 0 1 1 1]
 [0 1 1 1 1]
 [1 1 1 1 1]
 [1 0 1 0 1]
 [1 1 0 1 1]
 [0 1 1 1 1]
 [1 1 1 1 1]
 [1 1 1 1 1]
 [1 1 1 1 1]
 [1 1 1 1 1]
 [1 1 1 1 1]
 [1 1 1 1 1]
 [1 0 1 1 1]
 [1 1 1 1 1]
 [1 1 1 1 1]
 [1 1 1 1 1]
 [1 1 1 1 1]
 [1 1 1 1 1]
 [1 1 1 1 1]
 [1 1 0 0 1]
 [1 1 1 0 1]
 [0 1 1 1 1]
 [0 0 0 1 1]
 [1 0 1 1 1]
 [1 0 1 1 1]
 [1 1 1 1 1]
 [1 1 1 1 1]
 [1 1 1 1 1]
 [1 1 1 1 1]
 [0 1 0 1 1]]
{'restarts': 1, 'conflicts': 22, 'decisions': 45, 'propagations': 1066}
Q is identifiable
branch at 6
runtime for solving id of Q is 0.003751181997358799
Simulation results:
{'J': 100, 'K': 5, 'N': 10, 'p': 0.9, 'seed': 27, 'sim': 6, 'runtime': 0.003751181997358799, 'identifiable': 1, 'branch': 6}
7
Q: [[1 1 0 1 1]
 [1 1 1 1 1]
 [1 1 1 1 1]
 [1 1 0 1 1]
 [1 1 1 1 1]
 [1 1 1 1 1]
 [1 1 1 1 1]
 [1 1 1 1 1]
 [1 1 1 1 1]
 [1 1 1 1 1]
 [1 1 1 1 1]
 [1 1 1 1 0]
 [1 1 1 1 1]
 [1 1 1 1 1]
 [0 1 1 1 0]
 [1 1 0 1 0]
 [1 1 1 1 1]
 [1 1 1 1 1]
 [1 1 1 1 1]
 [1 0 1 1 1]
 [1 1 1 1 1]
 [1 1 1 1 1]
 [1 1 1 1 1]
 [1 1 0 1 1]
 [1 1 1 1 1]
 [1 1 1 1 1]
 [1 1 1 1 1]
 [1 1 1 1 1]
 [0 0 1 1 1]
 [1 1 1 1 1]
 [0 0 1 1 1]
 [1 1 1 1 1]
 [1 1 1 1 1]
 [1 1 1 1 1]
 [1 1 1 1 1]
 [1 1 1 1 1]
 [1 1 1 1 0]
 [1 1 1 1 1]
 [1 0 1 1 1]
 [1 1 1 1 1]
 [1 1 0 1 1]
 [1 1 1 1 1]
 [1 1 1 1 1]
 [1 1 1 1 1]
 [1 1 1 0 1]
 [1 1 1 1 1]
 [0 1 1 1 1]
 [1 1 1 0 1]
 [0 1 1 1 1]
 [1 1 1 1 0]
 [1 1 0 0 1]
 [1 1 1 1 1]
 [1 1 1 1 1]
 [1 1 0 1 1]
 [1 0 1 0 1]
 [0 1 1 1 1]
 [1 1 1 1 1]
 [1 1 1 1 1]
 [1 1 1 1 1]
 [1 0 1 0 1]
 [0 1 1 1 1]
 [1 1 1 1 1]
 [1 1 0 1 1]
 [1 0 1 1 1]
 [1 1 1 1 1]
 [1 1 1 1 0]
 [1 1 1 1 1]
 [1 1 1 1 1]
 [1 1 0 1 1]
 [1 1 1 1 1]
 [1 0 1 1 1]
 [1 1 0 1 1]
 [1 1 1 1 1]
 [1 1 1 1 0]
 [1 1 1 1 1]
 [1 1 1 1 1]
 [1 0 1 1 1]
 [1 0 1 1 1]
 [1 0 1 1 1]
 [1 1 1 1 1]
 [1 1 1 1 1]
 [1 1 1 1 1]
 [0 1 1 1 1]
 [1 1 1 1 1]
 [1 1 1 1 0]
 [1 1 1 1 1]
 [1 1 0 1 1]
 [1 1 1 1 1]
 [1 1 1 1 1]
 [1 1 1 1 1]
 [1 1 1 0 1]
 [1 1 1 1 1]
 [0 1 0 1 1]
 [1 1 1 1 1]
 [1 1 1 1 1]
 [1 1 1 1 1]
 [1 1 1 1 1]
 [1 1 1 1 1]
 [1 1 1 1 1]
 [1 1 1 1 1]]
{'restarts': 1, 'conflicts': 20, 'decisions': 60, 'propagations': 703}
Q is not identifiable, and Q_bar is [[1 0 1 1 0]
 [0 1 1 1 0]
 [0 1 1 1 0]
 [1 0 1 1 0]
 [0 1 1 1 0]
 [0 1 1 1 0]
 [0 1 1 1 0]
 [0 1 1 1 0]
 [0 1 1 1 0]
 [0 1 1 1 0]
 [0 1 1 1 0]
 [1 0 1 0 1]
 [0 1 1 1 0]
 [0 1 1 1 0]
 [0 0 1 0 1]
 [1 0 1 0 0]
 [0 1 1 1 0]
 [0 1 1 1 0]
 [0 1 1 1 0]
 [0 1 0 1 1]
 [0 1 1 1 0]
 [0 1 1 1 0]
 [0 1 1 1 0]
 [1 0 1 1 0]
 [0 1 1 1 0]
 [0 1 1 1 0]
 [0 1 1 1 0]
 [0 1 1 1 0]
 [0 0 0 1 1]
 [0 1 1 1 0]
 [0 0 0 1 1]
 [0 1 1 1 0]
 [0 1 1 1 0]
 [0 1 1 1 0]
 [0 1 1 1 0]
 [0 1 1 1 0]
 [1 0 1 0 1]
 [0 1 1 1 0]
 [0 1 0 1 1]
 [0 1 1 1 0]
 [1 0 1 1 0]
 [0 1 1 1 0]
 [0 1 1 1 0]
 [0 1 1 1 0]
 [1 1 0 1 0]
 [0 1 1 1 0]
 [0 0 1 1 1]
 [1 1 0 1 0]
 [0 0 1 1 1]
 [1 0 1 0 1]
 [1 0 0 1 0]
 [0 1 1 1 0]
 [0 1 1 1 0]
 [1 0 1 1 0]
 [0 1 0 1 0]
 [0 0 1 1 1]
 [0 1 1 1 0]
 [0 1 1 1 0]
 [0 1 1 1 0]
 [0 1 0 1 0]
 [0 0 1 1 1]
 [0 1 1 1 0]
 [1 0 1 1 0]
 [0 1 0 1 1]
 [0 1 1 1 0]
 [1 0 1 0 1]
 [0 1 1 1 0]
 [0 1 1 1 0]
 [1 0 1 1 0]
 [0 1 1 1 0]
 [0 1 0 1 1]
 [1 0 1 1 0]
 [0 1 1 1 0]
 [1 0 1 0 1]
 [0 1 1 1 0]
 [0 1 1 1 0]
 [0 1 0 1 1]
 [0 1 0 1 1]
 [0 1 0 1 1]
 [0 1 1 1 0]
 [0 1 1 1 0]
 [0 1 1 1 0]
 [0 0 1 1 1]
 [0 1 1 1 0]
 [1 0 1 0 1]
 [0 1 1 1 0]
 [1 0 1 1 0]
 [0 1 1 1 0]
 [0 1 1 1 0]
 [0 1 1 1 0]
 [1 1 0 1 0]
 [0 1 1 1 0]
 [0 0 1 1 0]
 [0 1 1 1 0]
 [0 1 1 1 0]
 [0 1 1 1 0]
 [0 1 1 1 0]
 [0 1 1 1 0]
 [0 1 1 1 0]
 [0 1 1 1 0]]
branch at 5
runtime for solving id of Q is 0.0029850630089640617
Simulation results:
{'J': 100, 'K': 5, 'N': 10, 'p': 0.9, 'seed': 27, 'sim': 7, 'runtime': 0.0029850630089640617, 'identifiable': 0, 'branch': 5}
8
Q: [[1 1 1 1 1]
 [1 1 1 1 1]
 [1 1 1 1 1]
 [1 1 1 1 1]
 [1 1 1 1 1]
 [1 1 0 1 1]
 [1 1 1 1 1]
 [1 1 1 1 0]
 [1 1 1 1 0]
 [0 1 1 1 1]
 [1 1 1 1 1]
 [1 0 1 1 1]
 [1 1 1 1 1]
 [1 1 1 0 1]
 [1 1 0 1 1]
 [0 1 1 1 1]
 [1 1 1 1 1]
 [1 1 1 1 1]
 [1 1 1 1 1]
 [1 1 1 1 0]
 [1 1 1 1 1]
 [1 1 1 1 1]
 [1 1 1 1 1]
 [1 1 1 1 1]
 [1 1 1 1 1]
 [1 1 1 1 1]
 [1 1 1 1 1]
 [1 1 1 1 1]
 [1 1 0 1 0]
 [1 0 1 1 1]
 [1 1 1 1 1]
 [1 1 1 1 1]
 [1 1 1 1 1]
 [1 1 0 1 1]
 [1 1 1 1 1]
 [1 1 1 1 1]
 [1 1 1 1 1]
 [1 1 1 1 1]
 [1 1 1 1 1]
 [0 0 1 1 1]
 [1 1 1 1 1]
 [1 1 1 0 1]
 [1 1 0 1 1]
 [1 1 1 1 1]
 [1 0 1 1 1]
 [1 1 1 1 1]
 [1 0 1 1 1]
 [1 1 1 1 1]
 [1 1 1 1 1]
 [1 1 1 1 1]
 [1 1 1 1 1]
 [1 1 1 1 1]
 [1 0 1 1 0]
 [0 1 1 1 0]
 [1 1 1 1 1]
 [1 1 1 1 1]
 [1 1 1 1 1]
 [1 1 0 1 1]
 [0 1 1 1 1]
 [1 0 0 1 1]
 [1 1 1 1 1]
 [1 1 1 1 1]
 [1 1 1 1 1]
 [1 1 1 1 1]
 [1 1 1 1 1]
 [1 1 1 1 1]
 [1 1 1 1 1]
 [0 1 1 1 1]
 [1 1 1 1 1]
 [1 1 1 1 1]
 [1 1 1 1 1]
 [1 1 1 1 1]
 [1 1 1 1 1]
 [1 1 1 1 1]
 [1 1 1 1 1]
 [0 1 1 1 1]
 [0 1 1 1 1]
 [1 1 1 1 1]
 [1 1 1 1 1]
 [1 1 0 1 1]
 [1 1 1 1 1]
 [1 1 1 1 1]
 [1 1 1 1 1]
 [1 1 1 1 1]
 [1 1 1 1 1]
 [0 1 1 1 1]
 [1 1 1 1 1]
 [1 1 1 0 1]
 [1 1 0 1 1]
 [1 1 0 1 0]
 [1 1 1 1 1]
 [0 1 1 1 1]
 [1 1 1 1 1]
 [1 1 1 1 0]
 [1 1 1 1 1]
 [1 1 1 1 1]
 [1 1 1 1 1]
 [1 0 1 1 1]
 [0 1 1 1 1]
 [1 1 1 1 0]]
Q is not identifiable (three-column submatrix not identifiable).
Q is not identifiable, and Q_bar is [[1 1 1 1 1]
 [1 1 1 1 1]
 [1 1 1 1 1]
 [1 1 1 1 1]
 [1 1 1 1 1]
 [1 1 0 1 1]
 [1 1 1 1 1]
 [1 1 1 1 0]
 [1 1 1 1 0]
 [1 1 1 1 1]
 [1 1 1 1 1]
 [1 0 0 1 1]
 [1 1 1 1 1]
 [1 1 1 0 1]
 [1 1 0 1 1]
 [1 1 1 1 1]
 [1 1 1 1 1]
 [1 1 1 1 1]
 [1 1 1 1 1]
 [1 1 1 1 0]
 [1 1 1 1 1]
 [1 1 1 1 1]
 [1 1 1 1 1]
 [1 1 1 1 1]
 [1 1 1 1 1]
 [1 1 1 1 1]
 [1 1 1 1 1]
 [1 1 1 1 1]
 [1 1 0 1 0]
 [1 0 0 1 1]
 [1 1 1 1 1]
 [1 1 1 1 1]
 [1 1 1 1 1]
 [1 1 0 1 1]
 [1 1 1 1 1]
 [1 1 1 1 1]
 [1 1 1 1 1]
 [1 1 1 1 1]
 [1 1 1 1 1]
 [1 0 0 0 1]
 [1 1 1 1 1]
 [1 1 1 0 1]
 [1 1 0 1 1]
 [1 1 1 1 1]
 [1 0 0 1 1]
 [1 1 1 1 1]
 [1 0 0 1 1]
 [1 1 1 1 1]
 [1 1 1 1 1]
 [1 1 1 1 1]
 [1 1 1 1 1]
 [1 1 1 1 1]
 [1 0 1 1 0]
 [0 1 1 1 0]
 [1 1 1 1 1]
 [1 1 1 1 1]
 [1 1 1 1 1]
 [1 1 0 1 1]
 [1 1 1 1 1]
 [1 0 0 1 1]
 [1 1 1 1 1]
 [1 1 1 1 1]
 [1 1 1 1 1]
 [1 1 1 1 1]
 [1 1 1 1 1]
 [1 1 1 1 1]
 [1 1 1 1 1]
 [1 1 1 1 1]
 [1 1 1 1 1]
 [1 1 1 1 1]
 [1 1 1 1 1]
 [1 1 1 1 1]
 [1 1 1 1 1]
 [1 1 1 1 1]
 [1 1 1 1 1]
 [1 1 1 1 1]
 [1 1 1 1 1]
 [1 1 1 1 1]
 [1 1 1 1 1]
 [1 1 0 1 1]
 [1 1 1 1 1]
 [1 1 1 1 1]
 [1 1 1 1 1]
 [1 1 1 1 1]
 [1 1 1 1 1]
 [1 1 1 1 1]
 [1 1 1 1 1]
 [1 1 1 0 1]
 [1 1 0 1 1]
 [1 1 0 1 0]
 [1 1 1 1 1]
 [1 1 1 1 1]
 [1 1 1 1 1]
 [1 1 1 1 0]
 [1 1 1 1 1]
 [1 1 1 1 1]
 [1 1 1 1 1]
 [1 0 0 1 1]
 [1 1 1 1 1]
 [1 1 1 1 0]]
branch at 3
runtime for solving id of Q is 0.001329643651843071
Simulation results:
{'J': 100, 'K': 5, 'N': 10, 'p': 0.9, 'seed': 27, 'sim': 8, 'runtime': 0.001329643651843071, 'identifiable': 0, 'branch': 3}
9
Q: [[1 1 1 0 1]
 [1 1 1 1 1]
 [1 1 1 1 1]
 [1 1 1 1 1]
 [1 1 1 1 1]
 [1 1 1 0 0]
 [1 1 1 1 1]
 [1 1 1 1 1]
 [1 0 0 1 1]
 [1 1 1 1 1]
 [1 1 1 1 1]
 [1 1 1 1 1]
 [1 1 1 1 1]
 [1 1 0 0 1]
 [1 1 1 1 0]
 [0 1 1 1 1]
 [1 1 0 1 1]
 [0 1 1 1 0]
 [1 0 1 1 1]
 [1 1 1 1 0]
 [1 1 1 1 1]
 [1 1 1 1 1]
 [1 1 1 1 1]
 [1 0 1 1 1]
 [1 1 1 1 1]
 [1 1 1 1 1]
 [1 1 0 1 1]
 [1 1 1 1 1]
 [1 1 0 1 0]
 [1 1 1 1 1]
 [1 1 1 1 1]
 [1 1 1 1 1]
 [1 1 0 1 1]
 [1 1 1 1 1]
 [1 1 1 1 1]
 [1 0 1 1 1]
 [1 1 1 1 1]
 [1 1 1 0 1]
 [1 1 1 1 1]
 [1 1 1 1 0]
 [1 1 1 1 1]
 [1 0 1 1 1]
 [1 1 1 1 1]
 [1 0 1 1 0]
 [1 1 1 1 1]
 [1 1 1 1 1]
 [1 1 1 1 1]
 [1 1 0 1 1]
 [1 1 1 1 1]
 [1 1 0 1 1]
 [0 1 1 1 1]
 [1 1 1 1 0]
 [1 1 1 1 1]
 [1 0 1 1 1]
 [1 1 1 1 0]
 [1 1 1 1 1]
 [1 0 1 1 1]
 [0 1 1 1 1]
 [1 1 1 1 1]
 [1 1 1 1 1]
 [0 1 1 1 1]
 [1 0 1 1 1]
 [1 1 1 1 1]
 [1 1 1 1 1]
 [1 1 1 1 1]
 [1 1 1 1 1]
 [1 1 1 1 0]
 [1 1 1 1 1]
 [1 1 1 1 1]
 [1 1 1 0 0]
 [1 1 1 1 1]
 [1 1 1 1 1]
 [1 1 1 1 1]
 [1 1 1 1 1]
 [1 1 1 1 1]
 [1 1 1 1 1]
 [1 1 1 1 1]
 [1 1 1 1 1]
 [1 1 1 1 1]
 [1 0 1 0 0]
 [1 1 1 1 1]
 [1 0 1 1 1]
 [0 1 1 1 1]
 [1 1 1 1 1]
 [1 1 1 1 1]
 [1 1 1 1 1]
 [1 1 1 1 1]
 [1 1 1 1 1]
 [1 1 1 1 1]
 [1 1 1 1 1]
 [1 1 1 1 1]
 [1 1 1 1 1]
 [1 1 1 1 1]
 [1 1 1 1 1]
 [1 1 1 1 1]
 [1 1 1 1 1]
 [1 1 1 1 1]
 [1 1 1 1 1]
 [1 1 1 1 1]
 [1 0 1 1 1]]
{'restarts': 1, 'conflicts': 34, 'decisions': 87, 'propagations': 1230}
Q is not identifiable, and Q_bar is [[1 0 1 0 1]
 [0 1 1 1 0]
 [0 1 1 1 0]
 [0 1 1 1 0]
 [0 1 1 1 0]
 [1 0 0 0 1]
 [0 1 1 1 0]
 [0 1 1 1 0]
 [0 1 1 0 0]
 [0 1 1 1 0]
 [0 1 1 1 0]
 [0 1 1 1 0]
 [0 1 1 1 0]
 [1 0 1 0 0]
 [0 0 0 1 1]
 [0 0 1 1 0]
 [1 1 1 0 0]
 [0 0 0 1 0]
 [0 1 1 0 1]
 [0 0 0 1 1]
 [0 1 1 1 0]
 [0 1 1 1 0]
 [0 1 1 1 0]
 [0 1 1 0 1]
 [0 1 1 1 0]
 [0 1 1 1 0]
 [1 1 1 0 0]
 [0 1 1 1 0]
 [1 1 0 0 0]
 [0 1 1 1 0]
 [0 1 1 1 0]
 [0 1 1 1 0]
 [1 1 1 0 0]
 [0 1 1 1 0]
 [0 1 1 1 0]
 [0 1 1 0 1]
 [0 1 1 1 0]
 [1 0 1 0 1]
 [0 1 1 1 0]
 [0 0 0 1 1]
 [0 1 1 1 0]
 [0 1 1 0 1]
 [0 1 1 1 0]
 [0 1 0 0 1]
 [0 1 1 1 0]
 [0 1 1 1 0]
 [0 1 1 1 0]
 [1 1 1 0 0]
 [0 1 1 1 0]
 [1 1 1 0 0]
 [0 0 1 1 0]
 [0 0 0 1 1]
 [0 1 1 1 0]
 [0 1 1 0 1]
 [0 0 0 1 1]
 [0 1 1 1 0]
 [0 1 1 0 1]
 [0 0 1 1 0]
 [0 1 1 1 0]
 [0 1 1 1 0]
 [0 0 1 1 0]
 [0 1 1 0 1]
 [0 1 1 1 0]
 [0 1 1 1 0]
 [0 1 1 1 0]
 [0 1 1 1 0]
 [0 0 0 1 1]
 [0 1 1 1 0]
 [0 1 1 1 0]
 [1 0 0 0 1]
 [0 1 1 1 0]
 [0 1 1 1 0]
 [0 1 1 1 0]
 [0 1 1 1 0]
 [0 1 1 1 0]
 [0 1 1 1 0]
 [0 1 1 1 0]
 [0 1 1 1 0]
 [0 1 1 1 0]
 [0 0 0 0 1]
 [0 1 1 1 0]
 [0 1 1 0 1]
 [0 0 1 1 0]
 [0 1 1 1 0]
 [0 1 1 1 0]
 [0 1 1 1 0]
 [0 1 1 1 0]
 [0 1 1 1 0]
 [0 1 1 1 0]
 [0 1 1 1 0]
 [0 1 1 1 0]
 [0 1 1 1 0]
 [0 1 1 1 0]
 [0 1 1 1 0]
 [0 1 1 1 0]
 [0 1 1 1 0]
 [0 1 1 1 0]
 [0 1 1 1 0]
 [0 1 1 1 0]
 [0 1 1 0 1]]
branch at 5
runtime for solving id of Q is 0.0036464259028434753
Simulation results:
{'J': 100, 'K': 5, 'N': 10, 'p': 0.9, 'seed': 27, 'sim': 9, 'runtime': 0.0036464259028434753, 'identifiable': 0, 'branch': 5}
Simulation results:
[{'J': 100, 'K': 5, 'N': 10, 'p': 0.9, 'seed': 27, 'sim': 0, 'runtime': 0.004323083907365799, 'identifiable': 0, 'branch': 5}, {'J': 100, 'K': 5, 'N': 10, 'p': 0.9, 'seed': 27, 'sim': 1, 'runtime': 0.0013758614659309387, 'identifiable': 0, 'branch': 3}, {'J': 100, 'K': 5, 'N': 10, 'p': 0.9, 'seed': 27, 'sim': 2, 'runtime': 0.0013207336887717247, 'identifiable': 0, 'branch': 3}, {'J': 100, 'K': 5, 'N': 10, 'p': 0.9, 'seed': 27, 'sim': 3, 'runtime': 0.0028310688212513924, 'identifiable': 1, 'branch': 6}, {'J': 100, 'K': 5, 'N': 10, 'p': 0.9, 'seed': 27, 'sim': 4, 'runtime': 0.004279956221580505, 'identifiable': 0, 'branch': 5}, {'J': 100, 'K': 5, 'N': 10, 'p': 0.9, 'seed': 27, 'sim': 5, 'runtime': 0.003254958428442478, 'identifiable': 0, 'branch': 5}, {'J': 100, 'K': 5, 'N': 10, 'p': 0.9, 'seed': 27, 'sim': 6, 'runtime': 0.003751181997358799, 'identifiable': 1, 'branch': 6}, {'J': 100, 'K': 5, 'N': 10, 'p': 0.9, 'seed': 27, 'sim': 7, 'runtime': 0.0029850630089640617, 'identifiable': 0, 'branch': 5}, {'J': 100, 'K': 5, 'N': 10, 'p': 0.9, 'seed': 27, 'sim': 8, 'runtime': 0.001329643651843071, 'identifiable': 0, 'branch': 3}, {'J': 100, 'K': 5, 'N': 10, 'p': 0.9, 'seed': 27, 'sim': 9, 'runtime': 0.0036464259028434753, 'identifiable': 0, 'branch': 5}]
