
The Gurobi software has a limited number of licenses. To request a license or
licenses, add this line

    #SBATCH --licenses=gurobi@slurmdb:1

to your SBATCH script, replacing N with the number of licenses you need. Gurobi
will need one license per process.


0
Q: [[1 0 1 0 1 0 1 1 1 1]
 [1 0 1 1 1 1 1 0 0 1]
 [1 1 0 0 1 1 1 1 1 1]
 [1 1 1 0 0 1 1 1 1 1]
 [1 1 1 1 0 1 1 1 0 0]
 [0 1 1 1 1 0 1 1 1 0]
 [0 1 1 1 1 1 0 0 0 0]
 [1 0 1 0 1 0 0 1 1 0]
 [1 1 1 1 1 1 1 1 0 1]
 [1 0 1 1 0 1 1 1 0 1]
 [0 1 1 1 1 1 1 1 1 0]
 [1 1 1 1 1 1 1 1 1 0]
 [0 1 1 1 1 1 1 1 1 1]
 [0 1 1 1 0 1 1 0 1 1]
 [1 1 1 1 1 0 0 1 1 1]
 [0 1 1 0 1 0 0 1 1 1]
 [1 0 1 1 1 1 1 1 0 1]
 [1 1 1 0 1 0 1 0 1 0]
 [1 1 0 1 1 1 1 1 1 0]
 [1 1 1 1 1 1 1 1 1 0]
 [1 1 1 0 1 1 1 1 1 1]
 [0 1 1 0 1 0 1 1 0 1]
 [1 1 1 0 1 1 0 1 0 0]
 [0 1 1 1 1 0 0 1 1 1]
 [1 0 1 1 1 0 0 1 1 1]
 [1 1 1 1 1 1 0 0 0 1]
 [1 1 1 0 1 1 1 1 1 0]
 [1 1 1 1 0 0 0 1 1 1]
 [1 1 0 0 1 0 0 1 0 1]
 [0 0 0 0 0 1 1 1 1 0]
 [1 1 0 1 1 1 1 1 1 1]
 [1 1 0 0 0 0 1 0 1 1]
 [0 1 1 1 0 1 1 0 1 1]
 [1 1 0 1 0 0 1 1 1 1]
 [1 0 0 1 1 1 1 0 0 1]
 [0 1 0 1 1 0 1 1 1 1]
 [1 1 1 1 0 1 0 0 0 1]
 [1 1 1 1 1 0 1 1 0 1]
 [0 1 1 1 1 1 1 0 0 0]
 [1 1 1 1 0 0 1 1 1 0]
 [0 1 1 1 1 1 0 1 1 1]
 [1 1 1 0 1 0 0 1 0 1]
 [1 1 0 1 1 1 1 1 1 1]
 [0 1 0 1 0 1 1 1 1 1]
 [1 1 1 0 1 1 0 0 1 1]
 [0 1 1 0 0 1 0 1 1 1]
 [1 1 1 1 1 1 0 0 0 1]
 [1 1 0 1 0 1 1 1 1 1]
 [1 1 1 0 1 1 0 1 1 1]
 [1 1 1 1 1 1 1 0 1 1]]
{'restarts': 136, 'conflicts': 74427, 'decisions': 104714, 'propagations': 31625346}
Q is identifiable
branch at 6
runtime for solving id of Q is 7.131501332856715
Simulation results:
{'J': 50, 'K': 10, 'N': 10, 'p': 0.7, 'seed': 997, 'sim': 0, 'runtime': 7.131501332856715, 'identifiable': 1, 'branch': 6}
1
Q: [[1 1 1 1 1 0 1 1 1 0]
 [1 0 1 1 0 1 1 1 1 1]
 [1 0 1 1 1 0 1 1 1 1]
 [1 1 1 1 1 0 1 1 0 1]
 [1 1 0 1 0 1 0 1 1 0]
 [1 1 1 1 0 1 1 1 1 1]
 [1 1 1 0 0 1 1 0 1 1]
 [1 1 1 1 0 0 0 0 1 1]
 [0 1 0 0 1 1 1 1 1 1]
 [0 1 1 0 0 1 1 1 1 1]
 [1 0 1 1 1 1 1 1 0 0]
 [1 1 0 1 1 1 0 1 1 1]
 [1 1 1 1 1 1 1 1 1 1]
 [1 0 1 1 0 1 1 1 1 1]
 [1 0 1 1 0 1 0 1 1 1]
 [1 0 1 1 0 0 1 1 1 0]
 [1 0 1 1 1 0 0 1 1 0]
 [1 1 1 0 1 1 0 0 0 1]
 [1 1 1 0 0 0 0 1 1 1]
 [1 0 1 1 0 1 1 1 0 1]
 [0 1 1 1 0 1 1 1 1 1]
 [0 0 1 1 1 1 1 1 0 1]
 [1 1 0 1 1 1 1 1 1 0]
 [1 0 1 1 0 0 1 1 1 1]
 [1 1 1 0 1 1 1 0 1 1]
 [1 1 1 1 0 0 1 0 1 1]
 [0 0 0 1 1 0 0 1 0 1]
 [0 1 0 0 0 1 1 1 0 0]
 [0 1 1 1 0 1 0 1 1 1]
 [1 1 1 1 0 1 1 0 0 1]
 [1 0 1 1 1 0 1 0 0 0]
 [0 0 1 1 0 1 1 0 1 1]
 [0 0 0 1 1 0 1 1 1 0]
 [1 1 1 1 0 1 1 0 1 0]
 [1 1 1 1 1 1 1 0 0 1]
 [1 0 1 1 1 0 1 1 1 0]
 [1 1 1 1 1 1 1 0 1 1]
 [0 1 0 1 1 1 0 1 1 0]
 [1 1 0 0 1 0 1 1 1 1]
 [0 1 0 1 0 1 0 1 0 1]
 [1 1 0 1 1 1 1 1 0 1]
 [1 1 0 1 1 1 1 0 0 1]
 [1 1 1 1 1 1 1 1 1 1]
 [1 1 1 0 1 1 1 1 0 1]
 [1 1 1 1 1 1 1 0 0 0]
 [0 1 0 1 1 1 1 1 1 1]
 [1 1 1 1 0 0 1 1 1 0]
 [1 0 1 0 1 1 0 1 0 0]
 [0 0 1 1 1 1 1 1 1 1]
 [1 1 1 1 1 1 1 1 1 1]]
{'restarts': 5, 'conflicts': 969, 'decisions': 3066, 'propagations': 428801}
Q is not identifiable, and Q_bar is [[1 1 0 1 1 0 1 1 1 0]
 [0 1 0 1 0 1 1 1 1 1]
 [0 1 0 1 1 0 1 1 1 1]
 [1 1 0 1 1 0 1 1 0 1]
 [1 0 1 1 0 0 0 1 1 0]
 [0 1 1 1 0 1 1 1 1 1]
 [1 0 0 0 0 1 1 0 1 1]
 [1 1 0 1 0 0 0 0 1 1]
 [0 0 1 0 1 0 1 1 1 1]
 [0 0 1 0 0 1 1 1 1 1]
 [0 1 0 1 1 1 1 1 0 0]
 [1 0 1 1 1 0 0 1 1 1]
 [0 1 1 1 1 1 1 1 1 1]
 [0 1 0 1 0 1 1 1 1 1]
 [0 1 0 1 0 1 0 1 1 1]
 [0 1 0 1 0 0 1 1 1 0]
 [0 1 0 1 1 0 0 1 1 0]
 [1 1 1 0 1 0 0 0 0 1]
 [1 1 0 0 0 0 0 1 1 1]
 [0 1 0 1 0 1 1 1 0 1]
 [0 0 1 1 0 1 1 1 1 1]
 [0 0 0 1 1 1 1 1 0 1]
 [1 0 1 1 1 0 1 1 1 0]
 [0 1 0 1 0 0 1 1 1 1]
 [1 1 1 0 1 1 1 0 1 1]
 [1 1 0 1 0 0 1 0 1 1]
 [0 0 0 1 1 0 0 1 0 1]
 [0 0 1 0 0 0 1 1 0 0]
 [0 0 1 1 0 1 0 1 1 1]
 [1 0 0 1 0 1 1 0 0 1]
 [0 1 0 1 1 0 1 0 0 0]
 [0 0 0 1 0 1 1 0 1 1]
 [0 0 0 1 1 0 1 1 1 0]
 [0 1 1 1 0 0 1 0 1 0]
 [1 1 1 1 1 0 1 0 0 1]
 [0 1 0 1 1 0 1 1 1 0]
 [1 0 1 1 1 1 1 0 1 1]
 [0 0 1 1 1 0 0 1 1 0]
 [1 0 0 0 1 0 1 1 1 1]
 [0 0 1 1 0 0 0 1 0 1]
 [1 0 1 1 1 0 1 1 0 1]
 [1 0 1 1 1 0 1 0 0 1]
 [0 1 1 1 1 1 1 1 1 1]
 [1 1 1 0 1 0 1 1 0 1]
 [1 0 1 1 1 1 1 0 0 0]
 [0 0 1 1 1 0 1 1 1 1]
 [1 1 0 1 0 0 1 1 1 0]
 [0 1 0 0 1 1 0 1 0 0]
 [0 0 0 1 1 1 1 1 1 1]
 [0 1 1 1 1 1 1 1 1 1]]
branch at 5
runtime for solving id of Q is 0.16699028108268976
Simulation results:
{'J': 50, 'K': 10, 'N': 10, 'p': 0.7, 'seed': 997, 'sim': 1, 'runtime': 0.16699028108268976, 'identifiable': 0, 'branch': 5}
2
Q: [[1 0 1 1 1 0 1 1 1 1]
 [1 1 1 1 0 0 0 1 1 0]
 [1 1 1 1 0 1 1 1 1 1]
 [1 1 1 1 0 1 1 0 1 1]
 [1 0 1 1 1 1 1 0 1 1]
 [1 1 1 0 0 0 1 1 0 1]
 [0 0 1 0 1 1 1 1 1 1]
 [1 1 1 0 1 0 0 0 0 1]
 [1 1 1 1 1 1 1 1 1 1]
 [1 1 1 1 0 1 1 1 0 1]
 [1 1 1 1 1 1 0 1 1 1]
 [1 1 1 1 0 1 0 1 1 1]
 [1 1 1 1 1 1 1 0 1 0]
 [0 0 0 0 1 1 0 1 1 1]
 [1 1 1 0 1 0 1 1 0 0]
 [1 1 1 1 1 0 1 1 1 0]
 [0 1 1 0 0 1 0 1 1 1]
 [1 0 0 1 1 0 1 1 1 1]
 [1 0 0 1 0 0 1 1 1 1]
 [0 1 0 0 1 1 0 1 1 0]
 [1 0 0 0 1 1 1 0 1 0]
 [1 0 1 0 1 0 1 1 1 1]
 [1 1 0 0 0 1 0 1 1 0]
 [0 0 0 1 1 1 1 0 0 1]
 [0 1 1 1 1 1 1 1 1 0]
 [0 0 1 1 1 1 0 0 0 1]
 [1 1 1 0 0 1 1 1 1 1]
 [1 0 1 1 1 1 1 0 1 0]
 [1 0 1 0 1 1 1 0 1 0]
 [1 1 1 1 0 1 1 1 1 0]
 [1 0 0 1 1 1 1 1 1 1]
 [0 1 1 0 0 1 1 1 1 1]
 [0 1 1 1 1 1 1 1 1 0]
 [1 1 1 0 0 1 1 1 1 1]
 [1 0 0 0 1 0 1 0 0 1]
 [1 1 1 1 1 0 1 0 1 1]
 [1 0 1 1 1 1 1 1 0 0]
 [1 1 0 1 1 1 1 1 1 1]
 [0 1 0 1 0 0 0 0 1 0]
 [1 0 1 0 1 1 1 1 1 1]
 [0 1 1 1 1 1 1 1 0 1]
 [1 1 0 1 1 1 1 1 1 1]
 [1 1 1 1 1 1 0 0 1 1]
 [1 1 1 1 1 1 0 1 0 1]
 [1 1 0 1 1 1 1 0 1 0]
 [0 1 1 1 1 0 1 0 0 1]
 [1 1 0 0 1 1 0 0 0 0]
 [0 1 1 1 1 1 1 0 0 1]
 [0 1 1 1 1 0 1 1 1 1]
 [1 1 1 0 1 1 1 1 1 1]]
{'restarts': 40, 'conflicts': 13196, 'decisions': 23007, 'propagations': 6700297}
Q is identifiable
branch at 6
runtime for solving id of Q is 0.985057121142745
Simulation results:
{'J': 50, 'K': 10, 'N': 10, 'p': 0.7, 'seed': 997, 'sim': 2, 'runtime': 0.985057121142745, 'identifiable': 1, 'branch': 6}
3
Q: [[1 0 1 0 0 1 1 1 0 1]
 [0 1 1 1 0 0 1 1 1 0]
 [1 1 0 1 1 1 1 1 1 1]
 [1 0 1 1 1 1 1 1 1 0]
 [1 0 1 1 1 1 1 0 0 1]
 [0 1 0 1 0 1 0 0 1 1]
 [1 0 1 1 1 1 1 0 1 0]
 [1 1 1 1 1 1 1 1 0 0]
 [0 1 0 1 1 1 1 1 1 1]
 [0 1 1 1 0 1 1 0 1 0]
 [0 1 1 0 1 1 0 0 0 1]
 [0 1 0 1 1 1 1 1 0 0]
 [1 1 0 1 1 1 0 1 1 0]
 [1 1 1 1 1 0 1 0 0 0]
 [0 1 1 1 1 1 0 1 0 1]
 [0 0 0 1 0 1 1 1 1 0]
 [1 0 1 0 1 1 1 0 0 0]
 [0 1 1 1 1 0 1 0 0 0]
 [1 1 1 1 1 1 1 0 1 1]
 [1 1 1 0 1 0 1 1 1 1]
 [0 0 1 1 1 1 1 0 1 1]
 [1 0 1 1 1 1 1 1 1 1]
 [1 1 0 1 1 1 0 1 1 0]
 [1 0 0 1 0 1 0 1 1 1]
 [1 1 0 1 1 1 1 0 1 0]
 [1 1 1 1 1 1 0 1 1 1]
 [1 0 1 1 1 1 0 0 1 0]
 [1 0 0 0 1 1 1 1 1 1]
 [0 1 1 1 1 1 1 1 1 1]
 [1 1 1 0 1 1 1 1 0 0]
 [0 1 1 1 0 1 0 1 1 1]
 [1 0 0 0 1 0 1 0 1 1]
 [1 1 1 1 1 0 1 0 0 1]
 [0 0 0 1 1 1 1 1 0 1]
 [0 1 1 1 1 0 1 0 0 0]
 [1 0 1 1 0 0 1 1 0 1]
 [0 0 1 1 1 0 1 0 0 1]
 [1 1 1 0 1 1 0 1 1 1]
 [1 1 0 1 1 0 0 0 1 1]
 [0 1 0 0 1 1 1 1 1 1]
 [1 0 1 1 1 1 0 1 1 0]
 [0 1 1 0 1 0 1 0 1 1]
 [0 0 1 1 1 0 1 1 0 0]
 [0 1 0 1 1 1 1 0 0 1]
 [1 1 1 0 0 1 1 1 0 0]
 [1 1 1 1 0 0 0 1 0 0]
 [0 1 1 1 1 0 1 1 1 0]
 [0 1 1 0 0 1 0 1 0 1]
 [0 1 1 1 1 0 1 0 1 1]
 [0 1 1 1 0 1 1 1 0 0]]
{'restarts': 40, 'conflicts': 21777, 'decisions': 34160, 'propagations': 13488191}
Q is identifiable
branch at 6
runtime for solving id of Q is 2.1870303824543953
Simulation results:
{'J': 50, 'K': 10, 'N': 10, 'p': 0.7, 'seed': 997, 'sim': 3, 'runtime': 2.1870303824543953, 'identifiable': 1, 'branch': 6}
4
Q: [[0 1 0 0 0 0 1 1 1 1]
 [1 1 1 1 1 0 1 1 0 1]
 [1 0 0 1 1 1 0 1 1 0]
 [0 1 0 1 1 1 1 1 1 0]
 [0 1 1 1 0 0 0 1 0 0]
 [1 1 1 0 0 1 0 1 1 1]
 [1 1 1 1 1 1 1 1 0 1]
 [1 1 1 1 0 1 1 1 1 1]
 [0 1 0 1 0 1 1 1 1 1]
 [0 1 1 0 0 1 1 1 1 1]
 [0 0 0 1 0 0 0 1 0 0]
 [1 1 1 1 0 1 1 1 0 1]
 [0 1 0 1 1 0 1 1 1 0]
 [1 1 1 1 0 1 0 0 1 0]
 [1 0 1 1 1 1 1 0 0 1]
 [1 1 1 1 0 1 0 0 1 1]
 [1 1 1 1 0 1 1 1 0 0]
 [1 0 1 1 0 0 0 1 1 0]
 [0 0 1 1 1 1 0 0 1 1]
 [1 0 1 1 1 0 1 1 1 0]
 [1 1 1 1 1 0 1 1 1 1]
 [1 0 1 1 1 0 1 1 1 1]
 [1 1 1 1 0 1 1 1 1 1]
 [0 1 1 1 0 1 1 1 0 1]
 [1 1 1 1 1 1 0 1 1 1]
 [0 1 0 1 0 1 0 1 0 1]
 [1 1 0 1 0 1 1 1 1 1]
 [1 1 0 0 0 1 0 0 1 0]
 [1 1 1 1 0 0 0 1 1 1]
 [1 1 1 1 0 1 0 1 1 1]
 [1 0 1 0 1 1 1 1 0 1]
 [1 0 0 0 1 1 0 0 1 0]
 [0 1 0 0 1 1 1 1 1 1]
 [0 1 0 1 1 1 1 1 0 0]
 [0 1 1 1 0 1 1 1 1 0]
 [1 1 1 1 1 0 1 0 1 1]
 [1 1 0 1 1 0 0 1 1 1]
 [1 1 0 1 0 1 0 1 1 1]
 [1 1 0 1 1 1 1 0 1 1]
 [0 1 1 1 1 0 0 1 1 1]
 [0 1 0 1 1 0 0 0 0 1]
 [1 1 0 1 1 0 1 0 0 1]
 [1 1 1 1 1 1 1 1 1 1]
 [0 0 0 1 1 0 0 1 0 1]
 [1 1 1 1 1 0 0 1 1 1]
 [1 1 1 1 1 0 1 1 1 1]
 [1 1 0 1 0 1 0 1 0 1]
 [0 1 1 0 1 0 1 1 1 0]
 [1 1 1 0 1 1 1 0 1 1]
 [0 0 1 0 1 0 1 0 0 0]]
{'restarts': 5, 'conflicts': 1247, 'decisions': 2937, 'propagations': 580551}
Q is identifiable
branch at 6
runtime for solving id of Q is 0.17910346388816833
Simulation results:
{'J': 50, 'K': 10, 'N': 10, 'p': 0.7, 'seed': 997, 'sim': 4, 'runtime': 0.17910346388816833, 'identifiable': 1, 'branch': 6}
5
Q: [[1 0 1 1 1 1 0 0 1 1]
 [1 1 0 1 1 0 1 0 0 1]
 [1 0 0 0 1 0 1 1 1 1]
 [1 1 0 0 1 0 1 0 1 1]
 [1 0 1 0 1 0 1 0 1 1]
 [1 0 1 1 1 0 0 0 0 1]
 [1 1 1 0 1 1 1 0 1 0]
 [1 0 1 0 0 0 1 1 0 1]
 [0 1 1 0 1 1 1 1 1 0]
 [0 1 1 1 1 0 1 0 0 1]
 [0 0 0 1 1 1 0 1 1 1]
 [1 1 1 1 1 1 0 1 1 1]
 [1 1 1 1 1 1 1 0 1 1]
 [1 0 1 1 1 1 0 1 0 1]
 [0 1 0 1 1 1 1 0 1 1]
 [1 1 1 1 1 1 0 0 1 0]
 [0 1 1 0 1 0 0 0 1 1]
 [1 1 1 0 1 1 1 0 0 0]
 [1 1 0 0 0 0 1 1 1 1]
 [1 1 1 1 0 0 0 1 1 1]
 [1 0 1 1 1 0 1 0 1 1]
 [1 1 1 1 1 1 1 1 0 1]
 [1 1 0 0 1 0 1 1 0 0]
 [1 1 1 1 1 1 1 1 1 1]
 [0 1 1 0 1 0 1 0 1 1]
 [0 0 1 1 1 1 1 0 0 0]
 [0 0 1 1 0 0 1 1 1 0]
 [0 0 1 1 0 1 1 1 0 1]
 [1 1 1 1 0 1 1 1 1 0]
 [0 0 0 0 0 1 1 1 1 0]
 [1 0 1 1 1 1 0 1 0 0]
 [1 1 1 0 0 1 1 1 0 0]
 [0 0 1 0 0 0 0 1 1 1]
 [1 1 1 0 1 0 1 0 1 1]
 [1 1 1 1 1 0 0 0 1 0]
 [1 1 0 1 0 0 0 0 0 1]
 [1 0 1 0 1 0 1 1 0 1]
 [0 1 1 1 1 0 0 1 1 0]
 [1 1 1 0 1 1 1 1 1 1]
 [1 1 1 1 1 1 0 1 1 1]
 [1 1 1 1 0 0 1 0 1 0]
 [0 1 0 1 1 1 0 0 1 1]
 [0 1 0 0 1 1 0 1 1 1]
 [1 1 1 1 1 1 1 1 1 0]
 [1 1 0 1 1 1 0 0 0 1]
 [0 0 1 1 0 1 0 0 1 1]
 [0 1 1 1 1 1 0 1 1 1]
 [0 1 1 1 0 0 0 1 0 1]
 [1 1 0 0 1 1 0 0 1 1]
 [1 1 0 1 1 1 1 1 1 1]]
{'restarts': 5, 'conflicts': 3009, 'decisions': 6227, 'propagations': 2147099}
Q is identifiable
branch at 6
runtime for solving id of Q is 0.32686994317919016
Simulation results:
{'J': 50, 'K': 10, 'N': 10, 'p': 0.7, 'seed': 997, 'sim': 5, 'runtime': 0.32686994317919016, 'identifiable': 1, 'branch': 6}
6
Q: [[1 1 0 1 1 0 1 1 1 1]
 [1 0 0 0 1 1 1 1 1 1]
 [1 1 1 1 0 0 1 1 1 1]
 [1 1 0 1 1 1 0 1 1 0]
 [1 0 1 1 1 1 0 1 1 1]
 [1 1 0 1 1 1 1 0 1 1]
 [1 0 0 1 1 1 1 1 1 1]
 [1 1 1 1 1 1 0 1 0 1]
 [1 1 1 1 0 0 1 1 1 1]
 [0 0 1 0 0 1 1 1 0 1]
 [1 0 0 1 1 1 0 1 1 1]
 [1 1 0 0 1 1 0 1 1 0]
 [0 1 1 1 1 1 0 1 1 0]
 [0 1 1 1 1 0 1 1 0 1]
 [1 1 0 1 1 1 0 0 1 1]
 [1 1 1 0 1 1 0 1 1 1]
 [1 1 1 1 1 1 1 0 0 0]
 [0 1 1 1 1 1 0 0 1 1]
 [1 1 1 0 1 1 1 0 1 1]
 [0 0 1 1 1 1 1 1 1 1]
 [1 0 1 1 1 0 1 0 0 0]
 [0 1 1 1 1 1 1 0 0 1]
 [1 1 1 1 1 1 1 1 1 1]
 [0 1 1 1 1 0 1 0 1 1]
 [1 1 1 1 0 1 0 1 0 1]
 [1 1 0 0 0 0 1 0 0 1]
 [0 1 1 0 0 0 1 0 0 0]
 [1 0 1 0 1 1 0 1 1 1]
 [0 1 0 0 1 0 0 0 1 1]
 [1 1 1 1 1 0 0 0 1 0]
 [1 1 1 1 1 1 0 0 1 1]
 [1 1 1 1 1 0 1 1 1 1]
 [0 0 1 1 1 1 1 1 0 0]
 [1 1 0 0 1 0 0 0 1 0]
 [1 0 0 1 1 1 1 1 1 0]
 [1 1 1 1 1 0 1 0 0 1]
 [1 1 1 1 0 1 1 1 1 0]
 [1 0 0 0 0 1 1 0 0 0]
 [1 1 1 1 0 1 1 1 1 1]
 [0 0 1 0 0 1 1 1 1 1]
 [0 0 1 1 0 0 1 1 0 0]
 [1 1 0 1 0 0 1 1 1 1]
 [0 1 1 1 1 1 0 0 0 1]
 [1 0 0 1 1 1 1 1 1 1]
 [1 1 1 1 1 1 1 1 1 1]
 [0 1 0 0 1 1 1 1 0 1]
 [0 1 0 0 1 1 0 1 1 1]
 [1 1 1 0 1 1 1 0 1 0]
 [1 1 1 0 0 0 0 1 1 1]
 [1 1 0 1 1 1 1 1 1 1]]
{'restarts': 31, 'conflicts': 10335, 'decisions': 17587, 'propagations': 5241782}
Q is identifiable
branch at 6
runtime for solving id of Q is 0.7915559811517596
Simulation results:
{'J': 50, 'K': 10, 'N': 10, 'p': 0.7, 'seed': 997, 'sim': 6, 'runtime': 0.7915559811517596, 'identifiable': 1, 'branch': 6}
7
Q: [[0 1 1 0 0 1 1 0 1 1]
 [1 1 1 1 0 1 1 1 1 1]
 [1 0 1 0 1 1 1 1 1 1]
 [1 1 1 1 1 1 1 1 1 1]
 [1 1 1 0 1 1 0 1 1 1]
 [1 1 0 1 1 1 1 0 0 1]
 [0 1 1 0 1 1 0 1 1 0]
 [1 1 1 1 1 1 1 1 1 1]
 [0 1 1 1 1 1 0 1 1 1]
 [0 0 1 1 1 0 1 1 1 1]
 [1 1 1 1 0 1 1 0 0 0]
 [1 0 0 0 1 0 1 1 1 1]
 [0 1 1 0 1 1 1 1 1 1]
 [1 1 1 1 1 1 0 1 0 1]
 [0 0 1 1 1 1 0 0 0 1]
 [1 1 0 1 0 0 1 1 1 1]
 [1 0 1 1 1 0 1 1 1 1]
 [0 1 0 1 0 1 1 0 1 0]
 [0 1 1 1 0 1 1 1 0 1]
 [1 1 1 1 1 1 1 1 0 1]
 [1 1 0 1 1 0 1 1 1 1]
 [1 0 1 1 1 0 1 1 1 1]
 [0 0 0 1 0 1 1 1 0 0]
 [0 1 1 1 1 1 1 1 1 0]
 [1 1 0 1 0 1 1 1 0 1]
 [0 0 1 1 1 0 1 1 1 1]
 [0 0 1 1 1 1 1 1 1 1]
 [1 1 0 1 1 1 1 1 1 0]
 [1 1 1 1 0 1 1 1 1 0]
 [1 1 0 1 1 1 1 0 1 0]
 [1 0 1 1 1 1 1 1 0 0]
 [0 1 0 1 1 1 1 1 0 1]
 [1 0 1 1 0 1 1 1 0 1]
 [0 1 1 1 0 1 1 0 1 1]
 [1 1 1 1 1 1 1 1 1 0]
 [1 1 0 0 1 1 0 1 1 1]
 [0 1 1 1 1 1 1 1 1 1]
 [1 1 1 0 1 1 0 1 1 0]
 [1 1 1 0 1 0 1 1 1 0]
 [1 1 1 1 1 1 1 1 0 1]
 [1 1 1 0 1 1 1 1 1 1]
 [1 1 1 0 1 0 1 0 0 0]
 [0 1 1 1 1 1 0 1 1 1]
 [0 1 0 1 0 1 1 0 1 0]
 [0 0 1 0 0 1 1 1 0 1]
 [1 1 1 0 0 1 1 0 1 1]
 [1 1 1 1 0 1 1 1 0 1]
 [1 1 0 1 1 1 1 1 0 1]
 [1 0 1 1 0 0 1 1 1 0]
 [1 1 0 1 1 1 1 0 1 0]]
Q is not identifiable (three-column submatrix not identifiable).
Q is not identifiable, and Q_bar is [[0 1 1 0 0 1 1 0 1 1]
 [1 1 1 1 0 1 1 1 1 1]
 [1 0 1 0 1 1 1 1 1 1]
 [1 1 1 1 1 1 1 1 1 1]
 [1 1 1 0 1 1 0 1 1 1]
 [1 1 0 1 1 1 1 0 0 1]
 [0 1 1 0 1 1 0 1 1 0]
 [1 1 1 1 1 1 1 1 1 1]
 [0 1 1 1 1 1 0 1 1 1]
 [0 0 1 1 1 0 1 1 1 1]
 [1 1 1 1 0 1 1 0 0 0]
 [1 0 0 0 1 0 1 1 1 1]
 [0 1 1 0 1 1 1 1 1 1]
 [1 1 1 1 1 1 0 1 0 1]
 [0 0 1 1 1 1 0 0 0 1]
 [1 1 0 1 0 0 1 1 1 1]
 [1 0 1 1 1 0 1 1 1 1]
 [0 1 0 1 0 1 1 0 1 0]
 [0 1 1 1 0 1 1 1 0 1]
 [1 1 1 1 1 1 1 1 0 1]
 [1 1 0 1 1 0 1 1 1 1]
 [1 0 1 1 1 0 1 1 1 1]
 [0 1 0 1 0 1 0 0 0 0]
 [0 1 1 1 1 1 0 1 1 0]
 [1 1 0 1 0 1 1 1 0 1]
 [0 0 1 1 1 0 1 1 1 1]
 [0 1 1 1 1 1 1 1 1 1]
 [1 1 0 1 1 1 1 0 1 0]
 [1 1 1 1 0 1 1 1 1 0]
 [1 1 0 1 1 1 1 0 1 0]
 [1 0 1 1 1 1 1 1 0 0]
 [0 1 0 1 1 1 1 1 0 1]
 [1 0 1 1 0 1 1 1 0 1]
 [0 1 1 1 0 1 1 0 1 1]
 [1 1 1 1 1 1 1 1 1 0]
 [1 1 0 0 1 1 0 1 1 1]
 [0 1 1 1 1 1 1 1 1 1]
 [1 1 1 0 1 1 0 1 1 0]
 [1 1 1 0 1 0 1 1 1 0]
 [1 1 1 1 1 1 1 1 0 1]
 [1 1 1 0 1 1 1 1 1 1]
 [1 1 1 0 1 0 1 0 0 0]
 [0 1 1 1 1 1 0 1 1 1]
 [0 1 0 1 0 1 1 0 1 0]
 [0 0 1 0 0 1 1 1 0 1]
 [1 1 1 0 0 1 1 0 1 1]
 [1 1 1 1 0 1 1 1 0 1]
 [1 1 0 1 1 1 1 1 0 1]
 [1 0 1 1 0 0 1 1 1 0]
 [1 1 0 1 1 1 1 0 1 0]]
branch at 3
runtime for solving id of Q is 0.0036087939515709877
Simulation results:
{'J': 50, 'K': 10, 'N': 10, 'p': 0.7, 'seed': 997, 'sim': 7, 'runtime': 0.0036087939515709877, 'identifiable': 0, 'branch': 3}
8
Q: [[1 1 1 1 0 1 0 1 1 1]
 [1 0 1 0 0 1 0 0 1 1]
 [1 1 0 1 0 1 0 1 1 1]
 [1 1 0 1 1 1 1 1 0 0]
 [1 0 1 0 0 1 1 1 1 1]
 [1 1 1 1 1 1 1 0 1 1]
 [1 1 1 1 1 1 1 1 1 1]
 [1 1 1 1 0 0 1 0 0 1]
 [1 1 1 0 1 1 1 1 1 1]
 [0 1 1 1 0 0 1 0 1 0]
 [0 1 1 0 1 0 1 1 0 1]
 [1 1 1 0 0 1 0 1 1 1]
 [0 1 1 1 1 1 1 1 0 0]
 [1 1 1 1 1 1 1 0 1 1]
 [0 0 1 0 1 1 1 1 1 0]
 [1 1 1 1 0 1 0 0 1 1]
 [1 1 0 1 1 1 1 0 1 0]
 [1 0 1 0 1 1 1 0 0 1]
 [0 1 0 1 1 1 1 1 1 0]
 [1 1 0 1 0 0 0 1 1 0]
 [1 1 0 1 1 1 1 0 1 1]
 [1 0 1 1 0 1 1 0 1 0]
 [1 0 1 1 1 1 1 0 0 1]
 [1 1 0 1 1 1 1 0 1 0]
 [1 0 1 0 1 1 0 1 0 0]
 [1 0 1 0 0 1 0 1 1 0]
 [1 1 0 1 0 1 0 1 1 1]
 [0 1 1 1 1 1 1 1 1 1]
 [0 0 1 1 1 0 1 0 0 1]
 [0 0 1 1 1 1 1 0 1 1]
 [1 1 1 1 1 0 1 0 0 1]
 [1 1 1 1 1 1 1 1 0 1]
 [1 1 1 1 1 0 1 1 1 0]
 [1 1 0 1 1 1 1 1 1 1]
 [1 1 0 1 1 0 1 0 1 1]
 [1 1 0 1 1 1 0 1 1 0]
 [0 1 1 1 1 0 0 1 1 1]
 [1 1 1 1 0 1 1 0 0 1]
 [1 0 1 1 1 0 1 0 1 1]
 [1 0 1 1 1 1 0 0 1 0]
 [1 0 1 0 1 0 1 1 0 1]
 [1 1 1 0 1 1 1 1 0 1]
 [0 1 1 1 0 1 1 0 0 1]
 [0 0 1 1 0 0 1 1 1 0]
 [0 1 1 1 0 1 1 0 0 1]
 [1 0 0 0 1 0 0 0 0 1]
 [1 1 1 1 1 1 1 1 1 0]
 [0 1 1 0 1 1 1 1 1 0]
 [1 1 1 0 1 1 1 1 1 0]
 [0 1 1 0 1 1 0 1 1 1]]
{'restarts': 57, 'conflicts': 32638, 'decisions': 49685, 'propagations': 17730703}
Q is identifiable
branch at 6
runtime for solving id of Q is 3.1047377698123455
Simulation results:
{'J': 50, 'K': 10, 'N': 10, 'p': 0.7, 'seed': 997, 'sim': 8, 'runtime': 3.1047377698123455, 'identifiable': 1, 'branch': 6}
9
Q: [[1 1 0 0 1 1 1 1 1 0]
 [0 0 1 1 0 1 1 1 1 0]
 [1 1 1 0 0 1 1 1 1 1]
 [0 1 0 1 1 1 1 0 1 1]
 [1 1 1 0 0 1 1 1 0 1]
 [1 0 0 1 1 0 0 0 0 1]
 [1 1 0 0 0 1 1 1 0 0]
 [1 1 1 1 1 0 1 1 1 1]
 [0 1 0 0 1 0 0 1 1 0]
 [1 1 1 0 1 0 0 0 1 1]
 [1 0 0 1 0 1 1 1 0 1]
 [1 1 1 0 0 1 1 1 1 1]
 [1 0 1 0 1 1 1 1 0 1]
 [1 0 1 1 0 0 1 1 1 0]
 [1 1 0 1 0 0 1 1 1 0]
 [1 1 0 1 1 0 1 1 1 0]
 [0 1 1 0 0 1 1 1 1 0]
 [1 1 1 1 1 0 1 1 1 1]
 [1 1 1 0 1 1 1 1 1 0]
 [1 1 1 0 1 1 0 1 1 1]
 [0 1 1 0 1 1 1 0 1 0]
 [1 1 1 1 1 1 1 1 1 0]
 [1 1 0 1 1 1 1 1 0 1]
 [1 1 1 1 0 1 1 1 1 1]
 [1 1 1 1 0 1 1 0 1 1]
 [1 1 1 0 1 1 1 0 1 1]
 [1 0 1 1 0 0 1 1 0 0]
 [1 0 1 1 1 1 1 1 1 1]
 [1 1 1 0 1 1 1 0 1 0]
 [0 1 1 0 0 1 1 0 1 1]
 [1 1 1 0 0 0 1 1 1 0]
 [1 1 1 0 1 1 0 1 1 1]
 [1 1 1 0 1 1 1 1 0 1]
 [1 1 1 1 0 1 1 1 1 0]
 [1 1 1 0 1 1 1 1 0 1]
 [1 1 1 1 1 1 1 0 1 1]
 [1 1 1 1 1 1 1 1 0 1]
 [1 1 1 1 1 0 1 1 1 1]
 [1 0 1 1 1 1 1 1 0 1]
 [1 1 0 1 0 1 1 1 1 1]
 [1 1 1 1 1 1 0 1 1 1]
 [1 1 0 1 1 0 0 1 1 0]
 [1 1 1 1 1 1 1 1 1 1]
 [1 1 1 1 1 1 1 0 1 1]
 [1 1 1 0 1 0 1 1 1 1]
 [0 1 1 1 0 1 1 1 1 1]
 [0 1 1 0 1 1 0 1 0 1]
 [1 1 1 1 1 1 1 0 0 0]
 [1 1 1 1 0 1 1 1 0 0]
 [1 0 1 0 0 1 1 1 1 0]]
{'restarts': 123, 'conflicts': 51569, 'decisions': 77567, 'propagations': 15311676}
Q is identifiable
branch at 6
runtime for solving id of Q is 3.7485952181741595
Simulation results:
{'J': 50, 'K': 10, 'N': 10, 'p': 0.7, 'seed': 997, 'sim': 9, 'runtime': 3.7485952181741595, 'identifiable': 1, 'branch': 6}
Simulation results:
[{'J': 50, 'K': 10, 'N': 10, 'p': 0.7, 'seed': 997, 'sim': 0, 'runtime': 7.131501332856715, 'identifiable': 1, 'branch': 6}, {'J': 50, 'K': 10, 'N': 10, 'p': 0.7, 'seed': 997, 'sim': 1, 'runtime': 0.16699028108268976, 'identifiable': 0, 'branch': 5}, {'J': 50, 'K': 10, 'N': 10, 'p': 0.7, 'seed': 997, 'sim': 2, 'runtime': 0.985057121142745, 'identifiable': 1, 'branch': 6}, {'J': 50, 'K': 10, 'N': 10, 'p': 0.7, 'seed': 997, 'sim': 3, 'runtime': 2.1870303824543953, 'identifiable': 1, 'branch': 6}, {'J': 50, 'K': 10, 'N': 10, 'p': 0.7, 'seed': 997, 'sim': 4, 'runtime': 0.17910346388816833, 'identifiable': 1, 'branch': 6}, {'J': 50, 'K': 10, 'N': 10, 'p': 0.7, 'seed': 997, 'sim': 5, 'runtime': 0.32686994317919016, 'identifiable': 1, 'branch': 6}, {'J': 50, 'K': 10, 'N': 10, 'p': 0.7, 'seed': 997, 'sim': 6, 'runtime': 0.7915559811517596, 'identifiable': 1, 'branch': 6}, {'J': 50, 'K': 10, 'N': 10, 'p': 0.7, 'seed': 997, 'sim': 7, 'runtime': 0.0036087939515709877, 'identifiable': 0, 'branch': 3}, {'J': 50, 'K': 10, 'N': 10, 'p': 0.7, 'seed': 997, 'sim': 8, 'runtime': 3.1047377698123455, 'identifiable': 1, 'branch': 6}, {'J': 50, 'K': 10, 'N': 10, 'p': 0.7, 'seed': 997, 'sim': 9, 'runtime': 3.7485952181741595, 'identifiable': 1, 'branch': 6}]
