
The Gurobi software has a limited number of licenses. To request a license or
licenses, add this line

    #SBATCH --licenses=gurobi@slurmdb:1

to your SBATCH script, replacing N with the number of licenses you need. Gurobi
will need one license per process.


0
Q: [[1 1 1 1 1 1 1 0 0 0 1 0 0 1 0]
 [1 0 0 1 0 1 0 1 0 0 0 0 1 1 1]
 [0 1 1 1 0 0 1 0 1 1 0 0 1 1 0]
 [0 1 0 1 1 1 0 0 0 0 1 0 0 0 0]
 [0 1 0 0 0 1 1 0 1 0 0 1 1 1 0]
 [0 1 0 0 1 1 1 1 0 1 0 0 1 0 0]
 [1 1 1 0 1 1 1 1 0 0 0 0 0 1 1]
 [0 1 0 0 1 0 0 1 1 1 0 0 0 0 1]
 [0 0 1 0 0 1 0 0 0 1 0 0 0 0 1]
 [1 1 1 0 0 1 1 1 1 1 1 0 1 0 0]
 [1 0 1 0 1 1 1 0 1 1 1 1 1 0 0]
 [0 0 0 0 1 1 0 0 1 0 1 0 0 0 1]
 [0 1 0 1 0 0 1 1 0 1 0 0 0 0 1]
 [1 0 0 0 1 0 0 1 1 0 0 0 0 0 0]
 [1 0 1 0 0 0 0 1 1 0 1 0 1 0 0]
 [1 0 1 0 1 1 0 0 0 1 1 1 1 1 1]
 [0 1 1 1 0 1 1 0 0 0 1 0 1 1 1]
 [1 0 0 0 0 0 1 1 0 0 1 1 1 1 1]
 [0 0 0 1 0 0 0 1 1 1 1 0 0 0 0]
 [1 1 1 1 1 0 0 1 1 1 0 1 0 0 1]
 [1 0 1 1 0 1 0 0 1 0 1 0 1 0 0]
 [1 0 0 1 1 0 0 0 0 1 1 0 0 1 1]
 [1 0 0 1 0 0 1 1 1 0 0 0 1 1 1]
 [0 0 0 1 1 1 1 0 0 0 1 1 0 0 1]
 [0 1 1 1 1 1 0 1 1 0 1 0 1 0 0]]
{'restarts': 264, 'conflicts': 120569, 'decisions': 193704, 'propagations': 155205768}
Q is identifiable
branch at 6
runtime for solving id of Q is 19.44284429308027
Simulation results:
{'J': 25, 'K': 15, 'N': 10, 'p': 0.5, 'seed': 88, 'sim': 0, 'runtime': 19.44284429308027, 'identifiable': 1, 'branch': 6}
1
Q: [[1 0 0 1 1 1 1 1 0 0 1 1 0 1 1]
 [1 1 0 1 1 0 1 0 1 0 1 0 1 1 0]
 [0 1 0 0 1 1 1 1 1 1 1 1 0 0 0]
 [1 1 1 1 1 1 1 1 0 1 0 0 1 1 0]
 [0 0 0 0 0 0 0 1 0 0 0 0 1 0 0]
 [0 0 0 0 0 1 1 1 0 1 0 0 0 0 0]
 [1 0 1 1 0 1 1 0 1 1 0 0 1 0 1]
 [0 0 1 1 0 0 1 1 1 1 0 1 1 0 0]
 [0 0 1 1 1 1 0 1 0 1 1 1 0 1 0]
 [0 0 1 1 0 0 1 1 0 0 1 1 1 0 1]
 [1 0 0 0 0 1 1 1 1 0 0 0 1 0 1]
 [1 1 0 1 1 1 1 1 0 0 1 0 1 0 0]
 [1 0 1 1 1 1 0 1 1 0 1 1 0 0 1]
 [0 1 0 1 1 1 1 0 0 1 0 1 1 1 0]
 [0 0 1 1 0 1 1 0 1 1 0 0 0 0 1]
 [1 1 1 0 1 0 1 0 0 0 0 0 0 1 1]
 [1 0 1 0 0 0 1 0 1 1 0 1 1 0 1]
 [0 1 1 0 0 1 0 1 0 1 0 0 0 1 1]
 [1 1 1 0 0 0 0 1 0 1 0 0 1 1 0]
 [1 1 1 0 0 0 1 1 0 0 1 0 1 0 0]
 [1 1 1 0 1 0 0 0 1 0 0 1 0 0 1]
 [1 1 1 0 1 1 0 1 1 1 1 1 0 1 0]
 [0 0 0 1 0 1 1 0 1 1 0 0 1 1 1]
 [0 1 0 1 1 1 1 1 1 1 0 1 0 1 0]
 [1 1 1 1 1 1 1 0 0 0 0 1 1 1 1]]
{'restarts': 1806, 'conflicts': 691776, 'decisions': 993825, 'propagations': 596846133}
Q is identifiable
branch at 6
runtime for solving id of Q is 127.90671729994938
Simulation results:
{'J': 25, 'K': 15, 'N': 10, 'p': 0.5, 'seed': 88, 'sim': 1, 'runtime': 127.90671729994938, 'identifiable': 1, 'branch': 6}
2
Q: [[1 1 0 1 0 1 0 1 1 1 0 0 0 0 0]
 [0 0 0 1 1 0 0 0 0 0 0 0 0 0 0]
 [0 1 0 1 1 0 0 0 0 1 1 1 0 1 0]
 [0 1 1 0 1 0 0 1 1 0 1 1 1 1 0]
 [0 0 0 0 1 0 1 0 0 0 1 1 0 0 0]
 [1 1 0 0 1 0 1 0 1 0 0 1 0 1 1]
 [1 0 0 1 1 0 1 0 1 0 1 1 0 1 0]
 [0 0 0 1 1 0 1 0 1 1 1 1 0 1 1]
 [1 1 0 0 0 1 1 1 1 0 0 1 1 1 1]
 [0 0 0 1 1 0 0 1 1 1 0 1 0 1 0]
 [1 0 0 1 0 0 0 0 1 1 1 1 0 0 1]
 [1 0 1 0 0 1 0 0 0 0 1 1 1 0 1]
 [0 0 0 1 1 1 1 1 1 0 1 1 1 1 0]
 [1 0 1 0 0 1 0 1 1 1 1 1 1 0 1]
 [1 1 1 0 1 0 0 0 0 1 0 1 1 1 1]
 [0 0 0 0 1 1 1 0 0 0 0 1 1 0 1]
 [0 1 1 1 1 1 0 1 0 0 1 1 1 1 0]
 [1 1 1 1 0 0 1 1 0 0 0 0 0 0 0]
 [1 1 1 1 1 1 1 0 0 1 1 0 1 1 1]
 [1 0 0 1 1 0 1 1 0 0 0 0 0 1 1]
 [0 1 0 1 0 0 0 1 0 0 1 0 1 1 0]
 [0 0 1 1 0 0 1 0 0 0 1 1 1 1 0]
 [1 1 0 1 0 0 0 1 0 1 1 0 0 0 0]
 [0 1 1 1 1 0 0 1 1 1 0 0 1 1 0]
 [1 0 1 1 1 1 1 0 0 0 1 1 0 1 0]]
{'restarts': 472, 'conflicts': 153986, 'decisions': 246568, 'propagations': 164587042}
Q is identifiable
branch at 6
runtime for solving id of Q is 22.407388833118603
Simulation results:
{'J': 25, 'K': 15, 'N': 10, 'p': 0.5, 'seed': 88, 'sim': 2, 'runtime': 22.407388833118603, 'identifiable': 1, 'branch': 6}
3
Q: [[1 1 1 1 0 0 1 1 1 0 1 0 0 0 0]
 [1 0 1 1 0 0 1 1 1 1 0 1 0 1 1]
 [0 1 1 1 1 1 0 0 0 1 1 1 1 0 1]
 [0 1 0 0 0 0 1 1 1 0 1 1 1 1 1]
 [0 1 1 0 0 0 1 0 0 0 1 1 0 1 0]
 [1 1 1 0 0 1 1 0 0 0 1 1 0 1 0]
 [0 0 1 0 1 0 1 1 0 1 0 1 1 0 1]
 [1 1 1 1 0 1 0 1 1 1 1 0 0 0 1]
 [1 1 0 0 1 0 1 1 1 0 0 1 0 0 0]
 [1 1 1 1 1 0 0 1 0 1 1 0 0 1 1]
 [0 0 1 1 1 0 1 1 0 1 1 0 0 1 0]
 [1 1 1 0 0 1 1 0 1 1 1 0 0 0 0]
 [0 0 1 0 1 0 0 0 1 0 1 0 1 1 1]
 [0 0 0 0 1 0 1 0 1 0 0 0 0 0 1]
 [1 0 0 1 0 1 0 1 1 0 0 0 1 1 1]
 [1 1 1 1 0 0 1 1 1 1 1 0 1 1 0]
 [1 1 1 1 0 1 0 0 0 1 1 1 1 1 1]
 [1 0 1 1 1 0 1 1 1 0 0 1 1 0 1]
 [1 1 0 1 0 1 0 0 0 1 1 1 1 1 1]
 [1 0 1 1 1 0 1 1 0 1 0 1 1 0 1]
 [1 1 0 0 0 0 0 0 0 1 0 0 0 1 0]
 [1 0 1 0 0 1 0 0 0 0 1 0 1 0 1]
 [1 1 0 0 0 1 1 1 1 1 1 1 1 1 0]
 [1 1 1 0 0 1 0 1 0 1 0 1 1 1 0]
 [1 1 0 1 0 1 0 1 1 0 1 0 1 1 0]]
{'restarts': 11394, 'conflicts': 4616273, 'decisions': 6334352, 'propagations': 3531294533}
Q is identifiable
branch at 6
runtime for solving id of Q is 1245.1283382279798
Simulation results:
{'J': 25, 'K': 15, 'N': 10, 'p': 0.5, 'seed': 88, 'sim': 3, 'runtime': 1245.1283382279798, 'identifiable': 1, 'branch': 6}
4
Q: [[1 0 1 0 1 0 0 1 0 1 1 1 1 1 1]
 [0 0 1 1 0 0 1 1 0 0 0 1 1 1 0]
 [0 0 1 1 0 0 0 0 1 0 0 1 0 0 0]
 [1 0 1 0 1 1 0 0 0 0 0 1 0 1 1]
 [0 0 0 0 1 1 0 0 0 1 0 0 1 0 0]
 [0 0 1 1 1 1 1 1 0 1 1 0 0 0 1]
 [0 0 1 0 0 0 1 0 1 0 0 0 0 0 0]
 [0 0 0 1 0 0 1 1 1 1 0 1 1 0 1]
 [0 0 0 0 0 1 1 1 0 1 0 1 1 1 0]
 [0 1 0 1 0 0 1 1 0 1 1 1 0 0 0]
 [0 1 0 1 0 1 1 0 0 1 0 0 0 1 0]
 [0 1 1 1 0 0 1 0 0 1 0 1 0 0 1]
 [1 1 1 0 0 0 0 1 1 1 0 1 0 1 0]
 [1 1 1 1 0 0 1 0 0 0 0 1 0 1 0]
 [1 0 1 1 1 0 0 0 1 1 0 0 0 1 0]
 [0 0 0 1 1 0 1 0 1 1 1 0 1 1 0]
 [0 1 1 1 1 1 1 1 0 1 0 1 1 0 1]
 [1 1 0 1 0 0 0 0 1 0 1 0 1 1 1]
 [0 1 1 1 0 1 0 1 1 0 1 1 0 0 1]
 [0 1 1 0 1 0 0 1 0 1 0 1 0 0 1]
 [1 0 0 0 1 0 1 0 0 1 1 1 1 1 1]
 [0 0 1 1 0 1 0 0 0 1 1 0 1 0 0]
 [1 0 1 0 1 0 1 1 0 1 0 1 0 0 1]
 [1 0 1 1 0 0 1 0 0 1 0 0 0 0 1]
 [1 0 1 1 1 0 1 0 1 1 1 1 1 0 0]]
{'restarts': 673, 'conflicts': 271924, 'decisions': 406188, 'propagations': 373870658}
Q is identifiable
branch at 6
runtime for solving id of Q is 51.08821340906434
Simulation results:
{'J': 25, 'K': 15, 'N': 10, 'p': 0.5, 'seed': 88, 'sim': 4, 'runtime': 51.08821340906434, 'identifiable': 1, 'branch': 6}
5
Q: [[1 1 0 1 1 0 0 1 1 0 0 1 1 1 1]
 [0 0 0 1 0 0 0 0 0 0 1 1 1 1 0]
 [0 1 0 1 0 0 1 0 1 1 1 1 0 0 1]
 [1 1 0 0 0 0 1 1 0 0 1 1 0 1 0]
 [0 1 0 1 1 0 0 0 0 1 0 0 0 0 1]
 [0 1 0 1 1 1 1 0 0 1 1 1 0 0 0]
 [0 0 0 1 1 0 0 1 1 0 1 1 0 1 0]
 [0 0 0 0 1 0 1 0 0 1 0 1 0 0 0]
 [1 0 1 1 0 1 1 0 1 0 0 0 1 1 0]
 [0 0 0 1 0 0 0 1 0 1 0 1 1 0 1]
 [0 1 1 0 0 0 1 0 1 0 0 1 1 1 1]
 [1 1 0 0 0 1 0 1 1 0 1 0 1 0 1]
 [0 1 1 0 1 0 1 1 0 1 1 0 0 0 1]
 [1 1 1 1 0 1 0 1 0 1 0 0 0 1 1]
 [1 0 1 1 0 0 1 1 0 0 1 0 1 1 0]
 [0 0 0 0 0 0 1 1 1 0 0 1 0 1 1]
 [1 0 1 1 0 1 1 0 0 0 1 0 0 0 0]
 [0 1 1 1 1 0 0 1 1 1 1 1 1 0 1]
 [0 1 0 0 1 1 1 1 1 0 1 0 1 1 1]
 [0 0 1 1 0 0 1 1 0 0 1 0 1 1 1]
 [1 1 0 0 0 0 0 1 0 0 1 0 0 1 0]
 [0 1 1 1 1 0 1 0 1 1 0 0 0 0 1]
 [0 0 0 1 1 1 1 1 1 0 1 1 0 1 1]
 [0 0 0 0 0 1 0 1 0 0 1 0 1 1 0]
 [0 1 0 1 1 1 1 0 0 0 0 1 0 1 1]]
{'restarts': 252, 'conflicts': 114483, 'decisions': 184661, 'propagations': 124874015}
Q is identifiable
branch at 6
runtime for solving id of Q is 17.364699724130332
Simulation results:
{'J': 25, 'K': 15, 'N': 10, 'p': 0.5, 'seed': 88, 'sim': 5, 'runtime': 17.364699724130332, 'identifiable': 1, 'branch': 6}
6
Q: [[1 1 0 1 1 0 1 0 0 0 0 1 1 1 0]
 [1 0 1 1 0 1 1 0 0 0 0 0 0 0 1]
 [0 0 0 0 1 1 1 0 1 0 0 1 0 1 1]
 [1 1 0 0 0 1 1 1 0 1 1 1 1 0 1]
 [0 1 0 1 0 0 1 1 0 1 0 0 0 0 0]
 [0 1 0 1 0 0 0 1 0 0 0 0 1 1 1]
 [0 1 1 1 0 0 0 1 0 1 1 1 1 0 1]
 [1 1 0 1 0 1 1 0 0 1 1 1 1 1 0]
 [0 1 1 1 0 0 1 1 1 0 0 1 0 1 1]
 [0 0 0 1 0 1 1 1 1 1 1 0 1 0 0]
 [1 0 0 0 0 1 1 0 0 1 0 1 1 0 0]
 [1 1 1 1 1 0 0 1 1 1 1 0 1 0 1]
 [0 0 0 1 0 1 1 1 0 1 0 1 0 0 0]
 [0 0 1 1 0 1 0 1 1 1 1 1 1 0 1]
 [0 0 1 1 1 1 1 1 0 0 1 0 1 1 0]
 [1 0 0 1 1 1 0 0 1 0 1 0 1 0 0]
 [1 0 1 1 0 0 1 0 0 0 0 0 0 1 0]
 [1 0 1 1 0 1 0 1 0 0 0 0 1 1 1]
 [1 0 0 1 1 0 0 1 1 1 0 0 1 1 0]
 [1 1 1 0 0 1 1 0 0 1 1 1 1 1 1]
 [0 1 0 1 0 1 0 0 0 1 0 0 0 1 0]
 [1 0 1 0 0 1 1 0 1 0 1 1 0 0 0]
 [0 1 1 0 1 0 0 0 1 0 1 1 0 1 0]
 [0 1 0 1 1 1 1 0 1 1 0 0 1 0 0]
 [1 0 1 0 1 1 0 0 1 1 1 1 0 0 0]]
{'restarts': 14330, 'conflicts': 4758494, 'decisions': 6725398, 'propagations': 5365339891}
Q is identifiable
branch at 6
runtime for solving id of Q is 1406.131215927191
Simulation results:
{'J': 25, 'K': 15, 'N': 10, 'p': 0.5, 'seed': 88, 'sim': 6, 'runtime': 1406.131215927191, 'identifiable': 1, 'branch': 6}
7
Q: [[0 1 0 1 0 1 1 0 1 1 0 0 1 0 1]
 [1 1 1 1 1 0 1 1 0 1 1 0 1 0 1]
 [1 0 0 1 1 1 1 1 1 1 0 1 0 0 1]
 [0 1 1 1 0 1 0 0 0 1 1 1 0 1 0]
 [0 0 1 0 0 1 0 0 0 0 1 1 1 1 0]
 [0 1 1 0 0 0 1 0 1 0 1 0 0 1 1]
 [1 1 0 1 1 0 1 1 1 1 1 0 1 0 1]
 [0 1 1 1 0 0 1 0 1 1 0 0 0 1 0]
 [1 0 0 1 1 1 1 1 0 0 1 1 1 1 1]
 [0 0 1 0 1 1 1 0 0 0 1 1 0 0 1]
 [1 1 1 1 1 1 0 1 0 1 0 0 0 1 0]
 [1 0 0 0 1 1 1 1 0 0 0 1 0 0 1]
 [1 0 1 0 1 0 1 1 1 0 0 0 0 1 1]
 [0 1 1 0 0 0 0 0 1 0 1 1 0 0 1]
 [1 1 1 1 0 1 0 1 0 1 1 0 0 0 1]
 [1 0 1 1 0 0 0 1 1 1 1 1 0 0 0]
 [1 0 0 1 1 1 1 1 1 1 0 0 1 0 1]
 [1 0 1 1 1 1 0 0 1 0 1 0 0 1 0]
 [1 0 0 0 0 1 0 0 0 0 0 0 0 1 0]
 [1 0 1 1 1 1 0 0 0 1 0 1 0 0 0]
 [1 0 0 1 1 1 0 1 1 0 1 1 1 0 0]
 [1 0 1 1 1 1 0 0 0 1 1 1 0 0 1]
 [0 1 1 0 0 0 1 0 1 0 0 1 1 0 0]
 [0 1 0 0 0 0 0 1 0 0 1 0 1 0 0]
 [1 1 0 0 1 0 1 0 0 0 1 1 0 0 1]]
Q is not identifiable (two-column submatrix not identifiable).
Q is not identifiable, and Q_bar is [[0 1 0 0 0 1 1 0 1 1 0 0 1 0 1]
 [1 1 1 0 1 0 1 1 0 1 1 0 1 0 1]
 [1 0 0 0 1 1 1 1 1 1 0 1 0 0 1]
 [0 1 1 0 0 1 0 0 0 1 1 1 0 1 0]
 [0 0 1 0 0 1 0 0 0 0 1 1 1 1 0]
 [0 1 1 0 0 0 1 0 1 0 1 0 0 1 1]
 [1 1 0 0 1 0 1 1 1 1 1 0 1 0 1]
 [0 1 1 0 0 0 1 0 1 1 0 0 0 1 0]
 [1 0 0 1 1 1 1 1 0 0 1 1 1 1 1]
 [0 0 1 0 1 1 1 0 0 0 1 1 0 0 1]
 [1 1 1 0 1 1 0 1 0 1 0 0 0 1 0]
 [1 0 0 0 1 1 1 1 0 0 0 1 0 0 1]
 [1 0 1 0 1 0 1 1 1 0 0 0 0 1 1]
 [0 1 1 0 0 0 0 0 1 0 1 1 0 0 1]
 [1 1 1 0 0 1 0 1 0 1 1 0 0 0 1]
 [1 0 1 0 0 0 0 1 1 1 1 1 0 0 0]
 [1 0 0 0 1 1 1 1 1 1 0 0 1 0 1]
 [1 0 1 1 1 1 0 0 1 0 1 0 0 1 0]
 [1 0 0 0 0 1 0 0 0 0 0 0 0 1 0]
 [1 0 1 0 1 1 0 0 0 1 0 1 0 0 0]
 [1 0 0 1 1 1 0 1 1 0 1 1 1 0 0]
 [1 0 1 0 1 1 0 0 0 1 1 1 0 0 1]
 [0 1 1 0 0 0 1 0 1 0 0 1 1 0 0]
 [0 1 0 0 0 0 0 1 0 0 1 0 1 0 0]
 [1 1 0 0 1 0 1 0 0 0 1 1 0 0 1]]
branch at 2
runtime for solving id of Q is 0.007222471060231328
Simulation results:
{'J': 25, 'K': 15, 'N': 10, 'p': 0.5, 'seed': 88, 'sim': 7, 'runtime': 0.007222471060231328, 'identifiable': 0, 'branch': 2}
8
Q: [[0 0 1 1 1 1 1 1 0 1 0 0 1 0 1]
 [1 1 0 1 0 1 0 0 0 1 1 0 1 1 0]
 [0 0 0 0 0 1 1 1 0 0 0 1 1 0 1]
 [0 0 1 0 1 1 1 1 0 1 0 0 1 0 0]
 [1 1 0 0 0 0 1 1 1 0 0 1 0 1 0]
 [0 0 1 0 0 0 1 1 1 1 1 1 1 0 0]
 [1 1 1 1 0 1 0 0 0 0 0 1 0 1 1]
 [0 0 0 0 0 0 1 0 1 0 0 0 1 0 1]
 [1 0 1 1 0 1 0 1 1 0 0 1 1 1 1]
 [1 1 1 0 0 0 1 0 0 0 1 0 1 1 0]
 [0 1 1 0 1 1 1 1 1 0 1 1 0 0 0]
 [0 1 0 0 1 0 0 0 1 0 0 1 0 0 0]
 [0 1 0 1 0 1 1 0 0 1 0 1 0 0 1]
 [0 1 0 1 0 1 0 0 0 1 0 1 0 1 0]
 [1 0 0 0 1 1 0 1 0 1 0 1 0 0 0]
 [1 0 0 0 1 0 1 1 0 1 1 1 1 0 0]
 [1 0 0 0 1 0 0 1 1 1 1 0 0 0 1]
 [1 1 0 0 1 1 0 1 0 0 1 1 1 0 1]
 [0 0 0 1 0 1 1 0 1 1 0 0 1 1 0]
 [0 0 0 1 1 1 0 0 0 0 1 1 0 0 0]
 [0 1 0 1 0 1 1 0 0 0 1 0 1 1 0]
 [0 0 1 0 0 0 0 1 0 0 0 1 0 1 1]
 [0 1 1 0 0 1 1 1 1 0 1 0 1 0 0]
 [0 1 0 1 0 0 0 0 1 0 0 1 0 1 1]
 [1 1 0 0 0 1 1 0 1 0 0 1 0 1 0]]
{'restarts': 290, 'conflicts': 96342, 'decisions': 161306, 'propagations': 144664794}
Q is identifiable
branch at 6
runtime for solving id of Q is 17.055146439932287
Simulation results:
{'J': 25, 'K': 15, 'N': 10, 'p': 0.5, 'seed': 88, 'sim': 8, 'runtime': 17.055146439932287, 'identifiable': 1, 'branch': 6}
9
Q: [[0 1 0 0 1 1 0 0 0 1 0 1 1 1 0]
 [1 0 0 1 0 0 0 0 1 1 0 0 0 0 0]
 [1 1 1 0 0 0 0 1 1 1 1 1 0 1 0]
 [0 0 0 0 0 0 1 0 1 1 0 0 0 1 1]
 [0 0 0 0 0 0 0 1 0 0 1 0 0 0 1]
 [0 0 1 0 0 1 0 0 0 0 0 0 0 0 1]
 [0 0 1 1 1 0 1 0 0 0 0 1 1 1 1]
 [1 1 0 0 0 0 0 0 0 1 0 1 1 0 1]
 [1 1 1 1 1 1 0 0 1 0 1 0 1 1 0]
 [0 0 1 0 0 0 0 0 0 0 1 0 1 1 1]
 [1 1 0 0 1 0 0 1 0 0 1 1 0 0 1]
 [1 0 0 0 1 1 0 0 1 0 0 0 0 0 0]
 [1 1 1 0 1 0 0 0 0 1 0 0 0 0 1]
 [0 0 1 1 0 0 0 0 0 1 0 1 0 1 0]
 [1 0 1 1 0 1 0 0 1 0 1 0 1 1 1]
 [0 1 0 1 0 1 0 1 0 0 0 1 0 1 0]
 [0 1 1 0 1 0 0 0 1 0 1 0 1 0 0]
 [0 0 0 1 0 0 0 0 1 0 0 1 0 0 1]
 [1 0 1 0 0 0 1 0 1 1 0 1 0 0 1]
 [1 0 0 1 0 0 0 0 0 1 0 1 1 0 1]
 [0 1 1 1 0 1 0 0 0 1 1 1 0 0 1]
 [1 1 0 1 1 1 0 0 1 0 0 1 1 0 0]
 [1 0 0 1 0 0 1 0 0 1 1 1 1 0 0]
 [0 0 0 0 1 0 0 1 1 0 1 1 0 0 1]
 [0 0 0 1 1 1 0 0 1 1 1 0 1 0 1]]
{'restarts': 52, 'conflicts': 19375, 'decisions': 39402, 'propagations': 33910751}
Q is identifiable
branch at 6
runtime for solving id of Q is 3.560367819853127
Simulation results:
{'J': 25, 'K': 15, 'N': 10, 'p': 0.5, 'seed': 88, 'sim': 9, 'runtime': 3.560367819853127, 'identifiable': 1, 'branch': 6}
Simulation results:
[{'J': 25, 'K': 15, 'N': 10, 'p': 0.5, 'seed': 88, 'sim': 0, 'runtime': 19.44284429308027, 'identifiable': 1, 'branch': 6}, {'J': 25, 'K': 15, 'N': 10, 'p': 0.5, 'seed': 88, 'sim': 1, 'runtime': 127.90671729994938, 'identifiable': 1, 'branch': 6}, {'J': 25, 'K': 15, 'N': 10, 'p': 0.5, 'seed': 88, 'sim': 2, 'runtime': 22.407388833118603, 'identifiable': 1, 'branch': 6}, {'J': 25, 'K': 15, 'N': 10, 'p': 0.5, 'seed': 88, 'sim': 3, 'runtime': 1245.1283382279798, 'identifiable': 1, 'branch': 6}, {'J': 25, 'K': 15, 'N': 10, 'p': 0.5, 'seed': 88, 'sim': 4, 'runtime': 51.08821340906434, 'identifiable': 1, 'branch': 6}, {'J': 25, 'K': 15, 'N': 10, 'p': 0.5, 'seed': 88, 'sim': 5, 'runtime': 17.364699724130332, 'identifiable': 1, 'branch': 6}, {'J': 25, 'K': 15, 'N': 10, 'p': 0.5, 'seed': 88, 'sim': 6, 'runtime': 1406.131215927191, 'identifiable': 1, 'branch': 6}, {'J': 25, 'K': 15, 'N': 10, 'p': 0.5, 'seed': 88, 'sim': 7, 'runtime': 0.007222471060231328, 'identifiable': 0, 'branch': 2}, {'J': 25, 'K': 15, 'N': 10, 'p': 0.5, 'seed': 88, 'sim': 8, 'runtime': 17.055146439932287, 'identifiable': 1, 'branch': 6}, {'J': 25, 'K': 15, 'N': 10, 'p': 0.5, 'seed': 88, 'sim': 9, 'runtime': 3.560367819853127, 'identifiable': 1, 'branch': 6}]
