
The Gurobi software has a limited number of licenses. To request a license or
licenses, add this line

    #SBATCH --licenses=gurobi@slurmdb:1

to your SBATCH script, replacing N with the number of licenses you need. Gurobi
will need one license per process.


0
Q: [[1 1 1 1 1 1 1 1 1 1]
 [0 1 1 1 1 1 1 1 1 1]
 [0 1 1 1 1 0 1 1 1 1]
 [1 1 1 1 1 1 1 1 1 1]
 [1 1 1 1 1 1 1 1 1 1]
 [0 1 1 1 1 1 1 1 1 1]
 [1 1 1 1 1 1 1 1 1 1]
 [1 1 1 1 0 1 1 1 0 1]
 [1 1 1 1 1 1 1 1 0 1]
 [1 1 1 1 1 1 1 1 0 1]
 [1 1 1 0 1 0 1 1 1 1]
 [1 1 1 1 1 1 0 1 1 1]
 [1 1 0 1 1 1 1 1 1 1]
 [1 1 1 1 1 1 1 1 1 1]
 [1 1 1 1 1 1 1 1 1 1]
 [1 1 1 1 0 1 1 1 1 1]
 [1 0 0 1 1 1 1 1 1 1]
 [1 1 1 0 1 1 1 1 1 0]
 [1 1 1 1 1 1 1 0 1 1]
 [1 1 1 1 1 1 1 1 1 0]
 [1 1 1 1 1 1 1 1 1 1]
 [1 1 1 1 1 1 0 1 1 1]
 [1 1 1 1 1 1 1 1 1 1]
 [1 0 1 1 1 1 1 1 1 1]
 [1 1 1 1 0 1 0 1 1 1]
 [0 1 1 1 1 1 1 1 1 1]
 [1 1 1 1 1 0 0 1 1 1]
 [1 1 1 0 1 1 0 0 1 1]
 [1 1 1 1 1 1 1 1 1 0]
 [1 0 1 1 1 0 1 1 1 1]
 [0 1 1 1 0 1 1 1 1 1]
 [1 0 1 1 1 1 1 1 1 1]
 [1 1 1 0 0 1 1 1 1 1]
 [1 1 1 1 1 1 1 1 0 1]
 [0 1 1 1 1 1 1 1 1 1]
 [1 1 1 1 1 1 1 1 1 1]
 [1 1 1 1 0 0 1 1 0 1]
 [1 1 1 1 1 1 1 1 1 1]
 [1 0 1 0 1 1 1 1 1 1]
 [1 1 1 0 1 1 1 1 0 1]
 [1 1 1 1 1 1 1 1 1 1]
 [1 1 1 1 1 1 1 1 1 1]
 [1 1 1 1 1 1 1 0 0 1]
 [1 1 1 1 1 1 1 1 1 1]
 [1 1 1 1 1 1 0 1 1 1]
 [1 1 1 1 0 1 1 1 1 1]
 [1 1 1 1 1 0 1 1 1 1]
 [1 1 1 1 1 1 1 1 1 1]
 [1 1 1 0 1 1 1 1 1 1]
 [1 1 1 1 1 1 1 1 1 1]]
Q is not identifiable (three-column submatrix not identifiable).
Q is not identifiable, and Q_bar is [[1 0 1 1 1 1 1 1 1 1]
 [1 1 1 1 1 1 1 1 1 1]
 [0 1 1 1 1 0 1 1 1 1]
 [1 0 1 1 1 1 1 1 1 1]
 [1 0 1 1 1 1 1 1 1 1]
 [1 1 1 1 1 1 1 1 1 1]
 [1 0 1 1 1 1 1 1 1 1]
 [1 1 1 1 0 1 1 1 0 1]
 [1 1 1 1 1 1 1 1 0 1]
 [1 1 1 1 1 1 1 1 0 1]
 [1 1 1 0 1 0 1 1 1 1]
 [1 1 1 1 1 1 0 1 1 1]
 [1 1 0 1 1 1 1 1 1 1]
 [1 0 1 1 1 1 1 1 1 1]
 [1 0 1 1 1 1 1 1 1 1]
 [1 1 1 1 0 1 1 1 1 1]
 [1 0 0 1 1 1 1 1 1 1]
 [1 1 1 0 1 1 1 1 1 0]
 [1 1 1 1 1 1 1 0 1 1]
 [1 1 1 1 1 1 1 1 1 0]
 [1 0 1 1 1 1 1 1 1 1]
 [1 1 1 1 1 1 0 1 1 1]
 [1 0 1 1 1 1 1 1 1 1]
 [1 0 1 1 1 1 1 1 1 1]
 [1 1 1 1 0 1 0 1 1 1]
 [1 1 1 1 1 1 1 1 1 1]
 [1 1 1 1 1 0 0 1 1 1]
 [1 1 1 0 1 1 0 0 1 1]
 [1 1 1 1 1 1 1 1 1 0]
 [1 0 1 1 1 0 1 1 1 1]
 [1 0 1 1 0 1 0 1 1 1]
 [1 0 1 1 1 1 1 1 1 1]
 [1 1 1 0 0 1 1 1 1 1]
 [1 1 1 1 1 1 1 1 0 1]
 [1 1 1 1 1 1 1 1 1 1]
 [1 0 1 1 1 1 1 1 1 1]
 [1 1 1 1 0 0 1 1 0 1]
 [1 0 1 1 1 1 1 1 1 1]
 [1 0 1 0 1 1 1 1 1 1]
 [1 1 1 0 1 1 1 1 0 1]
 [1 0 1 1 1 1 1 1 1 1]
 [1 0 1 1 1 1 1 1 1 1]
 [1 1 1 1 1 1 1 0 0 1]
 [1 0 1 1 1 1 1 1 1 1]
 [1 1 1 1 1 1 0 1 1 1]
 [1 1 1 1 0 1 1 1 1 1]
 [1 1 1 1 1 0 1 1 1 1]
 [1 0 1 1 1 1 1 1 1 1]
 [1 1 1 0 1 1 1 1 1 1]
 [1 0 1 1 1 1 1 1 1 1]]
branch at 3
runtime for solving id of Q is 0.002276661922223866
Simulation results:
{'J': 50, 'K': 10, 'N': 10, 'p': 0.9, 'seed': 15, 'sim': 0, 'runtime': 0.002276661922223866, 'identifiable': 0, 'branch': 3}
1
Q: [[1 1 1 1 1 1 1 1 1 1]
 [1 1 1 1 1 1 1 1 1 1]
 [1 1 1 1 1 1 1 1 0 1]
 [1 1 0 1 1 1 1 1 1 1]
 [1 1 1 1 1 1 1 1 1 1]
 [1 1 1 1 1 1 1 1 1 1]
 [1 1 1 1 1 1 1 1 1 1]
 [1 1 1 1 1 1 1 1 1 1]
 [1 1 1 1 1 1 1 1 1 1]
 [1 1 1 1 1 1 1 1 1 1]
 [1 1 1 1 1 1 1 1 1 1]
 [1 1 1 1 1 1 1 1 1 1]
 [1 1 1 1 1 1 1 1 1 1]
 [1 1 1 1 1 1 1 1 0 1]
 [1 1 1 1 1 1 1 1 1 1]
 [1 1 1 1 1 1 1 1 1 1]
 [1 1 1 1 1 1 1 1 1 1]
 [1 1 1 1 1 1 1 1 1 1]
 [1 1 1 1 1 1 1 1 1 1]
 [1 1 1 1 1 1 1 1 0 1]
 [1 1 1 0 1 1 1 0 1 1]
 [1 1 1 1 1 1 1 0 1 0]
 [1 1 1 1 1 1 1 1 1 1]
 [1 0 1 1 1 1 1 1 1 1]
 [0 1 0 1 1 1 0 1 1 1]
 [1 1 1 1 1 1 1 1 1 0]
 [1 1 0 1 1 1 1 0 1 1]
 [1 1 1 1 1 1 0 1 1 1]
 [1 1 1 1 1 0 1 1 1 1]
 [1 1 1 1 1 1 1 1 1 1]
 [1 1 1 1 1 1 1 1 1 1]
 [1 1 1 1 1 0 1 1 1 1]
 [1 1 1 1 0 1 1 1 1 1]
 [1 1 1 1 0 1 1 1 1 1]
 [1 1 1 1 1 1 1 1 1 1]
 [1 1 1 1 1 1 1 1 1 1]
 [0 0 1 1 1 1 1 1 1 1]
 [0 0 1 1 1 1 1 1 1 1]
 [1 1 1 1 0 1 1 1 1 1]
 [1 1 1 1 1 1 1 1 1 1]
 [1 1 1 1 1 1 1 0 1 1]
 [1 1 1 1 1 1 1 1 1 1]
 [0 1 1 1 1 1 0 1 1 1]
 [1 1 1 1 1 1 1 1 1 1]
 [1 1 1 1 1 1 1 1 1 1]
 [1 0 1 1 1 1 0 1 1 1]
 [0 0 1 1 1 1 1 1 1 1]
 [1 0 1 0 1 0 1 1 1 1]
 [1 1 1 1 1 1 1 1 1 1]
 [1 1 1 1 1 1 1 1 0 0]]
Q is not identifiable (three-column submatrix not identifiable).
Q is not identifiable, and Q_bar is [[1 1 1 1 1 1 1 1 1 1]
 [1 1 1 1 1 1 1 1 1 1]
 [1 1 1 1 1 1 1 1 0 1]
 [1 1 0 1 1 1 1 1 1 1]
 [1 1 1 1 1 1 1 1 1 1]
 [1 1 1 1 1 1 1 1 1 1]
 [1 1 1 1 1 1 1 1 1 1]
 [1 1 1 1 1 1 1 1 1 1]
 [1 1 1 1 1 1 1 1 1 1]
 [1 1 1 1 1 1 1 1 1 1]
 [1 1 1 1 1 1 1 1 1 1]
 [1 1 1 1 1 1 1 1 1 1]
 [1 1 1 1 1 1 1 1 1 1]
 [1 1 1 1 1 1 1 1 0 1]
 [1 1 1 1 1 1 1 1 1 1]
 [1 1 1 1 1 1 1 1 1 1]
 [1 1 1 1 1 1 1 1 1 1]
 [1 1 1 1 1 1 1 1 1 1]
 [1 1 1 1 1 1 1 1 1 1]
 [1 1 1 1 1 1 1 1 0 1]
 [1 1 1 0 1 1 1 0 1 1]
 [1 1 1 1 1 1 1 0 1 0]
 [1 1 1 1 1 1 1 1 1 1]
 [1 0 1 0 1 1 1 1 1 1]
 [0 1 0 1 1 1 0 1 1 1]
 [1 1 1 1 1 1 1 1 1 0]
 [1 1 0 1 1 1 1 0 1 1]
 [1 1 1 1 1 1 0 1 1 1]
 [1 1 1 1 1 0 1 1 1 1]
 [1 1 1 1 1 1 1 1 1 1]
 [1 1 1 1 1 1 1 1 1 1]
 [1 1 1 1 1 0 1 1 1 1]
 [1 1 1 1 0 1 1 1 1 1]
 [1 1 1 1 0 1 1 1 1 1]
 [1 1 1 1 1 1 1 1 1 1]
 [1 1 1 1 1 1 1 1 1 1]
 [1 0 1 0 0 1 1 1 1 1]
 [1 0 1 0 0 1 1 1 1 1]
 [1 1 1 1 0 1 1 1 1 1]
 [1 1 1 1 1 1 1 1 1 1]
 [1 1 1 1 1 1 1 0 1 1]
 [1 1 1 1 1 1 1 1 1 1]
 [0 1 1 1 1 1 0 1 1 1]
 [1 1 1 1 1 1 1 1 1 1]
 [1 1 1 1 1 1 1 1 1 1]
 [1 0 1 1 1 1 0 1 1 1]
 [1 0 1 0 0 1 1 1 1 1]
 [1 0 1 0 1 0 1 1 1 1]
 [1 1 1 1 1 1 1 1 1 1]
 [1 1 1 1 1 1 1 1 0 0]]
branch at 3
runtime for solving id of Q is 0.0020528020104393363
Simulation results:
{'J': 50, 'K': 10, 'N': 10, 'p': 0.9, 'seed': 15, 'sim': 1, 'runtime': 0.0020528020104393363, 'identifiable': 0, 'branch': 3}
2
Q: [[1 1 0 1 1 1 1 1 1 1]
 [1 1 1 1 1 1 1 1 1 1]
 [1 1 1 0 1 0 1 1 1 1]
 [1 0 0 1 1 1 1 1 1 0]
 [0 1 1 1 1 1 1 1 1 1]
 [1 1 1 1 1 1 1 1 1 1]
 [1 1 1 1 0 0 1 1 1 1]
 [1 1 1 1 1 1 1 1 0 1]
 [1 1 0 1 1 1 1 1 1 1]
 [1 1 1 1 1 1 1 0 1 1]
 [1 1 1 1 1 1 1 1 1 1]
 [1 1 1 1 1 1 1 1 1 1]
 [1 1 0 1 1 1 1 1 1 1]
 [1 1 1 1 0 1 1 1 1 1]
 [1 1 1 1 1 0 1 1 0 1]
 [0 0 1 1 1 1 1 1 1 1]
 [1 1 1 0 1 1 0 0 1 1]
 [1 1 1 0 0 0 0 1 1 0]
 [1 1 1 1 1 0 0 1 0 1]
 [1 1 1 1 1 1 1 1 1 1]
 [1 1 1 1 1 1 0 1 1 0]
 [1 1 1 1 1 1 1 1 1 1]
 [0 1 1 1 1 1 1 1 1 1]
 [1 1 1 1 1 1 1 1 1 0]
 [1 1 1 1 0 1 1 1 1 1]
 [0 1 1 1 1 0 1 1 1 1]
 [1 1 1 1 0 1 1 1 1 1]
 [1 1 1 0 1 1 1 1 1 1]
 [1 1 1 1 1 1 1 1 1 0]
 [1 1 0 1 1 1 1 1 1 1]
 [1 1 1 1 1 1 1 1 0 0]
 [1 0 1 1 1 1 1 1 1 1]
 [1 1 1 1 1 0 1 1 1 1]
 [1 1 1 0 0 1 0 1 1 1]
 [1 1 1 1 1 1 1 1 1 0]
 [1 1 1 1 1 1 1 1 0 1]
 [1 1 1 0 0 1 1 0 1 1]
 [1 1 1 1 1 1 1 1 1 1]
 [1 1 1 1 1 1 1 1 1 1]
 [1 1 1 1 1 1 1 1 1 1]
 [1 0 0 1 1 1 1 1 1 1]
 [1 1 1 0 1 0 1 1 1 1]
 [1 1 1 1 1 1 1 1 1 0]
 [1 1 1 1 1 0 1 1 1 1]
 [1 1 1 1 1 1 1 1 1 0]
 [1 1 1 1 1 1 1 1 0 1]
 [1 1 1 1 1 1 1 1 1 1]
 [1 1 1 1 1 1 1 1 1 1]
 [1 1 1 1 1 0 1 1 1 1]
 [1 1 1 1 1 1 1 1 1 1]]
Q is not identifiable (three-column submatrix not identifiable).
Q is not identifiable, and Q_bar is [[1 1 0 1 1 1 1 1 1 1]
 [1 1 1 1 1 1 1 1 1 1]
 [1 1 1 0 1 0 1 1 1 1]
 [1 0 0 1 1 1 1 1 1 0]
 [1 1 1 1 1 1 1 1 1 1]
 [1 1 1 1 1 1 1 1 1 1]
 [1 1 1 1 0 0 1 1 1 1]
 [1 1 1 1 1 1 1 1 0 1]
 [1 1 0 1 1 1 1 1 1 1]
 [1 1 1 1 1 1 1 0 1 1]
 [1 1 1 1 1 1 1 1 1 1]
 [1 1 1 1 1 1 1 1 1 1]
 [1 1 0 1 1 1 1 1 1 1]
 [1 1 1 1 0 1 1 1 1 1]
 [1 1 1 1 1 0 1 1 0 1]
 [1 0 0 0 1 1 1 1 1 1]
 [1 1 1 0 1 1 0 0 1 1]
 [1 1 1 0 0 0 0 1 1 0]
 [1 1 1 1 1 0 0 1 0 1]
 [1 1 1 1 1 1 1 1 1 1]
 [1 1 1 1 1 1 0 1 1 0]
 [1 1 1 1 1 1 1 1 1 1]
 [1 1 1 1 1 1 1 1 1 1]
 [1 1 1 1 1 1 1 1 1 0]
 [1 1 1 1 0 1 1 1 1 1]
 [0 1 1 1 1 0 1 1 1 1]
 [1 1 1 1 0 1 1 1 1 1]
 [1 1 1 0 1 1 1 1 1 1]
 [1 1 1 1 1 1 1 1 1 0]
 [1 1 0 1 1 1 1 1 1 1]
 [1 1 1 1 1 1 1 1 0 0]
 [1 0 0 1 1 1 1 1 1 1]
 [1 1 1 1 1 0 1 1 1 1]
 [1 1 1 0 0 1 0 1 1 1]
 [1 1 1 1 1 1 1 1 1 0]
 [1 1 1 1 1 1 1 1 0 1]
 [1 1 1 0 0 1 1 0 1 1]
 [1 1 1 1 1 1 1 1 1 1]
 [1 1 1 1 1 1 1 1 1 1]
 [1 1 1 1 1 1 1 1 1 1]
 [1 0 0 1 1 1 1 1 1 1]
 [1 1 1 0 1 0 1 1 1 1]
 [1 1 1 1 1 1 1 1 1 0]
 [1 1 1 1 1 0 1 1 1 1]
 [1 1 1 1 1 1 1 1 1 0]
 [1 1 1 1 1 1 1 1 0 1]
 [1 1 1 1 1 1 1 1 1 1]
 [1 1 1 1 1 1 1 1 1 1]
 [1 1 1 1 1 0 1 1 1 1]
 [1 1 1 1 1 1 1 1 1 1]]
branch at 3
runtime for solving id of Q is 0.002240053960122168
Simulation results:
{'J': 50, 'K': 10, 'N': 10, 'p': 0.9, 'seed': 15, 'sim': 2, 'runtime': 0.002240053960122168, 'identifiable': 0, 'branch': 3}
3
Q: [[1 0 1 1 1 1 1 1 1 1]
 [1 1 1 1 1 1 1 1 0 1]
 [1 1 1 0 1 1 1 1 1 0]
 [1 1 1 1 1 1 1 1 1 1]
 [1 1 0 1 1 0 0 1 1 1]
 [1 1 1 1 0 1 1 1 1 1]
 [1 1 1 1 1 1 1 1 1 1]
 [1 1 1 1 0 1 1 0 1 1]
 [1 1 1 1 1 1 1 0 1 1]
 [1 1 0 1 1 1 1 1 1 1]
 [1 1 1 1 1 0 1 0 1 0]
 [1 1 1 1 1 1 1 1 1 0]
 [1 1 0 1 1 1 0 1 1 1]
 [1 1 1 1 1 1 1 1 1 1]
 [1 1 1 0 1 1 1 1 1 1]
 [1 1 1 1 1 1 1 1 1 1]
 [1 1 1 1 0 1 0 1 1 1]
 [1 0 1 1 1 1 1 1 0 1]
 [1 1 1 1 1 1 0 1 1 1]
 [1 1 1 1 0 0 1 1 1 1]
 [1 1 1 1 1 1 0 1 1 0]
 [1 1 1 1 1 1 1 1 1 1]
 [0 1 1 1 1 1 1 1 1 1]
 [1 1 1 1 1 1 1 1 1 1]
 [1 1 1 1 1 1 1 1 1 1]
 [1 1 1 1 1 0 0 1 1 1]
 [0 1 1 1 1 1 1 1 1 1]
 [1 1 1 0 1 1 1 1 1 1]
 [1 1 1 1 1 1 1 1 1 1]
 [1 1 1 1 0 0 0 1 1 1]
 [1 1 1 1 1 1 1 1 1 1]
 [1 1 1 1 1 1 1 1 1 1]
 [1 1 1 1 1 1 1 1 1 1]
 [1 1 1 1 0 1 1 1 1 1]
 [1 1 1 1 1 1 1 1 1 1]
 [1 1 1 1 0 1 1 1 1 1]
 [1 1 1 1 1 0 1 0 1 1]
 [1 1 1 1 1 1 1 1 1 0]
 [1 1 0 1 1 1 1 1 1 1]
 [1 0 1 1 1 0 1 1 1 1]
 [1 1 0 1 1 1 1 1 1 1]
 [1 1 1 1 1 1 1 1 1 1]
 [0 1 0 1 1 1 1 1 1 1]
 [1 1 1 1 1 1 1 1 1 1]
 [1 1 1 1 1 1 0 1 1 1]
 [1 1 1 1 1 1 1 1 1 1]
 [0 1 1 1 1 1 1 1 1 1]
 [1 1 0 1 1 1 1 1 0 1]
 [1 1 1 1 1 1 1 1 1 1]
 [1 1 1 1 1 1 1 1 1 1]]
Q is not identifiable (three-column submatrix not identifiable).
Q is not identifiable, and Q_bar is [[1 0 1 1 1 1 1 1 1 1]
 [1 1 1 1 1 1 1 1 0 1]
 [1 1 1 0 1 1 1 1 1 0]
 [1 0 1 1 1 1 1 1 1 1]
 [1 1 0 1 1 0 0 1 1 1]
 [1 1 1 1 0 1 1 1 1 1]
 [1 0 1 1 1 1 1 1 1 1]
 [1 1 1 1 0 1 1 0 1 1]
 [1 1 1 1 1 1 1 0 1 1]
 [1 1 0 1 1 1 1 1 1 1]
 [1 1 1 1 1 0 1 0 1 0]
 [1 1 1 1 1 1 1 1 1 0]
 [1 1 0 1 1 1 0 1 1 1]
 [1 0 1 1 1 1 1 1 1 1]
 [1 1 1 0 1 1 1 1 1 1]
 [1 0 1 1 1 1 1 1 1 1]
 [1 1 1 1 0 1 0 1 1 1]
 [1 0 1 1 1 1 1 1 0 1]
 [1 1 1 1 1 1 0 1 1 1]
 [1 1 1 1 0 0 1 1 1 1]
 [1 1 1 1 1 1 0 1 1 0]
 [1 0 1 1 1 1 1 1 1 1]
 [0 1 1 1 1 1 1 1 1 1]
 [1 0 1 1 1 1 1 1 1 1]
 [1 0 1 1 1 1 1 1 1 1]
 [1 1 1 1 1 0 0 1 1 1]
 [0 1 1 1 1 1 1 1 1 1]
 [1 1 1 0 1 1 1 1 1 1]
 [1 0 1 1 1 1 1 1 1 1]
 [1 1 1 1 0 0 0 1 1 1]
 [1 0 1 1 1 1 1 1 1 1]
 [1 0 1 1 1 1 1 1 1 1]
 [1 0 1 1 1 1 1 1 1 1]
 [1 1 1 1 0 1 1 1 1 1]
 [1 0 1 1 1 1 1 1 1 1]
 [1 1 1 1 0 1 1 1 1 1]
 [1 1 1 1 1 0 1 0 1 1]
 [1 1 1 1 1 1 1 1 1 0]
 [1 1 0 1 1 1 1 1 1 1]
 [1 0 1 1 1 0 1 1 1 1]
 [1 1 0 1 1 1 1 1 1 1]
 [1 0 1 1 1 1 1 1 1 1]
 [1 0 0 0 1 1 1 1 1 1]
 [1 0 1 1 1 1 1 1 1 1]
 [1 1 1 1 1 1 0 1 1 1]
 [1 0 1 1 1 1 1 1 1 1]
 [0 1 1 1 1 1 1 1 1 1]
 [1 1 0 1 1 1 1 1 0 1]
 [1 0 1 1 1 1 1 1 1 1]
 [1 0 1 1 1 1 1 1 1 1]]
branch at 3
runtime for solving id of Q is 0.0021376130171120167
Simulation results:
{'J': 50, 'K': 10, 'N': 10, 'p': 0.9, 'seed': 15, 'sim': 3, 'runtime': 0.0021376130171120167, 'identifiable': 0, 'branch': 3}
4
Q: [[1 1 1 1 1 0 0 1 1 0]
 [1 1 1 1 1 1 1 1 1 1]
 [1 1 1 1 1 1 1 1 0 0]
 [1 1 1 1 1 1 1 1 1 0]
 [1 1 1 1 1 1 1 1 1 0]
 [1 1 1 1 1 1 1 0 1 1]
 [1 1 1 1 1 1 1 1 1 1]
 [1 1 1 1 1 1 1 1 1 1]
 [0 1 1 1 0 1 1 0 0 1]
 [1 1 1 1 1 1 1 1 1 1]
 [1 1 1 1 1 1 1 1 1 1]
 [1 0 1 1 1 1 1 1 1 1]
 [0 1 1 1 1 1 1 1 1 1]
 [0 1 1 1 1 1 1 1 1 1]
 [1 1 1 0 1 1 1 0 0 1]
 [1 1 1 1 1 1 1 1 1 0]
 [1 1 1 1 0 1 1 1 1 1]
 [1 1 1 1 1 1 1 1 1 1]
 [1 1 1 1 1 1 1 1 1 0]
 [1 1 1 1 1 1 1 1 1 0]
 [1 0 0 1 1 1 1 1 1 1]
 [1 1 1 1 1 1 1 1 1 1]
 [1 1 1 1 1 1 1 1 1 1]
 [1 1 1 1 1 1 1 1 0 1]
 [1 1 1 1 1 1 1 1 1 1]
 [1 1 1 1 1 1 1 1 1 1]
 [1 1 1 0 1 0 1 1 1 1]
 [1 1 1 1 1 1 1 1 1 1]
 [0 1 1 1 1 1 1 1 1 1]
 [1 1 1 1 1 1 1 1 1 0]
 [1 1 1 1 0 1 1 0 0 1]
 [0 1 1 1 1 1 1 1 1 1]
 [1 1 1 1 1 1 0 1 1 1]
 [1 1 1 0 1 1 1 1 1 0]
 [1 1 1 1 1 1 1 1 1 1]
 [1 1 1 1 1 1 0 1 1 1]
 [1 1 0 1 1 1 1 1 1 1]
 [1 1 1 1 1 1 1 1 1 1]
 [1 1 0 1 1 1 1 1 1 0]
 [1 1 1 1 1 1 0 1 1 1]
 [1 0 1 1 1 1 0 1 1 1]
 [1 1 1 1 0 1 1 1 1 1]
 [1 1 1 1 1 1 1 1 1 0]
 [1 1 1 1 1 1 1 0 1 1]
 [1 1 1 0 1 1 1 1 1 1]
 [1 1 1 1 1 1 1 1 1 1]
 [1 1 1 1 1 1 1 1 1 1]
 [1 1 1 1 1 1 1 0 0 1]
 [0 1 1 1 1 0 1 1 1 1]
 [1 1 1 1 1 1 1 1 1 0]]
Q is not identifiable (three-column submatrix not identifiable).
Q is not identifiable, and Q_bar is [[1 1 1 1 1 0 0 1 1 0]
 [1 0 1 1 1 1 1 1 1 1]
 [1 1 1 1 1 1 1 1 0 0]
 [1 1 1 1 1 1 1 1 1 0]
 [1 1 1 1 1 1 1 1 1 0]
 [1 1 1 1 1 1 1 0 1 1]
 [1 0 1 1 1 1 1 1 1 1]
 [1 0 1 1 1 1 1 1 1 1]
 [1 0 1 0 0 1 1 0 0 1]
 [1 0 1 1 1 1 1 1 1 1]
 [1 0 1 1 1 1 1 1 1 1]
 [1 0 1 1 1 1 1 1 1 1]
 [1 1 1 1 1 1 1 1 1 1]
 [1 1 1 1 1 1 1 1 1 1]
 [1 1 1 0 1 1 1 0 0 1]
 [1 1 1 1 1 1 1 1 1 0]
 [1 1 1 1 0 1 1 1 1 1]
 [1 0 1 1 1 1 1 1 1 1]
 [1 1 1 1 1 1 1 1 1 0]
 [1 1 1 1 1 1 1 1 1 0]
 [1 0 0 1 1 1 1 1 1 1]
 [1 0 1 1 1 1 1 1 1 1]
 [1 0 1 1 1 1 1 1 1 1]
 [1 1 1 1 1 1 1 1 0 1]
 [1 0 1 1 1 1 1 1 1 1]
 [1 0 1 1 1 1 1 1 1 1]
 [1 1 1 0 1 0 1 1 1 1]
 [1 0 1 1 1 1 1 1 1 1]
 [1 1 1 1 1 1 1 1 1 1]
 [1 1 1 1 1 1 1 1 1 0]
 [1 1 1 1 0 1 1 0 0 1]
 [1 1 1 1 1 1 1 1 1 1]
 [1 1 1 1 1 1 0 1 1 1]
 [1 1 1 0 1 1 1 1 1 0]
 [1 0 1 1 1 1 1 1 1 1]
 [1 1 1 1 1 1 0 1 1 1]
 [1 1 0 1 1 1 1 1 1 1]
 [1 0 1 1 1 1 1 1 1 1]
 [1 1 0 1 1 1 1 1 1 0]
 [1 1 1 1 1 1 0 1 1 1]
 [1 0 1 1 1 1 0 1 1 1]
 [1 1 1 1 0 1 1 1 1 1]
 [1 1 1 1 1 1 1 1 1 0]
 [1 1 1 1 1 1 1 0 1 1]
 [1 1 1 0 1 1 1 1 1 1]
 [1 0 1 1 1 1 1 1 1 1]
 [1 0 1 1 1 1 1 1 1 1]
 [1 1 1 0 1 1 1 0 0 1]
 [0 1 1 1 1 0 1 1 1 1]
 [1 1 1 1 1 1 1 1 1 0]]
branch at 3
runtime for solving id of Q is 0.001853207009844482
Simulation results:
{'J': 50, 'K': 10, 'N': 10, 'p': 0.9, 'seed': 15, 'sim': 4, 'runtime': 0.001853207009844482, 'identifiable': 0, 'branch': 3}
5
Q: [[0 1 1 1 1 1 1 1 1 1]
 [1 1 1 1 1 0 1 1 1 1]
 [1 0 0 1 1 1 1 1 0 0]
 [1 1 0 1 1 1 1 1 1 1]
 [1 1 1 1 1 1 1 1 1 1]
 [1 1 1 1 1 1 1 1 1 1]
 [1 0 0 1 1 1 1 1 1 1]
 [1 1 1 1 1 1 1 1 1 0]
 [1 1 1 1 1 1 1 1 1 1]
 [1 0 1 1 1 1 1 1 1 1]
 [1 1 1 1 1 0 0 1 1 1]
 [1 1 1 1 1 1 1 1 1 1]
 [1 1 1 1 1 1 1 1 1 1]
 [1 1 1 1 1 1 1 1 1 1]
 [1 0 1 1 1 1 0 1 1 1]
 [1 1 1 0 1 1 1 1 1 1]
 [1 1 1 1 1 1 1 1 0 1]
 [1 1 1 1 1 1 1 1 0 1]
 [1 1 1 1 1 1 1 1 1 1]
 [1 1 1 1 1 1 1 1 1 1]
 [0 1 1 1 1 1 1 1 0 1]
 [1 1 1 1 1 1 1 1 1 1]
 [1 1 1 1 1 1 1 1 1 1]
 [1 1 1 1 1 1 1 1 1 1]
 [1 1 1 1 1 1 1 1 1 1]
 [1 0 1 1 1 1 1 0 1 1]
 [1 1 1 1 0 1 1 1 1 1]
 [0 1 1 0 1 1 1 1 1 0]
 [1 1 1 0 1 1 1 1 1 1]
 [1 1 1 1 1 1 1 1 1 0]
 [1 0 1 1 1 1 1 1 1 1]
 [1 1 1 0 1 1 1 1 0 1]
 [1 1 0 1 1 1 1 0 0 1]
 [1 1 1 1 1 1 1 1 1 0]
 [1 1 1 0 1 1 1 1 0 1]
 [1 1 1 1 1 1 1 1 1 1]
 [1 1 1 0 1 0 1 1 1 1]
 [0 1 0 1 1 1 1 1 1 1]
 [1 1 1 1 1 1 0 1 1 1]
 [1 0 1 1 1 0 0 1 1 1]
 [1 1 1 1 1 1 1 1 1 1]
 [1 1 1 1 1 1 1 0 0 1]
 [1 1 1 1 1 1 1 1 1 0]
 [1 1 1 1 0 1 1 1 1 1]
 [1 1 1 1 1 1 1 1 0 1]
 [1 1 1 0 1 1 1 1 1 0]
 [1 1 1 1 1 1 1 1 1 1]
 [1 1 1 1 1 1 1 1 1 0]
 [1 1 1 1 1 1 1 1 1 1]
 [1 1 1 1 1 1 1 1 1 1]]
Q is not identifiable (three-column submatrix not identifiable).
Q is not identifiable, and Q_bar is [[1 1 1 1 1 1 1 1 1 1]
 [1 1 1 1 1 0 1 1 1 1]
 [1 0 0 1 1 1 1 1 0 0]
 [1 0 0 1 1 1 1 1 1 1]
 [1 1 1 1 1 1 1 1 1 1]
 [1 1 1 1 1 1 1 1 1 1]
 [1 0 0 1 1 1 1 1 1 1]
 [1 1 1 1 1 1 1 1 1 0]
 [1 1 1 1 1 1 1 1 1 1]
 [1 0 1 1 1 1 1 1 1 1]
 [1 1 1 1 1 0 0 1 1 1]
 [1 1 1 1 1 1 1 1 1 1]
 [1 1 1 1 1 1 1 1 1 1]
 [1 1 1 1 1 1 1 1 1 1]
 [1 0 1 1 1 1 0 1 1 1]
 [1 1 1 0 1 1 1 1 1 1]
 [1 1 1 1 1 1 1 1 0 1]
 [1 1 1 1 1 1 1 1 0 1]
 [1 1 1 1 1 1 1 1 1 1]
 [1 1 1 1 1 1 1 1 1 1]
 [0 1 1 1 1 1 1 1 0 1]
 [1 1 1 1 1 1 1 1 1 1]
 [1 1 1 1 1 1 1 1 1 1]
 [1 1 1 1 1 1 1 1 1 1]
 [1 1 1 1 1 1 1 1 1 1]
 [1 0 1 1 1 1 1 0 1 1]
 [1 1 1 1 0 1 1 1 1 1]
 [0 1 1 0 1 1 1 1 1 0]
 [1 1 1 0 1 1 1 1 1 1]
 [1 1 1 1 1 1 1 1 1 0]
 [1 0 1 1 1 1 1 1 1 1]
 [1 1 1 0 1 1 1 1 0 1]
 [1 1 0 1 1 1 1 0 0 1]
 [1 1 1 1 1 1 1 1 1 0]
 [1 1 1 0 1 1 1 1 0 1]
 [1 1 1 1 1 1 1 1 1 1]
 [1 1 1 0 1 0 1 1 1 1]
 [1 0 0 1 0 1 1 1 1 1]
 [1 1 1 1 1 1 0 1 1 1]
 [1 0 1 1 1 0 0 1 1 1]
 [1 1 1 1 1 1 1 1 1 1]
 [1 1 1 1 1 1 1 0 0 1]
 [1 1 1 1 1 1 1 1 1 0]
 [1 1 1 1 0 1 1 1 1 1]
 [1 1 1 1 1 1 1 1 0 1]
 [1 1 1 0 1 1 1 1 1 0]
 [1 1 1 1 1 1 1 1 1 1]
 [1 1 1 1 1 1 1 1 1 0]
 [1 1 1 1 1 1 1 1 1 1]
 [1 1 1 1 1 1 1 1 1 1]]
branch at 3
runtime for solving id of Q is 0.002007136936299503
Simulation results:
{'J': 50, 'K': 10, 'N': 10, 'p': 0.9, 'seed': 15, 'sim': 5, 'runtime': 0.002007136936299503, 'identifiable': 0, 'branch': 3}
6
Q: [[1 0 1 1 1 1 1 0 1 0]
 [1 1 1 1 0 1 1 1 1 1]
 [1 1 1 1 1 1 1 1 1 1]
 [1 0 1 1 1 1 0 1 1 1]
 [1 0 1 1 1 1 1 1 1 1]
 [1 1 1 1 0 1 1 1 1 1]
 [1 1 1 1 1 1 1 1 1 1]
 [1 1 1 1 1 1 1 1 1 1]
 [1 1 1 1 1 1 1 1 1 1]
 [1 1 1 1 1 1 1 1 1 0]
 [1 1 1 1 1 1 1 1 1 1]
 [1 1 1 0 1 1 1 1 1 1]
 [1 0 1 1 0 1 1 1 1 1]
 [1 1 1 1 1 1 1 1 0 1]
 [0 1 0 1 1 1 1 1 1 1]
 [0 1 1 1 1 1 1 0 1 1]
 [1 1 1 1 1 1 1 1 1 1]
 [1 0 1 1 1 1 1 1 1 1]
 [1 1 1 1 1 1 1 1 1 1]
 [1 1 1 1 1 1 1 1 1 1]
 [1 0 0 1 1 1 1 1 1 0]
 [1 1 0 1 1 1 1 1 1 1]
 [1 1 1 1 1 1 1 1 1 1]
 [1 1 1 1 1 1 1 1 1 1]
 [1 1 1 0 1 1 1 1 1 1]
 [1 1 1 1 1 1 1 0 1 1]
 [1 1 1 1 1 0 1 1 0 1]
 [1 1 1 1 1 1 1 0 1 1]
 [1 1 1 1 1 1 1 1 1 0]
 [1 1 1 0 1 1 0 1 1 1]
 [1 1 1 1 1 1 1 1 1 1]
 [1 1 1 0 1 1 1 0 1 1]
 [1 1 1 1 1 1 1 1 1 1]
 [1 1 1 1 1 0 1 1 1 1]
 [1 1 1 0 1 1 1 1 1 1]
 [1 1 1 1 1 1 1 1 1 1]
 [1 1 1 1 1 1 1 1 1 1]
 [1 0 1 1 1 1 1 1 0 1]
 [1 1 1 1 1 1 1 1 1 1]
 [1 1 1 1 0 1 1 1 1 1]
 [1 1 1 1 0 1 1 1 1 1]
 [1 1 1 1 1 0 0 1 1 0]
 [1 1 1 1 1 1 1 1 1 1]
 [1 1 1 1 1 1 0 1 1 1]
 [1 1 1 1 1 1 1 1 1 1]
 [1 1 1 1 1 1 1 1 1 1]
 [0 1 1 1 1 1 1 1 1 1]
 [1 1 1 1 1 1 0 0 1 1]
 [1 1 1 1 1 1 1 1 1 1]
 [1 0 1 1 1 1 1 1 0 1]]
Q is not identifiable (three-column submatrix not identifiable).
Q is not identifiable, and Q_bar is [[1 0 1 1 1 1 1 0 1 0]
 [1 1 1 1 0 1 1 1 1 1]
 [1 1 1 1 1 1 1 1 1 1]
 [1 0 1 1 1 1 0 1 1 1]
 [1 0 1 1 1 1 1 1 1 1]
 [1 1 1 1 0 1 1 1 1 1]
 [1 1 1 1 1 1 1 1 1 1]
 [1 1 1 1 1 1 1 1 1 1]
 [1 1 1 1 1 1 1 1 1 1]
 [1 1 1 1 1 1 1 1 1 0]
 [1 1 1 1 1 1 1 1 1 1]
 [1 1 1 0 1 1 1 1 1 1]
 [1 0 1 1 0 1 1 1 1 1]
 [1 1 1 1 1 1 1 1 0 1]
 [1 0 0 0 1 1 1 1 1 1]
 [0 1 1 1 1 1 1 0 1 1]
 [1 1 1 1 1 1 1 1 1 1]
 [1 0 1 1 1 1 1 1 1 1]
 [1 1 1 1 1 1 1 1 1 1]
 [1 1 1 1 1 1 1 1 1 1]
 [1 0 0 1 1 1 1 1 1 0]
 [1 0 0 1 1 1 1 1 1 1]
 [1 1 1 1 1 1 1 1 1 1]
 [1 1 1 1 1 1 1 1 1 1]
 [1 1 1 0 1 1 1 1 1 1]
 [1 1 1 1 1 1 1 0 1 1]
 [1 1 1 1 1 0 1 1 0 1]
 [1 1 1 1 1 1 1 0 1 1]
 [1 1 1 1 1 1 1 1 1 0]
 [1 1 1 0 1 1 0 1 1 1]
 [1 1 1 1 1 1 1 1 1 1]
 [1 1 1 0 1 1 1 0 1 1]
 [1 1 1 1 1 1 1 1 1 1]
 [1 1 1 1 1 0 1 1 1 1]
 [1 1 1 0 1 1 1 1 1 1]
 [1 1 1 1 1 1 1 1 1 1]
 [1 1 1 1 1 1 1 1 1 1]
 [1 0 1 1 1 1 1 1 0 1]
 [1 1 1 1 1 1 1 1 1 1]
 [1 1 1 1 0 1 1 1 1 1]
 [1 1 1 1 0 1 1 1 1 1]
 [1 1 1 1 1 0 0 1 1 0]
 [1 1 1 1 1 1 1 1 1 1]
 [1 1 1 1 1 1 0 1 1 1]
 [1 1 1 1 1 1 1 1 1 1]
 [1 1 1 1 1 1 1 1 1 1]
 [1 1 1 1 1 1 1 1 1 1]
 [1 1 1 1 1 1 0 0 1 1]
 [1 1 1 1 1 1 1 1 1 1]
 [1 0 1 1 1 1 1 1 0 1]]
branch at 3
runtime for solving id of Q is 0.0019617240177467465
Simulation results:
{'J': 50, 'K': 10, 'N': 10, 'p': 0.9, 'seed': 15, 'sim': 6, 'runtime': 0.0019617240177467465, 'identifiable': 0, 'branch': 3}
7
Q: [[1 1 0 1 0 1 1 1 1 1]
 [1 1 1 1 1 1 1 1 1 1]
 [1 0 1 1 0 1 1 1 1 1]
 [1 1 1 1 1 1 1 1 1 1]
 [1 0 1 1 1 1 0 1 1 1]
 [0 1 1 1 1 1 1 1 1 1]
 [1 1 1 1 1 1 1 1 1 1]
 [1 1 1 1 1 1 1 1 1 1]
 [1 1 1 1 1 1 1 1 1 1]
 [1 1 1 1 1 1 1 1 1 1]
 [1 1 1 1 1 1 1 1 1 1]
 [1 0 1 0 0 1 0 0 1 1]
 [1 1 0 1 1 1 1 1 1 1]
 [1 1 1 1 1 1 1 1 1 1]
 [1 1 1 1 1 1 0 1 1 1]
 [1 1 1 1 1 0 1 1 0 1]
 [1 1 1 1 1 1 1 0 1 1]
 [0 1 1 1 1 0 1 1 1 1]
 [0 1 1 1 1 1 0 1 1 1]
 [0 1 1 1 1 0 1 1 1 1]
 [1 1 0 1 1 1 1 1 1 1]
 [1 1 1 0 1 1 1 1 1 1]
 [1 1 1 1 1 1 1 1 1 1]
 [1 1 1 0 1 0 0 1 0 1]
 [1 1 1 1 1 1 1 1 1 1]
 [0 1 0 1 1 1 1 1 1 1]
 [1 1 1 1 1 1 1 1 1 0]
 [1 1 1 1 1 0 1 1 1 1]
 [0 1 1 1 1 1 1 1 1 1]
 [1 1 1 1 0 1 1 1 1 1]
 [1 0 1 1 1 1 0 1 1 1]
 [1 1 1 1 1 1 1 1 1 1]
 [1 1 0 1 1 1 1 1 1 1]
 [1 1 1 1 1 1 1 1 1 0]
 [0 1 1 0 1 1 0 1 1 1]
 [1 1 1 1 1 1 0 1 1 1]
 [1 1 0 1 1 1 1 1 0 1]
 [1 1 1 1 1 1 1 1 1 1]
 [0 0 1 0 1 1 1 0 1 1]
 [1 1 1 1 1 1 1 0 1 1]
 [1 1 1 1 1 1 1 1 1 1]
 [1 1 1 1 1 1 1 1 1 1]
 [1 1 1 1 1 0 1 1 1 1]
 [1 1 1 1 1 1 1 1 1 0]
 [1 1 1 1 1 0 1 1 1 1]
 [1 0 1 1 1 1 1 1 1 1]
 [1 1 1 1 1 1 1 1 1 1]
 [1 1 1 1 1 1 0 1 1 1]
 [1 1 1 1 1 1 0 1 1 1]
 [1 1 1 0 1 1 1 1 1 1]]
Q is not identifiable (three-column submatrix not identifiable).
Q is not identifiable, and Q_bar is [[1 1 0 1 0 1 1 1 1 1]
 [1 1 1 1 1 1 1 1 1 1]
 [1 0 1 1 0 1 1 1 1 1]
 [1 1 1 1 1 1 1 1 1 1]
 [1 0 1 1 1 1 0 1 1 1]
 [1 1 1 1 1 1 1 1 1 1]
 [1 1 1 1 1 1 1 1 1 1]
 [1 1 1 1 1 1 1 1 1 1]
 [1 1 1 1 1 1 1 1 1 1]
 [1 1 1 1 1 1 1 1 1 1]
 [1 1 1 1 1 1 1 1 1 1]
 [1 0 1 0 0 1 0 0 1 1]
 [1 1 0 1 1 1 1 1 1 1]
 [1 1 1 1 1 1 1 1 1 1]
 [1 1 1 1 1 1 0 1 1 1]
 [1 1 1 1 1 0 1 1 0 1]
 [1 1 1 1 1 1 1 0 1 1]
 [0 1 1 1 1 0 1 1 1 1]
 [0 1 1 1 1 1 0 1 1 1]
 [0 1 1 1 1 0 1 1 1 1]
 [1 1 0 1 1 1 1 1 1 1]
 [1 1 1 0 1 1 1 1 1 1]
 [1 1 1 1 1 1 1 1 1 1]
 [1 1 1 0 1 0 0 1 0 1]
 [1 1 1 1 1 1 1 1 1 1]
 [0 1 0 1 1 1 1 1 1 1]
 [1 1 1 1 1 1 1 1 1 0]
 [1 1 1 1 1 0 1 1 1 1]
 [1 1 1 1 1 1 1 1 1 1]
 [1 1 1 1 0 1 1 1 1 1]
 [1 0 1 1 1 1 0 1 1 1]
 [1 1 1 1 1 1 1 1 1 1]
 [1 1 0 1 1 1 1 1 1 1]
 [1 1 1 1 1 1 1 1 1 0]
 [0 1 1 0 1 1 0 1 1 1]
 [1 1 1 1 1 1 0 1 1 1]
 [1 1 0 1 1 1 1 1 0 1]
 [1 1 1 1 1 1 1 1 1 1]
 [1 0 1 0 0 1 1 0 0 1]
 [1 1 1 1 1 1 1 0 1 1]
 [1 1 1 1 1 1 1 1 1 1]
 [1 1 1 1 1 1 1 1 1 1]
 [1 1 1 1 1 0 1 1 1 1]
 [1 1 1 1 1 1 1 1 1 0]
 [1 1 1 1 1 0 1 1 1 1]
 [1 0 1 1 0 1 1 1 1 1]
 [1 1 1 1 1 1 1 1 1 1]
 [1 1 1 1 1 1 0 1 1 1]
 [1 1 1 1 1 1 0 1 1 1]
 [1 1 1 0 1 1 1 1 1 1]]
branch at 3
runtime for solving id of Q is 0.002263878006488085
Simulation results:
{'J': 50, 'K': 10, 'N': 10, 'p': 0.9, 'seed': 15, 'sim': 7, 'runtime': 0.002263878006488085, 'identifiable': 0, 'branch': 3}
8
Q: [[1 1 1 1 1 1 0 1 1 0]
 [0 1 1 1 1 0 1 1 0 1]
 [1 1 0 1 1 1 1 1 1 1]
 [1 1 1 1 1 1 1 1 1 0]
 [0 1 1 1 1 1 1 1 1 1]
 [1 1 1 1 1 0 1 1 0 1]
 [1 1 0 1 1 1 1 1 1 1]
 [0 1 1 1 0 1 1 1 1 1]
 [1 0 1 1 1 0 0 1 1 1]
 [1 1 1 1 1 1 1 1 1 1]
 [1 0 1 1 1 1 1 0 1 0]
 [1 1 1 0 1 1 1 1 1 1]
 [1 0 1 1 1 0 1 1 1 1]
 [1 1 1 0 0 1 1 1 1 1]
 [1 1 1 1 1 1 1 1 1 1]
 [1 1 1 1 1 1 1 1 1 1]
 [1 1 1 1 1 1 1 1 1 1]
 [1 0 0 1 1 0 1 1 1 1]
 [0 1 1 1 1 1 1 1 1 1]
 [1 1 1 1 1 1 0 1 1 1]
 [1 1 1 1 1 0 1 1 1 1]
 [1 1 1 1 1 1 1 1 1 1]
 [1 1 1 1 1 1 1 1 1 0]
 [1 1 1 1 1 1 1 1 1 1]
 [1 0 1 1 1 1 1 1 1 1]
 [1 1 1 1 1 1 1 1 1 0]
 [1 0 1 1 1 1 0 1 1 1]
 [1 1 0 1 1 1 1 1 1 1]
 [1 1 1 1 1 1 1 1 1 1]
 [1 0 0 1 1 0 1 1 1 1]
 [1 1 0 0 1 1 1 1 1 1]
 [1 1 1 1 1 1 1 1 1 1]
 [1 0 1 1 1 0 1 1 1 1]
 [1 1 1 0 1 1 1 1 0 1]
 [0 1 1 1 1 1 1 1 1 1]
 [1 1 0 1 1 1 1 1 1 1]
 [1 1 0 0 1 1 1 1 1 1]
 [1 1 1 1 1 0 1 1 1 1]
 [1 1 1 1 1 1 0 1 1 1]
 [1 1 1 1 1 1 1 1 1 1]
 [1 1 1 1 1 1 1 1 1 1]
 [1 1 1 1 1 1 1 1 1 1]
 [1 1 1 1 0 1 1 1 1 1]
 [1 1 1 1 1 0 1 1 1 1]
 [1 0 1 0 1 1 1 1 1 1]
 [1 1 1 0 1 1 1 1 1 1]
 [1 1 1 1 1 0 1 1 1 1]
 [1 0 1 1 0 1 1 1 1 1]
 [1 1 1 1 1 1 0 1 1 1]
 [1 1 1 1 1 1 1 0 1 1]]
Q is not identifiable (three-column submatrix not identifiable).
Q is not identifiable, and Q_bar is [[1 1 1 1 1 1 0 1 1 0]
 [0 1 1 1 1 0 1 1 0 1]
 [1 1 0 1 1 1 1 1 1 1]
 [1 1 1 1 1 1 1 1 1 0]
 [1 1 1 1 1 1 1 1 1 1]
 [1 1 1 1 1 0 1 1 0 1]
 [1 1 0 1 1 1 1 1 1 1]
 [1 1 0 1 0 1 0 1 1 1]
 [1 0 1 1 1 0 0 1 1 1]
 [1 1 0 1 1 1 1 1 1 1]
 [1 0 1 1 1 1 1 0 1 0]
 [1 1 1 0 1 1 1 1 1 1]
 [1 0 1 1 1 0 1 1 1 1]
 [1 1 1 0 0 1 1 1 1 1]
 [1 1 0 1 1 1 1 1 1 1]
 [1 1 0 1 1 1 1 1 1 1]
 [1 1 0 1 1 1 1 1 1 1]
 [1 0 0 1 1 0 1 1 1 1]
 [1 1 1 1 1 1 1 1 1 1]
 [1 1 1 1 1 1 0 1 1 1]
 [1 1 1 1 1 0 1 1 1 1]
 [1 1 0 1 1 1 1 1 1 1]
 [1 1 1 1 1 1 1 1 1 0]
 [1 1 0 1 1 1 1 1 1 1]
 [1 0 1 1 1 1 1 1 1 1]
 [1 1 1 1 1 1 1 1 1 0]
 [1 0 1 1 1 1 0 1 1 1]
 [1 1 0 1 1 1 1 1 1 1]
 [1 1 0 1 1 1 1 1 1 1]
 [1 0 0 1 1 0 1 1 1 1]
 [1 1 0 0 1 1 1 1 1 1]
 [1 1 0 1 1 1 1 1 1 1]
 [1 0 1 1 1 0 1 1 1 1]
 [1 1 1 0 1 1 1 1 0 1]
 [1 1 1 1 1 1 1 1 1 1]
 [1 1 0 1 1 1 1 1 1 1]
 [1 1 0 0 1 1 1 1 1 1]
 [1 1 1 1 1 0 1 1 1 1]
 [1 1 1 1 1 1 0 1 1 1]
 [1 1 0 1 1 1 1 1 1 1]
 [1 1 0 1 1 1 1 1 1 1]
 [1 1 0 1 1 1 1 1 1 1]
 [1 1 1 1 0 1 1 1 1 1]
 [1 1 1 1 1 0 1 1 1 1]
 [1 0 1 0 1 1 1 1 1 1]
 [1 1 1 0 1 1 1 1 1 1]
 [1 1 1 1 1 0 1 1 1 1]
 [1 0 1 1 0 1 1 1 1 1]
 [1 1 1 1 1 1 0 1 1 1]
 [1 1 1 1 1 1 1 0 1 1]]
branch at 3
runtime for solving id of Q is 0.0019717830000445247
Simulation results:
{'J': 50, 'K': 10, 'N': 10, 'p': 0.9, 'seed': 15, 'sim': 8, 'runtime': 0.0019717830000445247, 'identifiable': 0, 'branch': 3}
9
Q: [[1 1 1 1 1 1 1 1 1 1]
 [1 1 1 1 1 1 1 1 1 1]
 [1 1 1 1 1 1 1 1 0 1]
 [1 1 1 1 1 1 1 0 1 0]
 [1 1 1 1 1 1 1 1 1 0]
 [1 1 0 1 1 1 1 1 1 1]
 [1 1 1 1 1 1 1 1 1 1]
 [1 0 1 1 0 1 1 1 1 1]
 [1 1 1 1 1 0 1 1 1 1]
 [1 1 1 1 1 1 1 1 1 1]
 [1 1 1 1 1 1 0 1 1 1]
 [1 1 1 1 1 1 0 1 1 1]
 [1 1 1 0 0 1 1 1 1 1]
 [1 1 1 1 1 1 1 1 0 1]
 [1 1 1 1 1 1 0 1 1 1]
 [1 1 1 1 1 1 1 1 1 1]
 [1 0 1 1 1 1 1 1 0 1]
 [1 1 1 1 1 1 1 1 1 1]
 [1 1 1 1 1 1 0 1 1 1]
 [1 1 1 0 1 1 1 1 1 1]
 [1 1 1 1 1 1 1 1 1 1]
 [1 1 1 1 1 1 1 1 1 1]
 [1 1 1 1 1 1 1 1 1 1]
 [1 1 1 1 1 1 0 1 0 1]
 [1 1 1 0 1 0 1 1 1 1]
 [1 1 0 1 1 1 1 0 1 1]
 [1 1 1 1 1 1 0 1 1 1]
 [1 1 1 1 1 1 1 1 1 1]
 [1 1 1 0 1 1 0 1 1 1]
 [1 1 1 1 1 1 1 1 1 1]
 [1 1 0 1 1 1 1 1 1 1]
 [1 1 1 1 0 1 1 1 1 1]
 [1 1 1 1 1 1 1 1 1 1]
 [1 1 1 1 1 1 1 1 1 1]
 [1 1 1 1 1 1 1 1 1 1]
 [1 1 1 1 1 1 1 1 1 1]
 [1 1 0 1 0 1 1 1 1 1]
 [1 1 1 1 1 1 1 1 1 1]
 [1 1 1 1 1 1 1 1 1 1]
 [1 0 1 1 1 0 1 1 1 1]
 [0 1 1 1 1 1 1 1 1 0]
 [1 1 1 1 1 1 0 1 1 0]
 [1 1 1 1 1 1 1 1 0 1]
 [1 1 1 1 1 0 1 1 1 1]
 [1 1 1 1 1 0 1 1 0 1]
 [1 1 1 1 1 1 1 1 1 1]
 [1 1 1 1 1 1 1 1 1 1]
 [1 1 1 1 0 1 1 1 1 1]
 [1 1 1 1 1 1 1 1 1 1]
 [1 1 1 1 1 1 1 1 1 1]]
Q is not identifiable (two-column submatrix not identifiable).
Q is not identifiable, and Q_bar is [[0 1 1 1 1 1 1 1 1 1]
 [0 1 1 1 1 1 1 1 1 1]
 [0 1 1 1 1 1 1 1 0 1]
 [1 1 1 1 1 1 1 0 1 0]
 [1 1 1 1 1 1 1 1 1 0]
 [0 1 0 1 1 1 1 1 1 1]
 [0 1 1 1 1 1 1 1 1 1]
 [0 0 1 1 0 1 1 1 1 1]
 [0 1 1 1 1 0 1 1 1 1]
 [0 1 1 1 1 1 1 1 1 1]
 [0 1 1 1 1 1 0 1 1 1]
 [0 1 1 1 1 1 0 1 1 1]
 [0 1 1 0 0 1 1 1 1 1]
 [0 1 1 1 1 1 1 1 0 1]
 [0 1 1 1 1 1 0 1 1 1]
 [0 1 1 1 1 1 1 1 1 1]
 [0 0 1 1 1 1 1 1 0 1]
 [0 1 1 1 1 1 1 1 1 1]
 [0 1 1 1 1 1 0 1 1 1]
 [0 1 1 0 1 1 1 1 1 1]
 [0 1 1 1 1 1 1 1 1 1]
 [0 1 1 1 1 1 1 1 1 1]
 [0 1 1 1 1 1 1 1 1 1]
 [0 1 1 1 1 1 0 1 0 1]
 [0 1 1 0 1 0 1 1 1 1]
 [0 1 0 1 1 1 1 0 1 1]
 [0 1 1 1 1 1 0 1 1 1]
 [0 1 1 1 1 1 1 1 1 1]
 [0 1 1 0 1 1 0 1 1 1]
 [0 1 1 1 1 1 1 1 1 1]
 [0 1 0 1 1 1 1 1 1 1]
 [0 1 1 1 0 1 1 1 1 1]
 [0 1 1 1 1 1 1 1 1 1]
 [0 1 1 1 1 1 1 1 1 1]
 [0 1 1 1 1 1 1 1 1 1]
 [0 1 1 1 1 1 1 1 1 1]
 [0 1 0 1 0 1 1 1 1 1]
 [0 1 1 1 1 1 1 1 1 1]
 [0 1 1 1 1 1 1 1 1 1]
 [0 0 1 1 1 0 1 1 1 1]
 [0 1 1 1 1 1 1 1 1 0]
 [1 1 1 1 1 1 0 1 1 0]
 [0 1 1 1 1 1 1 1 0 1]
 [0 1 1 1 1 0 1 1 1 1]
 [0 1 1 1 1 0 1 1 0 1]
 [0 1 1 1 1 1 1 1 1 1]
 [0 1 1 1 1 1 1 1 1 1]
 [0 1 1 1 0 1 1 1 1 1]
 [0 1 1 1 1 1 1 1 1 1]
 [0 1 1 1 1 1 1 1 1 1]]
branch at 2
runtime for solving id of Q is 0.0014387760311365128
Simulation results:
{'J': 50, 'K': 10, 'N': 10, 'p': 0.9, 'seed': 15, 'sim': 9, 'runtime': 0.0014387760311365128, 'identifiable': 0, 'branch': 2}
Simulation results:
[{'J': 50, 'K': 10, 'N': 10, 'p': 0.9, 'seed': 15, 'sim': 0, 'runtime': 0.002276661922223866, 'identifiable': 0, 'branch': 3}, {'J': 50, 'K': 10, 'N': 10, 'p': 0.9, 'seed': 15, 'sim': 1, 'runtime': 0.0020528020104393363, 'identifiable': 0, 'branch': 3}, {'J': 50, 'K': 10, 'N': 10, 'p': 0.9, 'seed': 15, 'sim': 2, 'runtime': 0.002240053960122168, 'identifiable': 0, 'branch': 3}, {'J': 50, 'K': 10, 'N': 10, 'p': 0.9, 'seed': 15, 'sim': 3, 'runtime': 0.0021376130171120167, 'identifiable': 0, 'branch': 3}, {'J': 50, 'K': 10, 'N': 10, 'p': 0.9, 'seed': 15, 'sim': 4, 'runtime': 0.001853207009844482, 'identifiable': 0, 'branch': 3}, {'J': 50, 'K': 10, 'N': 10, 'p': 0.9, 'seed': 15, 'sim': 5, 'runtime': 0.002007136936299503, 'identifiable': 0, 'branch': 3}, {'J': 50, 'K': 10, 'N': 10, 'p': 0.9, 'seed': 15, 'sim': 6, 'runtime': 0.0019617240177467465, 'identifiable': 0, 'branch': 3}, {'J': 50, 'K': 10, 'N': 10, 'p': 0.9, 'seed': 15, 'sim': 7, 'runtime': 0.002263878006488085, 'identifiable': 0, 'branch': 3}, {'J': 50, 'K': 10, 'N': 10, 'p': 0.9, 'seed': 15, 'sim': 8, 'runtime': 0.0019717830000445247, 'identifiable': 0, 'branch': 3}, {'J': 50, 'K': 10, 'N': 10, 'p': 0.9, 'seed': 15, 'sim': 9, 'runtime': 0.0014387760311365128, 'identifiable': 0, 'branch': 2}]
