
The Gurobi software has a limited number of licenses. To request a license or
licenses, add this line

    #SBATCH --licenses=gurobi@slurmdb:1

to your SBATCH script, replacing N with the number of licenses you need. Gurobi
will need one license per process.


0
Q: [[1 1 0 1 1 1 1 1 0 1]
 [1 1 1 1 0 1 1 0 1 1]
 [0 0 1 1 1 1 1 1 0 0]
 [1 1 0 1 0 0 1 1 1 1]
 [1 1 0 0 1 0 1 1 0 1]
 [1 1 1 1 1 1 1 1 1 1]
 [1 1 1 1 0 1 1 0 0 1]
 [1 1 0 1 1 0 0 0 1 0]
 [0 1 1 1 1 0 0 1 1 1]
 [1 1 1 1 0 0 0 1 0 1]
 [0 1 1 0 1 0 1 0 0 1]
 [1 1 0 1 1 0 1 1 1 1]
 [1 1 1 1 1 1 1 0 0 0]
 [1 0 1 0 1 0 1 0 1 0]
 [1 1 1 1 1 1 1 1 0 1]
 [0 0 1 0 1 1 1 1 0 1]
 [1 1 0 0 1 1 1 0 1 0]
 [0 0 1 0 1 0 1 1 1 1]
 [1 0 1 0 0 1 0 1 1 1]
 [1 1 1 0 1 1 1 1 1 1]
 [0 1 0 1 0 1 0 1 1 1]
 [1 1 0 0 1 0 0 1 0 1]
 [1 1 1 0 1 1 1 1 0 1]
 [1 1 1 1 1 0 1 0 0 1]
 [1 0 1 0 0 1 1 1 1 1]
 [1 1 1 0 1 0 1 1 1 1]
 [0 1 1 0 1 1 1 1 0 1]
 [1 1 1 0 1 1 1 1 1 0]
 [1 0 1 1 1 0 1 1 0 1]
 [1 1 1 0 1 1 1 1 1 1]
 [1 1 1 1 1 1 0 1 1 0]
 [1 1 1 1 0 0 0 1 1 1]
 [0 1 1 1 0 0 0 1 0 1]
 [1 0 1 0 1 1 0 0 0 1]
 [0 1 1 0 1 1 0 1 1 1]
 [0 1 0 1 0 1 0 1 1 1]
 [1 1 0 0 0 0 1 1 1 0]
 [1 1 1 1 0 0 1 0 1 0]
 [0 1 1 1 1 1 1 1 1 1]
 [1 1 1 1 0 1 1 1 1 1]
 [0 1 0 0 1 0 0 1 1 1]
 [0 1 1 0 1 1 1 0 1 1]
 [1 0 0 1 1 1 1 1 1 1]
 [1 1 0 1 0 1 1 1 1 1]
 [1 1 1 1 1 0 1 1 1 0]
 [1 1 1 1 0 1 1 0 1 0]
 [1 1 1 1 1 1 1 0 1 1]
 [1 0 0 0 1 1 1 1 1 1]
 [0 1 0 0 1 1 0 1 0 1]
 [1 0 1 0 0 1 0 1 1 1]]
{'restarts': 157, 'conflicts': 60183, 'decisions': 87965, 'propagations': 31528877}
Q is identifiable
branch at 6
runtime for solving id of Q is 6.123635447584093
Simulation results:
{'J': 50, 'K': 10, 'N': 10, 'p': 0.7, 'seed': 706, 'sim': 0, 'runtime': 6.123635447584093, 'identifiable': 1, 'branch': 6}
1
Q: [[1 1 1 1 0 0 1 0 1 1]
 [0 1 1 1 1 1 1 1 1 1]
 [1 1 1 0 1 1 0 1 0 1]
 [1 1 1 1 1 1 1 1 1 0]
 [0 0 0 1 0 1 1 1 1 1]
 [1 0 1 1 1 0 1 1 1 1]
 [1 1 1 1 1 0 1 1 0 1]
 [0 1 1 0 1 1 1 1 1 1]
 [0 1 0 0 1 0 0 0 1 1]
 [1 0 1 0 0 1 0 1 1 0]
 [1 0 0 1 0 1 0 1 1 0]
 [1 0 0 0 1 1 1 1 0 1]
 [0 1 0 1 0 1 1 1 1 1]
 [0 1 1 1 0 0 0 0 1 1]
 [1 1 1 1 0 1 1 0 1 1]
 [1 0 1 1 1 1 0 1 0 1]
 [1 0 0 1 1 1 1 1 1 1]
 [1 1 1 1 1 1 1 1 1 1]
 [0 1 1 0 1 1 1 1 1 1]
 [1 1 0 1 1 1 1 0 1 1]
 [1 1 0 0 0 1 1 0 0 1]
 [1 1 1 1 1 1 1 1 1 1]
 [1 1 0 1 1 1 0 0 1 1]
 [0 0 1 1 1 1 1 1 1 1]
 [1 1 0 1 1 1 1 1 1 0]
 [1 1 1 0 1 1 1 1 0 1]
 [1 0 1 0 1 0 1 0 1 0]
 [0 1 0 1 1 1 1 1 0 1]
 [1 1 1 1 0 0 1 0 1 1]
 [0 1 1 1 1 1 0 1 1 1]
 [1 1 0 0 1 1 0 1 1 0]
 [1 1 1 1 1 1 1 1 1 0]
 [0 0 0 1 1 1 0 1 0 0]
 [0 0 1 1 1 1 0 0 1 1]
 [0 0 1 1 1 1 1 1 1 1]
 [1 1 1 1 1 1 0 1 1 0]
 [1 1 1 0 1 1 1 0 1 1]
 [0 1 1 1 0 0 1 1 0 1]
 [0 1 1 1 1 0 1 1 1 1]
 [1 0 0 0 0 1 1 0 0 1]
 [1 1 0 1 1 1 0 1 1 1]
 [1 0 1 0 1 1 1 1 1 1]
 [1 0 1 1 1 1 1 1 1 0]
 [0 1 1 0 1 0 1 1 1 1]
 [1 1 0 0 1 1 0 1 1 0]
 [0 1 1 0 1 1 0 1 0 1]
 [1 1 1 1 1 1 0 1 1 1]
 [1 1 0 1 1 1 1 1 0 0]
 [0 1 1 0 1 1 1 1 1 1]
 [1 0 1 0 0 1 0 1 1 1]]
{'restarts': 45, 'conflicts': 17469, 'decisions': 29276, 'propagations': 6735500}
Q is identifiable
branch at 6
runtime for solving id of Q is 1.3286454612389207
Simulation results:
{'J': 50, 'K': 10, 'N': 10, 'p': 0.7, 'seed': 706, 'sim': 1, 'runtime': 1.3286454612389207, 'identifiable': 1, 'branch': 6}
2
Q: [[1 1 1 1 1 0 1 1 1 1]
 [1 1 1 1 1 1 1 0 0 0]
 [0 1 1 1 0 1 1 1 1 0]
 [1 1 1 1 1 1 1 0 0 1]
 [0 1 0 1 0 1 1 1 1 0]
 [0 1 1 0 0 1 1 1 0 1]
 [1 1 1 1 1 0 1 1 1 1]
 [1 1 0 1 1 1 1 1 1 1]
 [0 1 1 1 0 1 1 1 0 1]
 [0 1 0 1 1 1 1 1 1 0]
 [1 1 0 0 1 1 1 0 0 1]
 [1 0 1 0 1 1 1 0 1 1]
 [1 0 1 1 0 1 0 1 0 1]
 [0 1 0 1 1 1 1 1 1 0]
 [1 0 1 1 1 1 1 0 1 1]
 [1 1 0 0 1 0 1 0 1 1]
 [1 1 1 1 0 1 1 0 0 0]
 [1 0 1 1 1 0 1 0 1 1]
 [1 0 0 1 1 0 1 1 1 1]
 [0 1 0 0 1 1 0 0 1 1]
 [1 1 1 1 1 1 1 1 1 0]
 [1 1 0 1 0 1 1 1 1 1]
 [1 1 1 1 1 0 0 1 0 1]
 [1 1 0 1 1 1 1 1 0 1]
 [1 1 1 0 1 1 1 0 1 0]
 [1 0 0 1 1 0 1 1 1 0]
 [1 1 0 1 1 1 1 1 0 0]
 [0 0 1 1 1 0 0 1 0 1]
 [0 1 1 0 1 1 0 0 1 0]
 [1 1 1 1 1 0 0 0 0 0]
 [1 1 1 1 1 1 0 1 1 1]
 [1 0 1 0 1 1 0 1 0 1]
 [0 0 1 1 1 1 1 1 1 1]
 [1 1 0 0 1 0 0 1 0 1]
 [1 1 1 1 1 1 1 1 1 0]
 [1 1 1 1 1 1 0 1 1 1]
 [1 1 1 0 1 1 1 1 1 1]
 [1 0 1 0 0 0 0 1 1 1]
 [1 1 1 0 0 1 1 1 1 1]
 [1 1 1 0 1 0 1 1 1 1]
 [1 1 1 1 1 1 1 1 1 0]
 [1 1 0 0 0 1 1 0 1 1]
 [0 0 0 1 1 1 1 0 1 1]
 [1 1 1 1 0 1 1 1 1 1]
 [0 1 1 1 1 1 0 0 1 0]
 [1 0 1 1 1 1 1 1 0 0]
 [1 0 1 0 1 1 0 0 0 0]
 [0 1 0 1 1 1 0 0 1 1]
 [1 1 1 1 1 1 0 0 0 1]
 [1 1 1 0 1 1 1 0 0 1]]
{'restarts': 53, 'conflicts': 27693, 'decisions': 43907, 'propagations': 12859271}
Q is identifiable
branch at 6
runtime for solving id of Q is 2.143871300853789
Simulation results:
{'J': 50, 'K': 10, 'N': 10, 'p': 0.7, 'seed': 706, 'sim': 2, 'runtime': 2.143871300853789, 'identifiable': 1, 'branch': 6}
3
Q: [[1 0 0 1 0 1 1 0 1 1]
 [0 1 1 0 1 0 1 1 1 1]
 [1 1 1 1 1 0 1 1 0 1]
 [1 1 1 0 0 1 0 1 1 0]
 [1 0 0 0 0 1 0 0 0 1]
 [1 0 0 1 1 1 1 1 1 0]
 [1 0 1 1 0 1 0 1 1 1]
 [1 0 0 1 1 1 0 1 0 1]
 [1 1 0 1 0 0 1 1 0 0]
 [0 0 1 1 1 0 1 1 1 1]
 [1 0 1 1 1 1 1 1 1 0]
 [1 1 1 1 1 1 1 0 1 0]
 [1 1 1 1 1 1 1 1 1 1]
 [1 1 0 1 1 1 0 1 1 0]
 [1 1 0 0 1 1 0 1 0 1]
 [1 1 0 1 1 1 1 0 0 1]
 [1 1 1 1 1 1 1 1 1 0]
 [1 1 0 1 1 1 1 0 1 1]
 [1 1 0 1 1 1 0 1 1 1]
 [0 0 1 0 1 1 1 1 0 0]
 [0 1 0 1 0 1 1 1 1 1]
 [1 1 1 1 1 1 1 1 1 0]
 [1 1 1 0 1 1 1 1 1 1]
 [0 1 1 1 1 1 1 1 0 1]
 [1 0 1 1 1 1 1 1 0 1]
 [1 1 1 0 1 0 1 1 0 1]
 [0 1 1 0 1 1 0 1 1 0]
 [1 1 1 1 1 0 1 1 1 1]
 [1 1 1 1 1 1 0 1 0 0]
 [0 0 1 0 0 1 1 1 0 0]
 [1 0 1 1 1 0 0 0 0 1]
 [0 1 0 1 1 1 0 1 1 0]
 [0 1 1 1 1 1 0 1 1 0]
 [1 1 1 1 0 0 1 1 1 1]
 [1 0 0 1 1 0 1 1 1 1]
 [0 1 0 1 0 1 0 1 0 1]
 [0 1 1 1 0 1 1 1 0 0]
 [1 0 1 1 0 0 1 1 1 1]
 [0 1 0 1 1 1 1 1 1 1]
 [1 1 1 1 1 0 1 1 0 0]
 [1 1 1 0 0 1 1 1 1 1]
 [1 0 0 1 1 1 1 0 1 0]
 [1 1 1 1 1 0 1 1 1 1]
 [1 1 1 0 1 1 1 1 0 0]
 [1 1 1 1 1 1 0 1 1 1]
 [1 0 1 1 1 0 1 0 1 0]
 [0 1 1 1 1 1 1 1 0 1]
 [1 0 1 1 1 1 1 1 1 1]
 [0 0 1 1 0 0 1 1 1 1]
 [0 1 1 0 1 0 1 1 1 1]]
{'restarts': 31, 'conflicts': 19945, 'decisions': 31876, 'propagations': 8680687}
Q is identifiable
branch at 6
runtime for solving id of Q is 1.6425913916900754
Simulation results:
{'J': 50, 'K': 10, 'N': 10, 'p': 0.7, 'seed': 706, 'sim': 3, 'runtime': 1.6425913916900754, 'identifiable': 1, 'branch': 6}
4
Q: [[1 0 0 0 0 1 0 1 0 0]
 [0 0 1 0 1 0 1 1 1 1]
 [1 0 1 1 0 1 1 1 0 0]
 [1 1 1 0 1 1 1 1 1 1]
 [1 1 1 1 0 0 1 0 1 1]
 [1 1 0 0 1 1 1 1 0 1]
 [1 0 0 0 0 1 0 1 0 1]
 [1 1 1 0 1 1 1 1 1 1]
 [1 1 1 1 1 1 1 1 1 1]
 [0 0 1 1 1 1 1 1 1 1]
 [1 0 1 1 1 1 1 0 1 0]
 [1 1 0 1 1 1 0 0 1 1]
 [1 0 1 0 1 1 1 1 1 1]
 [1 0 1 0 1 0 0 0 0 0]
 [1 1 1 1 0 1 1 0 1 0]
 [1 0 0 1 1 0 0 1 0 1]
 [1 0 1 1 0 1 1 1 1 1]
 [0 1 0 1 1 1 0 1 0 1]
 [0 1 1 1 0 1 0 0 1 1]
 [1 1 1 0 1 1 1 1 1 1]
 [0 1 1 1 1 1 1 1 0 0]
 [1 0 1 0 0 1 1 1 1 0]
 [0 1 0 1 1 0 1 0 1 0]
 [0 0 1 1 1 1 1 1 1 1]
 [1 0 1 1 0 1 0 1 0 1]
 [1 1 1 1 1 1 0 0 1 0]
 [1 1 1 1 1 1 1 1 0 0]
 [1 0 0 1 0 0 1 1 0 1]
 [0 1 1 1 0 1 1 1 1 0]
 [1 1 1 1 0 0 0 0 0 0]
 [1 0 0 1 0 1 1 1 1 0]
 [1 1 1 0 1 1 1 1 1 1]
 [1 0 0 1 0 1 1 1 0 1]
 [1 0 0 1 1 0 1 1 0 1]
 [1 1 0 1 0 1 1 0 0 1]
 [1 0 1 0 1 1 1 0 1 1]
 [1 1 1 1 1 0 1 0 0 1]
 [1 1 1 1 0 1 1 1 0 1]
 [1 1 1 1 1 1 1 1 1 1]
 [1 0 1 1 1 1 1 0 0 1]
 [1 1 0 0 1 0 1 0 1 1]
 [1 0 1 1 1 1 0 0 0 1]
 [0 1 1 1 0 1 1 1 1 1]
 [1 1 1 1 1 1 1 0 1 1]
 [1 1 1 1 0 1 1 0 1 1]
 [0 1 1 0 1 1 1 1 1 1]
 [0 0 1 1 1 0 0 1 1 1]
 [1 0 1 0 0 1 1 1 0 1]
 [1 0 1 1 0 1 1 1 1 1]
 [1 0 1 1 0 1 1 1 1 1]]
{'restarts': 223, 'conflicts': 72595, 'decisions': 105429, 'propagations': 36066468}
Q is identifiable
branch at 6
runtime for solving id of Q is 7.601669196970761
Simulation results:
{'J': 50, 'K': 10, 'N': 10, 'p': 0.7, 'seed': 706, 'sim': 4, 'runtime': 7.601669196970761, 'identifiable': 1, 'branch': 6}
5
Q: [[1 0 1 0 1 0 0 1 1 1]
 [1 0 1 1 1 1 1 1 1 0]
 [1 1 0 1 0 1 1 1 1 1]
 [1 1 1 1 1 1 1 1 1 0]
 [1 1 1 1 0 1 1 0 1 0]
 [1 1 1 1 0 1 1 1 1 1]
 [1 1 1 1 0 0 1 1 1 1]
 [0 1 0 0 1 0 1 0 1 0]
 [1 1 0 1 0 0 1 1 1 1]
 [1 1 1 1 1 1 1 1 1 0]
 [1 1 0 1 1 1 1 1 0 1]
 [0 1 0 0 1 1 1 1 1 0]
 [0 1 1 1 1 1 1 0 0 0]
 [0 0 1 1 1 1 1 1 1 1]
 [1 1 0 0 1 1 0 1 1 0]
 [1 0 1 1 1 1 0 1 1 1]
 [1 0 0 1 1 1 0 0 0 1]
 [1 1 0 1 1 0 1 0 1 1]
 [1 1 1 1 1 1 1 0 1 1]
 [1 0 1 1 1 1 0 1 0 1]
 [1 1 1 1 1 1 0 1 1 1]
 [1 1 1 0 1 0 1 0 1 0]
 [1 1 1 1 1 1 0 1 0 1]
 [1 1 1 1 1 1 1 1 1 0]
 [1 1 0 1 1 0 1 0 0 1]
 [1 1 1 1 1 1 0 1 1 0]
 [0 0 0 0 1 1 0 1 1 1]
 [1 0 0 1 1 1 1 1 1 1]
 [1 0 1 1 0 1 1 1 0 1]
 [1 1 1 1 0 0 1 1 1 1]
 [1 1 0 0 1 1 0 1 1 1]
 [0 1 1 0 1 1 1 0 1 1]
 [1 1 0 1 0 0 1 1 1 1]
 [1 0 1 1 1 0 0 0 1 1]
 [1 0 1 0 1 1 0 1 1 1]
 [0 1 0 1 0 1 1 1 1 1]
 [0 1 1 1 0 0 0 1 1 0]
 [1 1 0 1 1 0 1 1 1 1]
 [1 1 1 1 1 0 0 1 0 1]
 [1 1 0 1 1 0 1 1 1 0]
 [1 0 1 1 1 0 1 1 1 1]
 [1 1 1 0 0 0 1 0 0 1]
 [1 1 1 1 1 1 1 1 1 0]
 [1 0 1 1 0 1 0 1 1 1]
 [0 0 1 1 1 1 0 1 1 1]
 [1 0 1 0 1 1 1 0 1 1]
 [1 1 1 1 1 0 1 1 1 1]
 [1 1 1 1 1 0 1 1 1 1]
 [1 1 0 1 1 1 0 1 0 1]
 [1 1 0 1 1 1 1 1 0 0]]
{'restarts': 217, 'conflicts': 75388, 'decisions': 109889, 'propagations': 32017098}
Q is identifiable
branch at 6
runtime for solving id of Q is 6.6779781728982925
Simulation results:
{'J': 50, 'K': 10, 'N': 10, 'p': 0.7, 'seed': 706, 'sim': 5, 'runtime': 6.6779781728982925, 'identifiable': 1, 'branch': 6}
6
Q: [[0 1 1 1 0 1 1 0 1 1]
 [1 1 1 1 1 1 0 1 1 1]
 [0 1 1 1 0 0 0 1 0 1]
 [1 1 0 0 1 0 1 0 1 1]
 [0 1 1 0 1 0 1 1 1 1]
 [1 1 0 1 0 1 0 0 1 1]
 [1 1 1 0 1 1 1 1 0 0]
 [1 1 1 1 1 1 1 1 1 0]
 [1 1 1 0 1 1 1 0 1 1]
 [1 1 1 0 1 0 0 1 0 1]
 [0 0 0 1 0 0 1 1 0 1]
 [1 1 1 1 0 1 1 1 1 1]
 [0 0 0 1 0 0 1 0 0 0]
 [1 1 0 1 0 1 1 1 0 1]
 [0 1 0 0 0 0 1 1 0 1]
 [1 1 1 1 1 1 1 1 1 1]
 [1 1 1 1 0 1 0 1 0 1]
 [1 1 1 1 0 1 1 0 1 1]
 [1 0 1 0 1 0 1 0 1 1]
 [1 0 1 1 1 1 1 0 1 0]
 [1 1 0 1 1 1 1 0 1 1]
 [1 0 1 1 0 0 1 1 1 1]
 [0 1 1 0 1 1 0 1 0 0]
 [1 0 1 1 1 1 1 1 1 1]
 [1 1 1 0 0 1 0 1 1 1]
 [1 1 1 1 1 1 1 0 0 1]
 [1 1 1 0 1 0 0 1 1 1]
 [0 0 1 1 1 1 1 0 1 1]
 [0 1 1 1 1 1 1 1 0 1]
 [1 0 1 1 1 1 0 1 0 1]
 [0 1 1 0 1 0 1 1 1 1]
 [1 0 0 1 1 1 1 0 1 0]
 [0 1 1 1 0 0 1 1 1 0]
 [0 1 0 1 1 1 0 1 0 0]
 [0 0 1 1 0 1 0 1 1 0]
 [1 1 1 1 1 0 1 0 1 1]
 [1 1 1 1 0 1 1 0 0 1]
 [1 1 1 1 0 1 0 1 1 1]
 [1 0 1 0 1 1 1 1 1 0]
 [1 1 1 0 0 1 0 1 1 1]
 [1 0 0 1 1 0 1 1 1 1]
 [1 1 0 0 1 1 1 1 1 1]
 [1 1 0 1 1 1 1 1 1 1]
 [1 0 1 1 1 1 1 1 1 1]
 [1 0 1 1 0 1 1 0 0 1]
 [1 1 1 1 1 1 1 0 0 1]
 [1 1 1 0 1 1 1 1 1 1]
 [1 0 1 0 0 1 1 1 1 0]
 [1 1 1 1 0 1 1 1 1 1]
 [1 1 0 1 1 0 1 1 1 1]]
{'restarts': 6, 'conflicts': 3334, 'decisions': 6607, 'propagations': 1578699}
Q is identifiable
branch at 6
runtime for solving id of Q is 0.2712144497781992
Simulation results:
{'J': 50, 'K': 10, 'N': 10, 'p': 0.7, 'seed': 706, 'sim': 6, 'runtime': 0.2712144497781992, 'identifiable': 1, 'branch': 6}
7
Q: [[0 1 1 0 1 0 1 0 1 1]
 [0 1 0 1 1 0 1 1 0 1]
 [1 1 1 1 1 1 1 1 1 1]
 [1 0 1 1 1 0 1 1 1 0]
 [1 1 1 1 1 1 0 1 1 1]
 [1 1 1 1 0 0 0 1 1 1]
 [0 1 1 1 1 1 0 0 1 1]
 [0 1 1 0 0 1 0 1 0 1]
 [0 1 0 1 0 1 1 1 1 1]
 [1 0 1 1 0 0 1 1 1 0]
 [0 1 1 1 0 1 1 1 1 1]
 [0 1 1 1 0 1 1 0 0 0]
 [1 1 1 1 1 1 0 1 1 0]
 [0 1 1 1 1 1 1 1 1 1]
 [1 1 1 1 1 1 1 1 1 1]
 [0 1 1 1 1 1 1 1 1 1]
 [1 1 1 1 1 0 1 1 1 0]
 [0 1 1 1 1 0 1 0 1 1]
 [1 1 1 1 1 0 0 0 1 1]
 [1 1 1 0 1 1 1 1 1 0]
 [0 1 1 1 1 0 1 1 0 1]
 [1 1 1 1 0 1 0 0 1 0]
 [1 1 1 0 1 0 1 1 1 1]
 [0 1 1 1 1 1 1 1 0 1]
 [1 0 1 1 1 0 1 1 0 1]
 [0 1 1 0 0 1 0 1 0 0]
 [1 0 0 0 0 0 0 1 0 0]
 [1 1 1 1 0 0 1 1 1 1]
 [1 1 1 0 1 1 1 0 1 0]
 [1 1 1 1 1 1 1 1 1 1]
 [1 0 1 0 0 1 0 0 1 1]
 [1 1 0 0 1 1 1 1 1 1]
 [1 1 1 0 1 1 1 1 1 1]
 [1 1 1 1 0 1 0 0 1 0]
 [0 1 1 1 0 1 1 0 0 1]
 [1 0 1 1 1 0 0 1 0 1]
 [1 1 1 1 1 1 0 0 1 1]
 [1 1 0 0 1 0 1 1 1 1]
 [0 1 1 0 1 0 0 1 0 1]
 [1 0 1 1 1 1 0 1 0 1]
 [1 0 1 1 1 0 1 1 0 1]
 [0 1 1 1 1 1 0 1 1 1]
 [0 1 1 1 0 1 0 1 1 1]
 [1 0 0 0 1 1 1 1 1 0]
 [1 1 0 0 1 1 1 0 1 0]
 [1 1 1 0 0 1 1 1 1 0]
 [0 0 0 1 0 1 0 1 1 1]
 [1 1 1 1 1 1 0 1 1 1]
 [1 0 1 0 0 1 1 1 1 1]
 [0 1 1 1 0 1 1 0 1 1]]
{'restarts': 39, 'conflicts': 24659, 'decisions': 36665, 'propagations': 10616741}
Q is identifiable
branch at 6
runtime for solving id of Q is 1.7875001654028893
Simulation results:
{'J': 50, 'K': 10, 'N': 10, 'p': 0.7, 'seed': 706, 'sim': 7, 'runtime': 1.7875001654028893, 'identifiable': 1, 'branch': 6}
8
Q: [[1 1 1 1 0 0 0 1 1 0]
 [1 1 0 1 1 1 0 1 0 0]
 [0 1 0 1 1 1 1 1 1 1]
 [1 1 0 0 1 0 0 1 1 0]
 [1 1 1 0 1 1 1 1 1 1]
 [1 1 1 1 0 0 1 1 1 1]
 [1 1 1 1 1 0 1 1 0 0]
 [0 0 0 1 1 0 0 0 0 1]
 [1 0 0 1 1 1 1 1 1 0]
 [1 0 1 1 1 1 1 1 1 1]
 [0 1 0 1 1 1 1 1 0 1]
 [0 1 0 1 1 1 0 1 1 1]
 [1 1 1 0 0 1 1 0 0 0]
 [1 1 1 1 1 0 1 1 1 1]
 [1 0 1 1 1 1 1 1 1 1]
 [1 1 1 0 0 1 1 1 1 1]
 [1 1 0 1 0 1 1 1 1 1]
 [1 1 0 1 1 1 1 1 0 1]
 [0 0 1 1 1 0 0 1 1 0]
 [1 1 1 1 1 0 1 0 1 1]
 [1 1 1 0 1 0 0 1 1 0]
 [0 1 1 1 1 1 1 1 1 1]
 [1 1 0 0 1 1 1 1 1 0]
 [1 1 1 0 1 1 1 1 1 1]
 [0 1 1 1 1 1 0 1 1 0]
 [0 1 1 1 1 0 1 1 1 0]
 [1 1 1 1 1 1 1 1 1 0]
 [1 0 0 0 1 1 0 0 1 1]
 [1 0 1 1 1 0 1 1 1 1]
 [1 1 1 1 1 0 0 1 1 1]
 [0 1 1 1 1 0 0 1 0 1]
 [1 0 1 1 1 1 1 0 1 1]
 [0 1 0 1 1 1 1 0 1 1]
 [1 1 1 1 1 1 1 1 1 1]
 [1 0 1 1 1 1 1 1 0 0]
 [0 1 1 0 1 1 1 0 1 1]
 [0 1 1 0 1 1 0 0 1 1]
 [1 1 1 1 1 0 0 0 0 1]
 [0 1 1 0 1 1 1 1 1 1]
 [1 1 1 1 1 0 1 0 1 1]
 [1 1 1 0 0 0 1 1 0 1]
 [1 1 1 1 1 0 1 1 1 0]
 [1 0 1 0 1 1 1 1 1 0]
 [1 0 1 1 0 1 1 1 0 1]
 [1 1 0 0 0 1 0 1 0 0]
 [1 1 1 1 0 1 0 1 1 1]
 [1 1 0 1 1 0 1 0 1 1]
 [1 1 0 1 0 0 0 1 1 1]
 [1 0 0 1 1 0 1 1 1 0]
 [0 1 1 1 0 1 0 1 1 1]]
{'restarts': 46, 'conflicts': 26343, 'decisions': 40683, 'propagations': 11745438}
Q is identifiable
branch at 6
runtime for solving id of Q is 2.1129493871703744
Simulation results:
{'J': 50, 'K': 10, 'N': 10, 'p': 0.7, 'seed': 706, 'sim': 8, 'runtime': 2.1129493871703744, 'identifiable': 1, 'branch': 6}
9
Q: [[1 1 0 1 0 1 1 1 1 1]
 [1 0 1 1 0 1 1 1 1 1]
 [1 1 1 0 1 1 1 1 1 1]
 [0 1 1 1 0 1 1 0 0 0]
 [0 0 1 1 1 1 1 1 1 1]
 [1 0 1 0 1 1 1 1 0 1]
 [1 1 1 1 1 1 1 1 1 1]
 [1 1 1 0 1 1 0 1 1 1]
 [1 1 1 0 1 0 0 0 1 0]
 [1 1 1 1 1 0 1 1 1 1]
 [1 1 1 1 1 1 1 1 0 1]
 [0 1 0 1 1 1 1 0 1 1]
 [1 1 1 0 0 0 1 1 1 0]
 [1 1 1 1 1 0 1 1 0 1]
 [1 1 1 0 0 1 1 1 1 1]
 [1 1 1 0 1 0 0 1 1 1]
 [0 1 1 0 0 0 1 1 1 0]
 [1 1 1 1 1 1 1 1 1 1]
 [1 0 1 1 1 1 1 0 1 0]
 [1 1 1 1 0 1 1 1 1 1]
 [1 0 1 0 0 1 0 1 1 0]
 [1 0 0 0 1 1 0 0 0 1]
 [1 1 1 0 0 0 1 1 1 0]
 [1 0 0 1 1 1 0 1 1 1]
 [0 0 1 0 1 1 1 1 1 0]
 [0 1 1 1 1 1 1 1 1 1]
 [1 1 0 1 1 0 1 1 0 0]
 [1 0 0 0 1 1 1 1 1 0]
 [1 1 0 1 1 1 1 0 1 1]
 [1 1 0 1 1 0 1 0 0 0]
 [1 0 1 1 1 1 1 0 1 0]
 [1 1 1 0 0 0 1 1 1 0]
 [0 1 0 1 1 1 0 1 1 1]
 [0 0 1 1 1 1 0 1 1 1]
 [1 0 0 1 1 1 0 0 1 1]
 [1 0 1 1 0 1 1 1 0 1]
 [1 0 1 0 1 1 0 0 0 1]
 [0 1 0 1 1 0 1 1 1 0]
 [1 1 1 1 1 1 0 1 1 1]
 [1 1 1 1 1 1 0 1 0 1]
 [1 1 1 1 1 1 1 0 0 1]
 [1 0 0 0 1 1 1 1 0 0]
 [1 1 1 1 1 1 1 1 1 0]
 [1 1 0 0 1 1 0 1 0 1]
 [1 0 1 1 1 1 0 1 1 1]
 [1 1 1 1 1 0 1 1 1 1]
 [1 0 1 1 1 1 1 1 0 0]
 [0 1 1 0 0 0 1 1 1 1]
 [1 1 1 1 1 1 1 0 1 0]
 [0 1 1 1 1 1 0 1 1 1]]
{'restarts': 459, 'conflicts': 95284, 'decisions': 146806, 'propagations': 38324499}
Q is not identifiable, and Q_bar is [[1 0 1 1 1 0 1 1 0 1]
 [1 0 1 1 1 1 1 1 0 0]
 [0 1 1 1 1 1 0 1 0 1]
 [0 0 1 0 0 1 1 1 0 1]
 [0 0 1 1 1 1 1 1 1 0]
 [1 1 1 1 0 1 0 1 0 0]
 [0 1 1 1 1 1 1 1 1 1]
 [1 1 0 1 1 1 0 1 0 1]
 [0 1 0 0 0 1 0 0 1 1]
 [0 1 1 1 1 1 1 0 0 1]
 [1 1 1 1 0 1 1 1 0 1]
 [0 0 1 1 0 0 1 1 1 1]
 [1 0 1 0 1 1 0 0 0 1]
 [1 1 1 1 0 1 1 0 0 1]
 [1 0 1 1 1 1 0 1 0 1]
 [1 1 0 1 0 1 0 0 1 1]
 [0 0 1 0 1 1 0 0 0 1]
 [0 1 1 1 1 1 1 1 1 1]
 [0 1 1 0 0 1 1 1 1 0]
 [1 0 1 1 1 1 1 1 0 1]
 [1 0 0 0 1 1 0 1 0 0]
 [0 1 0 1 0 0 0 1 0 0]
 [1 0 1 0 1 1 0 0 0 1]
 [0 1 0 1 1 0 1 1 1 0]
 [0 0 1 0 1 1 0 1 1 0]
 [0 0 1 1 1 1 1 1 1 1]
 [1 1 1 0 0 0 1 0 0 1]
 [1 0 1 0 0 0 0 1 1 0]
 [0 1 1 1 0 0 1 1 1 1]
 [0 1 1 0 0 0 1 0 0 1]
 [0 1 1 0 0 1 1 1 1 0]
 [1 0 1 0 1 1 0 0 0 1]
 [0 0 0 1 1 0 1 1 1 1]
 [0 0 0 1 1 1 1 1 1 0]
 [0 1 0 1 0 0 1 1 1 0]
 [1 0 1 1 0 1 1 1 0 0]
 [0 1 0 1 0 1 0 1 0 0]
 [0 0 1 0 1 0 1 0 1 1]
 [0 1 0 1 1 1 1 1 1 1]
 [1 1 0 1 0 1 1 1 0 1]
 [0 1 1 1 0 1 1 1 0 1]
 [1 1 1 0 0 0 0 1 0 0]
 [1 1 1 0 1 1 1 1 1 1]
 [1 1 0 1 0 0 0 1 0 1]
 [0 1 0 1 1 1 1 1 1 0]
 [0 1 1 1 1 1 1 0 0 1]
 [1 1 1 0 0 1 1 1 0 0]
 [0 0 1 1 1 1 0 0 0 1]
 [0 1 1 0 0 1 1 1 1 1]
 [0 0 0 1 1 1 1 1 1 1]]
branch at 5
runtime for solving id of Q is 8.934248021803796
Simulation results:
{'J': 50, 'K': 10, 'N': 10, 'p': 0.7, 'seed': 706, 'sim': 9, 'runtime': 8.934248021803796, 'identifiable': 0, 'branch': 5}
Simulation results:
[{'J': 50, 'K': 10, 'N': 10, 'p': 0.7, 'seed': 706, 'sim': 0, 'runtime': 6.123635447584093, 'identifiable': 1, 'branch': 6}, {'J': 50, 'K': 10, 'N': 10, 'p': 0.7, 'seed': 706, 'sim': 1, 'runtime': 1.3286454612389207, 'identifiable': 1, 'branch': 6}, {'J': 50, 'K': 10, 'N': 10, 'p': 0.7, 'seed': 706, 'sim': 2, 'runtime': 2.143871300853789, 'identifiable': 1, 'branch': 6}, {'J': 50, 'K': 10, 'N': 10, 'p': 0.7, 'seed': 706, 'sim': 3, 'runtime': 1.6425913916900754, 'identifiable': 1, 'branch': 6}, {'J': 50, 'K': 10, 'N': 10, 'p': 0.7, 'seed': 706, 'sim': 4, 'runtime': 7.601669196970761, 'identifiable': 1, 'branch': 6}, {'J': 50, 'K': 10, 'N': 10, 'p': 0.7, 'seed': 706, 'sim': 5, 'runtime': 6.6779781728982925, 'identifiable': 1, 'branch': 6}, {'J': 50, 'K': 10, 'N': 10, 'p': 0.7, 'seed': 706, 'sim': 6, 'runtime': 0.2712144497781992, 'identifiable': 1, 'branch': 6}, {'J': 50, 'K': 10, 'N': 10, 'p': 0.7, 'seed': 706, 'sim': 7, 'runtime': 1.7875001654028893, 'identifiable': 1, 'branch': 6}, {'J': 50, 'K': 10, 'N': 10, 'p': 0.7, 'seed': 706, 'sim': 8, 'runtime': 2.1129493871703744, 'identifiable': 1, 'branch': 6}, {'J': 50, 'K': 10, 'N': 10, 'p': 0.7, 'seed': 706, 'sim': 9, 'runtime': 8.934248021803796, 'identifiable': 0, 'branch': 5}]
