
The Gurobi software has a limited number of licenses. To request a license or
licenses, add this line

    #SBATCH --licenses=gurobi@slurmdb:1

to your SBATCH script, replacing N with the number of licenses you need. Gurobi
will need one license per process.


0
Q: [[1 1 1 1 1 1 1 1 1 1 1 0 0 1 0]
 [1 0 0 1 0 1 0 0 1 0 0 0 1 1 0]
 [1 0 0 1 1 0 0 0 1 1 1 1 1 1 0]
 [1 0 0 0 1 1 1 1 1 1 1 0 1 1 1]
 [1 0 0 1 0 1 1 1 1 1 1 1 1 1 1]
 [0 1 1 1 1 0 1 1 0 1 1 1 1 1 1]
 [1 1 1 1 1 1 1 1 0 0 1 1 0 1 1]
 [1 0 1 1 1 1 0 1 0 1 0 1 1 1 0]
 [1 0 0 1 1 0 0 0 1 0 1 1 0 0 0]
 [0 0 0 0 1 1 0 1 0 1 1 1 0 1 0]
 [0 1 1 1 0 1 1 1 0 1 0 0 0 1 1]
 [1 0 1 1 1 1 0 1 1 1 0 1 0 1 1]
 [1 1 0 1 0 1 1 1 0 0 0 0 0 0 0]
 [1 1 0 1 1 0 1 1 0 1 0 1 1 1 0]
 [0 1 1 0 1 1 1 1 1 1 1 1 1 1 0]
 [1 1 1 0 0 1 0 0 1 0 0 1 1 1 1]
 [1 1 1 1 0 1 0 1 1 1 0 1 1 1 1]
 [0 0 1 1 0 1 1 1 1 0 1 0 0 1 0]
 [1 1 1 1 1 0 1 0 1 0 1 1 1 1 1]
 [1 1 1 1 1 0 1 1 1 1 1 1 0 0 0]
 [1 0 1 0 1 0 0 1 1 0 1 0 1 1 0]
 [1 0 1 0 0 1 0 0 0 1 0 1 0 1 1]
 [1 1 1 1 0 1 1 1 1 1 1 0 0 1 1]
 [1 1 0 1 0 1 0 0 1 0 1 0 1 1 1]
 [1 0 0 1 1 1 0 1 1 1 0 1 1 1 1]
 [1 0 0 0 0 1 1 1 1 1 0 1 1 0 1]
 [0 1 1 0 0 1 1 1 0 1 1 0 1 0 0]
 [1 1 1 1 0 0 1 0 1 1 1 1 1 0 1]
 [1 1 1 1 1 0 1 1 0 0 1 0 1 0 1]
 [1 1 1 1 1 1 0 1 0 1 1 1 1 1 1]]
{'restarts': 3889, 'conflicts': 976417, 'decisions': 1874454, 'propagations': 3976837040}
Q is not identifiable, and Q_bar is [[1 0 0 0 1 1 1 1 0 0 0 1 0 1 0]
 [0 0 0 0 0 0 0 0 0 0 0 0 1 1 1]
 [0 0 0 0 1 0 0 1 0 0 1 0 1 0 1]
 [0 0 0 1 0 1 0 1 0 1 0 0 0 1 0]
 [0 1 0 1 1 0 1 1 0 1 0 0 0 0 0]
 [0 0 1 0 0 1 1 1 1 0 1 0 0 0 0]
 [1 0 0 0 0 1 1 0 1 1 1 1 0 0 0]
 [0 0 0 0 0 0 1 1 0 0 1 1 0 1 1]
 [0 0 0 0 1 0 0 0 0 0 1 0 1 0 0]
 [0 0 0 0 0 1 0 1 0 0 1 0 0 1 0]
 [0 0 0 0 0 0 1 1 1 1 0 1 0 0 0]
 [0 1 0 0 0 0 1 1 0 0 1 1 1 1 0]
 [1 0 0 0 0 0 0 0 0 1 0 0 0 0 0]
 [1 0 0 0 0 0 1 1 0 0 1 0 0 0 1]
 [0 0 1 0 1 1 0 1 0 0 1 0 0 1 0]
 [0 1 0 1 0 0 0 0 1 0 0 1 0 1 0]
 [0 1 0 1 0 0 1 1 1 0 0 1 0 1 0]
 [0 0 0 0 1 0 1 0 0 1 0 1 0 0 0]
 [0 1 1 0 1 0 0 0 0 0 1 0 1 0 1]
 [1 0 0 0 0 1 0 1 0 0 1 1 1 0 0]
 [0 0 0 0 1 1 0 0 0 0 0 1 0 0 1]
 [0 1 0 0 0 0 0 1 0 0 0 1 0 1 0]
 [1 0 0 0 1 0 1 1 1 1 0 1 0 0 0]
 [0 0 0 0 1 0 0 0 1 0 0 0 1 1 1]
 [0 1 0 0 0 0 1 1 0 0 1 0 1 1 1]
 [0 1 0 1 0 0 0 1 0 1 0 0 0 0 0]
 [0 0 1 0 0 0 0 1 0 1 0 1 0 0 0]
 [1 1 0 1 1 0 0 1 0 0 0 1 0 0 0]
 [1 0 1 0 0 1 0 0 1 0 0 0 0 0 0]
 [0 0 0 0 0 1 1 1 1 0 1 1 0 1 1]]
branch at 5
runtime for solving id of Q is 750.5016878806055
Simulation results:
{'J': 30, 'K': 15, 'N': 10, 'p': 0.6667, 'seed': 9, 'sim': 0, 'runtime': 750.5016878806055, 'identifiable': 0, 'branch': 5}
1
Q: [[1 0 1 1 1 1 1 0 0 1 1 0 1 0 1]
 [1 0 1 0 0 1 1 1 0 1 0 0 1 1 1]
 [0 1 1 0 1 0 1 1 0 0 0 1 1 1 0]
 [1 1 1 1 0 1 1 1 0 0 0 1 0 1 0]
 [1 1 1 1 0 1 1 0 1 0 0 0 0 1 1]
 [1 1 1 1 1 1 0 0 0 1 1 0 1 1 1]
 [1 1 1 1 1 1 1 1 1 1 1 1 0 1 0]
 [1 1 1 1 1 0 0 1 0 0 1 1 1 1 1]
 [0 1 0 0 1 1 1 1 0 1 1 1 1 1 0]
 [0 1 1 1 1 1 0 1 1 1 1 1 1 1 0]
 [0 1 0 1 1 1 1 1 1 1 1 0 0 1 1]
 [0 1 1 1 1 0 1 1 1 1 0 1 1 1 0]
 [1 1 1 0 1 0 1 1 0 0 1 1 1 1 1]
 [1 0 0 1 1 0 0 1 0 1 1 0 1 0 1]
 [1 1 1 1 1 1 1 0 0 0 1 1 0 1 0]
 [1 0 1 0 1 1 1 1 1 1 1 0 1 0 1]
 [1 0 1 1 1 1 1 1 0 1 0 1 0 1 1]
 [1 1 1 0 1 1 1 1 1 1 1 1 1 1 1]
 [1 0 0 1 0 1 1 0 1 1 1 1 1 1 0]
 [0 0 1 1 1 0 1 1 1 1 0 0 0 0 1]
 [1 0 1 1 1 1 0 1 0 1 1 1 1 1 1]
 [0 0 1 1 0 1 1 0 1 0 0 0 1 1 1]
 [0 1 1 1 1 1 1 1 1 1 0 1 1 1 1]
 [1 1 1 1 1 0 1 0 0 0 1 0 1 0 0]
 [1 0 1 1 1 1 1 0 1 1 1 0 1 1 1]
 [1 1 1 0 1 1 1 0 1 1 1 0 1 1 0]
 [1 1 1 1 0 0 0 1 1 1 0 1 0 1 1]
 [1 1 1 0 0 0 0 1 1 1 0 1 1 1 1]
 [1 1 0 1 1 1 0 0 0 0 1 0 1 0 1]
 [0 1 0 1 1 1 0 0 1 1 1 0 1 1 0]]
Q is not identifiable (two-column submatrix not identifiable).
Q is not identifiable, and Q_bar is [[1 0 1 1 1 1 1 0 0 1 1 0 1 0 1]
 [1 0 1 0 0 1 1 1 0 1 0 0 1 1 1]
 [0 1 1 0 1 0 1 1 0 0 0 1 1 0 0]
 [1 1 1 1 0 1 1 1 0 0 0 1 0 0 0]
 [1 1 1 1 0 1 1 0 1 0 0 0 0 1 1]
 [1 1 1 1 1 1 0 0 0 1 1 0 1 1 1]
 [1 1 1 1 1 1 1 1 1 1 1 1 0 0 0]
 [1 1 1 1 1 0 0 1 0 0 1 1 1 0 1]
 [0 1 0 0 1 1 1 1 0 1 1 1 1 0 0]
 [0 1 1 1 1 1 0 1 1 1 1 1 1 0 0]
 [0 1 0 1 1 1 1 1 1 1 1 0 0 1 1]
 [0 1 1 1 1 0 1 1 1 1 0 1 1 0 0]
 [1 1 1 0 1 0 1 1 0 0 1 1 1 0 1]
 [1 0 0 1 1 0 0 1 0 1 1 0 1 0 1]
 [1 1 1 1 1 1 1 0 0 0 1 1 0 0 0]
 [1 0 1 0 1 1 1 1 1 1 1 0 1 0 1]
 [1 0 1 1 1 1 1 1 0 1 0 1 0 0 1]
 [1 1 1 0 1 1 1 1 1 1 1 1 1 0 1]
 [1 0 0 1 0 1 1 0 1 1 1 1 1 0 0]
 [0 0 1 1 1 0 1 1 1 1 0 0 0 0 1]
 [1 0 1 1 1 1 0 1 0 1 1 1 1 0 1]
 [0 0 1 1 0 1 1 0 1 0 0 0 1 1 1]
 [0 1 1 1 1 1 1 1 1 1 0 1 1 1 1]
 [1 1 1 1 1 0 1 0 0 0 1 0 1 0 0]
 [1 0 1 1 1 1 1 0 1 1 1 0 1 1 1]
 [1 1 1 0 1 1 1 0 1 1 1 0 1 1 0]
 [1 1 1 1 0 0 0 1 1 1 0 1 0 0 1]
 [1 1 1 0 0 0 0 1 1 1 0 1 1 0 1]
 [1 1 0 1 1 1 0 0 0 0 1 0 1 0 1]
 [0 1 0 1 1 1 0 0 1 1 1 0 1 1 0]]
branch at 2
runtime for solving id of Q is 0.005861520767211914
Simulation results:
{'J': 30, 'K': 15, 'N': 10, 'p': 0.6667, 'seed': 9, 'sim': 1, 'runtime': 0.005861520767211914, 'identifiable': 0, 'branch': 2}
2
Q: [[1 0 1 0 1 1 0 1 0 1 1 1 1 0 1]
 [1 1 1 1 1 0 1 0 0 0 1 1 1 1 1]
 [0 1 0 0 0 0 1 1 0 1 0 1 1 1 1]
 [0 1 0 1 0 0 0 0 0 1 0 0 0 1 1]
 [1 1 1 1 1 0 1 0 1 1 0 1 1 1 0]
 [0 1 1 1 1 0 1 1 0 1 0 1 1 1 1]
 [1 1 1 1 1 0 1 0 1 0 0 0 0 1 0]
 [1 1 1 1 1 0 1 0 1 0 0 1 1 1 0]
 [1 1 1 1 1 0 1 1 1 0 1 1 1 1 1]
 [1 0 1 0 1 1 0 1 0 0 0 1 1 1 1]
 [1 0 1 1 1 1 1 1 1 1 0 0 0 1 0]
 [1 1 1 1 1 1 1 1 1 1 1 0 0 1 0]
 [0 1 0 1 1 0 1 0 1 0 0 1 1 1 1]
 [1 1 1 0 1 0 1 0 1 1 0 1 1 0 1]
 [1 1 0 0 0 0 0 1 1 1 1 1 0 1 0]
 [0 1 1 1 0 0 1 0 0 0 0 1 1 0 0]
 [0 0 1 1 1 1 1 0 1 1 1 1 1 1 0]
 [0 1 0 1 1 0 1 1 1 1 0 0 0 1 1]
 [1 1 1 1 1 1 1 1 0 1 0 1 1 0 0]
 [1 0 1 1 1 0 1 1 1 1 0 1 0 1 1]
 [1 1 1 0 1 1 1 0 1 1 0 1 1 1 1]
 [0 0 1 1 1 1 1 0 0 1 1 0 1 1 0]
 [1 1 1 1 0 1 0 1 0 1 1 1 1 1 0]
 [1 1 0 1 1 1 1 0 1 0 0 1 0 0 1]
 [1 1 1 1 1 1 1 0 1 1 1 1 1 0 1]
 [1 0 0 1 1 0 1 0 0 1 0 1 1 1 0]
 [1 1 1 1 1 0 0 0 0 0 0 1 0 0 0]
 [0 1 1 1 1 1 0 1 1 1 1 1 0 0 0]
 [0 1 1 1 1 0 1 0 1 1 1 1 0 1 0]
 [1 1 1 1 1 0 1 1 1 0 0 1 1 1 1]]
{'restarts': 169, 'conflicts': 30278, 'decisions': 107152, 'propagations': 102902595}
Q is not identifiable, and Q_bar is [[0 1 0 1 1 1 1 0 1 0 0 0 1 0 0]
 [0 1 0 0 1 0 1 0 1 0 1 1 0 1 0]
 [0 0 0 0 1 1 0 0 0 0 1 0 0 1 0]
 [0 0 0 0 0 0 0 0 0 1 1 0 0 0 0]
 [1 0 1 0 1 0 0 0 1 1 0 0 0 1 1]
 [0 0 0 0 1 1 0 0 0 0 1 1 1 1 0]
 [1 0 1 0 0 0 0 0 1 0 0 0 0 1 1]
 [1 0 1 0 1 0 0 0 1 0 0 1 0 1 1]
 [0 1 1 0 1 0 1 1 1 0 1 1 0 1 0]
 [0 1 0 1 1 0 0 1 1 0 0 0 0 0 1]
 [0 0 1 1 0 1 0 0 1 1 0 0 0 1 1]
 [1 0 0 1 0 1 1 0 0 1 0 0 0 1 1]
 [0 0 1 0 1 0 0 0 0 0 1 0 0 1 0]
 [1 1 0 0 1 0 0 0 1 0 0 0 1 1 0]
 [1 0 0 0 0 1 1 1 0 0 0 0 0 0 0]
 [0 0 0 0 1 0 0 0 0 0 0 1 0 1 0]
 [0 0 1 1 1 0 1 0 0 1 0 0 1 1 0]
 [0 0 1 0 0 1 0 0 0 0 1 0 0 1 0]
 [0 0 0 1 1 1 0 0 1 0 0 1 0 1 0]
 [0 1 1 0 0 1 0 1 1 1 0 0 0 1 1]
 [1 0 0 1 1 0 0 0 0 0 1 0 1 1 0]
 [0 0 0 1 0 0 1 0 0 1 0 0 1 1 0]
 [0 0 0 1 1 1 1 1 0 0 0 1 0 0 0]
 [1 1 1 1 0 0 0 0 1 0 0 0 0 1 0]
 [1 1 0 1 1 0 1 0 0 0 0 1 1 1 0]
 [0 0 0 0 1 0 0 0 1 1 0 0 0 1 0]
 [0 0 0 0 0 0 0 0 1 0 0 1 0 0 0]
 [0 0 1 1 0 1 1 0 0 0 0 1 0 0 0]
 [0 0 1 0 0 0 1 0 0 1 0 1 0 1 0]
 [0 0 1 0 1 0 0 1 0 0 1 1 0 1 0]]
branch at 5
runtime for solving id of Q is 18.255632700398564
Simulation results:
{'J': 30, 'K': 15, 'N': 10, 'p': 0.6667, 'seed': 9, 'sim': 2, 'runtime': 18.255632700398564, 'identifiable': 0, 'branch': 5}
3
Q: [[1 1 1 1 0 1 1 0 1 1 1 0 0 1 1]
 [0 0 0 1 0 1 1 1 0 1 1 0 1 1 1]
 [1 1 1 0 0 1 1 1 1 1 0 0 1 0 1]
 [1 0 1 0 1 1 0 0 1 1 1 0 0 1 1]
 [1 1 1 1 0 1 0 1 0 1 0 1 1 1 1]
 [1 0 1 0 1 0 1 0 1 1 1 0 1 1 1]
 [1 0 1 0 0 1 0 0 1 0 1 1 0 1 1]
 [1 0 1 1 0 1 1 1 1 1 1 0 0 1 1]
 [0 1 1 1 0 1 1 1 0 1 1 0 0 1 1]
 [1 1 1 1 1 1 0 1 1 0 1 0 0 1 1]
 [0 1 1 1 1 0 1 1 1 0 1 1 0 1 0]
 [1 0 1 1 0 1 0 0 1 1 0 0 0 1 0]
 [1 1 0 0 1 1 0 0 0 1 0 1 1 1 1]
 [0 0 1 1 1 1 0 1 1 1 0 1 1 1 0]
 [0 1 1 1 1 1 1 1 1 1 0 0 0 1 1]
 [1 1 0 1 1 0 1 1 0 0 1 1 1 1 0]
 [1 0 1 1 1 1 1 1 1 1 1 0 1 1 0]
 [1 0 1 1 0 0 0 0 1 1 1 0 0 1 1]
 [1 1 1 1 0 1 1 1 0 1 1 1 1 1 0]
 [0 1 0 0 1 1 1 1 1 0 1 1 1 1 1]
 [1 1 1 1 1 1 0 1 1 1 1 1 1 1 1]
 [0 1 0 1 0 1 1 1 1 1 1 1 0 1 1]
 [1 1 1 1 1 1 0 1 1 1 1 1 1 1 1]
 [1 1 0 0 1 0 1 1 1 1 1 1 0 1 1]
 [1 1 1 1 0 0 0 0 1 1 1 1 0 1 1]
 [0 0 0 1 0 1 0 0 1 0 1 0 1 1 1]
 [1 0 1 1 1 0 1 0 1 1 0 1 0 1 1]
 [0 0 0 1 1 1 1 1 0 1 1 0 1 1 1]
 [1 1 1 0 0 1 1 1 1 1 1 1 1 1 1]
 [1 1 0 1 1 1 1 1 1 1 1 1 0 1 1]]
Q is not identifiable (two-column submatrix not identifiable).
Q is not identifiable, and Q_bar is [[1 1 1 1 0 1 1 0 1 1 1 0 0 0 1]
 [0 0 0 1 0 1 1 1 0 1 1 0 1 0 1]
 [1 1 1 0 0 1 1 1 1 1 0 0 1 0 1]
 [1 0 1 0 1 1 0 0 1 1 1 0 0 1 1]
 [1 1 1 1 0 1 0 1 0 1 0 1 1 0 1]
 [1 0 1 0 1 0 1 0 1 1 1 0 1 1 1]
 [1 0 1 0 0 1 0 0 1 0 1 1 0 1 1]
 [1 0 1 1 0 1 1 1 1 1 1 0 0 0 1]
 [0 1 1 1 0 1 1 1 0 1 1 0 0 0 1]
 [1 1 1 1 1 1 0 1 1 0 1 0 0 0 1]
 [0 1 1 1 1 0 1 1 1 0 1 1 0 0 0]
 [1 0 1 1 0 1 0 0 1 1 0 0 0 0 0]
 [1 1 0 0 1 1 0 0 0 1 0 1 1 1 1]
 [0 0 1 1 1 1 0 1 1 1 0 1 1 0 0]
 [0 1 1 1 1 1 1 1 1 1 0 0 0 0 1]
 [1 1 0 1 1 0 1 1 0 0 1 1 1 0 0]
 [1 0 1 1 1 1 1 1 1 1 1 0 1 0 0]
 [1 0 1 1 0 0 0 0 1 1 1 0 0 0 1]
 [1 1 1 1 0 1 1 1 0 1 1 1 1 0 0]
 [0 1 0 0 1 1 1 1 1 0 1 1 1 1 1]
 [1 1 1 1 1 1 0 1 1 1 1 1 1 1 1]
 [0 1 0 1 0 1 1 1 1 1 1 1 0 0 1]
 [1 1 1 1 1 1 0 1 1 1 1 1 1 1 1]
 [1 1 0 0 1 0 1 1 1 1 1 1 0 1 1]
 [1 1 1 1 0 0 0 0 1 1 1 1 0 0 1]
 [0 0 0 1 0 1 0 0 1 0 1 0 1 0 1]
 [1 0 1 1 1 0 1 0 1 1 0 1 0 0 1]
 [0 0 0 1 1 1 1 1 0 1 1 0 1 0 1]
 [1 1 1 0 0 1 1 1 1 1 1 1 1 1 1]
 [1 1 0 1 1 1 1 1 1 1 1 1 0 1 1]]
branch at 2
runtime for solving id of Q is 0.005138220265507698
Simulation results:
{'J': 30, 'K': 15, 'N': 10, 'p': 0.6667, 'seed': 9, 'sim': 3, 'runtime': 0.005138220265507698, 'identifiable': 0, 'branch': 2}
4
Q: [[1 1 1 1 1 1 0 0 1 0 1 1 1 1 1]
 [0 1 1 1 1 1 1 1 1 1 1 0 1 1 1]
 [0 0 1 1 1 0 0 0 1 0 0 1 1 1 1]
 [0 0 0 1 1 1 1 1 1 1 1 0 1 0 1]
 [0 1 1 1 0 1 0 1 0 1 1 1 1 1 1]
 [1 1 0 1 1 0 1 1 1 1 1 1 1 1 1]
 [1 1 1 0 1 0 1 1 1 0 0 1 1 1 1]
 [0 1 0 1 1 1 1 1 1 0 0 1 1 1 1]
 [0 0 1 0 0 1 1 1 0 1 1 1 0 1 1]
 [0 1 1 1 1 1 1 1 0 1 0 1 1 0 1]
 [1 1 1 1 0 1 1 1 1 0 1 1 1 0 1]
 [1 0 1 1 0 0 0 1 0 1 1 1 1 0 0]
 [1 1 0 1 0 1 1 1 0 1 0 1 1 1 1]
 [1 1 0 1 1 1 1 1 1 0 0 1 1 1 1]
 [1 0 1 1 1 1 1 1 0 0 1 1 0 1 0]
 [0 0 1 0 0 0 1 1 1 1 1 1 1 0 1]
 [1 1 1 1 1 1 0 1 1 1 0 0 1 1 1]
 [0 1 1 0 0 1 1 1 1 1 1 1 1 0 1]
 [0 1 1 1 0 1 0 0 0 1 1 1 0 0 0]
 [1 0 1 1 1 0 1 0 0 1 1 1 1 1 0]
 [1 1 0 1 1 1 1 1 1 1 1 0 1 1 0]
 [0 0 1 1 0 0 1 0 1 0 1 0 1 1 0]
 [1 1 1 1 0 0 0 1 1 1 1 1 1 0 1]
 [1 1 0 0 1 1 1 0 1 0 1 1 1 0 1]
 [1 1 1 1 1 0 1 1 1 1 1 0 1 0 0]
 [1 1 1 1 0 0 1 1 0 0 1 0 0 1 1]
 [1 1 0 1 0 0 1 1 1 0 0 1 0 0 1]
 [0 1 1 1 1 1 0 0 1 1 1 0 0 1 0]
 [1 1 1 0 0 0 0 1 1 0 1 1 1 1 0]
 [1 1 1 1 1 0 1 0 1 1 1 0 1 1 0]]
Q is not identifiable (three-column submatrix not identifiable).
Q is not identifiable, and Q_bar is [[1 1 1 1 1 1 0 0 1 0 1 1 1 1 1]
 [0 1 1 1 1 1 1 0 1 1 1 0 1 1 1]
 [0 0 1 1 1 0 0 0 1 0 0 1 1 1 1]
 [0 0 1 0 1 1 1 0 1 1 1 0 1 0 1]
 [0 1 1 1 0 1 0 1 0 1 1 1 1 1 1]
 [1 1 0 1 1 0 1 1 1 1 1 1 1 1 1]
 [1 1 1 0 1 0 1 1 1 0 0 1 1 1 1]
 [0 1 0 1 1 1 1 1 1 0 0 1 1 1 1]
 [0 0 1 0 0 1 1 1 0 1 1 1 0 1 1]
 [0 1 1 1 1 1 1 1 0 1 0 1 1 0 1]
 [1 1 1 1 0 1 1 1 1 0 1 1 1 0 1]
 [1 0 1 1 0 0 0 1 0 1 1 1 1 0 0]
 [1 1 0 1 0 1 1 1 0 1 0 1 1 1 1]
 [1 1 0 1 1 1 1 1 1 0 0 1 1 1 1]
 [1 0 1 1 1 1 1 1 0 0 1 1 0 1 0]
 [0 0 1 0 0 0 1 1 1 1 1 1 1 0 1]
 [1 1 1 1 1 1 0 1 1 1 0 0 1 1 1]
 [0 1 1 0 0 1 1 1 1 1 1 1 1 0 1]
 [0 1 1 1 0 1 0 0 0 1 1 1 0 0 0]
 [1 0 1 1 1 0 1 0 0 1 1 1 1 1 0]
 [1 1 0 1 1 1 1 1 1 1 1 0 1 1 0]
 [0 0 1 1 0 0 1 0 1 0 1 0 1 1 0]
 [1 1 1 1 0 0 0 1 1 1 1 1 1 0 1]
 [1 1 0 0 1 1 1 0 1 0 1 1 1 0 1]
 [1 1 1 1 1 0 1 1 1 1 1 0 1 0 0]
 [1 1 1 1 0 0 1 1 0 0 1 0 0 1 1]
 [1 1 0 1 0 0 1 1 1 0 0 1 0 0 1]
 [0 1 1 1 1 1 0 0 1 1 1 0 0 1 0]
 [1 1 1 0 0 0 0 1 1 0 1 1 1 1 0]
 [1 1 1 1 1 0 1 0 1 1 1 0 1 1 0]]
branch at 3
runtime for solving id of Q is 0.012967459857463837
Simulation results:
{'J': 30, 'K': 15, 'N': 10, 'p': 0.6667, 'seed': 9, 'sim': 4, 'runtime': 0.012967459857463837, 'identifiable': 0, 'branch': 3}
5
Q: [[0 1 1 1 0 1 0 0 1 1 1 1 1 1 1]
 [0 0 1 1 1 1 1 1 1 0 1 0 0 1 1]
 [1 0 0 1 1 1 1 0 0 1 1 1 1 1 0]
 [1 0 1 1 1 0 0 1 1 1 0 1 0 1 1]
 [1 0 1 1 0 1 0 0 0 1 1 1 1 1 0]
 [1 0 1 1 0 1 1 1 0 0 0 1 1 1 0]
 [1 1 0 1 1 1 1 1 1 1 1 1 1 1 0]
 [1 0 1 1 0 1 1 0 1 0 1 1 1 0 0]
 [1 1 1 0 1 0 0 1 0 1 1 1 1 0 0]
 [1 0 1 0 1 0 1 1 0 1 0 1 1 1 0]
 [0 1 1 1 1 1 1 0 1 1 1 1 1 0 1]
 [1 1 0 1 1 1 0 1 1 1 1 1 1 0 1]
 [1 1 1 0 1 1 1 1 0 0 1 0 1 0 1]
 [1 1 1 1 1 1 1 1 0 1 0 0 0 1 1]
 [1 0 1 1 0 1 0 0 1 1 1 1 1 1 1]
 [1 0 1 1 1 1 1 1 1 0 0 1 0 1 1]
 [1 1 0 0 1 1 1 1 0 1 0 1 1 0 0]
 [1 1 1 1 0 0 1 1 0 1 0 0 1 1 0]
 [1 1 1 1 0 1 1 1 0 1 1 1 0 1 1]
 [0 1 1 0 0 0 0 0 0 1 1 1 1 0 1]
 [0 1 0 1 1 0 1 1 0 1 1 1 0 1 1]
 [1 0 1 1 1 1 1 0 0 0 1 1 1 0 0]
 [1 1 0 0 0 1 1 1 1 1 0 1 1 1 1]
 [1 1 1 1 1 0 1 1 1 1 1 0 1 1 1]
 [1 0 1 1 1 0 1 1 0 1 1 1 1 1 1]
 [1 1 0 1 0 1 1 0 1 1 0 0 1 1 1]
 [0 1 0 0 1 0 0 0 0 0 0 0 1 0 0]
 [1 1 0 1 1 1 0 0 1 1 1 1 1 0 1]
 [1 0 0 1 1 0 1 1 1 1 1 1 0 1 1]
 [0 1 0 0 0 1 1 1 1 0 1 0 1 1 1]]
{'restarts': 99, 'conflicts': 23076, 'decisions': 87241, 'propagations': 82196937}
Q is not identifiable, and Q_bar is [[0 0 0 0 0 0 1 1 1 1 1 1 1 1 0]
 [0 0 0 0 0 0 0 0 0 0 1 0 0 0 1]
 [1 1 1 0 0 1 1 1 0 1 0 0 0 0 0]
 [1 1 1 0 1 0 0 0 1 0 1 1 1 0 0]
 [1 0 0 0 0 0 1 1 0 1 0 1 1 0 0]
 [1 0 0 1 1 1 1 0 0 1 0 1 0 0 0]
 [1 1 1 1 1 0 1 1 0 0 1 0 1 1 0]
 [1 0 0 1 0 0 1 1 0 1 1 1 0 0 0]
 [1 1 1 0 1 0 1 1 0 0 0 1 0 1 0]
 [1 1 1 0 1 1 1 0 0 0 0 1 0 0 0]
 [0 1 1 1 0 0 1 1 1 1 1 1 0 1 0]
 [1 1 1 0 1 0 1 1 1 1 1 0 0 1 0]
 [1 0 1 1 1 0 1 1 1 0 0 1 0 1 0]
 [1 0 1 1 1 0 0 0 1 0 0 1 1 1 0]
 [1 0 0 0 0 0 1 1 1 1 1 1 1 0 0]
 [1 0 1 1 1 1 0 0 1 1 1 1 0 0 0]
 [1 1 1 1 1 0 1 0 0 0 0 0 0 1 0]
 [1 0 0 0 1 1 1 0 0 0 0 1 1 1 0]
 [1 1 0 1 1 1 0 1 1 0 0 1 1 1 0]
 [0 1 0 0 0 0 1 1 1 0 0 1 0 1 0]
 [0 1 1 0 1 1 0 1 1 0 0 0 1 1 0]
 [1 0 1 1 0 0 1 1 0 1 0 1 0 0 0]
 [1 1 0 1 1 1 1 0 1 0 1 0 0 1 0]
 [1 0 1 0 1 1 1 1 1 0 1 1 1 1 0]
 [1 1 1 0 1 1 1 1 1 0 0 1 1 0 0]
 [1 0 0 1 0 0 1 0 1 0 1 0 1 1 0]
 [0 0 1 0 0 0 1 0 0 0 0 0 0 1 0]
 [1 1 1 0 0 0 1 1 1 1 1 0 0 1 0]
 [1 1 1 0 1 1 0 1 1 0 1 0 1 0 0]
 [0 0 0 1 1 1 1 1 1 0 1 0 0 1 0]]
branch at 5
runtime for solving id of Q is 14.290863147005439
Simulation results:
{'J': 30, 'K': 15, 'N': 10, 'p': 0.6667, 'seed': 9, 'sim': 5, 'runtime': 14.290863147005439, 'identifiable': 0, 'branch': 5}
6
Q: [[1 1 1 1 0 1 1 1 1 1 1 1 1 1 1]
 [1 1 0 1 0 1 1 1 0 0 1 1 0 1 0]
 [1 0 1 0 1 1 1 0 1 1 0 0 1 1 0]
 [1 1 1 1 1 1 1 0 1 1 1 1 1 1 0]
 [1 0 1 1 0 1 1 1 1 0 1 1 0 0 1]
 [0 1 1 1 0 1 1 1 0 1 0 1 1 1 1]
 [0 0 0 0 1 1 0 1 1 1 0 1 0 1 0]
 [1 1 1 1 1 1 1 1 0 1 1 1 1 1 0]
 [1 1 1 1 1 1 1 1 1 1 1 1 0 0 0]
 [1 0 0 1 0 1 1 1 1 0 1 1 0 1 0]
 [1 1 1 1 0 1 1 1 0 0 1 1 1 1 1]
 [0 0 0 1 1 0 0 0 1 0 0 0 1 1 0]
 [1 1 0 1 0 1 1 0 1 0 0 1 0 0 1]
 [1 1 1 1 0 1 1 1 0 0 0 1 1 1 0]
 [0 1 0 1 1 0 1 1 0 1 1 0 0 1 0]
 [0 1 1 1 1 1 1 1 0 1 1 0 1 1 1]
 [1 1 0 0 1 1 1 1 1 1 1 0 0 0 1]
 [1 1 1 0 1 0 1 1 1 1 1 0 1 0 1]
 [1 0 1 0 1 1 0 1 1 1 1 1 1 0 1]
 [0 1 1 1 0 0 1 1 1 1 1 1 1 0 1]
 [1 1 0 1 0 1 1 1 0 1 1 1 1 1 0]
 [1 1 0 0 1 0 0 1 1 0 1 1 1 1 1]
 [0 1 1 1 0 1 0 0 0 1 1 1 0 1 1]
 [0 0 1 0 1 0 0 1 0 1 0 1 1 1 1]
 [1 1 0 1 1 0 1 0 0 1 1 1 1 1 1]
 [1 1 1 1 1 1 0 1 1 1 0 1 1 1 1]
 [0 0 1 1 1 0 0 1 0 0 1 1 1 0 1]
 [1 1 1 1 1 1 1 1 1 1 1 0 0 1 0]
 [0 1 1 1 1 1 1 0 0 1 1 1 0 1 1]
 [0 1 0 0 1 1 1 1 1 1 1 1 1 0 0]]
Q is not identifiable (three-column submatrix not identifiable).
Q is not identifiable, and Q_bar is [[1 1 1 1 0 1 1 1 1 1 1 1 1 1 1]
 [1 1 0 1 0 1 1 1 0 0 1 1 0 1 0]
 [1 0 1 0 1 1 1 0 1 1 0 0 1 1 0]
 [1 1 1 1 1 1 1 0 1 1 1 1 1 1 0]
 [1 0 1 1 0 1 1 1 1 0 1 1 0 0 1]
 [0 1 1 1 0 1 1 1 0 1 0 1 1 1 1]
 [0 1 0 0 1 1 0 0 1 1 0 0 0 1 0]
 [1 1 1 1 1 1 1 1 0 1 1 1 1 1 0]
 [1 1 1 1 1 1 1 1 1 1 1 1 0 0 0]
 [1 0 0 1 0 1 1 1 1 0 1 1 0 1 0]
 [1 1 1 1 0 1 1 1 0 0 1 1 1 1 1]
 [0 0 0 1 1 0 0 0 1 0 0 0 1 1 0]
 [1 1 0 1 0 1 1 0 1 0 0 1 0 0 1]
 [1 1 1 1 0 1 1 1 0 0 0 1 1 1 0]
 [0 1 0 1 1 0 1 1 0 1 1 0 0 1 0]
 [0 1 1 1 1 1 1 1 0 1 1 0 1 1 1]
 [1 1 0 0 1 1 1 1 1 1 1 0 0 0 1]
 [1 1 1 0 1 0 1 1 1 1 1 0 1 0 1]
 [1 0 1 0 1 1 0 1 1 1 1 1 1 0 1]
 [0 1 1 1 0 0 1 1 1 1 1 1 1 0 1]
 [1 1 0 1 0 1 1 1 0 1 1 1 1 1 0]
 [1 1 0 0 1 0 0 1 1 0 1 1 1 1 1]
 [0 1 1 1 0 1 0 0 0 1 1 1 0 1 1]
 [0 0 1 0 1 0 0 1 0 1 0 1 1 1 1]
 [1 1 0 1 1 0 1 0 0 1 1 1 1 1 1]
 [1 1 1 1 1 1 0 1 1 1 0 1 1 1 1]
 [0 0 1 1 1 0 0 1 0 0 1 1 1 0 1]
 [1 1 1 1 1 1 1 1 1 1 1 0 0 1 0]
 [0 1 1 1 1 1 1 0 0 1 1 1 0 1 1]
 [0 1 0 0 1 1 1 1 1 1 1 1 1 0 0]]
branch at 3
runtime for solving id of Q is 0.008144274353981018
Simulation results:
{'J': 30, 'K': 15, 'N': 10, 'p': 0.6667, 'seed': 9, 'sim': 6, 'runtime': 0.008144274353981018, 'identifiable': 0, 'branch': 3}
7
Q: [[1 1 0 1 0 1 0 1 0 0 0 1 1 1 1]
 [1 1 1 0 1 1 1 0 0 1 1 1 1 0 0]
 [0 1 0 0 1 1 0 0 1 1 1 0 0 1 1]
 [0 1 0 0 0 0 1 0 1 0 0 0 1 1 0]
 [1 1 1 1 1 0 1 0 0 0 0 0 1 1 1]
 [1 1 0 0 1 1 1 1 1 1 0 0 1 0 1]
 [1 1 1 0 1 0 0 1 1 1 1 1 0 0 1]
 [0 0 1 1 1 1 0 1 1 0 0 1 1 1 0]
 [1 0 0 1 1 0 1 0 1 1 1 0 1 1 0]
 [0 1 0 0 1 0 0 1 1 1 1 1 0 1 1]
 [1 1 0 1 1 1 1 1 1 1 1 1 1 0 1]
 [0 1 1 1 1 1 0 1 1 1 1 1 1 0 1]
 [0 1 1 0 0 0 1 0 1 1 0 0 0 0 1]
 [1 1 1 1 1 0 1 1 1 1 0 1 0 1 1]
 [1 1 1 0 1 1 0 1 1 1 1 1 0 1 0]
 [1 0 1 0 1 1 0 0 1 1 1 1 1 1 1]
 [0 1 1 1 1 0 1 1 0 1 0 1 0 1 0]
 [1 1 1 1 1 1 0 1 0 1 1 1 1 1 1]
 [0 1 1 1 1 1 0 1 1 1 1 0 0 1 1]
 [1 1 1 0 1 0 1 0 1 1 0 1 1 0 0]
 [1 0 0 1 1 1 0 1 0 1 1 1 0 1 1]
 [0 1 1 1 1 1 1 0 0 1 1 1 1 1 0]
 [1 0 1 1 1 0 0 1 1 1 1 1 1 1 1]
 [0 1 1 0 0 1 0 1 1 1 1 1 1 1 1]
 [1 0 0 0 1 1 1 0 1 1 1 1 1 1 0]
 [1 1 1 1 0 1 0 0 1 1 0 1 1 0 1]
 [1 1 1 1 1 1 0 1 1 0 1 1 1 0 0]
 [1 0 1 0 1 0 1 0 1 0 1 0 1 1 0]
 [1 1 1 1 1 0 1 0 1 0 1 0 1 1 0]
 [1 1 1 0 1 1 1 1 1 0 0 1 1 1 0]]
Q is not identifiable (three-column submatrix not identifiable).
Q is not identifiable, and Q_bar is [[1 1 0 1 0 1 0 1 0 0 0 1 1 1 1]
 [1 1 1 0 1 1 1 0 0 1 1 1 1 0 0]
 [0 1 0 0 1 1 0 0 1 1 1 0 0 1 1]
 [0 1 0 0 0 0 1 0 1 0 0 0 1 1 0]
 [1 1 1 1 1 0 1 0 0 0 0 0 1 1 1]
 [1 1 0 0 1 1 1 1 1 1 0 0 1 0 1]
 [1 1 1 0 1 0 0 1 1 1 1 1 0 0 1]
 [0 0 1 1 0 1 0 1 1 0 0 1 1 1 0]
 [1 0 0 1 1 0 1 0 1 1 1 0 1 1 0]
 [0 1 0 0 1 0 0 1 1 1 1 1 0 1 1]
 [1 1 0 1 1 1 1 1 1 1 1 1 1 0 1]
 [0 1 1 1 1 1 0 1 1 1 1 1 1 0 1]
 [0 1 1 0 0 0 1 0 1 1 0 0 0 0 1]
 [1 1 1 1 1 0 1 1 1 1 0 1 0 1 1]
 [1 1 1 0 1 1 0 1 1 1 1 1 0 1 0]
 [1 0 1 0 1 1 0 0 1 1 1 1 1 1 1]
 [0 1 1 1 1 0 1 1 0 1 0 1 0 1 0]
 [1 1 1 1 1 1 0 1 0 1 1 1 1 1 1]
 [0 1 1 1 1 1 0 1 1 1 1 0 0 1 1]
 [1 1 1 0 1 0 1 0 1 1 0 1 1 0 0]
 [1 0 0 1 1 1 0 1 0 1 1 1 0 1 1]
 [0 1 1 1 1 1 1 0 0 1 1 1 1 1 0]
 [1 0 1 1 1 0 0 1 1 1 1 1 1 1 1]
 [0 1 1 0 0 1 0 1 1 1 1 1 1 1 1]
 [1 0 0 0 1 1 1 0 1 1 1 1 1 1 0]
 [1 1 1 1 0 1 0 0 1 1 0 1 1 0 1]
 [1 1 1 1 1 1 0 1 1 0 1 1 1 0 0]
 [1 0 1 0 1 0 1 0 1 0 1 0 1 1 0]
 [1 1 1 1 1 0 1 0 1 0 1 0 1 1 0]
 [1 1 1 0 1 1 1 1 1 0 0 1 1 1 0]]
branch at 3
runtime for solving id of Q is 0.008954279124736786
Simulation results:
{'J': 30, 'K': 15, 'N': 10, 'p': 0.6667, 'seed': 9, 'sim': 7, 'runtime': 0.008954279124736786, 'identifiable': 0, 'branch': 3}
8
Q: [[0 0 1 0 0 1 1 0 1 1 1 0 1 0 1]
 [0 1 1 1 0 1 0 1 1 0 0 1 1 1 1]
 [1 0 1 0 1 1 1 1 1 0 0 1 0 1 1]
 [0 1 1 1 1 1 1 1 1 1 0 1 1 1 0]
 [1 1 0 1 1 1 1 1 1 1 0 0 1 1 1]
 [1 0 1 0 1 1 1 1 1 1 1 1 1 0 1]
 [1 1 0 1 1 1 0 1 0 1 0 0 1 1 1]
 [0 1 1 0 1 0 1 0 0 1 1 1 1 1 1]
 [1 0 0 0 1 1 0 0 1 1 0 1 0 1 1]
 [0 1 1 1 1 1 0 1 0 0 0 1 0 0 1]
 [0 1 0 1 0 1 1 1 1 0 1 0 1 1 1]
 [1 1 1 1 0 0 1 1 1 1 0 1 1 0 0]
 [1 1 1 1 0 1 0 1 1 1 1 1 1 1 1]
 [0 0 1 1 0 1 1 0 1 1 1 1 1 0 0]
 [1 1 1 1 1 1 0 0 1 0 1 1 0 1 0]
 [1 1 1 0 0 1 1 0 1 0 0 0 1 1 0]
 [1 0 0 1 1 0 0 1 0 1 1 1 1 1 0]
 [1 0 1 1 1 1 1 1 0 1 1 1 1 1 1]
 [0 1 1 1 1 1 1 1 1 0 0 1 1 0 1]
 [0 1 1 1 0 1 0 0 0 1 1 1 0 1 1]
 [0 1 1 1 1 1 0 1 1 0 0 1 1 1 1]
 [0 1 1 1 1 0 0 0 1 1 1 0 0 1 1]
 [0 0 1 1 1 1 1 1 0 0 0 0 0 0 1]
 [0 0 0 0 1 1 1 0 1 1 1 1 0 1 1]
 [1 0 1 0 1 1 1 0 1 1 1 0 1 1 1]
 [0 1 1 0 1 1 1 1 0 0 1 1 1 1 1]
 [0 0 0 0 1 1 1 1 1 1 1 0 1 0 1]
 [1 1 1 1 1 0 0 0 1 0 1 1 1 1 1]
 [1 1 1 1 0 1 1 1 0 1 1 0 1 1 1]
 [1 1 1 1 1 1 0 0 0 0 1 1 0 1 1]]
{'restarts': 3286, 'conflicts': 1041810, 'decisions': 1883825, 'propagations': 3825452972}
Q is not identifiable, and Q_bar is [[0 0 0 0 0 1 1 1 1 0 1 0 0 1 0]
 [0 1 1 1 1 0 0 0 1 1 0 0 0 1 1]
 [1 0 0 0 1 0 0 1 0 1 0 1 1 0 0]
 [0 1 0 1 1 1 0 1 0 1 1 1 0 1 0]
 [1 1 0 1 1 1 0 0 1 0 1 0 1 1 1]
 [1 0 0 0 0 1 1 1 0 1 1 0 1 1 0]
 [1 1 0 1 0 0 0 0 0 0 1 1 1 1 0]
 [0 1 0 0 0 0 1 1 1 1 1 1 0 1 0]
 [1 0 0 0 1 0 0 0 1 1 1 1 0 0 1]
 [0 1 1 1 0 0 0 0 1 1 0 0 1 0 0]
 [0 1 0 1 1 1 1 0 1 0 0 0 0 1 1]
 [1 1 0 1 1 0 0 1 0 1 1 0 0 1 0]
 [1 1 1 1 1 0 1 0 1 1 1 0 0 1 1]
 [0 0 1 0 0 1 1 0 0 1 1 0 0 1 0]
 [1 1 1 0 1 0 1 0 0 1 0 1 0 0 1]
 [1 1 0 0 1 0 0 1 0 0 0 0 0 1 1]
 [1 0 0 1 0 0 1 0 0 1 1 1 0 1 0]
 [1 0 0 1 0 0 1 1 0 1 1 1 1 1 0]
 [0 1 0 1 0 1 0 1 0 1 0 0 1 1 0]
 [0 1 1 0 0 0 1 0 1 1 1 0 0 0 1]
 [0 1 1 1 1 0 0 0 1 1 0 0 1 1 1]
 [0 1 1 0 1 0 1 0 1 0 1 1 0 0 0]
 [0 0 0 1 0 0 0 1 0 0 0 0 1 0 0]
 [0 0 0 0 1 1 1 0 1 1 1 1 0 0 1]
 [1 0 0 0 0 1 1 1 1 0 1 1 0 1 0]
 [0 1 0 0 0 0 1 1 0 1 0 1 1 1 1]
 [0 0 0 0 0 1 1 0 0 0 1 0 1 1 0]
 [1 1 1 0 1 0 1 0 1 1 0 1 0 1 0]
 [1 1 1 1 0 0 1 1 1 0 1 0 0 1 1]
 [1 1 1 0 0 0 1 0 1 1 0 1 0 0 1]]
branch at 5
runtime for solving id of Q is 901.5494939591736
Simulation results:
{'J': 30, 'K': 15, 'N': 10, 'p': 0.6667, 'seed': 9, 'sim': 8, 'runtime': 901.5494939591736, 'identifiable': 0, 'branch': 5}
9
Q: [[1 0 0 1 0 1 0 0 1 0 1 1 1 1 1]
 [1 1 1 1 1 1 0 0 0 0 0 1 0 1 0]
 [1 0 1 1 0 0 0 1 0 1 0 0 1 0 0]
 [1 1 0 1 1 1 1 0 1 0 0 1 1 0 0]
 [0 1 0 1 0 1 0 1 1 1 0 0 1 0 0]
 [1 0 1 1 0 1 1 0 1 1 1 1 0 1 0]
 [0 1 0 0 0 1 1 1 0 1 0 1 1 0 0]
 [0 1 0 0 1 1 1 0 0 0 1 1 1 1 1]
 [1 0 1 1 0 1 1 1 1 1 0 1 0 0 1]
 [0 0 1 1 1 0 1 0 0 0 1 1 0 1 1]
 [0 1 1 0 0 0 1 0 1 1 1 1 0 1 1]
 [1 0 1 1 1 1 1 0 0 0 1 0 1 0 1]
 [1 1 1 1 1 1 1 0 1 1 0 0 1 0 1]
 [1 1 1 1 0 1 0 1 1 0 1 0 1 1 1]
 [1 1 1 1 1 1 0 1 0 0 0 0 0 1 1]
 [0 1 1 1 0 1 1 1 1 0 0 1 0 1 0]
 [0 1 1 1 1 1 1 0 1 1 0 1 1 1 1]
 [1 0 0 1 0 1 1 1 1 1 1 0 1 0 1]
 [1 1 1 1 1 1 1 1 0 1 1 1 1 0 1]
 [1 0 1 0 0 1 1 1 0 1 1 1 1 0 1]
 [1 1 1 1 1 1 1 0 0 1 1 0 1 1 1]
 [1 0 1 1 1 1 1 1 0 1 1 1 1 1 1]
 [1 1 1 1 0 1 0 1 0 1 1 1 0 1 1]
 [1 1 0 1 0 1 0 1 0 1 1 0 0 0 0]
 [1 0 1 0 1 1 1 0 1 1 0 1 1 1 1]
 [1 0 0 1 0 0 1 1 1 0 1 1 1 0 1]
 [1 1 1 1 1 1 1 1 0 0 1 1 1 1 1]
 [1 0 0 1 1 0 0 0 1 0 1 0 1 0 0]
 [1 1 1 0 0 1 1 0 1 0 1 1 0 1 1]
 [1 1 1 0 0 1 1 1 1 0 1 1 1 1 1]]
{'restarts': 334, 'conflicts': 77914, 'decisions': 203357, 'propagations': 335877073}
Q is not identifiable, and Q_bar is [[1 0 0 1 0 1 0 0 1 0 1 0 1 1 1]
 [1 1 1 1 1 1 0 0 0 0 1 0 0 0 0]
 [1 0 1 1 0 0 0 1 0 1 0 0 1 0 0]
 [1 1 0 1 1 1 0 0 1 0 0 1 1 0 0]
 [0 1 0 1 0 1 0 1 1 1 0 0 1 0 0]
 [1 0 1 1 0 1 0 0 1 1 1 1 0 0 1]
 [0 1 0 0 0 1 0 1 0 1 0 1 1 0 0]
 [0 1 0 0 1 1 1 0 0 0 1 1 1 1 1]
 [1 0 1 1 0 1 1 1 1 1 0 1 0 0 0]
 [0 0 1 1 1 0 1 0 0 0 1 1 0 1 1]
 [0 1 1 0 0 0 1 0 1 1 0 1 0 1 1]
 [1 0 1 1 1 1 1 0 0 0 0 0 1 0 1]
 [1 1 1 1 1 1 1 0 1 1 0 0 1 0 0]
 [1 1 1 1 0 1 0 1 1 0 0 0 1 1 1]
 [1 1 1 1 1 1 0 1 0 0 0 0 0 1 0]
 [0 1 1 1 0 1 0 1 1 0 1 1 0 0 0]
 [0 1 1 1 1 1 1 0 1 1 1 1 1 1 0]
 [1 0 0 1 0 1 1 1 1 1 0 0 1 0 1]
 [1 1 1 1 1 1 1 1 0 1 0 1 1 0 1]
 [1 0 1 0 0 1 1 1 0 1 0 1 1 0 1]
 [1 1 1 1 1 1 1 0 0 1 0 0 1 1 1]
 [1 0 1 1 1 1 1 1 0 1 1 1 1 1 1]
 [1 1 1 1 0 1 0 1 0 1 1 0 0 1 1]
 [1 1 0 1 0 1 0 1 0 1 0 0 0 0 1]
 [1 0 1 0 1 1 0 0 1 1 0 1 1 1 0]
 [1 0 0 1 0 0 1 1 1 0 0 1 1 0 1]
 [1 1 1 1 1 1 1 1 0 0 1 1 1 1 1]
 [1 0 0 1 1 0 0 0 1 0 0 0 1 0 1]
 [1 1 1 0 0 1 1 0 1 0 0 1 0 1 1]
 [1 1 1 0 0 1 1 1 1 0 0 1 1 1 1]]
branch at 5
runtime for solving id of Q is 61.71665805391967
Simulation results:
{'J': 30, 'K': 15, 'N': 10, 'p': 0.6667, 'seed': 9, 'sim': 9, 'runtime': 61.71665805391967, 'identifiable': 0, 'branch': 5}
Simulation results:
[{'J': 30, 'K': 15, 'N': 10, 'p': 0.6667, 'seed': 9, 'sim': 0, 'runtime': 750.5016878806055, 'identifiable': 0, 'branch': 5}, {'J': 30, 'K': 15, 'N': 10, 'p': 0.6667, 'seed': 9, 'sim': 1, 'runtime': 0.005861520767211914, 'identifiable': 0, 'branch': 2}, {'J': 30, 'K': 15, 'N': 10, 'p': 0.6667, 'seed': 9, 'sim': 2, 'runtime': 18.255632700398564, 'identifiable': 0, 'branch': 5}, {'J': 30, 'K': 15, 'N': 10, 'p': 0.6667, 'seed': 9, 'sim': 3, 'runtime': 0.005138220265507698, 'identifiable': 0, 'branch': 2}, {'J': 30, 'K': 15, 'N': 10, 'p': 0.6667, 'seed': 9, 'sim': 4, 'runtime': 0.012967459857463837, 'identifiable': 0, 'branch': 3}, {'J': 30, 'K': 15, 'N': 10, 'p': 0.6667, 'seed': 9, 'sim': 5, 'runtime': 14.290863147005439, 'identifiable': 0, 'branch': 5}, {'J': 30, 'K': 15, 'N': 10, 'p': 0.6667, 'seed': 9, 'sim': 6, 'runtime': 0.008144274353981018, 'identifiable': 0, 'branch': 3}, {'J': 30, 'K': 15, 'N': 10, 'p': 0.6667, 'seed': 9, 'sim': 7, 'runtime': 0.008954279124736786, 'identifiable': 0, 'branch': 3}, {'J': 30, 'K': 15, 'N': 10, 'p': 0.6667, 'seed': 9, 'sim': 8, 'runtime': 901.5494939591736, 'identifiable': 0, 'branch': 5}, {'J': 30, 'K': 15, 'N': 10, 'p': 0.6667, 'seed': 9, 'sim': 9, 'runtime': 61.71665805391967, 'identifiable': 0, 'branch': 5}]
