
The Gurobi software has a limited number of licenses. To request a license or
licenses, add this line

    #SBATCH --licenses=gurobi@slurmdb:1

to your SBATCH script, replacing N with the number of licenses you need. Gurobi
will need one license per process.


0
Q: [[1 1 1 1 1 0 0 1 0 1]
 [1 1 0 1 1 1 1 1 1 1]
 [1 1 1 1 1 1 1 1 1 1]
 [1 1 1 0 1 0 1 1 1 1]
 [1 0 1 0 1 1 1 1 1 1]
 [1 1 1 1 1 1 1 1 1 1]
 [1 1 1 1 1 1 1 1 1 1]
 [1 1 1 1 1 0 1 1 1 1]
 [1 1 0 1 1 0 1 1 1 1]
 [0 1 0 1 1 1 0 0 1 1]
 [1 1 1 1 1 1 1 0 1 1]
 [1 1 1 1 1 1 1 1 1 1]
 [1 1 1 1 1 0 1 1 1 1]
 [1 1 1 1 1 1 1 1 1 1]
 [0 1 0 1 1 1 1 1 1 1]
 [1 1 1 1 1 1 1 0 1 1]
 [1 1 1 1 1 0 1 1 1 1]
 [1 1 1 1 0 0 1 1 1 0]
 [0 1 1 1 1 0 1 0 1 1]
 [1 1 1 1 1 1 1 0 0 1]
 [1 0 1 1 1 1 1 1 1 1]
 [1 1 1 1 1 1 1 1 1 1]
 [1 1 1 1 1 1 1 1 1 1]
 [1 1 1 1 1 1 1 1 1 1]
 [1 1 1 1 1 1 1 0 1 1]]
Q is not identifiable (two-column submatrix not identifiable).
Q is not identifiable, and Q_bar is [[1 1 1 1 1 0 0 1 0 1]
 [1 1 0 1 1 1 1 1 1 1]
 [1 1 1 1 0 1 1 1 1 1]
 [1 1 1 0 1 0 1 1 1 1]
 [1 0 1 0 0 1 1 1 1 1]
 [1 1 1 1 0 1 1 1 1 1]
 [1 1 1 1 0 1 1 1 1 1]
 [1 1 1 1 1 0 1 1 1 1]
 [1 1 0 1 1 0 1 1 1 1]
 [0 1 0 1 0 1 0 0 1 1]
 [1 1 1 1 0 1 1 0 1 1]
 [1 1 1 1 0 1 1 1 1 1]
 [1 1 1 1 1 0 1 1 1 1]
 [1 1 1 1 0 1 1 1 1 1]
 [0 1 0 1 0 1 1 1 1 1]
 [1 1 1 1 0 1 1 0 1 1]
 [1 1 1 1 1 0 1 1 1 1]
 [1 1 1 1 0 0 1 1 1 0]
 [0 1 1 1 1 0 1 0 1 1]
 [1 1 1 1 0 1 1 0 0 1]
 [1 0 1 1 0 1 1 1 1 1]
 [1 1 1 1 0 1 1 1 1 1]
 [1 1 1 1 0 1 1 1 1 1]
 [1 1 1 1 0 1 1 1 1 1]
 [1 1 1 1 0 1 1 0 1 1]]
branch at 2
runtime for solving id of Q is 0.0012167091481387615
Simulation results:
{'J': 25, 'K': 10, 'N': 10, 'p': 0.9, 'seed': 12, 'sim': 0, 'runtime': 0.0012167091481387615, 'identifiable': 0, 'branch': 2}
1
Q: [[1 1 1 1 1 1 1 1 1 1]
 [1 1 1 1 1 1 1 1 1 1]
 [1 1 1 1 1 1 1 1 1 0]
 [1 1 1 0 1 1 1 1 1 1]
 [1 1 1 1 1 1 1 1 1 1]
 [1 1 1 1 1 1 0 0 1 1]
 [1 1 1 1 1 1 1 1 0 0]
 [1 1 1 1 0 1 1 1 1 1]
 [1 1 1 1 0 1 1 1 1 1]
 [1 1 1 1 1 1 1 1 1 1]
 [0 1 1 0 0 1 1 1 1 1]
 [1 1 1 1 0 1 1 0 1 1]
 [1 0 0 1 1 1 1 1 1 1]
 [1 1 1 1 1 1 1 0 1 1]
 [1 1 1 0 1 0 1 1 0 1]
 [1 1 1 1 1 1 1 1 1 1]
 [1 1 1 1 0 0 1 1 1 1]
 [1 1 0 1 1 1 1 1 1 1]
 [1 1 1 0 0 1 1 1 1 1]
 [1 0 1 1 1 1 1 1 0 1]
 [0 1 1 1 0 1 1 1 1 1]
 [1 1 1 1 1 1 1 1 1 1]
 [1 1 1 1 1 1 1 1 1 1]
 [1 1 1 1 1 1 1 1 1 1]
 [1 1 1 1 1 1 1 1 1 1]]
Q is not identifiable (two-column submatrix not identifiable).
Q is not identifiable, and Q_bar is [[0 1 1 1 1 1 1 1 1 1]
 [0 1 1 1 1 1 1 1 1 1]
 [0 1 1 1 1 1 1 1 1 0]
 [0 1 1 0 1 1 1 1 1 1]
 [0 1 1 1 1 1 1 1 1 1]
 [0 1 1 1 1 1 0 0 1 1]
 [0 1 1 1 1 1 1 1 0 0]
 [1 1 1 1 0 1 1 1 1 1]
 [1 1 1 1 0 1 1 1 1 1]
 [0 1 1 1 1 1 1 1 1 1]
 [0 1 1 0 0 1 1 1 1 1]
 [1 1 1 1 0 1 1 0 1 1]
 [0 0 0 1 1 1 1 1 1 1]
 [1 1 1 1 1 1 1 0 1 1]
 [0 1 1 0 1 0 1 1 0 1]
 [0 1 1 1 1 1 1 1 1 1]
 [1 1 1 1 0 0 1 1 1 1]
 [0 1 0 1 1 1 1 1 1 1]
 [1 1 1 0 0 1 1 1 1 1]
 [0 0 1 1 1 1 1 1 0 1]
 [0 1 1 1 0 1 1 1 1 1]
 [0 1 1 1 1 1 1 1 1 1]
 [0 1 1 1 1 1 1 1 1 1]
 [0 1 1 1 1 1 1 1 1 1]
 [0 1 1 1 1 1 1 1 1 1]]
branch at 2
runtime for solving id of Q is 0.000923721119761467
Simulation results:
{'J': 25, 'K': 10, 'N': 10, 'p': 0.9, 'seed': 12, 'sim': 1, 'runtime': 0.000923721119761467, 'identifiable': 0, 'branch': 2}
2
Q: [[1 1 1 1 1 1 1 1 1 1]
 [0 1 1 1 1 1 1 1 1 1]
 [1 1 1 1 1 1 1 1 1 1]
 [1 1 1 1 1 0 1 1 1 1]
 [0 1 1 0 1 1 1 1 1 1]
 [1 1 1 0 1 1 1 1 1 1]
 [1 1 1 0 1 1 1 1 1 1]
 [0 1 1 1 1 1 1 0 1 1]
 [1 0 1 1 1 1 1 1 1 1]
 [1 1 1 1 1 1 1 1 1 1]
 [1 1 1 1 1 1 1 1 1 1]
 [0 0 0 1 1 1 1 1 1 1]
 [1 1 0 1 1 1 1 1 1 1]
 [1 1 1 1 1 1 1 1 1 1]
 [1 1 1 1 1 1 1 1 1 1]
 [1 1 1 1 1 1 0 1 0 1]
 [1 1 1 1 1 0 1 1 0 1]
 [1 1 1 1 1 1 1 1 1 1]
 [1 1 1 0 1 1 1 0 1 1]
 [1 1 1 1 1 1 1 1 1 1]
 [1 1 1 1 0 1 1 0 1 1]
 [1 0 1 1 1 1 1 0 1 1]
 [1 1 1 1 1 1 1 1 1 1]
 [1 1 1 1 1 1 0 1 1 1]
 [1 1 1 1 1 1 1 1 1 1]]
Q is trivially not identifiable (all one column).
Q is not identifiable, and Q_bar is [[1 1 1 1 1 1 1 1 1 0]
 [0 1 1 1 1 1 1 1 1 0]
 [1 1 1 1 1 1 1 1 1 0]
 [1 1 1 1 1 0 1 1 1 0]
 [0 1 1 0 1 1 1 1 1 0]
 [1 1 1 0 1 1 1 1 1 0]
 [1 1 1 0 1 1 1 1 1 0]
 [0 1 1 1 1 1 1 0 1 0]
 [1 0 1 1 1 1 1 1 1 0]
 [1 1 1 1 1 1 1 1 1 0]
 [1 1 1 1 1 1 1 1 1 0]
 [0 0 0 1 1 1 1 1 1 0]
 [1 1 0 1 1 1 1 1 1 0]
 [1 1 1 1 1 1 1 1 1 0]
 [1 1 1 1 1 1 1 1 1 0]
 [1 1 1 1 1 1 0 1 0 0]
 [1 1 1 1 1 0 1 1 0 0]
 [1 1 1 1 1 1 1 1 1 0]
 [1 1 1 0 1 1 1 0 1 0]
 [1 1 1 1 1 1 1 1 1 0]
 [1 1 1 1 0 1 1 0 1 0]
 [1 0 1 1 1 1 1 0 1 0]
 [1 1 1 1 1 1 1 1 1 0]
 [1 1 1 1 1 1 0 1 1 0]
 [1 1 1 1 1 1 1 1 1 0]]
branch at 1
runtime for solving id of Q is 0.0007637809030711651
Simulation results:
{'J': 25, 'K': 10, 'N': 10, 'p': 0.9, 'seed': 12, 'sim': 2, 'runtime': 0.0007637809030711651, 'identifiable': 0, 'branch': 1}
3
Q: [[1 1 0 1 1 1 1 1 1 1]
 [1 1 1 1 1 1 1 0 1 1]
 [1 0 1 1 1 1 1 0 1 1]
 [0 1 1 1 0 1 1 1 1 1]
 [0 1 1 1 1 1 1 1 1 1]
 [1 1 1 0 1 1 1 1 1 1]
 [1 1 1 1 1 1 0 1 1 1]
 [0 0 0 1 1 1 1 1 1 1]
 [1 0 1 1 1 1 1 1 1 1]
 [1 1 1 1 1 1 1 0 1 0]
 [1 1 1 1 1 1 0 1 1 0]
 [1 1 1 1 1 1 1 0 1 1]
 [1 1 0 1 1 1 1 1 1 1]
 [1 0 1 1 1 1 1 1 1 1]
 [1 1 1 1 1 1 1 1 1 1]
 [1 1 1 1 1 1 1 1 1 1]
 [1 1 1 1 1 1 1 1 0 1]
 [0 0 1 1 1 1 1 1 0 1]
 [1 1 1 1 0 1 1 1 1 1]
 [1 1 1 1 0 1 1 1 1 1]
 [1 1 1 1 1 1 1 0 1 1]
 [1 1 1 1 1 1 1 1 1 1]
 [1 1 1 1 1 1 1 1 1 0]
 [1 1 1 1 1 1 1 1 1 1]
 [1 1 1 1 1 1 1 1 1 1]]
Q is trivially not identifiable (all one column).
Q is not identifiable, and Q_bar is [[1 1 0 1 1 0 1 1 1 1]
 [1 1 1 1 1 0 1 0 1 1]
 [1 0 1 1 1 0 1 0 1 1]
 [0 1 1 1 0 0 1 1 1 1]
 [0 1 1 1 1 0 1 1 1 1]
 [1 1 1 0 1 0 1 1 1 1]
 [1 1 1 1 1 0 0 1 1 1]
 [0 0 0 1 1 0 1 1 1 1]
 [1 0 1 1 1 0 1 1 1 1]
 [1 1 1 1 1 0 1 0 1 0]
 [1 1 1 1 1 0 0 1 1 0]
 [1 1 1 1 1 0 1 0 1 1]
 [1 1 0 1 1 0 1 1 1 1]
 [1 0 1 1 1 0 1 1 1 1]
 [1 1 1 1 1 0 1 1 1 1]
 [1 1 1 1 1 0 1 1 1 1]
 [1 1 1 1 1 0 1 1 0 1]
 [0 0 1 1 1 0 1 1 0 1]
 [1 1 1 1 0 0 1 1 1 1]
 [1 1 1 1 0 0 1 1 1 1]
 [1 1 1 1 1 0 1 0 1 1]
 [1 1 1 1 1 0 1 1 1 1]
 [1 1 1 1 1 0 1 1 1 0]
 [1 1 1 1 1 0 1 1 1 1]
 [1 1 1 1 1 0 1 1 1 1]]
branch at 1
runtime for solving id of Q is 0.0007192050106823444
Simulation results:
{'J': 25, 'K': 10, 'N': 10, 'p': 0.9, 'seed': 12, 'sim': 3, 'runtime': 0.0007192050106823444, 'identifiable': 0, 'branch': 1}
4
Q: [[1 1 1 1 1 1 1 1 1 1]
 [1 1 1 1 1 1 0 0 1 1]
 [0 1 1 1 1 1 1 1 1 1]
 [1 1 1 1 1 1 1 1 1 1]
 [1 1 1 1 1 1 0 1 1 1]
 [1 1 1 1 1 1 1 1 1 1]
 [1 1 1 1 1 1 1 1 1 1]
 [1 1 1 1 1 1 0 1 1 1]
 [1 0 0 1 1 1 1 1 1 1]
 [1 1 1 1 1 1 1 1 1 1]
 [1 1 1 1 1 1 1 0 1 1]
 [1 1 1 1 1 1 1 1 1 0]
 [1 1 1 1 1 1 0 1 1 0]
 [1 1 1 1 1 1 1 1 1 1]
 [1 1 0 1 1 1 1 0 1 1]
 [1 1 1 1 1 1 0 1 1 1]
 [1 1 1 1 0 1 1 0 1 1]
 [1 1 1 1 1 1 1 1 1 1]
 [1 1 1 0 1 1 1 1 1 1]
 [1 1 1 0 1 1 1 1 1 1]
 [1 1 1 1 1 1 1 1 1 1]
 [1 0 1 1 0 1 1 1 1 1]
 [1 1 1 1 1 1 1 1 1 1]
 [1 1 1 1 1 1 1 1 1 1]
 [1 1 1 1 1 1 1 1 1 1]]
Q_basis with dimensions J < K, thus not identifiable.
Q is not identifiable, and Q_bar is [[1 1 0 0 0 0 0 0 0 0]
 [0 0 0 0 0 0 1 0 0 0]
 [1 0 0 0 0 0 0 0 0 0]
 [1 1 0 0 0 0 0 0 0 0]
 [0 0 0 0 0 0 1 1 0 0]
 [1 1 0 0 0 0 0 0 0 0]
 [1 1 0 0 0 0 0 0 0 0]
 [0 0 0 0 0 0 1 1 0 0]
 [0 1 0 0 0 0 0 0 0 0]
 [1 1 0 0 0 0 0 0 0 0]
 [0 0 0 1 0 1 0 0 0 0]
 [0 0 0 0 0 0 0 0 1 0]
 [0 0 0 0 0 0 0 1 0 0]
 [1 1 0 0 0 0 0 0 0 0]
 [0 0 0 1 0 0 0 0 0 0]
 [0 0 0 0 0 0 1 1 0 0]
 [0 0 0 0 0 1 0 0 0 0]
 [1 1 0 0 0 0 0 0 0 0]
 [0 0 0 0 1 0 0 0 0 0]
 [0 0 0 0 1 0 0 0 0 0]
 [1 1 0 0 0 0 0 0 0 0]
 [0 0 1 0 0 0 0 0 0 0]
 [1 1 0 0 0 0 0 0 0 0]
 [1 1 0 0 0 0 0 0 0 0]
 [1 1 0 0 0 0 0 0 0 0]]
branch at -1
runtime for solving id of Q is 0.0006703361868858337
Simulation results:
{'J': 25, 'K': 10, 'N': 10, 'p': 0.9, 'seed': 12, 'sim': 4, 'runtime': 0.0006703361868858337, 'identifiable': 0, 'branch': -1}
5
Q: [[1 0 1 1 1 1 1 1 1 1]
 [1 1 1 1 1 1 1 1 0 1]
 [1 1 1 1 0 1 1 1 0 1]
 [1 1 1 1 1 1 1 1 0 1]
 [1 1 1 1 1 1 1 1 1 1]
 [1 1 1 1 1 1 1 1 1 1]
 [1 1 1 1 1 1 1 1 1 1]
 [1 1 1 1 1 1 1 1 1 1]
 [1 1 1 1 1 1 1 1 1 1]
 [0 1 1 1 1 0 1 1 1 1]
 [1 1 1 1 1 1 1 1 1 1]
 [1 1 1 1 1 1 1 1 1 0]
 [1 1 1 1 1 1 1 1 1 1]
 [1 1 1 1 1 1 1 1 1 1]
 [1 1 0 0 1 1 1 1 1 1]
 [1 1 0 1 1 1 1 1 1 0]
 [1 1 1 1 1 1 1 1 1 0]
 [1 1 1 0 0 0 1 1 1 1]
 [1 1 1 1 1 1 1 0 0 1]
 [1 1 1 1 1 1 1 1 0 1]
 [1 1 1 1 1 1 1 1 1 1]
 [1 1 1 1 1 1 1 1 1 1]
 [1 0 1 1 1 1 1 1 1 1]
 [1 1 1 1 1 0 1 0 1 0]
 [1 1 0 1 1 1 1 1 1 0]]
Q_basis with dimensions J < K, thus not identifiable.
Q is not identifiable, and Q_bar is [[0 1 0 0 0 0 0 0 0 0]
 [0 0 0 0 0 1 0 1 0 0]
 [0 0 0 0 0 1 0 0 0 0]
 [0 0 0 0 0 1 0 1 0 0]
 [1 1 0 0 0 0 0 0 0 0]
 [1 1 0 0 0 0 0 0 0 0]
 [1 1 0 0 0 0 0 0 0 0]
 [1 1 0 0 0 0 0 0 0 0]
 [1 1 0 0 0 0 0 0 0 0]
 [1 0 0 0 0 0 0 0 0 0]
 [1 1 0 0 0 0 0 0 0 0]
 [0 0 0 1 0 0 1 0 0 0]
 [1 1 0 0 0 0 0 0 0 0]
 [1 1 0 0 0 0 0 0 0 0]
 [0 0 1 0 0 0 0 0 0 0]
 [0 0 0 1 0 0 0 0 0 0]
 [0 0 0 1 0 0 1 0 0 0]
 [0 0 0 0 1 0 0 0 0 0]
 [0 0 0 0 0 0 0 1 0 0]
 [0 0 0 0 0 1 0 1 0 0]
 [1 1 0 0 0 0 0 0 0 0]
 [1 1 0 0 0 0 0 0 0 0]
 [0 1 0 0 0 0 0 0 0 0]
 [0 0 0 0 0 0 1 0 0 0]
 [0 0 0 1 0 0 0 0 0 0]]
branch at -1
runtime for solving id of Q is 0.0006330232135951519
Simulation results:
{'J': 25, 'K': 10, 'N': 10, 'p': 0.9, 'seed': 12, 'sim': 5, 'runtime': 0.0006330232135951519, 'identifiable': 0, 'branch': -1}
6
Q: [[1 1 1 1 0 1 1 1 0 1]
 [1 1 1 1 1 0 1 1 1 1]
 [1 1 1 1 1 1 1 1 1 1]
 [1 1 1 1 1 1 1 1 1 1]
 [1 0 1 1 1 1 1 1 1 1]
 [1 1 1 1 0 1 1 1 1 1]
 [1 1 1 1 0 1 1 1 1 1]
 [1 1 0 1 0 1 1 1 1 1]
 [1 1 1 1 1 0 0 1 1 1]
 [1 1 1 1 1 1 1 1 1 1]
 [1 1 1 1 1 1 1 1 1 1]
 [1 1 1 1 1 1 1 1 1 1]
 [1 1 0 1 1 1 1 1 0 1]
 [1 1 1 1 1 1 0 1 0 1]
 [1 1 1 1 0 1 1 1 1 1]
 [1 1 0 0 1 1 1 1 1 1]
 [1 1 1 0 1 1 1 1 1 1]
 [1 1 1 1 1 0 1 1 1 0]
 [1 1 1 1 1 1 0 1 1 1]
 [1 1 1 1 1 1 1 1 1 1]
 [0 1 1 1 1 1 0 1 1 1]
 [1 1 1 1 1 1 1 1 1 1]
 [1 1 1 1 1 1 1 1 1 0]
 [1 1 1 1 1 1 1 1 1 1]
 [1 1 1 1 1 1 1 1 0 1]]
Q is trivially not identifiable (all one column).
Q is not identifiable, and Q_bar is [[1 1 1 1 0 1 1 0 0 1]
 [1 1 1 1 1 0 1 0 1 1]
 [1 1 1 1 1 1 1 0 1 1]
 [1 1 1 1 1 1 1 0 1 1]
 [1 0 1 1 1 1 1 0 1 1]
 [1 1 1 1 0 1 1 0 1 1]
 [1 1 1 1 0 1 1 0 1 1]
 [1 1 0 1 0 1 1 0 1 1]
 [1 1 1 1 1 0 0 0 1 1]
 [1 1 1 1 1 1 1 0 1 1]
 [1 1 1 1 1 1 1 0 1 1]
 [1 1 1 1 1 1 1 0 1 1]
 [1 1 0 1 1 1 1 0 0 1]
 [1 1 1 1 1 1 0 0 0 1]
 [1 1 1 1 0 1 1 0 1 1]
 [1 1 0 0 1 1 1 0 1 1]
 [1 1 1 0 1 1 1 0 1 1]
 [1 1 1 1 1 0 1 0 1 0]
 [1 1 1 1 1 1 0 0 1 1]
 [1 1 1 1 1 1 1 0 1 1]
 [0 1 1 1 1 1 0 0 1 1]
 [1 1 1 1 1 1 1 0 1 1]
 [1 1 1 1 1 1 1 0 1 0]
 [1 1 1 1 1 1 1 0 1 1]
 [1 1 1 1 1 1 1 0 0 1]]
branch at 1
runtime for solving id of Q is 0.0007368410006165504
Simulation results:
{'J': 25, 'K': 10, 'N': 10, 'p': 0.9, 'seed': 12, 'sim': 6, 'runtime': 0.0007368410006165504, 'identifiable': 0, 'branch': 1}
7
Q: [[1 1 1 1 1 1 1 1 1 1]
 [1 1 1 1 1 1 1 0 1 1]
 [1 1 1 1 1 1 0 1 1 1]
 [1 1 1 1 1 0 1 1 1 1]
 [1 1 0 1 1 0 1 1 1 1]
 [1 1 1 1 0 0 1 1 1 0]
 [1 1 0 1 1 0 1 1 1 1]
 [1 1 1 1 1 1 1 1 1 1]
 [1 1 1 1 1 1 1 1 1 1]
 [1 1 1 1 1 1 1 1 1 1]
 [1 0 1 1 1 0 1 1 1 1]
 [1 0 1 0 1 1 1 1 1 1]
 [1 0 0 1 1 1 1 1 0 1]
 [1 1 0 0 1 0 1 0 1 1]
 [1 1 1 1 1 1 1 1 1 1]
 [1 1 1 1 1 0 1 1 1 1]
 [1 1 1 1 1 1 0 1 1 1]
 [1 1 1 1 1 1 1 1 1 1]
 [1 0 0 1 1 1 1 1 1 1]
 [1 1 0 0 1 1 1 1 1 1]
 [1 1 1 1 1 1 1 1 1 1]
 [1 1 1 1 1 0 1 1 1 1]
 [1 1 1 1 1 0 1 0 1 1]
 [1 1 1 1 1 1 1 1 1 1]
 [1 1 1 1 1 1 1 1 1 1]]
Q is trivially not identifiable (all one column).
Q is not identifiable, and Q_bar is [[0 1 1 1 1 1 1 1 1 1]
 [0 1 1 1 1 1 1 0 1 1]
 [0 1 1 1 1 1 0 1 1 1]
 [0 1 1 1 1 0 1 1 1 1]
 [0 1 0 1 1 0 1 1 1 1]
 [0 1 1 1 0 0 1 1 1 0]
 [0 1 0 1 1 0 1 1 1 1]
 [0 1 1 1 1 1 1 1 1 1]
 [0 1 1 1 1 1 1 1 1 1]
 [0 1 1 1 1 1 1 1 1 1]
 [0 0 1 1 1 0 1 1 1 1]
 [0 0 1 0 1 1 1 1 1 1]
 [0 0 0 1 1 1 1 1 0 1]
 [0 1 0 0 1 0 1 0 1 1]
 [0 1 1 1 1 1 1 1 1 1]
 [0 1 1 1 1 0 1 1 1 1]
 [0 1 1 1 1 1 0 1 1 1]
 [0 1 1 1 1 1 1 1 1 1]
 [0 0 0 1 1 1 1 1 1 1]
 [0 1 0 0 1 1 1 1 1 1]
 [0 1 1 1 1 1 1 1 1 1]
 [0 1 1 1 1 0 1 1 1 1]
 [0 1 1 1 1 0 1 0 1 1]
 [0 1 1 1 1 1 1 1 1 1]
 [0 1 1 1 1 1 1 1 1 1]]
branch at 1
runtime for solving id of Q is 0.000690520741045475
Simulation results:
{'J': 25, 'K': 10, 'N': 10, 'p': 0.9, 'seed': 12, 'sim': 7, 'runtime': 0.000690520741045475, 'identifiable': 0, 'branch': 1}
8
Q: [[1 1 1 1 1 1 1 1 0 1]
 [1 1 1 1 1 1 1 1 1 1]
 [1 1 1 1 1 1 1 0 1 1]
 [1 1 1 1 0 1 1 1 1 0]
 [1 1 0 1 1 1 1 1 1 1]
 [1 1 1 1 1 1 1 1 1 0]
 [1 1 1 1 1 1 1 1 1 1]
 [1 1 1 1 1 1 1 1 1 1]
 [1 1 1 1 1 1 0 1 1 1]
 [1 1 1 1 1 0 1 0 1 1]
 [1 0 1 1 1 1 1 1 1 1]
 [1 1 1 1 1 1 1 1 1 1]
 [1 1 1 1 1 1 1 1 1 1]
 [1 1 1 1 1 1 1 1 1 1]
 [1 1 0 1 1 1 1 1 0 1]
 [0 0 1 1 1 1 1 1 1 1]
 [1 1 1 1 1 1 1 1 1 1]
 [0 0 1 1 1 1 1 1 1 1]
 [0 1 1 1 1 1 1 0 1 1]
 [1 1 1 1 1 1 1 1 1 1]
 [1 1 1 1 1 1 1 1 1 1]
 [1 1 1 1 1 1 1 1 1 1]
 [1 1 1 1 1 1 1 1 1 1]
 [1 1 1 1 1 1 1 1 1 1]
 [1 1 1 1 0 1 1 1 1 1]]
Q is trivially not identifiable (all one column).
Q is not identifiable, and Q_bar is [[1 1 1 0 1 1 1 1 0 1]
 [1 1 1 0 1 1 1 1 1 1]
 [1 1 1 0 1 1 1 0 1 1]
 [1 1 1 0 0 1 1 1 1 0]
 [1 1 0 0 1 1 1 1 1 1]
 [1 1 1 0 1 1 1 1 1 0]
 [1 1 1 0 1 1 1 1 1 1]
 [1 1 1 0 1 1 1 1 1 1]
 [1 1 1 0 1 1 0 1 1 1]
 [1 1 1 0 1 0 1 0 1 1]
 [1 0 1 0 1 1 1 1 1 1]
 [1 1 1 0 1 1 1 1 1 1]
 [1 1 1 0 1 1 1 1 1 1]
 [1 1 1 0 1 1 1 1 1 1]
 [1 1 0 0 1 1 1 1 0 1]
 [0 0 1 0 1 1 1 1 1 1]
 [1 1 1 0 1 1 1 1 1 1]
 [0 0 1 0 1 1 1 1 1 1]
 [0 1 1 0 1 1 1 0 1 1]
 [1 1 1 0 1 1 1 1 1 1]
 [1 1 1 0 1 1 1 1 1 1]
 [1 1 1 0 1 1 1 1 1 1]
 [1 1 1 0 1 1 1 1 1 1]
 [1 1 1 0 1 1 1 1 1 1]
 [1 1 1 0 0 1 1 1 1 1]]
branch at 1
runtime for solving id of Q is 0.0006921794265508652
Simulation results:
{'J': 25, 'K': 10, 'N': 10, 'p': 0.9, 'seed': 12, 'sim': 8, 'runtime': 0.0006921794265508652, 'identifiable': 0, 'branch': 1}
9
Q: [[1 1 1 1 1 0 1 1 1 1]
 [0 1 1 1 1 1 1 1 1 1]
 [1 1 1 1 0 1 1 1 1 1]
 [1 1 1 1 1 1 1 1 1 0]
 [1 1 1 1 1 1 1 1 1 1]
 [1 1 1 0 1 1 1 1 1 1]
 [1 0 0 1 1 1 1 1 1 1]
 [1 1 1 0 1 1 1 1 1 1]
 [0 1 1 1 1 0 1 1 1 1]
 [1 1 1 1 1 0 1 1 1 1]
 [1 1 1 1 1 0 1 1 1 1]
 [1 1 1 1 1 1 1 1 1 1]
 [1 1 1 1 1 1 1 1 1 1]
 [1 1 1 1 1 1 1 1 1 0]
 [1 1 1 1 1 1 1 1 1 1]
 [0 1 1 1 1 1 0 1 1 1]
 [1 1 1 1 1 1 1 0 1 1]
 [1 1 1 1 1 1 1 1 1 1]
 [1 1 1 1 1 1 1 1 1 1]
 [1 1 1 1 1 1 1 1 1 1]
 [1 1 1 0 1 1 1 1 1 0]
 [1 1 1 1 0 1 1 1 1 1]
 [1 1 1 1 1 1 1 1 1 1]
 [0 1 1 1 0 1 1 1 1 1]
 [1 1 1 1 1 1 1 1 1 1]]
Q is trivially not identifiable (all one column).
Q is not identifiable, and Q_bar is [[1 1 1 1 1 0 1 1 0 1]
 [0 1 1 1 1 1 1 1 0 1]
 [1 1 1 1 0 1 1 1 0 1]
 [1 1 1 1 1 1 1 1 0 0]
 [1 1 1 1 1 1 1 1 0 1]
 [1 1 1 0 1 1 1 1 0 1]
 [1 0 0 1 1 1 1 1 0 1]
 [1 1 1 0 1 1 1 1 0 1]
 [0 1 1 1 1 0 1 1 0 1]
 [1 1 1 1 1 0 1 1 0 1]
 [1 1 1 1 1 0 1 1 0 1]
 [1 1 1 1 1 1 1 1 0 1]
 [1 1 1 1 1 1 1 1 0 1]
 [1 1 1 1 1 1 1 1 0 0]
 [1 1 1 1 1 1 1 1 0 1]
 [0 1 1 1 1 1 0 1 0 1]
 [1 1 1 1 1 1 1 0 0 1]
 [1 1 1 1 1 1 1 1 0 1]
 [1 1 1 1 1 1 1 1 0 1]
 [1 1 1 1 1 1 1 1 0 1]
 [1 1 1 0 1 1 1 1 0 0]
 [1 1 1 1 0 1 1 1 0 1]
 [1 1 1 1 1 1 1 1 0 1]
 [0 1 1 1 0 1 1 1 0 1]
 [1 1 1 1 1 1 1 1 0 1]]
branch at 1
runtime for solving id of Q is 0.00069473497569561
Simulation results:
{'J': 25, 'K': 10, 'N': 10, 'p': 0.9, 'seed': 12, 'sim': 9, 'runtime': 0.00069473497569561, 'identifiable': 0, 'branch': 1}
Simulation results:
[{'J': 25, 'K': 10, 'N': 10, 'p': 0.9, 'seed': 12, 'sim': 0, 'runtime': 0.0012167091481387615, 'identifiable': 0, 'branch': 2}, {'J': 25, 'K': 10, 'N': 10, 'p': 0.9, 'seed': 12, 'sim': 1, 'runtime': 0.000923721119761467, 'identifiable': 0, 'branch': 2}, {'J': 25, 'K': 10, 'N': 10, 'p': 0.9, 'seed': 12, 'sim': 2, 'runtime': 0.0007637809030711651, 'identifiable': 0, 'branch': 1}, {'J': 25, 'K': 10, 'N': 10, 'p': 0.9, 'seed': 12, 'sim': 3, 'runtime': 0.0007192050106823444, 'identifiable': 0, 'branch': 1}, {'J': 25, 'K': 10, 'N': 10, 'p': 0.9, 'seed': 12, 'sim': 4, 'runtime': 0.0006703361868858337, 'identifiable': 0, 'branch': -1}, {'J': 25, 'K': 10, 'N': 10, 'p': 0.9, 'seed': 12, 'sim': 5, 'runtime': 0.0006330232135951519, 'identifiable': 0, 'branch': -1}, {'J': 25, 'K': 10, 'N': 10, 'p': 0.9, 'seed': 12, 'sim': 6, 'runtime': 0.0007368410006165504, 'identifiable': 0, 'branch': 1}, {'J': 25, 'K': 10, 'N': 10, 'p': 0.9, 'seed': 12, 'sim': 7, 'runtime': 0.000690520741045475, 'identifiable': 0, 'branch': 1}, {'J': 25, 'K': 10, 'N': 10, 'p': 0.9, 'seed': 12, 'sim': 8, 'runtime': 0.0006921794265508652, 'identifiable': 0, 'branch': 1}, {'J': 25, 'K': 10, 'N': 10, 'p': 0.9, 'seed': 12, 'sim': 9, 'runtime': 0.00069473497569561, 'identifiable': 0, 'branch': 1}]
