
The Gurobi software has a limited number of licenses. To request a license or
licenses, add this line

    #SBATCH --licenses=gurobi@slurmdb:1

to your SBATCH script, replacing N with the number of licenses you need. Gurobi
will need one license per process.


0
Q: [[1 1 1 1 1 0 1 1 0 1]
 [1 1 1 1 0 1 1 0 1 1]
 [1 1 1 1 1 0 1 1 1 1]
 [1 1 1 0 1 0 1 1 1 0]
 [1 0 1 1 1 1 1 1 1 1]
 [1 1 1 1 1 1 0 1 1 1]
 [1 0 1 1 1 1 0 1 1 0]
 [1 1 1 1 1 1 1 1 1 1]
 [1 1 0 1 1 1 1 1 0 1]
 [1 1 1 1 1 1 1 1 1 1]
 [1 1 1 1 1 1 1 1 1 1]
 [1 1 1 1 1 1 1 1 0 1]
 [1 1 0 1 0 1 0 1 1 1]
 [0 1 1 1 1 1 1 1 1 1]
 [1 1 0 0 1 1 1 0 1 1]
 [1 1 1 1 1 1 1 1 0 0]
 [1 1 1 1 1 1 0 0 1 0]
 [1 1 1 1 0 0 1 1 1 1]
 [1 1 1 1 1 1 1 1 1 1]
 [0 1 1 1 1 1 1 1 1 0]
 [1 1 1 0 1 1 1 1 1 0]
 [1 1 1 1 1 1 1 1 1 0]
 [1 1 1 1 1 1 1 1 1 1]
 [1 0 0 1 0 1 1 1 1 1]
 [1 1 0 0 1 1 1 1 1 1]
 [1 1 1 0 1 1 0 1 1 1]
 [1 1 1 1 1 1 1 1 1 0]
 [1 1 1 1 1 1 0 1 1 1]
 [1 1 0 1 1 1 1 0 0 1]
 [0 1 0 1 0 1 1 1 1 1]
 [1 1 1 1 1 1 1 1 1 1]
 [1 0 1 1 1 1 0 1 1 1]
 [1 0 1 1 1 1 1 0 0 1]
 [1 1 1 1 1 1 1 1 1 1]
 [1 1 1 1 1 1 0 1 1 0]
 [1 0 1 0 0 1 0 1 1 1]
 [1 1 1 1 0 1 1 1 1 1]
 [1 1 1 1 1 0 1 1 0 1]
 [1 1 1 0 1 1 1 1 1 1]
 [1 1 1 0 1 1 1 1 1 0]
 [1 1 1 0 1 1 0 1 1 1]
 [1 1 0 1 0 1 0 1 1 1]
 [1 0 1 1 1 1 1 1 1 1]
 [1 0 1 1 1 1 1 1 1 0]
 [1 1 1 0 1 0 0 0 1 1]
 [1 1 1 1 0 1 1 0 1 1]
 [1 1 1 1 1 1 1 1 1 1]
 [1 1 1 0 1 1 1 1 1 1]
 [0 1 1 1 1 1 1 1 0 1]
 [1 1 1 1 1 1 1 1 1 1]]
Q is not identifiable (three-column submatrix not identifiable).
Q is not identifiable, and Q_bar is [[1 1 1 1 1 0 1 1 0 1]
 [1 1 1 1 0 1 1 0 1 1]
 [1 1 1 1 1 0 1 1 1 1]
 [1 1 1 0 1 0 1 1 1 0]
 [1 0 1 1 1 1 1 1 1 1]
 [1 1 1 1 1 1 0 1 1 1]
 [1 0 1 1 1 1 0 1 1 0]
 [1 1 1 1 1 1 1 1 1 1]
 [1 1 0 1 1 1 1 1 0 1]
 [1 1 1 1 1 1 1 1 1 1]
 [1 1 1 1 1 1 1 1 1 1]
 [1 1 1 1 1 1 1 1 0 1]
 [1 1 0 1 0 1 0 1 1 1]
 [1 1 1 1 1 1 1 1 1 1]
 [1 1 0 0 1 1 1 0 1 1]
 [1 1 1 1 1 1 1 1 0 0]
 [1 1 1 1 1 1 0 0 1 0]
 [1 1 1 1 0 0 1 1 1 1]
 [1 1 1 1 1 1 1 1 1 1]
 [0 1 1 1 1 1 1 1 1 0]
 [1 1 1 0 1 1 1 1 1 0]
 [1 1 1 1 1 1 1 1 1 0]
 [1 1 1 1 1 1 1 1 1 1]
 [1 0 0 1 0 1 1 1 1 1]
 [1 1 0 0 1 1 1 1 1 1]
 [1 1 1 0 1 1 0 1 1 1]
 [1 1 1 1 1 1 1 1 1 0]
 [1 1 1 1 1 1 0 1 1 1]
 [1 1 0 1 1 1 1 0 0 1]
 [1 0 0 1 0 0 1 1 1 1]
 [1 1 1 1 1 1 1 1 1 1]
 [1 0 1 1 1 1 0 1 1 1]
 [1 0 1 1 1 1 1 0 0 1]
 [1 1 1 1 1 1 1 1 1 1]
 [1 1 1 1 1 1 0 1 1 0]
 [1 0 1 0 0 1 0 1 1 1]
 [1 0 1 1 0 1 1 1 1 1]
 [1 1 1 1 1 0 1 1 0 1]
 [1 1 1 0 1 1 1 1 1 1]
 [1 1 1 0 1 1 1 1 1 0]
 [1 1 1 0 1 1 0 1 1 1]
 [1 1 0 1 0 1 0 1 1 1]
 [1 0 1 1 1 1 1 1 1 1]
 [1 0 1 1 1 1 1 1 1 0]
 [1 1 1 0 1 0 0 0 1 1]
 [1 1 1 1 0 1 1 0 1 1]
 [1 1 1 1 1 1 1 1 1 1]
 [1 1 1 0 1 1 1 1 1 1]
 [0 1 1 1 1 1 1 1 0 1]
 [1 1 1 1 1 1 1 1 1 1]]
branch at 3
runtime for solving id of Q is 0.0026517678052186966
Simulation results:
{'J': 50, 'K': 10, 'N': 10, 'p': 0.8, 'seed': 46, 'sim': 0, 'runtime': 0.0026517678052186966, 'identifiable': 0, 'branch': 3}
1
Q: [[0 1 1 1 1 1 1 1 0 1]
 [1 1 1 1 1 0 0 1 1 1]
 [1 1 1 1 1 1 1 1 1 1]
 [1 1 1 1 1 1 1 1 1 1]
 [0 1 1 1 0 1 1 0 1 1]
 [1 1 1 0 1 1 1 1 1 1]
 [1 0 0 1 1 0 1 0 1 1]
 [1 1 1 1 0 1 0 1 1 1]
 [1 1 0 1 0 1 1 1 1 1]
 [1 1 1 1 0 1 1 1 1 1]
 [1 1 1 0 1 0 1 1 1 1]
 [0 1 0 1 1 1 1 1 1 0]
 [1 1 1 1 1 0 1 1 1 1]
 [1 0 0 1 1 0 1 1 1 1]
 [1 1 1 1 1 1 1 1 1 1]
 [1 1 1 1 0 1 0 1 1 1]
 [1 1 0 1 1 1 1 1 1 1]
 [1 1 0 1 0 0 1 0 1 1]
 [1 0 1 1 1 1 1 1 1 1]
 [1 1 1 1 0 1 0 1 1 0]
 [1 0 1 0 1 1 1 1 1 1]
 [1 1 1 0 1 0 0 1 1 1]
 [0 1 1 1 0 1 0 0 1 1]
 [0 1 0 1 1 1 1 1 0 0]
 [1 1 0 1 0 1 1 1 0 0]
 [1 1 1 1 1 1 0 1 1 1]
 [1 1 1 1 1 0 1 1 1 1]
 [1 1 1 1 1 0 0 1 1 1]
 [1 1 1 1 1 1 1 1 1 0]
 [1 0 1 1 1 1 1 1 0 1]
 [0 0 1 1 1 0 1 1 1 1]
 [1 1 0 1 1 1 1 1 1 1]
 [1 1 0 0 0 1 1 1 1 0]
 [1 0 1 1 1 1 0 1 1 1]
 [1 0 1 1 1 1 1 1 0 1]
 [1 1 1 1 1 0 1 1 1 1]
 [1 1 1 1 1 1 1 1 0 1]
 [0 1 1 1 0 0 1 1 1 0]
 [0 0 1 1 1 1 0 1 1 1]
 [1 0 1 0 0 0 1 1 1 1]
 [1 1 1 1 1 1 0 0 1 0]
 [0 1 1 1 1 0 1 1 1 1]
 [1 1 1 1 1 0 1 0 0 0]
 [0 0 1 1 0 0 1 1 1 1]
 [1 1 1 1 0 1 1 1 0 1]
 [1 1 1 1 1 0 1 1 1 1]
 [1 0 1 1 1 0 1 0 1 1]
 [1 1 1 1 0 1 0 1 1 0]
 [0 1 1 0 1 1 1 1 1 1]
 [1 1 1 1 1 1 1 1 1 1]]
{'restarts': 1, 'conflicts': 191, 'decisions': 1046, 'propagations': 165636}
Q is not identifiable, and Q_bar is [[0 1 1 1 1 1 1 0 1 0]
 [1 1 1 1 0 0 1 1 1 0]
 [1 1 1 1 1 1 1 1 1 1]
 [1 1 1 1 1 1 1 1 1 1]
 [0 1 1 1 1 1 0 1 0 0]
 [1 1 0 1 0 1 1 1 1 1]
 [1 0 0 1 1 0 1 1 0 0]
 [1 1 1 1 0 1 0 1 1 0]
 [1 1 0 1 1 1 0 1 0 1]
 [1 1 1 1 0 1 0 1 1 1]
 [1 1 0 1 0 0 1 1 1 1]
 [0 1 0 0 1 1 1 1 0 1]
 [1 1 1 1 1 0 1 1 0 1]
 [1 0 0 1 1 0 1 1 0 1]
 [1 1 1 1 1 1 1 1 1 1]
 [1 1 1 1 0 1 0 1 1 0]
 [1 1 0 1 1 1 1 1 0 1]
 [1 1 0 1 1 0 0 1 0 0]
 [1 0 1 1 1 1 1 1 1 0]
 [1 1 1 0 0 1 0 1 1 0]
 [1 0 0 1 0 1 1 1 1 1]
 [1 1 0 1 0 0 1 1 1 0]
 [0 1 1 1 0 1 0 1 0 0]
 [0 1 0 0 1 1 1 0 0 1]
 [1 1 0 0 1 1 0 0 0 1]
 [1 1 1 1 0 1 1 1 1 0]
 [1 1 1 1 1 0 1 1 0 1]
 [1 1 1 1 0 0 1 1 1 0]
 [1 1 1 0 1 1 1 1 0 1]
 [1 0 1 1 1 1 1 0 0 1]
 [0 0 0 1 1 0 1 1 1 0]
 [1 1 0 1 1 1 1 1 0 1]
 [1 1 0 0 0 1 0 1 0 1]
 [1 0 1 1 0 1 1 1 1 0]
 [1 0 1 1 1 1 1 0 0 1]
 [1 1 1 1 1 0 1 1 0 1]
 [1 1 1 1 1 1 1 0 0 1]
 [0 1 1 0 0 0 0 1 0 1]
 [0 0 1 1 0 1 1 1 1 0]
 [1 0 0 1 0 0 0 1 1 1]
 [1 1 1 0 0 1 1 1 0 0]
 [0 1 1 1 1 0 1 1 1 1]
 [1 1 1 0 1 0 1 0 0 0]
 [0 0 1 1 0 0 0 1 1 1]
 [1 1 1 1 0 1 0 0 0 1]
 [1 1 1 1 1 0 1 1 0 1]
 [1 0 1 1 1 0 1 1 0 0]
 [1 1 1 0 0 1 0 1 1 0]
 [0 1 0 1 0 1 1 1 1 1]
 [1 1 1 1 1 1 1 1 1 1]]
branch at 5
runtime for solving id of Q is 0.18163966294378042
Simulation results:
{'J': 50, 'K': 10, 'N': 10, 'p': 0.8, 'seed': 46, 'sim': 1, 'runtime': 0.18163966294378042, 'identifiable': 0, 'branch': 5}
2
Q: [[1 0 1 1 0 1 1 1 1 0]
 [1 1 0 1 1 1 1 1 1 1]
 [1 1 1 1 1 1 0 1 1 1]
 [0 1 1 1 1 0 0 0 0 1]
 [1 1 0 1 1 1 1 1 1 1]
 [1 1 1 1 0 1 1 1 1 1]
 [1 1 1 1 0 1 1 1 1 1]
 [1 1 1 1 1 1 1 1 1 1]
 [0 1 0 0 1 1 1 1 1 1]
 [0 1 1 1 1 1 1 0 0 0]
 [1 1 0 1 0 1 0 1 1 1]
 [1 1 0 1 1 0 0 1 1 0]
 [0 1 1 1 1 1 1 1 1 1]
 [1 0 1 0 1 1 1 1 1 1]
 [0 1 1 1 0 1 1 1 1 1]
 [1 1 0 1 0 1 1 1 1 1]
 [1 1 1 1 1 0 1 1 1 0]
 [0 1 1 1 1 1 1 1 1 1]
 [1 1 1 1 0 1 1 1 0 1]
 [1 1 1 0 1 1 0 1 1 1]
 [1 1 1 1 0 1 1 1 0 1]
 [1 1 1 1 0 1 1 1 1 0]
 [1 1 1 1 1 1 1 1 1 1]
 [0 0 1 1 1 1 1 1 1 1]
 [1 0 1 1 1 1 1 0 1 1]
 [1 1 0 1 1 1 1 1 0 0]
 [1 0 1 1 1 1 1 0 0 0]
 [1 1 0 1 1 1 1 1 1 1]
 [1 1 0 1 1 1 1 1 1 0]
 [1 1 1 1 1 1 1 1 1 0]
 [1 1 0 1 0 0 1 1 0 1]
 [1 1 1 1 1 1 1 1 1 1]
 [1 1 1 1 1 0 0 1 1 1]
 [0 1 0 1 1 1 1 1 1 0]
 [1 1 1 1 1 0 0 1 1 1]
 [0 1 0 1 0 1 0 1 1 1]
 [1 1 0 1 1 1 1 1 0 1]
 [1 1 1 1 1 1 1 1 0 1]
 [1 1 1 1 1 0 1 1 1 1]
 [0 0 0 1 1 1 1 0 0 1]
 [1 1 0 1 0 1 1 1 1 1]
 [1 1 1 0 0 1 1 1 0 1]
 [1 1 0 1 1 0 1 1 1 1]
 [1 1 1 1 1 1 1 0 1 1]
 [1 1 1 1 0 0 0 1 1 1]
 [1 0 1 1 1 1 0 1 1 1]
 [1 1 0 1 1 1 1 1 1 0]
 [1 1 0 1 1 1 0 0 1 1]
 [1 1 0 1 1 1 1 1 1 0]
 [1 1 0 1 1 1 1 1 0 1]]
{'restarts': 10, 'conflicts': 2299, 'decisions': 6426, 'propagations': 1952316}
Q is not identifiable, and Q_bar is [[0 1 0 0 1 0 1 1 0 0]
 [1 0 0 1 0 1 1 1 1 0]
 [0 1 1 0 1 0 1 0 1 0]
 [0 0 0 1 1 0 0 0 1 0]
 [1 0 0 1 0 1 1 1 1 0]
 [0 1 0 0 1 0 1 1 1 0]
 [0 1 0 0 1 0 1 1 1 0]
 [0 0 1 1 1 1 1 1 0 1]
 [0 0 0 1 0 1 1 0 0 0]
 [0 0 0 1 1 0 0 0 0 1]
 [0 1 0 0 0 0 1 0 1 0]
 [0 1 0 1 0 0 0 0 0 0]
 [0 0 0 1 1 1 1 0 0 1]
 [0 0 1 0 1 1 1 1 0 0]
 [0 0 0 0 1 1 1 0 1 0]
 [1 0 0 0 0 0 1 1 1 0]
 [0 1 0 1 1 0 0 1 0 0]
 [0 0 0 1 1 1 1 0 0 1]
 [1 0 0 0 1 1 0 1 1 0]
 [0 0 1 1 1 0 1 0 0 0]
 [1 0 0 0 1 1 0 1 1 0]
 [1 1 0 0 1 0 1 1 0 0]
 [0 0 1 1 1 1 1 1 0 1]
 [0 0 0 0 1 1 1 0 0 1]
 [0 0 1 0 1 0 0 0 0 1]
 [1 0 0 1 0 0 0 0 0 1]
 [0 0 0 0 1 0 0 1 0 1]
 [1 0 0 1 0 1 1 1 1 0]
 [0 1 0 1 0 0 1 0 0 1]
 [0 1 0 1 1 0 1 1 0 1]
 [1 0 0 0 0 0 0 1 1 0]
 [0 0 1 1 1 1 1 1 0 1]
 [0 1 0 1 1 0 0 0 1 0]
 [0 0 0 1 0 0 1 0 0 1]
 [0 1 0 1 1 0 0 0 1 0]
 [0 0 0 0 0 0 1 0 1 0]
 [1 0 0 0 0 1 0 1 1 1]
 [1 0 0 1 1 1 0 1 1 1]
 [1 1 0 1 1 0 0 1 1 0]
 [0 0 0 0 0 1 0 0 0 1]
 [1 0 0 0 0 0 1 1 1 0]
 [1 0 0 0 1 1 0 0 0 0]
 [1 1 0 1 0 0 0 1 1 0]
 [0 0 1 1 1 0 0 0 1 1]
 [1 1 0 0 1 0 0 0 1 0]
 [0 1 1 0 1 0 1 0 0 0]
 [0 1 0 1 0 0 1 0 0 1]
 [0 0 1 0 0 0 0 0 1 0]
 [0 1 0 1 0 0 1 0 0 1]
 [1 0 0 0 0 1 0 1 1 1]]
branch at 5
runtime for solving id of Q is 0.2712483718059957
Simulation results:
{'J': 50, 'K': 10, 'N': 10, 'p': 0.8, 'seed': 46, 'sim': 2, 'runtime': 0.2712483718059957, 'identifiable': 0, 'branch': 5}
3
Q: [[1 1 1 1 1 1 0 1 1 0]
 [0 1 1 1 0 1 1 0 1 0]
 [1 1 1 0 1 1 1 1 1 0]
 [1 1 1 1 1 0 1 0 1 0]
 [1 0 0 1 1 0 1 1 1 1]
 [0 1 1 1 0 1 0 1 1 1]
 [0 1 1 1 0 1 0 0 1 1]
 [1 1 1 1 1 1 1 1 0 1]
 [1 1 0 1 0 1 1 1 1 1]
 [1 1 1 1 1 1 1 0 1 1]
 [0 1 1 1 1 1 1 1 0 1]
 [1 0 1 1 1 1 1 1 1 0]
 [0 1 1 1 1 1 1 0 1 0]
 [0 1 1 1 1 0 0 1 0 1]
 [1 1 1 1 0 1 1 1 1 1]
 [1 1 1 0 1 0 0 0 1 1]
 [1 1 1 0 1 1 1 1 1 1]
 [1 0 1 0 1 0 1 0 1 1]
 [1 0 0 1 1 1 0 0 1 1]
 [1 1 1 1 0 1 0 1 1 1]
 [0 0 1 0 0 1 0 1 0 0]
 [1 1 1 1 1 1 1 0 0 1]
 [1 1 1 1 1 1 1 1 1 1]
 [1 0 1 1 1 1 1 1 1 1]
 [1 1 1 1 1 0 1 1 1 1]
 [1 0 1 1 1 1 0 1 1 1]
 [1 1 0 1 1 1 1 0 0 1]
 [1 1 1 1 1 1 1 1 1 0]
 [1 1 1 1 1 0 0 1 1 1]
 [0 1 1 1 1 1 1 1 1 1]
 [1 0 1 0 1 1 0 1 1 1]
 [1 1 1 0 1 1 1 0 1 0]
 [1 1 0 1 1 1 1 1 1 0]
 [1 0 1 1 1 1 1 1 1 1]
 [1 0 1 1 1 1 1 1 0 0]
 [1 1 1 1 1 0 1 1 1 1]
 [0 1 0 1 0 1 1 0 1 1]
 [1 1 1 0 1 1 1 1 1 1]
 [1 1 1 1 1 1 1 1 0 1]
 [1 1 1 0 1 1 0 1 1 1]
 [1 0 1 1 1 1 1 1 0 1]
 [0 0 1 0 1 0 1 0 1 1]
 [1 1 0 0 1 0 1 1 1 1]
 [1 1 1 1 1 1 1 1 1 1]
 [1 1 1 1 1 1 1 1 1 1]
 [1 1 0 1 1 1 1 1 1 1]
 [1 1 0 0 1 1 1 1 1 1]
 [1 1 1 1 1 1 1 1 0 1]
 [1 1 0 1 1 1 1 1 1 1]
 [0 1 0 1 1 1 1 0 1 1]]
Q is not identifiable (three-column submatrix not identifiable).
Q is not identifiable, and Q_bar is [[1 1 1 1 1 1 0 1 1 0]
 [0 1 1 1 0 1 1 0 1 0]
 [1 1 1 1 1 1 1 1 1 0]
 [1 1 1 1 1 0 1 0 1 0]
 [1 0 0 1 1 0 1 1 1 1]
 [0 1 1 1 0 1 0 1 1 1]
 [0 1 1 1 0 1 0 0 1 1]
 [1 1 1 1 1 1 1 1 0 1]
 [1 1 0 1 0 1 1 1 1 1]
 [1 1 1 1 1 1 1 0 1 1]
 [0 1 1 1 1 1 1 1 0 1]
 [1 0 1 1 1 1 1 1 1 0]
 [0 1 1 1 1 1 1 0 1 0]
 [0 1 1 1 1 0 0 1 0 1]
 [1 1 1 1 0 1 1 1 1 1]
 [1 1 1 0 1 0 0 0 1 1]
 [1 1 1 1 1 1 1 1 1 1]
 [1 0 1 0 1 0 1 0 1 1]
 [1 0 0 1 1 1 0 0 1 1]
 [1 1 1 1 0 1 0 1 1 1]
 [0 0 1 1 0 1 0 1 0 0]
 [1 1 1 1 1 1 1 0 0 1]
 [1 1 1 1 1 1 1 1 1 1]
 [1 0 1 1 1 1 1 1 1 1]
 [1 1 1 1 1 0 1 1 1 1]
 [1 0 1 1 1 1 0 1 1 1]
 [1 1 0 1 1 1 1 0 0 1]
 [1 1 1 1 1 1 1 1 1 0]
 [1 1 1 1 1 0 0 1 1 1]
 [0 1 1 1 1 1 1 1 1 1]
 [1 0 1 0 1 1 0 1 1 1]
 [1 1 1 0 1 1 1 0 1 0]
 [1 1 0 1 1 1 1 1 1 0]
 [1 0 1 1 1 1 1 1 1 1]
 [1 0 1 1 1 1 1 1 0 0]
 [1 1 1 1 1 0 1 1 1 1]
 [0 1 0 1 0 1 1 0 1 1]
 [1 1 1 1 1 1 1 1 1 1]
 [1 1 1 1 1 1 1 1 0 1]
 [1 1 1 1 1 1 0 1 1 1]
 [1 0 1 1 1 1 1 1 0 1]
 [0 0 1 0 1 0 1 0 1 1]
 [1 1 0 0 1 0 1 1 1 1]
 [1 1 1 1 1 1 1 1 1 1]
 [1 1 1 1 1 1 1 1 1 1]
 [1 1 0 1 1 1 1 1 1 1]
 [1 1 0 0 1 1 1 1 1 1]
 [1 1 1 1 1 1 1 1 0 1]
 [1 1 0 1 1 1 1 1 1 1]
 [0 1 0 1 1 1 1 0 1 1]]
branch at 3
runtime for solving id of Q is 0.004443801939487457
Simulation results:
{'J': 50, 'K': 10, 'N': 10, 'p': 0.8, 'seed': 46, 'sim': 3, 'runtime': 0.004443801939487457, 'identifiable': 0, 'branch': 3}
4
Q: [[1 1 1 1 0 1 0 1 1 0]
 [1 0 0 0 0 1 1 0 1 1]
 [1 1 0 1 1 0 0 1 1 0]
 [1 0 1 1 1 1 1 1 1 1]
 [1 1 1 1 1 0 1 1 1 0]
 [1 1 0 1 1 1 1 1 1 1]
 [1 1 1 0 1 1 1 1 1 1]
 [1 1 1 1 1 1 1 0 1 0]
 [0 1 1 1 0 0 0 1 1 1]
 [1 0 0 1 1 1 1 1 1 1]
 [1 1 1 1 1 1 1 1 1 0]
 [1 1 1 0 1 1 0 1 1 1]
 [1 1 1 1 0 1 1 1 1 1]
 [1 1 1 1 1 1 1 1 1 1]
 [1 1 1 1 0 1 1 1 0 1]
 [1 1 0 1 1 1 1 1 1 1]
 [1 1 1 1 1 1 1 0 1 1]
 [0 1 1 1 1 1 1 1 1 1]
 [0 1 1 0 1 0 1 0 1 0]
 [1 1 1 1 1 1 1 1 0 1]
 [0 1 0 1 1 1 1 1 1 1]
 [0 0 1 1 1 1 0 0 1 0]
 [1 0 1 0 1 1 1 1 1 0]
 [1 1 1 1 1 0 0 1 1 1]
 [0 0 1 1 0 1 1 1 1 1]
 [1 1 1 1 0 1 1 1 1 0]
 [1 0 1 1 1 1 0 1 1 1]
 [1 1 0 1 1 1 1 1 1 1]
 [0 1 0 1 0 1 1 0 1 1]
 [1 1 1 1 1 1 1 1 1 1]
 [1 1 1 1 0 0 0 1 1 1]
 [1 1 1 0 1 1 1 0 1 1]
 [1 0 1 0 1 1 1 1 1 1]
 [1 0 1 1 0 1 1 1 1 0]
 [1 1 1 1 0 0 1 1 0 1]
 [0 1 0 1 0 1 1 1 0 1]
 [1 0 1 1 1 1 0 1 1 1]
 [0 1 1 1 1 1 0 1 1 1]
 [1 1 1 1 1 1 0 1 1 1]
 [1 0 1 1 1 1 0 1 1 1]
 [0 1 1 1 1 1 1 0 0 1]
 [0 1 0 0 1 1 1 1 1 0]
 [1 1 1 1 1 1 1 1 1 1]
 [1 1 1 1 0 0 1 0 1 1]
 [1 1 1 0 1 1 1 1 0 1]
 [0 1 1 1 0 1 1 1 1 0]
 [1 1 1 1 1 1 1 1 1 1]
 [1 1 1 0 1 1 1 1 1 1]
 [1 0 1 1 1 0 1 1 1 1]
 [1 1 0 1 1 1 1 1 0 1]]
{'restarts': 237, 'conflicts': 125922, 'decisions': 171636, 'propagations': 151770457}
Q is identifiable
branch at 6
runtime for solving id of Q is 23.191757030319422
Simulation results:
{'J': 50, 'K': 10, 'N': 10, 'p': 0.8, 'seed': 46, 'sim': 4, 'runtime': 23.191757030319422, 'identifiable': True, 'branch': 6}
5
Q: [[1 1 1 1 1 1 0 0 1 1]
 [1 0 1 1 1 0 1 1 0 0]
 [1 1 0 0 1 1 0 1 0 1]
 [1 1 1 1 1 0 1 1 0 1]
 [1 1 0 1 1 1 1 1 1 1]
 [1 1 1 1 1 1 0 1 1 1]
 [0 1 0 1 1 1 1 0 1 0]
 [0 0 1 1 1 1 1 0 1 0]
 [0 1 1 1 1 1 1 1 1 1]
 [1 1 1 1 1 1 1 1 0 1]
 [1 0 1 1 1 0 1 1 0 1]
 [0 1 1 1 1 1 1 1 1 1]
 [1 1 1 1 1 1 1 1 1 1]
 [1 1 1 1 1 0 1 1 0 1]
 [0 1 1 1 1 1 1 1 1 1]
 [1 1 1 1 1 1 1 1 1 1]
 [1 0 1 1 1 1 0 1 1 1]
 [1 1 0 1 1 1 1 1 1 1]
 [0 1 1 1 0 0 1 1 1 1]
 [0 0 1 1 1 1 1 0 1 1]
 [1 1 1 0 0 1 1 1 1 1]
 [1 1 1 1 1 0 0 0 0 1]
 [1 1 1 0 1 1 1 1 1 1]
 [1 1 0 1 1 1 1 1 1 1]
 [1 1 1 1 1 1 1 1 1 1]
 [0 1 1 1 1 1 1 1 1 0]
 [1 1 1 1 1 1 1 1 0 1]
 [1 1 1 0 1 1 0 1 1 1]
 [1 1 1 1 1 0 1 1 1 1]
 [1 0 1 1 1 1 0 1 1 0]
 [1 1 1 1 1 1 1 0 1 0]
 [1 1 0 1 1 1 0 1 1 0]
 [0 1 1 1 1 1 1 0 1 1]
 [0 1 1 1 1 1 1 1 1 1]
 [1 0 1 0 1 1 1 1 1 0]
 [0 0 1 1 1 1 1 0 0 1]
 [1 1 1 0 1 1 0 1 1 0]
 [1 1 1 1 1 1 1 1 1 0]
 [1 0 0 1 0 1 1 1 0 1]
 [0 1 1 0 1 0 1 1 1 1]
 [1 0 1 1 1 1 1 1 0 1]
 [1 1 1 0 1 0 1 1 1 1]
 [1 1 1 1 1 1 1 1 1 1]
 [1 0 1 1 0 1 1 1 1 1]
 [0 1 1 1 1 1 1 1 1 1]
 [0 1 1 1 1 1 0 1 1 0]
 [0 1 1 1 1 1 1 0 1 1]
 [0 1 1 0 1 1 1 1 1 1]
 [1 1 1 1 1 1 0 0 0 1]
 [1 1 1 0 1 0 1 1 1 0]]
{'restarts': 9, 'conflicts': 2423, 'decisions': 6944, 'propagations': 1924114}
Q is not identifiable, and Q_bar is [[1 1 1 0 1 0 1 0 1 1]
 [1 0 0 0 1 1 0 1 0 1]
 [1 1 1 0 0 0 1 1 0 0]
 [1 1 1 0 1 1 0 1 0 1]
 [1 1 1 1 1 0 1 1 1 0]
 [1 1 1 0 1 0 1 1 1 1]
 [0 1 0 1 1 0 1 0 1 0]
 [0 0 0 0 1 1 1 0 1 0]
 [0 1 1 1 1 1 1 1 1 1]
 [1 1 1 1 1 1 1 1 0 1]
 [1 0 1 0 1 1 0 1 0 1]
 [0 1 1 1 1 1 1 1 1 1]
 [1 1 1 1 1 1 1 1 1 1]
 [1 1 1 0 1 1 0 1 0 1]
 [0 1 1 1 1 1 1 1 1 1]
 [1 1 1 1 1 1 1 1 1 1]
 [1 0 1 0 1 0 1 1 1 1]
 [1 1 1 1 1 0 1 1 1 0]
 [0 1 1 0 1 1 0 1 1 0]
 [0 0 1 1 1 1 1 0 1 1]
 [1 1 1 1 0 1 0 1 1 0]
 [1 1 1 0 1 0 0 0 0 1]
 [1 1 1 0 0 1 1 1 1 1]
 [1 1 1 1 1 0 1 1 1 0]
 [1 1 1 1 1 1 1 1 1 1]
 [0 1 0 0 1 1 1 1 1 1]
 [1 1 1 1 1 1 1 1 0 1]
 [1 1 1 0 0 0 1 1 1 1]
 [1 1 1 0 1 1 0 1 1 1]
 [1 0 0 0 1 0 1 1 1 1]
 [1 1 0 0 1 1 1 0 1 1]
 [1 1 0 0 1 0 1 1 1 0]
 [0 1 1 1 1 1 1 0 1 1]
 [0 1 1 1 1 1 1 1 1 1]
 [1 0 0 0 0 1 1 1 1 0]
 [0 0 1 1 1 1 1 0 0 1]
 [1 1 0 0 0 0 1 1 1 1]
 [1 1 0 1 1 1 1 1 1 0]
 [1 0 1 1 1 0 0 1 0 0]
 [0 1 1 0 0 1 0 1 1 1]
 [1 0 1 1 1 1 1 1 0 1]
 [1 1 1 0 0 1 0 1 1 1]
 [1 1 1 1 1 1 1 1 1 1]
 [1 0 1 1 1 1 0 1 1 0]
 [0 1 1 1 1 1 1 1 1 1]
 [0 1 0 0 1 0 1 1 1 1]
 [0 1 1 1 1 1 1 0 1 1]
 [0 1 1 0 0 1 1 1 1 0]
 [1 1 1 0 1 0 1 0 0 1]
 [1 1 0 0 0 1 0 1 1 1]]
branch at 5
runtime for solving id of Q is 0.3597214971669018
Simulation results:
{'J': 50, 'K': 10, 'N': 10, 'p': 0.8, 'seed': 46, 'sim': 5, 'runtime': 0.3597214971669018, 'identifiable': 0, 'branch': 5}
6
Q: [[1 0 1 1 1 1 1 1 1 0]
 [1 0 0 1 1 1 1 1 1 1]
 [0 0 1 1 1 0 1 1 1 1]
 [1 1 0 1 1 1 1 1 1 1]
 [1 0 0 0 1 0 1 1 1 1]
 [1 1 1 1 1 0 1 0 1 1]
 [1 0 0 1 1 0 1 1 1 1]
 [1 1 1 0 1 1 0 1 1 1]
 [1 1 0 1 1 1 1 1 1 1]
 [1 1 1 1 1 1 1 1 1 1]
 [0 1 1 0 1 1 1 1 1 1]
 [1 1 1 1 1 1 1 1 1 0]
 [1 0 1 1 1 1 1 1 1 1]
 [1 1 0 0 1 1 1 1 1 1]
 [1 1 0 1 1 1 1 1 1 1]
 [1 1 1 1 1 1 1 0 0 1]
 [1 1 0 1 1 1 1 1 1 0]
 [1 1 1 1 1 0 1 1 1 0]
 [1 1 1 0 1 1 1 0 1 1]
 [1 1 1 0 1 0 1 0 1 1]
 [1 1 1 1 1 1 1 0 1 1]
 [1 1 1 1 0 0 1 0 1 1]
 [1 1 1 1 0 1 1 0 1 1]
 [1 1 1 0 1 1 0 1 1 1]
 [1 1 1 1 1 1 1 1 1 0]
 [1 0 0 1 0 1 1 1 1 1]
 [1 1 0 1 1 1 1 1 1 1]
 [1 1 1 1 1 1 1 1 1 1]
 [1 1 1 1 0 0 0 1 0 1]
 [1 1 1 0 0 0 1 1 1 0]
 [1 1 1 1 1 1 1 1 0 1]
 [0 1 0 1 1 1 1 1 0 1]
 [1 1 1 0 1 1 1 1 0 0]
 [1 1 0 1 1 1 1 1 1 0]
 [1 1 1 0 1 1 1 1 1 1]
 [1 0 1 1 1 0 1 1 1 1]
 [1 1 1 1 1 1 1 1 0 1]
 [0 1 1 1 0 0 1 0 1 0]
 [1 0 1 1 0 1 0 1 1 1]
 [1 1 0 1 1 0 1 1 1 0]
 [1 1 1 0 1 1 0 1 1 1]
 [1 1 1 0 1 1 1 1 1 1]
 [1 1 0 1 1 1 1 1 1 1]
 [1 1 1 1 1 1 1 1 1 0]
 [1 0 1 1 1 1 1 1 1 1]
 [1 1 0 1 1 1 0 0 0 1]
 [0 1 1 1 1 0 1 1 1 1]
 [1 1 1 0 1 1 1 1 1 1]
 [1 1 1 1 1 1 1 1 1 1]
 [1 1 1 1 1 1 1 1 0 1]]
Q is not identifiable (three-column submatrix not identifiable).
Q is not identifiable, and Q_bar is [[1 0 1 1 1 1 1 1 1 0]
 [1 0 0 1 1 1 1 1 1 1]
 [1 0 1 1 1 0 1 0 1 0]
 [1 1 0 1 1 1 1 1 1 1]
 [1 0 0 0 1 0 1 1 1 1]
 [1 1 1 1 1 0 1 0 1 1]
 [1 0 0 1 1 0 1 1 1 1]
 [1 1 1 0 1 1 0 1 1 1]
 [1 1 0 1 1 1 1 1 1 1]
 [1 1 1 1 1 1 1 1 1 1]
 [0 1 1 0 1 1 1 1 1 1]
 [1 1 1 1 1 1 1 1 1 0]
 [1 0 1 1 1 1 1 1 1 1]
 [1 1 0 0 1 1 1 1 1 1]
 [1 1 0 1 1 1 1 1 1 1]
 [1 1 1 1 1 1 1 0 0 1]
 [1 1 0 1 1 1 1 1 1 0]
 [1 1 1 1 1 0 1 1 1 0]
 [1 1 1 0 1 1 1 0 1 1]
 [1 1 1 0 1 0 1 0 1 1]
 [1 1 1 1 1 1 1 0 1 1]
 [1 1 1 1 0 0 1 0 1 1]
 [1 1 1 1 0 1 1 0 1 1]
 [1 1 1 0 1 1 0 1 1 1]
 [1 1 1 1 1 1 1 1 1 0]
 [1 0 0 1 0 1 1 1 1 1]
 [1 1 0 1 1 1 1 1 1 1]
 [1 1 1 1 1 1 1 1 1 1]
 [1 1 1 1 0 0 0 1 0 1]
 [1 1 1 0 0 0 1 1 1 0]
 [1 1 1 1 1 1 1 1 0 1]
 [0 1 0 1 1 1 1 1 0 1]
 [1 1 1 0 1 1 1 1 0 0]
 [1 1 0 1 1 1 1 1 1 0]
 [1 1 1 0 1 1 1 1 1 1]
 [1 0 1 1 1 0 1 1 1 1]
 [1 1 1 1 1 1 1 1 0 1]
 [0 1 1 1 0 0 1 0 1 0]
 [1 0 1 1 0 1 0 1 1 1]
 [1 1 0 1 1 0 1 1 1 0]
 [1 1 1 0 1 1 0 1 1 1]
 [1 1 1 0 1 1 1 1 1 1]
 [1 1 0 1 1 1 1 1 1 1]
 [1 1 1 1 1 1 1 1 1 0]
 [1 0 1 1 1 1 1 1 1 1]
 [1 1 0 1 1 1 0 0 0 1]
 [1 1 1 1 1 0 1 0 1 0]
 [1 1 1 0 1 1 1 1 1 1]
 [1 1 1 1 1 1 1 1 1 1]
 [1 1 1 1 1 1 1 1 0 1]]
branch at 3
runtime for solving id of Q is 0.0030244281515479088
Simulation results:
{'J': 50, 'K': 10, 'N': 10, 'p': 0.8, 'seed': 46, 'sim': 6, 'runtime': 0.0030244281515479088, 'identifiable': 0, 'branch': 3}
7
Q: [[1 1 1 1 1 1 1 0 1 1]
 [1 1 1 1 0 1 1 1 0 1]
 [1 0 1 1 1 1 1 1 1 1]
 [1 1 0 1 1 1 1 1 1 1]
 [0 1 1 1 1 1 1 1 1 0]
 [1 1 1 1 1 1 0 1 0 1]
 [0 1 1 1 1 1 1 1 0 1]
 [1 1 1 1 0 1 1 1 1 1]
 [1 1 1 1 1 1 1 0 0 1]
 [1 1 1 0 1 1 1 0 1 1]
 [1 1 0 1 1 1 1 1 1 1]
 [1 1 0 1 1 1 0 1 1 1]
 [1 1 1 1 0 1 1 0 1 1]
 [0 1 0 1 1 0 1 0 1 1]
 [0 1 1 0 1 1 1 1 1 1]
 [1 0 0 1 1 1 1 0 1 0]
 [1 1 1 0 1 1 0 0 0 1]
 [1 1 1 1 1 1 1 1 1 1]
 [1 0 1 1 1 0 1 1 0 1]
 [0 1 0 1 1 1 1 1 0 1]
 [1 1 1 1 0 1 1 1 1 1]
 [1 1 1 1 1 1 1 1 1 0]
 [1 1 0 1 1 1 0 0 1 1]
 [0 1 0 1 1 0 1 1 1 1]
 [1 1 1 1 0 1 0 1 1 1]
 [1 1 0 1 1 0 1 0 1 1]
 [1 1 1 1 1 1 1 1 0 1]
 [1 1 1 1 1 0 1 1 0 0]
 [1 1 1 1 1 1 1 1 0 1]
 [1 1 1 0 0 1 1 1 1 1]
 [1 1 1 1 1 1 0 0 0 1]
 [1 1 1 1 1 0 1 1 1 1]
 [0 1 1 1 1 1 1 1 1 0]
 [1 1 1 0 1 1 1 1 1 1]
 [1 1 1 1 1 1 0 1 1 0]
 [1 1 1 1 1 1 0 0 0 1]
 [1 1 1 0 1 1 1 0 1 1]
 [1 0 1 1 1 1 1 1 1 1]
 [1 1 1 1 0 1 1 1 1 0]
 [1 1 1 1 1 1 1 0 0 1]
 [0 1 1 0 1 1 1 1 1 1]
 [1 0 1 0 0 1 1 1 1 1]
 [1 0 0 0 1 0 1 1 1 1]
 [1 1 1 1 1 1 1 1 1 1]
 [1 1 0 0 1 0 1 1 0 0]
 [1 1 1 1 1 1 0 1 0 1]
 [0 1 1 1 1 1 1 0 1 1]
 [1 1 1 1 1 1 1 1 1 1]
 [1 1 0 1 1 1 0 1 1 1]
 [1 1 1 1 1 1 1 1 1 1]]
Q is not identifiable (three-column submatrix not identifiable).
Q is not identifiable, and Q_bar is [[1 1 1 1 1 1 1 0 1 1]
 [1 1 1 1 0 1 1 1 0 1]
 [1 0 1 1 1 1 1 1 1 1]
 [1 1 0 1 1 1 1 1 1 1]
 [0 1 1 1 1 1 1 1 1 0]
 [1 1 1 1 1 1 0 1 0 1]
 [0 1 1 1 1 1 1 1 0 1]
 [1 1 1 1 0 1 1 1 1 1]
 [1 1 1 1 1 1 1 0 0 1]
 [1 1 1 0 1 1 1 0 1 1]
 [1 1 0 1 1 1 1 1 1 1]
 [1 1 0 1 1 1 0 1 1 1]
 [1 1 1 1 0 1 1 0 1 1]
 [1 0 0 1 1 0 0 0 1 1]
 [0 1 1 0 1 1 1 1 1 1]
 [1 0 0 1 1 1 1 0 1 0]
 [1 1 1 0 1 1 0 0 0 1]
 [1 1 1 1 1 1 1 1 1 1]
 [1 0 1 1 1 0 1 1 0 1]
 [0 1 0 1 1 1 1 1 0 1]
 [1 1 1 1 0 1 1 1 1 1]
 [1 1 1 1 1 1 1 1 1 0]
 [1 1 0 1 1 1 0 0 1 1]
 [0 1 0 1 1 0 1 1 1 1]
 [1 1 1 1 0 1 0 1 1 1]
 [1 1 0 1 1 0 1 0 1 1]
 [1 1 1 1 1 1 1 1 0 1]
 [1 1 1 1 1 0 1 1 0 0]
 [1 1 1 1 1 1 1 1 0 1]
 [1 1 1 0 0 1 1 1 1 1]
 [1 1 1 1 1 1 0 0 0 1]
 [1 0 1 1 1 0 1 1 1 1]
 [0 1 1 1 1 1 1 1 1 0]
 [1 1 1 0 1 1 1 1 1 1]
 [1 1 1 1 1 1 0 1 1 0]
 [1 1 1 1 1 1 0 0 0 1]
 [1 1 1 0 1 1 1 0 1 1]
 [1 0 1 1 1 1 1 1 1 1]
 [1 1 1 1 0 1 1 1 1 0]
 [1 1 1 1 1 1 1 0 0 1]
 [0 1 1 0 1 1 1 1 1 1]
 [1 0 1 0 0 1 1 1 1 1]
 [1 0 0 0 1 0 1 1 1 1]
 [1 1 1 1 1 1 1 1 1 1]
 [1 1 0 0 1 0 1 1 0 0]
 [1 1 1 1 1 1 0 1 0 1]
 [0 1 1 1 1 1 1 0 1 1]
 [1 1 1 1 1 1 1 1 1 1]
 [1 1 0 1 1 1 0 1 1 1]
 [1 1 1 1 1 1 1 1 1 1]]
branch at 3
runtime for solving id of Q is 0.0029054060578346252
Simulation results:
{'J': 50, 'K': 10, 'N': 10, 'p': 0.8, 'seed': 46, 'sim': 7, 'runtime': 0.0029054060578346252, 'identifiable': 0, 'branch': 3}
8
Q: [[0 1 1 1 1 1 1 1 1 1]
 [1 1 1 1 1 1 1 1 1 1]
 [1 1 1 1 0 1 1 1 1 1]
 [0 1 1 1 1 1 1 1 1 1]
 [1 1 1 0 0 1 1 1 1 1]
 [1 1 1 1 1 1 1 1 1 0]
 [1 1 1 1 1 0 1 1 1 0]
 [0 1 1 1 1 1 1 1 1 1]
 [1 1 0 0 0 1 1 1 1 1]
 [1 0 1 0 0 0 1 1 1 1]
 [1 0 1 0 0 1 1 1 1 0]
 [1 0 1 0 1 1 1 1 1 1]
 [1 1 1 0 1 1 0 1 1 1]
 [1 1 1 1 1 1 1 1 0 1]
 [0 1 1 0 1 1 0 1 1 0]
 [1 1 1 1 1 1 0 1 1 1]
 [1 1 1 0 1 1 1 1 0 1]
 [1 1 1 1 1 1 1 1 1 0]
 [1 1 0 1 1 0 1 1 1 1]
 [1 1 1 1 0 1 1 1 0 1]
 [0 1 1 0 1 1 1 1 1 1]
 [1 1 1 1 1 1 1 1 0 1]
 [1 1 1 1 1 1 1 0 0 0]
 [0 1 1 1 1 1 0 1 1 1]
 [1 1 0 1 0 1 0 1 1 1]
 [1 1 1 1 1 1 1 1 1 1]
 [1 1 1 1 1 0 0 1 1 1]
 [1 1 0 1 0 1 1 1 1 0]
 [1 1 1 1 1 1 1 1 1 1]
 [1 1 1 1 1 1 1 1 1 1]
 [0 0 1 1 1 1 1 1 1 1]
 [1 1 1 1 1 1 1 0 0 1]
 [1 0 1 1 0 1 1 1 1 1]
 [1 1 1 1 1 1 1 1 1 1]
 [1 1 1 1 1 0 1 1 1 1]
 [1 1 1 0 1 0 1 1 1 1]
 [1 1 1 1 1 1 1 1 1 0]
 [1 1 0 1 1 1 1 1 1 1]
 [1 1 0 1 1 0 1 1 1 0]
 [0 1 1 1 0 0 1 1 1 1]
 [1 1 1 1 1 1 1 1 0 1]
 [0 1 1 0 1 1 1 1 1 0]
 [1 0 1 1 0 1 1 1 1 1]
 [1 1 1 1 1 1 1 1 1 1]
 [1 1 1 0 1 1 0 0 1 1]
 [1 1 1 1 1 1 1 1 0 1]
 [1 1 1 1 1 1 0 1 1 1]
 [0 1 0 0 1 1 0 0 1 0]
 [0 1 1 1 1 1 1 1 1 1]
 [1 1 1 1 1 1 1 1 1 1]]
Q is not identifiable (three-column submatrix not identifiable).
Q is not identifiable, and Q_bar is [[1 1 0 1 1 1 1 0 1 1]
 [1 1 1 1 1 1 1 1 1 1]
 [1 1 1 1 0 1 1 1 1 1]
 [1 1 0 1 1 1 1 0 1 1]
 [1 1 1 0 0 1 1 1 1 1]
 [1 1 1 1 1 1 1 1 1 0]
 [1 1 1 1 1 0 1 1 1 0]
 [1 1 0 1 1 1 1 0 1 1]
 [1 1 0 0 0 1 1 1 1 1]
 [1 0 1 0 0 0 1 1 1 1]
 [1 0 1 0 0 1 1 1 1 0]
 [1 0 1 0 1 1 1 1 1 1]
 [1 1 1 0 1 1 0 1 1 1]
 [1 1 1 1 1 1 1 1 0 1]
 [0 1 1 0 1 1 0 1 1 0]
 [1 1 1 1 1 1 0 1 1 1]
 [1 1 1 0 1 1 1 1 0 1]
 [1 1 1 1 1 1 1 1 1 0]
 [1 1 0 1 1 0 1 1 1 1]
 [1 1 1 1 0 1 1 1 0 1]
 [0 1 1 0 1 1 1 1 1 1]
 [1 1 1 1 1 1 1 1 0 1]
 [1 1 1 1 1 1 1 0 0 0]
 [0 1 1 1 1 1 0 1 1 1]
 [1 1 0 1 0 1 0 1 1 1]
 [1 1 1 1 1 1 1 1 1 1]
 [1 1 1 1 1 0 0 1 1 1]
 [1 1 0 1 0 1 1 1 1 0]
 [1 1 1 1 1 1 1 1 1 1]
 [1 1 1 1 1 1 1 1 1 1]
 [1 0 0 1 1 1 1 0 1 1]
 [1 1 1 1 1 1 1 0 0 1]
 [1 0 1 1 0 1 1 1 1 1]
 [1 1 1 1 1 1 1 1 1 1]
 [1 1 1 1 1 0 1 1 1 1]
 [1 1 1 0 1 0 1 1 1 1]
 [1 1 1 1 1 1 1 1 1 0]
 [1 1 0 1 1 1 1 1 1 1]
 [1 1 0 1 1 0 1 1 1 0]
 [0 1 1 1 0 0 1 1 1 1]
 [1 1 1 1 1 1 1 1 0 1]
 [0 1 1 0 1 1 1 1 1 0]
 [1 0 1 1 0 1 1 1 1 1]
 [1 1 1 1 1 1 1 1 1 1]
 [1 1 1 0 1 1 0 0 1 1]
 [1 1 1 1 1 1 1 1 0 1]
 [1 1 1 1 1 1 0 1 1 1]
 [0 1 0 0 1 1 0 0 1 0]
 [1 1 0 1 1 1 1 0 1 1]
 [1 1 1 1 1 1 1 1 1 1]]
branch at 3
runtime for solving id of Q is 0.0029283487237989902
Simulation results:
{'J': 50, 'K': 10, 'N': 10, 'p': 0.8, 'seed': 46, 'sim': 8, 'runtime': 0.0029283487237989902, 'identifiable': 0, 'branch': 3}
9
Q: [[1 1 0 1 1 0 0 1 1 1]
 [1 1 1 1 1 1 1 1 1 0]
 [1 1 1 1 1 0 0 1 1 1]
 [1 1 1 1 1 1 1 0 1 1]
 [1 1 1 1 0 1 1 1 1 1]
 [1 1 1 0 1 1 0 1 1 1]
 [1 1 1 0 0 1 0 1 1 0]
 [1 0 1 1 1 1 1 0 1 1]
 [0 1 1 0 0 1 0 1 1 1]
 [0 1 1 1 1 1 1 0 1 1]
 [1 1 1 1 1 0 1 1 1 1]
 [1 1 1 1 1 1 0 1 1 1]
 [1 0 1 0 1 1 1 0 1 1]
 [1 1 0 0 1 1 1 1 1 1]
 [1 0 1 1 1 0 1 0 1 1]
 [1 1 1 1 0 1 1 1 1 1]
 [1 1 1 1 1 1 1 1 1 1]
 [1 1 1 1 1 1 1 1 1 1]
 [1 1 1 0 1 1 1 1 1 1]
 [1 1 1 0 0 1 1 1 0 1]
 [0 1 1 1 0 0 1 1 1 1]
 [0 1 1 0 1 1 1 0 0 1]
 [1 0 1 1 1 1 1 1 1 1]
 [1 1 1 1 0 1 1 1 1 1]
 [1 1 1 1 0 0 1 1 1 1]
 [1 1 1 1 1 1 1 1 0 1]
 [1 1 1 0 1 0 1 1 1 1]
 [0 0 1 0 0 1 1 1 1 1]
 [1 1 1 1 1 0 0 1 1 1]
 [1 1 0 0 1 1 0 1 1 1]
 [0 1 1 1 0 1 1 1 0 1]
 [1 0 1 1 0 0 1 1 0 1]
 [1 0 1 1 1 1 1 1 0 1]
 [1 0 1 1 1 1 1 1 1 0]
 [1 0 1 1 0 1 0 1 1 1]
 [0 0 1 0 1 0 1 0 1 1]
 [1 1 1 0 1 1 1 0 1 1]
 [0 1 1 1 1 1 1 1 1 0]
 [1 1 1 0 1 0 1 0 1 0]
 [0 1 1 1 1 0 1 1 1 1]
 [1 1 1 1 1 1 1 1 1 1]
 [0 1 1 1 1 1 0 1 1 1]
 [1 1 0 1 1 1 0 1 0 1]
 [1 1 1 1 1 1 0 1 1 1]
 [1 1 1 1 0 1 0 1 1 0]
 [0 1 0 1 1 0 1 1 1 1]
 [1 1 1 0 1 1 1 1 0 1]
 [1 1 1 1 1 1 1 1 1 1]
 [1 1 1 1 1 1 1 0 1 1]
 [1 1 0 1 1 1 1 1 1 1]]
Q is not identifiable (three-column submatrix not identifiable).
Q is not identifiable, and Q_bar is [[1 1 0 1 1 0 0 1 1 1]
 [1 1 1 1 1 1 1 1 1 0]
 [1 1 1 1 1 0 0 1 1 1]
 [1 1 1 1 1 1 1 0 1 1]
 [1 1 1 1 0 1 1 1 1 1]
 [1 1 1 0 1 1 0 1 1 1]
 [1 1 1 0 0 1 0 1 1 0]
 [1 0 1 1 1 1 1 0 1 1]
 [0 1 1 0 0 1 0 1 1 1]
 [0 1 1 1 1 1 1 0 1 1]
 [1 1 1 1 1 0 1 1 1 1]
 [1 1 1 1 1 1 0 1 1 1]
 [1 0 1 0 1 1 1 0 1 1]
 [1 1 0 0 1 1 1 1 1 1]
 [1 0 1 1 1 0 1 0 1 1]
 [1 1 1 1 0 1 1 1 1 1]
 [1 1 1 1 1 1 1 1 1 1]
 [1 1 1 1 1 1 1 1 1 1]
 [1 1 1 0 1 1 1 1 1 1]
 [1 1 1 0 0 1 1 1 0 1]
 [0 1 1 1 0 0 1 1 1 1]
 [0 1 1 0 1 1 1 0 0 1]
 [1 0 1 1 1 1 1 1 1 1]
 [1 1 1 1 0 1 1 1 1 1]
 [1 1 1 1 0 0 1 1 1 1]
 [1 1 1 1 1 1 1 1 0 1]
 [1 1 1 0 1 0 1 1 1 1]
 [0 0 1 0 0 1 1 0 1 1]
 [1 1 1 1 1 0 0 1 1 1]
 [1 1 0 0 1 1 0 1 1 1]
 [0 1 1 1 0 1 1 1 0 1]
 [1 0 1 1 0 0 1 1 0 1]
 [1 0 1 1 1 1 1 1 0 1]
 [1 0 1 1 1 1 1 1 1 0]
 [1 0 1 1 0 1 0 1 1 1]
 [0 0 1 0 1 0 1 0 1 1]
 [1 1 1 0 1 1 1 0 1 1]
 [0 1 1 1 1 1 1 1 1 0]
 [1 1 1 0 1 0 1 0 1 0]
 [0 1 1 1 1 0 1 1 1 1]
 [1 1 1 1 1 1 1 1 1 1]
 [0 1 1 1 1 1 0 1 1 1]
 [1 1 0 1 1 1 0 1 0 1]
 [1 1 1 1 1 1 0 1 1 1]
 [1 1 1 1 0 1 0 1 1 0]
 [0 1 0 1 1 0 1 1 1 1]
 [1 1 1 0 1 1 1 1 0 1]
 [1 1 1 1 1 1 1 1 1 1]
 [1 1 1 1 1 1 1 0 1 1]
 [1 1 0 1 1 1 1 1 1 1]]
branch at 3
runtime for solving id of Q is 0.00395326828584075
Simulation results:
{'J': 50, 'K': 10, 'N': 10, 'p': 0.8, 'seed': 46, 'sim': 9, 'runtime': 0.00395326828584075, 'identifiable': 0, 'branch': 3}
Simulation results:
[{'J': 50, 'K': 10, 'N': 10, 'p': 0.8, 'seed': 46, 'sim': 0, 'runtime': 0.0026517678052186966, 'identifiable': 0, 'branch': 3}, {'J': 50, 'K': 10, 'N': 10, 'p': 0.8, 'seed': 46, 'sim': 1, 'runtime': 0.18163966294378042, 'identifiable': 0, 'branch': 5}, {'J': 50, 'K': 10, 'N': 10, 'p': 0.8, 'seed': 46, 'sim': 2, 'runtime': 0.2712483718059957, 'identifiable': 0, 'branch': 5}, {'J': 50, 'K': 10, 'N': 10, 'p': 0.8, 'seed': 46, 'sim': 3, 'runtime': 0.004443801939487457, 'identifiable': 0, 'branch': 3}, {'J': 50, 'K': 10, 'N': 10, 'p': 0.8, 'seed': 46, 'sim': 4, 'runtime': 23.191757030319422, 'identifiable': True, 'branch': 6}, {'J': 50, 'K': 10, 'N': 10, 'p': 0.8, 'seed': 46, 'sim': 5, 'runtime': 0.3597214971669018, 'identifiable': 0, 'branch': 5}, {'J': 50, 'K': 10, 'N': 10, 'p': 0.8, 'seed': 46, 'sim': 6, 'runtime': 0.0030244281515479088, 'identifiable': 0, 'branch': 3}, {'J': 50, 'K': 10, 'N': 10, 'p': 0.8, 'seed': 46, 'sim': 7, 'runtime': 0.0029054060578346252, 'identifiable': 0, 'branch': 3}, {'J': 50, 'K': 10, 'N': 10, 'p': 0.8, 'seed': 46, 'sim': 8, 'runtime': 0.0029283487237989902, 'identifiable': 0, 'branch': 3}, {'J': 50, 'K': 10, 'N': 10, 'p': 0.8, 'seed': 46, 'sim': 9, 'runtime': 0.00395326828584075, 'identifiable': 0, 'branch': 3}]
