
The Gurobi software has a limited number of licenses. To request a license or
licenses, add this line

    #SBATCH --licenses=gurobi@slurmdb:1

to your SBATCH script, replacing N with the number of licenses you need. Gurobi
will need one license per process.


0
Q: [[1 1 1 1 1 0 1 0 1 1]
 [1 1 1 1 1 0 1 0 0 1]
 [1 1 1 1 1 1 1 0 1 0]
 [0 1 1 1 0 1 1 1 0 1]
 [0 1 1 1 1 1 1 0 1 1]
 [0 1 1 0 1 1 1 1 1 0]
 [0 0 1 1 1 1 0 1 1 1]
 [1 0 1 1 0 1 1 0 1 0]
 [1 1 1 1 0 1 1 1 0 1]
 [0 1 0 1 0 1 1 1 1 1]
 [1 1 1 1 1 1 0 1 1 1]
 [1 1 1 0 0 1 0 0 1 1]
 [0 1 1 1 1 1 1 1 1 1]
 [0 0 1 0 0 1 1 1 1 0]
 [1 0 1 1 1 1 1 0 0 1]
 [1 1 1 1 1 1 0 1 1 1]
 [1 1 1 1 1 1 0 1 1 1]
 [1 0 1 1 1 1 1 1 1 0]
 [1 1 1 0 1 1 1 1 1 1]
 [1 0 1 1 1 0 1 0 1 1]
 [1 0 0 0 1 1 1 1 1 1]
 [1 1 1 1 1 1 0 1 0 1]
 [0 1 1 1 1 1 0 1 0 1]
 [1 1 0 1 0 1 0 1 0 1]
 [1 1 1 1 1 1 1 1 0 1]
 [1 1 0 0 0 0 1 1 1 1]
 [1 0 0 1 1 0 1 0 1 1]
 [1 0 0 0 1 1 1 1 1 0]
 [1 1 1 1 1 1 1 1 0 0]
 [1 1 1 1 1 0 0 1 1 1]
 [1 1 1 1 1 1 1 1 1 1]
 [0 1 0 0 0 1 1 1 0 1]
 [0 1 0 1 0 1 1 1 1 1]
 [1 1 1 0 1 0 1 1 1 1]
 [1 0 0 1 1 1 1 1 1 1]
 [1 0 1 1 1 0 0 1 1 0]
 [1 1 1 0 0 1 0 1 1 1]
 [1 1 0 1 1 0 1 0 1 0]
 [0 1 1 1 1 1 1 1 1 0]
 [1 1 1 0 0 0 1 1 0 1]
 [1 1 1 0 1 1 1 1 0 0]
 [1 1 1 1 1 1 0 0 1 0]
 [1 1 1 1 1 1 1 1 1 1]
 [1 1 0 0 1 1 1 0 0 1]
 [1 1 0 1 1 1 1 1 1 0]
 [1 1 1 0 0 1 1 1 1 0]
 [1 1 1 1 1 1 1 1 1 1]
 [1 1 1 1 0 1 1 1 0 0]
 [1 1 1 1 1 1 1 1 1 1]
 [0 1 1 0 0 1 1 1 1 1]
 [1 1 0 1 1 1 0 1 1 1]
 [1 1 1 0 0 1 1 1 1 0]
 [1 1 1 1 1 0 1 0 1 0]
 [1 1 0 1 1 1 0 1 1 0]
 [1 1 0 0 0 1 0 1 0 1]
 [1 1 1 0 0 1 1 0 0 1]
 [1 1 1 0 1 1 0 0 1 1]
 [1 1 1 1 1 0 1 1 0 1]
 [0 0 1 1 1 1 1 0 1 1]
 [1 1 1 1 1 1 1 1 1 1]
 [0 1 1 0 0 1 1 1 0 0]
 [1 1 0 1 1 1 1 1 1 0]
 [1 0 0 1 0 1 0 1 1 0]
 [0 1 1 1 1 0 1 1 1 0]
 [1 1 1 0 1 0 0 1 1 1]
 [1 1 1 1 1 0 1 1 1 1]
 [1 1 1 1 1 1 1 1 1 1]
 [0 1 1 1 1 1 1 0 1 1]
 [1 1 0 0 1 1 1 1 1 1]
 [0 1 1 1 1 1 1 1 1 1]
 [1 0 0 1 1 1 1 1 1 1]
 [1 1 1 1 0 1 1 1 0 1]
 [1 0 0 0 1 1 1 0 1 1]
 [1 1 1 1 0 0 1 0 0 1]
 [0 0 1 1 0 1 0 1 0 1]
 [1 1 1 0 1 1 1 1 1 1]
 [1 1 1 1 1 0 1 1 1 1]
 [0 1 0 1 1 1 1 1 1 0]
 [1 0 1 0 1 1 1 1 1 0]
 [0 1 1 1 1 0 0 1 1 1]
 [0 1 1 0 1 1 0 1 1 1]
 [1 1 1 1 1 0 1 1 1 1]
 [1 0 0 1 1 1 1 1 1 1]
 [0 1 1 0 1 0 1 1 0 1]
 [0 1 0 0 1 1 1 1 1 1]
 [1 1 1 1 1 0 1 1 1 0]
 [1 1 0 0 1 0 0 0 1 0]
 [1 1 0 1 0 1 1 0 0 1]
 [0 1 1 0 0 1 1 1 0 0]
 [1 1 1 1 1 0 1 0 1 1]
 [1 0 1 0 1 0 1 1 1 1]
 [1 1 1 1 0 1 0 1 0 1]
 [1 1 1 0 0 1 0 1 1 1]
 [1 1 0 1 1 1 1 0 1 1]
 [1 0 1 0 0 0 1 1 1 1]
 [1 1 1 0 1 0 1 1 1 1]
 [0 1 0 1 1 0 1 1 1 1]
 [1 0 1 1 1 1 1 0 1 1]
 [1 1 0 1 1 0 1 1 1 1]
 [1 1 1 1 0 0 0 1 1 0]]
{'restarts': 101, 'conflicts': 32161, 'decisions': 52874, 'propagations': 26850224}
Q is identifiable
branch at 6
runtime for solving id of Q is 3.9781970370095223
Simulation results:
{'J': 100, 'K': 10, 'N': 10, 'p': 0.7, 'seed': 413, 'sim': 0, 'runtime': 3.9781970370095223, 'identifiable': 1, 'branch': 6}
1
Q: [[0 0 1 0 1 0 1 0 1 0]
 [1 1 0 1 0 0 0 1 1 1]
 [1 0 1 1 1 1 1 1 1 1]
 [1 1 0 1 1 1 1 1 1 1]
 [0 1 0 1 1 1 0 1 1 1]
 [0 1 1 1 1 0 1 1 1 1]
 [1 1 0 0 1 1 1 0 1 1]
 [1 1 1 1 1 0 0 1 1 1]
 [1 1 1 1 1 1 1 1 0 0]
 [1 1 1 1 1 1 1 0 0 1]
 [1 0 0 1 0 1 1 1 0 1]
 [0 0 0 0 1 1 1 1 1 0]
 [1 1 1 1 1 1 1 1 1 1]
 [0 1 0 1 1 1 1 1 1 1]
 [1 1 0 1 1 1 1 0 1 0]
 [0 1 0 0 1 0 1 0 1 0]
 [1 1 1 1 1 1 1 1 0 0]
 [1 1 1 0 1 1 0 1 0 1]
 [0 1 1 1 1 1 1 1 1 0]
 [1 1 1 1 0 0 1 1 0 1]
 [1 1 1 1 1 1 1 1 0 1]
 [1 0 0 1 1 1 1 1 1 1]
 [1 1 1 1 1 1 0 1 1 1]
 [1 0 1 0 1 1 1 1 0 0]
 [1 0 1 0 1 1 0 1 1 1]
 [0 1 0 0 0 1 1 1 1 1]
 [0 0 1 1 0 1 1 0 1 0]
 [0 0 0 0 0 1 1 0 0 0]
 [1 0 1 1 1 0 1 1 1 1]
 [1 1 1 1 0 1 0 1 1 1]
 [1 1 1 1 1 1 1 0 1 0]
 [1 1 0 1 0 1 1 0 0 0]
 [0 1 1 1 1 0 1 0 0 1]
 [1 1 1 0 1 1 0 1 1 1]
 [1 1 1 1 1 1 1 1 1 0]
 [0 1 1 0 1 1 0 1 0 1]
 [1 1 1 1 1 1 0 1 1 0]
 [1 1 1 1 1 1 1 0 0 0]
 [1 1 0 0 1 1 1 0 0 1]
 [0 1 1 1 1 1 0 1 1 0]
 [1 1 0 1 1 1 0 0 1 0]
 [1 1 1 1 1 1 1 0 1 1]
 [1 0 0 0 1 1 1 1 0 1]
 [0 1 1 1 1 1 1 1 1 1]
 [1 0 0 1 0 1 1 0 0 1]
 [1 1 0 1 1 1 1 1 1 1]
 [0 1 1 0 1 1 1 1 0 0]
 [0 0 0 1 1 0 1 1 1 0]
 [1 0 1 1 1 1 1 1 0 1]
 [1 0 1 1 0 0 1 1 1 0]
 [1 0 1 1 0 1 1 1 0 1]
 [1 0 1 1 1 0 1 1 1 1]
 [1 1 0 1 1 0 0 1 0 1]
 [0 1 1 0 0 1 1 0 1 1]
 [1 0 1 0 1 1 0 1 1 1]
 [1 0 0 0 1 1 1 1 1 0]
 [1 1 1 1 0 1 0 1 1 0]
 [1 1 1 1 0 1 1 1 0 1]
 [1 1 1 1 1 1 1 1 1 1]
 [1 1 1 0 1 1 1 0 0 0]
 [1 1 1 1 1 1 0 0 1 1]
 [0 1 0 1 1 1 1 1 0 0]
 [1 1 1 1 1 1 0 1 0 1]
 [1 0 1 1 1 0 1 1 1 1]
 [1 0 1 0 1 0 0 1 1 1]
 [1 1 1 0 1 0 0 0 1 1]
 [1 0 1 0 1 1 1 1 0 1]
 [1 1 0 1 0 1 1 0 0 1]
 [1 1 1 0 1 1 0 1 1 0]
 [1 1 0 1 1 0 0 1 1 1]
 [1 1 1 1 1 1 1 1 0 1]
 [0 0 1 1 0 1 1 0 1 0]
 [1 1 1 1 0 0 1 0 0 0]
 [0 1 1 0 0 1 0 1 1 0]
 [1 1 1 1 1 1 1 1 1 1]
 [0 1 0 0 0 0 1 1 1 0]
 [1 0 1 0 1 1 0 1 0 1]
 [0 0 1 1 1 1 1 0 1 0]
 [1 1 1 1 1 1 1 1 1 0]
 [1 1 0 0 0 1 1 0 1 1]
 [1 1 1 1 1 1 0 1 1 0]
 [1 1 1 1 1 1 1 0 1 1]
 [1 1 1 1 0 1 1 1 1 1]
 [1 1 1 1 1 1 0 0 0 1]
 [1 1 1 0 0 1 1 1 0 0]
 [1 1 1 0 1 1 0 0 1 1]
 [1 1 1 1 1 1 1 1 0 1]
 [0 1 1 0 1 1 1 1 1 1]
 [1 1 1 1 1 0 1 1 1 1]
 [1 0 1 0 1 1 1 1 1 0]
 [1 1 1 1 1 1 1 1 0 0]
 [0 1 1 1 1 1 1 1 1 0]
 [0 1 1 1 1 0 1 0 0 0]
 [1 0 1 1 1 1 1 1 1 1]
 [1 1 1 0 1 0 0 1 0 1]
 [1 0 1 1 1 0 0 0 1 1]
 [1 1 1 1 1 1 1 1 0 1]
 [1 1 1 0 1 1 1 1 0 0]
 [0 1 0 0 0 1 0 1 0 1]
 [1 1 1 1 1 1 0 1 1 1]]
{'restarts': 8, 'conflicts': 1298, 'decisions': 2907, 'propagations': 1166592}
Q is identifiable
branch at 6
runtime for solving id of Q is 0.325536179007031
Simulation results:
{'J': 100, 'K': 10, 'N': 10, 'p': 0.7, 'seed': 413, 'sim': 1, 'runtime': 0.325536179007031, 'identifiable': 1, 'branch': 6}
2
Q: [[1 0 0 0 1 1 0 1 1 0]
 [1 1 1 1 1 0 1 1 1 1]
 [1 1 1 1 1 1 1 1 1 0]
 [1 0 0 1 1 1 1 1 0 0]
 [1 0 1 1 1 1 1 1 1 0]
 [1 1 1 1 0 0 0 1 1 0]
 [1 1 0 1 1 1 1 1 0 1]
 [0 1 1 1 1 0 1 1 1 1]
 [0 0 1 1 1 0 1 1 0 1]
 [1 1 0 1 1 1 1 1 0 1]
 [1 0 1 1 1 1 1 1 1 1]
 [0 1 1 0 0 1 1 1 0 1]
 [1 0 1 0 1 1 0 1 1 1]
 [0 0 1 1 0 1 1 1 1 1]
 [1 0 0 1 1 1 1 1 0 1]
 [1 1 1 1 1 1 1 1 1 1]
 [0 1 1 1 1 1 1 1 0 1]
 [1 0 1 1 0 0 0 1 1 1]
 [1 0 1 0 0 1 1 1 1 0]
 [1 0 1 0 0 1 0 1 1 1]
 [0 1 0 1 1 1 1 1 1 1]
 [0 1 1 1 0 1 1 1 1 1]
 [1 0 1 1 1 1 1 1 1 1]
 [0 1 1 1 0 0 0 1 1 1]
 [0 1 1 0 1 1 0 0 0 1]
 [1 1 1 1 0 0 1 0 1 1]
 [1 1 1 0 1 1 0 1 0 0]
 [1 0 0 1 1 1 0 0 1 1]
 [1 0 1 1 1 0 1 1 1 1]
 [1 1 1 0 0 0 0 1 1 1]
 [1 1 1 1 1 1 1 0 0 1]
 [1 1 1 0 0 0 0 1 1 1]
 [1 1 1 1 0 1 1 1 1 0]
 [1 1 1 1 1 1 1 1 0 1]
 [1 0 1 1 1 0 1 0 1 1]
 [1 1 1 0 1 1 1 1 1 1]
 [0 1 1 0 1 1 0 0 0 1]
 [1 0 1 0 1 0 0 1 0 1]
 [1 1 1 0 1 0 1 1 0 1]
 [1 0 1 0 1 1 1 0 1 1]
 [1 0 1 1 1 1 0 1 1 1]
 [0 1 0 1 1 1 1 1 1 1]
 [0 1 0 1 1 0 0 1 0 1]
 [1 1 1 0 1 0 0 1 1 1]
 [1 1 0 1 1 1 1 0 1 1]
 [0 1 1 1 0 1 0 1 1 1]
 [1 1 0 1 1 1 1 1 0 1]
 [0 0 0 1 1 0 0 0 1 1]
 [1 0 1 0 0 1 1 1 1 1]
 [1 1 1 1 0 1 1 1 0 0]
 [1 1 1 1 1 0 1 0 0 0]
 [0 1 1 1 1 1 1 0 1 0]
 [1 1 0 1 1 0 1 1 1 1]
 [1 1 1 1 1 0 1 1 0 0]
 [0 1 1 0 1 1 1 1 1 0]
 [0 1 0 1 1 1 0 0 1 1]
 [1 1 1 1 0 1 0 0 1 1]
 [1 1 1 1 0 0 0 1 1 0]
 [1 1 0 1 1 1 1 1 1 0]
 [1 1 1 1 0 1 1 1 0 1]
 [1 0 0 1 1 0 1 1 1 1]
 [1 1 1 1 1 0 0 1 0 0]
 [1 1 1 1 1 1 1 1 0 0]
 [1 0 1 1 1 0 1 0 1 1]
 [0 1 0 1 1 0 1 0 0 0]
 [1 0 1 0 1 1 0 1 1 1]
 [0 0 1 0 0 1 0 1 1 1]
 [1 1 1 1 0 1 1 1 1 1]
 [1 1 0 1 1 1 0 1 0 1]
 [1 1 1 1 1 1 1 0 1 1]
 [1 1 1 1 1 0 1 1 0 1]
 [1 0 1 1 1 0 1 1 1 1]
 [1 1 1 0 0 1 1 1 0 1]
 [1 0 1 1 1 0 1 1 0 0]
 [0 1 1 1 1 1 1 0 1 1]
 [1 0 1 1 1 1 1 1 1 1]
 [1 0 1 1 1 0 0 0 1 1]
 [1 1 0 0 1 1 0 1 0 1]
 [1 0 0 0 0 1 0 1 1 1]
 [0 1 1 1 0 1 1 0 1 0]
 [1 1 1 1 1 1 1 0 1 0]
 [1 1 1 0 1 1 1 0 1 1]
 [0 0 1 1 0 1 1 1 0 1]
 [1 1 1 1 0 0 1 1 0 0]
 [1 1 1 0 0 1 1 1 1 1]
 [1 0 0 0 1 0 0 1 1 1]
 [1 0 1 1 0 1 1 1 1 1]
 [0 0 1 1 1 0 1 1 1 1]
 [1 1 1 0 1 1 1 1 1 0]
 [1 1 0 1 1 1 1 0 1 1]
 [1 1 1 0 1 1 1 1 1 1]
 [1 1 1 1 0 1 1 0 1 1]
 [1 1 0 1 1 1 0 1 1 1]
 [1 1 1 1 1 0 1 1 1 0]
 [0 1 0 0 1 1 0 1 1 1]
 [1 0 1 1 1 1 0 1 1 1]
 [1 1 1 0 0 1 1 1 0 0]
 [1 1 0 1 1 0 1 1 1 1]
 [1 0 1 0 1 0 1 1 1 0]
 [1 1 1 1 1 1 0 0 0 1]]
{'restarts': 28, 'conflicts': 9996, 'decisions': 17277, 'propagations': 7451141}
Q is identifiable
branch at 6
runtime for solving id of Q is 1.098508101014886
Simulation results:
{'J': 100, 'K': 10, 'N': 10, 'p': 0.7, 'seed': 413, 'sim': 2, 'runtime': 1.098508101014886, 'identifiable': 1, 'branch': 6}
3
Q: [[1 1 1 1 0 0 1 1 1 1]
 [1 1 0 1 1 0 1 1 0 1]
 [1 0 1 0 0 0 1 1 1 0]
 [1 0 1 0 0 1 1 0 1 0]
 [1 1 1 1 1 0 0 0 0 1]
 [1 0 1 1 0 1 1 1 1 0]
 [0 1 1 1 0 0 1 1 1 0]
 [0 1 0 1 1 1 1 1 1 0]
 [1 0 1 0 1 1 1 0 1 1]
 [1 1 1 1 0 1 1 1 1 0]
 [0 0 1 0 0 1 1 1 1 0]
 [1 0 0 0 0 1 1 1 1 1]
 [0 1 0 1 1 1 0 1 1 1]
 [0 1 1 0 0 1 1 0 1 1]
 [0 0 1 0 0 1 1 1 0 1]
 [1 1 1 1 0 1 0 1 1 1]
 [1 1 1 0 1 1 1 1 1 0]
 [1 1 0 1 0 1 1 1 0 0]
 [1 1 1 1 1 1 0 1 1 0]
 [0 0 0 1 0 1 1 0 0 0]
 [0 1 1 1 1 1 0 1 0 1]
 [0 1 1 0 1 1 1 1 1 0]
 [1 1 1 0 1 1 1 0 1 0]
 [1 1 0 1 1 1 0 1 1 0]
 [1 0 1 1 0 1 1 1 1 1]
 [1 0 1 1 0 0 1 1 1 1]
 [1 1 1 1 1 1 1 1 0 1]
 [1 0 1 0 0 1 1 1 1 0]
 [0 0 0 0 1 1 1 1 0 1]
 [0 0 1 1 0 0 1 1 1 1]
 [0 1 1 0 1 1 1 1 0 1]
 [0 1 1 0 1 1 1 1 0 0]
 [1 0 0 0 1 1 1 1 1 1]
 [0 1 0 1 1 1 0 1 1 1]
 [1 0 1 1 1 0 1 0 1 0]
 [1 0 0 1 1 0 1 1 1 0]
 [0 1 1 1 0 1 1 1 0 1]
 [1 1 1 1 1 0 0 1 1 1]
 [0 1 1 0 1 1 1 1 0 0]
 [0 1 1 0 0 0 0 0 1 1]
 [0 1 1 1 0 1 0 1 0 1]
 [1 0 1 0 1 1 1 1 1 1]
 [1 1 1 1 1 1 1 1 1 1]
 [1 1 1 0 1 1 1 0 0 1]
 [1 0 0 1 0 1 1 1 1 1]
 [0 1 0 1 0 1 1 1 1 0]
 [0 1 0 1 0 1 0 1 0 0]
 [1 1 1 0 1 1 1 1 0 1]
 [0 1 1 0 1 1 1 1 0 1]
 [0 1 1 0 0 1 0 1 1 1]
 [1 1 1 1 0 1 1 1 1 1]
 [1 1 1 1 1 0 1 0 1 0]
 [1 1 1 1 1 0 1 0 1 1]
 [1 1 1 0 1 0 1 0 1 0]
 [1 1 1 0 1 1 1 1 1 1]
 [0 1 1 1 0 1 0 1 0 0]
 [0 1 1 0 1 1 1 1 0 0]
 [1 1 1 0 1 1 1 1 0 1]
 [0 0 1 0 1 1 1 1 0 1]
 [0 1 0 1 1 1 1 1 0 0]
 [1 1 0 0 1 1 1 1 0 1]
 [0 0 1 1 1 1 0 1 0 1]
 [0 1 0 1 1 1 1 1 0 0]
 [1 1 1 1 1 0 1 1 1 1]
 [1 1 0 1 1 1 0 1 1 0]
 [1 0 0 1 0 0 0 1 1 1]
 [1 0 0 1 1 0 1 0 1 1]
 [0 1 1 1 1 1 0 0 1 1]
 [1 0 0 0 1 0 1 1 1 1]
 [1 1 1 0 1 1 1 1 1 1]
 [1 1 1 1 0 1 1 1 1 1]
 [1 0 0 1 1 0 1 1 1 1]
 [0 1 1 0 1 1 1 0 1 1]
 [0 1 1 1 0 1 1 1 1 1]
 [1 1 0 1 0 1 1 1 1 1]
 [1 1 0 1 0 1 1 1 1 1]
 [0 0 0 1 0 0 1 0 0 1]
 [0 1 0 1 1 1 0 0 1 1]
 [1 1 1 1 1 1 1 1 0 1]
 [1 0 0 1 0 1 1 1 1 1]
 [1 0 0 0 0 1 1 0 1 0]
 [1 1 1 1 1 0 1 1 1 1]
 [1 1 1 1 1 1 1 1 1 0]
 [1 0 1 1 1 1 1 0 1 0]
 [1 1 1 1 1 1 0 1 0 1]
 [0 1 1 0 1 0 0 1 0 0]
 [0 1 1 1 1 0 1 0 1 1]
 [1 1 1 0 1 1 1 1 0 1]
 [1 1 1 0 1 0 1 1 1 0]
 [0 1 0 1 1 1 0 0 1 1]
 [0 1 1 1 0 1 1 1 0 1]
 [1 1 1 1 0 1 1 1 0 0]
 [1 1 1 1 1 1 1 1 1 0]
 [0 0 1 0 1 0 0 1 1 0]
 [1 1 1 0 1 0 1 1 0 1]
 [0 1 0 1 1 1 0 1 0 1]
 [1 1 1 0 0 1 1 1 0 1]
 [0 1 0 0 1 1 0 1 0 1]
 [1 0 0 1 1 1 1 0 1 1]
 [1 0 1 1 1 1 1 1 1 1]]
{'restarts': 6, 'conflicts': 1385, 'decisions': 3164, 'propagations': 1251252}
Q is identifiable
branch at 6
runtime for solving id of Q is 0.32202400802634656
Simulation results:
{'J': 100, 'K': 10, 'N': 10, 'p': 0.7, 'seed': 413, 'sim': 3, 'runtime': 0.32202400802634656, 'identifiable': 1, 'branch': 6}
4
Q: [[1 0 1 1 1 1 1 1 1 1]
 [1 1 1 1 1 1 1 1 0 1]
 [1 1 1 1 1 1 0 0 1 1]
 [1 0 1 0 0 1 1 0 0 1]
 [1 1 1 0 1 1 1 1 0 1]
 [1 0 1 1 1 1 1 1 1 1]
 [1 1 1 1 0 0 0 1 1 1]
 [1 1 1 1 1 1 1 1 1 1]
 [1 1 1 1 0 1 1 1 1 1]
 [0 0 1 0 0 0 1 1 1 1]
 [1 1 1 1 1 1 1 1 0 1]
 [1 1 1 0 0 1 0 1 1 1]
 [1 1 1 1 1 1 0 0 0 1]
 [1 1 0 1 1 1 0 0 1 1]
 [1 0 1 1 0 1 0 1 0 0]
 [1 0 1 1 1 1 1 0 1 1]
 [1 1 0 1 1 1 1 1 1 1]
 [0 1 1 1 1 0 0 1 0 1]
 [0 1 0 0 1 0 1 0 1 1]
 [0 1 1 1 1 1 1 0 1 1]
 [1 1 1 0 1 1 0 0 1 1]
 [1 1 1 1 1 1 1 0 1 1]
 [1 0 1 1 1 1 0 1 1 1]
 [1 0 1 0 1 0 0 0 1 0]
 [1 0 0 1 1 1 1 1 1 1]
 [1 1 0 1 1 1 1 1 1 1]
 [0 1 1 1 1 0 0 0 0 0]
 [1 1 1 1 1 1 1 0 1 0]
 [1 1 1 1 1 1 0 1 1 0]
 [1 1 0 1 1 1 1 1 0 1]
 [1 1 1 0 1 0 1 1 1 1]
 [1 0 0 1 1 1 0 1 1 1]
 [1 1 1 0 1 1 0 0 1 1]
 [1 1 1 1 1 1 1 1 1 1]
 [1 0 1 1 1 1 0 1 0 1]
 [0 1 1 1 1 1 0 1 1 0]
 [1 1 0 0 1 1 0 1 1 1]
 [1 1 1 1 0 1 1 1 1 1]
 [1 1 0 1 1 1 1 0 1 1]
 [1 1 1 1 1 0 0 1 0 1]
 [1 1 1 1 1 0 1 1 1 1]
 [1 1 1 0 1 1 1 1 0 1]
 [1 0 1 1 1 1 0 1 1 0]
 [1 0 0 1 1 1 1 1 0 1]
 [1 0 0 1 1 1 1 1 0 1]
 [0 1 0 1 1 1 1 1 1 1]
 [1 0 1 0 1 1 0 0 0 1]
 [1 0 1 1 1 0 1 0 1 1]
 [1 1 1 0 0 0 1 1 0 1]
 [1 1 1 1 1 0 1 1 0 1]
 [0 1 1 1 1 0 1 1 0 0]
 [1 1 1 1 1 1 1 0 1 1]
 [0 1 0 1 1 1 1 1 0 1]
 [1 1 1 1 0 1 0 1 1 1]
 [1 1 1 1 1 1 1 1 0 1]
 [1 1 1 1 0 1 0 1 0 0]
 [0 1 1 0 0 1 1 1 1 1]
 [0 0 0 1 1 1 1 1 1 1]
 [1 1 0 0 0 1 0 0 1 1]
 [1 0 1 1 0 1 1 1 1 1]
 [1 1 1 1 0 1 0 1 0 0]
 [1 1 1 1 0 1 0 1 0 1]
 [0 1 1 1 1 1 1 0 0 0]
 [1 0 1 0 0 1 0 0 1 1]
 [1 1 1 1 1 0 1 1 0 0]
 [1 0 1 1 1 1 1 0 1 0]
 [1 1 1 0 1 1 1 0 0 0]
 [1 1 1 1 1 0 1 0 0 0]
 [0 0 1 1 0 1 1 1 0 1]
 [1 0 1 1 1 0 1 1 1 1]
 [1 0 0 1 1 1 1 0 1 1]
 [1 0 0 1 0 1 1 1 1 1]
 [0 0 1 1 0 0 1 0 1 1]
 [1 1 1 0 1 0 0 1 1 0]
 [0 1 1 1 1 0 1 1 1 1]
 [1 1 1 1 1 1 1 1 1 1]
 [1 1 0 1 1 1 0 1 1 1]
 [1 1 1 1 1 1 1 1 0 0]
 [0 1 1 1 0 1 1 0 1 0]
 [1 1 1 1 1 1 1 1 1 0]
 [1 1 0 1 0 1 1 1 0 1]
 [1 1 0 0 0 0 0 1 1 1]
 [0 0 0 1 1 1 1 0 1 1]
 [0 0 1 0 0 1 1 1 0 1]
 [1 1 1 1 1 0 1 0 1 1]
 [1 1 1 1 0 1 1 1 0 1]
 [1 1 1 1 1 1 0 1 0 0]
 [1 1 1 1 1 1 0 1 1 1]
 [1 0 1 0 1 1 1 1 1 1]
 [1 1 1 1 1 0 1 1 1 0]
 [1 1 1 0 0 1 1 1 1 1]
 [1 0 1 1 1 1 1 1 1 1]
 [1 1 1 0 1 1 1 1 1 1]
 [0 1 1 1 1 1 1 0 1 1]
 [0 1 1 0 1 1 1 1 1 1]
 [0 1 0 1 1 0 1 1 1 1]
 [0 1 1 1 1 0 1 1 1 0]
 [1 1 0 0 1 1 0 1 0 0]
 [0 0 1 1 1 1 1 0 1 1]
 [1 1 1 1 1 1 1 0 0 0]]
{'restarts': 82, 'conflicts': 48786, 'decisions': 71952, 'propagations': 39546737}
Q is identifiable
branch at 6
runtime for solving id of Q is 5.919889888988109
Simulation results:
{'J': 100, 'K': 10, 'N': 10, 'p': 0.7, 'seed': 413, 'sim': 4, 'runtime': 5.919889888988109, 'identifiable': 1, 'branch': 6}
5
Q: [[1 0 1 0 0 1 1 1 1 1]
 [1 1 1 1 1 0 1 1 1 1]
 [1 1 0 1 1 1 1 1 1 1]
 [1 1 1 1 0 1 1 1 0 0]
 [1 1 1 1 0 1 1 0 1 1]
 [0 1 1 0 1 1 1 0 1 1]
 [1 0 0 0 1 1 1 1 1 1]
 [1 1 1 0 1 1 0 1 1 0]
 [1 1 0 0 1 0 0 0 0 1]
 [1 1 1 1 0 1 0 0 0 1]
 [0 1 0 1 1 1 1 1 1 0]
 [0 0 1 0 1 1 1 0 0 1]
 [1 0 1 0 0 1 1 0 1 1]
 [1 0 1 0 0 1 1 1 0 1]
 [1 1 1 0 0 1 0 0 0 1]
 [0 1 0 1 0 1 1 0 1 0]
 [0 0 0 1 0 1 1 1 0 0]
 [1 1 1 0 1 1 0 1 1 0]
 [0 1 1 1 1 1 0 1 1 1]
 [0 1 1 0 1 0 1 0 1 1]
 [0 1 1 1 0 0 1 1 1 1]
 [1 0 0 1 1 1 0 1 1 1]
 [1 1 1 1 1 1 0 0 1 1]
 [1 1 1 0 1 0 1 1 1 1]
 [1 1 1 1 0 1 1 0 0 1]
 [0 1 1 1 1 1 1 1 0 1]
 [0 1 0 1 0 1 1 1 1 1]
 [0 0 1 1 1 0 0 0 1 0]
 [1 0 1 1 1 1 1 0 1 0]
 [1 1 0 1 0 1 1 1 1 1]
 [1 1 0 0 1 0 1 0 0 0]
 [1 1 1 0 1 1 1 1 0 1]
 [0 1 0 1 1 0 1 0 1 0]
 [1 1 1 1 0 0 1 1 0 0]
 [1 1 1 0 0 1 1 1 0 0]
 [1 1 1 1 1 0 0 1 1 0]
 [0 1 1 1 1 0 1 1 1 0]
 [1 1 0 1 1 0 1 1 1 1]
 [0 1 0 1 1 1 1 1 1 1]
 [1 1 1 1 1 0 1 1 0 0]
 [1 0 1 1 1 1 1 1 1 0]
 [0 1 1 0 1 0 1 1 1 1]
 [1 1 1 0 1 0 1 1 1 1]
 [1 1 1 1 1 1 1 0 0 0]
 [1 1 1 1 1 1 1 1 0 0]
 [1 0 1 0 1 1 1 0 1 1]
 [1 1 1 1 1 1 1 1 1 1]
 [1 1 1 1 1 1 1 0 0 1]
 [1 1 1 1 1 1 1 1 1 1]
 [1 1 0 0 1 1 1 1 1 1]
 [1 0 0 1 1 1 1 0 1 1]
 [0 1 0 1 1 1 1 0 0 0]
 [1 1 0 0 1 1 1 1 1 1]
 [1 1 1 1 0 0 1 1 0 1]
 [0 1 0 1 1 0 0 1 1 0]
 [1 1 1 1 1 1 1 1 1 1]
 [1 1 1 1 0 1 1 0 1 1]
 [0 1 0 0 0 0 0 1 1 0]
 [0 1 1 1 1 0 1 0 0 1]
 [1 1 1 0 1 0 0 1 1 0]
 [0 1 0 0 1 0 1 0 1 1]
 [1 1 1 0 1 0 1 1 1 1]
 [0 0 1 1 0 0 1 0 1 1]
 [1 0 1 1 1 1 1 1 1 1]
 [1 1 1 1 1 1 1 0 1 0]
 [0 1 1 1 0 1 1 1 1 1]
 [1 1 1 0 1 1 1 1 1 0]
 [0 1 1 1 1 1 1 1 0 1]
 [0 0 0 1 1 1 0 0 1 1]
 [0 1 1 1 1 0 1 1 0 0]
 [1 1 1 0 0 1 1 1 1 1]
 [1 1 1 1 1 1 1 0 1 1]
 [1 1 0 1 0 1 0 1 1 1]
 [1 1 1 0 1 1 0 1 1 1]
 [1 1 0 1 0 1 1 1 1 0]
 [1 1 1 1 1 1 1 1 1 0]
 [1 0 1 0 1 1 1 1 0 1]
 [1 1 1 0 1 0 1 0 1 1]
 [0 1 0 1 1 1 1 0 0 0]
 [1 1 1 0 1 1 1 1 1 1]
 [1 1 1 1 1 1 1 1 1 1]
 [1 0 0 1 1 1 1 1 0 1]
 [1 1 1 0 0 1 1 0 1 1]
 [1 0 0 0 1 1 1 1 1 0]
 [0 1 1 1 1 0 1 1 1 1]
 [1 1 1 0 1 1 0 1 1 1]
 [1 1 1 1 1 1 0 1 0 1]
 [1 1 1 1 1 1 1 1 0 1]
 [1 1 0 0 1 1 1 1 1 1]
 [0 0 0 1 0 1 1 1 0 0]
 [1 1 1 1 1 0 1 0 0 0]
 [1 1 1 1 1 0 1 1 1 1]
 [0 0 1 1 1 1 0 1 1 1]
 [1 1 0 0 1 0 1 1 1 1]
 [1 1 0 0 1 0 1 0 1 1]
 [0 0 1 1 0 1 1 0 1 1]
 [1 1 1 0 0 0 1 1 1 0]
 [1 0 0 1 0 1 0 1 1 1]
 [0 0 1 0 1 0 0 0 0 1]
 [1 1 1 1 1 0 1 1 1 0]]
{'restarts': 5, 'conflicts': 2489, 'decisions': 5119, 'propagations': 1930252}
Q is identifiable
branch at 6
runtime for solving id of Q is 0.37071921199094504
Simulation results:
{'J': 100, 'K': 10, 'N': 10, 'p': 0.7, 'seed': 413, 'sim': 5, 'runtime': 0.37071921199094504, 'identifiable': 1, 'branch': 6}
6
Q: [[1 1 1 0 1 1 1 0 1 1]
 [0 0 1 1 1 1 0 1 0 1]
 [0 1 0 1 0 0 1 1 1 0]
 [1 1 1 1 1 1 1 1 1 1]
 [1 1 1 0 1 1 1 1 1 1]
 [0 1 0 0 1 0 1 1 0 1]
 [1 1 1 1 1 1 1 0 1 0]
 [1 1 0 1 1 1 1 1 1 0]
 [0 1 0 1 1 1 1 1 1 1]
 [1 1 1 1 1 1 1 1 1 1]
 [1 0 1 1 1 1 1 0 1 1]
 [1 1 1 1 0 0 0 0 1 1]
 [1 1 1 0 1 1 0 0 0 1]
 [0 1 1 1 1 1 0 1 0 0]
 [1 0 0 1 1 1 1 1 0 0]
 [1 1 1 0 0 1 0 1 1 1]
 [1 1 1 1 1 1 1 1 1 1]
 [1 0 1 1 1 1 0 0 0 1]
 [0 1 0 1 0 1 1 1 0 1]
 [1 0 1 1 0 0 1 0 1 1]
 [0 1 1 1 0 0 0 1 0 1]
 [0 1 1 1 0 1 1 0 1 1]
 [1 1 1 1 0 1 1 1 1 1]
 [1 0 0 1 1 1 0 1 1 1]
 [1 1 0 0 0 1 1 1 0 1]
 [1 1 1 1 0 0 0 1 1 1]
 [0 1 1 0 1 1 0 1 0 1]
 [1 0 0 1 1 1 0 1 0 1]
 [1 1 1 1 0 1 1 1 1 0]
 [0 1 1 1 0 1 1 1 0 1]
 [1 1 1 1 1 1 0 1 1 1]
 [1 1 0 1 1 0 1 1 1 1]
 [1 1 1 1 0 1 1 1 1 1]
 [0 0 1 0 1 1 0 0 0 1]
 [0 1 1 1 1 0 1 1 0 0]
 [1 1 1 0 0 1 1 1 0 1]
 [0 1 1 1 0 1 0 1 1 1]
 [1 1 1 0 0 1 0 1 1 0]
 [0 0 1 1 1 1 1 1 0 0]
 [1 1 1 1 1 0 1 1 1 0]
 [1 1 1 0 1 1 1 1 0 1]
 [0 1 0 1 0 1 1 1 1 1]
 [1 0 0 1 1 1 0 1 1 0]
 [1 0 1 0 1 1 1 0 1 1]
 [1 0 1 1 1 1 1 0 1 1]
 [1 1 1 0 0 1 1 1 1 1]
 [1 0 1 1 1 1 1 1 1 1]
 [1 1 0 1 0 0 1 1 0 0]
 [1 1 1 0 1 1 1 0 1 0]
 [0 1 1 1 0 1 0 1 1 1]
 [0 1 1 0 1 0 1 1 1 1]
 [1 1 1 0 1 1 1 1 1 1]
 [1 1 1 0 1 1 0 0 0 1]
 [1 1 0 1 0 0 0 1 1 1]
 [1 1 1 1 0 0 0 1 0 1]
 [1 1 1 1 1 1 1 1 1 1]
 [0 1 1 1 1 1 1 0 1 1]
 [0 1 0 1 1 1 1 0 0 1]
 [1 1 1 1 0 0 1 1 0 0]
 [0 0 0 0 0 1 1 1 1 1]
 [1 1 1 1 0 1 1 0 1 1]
 [0 1 1 1 1 1 1 1 0 0]
 [0 1 0 1 0 1 1 1 1 1]
 [1 1 1 0 0 1 1 0 1 1]
 [1 0 1 1 1 1 0 0 1 1]
 [1 1 1 1 1 0 1 0 0 0]
 [0 1 1 0 1 1 0 1 1 1]
 [1 0 0 0 0 1 1 1 1 1]
 [1 1 0 1 1 1 1 0 1 1]
 [0 0 0 1 0 0 1 1 1 0]
 [1 1 1 1 1 1 1 1 1 1]
 [1 1 1 1 1 1 1 0 1 1]
 [1 1 1 1 1 1 1 0 1 1]
 [1 1 1 1 1 1 1 0 0 0]
 [0 1 0 1 0 1 1 0 0 1]
 [1 1 0 1 1 1 1 1 1 0]
 [1 1 0 0 0 0 0 1 1 1]
 [1 0 1 0 0 0 1 1 1 1]
 [0 1 1 1 1 1 1 0 1 0]
 [0 1 1 1 1 1 1 0 1 1]
 [1 1 1 0 0 1 1 1 1 1]
 [0 1 1 1 1 0 0 0 1 1]
 [1 0 1 1 1 0 1 0 1 1]
 [1 0 0 1 1 0 1 1 1 1]
 [0 1 1 1 1 1 1 1 1 1]
 [1 1 1 1 0 1 0 1 1 1]
 [0 0 1 1 1 0 1 0 1 1]
 [1 0 1 1 1 1 1 0 1 1]
 [1 0 1 0 1 1 1 1 1 1]
 [1 1 1 1 0 1 1 1 1 1]
 [1 1 1 1 1 0 1 0 0 1]
 [1 0 1 1 1 1 1 0 1 0]
 [1 0 1 0 0 1 0 1 1 1]
 [1 1 1 1 1 0 0 1 1 1]
 [1 1 0 1 1 1 0 0 1 0]
 [1 0 0 1 1 1 0 1 1 1]
 [1 1 1 1 0 1 1 1 0 0]
 [1 1 0 0 0 1 0 1 0 1]
 [1 1 1 1 1 0 1 1 0 1]
 [1 0 1 1 1 0 1 1 0 0]]
{'restarts': 16, 'conflicts': 6284, 'decisions': 12770, 'propagations': 6482220}
Q is identifiable
branch at 6
runtime for solving id of Q is 0.9875725400052033
Simulation results:
{'J': 100, 'K': 10, 'N': 10, 'p': 0.7, 'seed': 413, 'sim': 6, 'runtime': 0.9875725400052033, 'identifiable': 1, 'branch': 6}
7
Q: [[1 1 0 0 1 1 0 1 0 1]
 [1 1 1 1 1 1 0 0 1 0]
 [1 1 1 0 1 1 1 1 1 1]
 [1 1 1 1 1 0 1 1 0 1]
 [1 1 0 1 0 0 0 1 1 1]
 [1 1 1 1 1 1 0 1 1 1]
 [1 0 1 1 1 1 0 1 0 1]
 [1 1 1 1 1 0 1 1 1 1]
 [1 1 1 1 1 0 1 1 1 1]
 [1 1 1 1 1 0 0 0 1 1]
 [1 0 1 1 1 1 1 0 1 0]
 [0 1 0 1 0 1 1 0 1 0]
 [1 1 1 1 1 0 1 1 1 1]
 [1 1 1 1 1 1 0 1 0 1]
 [1 0 1 1 1 1 1 0 0 1]
 [1 1 1 1 1 0 1 1 1 1]
 [0 1 1 1 0 0 1 0 1 0]
 [1 1 1 0 1 1 1 1 1 0]
 [1 0 1 0 1 1 0 1 1 1]
 [1 1 1 1 1 1 1 1 0 1]
 [0 1 0 1 0 1 1 1 1 1]
 [0 1 1 1 1 1 0 1 0 1]
 [0 1 1 1 1 1 1 1 0 0]
 [0 1 1 1 1 1 0 0 1 1]
 [0 1 1 0 1 0 0 0 1 0]
 [1 0 1 0 1 1 1 0 1 1]
 [1 1 1 1 1 0 1 0 1 1]
 [1 1 1 0 1 1 1 1 1 0]
 [0 0 1 1 0 1 0 1 0 1]
 [1 1 0 0 1 1 0 0 1 1]
 [1 1 1 0 1 0 1 1 0 1]
 [0 1 0 1 0 1 1 0 1 1]
 [0 1 1 1 1 1 1 0 1 1]
 [1 1 1 0 1 1 1 0 0 0]
 [1 1 1 1 1 1 1 1 1 1]
 [1 0 1 0 1 1 1 0 1 1]
 [1 1 0 0 1 0 0 0 1 1]
 [0 1 1 0 0 0 1 1 1 1]
 [1 1 1 1 1 1 1 1 1 1]
 [0 0 1 1 0 0 0 1 1 1]
 [1 1 0 0 0 1 1 0 1 1]
 [1 1 0 0 0 1 1 1 1 1]
 [1 1 1 1 0 0 1 0 0 1]
 [0 0 1 1 0 1 1 1 1 1]
 [0 1 1 0 1 0 1 0 1 1]
 [0 0 1 0 1 1 1 1 1 1]
 [1 1 1 0 1 1 1 1 1 1]
 [0 1 0 1 1 1 1 1 1 1]
 [1 1 1 1 0 1 1 1 1 1]
 [1 0 1 1 1 1 1 1 0 1]
 [0 0 1 1 1 1 0 1 1 1]
 [1 0 1 1 1 1 1 1 1 1]
 [1 1 1 1 0 1 1 0 1 1]
 [0 1 1 1 0 1 1 0 1 1]
 [1 1 1 1 1 0 1 1 1 0]
 [1 0 1 1 1 1 0 1 0 1]
 [1 1 1 0 1 1 1 1 1 1]
 [1 0 1 1 1 1 0 1 1 0]
 [1 1 0 1 1 1 1 0 1 1]
 [1 1 1 1 1 1 1 1 0 0]
 [0 0 1 1 0 1 1 1 1 1]
 [1 1 1 1 0 0 0 1 1 0]
 [0 0 1 1 1 1 1 1 1 1]
 [1 1 0 1 0 1 1 1 0 1]
 [1 0 0 1 1 1 1 1 1 1]
 [0 1 0 0 1 0 1 1 0 0]
 [1 1 1 0 1 0 1 1 1 1]
 [1 1 1 1 1 1 0 1 0 0]
 [0 1 1 1 1 0 1 1 0 1]
 [1 1 0 0 1 1 1 1 0 1]
 [1 0 1 0 1 0 1 1 1 1]
 [1 0 1 1 1 1 1 1 1 1]
 [1 0 0 1 1 0 1 1 0 1]
 [0 1 1 0 1 1 0 1 0 0]
 [0 0 1 1 1 1 0 0 1 0]
 [1 0 0 1 1 0 1 1 1 0]
 [0 1 1 0 0 1 1 0 1 1]
 [1 1 1 1 0 1 0 1 1 1]
 [0 0 1 1 0 1 0 1 1 0]
 [1 1 1 1 1 0 1 0 1 1]
 [1 1 1 0 1 0 0 1 0 1]
 [1 1 1 1 1 1 1 1 0 0]
 [1 0 0 1 1 1 0 1 0 1]
 [1 1 1 1 1 0 0 0 1 0]
 [0 1 0 1 1 1 1 0 0 1]
 [1 1 0 1 1 1 0 1 1 0]
 [1 1 1 0 1 0 0 1 1 0]
 [0 0 1 1 1 1 1 1 1 1]
 [1 0 0 1 1 1 1 1 1 1]
 [1 0 1 1 0 0 0 0 1 1]
 [0 1 1 1 1 0 1 0 1 1]
 [0 1 1 1 1 0 1 1 1 1]
 [0 1 1 1 0 0 1 1 1 1]
 [1 0 0 0 0 1 1 1 0 1]
 [1 1 0 1 1 0 1 1 1 1]
 [0 1 0 1 1 0 1 1 1 1]
 [1 1 1 1 1 1 1 1 0 0]
 [1 0 1 1 1 1 0 1 0 1]
 [1 1 1 1 0 0 0 0 0 1]
 [1 1 1 0 0 0 1 1 0 0]]
{'restarts': 57, 'conflicts': 32069, 'decisions': 50716, 'propagations': 34090225}
Q is identifiable
branch at 6
runtime for solving id of Q is 4.396999544987921
Simulation results:
{'J': 100, 'K': 10, 'N': 10, 'p': 0.7, 'seed': 413, 'sim': 7, 'runtime': 4.396999544987921, 'identifiable': 1, 'branch': 6}
8
Q: [[1 1 1 0 1 0 0 1 1 1]
 [1 1 0 1 1 1 1 1 0 0]
 [1 1 0 0 1 1 1 1 1 1]
 [1 0 0 1 1 1 0 1 0 1]
 [1 0 0 0 1 1 1 1 1 0]
 [1 1 1 1 1 1 0 0 0 0]
 [0 1 0 0 1 1 1 1 1 1]
 [1 0 1 0 1 1 1 1 1 1]
 [0 0 0 1 1 0 1 0 0 1]
 [0 1 1 0 1 1 0 1 1 1]
 [1 1 1 0 1 0 1 0 1 0]
 [1 1 0 1 1 1 1 1 0 1]
 [1 0 1 0 1 0 1 1 1 0]
 [1 1 0 1 1 1 1 0 0 0]
 [1 1 0 1 1 1 0 1 1 1]
 [1 0 1 1 0 0 0 1 1 0]
 [0 1 1 1 0 1 1 1 1 1]
 [1 1 0 1 1 1 1 0 1 0]
 [0 1 1 1 0 1 1 1 1 1]
 [0 1 1 1 0 1 0 1 0 1]
 [1 1 1 1 0 1 1 1 0 0]
 [0 1 0 1 0 1 0 0 1 1]
 [0 1 1 0 1 1 1 1 0 0]
 [1 1 1 1 1 1 0 1 0 1]
 [1 0 1 1 1 1 0 0 0 1]
 [1 1 1 1 1 0 1 0 1 1]
 [1 0 1 1 1 1 1 1 0 0]
 [1 1 1 1 0 1 1 0 1 1]
 [1 0 0 1 0 1 1 1 1 1]
 [1 0 1 1 1 1 0 0 1 1]
 [1 1 1 1 1 1 1 0 0 1]
 [1 0 1 0 0 1 0 1 0 1]
 [1 1 1 1 1 1 1 1 1 1]
 [1 1 1 0 0 0 1 1 1 1]
 [0 1 0 0 0 1 1 1 1 1]
 [0 1 0 1 1 1 1 1 1 1]
 [0 0 1 0 1 0 1 1 1 0]
 [1 1 1 1 1 0 1 0 1 1]
 [0 0 1 0 1 0 0 1 0 1]
 [1 1 1 1 0 0 1 1 1 1]
 [1 1 0 1 1 1 1 1 1 1]
 [1 1 1 1 1 1 0 1 1 1]
 [1 0 1 1 0 1 1 0 1 0]
 [1 1 1 1 1 0 0 1 1 1]
 [1 1 1 1 1 0 0 0 1 1]
 [1 1 1 0 1 1 1 1 1 1]
 [1 1 1 1 0 1 0 1 1 0]
 [1 0 1 0 1 0 0 1 1 1]
 [1 1 1 1 1 0 1 1 0 1]
 [0 1 1 0 1 1 1 1 1 1]
 [1 0 1 1 1 1 1 1 0 1]
 [0 1 0 1 0 1 1 1 1 1]
 [0 0 1 0 1 1 0 0 1 1]
 [1 1 0 1 1 0 1 1 0 1]
 [1 1 1 1 1 0 1 1 1 1]
 [0 1 0 0 0 1 1 1 0 1]
 [1 1 1 1 0 1 1 0 1 1]
 [1 0 0 1 1 1 1 1 1 1]
 [1 1 1 1 0 1 1 0 1 1]
 [0 0 1 1 0 1 1 0 1 1]
 [0 0 1 1 1 0 0 0 1 1]
 [1 0 1 1 1 1 1 0 1 1]
 [0 0 1 1 0 1 1 1 1 0]
 [0 1 1 0 1 1 0 1 1 1]
 [1 1 1 0 0 0 0 1 0 0]
 [1 1 0 1 1 0 1 1 1 1]
 [1 0 1 1 0 0 1 1 1 0]
 [1 1 0 1 1 1 1 1 1 1]
 [0 0 1 1 1 1 1 0 0 1]
 [0 1 1 1 1 1 1 1 0 0]
 [1 1 1 1 1 1 1 0 1 1]
 [1 1 1 0 1 0 1 1 0 1]
 [1 1 0 1 1 0 0 1 1 1]
 [0 0 1 1 1 0 1 1 1 1]
 [0 0 1 0 1 1 1 1 1 1]
 [0 1 1 0 1 0 1 1 1 1]
 [1 1 0 1 1 0 0 0 0 1]
 [1 1 1 0 1 0 1 1 1 1]
 [1 1 0 0 0 1 1 0 0 0]
 [0 1 1 1 0 1 1 1 1 1]
 [0 1 1 1 0 1 0 0 1 0]
 [1 0 0 1 1 1 0 1 0 1]
 [1 1 1 1 1 1 1 1 0 1]
 [0 0 0 1 1 1 1 1 1 1]
 [1 1 0 1 1 1 1 1 1 1]
 [1 0 1 1 1 0 1 0 1 1]
 [1 1 1 1 1 1 1 1 1 0]
 [1 1 0 1 1 1 0 1 0 1]
 [1 1 1 1 1 1 0 1 0 1]
 [1 1 0 1 1 1 1 1 0 1]
 [1 1 1 0 0 0 1 1 1 0]
 [0 1 0 1 0 0 1 1 1 0]
 [1 1 0 0 1 0 1 1 0 0]
 [1 1 1 1 1 0 1 1 0 1]
 [0 1 1 0 0 1 1 0 1 1]
 [1 0 1 1 0 0 1 1 1 0]
 [0 1 1 0 1 1 1 1 1 1]
 [0 1 0 1 1 1 1 1 1 1]
 [1 0 0 0 0 1 1 0 1 1]
 [0 0 1 1 1 0 0 0 1 1]]
{'restarts': 18, 'conflicts': 6000, 'decisions': 11059, 'propagations': 6241634}
Q is identifiable
branch at 6
runtime for solving id of Q is 0.8970913039811421
Simulation results:
{'J': 100, 'K': 10, 'N': 10, 'p': 0.7, 'seed': 413, 'sim': 8, 'runtime': 0.8970913039811421, 'identifiable': 1, 'branch': 6}
9
Q: [[1 1 1 0 1 1 1 1 1 1]
 [1 0 1 0 0 0 0 1 1 1]
 [1 1 1 1 0 1 1 1 0 0]
 [1 1 1 0 1 1 1 0 0 0]
 [0 1 1 0 1 1 0 0 0 1]
 [0 0 0 1 1 1 1 1 1 0]
 [1 0 0 1 1 0 1 1 1 1]
 [1 1 1 1 1 1 1 1 1 0]
 [1 0 1 1 1 1 1 0 1 1]
 [0 0 1 1 1 0 1 1 1 1]
 [1 1 1 1 1 1 1 1 0 1]
 [1 1 1 1 1 0 1 0 0 0]
 [1 0 0 1 1 1 0 0 1 0]
 [1 1 1 1 0 1 0 1 1 0]
 [1 1 1 1 0 1 0 0 1 1]
 [0 1 1 1 1 1 1 1 0 1]
 [1 1 0 1 1 0 1 1 1 0]
 [1 1 0 1 1 0 1 1 0 1]
 [0 1 1 1 1 1 1 1 0 1]
 [0 1 1 1 1 0 1 1 1 1]
 [0 0 1 1 1 1 1 1 1 1]
 [1 1 0 1 1 0 1 1 0 0]
 [1 1 0 1 1 1 1 1 1 0]
 [1 1 1 1 1 1 1 1 1 0]
 [1 1 1 0 0 1 1 1 0 1]
 [1 1 1 1 0 0 1 0 0 1]
 [0 1 0 1 0 1 1 0 1 1]
 [0 1 1 0 0 1 1 1 1 0]
 [1 1 1 1 0 1 1 0 1 0]
 [0 1 1 1 1 1 0 1 1 1]
 [1 1 1 0 1 1 1 1 1 1]
 [1 1 0 1 0 0 0 1 1 0]
 [1 1 1 1 0 1 1 1 1 1]
 [1 1 0 1 1 1 1 0 1 1]
 [1 1 0 0 1 1 1 1 0 1]
 [1 1 1 1 1 1 1 1 1 0]
 [0 1 1 1 1 1 0 1 1 1]
 [0 1 1 0 1 1 0 1 0 1]
 [1 0 1 1 1 1 1 1 1 0]
 [1 1 0 1 0 1 1 1 0 1]
 [1 0 0 1 0 1 0 1 1 1]
 [0 1 1 1 1 0 1 1 1 1]
 [1 1 1 1 1 1 1 1 1 1]
 [1 0 1 1 0 1 0 1 0 1]
 [1 1 0 1 1 1 1 1 0 1]
 [0 0 1 0 1 1 1 1 0 1]
 [1 1 1 0 1 0 1 1 1 1]
 [1 1 0 1 1 1 1 1 1 0]
 [1 1 1 0 1 0 0 1 1 0]
 [0 1 1 0 1 1 0 0 0 1]
 [1 1 1 1 1 1 1 1 1 0]
 [1 1 1 0 1 1 1 0 1 1]
 [1 0 0 1 1 1 1 0 1 1]
 [1 1 0 0 1 0 1 1 1 0]
 [0 1 1 1 1 1 1 1 1 1]
 [1 0 1 1 0 1 0 0 1 0]
 [1 1 1 0 1 0 0 0 1 1]
 [1 1 1 1 0 1 0 1 0 1]
 [1 1 1 1 1 1 1 1 1 1]
 [1 1 0 1 1 1 1 1 1 1]
 [1 0 0 0 0 1 0 1 1 0]
 [0 1 0 1 0 0 0 1 1 1]
 [1 1 0 1 1 0 1 0 1 1]
 [1 0 1 0 1 0 1 0 0 0]
 [0 1 0 1 0 0 1 0 0 1]
 [0 1 1 0 0 0 0 1 1 0]
 [0 0 0 1 1 0 1 1 1 1]
 [0 0 1 0 0 1 1 1 1 0]
 [0 1 1 0 0 1 0 0 1 0]
 [0 1 1 1 0 1 1 0 1 0]
 [0 1 1 0 1 1 0 0 0 1]
 [1 0 1 1 1 1 1 0 1 1]
 [0 1 1 0 1 1 0 0 1 0]
 [1 1 1 0 1 1 1 1 1 1]
 [1 0 1 1 1 1 1 1 1 0]
 [0 1 0 1 1 1 0 0 0 1]
 [1 1 0 1 1 1 1 1 1 1]
 [1 1 1 0 1 0 0 0 1 1]
 [1 1 1 1 0 1 1 0 1 1]
 [0 0 0 1 1 1 0 1 1 1]
 [1 1 1 0 1 1 0 1 1 1]
 [1 1 1 1 1 1 0 1 1 1]
 [1 1 1 1 1 1 1 0 1 1]
 [0 1 1 1 1 1 1 1 1 0]
 [0 1 1 1 1 1 1 1 1 1]
 [1 1 1 1 1 1 1 1 0 1]
 [1 1 1 1 1 0 1 0 1 1]
 [1 0 1 0 1 1 0 1 1 1]
 [1 0 1 1 0 1 1 0 1 1]
 [0 1 1 1 0 1 0 1 0 1]
 [1 1 1 0 0 1 0 1 1 1]
 [1 0 1 1 1 0 1 1 0 1]
 [1 1 1 1 1 1 0 1 1 1]
 [1 0 1 1 1 1 1 1 0 1]
 [1 0 0 1 1 1 1 1 1 1]
 [1 0 1 1 1 1 1 1 1 0]
 [0 0 1 0 1 0 1 1 1 1]
 [1 0 1 1 1 1 1 1 1 1]
 [1 0 1 1 1 1 0 0 1 1]
 [1 0 1 0 1 0 0 1 0 0]]
{'restarts': 85, 'conflicts': 44599, 'decisions': 67045, 'propagations': 40433617}
Q is identifiable
branch at 6
runtime for solving id of Q is 6.228417497011833
Simulation results:
{'J': 100, 'K': 10, 'N': 10, 'p': 0.7, 'seed': 413, 'sim': 9, 'runtime': 6.228417497011833, 'identifiable': 1, 'branch': 6}
Simulation results:
[{'J': 100, 'K': 10, 'N': 10, 'p': 0.7, 'seed': 413, 'sim': 0, 'runtime': 3.9781970370095223, 'identifiable': 1, 'branch': 6}, {'J': 100, 'K': 10, 'N': 10, 'p': 0.7, 'seed': 413, 'sim': 1, 'runtime': 0.325536179007031, 'identifiable': 1, 'branch': 6}, {'J': 100, 'K': 10, 'N': 10, 'p': 0.7, 'seed': 413, 'sim': 2, 'runtime': 1.098508101014886, 'identifiable': 1, 'branch': 6}, {'J': 100, 'K': 10, 'N': 10, 'p': 0.7, 'seed': 413, 'sim': 3, 'runtime': 0.32202400802634656, 'identifiable': 1, 'branch': 6}, {'J': 100, 'K': 10, 'N': 10, 'p': 0.7, 'seed': 413, 'sim': 4, 'runtime': 5.919889888988109, 'identifiable': 1, 'branch': 6}, {'J': 100, 'K': 10, 'N': 10, 'p': 0.7, 'seed': 413, 'sim': 5, 'runtime': 0.37071921199094504, 'identifiable': 1, 'branch': 6}, {'J': 100, 'K': 10, 'N': 10, 'p': 0.7, 'seed': 413, 'sim': 6, 'runtime': 0.9875725400052033, 'identifiable': 1, 'branch': 6}, {'J': 100, 'K': 10, 'N': 10, 'p': 0.7, 'seed': 413, 'sim': 7, 'runtime': 4.396999544987921, 'identifiable': 1, 'branch': 6}, {'J': 100, 'K': 10, 'N': 10, 'p': 0.7, 'seed': 413, 'sim': 8, 'runtime': 0.8970913039811421, 'identifiable': 1, 'branch': 6}, {'J': 100, 'K': 10, 'N': 10, 'p': 0.7, 'seed': 413, 'sim': 9, 'runtime': 6.228417497011833, 'identifiable': 1, 'branch': 6}]
