
The Gurobi software has a limited number of licenses. To request a license or
licenses, add this line

    #SBATCH --licenses=gurobi@slurmdb:1

to your SBATCH script, replacing N with the number of licenses you need. Gurobi
will need one license per process.


0
Q: [[1 1 1 1 1 0 1 1 1 0]
 [1 0 1 0 1 0 1 1 1 1]
 [1 1 1 1 1 0 0 0 1 0]
 [1 0 0 1 1 1 1 0 0 1]
 [1 1 1 1 1 0 1 1 1 1]
 [1 1 1 0 1 1 1 1 0 0]
 [1 1 1 1 0 1 1 1 1 1]
 [1 1 0 0 1 0 1 0 1 1]
 [0 0 1 1 1 1 1 1 1 1]
 [0 1 0 1 1 1 1 1 0 1]
 [1 0 0 1 0 1 1 0 0 0]
 [0 0 1 1 0 0 1 1 0 1]
 [0 1 1 1 0 1 0 0 1 0]
 [1 1 1 1 0 1 1 0 0 1]
 [1 1 1 1 0 0 1 0 1 1]
 [0 1 1 0 1 1 0 1 1 0]
 [0 1 0 1 0 1 1 0 1 0]
 [0 1 1 1 1 0 1 1 0 1]
 [1 1 0 0 1 1 0 1 1 1]
 [0 0 1 0 1 0 1 0 1 1]
 [1 1 1 1 1 1 0 1 0 0]
 [0 1 1 0 1 0 0 1 0 0]
 [1 1 1 1 1 1 1 1 1 1]
 [1 1 1 1 0 1 1 0 1 1]
 [0 1 0 0 0 0 1 1 1 1]
 [0 0 1 1 0 1 1 0 0 1]
 [0 1 1 0 0 1 1 1 0 1]
 [1 0 1 1 1 1 1 1 1 1]
 [1 1 0 1 1 1 0 1 1 0]
 [1 0 0 0 1 1 1 0 0 1]
 [1 0 1 1 0 0 1 0 1 0]
 [0 1 1 1 1 1 1 0 1 1]
 [1 1 1 1 0 0 1 1 1 1]
 [0 1 1 0 0 0 1 1 1 0]
 [1 1 1 1 1 1 1 1 1 1]
 [1 1 1 1 1 1 1 0 1 1]
 [1 0 1 1 1 1 1 0 1 1]
 [1 1 1 1 1 1 1 0 1 1]
 [1 1 1 0 1 0 1 0 1 0]
 [1 1 1 0 0 1 0 0 0 1]
 [1 0 1 1 1 0 1 1 1 0]
 [1 1 0 1 1 1 1 1 0 1]
 [1 1 0 0 0 1 1 0 1 1]
 [1 0 0 1 1 0 1 1 1 0]
 [0 1 0 1 1 1 0 0 1 1]
 [0 1 0 1 1 0 1 0 1 1]
 [1 1 1 0 1 0 1 1 0 1]
 [1 0 1 1 1 0 0 1 0 1]
 [1 1 1 1 1 0 1 0 1 1]
 [1 1 1 1 1 0 1 0 1 1]
 [1 1 0 1 0 1 1 1 1 1]
 [1 1 1 0 1 0 1 0 1 1]
 [1 1 1 1 1 1 0 1 1 1]
 [1 1 1 1 0 1 1 0 0 1]
 [1 0 1 1 1 1 1 1 1 1]
 [1 1 1 1 0 1 1 1 1 0]
 [0 1 1 1 0 1 1 1 0 1]
 [0 1 1 0 0 1 1 1 0 1]
 [0 1 1 1 1 1 1 1 0 1]
 [1 1 1 1 0 1 1 0 1 1]
 [1 1 0 1 1 1 0 0 1 1]
 [1 1 1 1 1 1 0 0 1 0]
 [1 1 0 1 0 1 0 0 1 0]
 [1 1 1 1 1 1 1 0 1 1]
 [1 1 1 1 1 0 1 1 1 0]
 [1 0 0 0 0 1 1 1 1 0]
 [1 1 0 1 1 1 0 1 0 1]
 [1 1 1 1 1 0 1 1 1 1]
 [0 0 1 0 1 1 1 1 1 1]
 [0 1 1 1 1 1 1 0 1 1]
 [0 1 1 1 1 0 1 1 0 1]
 [0 0 1 0 1 0 1 1 0 0]
 [0 0 0 1 1 1 0 1 1 1]
 [0 1 0 1 1 1 1 1 1 0]
 [1 0 1 1 1 0 0 1 0 1]
 [1 1 1 1 0 1 1 0 1 1]
 [1 1 1 1 0 1 1 1 0 1]
 [1 1 1 1 1 0 0 1 1 1]
 [1 0 1 1 0 1 0 0 0 1]
 [1 1 1 1 0 1 1 0 1 1]
 [1 1 1 0 1 1 1 0 1 1]
 [0 1 0 0 1 1 1 0 1 0]
 [0 0 1 1 1 1 1 1 1 1]
 [1 1 1 0 1 1 0 1 1 1]
 [1 1 1 1 1 0 0 1 0 1]
 [1 1 1 0 0 0 1 0 1 0]
 [0 1 0 1 1 1 0 1 1 1]
 [1 1 0 0 0 0 1 1 1 0]
 [1 1 1 1 1 0 1 0 0 1]
 [0 1 0 1 1 1 0 1 0 1]
 [1 1 0 1 1 1 0 1 1 1]
 [1 0 1 1 0 0 1 0 1 1]
 [1 1 1 1 1 0 1 1 0 1]
 [1 1 0 1 0 1 1 0 1 1]
 [0 0 0 0 1 1 0 1 1 1]
 [1 1 1 0 1 1 1 1 1 0]
 [1 0 1 0 1 0 1 1 1 1]
 [0 1 1 1 0 1 1 0 1 0]
 [1 0 1 0 0 1 1 1 1 0]
 [0 0 0 0 1 1 1 1 1 1]]
{'restarts': 60, 'conflicts': 20257, 'decisions': 33940, 'propagations': 20233913}
Q is identifiable
branch at 6
runtime for solving id of Q is 2.6631564274430275
Simulation results:
{'J': 100, 'K': 10, 'N': 10, 'p': 0.7, 'seed': 133, 'sim': 0, 'runtime': 2.6631564274430275, 'identifiable': 1, 'branch': 6}
1
Q: [[1 1 0 0 0 1 1 1 1 1]
 [1 1 0 1 0 1 1 1 0 1]
 [1 1 0 0 1 1 0 1 1 1]
 [0 0 1 0 1 0 0 1 1 1]
 [0 1 1 1 1 1 1 1 1 1]
 [1 1 1 1 0 1 0 1 1 1]
 [1 1 0 1 0 1 0 1 1 1]
 [1 1 1 0 1 1 1 1 0 0]
 [1 1 1 1 1 1 1 1 1 1]
 [1 1 1 1 1 0 1 1 1 1]
 [1 0 0 1 1 1 1 0 0 0]
 [0 1 0 1 1 1 0 0 1 0]
 [1 0 1 1 1 1 1 1 1 1]
 [1 1 1 1 0 1 0 1 1 1]
 [1 1 1 1 1 1 1 0 1 1]
 [1 0 1 1 1 0 1 1 1 1]
 [0 1 1 0 1 1 1 0 1 1]
 [0 0 0 1 0 1 1 1 1 1]
 [0 0 1 0 1 0 0 1 1 1]
 [0 0 1 0 1 1 0 1 1 1]
 [1 1 0 0 1 0 1 1 0 0]
 [0 1 1 1 0 1 0 0 0 1]
 [0 0 0 1 0 0 1 0 0 0]
 [0 1 0 1 1 1 1 0 0 1]
 [1 1 1 1 1 0 0 1 0 0]
 [1 0 0 1 1 0 1 1 1 1]
 [0 1 1 1 1 0 1 0 0 0]
 [1 1 1 0 0 0 1 1 0 1]
 [1 0 1 1 0 1 1 1 0 1]
 [1 1 1 1 1 1 1 1 1 1]
 [1 1 0 0 1 1 0 1 1 1]
 [1 0 1 0 1 1 1 1 0 1]
 [0 1 1 1 1 1 1 1 0 1]
 [0 0 1 0 1 1 1 1 0 1]
 [1 1 1 1 1 1 1 1 0 1]
 [1 1 1 1 1 1 1 1 1 1]
 [0 1 1 0 1 0 1 1 0 0]
 [1 0 0 1 0 1 0 0 1 1]
 [0 1 1 1 1 1 1 1 1 0]
 [1 1 1 1 0 1 1 1 1 0]
 [1 0 1 1 0 1 0 1 1 0]
 [1 0 1 0 0 1 1 1 1 0]
 [1 1 0 0 1 1 0 1 1 0]
 [1 1 0 1 1 1 1 1 1 0]
 [0 0 0 1 1 0 1 1 0 1]
 [1 1 1 0 1 1 1 1 0 1]
 [0 0 0 1 1 1 1 1 0 1]
 [1 1 0 1 1 0 0 0 1 1]
 [1 1 1 1 1 1 1 0 0 0]
 [1 1 1 1 1 1 1 1 1 0]
 [1 1 1 1 1 1 1 0 1 0]
 [1 1 1 1 1 1 0 1 0 1]
 [1 0 1 1 0 1 1 0 1 0]
 [1 1 1 0 1 1 1 1 1 1]
 [1 1 0 0 1 1 1 1 0 1]
 [1 1 1 1 1 1 0 1 0 1]
 [1 1 1 1 1 1 1 0 1 0]
 [1 1 1 0 1 1 1 1 1 1]
 [1 1 1 1 0 1 0 0 0 0]
 [1 1 0 1 1 1 0 1 0 1]
 [1 1 1 1 1 1 1 0 1 1]
 [0 1 1 0 0 1 1 1 0 1]
 [0 1 1 0 1 1 1 1 0 1]
 [0 1 1 1 1 1 0 1 1 1]
 [1 1 0 0 0 1 1 1 0 1]
 [0 1 1 1 1 1 1 1 1 0]
 [1 1 1 1 0 0 1 1 0 1]
 [0 1 1 1 1 1 0 1 1 1]
 [0 1 1 1 1 1 1 1 0 1]
 [1 0 1 1 0 0 0 1 1 1]
 [1 1 1 0 0 0 1 1 1 1]
 [1 1 0 1 0 1 1 1 1 0]
 [1 0 1 1 1 0 1 1 1 1]
 [0 1 0 1 1 0 1 1 1 1]
 [1 0 0 1 1 1 0 1 0 1]
 [1 1 1 0 1 1 1 1 0 1]
 [1 0 0 1 1 1 1 1 1 1]
 [1 1 1 1 1 1 1 1 0 1]
 [1 1 1 0 1 1 1 0 1 1]
 [1 1 1 0 1 1 0 1 1 1]
 [1 1 1 1 0 1 1 0 1 1]
 [1 0 0 1 0 0 0 1 0 1]
 [1 0 1 1 0 0 1 0 1 1]
 [1 1 1 1 1 0 1 1 0 1]
 [1 0 1 0 1 1 1 1 1 0]
 [0 1 1 0 1 0 1 0 1 1]
 [1 0 1 0 1 1 1 0 1 1]
 [0 0 1 0 0 1 1 1 1 0]
 [0 0 1 1 0 1 1 1 1 1]
 [1 1 1 1 0 1 0 1 0 0]
 [0 1 0 0 1 1 1 1 1 0]
 [1 1 1 0 1 1 1 1 1 1]
 [1 1 1 1 1 1 0 0 0 0]
 [1 1 0 1 1 1 1 1 1 1]
 [1 1 1 0 1 0 1 0 1 1]
 [0 1 1 1 1 1 1 1 1 1]
 [0 0 1 1 1 0 0 1 1 1]
 [1 1 1 1 1 1 1 1 1 1]
 [1 0 1 1 1 1 1 1 1 1]
 [0 1 1 0 1 1 1 1 1 0]]
{'restarts': 15, 'conflicts': 3804, 'decisions': 8170, 'propagations': 3787155}
Q is identifiable
branch at 6
runtime for solving id of Q is 0.6636475203558803
Simulation results:
{'J': 100, 'K': 10, 'N': 10, 'p': 0.7, 'seed': 133, 'sim': 1, 'runtime': 0.6636475203558803, 'identifiable': 1, 'branch': 6}
2
Q: [[1 1 0 1 1 0 1 1 1 1]
 [1 1 1 0 1 1 1 1 1 1]
 [1 1 0 0 1 1 1 1 1 1]
 [0 1 1 0 1 0 0 1 0 1]
 [1 1 1 1 1 1 1 1 0 0]
 [1 1 0 1 0 1 1 1 0 0]
 [1 1 1 1 1 1 1 1 1 1]
 [1 1 1 1 1 0 1 1 1 0]
 [1 1 1 1 1 1 1 1 1 1]
 [1 1 1 1 1 1 1 1 1 0]
 [1 0 1 0 1 1 1 1 1 1]
 [0 1 1 0 1 1 0 1 1 1]
 [0 1 1 0 1 1 1 0 0 0]
 [1 0 1 1 1 0 1 0 0 1]
 [0 1 1 1 0 1 1 0 1 1]
 [0 1 0 1 1 1 1 1 1 1]
 [0 1 0 1 1 1 1 0 0 1]
 [1 1 0 1 1 0 1 1 0 1]
 [1 1 1 1 1 0 0 0 1 1]
 [0 1 1 1 1 1 1 1 1 0]
 [1 1 1 1 0 1 1 1 0 1]
 [0 1 0 1 1 1 1 0 1 1]
 [1 1 1 0 1 1 1 1 1 0]
 [1 0 0 1 1 1 1 1 0 1]
 [0 0 1 1 1 1 0 1 1 1]
 [1 0 0 1 0 1 1 1 0 1]
 [1 1 0 0 1 1 1 1 0 0]
 [1 0 1 1 1 1 1 1 0 1]
 [0 1 1 1 1 1 1 1 1 1]
 [1 1 0 1 1 1 1 1 0 1]
 [0 1 1 1 1 1 1 1 0 0]
 [1 1 1 1 0 0 0 1 0 0]
 [0 1 0 1 1 0 0 1 1 1]
 [1 1 1 1 0 0 0 1 1 1]
 [1 1 0 1 1 1 1 1 0 1]
 [1 0 0 1 0 1 0 0 1 1]
 [1 1 0 1 1 1 1 0 1 0]
 [1 0 0 1 0 1 0 0 1 0]
 [0 1 0 1 1 1 0 1 1 1]
 [1 1 1 1 0 1 0 1 1 1]
 [1 1 1 0 1 1 0 1 0 1]
 [1 1 1 1 1 1 1 1 0 1]
 [1 1 1 1 1 1 0 1 1 1]
 [1 0 1 1 1 1 1 1 0 1]
 [0 1 1 1 1 1 1 1 0 1]
 [1 0 1 1 1 1 1 1 1 1]
 [1 1 1 1 1 0 1 1 1 0]
 [1 0 0 1 1 1 0 1 1 0]
 [1 1 1 1 1 0 0 1 1 0]
 [1 1 1 1 1 1 0 1 1 1]
 [1 1 1 0 1 0 1 0 0 1]
 [1 1 1 0 1 1 1 1 1 1]
 [1 1 1 1 1 0 1 1 1 0]
 [0 0 1 0 0 1 1 1 0 0]
 [1 1 1 1 1 0 1 1 1 1]
 [1 1 1 0 1 1 0 1 0 0]
 [0 0 1 1 1 1 1 0 1 1]
 [1 1 1 1 1 1 1 1 1 1]
 [1 1 1 0 1 1 1 1 0 1]
 [1 1 1 1 1 1 1 1 1 1]
 [0 1 1 1 1 0 0 1 1 0]
 [0 1 1 0 0 1 1 0 0 1]
 [1 0 1 1 1 1 1 1 1 1]
 [1 1 0 0 1 0 1 1 0 1]
 [1 1 1 1 1 1 1 0 1 1]
 [1 1 1 1 0 1 0 1 1 0]
 [1 1 1 1 0 1 1 0 1 0]
 [1 0 1 1 1 0 0 0 1 1]
 [1 1 0 0 1 1 1 1 1 1]
 [1 0 0 1 1 1 0 1 1 0]
 [0 1 1 1 1 1 1 1 1 1]
 [1 0 0 1 1 0 1 1 1 0]
 [1 1 0 1 0 0 1 1 1 1]
 [0 1 1 1 1 1 1 1 1 0]
 [1 1 1 1 1 1 0 1 1 1]
 [0 0 1 1 0 1 1 1 1 1]
 [1 1 1 1 0 0 1 1 1 1]
 [0 1 1 1 1 1 1 1 1 1]
 [0 1 1 0 1 1 1 1 1 1]
 [0 1 0 0 0 1 0 1 1 1]
 [1 0 1 1 1 1 1 1 1 1]
 [0 0 1 1 1 1 1 1 0 1]
 [1 1 0 1 0 0 0 0 1 1]
 [1 0 0 1 0 1 1 1 1 1]
 [1 1 1 1 1 0 1 0 0 1]
 [0 1 0 0 0 1 1 1 1 1]
 [1 1 0 0 1 0 1 0 1 1]
 [1 1 1 0 0 1 1 1 0 0]
 [0 1 1 1 1 1 1 1 1 1]
 [1 0 1 1 0 1 1 0 0 1]
 [0 0 1 1 1 1 1 1 1 1]
 [1 1 1 1 1 1 0 0 1 0]
 [1 0 1 1 1 1 1 0 0 1]
 [1 0 1 0 0 1 0 1 1 1]
 [1 1 0 1 1 0 1 0 1 0]
 [0 1 1 1 0 1 1 1 0 1]
 [1 0 0 1 1 1 1 0 1 1]
 [1 0 0 1 0 1 1 1 0 1]
 [1 1 1 0 1 1 0 1 1 1]
 [1 1 0 0 0 0 1 1 0 1]]
{'restarts': 160, 'conflicts': 69118, 'decisions': 101493, 'propagations': 54109611}
Q is identifiable
branch at 6
runtime for solving id of Q is 8.853449973277748
Simulation results:
{'J': 100, 'K': 10, 'N': 10, 'p': 0.7, 'seed': 133, 'sim': 2, 'runtime': 8.853449973277748, 'identifiable': 1, 'branch': 6}
3
Q: [[1 1 1 1 1 1 1 1 0 0]
 [1 0 1 1 1 0 0 0 1 0]
 [1 1 1 1 1 0 1 1 0 0]
 [0 1 0 0 1 1 0 0 0 1]
 [1 1 0 0 1 1 1 0 0 1]
 [0 0 1 1 0 1 1 1 0 1]
 [1 1 1 1 1 0 0 1 0 0]
 [1 1 1 1 1 1 1 1 0 1]
 [1 1 0 1 0 1 0 0 0 0]
 [0 1 1 1 0 0 1 1 1 0]
 [1 1 1 0 1 1 1 0 1 0]
 [1 1 0 1 1 0 1 0 0 1]
 [1 1 1 0 1 0 1 0 0 1]
 [1 1 1 1 1 1 0 1 0 0]
 [1 1 0 1 1 1 0 1 1 1]
 [1 1 1 1 1 0 1 1 1 1]
 [1 1 1 1 1 1 0 1 0 1]
 [1 1 1 0 1 1 0 1 1 1]
 [1 1 0 1 1 0 1 0 1 1]
 [0 1 1 1 1 1 0 1 1 1]
 [1 1 0 0 1 1 1 1 1 0]
 [0 1 1 1 1 0 1 0 1 1]
 [1 1 1 1 1 1 1 1 1 1]
 [1 1 1 1 1 1 0 1 0 1]
 [0 1 1 0 1 1 0 1 1 1]
 [1 0 0 0 0 1 1 0 1 1]
 [1 0 0 1 1 1 1 1 1 0]
 [1 0 1 1 1 0 0 1 1 1]
 [1 0 0 0 1 1 1 1 1 0]
 [1 1 1 1 1 0 1 0 1 1]
 [1 1 1 1 0 1 1 1 1 0]
 [1 1 1 1 0 1 1 1 1 1]
 [1 1 1 1 1 0 1 1 0 1]
 [0 1 0 1 1 1 1 1 1 0]
 [1 1 1 0 1 1 1 0 1 1]
 [1 0 1 1 1 0 0 1 1 0]
 [1 0 1 1 0 1 1 1 1 1]
 [0 1 1 1 1 1 1 1 0 1]
 [1 1 0 1 1 1 1 1 0 1]
 [1 1 1 1 0 1 0 0 1 1]
 [0 1 1 0 1 1 0 0 1 1]
 [0 1 1 0 0 1 1 1 1 1]
 [1 0 0 1 1 1 1 1 1 0]
 [0 0 1 1 0 1 1 0 0 1]
 [1 1 0 1 0 1 1 0 1 1]
 [0 1 1 1 0 1 1 0 1 1]
 [1 1 1 0 1 0 0 0 0 0]
 [0 0 1 0 1 1 0 0 1 1]
 [1 1 1 1 0 1 1 0 1 1]
 [1 1 1 1 1 1 1 1 1 0]
 [0 1 1 0 0 1 0 1 1 0]
 [1 1 1 1 1 1 1 1 1 1]
 [1 1 1 1 0 1 1 1 1 0]
 [1 1 1 1 1 1 0 1 1 1]
 [1 0 0 1 1 1 0 0 1 1]
 [1 1 0 1 0 0 1 1 0 1]
 [1 1 0 0 1 1 0 1 1 1]
 [1 0 1 1 1 1 1 1 1 0]
 [1 0 0 1 1 1 1 1 0 1]
 [1 1 1 1 0 1 0 0 1 0]
 [1 1 0 1 0 1 0 1 1 1]
 [0 0 0 1 0 1 0 0 1 0]
 [1 1 1 1 0 1 1 1 1 0]
 [1 1 0 1 1 1 1 0 0 0]
 [0 1 1 0 0 1 0 0 1 1]
 [1 1 1 1 1 1 0 1 1 1]
 [1 1 1 0 0 0 1 1 1 1]
 [1 1 0 1 0 0 1 1 1 1]
 [1 1 1 1 1 1 1 1 0 0]
 [1 0 0 1 1 1 1 1 0 1]
 [0 1 1 0 0 1 1 1 1 1]
 [0 1 1 0 0 1 1 1 1 1]
 [1 0 1 1 1 0 0 1 0 0]
 [1 1 1 0 0 0 1 1 0 1]
 [1 1 1 0 1 1 1 1 0 1]
 [1 1 0 1 1 0 1 0 1 0]
 [0 1 1 1 1 0 0 1 1 0]
 [1 1 1 1 1 1 0 1 1 1]
 [1 1 0 1 1 0 0 1 0 1]
 [1 1 1 0 1 1 1 1 1 0]
 [1 0 1 1 1 1 1 1 0 1]
 [1 1 1 0 0 1 1 0 0 1]
 [0 1 1 1 1 1 1 1 1 1]
 [1 1 1 1 0 1 1 1 0 1]
 [1 1 0 1 0 1 1 1 0 1]
 [1 1 0 1 1 1 0 0 1 1]
 [0 1 1 1 0 1 1 1 1 1]
 [1 1 1 1 1 1 0 1 0 1]
 [1 1 1 0 1 1 0 1 1 0]
 [1 1 0 1 1 0 0 1 1 1]
 [1 1 0 0 1 1 0 1 1 1]
 [1 1 0 1 1 1 0 1 1 1]
 [1 1 0 1 1 1 1 1 1 1]
 [1 0 1 1 1 0 1 0 1 1]
 [1 1 1 0 0 0 1 1 1 0]
 [1 1 0 0 0 1 1 1 0 1]
 [0 1 0 0 1 0 0 1 1 0]
 [0 1 1 1 0 0 1 1 1 1]
 [0 0 0 1 1 1 0 1 1 1]
 [1 1 0 1 1 1 1 1 1 1]]
{'restarts': 9, 'conflicts': 4226, 'decisions': 8457, 'propagations': 3531487}
Q is identifiable
branch at 6
runtime for solving id of Q is 0.5360417179763317
Simulation results:
{'J': 100, 'K': 10, 'N': 10, 'p': 0.7, 'seed': 133, 'sim': 3, 'runtime': 0.5360417179763317, 'identifiable': 1, 'branch': 6}
4
Q: [[1 1 0 1 1 0 0 1 1 0]
 [1 1 0 1 1 0 1 1 1 1]
 [0 0 1 1 0 1 1 1 1 0]
 [0 1 0 0 1 0 1 1 1 1]
 [1 1 1 1 1 0 0 1 1 1]
 [0 1 1 1 0 1 0 1 1 1]
 [0 1 1 0 1 0 0 0 1 1]
 [0 1 1 1 0 1 1 1 1 1]
 [1 0 0 1 1 1 1 1 1 1]
 [1 1 1 1 1 0 0 1 1 1]
 [1 1 1 1 0 1 1 0 1 1]
 [1 1 0 1 1 1 1 1 0 1]
 [1 0 1 0 1 1 1 1 1 1]
 [1 1 0 0 1 1 0 1 1 0]
 [1 1 0 0 1 1 0 1 1 0]
 [1 1 1 1 1 1 1 1 1 0]
 [1 1 1 1 1 0 1 0 0 1]
 [1 1 1 1 1 0 0 1 1 1]
 [1 0 1 1 1 0 1 1 0 1]
 [1 1 1 0 1 1 1 1 1 1]
 [1 1 0 0 1 1 1 1 1 1]
 [1 1 1 1 0 1 1 1 1 1]
 [1 1 1 1 1 0 1 1 0 1]
 [1 1 1 1 0 1 1 0 1 1]
 [0 0 1 1 1 1 0 0 1 1]
 [1 1 1 1 0 1 1 1 0 1]
 [1 1 1 1 1 1 1 1 0 0]
 [1 0 1 0 1 1 1 0 1 1]
 [0 1 0 1 1 1 0 1 1 1]
 [1 1 1 0 0 1 0 0 0 1]
 [1 1 0 1 1 1 1 0 0 0]
 [0 0 1 1 1 0 1 1 1 0]
 [0 1 1 1 1 1 0 0 1 0]
 [1 0 1 1 1 1 1 1 1 1]
 [1 1 0 1 1 0 0 0 1 1]
 [1 0 0 0 1 0 0 0 1 1]
 [1 0 0 1 1 0 0 1 1 0]
 [1 1 0 1 0 1 1 1 1 0]
 [1 1 1 0 0 0 1 0 1 0]
 [0 1 1 1 1 1 1 1 1 0]
 [0 0 0 1 1 1 1 1 1 1]
 [1 1 1 0 0 1 1 0 1 0]
 [1 1 0 1 0 0 1 1 1 0]
 [1 1 0 1 1 0 1 1 1 1]
 [0 1 0 1 1 1 1 0 0 1]
 [1 1 1 1 1 1 1 1 1 0]
 [1 0 1 0 1 1 1 1 1 1]
 [0 1 0 1 1 1 1 1 1 1]
 [1 1 1 1 1 1 0 0 0 1]
 [1 1 0 1 0 1 1 0 0 1]
 [1 1 1 1 0 0 1 0 1 0]
 [1 0 1 1 0 1 0 1 1 1]
 [1 1 0 0 0 1 1 0 1 1]
 [1 1 0 1 1 1 1 0 1 1]
 [1 1 1 1 0 1 1 1 0 1]
 [1 0 1 0 0 0 1 0 1 0]
 [1 1 0 0 1 0 1 1 1 1]
 [1 1 1 0 1 1 0 0 1 1]
 [1 0 1 0 1 1 0 1 1 1]
 [1 0 1 0 1 1 1 1 0 0]
 [1 1 0 0 0 1 0 1 1 0]
 [1 1 1 1 1 1 0 1 1 1]
 [1 1 1 0 1 1 0 1 1 1]
 [1 1 1 1 1 1 1 0 1 1]
 [1 1 0 1 1 1 0 1 1 1]
 [1 1 1 1 1 1 1 1 0 1]
 [1 1 0 1 1 1 1 1 1 1]
 [1 1 1 0 0 1 1 1 0 1]
 [1 1 1 1 1 1 0 0 0 0]
 [1 1 1 1 0 1 1 1 1 1]
 [1 1 1 1 1 1 1 1 1 0]
 [1 1 1 1 1 1 1 0 1 1]
 [0 1 1 1 0 0 1 1 1 1]
 [1 0 0 1 0 1 0 1 0 1]
 [1 1 1 1 1 1 1 1 1 1]
 [1 1 1 0 0 1 1 1 1 1]
 [1 1 0 0 0 0 1 0 1 1]
 [0 1 0 1 1 0 0 0 1 1]
 [1 1 1 1 0 0 1 0 0 1]
 [1 1 1 0 1 1 1 0 1 1]
 [1 0 1 0 1 1 0 1 1 0]
 [1 0 1 0 1 1 0 1 1 1]
 [1 0 1 1 1 1 1 0 1 1]
 [1 1 1 1 1 1 1 0 1 1]
 [1 1 1 1 0 0 0 1 1 1]
 [1 1 1 1 1 1 1 1 1 1]
 [1 1 1 1 1 1 1 1 1 1]
 [1 1 1 0 0 1 1 1 0 1]
 [1 1 1 1 0 1 1 0 1 0]
 [0 1 1 1 0 0 1 0 0 0]
 [1 1 0 1 1 1 1 0 0 1]
 [1 0 1 0 1 0 1 1 1 1]
 [1 1 1 1 1 1 1 1 0 1]
 [0 0 1 0 1 0 1 0 0 1]
 [1 1 1 1 0 1 0 0 0 0]
 [0 0 0 1 1 1 0 1 1 0]
 [0 1 1 1 0 1 1 1 0 0]
 [0 1 1 1 1 1 1 1 0 1]
 [1 0 1 1 1 1 0 0 1 0]
 [1 1 1 1 1 1 1 1 0 1]]
{'restarts': 67, 'conflicts': 27116, 'decisions': 42638, 'propagations': 21593187}
Q is identifiable
branch at 6
runtime for solving id of Q is 3.161263320595026
Simulation results:
{'J': 100, 'K': 10, 'N': 10, 'p': 0.7, 'seed': 133, 'sim': 4, 'runtime': 3.161263320595026, 'identifiable': 1, 'branch': 6}
5
Q: [[1 1 1 0 0 1 1 1 1 1]
 [1 1 1 1 0 0 1 0 1 1]
 [1 1 1 1 0 1 1 1 1 1]
 [0 0 0 1 1 1 1 0 1 0]
 [1 1 1 1 1 1 0 1 0 0]
 [1 1 1 1 0 1 1 1 0 1]
 [1 1 1 1 0 1 0 0 1 1]
 [1 1 0 1 0 1 1 1 1 1]
 [1 1 1 0 1 1 1 1 1 1]
 [1 0 1 1 0 1 1 1 1 0]
 [1 0 0 1 1 1 1 0 1 1]
 [0 1 0 1 1 1 1 1 1 1]
 [1 1 0 1 1 1 1 1 1 1]
 [1 1 1 0 1 1 1 0 0 1]
 [1 1 1 1 1 0 1 0 1 1]
 [1 1 1 1 1 1 1 0 0 0]
 [1 1 1 1 0 1 0 1 1 1]
 [1 1 1 1 0 0 1 0 1 1]
 [0 1 1 0 1 0 1 1 0 1]
 [0 1 0 0 1 1 1 1 0 1]
 [0 1 1 1 1 1 1 0 1 1]
 [0 0 0 0 1 1 0 1 0 1]
 [1 1 0 0 1 0 1 1 1 1]
 [0 1 0 0 1 1 1 0 1 1]
 [1 1 0 1 1 0 1 1 1 1]
 [1 0 1 0 0 1 1 0 0 0]
 [1 1 0 0 1 1 1 1 1 0]
 [1 0 0 1 0 1 1 1 0 0]
 [1 1 0 1 1 1 1 0 1 1]
 [1 1 0 0 1 1 1 0 1 0]
 [0 1 1 1 1 1 1 1 1 1]
 [1 1 1 0 0 1 1 1 0 1]
 [1 0 1 0 1 1 0 1 1 0]
 [0 0 1 0 1 1 1 1 1 0]
 [0 0 1 1 1 0 1 0 1 1]
 [0 1 0 1 1 0 0 0 1 0]
 [1 0 0 0 0 1 1 1 1 1]
 [1 0 1 0 1 1 0 1 1 0]
 [0 1 1 1 0 1 1 1 1 1]
 [1 1 1 0 1 0 1 1 0 1]
 [1 1 1 1 1 0 0 1 1 1]
 [1 1 0 0 1 1 0 1 1 0]
 [1 0 1 0 0 0 0 1 1 0]
 [0 1 1 1 1 1 1 1 1 1]
 [1 1 0 0 0 1 1 0 0 0]
 [1 1 0 1 1 1 1 0 1 0]
 [1 0 0 1 0 0 0 0 1 0]
 [1 0 0 1 1 1 0 1 1 1]
 [0 0 0 0 0 1 0 1 1 0]
 [0 1 1 0 0 1 1 1 0 1]
 [1 0 0 1 1 1 1 1 1 1]
 [0 1 1 1 1 1 0 0 0 1]
 [1 1 1 1 1 1 0 1 1 1]
 [0 1 0 0 1 1 1 0 1 0]
 [1 1 1 1 1 1 1 1 1 1]
 [1 1 1 0 1 0 0 1 1 0]
 [1 0 1 0 1 0 1 0 0 1]
 [1 1 1 1 0 1 1 1 0 1]
 [0 0 1 0 1 0 0 1 1 1]
 [0 1 1 0 1 0 0 1 1 1]
 [1 1 1 1 1 1 0 1 0 0]
 [1 1 0 0 1 1 1 1 1 1]
 [0 1 1 0 0 1 0 1 1 0]
 [1 1 1 0 1 0 1 0 1 1]
 [1 1 1 0 0 1 1 1 1 1]
 [1 1 0 1 1 1 1 1 1 1]
 [1 0 1 1 1 1 1 1 1 1]
 [1 0 1 1 1 1 0 1 1 0]
 [1 0 1 1 1 1 0 1 0 0]
 [1 1 1 0 1 0 1 1 0 1]
 [1 1 0 1 1 1 0 1 1 1]
 [1 1 1 0 1 1 1 1 1 0]
 [1 1 1 1 1 0 1 1 1 0]
 [1 1 0 1 1 1 1 1 1 0]
 [0 1 1 1 1 1 0 1 1 1]
 [0 0 1 0 1 1 1 0 1 1]
 [1 1 0 1 1 0 1 1 0 0]
 [1 1 1 0 1 1 1 0 1 1]
 [1 1 1 1 1 1 1 0 0 0]
 [1 1 1 1 0 1 1 1 0 1]
 [1 0 1 1 1 1 1 1 0 0]
 [1 1 1 1 1 1 1 0 0 0]
 [1 0 0 1 1 1 1 1 0 0]
 [1 1 1 0 0 1 1 1 1 1]
 [1 1 1 1 1 0 1 0 1 1]
 [1 1 0 1 0 1 1 0 0 1]
 [1 1 1 1 1 1 1 1 1 0]
 [1 0 1 1 1 1 1 1 1 0]
 [1 0 1 1 1 1 1 1 1 1]
 [1 1 1 1 1 1 1 1 0 0]
 [1 0 0 1 1 1 1 0 1 1]
 [1 1 1 0 0 1 0 1 1 1]
 [1 1 0 0 1 0 1 1 0 1]
 [0 1 1 1 0 1 1 1 1 0]
 [1 1 1 1 1 0 1 1 1 1]
 [1 0 1 1 1 0 1 1 1 1]
 [1 0 0 0 1 1 0 1 0 1]
 [1 0 1 0 1 1 1 1 1 1]
 [1 1 1 0 1 1 1 1 0 1]
 [1 1 0 1 1 1 1 1 1 1]]
{'restarts': 4, 'conflicts': 1601, 'decisions': 3569, 'propagations': 1368324}
Q is identifiable
branch at 6
runtime for solving id of Q is 0.3124729534611106
Simulation results:
{'J': 100, 'K': 10, 'N': 10, 'p': 0.7, 'seed': 133, 'sim': 5, 'runtime': 0.3124729534611106, 'identifiable': 1, 'branch': 6}
6
Q: [[1 1 1 1 0 0 1 1 1 0]
 [0 1 1 1 1 0 0 0 0 1]
 [1 1 1 0 1 1 1 0 0 1]
 [1 0 0 1 0 1 0 1 1 0]
 [1 0 1 0 0 1 1 1 1 1]
 [1 1 1 1 1 0 0 0 1 1]
 [0 0 0 0 1 1 1 1 0 1]
 [1 1 0 1 1 1 1 1 1 1]
 [1 1 1 1 1 0 0 1 0 1]
 [1 1 1 0 1 1 0 1 1 1]
 [1 1 1 0 1 0 1 0 0 0]
 [0 1 1 0 1 0 0 1 0 1]
 [1 0 1 1 0 0 1 1 1 0]
 [1 0 1 0 0 1 0 0 1 1]
 [1 0 1 1 1 1 1 1 1 1]
 [1 1 0 0 1 1 1 0 0 1]
 [1 0 0 1 1 1 1 1 1 1]
 [1 0 1 1 0 1 0 1 0 0]
 [1 1 1 0 0 1 1 0 1 1]
 [1 0 0 1 1 1 1 1 1 1]
 [1 1 1 1 1 0 1 0 1 1]
 [1 0 1 1 1 1 0 1 1 1]
 [1 1 1 1 1 0 1 0 0 0]
 [1 0 1 1 1 1 0 1 1 0]
 [1 1 1 1 0 1 1 1 1 1]
 [1 1 1 1 1 0 1 0 1 1]
 [1 0 1 1 0 0 0 0 0 1]
 [1 0 1 0 0 0 0 1 0 1]
 [0 1 1 1 1 1 1 0 0 1]
 [0 1 1 1 0 1 1 1 1 1]
 [1 0 0 0 1 1 1 1 0 1]
 [1 1 1 0 0 0 1 1 0 0]
 [0 1 1 1 1 1 0 1 1 1]
 [1 0 0 1 1 1 1 0 0 0]
 [1 1 1 0 1 1 1 0 1 1]
 [1 1 1 0 1 1 1 1 1 0]
 [0 1 0 1 1 1 1 1 1 1]
 [1 1 1 1 0 1 1 0 1 0]
 [1 0 0 1 1 0 1 0 1 1]
 [0 1 0 1 0 0 0 1 0 1]
 [0 0 1 0 1 1 1 0 1 0]
 [1 0 0 1 1 1 1 1 1 0]
 [0 1 1 1 1 0 1 1 0 0]
 [1 0 1 1 1 1 1 1 0 1]
 [0 1 1 0 1 0 0 1 1 0]
 [0 1 1 1 1 1 1 1 1 1]
 [0 1 1 0 0 0 1 0 1 1]
 [1 0 0 1 0 0 1 0 1 0]
 [1 0 0 0 0 0 1 1 1 1]
 [1 0 0 0 0 1 1 1 0 0]
 [0 0 1 0 1 0 1 1 1 1]
 [1 1 1 1 1 1 1 1 1 0]
 [1 1 1 1 1 1 0 0 0 1]
 [1 0 1 0 1 1 1 1 1 1]
 [1 1 1 0 0 1 1 1 1 1]
 [1 1 1 0 1 1 1 1 1 0]
 [1 1 1 1 1 1 1 1 1 1]
 [1 1 1 1 1 0 0 1 0 0]
 [1 1 1 1 1 0 1 0 0 1]
 [1 1 1 1 1 1 0 1 1 1]
 [1 1 1 1 1 0 1 1 1 1]
 [1 1 0 0 0 0 1 1 0 0]
 [0 0 0 1 1 1 1 1 1 0]
 [1 1 1 1 1 1 1 0 1 1]
 [0 1 0 1 1 1 1 0 1 1]
 [1 0 0 1 0 0 0 1 0 1]
 [1 1 1 1 1 1 0 0 0 1]
 [1 0 0 0 1 1 1 1 1 1]
 [1 1 1 1 1 1 0 1 0 1]
 [0 1 0 1 0 1 0 1 1 1]
 [0 1 1 1 1 0 1 1 1 1]
 [1 1 1 1 1 0 1 1 1 1]
 [1 1 0 1 1 1 1 1 1 1]
 [1 1 0 1 1 1 0 1 0 1]
 [1 0 1 0 1 1 1 1 1 1]
 [1 1 1 0 1 1 1 1 1 1]
 [1 1 0 1 0 1 1 0 1 1]
 [0 0 0 0 1 0 0 1 1 1]
 [0 1 0 0 0 1 0 1 1 0]
 [1 1 0 1 1 1 1 1 1 1]
 [0 1 1 0 1 1 1 0 0 1]
 [1 1 1 0 1 1 0 1 1 1]
 [0 0 1 0 1 0 0 0 1 1]
 [1 0 0 1 1 0 0 1 0 1]
 [1 1 1 0 1 1 1 0 1 1]
 [1 1 1 0 0 1 1 1 0 1]
 [1 1 1 1 1 1 1 0 1 1]
 [1 0 1 0 1 0 1 1 1 1]
 [0 0 1 0 1 1 0 1 1 1]
 [1 1 1 1 1 0 0 1 1 1]
 [1 1 1 1 0 1 1 1 1 1]
 [1 1 0 1 1 0 0 1 1 1]
 [1 1 1 1 1 1 0 0 1 1]
 [1 1 0 1 1 1 1 1 0 0]
 [1 1 1 1 1 0 1 1 1 1]
 [0 1 0 1 1 0 1 1 1 0]
 [0 0 1 1 1 0 0 1 0 1]
 [0 1 1 0 0 0 0 1 1 1]
 [1 1 1 1 1 1 1 0 1 1]
 [0 1 1 1 0 0 1 1 1 1]]
{'restarts': 14, 'conflicts': 3155, 'decisions': 6719, 'propagations': 3570511}
Q is identifiable
branch at 6
runtime for solving id of Q is 0.6291357725858688
Simulation results:
{'J': 100, 'K': 10, 'N': 10, 'p': 0.7, 'seed': 133, 'sim': 6, 'runtime': 0.6291357725858688, 'identifiable': 1, 'branch': 6}
7
Q: [[1 1 0 1 1 0 1 1 1 0]
 [1 1 1 1 1 1 1 1 1 1]
 [1 0 1 1 1 0 0 0 1 0]
 [1 1 1 1 1 1 1 1 1 1]
 [0 1 0 1 0 0 0 1 1 1]
 [1 1 1 1 1 1 0 1 1 1]
 [1 1 1 1 0 0 0 0 0 1]
 [1 1 1 0 1 1 0 1 1 0]
 [1 1 1 1 1 0 1 0 1 0]
 [1 1 0 1 1 1 0 0 1 1]
 [1 1 1 1 1 0 1 1 1 1]
 [1 1 1 0 1 1 1 1 1 1]
 [1 1 1 0 1 1 1 1 0 1]
 [0 1 1 1 1 1 1 0 1 1]
 [1 1 1 0 1 1 0 1 1 0]
 [1 1 1 0 1 1 1 1 1 1]
 [0 1 1 0 1 1 1 1 0 1]
 [1 1 1 1 1 1 0 1 1 0]
 [0 1 1 1 1 1 0 1 0 0]
 [1 0 1 1 0 1 0 1 1 1]
 [1 1 1 1 1 1 1 0 1 0]
 [0 1 1 0 1 1 1 1 0 1]
 [0 1 1 1 0 0 1 1 1 0]
 [1 1 1 1 1 0 0 1 1 1]
 [1 1 1 0 1 1 0 1 0 0]
 [0 1 1 0 1 0 1 1 1 1]
 [1 1 1 1 1 1 1 1 1 1]
 [1 0 0 1 1 1 0 1 1 1]
 [0 0 1 1 1 1 0 1 1 0]
 [0 1 1 1 1 0 1 1 0 1]
 [1 1 1 1 1 1 1 1 1 1]
 [1 1 0 0 1 0 1 1 1 1]
 [0 0 1 1 0 1 1 1 1 0]
 [1 1 1 1 1 1 0 0 0 1]
 [1 0 1 1 1 0 1 1 0 1]
 [0 1 1 0 0 1 1 0 1 0]
 [1 1 1 0 1 1 0 1 1 1]
 [1 1 1 0 1 0 0 1 1 0]
 [1 1 1 1 1 0 1 1 0 1]
 [0 0 0 0 1 0 1 0 1 1]
 [1 1 0 1 1 0 0 1 1 0]
 [1 1 1 1 1 1 1 0 1 1]
 [0 0 1 1 0 1 1 1 0 1]
 [0 1 1 1 0 1 1 0 1 0]
 [1 0 1 1 0 1 0 1 1 1]
 [1 1 0 1 1 0 0 1 1 1]
 [1 0 1 1 0 1 1 1 1 1]
 [1 0 1 1 1 1 0 1 1 1]
 [0 1 0 1 0 1 1 1 1 0]
 [1 0 0 1 1 1 1 0 0 1]
 [1 1 1 1 1 0 0 1 1 1]
 [1 1 0 1 0 1 1 0 0 1]
 [0 0 0 0 0 0 1 1 1 1]
 [0 1 1 0 1 1 1 1 1 1]
 [1 0 0 0 0 1 1 0 0 1]
 [1 1 1 1 1 0 1 1 0 1]
 [1 1 1 1 0 0 1 1 1 0]
 [1 0 1 1 1 1 1 1 1 1]
 [1 1 1 0 1 1 1 1 0 1]
 [1 1 1 1 1 1 1 0 1 1]
 [1 1 1 1 0 1 0 1 1 1]
 [1 1 0 1 0 1 1 0 0 1]
 [1 1 1 1 1 1 1 1 1 0]
 [1 0 1 0 1 1 1 0 1 1]
 [0 0 1 1 1 1 0 0 0 1]
 [1 1 0 1 1 1 0 0 1 0]
 [1 1 0 1 1 1 1 1 1 1]
 [1 1 1 1 1 1 1 1 0 1]
 [1 1 1 1 1 1 1 0 1 1]
 [1 0 0 1 0 1 1 0 1 1]
 [1 1 0 1 0 1 1 1 1 1]
 [0 1 1 1 1 1 1 0 0 1]
 [1 1 1 0 1 1 1 1 0 1]
 [1 1 0 1 1 1 0 0 1 1]
 [1 0 1 1 1 0 1 1 1 1]
 [0 0 0 0 1 0 1 1 1 1]
 [1 1 1 1 0 1 0 1 1 0]
 [1 0 0 1 1 1 1 1 0 1]
 [1 1 1 1 1 0 0 1 1 0]
 [1 1 1 1 0 0 1 1 0 1]
 [0 1 1 1 1 1 1 1 1 1]
 [0 0 1 1 1 1 1 1 1 1]
 [1 0 0 0 1 1 1 1 1 0]
 [0 1 1 1 1 0 1 1 1 1]
 [0 0 0 1 0 1 1 1 1 1]
 [1 1 1 1 1 1 1 1 1 1]
 [1 0 1 1 1 0 0 1 1 0]
 [1 1 0 0 0 0 1 0 0 1]
 [0 1 1 1 0 0 1 0 1 1]
 [0 1 1 1 0 0 1 1 1 1]
 [1 0 0 1 1 0 1 0 1 1]
 [1 1 1 0 1 1 1 1 1 1]
 [1 1 0 1 0 1 1 1 1 1]
 [1 1 1 1 0 0 0 1 1 0]
 [0 1 1 1 1 0 1 1 1 1]
 [1 1 1 1 0 0 1 1 1 1]
 [1 0 1 1 0 1 1 0 1 1]
 [0 0 1 0 0 0 1 0 0 0]
 [1 1 0 0 1 1 1 1 1 0]
 [1 1 0 1 0 1 1 1 0 1]]
{'restarts': 11, 'conflicts': 2959, 'decisions': 7114, 'propagations': 2702271}
Q is identifiable
branch at 6
runtime for solving id of Q is 0.47664344497025013
Simulation results:
{'J': 100, 'K': 10, 'N': 10, 'p': 0.7, 'seed': 133, 'sim': 7, 'runtime': 0.47664344497025013, 'identifiable': 1, 'branch': 6}
8
Q: [[0 1 1 1 1 0 0 1 1 1]
 [0 1 1 1 1 0 1 1 1 1]
 [1 1 1 1 1 0 1 0 1 1]
 [1 1 1 1 1 1 0 0 1 1]
 [1 1 1 1 1 1 1 0 1 1]
 [1 0 1 1 1 1 1 1 0 0]
 [1 1 1 1 1 1 0 0 1 1]
 [1 1 1 1 1 1 1 1 1 1]
 [1 1 1 1 1 1 1 1 1 1]
 [1 1 1 1 0 1 1 1 1 1]
 [0 1 1 1 0 1 1 0 1 0]
 [1 1 1 1 1 0 1 1 1 1]
 [0 1 1 1 1 1 1 1 1 1]
 [1 1 1 1 0 1 0 1 0 0]
 [1 1 1 1 1 1 1 1 1 1]
 [0 1 1 1 1 1 1 1 1 1]
 [1 1 1 0 1 1 1 1 1 1]
 [0 0 1 1 1 1 1 1 1 1]
 [0 0 0 1 1 1 1 0 1 1]
 [1 1 1 1 1 0 1 1 0 0]
 [1 0 1 1 1 1 1 1 1 1]
 [1 1 1 0 1 0 1 0 1 1]
 [1 1 0 1 1 1 0 1 1 1]
 [0 1 0 1 1 1 0 1 1 1]
 [1 1 1 1 0 0 1 1 1 0]
 [1 1 1 0 1 1 1 1 1 1]
 [1 1 1 0 1 1 0 1 1 1]
 [1 0 1 1 1 0 0 0 0 0]
 [1 1 1 1 1 1 0 1 1 0]
 [1 1 1 1 1 1 1 0 1 1]
 [1 1 0 1 0 0 1 0 1 1]
 [0 1 1 1 0 1 1 1 0 1]
 [1 0 0 0 0 0 0 1 0 1]
 [1 0 1 1 1 1 1 0 0 1]
 [1 1 0 0 1 1 1 0 0 1]
 [0 1 1 1 1 1 0 0 1 1]
 [1 1 1 0 1 1 1 1 1 1]
 [1 0 0 0 1 1 0 1 1 1]
 [1 1 1 0 0 0 1 0 0 1]
 [1 1 0 1 1 1 1 1 0 1]
 [1 1 1 1 1 1 0 1 1 0]
 [0 1 1 1 1 0 1 0 1 1]
 [1 1 0 1 0 0 0 1 1 1]
 [0 1 1 0 0 1 1 1 1 1]
 [0 1 1 1 1 1 0 1 1 0]
 [1 0 1 1 1 1 0 1 1 1]
 [1 0 0 1 1 1 1 1 0 0]
 [1 0 1 1 1 1 1 1 1 1]
 [1 0 1 0 0 1 1 0 1 0]
 [0 0 1 1 1 1 1 1 1 1]
 [1 1 0 1 1 1 1 1 0 1]
 [1 0 0 1 1 0 1 0 1 1]
 [1 1 1 0 1 1 0 1 0 0]
 [0 0 1 0 0 1 1 1 1 1]
 [1 1 1 1 1 0 1 1 0 1]
 [0 1 0 0 1 0 1 1 1 1]
 [1 1 0 1 1 1 1 1 1 1]
 [0 1 1 0 1 1 1 1 0 1]
 [1 0 1 1 1 1 1 0 1 1]
 [1 1 1 1 1 1 1 1 1 0]
 [1 1 1 1 1 1 1 0 1 1]
 [1 1 1 0 1 1 1 1 1 1]
 [1 1 1 1 0 0 1 1 0 1]
 [0 0 0 1 1 1 1 0 0 1]
 [1 1 1 0 0 1 1 1 0 1]
 [1 1 1 0 1 0 0 0 1 1]
 [0 1 1 0 1 1 1 1 1 1]
 [1 1 0 1 1 1 1 1 0 1]
 [1 0 1 1 1 0 1 1 0 1]
 [0 1 1 0 1 0 1 1 1 0]
 [1 0 1 0 0 0 1 1 0 0]
 [1 1 0 1 1 1 1 0 1 1]
 [0 1 1 1 1 0 1 0 1 1]
 [1 0 1 1 1 1 1 1 1 1]
 [1 1 1 1 1 1 0 1 0 1]
 [1 1 1 1 1 1 1 1 1 1]
 [0 1 1 1 1 1 0 1 1 0]
 [0 1 1 1 1 1 1 1 1 0]
 [0 0 1 0 1 1 0 1 1 0]
 [1 1 1 1 1 0 1 1 1 0]
 [1 1 1 1 0 1 1 1 1 1]
 [1 1 1 0 0 0 1 1 1 1]
 [0 1 0 1 0 1 0 1 0 0]
 [1 1 1 1 1 1 1 1 1 1]
 [0 0 0 0 1 1 1 1 1 0]
 [0 1 1 0 1 1 1 1 1 1]
 [0 0 0 1 0 1 0 0 1 1]
 [1 1 1 1 1 1 1 0 1 1]
 [0 1 1 1 1 1 1 0 1 1]
 [1 1 0 1 0 0 1 0 1 1]
 [0 1 1 1 0 1 1 1 1 0]
 [1 0 1 0 1 1 1 1 0 1]
 [1 0 0 1 1 1 1 1 0 0]
 [1 0 0 1 0 1 0 0 1 0]
 [1 0 1 1 0 1 1 1 1 1]
 [1 0 1 1 0 1 0 0 0 1]
 [1 1 1 1 0 1 1 1 0 0]
 [1 1 1 1 1 1 1 0 1 1]
 [1 1 0 1 1 0 1 1 1 1]
 [1 1 1 1 1 0 0 1 1 1]]
{'restarts': 13, 'conflicts': 4366, 'decisions': 8609, 'propagations': 3549835}
Q is identifiable
branch at 6
runtime for solving id of Q is 0.515706934966147
Simulation results:
{'J': 100, 'K': 10, 'N': 10, 'p': 0.7, 'seed': 133, 'sim': 8, 'runtime': 0.515706934966147, 'identifiable': 1, 'branch': 6}
9
Q: [[0 1 0 1 1 1 1 1 1 1]
 [1 1 1 1 1 1 0 0 1 0]
 [0 0 1 1 0 1 0 1 1 1]
 [0 0 1 0 1 1 0 0 1 1]
 [0 1 1 0 1 0 0 1 1 1]
 [0 0 1 1 1 0 1 0 1 0]
 [1 0 1 0 0 0 1 1 0 0]
 [1 1 1 1 1 1 0 1 1 1]
 [1 1 1 1 1 1 1 1 0 1]
 [1 1 0 0 1 0 1 1 0 1]
 [1 1 0 1 1 1 1 1 1 1]
 [1 1 1 1 0 0 0 1 1 1]
 [0 1 1 1 1 0 0 1 1 1]
 [1 1 0 0 1 0 1 1 1 1]
 [1 1 1 1 0 1 1 1 1 1]
 [1 0 1 1 0 1 1 1 0 0]
 [0 1 1 1 0 1 0 1 0 1]
 [1 1 1 1 1 1 0 1 1 0]
 [1 0 1 0 1 1 1 0 1 1]
 [1 1 1 1 1 0 1 1 1 0]
 [0 1 0 1 1 0 1 1 0 1]
 [1 1 1 1 1 1 1 0 1 1]
 [1 0 1 1 1 1 1 0 1 1]
 [1 0 1 1 0 0 1 1 1 1]
 [1 1 1 1 1 0 1 1 1 0]
 [1 1 1 0 1 1 1 0 1 1]
 [1 1 0 1 1 1 1 0 1 0]
 [1 1 0 1 1 1 1 1 1 1]
 [1 1 0 1 1 1 1 1 1 0]
 [0 1 1 1 1 0 1 1 1 0]
 [1 1 0 1 0 0 1 1 1 1]
 [0 1 0 1 0 0 1 0 0 1]
 [1 1 1 1 0 0 1 1 1 0]
 [1 1 1 0 1 1 0 1 1 1]
 [1 1 1 0 1 1 1 1 1 1]
 [0 1 1 0 1 1 1 1 1 1]
 [1 1 1 1 0 1 1 0 1 1]
 [1 0 1 1 0 1 1 1 1 0]
 [1 1 1 1 1 1 1 1 0 0]
 [1 1 1 1 1 1 0 1 1 0]
 [0 1 1 0 1 1 0 1 0 1]
 [0 1 1 1 1 1 1 1 1 1]
 [0 1 1 0 1 1 1 0 0 1]
 [1 1 1 1 1 1 1 1 0 1]
 [1 1 1 0 0 1 1 1 0 0]
 [0 1 1 1 0 1 1 1 0 1]
 [0 1 1 1 1 1 1 1 1 1]
 [0 1 1 0 1 1 1 0 1 1]
 [0 0 1 0 1 0 1 0 1 1]
 [1 1 1 1 1 1 1 1 1 1]
 [1 0 0 1 1 1 0 1 1 1]
 [1 1 1 1 1 0 1 1 0 1]
 [1 1 1 1 1 0 1 1 1 0]
 [1 1 1 0 0 1 1 1 1 0]
 [1 1 1 0 1 1 0 1 0 1]
 [1 1 0 1 1 0 0 1 1 1]
 [1 1 0 1 1 1 1 1 0 0]
 [1 1 0 1 1 1 1 1 0 0]
 [1 1 0 1 0 1 1 1 1 0]
 [1 0 1 0 1 1 1 1 1 1]
 [0 1 1 0 1 1 1 1 1 0]
 [1 1 0 1 0 1 1 1 1 1]
 [1 1 0 1 1 1 0 0 1 1]
 [1 1 1 1 1 1 1 1 1 0]
 [1 1 1 1 1 0 1 1 1 1]
 [1 1 1 1 1 1 1 0 0 1]
 [1 1 1 1 1 1 1 1 1 1]
 [1 1 0 0 1 0 1 0 1 1]
 [1 1 1 1 1 1 0 1 1 1]
 [0 1 1 1 1 1 0 1 1 1]
 [0 1 1 1 1 1 0 1 1 0]
 [1 1 1 1 1 0 1 0 1 0]
 [1 1 1 0 1 1 1 1 1 1]
 [1 1 1 0 0 1 0 1 1 1]
 [1 1 1 1 1 1 1 1 1 0]
 [1 0 1 0 1 1 0 1 0 1]
 [1 0 1 1 0 0 1 1 0 0]
 [1 1 1 1 0 1 1 1 1 1]
 [1 1 1 1 1 1 1 1 0 0]
 [0 0 1 1 1 1 1 1 1 1]
 [1 1 1 1 1 1 1 1 0 1]
 [1 1 0 0 1 0 1 0 0 1]
 [1 1 1 1 1 1 0 0 0 0]
 [1 1 0 0 1 0 0 1 0 1]
 [1 1 1 0 1 1 0 1 1 1]
 [1 1 1 0 1 0 1 1 0 0]
 [1 1 0 1 1 1 0 1 1 0]
 [1 1 1 1 1 0 0 1 0 1]
 [1 1 0 1 1 0 1 0 1 1]
 [1 1 1 1 1 0 1 1 0 1]
 [0 0 1 1 1 0 0 0 1 0]
 [1 1 0 1 1 1 0 1 1 1]
 [1 0 1 1 1 1 0 0 0 1]
 [1 1 1 1 0 1 1 1 0 1]
 [0 0 1 1 1 1 1 1 1 1]
 [1 1 1 0 1 1 0 0 0 1]
 [1 0 1 1 0 1 1 1 1 1]
 [1 1 1 1 1 1 1 1 0 0]
 [0 0 0 1 1 1 1 1 1 0]
 [1 0 1 0 0 1 1 1 1 1]]
{'restarts': 47, 'conflicts': 13598, 'decisions': 22812, 'propagations': 12969851}
Q is identifiable
branch at 6
runtime for solving id of Q is 1.6062063369899988
Simulation results:
{'J': 100, 'K': 10, 'N': 10, 'p': 0.7, 'seed': 133, 'sim': 9, 'runtime': 1.6062063369899988, 'identifiable': 1, 'branch': 6}
Simulation results:
[{'J': 100, 'K': 10, 'N': 10, 'p': 0.7, 'seed': 133, 'sim': 0, 'runtime': 2.6631564274430275, 'identifiable': 1, 'branch': 6}, {'J': 100, 'K': 10, 'N': 10, 'p': 0.7, 'seed': 133, 'sim': 1, 'runtime': 0.6636475203558803, 'identifiable': 1, 'branch': 6}, {'J': 100, 'K': 10, 'N': 10, 'p': 0.7, 'seed': 133, 'sim': 2, 'runtime': 8.853449973277748, 'identifiable': 1, 'branch': 6}, {'J': 100, 'K': 10, 'N': 10, 'p': 0.7, 'seed': 133, 'sim': 3, 'runtime': 0.5360417179763317, 'identifiable': 1, 'branch': 6}, {'J': 100, 'K': 10, 'N': 10, 'p': 0.7, 'seed': 133, 'sim': 4, 'runtime': 3.161263320595026, 'identifiable': 1, 'branch': 6}, {'J': 100, 'K': 10, 'N': 10, 'p': 0.7, 'seed': 133, 'sim': 5, 'runtime': 0.3124729534611106, 'identifiable': 1, 'branch': 6}, {'J': 100, 'K': 10, 'N': 10, 'p': 0.7, 'seed': 133, 'sim': 6, 'runtime': 0.6291357725858688, 'identifiable': 1, 'branch': 6}, {'J': 100, 'K': 10, 'N': 10, 'p': 0.7, 'seed': 133, 'sim': 7, 'runtime': 0.47664344497025013, 'identifiable': 1, 'branch': 6}, {'J': 100, 'K': 10, 'N': 10, 'p': 0.7, 'seed': 133, 'sim': 8, 'runtime': 0.515706934966147, 'identifiable': 1, 'branch': 6}, {'J': 100, 'K': 10, 'N': 10, 'p': 0.7, 'seed': 133, 'sim': 9, 'runtime': 1.6062063369899988, 'identifiable': 1, 'branch': 6}]
