
The Gurobi software has a limited number of licenses. To request a license or
licenses, add this line

    #SBATCH --licenses=gurobi@slurmdb:1

to your SBATCH script, replacing N with the number of licenses you need. Gurobi
will need one license per process.


0
Q: [[0 0 0 0 0 0 0 0 0 0]
 [1 0 0 0 0 0 0 0 0 0]
 [0 0 0 1 0 0 0 0 1 0]
 [0 0 0 0 0 0 0 0 0 1]
 [0 0 1 0 0 0 0 0 0 0]
 [0 0 0 0 0 0 0 0 1 0]
 [0 0 0 0 0 1 0 1 0 0]
 [0 0 0 0 0 0 0 0 0 0]
 [0 0 0 1 0 0 0 0 0 1]
 [0 0 1 0 1 0 0 0 0 0]
 [0 1 1 0 0 0 0 0 0 0]
 [0 1 0 0 0 0 0 0 0 0]
 [0 0 0 0 0 1 0 0 0 1]
 [0 0 0 0 1 0 0 0 1 0]
 [0 1 0 1 0 0 1 0 0 0]
 [0 1 0 0 0 0 0 0 0 0]
 [0 0 0 0 0 0 0 0 0 0]
 [0 0 0 0 0 0 0 1 0 0]
 [0 1 1 0 0 0 1 0 0 0]
 [0 0 0 0 0 0 0 0 0 0]
 [0 0 0 0 0 0 0 0 0 0]
 [0 0 0 0 1 0 0 0 0 0]
 [0 0 0 0 0 0 0 0 0 0]
 [0 1 0 0 0 1 0 0 0 0]
 [0 0 0 0 0 0 0 0 0 0]
 [0 0 0 0 0 0 0 0 0 0]
 [0 0 0 0 0 0 0 0 0 1]
 [1 0 0 0 0 0 0 0 0 0]
 [0 0 0 0 0 0 0 0 0 1]
 [0 0 0 0 0 0 0 0 0 0]
 [0 0 0 0 0 0 0 0 0 0]
 [0 1 0 0 0 0 0 0 0 0]
 [0 0 0 0 0 0 0 0 0 0]
 [1 0 1 1 0 1 0 1 0 0]
 [0 0 1 0 0 0 0 0 0 1]
 [0 0 0 1 0 0 0 0 1 0]
 [0 0 0 0 0 1 0 0 0 0]
 [0 0 0 0 1 0 0 0 0 0]
 [1 0 0 0 0 0 1 1 0 0]
 [0 0 0 0 0 0 0 0 0 1]
 [0 0 0 0 1 0 0 0 0 1]
 [1 0 1 1 0 1 0 0 0 0]
 [1 0 0 0 1 1 0 0 0 0]
 [0 0 0 0 0 1 0 0 0 0]
 [0 0 1 0 0 0 0 1 0 0]
 [0 0 0 0 0 0 1 0 1 0]
 [0 0 0 0 1 0 0 0 0 0]
 [0 0 0 0 0 0 0 0 0 0]
 [0 0 0 0 0 0 0 0 0 1]
 [0 0 1 0 0 0 0 0 0 0]]
{'restarts': 1, 'conflicts': 26, 'decisions': 77, 'propagations': 24042}
Q is identifiable
branch at 6
runtime for solving id of Q is 0.19991545099765062
Simulation results:
{'J': 50, 'K': 10, 'N': 10, 'p': 0.1, 'seed': 89, 'sim': 0, 'runtime': 0.19991545099765062, 'identifiable': 1, 'branch': 6}
1
Q: [[0 0 0 0 0 0 0 1 0 0]
 [1 0 0 0 0 0 0 0 0 0]
 [0 0 0 0 0 1 0 0 0 0]
 [1 0 0 0 1 0 0 0 0 0]
 [0 0 0 0 1 0 0 0 0 0]
 [0 0 0 0 0 0 0 1 0 0]
 [0 0 0 0 0 0 0 0 1 0]
 [0 0 0 0 0 0 0 0 0 0]
 [0 0 0 1 0 0 0 0 0 0]
 [0 0 0 0 0 0 0 0 0 0]
 [0 0 0 0 0 0 0 0 0 0]
 [1 0 0 0 0 1 0 0 0 0]
 [0 0 0 0 0 1 0 0 0 0]
 [1 0 0 0 0 0 0 0 0 0]
 [0 0 0 0 0 0 0 0 0 0]
 [0 0 1 1 1 0 0 0 0 0]
 [0 0 0 0 0 0 0 0 0 0]
 [0 0 0 0 0 0 1 0 0 0]
 [0 0 0 0 0 0 0 1 1 0]
 [1 0 0 0 1 0 0 0 0 0]
 [0 0 1 0 0 0 0 0 0 0]
 [0 1 0 0 0 0 0 0 0 0]
 [0 0 0 0 0 0 1 0 0 0]
 [0 0 0 0 0 0 0 0 0 0]
 [0 0 0 0 0 0 0 0 0 0]
 [0 0 0 0 0 0 0 0 0 0]
 [0 0 0 0 0 1 0 0 0 0]
 [0 0 0 1 0 0 0 0 0 0]
 [0 0 0 0 0 0 0 0 1 0]
 [1 0 0 0 0 0 0 0 0 0]
 [0 0 0 0 0 0 0 0 0 0]
 [0 0 0 0 0 0 0 0 0 0]
 [0 0 0 0 1 0 0 0 0 1]
 [0 0 0 1 0 0 1 0 0 0]
 [0 0 0 0 0 0 0 1 0 1]
 [0 1 0 0 0 0 0 0 0 0]
 [0 0 0 0 0 0 0 1 0 0]
 [0 1 0 0 0 0 0 0 0 0]
 [0 0 0 0 0 0 0 0 0 0]
 [0 0 0 0 0 1 0 0 1 0]
 [0 0 0 0 0 0 0 0 0 0]
 [0 0 0 0 0 0 0 0 0 1]
 [0 0 0 0 1 0 0 0 1 0]
 [0 0 0 0 0 0 0 0 1 0]
 [0 0 0 0 0 0 1 0 0 0]
 [0 0 0 0 0 0 0 0 0 0]
 [0 0 0 0 0 0 1 0 1 0]
 [0 0 0 1 0 0 0 1 0 0]
 [1 0 1 0 0 0 0 0 0 0]
 [0 0 0 0 1 1 0 0 0 0]]
Q is identifiable (direct_check).
Q is identifiable
branch at 4
runtime for solving id of Q is 0.0036673180293291807
Simulation results:
{'J': 50, 'K': 10, 'N': 10, 'p': 0.1, 'seed': 89, 'sim': 1, 'runtime': 0.0036673180293291807, 'identifiable': 1, 'branch': 4}
2
Q: [[0 0 0 0 0 1 0 0 0 0]
 [0 1 0 0 0 0 0 0 0 0]
 [0 0 0 0 0 0 0 0 0 1]
 [0 0 0 0 0 0 0 0 0 0]
 [0 0 1 0 1 0 0 0 0 0]
 [0 0 0 0 0 0 0 0 0 0]
 [0 1 1 0 0 0 1 0 0 0]
 [0 0 0 0 0 0 0 0 0 0]
 [0 0 1 1 0 0 0 0 0 1]
 [0 0 0 0 0 0 0 0 0 0]
 [0 1 0 0 0 0 0 0 0 0]
 [1 0 0 0 0 0 0 0 0 0]
 [0 0 0 1 0 0 0 0 0 0]
 [0 0 0 0 0 0 0 0 0 0]
 [0 1 0 0 0 0 0 0 0 0]
 [0 0 0 0 0 0 0 1 0 1]
 [0 1 0 0 0 0 0 0 1 0]
 [0 0 1 0 0 0 0 0 0 0]
 [0 0 1 0 0 0 0 0 0 0]
 [0 0 0 0 0 0 0 0 0 1]
 [0 0 0 0 1 0 0 0 0 0]
 [0 0 0 0 0 0 0 0 0 0]
 [0 0 0 0 1 0 0 0 0 0]
 [0 0 0 0 0 0 0 1 0 0]
 [0 0 0 0 0 0 0 0 0 0]
 [0 0 0 0 0 0 0 0 0 0]
 [0 0 0 0 0 0 0 0 0 1]
 [0 0 0 1 0 0 0 0 0 0]
 [0 0 0 0 0 0 0 0 0 0]
 [0 0 1 0 0 0 0 1 0 1]
 [0 0 0 0 1 0 0 0 1 0]
 [0 0 0 0 0 0 0 1 0 0]
 [0 0 0 0 0 1 0 0 0 1]
 [0 0 0 0 0 0 0 0 0 0]
 [0 0 0 1 0 0 0 0 0 0]
 [0 0 1 0 0 0 0 0 0 0]
 [0 0 0 0 0 0 0 0 0 0]
 [0 1 0 0 0 0 0 1 0 0]
 [0 0 0 0 0 0 0 0 0 0]
 [0 1 0 0 0 0 0 0 0 0]
 [0 0 0 0 0 0 0 0 0 0]
 [0 0 0 0 0 0 0 0 0 0]
 [0 0 0 0 0 0 0 0 0 0]
 [0 0 0 0 0 0 0 0 0 0]
 [0 0 0 0 0 0 0 0 0 0]
 [0 0 1 0 0 0 0 0 0 0]
 [1 0 0 1 0 0 0 0 0 0]
 [0 0 0 0 0 0 0 0 0 0]
 [0 0 0 0 0 0 0 0 0 0]
 [0 0 0 0 0 1 0 0 0 0]]
Q is not identifiable (two-column submatrix not identifiable).
Q is not identifiable, and Q_bar is [[0 0 0 0 0 1 0 0 0 0]
 [0 1 0 0 0 0 0 0 0 0]
 [0 0 0 0 0 0 0 0 0 1]
 [0 0 0 0 0 0 0 0 0 0]
 [0 0 1 0 1 0 0 0 0 0]
 [0 0 0 0 0 0 0 0 0 0]
 [0 0 1 0 0 0 1 0 0 0]
 [0 0 0 0 0 0 0 0 0 0]
 [0 0 1 1 0 0 0 0 0 1]
 [0 0 0 0 0 0 0 0 0 0]
 [0 1 0 0 0 0 0 0 0 0]
 [1 0 0 0 0 0 0 0 0 0]
 [0 0 0 1 0 0 0 0 0 0]
 [0 0 0 0 0 0 0 0 0 0]
 [0 1 0 0 0 0 0 0 0 0]
 [0 0 0 0 0 0 0 1 0 1]
 [0 1 0 0 0 0 0 0 1 0]
 [0 0 1 0 0 0 0 0 0 0]
 [0 0 1 0 0 0 0 0 0 0]
 [0 0 0 0 0 0 0 0 0 1]
 [0 0 0 0 1 0 0 0 0 0]
 [0 0 0 0 0 0 0 0 0 0]
 [0 0 0 0 1 0 0 0 0 0]
 [0 0 0 0 0 0 0 1 0 0]
 [0 0 0 0 0 0 0 0 0 0]
 [0 0 0 0 0 0 0 0 0 0]
 [0 0 0 0 0 0 0 0 0 1]
 [0 0 0 1 0 0 0 0 0 0]
 [0 0 0 0 0 0 0 0 0 0]
 [0 0 1 0 0 0 0 1 0 1]
 [0 0 0 0 1 0 0 0 1 0]
 [0 0 0 0 0 0 0 1 0 0]
 [0 0 0 0 0 1 0 0 0 1]
 [0 0 0 0 0 0 0 0 0 0]
 [0 0 0 1 0 0 0 0 0 0]
 [0 0 1 0 0 0 0 0 0 0]
 [0 0 0 0 0 0 0 0 0 0]
 [0 1 0 0 0 0 0 1 0 0]
 [0 0 0 0 0 0 0 0 0 0]
 [0 1 0 0 0 0 0 0 0 0]
 [0 0 0 0 0 0 0 0 0 0]
 [0 0 0 0 0 0 0 0 0 0]
 [0 0 0 0 0 0 0 0 0 0]
 [0 0 0 0 0 0 0 0 0 0]
 [0 0 0 0 0 0 0 0 0 0]
 [0 0 1 0 0 0 0 0 0 0]
 [1 0 0 1 0 0 0 0 0 0]
 [0 0 0 0 0 0 0 0 0 0]
 [0 0 0 0 0 0 0 0 0 0]
 [0 0 0 0 0 1 0 0 0 0]]
branch at 2
runtime for solving id of Q is 0.0024516500998288393
Simulation results:
{'J': 50, 'K': 10, 'N': 10, 'p': 0.1, 'seed': 89, 'sim': 2, 'runtime': 0.0024516500998288393, 'identifiable': 0, 'branch': 2}
3
Q: [[0 0 1 0 0 0 0 0 0 0]
 [0 0 1 0 0 0 0 0 0 0]
 [0 0 0 0 1 0 0 0 0 0]
 [0 1 0 0 0 0 0 0 1 1]
 [0 0 0 0 0 0 0 0 0 0]
 [1 0 0 1 1 0 0 0 0 0]
 [0 0 0 0 0 0 0 1 0 0]
 [0 0 0 0 0 0 0 0 1 0]
 [0 0 0 1 0 0 0 0 0 0]
 [0 0 0 0 0 0 0 0 0 0]
 [0 0 0 0 0 0 0 0 0 1]
 [0 0 0 0 0 0 0 0 0 0]
 [0 0 0 0 0 0 0 0 1 0]
 [0 0 0 0 1 0 0 0 0 0]
 [0 0 0 0 0 1 0 0 0 0]
 [0 0 0 0 0 0 0 0 0 0]
 [0 1 0 0 0 0 0 0 0 0]
 [0 0 0 0 0 0 0 0 0 0]
 [0 0 0 0 0 0 1 0 0 1]
 [0 0 0 0 0 0 0 1 0 0]
 [0 0 1 0 0 0 1 0 0 0]
 [0 0 0 1 0 0 0 0 0 0]
 [0 0 0 0 0 0 0 0 0 0]
 [0 0 0 0 0 0 0 1 0 0]
 [0 0 0 0 0 0 1 0 0 0]
 [0 0 0 0 0 1 0 0 0 1]
 [0 0 0 0 0 0 0 0 0 0]
 [0 0 0 0 0 1 0 0 0 0]
 [0 0 0 0 0 0 0 0 0 0]
 [0 0 0 0 0 0 0 0 0 0]
 [0 0 0 0 0 0 0 1 0 0]
 [0 0 0 0 0 0 0 0 0 0]
 [1 0 0 0 0 0 0 0 0 0]
 [0 0 0 0 0 0 0 0 0 0]
 [0 0 0 0 0 0 0 0 0 0]
 [0 0 0 0 0 0 1 0 0 0]
 [1 0 0 0 0 0 0 0 0 0]
 [0 0 0 0 0 1 0 0 0 0]
 [1 1 0 0 0 1 0 1 0 0]
 [0 0 0 0 0 0 0 0 0 0]
 [1 0 0 0 0 0 0 0 0 0]
 [0 0 0 0 0 1 1 0 0 1]
 [0 0 0 0 0 0 0 0 0 0]
 [0 0 0 0 0 0 0 1 0 0]
 [0 1 0 0 0 0 1 0 0 0]
 [0 1 0 0 0 0 1 0 1 0]
 [0 0 1 0 0 0 0 0 0 0]
 [0 0 1 0 0 1 1 0 0 0]
 [1 0 0 0 1 0 0 0 0 0]
 [0 0 0 1 0 0 0 0 0 0]]
Q is identifiable (direct_check).
Q is identifiable
branch at 4
runtime for solving id of Q is 0.003513819072395563
Simulation results:
{'J': 50, 'K': 10, 'N': 10, 'p': 0.1, 'seed': 89, 'sim': 3, 'runtime': 0.003513819072395563, 'identifiable': 1, 'branch': 4}
4
Q: [[0 0 0 0 0 1 1 0 0 0]
 [0 0 0 0 0 1 0 0 0 0]
 [0 0 0 0 0 0 0 0 0 0]
 [0 0 0 0 1 0 0 0 0 0]
 [0 0 0 1 0 0 0 0 0 0]
 [0 0 1 0 0 0 0 0 1 0]
 [0 0 1 0 0 0 0 0 0 1]
 [0 0 0 0 0 0 0 0 0 0]
 [0 0 0 0 0 0 0 0 1 1]
 [0 0 0 0 0 0 0 0 1 0]
 [0 0 1 0 0 0 0 0 0 0]
 [0 0 0 0 0 1 0 0 0 1]
 [0 0 0 1 0 0 0 0 0 0]
 [0 0 0 0 0 0 0 0 0 0]
 [0 0 0 1 0 0 0 1 1 0]
 [0 1 0 0 0 0 0 0 1 0]
 [0 0 0 0 0 0 0 0 0 1]
 [0 0 0 0 0 1 0 1 0 0]
 [0 0 0 0 0 0 0 0 0 0]
 [0 0 0 0 0 0 0 1 0 0]
 [0 0 0 0 0 0 0 0 0 0]
 [0 0 0 0 0 0 0 0 0 0]
 [0 0 0 0 0 1 0 0 0 0]
 [0 0 1 0 0 0 1 1 0 0]
 [0 0 1 0 0 1 0 0 0 0]
 [0 0 1 0 0 1 0 0 0 0]
 [1 0 1 0 0 0 0 0 0 0]
 [0 0 0 0 0 0 0 0 0 0]
 [0 0 0 0 0 0 0 0 0 0]
 [0 0 0 0 0 0 1 0 0 0]
 [0 0 0 0 0 0 1 0 0 0]
 [0 0 1 0 0 0 0 0 0 0]
 [1 0 1 0 0 0 0 0 0 0]
 [0 0 0 0 0 0 0 1 0 0]
 [0 0 0 0 1 0 0 0 0 0]
 [0 0 0 0 0 0 0 0 1 1]
 [1 0 0 0 1 0 1 0 0 0]
 [0 0 0 0 0 0 1 0 0 0]
 [0 0 0 0 0 0 0 0 1 0]
 [0 1 0 0 0 0 0 1 0 0]
 [0 0 0 0 0 1 0 0 1 0]
 [0 0 0 0 0 1 0 0 0 0]
 [0 0 0 0 0 0 0 0 0 1]
 [0 0 0 0 0 0 0 0 0 0]
 [0 0 0 1 0 0 0 0 0 0]
 [0 1 0 0 0 0 0 0 0 0]
 [0 0 0 0 1 0 0 1 0 0]
 [0 0 0 0 0 0 0 0 0 0]
 [0 0 1 0 0 0 0 0 0 0]
 [0 0 0 1 0 0 0 0 0 0]]
{'restarts': 1, 'conflicts': 13, 'decisions': 56, 'propagations': 20525}
Q is identifiable
branch at 6
runtime for solving id of Q is 0.1313117598183453
Simulation results:
{'J': 50, 'K': 10, 'N': 10, 'p': 0.1, 'seed': 89, 'sim': 4, 'runtime': 0.1313117598183453, 'identifiable': 1, 'branch': 6}
5
Q: [[0 0 0 0 0 0 0 0 0 0]
 [1 0 0 0 0 0 0 0 0 0]
 [0 0 0 0 0 0 0 0 0 0]
 [0 0 0 0 1 1 0 0 0 0]
 [0 0 0 0 0 0 0 0 0 0]
 [1 1 0 0 0 0 1 0 0 0]
 [1 0 0 0 0 0 0 0 0 0]
 [0 0 0 0 0 1 0 0 0 0]
 [0 0 0 0 0 0 0 0 0 0]
 [0 0 1 0 0 0 0 0 0 0]
 [1 0 0 0 0 0 0 0 0 0]
 [0 1 1 0 0 0 0 0 0 0]
 [0 0 0 0 0 0 0 0 1 0]
 [0 0 0 0 0 1 0 0 0 0]
 [0 0 0 1 0 0 0 0 0 0]
 [0 0 0 0 0 0 0 1 0 0]
 [1 0 0 0 0 0 0 0 0 0]
 [0 0 0 0 0 0 0 0 0 0]
 [0 0 0 0 0 0 0 0 0 1]
 [0 0 0 0 0 0 0 0 0 1]
 [0 0 0 0 0 0 0 0 0 0]
 [0 0 0 0 0 1 0 0 0 1]
 [0 0 0 0 0 0 0 1 0 0]
 [0 0 0 1 0 1 0 0 1 0]
 [0 0 0 0 0 0 0 0 0 1]
 [0 0 0 0 0 0 0 0 0 0]
 [0 0 0 0 0 0 0 0 0 0]
 [1 0 0 0 0 0 1 0 0 0]
 [0 0 0 0 0 0 0 0 0 0]
 [0 1 0 0 1 0 0 0 0 0]
 [0 0 0 1 0 0 0 0 0 0]
 [0 0 0 0 1 0 0 0 1 0]
 [1 0 0 0 1 0 0 0 0 0]
 [0 0 0 0 0 0 0 0 1 0]
 [0 0 0 0 0 0 0 0 0 0]
 [0 0 0 0 0 0 0 0 0 0]
 [1 0 0 1 0 0 0 0 0 0]
 [0 0 0 0 0 0 0 0 0 0]
 [0 0 0 0 1 1 0 0 0 0]
 [0 0 0 0 0 0 0 0 0 0]
 [0 0 0 0 0 0 0 0 0 1]
 [1 0 0 0 1 0 0 0 1 0]
 [1 0 0 0 0 0 1 0 0 0]
 [0 0 0 0 0 0 0 0 1 0]
 [0 0 0 0 0 0 0 0 0 0]
 [0 0 0 0 0 0 0 0 0 0]
 [0 1 0 0 0 0 0 0 0 0]
 [0 0 1 1 0 0 0 0 0 0]
 [1 0 0 1 0 0 1 0 0 0]
 [0 0 0 0 0 0 0 0 0 0]]
Q is not identifiable (two-column submatrix not identifiable).
Q is not identifiable, and Q_bar is [[0 0 0 0 0 0 0 0 0 0]
 [1 0 0 0 0 0 0 0 0 0]
 [0 0 0 0 0 0 0 0 0 0]
 [0 0 0 0 1 1 0 0 0 0]
 [0 0 0 0 0 0 0 0 0 0]
 [0 1 0 0 0 0 1 0 0 0]
 [1 0 0 0 0 0 0 0 0 0]
 [0 0 0 0 0 1 0 0 0 0]
 [0 0 0 0 0 0 0 0 0 0]
 [0 0 1 0 0 0 0 0 0 0]
 [1 0 0 0 0 0 0 0 0 0]
 [0 1 1 0 0 0 0 0 0 0]
 [0 0 0 0 0 0 0 0 1 0]
 [0 0 0 0 0 1 0 0 0 0]
 [0 0 0 1 0 0 0 0 0 0]
 [0 0 0 0 0 0 0 1 0 0]
 [1 0 0 0 0 0 0 0 0 0]
 [0 0 0 0 0 0 0 0 0 0]
 [0 0 0 0 0 0 0 0 0 1]
 [0 0 0 0 0 0 0 0 0 1]
 [0 0 0 0 0 0 0 0 0 0]
 [0 0 0 0 0 1 0 0 0 1]
 [0 0 0 0 0 0 0 1 0 0]
 [0 0 0 1 0 1 0 0 1 0]
 [0 0 0 0 0 0 0 0 0 1]
 [0 0 0 0 0 0 0 0 0 0]
 [0 0 0 0 0 0 0 0 0 0]
 [0 0 0 0 0 0 1 0 0 0]
 [0 0 0 0 0 0 0 0 0 0]
 [0 1 0 0 1 0 0 0 0 0]
 [0 0 0 1 0 0 0 0 0 0]
 [0 0 0 0 1 0 0 0 1 0]
 [1 0 0 0 1 0 0 0 0 0]
 [0 0 0 0 0 0 0 0 1 0]
 [0 0 0 0 0 0 0 0 0 0]
 [0 0 0 0 0 0 0 0 0 0]
 [1 0 0 1 0 0 0 0 0 0]
 [0 0 0 0 0 0 0 0 0 0]
 [0 0 0 0 1 1 0 0 0 0]
 [0 0 0 0 0 0 0 0 0 0]
 [0 0 0 0 0 0 0 0 0 1]
 [1 0 0 0 1 0 0 0 1 0]
 [0 0 0 0 0 0 1 0 0 0]
 [0 0 0 0 0 0 0 0 1 0]
 [0 0 0 0 0 0 0 0 0 0]
 [0 0 0 0 0 0 0 0 0 0]
 [0 1 0 0 0 0 0 0 0 0]
 [0 0 1 1 0 0 0 0 0 0]
 [0 0 0 1 0 0 1 0 0 0]
 [0 0 0 0 0 0 0 0 0 0]]
branch at 2
runtime for solving id of Q is 0.003767105983570218
Simulation results:
{'J': 50, 'K': 10, 'N': 10, 'p': 0.1, 'seed': 89, 'sim': 5, 'runtime': 0.003767105983570218, 'identifiable': 0, 'branch': 2}
6
Q: [[0 0 0 0 0 0 0 0 0 0]
 [0 0 0 0 0 0 0 0 0 0]
 [0 0 0 0 1 0 0 1 0 0]
 [0 0 0 0 1 0 0 0 0 0]
 [0 0 0 0 0 0 0 0 0 0]
 [0 0 1 0 0 1 0 0 1 0]
 [0 0 1 0 0 0 0 1 0 0]
 [0 0 0 0 0 0 1 0 1 0]
 [0 0 0 0 0 0 1 0 0 0]
 [1 0 0 0 0 1 0 0 0 0]
 [0 0 0 0 0 0 0 0 0 0]
 [0 0 0 0 0 0 0 0 0 0]
 [0 0 0 0 1 0 0 0 0 1]
 [0 0 0 0 0 0 0 1 0 0]
 [0 0 0 1 0 0 0 0 0 0]
 [0 0 0 0 0 0 0 0 0 0]
 [0 0 0 0 0 0 0 0 0 0]
 [0 0 0 0 0 0 0 0 0 0]
 [0 0 1 0 0 0 0 1 0 0]
 [0 0 0 0 0 0 0 0 0 0]
 [0 0 0 0 0 0 0 0 0 0]
 [0 0 0 0 0 0 0 0 0 0]
 [0 0 0 0 0 0 0 1 0 0]
 [0 0 0 0 0 0 0 1 1 1]
 [0 0 0 0 0 1 0 0 0 0]
 [0 0 0 0 0 0 0 0 0 0]
 [0 0 0 0 0 0 0 0 0 0]
 [0 0 0 0 0 0 0 1 0 1]
 [0 0 0 0 0 0 0 0 0 0]
 [1 0 0 0 0 0 0 0 0 0]
 [0 0 0 0 1 0 0 0 0 0]
 [0 0 0 1 0 0 0 0 0 0]
 [0 0 0 0 0 0 0 0 0 0]
 [1 0 0 0 0 0 0 0 0 0]
 [0 0 0 0 0 0 0 0 0 0]
 [0 1 0 0 0 1 0 0 0 0]
 [0 0 0 0 0 0 0 0 0 1]
 [1 0 1 1 1 0 0 0 0 0]
 [0 0 0 0 0 0 0 0 0 0]
 [0 0 0 0 0 0 0 0 0 0]
 [1 0 1 0 0 0 0 0 0 0]
 [1 0 0 0 0 0 0 0 0 0]
 [0 0 0 0 0 0 0 0 0 0]
 [0 0 0 0 0 0 0 0 0 0]
 [0 0 0 0 0 0 0 0 0 0]
 [0 0 0 0 0 0 0 0 0 0]
 [0 0 0 0 0 0 0 0 0 0]
 [0 1 0 0 0 0 0 0 0 0]
 [0 0 0 0 0 0 0 0 0 0]
 [0 0 0 0 0 0 0 0 0 0]]
{'restarts': 1, 'conflicts': 48, 'decisions': 139, 'propagations': 37738}
Q is identifiable
branch at 6
runtime for solving id of Q is 0.17827767808921635
Simulation results:
{'J': 50, 'K': 10, 'N': 10, 'p': 0.1, 'seed': 89, 'sim': 6, 'runtime': 0.17827767808921635, 'identifiable': 1, 'branch': 6}
7
Q: [[0 0 0 0 0 0 0 0 0 0]
 [0 0 0 0 0 0 0 0 0 1]
 [0 0 0 0 0 0 0 0 0 0]
 [0 0 0 0 0 0 0 0 0 0]
 [0 0 0 0 0 0 0 0 0 0]
 [0 0 0 0 0 0 0 0 0 0]
 [0 0 0 0 0 0 0 0 0 0]
 [0 0 0 0 0 0 0 0 0 0]
 [0 0 0 0 0 0 1 0 0 0]
 [1 0 0 0 0 0 0 0 0 0]
 [0 0 0 0 0 0 0 0 0 0]
 [0 0 0 0 0 0 0 0 0 1]
 [0 0 0 0 0 0 0 0 0 0]
 [0 0 0 0 0 0 0 0 0 0]
 [0 1 0 0 0 0 0 1 1 1]
 [0 0 0 0 0 0 0 0 0 0]
 [0 1 0 0 0 0 0 0 0 0]
 [0 0 0 0 0 0 0 0 0 1]
 [1 0 0 0 0 0 0 0 0 1]
 [0 0 0 1 0 0 0 0 0 1]
 [0 0 0 1 0 0 0 0 0 0]
 [1 0 0 0 0 0 0 0 0 0]
 [0 1 0 0 0 0 0 1 1 0]
 [0 0 0 0 0 0 1 0 0 1]
 [0 0 0 0 0 0 0 0 0 0]
 [0 0 0 0 0 1 0 0 0 0]
 [0 1 0 0 0 0 0 1 0 0]
 [0 0 0 0 0 0 0 0 0 0]
 [1 0 0 0 1 0 0 0 0 0]
 [0 0 0 0 0 0 1 0 0 0]
 [0 0 0 0 0 0 1 0 0 0]
 [0 0 0 1 0 0 0 1 0 0]
 [0 0 0 0 1 0 0 0 0 0]
 [0 0 1 0 0 0 0 1 0 0]
 [0 0 0 0 0 0 0 0 0 0]
 [0 1 0 1 0 1 0 0 0 0]
 [0 0 0 0 0 1 0 0 1 0]
 [1 0 0 0 1 0 1 0 0 0]
 [0 0 0 0 0 0 0 0 0 0]
 [0 0 0 0 0 0 0 0 0 1]
 [0 0 0 0 0 0 1 0 0 0]
 [0 0 0 0 0 0 0 0 0 0]
 [0 0 0 0 0 0 0 0 0 0]
 [0 0 0 0 0 0 0 0 0 0]
 [0 0 0 0 0 1 0 1 0 0]
 [0 0 0 0 1 0 0 1 0 1]
 [0 0 0 0 0 0 0 0 0 0]
 [0 0 0 0 0 0 0 0 0 0]
 [1 0 0 0 0 1 0 0 0 0]
 [0 0 0 0 0 0 1 0 0 0]]
Q is not identifiable (two-column submatrix not identifiable).
Q is not identifiable, and Q_bar is [[0 0 0 0 0 0 0 0 0 0]
 [0 0 0 0 0 0 0 0 0 1]
 [0 0 0 0 0 0 0 0 0 0]
 [0 0 0 0 0 0 0 0 0 0]
 [0 0 0 0 0 0 0 0 0 0]
 [0 0 0 0 0 0 0 0 0 0]
 [0 0 0 0 0 0 0 0 0 0]
 [0 0 0 0 0 0 0 0 0 0]
 [0 0 0 0 0 0 1 0 0 0]
 [1 0 0 0 0 0 0 0 0 0]
 [0 0 0 0 0 0 0 0 0 0]
 [0 0 0 0 0 0 0 0 0 1]
 [0 0 0 0 0 0 0 0 0 0]
 [0 0 0 0 0 0 0 0 0 0]
 [0 1 0 0 0 0 0 1 1 1]
 [0 0 0 0 0 0 0 0 0 0]
 [0 1 0 0 0 0 0 0 0 0]
 [0 0 0 0 0 0 0 0 0 1]
 [1 0 0 0 0 0 0 0 0 1]
 [0 0 0 1 0 0 0 0 0 1]
 [0 0 0 1 0 0 0 0 0 0]
 [1 0 0 0 0 0 0 0 0 0]
 [0 1 0 0 0 0 0 1 1 0]
 [0 0 0 0 0 0 1 0 0 1]
 [0 0 0 0 0 0 0 0 0 0]
 [0 0 0 0 0 1 0 0 0 0]
 [0 1 0 0 0 0 0 1 0 0]
 [0 0 0 0 0 0 0 0 0 0]
 [1 0 0 0 1 0 0 0 0 0]
 [0 0 0 0 0 0 1 0 0 0]
 [0 0 0 0 0 0 1 0 0 0]
 [0 0 0 1 0 0 0 1 0 0]
 [0 0 0 0 1 0 0 0 0 0]
 [0 0 1 0 0 0 0 0 0 0]
 [0 0 0 0 0 0 0 0 0 0]
 [0 1 0 1 0 1 0 0 0 0]
 [0 0 0 0 0 1 0 0 1 0]
 [1 0 0 0 1 0 1 0 0 0]
 [0 0 0 0 0 0 0 0 0 0]
 [0 0 0 0 0 0 0 0 0 1]
 [0 0 0 0 0 0 1 0 0 0]
 [0 0 0 0 0 0 0 0 0 0]
 [0 0 0 0 0 0 0 0 0 0]
 [0 0 0 0 0 0 0 0 0 0]
 [0 0 0 0 0 1 0 1 0 0]
 [0 0 0 0 1 0 0 1 0 1]
 [0 0 0 0 0 0 0 0 0 0]
 [0 0 0 0 0 0 0 0 0 0]
 [1 0 0 0 0 1 0 0 0 0]
 [0 0 0 0 0 0 1 0 0 0]]
branch at 2
runtime for solving id of Q is 0.0029269219376146793
Simulation results:
{'J': 50, 'K': 10, 'N': 10, 'p': 0.1, 'seed': 89, 'sim': 7, 'runtime': 0.0029269219376146793, 'identifiable': 0, 'branch': 2}
8
Q: [[0 0 1 1 0 1 0 0 1 0]
 [0 0 1 0 0 0 0 0 0 0]
 [0 0 0 0 0 0 0 0 0 0]
 [0 0 0 0 0 0 0 0 0 0]
 [0 0 0 0 0 1 0 1 0 0]
 [0 0 0 0 0 0 0 0 0 0]
 [0 0 0 0 0 0 0 0 0 0]
 [0 0 0 0 0 0 0 0 0 0]
 [0 0 0 0 0 0 0 0 0 0]
 [0 0 0 0 0 0 0 0 0 0]
 [0 0 0 0 0 1 0 0 0 0]
 [0 0 0 0 0 0 0 0 0 0]
 [0 0 0 0 0 0 1 0 0 0]
 [0 0 0 0 0 0 0 0 0 0]
 [0 0 0 0 0 0 0 0 0 0]
 [0 0 0 1 1 0 0 0 0 0]
 [0 0 0 0 0 0 0 0 0 0]
 [0 0 0 0 0 0 1 1 0 0]
 [0 0 0 0 0 0 0 0 0 1]
 [0 0 0 0 0 0 0 0 0 0]
 [0 0 0 0 0 0 0 0 0 0]
 [0 0 0 1 0 0 0 0 0 0]
 [0 0 0 0 0 0 0 0 0 0]
 [0 0 0 0 0 0 0 0 0 1]
 [0 0 0 0 0 0 0 1 0 0]
 [0 0 0 0 0 0 1 0 0 0]
 [1 0 1 0 0 0 0 0 0 0]
 [1 0 0 0 1 0 0 0 0 1]
 [1 0 0 0 0 0 0 0 0 0]
 [0 0 0 1 0 0 0 0 0 0]
 [0 0 0 0 0 0 0 1 0 0]
 [0 0 0 0 0 0 0 0 0 0]
 [0 0 0 0 0 0 0 0 0 1]
 [0 0 0 0 0 0 0 0 0 0]
 [0 0 0 0 0 1 0 0 0 0]
 [0 0 0 0 0 0 0 0 0 0]
 [0 0 0 0 0 0 0 0 1 0]
 [0 0 0 0 0 0 0 0 0 0]
 [0 0 0 0 0 0 0 0 0 0]
 [0 0 1 0 0 0 0 0 0 0]
 [0 0 0 0 0 0 0 0 0 0]
 [0 0 0 0 0 0 0 0 0 0]
 [0 0 0 0 0 1 0 0 1 0]
 [0 1 0 1 0 0 0 0 0 0]
 [0 1 0 0 0 1 0 0 0 0]
 [0 0 0 0 0 0 0 0 0 0]
 [0 0 0 0 1 0 0 0 0 0]
 [0 0 0 0 0 0 0 0 0 1]
 [0 0 0 0 0 0 0 0 0 1]
 [0 0 0 0 0 0 0 0 0 0]]
{'restarts': 1, 'conflicts': 27, 'decisions': 64, 'propagations': 32214}
Q is identifiable
branch at 6
runtime for solving id of Q is 0.16203345102258027
Simulation results:
{'J': 50, 'K': 10, 'N': 10, 'p': 0.1, 'seed': 89, 'sim': 8, 'runtime': 0.16203345102258027, 'identifiable': 1, 'branch': 6}
9
Q: [[0 0 0 0 0 0 0 0 0 1]
 [0 0 0 0 0 1 0 0 0 0]
 [1 0 0 0 0 0 0 1 0 0]
 [0 0 1 0 0 0 1 0 0 0]
 [0 0 0 0 0 0 0 1 0 1]
 [1 0 0 0 0 1 0 0 0 0]
 [0 0 0 1 0 1 0 0 0 0]
 [0 0 0 0 0 0 1 1 0 0]
 [0 0 0 0 0 0 0 0 0 0]
 [0 0 1 0 0 0 0 0 1 0]
 [0 0 0 0 0 0 0 0 0 0]
 [0 0 0 0 0 1 0 0 0 0]
 [0 0 0 0 0 0 0 0 0 0]
 [0 0 0 0 0 0 0 1 0 0]
 [0 0 1 0 0 1 0 0 0 0]
 [0 0 0 0 0 0 0 0 0 0]
 [0 0 0 0 0 0 0 0 0 0]
 [0 1 1 0 0 0 0 0 0 0]
 [0 0 0 0 0 0 0 0 0 0]
 [0 0 0 0 0 0 0 0 0 0]
 [1 0 0 0 0 0 0 0 0 0]
 [0 1 0 0 0 1 0 0 1 0]
 [0 0 0 0 0 0 0 0 0 0]
 [1 0 0 0 0 0 0 0 0 0]
 [0 0 0 0 0 0 0 0 0 0]
 [0 0 0 0 0 0 0 0 0 0]
 [0 0 0 0 1 0 0 0 0 0]
 [0 0 0 0 0 0 0 0 0 0]
 [0 0 0 0 0 0 0 0 0 0]
 [0 0 0 0 0 0 1 0 1 0]
 [0 0 0 1 1 0 0 0 0 0]
 [0 0 0 0 0 0 0 0 0 0]
 [0 0 0 0 0 0 0 0 0 0]
 [0 0 0 0 0 1 0 0 0 0]
 [0 0 0 1 0 0 0 0 0 0]
 [0 0 0 0 1 0 0 0 0 0]
 [0 1 0 0 0 0 0 0 1 0]
 [0 0 0 0 0 0 0 0 0 0]
 [1 1 0 0 0 0 0 0 0 0]
 [0 0 0 0 0 0 0 1 0 0]
 [0 1 0 1 0 0 0 0 1 0]
 [0 0 0 0 0 0 0 0 0 0]
 [0 1 0 0 0 0 0 0 0 0]
 [0 0 1 1 0 0 0 0 0 0]
 [0 0 0 0 0 0 0 0 0 1]
 [0 0 0 0 0 0 0 0 0 0]
 [0 0 0 1 0 0 0 0 0 0]
 [0 0 0 0 0 0 0 1 0 0]
 [0 0 0 0 0 0 0 0 0 0]
 [0 0 0 0 0 1 0 0 0 0]]
{'restarts': 1, 'conflicts': 66, 'decisions': 218, 'propagations': 68351}
Q is identifiable
branch at 6
runtime for solving id of Q is 0.1921575078740716
Simulation results:
{'J': 50, 'K': 10, 'N': 10, 'p': 0.1, 'seed': 89, 'sim': 9, 'runtime': 0.1921575078740716, 'identifiable': 1, 'branch': 6}
Simulation results:
[{'J': 50, 'K': 10, 'N': 10, 'p': 0.1, 'seed': 89, 'sim': 0, 'runtime': 0.19991545099765062, 'identifiable': 1, 'branch': 6}, {'J': 50, 'K': 10, 'N': 10, 'p': 0.1, 'seed': 89, 'sim': 1, 'runtime': 0.0036673180293291807, 'identifiable': 1, 'branch': 4}, {'J': 50, 'K': 10, 'N': 10, 'p': 0.1, 'seed': 89, 'sim': 2, 'runtime': 0.0024516500998288393, 'identifiable': 0, 'branch': 2}, {'J': 50, 'K': 10, 'N': 10, 'p': 0.1, 'seed': 89, 'sim': 3, 'runtime': 0.003513819072395563, 'identifiable': 1, 'branch': 4}, {'J': 50, 'K': 10, 'N': 10, 'p': 0.1, 'seed': 89, 'sim': 4, 'runtime': 0.1313117598183453, 'identifiable': 1, 'branch': 6}, {'J': 50, 'K': 10, 'N': 10, 'p': 0.1, 'seed': 89, 'sim': 5, 'runtime': 0.003767105983570218, 'identifiable': 0, 'branch': 2}, {'J': 50, 'K': 10, 'N': 10, 'p': 0.1, 'seed': 89, 'sim': 6, 'runtime': 0.17827767808921635, 'identifiable': 1, 'branch': 6}, {'J': 50, 'K': 10, 'N': 10, 'p': 0.1, 'seed': 89, 'sim': 7, 'runtime': 0.0029269219376146793, 'identifiable': 0, 'branch': 2}, {'J': 50, 'K': 10, 'N': 10, 'p': 0.1, 'seed': 89, 'sim': 8, 'runtime': 0.16203345102258027, 'identifiable': 1, 'branch': 6}, {'J': 50, 'K': 10, 'N': 10, 'p': 0.1, 'seed': 89, 'sim': 9, 'runtime': 0.1921575078740716, 'identifiable': 1, 'branch': 6}]
