
The Gurobi software has a limited number of licenses. To request a license or
licenses, add this line

    #SBATCH --licenses=gurobi@slurmdb:1

to your SBATCH script, replacing N with the number of licenses you need. Gurobi
will need one license per process.


0
Q: [[0 1 1 0 1 1 1 0 1 0]
 [0 0 0 0 1 0 0 1 0 0]
 [1 0 1 0 1 1 1 1 1 0]
 [1 0 0 1 1 1 1 0 0 1]
 [1 0 0 0 0 0 0 1 0 1]
 [1 0 0 1 0 1 0 0 1 1]
 [1 0 1 0 1 1 0 1 0 0]
 [1 1 1 1 0 0 0 1 1 1]
 [1 1 1 0 0 1 1 0 0 1]
 [1 0 1 1 0 1 1 0 1 1]
 [1 1 0 0 1 1 0 0 0 1]
 [0 0 0 1 0 0 1 0 0 1]
 [1 1 0 0 0 0 1 1 1 0]
 [1 1 0 1 0 1 1 0 0 1]
 [1 0 0 0 1 1 1 1 0 1]
 [1 0 1 1 0 0 1 0 0 1]
 [0 0 0 1 0 0 1 1 1 1]
 [1 0 1 1 0 1 0 1 1 0]
 [1 1 1 0 1 1 0 0 0 1]
 [1 1 0 1 0 0 0 1 0 1]
 [1 1 0 1 1 1 1 0 1 0]
 [1 0 1 0 1 0 1 0 0 0]
 [1 0 0 0 1 1 0 1 0 1]
 [1 1 0 0 1 0 1 0 0 1]
 [1 0 1 0 0 1 1 0 0 0]
 [1 0 1 0 1 1 0 1 0 0]
 [1 1 1 0 0 0 0 0 1 0]
 [1 0 0 0 1 0 0 1 1 1]
 [0 0 1 1 0 1 1 1 0 0]
 [1 1 0 1 1 1 1 0 1 0]
 [1 0 0 1 1 1 0 0 1 0]
 [1 0 0 1 1 1 0 1 1 1]
 [0 1 1 0 1 1 0 1 0 1]
 [1 1 1 0 0 0 0 0 0 1]
 [0 1 1 1 1 0 0 1 0 1]
 [0 1 1 0 1 1 0 0 1 0]
 [0 0 0 0 0 1 0 0 1 1]
 [0 1 1 0 0 1 0 1 0 0]
 [1 0 1 0 1 0 1 1 1 0]
 [1 1 1 1 0 0 1 0 0 0]
 [0 0 1 1 1 0 1 1 1 1]
 [1 1 1 0 1 1 1 1 1 1]
 [1 1 0 1 0 1 0 1 0 0]
 [1 1 1 1 0 0 1 1 0 1]
 [1 0 0 1 1 1 1 0 0 0]
 [1 1 1 1 0 0 1 1 0 0]
 [0 0 0 1 1 0 1 1 1 1]
 [0 1 0 1 0 1 1 0 0 0]
 [0 1 0 1 1 1 1 0 0 1]
 [0 1 1 1 1 1 1 0 0 1]]
{'restarts': 3, 'conflicts': 718, 'decisions': 2544, 'propagations': 4295521}
Q is identifiable
branch at 6
runtime for solving id of Q is 1.543769758194685
Simulation results:
{'J': 50, 'K': 10, 'N': 10, 'p': 0.5, 'seed': 47, 'sim': 0, 'runtime': 1.543769758194685, 'identifiable': True, 'branch': 6}
1
Q: [[0 1 0 1 1 1 1 0 1 1]
 [0 1 0 0 0 0 0 1 1 0]
 [1 0 0 1 0 1 1 1 0 0]
 [1 1 0 0 0 0 1 0 0 1]
 [1 1 1 0 1 1 1 1 1 0]
 [0 0 0 1 0 0 0 0 1 1]
 [0 1 0 1 0 1 0 1 1 1]
 [0 0 1 0 1 1 1 0 1 1]
 [0 1 0 1 0 0 0 1 0 0]
 [1 0 1 1 1 0 1 0 0 0]
 [0 0 0 1 1 1 1 0 0 1]
 [0 1 0 0 0 1 0 1 0 1]
 [1 1 0 1 0 1 1 0 0 0]
 [0 0 1 1 0 1 0 0 0 1]
 [1 1 0 1 1 0 0 1 0 0]
 [1 1 1 0 0 1 1 1 0 0]
 [0 0 0 1 1 0 1 1 0 0]
 [0 0 1 1 0 0 0 1 0 0]
 [0 0 1 1 0 0 1 0 1 0]
 [1 0 0 1 1 1 0 1 0 0]
 [1 0 0 1 1 1 0 1 1 0]
 [1 0 1 0 1 0 0 0 0 1]
 [1 0 1 0 1 0 0 1 0 1]
 [0 1 0 1 1 0 0 1 0 1]
 [1 1 0 1 1 1 0 1 1 1]
 [0 0 1 0 1 0 0 1 0 1]
 [0 1 0 1 1 1 1 1 0 0]
 [0 1 0 1 0 1 1 1 1 0]
 [0 0 0 0 0 1 0 1 1 0]
 [0 0 1 0 1 1 0 0 0 0]
 [0 0 0 0 0 0 0 0 1 1]
 [1 0 0 0 1 0 0 1 0 1]
 [0 0 0 0 0 1 1 0 1 0]
 [1 1 1 1 1 0 0 0 0 1]
 [1 1 0 1 0 0 1 1 0 0]
 [1 1 0 0 1 0 1 1 0 0]
 [1 1 1 0 0 1 1 1 0 0]
 [1 1 1 1 1 0 1 0 1 0]
 [0 0 1 0 0 0 1 1 0 1]
 [1 0 1 1 0 1 1 0 0 1]
 [0 1 0 0 1 1 0 1 1 1]
 [1 0 0 0 1 0 1 0 0 1]
 [0 0 1 1 1 1 0 0 0 0]
 [1 1 1 0 0 0 1 1 0 1]
 [1 1 1 0 0 0 1 1 1 1]
 [0 0 0 1 1 1 1 0 1 0]
 [1 1 0 0 0 0 0 0 1 0]
 [0 0 1 1 0 0 1 0 0 1]
 [1 1 0 1 1 0 1 1 0 1]
 [1 1 1 0 0 0 0 1 1 0]]
{'restarts': 1, 'conflicts': 476, 'decisions': 1522, 'propagations': 3030775}
Q is identifiable
branch at 6
runtime for solving id of Q is 2.0620380081236362
Simulation results:
{'J': 50, 'K': 10, 'N': 10, 'p': 0.5, 'seed': 47, 'sim': 1, 'runtime': 2.0620380081236362, 'identifiable': True, 'branch': 6}
2
Q: [[0 1 0 1 0 1 1 1 1 1]
 [1 1 1 1 1 1 1 1 0 1]
 [1 0 0 0 1 1 0 1 0 0]
 [1 0 1 0 0 0 1 0 0 0]
 [0 0 0 1 0 0 1 1 1 0]
 [0 0 0 1 0 0 0 0 0 0]
 [0 0 0 0 1 0 1 0 1 1]
 [0 1 1 0 0 0 1 1 0 0]
 [1 1 0 1 0 1 1 1 1 0]
 [1 0 0 0 1 1 1 0 0 0]
 [0 1 1 1 1 0 1 1 1 1]
 [0 0 1 1 0 0 1 1 1 1]
 [0 0 0 0 1 0 1 0 1 0]
 [1 1 1 0 0 0 0 1 0 1]
 [0 1 1 1 1 0 0 1 0 0]
 [1 1 0 1 0 0 1 1 0 1]
 [1 0 1 0 0 1 0 0 1 0]
 [1 1 0 0 0 1 1 1 1 0]
 [0 1 1 0 0 0 0 0 1 0]
 [1 1 0 0 1 1 1 0 1 1]
 [0 0 1 0 1 0 0 1 0 0]
 [1 0 1 0 0 1 1 0 0 0]
 [1 1 1 0 0 0 1 0 1 1]
 [1 0 1 1 0 1 1 0 1 0]
 [1 1 1 1 1 1 0 0 1 0]
 [1 0 0 0 0 0 1 0 0 1]
 [0 0 0 1 0 1 0 1 0 0]
 [0 0 1 0 0 0 1 0 0 1]
 [0 1 0 1 0 1 1 0 1 0]
 [0 0 0 0 1 0 1 1 0 0]
 [0 1 1 1 0 0 1 1 1 0]
 [1 1 1 1 1 1 0 0 0 1]
 [0 0 0 1 1 1 1 1 1 0]
 [1 1 0 0 1 0 0 1 0 0]
 [0 1 0 0 1 0 1 0 0 1]
 [1 1 0 0 0 0 0 0 0 1]
 [0 1 1 1 0 1 1 0 0 1]
 [1 0 0 0 1 1 0 0 1 0]
 [1 0 0 0 0 0 1 0 1 1]
 [1 1 1 0 0 1 1 1 1 0]
 [0 1 0 0 0 1 0 1 0 0]
 [1 1 0 0 1 1 0 0 1 0]
 [0 1 1 1 1 1 0 1 1 1]
 [1 1 0 1 0 1 1 1 1 1]
 [0 0 0 0 0 0 0 1 0 0]
 [1 0 0 0 0 1 0 1 1 1]
 [1 1 1 0 1 1 0 0 0 0]
 [1 1 1 1 1 0 0 1 0 0]
 [1 0 0 1 0 0 0 1 1 0]
 [0 0 0 0 1 0 0 1 0 0]]
{'restarts': 1, 'conflicts': 244, 'decisions': 1018, 'propagations': 1688054}
Q is identifiable
branch at 6
runtime for solving id of Q is 2.2307847514748573
Simulation results:
{'J': 50, 'K': 10, 'N': 10, 'p': 0.5, 'seed': 47, 'sim': 2, 'runtime': 2.2307847514748573, 'identifiable': True, 'branch': 6}
3
Q: [[0 1 1 0 1 1 1 0 0 0]
 [1 0 0 1 0 1 0 0 0 0]
 [1 0 1 0 0 1 1 1 1 0]
 [0 0 1 0 1 0 1 0 0 1]
 [0 1 0 1 0 1 1 0 0 1]
 [0 1 0 0 0 0 1 1 0 1]
 [1 0 0 0 1 1 0 0 0 1]
 [1 0 0 1 0 0 0 1 0 0]
 [0 1 0 0 1 1 1 1 1 1]
 [1 0 1 0 0 0 0 1 0 1]
 [1 1 0 1 0 1 1 1 0 0]
 [1 0 0 0 1 0 1 1 0 0]
 [1 0 0 1 0 1 0 1 0 1]
 [0 1 0 1 1 1 0 0 0 1]
 [1 0 0 1 1 0 1 1 0 1]
 [1 0 1 0 0 1 1 1 0 1]
 [1 0 0 0 1 1 0 1 0 1]
 [1 1 1 0 1 1 0 0 0 0]
 [0 0 0 1 1 0 1 1 0 1]
 [1 1 0 0 1 0 1 1 0 0]
 [0 0 1 1 0 0 1 0 1 1]
 [1 0 0 1 0 1 0 1 0 1]
 [1 0 0 0 1 1 1 0 1 1]
 [1 1 0 1 1 0 0 1 0 1]
 [0 1 0 1 1 0 1 0 1 1]
 [1 1 1 0 1 1 1 0 1 1]
 [1 1 1 0 1 0 1 0 1 1]
 [1 1 1 0 1 0 1 0 0 0]
 [1 1 1 1 0 1 1 0 1 1]
 [0 1 0 0 1 0 0 1 1 1]
 [1 0 1 0 1 1 1 1 0 0]
 [0 1 1 1 1 0 0 1 1 0]
 [1 1 0 0 0 0 1 0 0 0]
 [0 0 0 1 1 1 0 1 1 1]
 [1 0 1 1 0 0 1 0 1 1]
 [1 0 1 1 1 1 0 0 1 0]
 [1 1 0 1 1 0 1 0 1 1]
 [1 1 1 1 0 1 0 1 0 0]
 [1 0 0 0 1 0 0 1 1 1]
 [0 0 0 0 0 0 1 0 1 0]
 [0 1 0 1 1 1 0 0 0 0]
 [0 0 0 0 0 1 1 0 1 0]
 [1 0 0 1 1 1 0 0 1 0]
 [1 1 1 1 0 1 1 0 0 0]
 [0 0 0 1 0 0 0 0 0 1]
 [1 0 1 1 1 1 1 1 1 1]
 [0 1 1 1 1 1 1 1 0 0]
 [0 1 0 0 0 1 0 0 1 0]
 [1 1 1 1 1 1 1 1 1 0]
 [0 0 0 1 1 1 1 0 1 1]]
{'restarts': 2, 'conflicts': 831, 'decisions': 2487, 'propagations': 4811836}
Q is identifiable
branch at 6
runtime for solving id of Q is 1.768817400559783
Simulation results:
{'J': 50, 'K': 10, 'N': 10, 'p': 0.5, 'seed': 47, 'sim': 3, 'runtime': 1.768817400559783, 'identifiable': True, 'branch': 6}
4
Q: [[0 1 1 0 1 1 1 0 0 0]
 [1 0 1 1 0 0 0 0 1 0]
 [1 0 0 1 1 0 0 1 0 0]
 [1 0 0 0 1 0 1 1 1 0]
 [0 0 0 0 0 0 0 1 1 0]
 [1 0 0 1 1 0 0 0 0 1]
 [1 0 1 0 1 0 1 0 1 1]
 [0 1 0 0 0 1 0 1 1 0]
 [0 0 0 0 0 1 0 1 1 1]
 [1 0 1 1 1 0 0 1 0 0]
 [0 1 1 1 0 1 1 1 1 0]
 [1 1 1 1 0 1 0 0 1 1]
 [0 0 1 0 1 0 1 0 0 0]
 [0 0 0 0 1 1 1 0 1 1]
 [1 0 0 0 0 1 0 1 1 1]
 [1 1 1 0 1 1 0 0 0 1]
 [0 1 0 1 1 1 1 0 0 1]
 [0 1 1 1 1 0 0 1 0 1]
 [1 1 0 1 1 0 0 0 0 1]
 [1 1 0 1 1 1 0 0 0 0]
 [0 1 0 1 1 0 0 1 0 0]
 [1 1 0 1 1 0 1 0 1 1]
 [1 0 0 1 1 1 0 1 1 1]
 [0 1 1 0 1 1 0 0 0 0]
 [1 1 0 0 1 1 1 0 0 0]
 [0 1 0 0 1 1 1 0 1 1]
 [0 1 0 1 0 1 0 0 1 0]
 [1 1 1 0 1 1 1 1 1 1]
 [0 1 1 1 1 1 1 1 0 0]
 [1 0 1 0 0 0 1 0 0 1]
 [1 0 0 0 1 1 1 1 1 0]
 [1 1 0 0 0 0 0 1 0 1]
 [1 1 0 0 0 0 0 0 1 1]
 [0 1 0 1 0 0 0 1 1 1]
 [0 0 1 0 0 1 1 1 0 0]
 [1 1 0 1 1 1 1 0 1 1]
 [0 1 0 0 1 0 0 0 0 1]
 [1 1 1 0 1 0 1 0 0 1]
 [1 1 0 0 1 0 0 1 0 1]
 [1 0 1 1 0 1 0 1 1 0]
 [1 0 0 0 1 1 0 0 0 1]
 [1 1 0 1 0 1 0 1 0 0]
 [1 1 0 1 0 0 0 0 1 1]
 [1 1 1 0 0 1 1 0 1 1]
 [0 0 1 1 1 0 0 1 1 0]
 [1 1 1 1 0 0 1 1 1 1]
 [0 1 1 0 0 0 0 1 1 0]
 [1 1 1 0 0 0 0 0 1 0]
 [1 0 1 0 0 1 1 1 0 1]
 [0 0 1 1 0 1 1 1 1 1]]
{'restarts': 1, 'conflicts': 746, 'decisions': 2836, 'propagations': 4581629}
Q is identifiable
branch at 6
runtime for solving id of Q is 1.6806633472442627
Simulation results:
{'J': 50, 'K': 10, 'N': 10, 'p': 0.5, 'seed': 47, 'sim': 4, 'runtime': 1.6806633472442627, 'identifiable': True, 'branch': 6}
5
Q: [[0 1 0 0 1 1 0 1 0 0]
 [0 0 1 1 1 0 0 1 1 0]
 [1 0 1 1 0 0 0 0 1 0]
 [0 1 1 1 1 1 1 1 1 1]
 [1 0 0 0 0 1 0 1 1 0]
 [0 0 1 0 1 0 0 1 1 1]
 [0 1 1 0 1 0 1 0 0 0]
 [0 0 0 1 0 0 0 0 0 0]
 [1 0 1 1 0 1 1 0 1 1]
 [0 0 0 1 0 1 0 0 1 0]
 [1 1 1 1 0 1 1 0 1 0]
 [0 0 1 0 0 1 1 0 1 1]
 [1 1 0 1 1 0 1 0 1 0]
 [0 0 1 0 1 1 1 0 1 0]
 [1 0 1 1 1 1 1 1 1 1]
 [1 0 0 1 0 0 1 0 1 0]
 [0 1 1 1 1 0 1 0 0 0]
 [0 0 0 0 0 1 0 0 0 1]
 [0 0 1 0 0 0 1 1 1 1]
 [0 0 0 1 1 0 1 1 1 1]
 [0 1 0 0 1 1 1 1 1 1]
 [0 0 0 0 1 0 0 1 0 0]
 [0 1 1 1 0 0 0 1 1 0]
 [0 1 1 0 1 1 1 1 0 1]
 [0 1 1 1 1 0 0 0 1 1]
 [0 0 0 1 1 1 1 0 0 1]
 [0 0 1 1 0 1 0 0 1 1]
 [0 1 1 1 1 0 0 0 0 1]
 [0 0 0 0 0 0 0 1 1 1]
 [0 0 1 0 0 1 0 0 0 0]
 [0 1 0 0 0 0 1 1 0 1]
 [1 0 1 1 0 0 1 0 0 1]
 [1 1 1 0 1 0 1 0 1 1]
 [1 0 0 0 1 1 1 1 0 0]
 [0 1 0 1 0 1 1 1 0 0]
 [0 1 0 0 0 1 1 1 1 1]
 [0 0 1 1 1 1 1 0 0 0]
 [1 0 0 1 1 1 0 0 0 1]
 [1 1 0 1 0 0 1 0 0 0]
 [0 0 1 0 1 0 0 0 0 0]
 [1 1 0 0 1 1 0 1 1 1]
 [1 0 0 0 0 0 0 1 0 1]
 [1 0 0 1 0 0 1 1 0 1]
 [0 0 1 0 0 0 1 1 0 1]
 [0 1 0 0 0 0 1 1 1 0]
 [0 0 0 0 0 0 0 1 1 1]
 [1 1 0 0 0 1 0 0 1 1]
 [0 1 0 0 0 1 1 1 0 1]
 [1 1 0 1 1 0 0 0 0 0]
 [0 1 0 0 0 0 0 0 0 1]]
{'restarts': 1, 'conflicts': 314, 'decisions': 1224, 'propagations': 2731515}
Q is identifiable
branch at 6
runtime for solving id of Q is 2.2508609369397163
Simulation results:
{'J': 50, 'K': 10, 'N': 10, 'p': 0.5, 'seed': 47, 'sim': 5, 'runtime': 2.2508609369397163, 'identifiable': True, 'branch': 6}
6
Q: [[0 0 1 0 1 1 0 0 1 1]
 [0 0 0 1 0 0 0 0 1 0]
 [1 0 1 1 1 0 1 1 1 0]
 [0 1 0 0 0 0 0 0 1 0]
 [1 1 1 1 1 1 1 0 0 1]
 [0 1 1 0 0 1 1 0 1 0]
 [0 1 1 0 0 1 0 0 1 1]
 [0 1 1 0 1 0 0 1 1 0]
 [0 1 0 0 1 0 1 0 1 0]
 [1 0 0 1 1 0 0 0 0 1]
 [1 0 1 1 1 1 0 1 0 1]
 [1 1 0 0 0 1 0 1 0 0]
 [0 0 1 1 1 1 0 1 1 1]
 [1 0 1 0 0 0 1 1 0 0]
 [1 0 0 0 1 1 1 1 0 1]
 [1 0 0 0 0 1 0 1 1 1]
 [0 1 0 0 1 1 0 0 0 1]
 [1 0 1 0 0 1 1 1 1 0]
 [0 0 0 1 1 0 1 0 0 0]
 [0 1 1 0 0 0 1 0 0 1]
 [0 0 0 1 1 0 0 1 1 1]
 [0 1 1 1 0 1 1 1 0 0]
 [0 0 1 0 1 1 0 1 1 0]
 [1 1 0 0 1 1 1 1 1 0]
 [1 0 0 1 1 1 1 1 1 0]
 [0 1 0 1 1 0 0 1 0 1]
 [0 0 0 1 0 0 1 0 1 0]
 [0 0 0 0 1 0 0 1 0 1]
 [0 0 1 1 1 0 0 1 0 0]
 [0 1 1 0 0 1 1 0 1 1]
 [0 0 1 0 0 1 0 1 0 1]
 [1 1 1 0 0 1 1 0 0 1]
 [0 1 1 1 1 1 1 1 1 1]
 [0 0 0 0 0 1 1 1 0 0]
 [1 1 0 1 1 0 0 0 1 1]
 [1 1 1 0 1 0 0 1 1 1]
 [0 0 1 0 0 0 0 0 0 1]
 [0 1 0 0 0 0 1 1 1 1]
 [0 0 0 1 0 1 0 0 0 0]
 [1 1 1 0 1 0 1 1 1 0]
 [0 0 0 1 0 0 0 0 0 0]
 [1 1 1 0 0 0 0 0 1 0]
 [1 0 1 1 0 1 0 0 0 0]
 [0 1 1 0 0 0 0 0 1 1]
 [0 1 0 1 1 1 1 1 0 0]
 [0 0 1 0 1 0 0 0 1 1]
 [0 0 1 1 1 1 0 1 1 1]
 [1 0 0 1 0 1 0 0 1 0]
 [0 1 1 1 1 0 1 0 1 0]
 [0 1 0 1 1 1 1 0 1 1]]
{'restarts': 1, 'conflicts': 391, 'decisions': 1389, 'propagations': 2972360}
Q is identifiable
branch at 6
runtime for solving id of Q is 2.0875433068722486
Simulation results:
{'J': 50, 'K': 10, 'N': 10, 'p': 0.5, 'seed': 47, 'sim': 6, 'runtime': 2.0875433068722486, 'identifiable': True, 'branch': 6}
7
Q: [[1 0 1 1 0 1 1 0 1 0]
 [1 0 0 0 1 1 1 0 1 0]
 [1 0 1 0 1 1 0 1 1 1]
 [1 0 0 0 1 1 0 1 1 0]
 [0 0 0 1 0 0 0 1 1 0]
 [0 1 0 0 1 1 0 1 1 0]
 [0 1 0 0 1 0 0 1 1 1]
 [0 0 0 1 0 1 0 1 1 1]
 [1 1 1 1 0 0 1 1 0 0]
 [1 0 1 1 1 0 0 0 0 0]
 [0 1 1 1 0 1 0 0 1 1]
 [1 0 0 0 0 1 0 1 0 1]
 [1 1 1 0 1 0 1 0 0 1]
 [1 1 0 0 0 0 1 1 1 0]
 [0 1 0 1 0 1 0 0 0 0]
 [0 0 1 0 0 0 0 0 0 1]
 [1 0 1 1 1 0 1 1 0 1]
 [0 0 1 0 1 0 0 0 0 1]
 [0 1 0 0 0 1 1 1 0 0]
 [1 0 0 1 1 0 0 1 0 0]
 [0 0 0 1 0 0 1 1 0 0]
 [1 0 0 0 0 0 0 0 1 1]
 [0 1 1 0 0 0 1 1 1 0]
 [1 1 1 0 1 1 1 1 0 1]
 [1 0 0 1 0 1 1 1 1 1]
 [0 0 0 1 0 1 1 0 1 1]
 [0 1 1 0 1 1 0 1 1 0]
 [0 1 1 1 0 1 1 0 1 0]
 [0 1 0 0 1 1 1 0 0 0]
 [1 0 0 0 1 1 1 1 1 1]
 [1 0 0 1 0 1 0 0 0 0]
 [1 1 0 1 1 0 1 0 0 1]
 [0 1 1 1 1 0 1 1 1 0]
 [1 1 1 1 1 1 0 1 0 0]
 [1 1 1 0 0 0 1 1 1 1]
 [1 0 1 0 0 0 0 1 0 1]
 [1 0 1 1 1 0 0 1 0 1]
 [0 0 0 1 0 1 0 0 1 1]
 [0 0 1 0 0 0 1 0 1 1]
 [0 0 0 0 0 0 1 0 0 0]
 [1 0 0 1 0 0 0 1 0 1]
 [0 0 0 0 0 1 1 0 1 1]
 [0 0 0 0 1 1 0 0 0 1]
 [1 0 0 1 1 0 0 1 1 1]
 [0 0 0 1 1 0 1 1 0 0]
 [0 1 1 1 1 1 0 0 1 1]
 [0 0 0 1 0 0 1 1 1 1]
 [0 0 1 1 0 0 1 1 1 1]
 [0 0 1 1 1 0 1 1 0 0]
 [0 1 0 0 1 1 0 1 0 0]]
{'restarts': 1, 'conflicts': 441, 'decisions': 1406, 'propagations': 3209949}
Q is identifiable
branch at 6
runtime for solving id of Q is 1.9042784292250872
Simulation results:
{'J': 50, 'K': 10, 'N': 10, 'p': 0.5, 'seed': 47, 'sim': 7, 'runtime': 1.9042784292250872, 'identifiable': True, 'branch': 6}
8
Q: [[0 0 0 1 1 0 1 1 1 0]
 [1 1 0 1 0 1 0 0 1 1]
 [0 0 1 0 0 1 0 0 1 0]
 [1 0 0 0 0 1 1 0 1 1]
 [1 0 1 1 0 0 0 0 0 0]
 [1 1 1 0 1 0 1 0 0 0]
 [0 1 1 0 1 0 0 0 1 0]
 [0 1 1 1 0 0 0 0 0 0]
 [0 0 0 1 0 1 0 0 1 0]
 [0 0 1 0 0 1 0 0 0 0]
 [1 0 0 0 1 1 0 0 1 1]
 [1 0 1 0 0 0 1 1 0 1]
 [1 1 1 0 0 1 0 0 0 0]
 [0 0 0 0 1 1 1 1 0 1]
 [0 1 0 0 0 0 0 1 0 0]
 [1 1 0 0 1 0 0 1 0 1]
 [0 0 1 1 0 1 1 1 1 1]
 [0 1 0 0 1 0 0 0 0 1]
 [1 0 0 1 1 0 0 0 1 0]
 [0 0 0 1 0 0 0 1 0 1]
 [0 0 1 1 1 0 1 0 0 1]
 [0 1 0 1 0 1 1 0 1 0]
 [1 1 1 0 0 0 0 0 1 0]
 [1 1 1 0 1 1 1 1 1 1]
 [1 0 1 0 0 1 1 1 0 1]
 [1 0 0 0 0 1 1 1 1 1]
 [1 1 0 1 0 0 0 0 1 1]
 [1 1 1 0 0 1 1 0 1 1]
 [0 0 0 1 0 0 0 0 0 0]
 [0 1 0 0 0 1 1 0 1 0]
 [0 0 1 0 0 0 0 0 0 1]
 [0 1 1 0 1 0 0 0 0 1]
 [1 1 1 1 1 0 1 0 0 0]
 [1 0 0 1 1 0 0 1 0 0]
 [0 1 1 1 0 1 1 1 0 0]
 [1 1 0 1 0 1 1 1 1 0]
 [0 1 1 1 0 0 1 1 1 0]
 [1 0 1 1 1 0 0 1 1 0]
 [0 0 0 1 0 1 1 0 0 1]
 [0 0 0 0 1 0 1 1 0 0]
 [0 0 0 1 1 1 0 1 1 1]
 [0 1 0 1 1 1 1 1 0 0]
 [1 1 1 1 0 1 0 1 1 1]
 [1 1 1 1 0 1 1 0 0 0]
 [1 0 1 1 1 0 0 0 1 0]
 [0 1 0 1 1 1 0 1 1 0]
 [0 0 1 1 0 0 1 1 1 1]
 [1 0 1 1 1 0 1 0 0 0]
 [0 1 1 1 0 1 1 0 0 0]
 [0 1 1 1 0 0 0 1 1 0]]
{'restarts': 2, 'conflicts': 760, 'decisions': 1898, 'propagations': 6384006}
Q is identifiable
branch at 6
runtime for solving id of Q is 2.655352234840393
Simulation results:
{'J': 50, 'K': 10, 'N': 10, 'p': 0.5, 'seed': 47, 'sim': 8, 'runtime': 2.655352234840393, 'identifiable': True, 'branch': 6}
9
Q: [[0 1 1 0 1 1 0 0 1 1]
 [1 0 0 0 0 1 1 1 0 0]
 [1 0 1 1 1 0 1 1 0 0]
 [1 0 0 0 1 1 1 0 1 1]
 [0 1 1 0 0 1 0 1 0 1]
 [1 0 1 0 0 1 1 0 1 1]
 [0 0 0 1 1 0 0 0 0 0]
 [1 1 1 0 1 0 0 1 1 1]
 [1 0 1 1 0 0 0 1 0 0]
 [0 0 1 0 0 0 0 1 1 1]
 [1 1 1 0 0 1 0 0 0 0]
 [1 0 0 0 1 0 0 1 0 1]
 [0 1 0 0 1 1 0 1 0 1]
 [1 0 0 1 0 0 1 1 1 1]
 [1 1 0 1 1 0 1 0 0 1]
 [1 0 1 0 0 0 0 0 1 1]
 [0 0 0 0 0 1 1 0 1 0]
 [0 1 0 1 0 0 0 0 0 0]
 [1 0 1 0 1 1 1 0 0 0]
 [1 0 1 0 1 1 1 0 1 0]
 [0 1 1 0 1 1 0 1 0 1]
 [0 1 1 1 0 1 1 0 1 1]
 [1 0 0 1 1 1 0 1 1 1]
 [0 1 0 0 0 0 0 0 1 0]
 [1 1 1 0 1 1 1 1 1 1]
 [0 1 0 0 0 0 1 0 1 0]
 [0 0 0 0 1 1 1 0 0 0]
 [0 1 0 1 1 0 0 0 0 1]
 [1 0 1 0 0 0 1 0 0 0]
 [0 1 1 0 0 1 0 1 0 0]
 [1 0 1 1 0 1 0 1 0 1]
 [1 0 0 0 1 0 0 0 0 1]
 [0 1 1 1 1 0 1 1 0 1]
 [0 1 0 1 0 0 1 0 1 1]
 [0 1 0 1 1 0 0 1 1 1]
 [0 0 1 1 0 1 0 1 0 0]
 [0 0 1 0 0 0 0 0 1 0]
 [0 1 1 1 1 0 1 1 1 1]
 [0 1 1 0 0 0 1 1 0 0]
 [1 1 1 0 0 0 1 0 0 0]
 [1 1 0 0 1 0 1 1 0 0]
 [1 1 1 0 1 0 1 0 1 1]
 [1 1 1 1 1 1 0 1 1 1]
 [0 0 0 1 0 1 0 1 0 0]
 [1 1 1 0 1 1 0 1 0 0]
 [0 0 1 0 1 1 1 0 1 0]
 [0 1 1 0 1 0 1 1 0 0]
 [1 0 1 0 0 0 0 1 1 1]
 [0 1 0 0 0 1 0 0 0 1]
 [1 1 0 1 0 1 1 0 1 1]]
{'restarts': 1, 'conflicts': 458, 'decisions': 1600, 'propagations': 4096491}
Q is identifiable
branch at 6
runtime for solving id of Q is 2.1261432841420174
Simulation results:
{'J': 50, 'K': 10, 'N': 10, 'p': 0.5, 'seed': 47, 'sim': 9, 'runtime': 2.1261432841420174, 'identifiable': True, 'branch': 6}
Simulation results:
[{'J': 50, 'K': 10, 'N': 10, 'p': 0.5, 'seed': 47, 'sim': 0, 'runtime': 1.543769758194685, 'identifiable': True, 'branch': 6}, {'J': 50, 'K': 10, 'N': 10, 'p': 0.5, 'seed': 47, 'sim': 1, 'runtime': 2.0620380081236362, 'identifiable': True, 'branch': 6}, {'J': 50, 'K': 10, 'N': 10, 'p': 0.5, 'seed': 47, 'sim': 2, 'runtime': 2.2307847514748573, 'identifiable': True, 'branch': 6}, {'J': 50, 'K': 10, 'N': 10, 'p': 0.5, 'seed': 47, 'sim': 3, 'runtime': 1.768817400559783, 'identifiable': True, 'branch': 6}, {'J': 50, 'K': 10, 'N': 10, 'p': 0.5, 'seed': 47, 'sim': 4, 'runtime': 1.6806633472442627, 'identifiable': True, 'branch': 6}, {'J': 50, 'K': 10, 'N': 10, 'p': 0.5, 'seed': 47, 'sim': 5, 'runtime': 2.2508609369397163, 'identifiable': True, 'branch': 6}, {'J': 50, 'K': 10, 'N': 10, 'p': 0.5, 'seed': 47, 'sim': 6, 'runtime': 2.0875433068722486, 'identifiable': True, 'branch': 6}, {'J': 50, 'K': 10, 'N': 10, 'p': 0.5, 'seed': 47, 'sim': 7, 'runtime': 1.9042784292250872, 'identifiable': True, 'branch': 6}, {'J': 50, 'K': 10, 'N': 10, 'p': 0.5, 'seed': 47, 'sim': 8, 'runtime': 2.655352234840393, 'identifiable': True, 'branch': 6}, {'J': 50, 'K': 10, 'N': 10, 'p': 0.5, 'seed': 47, 'sim': 9, 'runtime': 2.1261432841420174, 'identifiable': True, 'branch': 6}]
