
The Gurobi software has a limited number of licenses. To request a license or
licenses, add this line

    #SBATCH --licenses=gurobi@slurmdb:1

to your SBATCH script, replacing N with the number of licenses you need. Gurobi
will need one license per process.


0
Q: [[0 0 1 1 0 1 0 0 1 1]
 [1 1 1 0 1 1 1 1 1 1]
 [1 0 1 1 1 0 1 1 1 1]
 [1 0 1 1 0 1 0 1 0 1]
 [1 0 1 1 1 1 0 1 0 0]
 [1 0 1 1 0 0 0 1 1 1]
 [1 1 1 1 1 1 1 0 1 0]
 [1 1 1 1 1 1 1 1 1 0]
 [1 0 1 1 0 1 1 0 1 1]
 [1 1 0 1 1 0 1 0 1 1]
 [1 0 1 1 1 0 0 1 1 0]
 [1 1 1 0 1 1 1 1 1 1]
 [1 1 1 1 1 1 1 1 1 1]
 [0 1 1 0 0 0 1 1 1 1]
 [0 1 0 0 0 0 1 1 0 1]
 [1 0 1 0 0 0 1 1 1 1]
 [1 1 0 1 0 1 1 1 0 1]
 [1 1 1 1 1 1 1 1 1 0]
 [1 1 1 0 1 1 1 1 1 1]
 [1 0 1 0 1 1 1 1 1 0]
 [0 1 1 1 1 0 0 0 1 0]
 [0 1 1 1 1 1 1 1 0 1]
 [1 0 1 0 0 1 1 1 1 1]
 [0 0 1 1 0 1 1 1 0 0]
 [0 1 0 1 1 1 1 1 1 0]
 [1 1 0 0 0 0 1 0 1 1]
 [1 0 1 1 1 0 0 0 0 1]
 [1 1 0 1 0 1 0 1 1 1]
 [0 0 1 1 0 1 1 1 1 0]
 [0 1 1 0 1 1 1 1 0 1]
 [1 0 1 1 0 1 0 1 1 1]
 [1 1 0 0 1 1 1 1 0 0]
 [1 1 0 1 1 1 1 1 1 1]
 [1 1 1 1 0 1 0 1 1 1]
 [1 0 1 0 0 1 0 1 0 1]
 [0 1 1 0 0 1 0 1 1 1]
 [1 1 1 0 1 0 1 0 0 1]
 [0 1 0 1 1 1 1 0 0 1]
 [1 0 1 1 1 0 1 1 1 1]
 [1 0 1 1 1 1 1 0 0 1]
 [1 1 1 0 1 1 1 1 1 0]
 [1 0 1 1 1 0 1 1 1 1]
 [1 0 1 0 1 0 1 1 1 1]
 [1 1 1 1 1 1 0 0 0 1]
 [1 0 1 0 0 0 1 0 1 1]
 [0 1 1 0 1 1 1 1 1 1]
 [1 1 1 1 0 0 1 0 0 0]
 [1 1 0 0 1 1 1 1 1 1]
 [0 1 1 1 0 1 1 1 1 0]
 [0 1 0 1 1 1 0 1 0 1]
 [1 1 0 1 1 1 1 1 0 0]
 [0 1 1 1 1 1 1 0 0 1]
 [1 1 1 0 1 0 0 0 0 1]
 [1 1 1 1 1 1 0 1 1 1]
 [1 1 1 1 1 0 0 0 1 1]
 [1 1 1 0 1 0 0 1 1 1]
 [1 1 0 1 1 0 1 1 0 0]
 [1 0 1 0 1 1 1 1 1 1]
 [1 1 1 1 1 1 1 0 1 0]
 [0 1 1 1 1 1 0 1 1 1]
 [1 0 0 1 1 1 0 1 1 1]
 [1 1 1 1 1 1 1 1 0 1]
 [0 1 1 0 0 1 1 0 1 1]
 [0 1 0 1 0 0 1 1 1 0]
 [1 0 1 1 1 0 0 0 1 1]
 [0 1 0 0 1 1 1 0 1 1]
 [0 0 1 1 1 1 1 1 1 1]
 [1 1 1 1 1 1 1 1 0 1]
 [1 1 0 0 0 1 0 1 1 0]
 [1 0 1 0 0 1 1 1 1 1]
 [0 1 1 1 1 1 1 0 1 0]
 [1 1 1 1 1 0 1 0 0 0]
 [1 1 1 1 1 0 1 1 1 1]
 [1 0 1 1 1 1 1 1 1 1]
 [1 0 1 0 1 1 1 1 1 0]
 [1 0 0 1 1 1 1 1 1 1]
 [1 1 1 1 0 0 1 1 1 0]
 [0 1 0 1 1 1 0 1 1 0]
 [1 0 1 1 0 0 0 1 1 1]
 [1 1 0 1 1 0 1 1 0 0]
 [1 0 1 0 1 0 1 1 1 1]
 [0 1 1 0 1 1 1 0 1 1]
 [0 1 1 1 1 0 1 1 1 0]
 [1 1 1 1 1 0 1 1 0 1]
 [0 0 1 1 1 1 0 1 1 0]
 [1 1 1 1 1 1 1 0 1 1]
 [1 1 1 1 0 1 1 0 1 0]
 [0 1 1 0 1 1 1 1 1 1]
 [1 0 1 1 1 1 1 1 1 0]
 [1 1 0 0 1 0 1 1 1 0]
 [1 1 1 1 0 1 1 1 0 1]
 [1 0 1 0 1 1 1 1 0 1]
 [1 1 1 0 1 1 1 1 0 0]
 [1 1 1 1 1 1 1 0 1 1]
 [0 0 0 0 1 1 1 1 0 0]
 [1 1 1 1 1 0 1 0 0 1]
 [1 1 0 1 1 0 1 0 1 0]
 [1 1 1 1 1 0 1 0 1 0]
 [1 1 1 1 0 1 1 0 1 1]
 [0 1 1 1 1 1 1 1 1 1]]
{'restarts': 14, 'conflicts': 5852, 'decisions': 11501, 'propagations': 5550028}
Q is identifiable
branch at 6
runtime for solving id of Q is 0.829826410044916
Simulation results:
{'J': 100, 'K': 10, 'N': 10, 'p': 0.7, 'seed': 97, 'sim': 0, 'runtime': 0.829826410044916, 'identifiable': 1, 'branch': 6}
1
Q: [[1 1 1 0 1 1 1 1 1 0]
 [0 1 0 0 1 0 0 1 0 1]
 [1 1 1 0 1 1 1 0 1 0]
 [0 1 1 1 0 1 1 1 0 1]
 [1 1 1 0 1 1 1 1 0 0]
 [1 1 1 1 1 1 0 0 0 1]
 [0 1 1 1 1 0 0 1 1 1]
 [1 0 0 0 0 1 1 1 1 1]
 [0 1 0 1 1 1 0 0 0 0]
 [1 1 1 0 0 1 0 1 1 0]
 [1 1 1 1 1 0 1 1 1 1]
 [1 0 1 1 0 1 1 1 1 1]
 [1 1 1 0 1 1 1 1 1 0]
 [1 1 0 1 1 1 1 0 1 1]
 [1 1 0 1 1 1 1 1 1 1]
 [1 1 0 1 1 1 1 1 1 1]
 [1 1 1 1 1 0 0 1 1 0]
 [1 1 1 0 0 1 0 1 1 1]
 [1 0 1 0 1 0 1 0 0 0]
 [0 1 1 0 0 1 0 1 1 1]
 [1 0 1 1 0 1 1 0 1 1]
 [1 1 1 1 1 1 0 1 1 0]
 [1 1 1 1 1 1 1 1 1 0]
 [0 1 1 0 1 1 1 1 1 0]
 [1 1 1 1 0 1 0 1 1 0]
 [1 1 1 0 1 0 1 0 1 1]
 [1 1 0 0 1 0 1 1 0 1]
 [1 1 1 1 1 1 1 0 1 1]
 [1 1 0 0 1 0 0 0 1 0]
 [0 1 0 1 1 1 1 1 1 1]
 [1 1 1 1 0 0 0 1 1 0]
 [1 1 1 1 1 0 1 1 0 1]
 [0 0 1 1 1 1 1 0 0 0]
 [0 1 1 1 1 1 1 1 1 0]
 [1 1 1 1 0 1 1 1 1 0]
 [1 0 1 0 1 0 0 1 0 1]
 [1 1 0 1 1 1 0 1 1 1]
 [1 1 0 0 0 1 0 1 0 0]
 [1 1 1 1 1 0 0 0 1 1]
 [1 1 1 0 0 0 0 0 0 1]
 [1 1 0 1 0 1 0 0 1 1]
 [0 0 1 1 1 0 0 1 0 1]
 [1 0 1 1 0 1 1 1 1 0]
 [1 1 0 1 0 0 1 1 0 1]
 [1 0 1 1 1 1 1 1 1 0]
 [1 1 1 1 1 0 1 1 1 0]
 [1 1 1 1 1 1 0 1 0 0]
 [1 1 1 1 1 1 0 1 1 1]
 [0 1 0 0 1 0 1 0 0 0]
 [1 1 1 1 1 1 0 1 1 1]
 [1 1 1 1 1 1 1 1 1 1]
 [1 1 1 1 0 1 0 0 0 0]
 [1 1 1 0 1 1 0 0 1 0]
 [1 1 1 1 0 0 1 1 0 1]
 [0 1 1 1 0 1 1 1 1 1]
 [1 1 1 0 1 0 0 1 0 0]
 [0 0 1 1 0 1 0 0 1 1]
 [1 0 1 1 1 1 1 1 1 0]
 [1 1 1 1 0 1 0 1 0 0]
 [1 0 1 1 1 1 0 1 0 1]
 [1 1 0 1 0 0 1 0 0 0]
 [1 1 0 0 1 1 1 1 1 0]
 [1 0 1 1 1 1 1 1 1 1]
 [0 0 0 0 0 1 0 0 1 1]
 [1 1 0 1 1 1 0 0 0 0]
 [1 1 1 1 1 1 1 1 1 1]
 [1 1 0 0 1 0 0 1 0 1]
 [1 0 0 0 1 0 0 1 1 1]
 [1 0 0 0 1 0 0 1 1 1]
 [1 1 0 1 1 1 0 0 1 0]
 [1 0 1 1 1 0 1 1 0 0]
 [0 0 1 0 0 0 1 0 1 1]
 [1 0 0 0 1 1 1 1 1 1]
 [0 1 1 1 1 0 1 1 0 0]
 [0 0 1 1 0 1 1 1 1 1]
 [0 0 1 1 1 1 1 0 1 1]
 [1 1 0 1 1 0 0 1 1 1]
 [1 1 1 1 1 1 1 1 0 1]
 [1 1 1 1 0 1 0 0 0 1]
 [1 0 1 1 1 0 0 0 0 0]
 [0 1 1 1 1 1 1 1 0 1]
 [1 1 1 1 1 1 1 1 0 0]
 [1 1 0 1 1 0 1 1 1 1]
 [0 0 1 1 1 1 1 1 1 1]
 [0 0 0 0 1 1 1 1 1 1]
 [1 1 1 1 0 1 1 1 1 1]
 [1 0 0 0 1 1 1 0 1 1]
 [1 0 1 1 0 1 1 1 1 1]
 [0 1 1 1 1 0 1 1 1 1]
 [1 1 1 0 1 0 1 1 1 0]
 [1 0 1 1 1 0 0 0 0 1]
 [1 1 1 1 1 0 1 1 1 1]
 [0 1 1 0 1 1 0 1 1 1]
 [1 1 1 0 1 1 1 1 0 0]
 [1 1 1 1 0 1 0 0 1 1]
 [1 0 0 0 1 0 0 1 0 1]
 [1 1 1 0 0 1 0 0 1 0]
 [0 1 1 1 1 1 1 1 1 1]
 [1 0 0 1 1 0 1 1 0 0]
 [1 1 1 1 0 1 0 0 0 0]]
{'restarts': 9, 'conflicts': 2340, 'decisions': 4924, 'propagations': 2052891}
Q is identifiable
branch at 6
runtime for solving id of Q is 0.4342050279956311
Simulation results:
{'J': 100, 'K': 10, 'N': 10, 'p': 0.7, 'seed': 97, 'sim': 1, 'runtime': 0.4342050279956311, 'identifiable': 1, 'branch': 6}
2
Q: [[1 1 1 0 0 0 1 1 1 1]
 [0 0 0 1 0 1 0 0 0 1]
 [1 0 1 0 1 1 0 0 1 1]
 [0 0 0 1 1 1 1 1 1 1]
 [0 1 0 0 1 1 1 0 1 0]
 [1 0 1 1 1 1 1 1 0 0]
 [1 0 0 0 1 0 1 1 0 1]
 [0 1 0 1 0 1 1 1 0 1]
 [1 0 1 1 1 1 1 0 1 1]
 [0 1 1 1 1 0 1 1 1 0]
 [1 1 1 1 1 1 0 1 1 1]
 [1 1 1 1 1 0 0 0 1 1]
 [1 1 0 1 1 1 1 1 0 1]
 [1 0 0 0 0 0 1 1 0 0]
 [1 1 1 0 1 1 1 0 1 0]
 [0 0 1 1 1 0 1 1 0 1]
 [1 0 1 0 1 1 1 1 1 0]
 [1 1 1 1 0 1 1 1 1 1]
 [1 1 1 1 0 1 1 1 1 1]
 [1 0 1 0 0 0 1 1 1 1]
 [1 1 0 1 0 0 0 0 1 1]
 [1 1 1 1 0 0 1 1 0 1]
 [0 1 1 0 1 0 1 1 1 1]
 [0 0 1 1 0 0 1 0 1 0]
 [1 0 0 0 0 1 1 0 1 1]
 [0 1 1 0 1 0 1 0 0 0]
 [1 0 1 1 1 1 1 1 1 1]
 [0 0 0 1 0 0 0 0 1 0]
 [1 1 0 1 1 1 1 1 0 0]
 [1 1 1 1 0 1 1 0 1 1]
 [0 1 0 1 1 0 1 1 1 0]
 [1 1 1 0 1 0 0 0 1 1]
 [0 0 1 1 1 1 0 1 0 1]
 [1 1 0 0 1 1 0 1 0 1]
 [1 0 1 0 0 1 0 1 1 0]
 [1 1 1 0 1 1 0 1 0 1]
 [1 1 0 0 1 1 1 0 1 1]
 [1 1 1 0 1 1 0 1 0 1]
 [1 0 0 0 1 1 1 0 1 1]
 [1 1 1 1 1 1 1 1 1 0]
 [1 0 1 1 0 1 0 1 1 1]
 [1 0 1 1 1 0 1 1 0 0]
 [1 1 1 0 1 1 1 0 0 0]
 [1 1 1 1 0 1 1 1 0 0]
 [0 1 1 1 1 0 0 1 0 0]
 [1 1 1 0 1 1 0 1 1 0]
 [0 1 1 1 1 1 1 1 0 1]
 [0 1 1 0 1 1 0 1 0 0]
 [0 0 1 1 1 1 1 0 1 0]
 [1 1 1 1 0 0 1 1 1 1]
 [0 1 0 1 1 0 0 1 0 1]
 [0 1 1 1 0 0 1 1 1 1]
 [1 0 0 0 1 1 0 0 1 1]
 [0 1 1 1 1 0 0 1 0 1]
 [1 1 0 0 0 1 1 1 0 0]
 [1 1 1 0 1 1 0 1 1 1]
 [0 1 1 1 1 1 1 1 1 1]
 [1 0 0 1 1 0 0 0 1 0]
 [1 1 1 1 0 0 0 1 1 1]
 [0 0 0 1 1 1 0 1 0 1]
 [0 1 1 1 1 1 1 1 1 1]
 [0 1 1 1 1 1 1 1 0 0]
 [1 1 1 1 1 1 1 0 1 1]
 [1 1 0 1 1 1 1 1 0 1]
 [0 0 1 1 1 1 1 1 0 1]
 [1 1 1 1 0 0 1 1 1 1]
 [1 0 1 1 1 1 1 1 1 1]
 [1 0 0 1 1 1 1 1 1 1]
 [1 1 1 1 1 0 1 1 1 1]
 [1 1 1 1 1 1 1 1 1 1]
 [1 1 1 0 1 1 0 1 1 0]
 [1 1 0 0 1 1 0 0 1 1]
 [1 0 1 1 0 1 0 1 1 1]
 [0 0 1 1 1 0 0 1 1 1]
 [1 1 1 0 0 1 1 1 1 0]
 [1 1 1 1 0 1 0 1 1 1]
 [1 0 0 1 0 0 0 1 0 0]
 [1 0 1 0 0 1 1 0 0 1]
 [1 1 1 0 0 0 1 1 1 1]
 [1 1 0 1 1 1 1 0 0 0]
 [0 0 1 1 1 1 1 1 0 0]
 [0 1 0 0 1 0 0 1 1 0]
 [0 1 1 1 1 1 0 1 1 1]
 [1 1 1 1 1 1 0 1 1 1]
 [1 1 1 1 1 1 1 0 1 1]
 [0 1 1 1 1 1 1 1 1 0]
 [0 0 1 0 1 1 0 1 0 1]
 [0 1 1 1 1 0 0 1 0 0]
 [0 0 1 0 0 1 0 0 1 1]
 [1 1 1 1 0 1 0 1 1 1]
 [0 0 1 1 1 1 0 1 1 0]
 [1 1 1 1 1 1 1 1 1 1]
 [0 1 1 1 1 1 1 0 1 1]
 [0 0 0 0 1 0 1 1 1 1]
 [1 0 0 1 1 1 1 1 1 0]
 [1 0 0 1 1 0 1 1 1 0]
 [1 1 0 1 1 1 1 1 1 0]
 [1 1 1 0 0 1 1 1 1 0]
 [1 0 0 1 1 1 1 1 1 1]
 [1 1 0 1 1 0 1 1 1 0]]
{'restarts': 1, 'conflicts': 1099, 'decisions': 2485, 'propagations': 1210585}
Q is identifiable
branch at 6
runtime for solving id of Q is 0.3971405030461028
Simulation results:
{'J': 100, 'K': 10, 'N': 10, 'p': 0.7, 'seed': 97, 'sim': 2, 'runtime': 0.3971405030461028, 'identifiable': 1, 'branch': 6}
3
Q: [[1 1 0 1 1 1 1 0 0 1]
 [1 1 1 1 1 1 1 0 0 1]
 [1 1 1 1 1 0 0 0 1 1]
 [1 0 0 1 0 1 1 1 1 0]
 [1 0 0 0 0 1 0 1 1 0]
 [1 1 1 0 1 1 0 1 1 0]
 [1 1 1 1 1 1 1 1 0 1]
 [1 1 0 0 1 1 1 1 0 1]
 [0 0 1 0 1 0 1 1 1 1]
 [0 0 0 1 1 1 0 1 0 0]
 [1 1 0 1 1 0 1 1 1 0]
 [1 1 1 1 0 1 1 1 0 1]
 [1 1 1 1 1 0 1 0 1 1]
 [1 1 0 0 1 0 1 1 1 1]
 [1 0 1 0 0 0 0 1 0 0]
 [1 0 0 1 0 1 0 1 1 0]
 [1 1 0 1 1 1 1 1 0 1]
 [1 0 1 0 0 1 1 1 1 1]
 [1 1 1 1 1 0 1 1 0 1]
 [1 1 0 1 0 1 1 1 1 0]
 [0 1 1 1 1 1 1 1 1 1]
 [1 1 1 1 1 1 1 1 0 1]
 [0 0 1 1 1 1 1 1 1 1]
 [1 0 0 1 0 0 1 1 1 0]
 [1 1 0 1 1 0 1 1 1 1]
 [1 1 1 0 1 1 1 1 1 0]
 [1 1 1 1 1 1 0 0 1 1]
 [1 1 0 1 1 1 1 1 1 0]
 [1 1 1 1 1 0 0 1 1 1]
 [1 1 1 0 0 1 0 1 0 1]
 [1 1 1 1 0 0 1 1 1 1]
 [0 1 1 1 1 0 1 1 1 0]
 [0 1 1 0 1 1 1 1 1 1]
 [0 0 1 1 1 1 0 1 1 1]
 [1 0 1 0 0 1 0 1 0 1]
 [0 1 0 1 1 1 1 0 0 1]
 [0 1 1 1 1 0 1 1 1 1]
 [1 1 1 1 1 1 1 1 1 0]
 [1 0 1 1 0 1 1 0 0 0]
 [1 0 1 1 1 0 1 1 1 0]
 [1 1 1 0 1 1 1 1 0 0]
 [1 1 1 1 0 1 0 1 1 1]
 [0 0 0 1 1 1 1 1 1 1]
 [1 1 1 1 0 1 1 1 1 1]
 [1 1 1 1 1 1 0 1 1 1]
 [1 1 1 1 1 1 1 1 1 0]
 [1 0 1 1 0 1 1 1 0 1]
 [1 0 1 1 0 1 1 1 1 1]
 [0 1 1 1 1 1 1 1 1 1]
 [1 1 1 0 0 0 1 1 1 0]
 [1 1 1 1 1 1 0 1 0 1]
 [1 1 0 1 1 1 0 0 1 1]
 [0 1 1 0 1 1 1 1 1 1]
 [1 0 1 1 1 1 1 1 0 0]
 [0 1 1 1 1 1 1 1 0 1]
 [1 1 1 1 1 1 1 1 1 1]
 [0 0 1 1 1 0 1 1 0 1]
 [1 1 1 1 1 1 0 1 1 1]
 [1 0 1 0 1 1 0 1 1 1]
 [0 1 1 0 0 0 0 1 1 1]
 [1 1 0 0 1 0 1 1 1 0]
 [1 0 1 0 1 0 1 1 1 1]
 [0 1 0 0 0 0 1 1 1 1]
 [0 1 1 1 1 1 0 0 1 0]
 [1 1 1 1 0 0 1 0 1 1]
 [1 1 1 1 1 0 1 1 1 1]
 [1 1 1 0 1 1 1 1 0 0]
 [1 0 1 1 1 1 0 0 1 1]
 [1 1 1 1 1 1 1 1 1 1]
 [1 1 1 1 1 1 1 1 0 1]
 [1 1 0 0 1 1 1 1 0 1]
 [1 1 1 1 1 1 1 1 0 1]
 [1 0 1 1 0 1 1 1 1 1]
 [1 1 1 0 0 1 1 1 0 0]
 [1 0 0 0 0 0 1 0 1 1]
 [0 0 1 1 1 1 1 1 1 1]
 [1 0 1 1 0 1 1 1 1 1]
 [1 1 1 1 0 0 0 0 0 1]
 [1 1 1 0 1 1 0 1 0 1]
 [1 0 1 1 0 1 1 1 0 0]
 [0 1 0 0 1 0 1 1 1 1]
 [0 1 1 0 1 0 0 1 0 1]
 [1 0 0 1 1 0 1 1 1 1]
 [1 1 1 1 1 0 0 1 1 1]
 [1 1 0 1 0 0 1 0 0 1]
 [1 1 1 0 1 0 1 1 1 1]
 [0 1 1 0 1 1 1 1 1 1]
 [1 1 0 0 1 1 1 0 1 1]
 [1 0 1 1 1 1 1 1 1 1]
 [1 1 0 1 1 0 0 1 0 0]
 [1 1 0 1 0 1 0 1 1 0]
 [1 1 1 0 0 1 1 1 1 1]
 [0 0 0 1 0 0 0 0 1 1]
 [1 1 1 1 1 0 0 1 0 1]
 [1 0 0 1 1 1 1 1 1 1]
 [0 1 1 1 1 1 1 1 1 1]
 [1 1 1 1 1 1 1 1 1 1]
 [1 1 0 1 0 1 0 1 1 1]
 [1 0 1 1 1 0 1 1 0 0]
 [0 1 1 0 1 1 1 1 0 1]]
{'restarts': 18, 'conflicts': 9516, 'decisions': 16506, 'propagations': 6925803}
Q is identifiable
branch at 6
runtime for solving id of Q is 1.0799126849742606
Simulation results:
{'J': 100, 'K': 10, 'N': 10, 'p': 0.7, 'seed': 97, 'sim': 3, 'runtime': 1.0799126849742606, 'identifiable': 1, 'branch': 6}
4
Q: [[1 1 0 1 0 1 1 1 1 1]
 [0 1 1 1 1 1 0 1 0 1]
 [0 0 0 1 1 0 1 1 0 1]
 [1 1 1 1 1 0 1 1 1 0]
 [1 1 0 0 1 1 1 1 0 0]
 [1 1 0 0 0 1 1 1 1 1]
 [0 0 1 0 1 1 1 1 1 1]
 [0 1 0 1 0 1 1 1 1 0]
 [1 0 1 1 1 1 1 1 0 1]
 [1 1 1 1 0 1 1 1 0 1]
 [1 1 1 1 0 1 0 1 1 1]
 [1 0 1 1 1 1 1 1 1 1]
 [1 0 1 1 0 1 1 0 0 1]
 [1 0 0 1 1 1 0 1 1 0]
 [0 1 0 1 1 1 1 0 1 1]
 [1 1 0 1 0 0 1 1 1 1]
 [1 1 1 0 1 1 0 0 1 1]
 [1 0 1 1 1 1 1 1 0 1]
 [1 0 0 0 1 1 1 1 0 0]
 [1 1 1 1 1 1 1 1 0 1]
 [1 1 1 1 0 1 1 1 0 0]
 [1 1 1 1 1 0 1 1 0 1]
 [1 0 1 1 1 1 1 1 1 1]
 [1 1 1 0 1 1 1 1 0 0]
 [0 0 1 1 1 1 1 0 1 0]
 [1 0 1 1 0 0 1 1 1 1]
 [0 0 1 1 1 0 1 1 1 1]
 [0 1 1 1 1 0 1 1 1 1]
 [1 0 0 0 1 0 1 0 0 0]
 [1 0 1 1 1 1 0 1 1 1]
 [0 1 1 1 0 1 1 1 1 1]
 [1 1 1 1 1 0 1 0 1 1]
 [1 1 1 1 0 1 1 1 0 1]
 [0 0 1 1 1 1 0 0 1 1]
 [0 0 1 1 1 1 1 1 1 0]
 [0 0 1 1 1 0 0 1 0 1]
 [1 1 0 1 1 1 0 1 1 0]
 [1 0 0 1 1 0 1 1 1 1]
 [1 1 1 1 1 1 1 1 1 1]
 [0 0 1 0 0 1 1 1 1 1]
 [1 1 1 1 0 0 1 0 1 1]
 [1 1 1 0 1 1 1 1 1 1]
 [1 1 1 1 1 1 0 1 1 1]
 [1 0 1 0 0 0 1 1 1 0]
 [0 1 1 0 1 1 1 1 1 1]
 [1 0 0 1 1 1 1 1 1 1]
 [1 1 1 0 0 0 1 0 1 1]
 [1 1 1 0 0 1 1 0 1 1]
 [1 1 1 1 0 1 0 0 1 0]
 [1 1 1 0 1 0 0 1 0 1]
 [0 1 1 1 1 1 1 1 1 1]
 [1 1 0 0 1 1 0 1 1 1]
 [0 0 0 0 1 1 1 0 1 0]
 [1 1 1 1 1 1 0 1 0 0]
 [1 0 0 1 1 0 0 1 1 0]
 [1 1 0 1 1 0 1 0 1 1]
 [1 0 1 0 1 0 1 0 1 0]
 [1 0 1 1 1 1 1 1 1 1]
 [0 1 0 0 1 0 1 1 1 0]
 [1 0 1 0 1 1 1 1 1 0]
 [1 1 1 0 1 1 1 0 1 0]
 [1 1 1 1 1 0 0 0 1 1]
 [0 1 1 1 0 0 1 1 0 1]
 [1 1 0 1 0 1 0 0 1 0]
 [1 0 1 0 0 1 1 1 0 1]
 [1 1 0 0 0 1 1 1 1 1]
 [0 0 1 1 1 1 0 1 0 0]
 [0 1 0 1 1 1 1 1 1 1]
 [0 1 1 0 1 0 0 1 0 0]
 [0 1 1 0 1 0 1 1 0 1]
 [0 0 0 1 1 1 1 1 1 1]
 [0 1 0 0 1 1 1 0 0 1]
 [1 1 1 1 1 1 1 1 1 1]
 [0 1 1 1 0 1 1 1 1 1]
 [1 1 0 1 1 0 1 0 1 1]
 [1 0 1 1 1 1 1 1 1 0]
 [1 1 1 0 1 0 1 1 0 0]
 [0 1 1 1 1 1 0 0 1 0]
 [1 1 1 0 0 0 1 1 0 1]
 [1 1 1 1 1 1 0 1 1 1]
 [1 0 0 1 1 1 1 1 1 1]
 [1 0 1 1 1 1 1 1 1 0]
 [1 0 1 1 1 1 1 1 1 1]
 [0 0 0 1 1 0 1 1 1 1]
 [0 0 0 1 0 1 1 1 1 0]
 [0 1 1 1 1 0 1 1 1 0]
 [1 1 1 1 1 1 1 0 1 0]
 [1 1 1 0 1 1 1 0 0 1]
 [1 0 0 1 1 1 0 1 1 1]
 [1 1 0 1 1 1 1 1 1 1]
 [1 1 1 1 1 0 1 0 1 1]
 [1 1 1 0 1 1 0 1 1 1]
 [0 1 1 0 1 1 1 0 1 1]
 [1 1 0 0 1 0 0 0 1 1]
 [1 1 1 1 1 1 1 1 1 1]
 [0 1 0 1 1 0 0 1 0 1]
 [1 1 0 1 1 0 1 1 0 1]
 [1 1 0 0 1 1 0 1 0 1]
 [0 0 1 0 1 1 1 1 1 1]
 [1 1 0 0 0 1 1 1 1 1]]
{'restarts': 14, 'conflicts': 5095, 'decisions': 10608, 'propagations': 5379655}
Q is identifiable
branch at 6
runtime for solving id of Q is 0.888022489962168
Simulation results:
{'J': 100, 'K': 10, 'N': 10, 'p': 0.7, 'seed': 97, 'sim': 4, 'runtime': 0.888022489962168, 'identifiable': 1, 'branch': 6}
5
Q: [[0 1 0 1 1 1 1 0 0 0]
 [1 0 1 1 1 1 0 0 0 0]
 [1 1 1 1 1 1 1 1 1 1]
 [1 1 1 1 1 0 1 0 1 0]
 [1 1 0 1 1 0 1 0 1 0]
 [1 1 1 1 0 1 1 0 0 0]
 [1 1 0 0 1 1 1 1 0 0]
 [1 1 0 1 0 1 1 1 1 1]
 [1 0 1 0 1 1 1 1 1 1]
 [0 1 0 1 1 1 1 1 1 1]
 [1 1 1 1 1 1 1 1 0 0]
 [1 1 1 1 1 0 1 1 0 0]
 [0 1 1 0 0 0 1 1 1 1]
 [1 1 0 1 0 1 1 0 1 1]
 [0 0 1 1 0 1 0 1 0 1]
 [0 1 1 1 1 1 1 1 1 1]
 [1 1 1 1 1 1 1 1 1 1]
 [1 1 1 1 1 1 1 1 1 1]
 [1 0 1 1 1 0 1 0 0 0]
 [1 1 1 1 1 1 1 1 1 0]
 [1 0 1 0 1 1 1 1 0 1]
 [0 1 0 1 1 1 1 1 1 1]
 [1 1 1 1 1 1 1 1 1 1]
 [1 0 1 1 1 1 0 1 0 0]
 [0 1 0 0 1 1 1 0 1 1]
 [1 0 0 1 1 0 1 1 1 1]
 [1 1 1 1 0 1 1 1 1 0]
 [1 1 1 1 0 1 1 0 1 1]
 [1 0 1 1 1 0 0 1 0 1]
 [1 1 0 1 1 1 1 0 0 1]
 [1 1 0 1 1 1 1 1 1 1]
 [1 0 1 1 0 0 1 0 1 1]
 [1 0 0 1 1 1 1 0 0 1]
 [1 0 1 1 0 1 1 0 0 1]
 [0 1 0 1 1 1 1 1 1 1]
 [1 0 0 1 1 1 0 1 1 1]
 [1 1 1 0 1 1 0 1 1 1]
 [1 0 1 1 1 1 1 0 1 1]
 [1 0 1 1 0 1 1 1 1 0]
 [0 0 1 0 1 1 1 1 1 1]
 [0 1 0 1 0 1 0 1 1 1]
 [1 1 1 1 1 1 1 1 0 1]
 [1 1 1 0 1 1 1 1 0 1]
 [1 0 0 1 1 1 1 0 1 1]
 [1 0 0 1 0 1 1 0 0 0]
 [1 1 1 0 0 1 1 1 1 1]
 [0 0 1 1 1 0 1 0 1 1]
 [0 0 1 1 1 0 0 1 0 1]
 [1 1 0 1 1 0 0 1 0 1]
 [0 1 1 1 1 1 1 0 1 1]
 [0 0 1 1 0 1 1 1 1 0]
 [1 1 0 1 1 1 0 1 0 1]
 [1 1 1 0 1 1 1 0 1 1]
 [1 1 1 0 0 1 1 1 1 1]
 [1 1 0 1 1 0 1 1 1 1]
 [1 0 0 1 1 0 0 1 0 1]
 [1 1 1 1 1 1 1 1 1 0]
 [1 1 0 1 0 0 1 1 1 1]
 [0 0 0 1 1 1 1 0 1 1]
 [1 1 1 0 1 0 1 1 1 1]
 [1 1 1 1 1 1 1 0 1 1]
 [0 1 0 0 1 1 1 1 0 0]
 [1 0 0 0 1 0 1 1 1 0]
 [1 1 1 0 1 1 1 1 0 0]
 [1 1 1 1 1 1 0 0 1 1]
 [1 1 1 0 1 0 1 1 1 1]
 [0 1 1 0 1 1 1 0 1 1]
 [1 0 0 1 0 1 1 1 1 1]
 [1 1 0 1 0 1 1 0 1 0]
 [1 0 1 0 1 1 1 1 0 0]
 [0 1 1 1 1 1 1 1 1 0]
 [0 1 1 1 1 1 1 1 0 0]
 [1 0 1 1 0 0 0 1 0 1]
 [1 1 1 1 1 0 1 1 1 1]
 [0 1 1 0 1 1 1 1 0 1]
 [0 0 0 0 1 1 1 1 1 1]
 [1 1 1 1 1 1 0 1 0 0]
 [0 1 0 1 0 1 0 0 1 1]
 [0 0 1 1 1 1 1 1 1 1]
 [0 1 0 1 1 0 1 1 1 0]
 [0 0 1 0 1 0 1 0 1 1]
 [1 1 1 0 1 1 1 0 1 1]
 [1 1 1 1 0 1 1 0 1 1]
 [1 1 0 1 1 1 0 1 0 1]
 [1 1 1 1 1 1 1 1 0 0]
 [1 1 0 0 1 0 1 1 1 1]
 [0 0 1 0 0 1 1 1 1 0]
 [0 0 1 1 0 1 1 0 1 0]
 [1 0 1 1 0 1 0 0 1 1]
 [0 0 1 1 1 0 1 1 1 0]
 [1 1 0 1 0 1 0 1 1 1]
 [1 1 1 1 0 1 1 0 1 1]
 [0 0 1 1 1 1 1 1 1 1]
 [1 0 1 0 1 1 1 0 1 1]
 [1 1 0 1 0 1 1 1 1 1]
 [1 1 1 1 1 1 1 1 1 1]
 [1 0 0 1 1 1 1 0 1 1]
 [1 1 1 0 1 1 0 1 1 0]
 [0 1 1 1 0 1 1 1 0 0]
 [1 0 0 1 1 1 1 1 1 1]]
{'restarts': 89, 'conflicts': 47989, 'decisions': 69619, 'propagations': 45462423}
Q is identifiable
branch at 6
runtime for solving id of Q is 6.72106232191436
Simulation results:
{'J': 100, 'K': 10, 'N': 10, 'p': 0.7, 'seed': 97, 'sim': 5, 'runtime': 6.72106232191436, 'identifiable': 1, 'branch': 6}
6
Q: [[0 1 0 1 1 1 1 1 1 1]
 [0 1 1 0 0 1 0 0 1 0]
 [1 1 0 0 0 1 1 1 0 0]
 [0 0 1 1 1 0 1 1 0 1]
 [0 1 0 1 1 1 1 0 1 1]
 [1 1 1 1 1 0 0 0 0 0]
 [0 1 1 1 1 0 1 0 1 1]
 [1 1 1 1 1 1 1 0 1 1]
 [0 1 1 1 1 0 1 1 0 0]
 [1 0 1 1 1 0 0 1 1 1]
 [1 1 0 0 0 1 1 1 1 1]
 [0 1 1 1 1 0 1 1 1 1]
 [1 1 0 1 1 0 1 0 0 1]
 [0 1 1 0 1 0 0 1 1 0]
 [1 1 0 1 1 1 0 1 0 1]
 [1 1 1 0 1 1 1 1 1 1]
 [1 1 1 0 0 1 0 1 0 1]
 [1 0 1 0 1 0 1 0 0 1]
 [0 0 0 1 1 0 1 1 1 1]
 [1 1 1 1 0 1 1 0 1 1]
 [0 1 1 1 1 1 1 1 0 0]
 [1 0 1 1 1 0 1 1 0 1]
 [0 1 0 1 1 1 1 1 0 0]
 [1 1 1 1 1 0 0 1 0 1]
 [1 1 1 0 0 1 1 0 1 0]
 [1 1 0 0 1 1 0 1 1 1]
 [0 0 0 1 0 0 1 0 1 1]
 [1 1 1 1 0 0 1 1 1 0]
 [0 1 1 0 1 0 1 1 1 1]
 [1 0 0 1 0 0 1 0 0 0]
 [1 1 1 1 1 1 1 1 1 0]
 [1 0 1 1 1 1 1 0 1 1]
 [1 1 1 1 1 1 1 1 1 1]
 [1 1 1 0 1 1 1 1 1 1]
 [1 1 1 1 1 1 1 0 1 1]
 [1 1 1 1 1 1 1 0 1 1]
 [1 1 1 1 0 1 1 0 1 1]
 [0 1 0 0 1 0 1 0 0 0]
 [1 0 1 1 1 1 1 1 1 0]
 [0 1 1 0 1 1 0 1 0 0]
 [1 1 0 1 1 1 1 1 0 1]
 [1 1 1 1 0 1 1 1 1 0]
 [1 1 0 1 1 0 1 1 0 0]
 [1 1 1 1 1 1 0 1 1 1]
 [1 1 1 0 1 1 1 0 0 0]
 [1 1 0 1 0 1 1 0 1 0]
 [1 1 0 0 0 1 1 1 1 1]
 [1 0 1 0 1 1 1 1 1 1]
 [0 0 1 0 1 0 1 1 0 0]
 [1 1 0 0 0 1 1 0 0 1]
 [0 1 1 1 1 1 1 1 0 1]
 [1 1 1 1 1 1 1 1 0 1]
 [1 1 1 1 0 1 1 1 0 1]
 [0 1 0 1 1 1 1 0 1 1]
 [0 1 1 1 1 1 1 1 1 1]
 [1 0 1 1 1 1 1 1 1 0]
 [1 0 1 1 0 1 1 1 1 1]
 [0 0 1 0 1 1 0 0 1 1]
 [0 0 1 1 0 1 0 1 0 0]
 [1 0 1 1 1 1 1 0 1 1]
 [1 1 0 1 1 0 0 1 1 1]
 [1 1 1 1 0 0 0 0 1 1]
 [1 0 1 1 0 1 0 1 1 1]
 [1 1 1 0 1 1 1 0 1 1]
 [1 1 0 1 1 1 0 0 1 1]
 [1 0 1 0 0 0 1 1 1 1]
 [0 1 1 0 1 1 0 0 1 0]
 [1 1 1 1 1 1 0 1 1 0]
 [1 1 1 0 1 0 0 1 1 0]
 [0 1 1 0 0 0 1 0 1 1]
 [1 1 1 1 1 1 1 1 1 1]
 [1 1 1 0 1 1 1 1 1 1]
 [1 0 1 0 1 0 1 1 0 1]
 [1 1 1 0 1 1 1 0 1 1]
 [1 1 1 1 1 1 1 1 1 1]
 [1 1 1 1 0 1 1 0 1 1]
 [1 0 1 0 1 0 1 1 1 1]
 [1 0 0 1 1 1 1 1 0 1]
 [1 1 0 1 1 1 1 0 0 0]
 [1 1 1 1 0 0 1 1 1 0]
 [0 1 1 1 1 1 1 1 0 1]
 [1 0 1 0 1 1 0 1 1 1]
 [1 1 0 0 1 0 1 1 1 1]
 [1 1 1 1 1 0 1 1 1 0]
 [1 1 1 0 1 0 1 1 1 1]
 [1 1 0 1 0 0 1 0 1 1]
 [0 1 1 1 1 1 1 0 0 0]
 [1 0 1 1 0 1 1 0 1 1]
 [1 1 1 1 1 1 1 1 1 1]
 [1 1 1 1 0 1 0 1 1 1]
 [1 1 1 1 1 1 1 1 1 1]
 [1 0 1 1 1 0 1 1 1 1]
 [1 1 1 1 0 1 0 0 1 1]
 [1 1 1 1 1 1 0 1 1 1]
 [0 0 1 1 1 1 0 0 0 1]
 [0 0 1 1 1 0 0 0 1 1]
 [1 1 1 1 1 1 0 1 1 1]
 [1 1 1 0 1 1 1 0 1 0]
 [1 1 1 1 0 0 0 1 0 0]
 [1 1 1 0 0 1 1 1 1 1]]
{'restarts': 14, 'conflicts': 4209, 'decisions': 7941, 'propagations': 4559118}
Q is identifiable
branch at 6
runtime for solving id of Q is 0.7610369579633698
Simulation results:
{'J': 100, 'K': 10, 'N': 10, 'p': 0.7, 'seed': 97, 'sim': 6, 'runtime': 0.7610369579633698, 'identifiable': 1, 'branch': 6}
7
Q: [[1 1 1 1 1 1 1 1 0 1]
 [0 1 1 1 0 0 1 1 0 1]
 [1 1 1 1 1 0 1 1 1 1]
 [0 0 1 1 0 0 1 1 1 1]
 [1 1 1 1 1 1 1 1 1 1]
 [1 0 1 1 1 0 1 1 1 1]
 [0 1 1 1 1 0 1 1 0 1]
 [0 0 1 0 1 1 1 0 1 1]
 [1 0 0 0 0 1 0 1 1 1]
 [1 1 1 0 0 1 0 1 1 0]
 [0 1 1 1 0 1 1 1 1 0]
 [1 1 1 1 1 1 0 0 1 1]
 [0 1 1 1 1 1 1 1 1 1]
 [1 1 1 1 0 1 1 1 0 0]
 [1 1 1 1 0 0 1 1 0 1]
 [1 1 1 1 0 1 1 1 1 1]
 [1 1 1 0 1 0 0 1 1 1]
 [1 1 1 1 0 1 1 0 1 1]
 [1 1 1 1 1 0 1 1 0 0]
 [1 1 1 0 1 1 1 0 0 1]
 [0 1 1 1 0 1 1 1 0 1]
 [0 1 1 1 1 1 1 1 0 0]
 [0 1 1 1 1 0 1 1 1 0]
 [1 0 1 1 1 1 1 1 1 0]
 [1 0 1 1 1 1 1 1 1 1]
 [1 1 0 1 0 0 1 1 0 0]
 [1 1 1 1 1 1 1 0 0 1]
 [1 0 1 1 1 0 1 0 1 1]
 [1 1 1 1 1 0 1 1 0 0]
 [0 1 1 1 1 1 1 0 1 1]
 [1 1 0 0 1 1 0 1 0 1]
 [1 0 1 0 0 1 1 1 1 1]
 [1 1 1 0 1 1 1 1 1 0]
 [1 1 1 0 1 0 1 1 0 1]
 [1 0 1 1 1 0 1 1 0 0]
 [1 1 1 1 1 0 1 1 0 0]
 [0 1 1 1 1 1 1 1 1 1]
 [1 1 1 1 0 0 0 0 1 1]
 [1 0 1 1 0 1 1 0 1 1]
 [1 0 0 1 0 1 1 1 1 1]
 [1 1 1 0 0 0 1 1 1 1]
 [1 0 1 1 0 1 0 1 1 1]
 [1 0 1 1 1 1 0 1 1 0]
 [1 0 1 1 1 1 0 1 0 0]
 [1 1 0 0 0 1 1 1 1 1]
 [0 1 1 0 1 1 0 1 0 0]
 [1 0 1 1 0 0 0 1 0 1]
 [1 0 1 1 0 1 1 1 1 1]
 [0 1 0 1 1 1 1 1 1 1]
 [1 0 0 1 1 1 1 1 1 1]
 [1 1 0 0 0 1 1 1 1 1]
 [1 1 1 0 1 0 0 0 0 1]
 [1 0 1 1 0 1 1 0 1 1]
 [1 1 0 1 0 0 1 0 0 0]
 [1 0 1 1 0 1 1 1 1 1]
 [1 1 1 1 1 0 1 1 1 1]
 [1 1 0 0 1 1 0 0 1 1]
 [0 0 1 1 1 1 0 1 1 1]
 [1 0 0 0 1 1 0 1 1 1]
 [0 1 1 0 1 0 1 1 1 0]
 [1 0 0 0 1 1 0 0 1 1]
 [1 1 1 1 1 0 0 1 0 1]
 [1 1 1 1 0 0 1 1 1 1]
 [0 1 0 0 1 1 1 1 1 1]
 [1 1 1 1 0 0 1 0 0 1]
 [1 1 0 1 0 1 0 1 1 1]
 [1 1 1 0 1 0 0 0 1 0]
 [0 1 1 1 0 0 0 1 0 0]
 [1 1 0 1 1 1 1 1 0 1]
 [1 1 1 0 1 1 0 1 1 0]
 [1 0 0 0 1 1 1 1 1 0]
 [0 1 0 0 1 0 1 1 0 1]
 [0 0 1 1 1 0 0 1 1 0]
 [1 1 1 1 1 1 0 1 0 0]
 [1 1 1 1 1 0 1 1 0 0]
 [1 1 1 1 1 1 0 1 1 1]
 [0 0 1 1 1 0 0 0 1 0]
 [0 1 1 1 1 0 0 1 1 1]
 [1 1 0 1 0 1 1 0 1 0]
 [0 1 1 0 1 1 0 0 1 0]
 [0 1 1 1 1 1 1 0 0 1]
 [1 1 1 1 1 1 1 1 0 0]
 [1 1 0 0 1 1 1 1 1 1]
 [1 1 0 1 0 1 1 1 1 1]
 [1 0 0 1 0 0 1 1 1 0]
 [1 1 1 1 1 0 0 1 0 0]
 [1 1 1 1 0 1 1 1 1 1]
 [1 0 1 1 1 1 1 1 1 0]
 [1 1 1 0 1 0 1 1 1 1]
 [1 1 1 0 1 1 0 0 1 1]
 [0 1 1 0 0 1 1 1 1 0]
 [1 1 1 0 1 0 1 1 0 1]
 [1 0 1 1 0 1 0 1 1 0]
 [1 1 1 1 0 1 1 1 1 1]
 [1 1 0 0 1 0 1 1 1 1]
 [1 1 1 1 1 1 0 1 1 0]
 [1 1 1 0 0 1 0 1 0 1]
 [1 1 1 0 1 1 1 1 1 0]
 [1 1 1 1 0 1 1 1 0 0]
 [0 1 0 1 0 1 1 1 1 0]]
{'restarts': 68, 'conflicts': 23932, 'decisions': 41243, 'propagations': 23869413}
Q is identifiable
branch at 6
runtime for solving id of Q is 3.24781935592182
Simulation results:
{'J': 100, 'K': 10, 'N': 10, 'p': 0.7, 'seed': 97, 'sim': 7, 'runtime': 3.24781935592182, 'identifiable': 1, 'branch': 6}
8
Q: [[1 1 0 1 1 1 1 1 1 1]
 [1 0 0 1 1 1 1 1 1 1]
 [0 1 1 1 1 0 0 0 1 0]
 [0 1 1 1 0 0 1 1 1 1]
 [1 1 1 1 1 1 1 1 1 0]
 [1 1 1 1 0 1 1 1 1 1]
 [1 0 0 1 1 1 1 1 0 1]
 [1 0 1 1 1 1 1 1 1 0]
 [1 1 1 1 0 1 0 1 1 1]
 [1 0 1 1 0 0 1 1 1 1]
 [1 1 1 0 0 1 1 1 1 0]
 [1 1 0 1 1 1 1 1 1 1]
 [1 1 1 1 1 1 1 1 1 0]
 [0 1 1 0 1 1 1 1 1 0]
 [1 1 0 0 1 1 1 0 1 1]
 [1 1 0 1 1 0 1 1 1 1]
 [1 1 1 0 0 0 1 1 0 0]
 [0 1 0 0 0 1 1 0 1 1]
 [1 1 1 0 1 1 0 0 1 1]
 [0 0 0 1 1 1 1 1 1 1]
 [0 0 1 0 1 1 1 1 1 1]
 [1 0 0 1 1 1 0 1 0 1]
 [1 1 1 0 0 1 1 0 1 1]
 [0 1 1 0 1 1 0 1 1 0]
 [0 1 1 0 1 1 1 1 1 0]
 [1 1 1 1 0 1 1 0 1 1]
 [0 1 1 1 1 1 1 0 1 1]
 [0 0 0 1 1 1 1 1 0 1]
 [1 1 1 1 1 1 1 1 1 1]
 [1 1 1 1 1 1 1 0 0 0]
 [1 0 0 1 1 1 0 1 1 1]
 [0 1 1 1 1 1 0 1 1 1]
 [1 1 1 0 1 1 0 0 1 1]
 [1 1 1 1 1 0 1 0 1 1]
 [1 0 1 0 1 1 1 1 1 0]
 [1 0 0 1 1 0 1 1 1 1]
 [1 1 0 0 0 1 1 0 1 0]
 [1 1 0 0 1 1 1 1 1 1]
 [1 1 0 1 1 1 1 1 1 0]
 [1 1 1 1 1 0 0 0 0 1]
 [1 1 0 0 1 0 1 1 0 1]
 [0 0 1 1 1 1 1 1 0 1]
 [0 0 1 1 1 1 1 0 1 1]
 [1 0 0 1 1 1 1 0 0 0]
 [1 1 1 1 0 1 1 0 1 1]
 [1 0 1 1 1 1 1 1 1 1]
 [0 0 1 0 1 1 0 1 1 0]
 [1 0 0 1 1 1 0 0 1 0]
 [0 1 1 1 0 0 1 0 1 1]
 [1 1 1 1 0 1 1 1 0 1]
 [1 1 0 1 1 0 1 1 1 1]
 [0 1 0 1 1 1 1 0 0 0]
 [1 1 1 0 0 1 1 0 0 1]
 [1 1 1 1 1 1 1 0 1 0]
 [0 1 1 1 1 1 1 0 0 1]
 [1 1 0 1 1 0 1 1 1 1]
 [1 0 1 1 1 0 1 1 1 0]
 [1 1 1 1 1 0 1 0 0 1]
 [1 1 1 1 0 1 0 1 1 1]
 [1 1 1 0 0 0 0 1 1 1]
 [0 1 0 1 0 0 1 1 1 1]
 [1 1 1 1 1 1 0 0 1 1]
 [1 0 1 1 1 1 1 1 0 1]
 [1 0 1 1 1 1 1 0 1 1]
 [1 1 1 1 0 1 1 0 1 1]
 [1 1 1 1 1 1 0 1 1 1]
 [0 1 1 1 1 1 1 0 0 1]
 [0 1 1 1 0 1 0 1 1 0]
 [1 0 0 1 0 1 0 1 1 0]
 [0 1 1 1 0 1 1 0 1 0]
 [0 1 1 1 1 1 0 0 0 1]
 [1 0 0 1 1 1 0 1 1 1]
 [0 0 1 1 1 1 0 0 1 1]
 [0 1 1 1 0 1 1 1 1 0]
 [1 0 1 1 1 1 1 1 0 0]
 [1 0 1 1 0 1 0 1 1 0]
 [1 0 1 0 0 1 1 0 1 1]
 [1 1 1 0 1 1 0 1 0 1]
 [1 0 0 1 1 1 0 1 1 0]
 [1 1 1 0 1 1 1 0 0 0]
 [1 0 1 0 1 1 1 0 0 0]
 [1 1 1 1 1 1 1 0 1 1]
 [1 1 1 0 0 0 1 1 1 1]
 [1 1 1 1 1 0 0 1 1 0]
 [1 1 1 0 1 1 1 1 1 0]
 [1 1 1 1 1 0 1 1 1 1]
 [0 0 1 0 1 1 1 0 1 0]
 [1 0 0 1 1 1 1 0 0 1]
 [1 1 1 1 1 0 1 1 0 1]
 [1 1 1 1 1 0 1 1 1 1]
 [0 1 0 1 1 1 1 1 0 1]
 [0 0 1 1 1 1 0 0 0 1]
 [1 1 1 1 0 1 1 0 1 0]
 [0 1 1 1 0 1 1 1 1 1]
 [1 0 1 1 0 1 1 1 0 1]
 [1 1 1 0 1 1 1 1 0 0]
 [1 0 1 1 1 1 0 0 1 1]
 [1 1 1 1 1 1 1 1 1 1]
 [1 1 1 1 1 1 1 1 1 1]
 [1 1 1 0 1 0 0 1 1 1]]
{'restarts': 176, 'conflicts': 76397, 'decisions': 109685, 'propagations': 64186107}
Q is identifiable
branch at 6
runtime for solving id of Q is 10.074147113016807
Simulation results:
{'J': 100, 'K': 10, 'N': 10, 'p': 0.7, 'seed': 97, 'sim': 8, 'runtime': 10.074147113016807, 'identifiable': 1, 'branch': 6}
9
Q: [[1 1 0 1 1 1 0 0 0 1]
 [0 1 0 0 1 1 0 1 1 1]
 [1 1 0 1 1 1 0 1 0 0]
 [1 0 0 1 0 1 1 0 0 0]
 [0 1 1 1 0 1 1 0 1 0]
 [1 1 1 1 1 1 1 1 1 0]
 [1 1 1 1 1 0 0 1 1 0]
 [0 0 1 0 0 0 1 1 1 0]
 [1 1 1 1 1 1 1 1 0 1]
 [1 0 0 1 0 1 1 1 1 1]
 [1 1 1 0 1 0 1 1 0 1]
 [1 1 1 0 1 1 1 0 1 1]
 [1 1 0 0 1 0 1 1 1 1]
 [1 1 1 1 1 1 1 1 1 0]
 [1 1 1 0 1 0 1 1 0 1]
 [0 1 1 1 1 1 1 1 1 1]
 [0 0 1 1 1 1 0 0 1 1]
 [1 1 1 1 1 1 0 1 1 1]
 [1 0 1 1 1 1 0 1 0 1]
 [0 1 1 0 1 0 1 1 1 1]
 [1 1 1 1 0 1 1 1 1 1]
 [1 0 1 0 0 0 0 1 1 1]
 [1 0 1 1 1 1 1 0 1 1]
 [1 0 0 1 1 1 0 0 1 0]
 [0 1 0 0 0 0 0 1 1 1]
 [0 1 0 0 1 1 1 0 1 1]
 [1 1 1 1 1 1 0 1 1 1]
 [1 0 1 0 0 1 1 1 1 1]
 [1 1 1 1 1 1 1 1 0 1]
 [0 1 1 1 1 1 1 1 1 0]
 [1 1 1 1 0 1 1 1 1 1]
 [1 0 1 1 1 1 0 1 0 1]
 [0 1 1 1 1 1 1 0 1 1]
 [1 0 1 1 1 0 1 1 0 1]
 [1 1 0 0 1 1 1 1 1 1]
 [1 1 1 1 1 0 1 1 0 0]
 [0 0 1 1 0 1 1 0 0 0]
 [0 0 0 1 1 1 1 0 1 1]
 [1 0 0 1 0 1 1 0 0 1]
 [1 0 1 1 0 1 0 1 0 0]
 [1 0 1 1 1 0 0 1 0 0]
 [1 1 1 1 1 0 1 1 1 0]
 [1 1 1 1 1 1 1 1 1 1]
 [1 1 1 1 1 0 1 0 1 1]
 [1 1 1 1 0 1 0 1 1 1]
 [1 1 1 0 1 1 1 1 1 0]
 [1 1 0 1 1 1 0 0 1 1]
 [1 0 1 0 1 1 0 0 0 0]
 [1 1 1 0 1 1 1 0 1 0]
 [1 1 1 1 0 0 0 1 1 1]
 [1 1 0 0 1 1 0 1 1 1]
 [1 1 1 1 1 1 1 1 0 1]
 [1 1 0 0 1 1 1 1 1 0]
 [1 1 1 1 0 0 1 1 0 0]
 [0 0 1 1 1 1 1 1 1 1]
 [1 0 1 1 0 0 0 1 1 0]
 [0 1 0 1 1 0 1 1 1 1]
 [1 0 1 1 0 0 1 1 1 1]
 [1 1 1 1 1 0 0 1 1 0]
 [1 1 0 1 1 1 1 1 0 1]
 [1 0 0 1 1 0 1 0 1 1]
 [1 0 0 1 1 1 1 1 1 1]
 [1 1 1 0 0 0 1 1 1 1]
 [1 1 1 1 0 1 1 1 1 1]
 [0 1 0 0 1 1 1 0 1 0]
 [1 0 1 0 1 1 1 1 1 1]
 [1 1 1 0 1 1 1 0 1 1]
 [0 1 0 1 1 1 0 0 1 1]
 [1 0 0 0 1 1 1 0 1 1]
 [1 0 1 0 1 1 0 1 0 1]
 [0 0 1 1 1 1 1 0 1 1]
 [1 0 0 0 0 0 1 1 1 1]
 [1 1 1 1 1 1 1 1 0 0]
 [1 1 0 1 1 1 1 0 1 1]
 [1 0 1 0 1 1 1 0 1 1]
 [1 1 1 1 1 1 1 1 0 1]
 [1 0 1 1 0 0 1 1 1 1]
 [1 1 1 1 1 1 0 1 1 1]
 [1 0 1 1 1 1 1 1 1 1]
 [0 0 0 1 1 1 1 1 0 1]
 [0 1 1 0 1 0 1 1 1 1]
 [1 1 1 1 1 1 1 1 1 0]
 [0 1 1 1 1 1 1 1 1 1]
 [1 1 0 1 1 0 1 0 1 1]
 [1 1 1 1 1 1 0 1 0 1]
 [1 0 1 1 1 1 0 1 1 1]
 [1 1 0 1 1 1 1 0 1 1]
 [1 1 1 1 1 0 1 1 0 1]
 [0 0 1 1 1 1 1 1 1 1]
 [1 0 1 0 0 1 1 1 0 1]
 [1 1 1 0 1 1 0 1 0 1]
 [0 1 1 0 1 1 0 1 1 1]
 [1 0 1 1 1 1 0 0 1 1]
 [0 0 1 1 1 0 1 1 1 1]
 [0 0 1 1 1 1 1 1 1 1]
 [1 0 1 1 1 0 1 0 0 1]
 [1 1 1 1 1 0 1 1 1 0]
 [1 0 1 1 0 1 1 1 0 1]
 [1 1 1 1 0 1 1 1 1 1]
 [0 1 1 1 1 1 0 0 1 1]]
{'restarts': 53, 'conflicts': 19278, 'decisions': 30806, 'propagations': 14688038}
Q is identifiable
branch at 6
runtime for solving id of Q is 2.2088448950089514
Simulation results:
{'J': 100, 'K': 10, 'N': 10, 'p': 0.7, 'seed': 97, 'sim': 9, 'runtime': 2.2088448950089514, 'identifiable': 1, 'branch': 6}
Simulation results:
[{'J': 100, 'K': 10, 'N': 10, 'p': 0.7, 'seed': 97, 'sim': 0, 'runtime': 0.829826410044916, 'identifiable': 1, 'branch': 6}, {'J': 100, 'K': 10, 'N': 10, 'p': 0.7, 'seed': 97, 'sim': 1, 'runtime': 0.4342050279956311, 'identifiable': 1, 'branch': 6}, {'J': 100, 'K': 10, 'N': 10, 'p': 0.7, 'seed': 97, 'sim': 2, 'runtime': 0.3971405030461028, 'identifiable': 1, 'branch': 6}, {'J': 100, 'K': 10, 'N': 10, 'p': 0.7, 'seed': 97, 'sim': 3, 'runtime': 1.0799126849742606, 'identifiable': 1, 'branch': 6}, {'J': 100, 'K': 10, 'N': 10, 'p': 0.7, 'seed': 97, 'sim': 4, 'runtime': 0.888022489962168, 'identifiable': 1, 'branch': 6}, {'J': 100, 'K': 10, 'N': 10, 'p': 0.7, 'seed': 97, 'sim': 5, 'runtime': 6.72106232191436, 'identifiable': 1, 'branch': 6}, {'J': 100, 'K': 10, 'N': 10, 'p': 0.7, 'seed': 97, 'sim': 6, 'runtime': 0.7610369579633698, 'identifiable': 1, 'branch': 6}, {'J': 100, 'K': 10, 'N': 10, 'p': 0.7, 'seed': 97, 'sim': 7, 'runtime': 3.24781935592182, 'identifiable': 1, 'branch': 6}, {'J': 100, 'K': 10, 'N': 10, 'p': 0.7, 'seed': 97, 'sim': 8, 'runtime': 10.074147113016807, 'identifiable': 1, 'branch': 6}, {'J': 100, 'K': 10, 'N': 10, 'p': 0.7, 'seed': 97, 'sim': 9, 'runtime': 2.2088448950089514, 'identifiable': 1, 'branch': 6}]
