
The Gurobi software has a limited number of licenses. To request a license or
licenses, add this line

    #SBATCH --licenses=gurobi@slurmdb:1

to your SBATCH script, replacing N with the number of licenses you need. Gurobi
will need one license per process.


0
Q: [[1 0 1 0 1 0 1 1 1 1]
 [0 1 1 0 1 0 1 0 1 0]
 [1 0 1 1 1 0 1 1 0 1]
 [1 0 0 1 1 1 0 0 1 1]
 [0 1 1 0 1 1 1 0 1 1]
 [0 1 1 1 1 0 1 0 0 1]
 [0 1 1 0 0 0 0 1 1 1]
 [1 0 1 1 1 1 1 1 1 0]
 [1 0 0 1 1 1 1 1 1 1]
 [1 1 1 1 1 0 1 0 1 1]
 [1 1 0 1 0 0 1 1 1 1]
 [0 0 1 1 1 1 1 1 1 1]
 [1 1 0 1 0 1 1 1 0 0]
 [1 1 0 1 1 1 0 1 0 1]
 [0 0 1 1 0 1 1 1 1 0]
 [1 1 1 1 1 1 0 1 1 0]
 [1 0 1 1 1 0 0 1 1 1]
 [0 1 1 1 0 1 1 1 0 1]
 [1 0 1 1 1 0 1 1 1 1]
 [1 0 1 1 0 0 1 0 1 1]
 [1 0 0 1 1 1 1 0 1 0]
 [0 1 1 0 1 1 1 1 1 1]
 [0 1 0 1 1 1 1 1 1 1]
 [0 1 1 0 1 1 0 0 0 0]
 [1 1 1 1 1 0 1 1 1 1]
 [1 0 1 1 1 1 1 1 1 1]
 [0 0 1 1 0 1 1 1 1 0]
 [0 0 1 1 0 1 0 0 1 0]
 [0 1 0 1 1 1 1 1 0 1]
 [1 1 1 1 1 0 1 0 1 1]
 [1 0 1 1 1 0 1 1 1 1]
 [1 0 1 1 0 1 1 0 1 1]
 [0 1 1 0 1 1 1 1 0 1]
 [0 0 1 1 0 1 1 1 0 1]
 [0 0 1 0 1 1 1 1 1 1]
 [1 1 1 0 1 0 1 0 1 1]
 [1 1 0 0 1 1 1 1 1 1]
 [1 1 0 1 1 1 0 1 1 0]
 [1 1 1 1 1 0 0 1 1 1]
 [1 1 1 1 1 1 1 1 1 1]
 [1 0 1 1 1 0 1 1 1 1]
 [1 1 1 0 1 0 1 1 1 0]
 [1 0 1 0 1 0 0 1 0 1]
 [0 0 1 1 0 1 1 1 0 1]
 [0 1 0 0 1 1 1 1 0 1]
 [0 0 0 1 1 0 1 0 1 1]
 [1 0 0 1 1 1 1 0 1 0]
 [1 1 1 1 0 1 0 1 0 1]
 [0 0 0 0 0 1 0 0 0 1]
 [1 1 1 0 1 0 1 1 1 1]
 [0 1 1 0 0 1 1 1 1 0]
 [1 1 1 1 1 1 1 1 1 0]
 [1 1 0 0 1 1 1 0 0 1]
 [0 1 1 1 1 1 1 0 1 1]
 [1 0 1 0 1 1 1 0 1 1]
 [1 0 0 1 1 1 1 1 1 0]
 [1 0 1 1 0 1 1 1 1 1]
 [1 0 1 1 1 1 1 0 1 1]
 [1 1 1 1 0 0 0 1 1 0]
 [1 1 1 0 1 1 1 0 0 0]
 [1 0 1 1 0 1 1 1 1 0]
 [1 0 0 0 0 1 1 1 1 1]
 [1 1 1 1 1 1 0 1 1 0]
 [1 1 1 1 0 1 0 1 0 1]
 [0 0 1 1 1 1 1 1 1 1]
 [1 1 1 1 0 1 1 1 0 1]
 [0 0 1 1 0 1 1 0 1 1]
 [1 1 1 1 1 1 1 1 0 1]
 [0 0 1 1 1 0 1 1 1 1]
 [1 1 0 0 1 1 0 1 0 0]
 [0 1 1 1 1 1 1 1 1 1]
 [0 1 1 1 1 1 0 1 1 0]
 [1 1 1 0 1 1 1 1 1 1]
 [1 0 0 0 1 1 1 1 1 1]
 [0 1 1 1 0 1 1 0 1 1]
 [1 1 1 1 0 1 1 1 1 1]
 [1 0 1 1 1 1 1 0 1 1]
 [1 0 1 0 1 1 1 0 0 1]
 [1 1 1 1 1 1 1 1 1 0]
 [1 1 1 1 1 1 1 1 0 1]
 [1 0 1 1 1 1 1 0 1 1]
 [1 0 0 0 1 1 1 0 1 0]
 [1 1 1 0 1 0 1 1 0 1]
 [1 1 1 1 1 1 1 1 1 1]
 [0 0 1 0 1 1 1 0 1 1]
 [1 1 0 1 0 1 0 1 1 1]
 [0 0 1 1 1 1 0 1 1 1]
 [1 1 1 0 1 1 1 1 0 1]
 [1 1 1 1 1 1 1 1 1 1]
 [1 0 0 0 1 0 0 1 1 1]
 [0 1 1 1 1 1 0 1 1 1]
 [1 0 1 0 0 1 1 1 1 1]
 [0 1 1 1 1 1 1 0 1 1]
 [1 0 1 0 1 1 0 0 0 1]
 [0 1 0 0 0 0 1 1 1 1]
 [1 0 1 1 1 0 0 1 1 0]
 [1 1 1 1 1 1 1 1 0 1]
 [1 1 0 0 1 1 1 1 1 1]
 [1 1 1 1 1 1 1 1 1 1]
 [1 0 1 1 1 1 0 1 1 1]]
{'restarts': 9, 'conflicts': 4869, 'decisions': 9483, 'propagations': 4531878}
Q is identifiable
branch at 6
runtime for solving id of Q is 0.7172610750421882
Simulation results:
{'J': 100, 'K': 10, 'N': 10, 'p': 0.7, 'seed': 885, 'sim': 0, 'runtime': 0.7172610750421882, 'identifiable': 1, 'branch': 6}
1
Q: [[1 1 0 1 1 1 1 1 1 1]
 [1 1 1 0 1 1 1 1 0 1]
 [1 0 1 1 0 0 1 1 0 0]
 [1 0 1 0 0 0 1 1 1 1]
 [1 1 0 1 0 0 0 0 1 0]
 [0 1 1 1 0 0 0 0 1 1]
 [1 0 1 1 1 1 1 1 0 1]
 [1 0 0 1 0 1 0 0 1 1]
 [0 1 0 1 1 0 1 1 1 1]
 [1 1 1 0 1 1 1 1 0 0]
 [1 0 1 0 1 1 1 1 1 1]
 [1 1 1 1 1 0 1 1 0 1]
 [1 1 0 0 1 1 1 1 1 1]
 [1 0 0 1 1 1 1 1 1 1]
 [1 1 0 1 1 0 0 1 0 0]
 [1 1 0 0 1 1 0 1 1 1]
 [1 1 0 0 1 1 1 1 1 1]
 [1 1 0 0 1 1 0 1 1 1]
 [0 1 1 1 0 1 1 1 1 0]
 [1 0 1 0 1 0 1 1 1 1]
 [0 1 1 0 1 1 1 0 1 1]
 [1 1 1 0 0 1 1 0 0 1]
 [1 1 0 0 1 1 1 0 1 1]
 [1 0 1 0 1 1 1 1 0 1]
 [0 1 1 1 1 1 1 1 1 1]
 [1 1 1 1 1 0 1 1 1 1]
 [1 1 1 1 1 1 0 0 1 1]
 [1 0 1 0 1 0 0 1 1 1]
 [0 0 1 0 0 0 0 1 1 1]
 [0 1 1 1 1 0 1 1 1 1]
 [0 1 1 0 1 0 0 0 0 0]
 [1 1 0 1 1 1 0 1 0 1]
 [1 1 1 0 1 1 0 0 1 1]
 [0 0 1 1 1 0 1 1 0 1]
 [1 1 1 1 1 1 0 1 0 0]
 [1 1 1 1 0 0 1 1 0 0]
 [1 1 1 1 1 0 0 1 1 0]
 [1 1 1 0 0 0 0 1 1 1]
 [1 1 0 1 1 0 1 1 0 1]
 [1 1 1 1 1 0 1 1 1 1]
 [1 0 0 0 1 1 0 0 1 1]
 [1 1 0 1 1 0 1 0 1 1]
 [1 1 1 1 1 1 1 0 1 1]
 [1 1 1 1 1 1 0 1 1 1]
 [1 1 0 0 1 1 1 0 1 0]
 [0 1 0 1 0 1 0 1 1 1]
 [1 1 1 0 1 1 1 1 1 0]
 [1 1 1 1 1 0 1 0 1 1]
 [1 1 1 1 1 1 0 0 0 0]
 [1 1 1 1 1 1 0 0 1 1]
 [1 1 1 1 1 1 1 1 1 1]
 [1 0 1 0 1 0 1 1 0 1]
 [1 1 1 1 0 0 1 1 1 1]
 [1 1 1 0 1 0 0 0 0 1]
 [1 0 0 1 1 1 1 1 0 1]
 [0 1 1 1 1 1 1 1 0 1]
 [1 1 0 0 1 1 0 0 0 1]
 [1 1 1 0 0 1 0 1 0 1]
 [1 1 1 1 0 1 1 1 1 1]
 [0 1 0 1 1 0 0 1 1 1]
 [1 1 1 1 0 1 1 1 0 1]
 [1 1 1 1 0 1 1 0 1 1]
 [0 0 1 0 1 1 1 0 0 1]
 [0 1 0 1 1 1 1 0 1 1]
 [1 1 0 1 1 1 1 0 0 1]
 [1 1 1 1 1 1 0 1 1 1]
 [0 1 1 1 1 0 1 1 1 1]
 [1 1 1 1 1 0 1 0 1 0]
 [0 1 0 1 1 1 1 1 1 1]
 [1 0 1 0 1 1 1 0 1 0]
 [0 0 1 1 1 1 1 1 1 0]
 [0 1 0 1 0 0 1 0 0 0]
 [0 1 1 1 1 1 1 0 1 1]
 [1 0 1 1 0 1 0 1 1 1]
 [1 1 1 1 1 1 0 1 0 1]
 [1 0 1 1 1 1 1 0 1 1]
 [0 0 1 1 1 1 0 1 1 0]
 [1 1 1 0 0 1 1 0 1 1]
 [1 0 1 1 1 1 0 1 0 1]
 [1 0 1 1 1 1 1 0 1 1]
 [0 1 0 1 0 0 1 1 0 1]
 [1 1 0 0 0 0 0 1 1 0]
 [0 1 0 1 1 0 0 1 1 1]
 [1 1 0 0 0 1 1 1 0 1]
 [0 1 1 1 1 1 1 0 1 1]
 [0 0 1 1 1 1 1 1 1 0]
 [0 0 0 1 1 1 0 1 0 0]
 [1 1 1 1 1 1 1 1 1 1]
 [1 1 1 1 0 1 0 0 0 1]
 [1 1 1 1 0 1 0 1 1 1]
 [1 1 0 1 0 1 1 1 1 1]
 [0 1 1 1 1 1 0 1 1 0]
 [0 1 1 1 1 1 1 0 1 0]
 [0 0 0 1 1 0 1 1 0 1]
 [1 1 1 0 1 1 1 1 0 1]
 [1 1 1 0 1 1 1 0 1 1]
 [0 1 1 1 1 1 1 1 1 1]
 [1 1 1 1 1 1 1 1 1 1]
 [1 1 1 0 1 1 1 1 1 0]
 [1 1 1 1 1 1 1 1 0 1]]
{'restarts': 13, 'conflicts': 3658, 'decisions': 7096, 'propagations': 3300811}
Q is identifiable
branch at 6
runtime for solving id of Q is 0.5175815057009459
Simulation results:
{'J': 100, 'K': 10, 'N': 10, 'p': 0.7, 'seed': 885, 'sim': 1, 'runtime': 0.5175815057009459, 'identifiable': 1, 'branch': 6}
2
Q: [[1 0 1 0 1 0 1 1 1 1]
 [0 1 1 1 0 1 0 1 1 1]
 [0 1 1 0 1 0 1 0 0 0]
 [1 1 1 1 1 1 1 0 0 1]
 [1 1 1 1 1 0 1 0 1 0]
 [0 1 0 1 1 1 1 0 1 1]
 [1 1 0 0 1 1 1 1 0 0]
 [0 0 1 1 1 1 0 1 1 0]
 [1 0 0 1 1 1 0 1 0 1]
 [1 0 1 1 1 1 1 0 1 0]
 [1 1 0 0 1 1 1 1 1 0]
 [0 0 1 1 1 0 0 1 0 1]
 [1 1 1 1 1 0 1 1 0 0]
 [0 1 1 1 1 0 0 1 1 1]
 [1 0 1 0 1 1 1 1 0 1]
 [1 1 1 0 1 1 1 1 1 1]
 [0 1 1 1 1 1 1 1 1 1]
 [1 1 1 1 1 1 1 1 1 1]
 [0 1 1 1 1 1 0 1 1 0]
 [0 1 0 0 1 1 0 0 1 1]
 [1 0 0 1 0 0 1 1 0 1]
 [1 1 1 1 1 1 1 0 1 1]
 [1 1 1 1 1 1 1 0 1 1]
 [1 1 1 1 0 0 1 1 1 1]
 [1 1 0 0 1 1 0 0 1 1]
 [0 1 0 1 0 0 1 1 1 1]
 [0 1 0 1 1 0 0 1 1 0]
 [1 1 1 0 1 1 1 0 0 1]
 [1 0 1 0 1 1 1 1 1 0]
 [1 0 1 1 1 1 1 1 1 1]
 [1 0 1 1 1 1 0 0 1 1]
 [1 1 1 0 1 0 1 1 1 0]
 [1 0 0 1 1 1 1 1 1 1]
 [0 1 1 1 0 1 1 1 1 1]
 [0 0 0 0 0 0 1 1 0 0]
 [1 1 1 1 1 1 1 1 1 1]
 [1 1 1 1 0 1 1 0 1 1]
 [0 0 0 1 1 1 0 0 0 1]
 [1 1 1 1 0 0 1 0 1 0]
 [1 1 1 1 1 0 1 0 1 1]
 [0 0 0 1 1 0 1 1 0 0]
 [1 0 0 0 1 1 0 1 1 1]
 [1 0 1 1 1 1 1 1 1 1]
 [1 1 1 1 1 1 1 0 1 1]
 [1 1 1 1 1 1 1 1 1 1]
 [1 1 0 0 1 0 1 1 1 1]
 [0 0 0 1 1 1 1 0 0 0]
 [0 1 0 1 1 1 0 0 1 1]
 [1 1 0 1 1 0 1 1 1 1]
 [1 1 0 1 1 1 0 1 0 1]
 [1 1 1 0 1 0 1 0 1 1]
 [1 1 1 1 1 1 0 1 0 0]
 [1 1 0 1 1 1 0 1 1 1]
 [1 0 1 0 1 1 1 1 0 0]
 [0 0 0 1 1 0 1 1 0 1]
 [0 1 1 0 1 1 1 1 1 0]
 [0 1 0 1 0 0 1 1 0 1]
 [0 1 1 1 1 0 1 1 1 0]
 [0 1 0 0 1 1 1 0 1 0]
 [1 1 1 1 1 0 1 1 1 1]
 [1 1 1 0 1 0 0 1 1 1]
 [1 1 0 1 1 0 1 1 1 0]
 [1 1 1 0 1 1 0 1 1 1]
 [1 0 1 1 1 0 0 0 0 1]
 [0 1 1 1 1 1 1 1 1 1]
 [1 1 1 0 0 1 1 1 1 1]
 [1 1 1 1 1 1 0 1 1 0]
 [0 0 0 1 0 0 1 1 0 1]
 [1 1 1 1 1 1 1 1 1 1]
 [0 1 1 0 1 0 1 1 1 1]
 [1 0 0 0 1 0 1 1 0 1]
 [0 1 1 1 0 0 1 1 1 1]
 [1 1 1 0 1 1 1 1 1 0]
 [0 1 0 1 1 0 1 1 1 1]
 [0 1 0 1 1 1 0 1 1 1]
 [1 1 1 1 1 0 0 0 1 1]
 [1 0 1 1 1 1 0 1 1 0]
 [1 1 0 1 1 1 1 1 1 1]
 [0 1 0 0 0 1 0 0 1 1]
 [1 0 1 1 1 0 1 1 1 0]
 [1 0 1 0 0 1 0 0 1 1]
 [1 1 1 1 0 1 1 1 1 1]
 [1 0 0 0 0 0 1 1 1 0]
 [1 1 1 0 1 0 1 0 1 1]
 [1 1 1 0 1 1 1 1 1 1]
 [0 1 1 1 1 0 1 0 1 0]
 [1 1 0 0 1 0 0 1 0 0]
 [1 1 1 0 0 1 1 0 0 0]
 [1 1 0 1 1 1 0 1 1 1]
 [1 1 1 1 1 0 1 0 1 1]
 [0 0 1 1 0 0 0 1 1 1]
 [1 1 0 1 1 0 0 1 1 1]
 [0 1 0 1 0 1 1 1 1 1]
 [1 0 0 1 0 1 1 1 1 1]
 [1 0 1 1 1 0 0 1 0 0]
 [1 0 0 0 1 1 1 1 1 1]
 [1 0 1 1 0 1 1 0 1 1]
 [0 0 1 0 0 1 1 0 1 1]
 [0 1 1 1 0 1 1 1 0 1]
 [1 0 1 1 1 0 1 1 1 1]]
{'restarts': 3, 'conflicts': 656, 'decisions': 1658, 'propagations': 543978}
Q is identifiable
branch at 6
runtime for solving id of Q is 0.295549338683486
Simulation results:
{'J': 100, 'K': 10, 'N': 10, 'p': 0.7, 'seed': 885, 'sim': 2, 'runtime': 0.295549338683486, 'identifiable': 1, 'branch': 6}
3
Q: [[1 1 0 1 1 1 0 0 1 1]
 [1 1 0 1 1 1 1 0 1 0]
 [0 1 1 0 1 1 1 1 1 0]
 [1 1 1 1 1 0 0 1 1 0]
 [1 1 1 1 1 1 0 1 1 1]
 [1 1 1 0 1 1 0 1 0 0]
 [1 1 1 1 1 1 1 0 1 0]
 [1 1 1 0 1 0 1 0 1 1]
 [1 1 0 1 0 1 1 0 0 1]
 [1 1 1 1 1 0 0 1 1 1]
 [1 0 1 1 1 1 1 1 0 0]
 [1 1 0 1 1 0 1 0 1 0]
 [1 1 0 1 1 1 1 1 1 1]
 [1 0 1 1 1 1 1 0 1 1]
 [1 0 0 1 1 1 1 1 1 1]
 [1 1 1 1 1 1 0 0 1 1]
 [1 0 1 0 1 1 1 1 1 0]
 [1 0 1 0 1 1 1 1 1 0]
 [1 0 1 1 1 1 1 1 0 1]
 [1 1 1 0 1 0 1 1 1 1]
 [1 1 1 1 1 1 1 0 1 0]
 [1 0 1 1 1 0 1 1 1 1]
 [1 0 0 0 1 1 1 0 0 1]
 [0 1 1 1 1 1 1 1 0 1]
 [1 0 1 1 0 0 1 1 0 0]
 [1 1 0 0 0 0 1 1 1 0]
 [0 1 1 1 0 0 0 1 1 0]
 [1 1 1 1 1 1 1 1 0 0]
 [1 1 1 0 1 1 1 1 1 0]
 [0 0 1 1 1 1 1 0 0 0]
 [1 1 1 0 1 0 1 1 0 1]
 [0 1 1 0 0 1 1 1 1 1]
 [1 1 1 1 0 0 1 1 1 1]
 [1 1 1 0 1 0 1 1 1 1]
 [1 1 0 1 1 0 0 1 1 0]
 [1 1 1 1 1 1 0 0 1 1]
 [1 0 1 1 1 0 1 0 1 1]
 [0 0 1 0 1 0 1 0 0 1]
 [1 1 0 1 1 1 0 0 0 1]
 [1 1 1 0 1 0 1 1 1 1]
 [1 1 1 1 1 0 1 1 1 0]
 [1 1 0 1 0 1 1 1 1 0]
 [1 0 1 1 0 1 0 1 0 0]
 [1 1 1 1 1 0 0 1 1 1]
 [1 1 1 1 0 0 0 0 1 0]
 [0 1 1 1 1 1 0 1 1 1]
 [1 1 0 1 1 1 0 1 1 1]
 [1 1 0 1 1 1 0 0 0 1]
 [1 1 1 0 1 1 0 1 0 1]
 [1 0 1 1 1 0 0 1 0 1]
 [1 1 1 1 1 1 1 1 0 1]
 [1 0 1 0 0 0 0 1 0 0]
 [1 1 0 1 1 0 1 1 0 1]
 [0 0 1 1 1 1 1 1 0 1]
 [1 1 1 1 1 1 1 1 0 1]
 [1 1 1 1 1 1 1 1 1 1]
 [1 1 0 0 0 1 1 1 0 0]
 [0 0 1 1 1 1 1 1 1 1]
 [1 1 0 1 1 1 0 1 0 0]
 [0 1 1 1 1 1 1 1 1 0]
 [1 0 1 1 0 1 1 1 0 1]
 [1 1 1 0 1 1 1 0 0 0]
 [1 0 0 0 1 1 1 1 0 1]
 [0 0 1 1 1 1 0 1 0 1]
 [1 1 1 1 1 1 1 0 0 1]
 [1 1 1 1 0 1 1 1 1 0]
 [1 0 0 0 0 1 1 0 1 1]
 [1 0 0 1 1 0 1 1 0 1]
 [0 0 0 0 1 1 1 0 1 1]
 [1 0 1 0 1 1 1 1 1 1]
 [1 1 0 1 0 1 0 1 1 0]
 [1 0 0 1 1 1 1 0 1 1]
 [1 1 1 1 1 0 1 0 1 1]
 [1 1 1 0 1 0 1 1 0 1]
 [1 0 1 1 0 0 1 0 0 1]
 [1 1 1 0 0 1 1 1 1 1]
 [1 1 0 1 0 1 0 1 1 1]
 [0 0 1 0 0 1 1 0 1 1]
 [0 1 1 0 0 1 0 0 1 0]
 [1 1 1 0 1 1 0 1 1 0]
 [0 0 0 0 1 1 0 0 1 1]
 [0 0 1 0 0 1 0 0 1 1]
 [1 0 1 1 0 1 1 0 1 1]
 [0 1 0 0 1 1 1 1 1 1]
 [1 0 1 1 1 0 1 0 1 1]
 [1 1 0 1 0 1 1 1 0 1]
 [1 1 1 0 1 0 0 1 0 1]
 [1 1 1 1 0 0 1 0 1 1]
 [1 1 1 0 0 1 1 1 1 0]
 [1 0 1 1 0 1 0 0 1 1]
 [0 1 1 0 1 1 1 1 0 0]
 [0 0 1 1 1 0 1 0 0 1]
 [1 0 1 0 1 0 1 0 0 1]
 [1 0 0 1 1 1 0 1 1 0]
 [1 0 1 1 0 1 1 1 1 0]
 [1 1 1 1 1 1 0 1 1 1]
 [0 0 1 1 0 0 0 1 1 0]
 [1 1 1 1 1 0 1 1 1 1]
 [1 0 1 1 1 1 1 1 1 1]
 [1 0 1 0 1 0 1 1 1 1]]
{'restarts': 12, 'conflicts': 2359, 'decisions': 5603, 'propagations': 2301544}
Q is identifiable
branch at 6
runtime for solving id of Q is 0.4267197288572788
Simulation results:
{'J': 100, 'K': 10, 'N': 10, 'p': 0.7, 'seed': 885, 'sim': 3, 'runtime': 0.4267197288572788, 'identifiable': 1, 'branch': 6}
4
Q: [[1 0 1 1 0 1 1 0 1 1]
 [1 1 1 1 0 0 1 0 1 1]
 [1 1 1 1 1 1 1 1 1 0]
 [1 1 1 1 1 1 1 0 1 0]
 [1 1 1 1 1 1 0 1 1 1]
 [0 1 1 0 0 1 1 1 1 1]
 [0 1 1 0 0 1 1 1 1 1]
 [1 0 1 0 0 1 1 0 1 1]
 [1 1 0 1 1 1 0 1 1 1]
 [1 1 1 0 1 1 1 1 1 1]
 [1 1 1 1 1 0 1 0 1 0]
 [1 1 0 1 1 1 1 1 1 1]
 [1 1 1 1 1 1 1 0 1 0]
 [1 1 1 1 1 1 1 1 1 0]
 [1 1 1 0 0 0 1 0 0 1]
 [1 1 0 0 1 1 1 1 1 1]
 [0 1 1 0 1 1 1 1 1 1]
 [0 0 1 1 1 1 1 1 0 0]
 [0 1 1 1 1 1 0 1 1 1]
 [0 1 1 1 1 0 0 0 1 1]
 [1 1 1 1 0 1 1 0 0 1]
 [1 1 1 1 1 1 1 0 1 1]
 [1 0 1 0 1 1 1 1 1 1]
 [0 1 1 1 0 1 1 1 0 0]
 [0 1 0 1 1 1 1 0 1 1]
 [0 1 0 0 1 1 0 0 0 0]
 [1 1 0 1 1 0 1 1 1 0]
 [1 0 1 1 1 1 1 1 0 1]
 [1 1 0 1 1 1 1 0 0 0]
 [1 1 1 1 1 1 1 0 1 0]
 [1 1 1 1 1 1 1 1 1 1]
 [1 1 1 1 1 1 0 1 0 1]
 [1 1 0 0 1 0 0 1 1 1]
 [1 0 1 0 1 1 0 0 0 1]
 [1 0 0 1 1 1 0 1 1 1]
 [0 1 1 1 0 1 1 0 0 0]
 [1 1 1 1 1 0 1 1 1 0]
 [1 0 1 1 1 1 1 0 0 1]
 [1 1 1 1 1 0 1 0 1 1]
 [1 0 1 1 1 1 0 0 1 0]
 [0 1 1 1 1 0 0 1 1 1]
 [1 0 0 1 0 1 1 0 1 0]
 [0 0 1 1 0 1 1 1 1 0]
 [1 1 1 0 1 1 1 1 0 0]
 [1 1 1 1 1 1 1 1 1 1]
 [0 1 1 0 0 1 1 0 1 1]
 [1 1 1 1 1 1 1 1 1 0]
 [1 1 1 0 1 0 0 0 1 1]
 [1 1 1 1 1 0 1 1 1 1]
 [1 1 0 1 1 1 0 1 0 1]
 [1 0 1 1 1 0 1 1 1 1]
 [0 1 1 0 1 0 0 0 1 1]
 [1 1 0 1 1 1 0 0 0 0]
 [1 0 1 1 1 1 1 1 0 1]
 [1 0 0 1 1 1 1 1 1 0]
 [1 0 1 0 0 1 1 0 1 0]
 [0 1 0 1 0 1 1 1 0 1]
 [1 1 0 1 1 1 0 1 0 1]
 [1 1 0 0 0 0 0 1 1 1]
 [1 0 1 1 0 0 1 1 1 1]
 [1 0 1 0 1 1 1 0 1 1]
 [1 0 1 1 1 1 1 1 1 0]
 [1 1 1 1 0 1 0 0 0 0]
 [1 0 1 1 1 1 1 1 1 1]
 [1 0 1 1 0 0 0 0 1 1]
 [1 1 1 0 1 1 1 0 0 1]
 [0 1 0 1 1 0 0 0 1 1]
 [1 1 1 0 1 1 0 1 1 0]
 [1 0 0 1 1 0 1 0 0 1]
 [1 1 1 1 0 1 1 0 1 1]
 [1 1 0 1 1 1 0 1 1 1]
 [0 1 1 0 1 0 0 0 1 1]
 [1 0 1 0 1 1 1 1 1 1]
 [0 0 0 1 1 1 1 1 1 1]
 [1 1 0 1 0 1 1 1 1 0]
 [1 1 0 1 0 1 1 1 0 1]
 [1 1 0 1 1 1 1 1 1 1]
 [0 1 1 1 1 0 1 1 1 1]
 [1 1 0 1 1 1 1 1 1 1]
 [0 1 1 1 1 1 1 1 1 1]
 [1 1 0 1 0 1 1 1 0 0]
 [1 1 1 1 0 0 1 1 1 1]
 [0 1 1 0 1 1 0 1 1 1]
 [1 1 1 1 1 1 1 1 0 0]
 [1 1 1 0 1 1 1 1 1 1]
 [1 0 1 1 1 1 1 1 1 1]
 [0 0 1 1 1 0 1 0 1 1]
 [1 1 1 1 1 1 0 1 0 0]
 [0 1 1 0 1 0 0 1 1 1]
 [0 1 1 0 0 1 1 0 0 1]
 [1 1 0 1 0 1 0 1 1 1]
 [1 0 1 1 1 0 0 1 0 1]
 [0 1 0 0 1 1 1 0 1 0]
 [1 1 1 1 1 0 1 1 1 1]
 [1 1 0 1 1 1 0 1 1 1]
 [1 1 1 0 1 1 1 0 0 1]
 [1 1 0 0 1 1 1 1 1 1]
 [1 1 1 1 1 1 0 0 1 1]
 [1 1 1 0 1 1 1 1 1 0]
 [1 1 0 1 1 1 1 1 1 0]]
{'restarts': 243, 'conflicts': 92689, 'decisions': 130683, 'propagations': 78477079}
Q is identifiable
branch at 6
runtime for solving id of Q is 12.282433479093015
Simulation results:
{'J': 100, 'K': 10, 'N': 10, 'p': 0.7, 'seed': 885, 'sim': 4, 'runtime': 12.282433479093015, 'identifiable': 1, 'branch': 6}
5
Q: [[1 0 1 1 1 0 0 1 1 0]
 [0 0 1 1 1 0 0 1 1 1]
 [1 0 0 1 0 1 1 1 0 0]
 [0 0 1 0 0 1 1 1 0 1]
 [1 1 0 1 1 1 1 1 0 1]
 [1 0 0 0 1 1 1 1 1 1]
 [1 1 1 1 0 1 1 1 1 1]
 [0 1 1 1 1 0 1 1 1 1]
 [0 0 1 1 0 0 1 1 0 0]
 [1 0 1 0 1 1 1 0 1 1]
 [1 1 1 0 1 1 1 0 1 0]
 [1 1 0 1 0 0 0 0 1 1]
 [0 1 1 0 1 0 1 1 1 1]
 [1 0 0 1 1 1 1 0 1 1]
 [1 1 1 1 0 1 0 1 1 0]
 [1 1 1 0 0 1 0 0 1 1]
 [0 1 0 1 1 1 1 0 1 1]
 [1 0 1 1 1 1 1 1 1 1]
 [1 0 1 1 1 0 1 1 0 1]
 [1 1 1 0 0 1 1 0 0 1]
 [1 1 1 1 0 0 1 1 1 1]
 [1 0 0 1 1 0 0 1 0 1]
 [0 1 0 0 0 1 1 1 0 1]
 [1 1 1 1 1 1 1 0 0 0]
 [0 1 1 1 1 0 0 1 1 1]
 [0 1 1 1 1 0 0 1 0 1]
 [0 1 0 1 1 1 1 0 1 1]
 [1 1 0 1 0 1 1 1 1 1]
 [1 1 0 0 1 0 0 1 0 1]
 [1 0 1 1 1 1 0 0 0 0]
 [1 1 0 1 0 1 0 1 0 1]
 [1 0 0 1 1 0 1 1 1 0]
 [1 1 1 1 1 1 1 0 1 1]
 [0 1 1 1 0 1 1 1 1 1]
 [1 0 0 1 1 0 0 1 1 1]
 [0 0 1 1 1 1 1 1 1 1]
 [0 1 1 0 0 1 1 1 0 0]
 [0 1 0 0 0 0 1 0 1 1]
 [1 1 0 1 0 1 1 1 1 0]
 [1 1 1 1 0 1 1 1 1 0]
 [1 0 1 1 0 1 0 1 1 1]
 [1 1 1 1 1 0 1 1 1 0]
 [0 0 1 1 0 1 1 1 1 1]
 [1 1 0 0 1 1 1 1 1 1]
 [1 1 1 1 1 1 1 1 1 0]
 [0 1 1 1 0 1 1 1 0 1]
 [1 1 1 1 1 1 0 1 1 1]
 [0 1 1 0 0 0 1 1 0 1]
 [1 1 0 1 1 1 1 1 1 1]
 [1 1 1 1 1 1 1 1 0 0]
 [1 1 1 0 0 1 1 1 1 0]
 [1 1 0 1 1 0 1 1 1 1]
 [1 1 0 1 1 1 0 0 0 0]
 [0 1 1 1 0 1 1 1 1 1]
 [0 1 1 0 0 0 1 0 1 1]
 [1 1 0 1 0 1 1 1 1 1]
 [0 1 1 1 1 0 1 1 1 1]
 [1 0 0 1 1 0 1 1 1 1]
 [1 1 0 1 1 0 1 1 1 1]
 [1 1 0 0 0 1 1 1 1 1]
 [1 1 0 1 0 1 1 1 1 1]
 [1 0 1 1 1 1 0 1 1 1]
 [0 0 1 1 1 1 1 0 0 1]
 [1 1 1 1 0 1 1 1 1 1]
 [1 0 1 1 1 1 0 1 1 1]
 [1 0 0 1 1 0 1 1 0 0]
 [0 1 0 1 0 0 0 1 1 1]
 [1 1 0 1 0 1 1 1 1 1]
 [0 1 1 0 1 0 1 1 1 1]
 [1 0 1 1 1 1 0 1 1 1]
 [1 1 1 0 1 1 0 0 1 0]
 [1 1 1 0 1 1 1 1 0 1]
 [0 1 1 1 1 1 0 1 0 1]
 [0 0 1 0 1 1 1 0 1 1]
 [1 1 1 1 0 1 1 1 1 1]
 [0 1 1 1 1 1 0 1 1 1]
 [1 1 0 1 1 0 0 1 1 0]
 [1 0 0 1 0 1 1 1 1 1]
 [1 0 0 0 1 1 1 1 1 1]
 [0 1 1 1 1 1 1 1 1 1]
 [1 1 0 0 1 0 1 0 1 0]
 [0 0 1 0 1 1 0 1 1 1]
 [1 1 1 0 1 1 0 0 1 1]
 [0 1 1 1 1 0 1 1 0 1]
 [1 1 1 1 1 1 1 1 0 0]
 [1 1 1 1 0 1 1 1 1 0]
 [1 1 1 1 1 1 1 1 1 1]
 [1 1 1 1 1 1 0 1 1 1]
 [0 1 0 0 1 1 0 1 1 1]
 [1 1 1 1 1 0 1 1 0 1]
 [1 0 1 1 0 1 0 0 1 1]
 [0 1 0 1 1 0 0 1 0 1]
 [1 0 1 0 1 0 1 0 0 0]
 [1 1 1 0 0 1 1 0 1 0]
 [0 1 1 0 0 1 0 1 1 0]
 [1 1 1 1 1 0 0 1 1 1]
 [1 1 0 1 0 0 0 0 0 1]
 [1 0 0 1 1 1 0 0 1 1]
 [1 1 1 0 1 1 0 1 1 1]
 [1 1 1 1 1 1 1 1 1 0]]
{'restarts': 44, 'conflicts': 18913, 'decisions': 31273, 'propagations': 20099723}
Q is identifiable
branch at 6
runtime for solving id of Q is 2.655176212079823
Simulation results:
{'J': 100, 'K': 10, 'N': 10, 'p': 0.7, 'seed': 885, 'sim': 5, 'runtime': 2.655176212079823, 'identifiable': 1, 'branch': 6}
6
Q: [[0 1 1 1 0 1 1 1 0 0]
 [1 1 1 1 0 0 1 1 0 1]
 [1 0 1 0 1 0 0 0 0 1]
 [1 1 1 1 1 1 0 1 1 1]
 [1 1 0 0 0 1 0 1 1 1]
 [1 0 0 0 0 1 1 1 1 1]
 [1 0 1 0 1 1 1 1 1 1]
 [1 1 0 1 1 1 1 1 1 1]
 [1 0 0 1 1 1 1 0 1 1]
 [0 0 1 1 0 1 1 1 1 1]
 [0 1 1 1 0 1 1 0 1 1]
 [1 1 1 1 0 0 1 1 0 0]
 [1 1 1 0 0 0 0 1 1 1]
 [0 1 1 1 1 1 1 1 1 0]
 [0 1 0 1 1 0 0 1 0 0]
 [1 1 1 1 1 0 1 1 1 0]
 [0 1 1 1 0 0 1 0 1 0]
 [0 1 0 1 1 1 1 1 1 1]
 [1 1 1 1 1 1 0 0 1 0]
 [0 1 1 1 1 1 1 0 1 1]
 [1 1 1 0 1 1 1 1 1 1]
 [1 1 0 1 0 1 1 1 1 1]
 [0 1 0 1 0 1 0 0 1 0]
 [1 1 1 1 1 1 0 1 1 1]
 [0 1 1 0 0 1 1 1 1 1]
 [0 1 0 1 1 1 1 0 0 1]
 [0 1 0 1 1 0 1 1 1 1]
 [1 1 0 1 0 1 0 1 1 0]
 [0 0 1 1 1 1 0 0 1 0]
 [1 1 1 1 1 0 1 1 1 1]
 [1 1 1 1 1 1 1 0 1 1]
 [1 1 1 0 0 1 1 1 1 1]
 [1 1 1 1 0 1 1 1 1 0]
 [1 1 1 1 0 0 1 1 1 1]
 [0 0 1 1 1 1 1 1 1 0]
 [0 1 0 1 1 1 1 1 1 1]
 [1 1 1 0 1 0 1 1 0 1]
 [1 1 0 1 1 1 1 1 1 1]
 [1 0 1 1 0 1 0 1 1 1]
 [1 1 1 1 1 0 1 0 1 1]
 [1 1 1 1 1 1 1 1 1 1]
 [1 1 1 1 1 1 1 1 1 0]
 [1 0 1 1 1 0 1 1 1 0]
 [0 1 1 0 1 1 0 0 0 0]
 [1 1 1 1 0 1 1 1 1 1]
 [0 1 1 1 1 0 1 1 1 0]
 [1 1 1 1 1 1 1 1 1 0]
 [1 1 1 1 1 1 1 1 1 1]
 [0 1 1 0 1 1 0 0 0 0]
 [0 1 1 1 1 0 1 1 1 0]
 [1 0 1 0 1 1 0 0 1 0]
 [0 0 0 1 0 1 1 1 0 1]
 [1 0 1 0 1 0 1 1 0 1]
 [1 1 1 1 0 1 1 1 0 1]
 [1 1 1 1 0 1 1 1 1 1]
 [0 1 0 0 1 1 1 0 1 0]
 [1 1 0 0 0 1 1 1 1 1]
 [1 0 1 1 0 1 1 1 1 1]
 [1 1 1 1 0 1 1 1 0 1]
 [1 1 1 1 1 1 0 0 1 0]
 [1 1 0 0 1 0 1 1 0 0]
 [0 0 1 0 1 1 1 1 1 1]
 [0 1 1 1 0 0 1 0 1 0]
 [0 1 1 0 0 0 1 1 1 1]
 [1 1 0 1 1 1 1 1 1 1]
 [1 0 0 0 1 1 1 1 1 1]
 [0 1 0 1 1 1 1 1 1 0]
 [1 0 1 1 1 0 1 0 1 0]
 [0 1 1 1 1 1 0 1 1 1]
 [1 1 1 1 1 0 1 1 1 0]
 [1 1 1 0 0 1 1 1 0 1]
 [0 1 0 1 1 0 1 1 0 1]
 [1 1 1 1 1 0 0 0 0 1]
 [0 1 1 0 1 1 1 1 0 0]
 [1 1 1 1 1 1 0 1 1 0]
 [1 0 1 0 1 0 0 1 0 1]
 [1 1 0 0 1 1 1 1 1 1]
 [1 0 0 0 1 0 1 1 1 1]
 [1 0 0 1 1 0 1 1 1 0]
 [1 0 0 1 0 1 1 1 1 1]
 [1 0 1 1 0 1 0 0 1 1]
 [1 1 1 1 1 1 0 0 1 0]
 [1 1 1 1 1 0 0 1 0 0]
 [1 0 1 0 0 1 1 1 0 1]
 [1 1 0 0 1 0 1 1 1 1]
 [1 1 0 1 0 0 1 0 0 1]
 [1 0 1 1 0 1 0 1 1 1]
 [1 0 1 1 0 1 0 1 1 1]
 [0 1 1 1 0 1 1 1 1 1]
 [1 0 0 0 1 1 1 1 1 1]
 [1 0 1 0 0 0 1 0 1 1]
 [0 0 1 0 0 1 1 1 0 1]
 [0 1 0 1 0 1 1 1 1 1]
 [0 0 0 0 1 1 1 1 1 1]
 [0 0 1 0 1 1 1 0 1 1]
 [0 1 1 0 1 1 1 1 1 0]
 [1 0 1 1 0 1 1 1 1 0]
 [0 1 1 0 1 1 1 1 1 0]
 [0 1 0 0 1 0 1 0 1 1]
 [0 0 0 1 1 0 1 1 1 1]]
{'restarts': 61, 'conflicts': 24570, 'decisions': 39431, 'propagations': 24473287}
Q is identifiable
branch at 6
runtime for solving id of Q is 3.1329358369112015
Simulation results:
{'J': 100, 'K': 10, 'N': 10, 'p': 0.7, 'seed': 885, 'sim': 6, 'runtime': 3.1329358369112015, 'identifiable': 1, 'branch': 6}
7
Q: [[1 0 0 0 0 1 1 0 0 1]
 [1 1 0 0 1 1 1 0 0 1]
 [1 1 1 1 1 0 1 1 0 1]
 [1 1 0 1 1 1 1 1 1 0]
 [1 1 0 1 0 1 1 1 1 0]
 [1 1 1 1 1 0 0 0 1 1]
 [0 1 1 0 1 0 1 1 1 1]
 [1 1 0 0 1 1 0 0 1 1]
 [1 1 1 0 1 1 1 0 1 1]
 [0 0 0 1 0 0 1 1 1 0]
 [1 1 1 1 1 1 1 1 0 0]
 [0 1 1 1 1 1 0 1 1 0]
 [1 0 1 1 1 1 0 0 1 1]
 [1 1 1 0 1 0 0 1 0 1]
 [1 1 1 1 1 0 1 0 1 0]
 [1 1 1 1 1 1 0 1 1 1]
 [0 0 1 1 0 0 1 1 1 0]
 [1 1 1 1 1 1 1 1 0 0]
 [1 1 0 0 0 0 1 1 0 1]
 [0 1 0 1 0 0 0 0 0 1]
 [0 0 0 1 1 1 0 1 1 1]
 [1 1 1 1 0 1 1 0 1 0]
 [1 0 1 1 1 1 1 1 0 1]
 [1 0 1 0 1 0 0 1 1 0]
 [0 0 1 1 0 0 1 1 0 1]
 [0 1 0 1 1 0 1 1 1 1]
 [1 1 1 0 1 1 0 1 1 1]
 [1 1 1 1 1 1 1 1 0 1]
 [1 1 1 1 0 0 1 1 0 1]
 [1 0 1 1 0 1 0 1 0 1]
 [1 0 1 1 1 1 1 1 1 0]
 [0 1 0 1 1 1 0 1 1 1]
 [0 1 0 0 1 1 0 1 0 1]
 [1 0 1 1 1 1 0 1 1 0]
 [1 1 1 0 1 1 0 1 1 1]
 [1 1 0 1 1 0 0 0 1 0]
 [1 1 1 1 1 1 1 1 1 0]
 [1 1 1 1 1 1 1 1 0 0]
 [1 1 1 1 1 1 1 1 1 1]
 [1 1 1 0 1 0 0 0 0 1]
 [0 1 1 1 1 1 1 0 1 1]
 [1 1 1 1 0 0 0 1 1 1]
 [1 1 1 0 1 0 1 1 0 0]
 [0 1 1 1 1 1 1 0 0 0]
 [1 1 0 1 0 1 0 0 0 1]
 [1 1 0 1 1 1 0 1 0 1]
 [1 1 1 0 1 1 0 1 1 0]
 [1 1 1 1 1 1 1 0 1 1]
 [1 0 1 1 0 1 1 1 1 0]
 [1 0 0 1 0 1 1 1 1 1]
 [0 1 1 1 1 1 1 0 1 1]
 [0 1 0 1 0 0 1 0 1 1]
 [1 1 1 1 0 1 1 0 1 0]
 [1 1 0 0 1 1 0 1 1 1]
 [1 1 1 1 1 1 1 1 1 0]
 [1 1 0 0 1 0 1 1 0 1]
 [0 1 1 0 1 1 1 1 1 1]
 [1 0 1 1 0 1 1 1 1 1]
 [1 1 1 0 0 1 1 1 0 1]
 [0 1 1 1 1 0 1 1 1 0]
 [1 1 1 0 0 1 1 1 1 1]
 [0 0 1 1 1 1 1 1 1 0]
 [1 1 1 1 1 0 1 1 0 0]
 [0 1 1 1 1 1 1 1 1 0]
 [1 1 0 1 1 1 0 1 1 1]
 [1 0 1 1 1 1 1 1 0 1]
 [0 1 1 1 0 1 1 1 1 1]
 [1 1 1 0 1 1 1 0 0 1]
 [1 0 1 0 0 1 1 0 1 1]
 [1 0 1 0 1 1 1 1 1 1]
 [1 0 0 1 1 1 0 1 1 0]
 [1 1 0 1 1 1 1 1 0 1]
 [1 0 0 0 1 1 1 1 0 0]
 [1 1 1 0 0 0 1 1 1 0]
 [1 0 0 1 0 1 1 0 1 0]
 [1 0 0 0 1 0 0 1 1 0]
 [0 1 1 1 1 0 1 1 1 1]
 [1 0 0 1 1 0 1 1 1 0]
 [1 1 0 1 1 0 1 1 0 1]
 [0 1 1 0 1 1 0 0 0 1]
 [1 1 1 1 1 1 0 1 1 1]
 [0 1 1 1 0 1 1 0 1 1]
 [1 1 1 1 0 0 0 1 1 1]
 [1 0 1 1 1 1 1 1 1 1]
 [1 0 1 1 1 1 0 1 1 1]
 [0 1 1 0 1 0 1 0 1 0]
 [0 1 0 0 0 1 1 1 0 1]
 [0 1 1 1 0 1 1 1 0 0]
 [1 1 1 1 1 1 1 1 1 1]
 [0 0 1 0 1 0 1 1 1 1]
 [1 1 1 1 1 1 0 1 1 1]
 [0 1 0 1 1 1 0 1 1 1]
 [1 1 0 0 1 1 0 1 1 0]
 [0 1 1 0 1 1 1 1 1 1]
 [1 0 1 0 1 1 1 1 1 1]
 [0 1 1 1 1 1 1 1 1 1]
 [1 1 1 1 1 0 0 1 0 0]
 [0 1 1 1 1 0 1 1 1 1]
 [0 1 1 0 1 0 0 1 0 1]
 [1 0 0 1 0 1 1 1 0 1]]
{'restarts': 33, 'conflicts': 10011, 'decisions': 17131, 'propagations': 9454529}
Q is identifiable
branch at 6
runtime for solving id of Q is 1.2263773512095213
Simulation results:
{'J': 100, 'K': 10, 'N': 10, 'p': 0.7, 'seed': 885, 'sim': 7, 'runtime': 1.2263773512095213, 'identifiable': 1, 'branch': 6}
8
Q: [[1 1 1 0 0 1 1 1 1 1]
 [0 0 0 1 1 1 1 1 1 1]
 [1 1 0 0 1 1 1 1 0 0]
 [1 1 1 1 1 1 0 1 1 0]
 [1 1 1 1 0 0 1 0 1 1]
 [1 0 0 1 0 1 1 1 1 1]
 [1 1 0 1 0 0 0 0 1 1]
 [1 0 1 0 1 0 0 1 0 0]
 [0 1 1 0 1 1 0 1 1 1]
 [0 1 1 1 1 1 0 1 1 1]
 [1 1 1 1 1 1 1 1 1 0]
 [1 0 1 1 1 0 1 1 1 1]
 [0 1 0 1 1 1 1 1 1 1]
 [1 1 1 1 1 0 0 0 1 0]
 [0 1 0 0 1 1 0 1 0 0]
 [1 1 1 1 1 1 1 0 1 1]
 [1 1 1 1 1 1 0 1 0 0]
 [1 0 1 0 1 0 1 0 1 1]
 [0 1 1 0 0 1 1 1 1 0]
 [1 1 1 1 0 0 0 1 1 1]
 [1 1 1 1 0 1 1 0 1 1]
 [0 1 1 1 1 1 1 1 1 0]
 [0 1 1 0 1 1 1 1 0 0]
 [1 1 1 1 0 1 1 0 0 1]
 [1 1 0 0 0 1 1 1 1 0]
 [1 0 1 0 0 1 0 0 1 1]
 [0 1 1 1 1 0 1 1 1 1]
 [1 1 1 1 1 1 1 1 1 1]
 [0 1 1 1 1 1 1 1 1 0]
 [0 0 1 0 1 1 1 1 1 0]
 [1 1 1 1 1 0 1 0 0 1]
 [1 1 1 1 1 0 0 1 0 1]
 [1 1 1 0 1 1 1 1 1 1]
 [0 1 1 1 0 1 1 1 1 1]
 [0 1 1 1 0 0 0 1 1 1]
 [0 0 1 1 1 0 0 1 1 0]
 [0 1 0 0 1 1 0 1 1 1]
 [1 0 1 1 1 1 1 1 0 0]
 [0 1 1 1 0 1 0 1 1 1]
 [1 1 1 1 1 0 1 0 1 0]
 [0 1 1 1 1 1 0 0 0 0]
 [1 1 1 0 1 1 1 1 0 1]
 [1 1 0 1 1 1 0 1 1 1]
 [1 1 1 1 0 1 0 0 1 1]
 [1 1 0 1 1 0 0 1 1 1]
 [1 1 1 1 1 0 0 0 1 1]
 [1 0 1 1 1 0 1 0 1 0]
 [0 1 1 1 1 0 0 0 0 1]
 [1 0 1 0 1 0 1 1 0 1]
 [1 1 0 1 0 1 1 0 1 1]
 [1 1 1 1 0 1 1 1 1 1]
 [1 1 0 1 1 1 0 1 1 0]
 [1 0 0 0 1 0 1 1 1 1]
 [1 0 1 1 1 0 1 1 1 1]
 [1 1 1 1 1 1 1 1 0 1]
 [0 0 0 1 0 1 1 0 0 1]
 [1 1 1 1 0 1 1 1 1 1]
 [0 1 1 0 1 0 0 0 0 0]
 [1 0 1 0 0 1 1 1 1 0]
 [0 0 1 1 1 1 1 1 1 0]
 [1 1 1 1 1 1 0 1 1 1]
 [1 0 1 0 1 1 1 0 1 1]
 [1 0 1 0 1 1 0 0 1 0]
 [1 1 0 1 1 0 1 1 1 1]
 [1 1 1 1 1 1 1 1 1 1]
 [1 0 1 0 1 1 1 1 1 1]
 [1 1 1 1 1 1 1 0 1 1]
 [1 0 1 0 0 0 1 1 1 1]
 [1 1 1 1 1 0 0 0 1 1]
 [1 1 1 1 1 1 1 0 1 0]
 [1 0 1 0 0 1 1 0 1 1]
 [0 1 1 1 1 1 1 0 1 1]
 [0 1 1 0 1 1 1 1 1 1]
 [0 1 1 0 1 1 1 0 1 1]
 [1 1 1 1 1 1 1 1 1 1]
 [0 1 1 1 1 1 0 1 1 1]
 [0 0 1 1 0 1 1 1 1 0]
 [1 1 1 1 1 1 1 1 1 1]
 [1 1 0 1 1 1 0 1 0 0]
 [0 0 1 1 0 1 0 0 1 0]
 [1 1 0 1 0 1 0 1 1 1]
 [1 1 1 1 1 1 1 1 1 1]
 [0 1 1 1 1 1 1 1 1 1]
 [1 0 1 1 0 1 0 1 1 1]
 [1 1 1 1 0 0 0 0 1 1]
 [1 1 1 1 0 1 1 1 1 0]
 [1 0 0 1 1 0 1 1 1 0]
 [0 1 1 1 1 0 0 0 1 0]
 [1 0 1 1 1 1 0 0 1 0]
 [1 1 1 0 1 1 1 0 1 1]
 [0 1 0 1 1 1 0 1 1 1]
 [1 1 0 1 1 1 0 1 1 1]
 [0 1 1 1 1 0 1 0 1 0]
 [1 1 0 1 1 1 1 1 0 1]
 [1 1 1 1 1 1 1 1 1 1]
 [1 1 1 0 1 1 1 1 1 1]
 [0 0 1 1 1 0 1 1 0 0]
 [1 1 1 1 0 1 1 0 1 1]
 [1 1 1 1 1 1 1 0 0 0]
 [1 1 0 0 1 1 1 0 1 1]]
{'restarts': 35, 'conflicts': 17926, 'decisions': 27808, 'propagations': 16517321}
Q is identifiable
branch at 6
runtime for solving id of Q is 2.117459312081337
Simulation results:
{'J': 100, 'K': 10, 'N': 10, 'p': 0.7, 'seed': 885, 'sim': 8, 'runtime': 2.117459312081337, 'identifiable': 1, 'branch': 6}
9
Q: [[1 1 0 1 1 1 1 1 1 0]
 [1 0 1 1 1 1 1 0 0 1]
 [1 1 0 1 0 1 0 1 1 1]
 [0 1 1 1 1 0 1 1 1 1]
 [1 1 1 0 1 1 1 1 1 1]
 [1 0 1 1 0 1 1 1 0 1]
 [0 0 1 1 1 1 1 0 1 1]
 [1 0 1 1 1 1 0 0 1 1]
 [0 1 0 1 1 0 0 0 1 1]
 [0 1 1 0 1 1 1 1 1 1]
 [1 1 1 0 0 0 1 1 1 1]
 [1 1 0 1 1 0 1 0 0 1]
 [0 1 1 1 1 1 1 0 1 1]
 [0 0 0 0 1 1 0 1 0 1]
 [0 1 0 0 0 1 1 1 0 0]
 [1 0 0 1 1 1 0 1 0 1]
 [1 1 1 1 1 1 1 0 1 1]
 [1 1 1 1 1 1 1 1 1 1]
 [0 1 1 1 0 1 1 1 0 0]
 [1 1 1 1 0 0 0 0 1 0]
 [0 0 1 0 0 1 1 1 1 1]
 [1 1 0 1 1 0 0 1 1 1]
 [1 1 1 1 1 1 1 1 0 1]
 [1 1 1 1 0 1 0 1 1 0]
 [1 1 1 1 1 0 1 0 1 1]
 [1 1 1 1 1 1 1 1 1 1]
 [1 0 1 0 0 1 1 1 0 0]
 [1 1 1 0 1 1 1 0 1 1]
 [0 1 1 1 1 1 0 1 1 1]
 [0 1 1 0 1 1 0 1 1 1]
 [1 1 1 0 1 1 1 1 1 1]
 [1 0 1 1 0 1 1 0 1 1]
 [1 0 1 1 0 0 1 0 0 1]
 [0 1 1 0 0 1 1 0 1 0]
 [1 1 1 1 1 0 0 1 1 1]
 [1 1 1 1 0 1 0 1 1 1]
 [1 1 1 0 1 1 1 1 1 1]
 [1 1 0 1 0 1 1 0 0 1]
 [1 0 0 1 0 1 0 1 0 1]
 [1 0 1 1 0 0 1 1 1 1]
 [1 1 1 1 0 0 1 1 1 1]
 [0 0 0 1 0 1 1 0 0 1]
 [0 1 1 1 1 1 0 1 1 1]
 [0 1 1 0 1 0 1 0 1 0]
 [0 0 1 0 1 1 1 0 1 1]
 [1 1 1 0 1 1 0 1 0 1]
 [1 0 1 1 0 0 1 0 1 0]
 [0 1 1 1 1 1 1 1 1 1]
 [1 1 0 1 1 1 1 1 1 0]
 [1 1 1 1 1 0 0 1 1 1]
 [1 1 1 1 0 1 1 0 0 1]
 [0 1 1 1 1 1 1 1 1 1]
 [1 1 1 0 1 0 0 1 0 1]
 [0 1 1 1 0 1 0 0 1 1]
 [1 0 1 0 1 1 1 1 0 1]
 [0 1 0 1 1 0 1 0 1 1]
 [0 1 1 0 1 0 0 0 1 0]
 [0 0 0 0 1 1 0 1 0 1]
 [1 1 1 0 0 1 1 1 1 1]
 [0 1 1 0 1 1 1 1 1 1]
 [0 1 1 1 0 1 1 1 0 0]
 [1 1 0 1 0 0 0 1 1 0]
 [1 1 1 1 1 1 0 0 1 1]
 [1 1 0 1 1 1 0 0 0 1]
 [1 0 0 1 0 0 0 0 1 1]
 [1 1 1 0 1 1 1 1 1 1]
 [1 1 1 1 1 0 0 1 0 0]
 [0 0 1 1 0 1 1 1 1 1]
 [0 0 1 1 1 1 0 0 1 1]
 [1 1 1 1 0 1 0 0 0 1]
 [0 0 0 1 1 1 1 1 1 1]
 [1 0 1 1 1 0 1 1 0 1]
 [0 0 0 1 1 1 1 1 1 1]
 [0 1 1 1 0 1 0 1 1 1]
 [0 1 0 1 0 0 1 1 1 1]
 [0 0 1 1 0 0 0 1 1 1]
 [1 1 1 0 1 0 1 1 0 1]
 [0 1 1 1 1 1 1 1 0 0]
 [0 0 0 1 1 0 0 1 1 0]
 [1 1 0 1 1 1 0 0 1 1]
 [1 0 1 1 1 0 0 1 1 0]
 [1 0 0 1 1 0 1 0 1 0]
 [1 1 1 1 1 1 1 0 1 1]
 [1 0 0 1 1 0 1 1 1 0]
 [1 1 1 1 0 1 1 1 1 1]
 [0 1 0 1 1 1 1 1 1 1]
 [1 1 1 1 1 1 1 0 0 1]
 [1 0 1 1 1 1 1 1 1 1]
 [0 0 0 1 1 0 1 1 1 1]
 [0 0 0 1 1 1 1 0 1 0]
 [1 1 1 1 1 1 1 1 1 0]
 [1 0 0 0 0 0 1 1 1 1]
 [1 1 1 0 1 1 0 1 1 0]
 [1 0 1 1 1 1 1 0 1 1]
 [1 1 1 0 1 1 1 1 1 1]
 [1 1 1 0 1 1 0 0 1 1]
 [0 1 1 1 1 1 0 1 0 1]
 [1 1 1 1 1 0 1 0 1 0]
 [1 1 0 1 0 0 1 0 0 1]
 [1 0 1 1 1 1 0 0 1 1]]
{'restarts': 12, 'conflicts': 2621, 'decisions': 5645, 'propagations': 2439173}
Q is identifiable
branch at 6
runtime for solving id of Q is 0.4559340113773942
Simulation results:
{'J': 100, 'K': 10, 'N': 10, 'p': 0.7, 'seed': 885, 'sim': 9, 'runtime': 0.4559340113773942, 'identifiable': 1, 'branch': 6}
Simulation results:
[{'J': 100, 'K': 10, 'N': 10, 'p': 0.7, 'seed': 885, 'sim': 0, 'runtime': 0.7172610750421882, 'identifiable': 1, 'branch': 6}, {'J': 100, 'K': 10, 'N': 10, 'p': 0.7, 'seed': 885, 'sim': 1, 'runtime': 0.5175815057009459, 'identifiable': 1, 'branch': 6}, {'J': 100, 'K': 10, 'N': 10, 'p': 0.7, 'seed': 885, 'sim': 2, 'runtime': 0.295549338683486, 'identifiable': 1, 'branch': 6}, {'J': 100, 'K': 10, 'N': 10, 'p': 0.7, 'seed': 885, 'sim': 3, 'runtime': 0.4267197288572788, 'identifiable': 1, 'branch': 6}, {'J': 100, 'K': 10, 'N': 10, 'p': 0.7, 'seed': 885, 'sim': 4, 'runtime': 12.282433479093015, 'identifiable': 1, 'branch': 6}, {'J': 100, 'K': 10, 'N': 10, 'p': 0.7, 'seed': 885, 'sim': 5, 'runtime': 2.655176212079823, 'identifiable': 1, 'branch': 6}, {'J': 100, 'K': 10, 'N': 10, 'p': 0.7, 'seed': 885, 'sim': 6, 'runtime': 3.1329358369112015, 'identifiable': 1, 'branch': 6}, {'J': 100, 'K': 10, 'N': 10, 'p': 0.7, 'seed': 885, 'sim': 7, 'runtime': 1.2263773512095213, 'identifiable': 1, 'branch': 6}, {'J': 100, 'K': 10, 'N': 10, 'p': 0.7, 'seed': 885, 'sim': 8, 'runtime': 2.117459312081337, 'identifiable': 1, 'branch': 6}, {'J': 100, 'K': 10, 'N': 10, 'p': 0.7, 'seed': 885, 'sim': 9, 'runtime': 0.4559340113773942, 'identifiable': 1, 'branch': 6}]
