
The Gurobi software has a limited number of licenses. To request a license or
licenses, add this line

    #SBATCH --licenses=gurobi@slurmdb:1

to your SBATCH script, replacing N with the number of licenses you need. Gurobi
will need one license per process.


0
Q: [[1 0 1 1 1 1 1 1 1 1]
 [1 0 1 1 1 1 1 1 0 0]
 [0 1 1 1 1 0 1 1 0 1]
 [1 1 1 1 1 1 1 1 1 0]
 [1 0 0 1 1 1 1 0 1 1]
 [1 1 0 0 1 1 1 1 1 0]
 [1 0 1 0 1 0 1 0 0 1]
 [1 1 0 1 1 1 1 0 1 1]
 [1 0 1 1 1 1 1 1 1 1]
 [0 1 1 1 1 0 1 0 1 0]
 [1 1 1 1 1 1 0 1 1 1]
 [1 1 1 1 1 1 1 1 1 1]
 [1 1 1 1 0 1 1 1 1 1]
 [1 0 1 1 1 1 1 1 1 1]
 [1 1 1 1 1 0 1 0 1 1]
 [1 1 1 1 1 1 1 1 1 1]
 [1 1 1 1 0 1 0 0 0 1]
 [1 1 1 1 1 1 1 1 1 1]
 [1 0 1 0 1 1 1 1 1 0]
 [1 1 0 0 1 1 1 1 1 1]
 [0 1 1 1 0 1 1 1 0 1]
 [1 1 1 1 1 1 1 0 0 1]
 [1 1 0 0 0 1 0 0 1 1]
 [1 1 0 1 1 1 1 0 1 1]
 [1 1 1 0 1 1 1 1 1 1]
 [1 1 0 1 0 1 1 1 0 0]
 [0 0 0 1 0 0 1 1 1 0]
 [0 1 1 0 0 1 1 1 0 1]
 [1 1 1 1 1 1 0 1 1 1]
 [1 1 1 1 0 1 0 1 0 1]
 [0 1 0 1 1 1 1 1 1 1]
 [1 1 1 1 1 1 0 1 1 0]
 [1 0 1 1 0 0 0 1 1 1]
 [1 1 1 1 0 0 1 1 1 0]
 [0 0 1 1 1 1 1 0 0 1]
 [1 0 0 0 1 1 1 1 1 1]
 [0 1 1 0 1 0 0 1 1 0]
 [1 1 1 1 1 1 1 1 0 0]
 [1 1 0 1 0 1 1 0 1 1]
 [1 1 1 1 0 0 1 0 0 1]
 [0 0 1 1 1 1 1 0 1 1]
 [0 1 1 1 1 1 1 0 1 0]
 [0 1 1 0 1 1 1 0 1 0]
 [1 1 1 1 1 1 1 0 1 1]
 [0 0 1 0 1 0 1 1 1 1]
 [0 1 1 1 0 0 1 1 1 1]
 [1 1 1 0 1 1 0 0 1 1]
 [1 0 1 0 1 1 1 0 0 1]
 [0 1 1 1 1 0 0 1 1 1]
 [1 1 1 1 1 0 1 1 1 1]
 [0 1 1 1 1 0 1 1 1 1]
 [1 1 1 1 0 1 1 0 1 1]
 [1 1 1 0 1 1 1 0 0 1]
 [1 1 0 1 1 0 1 1 1 1]
 [0 1 0 1 1 1 1 1 1 1]
 [0 1 1 1 0 0 1 1 0 1]
 [1 1 1 1 1 1 1 1 1 1]
 [1 1 1 1 1 1 1 0 1 0]
 [1 1 1 1 1 1 0 1 0 1]
 [1 1 1 1 1 1 0 1 1 0]
 [0 1 1 0 1 0 1 1 1 1]
 [1 1 1 1 0 1 0 1 1 0]
 [0 1 1 0 1 1 0 0 0 1]
 [1 1 1 1 0 1 1 0 1 1]
 [1 1 1 0 1 1 1 1 1 1]
 [1 1 0 1 0 1 0 1 1 0]
 [1 1 1 1 1 1 1 1 0 1]
 [1 1 1 0 1 1 1 1 0 1]
 [1 1 1 1 1 1 1 1 1 1]
 [1 1 1 0 1 0 1 1 0 1]
 [0 1 1 1 0 1 1 0 1 1]
 [0 1 1 1 1 1 1 1 1 0]
 [1 1 1 1 1 1 0 1 1 1]
 [1 1 1 1 1 0 0 1 1 1]
 [1 1 1 1 1 1 1 1 1 1]
 [1 1 0 0 1 0 1 1 1 1]
 [1 0 1 0 1 1 1 1 1 1]
 [1 1 0 1 1 0 1 1 1 1]
 [1 0 1 1 1 0 1 1 1 1]
 [1 0 0 1 1 1 1 1 1 1]
 [0 1 1 0 1 0 0 0 1 0]
 [1 1 0 1 1 1 1 1 0 1]
 [1 1 0 1 1 1 0 0 1 1]
 [1 1 1 1 1 1 1 1 1 1]
 [1 1 0 0 1 1 1 1 0 1]
 [1 1 1 1 0 0 1 1 0 1]
 [1 1 0 1 1 1 0 1 1 1]
 [0 1 1 0 1 0 1 1 0 1]
 [1 0 0 0 1 1 1 0 1 1]
 [0 1 0 1 1 0 1 1 1 1]
 [1 1 1 0 1 1 1 0 1 1]
 [1 1 1 1 1 1 0 1 0 0]
 [1 1 1 1 0 1 1 1 1 1]
 [1 1 0 0 1 1 0 1 0 1]
 [1 0 0 0 1 1 1 1 1 1]
 [1 1 0 1 1 0 0 1 1 1]
 [0 0 1 0 1 1 0 1 1 1]
 [1 1 1 1 1 1 1 0 0 1]
 [0 0 1 1 1 0 1 1 0 0]
 [1 0 1 1 1 1 1 1 1 1]]
{'restarts': 37, 'conflicts': 16950, 'decisions': 27662, 'propagations': 13203937}
Q is identifiable
branch at 6
runtime for solving id of Q is 1.7762987613677979
Simulation results:
{'J': 100, 'K': 10, 'N': 10, 'p': 0.7, 'seed': 851, 'sim': 0, 'runtime': 1.7762987613677979, 'identifiable': 1, 'branch': 6}
1
Q: [[1 1 0 1 1 0 1 1 0 1]
 [1 0 0 0 1 1 1 1 1 1]
 [1 0 0 1 0 1 1 1 1 1]
 [1 1 0 1 0 1 0 1 0 1]
 [1 1 1 1 1 1 1 0 1 1]
 [1 0 1 0 1 1 0 1 1 1]
 [1 1 1 1 0 0 1 1 1 1]
 [1 0 0 1 1 0 1 1 1 1]
 [1 1 1 0 1 1 1 0 1 1]
 [1 1 1 1 0 1 1 0 0 1]
 [1 1 1 1 1 0 1 0 0 1]
 [1 1 1 1 1 1 1 0 1 1]
 [0 1 1 1 1 1 1 0 1 0]
 [1 0 1 1 1 1 1 1 1 1]
 [1 1 0 1 1 0 1 1 1 0]
 [1 1 0 0 0 1 1 0 0 0]
 [0 1 0 1 1 1 1 1 1 1]
 [1 1 1 1 1 0 0 1 1 1]
 [1 0 1 1 1 0 1 1 1 0]
 [1 1 1 1 1 0 1 1 1 0]
 [1 1 0 1 1 1 1 0 1 1]
 [1 1 0 1 0 0 1 0 0 0]
 [1 1 1 1 1 0 1 1 0 0]
 [1 0 1 1 1 1 1 0 0 1]
 [0 1 1 1 1 1 0 0 1 0]
 [1 0 1 1 1 1 1 1 1 1]
 [0 0 1 1 0 1 1 1 1 1]
 [1 0 1 0 1 1 1 0 1 1]
 [1 1 1 1 0 0 1 0 1 1]
 [1 1 0 1 0 1 1 1 0 0]
 [1 1 1 1 1 1 1 0 1 1]
 [0 0 1 0 0 1 1 0 1 1]
 [1 0 0 1 1 0 1 1 1 1]
 [0 1 1 0 1 1 1 1 0 1]
 [1 1 0 1 1 1 1 0 1 1]
 [1 0 1 1 0 0 1 1 1 1]
 [0 0 1 1 0 1 1 1 1 0]
 [0 0 1 0 1 1 0 1 1 1]
 [1 0 0 1 1 1 0 1 1 1]
 [0 1 1 0 0 1 1 1 1 0]
 [1 1 1 0 0 1 1 1 1 1]
 [0 1 1 1 1 1 0 0 1 1]
 [0 1 1 0 1 0 1 0 1 1]
 [0 1 0 1 1 1 1 1 0 1]
 [1 1 1 1 0 1 0 1 0 1]
 [0 0 1 1 1 0 0 1 1 1]
 [0 1 1 1 1 1 1 0 1 1]
 [0 1 1 1 1 1 0 1 1 1]
 [1 0 1 0 1 1 1 0 1 1]
 [0 1 1 1 1 1 0 1 1 0]
 [1 1 0 1 1 0 1 0 1 1]
 [0 0 0 1 1 1 1 1 1 0]
 [0 1 1 1 0 0 1 1 0 0]
 [1 1 1 1 0 0 1 0 0 1]
 [1 0 1 1 1 1 1 1 1 1]
 [1 0 1 0 1 0 0 1 1 1]
 [0 0 1 1 1 1 1 1 0 1]
 [1 0 1 0 1 1 1 0 1 1]
 [1 0 1 0 0 1 1 1 1 1]
 [1 1 1 1 0 0 1 1 1 1]
 [0 0 0 1 0 0 0 0 1 0]
 [0 1 0 1 1 1 1 1 1 1]
 [0 0 1 0 1 1 1 1 1 1]
 [1 1 0 1 0 1 1 0 1 0]
 [1 1 1 1 1 1 0 1 1 1]
 [0 1 1 0 1 1 0 1 0 1]
 [1 1 0 0 1 1 1 1 1 1]
 [1 1 1 1 1 0 1 1 1 1]
 [1 1 0 1 1 0 1 1 1 1]
 [0 0 1 1 0 1 0 1 1 0]
 [1 0 0 1 1 1 1 1 1 1]
 [1 1 1 1 1 0 1 1 0 1]
 [1 0 1 1 0 1 0 0 1 0]
 [0 1 1 1 1 0 0 0 0 1]
 [0 1 0 1 1 0 0 1 1 1]
 [0 0 0 1 1 1 1 1 0 1]
 [1 1 1 1 1 1 1 1 1 0]
 [1 1 0 0 1 0 1 0 1 1]
 [1 1 1 0 1 1 1 0 1 0]
 [1 1 1 0 1 0 1 0 0 0]
 [1 1 0 0 1 1 1 1 1 1]
 [0 1 1 1 1 1 0 1 1 0]
 [1 1 1 1 1 1 1 1 1 1]
 [1 1 0 1 0 0 1 1 1 0]
 [1 1 0 0 1 0 1 1 0 0]
 [1 1 1 0 1 1 1 0 1 1]
 [1 1 0 0 1 1 1 1 1 0]
 [1 1 1 0 1 1 1 1 0 0]
 [1 1 1 1 1 1 1 0 1 1]
 [1 1 0 0 1 1 1 1 1 0]
 [1 1 0 0 1 0 1 1 1 1]
 [1 1 1 1 1 1 0 1 1 0]
 [0 1 1 0 1 0 0 1 1 1]
 [1 0 1 0 1 1 1 1 0 0]
 [1 1 1 1 1 0 0 0 1 1]
 [1 0 0 1 0 1 1 0 0 0]
 [1 1 0 1 0 1 0 1 1 1]
 [0 1 0 0 1 1 0 1 1 0]
 [1 1 1 1 1 1 1 0 1 1]
 [1 1 0 1 1 1 1 1 1 1]]
{'restarts': 19, 'conflicts': 7815, 'decisions': 13073, 'propagations': 7471775}
Q is identifiable
branch at 6
runtime for solving id of Q is 0.9579834192991257
Simulation results:
{'J': 100, 'K': 10, 'N': 10, 'p': 0.7, 'seed': 851, 'sim': 1, 'runtime': 0.9579834192991257, 'identifiable': 1, 'branch': 6}
2
Q: [[1 0 1 1 0 0 0 0 1 0]
 [1 1 1 1 0 0 1 1 1 1]
 [1 1 1 1 1 1 1 0 1 0]
 [0 1 1 1 1 1 1 0 1 0]
 [1 1 1 1 1 0 1 1 0 1]
 [1 1 1 1 1 0 0 0 1 1]
 [1 1 0 1 1 0 1 1 0 1]
 [0 0 0 1 1 0 0 1 1 0]
 [1 1 1 1 1 0 0 0 1 1]
 [1 1 1 0 1 1 0 1 1 1]
 [1 1 1 1 1 1 0 0 0 1]
 [1 1 1 1 0 1 1 1 1 0]
 [0 1 0 0 1 1 1 0 1 1]
 [1 1 1 1 1 1 1 1 1 1]
 [1 1 0 0 1 1 1 1 1 1]
 [1 0 1 1 1 0 0 1 0 1]
 [1 0 0 1 1 1 0 1 0 1]
 [0 1 1 1 0 0 1 0 1 1]
 [1 0 1 1 0 1 0 0 1 0]
 [1 0 1 1 1 1 1 1 1 1]
 [1 1 0 1 1 0 0 1 1 1]
 [1 0 1 1 1 1 1 0 0 0]
 [1 1 1 1 0 0 1 1 1 0]
 [1 1 1 1 0 0 0 1 1 0]
 [1 1 0 0 1 0 1 1 1 1]
 [1 1 1 1 1 0 1 1 0 1]
 [1 0 1 1 1 1 0 0 1 1]
 [1 1 1 0 0 1 1 0 0 1]
 [1 1 1 1 0 0 0 0 1 1]
 [1 1 1 0 0 1 1 1 1 0]
 [1 1 1 1 1 1 0 0 0 0]
 [0 1 1 1 1 1 1 1 1 1]
 [1 1 1 0 1 1 1 1 1 0]
 [1 1 1 1 1 0 1 1 0 0]
 [1 1 1 1 1 1 1 1 1 1]
 [1 1 1 1 1 0 1 1 1 1]
 [1 1 1 0 1 0 1 1 0 0]
 [1 0 1 1 1 1 1 1 1 1]
 [0 1 0 0 1 1 0 0 1 1]
 [0 0 1 1 1 1 1 1 0 1]
 [1 0 1 1 1 1 1 1 1 1]
 [1 0 1 1 0 1 1 1 1 0]
 [0 1 1 1 1 1 1 1 1 1]
 [1 1 1 1 1 1 1 1 1 1]
 [0 1 0 1 1 0 0 1 1 1]
 [1 1 0 1 1 1 1 1 1 0]
 [0 0 1 1 1 0 0 1 0 1]
 [0 0 1 1 1 0 1 0 1 1]
 [1 0 1 1 1 0 1 1 1 1]
 [1 1 0 1 1 1 1 1 1 1]
 [1 0 0 1 0 1 1 1 0 1]
 [1 1 0 1 0 1 0 1 1 1]
 [1 0 1 1 1 0 1 1 0 1]
 [1 1 1 1 1 0 1 1 0 0]
 [0 1 0 1 1 1 1 1 1 1]
 [1 0 1 0 1 0 0 0 0 0]
 [0 1 1 0 1 1 1 0 1 0]
 [1 1 0 1 0 0 1 1 0 0]
 [1 1 1 0 0 1 0 1 1 0]
 [1 1 1 1 1 1 0 1 1 0]
 [0 1 1 1 1 1 1 1 1 1]
 [1 1 0 1 1 0 1 1 1 1]
 [1 1 0 1 1 1 1 1 1 1]
 [1 0 1 1 0 1 0 1 1 1]
 [1 1 1 1 1 1 1 1 1 1]
 [0 0 0 1 1 1 1 0 1 0]
 [1 0 1 1 1 1 1 1 1 1]
 [1 1 0 1 1 0 1 1 1 0]
 [1 1 1 1 1 1 0 1 1 1]
 [1 1 1 1 1 1 0 1 0 1]
 [1 1 1 1 1 0 0 1 1 1]
 [1 1 1 0 1 1 0 1 1 0]
 [1 1 0 1 1 1 1 1 1 1]
 [1 1 0 1 1 1 1 1 1 1]
 [1 1 0 0 1 1 0 1 0 1]
 [1 1 0 0 1 1 1 0 1 1]
 [1 0 1 1 1 1 0 1 1 1]
 [1 1 1 0 1 0 1 1 1 1]
 [1 1 0 0 1 1 1 1 1 1]
 [0 1 1 1 1 0 1 0 1 1]
 [1 1 1 1 1 1 0 0 0 1]
 [1 1 1 0 0 1 1 1 1 1]
 [1 1 1 1 1 1 1 0 0 0]
 [1 1 1 1 1 0 1 1 0 1]
 [1 1 1 1 1 1 1 1 1 0]
 [0 1 1 1 0 1 1 1 1 1]
 [0 0 1 0 0 0 1 1 1 1]
 [1 0 0 0 1 1 1 1 0 1]
 [1 0 1 1 0 0 0 1 0 1]
 [1 1 0 1 0 1 1 1 1 1]
 [1 1 1 0 1 0 1 1 1 1]
 [1 1 1 0 0 1 0 1 1 0]
 [1 1 1 0 1 1 0 1 1 1]
 [1 1 1 1 1 1 1 0 1 1]
 [1 1 1 0 1 1 1 1 0 1]
 [1 1 0 1 1 1 1 1 0 1]
 [0 1 1 1 1 0 1 0 1 1]
 [1 1 1 0 1 1 1 1 1 0]
 [0 0 1 1 0 1 1 1 1 0]
 [1 1 0 1 1 1 1 1 1 1]]
{'restarts': 12, 'conflicts': 4393, 'decisions': 9082, 'propagations': 3008222}
Q is identifiable
branch at 6
runtime for solving id of Q is 0.5199797060340643
Simulation results:
{'J': 100, 'K': 10, 'N': 10, 'p': 0.7, 'seed': 851, 'sim': 2, 'runtime': 0.5199797060340643, 'identifiable': 1, 'branch': 6}
3
Q: [[1 1 0 0 1 1 1 1 1 0]
 [0 1 1 1 1 0 1 1 1 0]
 [1 1 1 1 0 1 1 0 1 1]
 [1 1 1 1 0 0 1 1 1 0]
 [1 1 1 0 1 1 1 1 0 0]
 [1 1 1 0 0 1 0 1 0 1]
 [1 1 1 1 0 1 1 0 0 1]
 [1 0 0 1 1 1 1 0 1 1]
 [1 1 0 0 0 0 1 1 1 0]
 [0 0 0 1 1 1 0 0 1 1]
 [1 0 1 0 0 0 1 0 1 1]
 [1 1 1 1 1 1 0 1 0 1]
 [1 1 0 1 1 1 1 1 1 1]
 [0 1 1 0 1 1 1 1 1 1]
 [0 0 0 0 1 1 0 1 0 1]
 [0 1 1 1 1 1 1 0 1 1]
 [1 1 1 1 1 1 1 1 0 1]
 [1 1 0 1 1 1 1 0 1 0]
 [1 1 0 1 1 1 1 1 0 0]
 [1 0 0 0 0 0 1 0 1 1]
 [0 0 1 1 0 0 1 0 0 1]
 [1 0 1 1 0 1 1 1 0 1]
 [1 1 1 1 1 0 1 1 1 1]
 [0 1 1 0 1 0 1 0 1 1]
 [0 1 1 1 1 0 1 0 0 1]
 [1 0 0 1 1 1 1 1 1 0]
 [0 1 0 1 0 1 1 0 0 1]
 [0 0 1 0 1 0 1 1 1 1]
 [0 1 1 1 0 1 1 1 1 0]
 [0 1 1 1 0 1 0 1 1 1]
 [1 1 0 1 0 1 1 1 1 1]
 [0 1 0 1 1 1 1 0 1 1]
 [0 1 1 1 1 0 0 1 1 0]
 [1 1 1 1 1 1 0 0 0 1]
 [0 1 1 1 0 0 1 1 1 1]
 [1 0 0 1 1 1 0 1 0 1]
 [1 1 1 1 1 1 1 1 0 1]
 [0 1 0 0 0 0 1 1 0 0]
 [1 0 0 0 1 0 1 1 0 1]
 [1 1 1 1 1 1 1 1 0 0]
 [1 1 1 1 0 1 1 1 1 1]
 [1 1 1 1 0 1 0 1 0 1]
 [0 0 0 1 1 1 1 0 1 1]
 [0 1 0 1 1 1 1 0 1 1]
 [0 1 1 1 1 1 1 1 1 0]
 [1 1 1 1 1 1 1 0 1 1]
 [1 0 0 1 1 0 1 1 1 1]
 [0 1 1 1 0 1 0 0 1 1]
 [1 0 1 0 1 0 0 0 1 0]
 [1 0 1 0 0 0 1 0 1 1]
 [0 0 1 1 1 0 1 1 1 0]
 [0 0 1 1 1 1 1 1 1 0]
 [0 0 1 1 1 1 1 1 0 0]
 [1 1 1 0 0 1 1 0 1 1]
 [0 0 0 1 1 1 1 1 0 1]
 [1 1 1 1 1 1 1 0 0 1]
 [1 1 1 1 0 1 1 1 1 1]
 [0 1 0 1 0 0 1 1 0 1]
 [1 1 1 0 1 1 0 1 1 1]
 [1 0 1 0 1 1 1 0 0 1]
 [1 0 1 1 1 0 1 1 1 0]
 [1 0 0 0 0 1 1 0 0 0]
 [0 1 1 0 1 1 1 1 1 0]
 [1 1 0 0 1 1 0 0 1 1]
 [1 1 1 1 0 1 0 1 0 1]
 [0 1 1 1 0 1 0 0 1 1]
 [1 1 1 1 1 0 1 1 1 0]
 [1 1 1 0 1 0 1 1 1 1]
 [1 0 0 1 0 1 1 1 1 1]
 [1 1 1 1 1 1 0 1 1 1]
 [0 0 1 0 1 1 1 0 1 1]
 [1 1 1 0 0 1 0 1 1 1]
 [1 1 1 1 0 0 0 1 1 0]
 [0 0 1 1 1 1 0 0 1 1]
 [0 1 1 1 1 0 1 1 1 1]
 [0 1 0 1 1 0 1 1 0 0]
 [0 1 1 0 1 0 1 1 0 0]
 [1 1 1 1 1 0 0 1 1 0]
 [1 1 1 1 1 1 0 1 1 0]
 [1 1 1 1 1 1 0 0 0 1]
 [1 0 1 1 1 1 1 1 0 1]
 [1 1 0 1 1 1 0 1 1 1]
 [0 1 1 1 1 1 1 1 1 1]
 [1 1 0 0 1 1 0 1 0 1]
 [0 0 0 1 0 1 1 1 0 1]
 [1 0 1 0 1 1 1 1 1 0]
 [1 1 1 0 0 1 0 0 1 1]
 [1 1 1 1 1 0 0 1 1 1]
 [1 1 1 1 0 1 1 0 1 0]
 [1 1 0 1 1 0 1 0 1 1]
 [1 0 1 1 1 1 1 1 0 0]
 [1 1 1 1 1 0 1 0 0 1]
 [1 0 1 1 1 1 1 1 1 1]
 [1 1 1 1 0 0 1 0 1 1]
 [1 1 1 1 1 1 0 0 1 1]
 [0 1 0 0 1 1 0 1 1 0]
 [0 0 1 1 1 0 1 0 1 1]
 [0 0 0 0 0 1 0 1 0 1]
 [1 1 1 1 0 1 1 1 1 1]
 [1 1 0 0 1 1 0 0 0 1]]
{'restarts': 5, 'conflicts': 1507, 'decisions': 3492, 'propagations': 1668575}
Q is identifiable
branch at 6
runtime for solving id of Q is 0.42748227063566446
Simulation results:
{'J': 100, 'K': 10, 'N': 10, 'p': 0.7, 'seed': 851, 'sim': 3, 'runtime': 0.42748227063566446, 'identifiable': 1, 'branch': 6}
4
Q: [[1 1 0 1 0 1 1 1 1 1]
 [0 1 1 1 1 0 1 1 1 1]
 [1 1 1 1 0 1 1 1 1 1]
 [0 1 1 1 1 1 1 1 1 1]
 [1 0 0 1 1 0 1 1 0 1]
 [1 1 1 1 1 1 0 1 1 1]
 [1 1 1 1 1 1 0 0 1 1]
 [1 1 1 1 0 1 1 0 1 0]
 [1 0 1 1 1 0 1 0 1 1]
 [1 1 0 1 1 1 1 1 1 1]
 [1 1 0 1 0 0 1 1 1 1]
 [1 0 1 1 0 1 1 1 1 1]
 [1 1 1 1 1 1 1 1 1 1]
 [1 0 1 0 1 1 1 1 0 1]
 [1 1 1 1 1 1 0 1 1 1]
 [1 1 1 1 1 0 1 1 0 0]
 [1 1 0 1 0 0 1 1 1 1]
 [1 1 1 1 1 1 1 0 0 1]
 [1 0 1 0 1 1 1 1 1 1]
 [0 1 0 1 1 0 1 0 1 1]
 [0 0 1 0 0 1 1 1 0 0]
 [1 1 1 1 1 0 0 0 0 0]
 [1 0 1 1 1 1 0 1 0 1]
 [1 0 1 1 0 0 1 1 1 1]
 [0 0 1 0 0 0 1 1 1 0]
 [1 1 1 0 1 1 1 0 0 1]
 [1 0 1 1 1 0 1 1 1 1]
 [1 1 1 0 1 1 0 1 1 1]
 [1 1 0 0 1 1 1 1 0 1]
 [1 1 1 1 1 1 1 0 0 1]
 [1 1 1 0 0 0 1 1 1 1]
 [1 1 1 0 1 0 1 1 1 0]
 [1 1 1 0 1 1 1 1 1 1]
 [1 0 0 1 0 0 0 1 1 0]
 [1 1 1 1 1 1 0 1 1 1]
 [0 1 1 0 0 1 1 0 0 1]
 [1 1 1 1 0 1 1 0 1 1]
 [1 1 1 1 1 1 1 1 0 1]
 [1 1 0 1 1 1 0 1 1 1]
 [1 0 0 1 1 0 1 0 0 1]
 [0 1 1 0 0 0 0 1 0 1]
 [1 1 1 1 0 1 1 0 1 1]
 [0 1 1 1 1 0 1 1 1 1]
 [1 0 1 0 1 1 1 1 1 1]
 [1 1 1 1 1 1 0 1 0 1]
 [1 1 1 0 1 1 1 1 1 0]
 [1 0 1 1 1 0 1 1 0 1]
 [1 1 1 1 1 0 0 1 1 0]
 [1 0 1 1 1 1 1 1 0 0]
 [1 1 1 1 1 1 0 1 1 0]
 [0 1 1 0 1 1 1 0 1 1]
 [0 1 0 1 1 1 0 1 1 0]
 [0 1 1 1 0 1 0 1 1 0]
 [1 1 1 0 1 1 1 1 0 1]
 [0 0 1 1 1 0 0 1 1 1]
 [1 1 1 0 0 1 1 1 1 1]
 [1 1 1 1 0 1 0 0 1 1]
 [0 1 0 0 0 1 1 1 1 1]
 [1 1 1 1 0 1 1 0 1 1]
 [1 0 0 1 0 1 1 1 1 1]
 [1 1 1 1 1 0 1 0 1 1]
 [1 1 1 1 0 0 0 1 1 0]
 [1 1 1 1 1 0 0 1 0 1]
 [1 1 1 1 1 0 0 1 1 0]
 [1 1 0 0 1 1 0 0 1 1]
 [1 1 1 1 0 0 1 0 0 1]
 [1 1 1 1 1 1 0 1 1 1]
 [1 1 0 0 0 1 1 1 1 1]
 [1 1 0 1 1 1 1 1 0 0]
 [1 1 1 1 1 1 0 1 1 0]
 [0 1 1 0 1 1 1 1 1 1]
 [0 0 0 1 0 1 0 1 1 1]
 [1 1 1 1 1 1 1 0 0 1]
 [1 0 1 0 1 1 1 1 0 1]
 [1 1 0 0 0 1 1 0 1 0]
 [0 1 0 0 1 1 1 1 1 0]
 [0 0 1 1 0 1 0 1 1 1]
 [1 1 1 1 1 1 1 1 1 1]
 [1 1 1 0 1 1 0 0 1 1]
 [1 0 0 1 1 1 0 1 0 1]
 [1 0 1 0 0 1 1 0 0 1]
 [1 1 1 1 1 1 0 0 1 0]
 [1 0 1 1 0 1 1 1 1 0]
 [0 1 1 1 1 0 0 1 1 1]
 [1 1 1 1 1 1 1 1 0 1]
 [1 1 0 1 1 1 1 1 1 1]
 [1 1 1 1 1 1 1 1 0 1]
 [0 1 1 0 1 0 1 1 1 0]
 [1 1 1 0 1 1 0 1 0 1]
 [1 1 1 1 1 1 1 1 0 0]
 [1 1 0 1 1 1 0 1 1 1]
 [1 0 0 1 1 1 1 1 0 0]
 [0 1 1 0 0 1 1 1 0 1]
 [1 0 1 0 1 0 0 1 1 0]
 [1 1 1 1 1 1 1 1 1 0]
 [1 1 0 0 1 1 0 1 1 1]
 [1 0 1 0 0 1 0 1 1 0]
 [0 1 1 1 1 1 0 1 1 1]
 [1 1 0 1 1 0 1 1 1 1]
 [1 1 1 1 1 1 0 1 1 1]]
{'restarts': 11, 'conflicts': 3996, 'decisions': 8642, 'propagations': 3825135}
Q is identifiable
branch at 6
runtime for solving id of Q is 0.6305545028299093
Simulation results:
{'J': 100, 'K': 10, 'N': 10, 'p': 0.7, 'seed': 851, 'sim': 4, 'runtime': 0.6305545028299093, 'identifiable': 1, 'branch': 6}
5
Q: [[0 1 1 0 1 0 0 1 1 0]
 [0 1 0 1 1 0 1 0 1 1]
 [1 1 0 0 1 0 1 0 0 1]
 [1 0 0 1 0 1 1 1 1 0]
 [0 0 0 1 1 1 1 0 1 1]
 [1 1 0 1 1 1 1 0 0 0]
 [0 1 1 1 1 1 1 1 1 1]
 [1 1 1 0 1 1 1 1 1 1]
 [1 1 1 0 0 1 1 1 1 0]
 [1 1 1 0 1 1 0 0 1 1]
 [1 0 0 1 1 1 0 0 1 1]
 [1 0 1 1 1 1 1 0 1 1]
 [1 1 0 1 1 1 1 0 1 0]
 [1 1 1 0 0 1 1 0 1 1]
 [1 1 1 1 1 1 0 1 1 1]
 [0 1 0 1 0 0 0 0 1 1]
 [1 0 1 1 1 1 1 1 1 1]
 [1 0 1 1 1 1 1 1 1 1]
 [1 0 0 1 1 1 1 0 1 0]
 [1 1 1 1 1 0 1 1 1 1]
 [0 1 1 0 1 0 0 1 0 1]
 [1 1 1 1 0 1 1 0 1 0]
 [0 1 0 1 1 1 1 1 0 0]
 [1 0 1 1 0 1 1 1 1 1]
 [1 0 1 1 1 1 1 1 1 1]
 [1 0 1 1 0 0 1 1 1 1]
 [0 1 1 1 0 1 1 0 1 1]
 [0 1 1 0 0 1 1 1 1 0]
 [1 1 0 0 1 1 0 1 0 1]
 [1 0 1 0 1 1 0 0 0 1]
 [0 1 1 0 1 1 1 0 0 1]
 [1 1 0 0 1 1 1 1 1 1]
 [1 1 0 1 0 0 1 1 0 1]
 [0 1 1 0 1 1 1 1 0 1]
 [0 1 1 1 1 1 1 0 1 1]
 [1 1 1 0 1 1 0 1 1 1]
 [1 1 1 1 1 1 1 1 1 0]
 [1 1 1 1 1 0 0 0 1 0]
 [1 0 1 1 0 1 0 1 1 1]
 [1 1 1 0 1 1 1 1 0 1]
 [1 0 1 0 1 0 1 1 1 1]
 [1 1 1 1 1 1 0 0 1 1]
 [1 1 0 1 0 1 1 1 1 1]
 [1 1 1 1 1 1 1 0 1 0]
 [0 0 0 1 1 1 0 0 1 1]
 [1 1 1 0 0 1 0 1 1 0]
 [1 1 0 1 0 1 1 1 0 1]
 [1 1 1 1 0 0 1 1 0 1]
 [1 1 0 0 0 1 1 1 1 1]
 [1 1 1 1 1 1 1 0 1 0]
 [1 1 1 0 0 1 1 0 1 1]
 [1 0 1 0 1 1 1 1 0 1]
 [0 1 1 1 1 1 0 1 1 0]
 [1 1 1 1 1 1 1 0 1 0]
 [1 1 0 1 0 0 1 1 0 1]
 [0 1 1 1 1 1 1 1 1 1]
 [0 1 0 1 1 0 1 1 0 1]
 [1 0 1 1 1 0 1 1 1 0]
 [0 1 0 1 0 1 1 1 1 1]
 [1 0 0 1 0 0 0 1 0 0]
 [0 1 1 1 0 1 1 1 1 0]
 [0 1 1 1 0 1 1 1 0 1]
 [0 0 1 1 1 1 1 0 0 1]
 [1 1 0 1 0 1 0 1 1 1]
 [1 1 1 1 0 0 1 0 1 1]
 [0 0 1 1 1 1 1 1 1 0]
 [1 1 1 1 1 1 1 1 1 0]
 [1 0 1 1 1 1 1 1 0 0]
 [0 0 1 0 1 0 0 1 0 1]
 [1 1 1 0 1 1 1 1 1 0]
 [1 1 1 1 1 0 0 1 1 1]
 [1 0 1 1 1 1 1 1 1 1]
 [0 1 1 1 1 1 1 1 1 1]
 [1 0 1 1 1 0 1 0 1 0]
 [1 1 1 0 0 0 1 1 0 1]
 [0 1 1 1 0 1 0 1 1 1]
 [1 1 1 1 1 1 1 0 1 0]
 [1 1 0 1 1 0 1 1 1 1]
 [1 0 0 1 0 1 1 1 1 1]
 [1 1 1 0 0 1 1 0 0 0]
 [1 0 1 1 0 1 1 1 1 1]
 [1 1 1 1 1 1 1 1 1 0]
 [0 0 1 0 0 1 1 0 1 1]
 [1 0 0 1 1 0 1 0 1 1]
 [1 1 1 1 1 1 1 1 1 1]
 [0 1 1 1 1 1 1 1 0 1]
 [0 1 1 0 0 1 0 1 1 1]
 [0 1 1 1 1 0 1 0 0 1]
 [1 1 1 1 1 1 1 0 1 1]
 [1 1 0 1 0 0 1 1 1 1]
 [1 1 1 1 1 1 0 1 0 1]
 [0 0 0 1 1 1 1 0 1 1]
 [1 0 1 1 0 1 1 1 1 0]
 [1 0 0 0 0 1 1 1 1 1]
 [1 0 0 0 1 1 1 1 0 1]
 [1 0 1 1 0 0 0 0 0 1]
 [0 1 1 1 0 1 1 1 1 1]
 [0 1 1 1 1 1 0 0 1 0]
 [1 0 1 1 1 1 0 0 1 1]
 [1 0 1 1 0 1 1 1 1 1]]
{'restarts': 42, 'conflicts': 13342, 'decisions': 22514, 'propagations': 14374041}
Q is identifiable
branch at 6
runtime for solving id of Q is 1.8394046509638429
Simulation results:
{'J': 100, 'K': 10, 'N': 10, 'p': 0.7, 'seed': 851, 'sim': 5, 'runtime': 1.8394046509638429, 'identifiable': 1, 'branch': 6}
6
Q: [[0 1 1 1 0 0 1 1 1 1]
 [0 0 0 0 1 1 0 0 1 1]
 [1 1 0 0 1 0 1 1 1 1]
 [1 1 0 1 1 0 1 1 1 1]
 [1 0 1 0 1 0 1 1 1 1]
 [1 1 1 1 1 0 1 0 1 1]
 [1 1 0 1 1 1 1 0 0 1]
 [0 1 1 1 1 1 1 1 0 1]
 [1 1 1 0 1 1 1 0 1 0]
 [1 0 0 1 1 0 1 1 1 1]
 [1 1 1 1 1 0 1 1 0 0]
 [1 0 0 0 1 0 1 1 1 0]
 [1 1 0 1 1 0 0 1 1 1]
 [1 0 0 1 1 0 1 1 1 1]
 [1 0 0 0 1 0 0 0 1 1]
 [1 1 1 1 0 0 1 0 1 1]
 [0 1 1 1 1 1 1 1 0 0]
 [1 1 1 1 0 1 1 1 0 1]
 [1 1 1 1 0 1 1 0 1 0]
 [1 1 0 0 1 1 1 0 1 0]
 [1 0 1 1 1 0 0 1 1 1]
 [1 1 1 1 0 1 0 1 1 1]
 [1 0 1 1 1 1 1 1 1 1]
 [1 0 1 1 0 1 1 1 1 1]
 [1 0 0 1 1 0 1 1 0 1]
 [1 0 1 0 1 0 1 1 1 0]
 [1 1 0 0 1 1 0 1 0 1]
 [1 1 0 1 1 0 0 1 1 1]
 [0 1 1 1 0 1 0 0 0 1]
 [1 1 1 1 1 1 1 1 1 1]
 [1 1 1 1 1 1 1 1 1 0]
 [1 1 1 0 1 1 1 1 1 1]
 [1 1 1 1 1 0 1 1 1 0]
 [1 0 1 1 0 1 0 1 0 1]
 [1 1 1 1 0 0 1 1 1 1]
 [1 1 0 1 1 1 1 1 1 0]
 [1 1 0 0 1 1 1 0 1 1]
 [1 1 0 1 1 1 1 1 1 1]
 [1 0 0 0 1 1 1 1 1 1]
 [0 1 1 1 1 1 0 0 0 1]
 [1 1 0 0 0 0 1 0 1 0]
 [0 0 0 1 1 0 1 0 0 1]
 [1 1 0 1 0 1 1 1 0 1]
 [1 0 1 1 0 0 0 0 1 0]
 [0 1 1 1 1 0 1 1 1 1]
 [1 1 0 1 1 1 1 0 1 0]
 [1 1 1 1 0 1 1 0 1 1]
 [0 1 1 1 1 0 0 0 1 1]
 [1 1 1 1 1 1 0 1 1 0]
 [1 1 1 1 1 0 1 0 1 1]
 [1 1 0 1 0 1 0 1 1 0]
 [0 0 0 1 1 1 1 0 1 1]
 [0 1 0 1 1 1 1 1 0 0]
 [1 0 1 0 1 1 0 1 0 1]
 [1 1 0 1 1 1 0 0 0 1]
 [0 1 1 0 1 1 1 1 1 1]
 [0 1 1 1 1 1 1 0 1 1]
 [1 0 0 1 1 0 1 1 1 1]
 [0 1 1 1 0 0 1 0 0 1]
 [1 1 1 1 0 1 0 1 1 1]
 [1 1 1 1 1 1 0 1 1 1]
 [1 1 1 1 1 1 1 1 1 1]
 [1 0 1 1 0 1 0 0 0 1]
 [1 0 1 1 1 1 1 1 1 0]
 [1 1 1 1 0 1 1 1 0 1]
 [1 1 0 1 1 0 1 1 1 0]
 [1 1 1 0 1 1 1 1 1 1]
 [1 0 1 1 1 0 1 1 0 1]
 [1 1 1 1 0 1 1 0 0 1]
 [1 1 1 1 1 1 1 1 0 1]
 [1 1 1 0 1 0 1 1 1 1]
 [1 1 1 1 1 1 1 1 1 1]
 [1 0 1 1 0 1 0 1 1 1]
 [0 1 1 1 0 1 0 0 1 0]
 [1 1 1 1 1 1 0 1 1 1]
 [0 1 1 1 1 1 1 1 0 1]
 [1 1 1 0 1 1 0 1 1 1]
 [1 0 0 1 1 0 0 1 1 0]
 [0 0 1 0 1 0 0 1 0 1]
 [1 0 0 1 0 1 0 1 0 1]
 [1 1 1 1 1 1 1 1 1 1]
 [1 1 1 1 0 0 1 0 1 1]
 [1 0 0 1 1 0 1 1 1 1]
 [1 1 0 1 1 1 0 0 1 1]
 [1 1 0 0 1 1 1 1 1 1]
 [1 1 1 1 1 0 0 1 1 1]
 [1 1 1 0 1 1 1 1 1 0]
 [0 1 1 1 1 1 1 1 1 0]
 [1 1 0 0 1 0 0 1 1 0]
 [1 1 1 1 1 1 1 1 1 0]
 [1 1 0 1 1 1 1 1 0 1]
 [0 0 1 1 1 0 1 1 1 0]
 [1 0 1 1 0 1 1 1 1 1]
 [1 0 0 1 0 1 1 1 1 0]
 [0 1 0 0 1 0 1 1 0 1]
 [0 0 0 0 0 1 1 1 1 1]
 [1 1 1 1 1 0 1 1 1 0]
 [0 1 1 1 1 1 1 1 1 1]
 [1 0 1 1 1 1 0 1 1 1]
 [0 1 0 1 0 0 1 1 0 1]]
{'restarts': 5, 'conflicts': 1931, 'decisions': 3967, 'propagations': 1404253}
Q is identifiable
branch at 6
runtime for solving id of Q is 0.28977456223219633
Simulation results:
{'J': 100, 'K': 10, 'N': 10, 'p': 0.7, 'seed': 851, 'sim': 6, 'runtime': 0.28977456223219633, 'identifiable': 1, 'branch': 6}
7
Q: [[1 0 1 0 1 1 0 1 0 1]
 [1 1 1 1 0 1 0 1 1 1]
 [1 0 1 1 1 1 1 0 0 0]
 [1 1 1 1 1 1 1 0 1 0]
 [0 0 1 0 0 0 0 0 1 0]
 [1 0 1 1 0 1 1 1 0 1]
 [1 1 0 1 1 1 1 0 1 1]
 [1 0 0 1 1 0 1 0 1 0]
 [1 0 0 1 0 0 1 1 1 1]
 [1 1 1 1 1 0 1 1 1 0]
 [1 0 1 1 1 1 0 1 0 1]
 [1 1 1 1 0 1 1 1 1 1]
 [1 1 1 1 1 1 1 1 1 1]
 [0 1 0 1 1 1 1 1 1 1]
 [1 0 0 1 1 1 1 1 0 1]
 [0 1 1 1 1 1 0 1 1 1]
 [1 1 1 0 1 0 0 1 1 1]
 [0 0 1 0 1 1 1 1 1 1]
 [1 1 0 0 1 1 0 1 1 1]
 [0 1 1 1 1 1 1 1 1 1]
 [1 1 0 1 1 1 1 1 0 1]
 [1 0 0 1 0 0 0 1 1 1]
 [0 1 1 0 0 1 1 0 1 1]
 [1 1 1 0 1 0 1 1 1 1]
 [1 1 0 1 1 1 1 1 1 0]
 [1 1 0 1 1 1 0 1 1 0]
 [1 0 1 1 1 1 0 0 1 1]
 [0 1 1 1 0 0 1 1 1 1]
 [0 0 0 0 1 1 1 0 1 0]
 [1 1 1 0 1 0 1 0 1 1]
 [1 0 1 1 0 0 1 1 1 1]
 [0 1 0 1 1 1 1 0 0 1]
 [1 0 0 1 1 1 0 1 1 0]
 [1 1 0 1 1 1 1 1 0 0]
 [0 1 1 1 1 0 1 1 1 1]
 [1 1 1 1 0 1 1 0 0 0]
 [0 1 1 0 1 0 1 1 1 1]
 [1 0 1 1 1 0 1 1 1 0]
 [1 1 1 1 0 1 1 1 1 0]
 [1 1 1 1 0 1 1 1 0 1]
 [1 0 1 1 1 0 1 0 1 1]
 [1 0 1 0 0 1 0 0 1 1]
 [0 0 1 0 1 1 0 1 1 1]
 [1 1 1 0 1 0 0 0 1 0]
 [1 1 1 1 1 1 1 0 0 1]
 [1 0 0 1 1 1 1 0 1 1]
 [0 0 1 1 1 1 0 1 1 1]
 [1 1 1 1 1 0 1 1 1 0]
 [0 1 1 0 1 0 1 1 0 1]
 [0 1 1 1 0 0 0 0 1 1]
 [1 1 1 1 0 1 1 0 0 1]
 [1 1 1 1 1 1 1 1 1 1]
 [1 1 0 1 1 0 1 1 0 0]
 [1 0 1 0 0 1 1 1 1 0]
 [0 1 0 0 1 1 0 1 0 1]
 [1 0 1 1 1 1 0 1 0 0]
 [1 1 0 1 1 0 0 0 1 1]
 [0 1 1 1 1 1 1 1 0 1]
 [1 0 0 0 0 1 1 1 0 1]
 [1 1 0 1 1 1 1 1 1 1]
 [0 1 1 0 1 1 1 1 1 1]
 [1 1 1 1 1 1 1 1 1 1]
 [1 0 0 0 0 0 1 1 0 0]
 [0 1 1 0 0 0 1 1 1 1]
 [0 1 1 1 1 1 0 1 1 0]
 [0 0 1 0 1 1 1 1 1 1]
 [1 1 1 1 1 1 0 1 1 1]
 [1 1 1 1 0 0 1 1 0 1]
 [0 1 1 1 0 1 1 1 0 0]
 [0 0 1 0 1 0 1 1 0 0]
 [1 1 0 1 0 1 1 0 1 0]
 [1 0 1 0 1 1 1 0 1 1]
 [0 0 1 1 1 1 1 1 0 0]
 [1 1 0 1 1 1 0 0 0 0]
 [1 0 1 0 1 0 1 0 0 1]
 [0 0 1 0 1 0 1 0 0 1]
 [1 1 1 1 0 1 1 1 1 1]
 [0 1 1 1 1 1 1 1 1 1]
 [0 1 0 1 1 1 0 0 1 0]
 [1 1 0 1 1 0 1 1 1 1]
 [1 0 1 1 0 1 1 0 1 1]
 [1 0 0 0 1 1 1 1 0 1]
 [1 0 1 0 1 1 1 0 1 1]
 [0 1 1 0 1 1 1 0 0 0]
 [0 1 0 1 1 0 1 0 1 1]
 [1 1 0 1 1 1 0 1 0 1]
 [1 1 1 1 1 0 0 1 1 1]
 [1 0 1 0 1 1 1 0 1 1]
 [0 0 0 1 1 1 1 1 1 1]
 [1 1 1 0 0 1 1 1 1 0]
 [1 1 1 1 1 1 0 1 1 1]
 [1 1 1 1 1 0 1 1 1 1]
 [1 0 0 0 0 1 1 1 0 1]
 [1 1 1 1 0 0 1 0 1 1]
 [0 1 1 1 1 1 1 0 1 1]
 [1 1 0 1 0 1 0 0 1 1]
 [0 1 1 1 1 1 1 0 1 0]
 [1 1 1 1 1 1 0 1 1 1]
 [0 0 1 1 0 1 1 0 1 1]
 [1 1 0 1 1 1 1 1 0 0]]
{'restarts': 9, 'conflicts': 3203, 'decisions': 6081, 'propagations': 3719542}
Q is identifiable
branch at 6
runtime for solving id of Q is 0.64371432736516
Simulation results:
{'J': 100, 'K': 10, 'N': 10, 'p': 0.7, 'seed': 851, 'sim': 7, 'runtime': 0.64371432736516, 'identifiable': 1, 'branch': 6}
8
Q: [[1 1 1 0 0 0 1 0 0 1]
 [0 1 0 0 1 1 0 1 1 1]
 [0 1 1 1 1 0 1 1 1 1]
 [1 0 1 1 0 1 0 0 1 0]
 [1 0 0 1 1 1 1 1 1 1]
 [1 1 1 1 1 0 0 0 0 0]
 [1 1 1 0 1 1 0 1 1 0]
 [1 1 1 0 1 0 1 1 0 1]
 [1 1 1 1 1 0 0 1 0 1]
 [1 1 1 1 0 1 1 0 1 1]
 [0 1 1 1 0 0 0 1 1 1]
 [1 1 1 1 1 1 0 0 0 1]
 [1 1 0 1 1 0 1 1 1 1]
 [0 0 0 1 0 1 1 1 0 1]
 [1 0 1 1 1 0 0 1 1 1]
 [0 0 1 0 0 1 1 1 1 1]
 [0 1 1 1 0 1 1 1 0 1]
 [1 1 1 1 1 1 0 1 1 1]
 [1 1 1 1 1 1 1 1 1 1]
 [0 1 1 1 0 1 1 0 1 1]
 [0 1 0 0 1 1 0 1 1 1]
 [1 1 0 1 0 1 1 1 1 1]
 [1 0 1 1 1 0 1 0 0 0]
 [1 1 1 1 1 1 1 1 1 1]
 [1 1 1 1 1 1 0 1 1 0]
 [1 0 1 1 1 1 1 1 1 1]
 [1 1 0 0 1 1 1 1 1 1]
 [1 1 0 0 0 1 1 1 1 0]
 [1 1 1 0 1 1 1 0 1 1]
 [1 0 0 1 1 1 1 1 0 1]
 [1 1 1 1 1 1 1 0 0 1]
 [1 1 1 0 0 0 1 0 1 0]
 [1 1 0 1 0 0 1 0 1 1]
 [0 1 1 1 0 1 1 1 1 1]
 [1 0 1 1 1 0 1 1 0 1]
 [1 1 0 1 0 1 1 1 1 1]
 [0 0 0 1 0 0 1 0 1 1]
 [1 1 1 1 1 1 0 0 1 0]
 [1 1 1 1 1 0 1 1 0 1]
 [1 1 1 1 1 1 0 0 0 1]
 [1 1 1 1 1 1 1 1 1 1]
 [1 0 1 0 1 1 1 1 0 1]
 [1 0 1 1 1 0 1 1 0 1]
 [1 1 1 1 1 1 1 1 1 0]
 [1 0 1 0 1 1 1 0 1 0]
 [1 1 1 0 0 1 0 0 1 1]
 [1 0 1 1 0 0 1 1 1 1]
 [1 1 1 1 0 1 0 1 1 1]
 [0 1 1 0 1 0 1 1 1 0]
 [0 1 1 1 1 1 0 1 1 1]
 [1 1 0 1 1 1 1 1 0 1]
 [0 1 1 0 1 1 1 1 1 1]
 [1 0 0 1 1 1 1 1 1 1]
 [1 1 1 1 0 1 1 1 0 0]
 [1 0 1 0 1 1 1 1 1 1]
 [1 1 1 1 1 1 1 1 1 0]
 [0 1 0 1 1 1 1 1 1 1]
 [1 0 0 0 0 1 1 1 1 0]
 [0 1 1 0 0 1 1 0 1 0]
 [1 1 0 1 1 1 1 0 0 1]
 [1 1 0 0 0 1 0 1 1 1]
 [0 1 1 0 0 1 0 1 1 1]
 [0 1 0 1 1 1 0 0 1 1]
 [0 0 1 1 1 0 1 1 1 1]
 [1 0 0 1 0 0 1 0 1 1]
 [1 1 0 0 0 1 0 1 1 1]
 [1 0 1 0 0 0 1 1 1 1]
 [0 1 0 0 1 0 1 1 1 1]
 [1 0 0 1 1 1 1 1 1 1]
 [1 1 1 1 0 1 1 1 0 1]
 [1 1 1 0 0 1 0 1 0 1]
 [1 1 0 1 0 0 0 0 1 1]
 [1 0 1 1 0 1 0 1 1 1]
 [0 0 1 1 0 0 0 1 1 1]
 [1 0 1 0 1 0 0 1 0 1]
 [0 1 1 0 1 0 0 1 1 1]
 [1 1 1 1 0 1 1 1 0 1]
 [1 0 1 1 1 1 1 1 1 1]
 [1 1 1 1 1 1 1 1 0 1]
 [0 0 0 1 1 1 1 0 1 0]
 [0 1 0 1 1 1 0 1 0 1]
 [1 0 1 1 1 1 1 0 1 1]
 [0 0 1 0 1 0 0 1 1 1]
 [1 1 1 1 0 1 1 1 1 0]
 [1 0 1 1 1 0 0 0 0 0]
 [1 0 1 1 1 1 1 1 0 0]
 [1 0 1 1 1 0 1 1 1 0]
 [1 0 0 1 1 1 1 1 1 1]
 [0 1 1 0 1 0 0 0 1 1]
 [1 0 1 1 1 1 0 1 1 1]
 [1 1 1 1 1 1 0 1 0 1]
 [1 0 0 1 0 1 1 1 0 1]
 [0 0 1 1 1 0 1 1 1 1]
 [1 1 1 1 1 0 1 1 1 1]
 [1 1 0 1 1 1 0 0 0 1]
 [1 1 1 1 1 1 1 0 1 1]
 [1 1 1 0 0 0 0 0 1 1]
 [1 1 1 1 1 1 1 0 1 1]
 [0 0 1 0 1 1 1 1 1 0]
 [0 0 0 1 1 1 1 1 0 1]]
{'restarts': 16, 'conflicts': 4367, 'decisions': 9302, 'propagations': 3993397}
Q is identifiable
branch at 6
runtime for solving id of Q is 0.635583059862256
Simulation results:
{'J': 100, 'K': 10, 'N': 10, 'p': 0.7, 'seed': 851, 'sim': 8, 'runtime': 0.635583059862256, 'identifiable': 1, 'branch': 6}
9
Q: [[1 1 1 1 1 0 1 0 1 0]
 [0 0 1 1 1 1 1 1 0 1]
 [1 1 1 0 0 0 1 1 1 1]
 [1 1 0 1 1 1 1 1 1 1]
 [1 1 1 0 1 1 0 0 1 0]
 [0 1 0 1 0 1 1 1 0 1]
 [1 1 1 0 1 1 1 1 0 1]
 [0 0 0 1 1 1 0 1 0 1]
 [1 1 1 1 1 1 1 1 1 0]
 [1 1 0 1 0 1 1 0 0 0]
 [0 0 0 1 0 0 0 1 0 1]
 [1 1 1 0 1 1 0 0 1 0]
 [1 1 1 1 1 1 1 1 1 0]
 [0 1 1 0 1 1 0 1 1 1]
 [1 0 0 1 1 1 0 1 0 1]
 [1 1 1 1 1 1 0 0 1 1]
 [1 1 0 1 0 0 1 0 1 1]
 [1 1 1 1 0 1 0 1 0 1]
 [1 1 1 1 1 1 1 1 1 0]
 [0 1 0 1 1 0 1 1 1 1]
 [1 1 1 1 1 1 1 1 1 1]
 [1 1 1 1 1 0 1 0 1 1]
 [1 0 0 1 1 1 1 1 0 1]
 [1 1 0 1 1 1 0 0 1 1]
 [0 1 0 1 1 1 1 0 1 0]
 [1 1 1 1 1 0 1 1 1 0]
 [0 0 0 0 1 1 1 1 1 1]
 [1 0 1 1 1 1 0 1 1 1]
 [0 1 0 1 1 1 0 1 0 0]
 [1 1 1 1 1 0 1 1 0 0]
 [1 1 0 1 0 1 1 0 0 1]
 [1 1 1 1 1 1 1 1 0 0]
 [0 0 1 0 0 1 1 0 1 1]
 [1 1 1 1 1 1 1 0 1 1]
 [1 1 0 1 0 0 0 1 1 0]
 [0 0 0 1 0 1 1 0 1 1]
 [1 1 1 0 1 0 1 1 1 1]
 [1 1 1 1 1 1 0 1 1 1]
 [1 0 1 1 1 1 0 1 1 0]
 [1 1 1 0 1 1 1 1 1 1]
 [1 1 1 0 0 0 1 1 0 1]
 [1 1 1 1 1 1 1 0 1 0]
 [1 1 0 1 0 1 1 1 1 0]
 [1 1 0 1 0 1 1 1 0 1]
 [0 1 0 1 1 1 1 1 1 0]
 [1 0 0 0 1 1 0 0 1 1]
 [1 0 0 1 1 1 0 1 1 1]
 [1 0 1 1 1 1 0 1 0 1]
 [1 1 1 1 1 0 1 1 0 1]
 [1 0 1 1 0 1 1 1 1 1]
 [1 1 0 1 1 1 1 1 1 1]
 [1 1 1 1 1 0 0 1 1 1]
 [0 1 0 1 1 1 1 1 1 1]
 [0 1 1 1 0 0 1 1 1 1]
 [1 1 0 0 1 0 0 1 1 1]
 [1 1 1 0 1 0 0 1 1 0]
 [1 1 1 1 0 1 0 1 1 0]
 [1 1 1 1 0 1 0 1 1 1]
 [1 1 1 1 1 0 1 1 1 0]
 [0 1 0 1 1 1 1 1 1 1]
 [1 1 1 1 1 0 1 0 0 1]
 [1 1 1 1 1 1 1 1 1 1]
 [1 1 0 1 1 1 0 0 1 1]
 [1 1 0 1 1 1 0 1 1 1]
 [1 1 1 1 1 1 0 1 1 1]
 [1 1 0 1 0 1 1 1 1 1]
 [1 0 0 0 1 0 1 1 1 1]
 [1 0 1 1 0 0 1 0 1 1]
 [1 1 1 1 1 1 1 1 1 0]
 [1 0 1 1 1 0 1 0 1 1]
 [0 0 1 0 1 1 1 0 0 0]
 [1 0 1 1 1 0 0 0 1 1]
 [0 1 1 1 0 0 1 0 1 1]
 [1 0 1 1 1 1 1 0 1 1]
 [1 1 1 1 1 1 1 0 1 1]
 [0 1 1 1 1 1 0 1 1 1]
 [0 0 1 1 0 1 1 1 1 1]
 [1 1 1 1 0 1 1 1 0 1]
 [0 1 0 1 1 1 1 1 1 1]
 [0 1 0 1 1 1 1 1 1 1]
 [1 1 1 1 1 1 1 0 1 1]
 [1 1 0 0 0 0 1 1 0 1]
 [1 1 1 1 1 0 0 1 1 1]
 [1 0 0 1 1 1 1 1 0 1]
 [1 1 1 1 0 1 1 1 1 1]
 [0 1 1 0 1 0 1 1 0 1]
 [0 1 1 0 1 0 1 1 0 0]
 [1 0 0 0 1 0 1 1 0 0]
 [0 1 1 1 1 1 1 1 1 1]
 [1 1 0 1 1 1 1 1 0 1]
 [1 1 1 1 1 0 1 1 1 1]
 [1 1 0 0 0 1 1 1 1 1]
 [1 0 0 1 1 0 1 1 0 1]
 [1 1 1 0 1 1 1 0 0 1]
 [1 1 1 1 1 1 1 1 1 1]
 [1 1 1 1 1 1 1 1 1 1]
 [1 1 1 1 1 1 1 1 1 1]
 [0 1 0 1 1 1 1 0 0 1]
 [1 1 1 1 1 1 0 0 1 0]
 [1 1 0 1 1 0 1 0 1 1]]
{'restarts': 30, 'conflicts': 7842, 'decisions': 14622, 'propagations': 6921033}
Q is identifiable
branch at 6
runtime for solving id of Q is 0.9106837827712297
Simulation results:
{'J': 100, 'K': 10, 'N': 10, 'p': 0.7, 'seed': 851, 'sim': 9, 'runtime': 0.9106837827712297, 'identifiable': 1, 'branch': 6}
Simulation results:
[{'J': 100, 'K': 10, 'N': 10, 'p': 0.7, 'seed': 851, 'sim': 0, 'runtime': 1.7762987613677979, 'identifiable': 1, 'branch': 6}, {'J': 100, 'K': 10, 'N': 10, 'p': 0.7, 'seed': 851, 'sim': 1, 'runtime': 0.9579834192991257, 'identifiable': 1, 'branch': 6}, {'J': 100, 'K': 10, 'N': 10, 'p': 0.7, 'seed': 851, 'sim': 2, 'runtime': 0.5199797060340643, 'identifiable': 1, 'branch': 6}, {'J': 100, 'K': 10, 'N': 10, 'p': 0.7, 'seed': 851, 'sim': 3, 'runtime': 0.42748227063566446, 'identifiable': 1, 'branch': 6}, {'J': 100, 'K': 10, 'N': 10, 'p': 0.7, 'seed': 851, 'sim': 4, 'runtime': 0.6305545028299093, 'identifiable': 1, 'branch': 6}, {'J': 100, 'K': 10, 'N': 10, 'p': 0.7, 'seed': 851, 'sim': 5, 'runtime': 1.8394046509638429, 'identifiable': 1, 'branch': 6}, {'J': 100, 'K': 10, 'N': 10, 'p': 0.7, 'seed': 851, 'sim': 6, 'runtime': 0.28977456223219633, 'identifiable': 1, 'branch': 6}, {'J': 100, 'K': 10, 'N': 10, 'p': 0.7, 'seed': 851, 'sim': 7, 'runtime': 0.64371432736516, 'identifiable': 1, 'branch': 6}, {'J': 100, 'K': 10, 'N': 10, 'p': 0.7, 'seed': 851, 'sim': 8, 'runtime': 0.635583059862256, 'identifiable': 1, 'branch': 6}, {'J': 100, 'K': 10, 'N': 10, 'p': 0.7, 'seed': 851, 'sim': 9, 'runtime': 0.9106837827712297, 'identifiable': 1, 'branch': 6}]
