
The Gurobi software has a limited number of licenses. To request a license or
licenses, add this line

    #SBATCH --licenses=gurobi@slurmdb:1

to your SBATCH script, replacing N with the number of licenses you need. Gurobi
will need one license per process.


0
Q: [[1 1 1 0 1 1 1 1 1 1]
 [1 0 1 1 1 1 0 0 1 1]
 [1 1 1 1 1 1 0 1 1 1]
 [1 1 1 1 0 0 1 1 1 0]
 [1 0 1 1 1 0 0 1 1 0]
 [1 1 1 1 1 1 0 1 0 1]
 [1 0 1 1 1 1 1 1 1 1]
 [0 1 1 1 1 0 1 1 1 0]
 [0 0 0 0 0 0 1 1 1 1]
 [0 0 1 1 1 1 0 1 1 1]
 [1 0 1 1 1 1 1 1 1 1]
 [1 1 1 1 1 1 1 1 0 0]
 [1 0 1 1 1 0 0 1 1 1]
 [1 1 0 0 1 1 1 1 1 1]
 [1 1 0 0 0 1 1 1 1 0]
 [1 1 1 1 1 1 1 1 1 1]
 [1 1 1 1 1 1 1 1 1 1]
 [1 1 0 1 1 1 1 1 1 1]
 [1 1 1 0 1 1 1 0 0 0]
 [1 0 1 1 1 1 0 1 1 1]
 [1 0 0 0 1 1 0 1 0 0]
 [1 0 1 1 0 1 1 1 0 1]
 [0 0 1 1 1 0 1 1 1 0]
 [1 1 1 0 1 1 1 0 1 0]
 [0 0 1 1 1 0 1 1 1 0]
 [1 1 1 1 0 1 1 1 0 1]
 [1 1 0 1 1 0 1 1 1 1]
 [1 1 0 1 1 1 1 1 1 1]
 [0 0 1 1 1 1 1 1 0 1]
 [1 1 1 0 1 0 1 0 0 1]
 [0 1 1 1 1 0 0 1 0 1]
 [0 1 1 0 1 1 1 1 1 1]
 [1 1 1 1 0 1 1 1 1 0]
 [1 1 1 1 1 0 0 1 1 1]
 [1 1 0 1 1 1 0 0 0 1]
 [1 1 1 1 1 1 1 1 1 1]
 [1 0 1 0 1 1 1 1 1 1]
 [1 1 0 0 1 1 1 0 1 1]
 [1 1 1 1 1 0 1 0 1 0]
 [1 1 1 1 0 0 1 1 0 0]
 [0 0 1 1 1 1 1 1 1 0]
 [0 1 1 1 0 1 1 1 1 1]
 [0 0 0 1 1 1 1 1 1 1]
 [1 0 1 1 1 0 1 0 1 1]
 [1 1 1 1 1 0 0 1 1 0]
 [1 1 1 0 1 0 1 0 0 1]
 [1 0 0 1 1 0 1 1 1 1]
 [1 0 1 0 0 0 1 1 1 1]
 [1 1 1 1 0 0 1 1 1 0]
 [1 0 1 0 0 1 1 0 1 1]
 [1 1 0 1 1 1 1 1 1 0]
 [1 1 1 1 0 1 0 1 1 1]
 [0 1 1 1 1 0 1 1 0 1]
 [1 1 1 0 1 1 1 1 0 1]
 [1 1 1 1 1 0 1 1 1 1]
 [0 1 1 1 0 1 1 1 1 0]
 [0 1 1 0 0 1 1 1 1 1]
 [0 1 1 1 0 1 1 1 1 1]
 [0 1 1 1 1 1 0 0 1 1]
 [1 1 1 1 1 0 0 1 0 1]
 [1 1 1 1 1 1 1 1 1 1]
 [0 0 1 0 1 1 1 0 1 1]
 [0 1 0 1 1 1 1 1 1 1]
 [1 0 1 1 0 1 1 1 1 1]
 [1 1 0 0 1 1 1 0 0 1]
 [1 1 1 1 0 0 1 1 0 1]
 [1 1 1 1 0 0 1 0 0 1]
 [1 1 0 1 1 0 1 0 1 0]
 [0 1 1 1 1 1 0 1 1 0]
 [0 1 1 0 1 1 0 1 1 1]
 [1 1 1 0 0 1 0 1 0 1]
 [1 1 1 1 1 1 1 1 0 1]
 [1 1 1 0 1 1 1 1 1 1]
 [1 1 0 0 0 0 0 1 1 1]
 [1 1 0 0 0 1 0 0 0 1]
 [0 1 1 0 1 1 1 0 1 1]
 [1 1 1 1 0 0 0 1 1 1]
 [0 0 1 1 0 0 1 0 1 0]
 [1 1 1 0 0 0 1 0 1 1]
 [0 0 1 1 1 1 0 0 1 0]
 [1 1 0 1 1 1 1 0 1 1]
 [1 1 0 0 0 0 1 1 1 1]
 [0 1 1 1 1 1 1 0 1 1]
 [0 1 1 1 1 1 1 0 1 1]
 [1 1 1 1 1 1 1 1 1 1]
 [1 1 1 1 1 0 1 1 1 0]
 [1 1 0 1 1 1 1 0 1 1]
 [1 1 1 1 1 0 1 1 1 1]
 [1 1 0 1 1 1 1 1 1 1]
 [1 1 1 1 0 1 1 1 0 1]
 [1 1 0 1 1 0 1 1 0 0]
 [0 0 1 0 0 1 1 1 1 1]
 [1 0 1 1 0 1 1 1 1 1]
 [0 0 1 1 1 0 1 1 1 0]
 [1 1 1 1 1 1 1 0 1 0]
 [1 1 1 1 1 1 0 1 0 1]
 [1 1 1 0 0 1 1 0 1 1]
 [1 1 1 0 0 0 1 1 1 1]
 [1 1 1 0 1 1 0 1 1 1]
 [0 1 1 1 1 1 1 1 1 0]]
{'restarts': 40, 'conflicts': 14333, 'decisions': 25043, 'propagations': 12544648}
Q is identifiable
branch at 6
runtime for solving id of Q is 1.6591581236571074
Simulation results:
{'J': 100, 'K': 10, 'N': 10, 'p': 0.7, 'seed': 869, 'sim': 0, 'runtime': 1.6591581236571074, 'identifiable': 1, 'branch': 6}
1
Q: [[0 0 1 1 1 0 1 0 1 0]
 [1 1 1 1 1 0 0 1 1 1]
 [1 1 1 1 1 0 1 1 1 0]
 [1 1 0 1 1 1 0 0 1 1]
 [0 0 1 1 1 1 0 1 1 1]
 [1 0 1 1 1 1 1 1 1 1]
 [1 1 1 1 1 0 1 0 1 1]
 [1 1 0 1 1 1 1 0 1 1]
 [1 0 1 1 1 0 1 1 1 0]
 [1 0 1 0 0 0 0 0 1 0]
 [1 1 0 0 1 1 0 1 1 1]
 [0 1 1 1 1 0 1 1 1 0]
 [1 1 1 0 1 1 1 1 1 1]
 [1 1 1 0 0 1 1 0 1 1]
 [1 0 1 1 0 1 1 1 0 1]
 [1 0 0 0 1 1 1 1 0 1]
 [1 1 0 1 1 0 1 1 1 0]
 [0 1 1 1 1 0 0 1 0 0]
 [1 1 1 0 0 0 0 1 1 0]
 [0 0 0 1 0 1 1 0 0 0]
 [1 1 1 1 1 1 1 1 1 1]
 [1 1 0 1 0 0 1 1 1 1]
 [1 1 1 1 1 1 1 1 0 1]
 [0 0 1 0 1 0 1 1 0 1]
 [0 1 0 0 1 1 1 1 1 1]
 [0 1 0 1 1 1 1 1 1 1]
 [0 1 1 1 1 1 1 0 0 0]
 [1 0 0 1 1 1 1 0 1 1]
 [1 0 1 0 0 1 1 1 0 1]
 [1 1 1 1 1 0 1 1 0 0]
 [1 1 0 1 0 1 1 1 1 0]
 [1 0 1 0 1 0 0 1 1 1]
 [1 1 0 0 1 0 1 1 1 1]
 [1 1 0 1 1 1 1 1 0 1]
 [1 1 1 1 1 1 1 1 1 1]
 [0 0 1 0 0 1 0 1 1 0]
 [1 1 1 1 1 1 1 1 1 1]
 [1 0 0 1 1 0 1 1 1 1]
 [1 0 1 1 0 1 1 1 1 1]
 [1 1 0 1 1 0 0 1 1 1]
 [1 1 1 0 1 0 1 1 1 1]
 [0 1 1 0 0 1 0 1 1 0]
 [0 1 0 1 1 1 0 1 1 1]
 [1 1 1 1 1 1 0 1 1 0]
 [0 1 1 1 1 1 1 1 1 0]
 [0 1 1 0 1 1 1 1 0 1]
 [1 1 1 1 0 1 1 1 1 0]
 [1 1 1 0 0 1 0 1 1 1]
 [0 1 1 1 0 1 1 1 1 1]
 [0 1 1 0 0 0 1 1 1 1]
 [1 1 0 0 1 0 1 1 0 0]
 [1 1 1 1 1 1 1 0 0 1]
 [0 1 1 1 1 1 1 1 1 0]
 [1 0 0 1 1 1 0 0 1 1]
 [0 1 1 1 0 1 1 0 1 1]
 [0 1 1 1 0 0 1 1 0 1]
 [0 1 0 0 1 1 1 0 0 1]
 [1 1 1 1 0 1 1 0 1 1]
 [1 1 1 1 1 0 0 0 1 0]
 [1 0 0 0 1 1 1 1 1 1]
 [1 1 1 1 1 1 1 1 1 1]
 [1 1 1 1 1 1 0 1 1 1]
 [1 1 1 1 1 0 1 1 1 0]
 [0 1 1 1 0 1 1 1 1 1]
 [0 0 1 0 1 1 1 1 1 1]
 [1 0 1 1 1 0 1 1 0 0]
 [1 1 1 1 0 1 1 1 1 1]
 [1 1 1 0 0 0 1 0 1 1]
 [1 1 1 1 1 0 1 1 0 1]
 [1 0 1 1 1 1 1 1 1 1]
 [1 0 0 1 1 1 1 1 1 0]
 [1 1 1 0 1 1 1 1 1 1]
 [1 1 1 0 1 1 0 0 1 1]
 [1 0 1 1 1 1 0 0 1 1]
 [1 1 0 1 1 0 0 1 1 1]
 [1 1 0 1 0 0 1 0 1 1]
 [1 1 1 1 0 0 1 1 1 0]
 [0 1 1 1 1 1 1 1 1 1]
 [1 0 1 1 0 1 1 1 1 1]
 [0 1 1 1 1 0 1 1 1 1]
 [1 1 0 0 0 1 1 1 0 1]
 [1 0 1 0 1 1 1 1 1 1]
 [1 0 0 0 1 1 1 1 0 1]
 [1 1 1 1 1 0 1 0 1 0]
 [0 0 1 1 1 0 0 1 0 0]
 [1 1 0 1 0 0 1 0 0 1]
 [1 1 1 0 1 1 1 1 0 1]
 [1 0 1 1 1 1 0 0 1 1]
 [1 1 0 0 1 1 1 1 1 1]
 [1 1 0 1 1 1 1 0 0 0]
 [1 1 1 1 1 1 1 1 1 1]
 [1 1 1 1 0 0 1 0 1 0]
 [1 1 1 1 0 1 1 1 1 1]
 [0 1 1 1 1 1 0 1 1 0]
 [1 1 0 1 1 1 1 1 1 1]
 [1 1 1 1 1 1 1 0 1 1]
 [1 1 1 0 0 0 1 1 1 0]
 [1 1 1 1 1 1 0 0 1 1]
 [1 0 1 0 1 1 1 0 1 1]
 [1 1 1 1 0 1 0 0 1 1]]
{'restarts': 4, 'conflicts': 1450, 'decisions': 3047, 'propagations': 1216495}
Q is identifiable
branch at 6
runtime for solving id of Q is 0.3468415141105652
Simulation results:
{'J': 100, 'K': 10, 'N': 10, 'p': 0.7, 'seed': 869, 'sim': 1, 'runtime': 0.3468415141105652, 'identifiable': 1, 'branch': 6}
2
Q: [[0 1 0 1 1 0 1 1 0 1]
 [1 1 0 1 1 1 1 0 1 1]
 [1 0 0 0 0 1 0 0 1 1]
 [1 0 1 1 1 1 0 1 1 1]
 [0 1 1 1 1 1 0 1 1 1]
 [1 1 0 1 0 1 1 1 1 0]
 [1 1 1 1 1 0 0 1 0 1]
 [1 1 1 1 0 0 0 1 0 1]
 [1 1 0 1 1 1 1 1 0 0]
 [1 1 0 1 1 1 1 1 0 1]
 [1 1 1 0 1 1 1 1 1 0]
 [0 1 0 0 1 1 1 1 1 1]
 [0 1 1 1 0 1 1 0 1 0]
 [1 1 1 1 1 0 0 0 1 1]
 [0 0 0 1 0 0 1 1 1 0]
 [1 1 1 1 0 1 1 1 1 1]
 [1 0 1 0 1 1 1 1 1 1]
 [0 1 1 0 1 0 1 1 1 1]
 [0 1 1 0 1 1 1 1 0 1]
 [1 1 1 1 1 0 1 0 0 1]
 [0 1 1 1 0 1 0 0 0 1]
 [1 1 0 0 1 1 1 1 1 1]
 [1 1 1 0 1 1 0 0 1 0]
 [1 1 1 1 0 1 0 0 0 1]
 [0 0 1 0 0 0 0 1 1 1]
 [1 1 1 1 1 1 0 1 1 1]
 [1 1 1 1 1 1 1 1 1 1]
 [1 1 1 0 1 1 1 1 1 1]
 [1 0 1 1 0 1 0 1 0 1]
 [1 1 1 1 1 1 0 0 1 0]
 [1 0 1 1 1 0 1 1 1 0]
 [1 1 1 1 1 1 1 0 1 0]
 [0 0 1 1 1 1 1 0 0 1]
 [0 1 1 0 1 0 1 1 1 1]
 [1 1 1 1 1 1 1 1 1 1]
 [1 1 0 1 1 1 1 0 1 0]
 [0 1 1 1 1 1 1 0 1 1]
 [0 1 0 0 0 1 0 1 1 1]
 [1 1 1 1 1 0 0 1 1 1]
 [1 0 1 1 1 0 0 0 0 1]
 [1 0 1 0 1 1 1 1 1 1]
 [1 0 0 1 0 0 1 1 1 1]
 [0 1 1 0 1 1 1 1 0 1]
 [1 1 0 1 1 0 1 1 1 1]
 [1 1 0 1 1 1 1 1 1 1]
 [0 1 0 1 0 1 1 1 1 1]
 [1 0 1 1 1 1 1 1 1 1]
 [1 0 1 0 1 1 1 1 0 0]
 [1 1 1 1 1 1 1 1 0 0]
 [1 0 1 1 0 1 1 0 0 1]
 [0 0 1 1 1 1 0 0 1 1]
 [0 1 1 1 1 0 1 1 1 1]
 [1 1 1 0 0 1 1 1 0 1]
 [1 1 1 1 0 1 1 0 0 0]
 [1 0 1 1 1 0 0 0 1 1]
 [1 0 0 1 1 1 1 0 1 1]
 [1 1 1 1 1 1 0 0 0 1]
 [0 0 1 1 0 0 1 1 1 0]
 [1 1 0 0 1 1 1 1 1 1]
 [1 1 0 1 1 1 0 1 1 0]
 [1 1 1 0 1 0 1 1 0 1]
 [1 1 1 0 1 0 0 1 1 1]
 [1 1 0 0 1 0 1 1 0 1]
 [0 0 1 0 1 1 0 1 1 1]
 [0 1 0 1 1 1 1 1 1 0]
 [1 0 0 1 1 0 1 1 1 1]
 [1 0 0 0 1 0 0 1 0 1]
 [1 1 1 0 1 0 1 1 1 0]
 [1 1 1 0 0 0 0 1 1 0]
 [0 1 0 0 1 0 1 0 1 0]
 [1 0 1 0 0 0 1 0 0 1]
 [0 0 1 1 1 1 1 0 0 1]
 [1 1 1 1 1 0 1 1 1 1]
 [1 1 1 1 0 1 0 0 1 1]
 [1 1 1 1 0 1 1 1 1 1]
 [1 1 1 0 1 1 1 0 0 1]
 [1 1 0 1 1 1 0 1 0 1]
 [1 1 1 1 1 1 0 0 1 1]
 [1 0 0 1 1 1 1 1 1 1]
 [1 0 1 0 1 1 1 1 0 0]
 [1 0 1 0 0 1 1 1 1 1]
 [1 1 1 1 1 1 1 0 0 1]
 [0 1 1 1 0 0 0 0 1 1]
 [1 1 1 0 0 1 1 0 1 0]
 [1 1 1 0 0 1 1 0 1 1]
 [0 0 0 1 0 0 1 1 0 1]
 [1 1 0 1 1 0 0 1 1 0]
 [1 1 1 0 0 1 0 0 1 1]
 [1 1 0 1 1 0 0 0 1 1]
 [1 1 1 1 1 1 1 1 1 0]
 [0 0 1 1 1 0 1 0 0 1]
 [0 0 0 1 1 1 1 0 1 0]
 [1 1 1 0 0 1 0 1 1 1]
 [0 1 0 0 0 0 1 1 1 1]
 [0 1 1 0 1 1 0 1 0 1]
 [0 1 1 1 1 1 0 0 0 1]
 [1 1 1 1 1 0 1 0 0 1]
 [1 1 1 1 1 1 1 1 1 1]
 [1 1 1 1 1 1 1 1 1 0]
 [1 1 0 1 0 1 1 0 1 1]]
{'restarts': 5, 'conflicts': 2296, 'decisions': 4846, 'propagations': 2516293}
Q is identifiable
branch at 6
runtime for solving id of Q is 0.5415646946057677
Simulation results:
{'J': 100, 'K': 10, 'N': 10, 'p': 0.7, 'seed': 869, 'sim': 2, 'runtime': 0.5415646946057677, 'identifiable': 1, 'branch': 6}
3
Q: [[1 1 1 1 1 0 0 0 0 1]
 [0 1 1 0 1 1 1 1 0 1]
 [1 1 0 1 1 0 1 1 0 1]
 [1 0 1 0 1 1 1 1 1 0]
 [1 0 1 0 1 1 1 1 1 1]
 [0 1 1 1 1 0 1 1 1 1]
 [1 1 1 1 1 1 1 0 1 1]
 [0 1 1 1 1 1 0 1 0 0]
 [1 1 1 1 1 1 0 1 0 1]
 [1 0 0 1 0 1 0 1 0 1]
 [0 0 1 1 1 1 1 1 1 1]
 [1 1 0 1 1 1 1 1 1 1]
 [1 1 1 1 1 1 0 1 0 0]
 [0 1 1 1 1 1 1 1 1 1]
 [1 1 0 0 1 1 1 0 0 0]
 [1 1 1 1 1 0 0 1 1 1]
 [1 1 1 0 0 1 1 1 1 0]
 [0 1 1 1 1 1 1 1 1 0]
 [0 1 1 1 1 1 1 0 1 0]
 [1 1 0 1 1 1 1 0 0 1]
 [1 1 0 1 1 1 1 1 1 0]
 [1 1 1 0 0 1 1 1 1 1]
 [1 1 1 0 1 1 1 0 1 0]
 [0 1 1 1 0 1 1 1 0 0]
 [1 1 0 1 1 1 0 1 0 1]
 [0 1 1 0 0 1 1 1 1 1]
 [0 1 1 1 0 0 0 0 1 1]
 [0 0 1 0 1 0 0 1 1 1]
 [0 1 1 1 1 0 1 1 0 1]
 [1 0 1 1 1 0 1 1 1 1]
 [0 1 1 0 1 0 0 1 1 0]
 [1 1 1 1 1 1 0 1 0 1]
 [1 1 1 1 1 0 0 1 0 1]
 [0 1 1 1 1 0 1 1 1 1]
 [1 1 1 1 1 1 1 1 0 0]
 [1 1 0 1 0 1 1 0 1 1]
 [0 1 0 1 0 0 1 1 1 1]
 [1 1 0 1 1 1 0 0 1 0]
 [1 0 0 1 0 1 1 1 1 0]
 [1 0 1 1 1 1 1 1 1 1]
 [0 0 1 1 1 1 1 0 0 1]
 [1 1 0 1 1 1 0 1 1 1]
 [0 1 1 1 1 0 1 1 1 1]
 [1 0 1 0 0 0 1 1 1 1]
 [1 0 1 1 0 0 1 1 1 1]
 [1 1 0 1 1 0 1 0 1 0]
 [1 1 1 1 0 0 1 0 1 0]
 [1 1 0 0 1 0 1 0 1 1]
 [0 1 1 1 1 1 1 0 0 1]
 [1 1 0 1 0 1 0 1 1 1]
 [1 1 1 1 1 0 0 0 0 0]
 [0 1 1 1 1 1 0 1 1 1]
 [1 1 1 0 0 1 1 1 1 1]
 [0 1 1 1 1 1 0 1 1 1]
 [1 0 0 1 1 1 1 0 1 0]
 [0 1 0 1 0 0 1 1 0 1]
 [1 1 0 1 1 0 0 1 1 1]
 [0 1 1 1 0 1 1 0 0 1]
 [1 1 1 1 1 0 1 1 1 1]
 [0 1 0 0 0 1 1 1 0 1]
 [1 1 0 1 0 0 1 1 1 1]
 [0 0 0 1 0 1 1 0 0 0]
 [0 1 1 1 1 0 1 1 1 1]
 [1 1 1 0 1 0 1 0 1 1]
 [0 0 1 1 1 0 1 1 1 1]
 [1 1 0 1 0 1 1 1 1 0]
 [1 0 1 0 0 0 1 1 0 1]
 [0 1 0 1 1 1 0 0 1 1]
 [1 1 1 0 1 1 1 1 1 1]
 [0 1 0 1 1 1 0 1 0 1]
 [1 0 1 1 1 1 1 1 0 1]
 [0 0 0 0 1 1 0 1 1 0]
 [0 1 0 0 1 1 0 0 1 1]
 [1 0 1 1 1 0 1 1 1 0]
 [1 1 0 1 0 1 1 1 1 0]
 [1 1 1 1 1 1 0 1 1 0]
 [1 1 1 0 1 1 1 0 1 1]
 [1 0 0 0 1 1 1 1 0 1]
 [1 1 1 0 0 0 0 1 0 1]
 [0 0 1 1 0 1 1 1 0 1]
 [1 1 1 1 1 1 1 0 1 1]
 [0 1 1 1 0 1 0 1 1 0]
 [1 1 1 1 1 1 1 1 1 1]
 [1 1 1 1 0 0 0 1 0 1]
 [0 1 0 1 1 1 0 0 0 0]
 [1 1 1 1 0 1 1 0 1 0]
 [0 1 1 1 1 1 1 1 1 1]
 [1 1 0 0 0 1 1 1 0 1]
 [1 0 1 1 1 1 1 1 1 1]
 [0 1 0 1 1 1 0 1 1 0]
 [1 1 1 1 1 1 1 0 1 1]
 [1 0 1 0 1 1 1 0 0 0]
 [1 1 1 1 0 0 0 0 1 1]
 [1 0 1 0 1 1 1 0 1 1]
 [1 1 1 0 1 1 0 1 1 0]
 [1 1 0 0 1 1 1 1 1 0]
 [1 0 1 1 1 1 0 1 1 1]
 [0 0 1 1 0 0 1 0 1 1]
 [1 1 1 1 0 1 1 1 1 1]
 [0 0 1 1 1 1 1 1 1 1]]
{'restarts': 8, 'conflicts': 3712, 'decisions': 6797, 'propagations': 3711920}
Q is identifiable
branch at 6
runtime for solving id of Q is 0.6740848710760474
Simulation results:
{'J': 100, 'K': 10, 'N': 10, 'p': 0.7, 'seed': 869, 'sim': 3, 'runtime': 0.6740848710760474, 'identifiable': 1, 'branch': 6}
4
Q: [[1 1 0 1 1 0 1 1 1 0]
 [1 1 1 1 1 0 1 0 1 1]
 [0 1 1 0 0 1 1 0 1 0]
 [0 0 1 0 1 0 0 1 1 1]
 [0 1 1 1 0 0 1 0 1 1]
 [1 0 1 0 0 1 1 1 1 1]
 [0 0 1 0 1 0 1 1 0 1]
 [0 1 1 1 1 0 1 1 1 1]
 [1 1 1 1 0 1 1 0 1 0]
 [1 1 1 0 1 1 0 1 1 0]
 [1 1 0 1 1 1 1 1 0 1]
 [1 1 1 1 0 1 1 1 1 1]
 [0 1 0 1 0 1 1 1 0 1]
 [0 1 0 1 0 0 0 0 1 1]
 [1 1 0 1 1 1 0 1 1 1]
 [1 0 1 1 0 1 1 1 1 1]
 [0 1 1 1 1 1 0 1 1 1]
 [0 1 1 1 1 1 1 1 1 1]
 [1 1 1 0 0 1 0 1 1 1]
 [1 1 1 1 1 1 0 1 1 1]
 [1 0 1 1 0 1 1 1 0 1]
 [1 1 1 0 1 1 0 1 0 1]
 [1 1 1 1 0 1 1 1 1 1]
 [0 1 0 0 1 1 1 0 1 1]
 [1 1 1 1 0 1 1 1 1 1]
 [1 1 0 0 1 1 0 1 1 0]
 [0 1 1 1 0 0 1 1 1 1]
 [1 0 1 1 1 0 0 1 1 0]
 [1 0 1 1 1 1 1 0 1 1]
 [1 1 1 1 1 1 1 0 1 1]
 [1 0 1 0 1 1 0 0 0 0]
 [1 1 0 1 0 0 1 1 1 0]
 [0 0 1 1 1 1 0 0 1 1]
 [1 1 0 1 1 0 0 1 1 1]
 [0 1 1 1 0 1 1 1 1 1]
 [0 1 0 1 0 0 0 0 1 1]
 [1 1 1 0 1 0 0 1 1 0]
 [1 1 0 1 0 1 1 1 1 1]
 [1 1 1 0 1 1 1 1 1 0]
 [1 0 0 1 1 0 0 1 1 1]
 [1 1 1 0 1 1 1 1 1 1]
 [1 1 0 0 0 1 1 1 1 1]
 [1 1 1 1 1 1 1 1 0 1]
 [1 1 0 0 0 1 0 1 0 0]
 [1 0 1 1 1 1 0 1 0 1]
 [1 1 0 1 0 0 1 1 0 1]
 [0 1 0 0 0 1 1 1 1 1]
 [0 1 1 1 0 1 0 0 1 1]
 [0 1 1 0 1 0 1 0 1 1]
 [1 1 0 1 0 1 1 1 1 1]
 [1 0 1 1 0 1 0 1 0 0]
 [0 1 1 0 0 1 0 1 1 1]
 [1 1 1 1 1 0 0 1 1 1]
 [1 1 1 1 1 1 0 1 0 1]
 [1 1 1 1 0 0 1 0 0 1]
 [1 0 0 1 0 1 1 1 0 0]
 [0 1 0 1 0 1 1 1 1 0]
 [0 1 1 1 1 0 0 0 1 1]
 [1 0 1 0 0 0 1 0 1 1]
 [1 1 1 1 1 1 0 1 1 1]
 [0 0 1 1 1 0 0 1 0 0]
 [1 1 1 1 1 1 1 0 1 0]
 [0 1 0 1 1 0 1 0 0 0]
 [0 0 1 1 0 1 0 0 1 1]
 [1 1 1 0 0 0 1 1 1 0]
 [1 1 0 0 1 1 0 0 0 1]
 [0 0 1 0 1 1 0 1 0 0]
 [1 0 1 1 0 1 1 0 1 1]
 [1 1 0 1 0 1 0 1 1 0]
 [1 1 1 1 0 1 0 1 0 1]
 [1 1 0 1 1 1 0 1 1 1]
 [1 1 1 1 1 1 1 0 0 0]
 [1 0 0 1 1 1 1 0 1 0]
 [0 1 0 1 0 0 1 1 1 0]
 [0 1 0 0 1 1 1 1 1 1]
 [1 1 0 1 1 1 0 1 1 1]
 [1 1 1 1 1 1 1 0 1 1]
 [1 1 0 0 1 1 1 0 0 0]
 [0 1 0 0 1 1 0 1 0 1]
 [0 1 0 1 0 1 1 0 1 1]
 [1 0 1 0 0 0 0 1 1 1]
 [1 1 1 1 0 1 0 1 1 0]
 [1 1 1 1 0 0 0 0 1 1]
 [1 0 0 1 1 1 1 1 1 1]
 [1 1 1 0 0 1 1 1 1 1]
 [0 0 0 1 1 1 1 1 1 1]
 [0 0 1 1 0 0 1 1 0 0]
 [1 1 1 0 0 1 0 1 1 1]
 [0 1 1 1 1 0 1 1 1 1]
 [1 1 1 0 1 1 0 1 1 0]
 [1 1 1 0 1 1 1 1 1 0]
 [1 1 1 0 1 1 1 1 1 0]
 [1 0 0 0 1 0 1 1 0 1]
 [1 1 0 0 1 1 0 0 0 1]
 [1 1 1 0 1 1 0 1 1 1]
 [1 0 1 1 1 0 1 0 1 0]
 [1 1 1 1 1 1 1 0 1 0]
 [0 1 0 1 1 1 0 1 1 0]
 [1 1 1 1 1 1 0 1 1 1]
 [1 1 1 1 0 1 1 1 0 1]]
{'restarts': 26, 'conflicts': 12520, 'decisions': 20481, 'propagations': 17394303}
Q is identifiable
branch at 6
runtime for solving id of Q is 2.2302308045327663
Simulation results:
{'J': 100, 'K': 10, 'N': 10, 'p': 0.7, 'seed': 869, 'sim': 4, 'runtime': 2.2302308045327663, 'identifiable': 1, 'branch': 6}
5
Q: [[1 1 1 1 1 1 0 0 1 1]
 [1 1 1 1 1 0 1 1 1 1]
 [1 0 1 1 1 1 1 1 1 0]
 [1 1 0 1 1 1 0 0 0 1]
 [1 1 1 0 1 1 0 0 1 0]
 [0 1 1 0 1 1 1 1 1 1]
 [1 1 0 0 1 1 1 0 0 1]
 [0 1 1 0 1 1 0 1 1 1]
 [1 1 1 1 1 0 1 0 1 1]
 [0 1 0 1 1 0 1 1 1 0]
 [0 1 1 1 0 1 1 0 1 1]
 [1 1 0 0 1 1 1 0 1 1]
 [1 1 1 1 1 1 0 0 0 1]
 [1 1 1 1 1 1 1 1 1 1]
 [1 1 1 1 0 1 1 0 1 1]
 [0 1 1 0 0 0 1 1 0 1]
 [1 1 1 1 1 0 1 1 1 0]
 [1 0 0 0 1 1 0 0 0 0]
 [0 1 0 0 1 1 1 1 1 1]
 [1 0 0 1 1 1 1 0 0 0]
 [0 0 1 1 0 0 1 1 1 1]
 [0 1 0 1 1 0 1 0 1 0]
 [0 1 1 1 1 1 0 0 1 1]
 [1 1 1 0 1 1 1 1 1 1]
 [1 1 0 0 0 1 1 1 1 1]
 [0 1 1 1 0 1 0 0 1 1]
 [0 1 1 0 1 1 1 1 1 1]
 [0 0 1 1 1 1 1 1 1 1]
 [1 0 0 1 1 0 1 0 1 1]
 [0 1 1 1 1 0 0 0 0 0]
 [0 1 0 1 1 1 1 1 0 0]
 [1 1 0 1 1 1 1 1 1 0]
 [0 1 0 0 1 0 1 1 1 0]
 [1 1 0 0 1 1 1 0 1 1]
 [1 1 1 0 1 1 0 1 0 1]
 [0 1 0 0 1 1 1 1 0 0]
 [0 1 1 1 0 1 1 1 1 1]
 [0 1 0 1 0 1 1 1 1 1]
 [1 1 0 1 0 0 1 1 0 0]
 [0 0 0 0 0 0 1 1 0 1]
 [1 1 0 0 0 1 1 1 0 1]
 [1 1 1 1 1 1 1 1 1 0]
 [1 0 0 1 1 1 0 1 1 0]
 [1 1 0 1 1 0 1 1 1 1]
 [0 0 1 0 1 0 1 1 0 1]
 [0 0 1 1 1 1 0 1 1 1]
 [0 0 1 1 1 1 1 1 1 1]
 [1 1 0 1 0 1 1 1 1 0]
 [1 1 0 1 0 1 1 1 1 1]
 [1 0 0 1 0 1 1 0 1 0]
 [1 0 0 0 1 0 1 0 1 0]
 [1 1 1 1 1 1 1 1 1 0]
 [1 1 0 0 1 0 1 1 1 1]
 [1 1 1 0 1 1 1 0 1 0]
 [1 1 0 1 1 1 1 0 0 0]
 [0 0 1 1 1 1 1 0 0 1]
 [1 1 1 0 1 1 1 1 1 0]
 [1 0 0 0 1 1 1 0 0 0]
 [1 1 1 0 1 1 1 1 1 0]
 [1 1 1 1 0 1 1 0 1 0]
 [1 0 1 1 0 0 1 1 0 1]
 [1 0 1 1 1 1 1 0 1 1]
 [0 0 1 0 1 1 1 0 0 1]
 [0 1 1 0 1 0 1 0 1 1]
 [1 0 1 1 1 0 0 0 1 0]
 [0 1 1 1 1 1 1 0 1 1]
 [1 1 0 1 1 1 1 0 1 0]
 [1 1 1 1 1 1 0 0 1 1]
 [0 1 0 1 1 0 0 1 1 0]
 [1 1 1 0 1 0 1 1 1 0]
 [1 1 1 1 0 1 1 1 1 1]
 [0 1 0 1 0 1 1 1 0 1]
 [1 0 1 0 1 0 0 1 0 0]
 [0 1 0 1 0 1 0 1 0 1]
 [1 0 1 1 1 1 1 1 1 1]
 [1 0 1 0 1 1 1 1 1 0]
 [1 1 1 0 1 1 0 1 1 1]
 [1 1 1 1 1 1 0 1 1 1]
 [0 0 1 1 1 1 1 1 0 1]
 [0 1 1 1 1 1 1 1 1 1]
 [1 1 1 1 0 0 0 1 1 1]
 [1 1 1 0 1 1 1 1 1 1]
 [0 1 1 1 1 1 1 1 1 1]
 [1 1 1 1 0 1 1 0 1 0]
 [1 1 1 1 1 1 1 1 1 0]
 [1 1 0 1 0 1 1 0 0 0]
 [1 1 1 0 1 1 0 0 1 1]
 [0 1 1 1 1 0 1 1 1 0]
 [1 0 1 0 0 1 1 0 1 1]
 [0 0 0 1 1 0 0 1 1 0]
 [1 1 0 1 0 1 0 0 1 1]
 [1 1 1 1 1 0 1 1 1 1]
 [1 1 0 1 1 0 1 1 1 1]
 [0 1 1 0 1 1 1 1 0 1]
 [0 0 0 1 0 1 0 1 1 1]
 [1 1 0 1 1 1 1 1 0 1]
 [1 0 1 1 1 1 0 1 0 1]
 [1 0 0 0 1 1 1 1 1 1]
 [1 1 1 1 1 1 0 1 1 0]
 [1 1 0 1 1 1 0 0 0 1]]
{'restarts': 12, 'conflicts': 2244, 'decisions': 5147, 'propagations': 2005633}
Q is identifiable
branch at 6
runtime for solving id of Q is 0.47695305943489075
Simulation results:
{'J': 100, 'K': 10, 'N': 10, 'p': 0.7, 'seed': 869, 'sim': 5, 'runtime': 0.47695305943489075, 'identifiable': 1, 'branch': 6}
6
Q: [[1 1 1 1 1 1 1 1 1 0]
 [1 1 1 1 1 1 1 1 1 1]
 [1 1 1 0 1 0 0 1 1 1]
 [0 1 1 1 0 1 1 1 1 1]
 [1 0 1 1 0 0 0 1 1 1]
 [1 0 1 0 1 1 1 0 1 0]
 [1 1 0 1 0 1 1 1 1 1]
 [1 1 1 1 0 1 0 1 1 1]
 [1 0 0 1 0 1 1 1 1 1]
 [1 1 1 1 1 0 0 0 0 1]
 [1 1 0 1 1 1 0 0 0 1]
 [1 0 0 1 1 1 1 1 1 0]
 [1 1 1 1 1 1 1 1 1 1]
 [1 1 1 1 1 1 0 1 1 1]
 [1 0 1 1 1 1 1 0 1 0]
 [1 1 0 1 1 0 1 1 1 1]
 [1 0 0 0 1 1 0 1 1 1]
 [0 0 1 1 1 0 1 0 1 1]
 [0 1 0 1 1 1 1 1 1 1]
 [1 1 1 1 1 1 1 1 1 1]
 [0 0 0 1 0 0 1 1 0 1]
 [1 1 1 1 1 1 0 1 0 1]
 [1 0 0 1 0 1 1 0 1 1]
 [1 1 0 1 1 0 0 1 1 1]
 [0 0 1 1 1 1 1 1 0 1]
 [1 1 0 1 1 0 1 0 1 1]
 [1 1 1 0 1 1 1 1 1 1]
 [1 0 1 1 0 0 1 1 1 0]
 [1 1 1 1 1 0 1 0 0 1]
 [0 1 1 1 1 1 0 0 1 0]
 [1 0 0 0 0 1 1 0 1 1]
 [1 1 0 1 0 1 0 1 1 1]
 [1 0 1 1 1 1 0 1 1 1]
 [1 1 1 1 1 1 1 0 1 0]
 [1 1 0 1 1 0 1 1 1 1]
 [1 0 1 1 1 1 1 1 1 1]
 [0 0 0 1 1 1 1 0 1 1]
 [0 1 1 0 1 0 1 1 0 1]
 [0 1 1 1 1 1 1 1 1 1]
 [1 1 1 1 0 1 0 0 0 1]
 [1 1 1 0 1 0 1 1 0 0]
 [1 1 0 1 1 0 1 1 1 1]
 [0 1 1 1 0 0 1 1 1 0]
 [0 1 1 1 1 0 1 1 0 1]
 [1 0 1 1 0 0 0 0 1 1]
 [1 1 1 1 0 1 0 0 1 1]
 [1 1 1 1 1 0 1 1 1 0]
 [1 1 1 0 0 1 1 1 1 0]
 [0 1 1 1 1 1 1 0 1 1]
 [1 1 1 0 1 1 1 0 1 1]
 [1 0 0 1 1 1 0 0 1 0]
 [0 1 1 1 1 0 0 0 0 0]
 [0 1 1 0 1 1 1 0 0 1]
 [1 0 1 0 1 1 0 1 1 1]
 [0 1 0 1 1 0 1 1 0 0]
 [1 1 0 1 0 1 1 1 1 1]
 [1 1 1 0 1 1 1 1 0 0]
 [1 1 1 0 1 0 1 0 1 1]
 [1 1 1 1 0 1 1 1 1 1]
 [0 1 1 1 1 1 1 0 0 0]
 [0 1 1 1 1 1 0 1 0 1]
 [1 0 1 0 1 0 1 0 1 0]
 [1 0 0 1 1 1 1 1 0 1]
 [1 1 1 1 0 1 1 1 1 1]
 [1 1 0 1 1 0 1 1 1 0]
 [0 1 0 0 1 0 0 1 1 1]
 [1 1 1 1 1 1 1 0 0 0]
 [0 1 1 1 1 1 1 0 1 0]
 [0 1 1 1 1 1 1 1 1 1]
 [1 1 1 1 1 1 1 1 0 1]
 [1 1 1 0 1 1 1 1 1 1]
 [1 1 1 1 1 1 1 1 1 1]
 [0 1 1 1 0 1 1 1 0 1]
 [1 1 1 1 1 0 1 0 1 1]
 [0 1 0 0 1 1 1 1 0 0]
 [0 1 1 1 1 0 0 1 0 1]
 [1 1 1 1 0 1 1 1 1 0]
 [1 1 1 1 1 1 1 1 1 1]
 [0 1 1 1 1 1 1 1 1 1]
 [1 0 1 1 1 1 1 1 1 0]
 [1 1 1 1 0 1 1 0 0 0]
 [1 0 0 1 1 1 0 1 0 1]
 [1 1 1 1 1 1 1 1 1 0]
 [0 0 1 1 1 1 0 1 1 1]
 [1 1 1 1 1 1 1 1 0 1]
 [0 1 1 1 1 1 0 1 0 1]
 [1 0 1 1 1 1 1 0 1 1]
 [1 0 0 0 1 1 0 0 1 0]
 [0 1 1 1 1 0 1 0 1 1]
 [0 1 0 1 1 1 1 0 1 1]
 [0 1 1 1 1 0 0 1 0 1]
 [1 1 1 1 0 1 0 1 1 1]
 [1 0 1 1 1 1 1 0 1 1]
 [1 1 1 1 1 1 0 1 0 0]
 [1 1 1 1 1 0 0 0 1 1]
 [1 1 1 0 1 1 0 1 1 1]
 [1 1 0 1 1 1 1 1 0 0]
 [0 1 1 1 1 0 1 1 1 0]
 [1 0 1 0 1 1 1 1 1 1]
 [1 0 1 0 1 0 1 1 0 1]]
{'restarts': 51, 'conflicts': 22374, 'decisions': 36026, 'propagations': 19450596}
Q is identifiable
branch at 6
runtime for solving id of Q is 2.699273744598031
Simulation results:
{'J': 100, 'K': 10, 'N': 10, 'p': 0.7, 'seed': 869, 'sim': 6, 'runtime': 2.699273744598031, 'identifiable': 1, 'branch': 6}
7
Q: [[1 0 1 1 1 1 1 1 1 0]
 [0 1 1 1 1 1 1 0 1 1]
 [1 0 1 1 1 1 1 1 1 1]
 [1 1 1 1 0 1 1 0 0 1]
 [0 0 1 0 1 1 0 1 0 1]
 [1 1 1 1 1 1 1 1 1 1]
 [0 1 0 1 1 1 1 0 1 0]
 [1 1 1 0 1 0 0 1 1 1]
 [1 1 0 1 1 1 1 0 1 0]
 [1 1 1 0 0 0 1 0 1 0]
 [0 1 0 1 1 1 1 1 0 0]
 [0 1 1 0 1 1 0 1 1 1]
 [1 0 0 1 0 1 1 1 0 1]
 [1 1 1 1 1 1 1 1 0 0]
 [1 0 1 0 1 1 1 0 1 1]
 [1 0 1 1 1 1 1 0 1 1]
 [1 0 1 0 1 1 1 1 1 0]
 [1 1 1 1 1 1 1 1 1 0]
 [1 1 1 1 0 1 0 0 1 1]
 [1 0 0 1 1 1 1 1 1 0]
 [1 1 0 1 1 1 1 1 1 1]
 [0 1 1 1 0 1 1 0 1 1]
 [1 0 1 1 1 1 1 1 1 1]
 [0 1 1 1 1 1 1 1 1 1]
 [1 1 1 1 1 1 0 1 1 1]
 [1 1 1 1 1 1 1 1 1 1]
 [0 0 1 1 0 1 0 1 1 0]
 [1 0 1 0 1 1 1 1 1 0]
 [0 0 1 1 1 1 1 1 0 1]
 [0 0 1 0 1 1 1 1 0 1]
 [1 1 1 0 0 1 0 1 0 0]
 [0 1 1 1 1 1 0 0 1 1]
 [0 0 1 1 1 0 0 1 1 1]
 [1 1 0 1 0 0 1 1 1 1]
 [0 0 1 1 1 0 1 1 1 1]
 [1 0 1 1 1 1 1 1 1 1]
 [1 0 1 0 0 0 0 1 0 1]
 [1 1 0 1 0 1 1 0 1 1]
 [1 1 0 1 0 0 0 1 1 1]
 [1 0 1 1 1 1 0 1 1 1]
 [0 1 0 1 0 0 1 1 0 1]
 [1 0 1 1 0 1 1 0 1 1]
 [1 1 0 1 0 1 0 1 1 1]
 [1 1 0 1 1 0 1 1 0 1]
 [1 0 1 0 1 0 1 1 0 0]
 [1 1 1 0 1 1 0 1 1 0]
 [1 0 1 1 0 1 0 1 1 1]
 [1 1 1 0 1 0 1 1 0 1]
 [1 1 1 1 1 1 1 1 1 1]
 [1 1 0 1 1 1 1 1 1 0]
 [1 0 0 1 0 1 1 0 1 1]
 [1 0 1 1 0 1 1 1 1 1]
 [1 0 0 1 0 1 1 1 1 0]
 [0 1 1 0 1 0 1 1 1 1]
 [1 0 0 0 1 1 0 1 1 1]
 [0 1 0 1 1 0 0 1 1 0]
 [0 1 0 1 0 0 0 1 1 1]
 [1 1 1 1 1 1 1 1 1 1]
 [1 1 1 1 0 1 1 0 1 1]
 [0 0 0 1 1 0 0 1 1 0]
 [1 0 1 0 0 0 0 1 1 0]
 [1 0 1 1 1 0 0 1 0 1]
 [1 1 1 1 1 1 1 1 0 1]
 [1 0 1 1 1 0 0 1 0 1]
 [1 1 1 1 0 0 1 1 1 1]
 [1 1 1 1 1 1 0 0 0 0]
 [1 1 1 1 1 1 0 1 0 0]
 [0 1 1 1 1 1 0 0 1 1]
 [1 1 1 1 1 1 0 0 0 1]
 [1 1 1 1 1 0 1 1 1 1]
 [1 1 1 0 0 0 1 0 1 1]
 [1 0 1 1 1 0 1 0 1 1]
 [0 1 0 0 1 1 1 0 1 0]
 [1 0 1 1 1 1 1 1 0 1]
 [0 1 0 1 0 1 0 0 1 1]
 [1 1 1 1 1 1 0 1 1 1]
 [1 0 0 1 0 1 1 1 1 1]
 [1 0 1 1 1 1 1 1 0 1]
 [0 1 1 0 1 1 1 1 1 1]
 [1 1 0 0 1 1 1 1 1 1]
 [1 1 1 1 1 1 1 1 1 0]
 [1 0 1 1 1 1 0 1 1 1]
 [1 1 1 1 0 1 1 0 1 0]
 [0 0 0 1 1 1 0 1 0 1]
 [1 1 0 0 1 0 0 1 0 1]
 [1 0 0 0 1 1 1 1 0 1]
 [1 1 1 1 0 1 1 1 1 1]
 [1 0 1 1 1 0 1 1 1 1]
 [0 1 0 1 1 1 1 1 0 1]
 [0 0 1 1 1 1 0 1 0 1]
 [1 1 1 1 1 1 1 1 1 1]
 [0 0 1 0 1 0 1 1 0 1]
 [0 1 1 1 1 0 0 1 1 1]
 [1 1 1 1 1 0 1 0 1 1]
 [1 0 1 1 1 1 0 0 1 1]
 [1 1 1 1 0 0 1 1 1 1]
 [1 1 1 0 1 1 1 1 0 1]
 [1 1 1 1 0 1 1 1 1 1]
 [0 1 1 1 1 0 1 1 1 1]
 [0 1 1 1 1 1 1 1 1 1]]
{'restarts': 17, 'conflicts': 3178, 'decisions': 7096, 'propagations': 2960785}
Q is identifiable
branch at 6
runtime for solving id of Q is 0.5492983339354396
Simulation results:
{'J': 100, 'K': 10, 'N': 10, 'p': 0.7, 'seed': 869, 'sim': 7, 'runtime': 0.5492983339354396, 'identifiable': 1, 'branch': 6}
8
Q: [[1 1 1 0 1 0 0 1 1 1]
 [1 1 0 1 0 1 1 1 1 0]
 [1 0 1 1 0 0 1 0 0 0]
 [0 1 1 0 0 1 1 1 1 1]
 [0 1 1 1 0 1 1 1 0 1]
 [1 0 0 1 0 1 1 1 0 0]
 [0 1 0 0 1 1 1 0 1 1]
 [1 0 1 0 0 1 1 0 0 1]
 [1 1 0 1 1 1 1 1 0 1]
 [1 1 1 1 1 1 1 1 1 1]
 [1 1 1 1 1 1 1 1 1 1]
 [1 1 1 1 1 0 1 1 1 1]
 [1 1 1 0 1 0 0 1 1 1]
 [0 1 1 1 1 1 1 1 1 1]
 [0 1 0 1 1 1 0 0 0 0]
 [1 1 1 1 1 1 1 1 1 0]
 [1 1 1 0 1 1 1 1 1 1]
 [1 1 1 0 1 1 0 1 1 0]
 [1 1 0 1 0 0 1 1 1 0]
 [1 1 1 1 1 0 0 0 1 0]
 [1 1 1 1 0 0 0 0 1 0]
 [1 1 0 0 1 0 1 0 1 1]
 [1 1 1 0 0 1 1 1 1 1]
 [0 1 1 1 0 1 0 1 1 0]
 [1 1 1 1 1 1 1 0 1 1]
 [1 1 0 1 0 0 1 0 0 1]
 [1 1 1 0 1 0 0 1 0 0]
 [0 0 1 1 1 1 0 1 1 1]
 [1 1 1 0 0 1 1 1 1 1]
 [1 1 0 0 1 1 1 1 1 1]
 [0 1 1 1 1 0 0 1 1 1]
 [1 1 1 0 0 1 1 1 1 1]
 [1 0 1 1 1 0 1 1 1 1]
 [1 0 0 1 0 1 1 0 0 1]
 [1 1 0 1 1 0 0 1 1 1]
 [0 1 0 0 0 0 0 1 0 1]
 [0 1 1 0 1 0 0 0 1 1]
 [0 1 0 1 1 1 1 1 1 0]
 [1 0 1 1 1 1 0 1 0 1]
 [1 0 1 1 0 1 0 1 1 1]
 [1 0 0 1 1 1 0 0 1 1]
 [0 1 0 1 1 1 0 1 1 0]
 [0 1 0 1 1 1 1 1 1 1]
 [1 0 1 1 0 1 1 1 1 1]
 [1 1 0 0 0 1 1 1 0 1]
 [0 1 1 1 0 0 1 0 0 1]
 [1 1 1 1 1 1 0 0 1 0]
 [1 0 1 0 1 0 1 1 1 1]
 [1 0 1 1 1 1 1 0 1 1]
 [1 1 1 1 1 1 1 0 0 1]
 [1 0 1 1 1 1 0 0 0 1]
 [1 0 1 0 1 1 1 1 1 1]
 [0 1 1 0 1 1 1 0 1 1]
 [0 1 1 0 1 1 1 0 0 1]
 [1 1 0 1 1 1 1 1 0 0]
 [1 1 1 1 1 1 1 1 0 1]
 [1 1 0 1 0 1 1 1 1 0]
 [0 1 0 1 1 0 1 1 1 0]
 [1 1 1 0 0 0 1 0 0 1]
 [1 1 1 0 1 0 1 1 1 0]
 [1 1 1 1 1 0 0 1 0 0]
 [0 1 1 0 1 1 1 0 0 0]
 [0 1 1 1 1 0 0 1 1 1]
 [1 1 1 1 1 0 1 1 1 1]
 [0 1 0 1 0 0 1 1 0 1]
 [1 0 0 0 1 1 1 0 1 1]
 [1 1 1 1 1 1 1 1 1 0]
 [0 1 1 0 1 0 1 1 0 1]
 [0 0 1 0 1 1 0 1 1 1]
 [1 0 1 0 1 0 1 1 0 0]
 [1 1 0 0 1 1 1 0 1 1]
 [1 0 1 1 1 1 1 1 1 1]
 [0 0 1 1 0 1 1 0 1 1]
 [1 1 0 0 1 1 1 1 0 0]
 [0 1 1 0 1 0 1 1 1 1]
 [1 1 1 0 1 1 0 1 1 1]
 [1 1 0 0 1 0 1 0 1 1]
 [1 1 0 0 1 0 1 1 1 1]
 [0 0 1 0 1 1 0 1 1 1]
 [0 0 0 1 0 1 1 0 1 1]
 [0 1 1 0 1 1 1 0 1 1]
 [0 0 0 1 1 1 0 0 0 1]
 [0 1 0 1 1 0 1 1 1 1]
 [1 1 0 0 1 1 0 1 1 0]
 [1 1 0 1 0 0 0 1 1 1]
 [0 0 1 0 1 0 1 1 1 1]
 [1 1 1 1 1 1 1 0 1 1]
 [0 1 1 0 1 1 1 1 0 1]
 [1 1 0 1 1 0 1 1 0 1]
 [1 1 1 0 1 0 1 1 1 0]
 [1 1 1 0 1 1 1 1 1 1]
 [1 1 0 1 0 1 0 1 1 1]
 [1 0 0 0 1 1 1 1 1 1]
 [1 1 0 1 1 1 1 1 1 1]
 [1 0 1 1 1 1 1 1 1 1]
 [1 1 0 1 1 1 1 0 1 1]
 [1 1 1 1 0 1 1 0 0 1]
 [1 1 1 1 1 1 1 1 1 1]
 [1 1 0 0 1 1 1 1 1 0]
 [1 1 1 1 1 1 1 1 1 1]]
{'restarts': 44, 'conflicts': 10219, 'decisions': 17584, 'propagations': 10915771}
Q is identifiable
branch at 6
runtime for solving id of Q is 1.491696298122406
Simulation results:
{'J': 100, 'K': 10, 'N': 10, 'p': 0.7, 'seed': 869, 'sim': 8, 'runtime': 1.491696298122406, 'identifiable': 1, 'branch': 6}
9
Q: [[1 1 1 1 0 1 1 1 1 1]
 [0 1 1 0 1 0 1 1 1 1]
 [1 0 0 1 1 1 1 1 0 0]
 [1 1 1 1 1 1 1 1 1 1]
 [1 1 0 0 1 0 0 1 1 1]
 [1 0 1 0 1 1 1 1 1 0]
 [1 1 1 1 0 1 1 1 0 0]
 [1 1 0 1 1 1 1 1 1 0]
 [1 1 1 1 1 1 1 1 1 1]
 [1 1 1 0 1 1 0 1 0 0]
 [1 1 0 0 1 1 0 0 1 0]
 [1 1 1 1 0 1 1 1 1 1]
 [1 1 1 1 0 1 1 1 1 0]
 [1 0 0 1 1 1 0 1 0 0]
 [1 1 0 1 1 1 1 1 1 1]
 [1 1 1 1 0 0 1 0 1 1]
 [1 0 0 0 0 1 1 0 0 1]
 [1 0 1 1 0 1 1 1 1 1]
 [0 0 1 1 1 1 1 1 0 1]
 [1 1 0 0 1 1 1 1 0 0]
 [1 1 1 0 1 1 0 1 1 1]
 [0 1 0 0 1 1 1 0 1 1]
 [1 1 1 1 1 0 1 1 1 1]
 [0 0 1 0 0 1 1 1 0 1]
 [1 1 1 0 1 1 1 1 1 1]
 [1 1 1 1 0 0 0 1 1 0]
 [1 0 1 0 1 1 1 1 1 1]
 [1 0 0 1 1 1 1 1 1 0]
 [1 1 1 1 0 1 1 0 1 1]
 [1 1 1 1 1 0 1 1 1 1]
 [0 1 0 1 0 0 1 0 0 1]
 [1 1 0 1 1 1 1 0 1 0]
 [0 1 1 0 1 1 0 1 0 1]
 [1 0 1 1 1 0 1 0 1 0]
 [1 1 0 1 1 0 1 1 1 1]
 [1 1 1 1 1 1 1 1 1 1]
 [1 0 0 1 1 1 1 1 1 1]
 [1 1 1 1 0 1 1 1 1 0]
 [1 0 1 1 1 1 0 1 0 1]
 [0 1 1 1 1 1 1 1 0 0]
 [1 1 1 0 0 1 1 0 1 0]
 [1 1 1 1 1 0 1 1 0 0]
 [1 1 1 1 1 0 0 1 0 0]
 [0 0 1 1 1 1 1 1 1 1]
 [0 1 0 1 1 1 1 0 1 1]
 [1 0 1 1 1 0 0 1 1 1]
 [1 1 1 0 1 1 1 1 0 0]
 [0 1 1 1 1 1 1 1 0 0]
 [0 1 1 0 1 1 1 1 1 1]
 [0 1 0 0 1 1 1 1 1 1]
 [1 0 1 1 0 1 1 1 1 0]
 [1 0 1 0 1 1 0 1 1 1]
 [1 1 1 1 1 1 1 0 1 0]
 [0 0 1 1 0 1 0 0 1 1]
 [1 1 0 0 0 1 1 1 1 1]
 [0 0 0 1 0 1 0 1 1 1]
 [1 1 1 1 1 1 1 1 1 1]
 [1 1 0 1 1 1 0 1 1 0]
 [1 1 1 1 0 1 1 1 0 1]
 [1 0 0 1 0 1 0 0 1 0]
 [1 1 1 0 0 1 0 0 1 1]
 [1 0 0 0 0 1 0 1 0 1]
 [0 0 1 1 1 0 1 0 1 0]
 [1 1 1 1 0 0 1 1 1 1]
 [1 0 1 1 0 0 1 0 1 1]
 [1 1 1 1 1 0 0 1 1 1]
 [0 0 1 0 1 1 0 1 0 1]
 [1 1 1 1 1 1 1 0 1 1]
 [1 1 1 1 1 0 0 1 1 1]
 [1 1 1 0 1 0 1 1 1 1]
 [1 0 1 1 1 0 0 0 1 1]
 [1 1 1 1 0 1 1 0 0 1]
 [1 1 1 1 0 0 1 1 0 1]
 [1 0 1 1 1 1 1 1 1 1]
 [1 1 0 1 1 1 1 1 1 0]
 [0 1 0 1 1 1 1 0 0 1]
 [1 1 1 0 0 1 1 0 0 1]
 [1 1 1 1 1 1 1 1 1 0]
 [1 0 1 1 1 1 1 1 1 1]
 [1 0 0 1 1 1 1 1 1 1]
 [1 1 1 1 1 1 0 0 0 1]
 [1 1 0 1 0 0 1 1 1 1]
 [1 1 1 1 1 1 1 1 1 1]
 [1 1 0 1 0 1 1 0 0 0]
 [1 1 1 0 1 1 1 1 1 1]
 [0 1 1 1 1 1 1 1 0 1]
 [1 0 1 0 0 1 0 1 1 1]
 [1 1 1 0 1 1 0 1 0 1]
 [1 1 0 1 0 0 1 1 0 1]
 [0 0 1 1 1 1 0 1 1 1]
 [1 0 0 1 1 0 0 1 0 1]
 [0 1 1 1 1 1 0 1 1 1]
 [1 1 1 1 1 1 1 1 1 0]
 [1 1 1 1 1 1 1 1 1 1]
 [1 1 1 0 1 0 1 1 1 1]
 [1 1 0 1 0 1 0 1 0 1]
 [0 0 0 1 1 1 0 1 1 0]
 [0 1 1 0 1 1 1 0 1 0]
 [1 0 1 0 0 1 1 1 0 0]
 [0 0 1 1 1 1 1 1 1 1]]
{'restarts': 29, 'conflicts': 8518, 'decisions': 15268, 'propagations': 8203576}
Q is identifiable
branch at 6
runtime for solving id of Q is 1.2286593299359083
Simulation results:
{'J': 100, 'K': 10, 'N': 10, 'p': 0.7, 'seed': 869, 'sim': 9, 'runtime': 1.2286593299359083, 'identifiable': 1, 'branch': 6}
Simulation results:
[{'J': 100, 'K': 10, 'N': 10, 'p': 0.7, 'seed': 869, 'sim': 0, 'runtime': 1.6591581236571074, 'identifiable': 1, 'branch': 6}, {'J': 100, 'K': 10, 'N': 10, 'p': 0.7, 'seed': 869, 'sim': 1, 'runtime': 0.3468415141105652, 'identifiable': 1, 'branch': 6}, {'J': 100, 'K': 10, 'N': 10, 'p': 0.7, 'seed': 869, 'sim': 2, 'runtime': 0.5415646946057677, 'identifiable': 1, 'branch': 6}, {'J': 100, 'K': 10, 'N': 10, 'p': 0.7, 'seed': 869, 'sim': 3, 'runtime': 0.6740848710760474, 'identifiable': 1, 'branch': 6}, {'J': 100, 'K': 10, 'N': 10, 'p': 0.7, 'seed': 869, 'sim': 4, 'runtime': 2.2302308045327663, 'identifiable': 1, 'branch': 6}, {'J': 100, 'K': 10, 'N': 10, 'p': 0.7, 'seed': 869, 'sim': 5, 'runtime': 0.47695305943489075, 'identifiable': 1, 'branch': 6}, {'J': 100, 'K': 10, 'N': 10, 'p': 0.7, 'seed': 869, 'sim': 6, 'runtime': 2.699273744598031, 'identifiable': 1, 'branch': 6}, {'J': 100, 'K': 10, 'N': 10, 'p': 0.7, 'seed': 869, 'sim': 7, 'runtime': 0.5492983339354396, 'identifiable': 1, 'branch': 6}, {'J': 100, 'K': 10, 'N': 10, 'p': 0.7, 'seed': 869, 'sim': 8, 'runtime': 1.491696298122406, 'identifiable': 1, 'branch': 6}, {'J': 100, 'K': 10, 'N': 10, 'p': 0.7, 'seed': 869, 'sim': 9, 'runtime': 1.2286593299359083, 'identifiable': 1, 'branch': 6}]
