
The Gurobi software has a limited number of licenses. To request a license or
licenses, add this line

    #SBATCH --licenses=gurobi@slurmdb:1

to your SBATCH script, replacing N with the number of licenses you need. Gurobi
will need one license per process.


0
Q: [[0 0 0 0 0 0 1 1 0 0 0 0 0 0 0]
 [1 1 0 0 1 0 0 1 0 0 0 0 0 0 1]
 [1 1 0 0 0 0 0 0 1 0 1 0 0 0 0]
 [0 1 0 1 1 0 0 1 1 0 1 1 0 1 0]
 [1 0 0 0 0 0 1 1 0 0 0 1 0 0 1]
 [0 1 0 1 0 1 0 0 1 0 1 0 0 0 0]
 [0 0 0 0 1 0 1 0 0 1 0 0 1 1 0]
 [1 1 1 0 0 0 1 0 1 0 1 1 0 0 0]
 [1 0 0 0 0 0 0 0 0 1 1 0 1 0 1]
 [0 1 0 0 0 1 0 0 0 0 0 1 0 0 1]
 [0 1 0 0 1 1 0 1 0 0 1 1 0 1 1]
 [1 1 1 0 0 0 1 0 1 0 0 0 1 0 0]
 [0 1 0 1 0 0 0 0 0 0 0 0 0 0 0]
 [0 1 0 0 0 0 1 0 0 0 1 0 1 0 1]
 [0 0 1 0 1 1 0 0 0 0 0 0 0 1 0]
 [0 1 0 0 1 1 0 1 0 1 0 0 0 0 0]
 [0 1 0 0 0 1 1 0 1 1 0 0 1 0 0]
 [0 0 0 1 0 0 0 0 0 0 0 1 0 0 1]
 [0 0 0 0 1 0 0 0 1 0 1 1 0 0 1]
 [1 0 1 0 0 0 1 0 0 0 0 0 0 0 0]
 [0 0 1 1 0 1 1 1 0 1 1 0 1 1 0]
 [0 1 0 0 0 1 0 1 0 0 0 0 0 1 1]
 [0 0 0 1 0 0 0 0 0 0 0 1 0 0 0]
 [1 1 0 0 1 0 0 0 0 0 1 0 1 1 0]
 [1 1 0 1 1 1 1 0 0 0 1 1 0 1 0]
 [1 0 0 0 0 1 1 1 0 1 1 0 1 0 1]
 [0 0 0 1 1 1 0 0 1 1 1 1 0 0 0]
 [0 0 0 0 0 0 0 1 1 0 0 0 0 0 1]
 [1 0 0 0 0 1 0 1 1 1 1 0 0 1 1]
 [0 0 1 1 1 1 1 0 0 0 1 0 0 0 0]
 [0 0 0 1 0 1 1 0 0 1 0 0 0 0 0]
 [1 0 0 1 1 0 0 0 0 0 1 1 0 0 0]
 [0 0 0 0 0 0 0 0 1 0 0 0 1 1 0]
 [1 1 1 0 0 1 0 0 0 0 1 0 1 0 1]
 [0 0 1 0 0 1 0 0 1 0 1 1 0 0 0]
 [0 0 1 1 0 1 0 1 0 1 0 0 0 0 0]
 [0 0 1 0 0 1 1 0 0 1 0 1 1 0 0]
 [0 1 0 1 0 0 0 1 1 0 1 0 0 1 0]
 [0 1 0 1 0 0 1 0 0 1 0 0 0 0 0]
 [0 0 1 1 1 1 0 1 1 0 1 1 0 1 1]
 [1 1 0 0 0 1 0 0 0 0 1 0 0 1 1]
 [1 1 0 0 0 0 0 0 1 0 0 1 1 1 0]
 [0 1 0 0 1 0 1 0 1 0 1 0 1 1 1]
 [1 0 0 1 0 0 1 1 0 0 1 1 1 1 1]
 [0 1 0 0 1 1 0 1 0 0 0 0 1 0 0]
 [1 0 0 0 0 0 1 1 0 1 1 0 1 0 0]
 [1 0 0 1 0 1 0 1 0 0 1 1 1 1 0]
 [0 0 0 0 0 0 1 0 0 0 1 0 0 0 0]
 [0 1 0 0 0 1 1 0 0 0 0 1 1 0 0]
 [1 1 1 0 1 1 1 0 1 0 0 0 0 0 1]]
{'restarts': 16, 'conflicts': 4847, 'decisions': 12592, 'propagations': 44828335}
Q is identifiable
branch at 6
runtime for solving id of Q is 11.532405463978648
Simulation results:
{'J': 50, 'K': 15, 'N': 10, 'p': 0.4, 'seed': 65, 'sim': 0, 'runtime': 11.532405463978648, 'identifiable': 1, 'branch': 6}
1
Q: [[0 0 0 0 1 1 1 1 0 0 1 1 0 0 0]
 [1 1 1 0 1 0 0 0 1 1 0 0 0 0 0]
 [0 0 0 0 1 0 0 1 0 1 0 0 0 1 0]
 [0 1 0 0 1 0 0 0 1 0 1 1 0 0 1]
 [0 0 1 0 1 1 0 1 0 1 0 1 0 1 0]
 [1 0 0 0 0 1 1 1 0 0 0 0 0 0 0]
 [0 0 1 0 1 1 0 0 1 1 1 0 0 0 1]
 [0 0 1 0 0 0 0 1 0 0 1 0 0 0 0]
 [0 0 0 0 1 0 1 1 0 1 0 0 1 1 0]
 [1 0 1 0 1 0 0 0 1 0 1 1 0 1 0]
 [0 0 1 1 0 0 0 1 0 0 1 0 0 0 0]
 [1 0 1 1 1 1 1 0 0 1 0 0 0 1 0]
 [1 1 0 1 1 1 0 1 1 0 1 1 1 0 0]
 [1 1 1 0 0 1 0 0 0 1 0 1 0 0 0]
 [0 1 1 0 0 1 0 0 0 0 0 0 1 0 1]
 [1 1 0 0 0 0 0 0 0 1 0 0 1 0 0]
 [1 0 0 0 1 0 0 1 0 0 0 0 1 0 1]
 [0 0 1 0 0 0 0 0 0 1 0 0 1 0 1]
 [0 0 0 0 1 0 0 0 1 0 1 1 0 0 1]
 [0 1 0 0 0 1 0 0 0 0 1 0 1 0 0]
 [0 0 0 0 1 1 0 0 1 0 0 1 1 1 0]
 [1 0 1 1 0 0 0 0 1 1 0 0 0 1 0]
 [1 0 0 0 0 1 0 0 0 1 1 1 0 1 0]
 [1 1 1 0 0 0 0 0 1 0 0 0 1 1 0]
 [1 1 0 1 1 0 0 0 1 1 0 1 1 1 0]
 [0 1 0 0 1 0 0 0 0 1 0 1 1 1 0]
 [1 1 0 0 0 0 1 0 0 1 0 0 1 0 0]
 [1 0 0 1 1 0 0 0 1 0 0 1 0 0 0]
 [0 1 0 0 0 0 1 0 1 0 1 0 1 1 1]
 [1 1 0 1 0 1 1 1 1 1 1 0 1 0 1]
 [0 0 0 1 0 1 1 0 1 1 0 0 0 0 1]
 [1 0 1 1 0 0 0 0 1 0 0 0 0 0 0]
 [0 0 0 0 1 0 0 0 0 1 1 0 1 1 0]
 [1 0 0 0 0 1 1 1 1 0 1 1 1 0 0]
 [0 0 0 0 1 1 0 1 0 0 0 1 0 0 0]
 [0 0 1 1 1 0 0 1 0 0 1 0 0 0 0]
 [1 1 1 1 0 0 0 1 1 0 1 0 0 1 1]
 [0 1 1 0 0 1 1 0 0 0 0 0 1 1 1]
 [1 1 0 0 1 0 0 0 0 1 1 1 0 0 0]
 [0 1 0 0 0 0 0 0 1 0 1 0 0 0 1]
 [1 0 0 1 0 0 0 1 0 0 1 1 0 0 1]
 [0 0 0 0 1 0 0 0 1 1 1 1 1 0 0]
 [0 0 1 0 0 1 0 0 1 0 1 1 0 0 0]
 [1 0 0 1 0 1 1 0 1 1 1 1 0 1 0]
 [0 1 1 1 0 1 0 0 0 0 1 0 1 1 0]
 [1 0 0 0 0 1 0 1 1 0 1 0 1 0 0]
 [0 0 0 1 1 1 0 0 1 0 1 1 1 1 1]
 [1 1 0 1 1 1 0 0 1 1 0 0 1 0 0]
 [0 0 0 0 1 1 1 1 0 0 1 0 0 0 1]
 [0 0 0 0 0 1 1 0 0 0 0 0 0 1 0]]
{'restarts': 41, 'conflicts': 14537, 'decisions': 28300, 'propagations': 106928942}
Q is identifiable
branch at 6
runtime for solving id of Q is 17.274133682250977
Simulation results:
{'J': 50, 'K': 15, 'N': 10, 'p': 0.4, 'seed': 65, 'sim': 1, 'runtime': 17.274133682250977, 'identifiable': 1, 'branch': 6}
2
Q: [[1 1 1 1 0 1 0 1 0 0 1 1 1 0 0]
 [1 1 0 0 0 1 0 1 0 1 0 1 0 0 1]
 [1 0 0 0 0 0 0 1 1 0 1 1 0 0 1]
 [1 0 0 0 1 1 0 0 0 1 1 0 1 0 0]
 [1 1 1 0 0 1 1 0 0 0 0 1 1 0 1]
 [1 0 1 1 1 0 0 0 0 0 0 0 0 0 1]
 [1 0 1 0 0 0 0 0 0 1 0 0 0 1 0]
 [1 0 0 1 1 0 1 0 0 1 0 1 0 0 1]
 [0 0 1 0 1 0 1 0 0 0 0 0 1 1 0]
 [0 1 0 1 0 1 0 1 1 1 1 1 1 0 0]
 [0 0 1 0 1 1 1 1 1 0 1 1 0 0 0]
 [0 0 0 1 1 1 1 0 0 0 0 0 1 0 0]
 [0 0 1 0 0 1 1 0 0 1 1 1 1 0 0]
 [0 1 0 1 0 1 1 1 1 0 1 0 1 1 0]
 [1 0 0 0 0 0 1 0 1 1 1 0 0 0 1]
 [0 0 1 1 0 0 1 0 1 0 0 0 0 1 0]
 [0 1 0 0 1 0 0 0 1 1 0 1 1 1 1]
 [0 0 0 0 0 1 1 0 1 0 0 1 1 0 1]
 [0 1 0 1 0 1 0 1 0 0 1 0 1 0 0]
 [1 0 0 1 0 1 0 1 0 1 0 0 0 0 0]
 [0 0 0 1 1 1 1 0 0 1 0 0 1 1 0]
 [1 1 0 1 0 0 0 0 1 1 0 0 0 0 0]
 [0 0 0 0 1 0 0 1 0 1 1 0 1 0 0]
 [0 1 1 1 0 0 1 0 1 0 1 1 1 1 0]
 [1 0 1 0 0 1 0 0 1 0 0 0 1 0 0]
 [1 0 0 1 0 1 0 0 0 1 1 1 0 1 1]
 [0 0 1 1 0 0 1 0 0 0 0 0 0 1 1]
 [0 0 1 1 1 0 0 1 0 1 0 0 0 1 0]
 [1 1 0 1 1 0 0 0 0 0 0 1 1 1 1]
 [0 1 1 0 1 1 1 0 1 0 0 1 0 0 0]
 [1 1 0 1 0 0 0 1 1 0 0 1 0 0 0]
 [0 1 0 0 0 1 0 0 0 1 1 0 0 0 0]
 [0 1 0 0 1 0 1 0 0 1 0 1 0 0 0]
 [0 1 1 0 0 0 0 0 0 0 0 0 1 1 0]
 [0 0 1 0 1 1 0 0 1 0 1 0 1 1 0]
 [0 1 0 1 1 1 1 0 0 0 1 0 0 0 0]
 [0 0 1 0 1 0 1 1 0 1 0 0 1 0 0]
 [1 0 1 0 0 0 1 0 0 0 0 1 0 1 0]
 [1 0 0 1 0 0 0 0 0 1 1 0 0 1 1]
 [0 1 0 1 0 0 0 0 0 0 1 0 1 0 1]
 [0 0 0 1 1 1 1 1 1 0 0 1 0 0 0]
 [1 1 0 1 0 1 1 0 0 0 0 1 0 0 0]
 [0 0 1 1 0 0 0 0 0 1 0 1 0 0 1]
 [0 0 0 0 0 1 1 1 0 0 1 0 0 0 0]
 [0 1 0 1 0 1 1 1 1 0 0 0 0 0 0]
 [0 1 0 0 1 1 0 1 0 0 1 1 0 0 1]
 [0 0 1 0 1 0 1 0 0 0 1 0 1 1 1]
 [0 1 0 0 1 0 1 1 0 1 0 1 0 1 1]
 [0 0 1 0 0 0 0 1 1 0 0 1 0 0 0]
 [1 0 0 0 1 0 1 0 0 1 0 0 0 0 1]]
{'restarts': 95, 'conflicts': 38021, 'decisions': 67977, 'propagations': 343025817}
Q is identifiable
branch at 6
runtime for solving id of Q is 58.694078052882105
Simulation results:
{'J': 50, 'K': 15, 'N': 10, 'p': 0.4, 'seed': 65, 'sim': 2, 'runtime': 58.694078052882105, 'identifiable': 1, 'branch': 6}
3
Q: [[0 1 0 0 1 0 0 0 1 1 0 0 0 0 0]
 [0 1 1 0 0 1 1 0 0 1 0 0 0 1 0]
 [0 0 0 0 1 0 1 0 1 0 1 1 0 0 0]
 [0 1 0 0 0 1 0 1 1 0 1 0 0 0 1]
 [1 0 1 0 0 1 0 0 0 0 0 1 1 0 0]
 [0 1 1 0 0 0 0 0 0 1 1 0 1 0 1]
 [1 1 0 0 0 0 1 0 1 0 0 0 0 0 0]
 [0 0 0 0 1 0 1 0 1 0 1 1 0 0 0]
 [0 0 0 1 0 0 1 0 1 1 1 0 1 0 0]
 [1 0 1 1 0 0 0 0 0 0 0 0 1 0 0]
 [0 1 0 1 0 0 0 1 0 1 1 0 0 0 0]
 [0 0 0 1 0 1 0 0 0 0 0 0 0 1 0]
 [0 0 0 0 1 1 0 0 1 1 0 0 0 1 1]
 [1 1 0 1 0 1 0 1 0 1 1 0 0 1 0]
 [0 1 0 1 0 0 0 0 1 0 0 1 0 1 0]
 [0 0 0 1 1 1 0 0 0 0 0 0 0 0 0]
 [0 1 0 1 1 1 1 0 0 1 0 0 1 0 1]
 [1 1 1 1 0 1 0 1 0 1 1 1 0 1 0]
 [0 0 0 0 1 0 0 0 0 1 1 0 0 0 0]
 [0 0 1 1 0 1 1 1 0 0 0 1 0 1 0]
 [0 1 0 1 0 0 0 1 1 0 1 1 1 0 0]
 [0 0 0 1 1 1 0 1 1 0 0 0 0 0 0]
 [1 1 1 0 0 0 1 0 1 1 0 1 1 0 0]
 [1 1 0 0 0 0 0 1 0 0 1 1 1 1 1]
 [0 1 0 0 1 1 1 0 0 0 0 1 0 0 1]
 [0 0 0 0 1 0 0 1 1 0 1 0 1 0 0]
 [1 1 1 0 0 1 0 0 0 0 0 0 0 0 0]
 [0 0 0 0 1 1 1 1 0 1 1 0 1 1 0]
 [0 0 1 0 1 0 1 0 0 0 1 0 0 0 0]
 [0 1 0 1 1 0 1 0 0 0 1 1 0 0 0]
 [0 1 1 1 0 0 1 1 1 1 1 0 1 0 1]
 [1 1 1 0 0 0 1 0 1 0 0 0 1 0 0]
 [0 1 1 1 0 0 0 1 0 0 1 0 1 1 0]
 [0 1 0 1 0 0 0 1 0 0 0 0 0 0 1]
 [1 1 0 0 0 0 0 0 1 0 1 0 1 1 1]
 [1 0 1 0 0 0 0 0 1 1 0 0 0 0 0]
 [0 0 0 0 0 1 0 1 0 0 0 0 0 1 0]
 [1 1 1 1 0 0 1 0 0 0 0 1 1 1 1]
 [1 1 0 0 0 0 1 1 1 0 0 0 1 0 1]
 [0 0 0 1 1 0 0 0 0 0 1 1 1 1 0]
 [1 0 0 0 0 0 1 0 1 0 0 0 1 0 0]
 [0 0 0 1 0 1 1 0 0 0 1 0 0 1 1]
 [0 0 1 0 0 1 1 1 1 1 0 1 1 1 0]
 [1 0 1 0 0 1 1 0 0 0 0 1 1 0 1]
 [1 0 0 0 1 0 0 0 0 0 0 0 0 0 0]
 [0 0 1 1 0 0 0 0 1 0 0 0 0 1 1]
 [0 1 1 1 1 0 0 0 0 0 0 0 1 1 1]
 [0 1 1 1 1 1 0 1 1 1 0 1 1 1 1]
 [1 1 1 0 0 0 1 0 0 0 0 1 0 0 0]
 [1 0 0 0 0 0 1 0 1 0 1 0 1 0 0]]
{'restarts': 34, 'conflicts': 9854, 'decisions': 20106, 'propagations': 75653757}
Q is identifiable
branch at 6
runtime for solving id of Q is 14.787141962908208
Simulation results:
{'J': 50, 'K': 15, 'N': 10, 'p': 0.4, 'seed': 65, 'sim': 3, 'runtime': 14.787141962908208, 'identifiable': 1, 'branch': 6}
4
Q: [[0 0 1 0 1 0 1 0 0 0 1 0 1 0 0]
 [1 1 0 0 0 0 0 0 0 0 0 1 0 1 0]
 [0 1 0 0 1 1 0 1 0 0 1 1 0 1 0]
 [1 0 0 0 1 1 0 0 1 1 0 1 0 0 0]
 [1 0 0 0 0 1 0 1 1 0 1 0 0 0 0]
 [0 0 1 0 1 1 1 0 1 0 0 1 1 0 1]
 [0 1 1 0 0 1 0 1 1 1 1 0 0 1 0]
 [0 0 1 1 0 1 0 1 0 0 0 0 0 0 0]
 [0 0 0 1 1 1 0 1 0 0 0 1 0 0 0]
 [1 0 1 0 1 0 0 1 0 0 1 0 0 0 1]
 [0 0 1 1 0 1 0 1 0 1 0 0 0 1 0]
 [0 0 0 0 0 1 0 0 0 1 0 0 1 0 0]
 [0 1 1 0 0 1 1 0 1 0 1 1 0 1 0]
 [1 1 0 1 0 1 1 0 1 1 0 0 0 0 0]
 [1 1 0 0 1 0 0 0 1 1 0 0 0 0 0]
 [1 1 1 0 0 0 0 1 0 0 0 0 0 1 1]
 [1 0 1 0 0 0 0 0 0 1 0 0 0 1 0]
 [1 0 1 1 1 0 1 0 1 1 1 0 0 0 0]
 [0 0 1 0 0 1 0 0 0 0 0 1 0 1 0]
 [1 1 0 0 0 0 1 0 1 0 0 0 0 0 1]
 [0 1 0 1 1 0 0 1 0 1 0 1 0 0 0]
 [0 1 0 0 0 1 1 1 0 0 1 1 1 1 0]
 [1 1 0 1 0 1 0 0 0 1 1 1 0 1 0]
 [0 1 0 0 1 1 0 1 1 0 0 0 1 1 0]
 [0 0 1 0 1 1 1 1 1 0 1 0 0 0 1]
 [0 0 0 0 1 1 1 0 1 1 0 0 1 1 1]
 [1 0 1 0 0 1 0 0 1 0 0 0 0 1 0]
 [0 1 0 0 0 1 1 0 1 1 1 1 0 0 1]
 [1 0 0 0 1 1 0 0 1 0 0 1 0 0 1]
 [1 0 0 1 0 1 0 1 0 0 1 0 0 1 0]
 [0 1 1 0 0 0 0 0 1 0 1 0 1 1 1]
 [1 0 0 0 0 0 0 0 1 0 1 1 1 1 0]
 [0 1 1 0 0 0 0 1 1 0 0 1 1 1 1]
 [1 1 1 0 0 1 0 1 0 1 0 0 0 1 1]
 [0 0 0 0 0 0 1 0 1 0 0 0 0 1 0]
 [1 0 0 1 1 0 1 1 1 1 0 0 0 0 0]
 [0 0 0 0 0 1 1 0 0 0 1 1 0 1 1]
 [0 0 1 0 1 0 0 0 1 1 0 0 1 1 1]
 [0 1 1 1 1 0 0 1 1 0 0 1 0 1 0]
 [1 1 0 1 0 0 0 0 1 0 1 0 1 0 1]
 [0 1 0 0 1 0 0 0 1 0 1 1 0 1 1]
 [0 1 1 0 0 1 1 1 0 0 0 1 0 1 0]
 [1 0 1 1 1 1 1 0 0 0 1 0 1 1 1]
 [0 1 0 0 0 1 0 1 0 0 0 1 1 0 0]
 [1 1 1 1 1 1 1 0 1 1 1 1 0 1 0]
 [0 1 1 0 1 0 1 0 1 0 0 1 1 0 0]
 [0 1 0 1 0 1 1 0 1 0 1 0 1 0 1]
 [1 0 0 0 1 0 0 0 0 0 0 1 0 1 1]
 [0 1 0 0 0 0 0 0 0 1 0 0 0 1 0]
 [1 1 0 1 0 1 1 1 0 1 1 0 1 0 0]]
{'restarts': 104, 'conflicts': 35988, 'decisions': 65898, 'propagations': 234777881}
Q is identifiable
branch at 6
runtime for solving id of Q is 34.23931413795799
Simulation results:
{'J': 50, 'K': 15, 'N': 10, 'p': 0.4, 'seed': 65, 'sim': 4, 'runtime': 34.23931413795799, 'identifiable': 1, 'branch': 6}
5
Q: [[0 1 0 1 1 0 1 1 1 0 1 1 0 0 1]
 [1 0 0 0 1 0 0 0 0 0 0 1 1 0 0]
 [0 0 1 0 1 1 1 0 1 0 0 0 0 0 0]
 [1 0 0 0 0 0 1 1 1 0 0 0 1 0 0]
 [0 1 1 1 1 0 1 0 1 1 0 0 0 1 0]
 [0 0 0 0 0 1 1 0 0 1 0 0 1 0 0]
 [1 0 0 1 1 1 0 0 0 0 1 1 1 0 0]
 [0 0 1 0 0 0 0 0 0 0 0 0 0 0 0]
 [0 0 0 1 1 1 1 1 0 0 0 0 0 0 0]
 [0 0 0 0 1 0 0 0 0 0 0 1 0 0 0]
 [1 0 0 1 0 0 0 0 0 1 0 1 1 1 0]
 [0 0 0 0 1 0 1 0 0 1 0 0 0 0 0]
 [0 1 0 1 0 1 0 1 0 1 0 0 0 1 1]
 [0 1 0 1 0 0 0 0 0 0 1 1 0 1 1]
 [0 1 1 0 1 1 1 0 1 0 0 0 1 0 1]
 [1 0 1 0 0 0 1 0 0 1 0 1 0 0 1]
 [1 0 0 0 0 1 0 1 1 0 0 0 0 0 0]
 [0 0 0 0 0 0 0 0 1 0 0 0 1 0 0]
 [0 0 0 0 0 0 0 0 1 0 1 0 0 1 0]
 [1 0 0 1 0 0 1 0 0 0 0 0 0 0 0]
 [0 0 0 0 1 0 0 0 0 1 0 0 1 0 1]
 [1 0 0 0 0 0 0 0 1 0 0 0 0 0 1]
 [1 0 1 0 1 0 1 0 1 0 0 0 1 0 1]
 [1 0 0 0 0 1 1 0 0 0 1 0 1 0 0]
 [0 0 1 0 0 0 1 1 1 1 1 1 0 1 1]
 [0 0 0 0 1 0 1 0 0 0 0 0 1 0 0]
 [1 1 0 1 0 0 0 0 0 1 1 1 0 1 0]
 [0 1 1 1 1 0 1 1 1 0 0 1 1 0 0]
 [0 1 1 0 1 0 0 1 1 1 1 1 0 0 1]
 [0 0 0 0 0 0 0 0 0 1 0 1 0 1 0]
 [1 0 0 0 0 0 0 0 0 0 1 0 0 0 0]
 [0 0 0 0 1 0 1 1 0 0 1 1 0 1 0]
 [1 0 0 0 1 0 0 1 1 0 0 1 0 0 0]
 [1 0 0 0 1 1 1 0 0 0 0 0 0 0 0]
 [0 0 0 1 1 0 0 0 0 1 1 0 0 1 1]
 [1 0 0 0 0 0 0 1 1 0 0 1 0 0 1]
 [1 0 1 0 0 0 1 1 1 1 0 0 0 0 1]
 [1 1 0 0 1 0 0 0 0 0 0 1 0 1 1]
 [1 1 0 0 0 1 1 0 1 0 0 1 0 1 0]
 [0 0 0 0 1 0 1 0 1 0 1 0 1 0 0]
 [0 0 1 0 0 0 1 1 1 0 1 0 0 1 0]
 [0 1 1 1 0 0 0 0 0 0 0 0 1 0 0]
 [1 0 1 0 1 1 1 0 1 0 0 1 0 1 1]
 [0 0 1 1 0 1 0 0 0 1 1 1 0 1 0]
 [1 0 0 0 1 1 0 1 1 0 0 0 0 0 0]
 [0 0 1 1 0 0 1 0 1 1 0 0 0 0 1]
 [1 0 0 0 1 0 1 1 0 0 0 0 1 0 0]
 [0 0 0 1 1 0 0 0 0 0 0 0 1 0 0]
 [0 1 0 0 1 0 0 0 0 1 1 1 0 0 0]
 [1 0 0 1 1 1 1 1 0 0 0 0 0 1 0]]
{'restarts': 17, 'conflicts': 3359, 'decisions': 10723, 'propagations': 27475841}
Q is identifiable
branch at 6
runtime for solving id of Q is 8.676234438084066
Simulation results:
{'J': 50, 'K': 15, 'N': 10, 'p': 0.4, 'seed': 65, 'sim': 5, 'runtime': 8.676234438084066, 'identifiable': 1, 'branch': 6}
6
Q: [[0 0 0 0 0 1 0 1 0 1 0 0 1 0 1]
 [0 1 1 0 1 1 0 0 0 0 0 1 1 0 1]
 [0 1 1 0 0 0 0 0 1 1 1 1 0 0 0]
 [1 1 0 0 0 0 1 1 0 0 0 0 0 0 0]
 [0 0 0 0 0 0 0 0 0 1 0 1 0 1 1]
 [0 1 0 0 0 0 0 1 0 0 1 0 1 1 0]
 [1 0 0 0 1 1 0 0 0 1 1 0 0 0 0]
 [0 1 1 0 1 1 0 1 0 1 0 1 1 0 0]
 [0 1 0 1 1 0 0 0 0 1 1 1 0 0 1]
 [0 1 0 0 0 0 1 1 0 0 1 1 0 1 0]
 [1 1 0 1 1 0 0 1 0 1 1 0 1 1 0]
 [1 0 0 0 0 0 1 0 1 1 1 0 0 0 1]
 [0 1 0 1 1 0 1 1 0 0 1 1 0 0 0]
 [1 1 0 1 0 1 0 0 0 0 1 0 1 0 0]
 [1 0 0 0 0 0 0 0 1 0 1 0 0 0 0]
 [1 0 0 1 0 0 0 1 1 1 1 0 0 0 0]
 [0 1 0 0 0 1 0 0 1 0 1 1 1 0 1]
 [0 0 0 0 1 0 0 0 0 1 1 0 0 0 0]
 [0 0 1 0 0 0 0 1 1 1 0 0 0 0 0]
 [0 0 1 0 1 0 0 1 1 0 1 0 0 1 1]
 [0 0 0 1 1 0 0 0 0 1 1 1 0 0 1]
 [0 1 1 0 0 1 1 0 1 0 0 1 0 1 0]
 [0 1 1 1 1 1 0 0 1 1 1 0 1 0 0]
 [1 1 1 1 0 0 0 0 0 0 0 0 1 0 0]
 [0 0 0 1 0 0 0 1 1 0 0 0 0 0 0]
 [0 1 1 0 0 0 0 1 1 0 1 1 0 0 0]
 [1 1 0 0 1 1 1 0 0 1 0 1 0 0 1]
 [0 0 1 1 1 0 0 0 1 1 0 0 1 1 1]
 [1 0 0 0 0 0 0 0 0 1 0 0 1 0 0]
 [1 1 0 0 0 0 1 0 1 1 0 1 0 0 0]
 [1 1 0 1 0 1 0 1 1 0 1 0 1 0 1]
 [0 1 1 0 0 0 0 1 0 0 1 0 0 1 0]
 [0 0 1 0 0 0 1 0 1 0 1 0 1 0 0]
 [0 0 0 0 1 0 1 1 1 0 0 0 1 0 1]
 [0 1 1 0 0 0 0 0 0 0 1 0 0 0 1]
 [1 1 0 0 0 1 1 0 0 0 1 1 0 0 0]
 [1 1 0 0 1 0 0 1 0 1 1 1 1 1 0]
 [0 1 0 0 0 1 0 0 0 0 1 0 1 0 0]
 [0 1 0 1 0 1 1 0 1 1 1 0 1 0 1]
 [0 1 0 0 1 0 0 1 0 0 0 0 1 0 1]
 [1 0 0 1 0 1 0 0 0 0 0 1 0 1 1]
 [0 0 0 1 0 0 1 1 0 1 0 0 0 0 0]
 [1 1 0 1 0 0 0 0 1 0 0 1 0 1 0]
 [1 1 0 0 0 0 0 0 0 1 0 0 0 1 0]
 [1 0 0 0 0 1 0 1 0 0 1 0 1 0 0]
 [1 0 1 1 1 0 0 0 1 0 1 0 0 1 0]
 [0 1 0 0 0 1 1 0 0 1 1 1 0 0 0]
 [1 0 1 0 0 0 0 0 0 0 0 1 0 0 1]
 [1 1 0 0 0 1 1 0 0 0 1 0 1 0 1]
 [0 1 1 0 0 0 0 1 1 1 1 1 1 1 0]]
{'restarts': 32, 'conflicts': 11033, 'decisions': 22279, 'propagations': 92513842}
Q is identifiable
branch at 6
runtime for solving id of Q is 18.90053288033232
Simulation results:
{'J': 50, 'K': 15, 'N': 10, 'p': 0.4, 'seed': 65, 'sim': 6, 'runtime': 18.90053288033232, 'identifiable': 1, 'branch': 6}
7
Q: [[1 0 0 1 1 1 1 1 1 0 1 0 0 0 1]
 [1 0 1 0 0 0 1 1 0 0 0 1 0 0 0]
 [1 0 0 1 0 0 0 1 1 1 1 0 0 0 0]
 [0 1 0 1 0 0 0 1 0 0 0 0 0 1 0]
 [1 1 0 0 0 0 0 1 1 1 0 1 0 1 1]
 [1 0 0 1 0 0 0 1 0 1 1 1 0 0 0]
 [1 0 1 0 0 0 1 1 0 0 1 0 0 1 0]
 [0 1 0 0 0 1 0 1 1 1 1 0 1 1 0]
 [1 0 0 0 1 0 0 0 0 0 0 0 0 0 0]
 [1 1 1 0 1 0 1 0 0 0 0 0 1 0 0]
 [0 1 0 0 0 0 0 1 1 1 0 1 0 0 0]
 [1 1 0 1 0 0 0 1 0 1 0 1 0 0 0]
 [1 1 0 0 1 0 0 1 0 0 0 0 0 0 0]
 [0 0 0 1 0 0 0 0 1 0 0 0 1 1 0]
 [1 1 0 0 0 0 0 0 0 0 0 1 0 1 0]
 [1 1 1 1 1 1 1 0 1 0 0 1 0 0 1]
 [1 0 0 0 0 1 1 1 1 0 1 0 0 1 0]
 [0 1 0 0 1 0 1 1 0 0 1 0 0 0 1]
 [0 0 0 0 1 1 0 0 1 1 0 1 1 0 0]
 [0 0 0 0 1 0 0 0 0 1 0 0 0 1 1]
 [0 1 0 1 0 1 0 0 1 1 0 1 1 1 0]
 [1 1 1 1 1 1 0 0 0 0 0 0 0 0 0]
 [0 0 1 0 0 0 0 0 1 0 0 0 0 0 0]
 [1 0 0 0 0 0 0 1 0 0 0 0 1 0 0]
 [1 1 0 1 0 0 1 0 1 0 0 1 0 0 0]
 [0 1 0 1 0 0 1 0 1 0 0 0 0 0 0]
 [0 1 0 0 0 0 1 0 0 0 0 1 0 1 0]
 [1 0 1 0 0 0 1 0 0 1 0 1 0 0 0]
 [0 0 0 0 1 1 0 0 0 0 1 1 0 1 1]
 [0 0 0 0 0 0 0 0 1 0 0 0 1 0 0]
 [0 0 1 1 0 0 1 0 0 1 0 0 0 1 0]
 [0 0 0 1 0 1 0 0 0 0 1 1 0 1 1]
 [1 0 1 0 0 1 0 1 0 0 1 0 0 0 0]
 [0 1 0 0 1 0 0 1 0 0 0 1 1 1 1]
 [0 0 0 0 1 1 1 0 1 0 1 0 0 1 1]
 [1 1 0 0 1 0 1 0 0 0 1 1 1 1 0]
 [0 0 1 0 0 0 0 0 0 0 0 1 1 1 1]
 [0 0 0 0 1 1 0 1 1 1 1 0 0 1 1]
 [0 1 1 0 0 0 1 0 0 1 1 1 0 0 0]
 [0 0 1 1 1 1 1 1 1 0 0 0 1 1 0]
 [0 0 0 0 0 0 1 1 1 0 1 0 0 0 1]
 [1 0 1 0 1 0 0 0 1 0 1 1 0 0 0]
 [1 0 0 0 1 0 0 0 1 1 1 0 0 0 0]
 [0 0 0 0 0 1 0 0 1 1 1 0 0 1 0]
 [0 1 0 0 1 1 0 0 0 0 1 0 0 1 0]
 [0 1 1 0 1 0 1 1 1 0 0 0 0 1 0]
 [0 0 1 0 0 0 0 1 1 1 1 0 1 0 0]
 [0 0 0 0 1 0 0 1 0 0 0 0 1 0 0]
 [0 1 0 0 1 0 1 1 1 1 0 0 0 0 1]
 [1 0 0 0 1 1 0 1 0 0 0 1 0 1 1]]
{'restarts': 17, 'conflicts': 8035, 'decisions': 17233, 'propagations': 70815492}
Q is identifiable
branch at 6
runtime for solving id of Q is 14.72481783432886
Simulation results:
{'J': 50, 'K': 15, 'N': 10, 'p': 0.4, 'seed': 65, 'sim': 7, 'runtime': 14.72481783432886, 'identifiable': 1, 'branch': 6}
8
Q: [[0 1 0 0 0 0 0 1 0 1 0 1 0 1 1]
 [0 1 0 0 0 0 0 0 1 1 1 1 0 1 0]
 [0 1 0 0 1 0 1 0 0 0 0 0 0 0 1]
 [0 1 0 0 0 1 0 0 0 0 1 1 0 0 0]
 [0 0 1 1 0 1 0 0 1 1 1 1 0 1 0]
 [1 0 1 0 0 1 0 0 1 1 0 0 0 1 0]
 [1 0 1 1 0 1 0 0 1 0 1 0 1 0 0]
 [0 0 0 0 0 0 1 0 1 1 0 1 1 0 1]
 [0 0 0 1 1 0 0 0 0 0 0 0 0 0 0]
 [0 1 0 1 0 0 0 0 0 0 0 0 0 1 1]
 [0 1 0 0 1 0 1 0 0 0 0 1 1 1 0]
 [1 1 0 1 0 0 0 0 0 0 1 0 0 0 0]
 [0 0 0 0 1 0 1 0 0 0 1 1 1 0 0]
 [1 0 0 1 0 0 1 1 0 0 0 0 0 0 1]
 [1 0 0 1 0 0 0 1 0 0 0 0 0 1 1]
 [0 1 0 1 0 1 0 1 0 0 0 0 0 0 0]
 [1 1 1 0 0 1 0 0 0 0 0 0 1 1 0]
 [0 1 0 1 0 1 0 1 0 1 0 0 1 0 1]
 [1 0 1 1 1 1 0 1 0 1 0 0 1 0 0]
 [0 0 1 0 1 0 1 0 0 0 0 1 0 0 0]
 [1 0 1 1 1 1 0 0 1 0 1 1 0 0 0]
 [1 0 1 1 1 0 0 0 1 0 0 1 1 0 1]
 [1 0 0 1 0 1 0 1 0 0 0 1 1 0 0]
 [0 0 0 1 1 0 1 0 1 0 1 0 1 0 1]
 [0 1 1 1 1 1 0 0 0 1 0 0 0 0 0]
 [1 1 1 1 0 1 0 1 0 0 0 1 0 0 0]
 [1 1 0 1 0 0 1 0 0 0 1 0 0 1 0]
 [0 1 0 0 0 1 0 0 1 0 1 0 1 1 0]
 [1 1 1 0 1 0 0 0 1 0 0 0 0 1 0]
 [1 0 1 0 0 0 1 0 0 1 0 1 0 1 1]
 [0 1 1 1 0 0 0 0 0 1 1 0 0 0 0]
 [0 0 1 0 0 0 1 0 1 1 0 0 0 1 1]
 [0 1 0 0 0 1 0 0 1 0 0 0 1 0 0]
 [0 0 0 1 1 1 1 0 1 0 1 0 0 1 0]
 [0 0 0 0 0 0 1 1 0 0 0 1 1 0 1]
 [0 1 0 1 1 0 0 1 0 1 0 0 0 0 0]
 [0 0 0 0 0 0 1 1 0 0 0 0 1 0 1]
 [0 1 0 0 1 0 0 0 0 1 0 1 0 0 1]
 [0 0 0 0 0 0 1 1 1 0 0 0 0 0 0]
 [1 1 0 0 1 1 0 0 1 1 0 1 0 1 0]
 [0 1 1 1 0 1 0 1 0 1 0 0 0 0 0]
 [0 0 0 1 1 0 0 0 0 0 1 1 1 0 0]
 [1 1 1 0 0 1 0 0 0 1 1 0 0 0 1]
 [0 1 0 0 1 1 0 0 1 1 0 1 0 1 1]
 [1 1 1 0 0 1 1 1 1 1 0 1 1 0 0]
 [0 0 1 0 0 0 0 0 0 1 0 0 1 1 0]
 [0 1 1 0 1 0 0 0 1 1 1 0 0 1 0]
 [0 0 0 0 1 0 1 0 1 0 1 0 0 0 1]
 [1 0 1 0 0 0 1 0 0 0 0 1 1 0 0]
 [0 0 0 0 0 1 1 0 0 0 0 0 0 1 1]]
{'restarts': 63, 'conflicts': 15536, 'decisions': 33980, 'propagations': 152406276}
Q is identifiable
branch at 6
runtime for solving id of Q is 25.28108931798488
Simulation results:
{'J': 50, 'K': 15, 'N': 10, 'p': 0.4, 'seed': 65, 'sim': 8, 'runtime': 25.28108931798488, 'identifiable': 1, 'branch': 6}
9
Q: [[0 0 1 0 1 0 1 0 0 1 0 1 1 1 0]
 [1 1 0 1 0 1 1 0 0 0 0 1 0 0 0]
 [1 0 0 1 0 0 1 1 0 0 0 0 0 0 0]
 [0 1 0 1 0 1 0 0 0 0 1 0 1 0 1]
 [0 1 0 0 1 1 0 0 1 0 0 1 0 0 1]
 [1 0 1 1 1 1 1 0 1 1 1 0 0 0 1]
 [1 1 0 0 1 1 1 0 0 0 0 0 0 1 1]
 [0 0 1 0 0 1 1 0 1 0 0 1 0 1 0]
 [0 0 1 0 0 0 0 0 0 0 0 1 1 0 1]
 [1 0 1 1 1 0 0 1 1 1 0 1 1 0 0]
 [0 0 1 0 1 0 0 0 0 1 0 1 1 0 1]
 [1 1 1 1 0 0 1 1 1 0 0 0 0 1 1]
 [1 1 1 0 0 0 0 1 0 1 1 1 1 1 0]
 [0 1 0 0 0 0 0 0 1 1 0 0 0 0 1]
 [0 1 0 0 0 0 0 0 0 0 1 0 1 1 1]
 [0 1 0 1 1 0 0 0 0 0 1 0 0 0 1]
 [0 0 0 1 0 0 0 1 1 0 0 0 0 1 0]
 [1 0 0 0 1 1 0 0 0 0 0 0 0 0 1]
 [1 0 0 0 0 1 0 0 0 0 1 1 0 1 0]
 [0 1 0 0 1 1 0 1 1 0 1 0 0 0 1]
 [0 0 0 1 0 1 0 1 0 1 0 1 1 1 0]
 [0 0 0 0 0 0 1 0 0 1 1 0 0 0 1]
 [0 1 0 1 1 0 0 0 0 0 0 0 1 1 0]
 [1 1 1 0 1 1 1 0 1 0 1 0 1 0 0]
 [1 0 1 0 1 1 0 0 1 0 1 1 0 0 1]
 [0 1 0 0 1 1 1 0 0 0 1 0 0 1 0]
 [1 0 0 0 0 1 1 1 1 1 0 1 0 1 0]
 [1 1 0 1 0 0 1 0 1 1 0 1 0 1 0]
 [0 1 0 0 0 0 0 0 0 0 1 0 1 1 0]
 [0 0 0 1 0 1 1 0 0 0 0 0 0 0 0]
 [1 1 0 1 1 0 0 0 0 0 1 0 0 0 0]
 [0 1 0 0 0 1 1 0 1 0 0 0 1 1 0]
 [0 1 1 0 0 1 0 1 0 0 1 0 1 0 0]
 [0 1 1 0 1 1 0 0 0 0 0 0 0 0 0]
 [1 1 1 0 1 0 0 1 0 0 0 0 0 0 1]
 [1 0 1 0 0 1 1 0 0 0 1 1 0 1 0]
 [0 1 1 0 1 1 0 1 0 1 1 0 1 1 1]
 [1 1 0 0 0 1 0 0 0 1 0 1 0 0 0]
 [1 0 0 0 1 0 0 1 0 1 0 1 0 1 1]
 [0 0 1 0 0 0 0 0 1 0 0 1 1 0 1]
 [0 1 0 1 1 0 0 0 0 1 1 0 0 1 0]
 [0 0 1 1 1 1 0 0 0 0 1 0 0 1 0]
 [0 0 0 0 1 0 0 0 1 1 0 0 0 1 0]
 [1 1 0 0 1 1 0 1 1 1 0 0 0 1 1]
 [1 0 0 1 0 1 1 0 0 1 0 1 1 1 0]
 [0 0 0 0 0 1 1 1 1 1 0 0 1 1 1]
 [1 1 0 0 1 0 0 0 0 0 0 1 0 0 0]
 [0 0 1 0 0 0 1 0 0 0 1 0 0 1 1]
 [1 1 1 1 0 1 0 0 0 0 1 0 0 0 0]
 [1 1 0 0 1 0 0 1 0 0 0 0 1 0 1]]
{'restarts': 158, 'conflicts': 50234, 'decisions': 87397, 'propagations': 412911215}
Q is identifiable
branch at 6
runtime for solving id of Q is 60.01840810198337
Simulation results:
{'J': 50, 'K': 15, 'N': 10, 'p': 0.4, 'seed': 65, 'sim': 9, 'runtime': 60.01840810198337, 'identifiable': 1, 'branch': 6}
Simulation results:
[{'J': 50, 'K': 15, 'N': 10, 'p': 0.4, 'seed': 65, 'sim': 0, 'runtime': 11.532405463978648, 'identifiable': 1, 'branch': 6}, {'J': 50, 'K': 15, 'N': 10, 'p': 0.4, 'seed': 65, 'sim': 1, 'runtime': 17.274133682250977, 'identifiable': 1, 'branch': 6}, {'J': 50, 'K': 15, 'N': 10, 'p': 0.4, 'seed': 65, 'sim': 2, 'runtime': 58.694078052882105, 'identifiable': 1, 'branch': 6}, {'J': 50, 'K': 15, 'N': 10, 'p': 0.4, 'seed': 65, 'sim': 3, 'runtime': 14.787141962908208, 'identifiable': 1, 'branch': 6}, {'J': 50, 'K': 15, 'N': 10, 'p': 0.4, 'seed': 65, 'sim': 4, 'runtime': 34.23931413795799, 'identifiable': 1, 'branch': 6}, {'J': 50, 'K': 15, 'N': 10, 'p': 0.4, 'seed': 65, 'sim': 5, 'runtime': 8.676234438084066, 'identifiable': 1, 'branch': 6}, {'J': 50, 'K': 15, 'N': 10, 'p': 0.4, 'seed': 65, 'sim': 6, 'runtime': 18.90053288033232, 'identifiable': 1, 'branch': 6}, {'J': 50, 'K': 15, 'N': 10, 'p': 0.4, 'seed': 65, 'sim': 7, 'runtime': 14.72481783432886, 'identifiable': 1, 'branch': 6}, {'J': 50, 'K': 15, 'N': 10, 'p': 0.4, 'seed': 65, 'sim': 8, 'runtime': 25.28108931798488, 'identifiable': 1, 'branch': 6}, {'J': 50, 'K': 15, 'N': 10, 'p': 0.4, 'seed': 65, 'sim': 9, 'runtime': 60.01840810198337, 'identifiable': 1, 'branch': 6}]
