
The Gurobi software has a limited number of licenses. To request a license or
licenses, add this line

    #SBATCH --licenses=gurobi@slurmdb:1

to your SBATCH script, replacing N with the number of licenses you need. Gurobi
will need one license per process.


0
Q: [[1 1 0 1 1 0 1 1 1 0]
 [1 0 1 0 1 1 1 1 0 0]
 [0 1 0 0 0 1 1 1 1 1]
 [1 1 0 1 1 1 1 1 1 0]
 [1 1 0 1 1 1 1 1 1 1]
 [1 1 0 1 0 1 1 1 1 1]
 [0 0 1 0 1 1 0 1 1 1]
 [1 1 1 0 0 0 1 1 0 1]
 [1 1 1 1 1 1 1 0 0 1]
 [0 1 0 1 1 1 0 1 0 1]
 [1 1 0 0 1 0 1 0 1 1]
 [1 1 0 1 1 1 0 0 1 0]
 [1 1 0 1 0 0 0 0 0 1]
 [1 1 1 1 1 1 1 1 1 0]
 [1 1 1 1 0 0 0 1 1 1]
 [0 0 1 0 1 1 1 0 1 1]
 [1 0 1 1 0 1 0 1 0 0]
 [1 1 1 0 1 1 1 0 0 1]
 [1 0 0 0 1 1 1 1 0 1]
 [1 1 1 0 1 0 1 1 1 1]
 [0 1 1 1 1 1 1 1 1 0]
 [1 0 1 1 1 1 1 1 0 1]
 [1 0 1 1 1 1 1 0 1 0]
 [0 1 1 1 1 1 1 1 1 1]
 [1 0 1 1 0 1 1 1 0 1]
 [0 1 0 1 0 1 1 1 1 1]
 [1 0 1 1 1 1 1 1 1 0]
 [1 0 1 0 1 1 0 0 1 0]
 [1 1 0 1 1 1 0 0 1 1]
 [1 0 1 1 0 1 1 1 1 1]
 [1 1 1 0 0 0 1 0 1 0]
 [0 1 1 1 0 1 1 1 0 1]
 [0 1 1 1 1 1 0 1 1 0]
 [1 1 1 1 1 0 0 1 1 1]
 [1 1 1 1 1 0 0 1 1 1]
 [1 1 1 1 0 1 1 1 1 1]
 [1 0 1 1 1 1 1 1 0 0]
 [1 0 1 0 1 1 1 1 1 0]
 [1 0 1 1 1 1 0 1 0 1]
 [1 1 1 1 0 1 1 1 1 1]
 [1 1 1 1 1 1 0 1 1 1]
 [0 0 1 0 1 1 1 0 0 1]
 [1 0 1 1 1 1 1 0 1 1]
 [1 1 0 1 0 0 1 1 1 1]
 [0 1 1 1 0 0 1 1 0 1]
 [1 1 0 1 1 1 1 1 1 0]
 [1 1 1 0 1 1 0 1 1 1]
 [1 1 1 0 1 1 0 0 1 0]
 [1 1 0 1 0 1 0 1 0 0]
 [1 1 1 1 1 0 0 1 1 1]
 [1 1 1 1 1 0 0 1 1 1]
 [1 1 1 1 1 1 1 1 1 1]
 [0 1 1 1 1 1 1 1 0 1]
 [1 1 1 1 1 1 1 0 0 0]
 [1 0 1 1 1 1 0 0 1 1]
 [0 0 1 0 1 0 1 1 1 1]
 [0 0 1 0 0 0 0 1 1 1]
 [0 1 1 0 1 1 1 1 0 0]
 [1 1 1 0 0 1 1 1 1 0]
 [1 1 1 0 1 1 0 1 0 0]
 [1 1 0 0 0 1 1 1 1 0]
 [1 1 1 1 1 0 1 1 1 1]
 [1 1 1 0 0 1 0 1 1 0]
 [1 0 1 1 1 1 0 0 0 0]
 [1 1 1 1 1 1 1 1 1 1]
 [1 0 1 1 1 1 1 1 1 1]
 [0 0 0 1 0 1 1 1 1 0]
 [1 1 0 1 0 1 1 1 1 0]
 [1 1 1 1 1 1 0 1 1 1]
 [1 0 1 1 0 0 1 1 0 1]
 [0 0 0 0 1 1 1 1 1 1]
 [1 1 0 1 1 1 0 0 1 1]
 [0 0 1 0 1 1 1 1 0 1]
 [1 1 1 1 1 0 0 1 0 1]
 [1 1 1 1 1 1 1 0 0 1]
 [1 1 1 1 1 0 1 0 0 0]
 [1 1 1 0 0 1 1 0 1 0]
 [1 1 1 1 1 0 1 1 1 1]
 [1 1 0 0 1 1 1 0 1 1]
 [1 1 1 1 1 1 1 0 1 1]
 [0 1 1 1 1 1 1 0 1 1]
 [1 1 1 0 0 1 1 1 1 1]
 [0 1 1 1 1 1 0 1 1 0]
 [1 1 1 1 1 1 1 1 0 1]
 [0 0 1 1 1 1 1 0 1 1]
 [0 1 1 0 0 1 0 1 1 0]
 [0 1 1 1 1 1 1 0 0 1]
 [1 1 1 1 1 1 1 1 0 1]
 [1 1 0 1 1 0 1 1 1 0]
 [1 1 1 1 1 1 1 1 0 0]
 [1 1 0 1 1 1 1 0 1 0]
 [1 0 0 1 1 1 0 1 1 0]
 [1 1 0 0 1 1 1 0 0 1]
 [1 0 0 1 0 0 0 0 1 1]
 [1 0 1 1 0 1 1 1 1 1]
 [0 0 1 0 0 1 1 1 1 1]
 [0 0 1 0 1 1 1 1 0 1]
 [1 1 1 0 1 1 1 1 0 1]
 [0 1 1 1 1 1 1 0 1 1]
 [0 0 0 1 1 1 0 1 0 1]]
{'restarts': 30, 'conflicts': 13717, 'decisions': 22612, 'propagations': 13749188}
Q is identifiable
branch at 6
runtime for solving id of Q is 1.8446695357561111
Simulation results:
{'J': 100, 'K': 10, 'N': 10, 'p': 0.7, 'seed': 116, 'sim': 0, 'runtime': 1.8446695357561111, 'identifiable': 1, 'branch': 6}
1
Q: [[1 0 1 0 1 1 0 0 1 0]
 [0 1 0 0 1 1 1 1 1 1]
 [1 1 1 1 0 1 1 1 0 1]
 [0 1 0 0 1 0 0 0 1 1]
 [1 1 1 1 1 0 1 1 1 1]
 [1 0 1 1 0 1 0 1 1 0]
 [1 1 0 0 1 1 0 1 1 1]
 [1 0 0 1 0 0 1 1 1 1]
 [1 1 1 1 1 1 1 0 1 1]
 [0 1 1 1 0 1 1 1 1 1]
 [1 1 1 1 1 1 0 0 0 1]
 [0 1 0 0 1 0 1 1 1 1]
 [1 1 1 0 0 1 1 1 0 1]
 [1 0 1 0 1 1 0 1 0 1]
 [1 0 0 0 1 1 1 1 1 0]
 [1 1 1 0 0 1 1 1 0 1]
 [1 0 1 1 1 0 0 1 1 0]
 [1 1 1 1 1 0 1 1 1 1]
 [0 1 1 0 0 0 0 0 1 0]
 [0 1 0 1 0 0 1 1 0 1]
 [1 1 1 0 1 0 1 0 1 0]
 [1 1 1 1 0 1 0 1 0 1]
 [1 0 1 1 0 1 1 1 0 0]
 [0 0 0 1 1 0 1 1 0 1]
 [1 1 1 1 1 1 0 1 1 1]
 [1 0 1 0 1 1 0 1 1 1]
 [0 1 1 1 1 0 1 1 1 0]
 [1 1 1 1 1 1 0 0 0 1]
 [0 1 1 1 1 1 0 1 1 1]
 [1 1 0 1 1 1 1 1 1 1]
 [1 0 1 1 1 0 1 1 1 1]
 [1 1 0 1 1 1 1 1 1 1]
 [0 1 1 0 1 1 1 0 1 1]
 [1 1 1 0 1 0 1 1 1 0]
 [1 1 1 0 1 1 0 0 1 1]
 [1 0 1 1 0 0 0 0 1 1]
 [1 1 0 0 1 0 1 1 1 1]
 [1 0 0 1 1 0 0 1 0 1]
 [1 1 1 1 1 1 1 1 0 1]
 [1 1 1 1 0 1 1 0 1 0]
 [1 0 1 1 0 1 1 1 1 1]
 [1 1 1 0 1 1 1 1 1 0]
 [1 0 1 0 0 1 0 1 1 1]
 [0 0 1 0 0 1 0 1 1 0]
 [0 0 1 1 1 0 1 1 0 1]
 [0 0 1 1 0 1 1 0 1 1]
 [1 1 1 0 0 0 1 1 0 1]
 [1 0 0 1 1 1 0 1 1 1]
 [0 0 1 1 1 1 0 1 0 0]
 [1 1 0 1 0 1 0 1 0 1]
 [1 1 1 0 0 0 1 1 1 1]
 [1 0 1 1 0 1 1 1 1 1]
 [1 1 1 1 1 1 1 1 0 1]
 [1 0 1 1 1 1 1 1 1 0]
 [0 1 1 0 1 0 1 1 0 1]
 [1 1 1 0 0 1 1 1 0 0]
 [1 0 0 1 0 1 0 1 1 1]
 [1 1 1 1 0 1 1 1 1 0]
 [1 1 0 1 0 0 1 0 0 1]
 [1 1 1 1 1 0 0 1 1 1]
 [0 1 1 1 0 1 1 0 1 0]
 [0 1 1 1 1 1 1 0 0 0]
 [1 0 1 1 1 1 0 0 0 0]
 [1 1 0 1 1 1 0 1 1 0]
 [1 1 1 1 1 1 0 0 0 1]
 [1 1 0 1 1 1 1 1 1 1]
 [0 1 1 1 1 1 1 0 1 1]
 [1 1 1 1 1 1 0 1 1 1]
 [1 0 1 1 1 1 1 1 1 0]
 [1 0 1 1 0 0 1 1 1 1]
 [1 1 1 1 1 1 1 1 1 0]
 [0 1 0 1 1 0 0 1 1 1]
 [1 1 0 0 1 0 1 1 1 0]
 [0 1 0 0 0 0 0 1 1 1]
 [0 1 1 1 1 1 0 1 0 1]
 [1 1 1 0 1 1 1 0 1 1]
 [0 0 1 1 1 0 1 1 0 1]
 [0 0 0 1 0 1 1 0 1 0]
 [1 1 1 1 0 1 1 1 0 1]
 [1 0 0 0 0 1 1 0 1 1]
 [1 0 1 1 0 0 0 1 1 1]
 [0 1 1 1 0 1 0 1 1 1]
 [1 0 1 0 1 1 1 0 1 0]
 [0 1 1 1 1 1 1 1 1 1]
 [0 1 0 1 1 0 1 1 1 1]
 [1 0 1 1 1 1 1 1 1 1]
 [1 1 1 1 1 1 1 0 1 1]
 [1 1 1 1 1 1 1 1 1 0]
 [1 1 0 1 1 1 1 0 0 0]
 [1 1 1 0 0 1 1 1 0 1]
 [0 1 0 1 0 0 1 0 0 1]
 [0 0 0 1 1 1 1 1 1 1]
 [1 1 1 1 1 1 1 1 1 1]
 [1 0 1 0 0 1 0 1 0 1]
 [0 1 1 1 1 1 1 1 1 1]
 [0 1 1 1 0 0 0 1 1 0]
 [1 0 1 1 1 1 1 1 0 1]
 [0 1 1 1 0 1 1 0 1 1]
 [1 1 0 1 1 1 1 1 0 1]
 [0 1 1 1 1 0 1 1 0 1]]
{'restarts': 15, 'conflicts': 4091, 'decisions': 7828, 'propagations': 4201852}
Q is identifiable
branch at 6
runtime for solving id of Q is 0.7010525418445468
Simulation results:
{'J': 100, 'K': 10, 'N': 10, 'p': 0.7, 'seed': 116, 'sim': 1, 'runtime': 0.7010525418445468, 'identifiable': 1, 'branch': 6}
2
Q: [[1 0 1 0 1 0 0 1 0 1]
 [1 0 1 1 1 1 1 0 0 1]
 [0 1 0 1 1 1 1 1 1 1]
 [0 1 1 0 1 0 0 0 0 0]
 [1 1 1 1 0 1 0 1 1 0]
 [1 1 1 0 0 1 1 0 1 1]
 [1 1 1 1 1 1 0 0 1 1]
 [0 0 1 1 1 0 1 1 1 1]
 [1 1 1 1 1 1 0 0 1 1]
 [1 1 1 0 1 1 1 1 1 1]
 [1 1 1 1 0 1 1 1 1 0]
 [1 1 1 1 1 1 0 1 0 0]
 [1 1 1 1 0 1 0 1 1 0]
 [1 1 1 0 0 1 1 1 0 1]
 [1 0 1 0 1 1 1 1 0 1]
 [0 0 0 1 1 0 0 0 1 1]
 [1 1 1 1 1 1 1 1 1 0]
 [1 1 1 1 1 1 0 1 1 0]
 [0 1 1 1 0 1 1 0 1 1]
 [1 1 1 1 1 0 1 1 1 1]
 [1 1 1 0 1 1 1 0 1 0]
 [1 1 1 0 0 1 1 1 1 0]
 [1 1 1 1 0 1 1 0 0 1]
 [0 1 1 1 1 1 0 0 1 0]
 [1 1 0 1 1 0 0 1 0 1]
 [0 1 1 1 0 1 1 1 1 1]
 [1 0 1 0 1 1 1 0 0 1]
 [1 1 1 1 0 1 1 1 0 1]
 [0 0 1 1 1 0 1 1 1 0]
 [1 1 1 1 0 0 1 1 1 1]
 [1 1 0 0 1 0 0 1 1 1]
 [1 0 1 0 0 1 1 1 1 0]
 [1 1 0 1 1 1 1 1 0 1]
 [1 0 0 0 1 1 1 1 1 1]
 [0 1 1 0 1 1 1 1 0 0]
 [1 1 1 1 1 1 1 0 1 0]
 [1 1 1 0 1 1 1 1 0 1]
 [0 1 1 0 1 1 1 0 0 1]
 [1 0 0 1 1 1 0 1 1 1]
 [1 1 1 1 1 0 1 1 1 1]
 [1 1 1 1 0 1 1 0 1 1]
 [0 1 1 1 1 1 1 1 1 1]
 [1 1 1 1 1 0 1 1 1 0]
 [1 0 0 1 0 1 1 0 1 1]
 [1 1 1 0 1 0 1 1 0 1]
 [0 1 1 0 1 1 0 1 1 1]
 [0 0 1 1 1 1 1 1 1 1]
 [1 1 0 1 1 1 0 0 1 0]
 [0 1 1 1 1 1 1 0 0 1]
 [0 1 1 0 1 0 1 1 1 1]
 [1 1 0 1 1 0 1 0 1 1]
 [1 0 1 1 1 1 1 1 1 1]
 [1 0 0 1 1 0 0 1 1 1]
 [1 1 1 1 1 1 1 1 1 1]
 [1 1 1 0 0 1 1 1 1 0]
 [0 1 0 1 1 1 0 0 0 1]
 [0 0 0 0 1 1 0 1 0 0]
 [0 0 1 1 1 1 1 1 1 1]
 [0 0 1 1 0 1 1 1 0 1]
 [1 1 1 1 1 1 1 1 0 1]
 [1 1 1 0 1 1 1 1 1 1]
 [1 1 1 1 1 1 1 0 1 1]
 [1 1 1 0 1 0 1 1 1 1]
 [1 1 0 0 1 1 1 0 0 0]
 [1 0 1 0 0 1 0 1 0 0]
 [0 1 1 1 1 1 1 0 0 1]
 [0 1 1 1 1 1 1 1 1 1]
 [1 1 1 1 0 1 1 1 1 1]
 [1 0 0 1 1 1 0 0 1 1]
 [1 1 0 1 1 1 0 1 1 1]
 [0 0 0 0 1 1 1 1 0 0]
 [1 1 0 0 0 1 1 1 0 1]
 [0 0 1 1 1 1 1 1 0 0]
 [1 0 1 1 1 1 1 0 1 1]
 [1 1 0 1 1 1 1 1 1 1]
 [1 1 0 1 0 1 1 0 0 1]
 [1 1 1 0 1 0 1 1 0 1]
 [0 1 0 0 1 1 1 1 0 0]
 [1 0 1 1 0 0 0 1 1 1]
 [0 1 1 0 0 1 1 1 1 1]
 [1 1 1 1 1 1 1 1 0 1]
 [1 1 0 0 1 0 1 0 1 1]
 [0 1 1 1 1 1 1 1 1 1]
 [0 0 1 1 0 1 1 0 1 1]
 [1 1 0 1 0 0 1 0 1 0]
 [1 1 1 1 1 0 1 1 1 0]
 [1 0 0 1 1 1 1 1 1 0]
 [1 0 1 1 1 1 1 1 1 0]
 [0 1 1 1 0 1 1 0 0 1]
 [1 1 1 0 0 1 1 1 1 1]
 [0 0 1 1 0 1 1 0 1 1]
 [1 0 0 1 1 1 1 1 0 1]
 [0 1 1 1 1 1 1 1 1 1]
 [0 0 1 1 1 1 1 1 0 0]
 [0 1 1 1 1 1 1 1 1 0]
 [1 0 0 0 0 1 0 1 0 1]
 [1 0 1 1 1 1 1 0 1 1]
 [1 1 1 1 0 1 1 1 1 0]
 [1 0 1 1 1 1 1 1 1 1]
 [1 1 1 0 0 1 1 1 0 1]]
{'restarts': 9, 'conflicts': 2835, 'decisions': 6376, 'propagations': 2388624}
Q is identifiable
branch at 6
runtime for solving id of Q is 0.4876114185899496
Simulation results:
{'J': 100, 'K': 10, 'N': 10, 'p': 0.7, 'seed': 116, 'sim': 2, 'runtime': 0.4876114185899496, 'identifiable': 1, 'branch': 6}
3
Q: [[1 0 1 0 1 1 1 0 1 1]
 [0 1 1 1 0 1 1 1 1 1]
 [0 1 1 0 0 1 1 1 0 1]
 [1 1 0 1 0 1 1 1 1 0]
 [1 0 1 1 0 1 1 0 1 1]
 [1 0 0 1 1 1 1 1 1 1]
 [1 1 1 1 0 1 0 1 0 1]
 [1 0 1 1 0 1 1 1 0 1]
 [1 1 1 1 1 1 1 1 1 0]
 [1 0 0 0 1 1 1 1 1 1]
 [1 1 0 1 1 1 0 1 0 0]
 [0 1 1 0 1 1 1 1 0 0]
 [1 1 0 1 0 0 0 0 1 1]
 [0 1 1 0 1 1 1 1 0 1]
 [0 0 1 1 0 1 1 0 1 1]
 [1 1 0 1 1 0 0 1 0 0]
 [0 0 1 0 1 1 0 1 1 1]
 [1 0 1 0 1 1 1 1 1 1]
 [1 1 0 1 0 1 0 1 1 1]
 [0 1 1 1 1 1 1 1 1 1]
 [1 1 0 1 1 0 1 1 0 1]
 [1 1 1 1 1 0 1 0 1 0]
 [0 0 1 0 0 0 1 1 1 1]
 [1 1 1 1 0 1 1 1 1 1]
 [1 0 1 1 0 0 1 1 1 0]
 [0 1 1 1 0 1 1 0 1 1]
 [1 1 1 1 1 1 1 1 0 1]
 [1 1 1 1 0 1 1 1 0 1]
 [1 0 1 0 1 0 0 0 1 0]
 [1 1 1 0 0 1 1 1 1 1]
 [1 1 1 1 1 1 1 1 1 0]
 [0 1 1 0 0 1 1 0 0 1]
 [1 0 0 1 1 1 1 1 0 0]
 [1 1 1 0 1 1 1 1 0 1]
 [0 1 0 0 1 1 1 1 1 0]
 [0 0 0 1 0 0 1 1 1 1]
 [1 1 0 1 1 1 1 1 1 1]
 [0 1 1 0 1 1 0 1 1 0]
 [1 1 1 1 1 1 1 1 0 0]
 [1 1 1 1 1 1 1 0 1 1]
 [1 1 0 0 1 0 1 1 1 1]
 [1 1 1 1 1 0 1 1 0 1]
 [1 1 1 1 1 1 1 0 1 1]
 [1 0 1 1 1 1 1 0 1 0]
 [1 0 1 1 1 1 0 0 1 1]
 [0 0 0 1 0 1 1 0 1 1]
 [0 1 0 1 1 1 0 1 0 1]
 [1 1 1 1 1 1 1 1 1 0]
 [0 1 1 1 1 1 0 0 0 1]
 [0 1 0 0 1 0 1 0 1 1]
 [1 1 0 0 1 1 1 1 0 0]
 [0 1 1 1 1 1 0 0 1 1]
 [1 0 1 1 0 1 0 1 1 0]
 [0 1 1 1 0 1 0 1 0 1]
 [1 1 1 0 0 0 1 1 1 0]
 [1 1 0 1 0 1 0 1 1 1]
 [1 1 1 0 1 0 1 1 1 0]
 [1 1 1 0 0 0 1 1 1 1]
 [0 1 1 1 1 1 1 1 1 1]
 [1 1 0 1 1 1 0 1 1 0]
 [0 1 0 0 1 1 0 1 0 1]
 [1 0 0 1 1 0 1 1 1 0]
 [0 1 0 0 1 1 0 0 1 1]
 [1 0 1 1 1 1 1 1 0 1]
 [0 1 1 1 1 1 0 0 1 0]
 [1 1 1 0 1 0 0 1 1 0]
 [1 0 1 1 1 1 0 0 1 0]
 [0 0 1 1 1 1 0 1 0 1]
 [1 0 1 0 0 1 0 0 1 1]
 [1 0 1 1 1 1 1 1 1 1]
 [0 1 0 1 1 0 1 0 1 1]
 [1 1 0 0 1 1 1 1 1 1]
 [0 1 1 1 1 0 0 1 1 1]
 [1 0 1 1 1 1 1 1 0 1]
 [1 1 1 1 1 0 1 1 1 1]
 [1 0 1 0 1 1 1 1 1 1]
 [1 1 1 1 0 1 1 1 0 1]
 [1 0 1 0 1 1 0 1 0 0]
 [1 1 0 0 1 1 0 1 1 0]
 [0 1 1 1 1 1 0 1 1 1]
 [1 1 0 1 0 1 1 1 1 1]
 [1 0 0 1 1 0 1 1 1 1]
 [0 0 1 0 1 0 1 1 1 1]
 [0 1 0 0 1 1 1 1 0 1]
 [1 0 0 1 0 1 1 0 1 1]
 [1 1 1 1 1 0 0 0 0 0]
 [1 0 0 1 1 1 1 1 1 1]
 [0 1 1 1 0 1 1 1 1 1]
 [0 1 0 1 1 0 1 1 0 0]
 [1 1 1 0 1 1 1 0 1 1]
 [1 0 1 1 1 1 0 0 1 0]
 [1 0 1 1 1 0 1 0 1 1]
 [0 1 1 0 1 1 1 0 1 1]
 [1 1 1 0 0 0 1 1 0 0]
 [1 1 1 0 1 1 1 1 1 1]
 [1 1 1 1 1 1 0 1 1 1]
 [0 1 1 1 1 1 0 0 1 1]
 [1 1 1 1 1 0 1 0 1 0]
 [1 1 1 1 0 0 1 1 1 1]
 [1 1 1 1 1 1 1 1 1 1]]
{'restarts': 27, 'conflicts': 9077, 'decisions': 18172, 'propagations': 9952998}
Q is identifiable
branch at 6
runtime for solving id of Q is 1.489902414381504
Simulation results:
{'J': 100, 'K': 10, 'N': 10, 'p': 0.7, 'seed': 116, 'sim': 3, 'runtime': 1.489902414381504, 'identifiable': 1, 'branch': 6}
4
Q: [[1 1 0 1 0 1 1 1 1 1]
 [1 1 0 1 1 0 0 0 1 1]
 [1 1 1 1 1 0 0 1 1 0]
 [0 1 0 1 1 0 0 0 0 0]
 [0 1 1 1 0 1 0 0 0 1]
 [0 0 1 0 1 0 1 1 0 0]
 [1 0 0 1 1 1 1 0 1 1]
 [1 1 1 1 1 1 1 1 0 0]
 [1 0 1 1 1 0 1 1 1 1]
 [0 1 0 1 1 0 0 1 1 1]
 [1 0 1 0 0 1 1 1 1 1]
 [1 1 0 0 1 1 1 1 0 1]
 [1 1 1 1 1 1 1 1 1 1]
 [1 1 1 1 1 0 1 1 1 0]
 [1 1 1 1 1 1 1 0 0 0]
 [1 1 1 1 1 1 1 0 1 0]
 [0 1 0 1 0 1 1 1 0 0]
 [1 1 1 1 1 0 0 1 0 1]
 [0 1 1 1 1 0 1 1 1 0]
 [0 1 1 0 1 0 1 1 1 1]
 [0 1 1 1 1 1 0 1 1 1]
 [1 1 0 1 1 1 1 0 1 1]
 [1 0 1 0 0 0 1 0 1 1]
 [1 1 1 0 1 1 1 1 1 0]
 [1 0 0 1 1 0 1 1 0 1]
 [1 1 1 0 1 1 1 1 1 0]
 [0 1 0 1 0 0 0 1 0 1]
 [1 1 0 1 1 0 1 1 1 1]
 [0 1 1 1 0 1 1 1 1 1]
 [1 1 1 0 1 1 1 0 0 1]
 [1 1 1 1 1 1 1 0 0 0]
 [1 1 1 1 1 1 1 1 1 1]
 [1 1 1 1 1 0 0 1 1 0]
 [1 0 1 1 1 1 1 0 0 1]
 [1 1 0 1 1 1 1 1 0 1]
 [1 0 1 0 0 1 1 1 1 1]
 [1 1 1 0 1 1 1 0 1 1]
 [1 1 1 1 1 1 0 0 0 1]
 [1 0 1 1 0 1 0 1 1 0]
 [1 1 0 1 1 0 0 1 0 1]
 [1 1 0 1 1 0 1 0 1 1]
 [1 1 1 1 0 1 1 0 1 1]
 [1 1 0 1 1 1 1 0 1 1]
 [1 1 1 1 1 1 1 1 1 1]
 [0 1 0 1 0 1 1 1 1 1]
 [1 1 0 1 1 1 1 1 1 1]
 [1 1 1 1 1 1 0 1 1 1]
 [1 1 0 1 1 1 1 1 1 1]
 [1 1 0 0 1 1 1 1 1 1]
 [0 0 1 1 1 1 0 1 1 1]
 [1 1 1 1 1 0 1 1 1 1]
 [1 1 1 0 0 1 1 1 1 1]
 [1 1 0 1 0 1 1 1 1 1]
 [1 1 0 1 1 1 1 1 1 1]
 [1 1 1 0 1 1 1 1 1 1]
 [0 1 1 0 1 1 1 1 1 0]
 [1 0 0 1 1 0 1 0 1 1]
 [1 1 0 1 1 0 1 1 1 1]
 [1 1 1 1 0 1 0 1 0 1]
 [1 1 1 0 1 0 0 1 0 1]
 [1 1 0 0 1 1 0 1 1 1]
 [1 1 1 1 0 1 1 0 1 1]
 [0 0 1 1 1 1 0 0 1 1]
 [1 1 0 1 0 0 1 1 1 0]
 [1 1 1 1 0 1 1 1 1 0]
 [1 1 1 0 1 0 1 0 1 1]
 [1 1 0 1 0 1 1 1 1 1]
 [0 0 1 0 1 0 0 0 1 0]
 [0 0 1 1 1 0 1 1 1 1]
 [1 1 1 1 0 1 1 1 1 1]
 [1 0 0 1 0 1 1 0 0 0]
 [1 0 0 1 1 1 1 1 1 0]
 [0 0 1 1 1 0 0 0 1 1]
 [0 1 1 1 1 1 1 0 1 0]
 [1 1 0 1 1 1 1 1 1 1]
 [0 1 1 0 0 0 0 0 1 0]
 [0 0 0 1 0 1 1 1 1 1]
 [0 1 1 1 1 1 1 1 1 1]
 [0 0 1 1 1 1 1 1 1 0]
 [0 0 0 1 1 1 0 1 1 1]
 [1 1 0 0 0 1 1 1 1 1]
 [0 1 0 1 1 1 1 1 1 0]
 [1 1 1 1 1 0 1 1 1 0]
 [1 0 1 1 0 1 1 1 0 1]
 [1 1 1 1 1 1 0 0 0 1]
 [1 0 1 1 0 0 1 0 0 1]
 [0 1 1 0 1 1 1 1 1 1]
 [0 1 1 0 0 0 1 0 0 1]
 [1 0 0 1 1 1 1 1 0 1]
 [1 1 0 0 1 1 1 1 1 1]
 [1 1 1 0 1 0 1 0 0 1]
 [1 0 1 1 1 1 1 1 1 0]
 [1 1 0 1 1 1 0 1 0 1]
 [1 1 0 1 1 1 1 1 1 1]
 [0 1 0 1 0 1 0 1 0 1]
 [1 1 0 1 1 1 1 1 0 0]
 [1 1 1 1 1 1 1 1 1 1]
 [0 1 0 0 0 1 1 1 0 1]
 [1 1 1 1 1 1 1 1 0 0]
 [1 1 0 0 1 1 1 1 1 1]]
{'restarts': 46, 'conflicts': 14111, 'decisions': 22362, 'propagations': 13234670}
Q is identifiable
branch at 6
runtime for solving id of Q is 1.619966197758913
Simulation results:
{'J': 100, 'K': 10, 'N': 10, 'p': 0.7, 'seed': 116, 'sim': 4, 'runtime': 1.619966197758913, 'identifiable': 1, 'branch': 6}
5
Q: [[1 1 1 0 1 1 0 1 1 1]
 [1 1 1 0 0 0 1 0 0 1]
 [1 0 0 1 1 1 1 0 1 1]
 [1 0 1 1 1 1 0 0 1 1]
 [1 1 0 0 1 1 1 1 1 1]
 [1 1 1 1 0 1 1 1 1 1]
 [0 0 0 1 1 0 1 1 1 0]
 [1 1 1 0 0 0 1 1 1 0]
 [1 1 1 1 1 1 0 1 1 1]
 [1 0 0 0 1 1 0 1 0 1]
 [1 1 0 0 1 0 1 1 1 1]
 [1 1 1 1 1 0 1 1 1 1]
 [1 1 1 0 1 1 1 1 0 1]
 [1 1 1 1 1 1 1 0 0 1]
 [1 0 1 1 0 1 1 1 1 0]
 [1 1 1 1 0 0 1 1 1 1]
 [1 1 1 0 0 1 1 1 1 1]
 [0 0 1 1 1 1 0 1 0 1]
 [0 1 0 1 1 1 1 0 1 1]
 [1 0 1 1 0 1 1 1 1 0]
 [1 1 1 1 0 0 1 1 0 1]
 [1 1 1 0 1 1 0 1 0 1]
 [1 1 1 1 1 1 1 1 0 0]
 [0 1 1 0 1 0 0 1 1 0]
 [1 1 1 1 1 1 1 1 0 0]
 [1 1 1 1 0 0 1 1 0 1]
 [0 1 0 1 1 1 1 0 0 1]
 [1 1 1 1 1 1 1 1 0 0]
 [1 1 1 1 0 1 1 0 1 1]
 [0 1 1 1 1 1 1 0 1 0]
 [1 1 1 0 1 0 1 0 1 1]
 [1 1 1 1 1 0 1 1 1 0]
 [0 0 1 1 1 1 0 0 1 1]
 [0 1 1 0 1 1 1 1 1 1]
 [0 1 0 0 0 1 0 0 1 1]
 [0 1 0 1 0 1 0 1 1 1]
 [0 1 0 1 1 1 1 1 1 1]
 [1 0 0 1 0 1 1 1 1 0]
 [1 1 0 1 0 0 1 0 0 1]
 [1 1 1 1 1 1 1 0 0 1]
 [0 1 1 0 0 1 0 1 1 1]
 [0 0 0 0 0 1 0 0 1 0]
 [1 0 0 0 1 1 1 1 0 0]
 [1 1 1 1 1 0 1 1 0 1]
 [0 1 0 1 0 1 0 1 0 1]
 [1 1 1 1 1 1 0 0 1 0]
 [1 1 1 1 0 1 1 0 1 1]
 [0 0 1 0 1 0 0 0 1 0]
 [0 1 0 1 0 0 1 0 1 1]
 [0 0 0 1 1 1 1 1 1 1]
 [0 1 1 1 1 1 1 1 1 0]
 [1 1 1 1 1 1 1 0 1 0]
 [1 1 0 1 0 1 0 0 0 1]
 [0 0 1 0 1 1 0 1 1 0]
 [1 1 0 1 1 1 1 1 1 1]
 [1 1 1 0 0 1 1 1 0 1]
 [1 0 1 0 1 1 0 0 1 1]
 [1 0 0 0 1 1 1 1 0 1]
 [0 1 0 1 1 1 1 1 1 1]
 [1 0 1 1 1 1 1 0 1 1]
 [1 1 1 0 1 1 1 1 1 0]
 [0 1 0 0 1 1 1 1 1 1]
 [1 0 1 1 1 1 1 0 0 0]
 [1 1 1 0 1 0 1 1 1 1]
 [1 1 1 0 1 1 1 1 1 1]
 [1 0 1 1 1 0 1 1 1 1]
 [1 1 0 1 1 1 1 1 1 0]
 [0 1 1 1 1 1 0 1 1 0]
 [1 0 0 0 1 1 1 1 1 1]
 [0 1 1 1 1 1 1 1 1 1]
 [1 0 1 0 1 1 1 1 0 0]
 [1 0 1 1 1 1 0 1 1 1]
 [1 0 0 1 1 0 0 1 0 0]
 [1 0 0 1 1 0 1 0 1 0]
 [1 1 1 0 1 0 1 1 1 1]
 [0 0 0 0 1 1 1 1 0 1]
 [1 0 1 0 0 1 1 1 1 1]
 [1 1 1 1 1 1 0 1 1 1]
 [0 1 1 1 1 0 0 0 1 1]
 [1 1 0 0 1 1 1 1 1 1]
 [0 0 1 1 1 0 1 1 1 1]
 [0 0 1 1 0 1 1 0 1 0]
 [0 0 0 1 1 0 0 1 1 1]
 [1 1 1 1 1 1 1 1 1 1]
 [1 1 1 1 1 1 0 1 0 1]
 [0 1 0 1 0 0 0 1 1 1]
 [1 0 1 1 1 1 1 1 1 0]
 [0 0 1 1 1 1 1 1 1 0]
 [1 1 0 0 1 1 1 0 0 1]
 [0 1 0 0 1 1 1 1 1 1]
 [1 1 0 1 0 1 1 1 1 1]
 [1 1 1 1 1 1 1 1 1 1]
 [1 1 1 1 1 1 1 1 1 0]
 [1 1 1 1 1 1 0 1 0 1]
 [1 1 1 1 1 0 1 1 1 0]
 [1 0 1 0 0 1 1 0 0 1]
 [1 1 1 0 1 1 0 0 1 0]
 [1 1 0 1 0 1 0 1 0 0]
 [0 0 1 1 0 0 1 1 1 1]
 [1 1 0 1 0 1 0 1 1 0]]
{'restarts': 3, 'conflicts': 1763, 'decisions': 3830, 'propagations': 1635201}
Q is identifiable
branch at 6
runtime for solving id of Q is 0.39256004244089127
Simulation results:
{'J': 100, 'K': 10, 'N': 10, 'p': 0.7, 'seed': 116, 'sim': 5, 'runtime': 0.39256004244089127, 'identifiable': 1, 'branch': 6}
6
Q: [[0 1 0 0 0 1 1 1 1 0]
 [1 1 1 1 1 0 1 1 1 1]
 [1 1 1 1 1 0 1 0 1 1]
 [1 1 0 0 1 1 0 0 1 1]
 [1 0 1 1 1 1 0 1 1 1]
 [0 1 1 1 1 1 1 0 1 0]
 [1 0 1 0 1 1 0 0 1 1]
 [1 1 1 0 1 1 1 1 0 0]
 [0 1 1 1 1 1 0 0 0 0]
 [0 1 1 1 1 0 0 1 1 1]
 [1 1 1 1 1 1 1 0 0 0]
 [1 0 1 1 0 1 1 1 1 0]
 [0 1 0 0 0 1 1 1 1 0]
 [0 1 1 1 1 1 1 1 1 1]
 [1 0 1 1 1 1 0 0 1 1]
 [1 1 1 1 1 1 1 0 0 1]
 [1 1 1 1 1 1 1 1 1 0]
 [0 0 1 1 1 1 1 1 0 1]
 [1 1 1 1 1 1 1 1 1 1]
 [1 1 0 0 1 1 1 0 1 1]
 [1 0 1 0 1 1 1 0 1 1]
 [1 1 1 1 1 0 1 0 1 1]
 [0 1 1 1 1 1 1 0 0 1]
 [1 1 1 1 0 1 1 1 0 0]
 [1 1 1 1 1 1 1 1 1 1]
 [1 1 0 0 1 1 1 1 1 0]
 [1 1 1 1 0 1 0 0 1 1]
 [1 1 1 1 1 1 1 1 1 1]
 [0 0 1 1 1 1 1 1 0 1]
 [0 1 1 1 1 1 1 0 1 1]
 [0 1 0 0 0 1 1 1 0 1]
 [1 1 1 0 0 1 1 0 0 1]
 [1 1 0 1 0 1 0 1 1 0]
 [1 1 1 0 0 1 1 1 1 0]
 [0 0 1 1 0 0 0 1 0 1]
 [1 1 1 1 1 1 1 1 1 1]
 [0 1 0 1 1 1 1 1 1 0]
 [1 1 1 0 1 1 1 0 0 0]
 [1 1 1 1 1 1 1 1 1 1]
 [1 1 1 0 1 1 0 1 0 1]
 [1 0 1 1 1 1 1 1 1 1]
 [0 1 1 1 1 1 0 1 0 0]
 [0 0 0 1 1 1 1 0 0 1]
 [0 1 1 1 1 1 1 1 0 1]
 [0 1 1 1 1 1 1 0 1 1]
 [0 0 0 0 1 1 1 0 1 1]
 [0 1 1 1 1 1 1 0 1 0]
 [1 1 1 0 1 0 1 1 0 0]
 [0 1 0 1 1 1 1 1 0 1]
 [0 1 1 1 1 0 1 0 0 1]
 [1 0 1 1 1 1 1 1 1 0]
 [1 1 0 1 1 0 0 1 1 1]
 [1 1 1 1 1 1 1 1 1 0]
 [1 1 1 1 0 0 0 1 0 0]
 [1 1 1 0 1 1 0 1 0 0]
 [1 1 1 0 1 1 1 0 1 1]
 [1 1 0 0 1 1 0 1 1 1]
 [1 1 0 1 1 1 1 1 1 1]
 [1 0 1 0 0 0 1 0 1 0]
 [0 1 0 1 1 0 0 0 1 1]
 [1 1 1 1 0 1 1 1 0 1]
 [1 1 1 1 1 1 1 0 1 1]
 [0 1 0 1 0 1 1 1 0 1]
 [0 0 0 1 1 0 1 0 1 1]
 [1 0 1 1 1 1 1 1 0 1]
 [0 1 1 1 0 1 1 0 1 0]
 [1 1 1 1 1 1 1 1 0 1]
 [1 1 1 1 0 1 1 1 0 1]
 [0 1 0 1 0 1 1 1 1 1]
 [0 0 1 1 0 1 1 1 1 1]
 [1 1 0 1 1 1 0 1 0 0]
 [1 0 0 1 1 0 1 1 1 1]
 [1 1 0 0 1 0 1 1 1 0]
 [0 1 0 1 0 0 1 0 1 0]
 [0 1 1 0 1 1 1 1 0 1]
 [1 1 0 1 1 1 0 1 0 1]
 [1 1 1 0 0 0 1 1 1 1]
 [0 1 1 0 1 1 1 0 1 0]
 [1 1 1 0 0 0 1 0 1 0]
 [0 1 0 1 1 0 1 1 0 0]
 [1 1 0 1 0 1 1 1 1 1]
 [1 1 1 1 1 0 0 1 1 0]
 [1 0 1 1 1 1 0 0 1 0]
 [1 1 0 0 1 0 0 0 0 1]
 [0 1 1 0 1 1 0 1 1 1]
 [1 0 0 0 1 0 0 1 1 1]
 [1 0 1 0 1 1 1 1 1 1]
 [0 1 1 1 0 0 1 1 0 1]
 [1 1 1 0 1 1 1 1 1 1]
 [0 1 0 1 1 1 1 1 0 0]
 [1 1 1 1 1 1 0 0 1 1]
 [0 1 1 1 1 0 0 0 1 1]
 [1 0 0 0 1 1 0 1 1 1]
 [0 1 1 1 1 1 1 1 1 1]
 [0 0 1 1 1 1 1 1 0 0]
 [0 1 1 1 0 0 0 0 1 1]
 [0 1 1 1 1 1 0 1 1 1]
 [0 1 1 1 1 1 0 1 0 1]
 [1 1 1 0 0 0 1 1 1 1]
 [1 1 0 1 1 0 1 0 1 1]]
{'restarts': 29, 'conflicts': 9303, 'decisions': 17492, 'propagations': 9181607}
Q is identifiable
branch at 6
runtime for solving id of Q is 1.2773773968219757
Simulation results:
{'J': 100, 'K': 10, 'N': 10, 'p': 0.7, 'seed': 116, 'sim': 6, 'runtime': 1.2773773968219757, 'identifiable': 1, 'branch': 6}
7
Q: [[1 1 1 1 1 1 1 1 1 0]
 [1 1 1 0 1 1 1 1 0 0]
 [1 1 1 1 0 0 1 0 1 1]
 [0 1 0 1 1 1 1 1 1 1]
 [1 0 0 0 0 0 1 1 0 1]
 [0 1 0 1 1 1 0 0 0 1]
 [1 0 1 1 0 1 1 1 1 1]
 [0 1 1 1 1 1 1 1 1 1]
 [1 0 1 1 1 0 1 1 1 0]
 [1 0 0 1 0 1 1 1 0 0]
 [1 1 1 1 0 1 1 1 0 1]
 [1 1 0 1 1 1 1 1 1 0]
 [1 1 1 1 1 1 1 1 1 1]
 [1 0 1 1 1 1 0 1 0 0]
 [1 0 0 0 1 0 1 1 1 0]
 [1 1 1 1 1 1 0 1 1 1]
 [1 1 1 0 0 1 0 1 1 1]
 [0 0 1 1 1 1 0 1 0 1]
 [0 1 1 0 1 0 0 0 1 1]
 [1 1 1 0 0 0 0 1 1 1]
 [1 1 1 0 1 1 0 0 1 0]
 [1 1 1 1 0 1 1 0 1 1]
 [1 1 1 1 1 1 1 1 0 0]
 [1 0 1 1 0 1 1 0 0 0]
 [1 1 1 1 1 1 1 1 0 1]
 [1 1 1 0 1 0 1 1 1 1]
 [1 0 1 1 0 0 1 0 1 0]
 [0 1 1 0 1 1 0 0 1 1]
 [1 1 1 1 1 0 1 0 1 1]
 [1 0 1 1 1 1 0 1 1 1]
 [1 1 0 1 1 1 1 1 1 1]
 [1 1 0 1 0 1 0 1 0 1]
 [1 1 0 1 1 0 1 1 1 1]
 [0 0 1 0 1 0 1 1 1 1]
 [0 0 1 1 0 1 1 1 0 0]
 [0 0 1 1 0 0 1 1 1 1]
 [1 1 1 1 0 1 1 1 0 1]
 [0 1 0 0 1 0 0 1 1 1]
 [1 0 1 1 1 1 1 1 1 1]
 [0 1 0 0 0 1 0 1 1 0]
 [0 0 0 1 1 0 1 1 0 0]
 [1 1 1 1 0 1 1 1 0 1]
 [1 0 0 1 0 0 1 1 0 1]
 [1 1 1 1 1 1 0 1 1 1]
 [1 1 1 1 1 1 1 1 1 1]
 [1 1 1 1 0 1 1 1 1 1]
 [1 1 1 1 1 1 0 1 1 1]
 [1 1 1 1 1 0 0 0 0 1]
 [1 0 0 1 1 1 1 0 0 1]
 [1 1 0 1 1 1 1 1 1 0]
 [0 1 1 1 1 1 0 1 0 1]
 [0 1 1 1 1 0 1 1 1 0]
 [0 1 1 1 1 0 0 0 1 0]
 [0 0 1 1 0 1 0 1 0 1]
 [1 1 1 1 1 1 0 0 1 1]
 [1 1 0 1 1 1 1 1 1 1]
 [1 1 1 1 1 1 1 1 0 0]
 [1 1 0 1 0 1 1 1 1 1]
 [1 0 1 1 1 1 0 1 0 1]
 [1 0 1 1 0 1 0 0 0 0]
 [0 1 1 1 1 1 0 1 1 1]
 [1 1 1 0 0 0 1 0 0 1]
 [1 0 1 1 1 0 0 1 1 1]
 [1 1 0 1 1 0 1 1 1 0]
 [1 0 0 0 0 0 1 1 1 1]
 [1 0 0 0 1 0 0 1 1 1]
 [1 1 1 1 0 1 1 0 1 1]
 [1 0 1 1 1 1 0 1 1 1]
 [1 1 1 1 1 1 1 0 1 0]
 [1 1 0 1 0 1 1 0 1 1]
 [1 1 1 0 0 1 1 1 1 1]
 [1 1 1 1 1 1 1 1 1 1]
 [1 0 0 1 0 1 0 0 1 1]
 [1 0 1 1 1 1 1 1 1 1]
 [1 1 1 1 0 1 1 1 0 0]
 [1 1 1 1 0 1 1 1 1 0]
 [1 1 1 1 0 1 1 1 1 1]
 [1 1 1 1 1 0 0 1 1 0]
 [1 0 1 0 1 1 1 0 1 1]
 [1 1 1 1 1 1 1 1 1 0]
 [1 1 0 1 1 0 1 1 1 1]
 [0 1 1 1 0 1 0 1 1 1]
 [1 1 0 0 1 1 0 1 1 1]
 [0 0 0 1 0 0 1 0 1 0]
 [1 1 1 1 1 1 1 0 0 1]
 [1 1 1 0 1 1 1 1 1 1]
 [0 1 1 0 1 1 1 1 1 0]
 [1 1 0 1 1 1 1 1 1 1]
 [1 0 1 1 1 1 1 1 0 1]
 [1 1 1 1 1 1 1 1 1 1]
 [0 0 1 0 1 0 1 1 1 1]
 [1 1 0 1 1 0 1 0 1 1]
 [1 1 1 1 1 1 0 1 1 1]
 [1 1 1 0 1 0 0 1 1 0]
 [0 0 1 1 1 1 1 0 1 0]
 [1 1 1 1 1 1 1 1 1 1]
 [1 1 1 0 0 1 1 1 0 1]
 [1 1 0 1 1 1 1 1 1 1]
 [1 1 0 0 0 1 0 1 1 1]
 [1 1 1 0 1 0 0 0 1 1]]
{'restarts': 11, 'conflicts': 3681, 'decisions': 6826, 'propagations': 3241912}
Q is identifiable
branch at 6
runtime for solving id of Q is 0.592913243919611
Simulation results:
{'J': 100, 'K': 10, 'N': 10, 'p': 0.7, 'seed': 116, 'sim': 7, 'runtime': 0.592913243919611, 'identifiable': 1, 'branch': 6}
8
Q: [[1 1 0 0 1 1 0 1 1 1]
 [1 1 1 1 1 0 1 1 1 1]
 [1 0 0 0 1 1 1 1 1 1]
 [1 0 1 0 1 0 1 1 1 1]
 [0 0 1 1 1 1 1 1 1 1]
 [1 1 1 0 1 0 0 1 0 0]
 [1 1 0 0 1 0 1 1 0 0]
 [1 0 1 0 1 1 1 1 1 1]
 [1 1 1 0 1 1 1 1 0 1]
 [1 1 1 0 1 1 1 1 1 0]
 [1 1 1 1 0 1 1 1 1 1]
 [1 1 0 0 1 1 0 0 1 0]
 [1 0 1 0 0 1 1 1 1 1]
 [1 1 1 1 0 0 0 0 1 1]
 [0 0 0 1 1 0 1 0 1 1]
 [1 1 1 0 0 0 1 1 1 1]
 [1 1 1 1 1 1 0 1 1 1]
 [1 1 1 1 1 1 1 1 1 0]
 [1 1 1 1 1 0 1 0 1 1]
 [1 1 0 1 1 1 1 1 1 0]
 [1 1 1 1 1 0 1 1 1 1]
 [1 1 1 1 1 1 1 0 1 0]
 [0 0 1 0 1 1 1 1 1 0]
 [1 0 0 0 1 0 0 0 1 0]
 [1 1 0 1 1 1 1 1 1 0]
 [1 0 0 1 1 1 1 1 1 1]
 [1 1 1 0 0 0 1 1 0 1]
 [1 1 1 1 1 1 0 0 1 0]
 [1 1 1 1 1 1 1 1 1 1]
 [1 1 1 0 1 1 0 1 1 1]
 [1 0 0 1 0 1 1 0 1 1]
 [1 0 1 0 1 1 0 1 1 0]
 [1 0 1 0 1 0 1 1 1 1]
 [1 0 1 1 0 1 1 1 0 1]
 [1 0 1 1 1 1 0 0 1 0]
 [1 1 1 1 1 1 1 0 1 1]
 [1 1 0 1 1 1 1 0 1 1]
 [0 1 1 1 0 1 0 1 0 0]
 [1 1 1 0 1 1 1 0 1 1]
 [0 0 1 0 1 1 1 1 1 1]
 [0 0 0 0 1 1 1 0 1 0]
 [0 0 1 1 1 0 1 0 1 1]
 [0 1 1 1 0 1 1 1 1 0]
 [0 1 0 1 0 1 1 1 1 0]
 [1 1 1 1 0 0 0 0 1 0]
 [0 1 0 0 1 1 0 0 1 1]
 [1 0 1 1 1 0 0 1 1 1]
 [1 1 1 1 1 1 1 1 0 1]
 [0 1 0 1 0 1 0 1 1 0]
 [1 1 1 1 1 1 1 1 0 0]
 [1 0 1 1 1 1 0 1 1 1]
 [1 1 0 1 0 1 1 1 1 0]
 [1 0 1 1 0 0 0 1 1 0]
 [1 1 0 1 0 1 1 0 1 1]
 [1 1 0 1 1 1 1 1 1 1]
 [1 1 1 1 0 0 1 1 1 0]
 [0 1 0 0 1 0 1 1 0 1]
 [0 1 1 1 1 0 1 0 0 1]
 [0 1 1 1 1 0 1 1 0 1]
 [0 1 1 0 1 0 1 1 1 1]
 [1 1 1 0 1 0 1 1 0 1]
 [1 0 1 0 1 0 1 0 1 0]
 [1 1 1 1 1 1 0 1 1 1]
 [0 0 1 1 1 1 1 1 0 1]
 [1 1 1 1 1 1 1 0 1 1]
 [1 1 0 1 1 0 0 0 1 1]
 [1 1 1 0 0 1 0 0 0 1]
 [1 0 1 1 1 1 0 0 1 0]
 [1 1 1 1 1 1 1 1 0 1]
 [1 1 1 0 1 1 0 0 1 1]
 [1 1 1 1 1 1 1 1 1 1]
 [1 1 1 1 1 0 1 0 1 0]
 [1 0 1 1 1 1 0 0 0 0]
 [0 1 0 1 1 1 0 1 0 0]
 [1 0 0 1 1 1 0 1 1 1]
 [1 0 0 0 1 1 1 1 1 1]
 [1 1 1 1 0 1 1 1 1 0]
 [1 0 1 1 1 0 1 1 1 0]
 [1 1 1 1 1 1 1 1 1 1]
 [1 0 1 1 1 1 1 1 1 0]
 [1 0 1 1 1 0 1 0 1 0]
 [1 0 0 1 0 1 1 1 1 1]
 [1 0 1 1 1 1 1 1 0 1]
 [1 0 0 1 1 0 1 0 0 1]
 [0 1 1 1 1 1 1 1 1 1]
 [1 1 1 1 1 1 1 0 0 0]
 [1 1 0 1 1 1 1 1 1 1]
 [1 1 0 1 0 1 1 1 1 0]
 [0 1 1 1 1 1 1 1 1 1]
 [0 1 1 1 0 1 1 0 1 0]
 [1 0 0 1 1 1 1 1 0 1]
 [1 0 1 1 0 0 1 1 1 0]
 [1 1 1 1 1 1 1 1 1 1]
 [0 1 1 1 1 1 1 0 1 1]
 [1 0 1 0 1 1 1 1 0 1]
 [1 1 1 0 0 0 1 1 1 0]
 [0 1 1 0 0 0 0 0 1 0]
 [1 0 0 0 1 1 1 1 1 1]
 [0 1 0 1 1 0 1 0 0 0]
 [1 0 0 1 1 1 0 1 1 1]]
{'restarts': 30, 'conflicts': 9241, 'decisions': 16387, 'propagations': 8188848}
Q is identifiable
branch at 6
runtime for solving id of Q is 1.238221530802548
Simulation results:
{'J': 100, 'K': 10, 'N': 10, 'p': 0.7, 'seed': 116, 'sim': 8, 'runtime': 1.238221530802548, 'identifiable': 1, 'branch': 6}
9
Q: [[0 0 1 1 1 0 0 1 0 1]
 [1 1 1 0 1 1 0 0 1 1]
 [1 1 0 1 1 0 0 1 1 1]
 [1 1 1 0 1 1 1 1 1 1]
 [0 0 1 1 1 1 1 1 0 0]
 [1 1 1 1 1 0 1 1 1 0]
 [1 1 1 1 1 1 1 0 0 1]
 [1 1 1 1 1 0 0 1 0 1]
 [1 0 0 0 1 1 0 0 0 0]
 [0 0 1 1 1 1 1 1 0 1]
 [1 0 1 0 1 0 0 1 1 1]
 [1 1 1 1 0 1 1 1 1 1]
 [1 1 1 0 0 0 1 1 1 1]
 [0 1 1 1 1 1 1 0 1 0]
 [1 1 1 1 1 1 1 0 0 1]
 [1 1 0 1 0 0 1 1 1 1]
 [1 1 1 1 1 1 1 1 1 0]
 [0 1 1 0 1 0 1 1 0 0]
 [1 1 0 1 1 1 1 1 1 0]
 [1 1 1 1 1 1 1 1 0 1]
 [1 0 0 0 1 1 1 1 1 1]
 [1 1 1 1 1 0 1 1 0 1]
 [0 0 0 1 1 1 1 1 0 1]
 [1 1 1 0 1 1 1 1 1 1]
 [0 1 1 1 1 1 0 1 1 0]
 [1 1 1 0 1 0 1 0 1 1]
 [1 1 1 1 0 1 1 1 1 1]
 [1 1 1 1 1 1 1 0 0 1]
 [1 1 1 1 0 0 0 1 1 1]
 [1 0 1 0 1 1 1 0 1 1]
 [1 1 1 1 1 1 1 1 1 1]
 [1 1 0 1 1 0 0 1 1 1]
 [1 1 0 1 1 0 0 0 0 1]
 [0 0 1 1 1 1 0 1 1 1]
 [0 1 1 1 1 0 1 0 0 1]
 [0 1 0 1 0 1 0 1 1 0]
 [1 1 1 1 0 1 1 1 0 1]
 [1 0 1 1 1 0 1 1 1 0]
 [1 0 0 0 1 1 0 1 1 1]
 [1 1 1 1 1 1 1 1 1 0]
 [1 0 1 1 0 0 0 1 0 0]
 [0 0 0 0 1 1 0 1 1 1]
 [1 1 1 1 0 0 1 1 0 1]
 [1 1 0 1 1 0 1 1 1 0]
 [0 1 1 1 1 1 1 1 0 1]
 [1 0 0 1 1 1 0 1 1 0]
 [1 1 0 1 1 1 1 0 0 1]
 [1 1 1 0 1 1 1 0 1 0]
 [0 0 1 1 1 1 0 1 0 1]
 [1 0 1 1 0 0 1 0 1 0]
 [0 1 0 1 1 1 0 0 1 1]
 [0 1 1 1 1 1 1 1 0 0]
 [1 0 0 1 0 0 0 1 1 1]
 [1 1 1 0 1 1 1 1 0 1]
 [0 1 1 1 0 0 1 1 1 1]
 [0 1 1 0 1 1 0 1 0 0]
 [1 1 1 0 0 1 1 1 0 1]
 [0 1 1 0 1 1 1 1 1 1]
 [0 0 1 1 1 1 1 1 1 1]
 [0 1 0 1 0 1 0 1 0 1]
 [1 0 1 1 1 0 1 1 0 1]
 [0 1 1 1 1 0 1 1 0 1]
 [1 1 1 1 0 1 0 0 1 0]
 [1 1 0 0 1 1 1 0 1 1]
 [1 1 1 1 0 1 1 1 0 0]
 [1 1 1 0 1 1 1 0 0 1]
 [1 1 1 0 1 0 1 1 1 1]
 [0 1 1 1 1 1 1 0 1 0]
 [1 1 1 1 1 1 1 1 0 0]
 [1 0 1 1 1 1 1 1 1 1]
 [0 1 0 0 1 1 0 1 0 1]
 [0 0 1 0 0 1 1 1 0 1]
 [1 1 1 1 1 1 0 1 1 1]
 [0 1 1 1 1 1 0 1 0 1]
 [1 1 0 1 1 1 1 1 1 1]
 [0 0 1 1 0 0 1 1 0 1]
 [0 1 1 1 1 1 1 1 1 0]
 [1 1 1 1 1 1 0 0 0 1]
 [1 1 0 1 1 0 1 1 1 1]
 [1 1 1 1 1 1 1 0 1 0]
 [1 1 1 1 1 1 1 1 0 1]
 [1 0 0 1 1 0 1 0 1 1]
 [0 1 0 0 1 0 1 1 1 1]
 [0 1 0 0 1 0 0 1 0 0]
 [1 0 0 1 1 1 0 1 1 1]
 [0 1 1 1 0 1 1 1 0 1]
 [1 0 0 1 0 1 1 1 1 1]
 [0 1 1 0 1 0 1 1 1 1]
 [1 1 1 1 1 1 1 1 1 1]
 [1 1 1 1 1 0 1 1 1 1]
 [1 1 1 1 1 1 1 1 0 1]
 [0 0 0 1 1 1 1 1 0 1]
 [1 0 1 1 1 1 0 0 1 0]
 [0 1 0 1 1 1 1 0 1 1]
 [0 1 1 1 1 1 1 0 1 1]
 [0 1 1 1 1 1 0 0 1 1]
 [0 1 1 1 0 1 0 1 1 0]
 [0 0 1 1 1 1 1 0 1 1]
 [1 0 1 1 0 0 1 0 1 1]
 [1 1 1 1 1 1 0 1 0 1]]
{'restarts': 24, 'conflicts': 9364, 'decisions': 17481, 'propagations': 10538723}
Q is identifiable
branch at 6
runtime for solving id of Q is 1.5427725538611412
Simulation results:
{'J': 100, 'K': 10, 'N': 10, 'p': 0.7, 'seed': 116, 'sim': 9, 'runtime': 1.5427725538611412, 'identifiable': 1, 'branch': 6}
Simulation results:
[{'J': 100, 'K': 10, 'N': 10, 'p': 0.7, 'seed': 116, 'sim': 0, 'runtime': 1.8446695357561111, 'identifiable': 1, 'branch': 6}, {'J': 100, 'K': 10, 'N': 10, 'p': 0.7, 'seed': 116, 'sim': 1, 'runtime': 0.7010525418445468, 'identifiable': 1, 'branch': 6}, {'J': 100, 'K': 10, 'N': 10, 'p': 0.7, 'seed': 116, 'sim': 2, 'runtime': 0.4876114185899496, 'identifiable': 1, 'branch': 6}, {'J': 100, 'K': 10, 'N': 10, 'p': 0.7, 'seed': 116, 'sim': 3, 'runtime': 1.489902414381504, 'identifiable': 1, 'branch': 6}, {'J': 100, 'K': 10, 'N': 10, 'p': 0.7, 'seed': 116, 'sim': 4, 'runtime': 1.619966197758913, 'identifiable': 1, 'branch': 6}, {'J': 100, 'K': 10, 'N': 10, 'p': 0.7, 'seed': 116, 'sim': 5, 'runtime': 0.39256004244089127, 'identifiable': 1, 'branch': 6}, {'J': 100, 'K': 10, 'N': 10, 'p': 0.7, 'seed': 116, 'sim': 6, 'runtime': 1.2773773968219757, 'identifiable': 1, 'branch': 6}, {'J': 100, 'K': 10, 'N': 10, 'p': 0.7, 'seed': 116, 'sim': 7, 'runtime': 0.592913243919611, 'identifiable': 1, 'branch': 6}, {'J': 100, 'K': 10, 'N': 10, 'p': 0.7, 'seed': 116, 'sim': 8, 'runtime': 1.238221530802548, 'identifiable': 1, 'branch': 6}, {'J': 100, 'K': 10, 'N': 10, 'p': 0.7, 'seed': 116, 'sim': 9, 'runtime': 1.5427725538611412, 'identifiable': 1, 'branch': 6}]
