
The Gurobi software has a limited number of licenses. To request a license or
licenses, add this line

    #SBATCH --licenses=gurobi@slurmdb:1

to your SBATCH script, replacing N with the number of licenses you need. Gurobi
will need one license per process.


0
Q: [[1 1 0 0 1 0 0 1 0 0]
 [1 0 1 1 1 0 1 1 0 1]
 [1 1 1 1 1 0 1 1 1 0]
 [1 0 1 1 1 1 1 1 1 1]
 [0 1 1 1 0 0 1 0 1 1]
 [1 1 0 0 0 1 0 1 0 1]
 [1 0 0 1 1 0 1 1 1 1]
 [0 0 0 1 1 0 1 1 1 0]
 [1 1 1 1 1 1 1 1 0 1]
 [1 0 0 0 1 0 0 0 1 1]
 [0 0 1 0 0 1 1 0 1 1]
 [1 1 1 0 1 1 1 1 0 0]
 [0 1 1 0 0 0 0 1 1 1]
 [1 1 1 0 1 0 1 1 1 0]
 [0 1 0 1 1 1 1 1 1 1]
 [1 1 1 1 0 0 0 1 0 1]
 [0 1 1 1 1 0 1 1 0 0]
 [1 0 1 1 1 0 0 1 1 1]
 [0 0 0 1 1 1 1 0 0 1]
 [1 1 1 0 0 0 0 1 1 1]
 [0 1 1 0 1 1 0 0 1 0]
 [0 1 1 0 1 1 0 1 1 0]
 [1 1 1 0 1 1 1 1 1 0]
 [1 1 1 1 1 0 1 0 1 1]
 [1 1 0 0 1 1 1 1 1 1]
 [0 1 1 1 1 1 1 1 1 1]
 [1 1 1 0 1 1 1 1 1 1]
 [0 1 1 0 0 1 0 0 1 0]
 [1 0 0 0 1 0 0 1 1 1]
 [1 0 1 0 0 1 0 1 1 1]
 [1 0 1 1 1 0 0 0 1 1]
 [0 0 0 1 1 0 0 0 1 1]
 [0 1 1 1 0 1 0 1 1 1]
 [1 0 1 1 1 1 0 1 0 1]
 [1 0 0 1 0 1 0 1 1 1]
 [1 0 1 0 1 1 0 1 0 1]
 [1 0 0 1 0 1 1 1 0 0]
 [1 1 0 0 1 0 0 1 0 0]
 [1 1 0 1 0 1 1 0 1 1]
 [1 0 0 1 1 1 1 1 1 1]
 [0 0 1 0 1 1 0 1 1 1]
 [0 0 1 1 0 1 1 1 1 0]
 [0 0 1 1 1 0 1 0 1 1]
 [1 1 0 0 1 1 1 1 1 0]
 [0 1 0 1 1 1 0 0 1 1]
 [0 0 1 1 0 0 1 1 0 1]
 [0 1 0 1 0 0 1 1 0 1]
 [0 1 1 0 0 1 0 1 0 1]
 [1 0 1 1 1 0 0 1 1 1]
 [1 0 1 1 1 1 0 1 1 1]]
{'restarts': 4, 'conflicts': 2836, 'decisions': 7159, 'propagations': 10870186}
Q is identifiable
branch at 6
runtime for solving id of Q is 1.8393649999052286
Simulation results:
{'J': 50, 'K': 10, 'N': 10, 'p': 0.6, 'seed': 95, 'sim': 0, 'runtime': 1.8393649999052286, 'identifiable': True, 'branch': 6}
1
Q: [[1 0 1 0 1 1 1 0 0 1]
 [0 1 1 1 1 0 0 1 1 1]
 [1 1 1 0 1 1 0 1 0 1]
 [1 1 0 1 0 1 1 1 0 0]
 [1 1 0 1 1 1 0 1 0 0]
 [1 1 1 0 1 1 1 1 0 1]
 [1 1 1 1 0 1 0 1 0 0]
 [1 0 1 1 1 0 0 1 0 0]
 [0 1 1 1 0 0 0 1 0 1]
 [0 1 1 1 0 1 1 0 1 0]
 [0 1 1 1 1 1 1 1 0 1]
 [0 0 1 1 1 0 0 1 1 0]
 [0 0 0 1 1 0 1 1 1 1]
 [1 0 1 1 1 1 1 1 1 0]
 [0 1 1 0 1 0 0 0 1 1]
 [1 1 0 1 1 0 0 1 0 1]
 [0 0 1 1 1 1 1 1 0 0]
 [0 0 0 1 0 1 1 0 1 1]
 [1 0 1 1 1 0 1 0 1 1]
 [1 0 0 1 1 0 1 0 1 0]
 [1 0 1 1 0 0 1 1 1 1]
 [0 0 1 1 1 1 1 1 1 1]
 [1 1 0 1 0 1 1 0 1 1]
 [1 0 1 0 0 1 1 1 1 1]
 [1 1 1 0 0 0 0 1 1 1]
 [0 0 1 0 1 1 1 0 1 1]
 [1 1 1 1 1 1 1 0 1 0]
 [1 1 1 1 0 0 0 1 1 1]
 [1 1 1 1 0 1 1 0 0 1]
 [1 0 1 1 0 0 0 1 1 0]
 [0 1 1 1 1 1 1 1 0 1]
 [1 1 1 1 1 0 1 0 1 1]
 [1 1 1 0 0 1 1 1 1 1]
 [1 0 0 1 1 1 0 1 1 1]
 [1 0 1 1 1 1 1 1 1 1]
 [1 1 1 1 1 1 0 1 1 1]
 [1 0 1 0 0 0 0 1 1 1]
 [1 0 0 1 1 1 1 1 1 0]
 [1 1 0 0 0 1 0 1 1 0]
 [1 1 1 1 1 0 1 0 0 1]
 [0 0 1 1 1 1 1 1 1 0]
 [0 1 0 0 1 0 1 1 0 1]
 [0 0 1 0 0 0 1 1 1 1]
 [0 1 1 1 1 0 1 1 1 0]
 [1 1 0 0 1 1 0 0 1 1]
 [1 1 1 1 1 0 0 0 0 1]
 [0 0 1 1 0 1 0 1 1 1]
 [1 0 1 1 0 0 0 0 0 1]
 [1 1 1 1 0 1 1 0 1 1]
 [0 1 0 1 0 1 0 1 1 0]]
{'restarts': 38, 'conflicts': 16719, 'decisions': 27978, 'propagations': 62141256}
Q is identifiable
branch at 6
runtime for solving id of Q is 6.967068305239081
Simulation results:
{'J': 50, 'K': 10, 'N': 10, 'p': 0.6, 'seed': 95, 'sim': 1, 'runtime': 6.967068305239081, 'identifiable': True, 'branch': 6}
2
Q: [[0 1 1 1 0 0 1 1 0 1]
 [1 0 1 0 0 1 1 0 1 0]
 [1 1 0 1 0 1 1 0 1 0]
 [1 0 0 1 0 0 1 0 0 1]
 [1 1 1 0 1 0 1 1 1 0]
 [1 1 0 0 1 0 1 1 1 1]
 [0 1 1 1 1 1 0 1 0 1]
 [1 1 0 0 0 0 1 1 0 1]
 [0 1 1 0 0 0 1 0 0 1]
 [1 0 1 1 1 1 1 1 1 0]
 [0 0 1 0 1 1 0 1 0 1]
 [1 1 1 0 1 1 0 1 1 1]
 [1 0 1 0 1 1 1 1 1 0]
 [0 1 1 1 1 0 0 0 1 0]
 [0 0 1 1 1 1 1 1 1 1]
 [1 0 1 0 1 1 0 1 1 1]
 [1 0 0 1 0 1 1 0 1 0]
 [1 1 1 1 0 1 1 0 1 0]
 [0 1 0 1 1 1 1 1 1 1]
 [0 1 1 1 0 0 0 1 0 0]
 [1 0 0 0 1 1 0 0 1 0]
 [1 1 1 0 0 0 0 1 1 0]
 [1 1 1 1 0 0 0 1 1 1]
 [0 1 0 1 0 1 0 1 0 1]
 [1 1 1 1 0 0 1 1 1 1]
 [1 1 0 1 0 1 1 1 1 1]
 [1 1 1 1 1 1 1 1 0 1]
 [1 1 1 1 0 1 1 1 1 1]
 [0 0 0 1 1 1 0 1 1 1]
 [0 1 1 0 1 0 0 0 0 1]
 [0 1 0 1 1 0 0 0 0 0]
 [0 1 1 0 1 1 0 1 1 0]
 [1 0 1 0 1 0 1 0 1 1]
 [0 1 1 0 0 1 1 0 0 0]
 [0 1 1 1 0 1 1 1 1 1]
 [1 1 0 1 0 1 1 1 1 0]
 [1 0 0 1 0 0 0 0 0 0]
 [1 1 0 0 1 1 0 0 1 0]
 [1 0 0 1 0 1 0 0 1 0]
 [0 1 0 1 1 0 1 0 0 1]
 [1 0 1 1 0 1 1 0 1 1]
 [0 1 1 1 1 1 1 1 0 0]
 [0 0 1 1 1 0 1 0 1 1]
 [1 1 0 1 1 1 0 0 1 1]
 [0 1 0 1 0 1 1 0 0 0]
 [1 0 1 1 1 0 1 1 1 0]
 [1 1 0 0 0 0 1 1 1 1]
 [1 1 1 0 0 0 0 0 1 0]
 [1 1 1 1 1 1 0 1 1 0]
 [0 1 1 1 1 0 1 0 1 0]]
{'restarts': 21, 'conflicts': 15086, 'decisions': 24232, 'propagations': 72139895}
Q is identifiable
branch at 6
runtime for solving id of Q is 9.092516984790564
Simulation results:
{'J': 50, 'K': 10, 'N': 10, 'p': 0.6, 'seed': 95, 'sim': 2, 'runtime': 9.092516984790564, 'identifiable': True, 'branch': 6}
3
Q: [[1 1 1 0 1 1 1 1 1 1]
 [0 1 0 0 1 1 1 0 1 1]
 [1 0 0 1 1 1 0 0 1 1]
 [0 0 0 0 1 1 1 0 0 0]
 [0 1 0 1 0 1 0 1 1 0]
 [1 1 1 1 1 0 0 1 1 1]
 [0 1 0 1 1 0 0 1 0 0]
 [0 0 1 1 0 1 1 1 1 0]
 [1 1 0 1 1 1 1 1 0 1]
 [0 1 0 1 0 0 1 1 1 1]
 [1 1 1 1 0 1 0 0 0 1]
 [0 1 0 0 0 1 1 1 1 1]
 [1 1 1 1 0 1 1 0 1 0]
 [0 0 1 0 0 1 0 0 0 1]
 [0 0 1 1 0 0 1 0 1 0]
 [1 1 0 1 1 1 1 0 0 1]
 [1 0 0 1 1 0 1 0 0 1]
 [0 0 0 0 1 1 1 1 1 0]
 [1 0 1 1 0 1 0 0 0 1]
 [1 1 1 1 1 0 1 0 0 1]
 [1 1 0 1 0 0 0 0 1 1]
 [1 0 0 1 1 0 0 0 0 0]
 [1 0 0 0 1 1 0 0 1 0]
 [1 1 1 1 1 0 0 0 0 0]
 [1 0 1 1 1 1 0 1 0 1]
 [1 1 0 1 1 0 1 0 1 0]
 [0 1 1 0 1 1 0 1 1 1]
 [1 0 1 1 0 1 1 1 0 1]
 [1 1 0 1 1 0 0 1 1 1]
 [1 1 1 0 0 0 0 1 0 0]
 [0 1 0 0 1 0 1 0 0 1]
 [1 1 0 0 1 0 1 1 0 0]
 [1 1 1 1 1 1 0 1 0 1]
 [0 1 1 1 1 0 1 0 1 0]
 [1 1 1 1 1 1 0 1 1 0]
 [0 0 1 1 1 0 1 1 0 1]
 [1 0 1 1 0 1 1 0 0 0]
 [1 1 0 0 1 1 0 1 1 1]
 [0 1 1 1 1 1 1 0 0 1]
 [1 1 0 0 0 1 1 1 1 0]
 [1 1 1 1 1 1 0 0 1 1]
 [0 0 0 1 1 1 0 1 0 1]
 [0 1 1 1 0 1 0 1 1 1]
 [1 0 1 0 0 0 0 1 1 1]
 [1 1 0 1 1 0 0 1 1 1]
 [1 1 1 1 1 0 1 1 1 1]
 [1 0 0 1 1 0 1 0 1 1]
 [0 0 1 1 0 0 1 1 1 0]
 [1 0 1 1 0 1 0 1 1 0]
 [0 1 1 1 1 1 1 1 0 1]]
{'restarts': 6, 'conflicts': 1366, 'decisions': 3490, 'propagations': 7139730}
Q is identifiable
branch at 6
runtime for solving id of Q is 1.6593722514808178
Simulation results:
{'J': 50, 'K': 10, 'N': 10, 'p': 0.6, 'seed': 95, 'sim': 3, 'runtime': 1.6593722514808178, 'identifiable': True, 'branch': 6}
4
Q: [[1 0 1 0 1 1 1 0 0 1]
 [1 1 1 0 1 1 0 0 0 1]
 [1 1 1 0 0 0 1 1 1 1]
 [1 1 1 1 0 0 1 1 1 0]
 [0 1 0 0 0 0 1 0 1 1]
 [1 0 1 0 0 1 0 1 1 1]
 [1 0 0 0 1 1 1 1 0 1]
 [1 1 1 1 1 0 1 0 0 1]
 [1 0 1 0 1 1 1 1 1 0]
 [0 0 0 1 1 1 0 0 1 1]
 [0 1 1 0 1 1 1 0 1 1]
 [1 1 0 1 1 1 1 0 1 1]
 [1 1 0 0 1 1 1 1 1 1]
 [0 1 1 0 1 0 1 1 1 0]
 [1 1 0 1 1 1 0 1 1 0]
 [1 0 1 0 0 1 1 1 1 1]
 [1 0 1 1 0 0 1 1 0 1]
 [1 1 1 0 1 1 1 0 0 1]
 [1 1 1 1 0 1 1 1 1 0]
 [0 0 1 1 0 0 0 1 0 1]
 [0 1 1 1 1 0 1 0 0 1]
 [1 1 1 1 1 1 0 1 1 1]
 [1 1 1 0 0 1 1 1 1 1]
 [1 1 1 1 0 1 1 0 1 1]
 [0 1 0 1 1 0 1 1 1 0]
 [1 0 1 1 0 0 1 0 0 1]
 [1 0 0 0 0 0 1 1 0 0]
 [1 0 1 0 1 1 1 1 0 0]
 [0 1 0 0 1 1 0 0 0 0]
 [0 0 0 0 1 1 1 0 1 0]
 [0 0 1 1 1 0 1 1 1 0]
 [1 1 1 1 1 1 1 1 1 0]
 [1 1 1 0 1 1 1 0 1 1]
 [0 1 1 0 0 1 1 1 0 1]
 [0 1 0 0 0 0 0 1 1 1]
 [1 0 0 1 1 1 0 1 1 1]
 [1 0 1 1 0 1 1 0 0 1]
 [1 1 0 0 1 1 0 1 1 0]
 [1 0 0 0 1 1 0 1 1 0]
 [1 1 1 1 0 0 1 1 0 1]
 [1 0 1 0 0 0 0 1 0 1]
 [0 0 1 0 0 0 0 0 0 0]
 [0 0 0 1 1 0 0 0 1 0]
 [1 1 1 0 0 1 1 1 1 1]
 [0 0 1 1 1 1 0 1 1 1]
 [0 0 0 0 0 1 1 1 1 0]
 [1 1 1 0 0 1 1 1 1 0]
 [0 1 0 1 0 1 1 0 1 1]
 [0 1 1 1 0 0 0 1 1 1]
 [1 0 0 0 1 0 1 1 1 0]]
{'restarts': 2, 'conflicts': 762, 'decisions': 2789, 'propagations': 2869832}
Q is identifiable
branch at 6
runtime for solving id of Q is 0.9029806405305862
Simulation results:
{'J': 50, 'K': 10, 'N': 10, 'p': 0.6, 'seed': 95, 'sim': 4, 'runtime': 0.9029806405305862, 'identifiable': True, 'branch': 6}
5
Q: [[1 1 1 0 1 1 1 0 1 1]
 [1 0 1 1 1 0 1 0 1 1]
 [1 0 1 1 1 0 1 1 1 1]
 [0 1 0 1 1 1 0 1 1 1]
 [0 1 1 1 1 1 0 1 1 0]
 [0 1 1 1 1 1 1 1 0 0]
 [1 1 1 0 1 1 1 1 1 0]
 [0 1 0 1 0 1 1 1 1 1]
 [1 1 0 0 1 0 0 1 1 1]
 [0 1 1 0 1 1 1 0 1 1]
 [1 0 1 1 0 1 1 1 1 1]
 [0 0 0 1 1 1 1 1 1 1]
 [0 1 0 1 0 1 0 0 1 0]
 [1 1 0 1 1 1 1 1 1 0]
 [1 1 1 0 0 1 1 1 0 0]
 [1 1 0 1 0 1 1 1 1 1]
 [0 0 1 1 1 1 0 0 1 1]
 [0 1 1 1 1 1 1 1 1 0]
 [0 1 0 1 1 1 0 0 0 0]
 [0 1 1 1 0 1 1 1 0 1]
 [1 1 1 1 1 0 1 0 1 0]
 [1 0 1 0 0 1 0 0 1 0]
 [1 1 1 0 0 1 0 0 0 0]
 [0 0 1 1 0 1 1 0 1 1]
 [0 0 1 0 1 1 1 0 1 1]
 [0 1 1 0 1 0 0 1 1 1]
 [1 1 1 1 1 0 0 1 1 1]
 [1 0 1 0 0 1 0 0 0 1]
 [1 0 0 0 0 0 0 0 0 1]
 [0 1 1 1 1 1 0 1 0 1]
 [0 0 1 1 1 1 1 1 1 0]
 [1 0 1 0 1 0 1 1 0 1]
 [0 1 1 1 0 1 1 1 0 1]
 [1 1 1 1 0 0 0 1 1 0]
 [0 1 1 1 1 1 1 1 0 1]
 [1 1 1 1 0 1 1 1 0 0]
 [0 1 1 1 0 0 0 1 0 1]
 [1 1 1 1 1 1 1 1 0 0]
 [1 1 1 1 1 0 1 1 0 0]
 [0 0 1 0 1 1 0 1 0 0]
 [0 0 0 1 1 1 0 1 0 1]
 [1 0 1 0 1 0 1 1 0 1]
 [1 0 0 1 1 1 1 1 1 0]
 [0 1 0 1 1 1 1 1 0 1]
 [1 0 0 1 1 1 1 1 0 1]
 [1 1 1 1 0 1 1 1 1 1]
 [0 0 0 1 0 1 1 1 1 0]
 [1 0 1 0 1 1 1 1 0 1]
 [1 1 0 0 1 1 1 1 0 0]
 [1 1 1 0 0 0 1 0 1 0]]
{'restarts': 10, 'conflicts': 6433, 'decisions': 12508, 'propagations': 21677596}
Q is identifiable
branch at 6
runtime for solving id of Q is 2.5347062535583973
Simulation results:
{'J': 50, 'K': 10, 'N': 10, 'p': 0.6, 'seed': 95, 'sim': 5, 'runtime': 2.5347062535583973, 'identifiable': True, 'branch': 6}
6
Q: [[1 0 1 1 1 1 0 1 1 1]
 [1 0 0 0 1 1 0 1 0 0]
 [1 1 0 0 0 0 1 1 1 0]
 [0 0 1 0 1 1 1 1 1 1]
 [1 1 1 1 1 0 1 0 0 1]
 [1 0 1 1 1 0 0 1 1 0]
 [0 1 0 1 1 1 0 1 1 1]
 [1 1 1 1 0 1 0 1 1 0]
 [0 1 1 1 1 1 0 1 0 1]
 [1 0 1 0 1 1 0 1 1 1]
 [1 0 1 1 0 1 0 1 0 1]
 [0 0 1 0 0 1 0 1 0 0]
 [0 0 1 0 1 1 1 0 1 1]
 [0 1 1 1 0 1 1 1 1 1]
 [1 1 1 1 0 0 1 1 1 1]
 [0 0 1 0 1 1 1 0 1 1]
 [1 0 1 1 1 0 1 1 1 1]
 [0 1 0 1 1 0 1 0 1 0]
 [1 1 1 1 1 0 1 0 1 1]
 [0 0 1 1 0 1 0 1 1 1]
 [0 0 0 1 1 1 1 0 1 0]
 [1 1 0 0 0 0 1 1 0 1]
 [1 0 1 1 0 0 0 1 1 1]
 [1 1 1 0 0 1 1 1 1 1]
 [0 0 1 1 0 0 0 1 0 1]
 [0 1 1 1 1 1 1 0 0 0]
 [1 0 0 1 1 0 1 1 0 1]
 [1 1 0 1 1 0 1 1 1 0]
 [1 0 0 1 1 0 1 0 0 1]
 [1 0 1 0 0 1 1 1 1 1]
 [0 1 1 1 0 0 1 0 1 0]
 [0 0 1 1 0 0 1 0 0 0]
 [0 0 1 0 1 0 0 1 1 0]
 [1 0 0 1 1 1 0 1 1 0]
 [0 0 0 0 1 1 0 1 1 1]
 [1 1 1 1 0 1 0 0 0 1]
 [1 1 0 0 0 0 1 1 1 1]
 [1 1 0 1 0 1 1 1 0 0]
 [1 1 0 0 1 0 0 1 0 0]
 [1 0 1 1 0 0 0 0 1 1]
 [1 0 0 1 1 0 0 0 0 1]
 [1 1 0 1 0 0 1 0 0 0]
 [1 0 0 1 1 1 0 0 0 0]
 [0 0 0 0 0 1 0 0 1 0]
 [1 1 1 0 0 1 0 1 0 1]
 [0 0 0 1 1 1 0 0 1 1]
 [1 0 0 0 1 0 1 1 1 0]
 [1 1 0 1 1 0 1 1 1 1]
 [0 0 0 1 0 1 1 1 1 1]
 [1 1 0 0 0 0 1 0 1 1]]
{'restarts': 3, 'conflicts': 1468, 'decisions': 3965, 'propagations': 7189873}
Q is identifiable
branch at 6
runtime for solving id of Q is 1.6245838031172752
Simulation results:
{'J': 50, 'K': 10, 'N': 10, 'p': 0.6, 'seed': 95, 'sim': 6, 'runtime': 1.6245838031172752, 'identifiable': True, 'branch': 6}
7
Q: [[1 1 0 1 1 1 0 1 0 0]
 [0 1 1 1 1 1 0 0 1 1]
 [1 0 0 0 1 1 1 0 1 1]
 [0 0 1 0 0 0 1 1 1 0]
 [0 1 1 1 0 0 0 0 1 0]
 [1 1 1 1 1 0 1 0 0 1]
 [0 1 1 0 1 1 1 1 0 0]
 [0 1 1 1 1 0 1 0 1 1]
 [1 1 1 0 0 0 0 0 1 0]
 [1 0 1 0 0 0 1 0 0 1]
 [1 0 0 1 1 0 0 1 0 0]
 [1 0 0 0 1 0 1 1 1 0]
 [1 1 0 1 1 1 1 1 1 1]
 [1 0 0 1 1 1 0 1 1 1]
 [0 0 1 0 1 1 0 1 0 1]
 [1 1 1 0 0 0 0 0 1 0]
 [1 1 1 1 1 0 1 1 1 0]
 [0 1 1 1 1 1 1 0 0 1]
 [0 0 0 0 1 1 1 0 1 1]
 [0 1 0 0 0 0 0 1 1 1]
 [0 1 1 1 0 1 1 1 0 1]
 [0 0 1 0 0 1 0 0 1 1]
 [1 1 0 1 1 1 1 0 1 0]
 [1 1 1 0 1 1 0 1 0 1]
 [0 0 0 1 1 1 1 1 0 1]
 [1 0 0 1 1 1 1 1 1 0]
 [1 1 0 0 1 0 0 1 1 0]
 [1 0 1 0 0 0 0 1 1 1]
 [1 0 0 1 1 1 1 1 1 0]
 [1 1 1 0 1 1 1 1 1 1]
 [1 1 0 1 1 0 1 0 0 1]
 [0 0 0 1 1 0 1 0 0 0]
 [1 0 0 1 0 1 1 0 1 0]
 [1 1 0 1 1 1 1 1 1 1]
 [0 1 1 1 0 1 0 1 0 1]
 [1 0 0 0 0 0 1 0 0 0]
 [0 1 1 0 0 1 0 0 0 1]
 [1 0 1 1 1 1 1 0 1 0]
 [1 1 0 1 1 0 0 0 1 0]
 [1 0 1 0 1 0 0 1 0 0]
 [1 1 0 1 1 1 0 1 1 1]
 [0 1 0 1 1 0 1 0 0 1]
 [1 0 1 1 1 0 0 0 1 0]
 [1 0 0 0 0 0 1 1 0 0]
 [1 0 1 1 0 0 0 0 1 0]
 [0 1 1 1 0 1 0 1 1 1]
 [1 1 1 1 0 0 1 1 1 1]
 [0 0 1 1 0 1 0 1 0 1]
 [1 0 0 1 0 1 1 1 0 1]
 [1 1 0 0 0 1 1 0 0 1]]
{'restarts': 14, 'conflicts': 3706, 'decisions': 7829, 'propagations': 18847716}
Q is identifiable
branch at 6
runtime for solving id of Q is 2.890973623842001
Simulation results:
{'J': 50, 'K': 10, 'N': 10, 'p': 0.6, 'seed': 95, 'sim': 7, 'runtime': 2.890973623842001, 'identifiable': True, 'branch': 6}
8
Q: [[1 1 0 1 1 1 1 1 1 1]
 [0 0 1 1 0 0 0 1 0 1]
 [1 1 1 0 0 0 1 1 0 1]
 [0 1 1 1 1 0 0 1 0 1]
 [1 1 1 0 1 0 0 1 0 0]
 [1 1 0 1 1 0 1 0 1 1]
 [1 1 0 1 1 0 1 1 0 1]
 [0 1 0 0 1 1 1 1 0 1]
 [0 0 1 1 0 1 1 0 0 0]
 [0 1 1 0 0 0 1 1 1 1]
 [0 0 1 1 1 0 0 1 1 1]
 [1 1 0 1 1 0 0 1 0 0]
 [1 1 1 0 0 1 1 1 0 1]
 [0 1 1 1 1 1 1 1 1 1]
 [0 1 1 1 0 1 1 0 1 0]
 [1 0 0 1 1 1 1 1 1 1]
 [0 1 1 1 0 1 1 1 1 0]
 [1 0 0 0 1 1 1 1 1 1]
 [0 1 1 0 1 0 1 1 1 1]
 [0 0 1 1 1 1 1 0 1 1]
 [1 0 0 0 0 1 0 0 1 1]
 [0 0 0 1 0 1 0 0 0 1]
 [1 1 0 1 0 1 0 1 1 0]
 [1 1 0 1 0 1 0 1 0 1]
 [0 0 1 0 0 0 1 1 0 0]
 [0 1 1 1 1 1 0 0 1 1]
 [1 0 0 0 0 0 1 1 1 1]
 [1 0 1 0 0 1 1 1 1 1]
 [0 0 1 0 0 1 0 0 1 1]
 [0 1 1 1 0 1 1 0 1 0]
 [1 1 0 1 0 0 1 1 0 1]
 [0 1 1 0 1 0 0 1 1 1]
 [0 1 0 1 1 1 1 1 0 1]
 [1 1 1 1 1 0 0 1 1 1]
 [0 1 1 1 1 1 1 1 1 1]
 [1 0 1 0 0 1 1 1 1 1]
 [0 1 1 0 0 1 1 1 1 1]
 [1 0 0 1 1 0 1 0 1 1]
 [0 0 1 1 1 0 1 1 1 1]
 [1 0 0 1 1 1 0 1 1 1]
 [1 0 0 0 0 1 1 0 1 0]
 [1 1 1 0 0 1 0 1 0 0]
 [1 1 0 0 1 0 1 0 1 1]
 [0 1 0 0 1 0 0 0 1 0]
 [0 1 1 1 0 0 1 1 1 1]
 [0 1 1 0 1 0 0 0 0 0]
 [1 0 0 1 0 0 1 1 1 1]
 [1 1 1 1 1 1 1 1 0 1]
 [0 0 0 0 1 1 0 0 1 0]
 [0 0 1 1 0 1 0 1 0 0]]
{'restarts': 3, 'conflicts': 552, 'decisions': 1751, 'propagations': 1895182}
Q is identifiable
branch at 6
runtime for solving id of Q is 0.8541847467422485
Simulation results:
{'J': 50, 'K': 10, 'N': 10, 'p': 0.6, 'seed': 95, 'sim': 8, 'runtime': 0.8541847467422485, 'identifiable': True, 'branch': 6}
9
Q: [[1 1 1 0 0 0 1 1 1 0]
 [1 0 1 1 0 1 0 1 1 0]
 [1 0 1 1 0 1 1 0 1 0]
 [0 0 1 1 0 1 1 1 0 1]
 [1 1 0 1 1 0 1 0 1 1]
 [0 1 1 1 1 1 1 1 1 1]
 [1 1 0 1 1 0 1 1 0 1]
 [0 1 1 1 1 1 1 1 1 0]
 [1 1 1 1 0 1 0 1 0 1]
 [0 1 1 1 1 1 1 1 1 1]
 [1 1 1 1 0 1 1 0 1 1]
 [0 1 1 0 0 0 1 1 0 1]
 [1 0 0 0 0 0 0 1 1 1]
 [1 0 0 1 1 1 1 1 0 1]
 [0 1 1 0 0 1 0 1 1 1]
 [1 1 1 1 1 0 1 0 1 1]
 [1 1 0 1 1 1 1 1 0 0]
 [1 1 1 1 0 0 1 1 0 1]
 [1 1 0 0 0 0 0 0 0 1]
 [1 1 0 0 0 1 1 1 1 0]
 [1 0 1 1 0 1 1 0 1 1]
 [1 0 0 1 1 1 1 1 1 1]
 [1 1 0 1 1 1 0 1 0 0]
 [1 1 0 1 1 1 1 0 0 1]
 [1 1 1 1 0 1 1 1 0 1]
 [0 0 1 1 1 1 1 1 1 1]
 [1 1 0 0 0 0 1 0 0 1]
 [1 1 0 1 1 1 1 1 1 1]
 [1 1 0 0 1 1 1 0 1 0]
 [1 0 1 1 1 0 1 1 1 0]
 [1 1 1 0 1 1 0 0 0 0]
 [1 0 0 1 1 0 0 1 0 0]
 [1 1 1 0 1 0 1 1 0 1]
 [1 0 0 0 0 1 1 0 1 1]
 [1 0 1 0 0 1 1 0 0 1]
 [1 1 0 0 1 0 0 1 0 1]
 [1 0 0 1 1 0 1 1 1 1]
 [0 0 1 0 1 1 0 0 0 1]
 [1 0 0 1 1 1 0 0 1 1]
 [1 0 1 0 1 1 0 1 1 0]
 [0 0 1 1 1 0 1 0 0 1]
 [0 0 1 1 0 1 1 1 1 0]
 [1 1 1 1 0 0 1 0 0 0]
 [1 0 1 1 1 0 1 1 0 1]
 [1 1 0 1 1 0 0 1 0 1]
 [0 0 1 0 0 1 1 1 0 1]
 [1 1 1 1 1 0 1 0 1 1]
 [1 0 0 1 1 0 1 1 0 1]
 [0 1 1 1 0 1 1 1 1 0]
 [1 0 0 1 1 0 0 0 1 1]]
{'restarts': 15, 'conflicts': 9694, 'decisions': 18681, 'propagations': 34887252}
Q is identifiable
branch at 6
runtime for solving id of Q is 4.236464699730277
Simulation results:
{'J': 50, 'K': 10, 'N': 10, 'p': 0.6, 'seed': 95, 'sim': 9, 'runtime': 4.236464699730277, 'identifiable': True, 'branch': 6}
Simulation results:
[{'J': 50, 'K': 10, 'N': 10, 'p': 0.6, 'seed': 95, 'sim': 0, 'runtime': 1.8393649999052286, 'identifiable': True, 'branch': 6}, {'J': 50, 'K': 10, 'N': 10, 'p': 0.6, 'seed': 95, 'sim': 1, 'runtime': 6.967068305239081, 'identifiable': True, 'branch': 6}, {'J': 50, 'K': 10, 'N': 10, 'p': 0.6, 'seed': 95, 'sim': 2, 'runtime': 9.092516984790564, 'identifiable': True, 'branch': 6}, {'J': 50, 'K': 10, 'N': 10, 'p': 0.6, 'seed': 95, 'sim': 3, 'runtime': 1.6593722514808178, 'identifiable': True, 'branch': 6}, {'J': 50, 'K': 10, 'N': 10, 'p': 0.6, 'seed': 95, 'sim': 4, 'runtime': 0.9029806405305862, 'identifiable': True, 'branch': 6}, {'J': 50, 'K': 10, 'N': 10, 'p': 0.6, 'seed': 95, 'sim': 5, 'runtime': 2.5347062535583973, 'identifiable': True, 'branch': 6}, {'J': 50, 'K': 10, 'N': 10, 'p': 0.6, 'seed': 95, 'sim': 6, 'runtime': 1.6245838031172752, 'identifiable': True, 'branch': 6}, {'J': 50, 'K': 10, 'N': 10, 'p': 0.6, 'seed': 95, 'sim': 7, 'runtime': 2.890973623842001, 'identifiable': True, 'branch': 6}, {'J': 50, 'K': 10, 'N': 10, 'p': 0.6, 'seed': 95, 'sim': 8, 'runtime': 0.8541847467422485, 'identifiable': True, 'branch': 6}, {'J': 50, 'K': 10, 'N': 10, 'p': 0.6, 'seed': 95, 'sim': 9, 'runtime': 4.236464699730277, 'identifiable': True, 'branch': 6}]
