
The Gurobi software has a limited number of licenses. To request a license or
licenses, add this line

    #SBATCH --licenses=gurobi@slurmdb:1

to your SBATCH script, replacing N with the number of licenses you need. Gurobi
will need one license per process.


0
Q: [[1 1 1 1 1 1 1 1 1 1]
 [1 1 1 1 1 0 0 1 1 1]
 [1 0 0 1 1 1 1 1 1 1]
 [1 1 1 1 0 1 1 1 1 1]
 [0 1 1 1 1 0 1 1 0 1]
 [1 1 1 1 0 1 0 1 1 1]
 [1 1 1 0 0 1 1 0 1 1]
 [1 1 1 1 0 1 0 0 0 0]
 [0 1 1 0 0 1 1 0 0 0]
 [1 1 0 1 0 1 1 1 1 0]
 [1 0 1 1 1 1 1 0 0 1]
 [1 1 1 1 0 1 1 0 1 0]
 [1 1 1 1 1 1 0 1 0 0]
 [1 0 0 1 1 1 0 0 1 1]
 [0 1 1 1 1 1 0 1 1 0]
 [0 1 0 1 0 0 1 0 1 0]
 [1 1 1 1 1 1 0 0 0 1]
 [1 1 0 0 1 1 1 1 0 1]
 [1 1 1 1 0 0 0 1 0 1]
 [1 0 1 1 1 1 0 1 0 1]
 [1 1 0 0 1 1 1 0 1 0]
 [1 0 1 1 0 1 1 1 0 0]
 [1 0 0 1 1 1 1 0 1 1]
 [1 1 1 1 1 0 1 1 0 0]
 [1 1 1 1 1 1 0 1 0 0]
 [0 0 1 1 1 1 0 1 0 1]
 [1 1 1 0 1 0 1 0 1 1]
 [0 1 1 1 1 1 1 1 1 1]
 [0 1 1 0 1 1 1 0 0 1]
 [1 1 1 1 0 1 1 1 1 1]
 [1 1 1 1 1 0 0 1 1 1]
 [1 1 0 1 0 1 0 1 1 1]
 [1 0 1 0 1 1 1 0 1 1]
 [1 0 1 1 0 0 1 1 1 1]
 [1 1 1 1 0 1 1 1 1 1]
 [1 1 1 0 1 1 0 1 0 1]
 [1 1 1 1 1 1 1 1 0 1]
 [1 0 1 1 1 1 0 0 1 1]
 [1 1 1 1 0 0 1 1 1 1]
 [0 0 1 1 1 0 0 1 0 1]
 [1 1 0 1 1 1 1 0 1 0]
 [1 1 1 1 1 0 1 1 1 1]
 [1 0 0 1 0 1 1 1 1 1]
 [1 1 1 1 1 1 1 1 1 0]
 [1 1 1 0 1 1 0 0 0 0]
 [1 1 0 1 1 1 0 1 1 1]
 [1 1 1 0 0 1 0 1 1 1]
 [0 1 1 1 1 1 1 0 0 1]
 [0 0 0 1 1 1 1 1 0 1]
 [1 1 0 1 1 0 1 1 0 0]]
{'restarts': 99, 'conflicts': 35116, 'decisions': 57448, 'propagations': 16913545}
Q is identifiable
branch at 6
runtime for solving id of Q is 2.9848764929920435
Simulation results:
{'J': 50, 'K': 10, 'N': 10, 'p': 0.7, 'seed': 783, 'sim': 0, 'runtime': 2.9848764929920435, 'identifiable': 1, 'branch': 6}
1
Q: [[0 1 1 1 1 1 0 1 0 1]
 [1 1 1 1 0 1 0 1 1 1]
 [0 1 1 1 1 1 1 1 0 0]
 [1 0 0 1 0 1 1 0 1 0]
 [1 1 0 1 1 1 1 0 1 1]
 [1 0 1 1 1 1 1 1 0 1]
 [0 1 1 1 1 1 1 1 1 0]
 [0 1 1 0 1 0 0 1 0 0]
 [0 0 1 0 0 1 0 1 0 0]
 [1 0 0 0 1 0 0 0 1 0]
 [1 1 0 0 0 1 0 1 1 1]
 [0 0 0 1 0 1 1 1 1 1]
 [1 0 0 1 1 1 1 1 1 1]
 [1 1 1 1 0 1 1 1 1 0]
 [0 0 1 1 1 1 1 0 0 1]
 [1 1 1 1 1 0 1 0 0 1]
 [1 1 0 1 1 1 1 0 1 1]
 [1 0 0 0 1 1 1 1 0 1]
 [0 1 1 0 1 0 0 1 1 1]
 [0 0 1 0 1 1 0 0 1 0]
 [1 1 1 1 0 1 1 1 1 1]
 [1 0 1 1 1 1 1 1 1 1]
 [1 0 0 0 0 1 1 1 0 1]
 [1 0 0 1 0 1 1 1 1 1]
 [1 1 1 0 0 0 0 0 0 0]
 [1 1 1 1 0 1 1 1 0 0]
 [1 0 1 1 1 0 1 1 1 1]
 [1 1 1 1 0 1 0 0 1 1]
 [1 0 1 0 1 0 1 0 1 0]
 [0 1 0 1 0 1 1 1 1 1]
 [1 0 0 0 1 1 0 0 1 1]
 [1 0 1 0 1 0 1 1 1 1]
 [1 0 1 1 1 1 1 1 1 1]
 [1 1 1 0 1 1 1 1 0 0]
 [1 1 0 1 0 1 1 1 1 1]
 [1 1 0 1 1 0 1 1 1 0]
 [1 0 0 1 1 1 1 1 0 0]
 [1 1 1 1 1 1 0 1 1 1]
 [1 1 1 0 1 1 0 1 1 1]
 [1 1 1 1 1 1 1 0 0 1]
 [1 1 1 1 1 1 0 1 1 0]
 [0 1 0 0 0 1 0 1 1 1]
 [0 0 1 0 1 1 1 1 0 1]
 [1 1 1 1 0 1 0 1 1 0]
 [1 1 1 1 1 0 0 1 1 1]
 [0 0 0 1 1 1 0 1 0 1]
 [0 0 1 1 1 0 1 1 0 1]
 [0 0 1 1 1 1 1 1 1 0]
 [0 1 1 1 1 1 1 0 1 1]
 [1 0 1 1 0 0 1 1 1 0]]
{'restarts': 17, 'conflicts': 4160, 'decisions': 7824, 'propagations': 2535198}
Q is identifiable
branch at 6
runtime for solving id of Q is 0.44883785699494183
Simulation results:
{'J': 50, 'K': 10, 'N': 10, 'p': 0.7, 'seed': 783, 'sim': 1, 'runtime': 0.44883785699494183, 'identifiable': 1, 'branch': 6}
2
Q: [[0 0 0 0 1 0 0 1 1 0]
 [1 1 0 0 1 0 1 1 1 1]
 [1 1 0 1 1 0 0 1 0 1]
 [1 1 1 1 1 1 1 1 0 1]
 [0 0 1 1 1 1 1 1 1 1]
 [1 1 0 0 1 0 1 0 1 1]
 [1 1 1 1 1 1 1 1 1 1]
 [1 1 0 0 1 0 0 1 0 1]
 [0 0 1 1 0 0 1 1 0 1]
 [1 0 1 1 0 1 1 0 1 0]
 [1 1 0 1 1 0 1 1 1 1]
 [1 0 0 1 1 1 1 1 1 0]
 [1 1 1 1 0 1 1 0 1 1]
 [0 0 1 1 0 1 1 1 0 0]
 [0 0 1 0 0 1 1 0 1 0]
 [1 1 1 1 1 0 1 1 1 1]
 [1 1 1 0 1 1 1 1 0 1]
 [0 0 1 1 1 1 1 1 1 1]
 [1 1 1 0 1 1 1 1 1 0]
 [1 1 0 1 0 1 0 0 1 1]
 [0 1 0 0 1 1 1 0 0 1]
 [1 1 1 1 0 0 0 1 0 1]
 [1 1 1 1 0 0 1 1 1 1]
 [1 1 0 1 1 1 1 1 0 1]
 [1 1 1 1 1 1 1 1 1 1]
 [1 0 1 0 1 1 0 1 1 1]
 [1 0 1 1 0 1 1 1 0 1]
 [1 1 1 1 1 0 0 1 0 1]
 [0 1 1 0 1 0 1 1 1 0]
 [0 0 1 0 1 0 1 1 1 1]
 [1 0 1 1 1 0 1 1 1 1]
 [1 1 1 1 1 1 0 1 0 1]
 [1 1 1 1 1 0 0 1 1 0]
 [1 0 1 0 1 1 1 1 1 1]
 [1 1 1 0 1 1 1 1 1 1]
 [0 1 1 1 1 0 1 0 1 1]
 [0 1 1 0 1 1 1 0 0 1]
 [1 1 1 1 1 1 1 1 0 0]
 [0 0 1 0 1 1 1 0 1 1]
 [0 1 0 1 0 1 1 0 1 1]
 [1 1 1 0 1 1 0 1 1 1]
 [0 1 1 1 0 1 1 0 1 1]
 [1 0 0 1 0 1 0 1 0 1]
 [1 0 0 1 0 1 1 0 1 1]
 [1 1 1 1 1 1 1 1 1 1]
 [1 1 1 1 1 0 0 0 0 1]
 [1 1 0 1 1 0 1 0 1 0]
 [1 1 1 1 1 1 1 0 1 0]
 [1 1 0 1 1 1 1 1 0 1]
 [1 0 0 1 1 1 1 1 1 1]]
{'restarts': 6, 'conflicts': 4309, 'decisions': 7639, 'propagations': 1854694}
Q is identifiable
branch at 6
runtime for solving id of Q is 0.3273071290459484
Simulation results:
{'J': 50, 'K': 10, 'N': 10, 'p': 0.7, 'seed': 783, 'sim': 2, 'runtime': 0.3273071290459484, 'identifiable': 1, 'branch': 6}
3
Q: [[1 1 1 1 1 1 1 0 1 1]
 [0 0 0 1 1 1 0 1 1 1]
 [0 1 1 1 1 1 1 1 1 1]
 [1 1 1 1 1 1 1 0 1 0]
 [1 1 1 1 1 1 1 1 0 1]
 [1 1 1 1 1 1 1 1 1 0]
 [1 0 1 1 1 1 1 1 1 1]
 [1 1 0 1 1 1 0 0 1 1]
 [0 1 1 1 1 1 1 1 1 1]
 [1 1 1 1 0 1 0 0 1 1]
 [1 0 1 0 1 1 1 0 1 1]
 [0 1 1 0 1 1 1 1 1 1]
 [0 0 1 1 1 1 1 1 1 1]
 [0 1 1 1 1 0 0 0 1 1]
 [1 1 1 0 1 1 1 1 1 1]
 [1 1 0 1 1 1 1 1 1 1]
 [1 1 1 0 0 1 0 0 0 1]
 [0 1 1 0 0 0 1 1 1 0]
 [0 1 1 1 0 1 1 1 1 1]
 [1 1 1 0 0 1 1 0 1 0]
 [1 0 1 1 0 1 1 1 0 1]
 [1 1 1 0 1 1 1 1 1 0]
 [1 1 0 0 1 0 0 1 0 1]
 [0 1 1 1 1 1 0 1 0 1]
 [1 0 1 1 1 1 1 0 1 1]
 [1 1 1 0 1 1 0 1 1 1]
 [1 0 1 0 1 0 1 1 0 1]
 [1 1 1 0 1 1 1 1 0 1]
 [1 1 1 1 1 1 1 1 1 1]
 [1 0 0 1 1 1 1 1 0 0]
 [1 0 1 0 0 0 1 0 0 0]
 [1 1 1 1 0 1 1 1 1 1]
 [0 1 0 1 1 1 1 0 1 1]
 [1 1 1 1 0 1 1 1 1 1]
 [1 1 1 1 1 1 0 1 1 1]
 [0 0 1 1 1 1 1 1 0 1]
 [0 1 0 1 1 1 1 1 1 1]
 [1 1 0 1 0 1 1 1 1 1]
 [0 0 0 0 1 1 0 1 1 0]
 [0 0 1 1 1 1 0 1 1 1]
 [0 1 1 1 1 1 0 1 1 0]
 [0 1 1 1 1 1 1 1 1 0]
 [0 1 0 0 1 1 1 1 1 0]
 [1 1 0 1 1 1 1 1 1 0]
 [0 0 1 0 1 1 1 1 0 1]
 [1 0 1 1 1 0 1 0 0 1]
 [1 1 1 0 1 1 0 1 1 1]
 [1 0 1 1 1 0 1 1 0 1]
 [1 1 1 0 1 1 0 0 0 1]
 [0 1 0 1 0 1 0 1 0 1]]
{'restarts': 112, 'conflicts': 31277, 'decisions': 48751, 'propagations': 11922161}
Q is identifiable
branch at 6
runtime for solving id of Q is 2.386410214006901
Simulation results:
{'J': 50, 'K': 10, 'N': 10, 'p': 0.7, 'seed': 783, 'sim': 3, 'runtime': 2.386410214006901, 'identifiable': 1, 'branch': 6}
4
Q: [[1 1 1 1 0 1 0 0 0 1]
 [1 1 1 1 0 1 1 1 1 1]
 [1 0 1 1 0 1 1 1 1 1]
 [0 1 1 1 1 0 1 0 1 1]
 [1 1 1 1 1 0 1 0 0 1]
 [0 0 1 1 1 0 1 1 1 1]
 [1 0 1 1 1 1 0 1 0 1]
 [1 1 1 1 0 1 1 1 1 0]
 [0 1 1 0 1 1 1 1 1 0]
 [1 1 1 1 1 1 0 1 1 1]
 [1 1 1 1 1 1 1 1 1 1]
 [1 1 1 1 0 1 1 1 1 1]
 [1 1 1 1 1 0 0 1 1 1]
 [0 1 0 1 1 1 1 1 1 1]
 [1 1 1 0 1 1 1 1 1 0]
 [1 1 1 1 1 1 0 1 1 0]
 [0 1 0 1 1 0 0 1 0 1]
 [1 1 1 1 1 0 1 1 1 1]
 [1 1 1 0 1 1 0 1 0 1]
 [0 1 1 0 0 1 1 1 0 1]
 [1 0 1 1 1 1 1 1 1 1]
 [0 0 1 1 1 1 0 0 0 0]
 [1 1 0 1 1 1 1 1 1 1]
 [1 1 0 1 1 0 1 0 1 0]
 [1 1 1 1 1 1 1 1 1 0]
 [1 1 1 0 1 0 0 1 1 1]
 [1 1 1 0 1 1 1 0 1 1]
 [1 1 1 1 0 1 1 1 1 1]
 [1 0 1 1 1 0 1 0 1 1]
 [1 1 1 1 1 1 1 1 0 0]
 [1 1 1 0 0 1 1 0 1 0]
 [1 0 1 1 0 1 0 1 1 0]
 [0 1 1 0 1 0 0 1 1 1]
 [0 1 0 1 1 0 1 1 1 1]
 [1 1 1 1 0 1 1 0 1 1]
 [1 0 1 0 0 1 1 1 1 0]
 [1 1 1 1 1 0 1 1 0 1]
 [1 1 1 0 0 1 0 1 1 1]
 [1 1 1 0 1 1 1 0 1 0]
 [1 1 1 1 0 1 0 0 1 1]
 [1 0 1 1 0 0 0 1 0 1]
 [0 0 1 0 1 1 1 1 1 0]
 [1 0 1 0 0 1 0 1 1 1]
 [1 0 1 1 1 1 1 1 1 1]
 [1 0 0 0 0 0 1 1 0 0]
 [1 1 0 1 0 1 1 1 1 1]
 [1 1 1 1 1 1 1 1 1 1]
 [0 1 1 1 1 1 1 1 1 1]
 [1 1 1 0 1 1 1 1 1 1]
 [1 0 0 1 1 1 1 1 0 1]]
{'restarts': 160, 'conflicts': 66974, 'decisions': 99743, 'propagations': 28786639}
Q is identifiable
branch at 6
runtime for solving id of Q is 6.451923120068386
Simulation results:
{'J': 50, 'K': 10, 'N': 10, 'p': 0.7, 'seed': 783, 'sim': 4, 'runtime': 6.451923120068386, 'identifiable': 1, 'branch': 6}
5
Q: [[0 1 1 0 1 1 0 0 1 1]
 [1 1 0 1 1 0 0 1 0 0]
 [1 1 1 1 1 1 0 1 0 1]
 [1 1 1 1 0 0 1 1 1 1]
 [0 1 1 0 1 1 1 1 0 0]
 [1 1 1 1 1 0 1 1 1 1]
 [1 0 1 1 1 1 0 1 0 1]
 [1 1 1 1 1 1 1 1 0 0]
 [1 1 0 1 1 0 0 1 1 1]
 [1 1 1 1 1 1 1 1 1 1]
 [1 1 1 1 0 0 1 0 0 1]
 [1 1 1 1 1 1 0 1 1 1]
 [1 0 1 0 1 0 1 1 1 0]
 [1 1 1 0 1 1 0 1 1 1]
 [1 1 1 1 0 1 1 0 1 1]
 [1 1 1 0 1 0 1 1 1 1]
 [0 1 1 1 1 1 1 0 1 1]
 [1 1 1 1 1 1 1 1 1 0]
 [1 1 1 1 0 1 1 1 1 1]
 [1 0 1 1 1 1 1 1 1 1]
 [1 1 1 1 1 1 1 1 0 1]
 [1 0 1 1 1 0 1 1 0 1]
 [0 1 1 1 1 1 1 1 1 1]
 [1 0 1 1 0 1 1 0 0 1]
 [0 1 1 1 0 1 1 1 1 0]
 [0 1 1 1 1 0 0 1 0 1]
 [0 0 0 1 1 0 1 1 1 1]
 [1 0 1 1 1 1 0 0 0 1]
 [1 1 1 0 0 1 1 1 1 1]
 [1 1 1 0 1 1 0 0 1 0]
 [1 0 1 0 0 1 1 0 1 1]
 [1 0 1 1 1 1 0 1 1 1]
 [0 0 1 0 0 1 0 1 1 0]
 [1 1 0 1 1 1 1 1 1 0]
 [0 1 1 0 0 1 1 1 1 1]
 [1 0 1 1 1 1 1 1 0 1]
 [1 0 0 0 0 1 1 1 0 1]
 [1 0 0 1 1 0 1 1 0 0]
 [0 1 1 1 0 1 0 0 1 0]
 [0 0 1 1 1 1 1 1 0 0]
 [0 0 0 1 1 0 0 1 1 1]
 [0 1 1 1 1 1 0 1 0 1]
 [1 0 1 1 1 1 0 1 1 0]
 [1 1 1 1 0 1 0 1 1 1]
 [1 0 0 0 1 1 0 1 1 0]
 [0 1 0 1 1 1 1 0 1 1]
 [1 0 0 1 1 1 0 0 1 1]
 [1 1 1 1 0 1 0 0 1 1]
 [1 1 1 1 1 1 1 0 1 1]
 [1 1 0 0 0 1 1 1 1 0]]
{'restarts': 66, 'conflicts': 21839, 'decisions': 34560, 'propagations': 10663147}
Q is identifiable
branch at 6
runtime for solving id of Q is 1.8600548158865422
Simulation results:
{'J': 50, 'K': 10, 'N': 10, 'p': 0.7, 'seed': 783, 'sim': 5, 'runtime': 1.8600548158865422, 'identifiable': 1, 'branch': 6}
6
Q: [[0 0 1 1 1 1 1 1 1 0]
 [0 1 1 0 1 1 1 1 1 1]
 [0 0 1 1 1 1 0 1 0 0]
 [0 1 1 1 0 0 1 1 1 1]
 [0 1 1 1 0 1 1 1 0 0]
 [0 0 1 0 0 1 1 1 1 1]
 [1 1 1 1 1 0 1 1 1 1]
 [1 1 0 1 1 0 0 0 1 1]
 [1 1 1 1 0 1 1 1 1 0]
 [1 0 1 0 0 1 0 1 1 1]
 [1 1 1 1 1 0 0 0 0 1]
 [0 1 1 1 1 0 1 1 1 1]
 [1 1 1 0 1 0 0 1 1 0]
 [1 1 1 1 1 1 0 1 1 1]
 [0 1 0 0 0 1 1 0 1 0]
 [1 1 1 0 0 1 0 0 1 0]
 [1 0 1 1 1 1 1 1 1 0]
 [1 1 0 1 1 1 1 1 1 0]
 [1 1 1 0 1 0 1 0 0 0]
 [1 0 1 1 0 0 1 0 1 1]
 [1 1 1 1 1 0 1 1 1 1]
 [1 1 0 0 1 1 1 1 1 1]
 [0 1 0 1 1 1 1 1 1 1]
 [1 1 1 0 1 0 0 1 0 1]
 [1 0 1 1 1 1 1 1 1 1]
 [0 0 1 1 1 1 1 0 0 1]
 [1 0 1 1 1 1 1 0 0 0]
 [1 0 1 1 1 1 1 1 1 1]
 [1 1 1 1 1 1 1 1 0 1]
 [0 0 1 1 1 1 0 1 1 1]
 [1 0 0 0 0 0 1 1 1 1]
 [1 0 0 0 1 1 1 1 1 0]
 [1 1 1 1 1 1 1 1 1 1]
 [0 1 1 0 1 1 1 0 1 1]
 [0 1 1 1 1 0 0 1 1 0]
 [1 1 1 1 1 1 1 1 1 0]
 [1 1 1 1 1 0 0 1 1 1]
 [1 1 0 1 0 1 1 1 1 1]
 [0 1 0 0 1 1 1 1 0 1]
 [0 1 1 0 1 0 1 0 1 1]
 [0 0 1 0 1 1 1 1 1 1]
 [0 1 1 1 1 1 0 0 1 1]
 [0 1 1 1 1 1 0 0 1 0]
 [0 1 1 1 1 1 1 0 1 1]
 [1 1 0 1 1 1 1 1 0 1]
 [1 1 0 1 1 0 1 1 1 0]
 [1 1 1 1 1 1 1 1 1 1]
 [1 1 1 0 1 0 1 1 1 0]
 [0 1 1 0 1 1 0 1 1 1]
 [1 1 1 1 1 1 0 0 0 0]]
{'restarts': 179, 'conflicts': 87791, 'decisions': 122004, 'propagations': 44385463}
Q is identifiable
branch at 6
runtime for solving id of Q is 9.119112581945956
Simulation results:
{'J': 50, 'K': 10, 'N': 10, 'p': 0.7, 'seed': 783, 'sim': 6, 'runtime': 9.119112581945956, 'identifiable': 1, 'branch': 6}
7
Q: [[1 1 1 1 1 0 0 1 0 0]
 [1 0 1 1 0 1 1 1 1 0]
 [0 1 1 0 1 1 1 1 1 0]
 [1 1 1 1 0 0 1 0 1 1]
 [1 1 1 0 1 0 1 1 0 0]
 [1 1 1 0 1 0 0 1 0 0]
 [0 1 1 1 0 1 1 1 0 1]
 [0 1 1 1 0 1 1 1 1 0]
 [1 1 0 1 1 1 0 0 1 1]
 [1 1 0 1 1 1 1 0 1 0]
 [0 0 1 1 1 1 1 1 1 1]
 [0 0 1 1 1 1 1 0 1 1]
 [1 1 1 1 1 1 0 1 1 1]
 [0 1 1 1 1 1 1 1 1 0]
 [1 1 1 0 1 1 1 1 1 0]
 [0 0 1 1 1 1 1 1 0 1]
 [1 0 1 1 1 1 1 1 0 0]
 [0 1 1 1 1 0 0 1 1 1]
 [1 1 1 1 1 0 1 1 0 1]
 [1 1 0 1 1 0 0 0 1 0]
 [1 0 1 1 1 1 1 1 1 1]
 [1 1 1 1 1 1 1 1 1 1]
 [1 1 1 1 1 1 1 0 1 1]
 [0 0 1 1 1 1 0 1 1 1]
 [1 0 1 0 1 1 0 1 1 1]
 [1 0 0 1 1 1 0 1 1 1]
 [1 1 1 0 0 0 1 0 1 1]
 [1 0 0 1 0 1 0 1 0 1]
 [1 1 1 0 0 1 1 1 0 1]
 [1 1 1 1 1 0 1 0 1 0]
 [1 0 0 0 1 0 1 1 0 1]
 [1 0 1 1 0 1 1 1 1 0]
 [1 1 1 1 1 1 0 1 0 1]
 [1 1 0 0 1 1 0 1 0 1]
 [1 0 1 0 1 1 0 1 1 1]
 [0 0 1 1 1 1 1 1 1 1]
 [0 0 0 1 0 0 0 0 1 0]
 [1 0 1 0 1 0 0 1 1 0]
 [1 1 1 0 1 1 1 1 1 0]
 [0 0 1 0 1 0 0 1 1 1]
 [1 0 1 0 1 0 1 1 1 1]
 [1 1 1 1 1 0 1 1 1 0]
 [0 1 0 1 1 0 1 1 1 0]
 [1 1 1 0 0 0 1 0 1 1]
 [1 0 1 1 1 1 1 1 1 1]
 [1 1 0 1 0 0 1 1 0 1]
 [1 0 1 1 1 0 1 1 1 1]
 [0 1 1 1 1 1 1 1 1 1]
 [1 1 1 1 0 1 1 1 1 0]
 [1 1 1 1 1 1 1 1 0 1]]
{'restarts': 44, 'conflicts': 19137, 'decisions': 30718, 'propagations': 7381961}
Q is identifiable
branch at 6
runtime for solving id of Q is 1.4385624239221215
Simulation results:
{'J': 50, 'K': 10, 'N': 10, 'p': 0.7, 'seed': 783, 'sim': 7, 'runtime': 1.4385624239221215, 'identifiable': 1, 'branch': 6}
8
Q: [[1 1 0 1 1 0 0 0 1 1]
 [1 1 0 0 1 1 0 0 0 1]
 [1 0 0 1 1 1 0 0 1 0]
 [1 1 1 1 1 0 1 0 0 0]
 [1 1 1 1 1 0 0 1 0 1]
 [1 0 0 1 0 1 1 1 1 1]
 [1 1 1 1 1 1 1 1 0 0]
 [1 1 0 1 0 1 1 1 1 0]
 [0 1 0 1 1 1 0 1 1 1]
 [1 0 1 1 1 0 0 0 0 1]
 [1 1 1 0 1 1 1 0 1 1]
 [1 1 1 0 1 1 1 1 1 1]
 [1 1 0 0 0 1 1 1 0 0]
 [1 1 1 0 1 1 0 1 1 1]
 [1 0 1 1 1 1 0 0 1 1]
 [1 0 1 0 1 0 1 1 1 1]
 [1 1 0 1 1 0 1 1 0 1]
 [1 0 1 1 0 0 1 1 1 1]
 [1 0 1 1 0 1 1 1 1 1]
 [0 1 0 1 0 0 1 1 1 1]
 [1 1 0 1 1 1 0 1 1 0]
 [0 1 1 1 0 1 1 1 0 1]
 [1 1 1 0 1 1 1 1 1 0]
 [1 0 0 1 0 1 0 1 1 1]
 [1 1 0 0 1 1 0 0 0 1]
 [1 1 1 1 0 1 0 1 1 1]
 [1 1 1 1 1 1 0 0 0 1]
 [1 0 1 1 1 1 0 1 0 1]
 [1 1 1 1 0 1 1 1 1 0]
 [1 0 1 1 1 1 0 1 1 1]
 [1 1 1 0 1 1 0 1 0 0]
 [1 1 1 1 1 1 1 1 1 1]
 [1 0 1 0 1 1 1 1 1 0]
 [1 1 1 0 1 0 0 0 1 1]
 [1 1 1 0 1 1 0 1 1 0]
 [0 0 0 1 1 0 1 0 0 1]
 [0 1 1 1 1 0 1 1 1 1]
 [1 1 1 1 0 1 0 1 1 0]
 [1 0 0 0 1 1 1 1 1 1]
 [1 1 0 1 0 1 1 1 0 1]
 [1 1 1 0 1 0 1 0 1 1]
 [0 1 1 1 1 1 1 0 1 1]
 [0 0 1 1 1 1 1 1 1 1]
 [1 0 1 1 1 1 1 1 1 0]
 [0 1 1 1 0 1 1 1 0 1]
 [0 0 1 1 1 1 1 1 0 0]
 [1 1 0 0 1 1 1 1 1 0]
 [0 1 0 1 0 1 1 1 0 1]
 [1 1 1 1 0 1 1 1 1 0]
 [1 0 1 1 1 0 1 1 1 1]]
{'restarts': 44, 'conflicts': 19057, 'decisions': 33702, 'propagations': 8781273}
Q is not identifiable, and Q_bar is [[1 0 1 0 1 0 1 0 1 0]
 [1 0 0 0 1 0 0 1 1 0]
 [1 0 1 0 0 0 1 1 0 0]
 [1 0 0 1 0 1 1 0 1 0]
 [1 0 0 0 1 1 0 0 1 1]
 [0 1 1 1 1 0 0 1 0 1]
 [0 1 0 1 0 1 1 1 1 1]
 [0 1 1 1 0 0 0 1 1 1]
 [0 0 1 0 1 0 1 1 1 1]
 [1 0 0 0 1 1 1 0 0 0]
 [1 0 1 1 1 1 0 1 1 0]
 [1 1 1 1 1 1 0 1 1 0]
 [0 1 0 1 0 0 0 1 1 0]
 [1 1 1 0 1 1 0 1 1 0]
 [1 0 1 0 1 1 1 1 0 0]
 [1 1 1 1 1 1 0 0 0 0]
 [1 0 0 1 1 0 0 0 1 1]
 [0 1 1 1 1 1 0 0 0 1]
 [0 1 1 1 1 1 0 1 0 1]
 [0 0 1 1 1 0 0 0 1 1]
 [1 0 1 0 0 0 0 1 1 1]
 [0 0 0 1 1 1 0 1 1 1]
 [1 1 1 1 0 1 0 1 1 0]
 [0 1 1 0 1 0 0 1 0 1]
 [1 0 0 0 1 0 0 1 1 0]
 [0 1 1 0 1 1 0 1 1 1]
 [1 0 0 0 1 1 1 1 1 0]
 [1 0 0 0 1 1 0 1 0 1]
 [0 1 1 1 0 1 0 1 1 1]
 [1 1 1 0 1 1 1 1 0 1]
 [1 1 0 0 0 1 0 1 1 0]
 [1 1 1 1 1 1 1 1 1 1]
 [1 1 1 1 0 1 0 1 0 0]
 [1 0 1 0 1 1 0 0 1 0]
 [1 1 1 0 0 1 0 1 1 0]
 [0 0 0 1 1 0 1 0 0 0]
 [0 0 1 1 1 1 1 0 1 1]
 [0 1 1 0 0 1 0 1 1 1]
 [1 1 1 1 1 0 0 1 0 0]
 [0 1 0 1 1 0 0 1 1 1]
 [1 0 1 1 1 1 0 0 1 0]
 [0 0 1 1 1 1 1 1 1 0]
 [0 0 1 1 1 1 1 1 0 1]
 [1 0 1 1 0 1 1 1 0 1]
 [0 0 0 1 1 1 0 1 1 1]
 [0 0 0 1 0 1 1 1 0 1]
 [1 1 1 1 0 0 0 1 1 0]
 [0 0 0 1 1 0 0 1 1 1]
 [0 1 1 1 0 1 0 1 1 1]
 [1 1 1 1 1 1 1 0 0 0]]
branch at 5
runtime for solving id of Q is 1.549439046997577
Simulation results:
{'J': 50, 'K': 10, 'N': 10, 'p': 0.7, 'seed': 783, 'sim': 8, 'runtime': 1.549439046997577, 'identifiable': 0, 'branch': 5}
9
Q: [[1 0 0 1 1 1 1 1 1 1]
 [1 0 1 1 0 1 0 1 1 1]
 [1 0 1 0 0 1 0 1 1 1]
 [1 0 1 1 1 1 1 1 0 1]
 [1 1 1 1 0 1 1 1 1 1]
 [1 0 1 0 1 0 1 1 1 0]
 [1 1 1 0 1 1 1 1 1 1]
 [1 1 1 0 1 1 0 0 1 0]
 [1 0 1 0 1 1 1 0 0 1]
 [0 1 0 0 1 1 0 0 1 1]
 [0 0 1 0 1 1 0 1 0 0]
 [1 0 1 1 1 1 1 1 1 1]
 [1 0 0 1 0 1 1 0 1 1]
 [1 1 0 0 1 1 1 0 1 0]
 [1 1 0 1 0 1 1 0 0 1]
 [0 1 1 0 1 1 1 1 1 1]
 [1 0 1 0 1 1 0 1 1 1]
 [0 1 1 0 0 1 1 1 1 1]
 [0 1 1 1 1 1 0 1 0 1]
 [1 1 0 0 0 1 1 1 1 1]
 [1 1 0 1 1 1 1 1 1 0]
 [1 0 1 1 1 1 1 1 1 1]
 [1 1 1 0 1 1 1 0 0 0]
 [1 0 1 1 1 1 0 0 1 1]
 [0 1 1 0 1 1 1 0 1 1]
 [1 1 1 0 1 1 1 1 0 1]
 [0 1 1 1 1 1 1 1 0 1]
 [1 0 0 0 1 1 1 1 0 1]
 [1 1 1 1 1 1 1 1 1 1]
 [1 1 1 1 0 0 0 0 1 1]
 [0 0 1 1 1 0 0 1 1 1]
 [1 0 0 0 1 0 1 0 0 0]
 [1 1 1 0 0 1 0 0 0 1]
 [0 1 1 0 1 1 1 0 1 0]
 [1 0 1 1 0 1 1 0 1 1]
 [0 1 1 0 1 1 1 1 0 1]
 [1 0 1 1 1 1 0 0 1 1]
 [1 1 1 1 1 0 1 1 0 1]
 [1 1 1 1 0 0 0 1 1 0]
 [1 1 1 1 1 1 0 0 1 1]
 [0 1 1 0 1 1 0 1 1 1]
 [1 1 0 1 1 1 1 1 1 1]
 [1 0 0 1 1 0 1 1 1 1]
 [1 0 0 1 0 1 1 1 1 0]
 [0 1 0 1 1 0 1 1 0 1]
 [1 0 1 1 0 1 0 1 1 1]
 [0 1 0 0 1 0 1 1 1 1]
 [1 0 1 0 1 0 1 1 1 1]
 [1 0 1 1 0 1 1 0 1 1]
 [0 1 0 1 1 0 0 0 0 0]]
{'restarts': 10, 'conflicts': 6904, 'decisions': 12143, 'propagations': 3787333}
Q is identifiable
branch at 6
runtime for solving id of Q is 0.6206445330753922
Simulation results:
{'J': 50, 'K': 10, 'N': 10, 'p': 0.7, 'seed': 783, 'sim': 9, 'runtime': 0.6206445330753922, 'identifiable': 1, 'branch': 6}
Simulation results:
[{'J': 50, 'K': 10, 'N': 10, 'p': 0.7, 'seed': 783, 'sim': 0, 'runtime': 2.9848764929920435, 'identifiable': 1, 'branch': 6}, {'J': 50, 'K': 10, 'N': 10, 'p': 0.7, 'seed': 783, 'sim': 1, 'runtime': 0.44883785699494183, 'identifiable': 1, 'branch': 6}, {'J': 50, 'K': 10, 'N': 10, 'p': 0.7, 'seed': 783, 'sim': 2, 'runtime': 0.3273071290459484, 'identifiable': 1, 'branch': 6}, {'J': 50, 'K': 10, 'N': 10, 'p': 0.7, 'seed': 783, 'sim': 3, 'runtime': 2.386410214006901, 'identifiable': 1, 'branch': 6}, {'J': 50, 'K': 10, 'N': 10, 'p': 0.7, 'seed': 783, 'sim': 4, 'runtime': 6.451923120068386, 'identifiable': 1, 'branch': 6}, {'J': 50, 'K': 10, 'N': 10, 'p': 0.7, 'seed': 783, 'sim': 5, 'runtime': 1.8600548158865422, 'identifiable': 1, 'branch': 6}, {'J': 50, 'K': 10, 'N': 10, 'p': 0.7, 'seed': 783, 'sim': 6, 'runtime': 9.119112581945956, 'identifiable': 1, 'branch': 6}, {'J': 50, 'K': 10, 'N': 10, 'p': 0.7, 'seed': 783, 'sim': 7, 'runtime': 1.4385624239221215, 'identifiable': 1, 'branch': 6}, {'J': 50, 'K': 10, 'N': 10, 'p': 0.7, 'seed': 783, 'sim': 8, 'runtime': 1.549439046997577, 'identifiable': 0, 'branch': 5}, {'J': 50, 'K': 10, 'N': 10, 'p': 0.7, 'seed': 783, 'sim': 9, 'runtime': 0.6206445330753922, 'identifiable': 1, 'branch': 6}]
