
The Gurobi software has a limited number of licenses. To request a license or
licenses, add this line

    #SBATCH --licenses=gurobi@slurmdb:1

to your SBATCH script, replacing N with the number of licenses you need. Gurobi
will need one license per process.


0
Q: [[0 1 0 1 1 0 1 1 0 1]
 [1 1 0 1 0 1 0 1 1 0]
 [0 0 1 1 1 1 0 0 0 0]
 [1 0 1 1 0 1 1 1 1 0]
 [1 1 0 1 0 1 0 1 1 1]
 [0 1 0 1 1 1 1 1 1 1]
 [0 0 1 1 0 0 0 1 0 0]
 [1 1 1 1 1 1 1 1 1 0]
 [0 1 0 0 1 0 1 1 1 1]
 [0 1 1 1 0 0 1 0 1 1]
 [1 0 0 0 1 0 0 1 1 1]
 [1 1 1 0 0 0 1 0 1 0]
 [1 1 0 1 0 1 0 0 0 0]
 [1 0 0 1 1 1 0 0 0 0]
 [1 0 0 1 1 0 1 0 1 1]
 [1 0 1 0 0 1 1 0 0 1]
 [1 1 1 1 1 0 1 1 1 1]
 [1 1 1 1 1 1 0 1 1 0]
 [1 1 0 0 1 0 1 1 1 0]
 [1 1 1 1 0 0 1 1 0 1]
 [1 1 1 1 0 1 1 0 0 0]
 [1 1 1 0 1 1 0 1 1 0]
 [0 0 1 0 1 0 1 1 1 1]
 [1 1 0 1 1 1 1 1 1 0]
 [1 1 1 1 1 1 1 0 0 0]
 [1 0 0 0 1 1 0 0 1 1]
 [1 1 1 0 1 1 1 1 1 1]
 [1 0 1 0 0 1 0 1 0 0]
 [1 1 0 1 0 0 0 1 0 1]
 [1 0 1 1 1 1 0 0 0 0]
 [1 0 0 1 1 1 1 0 0 1]
 [0 0 0 0 1 1 1 0 1 0]
 [1 1 1 1 0 1 1 1 0 0]
 [0 1 1 0 1 0 0 0 1 0]
 [1 0 1 1 1 1 0 1 0 0]
 [0 1 1 0 0 1 1 1 0 1]
 [0 1 1 0 0 1 1 1 1 0]
 [1 1 0 0 1 1 0 1 1 1]
 [1 1 1 0 1 0 1 0 1 0]
 [1 1 1 1 1 0 1 1 1 1]
 [0 1 0 1 1 1 1 0 1 1]
 [1 1 0 1 1 1 0 0 1 0]
 [1 1 0 1 1 0 1 0 1 1]
 [1 1 1 1 0 0 0 1 0 1]
 [0 1 1 0 1 0 0 1 0 0]
 [1 1 1 1 1 1 0 1 1 1]
 [1 1 1 1 1 1 1 1 1 1]
 [0 1 0 1 0 1 1 1 1 0]
 [1 0 1 1 1 1 1 1 1 0]
 [0 1 1 1 0 1 0 0 0 1]]
{'restarts': 9, 'conflicts': 4322, 'decisions': 8575, 'propagations': 17020587}
Q is identifiable
branch at 6
runtime for solving id of Q is 2.3354932265356183
Simulation results:
{'J': 50, 'K': 10, 'N': 10, 'p': 0.6, 'seed': 56, 'sim': 0, 'runtime': 2.3354932265356183, 'identifiable': True, 'branch': 6}
1
Q: [[1 0 1 1 1 0 1 1 1 0]
 [0 1 1 0 1 1 1 1 0 1]
 [1 0 0 1 0 0 1 0 1 0]
 [1 0 1 1 0 1 1 0 1 1]
 [1 1 0 0 0 0 1 1 0 0]
 [0 0 1 0 0 0 0 0 0 0]
 [0 0 1 0 1 1 1 1 1 1]
 [0 1 1 1 1 0 0 0 1 1]
 [0 0 1 1 0 0 1 0 1 0]
 [1 1 1 1 1 0 0 0 1 1]
 [1 1 1 0 0 1 1 1 0 0]
 [1 0 1 1 1 1 0 1 1 1]
 [0 1 1 0 0 1 0 0 1 0]
 [1 0 0 0 1 1 1 0 0 0]
 [1 0 1 1 0 1 1 0 1 0]
 [0 0 1 1 1 0 1 0 0 1]
 [0 1 0 1 1 0 0 1 1 1]
 [1 1 0 0 1 1 1 0 1 1]
 [1 1 1 0 0 1 1 1 0 1]
 [1 1 1 0 1 1 0 1 0 1]
 [1 0 1 1 1 0 1 1 1 1]
 [1 0 1 1 1 1 1 0 1 0]
 [0 1 0 1 1 1 1 1 0 1]
 [0 1 1 0 0 0 1 1 0 1]
 [1 1 1 0 1 1 1 1 1 1]
 [1 1 1 1 0 0 0 1 1 0]
 [1 1 0 0 1 1 1 1 0 1]
 [1 1 1 1 0 1 1 1 1 0]
 [0 1 1 1 1 0 0 0 1 1]
 [1 1 1 1 1 0 1 1 1 1]
 [1 0 0 1 0 0 1 0 1 1]
 [0 1 1 0 0 1 1 1 0 1]
 [0 0 0 1 1 1 1 1 1 1]
 [1 0 0 0 0 1 1 1 1 1]
 [1 1 1 0 0 1 0 1 1 1]
 [1 1 0 0 0 0 0 1 1 1]
 [1 0 1 1 0 0 1 1 0 0]
 [1 0 1 1 1 1 1 0 1 0]
 [1 1 0 0 0 1 0 0 1 0]
 [0 0 1 0 0 0 1 0 1 0]
 [1 0 0 1 1 0 1 0 1 1]
 [0 1 1 1 1 0 0 0 1 0]
 [0 0 1 1 1 1 1 1 1 0]
 [1 1 1 1 0 0 1 0 1 0]
 [0 1 0 0 1 1 1 0 1 1]
 [1 1 0 0 1 1 0 0 0 1]
 [1 0 1 1 0 0 1 1 0 0]
 [1 1 0 1 0 1 1 0 0 0]
 [0 1 0 1 1 1 1 1 1 1]
 [1 0 1 0 0 0 0 1 0 1]]
{'restarts': 49, 'conflicts': 19044, 'decisions': 30404, 'propagations': 83109318}
Q is identifiable
branch at 6
runtime for solving id of Q is 8.865364652127028
Simulation results:
{'J': 50, 'K': 10, 'N': 10, 'p': 0.6, 'seed': 56, 'sim': 1, 'runtime': 8.865364652127028, 'identifiable': True, 'branch': 6}
2
Q: [[0 1 0 1 0 0 0 1 0 1]
 [1 1 1 1 0 1 0 1 0 0]
 [1 1 1 1 1 0 1 0 1 0]
 [1 1 1 0 1 1 0 0 1 0]
 [1 0 1 1 1 1 1 1 0 0]
 [0 1 0 1 0 1 1 0 1 1]
 [0 1 1 1 1 0 0 1 0 0]
 [1 1 1 1 1 1 1 1 0 1]
 [1 1 0 0 0 1 1 0 1 0]
 [1 1 0 1 1 1 1 1 0 0]
 [1 1 1 1 0 0 1 1 0 1]
 [1 0 0 0 1 0 0 0 1 1]
 [1 1 1 0 0 0 0 0 1 1]
 [0 0 1 0 1 1 0 0 1 1]
 [0 0 0 0 1 1 1 1 0 0]
 [1 1 1 0 0 1 1 0 0 1]
 [1 0 0 1 1 0 1 0 0 1]
 [1 1 0 0 1 0 0 1 1 0]
 [0 1 1 0 1 1 1 1 0 1]
 [1 0 1 0 1 0 1 1 1 1]
 [1 0 1 1 1 1 0 1 0 1]
 [0 1 1 0 1 1 0 1 1 1]
 [0 1 1 1 0 0 0 1 1 1]
 [0 0 0 1 1 1 0 1 0 0]
 [1 1 0 1 1 1 0 0 0 0]
 [1 0 1 1 1 0 1 1 1 1]
 [0 1 0 0 1 1 1 1 0 1]
 [0 0 0 1 1 1 1 1 1 0]
 [1 1 0 1 0 1 1 1 1 1]
 [1 0 1 1 1 0 0 1 0 0]
 [1 1 1 1 0 0 1 1 1 0]
 [0 1 0 1 0 1 0 1 1 1]
 [1 1 0 1 1 0 0 1 1 1]
 [1 0 0 0 0 0 0 0 1 1]
 [1 1 1 0 0 0 1 1 0 0]
 [1 1 1 1 1 1 0 0 0 1]
 [0 0 1 0 0 1 0 0 0 0]
 [0 0 0 1 0 1 1 0 0 0]
 [1 1 0 0 1 1 0 1 1 1]
 [0 0 1 0 0 1 1 1 1 0]
 [0 1 1 1 1 0 0 0 0 1]
 [1 0 1 1 1 0 0 1 0 1]
 [0 0 1 1 0 0 0 0 1 1]
 [1 1 1 1 1 1 0 0 0 1]
 [1 1 0 1 1 0 1 1 0 0]
 [1 0 0 0 0 0 0 1 1 1]
 [1 1 1 1 0 1 0 0 0 1]
 [1 0 1 0 1 1 0 0 0 0]
 [0 0 1 0 1 0 1 1 1 1]
 [1 1 1 1 1 1 0 1 1 1]]
{'restarts': 3, 'conflicts': 1262, 'decisions': 3283, 'propagations': 5782668}
Q is identifiable
branch at 6
runtime for solving id of Q is 1.4655673457309604
Simulation results:
{'J': 50, 'K': 10, 'N': 10, 'p': 0.6, 'seed': 56, 'sim': 2, 'runtime': 1.4655673457309604, 'identifiable': True, 'branch': 6}
3
Q: [[1 0 1 1 1 1 0 1 1 1]
 [1 1 0 1 0 0 1 0 1 1]
 [1 0 1 1 1 0 0 0 1 1]
 [1 0 0 1 0 1 0 1 0 0]
 [1 0 0 1 0 1 1 1 1 1]
 [0 1 0 0 1 1 1 1 1 1]
 [0 1 1 1 0 0 1 0 1 0]
 [1 0 1 1 1 0 0 0 1 1]
 [1 1 1 0 0 0 0 0 1 0]
 [1 0 1 1 1 0 1 1 1 1]
 [0 1 1 1 1 0 0 1 0 1]
 [0 1 0 0 1 0 0 0 1 1]
 [0 1 1 1 1 1 1 0 0 1]
 [1 0 1 1 1 0 1 1 1 0]
 [0 1 1 1 1 0 0 0 0 0]
 [0 1 0 0 1 0 1 1 1 0]
 [0 1 1 0 1 1 0 1 1 0]
 [1 1 0 0 1 0 1 1 0 1]
 [1 1 1 1 0 1 1 1 0 1]
 [0 1 0 0 1 0 1 1 1 1]
 [1 0 0 0 1 1 0 1 0 0]
 [1 0 1 1 0 0 0 1 0 0]
 [1 1 1 1 1 1 1 1 1 0]
 [0 0 0 0 1 1 0 1 1 0]
 [0 1 1 1 1 1 1 0 0 1]
 [0 0 1 1 0 0 1 1 0 0]
 [1 1 0 1 1 1 1 1 1 0]
 [1 0 1 1 0 1 1 0 1 1]
 [1 1 0 1 1 0 0 1 1 0]
 [1 0 0 0 0 1 1 0 0 1]
 [1 1 1 1 0 1 1 0 0 1]
 [1 1 0 0 1 0 1 0 0 1]
 [0 1 1 0 0 0 0 0 1 1]
 [1 0 1 1 1 1 1 0 1 0]
 [0 0 0 1 0 0 1 0 0 0]
 [1 1 1 1 0 1 0 1 0 0]
 [0 1 1 1 0 1 0 1 1 1]
 [1 1 1 1 0 1 0 1 0 0]
 [0 0 1 0 1 1 1 0 0 1]
 [0 1 1 0 0 0 0 0 1 1]
 [1 1 0 1 1 0 1 1 0 0]
 [1 1 0 1 0 1 1 1 1 1]
 [0 1 1 0 1 1 1 1 0 1]
 [1 1 0 0 0 0 1 1 0 1]
 [1 0 0 0 0 1 1 0 0 0]
 [1 1 1 1 1 1 0 0 0 1]
 [1 0 1 0 0 0 0 0 1 1]
 [1 1 1 1 1 1 1 0 0 0]
 [0 0 0 1 1 1 0 0 1 1]
 [0 1 1 1 1 0 1 1 0 1]]
{'restarts': 6, 'conflicts': 1188, 'decisions': 4020, 'propagations': 5452378}
Q is identifiable
branch at 6
runtime for solving id of Q is 1.349503151141107
Simulation results:
{'J': 50, 'K': 10, 'N': 10, 'p': 0.6, 'seed': 56, 'sim': 3, 'runtime': 1.349503151141107, 'identifiable': True, 'branch': 6}
4
Q: [[1 0 1 0 0 0 0 1 0 0]
 [0 0 1 1 1 0 1 1 0 0]
 [0 1 1 0 0 0 0 1 0 0]
 [0 1 1 0 0 1 0 1 1 1]
 [1 0 1 0 1 1 1 1 1 0]
 [1 0 1 0 0 0 0 1 0 1]
 [1 0 1 1 1 1 0 0 0 1]
 [1 0 0 1 0 0 0 0 1 1]
 [1 0 0 1 0 0 0 0 1 1]
 [1 1 1 1 1 1 1 1 1 1]
 [1 0 1 1 1 0 1 1 1 1]
 [1 1 0 1 0 1 0 1 0 1]
 [1 1 0 0 1 1 0 1 1 0]
 [0 1 1 1 1 0 1 1 1 1]
 [1 1 0 1 0 1 0 1 0 0]
 [1 1 1 1 1 0 1 1 1 0]
 [1 1 0 1 0 1 1 1 1 0]
 [1 0 1 1 1 1 1 1 0 1]
 [0 0 0 1 1 1 1 1 1 0]
 [0 0 0 1 1 0 0 0 1 1]
 [1 1 1 1 1 1 1 1 1 1]
 [0 1 1 0 1 1 1 1 1 1]
 [0 1 1 0 0 1 0 1 1 1]
 [0 1 1 1 1 1 1 0 1 1]
 [0 0 0 1 1 1 1 1 0 1]
 [1 1 0 1 1 1 1 1 1 0]
 [0 1 1 1 0 0 1 1 1 1]
 [0 0 0 1 0 1 0 0 1 0]
 [0 1 0 1 1 1 1 1 1 1]
 [0 0 0 1 0 0 1 0 0 1]
 [1 0 0 0 0 1 1 0 1 1]
 [0 1 1 0 0 1 1 1 1 1]
 [0 1 0 1 0 0 1 1 1 1]
 [1 0 1 0 0 0 1 1 1 1]
 [1 0 1 1 0 0 1 0 1 0]
 [0 1 1 1 1 1 0 0 0 0]
 [1 0 0 0 1 0 0 0 0 1]
 [1 1 1 1 0 1 0 0 1 1]
 [0 1 0 1 1 1 1 1 0 0]
 [0 0 0 1 1 1 1 1 0 1]
 [1 0 1 0 1 1 1 1 1 0]
 [1 0 1 0 1 1 0 0 1 1]
 [1 0 1 0 1 1 1 1 1 1]
 [1 1 0 1 0 0 0 1 1 1]
 [0 0 1 1 1 0 1 1 1 1]
 [0 0 0 0 0 0 1 0 1 1]
 [0 1 1 1 0 0 1 0 1 0]
 [1 0 1 0 1 1 1 1 0 0]
 [1 0 1 0 1 1 0 1 1 0]
 [1 0 1 1 0 1 1 1 1 1]]
{'restarts': 4, 'conflicts': 694, 'decisions': 2500, 'propagations': 2323541}
Q is identifiable
branch at 6
runtime for solving id of Q is 0.801680438220501
Simulation results:
{'J': 50, 'K': 10, 'N': 10, 'p': 0.6, 'seed': 56, 'sim': 4, 'runtime': 0.801680438220501, 'identifiable': True, 'branch': 6}
5
Q: [[1 1 0 1 0 0 1 0 0 1]
 [1 1 0 0 1 1 0 1 1 1]
 [0 1 1 1 1 1 1 0 0 1]
 [1 1 1 0 0 0 0 1 0 0]
 [0 0 1 0 1 1 0 1 1 1]
 [0 0 0 1 1 1 1 0 1 1]
 [1 1 1 1 0 1 1 0 0 0]
 [1 1 0 0 1 0 0 1 0 1]
 [0 0 1 1 1 1 1 1 0 1]
 [1 1 1 0 0 1 1 1 1 1]
 [0 1 0 1 1 1 0 0 1 1]
 [0 1 1 1 0 1 1 0 1 0]
 [1 1 0 0 0 1 0 1 1 0]
 [1 0 0 1 0 0 0 1 1 0]
 [1 1 1 0 0 1 1 0 1 0]
 [1 0 0 0 0 1 1 1 0 1]
 [1 1 0 1 0 1 1 1 0 1]
 [1 0 1 1 0 1 0 1 1 0]
 [1 0 1 1 0 1 0 1 0 0]
 [1 0 1 0 0 0 1 1 1 1]
 [0 1 0 1 1 0 0 1 1 1]
 [0 0 0 1 1 0 1 0 1 1]
 [1 1 1 1 0 1 0 0 0 0]
 [1 1 1 0 1 0 0 1 0 1]
 [1 1 0 1 1 0 0 1 0 0]
 [0 1 0 0 1 1 1 1 0 1]
 [1 1 1 0 1 1 0 0 1 1]
 [1 1 0 0 0 1 0 0 0 1]
 [1 0 1 1 1 1 1 0 1 1]
 [0 1 1 0 1 1 0 1 0 0]
 [0 1 1 0 1 1 0 1 1 1]
 [0 0 1 1 0 1 0 1 1 1]
 [1 0 1 1 1 1 1 0 0 0]
 [0 0 0 0 1 0 1 1 1 0]
 [0 0 0 1 1 1 1 0 1 1]
 [1 0 0 1 1 1 0 1 1 1]
 [0 1 1 0 1 1 1 1 1 1]
 [0 1 1 0 0 1 1 0 1 1]
 [1 1 0 1 0 1 0 1 1 0]
 [1 0 0 0 0 0 1 0 0 0]
 [1 1 1 1 0 0 0 1 1 1]
 [0 1 1 0 0 0 1 1 0 1]
 [1 0 1 0 0 0 1 0 0 1]
 [0 1 1 1 0 0 1 1 0 1]
 [1 0 1 1 0 1 0 1 0 1]
 [0 0 1 0 0 0 1 0 1 1]
 [0 0 0 1 1 1 0 0 1 0]
 [1 0 0 0 0 1 1 1 1 1]
 [0 1 1 0 1 1 1 1 0 0]
 [0 1 0 1 1 1 0 1 0 1]]
{'restarts': 8, 'conflicts': 1969, 'decisions': 5318, 'propagations': 10826394}
Q is identifiable
branch at 6
runtime for solving id of Q is 2.1625456707552075
Simulation results:
{'J': 50, 'K': 10, 'N': 10, 'p': 0.6, 'seed': 56, 'sim': 5, 'runtime': 2.1625456707552075, 'identifiable': True, 'branch': 6}
6
Q: [[1 0 1 0 0 1 1 1 0 1]
 [1 1 1 1 0 0 0 1 0 1]
 [1 1 1 1 1 0 1 1 1 1]
 [0 1 0 1 1 1 1 1 1 0]
 [1 0 1 1 0 1 0 1 1 0]
 [0 1 1 0 0 0 1 0 1 1]
 [0 1 1 1 0 1 1 1 0 0]
 [1 1 1 0 1 0 1 1 0 1]
 [1 1 0 1 1 1 1 1 1 0]
 [1 1 0 0 0 1 1 1 0 1]
 [1 0 0 0 1 1 0 1 0 1]
 [1 0 1 0 1 0 0 1 1 1]
 [0 0 1 1 1 0 1 0 1 1]
 [1 1 1 1 1 1 0 1 1 0]
 [0 0 0 0 1 0 1 1 0 1]
 [0 0 0 1 0 1 1 0 1 1]
 [0 1 1 0 1 1 1 1 1 0]
 [0 0 1 1 0 1 1 0 1 1]
 [1 1 1 1 0 1 1 1 0 1]
 [0 1 1 1 0 0 0 1 0 1]
 [1 1 1 0 1 1 0 0 1 1]
 [0 0 0 0 0 1 1 0 1 1]
 [0 1 0 1 1 0 1 1 1 0]
 [1 1 1 0 1 0 0 0 0 1]
 [0 1 0 0 1 1 1 1 1 0]
 [1 1 1 1 0 1 0 1 0 1]
 [1 1 0 1 1 0 0 0 1 1]
 [1 0 1 1 1 0 0 1 0 1]
 [1 1 1 1 1 1 1 1 0 1]
 [1 0 0 1 1 1 1 1 1 0]
 [0 0 1 0 1 1 1 0 0 1]
 [1 1 1 1 1 0 1 1 1 1]
 [1 1 1 1 0 1 1 0 1 1]
 [1 1 0 1 1 0 0 1 1 1]
 [1 1 1 1 1 1 1 0 1 0]
 [1 1 1 1 1 0 1 1 1 1]
 [1 1 1 1 1 1 1 1 0 1]
 [0 0 1 1 1 1 1 1 1 1]
 [0 1 1 1 1 0 0 0 0 1]
 [0 1 1 1 1 1 0 1 1 0]
 [1 0 0 1 0 1 0 1 1 0]
 [1 1 1 1 1 1 1 0 0 1]
 [1 1 1 0 1 0 1 1 1 1]
 [0 0 1 0 0 1 0 1 0 0]
 [1 1 0 1 1 1 1 1 1 0]
 [0 0 0 1 0 1 0 1 1 1]
 [1 1 0 1 0 1 0 0 0 0]
 [1 0 1 1 1 0 0 1 0 0]
 [1 1 0 1 1 0 1 1 0 1]
 [1 0 1 1 0 0 1 0 0 0]]
{'restarts': 9, 'conflicts': 2004, 'decisions': 4926, 'propagations': 7297893}
Q is identifiable
branch at 6
runtime for solving id of Q is 1.1969620985910296
Simulation results:
{'J': 50, 'K': 10, 'N': 10, 'p': 0.6, 'seed': 56, 'sim': 6, 'runtime': 1.1969620985910296, 'identifiable': True, 'branch': 6}
7
Q: [[1 1 0 0 0 1 0 0 0 1]
 [0 0 1 1 0 1 0 1 0 1]
 [0 1 0 1 0 1 0 1 0 0]
 [0 1 1 1 1 0 1 1 1 0]
 [0 1 1 0 1 1 1 0 1 1]
 [1 1 1 0 0 1 1 0 1 1]
 [1 0 0 1 1 1 1 0 1 1]
 [1 0 1 0 1 1 1 0 1 1]
 [0 1 1 1 0 1 0 0 1 1]
 [1 1 1 0 0 1 0 0 1 1]
 [1 0 1 1 0 0 0 0 1 0]
 [0 1 1 1 1 1 1 1 1 1]
 [1 1 1 0 0 0 1 1 1 1]
 [1 0 1 1 0 1 1 0 1 1]
 [1 1 0 0 0 0 0 0 1 1]
 [1 1 1 1 1 1 0 0 1 1]
 [0 1 0 0 1 0 1 0 1 0]
 [0 1 1 1 1 0 0 0 1 1]
 [0 1 1 1 1 0 1 1 1 1]
 [1 1 1 0 0 0 1 0 1 0]
 [1 0 0 1 1 1 0 1 1 0]
 [1 1 1 0 1 1 1 0 0 0]
 [1 1 0 1 0 0 1 1 1 0]
 [0 1 1 0 1 0 0 1 0 0]
 [1 1 1 1 1 0 0 0 1 0]
 [0 1 0 1 0 1 1 1 0 1]
 [1 0 0 0 0 1 1 0 0 1]
 [1 1 0 0 1 1 1 0 1 1]
 [1 0 0 1 1 1 1 1 1 0]
 [1 0 1 0 1 0 1 0 0 1]
 [1 0 0 1 1 0 1 1 0 1]
 [0 0 0 0 1 1 1 0 1 0]
 [0 1 1 0 1 1 1 0 0 1]
 [1 0 0 0 0 1 1 0 1 1]
 [1 0 1 1 1 0 0 0 0 0]
 [0 1 1 0 0 1 1 1 1 1]
 [1 0 1 1 1 1 1 0 0 1]
 [1 1 0 0 0 0 0 1 1 1]
 [0 1 1 1 1 1 1 0 0 1]
 [1 0 1 1 0 1 1 1 1 0]
 [1 1 0 0 1 0 0 1 0 1]
 [0 1 1 0 0 1 1 1 0 1]
 [1 1 1 1 1 1 0 1 1 1]
 [1 0 1 0 0 0 1 0 1 1]
 [1 1 0 1 0 0 0 0 0 1]
 [0 0 1 1 0 1 1 0 1 1]
 [1 1 0 1 1 1 0 0 0 1]
 [1 1 1 0 1 0 1 1 1 1]
 [1 1 0 1 1 1 1 0 0 1]
 [0 0 0 1 0 1 1 1 0 1]]
{'restarts': 18, 'conflicts': 5923, 'decisions': 13194, 'propagations': 30669798}
Q is identifiable
branch at 6
runtime for solving id of Q is 3.683101992122829
Simulation results:
{'J': 50, 'K': 10, 'N': 10, 'p': 0.6, 'seed': 56, 'sim': 7, 'runtime': 3.683101992122829, 'identifiable': True, 'branch': 6}
8
Q: [[0 0 0 1 1 0 0 1 1 1]
 [0 1 1 1 1 1 0 1 1 1]
 [1 1 1 1 0 1 1 1 1 1]
 [0 1 1 1 1 1 1 1 1 1]
 [1 0 0 1 1 1 0 1 1 1]
 [0 0 1 1 0 1 0 1 0 0]
 [0 0 0 1 1 1 1 0 0 1]
 [0 1 0 1 1 1 1 1 1 1]
 [0 1 1 1 0 1 0 0 1 1]
 [0 0 1 1 1 0 1 1 0 1]
 [0 1 1 0 0 0 0 1 0 1]
 [0 0 0 1 1 1 0 1 0 1]
 [1 1 0 0 1 1 0 0 0 1]
 [0 1 1 0 1 1 0 1 0 1]
 [1 0 1 0 0 0 1 0 0 1]
 [0 1 1 0 0 1 1 0 1 1]
 [1 0 0 0 1 1 1 1 1 1]
 [1 0 1 1 1 1 1 0 0 1]
 [0 1 0 0 1 1 1 0 1 1]
 [1 0 1 1 0 0 1 1 1 0]
 [1 0 0 1 1 0 1 0 0 0]
 [0 1 1 0 0 0 1 0 0 0]
 [0 0 1 1 0 1 1 0 1 1]
 [0 1 0 1 0 0 1 0 1 1]
 [1 0 1 1 1 1 1 0 1 0]
 [1 0 0 0 1 0 1 0 1 0]
 [1 1 1 0 0 1 1 1 1 0]
 [0 1 0 1 1 1 0 0 1 0]
 [1 1 1 0 1 0 1 0 1 1]
 [1 0 0 1 1 1 1 1 1 1]
 [0 1 1 1 1 1 1 0 1 0]
 [0 1 1 0 1 1 1 1 1 0]
 [1 0 0 1 1 0 1 1 0 1]
 [1 0 0 1 1 1 1 0 0 0]
 [1 1 0 0 1 0 1 1 1 1]
 [0 1 1 0 1 0 1 1 0 1]
 [1 1 1 1 1 0 1 1 1 1]
 [0 0 0 0 1 1 1 1 1 1]
 [0 0 1 0 1 0 1 1 1 1]
 [1 0 1 1 0 1 0 1 0 1]
 [1 0 0 1 1 0 1 0 1 1]
 [1 1 0 1 1 1 0 0 1 1]
 [0 0 0 0 0 1 1 0 0 1]
 [0 0 0 0 0 1 1 0 1 0]
 [0 1 1 1 1 1 1 0 1 0]
 [0 1 0 1 1 1 1 1 1 0]
 [1 1 1 1 0 1 1 1 1 1]
 [1 0 1 1 0 1 1 1 1 1]
 [1 0 1 0 0 1 1 1 1 0]
 [0 1 0 1 1 1 1 1 1 1]]
{'restarts': 2, 'conflicts': 1467, 'decisions': 3623, 'propagations': 5288863}
Q is identifiable
branch at 6
runtime for solving id of Q is 1.1482618199661374
Simulation results:
{'J': 50, 'K': 10, 'N': 10, 'p': 0.6, 'seed': 56, 'sim': 8, 'runtime': 1.1482618199661374, 'identifiable': True, 'branch': 6}
9
Q: [[1 0 1 0 1 1 0 1 0 1]
 [0 0 1 0 1 1 1 0 0 1]
 [0 1 0 1 0 0 1 1 1 1]
 [1 1 1 1 1 1 0 1 1 0]
 [1 1 1 1 1 0 1 1 1 1]
 [1 1 1 1 1 1 1 1 1 0]
 [1 0 0 0 1 1 0 1 0 0]
 [1 0 0 1 0 1 1 0 1 1]
 [0 0 1 1 0 0 1 0 0 0]
 [1 1 1 1 1 1 0 1 1 0]
 [1 1 0 0 0 1 0 0 0 0]
 [1 1 1 1 1 0 1 1 0 1]
 [0 1 0 0 0 1 1 1 1 0]
 [0 1 1 1 0 0 0 1 0 0]
 [0 0 1 0 0 1 0 0 0 0]
 [1 1 1 0 0 1 1 1 1 0]
 [0 0 1 0 1 1 0 0 1 1]
 [1 1 1 0 0 0 0 1 1 1]
 [1 1 0 1 0 1 1 0 0 0]
 [1 1 0 1 1 0 0 0 1 1]
 [1 1 0 1 0 1 0 1 1 1]
 [1 1 1 1 1 1 0 0 1 0]
 [1 0 1 1 0 0 0 0 1 1]
 [0 1 1 0 1 0 1 0 1 1]
 [0 1 1 0 1 1 1 1 1 1]
 [1 1 1 1 1 0 1 0 0 1]
 [1 1 1 1 0 1 1 1 0 1]
 [1 0 1 0 1 0 0 0 0 1]
 [1 0 1 0 0 1 0 0 0 1]
 [1 0 1 0 0 1 1 1 1 1]
 [1 1 1 0 1 1 1 1 0 0]
 [1 1 1 1 0 0 0 1 0 0]
 [1 1 1 1 1 1 0 0 1 0]
 [1 1 0 0 1 1 1 0 1 1]
 [0 1 0 1 1 0 1 0 0 1]
 [0 1 0 0 0 0 1 0 0 1]
 [0 1 0 1 1 1 0 0 1 0]
 [0 1 1 1 1 0 0 0 0 1]
 [0 1 1 0 0 0 1 0 0 0]
 [1 0 0 1 1 0 0 1 1 0]
 [0 1 0 0 0 1 1 1 1 1]
 [1 0 1 1 1 1 1 1 0 1]
 [1 1 1 1 1 0 0 1 1 0]
 [1 1 1 1 0 0 0 1 1 1]
 [0 1 1 0 1 1 0 0 1 1]
 [0 0 0 1 1 1 1 1 1 0]
 [1 1 1 1 0 0 1 0 1 1]
 [1 0 1 1 1 1 1 1 1 1]
 [1 1 1 1 1 0 1 0 0 1]
 [1 1 1 1 1 0 1 1 0 1]]
{'restarts': 5, 'conflicts': 2589, 'decisions': 6001, 'propagations': 10215997}
Q is identifiable
branch at 6
runtime for solving id of Q is 1.5911294650286436
Simulation results:
{'J': 50, 'K': 10, 'N': 10, 'p': 0.6, 'seed': 56, 'sim': 9, 'runtime': 1.5911294650286436, 'identifiable': True, 'branch': 6}
Simulation results:
[{'J': 50, 'K': 10, 'N': 10, 'p': 0.6, 'seed': 56, 'sim': 0, 'runtime': 2.3354932265356183, 'identifiable': True, 'branch': 6}, {'J': 50, 'K': 10, 'N': 10, 'p': 0.6, 'seed': 56, 'sim': 1, 'runtime': 8.865364652127028, 'identifiable': True, 'branch': 6}, {'J': 50, 'K': 10, 'N': 10, 'p': 0.6, 'seed': 56, 'sim': 2, 'runtime': 1.4655673457309604, 'identifiable': True, 'branch': 6}, {'J': 50, 'K': 10, 'N': 10, 'p': 0.6, 'seed': 56, 'sim': 3, 'runtime': 1.349503151141107, 'identifiable': True, 'branch': 6}, {'J': 50, 'K': 10, 'N': 10, 'p': 0.6, 'seed': 56, 'sim': 4, 'runtime': 0.801680438220501, 'identifiable': True, 'branch': 6}, {'J': 50, 'K': 10, 'N': 10, 'p': 0.6, 'seed': 56, 'sim': 5, 'runtime': 2.1625456707552075, 'identifiable': True, 'branch': 6}, {'J': 50, 'K': 10, 'N': 10, 'p': 0.6, 'seed': 56, 'sim': 6, 'runtime': 1.1969620985910296, 'identifiable': True, 'branch': 6}, {'J': 50, 'K': 10, 'N': 10, 'p': 0.6, 'seed': 56, 'sim': 7, 'runtime': 3.683101992122829, 'identifiable': True, 'branch': 6}, {'J': 50, 'K': 10, 'N': 10, 'p': 0.6, 'seed': 56, 'sim': 8, 'runtime': 1.1482618199661374, 'identifiable': True, 'branch': 6}, {'J': 50, 'K': 10, 'N': 10, 'p': 0.6, 'seed': 56, 'sim': 9, 'runtime': 1.5911294650286436, 'identifiable': True, 'branch': 6}]
