
The Gurobi software has a limited number of licenses. To request a license or
licenses, add this line

    #SBATCH --licenses=gurobi@slurmdb:1

to your SBATCH script, replacing N with the number of licenses you need. Gurobi
will need one license per process.


0
Q: [[1 1 0 1 0 0 1 1 1 1]
 [1 0 0 1 1 0 0 1 1 1]
 [0 1 1 1 1 1 0 1 1 1]
 [1 1 1 1 1 1 0 0 0 1]
 [0 1 1 0 1 1 1 0 1 0]
 [1 1 0 1 0 1 1 1 1 0]
 [1 1 1 0 1 1 0 0 1 1]
 [0 1 1 1 0 1 1 1 0 1]
 [1 1 1 0 1 1 1 1 0 1]
 [1 1 0 1 1 1 1 1 1 1]
 [0 0 1 1 1 1 1 1 1 0]
 [1 1 1 0 1 1 1 1 1 1]
 [0 0 1 1 0 1 1 0 1 0]
 [1 1 1 1 1 1 1 1 0 1]
 [1 0 1 1 1 1 1 1 0 1]
 [1 0 1 1 1 1 1 0 1 1]
 [1 0 1 0 0 1 1 1 1 1]
 [0 1 1 0 1 0 0 1 1 0]
 [0 0 0 1 0 1 0 1 1 1]
 [0 1 1 1 0 1 0 1 1 1]
 [1 0 0 1 1 0 1 1 0 1]
 [0 1 1 1 1 0 1 0 1 1]
 [1 1 0 0 1 1 0 1 1 0]
 [1 1 0 0 1 1 0 0 1 1]
 [1 1 1 1 1 1 0 0 1 1]
 [1 1 0 1 1 1 0 0 1 1]
 [1 1 0 0 1 1 1 1 1 1]
 [1 1 1 1 0 1 1 1 1 1]
 [1 1 1 1 1 1 1 0 0 0]
 [0 1 0 0 0 1 1 1 0 0]
 [0 0 0 1 1 0 1 0 1 1]
 [1 1 0 0 1 0 0 1 0 1]
 [0 1 1 1 1 1 1 1 0 1]
 [0 1 0 0 1 1 0 1 0 1]
 [1 0 1 0 1 0 1 1 1 0]
 [1 1 1 1 1 1 1 1 1 1]
 [0 0 1 1 0 1 0 1 1 1]
 [1 1 1 1 1 1 1 1 1 1]
 [0 1 0 1 1 1 0 1 1 1]
 [1 1 0 1 1 1 1 0 1 0]
 [0 0 1 1 0 1 1 1 1 0]
 [0 1 0 1 1 1 0 1 1 1]
 [1 1 1 1 1 1 1 0 1 1]
 [0 0 1 1 1 1 1 1 1 1]
 [0 0 1 1 1 1 1 1 1 0]
 [0 1 1 1 1 0 0 1 1 1]
 [1 1 1 1 1 1 1 0 1 1]
 [1 1 0 1 1 0 1 0 0 1]
 [1 1 1 1 1 1 0 0 0 1]
 [0 1 0 1 0 1 1 1 1 0]]
{'restarts': 34, 'conflicts': 15279, 'decisions': 26035, 'propagations': 8315142}
Q is identifiable
branch at 6
runtime for solving id of Q is 1.237552565522492
Simulation results:
{'J': 50, 'K': 10, 'N': 10, 'p': 0.7, 'seed': 330, 'sim': 0, 'runtime': 1.237552565522492, 'identifiable': 1, 'branch': 6}
1
Q: [[1 1 1 1 1 1 0 1 0 1]
 [1 1 1 1 0 1 1 1 0 1]
 [0 1 1 1 1 1 1 1 1 0]
 [0 1 0 1 1 0 0 1 1 0]
 [1 0 1 1 1 1 1 0 0 1]
 [1 1 0 0 1 1 1 1 1 1]
 [1 1 1 0 1 0 1 1 1 1]
 [0 1 0 0 1 1 0 1 0 0]
 [0 0 1 1 1 0 1 1 0 0]
 [1 0 1 0 1 0 1 1 1 1]
 [0 1 1 1 1 0 1 1 1 1]
 [0 1 1 1 1 1 1 0 1 0]
 [1 1 0 0 1 1 1 0 0 0]
 [0 1 1 1 0 1 1 1 1 1]
 [1 1 1 1 0 1 1 1 1 1]
 [1 1 0 1 1 1 0 0 1 0]
 [1 0 0 1 1 1 0 1 1 1]
 [0 0 1 1 1 1 1 1 0 1]
 [1 0 1 1 0 1 1 1 1 1]
 [1 1 1 1 1 1 0 0 1 1]
 [0 1 0 1 0 1 1 1 1 1]
 [1 0 0 1 1 1 1 1 0 1]
 [1 1 0 1 1 1 1 1 1 1]
 [0 0 1 1 1 1 0 1 1 0]
 [1 1 1 0 1 1 1 0 0 1]
 [1 0 1 1 1 0 0 0 0 1]
 [0 1 0 1 0 1 1 1 0 1]
 [1 1 1 0 1 0 1 0 0 1]
 [0 0 1 1 1 0 1 1 1 1]
 [1 1 1 1 0 1 1 1 1 0]
 [0 1 1 1 0 0 1 0 1 1]
 [1 0 0 0 1 1 1 0 1 1]
 [0 1 1 0 1 1 0 1 0 1]
 [0 1 0 1 1 1 0 0 1 1]
 [1 1 1 1 1 1 1 0 1 1]
 [1 0 1 0 1 1 1 1 1 1]
 [1 1 1 0 0 0 1 1 1 1]
 [0 1 1 1 1 1 0 1 1 1]
 [1 1 0 1 1 1 0 1 1 0]
 [0 1 1 1 1 0 1 1 1 1]
 [0 0 1 0 1 1 1 1 1 0]
 [1 1 0 1 1 1 0 1 1 1]
 [0 1 1 1 1 1 1 1 1 1]
 [0 1 0 1 1 1 1 1 0 0]
 [0 1 0 1 1 1 1 1 0 1]
 [0 1 0 1 0 1 1 0 0 1]
 [1 0 1 1 1 0 1 1 0 1]
 [1 1 1 1 1 0 0 1 0 1]
 [1 0 1 1 1 1 1 0 1 1]
 [0 0 1 1 0 0 1 1 1 0]]
{'restarts': 53, 'conflicts': 28981, 'decisions': 44531, 'propagations': 13245560}
Q is identifiable
branch at 6
runtime for solving id of Q is 2.396070882678032
Simulation results:
{'J': 50, 'K': 10, 'N': 10, 'p': 0.7, 'seed': 330, 'sim': 1, 'runtime': 2.396070882678032, 'identifiable': 1, 'branch': 6}
2
Q: [[0 1 1 1 1 0 1 1 0 1]
 [1 0 0 1 1 0 1 1 1 1]
 [1 1 1 1 1 1 0 0 0 0]
 [1 0 1 1 0 0 1 1 1 1]
 [1 1 1 1 1 1 0 1 1 1]
 [1 1 0 0 1 1 0 0 1 0]
 [1 0 0 0 0 1 1 0 1 1]
 [1 1 1 0 0 1 1 1 1 1]
 [1 1 1 1 1 0 1 1 1 0]
 [1 1 1 0 1 1 1 1 1 1]
 [1 0 1 1 1 1 0 1 0 1]
 [0 1 1 0 0 0 1 1 1 1]
 [0 1 1 0 0 1 1 0 1 0]
 [1 1 1 1 1 1 0 1 1 1]
 [0 1 1 1 1 1 1 1 0 0]
 [0 1 0 1 0 1 0 0 1 1]
 [1 1 1 0 0 0 1 1 1 1]
 [0 1 0 1 1 1 1 0 1 1]
 [0 0 1 0 1 1 0 0 1 1]
 [0 0 1 1 1 1 1 1 1 1]
 [0 1 0 1 1 1 1 1 1 1]
 [1 0 0 1 1 1 1 1 1 1]
 [1 1 1 1 0 1 1 1 0 0]
 [0 0 1 1 1 1 1 1 1 0]
 [1 0 1 1 0 1 0 0 1 0]
 [1 1 0 1 1 1 0 1 1 1]
 [1 1 0 1 1 1 1 0 0 1]
 [1 0 1 1 1 1 1 0 0 0]
 [1 1 0 0 1 1 0 0 1 0]
 [1 1 0 0 0 1 0 0 1 1]
 [1 1 1 0 1 0 1 1 1 1]
 [1 1 1 0 1 0 1 1 1 1]
 [1 1 0 1 0 0 1 1 0 1]
 [1 0 0 1 0 1 0 1 0 1]
 [0 1 1 0 0 0 0 0 1 0]
 [1 0 1 1 1 1 0 1 0 1]
 [1 0 1 1 1 1 0 1 1 1]
 [1 0 0 1 1 0 1 1 0 1]
 [1 1 0 1 1 1 0 1 1 1]
 [1 1 1 0 0 1 1 1 1 1]
 [0 1 0 0 1 1 1 1 1 0]
 [0 1 1 1 0 1 1 1 1 1]
 [1 1 1 0 1 1 1 1 1 1]
 [1 1 0 0 1 0 0 0 1 1]
 [1 1 1 1 1 1 1 0 0 1]
 [0 1 1 1 0 1 1 1 1 1]
 [1 0 0 0 1 1 1 1 1 1]
 [0 1 1 1 1 1 1 1 1 0]
 [1 1 0 1 0 1 1 0 0 1]
 [1 1 1 1 0 1 0 1 1 0]]
{'restarts': 61, 'conflicts': 26220, 'decisions': 39719, 'propagations': 13100108}
Q is identifiable
branch at 6
runtime for solving id of Q is 2.1583230728283525
Simulation results:
{'J': 50, 'K': 10, 'N': 10, 'p': 0.7, 'seed': 330, 'sim': 2, 'runtime': 2.1583230728283525, 'identifiable': 1, 'branch': 6}
3
Q: [[1 0 1 0 1 1 1 0 1 1]
 [0 0 1 1 1 0 0 1 0 1]
 [1 0 1 1 1 1 1 1 1 1]
 [1 0 1 1 1 1 0 1 1 1]
 [1 1 0 1 1 1 1 0 0 0]
 [1 0 1 1 1 1 1 1 0 0]
 [0 0 0 1 1 1 0 1 1 0]
 [1 0 1 1 0 1 1 1 1 0]
 [1 1 0 1 0 0 0 1 1 0]
 [1 1 0 0 1 0 0 1 1 1]
 [1 1 1 1 0 0 0 1 0 1]
 [1 1 1 1 0 1 1 1 1 1]
 [0 1 1 0 1 0 1 1 1 1]
 [1 0 0 1 1 1 0 1 0 0]
 [1 1 1 1 1 0 1 0 1 1]
 [0 1 0 1 1 0 1 1 1 1]
 [1 1 1 0 0 1 1 1 0 1]
 [1 1 1 1 0 1 1 1 0 0]
 [1 1 1 1 1 1 1 1 1 1]
 [1 1 0 1 1 0 1 1 0 1]
 [1 1 1 0 0 1 1 1 1 1]
 [1 1 0 1 0 0 1 0 0 1]
 [0 1 0 1 1 1 1 0 1 0]
 [0 1 1 1 0 1 1 1 1 1]
 [1 0 1 0 0 1 0 1 0 0]
 [0 1 0 1 1 0 1 1 1 1]
 [1 1 1 1 1 1 0 1 1 1]
 [1 1 0 0 0 1 0 1 1 0]
 [1 0 1 1 0 1 0 1 1 1]
 [1 0 1 1 0 1 1 0 1 1]
 [1 1 1 1 1 1 1 1 1 1]
 [1 1 0 1 0 1 0 0 1 0]
 [0 0 1 0 1 1 1 1 1 1]
 [1 1 0 0 1 1 1 1 1 1]
 [1 0 1 1 1 0 1 0 1 0]
 [1 1 1 1 1 1 1 1 1 0]
 [1 1 0 1 0 0 0 0 0 1]
 [1 0 1 1 0 1 0 1 0 1]
 [1 0 1 0 0 1 1 0 1 0]
 [0 1 1 0 0 1 1 1 1 1]
 [1 1 1 0 1 1 1 0 0 1]
 [1 1 1 1 1 1 0 1 1 1]
 [1 1 1 0 1 1 1 1 0 1]
 [1 1 0 1 0 1 0 1 1 1]
 [1 0 1 0 1 1 0 0 1 1]
 [0 0 0 1 1 1 1 0 0 1]
 [1 1 1 1 0 1 0 1 1 0]
 [1 0 0 1 1 0 1 1 1 0]
 [1 1 1 1 0 1 1 0 1 1]
 [1 0 0 1 1 1 1 1 0 1]]
{'restarts': 49, 'conflicts': 25633, 'decisions': 40169, 'propagations': 14351982}
Q is identifiable
branch at 6
runtime for solving id of Q is 2.3392873676493764
Simulation results:
{'J': 50, 'K': 10, 'N': 10, 'p': 0.7, 'seed': 330, 'sim': 3, 'runtime': 2.3392873676493764, 'identifiable': 1, 'branch': 6}
4
Q: [[0 1 1 0 0 0 0 0 0 1]
 [1 1 1 0 0 1 1 1 0 0]
 [1 1 1 1 1 1 1 1 1 1]
 [1 1 0 1 1 1 1 1 1 1]
 [1 0 0 0 1 1 0 1 1 0]
 [1 1 1 1 1 1 1 1 1 1]
 [0 1 1 0 1 1 0 0 1 1]
 [1 1 1 1 1 1 0 1 1 0]
 [0 1 0 1 0 1 1 0 0 1]
 [1 1 0 0 1 0 1 1 1 1]
 [1 0 0 1 1 1 0 0 1 1]
 [1 1 1 1 0 1 1 1 1 1]
 [1 1 0 1 1 1 1 1 1 1]
 [1 1 1 0 1 1 1 1 0 0]
 [1 0 1 1 0 1 1 1 1 1]
 [1 1 1 0 1 0 0 1 0 0]
 [0 1 1 1 0 0 1 1 1 1]
 [1 1 1 1 0 0 1 1 0 1]
 [0 0 1 1 0 1 0 1 0 1]
 [1 0 1 1 1 0 0 0 0 0]
 [1 1 1 1 1 0 0 0 1 1]
 [0 0 1 1 1 0 1 1 0 1]
 [1 1 1 0 1 1 0 1 0 1]
 [0 1 0 1 1 1 0 1 1 0]
 [1 1 0 1 1 1 1 1 1 0]
 [1 0 1 0 0 0 1 0 1 1]
 [0 0 1 0 0 1 1 0 0 1]
 [0 1 0 1 1 1 0 0 1 1]
 [1 1 1 1 1 1 0 0 1 1]
 [1 1 1 1 1 1 0 0 0 0]
 [1 0 0 0 1 1 1 1 1 1]
 [1 1 1 1 0 0 1 1 1 0]
 [1 0 0 1 0 0 0 1 1 1]
 [0 1 0 0 1 1 1 0 1 1]
 [1 1 0 1 0 1 0 1 1 1]
 [0 1 0 1 0 1 1 0 0 1]
 [1 1 0 1 0 0 1 0 1 0]
 [1 1 0 1 0 1 0 0 1 1]
 [0 1 1 1 1 1 1 1 1 0]
 [0 0 1 0 0 0 1 1 1 1]
 [0 1 1 1 1 1 1 0 1 1]
 [1 0 0 1 1 1 0 1 0 1]
 [1 1 1 1 1 0 0 0 1 1]
 [1 0 0 1 0 0 1 1 1 1]
 [1 0 1 0 1 1 1 1 0 0]
 [1 1 0 1 1 1 0 1 1 0]
 [0 1 0 1 1 1 1 1 1 0]
 [0 1 1 1 1 0 1 0 1 1]
 [1 1 0 0 1 1 1 0 1 1]
 [0 1 1 0 1 1 1 0 1 1]]
{'restarts': 10, 'conflicts': 3450, 'decisions': 7406, 'propagations': 2242510}
Q is identifiable
branch at 6
runtime for solving id of Q is 0.43654471449553967
Simulation results:
{'J': 50, 'K': 10, 'N': 10, 'p': 0.7, 'seed': 330, 'sim': 4, 'runtime': 0.43654471449553967, 'identifiable': 1, 'branch': 6}
5
Q: [[1 0 0 0 1 0 1 1 1 0]
 [1 1 1 0 1 1 1 1 0 0]
 [1 0 1 1 1 1 1 0 0 0]
 [1 0 1 0 0 1 0 1 1 1]
 [1 1 1 1 0 1 0 0 1 1]
 [1 1 1 0 0 1 1 0 0 1]
 [0 1 0 1 0 1 1 0 1 1]
 [0 0 0 0 1 0 1 1 1 0]
 [1 0 0 1 1 1 1 1 1 1]
 [0 0 0 0 0 0 1 1 1 1]
 [1 0 0 0 1 1 1 1 1 0]
 [1 1 0 1 1 1 1 0 1 1]
 [1 1 0 1 0 1 0 1 1 1]
 [1 0 1 1 1 0 1 0 1 0]
 [1 1 0 1 1 1 1 1 1 1]
 [1 1 1 1 1 1 1 1 0 1]
 [1 1 1 1 1 1 1 0 1 1]
 [1 0 1 1 1 1 1 1 0 1]
 [1 1 1 1 1 1 1 1 1 0]
 [1 1 1 1 1 0 1 0 0 0]
 [1 1 1 1 1 1 1 1 0 1]
 [0 1 0 1 1 0 1 1 1 0]
 [1 1 1 0 1 1 0 1 1 1]
 [1 1 1 1 1 0 1 1 0 0]
 [0 0 0 0 1 1 1 1 0 0]
 [1 1 1 1 1 1 1 1 1 0]
 [1 1 1 0 1 1 0 1 1 1]
 [1 1 1 1 0 0 1 1 1 1]
 [0 1 1 1 0 1 0 0 1 1]
 [1 1 0 1 1 0 1 1 1 0]
 [1 0 1 1 1 1 1 1 0 1]
 [0 0 1 1 1 0 1 1 1 0]
 [1 1 1 0 1 1 1 1 1 1]
 [0 1 1 1 0 1 1 1 1 0]
 [0 1 0 0 1 1 1 1 1 1]
 [1 1 1 1 1 0 1 1 1 0]
 [1 1 0 0 0 0 1 1 1 0]
 [1 1 1 1 1 1 1 1 1 0]
 [1 1 1 1 0 1 0 0 1 1]
 [0 0 1 1 1 1 0 1 0 1]
 [0 1 0 0 1 1 1 0 1 0]
 [1 1 1 1 0 1 0 1 0 0]
 [0 1 1 0 1 0 1 0 0 1]
 [1 1 1 1 0 0 1 1 1 0]
 [1 1 1 0 1 1 1 1 1 0]
 [0 0 1 1 1 1 1 1 1 1]
 [1 1 1 1 0 1 0 0 1 0]
 [1 1 1 0 1 1 1 0 1 1]
 [1 1 0 1 1 0 1 1 1 1]
 [1 1 1 1 1 1 0 0 0 0]]
{'restarts': 6, 'conflicts': 2141, 'decisions': 4408, 'propagations': 963983}
Q is identifiable
branch at 6
runtime for solving id of Q is 0.18447713926434517
Simulation results:
{'J': 50, 'K': 10, 'N': 10, 'p': 0.7, 'seed': 330, 'sim': 5, 'runtime': 0.18447713926434517, 'identifiable': 1, 'branch': 6}
6
Q: [[1 1 1 0 1 0 1 1 1 0]
 [1 1 1 1 0 1 1 1 1 1]
 [1 1 1 1 1 0 0 1 0 1]
 [1 1 1 1 1 0 1 0 0 1]
 [0 1 1 1 0 1 1 1 1 0]
 [1 1 1 1 1 0 0 0 0 1]
 [0 1 1 0 0 0 0 0 1 1]
 [0 1 1 1 1 1 1 0 1 0]
 [0 1 0 0 1 0 1 1 1 1]
 [1 1 0 0 0 1 1 1 0 1]
 [1 1 1 1 1 1 0 1 1 1]
 [1 0 1 0 0 0 1 1 1 1]
 [1 1 1 1 0 1 0 1 1 1]
 [1 1 1 0 1 1 1 0 1 0]
 [0 1 1 0 1 1 0 1 1 0]
 [1 1 1 1 0 0 1 1 1 1]
 [1 1 1 1 1 1 1 1 1 1]
 [1 1 1 0 1 1 1 1 1 1]
 [0 1 1 1 1 0 0 1 0 1]
 [1 1 1 1 1 1 0 0 0 0]
 [0 1 1 1 1 1 0 1 1 1]
 [1 1 1 1 1 1 1 0 1 0]
 [1 1 0 0 0 1 1 1 1 1]
 [1 0 1 1 1 1 1 1 0 1]
 [1 0 1 0 0 1 1 1 1 1]
 [1 1 0 1 0 0 0 0 0 1]
 [1 1 1 1 1 1 1 1 1 1]
 [1 0 1 0 1 0 1 1 1 1]
 [1 1 1 0 1 1 1 1 1 0]
 [1 0 1 1 0 1 0 0 1 1]
 [1 1 1 1 1 1 1 1 1 1]
 [1 1 1 1 1 1 1 1 1 1]
 [1 1 1 1 0 1 0 1 0 0]
 [1 1 0 1 0 1 0 1 0 1]
 [0 1 1 0 0 1 1 0 1 0]
 [1 1 0 0 1 1 1 1 1 0]
 [0 0 1 0 1 1 1 1 0 1]
 [1 1 1 1 1 0 1 1 1 0]
 [0 0 1 1 1 0 1 1 1 1]
 [1 1 1 1 1 0 1 1 1 1]
 [1 1 0 1 1 1 1 1 1 1]
 [1 1 1 1 1 1 1 1 1 1]
 [0 1 1 1 1 1 0 1 0 1]
 [0 0 1 1 1 0 0 1 0 1]
 [1 1 1 1 1 0 1 1 0 1]
 [1 0 0 1 1 1 1 0 1 0]
 [0 1 0 0 1 0 0 1 0 0]
 [0 0 1 0 1 1 1 0 1 1]
 [1 1 1 0 1 1 0 1 1 1]
 [1 0 1 0 0 0 1 0 1 0]]
{'restarts': 79, 'conflicts': 41211, 'decisions': 60224, 'propagations': 21696070}
Q is identifiable
branch at 6
runtime for solving id of Q is 3.7251793639734387
Simulation results:
{'J': 50, 'K': 10, 'N': 10, 'p': 0.7, 'seed': 330, 'sim': 6, 'runtime': 3.7251793639734387, 'identifiable': 1, 'branch': 6}
7
Q: [[1 1 1 0 1 0 0 1 1 1]
 [1 0 1 0 1 1 1 1 0 0]
 [1 1 0 1 1 0 0 0 0 0]
 [1 1 1 1 1 1 1 1 1 1]
 [1 1 1 0 0 0 1 1 1 0]
 [0 0 0 0 1 0 1 1 1 1]
 [1 1 1 1 0 0 0 0 1 0]
 [1 0 1 1 1 1 1 0 0 1]
 [1 0 1 1 1 0 1 1 1 1]
 [0 1 1 1 1 1 0 0 1 0]
 [1 1 1 0 0 1 0 1 1 0]
 [1 1 1 1 1 0 1 1 0 1]
 [0 1 1 1 1 1 1 0 1 1]
 [0 1 0 1 1 0 1 1 1 1]
 [0 1 0 1 1 0 0 1 1 0]
 [1 1 0 1 0 1 1 0 1 0]
 [1 1 1 1 1 0 1 1 1 1]
 [1 0 0 0 0 1 1 0 1 1]
 [1 0 0 1 0 1 1 1 0 1]
 [1 1 1 1 1 1 0 0 0 1]
 [0 0 1 1 1 0 1 0 1 0]
 [1 1 0 1 1 1 1 1 1 1]
 [0 1 0 0 0 0 1 0 0 1]
 [0 1 0 1 0 1 1 1 1 1]
 [1 1 1 1 0 1 0 1 1 0]
 [0 0 1 1 1 1 1 1 1 0]
 [0 0 1 1 1 0 1 1 1 0]
 [0 1 1 1 0 0 1 0 1 1]
 [0 1 1 1 1 1 1 1 0 0]
 [1 1 1 1 0 1 1 1 1 1]
 [1 1 0 1 0 0 1 1 1 1]
 [0 1 1 1 0 1 1 0 1 1]
 [1 1 0 1 1 1 1 1 0 1]
 [1 1 1 1 1 1 0 0 1 0]
 [1 1 0 0 1 0 0 1 1 1]
 [1 0 0 1 0 1 0 1 1 1]
 [1 0 1 0 1 1 1 0 1 1]
 [1 0 1 0 0 0 0 1 1 1]
 [1 1 1 0 1 0 0 0 1 1]
 [0 0 1 0 1 1 1 1 1 0]
 [1 1 0 1 1 0 1 0 1 0]
 [1 1 1 1 0 0 1 1 1 0]
 [1 1 1 0 1 1 1 1 1 1]
 [1 0 0 1 0 1 1 1 0 1]
 [1 0 1 1 0 0 1 1 0 0]
 [0 1 0 1 1 0 1 1 1 1]
 [1 1 1 0 1 1 1 1 1 1]
 [1 1 1 1 1 0 1 1 1 1]
 [0 1 0 0 0 0 1 1 1 0]
 [0 1 1 1 1 0 0 1 0 0]]
{'restarts': 24, 'conflicts': 9210, 'decisions': 17494, 'propagations': 5520433}
Q is identifiable
branch at 6
runtime for solving id of Q is 0.8496541921049356
Simulation results:
{'J': 50, 'K': 10, 'N': 10, 'p': 0.7, 'seed': 330, 'sim': 7, 'runtime': 0.8496541921049356, 'identifiable': 1, 'branch': 6}
8
Q: [[0 1 1 0 1 1 1 1 1 0]
 [0 1 0 1 1 0 1 1 1 1]
 [0 1 1 1 1 1 1 0 1 0]
 [1 1 1 0 1 1 1 1 0 1]
 [1 1 0 1 1 1 1 1 1 0]
 [1 0 1 1 1 0 0 0 1 0]
 [1 1 1 0 1 0 0 1 1 1]
 [1 0 1 0 1 1 1 0 0 1]
 [1 0 1 0 1 1 1 1 1 0]
 [1 1 0 1 1 1 1 1 1 1]
 [0 1 0 1 1 0 1 1 1 1]
 [0 1 0 1 1 1 1 1 1 1]
 [1 1 0 1 1 1 1 1 0 1]
 [0 0 1 1 1 0 1 1 0 1]
 [1 1 0 0 1 1 1 1 1 1]
 [1 1 1 0 1 0 1 1 1 1]
 [1 0 0 1 1 1 0 1 1 0]
 [1 0 0 1 0 1 0 0 1 1]
 [1 1 1 0 1 1 1 1 1 0]
 [1 0 1 1 1 0 1 1 1 0]
 [1 1 1 1 1 0 1 0 1 1]
 [1 1 1 1 1 1 1 1 1 0]
 [0 1 1 0 1 1 1 0 1 0]
 [1 0 1 1 0 1 1 0 0 0]
 [1 1 0 1 0 1 1 1 1 1]
 [0 1 1 1 1 1 0 0 1 1]
 [0 1 1 0 1 0 1 1 0 1]
 [0 1 1 1 1 1 1 0 1 0]
 [0 1 1 1 1 1 0 0 1 1]
 [0 0 1 1 1 1 0 1 1 1]
 [1 1 1 0 1 0 0 1 1 1]
 [1 0 1 1 1 1 1 0 1 0]
 [1 0 1 1 1 0 0 1 1 0]
 [0 1 0 1 1 1 0 0 1 0]
 [1 1 1 1 0 1 0 1 1 1]
 [1 1 0 1 1 1 1 1 1 0]
 [1 1 1 1 1 0 1 1 1 1]
 [1 1 1 1 1 1 1 1 0 1]
 [1 0 1 1 1 0 1 1 1 0]
 [1 1 0 1 0 1 1 0 1 0]
 [0 0 1 1 1 1 1 1 1 1]
 [1 0 0 1 0 1 1 1 1 0]
 [1 1 1 0 1 1 1 1 1 0]
 [1 0 0 1 1 0 1 1 1 0]
 [1 0 1 1 1 1 1 0 1 1]
 [1 1 1 1 0 1 1 1 0 1]
 [1 1 1 0 1 1 1 0 0 0]
 [1 1 0 1 1 1 1 1 1 1]
 [1 1 0 0 1 0 1 1 1 1]
 [1 1 0 1 1 1 1 1 1 1]]
{'restarts': 8, 'conflicts': 2316, 'decisions': 4967, 'propagations': 854942}
Q is not identifiable, and Q_bar is [[0 0 1 1 0 1 1 0 1 1]
 [0 0 1 1 1 1 1 1 0 0]
 [0 0 1 0 1 1 1 0 1 1]
 [1 0 1 1 0 1 0 1 1 1]
 [1 1 0 1 1 1 1 0 1 0]
 [0 1 0 0 1 0 1 0 0 1]
 [0 1 0 1 0 1 1 1 0 1]
 [1 0 1 0 0 0 0 1 1 1]
 [1 0 1 1 0 0 1 0 0 1]
 [0 1 1 1 1 1 1 1 1 0]
 [0 0 1 1 1 1 1 1 0 0]
 [0 0 1 1 1 1 1 1 1 0]
 [1 0 1 1 1 1 0 1 1 0]
 [0 0 1 1 1 0 0 1 0 1]
 [1 1 1 1 0 1 0 1 0 0]
 [0 1 1 1 0 1 1 1 0 1]
 [0 1 0 1 1 0 1 0 1 0]
 [0 1 0 0 1 0 0 1 1 0]
 [1 0 1 1 0 1 1 0 1 1]
 [0 1 1 1 1 0 1 0 0 1]
 [0 1 1 0 1 1 1 1 0 1]
 [1 1 1 1 1 1 1 0 1 1]
 [0 0 1 0 0 1 1 0 1 1]
 [1 0 0 0 1 0 0 0 0 1]
 [1 1 0 1 1 1 0 1 1 0]
 [0 0 0 0 1 1 1 1 1 1]
 [0 0 1 1 0 1 0 1 0 1]
 [0 0 1 0 1 1 1 0 1 1]
 [0 0 0 0 1 1 1 1 1 1]
 [0 0 0 1 1 0 1 1 1 1]
 [0 1 0 1 0 1 1 1 0 1]
 [1 1 0 0 1 0 1 0 0 1]
 [0 1 0 1 1 0 1 0 0 1]
 [0 0 0 0 1 1 1 0 1 0]
 [0 1 0 1 1 1 0 1 1 1]
 [1 1 0 1 1 1 1 0 1 0]
 [0 1 1 1 1 1 1 1 0 1]
 [1 0 1 1 1 1 0 1 1 1]
 [0 1 1 1 1 0 1 0 0 1]
 [1 1 0 0 1 1 0 0 0 0]
 [0 0 1 1 1 0 1 1 1 1]
 [1 1 0 1 1 0 0 0 0 0]
 [1 0 1 1 0 1 1 0 1 1]
 [0 1 1 1 1 0 1 0 0 0]
 [1 1 1 0 1 0 0 1 1 1]
 [1 0 0 1 1 1 0 1 0 1]
 [1 0 1 0 0 1 0 0 1 1]
 [0 1 1 1 1 1 1 1 1 0]
 [0 1 1 1 0 1 1 1 0 0]
 [0 1 1 1 1 1 1 1 1 0]]
branch at 5
runtime for solving id of Q is 0.1621195087209344
Simulation results:
{'J': 50, 'K': 10, 'N': 10, 'p': 0.7, 'seed': 330, 'sim': 8, 'runtime': 0.1621195087209344, 'identifiable': 0, 'branch': 5}
9
Q: [[1 1 1 0 0 0 0 1 1 0]
 [1 1 0 1 1 1 1 0 1 1]
 [1 1 0 0 0 0 0 0 1 1]
 [1 1 1 0 0 1 1 1 0 1]
 [1 0 0 1 1 1 0 1 1 1]
 [0 1 1 1 1 1 0 1 1 1]
 [0 0 1 1 0 0 1 1 1 0]
 [0 1 1 0 0 1 1 1 0 0]
 [1 1 1 1 0 1 1 1 1 0]
 [1 1 1 1 0 0 1 1 0 0]
 [0 0 0 1 1 1 1 0 1 1]
 [0 1 0 1 1 1 1 1 0 1]
 [1 1 0 0 1 0 0 0 1 1]
 [0 0 0 1 1 1 1 1 0 1]
 [1 1 0 1 0 1 1 0 1 1]
 [1 1 1 0 1 0 1 0 1 1]
 [1 1 0 0 1 1 1 1 1 0]
 [0 1 1 1 1 0 1 1 0 0]
 [1 0 1 0 1 1 0 0 0 1]
 [0 0 1 0 1 1 1 1 1 0]
 [1 0 0 0 1 0 1 1 1 0]
 [1 0 0 1 1 1 1 0 0 1]
 [1 1 0 0 0 1 0 0 1 0]
 [1 1 1 0 1 0 1 1 1 0]
 [1 1 1 0 0 0 1 1 0 1]
 [1 1 1 0 0 1 1 1 0 1]
 [1 1 0 0 1 1 1 1 1 1]
 [0 1 1 0 0 1 0 0 0 1]
 [1 1 1 1 1 1 0 0 0 0]
 [0 1 1 1 1 1 1 1 1 1]
 [1 1 1 1 1 0 1 1 0 1]
 [1 1 1 1 0 0 1 1 1 0]
 [1 0 1 1 1 1 1 1 1 0]
 [1 0 1 1 1 1 1 1 1 1]
 [1 1 0 1 1 0 0 0 0 1]
 [0 1 0 0 1 0 1 1 1 0]
 [1 0 1 1 1 1 1 1 1 0]
 [0 1 1 1 1 1 1 1 0 1]
 [0 1 1 1 1 0 1 1 1 1]
 [0 1 1 1 1 1 1 1 1 1]
 [1 1 1 0 1 0 0 1 1 0]
 [1 1 1 1 0 1 1 1 1 1]
 [1 1 0 1 1 1 1 1 1 1]
 [0 1 1 1 0 1 1 0 1 0]
 [0 1 0 1 1 1 1 0 1 1]
 [1 1 1 0 1 1 1 1 0 1]
 [1 1 0 0 0 0 0 1 0 1]
 [0 1 1 1 1 1 0 1 1 0]
 [1 1 1 1 0 0 1 1 1 1]
 [0 1 1 1 1 1 0 1 1 0]]
{'restarts': 79, 'conflicts': 33261, 'decisions': 49562, 'propagations': 17837625}
Q is identifiable
branch at 6
runtime for solving id of Q is 3.07730102352798
Simulation results:
{'J': 50, 'K': 10, 'N': 10, 'p': 0.7, 'seed': 330, 'sim': 9, 'runtime': 3.07730102352798, 'identifiable': 1, 'branch': 6}
Simulation results:
[{'J': 50, 'K': 10, 'N': 10, 'p': 0.7, 'seed': 330, 'sim': 0, 'runtime': 1.237552565522492, 'identifiable': 1, 'branch': 6}, {'J': 50, 'K': 10, 'N': 10, 'p': 0.7, 'seed': 330, 'sim': 1, 'runtime': 2.396070882678032, 'identifiable': 1, 'branch': 6}, {'J': 50, 'K': 10, 'N': 10, 'p': 0.7, 'seed': 330, 'sim': 2, 'runtime': 2.1583230728283525, 'identifiable': 1, 'branch': 6}, {'J': 50, 'K': 10, 'N': 10, 'p': 0.7, 'seed': 330, 'sim': 3, 'runtime': 2.3392873676493764, 'identifiable': 1, 'branch': 6}, {'J': 50, 'K': 10, 'N': 10, 'p': 0.7, 'seed': 330, 'sim': 4, 'runtime': 0.43654471449553967, 'identifiable': 1, 'branch': 6}, {'J': 50, 'K': 10, 'N': 10, 'p': 0.7, 'seed': 330, 'sim': 5, 'runtime': 0.18447713926434517, 'identifiable': 1, 'branch': 6}, {'J': 50, 'K': 10, 'N': 10, 'p': 0.7, 'seed': 330, 'sim': 6, 'runtime': 3.7251793639734387, 'identifiable': 1, 'branch': 6}, {'J': 50, 'K': 10, 'N': 10, 'p': 0.7, 'seed': 330, 'sim': 7, 'runtime': 0.8496541921049356, 'identifiable': 1, 'branch': 6}, {'J': 50, 'K': 10, 'N': 10, 'p': 0.7, 'seed': 330, 'sim': 8, 'runtime': 0.1621195087209344, 'identifiable': 0, 'branch': 5}, {'J': 50, 'K': 10, 'N': 10, 'p': 0.7, 'seed': 330, 'sim': 9, 'runtime': 3.07730102352798, 'identifiable': 1, 'branch': 6}]
