
The Gurobi software has a limited number of licenses. To request a license or
licenses, add this line

    #SBATCH --licenses=gurobi@slurmdb:1

to your SBATCH script, replacing N with the number of licenses you need. Gurobi
will need one license per process.


0
Q: [[1 0 0 1 0]
 [1 0 1 1 0]
 [0 0 1 1 1]
 [0 1 0 1 1]
 [1 1 1 1 0]
 [1 0 1 1 1]
 [1 0 0 0 0]
 [1 0 0 1 0]
 [0 1 0 0 0]
 [1 1 0 1 1]
 [1 1 1 1 0]
 [1 1 0 1 1]
 [1 0 1 1 1]
 [1 1 0 1 1]
 [0 1 1 1 1]
 [1 0 0 1 1]
 [0 1 1 0 0]
 [0 0 1 1 0]
 [1 0 1 0 0]
 [1 1 0 0 0]
 [0 0 0 0 0]
 [1 1 0 0 1]
 [1 1 0 0 0]
 [1 1 1 1 0]
 [1 1 1 1 1]
 [0 1 1 1 1]
 [0 0 0 1 1]
 [0 0 1 0 0]
 [1 0 0 1 1]
 [0 1 0 1 1]
 [1 1 0 0 0]
 [0 0 1 0 0]
 [1 0 0 0 0]
 [0 0 1 0 0]
 [1 0 1 1 0]
 [1 1 1 1 0]
 [1 0 0 1 0]
 [1 1 0 0 0]
 [0 1 1 1 0]
 [1 0 1 0 0]
 [1 1 0 1 1]
 [1 0 0 1 1]
 [0 1 0 0 0]
 [1 0 1 0 1]
 [1 0 1 0 1]
 [1 1 0 1 0]
 [1 1 0 1 1]
 [1 0 0 1 1]
 [0 0 0 1 1]
 [1 0 1 1 0]]
{'restarts': 1, 'conflicts': 16, 'decisions': 32, 'propagations': 708}
Q is identifiable
branch at 6
runtime for solving id of Q is 0.004430576227605343
Simulation results:
{'J': 50, 'K': 5, 'N': 10, 'p': 0.5, 'seed': 63, 'sim': 0, 'runtime': 0.004430576227605343, 'identifiable': 1, 'branch': 6}
1
Q: [[0 0 1 1 1]
 [1 0 0 0 1]
 [0 1 0 1 0]
 [1 1 0 1 1]
 [0 0 0 1 0]
 [1 1 1 0 0]
 [1 0 1 1 0]
 [1 1 0 1 1]
 [0 0 1 0 0]
 [1 1 1 0 0]
 [1 1 1 1 0]
 [1 0 0 1 0]
 [1 1 1 0 0]
 [1 1 0 1 0]
 [0 0 0 1 1]
 [1 0 1 1 0]
 [0 1 0 0 1]
 [0 0 0 0 0]
 [0 1 0 1 0]
 [1 0 0 1 1]
 [1 1 0 1 0]
 [0 0 1 1 0]
 [1 1 0 1 0]
 [0 0 1 0 0]
 [1 1 0 1 1]
 [1 0 1 1 0]
 [0 1 1 1 1]
 [0 0 1 0 1]
 [1 1 1 1 0]
 [1 1 0 1 1]
 [0 0 1 0 1]
 [0 1 1 1 0]
 [1 1 1 1 0]
 [0 0 1 0 0]
 [1 0 1 1 0]
 [1 1 0 1 0]
 [1 1 1 1 0]
 [1 0 0 1 0]
 [0 1 1 0 1]
 [0 1 0 0 0]
 [0 1 1 1 0]
 [0 1 1 1 1]
 [1 0 0 0 1]
 [0 1 0 1 0]
 [0 1 1 0 1]
 [0 0 0 1 0]
 [0 0 0 1 1]
 [1 0 0 1 1]
 [0 1 1 0 0]
 [1 1 0 1 0]]
{'restarts': 1, 'conflicts': 13, 'decisions': 29, 'propagations': 583}
Q is identifiable
branch at 6
runtime for solving id of Q is 0.004922701045870781
Simulation results:
{'J': 50, 'K': 5, 'N': 10, 'p': 0.5, 'seed': 63, 'sim': 1, 'runtime': 0.004922701045870781, 'identifiable': 1, 'branch': 6}
2
Q: [[0 0 0 1 0]
 [1 0 0 0 1]
 [0 0 1 1 1]
 [0 1 0 1 0]
 [0 1 1 1 1]
 [1 1 1 0 1]
 [0 0 0 0 1]
 [0 0 1 0 0]
 [1 0 0 1 1]
 [0 1 1 0 1]
 [1 1 1 1 0]
 [1 1 1 1 0]
 [1 0 1 0 0]
 [0 0 0 0 1]
 [1 1 1 0 1]
 [1 0 0 0 1]
 [1 1 0 1 1]
 [0 1 1 0 0]
 [1 1 1 0 0]
 [1 1 1 1 1]
 [1 1 1 1 1]
 [1 0 0 0 1]
 [0 1 0 0 1]
 [1 0 1 0 1]
 [0 0 1 0 1]
 [1 0 1 1 1]
 [0 0 0 1 0]
 [0 1 1 1 1]
 [1 1 1 1 1]
 [0 1 1 0 0]
 [1 1 0 1 0]
 [1 1 0 1 1]
 [1 0 1 0 0]
 [1 1 1 1 1]
 [1 1 0 1 1]
 [0 0 1 0 0]
 [0 0 1 0 0]
 [0 0 1 0 0]
 [1 0 0 1 1]
 [0 1 0 1 0]
 [0 1 0 0 0]
 [0 1 0 0 1]
 [1 0 1 1 1]
 [1 0 1 1 0]
 [0 1 1 1 1]
 [0 0 1 1 1]
 [1 0 1 0 1]
 [1 1 0 1 1]
 [1 1 0 0 1]
 [1 1 0 1 0]]
{'restarts': 1, 'conflicts': 8, 'decisions': 17, 'propagations': 447}
Q is identifiable
branch at 6
runtime for solving id of Q is 0.0034302249550819397
Simulation results:
{'J': 50, 'K': 5, 'N': 10, 'p': 0.5, 'seed': 63, 'sim': 2, 'runtime': 0.0034302249550819397, 'identifiable': 1, 'branch': 6}
3
Q: [[0 0 0 1 1]
 [0 1 1 1 0]
 [0 1 0 0 1]
 [1 1 0 0 1]
 [0 1 0 1 1]
 [0 0 1 1 0]
 [1 0 1 0 0]
 [1 0 1 1 0]
 [0 0 0 1 1]
 [1 1 0 1 1]
 [1 0 1 0 0]
 [1 0 1 0 0]
 [0 0 1 0 1]
 [0 0 1 1 1]
 [1 0 0 1 1]
 [1 0 0 1 1]
 [1 0 0 0 0]
 [0 0 1 0 1]
 [1 1 0 1 0]
 [0 1 1 1 0]
 [1 0 1 0 0]
 [0 0 0 0 1]
 [1 1 0 1 0]
 [0 0 1 0 1]
 [0 1 0 0 0]
 [1 1 1 1 0]
 [1 0 0 0 1]
 [0 1 0 1 1]
 [0 1 0 1 1]
 [1 1 1 1 1]
 [0 1 1 0 1]
 [1 0 0 0 1]
 [1 1 0 0 1]
 [0 1 0 1 1]
 [1 0 1 1 0]
 [1 1 1 0 0]
 [0 0 1 1 0]
 [0 1 0 1 1]
 [0 0 1 1 0]
 [0 1 1 0 0]
 [0 0 0 0 0]
 [1 0 0 0 0]
 [0 1 0 1 0]
 [0 1 1 1 0]
 [0 0 0 1 1]
 [1 0 0 1 1]
 [0 1 1 1 0]
 [0 0 1 1 0]
 [0 1 0 0 1]
 [0 0 0 0 0]]
{'restarts': 1, 'conflicts': 12, 'decisions': 19, 'propagations': 645}
Q is identifiable
branch at 6
runtime for solving id of Q is 0.004432233050465584
Simulation results:
{'J': 50, 'K': 5, 'N': 10, 'p': 0.5, 'seed': 63, 'sim': 3, 'runtime': 0.004432233050465584, 'identifiable': 1, 'branch': 6}
4
Q: [[1 1 0 1 1]
 [1 0 1 0 1]
 [1 1 0 1 1]
 [1 0 0 1 0]
 [1 1 1 0 0]
 [1 0 1 0 0]
 [0 0 1 1 1]
 [0 1 1 0 0]
 [0 1 0 1 1]
 [1 0 1 1 0]
 [1 0 0 1 0]
 [1 0 1 1 0]
 [0 0 1 0 0]
 [1 1 0 0 1]
 [1 1 1 0 1]
 [0 1 1 1 1]
 [1 0 0 1 0]
 [1 1 1 0 1]
 [0 1 1 1 0]
 [0 0 0 1 1]
 [1 1 0 0 0]
 [1 0 1 0 0]
 [0 0 0 1 1]
 [0 0 0 0 1]
 [1 0 1 0 0]
 [1 0 0 1 1]
 [1 1 1 1 1]
 [1 0 1 0 1]
 [0 1 1 0 1]
 [0 1 0 0 1]
 [1 1 1 0 1]
 [0 0 0 0 1]
 [0 1 1 0 0]
 [0 1 0 1 0]
 [0 1 0 1 1]
 [0 1 1 0 1]
 [1 1 1 0 0]
 [0 1 0 1 1]
 [0 1 0 0 0]
 [1 1 1 0 0]
 [1 0 1 1 0]
 [0 0 0 1 0]
 [1 0 1 1 0]
 [1 1 1 0 0]
 [1 1 0 1 1]
 [0 1 1 1 0]
 [1 0 0 1 0]
 [0 1 1 0 0]
 [0 1 1 1 0]
 [0 1 0 1 1]]
{'restarts': 1, 'conflicts': 8, 'decisions': 19, 'propagations': 440}
Q is identifiable
branch at 6
runtime for solving id of Q is 0.0032891621813178062
Simulation results:
{'J': 50, 'K': 5, 'N': 10, 'p': 0.5, 'seed': 63, 'sim': 4, 'runtime': 0.0032891621813178062, 'identifiable': 1, 'branch': 6}
5
Q: [[1 1 0 1 0]
 [1 0 1 0 0]
 [1 1 1 1 1]
 [0 0 1 1 1]
 [1 1 1 1 1]
 [0 1 0 0 0]
 [0 0 0 1 0]
 [0 0 0 0 1]
 [0 1 1 0 0]
 [0 0 0 1 1]
 [0 0 0 1 1]
 [0 0 1 0 1]
 [1 0 0 0 1]
 [1 0 0 1 1]
 [1 0 1 1 0]
 [0 0 0 0 0]
 [1 0 0 1 1]
 [1 0 0 1 0]
 [1 1 0 1 1]
 [0 0 1 0 0]
 [1 0 1 0 0]
 [0 0 0 0 0]
 [1 1 1 1 0]
 [1 0 0 1 0]
 [0 0 1 1 1]
 [1 1 1 1 0]
 [1 0 0 0 1]
 [1 0 0 1 1]
 [0 1 1 1 0]
 [1 0 1 1 1]
 [1 0 0 0 1]
 [1 1 1 0 0]
 [0 0 1 1 0]
 [0 0 1 1 0]
 [0 0 1 1 1]
 [1 1 1 0 1]
 [0 0 1 0 0]
 [0 1 1 1 1]
 [1 0 0 0 0]
 [1 0 1 0 0]
 [1 0 1 0 0]
 [1 0 1 1 0]
 [0 0 0 1 1]
 [0 1 1 1 1]
 [0 1 1 0 1]
 [1 0 0 1 0]
 [0 1 1 0 1]
 [1 0 1 0 0]
 [1 1 1 1 0]
 [0 0 0 1 1]]
Q is identifiable (direct_check).
Q is identifiable
branch at 4
runtime for solving id of Q is 0.0004674019291996956
Simulation results:
{'J': 50, 'K': 5, 'N': 10, 'p': 0.5, 'seed': 63, 'sim': 5, 'runtime': 0.0004674019291996956, 'identifiable': 1, 'branch': 4}
6
Q: [[1 1 1 0 1]
 [0 1 1 1 1]
 [0 0 0 1 1]
 [1 0 0 0 1]
 [1 1 1 1 1]
 [1 1 1 0 0]
 [1 0 0 0 0]
 [1 1 1 1 1]
 [1 0 0 1 0]
 [1 0 0 0 1]
 [1 1 0 0 0]
 [1 1 0 0 0]
 [0 1 0 0 0]
 [0 0 1 1 1]
 [0 1 0 1 1]
 [1 1 1 0 0]
 [1 1 0 0 0]
 [0 0 1 1 1]
 [1 1 0 1 0]
 [0 1 0 1 0]
 [1 0 0 1 1]
 [0 1 1 0 1]
 [1 0 0 0 1]
 [1 1 1 0 1]
 [0 0 0 0 0]
 [1 0 0 0 1]
 [1 0 1 0 1]
 [1 0 0 1 0]
 [0 0 0 0 1]
 [0 0 1 0 1]
 [0 1 1 0 0]
 [0 0 0 0 0]
 [0 0 1 0 1]
 [1 1 1 0 0]
 [1 0 1 1 1]
 [1 0 0 0 1]
 [0 1 1 0 0]
 [1 1 0 1 0]
 [0 1 0 1 0]
 [1 1 0 0 1]
 [1 1 0 0 0]
 [0 1 1 0 0]
 [1 1 0 1 0]
 [0 1 1 0 0]
 [0 0 1 0 1]
 [1 1 0 0 1]
 [0 0 1 0 0]
 [1 0 1 1 0]
 [1 1 1 0 0]
 [0 1 1 0 0]]
{'restarts': 1, 'conflicts': 12, 'decisions': 25, 'propagations': 501}
Q is identifiable
branch at 6
runtime for solving id of Q is 0.0032790256664156914
Simulation results:
{'J': 50, 'K': 5, 'N': 10, 'p': 0.5, 'seed': 63, 'sim': 6, 'runtime': 0.0032790256664156914, 'identifiable': 1, 'branch': 6}
7
Q: [[0 1 0 1 1]
 [0 1 1 0 1]
 [1 0 1 0 1]
 [1 1 1 1 0]
 [1 0 0 1 1]
 [1 1 1 1 1]
 [1 0 1 1 1]
 [1 0 1 0 1]
 [1 1 0 1 0]
 [0 1 0 0 0]
 [0 1 1 0 0]
 [0 1 0 1 0]
 [1 1 0 1 1]
 [0 0 1 1 0]
 [0 1 1 0 0]
 [1 1 1 1 0]
 [0 1 0 0 1]
 [0 1 1 1 1]
 [1 0 0 0 1]
 [0 0 0 0 1]
 [1 1 0 1 0]
 [0 0 1 1 0]
 [1 1 1 1 1]
 [1 1 1 0 1]
 [0 1 0 1 1]
 [0 1 1 0 0]
 [1 1 0 1 0]
 [0 1 1 1 0]
 [1 0 0 0 0]
 [1 1 0 1 1]
 [1 0 1 0 1]
 [0 0 1 0 1]
 [1 0 0 0 1]
 [0 0 0 0 1]
 [1 0 1 0 1]
 [0 0 0 1 0]
 [1 1 1 0 1]
 [1 0 1 1 0]
 [1 1 1 1 0]
 [0 0 0 0 0]
 [0 1 1 0 1]
 [0 0 1 1 1]
 [0 1 0 0 1]
 [0 1 1 1 0]
 [1 0 1 0 1]
 [1 0 1 1 1]
 [1 1 0 0 0]
 [0 1 0 1 0]
 [0 1 0 1 1]
 [1 1 1 0 0]]
{'restarts': 1, 'conflicts': 7, 'decisions': 14, 'propagations': 478}
Q is identifiable
branch at 6
runtime for solving id of Q is 0.00325176864862442
Simulation results:
{'J': 50, 'K': 5, 'N': 10, 'p': 0.5, 'seed': 63, 'sim': 7, 'runtime': 0.00325176864862442, 'identifiable': 1, 'branch': 6}
8
Q: [[0 0 1 1 0]
 [0 1 0 0 0]
 [1 1 0 0 0]
 [0 1 0 0 0]
 [0 0 0 0 0]
 [1 1 1 0 0]
 [0 1 1 1 0]
 [0 1 0 0 1]
 [1 0 1 0 0]
 [1 1 0 1 0]
 [1 1 0 1 1]
 [1 1 1 0 0]
 [1 0 1 1 0]
 [1 1 0 0 1]
 [0 0 0 0 1]
 [1 1 0 1 0]
 [0 1 0 1 0]
 [0 0 1 1 0]
 [0 0 1 0 1]
 [0 0 1 1 0]
 [0 1 1 0 1]
 [0 1 0 0 1]
 [1 0 1 1 0]
 [1 0 1 1 1]
 [1 1 1 1 1]
 [0 0 0 1 0]
 [0 0 1 0 1]
 [1 0 0 0 1]
 [0 1 1 1 0]
 [0 0 1 1 1]
 [1 1 0 1 1]
 [1 0 1 1 1]
 [1 1 1 0 0]
 [1 1 0 0 0]
 [0 1 1 1 1]
 [1 1 1 1 1]
 [0 0 0 1 0]
 [0 0 1 0 1]
 [0 1 0 0 0]
 [0 0 0 0 0]
 [0 1 1 0 1]
 [0 0 1 1 1]
 [1 0 0 0 0]
 [1 1 1 1 0]
 [0 0 1 0 0]
 [1 0 0 1 1]
 [0 1 1 1 0]
 [1 0 1 1 0]
 [0 0 1 0 1]
 [1 0 0 0 1]]
Q is identifiable (direct_check).
Q is identifiable
branch at 4
runtime for solving id of Q is 0.0004729554057121277
Simulation results:
{'J': 50, 'K': 5, 'N': 10, 'p': 0.5, 'seed': 63, 'sim': 8, 'runtime': 0.0004729554057121277, 'identifiable': 1, 'branch': 4}
9
Q: [[0 0 1 0 1]
 [0 0 1 1 0]
 [0 0 0 0 1]
 [1 0 1 1 0]
 [0 1 0 0 0]
 [1 1 0 0 1]
 [0 1 1 0 0]
 [1 0 0 1 1]
 [1 0 1 1 0]
 [1 1 0 1 1]
 [1 1 1 1 1]
 [1 1 0 1 0]
 [1 0 1 1 1]
 [1 0 1 0 0]
 [0 1 0 0 0]
 [1 0 0 1 0]
 [1 0 1 1 0]
 [0 0 0 1 0]
 [0 0 1 1 0]
 [0 0 0 1 0]
 [0 0 0 0 1]
 [0 1 1 0 0]
 [1 1 1 0 0]
 [0 1 0 1 0]
 [1 1 1 1 1]
 [0 0 1 1 0]
 [0 1 1 0 0]
 [0 1 1 0 0]
 [1 1 1 1 0]
 [1 1 1 0 1]
 [1 1 1 1 0]
 [1 1 1 0 1]
 [1 1 1 1 1]
 [0 0 0 1 0]
 [0 1 1 1 1]
 [1 1 1 0 0]
 [1 1 1 0 0]
 [1 1 1 1 0]
 [1 0 0 0 0]
 [0 1 1 0 0]
 [0 0 0 1 1]
 [1 0 1 0 0]
 [1 0 0 1 1]
 [0 1 0 1 1]
 [0 0 0 0 0]
 [1 0 0 1 1]
 [0 0 1 1 1]
 [1 1 0 1 0]
 [1 1 0 0 1]
 [1 0 1 0 0]]
{'restarts': 1, 'conflicts': 7, 'decisions': 20, 'propagations': 510}
Q is identifiable
branch at 6
runtime for solving id of Q is 0.003909683786332607
Simulation results:
{'J': 50, 'K': 5, 'N': 10, 'p': 0.5, 'seed': 63, 'sim': 9, 'runtime': 0.003909683786332607, 'identifiable': 1, 'branch': 6}
Simulation results:
[{'J': 50, 'K': 5, 'N': 10, 'p': 0.5, 'seed': 63, 'sim': 0, 'runtime': 0.004430576227605343, 'identifiable': 1, 'branch': 6}, {'J': 50, 'K': 5, 'N': 10, 'p': 0.5, 'seed': 63, 'sim': 1, 'runtime': 0.004922701045870781, 'identifiable': 1, 'branch': 6}, {'J': 50, 'K': 5, 'N': 10, 'p': 0.5, 'seed': 63, 'sim': 2, 'runtime': 0.0034302249550819397, 'identifiable': 1, 'branch': 6}, {'J': 50, 'K': 5, 'N': 10, 'p': 0.5, 'seed': 63, 'sim': 3, 'runtime': 0.004432233050465584, 'identifiable': 1, 'branch': 6}, {'J': 50, 'K': 5, 'N': 10, 'p': 0.5, 'seed': 63, 'sim': 4, 'runtime': 0.0032891621813178062, 'identifiable': 1, 'branch': 6}, {'J': 50, 'K': 5, 'N': 10, 'p': 0.5, 'seed': 63, 'sim': 5, 'runtime': 0.0004674019291996956, 'identifiable': 1, 'branch': 4}, {'J': 50, 'K': 5, 'N': 10, 'p': 0.5, 'seed': 63, 'sim': 6, 'runtime': 0.0032790256664156914, 'identifiable': 1, 'branch': 6}, {'J': 50, 'K': 5, 'N': 10, 'p': 0.5, 'seed': 63, 'sim': 7, 'runtime': 0.00325176864862442, 'identifiable': 1, 'branch': 6}, {'J': 50, 'K': 5, 'N': 10, 'p': 0.5, 'seed': 63, 'sim': 8, 'runtime': 0.0004729554057121277, 'identifiable': 1, 'branch': 4}, {'J': 50, 'K': 5, 'N': 10, 'p': 0.5, 'seed': 63, 'sim': 9, 'runtime': 0.003909683786332607, 'identifiable': 1, 'branch': 6}]
