
The Gurobi software has a limited number of licenses. To request a license or
licenses, add this line

    #SBATCH --licenses=gurobi@slurmdb:1

to your SBATCH script, replacing N with the number of licenses you need. Gurobi
will need one license per process.


0
Q: [[1 1 1 1 1]
 [1 1 1 1 1]
 [1 1 1 1 1]
 [1 1 0 1 1]
 [1 1 1 1 0]
 [1 1 1 1 1]
 [1 1 1 1 1]
 [1 1 1 1 1]
 [1 1 1 1 1]
 [1 1 1 1 1]
 [1 1 1 1 1]
 [1 1 1 1 1]
 [1 1 1 1 1]
 [1 1 1 1 1]
 [1 1 1 1 1]
 [1 1 1 1 1]
 [1 1 1 1 1]
 [1 1 1 0 1]
 [1 1 1 1 0]
 [1 1 1 1 1]
 [1 1 1 1 1]
 [1 1 1 1 1]
 [0 1 1 1 0]
 [1 1 1 1 1]
 [1 1 1 1 1]
 [1 1 1 1 1]
 [1 1 1 0 1]
 [1 1 1 1 1]
 [1 1 1 1 1]
 [1 1 1 1 1]
 [1 1 1 1 1]
 [1 1 1 1 1]
 [1 1 1 1 1]
 [1 1 1 1 1]
 [0 1 1 1 0]
 [1 1 0 1 1]
 [0 1 1 0 1]
 [0 1 0 1 1]
 [1 1 1 1 1]
 [1 0 1 1 1]
 [1 1 1 1 1]
 [1 1 1 1 1]
 [1 1 1 1 1]
 [1 1 1 1 1]
 [1 1 1 1 1]
 [1 1 1 1 1]
 [1 1 1 1 1]
 [1 0 1 1 1]
 [1 1 1 1 1]
 [1 0 0 0 1]
 [1 1 0 1 1]
 [1 0 1 0 1]
 [1 1 1 1 1]
 [1 1 1 1 0]
 [1 0 1 1 1]
 [1 1 1 1 1]
 [1 1 1 1 1]
 [1 1 1 1 1]
 [1 1 1 1 1]
 [1 1 1 1 1]
 [1 1 1 1 1]
 [1 1 1 1 1]
 [1 1 0 1 1]
 [1 1 1 1 1]
 [1 1 1 1 1]
 [1 1 1 1 1]
 [1 1 1 1 0]
 [0 1 1 0 0]
 [1 1 1 1 1]
 [1 1 1 1 1]
 [1 1 1 1 1]
 [1 1 1 0 0]
 [1 0 1 1 1]
 [1 1 0 1 1]
 [1 1 1 0 0]
 [1 1 1 1 1]
 [1 1 1 1 1]
 [1 1 0 1 1]
 [1 0 1 1 0]
 [1 1 1 1 1]
 [1 0 1 1 1]
 [1 1 1 1 1]
 [0 0 1 1 1]
 [1 1 1 1 1]
 [1 1 0 1 1]
 [1 1 1 1 1]
 [1 1 1 1 1]
 [1 1 0 1 1]
 [1 1 0 1 1]
 [1 1 1 1 1]
 [1 1 1 1 1]
 [1 1 1 1 0]
 [0 1 1 1 1]
 [1 1 1 1 1]
 [1 1 0 1 1]
 [1 1 1 1 1]
 [1 1 1 1 1]
 [0 1 0 1 1]
 [1 1 1 1 1]
 [0 1 1 1 1]]
{'restarts': 1, 'conflicts': 40, 'decisions': 74, 'propagations': 2100}
Q is identifiable
branch at 6
runtime for solving id of Q is 0.0044024051167070866
Simulation results:
{'J': 100, 'K': 5, 'N': 10, 'p': 0.9, 'seed': 21, 'sim': 0, 'runtime': 0.0044024051167070866, 'identifiable': 1, 'branch': 6}
1
Q: [[0 1 1 1 1]
 [1 1 1 1 1]
 [0 1 0 1 1]
 [1 1 1 1 1]
 [1 0 1 1 1]
 [0 1 1 1 1]
 [1 1 1 1 1]
 [1 1 1 1 1]
 [1 0 1 1 1]
 [1 0 1 1 1]
 [1 1 1 0 1]
 [1 1 1 0 1]
 [1 1 0 1 1]
 [0 1 1 0 1]
 [1 0 0 1 1]
 [1 1 1 1 1]
 [0 1 1 1 1]
 [1 1 1 1 1]
 [1 1 0 1 1]
 [1 1 1 1 1]
 [1 1 1 1 1]
 [0 1 1 1 1]
 [1 1 1 1 1]
 [1 1 0 1 1]
 [1 1 1 1 1]
 [0 1 1 1 1]
 [1 1 1 1 1]
 [1 1 1 1 1]
 [1 1 1 0 1]
 [1 1 1 1 0]
 [1 1 1 1 1]
 [1 1 0 1 1]
 [1 1 1 1 1]
 [1 1 1 1 1]
 [0 1 0 0 1]
 [1 1 1 1 1]
 [1 1 1 1 1]
 [1 1 1 1 1]
 [1 1 1 1 1]
 [1 0 1 1 0]
 [1 1 1 1 1]
 [1 0 1 1 1]
 [0 1 1 1 1]
 [1 1 1 1 1]
 [0 1 1 1 1]
 [1 1 1 1 1]
 [1 1 1 1 0]
 [1 1 1 1 1]
 [1 1 1 1 1]
 [0 1 1 1 1]
 [1 1 1 1 1]
 [1 1 1 0 1]
 [1 1 1 1 1]
 [1 1 0 1 0]
 [1 1 1 1 1]
 [1 1 1 1 1]
 [1 1 1 1 1]
 [1 1 1 1 1]
 [1 1 1 1 1]
 [1 1 1 0 1]
 [1 1 1 1 1]
 [1 1 1 1 1]
 [1 1 0 1 1]
 [1 1 1 1 1]
 [1 1 1 1 1]
 [1 1 1 1 1]
 [0 1 1 1 1]
 [1 0 0 1 1]
 [1 1 1 1 1]
 [1 1 1 1 1]
 [0 1 1 1 1]
 [1 0 1 1 1]
 [1 0 1 1 1]
 [1 1 1 1 1]
 [1 1 1 1 1]
 [1 1 1 1 1]
 [1 0 1 1 1]
 [1 1 1 1 1]
 [1 1 1 1 1]
 [1 1 1 0 0]
 [1 1 1 1 1]
 [0 1 1 1 1]
 [1 1 1 1 1]
 [1 0 1 1 1]
 [1 1 1 1 1]
 [0 1 1 1 1]
 [1 1 1 1 1]
 [1 1 1 1 1]
 [1 1 1 1 1]
 [1 1 1 1 1]
 [0 1 1 1 1]
 [1 1 1 1 1]
 [0 1 1 1 1]
 [1 1 1 1 1]
 [1 0 1 1 1]
 [1 1 1 1 1]
 [1 1 1 1 1]
 [1 1 1 1 0]
 [1 1 1 1 1]
 [1 1 1 1 1]]
{'restarts': 1, 'conflicts': 8, 'decisions': 47, 'propagations': 405}
Q is not identifiable, and Q_bar is [[0 1 0 1 1]
 [0 1 1 1 1]
 [0 1 0 0 1]
 [0 1 1 1 1]
 [0 1 1 1 0]
 [0 1 0 1 1]
 [0 1 1 1 1]
 [0 1 1 1 1]
 [0 1 1 1 0]
 [0 1 1 1 0]
 [1 0 0 1 1]
 [1 0 0 1 1]
 [0 1 1 0 1]
 [0 0 0 1 1]
 [0 1 1 0 0]
 [0 1 1 1 1]
 [0 1 0 1 1]
 [0 1 1 1 1]
 [0 1 1 0 1]
 [0 1 1 1 1]
 [0 1 1 1 1]
 [0 1 0 1 1]
 [0 1 1 1 1]
 [0 1 1 0 1]
 [0 1 1 1 1]
 [0 1 0 1 1]
 [0 1 1 1 1]
 [0 1 1 1 1]
 [1 0 0 1 1]
 [1 0 1 1 0]
 [0 1 1 1 1]
 [0 1 1 0 1]
 [0 1 1 1 1]
 [0 1 1 1 1]
 [0 0 0 0 1]
 [0 1 1 1 1]
 [0 1 1 1 1]
 [0 1 1 1 1]
 [0 1 1 1 1]
 [0 0 1 1 0]
 [0 1 1 1 1]
 [0 1 1 1 0]
 [0 1 0 1 1]
 [0 1 1 1 1]
 [0 1 0 1 1]
 [0 1 1 1 1]
 [1 0 1 1 0]
 [0 1 1 1 1]
 [0 1 1 1 1]
 [0 1 0 1 1]
 [0 1 1 1 1]
 [1 0 0 1 1]
 [0 1 1 1 1]
 [1 0 1 0 0]
 [0 1 1 1 1]
 [0 1 1 1 1]
 [0 1 1 1 1]
 [0 1 1 1 1]
 [0 1 1 1 1]
 [1 0 0 1 1]
 [0 1 1 1 1]
 [0 1 1 1 1]
 [0 1 1 0 1]
 [0 1 1 1 1]
 [0 1 1 1 1]
 [0 1 1 1 1]
 [0 1 0 1 1]
 [0 1 1 0 0]
 [0 1 1 1 1]
 [0 1 1 1 1]
 [0 1 0 1 1]
 [0 1 1 1 0]
 [0 1 1 1 0]
 [0 1 1 1 1]
 [0 1 1 1 1]
 [0 1 1 1 1]
 [0 1 1 1 0]
 [0 1 1 1 1]
 [0 1 1 1 1]
 [1 0 0 1 0]
 [0 1 1 1 1]
 [0 1 0 1 1]
 [0 1 1 1 1]
 [0 1 1 1 0]
 [0 1 1 1 1]
 [0 1 0 1 1]
 [0 1 1 1 1]
 [0 1 1 1 1]
 [0 1 1 1 1]
 [0 1 1 1 1]
 [0 1 0 1 1]
 [0 1 1 1 1]
 [0 1 0 1 1]
 [0 1 1 1 1]
 [0 1 1 1 0]
 [0 1 1 1 1]
 [0 1 1 1 1]
 [1 0 1 1 0]
 [0 1 1 1 1]
 [0 1 1 1 1]]
branch at 5
runtime for solving id of Q is 0.004101862199604511
Simulation results:
{'J': 100, 'K': 5, 'N': 10, 'p': 0.9, 'seed': 21, 'sim': 1, 'runtime': 0.004101862199604511, 'identifiable': 0, 'branch': 5}
2
Q: [[1 1 1 1 1]
 [1 1 1 1 1]
 [1 1 1 1 1]
 [1 1 1 1 1]
 [0 1 0 1 1]
 [1 1 1 1 1]
 [1 1 1 1 0]
 [1 1 1 1 1]
 [1 1 0 1 1]
 [1 1 1 1 1]
 [1 1 0 1 1]
 [1 1 1 1 1]
 [1 1 0 1 1]
 [1 1 1 1 1]
 [1 1 1 1 1]
 [1 1 1 1 1]
 [1 0 0 1 1]
 [1 1 1 0 1]
 [1 1 1 1 1]
 [1 1 1 1 1]
 [1 1 1 1 1]
 [1 1 0 1 1]
 [1 1 1 1 1]
 [1 1 1 0 1]
 [1 1 1 1 1]
 [1 1 1 1 1]
 [0 1 1 1 1]
 [1 1 1 1 1]
 [0 1 1 1 1]
 [1 1 1 1 1]
 [1 1 1 1 1]
 [1 1 0 1 1]
 [1 1 1 1 1]
 [1 1 1 1 1]
 [1 0 1 1 1]
 [1 1 1 1 1]
 [1 1 1 1 1]
 [1 1 1 1 1]
 [1 0 1 1 1]
 [1 1 1 1 1]
 [0 1 1 1 1]
 [1 1 1 1 1]
 [1 0 1 1 1]
 [0 1 1 1 1]
 [1 1 1 0 0]
 [0 1 1 1 1]
 [1 1 0 1 1]
 [1 1 1 1 1]
 [1 1 1 1 1]
 [1 1 1 1 1]
 [1 1 1 1 1]
 [1 1 0 1 1]
 [1 1 1 1 1]
 [1 0 1 1 1]
 [1 1 0 1 1]
 [0 1 1 1 1]
 [1 1 1 1 1]
 [1 1 1 0 1]
 [1 1 1 0 1]
 [1 1 1 1 1]
 [1 1 1 1 1]
 [1 1 1 1 1]
 [1 0 1 0 1]
 [1 1 1 1 1]
 [1 1 1 1 1]
 [1 1 1 1 1]
 [1 1 1 1 1]
 [1 0 1 1 1]
 [1 1 1 1 1]
 [1 1 1 1 1]
 [1 1 1 1 1]
 [1 1 1 1 1]
 [1 1 1 0 1]
 [1 1 1 1 1]
 [1 1 1 1 1]
 [1 1 1 1 1]
 [1 1 1 1 1]
 [1 1 1 1 1]
 [1 1 1 1 1]
 [1 1 1 1 1]
 [1 1 1 1 1]
 [1 1 1 0 1]
 [1 0 1 1 1]
 [1 1 0 1 1]
 [1 1 1 1 1]
 [1 1 1 1 1]
 [1 1 1 1 1]
 [1 1 1 1 1]
 [1 1 1 1 1]
 [0 1 0 1 1]
 [1 1 1 1 1]
 [1 1 1 1 1]
 [1 1 1 1 1]
 [1 1 1 0 1]
 [1 1 1 1 1]
 [1 1 1 0 1]
 [1 1 1 1 1]
 [1 1 1 1 1]
 [1 1 1 1 1]
 [0 1 1 1 1]]
Q is not identifiable (three-column submatrix not identifiable).
Q is not identifiable, and Q_bar is [[1 1 1 1 1]
 [1 1 1 1 1]
 [1 1 1 1 1]
 [1 1 1 1 1]
 [1 0 0 1 0]
 [1 1 1 1 1]
 [1 1 1 1 0]
 [1 1 1 1 1]
 [1 0 0 1 1]
 [1 1 1 1 1]
 [1 0 0 1 1]
 [1 1 1 1 1]
 [1 0 0 1 1]
 [1 1 1 1 1]
 [1 1 1 1 1]
 [1 1 1 1 1]
 [1 0 0 1 1]
 [1 1 1 0 1]
 [1 1 1 1 1]
 [1 1 1 1 1]
 [1 1 1 1 1]
 [1 0 0 1 1]
 [1 1 1 1 1]
 [1 1 1 0 1]
 [1 1 1 1 1]
 [1 1 1 1 1]
 [0 1 1 1 1]
 [1 1 1 1 1]
 [0 1 1 1 1]
 [1 1 1 1 1]
 [1 1 1 1 1]
 [1 0 0 1 1]
 [1 1 1 1 1]
 [1 1 1 1 1]
 [1 0 1 1 1]
 [1 1 1 1 1]
 [1 1 1 1 1]
 [1 1 1 1 1]
 [1 0 1 1 1]
 [1 1 1 1 1]
 [0 1 1 1 1]
 [1 1 1 1 1]
 [1 0 1 1 1]
 [0 1 1 1 1]
 [1 1 1 0 0]
 [0 1 1 1 1]
 [1 0 0 1 1]
 [1 1 1 1 1]
 [1 1 1 1 1]
 [1 1 1 1 1]
 [1 1 1 1 1]
 [1 0 0 1 1]
 [1 1 1 1 1]
 [1 0 1 1 1]
 [1 0 0 1 1]
 [0 1 1 1 1]
 [1 1 1 1 1]
 [1 1 1 0 1]
 [1 1 1 0 1]
 [1 1 1 1 1]
 [1 1 1 1 1]
 [1 1 1 1 1]
 [1 0 1 0 1]
 [1 1 1 1 1]
 [1 1 1 1 1]
 [1 1 1 1 1]
 [1 1 1 1 1]
 [1 0 1 1 1]
 [1 1 1 1 1]
 [1 1 1 1 1]
 [1 1 1 1 1]
 [1 1 1 1 1]
 [1 1 1 0 1]
 [1 1 1 1 1]
 [1 1 1 1 1]
 [1 1 1 1 1]
 [1 1 1 1 1]
 [1 1 1 1 1]
 [1 1 1 1 1]
 [1 1 1 1 1]
 [1 1 1 1 1]
 [1 1 1 0 1]
 [1 0 1 1 1]
 [1 0 0 1 1]
 [1 1 1 1 1]
 [1 1 1 1 1]
 [1 1 1 1 1]
 [1 1 1 1 1]
 [1 1 1 1 1]
 [1 0 0 1 0]
 [1 1 1 1 1]
 [1 1 1 1 1]
 [1 1 1 1 1]
 [1 1 1 0 1]
 [1 1 1 1 1]
 [1 1 1 0 1]
 [1 1 1 1 1]
 [1 1 1 1 1]
 [1 1 1 1 1]
 [0 1 1 1 1]]
branch at 3
runtime for solving id of Q is 0.0013958429917693138
Simulation results:
{'J': 100, 'K': 5, 'N': 10, 'p': 0.9, 'seed': 21, 'sim': 2, 'runtime': 0.0013958429917693138, 'identifiable': 0, 'branch': 3}
3
Q: [[0 0 1 1 1]
 [0 1 1 0 1]
 [1 1 1 1 1]
 [1 1 1 1 1]
 [1 0 0 1 1]
 [0 1 1 0 1]
 [1 1 1 1 1]
 [1 1 0 1 1]
 [1 1 1 1 1]
 [1 1 1 1 1]
 [0 1 1 1 1]
 [1 1 1 1 1]
 [1 1 1 1 1]
 [0 1 1 0 1]
 [1 1 1 1 1]
 [1 1 1 1 1]
 [1 1 1 1 1]
 [1 1 1 0 1]
 [1 1 1 0 1]
 [1 1 1 1 1]
 [1 1 1 1 1]
 [1 1 1 1 1]
 [1 1 1 1 1]
 [1 1 1 1 1]
 [0 1 1 1 1]
 [1 1 1 1 1]
 [1 1 1 1 1]
 [1 1 1 1 1]
 [1 1 0 1 1]
 [1 0 1 1 0]
 [1 1 0 1 1]
 [1 1 1 1 1]
 [1 1 1 1 0]
 [1 1 1 1 1]
 [1 1 1 1 1]
 [1 1 1 1 1]
 [1 1 1 0 1]
 [1 1 1 1 1]
 [1 1 1 1 1]
 [1 0 1 1 1]
 [1 1 0 1 1]
 [1 1 1 1 1]
 [1 1 1 1 1]
 [1 1 1 1 1]
 [1 1 1 0 1]
 [1 1 1 1 1]
 [1 1 0 1 1]
 [1 1 1 1 1]
 [1 1 1 1 1]
 [1 1 1 1 1]
 [1 1 1 1 1]
 [1 1 1 1 1]
 [1 1 1 0 1]
 [1 1 1 1 0]
 [1 1 1 1 1]
 [1 1 1 1 1]
 [0 1 1 1 1]
 [1 1 1 1 1]
 [1 1 1 1 1]
 [1 1 1 1 1]
 [1 0 1 1 1]
 [0 1 0 1 1]
 [1 1 1 1 1]
 [1 1 1 1 0]
 [0 1 1 0 1]
 [1 1 1 1 1]
 [1 1 1 0 1]
 [1 1 1 1 1]
 [1 1 1 1 1]
 [1 1 1 1 1]
 [1 1 1 1 1]
 [1 1 1 1 1]
 [1 1 1 1 1]
 [1 1 1 1 1]
 [1 1 1 1 1]
 [1 1 1 1 1]
 [1 1 1 1 1]
 [1 1 1 1 1]
 [1 1 1 1 1]
 [1 1 1 1 1]
 [0 1 0 1 1]
 [1 1 1 1 1]
 [1 1 1 1 1]
 [1 1 1 1 1]
 [1 1 1 1 1]
 [1 1 1 0 1]
 [1 1 1 0 1]
 [0 1 1 1 1]
 [1 1 1 1 0]
 [1 1 1 1 1]
 [1 1 1 1 1]
 [1 1 1 1 1]
 [1 1 1 1 1]
 [1 1 1 1 1]
 [1 1 1 1 1]
 [1 1 1 1 1]
 [0 1 1 1 1]
 [1 1 1 1 1]
 [0 1 1 1 1]
 [1 1 1 1 0]]
Q is not identifiable (three-column submatrix not identifiable).
Q is not identifiable, and Q_bar is [[0 0 1 0 0]
 [0 1 1 0 1]
 [1 1 1 1 1]
 [1 1 1 1 1]
 [1 0 0 1 1]
 [0 1 1 0 1]
 [1 1 1 1 1]
 [1 1 0 1 1]
 [1 1 1 1 1]
 [1 1 1 1 1]
 [0 1 1 1 1]
 [1 1 1 1 1]
 [1 1 1 1 1]
 [0 1 1 0 1]
 [1 1 1 1 1]
 [1 1 1 1 1]
 [1 1 1 1 1]
 [1 1 1 0 1]
 [1 1 1 0 1]
 [1 1 1 1 1]
 [1 1 1 1 1]
 [1 1 1 1 1]
 [1 1 1 1 1]
 [1 1 1 1 1]
 [0 1 1 1 1]
 [1 1 1 1 1]
 [1 1 1 1 1]
 [1 1 1 1 1]
 [1 1 0 1 1]
 [1 0 1 1 0]
 [1 1 0 1 1]
 [1 1 1 1 1]
 [1 1 1 1 0]
 [1 1 1 1 1]
 [1 1 1 1 1]
 [1 1 1 1 1]
 [1 1 1 0 1]
 [1 1 1 1 1]
 [1 1 1 1 1]
 [1 0 1 1 1]
 [1 1 0 1 1]
 [1 1 1 1 1]
 [1 1 1 1 1]
 [1 1 1 1 1]
 [1 1 1 0 1]
 [1 1 1 1 1]
 [1 1 0 1 1]
 [1 1 1 1 1]
 [1 1 1 1 1]
 [1 1 1 1 1]
 [1 1 1 1 1]
 [1 1 1 1 1]
 [1 1 1 0 1]
 [1 1 1 1 0]
 [1 1 1 1 1]
 [1 1 1 1 1]
 [0 1 1 1 1]
 [1 1 1 1 1]
 [1 1 1 1 1]
 [1 1 1 1 1]
 [1 0 1 1 1]
 [0 1 0 1 1]
 [1 1 1 1 1]
 [1 1 1 1 0]
 [0 1 1 0 1]
 [1 1 1 1 1]
 [1 1 1 0 1]
 [1 1 1 1 1]
 [1 1 1 1 1]
 [1 1 1 1 1]
 [1 1 1 1 1]
 [1 1 1 1 1]
 [1 1 1 1 1]
 [1 1 1 1 1]
 [1 1 1 1 1]
 [1 1 1 1 1]
 [1 1 1 1 1]
 [1 1 1 1 1]
 [1 1 1 1 1]
 [1 1 1 1 1]
 [0 1 0 1 1]
 [1 1 1 1 1]
 [1 1 1 1 1]
 [1 1 1 1 1]
 [1 1 1 1 1]
 [1 1 1 0 1]
 [1 1 1 0 1]
 [0 1 1 1 1]
 [1 1 1 1 0]
 [1 1 1 1 1]
 [1 1 1 1 1]
 [1 1 1 1 1]
 [1 1 1 1 1]
 [1 1 1 1 1]
 [1 1 1 1 1]
 [1 1 1 1 1]
 [0 1 1 1 1]
 [1 1 1 1 1]
 [0 1 1 1 1]
 [1 1 1 1 0]]
branch at 3
runtime for solving id of Q is 0.001537275966256857
Simulation results:
{'J': 100, 'K': 5, 'N': 10, 'p': 0.9, 'seed': 21, 'sim': 3, 'runtime': 0.001537275966256857, 'identifiable': 0, 'branch': 3}
4
Q: [[1 1 0 1 1]
 [1 1 0 1 1]
 [1 1 1 1 1]
 [1 1 1 1 1]
 [1 1 1 1 1]
 [1 1 1 1 1]
 [1 1 1 1 1]
 [1 1 1 0 1]
 [1 1 1 0 1]
 [1 1 1 1 1]
 [1 1 1 1 1]
 [1 1 0 1 1]
 [1 1 0 1 1]
 [0 0 1 1 1]
 [1 0 1 1 1]
 [1 1 1 1 1]
 [1 1 1 1 1]
 [1 1 1 1 1]
 [0 1 1 1 1]
 [1 1 1 1 1]
 [1 1 1 1 1]
 [1 0 1 1 0]
 [1 0 1 1 0]
 [1 0 1 1 1]
 [0 1 1 1 1]
 [1 1 1 1 0]
 [1 1 1 1 1]
 [0 1 1 1 1]
 [0 1 1 1 1]
 [1 1 1 1 0]
 [1 1 1 1 1]
 [1 1 1 1 0]
 [1 1 1 1 1]
 [1 1 1 1 1]
 [1 1 1 1 1]
 [1 1 1 1 1]
 [1 1 0 1 1]
 [1 1 1 1 1]
 [1 1 1 1 1]
 [1 1 1 1 1]
 [1 1 1 0 1]
 [1 1 1 1 1]
 [1 0 0 1 1]
 [1 1 1 1 1]
 [0 1 1 1 1]
 [1 1 1 1 1]
 [1 0 0 1 0]
 [1 1 1 1 1]
 [1 1 1 1 1]
 [1 1 1 1 1]
 [1 1 1 1 1]
 [1 1 1 1 1]
 [1 1 1 1 0]
 [1 1 0 1 0]
 [1 1 1 1 1]
 [1 1 1 0 1]
 [1 1 1 0 1]
 [1 1 1 1 1]
 [1 1 1 1 1]
 [1 1 1 1 1]
 [1 1 1 1 1]
 [1 1 1 1 1]
 [1 0 1 1 1]
 [1 1 1 1 0]
 [1 1 1 1 1]
 [1 1 1 1 1]
 [0 1 1 1 1]
 [1 1 1 1 1]
 [1 1 1 1 1]
 [1 1 1 1 1]
 [1 1 1 1 1]
 [1 1 1 1 1]
 [1 0 1 1 1]
 [1 1 1 1 1]
 [1 1 1 1 1]
 [1 1 1 1 1]
 [1 1 1 1 0]
 [1 0 1 1 1]
 [1 1 1 1 1]
 [0 1 1 1 1]
 [1 1 1 1 1]
 [0 1 1 1 1]
 [1 1 1 1 1]
 [1 1 1 1 1]
 [1 1 1 1 1]
 [1 1 1 1 1]
 [1 1 1 1 1]
 [1 1 1 1 1]
 [1 1 0 1 0]
 [1 1 1 1 1]
 [1 1 1 1 1]
 [1 1 1 1 1]
 [1 1 1 1 1]
 [1 1 1 1 1]
 [1 1 1 1 1]
 [1 1 1 1 1]
 [1 1 1 0 1]
 [1 1 1 1 1]
 [0 1 1 1 1]
 [1 1 1 1 1]]
Q is not identifiable (three-column submatrix not identifiable).
Q is not identifiable, and Q_bar is [[1 1 0 1 1]
 [1 1 0 1 1]
 [1 1 1 1 1]
 [1 1 1 1 1]
 [1 1 1 1 1]
 [1 1 1 1 1]
 [1 1 1 1 1]
 [1 1 1 0 1]
 [1 1 1 0 1]
 [1 1 1 1 1]
 [1 1 1 1 1]
 [1 1 0 1 1]
 [1 1 0 1 1]
 [1 0 0 0 1]
 [1 0 0 1 1]
 [1 1 1 1 1]
 [1 1 1 1 1]
 [1 1 1 1 1]
 [0 1 1 1 1]
 [1 1 1 1 1]
 [1 1 1 1 1]
 [1 0 1 1 0]
 [1 0 1 1 0]
 [1 0 0 1 1]
 [0 1 1 1 1]
 [1 1 1 1 0]
 [1 1 1 1 1]
 [0 1 1 1 1]
 [0 1 1 1 1]
 [1 1 1 1 0]
 [1 1 1 1 1]
 [1 1 1 1 0]
 [1 1 1 1 1]
 [1 1 1 1 1]
 [1 1 1 1 1]
 [1 1 1 1 1]
 [1 1 0 1 1]
 [1 1 1 1 1]
 [1 1 1 1 1]
 [1 1 1 1 1]
 [1 1 1 0 1]
 [1 1 1 1 1]
 [1 0 0 1 1]
 [1 1 1 1 1]
 [0 1 1 1 1]
 [1 1 1 1 1]
 [1 0 0 1 0]
 [1 1 1 1 1]
 [1 1 1 1 1]
 [1 1 1 1 1]
 [1 1 1 1 1]
 [1 1 1 1 1]
 [1 1 1 1 0]
 [1 1 0 1 0]
 [1 1 1 1 1]
 [1 1 1 0 1]
 [1 1 1 0 1]
 [1 1 1 1 1]
 [1 1 1 1 1]
 [1 1 1 1 1]
 [1 1 1 1 1]
 [1 1 1 1 1]
 [1 0 0 1 1]
 [1 1 1 1 0]
 [1 1 1 1 1]
 [1 1 1 1 1]
 [0 1 1 1 1]
 [1 1 1 1 1]
 [1 1 1 1 1]
 [1 1 1 1 1]
 [1 1 1 1 1]
 [1 1 1 1 1]
 [1 0 0 1 1]
 [1 1 1 1 1]
 [1 1 1 1 1]
 [1 1 1 1 1]
 [1 1 1 1 0]
 [1 0 0 1 1]
 [1 1 1 1 1]
 [0 1 1 1 1]
 [1 1 1 1 1]
 [0 1 1 1 1]
 [1 1 1 1 1]
 [1 1 1 1 1]
 [1 1 1 1 1]
 [1 1 1 1 1]
 [1 1 1 1 1]
 [1 1 1 1 1]
 [1 1 0 1 0]
 [1 1 1 1 1]
 [1 1 1 1 1]
 [1 1 1 1 1]
 [1 1 1 1 1]
 [1 1 1 1 1]
 [1 1 1 1 1]
 [1 1 1 1 1]
 [1 1 1 0 1]
 [1 1 1 1 1]
 [0 1 1 1 1]
 [1 1 1 1 1]]
branch at 3
runtime for solving id of Q is 0.0014114012010395527
Simulation results:
{'J': 100, 'K': 5, 'N': 10, 'p': 0.9, 'seed': 21, 'sim': 4, 'runtime': 0.0014114012010395527, 'identifiable': 0, 'branch': 3}
5
Q: [[1 1 1 1 1]
 [1 1 1 1 1]
 [0 1 1 1 1]
 [1 1 1 1 1]
 [1 1 1 1 1]
 [1 1 1 1 1]
 [1 1 1 1 1]
 [1 1 1 1 1]
 [0 1 1 1 1]
 [1 1 1 1 1]
 [1 1 1 1 1]
 [1 1 0 1 1]
 [1 1 1 1 1]
 [1 1 1 1 1]
 [1 0 1 0 1]
 [1 0 1 1 1]
 [0 1 1 1 1]
 [1 1 1 1 1]
 [1 0 1 1 1]
 [1 1 1 1 1]
 [1 1 0 1 1]
 [1 1 0 1 1]
 [1 1 1 1 1]
 [1 1 1 1 1]
 [1 1 1 1 1]
 [1 1 1 1 1]
 [1 0 1 1 1]
 [1 1 1 1 1]
 [1 1 0 1 1]
 [1 1 1 1 1]
 [1 1 1 1 1]
 [1 1 1 1 1]
 [1 1 1 1 1]
 [1 1 1 0 1]
 [1 1 1 1 1]
 [1 1 0 1 1]
 [1 1 1 1 1]
 [1 1 1 1 1]
 [1 1 0 1 1]
 [1 1 1 1 1]
 [0 1 1 1 0]
 [0 1 1 1 1]
 [1 1 1 1 1]
 [1 1 1 1 1]
 [1 1 1 1 1]
 [1 1 1 1 0]
 [1 0 1 1 1]
 [1 0 1 1 1]
 [1 1 1 1 1]
 [1 1 1 1 1]
 [1 1 0 1 1]
 [1 1 1 1 1]
 [0 1 1 1 1]
 [1 0 1 1 1]
 [1 1 1 1 1]
 [1 1 1 1 1]
 [1 1 1 1 0]
 [1 1 0 0 0]
 [1 1 1 1 1]
 [1 1 1 1 1]
 [1 1 1 1 1]
 [1 1 1 0 1]
 [1 1 1 1 1]
 [0 0 1 1 1]
 [0 1 1 1 0]
 [1 0 0 1 1]
 [1 1 1 1 1]
 [1 1 1 0 1]
 [1 1 1 1 1]
 [1 1 1 1 1]
 [1 1 1 1 1]
 [0 1 1 1 1]
 [1 1 1 1 1]
 [1 1 1 1 0]
 [1 1 1 1 1]
 [1 1 1 1 1]
 [1 1 0 1 1]
 [1 1 1 1 1]
 [1 1 1 1 1]
 [1 1 1 1 1]
 [1 1 1 0 1]
 [1 1 1 1 1]
 [1 1 1 1 1]
 [1 1 1 0 1]
 [1 1 1 1 1]
 [1 1 1 1 1]
 [1 1 1 0 0]
 [1 0 1 1 1]
 [1 1 1 1 1]
 [1 1 1 1 1]
 [1 1 1 1 1]
 [1 1 1 1 1]
 [1 1 1 1 1]
 [1 1 1 1 1]
 [1 1 1 1 1]
 [1 1 0 1 1]
 [1 0 1 1 1]
 [1 1 1 1 1]
 [0 1 1 1 1]
 [1 1 1 1 1]]
{'restarts': 1, 'conflicts': 24, 'decisions': 59, 'propagations': 803}
Q is not identifiable, and Q_bar is [[0 1 1 1 1]
 [0 1 1 1 1]
 [0 0 1 1 1]
 [0 1 1 1 1]
 [0 1 1 1 1]
 [0 1 1 1 1]
 [0 1 1 1 1]
 [0 1 1 1 1]
 [0 0 1 1 1]
 [0 1 1 1 1]
 [0 1 1 1 1]
 [1 1 1 0 0]
 [0 1 1 1 1]
 [0 1 1 1 1]
 [0 1 0 1 0]
 [0 1 1 1 0]
 [0 0 1 1 1]
 [0 1 1 1 1]
 [0 1 1 1 0]
 [0 1 1 1 1]
 [1 1 1 0 0]
 [1 1 1 0 0]
 [0 1 1 1 1]
 [0 1 1 1 1]
 [0 1 1 1 1]
 [0 1 1 1 1]
 [0 1 1 1 0]
 [0 1 1 1 1]
 [1 1 1 0 0]
 [0 1 1 1 1]
 [0 1 1 1 1]
 [0 1 1 1 1]
 [0 1 1 1 1]
 [1 1 0 1 0]
 [0 1 1 1 1]
 [1 1 1 0 0]
 [0 1 1 1 1]
 [0 1 1 1 1]
 [1 1 1 0 0]
 [0 1 1 1 1]
 [0 0 0 1 1]
 [0 0 1 1 1]
 [0 1 1 1 1]
 [0 1 1 1 1]
 [0 1 1 1 1]
 [1 0 0 1 1]
 [0 1 1 1 0]
 [0 1 1 1 0]
 [0 1 1 1 1]
 [0 1 1 1 1]
 [1 1 1 0 0]
 [0 1 1 1 1]
 [0 0 1 1 1]
 [0 1 1 1 0]
 [0 1 1 1 1]
 [0 1 1 1 1]
 [1 0 0 1 1]
 [1 0 0 0 0]
 [0 1 1 1 1]
 [0 1 1 1 1]
 [0 1 1 1 1]
 [1 1 0 1 0]
 [0 1 1 1 1]
 [0 0 1 1 0]
 [0 0 0 1 1]
 [0 1 1 0 0]
 [0 1 1 1 1]
 [1 1 0 1 0]
 [0 1 1 1 1]
 [0 1 1 1 1]
 [0 1 1 1 1]
 [0 0 1 1 1]
 [0 1 1 1 1]
 [1 0 0 1 1]
 [0 1 1 1 1]
 [0 1 1 1 1]
 [1 1 1 0 0]
 [0 1 1 1 1]
 [0 1 1 1 1]
 [0 1 1 1 1]
 [1 1 0 1 0]
 [0 1 1 1 1]
 [0 1 1 1 1]
 [1 1 0 1 0]
 [0 1 1 1 1]
 [0 1 1 1 1]
 [1 0 0 1 0]
 [0 1 1 1 0]
 [0 1 1 1 1]
 [0 1 1 1 1]
 [0 1 1 1 1]
 [0 1 1 1 1]
 [0 1 1 1 1]
 [0 1 1 1 1]
 [0 1 1 1 1]
 [1 1 1 0 0]
 [0 1 1 1 0]
 [0 1 1 1 1]
 [0 0 1 1 1]
 [0 1 1 1 1]]
branch at 5
runtime for solving id of Q is 0.0034199408255517483
Simulation results:
{'J': 100, 'K': 5, 'N': 10, 'p': 0.9, 'seed': 21, 'sim': 5, 'runtime': 0.0034199408255517483, 'identifiable': 0, 'branch': 5}
6
Q: [[1 1 1 0 1]
 [1 1 1 1 1]
 [1 1 1 1 1]
 [1 1 1 1 1]
 [1 1 1 1 1]
 [1 1 1 1 1]
 [0 0 1 1 1]
 [0 1 1 1 1]
 [1 0 0 1 1]
 [1 1 1 1 0]
 [1 1 1 1 0]
 [1 1 1 1 1]
 [1 1 1 1 1]
 [1 1 0 1 0]
 [1 1 1 1 1]
 [1 1 1 1 1]
 [1 1 1 1 1]
 [1 1 1 1 0]
 [1 1 1 0 1]
 [1 1 1 1 1]
 [1 1 1 1 1]
 [1 1 1 1 1]
 [1 1 0 1 1]
 [1 1 1 1 1]
 [1 1 1 1 0]
 [1 1 1 1 1]
 [1 1 1 1 1]
 [1 1 1 1 0]
 [1 1 1 1 1]
 [1 1 1 1 1]
 [1 1 1 1 1]
 [1 1 1 1 1]
 [1 1 1 1 1]
 [1 1 1 1 1]
 [1 1 1 1 0]
 [1 1 1 1 1]
 [1 1 1 1 1]
 [1 1 1 1 1]
 [1 1 1 1 1]
 [0 1 1 1 1]
 [1 1 1 1 1]
 [1 1 1 1 0]
 [1 1 0 1 1]
 [1 1 0 1 1]
 [1 1 1 1 1]
 [0 1 0 1 1]
 [1 1 1 1 1]
 [1 1 0 1 1]
 [1 0 1 1 1]
 [1 1 1 1 1]
 [1 1 1 1 1]
 [1 1 1 1 1]
 [1 1 1 1 1]
 [1 1 0 1 1]
 [1 1 1 1 0]
 [1 1 1 1 1]
 [1 1 1 1 1]
 [1 1 1 1 1]
 [1 1 1 1 1]
 [1 1 1 1 1]
 [1 0 1 1 0]
 [0 1 1 1 1]
 [1 1 1 0 1]
 [1 1 1 1 1]
 [1 1 1 1 1]
 [1 0 1 1 1]
 [1 1 1 1 0]
 [1 1 1 1 1]
 [1 1 1 1 0]
 [1 1 1 1 1]
 [1 1 1 1 1]
 [1 1 1 1 1]
 [1 1 1 1 1]
 [1 1 1 1 1]
 [1 1 1 0 1]
 [0 1 1 1 1]
 [0 0 0 1 1]
 [1 1 1 1 1]
 [1 1 1 1 1]
 [1 1 1 1 1]
 [1 1 1 1 0]
 [0 1 1 1 0]
 [1 0 1 1 1]
 [1 1 1 1 1]
 [0 1 1 1 1]
 [1 1 1 0 0]
 [1 1 1 1 1]
 [1 1 1 1 1]
 [0 0 1 1 1]
 [1 1 1 1 1]
 [1 1 1 1 0]
 [0 1 0 1 1]
 [1 1 1 1 1]
 [1 1 1 1 1]
 [1 1 1 1 1]
 [1 1 1 1 1]
 [1 1 1 1 1]
 [1 1 1 1 1]
 [1 1 1 1 1]
 [1 0 1 1 1]]
{'restarts': 1, 'conflicts': 24, 'decisions': 50, 'propagations': 1303}
Q is identifiable
branch at 6
runtime for solving id of Q is 0.0036233877763152122
Simulation results:
{'J': 100, 'K': 5, 'N': 10, 'p': 0.9, 'seed': 21, 'sim': 6, 'runtime': 0.0036233877763152122, 'identifiable': 1, 'branch': 6}
7
Q: [[1 1 1 0 1]
 [1 1 1 1 1]
 [0 1 1 1 1]
 [1 1 1 1 1]
 [1 1 0 0 1]
 [1 1 1 1 1]
 [1 1 1 1 1]
 [0 1 1 1 1]
 [1 1 1 1 1]
 [0 1 1 1 1]
 [1 1 1 0 1]
 [1 1 1 1 1]
 [0 1 1 0 1]
 [1 1 1 1 1]
 [1 1 1 1 1]
 [1 1 1 1 1]
 [1 1 1 1 1]
 [1 1 1 0 1]
 [1 1 0 1 1]
 [1 1 1 1 1]
 [1 1 1 1 1]
 [1 1 1 1 0]
 [1 1 1 1 1]
 [1 1 1 1 0]
 [1 1 1 1 1]
 [1 1 1 1 1]
 [1 0 0 1 1]
 [1 1 0 1 1]
 [1 1 1 1 1]
 [1 0 1 1 1]
 [1 1 1 1 1]
 [1 1 1 0 1]
 [1 1 1 1 1]
 [1 1 1 1 1]
 [1 1 1 1 1]
 [1 1 1 1 1]
 [1 1 1 0 1]
 [1 1 1 1 1]
 [1 1 0 1 1]
 [1 1 1 1 0]
 [1 1 1 1 1]
 [1 1 1 1 0]
 [0 1 1 1 0]
 [1 1 1 0 1]
 [1 1 1 1 1]
 [1 1 1 1 1]
 [1 1 1 1 1]
 [1 1 1 1 1]
 [1 0 1 1 1]
 [1 0 1 1 1]
 [1 1 1 1 1]
 [1 1 1 1 1]
 [1 1 1 1 1]
 [1 1 1 1 1]
 [1 1 1 1 1]
 [1 1 1 1 1]
 [1 1 1 1 1]
 [1 1 1 1 1]
 [1 0 1 1 1]
 [1 1 1 0 1]
 [0 1 1 1 1]
 [1 1 1 1 1]
 [1 1 1 1 1]
 [1 1 0 0 1]
 [0 1 1 1 1]
 [0 1 1 1 1]
 [1 1 1 1 1]
 [1 1 1 1 1]
 [1 1 1 0 1]
 [1 0 1 1 1]
 [1 1 1 1 0]
 [1 1 0 1 1]
 [1 1 1 1 1]
 [1 1 1 1 1]
 [1 1 1 0 1]
 [1 1 1 1 1]
 [1 1 1 1 0]
 [1 1 0 1 1]
 [1 1 1 1 1]
 [1 1 0 1 1]
 [1 1 1 1 0]
 [1 1 1 0 1]
 [1 1 1 1 1]
 [1 1 1 1 0]
 [1 0 1 1 1]
 [1 1 1 1 1]
 [1 1 1 1 1]
 [0 1 1 1 1]
 [1 1 0 1 1]
 [1 1 1 1 1]
 [1 1 0 0 1]
 [1 1 0 1 1]
 [1 1 1 1 1]
 [1 1 1 1 1]
 [1 1 1 0 0]
 [1 1 1 1 1]
 [1 1 1 1 0]
 [1 1 1 1 1]
 [1 1 1 1 1]
 [1 0 1 0 1]]
{'restarts': 1, 'conflicts': 17, 'decisions': 65, 'propagations': 597}
Q is not identifiable, and Q_bar is [[1 1 1 1 0]
 [0 1 1 1 1]
 [0 1 1 0 1]
 [0 1 1 1 1]
 [0 1 0 1 0]
 [0 1 1 1 1]
 [0 1 1 1 1]
 [0 1 1 0 1]
 [0 1 1 1 1]
 [0 1 1 0 1]
 [1 1 1 1 0]
 [0 1 1 1 1]
 [0 1 1 0 0]
 [0 1 1 1 1]
 [0 1 1 1 1]
 [0 1 1 1 1]
 [0 1 1 1 1]
 [1 1 1 1 0]
 [0 1 0 1 1]
 [0 1 1 1 1]
 [0 1 1 1 1]
 [1 0 1 0 1]
 [0 1 1 1 1]
 [1 0 1 0 1]
 [0 1 1 1 1]
 [0 1 1 1 1]
 [0 0 0 1 1]
 [0 1 0 1 1]
 [0 1 1 1 1]
 [1 0 0 1 1]
 [0 1 1 1 1]
 [1 1 1 1 0]
 [0 1 1 1 1]
 [0 1 1 1 1]
 [0 1 1 1 1]
 [0 1 1 1 1]
 [1 1 1 1 0]
 [0 1 1 1 1]
 [0 1 0 1 1]
 [1 0 1 0 1]
 [0 1 1 1 1]
 [1 0 1 0 1]
 [0 0 1 0 1]
 [1 1 1 1 0]
 [0 1 1 1 1]
 [0 1 1 1 1]
 [0 1 1 1 1]
 [0 1 1 1 1]
 [1 0 0 1 1]
 [1 0 0 1 1]
 [0 1 1 1 1]
 [0 1 1 1 1]
 [0 1 1 1 1]
 [0 1 1 1 1]
 [0 1 1 1 1]
 [0 1 1 1 1]
 [0 1 1 1 1]
 [0 1 1 1 1]
 [1 0 0 1 1]
 [1 1 1 1 0]
 [0 1 1 0 1]
 [0 1 1 1 1]
 [0 1 1 1 1]
 [0 1 0 1 0]
 [0 1 1 0 1]
 [0 1 1 0 1]
 [0 1 1 1 1]
 [0 1 1 1 1]
 [1 1 1 1 0]
 [1 0 0 1 1]
 [1 0 1 0 1]
 [0 1 0 1 1]
 [0 1 1 1 1]
 [0 1 1 1 1]
 [1 1 1 1 0]
 [0 1 1 1 1]
 [1 0 1 0 1]
 [0 1 0 1 1]
 [0 1 1 1 1]
 [0 1 0 1 1]
 [1 0 1 0 1]
 [1 1 1 1 0]
 [0 1 1 1 1]
 [1 0 1 0 1]
 [1 0 0 1 1]
 [0 1 1 1 1]
 [0 1 1 1 1]
 [0 1 1 0 1]
 [0 1 0 1 1]
 [0 1 1 1 1]
 [0 1 0 1 0]
 [0 1 0 1 1]
 [0 1 1 1 1]
 [0 1 1 1 1]
 [1 0 1 0 0]
 [0 1 1 1 1]
 [1 0 1 0 1]
 [0 1 1 1 1]
 [0 1 1 1 1]
 [1 0 0 1 0]]
branch at 5
runtime for solving id of Q is 0.003318140748888254
Simulation results:
{'J': 100, 'K': 5, 'N': 10, 'p': 0.9, 'seed': 21, 'sim': 7, 'runtime': 0.003318140748888254, 'identifiable': 0, 'branch': 5}
8
Q: [[1 1 1 1 1]
 [1 1 1 1 1]
 [1 1 1 1 1]
 [1 1 1 1 1]
 [1 0 1 1 1]
 [0 1 1 0 1]
 [1 1 1 1 1]
 [1 1 1 1 1]
 [1 1 1 1 1]
 [1 1 1 1 1]
 [1 1 1 1 1]
 [1 1 1 1 1]
 [1 1 1 1 1]
 [1 1 0 1 1]
 [1 1 1 1 1]
 [1 1 1 1 1]
 [1 1 1 1 1]
 [1 1 1 1 1]
 [1 1 1 1 1]
 [1 1 1 1 1]
 [1 1 1 1 1]
 [1 1 1 0 1]
 [0 1 1 1 1]
 [1 1 1 1 1]
 [1 1 0 1 1]
 [1 1 1 0 1]
 [1 1 1 0 1]
 [1 1 1 1 1]
 [1 1 1 1 1]
 [1 1 0 1 1]
 [1 1 1 1 1]
 [1 1 1 0 1]
 [1 1 1 1 1]
 [1 1 1 1 1]
 [1 1 1 1 1]
 [1 1 1 1 1]
 [1 1 1 1 1]
 [1 1 1 1 0]
 [1 1 1 1 1]
 [1 1 1 1 1]
 [1 1 1 1 1]
 [1 1 1 1 1]
 [1 1 1 1 1]
 [1 1 1 1 1]
 [0 1 1 1 1]
 [0 1 0 1 1]
 [1 1 1 1 1]
 [1 1 1 0 1]
 [1 1 1 1 1]
 [1 1 1 1 1]
 [1 1 1 1 1]
 [1 1 1 1 1]
 [1 1 1 1 1]
 [1 1 1 1 1]
 [1 1 1 1 1]
 [1 1 0 1 1]
 [1 1 1 1 0]
 [1 1 1 1 1]
 [1 0 1 1 1]
 [1 1 1 1 1]
 [1 1 1 1 1]
 [1 1 0 1 1]
 [1 1 1 0 1]
 [1 1 0 1 1]
 [0 1 1 1 1]
 [1 1 0 0 1]
 [0 1 1 1 1]
 [1 1 1 1 1]
 [1 1 1 1 1]
 [1 0 1 1 1]
 [1 1 1 1 1]
 [1 1 1 1 1]
 [0 1 1 1 1]
 [1 1 1 1 1]
 [1 1 1 1 1]
 [1 1 1 1 1]
 [0 1 1 1 1]
 [1 1 1 1 0]
 [1 1 1 0 0]
 [1 1 1 1 1]
 [1 1 1 1 1]
 [1 1 1 0 1]
 [1 1 1 1 1]
 [1 1 0 1 1]
 [1 1 1 1 1]
 [1 1 1 1 1]
 [1 1 1 1 1]
 [1 1 1 1 1]
 [1 0 1 1 1]
 [1 1 1 1 1]
 [0 1 1 1 1]
 [1 1 1 1 1]
 [1 1 1 1 1]
 [1 1 1 1 1]
 [1 1 1 1 1]
 [0 1 1 1 1]
 [1 1 1 1 1]
 [1 1 1 1 1]
 [1 1 1 1 1]
 [1 1 1 1 1]]
Q is not identifiable (three-column submatrix not identifiable).
Q is not identifiable, and Q_bar is [[1 0 1 1 1]
 [1 0 1 1 1]
 [1 0 1 1 1]
 [1 0 1 1 1]
 [1 0 1 1 1]
 [0 1 1 0 1]
 [1 0 1 1 1]
 [1 0 1 1 1]
 [1 0 1 1 1]
 [1 0 1 1 1]
 [1 0 1 1 1]
 [1 0 1 1 1]
 [1 0 1 1 1]
 [1 1 0 1 1]
 [1 0 1 1 1]
 [1 0 1 1 1]
 [1 0 1 1 1]
 [1 0 1 1 1]
 [1 0 1 1 1]
 [1 0 1 1 1]
 [1 0 1 1 1]
 [1 1 1 0 1]
 [1 1 1 1 1]
 [1 0 1 1 1]
 [1 1 0 1 1]
 [1 1 1 0 1]
 [1 1 1 0 1]
 [1 0 1 1 1]
 [1 0 1 1 1]
 [1 1 0 1 1]
 [1 0 1 1 1]
 [1 1 1 0 1]
 [1 0 1 1 1]
 [1 0 1 1 1]
 [1 0 1 1 1]
 [1 0 1 1 1]
 [1 0 1 1 1]
 [1 1 1 1 0]
 [1 0 1 1 1]
 [1 0 1 1 1]
 [1 0 1 1 1]
 [1 0 1 1 1]
 [1 0 1 1 1]
 [1 0 1 1 1]
 [1 1 1 1 1]
 [1 0 0 1 0]
 [1 0 1 1 1]
 [1 1 1 0 1]
 [1 0 1 1 1]
 [1 0 1 1 1]
 [1 0 1 1 1]
 [1 0 1 1 1]
 [1 0 1 1 1]
 [1 0 1 1 1]
 [1 0 1 1 1]
 [1 1 0 1 1]
 [1 1 1 1 0]
 [1 0 1 1 1]
 [1 0 1 1 1]
 [1 0 1 1 1]
 [1 0 1 1 1]
 [1 1 0 1 1]
 [1 1 1 0 1]
 [1 1 0 1 1]
 [1 1 1 1 1]
 [1 1 0 0 1]
 [1 1 1 1 1]
 [1 0 1 1 1]
 [1 0 1 1 1]
 [1 0 1 1 1]
 [1 0 1 1 1]
 [1 0 1 1 1]
 [1 1 1 1 1]
 [1 0 1 1 1]
 [1 0 1 1 1]
 [1 0 1 1 1]
 [1 1 1 1 1]
 [1 1 1 1 0]
 [1 1 1 0 0]
 [1 0 1 1 1]
 [1 0 1 1 1]
 [1 1 1 0 1]
 [1 0 1 1 1]
 [1 1 0 1 1]
 [1 0 1 1 1]
 [1 0 1 1 1]
 [1 0 1 1 1]
 [1 0 1 1 1]
 [1 0 1 1 1]
 [1 0 1 1 1]
 [1 1 1 1 1]
 [1 0 1 1 1]
 [1 0 1 1 1]
 [1 0 1 1 1]
 [1 0 1 1 1]
 [1 1 1 1 1]
 [1 0 1 1 1]
 [1 0 1 1 1]
 [1 0 1 1 1]
 [1 0 1 1 1]]
branch at 3
runtime for solving id of Q is 0.0014104773290455341
Simulation results:
{'J': 100, 'K': 5, 'N': 10, 'p': 0.9, 'seed': 21, 'sim': 8, 'runtime': 0.0014104773290455341, 'identifiable': 0, 'branch': 3}
9
Q: [[1 1 1 1 1]
 [1 1 1 1 1]
 [1 1 1 1 1]
 [0 1 1 1 1]
 [1 1 1 1 0]
 [1 0 1 1 1]
 [1 1 1 1 1]
 [1 1 1 1 1]
 [1 1 1 1 1]
 [1 1 1 1 1]
 [1 1 1 1 1]
 [0 1 1 1 1]
 [1 1 1 1 1]
 [1 1 1 1 0]
 [1 1 0 1 0]
 [1 1 1 1 0]
 [1 1 1 1 1]
 [1 1 1 1 1]
 [1 1 1 0 1]
 [1 1 1 1 1]
 [0 1 1 1 0]
 [1 0 1 1 1]
 [1 1 1 1 1]
 [1 0 1 1 1]
 [1 0 1 0 1]
 [1 1 1 1 1]
 [1 1 0 0 1]
 [0 1 1 1 1]
 [1 1 1 1 0]
 [1 1 1 1 0]
 [1 1 1 1 1]
 [1 0 1 1 1]
 [0 1 1 1 1]
 [1 1 0 1 0]
 [1 1 0 1 1]
 [1 1 1 1 1]
 [1 1 1 1 1]
 [0 1 1 1 1]
 [1 1 1 0 1]
 [1 1 1 1 1]
 [1 1 1 1 1]
 [1 1 1 1 1]
 [1 0 1 1 1]
 [1 1 1 1 1]
 [1 1 1 1 1]
 [1 1 1 1 1]
 [1 1 1 0 1]
 [0 1 1 1 1]
 [1 1 1 1 1]
 [1 1 1 1 1]
 [1 1 0 1 1]
 [1 1 1 1 1]
 [1 1 1 1 1]
 [1 1 1 1 1]
 [1 0 1 1 1]
 [1 1 1 1 1]
 [0 0 1 1 1]
 [1 1 1 1 1]
 [1 1 1 1 0]
 [1 1 1 1 1]
 [1 1 1 1 1]
 [0 1 1 1 1]
 [1 0 1 1 1]
 [1 1 1 0 1]
 [1 1 1 1 1]
 [1 1 0 1 0]
 [1 1 1 1 1]
 [1 1 1 1 1]
 [1 1 1 1 1]
 [1 1 1 1 1]
 [0 1 1 1 1]
 [1 1 1 0 1]
 [1 0 1 1 1]
 [1 1 1 1 1]
 [1 1 1 1 1]
 [1 1 1 0 1]
 [1 1 1 1 1]
 [1 1 1 1 1]
 [1 1 1 1 1]
 [1 1 1 1 1]
 [1 1 1 1 1]
 [1 1 0 1 1]
 [1 1 1 1 1]
 [0 1 1 1 1]
 [1 1 1 1 0]
 [1 1 1 1 1]
 [1 1 0 1 1]
 [1 1 1 1 1]
 [0 1 1 0 1]
 [1 1 0 1 1]
 [1 1 0 1 1]
 [0 1 0 1 1]
 [1 1 1 1 1]
 [1 1 1 1 0]
 [1 1 1 1 1]
 [1 1 1 1 1]
 [1 1 1 1 1]
 [1 1 1 1 1]
 [1 1 1 1 1]
 [1 1 1 1 1]]
{'restarts': 1, 'conflicts': 25, 'decisions': 67, 'propagations': 1053}
Q is not identifiable, and Q_bar is [[1 1 1 0 1]
 [1 1 1 0 1]
 [1 1 1 0 1]
 [0 1 1 1 1]
 [1 1 0 1 0]
 [1 0 0 1 1]
 [1 1 1 0 1]
 [1 1 1 0 1]
 [1 1 1 0 1]
 [1 1 1 0 1]
 [1 1 1 0 1]
 [0 1 1 1 1]
 [1 1 1 0 1]
 [1 1 0 1 0]
 [1 1 0 0 0]
 [1 1 0 1 0]
 [1 1 1 0 1]
 [1 1 1 0 1]
 [1 0 1 0 1]
 [1 1 1 0 1]
 [0 1 0 1 0]
 [1 0 0 1 1]
 [1 1 1 0 1]
 [1 0 0 1 1]
 [1 0 0 0 1]
 [1 1 1 0 1]
 [1 0 1 0 0]
 [0 1 1 1 1]
 [1 1 0 1 0]
 [1 1 0 1 0]
 [1 1 1 0 1]
 [1 0 0 1 1]
 [0 1 1 1 1]
 [1 1 0 0 0]
 [1 1 1 0 0]
 [1 1 1 0 1]
 [1 1 1 0 1]
 [0 1 1 1 1]
 [1 0 1 0 1]
 [1 1 1 0 1]
 [1 1 1 0 1]
 [1 1 1 0 1]
 [1 0 0 1 1]
 [1 1 1 0 1]
 [1 1 1 0 1]
 [1 1 1 0 1]
 [1 0 1 0 1]
 [0 1 1 1 1]
 [1 1 1 0 1]
 [1 1 1 0 1]
 [1 1 1 0 0]
 [1 1 1 0 1]
 [1 1 1 0 1]
 [1 1 1 0 1]
 [1 0 0 1 1]
 [1 1 1 0 1]
 [0 0 0 1 1]
 [1 1 1 0 1]
 [1 1 0 1 0]
 [1 1 1 0 1]
 [1 1 1 0 1]
 [0 1 1 1 1]
 [1 0 0 1 1]
 [1 0 1 0 1]
 [1 1 1 0 1]
 [1 1 0 0 0]
 [1 1 1 0 1]
 [1 1 1 0 1]
 [1 1 1 0 1]
 [1 1 1 0 1]
 [0 1 1 1 1]
 [1 0 1 0 1]
 [1 0 0 1 1]
 [1 1 1 0 1]
 [1 1 1 0 1]
 [1 0 1 0 1]
 [1 1 1 0 1]
 [1 1 1 0 1]
 [1 1 1 0 1]
 [1 1 1 0 1]
 [1 1 1 0 1]
 [1 1 1 0 0]
 [1 1 1 0 1]
 [0 1 1 1 1]
 [1 1 0 1 0]
 [1 1 1 0 1]
 [1 1 1 0 0]
 [1 1 1 0 1]
 [0 0 1 0 1]
 [1 1 1 0 0]
 [1 1 1 0 0]
 [0 1 1 0 0]
 [1 1 1 0 1]
 [1 1 0 1 0]
 [1 1 1 0 1]
 [1 1 1 0 1]
 [1 1 1 0 1]
 [1 1 1 0 1]
 [1 1 1 0 1]
 [1 1 1 0 1]]
branch at 5
runtime for solving id of Q is 0.0034634219482541084
Simulation results:
{'J': 100, 'K': 5, 'N': 10, 'p': 0.9, 'seed': 21, 'sim': 9, 'runtime': 0.0034634219482541084, 'identifiable': 0, 'branch': 5}
Simulation results:
[{'J': 100, 'K': 5, 'N': 10, 'p': 0.9, 'seed': 21, 'sim': 0, 'runtime': 0.0044024051167070866, 'identifiable': 1, 'branch': 6}, {'J': 100, 'K': 5, 'N': 10, 'p': 0.9, 'seed': 21, 'sim': 1, 'runtime': 0.004101862199604511, 'identifiable': 0, 'branch': 5}, {'J': 100, 'K': 5, 'N': 10, 'p': 0.9, 'seed': 21, 'sim': 2, 'runtime': 0.0013958429917693138, 'identifiable': 0, 'branch': 3}, {'J': 100, 'K': 5, 'N': 10, 'p': 0.9, 'seed': 21, 'sim': 3, 'runtime': 0.001537275966256857, 'identifiable': 0, 'branch': 3}, {'J': 100, 'K': 5, 'N': 10, 'p': 0.9, 'seed': 21, 'sim': 4, 'runtime': 0.0014114012010395527, 'identifiable': 0, 'branch': 3}, {'J': 100, 'K': 5, 'N': 10, 'p': 0.9, 'seed': 21, 'sim': 5, 'runtime': 0.0034199408255517483, 'identifiable': 0, 'branch': 5}, {'J': 100, 'K': 5, 'N': 10, 'p': 0.9, 'seed': 21, 'sim': 6, 'runtime': 0.0036233877763152122, 'identifiable': 1, 'branch': 6}, {'J': 100, 'K': 5, 'N': 10, 'p': 0.9, 'seed': 21, 'sim': 7, 'runtime': 0.003318140748888254, 'identifiable': 0, 'branch': 5}, {'J': 100, 'K': 5, 'N': 10, 'p': 0.9, 'seed': 21, 'sim': 8, 'runtime': 0.0014104773290455341, 'identifiable': 0, 'branch': 3}, {'J': 100, 'K': 5, 'N': 10, 'p': 0.9, 'seed': 21, 'sim': 9, 'runtime': 0.0034634219482541084, 'identifiable': 0, 'branch': 5}]
