
The Gurobi software has a limited number of licenses. To request a license or
licenses, add this line

    #SBATCH --licenses=gurobi@slurmdb:1

to your SBATCH script, replacing N with the number of licenses you need. Gurobi
will need one license per process.


0
Q: [[1 1 1 0 1 0 0 1 1 1]
 [1 1 1 0 1 0 0 0 1 0]
 [0 0 1 1 1 1 0 1 1 1]
 [1 1 0 0 1 1 1 0 1 1]
 [1 1 0 0 0 1 1 1 1 1]
 [0 0 0 1 1 0 0 1 1 1]
 [0 0 1 1 1 1 0 1 1 1]
 [1 0 1 1 1 1 1 1 1 0]
 [1 1 1 1 1 1 0 1 1 0]
 [1 0 1 1 1 1 1 1 0 1]
 [1 1 0 0 1 0 1 1 1 1]
 [1 1 1 1 0 0 1 0 1 1]
 [0 1 1 0 0 0 1 1 0 1]
 [0 0 0 1 1 1 1 1 0 1]
 [1 1 0 1 0 0 0 0 1 1]
 [1 1 0 0 0 1 1 0 1 0]
 [1 0 1 0 1 0 1 1 1 0]
 [0 1 1 1 1 1 0 1 1 0]
 [1 0 1 1 1 1 1 1 1 0]
 [1 1 0 1 1 1 0 1 1 1]
 [1 1 1 1 1 0 0 1 0 1]
 [0 1 0 1 1 0 1 1 1 1]
 [0 1 1 1 1 0 0 0 0 0]
 [1 1 0 1 1 1 1 1 1 1]
 [1 1 1 1 1 0 1 1 0 1]
 [1 1 0 1 1 1 1 0 1 1]
 [1 1 0 1 1 1 1 1 1 1]
 [0 1 1 1 0 1 1 0 1 0]
 [1 0 1 1 1 1 1 0 0 1]
 [1 1 0 1 0 1 0 0 1 0]
 [0 0 1 1 1 1 0 1 1 1]
 [1 1 1 0 0 1 0 1 1 1]
 [0 1 0 1 1 1 1 1 0 1]
 [1 1 1 1 1 1 1 1 1 1]
 [1 1 1 1 1 0 1 1 0 1]
 [1 1 1 1 0 1 0 0 1 0]
 [0 0 1 1 0 0 1 1 1 0]
 [0 1 1 1 1 0 1 0 1 1]
 [0 1 0 1 1 1 1 1 0 0]
 [0 1 1 1 1 0 1 1 1 1]
 [1 1 0 0 1 0 1 1 1 1]
 [1 1 1 1 1 1 0 1 1 1]
 [1 1 1 1 1 0 1 1 1 1]
 [0 0 0 1 1 1 0 0 0 0]
 [1 1 1 1 0 0 1 1 1 0]
 [1 0 1 0 0 0 1 1 1 1]
 [1 1 1 1 1 1 1 0 1 1]
 [0 1 0 1 1 0 1 1 0 1]
 [1 1 1 0 0 1 0 1 1 1]
 [1 1 0 1 1 0 1 1 1 1]
 [1 1 1 1 1 1 1 1 1 0]
 [0 1 1 0 1 0 1 1 1 1]
 [1 1 1 1 1 1 1 0 1 0]
 [0 0 1 0 1 0 1 1 0 0]
 [1 1 1 0 1 1 1 1 0 0]
 [1 0 1 1 0 1 0 1 1 1]
 [1 1 1 1 0 1 0 0 1 1]
 [0 0 1 1 1 0 1 1 1 0]
 [1 1 0 1 0 0 1 1 1 1]
 [0 1 0 1 1 1 0 1 1 1]
 [1 1 0 0 0 0 1 0 1 0]
 [1 0 1 0 1 0 0 1 1 1]
 [0 0 1 1 0 1 1 0 1 1]
 [0 0 1 1 1 1 1 1 1 1]
 [1 1 1 1 0 0 1 0 1 1]
 [1 1 1 1 1 1 0 1 0 1]
 [0 1 1 1 0 0 1 0 1 1]
 [1 1 1 1 1 1 1 1 1 0]
 [1 1 1 0 1 1 0 1 1 0]
 [1 0 0 1 1 1 0 1 0 0]
 [0 1 1 1 1 0 1 1 1 1]
 [1 0 1 1 0 0 0 1 0 0]
 [1 1 1 1 1 0 1 1 0 1]
 [1 1 0 0 1 1 0 1 0 1]
 [1 1 0 0 1 1 1 1 0 1]
 [1 1 1 0 1 1 1 1 0 1]
 [1 1 0 0 0 1 0 1 1 1]
 [1 1 1 0 1 0 0 1 1 0]
 [0 1 1 1 1 0 1 1 0 1]
 [1 1 1 1 1 1 1 1 1 1]
 [1 1 1 0 0 1 1 1 1 1]
 [0 1 1 1 1 1 1 1 1 1]
 [1 1 1 1 1 0 1 1 1 1]
 [1 1 0 1 1 1 1 1 0 0]
 [1 1 1 1 0 1 0 1 1 1]
 [0 1 1 0 0 1 1 0 1 1]
 [0 1 0 1 1 0 1 1 1 0]
 [1 1 1 1 1 1 1 1 1 1]
 [1 0 1 1 1 1 1 1 1 0]
 [0 1 1 1 1 0 1 1 1 1]
 [1 0 0 1 1 0 1 0 1 1]
 [0 1 1 0 1 1 0 0 1 0]
 [1 0 0 0 1 0 1 1 1 1]
 [1 0 0 1 1 0 1 1 1 1]
 [1 0 1 1 1 1 1 1 1 1]
 [0 1 1 1 1 1 1 1 1 0]
 [0 1 1 1 0 0 0 1 1 1]
 [1 1 0 1 1 1 1 1 1 1]
 [1 1 0 1 0 1 1 1 1 0]
 [1 1 1 0 1 1 0 1 0 0]]
{'restarts': 10, 'conflicts': 2644, 'decisions': 6061, 'propagations': 2589063}
Q is identifiable
branch at 6
runtime for solving id of Q is 0.5883866250514984
Simulation results:
{'J': 100, 'K': 10, 'N': 10, 'p': 0.7, 'seed': 872, 'sim': 0, 'runtime': 0.5883866250514984, 'identifiable': 1, 'branch': 6}
1
Q: [[1 1 1 0 1 1 0 1 1 1]
 [1 1 1 0 0 1 1 1 1 1]
 [1 1 1 0 1 1 1 0 1 1]
 [1 1 1 0 1 1 1 1 0 0]
 [1 1 1 0 1 1 1 1 0 1]
 [1 1 1 1 1 1 1 1 1 1]
 [0 1 1 1 1 1 1 0 1 1]
 [1 1 1 1 1 0 1 1 0 0]
 [1 0 1 1 0 1 0 0 1 0]
 [1 0 1 1 1 1 0 1 1 0]
 [1 0 0 0 1 1 1 1 1 1]
 [1 0 0 0 0 1 0 0 1 0]
 [1 1 1 1 1 1 1 1 0 1]
 [0 1 1 1 1 0 0 1 1 0]
 [1 0 0 0 1 0 1 1 1 1]
 [1 1 1 1 1 1 1 1 1 0]
 [1 1 1 1 0 1 1 1 1 1]
 [1 0 0 1 0 1 1 0 0 1]
 [1 1 1 0 1 0 1 1 0 0]
 [1 1 1 1 1 1 1 1 1 1]
 [0 1 1 1 1 0 0 1 0 1]
 [0 1 1 1 1 1 1 1 0 0]
 [1 0 1 0 1 1 0 0 1 1]
 [0 0 1 1 1 1 1 1 1 1]
 [1 0 1 1 0 0 1 0 1 1]
 [1 1 1 1 1 0 1 1 0 0]
 [1 1 1 1 0 1 0 1 1 0]
 [1 1 1 1 1 1 0 0 0 1]
 [1 1 0 1 1 1 0 1 1 0]
 [1 0 1 1 0 1 0 0 1 1]
 [0 0 1 1 1 1 1 1 1 0]
 [1 1 1 0 0 1 1 1 1 1]
 [1 0 0 1 0 1 1 1 1 1]
 [1 1 1 0 1 1 1 1 1 1]
 [1 1 0 1 1 1 1 0 0 1]
 [0 1 0 1 1 1 1 0 1 1]
 [0 1 0 1 1 1 0 1 1 1]
 [1 0 0 1 0 1 1 1 0 1]
 [1 1 1 1 0 0 1 1 1 1]
 [1 1 1 1 1 1 1 1 1 1]
 [0 1 1 0 1 0 1 1 1 1]
 [1 1 1 1 0 1 1 0 1 0]
 [1 1 0 1 1 1 1 0 1 0]
 [1 0 1 1 0 1 0 1 0 0]
 [1 0 1 1 1 1 0 1 1 1]
 [0 0 0 1 1 0 0 0 0 1]
 [1 1 1 1 1 1 1 1 1 1]
 [1 1 1 1 1 1 1 1 1 1]
 [1 1 1 1 1 1 1 1 0 0]
 [1 1 1 0 1 0 0 0 0 1]
 [1 1 1 1 0 1 0 1 1 1]
 [0 0 0 0 0 0 1 1 1 0]
 [0 1 0 1 0 1 0 0 1 0]
 [1 1 1 1 1 0 1 1 1 1]
 [0 1 1 1 0 0 1 0 1 1]
 [1 1 0 1 1 1 0 1 0 0]
 [0 1 0 1 1 1 1 1 0 0]
 [0 1 0 1 0 1 1 0 1 1]
 [1 0 1 1 0 1 1 1 1 0]
 [1 1 1 1 1 0 1 1 1 0]
 [1 1 0 1 1 1 1 1 1 1]
 [1 0 1 1 1 1 0 1 1 1]
 [1 1 0 1 1 0 1 1 0 1]
 [0 1 0 1 0 0 1 1 0 1]
 [1 1 1 1 1 0 0 0 1 0]
 [1 0 1 1 0 0 1 1 1 1]
 [1 1 0 1 1 1 0 1 1 1]
 [1 0 0 1 1 1 1 1 1 0]
 [1 1 1 1 1 1 1 1 0 1]
 [1 0 1 1 1 1 0 1 1 1]
 [1 1 1 1 1 1 0 1 0 1]
 [1 1 0 1 0 1 1 1 0 1]
 [0 0 1 1 0 0 1 1 1 0]
 [1 0 1 1 1 1 0 0 1 1]
 [0 0 1 1 1 0 1 0 1 1]
 [1 1 1 1 1 0 1 1 1 1]
 [0 1 0 1 1 1 1 0 1 1]
 [1 1 0 1 1 1 0 1 1 0]
 [1 1 1 1 0 1 0 0 0 1]
 [0 1 0 1 1 1 1 0 0 1]
 [0 1 1 0 1 0 1 0 1 0]
 [1 1 1 1 1 1 0 0 1 1]
 [1 1 0 1 0 0 1 1 0 1]
 [1 0 0 1 1 1 0 1 1 1]
 [1 0 0 1 1 1 0 0 1 1]
 [1 0 1 1 0 1 1 1 1 1]
 [1 1 1 1 1 1 1 1 1 0]
 [1 0 1 1 0 1 1 0 0 1]
 [1 1 1 1 0 1 1 1 1 1]
 [1 1 0 0 1 0 1 0 1 1]
 [1 0 1 0 1 0 1 1 1 1]
 [0 1 1 0 0 1 0 0 1 0]
 [1 1 1 1 0 1 1 1 1 1]
 [1 1 1 1 1 0 1 1 1 1]
 [1 1 1 1 0 1 1 1 1 0]
 [1 0 0 1 1 1 1 1 1 1]
 [0 0 1 0 0 1 1 1 1 1]
 [1 1 1 1 1 1 1 1 0 1]
 [1 0 0 0 0 1 1 0 1 1]
 [0 1 1 1 1 0 1 1 0 1]]
{'restarts': 7, 'conflicts': 2679, 'decisions': 5421, 'propagations': 2314661}
Q is identifiable
branch at 6
runtime for solving id of Q is 0.5755247448105365
Simulation results:
{'J': 100, 'K': 10, 'N': 10, 'p': 0.7, 'seed': 872, 'sim': 1, 'runtime': 0.5755247448105365, 'identifiable': 1, 'branch': 6}
2
Q: [[0 1 1 1 1 0 0 0 1 1]
 [1 0 0 0 0 0 0 1 1 1]
 [1 0 0 0 1 1 1 1 1 1]
 [0 1 1 1 1 1 1 1 1 1]
 [1 0 1 1 1 1 1 1 1 1]
 [0 0 0 1 1 1 1 1 0 0]
 [1 0 1 1 1 1 0 1 1 1]
 [1 0 1 1 1 0 1 1 1 1]
 [1 1 0 0 0 1 1 0 0 1]
 [1 1 0 1 0 0 1 0 0 0]
 [1 0 0 1 1 1 0 1 0 0]
 [0 0 1 1 1 1 0 0 1 1]
 [0 1 1 1 1 1 0 0 1 1]
 [1 1 1 1 0 1 1 1 1 1]
 [1 1 1 0 1 1 1 0 1 1]
 [1 0 1 1 0 1 1 1 1 0]
 [1 1 1 1 0 0 0 0 1 1]
 [1 1 1 1 1 1 1 0 1 1]
 [1 1 0 1 1 1 1 1 1 1]
 [0 1 1 1 1 1 1 0 1 0]
 [1 1 1 0 0 1 0 1 1 1]
 [1 1 1 1 0 1 0 1 1 0]
 [1 0 0 1 0 1 1 1 1 1]
 [1 1 0 1 1 1 1 1 1 1]
 [1 1 0 1 0 0 1 1 1 1]
 [0 1 0 1 1 0 0 1 1 1]
 [1 0 0 1 1 0 1 0 1 1]
 [1 1 1 1 1 1 1 0 1 1]
 [0 1 1 0 0 1 1 0 1 0]
 [0 1 1 1 1 1 1 0 1 1]
 [1 1 1 0 0 1 1 0 1 1]
 [1 1 1 1 1 1 1 1 0 1]
 [1 1 0 1 0 0 1 1 1 1]
 [1 1 1 1 1 1 1 1 0 1]
 [1 1 0 0 1 1 1 1 1 1]
 [1 1 0 1 0 1 1 1 0 1]
 [1 1 1 1 0 1 1 1 1 1]
 [0 1 0 1 1 1 1 1 1 0]
 [1 1 1 0 1 0 0 1 0 1]
 [1 1 1 1 1 1 0 1 1 1]
 [1 1 1 1 1 1 1 0 1 0]
 [0 1 0 0 0 0 1 1 1 0]
 [0 1 1 1 1 0 0 1 0 1]
 [0 1 0 1 1 1 1 1 0 1]
 [0 1 0 1 1 1 0 1 0 1]
 [1 1 1 1 1 1 1 1 0 1]
 [1 1 0 1 1 1 0 1 1 1]
 [1 1 1 0 1 0 1 1 1 1]
 [0 1 1 0 0 0 0 1 0 0]
 [1 1 1 0 0 1 1 1 1 1]
 [1 0 1 1 0 1 1 1 1 1]
 [1 0 0 0 1 1 1 0 1 1]
 [1 0 1 0 1 0 1 0 1 1]
 [1 1 1 1 0 0 0 0 0 0]
 [1 1 1 0 1 0 0 1 1 1]
 [1 1 0 1 1 1 1 1 1 0]
 [1 0 1 0 0 0 1 1 1 0]
 [1 1 1 0 0 1 1 0 1 0]
 [0 1 1 1 0 1 1 0 0 1]
 [1 1 1 1 1 1 1 1 0 1]
 [1 0 0 0 1 0 0 1 1 1]
 [1 1 0 0 0 1 1 1 0 1]
 [1 1 1 1 1 1 1 0 1 1]
 [0 0 1 1 1 1 1 1 1 1]
 [1 1 1 1 1 1 1 1 1 1]
 [0 0 0 1 1 1 1 1 1 1]
 [1 1 0 1 1 1 1 0 0 0]
 [1 1 1 0 0 1 1 0 0 0]
 [1 1 1 1 1 1 1 0 1 1]
 [1 1 1 1 0 0 1 1 1 1]
 [1 1 1 1 1 0 1 0 0 0]
 [1 1 1 1 1 1 1 1 1 1]
 [1 1 1 1 0 0 0 0 1 1]
 [1 1 1 1 1 0 1 1 1 0]
 [0 1 1 1 1 1 0 1 0 1]
 [1 1 1 1 0 1 1 1 0 1]
 [1 1 1 1 1 1 1 0 1 0]
 [1 0 1 1 1 0 1 1 0 0]
 [1 1 1 0 1 1 1 1 1 1]
 [0 1 1 1 0 1 1 1 1 1]
 [1 0 0 0 1 0 0 0 1 0]
 [0 1 1 1 0 1 1 0 1 1]
 [1 1 1 1 0 1 1 1 1 1]
 [0 1 1 1 1 1 0 0 0 0]
 [1 1 1 1 1 1 0 1 1 0]
 [1 1 0 1 0 0 1 1 0 1]
 [1 0 0 1 1 1 1 1 0 0]
 [0 0 1 1 1 1 1 0 1 1]
 [1 0 1 0 0 1 0 1 0 1]
 [1 1 1 1 0 0 1 1 1 1]
 [1 1 1 1 0 1 0 0 1 1]
 [1 1 1 0 0 1 1 1 0 0]
 [0 1 1 0 1 0 1 1 0 1]
 [1 0 1 0 1 1 0 1 0 1]
 [0 1 1 1 1 1 1 1 1 1]
 [1 1 1 0 0 0 0 1 1 1]
 [1 1 1 1 1 0 1 1 1 1]
 [1 1 1 1 0 1 1 0 0 0]
 [0 0 1 1 0 0 0 1 0 1]
 [1 1 1 0 0 1 1 1 1 0]]
{'restarts': 68, 'conflicts': 23193, 'decisions': 37153, 'propagations': 19324651}
Q is identifiable
branch at 6
runtime for solving id of Q is 3.2246137890033424
Simulation results:
{'J': 100, 'K': 10, 'N': 10, 'p': 0.7, 'seed': 872, 'sim': 2, 'runtime': 3.2246137890033424, 'identifiable': 1, 'branch': 6}
3
Q: [[0 0 1 0 0 0 1 1 0 1]
 [1 1 1 1 1 0 0 1 1 1]
 [1 1 1 1 1 0 1 1 1 1]
 [1 1 1 1 0 1 0 1 0 1]
 [1 0 1 1 0 1 1 1 1 1]
 [1 1 1 1 0 0 1 1 1 1]
 [1 1 1 1 1 1 1 1 0 1]
 [1 1 1 1 0 0 0 1 1 1]
 [1 1 1 1 1 0 1 1 1 1]
 [1 1 0 1 1 1 0 0 1 0]
 [1 1 0 1 1 1 1 0 1 1]
 [0 1 1 1 1 1 1 0 0 1]
 [1 1 1 1 1 1 0 1 1 1]
 [0 1 1 1 0 0 1 1 1 1]
 [1 1 1 1 0 1 1 1 0 0]
 [0 1 1 1 1 0 0 0 0 1]
 [1 1 0 1 1 1 1 0 1 1]
 [1 1 1 1 1 0 0 1 0 0]
 [1 1 1 1 0 1 1 1 1 1]
 [0 0 1 1 1 0 1 0 1 1]
 [0 1 0 1 1 0 1 0 1 1]
 [1 1 0 0 1 1 0 0 1 1]
 [1 1 1 0 0 1 0 1 1 1]
 [1 1 1 1 0 1 1 1 1 1]
 [1 1 1 1 1 0 1 0 1 1]
 [1 0 1 0 1 1 0 0 1 0]
 [1 0 1 0 1 1 1 1 0 1]
 [1 1 1 0 0 1 1 1 1 1]
 [1 0 0 1 1 0 1 0 0 0]
 [0 1 1 1 0 1 0 1 1 0]
 [1 0 1 1 1 1 1 1 1 0]
 [0 0 0 0 1 1 1 1 1 1]
 [1 1 0 0 1 1 1 1 1 1]
 [1 0 1 0 1 1 0 1 1 1]
 [1 1 1 1 1 0 1 1 1 1]
 [1 1 0 1 1 1 1 0 1 0]
 [1 0 1 0 1 1 1 1 1 1]
 [1 1 1 1 0 1 1 1 0 0]
 [0 0 1 1 0 1 1 1 0 0]
 [1 1 1 1 0 1 1 1 1 1]
 [1 0 1 0 1 1 1 1 1 0]
 [1 0 1 1 1 1 1 1 1 1]
 [1 0 0 1 0 1 0 1 0 1]
 [1 1 1 0 1 0 0 0 1 1]
 [0 0 0 1 1 0 0 0 0 0]
 [1 1 1 0 1 1 0 1 1 1]
 [1 1 1 1 1 1 1 1 0 1]
 [0 1 1 1 0 1 1 0 0 1]
 [1 1 1 1 0 0 1 0 1 1]
 [1 1 0 1 1 1 0 0 0 1]
 [1 1 1 0 1 1 1 1 1 1]
 [1 1 1 1 1 1 0 1 1 1]
 [1 1 0 1 1 1 0 1 1 1]
 [0 0 1 0 1 0 1 0 1 0]
 [1 0 1 1 1 1 0 1 1 1]
 [0 1 1 1 1 0 0 1 1 1]
 [0 1 1 1 1 0 1 0 1 0]
 [1 1 1 1 1 1 1 1 1 0]
 [1 1 0 0 0 1 0 0 1 1]
 [1 1 1 1 1 1 1 0 1 1]
 [1 1 1 1 1 0 1 1 1 0]
 [1 1 1 1 0 0 0 1 0 1]
 [1 1 1 0 1 1 1 0 1 0]
 [1 1 1 1 0 1 0 1 0 0]
 [1 1 1 1 0 1 0 1 1 1]
 [1 1 1 1 1 0 1 1 0 1]
 [0 1 0 1 0 0 1 0 1 1]
 [0 1 0 1 0 0 1 1 1 1]
 [1 1 1 0 1 1 0 0 1 0]
 [1 1 1 0 1 1 1 1 1 1]
 [0 1 1 1 0 1 1 0 1 1]
 [0 0 1 0 0 1 1 1 1 1]
 [1 1 1 1 1 0 0 1 1 1]
 [1 0 1 1 1 0 0 1 1 1]
 [1 1 0 1 0 1 1 0 1 1]
 [1 1 1 1 1 1 1 1 1 0]
 [1 0 0 1 1 1 0 0 1 1]
 [0 1 1 1 1 1 0 1 0 1]
 [1 0 1 0 1 1 1 0 1 1]
 [1 1 1 1 1 1 1 0 1 1]
 [1 0 1 1 1 1 1 1 0 1]
 [0 1 1 1 1 0 0 1 1 1]
 [0 1 0 1 1 1 1 0 0 1]
 [1 0 1 1 1 1 1 0 1 0]
 [0 1 1 1 1 0 0 0 0 0]
 [1 1 0 1 0 1 1 1 0 1]
 [1 0 1 1 0 1 1 0 0 1]
 [1 1 1 1 0 0 1 0 1 0]
 [1 1 0 1 1 1 1 1 0 0]
 [1 1 1 1 0 0 1 0 1 1]
 [1 1 0 1 0 1 1 0 0 1]
 [1 1 1 1 0 1 0 1 0 1]
 [1 1 1 0 1 0 0 1 1 1]
 [0 0 1 0 1 1 1 1 0 0]
 [1 1 1 0 1 1 1 1 1 0]
 [1 1 1 1 1 1 1 1 1 1]
 [1 1 1 1 0 1 1 1 1 1]
 [1 0 1 1 1 1 0 1 1 1]
 [1 1 0 1 1 1 0 1 1 0]
 [1 1 1 1 0 1 1 0 1 0]]
{'restarts': 16, 'conflicts': 5328, 'decisions': 9809, 'propagations': 4549362}
Q is identifiable
branch at 6
runtime for solving id of Q is 0.7942072220612317
Simulation results:
{'J': 100, 'K': 10, 'N': 10, 'p': 0.7, 'seed': 872, 'sim': 3, 'runtime': 0.7942072220612317, 'identifiable': 1, 'branch': 6}
4
Q: [[1 1 1 1 1 1 1 1 1 1]
 [0 1 0 1 0 1 0 1 0 1]
 [1 1 0 1 1 0 1 0 0 1]
 [1 1 0 1 1 1 0 1 0 1]
 [0 0 1 1 1 1 1 0 1 0]
 [1 1 1 1 0 0 0 0 1 1]
 [1 0 1 0 1 1 1 0 0 1]
 [1 1 1 1 1 1 1 0 0 1]
 [1 1 0 1 1 1 0 0 0 1]
 [1 1 1 1 1 1 1 1 0 1]
 [1 1 1 1 1 1 1 1 1 0]
 [0 1 1 1 0 1 1 1 1 1]
 [0 1 0 1 0 0 0 1 1 0]
 [0 1 1 1 0 0 1 1 1 1]
 [1 1 1 0 1 0 1 1 1 1]
 [1 1 0 1 1 1 1 1 0 1]
 [1 1 1 1 1 1 1 1 1 0]
 [1 1 0 1 1 1 0 0 0 1]
 [1 0 1 1 1 0 1 1 1 0]
 [1 0 1 1 1 1 1 1 0 1]
 [1 1 1 1 0 1 1 0 1 1]
 [1 1 1 1 1 1 1 1 1 1]
 [0 0 1 1 1 0 1 1 1 0]
 [1 0 1 0 0 1 1 1 0 0]
 [1 1 1 0 1 1 1 0 1 1]
 [1 1 0 1 1 1 1 1 1 1]
 [1 1 0 1 1 1 1 1 1 1]
 [0 0 1 1 0 1 1 1 1 0]
 [0 0 0 0 0 1 1 1 1 1]
 [1 0 1 1 1 1 0 0 1 0]
 [1 1 1 1 1 1 1 1 0 1]
 [0 1 1 0 0 1 1 0 1 1]
 [1 1 1 1 1 1 0 0 1 1]
 [1 1 1 1 1 1 0 1 1 1]
 [1 1 1 1 1 1 1 1 1 0]
 [1 0 1 1 0 1 1 0 1 1]
 [1 1 1 1 1 1 0 1 1 1]
 [1 1 1 1 0 0 1 1 1 1]
 [0 0 1 1 0 1 0 1 1 1]
 [1 1 0 0 1 1 1 1 0 1]
 [1 0 0 1 1 1 0 1 1 0]
 [0 1 1 0 0 1 1 1 1 1]
 [1 1 1 1 1 1 1 0 1 1]
 [1 1 1 1 1 0 0 1 1 1]
 [0 0 1 1 1 1 1 1 1 1]
 [1 1 1 1 1 1 1 1 1 1]
 [1 1 1 1 1 0 0 1 1 1]
 [1 0 0 1 1 1 1 1 1 1]
 [1 0 1 0 1 1 0 0 1 1]
 [1 1 0 1 1 0 1 0 1 1]
 [0 1 0 1 1 1 1 0 0 1]
 [1 0 1 1 1 1 0 1 1 1]
 [1 0 0 1 1 1 1 1 1 1]
 [1 1 1 1 0 1 1 1 1 1]
 [1 1 1 1 1 1 1 1 0 0]
 [1 1 1 1 0 0 1 0 0 0]
 [0 0 1 0 0 0 1 1 1 0]
 [1 1 1 1 1 1 0 1 1 0]
 [1 0 1 1 1 0 0 1 1 1]
 [1 0 0 1 1 0 0 1 1 1]
 [0 0 1 1 1 1 1 1 1 1]
 [1 0 1 0 0 1 1 0 1 1]
 [0 1 1 1 0 0 1 1 1 1]
 [0 1 1 1 0 1 1 1 0 1]
 [1 1 1 0 1 1 1 1 1 0]
 [1 1 1 1 1 1 0 1 1 0]
 [0 0 0 1 0 1 0 0 1 1]
 [1 0 1 1 0 1 0 1 0 1]
 [1 1 1 1 1 0 0 1 1 0]
 [0 1 0 1 1 1 0 1 1 0]
 [0 1 1 1 1 0 1 1 1 1]
 [1 0 1 1 1 1 1 1 0 1]
 [1 0 0 1 1 1 0 1 1 0]
 [1 1 1 1 1 1 1 1 0 0]
 [1 1 1 1 0 1 0 0 1 1]
 [0 1 1 1 0 0 0 0 1 1]
 [1 1 1 1 1 0 1 1 1 1]
 [1 1 1 1 1 1 1 1 1 0]
 [0 1 0 0 1 1 0 1 0 1]
 [1 0 0 0 1 1 1 1 1 1]
 [0 1 1 1 0 1 1 0 1 1]
 [1 0 1 0 1 1 1 0 1 1]
 [1 0 0 1 0 1 1 0 1 1]
 [1 1 0 0 0 1 1 1 1 1]
 [1 1 1 0 1 1 1 1 1 1]
 [1 0 0 0 1 0 0 1 1 0]
 [1 1 0 0 0 0 1 1 0 1]
 [1 1 1 1 1 0 1 1 1 1]
 [1 1 0 1 1 0 0 1 1 1]
 [1 1 1 1 0 1 0 1 1 1]
 [1 1 1 1 1 0 1 1 1 1]
 [0 1 1 1 1 1 0 1 0 1]
 [0 0 0 0 0 1 1 1 1 1]
 [0 1 1 1 1 1 1 1 0 0]
 [1 0 1 1 0 1 0 1 1 1]
 [0 0 1 1 1 1 1 0 1 1]
 [1 1 0 1 1 0 0 1 1 1]
 [0 1 1 1 0 1 1 1 1 0]
 [1 1 0 1 0 1 0 1 0 1]
 [0 1 0 1 0 1 1 1 1 1]]
{'restarts': 9, 'conflicts': 4495, 'decisions': 8267, 'propagations': 3216037}
Q is identifiable
branch at 6
runtime for solving id of Q is 0.5787842329591513
Simulation results:
{'J': 100, 'K': 10, 'N': 10, 'p': 0.7, 'seed': 872, 'sim': 4, 'runtime': 0.5787842329591513, 'identifiable': 1, 'branch': 6}
5
Q: [[1 1 1 1 1 1 1 1 1 0]
 [1 0 1 0 1 0 1 0 0 1]
 [0 1 1 1 1 1 1 1 1 1]
 [1 1 1 1 0 1 0 1 0 0]
 [0 1 0 1 1 1 1 1 0 1]
 [1 0 1 1 1 1 1 1 1 1]
 [0 0 1 1 1 0 1 1 1 1]
 [0 1 1 1 1 1 1 1 0 1]
 [1 1 1 0 1 1 1 1 1 1]
 [1 1 0 1 0 0 1 1 0 0]
 [1 0 1 1 1 0 1 1 1 0]
 [0 1 1 1 0 1 0 1 1 1]
 [0 1 0 1 1 0 1 1 1 0]
 [1 1 1 1 1 0 1 1 1 1]
 [0 1 0 0 1 0 0 1 0 1]
 [1 1 1 1 1 1 0 1 0 1]
 [1 0 1 1 1 0 1 1 1 1]
 [1 0 1 1 1 0 1 1 1 1]
 [1 0 0 0 0 1 0 1 1 0]
 [1 1 0 0 0 0 0 1 1 0]
 [1 1 0 0 0 1 1 0 0 1]
 [1 0 1 1 0 1 1 0 1 0]
 [1 0 0 1 1 1 1 0 1 0]
 [1 0 1 1 1 0 1 1 0 1]
 [1 0 0 1 1 1 1 1 1 0]
 [1 1 1 1 1 1 1 1 1 0]
 [1 1 1 0 1 0 1 0 1 1]
 [1 1 1 0 0 1 1 0 1 1]
 [0 1 0 1 1 1 1 0 1 0]
 [0 1 1 1 1 1 1 1 1 1]
 [1 1 0 1 1 1 0 1 1 1]
 [0 1 0 1 1 1 1 0 1 1]
 [0 1 0 0 1 1 1 0 1 0]
 [0 0 1 1 0 1 0 1 0 1]
 [1 1 1 1 1 1 0 1 1 0]
 [0 1 1 1 0 1 1 0 1 0]
 [0 1 0 1 1 0 1 0 1 1]
 [1 1 0 1 1 1 1 1 0 0]
 [1 0 1 1 1 0 0 1 1 1]
 [0 0 0 0 1 0 1 0 0 1]
 [1 1 1 1 1 1 1 0 0 1]
 [1 1 1 0 1 1 0 1 0 0]
 [1 1 0 0 0 1 0 1 0 1]
 [1 0 1 1 1 1 1 1 1 1]
 [1 1 1 1 1 1 0 1 1 1]
 [0 1 1 1 1 1 1 0 1 0]
 [1 0 1 1 0 1 1 1 1 1]
 [1 1 0 0 0 1 0 0 0 1]
 [1 1 1 1 1 1 1 0 0 0]
 [1 1 1 0 1 1 1 1 0 1]
 [1 1 0 1 1 0 1 1 1 1]
 [1 0 1 0 0 0 1 1 0 0]
 [0 0 1 0 1 0 1 1 0 1]
 [1 1 0 1 1 0 1 0 0 1]
 [1 1 1 1 0 1 0 1 1 1]
 [1 0 0 1 1 1 0 1 1 0]
 [1 1 0 0 1 1 1 1 1 1]
 [1 1 0 1 1 1 0 1 1 1]
 [1 1 1 1 1 1 1 1 1 1]
 [1 1 1 1 0 0 1 1 1 1]
 [1 0 0 0 1 0 1 0 1 0]
 [0 1 1 1 1 1 1 1 1 1]
 [1 0 1 1 1 1 0 0 1 1]
 [1 1 1 1 0 1 1 0 1 1]
 [0 0 1 1 1 1 1 1 1 0]
 [0 1 1 1 0 1 0 1 0 1]
 [1 1 1 1 1 1 1 1 1 1]
 [0 1 1 0 1 0 0 1 1 1]
 [1 1 1 1 1 1 1 1 0 1]
 [0 0 0 1 0 1 0 1 0 1]
 [1 1 1 1 0 1 0 1 1 1]
 [1 1 0 1 1 1 1 1 1 1]
 [1 1 1 1 1 1 1 1 1 0]
 [1 1 1 1 0 1 0 0 1 0]
 [0 0 0 0 1 1 1 0 1 1]
 [0 1 0 1 1 0 1 1 1 1]
 [1 1 1 1 0 1 0 1 1 0]
 [1 1 0 1 1 1 1 1 1 1]
 [0 0 1 1 1 1 1 0 1 0]
 [1 1 1 0 0 1 0 0 0 1]
 [1 0 1 0 1 0 1 0 1 1]
 [1 1 1 0 1 1 1 1 1 0]
 [1 1 1 1 1 1 0 0 0 1]
 [1 1 1 0 1 1 0 1 1 1]
 [1 1 1 1 1 1 1 1 1 0]
 [1 0 1 1 1 1 1 0 1 1]
 [1 1 1 1 1 1 1 1 1 1]
 [1 1 0 1 0 0 1 1 0 1]
 [0 0 1 0 0 0 1 1 1 1]
 [1 1 1 1 0 0 0 0 0 1]
 [1 0 0 1 0 1 1 1 1 1]
 [1 1 1 1 1 0 1 0 0 0]
 [1 1 0 1 1 1 1 1 0 1]
 [1 1 1 0 1 0 1 1 0 1]
 [1 1 0 0 1 1 1 1 0 1]
 [1 1 1 1 1 1 0 1 1 0]
 [1 0 0 0 1 0 1 1 1 1]
 [1 1 1 0 1 1 1 1 1 0]
 [0 1 1 1 1 0 0 1 1 0]
 [0 1 1 1 1 1 1 1 1 1]]
{'restarts': 5, 'conflicts': 1927, 'decisions': 4225, 'propagations': 1977195}
Q is identifiable
branch at 6
runtime for solving id of Q is 0.5026449030265212
Simulation results:
{'J': 100, 'K': 10, 'N': 10, 'p': 0.7, 'seed': 872, 'sim': 5, 'runtime': 0.5026449030265212, 'identifiable': 1, 'branch': 6}
6
Q: [[1 1 1 1 1 1 1 1 1 0]
 [1 1 1 1 1 1 1 1 1 0]
 [1 1 1 1 1 1 1 1 1 1]
 [0 0 1 1 1 1 1 1 0 1]
 [1 0 1 1 1 0 0 1 0 0]
 [0 0 1 1 1 1 1 1 1 1]
 [0 1 1 1 1 1 1 1 1 0]
 [1 0 0 1 1 1 1 0 0 1]
 [1 1 0 1 0 1 0 1 1 1]
 [1 1 0 0 1 1 0 1 1 0]
 [1 1 1 1 1 1 0 1 0 1]
 [0 1 1 0 0 1 0 1 1 1]
 [0 1 1 1 0 1 1 1 1 1]
 [1 1 1 1 0 1 1 1 1 1]
 [1 1 1 1 1 1 1 1 1 1]
 [0 0 1 1 0 0 1 1 1 0]
 [1 1 1 1 1 1 0 1 1 1]
 [0 0 1 1 1 1 1 0 1 1]
 [0 0 0 1 1 1 1 1 1 1]
 [0 0 1 1 1 1 1 1 1 1]
 [1 0 0 1 1 1 0 1 1 0]
 [1 0 1 1 1 1 1 0 0 1]
 [0 0 1 0 1 0 1 1 1 0]
 [1 1 0 1 1 1 1 1 0 1]
 [1 1 1 1 1 1 1 1 0 1]
 [0 0 1 1 1 1 0 1 1 1]
 [1 0 1 1 1 1 0 1 0 0]
 [0 0 1 1 1 0 1 1 0 1]
 [1 1 1 1 1 1 1 0 1 1]
 [0 1 1 0 1 1 1 1 1 1]
 [1 1 1 1 1 0 0 1 0 0]
 [1 1 1 1 1 1 1 1 1 1]
 [1 1 0 1 1 1 1 1 1 0]
 [1 0 1 1 0 0 0 1 1 1]
 [1 0 0 1 1 1 1 1 1 1]
 [1 1 0 1 1 1 0 1 1 1]
 [1 1 1 1 1 0 1 1 0 1]
 [0 1 1 1 1 1 0 0 1 0]
 [1 1 1 0 1 1 1 0 1 1]
 [0 0 0 0 0 1 1 1 0 1]
 [0 1 0 1 0 0 0 1 1 1]
 [1 0 1 1 1 1 1 1 1 1]
 [1 1 1 0 0 1 1 1 0 0]
 [0 1 1 1 1 1 1 1 0 1]
 [1 1 1 1 0 1 0 0 1 0]
 [1 1 0 1 0 1 1 1 1 1]
 [1 1 1 1 1 1 1 1 1 1]
 [0 1 1 1 0 1 1 1 0 1]
 [0 1 0 1 1 1 1 1 0 1]
 [0 1 1 1 1 0 0 1 1 1]
 [0 0 0 0 1 1 1 1 1 0]
 [0 1 1 0 1 1 1 0 1 1]
 [1 1 1 0 0 1 1 1 1 1]
 [0 1 0 0 1 1 1 1 1 1]
 [1 1 1 0 0 0 0 1 1 0]
 [0 1 1 1 0 1 0 1 1 1]
 [1 1 1 1 0 1 1 1 1 1]
 [1 0 0 1 1 0 0 1 0 1]
 [1 0 1 1 1 1 1 1 0 0]
 [1 0 1 1 1 1 1 1 0 0]
 [1 1 1 1 1 1 1 0 1 1]
 [1 0 0 0 1 1 1 1 1 1]
 [1 1 1 0 1 0 1 1 1 1]
 [1 0 1 0 1 0 1 1 1 1]
 [1 1 1 1 1 1 1 1 0 1]
 [0 0 0 0 1 1 1 1 1 0]
 [1 1 1 0 1 0 1 1 1 0]
 [0 1 1 1 1 0 1 1 1 1]
 [1 1 1 0 0 1 1 0 0 1]
 [0 1 1 0 1 1 1 1 0 1]
 [1 1 1 1 0 1 1 1 0 0]
 [0 1 0 1 0 0 1 1 0 1]
 [1 1 1 1 0 1 0 1 0 1]
 [1 0 1 1 1 1 1 1 0 0]
 [1 1 0 1 1 1 1 1 1 1]
 [0 1 0 1 1 0 1 0 1 1]
 [1 1 0 1 0 1 1 0 0 1]
 [1 1 0 1 1 0 0 0 0 0]
 [0 1 1 1 0 0 0 1 0 1]
 [0 0 0 0 1 1 1 1 1 1]
 [1 1 0 0 1 1 1 0 0 1]
 [1 1 1 0 1 1 1 1 0 0]
 [1 1 0 1 1 1 0 1 1 1]
 [1 1 1 0 1 0 0 0 1 1]
 [1 0 1 1 0 1 0 1 0 1]
 [1 1 1 1 1 1 1 1 0 1]
 [1 0 1 1 1 1 1 1 1 1]
 [1 1 0 1 1 1 1 1 1 0]
 [1 1 1 1 1 1 0 1 1 1]
 [1 1 1 0 0 1 1 0 1 1]
 [0 1 1 1 1 1 0 0 0 1]
 [1 1 1 1 1 1 1 1 1 1]
 [0 1 1 1 1 1 1 1 0 1]
 [1 1 1 1 0 1 1 1 0 0]
 [1 1 1 1 0 0 0 0 1 0]
 [1 0 1 1 0 1 0 1 1 1]
 [0 0 1 0 1 1 0 1 1 1]
 [1 0 1 1 1 1 0 1 1 1]
 [1 1 1 1 0 0 1 0 1 1]
 [1 1 0 0 1 1 1 1 1 1]]
{'restarts': 34, 'conflicts': 10753, 'decisions': 19143, 'propagations': 9787207}
Q is identifiable
branch at 6
runtime for solving id of Q is 1.6110101870726794
Simulation results:
{'J': 100, 'K': 10, 'N': 10, 'p': 0.7, 'seed': 872, 'sim': 6, 'runtime': 1.6110101870726794, 'identifiable': 1, 'branch': 6}
7
Q: [[1 1 1 1 1 1 1 0 1 0]
 [0 1 1 1 1 0 0 1 1 1]
 [0 0 0 0 1 1 1 1 1 1]
 [1 1 0 0 1 0 0 1 0 1]
 [1 1 1 1 1 1 1 0 0 1]
 [1 1 1 1 1 1 1 1 0 1]
 [1 1 1 0 1 1 1 1 1 0]
 [1 1 0 1 1 0 0 1 1 1]
 [1 0 1 1 1 0 1 1 1 1]
 [1 1 1 1 1 1 0 1 0 0]
 [1 1 0 1 1 1 0 0 1 1]
 [0 1 1 0 1 1 0 0 1 0]
 [0 1 1 0 0 0 0 1 1 1]
 [1 1 0 1 1 1 1 1 1 1]
 [0 1 1 1 1 1 0 1 1 1]
 [1 1 0 0 0 0 1 0 1 0]
 [0 1 0 1 1 1 0 1 1 0]
 [1 0 0 0 1 0 1 1 1 1]
 [0 1 1 1 1 1 1 1 1 1]
 [1 1 1 1 1 1 0 0 0 0]
 [1 0 1 1 0 1 0 1 1 1]
 [1 1 1 1 0 1 0 1 0 1]
 [1 1 0 0 1 0 1 1 0 1]
 [0 0 1 1 0 0 1 1 1 1]
 [1 0 1 1 0 1 0 1 1 1]
 [0 1 1 1 1 0 1 0 1 0]
 [1 1 1 0 0 0 0 0 1 1]
 [1 0 0 1 1 0 1 1 0 1]
 [1 1 1 1 1 1 1 1 1 0]
 [0 1 1 0 1 1 1 1 0 1]
 [0 0 0 0 1 1 0 0 0 1]
 [1 1 0 0 0 1 1 0 1 1]
 [1 0 0 1 0 0 1 1 1 1]
 [1 1 0 0 1 1 1 0 1 1]
 [1 0 1 0 0 0 1 0 1 1]
 [0 1 1 0 0 1 1 1 1 1]
 [1 1 1 0 1 1 1 0 1 0]
 [0 0 0 1 1 1 1 1 1 0]
 [0 1 0 1 1 1 1 0 0 1]
 [1 0 1 0 0 1 0 1 1 1]
 [1 0 1 1 1 1 1 0 0 1]
 [1 1 1 1 1 1 1 0 0 1]
 [0 0 1 1 1 1 1 1 1 1]
 [1 1 0 0 1 1 1 1 1 1]
 [1 1 1 1 0 0 1 1 1 1]
 [1 1 0 1 0 1 0 1 1 0]
 [0 0 1 1 0 0 1 1 1 1]
 [1 1 0 1 0 1 1 0 1 1]
 [1 0 1 1 1 1 1 1 1 0]
 [1 1 1 0 1 1 1 0 1 1]
 [1 0 0 1 1 0 0 1 1 1]
 [1 0 1 1 1 1 1 0 0 1]
 [1 1 0 0 1 0 0 1 1 0]
 [1 1 1 1 1 1 1 1 0 1]
 [1 1 1 1 0 1 1 1 1 0]
 [1 0 1 1 1 1 1 1 1 1]
 [1 1 1 1 0 1 1 0 1 1]
 [1 1 1 1 1 0 0 1 1 1]
 [1 1 1 1 0 1 1 1 1 0]
 [1 1 1 1 1 1 1 1 0 1]
 [1 1 1 1 0 1 1 1 1 1]
 [1 1 1 1 1 1 1 0 1 1]
 [1 1 1 1 0 0 1 1 0 1]
 [0 1 0 1 1 1 0 1 1 1]
 [0 1 1 1 1 1 1 1 0 0]
 [0 1 1 1 1 0 1 0 1 1]
 [1 1 1 0 1 1 1 1 1 1]
 [1 1 0 1 1 0 1 1 1 1]
 [1 1 1 1 1 1 1 1 0 1]
 [0 1 1 1 0 1 0 1 1 1]
 [1 0 1 0 1 1 0 1 1 1]
 [1 1 1 1 1 1 1 1 0 0]
 [1 1 1 1 1 1 1 0 1 1]
 [0 1 1 0 1 0 1 1 1 1]
 [1 1 0 1 1 1 1 0 1 1]
 [0 1 0 1 1 1 0 1 1 1]
 [1 1 1 1 1 1 1 1 0 1]
 [1 0 1 0 0 1 1 1 1 1]
 [1 0 1 0 1 1 0 0 1 1]
 [1 0 0 1 0 1 0 1 1 1]
 [0 1 1 1 1 1 1 1 0 1]
 [1 1 1 1 1 1 0 0 1 1]
 [1 1 1 1 1 1 1 1 1 0]
 [1 1 1 1 0 0 0 1 1 1]
 [0 1 0 1 1 0 1 1 1 1]
 [1 1 0 1 1 1 0 1 1 1]
 [1 1 0 1 1 0 1 1 1 0]
 [1 1 0 1 1 1 1 1 1 0]
 [1 1 0 1 1 0 1 1 1 0]
 [1 1 0 1 1 1 0 1 1 1]
 [1 1 1 0 1 1 1 0 1 1]
 [1 0 0 1 0 0 1 1 1 1]
 [0 1 1 0 0 1 1 1 1 1]
 [1 0 1 0 1 1 1 1 0 1]
 [1 0 1 0 1 1 1 1 0 1]
 [1 1 1 0 1 1 1 1 1 1]
 [1 0 0 0 1 1 1 1 0 0]
 [0 1 1 0 0 1 1 0 1 0]
 [0 1 1 0 1 1 1 1 0 1]
 [1 1 1 0 0 1 1 1 1 1]]
{'restarts': 34, 'conflicts': 13837, 'decisions': 23967, 'propagations': 10886351}
Q is identifiable
branch at 6
runtime for solving id of Q is 1.7775605698116124
Simulation results:
{'J': 100, 'K': 10, 'N': 10, 'p': 0.7, 'seed': 872, 'sim': 7, 'runtime': 1.7775605698116124, 'identifiable': 1, 'branch': 6}
8
Q: [[1 1 1 1 1 1 1 0 1 0]
 [0 1 1 1 1 1 1 1 0 1]
 [1 1 1 1 1 1 1 1 1 0]
 [0 1 0 1 0 1 1 0 1 1]
 [0 0 1 1 0 0 0 1 1 1]
 [1 1 0 1 1 1 1 1 1 0]
 [1 1 0 1 1 0 0 1 0 0]
 [0 0 1 1 0 1 1 0 0 1]
 [1 0 1 1 1 1 1 0 1 1]
 [0 1 1 1 1 1 0 0 0 0]
 [1 1 1 1 1 0 1 1 1 1]
 [1 1 0 0 1 1 0 1 1 1]
 [1 0 1 0 1 0 0 1 1 1]
 [1 1 1 1 0 0 1 0 0 0]
 [1 1 1 0 1 0 0 0 1 0]
 [0 1 1 0 1 1 1 0 1 1]
 [1 1 1 1 1 0 1 1 1 1]
 [0 1 1 0 1 1 1 1 1 1]
 [1 1 1 1 0 1 1 0 1 0]
 [0 0 0 0 1 0 1 0 1 0]
 [1 1 0 1 1 1 1 1 1 1]
 [1 1 1 0 1 1 0 0 1 0]
 [1 1 0 1 1 1 0 0 1 1]
 [0 1 1 1 1 0 1 1 0 1]
 [0 1 1 0 1 1 1 1 1 1]
 [0 1 1 1 1 0 1 0 1 1]
 [0 1 1 0 1 1 1 1 0 0]
 [1 1 1 1 1 1 0 1 1 0]
 [1 1 1 1 1 1 1 1 1 0]
 [0 1 0 1 0 0 1 1 1 1]
 [1 0 0 1 0 1 1 1 1 0]
 [1 1 0 1 1 1 0 1 1 0]
 [0 1 1 1 1 0 0 0 1 1]
 [1 0 1 1 1 1 1 1 1 0]
 [1 0 1 1 1 1 1 0 1 1]
 [1 1 1 1 1 1 1 1 1 1]
 [0 1 1 1 1 1 0 1 1 1]
 [0 1 1 1 0 1 1 0 1 0]
 [1 0 1 0 1 0 1 0 1 0]
 [0 1 1 1 1 0 0 1 1 1]
 [1 1 0 1 1 0 1 1 1 1]
 [0 1 1 0 0 0 1 0 1 1]
 [1 1 1 0 1 1 1 1 1 0]
 [1 1 1 1 1 1 1 0 1 1]
 [1 1 1 1 1 0 0 0 0 1]
 [1 1 1 1 0 1 1 1 1 1]
 [1 1 1 1 0 1 1 1 1 0]
 [1 0 1 1 1 0 1 1 1 0]
 [1 0 0 0 1 1 0 1 1 1]
 [1 1 1 1 0 0 0 1 0 1]
 [0 0 1 1 1 1 1 1 1 1]
 [1 1 1 1 1 1 0 0 1 1]
 [1 1 1 0 0 1 0 1 1 0]
 [0 1 0 0 0 1 0 0 1 0]
 [1 1 0 1 0 1 0 1 1 1]
 [1 1 1 1 1 1 0 1 1 1]
 [1 1 1 0 1 0 0 1 1 0]
 [0 1 0 1 1 0 0 0 0 1]
 [1 0 1 0 1 1 1 1 0 1]
 [1 1 0 1 1 1 0 0 1 1]
 [0 0 1 1 1 1 1 0 0 1]
 [1 1 0 1 1 1 0 0 1 1]
 [1 1 1 0 0 0 0 1 1 0]
 [1 1 1 1 1 0 0 1 1 1]
 [1 1 0 1 1 0 0 1 0 1]
 [0 1 1 1 1 0 1 1 0 1]
 [1 1 1 1 1 1 0 1 1 1]
 [1 1 1 0 1 1 1 0 1 1]
 [1 1 0 1 1 0 1 1 1 0]
 [1 1 0 0 1 1 1 1 1 1]
 [0 1 0 0 1 1 1 1 1 0]
 [1 1 1 1 1 0 1 1 0 0]
 [0 1 1 1 1 0 0 1 1 1]
 [1 1 0 1 0 1 1 1 1 0]
 [1 0 1 1 1 1 0 1 1 0]
 [0 1 1 1 0 1 1 1 1 1]
 [0 0 1 1 1 0 1 1 0 1]
 [1 1 1 0 1 1 1 1 1 1]
 [1 0 1 1 1 0 1 1 0 1]
 [0 0 0 1 1 1 1 0 1 0]
 [1 0 0 1 1 0 1 1 1 1]
 [0 1 1 0 1 1 1 1 1 1]
 [1 1 0 1 1 1 1 1 1 1]
 [1 1 1 1 0 1 1 1 0 1]
 [1 0 1 0 1 1 1 1 1 1]
 [1 1 1 0 1 1 1 1 0 1]
 [1 1 1 1 0 1 1 1 1 1]
 [0 1 1 1 0 1 1 1 1 1]
 [1 0 1 1 1 1 0 1 1 1]
 [1 1 0 0 1 1 0 1 1 1]
 [0 1 1 0 0 1 1 1 1 1]
 [1 0 1 0 1 0 1 1 1 0]
 [1 1 1 1 0 1 1 0 1 1]
 [0 1 1 1 0 1 0 0 1 0]
 [1 1 0 1 1 1 1 0 0 1]
 [1 1 1 1 1 1 1 1 1 0]
 [1 1 1 0 1 1 0 1 1 0]
 [0 1 0 1 0 1 0 0 1 1]
 [1 0 0 1 1 1 1 1 1 1]
 [0 1 0 0 1 1 1 1 1 1]]
{'restarts': 4, 'conflicts': 3712, 'decisions': 6747, 'propagations': 2746466}
Q is identifiable
branch at 6
runtime for solving id of Q is 0.5459328331053257
Simulation results:
{'J': 100, 'K': 10, 'N': 10, 'p': 0.7, 'seed': 872, 'sim': 8, 'runtime': 0.5459328331053257, 'identifiable': 1, 'branch': 6}
9
Q: [[0 1 1 1 1 1 1 0 1 1]
 [1 0 0 1 1 1 1 0 1 1]
 [0 1 0 1 0 1 1 1 0 1]
 [1 0 1 1 1 0 1 1 1 0]
 [0 1 0 1 1 0 1 1 1 0]
 [0 1 0 1 1 1 1 1 1 0]
 [0 1 0 1 0 0 1 1 1 1]
 [1 0 1 0 1 0 1 1 1 1]
 [1 1 1 1 1 1 1 1 1 1]
 [1 0 0 1 0 1 1 1 1 0]
 [0 0 1 1 1 1 1 1 0 1]
 [1 0 0 1 1 1 1 1 1 1]
 [0 0 1 1 1 1 0 1 1 0]
 [1 0 1 1 1 0 1 1 1 1]
 [1 0 0 0 1 1 0 0 1 1]
 [1 1 1 0 1 0 1 1 1 0]
 [0 1 1 1 1 0 1 1 1 1]
 [1 1 0 1 1 0 1 1 1 1]
 [1 1 1 1 0 0 0 1 1 0]
 [1 1 1 1 1 1 1 1 1 1]
 [1 1 1 1 1 1 1 1 0 1]
 [1 0 1 1 1 1 1 1 1 1]
 [1 1 1 1 1 1 1 1 1 0]
 [1 0 1 0 1 1 0 1 1 1]
 [1 1 1 0 1 0 1 1 1 1]
 [1 1 1 1 1 1 1 0 1 0]
 [1 1 1 1 1 1 0 0 1 0]
 [1 1 0 1 1 1 1 0 0 0]
 [1 1 1 1 0 1 1 1 1 1]
 [1 1 1 1 1 0 1 1 0 1]
 [0 1 1 0 1 1 1 1 0 1]
 [0 1 1 1 1 1 1 1 1 1]
 [0 0 1 0 1 1 1 1 0 1]
 [0 0 1 0 1 1 0 1 1 1]
 [0 1 1 1 0 1 1 1 1 0]
 [1 1 1 0 1 0 1 0 1 1]
 [0 1 1 1 1 1 1 0 1 1]
 [1 1 1 1 1 1 1 1 0 1]
 [0 0 0 0 1 1 1 1 1 1]
 [1 1 1 1 1 1 1 1 1 0]
 [1 1 1 0 0 1 1 0 1 0]
 [0 1 1 1 1 1 1 1 0 1]
 [1 1 1 1 0 1 1 1 0 1]
 [1 1 1 1 1 1 0 1 0 1]
 [0 0 1 1 0 0 1 1 1 1]
 [0 1 1 1 1 0 0 0 1 1]
 [1 1 1 0 1 1 1 1 1 0]
 [1 1 0 1 0 1 1 0 0 1]
 [1 0 1 1 1 1 1 1 1 0]
 [1 0 1 1 1 1 1 1 1 0]
 [1 1 1 1 0 0 1 1 1 0]
 [0 1 0 1 0 1 1 1 1 0]
 [1 1 1 1 0 1 1 1 1 1]
 [0 1 1 1 1 1 1 0 0 0]
 [1 0 0 0 1 0 0 1 1 0]
 [0 1 1 1 1 0 1 0 1 1]
 [1 1 1 0 1 1 1 1 0 1]
 [1 1 1 1 1 1 0 1 1 1]
 [1 1 1 1 1 1 0 1 1 1]
 [0 0 1 1 0 0 1 1 1 0]
 [0 1 1 1 0 1 0 1 1 1]
 [1 1 1 0 0 1 0 0 0 1]
 [1 1 1 1 0 0 1 1 0 0]
 [0 0 0 1 0 1 1 1 0 1]
 [0 0 1 1 1 1 1 1 1 0]
 [1 1 1 1 1 1 1 1 0 1]
 [1 0 1 1 1 0 1 1 1 1]
 [1 1 0 1 0 1 0 1 1 0]
 [0 1 1 1 1 1 0 1 0 1]
 [1 1 1 0 0 0 1 1 1 1]
 [0 1 1 0 1 0 1 0 1 1]
 [0 1 0 1 0 0 0 0 1 1]
 [0 0 0 0 1 1 0 0 0 1]
 [0 1 0 1 1 1 1 1 1 1]
 [1 1 1 1 0 1 1 1 0 1]
 [1 1 1 1 1 1 0 0 1 1]
 [1 1 0 0 1 0 0 1 0 1]
 [0 1 0 1 0 0 1 1 0 1]
 [1 1 1 1 1 1 1 0 1 1]
 [1 1 1 1 1 1 1 0 1 0]
 [0 0 0 1 1 0 0 0 1 1]
 [1 0 1 0 1 1 1 0 0 1]
 [1 1 1 0 1 1 1 1 1 1]
 [1 0 0 1 1 0 1 0 1 1]
 [1 1 1 1 0 0 1 1 1 1]
 [0 1 1 1 0 1 1 1 1 1]
 [1 1 1 0 1 0 1 1 1 1]
 [1 1 0 1 0 1 0 1 1 0]
 [1 0 0 1 0 0 1 1 1 1]
 [1 1 1 1 1 1 0 1 1 1]
 [1 0 1 1 0 1 1 0 1 1]
 [1 1 1 1 0 1 0 1 1 1]
 [1 1 1 0 1 1 1 1 0 1]
 [1 1 1 1 1 0 1 1 0 1]
 [1 0 1 1 1 1 0 1 1 1]
 [1 1 1 0 1 1 1 1 1 0]
 [0 1 0 1 0 1 0 0 1 0]
 [0 1 0 1 0 0 1 1 1 1]
 [1 0 1 1 1 0 1 1 0 0]
 [0 1 0 0 1 0 1 0 1 1]]
{'restarts': 7, 'conflicts': 3535, 'decisions': 6872, 'propagations': 3152652}
Q is identifiable
branch at 6
runtime for solving id of Q is 0.5761167278978974
Simulation results:
{'J': 100, 'K': 10, 'N': 10, 'p': 0.7, 'seed': 872, 'sim': 9, 'runtime': 0.5761167278978974, 'identifiable': 1, 'branch': 6}
Simulation results:
[{'J': 100, 'K': 10, 'N': 10, 'p': 0.7, 'seed': 872, 'sim': 0, 'runtime': 0.5883866250514984, 'identifiable': 1, 'branch': 6}, {'J': 100, 'K': 10, 'N': 10, 'p': 0.7, 'seed': 872, 'sim': 1, 'runtime': 0.5755247448105365, 'identifiable': 1, 'branch': 6}, {'J': 100, 'K': 10, 'N': 10, 'p': 0.7, 'seed': 872, 'sim': 2, 'runtime': 3.2246137890033424, 'identifiable': 1, 'branch': 6}, {'J': 100, 'K': 10, 'N': 10, 'p': 0.7, 'seed': 872, 'sim': 3, 'runtime': 0.7942072220612317, 'identifiable': 1, 'branch': 6}, {'J': 100, 'K': 10, 'N': 10, 'p': 0.7, 'seed': 872, 'sim': 4, 'runtime': 0.5787842329591513, 'identifiable': 1, 'branch': 6}, {'J': 100, 'K': 10, 'N': 10, 'p': 0.7, 'seed': 872, 'sim': 5, 'runtime': 0.5026449030265212, 'identifiable': 1, 'branch': 6}, {'J': 100, 'K': 10, 'N': 10, 'p': 0.7, 'seed': 872, 'sim': 6, 'runtime': 1.6110101870726794, 'identifiable': 1, 'branch': 6}, {'J': 100, 'K': 10, 'N': 10, 'p': 0.7, 'seed': 872, 'sim': 7, 'runtime': 1.7775605698116124, 'identifiable': 1, 'branch': 6}, {'J': 100, 'K': 10, 'N': 10, 'p': 0.7, 'seed': 872, 'sim': 8, 'runtime': 0.5459328331053257, 'identifiable': 1, 'branch': 6}, {'J': 100, 'K': 10, 'N': 10, 'p': 0.7, 'seed': 872, 'sim': 9, 'runtime': 0.5761167278978974, 'identifiable': 1, 'branch': 6}]
