
The Gurobi software has a limited number of licenses. To request a license or
licenses, add this line

    #SBATCH --licenses=gurobi@slurmdb:1

to your SBATCH script, replacing N with the number of licenses you need. Gurobi
will need one license per process.


0
Q: [[0 0 0 0 0 0 0 0 0 1]
 [0 0 0 0 0 0 0 0 0 0]
 [0 1 0 0 0 0 0 0 0 0]
 [0 0 0 0 0 0 0 0 0 0]
 [0 0 0 0 0 0 0 0 1 0]
 [0 0 0 0 0 0 0 0 1 0]
 [0 1 0 0 0 0 0 0 0 0]
 [0 0 0 0 0 0 0 0 0 0]
 [0 1 0 0 0 0 1 0 0 0]
 [1 0 1 0 0 0 1 0 1 1]
 [0 1 0 0 0 0 0 1 0 0]
 [0 0 0 0 0 0 1 0 0 0]
 [0 0 0 0 0 1 0 0 0 0]
 [0 0 0 0 0 0 0 0 0 1]
 [0 0 0 0 0 0 0 0 0 0]
 [0 0 0 0 0 0 0 0 1 0]
 [0 0 0 0 0 0 1 0 0 0]
 [0 0 0 1 0 0 0 0 0 0]
 [0 0 0 0 0 0 0 0 0 0]
 [0 0 0 0 0 0 0 0 1 0]
 [0 0 0 0 0 0 0 0 0 0]
 [0 0 0 0 0 1 0 0 0 0]
 [0 0 0 0 0 0 0 0 0 0]
 [0 0 0 0 0 0 0 1 0 0]
 [0 0 0 0 0 0 0 0 0 0]]
Q_basis with dimensions J < K, thus not identifiable.
Q is not identifiable, and Q_bar is [[1 0 0 0 0 0 0 0 0 0]
 [0 0 0 0 0 0 0 0 0 0]
 [0 0 0 0 0 0 1 0 0 0]
 [0 0 0 0 0 0 0 0 0 0]
 [0 1 0 0 0 0 0 0 0 0]
 [0 1 0 0 0 0 0 0 0 0]
 [0 0 0 0 0 0 1 0 0 0]
 [0 0 0 0 0 0 0 0 0 0]
 [0 0 0 1 0 0 1 0 0 0]
 [0 0 0 0 0 0 0 1 0 0]
 [0 0 1 0 0 0 1 0 0 0]
 [0 0 0 1 0 0 0 0 0 0]
 [0 0 0 0 1 0 0 0 0 0]
 [1 0 0 0 0 0 0 0 0 0]
 [0 0 0 0 0 0 0 0 0 0]
 [0 1 0 0 0 0 0 0 0 0]
 [0 0 0 1 0 0 0 0 0 0]
 [0 0 0 0 0 1 0 0 0 0]
 [0 0 0 0 0 0 0 0 0 0]
 [0 1 0 0 0 0 0 0 0 0]
 [0 0 0 0 0 0 0 0 0 0]
 [0 0 0 0 1 0 0 0 0 0]
 [0 0 0 0 0 0 0 0 0 0]
 [0 0 1 0 0 0 0 0 0 0]
 [0 0 0 0 0 0 0 0 0 0]]
branch at -1
runtime for solving id of Q is 0.001008724793791771
Simulation results:
{'J': 25, 'K': 10, 'N': 10, 'p': 0.1, 'seed': 16, 'sim': 0, 'runtime': 0.001008724793791771, 'identifiable': 0, 'branch': -1}
1
Q: [[0 0 1 0 0 0 0 0 0 0]
 [0 0 0 0 1 0 0 0 0 0]
 [0 0 0 0 0 0 0 0 0 0]
 [0 0 0 0 0 0 0 0 0 1]
 [0 0 0 0 1 0 0 1 0 0]
 [0 1 0 0 0 0 0 0 0 0]
 [0 0 1 0 0 0 0 0 0 1]
 [1 0 0 0 0 0 0 0 0 0]
 [0 0 0 0 1 0 0 0 0 0]
 [0 1 0 0 0 0 1 0 0 0]
 [0 0 0 0 0 0 0 0 0 0]
 [0 0 1 0 0 0 0 0 0 0]
 [0 0 0 0 0 0 0 0 0 1]
 [0 0 0 0 0 0 0 1 0 0]
 [0 0 0 0 0 0 0 0 0 0]
 [0 0 0 0 0 0 0 0 0 0]
 [0 0 0 0 0 0 0 0 0 1]
 [0 1 0 0 0 0 0 0 0 0]
 [0 0 0 0 0 0 0 0 0 1]
 [0 0 0 0 0 0 0 0 0 0]
 [0 0 0 1 0 0 0 1 0 0]
 [0 0 0 0 0 0 0 0 1 0]
 [0 0 0 0 0 0 0 0 0 0]
 [0 0 0 0 0 0 0 1 0 1]
 [0 0 0 0 0 0 1 1 0 0]]
Q is trivially not identifiable (all zero column).
Q is not identifiable, and Q_bar is [[0 0 1 0 0 1 0 0 0 0]
 [0 0 0 0 1 1 0 0 0 0]
 [0 0 0 0 0 0 0 0 0 0]
 [0 0 0 0 0 1 0 0 0 1]
 [0 0 0 0 1 1 0 1 0 0]
 [0 1 0 0 0 1 0 0 0 0]
 [0 0 1 0 0 1 0 0 0 1]
 [1 0 0 0 0 1 0 0 0 0]
 [0 0 0 0 1 1 0 0 0 0]
 [0 1 0 0 0 1 1 0 0 0]
 [0 0 0 0 0 0 0 0 0 0]
 [0 0 1 0 0 1 0 0 0 0]
 [0 0 0 0 0 1 0 0 0 1]
 [0 0 0 0 0 1 0 1 0 0]
 [0 0 0 0 0 0 0 0 0 0]
 [0 0 0 0 0 0 0 0 0 0]
 [0 0 0 0 0 1 0 0 0 1]
 [0 1 0 0 0 1 0 0 0 0]
 [0 0 0 0 0 1 0 0 0 1]
 [0 0 0 0 0 0 0 0 0 0]
 [0 0 0 1 0 1 0 1 0 0]
 [0 0 0 0 0 1 0 0 1 0]
 [0 0 0 0 0 0 0 0 0 0]
 [0 0 0 0 0 1 0 1 0 1]
 [0 0 0 0 0 1 1 1 0 0]]
branch at 0
runtime for solving id of Q is 0.0013622818514704704
Simulation results:
{'J': 25, 'K': 10, 'N': 10, 'p': 0.1, 'seed': 16, 'sim': 1, 'runtime': 0.0013622818514704704, 'identifiable': 0, 'branch': 0}
2
Q: [[0 0 0 0 0 1 0 0 0 0]
 [0 0 0 0 0 0 0 1 0 0]
 [0 0 0 1 0 0 0 0 0 0]
 [0 0 0 0 0 0 0 0 0 1]
 [0 0 0 0 0 0 0 0 0 0]
 [1 0 0 0 0 0 0 0 0 0]
 [0 0 0 0 0 0 0 1 0 0]
 [0 0 0 0 0 0 0 0 0 0]
 [0 0 0 0 0 0 0 1 1 0]
 [0 0 1 0 0 1 0 0 1 1]
 [0 0 0 0 0 0 0 0 0 0]
 [0 0 0 0 0 0 0 0 0 0]
 [0 0 0 1 0 0 0 0 0 0]
 [0 0 0 0 1 0 0 0 1 0]
 [0 0 0 0 0 0 0 0 0 0]
 [0 0 0 0 0 0 0 0 0 0]
 [0 0 0 0 1 0 0 0 0 0]
 [0 0 0 0 0 1 0 0 0 0]
 [0 0 0 1 0 0 0 0 0 0]
 [0 0 0 0 0 1 0 0 0 0]
 [0 0 0 0 0 0 1 0 0 0]
 [1 0 0 0 0 0 0 0 0 0]
 [1 0 0 0 0 0 0 0 0 0]
 [0 0 1 0 0 0 0 0 0 0]
 [0 0 0 1 0 0 0 0 0 0]]
Q is trivially not identifiable (all zero column).
Q is not identifiable, and Q_bar is [[0 1 0 0 0 1 0 0 0 0]
 [0 1 0 0 0 0 0 1 0 0]
 [0 1 0 1 0 0 0 0 0 0]
 [0 1 0 0 0 0 0 0 0 1]
 [0 0 0 0 0 0 0 0 0 0]
 [1 1 0 0 0 0 0 0 0 0]
 [0 1 0 0 0 0 0 1 0 0]
 [0 0 0 0 0 0 0 0 0 0]
 [0 1 0 0 0 0 0 1 1 0]
 [0 1 1 0 0 1 0 0 1 1]
 [0 0 0 0 0 0 0 0 0 0]
 [0 0 0 0 0 0 0 0 0 0]
 [0 1 0 1 0 0 0 0 0 0]
 [0 1 0 0 1 0 0 0 1 0]
 [0 0 0 0 0 0 0 0 0 0]
 [0 0 0 0 0 0 0 0 0 0]
 [0 1 0 0 1 0 0 0 0 0]
 [0 1 0 0 0 1 0 0 0 0]
 [0 1 0 1 0 0 0 0 0 0]
 [0 1 0 0 0 1 0 0 0 0]
 [0 1 0 0 0 0 1 0 0 0]
 [1 1 0 0 0 0 0 0 0 0]
 [1 1 0 0 0 0 0 0 0 0]
 [0 1 1 0 0 0 0 0 0 0]
 [0 1 0 1 0 0 0 0 0 0]]
branch at 0
runtime for solving id of Q is 0.0015367083251476288
Simulation results:
{'J': 25, 'K': 10, 'N': 10, 'p': 0.1, 'seed': 16, 'sim': 2, 'runtime': 0.0015367083251476288, 'identifiable': 0, 'branch': 0}
3
Q: [[0 0 0 0 0 0 0 1 1 0]
 [0 0 0 0 0 0 0 0 0 0]
 [0 0 0 0 0 0 0 0 0 1]
 [0 1 0 0 0 0 1 0 0 0]
 [0 0 0 0 0 0 0 0 0 0]
 [0 0 0 0 0 1 0 0 0 0]
 [0 0 0 0 0 0 0 0 0 0]
 [0 0 0 0 0 0 0 0 1 0]
 [0 0 0 0 0 0 0 1 0 1]
 [0 0 0 0 1 0 0 0 0 0]
 [0 0 0 0 0 0 0 0 0 0]
 [0 0 0 0 0 0 0 0 0 0]
 [0 0 0 0 1 0 0 0 0 0]
 [0 0 0 0 0 0 0 0 0 0]
 [0 0 0 0 0 0 0 0 0 0]
 [0 0 0 0 1 0 0 0 0 0]
 [0 0 1 0 0 1 0 0 0 0]
 [0 0 1 0 0 0 0 0 0 0]
 [0 0 0 0 1 0 1 0 0 0]
 [0 0 1 1 0 1 0 0 0 0]
 [0 0 0 0 1 0 0 0 1 0]
 [0 0 0 0 0 0 0 0 0 0]
 [1 0 0 0 1 1 0 0 0 0]
 [0 0 0 0 0 0 0 0 0 1]
 [0 0 0 0 0 0 0 0 0 0]]
Q is not identifiable (two-column submatrix not identifiable).
Q is not identifiable, and Q_bar is [[0 0 0 0 0 0 0 1 1 0]
 [0 0 0 0 0 0 0 0 0 0]
 [0 0 0 0 0 0 0 0 0 1]
 [0 1 0 0 0 0 1 0 0 0]
 [0 0 0 0 0 0 0 0 0 0]
 [0 0 0 0 0 1 0 0 0 0]
 [0 0 0 0 0 0 0 0 0 0]
 [0 0 0 0 0 0 0 0 1 0]
 [0 0 0 0 0 0 0 1 0 1]
 [0 0 0 0 1 0 0 0 0 0]
 [0 0 0 0 0 0 0 0 0 0]
 [0 0 0 0 0 0 0 0 0 0]
 [0 0 0 0 1 0 0 0 0 0]
 [0 0 0 0 0 0 0 0 0 0]
 [0 0 0 0 0 0 0 0 0 0]
 [0 0 0 0 1 0 0 0 0 0]
 [0 0 1 0 0 1 0 0 0 0]
 [0 0 1 0 0 0 0 0 0 0]
 [0 0 0 0 1 0 1 0 0 0]
 [0 0 1 1 0 1 0 0 0 0]
 [0 0 0 0 1 0 0 0 1 0]
 [0 0 0 0 0 0 0 0 0 0]
 [1 0 0 0 0 1 0 0 0 0]
 [0 0 0 0 0 0 0 0 0 1]
 [0 0 0 0 0 0 0 0 0 0]]
branch at 2
runtime for solving id of Q is 0.0012776777148246765
Simulation results:
{'J': 25, 'K': 10, 'N': 10, 'p': 0.1, 'seed': 16, 'sim': 3, 'runtime': 0.0012776777148246765, 'identifiable': 0, 'branch': 2}
4
Q: [[0 0 0 1 0 0 0 0 0 0]
 [0 0 1 0 0 0 0 0 0 0]
 [1 0 0 0 0 0 0 0 0 0]
 [0 0 0 0 0 0 0 0 0 1]
 [0 0 0 0 0 0 0 0 0 0]
 [0 0 0 0 0 0 0 0 0 0]
 [0 0 0 1 0 0 0 0 1 0]
 [0 0 0 0 0 0 0 0 0 0]
 [0 0 0 1 0 0 0 0 0 1]
 [0 0 0 0 0 0 1 1 0 0]
 [0 0 0 1 0 0 0 0 1 1]
 [0 0 0 0 0 0 0 0 0 0]
 [0 0 0 0 0 1 0 1 0 0]
 [0 0 0 0 0 0 0 0 0 0]
 [0 0 0 0 0 0 0 0 0 0]
 [0 0 0 0 0 0 1 0 0 0]
 [0 0 0 0 0 0 0 0 0 0]
 [0 0 0 0 0 0 1 0 0 0]
 [0 0 0 0 0 0 0 0 0 0]
 [0 0 0 0 0 0 0 0 0 0]
 [0 0 0 0 0 0 0 0 0 0]
 [0 0 0 0 0 0 0 0 0 0]
 [0 0 0 0 0 0 0 0 0 0]
 [0 0 0 0 0 0 0 0 0 0]
 [0 1 0 0 0 0 1 0 1 1]]
Q_basis with dimensions J < K, thus not identifiable.
Q is not identifiable, and Q_bar is [[0 0 0 0 1 0 0 0 0 0]
 [0 0 0 0 0 0 1 0 0 0]
 [0 0 0 0 0 0 0 0 1 0]
 [1 0 0 0 0 0 0 0 0 0]
 [0 0 0 0 0 0 0 0 0 0]
 [0 0 0 0 0 0 0 0 0 0]
 [0 0 0 0 0 1 0 0 0 0]
 [0 0 0 0 0 0 0 0 0 0]
 [1 0 0 0 1 0 0 0 0 0]
 [0 0 1 0 0 0 0 0 0 0]
 [1 0 0 0 0 1 0 0 0 0]
 [0 0 0 0 0 0 0 0 0 0]
 [0 0 0 1 0 0 0 0 0 0]
 [0 0 0 0 0 0 0 0 0 0]
 [0 0 0 0 0 0 0 0 0 0]
 [0 1 0 0 0 0 0 0 0 0]
 [0 0 0 0 0 0 0 0 0 0]
 [0 1 0 0 0 0 0 0 0 0]
 [0 0 0 0 0 0 0 0 0 0]
 [0 0 0 0 0 0 0 0 0 0]
 [0 0 0 0 0 0 0 0 0 0]
 [0 0 0 0 0 0 0 0 0 0]
 [0 0 0 0 0 0 0 0 0 0]
 [0 0 0 0 0 0 0 0 0 0]
 [0 0 0 0 0 0 0 1 0 0]]
branch at -1
runtime for solving id of Q is 0.0007734871469438076
Simulation results:
{'J': 25, 'K': 10, 'N': 10, 'p': 0.1, 'seed': 16, 'sim': 4, 'runtime': 0.0007734871469438076, 'identifiable': 0, 'branch': -1}
5
Q: [[1 1 0 0 1 0 0 0 0 1]
 [0 0 0 0 0 0 0 0 0 0]
 [0 0 0 1 0 0 0 0 0 0]
 [0 0 0 0 0 0 0 0 0 0]
 [0 0 0 0 0 0 1 0 0 0]
 [0 0 0 0 0 0 1 0 0 0]
 [1 0 1 1 0 0 0 0 0 0]
 [0 0 0 0 0 0 0 0 0 1]
 [0 0 0 0 0 0 0 0 0 0]
 [0 0 0 0 0 0 0 0 0 0]
 [0 0 0 0 0 0 0 0 0 0]
 [1 0 0 0 0 0 0 0 0 0]
 [0 0 0 0 0 0 0 0 0 0]
 [1 0 0 0 0 0 0 0 1 1]
 [0 1 0 0 0 0 0 0 1 0]
 [0 0 1 0 0 0 1 0 0 0]
 [0 0 0 0 1 0 0 0 0 0]
 [0 0 0 0 0 0 0 0 0 0]
 [0 0 1 0 0 0 0 0 0 0]
 [0 0 0 0 0 0 0 0 0 0]
 [0 0 0 0 0 0 0 1 0 0]
 [0 0 0 0 0 0 0 0 0 0]
 [0 0 1 0 0 0 0 1 0 0]
 [1 0 0 0 0 1 0 0 0 0]
 [1 0 0 0 0 0 0 0 0 1]]
Q is not identifiable (two-column submatrix not identifiable).
Q is not identifiable, and Q_bar is [[1 1 0 0 1 0 0 0 0 1]
 [0 0 0 0 0 0 0 0 0 0]
 [0 0 0 1 0 0 0 0 0 0]
 [0 0 0 0 0 0 0 0 0 0]
 [0 0 0 0 0 0 1 0 0 0]
 [0 0 0 0 0 0 1 0 0 0]
 [1 0 1 1 0 0 0 0 0 0]
 [0 0 0 0 0 0 0 0 0 1]
 [0 0 0 0 0 0 0 0 0 0]
 [0 0 0 0 0 0 0 0 0 0]
 [0 0 0 0 0 0 0 0 0 0]
 [1 0 0 0 0 0 0 0 0 0]
 [0 0 0 0 0 0 0 0 0 0]
 [1 0 0 0 0 0 0 0 1 1]
 [0 1 0 0 0 0 0 0 1 0]
 [0 0 1 0 0 0 1 0 0 0]
 [0 0 0 0 1 0 0 0 0 0]
 [0 0 0 0 0 0 0 0 0 0]
 [0 0 1 0 0 0 0 0 0 0]
 [0 0 0 0 0 0 0 0 0 0]
 [0 0 0 0 0 0 0 1 0 0]
 [0 0 0 0 0 0 0 0 0 0]
 [0 0 1 0 0 0 0 1 0 0]
 [0 0 0 0 0 1 0 0 0 0]
 [1 0 0 0 0 0 0 0 0 1]]
branch at 2
runtime for solving id of Q is 0.0022202469408512115
Simulation results:
{'J': 25, 'K': 10, 'N': 10, 'p': 0.1, 'seed': 16, 'sim': 5, 'runtime': 0.0022202469408512115, 'identifiable': 0, 'branch': 2}
6
Q: [[1 0 0 0 0 0 0 0 0 0]
 [0 0 0 0 0 0 0 0 0 0]
 [0 0 0 0 0 1 0 0 0 0]
 [0 1 0 0 0 1 0 0 0 0]
 [0 0 0 0 0 0 1 0 0 0]
 [0 0 1 0 0 0 0 0 0 0]
 [0 0 1 0 0 1 0 0 0 0]
 [0 0 0 0 0 0 0 0 0 0]
 [0 1 0 0 0 0 0 0 0 0]
 [0 0 0 0 0 0 0 0 1 0]
 [0 0 1 0 0 0 0 1 1 0]
 [0 0 0 1 0 1 0 0 0 0]
 [0 0 0 0 0 0 0 0 0 0]
 [0 1 0 0 0 0 0 0 0 0]
 [0 0 0 0 0 1 0 0 0 0]
 [1 0 1 0 0 0 1 0 0 0]
 [0 0 0 1 0 0 0 1 0 0]
 [0 0 0 0 0 0 0 0 0 0]
 [0 0 0 1 0 0 1 0 0 0]
 [0 0 0 0 0 0 0 1 0 0]
 [0 1 0 0 0 0 0 0 0 0]
 [0 0 0 0 0 0 0 0 0 0]
 [0 0 0 0 0 0 0 0 0 0]
 [1 0 0 0 0 0 1 0 0 0]
 [1 0 0 0 0 0 0 0 0 0]]
Q is trivially not identifiable (all zero column).
Q is not identifiable, and Q_bar is [[1 0 0 0 1 0 0 0 0 0]
 [0 0 0 0 0 0 0 0 0 0]
 [0 0 0 0 1 1 0 0 0 0]
 [0 1 0 0 1 1 0 0 0 0]
 [0 0 0 0 1 0 1 0 0 0]
 [0 0 1 0 1 0 0 0 0 0]
 [0 0 1 0 1 1 0 0 0 0]
 [0 0 0 0 0 0 0 0 0 0]
 [0 1 0 0 1 0 0 0 0 0]
 [0 0 0 0 1 0 0 0 1 0]
 [0 0 1 0 1 0 0 1 1 0]
 [0 0 0 1 1 1 0 0 0 0]
 [0 0 0 0 0 0 0 0 0 0]
 [0 1 0 0 1 0 0 0 0 0]
 [0 0 0 0 1 1 0 0 0 0]
 [1 0 1 0 1 0 1 0 0 0]
 [0 0 0 1 1 0 0 1 0 0]
 [0 0 0 0 0 0 0 0 0 0]
 [0 0 0 1 1 0 1 0 0 0]
 [0 0 0 0 1 0 0 1 0 0]
 [0 1 0 0 1 0 0 0 0 0]
 [0 0 0 0 0 0 0 0 0 0]
 [0 0 0 0 0 0 0 0 0 0]
 [1 0 0 0 1 0 1 0 0 0]
 [1 0 0 0 1 0 0 0 0 0]]
branch at 0
runtime for solving id of Q is 0.000971395056694746
Simulation results:
{'J': 25, 'K': 10, 'N': 10, 'p': 0.1, 'seed': 16, 'sim': 6, 'runtime': 0.000971395056694746, 'identifiable': 0, 'branch': 0}
7
Q: [[0 0 0 0 0 0 0 0 0 1]
 [0 0 0 1 0 0 0 0 0 0]
 [0 0 0 0 0 0 0 0 0 0]
 [0 0 0 0 0 0 0 0 0 1]
 [0 0 0 0 0 0 0 0 0 0]
 [0 0 0 0 0 0 0 0 1 0]
 [0 0 0 0 0 0 0 0 0 0]
 [0 0 0 0 0 0 0 1 1 1]
 [0 0 1 0 0 0 0 0 0 0]
 [0 0 0 0 0 0 0 0 0 0]
 [0 0 1 0 0 0 0 0 0 0]
 [1 0 0 0 0 0 0 1 0 0]
 [0 1 0 0 0 0 0 0 0 0]
 [0 0 0 0 0 0 0 0 0 0]
 [0 0 0 0 0 0 0 0 0 1]
 [1 0 0 0 0 0 0 0 0 0]
 [0 0 0 0 0 1 0 0 0 0]
 [0 0 0 0 1 0 0 0 1 0]
 [0 0 0 0 0 0 0 0 0 0]
 [0 0 0 0 0 0 0 0 0 0]
 [0 0 0 0 0 0 1 0 0 0]
 [0 0 0 0 0 0 0 0 0 0]
 [0 0 0 0 0 0 0 0 0 0]
 [0 0 0 0 0 0 0 1 0 0]
 [0 0 0 0 0 0 0 0 0 0]]
Q is not identifiable (two-column submatrix not identifiable).
Q is not identifiable, and Q_bar is [[0 0 0 0 0 0 0 0 0 1]
 [0 0 0 1 0 0 0 0 0 0]
 [0 0 0 0 0 0 0 0 0 0]
 [0 0 0 0 0 0 0 0 0 1]
 [0 0 0 0 0 0 0 0 0 0]
 [0 0 0 0 0 0 0 0 1 0]
 [0 0 0 0 0 0 0 0 0 0]
 [0 0 0 0 0 0 0 1 1 1]
 [0 0 1 0 0 0 0 0 0 0]
 [0 0 0 0 0 0 0 0 0 0]
 [0 0 1 0 0 0 0 0 0 0]
 [1 0 0 0 0 0 0 1 0 0]
 [0 1 0 0 0 0 0 0 0 0]
 [0 0 0 0 0 0 0 0 0 0]
 [0 0 0 0 0 0 0 0 0 1]
 [1 0 0 0 0 0 0 0 0 0]
 [0 0 0 0 0 1 0 0 0 0]
 [0 0 0 0 1 0 0 0 0 0]
 [0 0 0 0 0 0 0 0 0 0]
 [0 0 0 0 0 0 0 0 0 0]
 [0 0 0 0 0 0 1 0 0 0]
 [0 0 0 0 0 0 0 0 0 0]
 [0 0 0 0 0 0 0 0 0 0]
 [0 0 0 0 0 0 0 1 0 0]
 [0 0 0 0 0 0 0 0 0 0]]
branch at 2
runtime for solving id of Q is 0.002199342008680105
Simulation results:
{'J': 25, 'K': 10, 'N': 10, 'p': 0.1, 'seed': 16, 'sim': 7, 'runtime': 0.002199342008680105, 'identifiable': 0, 'branch': 2}
8
Q: [[1 0 0 0 0 0 0 0 0 0]
 [1 0 0 1 0 0 1 1 0 0]
 [0 0 1 0 0 0 0 0 0 0]
 [0 0 0 0 0 0 0 0 0 0]
 [0 0 0 0 0 0 0 0 1 0]
 [0 0 0 0 0 0 0 0 1 0]
 [0 0 0 0 0 0 0 1 0 0]
 [0 0 0 0 0 0 0 0 0 0]
 [0 0 0 0 0 0 0 0 0 0]
 [0 0 1 0 0 0 0 0 0 0]
 [1 1 0 0 0 0 0 0 0 0]
 [0 0 0 0 0 0 0 0 1 0]
 [0 0 0 0 0 0 0 0 0 0]
 [0 0 0 0 0 0 0 0 1 0]
 [1 0 0 0 0 0 0 0 0 1]
 [1 1 0 0 0 1 0 0 1 0]
 [0 1 0 0 0 0 0 0 0 1]
 [0 0 1 0 0 0 0 0 0 0]
 [0 0 0 0 0 0 0 0 0 0]
 [0 0 0 1 0 0 0 0 0 1]
 [0 0 0 0 0 0 0 0 0 0]
 [0 0 0 0 0 0 1 0 1 0]
 [1 0 0 0 0 0 0 0 0 1]
 [0 0 0 0 0 0 0 0 0 0]
 [0 0 0 0 0 0 0 0 0 0]]
Q is trivially not identifiable (all zero column).
Q is not identifiable, and Q_bar is [[1 0 0 0 1 0 0 0 0 0]
 [1 0 0 1 1 0 1 1 0 0]
 [0 0 1 0 1 0 0 0 0 0]
 [0 0 0 0 0 0 0 0 0 0]
 [0 0 0 0 1 0 0 0 1 0]
 [0 0 0 0 1 0 0 0 1 0]
 [0 0 0 0 1 0 0 1 0 0]
 [0 0 0 0 0 0 0 0 0 0]
 [0 0 0 0 0 0 0 0 0 0]
 [0 0 1 0 1 0 0 0 0 0]
 [1 1 0 0 1 0 0 0 0 0]
 [0 0 0 0 1 0 0 0 1 0]
 [0 0 0 0 0 0 0 0 0 0]
 [0 0 0 0 1 0 0 0 1 0]
 [1 0 0 0 1 0 0 0 0 1]
 [1 1 0 0 1 1 0 0 1 0]
 [0 1 0 0 1 0 0 0 0 1]
 [0 0 1 0 1 0 0 0 0 0]
 [0 0 0 0 0 0 0 0 0 0]
 [0 0 0 1 1 0 0 0 0 1]
 [0 0 0 0 0 0 0 0 0 0]
 [0 0 0 0 1 0 1 0 1 0]
 [1 0 0 0 1 0 0 0 0 1]
 [0 0 0 0 0 0 0 0 0 0]
 [0 0 0 0 0 0 0 0 0 0]]
branch at 0
runtime for solving id of Q is 0.0011968323960900307
Simulation results:
{'J': 25, 'K': 10, 'N': 10, 'p': 0.1, 'seed': 16, 'sim': 8, 'runtime': 0.0011968323960900307, 'identifiable': 0, 'branch': 0}
9
Q: [[0 0 0 0 0 0 0 1 0 0]
 [0 0 0 0 1 0 0 0 0 0]
 [0 0 0 0 0 0 0 0 0 0]
 [1 0 0 0 0 0 0 0 0 0]
 [1 0 0 0 0 0 0 0 0 0]
 [0 1 0 0 0 0 0 0 0 0]
 [0 0 0 0 0 0 0 0 0 0]
 [1 0 0 0 0 1 0 1 0 0]
 [0 0 0 0 0 0 0 0 0 0]
 [0 0 0 0 0 0 0 0 0 0]
 [0 0 0 0 0 0 1 0 0 0]
 [0 1 0 0 0 0 1 0 0 1]
 [0 0 0 0 0 1 0 0 0 0]
 [0 0 0 0 0 0 0 1 0 0]
 [0 0 0 0 0 0 0 0 0 0]
 [0 0 0 0 0 0 0 0 0 0]
 [0 1 0 0 0 0 0 1 0 0]
 [0 0 0 1 0 0 0 0 0 0]
 [0 0 0 0 0 0 0 0 0 0]
 [0 0 0 0 0 0 1 0 0 0]
 [0 0 0 0 0 1 0 0 0 0]
 [0 1 0 0 0 0 0 0 0 0]
 [0 0 0 0 0 0 0 0 1 0]
 [0 0 0 1 0 0 0 0 0 0]
 [0 1 0 0 0 0 0 0 0 0]]
Q_basis with dimensions J < K, thus not identifiable.
Q is not identifiable, and Q_bar is [[0 1 0 0 0 0 0 0 0 0]
 [0 0 0 0 1 0 0 0 0 0]
 [0 0 0 0 0 0 0 0 0 0]
 [0 0 0 0 0 0 0 0 1 0]
 [0 0 0 0 0 0 0 0 1 0]
 [0 0 0 0 0 0 1 0 0 0]
 [0 0 0 0 0 0 0 0 0 0]
 [0 1 0 1 0 0 0 0 1 0]
 [0 0 0 0 0 0 0 0 0 0]
 [0 0 0 0 0 0 0 0 0 0]
 [0 0 1 0 0 0 0 0 0 0]
 [0 0 0 0 0 0 0 1 0 0]
 [0 0 0 1 0 0 0 0 0 0]
 [0 1 0 0 0 0 0 0 0 0]
 [0 0 0 0 0 0 0 0 0 0]
 [0 0 0 0 0 0 0 0 0 0]
 [0 1 0 0 0 0 1 0 0 0]
 [0 0 0 0 0 1 0 0 0 0]
 [0 0 0 0 0 0 0 0 0 0]
 [0 0 1 0 0 0 0 0 0 0]
 [0 0 0 1 0 0 0 0 0 0]
 [0 0 0 0 0 0 1 0 0 0]
 [1 0 0 0 0 0 0 0 0 0]
 [0 0 0 0 0 1 0 0 0 0]
 [0 0 0 0 0 0 1 0 0 0]]
branch at -1
runtime for solving id of Q is 0.0010611996985971928
Simulation results:
{'J': 25, 'K': 10, 'N': 10, 'p': 0.1, 'seed': 16, 'sim': 9, 'runtime': 0.0010611996985971928, 'identifiable': 0, 'branch': -1}
Simulation results:
[{'J': 25, 'K': 10, 'N': 10, 'p': 0.1, 'seed': 16, 'sim': 0, 'runtime': 0.001008724793791771, 'identifiable': 0, 'branch': -1}, {'J': 25, 'K': 10, 'N': 10, 'p': 0.1, 'seed': 16, 'sim': 1, 'runtime': 0.0013622818514704704, 'identifiable': 0, 'branch': 0}, {'J': 25, 'K': 10, 'N': 10, 'p': 0.1, 'seed': 16, 'sim': 2, 'runtime': 0.0015367083251476288, 'identifiable': 0, 'branch': 0}, {'J': 25, 'K': 10, 'N': 10, 'p': 0.1, 'seed': 16, 'sim': 3, 'runtime': 0.0012776777148246765, 'identifiable': 0, 'branch': 2}, {'J': 25, 'K': 10, 'N': 10, 'p': 0.1, 'seed': 16, 'sim': 4, 'runtime': 0.0007734871469438076, 'identifiable': 0, 'branch': -1}, {'J': 25, 'K': 10, 'N': 10, 'p': 0.1, 'seed': 16, 'sim': 5, 'runtime': 0.0022202469408512115, 'identifiable': 0, 'branch': 2}, {'J': 25, 'K': 10, 'N': 10, 'p': 0.1, 'seed': 16, 'sim': 6, 'runtime': 0.000971395056694746, 'identifiable': 0, 'branch': 0}, {'J': 25, 'K': 10, 'N': 10, 'p': 0.1, 'seed': 16, 'sim': 7, 'runtime': 0.002199342008680105, 'identifiable': 0, 'branch': 2}, {'J': 25, 'K': 10, 'N': 10, 'p': 0.1, 'seed': 16, 'sim': 8, 'runtime': 0.0011968323960900307, 'identifiable': 0, 'branch': 0}, {'J': 25, 'K': 10, 'N': 10, 'p': 0.1, 'seed': 16, 'sim': 9, 'runtime': 0.0010611996985971928, 'identifiable': 0, 'branch': -1}]
