
The Gurobi software has a limited number of licenses. To request a license or
licenses, add this line

    #SBATCH --licenses=gurobi@slurmdb:1

to your SBATCH script, replacing N with the number of licenses you need. Gurobi
will need one license per process.


0
Q: [[1 0 1 0 1 0 1 1 0 0 0 0 1 0 0]
 [1 1 0 0 1 1 0 0 0 0 1 0 0 0 0]
 [1 1 1 0 0 0 0 0 0 0 1 1 1 0 0]
 [0 1 0 0 1 0 1 0 0 0 0 0 0 0 0]
 [0 0 1 0 1 0 1 0 0 0 0 1 1 0 1]
 [1 0 0 0 1 1 0 1 1 0 0 1 0 1 0]
 [1 1 1 1 1 0 1 0 1 1 0 0 1 0 0]
 [0 1 0 0 0 1 0 0 1 0 0 1 1 0 0]
 [1 0 0 1 1 0 1 0 0 0 1 0 0 1 1]
 [1 1 0 0 0 0 0 0 0 1 0 0 0 0 0]
 [0 1 1 0 1 1 0 0 0 0 0 1 0 1 0]
 [0 0 0 1 0 1 1 1 0 1 1 1 0 0 1]
 [0 1 1 1 0 1 0 1 1 1 0 1 1 0 0]
 [0 0 0 0 0 1 0 0 0 1 0 1 0 0 0]
 [0 0 1 1 0 0 0 1 0 1 1 1 0 0 0]
 [0 0 0 1 1 0 0 1 0 0 0 0 0 0 0]
 [0 1 0 0 0 1 0 1 0 0 1 0 0 0 0]
 [0 0 0 0 0 0 0 0 0 0 1 0 1 0 0]
 [1 0 0 1 1 1 0 1 1 0 0 1 0 1 0]
 [0 1 1 0 0 1 0 1 0 0 0 0 0 1 0]
 [1 0 0 0 1 0 1 0 1 0 0 1 1 0 0]
 [0 1 0 0 1 0 0 0 1 1 0 0 0 1 0]
 [1 0 0 0 1 0 1 1 1 0 0 1 0 0 1]
 [1 0 0 0 0 0 1 1 1 1 1 0 0 0 1]
 [0 0 1 0 0 1 1 0 1 0 0 1 1 0 0]
 [0 1 1 1 0 0 1 0 0 1 1 0 0 1 0]
 [0 1 0 0 0 0 0 1 1 0 0 0 0 1 0]
 [0 1 0 0 0 1 0 1 1 1 0 0 1 0 0]
 [0 0 1 1 0 0 0 1 0 0 1 0 0 0 1]
 [0 0 1 0 0 0 1 1 0 1 0 0 0 0 1]
 [1 0 0 0 0 0 0 1 1 0 0 0 1 0 0]
 [0 0 0 0 0 0 0 1 1 0 0 0 1 0 1]
 [0 1 1 0 1 0 1 1 0 0 0 0 0 0 0]
 [1 0 0 0 0 0 1 1 1 1 1 1 0 1 1]
 [1 1 0 0 0 1 1 1 1 1 0 0 0 0 1]
 [0 1 1 0 0 1 0 0 1 1 1 0 0 0 1]
 [0 0 0 0 0 1 0 1 0 1 0 0 0 0 0]
 [0 1 1 0 1 0 0 1 1 1 1 0 0 1 1]
 [0 0 1 1 0 0 0 0 0 0 0 1 1 0 1]
 [0 0 1 0 0 0 0 1 1 0 1 1 1 0 0]
 [1 1 0 1 0 0 0 0 1 0 1 0 0 0 0]
 [1 0 1 1 0 0 0 0 1 0 0 1 0 1 0]
 [0 1 0 1 0 0 1 1 0 1 0 0 1 0 0]
 [0 0 1 1 0 0 1 1 1 0 1 1 0 1 0]
 [0 0 1 1 1 1 0 0 0 0 0 0 0 0 0]
 [0 1 1 1 1 0 0 0 0 1 1 0 1 1 0]
 [1 0 0 0 1 1 1 0 1 0 1 0 0 0 1]
 [0 0 1 0 0 0 1 1 0 0 0 1 0 0 0]
 [0 0 0 0 0 0 1 0 0 0 1 0 0 0 0]
 [1 0 0 0 0 0 1 0 0 1 0 0 0 0 0]]
{'restarts': 21, 'conflicts': 4345, 'decisions': 12509, 'propagations': 35468367}
Q is identifiable
branch at 6
runtime for solving id of Q is 9.820828576106578
Simulation results:
{'J': 50, 'K': 15, 'N': 10, 'p': 0.4, 'seed': 61, 'sim': 0, 'runtime': 9.820828576106578, 'identifiable': 1, 'branch': 6}
1
Q: [[0 1 1 0 0 0 0 1 0 0 0 1 0 0 0]
 [0 0 0 0 1 0 0 0 1 0 0 0 1 0 0]
 [0 0 0 0 1 0 0 1 0 0 1 0 1 0 0]
 [1 1 1 1 0 0 0 1 0 1 0 1 0 0 0]
 [0 1 1 1 0 1 1 0 0 0 0 1 1 0 0]
 [0 0 1 0 1 0 1 0 1 0 1 1 0 1 0]
 [0 0 1 0 0 0 1 0 0 0 0 0 1 0 0]
 [1 0 0 1 1 0 1 0 1 0 1 0 0 0 1]
 [0 0 1 0 1 0 0 0 0 1 1 1 0 1 0]
 [0 0 0 1 0 0 1 0 0 1 0 1 1 0 0]
 [1 0 0 1 0 0 0 0 1 1 1 0 1 0 0]
 [0 1 1 1 1 1 0 1 0 1 1 1 0 0 0]
 [0 1 0 0 0 1 1 0 0 1 0 1 1 0 0]
 [0 0 0 0 0 1 1 1 0 0 0 0 0 0 0]
 [0 0 0 0 0 1 1 0 0 1 0 0 0 1 0]
 [1 1 0 1 1 0 1 1 0 0 0 0 0 0 0]
 [0 0 1 1 0 0 0 0 0 0 0 1 1 0 0]
 [0 1 0 0 1 0 1 1 0 0 0 1 0 1 1]
 [0 0 0 0 0 1 1 0 0 0 0 0 0 1 0]
 [1 1 0 0 0 1 0 0 1 0 0 1 0 0 1]
 [0 0 0 0 1 0 0 1 0 0 1 0 1 0 1]
 [1 0 0 1 0 0 0 1 1 1 0 1 1 0 0]
 [1 1 1 0 0 1 1 0 0 1 1 1 0 0 0]
 [0 1 1 1 1 0 0 0 1 1 1 1 1 0 0]
 [0 0 0 0 1 1 1 0 1 0 0 1 1 0 0]
 [1 1 0 0 1 0 0 0 1 0 1 0 0 1 0]
 [0 0 0 0 0 0 1 0 0 1 1 1 0 1 0]
 [1 1 0 1 1 0 1 0 0 0 0 1 0 0 0]
 [1 1 0 0 1 0 0 0 0 1 1 1 1 1 1]
 [0 0 0 1 0 0 0 1 1 0 1 0 0 0 1]
 [1 0 1 0 0 0 0 0 1 0 0 0 0 0 0]
 [0 1 0 0 1 0 0 1 1 0 0 0 0 0 0]
 [0 0 0 0 0 0 1 0 1 0 0 0 0 1 1]
 [0 0 0 0 1 0 0 0 0 0 0 0 0 0 1]
 [0 0 0 0 0 0 0 0 1 0 1 0 1 0 1]
 [1 1 1 0 1 1 0 0 0 1 0 0 0 0 0]
 [0 0 0 0 0 0 0 0 0 0 0 0 0 1 0]
 [1 0 1 1 1 0 1 1 0 0 0 1 1 0 1]
 [1 0 0 1 1 0 0 0 0 0 1 0 0 1 0]
 [1 0 0 0 1 1 1 0 0 1 0 0 0 1 0]
 [1 1 0 0 0 0 1 0 0 0 1 0 0 0 0]
 [0 0 0 0 1 0 1 1 1 0 1 0 1 0 0]
 [0 1 0 0 0 0 1 0 0 0 0 0 0 1 1]
 [1 0 1 0 0 0 1 1 1 0 1 0 0 0 0]
 [1 1 0 1 0 0 0 0 1 0 0 0 0 0 0]
 [0 1 0 1 0 0 1 1 1 0 0 0 0 0 0]
 [0 0 0 1 1 0 1 1 1 1 1 1 0 0 0]
 [1 1 1 1 0 0 1 0 0 1 0 1 0 1 0]
 [1 0 1 0 0 1 0 1 0 1 0 0 1 0 1]
 [1 0 0 0 1 0 0 1 0 0 1 1 1 0 0]]
{'restarts': 19, 'conflicts': 3630, 'decisions': 9262, 'propagations': 30744946}
Q is identifiable
branch at 6
runtime for solving id of Q is 9.298208430875093
Simulation results:
{'J': 50, 'K': 15, 'N': 10, 'p': 0.4, 'seed': 61, 'sim': 1, 'runtime': 9.298208430875093, 'identifiable': 1, 'branch': 6}
2
Q: [[1 0 0 1 0 1 1 0 0 1 0 1 1 0 1]
 [0 1 0 0 0 0 0 0 1 0 0 0 1 1 1]
 [1 0 0 0 0 0 0 1 0 0 0 0 0 0 1]
 [0 0 0 0 0 0 0 1 0 1 1 1 0 1 1]
 [0 1 1 0 0 0 0 0 1 0 0 1 0 0 0]
 [0 0 0 1 1 1 1 0 0 0 0 0 0 0 1]
 [1 0 1 0 1 0 0 0 0 0 0 0 1 1 0]
 [1 0 1 1 0 0 1 0 1 1 0 1 0 0 1]
 [1 1 0 0 0 0 0 0 0 1 0 0 1 0 0]
 [0 1 1 0 0 1 0 0 1 0 0 1 0 0 1]
 [0 1 1 0 1 1 1 1 1 1 0 1 0 1 1]
 [0 0 1 1 1 0 0 0 0 0 0 0 0 0 1]
 [0 0 0 1 1 0 0 1 1 1 0 0 1 1 0]
 [1 0 0 0 0 1 1 0 0 0 0 1 0 1 0]
 [0 1 0 1 1 0 1 0 0 0 1 1 0 1 0]
 [1 0 1 0 0 1 1 1 1 0 1 1 0 1 0]
 [0 1 0 0 1 1 1 0 0 0 1 1 0 0 0]
 [0 1 0 0 0 0 0 0 1 1 1 1 0 1 1]
 [1 0 1 1 0 0 1 1 0 0 0 0 1 0 1]
 [0 1 0 0 1 0 0 0 0 0 0 0 0 1 0]
 [1 0 0 0 0 0 1 1 0 0 1 1 0 0 1]
 [0 1 0 0 0 0 0 0 0 0 1 1 0 1 1]
 [0 0 0 0 0 0 0 0 1 0 1 0 0 0 1]
 [1 0 0 0 0 0 0 0 0 1 0 1 0 0 0]
 [0 0 1 1 0 0 0 0 1 0 0 0 1 0 1]
 [0 1 0 0 1 0 0 1 1 1 1 1 0 1 1]
 [0 1 0 0 1 1 0 1 1 0 0 0 1 0 0]
 [1 1 0 1 1 0 0 1 0 0 0 0 1 0 1]
 [1 1 1 0 1 0 1 1 0 1 1 0 1 1 0]
 [1 1 0 0 1 0 0 0 0 0 0 0 0 1 0]
 [0 1 0 1 1 0 0 1 0 1 0 1 0 0 0]
 [0 0 1 1 0 0 0 0 0 0 1 0 1 0 0]
 [1 1 0 0 0 1 0 0 0 0 1 0 1 1 0]
 [1 1 1 1 0 1 1 0 0 0 0 0 0 0 1]
 [0 0 0 0 1 0 0 0 0 0 0 0 0 0 0]
 [0 1 0 0 0 0 0 0 0 1 1 1 0 1 1]
 [0 0 1 1 0 1 0 1 0 1 0 1 1 0 0]
 [1 1 1 0 0 0 0 0 1 1 1 1 0 1 1]
 [0 1 1 0 1 0 1 0 0 1 0 1 0 0 0]
 [0 0 0 1 1 0 0 0 0 1 0 0 1 0 0]
 [1 0 0 0 1 0 0 0 0 1 0 0 0 1 1]
 [1 0 0 0 1 1 0 1 1 1 0 0 1 0 0]
 [0 1 1 0 0 0 1 0 1 1 1 0 0 0 0]
 [0 0 0 0 0 0 0 0 0 1 1 0 1 0 0]
 [0 0 0 1 1 1 0 0 1 1 1 1 0 0 1]
 [0 1 0 0 1 1 1 0 1 1 0 0 0 1 0]
 [0 1 0 0 0 0 1 1 1 0 0 1 0 1 1]
 [0 0 1 0 0 0 1 0 0 0 0 0 0 1 0]
 [1 1 0 0 1 0 0 0 1 0 1 0 1 0 0]
 [1 1 1 1 1 1 1 1 1 0 1 1 1 1 1]]
{'restarts': 25, 'conflicts': 7807, 'decisions': 19355, 'propagations': 61037785}
Q is identifiable
branch at 6
runtime for solving id of Q is 12.713256036862731
Simulation results:
{'J': 50, 'K': 15, 'N': 10, 'p': 0.4, 'seed': 61, 'sim': 2, 'runtime': 12.713256036862731, 'identifiable': 1, 'branch': 6}
3
Q: [[0 1 1 0 0 1 0 0 0 0 1 1 0 1 1]
 [1 0 1 0 0 1 0 0 1 0 0 1 0 0 0]
 [1 1 0 0 1 1 1 0 0 0 0 0 0 0 1]
 [1 0 1 0 1 0 0 1 0 0 0 0 0 1 1]
 [0 0 0 0 0 0 1 0 1 1 1 0 0 0 1]
 [0 0 0 1 1 0 0 0 0 0 1 1 1 1 1]
 [0 1 1 0 0 1 0 0 1 1 0 1 1 0 0]
 [0 0 0 0 1 0 0 1 0 0 0 0 0 0 0]
 [0 0 0 1 0 0 1 0 0 0 0 1 0 0 0]
 [1 1 0 0 1 0 0 1 0 1 0 1 0 0 1]
 [1 0 0 0 0 0 0 1 0 0 1 0 0 0 0]
 [0 1 1 1 0 1 1 1 0 0 0 0 0 1 1]
 [1 0 1 0 1 0 0 0 0 0 0 1 0 0 1]
 [1 0 1 0 0 0 0 0 0 1 1 1 0 0 1]
 [0 0 1 0 0 0 1 1 0 0 0 0 0 0 1]
 [0 0 0 0 1 0 0 0 1 1 1 0 1 0 0]
 [0 0 0 0 0 1 1 0 0 0 1 0 1 0 0]
 [1 0 0 0 1 0 1 1 0 1 1 0 0 0 1]
 [0 0 0 1 0 1 0 0 1 0 0 0 0 0 1]
 [0 1 0 1 1 0 0 1 0 0 0 0 0 0 0]
 [0 0 0 0 0 1 0 0 1 0 1 0 0 0 0]
 [0 0 0 1 1 0 0 1 0 0 0 0 0 0 0]
 [0 1 0 1 0 0 0 0 1 0 1 1 0 0 1]
 [1 0 0 1 1 0 1 0 0 1 0 0 0 1 1]
 [0 1 1 1 0 0 0 0 1 0 1 0 0 1 1]
 [0 0 1 1 0 0 0 0 0 1 1 0 1 0 0]
 [1 0 1 1 0 1 0 1 0 1 1 0 0 0 1]
 [0 1 0 0 1 0 0 0 1 1 1 0 1 1 0]
 [0 1 0 1 0 1 0 0 1 0 0 1 1 1 1]
 [0 0 0 1 1 0 1 0 0 1 1 1 1 0 1]
 [0 0 0 0 0 0 0 1 0 0 0 0 0 0 0]
 [0 0 1 1 1 1 0 1 0 0 0 1 0 0 0]
 [1 0 1 0 1 0 0 1 0 0 1 1 0 1 1]
 [0 0 0 0 1 0 0 1 0 0 0 0 0 1 1]
 [0 0 0 0 0 0 1 0 0 0 1 0 1 0 0]
 [0 1 0 0 0 0 1 0 0 0 0 1 0 1 0]
 [0 1 0 1 0 0 0 1 1 0 1 0 0 1 0]
 [1 0 0 0 1 1 1 1 0 0 0 0 1 0 1]
 [0 1 0 1 0 1 1 1 1 1 0 0 0 1 0]
 [1 0 0 0 1 0 0 0 0 1 0 0 0 0 0]
 [0 0 1 0 0 0 0 1 0 0 1 0 0 0 0]
 [0 0 0 0 0 1 1 1 0 0 0 1 0 0 0]
 [0 0 1 0 1 0 0 0 0 0 0 0 0 0 0]
 [1 1 0 1 0 0 0 0 0 0 1 0 1 0 0]
 [1 0 0 1 0 1 0 0 1 0 0 1 0 0 0]
 [1 0 0 0 0 0 0 1 0 1 1 0 0 0 0]
 [0 1 0 0 0 1 0 1 0 1 0 0 1 0 0]
 [0 1 1 1 0 1 1 0 1 0 0 1 1 1 1]
 [0 0 1 0 0 0 0 1 1 1 0 0 0 0 1]
 [1 0 1 1 1 0 1 1 0 0 0 1 0 1 0]]
{'restarts': 20, 'conflicts': 4496, 'decisions': 10576, 'propagations': 36938983}
Q is identifiable
branch at 6
runtime for solving id of Q is 9.74379395879805
Simulation results:
{'J': 50, 'K': 15, 'N': 10, 'p': 0.4, 'seed': 61, 'sim': 3, 'runtime': 9.74379395879805, 'identifiable': 1, 'branch': 6}
4
Q: [[1 0 1 0 1 0 1 1 1 0 1 0 0 0 0]
 [0 0 0 0 0 1 1 1 0 1 1 0 0 0 0]
 [1 1 1 1 0 0 0 0 0 1 1 1 1 0 1]
 [0 0 0 0 0 1 0 1 1 1 0 1 0 0 0]
 [1 0 0 1 0 0 1 1 1 0 1 1 1 1 0]
 [1 0 0 1 1 0 0 0 1 0 0 0 0 0 1]
 [1 0 0 0 0 1 1 0 1 0 0 1 0 0 1]
 [1 0 0 0 1 0 1 1 0 0 0 0 1 0 1]
 [1 0 0 0 0 0 0 1 0 0 0 0 1 1 1]
 [0 1 0 0 1 1 1 0 0 0 1 0 0 0 0]
 [0 0 1 0 0 0 0 1 1 0 0 1 1 1 1]
 [1 0 0 0 0 0 1 1 0 1 0 1 0 1 1]
 [1 0 0 0 1 0 1 0 0 1 0 0 0 0 0]
 [0 1 0 1 0 0 1 0 0 0 0 0 1 0 0]
 [0 1 0 0 0 0 1 0 0 1 0 0 0 0 1]
 [1 0 0 1 0 0 1 1 0 1 1 0 1 0 1]
 [0 0 1 1 0 1 0 1 1 0 0 1 1 0 0]
 [1 0 0 1 0 1 1 1 1 1 1 1 1 0 0]
 [0 0 0 0 0 1 0 0 1 0 0 1 0 0 0]
 [0 0 1 1 1 1 0 0 0 0 0 1 1 1 1]
 [0 1 1 1 0 0 0 0 0 0 0 1 0 0 1]
 [0 0 0 0 0 0 0 1 0 0 1 1 1 1 1]
 [0 1 0 0 1 1 0 0 0 0 0 0 0 0 0]
 [0 1 0 1 0 0 0 1 1 1 0 0 0 1 1]
 [0 0 0 0 0 1 0 1 0 1 1 0 0 0 0]
 [1 0 0 0 0 0 0 0 1 1 1 0 0 0 0]
 [0 1 0 0 0 0 0 1 0 0 1 0 1 1 0]
 [1 0 1 0 0 0 1 0 1 0 0 0 0 0 0]
 [0 0 1 0 1 1 0 0 0 1 1 0 1 1 1]
 [1 0 0 0 0 0 1 1 0 1 0 0 1 0 1]
 [0 1 1 1 0 0 1 1 0 0 0 1 1 0 0]
 [1 0 0 1 0 0 1 0 0 0 0 1 0 0 0]
 [0 0 1 0 1 1 0 0 0 0 0 0 0 0 1]
 [1 0 0 1 0 0 0 0 1 0 0 1 0 0 1]
 [1 0 0 0 0 1 1 0 0 0 0 0 1 0 0]
 [0 0 1 1 0 0 0 1 0 1 0 1 1 0 0]
 [0 0 1 0 1 1 0 1 1 0 0 0 0 1 1]
 [1 0 0 0 0 1 0 0 0 0 1 0 0 0 0]
 [0 0 0 0 0 1 0 1 0 1 0 1 0 0 0]
 [0 0 0 0 0 1 0 1 0 1 0 1 0 1 0]
 [0 0 0 1 0 0 0 1 1 0 0 0 0 0 0]
 [1 1 0 0 1 1 1 1 1 0 1 1 1 0 0]
 [1 0 1 1 1 1 0 0 0 1 0 0 1 0 1]
 [1 0 1 0 0 1 1 1 0 0 0 1 0 1 0]
 [0 0 0 0 0 1 0 1 1 1 0 0 1 0 1]
 [0 0 1 1 0 1 1 0 1 0 1 1 0 0 0]
 [1 0 0 1 0 1 0 0 1 1 0 0 1 1 1]
 [1 1 1 0 1 1 1 1 1 1 0 0 0 1 0]
 [1 0 1 1 0 0 0 0 0 1 0 0 1 0 1]
 [0 0 1 0 1 0 0 0 1 0 0 1 0 1 1]]
{'restarts': 31, 'conflicts': 9691, 'decisions': 26204, 'propagations': 70519912}
Q is identifiable
branch at 6
runtime for solving id of Q is 14.32587770698592
Simulation results:
{'J': 50, 'K': 15, 'N': 10, 'p': 0.4, 'seed': 61, 'sim': 4, 'runtime': 14.32587770698592, 'identifiable': 1, 'branch': 6}
5
Q: [[1 0 0 1 0 0 0 0 1 0 0 1 0 0 1]
 [1 0 0 0 1 0 0 0 1 0 1 0 1 0 1]
 [0 0 0 0 1 0 0 1 0 0 0 0 0 0 0]
 [1 1 1 0 1 1 1 1 0 1 0 1 1 1 1]
 [0 0 1 0 0 0 1 1 1 0 1 0 1 1 1]
 [0 0 0 0 0 0 0 1 0 1 1 0 1 0 0]
 [0 0 1 0 1 1 0 0 0 0 1 0 0 1 0]
 [1 1 1 0 1 1 0 0 0 1 1 0 0 1 1]
 [0 0 0 0 1 0 0 1 1 1 0 1 1 1 1]
 [0 1 1 0 0 0 1 0 1 0 0 0 1 1 0]
 [0 0 1 0 0 0 0 0 0 0 1 0 0 0 0]
 [0 0 1 0 0 1 0 1 1 0 0 0 0 0 0]
 [0 1 0 0 0 1 0 0 1 0 0 0 0 1 0]
 [1 1 0 0 1 0 1 0 1 0 1 0 0 0 0]
 [0 0 1 0 1 0 0 0 0 1 0 1 1 0 1]
 [0 0 1 1 0 0 0 1 0 0 0 1 1 0 0]
 [0 0 1 0 0 1 0 0 1 0 0 0 1 1 1]
 [0 1 0 0 1 0 1 1 0 1 0 1 1 0 0]
 [1 0 1 0 0 0 0 0 1 0 0 0 0 0 0]
 [0 0 0 0 1 1 0 0 0 0 1 1 0 1 1]
 [1 1 0 1 0 0 0 0 0 1 0 1 0 1 1]
 [0 1 1 0 1 0 1 1 0 0 0 0 0 0 1]
 [1 0 0 0 1 1 0 0 0 0 1 0 0 0 1]
 [1 1 1 1 0 0 1 1 1 0 1 0 0 0 1]
 [0 0 0 1 0 0 0 1 1 0 1 0 1 0 0]
 [0 0 0 0 0 0 0 0 0 1 0 0 0 1 0]
 [1 0 0 0 0 1 1 0 0 0 1 1 1 1 0]
 [0 0 0 1 1 0 0 1 1 1 0 1 0 0 1]
 [0 1 0 0 0 1 0 0 0 1 0 0 1 0 0]
 [0 0 0 0 1 0 0 0 1 0 0 0 1 0 1]
 [0 1 1 0 1 0 1 0 0 0 0 0 0 1 0]
 [0 0 0 0 0 1 0 1 0 0 1 0 0 1 1]
 [0 1 0 0 0 0 0 1 0 0 0 0 0 0 1]
 [0 0 1 1 0 0 0 1 0 1 1 1 0 0 0]
 [0 0 0 1 0 0 1 1 0 1 1 0 0 0 0]
 [1 1 1 1 1 0 0 0 0 0 1 0 1 0 1]
 [0 1 1 0 0 0 1 1 0 0 1 1 0 1 1]
 [0 1 0 1 1 0 1 0 0 0 1 1 0 0 0]
 [1 1 0 1 1 0 1 0 0 0 0 1 1 0 0]
 [0 1 0 0 0 0 0 0 1 0 1 1 0 0 0]
 [1 1 1 0 0 0 1 1 0 1 0 0 0 0 1]
 [0 1 1 0 1 0 0 1 0 0 0 1 0 0 0]
 [0 0 0 1 1 0 0 1 1 0 1 0 0 0 1]
 [0 0 1 1 0 1 1 1 0 1 0 0 0 1 0]
 [0 0 0 0 1 1 0 1 1 0 1 0 1 0 1]
 [0 0 0 1 0 0 0 0 0 1 0 1 0 0 0]
 [0 1 1 1 0 0 0 1 1 0 0 1 0 1 1]
 [0 1 1 1 0 0 1 0 0 0 0 0 0 0 0]
 [0 1 0 0 0 1 1 0 1 0 0 0 0 1 0]
 [0 0 1 0 1 0 0 0 1 0 0 1 0 1 1]]
{'restarts': 38, 'conflicts': 7020, 'decisions': 17753, 'propagations': 62056693}
Q is identifiable
branch at 6
runtime for solving id of Q is 15.048776341136545
Simulation results:
{'J': 50, 'K': 15, 'N': 10, 'p': 0.4, 'seed': 61, 'sim': 5, 'runtime': 15.048776341136545, 'identifiable': 1, 'branch': 6}
6
Q: [[0 1 0 1 1 0 0 1 0 0 1 0 1 0 1]
 [0 0 1 0 0 1 1 0 0 0 0 0 0 0 0]
 [0 0 0 1 0 1 0 0 0 1 1 0 0 0 0]
 [0 1 0 1 0 0 0 1 0 0 1 0 0 0 0]
 [0 0 0 0 0 0 0 0 1 1 1 0 0 0 0]
 [1 0 0 0 0 1 1 1 0 1 1 0 0 0 0]
 [1 1 0 1 0 0 1 0 1 1 0 1 0 0 1]
 [0 0 1 0 1 0 0 1 1 0 0 0 0 1 1]
 [1 1 1 0 1 0 0 0 1 1 1 1 0 0 0]
 [0 1 1 0 1 0 0 0 0 1 1 1 0 0 0]
 [1 1 0 0 1 0 1 0 0 1 0 1 0 1 0]
 [0 0 0 0 1 1 0 0 0 1 0 0 0 0 0]
 [0 0 0 1 1 0 0 0 1 1 1 0 0 0 0]
 [0 1 1 1 0 0 0 0 0 0 0 0 0 1 0]
 [0 0 1 1 0 0 1 0 0 1 1 0 1 0 0]
 [0 1 0 0 0 0 0 1 0 0 1 1 0 1 0]
 [0 0 0 1 0 1 0 0 1 1 0 1 1 1 1]
 [1 1 1 1 1 1 0 0 1 0 1 0 1 1 0]
 [0 0 1 1 1 0 1 1 0 0 0 0 0 0 0]
 [1 0 0 0 1 0 1 1 0 1 1 0 0 0 0]
 [1 0 1 1 0 0 0 0 0 0 0 0 0 0 1]
 [0 1 0 0 1 0 0 1 1 1 1 0 0 0 1]
 [0 1 0 0 0 0 0 1 1 0 1 0 0 1 0]
 [0 0 1 0 1 0 1 0 0 0 0 1 0 0 1]
 [0 1 0 1 1 1 1 1 0 0 0 1 0 1 1]
 [1 0 0 1 0 0 0 1 1 1 0 0 0 1 1]
 [0 1 0 0 0 0 0 0 0 0 1 1 0 0 0]
 [0 0 1 0 0 1 0 1 1 1 1 0 1 0 0]
 [1 1 1 1 0 0 0 0 0 1 0 0 1 0 0]
 [0 1 0 0 1 1 0 1 0 0 0 0 1 1 0]
 [1 1 1 0 0 1 1 0 0 0 0 0 1 1 1]
 [0 0 1 0 1 0 0 0 0 1 0 1 0 1 0]
 [1 0 1 1 0 0 1 1 1 0 0 0 0 0 1]
 [0 1 1 1 0 0 0 0 0 0 0 1 0 1 0]
 [1 1 0 0 1 0 0 0 1 0 0 0 0 0 0]
 [0 1 0 0 0 0 0 0 0 0 1 0 0 1 0]
 [1 0 0 0 1 0 1 0 0 1 1 0 0 0 1]
 [1 1 1 0 1 0 1 0 0 1 1 0 0 0 1]
 [1 0 0 0 0 0 0 0 0 0 1 0 0 1 0]
 [0 0 1 1 1 0 0 0 0 0 0 0 1 0 1]
 [0 1 1 1 1 0 0 1 1 0 1 0 0 0 1]
 [0 0 0 0 0 0 0 1 0 1 0 0 1 1 1]
 [0 1 0 0 0 0 0 0 0 0 0 0 1 1 1]
 [0 0 1 1 0 1 1 0 0 0 1 0 1 0 1]
 [0 0 0 0 1 0 1 1 0 0 0 0 0 0 1]
 [0 0 1 1 1 0 0 1 0 1 0 0 1 1 1]
 [1 1 0 1 0 1 0 1 0 0 1 0 1 0 0]
 [0 0 0 0 1 0 0 0 1 0 1 1 0 0 0]
 [1 0 0 0 1 1 1 0 1 0 0 0 0 0 1]
 [1 1 0 0 0 0 0 1 0 1 1 1 1 1 0]]
{'restarts': 43, 'conflicts': 11669, 'decisions': 25256, 'propagations': 102569444}
Q is identifiable
branch at 6
runtime for solving id of Q is 22.137692744378
Simulation results:
{'J': 50, 'K': 15, 'N': 10, 'p': 0.4, 'seed': 61, 'sim': 6, 'runtime': 22.137692744378, 'identifiable': 1, 'branch': 6}
7
Q: [[0 0 0 1 1 0 0 0 0 1 0 1 0 0 1]
 [1 1 1 1 1 1 1 0 0 0 0 0 1 1 0]
 [1 1 1 1 0 1 0 0 0 1 1 1 0 0 0]
 [1 0 0 1 0 0 1 0 1 1 1 0 0 0 0]
 [0 0 0 1 1 1 0 1 0 0 1 0 0 0 0]
 [1 0 1 0 0 0 0 0 0 1 0 0 0 1 0]
 [0 1 1 1 1 0 0 1 1 1 1 1 0 0 1]
 [0 1 0 1 1 0 1 0 1 1 0 0 1 1 0]
 [0 0 1 1 0 1 1 0 1 1 1 0 0 1 1]
 [1 0 1 0 1 0 1 1 1 0 1 0 0 0 0]
 [0 0 0 0 0 0 1 0 1 0 0 0 0 0 1]
 [0 1 1 0 0 0 0 1 0 1 1 1 1 0 1]
 [0 1 0 1 1 1 0 0 1 0 0 0 0 1 0]
 [0 0 0 1 0 1 0 0 0 0 0 1 0 1 1]
 [1 0 1 0 0 1 0 0 0 1 0 0 0 0 0]
 [0 0 1 1 0 0 1 1 0 0 0 0 1 1 1]
 [1 0 1 1 1 1 0 1 0 1 1 0 0 1 1]
 [0 0 0 0 0 1 1 1 1 1 0 1 0 1 1]
 [0 1 0 0 0 0 0 0 1 0 0 0 1 1 0]
 [1 0 0 1 1 0 1 0 0 1 0 0 1 0 0]
 [0 1 1 0 0 0 0 0 1 1 0 0 1 1 0]
 [0 0 0 0 0 0 0 0 0 1 1 1 1 0 1]
 [0 1 0 0 1 0 1 0 0 0 1 0 0 0 0]
 [1 1 1 0 0 1 0 0 0 0 0 0 0 0 0]
 [0 0 1 0 0 1 0 1 0 0 0 0 0 1 1]
 [0 1 0 0 0 1 1 0 1 0 1 0 0 1 0]
 [0 0 0 1 1 0 1 1 0 1 0 1 1 0 0]
 [1 0 0 0 1 1 1 0 0 0 0 1 0 0 0]
 [0 1 1 0 0 0 0 1 1 1 0 0 0 0 1]
 [1 0 1 0 1 1 0 0 0 0 0 0 1 1 1]
 [1 0 0 0 0 1 0 0 1 1 0 0 1 0 1]
 [1 0 0 0 1 1 0 0 0 1 1 0 0 1 0]
 [0 0 1 1 0 0 0 0 0 1 1 1 1 0 0]
 [0 0 0 1 0 1 0 1 0 0 1 0 0 1 0]
 [1 0 0 1 0 0 0 1 1 1 0 1 1 0 0]
 [1 0 0 1 0 1 0 0 1 0 1 0 0 1 1]
 [0 0 0 0 0 0 0 1 1 1 0 0 1 0 1]
 [0 0 1 0 0 1 1 1 0 0 1 1 1 0 0]
 [0 0 1 1 1 0 1 1 1 1 0 1 1 0 0]
 [0 0 0 0 0 0 0 0 0 1 0 1 1 0 0]
 [0 1 0 0 0 1 0 1 1 1 0 1 0 0 0]
 [1 0 1 0 0 0 1 0 0 0 0 1 0 0 0]
 [1 1 0 0 0 1 0 0 1 1 1 0 1 0 1]
 [0 1 1 1 0 0 0 0 0 1 0 0 0 1 1]
 [1 1 1 1 0 1 0 0 1 0 1 1 0 1 0]
 [1 1 1 0 0 0 0 1 0 0 0 0 0 1 1]
 [0 0 0 1 0 0 0 0 1 0 0 0 1 1 0]
 [0 0 0 0 1 0 0 0 0 1 1 0 0 0 0]
 [0 0 1 0 1 0 1 0 0 0 0 0 0 1 1]
 [1 1 0 1 0 0 1 0 0 1 0 0 0 0 0]]
{'restarts': 22, 'conflicts': 10716, 'decisions': 24232, 'propagations': 97620225}
Q is identifiable
branch at 6
runtime for solving id of Q is 21.93290980020538
Simulation results:
{'J': 50, 'K': 15, 'N': 10, 'p': 0.4, 'seed': 61, 'sim': 7, 'runtime': 21.93290980020538, 'identifiable': 1, 'branch': 6}
8
Q: [[0 0 0 1 0 0 0 0 0 1 1 1 1 1 0]
 [1 0 1 1 0 0 0 1 1 1 0 1 1 1 0]
 [0 0 0 1 0 0 1 0 1 1 1 0 1 0 0]
 [0 0 0 0 1 0 1 1 1 1 0 0 1 0 1]
 [0 0 1 1 1 0 0 0 0 0 0 1 0 0 0]
 [1 1 0 1 0 0 0 0 0 0 0 1 0 0 1]
 [0 0 0 1 1 0 0 0 1 0 1 0 1 1 0]
 [1 0 0 0 1 1 0 0 0 0 0 1 0 1 1]
 [1 0 0 1 0 1 0 1 0 1 1 1 1 1 0]
 [0 0 0 0 1 1 1 0 0 1 0 0 0 1 0]
 [0 0 0 1 0 0 0 1 0 0 1 1 0 1 0]
 [0 1 0 0 0 1 1 0 0 0 1 1 1 1 1]
 [0 1 1 1 1 1 0 1 0 0 1 0 0 0 0]
 [0 0 1 0 0 0 0 1 0 1 0 1 0 0 0]
 [1 0 0 1 1 0 1 1 0 0 0 0 1 0 1]
 [0 1 1 0 1 0 1 0 0 1 0 0 0 0 0]
 [1 0 1 1 1 1 0 0 0 1 0 0 0 0 1]
 [0 1 0 1 0 0 1 1 1 1 0 1 1 1 0]
 [1 0 0 0 0 0 0 0 0 0 0 0 0 0 0]
 [1 0 0 0 0 0 0 1 0 0 1 1 0 1 1]
 [0 1 0 0 0 0 0 1 0 0 0 1 0 0 1]
 [0 1 1 0 0 0 0 1 0 0 0 0 0 1 0]
 [0 1 1 1 0 0 0 1 0 0 0 0 0 0 0]
 [1 0 0 0 0 1 0 1 1 1 1 1 0 1 1]
 [1 0 0 1 0 1 1 0 0 0 0 1 0 0 1]
 [0 0 0 1 0 1 0 0 0 0 0 1 1 0 0]
 [1 1 1 1 0 1 1 1 0 0 0 0 0 0 0]
 [0 0 0 1 0 1 1 1 0 0 0 0 0 1 0]
 [0 0 0 1 0 1 0 1 0 0 0 0 1 1 0]
 [0 1 0 0 0 1 0 0 0 1 1 0 0 1 0]
 [0 0 0 1 0 0 0 0 1 0 1 0 0 0 0]
 [1 1 1 0 0 1 1 1 0 0 1 1 0 0 1]
 [0 1 1 0 1 1 1 1 0 0 0 1 0 0 0]
 [0 0 0 1 0 1 0 0 1 0 0 1 1 0 0]
 [0 1 0 1 1 0 0 1 0 0 0 0 0 0 0]
 [1 0 0 0 1 1 1 0 0 0 0 0 0 1 0]
 [1 1 0 1 0 0 1 0 0 0 0 1 1 1 1]
 [0 0 0 1 1 0 0 0 1 1 0 1 0 1 1]
 [1 1 0 0 0 0 1 0 0 0 0 0 1 1 1]
 [1 0 0 0 0 0 0 1 0 0 0 0 1 0 0]
 [1 0 1 1 1 1 0 0 1 1 0 0 0 0 0]
 [1 0 1 0 0 0 0 1 1 0 1 0 1 0 0]
 [1 1 1 0 0 0 0 0 0 0 1 0 1 0 0]
 [0 0 0 0 1 1 1 0 1 0 1 1 1 0 0]
 [0 1 0 1 0 0 0 1 1 0 0 0 0 1 0]
 [0 0 0 0 0 1 0 1 1 0 1 0 0 1 0]
 [1 0 0 0 0 1 0 0 0 1 1 1 0 1 0]
 [0 0 0 1 0 0 1 0 0 0 1 0 1 0 1]
 [0 1 0 1 1 1 0 1 1 1 0 1 0 0 0]
 [0 1 0 1 1 0 0 1 0 0 1 1 0 0 0]]
{'restarts': 158, 'conflicts': 76165, 'decisions': 119953, 'propagations': 640912824}
Q is identifiable
branch at 6
runtime for solving id of Q is 117.38022301811725
Simulation results:
{'J': 50, 'K': 15, 'N': 10, 'p': 0.4, 'seed': 61, 'sim': 8, 'runtime': 117.38022301811725, 'identifiable': 1, 'branch': 6}
9
Q: [[1 0 1 0 0 0 0 0 0 0 1 1 0 1 0]
 [0 1 1 1 1 1 1 1 1 0 0 0 0 0 1]
 [0 0 1 0 0 1 0 0 0 1 1 0 0 1 1]
 [0 1 0 1 1 1 0 1 0 1 1 0 1 0 1]
 [0 1 1 0 0 0 0 1 0 0 0 1 0 1 0]
 [0 1 1 1 1 1 1 0 1 1 0 0 0 0 0]
 [0 1 0 0 0 1 1 0 0 0 1 1 0 1 0]
 [0 0 0 1 0 1 1 0 0 1 1 0 0 0 0]
 [0 0 0 0 1 0 1 1 1 0 0 1 1 0 0]
 [1 0 0 0 0 0 0 1 0 1 0 1 1 1 0]
 [0 0 1 0 1 0 0 0 1 0 0 0 0 0 0]
 [0 0 1 0 0 0 1 0 0 0 0 0 0 0 0]
 [1 1 1 0 1 1 0 1 0 0 0 0 0 0 1]
 [1 0 0 0 0 0 1 0 1 0 0 0 1 1 1]
 [1 0 1 0 0 0 0 0 0 1 0 0 0 0 0]
 [1 0 1 0 0 0 0 0 0 0 1 0 0 0 1]
 [0 0 1 1 0 1 0 0 1 1 1 1 0 0 0]
 [1 0 1 0 0 1 0 0 1 0 0 1 1 1 0]
 [0 0 0 1 0 1 0 1 0 1 1 1 0 1 0]
 [1 0 1 0 1 0 0 0 0 0 1 1 1 0 0]
 [0 0 0 1 1 1 0 0 1 1 1 0 1 0 1]
 [1 0 0 0 0 1 0 0 0 1 0 0 0 0 0]
 [0 0 0 1 1 0 0 1 0 0 0 1 0 0 0]
 [0 1 1 1 0 0 1 1 0 0 1 0 0 0 0]
 [1 1 0 0 1 0 0 1 0 1 0 1 0 0 1]
 [0 1 0 0 0 1 1 1 1 1 0 1 1 0 0]
 [1 0 1 0 1 1 0 0 0 0 1 1 1 0 0]
 [0 0 0 0 1 1 1 0 0 0 0 0 1 1 1]
 [1 0 1 0 0 1 0 1 0 0 0 1 0 0 0]
 [0 0 0 1 0 0 0 0 0 0 1 0 0 0 1]
 [1 1 0 1 0 0 0 0 1 0 0 0 1 0 0]
 [0 0 0 0 1 0 1 0 1 0 0 1 0 0 0]
 [1 0 1 1 1 0 0 1 0 0 0 0 0 0 0]
 [0 1 0 0 1 0 0 1 0 1 0 0 0 0 0]
 [1 0 1 0 0 0 0 0 0 1 0 0 0 0 1]
 [0 0 1 0 0 1 1 0 1 1 1 0 1 0 1]
 [0 1 1 0 0 1 0 0 0 0 0 0 0 1 0]
 [0 0 0 1 0 0 0 1 1 0 1 0 0 1 0]
 [1 0 0 0 1 1 0 0 0 0 1 0 0 0 0]
 [1 0 1 1 0 0 0 1 0 1 0 1 1 0 0]
 [1 0 0 1 0 0 0 0 0 0 1 0 0 0 0]
 [0 1 1 0 0 1 0 1 0 1 1 0 0 0 0]
 [0 0 0 0 0 0 1 0 0 0 0 0 1 0 0]
 [0 1 0 0 1 0 1 0 1 0 0 0 1 0 0]
 [0 1 1 1 0 0 0 0 0 0 0 0 0 0 0]
 [1 1 1 1 0 0 0 1 0 1 1 0 1 1 0]
 [1 1 0 0 0 0 1 1 0 0 0 1 0 0 1]
 [1 0 0 0 0 1 1 1 0 1 1 1 0 1 0]
 [0 0 0 1 0 0 1 0 1 1 1 1 1 0 1]
 [0 0 0 0 0 1 1 0 1 1 0 0 1 1 0]]
{'restarts': 52, 'conflicts': 14602, 'decisions': 33121, 'propagations': 144822980}
Q is identifiable
branch at 6
runtime for solving id of Q is 32.58179312385619
Simulation results:
{'J': 50, 'K': 15, 'N': 10, 'p': 0.4, 'seed': 61, 'sim': 9, 'runtime': 32.58179312385619, 'identifiable': 1, 'branch': 6}
Simulation results:
[{'J': 50, 'K': 15, 'N': 10, 'p': 0.4, 'seed': 61, 'sim': 0, 'runtime': 9.820828576106578, 'identifiable': 1, 'branch': 6}, {'J': 50, 'K': 15, 'N': 10, 'p': 0.4, 'seed': 61, 'sim': 1, 'runtime': 9.298208430875093, 'identifiable': 1, 'branch': 6}, {'J': 50, 'K': 15, 'N': 10, 'p': 0.4, 'seed': 61, 'sim': 2, 'runtime': 12.713256036862731, 'identifiable': 1, 'branch': 6}, {'J': 50, 'K': 15, 'N': 10, 'p': 0.4, 'seed': 61, 'sim': 3, 'runtime': 9.74379395879805, 'identifiable': 1, 'branch': 6}, {'J': 50, 'K': 15, 'N': 10, 'p': 0.4, 'seed': 61, 'sim': 4, 'runtime': 14.32587770698592, 'identifiable': 1, 'branch': 6}, {'J': 50, 'K': 15, 'N': 10, 'p': 0.4, 'seed': 61, 'sim': 5, 'runtime': 15.048776341136545, 'identifiable': 1, 'branch': 6}, {'J': 50, 'K': 15, 'N': 10, 'p': 0.4, 'seed': 61, 'sim': 6, 'runtime': 22.137692744378, 'identifiable': 1, 'branch': 6}, {'J': 50, 'K': 15, 'N': 10, 'p': 0.4, 'seed': 61, 'sim': 7, 'runtime': 21.93290980020538, 'identifiable': 1, 'branch': 6}, {'J': 50, 'K': 15, 'N': 10, 'p': 0.4, 'seed': 61, 'sim': 8, 'runtime': 117.38022301811725, 'identifiable': 1, 'branch': 6}, {'J': 50, 'K': 15, 'N': 10, 'p': 0.4, 'seed': 61, 'sim': 9, 'runtime': 32.58179312385619, 'identifiable': 1, 'branch': 6}]
