
The Gurobi software has a limited number of licenses. To request a license or
licenses, add this line

    #SBATCH --licenses=gurobi@slurmdb:1

to your SBATCH script, replacing N with the number of licenses you need. Gurobi
will need one license per process.


0
Q: [[1 1 0 1 1 1 1 0 0 1]
 [1 0 1 0 0 1 0 1 0 0]
 [1 1 1 1 1 1 1 1 0 1]
 [1 1 0 1 0 1 0 0 1 0]
 [1 1 0 0 1 0 1 1 0 1]
 [1 1 1 1 1 0 1 0 1 0]
 [1 1 1 0 1 1 1 1 0 0]
 [0 0 1 1 0 0 1 0 1 1]
 [1 1 1 1 0 1 1 1 0 0]
 [1 1 0 0 1 1 0 1 1 1]
 [1 1 1 1 0 0 0 1 1 1]
 [0 1 1 1 0 1 1 1 1 0]
 [0 1 1 1 1 1 1 1 1 0]
 [0 1 1 0 1 1 0 1 1 1]
 [1 1 0 1 1 0 0 1 1 1]
 [1 1 1 0 0 0 1 1 1 0]
 [1 1 1 1 1 0 1 1 1 1]
 [1 0 0 1 1 1 0 0 0 1]
 [1 0 1 1 1 1 0 0 1 0]
 [1 0 0 1 0 1 0 1 0 1]
 [0 1 1 0 0 1 0 0 1 1]
 [1 0 1 1 1 1 1 0 0 1]
 [0 1 1 0 1 1 1 1 1 1]
 [1 1 1 1 0 0 1 1 0 1]
 [1 1 1 1 1 1 1 0 0 1]
 [1 1 1 1 1 0 1 1 1 0]
 [1 1 1 1 1 1 1 1 1 0]
 [1 1 1 1 1 0 1 1 0 1]
 [1 0 0 1 1 0 1 0 0 1]
 [0 0 0 1 1 1 1 0 1 0]
 [1 1 1 1 1 1 1 0 0 1]
 [0 1 1 1 1 1 1 1 1 1]
 [0 0 1 1 1 0 0 0 1 1]
 [1 1 1 1 1 0 1 1 0 0]
 [1 1 1 1 0 0 0 1 0 1]
 [1 1 1 1 0 0 1 1 1 1]
 [0 0 1 1 1 1 1 1 1 0]
 [1 1 1 1 0 1 1 0 0 0]
 [1 0 1 1 1 1 0 1 1 1]
 [1 1 1 0 0 1 1 0 1 0]
 [1 0 1 1 1 1 1 1 1 1]
 [1 1 0 1 0 1 0 0 1 1]
 [1 1 1 1 1 1 0 1 0 1]
 [1 0 1 1 0 1 0 0 1 1]
 [1 1 1 0 0 0 1 1 0 1]
 [1 1 0 1 1 0 1 1 1 1]
 [1 1 1 0 0 1 0 1 1 1]
 [0 0 1 1 1 1 1 1 0 1]
 [1 1 1 1 0 1 0 0 1 0]
 [1 0 1 1 1 0 1 1 1 1]
 [1 1 0 0 0 0 0 1 1 1]
 [0 1 1 1 0 1 1 1 1 1]
 [0 1 1 1 1 1 0 1 0 0]
 [1 1 1 1 1 1 1 1 1 1]
 [1 1 1 1 1 1 1 1 0 1]
 [0 0 1 0 1 1 1 0 1 1]
 [0 1 1 1 1 1 0 1 1 0]
 [0 1 1 1 1 0 1 1 1 0]
 [1 1 1 0 1 1 1 0 1 0]
 [1 1 0 1 1 1 1 1 0 1]
 [1 0 1 1 1 1 0 1 1 1]
 [0 1 0 1 0 1 0 1 1 0]
 [1 1 0 1 1 1 1 0 0 1]
 [0 1 1 1 0 1 1 0 1 0]
 [0 1 1 0 0 0 0 1 1 1]
 [1 1 0 1 1 1 1 1 1 0]
 [1 1 0 0 1 1 0 1 1 0]
 [0 1 1 0 1 1 0 0 0 1]
 [0 1 1 0 0 1 0 1 1 1]
 [0 0 1 1 1 1 1 0 0 0]
 [1 1 1 1 1 0 0 1 1 1]
 [0 1 1 0 0 1 0 1 1 0]
 [1 1 1 1 1 1 1 1 1 1]
 [1 0 1 1 0 1 1 1 1 1]
 [0 0 1 0 1 1 0 1 0 1]
 [1 1 1 1 1 1 0 1 0 1]
 [1 1 0 1 1 1 1 0 0 1]
 [1 1 0 0 1 1 1 1 1 1]
 [1 1 0 1 1 1 1 1 1 1]
 [0 1 1 1 0 1 0 1 0 1]
 [1 1 0 1 1 1 0 1 1 1]
 [0 1 1 1 0 1 1 1 1 1]
 [1 1 1 1 0 0 1 0 1 0]
 [1 1 1 1 0 1 1 1 1 1]
 [1 1 0 1 0 0 1 1 1 0]
 [0 0 1 1 1 1 1 0 1 1]
 [0 1 0 1 1 1 1 1 0 1]
 [1 0 0 1 0 1 1 0 1 1]
 [1 1 1 0 0 0 1 1 1 1]
 [1 1 0 0 1 1 0 0 1 1]
 [0 1 1 1 1 1 1 1 1 1]
 [0 0 1 1 1 1 0 1 1 1]
 [1 1 1 1 0 0 1 1 1 1]
 [1 1 1 0 0 1 0 1 1 1]
 [1 1 1 1 1 1 1 1 0 1]
 [0 1 1 0 1 0 1 1 1 1]
 [1 1 0 1 1 0 0 1 1 1]
 [1 1 0 0 1 0 1 0 1 1]
 [1 0 1 1 1 1 0 1 0 1]
 [0 0 0 1 0 1 0 0 1 1]]
{'restarts': 8, 'conflicts': 3856, 'decisions': 8049, 'propagations': 3802241}
Q is identifiable
branch at 6
runtime for solving id of Q is 0.7174735479056835
Simulation results:
{'J': 100, 'K': 10, 'N': 10, 'p': 0.7, 'seed': 853, 'sim': 0, 'runtime': 0.7174735479056835, 'identifiable': 1, 'branch': 6}
1
Q: [[1 1 1 0 0 1 1 1 0 1]
 [1 1 1 1 1 1 1 0 0 1]
 [0 0 1 0 1 1 1 1 1 1]
 [1 1 0 1 1 1 1 1 1 1]
 [1 0 1 1 1 0 0 1 1 0]
 [1 1 1 1 1 1 1 1 1 1]
 [1 0 1 1 0 0 0 1 0 1]
 [1 1 0 1 1 1 1 1 1 0]
 [1 1 1 1 1 1 1 1 1 1]
 [1 1 1 0 0 1 0 1 1 0]
 [0 0 1 1 1 1 1 0 0 1]
 [1 1 1 1 1 1 1 0 0 1]
 [0 1 1 0 1 1 0 1 0 1]
 [1 0 1 1 0 0 1 1 1 1]
 [1 1 1 1 1 0 0 1 0 1]
 [1 1 1 1 1 1 1 1 1 1]
 [1 1 1 0 0 1 0 1 1 1]
 [1 1 1 1 1 1 1 1 1 1]
 [1 1 0 1 0 0 1 1 1 1]
 [1 1 1 0 0 1 1 1 1 1]
 [1 1 1 1 0 0 1 1 1 1]
 [1 1 1 1 1 0 1 1 1 1]
 [1 1 1 1 1 1 1 1 1 1]
 [1 1 1 1 1 1 1 1 0 1]
 [1 1 1 0 1 1 1 0 1 1]
 [1 1 1 1 1 1 0 1 1 0]
 [1 0 1 1 0 1 1 1 1 1]
 [1 1 1 0 0 1 1 1 1 1]
 [1 1 1 1 0 1 1 0 1 0]
 [1 1 1 1 1 0 1 1 1 1]
 [0 1 1 0 1 1 1 0 1 1]
 [1 1 1 0 1 1 1 0 1 1]
 [1 1 1 1 1 1 1 1 1 0]
 [1 1 1 1 0 0 0 0 1 1]
 [0 0 0 1 1 1 1 1 1 0]
 [1 1 1 0 0 1 1 1 1 0]
 [1 1 1 1 1 1 1 1 0 1]
 [1 1 1 1 1 0 0 1 1 0]
 [0 1 1 1 1 1 0 1 1 1]
 [1 1 1 0 1 0 1 1 1 1]
 [1 1 1 1 1 1 1 1 1 0]
 [0 0 0 1 1 1 0 1 1 1]
 [1 1 1 1 1 0 0 1 1 1]
 [1 1 1 0 1 1 1 0 1 0]
 [1 1 1 1 1 1 1 0 1 1]
 [1 1 1 0 0 1 0 0 1 1]
 [1 1 1 1 0 1 0 0 1 0]
 [1 0 1 1 1 1 0 1 1 1]
 [1 0 1 1 1 0 1 1 0 1]
 [1 1 1 1 0 1 1 1 1 1]
 [1 1 1 1 1 1 1 1 1 0]
 [1 0 0 0 1 0 0 1 1 1]
 [1 1 1 1 1 0 1 1 0 1]
 [0 1 1 1 0 1 1 1 1 0]
 [1 1 1 1 1 1 1 1 1 1]
 [1 1 1 1 0 0 1 1 0 0]
 [1 0 1 1 0 1 1 1 0 1]
 [1 1 1 1 0 0 1 1 0 1]
 [1 1 0 1 1 1 0 1 1 0]
 [1 1 1 0 0 1 1 0 1 0]
 [0 1 1 0 1 1 0 1 0 1]
 [1 0 1 1 0 1 1 0 1 1]
 [1 1 0 1 1 1 0 1 1 1]
 [0 0 1 1 1 0 1 1 0 0]
 [0 1 1 0 1 1 0 1 1 0]
 [1 1 1 1 1 1 0 1 1 1]
 [0 1 0 1 1 1 1 0 1 1]
 [0 0 1 1 0 1 0 0 1 1]
 [0 1 1 1 0 1 1 1 1 1]
 [1 1 1 1 0 1 1 1 1 1]
 [0 0 1 1 0 1 1 1 1 1]
 [0 1 0 1 1 1 1 1 0 0]
 [1 1 1 1 1 1 1 0 1 1]
 [1 1 0 1 0 1 0 0 1 0]
 [1 1 1 1 1 1 1 1 0 0]
 [1 1 0 1 1 1 1 1 1 0]
 [1 0 1 1 1 1 1 1 0 0]
 [0 1 1 0 0 1 0 1 1 0]
 [1 0 0 1 1 0 1 1 0 0]
 [0 1 1 1 1 0 1 1 0 0]
 [1 1 0 1 0 1 0 1 1 1]
 [1 0 1 1 1 0 1 1 0 1]
 [1 1 1 1 0 1 0 0 1 1]
 [0 1 1 0 1 0 0 1 1 1]
 [1 1 1 1 0 1 1 0 0 1]
 [0 1 0 1 0 1 1 1 1 1]
 [0 0 0 0 1 1 0 1 0 1]
 [0 1 1 1 1 1 0 1 1 1]
 [1 1 1 1 1 1 0 0 0 0]
 [1 1 1 1 1 0 0 1 0 1]
 [1 1 1 1 0 1 1 0 0 1]
 [1 1 1 0 0 1 1 0 0 1]
 [0 0 1 1 0 0 0 1 0 1]
 [1 0 1 1 1 0 1 1 0 1]
 [1 1 1 1 1 1 1 0 1 1]
 [1 1 0 0 1 0 1 1 1 1]
 [0 1 1 1 0 1 0 1 1 0]
 [1 0 1 0 1 1 1 0 1 0]
 [1 0 1 0 1 1 1 1 0 0]
 [1 1 1 1 0 1 0 1 0 1]]
{'restarts': 37, 'conflicts': 14956, 'decisions': 25216, 'propagations': 12366413}
Q is identifiable
branch at 6
runtime for solving id of Q is 2.18370686750859
Simulation results:
{'J': 100, 'K': 10, 'N': 10, 'p': 0.7, 'seed': 853, 'sim': 1, 'runtime': 2.18370686750859, 'identifiable': 1, 'branch': 6}
2
Q: [[1 1 1 1 1 1 0 1 0 0]
 [1 1 0 0 1 0 0 0 0 1]
 [1 1 0 1 1 1 0 1 0 0]
 [0 1 1 1 1 0 1 0 1 1]
 [1 1 0 1 1 1 1 0 0 1]
 [0 0 1 1 0 1 1 1 1 1]
 [1 0 0 1 1 0 0 1 1 0]
 [0 1 0 1 1 0 1 1 1 1]
 [1 1 0 1 1 1 0 1 1 1]
 [1 1 1 1 1 1 1 0 0 0]
 [1 0 0 0 1 0 0 1 1 1]
 [0 1 1 1 0 0 1 1 1 0]
 [1 1 1 1 1 0 1 0 1 1]
 [1 1 1 1 1 1 1 0 1 1]
 [1 0 1 1 0 1 1 1 0 0]
 [0 1 1 1 0 1 1 0 1 1]
 [0 1 1 1 0 0 1 1 0 1]
 [0 0 1 1 1 1 0 1 1 1]
 [1 1 1 1 1 0 0 1 0 0]
 [1 1 1 1 1 0 1 1 0 1]
 [0 0 1 1 1 1 1 1 1 1]
 [1 0 1 1 1 1 1 1 1 0]
 [1 1 1 1 1 0 1 1 1 0]
 [0 1 1 1 1 0 1 1 1 0]
 [0 0 1 1 1 0 1 1 1 1]
 [1 0 1 1 0 1 0 1 1 1]
 [1 0 1 1 1 0 0 1 1 1]
 [1 1 1 1 0 1 0 0 1 1]
 [1 1 0 1 0 1 1 0 1 1]
 [0 1 1 1 1 0 1 0 1 0]
 [1 1 1 1 1 1 1 0 1 0]
 [0 0 1 0 1 1 1 0 1 1]
 [1 1 1 1 0 0 0 1 1 0]
 [1 1 0 1 1 0 1 1 1 0]
 [1 1 0 1 0 1 1 0 1 0]
 [1 0 0 0 1 1 1 1 1 1]
 [1 1 0 1 1 1 1 0 0 1]
 [0 1 1 1 1 1 0 0 1 1]
 [1 1 1 1 1 1 0 0 1 1]
 [1 1 1 1 0 1 1 1 0 1]
 [1 1 0 0 1 0 0 1 1 1]
 [1 1 0 0 1 1 1 1 1 0]
 [1 1 1 1 1 1 1 1 1 1]
 [1 1 0 0 1 1 1 1 1 0]
 [1 1 1 1 1 1 1 0 1 1]
 [1 1 1 0 1 1 1 1 1 1]
 [1 1 0 0 1 0 0 1 1 0]
 [1 0 1 1 0 0 0 1 1 0]
 [1 0 0 0 1 1 1 1 1 1]
 [0 0 1 0 1 1 1 0 0 0]
 [1 1 1 1 1 0 1 0 1 0]
 [1 1 1 0 1 1 0 1 1 1]
 [0 0 1 1 1 0 1 0 1 0]
 [1 1 1 1 1 1 1 1 1 1]
 [1 1 0 0 0 1 1 1 0 1]
 [1 1 1 1 1 1 1 1 0 1]
 [0 0 1 1 1 1 0 0 1 1]
 [0 1 1 1 1 0 1 0 1 1]
 [1 1 1 1 1 0 0 0 1 1]
 [1 1 1 1 0 1 1 0 1 1]
 [0 1 0 1 1 0 1 0 0 1]
 [1 0 1 1 1 1 1 1 1 0]
 [1 1 0 1 1 1 1 0 0 1]
 [0 1 1 1 1 1 0 1 1 1]
 [1 1 0 1 1 1 1 0 1 1]
 [0 0 1 1 1 0 0 0 1 0]
 [1 1 1 0 1 1 1 1 0 1]
 [1 1 1 1 1 1 1 1 1 1]
 [0 1 1 0 1 1 0 0 1 1]
 [1 0 0 1 1 1 0 1 1 0]
 [0 1 1 1 1 0 1 1 0 1]
 [0 0 1 1 1 1 0 0 1 0]
 [0 1 1 0 1 1 1 1 0 1]
 [1 1 1 1 0 1 0 1 1 1]
 [1 1 1 0 1 0 1 1 0 0]
 [1 0 1 0 1 1 0 1 0 1]
 [1 1 1 0 0 1 1 1 1 0]
 [1 1 1 0 1 1 1 0 1 1]
 [1 1 1 0 1 0 0 1 1 1]
 [0 1 1 0 0 1 1 0 0 1]
 [1 1 0 1 1 1 1 1 0 0]
 [0 0 0 0 1 0 1 0 0 0]
 [1 1 1 1 0 1 1 1 1 0]
 [0 1 1 1 0 1 0 1 1 0]
 [1 1 1 1 1 0 0 1 0 1]
 [1 1 1 1 1 0 0 0 1 1]
 [1 1 0 0 1 0 1 0 1 1]
 [1 1 1 1 0 1 0 1 0 1]
 [1 0 1 0 0 1 1 0 1 1]
 [0 1 1 1 0 1 0 1 1 0]
 [0 1 0 0 1 0 1 1 0 1]
 [1 1 1 1 0 1 1 1 0 1]
 [1 1 0 1 1 1 1 0 1 0]
 [1 1 1 1 1 1 1 1 1 0]
 [1 0 1 1 1 1 1 0 1 1]
 [1 1 1 1 1 0 1 0 0 1]
 [0 1 1 0 1 0 1 1 1 0]
 [0 0 0 0 1 0 0 1 0 1]
 [1 1 1 1 1 1 1 1 1 1]
 [1 1 1 1 0 1 1 0 0 1]]
{'restarts': 2, 'conflicts': 839, 'decisions': 2024, 'propagations': 727255}
Q is identifiable
branch at 6
runtime for solving id of Q is 0.3673818092793226
Simulation results:
{'J': 100, 'K': 10, 'N': 10, 'p': 0.7, 'seed': 853, 'sim': 2, 'runtime': 0.3673818092793226, 'identifiable': 1, 'branch': 6}
3
Q: [[1 1 1 1 1 0 1 1 0 1]
 [1 1 0 1 0 0 1 0 0 1]
 [1 1 1 1 1 1 1 1 1 1]
 [1 1 1 1 0 1 1 1 0 0]
 [1 1 0 1 1 0 0 1 0 1]
 [0 0 0 1 1 1 1 0 1 1]
 [1 1 1 1 1 1 1 1 0 1]
 [0 0 0 1 1 0 1 1 0 1]
 [1 0 1 1 1 1 1 1 1 1]
 [0 1 0 1 1 1 1 1 0 0]
 [1 1 0 1 0 1 0 1 1 1]
 [1 1 0 1 1 1 1 0 1 1]
 [0 1 0 1 1 1 0 1 1 1]
 [1 1 1 0 1 1 1 1 1 1]
 [1 1 1 1 1 1 0 0 1 1]
 [1 1 1 1 1 1 1 0 1 1]
 [1 1 1 1 1 0 1 0 0 1]
 [0 1 1 1 1 0 1 1 1 1]
 [1 1 1 0 1 1 0 1 0 1]
 [1 1 1 1 0 1 1 1 1 0]
 [1 1 1 1 1 1 1 1 1 0]
 [1 0 1 1 1 1 0 1 1 1]
 [1 1 1 0 1 0 1 1 1 1]
 [0 1 0 1 0 1 0 0 1 1]
 [0 0 1 1 1 1 0 1 1 1]
 [1 0 1 1 1 1 1 0 1 1]
 [0 1 0 1 0 0 0 0 1 1]
 [1 0 1 0 0 1 0 1 1 1]
 [1 0 1 1 1 1 0 1 1 0]
 [0 1 1 1 1 1 1 1 0 1]
 [1 1 1 1 1 1 0 1 1 0]
 [1 1 1 1 0 0 1 1 1 1]
 [1 1 0 1 0 1 1 1 1 0]
 [1 1 0 1 1 1 1 1 0 0]
 [1 1 0 1 1 0 1 0 1 1]
 [1 1 0 1 1 1 1 0 0 1]
 [1 0 1 1 1 0 1 1 1 1]
 [1 1 0 0 0 1 1 1 0 1]
 [1 1 0 1 1 0 1 1 1 1]
 [1 0 0 1 1 1 0 0 1 1]
 [0 0 1 1 1 0 1 1 1 1]
 [1 1 1 1 0 0 1 0 1 0]
 [1 1 1 1 1 1 1 1 1 1]
 [1 1 0 1 1 1 1 1 1 1]
 [1 1 1 1 1 1 1 1 0 1]
 [0 0 1 1 1 1 1 0 0 0]
 [1 1 1 0 0 1 1 0 0 0]
 [1 1 1 0 0 1 0 0 0 0]
 [1 1 0 1 1 1 1 1 1 1]
 [1 0 0 1 1 1 1 1 0 0]
 [1 1 1 1 1 0 1 1 1 1]
 [1 1 1 0 1 1 1 1 1 0]
 [1 1 0 0 0 1 0 1 0 1]
 [1 0 1 0 1 1 1 1 0 1]
 [1 1 1 1 0 1 1 1 0 0]
 [1 1 1 1 1 0 0 1 0 0]
 [1 0 1 1 0 1 1 1 1 1]
 [1 1 0 1 1 1 1 1 0 0]
 [1 0 1 0 0 1 1 1 1 1]
 [1 1 1 1 1 0 1 1 0 1]
 [0 1 1 0 1 1 1 1 1 1]
 [1 0 0 1 0 0 1 0 0 1]
 [0 1 0 1 1 1 1 1 1 1]
 [0 1 1 1 1 0 1 1 1 1]
 [0 1 1 1 1 0 0 1 0 1]
 [1 1 1 1 1 1 1 1 1 1]
 [1 1 1 0 1 1 0 1 1 1]
 [1 1 1 1 1 0 1 1 1 1]
 [1 1 1 0 0 1 1 1 1 0]
 [0 1 1 1 1 1 1 1 1 1]
 [0 1 0 1 1 1 0 1 0 1]
 [1 1 0 1 1 1 0 1 0 1]
 [1 1 0 1 1 1 1 1 1 1]
 [1 1 1 0 1 1 1 1 0 1]
 [1 1 1 0 1 1 1 1 0 1]
 [1 1 1 1 0 0 1 1 0 0]
 [1 0 1 1 1 1 0 1 1 1]
 [1 1 1 0 0 0 1 1 0 1]
 [1 0 1 1 1 1 1 1 1 1]
 [1 1 1 0 0 1 0 1 1 1]
 [1 0 1 1 0 1 0 1 1 1]
 [1 1 1 1 1 0 1 0 1 1]
 [0 1 1 1 0 0 1 1 0 1]
 [1 0 0 1 1 0 1 1 1 1]
 [1 1 1 0 1 1 1 1 1 1]
 [1 1 1 1 1 1 0 0 0 1]
 [1 1 1 1 1 1 1 1 1 1]
 [0 1 0 1 1 0 1 1 1 1]
 [1 0 1 0 0 1 0 0 1 0]
 [1 1 1 1 1 0 0 1 1 0]
 [1 1 1 1 0 1 1 0 1 0]
 [1 1 0 1 1 0 1 1 1 0]
 [0 0 1 1 1 1 1 1 1 1]
 [1 0 0 1 1 1 1 0 1 1]
 [1 1 0 0 0 1 1 1 1 0]
 [0 1 1 0 0 1 1 1 1 1]
 [1 1 0 0 0 1 0 1 1 1]
 [0 0 0 0 1 0 0 1 1 0]
 [1 1 1 1 1 1 1 1 1 1]
 [1 0 0 1 1 1 0 0 1 1]]
{'restarts': 18, 'conflicts': 8198, 'decisions': 14259, 'propagations': 6336459}
Q is identifiable
branch at 6
runtime for solving id of Q is 1.0609783614054322
Simulation results:
{'J': 100, 'K': 10, 'N': 10, 'p': 0.7, 'seed': 853, 'sim': 3, 'runtime': 1.0609783614054322, 'identifiable': 1, 'branch': 6}
4
Q: [[1 1 1 0 1 0 1 1 0 0]
 [1 1 1 0 1 0 0 0 0 0]
 [1 1 1 1 0 0 0 1 1 1]
 [1 0 0 1 1 0 1 0 1 1]
 [1 0 1 1 0 1 1 0 0 1]
 [1 1 1 1 1 0 1 1 1 1]
 [1 0 1 1 1 1 1 0 1 1]
 [0 1 1 1 1 1 1 1 1 1]
 [0 1 1 0 0 0 1 1 0 1]
 [0 1 1 1 1 1 1 1 1 1]
 [1 1 1 1 1 1 0 1 0 1]
 [0 1 1 0 1 1 1 1 1 1]
 [1 1 1 1 0 1 1 1 0 1]
 [1 1 1 0 0 0 1 1 1 1]
 [1 1 0 1 1 1 1 1 1 1]
 [0 1 1 1 1 1 0 1 1 1]
 [0 1 0 1 1 1 1 1 1 1]
 [1 0 0 0 1 1 1 0 1 1]
 [0 1 0 1 1 1 1 0 1 1]
 [0 1 0 1 1 1 0 1 1 1]
 [0 1 1 0 1 1 1 1 1 1]
 [0 1 0 0 1 1 1 1 1 1]
 [1 1 0 1 1 0 1 1 0 1]
 [1 1 1 0 1 1 1 1 1 1]
 [0 1 1 0 1 0 1 1 1 1]
 [1 0 0 0 0 0 0 1 1 1]
 [0 1 1 1 1 1 1 0 1 1]
 [1 1 1 0 0 1 1 0 0 1]
 [1 1 0 1 1 1 0 0 1 1]
 [1 1 1 1 0 0 1 0 0 0]
 [0 1 0 1 1 1 1 1 1 0]
 [1 0 1 1 0 1 0 1 1 1]
 [1 1 1 1 1 0 1 1 0 1]
 [1 1 1 0 1 0 1 1 1 1]
 [1 1 1 1 1 0 1 1 1 1]
 [1 1 1 1 1 1 1 1 1 1]
 [1 0 1 1 1 0 0 1 1 1]
 [0 1 0 0 1 1 1 1 0 1]
 [1 1 0 1 1 0 0 1 1 0]
 [1 0 0 1 1 0 0 1 1 1]
 [1 1 1 1 1 1 1 0 1 1]
 [1 1 1 1 0 1 1 1 0 1]
 [1 1 1 0 1 1 1 1 1 1]
 [1 1 1 0 1 1 1 1 1 1]
 [1 1 0 0 0 1 1 1 1 1]
 [1 0 1 1 1 1 1 1 1 1]
 [1 1 1 0 0 1 1 1 0 1]
 [0 0 1 0 1 1 1 1 0 0]
 [1 1 1 1 0 0 1 1 1 1]
 [1 1 1 1 1 1 1 1 0 1]
 [1 1 1 1 1 1 1 0 1 1]
 [1 1 0 0 0 1 1 1 1 1]
 [1 1 0 1 1 1 1 1 0 0]
 [1 0 1 0 0 1 0 1 1 1]
 [0 1 1 1 1 1 1 0 0 0]
 [1 1 1 0 0 1 1 0 1 1]
 [1 1 0 1 1 0 0 1 1 0]
 [1 1 0 1 0 1 1 1 1 1]
 [0 1 1 1 1 0 1 0 0 1]
 [0 0 1 1 1 1 0 1 1 1]
 [1 1 1 1 0 1 1 1 1 0]
 [1 1 1 1 1 1 1 1 0 1]
 [0 1 0 1 1 1 1 1 1 1]
 [1 1 1 1 0 1 0 0 0 1]
 [1 1 1 0 1 1 0 0 0 1]
 [1 1 1 0 0 1 0 1 1 1]
 [1 1 0 1 1 1 1 0 1 1]
 [1 1 1 1 1 1 1 0 1 1]
 [1 1 1 1 1 1 1 1 1 1]
 [1 1 0 0 0 0 1 0 1 0]
 [0 1 1 0 0 0 1 1 0 0]
 [1 0 1 1 0 0 1 1 1 1]
 [1 1 1 1 1 1 1 1 1 1]
 [1 1 0 1 1 1 1 0 1 0]
 [1 0 1 0 1 1 1 1 1 0]
 [1 0 1 1 1 1 1 1 1 1]
 [0 1 1 1 1 0 1 1 1 0]
 [1 0 1 1 1 1 1 0 1 1]
 [1 1 0 1 1 0 1 0 1 0]
 [1 1 1 0 0 1 1 1 0 1]
 [1 1 1 0 1 0 0 0 1 1]
 [1 1 1 0 1 1 1 1 1 0]
 [1 0 1 1 1 0 1 1 0 0]
 [1 1 0 1 0 0 1 0 1 1]
 [1 0 1 1 0 1 1 1 0 1]
 [0 0 1 1 1 1 1 0 1 1]
 [1 1 1 1 1 0 1 0 1 1]
 [0 1 1 1 1 1 0 1 0 0]
 [1 1 0 0 1 1 0 1 1 1]
 [1 1 1 0 1 1 1 1 0 0]
 [1 1 1 0 1 1 1 1 1 1]
 [1 0 1 0 1 1 1 1 1 1]
 [1 1 0 1 1 1 1 1 0 1]
 [1 0 1 1 1 1 1 0 1 0]
 [1 1 1 1 1 1 1 1 1 0]
 [1 1 1 0 0 1 1 0 1 1]
 [0 0 1 1 1 1 1 1 1 1]
 [1 1 0 0 0 0 1 1 1 0]
 [1 1 0 0 0 1 0 0 1 1]
 [1 0 1 0 1 1 1 1 1 1]]
{'restarts': 212, 'conflicts': 80508, 'decisions': 116603, 'propagations': 65470843}
Q is identifiable
branch at 6
runtime for solving id of Q is 10.565998991020024
Simulation results:
{'J': 100, 'K': 10, 'N': 10, 'p': 0.7, 'seed': 853, 'sim': 4, 'runtime': 10.565998991020024, 'identifiable': 1, 'branch': 6}
5
Q: [[0 0 0 0 0 1 1 1 1 1]
 [0 0 0 0 1 1 1 1 0 1]
 [1 0 0 0 1 1 1 0 1 0]
 [1 0 1 1 1 0 1 1 1 1]
 [1 1 1 1 1 1 1 1 0 1]
 [1 1 0 0 1 0 1 1 1 1]
 [1 1 0 0 1 0 1 1 1 1]
 [1 1 1 1 1 0 0 1 0 0]
 [1 1 1 1 0 1 1 1 0 1]
 [1 1 1 1 0 0 1 1 1 1]
 [1 0 0 0 0 0 1 1 1 0]
 [1 1 1 1 1 1 1 1 1 1]
 [1 1 1 1 1 0 1 0 0 1]
 [0 0 1 1 0 1 0 0 1 1]
 [1 0 1 1 1 0 1 1 1 1]
 [1 1 0 1 1 1 1 0 1 0]
 [0 1 0 1 1 1 0 1 0 0]
 [0 0 1 0 1 1 0 1 1 1]
 [0 0 0 1 0 0 1 0 1 1]
 [1 1 1 0 0 1 1 1 0 1]
 [1 1 1 1 1 1 1 1 1 1]
 [0 0 0 0 1 1 1 1 1 1]
 [0 0 1 1 1 1 1 1 1 1]
 [1 0 1 1 0 0 1 0 0 0]
 [0 1 1 1 1 0 0 1 1 0]
 [0 1 1 0 1 1 1 1 0 1]
 [1 0 1 1 1 1 0 1 1 1]
 [1 1 1 1 0 0 1 1 0 0]
 [0 1 0 1 1 0 1 0 1 0]
 [1 0 1 1 1 1 0 1 0 0]
 [1 1 1 1 1 1 1 0 0 0]
 [1 1 1 0 1 1 1 1 1 0]
 [1 1 1 1 0 0 1 1 1 0]
 [1 0 1 0 0 1 0 1 0 0]
 [1 1 1 0 1 1 1 1 0 1]
 [1 1 1 1 1 0 1 1 1 0]
 [1 1 1 1 1 1 1 1 0 0]
 [0 1 1 1 1 1 0 1 1 1]
 [1 0 1 1 0 1 0 0 1 0]
 [1 1 0 1 1 1 0 0 1 0]
 [1 1 1 1 1 1 1 1 1 1]
 [0 0 0 0 1 1 1 1 1 0]
 [1 1 1 1 0 1 0 1 1 0]
 [0 1 0 0 1 1 0 1 0 1]
 [0 1 1 1 1 1 1 1 0 1]
 [1 1 1 1 1 1 1 1 0 0]
 [1 0 1 0 0 1 1 0 1 0]
 [1 1 1 1 1 1 1 1 1 0]
 [1 1 1 0 1 1 1 1 1 1]
 [0 1 1 1 0 1 0 1 0 1]
 [1 1 1 0 1 0 1 1 1 1]
 [1 1 1 1 1 1 1 0 0 1]
 [1 1 0 1 0 0 1 1 1 1]
 [1 1 0 1 1 1 0 1 1 1]
 [0 1 0 1 1 1 1 1 0 0]
 [1 1 0 0 1 1 1 1 1 1]
 [1 0 1 1 1 1 1 0 1 1]
 [1 0 0 1 0 1 0 1 1 1]
 [1 1 1 1 1 1 0 1 1 0]
 [0 1 1 1 1 1 1 1 1 1]
 [1 1 1 1 1 0 0 1 0 1]
 [0 1 1 1 1 1 1 1 0 0]
 [1 1 0 1 0 1 1 1 0 1]
 [1 0 1 0 1 1 0 1 1 1]
 [1 1 0 1 1 1 0 1 0 1]
 [0 1 1 1 0 1 1 1 0 1]
 [1 1 1 1 0 1 1 0 1 0]
 [1 1 0 0 0 1 1 1 0 0]
 [0 1 0 1 1 0 1 1 1 0]
 [1 1 0 1 0 1 0 0 1 1]
 [0 1 1 1 0 1 1 1 0 1]
 [1 0 1 1 1 1 0 0 1 1]
 [0 1 1 1 1 1 0 1 0 1]
 [0 0 1 1 0 1 0 0 1 1]
 [0 1 0 1 0 1 1 1 1 1]
 [1 1 1 0 1 1 0 0 1 1]
 [0 1 1 1 1 0 1 1 1 1]
 [0 0 0 0 0 1 1 0 1 1]
 [1 0 1 0 0 1 1 1 1 1]
 [1 1 1 0 1 0 1 0 0 0]
 [0 1 1 1 1 0 1 0 1 1]
 [1 1 1 1 0 0 0 0 1 1]
 [0 0 0 0 1 1 1 1 0 1]
 [0 1 1 0 0 1 1 0 0 1]
 [0 1 1 1 1 1 1 1 1 1]
 [1 0 1 1 0 0 1 1 1 0]
 [1 1 1 0 1 1 0 1 1 1]
 [1 0 1 1 1 1 0 1 0 0]
 [0 1 0 1 0 0 1 0 0 1]
 [1 1 0 0 0 0 0 0 0 1]
 [1 1 1 1 1 1 0 1 1 0]
 [0 1 1 0 1 0 1 1 0 1]
 [0 1 1 1 1 1 1 1 1 0]
 [0 1 1 0 0 1 0 1 0 1]
 [1 1 0 1 0 0 1 0 1 1]
 [1 0 1 1 1 1 1 1 0 1]
 [1 0 1 0 0 1 1 1 0 0]
 [1 1 1 1 1 0 0 0 1 1]
 [1 0 1 1 1 0 0 1 1 0]
 [1 0 1 0 0 1 1 1 1 0]]
{'restarts': 10, 'conflicts': 3560, 'decisions': 8215, 'propagations': 3563595}
Q is identifiable
branch at 6
runtime for solving id of Q is 0.6851889491081238
Simulation results:
{'J': 100, 'K': 10, 'N': 10, 'p': 0.7, 'seed': 853, 'sim': 5, 'runtime': 0.6851889491081238, 'identifiable': 1, 'branch': 6}
6
Q: [[1 0 0 1 0 1 1 1 1 1]
 [1 1 1 1 1 0 1 1 1 1]
 [1 0 0 1 1 0 0 0 1 0]
 [0 1 0 1 1 1 1 1 1 1]
 [1 0 1 0 0 1 1 1 1 1]
 [0 1 1 1 0 0 0 1 1 1]
 [0 1 0 0 0 1 1 1 1 1]
 [1 1 1 0 1 1 0 1 1 0]
 [0 1 0 1 1 0 1 0 0 0]
 [0 0 1 1 1 0 1 0 1 1]
 [1 0 1 0 1 1 0 0 0 1]
 [0 1 1 1 1 1 0 1 1 1]
 [0 1 0 1 1 0 0 0 0 0]
 [1 1 1 1 1 1 1 0 1 1]
 [1 1 1 0 1 1 1 0 1 1]
 [1 1 1 0 1 1 1 0 1 1]
 [1 1 1 1 0 1 1 1 1 1]
 [0 1 1 1 1 0 1 0 1 1]
 [1 1 1 1 1 1 1 1 1 1]
 [1 1 1 0 1 1 1 0 0 1]
 [1 1 0 1 1 0 0 0 0 1]
 [1 1 1 0 0 0 0 1 1 1]
 [0 1 1 0 1 1 1 1 0 1]
 [0 0 1 1 1 1 0 1 1 0]
 [1 1 1 0 1 1 1 1 1 1]
 [0 1 1 1 1 0 0 0 1 1]
 [1 1 1 1 0 1 1 1 1 0]
 [1 1 0 0 1 1 0 1 1 1]
 [0 1 1 0 1 0 1 1 1 1]
 [1 0 1 1 1 1 1 0 0 1]
 [0 1 0 1 1 1 0 1 0 0]
 [1 1 1 1 0 1 0 1 0 0]
 [1 0 1 1 1 1 1 1 0 1]
 [0 0 1 1 1 1 1 0 1 0]
 [1 0 0 0 1 1 0 1 1 1]
 [1 1 1 1 1 1 1 0 1 1]
 [1 1 1 0 0 0 1 0 1 1]
 [1 0 0 1 1 1 1 0 0 1]
 [1 1 0 1 0 1 0 1 1 0]
 [1 1 1 0 1 1 1 1 1 0]
 [0 1 1 0 1 0 1 1 0 1]
 [1 1 1 1 1 1 0 1 1 1]
 [1 1 1 1 0 1 0 0 1 0]
 [0 1 1 1 1 1 1 1 0 0]
 [1 1 0 0 1 0 1 1 1 1]
 [0 1 0 0 0 0 1 1 1 0]
 [1 1 1 0 1 0 0 1 0 1]
 [0 1 1 0 1 1 1 0 0 0]
 [1 1 0 0 1 1 1 1 1 1]
 [0 1 0 1 0 1 1 1 1 1]
 [0 1 1 0 0 1 0 1 1 1]
 [0 1 1 1 1 0 0 1 1 1]
 [1 1 0 1 1 1 0 0 0 1]
 [1 0 1 1 1 1 1 0 1 0]
 [1 1 1 1 1 1 1 1 1 0]
 [1 0 0 1 1 1 1 0 1 1]
 [0 0 1 1 1 1 1 1 1 1]
 [1 1 1 1 1 1 1 0 1 1]
 [1 1 1 1 0 1 1 1 1 1]
 [0 1 0 1 1 1 1 1 1 1]
 [0 0 1 0 1 1 1 1 0 1]
 [0 0 1 0 1 1 1 1 1 0]
 [0 1 1 0 1 1 1 1 1 1]
 [1 1 0 1 1 1 0 0 1 1]
 [1 1 1 1 0 0 1 1 0 1]
 [1 1 0 0 1 0 1 1 1 1]
 [0 1 1 1 0 1 1 1 1 1]
 [0 1 1 1 1 1 1 1 1 1]
 [0 1 0 1 1 1 0 1 1 0]
 [1 1 1 1 1 0 1 1 1 1]
 [1 0 1 1 1 1 1 1 1 0]
 [0 1 1 1 1 1 1 1 0 1]
 [0 0 1 0 1 1 1 0 1 1]
 [0 0 1 1 0 1 1 1 1 0]
 [1 0 1 0 1 0 1 0 0 1]
 [1 1 1 1 1 1 0 0 1 1]
 [0 1 0 1 1 1 0 1 1 0]
 [1 0 1 1 1 0 1 0 1 1]
 [0 1 1 1 1 1 1 1 1 1]
 [1 0 1 0 1 1 0 1 1 1]
 [0 1 1 1 1 1 1 0 0 0]
 [1 1 1 0 1 1 0 1 1 1]
 [1 0 1 1 0 1 1 1 1 1]
 [1 1 1 1 1 1 1 1 0 1]
 [1 1 1 1 1 1 0 1 1 1]
 [1 1 1 1 0 0 0 1 1 1]
 [1 0 1 1 1 1 1 1 0 0]
 [0 1 1 1 0 1 0 1 0 0]
 [1 0 0 1 1 0 0 1 1 1]
 [1 0 0 1 0 0 1 1 0 1]
 [1 1 1 0 1 0 1 1 0 1]
 [1 1 1 1 1 0 1 1 1 1]
 [0 1 1 1 1 0 0 0 0 1]
 [1 1 1 1 0 1 0 1 1 1]
 [1 1 1 1 1 1 0 1 1 1]
 [0 1 1 1 1 1 0 1 1 0]
 [1 0 1 1 1 1 0 0 0 0]
 [1 1 0 1 1 1 1 1 1 1]
 [0 1 0 1 1 0 0 1 1 1]
 [1 1 1 1 0 0 1 0 0 1]]
{'restarts': 88, 'conflicts': 37157, 'decisions': 56199, 'propagations': 33256978}
Q is identifiable
branch at 6
runtime for solving id of Q is 4.676901927217841
Simulation results:
{'J': 100, 'K': 10, 'N': 10, 'p': 0.7, 'seed': 853, 'sim': 6, 'runtime': 4.676901927217841, 'identifiable': 1, 'branch': 6}
7
Q: [[0 1 1 1 0 1 1 0 1 0]
 [1 1 1 1 1 1 0 1 1 0]
 [1 1 1 1 0 0 0 1 1 0]
 [0 1 1 1 0 1 1 0 1 0]
 [1 0 1 1 0 1 0 1 1 1]
 [1 1 1 1 0 1 1 1 1 1]
 [1 1 0 1 1 0 1 1 1 0]
 [0 1 1 0 1 1 1 1 0 1]
 [1 1 1 0 0 0 1 1 1 0]
 [0 0 0 1 1 1 0 1 1 1]
 [1 0 1 1 1 0 1 0 1 1]
 [1 0 0 1 1 1 0 0 1 0]
 [0 1 1 1 1 1 0 1 1 1]
 [0 1 0 1 1 1 0 0 1 1]
 [1 1 1 1 1 1 1 1 0 1]
 [0 1 1 1 1 1 1 1 0 1]
 [1 1 0 0 1 1 1 0 1 1]
 [0 1 1 0 1 0 1 1 1 1]
 [1 1 1 1 1 1 1 1 1 0]
 [0 1 1 0 0 1 0 1 1 1]
 [0 1 0 0 1 0 0 1 1 1]
 [1 1 1 1 1 1 1 1 1 1]
 [1 0 1 1 1 1 1 0 1 1]
 [0 1 0 0 0 1 1 1 1 0]
 [1 1 0 1 0 0 1 1 0 1]
 [1 1 1 0 1 0 0 1 1 1]
 [1 0 1 1 1 0 0 0 1 1]
 [1 1 1 1 0 1 1 1 0 1]
 [1 1 1 1 1 1 1 1 1 1]
 [1 1 1 1 1 0 1 1 1 0]
 [0 1 0 1 0 1 1 0 1 0]
 [1 0 1 0 1 1 0 1 1 0]
 [1 1 0 0 1 1 1 1 1 1]
 [1 0 1 1 0 1 0 1 0 1]
 [0 1 1 0 0 0 1 1 1 1]
 [1 1 1 1 1 0 1 1 1 0]
 [1 0 0 0 1 1 1 1 1 1]
 [1 1 1 1 1 1 1 0 1 1]
 [1 1 1 1 0 1 0 1 1 1]
 [0 1 0 0 1 1 1 1 1 0]
 [1 1 0 1 0 1 1 1 1 0]
 [1 1 1 1 1 1 0 1 1 0]
 [1 0 1 1 1 1 1 1 1 1]
 [1 1 0 1 1 0 1 0 0 0]
 [1 1 1 0 1 1 1 1 1 1]
 [1 0 1 1 1 1 1 0 1 0]
 [1 1 1 0 1 0 0 1 0 0]
 [1 0 1 1 0 1 1 0 1 1]
 [1 1 0 0 1 0 1 0 1 0]
 [1 0 1 1 1 1 1 0 0 0]
 [1 1 0 1 1 1 1 1 0 1]
 [1 1 1 1 0 0 1 1 1 1]
 [1 1 1 0 1 1 1 1 0 1]
 [0 1 1 1 1 1 0 1 1 1]
 [0 1 1 1 1 0 1 1 0 1]
 [0 1 1 0 1 0 0 0 1 1]
 [1 1 1 1 1 1 1 1 0 0]
 [1 1 1 0 1 1 1 1 1 1]
 [1 1 1 0 1 1 1 1 1 0]
 [1 1 1 1 0 1 1 0 1 0]
 [1 0 0 0 1 0 1 0 1 1]
 [1 0 1 1 0 1 1 1 1 1]
 [1 1 0 1 0 0 1 1 1 0]
 [1 1 1 1 1 0 0 1 1 0]
 [0 1 1 0 0 1 1 1 1 1]
 [1 0 1 1 1 1 0 1 1 0]
 [0 1 0 1 1 1 0 1 1 1]
 [1 0 1 0 1 1 1 1 0 1]
 [1 1 1 1 1 1 1 1 1 0]
 [1 1 0 1 1 1 1 1 1 1]
 [1 1 1 1 0 0 1 1 1 0]
 [1 1 0 1 1 1 1 0 1 1]
 [1 1 1 1 0 1 1 1 0 0]
 [1 0 0 1 0 0 1 0 1 0]
 [1 0 1 1 1 1 1 1 1 1]
 [0 1 1 1 0 1 1 0 1 1]
 [0 1 1 0 1 1 1 1 0 0]
 [0 1 1 1 1 1 1 1 1 1]
 [1 1 0 1 1 1 1 1 1 1]
 [0 1 1 1 1 0 1 1 1 1]
 [0 1 0 0 1 0 0 1 0 0]
 [0 1 1 0 1 0 0 1 0 1]
 [0 1 0 0 1 1 1 1 0 1]
 [1 1 1 0 1 0 1 1 0 1]
 [1 1 1 1 0 0 0 0 1 1]
 [0 1 0 1 0 1 1 1 1 1]
 [1 1 1 0 1 1 1 1 0 0]
 [1 1 0 0 1 1 1 1 1 1]
 [1 1 1 0 1 1 1 1 0 0]
 [1 0 1 0 1 1 1 1 1 0]
 [0 0 1 1 1 1 1 1 1 0]
 [1 1 1 1 1 1 0 0 1 1]
 [1 1 1 1 1 1 1 0 1 1]
 [1 1 0 0 1 1 1 0 0 1]
 [1 0 1 1 1 0 0 1 1 1]
 [0 1 0 0 1 0 1 0 1 0]
 [0 1 0 1 1 0 0 1 1 1]
 [1 1 1 1 1 1 1 1 1 1]
 [0 0 1 1 0 1 0 1 1 1]
 [0 1 0 1 1 1 0 1 1 1]]
{'restarts': 82, 'conflicts': 40167, 'decisions': 59240, 'propagations': 35633288}
Q is identifiable
branch at 6
runtime for solving id of Q is 5.138733961619437
Simulation results:
{'J': 100, 'K': 10, 'N': 10, 'p': 0.7, 'seed': 853, 'sim': 7, 'runtime': 5.138733961619437, 'identifiable': 1, 'branch': 6}
8
Q: [[1 1 0 1 1 1 1 1 1 1]
 [0 1 0 1 1 0 1 1 0 1]
 [1 1 1 0 1 1 0 1 1 1]
 [1 1 1 0 1 1 0 1 0 1]
 [0 0 0 0 0 1 0 0 1 1]
 [0 1 0 1 0 1 1 0 0 1]
 [1 1 1 1 1 0 1 1 1 1]
 [1 1 1 0 0 0 1 1 0 1]
 [1 0 1 1 1 0 1 1 1 1]
 [0 1 1 1 0 1 1 0 1 1]
 [0 1 1 1 1 0 0 0 0 0]
 [1 1 1 0 1 1 1 0 1 1]
 [0 0 1 0 1 1 1 1 0 0]
 [1 0 0 0 1 0 1 0 1 1]
 [0 1 0 0 1 1 1 1 0 1]
 [1 1 1 1 1 1 1 1 1 1]
 [1 1 1 1 1 1 0 1 0 1]
 [0 0 0 1 0 1 1 1 1 0]
 [0 1 0 0 1 0 1 1 0 1]
 [0 1 1 1 0 0 1 1 0 1]
 [0 1 0 1 0 1 0 1 1 1]
 [1 1 0 0 1 0 0 1 0 1]
 [1 1 1 1 1 0 0 1 1 1]
 [0 1 0 1 1 0 1 1 1 1]
 [1 1 1 1 1 0 1 1 0 1]
 [1 0 1 1 1 1 1 1 1 0]
 [1 1 1 0 0 1 1 0 1 0]
 [1 0 1 1 0 0 1 1 1 1]
 [0 1 1 1 1 0 1 1 1 1]
 [0 1 1 0 1 1 1 1 1 1]
 [1 1 1 0 1 1 1 0 0 1]
 [0 0 1 1 1 0 0 0 0 0]
 [0 1 0 1 0 1 1 1 1 1]
 [0 1 1 1 0 1 1 1 0 0]
 [0 0 0 1 1 0 1 1 1 1]
 [0 0 1 1 1 0 1 1 1 1]
 [1 1 1 1 1 0 1 0 0 1]
 [1 1 0 0 1 1 1 0 0 1]
 [1 1 1 1 0 0 1 1 1 0]
 [1 1 1 1 1 1 1 0 1 1]
 [1 0 0 1 1 1 1 0 0 0]
 [1 0 1 0 0 1 0 0 1 1]
 [1 1 1 1 1 1 1 0 1 1]
 [1 1 1 1 1 1 0 0 1 1]
 [0 1 1 0 1 1 0 1 1 1]
 [1 1 0 0 1 1 1 1 1 1]
 [1 1 1 0 1 1 1 1 1 0]
 [1 1 0 0 1 1 0 1 1 1]
 [1 0 1 0 1 1 1 0 0 1]
 [1 1 0 0 1 1 0 1 0 1]
 [1 1 0 1 1 1 1 0 0 1]
 [0 1 0 1 1 0 1 1 1 1]
 [1 0 1 1 1 1 1 1 0 0]
 [1 1 0 1 0 0 1 1 0 1]
 [1 0 1 1 1 1 1 0 0 1]
 [1 0 0 1 1 1 0 1 1 1]
 [1 1 1 1 1 0 1 1 0 1]
 [1 1 1 1 1 0 0 1 0 1]
 [0 1 1 0 1 0 1 0 1 0]
 [0 1 0 0 1 1 0 0 1 1]
 [1 1 1 1 1 0 1 0 1 1]
 [1 0 0 0 1 1 1 1 1 1]
 [1 1 1 1 1 0 1 0 1 1]
 [1 0 1 0 1 1 1 0 1 1]
 [0 1 1 0 1 0 0 0 0 1]
 [1 1 1 0 1 1 0 1 1 1]
 [0 1 0 1 1 1 1 1 1 1]
 [0 1 1 0 1 1 1 1 1 1]
 [1 1 1 0 1 1 1 1 1 0]
 [0 1 1 1 1 1 0 1 1 1]
 [0 1 1 1 1 1 0 1 0 1]
 [0 1 0 1 1 1 1 0 0 1]
 [0 1 1 1 1 0 0 1 0 1]
 [1 1 1 1 1 1 1 1 1 1]
 [1 1 1 1 0 1 1 1 1 1]
 [1 1 0 1 0 1 1 1 1 1]
 [1 1 1 1 0 1 1 1 1 1]
 [0 1 1 1 0 1 1 1 1 1]
 [0 1 1 1 1 0 1 1 1 1]
 [1 1 1 1 0 0 0 0 1 1]
 [1 1 1 1 1 1 1 0 1 1]
 [0 1 0 1 1 0 1 0 0 1]
 [1 0 0 1 1 1 1 0 1 0]
 [1 1 1 1 1 1 1 1 1 1]
 [1 1 1 0 0 1 1 1 1 1]
 [1 0 1 1 1 1 1 0 1 0]
 [0 1 0 0 1 1 0 0 1 1]
 [0 1 1 1 0 1 1 1 0 1]
 [0 1 1 1 1 1 1 1 1 1]
 [1 0 1 1 0 1 1 1 0 1]
 [1 1 1 0 1 1 0 1 1 1]
 [0 1 1 1 0 1 1 1 1 1]
 [0 0 1 0 0 1 0 0 1 1]
 [0 1 1 1 1 0 1 1 1 1]
 [1 1 1 1 1 1 0 1 0 1]
 [1 1 1 1 1 0 1 1 1 1]
 [1 1 1 1 1 1 0 1 1 1]
 [0 1 1 1 1 1 1 0 0 0]
 [0 1 1 0 0 0 1 0 0 1]
 [0 1 0 0 0 1 1 0 1 0]]
{'restarts': 6, 'conflicts': 2606, 'decisions': 5374, 'propagations': 2125179}
Q is identifiable
branch at 6
runtime for solving id of Q is 0.44479703065007925
Simulation results:
{'J': 100, 'K': 10, 'N': 10, 'p': 0.7, 'seed': 853, 'sim': 8, 'runtime': 0.44479703065007925, 'identifiable': 1, 'branch': 6}
9
Q: [[1 1 1 1 1 0 0 0 0 1]
 [1 1 1 1 1 1 1 1 1 1]
 [1 0 1 1 0 1 0 1 1 1]
 [1 1 1 1 1 1 1 1 1 1]
 [1 0 1 0 1 0 1 1 0 1]
 [1 0 0 1 0 1 0 1 1 1]
 [0 1 0 0 1 1 0 0 1 1]
 [0 1 1 0 1 1 1 1 1 0]
 [1 1 0 1 1 1 0 0 1 0]
 [1 0 0 1 1 1 1 1 1 1]
 [1 1 0 1 0 1 1 0 0 1]
 [1 0 1 1 1 1 0 1 0 1]
 [0 1 0 1 1 1 1 1 0 1]
 [0 1 1 1 1 1 1 1 0 0]
 [1 0 1 1 0 0 1 0 1 0]
 [1 0 0 0 1 1 1 1 1 1]
 [0 1 0 0 1 1 1 1 0 0]
 [1 1 1 0 0 1 1 1 0 1]
 [0 1 0 0 0 1 1 0 1 1]
 [0 1 1 1 1 0 1 1 0 1]
 [1 1 1 0 1 1 1 1 1 1]
 [1 1 1 1 1 0 1 1 0 1]
 [1 0 0 1 0 1 1 0 1 1]
 [1 1 1 0 1 1 1 1 0 1]
 [0 1 1 1 1 0 1 1 0 1]
 [0 1 1 1 0 1 1 0 1 1]
 [1 1 0 1 1 1 1 1 0 1]
 [1 0 0 1 1 1 1 1 1 1]
 [1 1 0 1 1 1 0 1 0 1]
 [1 1 1 1 1 0 0 1 1 1]
 [1 1 0 0 1 1 1 1 1 1]
 [0 1 1 0 1 1 0 0 1 1]
 [0 0 0 1 0 1 1 1 0 1]
 [0 1 1 1 1 1 1 1 1 1]
 [0 1 1 1 1 1 1 0 0 1]
 [0 1 1 0 1 1 1 1 1 1]
 [1 1 0 1 1 1 1 1 1 1]
 [1 1 1 0 1 0 1 1 1 1]
 [1 0 0 1 1 1 1 1 1 1]
 [0 1 1 1 1 1 0 1 1 1]
 [0 1 1 1 1 0 1 0 0 1]
 [1 1 1 0 1 1 0 1 0 1]
 [0 1 0 0 1 1 0 1 1 1]
 [1 0 1 1 1 1 1 0 1 1]
 [1 1 1 1 1 1 0 1 1 1]
 [1 1 0 0 1 1 0 1 1 0]
 [0 1 0 0 0 1 0 1 1 0]
 [1 1 1 1 0 0 0 1 0 0]
 [0 1 0 1 1 1 1 1 1 0]
 [0 1 1 0 1 1 1 1 1 1]
 [1 1 1 1 1 1 1 0 1 1]
 [1 1 1 1 1 0 0 0 1 1]
 [0 1 1 1 0 1 1 1 1 0]
 [1 1 0 0 0 0 1 0 0 0]
 [0 1 1 1 1 1 1 1 0 1]
 [1 0 1 1 1 1 0 0 1 1]
 [1 1 0 1 1 1 0 1 0 0]
 [0 0 0 0 0 0 0 0 0 0]
 [1 0 1 1 1 1 1 0 1 1]
 [1 1 1 1 0 1 1 0 1 1]
 [1 1 0 1 0 0 0 1 1 0]
 [0 1 0 1 0 0 1 1 0 1]
 [1 1 1 1 0 1 1 1 1 1]
 [1 1 0 0 1 0 0 0 1 1]
 [1 1 0 1 1 0 1 0 0 1]
 [1 1 0 0 1 1 0 1 1 1]
 [1 0 1 1 1 0 0 1 1 1]
 [0 1 1 1 1 1 0 1 1 0]
 [0 0 1 1 1 1 1 0 1 0]
 [0 1 0 1 1 1 0 1 1 1]
 [0 1 0 1 1 1 1 1 0 0]
 [0 0 0 1 0 1 1 0 0 1]
 [0 1 1 1 1 1 1 0 1 1]
 [0 1 0 1 0 1 1 1 1 1]
 [0 0 0 1 1 1 1 0 1 1]
 [1 0 1 1 1 1 0 1 1 0]
 [1 1 0 1 1 1 1 1 1 1]
 [1 0 1 1 1 1 1 0 1 1]
 [0 1 1 1 0 0 0 1 1 1]
 [1 1 1 1 0 1 0 1 1 0]
 [1 1 1 0 0 0 1 1 0 0]
 [0 1 1 1 1 0 1 1 1 0]
 [0 0 0 1 0 1 0 1 1 0]
 [1 1 1 0 1 0 1 1 1 0]
 [0 0 1 1 0 1 1 1 0 0]
 [1 0 0 1 0 1 1 1 1 1]
 [0 1 1 1 0 0 1 0 0 1]
 [1 1 0 1 0 0 1 0 1 1]
 [1 1 1 1 0 1 1 1 1 0]
 [0 1 0 1 1 1 1 1 0 1]
 [1 1 1 1 0 1 0 1 1 0]
 [1 1 1 0 1 1 1 0 1 1]
 [1 1 1 1 1 0 0 1 0 0]
 [1 0 1 1 1 1 1 1 1 1]
 [1 0 0 0 0 1 1 1 1 1]
 [1 1 1 0 0 1 0 1 1 1]
 [1 0 1 1 0 1 1 0 1 1]
 [1 1 1 1 1 0 1 1 0 1]
 [1 1 1 1 1 1 1 1 0 1]
 [1 1 1 0 1 0 1 1 1 1]]
{'restarts': 13, 'conflicts': 3172, 'decisions': 7822, 'propagations': 3403993}
Q is identifiable
branch at 6
runtime for solving id of Q is 0.6380145037546754
Simulation results:
{'J': 100, 'K': 10, 'N': 10, 'p': 0.7, 'seed': 853, 'sim': 9, 'runtime': 0.6380145037546754, 'identifiable': 1, 'branch': 6}
Simulation results:
[{'J': 100, 'K': 10, 'N': 10, 'p': 0.7, 'seed': 853, 'sim': 0, 'runtime': 0.7174735479056835, 'identifiable': 1, 'branch': 6}, {'J': 100, 'K': 10, 'N': 10, 'p': 0.7, 'seed': 853, 'sim': 1, 'runtime': 2.18370686750859, 'identifiable': 1, 'branch': 6}, {'J': 100, 'K': 10, 'N': 10, 'p': 0.7, 'seed': 853, 'sim': 2, 'runtime': 0.3673818092793226, 'identifiable': 1, 'branch': 6}, {'J': 100, 'K': 10, 'N': 10, 'p': 0.7, 'seed': 853, 'sim': 3, 'runtime': 1.0609783614054322, 'identifiable': 1, 'branch': 6}, {'J': 100, 'K': 10, 'N': 10, 'p': 0.7, 'seed': 853, 'sim': 4, 'runtime': 10.565998991020024, 'identifiable': 1, 'branch': 6}, {'J': 100, 'K': 10, 'N': 10, 'p': 0.7, 'seed': 853, 'sim': 5, 'runtime': 0.6851889491081238, 'identifiable': 1, 'branch': 6}, {'J': 100, 'K': 10, 'N': 10, 'p': 0.7, 'seed': 853, 'sim': 6, 'runtime': 4.676901927217841, 'identifiable': 1, 'branch': 6}, {'J': 100, 'K': 10, 'N': 10, 'p': 0.7, 'seed': 853, 'sim': 7, 'runtime': 5.138733961619437, 'identifiable': 1, 'branch': 6}, {'J': 100, 'K': 10, 'N': 10, 'p': 0.7, 'seed': 853, 'sim': 8, 'runtime': 0.44479703065007925, 'identifiable': 1, 'branch': 6}, {'J': 100, 'K': 10, 'N': 10, 'p': 0.7, 'seed': 853, 'sim': 9, 'runtime': 0.6380145037546754, 'identifiable': 1, 'branch': 6}]
