
The Gurobi software has a limited number of licenses. To request a license or
licenses, add this line

    #SBATCH --licenses=gurobi@slurmdb:1

to your SBATCH script, replacing N with the number of licenses you need. Gurobi
will need one license per process.


0
Q: [[0 0 0 0 0 0 1 0 0 1 0 0 1 0 0]
 [0 1 0 0 0 0 1 0 0 0 0 1 0 1 1]
 [0 1 0 1 0 0 1 1 0 0 1 1 0 0 0]
 [0 0 0 1 0 0 0 1 0 1 0 0 1 1 1]
 [0 1 0 1 1 0 0 1 1 1 0 0 1 0 0]
 [0 0 0 0 1 1 1 0 0 0 1 1 1 0 1]
 [1 0 1 0 1 0 1 1 1 1 0 1 1 0 0]
 [1 1 1 1 0 0 0 0 0 0 1 1 0 0 1]
 [1 1 0 1 0 1 0 0 1 1 1 0 1 1 0]
 [1 0 1 0 1 0 1 0 0 1 1 0 0 0 0]
 [0 0 1 0 1 1 0 0 1 0 0 0 0 0 0]
 [0 1 1 0 0 0 0 1 1 0 1 0 1 0 1]
 [1 0 0 0 1 0 0 1 1 0 0 0 1 0 1]
 [0 1 1 1 0 0 1 0 1 1 0 1 0 1 0]
 [0 0 1 0 0 1 0 0 0 0 1 1 0 0 0]
 [0 0 0 1 1 0 0 1 0 0 0 0 1 0 0]
 [0 0 0 0 0 0 1 0 1 1 1 1 1 0 0]
 [1 0 1 1 1 0 0 0 1 1 0 0 0 0 1]
 [0 0 0 0 0 0 1 1 0 0 0 0 0 0 1]
 [0 1 0 0 1 1 0 0 0 1 1 0 1 0 0]
 [0 1 0 0 0 0 1 0 0 0 0 1 1 0 0]
 [0 0 0 0 1 1 0 1 1 0 1 0 1 1 1]
 [0 0 0 0 1 0 0 0 0 0 0 1 1 0 0]
 [1 1 1 0 0 0 1 0 1 0 1 0 0 0 1]
 [0 0 1 1 0 1 0 0 0 0 0 1 0 0 0]
 [1 1 0 0 1 0 1 0 0 0 1 1 1 0 0]
 [0 0 0 0 1 0 1 1 0 0 1 0 1 0 1]
 [1 0 0 0 0 0 0 0 0 0 1 0 0 1 1]
 [0 1 0 0 1 0 0 0 1 0 0 1 1 0 0]
 [0 1 0 1 1 1 1 0 0 1 0 1 0 0 1]
 [1 0 0 1 0 0 1 1 0 0 0 1 0 0 1]
 [1 0 0 1 1 0 0 0 1 0 1 1 1 0 0]
 [0 1 0 0 0 1 0 1 0 1 0 1 0 1 0]
 [1 1 1 1 0 1 0 0 0 1 1 0 0 0 0]
 [0 0 0 0 1 1 1 1 1 0 1 0 0 1 0]
 [0 0 0 1 0 0 0 1 0 0 0 0 0 0 1]
 [0 0 1 0 1 0 1 0 0 0 1 0 0 1 0]
 [0 0 0 0 0 0 1 1 0 1 0 0 1 0 1]
 [1 0 1 0 0 0 0 0 0 0 0 0 1 1 1]
 [1 0 1 1 1 1 1 1 0 0 1 0 0 1 1]
 [0 0 0 0 0 1 0 0 0 0 0 0 0 1 0]
 [0 0 0 1 0 0 1 0 1 1 0 0 0 0 0]
 [0 0 0 1 1 0 0 0 1 0 0 0 0 0 1]
 [1 1 0 0 1 0 0 0 0 1 0 1 0 1 0]
 [1 0 0 1 1 0 0 0 1 0 0 0 1 0 0]
 [1 0 0 0 1 0 1 0 1 0 1 1 0 0 0]
 [0 1 0 1 0 1 0 0 1 1 0 0 0 0 0]
 [0 1 1 1 0 1 1 0 1 0 1 0 1 0 0]
 [1 1 0 0 0 0 0 1 0 1 1 1 1 0 0]
 [0 0 0 1 0 0 0 0 1 1 0 0 1 0 0]]
{'restarts': 32, 'conflicts': 8409, 'decisions': 17890, 'propagations': 74225268}
Q is identifiable
branch at 6
runtime for solving id of Q is 15.371883414220065
Simulation results:
{'J': 50, 'K': 15, 'N': 10, 'p': 0.4, 'seed': 16, 'sim': 0, 'runtime': 15.371883414220065, 'identifiable': 1, 'branch': 6}
1
Q: [[0 1 1 0 0 0 0 1 1 1 0 1 0 1 1]
 [0 0 0 0 1 0 0 0 0 0 0 0 0 1 1]
 [0 1 1 1 0 0 1 0 0 0 0 0 0 0 0]
 [0 1 1 0 0 1 0 0 0 0 1 0 0 0 0]
 [0 0 0 1 0 0 0 1 0 0 1 0 1 0 1]
 [0 0 1 1 0 0 1 0 0 1 0 0 1 0 1]
 [0 0 1 0 1 1 1 1 0 1 0 1 0 1 0]
 [0 0 0 0 0 1 1 0 0 1 0 0 0 1 1]
 [1 1 0 1 1 1 0 0 0 0 0 0 1 0 1]
 [0 0 1 1 0 0 1 0 0 1 0 1 0 0 0]
 [1 0 0 0 1 1 0 0 0 0 0 0 1 1 0]
 [1 0 0 0 1 0 1 1 0 1 0 1 0 0 1]
 [1 0 1 0 1 1 1 0 0 0 1 0 1 1 0]
 [1 0 0 0 0 1 0 1 0 1 1 0 0 1 1]
 [0 1 1 0 1 0 0 0 1 0 1 1 0 1 1]
 [1 0 0 1 0 0 1 0 0 0 0 0 1 0 1]
 [0 0 1 0 0 0 0 0 0 1 0 0 1 1 1]
 [0 0 0 0 0 0 0 1 0 1 0 0 0 0 0]
 [1 0 0 1 0 1 1 0 0 0 0 1 0 0 1]
 [0 0 1 0 1 0 0 0 1 0 0 1 0 0 0]
 [1 0 0 1 0 0 0 1 1 1 0 0 0 1 1]
 [1 0 0 1 0 0 0 0 0 0 0 0 0 0 0]
 [1 0 0 1 0 0 0 1 0 1 1 0 0 0 1]
 [0 1 1 0 0 0 1 0 1 0 1 0 1 1 1]
 [1 0 1 0 0 1 1 0 0 1 0 0 1 0 1]
 [1 1 1 1 0 0 0 0 1 0 0 0 0 0 0]
 [0 1 1 1 1 0 0 0 1 0 0 0 0 0 1]
 [0 1 0 0 0 1 0 0 1 0 0 1 1 0 0]
 [1 1 0 0 0 0 1 0 0 0 1 0 1 0 1]
 [1 0 0 0 0 1 1 1 0 1 1 0 1 1 1]
 [0 0 0 0 1 0 0 1 0 0 1 0 0 1 1]
 [0 0 1 0 0 1 0 0 1 0 0 1 0 0 0]
 [0 0 1 0 0 1 0 0 0 0 0 1 0 1 1]
 [0 1 1 1 1 1 1 0 0 1 1 1 0 1 1]
 [1 0 0 1 0 1 0 0 1 0 1 1 0 1 1]
 [1 0 0 1 0 1 1 1 0 0 0 1 1 0 0]
 [0 0 0 1 0 0 1 0 0 0 0 0 1 0 0]
 [0 1 0 1 0 1 0 1 1 0 0 0 0 0 0]
 [1 0 0 0 0 0 0 0 0 1 0 1 0 1 0]
 [0 0 0 1 0 0 0 1 0 1 0 1 1 1 0]
 [0 1 0 1 0 1 1 1 0 1 1 0 0 1 0]
 [0 1 0 0 0 0 0 0 1 0 0 0 0 0 0]
 [1 0 0 0 1 1 1 0 1 1 0 1 1 0 1]
 [0 1 1 1 0 0 0 1 1 0 0 1 1 0 1]
 [1 1 0 1 1 0 0 0 1 0 0 0 0 0 0]
 [0 0 1 0 1 0 0 1 0 0 1 0 0 1 0]
 [1 1 0 1 0 0 1 0 1 0 1 1 1 1 1]
 [0 0 1 1 0 0 0 0 0 0 1 0 1 1 0]
 [1 0 1 0 0 0 1 1 1 0 1 1 0 1 0]
 [1 0 1 1 0 1 0 0 1 0 0 1 1 1 1]]
{'restarts': 18, 'conflicts': 4706, 'decisions': 14024, 'propagations': 38989664}
Q is identifiable
branch at 6
runtime for solving id of Q is 9.048175666015595
Simulation results:
{'J': 50, 'K': 15, 'N': 10, 'p': 0.4, 'seed': 16, 'sim': 1, 'runtime': 9.048175666015595, 'identifiable': 1, 'branch': 6}
2
Q: [[1 0 0 0 0 1 0 0 0 1 1 1 0 0 0]
 [0 1 0 0 0 0 1 1 0 1 1 1 0 1 1]
 [1 1 0 0 0 1 0 0 1 0 0 0 0 1 0]
 [1 1 0 0 0 0 1 1 0 0 0 0 0 0 1]
 [0 0 1 0 1 1 0 0 0 1 0 0 0 0 0]
 [0 1 1 0 0 0 1 0 1 1 0 0 0 0 1]
 [1 0 1 0 1 1 0 0 1 0 0 1 1 0 1]
 [1 1 1 1 0 0 0 0 1 1 1 1 1 1 0]
 [0 0 1 0 0 1 0 1 0 0 1 1 0 0 0]
 [1 1 1 0 1 0 1 0 0 0 1 1 0 0 0]
 [1 0 1 1 1 1 1 0 1 0 0 0 0 1 1]
 [0 0 1 1 0 0 0 0 1 0 0 0 0 0 0]
 [0 0 0 1 0 1 1 1 0 1 1 0 0 1 1]
 [1 0 1 1 0 0 1 1 1 0 0 0 0 0 0]
 [0 0 0 0 0 0 0 0 1 0 0 0 0 1 0]
 [0 0 0 1 0 1 1 0 1 1 0 1 0 0 0]
 [1 1 0 0 0 0 1 1 0 1 0 0 0 0 0]
 [0 1 0 0 1 1 0 0 1 0 1 0 0 1 1]
 [0 0 0 1 0 0 0 1 0 1 1 0 0 0 1]
 [1 1 0 0 1 1 1 0 0 0 0 0 1 0 0]
 [1 0 0 0 1 0 1 0 1 0 0 0 1 0 1]
 [0 0 1 1 1 0 1 1 0 1 0 0 1 1 1]
 [0 0 1 0 0 1 1 0 0 0 1 0 0 0 0]
 [1 0 1 0 0 1 1 1 0 1 1 1 1 1 0]
 [1 1 1 1 0 0 1 1 1 1 0 1 0 1 0]
 [1 0 0 0 0 1 0 0 1 0 0 1 0 1 1]
 [0 0 0 0 1 0 0 0 0 1 1 1 0 1 0]
 [0 0 0 1 0 1 1 1 0 0 1 1 1 1 0]
 [0 0 0 0 1 0 0 1 1 1 0 0 0 0 0]
 [1 0 0 0 0 0 1 1 1 0 0 0 0 0 1]
 [1 0 0 1 1 1 1 1 1 0 1 1 1 1 0]
 [0 1 0 0 0 1 1 0 1 0 0 1 0 0 0]
 [0 0 1 0 0 0 0 1 1 0 0 0 1 0 0]
 [0 0 0 1 0 1 0 0 0 0 1 0 0 0 0]
 [1 0 0 1 1 0 1 1 0 1 0 1 1 1 1]
 [0 1 0 0 1 1 1 0 0 0 0 0 0 0 0]
 [0 0 0 0 1 1 0 0 1 0 0 0 0 0 1]
 [0 0 1 1 1 0 0 0 0 0 0 0 1 1 0]
 [0 0 0 0 0 0 1 1 0 0 0 1 1 1 0]
 [1 1 1 1 0 0 0 1 0 1 0 0 1 0 0]
 [1 1 1 0 1 0 1 0 0 0 0 1 1 1 0]
 [0 0 1 1 1 1 0 0 0 0 1 0 0 1 1]
 [0 0 1 1 0 0 0 0 1 0 1 1 0 1 0]
 [0 0 1 1 1 1 1 0 0 0 1 0 0 1 1]
 [0 1 0 0 1 0 0 1 0 1 1 1 1 0 1]
 [1 1 0 0 1 0 0 0 0 1 1 0 0 1 0]
 [1 0 1 1 1 0 0 0 1 1 0 1 1 1 0]
 [0 0 0 0 1 0 1 1 1 0 1 1 0 1 0]
 [1 1 0 0 0 1 0 0 0 1 0 0 1 0 0]
 [1 0 0 0 0 0 1 1 0 1 0 0 0 0 1]]
{'restarts': 53, 'conflicts': 9651, 'decisions': 25549, 'propagations': 70864126}
Q is identifiable
branch at 6
runtime for solving id of Q is 13.565539873670787
Simulation results:
{'J': 50, 'K': 15, 'N': 10, 'p': 0.4, 'seed': 16, 'sim': 2, 'runtime': 13.565539873670787, 'identifiable': 1, 'branch': 6}
3
Q: [[1 1 0 1 0 0 0 1 1 1 1 0 0 0 1]
 [0 0 0 1 0 0 0 0 0 0 0 0 0 1 0]
 [1 0 1 1 0 1 0 0 0 0 1 0 0 0 0]
 [0 1 0 1 0 0 1 0 0 1 0 0 1 0 0]
 [0 0 0 0 0 0 0 0 0 0 1 0 0 0 0]
 [1 0 1 0 0 0 0 0 1 1 0 1 0 0 0]
 [1 0 1 1 0 0 0 0 0 0 0 0 0 0 1]
 [0 1 0 0 0 1 1 0 1 0 1 1 0 0 1]
 [1 0 1 0 0 1 0 0 1 0 0 0 0 1 0]
 [0 1 1 0 1 0 0 0 0 1 0 0 0 0 0]
 [1 0 1 1 1 0 0 0 0 0 0 1 0 0 1]
 [1 0 1 0 1 0 0 0 1 1 1 0 0 0 0]
 [0 0 1 0 0 0 1 0 1 0 0 0 0 0 1]
 [0 1 0 0 0 0 0 0 1 1 1 0 0 0 1]
 [1 1 0 0 0 0 0 0 0 1 0 0 0 0 1]
 [0 0 1 1 0 0 0 0 1 0 0 1 1 0 0]
 [1 1 0 0 0 0 0 0 0 0 0 0 0 0 1]
 [0 0 1 0 0 0 1 0 1 0 1 0 0 0 0]
 [0 1 0 1 0 1 1 1 1 0 0 1 1 0 0]
 [1 0 1 0 1 0 1 1 0 0 0 1 1 1 1]
 [1 1 1 0 1 0 1 0 0 1 1 0 0 0 0]
 [0 0 1 0 1 1 0 0 1 1 1 0 1 0 1]
 [0 0 0 1 0 0 0 1 0 0 1 0 0 0 0]
 [0 0 1 0 1 0 0 1 1 1 1 1 1 0 0]
 [0 1 0 1 1 0 1 0 1 0 0 1 0 0 1]
 [0 1 1 0 1 0 0 1 1 0 0 0 1 1 0]
 [0 0 0 1 1 1 1 1 1 1 0 1 0 0 0]
 [1 1 1 0 0 0 1 0 1 0 0 1 0 1 1]
 [0 0 0 1 0 1 1 0 0 0 0 0 0 0 0]
 [0 0 0 0 0 1 0 1 1 0 1 1 0 0 1]
 [0 0 1 1 1 1 1 0 0 1 0 1 1 1 0]
 [0 0 0 0 0 0 0 0 1 0 1 1 1 1 0]
 [0 1 0 0 1 0 0 0 0 0 1 1 1 1 0]
 [1 0 0 1 0 1 0 1 1 1 1 1 1 0 0]
 [1 0 0 0 0 0 0 1 1 1 0 1 1 0 0]
 [0 0 0 0 0 0 1 0 0 0 0 0 1 0 1]
 [0 0 1 0 0 1 1 0 1 0 1 0 0 0 0]
 [0 0 0 0 0 1 0 1 0 0 0 1 0 1 1]
 [0 1 0 0 1 0 0 0 0 1 0 1 0 0 1]
 [1 1 0 0 0 1 0 0 1 1 1 0 1 0 1]
 [1 1 0 1 1 0 0 0 1 0 1 1 1 0 0]
 [0 0 0 0 0 1 0 0 0 1 1 0 1 1 1]
 [1 0 0 0 1 1 0 1 0 1 0 1 0 0 1]
 [1 0 0 1 0 1 0 1 1 0 1 0 1 1 0]
 [0 0 1 0 0 1 0 0 0 1 1 0 1 1 0]
 [0 1 0 0 0 0 1 0 1 0 1 1 0 0 0]
 [0 1 0 1 0 0 0 1 0 1 0 1 0 1 0]
 [1 0 0 0 1 0 1 0 0 0 1 0 0 0 0]
 [1 1 0 0 0 1 1 0 0 0 0 0 1 0 1]
 [0 0 0 0 0 1 1 0 0 0 0 0 1 1 0]]
{'restarts': 36, 'conflicts': 5846, 'decisions': 14092, 'propagations': 48819772}
Q is identifiable
branch at 6
runtime for solving id of Q is 10.208166930824518
Simulation results:
{'J': 50, 'K': 15, 'N': 10, 'p': 0.4, 'seed': 16, 'sim': 3, 'runtime': 10.208166930824518, 'identifiable': 1, 'branch': 6}
4
Q: [[1 0 0 1 0 1 0 1 0 0 0 1 1 1 0]
 [1 0 0 1 0 0 0 0 0 1 0 0 1 1 1]
 [1 0 0 1 1 0 0 1 0 0 0 0 0 1 0]
 [1 1 0 0 1 1 1 0 0 1 0 0 1 1 0]
 [1 0 1 0 0 0 0 1 0 0 0 0 1 0 1]
 [1 0 1 1 0 0 0 0 0 1 0 1 0 0 0]
 [0 0 0 0 0 1 0 0 0 0 0 1 0 0 1]
 [0 1 0 0 0 0 1 1 0 0 1 0 0 1 1]
 [1 1 1 1 0 0 0 1 0 0 1 1 1 0 1]
 [1 1 1 1 1 0 0 1 0 0 1 0 1 1 1]
 [0 0 0 0 0 1 0 1 0 0 1 1 0 0 0]
 [1 0 0 0 0 0 1 0 1 0 0 0 0 0 1]
 [0 0 0 1 0 1 0 0 0 0 1 0 1 1 0]
 [0 0 1 1 1 0 0 0 1 0 1 0 1 1 0]
 [1 0 1 1 0 0 0 0 0 0 1 0 0 1 0]
 [0 0 1 0 0 1 0 1 1 0 0 1 1 0 0]
 [0 0 0 1 0 1 0 1 0 1 0 0 0 1 0]
 [0 0 0 0 0 0 0 0 1 0 0 1 1 1 1]
 [0 0 0 0 0 0 0 0 1 1 1 0 0 0 0]
 [1 1 0 0 1 1 1 1 0 0 1 1 0 0 0]
 [0 0 0 0 0 0 1 0 0 0 1 0 1 1 1]
 [1 0 0 0 0 1 1 1 0 1 0 0 1 1 0]
 [0 1 0 0 0 0 0 1 1 0 1 1 1 1 0]
 [1 0 1 0 1 0 1 0 0 0 0 1 1 0 0]
 [0 1 0 0 0 0 0 1 1 1 0 0 1 0 1]
 [0 0 0 0 0 0 1 0 0 1 0 0 1 1 0]
 [1 0 0 0 0 0 0 0 0 0 0 0 0 1 0]
 [0 0 0 0 1 1 0 0 1 1 0 1 0 1 0]
 [0 0 0 0 0 0 0 1 0 0 1 0 0 0 0]
 [0 0 0 1 0 0 0 1 0 0 1 1 1 0 0]
 [0 0 1 1 0 0 1 0 1 1 1 0 1 0 1]
 [1 0 0 1 1 1 0 1 0 0 0 0 0 1 1]
 [0 1 1 0 0 0 0 1 0 0 0 0 1 1 1]
 [0 0 1 0 1 1 0 1 0 1 0 0 0 0 1]
 [0 0 1 0 0 0 0 0 0 1 0 1 0 0 0]
 [1 1 0 0 1 0 0 1 0 1 1 1 1 1 1]
 [0 1 0 0 0 0 0 0 1 1 1 1 0 0 0]
 [1 1 1 0 1 0 0 1 0 1 0 1 1 0 0]
 [0 0 0 1 1 1 1 1 1 1 0 0 0 0 0]
 [1 1 1 0 1 0 0 1 1 1 0 1 1 0 0]
 [0 1 0 1 0 0 1 1 1 1 1 1 0 1 0]
 [1 0 1 0 0 0 1 0 1 0 1 1 0 1 0]
 [0 0 0 1 0 0 1 0 0 1 1 1 0 1 1]
 [0 0 0 0 0 1 0 1 0 1 0 1 1 0 0]
 [1 1 0 1 0 0 0 1 0 0 1 0 0 0 1]
 [0 0 0 0 0 1 1 1 0 0 1 0 0 0 0]
 [1 1 0 0 0 1 0 0 0 1 0 1 1 1 1]
 [1 1 0 0 0 0 0 0 0 0 0 0 1 1 0]
 [1 1 1 0 0 0 0 0 0 1 1 0 0 0 1]
 [0 1 0 1 1 0 0 0 0 0 1 0 1 1 0]]
{'restarts': 17, 'conflicts': 5262, 'decisions': 12891, 'propagations': 40000815}
Q is identifiable
branch at 6
runtime for solving id of Q is 8.454529763199389
Simulation results:
{'J': 50, 'K': 15, 'N': 10, 'p': 0.4, 'seed': 16, 'sim': 4, 'runtime': 8.454529763199389, 'identifiable': 1, 'branch': 6}
5
Q: [[0 1 1 0 0 0 1 1 0 0 1 1 1 1 0]
 [0 0 0 0 0 0 1 0 0 0 1 0 0 0 0]
 [0 0 0 0 0 0 0 1 0 1 0 0 0 1 0]
 [0 0 0 0 1 0 0 1 0 0 1 1 0 1 0]
 [1 1 0 1 0 1 0 1 0 0 0 0 0 1 0]
 [1 0 1 1 1 1 1 0 0 1 0 1 0 1 0]
 [1 1 0 0 1 0 0 1 0 0 0 0 1 1 1]
 [1 0 0 1 1 1 0 0 1 0 1 1 0 0 0]
 [1 1 0 1 1 0 0 1 1 1 1 0 0 0 0]
 [0 1 1 1 0 1 1 1 0 0 1 1 0 1 1]
 [0 1 0 0 0 1 0 0 0 0 0 1 0 0 0]
 [0 0 0 0 1 0 0 1 1 1 1 1 1 0 0]
 [1 1 0 0 1 0 1 0 1 0 0 1 1 1 1]
 [0 0 0 0 0 1 0 1 0 1 0 1 0 0 0]
 [1 1 1 0 1 0 1 1 0 0 1 0 1 1 0]
 [1 0 1 0 0 1 0 0 0 1 0 0 1 1 0]
 [0 0 0 0 0 1 1 0 0 0 0 0 0 1 0]
 [1 0 1 1 1 0 0 0 0 0 0 1 0 0 1]
 [0 1 1 1 0 0 0 1 0 0 0 0 0 0 0]
 [0 1 1 0 0 0 1 0 1 1 0 0 0 0 1]
 [0 0 0 1 0 0 1 0 0 0 1 1 0 1 0]
 [0 1 0 0 1 1 0 0 1 0 0 1 0 1 0]
 [1 0 1 1 0 0 1 1 1 1 0 1 0 1 0]
 [1 0 1 0 0 1 0 1 0 1 1 0 0 0 1]
 [0 0 0 1 0 0 1 1 0 1 0 0 0 1 0]
 [1 0 0 0 0 0 0 1 1 0 0 0 1 0 1]
 [1 1 0 0 0 1 1 1 0 0 0 0 1 0 1]
 [0 1 0 0 0 1 1 1 1 0 0 0 0 0 0]
 [0 0 0 1 1 1 0 1 1 0 1 1 0 0 1]
 [1 0 1 1 1 0 0 1 1 0 0 1 0 0 0]
 [1 1 1 0 0 1 0 0 0 1 1 0 1 1 0]
 [1 0 1 1 1 0 0 1 0 1 0 0 1 0 0]
 [0 0 0 0 1 0 0 0 1 0 0 0 1 1 0]
 [1 1 1 0 0 0 0 1 0 1 0 0 0 0 1]
 [1 0 1 1 1 1 0 1 1 0 0 1 1 1 0]
 [0 1 1 0 0 1 1 1 1 1 0 1 0 1 0]
 [1 0 1 1 0 1 1 1 1 0 1 0 0 0 0]
 [0 0 1 0 1 0 1 1 0 0 0 0 0 1 0]
 [1 1 1 0 0 1 1 1 1 1 0 0 0 1 1]
 [0 1 0 1 1 1 0 1 1 1 0 0 0 0 0]
 [0 1 0 1 0 0 0 0 1 0 0 0 0 0 0]
 [0 0 0 1 0 1 1 0 0 0 0 1 1 0 0]
 [1 0 1 1 0 1 1 1 1 1 1 1 0 1 1]
 [0 0 0 0 0 0 0 1 1 1 0 1 0 0 0]
 [0 1 0 0 1 0 1 1 1 0 1 0 1 1 0]
 [0 1 0 0 0 0 0 0 0 1 0 0 0 1 0]
 [1 0 0 1 0 0 0 0 1 1 0 0 0 1 1]
 [0 1 0 1 1 0 1 0 1 0 0 1 0 0 0]
 [0 1 0 1 1 1 1 0 0 0 0 0 1 0 1]
 [0 1 1 0 1 0 1 0 0 0 1 0 0 0 0]]
{'restarts': 24, 'conflicts': 3673, 'decisions': 12727, 'propagations': 22018719}
Q is identifiable
branch at 6
runtime for solving id of Q is 5.446250831708312
Simulation results:
{'J': 50, 'K': 15, 'N': 10, 'p': 0.4, 'seed': 16, 'sim': 5, 'runtime': 5.446250831708312, 'identifiable': 1, 'branch': 6}
6
Q: [[1 0 1 1 0 0 0 0 1 1 0 0 0 0 1]
 [0 0 1 1 1 0 0 0 0 0 1 0 0 0 0]
 [0 0 0 0 0 0 1 0 0 1 0 1 1 0 0]
 [1 0 0 1 0 0 0 1 1 1 1 0 1 0 1]
 [0 1 0 1 0 1 0 1 0 0 1 1 0 1 1]
 [1 1 0 1 1 1 0 1 0 0 0 1 1 0 1]
 [1 0 0 1 0 0 0 0 0 1 0 1 0 0 1]
 [1 1 1 0 0 1 0 1 0 0 0 0 0 0 0]
 [0 0 0 0 0 0 1 0 1 0 0 0 0 1 0]
 [0 1 0 0 1 1 1 0 1 1 0 1 1 1 0]
 [0 0 0 0 1 1 0 1 0 1 0 0 0 0 0]
 [1 0 1 1 1 1 1 0 1 0 0 1 1 1 1]
 [0 0 0 1 0 0 0 0 0 0 0 1 0 0 1]
 [0 0 1 1 0 1 0 0 0 1 1 1 1 0 0]
 [0 1 1 0 1 0 1 1 0 0 0 1 0 0 0]
 [0 0 0 0 0 1 1 0 1 0 0 1 0 0 0]
 [1 0 0 0 1 1 1 1 1 1 0 0 1 0 0]
 [1 0 1 0 0 1 1 0 1 1 1 1 0 1 0]
 [1 1 0 0 0 0 0 0 1 0 1 1 1 0 1]
 [0 0 0 1 0 1 0 1 0 0 0 0 0 1 1]
 [0 0 0 1 0 1 1 1 0 1 1 1 0 1 0]
 [0 0 0 1 1 0 0 0 1 0 1 1 0 1 0]
 [0 1 0 1 1 0 0 0 1 1 0 0 1 0 0]
 [1 0 1 0 0 1 1 1 0 1 0 0 1 1 0]
 [0 0 0 0 1 1 0 0 0 0 0 1 0 1 0]
 [0 1 1 1 0 0 0 1 0 1 0 0 1 0 0]
 [0 0 1 0 0 1 1 0 0 0 1 1 1 0 0]
 [0 1 0 0 0 1 0 1 0 0 1 1 0 1 1]
 [0 1 0 1 0 0 0 1 0 1 1 0 1 0 1]
 [0 1 0 0 1 1 1 0 1 0 0 0 0 0 0]
 [1 0 0 0 1 0 0 1 1 0 1 1 0 1 0]
 [0 0 1 1 0 0 0 1 0 0 1 0 0 1 1]
 [0 0 0 1 1 0 0 1 0 1 0 0 0 0 0]
 [0 0 1 0 0 0 1 0 0 1 0 1 1 0 1]
 [1 0 1 1 1 1 0 0 0 1 0 0 1 1 0]
 [0 0 0 1 0 1 1 0 0 0 1 1 1 0 0]
 [0 0 0 1 1 0 0 0 0 0 0 0 1 1 1]
 [1 0 1 0 1 0 0 1 1 0 0 0 0 1 1]
 [1 1 0 1 1 1 0 0 0 0 0 0 0 0 0]
 [1 0 0 1 1 0 0 1 0 0 1 1 1 0 0]
 [0 1 1 0 0 1 0 1 0 0 1 0 0 0 1]
 [0 0 1 0 0 0 0 0 0 1 1 1 0 0 0]
 [0 1 0 0 0 0 0 0 0 0 0 0 1 0 0]
 [1 0 0 0 0 0 0 0 0 1 0 0 0 0 1]
 [1 0 1 0 0 0 0 1 0 1 1 1 1 1 1]
 [0 0 0 0 0 0 1 0 1 0 1 1 1 1 0]
 [0 0 0 0 1 0 1 1 0 0 0 1 1 0 0]
 [0 1 1 0 0 0 1 1 0 1 0 0 1 1 0]
 [0 0 1 0 0 0 0 0 0 0 1 1 1 0 1]
 [1 0 0 1 1 1 1 1 1 1 1 0 0 0 1]]
{'restarts': 41, 'conflicts': 7700, 'decisions': 18832, 'propagations': 56809091}
Q is identifiable
branch at 6
runtime for solving id of Q is 10.27367876516655
Simulation results:
{'J': 50, 'K': 15, 'N': 10, 'p': 0.4, 'seed': 16, 'sim': 6, 'runtime': 10.27367876516655, 'identifiable': 1, 'branch': 6}
7
Q: [[0 0 0 0 0 1 1 1 0 0 0 1 0 1 1]
 [1 0 0 0 0 0 1 0 1 1 1 0 1 0 1]
 [1 1 1 0 1 0 1 0 0 1 0 0 1 0 1]
 [0 0 0 0 0 1 1 1 1 0 1 1 0 1 0]
 [1 0 1 1 1 1 0 0 0 0 1 0 1 0 0]
 [1 0 1 1 1 0 0 0 0 0 1 0 0 0 1]
 [1 0 0 0 0 1 0 1 0 0 0 0 0 0 0]
 [0 1 1 1 1 0 0 0 0 0 0 0 0 0 0]
 [1 0 0 0 0 1 0 1 0 1 0 1 0 0 0]
 [1 0 1 0 0 1 0 1 0 0 0 0 0 0 0]
 [1 0 0 0 1 0 0 0 1 0 1 0 1 1 0]
 [0 1 1 0 0 1 1 1 1 0 0 0 0 1 1]
 [1 0 0 1 0 0 0 1 0 1 0 0 0 1 0]
 [0 1 0 1 1 1 1 1 0 0 1 1 0 0 0]
 [1 0 1 0 0 0 0 0 1 0 0 1 0 0 1]
 [0 0 1 0 0 0 0 0 1 1 0 0 0 1 1]
 [1 1 0 0 1 1 1 0 0 1 1 0 0 0 1]
 [0 0 0 0 1 1 0 1 1 0 1 1 0 0 1]
 [0 0 0 0 0 1 0 0 1 0 0 0 1 0 0]
 [1 1 0 0 0 0 0 0 0 0 0 0 0 1 1]
 [0 1 1 1 0 0 0 1 0 1 1 0 0 0 1]
 [1 1 1 0 0 1 1 1 0 0 0 0 0 1 0]
 [1 0 1 1 0 0 0 1 0 0 0 1 0 0 1]
 [1 0 0 1 1 0 1 0 0 1 0 0 1 0 1]
 [0 1 0 1 1 1 1 0 0 1 0 1 0 1 1]
 [0 0 0 0 0 1 0 1 0 1 0 0 1 0 0]
 [0 0 1 0 1 0 0 0 1 0 1 0 0 0 1]
 [1 1 0 0 1 1 1 1 0 0 1 0 1 0 0]
 [0 0 0 0 0 1 0 0 0 1 1 0 1 0 0]
 [1 1 0 0 0 0 1 1 0 1 1 1 0 1 0]
 [1 0 1 1 0 1 0 1 1 0 1 0 0 1 1]
 [0 1 0 0 1 0 1 1 0 0 1 0 1 1 0]
 [1 1 0 1 0 0 1 0 1 1 0 1 1 0 0]
 [0 1 0 0 1 0 0 0 0 0 0 1 0 1 1]
 [1 0 0 0 1 0 0 0 1 0 0 1 1 1 0]
 [1 0 0 1 0 1 1 0 0 0 1 0 0 0 0]
 [0 1 1 0 1 0 1 0 0 0 0 1 1 1 0]
 [1 0 0 0 0 0 0 0 0 1 1 0 1 1 0]
 [0 1 1 1 1 1 1 0 1 1 0 0 0 1 0]
 [1 1 1 1 1 0 0 0 1 1 1 0 0 1 0]
 [1 0 0 0 1 1 0 1 0 0 1 0 1 1 1]
 [0 0 0 0 1 1 0 0 0 0 0 1 0 0 0]
 [1 1 0 0 0 0 0 0 0 0 0 0 0 0 0]
 [1 0 1 0 1 0 0 0 0 0 1 0 0 0 0]
 [0 1 1 0 0 0 0 1 0 0 1 1 1 0 1]
 [0 0 0 1 0 0 0 0 0 0 0 0 1 1 1]
 [0 0 0 0 1 1 0 0 0 0 0 1 1 0 1]
 [1 1 0 0 1 0 1 1 0 0 0 0 0 1 0]
 [0 0 0 1 0 1 1 0 0 0 0 1 1 1 1]
 [0 1 0 1 0 0 0 1 1 0 1 0 1 0 0]]
{'restarts': 34, 'conflicts': 10524, 'decisions': 24286, 'propagations': 87402828}
Q is identifiable
branch at 6
runtime for solving id of Q is 16.389443663414568
Simulation results:
{'J': 50, 'K': 15, 'N': 10, 'p': 0.4, 'seed': 16, 'sim': 7, 'runtime': 16.389443663414568, 'identifiable': 1, 'branch': 6}
8
Q: [[0 0 1 0 0 0 0 1 1 0 1 0 0 1 0]
 [0 0 0 1 0 0 1 0 0 1 0 0 1 0 0]
 [0 0 0 0 1 0 1 0 0 0 0 1 1 1 0]
 [0 0 0 1 0 0 1 1 0 0 0 1 0 0 0]
 [1 1 0 0 0 1 1 1 1 0 0 0 1 1 1]
 [0 1 0 1 1 1 1 1 1 0 1 0 1 1 0]
 [1 1 0 1 0 0 1 1 0 0 0 0 1 0 0]
 [0 0 1 1 1 1 0 1 0 1 1 0 0 1 1]
 [0 0 0 0 1 0 1 1 1 0 0 0 0 0 1]
 [0 1 1 1 0 0 0 1 0 1 1 0 0 0 0]
 [1 0 0 1 1 0 0 0 0 0 0 0 0 1 0]
 [0 0 0 0 0 1 0 1 1 1 0 0 0 0 0]
 [1 1 1 1 0 1 1 0 0 0 1 0 0 0 0]
 [0 1 0 0 0 1 0 0 1 0 0 0 1 0 0]
 [1 0 0 1 0 1 1 1 0 0 1 1 1 1 0]
 [1 1 0 0 0 1 0 0 0 1 0 0 0 0 1]
 [1 0 0 1 0 1 0 0 1 1 1 0 1 0 1]
 [0 1 0 0 0 0 0 0 0 0 1 1 0 0 0]
 [1 1 1 0 0 0 1 0 1 0 0 0 0 0 1]
 [0 0 1 0 0 1 1 1 0 0 0 0 0 1 1]
 [1 0 0 1 0 1 0 0 0 0 1 0 0 0 0]
 [0 0 0 0 0 0 1 0 0 0 0 1 1 0 0]
 [0 0 1 1 0 1 1 0 0 0 0 0 1 0 0]
 [1 1 0 0 1 1 0 0 1 0 0 1 1 0 0]
 [0 0 0 0 0 0 1 1 0 1 0 1 0 1 1]
 [0 1 0 1 0 1 0 1 0 0 0 1 1 0 1]
 [0 0 1 1 0 0 0 1 0 0 0 0 0 0 0]
 [1 0 0 1 0 0 0 0 0 0 1 0 1 0 0]
 [0 1 1 1 0 1 1 1 0 0 1 0 0 0 1]
 [1 0 1 1 1 0 0 1 0 0 0 0 1 0 0]
 [0 1 0 1 0 1 0 0 0 0 1 1 0 0 0]
 [0 0 0 0 0 0 1 1 0 1 0 0 0 1 0]
 [1 1 0 1 1 0 0 1 1 0 0 1 1 1 1]
 [1 1 1 1 1 0 1 1 1 0 1 1 0 0 0]
 [1 1 1 1 0 0 1 0 0 1 0 1 0 0 0]
 [1 0 0 0 0 1 0 0 1 0 0 0 1 0 0]
 [0 0 1 1 0 0 0 1 0 0 1 0 0 0 1]
 [1 0 1 0 1 0 1 0 0 1 0 0 1 0 0]
 [1 0 1 0 0 0 1 0 0 0 0 0 1 0 1]
 [0 0 1 0 0 1 1 1 1 0 0 0 0 1 0]
 [0 1 1 0 0 0 0 1 1 1 1 0 0 0 1]
 [1 1 0 1 0 0 1 0 1 0 0 0 0 0 1]
 [0 0 0 0 0 0 0 1 0 0 1 0 0 0 0]
 [0 1 1 0 1 1 0 0 0 0 0 1 1 0 1]
 [0 0 0 0 0 0 0 0 1 0 0 1 1 0 0]
 [1 1 0 0 0 0 0 1 0 1 0 1 1 1 1]
 [0 1 0 0 0 1 0 0 0 0 0 0 0 0 1]
 [0 1 0 1 0 0 0 1 0 1 0 0 1 0 1]
 [0 0 1 0 0 0 0 1 0 1 0 1 1 0 0]
 [0 0 0 1 0 1 1 1 0 0 0 1 1 0 0]]
{'restarts': 20, 'conflicts': 4403, 'decisions': 10631, 'propagations': 34136306}
Q is identifiable
branch at 6
runtime for solving id of Q is 7.95076390216127
Simulation results:
{'J': 50, 'K': 15, 'N': 10, 'p': 0.4, 'seed': 16, 'sim': 8, 'runtime': 7.95076390216127, 'identifiable': 1, 'branch': 6}
9
Q: [[1 1 1 1 1 1 1 0 0 0 0 1 1 1 1]
 [0 1 0 0 0 1 1 0 0 1 0 0 0 0 0]
 [0 1 1 1 1 0 0 1 0 0 0 1 1 1 0]
 [0 0 0 1 1 1 1 0 0 0 0 0 1 0 0]
 [0 0 0 0 0 1 0 0 1 0 0 0 1 0 0]
 [0 1 0 1 1 1 1 0 1 0 1 1 1 0 0]
 [1 1 1 0 0 0 1 1 0 0 1 0 0 0 0]
 [1 0 0 1 1 1 0 1 0 0 0 0 1 0 0]
 [1 0 0 1 1 1 0 0 0 1 0 1 0 1 0]
 [1 0 1 1 0 0 0 1 0 0 1 0 0 0 1]
 [0 0 1 1 0 1 0 0 1 1 1 0 1 1 0]
 [0 0 0 0 1 0 1 1 1 1 1 0 0 0 0]
 [0 0 0 0 1 0 1 1 0 1 1 0 1 1 1]
 [0 0 1 1 1 1 0 1 1 0 0 1 0 0 0]
 [0 1 0 1 1 1 0 1 1 0 0 0 0 0 1]
 [0 1 1 1 0 0 1 0 0 1 0 1 0 0 0]
 [0 1 0 0 0 1 1 0 0 1 0 1 0 1 0]
 [1 0 0 0 0 1 0 0 1 0 0 0 0 0 0]
 [1 0 0 0 0 0 1 0 1 0 0 0 1 1 0]
 [1 0 0 0 1 1 1 1 1 0 1 1 0 0 0]
 [0 1 0 1 0 0 0 0 0 1 0 1 0 1 0]
 [0 0 0 0 0 1 1 1 1 0 1 0 0 0 0]
 [1 1 0 0 0 0 0 1 1 0 0 0 0 1 1]
 [0 0 0 1 0 0 0 0 1 1 1 0 1 0 1]
 [0 1 0 0 1 1 0 0 0 0 0 0 0 1 0]
 [0 0 1 0 0 1 1 0 1 1 1 0 1 0 1]
 [0 1 0 0 1 1 1 0 0 0 1 0 1 0 0]
 [1 1 0 0 0 0 0 0 1 0 0 0 0 0 0]
 [0 1 0 0 1 1 0 0 0 1 0 1 0 0 1]
 [1 1 0 0 0 0 0 0 1 1 0 1 0 0 0]
 [0 1 0 0 0 1 1 0 1 1 1 0 0 1 1]
 [1 1 0 0 1 1 1 0 1 1 1 1 1 1 0]
 [0 1 0 0 0 1 1 0 0 1 0 0 0 0 1]
 [0 0 0 1 0 0 0 0 0 1 1 0 1 0 0]
 [0 1 1 1 0 0 0 0 0 1 0 0 1 0 1]
 [1 0 1 0 0 1 0 0 0 0 0 1 1 0 0]
 [0 1 0 0 0 0 0 0 1 0 1 0 0 1 0]
 [0 0 1 0 0 0 0 1 1 1 0 0 0 0 1]
 [1 0 1 0 1 1 0 0 0 1 1 0 0 0 0]
 [0 1 0 1 0 0 1 0 1 0 0 1 1 1 1]
 [1 1 1 1 0 0 1 0 0 0 0 0 1 1 0]
 [0 1 1 0 1 1 0 0 1 0 1 1 1 1 1]
 [1 1 0 1 0 1 1 1 1 0 0 0 1 1 0]
 [1 0 1 0 0 0 0 0 0 1 1 0 0 0 1]
 [0 0 0 0 1 0 1 0 0 1 1 0 1 1 0]
 [0 0 0 1 1 0 0 0 0 0 1 1 0 0 0]
 [0 1 0 0 0 1 1 0 0 1 1 0 1 1 0]
 [0 1 0 0 1 0 0 0 0 1 0 1 0 1 1]
 [0 0 1 1 0 0 0 1 1 1 0 1 1 1 1]
 [1 0 1 0 0 0 0 1 0 1 0 0 0 0 0]]
{'restarts': 82, 'conflicts': 34009, 'decisions': 61775, 'propagations': 264258397}
Q is identifiable
branch at 6
runtime for solving id of Q is 39.90205466374755
Simulation results:
{'J': 50, 'K': 15, 'N': 10, 'p': 0.4, 'seed': 16, 'sim': 9, 'runtime': 39.90205466374755, 'identifiable': 1, 'branch': 6}
Simulation results:
[{'J': 50, 'K': 15, 'N': 10, 'p': 0.4, 'seed': 16, 'sim': 0, 'runtime': 15.371883414220065, 'identifiable': 1, 'branch': 6}, {'J': 50, 'K': 15, 'N': 10, 'p': 0.4, 'seed': 16, 'sim': 1, 'runtime': 9.048175666015595, 'identifiable': 1, 'branch': 6}, {'J': 50, 'K': 15, 'N': 10, 'p': 0.4, 'seed': 16, 'sim': 2, 'runtime': 13.565539873670787, 'identifiable': 1, 'branch': 6}, {'J': 50, 'K': 15, 'N': 10, 'p': 0.4, 'seed': 16, 'sim': 3, 'runtime': 10.208166930824518, 'identifiable': 1, 'branch': 6}, {'J': 50, 'K': 15, 'N': 10, 'p': 0.4, 'seed': 16, 'sim': 4, 'runtime': 8.454529763199389, 'identifiable': 1, 'branch': 6}, {'J': 50, 'K': 15, 'N': 10, 'p': 0.4, 'seed': 16, 'sim': 5, 'runtime': 5.446250831708312, 'identifiable': 1, 'branch': 6}, {'J': 50, 'K': 15, 'N': 10, 'p': 0.4, 'seed': 16, 'sim': 6, 'runtime': 10.27367876516655, 'identifiable': 1, 'branch': 6}, {'J': 50, 'K': 15, 'N': 10, 'p': 0.4, 'seed': 16, 'sim': 7, 'runtime': 16.389443663414568, 'identifiable': 1, 'branch': 6}, {'J': 50, 'K': 15, 'N': 10, 'p': 0.4, 'seed': 16, 'sim': 8, 'runtime': 7.95076390216127, 'identifiable': 1, 'branch': 6}, {'J': 50, 'K': 15, 'N': 10, 'p': 0.4, 'seed': 16, 'sim': 9, 'runtime': 39.90205466374755, 'identifiable': 1, 'branch': 6}]
