
The Gurobi software has a limited number of licenses. To request a license or
licenses, add this line

    #SBATCH --licenses=gurobi@slurmdb:1

to your SBATCH script, replacing N with the number of licenses you need. Gurobi
will need one license per process.


0
Q: [[1 1 0 0 0 1 1 1 1 0]
 [1 1 0 1 1 1 1 1 1 0]
 [0 1 1 0 1 0 0 0 0 0]
 [1 1 1 1 1 1 1 1 1 0]
 [1 1 1 1 1 1 0 1 1 0]
 [0 1 1 0 1 1 0 0 1 0]
 [1 1 0 1 1 1 1 1 1 1]
 [1 0 0 1 0 1 1 1 1 1]
 [1 0 1 0 1 0 1 1 1 1]
 [1 1 1 1 1 1 1 0 1 1]
 [0 1 1 0 1 1 1 1 0 0]
 [1 1 1 0 1 1 0 1 1 1]
 [0 1 1 1 1 1 1 1 1 1]
 [1 1 1 1 1 1 1 1 1 0]
 [1 1 1 0 1 1 1 1 0 0]
 [0 0 1 0 1 0 1 1 1 1]
 [1 1 1 1 1 1 1 1 1 1]
 [1 0 1 0 1 1 1 0 1 1]
 [1 0 1 1 1 0 0 0 1 1]
 [1 1 1 0 1 1 1 1 0 0]
 [0 1 1 1 0 1 1 1 1 0]
 [1 1 1 0 0 0 1 1 1 1]
 [0 1 1 0 0 1 1 0 1 1]
 [0 1 1 1 1 1 1 1 1 1]
 [1 1 1 1 1 1 1 0 1 1]
 [0 1 0 1 1 1 1 1 1 1]
 [1 1 0 1 1 0 0 1 0 1]
 [1 0 1 1 1 1 1 1 1 1]
 [0 1 1 1 0 1 1 1 1 0]
 [1 0 1 0 0 0 1 1 0 1]
 [1 0 1 1 1 1 0 0 0 1]
 [1 1 0 1 1 0 1 1 1 1]
 [0 0 1 1 1 0 1 0 1 1]
 [1 1 1 1 1 1 1 1 0 1]
 [1 0 0 1 1 1 0 0 1 1]
 [0 1 1 1 1 1 1 1 1 1]
 [1 1 1 1 0 1 1 1 0 1]
 [1 1 1 1 0 0 1 1 1 0]
 [1 1 1 1 0 0 1 0 1 1]
 [1 1 0 0 0 0 0 1 1 1]
 [1 0 0 1 1 0 1 1 1 1]
 [1 1 1 0 0 1 0 1 1 0]
 [0 1 0 0 1 0 1 1 0 1]
 [0 1 0 1 1 1 0 1 1 0]
 [0 1 1 1 1 1 1 1 1 1]
 [1 1 0 1 0 1 0 1 0 1]
 [1 1 1 1 0 1 0 0 1 1]
 [1 1 1 1 1 1 1 1 1 1]
 [1 1 1 1 1 1 1 1 0 1]
 [0 1 0 1 1 1 0 1 1 1]]
{'restarts': 72, 'conflicts': 44554, 'decisions': 64451, 'propagations': 19821416}
Q is identifiable
branch at 6
runtime for solving id of Q is 3.974018451757729
Simulation results:
{'J': 50, 'K': 10, 'N': 10, 'p': 0.7, 'seed': 81, 'sim': 0, 'runtime': 3.974018451757729, 'identifiable': 1, 'branch': 6}
1
Q: [[0 0 1 1 1 0 1 0 0 1]
 [1 1 0 0 0 1 1 1 1 1]
 [0 1 1 1 1 0 1 1 0 1]
 [0 1 0 1 1 0 0 1 1 0]
 [1 0 0 1 1 0 0 1 1 0]
 [1 1 0 1 1 1 1 1 1 0]
 [1 1 0 1 1 1 0 1 1 1]
 [1 1 1 1 1 1 1 0 1 0]
 [1 0 1 1 1 1 1 1 0 1]
 [1 1 1 1 1 0 1 1 1 0]
 [1 1 0 1 1 1 1 0 1 1]
 [0 1 1 1 1 1 1 1 0 1]
 [0 1 1 1 0 1 1 1 1 0]
 [1 1 1 1 0 1 1 1 1 1]
 [1 1 1 1 1 0 1 1 1 1]
 [0 1 1 1 0 1 1 1 0 1]
 [1 0 1 1 1 1 1 0 1 0]
 [0 0 0 1 1 0 1 1 1 0]
 [1 1 1 1 0 1 0 1 0 0]
 [1 1 1 1 0 0 1 0 1 1]
 [1 1 0 1 1 1 1 0 0 1]
 [1 0 0 0 1 1 1 1 1 1]
 [0 1 1 1 1 1 1 1 0 1]
 [1 0 1 1 0 1 1 1 1 1]
 [1 1 0 0 1 1 1 1 1 1]
 [0 0 1 1 0 1 1 1 1 1]
 [1 1 0 1 0 0 1 1 1 1]
 [1 1 0 1 0 1 1 1 1 1]
 [1 1 1 1 1 1 1 1 1 0]
 [1 1 1 1 1 1 1 1 0 1]
 [0 0 0 1 1 0 1 1 1 0]
 [1 1 1 1 1 1 1 1 1 1]
 [1 1 1 0 1 1 0 0 0 1]
 [0 0 1 1 0 1 1 1 1 0]
 [0 0 0 0 1 1 1 1 1 1]
 [1 1 1 0 1 1 1 1 0 1]
 [1 1 1 1 0 0 1 1 1 1]
 [1 1 1 1 1 1 1 0 1 1]
 [0 0 1 1 1 1 1 1 1 1]
 [1 0 1 1 1 1 1 0 0 1]
 [1 0 1 1 1 1 0 1 1 1]
 [1 0 0 1 0 0 0 1 0 1]
 [1 1 1 0 1 1 1 1 1 1]
 [1 1 1 1 0 1 1 1 1 1]
 [1 1 0 1 1 1 0 1 0 0]
 [0 0 1 1 1 0 1 1 1 0]
 [1 1 0 1 1 1 1 1 1 1]
 [1 1 0 1 1 0 1 0 1 1]
 [0 1 1 1 1 1 0 1 1 1]
 [0 1 1 1 0 1 1 0 1 1]]
Q is not identifiable (three-column submatrix not identifiable).
Q is not identifiable, and Q_bar is [[0 0 1 1 1 0 1 0 0 1]
 [1 1 0 0 0 1 1 1 1 1]
 [0 1 1 1 1 0 1 1 0 1]
 [0 1 0 1 1 0 0 1 1 0]
 [1 0 0 1 1 0 0 1 1 0]
 [1 1 0 1 1 1 1 1 1 0]
 [1 1 0 1 1 1 0 1 1 1]
 [1 1 1 1 1 1 1 0 1 0]
 [1 0 1 1 1 1 1 1 0 1]
 [1 1 1 1 1 0 1 1 1 0]
 [1 1 0 1 1 1 1 0 1 1]
 [0 1 1 1 1 1 1 1 0 1]
 [0 1 1 1 0 1 1 1 1 0]
 [1 1 1 1 0 1 1 1 1 1]
 [1 1 1 1 1 0 1 1 1 1]
 [0 1 1 1 0 1 1 1 0 1]
 [1 0 1 1 1 1 1 0 1 0]
 [0 0 0 1 1 0 1 1 1 0]
 [1 1 1 1 0 1 0 1 0 0]
 [1 1 1 1 0 0 1 0 1 1]
 [1 1 0 1 1 1 1 0 0 1]
 [1 0 0 0 1 1 1 1 1 1]
 [0 1 1 1 1 1 1 1 0 1]
 [1 0 1 1 0 1 1 1 1 1]
 [1 1 0 1 1 1 1 1 1 1]
 [0 0 1 1 0 1 1 1 1 1]
 [1 1 0 1 0 0 1 1 1 1]
 [1 1 0 1 0 1 1 1 1 1]
 [1 1 1 1 1 1 1 1 1 0]
 [1 1 1 1 1 1 1 1 0 1]
 [0 0 0 1 1 0 1 1 1 0]
 [1 1 1 1 1 1 1 1 1 1]
 [1 1 1 0 1 1 0 0 0 1]
 [0 0 1 1 0 1 1 1 1 0]
 [0 0 0 1 1 1 0 0 1 1]
 [1 1 1 0 1 1 1 1 0 1]
 [1 1 1 1 0 0 1 1 1 1]
 [1 1 1 1 1 1 1 0 1 1]
 [0 0 1 1 1 1 1 1 1 1]
 [1 0 1 1 1 1 1 0 0 1]
 [1 0 1 1 1 1 0 1 1 1]
 [1 0 0 1 0 0 0 1 0 1]
 [1 1 1 1 1 1 0 0 1 1]
 [1 1 1 1 0 1 1 1 1 1]
 [1 1 0 1 1 1 0 1 0 0]
 [0 0 1 1 1 0 1 1 1 0]
 [1 1 0 1 1 1 1 1 1 1]
 [1 1 0 1 1 0 1 0 1 1]
 [0 1 1 1 1 1 0 1 1 1]
 [0 1 1 1 0 1 1 0 1 1]]
branch at 3
runtime for solving id of Q is 0.0044628409668803215
Simulation results:
{'J': 50, 'K': 10, 'N': 10, 'p': 0.7, 'seed': 81, 'sim': 1, 'runtime': 0.0044628409668803215, 'identifiable': 0, 'branch': 3}
2
Q: [[1 1 1 0 1 1 1 1 0 1]
 [1 1 1 1 1 1 0 1 1 1]
 [1 1 1 1 1 1 1 1 0 1]
 [1 0 1 1 1 0 1 0 1 0]
 [0 1 1 0 0 0 1 0 1 0]
 [0 1 0 1 1 0 1 1 1 1]
 [1 0 1 1 1 1 1 1 1 1]
 [0 0 1 1 1 1 1 1 1 1]
 [1 0 1 1 1 1 1 1 1 0]
 [1 1 1 0 1 1 1 1 1 1]
 [1 0 1 1 1 1 1 1 1 1]
 [1 0 0 0 1 1 1 1 0 1]
 [0 1 0 1 0 0 1 1 1 1]
 [0 0 0 1 0 1 1 1 1 0]
 [0 0 0 1 1 1 0 1 0 0]
 [1 1 1 0 1 1 0 1 1 0]
 [1 1 0 1 1 1 1 1 1 1]
 [0 1 0 0 1 1 1 1 1 0]
 [0 1 1 1 1 0 1 1 1 1]
 [1 1 1 1 0 0 0 1 1 1]
 [1 1 1 1 1 0 0 1 0 1]
 [0 1 1 1 1 1 1 0 0 0]
 [1 1 1 1 1 1 0 1 0 1]
 [1 1 1 0 1 1 0 0 1 1]
 [0 1 0 1 1 1 0 1 1 0]
 [1 1 1 0 1 1 1 1 0 1]
 [1 1 0 0 1 0 1 1 1 1]
 [0 1 1 1 1 1 1 1 1 1]
 [1 1 0 1 1 1 1 1 1 1]
 [1 1 1 1 1 0 1 1 1 1]
 [1 1 0 1 1 1 1 1 1 1]
 [1 1 1 0 1 1 1 1 1 1]
 [0 1 1 1 1 1 1 1 1 1]
 [1 1 0 1 0 0 1 1 1 0]
 [1 1 0 1 1 0 0 1 1 1]
 [1 1 0 1 1 1 1 1 0 0]
 [1 1 0 1 1 0 1 1 0 1]
 [0 1 0 1 0 1 1 1 0 1]
 [1 1 0 0 1 1 1 1 1 1]
 [1 1 0 0 1 1 1 1 0 0]
 [0 1 1 1 1 0 1 1 1 1]
 [1 0 1 1 1 1 0 1 1 0]
 [0 1 1 0 0 1 1 0 1 1]
 [1 1 1 1 1 1 1 1 1 1]
 [0 1 1 1 1 1 1 1 1 0]
 [1 0 0 1 1 1 1 1 1 0]
 [1 1 1 0 1 0 1 0 1 1]
 [1 1 1 0 1 0 1 0 0 1]
 [1 1 1 0 1 1 1 1 1 1]
 [1 0 1 1 0 1 1 1 1 0]]
{'restarts': 90, 'conflicts': 32525, 'decisions': 51449, 'propagations': 11766818}
Q is identifiable
branch at 6
runtime for solving id of Q is 2.482390573248267
Simulation results:
{'J': 50, 'K': 10, 'N': 10, 'p': 0.7, 'seed': 81, 'sim': 2, 'runtime': 2.482390573248267, 'identifiable': 1, 'branch': 6}
3
Q: [[0 1 0 1 1 1 1 1 0 1]
 [0 0 1 1 0 1 1 1 1 1]
 [0 0 1 1 1 0 0 1 1 1]
 [1 1 0 0 1 1 1 0 1 1]
 [1 1 1 0 0 1 1 1 1 0]
 [0 1 0 1 1 1 1 1 1 1]
 [1 0 0 0 1 1 1 1 1 0]
 [0 1 1 1 1 1 0 1 1 1]
 [1 1 1 1 0 1 0 1 1 1]
 [0 0 1 0 1 0 1 0 0 1]
 [0 1 0 0 0 1 0 1 1 1]
 [1 1 0 1 1 1 1 0 1 0]
 [1 1 0 1 1 1 1 1 1 1]
 [1 0 1 0 1 1 0 1 1 0]
 [1 1 1 0 1 1 1 0 1 1]
 [0 1 1 1 1 1 1 0 1 0]
 [0 1 1 0 1 1 0 1 0 0]
 [1 1 1 1 0 1 0 0 1 1]
 [1 1 0 1 0 1 1 1 0 1]
 [1 1 1 1 0 0 0 1 0 0]
 [1 1 1 0 0 1 0 0 1 1]
 [1 1 1 1 0 1 0 1 1 1]
 [0 0 1 1 1 1 1 1 0 1]
 [0 1 0 0 1 1 0 1 0 0]
 [0 0 1 1 1 0 1 1 1 1]
 [0 0 0 1 1 1 0 1 1 1]
 [1 0 0 1 0 1 1 1 1 1]
 [1 0 1 1 0 1 1 0 1 1]
 [0 1 1 1 1 1 1 0 1 0]
 [1 1 1 1 0 1 0 0 0 1]
 [1 1 1 1 0 1 1 1 0 1]
 [1 0 1 1 0 0 1 1 0 1]
 [0 1 1 1 1 1 1 1 1 1]
 [1 0 0 0 1 0 1 1 1 1]
 [1 0 1 1 0 0 1 1 1 1]
 [1 1 1 1 1 1 1 1 1 1]
 [1 1 0 0 0 1 0 1 0 1]
 [1 0 0 1 0 1 1 1 1 0]
 [1 0 0 0 0 0 1 0 1 0]
 [1 1 1 1 0 0 1 1 0 1]
 [0 0 0 1 1 1 1 1 1 0]
 [1 0 1 0 0 1 1 0 1 1]
 [0 1 1 0 1 1 1 1 1 1]
 [1 1 1 1 1 1 0 1 1 1]
 [0 1 1 1 1 0 1 1 1 1]
 [1 0 1 0 1 1 1 1 1 0]
 [1 1 1 1 1 0 1 1 1 0]
 [0 1 1 0 1 1 1 0 0 1]
 [1 1 1 1 0 0 1 1 1 0]
 [1 1 1 1 1 1 1 1 0 1]]
{'restarts': 100, 'conflicts': 39198, 'decisions': 58876, 'propagations': 19829232}
Q is identifiable
branch at 6
runtime for solving id of Q is 3.894403771497309
Simulation results:
{'J': 50, 'K': 10, 'N': 10, 'p': 0.7, 'seed': 81, 'sim': 3, 'runtime': 3.894403771497309, 'identifiable': 1, 'branch': 6}
4
Q: [[1 1 1 1 1 0 1 1 1 0]
 [0 1 0 1 1 1 1 0 1 0]
 [1 1 1 0 1 0 1 1 1 1]
 [0 1 1 1 0 1 1 1 0 0]
 [1 0 1 1 1 0 1 1 1 1]
 [1 1 1 0 1 1 1 1 1 0]
 [1 1 0 1 1 0 1 1 1 0]
 [0 1 1 1 0 1 1 0 1 0]
 [0 1 0 1 1 1 0 1 1 1]
 [1 1 1 0 1 0 1 1 1 1]
 [0 1 1 0 0 1 1 1 1 0]
 [1 1 0 0 1 1 0 1 0 1]
 [1 1 0 1 1 1 0 0 1 1]
 [1 1 1 0 1 0 0 1 1 1]
 [1 1 0 1 0 0 0 1 1 0]
 [1 0 1 0 1 0 1 0 1 1]
 [1 1 0 0 1 1 1 0 1 1]
 [1 1 1 1 0 0 1 1 0 0]
 [0 1 1 1 1 0 0 1 1 1]
 [0 0 1 0 1 1 0 0 1 1]
 [1 1 0 1 1 1 1 1 0 0]
 [0 1 1 1 1 1 1 1 1 1]
 [1 1 1 1 1 1 1 0 0 1]
 [1 1 1 1 1 1 1 1 1 1]
 [0 1 1 1 1 1 1 1 1 1]
 [1 1 1 1 1 0 1 1 1 0]
 [0 1 0 1 1 1 1 1 0 1]
 [1 1 0 1 1 1 1 0 1 1]
 [1 1 0 0 0 1 0 1 1 1]
 [1 1 1 1 1 1 1 0 1 1]
 [1 1 1 1 1 0 0 0 0 1]
 [1 1 1 1 0 1 1 0 0 0]
 [1 0 1 1 0 0 0 1 0 0]
 [0 1 1 1 1 1 1 1 0 0]
 [1 1 0 0 1 1 0 1 1 1]
 [0 1 0 1 1 1 1 1 1 1]
 [0 1 0 1 1 1 0 0 0 1]
 [1 1 1 1 0 1 1 1 1 0]
 [1 0 0 1 1 1 1 1 0 1]
 [0 1 1 1 1 1 1 1 1 1]
 [1 1 1 1 1 1 1 0 0 1]
 [1 0 0 0 1 1 1 0 0 1]
 [1 1 1 1 0 1 0 1 1 0]
 [1 0 1 1 0 1 1 1 0 0]
 [1 1 1 1 1 0 1 0 1 1]
 [1 1 1 1 1 1 1 1 1 0]
 [1 1 1 1 1 1 1 1 1 1]
 [0 0 0 1 1 1 1 1 1 0]
 [1 1 0 1 1 1 1 0 1 0]
 [1 1 1 1 1 0 1 0 1 0]]
{'restarts': 72, 'conflicts': 30053, 'decisions': 48848, 'propagations': 13743063}
Q is identifiable
branch at 6
runtime for solving id of Q is 2.5364285157993436
Simulation results:
{'J': 50, 'K': 10, 'N': 10, 'p': 0.7, 'seed': 81, 'sim': 4, 'runtime': 2.5364285157993436, 'identifiable': 1, 'branch': 6}
5
Q: [[1 1 1 1 0 1 1 1 0 0]
 [1 0 1 1 1 1 1 0 1 0]
 [1 1 1 1 1 1 1 0 0 1]
 [1 1 1 1 1 1 1 1 1 1]
 [0 1 1 1 1 1 0 0 0 1]
 [1 0 0 1 1 1 1 1 1 0]
 [1 0 1 1 1 1 1 1 1 1]
 [1 1 1 0 1 1 1 0 0 1]
 [0 0 1 1 1 1 1 0 1 1]
 [1 1 1 1 1 1 1 1 1 0]
 [1 1 1 0 0 0 1 0 1 1]
 [1 1 1 1 1 1 1 1 1 1]
 [1 1 1 0 1 1 1 1 1 1]
 [1 1 0 1 1 1 1 0 0 1]
 [1 1 1 1 0 0 1 1 1 0]
 [1 0 1 1 1 1 1 1 0 1]
 [1 1 1 1 1 0 0 1 0 1]
 [1 1 0 1 1 1 1 1 1 1]
 [1 1 1 0 1 1 1 1 1 0]
 [0 1 1 1 1 0 1 1 1 1]
 [1 1 1 1 1 1 0 0 1 0]
 [0 1 1 0 1 0 1 0 1 0]
 [0 0 1 1 0 1 0 1 0 0]
 [0 1 0 1 0 1 0 1 1 1]
 [1 0 1 1 1 0 1 0 1 1]
 [1 1 0 1 0 1 0 1 1 1]
 [1 1 0 0 0 1 1 1 1 1]
 [1 1 0 1 1 1 1 1 1 1]
 [1 1 0 1 1 1 0 1 1 0]
 [1 1 1 1 1 0 1 1 0 1]
 [1 0 1 0 1 0 1 1 0 1]
 [0 0 0 1 1 0 1 1 0 0]
 [1 0 1 0 0 1 1 1 1 1]
 [1 0 1 1 0 1 1 1 1 1]
 [1 0 1 1 1 1 1 0 0 0]
 [0 1 1 0 0 1 0 1 0 1]
 [0 0 1 0 1 1 1 1 0 1]
 [1 1 0 1 0 1 0 0 0 0]
 [0 0 1 0 1 1 1 1 1 0]
 [1 1 1 1 0 1 1 0 1 0]
 [1 1 1 1 0 0 0 1 1 1]
 [1 0 1 1 1 0 0 0 1 1]
 [1 1 1 1 1 1 1 1 0 1]
 [1 0 1 1 1 0 1 1 1 1]
 [1 0 1 1 0 1 1 0 0 1]
 [0 1 1 1 1 1 0 1 0 0]
 [1 0 0 0 1 1 1 1 1 1]
 [0 0 0 1 1 1 0 1 0 1]
 [1 1 0 0 1 1 1 1 1 1]
 [1 1 1 1 1 1 0 0 0 0]]
{'restarts': 23, 'conflicts': 8047, 'decisions': 15054, 'propagations': 4910322}
Q is identifiable
branch at 6
runtime for solving id of Q is 0.7678467491641641
Simulation results:
{'J': 50, 'K': 10, 'N': 10, 'p': 0.7, 'seed': 81, 'sim': 5, 'runtime': 0.7678467491641641, 'identifiable': 1, 'branch': 6}
6
Q: [[0 0 1 0 1 1 1 1 0 1]
 [1 1 1 0 1 1 1 1 0 0]
 [1 0 1 1 0 1 1 1 1 1]
 [0 1 1 0 1 0 1 0 1 1]
 [1 1 0 1 0 0 1 1 0 0]
 [1 1 1 1 1 1 0 0 1 0]
 [1 1 1 1 1 0 1 0 1 1]
 [0 1 1 1 1 1 0 0 0 0]
 [0 1 1 1 0 0 0 0 1 1]
 [1 1 1 1 0 1 0 1 1 0]
 [0 0 1 0 1 1 1 1 1 0]
 [0 1 0 1 0 0 1 1 0 1]
 [0 1 0 1 1 1 1 0 0 1]
 [1 1 1 1 1 1 0 1 0 1]
 [1 1 1 1 0 1 0 1 0 1]
 [1 1 1 1 0 1 1 1 1 1]
 [1 0 0 1 1 0 0 0 1 1]
 [0 0 1 1 0 0 1 0 1 0]
 [1 1 0 0 1 1 0 1 1 1]
 [0 1 0 0 1 1 0 1 1 1]
 [1 1 1 1 1 1 1 1 0 1]
 [1 1 1 0 1 1 1 1 1 0]
 [0 1 1 1 1 0 1 1 0 1]
 [0 1 1 1 0 1 1 1 0 0]
 [1 1 0 0 1 0 1 0 1 1]
 [0 0 0 1 0 0 1 0 1 1]
 [1 0 1 1 1 1 1 0 1 1]
 [1 1 1 1 0 1 1 1 1 0]
 [0 1 1 1 0 1 0 1 1 0]
 [1 1 0 0 1 0 1 1 1 1]
 [0 1 0 0 1 1 1 1 1 1]
 [1 1 1 0 1 1 1 1 1 1]
 [0 1 1 0 0 0 1 0 1 0]
 [1 1 1 0 1 1 1 1 1 0]
 [1 1 1 1 1 1 0 0 0 1]
 [0 1 1 0 1 1 1 1 1 1]
 [0 1 1 1 0 1 0 0 1 1]
 [0 1 0 1 1 0 1 1 1 1]
 [1 1 0 1 1 1 1 0 1 0]
 [0 1 0 1 0 1 0 1 1 1]
 [1 0 0 1 1 1 0 1 0 0]
 [1 1 1 0 0 1 1 0 1 1]
 [1 1 0 0 1 1 0 0 1 1]
 [1 1 1 1 1 1 1 1 0 1]
 [1 1 1 1 0 1 0 1 0 1]
 [1 1 1 1 1 0 1 1 1 0]
 [0 1 0 1 0 1 1 1 1 0]
 [1 1 1 1 1 0 0 1 0 0]
 [1 0 1 1 1 0 1 1 1 1]
 [1 1 1 1 0 0 1 1 0 1]]
{'restarts': 23, 'conflicts': 16263, 'decisions': 26452, 'propagations': 10872567}
Q is identifiable
branch at 6
runtime for solving id of Q is 1.6637210678309202
Simulation results:
{'J': 50, 'K': 10, 'N': 10, 'p': 0.7, 'seed': 81, 'sim': 6, 'runtime': 1.6637210678309202, 'identifiable': 1, 'branch': 6}
7
Q: [[1 1 1 1 0 1 1 1 0 1]
 [1 1 1 1 1 1 0 0 1 1]
 [1 1 1 1 0 0 0 0 0 1]
 [0 1 0 1 1 1 0 1 1 1]
 [1 1 1 1 1 1 1 1 1 1]
 [1 1 0 0 0 1 1 1 0 1]
 [1 0 1 1 1 1 1 0 1 1]
 [1 1 0 1 0 1 0 0 1 0]
 [1 1 1 1 1 1 0 1 1 1]
 [1 0 0 1 0 0 1 1 0 0]
 [0 1 0 1 0 1 0 0 1 1]
 [1 1 1 1 0 1 1 1 1 1]
 [0 1 1 1 0 1 0 1 1 1]
 [0 1 0 1 1 1 1 0 1 1]
 [1 1 1 0 1 1 1 1 1 1]
 [1 0 1 1 1 0 1 0 1 1]
 [1 1 0 1 0 0 0 1 0 1]
 [0 0 1 1 1 1 1 1 1 1]
 [1 0 0 1 1 1 1 1 1 1]
 [1 1 0 1 1 1 0 0 1 1]
 [1 0 1 1 1 1 1 1 0 1]
 [1 0 1 0 1 1 1 1 1 0]
 [1 1 1 0 1 0 1 1 0 1]
 [1 0 1 1 1 0 1 1 1 1]
 [1 0 1 0 1 1 1 0 1 1]
 [0 1 0 1 0 1 1 0 1 1]
 [1 0 1 0 1 0 1 1 1 1]
 [1 1 0 0 0 0 0 1 1 1]
 [0 1 0 1 1 1 1 1 1 1]
 [0 0 1 1 1 1 1 0 1 1]
 [0 0 1 0 1 1 0 1 1 1]
 [1 1 1 1 1 1 1 1 0 1]
 [1 1 0 1 1 1 1 0 1 0]
 [0 1 0 0 0 1 1 1 0 1]
 [0 0 1 1 0 0 1 0 1 1]
 [1 1 1 0 0 1 1 1 1 0]
 [0 1 0 0 1 1 1 1 1 0]
 [1 1 1 1 0 1 1 1 1 1]
 [1 1 0 1 1 1 1 1 1 1]
 [1 1 0 1 1 0 1 0 1 1]
 [1 0 1 0 1 0 1 1 1 1]
 [1 1 1 1 1 0 1 0 0 0]
 [0 1 1 1 1 1 1 1 0 0]
 [0 1 1 1 0 0 0 1 1 0]
 [1 1 1 1 0 0 0 0 1 0]
 [1 0 0 1 1 1 0 1 1 1]
 [0 1 0 1 1 1 1 1 1 0]
 [1 1 1 1 0 0 0 1 0 1]
 [1 1 0 1 1 1 1 0 1 1]
 [1 1 0 1 0 0 0 0 1 0]]
{'restarts': 97, 'conflicts': 48932, 'decisions': 72923, 'propagations': 24112249}
Q is identifiable
branch at 6
runtime for solving id of Q is 4.5998106095939875
Simulation results:
{'J': 50, 'K': 10, 'N': 10, 'p': 0.7, 'seed': 81, 'sim': 7, 'runtime': 4.5998106095939875, 'identifiable': 1, 'branch': 6}
8
Q: [[0 1 1 0 1 0 0 1 1 1]
 [0 0 1 1 1 0 1 1 1 0]
 [1 1 1 0 1 0 1 1 1 1]
 [1 0 1 1 1 1 0 1 1 0]
 [1 1 0 1 1 0 0 1 1 0]
 [1 1 0 1 1 0 1 0 1 1]
 [1 0 0 1 0 1 1 1 1 0]
 [0 1 0 0 1 1 0 0 1 1]
 [0 1 1 0 1 1 0 0 1 0]
 [1 0 1 0 0 1 0 1 1 0]
 [1 0 0 0 1 1 1 1 1 1]
 [1 1 1 0 1 0 1 1 0 0]
 [0 1 0 1 0 0 1 0 1 1]
 [1 1 1 1 1 1 1 1 1 0]
 [1 1 0 1 1 1 1 1 1 1]
 [1 1 1 1 1 0 0 1 1 0]
 [1 1 0 1 1 1 1 1 1 1]
 [1 1 1 1 1 1 0 1 1 1]
 [1 1 1 0 1 1 0 1 1 0]
 [1 1 1 1 1 0 0 0 0 1]
 [1 1 0 1 1 0 0 1 0 0]
 [1 0 1 1 1 1 1 0 0 1]
 [0 0 1 1 1 0 1 1 1 0]
 [1 0 1 0 1 0 0 0 1 1]
 [0 1 1 1 1 1 1 1 0 1]
 [1 1 1 1 1 0 0 1 1 1]
 [1 0 1 1 1 0 0 1 1 0]
 [1 1 0 1 1 1 1 0 1 0]
 [1 1 1 1 1 1 1 1 1 0]
 [1 1 1 1 1 0 1 1 1 1]
 [1 1 1 1 1 1 1 1 1 1]
 [0 0 1 0 0 1 0 1 1 1]
 [1 0 1 1 1 1 1 1 1 0]
 [1 1 1 1 0 0 0 1 1 0]
 [1 0 0 1 0 0 1 1 0 1]
 [1 1 1 1 1 1 1 1 0 1]
 [1 0 1 1 1 1 1 0 0 1]
 [1 0 1 1 1 1 1 1 0 1]
 [1 0 0 1 1 1 1 1 1 1]
 [0 1 1 1 1 1 1 1 0 1]
 [1 0 1 1 1 1 1 1 1 1]
 [1 0 0 1 0 1 0 1 1 0]
 [0 1 1 1 1 1 1 1 1 0]
 [0 0 0 1 1 1 1 1 0 1]
 [1 0 1 1 0 0 1 1 1 1]
 [0 1 1 0 0 0 1 1 1 0]
 [1 1 1 1 1 1 1 1 0 0]
 [0 1 1 1 1 1 1 1 0 0]
 [1 0 0 0 1 1 1 1 1 1]
 [0 1 1 1 1 0 1 0 0 1]]
{'restarts': 76, 'conflicts': 31415, 'decisions': 46952, 'propagations': 13653565}
Q is identifiable
branch at 6
runtime for solving id of Q is 2.58116474468261
Simulation results:
{'J': 50, 'K': 10, 'N': 10, 'p': 0.7, 'seed': 81, 'sim': 8, 'runtime': 2.58116474468261, 'identifiable': 1, 'branch': 6}
9
Q: [[1 1 1 1 1 0 0 1 1 1]
 [0 1 0 1 0 1 1 0 1 0]
 [1 0 1 1 1 1 0 1 0 1]
 [0 1 0 0 1 0 1 1 1 1]
 [1 1 0 1 1 1 1 0 1 1]
 [1 1 1 1 1 1 1 1 1 1]
 [1 0 1 1 0 1 1 1 1 0]
 [1 0 1 0 1 0 1 0 1 1]
 [0 1 1 0 0 1 1 0 1 1]
 [1 0 0 1 0 1 1 1 1 1]
 [1 1 1 1 0 1 0 0 1 1]
 [1 1 0 1 1 1 1 0 1 1]
 [1 1 0 1 0 0 1 0 0 1]
 [1 1 1 1 1 1 1 1 1 0]
 [1 0 1 0 1 1 0 1 1 1]
 [1 0 1 1 1 1 1 1 1 1]
 [1 1 1 0 1 1 1 1 1 1]
 [1 0 1 1 1 1 0 0 1 1]
 [1 0 0 1 0 1 1 1 0 1]
 [1 1 0 0 1 1 1 1 1 1]
 [1 1 1 1 0 0 1 0 1 0]
 [1 1 1 1 1 1 0 1 1 1]
 [0 1 1 0 1 0 1 1 1 1]
 [1 1 1 1 1 0 1 1 1 0]
 [1 1 1 1 0 1 1 0 1 1]
 [0 0 1 0 0 0 1 1 0 1]
 [0 0 1 0 1 1 0 1 1 0]
 [1 1 1 0 1 0 0 1 1 1]
 [0 1 1 0 1 0 1 1 1 1]
 [1 1 1 1 1 0 1 1 1 1]
 [1 1 0 1 1 1 1 1 1 0]
 [1 1 0 1 0 0 1 1 0 1]
 [1 0 1 0 1 1 0 1 0 1]
 [1 1 0 1 0 0 0 1 1 0]
 [1 1 1 1 1 0 1 0 1 1]
 [1 1 0 0 1 0 0 1 1 1]
 [1 0 1 1 1 1 0 0 1 1]
 [0 1 1 1 0 1 1 1 1 0]
 [0 0 1 1 0 1 1 1 1 0]
 [1 0 1 0 0 0 0 1 1 0]
 [1 0 0 1 1 0 0 0 1 1]
 [1 0 1 1 0 1 1 1 1 1]
 [1 1 1 1 1 0 1 1 1 1]
 [1 1 0 1 0 0 1 1 1 1]
 [0 0 1 0 0 1 1 1 1 1]
 [1 0 0 1 1 0 1 0 1 1]
 [1 1 1 1 1 1 1 1 1 1]
 [1 0 0 0 1 1 1 1 1 1]
 [0 0 1 0 1 1 1 1 1 1]
 [1 0 1 1 0 1 1 1 1 0]]
{'restarts': 36, 'conflicts': 11557, 'decisions': 19545, 'propagations': 4365271}
Q is identifiable
branch at 6
runtime for solving id of Q is 0.784403788857162
Simulation results:
{'J': 50, 'K': 10, 'N': 10, 'p': 0.7, 'seed': 81, 'sim': 9, 'runtime': 0.784403788857162, 'identifiable': 1, 'branch': 6}
Simulation results:
[{'J': 50, 'K': 10, 'N': 10, 'p': 0.7, 'seed': 81, 'sim': 0, 'runtime': 3.974018451757729, 'identifiable': 1, 'branch': 6}, {'J': 50, 'K': 10, 'N': 10, 'p': 0.7, 'seed': 81, 'sim': 1, 'runtime': 0.0044628409668803215, 'identifiable': 0, 'branch': 3}, {'J': 50, 'K': 10, 'N': 10, 'p': 0.7, 'seed': 81, 'sim': 2, 'runtime': 2.482390573248267, 'identifiable': 1, 'branch': 6}, {'J': 50, 'K': 10, 'N': 10, 'p': 0.7, 'seed': 81, 'sim': 3, 'runtime': 3.894403771497309, 'identifiable': 1, 'branch': 6}, {'J': 50, 'K': 10, 'N': 10, 'p': 0.7, 'seed': 81, 'sim': 4, 'runtime': 2.5364285157993436, 'identifiable': 1, 'branch': 6}, {'J': 50, 'K': 10, 'N': 10, 'p': 0.7, 'seed': 81, 'sim': 5, 'runtime': 0.7678467491641641, 'identifiable': 1, 'branch': 6}, {'J': 50, 'K': 10, 'N': 10, 'p': 0.7, 'seed': 81, 'sim': 6, 'runtime': 1.6637210678309202, 'identifiable': 1, 'branch': 6}, {'J': 50, 'K': 10, 'N': 10, 'p': 0.7, 'seed': 81, 'sim': 7, 'runtime': 4.5998106095939875, 'identifiable': 1, 'branch': 6}, {'J': 50, 'K': 10, 'N': 10, 'p': 0.7, 'seed': 81, 'sim': 8, 'runtime': 2.58116474468261, 'identifiable': 1, 'branch': 6}, {'J': 50, 'K': 10, 'N': 10, 'p': 0.7, 'seed': 81, 'sim': 9, 'runtime': 0.784403788857162, 'identifiable': 1, 'branch': 6}]
