
The Gurobi software has a limited number of licenses. To request a license or
licenses, add this line

    #SBATCH --licenses=gurobi@slurmdb:1

to your SBATCH script, replacing N with the number of licenses you need. Gurobi
will need one license per process.


0
Q: [[0 0 0 0 1 0 0 0 0 0]
 [1 0 0 0 0 0 0 0 0 0]
 [0 0 0 0 0 1 0 1 0 0]
 [0 0 0 0 0 0 0 0 0 0]
 [1 1 0 0 0 0 0 0 0 0]
 [0 0 1 0 0 0 1 0 1 0]
 [0 1 0 0 1 1 0 0 0 0]
 [0 0 0 0 0 1 0 1 0 0]
 [0 0 0 0 0 1 0 0 0 0]
 [0 0 0 0 0 0 0 0 0 0]
 [0 0 0 0 0 0 0 0 0 0]
 [0 0 0 0 0 0 0 0 0 0]
 [0 0 0 0 0 0 0 0 0 0]
 [1 0 1 0 0 0 0 0 0 0]
 [0 0 0 0 0 0 0 0 0 0]
 [0 0 1 0 0 0 0 0 1 0]
 [0 0 0 0 0 1 0 0 0 0]
 [0 0 0 0 0 0 0 0 0 0]
 [0 1 0 0 0 0 0 0 0 0]
 [0 0 1 0 0 0 0 0 0 0]
 [0 1 0 0 0 0 0 0 0 0]
 [0 0 0 0 0 1 0 0 0 0]
 [0 0 0 0 0 1 0 0 0 0]
 [1 0 0 0 0 0 1 0 0 0]
 [0 0 0 0 0 0 0 0 0 0]
 [0 0 0 0 1 0 0 0 0 0]
 [0 0 1 1 0 0 0 0 0 0]
 [0 0 1 0 0 0 0 0 0 0]
 [0 1 0 0 0 0 0 0 0 0]
 [0 0 0 1 0 0 0 0 0 0]
 [0 0 1 0 0 0 0 0 0 0]
 [0 0 0 0 0 0 0 0 0 0]
 [1 0 0 0 0 0 0 0 0 0]
 [0 0 1 0 0 0 0 1 0 0]
 [0 0 0 0 0 1 0 0 0 0]
 [0 0 0 0 0 0 0 0 1 1]
 [0 0 1 0 0 0 0 0 0 0]
 [0 0 0 0 0 0 0 0 0 0]
 [0 0 0 0 0 0 0 0 0 0]
 [0 0 0 0 1 0 0 0 1 0]
 [0 0 0 0 0 0 1 0 0 0]
 [0 0 0 0 0 0 0 0 0 0]
 [0 0 0 0 0 0 1 1 1 0]
 [1 0 1 0 0 0 0 0 0 0]
 [0 0 0 0 0 0 0 0 0 1]
 [0 0 0 0 0 0 0 0 0 0]
 [0 0 1 0 0 1 0 0 0 0]
 [0 0 0 0 0 0 0 0 0 0]
 [0 0 1 0 0 0 0 0 0 1]
 [0 1 0 0 0 0 0 0 1 0]]
{'restarts': 1, 'conflicts': 99, 'decisions': 202, 'propagations': 108658}
Q is identifiable
branch at 6
runtime for solving id of Q is 0.20770749868825078
Simulation results:
{'J': 50, 'K': 10, 'N': 10, 'p': 0.1, 'seed': 80, 'sim': 0, 'runtime': 0.20770749868825078, 'identifiable': 1, 'branch': 6}
1
Q: [[0 1 1 0 0 0 1 0 0 0]
 [0 0 0 0 0 0 0 0 1 0]
 [0 0 1 0 1 0 0 0 0 0]
 [0 0 0 0 0 0 0 0 0 0]
 [1 0 0 1 0 0 0 0 0 0]
 [0 0 0 0 0 1 0 0 0 0]
 [1 0 0 0 0 0 0 0 0 0]
 [0 0 0 0 0 1 0 0 0 0]
 [0 0 1 0 0 0 0 0 0 0]
 [0 0 1 0 0 0 0 0 0 0]
 [0 1 0 0 0 1 0 0 0 0]
 [0 0 0 0 0 0 0 0 0 0]
 [0 0 0 0 0 0 0 0 0 0]
 [0 0 0 1 0 0 0 0 0 0]
 [0 0 0 0 0 0 0 0 0 0]
 [0 0 0 0 0 0 0 0 1 0]
 [1 0 0 1 0 0 0 0 0 0]
 [0 1 0 0 0 1 0 0 0 1]
 [0 0 0 0 0 0 0 0 0 0]
 [0 0 0 0 0 0 1 0 0 1]
 [0 1 0 0 1 0 0 0 0 0]
 [0 0 1 0 0 0 0 0 0 0]
 [0 0 0 0 1 0 0 0 0 0]
 [0 0 0 0 0 0 0 0 0 0]
 [0 0 0 0 0 0 0 0 0 0]
 [1 0 1 0 0 0 0 0 1 0]
 [1 0 1 0 0 0 0 0 0 0]
 [0 0 0 0 0 0 0 0 0 0]
 [0 0 0 1 0 0 0 0 0 0]
 [0 0 0 1 0 0 0 0 0 0]
 [0 0 0 0 0 0 0 0 0 0]
 [0 0 0 0 0 0 0 0 0 1]
 [0 0 0 0 1 0 1 0 0 0]
 [0 0 0 0 0 1 0 0 0 0]
 [0 0 0 1 1 1 0 0 0 0]
 [0 0 0 0 0 0 0 0 1 0]
 [0 0 0 0 0 0 0 0 0 0]
 [0 0 0 0 0 0 0 1 0 0]
 [0 0 0 0 0 1 0 0 0 1]
 [0 0 0 0 0 0 0 0 0 0]
 [0 0 0 0 0 0 1 0 0 0]
 [0 1 0 1 0 0 0 0 0 0]
 [0 0 0 1 0 0 0 0 0 0]
 [0 0 0 0 1 0 0 1 0 1]
 [1 0 0 0 0 0 0 1 0 0]
 [1 0 0 0 0 0 0 1 0 0]
 [0 0 0 0 0 0 0 0 0 0]
 [0 0 1 0 0 0 1 0 0 0]
 [0 0 0 0 0 1 0 0 0 1]
 [0 0 0 0 0 0 0 0 0 0]]
{'restarts': 1, 'conflicts': 19, 'decisions': 62, 'propagations': 24377}
Q is identifiable
branch at 6
runtime for solving id of Q is 0.24722864385694265
Simulation results:
{'J': 50, 'K': 10, 'N': 10, 'p': 0.1, 'seed': 80, 'sim': 1, 'runtime': 0.24722864385694265, 'identifiable': 1, 'branch': 6}
2
Q: [[0 0 0 0 0 0 0 1 0 0]
 [0 0 0 0 0 0 0 0 0 0]
 [0 0 0 0 0 0 0 0 1 0]
 [0 0 0 1 0 0 0 0 0 0]
 [0 0 1 1 0 0 0 0 0 0]
 [0 0 0 0 0 0 0 1 0 0]
 [1 0 0 0 0 0 0 0 0 0]
 [0 0 0 1 0 0 0 0 1 1]
 [0 0 0 0 0 0 0 0 0 0]
 [0 0 0 0 0 0 0 0 0 0]
 [0 1 0 0 0 1 0 0 0 0]
 [0 0 1 0 1 0 0 0 0 0]
 [0 0 0 0 0 0 0 0 0 0]
 [0 0 0 0 0 1 0 0 0 0]
 [0 0 0 0 0 0 0 0 0 0]
 [0 0 0 0 0 0 1 1 0 0]
 [0 1 0 1 0 0 0 0 0 0]
 [0 0 0 0 0 0 0 0 0 1]
 [0 1 0 0 0 0 0 0 0 0]
 [0 0 1 1 0 0 0 0 0 0]
 [0 0 0 0 0 0 0 0 0 0]
 [0 0 0 0 0 0 0 0 0 0]
 [0 0 0 1 0 0 0 0 0 0]
 [1 0 0 0 0 0 0 0 0 0]
 [0 0 0 0 0 1 0 1 0 0]
 [0 0 0 0 0 0 0 0 0 0]
 [0 0 0 1 0 0 0 0 0 0]
 [0 0 0 0 0 0 0 0 0 0]
 [0 0 0 0 0 1 0 0 0 0]
 [0 0 0 0 0 0 0 0 0 0]
 [0 0 0 0 0 0 0 0 0 0]
 [0 1 0 0 0 0 0 0 0 0]
 [0 0 0 0 0 0 0 1 0 1]
 [1 0 0 0 0 0 1 1 0 0]
 [0 0 0 0 0 0 0 0 0 0]
 [0 0 0 0 0 0 0 0 0 0]
 [0 0 0 0 0 1 1 0 0 0]
 [1 0 0 0 0 0 0 0 0 0]
 [1 0 0 0 0 0 0 0 0 1]
 [0 0 0 0 0 0 0 0 0 0]
 [0 0 0 0 0 0 0 0 0 0]
 [0 0 0 1 0 0 0 0 0 0]
 [0 0 0 0 0 0 0 0 0 0]
 [0 0 0 0 0 0 0 0 0 0]
 [0 0 0 0 0 0 0 0 0 0]
 [1 0 0 0 0 0 0 0 0 0]
 [0 0 0 0 0 0 0 0 0 0]
 [0 0 0 0 1 1 0 1 0 0]
 [0 0 0 0 0 0 0 0 0 1]
 [0 0 0 0 0 0 0 0 0 0]]
{'restarts': 1, 'conflicts': 73, 'decisions': 156, 'propagations': 26805}
Q is identifiable
branch at 6
runtime for solving id of Q is 0.09561642305925488
Simulation results:
{'J': 50, 'K': 10, 'N': 10, 'p': 0.1, 'seed': 80, 'sim': 2, 'runtime': 0.09561642305925488, 'identifiable': 1, 'branch': 6}
3
Q: [[0 0 0 0 0 0 0 0 0 0]
 [0 0 0 0 0 1 1 0 0 1]
 [0 0 1 0 0 0 0 0 0 1]
 [0 0 1 1 0 0 1 0 0 0]
 [0 1 0 0 0 0 0 0 0 0]
 [0 0 0 0 0 0 0 0 0 0]
 [0 0 0 0 0 0 0 0 0 0]
 [0 1 0 0 0 0 0 0 0 1]
 [0 0 0 0 0 1 0 0 0 0]
 [0 0 0 0 0 0 0 0 1 0]
 [0 0 1 0 0 0 0 0 0 1]
 [0 0 0 0 0 0 0 1 0 1]
 [0 0 0 0 0 0 0 0 0 0]
 [1 0 0 0 0 0 0 0 0 0]
 [0 1 0 0 0 0 1 0 0 0]
 [1 0 0 0 0 0 0 0 1 0]
 [0 0 0 0 1 0 0 0 0 0]
 [0 0 0 0 0 0 1 0 0 0]
 [0 1 1 0 0 0 1 1 0 0]
 [0 0 0 0 0 0 0 0 0 0]
 [0 0 0 0 0 0 0 0 0 0]
 [0 0 0 0 1 0 0 0 0 0]
 [0 0 1 0 0 0 0 0 0 0]
 [0 0 0 0 0 0 0 0 0 0]
 [1 1 0 1 0 0 0 0 1 0]
 [0 0 0 0 0 0 0 0 0 0]
 [1 0 0 0 0 0 0 0 0 0]
 [0 0 0 0 0 0 0 0 0 0]
 [0 0 0 0 0 0 0 0 0 1]
 [0 0 0 0 0 0 0 1 0 0]
 [0 0 0 0 0 1 0 0 0 0]
 [0 0 0 0 1 1 0 0 0 0]
 [0 0 0 0 0 0 0 0 0 0]
 [0 0 0 0 0 0 0 0 0 0]
 [0 0 0 0 0 0 0 0 0 0]
 [1 0 0 0 0 0 0 0 0 0]
 [0 1 0 0 0 0 1 0 0 0]
 [0 0 1 0 0 0 0 0 0 0]
 [1 1 0 1 0 0 1 1 0 0]
 [0 1 0 0 0 0 0 0 0 0]
 [1 0 0 0 0 0 0 0 1 0]
 [0 0 0 0 0 0 0 0 0 0]
 [0 0 0 0 0 0 0 0 0 0]
 [0 0 0 0 0 0 0 0 0 1]
 [0 0 0 0 0 0 0 0 0 0]
 [0 0 0 0 0 0 0 0 0 1]
 [0 1 0 0 0 0 0 0 0 0]
 [0 0 0 0 1 0 0 0 0 1]
 [0 0 0 0 0 0 0 0 0 0]
 [0 0 0 1 0 0 0 0 0 0]]
Q is identifiable (direct_check).
Q is identifiable
branch at 4
runtime for solving id of Q is 0.003690298181027174
Simulation results:
{'J': 50, 'K': 10, 'N': 10, 'p': 0.1, 'seed': 80, 'sim': 3, 'runtime': 0.003690298181027174, 'identifiable': 1, 'branch': 4}
4
Q: [[0 0 0 0 0 0 0 0 1 0]
 [0 1 0 0 0 0 0 0 0 0]
 [0 0 0 0 0 0 0 0 1 0]
 [0 0 0 0 0 0 0 0 0 0]
 [0 0 0 0 0 0 0 0 0 1]
 [0 0 0 0 0 0 1 0 1 1]
 [0 0 0 0 0 0 0 0 0 0]
 [0 0 0 0 0 0 0 0 0 0]
 [0 0 0 0 0 1 1 0 0 0]
 [0 0 0 0 0 1 0 0 0 0]
 [0 1 0 1 1 0 0 0 1 0]
 [0 0 0 1 0 0 0 0 0 0]
 [0 0 0 0 0 0 0 0 0 0]
 [0 0 0 0 1 0 0 0 1 0]
 [1 0 0 0 0 0 0 0 0 0]
 [1 0 0 0 0 0 0 0 0 0]
 [0 0 0 0 0 0 0 0 1 1]
 [0 0 1 0 0 0 1 0 0 0]
 [1 0 0 0 0 1 0 0 0 0]
 [0 0 0 0 0 0 0 0 0 0]
 [0 0 0 0 0 0 0 0 0 0]
 [0 0 0 0 0 0 0 0 1 0]
 [0 0 0 0 0 0 0 0 0 0]
 [0 0 0 0 0 0 0 0 0 1]
 [0 0 0 0 0 0 0 0 0 0]
 [0 0 0 0 1 0 0 0 0 0]
 [0 0 0 0 0 0 0 0 0 0]
 [0 0 0 0 0 0 1 0 1 0]
 [0 0 0 0 0 0 0 0 1 0]
 [0 0 0 0 0 0 0 1 0 0]
 [0 0 0 0 0 0 0 0 0 1]
 [0 0 0 0 0 0 0 0 0 0]
 [1 0 0 0 0 0 0 0 1 0]
 [0 0 0 0 1 0 0 0 0 0]
 [0 1 0 0 0 0 0 0 0 0]
 [0 0 0 0 0 0 0 0 0 0]
 [0 0 0 0 0 0 0 0 0 0]
 [0 0 0 0 0 0 0 0 0 0]
 [0 0 0 0 0 0 0 0 0 0]
 [0 0 0 0 0 0 0 0 0 0]
 [0 0 0 0 0 0 0 0 0 0]
 [0 0 1 0 0 0 0 1 1 0]
 [0 0 0 0 0 0 0 0 0 0]
 [0 0 0 0 1 0 0 1 0 0]
 [1 0 0 0 0 0 0 0 0 0]
 [0 0 0 0 1 0 0 0 0 0]
 [0 0 0 0 0 0 0 0 0 0]
 [0 0 0 0 0 0 0 1 0 0]
 [0 0 0 0 0 0 0 0 0 0]
 [0 0 0 0 0 0 0 0 0 0]]
{'restarts': 1, 'conflicts': 44, 'decisions': 95, 'propagations': 34396}
Q is identifiable
branch at 6
runtime for solving id of Q is 0.14590433472767472
Simulation results:
{'J': 50, 'K': 10, 'N': 10, 'p': 0.1, 'seed': 80, 'sim': 4, 'runtime': 0.14590433472767472, 'identifiable': 1, 'branch': 6}
5
Q: [[0 0 0 0 0 1 0 0 0 0]
 [0 0 0 0 0 0 0 1 0 0]
 [0 0 0 0 0 0 0 0 0 0]
 [0 0 0 0 0 1 0 0 0 1]
 [0 0 1 0 0 0 0 0 0 1]
 [0 1 0 0 1 1 0 0 0 1]
 [0 0 0 0 0 0 0 0 0 0]
 [0 0 0 0 0 0 0 0 0 0]
 [0 0 0 0 0 0 0 0 0 0]
 [0 0 0 0 0 0 1 0 0 0]
 [0 0 0 0 1 0 0 1 0 0]
 [0 0 0 0 0 0 0 0 0 0]
 [0 0 0 0 0 0 0 0 0 0]
 [0 0 1 0 0 0 0 0 0 0]
 [0 0 0 0 0 0 0 0 1 0]
 [1 1 0 0 0 0 0 1 0 0]
 [0 0 0 0 0 0 0 0 1 0]
 [0 0 0 0 0 0 0 0 0 0]
 [0 0 0 0 0 1 0 0 0 0]
 [0 0 0 0 0 0 0 0 0 0]
 [0 0 0 0 0 0 1 0 1 0]
 [1 0 1 0 0 0 0 0 0 0]
 [0 0 0 0 0 0 0 0 0 0]
 [0 0 0 0 0 0 0 0 0 0]
 [0 0 0 0 0 0 0 0 0 0]
 [0 0 0 1 1 0 0 0 0 1]
 [0 0 0 0 0 0 0 0 0 0]
 [1 1 1 0 0 1 0 0 0 0]
 [0 0 0 0 0 0 0 0 0 0]
 [0 1 0 0 0 0 1 0 0 0]
 [0 0 0 0 1 0 0 0 1 0]
 [0 0 0 0 0 1 0 0 0 0]
 [0 0 0 0 0 0 0 0 0 0]
 [0 0 0 0 0 0 0 0 1 0]
 [0 0 0 0 0 0 0 0 0 0]
 [0 0 0 0 0 0 0 0 0 0]
 [0 0 0 0 1 0 0 0 0 0]
 [0 0 0 0 0 0 0 0 0 0]
 [0 0 0 1 0 1 0 0 1 0]
 [0 0 0 0 0 0 0 0 1 1]
 [0 0 0 1 0 0 0 0 0 0]
 [0 0 0 0 0 0 0 1 0 0]
 [0 0 0 0 0 0 0 0 0 0]
 [0 1 0 0 0 0 0 0 1 0]
 [0 0 0 0 0 1 0 1 0 0]
 [0 0 0 0 0 0 0 0 0 0]
 [0 0 0 0 0 0 0 0 0 1]
 [0 0 1 0 0 0 0 0 0 0]
 [0 0 0 0 0 0 0 0 0 0]
 [0 0 0 0 0 0 0 0 0 0]]
{'restarts': 1, 'conflicts': 23, 'decisions': 57, 'propagations': 26467}
Q is identifiable
branch at 6
runtime for solving id of Q is 0.16650879010558128
Simulation results:
{'J': 50, 'K': 10, 'N': 10, 'p': 0.1, 'seed': 80, 'sim': 5, 'runtime': 0.16650879010558128, 'identifiable': 1, 'branch': 6}
6
Q: [[0 0 0 1 1 0 0 0 1 0]
 [1 0 0 0 0 0 0 0 0 0]
 [0 0 0 0 0 0 0 0 0 0]
 [0 0 0 1 0 0 0 0 0 0]
 [0 1 0 0 0 0 0 0 0 0]
 [0 0 0 0 0 0 0 0 0 0]
 [0 0 0 0 0 0 0 0 0 0]
 [0 0 0 0 0 0 0 0 0 0]
 [0 0 0 0 0 0 0 0 0 0]
 [0 0 0 0 0 0 0 0 0 0]
 [0 0 0 0 0 1 0 0 0 0]
 [0 1 0 0 0 0 0 0 0 0]
 [0 0 0 0 0 0 0 0 0 0]
 [0 0 0 0 0 0 0 0 0 0]
 [0 0 0 0 1 0 0 1 0 1]
 [1 0 0 0 0 0 0 0 0 0]
 [0 0 0 0 0 1 0 1 0 0]
 [0 0 0 0 0 0 0 0 1 0]
 [0 0 0 0 0 0 0 0 0 0]
 [0 0 0 0 0 0 0 0 0 0]
 [0 0 0 0 0 0 1 0 0 0]
 [0 0 0 0 0 0 0 0 0 0]
 [0 0 0 0 0 0 0 0 0 0]
 [0 1 0 0 0 0 0 0 0 0]
 [0 0 0 0 0 0 0 0 0 0]
 [0 0 0 0 0 0 0 0 0 0]
 [0 0 0 0 0 0 0 0 0 0]
 [0 0 0 0 0 0 0 0 0 0]
 [0 0 0 0 0 0 0 0 0 0]
 [0 1 0 0 0 0 0 0 0 0]
 [0 1 0 0 0 0 0 0 0 0]
 [0 0 0 0 0 0 0 0 0 0]
 [1 0 0 0 0 0 0 0 0 0]
 [0 0 0 0 0 1 0 0 0 0]
 [1 0 0 0 1 0 0 0 0 0]
 [0 0 0 0 0 0 0 0 0 0]
 [0 0 1 0 0 0 1 0 0 0]
 [1 1 1 0 0 0 0 0 0 0]
 [0 0 0 0 0 0 0 0 0 0]
 [0 0 0 0 0 0 1 0 0 1]
 [0 0 0 0 0 0 0 0 0 0]
 [1 0 0 0 0 1 0 0 0 0]
 [0 0 0 0 0 0 0 0 0 0]
 [0 0 0 0 0 0 0 0 0 0]
 [0 0 0 0 0 0 0 0 0 0]
 [0 0 0 0 0 0 0 1 0 0]
 [0 0 0 0 0 0 0 0 0 0]
 [1 0 0 0 0 0 0 0 0 0]
 [0 0 0 1 0 0 0 0 0 0]
 [0 0 0 0 0 0 0 1 0 0]]
{'restarts': 1, 'conflicts': 54, 'decisions': 181, 'propagations': 29766}
Q is identifiable
branch at 6
runtime for solving id of Q is 0.138134250883013
Simulation results:
{'J': 50, 'K': 10, 'N': 10, 'p': 0.1, 'seed': 80, 'sim': 6, 'runtime': 0.138134250883013, 'identifiable': 1, 'branch': 6}
7
Q: [[0 0 0 0 0 0 0 0 0 0]
 [1 0 0 0 0 0 0 0 0 0]
 [0 1 0 0 0 0 0 0 0 0]
 [0 0 0 0 0 0 0 0 0 1]
 [0 0 0 0 0 0 0 0 0 0]
 [1 0 0 0 0 0 0 0 0 0]
 [1 0 0 0 0 0 0 0 0 0]
 [0 0 0 0 0 0 0 0 0 0]
 [0 0 0 0 0 0 0 0 0 0]
 [0 0 0 0 0 1 0 0 0 0]
 [1 0 0 0 0 0 0 0 0 0]
 [0 0 1 0 1 0 0 0 0 0]
 [0 0 1 1 0 1 0 0 0 0]
 [0 0 0 0 0 1 1 1 0 0]
 [0 0 0 1 0 0 1 0 0 0]
 [0 0 0 0 0 1 0 0 0 0]
 [0 0 1 0 0 0 0 0 0 0]
 [0 1 0 0 0 0 1 0 0 0]
 [0 0 0 1 1 0 1 0 0 0]
 [0 0 0 0 0 0 0 1 0 0]
 [0 0 0 0 0 0 0 1 1 0]
 [0 0 0 0 0 0 0 0 0 0]
 [0 0 1 0 0 0 0 0 0 0]
 [0 0 0 0 0 1 0 0 0 0]
 [0 0 0 0 0 0 0 0 0 0]
 [0 0 0 0 1 0 0 0 0 0]
 [0 0 0 0 0 1 0 1 0 0]
 [0 0 1 0 0 0 0 0 0 0]
 [0 0 0 0 0 0 0 0 0 0]
 [0 0 0 0 0 0 0 0 0 0]
 [0 0 0 0 0 0 0 0 1 0]
 [1 0 0 1 1 0 0 0 1 1]
 [1 0 0 0 0 0 0 0 0 0]
 [0 0 0 0 0 0 0 0 0 0]
 [0 0 0 0 0 0 0 0 0 1]
 [0 0 0 0 0 0 0 0 0 0]
 [0 0 0 0 0 0 0 0 0 0]
 [0 0 0 0 1 0 0 0 1 0]
 [0 0 0 0 0 0 0 0 0 0]
 [0 0 0 0 0 0 0 0 0 0]
 [0 1 0 0 0 1 0 0 0 1]
 [0 0 1 0 0 0 0 0 0 0]
 [1 0 0 0 0 0 0 0 0 0]
 [0 0 0 0 0 0 0 0 0 0]
 [0 0 1 1 0 0 0 0 0 0]
 [0 0 0 1 0 0 0 0 0 0]
 [0 0 0 0 0 0 0 0 0 0]
 [0 0 0 0 0 0 0 0 0 0]
 [1 0 0 0 0 0 0 0 0 0]
 [0 0 0 0 0 0 0 0 1 0]]
{'restarts': 1, 'conflicts': 44, 'decisions': 90, 'propagations': 42889}
Q is identifiable
branch at 6
runtime for solving id of Q is 0.14074722258374095
Simulation results:
{'J': 50, 'K': 10, 'N': 10, 'p': 0.1, 'seed': 80, 'sim': 7, 'runtime': 0.14074722258374095, 'identifiable': 1, 'branch': 6}
8
Q: [[1 1 0 0 0 0 0 0 0 0]
 [0 0 0 0 0 0 0 0 0 0]
 [0 0 0 0 0 0 0 1 0 1]
 [1 0 0 0 1 0 0 0 0 0]
 [0 0 1 0 0 0 0 1 0 0]
 [0 0 0 0 1 0 0 1 0 0]
 [0 0 0 0 0 0 0 0 0 0]
 [0 0 0 0 0 0 0 0 0 0]
 [0 1 1 0 0 0 0 0 1 0]
 [0 0 1 0 0 0 0 0 0 0]
 [0 0 0 0 0 0 0 0 0 0]
 [0 0 0 0 0 0 0 0 0 0]
 [0 0 0 0 0 0 0 0 0 1]
 [0 0 0 0 0 0 0 0 0 1]
 [0 0 1 0 0 0 0 0 0 0]
 [0 1 0 0 0 0 1 0 0 0]
 [0 0 0 0 0 0 1 0 0 0]
 [0 0 1 0 0 0 0 0 0 0]
 [0 0 0 0 0 0 0 0 0 0]
 [0 0 0 0 0 0 1 1 0 0]
 [0 0 1 0 0 1 0 0 0 0]
 [0 0 0 0 0 1 0 0 0 0]
 [1 0 1 0 0 1 0 0 1 0]
 [0 1 0 0 1 1 0 0 0 0]
 [0 0 0 0 0 1 0 0 0 1]
 [0 0 0 0 0 0 0 0 0 0]
 [0 0 1 0 0 0 0 0 0 0]
 [0 0 0 0 1 0 0 0 0 0]
 [0 0 0 0 0 0 0 0 1 0]
 [0 1 0 0 0 0 0 1 0 0]
 [0 0 0 1 0 0 0 0 0 0]
 [0 0 0 1 0 1 0 0 0 1]
 [1 0 0 0 0 0 0 1 0 0]
 [0 1 0 0 0 0 0 1 0 0]
 [0 0 1 0 0 0 0 0 0 0]
 [0 0 0 0 0 1 0 1 0 0]
 [0 0 0 0 0 0 0 0 0 0]
 [0 0 0 0 0 0 0 0 0 0]
 [0 0 0 0 0 1 0 0 1 0]
 [0 0 0 0 0 0 0 0 0 0]
 [0 0 0 0 1 0 0 0 0 0]
 [0 0 0 0 0 0 0 0 0 1]
 [0 0 0 0 0 0 0 1 0 0]
 [0 0 1 0 0 0 1 0 0 0]
 [0 0 0 0 0 0 0 0 0 0]
 [0 1 0 0 0 1 0 0 0 0]
 [1 0 0 0 0 0 0 0 0 0]
 [0 0 0 0 0 0 0 0 0 0]
 [0 0 0 0 0 0 0 0 1 0]
 [1 0 0 0 0 0 0 0 0 0]]
{'restarts': 1, 'conflicts': 16, 'decisions': 63, 'propagations': 27353}
Q is identifiable
branch at 6
runtime for solving id of Q is 0.23509092489257455
Simulation results:
{'J': 50, 'K': 10, 'N': 10, 'p': 0.1, 'seed': 80, 'sim': 8, 'runtime': 0.23509092489257455, 'identifiable': 1, 'branch': 6}
9
Q: [[0 0 0 1 0 0 0 0 0 0]
 [0 0 0 0 0 0 0 0 0 0]
 [0 0 0 0 0 0 0 0 0 0]
 [0 0 1 0 1 0 0 0 0 1]
 [0 0 0 0 0 0 0 0 0 0]
 [0 0 0 0 0 1 0 0 0 0]
 [0 0 0 1 1 1 0 1 0 0]
 [0 0 0 0 0 0 0 1 0 0]
 [0 0 0 0 1 0 1 0 0 0]
 [0 0 0 0 0 0 1 0 1 0]
 [0 0 0 0 0 0 0 0 0 0]
 [0 0 0 0 0 0 0 0 0 0]
 [0 0 0 0 0 0 0 1 0 0]
 [0 0 0 0 0 0 0 0 0 0]
 [0 0 0 0 0 0 0 0 0 0]
 [0 0 0 1 0 0 0 1 0 0]
 [0 0 0 0 0 0 0 0 0 0]
 [0 0 0 0 0 0 0 0 0 0]
 [1 1 0 0 0 0 0 0 0 0]
 [0 0 0 1 0 0 0 0 0 0]
 [0 0 0 0 0 0 0 0 0 0]
 [0 0 0 0 0 0 0 0 0 0]
 [1 0 0 0 0 0 0 0 0 0]
 [0 0 0 1 1 0 0 0 0 1]
 [0 0 0 0 0 0 0 0 0 0]
 [1 1 0 0 0 0 0 0 0 0]
 [0 0 0 0 0 0 0 0 0 0]
 [0 0 0 0 0 0 0 0 0 0]
 [0 0 0 0 1 0 1 0 0 0]
 [0 0 0 0 0 1 0 0 0 0]
 [0 0 0 0 0 0 0 0 0 0]
 [0 1 0 0 0 0 0 0 0 0]
 [0 0 0 0 0 0 0 0 0 0]
 [0 0 0 0 0 0 0 0 0 1]
 [0 0 0 0 0 0 0 1 0 0]
 [0 0 0 0 0 0 0 0 0 0]
 [0 1 0 0 0 0 0 0 0 0]
 [0 0 0 0 0 0 0 0 0 0]
 [0 0 0 0 0 0 0 0 0 0]
 [0 1 0 0 0 0 0 0 0 0]
 [0 0 0 1 0 0 0 0 0 0]
 [0 0 0 1 0 0 0 0 0 0]
 [0 0 0 0 0 0 0 0 0 0]
 [0 0 0 0 0 0 0 0 0 0]
 [0 0 1 0 0 0 0 0 1 0]
 [0 0 0 0 0 0 0 0 0 0]
 [0 0 0 0 0 0 1 0 0 0]
 [0 0 0 0 0 0 0 0 0 0]
 [0 0 0 0 1 0 0 0 0 0]
 [0 0 0 0 0 0 0 0 0 0]]
{'restarts': 1, 'conflicts': 36, 'decisions': 72, 'propagations': 25348}
Q is identifiable
branch at 6
runtime for solving id of Q is 0.10861865803599358
Simulation results:
{'J': 50, 'K': 10, 'N': 10, 'p': 0.1, 'seed': 80, 'sim': 9, 'runtime': 0.10861865803599358, 'identifiable': 1, 'branch': 6}
Simulation results:
[{'J': 50, 'K': 10, 'N': 10, 'p': 0.1, 'seed': 80, 'sim': 0, 'runtime': 0.20770749868825078, 'identifiable': 1, 'branch': 6}, {'J': 50, 'K': 10, 'N': 10, 'p': 0.1, 'seed': 80, 'sim': 1, 'runtime': 0.24722864385694265, 'identifiable': 1, 'branch': 6}, {'J': 50, 'K': 10, 'N': 10, 'p': 0.1, 'seed': 80, 'sim': 2, 'runtime': 0.09561642305925488, 'identifiable': 1, 'branch': 6}, {'J': 50, 'K': 10, 'N': 10, 'p': 0.1, 'seed': 80, 'sim': 3, 'runtime': 0.003690298181027174, 'identifiable': 1, 'branch': 4}, {'J': 50, 'K': 10, 'N': 10, 'p': 0.1, 'seed': 80, 'sim': 4, 'runtime': 0.14590433472767472, 'identifiable': 1, 'branch': 6}, {'J': 50, 'K': 10, 'N': 10, 'p': 0.1, 'seed': 80, 'sim': 5, 'runtime': 0.16650879010558128, 'identifiable': 1, 'branch': 6}, {'J': 50, 'K': 10, 'N': 10, 'p': 0.1, 'seed': 80, 'sim': 6, 'runtime': 0.138134250883013, 'identifiable': 1, 'branch': 6}, {'J': 50, 'K': 10, 'N': 10, 'p': 0.1, 'seed': 80, 'sim': 7, 'runtime': 0.14074722258374095, 'identifiable': 1, 'branch': 6}, {'J': 50, 'K': 10, 'N': 10, 'p': 0.1, 'seed': 80, 'sim': 8, 'runtime': 0.23509092489257455, 'identifiable': 1, 'branch': 6}, {'J': 50, 'K': 10, 'N': 10, 'p': 0.1, 'seed': 80, 'sim': 9, 'runtime': 0.10861865803599358, 'identifiable': 1, 'branch': 6}]
