
The Gurobi software has a limited number of licenses. To request a license or
licenses, add this line

    #SBATCH --licenses=gurobi@slurmdb:1

to your SBATCH script, replacing N with the number of licenses you need. Gurobi
will need one license per process.


0
Q: [[0 0 0 0 0]
 [0 1 1 0 0]
 [0 1 0 0 0]
 [0 0 0 1 0]
 [1 0 1 0 0]
 [0 0 1 0 0]
 [0 0 0 0 0]
 [0 0 1 0 1]
 [1 0 1 0 0]
 [0 0 0 0 1]
 [0 0 0 0 0]
 [0 0 1 1 0]
 [0 0 0 0 0]
 [1 1 1 0 0]
 [1 0 0 0 0]
 [0 0 0 0 0]
 [1 0 0 0 0]
 [0 1 0 0 1]
 [1 0 0 0 0]
 [1 1 0 0 1]
 [1 0 0 0 0]
 [0 1 0 0 1]
 [1 1 0 0 0]
 [0 1 1 0 0]
 [0 1 0 0 0]
 [0 0 0 0 1]
 [0 0 0 0 0]
 [0 0 0 0 0]
 [0 0 0 0 0]
 [1 0 1 0 1]
 [0 0 0 1 1]
 [1 1 0 1 0]
 [1 0 1 1 1]
 [0 0 0 1 0]
 [0 0 0 0 0]
 [0 1 1 0 0]
 [0 1 0 0 0]
 [0 1 0 0 1]
 [1 0 0 0 0]
 [0 0 0 0 0]
 [0 0 0 0 0]
 [0 1 0 0 1]
 [1 1 0 0 0]
 [0 1 0 0 1]
 [0 0 0 0 0]
 [0 1 1 0 1]
 [0 1 0 0 0]
 [1 1 0 0 0]
 [0 0 0 0 0]
 [1 0 1 0 0]]
Q is identifiable (direct_check).
Q is identifiable
branch at 4
runtime for solving id of Q is 0.000574740581214428
Simulation results:
{'J': 50, 'K': 5, 'N': 10, 'p': 0.3, 'seed': 57, 'sim': 0, 'runtime': 0.000574740581214428, 'identifiable': 1, 'branch': 4}
1
Q: [[1 0 0 0 1]
 [0 0 0 1 0]
 [0 0 0 0 0]
 [1 1 1 0 0]
 [1 0 0 0 0]
 [0 0 0 0 0]
 [0 0 0 0 0]
 [0 1 1 0 1]
 [1 1 1 0 1]
 [0 0 0 1 0]
 [1 1 1 0 0]
 [0 0 0 1 1]
 [0 0 0 1 1]
 [0 0 1 0 0]
 [0 1 0 0 0]
 [0 0 0 0 0]
 [0 1 0 0 1]
 [0 0 0 0 0]
 [0 0 0 1 1]
 [0 1 1 0 1]
 [0 1 0 1 1]
 [0 1 0 0 0]
 [0 1 0 0 0]
 [1 0 0 1 1]
 [0 0 0 1 1]
 [0 0 0 0 0]
 [0 1 1 0 0]
 [1 0 0 0 1]
 [0 0 0 1 1]
 [0 1 1 1 1]
 [1 1 1 0 0]
 [0 0 0 0 0]
 [1 0 0 0 0]
 [0 0 0 0 0]
 [0 0 0 0 0]
 [0 1 1 0 0]
 [0 0 0 0 0]
 [1 0 1 0 0]
 [0 1 0 0 0]
 [0 1 1 0 0]
 [0 0 0 1 0]
 [0 1 1 1 0]
 [0 0 0 0 0]
 [0 0 0 0 0]
 [0 1 0 0 0]
 [1 0 0 0 0]
 [0 1 1 0 0]
 [0 0 0 0 1]
 [0 0 0 1 0]
 [0 0 1 1 0]]
Q is identifiable (direct_check).
Q is identifiable
branch at 4
runtime for solving id of Q is 0.0005372418090701103
Simulation results:
{'J': 50, 'K': 5, 'N': 10, 'p': 0.3, 'seed': 57, 'sim': 1, 'runtime': 0.0005372418090701103, 'identifiable': 1, 'branch': 4}
2
Q: [[0 0 1 0 0]
 [0 0 0 0 1]
 [0 0 0 0 0]
 [0 1 0 0 0]
 [1 1 0 1 0]
 [0 0 0 0 1]
 [0 0 0 1 0]
 [1 1 0 0 1]
 [0 0 0 0 1]
 [0 0 0 0 1]
 [0 0 0 0 1]
 [0 0 0 1 1]
 [0 0 1 0 1]
 [1 0 0 1 0]
 [0 0 0 0 1]
 [0 0 0 1 1]
 [0 0 1 0 0]
 [1 0 0 0 1]
 [0 0 1 0 0]
 [0 0 0 0 1]
 [0 0 0 0 0]
 [0 0 0 1 0]
 [0 0 0 0 0]
 [0 1 0 0 0]
 [0 0 0 1 0]
 [0 0 0 0 0]
 [0 0 0 0 1]
 [0 0 1 0 0]
 [0 0 0 1 1]
 [1 0 0 1 1]
 [0 1 0 0 0]
 [0 0 0 0 0]
 [1 0 0 1 0]
 [1 0 1 1 1]
 [0 0 0 1 0]
 [0 0 0 0 1]
 [0 1 0 0 1]
 [1 1 0 1 0]
 [1 0 0 1 0]
 [0 0 0 0 0]
 [1 0 0 0 1]
 [0 1 0 0 1]
 [0 0 0 0 0]
 [0 0 0 0 0]
 [1 0 0 0 0]
 [1 1 0 0 1]
 [0 0 0 0 0]
 [0 0 0 0 0]
 [0 0 0 0 0]
 [0 0 0 0 0]]
Q is identifiable (direct_check).
Q is identifiable
branch at 4
runtime for solving id of Q is 0.0004597986117005348
Simulation results:
{'J': 50, 'K': 5, 'N': 10, 'p': 0.3, 'seed': 57, 'sim': 2, 'runtime': 0.0004597986117005348, 'identifiable': 1, 'branch': 4}
3
Q: [[0 0 0 0 1]
 [0 1 0 0 1]
 [0 0 0 1 0]
 [0 0 0 0 0]
 [0 0 0 1 0]
 [0 1 0 1 0]
 [0 0 1 0 0]
 [0 0 0 0 0]
 [1 1 0 0 0]
 [0 0 0 1 0]
 [0 1 0 0 0]
 [0 0 1 0 0]
 [0 1 0 0 0]
 [0 0 1 1 1]
 [1 0 0 0 0]
 [0 1 0 1 0]
 [0 1 0 0 0]
 [0 1 0 0 0]
 [0 1 0 1 0]
 [1 0 0 0 0]
 [0 0 0 1 0]
 [0 0 0 0 0]
 [0 0 0 0 0]
 [0 0 0 1 0]
 [0 0 0 1 1]
 [1 0 0 0 0]
 [1 0 0 0 0]
 [1 0 0 0 0]
 [0 0 0 1 0]
 [1 1 0 0 0]
 [0 0 1 0 0]
 [0 1 1 1 1]
 [0 0 0 0 1]
 [1 0 1 0 1]
 [0 0 1 0 0]
 [0 1 1 0 0]
 [1 0 1 0 0]
 [0 0 0 0 1]
 [0 1 0 0 0]
 [0 0 0 1 0]
 [0 0 1 0 1]
 [0 0 1 1 0]
 [0 0 0 0 0]
 [0 0 0 0 0]
 [0 0 0 1 0]
 [0 0 1 1 0]
 [0 1 1 1 0]
 [1 0 0 0 0]
 [1 1 0 1 0]
 [1 1 0 0 0]]
Q is identifiable (direct_check).
Q is identifiable
branch at 4
runtime for solving id of Q is 0.000448848120868206
Simulation results:
{'J': 50, 'K': 5, 'N': 10, 'p': 0.3, 'seed': 57, 'sim': 3, 'runtime': 0.000448848120868206, 'identifiable': 1, 'branch': 4}
4
Q: [[1 0 0 0 1]
 [0 1 1 0 0]
 [1 0 0 0 1]
 [0 0 1 1 1]
 [0 0 1 0 0]
 [0 1 0 0 0]
 [0 1 0 0 1]
 [1 0 1 1 1]
 [0 0 0 0 1]
 [0 0 1 1 0]
 [0 1 1 0 0]
 [0 1 1 0 1]
 [0 0 0 0 1]
 [0 1 0 0 0]
 [1 1 0 0 0]
 [0 1 0 0 0]
 [1 0 0 1 1]
 [0 0 1 0 0]
 [0 0 1 0 0]
 [0 0 0 0 0]
 [0 0 0 0 0]
 [0 0 1 0 1]
 [1 1 0 0 0]
 [0 0 0 1 0]
 [0 0 0 1 0]
 [0 0 1 1 0]
 [0 1 1 0 0]
 [0 1 0 1 0]
 [0 1 1 1 0]
 [0 0 0 1 0]
 [0 0 1 1 1]
 [1 1 0 0 0]
 [0 1 0 0 0]
 [0 0 0 1 1]
 [1 0 0 0 1]
 [0 1 0 0 0]
 [0 0 0 1 0]
 [0 1 1 1 0]
 [0 0 1 1 0]
 [1 0 0 0 0]
 [0 0 0 1 0]
 [0 1 1 0 0]
 [0 1 0 1 1]
 [1 0 0 1 0]
 [1 0 1 1 0]
 [0 0 0 0 0]
 [0 0 0 0 0]
 [1 0 1 1 0]
 [0 1 0 0 0]
 [1 0 1 1 0]]
Q is identifiable (direct_check).
Q is identifiable
branch at 4
runtime for solving id of Q is 0.0004722410812973976
Simulation results:
{'J': 50, 'K': 5, 'N': 10, 'p': 0.3, 'seed': 57, 'sim': 4, 'runtime': 0.0004722410812973976, 'identifiable': 1, 'branch': 4}
5
Q: [[0 1 0 0 0]
 [0 0 1 0 1]
 [0 0 0 1 0]
 [1 0 1 0 0]
 [0 0 0 0 0]
 [1 0 0 0 1]
 [1 0 0 1 0]
 [1 0 0 1 0]
 [0 0 0 0 0]
 [1 0 0 0 0]
 [0 0 1 1 0]
 [0 0 0 0 0]
 [0 0 0 0 0]
 [0 0 0 0 1]
 [0 0 0 0 0]
 [0 0 0 1 0]
 [1 0 0 1 0]
 [1 0 1 1 0]
 [1 1 0 0 0]
 [0 0 0 0 0]
 [0 0 1 0 0]
 [0 0 1 1 1]
 [1 0 0 1 1]
 [0 0 0 0 0]
 [1 0 0 0 0]
 [1 0 0 1 0]
 [1 1 0 0 1]
 [0 1 1 0 0]
 [1 1 1 1 1]
 [1 1 0 0 0]
 [0 1 1 0 1]
 [0 1 1 1 1]
 [0 0 0 0 1]
 [0 0 0 0 0]
 [1 0 0 1 0]
 [0 0 0 0 0]
 [1 0 0 0 0]
 [0 0 0 0 0]
 [1 0 0 0 0]
 [0 0 1 0 0]
 [0 1 1 0 0]
 [1 0 0 0 1]
 [1 0 1 1 0]
 [0 0 0 0 0]
 [0 0 1 0 1]
 [0 0 0 0 1]
 [1 1 0 0 1]
 [1 1 0 1 0]
 [0 1 0 1 1]
 [0 0 0 0 0]]
Q is identifiable (direct_check).
Q is identifiable
branch at 4
runtime for solving id of Q is 0.0004626987501978874
Simulation results:
{'J': 50, 'K': 5, 'N': 10, 'p': 0.3, 'seed': 57, 'sim': 5, 'runtime': 0.0004626987501978874, 'identifiable': 1, 'branch': 4}
6
Q: [[0 0 0 0 0]
 [1 0 1 0 1]
 [0 0 0 0 1]
 [0 1 0 0 0]
 [0 1 0 0 1]
 [0 0 0 0 1]
 [0 0 0 1 0]
 [1 0 0 0 0]
 [0 0 0 0 1]
 [1 1 0 0 0]
 [0 0 1 0 1]
 [1 1 0 1 0]
 [0 1 1 0 0]
 [0 1 1 0 0]
 [0 0 1 0 0]
 [1 0 0 0 0]
 [0 0 0 0 0]
 [0 1 0 0 0]
 [0 0 0 1 0]
 [0 1 1 0 1]
 [1 0 0 0 0]
 [1 0 0 0 0]
 [0 1 1 0 0]
 [0 0 0 0 0]
 [1 0 0 0 0]
 [0 0 1 1 0]
 [0 0 0 0 0]
 [0 0 0 0 0]
 [0 1 0 0 0]
 [1 0 1 1 0]
 [0 0 1 1 0]
 [0 0 0 0 1]
 [0 1 0 0 0]
 [0 1 1 0 0]
 [1 0 1 0 0]
 [1 1 0 0 1]
 [1 0 0 1 0]
 [0 0 0 1 0]
 [0 0 0 1 0]
 [0 0 0 0 1]
 [0 1 0 0 0]
 [0 0 0 0 0]
 [0 0 0 0 1]
 [0 0 0 1 0]
 [0 1 0 1 0]
 [1 1 1 0 0]
 [0 0 1 0 0]
 [0 1 1 1 0]
 [0 0 0 1 0]
 [1 0 0 1 1]]
Q is identifiable (direct_check).
Q is identifiable
branch at 4
runtime for solving id of Q is 0.00045098084956407547
Simulation results:
{'J': 50, 'K': 5, 'N': 10, 'p': 0.3, 'seed': 57, 'sim': 6, 'runtime': 0.00045098084956407547, 'identifiable': 1, 'branch': 4}
7
Q: [[0 1 0 0 1]
 [1 1 0 0 1]
 [0 1 1 1 1]
 [0 0 0 0 0]
 [0 1 0 0 0]
 [1 0 1 0 0]
 [1 0 0 0 0]
 [0 0 1 0 0]
 [0 0 1 0 0]
 [0 0 0 0 1]
 [1 0 0 1 1]
 [0 1 0 0 0]
 [0 0 0 0 1]
 [0 0 1 1 0]
 [0 0 0 0 1]
 [1 1 0 0 0]
 [1 0 1 1 1]
 [0 1 0 1 1]
 [0 0 0 0 1]
 [0 0 0 1 0]
 [0 0 0 0 1]
 [1 0 0 0 1]
 [0 0 1 1 1]
 [0 0 0 0 0]
 [0 0 1 0 1]
 [1 0 0 1 0]
 [0 0 0 0 1]
 [1 0 1 1 1]
 [0 0 0 1 0]
 [0 0 1 1 0]
 [0 1 0 0 0]
 [0 1 0 1 1]
 [0 1 0 0 0]
 [1 0 0 0 1]
 [1 0 1 1 1]
 [0 0 1 1 0]
 [0 1 0 0 0]
 [0 0 0 0 1]
 [0 0 1 0 1]
 [0 0 0 0 1]
 [1 0 1 1 0]
 [0 0 0 0 0]
 [1 0 0 0 0]
 [0 0 0 1 0]
 [0 1 0 0 1]
 [1 0 0 1 0]
 [0 0 0 0 1]
 [0 0 0 0 0]
 [1 1 0 0 0]
 [0 1 1 1 0]]
Q is identifiable (direct_check).
Q is identifiable
branch at 4
runtime for solving id of Q is 0.0004465794190764427
Simulation results:
{'J': 50, 'K': 5, 'N': 10, 'p': 0.3, 'seed': 57, 'sim': 7, 'runtime': 0.0004465794190764427, 'identifiable': 1, 'branch': 4}
8
Q: [[0 1 1 0 1]
 [1 0 1 0 1]
 [0 0 1 0 0]
 [0 0 0 0 0]
 [0 0 1 0 1]
 [1 0 1 0 0]
 [0 0 1 0 0]
 [1 0 1 0 1]
 [0 0 0 0 1]
 [1 0 1 0 1]
 [0 0 0 0 0]
 [0 0 1 0 1]
 [1 0 0 0 0]
 [0 1 0 0 0]
 [0 1 1 0 0]
 [1 1 0 1 0]
 [0 1 0 0 1]
 [1 0 0 0 0]
 [0 0 0 0 0]
 [0 0 1 0 0]
 [0 1 0 1 1]
 [0 0 1 0 1]
 [0 0 0 1 0]
 [1 1 0 0 0]
 [0 1 1 0 1]
 [0 0 0 0 0]
 [0 1 1 1 0]
 [0 0 1 0 0]
 [0 1 0 0 1]
 [1 1 0 0 0]
 [1 0 1 0 0]
 [0 0 0 1 1]
 [0 0 0 0 1]
 [0 0 0 1 0]
 [1 0 1 0 0]
 [0 0 0 0 0]
 [0 0 0 1 1]
 [0 1 0 0 1]
 [1 0 0 0 0]
 [0 1 0 1 0]
 [0 0 0 0 0]
 [0 0 1 0 0]
 [0 0 0 1 1]
 [0 1 0 0 1]
 [1 0 0 0 0]
 [0 0 0 0 0]
 [0 0 0 0 0]
 [1 1 0 1 0]
 [0 0 1 0 0]
 [1 1 0 1 0]]
Q is identifiable (direct_check).
Q is identifiable
branch at 4
runtime for solving id of Q is 0.00044994521886110306
Simulation results:
{'J': 50, 'K': 5, 'N': 10, 'p': 0.3, 'seed': 57, 'sim': 8, 'runtime': 0.00044994521886110306, 'identifiable': 1, 'branch': 4}
9
Q: [[0 0 1 1 1]
 [1 0 0 0 1]
 [0 0 0 0 1]
 [0 1 0 0 0]
 [1 0 1 0 1]
 [0 0 0 0 0]
 [0 1 0 0 0]
 [0 0 0 0 1]
 [0 0 0 0 0]
 [0 0 0 0 1]
 [0 0 0 0 1]
 [0 0 1 1 0]
 [0 0 0 1 0]
 [0 0 0 0 0]
 [0 0 0 0 0]
 [0 0 0 1 0]
 [0 0 1 0 0]
 [1 0 1 1 1]
 [0 1 1 0 1]
 [0 1 0 1 0]
 [0 0 0 1 0]
 [0 0 0 0 0]
 [1 0 1 0 0]
 [1 0 1 0 0]
 [1 1 0 1 0]
 [0 0 0 1 0]
 [0 0 0 1 1]
 [1 0 1 0 1]
 [1 0 0 0 0]
 [0 0 0 0 0]
 [0 0 0 1 0]
 [0 0 0 1 1]
 [0 0 0 0 0]
 [0 1 0 0 1]
 [0 0 0 1 0]
 [0 1 0 1 0]
 [0 0 0 1 0]
 [0 0 0 1 0]
 [0 0 0 0 0]
 [1 1 0 0 1]
 [0 0 0 1 1]
 [0 0 0 0 0]
 [0 0 0 0 0]
 [1 1 0 1 1]
 [0 0 0 0 0]
 [0 0 0 0 1]
 [0 0 1 0 0]
 [1 1 1 1 0]
 [1 1 0 0 1]
 [0 1 0 1 1]]
Q is identifiable (direct_check).
Q is identifiable
branch at 4
runtime for solving id of Q is 0.0004578130319714546
Simulation results:
{'J': 50, 'K': 5, 'N': 10, 'p': 0.3, 'seed': 57, 'sim': 9, 'runtime': 0.0004578130319714546, 'identifiable': 1, 'branch': 4}
Simulation results:
[{'J': 50, 'K': 5, 'N': 10, 'p': 0.3, 'seed': 57, 'sim': 0, 'runtime': 0.000574740581214428, 'identifiable': 1, 'branch': 4}, {'J': 50, 'K': 5, 'N': 10, 'p': 0.3, 'seed': 57, 'sim': 1, 'runtime': 0.0005372418090701103, 'identifiable': 1, 'branch': 4}, {'J': 50, 'K': 5, 'N': 10, 'p': 0.3, 'seed': 57, 'sim': 2, 'runtime': 0.0004597986117005348, 'identifiable': 1, 'branch': 4}, {'J': 50, 'K': 5, 'N': 10, 'p': 0.3, 'seed': 57, 'sim': 3, 'runtime': 0.000448848120868206, 'identifiable': 1, 'branch': 4}, {'J': 50, 'K': 5, 'N': 10, 'p': 0.3, 'seed': 57, 'sim': 4, 'runtime': 0.0004722410812973976, 'identifiable': 1, 'branch': 4}, {'J': 50, 'K': 5, 'N': 10, 'p': 0.3, 'seed': 57, 'sim': 5, 'runtime': 0.0004626987501978874, 'identifiable': 1, 'branch': 4}, {'J': 50, 'K': 5, 'N': 10, 'p': 0.3, 'seed': 57, 'sim': 6, 'runtime': 0.00045098084956407547, 'identifiable': 1, 'branch': 4}, {'J': 50, 'K': 5, 'N': 10, 'p': 0.3, 'seed': 57, 'sim': 7, 'runtime': 0.0004465794190764427, 'identifiable': 1, 'branch': 4}, {'J': 50, 'K': 5, 'N': 10, 'p': 0.3, 'seed': 57, 'sim': 8, 'runtime': 0.00044994521886110306, 'identifiable': 1, 'branch': 4}, {'J': 50, 'K': 5, 'N': 10, 'p': 0.3, 'seed': 57, 'sim': 9, 'runtime': 0.0004578130319714546, 'identifiable': 1, 'branch': 4}]
