
The Gurobi software has a limited number of licenses. To request a license or
licenses, add this line

    #SBATCH --licenses=gurobi@slurmdb:1

to your SBATCH script, replacing N with the number of licenses you need. Gurobi
will need one license per process.


0
Q: [[1 1 1 0 1 1 1 1 1 1]
 [1 0 1 0 1 1 1 1 1 1]
 [0 1 1 1 1 1 1 1 1 1]
 [1 1 1 0 1 1 1 1 1 0]
 [1 1 0 1 0 1 0 1 1 1]
 [1 1 1 0 1 0 1 0 1 0]
 [1 1 1 0 1 0 1 0 1 0]
 [1 0 1 1 1 0 1 1 0 1]
 [1 1 1 1 1 0 1 0 0 1]
 [1 1 1 0 0 1 0 1 0 1]
 [1 1 0 1 1 0 0 1 0 1]
 [0 1 0 1 0 1 1 1 1 1]
 [1 0 1 1 1 1 1 1 1 1]
 [0 0 1 0 1 1 1 0 0 0]
 [0 1 1 1 1 1 1 1 1 0]
 [1 1 0 1 1 0 0 1 0 1]
 [1 0 1 1 1 0 1 1 1 1]
 [1 1 1 1 0 1 0 0 1 1]
 [1 1 1 1 0 1 1 1 1 1]
 [1 0 1 1 0 1 1 0 1 1]
 [1 0 1 1 1 0 1 0 1 1]
 [0 0 1 1 1 1 0 1 0 1]
 [1 1 1 1 0 1 0 0 0 1]
 [1 1 1 0 1 1 1 1 1 1]
 [1 1 1 0 1 1 1 1 1 1]
 [1 0 1 0 0 1 1 0 0 1]
 [0 1 0 1 0 0 1 1 1 1]
 [0 1 1 0 1 1 0 1 1 1]
 [1 0 1 0 1 1 0 1 0 1]
 [1 1 1 0 0 1 1 1 1 1]
 [1 1 1 1 0 0 1 1 1 1]
 [1 1 1 1 1 1 1 0 0 1]
 [0 1 1 1 1 1 1 0 1 0]
 [1 1 1 0 1 1 0 1 0 1]
 [1 1 0 1 1 1 1 1 1 1]
 [1 0 0 1 1 0 0 1 0 0]
 [0 0 1 1 0 0 1 0 0 0]
 [1 0 1 0 1 1 0 0 1 1]
 [1 1 1 1 1 1 1 0 1 1]
 [1 1 1 1 0 0 1 1 1 1]
 [1 1 1 1 0 1 0 1 1 0]
 [1 1 1 1 0 1 1 0 1 0]
 [1 1 1 1 1 1 1 0 0 1]
 [1 0 1 0 1 1 0 0 1 1]
 [1 1 1 1 1 0 1 1 1 1]
 [1 0 0 1 1 1 1 1 1 0]
 [1 0 1 0 0 0 0 1 1 1]
 [0 1 1 1 1 1 0 0 1 1]
 [0 0 1 1 1 1 1 1 1 1]
 [0 1 0 0 1 1 0 0 1 1]
 [1 1 1 1 1 0 1 1 1 0]
 [1 1 1 0 0 1 0 1 1 0]
 [1 1 0 1 0 0 1 1 0 1]
 [0 1 1 1 1 1 1 1 1 0]
 [1 0 0 1 1 0 1 0 1 1]
 [1 1 0 1 1 1 0 1 1 1]
 [1 0 1 0 1 1 1 1 1 1]
 [1 0 0 1 1 1 0 1 0 1]
 [0 0 1 1 1 1 1 1 1 0]
 [1 1 1 1 1 1 1 0 0 0]
 [1 0 1 1 1 1 1 0 1 1]
 [0 1 1 1 1 1 1 1 1 1]
 [1 1 0 1 1 1 1 1 1 1]
 [1 1 1 1 1 1 0 0 0 0]
 [1 0 1 1 0 0 0 0 0 1]
 [1 1 1 1 1 1 1 0 1 1]
 [1 0 1 1 1 1 1 0 1 1]
 [0 1 0 1 1 0 1 1 0 1]
 [1 0 1 1 1 0 1 0 1 1]
 [0 0 1 0 1 0 1 1 1 0]
 [1 1 1 0 1 0 0 1 1 0]
 [0 1 1 0 1 1 0 1 0 0]
 [0 0 1 1 0 1 1 0 1 0]
 [1 0 0 1 1 1 1 1 0 1]
 [1 0 1 1 1 0 1 0 1 1]
 [1 0 1 0 1 0 0 1 1 1]
 [1 0 0 1 0 1 0 1 1 1]
 [1 1 0 1 1 0 1 1 1 0]
 [1 1 0 1 0 1 0 1 1 1]
 [1 1 1 1 0 1 1 1 1 1]
 [1 0 1 0 0 1 1 0 1 1]
 [0 1 0 1 1 1 1 1 0 1]
 [1 1 1 1 0 1 1 1 1 1]
 [0 1 1 1 0 0 0 1 1 1]
 [1 1 0 0 1 1 0 1 0 0]
 [1 1 1 0 1 0 1 0 1 1]
 [1 0 1 1 1 0 1 1 0 1]
 [1 1 1 1 1 1 1 1 1 1]
 [1 1 1 1 1 0 1 1 0 1]
 [1 0 1 1 1 0 1 1 1 1]
 [1 1 1 0 1 1 0 1 1 1]
 [1 1 1 1 1 1 1 1 1 1]
 [0 0 1 0 0 0 1 0 1 0]
 [1 0 1 1 1 1 1 1 0 1]
 [0 1 1 1 1 1 1 1 0 1]
 [0 1 1 1 1 1 1 0 1 0]
 [0 1 0 0 1 0 1 1 1 1]
 [1 1 1 1 1 1 1 0 0 1]
 [1 0 0 0 1 1 1 1 1 1]
 [1 1 1 0 0 0 0 1 0 1]]
{'restarts': 6, 'conflicts': 1222, 'decisions': 3020, 'propagations': 1045190}
Q is identifiable
branch at 6
runtime for solving id of Q is 0.34121542423963547
Simulation results:
{'J': 100, 'K': 10, 'N': 10, 'p': 0.7, 'seed': 785, 'sim': 0, 'runtime': 0.34121542423963547, 'identifiable': 1, 'branch': 6}
1
Q: [[1 1 0 0 1 1 1 1 1 1]
 [1 1 1 0 1 1 1 1 0 1]
 [0 1 0 0 1 1 1 1 0 1]
 [1 0 1 0 0 0 0 1 0 1]
 [0 1 1 0 1 1 1 0 1 0]
 [1 1 1 1 1 1 0 0 1 1]
 [1 0 1 1 1 0 0 0 1 1]
 [1 0 1 0 0 1 1 0 0 0]
 [1 1 0 1 0 1 1 0 1 1]
 [1 1 1 1 0 0 1 1 0 0]
 [1 1 1 0 0 1 0 1 0 1]
 [1 0 1 1 1 0 1 1 1 1]
 [0 1 1 0 1 1 1 1 1 1]
 [0 1 0 0 1 1 1 1 1 0]
 [0 1 0 1 0 1 1 1 0 1]
 [0 1 1 1 1 1 1 1 0 1]
 [1 0 1 1 1 1 1 0 0 0]
 [0 0 0 0 1 1 1 1 1 1]
 [1 1 1 1 1 1 1 1 1 1]
 [1 0 0 1 1 1 0 1 1 1]
 [0 0 1 1 0 1 0 1 0 0]
 [1 0 1 1 1 0 1 0 1 0]
 [1 1 0 1 0 1 1 1 0 1]
 [1 0 1 1 0 1 1 0 0 0]
 [1 1 1 1 0 1 0 1 1 0]
 [1 1 1 1 0 1 1 1 1 1]
 [1 1 1 1 0 1 1 0 1 0]
 [1 1 1 1 1 1 1 1 0 1]
 [1 1 1 1 1 0 1 0 1 1]
 [0 0 1 1 1 1 1 1 1 1]
 [1 1 1 1 1 1 0 1 1 1]
 [1 1 1 1 0 1 1 1 1 1]
 [1 1 1 1 1 1 1 1 0 0]
 [1 1 1 1 1 1 1 1 0 1]
 [1 1 1 1 1 1 1 1 1 1]
 [1 0 0 0 1 0 1 1 1 0]
 [1 1 1 1 0 1 1 1 0 1]
 [1 1 1 0 1 1 1 1 1 1]
 [1 0 1 0 1 0 1 0 1 1]
 [1 1 0 0 1 1 1 0 1 1]
 [1 1 1 1 0 1 1 1 1 1]
 [1 0 0 1 0 1 1 1 1 1]
 [1 1 1 0 0 1 1 0 1 0]
 [1 1 0 1 1 0 1 1 1 0]
 [1 1 1 1 0 1 1 0 1 1]
 [1 1 1 0 1 0 1 0 1 1]
 [0 0 1 0 1 1 0 1 1 1]
 [1 1 0 1 0 1 0 1 1 1]
 [1 0 1 0 0 1 1 1 1 1]
 [1 0 1 1 1 1 1 0 1 1]
 [0 1 1 0 0 1 0 1 1 1]
 [1 0 0 0 1 1 1 1 1 1]
 [0 1 0 1 1 1 0 1 1 1]
 [1 0 1 0 1 0 1 1 1 0]
 [1 1 1 1 1 0 1 1 1 1]
 [0 1 1 1 1 0 1 0 1 1]
 [0 1 1 1 1 1 0 1 1 0]
 [1 1 1 0 0 1 1 1 1 1]
 [1 1 1 0 1 1 1 0 0 1]
 [0 1 1 0 1 1 1 1 0 0]
 [1 1 1 1 0 1 1 1 1 0]
 [0 1 1 1 1 1 1 1 0 1]
 [1 0 1 1 1 1 0 0 0 1]
 [0 1 1 0 1 1 0 0 1 1]
 [1 1 1 1 1 0 1 1 1 0]
 [0 1 0 1 1 1 1 1 0 0]
 [1 1 1 1 1 1 1 1 1 1]
 [1 0 0 0 1 1 0 1 1 1]
 [1 1 0 1 1 1 1 0 1 1]
 [1 1 1 1 0 1 1 1 1 1]
 [1 0 1 1 0 1 1 1 0 1]
 [1 0 1 1 1 1 1 0 1 1]
 [1 1 0 0 0 1 1 1 1 0]
 [0 1 1 1 0 0 0 1 1 1]
 [1 0 0 1 1 1 1 0 1 1]
 [1 0 1 1 0 1 1 0 0 1]
 [0 0 0 0 1 1 1 0 1 1]
 [1 1 0 0 0 1 1 1 1 1]
 [0 1 1 1 0 1 0 1 0 1]
 [0 0 0 0 1 1 1 1 1 1]
 [1 1 0 1 1 1 1 1 1 0]
 [1 1 1 0 1 0 1 1 1 1]
 [0 1 1 1 0 1 0 1 0 0]
 [1 0 1 1 1 1 1 1 1 1]
 [0 1 1 0 1 1 1 1 1 0]
 [1 1 1 0 1 1 1 1 1 0]
 [1 1 0 1 0 1 0 1 1 1]
 [0 0 1 0 0 1 0 1 1 0]
 [1 1 1 0 0 0 1 1 1 1]
 [0 1 0 1 1 1 0 1 0 1]
 [1 1 1 1 0 0 1 1 1 0]
 [0 0 0 1 1 1 1 0 1 0]
 [1 1 1 1 1 1 0 0 1 1]
 [1 1 1 1 0 0 1 1 0 1]
 [0 1 1 1 1 0 1 1 1 1]
 [1 1 1 1 0 0 1 0 1 1]
 [1 0 0 1 1 1 1 1 1 1]
 [1 0 1 1 1 0 1 1 1 0]
 [0 1 0 1 1 1 0 1 0 0]
 [1 1 0 1 0 1 1 1 1 1]]
{'restarts': 60, 'conflicts': 12364, 'decisions': 22057, 'propagations': 13329861}
Q is identifiable
branch at 6
runtime for solving id of Q is 1.7936895340681076
Simulation results:
{'J': 100, 'K': 10, 'N': 10, 'p': 0.7, 'seed': 785, 'sim': 1, 'runtime': 1.7936895340681076, 'identifiable': 1, 'branch': 6}
2
Q: [[1 1 1 1 1 1 1 1 1 1]
 [1 1 0 1 1 1 1 1 0 1]
 [0 0 1 1 1 0 1 0 1 0]
 [0 1 1 1 1 1 1 1 0 0]
 [1 1 0 1 0 1 1 1 1 1]
 [1 1 1 1 1 1 1 1 1 1]
 [1 1 0 0 1 0 1 1 1 0]
 [1 1 1 1 0 1 1 0 0 0]
 [0 1 1 0 1 1 1 1 1 1]
 [1 1 1 1 1 1 1 1 1 1]
 [0 1 1 0 1 1 1 1 1 1]
 [1 1 1 1 1 0 1 1 1 0]
 [1 0 0 1 1 1 1 1 1 0]
 [1 1 0 0 1 1 0 1 1 1]
 [0 1 1 1 1 1 1 1 1 0]
 [1 1 1 1 0 1 1 0 0 1]
 [1 1 1 0 1 1 0 1 1 1]
 [1 1 1 1 1 1 0 1 0 0]
 [1 0 1 1 1 0 0 1 0 1]
 [1 1 0 0 0 1 1 1 1 1]
 [1 0 0 1 1 1 0 1 1 1]
 [1 1 1 1 0 0 1 0 1 1]
 [1 0 1 0 1 1 1 0 0 1]
 [1 1 1 1 1 0 1 1 0 0]
 [0 1 1 1 1 0 1 1 1 1]
 [1 0 1 1 1 1 0 0 0 0]
 [1 1 1 1 0 1 1 0 0 1]
 [1 0 0 1 1 1 1 1 0 1]
 [0 1 1 1 0 0 1 1 1 1]
 [0 1 1 1 1 1 1 1 1 1]
 [1 1 1 0 0 1 1 1 0 1]
 [1 1 0 0 1 0 1 0 1 1]
 [1 1 1 1 1 1 0 0 0 1]
 [0 0 1 0 1 1 0 0 1 0]
 [0 0 1 1 1 0 1 0 1 1]
 [1 1 0 1 1 0 1 1 1 1]
 [1 0 1 1 1 1 0 1 0 1]
 [1 1 1 1 0 1 1 1 0 1]
 [0 1 1 0 1 0 1 0 1 1]
 [0 0 1 1 0 0 1 1 1 0]
 [1 1 1 1 1 1 0 0 1 1]
 [0 1 0 1 1 1 1 1 0 0]
 [1 0 1 0 1 1 1 1 0 1]
 [0 1 1 0 1 1 1 0 1 0]
 [1 1 0 1 1 1 0 1 0 1]
 [1 1 1 1 1 1 1 1 1 0]
 [0 1 0 1 1 1 1 0 1 0]
 [1 1 0 1 1 0 1 0 1 0]
 [1 1 1 0 0 1 1 1 1 0]
 [1 1 1 1 1 1 0 1 0 1]
 [0 1 1 0 1 1 1 1 1 0]
 [1 1 1 1 1 1 1 1 1 1]
 [1 1 1 1 1 1 1 0 1 1]
 [1 1 1 1 1 1 1 1 1 0]
 [1 1 1 1 1 1 1 0 1 0]
 [1 1 0 1 0 1 1 1 1 1]
 [1 1 0 1 0 1 0 0 1 0]
 [1 1 1 1 0 1 0 1 1 1]
 [1 1 1 1 0 1 1 1 1 1]
 [1 1 0 0 1 0 0 0 0 0]
 [1 1 1 1 1 0 1 0 1 1]
 [0 0 1 0 0 1 1 0 0 0]
 [1 1 1 0 1 1 1 0 0 1]
 [1 1 1 1 0 1 1 0 1 1]
 [1 0 0 1 1 0 1 0 1 0]
 [1 1 0 1 0 1 1 1 1 0]
 [1 0 1 1 1 0 1 1 1 0]
 [0 1 0 1 1 0 0 0 0 1]
 [1 0 1 0 1 1 1 1 1 1]
 [0 1 1 1 1 1 1 0 0 1]
 [0 1 1 1 1 1 0 1 1 1]
 [0 1 0 1 1 1 1 1 0 1]
 [1 1 1 1 0 1 1 1 0 0]
 [1 1 1 1 0 1 1 1 0 1]
 [1 1 0 1 1 1 0 1 1 1]
 [0 0 0 1 0 1 0 0 0 0]
 [1 1 1 1 1 1 1 0 1 1]
 [0 1 1 0 1 1 1 1 1 0]
 [1 0 1 1 1 1 1 0 1 1]
 [1 1 1 1 1 1 1 0 1 0]
 [1 0 1 1 1 0 1 0 0 0]
 [0 1 1 1 0 1 1 1 1 1]
 [0 0 1 1 1 1 0 0 1 1]
 [1 1 0 1 1 1 0 0 1 1]
 [1 0 1 0 0 0 0 0 1 0]
 [1 1 1 1 1 1 0 1 1 0]
 [1 1 1 1 1 1 1 1 1 1]
 [0 0 1 0 0 1 0 1 1 1]
 [0 1 1 0 1 1 1 1 1 0]
 [1 1 1 1 1 1 0 1 1 1]
 [1 0 0 1 0 1 0 1 1 0]
 [0 1 0 1 1 1 0 1 1 0]
 [0 1 1 1 1 1 1 1 0 1]
 [1 1 1 1 1 0 1 1 1 1]
 [1 1 1 1 1 1 0 1 0 1]
 [1 1 1 0 1 0 1 1 0 1]
 [1 1 1 1 1 1 1 1 1 0]
 [1 1 1 1 1 1 1 1 1 1]
 [0 1 1 1 1 0 0 1 1 0]
 [0 0 1 1 1 1 1 0 1 1]]
{'restarts': 5, 'conflicts': 924, 'decisions': 2316, 'propagations': 665976}
Q is identifiable
branch at 6
runtime for solving id of Q is 0.28020798321813345
Simulation results:
{'J': 100, 'K': 10, 'N': 10, 'p': 0.7, 'seed': 785, 'sim': 2, 'runtime': 0.28020798321813345, 'identifiable': 1, 'branch': 6}
3
Q: [[1 0 1 1 1 1 0 1 0 0]
 [0 1 0 1 0 1 1 1 0 1]
 [1 1 1 0 1 0 1 1 0 0]
 [0 1 1 1 1 0 1 0 1 0]
 [0 0 0 1 1 1 1 1 1 1]
 [1 1 1 1 1 1 1 1 1 0]
 [1 1 0 0 0 0 1 1 0 1]
 [1 1 1 1 1 0 1 1 1 1]
 [0 1 1 1 1 1 1 0 1 0]
 [1 0 0 1 1 1 1 1 0 0]
 [1 1 0 1 1 1 0 0 1 1]
 [1 1 0 0 0 1 0 1 1 1]
 [1 0 1 0 0 0 0 1 1 0]
 [1 1 0 1 1 1 1 1 1 1]
 [1 1 0 1 1 1 1 1 1 0]
 [1 0 1 1 1 1 0 1 0 1]
 [1 0 1 1 1 1 1 1 1 1]
 [0 1 0 1 1 1 1 0 0 1]
 [1 1 0 1 1 1 0 1 0 0]
 [1 1 0 1 0 1 1 0 1 1]
 [1 1 1 1 1 1 1 0 1 0]
 [1 0 1 1 1 1 1 0 1 0]
 [1 0 1 1 1 1 1 1 0 0]
 [1 1 1 1 1 1 0 1 1 0]
 [0 1 1 0 1 0 1 1 1 1]
 [1 1 1 1 1 1 0 1 1 1]
 [1 1 1 0 1 1 1 1 1 1]
 [1 0 1 0 1 1 0 1 1 0]
 [1 1 0 1 1 1 1 1 1 1]
 [1 0 1 1 1 1 0 1 1 0]
 [1 0 1 1 1 1 1 1 1 1]
 [1 0 1 1 1 1 1 1 1 0]
 [1 1 1 0 0 0 0 1 1 0]
 [1 0 1 0 0 1 1 1 1 1]
 [1 1 1 1 1 1 1 1 1 1]
 [1 0 1 1 1 1 0 0 0 1]
 [1 1 0 1 1 1 1 1 0 1]
 [1 1 1 1 1 1 1 1 1 0]
 [1 1 1 1 0 1 1 0 1 1]
 [0 1 1 0 1 1 1 1 0 0]
 [1 1 1 1 1 1 1 0 0 0]
 [1 1 1 1 1 1 1 1 1 1]
 [1 1 0 1 0 0 1 1 0 1]
 [1 1 1 1 1 0 1 1 1 0]
 [1 1 1 0 1 1 0 1 1 1]
 [1 0 0 1 1 0 1 1 0 1]
 [1 0 1 0 1 1 1 0 1 0]
 [1 0 1 1 1 0 1 1 1 0]
 [0 1 1 1 1 1 1 0 1 0]
 [0 1 0 0 1 1 1 1 1 1]
 [1 1 1 1 0 1 1 1 1 1]
 [0 1 1 0 1 1 0 1 1 1]
 [1 1 0 1 1 1 0 1 1 1]
 [0 1 0 0 1 1 1 1 1 1]
 [1 1 0 1 1 1 1 0 0 1]
 [0 0 0 1 1 1 1 1 0 0]
 [1 1 1 1 1 0 1 1 1 1]
 [1 1 1 1 1 1 1 1 0 1]
 [0 0 1 0 1 0 1 1 1 0]
 [0 1 0 1 1 1 1 0 1 0]
 [0 0 0 1 1 1 0 1 1 1]
 [1 1 0 1 1 1 1 1 1 1]
 [1 0 1 1 1 0 1 1 0 1]
 [0 1 1 1 1 0 0 1 0 1]
 [1 1 1 1 1 0 1 1 1 1]
 [1 1 1 0 0 1 1 1 1 1]
 [1 1 0 1 1 1 1 0 1 1]
 [1 1 1 0 0 0 0 1 0 1]
 [0 0 1 1 1 1 1 1 1 1]
 [0 1 1 1 1 1 1 1 1 1]
 [0 0 0 1 0 1 1 1 0 1]
 [0 1 0 1 0 0 0 0 0 1]
 [1 0 1 1 0 1 1 1 1 1]
 [0 1 0 1 0 1 1 1 1 1]
 [1 0 1 1 0 1 1 1 1 1]
 [1 1 1 1 0 0 1 0 0 1]
 [0 0 1 1 1 1 1 1 1 1]
 [1 1 1 1 0 1 0 1 0 0]
 [0 1 1 1 1 0 1 1 0 0]
 [0 1 0 1 1 1 0 1 1 0]
 [1 0 1 1 1 1 1 1 1 0]
 [0 0 1 0 1 1 0 0 1 0]
 [0 1 1 1 0 0 1 1 1 0]
 [1 1 1 1 1 1 1 1 0 1]
 [1 1 1 1 1 1 0 0 1 1]
 [1 1 1 1 1 1 0 0 1 1]
 [1 1 1 1 1 0 1 0 1 1]
 [1 1 0 1 0 1 0 0 0 1]
 [1 1 1 0 1 1 0 1 1 1]
 [1 0 0 1 1 1 1 1 0 0]
 [1 1 0 1 1 0 1 1 1 1]
 [1 1 1 1 1 1 1 1 1 1]
 [1 1 1 1 0 1 1 1 0 1]
 [1 1 1 0 1 1 0 1 1 1]
 [1 1 0 0 1 1 1 1 1 1]
 [1 0 1 1 1 1 0 1 1 1]
 [1 0 1 1 1 1 0 0 1 0]
 [0 1 1 0 1 1 0 1 1 0]
 [1 0 1 0 1 1 1 0 1 0]
 [1 1 1 1 1 0 1 1 1 1]]
{'restarts': 28, 'conflicts': 11571, 'decisions': 19914, 'propagations': 9366973}
Q is identifiable
branch at 6
runtime for solving id of Q is 1.3540364978834987
Simulation results:
{'J': 100, 'K': 10, 'N': 10, 'p': 0.7, 'seed': 785, 'sim': 3, 'runtime': 1.3540364978834987, 'identifiable': 1, 'branch': 6}
4
Q: [[1 1 1 1 1 0 0 1 1 1]
 [0 1 1 0 1 1 1 1 0 0]
 [1 1 1 1 1 0 1 1 1 0]
 [1 0 1 1 1 1 1 1 1 1]
 [0 1 1 0 0 0 0 0 1 1]
 [1 0 1 1 1 1 0 0 1 1]
 [1 1 1 1 1 1 0 0 1 0]
 [1 0 1 0 1 1 1 1 1 0]
 [1 1 1 1 1 1 1 0 1 1]
 [1 0 1 1 1 1 0 0 1 1]
 [1 1 1 1 1 1 0 0 1 0]
 [1 1 1 0 1 0 1 1 1 1]
 [1 0 1 0 0 0 1 1 1 1]
 [1 0 1 1 1 0 0 1 0 0]
 [1 1 1 1 0 1 0 1 1 0]
 [1 1 1 0 1 1 1 1 0 1]
 [1 1 0 1 0 1 1 0 1 1]
 [1 1 1 1 1 1 1 0 0 1]
 [1 0 1 1 1 1 1 1 1 1]
 [1 1 0 0 1 1 1 1 0 0]
 [1 1 1 1 0 0 1 1 1 0]
 [0 1 1 0 0 1 0 1 1 0]
 [1 1 0 1 1 1 1 0 0 1]
 [1 0 1 1 1 1 1 1 1 1]
 [0 1 1 1 0 1 1 1 0 1]
 [1 0 1 1 1 1 1 1 1 0]
 [1 0 1 1 1 1 0 0 1 1]
 [1 0 0 1 1 1 1 0 0 0]
 [1 0 0 0 1 1 0 1 0 0]
 [1 1 0 0 1 0 1 1 1 1]
 [1 1 1 1 0 1 0 0 1 1]
 [1 1 1 0 0 0 1 1 1 1]
 [0 1 1 1 1 1 0 1 1 1]
 [1 1 1 0 0 1 1 1 1 1]
 [1 0 1 1 1 1 1 1 1 0]
 [1 0 1 1 0 0 1 1 1 1]
 [1 1 1 1 0 1 1 1 1 1]
 [0 1 1 1 1 1 0 1 0 1]
 [1 1 1 1 0 1 1 1 1 1]
 [1 0 0 1 1 1 0 1 1 1]
 [1 1 0 0 1 1 1 1 0 1]
 [1 1 1 1 0 1 1 1 1 1]
 [1 0 0 1 1 1 1 1 0 0]
 [1 1 0 1 1 1 0 1 1 1]
 [0 0 1 1 1 0 0 1 0 1]
 [0 0 1 1 1 0 1 0 1 1]
 [1 1 1 1 1 1 1 0 1 1]
 [0 1 1 1 1 0 1 1 1 1]
 [1 1 1 1 1 1 1 1 1 1]
 [1 1 1 1 1 0 0 0 1 1]
 [1 1 0 1 0 1 0 1 1 0]
 [1 1 1 1 0 1 1 1 1 0]
 [1 1 1 1 1 1 1 1 1 1]
 [0 0 1 0 1 1 1 1 1 0]
 [0 0 1 0 0 1 0 1 1 0]
 [1 0 1 0 1 1 1 1 1 0]
 [1 1 1 1 1 1 0 1 1 1]
 [1 1 1 1 1 0 1 1 1 1]
 [0 1 1 1 0 0 1 0 1 1]
 [0 0 1 0 0 1 0 1 1 0]
 [1 1 0 1 0 1 1 0 1 1]
 [0 1 0 1 1 1 0 0 0 1]
 [1 0 1 0 1 1 1 1 1 1]
 [1 0 1 1 1 0 1 1 1 0]
 [1 1 0 1 1 1 1 1 1 1]
 [1 1 0 1 1 1 1 0 0 1]
 [1 0 1 0 0 1 1 0 0 0]
 [0 1 1 1 1 1 1 1 0 0]
 [1 0 0 1 1 0 0 1 1 1]
 [1 1 1 0 1 1 1 1 0 1]
 [1 0 0 1 1 1 1 1 1 1]
 [1 1 1 1 0 1 1 1 1 1]
 [0 1 0 0 1 0 1 0 0 0]
 [1 1 1 1 1 1 0 1 0 1]
 [1 0 1 0 1 1 1 1 1 1]
 [1 1 1 0 1 1 0 1 1 1]
 [0 1 1 1 1 1 1 1 1 1]
 [1 1 0 0 1 1 1 0 1 0]
 [1 1 1 1 1 0 1 1 1 1]
 [1 0 1 1 1 1 1 0 1 0]
 [1 1 1 1 0 1 0 1 1 0]
 [1 1 1 0 0 0 0 0 1 1]
 [1 0 1 1 1 0 1 1 1 1]
 [1 1 1 1 1 1 1 1 1 0]
 [1 0 1 1 1 0 1 1 1 1]
 [1 1 1 1 1 1 0 1 1 0]
 [1 1 1 1 0 0 1 1 1 1]
 [1 1 0 1 1 0 1 0 1 1]
 [1 1 1 0 1 0 1 0 0 0]
 [1 1 0 0 1 1 0 1 1 1]
 [1 1 1 1 1 1 1 0 1 1]
 [1 1 1 1 0 1 0 1 0 0]
 [1 1 1 1 0 1 1 0 1 0]
 [1 1 1 1 0 1 1 1 1 0]
 [0 1 1 1 0 1 1 0 1 1]
 [0 0 1 0 1 1 1 1 0 0]
 [1 1 1 1 1 1 1 1 1 1]
 [1 1 0 1 1 1 0 0 0 0]
 [0 0 1 1 1 0 1 0 1 0]
 [0 1 0 1 1 1 1 1 0 1]]
{'restarts': 5, 'conflicts': 2568, 'decisions': 5519, 'propagations': 1914848}
Q is identifiable
branch at 6
runtime for solving id of Q is 0.37915564700961113
Simulation results:
{'J': 100, 'K': 10, 'N': 10, 'p': 0.7, 'seed': 785, 'sim': 4, 'runtime': 0.37915564700961113, 'identifiable': 1, 'branch': 6}
5
Q: [[0 1 1 0 1 1 1 1 1 1]
 [1 1 1 1 0 1 0 1 0 0]
 [1 0 0 1 1 1 1 1 0 0]
 [1 0 1 0 1 0 1 1 0 1]
 [1 1 1 0 1 1 0 1 1 1]
 [0 0 1 1 1 1 1 1 0 1]
 [0 1 1 1 0 1 1 1 0 0]
 [0 1 0 1 1 1 1 1 0 1]
 [1 1 1 1 1 1 1 1 1 1]
 [1 0 1 0 0 1 1 1 1 1]
 [1 1 1 1 0 1 0 0 1 1]
 [1 0 1 1 1 1 1 0 1 1]
 [1 1 1 0 1 1 0 1 0 1]
 [1 0 0 1 0 1 1 1 1 1]
 [1 1 1 0 1 1 1 1 0 1]
 [1 1 0 0 1 1 1 0 0 1]
 [1 1 0 0 0 0 0 1 1 0]
 [1 1 1 1 1 0 0 0 0 1]
 [0 0 0 0 1 0 1 0 0 1]
 [1 1 1 1 1 1 1 0 0 1]
 [1 0 1 1 1 1 1 1 0 1]
 [1 0 1 1 1 1 1 1 1 0]
 [1 1 1 1 1 0 1 0 1 0]
 [0 1 0 0 1 1 0 1 0 1]
 [1 1 0 1 0 1 0 1 0 1]
 [0 1 1 0 0 1 0 0 0 0]
 [0 1 0 1 1 0 1 1 0 1]
 [0 1 1 0 1 1 0 1 1 0]
 [1 1 1 0 1 1 1 1 0 1]
 [1 1 1 1 1 1 0 1 1 1]
 [1 0 1 1 0 0 0 1 1 1]
 [0 0 1 1 0 1 1 1 1 0]
 [1 1 0 0 1 1 1 1 1 1]
 [1 0 1 1 1 1 0 0 1 0]
 [0 1 1 1 0 1 0 1 1 0]
 [1 1 1 1 1 1 1 1 1 0]
 [1 1 1 1 1 1 0 0 1 1]
 [1 1 1 1 0 0 1 1 1 1]
 [1 1 1 1 1 1 0 0 1 1]
 [1 0 1 1 1 1 1 1 0 1]
 [1 0 1 1 0 1 1 1 1 1]
 [0 0 0 0 1 1 1 1 0 1]
 [1 1 1 1 0 1 0 0 0 0]
 [0 1 1 1 1 1 0 1 0 1]
 [1 1 1 1 1 1 1 1 0 1]
 [1 1 1 1 0 1 1 0 1 0]
 [0 1 1 1 1 1 1 0 1 1]
 [0 1 0 1 1 1 1 1 1 1]
 [1 1 0 1 1 1 1 1 1 1]
 [1 1 1 1 1 0 0 1 0 0]
 [0 0 1 0 0 1 1 1 1 1]
 [0 0 1 1 1 1 1 1 1 0]
 [1 0 1 0 1 1 1 1 1 1]
 [0 1 0 1 1 1 1 1 1 1]
 [1 1 0 1 0 1 1 1 1 1]
 [1 1 0 1 0 0 1 1 1 1]
 [1 1 0 0 1 1 1 1 1 0]
 [1 1 1 1 1 0 1 1 1 1]
 [1 0 1 1 1 1 0 1 0 0]
 [1 1 1 0 1 0 1 1 0 1]
 [1 1 1 1 1 0 0 1 1 1]
 [0 0 1 1 1 0 0 0 1 0]
 [1 1 1 1 1 1 1 1 1 1]
 [1 0 1 0 1 1 0 1 0 0]
 [0 1 1 1 1 0 1 0 1 1]
 [1 1 1 1 1 1 1 1 0 1]
 [1 0 1 0 1 0 1 1 1 1]
 [0 0 1 0 1 1 1 0 1 1]
 [0 1 0 0 1 0 1 1 0 1]
 [1 1 1 1 1 0 1 1 0 1]
 [1 1 0 1 1 1 1 1 0 1]
 [1 1 1 0 1 0 0 0 1 1]
 [1 0 1 0 1 1 0 0 1 0]
 [1 0 0 0 1 1 1 1 0 1]
 [1 0 1 1 1 1 1 0 1 1]
 [1 1 1 0 1 1 1 0 1 1]
 [1 1 1 1 1 1 1 1 0 1]
 [0 1 1 1 0 1 1 1 1 1]
 [1 0 1 1 0 0 1 1 1 0]
 [1 1 1 0 1 1 0 1 1 0]
 [1 1 1 0 0 1 1 1 0 1]
 [1 1 1 1 1 1 0 1 0 1]
 [1 0 1 0 1 1 1 1 1 1]
 [1 1 0 1 1 0 1 1 1 1]
 [0 1 1 0 1 1 1 0 0 0]
 [1 0 0 1 1 1 1 1 1 1]
 [1 1 1 0 0 1 0 1 0 1]
 [1 0 1 1 0 1 1 1 1 1]
 [0 1 1 0 1 1 1 1 0 1]
 [1 1 1 0 0 1 1 0 1 1]
 [1 1 1 1 0 1 0 1 0 1]
 [1 0 1 0 1 0 0 1 1 1]
 [1 1 1 1 0 0 0 1 0 0]
 [1 1 1 1 1 1 1 1 1 1]
 [1 1 1 1 1 1 0 1 1 1]
 [0 1 0 1 0 0 1 0 0 1]
 [1 0 1 1 1 1 0 1 1 0]
 [0 1 1 1 0 0 1 1 1 1]
 [0 1 1 1 1 0 1 1 1 1]
 [0 0 0 1 1 1 1 0 0 0]]
{'restarts': 13, 'conflicts': 2500, 'decisions': 5138, 'propagations': 2320309}
Q is identifiable
branch at 6
runtime for solving id of Q is 0.44014277402311563
Simulation results:
{'J': 100, 'K': 10, 'N': 10, 'p': 0.7, 'seed': 785, 'sim': 5, 'runtime': 0.44014277402311563, 'identifiable': 1, 'branch': 6}
6
Q: [[0 0 1 1 1 1 0 1 1 1]
 [0 1 1 1 0 1 1 1 1 1]
 [1 1 1 1 0 1 0 1 1 0]
 [1 0 1 1 1 0 1 1 1 0]
 [1 1 1 1 1 1 0 1 1 0]
 [1 1 1 1 1 0 1 0 1 1]
 [1 1 0 1 1 1 1 1 1 0]
 [1 0 1 0 1 1 1 0 0 1]
 [0 0 1 0 1 1 1 0 1 0]
 [1 1 1 1 1 1 1 1 1 0]
 [1 0 1 1 1 1 1 1 1 1]
 [1 1 1 0 0 0 0 1 0 1]
 [1 0 1 1 0 1 0 1 0 1]
 [0 1 1 1 1 0 1 1 1 1]
 [1 1 0 1 0 1 1 1 1 1]
 [0 1 0 1 0 1 1 1 1 1]
 [0 0 1 1 0 1 1 0 1 1]
 [1 1 0 1 1 0 1 1 0 0]
 [0 1 1 1 1 1 0 0 1 0]
 [0 0 1 0 1 0 1 1 1 1]
 [1 1 1 1 0 1 1 1 1 0]
 [1 1 0 1 1 1 1 1 1 1]
 [0 0 1 1 1 0 0 0 1 1]
 [0 1 1 0 0 1 0 1 1 1]
 [1 0 1 1 1 1 1 0 1 0]
 [1 1 1 1 1 0 1 1 0 1]
 [1 1 1 1 0 1 0 1 1 0]
 [0 0 1 1 1 1 1 0 0 0]
 [1 1 0 1 1 1 1 0 1 1]
 [1 1 0 0 1 1 0 0 0 1]
 [1 1 1 0 0 1 1 1 0 1]
 [1 1 1 1 1 0 1 1 1 1]
 [0 0 1 1 1 1 0 1 1 1]
 [1 1 0 0 1 1 1 1 1 1]
 [1 1 1 1 1 0 1 1 1 0]
 [1 1 0 0 1 0 1 1 1 1]
 [1 1 1 1 1 1 1 1 0 1]
 [1 1 1 0 1 1 0 1 1 1]
 [0 1 1 0 1 1 0 1 1 0]
 [1 0 1 0 1 1 1 1 1 0]
 [1 1 1 0 1 0 1 1 1 1]
 [1 1 1 0 0 1 1 1 1 1]
 [1 0 1 0 0 1 1 0 1 0]
 [1 1 1 1 1 1 0 0 1 0]
 [1 0 1 1 1 1 1 1 1 1]
 [0 1 1 0 0 1 1 1 1 1]
 [1 1 1 1 1 0 1 1 0 1]
 [1 1 1 1 1 0 1 0 1 1]
 [1 1 1 0 1 0 1 1 0 1]
 [0 1 1 1 0 0 0 0 0 1]
 [1 0 1 1 1 1 0 1 1 1]
 [1 0 1 0 0 1 1 1 1 1]
 [0 1 0 0 1 1 1 0 1 0]
 [1 1 1 0 1 1 0 1 0 0]
 [0 0 1 1 1 0 0 1 0 1]
 [1 1 0 1 1 1 1 0 0 0]
 [1 0 0 1 1 0 0 1 1 1]
 [1 1 0 1 0 1 1 1 1 0]
 [0 1 1 1 1 1 0 1 1 1]
 [1 0 1 1 1 1 0 0 1 1]
 [0 1 1 0 1 1 1 1 1 0]
 [0 1 0 1 1 1 1 1 0 1]
 [1 0 1 0 1 1 0 1 1 1]
 [0 0 1 1 1 0 1 1 1 1]
 [1 1 1 1 0 1 0 1 1 1]
 [0 0 1 1 1 1 1 0 0 1]
 [0 1 0 1 1 1 0 1 1 1]
 [1 1 0 1 1 0 1 1 0 1]
 [1 1 1 1 1 1 1 0 1 0]
 [1 1 1 1 1 0 1 1 1 0]
 [1 1 1 1 0 1 1 1 1 0]
 [1 1 1 1 1 1 1 1 1 1]
 [1 1 1 1 1 0 1 1 1 1]
 [1 1 1 0 1 1 1 1 0 1]
 [1 1 1 0 1 1 1 1 1 0]
 [0 1 0 0 1 1 1 0 0 1]
 [1 1 1 1 1 1 0 1 1 1]
 [0 0 1 1 0 0 0 0 1 1]
 [1 1 1 0 0 0 1 1 1 0]
 [1 0 1 1 1 1 0 1 0 0]
 [1 1 1 1 0 1 0 0 0 0]
 [1 1 1 0 1 0 1 1 1 1]
 [1 1 1 0 1 0 0 1 1 0]
 [0 1 1 1 1 1 1 1 0 1]
 [0 1 1 1 1 0 1 1 1 1]
 [0 1 1 0 1 0 1 0 1 1]
 [0 0 1 1 1 1 1 1 1 1]
 [0 1 1 1 1 1 1 1 0 1]
 [0 1 1 1 1 1 1 0 1 1]
 [1 0 0 1 0 1 1 1 1 1]
 [1 1 1 1 1 0 1 1 1 1]
 [0 1 1 0 1 1 0 1 1 0]
 [1 1 1 0 1 0 1 0 1 1]
 [0 0 1 1 1 0 1 1 1 1]
 [0 1 0 1 0 1 0 1 1 1]
 [0 1 1 1 1 1 0 1 1 1]
 [1 1 1 0 1 0 1 0 1 0]
 [1 1 1 1 1 1 1 0 0 1]
 [1 1 1 0 0 1 0 0 1 1]
 [1 1 1 0 1 1 1 1 0 1]]
{'restarts': 32, 'conflicts': 12000, 'decisions': 20603, 'propagations': 12122556}
Q is identifiable
branch at 6
runtime for solving id of Q is 1.6372737046331167
Simulation results:
{'J': 100, 'K': 10, 'N': 10, 'p': 0.7, 'seed': 785, 'sim': 6, 'runtime': 1.6372737046331167, 'identifiable': 1, 'branch': 6}
7
Q: [[1 0 1 1 0 0 1 0 0 0]
 [0 1 1 1 0 1 1 1 1 1]
 [0 1 1 0 1 0 1 1 0 1]
 [1 1 0 1 1 1 0 1 1 1]
 [0 1 1 1 0 1 1 1 1 1]
 [1 1 0 1 0 1 1 1 1 1]
 [0 1 1 1 1 1 0 0 0 1]
 [1 1 1 0 1 1 1 1 0 0]
 [1 1 1 1 0 0 1 0 1 0]
 [1 0 1 1 0 1 1 0 0 0]
 [1 0 1 1 1 1 1 0 1 1]
 [1 1 0 1 1 1 0 0 1 0]
 [1 1 1 1 0 1 1 0 1 0]
 [1 1 1 1 1 1 1 1 1 1]
 [1 0 0 1 1 0 1 0 1 1]
 [1 0 0 1 1 1 0 0 1 1]
 [1 0 0 1 1 1 0 1 1 1]
 [1 1 0 1 1 1 0 1 1 1]
 [1 1 1 0 1 0 1 1 1 0]
 [0 0 1 0 0 1 0 0 0 1]
 [1 0 1 1 1 1 1 1 1 1]
 [0 1 1 1 0 1 1 0 0 1]
 [0 1 1 1 1 1 0 1 1 1]
 [0 1 1 0 1 1 1 1 1 1]
 [1 0 0 1 1 0 1 1 1 1]
 [1 0 1 0 1 0 1 1 1 0]
 [1 1 1 1 1 0 1 0 1 1]
 [1 1 0 1 1 1 1 0 1 0]
 [1 1 0 1 1 1 1 1 1 1]
 [1 1 1 1 0 1 1 1 1 1]
 [0 1 1 1 0 1 0 1 0 1]
 [1 1 1 1 1 1 1 1 1 1]
 [0 1 1 1 0 0 1 1 1 1]
 [1 1 1 1 1 1 0 0 1 0]
 [0 0 1 1 1 1 1 1 0 0]
 [0 1 1 1 1 1 1 0 0 0]
 [0 0 0 0 0 1 0 1 1 0]
 [0 0 1 1 1 1 0 1 1 1]
 [1 1 1 1 1 1 1 1 1 0]
 [1 0 1 0 0 1 0 1 1 1]
 [0 0 1 1 1 1 1 1 1 1]
 [0 1 0 1 0 1 1 1 1 1]
 [0 1 1 1 0 1 1 1 0 1]
 [1 1 1 0 1 1 1 1 1 0]
 [0 1 1 1 0 1 1 1 1 0]
 [1 1 1 1 0 1 1 1 0 0]
 [1 1 1 1 1 1 1 1 1 1]
 [0 1 1 1 1 1 1 1 1 1]
 [1 1 1 0 0 0 0 1 1 1]
 [0 1 0 1 0 1 1 0 1 1]
 [1 1 1 0 1 1 1 1 0 1]
 [1 1 1 1 1 1 0 1 1 1]
 [0 1 1 1 1 1 1 1 0 1]
 [1 1 1 1 0 1 0 1 1 1]
 [1 1 1 1 1 0 1 0 1 1]
 [1 1 1 1 1 1 1 1 1 0]
 [0 1 1 1 1 1 0 1 1 1]
 [0 1 1 1 1 0 0 1 0 0]
 [0 0 1 1 1 0 1 1 0 1]
 [1 1 1 1 1 0 0 1 1 1]
 [1 1 1 1 0 1 1 0 1 1]
 [1 1 1 1 1 1 1 0 0 1]
 [1 0 1 0 1 1 0 0 1 0]
 [1 1 0 1 1 1 0 1 1 0]
 [0 1 1 1 1 1 0 1 1 1]
 [1 0 0 1 0 1 1 1 1 1]
 [0 1 1 0 0 0 0 1 1 1]
 [1 1 1 1 0 1 1 1 1 0]
 [1 1 1 0 0 1 1 0 1 1]
 [0 1 0 1 1 1 0 1 1 1]
 [1 0 1 0 0 1 0 1 1 1]
 [1 1 1 1 1 1 1 1 1 0]
 [0 0 0 0 1 1 1 1 1 0]
 [1 1 1 1 1 1 1 1 1 0]
 [1 1 0 1 1 1 1 0 0 1]
 [0 0 0 1 0 1 1 1 0 0]
 [1 1 1 1 1 0 1 1 0 0]
 [0 1 0 1 1 1 1 1 1 1]
 [1 1 1 1 0 0 0 1 1 1]
 [0 1 1 1 1 1 1 1 0 1]
 [0 1 1 1 0 1 1 1 1 0]
 [1 1 1 1 0 1 1 1 1 0]
 [0 1 1 0 1 1 1 0 1 1]
 [1 1 1 1 1 0 1 1 0 0]
 [1 1 1 1 1 0 1 0 1 1]
 [1 0 1 1 0 1 0 1 0 1]
 [1 1 1 0 0 0 1 1 1 0]
 [1 1 1 1 0 0 0 1 1 1]
 [0 0 0 1 0 1 1 1 0 0]
 [0 1 0 1 1 1 0 1 1 1]
 [1 1 1 0 0 1 1 1 1 0]
 [1 1 1 0 0 1 1 1 1 1]
 [1 1 1 1 1 1 0 1 1 0]
 [0 1 1 1 1 1 0 1 0 1]
 [1 0 1 1 0 1 1 1 1 1]
 [0 1 1 0 0 1 1 1 1 1]
 [1 0 1 1 0 1 1 1 1 1]
 [1 0 1 1 1 1 0 1 1 1]
 [1 0 0 1 1 1 1 1 1 1]
 [0 0 0 1 1 1 1 1 1 1]]
{'restarts': 6, 'conflicts': 2099, 'decisions': 4475, 'propagations': 1469547}
Q is identifiable
branch at 6
runtime for solving id of Q is 0.3362208530306816
Simulation results:
{'J': 100, 'K': 10, 'N': 10, 'p': 0.7, 'seed': 785, 'sim': 7, 'runtime': 0.3362208530306816, 'identifiable': 1, 'branch': 6}
8
Q: [[0 1 0 0 1 1 0 1 1 0]
 [1 0 1 1 1 0 1 1 0 1]
 [0 1 0 1 1 0 1 0 1 0]
 [1 1 1 1 0 1 0 0 1 1]
 [1 1 0 1 1 1 0 0 0 0]
 [1 1 1 0 1 1 1 1 1 1]
 [1 1 0 1 0 1 0 1 1 1]
 [0 1 0 1 1 1 1 0 1 1]
 [1 1 0 0 1 1 1 0 0 0]
 [0 1 1 0 1 1 0 1 0 0]
 [0 0 1 1 0 1 1 1 1 1]
 [0 0 0 1 0 1 1 1 1 1]
 [1 0 1 0 0 1 1 0 1 1]
 [1 1 1 0 0 0 1 0 0 1]
 [0 0 0 1 0 1 1 1 1 1]
 [1 0 1 1 0 0 0 0 1 1]
 [0 1 1 1 1 1 1 0 0 0]
 [1 1 0 1 1 0 1 0 0 0]
 [1 1 1 0 1 0 1 1 0 0]
 [1 1 0 1 0 0 1 1 1 0]
 [1 1 1 1 1 0 1 0 1 1]
 [0 1 1 1 0 1 0 1 0 0]
 [0 1 1 1 0 1 1 0 1 1]
 [1 1 1 1 1 1 0 0 0 1]
 [1 1 1 1 0 1 0 1 0 1]
 [1 0 0 1 0 1 1 1 1 1]
 [1 1 1 0 1 1 1 0 1 1]
 [0 1 1 1 1 1 1 1 1 0]
 [1 1 0 0 0 1 1 1 1 1]
 [1 1 1 1 1 1 1 1 1 0]
 [1 1 0 1 1 1 1 1 1 1]
 [0 1 0 1 1 1 1 1 1 0]
 [1 0 1 0 1 1 0 1 1 1]
 [0 0 1 1 1 1 1 0 1 0]
 [1 1 1 1 0 1 1 1 1 1]
 [1 1 1 1 0 1 1 1 1 1]
 [1 1 1 0 0 0 0 0 1 1]
 [1 1 0 1 0 0 1 0 1 1]
 [1 1 0 1 1 1 0 1 0 0]
 [0 1 1 0 0 1 1 0 1 0]
 [0 1 1 1 1 0 1 1 1 1]
 [0 1 1 1 0 1 1 1 1 0]
 [1 1 0 0 1 0 1 1 0 1]
 [1 1 0 0 1 1 1 1 1 1]
 [1 1 0 1 1 1 1 1 0 0]
 [1 0 1 0 1 1 1 1 1 1]
 [1 1 1 1 1 1 1 0 0 0]
 [0 0 1 0 1 1 1 0 0 1]
 [1 1 1 0 1 1 1 1 1 1]
 [1 1 0 1 1 1 1 1 0 1]
 [1 0 1 1 0 0 0 1 1 1]
 [1 1 1 0 0 1 1 1 1 0]
 [1 1 0 1 1 1 1 1 1 1]
 [1 1 1 1 0 0 0 1 0 0]
 [0 1 1 1 1 1 0 1 0 1]
 [1 1 0 1 1 0 1 1 1 1]
 [1 1 1 0 1 1 1 1 1 1]
 [0 1 1 1 1 0 0 1 1 0]
 [1 1 1 1 1 1 1 1 1 1]
 [0 0 1 1 1 0 1 1 0 1]
 [0 1 0 0 1 1 1 1 1 1]
 [0 1 1 1 1 1 1 1 1 1]
 [0 0 1 0 1 1 1 0 1 1]
 [0 1 1 1 0 1 0 1 0 0]
 [0 0 1 0 1 1 1 0 1 0]
 [1 1 0 1 1 1 1 1 0 1]
 [0 0 0 1 1 0 1 0 0 0]
 [1 0 1 1 1 1 1 1 0 0]
 [1 0 1 0 1 1 1 0 1 1]
 [1 0 0 1 1 1 1 0 0 0]
 [0 1 0 0 1 1 1 0 0 0]
 [1 1 0 1 1 1 1 0 1 0]
 [1 1 1 1 0 1 0 0 1 0]
 [1 1 1 1 1 1 1 1 1 1]
 [1 1 1 0 0 1 1 0 1 1]
 [1 1 1 1 1 1 0 1 0 1]
 [1 0 1 0 1 1 0 1 1 0]
 [0 1 1 1 1 1 1 1 0 1]
 [0 1 1 1 1 1 1 0 1 0]
 [1 0 1 0 1 1 1 1 1 0]
 [1 0 0 0 1 1 0 1 1 1]
 [1 1 1 0 0 1 0 1 1 1]
 [1 0 1 0 1 1 1 0 1 0]
 [1 1 1 1 1 0 1 1 1 0]
 [1 1 0 1 1 1 1 1 1 1]
 [1 1 1 1 0 0 1 1 1 0]
 [0 1 1 1 1 0 1 1 0 1]
 [1 1 1 1 1 1 1 1 1 1]
 [1 1 1 1 1 1 0 0 0 1]
 [1 0 0 1 1 1 1 1 0 1]
 [1 0 1 1 1 1 1 1 1 0]
 [1 1 1 1 1 1 0 1 1 1]
 [1 1 0 1 1 0 1 1 1 0]
 [0 0 1 1 1 1 1 1 0 1]
 [1 1 1 1 1 1 1 1 1 1]
 [1 1 1 0 0 1 1 1 1 1]
 [1 0 0 1 0 1 1 1 1 1]
 [1 1 1 1 1 0 1 1 1 1]
 [1 1 1 0 1 1 1 1 1 1]
 [1 1 1 1 1 0 1 1 1 1]]
{'restarts': 19, 'conflicts': 5816, 'decisions': 10826, 'propagations': 5853732}
Q is identifiable
branch at 6
runtime for solving id of Q is 0.8399233743548393
Simulation results:
{'J': 100, 'K': 10, 'N': 10, 'p': 0.7, 'seed': 785, 'sim': 8, 'runtime': 0.8399233743548393, 'identifiable': 1, 'branch': 6}
9
Q: [[1 1 0 0 1 0 0 1 1 1]
 [0 1 1 0 0 0 1 1 1 1]
 [1 0 1 1 1 1 0 1 0 1]
 [1 1 0 1 1 1 1 0 1 1]
 [1 0 0 1 1 1 1 1 0 0]
 [0 1 1 0 1 1 0 1 1 1]
 [1 1 0 1 1 1 1 0 1 1]
 [1 1 1 0 1 0 1 1 0 1]
 [1 0 1 0 1 1 0 1 1 1]
 [1 1 1 1 1 1 1 1 1 0]
 [1 0 1 1 1 1 1 0 0 1]
 [1 0 1 1 1 0 1 1 0 1]
 [1 1 0 1 1 1 1 1 1 1]
 [1 1 1 1 1 1 1 1 1 1]
 [0 0 1 1 1 1 1 1 0 1]
 [0 1 1 0 1 1 0 0 1 1]
 [0 1 1 1 1 1 1 1 0 1]
 [1 0 1 0 1 1 1 1 0 0]
 [1 0 0 0 1 1 1 1 1 1]
 [0 1 0 1 0 0 1 1 1 1]
 [1 1 1 0 1 1 0 1 0 0]
 [0 0 0 0 0 0 1 1 1 1]
 [0 1 1 0 1 1 1 1 1 1]
 [1 1 1 1 0 0 1 0 0 1]
 [1 1 0 1 1 0 0 0 0 1]
 [1 0 1 0 1 1 0 1 1 1]
 [1 1 1 0 1 1 1 1 1 1]
 [1 1 1 1 1 1 0 1 0 1]
 [1 1 1 0 1 1 1 1 1 1]
 [1 0 1 1 0 1 1 0 1 1]
 [1 1 1 0 0 1 1 1 1 0]
 [1 0 0 1 1 1 0 1 1 1]
 [1 1 1 1 0 1 1 0 1 1]
 [0 0 1 0 1 1 0 0 1 1]
 [1 1 1 0 1 1 1 1 0 1]
 [1 1 0 1 0 1 1 1 1 1]
 [0 1 0 0 1 0 1 1 1 1]
 [1 1 0 1 0 1 1 1 1 0]
 [1 0 1 1 1 0 1 1 0 0]
 [0 1 1 0 1 1 1 1 1 1]
 [0 1 1 0 1 1 1 1 0 1]
 [1 1 0 1 1 1 1 0 0 1]
 [0 1 1 1 1 1 1 1 1 1]
 [0 1 1 0 0 1 1 0 1 1]
 [0 0 1 1 1 1 1 1 1 1]
 [1 0 1 1 1 1 1 0 0 1]
 [1 1 1 1 1 1 1 1 0 1]
 [1 0 1 1 1 1 0 1 1 1]
 [1 1 1 1 0 1 1 0 1 1]
 [0 1 1 0 1 1 0 1 1 1]
 [1 0 0 1 1 1 0 1 1 1]
 [0 1 0 1 1 0 1 1 1 1]
 [0 1 0 1 1 1 0 1 1 1]
 [1 0 1 1 1 1 1 1 1 1]
 [0 0 1 1 0 1 1 0 1 1]
 [1 1 1 1 1 1 1 0 1 1]
 [1 0 1 0 1 1 1 1 1 1]
 [0 1 1 0 1 1 1 0 0 1]
 [1 0 0 1 0 0 1 1 1 0]
 [1 0 1 1 0 1 1 1 1 1]
 [1 1 0 0 1 0 1 1 0 0]
 [1 1 1 1 1 1 1 1 1 1]
 [1 0 1 1 1 1 0 0 1 0]
 [0 0 0 1 1 1 1 0 1 1]
 [0 1 1 0 1 0 1 1 0 1]
 [1 0 1 0 1 1 1 1 0 1]
 [1 1 1 1 1 1 0 1 1 0]
 [1 0 1 1 0 0 1 1 1 1]
 [0 1 1 1 1 1 1 0 1 1]
 [0 0 1 0 1 1 1 1 1 0]
 [1 0 1 1 1 1 0 1 0 1]
 [1 0 1 0 1 0 0 1 0 1]
 [1 0 1 1 1 1 1 1 1 1]
 [1 1 1 0 1 1 1 1 1 1]
 [1 1 1 0 1 0 0 0 0 1]
 [0 1 0 0 1 1 1 0 1 1]
 [1 1 1 1 1 1 1 1 1 0]
 [0 0 1 1 0 0 1 1 1 1]
 [1 1 1 1 0 1 0 1 0 1]
 [1 0 1 1 0 1 0 1 1 0]
 [1 0 1 1 0 1 1 0 1 0]
 [1 1 1 1 1 1 1 0 1 1]
 [0 0 0 0 1 1 0 1 1 0]
 [0 1 1 1 1 1 1 1 0 1]
 [1 0 1 1 1 0 1 1 1 1]
 [1 1 0 1 0 1 0 1 1 1]
 [1 0 0 1 0 0 1 1 1 1]
 [1 0 0 1 1 1 1 1 0 1]
 [1 0 1 1 1 1 1 1 1 1]
 [1 1 0 1 0 1 1 1 1 1]
 [1 0 1 1 0 1 0 1 0 0]
 [1 1 1 1 0 1 0 0 1 0]
 [1 1 0 1 1 1 1 1 1 1]
 [1 0 0 0 0 1 1 1 0 0]
 [0 0 0 0 1 1 1 1 1 1]
 [0 1 1 1 1 1 1 0 0 1]
 [1 1 0 1 0 1 1 1 1 1]
 [1 0 1 1 0 1 1 0 1 0]
 [1 0 1 1 1 1 1 1 1 0]
 [0 1 1 1 1 1 1 0 0 1]]
{'restarts': 13, 'conflicts': 3712, 'decisions': 7557, 'propagations': 3234488}
Q is identifiable
branch at 6
runtime for solving id of Q is 0.5314643569290638
Simulation results:
{'J': 100, 'K': 10, 'N': 10, 'p': 0.7, 'seed': 785, 'sim': 9, 'runtime': 0.5314643569290638, 'identifiable': 1, 'branch': 6}
Simulation results:
[{'J': 100, 'K': 10, 'N': 10, 'p': 0.7, 'seed': 785, 'sim': 0, 'runtime': 0.34121542423963547, 'identifiable': 1, 'branch': 6}, {'J': 100, 'K': 10, 'N': 10, 'p': 0.7, 'seed': 785, 'sim': 1, 'runtime': 1.7936895340681076, 'identifiable': 1, 'branch': 6}, {'J': 100, 'K': 10, 'N': 10, 'p': 0.7, 'seed': 785, 'sim': 2, 'runtime': 0.28020798321813345, 'identifiable': 1, 'branch': 6}, {'J': 100, 'K': 10, 'N': 10, 'p': 0.7, 'seed': 785, 'sim': 3, 'runtime': 1.3540364978834987, 'identifiable': 1, 'branch': 6}, {'J': 100, 'K': 10, 'N': 10, 'p': 0.7, 'seed': 785, 'sim': 4, 'runtime': 0.37915564700961113, 'identifiable': 1, 'branch': 6}, {'J': 100, 'K': 10, 'N': 10, 'p': 0.7, 'seed': 785, 'sim': 5, 'runtime': 0.44014277402311563, 'identifiable': 1, 'branch': 6}, {'J': 100, 'K': 10, 'N': 10, 'p': 0.7, 'seed': 785, 'sim': 6, 'runtime': 1.6372737046331167, 'identifiable': 1, 'branch': 6}, {'J': 100, 'K': 10, 'N': 10, 'p': 0.7, 'seed': 785, 'sim': 7, 'runtime': 0.3362208530306816, 'identifiable': 1, 'branch': 6}, {'J': 100, 'K': 10, 'N': 10, 'p': 0.7, 'seed': 785, 'sim': 8, 'runtime': 0.8399233743548393, 'identifiable': 1, 'branch': 6}, {'J': 100, 'K': 10, 'N': 10, 'p': 0.7, 'seed': 785, 'sim': 9, 'runtime': 0.5314643569290638, 'identifiable': 1, 'branch': 6}]
