
The Gurobi software has a limited number of licenses. To request a license or
licenses, add this line

    #SBATCH --licenses=gurobi@slurmdb:1

to your SBATCH script, replacing N with the number of licenses you need. Gurobi
will need one license per process.


0
Q: [[0 0 1 0 0]
 [0 0 0 1 0]
 [1 0 1 1 0]
 [1 0 0 1 0]
 [0 0 0 1 1]
 [0 0 1 0 1]
 [0 0 0 0 0]
 [0 0 0 0 0]
 [0 0 1 0 1]
 [1 0 0 0 1]
 [1 1 1 0 0]
 [0 1 0 0 0]
 [0 0 0 0 0]
 [0 1 0 0 1]
 [0 0 0 1 1]
 [0 0 1 0 1]
 [0 0 0 1 0]
 [0 0 1 0 1]
 [0 0 1 0 0]
 [0 0 0 0 0]
 [1 1 0 0 0]
 [1 0 1 1 0]
 [1 0 1 1 1]
 [1 0 0 0 0]
 [0 0 0 0 0]
 [0 0 0 0 0]
 [0 0 1 0 0]
 [0 0 0 0 1]
 [1 1 0 1 0]
 [0 1 0 0 0]
 [0 1 0 0 0]
 [0 0 0 0 0]
 [0 1 0 0 0]
 [0 0 0 0 1]
 [0 0 0 0 1]
 [1 0 0 0 1]
 [1 1 0 1 1]
 [0 1 1 0 1]
 [0 0 1 0 1]
 [0 0 0 0 0]
 [0 0 0 0 0]
 [1 0 0 1 0]
 [0 1 0 1 0]
 [0 0 0 0 0]
 [1 0 0 0 1]
 [0 0 0 1 0]
 [0 0 0 0 1]
 [1 1 0 1 1]
 [0 0 0 0 0]
 [0 0 0 0 1]
 [0 0 0 1 0]
 [0 1 0 1 0]
 [0 0 0 0 0]
 [0 1 0 0 1]
 [0 0 0 0 0]
 [0 0 0 0 0]
 [0 0 0 0 0]
 [0 0 0 0 0]
 [0 0 0 0 0]
 [0 0 0 0 0]
 [0 1 0 0 0]
 [1 0 0 1 0]
 [0 0 0 0 0]
 [1 0 0 0 1]
 [0 0 1 0 1]
 [0 0 0 1 0]
 [0 0 1 0 0]
 [0 0 0 0 1]
 [0 1 0 1 0]
 [0 0 0 0 0]
 [0 0 0 1 0]
 [0 0 1 0 1]
 [0 0 1 0 0]
 [0 0 0 0 0]
 [0 0 0 1 0]
 [1 0 0 1 0]
 [1 1 0 0 0]
 [0 0 0 0 0]
 [0 1 0 1 0]
 [0 1 0 0 0]
 [0 0 0 0 0]
 [0 1 0 0 0]
 [0 0 1 0 1]
 [1 0 1 0 1]
 [1 0 0 1 0]
 [0 0 0 0 0]
 [1 1 1 0 0]
 [0 0 1 0 1]
 [0 0 1 1 1]
 [1 0 1 0 0]
 [0 1 0 0 0]
 [0 0 0 0 0]
 [0 0 1 0 0]
 [0 0 1 0 1]
 [0 0 0 0 0]
 [0 0 0 1 1]
 [1 1 0 0 0]
 [1 0 1 0 1]
 [0 0 0 0 0]
 [0 1 0 1 0]]
Q is identifiable (direct_check).
Q is identifiable
branch at 4
runtime for solving id of Q is 0.0006705718114972115
Simulation results:
{'J': 100, 'K': 5, 'N': 10, 'p': 0.3, 'seed': 40, 'sim': 0, 'runtime': 0.0006705718114972115, 'identifiable': 1, 'branch': 4}
1
Q: [[1 1 1 1 1]
 [0 1 0 0 1]
 [0 1 0 0 0]
 [0 0 1 0 0]
 [0 1 0 1 0]
 [0 0 0 0 0]
 [0 0 1 0 1]
 [0 1 0 1 0]
 [1 1 0 1 0]
 [0 0 1 0 0]
 [0 0 0 1 0]
 [1 0 0 1 0]
 [1 0 0 0 0]
 [0 0 0 1 0]
 [0 0 1 1 1]
 [0 0 0 0 1]
 [0 1 1 0 0]
 [1 0 1 1 0]
 [0 0 0 1 0]
 [0 1 0 1 1]
 [1 0 1 0 0]
 [0 1 1 1 0]
 [1 0 0 1 0]
 [1 0 1 0 1]
 [0 1 0 0 1]
 [0 1 0 1 0]
 [0 1 0 1 0]
 [0 1 0 0 1]
 [0 1 0 0 0]
 [0 1 0 0 1]
 [0 1 0 0 0]
 [0 1 0 0 0]
 [1 1 0 0 0]
 [0 1 0 0 1]
 [1 1 1 0 1]
 [1 1 1 1 0]
 [0 0 0 0 0]
 [1 1 0 0 0]
 [0 0 0 0 0]
 [0 1 0 0 0]
 [0 0 0 0 1]
 [0 0 0 0 0]
 [0 0 0 0 1]
 [1 1 0 1 0]
 [1 0 1 0 0]
 [0 0 0 0 0]
 [0 1 1 0 0]
 [0 0 1 0 1]
 [0 0 1 0 0]
 [0 0 0 1 0]
 [0 0 0 0 0]
 [0 1 0 1 1]
 [1 0 0 1 0]
 [1 0 0 0 1]
 [0 0 1 0 1]
 [0 1 1 1 0]
 [0 0 0 0 0]
 [0 0 1 0 0]
 [0 0 0 0 1]
 [0 0 0 0 1]
 [0 0 0 0 1]
 [0 0 0 0 0]
 [1 1 0 1 1]
 [0 0 1 0 1]
 [1 0 1 0 0]
 [0 0 1 1 0]
 [0 0 0 0 0]
 [1 0 0 0 1]
 [0 1 0 1 0]
 [0 0 0 0 0]
 [0 0 0 0 0]
 [1 0 1 0 0]
 [0 0 1 1 0]
 [1 0 0 1 0]
 [0 0 0 1 1]
 [1 1 0 1 1]
 [1 1 0 0 1]
 [0 1 0 0 1]
 [0 0 0 0 1]
 [0 0 0 0 0]
 [1 1 0 0 0]
 [1 0 1 0 0]
 [0 0 0 1 0]
 [1 1 0 0 1]
 [1 0 1 1 1]
 [0 0 0 0 1]
 [0 0 0 0 0]
 [1 1 0 1 1]
 [0 0 0 0 0]
 [0 1 0 0 0]
 [1 0 0 1 0]
 [1 0 0 1 1]
 [1 1 1 0 1]
 [1 1 1 0 1]
 [0 1 0 0 0]
 [0 0 0 0 1]
 [0 0 1 0 0]
 [1 0 0 1 0]
 [0 0 0 0 0]
 [0 0 0 0 0]]
Q is identifiable (direct_check).
Q is identifiable
branch at 4
runtime for solving id of Q is 0.0005148090422153473
Simulation results:
{'J': 100, 'K': 5, 'N': 10, 'p': 0.3, 'seed': 40, 'sim': 1, 'runtime': 0.0005148090422153473, 'identifiable': 1, 'branch': 4}
2
Q: [[0 0 0 0 1]
 [1 0 0 0 1]
 [0 0 1 0 0]
 [0 0 0 1 1]
 [0 1 1 1 0]
 [1 0 0 0 0]
 [1 1 0 0 0]
 [0 0 0 0 0]
 [0 0 0 1 0]
 [0 0 0 0 1]
 [0 0 0 0 1]
 [1 0 0 1 0]
 [0 1 0 0 0]
 [0 0 0 0 0]
 [0 0 0 0 1]
 [1 1 0 0 0]
 [0 1 1 0 0]
 [1 0 0 0 1]
 [0 0 0 0 0]
 [0 1 0 1 0]
 [1 0 1 1 0]
 [1 1 0 1 0]
 [0 0 0 1 1]
 [1 0 0 1 1]
 [0 0 0 0 0]
 [0 1 1 0 1]
 [0 0 1 0 0]
 [0 1 0 0 0]
 [0 0 1 0 0]
 [1 0 0 0 0]
 [1 1 0 1 0]
 [1 1 0 1 0]
 [0 0 0 1 1]
 [0 1 0 0 1]
 [1 1 1 0 0]
 [1 0 0 0 0]
 [1 0 1 0 0]
 [1 0 0 0 0]
 [0 1 0 1 0]
 [0 0 0 0 1]
 [1 0 0 1 0]
 [0 0 0 1 1]
 [0 0 0 0 0]
 [1 0 0 0 0]
 [1 1 0 0 0]
 [0 0 1 0 0]
 [0 0 0 0 0]
 [0 0 1 0 0]
 [0 0 0 0 1]
 [1 0 1 0 1]
 [0 1 0 0 0]
 [1 0 0 0 0]
 [1 0 0 0 1]
 [0 0 0 1 1]
 [0 0 1 0 0]
 [1 0 0 0 1]
 [0 0 1 0 1]
 [0 0 0 0 0]
 [0 1 0 1 0]
 [0 0 1 0 0]
 [0 1 1 1 1]
 [1 0 0 1 0]
 [0 0 0 1 0]
 [0 0 0 1 0]
 [0 0 1 0 1]
 [1 0 1 0 1]
 [0 0 0 1 0]
 [0 1 0 1 0]
 [1 0 0 0 0]
 [0 0 0 0 0]
 [1 1 0 0 0]
 [1 0 1 0 0]
 [0 0 0 1 1]
 [0 0 0 0 1]
 [0 0 0 0 0]
 [1 0 1 0 0]
 [1 1 1 0 0]
 [0 1 0 0 0]
 [1 0 1 0 1]
 [0 0 0 1 1]
 [0 0 0 0 1]
 [0 0 0 0 1]
 [0 0 0 0 1]
 [1 0 0 0 0]
 [1 0 0 0 1]
 [1 0 0 1 0]
 [0 0 1 1 0]
 [0 0 0 1 1]
 [0 1 0 1 0]
 [0 0 0 0 0]
 [1 0 0 1 0]
 [0 0 0 1 0]
 [0 0 0 0 0]
 [1 0 0 1 0]
 [1 0 1 0 0]
 [1 1 0 1 0]
 [0 0 0 0 0]
 [1 0 0 0 0]
 [0 0 0 0 0]
 [0 0 0 0 0]]
Q is identifiable (direct_check).
Q is identifiable
branch at 4
runtime for solving id of Q is 0.0005013663321733475
Simulation results:
{'J': 100, 'K': 5, 'N': 10, 'p': 0.3, 'seed': 40, 'sim': 2, 'runtime': 0.0005013663321733475, 'identifiable': 1, 'branch': 4}
3
Q: [[1 1 1 0 1]
 [1 0 1 0 1]
 [1 1 0 1 1]
 [1 0 0 1 1]
 [0 0 1 0 0]
 [0 1 0 0 0]
 [0 0 0 0 0]
 [0 1 0 1 0]
 [0 0 0 0 0]
 [1 1 0 1 0]
 [0 0 1 0 0]
 [1 0 1 0 1]
 [1 0 0 0 0]
 [0 0 1 0 0]
 [1 1 0 1 0]
 [0 1 0 1 0]
 [1 0 0 0 0]
 [0 0 1 0 0]
 [1 0 1 0 1]
 [0 1 0 0 0]
 [1 0 0 1 0]
 [0 1 0 0 0]
 [1 0 0 1 0]
 [1 0 0 1 1]
 [0 1 1 0 0]
 [1 0 0 0 1]
 [0 1 1 0 0]
 [0 0 0 1 1]
 [0 0 1 0 1]
 [0 0 0 0 1]
 [0 0 1 0 1]
 [1 1 0 0 0]
 [0 0 0 1 0]
 [1 0 0 0 1]
 [0 0 0 0 1]
 [1 0 0 0 0]
 [0 0 0 0 0]
 [1 0 0 0 1]
 [0 0 0 0 0]
 [1 0 0 0 0]
 [0 0 0 1 0]
 [0 0 1 1 0]
 [1 0 0 0 0]
 [1 0 1 0 1]
 [1 1 0 1 1]
 [0 0 1 1 0]
 [0 1 0 0 0]
 [0 1 0 1 0]
 [0 1 1 0 1]
 [0 0 1 0 0]
 [0 0 0 1 1]
 [0 0 0 0 1]
 [0 0 1 0 1]
 [1 1 0 0 0]
 [0 0 0 0 0]
 [0 0 0 0 0]
 [0 0 0 0 0]
 [0 1 1 0 0]
 [1 0 0 0 0]
 [1 0 0 0 0]
 [0 0 1 0 1]
 [1 0 1 1 1]
 [0 0 0 0 0]
 [0 0 0 0 0]
 [1 0 0 0 0]
 [0 1 1 0 0]
 [0 1 0 1 0]
 [1 1 0 0 1]
 [1 0 0 0 1]
 [1 0 0 0 1]
 [1 0 0 1 0]
 [0 0 1 0 0]
 [0 0 1 1 1]
 [0 0 0 0 0]
 [1 0 0 1 1]
 [0 0 1 0 1]
 [1 0 1 0 1]
 [0 0 0 1 0]
 [0 0 1 0 1]
 [0 0 1 0 0]
 [1 0 1 0 0]
 [0 1 0 0 0]
 [1 0 0 0 1]
 [0 1 0 1 0]
 [0 0 0 0 0]
 [0 1 0 0 0]
 [0 1 0 0 0]
 [1 0 0 0 0]
 [1 1 1 0 0]
 [0 0 1 1 1]
 [0 1 1 1 0]
 [0 1 0 0 1]
 [0 0 0 0 0]
 [0 0 0 0 1]
 [0 1 0 0 0]
 [0 0 0 1 0]
 [1 1 1 1 1]
 [0 0 1 1 0]
 [0 0 0 0 0]
 [1 1 1 1 0]]
Q is identifiable (direct_check).
Q is identifiable
branch at 4
runtime for solving id of Q is 0.0004928428679704666
Simulation results:
{'J': 100, 'K': 5, 'N': 10, 'p': 0.3, 'seed': 40, 'sim': 3, 'runtime': 0.0004928428679704666, 'identifiable': 1, 'branch': 4}
4
Q: [[0 0 0 0 1]
 [0 0 0 0 1]
 [0 0 1 0 0]
 [0 0 0 1 1]
 [0 0 1 0 0]
 [1 0 1 1 0]
 [1 0 0 0 0]
 [0 0 0 0 0]
 [0 0 0 1 0]
 [1 0 0 0 1]
 [0 0 0 1 1]
 [1 0 0 0 0]
 [0 0 1 0 1]
 [0 1 0 1 0]
 [1 1 0 0 1]
 [0 0 1 1 0]
 [0 1 0 0 0]
 [1 0 0 1 0]
 [0 0 1 0 0]
 [0 1 1 0 1]
 [1 0 0 0 1]
 [0 0 1 0 0]
 [0 0 0 0 0]
 [0 1 1 1 0]
 [0 0 0 1 0]
 [0 1 0 1 1]
 [0 0 0 0 0]
 [0 0 0 0 0]
 [0 0 0 0 1]
 [0 0 0 0 1]
 [0 1 0 1 0]
 [0 1 0 0 0]
 [0 0 0 0 0]
 [1 0 1 1 0]
 [0 0 0 0 1]
 [0 0 0 0 0]
 [0 1 1 1 0]
 [0 1 1 0 0]
 [0 0 0 0 0]
 [0 1 0 1 1]
 [1 1 0 0 1]
 [0 0 0 0 0]
 [0 0 1 0 0]
 [0 1 1 1 0]
 [0 1 0 0 0]
 [1 0 0 0 1]
 [0 0 1 1 0]
 [0 0 0 1 1]
 [1 1 0 1 0]
 [0 1 0 1 0]
 [0 0 1 1 0]
 [0 1 0 0 1]
 [0 1 1 0 0]
 [0 0 0 0 0]
 [0 0 1 1 0]
 [0 0 0 0 0]
 [0 0 1 0 0]
 [1 0 0 0 0]
 [1 0 0 0 0]
 [0 1 0 1 1]
 [1 0 0 1 0]
 [0 1 0 0 0]
 [0 0 0 0 1]
 [0 0 0 1 0]
 [0 0 0 0 1]
 [0 0 0 0 1]
 [0 0 0 0 1]
 [0 0 0 0 0]
 [0 0 1 0 1]
 [0 0 1 0 0]
 [1 0 1 0 0]
 [0 1 0 0 0]
 [0 1 0 1 0]
 [1 1 1 1 0]
 [0 1 0 1 0]
 [1 0 0 1 0]
 [0 0 0 1 0]
 [0 0 1 1 1]
 [0 0 1 1 1]
 [0 0 1 0 1]
 [0 0 0 0 1]
 [0 0 1 0 0]
 [1 1 0 1 1]
 [0 0 0 0 0]
 [0 0 0 0 0]
 [1 0 1 0 0]
 [0 1 0 0 1]
 [1 0 0 0 0]
 [1 0 0 1 0]
 [0 1 1 0 0]
 [0 1 1 0 0]
 [0 0 0 1 0]
 [0 1 1 1 0]
 [0 0 0 0 0]
 [0 1 0 1 0]
 [0 1 1 1 0]
 [0 0 0 0 0]
 [0 0 0 1 0]
 [0 0 0 0 1]
 [0 0 0 1 0]]
Q is identifiable (direct_check).
Q is identifiable
branch at 4
runtime for solving id of Q is 0.0004805149510502815
Simulation results:
{'J': 100, 'K': 5, 'N': 10, 'p': 0.3, 'seed': 40, 'sim': 4, 'runtime': 0.0004805149510502815, 'identifiable': 1, 'branch': 4}
5
Q: [[0 0 0 0 1]
 [1 0 0 0 0]
 [1 1 0 1 0]
 [0 0 0 0 1]
 [1 0 0 1 1]
 [0 1 0 1 0]
 [1 1 0 0 0]
 [0 0 0 0 1]
 [0 0 1 0 0]
 [0 0 0 0 0]
 [0 0 1 0 0]
 [0 0 1 0 0]
 [0 0 1 1 0]
 [0 0 0 0 0]
 [0 0 0 0 0]
 [0 0 0 0 0]
 [0 0 0 1 0]
 [0 0 0 1 1]
 [0 0 0 0 1]
 [1 1 0 0 0]
 [0 0 0 0 0]
 [0 1 0 1 0]
 [0 0 0 0 0]
 [1 0 0 0 0]
 [0 0 1 0 0]
 [1 0 0 0 0]
 [0 1 1 0 0]
 [1 0 1 0 0]
 [1 1 0 0 0]
 [1 1 0 0 0]
 [0 0 0 0 1]
 [0 0 0 0 1]
 [0 0 0 0 0]
 [0 0 0 0 0]
 [0 1 1 0 0]
 [1 0 1 0 0]
 [1 1 0 0 0]
 [1 0 0 0 0]
 [0 0 0 0 0]
 [1 0 0 0 0]
 [1 1 0 0 1]
 [1 0 0 0 0]
 [1 1 0 0 1]
 [0 1 0 0 1]
 [0 0 0 0 0]
 [0 0 1 0 1]
 [0 1 0 0 1]
 [0 1 0 0 1]
 [0 1 0 0 0]
 [0 0 0 0 0]
 [0 0 0 1 0]
 [1 1 0 0 0]
 [0 1 1 0 1]
 [1 0 0 0 0]
 [1 1 0 0 0]
 [0 0 0 0 0]
 [1 1 1 1 0]
 [0 0 0 1 0]
 [0 0 1 0 0]
 [1 0 1 0 1]
 [1 0 0 1 0]
 [0 1 0 0 0]
 [0 1 0 0 0]
 [1 1 1 1 0]
 [0 1 0 0 1]
 [0 1 0 0 1]
 [1 0 0 0 0]
 [0 0 1 0 0]
 [0 1 1 0 1]
 [0 0 0 1 0]
 [0 0 0 1 0]
 [1 0 1 1 1]
 [1 0 1 0 0]
 [1 1 0 0 0]
 [1 1 0 0 0]
 [0 0 0 1 0]
 [0 0 0 0 0]
 [0 0 0 0 1]
 [0 0 1 0 1]
 [0 1 1 0 0]
 [0 1 1 0 0]
 [0 1 1 0 0]
 [0 0 1 0 1]
 [1 1 0 0 0]
 [0 0 0 1 0]
 [1 0 0 0 0]
 [1 1 0 1 0]
 [0 1 1 1 1]
 [0 1 0 0 1]
 [0 1 0 0 0]
 [1 0 0 0 0]
 [1 0 0 0 0]
 [0 1 0 0 0]
 [1 0 0 1 0]
 [0 0 0 1 1]
 [0 0 0 0 1]
 [0 0 0 0 1]
 [1 1 1 0 0]
 [0 1 0 1 1]
 [0 0 1 0 0]]
Q is identifiable (direct_check).
Q is identifiable
branch at 4
runtime for solving id of Q is 0.0004844609647989273
Simulation results:
{'J': 100, 'K': 5, 'N': 10, 'p': 0.3, 'seed': 40, 'sim': 5, 'runtime': 0.0004844609647989273, 'identifiable': 1, 'branch': 4}
6
Q: [[1 1 0 0 0]
 [0 1 1 0 0]
 [1 0 1 0 1]
 [1 0 1 0 0]
 [1 0 0 0 1]
 [1 0 0 0 0]
 [1 1 0 1 1]
 [0 1 0 1 0]
 [1 0 0 0 1]
 [0 0 0 1 0]
 [1 1 0 0 0]
 [0 1 1 0 0]
 [0 0 1 0 0]
 [1 0 1 0 0]
 [1 0 0 1 1]
 [0 0 0 0 0]
 [0 0 0 0 1]
 [0 1 1 1 0]
 [0 0 0 1 0]
 [0 0 1 1 0]
 [1 0 0 1 0]
 [0 0 0 0 0]
 [0 0 1 0 0]
 [0 1 0 0 0]
 [0 0 0 0 0]
 [0 0 1 1 0]
 [1 0 0 0 0]
 [0 0 0 1 1]
 [0 0 0 1 0]
 [0 0 1 1 1]
 [1 1 0 0 1]
 [0 0 0 0 0]
 [0 0 1 0 0]
 [0 1 1 1 1]
 [0 0 0 0 1]
 [1 0 0 0 1]
 [0 0 0 0 0]
 [0 0 0 0 0]
 [1 1 1 0 0]
 [1 0 1 0 0]
 [0 0 0 0 0]
 [0 1 0 1 0]
 [1 0 0 0 0]
 [1 1 0 0 0]
 [0 0 1 1 0]
 [0 1 0 0 0]
 [0 0 1 0 0]
 [0 0 1 0 0]
 [0 0 0 1 1]
 [0 0 0 0 0]
 [1 0 0 0 0]
 [1 0 1 0 1]
 [1 1 0 1 1]
 [0 0 1 0 0]
 [0 1 0 1 1]
 [0 0 0 0 0]
 [0 0 1 0 0]
 [1 1 0 1 0]
 [1 0 0 0 0]
 [0 0 1 0 1]
 [0 1 0 0 0]
 [0 0 0 0 0]
 [1 0 0 0 0]
 [1 1 0 0 0]
 [0 0 1 0 0]
 [1 1 0 0 1]
 [0 1 1 0 0]
 [0 1 0 1 0]
 [0 0 0 1 0]
 [0 0 0 0 0]
 [1 0 0 1 0]
 [0 0 0 0 0]
 [0 0 0 0 0]
 [0 1 0 1 1]
 [0 0 1 0 0]
 [0 0 1 0 0]
 [0 0 0 1 0]
 [0 0 0 0 0]
 [0 0 1 0 1]
 [0 1 1 0 0]
 [0 0 1 0 0]
 [0 0 0 0 0]
 [0 0 1 0 0]
 [0 0 0 0 0]
 [0 0 0 1 0]
 [1 0 0 0 0]
 [1 0 0 0 1]
 [0 1 0 0 1]
 [0 0 0 0 0]
 [0 0 1 0 0]
 [0 1 1 1 1]
 [1 0 0 0 0]
 [1 1 0 0 0]
 [0 0 0 0 0]
 [1 0 1 1 0]
 [1 0 0 0 0]
 [0 0 1 0 0]
 [1 0 1 0 1]
 [0 0 1 0 1]
 [0 0 0 0 0]]
Q is identifiable (direct_check).
Q is identifiable
branch at 4
runtime for solving id of Q is 0.00048126932233572006
Simulation results:
{'J': 100, 'K': 5, 'N': 10, 'p': 0.3, 'seed': 40, 'sim': 6, 'runtime': 0.00048126932233572006, 'identifiable': 1, 'branch': 4}
7
Q: [[0 0 1 0 0]
 [1 0 0 0 1]
 [0 0 0 0 0]
 [0 1 1 0 0]
 [0 0 1 0 0]
 [1 0 0 0 1]
 [1 1 0 0 0]
 [0 0 0 0 0]
 [0 0 0 1 1]
 [0 0 1 0 0]
 [1 0 0 0 1]
 [0 1 0 0 1]
 [0 1 0 0 0]
 [1 0 0 0 1]
 [0 0 0 0 0]
 [1 1 1 0 0]
 [1 0 1 0 0]
 [0 0 0 1 0]
 [1 1 0 0 0]
 [1 1 0 1 1]
 [1 0 0 0 0]
 [0 1 0 0 0]
 [0 0 0 0 0]
 [1 0 0 0 0]
 [0 0 0 0 0]
 [0 0 0 1 0]
 [0 0 0 0 1]
 [1 0 0 0 0]
 [0 0 1 1 1]
 [0 1 0 0 0]
 [0 1 0 1 1]
 [0 0 0 1 0]
 [1 1 0 0 0]
 [1 0 1 0 0]
 [0 1 0 1 1]
 [0 0 0 1 0]
 [0 0 0 0 1]
 [0 0 0 1 0]
 [0 0 0 0 0]
 [0 0 0 0 0]
 [0 0 0 0 1]
 [1 0 0 0 0]
 [1 0 0 1 0]
 [0 0 1 1 0]
 [0 0 0 0 0]
 [1 0 1 0 0]
 [0 0 1 0 1]
 [0 1 1 0 0]
 [0 0 0 1 1]
 [1 1 0 1 0]
 [0 0 1 1 0]
 [0 0 1 1 0]
 [0 0 1 1 0]
 [1 1 1 0 0]
 [1 0 0 1 1]
 [0 0 0 0 1]
 [0 1 0 0 0]
 [0 1 0 0 0]
 [1 0 1 0 0]
 [0 0 0 0 0]
 [0 0 0 0 0]
 [0 0 0 0 1]
 [1 1 0 0 0]
 [1 0 0 0 0]
 [0 0 1 0 0]
 [0 0 0 0 1]
 [0 0 0 1 1]
 [0 0 0 0 1]
 [0 0 0 1 0]
 [0 0 1 1 0]
 [0 0 0 0 1]
 [1 0 0 0 1]
 [0 0 1 0 0]
 [0 1 0 0 1]
 [1 1 0 1 0]
 [0 0 0 0 1]
 [1 0 0 0 0]
 [0 0 0 0 1]
 [0 1 1 0 1]
 [0 0 1 0 0]
 [1 0 0 0 1]
 [0 0 0 0 0]
 [0 0 1 0 1]
 [1 0 1 0 1]
 [0 1 0 1 0]
 [0 0 1 0 0]
 [0 0 0 0 0]
 [1 0 0 0 0]
 [0 1 1 0 0]
 [0 0 0 0 0]
 [0 1 0 0 1]
 [0 0 0 1 1]
 [0 1 1 1 1]
 [0 0 0 0 0]
 [0 0 0 0 0]
 [1 0 0 0 0]
 [0 1 0 0 1]
 [0 0 1 0 0]
 [1 0 0 0 0]
 [0 1 0 0 1]]
Q is identifiable (direct_check).
Q is identifiable
branch at 4
runtime for solving id of Q is 0.0004812786355614662
Simulation results:
{'J': 100, 'K': 5, 'N': 10, 'p': 0.3, 'seed': 40, 'sim': 7, 'runtime': 0.0004812786355614662, 'identifiable': 1, 'branch': 4}
8
Q: [[0 0 0 1 0]
 [0 0 0 0 0]
 [1 0 0 0 0]
 [1 0 1 0 1]
 [0 0 0 1 0]
 [1 1 0 0 0]
 [0 0 1 1 0]
 [1 1 0 0 0]
 [0 0 1 0 0]
 [0 0 0 0 0]
 [0 1 0 1 0]
 [0 0 0 0 0]
 [0 1 0 1 0]
 [0 0 0 0 1]
 [0 0 0 0 1]
 [0 0 0 0 0]
 [1 1 0 0 0]
 [0 1 1 0 1]
 [1 0 0 0 1]
 [0 0 0 0 1]
 [0 1 1 1 0]
 [0 1 0 1 0]
 [1 0 1 0 1]
 [0 1 0 1 0]
 [1 0 0 0 1]
 [0 0 0 1 0]
 [1 0 0 0 0]
 [1 1 0 0 0]
 [0 0 1 0 0]
 [0 0 0 0 1]
 [0 0 0 1 0]
 [1 0 0 0 0]
 [0 1 1 1 0]
 [0 0 1 0 0]
 [0 0 0 0 0]
 [1 1 0 1 0]
 [0 0 0 1 0]
 [0 0 0 0 1]
 [0 0 0 1 0]
 [0 0 0 0 0]
 [0 0 0 0 0]
 [0 0 0 0 0]
 [1 1 0 0 1]
 [0 1 0 0 0]
 [0 1 1 0 0]
 [0 0 0 0 0]
 [0 1 0 0 0]
 [1 1 0 1 1]
 [1 1 0 0 0]
 [0 0 0 0 0]
 [0 0 0 0 0]
 [0 0 0 1 0]
 [0 0 0 1 0]
 [0 1 0 0 0]
 [0 0 1 1 0]
 [0 0 0 0 0]
 [0 0 0 0 0]
 [1 0 1 0 1]
 [0 0 0 0 0]
 [1 1 0 1 0]
 [0 0 1 0 1]
 [0 1 0 1 0]
 [1 1 0 0 0]
 [0 0 0 0 0]
 [1 0 1 1 0]
 [0 0 0 0 1]
 [0 0 0 0 0]
 [0 0 0 0 0]
 [0 0 0 1 0]
 [0 1 0 1 0]
 [0 0 0 0 1]
 [0 0 0 0 0]
 [0 0 0 0 0]
 [0 1 0 0 0]
 [0 1 0 0 0]
 [0 0 0 0 0]
 [0 0 0 0 0]
 [0 0 0 0 0]
 [1 0 1 0 0]
 [1 0 0 1 0]
 [0 1 0 0 0]
 [1 0 0 0 0]
 [0 1 0 0 0]
 [0 1 1 0 0]
 [0 1 1 1 0]
 [0 1 0 1 0]
 [1 1 0 0 0]
 [1 0 0 0 0]
 [0 1 1 0 0]
 [0 0 0 0 0]
 [0 0 0 1 0]
 [1 0 0 0 0]
 [0 1 1 0 1]
 [0 0 1 0 0]
 [0 0 0 0 1]
 [0 0 0 0 0]
 [0 0 0 1 0]
 [0 0 1 0 0]
 [0 1 0 0 0]
 [0 1 0 1 1]]
Q is identifiable (direct_check).
Q is identifiable
branch at 4
runtime for solving id of Q is 0.0004818420857191086
Simulation results:
{'J': 100, 'K': 5, 'N': 10, 'p': 0.3, 'seed': 40, 'sim': 8, 'runtime': 0.0004818420857191086, 'identifiable': 1, 'branch': 4}
9
Q: [[0 0 0 1 0]
 [1 0 0 0 0]
 [1 0 0 0 0]
 [1 1 0 0 0]
 [1 0 1 0 0]
 [1 0 0 0 1]
 [1 0 0 0 0]
 [1 0 1 0 0]
 [0 1 1 0 0]
 [0 0 0 0 1]
 [0 0 1 0 1]
 [0 0 0 1 1]
 [1 0 0 1 0]
 [0 0 1 0 0]
 [0 0 0 0 0]
 [0 0 0 1 1]
 [1 1 1 0 1]
 [1 0 0 0 1]
 [1 0 0 1 1]
 [0 0 0 1 0]
 [0 0 1 0 1]
 [0 0 1 0 0]
 [0 1 0 0 0]
 [0 1 0 0 0]
 [0 0 0 0 1]
 [0 0 0 0 0]
 [0 0 1 0 0]
 [0 0 0 1 0]
 [0 0 1 1 0]
 [1 0 0 0 0]
 [0 1 0 0 0]
 [0 0 0 0 0]
 [0 1 0 1 1]
 [0 0 1 0 1]
 [1 0 1 0 0]
 [0 1 0 1 0]
 [1 1 0 1 1]
 [0 0 0 1 0]
 [1 1 1 0 0]
 [1 0 1 0 1]
 [1 1 0 1 1]
 [0 0 0 0 0]
 [0 0 0 1 0]
 [0 0 0 0 0]
 [0 0 0 1 0]
 [0 0 0 0 0]
 [0 1 0 1 0]
 [0 0 0 0 1]
 [0 1 0 1 0]
 [0 0 1 1 0]
 [1 0 0 0 0]
 [0 0 1 1 0]
 [0 1 1 0 1]
 [0 0 0 0 0]
 [1 0 0 0 1]
 [1 0 0 1 0]
 [0 0 0 0 0]
 [0 0 0 1 1]
 [0 0 1 0 1]
 [0 1 1 0 1]
 [0 0 1 1 0]
 [0 1 0 0 0]
 [0 1 1 0 0]
 [0 1 0 0 0]
 [0 1 0 0 0]
 [0 0 0 0 1]
 [0 0 1 0 0]
 [0 0 0 0 0]
 [1 0 0 0 0]
 [0 1 0 0 1]
 [1 1 0 0 0]
 [0 0 0 1 0]
 [0 1 0 0 0]
 [1 0 0 1 1]
 [0 1 0 1 0]
 [0 0 0 1 0]
 [1 0 0 0 1]
 [1 1 0 0 0]
 [1 0 1 0 1]
 [1 0 0 0 0]
 [1 1 1 1 1]
 [1 0 0 0 1]
 [1 0 0 0 0]
 [0 1 0 0 0]
 [1 0 0 1 0]
 [0 0 0 0 1]
 [0 1 0 0 1]
 [0 0 0 0 1]
 [0 0 1 0 0]
 [1 0 1 0 1]
 [0 0 1 0 0]
 [0 0 0 0 0]
 [0 0 0 0 1]
 [0 0 0 1 1]
 [0 0 1 0 0]
 [0 1 0 1 0]
 [1 0 0 0 1]
 [0 1 0 0 0]
 [0 0 0 1 0]
 [1 1 0 1 1]]
Q is identifiable (direct_check).
Q is identifiable
branch at 4
runtime for solving id of Q is 0.000485152006149292
Simulation results:
{'J': 100, 'K': 5, 'N': 10, 'p': 0.3, 'seed': 40, 'sim': 9, 'runtime': 0.000485152006149292, 'identifiable': 1, 'branch': 4}
Simulation results:
[{'J': 100, 'K': 5, 'N': 10, 'p': 0.3, 'seed': 40, 'sim': 0, 'runtime': 0.0006705718114972115, 'identifiable': 1, 'branch': 4}, {'J': 100, 'K': 5, 'N': 10, 'p': 0.3, 'seed': 40, 'sim': 1, 'runtime': 0.0005148090422153473, 'identifiable': 1, 'branch': 4}, {'J': 100, 'K': 5, 'N': 10, 'p': 0.3, 'seed': 40, 'sim': 2, 'runtime': 0.0005013663321733475, 'identifiable': 1, 'branch': 4}, {'J': 100, 'K': 5, 'N': 10, 'p': 0.3, 'seed': 40, 'sim': 3, 'runtime': 0.0004928428679704666, 'identifiable': 1, 'branch': 4}, {'J': 100, 'K': 5, 'N': 10, 'p': 0.3, 'seed': 40, 'sim': 4, 'runtime': 0.0004805149510502815, 'identifiable': 1, 'branch': 4}, {'J': 100, 'K': 5, 'N': 10, 'p': 0.3, 'seed': 40, 'sim': 5, 'runtime': 0.0004844609647989273, 'identifiable': 1, 'branch': 4}, {'J': 100, 'K': 5, 'N': 10, 'p': 0.3, 'seed': 40, 'sim': 6, 'runtime': 0.00048126932233572006, 'identifiable': 1, 'branch': 4}, {'J': 100, 'K': 5, 'N': 10, 'p': 0.3, 'seed': 40, 'sim': 7, 'runtime': 0.0004812786355614662, 'identifiable': 1, 'branch': 4}, {'J': 100, 'K': 5, 'N': 10, 'p': 0.3, 'seed': 40, 'sim': 8, 'runtime': 0.0004818420857191086, 'identifiable': 1, 'branch': 4}, {'J': 100, 'K': 5, 'N': 10, 'p': 0.3, 'seed': 40, 'sim': 9, 'runtime': 0.000485152006149292, 'identifiable': 1, 'branch': 4}]
