
The Gurobi software has a limited number of licenses. To request a license or
licenses, add this line

    #SBATCH --licenses=gurobi@slurmdb:1

to your SBATCH script, replacing N with the number of licenses you need. Gurobi
will need one license per process.


0
Q: [[0 0 0 1 0]
 [1 1 1 0 0]
 [0 0 0 1 0]
 [1 0 0 0 0]
 [1 0 0 0 0]
 [0 0 0 0 0]
 [0 1 1 0 0]
 [0 0 1 1 0]
 [0 0 1 0 0]
 [0 1 0 0 0]
 [0 0 0 1 0]
 [0 1 0 1 0]
 [0 0 0 1 0]
 [0 0 1 0 1]
 [0 0 0 0 1]
 [0 0 0 0 0]
 [1 0 1 0 0]
 [0 1 1 0 0]
 [1 0 0 1 1]
 [1 0 1 1 0]
 [1 1 0 0 0]
 [0 0 1 0 0]
 [0 0 1 1 1]
 [0 1 0 0 0]
 [0 1 0 0 0]
 [0 0 1 1 1]
 [0 1 0 1 0]
 [1 1 0 0 1]
 [0 0 1 1 0]
 [0 0 0 0 0]
 [0 0 0 0 0]
 [0 1 0 0 0]
 [0 0 0 1 1]
 [0 1 0 1 0]
 [0 0 0 1 0]
 [0 0 1 1 1]
 [1 0 0 1 0]
 [0 0 1 0 0]
 [1 0 0 0 1]
 [0 1 1 1 0]
 [0 0 1 0 0]
 [0 0 0 1 0]
 [1 1 0 0 0]
 [1 0 1 1 1]
 [0 1 0 0 0]
 [0 0 0 0 0]
 [0 1 0 0 0]
 [1 0 0 0 0]
 [1 0 1 1 0]
 [1 0 1 1 1]]
Q is identifiable (direct_check).
Q is identifiable
branch at 4
runtime for solving id of Q is 0.0006051035597920418
Simulation results:
{'J': 50, 'K': 5, 'N': 10, 'p': 0.3, 'seed': 82, 'sim': 0, 'runtime': 0.0006051035597920418, 'identifiable': 1, 'branch': 4}
1
Q: [[1 0 1 0 0]
 [1 0 0 0 1]
 [0 0 1 0 0]
 [1 1 0 0 1]
 [1 0 0 0 1]
 [1 0 0 0 1]
 [0 0 0 0 1]
 [1 0 0 0 1]
 [0 0 1 0 0]
 [0 0 0 0 0]
 [1 1 0 0 1]
 [0 0 1 0 0]
 [0 0 1 1 0]
 [0 1 0 0 0]
 [0 1 0 0 1]
 [0 0 0 0 1]
 [0 0 0 1 0]
 [0 0 0 0 0]
 [0 0 0 0 0]
 [0 0 1 0 0]
 [1 1 0 1 1]
 [1 0 0 0 0]
 [0 0 0 0 0]
 [0 0 0 0 0]
 [0 0 0 0 1]
 [0 0 0 0 0]
 [0 1 1 0 0]
 [0 0 0 0 0]
 [0 0 0 0 0]
 [0 0 0 0 0]
 [0 0 0 0 0]
 [1 1 0 0 1]
 [1 0 0 1 0]
 [1 0 0 0 1]
 [0 0 0 0 1]
 [1 0 1 0 0]
 [0 1 0 0 0]
 [1 0 0 1 1]
 [0 1 0 0 0]
 [0 0 0 1 0]
 [0 0 0 0 0]
 [0 1 0 0 0]
 [0 0 0 0 1]
 [0 1 0 0 0]
 [0 0 0 0 0]
 [0 0 0 0 0]
 [0 1 1 0 0]
 [1 0 1 1 0]
 [0 0 1 0 0]
 [0 0 0 0 0]]
Q is identifiable (direct_check).
Q is identifiable
branch at 4
runtime for solving id of Q is 0.0005794232711195946
Simulation results:
{'J': 50, 'K': 5, 'N': 10, 'p': 0.3, 'seed': 82, 'sim': 1, 'runtime': 0.0005794232711195946, 'identifiable': 1, 'branch': 4}
2
Q: [[1 1 1 0 0]
 [0 0 0 0 0]
 [0 1 0 1 0]
 [0 0 0 0 0]
 [1 0 0 0 0]
 [0 0 0 0 1]
 [0 0 0 0 1]
 [0 0 0 0 0]
 [0 0 0 0 0]
 [0 0 0 0 0]
 [0 0 1 1 0]
 [0 0 0 1 0]
 [0 1 0 0 1]
 [1 0 1 0 0]
 [0 0 0 0 1]
 [1 0 0 0 0]
 [1 0 1 0 1]
 [0 0 0 0 1]
 [0 1 0 0 0]
 [0 1 0 0 0]
 [0 0 0 0 1]
 [1 0 0 0 0]
 [0 0 0 0 0]
 [1 0 1 0 0]
 [1 0 0 0 1]
 [0 0 0 0 0]
 [1 0 0 0 0]
 [0 0 0 1 0]
 [1 1 0 0 1]
 [0 0 1 0 1]
 [0 1 0 0 0]
 [1 0 0 0 0]
 [0 1 0 0 1]
 [0 0 0 0 0]
 [0 0 1 0 1]
 [0 0 0 0 1]
 [0 0 1 0 0]
 [1 1 1 0 0]
 [0 1 1 1 0]
 [1 0 0 0 0]
 [0 0 0 1 0]
 [0 1 0 0 1]
 [0 0 1 0 0]
 [0 0 0 0 0]
 [1 0 0 0 0]
 [0 0 0 0 1]
 [0 0 0 0 0]
 [0 1 0 0 1]
 [1 1 0 0 0]
 [0 0 0 0 0]]
Q is identifiable (direct_check).
Q is identifiable
branch at 4
runtime for solving id of Q is 0.00046428944915533066
Simulation results:
{'J': 50, 'K': 5, 'N': 10, 'p': 0.3, 'seed': 82, 'sim': 2, 'runtime': 0.00046428944915533066, 'identifiable': 1, 'branch': 4}
3
Q: [[0 0 1 1 0]
 [0 0 0 1 1]
 [0 0 0 0 0]
 [0 0 0 0 1]
 [0 1 0 0 0]
 [0 1 0 0 1]
 [1 1 0 0 0]
 [0 1 0 0 0]
 [0 0 1 0 0]
 [0 1 0 0 0]
 [0 0 0 1 0]
 [0 1 0 1 0]
 [0 0 1 1 1]
 [0 1 0 0 0]
 [0 0 1 0 0]
 [0 0 1 0 0]
 [0 0 0 0 0]
 [0 0 0 1 1]
 [0 0 0 0 0]
 [0 1 0 0 0]
 [1 0 0 0 0]
 [0 1 0 0 0]
 [0 1 0 1 0]
 [0 1 0 1 1]
 [1 0 1 0 0]
 [0 0 0 0 0]
 [0 0 1 0 1]
 [0 0 0 1 0]
 [1 0 0 0 0]
 [0 0 0 0 0]
 [0 0 0 0 0]
 [0 1 0 0 1]
 [1 0 0 1 0]
 [1 0 0 0 1]
 [1 0 0 1 0]
 [0 1 0 0 0]
 [0 1 0 0 0]
 [0 1 0 1 0]
 [0 1 0 0 0]
 [0 1 1 0 0]
 [0 0 1 1 1]
 [0 0 1 0 1]
 [0 1 1 0 0]
 [0 1 0 1 0]
 [0 0 1 0 0]
 [1 1 0 0 0]
 [1 1 0 0 0]
 [0 0 1 1 0]
 [1 0 1 0 1]
 [1 1 0 0 0]]
Q is identifiable (direct_check).
Q is identifiable
branch at 4
runtime for solving id of Q is 0.00046218931674957275
Simulation results:
{'J': 50, 'K': 5, 'N': 10, 'p': 0.3, 'seed': 82, 'sim': 3, 'runtime': 0.00046218931674957275, 'identifiable': 1, 'branch': 4}
4
Q: [[0 0 0 1 0]
 [1 1 0 1 0]
 [0 0 0 1 0]
 [0 1 0 1 0]
 [1 0 1 0 1]
 [0 1 0 0 1]
 [0 0 0 0 1]
 [0 0 1 0 0]
 [0 0 0 0 1]
 [1 0 0 1 1]
 [1 1 0 0 1]
 [0 0 1 0 0]
 [0 0 1 1 0]
 [0 0 0 0 0]
 [1 1 1 1 1]
 [1 0 0 0 0]
 [0 1 1 0 0]
 [0 0 0 0 1]
 [0 0 0 0 0]
 [1 0 1 0 0]
 [1 0 0 1 1]
 [0 1 0 0 0]
 [0 0 1 1 1]
 [1 1 0 1 0]
 [1 0 1 0 0]
 [0 0 0 0 0]
 [0 1 0 0 0]
 [0 1 1 0 0]
 [0 1 0 1 0]
 [1 1 0 0 0]
 [0 0 0 1 1]
 [0 1 0 0 1]
 [0 0 0 1 1]
 [0 0 0 0 0]
 [1 1 1 0 1]
 [0 1 1 0 1]
 [1 0 0 1 1]
 [1 0 0 1 0]
 [0 1 1 0 0]
 [0 0 1 1 0]
 [0 1 0 0 1]
 [0 0 1 0 0]
 [1 0 0 0 0]
 [0 1 1 0 1]
 [0 1 0 0 0]
 [0 0 1 0 0]
 [0 0 1 1 0]
 [0 0 0 1 1]
 [0 0 1 0 0]
 [0 0 0 0 0]]
Q is identifiable (direct_check).
Q is identifiable
branch at 4
runtime for solving id of Q is 0.0004513440653681755
Simulation results:
{'J': 50, 'K': 5, 'N': 10, 'p': 0.3, 'seed': 82, 'sim': 4, 'runtime': 0.0004513440653681755, 'identifiable': 1, 'branch': 4}
5
Q: [[1 0 1 0 0]
 [1 1 0 1 0]
 [0 1 0 1 0]
 [1 0 1 0 0]
 [0 0 1 0 1]
 [0 1 0 1 0]
 [1 1 0 0 0]
 [0 0 1 0 0]
 [0 1 0 1 0]
 [1 1 1 0 1]
 [0 1 1 0 1]
 [0 0 1 0 0]
 [0 0 0 0 0]
 [0 0 0 0 1]
 [0 0 0 0 0]
 [1 0 0 0 0]
 [0 0 0 0 0]
 [1 1 0 0 0]
 [1 1 0 0 0]
 [0 0 1 0 0]
 [0 0 0 0 1]
 [0 0 0 0 1]
 [0 0 0 1 0]
 [0 0 0 0 0]
 [0 0 0 0 1]
 [0 0 0 0 0]
 [0 0 0 0 0]
 [1 0 0 0 1]
 [1 0 0 1 1]
 [0 0 1 0 0]
 [1 0 1 0 0]
 [0 1 1 1 0]
 [0 1 0 0 0]
 [0 0 1 0 0]
 [0 0 0 0 1]
 [0 1 0 0 1]
 [1 0 0 0 1]
 [1 0 0 0 0]
 [0 1 0 1 0]
 [1 0 0 0 0]
 [0 0 1 0 0]
 [0 0 1 0 1]
 [0 1 0 1 1]
 [0 0 1 0 1]
 [1 0 1 0 1]
 [0 0 1 1 1]
 [0 1 0 0 1]
 [0 0 1 0 1]
 [1 0 0 1 0]
 [0 0 1 0 0]]
Q is identifiable (direct_check).
Q is identifiable
branch at 4
runtime for solving id of Q is 0.0004612952470779419
Simulation results:
{'J': 50, 'K': 5, 'N': 10, 'p': 0.3, 'seed': 82, 'sim': 5, 'runtime': 0.0004612952470779419, 'identifiable': 1, 'branch': 4}
6
Q: [[1 0 0 1 0]
 [1 0 1 1 1]
 [0 1 1 0 0]
 [0 1 0 0 0]
 [0 0 0 0 0]
 [1 0 1 0 0]
 [0 0 0 0 1]
 [0 0 0 0 0]
 [0 0 0 0 0]
 [0 0 1 1 0]
 [0 1 0 1 0]
 [0 0 0 0 0]
 [0 0 0 0 0]
 [0 0 0 1 0]
 [0 0 0 0 0]
 [0 1 0 0 0]
 [1 0 0 1 0]
 [0 0 0 0 0]
 [1 0 0 0 0]
 [1 0 0 0 0]
 [0 0 1 0 0]
 [1 1 0 1 1]
 [0 0 0 0 0]
 [0 1 0 1 0]
 [0 0 0 1 0]
 [0 0 0 0 0]
 [0 0 0 0 1]
 [0 0 1 0 1]
 [1 0 0 0 1]
 [1 1 0 0 0]
 [0 1 0 0 0]
 [0 0 0 0 0]
 [0 0 1 1 0]
 [0 1 1 1 0]
 [0 0 0 1 0]
 [0 0 0 0 0]
 [0 1 0 0 0]
 [1 0 0 0 0]
 [1 0 0 0 0]
 [0 0 0 1 0]
 [0 0 1 1 1]
 [1 1 0 0 0]
 [0 0 0 0 0]
 [0 0 0 0 1]
 [1 0 0 1 1]
 [0 0 0 0 0]
 [0 0 0 0 0]
 [1 1 0 0 0]
 [0 0 0 0 1]
 [1 1 0 0 0]]
Q is identifiable (direct_check).
Q is identifiable
branch at 4
runtime for solving id of Q is 0.00044812262058258057
Simulation results:
{'J': 50, 'K': 5, 'N': 10, 'p': 0.3, 'seed': 82, 'sim': 6, 'runtime': 0.00044812262058258057, 'identifiable': 1, 'branch': 4}
7
Q: [[0 0 1 0 0]
 [0 0 1 0 0]
 [1 0 0 0 0]
 [0 1 0 1 0]
 [1 0 0 0 1]
 [0 0 0 1 1]
 [0 1 1 0 0]
 [1 1 0 1 0]
 [0 0 1 0 0]
 [0 0 0 1 0]
 [0 0 0 0 0]
 [0 0 1 1 0]
 [0 0 0 1 0]
 [0 0 0 1 1]
 [1 0 0 0 0]
 [0 0 1 0 0]
 [1 1 0 0 0]
 [0 0 0 0 1]
 [1 0 0 0 0]
 [1 0 0 0 0]
 [0 1 1 1 0]
 [1 1 0 0 0]
 [0 1 1 1 0]
 [0 1 1 1 0]
 [0 0 0 0 0]
 [1 1 1 1 0]
 [0 1 0 0 1]
 [0 0 0 1 0]
 [0 1 0 0 0]
 [1 0 1 0 0]
 [1 0 0 1 0]
 [1 1 1 0 0]
 [1 0 1 0 0]
 [0 0 0 0 1]
 [0 0 0 1 1]
 [1 0 0 0 0]
 [0 1 0 1 0]
 [1 1 0 0 0]
 [0 0 0 0 0]
 [0 1 0 0 1]
 [0 0 1 1 0]
 [1 0 0 0 1]
 [0 0 0 1 1]
 [0 1 0 1 1]
 [0 0 0 0 0]
 [0 0 1 1 0]
 [0 0 0 0 0]
 [1 0 1 0 0]
 [0 1 0 0 0]
 [0 0 1 1 0]]
Q is identifiable (direct_check).
Q is identifiable
branch at 4
runtime for solving id of Q is 0.0004496034234762192
Simulation results:
{'J': 50, 'K': 5, 'N': 10, 'p': 0.3, 'seed': 82, 'sim': 7, 'runtime': 0.0004496034234762192, 'identifiable': 1, 'branch': 4}
8
Q: [[0 0 1 1 1]
 [1 0 0 0 1]
 [0 0 1 1 0]
 [1 1 0 0 0]
 [0 0 0 0 1]
 [1 0 1 0 0]
 [0 1 0 0 0]
 [1 0 1 0 0]
 [0 0 1 1 1]
 [0 1 0 0 0]
 [1 0 0 0 0]
 [0 1 1 0 0]
 [0 1 1 0 0]
 [0 1 0 1 1]
 [0 0 0 1 0]
 [0 1 0 0 0]
 [0 0 0 0 0]
 [1 0 1 1 0]
 [1 0 0 0 0]
 [1 1 1 1 0]
 [0 1 0 0 0]
 [0 1 0 1 0]
 [0 0 1 0 1]
 [1 0 0 0 0]
 [0 0 1 0 0]
 [1 0 0 1 1]
 [0 1 1 0 0]
 [1 0 0 1 0]
 [1 0 0 1 0]
 [1 0 0 0 0]
 [0 1 0 1 0]
 [0 0 0 0 1]
 [0 0 0 1 0]
 [0 1 0 0 1]
 [0 0 0 1 0]
 [0 0 1 0 0]
 [0 0 0 0 1]
 [0 0 1 0 0]
 [0 0 1 0 0]
 [0 0 1 0 0]
 [1 0 1 0 0]
 [1 1 1 0 0]
 [0 1 0 0 0]
 [1 1 0 0 1]
 [0 0 0 0 0]
 [0 1 0 0 0]
 [0 1 1 0 0]
 [0 0 1 0 0]
 [0 0 0 0 0]
 [1 1 0 1 0]]
Q is identifiable (direct_check).
Q is identifiable
branch at 4
runtime for solving id of Q is 0.00046721193939447403
Simulation results:
{'J': 50, 'K': 5, 'N': 10, 'p': 0.3, 'seed': 82, 'sim': 8, 'runtime': 0.00046721193939447403, 'identifiable': 1, 'branch': 4}
9
Q: [[0 0 0 1 1]
 [0 0 1 0 0]
 [0 1 0 1 0]
 [0 0 1 1 1]
 [0 1 0 0 0]
 [0 0 0 0 1]
 [0 1 0 0 1]
 [1 0 0 1 0]
 [0 0 0 1 1]
 [0 0 0 0 1]
 [1 0 1 0 1]
 [0 0 0 1 0]
 [0 0 0 0 1]
 [1 0 1 1 0]
 [0 0 0 0 0]
 [0 0 1 0 0]
 [0 0 0 0 1]
 [1 0 0 0 0]
 [1 0 1 1 1]
 [1 1 0 0 0]
 [0 0 1 0 0]
 [0 0 0 0 1]
 [0 0 0 1 0]
 [0 1 0 0 0]
 [1 0 0 1 0]
 [0 0 0 1 0]
 [0 0 0 0 0]
 [0 0 0 0 1]
 [0 0 0 0 1]
 [0 0 0 0 0]
 [0 0 0 1 0]
 [0 0 1 1 1]
 [1 1 1 0 0]
 [1 0 1 1 0]
 [0 0 0 0 0]
 [0 0 1 0 1]
 [0 0 0 0 0]
 [1 0 0 0 0]
 [0 0 0 0 0]
 [1 0 0 1 1]
 [0 0 0 0 0]
 [1 0 0 0 0]
 [0 0 1 1 0]
 [0 0 0 1 1]
 [0 0 0 0 1]
 [0 0 1 0 0]
 [0 0 0 0 0]
 [0 0 0 0 0]
 [0 1 1 1 0]
 [0 0 0 0 0]]
Q is identifiable (direct_check).
Q is identifiable
branch at 4
runtime for solving id of Q is 0.00045051146298646927
Simulation results:
{'J': 50, 'K': 5, 'N': 10, 'p': 0.3, 'seed': 82, 'sim': 9, 'runtime': 0.00045051146298646927, 'identifiable': 1, 'branch': 4}
Simulation results:
[{'J': 50, 'K': 5, 'N': 10, 'p': 0.3, 'seed': 82, 'sim': 0, 'runtime': 0.0006051035597920418, 'identifiable': 1, 'branch': 4}, {'J': 50, 'K': 5, 'N': 10, 'p': 0.3, 'seed': 82, 'sim': 1, 'runtime': 0.0005794232711195946, 'identifiable': 1, 'branch': 4}, {'J': 50, 'K': 5, 'N': 10, 'p': 0.3, 'seed': 82, 'sim': 2, 'runtime': 0.00046428944915533066, 'identifiable': 1, 'branch': 4}, {'J': 50, 'K': 5, 'N': 10, 'p': 0.3, 'seed': 82, 'sim': 3, 'runtime': 0.00046218931674957275, 'identifiable': 1, 'branch': 4}, {'J': 50, 'K': 5, 'N': 10, 'p': 0.3, 'seed': 82, 'sim': 4, 'runtime': 0.0004513440653681755, 'identifiable': 1, 'branch': 4}, {'J': 50, 'K': 5, 'N': 10, 'p': 0.3, 'seed': 82, 'sim': 5, 'runtime': 0.0004612952470779419, 'identifiable': 1, 'branch': 4}, {'J': 50, 'K': 5, 'N': 10, 'p': 0.3, 'seed': 82, 'sim': 6, 'runtime': 0.00044812262058258057, 'identifiable': 1, 'branch': 4}, {'J': 50, 'K': 5, 'N': 10, 'p': 0.3, 'seed': 82, 'sim': 7, 'runtime': 0.0004496034234762192, 'identifiable': 1, 'branch': 4}, {'J': 50, 'K': 5, 'N': 10, 'p': 0.3, 'seed': 82, 'sim': 8, 'runtime': 0.00046721193939447403, 'identifiable': 1, 'branch': 4}, {'J': 50, 'K': 5, 'N': 10, 'p': 0.3, 'seed': 82, 'sim': 9, 'runtime': 0.00045051146298646927, 'identifiable': 1, 'branch': 4}]
