
The Gurobi software has a limited number of licenses. To request a license or
licenses, add this line

    #SBATCH --licenses=gurobi@slurmdb:1

to your SBATCH script, replacing N with the number of licenses you need. Gurobi
will need one license per process.


0
Q: [[0 1 1 0 0 0 1 0 1 0]
 [1 1 1 1 0 1 1 0 1 1]
 [0 0 1 1 1 1 1 1 1 1]
 [1 1 1 1 1 0 1 1 0 1]
 [1 1 0 0 1 1 1 1 0 1]
 [1 1 1 0 1 1 0 0 1 1]
 [1 0 1 0 1 0 1 1 1 1]
 [1 0 0 1 1 0 0 0 1 1]
 [1 1 1 1 1 0 0 1 1 1]
 [0 0 1 1 1 1 1 1 1 1]
 [1 1 1 1 1 1 1 0 1 1]
 [1 1 1 1 1 1 1 1 1 1]
 [1 0 1 1 1 0 1 0 1 1]
 [1 1 1 1 1 1 1 1 1 0]
 [1 1 1 1 0 0 0 1 1 1]
 [1 0 1 0 1 1 1 1 1 1]
 [1 1 1 1 1 1 1 1 0 1]
 [0 1 0 1 0 1 1 1 0 1]
 [1 1 1 1 1 1 0 1 1 1]
 [1 0 1 0 0 1 1 0 1 1]
 [1 0 1 1 1 1 1 1 1 0]
 [1 0 0 1 0 0 1 1 1 0]
 [1 1 1 0 1 1 1 1 0 1]
 [0 1 1 1 0 1 0 0 1 1]
 [0 1 1 1 0 1 1 1 0 0]
 [1 0 0 0 1 1 1 1 1 1]
 [1 1 1 1 1 1 0 0 1 0]
 [0 0 0 1 1 1 0 1 0 1]
 [1 1 1 1 1 1 1 1 1 1]
 [1 1 1 1 1 1 0 1 1 1]
 [0 1 0 1 1 1 0 1 1 0]
 [1 1 1 1 1 1 0 1 0 1]
 [0 0 1 1 0 1 1 1 1 1]
 [1 1 1 1 1 1 1 1 0 1]
 [1 1 0 1 1 1 0 0 1 1]
 [1 0 1 1 1 1 1 0 0 0]
 [1 0 1 1 1 1 0 1 1 0]
 [1 1 0 0 1 0 1 0 1 1]
 [0 1 1 1 0 1 0 0 0 1]
 [1 1 1 1 1 0 1 1 0 0]
 [0 0 0 1 1 1 1 1 1 0]
 [1 1 1 0 0 1 1 1 0 0]
 [0 1 0 1 0 0 0 1 0 1]
 [1 1 1 1 0 1 1 1 0 0]
 [1 0 1 0 1 1 1 1 1 1]
 [1 0 1 1 1 1 1 1 1 0]
 [1 1 1 1 1 1 1 0 1 0]
 [1 0 1 0 0 1 1 1 1 1]
 [1 1 1 0 1 0 1 0 0 0]
 [1 1 0 1 0 0 0 1 1 1]]
{'restarts': 68, 'conflicts': 19222, 'decisions': 30678, 'propagations': 10498185}
Q is identifiable
branch at 6
runtime for solving id of Q is 1.5989258466288447
Simulation results:
{'J': 50, 'K': 10, 'N': 10, 'p': 0.7, 'seed': 190, 'sim': 0, 'runtime': 1.5989258466288447, 'identifiable': 1, 'branch': 6}
1
Q: [[1 0 1 0 1 0 1 1 1 0]
 [0 0 1 1 1 1 1 0 1 1]
 [1 0 1 1 1 1 1 1 0 1]
 [1 1 1 1 1 1 1 1 1 1]
 [0 1 1 1 1 1 1 0 1 1]
 [1 1 1 0 1 1 1 1 0 0]
 [1 0 1 1 1 1 0 0 1 0]
 [1 1 0 1 0 1 1 1 0 1]
 [1 1 1 0 1 0 0 1 1 0]
 [1 1 0 0 1 0 0 1 0 1]
 [0 1 1 1 1 1 0 1 0 0]
 [1 1 0 1 1 1 0 1 0 1]
 [1 1 0 0 1 1 1 1 1 0]
 [0 1 1 1 0 1 1 0 0 1]
 [1 1 1 1 1 1 1 1 1 0]
 [0 0 1 0 1 1 0 1 1 1]
 [1 1 1 1 1 0 1 0 1 0]
 [1 0 1 1 1 1 0 1 0 1]
 [1 1 1 1 1 1 0 1 1 1]
 [1 1 1 0 1 1 1 0 1 0]
 [0 0 1 1 1 1 1 1 1 1]
 [1 1 0 1 0 1 1 1 1 0]
 [0 0 0 1 1 1 1 1 1 1]
 [1 0 1 0 1 1 1 0 0 1]
 [1 1 1 1 0 1 1 1 1 1]
 [1 0 1 1 1 1 1 1 0 1]
 [0 0 1 0 1 1 0 1 1 1]
 [1 1 0 1 0 0 1 0 0 1]
 [0 0 1 1 0 1 1 1 1 1]
 [1 1 1 1 0 0 1 0 0 1]
 [1 0 1 0 1 1 0 1 1 1]
 [1 0 1 0 0 1 1 1 1 1]
 [1 1 1 1 1 1 1 1 1 1]
 [1 0 1 0 1 1 1 1 0 0]
 [1 1 1 1 1 0 1 1 0 1]
 [1 1 0 0 1 0 1 1 0 1]
 [0 1 0 1 1 1 0 0 1 0]
 [1 1 1 0 1 1 1 1 1 1]
 [1 1 1 1 0 1 1 0 1 0]
 [1 0 1 0 1 1 1 0 1 0]
 [1 0 1 1 0 1 0 1 1 1]
 [1 1 1 1 1 0 1 0 1 1]
 [1 1 1 1 1 1 1 1 1 1]
 [1 1 1 1 0 1 1 1 1 0]
 [1 1 1 1 1 0 1 1 0 1]
 [0 1 0 1 1 1 1 1 1 0]
 [1 1 0 1 1 0 1 1 1 0]
 [1 0 1 1 1 1 1 1 1 1]
 [1 1 0 0 1 0 1 1 1 1]
 [1 0 1 1 0 0 1 0 1 1]]
{'restarts': 864, 'conflicts': 306921, 'decisions': 416196, 'propagations': 152617296}
Q is identifiable
branch at 6
runtime for solving id of Q is 38.80459976103157
Simulation results:
{'J': 50, 'K': 10, 'N': 10, 'p': 0.7, 'seed': 190, 'sim': 1, 'runtime': 38.80459976103157, 'identifiable': 1, 'branch': 6}
2
Q: [[0 0 1 0 0 1 1 1 1 1]
 [1 1 0 1 0 1 1 0 1 1]
 [0 0 0 0 1 0 1 1 0 1]
 [1 1 0 1 1 1 1 0 0 1]
 [1 1 1 0 0 1 1 1 1 0]
 [1 1 0 0 1 1 0 1 1 1]
 [0 0 0 1 1 1 0 0 1 1]
 [1 1 1 1 1 0 1 0 1 1]
 [1 1 1 1 1 1 1 1 0 0]
 [1 1 1 1 1 1 1 0 0 1]
 [1 1 1 1 0 0 1 1 0 0]
 [1 1 1 1 0 1 1 1 1 0]
 [1 1 1 1 0 1 0 0 1 1]
 [1 1 0 1 1 1 1 1 1 1]
 [1 0 1 1 0 1 1 1 0 1]
 [1 0 0 1 1 1 0 1 1 1]
 [0 1 1 1 1 1 0 0 1 1]
 [0 0 1 1 0 1 1 1 1 1]
 [0 1 0 1 0 0 1 1 1 1]
 [1 1 1 1 1 1 1 1 1 1]
 [1 1 1 1 1 1 0 1 1 0]
 [0 1 1 1 1 1 1 0 0 1]
 [1 1 0 1 0 1 0 1 1 0]
 [1 1 0 1 0 0 1 1 1 0]
 [1 0 0 1 1 0 1 1 1 0]
 [1 1 0 0 0 1 1 0 1 1]
 [0 0 0 1 0 1 1 1 1 1]
 [1 1 1 1 1 1 0 1 0 1]
 [1 1 1 1 1 1 1 1 0 1]
 [1 1 1 0 1 0 1 1 1 1]
 [1 1 1 1 1 1 1 1 1 0]
 [0 0 1 1 0 1 1 1 1 1]
 [1 1 1 1 0 1 1 1 1 1]
 [0 1 1 1 0 1 1 1 0 1]
 [0 1 1 1 0 1 0 1 1 1]
 [0 0 0 1 0 0 1 1 0 0]
 [1 1 1 0 1 1 1 1 1 1]
 [1 0 1 0 0 1 1 1 0 1]
 [1 1 0 1 0 1 1 1 1 1]
 [1 0 1 0 0 1 1 1 1 1]
 [0 1 0 1 1 0 0 1 1 1]
 [0 0 1 1 1 1 1 1 1 1]
 [1 0 1 1 1 1 1 1 1 1]
 [1 0 1 0 1 1 1 0 1 1]
 [1 0 1 0 0 1 1 1 1 1]
 [1 0 0 1 1 0 1 1 1 1]
 [0 1 1 1 0 0 0 1 0 1]
 [1 1 1 0 1 0 1 0 0 0]
 [1 1 1 0 1 1 1 1 0 1]
 [1 0 1 1 1 0 0 1 0 1]]
{'restarts': 11, 'conflicts': 3503, 'decisions': 7411, 'propagations': 1702372}
Q is identifiable
branch at 6
runtime for solving id of Q is 0.2771345488727093
Simulation results:
{'J': 50, 'K': 10, 'N': 10, 'p': 0.7, 'seed': 190, 'sim': 2, 'runtime': 0.2771345488727093, 'identifiable': 1, 'branch': 6}
3
Q: [[1 0 1 1 0 0 1 1 1 0]
 [1 1 1 1 1 1 1 1 1 0]
 [1 0 0 1 1 1 1 0 0 1]
 [1 1 1 1 0 1 1 0 1 1]
 [1 1 1 1 0 1 1 1 1 1]
 [1 1 1 1 0 1 1 1 1 1]
 [1 1 1 0 0 0 1 1 1 1]
 [0 1 1 1 0 1 1 1 1 1]
 [1 1 0 1 1 1 1 1 1 0]
 [1 1 1 1 1 0 1 1 1 0]
 [1 0 1 0 0 1 0 1 1 1]
 [0 0 0 0 1 1 1 1 0 0]
 [1 1 0 1 1 1 1 1 1 1]
 [0 0 1 1 0 0 1 0 0 1]
 [1 1 1 0 1 1 1 1 0 0]
 [1 1 1 0 0 0 1 1 0 1]
 [1 1 1 0 0 0 0 0 1 0]
 [0 0 1 1 1 1 1 1 0 0]
 [0 1 1 1 0 1 1 1 1 1]
 [1 1 0 1 0 1 1 1 1 1]
 [0 0 0 1 1 0 1 0 1 1]
 [0 1 0 1 1 1 0 0 0 1]
 [0 1 0 1 1 1 1 1 1 1]
 [1 0 0 1 1 1 1 0 0 1]
 [1 0 1 1 0 0 1 1 1 0]
 [1 1 0 1 1 1 1 1 1 0]
 [1 1 1 1 1 0 1 0 1 1]
 [0 1 1 1 0 0 1 1 0 1]
 [1 1 0 1 1 1 1 1 0 0]
 [1 1 1 1 1 1 0 1 1 1]
 [0 0 1 1 1 0 1 0 0 1]
 [1 1 0 0 1 0 1 1 1 1]
 [0 0 1 1 1 0 1 1 0 1]
 [1 1 1 1 1 1 0 1 0 0]
 [1 1 0 1 1 0 0 1 1 1]
 [0 1 1 1 1 1 1 0 1 0]
 [0 1 1 1 1 1 1 1 1 1]
 [0 1 1 0 1 0 0 0 0 1]
 [0 1 0 0 1 1 0 0 1 0]
 [0 1 0 1 0 1 1 1 1 1]
 [0 0 1 0 1 1 0 0 0 0]
 [1 0 1 1 1 1 1 1 1 0]
 [1 1 1 1 1 1 1 0 1 1]
 [0 0 1 0 1 1 1 1 1 0]
 [1 0 0 1 1 1 1 1 1 1]
 [1 1 1 0 1 1 1 1 1 1]
 [1 0 1 1 1 0 1 0 1 1]
 [1 1 0 1 0 1 1 1 1 1]
 [0 1 0 1 1 1 0 0 1 0]
 [1 1 1 1 1 1 1 1 0 1]]
{'restarts': 13, 'conflicts': 2832, 'decisions': 5423, 'propagations': 1319200}
Q is identifiable
branch at 6
runtime for solving id of Q is 0.26430542301386595
Simulation results:
{'J': 50, 'K': 10, 'N': 10, 'p': 0.7, 'seed': 190, 'sim': 3, 'runtime': 0.26430542301386595, 'identifiable': 1, 'branch': 6}
4
Q: [[0 0 0 1 1 0 0 0 1 1]
 [1 1 1 1 1 1 1 0 0 1]
 [0 0 1 0 0 1 1 1 1 1]
 [1 0 1 1 1 1 0 1 1 1]
 [1 1 0 1 1 1 0 0 1 1]
 [1 1 1 0 0 0 1 1 0 1]
 [1 1 1 1 0 0 1 1 1 0]
 [1 1 0 1 0 1 1 1 1 1]
 [1 1 0 1 0 1 1 0 1 1]
 [0 0 1 1 1 1 1 0 0 1]
 [1 0 1 1 0 1 1 1 1 1]
 [1 0 1 0 1 1 1 1 0 1]
 [1 0 1 1 0 1 1 1 1 1]
 [0 0 0 0 0 1 0 0 1 1]
 [1 1 1 1 0 1 1 0 1 0]
 [1 0 0 1 0 1 0 1 0 1]
 [0 0 0 0 1 1 0 0 1 0]
 [1 0 0 1 1 1 1 1 1 1]
 [0 0 0 1 1 1 1 0 1 0]
 [1 0 1 0 0 1 0 0 0 1]
 [0 1 0 1 1 1 0 1 1 0]
 [1 1 1 0 1 1 1 0 1 1]
 [0 1 1 1 0 1 0 1 1 1]
 [1 0 1 1 1 0 0 1 0 1]
 [1 1 0 1 1 1 0 1 0 1]
 [1 0 1 1 1 0 1 1 0 0]
 [0 1 1 0 0 0 0 1 1 1]
 [1 1 1 0 1 0 0 0 1 1]
 [0 0 1 1 1 1 0 0 0 1]
 [0 0 1 1 1 1 0 1 1 1]
 [1 1 0 1 0 1 1 0 1 0]
 [1 1 1 1 1 0 1 0 1 0]
 [0 1 1 1 0 0 0 0 1 1]
 [1 1 1 1 1 0 0 0 1 0]
 [1 0 1 1 1 1 1 0 1 1]
 [1 0 1 1 1 0 1 1 1 0]
 [0 1 0 0 1 0 1 0 1 1]
 [0 0 1 1 0 1 1 1 1 1]
 [0 1 0 1 0 1 1 1 1 1]
 [1 1 1 1 0 0 1 1 0 1]
 [1 1 0 1 0 0 1 1 1 0]
 [1 1 1 1 1 1 1 1 1 0]
 [1 1 0 1 0 1 1 0 1 0]
 [1 1 1 1 1 1 1 1 1 1]
 [1 1 0 1 1 1 1 1 1 1]
 [1 0 1 1 0 1 1 0 1 1]
 [1 1 1 1 0 1 0 1 0 1]
 [1 1 0 1 0 1 1 1 1 1]
 [1 1 0 1 0 1 1 1 1 0]
 [0 1 1 1 1 0 0 1 0 1]]
{'restarts': 2, 'conflicts': 723, 'decisions': 1754, 'propagations': 417482}
Q is identifiable
branch at 6
runtime for solving id of Q is 0.17622236628085375
Simulation results:
{'J': 50, 'K': 10, 'N': 10, 'p': 0.7, 'seed': 190, 'sim': 4, 'runtime': 0.17622236628085375, 'identifiable': 1, 'branch': 6}
5
Q: [[0 1 1 1 1 1 1 1 0 1]
 [1 1 1 0 1 1 1 0 1 0]
 [1 1 1 1 0 1 1 1 1 1]
 [1 0 1 1 0 1 0 1 0 1]
 [1 1 1 0 1 1 1 1 1 0]
 [0 1 0 1 1 1 1 0 0 1]
 [1 1 1 1 1 1 1 0 1 1]
 [1 0 0 1 1 1 1 1 1 1]
 [1 0 0 1 1 1 1 1 1 1]
 [1 1 1 1 1 0 0 1 1 1]
 [1 1 1 1 0 1 1 1 1 0]
 [1 1 1 0 1 0 1 1 1 0]
 [0 1 0 0 1 0 1 0 1 1]
 [1 1 0 1 1 0 0 1 0 0]
 [0 1 0 1 1 1 0 0 1 1]
 [1 1 1 1 1 0 1 1 1 1]
 [1 1 1 1 0 1 0 1 1 1]
 [1 1 1 1 0 1 1 1 0 1]
 [0 0 0 1 1 1 1 1 1 0]
 [1 0 0 1 1 1 1 1 0 1]
 [0 0 1 1 1 1 0 1 1 1]
 [0 1 1 1 0 1 0 1 0 1]
 [0 1 1 1 1 1 1 1 1 1]
 [1 1 0 1 1 0 1 1 1 1]
 [1 1 1 1 1 0 1 1 1 0]
 [1 1 1 1 0 1 1 1 0 1]
 [1 1 0 1 1 1 1 1 1 1]
 [1 1 0 1 1 1 1 1 0 1]
 [1 1 1 1 1 1 1 0 1 1]
 [1 1 1 1 0 1 1 1 1 0]
 [1 0 1 0 0 1 0 0 0 1]
 [0 1 1 1 1 1 1 1 1 1]
 [0 0 1 1 1 1 1 1 1 0]
 [0 1 1 0 1 1 0 1 1 1]
 [1 1 1 0 0 1 1 0 1 1]
 [1 1 1 1 0 0 1 0 0 1]
 [1 1 0 1 1 1 0 1 0 1]
 [1 0 0 1 1 0 1 1 1 1]
 [1 1 1 1 1 0 1 1 0 0]
 [1 1 1 1 1 1 1 0 1 0]
 [1 1 1 1 0 1 1 1 0 1]
 [0 1 1 1 1 0 0 1 1 1]
 [0 1 0 0 1 1 1 1 1 1]
 [0 1 0 0 1 0 0 0 1 1]
 [1 1 1 1 1 1 1 1 1 0]
 [1 1 0 1 0 1 1 1 1 0]
 [1 1 1 1 0 1 1 1 0 1]
 [0 0 0 0 1 0 1 1 1 1]
 [1 1 0 1 1 1 0 1 0 0]
 [0 1 0 1 0 1 0 0 1 0]]
{'restarts': 53, 'conflicts': 18881, 'decisions': 30806, 'propagations': 6822022}
Q is not identifiable, and Q_bar is [[0 1 0 1 1 1 1 1 0 1]
 [1 0 1 1 1 0 0 1 0 1]
 [1 1 1 1 0 1 1 1 0 1]
 [1 0 0 1 0 1 1 0 0 1]
 [1 0 1 1 1 0 0 1 1 1]
 [0 1 0 0 1 0 1 1 0 1]
 [1 1 1 1 1 0 1 1 0 1]
 [1 0 0 0 1 1 1 1 1 1]
 [1 0 0 0 1 1 1 1 1 1]
 [1 1 1 1 1 1 1 0 0 0]
 [1 1 1 1 0 1 0 1 0 1]
 [1 0 1 1 0 0 0 1 1 0]
 [0 0 1 0 1 0 1 1 0 0]
 [1 1 0 0 1 1 0 0 0 0]
 [0 1 1 0 1 0 1 0 0 1]
 [1 0 1 1 1 1 1 1 1 0]
 [1 1 1 1 0 1 1 0 0 1]
 [1 1 0 1 0 1 1 1 0 1]
 [0 0 0 0 1 1 0 1 1 1]
 [1 0 0 0 1 1 1 1 0 1]
 [0 0 0 1 0 1 1 0 1 1]
 [0 1 0 1 0 1 1 0 0 1]
 [0 0 1 1 1 1 1 1 1 1]
 [1 0 1 0 1 1 1 1 1 0]
 [1 1 1 1 1 1 0 1 1 0]
 [1 1 0 1 0 1 1 1 0 1]
 [1 0 1 0 1 1 1 1 1 1]
 [1 1 0 0 1 1 1 1 0 1]
 [1 1 1 1 1 0 1 1 0 1]
 [1 1 1 1 0 1 0 1 0 1]
 [1 0 0 1 0 0 1 0 0 1]
 [0 0 1 1 1 1 1 1 1 1]
 [0 0 0 1 1 1 0 1 1 1]
 [0 0 1 1 1 0 1 0 1 1]
 [1 0 1 1 0 0 1 1 0 1]
 [1 1 0 1 0 0 1 1 0 0]
 [1 1 0 0 1 1 1 0 0 1]
 [1 0 0 0 1 1 1 1 1 0]
 [1 1 0 1 1 1 0 1 0 0]
 [1 1 1 1 1 0 0 1 0 1]
 [1 1 0 1 0 1 1 1 0 1]
 [0 0 1 1 1 1 1 0 0 0]
 [0 0 1 0 1 0 1 1 1 1]
 [0 0 1 0 1 0 1 0 0 0]
 [1 1 1 1 1 1 0 1 1 1]
 [1 1 1 0 0 1 0 1 0 1]
 [1 1 0 1 0 1 1 1 0 1]
 [0 0 0 0 1 0 1 1 1 0]
 [1 1 0 0 1 1 0 0 0 1]
 [0 1 1 0 0 0 0 0 0 1]]
branch at 5
runtime for solving id of Q is 1.2077694442123175
Simulation results:
{'J': 50, 'K': 10, 'N': 10, 'p': 0.7, 'seed': 190, 'sim': 5, 'runtime': 1.2077694442123175, 'identifiable': 0, 'branch': 5}
6
Q: [[1 0 0 0 0 1 1 1 1 0]
 [1 0 1 1 0 0 1 1 1 1]
 [1 1 0 1 0 1 1 1 1 1]
 [1 1 1 1 0 1 0 1 1 1]
 [1 0 1 1 1 0 1 1 1 0]
 [0 1 1 0 1 0 0 1 1 1]
 [1 1 0 0 1 1 1 1 0 1]
 [1 1 1 1 1 0 1 0 0 1]
 [1 1 0 1 0 0 1 1 0 1]
 [0 0 1 1 0 1 0 1 0 0]
 [1 1 1 1 1 1 0 0 1 1]
 [0 1 1 1 1 0 1 1 1 1]
 [1 1 1 0 1 1 1 1 1 1]
 [1 0 1 1 0 1 0 1 1 0]
 [1 0 1 1 1 1 0 1 0 1]
 [1 1 1 0 0 1 0 1 1 1]
 [1 0 0 0 0 1 0 1 1 0]
 [1 1 1 1 0 1 1 1 1 1]
 [0 0 1 0 1 0 0 0 1 1]
 [1 1 1 1 1 1 1 0 1 1]
 [0 0 1 1 1 1 1 0 0 1]
 [1 1 1 1 1 1 1 1 1 0]
 [1 1 1 1 1 1 1 1 0 1]
 [0 1 1 1 1 1 1 1 0 1]
 [1 1 0 1 0 1 1 1 1 1]
 [0 1 1 0 1 1 1 0 0 1]
 [1 1 1 0 1 1 1 1 1 1]
 [0 1 0 0 1 1 1 1 1 0]
 [1 0 0 0 0 0 1 1 1 1]
 [0 1 0 1 1 1 0 1 1 1]
 [1 1 0 0 1 1 1 1 1 1]
 [1 1 1 1 1 1 0 1 1 1]
 [0 1 1 1 1 1 1 1 1 1]
 [1 1 1 1 0 0 1 0 1 1]
 [0 1 1 1 1 1 1 1 1 1]
 [1 0 1 1 1 1 1 1 1 1]
 [1 1 1 1 0 0 1 1 1 1]
 [1 1 1 1 1 1 1 1 1 1]
 [1 1 1 1 0 0 1 1 1 0]
 [1 1 1 1 1 0 1 1 1 1]
 [1 0 1 1 1 0 1 0 1 1]
 [1 0 0 0 1 0 1 1 1 1]
 [0 0 0 1 1 1 0 1 1 1]
 [0 0 1 1 1 1 0 0 0 1]
 [1 0 1 1 1 0 1 0 1 1]
 [0 0 1 1 1 1 1 1 1 0]
 [1 0 1 0 0 1 1 1 0 1]
 [1 1 1 1 1 1 1 1 0 1]
 [1 1 1 0 1 1 0 1 1 1]
 [1 1 1 0 1 1 1 1 0 1]]
{'restarts': 15, 'conflicts': 5310, 'decisions': 10545, 'propagations': 2049256}
Q is not identifiable, and Q_bar is [[0 1 1 1 0 0 0 0 1 0]
 [1 1 1 1 0 1 0 1 0 0]
 [1 1 1 1 0 1 1 0 1 0]
 [1 1 0 1 0 1 1 1 1 0]
 [0 1 1 1 0 1 0 1 0 1]
 [0 0 0 1 1 0 1 1 0 1]
 [1 0 1 1 1 0 1 0 1 0]
 [1 0 1 0 1 1 1 1 0 0]
 [1 0 1 1 0 1 1 0 0 0]
 [0 0 0 1 0 1 0 1 1 0]
 [1 0 0 0 1 1 1 1 1 1]
 [0 0 1 1 1 1 1 1 0 1]
 [1 1 1 1 1 0 1 1 1 1]
 [0 1 0 1 0 1 0 1 1 0]
 [1 0 0 1 1 1 0 1 1 0]
 [1 1 0 1 0 0 1 1 1 0]
 [0 1 0 1 0 0 0 0 1 0]
 [1 1 1 1 0 1 1 1 1 0]
 [0 0 0 0 1 0 0 1 0 1]
 [1 0 1 0 1 1 1 1 1 1]
 [0 0 1 0 1 1 0 1 1 0]
 [0 1 1 1 0 1 1 1 1 1]
 [1 0 1 1 1 1 1 1 1 0]
 [0 0 1 1 1 1 1 1 1 0]
 [1 1 1 1 0 1 1 0 1 0]
 [0 0 1 0 1 0 1 1 1 0]
 [1 1 1 1 1 0 1 1 1 1]
 [0 0 1 1 0 0 1 0 1 1]
 [1 1 1 1 0 0 0 0 0 0]
 [0 0 0 1 1 1 1 0 1 1]
 [1 1 1 1 0 0 1 0 1 1]
 [0 1 0 1 1 1 1 1 1 1]
 [0 0 1 1 1 1 1 1 1 1]
 [1 1 1 0 0 1 1 1 0 0]
 [0 0 1 1 1 1 1 1 1 1]
 [1 1 1 1 1 1 0 1 1 1]
 [1 1 1 1 0 1 1 1 0 0]
 [1 1 1 1 1 1 1 1 1 1]
 [0 1 1 1 0 1 1 1 0 0]
 [1 1 1 1 1 1 1 1 0 1]
 [1 0 1 0 1 1 0 1 0 1]
 [1 1 1 1 1 0 0 0 0 0]
 [0 0 0 1 1 1 0 0 1 1]
 [0 0 0 0 1 1 0 1 1 0]
 [1 0 1 0 1 1 0 1 0 1]
 [0 0 1 1 0 1 0 1 1 1]
 [1 0 1 1 0 0 0 1 1 0]
 [1 0 1 1 1 1 1 1 1 0]
 [0 1 0 1 1 0 1 1 1 1]
 [1 0 1 1 1 0 1 1 1 0]]
branch at 5
runtime for solving id of Q is 0.35892175510525703
Simulation results:
{'J': 50, 'K': 10, 'N': 10, 'p': 0.7, 'seed': 190, 'sim': 6, 'runtime': 0.35892175510525703, 'identifiable': 0, 'branch': 5}
7
Q: [[0 1 1 0 1 1 1 1 1 1]
 [1 0 0 1 1 1 1 1 1 0]
 [1 0 1 0 1 1 0 0 0 0]
 [0 1 1 1 1 0 1 1 0 1]
 [1 0 1 1 1 1 1 1 0 0]
 [1 1 0 0 1 1 0 1 1 1]
 [1 1 0 0 1 1 1 1 0 0]
 [0 1 1 1 0 1 0 1 1 0]
 [1 1 1 1 0 0 1 0 1 1]
 [1 1 1 1 1 0 1 0 1 1]
 [1 1 1 1 1 1 1 1 1 1]
 [1 0 1 1 1 1 1 1 1 1]
 [1 0 1 0 1 1 0 1 1 1]
 [1 0 1 1 1 1 1 0 0 0]
 [0 1 1 0 1 1 1 1 1 1]
 [1 1 1 0 1 0 0 1 1 1]
 [1 1 1 1 0 0 1 0 1 1]
 [1 1 0 1 1 0 1 0 1 1]
 [1 1 0 0 1 1 1 1 0 1]
 [1 1 1 1 1 0 0 1 0 1]
 [0 1 1 0 1 1 1 0 0 1]
 [1 1 0 1 1 1 0 1 1 1]
 [1 1 1 1 1 1 1 1 1 1]
 [1 1 1 1 1 0 1 1 1 0]
 [1 1 0 0 1 1 1 1 1 0]
 [1 1 0 1 1 1 1 1 1 0]
 [1 0 1 0 0 1 0 1 1 1]
 [0 1 1 1 0 1 1 1 1 1]
 [1 1 1 1 1 0 0 0 1 1]
 [0 1 0 1 1 0 1 1 1 1]
 [1 0 1 1 1 1 0 1 1 1]
 [1 1 1 1 1 1 1 1 0 1]
 [1 1 0 0 1 1 1 1 1 1]
 [1 1 1 1 0 1 1 1 1 1]
 [1 1 1 0 1 1 1 1 1 0]
 [1 0 1 1 0 1 1 1 1 1]
 [0 0 1 0 0 1 1 0 1 1]
 [1 1 1 1 0 1 1 1 1 1]
 [1 0 1 1 0 1 1 0 1 1]
 [1 1 1 0 0 1 1 0 1 1]
 [1 1 1 0 1 0 1 1 1 0]
 [1 1 1 0 1 1 1 1 0 1]
 [0 1 1 0 0 1 1 0 1 1]
 [0 0 1 0 1 0 1 1 0 1]
 [1 0 1 0 1 1 1 1 1 1]
 [1 1 1 0 0 1 1 0 0 1]
 [0 1 0 1 1 1 1 1 1 1]
 [0 0 0 0 1 1 0 1 1 0]
 [1 1 0 1 0 1 1 1 0 1]
 [1 1 1 1 1 1 1 1 1 1]]
{'restarts': 43, 'conflicts': 18531, 'decisions': 29534, 'propagations': 7225352}
Q is identifiable
branch at 6
runtime for solving id of Q is 1.2079452564939857
Simulation results:
{'J': 50, 'K': 10, 'N': 10, 'p': 0.7, 'seed': 190, 'sim': 7, 'runtime': 1.2079452564939857, 'identifiable': 1, 'branch': 6}
8
Q: [[0 0 1 1 1 1 1 1 1 0]
 [1 1 1 1 1 1 1 0 1 1]
 [0 0 1 1 0 1 1 1 0 1]
 [1 1 1 0 1 1 1 1 1 0]
 [1 1 1 1 1 0 1 1 1 1]
 [1 0 0 0 0 0 0 1 1 0]
 [1 0 1 1 1 1 1 1 0 1]
 [1 1 0 0 1 1 0 1 1 1]
 [1 1 1 1 0 0 1 0 1 1]
 [1 1 1 1 0 1 0 1 1 0]
 [1 0 1 0 1 0 0 1 1 1]
 [0 1 0 0 1 1 1 1 0 1]
 [1 1 1 1 0 0 0 0 0 0]
 [0 1 0 1 0 1 1 1 0 1]
 [0 0 0 1 1 1 1 1 1 1]
 [0 0 1 1 1 1 1 1 1 1]
 [0 1 1 0 1 0 1 1 1 1]
 [0 1 1 0 0 1 1 1 1 1]
 [1 1 0 1 1 1 1 1 1 0]
 [0 1 0 1 1 1 1 0 1 1]
 [1 0 1 0 1 0 1 1 1 1]
 [1 0 0 0 1 0 1 1 1 1]
 [1 1 1 1 1 1 1 1 1 1]
 [1 1 1 1 1 1 1 1 1 1]
 [1 0 1 1 1 1 1 1 0 0]
 [0 0 0 1 0 1 1 0 1 1]
 [1 1 1 1 0 1 1 1 1 1]
 [1 0 1 1 1 1 1 1 1 1]
 [1 1 1 1 1 1 0 1 0 1]
 [1 1 1 0 1 1 1 1 1 0]
 [0 0 0 0 1 1 1 1 1 0]
 [1 1 0 1 0 1 1 1 1 1]
 [1 1 1 1 0 0 1 1 0 1]
 [1 0 0 1 1 0 0 1 1 1]
 [1 1 0 1 1 1 0 1 1 0]
 [1 1 1 1 1 1 0 1 1 1]
 [1 0 1 1 0 0 1 0 0 0]
 [1 1 1 0 1 1 1 1 0 1]
 [1 0 1 1 0 0 1 1 1 1]
 [1 1 1 1 1 0 1 1 1 1]
 [1 0 1 1 1 0 1 1 0 0]
 [1 1 0 0 1 1 1 1 0 1]
 [1 1 1 1 1 1 1 1 0 1]
 [1 1 0 1 0 1 1 1 0 0]
 [1 0 0 1 0 1 1 1 0 0]
 [1 1 0 1 1 0 1 1 1 1]
 [0 1 1 1 1 0 0 1 1 1]
 [1 1 1 0 1 1 0 1 1 0]
 [0 1 1 1 1 1 0 0 0 1]
 [0 1 1 0 1 1 1 1 0 1]]
{'restarts': 66, 'conflicts': 26048, 'decisions': 40240, 'propagations': 12936729}
Q is identifiable
branch at 6
runtime for solving id of Q is 2.270897719077766
Simulation results:
{'J': 50, 'K': 10, 'N': 10, 'p': 0.7, 'seed': 190, 'sim': 8, 'runtime': 2.270897719077766, 'identifiable': 1, 'branch': 6}
9
Q: [[0 1 1 1 0 1 1 1 1 1]
 [1 1 0 1 1 1 1 1 0 1]
 [1 1 1 1 1 0 1 1 1 1]
 [1 1 0 1 1 0 1 1 1 0]
 [0 1 1 1 1 1 1 1 1 1]
 [0 0 0 1 1 0 1 1 1 1]
 [1 1 1 1 1 0 1 1 1 1]
 [1 0 1 0 1 0 1 1 1 1]
 [1 1 1 1 1 0 1 1 1 0]
 [1 1 1 0 1 0 0 0 1 1]
 [0 1 0 1 0 0 1 0 0 0]
 [1 0 0 1 1 0 1 1 1 1]
 [1 1 1 0 1 1 1 1 1 0]
 [1 1 1 1 0 1 1 1 1 1]
 [1 0 1 1 0 1 1 0 1 0]
 [0 0 1 1 0 0 0 0 1 1]
 [1 1 1 1 1 1 0 0 0 1]
 [1 1 1 1 0 1 1 1 1 0]
 [1 1 1 1 1 0 0 1 0 1]
 [0 1 1 1 0 1 1 1 1 1]
 [1 0 0 1 1 0 1 0 0 1]
 [1 1 1 1 1 0 1 1 1 1]
 [1 0 0 1 1 1 1 1 1 1]
 [1 1 1 1 1 1 0 1 0 0]
 [1 1 0 1 1 0 1 0 0 1]
 [1 1 1 1 1 1 1 0 0 1]
 [1 1 1 1 0 1 1 1 1 1]
 [1 1 1 1 0 1 1 1 1 1]
 [1 1 0 0 1 1 1 0 1 0]
 [1 0 1 0 0 1 1 1 0 1]
 [1 1 1 1 1 0 1 0 0 1]
 [1 1 1 1 1 0 0 0 0 0]
 [1 0 1 0 1 1 1 1 1 1]
 [1 1 0 1 1 1 0 0 0 1]
 [1 0 1 1 1 0 1 0 1 0]
 [1 1 0 1 1 0 0 1 1 1]
 [1 0 1 0 1 1 0 1 1 1]
 [1 0 1 1 0 1 1 0 1 0]
 [1 0 1 1 1 1 1 1 1 0]
 [1 0 1 1 1 1 1 1 1 0]
 [0 1 0 1 1 1 1 1 1 1]
 [1 1 0 1 1 0 1 1 0 1]
 [1 0 1 1 0 0 0 0 0 0]
 [1 0 1 1 0 1 0 1 1 1]
 [1 1 1 1 1 1 1 1 1 1]
 [1 1 1 0 0 1 1 1 1 1]
 [1 0 1 1 1 1 1 1 1 0]
 [1 0 1 1 1 1 1 0 1 1]
 [1 1 1 1 1 1 0 0 1 1]
 [1 1 1 1 1 1 1 1 0 1]]
{'restarts': 46, 'conflicts': 14057, 'decisions': 23568, 'propagations': 5096539}
Q is not identifiable, and Q_bar is [[0 1 1 1 1 0 0 1 1 1]
 [0 1 1 0 0 1 1 0 1 1]
 [0 0 1 1 1 1 1 1 1 1]
 [0 0 1 1 0 1 0 1 1 1]
 [0 1 1 1 1 0 1 1 1 1]
 [0 0 0 1 0 0 1 0 1 1]
 [0 0 1 1 1 1 1 1 1 1]
 [0 0 0 1 1 1 0 0 1 1]
 [1 0 1 1 0 1 0 1 1 1]
 [0 0 1 1 1 1 0 0 0 0]
 [0 0 1 0 0 0 0 1 0 1]
 [0 0 0 1 0 1 1 0 1 1]
 [1 1 1 1 0 1 0 0 1 1]
 [1 1 1 1 1 0 0 1 1 1]
 [1 1 0 1 0 0 0 1 0 1]
 [0 0 0 1 1 0 0 1 0 0]
 [1 1 1 0 0 1 1 1 0 0]
 [1 1 1 1 0 0 0 1 1 1]
 [1 0 1 0 0 0 1 0 1 0]
 [0 1 1 1 1 0 0 1 1 1]
 [0 0 0 0 0 1 1 0 0 1]
 [0 0 1 1 1 1 1 1 1 1]
 [0 1 0 1 0 1 1 0 1 1]
 [1 1 1 0 0 1 0 1 1 0]
 [0 0 1 0 0 1 1 1 0 1]
 [1 1 1 0 0 1 1 1 0 1]
 [1 1 1 1 1 0 0 1 1 1]
 [1 1 1 1 1 0 0 1 1 1]
 [0 1 1 1 0 1 0 0 0 1]
 [1 1 0 0 1 0 0 0 1 1]
 [1 0 1 0 0 1 1 1 0 1]
 [1 0 1 0 0 1 0 1 0 0]
 [1 1 0 1 1 1 0 0 1 1]
 [0 1 1 0 0 1 1 0 0 0]
 [1 0 0 1 0 1 0 1 0 1]
 [0 0 1 1 0 1 1 0 1 0]
 [0 1 0 1 1 1 0 0 1 0]
 [1 1 0 1 0 0 0 1 0 1]
 [1 1 0 1 0 1 0 1 1 1]
 [1 1 0 1 0 1 0 1 1 1]
 [0 1 1 1 0 0 1 0 1 1]
 [0 0 1 0 0 1 1 0 1 1]
 [1 0 0 0 0 0 0 1 0 0]
 [1 1 0 1 1 0 0 1 1 0]
 [0 1 1 1 1 1 1 1 1 1]
 [1 1 1 1 1 0 0 0 1 1]
 [1 1 0 1 0 1 0 1 1 1]
 [1 1 0 1 0 1 1 1 0 1]
 [0 1 1 1 1 1 1 1 0 0]
 [1 1 1 0 1 1 1 1 1 1]]
branch at 5
runtime for solving id of Q is 0.9540623584762216
Simulation results:
{'J': 50, 'K': 10, 'N': 10, 'p': 0.7, 'seed': 190, 'sim': 9, 'runtime': 0.9540623584762216, 'identifiable': 0, 'branch': 5}
Simulation results:
[{'J': 50, 'K': 10, 'N': 10, 'p': 0.7, 'seed': 190, 'sim': 0, 'runtime': 1.5989258466288447, 'identifiable': 1, 'branch': 6}, {'J': 50, 'K': 10, 'N': 10, 'p': 0.7, 'seed': 190, 'sim': 1, 'runtime': 38.80459976103157, 'identifiable': 1, 'branch': 6}, {'J': 50, 'K': 10, 'N': 10, 'p': 0.7, 'seed': 190, 'sim': 2, 'runtime': 0.2771345488727093, 'identifiable': 1, 'branch': 6}, {'J': 50, 'K': 10, 'N': 10, 'p': 0.7, 'seed': 190, 'sim': 3, 'runtime': 0.26430542301386595, 'identifiable': 1, 'branch': 6}, {'J': 50, 'K': 10, 'N': 10, 'p': 0.7, 'seed': 190, 'sim': 4, 'runtime': 0.17622236628085375, 'identifiable': 1, 'branch': 6}, {'J': 50, 'K': 10, 'N': 10, 'p': 0.7, 'seed': 190, 'sim': 5, 'runtime': 1.2077694442123175, 'identifiable': 0, 'branch': 5}, {'J': 50, 'K': 10, 'N': 10, 'p': 0.7, 'seed': 190, 'sim': 6, 'runtime': 0.35892175510525703, 'identifiable': 0, 'branch': 5}, {'J': 50, 'K': 10, 'N': 10, 'p': 0.7, 'seed': 190, 'sim': 7, 'runtime': 1.2079452564939857, 'identifiable': 1, 'branch': 6}, {'J': 50, 'K': 10, 'N': 10, 'p': 0.7, 'seed': 190, 'sim': 8, 'runtime': 2.270897719077766, 'identifiable': 1, 'branch': 6}, {'J': 50, 'K': 10, 'N': 10, 'p': 0.7, 'seed': 190, 'sim': 9, 'runtime': 0.9540623584762216, 'identifiable': 0, 'branch': 5}]
