
The Gurobi software has a limited number of licenses. To request a license or
licenses, add this line

    #SBATCH --licenses=gurobi@slurmdb:1

to your SBATCH script, replacing N with the number of licenses you need. Gurobi
will need one license per process.


0
Q: [[1 1 1 1 1]
 [1 0 1 1 1]
 [1 0 1 1 1]
 [1 1 0 1 1]
 [1 1 0 1 1]
 [1 1 1 1 0]
 [0 1 1 0 1]
 [1 0 1 1 1]
 [0 1 1 1 1]
 [0 1 1 0 1]
 [1 1 1 1 0]
 [0 1 1 1 1]
 [1 1 0 1 1]
 [0 1 1 1 1]
 [1 0 1 1 1]
 [1 1 1 0 0]
 [1 1 1 1 1]
 [1 0 1 1 1]
 [0 0 0 1 0]
 [0 1 1 1 1]
 [1 0 1 0 1]
 [1 0 1 1 0]
 [0 1 1 1 1]
 [1 0 1 1 1]
 [1 1 0 0 1]
 [1 1 0 0 0]
 [0 0 1 1 1]
 [0 1 1 1 1]
 [0 1 1 1 0]
 [1 1 1 1 0]
 [1 0 1 1 1]
 [0 1 0 0 0]
 [1 1 1 1 1]
 [1 0 1 0 0]
 [1 1 1 1 1]
 [1 1 0 1 0]
 [1 1 1 1 1]
 [0 1 1 1 1]
 [1 0 1 0 0]
 [0 1 1 1 0]
 [0 0 1 0 1]
 [0 0 1 0 0]
 [0 1 1 0 0]
 [1 1 0 1 0]
 [1 0 1 1 0]
 [1 1 1 1 1]
 [1 0 0 1 0]
 [1 1 1 0 1]
 [1 0 1 1 0]
 [0 1 0 1 1]]
{'restarts': 1, 'conflicts': 7, 'decisions': 25, 'propagations': 505}
Q is identifiable
branch at 6
runtime for solving id of Q is 0.0042080869898200035
Simulation results:
{'J': 50, 'K': 5, 'N': 10, 'p': 0.7, 'seed': 72, 'sim': 0, 'runtime': 0.0042080869898200035, 'identifiable': 1, 'branch': 6}
1
Q: [[1 1 1 1 0]
 [1 1 0 1 0]
 [1 1 1 0 1]
 [1 1 1 1 1]
 [1 0 0 1 1]
 [1 1 0 1 1]
 [1 1 0 1 1]
 [0 1 1 1 0]
 [1 1 0 0 0]
 [1 0 0 1 1]
 [0 0 1 1 0]
 [1 1 1 1 0]
 [1 1 1 1 1]
 [1 0 1 1 1]
 [0 0 1 1 1]
 [1 1 0 1 1]
 [1 1 0 1 1]
 [1 1 0 1 1]
 [0 1 1 1 0]
 [1 1 1 1 0]
 [1 1 0 0 1]
 [0 1 1 0 1]
 [1 1 0 1 1]
 [1 1 1 1 1]
 [1 1 0 1 0]
 [1 1 1 0 1]
 [1 0 0 1 1]
 [0 0 1 1 0]
 [1 1 1 1 1]
 [1 0 1 1 0]
 [0 1 0 1 1]
 [1 1 1 1 1]
 [1 1 1 1 1]
 [1 0 1 1 1]
 [1 0 0 0 1]
 [1 1 0 1 1]
 [1 0 0 0 1]
 [1 1 1 0 1]
 [1 0 1 1 0]
 [1 1 1 1 1]
 [1 1 1 1 1]
 [1 1 1 1 1]
 [1 0 0 1 1]
 [1 0 1 1 1]
 [1 1 1 1 1]
 [1 0 0 1 1]
 [1 1 1 1 1]
 [1 1 1 1 1]
 [1 1 1 1 0]
 [1 0 1 1 1]]
{'restarts': 1, 'conflicts': 20, 'decisions': 78, 'propagations': 1124}
Q is identifiable
branch at 6
runtime for solving id of Q is 0.004088115878403187
Simulation results:
{'J': 50, 'K': 5, 'N': 10, 'p': 0.7, 'seed': 72, 'sim': 1, 'runtime': 0.004088115878403187, 'identifiable': 1, 'branch': 6}
2
Q: [[1 0 1 0 0]
 [1 0 0 1 1]
 [1 1 0 1 1]
 [0 1 1 1 1]
 [0 1 0 1 0]
 [0 1 0 0 1]
 [1 0 0 1 1]
 [0 1 1 1 1]
 [1 1 1 1 0]
 [1 1 1 0 1]
 [1 1 0 0 1]
 [0 1 0 1 1]
 [0 1 1 1 1]
 [1 0 1 1 0]
 [1 0 0 1 1]
 [0 1 1 1 0]
 [0 1 1 1 1]
 [1 0 1 1 0]
 [0 1 1 1 1]
 [1 1 1 0 1]
 [1 1 0 1 0]
 [0 1 1 1 1]
 [1 1 1 0 0]
 [0 1 0 1 1]
 [1 0 0 0 1]
 [0 1 1 0 1]
 [0 1 1 0 1]
 [0 0 0 1 0]
 [1 1 0 1 0]
 [1 1 1 0 1]
 [1 0 1 1 1]
 [0 0 0 1 1]
 [1 1 0 1 0]
 [1 1 1 1 1]
 [1 0 1 1 1]
 [1 1 1 1 0]
 [1 1 1 0 0]
 [0 1 1 1 0]
 [1 1 1 1 1]
 [1 0 1 1 1]
 [0 1 0 1 1]
 [1 0 1 1 1]
 [1 0 1 1 1]
 [0 1 1 1 0]
 [0 1 1 1 0]
 [1 1 1 1 1]
 [0 1 1 1 0]
 [0 1 1 1 1]
 [1 0 1 1 1]
 [1 1 1 1 1]]
{'restarts': 1, 'conflicts': 15, 'decisions': 36, 'propagations': 936}
Q is identifiable
branch at 6
runtime for solving id of Q is 0.0038077635690569878
Simulation results:
{'J': 50, 'K': 5, 'N': 10, 'p': 0.7, 'seed': 72, 'sim': 2, 'runtime': 0.0038077635690569878, 'identifiable': 1, 'branch': 6}
3
Q: [[1 1 1 0 1]
 [1 1 0 1 1]
 [0 1 1 1 0]
 [1 1 1 1 1]
 [0 1 1 1 1]
 [0 1 1 1 1]
 [0 1 0 0 0]
 [1 0 0 1 1]
 [1 0 0 1 0]
 [1 1 1 1 1]
 [1 1 1 1 1]
 [0 1 1 1 1]
 [0 0 1 0 1]
 [1 0 1 1 1]
 [0 1 1 0 0]
 [0 1 1 1 1]
 [0 0 1 0 1]
 [1 0 1 0 0]
 [1 0 1 1 0]
 [1 1 1 1 0]
 [1 1 1 1 1]
 [1 1 1 1 1]
 [1 1 1 0 1]
 [1 1 0 0 1]
 [1 1 1 1 1]
 [0 0 0 1 1]
 [1 1 1 0 1]
 [1 1 1 0 1]
 [0 1 0 1 0]
 [1 1 1 1 1]
 [0 1 0 1 1]
 [1 0 1 1 0]
 [1 1 0 0 1]
 [0 1 1 1 1]
 [1 1 1 1 1]
 [1 1 0 0 1]
 [1 0 1 1 0]
 [1 1 1 1 1]
 [0 1 1 1 0]
 [0 0 1 1 1]
 [1 1 0 1 1]
 [1 0 1 1 1]
 [1 0 1 0 0]
 [0 1 1 1 1]
 [1 0 1 1 0]
 [0 0 0 1 1]
 [0 1 0 1 0]
 [1 1 1 1 1]
 [1 1 1 0 0]
 [1 0 1 1 1]]
{'restarts': 1, 'conflicts': 17, 'decisions': 39, 'propagations': 873}
Q is identifiable
branch at 6
runtime for solving id of Q is 0.0032561607658863068
Simulation results:
{'J': 50, 'K': 5, 'N': 10, 'p': 0.7, 'seed': 72, 'sim': 3, 'runtime': 0.0032561607658863068, 'identifiable': 1, 'branch': 6}
4
Q: [[0 1 0 1 1]
 [0 1 1 1 0]
 [1 1 1 1 1]
 [1 1 0 1 1]
 [1 0 1 1 0]
 [1 1 0 1 1]
 [0 1 1 1 1]
 [0 0 0 1 0]
 [1 1 0 0 1]
 [1 1 1 1 1]
 [1 1 0 0 1]
 [1 1 1 1 0]
 [0 1 1 1 1]
 [0 1 1 1 1]
 [1 1 1 0 0]
 [1 1 1 0 1]
 [1 1 1 1 1]
 [1 1 1 1 0]
 [1 0 1 0 1]
 [1 1 1 0 1]
 [1 1 0 0 1]
 [0 1 0 0 1]
 [1 1 1 0 0]
 [1 1 1 1 0]
 [0 0 0 0 0]
 [1 0 1 0 1]
 [1 1 1 0 0]
 [1 0 1 1 1]
 [0 0 0 1 1]
 [1 1 1 0 0]
 [1 1 1 1 0]
 [0 1 1 0 1]
 [1 0 1 1 1]
 [1 0 1 1 1]
 [1 0 1 1 1]
 [0 1 1 1 1]
 [1 1 1 0 0]
 [1 0 1 1 1]
 [1 1 0 1 1]
 [0 1 1 1 1]
 [0 0 1 1 1]
 [0 1 1 0 1]
 [1 1 1 1 1]
 [0 1 1 1 1]
 [1 1 0 0 1]
 [1 0 1 0 0]
 [1 1 0 1 0]
 [1 1 0 1 1]
 [0 1 1 1 1]
 [1 1 1 1 1]]
{'restarts': 1, 'conflicts': 10, 'decisions': 51, 'propagations': 656}
Q is identifiable
branch at 6
runtime for solving id of Q is 0.004171363078057766
Simulation results:
{'J': 50, 'K': 5, 'N': 10, 'p': 0.7, 'seed': 72, 'sim': 4, 'runtime': 0.004171363078057766, 'identifiable': 1, 'branch': 6}
5
Q: [[1 1 0 1 1]
 [0 1 0 0 1]
 [0 1 1 0 1]
 [0 1 1 1 0]
 [0 1 1 1 1]
 [0 1 0 1 1]
 [0 1 1 1 1]
 [1 0 1 1 1]
 [1 1 1 0 1]
 [1 0 0 1 1]
 [0 1 1 1 0]
 [0 1 0 0 0]
 [1 0 1 1 1]
 [1 0 1 0 1]
 [0 1 1 1 1]
 [0 1 1 1 0]
 [1 0 1 1 1]
 [1 1 1 0 1]
 [1 1 1 0 1]
 [1 1 1 0 1]
 [1 1 0 1 0]
 [1 1 1 1 1]
 [1 0 1 1 1]
 [0 0 0 1 1]
 [0 1 1 1 1]
 [1 1 1 1 0]
 [1 1 1 1 0]
 [1 1 1 0 0]
 [1 0 1 1 1]
 [0 0 1 1 0]
 [0 0 1 0 1]
 [1 0 1 1 0]
 [1 1 1 0 1]
 [1 1 1 0 1]
 [1 1 1 1 0]
 [1 1 0 0 0]
 [1 1 1 1 1]
 [1 0 1 0 1]
 [0 1 0 1 1]
 [1 0 1 1 1]
 [1 1 1 1 1]
 [1 1 1 1 1]
 [0 1 1 1 1]
 [0 1 1 1 1]
 [0 1 1 1 0]
 [1 1 1 1 1]
 [1 1 1 1 1]
 [1 0 1 1 1]
 [1 1 1 1 0]
 [0 1 1 0 0]]
{'restarts': 1, 'conflicts': 17, 'decisions': 32, 'propagations': 885}
Q is identifiable
branch at 6
runtime for solving id of Q is 0.004642697051167488
Simulation results:
{'J': 50, 'K': 5, 'N': 10, 'p': 0.7, 'seed': 72, 'sim': 5, 'runtime': 0.004642697051167488, 'identifiable': 1, 'branch': 6}
6
Q: [[1 1 1 1 1]
 [1 1 1 1 0]
 [0 1 0 1 1]
 [0 1 1 1 0]
 [0 1 1 0 0]
 [0 1 1 1 1]
 [1 1 0 1 1]
 [0 1 1 0 0]
 [1 0 0 1 0]
 [1 1 1 1 0]
 [0 1 1 1 1]
 [1 1 1 1 1]
 [0 1 0 0 1]
 [0 1 0 1 0]
 [1 1 1 0 1]
 [1 1 1 1 1]
 [1 1 1 1 1]
 [0 1 1 1 1]
 [0 1 0 1 1]
 [1 1 1 0 1]
 [1 1 1 1 0]
 [1 0 1 1 1]
 [0 0 1 0 1]
 [1 1 1 1 0]
 [1 1 1 0 1]
 [1 1 0 1 0]
 [1 0 1 1 1]
 [0 1 1 1 0]
 [1 0 0 1 1]
 [0 0 1 1 0]
 [0 1 1 1 1]
 [1 1 1 1 1]
 [1 1 0 1 0]
 [0 0 1 1 1]
 [0 0 1 1 1]
 [1 0 1 1 0]
 [1 1 1 1 1]
 [1 0 1 1 1]
 [1 1 1 1 1]
 [1 1 1 1 0]
 [1 0 0 1 1]
 [1 0 1 0 0]
 [0 0 0 1 1]
 [0 0 0 0 1]
 [0 1 1 1 0]
 [1 0 1 1 1]
 [1 1 0 1 0]
 [0 1 1 1 0]
 [1 1 1 1 0]
 [0 1 1 0 0]]
{'restarts': 1, 'conflicts': 11, 'decisions': 22, 'propagations': 332}
Q is identifiable
branch at 6
runtime for solving id of Q is 0.0034049293026328087
Simulation results:
{'J': 50, 'K': 5, 'N': 10, 'p': 0.7, 'seed': 72, 'sim': 6, 'runtime': 0.0034049293026328087, 'identifiable': 1, 'branch': 6}
7
Q: [[1 0 1 1 0]
 [1 0 1 0 0]
 [1 1 1 1 1]
 [1 0 1 1 0]
 [1 0 1 0 1]
 [0 1 1 0 1]
 [1 1 0 1 1]
 [1 1 0 0 1]
 [1 1 0 0 1]
 [1 1 1 0 1]
 [1 1 1 1 1]
 [1 1 0 1 0]
 [1 1 0 1 1]
 [1 1 1 0 1]
 [1 1 0 1 1]
 [0 0 1 1 1]
 [1 1 0 1 1]
 [1 1 0 1 1]
 [1 1 1 1 0]
 [1 1 1 1 1]
 [1 0 1 0 1]
 [1 0 1 1 1]
 [1 1 1 0 0]
 [0 1 1 1 1]
 [1 0 1 1 1]
 [1 1 1 0 1]
 [1 0 0 1 1]
 [1 1 0 0 0]
 [0 1 1 1 0]
 [1 0 1 1 1]
 [1 1 1 0 0]
 [1 0 1 1 0]
 [1 1 1 1 1]
 [1 1 1 0 1]
 [1 0 1 1 1]
 [1 1 1 1 1]
 [0 1 0 1 1]
 [1 1 1 1 1]
 [1 0 1 1 1]
 [0 1 1 1 0]
 [1 1 0 1 0]
 [0 0 1 1 0]
 [1 1 0 0 1]
 [1 1 1 0 1]
 [0 1 1 1 0]
 [0 1 1 1 0]
 [0 0 0 1 0]
 [0 0 0 1 0]
 [1 1 0 0 1]
 [1 1 0 1 1]]
{'restarts': 1, 'conflicts': 11, 'decisions': 51, 'propagations': 794}
Q is identifiable
branch at 6
runtime for solving id of Q is 0.004211047664284706
Simulation results:
{'J': 50, 'K': 5, 'N': 10, 'p': 0.7, 'seed': 72, 'sim': 7, 'runtime': 0.004211047664284706, 'identifiable': 1, 'branch': 6}
8
Q: [[1 1 1 1 1]
 [1 1 0 1 0]
 [1 1 1 1 1]
 [1 1 0 1 1]
 [1 0 1 1 0]
 [0 1 1 0 1]
 [0 0 1 0 1]
 [1 1 1 1 1]
 [0 1 1 1 1]
 [1 0 0 1 0]
 [1 0 1 0 1]
 [1 1 0 1 0]
 [1 0 0 1 1]
 [1 1 1 1 0]
 [0 1 1 0 0]
 [1 1 0 1 0]
 [0 1 1 1 1]
 [1 1 0 0 1]
 [0 1 1 1 1]
 [1 1 1 1 0]
 [1 1 1 1 1]
 [1 1 1 1 0]
 [1 1 1 1 1]
 [0 0 1 1 1]
 [1 1 1 1 1]
 [1 1 1 1 1]
 [1 1 1 1 0]
 [1 0 1 0 1]
 [1 1 0 1 1]
 [0 1 1 1 1]
 [1 1 1 1 1]
 [0 1 1 1 1]
 [1 1 0 1 1]
 [0 0 1 1 1]
 [1 1 1 1 0]
 [1 1 1 1 1]
 [1 1 0 1 1]
 [1 1 1 1 0]
 [0 1 0 1 1]
 [1 0 1 1 1]
 [1 1 0 0 0]
 [1 1 1 1 1]
 [0 1 0 1 0]
 [1 0 1 1 1]
 [0 1 1 1 1]
 [1 1 1 1 1]
 [1 0 1 1 1]
 [0 1 1 1 1]
 [1 0 0 1 0]
 [1 1 1 0 1]]
{'restarts': 1, 'conflicts': 17, 'decisions': 34, 'propagations': 1031}
Q is identifiable
branch at 6
runtime for solving id of Q is 0.00435351487249136
Simulation results:
{'J': 50, 'K': 5, 'N': 10, 'p': 0.7, 'seed': 72, 'sim': 8, 'runtime': 0.00435351487249136, 'identifiable': 1, 'branch': 6}
9
Q: [[0 0 1 1 0]
 [0 0 1 1 1]
 [0 0 0 0 0]
 [1 0 1 1 1]
 [0 1 1 1 1]
 [0 1 0 0 1]
 [1 1 1 1 1]
 [1 0 1 1 1]
 [1 1 0 1 1]
 [1 1 1 1 1]
 [1 0 1 1 0]
 [1 1 1 1 0]
 [1 1 1 0 1]
 [1 1 1 1 1]
 [1 1 1 1 1]
 [1 1 0 1 0]
 [0 1 1 1 0]
 [0 1 0 1 1]
 [1 1 1 1 1]
 [1 1 1 1 1]
 [1 1 0 0 1]
 [1 0 1 0 1]
 [0 1 1 1 1]
 [1 0 0 1 0]
 [0 0 1 1 0]
 [1 1 1 0 1]
 [1 1 1 0 0]
 [1 0 0 1 1]
 [1 1 1 1 0]
 [1 1 1 1 1]
 [0 1 1 1 1]
 [1 0 1 1 1]
 [1 1 0 1 1]
 [0 1 0 1 1]
 [0 1 0 1 1]
 [1 1 1 0 1]
 [1 0 0 1 0]
 [1 1 0 0 0]
 [1 1 0 1 1]
 [0 1 1 1 0]
 [1 1 0 1 1]
 [1 0 1 1 1]
 [1 0 0 1 0]
 [1 0 1 1 1]
 [0 1 1 0 1]
 [1 1 1 1 0]
 [1 1 1 1 0]
 [1 1 0 1 0]
 [0 0 1 1 1]
 [0 1 1 1 1]]
{'restarts': 1, 'conflicts': 22, 'decisions': 47, 'propagations': 1158}
Q is identifiable
branch at 6
runtime for solving id of Q is 0.004367713816463947
Simulation results:
{'J': 50, 'K': 5, 'N': 10, 'p': 0.7, 'seed': 72, 'sim': 9, 'runtime': 0.004367713816463947, 'identifiable': 1, 'branch': 6}
Simulation results:
[{'J': 50, 'K': 5, 'N': 10, 'p': 0.7, 'seed': 72, 'sim': 0, 'runtime': 0.0042080869898200035, 'identifiable': 1, 'branch': 6}, {'J': 50, 'K': 5, 'N': 10, 'p': 0.7, 'seed': 72, 'sim': 1, 'runtime': 0.004088115878403187, 'identifiable': 1, 'branch': 6}, {'J': 50, 'K': 5, 'N': 10, 'p': 0.7, 'seed': 72, 'sim': 2, 'runtime': 0.0038077635690569878, 'identifiable': 1, 'branch': 6}, {'J': 50, 'K': 5, 'N': 10, 'p': 0.7, 'seed': 72, 'sim': 3, 'runtime': 0.0032561607658863068, 'identifiable': 1, 'branch': 6}, {'J': 50, 'K': 5, 'N': 10, 'p': 0.7, 'seed': 72, 'sim': 4, 'runtime': 0.004171363078057766, 'identifiable': 1, 'branch': 6}, {'J': 50, 'K': 5, 'N': 10, 'p': 0.7, 'seed': 72, 'sim': 5, 'runtime': 0.004642697051167488, 'identifiable': 1, 'branch': 6}, {'J': 50, 'K': 5, 'N': 10, 'p': 0.7, 'seed': 72, 'sim': 6, 'runtime': 0.0034049293026328087, 'identifiable': 1, 'branch': 6}, {'J': 50, 'K': 5, 'N': 10, 'p': 0.7, 'seed': 72, 'sim': 7, 'runtime': 0.004211047664284706, 'identifiable': 1, 'branch': 6}, {'J': 50, 'K': 5, 'N': 10, 'p': 0.7, 'seed': 72, 'sim': 8, 'runtime': 0.00435351487249136, 'identifiable': 1, 'branch': 6}, {'J': 50, 'K': 5, 'N': 10, 'p': 0.7, 'seed': 72, 'sim': 9, 'runtime': 0.004367713816463947, 'identifiable': 1, 'branch': 6}]
