
The Gurobi software has a limited number of licenses. To request a license or
licenses, add this line

    #SBATCH --licenses=gurobi@slurmdb:1

to your SBATCH script, replacing N with the number of licenses you need. Gurobi
will need one license per process.


0
Q: [[0 1 0 0 0 0 0 0 0 0 0 1 1 0 1]
 [1 1 1 1 1 0 1 1 0 1 1 1 0 1 1]
 [1 1 1 0 0 1 1 1 0 0 1 0 0 0 1]
 [0 1 1 1 0 1 1 0 0 0 0 1 0 0 0]
 [0 1 1 0 1 0 0 0 0 0 0 0 0 0 0]
 [1 0 1 0 0 1 1 0 1 0 0 1 0 0 0]
 [1 0 0 0 1 0 1 0 1 1 0 0 1 1 0]
 [0 1 1 0 1 0 1 0 1 1 1 0 1 1 1]
 [0 1 1 0 0 1 1 1 1 1 0 0 1 1 1]
 [1 1 1 1 1 0 1 0 1 1 0 0 1 0 1]
 [1 0 1 0 1 0 1 0 1 0 1 1 1 0 0]
 [0 1 0 1 0 1 1 0 0 0 1 1 1 1 0]
 [1 0 1 0 1 0 0 0 1 1 1 1 1 1 1]
 [0 1 1 0 0 1 0 0 1 0 1 0 0 0 1]
 [1 0 0 1 0 0 0 0 1 1 0 0 0 0 1]
 [0 0 0 1 1 0 1 1 0 1 1 0 0 0 0]
 [0 0 1 0 1 0 1 0 1 0 1 0 0 0 0]
 [1 1 0 0 1 0 0 0 0 1 0 1 1 1 1]
 [0 0 0 0 0 1 1 1 0 1 1 1 0 0 0]
 [1 0 0 0 1 1 1 1 1 0 0 1 1 1 1]
 [1 1 0 1 0 1 1 0 0 1 0 1 0 0 1]
 [0 1 0 1 1 0 1 1 1 0 1 1 1 0 0]
 [0 0 1 1 1 0 0 0 0 0 0 1 1 0 0]
 [0 1 1 1 1 1 1 1 0 1 0 1 0 1 1]
 [0 1 1 1 0 0 1 1 1 0 1 0 0 1 1]]
Q is not identifiable (two-column submatrix not identifiable).
Q is not identifiable, and Q_bar is [[0 1 0 0 0 0 0 0 0 0 0 1 1 0 1]
 [1 1 1 1 1 0 0 1 0 1 1 1 0 1 1]
 [1 1 1 0 0 1 0 1 0 0 1 0 0 0 1]
 [0 1 1 1 0 1 1 0 0 0 0 1 0 0 0]
 [0 1 1 0 1 0 0 0 0 0 0 0 0 0 0]
 [1 0 1 0 0 1 1 0 1 0 0 1 0 0 0]
 [1 0 0 0 1 0 1 0 1 1 0 0 1 1 0]
 [0 1 1 0 1 0 1 0 1 1 1 0 1 1 1]
 [0 1 1 0 0 1 0 1 1 1 0 0 1 1 1]
 [1 1 1 1 1 0 1 0 1 1 0 0 1 0 1]
 [1 0 1 0 1 0 1 0 1 0 1 1 1 0 0]
 [0 1 0 1 0 1 1 0 0 0 1 1 1 1 0]
 [1 0 1 0 1 0 0 0 1 1 1 1 1 1 1]
 [0 1 1 0 0 1 0 0 1 0 1 0 0 0 1]
 [1 0 0 1 0 0 0 0 1 1 0 0 0 0 1]
 [0 0 0 1 1 0 0 1 0 1 1 0 0 0 0]
 [0 0 1 0 1 0 1 0 1 0 1 0 0 0 0]
 [1 1 0 0 1 0 0 0 0 1 0 1 1 1 1]
 [0 0 0 0 0 1 0 1 0 1 1 1 0 0 0]
 [1 0 0 0 1 1 0 1 1 0 0 1 1 1 1]
 [1 1 0 1 0 1 1 0 0 1 0 1 0 0 1]
 [0 1 0 1 1 0 0 1 1 0 1 1 1 0 0]
 [0 0 1 1 1 0 0 0 0 0 0 1 1 0 0]
 [0 1 1 1 1 1 0 1 0 1 0 1 0 1 1]
 [0 1 1 1 0 0 0 1 1 0 1 0 0 1 1]]
branch at 2
runtime for solving id of Q is 0.008963061962276697
Simulation results:
{'J': 25, 'K': 15, 'N': 10, 'p': 0.5, 'seed': 9, 'sim': 0, 'runtime': 0.008963061962276697, 'identifiable': 0, 'branch': 2}
1
Q: [[0 1 1 1 1 1 1 0 1 1 1 0 0 1 0]
 [1 0 1 1 1 0 0 0 1 0 0 1 0 1 1]
 [0 0 0 0 1 1 0 1 0 0 1 0 1 1 0]
 [1 0 0 1 0 1 0 1 1 1 0 1 0 1 0]
 [1 0 0 0 1 0 1 0 1 1 0 1 0 1 0]
 [1 1 0 0 0 1 1 1 1 0 0 1 1 1 0]
 [0 1 1 1 1 0 0 0 1 0 1 1 0 0 0]
 [1 0 0 1 0 1 0 0 1 1 1 0 1 0 1]
 [0 0 0 0 1 0 1 0 1 1 1 0 1 0 1]
 [0 1 0 0 1 0 0 1 0 1 1 1 1 0 0]
 [1 0 0 0 0 0 1 1 1 0 0 1 0 0 1]
 [1 0 1 0 0 0 0 0 0 0 1 0 1 0 1]
 [0 0 0 1 1 1 1 0 1 1 0 1 1 0 0]
 [1 0 1 1 1 0 0 1 1 0 1 1 0 0 1]
 [1 0 0 0 0 0 1 0 1 1 1 1 0 1 1]
 [1 0 1 0 0 0 0 0 0 0 0 1 1 0 0]
 [1 0 0 0 1 1 0 0 0 1 1 0 0 0 1]
 [0 0 0 1 1 1 1 1 1 1 1 1 0 1 0]
 [0 1 1 0 0 1 1 0 1 0 0 1 0 1 0]
 [1 1 0 0 0 1 0 1 1 1 0 1 1 0 1]
 [0 1 0 1 0 0 0 0 1 1 0 1 0 1 0]
 [1 1 0 1 0 0 0 0 1 1 1 1 1 0 0]
 [0 0 0 1 1 0 0 0 1 0 0 0 0 0 0]
 [0 1 1 0 1 0 0 1 1 1 0 0 0 1 1]
 [1 1 1 0 0 1 0 0 0 0 1 1 1 1 1]]
Q is not identifiable (two-column submatrix not identifiable).
Q is not identifiable, and Q_bar is [[0 1 1 1 1 1 1 0 0 1 1 0 0 1 0]
 [1 0 1 1 1 0 0 0 0 0 0 1 0 1 1]
 [0 0 0 0 1 1 0 1 0 0 1 0 1 1 0]
 [1 0 0 1 0 1 0 1 0 1 0 1 0 1 0]
 [1 0 0 0 1 0 1 0 1 1 0 1 0 1 0]
 [1 1 0 0 0 1 1 1 1 0 0 1 1 1 0]
 [0 1 1 1 1 0 0 0 0 0 1 1 0 0 0]
 [1 0 0 1 0 1 0 0 0 1 1 0 1 0 1]
 [0 0 0 0 1 0 1 0 1 1 1 0 1 0 1]
 [0 1 0 0 1 0 0 1 0 1 1 1 1 0 0]
 [1 0 0 0 0 0 1 1 1 0 0 1 0 0 1]
 [1 0 1 0 0 0 0 0 0 0 1 0 1 0 1]
 [0 0 0 1 1 1 1 0 0 1 0 1 1 0 0]
 [1 0 1 1 1 0 0 1 0 0 1 1 0 0 1]
 [1 0 0 0 0 0 1 0 1 1 1 1 0 1 1]
 [1 0 1 0 0 0 0 0 0 0 0 1 1 0 0]
 [1 0 0 0 1 1 0 0 0 1 1 0 0 0 1]
 [0 0 0 1 1 1 1 1 0 1 1 1 0 1 0]
 [0 1 1 0 0 1 1 0 1 0 0 1 0 1 0]
 [1 1 0 0 0 1 0 1 1 1 0 1 1 0 1]
 [0 1 0 1 0 0 0 0 0 1 0 1 0 1 0]
 [1 1 0 1 0 0 0 0 0 1 1 1 1 0 0]
 [0 0 0 1 1 0 0 0 0 0 0 0 0 0 0]
 [0 1 1 0 1 0 0 1 1 1 0 0 0 1 1]
 [1 1 1 0 0 1 0 0 0 0 1 1 1 1 1]]
branch at 2
runtime for solving id of Q is 0.008044973947107792
Simulation results:
{'J': 25, 'K': 15, 'N': 10, 'p': 0.5, 'seed': 9, 'sim': 1, 'runtime': 0.008044973947107792, 'identifiable': 0, 'branch': 2}
2
Q: [[0 1 1 0 0 0 1 0 1 0 1 0 1 0 1]
 [1 1 1 0 1 0 1 1 1 1 1 1 0 1 1]
 [1 0 0 0 0 1 0 1 1 0 1 0 0 0 1]
 [0 1 1 0 0 1 0 1 1 1 0 1 0 1 1]
 [1 1 0 0 0 0 0 1 0 0 0 1 0 1 0]
 [0 0 0 1 1 0 0 1 1 0 0 1 0 0 1]
 [0 1 0 0 1 1 1 0 0 0 1 0 1 0 0]
 [0 1 0 1 1 1 1 0 1 0 1 0 0 0 0]
 [0 0 1 1 0 1 1 1 1 1 0 1 0 1 1]
 [1 0 1 1 0 0 1 1 1 0 1 1 1 1 1]
 [0 1 0 1 0 0 1 0 1 1 1 0 0 1 1]
 [0 0 0 1 0 1 0 1 1 1 0 1 0 0 0]
 [1 0 1 1 1 1 1 0 1 1 1 1 1 0 1]
 [1 0 1 0 1 1 1 1 1 0 1 1 1 0 1]
 [0 0 0 0 0 1 1 1 0 1 1 1 0 0 1]
 [1 0 0 0 0 1 1 0 1 1 1 0 0 1 0]
 [1 0 0 0 1 1 1 1 1 1 1 1 1 1 1]
 [1 0 0 1 0 1 0 1 0 1 1 0 0 0 1]
 [1 0 0 1 0 1 0 0 0 1 0 1 0 0 0]
 [0 1 0 1 1 0 1 0 1 1 1 0 0 0 1]
 [0 1 0 1 0 0 0 0 0 0 1 1 1 0 1]
 [1 0 0 0 0 0 1 1 0 0 0 1 1 1 1]
 [1 0 1 1 1 1 0 1 1 1 1 0 0 0 0]
 [0 0 0 1 0 1 1 1 0 0 1 1 0 1 0]
 [0 0 1 1 1 1 1 0 1 0 0 1 1 0 1]]
Q is not identifiable (two-column submatrix not identifiable).
Q is not identifiable, and Q_bar is [[0 1 1 0 0 0 1 0 0 0 1 0 1 0 1]
 [1 1 1 0 1 0 1 1 0 1 1 1 0 1 1]
 [1 0 0 0 0 1 0 1 1 0 1 0 0 0 1]
 [0 1 1 0 0 1 0 1 0 1 0 1 0 1 1]
 [1 1 0 0 0 0 0 1 0 0 0 1 0 1 0]
 [0 0 0 1 1 0 0 1 1 0 0 1 0 0 1]
 [0 1 0 0 1 1 1 0 0 0 1 0 1 0 0]
 [0 1 0 1 1 1 1 0 1 0 1 0 0 0 0]
 [0 0 1 1 0 1 1 1 0 1 0 1 0 1 1]
 [1 0 1 1 0 0 1 1 0 0 1 1 1 1 1]
 [0 1 0 1 0 0 1 0 1 1 1 0 0 1 1]
 [0 0 0 1 0 1 0 1 1 1 0 1 0 0 0]
 [1 0 1 1 1 1 1 0 0 1 1 1 1 0 1]
 [1 0 1 0 1 1 1 1 0 0 1 1 1 0 1]
 [0 0 0 0 0 1 1 1 0 1 1 1 0 0 1]
 [1 0 0 0 0 1 1 0 1 1 1 0 0 1 0]
 [1 0 0 0 1 1 1 1 1 1 1 1 1 1 1]
 [1 0 0 1 0 1 0 1 0 1 1 0 0 0 1]
 [1 0 0 1 0 1 0 0 0 1 0 1 0 0 0]
 [0 1 0 1 1 0 1 0 1 1 1 0 0 0 1]
 [0 1 0 1 0 0 0 0 0 0 1 1 1 0 1]
 [1 0 0 0 0 0 1 1 0 0 0 1 1 1 1]
 [1 0 1 1 1 1 0 1 0 1 1 0 0 0 0]
 [0 0 0 1 0 1 1 1 0 0 1 1 0 1 0]
 [0 0 1 1 1 1 1 0 0 0 0 1 1 0 1]]
branch at 2
runtime for solving id of Q is 0.006523102056235075
Simulation results:
{'J': 25, 'K': 15, 'N': 10, 'p': 0.5, 'seed': 9, 'sim': 2, 'runtime': 0.006523102056235075, 'identifiable': 0, 'branch': 2}
3
Q: [[1 1 0 0 1 1 1 1 1 1 1 1 0 1 1]
 [1 1 0 0 0 0 1 1 0 0 0 0 0 0 1]
 [1 0 1 1 0 1 1 0 1 0 1 1 1 0 1]
 [0 0 0 0 0 0 0 0 1 1 1 1 0 1 1]
 [1 1 1 0 0 1 1 0 0 0 1 0 1 0 0]
 [0 1 0 1 0 0 0 1 1 0 1 0 0 0 0]
 [1 1 0 0 1 0 1 1 1 0 1 1 1 0 1]
 [0 0 0 0 1 0 1 0 1 1 0 0 1 0 1]
 [0 0 1 1 1 0 0 1 1 1 1 0 1 1 1]
 [0 0 0 0 0 1 1 1 0 1 0 0 0 1 1]
 [0 1 1 1 1 1 0 1 1 0 1 0 0 0 1]
 [0 1 0 0 0 1 1 1 1 1 1 1 1 1 1]
 [1 0 0 0 1 0 1 0 0 0 0 0 1 1 1]
 [1 0 0 0 0 1 0 1 0 0 0 0 1 0 1]
 [1 1 0 0 0 1 1 0 0 1 1 0 0 0 0]
 [1 0 0 0 1 0 0 1 0 0 0 1 1 0 1]
 [1 1 1 0 1 0 1 0 1 0 0 1 0 0 0]
 [0 0 0 1 1 1 1 1 0 0 1 1 1 1 0]
 [1 1 0 1 1 0 1 1 0 0 1 1 1 0 0]
 [0 0 0 0 1 1 1 1 1 0 1 1 0 0 1]
 [0 1 0 1 0 1 1 1 1 0 0 1 0 0 1]
 [0 1 1 1 1 0 1 1 1 1 0 1 1 0 0]
 [0 1 1 0 1 0 1 0 0 0 0 1 1 0 0]
 [1 0 0 0 1 0 0 0 1 0 0 1 1 0 0]
 [0 0 0 0 0 1 1 0 1 1 0 1 1 0 0]]
{'restarts': 2439, 'conflicts': 827612, 'decisions': 1157854, 'propagations': 819484916}
Q is identifiable
branch at 6
runtime for solving id of Q is 145.5003644169774
Simulation results:
{'J': 25, 'K': 15, 'N': 10, 'p': 0.5, 'seed': 9, 'sim': 3, 'runtime': 145.5003644169774, 'identifiable': 1, 'branch': 6}
4
Q: [[1 0 0 1 0 1 0 0 0 1 1 0 1 1 1]
 [0 1 0 0 1 1 1 1 0 1 1 1 1 1 1]
 [0 0 1 1 0 1 1 1 1 1 1 0 1 1 0]
 [1 1 1 0 0 0 1 0 0 0 1 0 0 0 1]
 [1 0 1 0 1 0 0 0 0 0 1 1 1 0 1]
 [0 0 1 0 0 1 0 0 1 1 0 0 0 0 1]
 [0 1 0 0 0 0 0 0 0 0 0 1 1 0 1]
 [0 1 1 1 1 1 1 1 0 1 0 1 1 0 1]
 [0 0 0 0 1 0 0 1 1 0 0 0 1 1 1]
 [1 1 1 1 0 0 0 0 0 1 0 1 0 1 1]
 [1 0 0 1 1 1 1 0 0 0 0 0 0 0 1]
 [1 0 1 0 1 0 0 0 1 1 0 0 1 0 1]
 [0 1 1 0 0 1 1 1 0 0 0 0 0 1 1]
 [0 0 1 1 0 1 0 0 0 0 0 0 1 0 0]
 [0 1 0 1 1 1 1 1 0 0 1 1 1 0 1]
 [1 1 1 0 1 0 1 1 0 1 0 1 1 1 0]
 [1 1 0 0 0 1 1 1 0 0 1 0 1 0 0]
 [1 1 1 0 0 0 1 0 1 0 0 1 0 0 0]
 [0 0 0 1 1 0 0 1 0 0 0 1 0 0 0]
 [1 0 1 0 0 0 1 0 0 1 1 0 1 0 0]
 [0 0 0 0 0 0 1 1 0 1 0 1 0 0 0]
 [1 0 0 1 0 0 0 1 0 0 1 1 0 1 0]
 [1 1 0 0 1 1 1 1 0 1 1 0 0 0 1]
 [1 1 1 0 0 0 0 0 1 0 1 1 0 1 0]
 [1 0 0 1 1 0 1 0 1 0 0 0 0 1 0]]
{'restarts': 377, 'conflicts': 151720, 'decisions': 242800, 'propagations': 234119257}
Q is identifiable
branch at 6
runtime for solving id of Q is 26.1091800511349
Simulation results:
{'J': 25, 'K': 15, 'N': 10, 'p': 0.5, 'seed': 9, 'sim': 4, 'runtime': 26.1091800511349, 'identifiable': 1, 'branch': 6}
5
Q: [[1 0 1 1 0 1 1 0 1 0 0 0 1 1 0]
 [0 0 1 1 0 1 0 0 0 1 1 0 0 0 0]
 [1 0 1 0 0 0 0 0 0 1 1 0 0 1 0]
 [1 1 0 1 1 1 0 0 1 0 0 0 1 0 0]
 [1 0 1 0 0 0 0 0 1 0 1 0 0 1 1]
 [1 0 1 0 1 0 0 0 0 1 0 0 0 1 1]
 [0 1 0 0 1 1 1 1 1 0 1 1 1 1 1]
 [1 0 1 0 1 0 0 1 1 0 1 1 1 0 0]
 [0 0 1 0 1 0 0 1 0 1 1 0 0 1 0]
 [0 1 0 0 0 0 1 1 1 1 0 0 1 0 1]
 [1 1 0 1 1 1 0 0 0 0 0 0 0 1 0]
 [0 0 0 0 0 0 1 0 0 0 1 1 0 0 0]
 [1 0 0 1 1 0 0 1 0 0 0 0 0 1 0]
 [1 0 1 0 1 0 1 1 1 0 0 0 1 1 1]
 [0 1 0 0 1 1 0 1 1 0 0 0 0 0 1]
 [0 1 1 1 1 1 1 1 0 0 1 1 0 0 1]
 [1 1 0 0 1 1 0 1 0 1 1 1 1 1 1]
 [0 0 0 0 1 1 1 1 0 0 0 0 0 1 0]
 [0 0 1 1 0 1 1 1 1 1 0 0 0 1 0]
 [0 1 0 0 1 1 0 1 1 0 1 1 1 1 1]
 [1 0 1 0 1 1 0 0 1 1 0 1 1 0 0]
 [0 1 1 0 1 1 0 0 1 1 1 0 1 1 0]
 [1 0 0 0 0 1 1 1 1 0 1 1 1 0 1]
 [0 0 0 1 1 1 1 1 1 1 0 1 0 0 1]
 [0 0 0 0 0 1 1 1 0 0 0 1 0 0 1]]
{'restarts': 308, 'conflicts': 109119, 'decisions': 175891, 'propagations': 124985389}
Q is identifiable
branch at 6
runtime for solving id of Q is 14.495085290865973
Simulation results:
{'J': 25, 'K': 15, 'N': 10, 'p': 0.5, 'seed': 9, 'sim': 5, 'runtime': 14.495085290865973, 'identifiable': 1, 'branch': 6}
6
Q: [[1 0 0 0 1 1 1 1 0 0 1 1 1 0 0]
 [1 1 0 0 0 0 0 0 0 1 0 1 1 0 0]
 [1 1 1 0 0 1 1 1 1 1 0 1 0 0 1]
 [0 1 0 0 0 1 1 0 1 0 1 0 1 0 1]
 [0 1 0 0 1 0 1 1 1 0 0 0 1 0 1]
 [1 1 0 0 1 0 0 0 1 1 1 1 1 0 1]
 [0 0 1 0 0 0 0 0 0 0 0 0 0 0 1]
 [0 1 0 0 1 1 1 1 0 1 0 1 1 1 1]
 [0 1 0 1 0 1 1 0 1 0 1 0 0 1 1]
 [0 1 0 1 0 1 0 0 1 0 1 1 0 0 1]
 [1 0 1 0 0 0 1 1 0 1 0 0 0 1 0]
 [1 0 1 0 1 0 1 0 0 1 0 0 0 1 0]
 [0 0 0 1 0 0 1 0 1 1 0 1 0 1 0]
 [0 0 1 0 0 0 1 0 1 0 1 1 1 0 0]
 [0 1 0 1 1 0 1 1 1 0 0 0 0 1 0]
 [1 1 0 0 0 1 0 0 1 1 1 1 1 0 0]
 [0 1 1 1 0 0 0 0 1 0 1 0 1 1 1]
 [0 1 0 1 1 1 0 0 1 0 1 1 0 0 1]
 [0 0 0 1 1 0 1 0 1 1 1 0 1 0 0]
 [1 1 1 1 1 1 1 1 1 0 0 0 0 1 0]
 [1 0 1 1 0 1 0 0 1 0 0 1 1 0 0]
 [0 1 1 0 0 1 1 1 1 1 1 1 0 1 1]
 [0 0 1 1 1 0 0 1 0 0 1 1 1 0 1]
 [0 0 0 0 0 1 0 0 0 1 0 1 0 0 1]
 [0 1 0 1 0 1 0 0 1 0 0 1 0 0 0]]
{'restarts': 373, 'conflicts': 134581, 'decisions': 217003, 'propagations': 164330889}
Q is identifiable
branch at 6
runtime for solving id of Q is 19.500699255848303
Simulation results:
{'J': 25, 'K': 15, 'N': 10, 'p': 0.5, 'seed': 9, 'sim': 6, 'runtime': 19.500699255848303, 'identifiable': 1, 'branch': 6}
7
Q: [[0 0 1 1 1 0 0 1 0 0 1 1 0 1 0]
 [1 0 1 1 0 1 1 1 1 1 1 1 0 1 1]
 [0 1 1 0 0 0 1 1 0 0 1 0 0 1 0]
 [0 1 1 0 1 1 1 0 0 0 0 1 1 0 0]
 [1 0 1 1 1 1 0 1 1 1 0 1 0 0 1]
 [1 0 0 0 1 0 0 0 1 1 1 0 0 0 0]
 [1 1 1 0 1 1 0 0 1 1 1 0 1 1 1]
 [0 1 0 1 1 0 0 1 0 0 1 1 0 1 1]
 [0 0 0 0 0 0 0 1 0 1 0 0 0 0 1]
 [0 1 0 0 1 0 0 0 0 1 1 1 1 1 0]
 [1 0 0 0 1 1 0 0 1 1 1 0 0 0 1]
 [1 1 1 1 0 0 1 0 0 1 1 0 1 0 1]
 [0 0 1 1 0 0 0 0 1 1 0 1 0 0 1]
 [1 0 0 1 0 1 0 0 0 0 0 0 1 1 1]
 [0 1 1 1 1 0 1 0 0 1 0 0 1 1 1]
 [0 1 0 0 1 1 0 0 1 1 1 0 0 0 0]
 [1 1 1 1 0 1 1 1 0 1 1 1 1 0 1]
 [0 0 1 0 1 1 0 1 0 1 1 1 1 1 0]
 [0 0 0 0 1 0 0 0 1 1 1 0 1 0 1]
 [1 0 1 0 0 1 0 0 1 1 0 1 1 1 1]
 [1 0 0 1 0 0 1 1 1 0 0 1 0 0 0]
 [0 0 1 1 1 0 0 0 0 0 0 1 1 1 1]
 [0 0 0 1 0 1 1 0 1 1 0 1 0 1 0]
 [0 1 1 1 1 0 1 1 0 0 1 0 1 1 0]
 [1 0 0 1 1 1 0 1 0 1 0 0 1 1 0]]
{'restarts': 869, 'conflicts': 388781, 'decisions': 560228, 'propagations': 427927729}
Q is identifiable
branch at 6
runtime for solving id of Q is 59.293762918096036
Simulation results:
{'J': 25, 'K': 15, 'N': 10, 'p': 0.5, 'seed': 9, 'sim': 7, 'runtime': 59.293762918096036, 'identifiable': 1, 'branch': 6}
8
Q: [[0 0 1 0 1 1 0 0 1 1 1 1 0 0 1]
 [0 1 1 1 0 1 1 0 1 1 1 0 0 0 1]
 [1 0 0 0 1 0 1 1 1 0 0 0 1 0 0]
 [1 1 0 1 1 1 1 0 1 0 1 0 0 0 1]
 [0 0 1 1 0 1 1 1 1 1 0 1 0 0 0]
 [0 1 1 0 1 1 1 0 0 0 1 0 0 0 1]
 [1 1 0 0 1 1 1 1 1 1 0 0 0 1 1]
 [0 0 0 0 1 1 0 0 0 0 1 1 1 0 1]
 [1 0 0 1 0 0 0 1 1 0 0 1 1 0 0]
 [1 0 1 1 0 1 1 0 1 1 0 0 0 1 1]
 [0 1 1 0 1 0 1 0 1 1 1 0 0 0 0]
 [0 1 1 1 0 1 1 1 1 1 0 0 0 1 1]
 [1 0 1 1 0 1 1 1 0 1 0 1 1 0 1]
 [1 0 1 1 1 1 1 1 0 1 1 1 0 0 1]
 [1 0 0 0 0 1 0 1 1 1 1 1 0 0 0]
 [1 0 1 1 0 0 1 1 0 0 1 1 0 1 0]
 [0 0 0 1 0 1 1 0 0 0 0 1 1 1 0]
 [1 1 0 1 0 0 1 0 0 1 1 1 0 0 1]
 [0 1 1 0 0 1 0 1 0 0 0 1 0 0 1]
 [1 1 1 1 1 1 1 1 0 0 1 0 1 1 0]
 [0 0 1 0 0 0 1 1 0 0 0 0 0 1 1]
 [1 0 0 0 0 0 1 0 1 0 0 0 0 1 1]
 [1 1 1 1 1 1 0 1 0 0 1 1 1 1 1]
 [1 0 1 1 1 1 0 1 0 0 1 0 1 0 0]
 [1 0 0 1 0 0 1 0 0 1 1 1 1 0 1]]
{'restarts': 3031, 'conflicts': 1228746, 'decisions': 1744576, 'propagations': 1149214346}
Q is identifiable
branch at 6
runtime for solving id of Q is 209.47333075199276
Simulation results:
{'J': 25, 'K': 15, 'N': 10, 'p': 0.5, 'seed': 9, 'sim': 8, 'runtime': 209.47333075199276, 'identifiable': 1, 'branch': 6}
9
Q: [[0 1 0 1 0 0 1 1 1 0 0 0 0 0 0]
 [1 1 0 0 0 1 1 0 1 1 1 0 1 0 1]
 [1 0 0 0 0 0 1 0 1 0 0 0 0 0 0]
 [1 0 0 1 0 0 1 0 0 0 0 1 1 0 1]
 [0 1 0 1 0 1 0 1 0 0 1 0 0 1 1]
 [0 1 1 0 0 0 1 1 1 0 0 0 1 0 0]
 [1 0 0 1 0 0 1 1 1 1 0 0 0 0 1]
 [0 1 0 0 0 1 1 0 1 0 0 0 0 0 0]
 [1 0 1 1 1 0 1 0 1 0 0 1 0 0 0]
 [0 1 1 1 0 0 1 1 1 0 1 0 0 0 1]
 [0 0 0 1 1 1 1 1 0 1 1 0 0 1 0]
 [0 0 0 0 0 0 1 0 0 1 0 0 0 1 1]
 [1 1 0 1 0 1 0 1 0 1 0 1 0 0 1]
 [0 0 0 0 1 1 0 1 1 1 0 1 1 0 1]
 [0 1 0 1 0 0 0 0 1 1 1 0 0 1 1]
 [1 1 0 1 1 0 0 1 0 0 0 1 1 1 0]
 [1 0 0 0 1 0 1 0 0 1 1 1 0 0 0]
 [0 1 0 1 0 1 0 0 0 1 1 0 1 0 0]
 [1 0 0 0 1 0 0 0 0 1 1 0 0 0 1]
 [1 0 1 0 0 1 0 0 0 0 1 1 1 0 0]
 [1 1 0 1 1 1 0 0 1 0 0 0 1 1 0]
 [1 1 1 0 0 0 1 0 1 0 1 1 0 1 0]
 [1 0 0 1 0 1 0 1 1 1 0 0 0 0 1]
 [0 1 1 1 0 0 1 1 1 0 1 1 1 1 0]
 [1 0 0 1 0 0 1 1 1 1 1 0 1 1 1]]
{'restarts': 695, 'conflicts': 271556, 'decisions': 392071, 'propagations': 390432203}
Q is identifiable
branch at 6
runtime for solving id of Q is 45.77107423194684
Simulation results:
{'J': 25, 'K': 15, 'N': 10, 'p': 0.5, 'seed': 9, 'sim': 9, 'runtime': 45.77107423194684, 'identifiable': 1, 'branch': 6}
Simulation results:
[{'J': 25, 'K': 15, 'N': 10, 'p': 0.5, 'seed': 9, 'sim': 0, 'runtime': 0.008963061962276697, 'identifiable': 0, 'branch': 2}, {'J': 25, 'K': 15, 'N': 10, 'p': 0.5, 'seed': 9, 'sim': 1, 'runtime': 0.008044973947107792, 'identifiable': 0, 'branch': 2}, {'J': 25, 'K': 15, 'N': 10, 'p': 0.5, 'seed': 9, 'sim': 2, 'runtime': 0.006523102056235075, 'identifiable': 0, 'branch': 2}, {'J': 25, 'K': 15, 'N': 10, 'p': 0.5, 'seed': 9, 'sim': 3, 'runtime': 145.5003644169774, 'identifiable': 1, 'branch': 6}, {'J': 25, 'K': 15, 'N': 10, 'p': 0.5, 'seed': 9, 'sim': 4, 'runtime': 26.1091800511349, 'identifiable': 1, 'branch': 6}, {'J': 25, 'K': 15, 'N': 10, 'p': 0.5, 'seed': 9, 'sim': 5, 'runtime': 14.495085290865973, 'identifiable': 1, 'branch': 6}, {'J': 25, 'K': 15, 'N': 10, 'p': 0.5, 'seed': 9, 'sim': 6, 'runtime': 19.500699255848303, 'identifiable': 1, 'branch': 6}, {'J': 25, 'K': 15, 'N': 10, 'p': 0.5, 'seed': 9, 'sim': 7, 'runtime': 59.293762918096036, 'identifiable': 1, 'branch': 6}, {'J': 25, 'K': 15, 'N': 10, 'p': 0.5, 'seed': 9, 'sim': 8, 'runtime': 209.47333075199276, 'identifiable': 1, 'branch': 6}, {'J': 25, 'K': 15, 'N': 10, 'p': 0.5, 'seed': 9, 'sim': 9, 'runtime': 45.77107423194684, 'identifiable': 1, 'branch': 6}]
