
The Gurobi software has a limited number of licenses. To request a license or
licenses, add this line

    #SBATCH --licenses=gurobi@slurmdb:1

to your SBATCH script, replacing N with the number of licenses you need. Gurobi
will need one license per process.


0
Q: [[0 0 0 0 0 0 1 1 0 0]
 [0 1 0 0 0 0 0 0 1 0]
 [1 0 1 0 0 0 0 1 0 0]
 [0 0 0 0 0 0 0 1 0 1]
 [1 0 1 0 0 0 0 0 0 1]
 [0 0 0 0 0 0 0 1 1 0]
 [0 0 0 0 0 1 1 1 0 0]
 [1 0 0 0 0 0 0 0 0 0]
 [1 0 0 0 0 0 1 0 0 1]
 [1 0 0 0 0 1 1 0 0 1]
 [1 0 0 0 0 0 1 0 0 1]
 [1 1 0 0 0 0 1 1 0 0]
 [0 1 0 0 0 0 0 0 0 1]
 [0 0 0 0 0 0 0 0 0 0]
 [0 0 0 0 0 1 0 1 0 1]
 [0 0 0 1 1 1 1 0 1 0]
 [1 0 1 1 1 0 0 0 1 0]
 [0 0 0 0 0 0 1 1 0 0]
 [0 1 0 0 0 0 1 0 0 1]
 [1 0 0 0 0 0 0 0 0 0]
 [0 0 0 0 0 0 1 0 0 1]
 [1 1 0 0 0 0 1 0 0 1]
 [0 0 0 0 0 0 1 1 0 1]
 [0 1 0 0 0 1 1 0 0 0]
 [0 0 0 0 0 1 0 1 0 0]]
Q is not identifiable (two-column submatrix not identifiable).
Q is not identifiable, and Q_bar is [[0 0 0 0 0 0 1 1 0 0]
 [0 1 0 0 0 0 0 0 1 0]
 [0 0 1 0 0 0 0 1 0 0]
 [0 0 0 0 0 0 0 1 0 1]
 [0 0 1 0 0 0 0 0 0 1]
 [0 0 0 0 0 0 0 1 1 0]
 [0 0 0 0 0 1 1 1 0 0]
 [1 0 0 0 0 0 0 0 0 0]
 [1 0 0 0 0 0 1 0 0 1]
 [1 0 0 0 0 1 1 0 0 1]
 [1 0 0 0 0 0 1 0 0 1]
 [1 1 0 0 0 0 1 1 0 0]
 [0 1 0 0 0 0 0 0 0 1]
 [0 0 0 0 0 0 0 0 0 0]
 [0 0 0 0 0 1 0 1 0 1]
 [0 0 0 1 1 1 1 0 1 0]
 [0 0 1 1 1 0 0 0 1 0]
 [0 0 0 0 0 0 1 1 0 0]
 [0 1 0 0 0 0 1 0 0 1]
 [1 0 0 0 0 0 0 0 0 0]
 [0 0 0 0 0 0 1 0 0 1]
 [1 1 0 0 0 0 1 0 0 1]
 [0 0 0 0 0 0 1 1 0 1]
 [0 1 0 0 0 1 1 0 0 0]
 [0 0 0 0 0 1 0 1 0 0]]
branch at 2
runtime for solving id of Q is 0.0018562308978289366
Simulation results:
{'J': 25, 'K': 10, 'N': 10, 'p': 0.3, 'seed': 57, 'sim': 0, 'runtime': 0.0018562308978289366, 'identifiable': 0, 'branch': 2}
1
Q: [[1 0 0 0 1 0 0 0 1 0]
 [0 0 0 0 0 1 1 1 0 0]
 [1 0 0 0 0 0 0 0 0 0]
 [0 0 0 0 0 0 1 1 0 1]
 [1 1 1 0 1 0 0 0 1 0]
 [1 1 1 0 0 0 0 0 1 1]
 [0 0 0 1 1 0 0 1 0 0]
 [0 1 0 0 0 0 0 0 0 0]
 [0 1 0 0 1 0 0 0 0 0]
 [0 0 0 1 1 0 1 1 0 1]
 [0 1 0 1 1 0 1 0 0 0]
 [0 1 0 0 0 1 0 0 1 1]
 [0 0 0 1 1 0 0 0 0 0]
 [0 1 1 0 0 1 0 0 0 1]
 [0 0 0 1 1 0 1 1 1 1]
 [1 1 1 0 0 0 0 0 0 0]
 [1 0 0 0 0 0 0 0 0 0]
 [0 0 0 0 0 0 1 1 0 0]
 [0 0 0 0 0 1 0 1 0 0]
 [0 1 0 0 0 0 1 1 0 0]
 [0 0 0 1 0 0 1 1 1 0]
 [0 0 0 0 0 0 0 0 0 0]
 [0 1 0 0 0 1 0 0 0 0]
 [0 1 1 0 0 0 0 0 0 1]
 [0 0 0 1 0 0 0 1 1 0]]
Q is not identifiable (two-column submatrix not identifiable).
Q is not identifiable, and Q_bar is [[1 0 0 0 1 0 0 0 1 0]
 [0 0 0 0 0 1 1 1 0 0]
 [1 0 0 0 0 0 0 0 0 0]
 [0 0 0 0 0 0 1 1 0 1]
 [1 0 1 0 1 0 0 0 1 0]
 [1 0 1 0 0 0 0 0 1 1]
 [0 0 0 1 1 0 0 1 0 0]
 [0 1 0 0 0 0 0 0 0 0]
 [0 1 0 0 1 0 0 0 0 0]
 [0 0 0 1 1 0 1 1 0 1]
 [0 1 0 1 1 0 1 0 0 0]
 [0 1 0 0 0 1 0 0 1 1]
 [0 0 0 1 1 0 0 0 0 0]
 [0 1 1 0 0 1 0 0 0 1]
 [0 0 0 1 1 0 1 1 1 1]
 [1 0 1 0 0 0 0 0 0 0]
 [1 0 0 0 0 0 0 0 0 0]
 [0 0 0 0 0 0 1 1 0 0]
 [0 0 0 0 0 1 0 1 0 0]
 [0 1 0 0 0 0 1 1 0 0]
 [0 0 0 1 0 0 1 1 1 0]
 [0 0 0 0 0 0 0 0 0 0]
 [0 1 0 0 0 1 0 0 0 0]
 [0 0 1 0 0 0 0 0 0 1]
 [0 0 0 1 0 0 0 1 1 0]]
branch at 2
runtime for solving id of Q is 0.0022836539428681135
Simulation results:
{'J': 25, 'K': 10, 'N': 10, 'p': 0.3, 'seed': 57, 'sim': 1, 'runtime': 0.0022836539428681135, 'identifiable': 0, 'branch': 2}
2
Q: [[0 0 1 0 0 0 0 0 0 1]
 [0 0 0 0 0 0 1 0 0 0]
 [1 1 0 1 0 0 0 0 0 1]
 [0 0 0 1 0 1 1 0 0 1]
 [0 0 0 0 1 0 0 0 0 1]
 [0 0 0 0 1 0 0 0 1 1]
 [0 0 1 0 1 1 0 0 1 0]
 [0 0 0 0 1 0 0 0 1 1]
 [0 0 1 0 0 1 0 0 0 1]
 [0 0 1 0 0 0 0 0 0 1]
 [0 0 0 0 0 0 0 0 1 0]
 [0 0 0 0 0 0 1 0 0 0]
 [0 0 0 1 0 0 0 0 0 0]
 [0 0 0 0 1 0 0 1 0 0]
 [0 0 0 1 1 1 0 0 1 1]
 [0 1 0 0 0 0 0 0 0 0]
 [1 0 0 1 0 1 0 1 1 1]
 [0 0 0 1 0 0 0 0 0 1]
 [0 1 0 0 1 1 1 0 1 0]
 [1 0 0 1 0 0 0 0 0 0]
 [1 0 0 0 1 0 1 0 0 1]
 [0 0 0 0 0 0 0 0 0 0]
 [1 0 0 0 0 1 1 0 0 1]
 [0 0 0 0 0 0 0 0 0 0]
 [0 0 0 0 0 0 0 0 0 0]]
{'restarts': 1, 'conflicts': 95, 'decisions': 304, 'propagations': 43720}
Q is identifiable
branch at 6
runtime for solving id of Q is 0.08641593786887825
Simulation results:
{'J': 25, 'K': 10, 'N': 10, 'p': 0.3, 'seed': 57, 'sim': 2, 'runtime': 0.08641593786887825, 'identifiable': 1, 'branch': 6}
3
Q: [[0 0 0 0 1 0 1 0 0 1]
 [0 0 0 1 0 0 0 0 0 0]
 [0 0 0 1 0 0 1 0 1 0]
 [0 0 1 0 0 0 0 0 0 0]
 [1 1 0 0 0 0 0 0 1 0]
 [0 1 0 0 0 0 0 1 0 0]
 [0 1 0 0 0 0 0 1 1 1]
 [1 0 0 0 0 0 1 0 1 0]
 [0 1 0 0 0 0 1 0 0 0]
 [0 1 0 1 0 1 0 0 0 0]
 [0 0 0 1 0 0 0 0 0 0]
 [0 0 0 0 0 0 0 0 1 0]
 [0 0 0 1 1 1 0 0 0 0]
 [1 0 0 0 0 1 0 0 0 0]
 [0 0 0 1 0 1 1 0 0 0]
 [0 0 1 0 0 0 1 1 1 1]
 [0 0 0 0 1 1 0 1 0 1]
 [0 0 1 0 0 0 1 1 0 0]
 [1 0 1 0 0 0 0 0 0 1]
 [0 1 0 0 0 0 0 0 1 0]
 [0 0 1 0 1 0 0 1 1 0]
 [0 0 0 0 0 0 0 0 0 0]
 [0 0 0 1 0 0 0 1 1 0]
 [0 1 1 1 0 1 0 0 0 0]
 [1 1 0 1 0 1 1 0 0 0]]
{'restarts': 1, 'conflicts': 326, 'decisions': 781, 'propagations': 220541}
Q is identifiable
branch at 6
runtime for solving id of Q is 0.18712056800723076
Simulation results:
{'J': 25, 'K': 10, 'N': 10, 'p': 0.3, 'seed': 57, 'sim': 3, 'runtime': 0.18712056800723076, 'identifiable': 1, 'branch': 6}
4
Q: [[1 0 0 0 1 0 1 1 0 0]
 [1 0 0 0 1 0 0 1 1 1]
 [0 0 1 0 0 0 1 0 0 0]
 [0 1 0 0 1 1 0 1 1 1]
 [0 0 0 0 1 0 0 1 1 0]
 [0 1 1 0 0 0 1 1 0 1]
 [0 0 0 0 1 0 1 0 0 0]
 [1 1 0 0 0 0 1 0 0 0]
 [1 0 0 1 1 0 0 1 0 0]
 [0 0 1 0 0 0 0 0 0 0]
 [0 0 0 0 0 0 0 1 0 1]
 [1 1 0 0 0 0 0 0 1 0]
 [0 0 0 1 0 0 0 1 1 0]
 [0 1 1 0 0 0 1 0 1 0]
 [0 1 1 1 0 0 0 0 1 0]
 [0 0 1 1 1 1 1 0 0 0]
 [0 1 0 0 0 0 0 0 1 1]
 [1 0 0 0 1 0 1 0 0 0]
 [0 0 0 1 0 0 1 1 1 0]
 [0 0 1 1 0 1 0 0 0 0]
 [0 0 0 1 0 0 1 1 0 0]
 [0 1 0 1 1 1 0 0 1 0]
 [1 0 1 1 0 0 0 0 0 0]
 [0 0 0 0 0 1 0 1 1 0]
 [0 1 0 0 0 1 0 1 1 0]]
{'restarts': 1, 'conflicts': 429, 'decisions': 685, 'propagations': 211828}
Q is identifiable
branch at 6
runtime for solving id of Q is 0.17812340706586838
Simulation results:
{'J': 25, 'K': 10, 'N': 10, 'p': 0.3, 'seed': 57, 'sim': 4, 'runtime': 0.17812340706586838, 'identifiable': 1, 'branch': 6}
5
Q: [[0 1 0 0 0 0 0 1 0 1]
 [0 0 0 1 0 1 0 1 0 0]
 [0 0 0 0 0 1 0 0 0 1]
 [1 0 0 1 0 1 0 0 1 0]
 [0 0 0 0 0 1 0 0 0 0]
 [0 0 1 1 0 0 0 0 0 0]
 [0 0 0 0 0 0 0 0 0 1]
 [0 0 0 0 0 0 0 0 1 0]
 [1 0 0 1 0 1 0 1 1 0]
 [1 1 0 0 0 0 0 0 0 0]
 [0 0 1 0 0 0 0 1 1 1]
 [1 0 0 1 1 0 0 0 0 0]
 [1 0 0 0 0 1 0 0 1 0]
 [1 1 0 0 1 0 1 1 0 0]
 [1 1 1 1 1 1 1 0 0 0]
 [0 1 1 0 1 0 1 1 1 1]
 [0 0 0 0 1 0 0 0 0 0]
 [1 0 0 1 0 0 0 0 0 0]
 [1 0 0 0 0 0 0 0 0 0]
 [1 0 0 0 0 0 0 1 0 0]
 [0 1 1 0 0 1 0 0 0 1]
 [1 0 1 1 0 0 0 0 0 0]
 [0 0 1 0 1 0 0 0 0 1]
 [1 1 0 0 1 1 1 0 1 0]
 [0 1 0 1 1 0 0 0 0 0]]
Q is not identifiable (two-column submatrix not identifiable).
Q is not identifiable, and Q_bar is [[0 1 0 0 0 0 0 1 0 1]
 [0 0 0 1 0 1 0 1 0 0]
 [0 0 0 0 0 1 0 0 0 1]
 [1 0 0 1 0 1 0 0 1 0]
 [0 0 0 0 0 1 0 0 0 0]
 [0 0 1 1 0 0 0 0 0 0]
 [0 0 0 0 0 0 0 0 0 1]
 [0 0 0 0 0 0 0 0 1 0]
 [1 0 0 1 0 1 0 1 1 0]
 [1 1 0 0 0 0 0 0 0 0]
 [0 0 1 0 0 0 0 1 1 1]
 [1 0 0 1 1 0 0 0 0 0]
 [1 0 0 0 0 1 0 0 1 0]
 [1 0 0 0 1 0 1 1 0 0]
 [1 0 1 1 1 1 1 0 0 0]
 [0 0 1 0 1 0 1 1 1 1]
 [0 0 0 0 1 0 0 0 0 0]
 [1 0 0 1 0 0 0 0 0 0]
 [1 0 0 0 0 0 0 0 0 0]
 [1 0 0 0 0 0 0 1 0 0]
 [0 1 1 0 0 1 0 0 0 1]
 [1 0 1 1 0 0 0 0 0 0]
 [0 0 1 0 1 0 0 0 0 1]
 [1 0 0 0 1 1 1 0 1 0]
 [0 1 0 1 1 0 0 0 0 0]]
branch at 2
runtime for solving id of Q is 0.0037415020633488894
Simulation results:
{'J': 25, 'K': 10, 'N': 10, 'p': 0.3, 'seed': 57, 'sim': 5, 'runtime': 0.0037415020633488894, 'identifiable': 0, 'branch': 2}
6
Q: [[0 0 0 0 0 1 0 1 0 1]
 [0 0 0 0 1 0 1 0 0 0]
 [0 1 0 0 1 0 0 0 0 1]
 [0 0 0 1 0 1 0 0 0 0]
 [0 0 0 0 1 1 1 0 0 0]
 [0 0 1 0 1 1 1 0 1 0]
 [0 1 1 0 0 0 1 1 0 0]
 [0 0 1 0 0 1 0 0 0 0]
 [0 0 0 0 0 0 1 0 0 0]
 [0 0 0 1 0 0 1 1 0 1]
 [1 0 0 0 0 1 0 0 0 0]
 [0 1 1 0 0 0 0 0 0 0]
 [1 0 0 0 0 0 0 1 1 0]
 [0 0 0 0 0 0 0 0 0 0]
 [0 1 0 0 0 1 0 1 1 0]
 [0 0 1 1 0 0 0 0 0 1]
 [0 1 0 0 0 0 1 1 0 0]
 [1 0 1 0 0 1 1 0 0 1]
 [1 0 0 1 0 0 0 0 1 0]
 [0 0 0 1 0 0 0 0 0 1]
 [0 1 0 0 0 0 0 0 0 0]
 [0 0 0 0 1 0 0 0 1 0]
 [0 1 0 1 0 1 1 1 0 0]
 [0 0 1 0 0 0 1 1 1 0]
 [0 0 0 1 0 1 0 0 1 1]]
{'restarts': 1, 'conflicts': 295, 'decisions': 752, 'propagations': 204256}
Q is identifiable
branch at 6
runtime for solving id of Q is 0.1975667260121554
Simulation results:
{'J': 25, 'K': 10, 'N': 10, 'p': 0.3, 'seed': 57, 'sim': 6, 'runtime': 0.1975667260121554, 'identifiable': 1, 'branch': 6}
7
Q: [[0 1 0 0 1 1 1 0 0 1]
 [0 1 1 1 1 0 0 0 0 0]
 [0 1 0 0 0 1 0 1 0 0]
 [1 0 0 0 0 0 0 1 0 0]
 [0 0 1 0 0 0 0 0 0 1]
 [1 0 0 1 1 0 1 0 0 0]
 [0 0 0 0 1 0 0 1 1 0]
 [0 0 0 0 1 1 1 0 0 0]
 [1 0 1 1 1 0 1 0 1 1]
 [0 0 0 0 1 0 0 0 1 0]
 [0 0 0 0 1 1 0 0 0 1]
 [0 0 1 1 1 0 0 0 0 0]
 [0 0 1 0 1 1 0 0 1 0]
 [0 0 0 0 1 1 0 1 1 1]
 [0 0 0 1 0 0 0 1 1 0]
 [0 1 0 0 0 0 1 0 1 1]
 [0 1 0 0 0 1 0 0 0 1]
 [1 0 1 1 1 0 0 1 1 0]
 [0 1 0 0 0 0 0 0 0 1]
 [0 0 1 0 1 0 0 0 0 1]
 [1 0 1 1 0 0 0 0 0 0]
 [1 0 0 0 0 0 0 0 1 0]
 [0 1 0 0 1 1 0 0 1 0]
 [0 0 0 0 1 0 0 0 0 0]
 [1 1 0 0 0 0 1 1 1 0]]
{'restarts': 1, 'conflicts': 176, 'decisions': 404, 'propagations': 80539}
Q is identifiable
branch at 6
runtime for solving id of Q is 0.10868528787977993
Simulation results:
{'J': 25, 'K': 10, 'N': 10, 'p': 0.3, 'seed': 57, 'sim': 7, 'runtime': 0.10868528787977993, 'identifiable': 1, 'branch': 6}
8
Q: [[0 1 1 0 1 1 0 1 0 1]
 [0 0 1 0 0 0 0 0 0 0]
 [0 0 1 0 1 1 0 1 0 0]
 [0 0 1 0 0 1 0 1 0 1]
 [0 0 0 0 1 1 0 1 0 1]
 [0 0 0 0 0 0 0 1 0 1]
 [1 0 0 0 0 0 1 0 0 0]
 [0 1 1 0 0 1 1 0 1 0]
 [0 1 0 0 1 1 0 0 0 0]
 [0 0 0 0 0 0 0 1 0 0]
 [0 1 0 1 1 0 0 1 0 1]
 [0 0 0 1 0 1 1 0 0 0]
 [0 1 1 0 1 0 0 0 0 0]
 [0 1 1 1 0 0 0 1 0 0]
 [0 1 0 0 1 1 1 0 0 0]
 [1 0 1 0 0 0 0 0 1 1]
 [0 0 0 0 1 0 0 0 1 0]
 [1 0 1 0 0 0 0 0 0 0]
 [0 0 0 1 1 0 1 0 0 1]
 [1 0 0 0 0 0 1 0 1 0]
 [0 0 0 0 0 0 0 1 0 0]
 [0 0 0 1 1 0 1 0 0 1]
 [1 0 0 0 0 0 0 0 0 0]
 [0 0 0 0 0 1 1 0 1 0]
 [0 0 1 0 0 1 1 0 1 0]]
{'restarts': 1, 'conflicts': 213, 'decisions': 478, 'propagations': 111104}
Q is identifiable
branch at 6
runtime for solving id of Q is 0.13524729805067182
Simulation results:
{'J': 25, 'K': 10, 'N': 10, 'p': 0.3, 'seed': 57, 'sim': 8, 'runtime': 0.13524729805067182, 'identifiable': 1, 'branch': 6}
9
Q: [[0 0 1 1 1 1 0 0 0 1]
 [0 0 0 0 1 0 1 0 0 0]
 [1 0 1 0 1 0 0 0 0 0]
 [0 1 0 0 0 0 0 0 0 1]
 [0 0 0 0 0 0 0 0 0 1]
 [0 0 0 0 1 0 0 1 1 0]
 [0 0 0 1 0 0 0 0 0 0]
 [0 0 0 0 0 0 0 0 1 0]
 [0 0 1 0 0 1 0 1 1 1]
 [0 1 1 0 1 0 1 0 1 0]
 [0 0 0 1 0 0 0 0 0 0]
 [1 0 1 0 0 1 0 1 0 0]
 [1 1 0 1 0 0 0 0 1 0]
 [0 0 0 1 1 1 0 1 0 1]
 [1 0 0 0 0 0 0 0 0 0]
 [0 0 0 1 0 0 0 0 1 1]
 [0 0 0 0 0 0 1 0 0 1]
 [0 0 0 1 0 0 1 0 1 0]
 [0 0 0 1 0 0 0 0 1 0]
 [0 0 0 0 0 1 1 0 0 1]
 [0 0 0 1 1 0 0 0 0 0]
 [0 0 0 0 0 1 1 0 1 1]
 [0 0 0 0 0 0 0 0 0 1]
 [0 0 1 0 0 1 1 1 1 0]
 [1 1 0 0 1 0 1 0 1 1]]
{'restarts': 1, 'conflicts': 93, 'decisions': 187, 'propagations': 34013}
Q is identifiable
branch at 6
runtime for solving id of Q is 0.11799830896779895
Simulation results:
{'J': 25, 'K': 10, 'N': 10, 'p': 0.3, 'seed': 57, 'sim': 9, 'runtime': 0.11799830896779895, 'identifiable': 1, 'branch': 6}
Simulation results:
[{'J': 25, 'K': 10, 'N': 10, 'p': 0.3, 'seed': 57, 'sim': 0, 'runtime': 0.0018562308978289366, 'identifiable': 0, 'branch': 2}, {'J': 25, 'K': 10, 'N': 10, 'p': 0.3, 'seed': 57, 'sim': 1, 'runtime': 0.0022836539428681135, 'identifiable': 0, 'branch': 2}, {'J': 25, 'K': 10, 'N': 10, 'p': 0.3, 'seed': 57, 'sim': 2, 'runtime': 0.08641593786887825, 'identifiable': 1, 'branch': 6}, {'J': 25, 'K': 10, 'N': 10, 'p': 0.3, 'seed': 57, 'sim': 3, 'runtime': 0.18712056800723076, 'identifiable': 1, 'branch': 6}, {'J': 25, 'K': 10, 'N': 10, 'p': 0.3, 'seed': 57, 'sim': 4, 'runtime': 0.17812340706586838, 'identifiable': 1, 'branch': 6}, {'J': 25, 'K': 10, 'N': 10, 'p': 0.3, 'seed': 57, 'sim': 5, 'runtime': 0.0037415020633488894, 'identifiable': 0, 'branch': 2}, {'J': 25, 'K': 10, 'N': 10, 'p': 0.3, 'seed': 57, 'sim': 6, 'runtime': 0.1975667260121554, 'identifiable': 1, 'branch': 6}, {'J': 25, 'K': 10, 'N': 10, 'p': 0.3, 'seed': 57, 'sim': 7, 'runtime': 0.10868528787977993, 'identifiable': 1, 'branch': 6}, {'J': 25, 'K': 10, 'N': 10, 'p': 0.3, 'seed': 57, 'sim': 8, 'runtime': 0.13524729805067182, 'identifiable': 1, 'branch': 6}, {'J': 25, 'K': 10, 'N': 10, 'p': 0.3, 'seed': 57, 'sim': 9, 'runtime': 0.11799830896779895, 'identifiable': 1, 'branch': 6}]
