
The Gurobi software has a limited number of licenses. To request a license or
licenses, add this line

    #SBATCH --licenses=gurobi@slurmdb:1

to your SBATCH script, replacing N with the number of licenses you need. Gurobi
will need one license per process.


0
Q: [[0 0 1 0 1 1 0 1 1 1]
 [1 1 1 1 1 1 1 1 1 1]
 [1 0 0 0 1 1 1 1 1 1]
 [1 1 0 0 0 1 1 1 1 1]
 [0 1 1 1 0 1 0 1 1 1]
 [1 1 1 1 1 1 1 1 0 0]
 [1 1 1 0 1 0 0 1 1 1]
 [1 0 1 0 1 1 1 0 1 1]
 [1 0 0 1 1 1 1 0 1 1]
 [1 1 1 1 1 1 1 1 1 1]
 [1 1 1 0 0 1 1 0 1 0]
 [1 1 1 1 1 1 1 0 1 1]
 [1 1 0 1 0 1 1 1 1 1]
 [1 1 1 1 1 1 1 1 1 1]
 [1 1 1 1 0 1 1 1 1 0]
 [1 1 1 1 0 1 1 1 1 1]
 [0 1 1 1 1 1 1 0 1 0]
 [1 0 1 1 1 1 1 0 1 0]
 [1 1 0 1 1 0 1 1 1 1]
 [1 1 1 1 1 1 1 1 1 1]
 [0 1 1 1 1 1 1 1 1 1]
 [1 1 0 1 1 1 0 1 1 1]
 [1 1 1 1 1 1 1 1 1 1]
 [1 1 1 1 0 1 1 1 0 1]
 [1 1 1 0 1 1 1 1 1 1]
 [1 0 1 1 1 0 1 1 1 0]
 [1 1 1 1 1 1 1 1 1 1]
 [1 1 1 1 1 1 1 0 1 0]
 [0 1 1 0 1 1 1 1 1 1]
 [1 1 1 1 1 1 0 1 1 1]
 [1 1 1 0 1 0 1 1 1 1]
 [1 0 0 1 1 1 1 0 1 1]
 [1 1 1 1 0 0 1 1 1 1]
 [1 1 1 1 0 1 1 1 1 1]
 [0 1 1 0 1 1 1 1 1 0]
 [1 1 1 1 1 1 1 1 1 1]
 [1 0 1 1 1 0 1 1 0 1]
 [0 1 1 1 1 1 1 1 1 0]
 [1 1 1 1 1 1 1 0 1 1]
 [1 0 1 1 1 0 0 1 1 1]
 [1 1 1 1 1 1 1 1 1 1]
 [1 0 1 1 1 1 1 1 1 1]
 [1 0 0 1 1 1 1 1 1 1]
 [0 1 1 0 1 1 1 1 0 1]
 [1 0 1 1 1 1 1 1 1 0]
 [0 1 1 1 1 1 0 1 1 1]
 [1 0 1 1 1 1 1 0 1 1]
 [1 1 1 0 1 1 1 1 1 1]
 [0 1 1 1 1 0 1 1 0 1]
 [1 0 0 1 1 1 1 0 1 0]]
Q is not identifiable (three-column submatrix not identifiable).
Q is not identifiable, and Q_bar is [[0 0 1 0 1 1 1 0 0 1]
 [1 1 1 1 1 1 1 1 1 1]
 [1 0 0 0 1 1 1 1 1 1]
 [1 1 0 0 0 1 1 1 1 1]
 [0 1 1 1 0 1 0 1 1 1]
 [1 1 1 1 1 1 1 1 0 0]
 [1 1 1 0 1 0 0 1 1 1]
 [1 0 1 0 1 1 1 0 1 1]
 [1 0 0 1 1 1 1 0 1 1]
 [1 1 1 1 1 1 1 1 1 1]
 [1 1 1 0 0 1 1 0 1 0]
 [1 1 1 1 1 1 1 0 1 1]
 [1 1 0 1 0 1 1 1 1 1]
 [1 1 1 1 1 1 1 1 1 1]
 [1 1 1 1 0 1 1 1 1 0]
 [1 1 1 1 0 1 1 1 1 1]
 [0 1 1 1 1 1 1 0 1 0]
 [1 0 1 1 1 1 1 0 1 0]
 [1 1 0 1 1 0 1 1 1 1]
 [1 1 1 1 1 1 1 1 1 1]
 [0 1 1 1 1 1 1 1 1 1]
 [1 1 0 1 1 1 0 1 1 1]
 [1 1 1 1 1 1 1 1 1 1]
 [1 1 1 1 0 1 1 1 0 1]
 [1 1 1 0 1 1 1 1 1 1]
 [1 0 1 1 1 0 1 1 1 0]
 [1 1 1 1 1 1 1 1 1 1]
 [1 1 1 1 1 1 1 0 1 0]
 [0 1 1 0 1 1 1 1 0 1]
 [1 1 1 1 1 1 0 1 1 1]
 [1 1 1 0 1 0 1 1 1 1]
 [1 0 0 1 1 1 1 0 1 1]
 [1 1 1 1 0 0 1 1 1 1]
 [1 1 1 1 0 1 1 1 1 1]
 [0 1 1 0 1 1 1 1 1 0]
 [1 1 1 1 1 1 1 1 1 1]
 [1 0 1 1 1 0 1 1 0 1]
 [0 1 1 1 1 1 1 1 1 0]
 [1 1 1 1 1 1 1 0 1 1]
 [1 0 1 1 1 0 0 1 1 1]
 [1 1 1 1 1 1 1 1 1 1]
 [1 0 1 1 1 1 1 0 1 1]
 [1 0 0 1 1 1 1 1 1 1]
 [0 1 1 0 1 1 1 1 0 1]
 [1 0 1 1 1 1 1 1 1 0]
 [0 1 1 1 1 1 1 1 1 1]
 [1 0 1 1 1 1 1 0 1 1]
 [1 1 1 0 1 1 1 1 1 1]
 [0 1 1 1 1 0 1 1 0 1]
 [1 0 0 1 1 1 1 0 1 0]]
branch at 3
runtime for solving id of Q is 0.004445994272828102
Simulation results:
{'J': 50, 'K': 10, 'N': 10, 'p': 0.8, 'seed': 70, 'sim': 0, 'runtime': 0.004445994272828102, 'identifiable': 0, 'branch': 3}
1
Q: [[1 0 1 1 1 1 1 1 1 1]
 [1 1 0 1 1 1 1 1 0 1]
 [1 1 1 1 0 1 1 1 1 0]
 [0 1 1 1 1 1 1 1 1 1]
 [1 1 1 1 1 0 1 1 0 1]
 [1 1 0 1 1 0 1 1 1 1]
 [0 1 1 1 0 1 1 0 1 1]
 [1 1 1 1 1 1 1 0 1 1]
 [0 1 1 1 1 1 0 1 1 1]
 [1 1 1 1 1 0 1 1 1 1]
 [1 1 1 0 1 1 1 1 1 1]
 [1 1 1 1 1 0 1 0 1 1]
 [1 1 0 1 1 1 0 1 0 1]
 [0 1 0 0 1 1 1 1 1 1]
 [0 0 1 0 1 1 0 0 1 0]
 [1 1 1 1 1 1 1 1 1 1]
 [0 1 1 1 1 1 1 1 1 1]
 [1 1 1 1 1 1 1 1 1 1]
 [1 1 0 1 0 1 1 1 1 1]
 [0 0 1 1 0 0 0 0 1 0]
 [1 1 1 1 1 1 1 1 1 0]
 [1 1 0 1 1 1 1 0 1 0]
 [1 1 1 1 1 1 1 1 1 1]
 [1 1 1 0 1 0 1 1 1 0]
 [1 1 1 1 1 1 0 1 1 1]
 [1 0 1 1 1 0 0 1 1 1]
 [1 1 1 1 1 1 1 0 1 1]
 [1 0 1 1 1 1 0 1 0 1]
 [1 1 1 1 0 1 1 1 1 0]
 [1 0 0 1 1 1 1 1 1 1]
 [1 1 1 1 1 0 1 1 1 1]
 [1 0 1 1 1 1 1 1 1 0]
 [1 1 1 1 1 1 1 0 1 0]
 [1 0 1 1 0 1 0 1 1 0]
 [1 1 1 1 0 0 1 1 1 1]
 [1 0 1 1 1 0 1 1 1 1]
 [0 1 1 1 1 1 1 1 1 0]
 [1 1 1 0 0 1 1 1 1 0]
 [0 1 1 1 1 1 1 0 1 0]
 [1 1 1 1 1 1 1 1 1 1]
 [1 0 1 1 0 1 1 1 1 1]
 [1 1 1 0 0 1 1 1 1 1]
 [1 1 1 1 1 1 1 0 1 1]
 [1 1 0 0 1 1 0 1 1 1]
 [0 1 1 1 1 1 1 0 1 0]
 [0 0 1 1 1 1 0 1 1 1]
 [1 1 1 1 0 1 1 1 1 0]
 [1 0 0 0 1 0 1 1 0 1]
 [0 1 1 1 1 1 1 1 1 1]
 [1 1 1 1 0 1 1 0 1 1]]
{'restarts': 17, 'conflicts': 8199, 'decisions': 16935, 'propagations': 8206400}
Q is not identifiable, and Q_bar is [[0 1 1 0 0 1 0 1 1 0]
 [0 1 0 1 0 1 1 1 0 0]
 [0 0 0 0 0 1 1 0 1 1]
 [0 0 1 1 0 1 0 1 1 1]
 [0 1 0 0 1 0 0 1 0 1]
 [1 1 0 0 0 1 0 1 0 1]
 [0 0 0 1 0 1 0 0 1 1]
 [1 0 1 1 0 1 0 0 1 1]
 [0 0 1 1 1 0 0 0 1 0]
 [1 1 0 0 0 1 0 1 1 1]
 [0 1 1 1 0 0 0 1 1 1]
 [1 1 0 0 0 1 0 0 1 1]
 [0 1 0 1 0 1 1 0 0 0]
 [0 0 1 1 0 0 0 1 0 1]
 [0 0 1 0 0 0 0 0 1 0]
 [0 1 1 1 0 1 0 1 1 1]
 [0 0 1 1 0 1 0 1 1 1]
 [0 1 1 1 0 1 0 1 1 1]
 [1 0 0 1 0 1 1 0 0 0]
 [0 0 0 0 0 1 0 0 1 0]
 [0 0 1 0 0 1 1 0 1 1]
 [1 0 1 0 0 1 0 0 0 1]
 [0 1 1 1 0 1 0 1 1 1]
 [1 0 0 0 0 0 0 1 1 1]
 [0 0 1 1 1 1 1 0 1 0]
 [0 1 0 0 1 1 0 0 1 0]
 [1 0 1 1 0 1 0 0 1 1]
 [0 1 0 0 1 0 1 0 0 0]
 [0 0 0 0 0 1 1 0 1 1]
 [1 1 0 0 0 1 1 1 0 0]
 [1 1 0 0 0 1 0 1 1 1]
 [0 0 1 0 0 1 1 1 1 0]
 [1 0 1 0 0 1 0 0 1 1]
 [0 0 0 0 0 1 1 0 1 0]
 [1 0 0 0 1 1 0 0 0 1]
 [0 1 0 0 0 1 0 1 1 0]
 [0 0 1 0 0 1 0 1 1 1]
 [0 0 0 0 0 0 1 0 1 1]
 [0 0 1 0 0 1 0 0 1 1]
 [0 1 1 1 0 1 0 1 1 1]
 [1 0 0 0 1 1 1 0 0 0]
 [0 0 0 1 0 0 1 0 1 1]
 [1 0 1 1 0 1 0 0 1 1]
 [0 0 1 1 0 0 1 0 0 0]
 [0 0 1 0 0 1 0 0 1 1]
 [0 0 1 0 1 0 0 0 1 0]
 [0 0 0 0 0 1 1 0 1 1]
 [0 1 0 0 0 0 0 1 0 0]
 [0 0 1 1 0 1 0 1 1 1]
 [1 0 0 1 0 1 0 0 1 0]]
branch at 5
runtime for solving id of Q is 1.08045045286417
Simulation results:
{'J': 50, 'K': 10, 'N': 10, 'p': 0.8, 'seed': 70, 'sim': 1, 'runtime': 1.08045045286417, 'identifiable': 0, 'branch': 5}
2
Q: [[1 1 0 0 1 1 1 1 1 0]
 [1 1 1 1 1 0 0 1 1 0]
 [1 0 1 1 0 1 1 1 1 1]
 [0 1 0 0 1 1 1 1 1 0]
 [1 1 1 1 1 1 1 0 1 1]
 [1 1 1 1 1 1 1 1 1 1]
 [1 1 1 1 1 1 1 1 1 1]
 [0 1 1 1 1 0 1 1 0 1]
 [0 1 1 1 1 1 1 0 1 1]
 [0 1 1 1 1 1 0 0 0 1]
 [1 1 0 0 0 1 0 0 1 1]
 [1 1 1 1 1 1 0 1 1 1]
 [0 1 1 1 1 1 1 1 1 1]
 [0 0 0 0 0 1 1 0 1 1]
 [1 1 1 1 1 0 0 1 0 1]
 [1 1 1 1 1 1 1 1 1 1]
 [1 1 1 1 1 1 1 1 1 1]
 [1 1 1 1 1 1 1 1 1 1]
 [1 1 1 1 1 0 0 1 1 1]
 [1 0 1 1 1 1 1 1 1 1]
 [0 1 1 1 0 1 1 1 1 1]
 [0 1 1 1 1 1 1 1 1 1]
 [1 1 0 1 1 1 1 1 0 0]
 [1 1 1 1 0 1 1 1 1 1]
 [1 1 1 1 1 1 0 1 1 1]
 [1 0 1 1 0 0 0 0 0 1]
 [1 1 1 1 1 1 1 1 0 1]
 [0 1 1 1 1 1 1 1 0 1]
 [1 1 1 0 1 1 1 1 0 1]
 [1 1 1 0 1 1 1 1 1 0]
 [1 1 0 1 1 1 1 1 1 1]
 [1 0 0 1 1 1 0 1 1 1]
 [1 1 1 0 1 1 0 1 1 1]
 [1 1 1 1 1 1 1 1 0 1]
 [1 0 1 1 1 1 1 0 1 1]
 [0 1 1 1 1 1 1 1 1 0]
 [1 1 1 1 0 0 0 1 1 1]
 [1 1 0 0 1 1 1 1 1 1]
 [1 1 1 0 1 1 1 1 0 1]
 [0 1 1 0 1 0 0 1 1 0]
 [1 1 1 1 1 1 0 0 1 0]
 [0 0 1 1 1 1 1 1 1 1]
 [1 0 1 1 0 1 1 1 1 1]
 [0 1 0 1 1 1 1 1 1 1]
 [0 0 1 1 0 1 0 1 0 1]
 [1 1 1 1 1 1 1 0 0 1]
 [0 1 1 1 1 1 1 0 1 1]
 [1 1 1 1 1 0 1 1 1 1]
 [0 1 1 1 1 1 0 1 1 1]
 [1 0 1 1 1 1 1 1 1 1]]
{'restarts': 2, 'conflicts': 715, 'decisions': 2633, 'propagations': 657532}
Q is not identifiable, and Q_bar is [[1 0 1 0 1 1 1 0 1 0]
 [1 0 1 1 1 0 0 1 1 0]
 [1 0 0 1 0 1 1 1 1 1]
 [0 0 1 0 1 1 1 0 1 0]
 [1 1 0 1 1 1 1 0 1 1]
 [1 1 1 1 1 1 1 1 1 1]
 [1 1 1 1 1 1 1 1 1 1]
 [0 1 1 1 1 0 1 1 0 1]
 [0 1 0 1 1 1 1 0 1 1]
 [0 1 0 1 1 1 0 0 0 1]
 [1 0 0 0 1 1 0 0 1 1]
 [1 1 1 0 1 1 0 1 1 1]
 [0 0 1 1 1 1 1 1 1 1]
 [0 0 0 0 0 1 1 0 1 1]
 [1 1 0 1 1 0 0 1 0 1]
 [1 1 1 1 1 1 1 1 1 1]
 [1 1 1 1 1 1 1 1 1 1]
 [1 1 1 1 1 1 1 1 1 1]
 [1 0 1 1 1 0 0 1 1 1]
 [1 1 1 1 0 1 1 1 1 1]
 [0 0 0 1 1 1 1 1 1 1]
 [0 0 1 1 1 1 1 1 1 1]
 [1 1 1 0 1 1 1 0 0 0]
 [1 0 0 1 1 1 1 1 1 1]
 [1 1 1 0 1 1 0 1 1 1]
 [1 0 0 1 0 0 0 0 0 1]
 [1 1 1 1 1 1 1 1 0 1]
 [0 1 1 1 1 1 1 1 0 1]
 [1 0 1 0 1 1 1 1 0 1]
 [1 0 1 0 1 1 1 1 1 0]
 [1 1 1 0 1 1 1 0 1 1]
 [1 1 1 0 0 1 0 0 1 1]
 [1 0 1 0 1 1 0 1 1 1]
 [1 1 1 1 1 1 1 1 0 1]
 [1 1 0 1 0 1 1 0 1 1]
 [0 0 1 1 1 1 1 1 1 0]
 [1 0 0 1 1 0 0 1 1 1]
 [1 0 1 0 1 1 1 0 1 1]
 [1 0 1 0 1 1 1 1 0 1]
 [0 0 1 0 1 0 0 1 1 0]
 [1 1 0 1 1 1 0 0 1 0]
 [0 0 1 1 0 1 1 1 1 1]
 [1 0 0 1 0 1 1 1 1 1]
 [0 1 1 0 1 1 1 0 1 1]
 [0 0 0 1 0 1 0 1 0 1]
 [1 1 0 1 1 1 1 0 0 1]
 [0 1 0 1 1 1 1 0 1 1]
 [1 1 1 1 1 0 1 1 1 1]
 [0 0 1 1 1 1 0 1 1 1]
 [1 1 1 1 0 1 1 1 1 1]]
branch at 5
runtime for solving id of Q is 0.14840261824429035
Simulation results:
{'J': 50, 'K': 10, 'N': 10, 'p': 0.8, 'seed': 70, 'sim': 2, 'runtime': 0.14840261824429035, 'identifiable': 0, 'branch': 5}
3
Q: [[1 1 1 1 0 0 0 1 1 1]
 [1 1 1 1 1 1 1 1 1 1]
 [1 1 1 1 0 1 1 0 1 1]
 [0 0 0 0 0 1 1 1 1 0]
 [1 1 1 0 0 1 1 1 1 0]
 [1 1 1 1 1 1 1 0 1 1]
 [1 1 1 1 1 1 1 0 1 1]
 [1 1 1 1 1 1 1 1 1 1]
 [1 1 1 0 1 1 1 1 1 1]
 [1 1 1 1 0 1 1 0 1 1]
 [1 0 1 1 0 1 1 1 1 0]
 [0 1 1 0 0 1 1 1 0 1]
 [0 1 0 1 1 1 0 1 1 0]
 [1 1 1 1 0 1 1 0 1 1]
 [1 0 1 1 1 1 0 0 1 1]
 [0 1 1 0 1 1 1 1 1 1]
 [0 1 1 1 1 1 1 1 1 1]
 [0 1 1 1 1 1 0 0 0 1]
 [1 1 1 1 1 1 1 0 1 1]
 [1 1 1 1 1 1 1 1 1 1]
 [0 1 0 1 0 1 1 1 1 1]
 [1 1 1 1 1 1 1 0 0 1]
 [0 0 1 1 1 1 1 1 1 1]
 [0 0 1 1 1 0 1 1 1 1]
 [1 1 0 1 0 1 1 1 1 1]
 [0 1 1 1 1 1 1 1 1 0]
 [1 1 0 1 0 1 1 1 1 1]
 [0 1 1 1 0 1 0 1 1 1]
 [1 1 1 1 1 0 1 1 0 0]
 [1 0 1 1 1 0 1 1 1 1]
 [1 1 1 1 0 1 1 1 1 1]
 [1 1 1 1 1 0 1 1 1 1]
 [1 1 0 1 1 1 1 1 0 1]
 [1 1 1 1 1 1 1 1 1 1]
 [0 1 1 1 1 0 1 0 1 1]
 [1 1 1 1 0 0 1 0 0 0]
 [1 1 1 0 1 0 1 1 1 1]
 [1 1 1 1 0 1 1 1 1 1]
 [0 1 1 0 1 1 1 1 1 1]
 [0 1 1 0 0 1 0 1 1 1]
 [1 1 1 1 1 1 1 0 1 1]
 [1 1 1 1 1 1 1 1 1 1]
 [1 1 0 0 1 1 1 1 1 1]
 [1 1 1 1 0 0 0 0 1 1]
 [1 1 1 1 1 1 1 1 1 1]
 [1 1 1 1 1 0 0 1 1 1]
 [1 0 1 1 1 1 0 0 1 1]
 [0 1 1 1 1 1 0 1 1 1]
 [1 1 1 0 1 0 1 1 1 1]
 [1 1 1 1 1 1 1 0 1 1]]
Q is not identifiable (three-column submatrix not identifiable).
Q is not identifiable, and Q_bar is [[1 1 1 1 0 0 0 1 1 1]
 [1 1 1 1 1 1 1 1 1 1]
 [1 1 1 1 0 1 1 0 1 1]
 [0 0 0 0 0 1 1 1 0 0]
 [1 1 1 0 0 1 1 1 1 0]
 [1 1 1 1 1 1 1 0 1 1]
 [1 1 1 1 1 1 1 0 1 1]
 [1 1 1 1 1 1 1 1 1 1]
 [1 1 1 0 1 1 1 1 1 1]
 [1 1 1 1 0 1 1 0 1 1]
 [1 0 1 1 0 1 1 1 1 0]
 [0 1 1 0 0 1 1 1 0 1]
 [0 1 0 1 1 1 0 1 1 0]
 [1 1 1 1 0 1 1 0 1 1]
 [1 0 1 1 1 1 0 0 1 1]
 [0 1 1 0 1 1 1 1 1 1]
 [0 1 1 1 1 1 1 1 1 1]
 [0 1 1 1 1 1 0 0 0 1]
 [1 1 1 1 1 1 1 0 1 1]
 [1 1 1 1 1 1 1 1 1 1]
 [0 1 0 1 0 1 1 1 1 1]
 [1 1 1 1 1 1 1 0 0 1]
 [0 0 1 1 1 1 1 1 1 1]
 [0 0 1 1 1 0 1 1 1 1]
 [1 1 0 1 0 1 1 1 1 1]
 [0 1 1 1 1 1 1 1 1 0]
 [1 1 0 1 0 1 1 1 1 1]
 [0 1 1 1 0 1 0 1 1 1]
 [1 1 1 1 1 0 1 1 0 0]
 [1 0 1 1 1 0 1 1 1 1]
 [1 1 1 1 0 1 1 1 1 1]
 [1 1 1 1 1 0 1 1 1 1]
 [1 1 0 1 1 1 1 1 0 1]
 [1 1 1 1 1 1 1 1 1 1]
 [0 1 1 1 1 0 1 0 1 1]
 [1 1 1 1 0 0 1 0 0 0]
 [1 1 1 0 1 0 1 1 1 1]
 [1 1 1 1 0 1 1 1 1 1]
 [0 1 1 0 1 1 1 1 1 1]
 [0 1 1 0 0 1 0 1 1 1]
 [1 1 1 1 1 1 1 0 1 1]
 [1 1 1 1 1 1 1 1 1 1]
 [1 1 0 0 1 1 1 1 1 1]
 [1 1 1 1 0 0 0 0 1 1]
 [1 1 1 1 1 1 1 1 1 1]
 [1 1 1 1 1 0 0 1 1 1]
 [1 0 1 1 1 1 0 0 1 1]
 [0 1 1 1 1 1 0 1 1 1]
 [1 1 1 0 1 0 1 1 1 1]
 [1 1 1 1 1 1 1 0 1 1]]
branch at 3
runtime for solving id of Q is 0.004186762496829033
Simulation results:
{'J': 50, 'K': 10, 'N': 10, 'p': 0.8, 'seed': 70, 'sim': 3, 'runtime': 0.004186762496829033, 'identifiable': 0, 'branch': 3}
4
Q: [[1 1 1 0 1 0 1 0 1 1]
 [1 1 1 1 1 0 1 1 1 1]
 [1 1 1 1 0 1 1 1 1 1]
 [1 1 0 1 1 1 1 1 1 1]
 [0 1 0 1 1 1 1 1 1 1]
 [1 1 1 1 0 1 1 1 1 1]
 [1 1 0 1 1 0 1 1 1 1]
 [1 0 0 1 1 1 1 0 1 0]
 [0 1 1 0 1 1 0 1 0 1]
 [1 1 1 0 1 1 1 1 1 1]
 [1 1 0 1 1 1 1 1 1 1]
 [1 1 0 0 1 1 1 1 1 1]
 [1 1 1 1 1 1 1 1 0 0]
 [1 1 1 1 0 1 1 1 1 1]
 [1 1 0 1 1 1 1 1 0 1]
 [1 1 1 1 0 1 1 1 0 0]
 [1 0 1 1 0 1 1 1 1 1]
 [0 1 1 1 0 1 1 1 1 1]
 [0 1 0 0 1 0 1 1 1 1]
 [1 0 0 0 1 1 1 1 1 1]
 [1 1 1 1 1 0 1 1 1 1]
 [0 0 1 1 1 0 1 1 1 1]
 [1 0 0 1 1 1 1 1 1 1]
 [1 1 1 1 1 1 1 1 1 1]
 [1 1 1 0 1 1 1 1 1 1]
 [0 0 1 0 1 1 1 1 1 1]
 [1 1 1 1 0 1 0 1 1 1]
 [1 1 1 1 1 1 1 1 1 1]
 [1 1 1 0 0 1 0 0 1 1]
 [1 0 1 1 1 0 1 1 1 1]
 [0 1 1 1 1 1 0 1 1 1]
 [1 1 0 1 1 1 1 1 1 1]
 [1 1 0 1 1 1 1 1 1 1]
 [1 0 1 1 1 1 1 1 1 0]
 [0 1 1 0 0 1 1 1 1 1]
 [0 0 1 1 1 1 1 1 1 0]
 [1 1 0 1 1 1 1 1 1 0]
 [1 0 1 1 1 1 1 1 1 1]
 [1 1 0 1 1 1 1 1 1 1]
 [1 1 1 1 1 1 1 1 1 1]
 [1 1 0 1 1 1 1 1 1 1]
 [1 1 1 1 0 1 1 1 1 1]
 [1 1 1 1 0 1 1 1 1 1]
 [1 1 0 0 1 1 1 1 1 1]
 [1 1 1 1 1 0 1 1 0 0]
 [1 0 1 1 1 0 1 1 0 1]
 [1 0 0 1 1 1 0 1 1 1]
 [1 1 0 0 1 1 1 1 1 1]
 [1 1 1 0 1 1 1 1 1 1]
 [1 1 1 1 1 1 1 1 0 1]]
{'restarts': 4, 'conflicts': 513, 'decisions': 1918, 'propagations': 389386}
Q is not identifiable, and Q_bar is [[1 0 1 0 0 0 0 0 0 0]
 [0 1 1 0 0 0 0 1 0 1]
 [0 1 0 1 1 1 1 0 0 1]
 [0 0 0 1 1 1 0 0 1 1]
 [0 0 0 0 1 1 0 0 1 1]
 [0 1 0 1 1 1 1 0 0 1]
 [0 1 0 0 0 1 0 1 0 1]
 [0 1 0 0 0 0 0 0 1 0]
 [0 0 0 0 0 1 1 1 0 0]
 [0 0 0 1 0 0 1 1 1 1]
 [0 0 0 1 1 1 0 0 1 1]
 [0 0 0 1 0 0 0 1 1 1]
 [0 1 1 0 0 1 1 0 0 0]
 [0 1 0 1 1 1 1 0 0 1]
 [0 1 0 1 0 1 0 1 0 0]
 [0 1 0 0 0 1 1 0 0 0]
 [0 1 0 1 1 0 1 0 0 0]
 [0 0 0 0 1 1 1 0 0 1]
 [0 0 0 0 0 0 0 1 0 1]
 [0 0 0 1 0 0 0 0 1 0]
 [0 1 1 0 0 0 0 1 0 1]
 [0 0 1 0 1 0 0 1 0 0]
 [0 0 0 1 1 0 0 1 1 0]
 [0 0 1 1 1 0 0 1 1 1]
 [0 0 0 1 0 0 1 1 1 1]
 [0 0 0 0 0 0 1 1 1 0]
 [0 0 0 1 1 1 1 0 0 0]
 [0 0 1 1 1 0 0 1 1 1]
 [1 0 0 0 0 0 1 0 0 0]
 [0 1 1 0 1 0 0 1 0 0]
 [0 0 0 0 1 1 1 1 0 0]
 [0 0 0 1 1 1 0 0 1 1]
 [0 0 0 1 1 1 0 0 1 1]
 [0 1 1 0 1 0 0 0 1 0]
 [0 0 0 0 0 1 1 0 0 1]
 [0 0 1 0 1 0 0 0 1 0]
 [0 1 0 0 1 1 0 0 1 0]
 [0 0 1 1 1 0 0 1 1 0]
 [0 0 0 1 1 1 0 0 1 1]
 [0 0 1 1 1 0 0 1 1 1]
 [0 0 0 1 1 1 0 0 1 1]
 [0 1 0 1 1 1 1 0 0 1]
 [0 1 0 1 1 1 1 0 0 1]
 [0 0 0 1 0 0 0 1 1 1]
 [0 1 1 0 0 1 0 0 0 0]
 [0 1 1 0 0 0 0 1 0 0]
 [0 0 0 1 1 0 0 1 0 0]
 [0 0 0 1 0 0 0 1 1 1]
 [0 0 0 1 0 0 1 1 1 1]
 [0 1 1 0 0 1 1 1 0 0]]
branch at 5
runtime for solving id of Q is 0.14630476757884026
Simulation results:
{'J': 50, 'K': 10, 'N': 10, 'p': 0.8, 'seed': 70, 'sim': 4, 'runtime': 0.14630476757884026, 'identifiable': 0, 'branch': 5}
5
Q: [[0 0 1 1 1 1 0 1 1 1]
 [0 1 1 1 1 1 1 1 1 1]
 [1 1 1 1 0 1 1 1 1 1]
 [0 1 1 1 1 1 1 1 1 1]
 [1 1 1 1 1 1 1 1 1 1]
 [1 1 1 1 0 1 1 1 1 1]
 [1 1 1 1 1 1 0 1 1 1]
 [1 1 1 1 1 1 1 1 1 0]
 [0 1 1 1 0 1 0 1 1 1]
 [1 1 1 1 1 1 1 0 1 1]
 [1 1 1 1 1 1 1 1 1 1]
 [1 1 1 1 1 1 0 1 1 0]
 [1 0 1 0 1 1 1 1 1 1]
 [1 1 0 1 1 1 1 0 1 1]
 [1 1 1 1 0 1 1 1 1 1]
 [1 1 1 1 1 1 1 1 1 1]
 [0 0 1 1 1 1 1 0 1 1]
 [0 1 1 1 1 0 1 0 1 1]
 [1 1 1 1 1 1 0 1 1 1]
 [1 1 1 1 1 1 1 1 0 1]
 [1 1 0 1 1 1 1 1 0 1]
 [0 1 1 1 1 1 1 1 1 0]
 [1 1 0 1 1 1 1 1 1 1]
 [1 1 1 1 1 1 1 0 0 1]
 [0 1 0 1 0 1 1 1 1 1]
 [1 0 1 1 0 1 1 1 1 0]
 [1 1 0 1 0 0 1 1 1 1]
 [1 1 1 1 1 1 0 0 1 1]
 [1 1 1 1 1 1 1 1 1 1]
 [1 1 1 1 1 1 1 1 1 1]
 [0 1 1 1 1 1 1 1 0 1]
 [1 1 1 0 1 1 1 1 1 0]
 [1 1 0 1 1 1 1 1 1 1]
 [1 1 0 0 1 1 1 0 1 1]
 [1 0 1 1 0 0 1 1 1 1]
 [0 1 1 1 1 1 1 1 1 1]
 [1 1 0 1 1 1 1 0 1 1]
 [1 1 1 0 1 1 1 0 1 0]
 [1 1 1 1 1 1 1 1 1 1]
 [1 1 1 1 1 1 1 0 1 1]
 [1 0 1 1 0 0 1 0 1 1]
 [1 1 1 1 1 1 1 1 1 1]
 [1 0 1 1 1 1 1 1 0 1]
 [0 1 1 1 1 1 1 1 1 1]
 [1 1 0 1 1 1 1 1 1 1]
 [1 1 1 1 1 1 1 1 0 1]
 [0 0 1 0 1 1 1 1 1 1]
 [1 1 1 1 1 1 0 1 1 1]
 [1 1 1 0 0 0 1 1 1 1]
 [1 1 1 1 1 1 0 0 1 0]]
Q is not identifiable (three-column submatrix not identifiable).
Q is not identifiable, and Q_bar is [[0 0 1 1 1 1 0 1 1 1]
 [0 1 1 1 1 1 1 1 1 1]
 [1 1 1 1 0 1 1 1 1 1]
 [0 1 1 1 1 1 1 1 1 1]
 [1 1 1 1 1 1 1 1 1 1]
 [1 1 1 1 0 1 1 1 1 1]
 [1 1 1 1 1 1 0 1 1 1]
 [1 1 1 1 1 1 1 1 1 0]
 [0 1 1 1 0 1 0 1 1 1]
 [1 1 1 1 1 1 1 0 1 1]
 [1 1 1 1 1 1 1 1 1 1]
 [1 1 1 1 1 1 0 1 1 0]
 [1 0 1 0 1 1 1 1 1 1]
 [1 1 0 1 1 1 1 0 1 1]
 [1 1 1 1 0 1 1 1 1 1]
 [1 1 1 1 1 1 1 1 1 1]
 [0 0 1 1 1 1 1 0 1 1]
 [0 1 1 1 1 0 1 0 1 1]
 [1 1 1 1 1 1 0 1 1 1]
 [1 1 1 1 1 1 1 1 0 1]
 [1 1 0 1 1 1 1 1 0 1]
 [0 1 1 1 1 1 1 1 1 0]
 [1 1 0 1 1 1 1 1 1 1]
 [1 1 1 1 1 1 1 0 0 1]
 [0 1 0 1 0 1 1 1 1 1]
 [1 0 1 1 0 1 1 1 1 0]
 [1 1 0 1 0 0 1 1 1 1]
 [1 1 1 1 1 1 0 0 1 1]
 [1 1 1 1 1 1 1 1 1 1]
 [1 1 1 1 1 1 1 1 1 1]
 [0 1 1 1 1 1 1 1 0 1]
 [1 1 1 0 1 1 1 1 1 0]
 [1 1 0 1 1 1 1 1 1 1]
 [1 1 0 0 1 1 1 0 1 1]
 [1 0 1 1 0 0 1 1 1 1]
 [0 1 1 1 1 1 1 1 1 1]
 [1 1 0 1 1 1 1 0 1 1]
 [1 1 1 0 1 1 1 0 1 0]
 [1 1 1 1 1 1 1 1 1 1]
 [1 1 1 1 1 1 1 0 1 1]
 [1 0 1 1 0 0 1 0 1 1]
 [1 1 1 1 1 1 1 1 1 1]
 [1 0 1 1 1 1 1 1 0 1]
 [0 1 1 1 1 1 1 1 1 1]
 [1 1 0 1 1 1 1 1 1 1]
 [1 1 1 1 1 1 1 1 0 1]
 [0 0 1 1 1 1 0 1 0 1]
 [1 1 1 1 1 1 0 1 1 1]
 [1 1 1 0 0 0 1 1 1 1]
 [1 1 1 1 1 1 0 0 1 0]]
branch at 3
runtime for solving id of Q is 0.003791971132159233
Simulation results:
{'J': 50, 'K': 10, 'N': 10, 'p': 0.8, 'seed': 70, 'sim': 5, 'runtime': 0.003791971132159233, 'identifiable': 0, 'branch': 3}
6
Q: [[1 1 1 0 1 1 1 1 1 1]
 [1 1 1 1 1 1 1 1 1 1]
 [0 1 1 1 1 1 1 1 1 1]
 [1 1 1 1 1 1 1 1 1 1]
 [1 1 1 1 1 1 1 1 1 1]
 [1 1 1 1 1 0 1 1 1 1]
 [1 1 0 1 1 1 1 1 1 1]
 [1 1 1 1 1 1 1 1 1 1]
 [1 1 1 1 1 1 1 1 1 0]
 [1 1 1 0 1 1 0 1 1 0]
 [1 1 1 1 1 1 1 1 0 0]
 [1 1 1 1 1 1 1 1 0 1]
 [1 1 0 1 1 0 1 1 1 1]
 [1 1 1 1 1 1 1 1 1 0]
 [1 0 0 1 1 0 0 1 0 1]
 [1 0 1 1 1 0 1 0 1 1]
 [1 1 1 1 1 1 0 1 1 1]
 [1 1 1 1 1 1 1 1 0 1]
 [1 1 1 1 0 1 1 1 1 1]
 [1 1 1 1 0 1 1 1 1 1]
 [1 1 1 0 1 1 0 1 0 1]
 [0 1 1 1 0 1 1 1 1 1]
 [1 1 1 1 0 0 1 1 1 1]
 [1 0 0 1 1 1 1 1 1 0]
 [1 1 1 0 1 0 1 1 0 1]
 [1 1 1 1 1 1 0 0 1 1]
 [1 1 0 1 1 1 1 1 1 1]
 [1 1 0 1 0 0 1 1 1 1]
 [1 1 1 1 1 1 0 1 0 1]
 [1 1 0 1 1 1 0 1 1 1]
 [1 1 0 1 1 1 1 1 1 1]
 [0 1 1 0 0 1 1 1 1 1]
 [1 1 1 0 0 1 1 1 0 1]
 [1 1 0 1 1 1 1 1 1 1]
 [1 1 1 1 1 0 1 1 1 1]
 [1 1 0 0 1 1 1 1 1 1]
 [1 0 1 1 1 1 0 1 1 1]
 [0 1 1 1 0 1 1 0 0 1]
 [1 1 1 1 1 1 0 1 1 1]
 [1 1 1 1 1 0 0 1 1 0]
 [0 0 0 1 1 1 1 1 1 1]
 [1 1 1 1 1 1 1 1 1 1]
 [1 1 1 1 1 1 1 1 1 1]
 [0 0 1 0 1 1 1 0 1 1]
 [1 1 1 1 1 1 1 1 1 1]
 [0 1 0 1 1 1 1 1 1 1]
 [1 1 1 1 0 1 1 1 0 0]
 [1 1 1 1 1 1 1 0 1 1]
 [0 1 1 1 1 1 1 0 1 1]
 [1 1 0 1 1 1 1 0 1 1]]
{'restarts': 7, 'conflicts': 1775, 'decisions': 6007, 'propagations': 1358662}
Q is not identifiable, and Q_bar is [[0 1 0 1 1 1 0 1 0 1]
 [0 1 1 1 1 1 1 1 1 1]
 [0 0 1 1 1 1 1 1 0 1]
 [0 1 1 1 1 1 1 1 1 1]
 [0 1 1 1 1 1 1 1 1 1]
 [1 1 1 0 1 0 1 1 0 0]
 [0 1 1 1 0 1 1 0 1 1]
 [0 1 1 1 1 1 1 1 1 1]
 [1 1 1 0 1 1 1 0 0 1]
 [1 0 0 0 1 0 0 0 0 1]
 [1 1 1 0 1 1 0 0 0 0]
 [0 1 1 1 1 0 0 1 1 0]
 [1 1 1 0 0 0 1 1 1 0]
 [1 1 1 0 1 1 1 0 0 1]
 [0 1 0 0 0 0 0 0 1 0]
 [0 1 1 0 1 0 1 1 0 0]
 [1 1 1 0 1 0 0 0 1 1]
 [0 1 1 1 1 0 0 1 1 0]
 [1 0 1 1 1 1 1 1 0 0]
 [1 0 1 1 1 1 1 1 0 0]
 [1 1 0 1 1 0 0 0 0 0]
 [0 0 1 1 1 1 1 1 0 0]
 [1 0 0 0 1 0 1 1 1 0]
 [0 1 1 0 0 1 1 0 0 1]
 [1 1 0 0 1 0 0 1 0 0]
 [0 1 1 1 1 0 1 0 0 0]
 [0 1 1 1 0 1 1 0 1 1]
 [1 0 1 0 0 0 1 1 0 0]
 [1 1 0 1 1 0 0 0 1 0]
 [1 1 1 0 0 0 0 0 1 1]
 [0 1 1 1 0 1 1 0 1 1]
 [0 0 0 1 1 1 1 0 0 0]
 [1 0 0 1 1 0 0 1 0 0]
 [0 1 1 1 0 1 1 0 1 1]
 [1 1 1 0 1 0 1 1 0 0]
 [0 1 0 1 0 1 0 0 0 1]
 [0 1 0 0 1 0 0 0 1 1]
 [0 0 1 1 1 0 0 1 0 0]
 [1 1 1 0 1 0 0 0 1 1]
 [1 1 1 0 1 0 1 0 0 0]
 [0 0 0 0 0 1 1 0 1 1]
 [0 1 1 1 1 1 1 1 1 1]
 [0 1 1 1 1 1 1 1 1 1]
 [0 0 0 0 1 0 0 1 0 1]
 [0 1 1 1 1 1 1 1 1 1]
 [0 0 1 1 0 1 1 0 0 1]
 [1 0 1 0 1 1 0 0 0 0]
 [0 1 1 1 1 0 1 1 0 0]
 [0 0 1 1 1 0 0 1 0 1]
 [0 1 1 1 0 0 0 1 0 1]]
branch at 5
runtime for solving id of Q is 0.18724152818322182
Simulation results:
{'J': 50, 'K': 10, 'N': 10, 'p': 0.8, 'seed': 70, 'sim': 6, 'runtime': 0.18724152818322182, 'identifiable': 0, 'branch': 5}
7
Q: [[1 1 0 1 1 1 1 1 1 1]
 [0 1 1 1 1 1 1 1 1 1]
 [0 1 1 1 1 0 1 1 1 1]
 [0 1 1 1 1 1 1 1 1 1]
 [1 0 0 0 1 1 0 1 1 1]
 [1 1 0 1 1 1 1 1 1 0]
 [1 1 1 0 1 1 1 1 1 1]
 [0 1 0 1 1 0 1 1 1 0]
 [1 1 0 0 1 1 1 1 1 1]
 [1 1 0 1 1 1 1 1 1 1]
 [1 1 1 1 1 1 1 1 0 0]
 [0 0 1 1 1 0 1 1 1 1]
 [1 0 1 1 1 0 0 1 1 1]
 [0 1 1 1 1 1 1 1 1 1]
 [0 1 0 1 1 1 1 1 0 1]
 [1 1 1 1 1 0 1 0 1 1]
 [1 0 1 1 1 1 1 0 1 1]
 [1 1 1 1 1 1 1 1 1 0]
 [1 1 1 0 0 1 1 0 1 1]
 [1 1 0 0 0 1 1 1 1 1]
 [0 1 1 1 1 1 1 1 1 1]
 [1 1 1 1 0 1 1 0 1 0]
 [1 1 1 1 1 1 1 0 1 1]
 [0 0 1 1 1 1 0 1 0 1]
 [0 1 0 1 1 0 1 1 1 1]
 [1 1 1 1 1 1 1 0 1 1]
 [1 0 1 1 1 1 1 0 1 1]
 [1 0 1 1 1 1 1 1 1 1]
 [1 1 1 1 1 1 0 1 1 1]
 [1 1 1 1 1 0 0 1 1 0]
 [1 1 1 1 1 1 1 0 1 1]
 [0 1 1 0 1 0 1 1 1 1]
 [1 0 0 0 0 1 0 1 1 1]
 [1 1 1 0 1 1 0 1 1 0]
 [1 0 1 1 1 1 0 0 0 1]
 [1 1 0 1 1 1 1 1 0 1]
 [1 1 1 1 1 1 1 1 0 1]
 [1 1 1 1 1 1 1 1 0 1]
 [1 1 0 1 1 1 1 1 1 1]
 [1 1 1 1 0 1 1 1 1 1]
 [0 0 1 1 1 1 1 0 1 1]
 [1 1 1 0 0 1 0 1 1 1]
 [1 1 1 0 0 1 1 1 0 0]
 [0 1 1 0 1 1 1 1 1 1]
 [1 1 1 1 1 1 1 0 1 1]
 [1 1 1 1 1 0 1 1 1 1]
 [1 1 0 1 1 1 1 1 1 1]
 [1 1 1 1 1 0 1 1 1 0]
 [1 0 0 1 0 0 0 1 1 1]
 [1 1 1 1 1 1 1 1 0 1]]
{'restarts': 38, 'conflicts': 7307, 'decisions': 18048, 'propagations': 6840750}
Q is not identifiable, and Q_bar is [[0 1 0 0 1 1 1 1 1 1]
 [0 0 0 1 1 1 1 1 1 1]
 [0 0 1 1 1 1 1 0 1 1]
 [0 0 0 1 1 1 1 1 1 1]
 [0 1 0 0 1 1 0 1 0 1]
 [0 1 0 0 0 1 1 1 1 1]
 [0 1 1 0 1 1 0 1 1 1]
 [0 0 0 0 0 1 1 0 1 1]
 [0 1 0 0 1 1 0 1 1 1]
 [0 1 0 0 1 1 1 1 1 1]
 [1 0 0 1 0 0 0 1 1 1]
 [0 0 1 1 1 0 0 0 0 1]
 [0 1 0 1 1 1 1 0 0 0]
 [0 0 0 1 1 1 1 1 1 1]
 [0 0 0 0 1 0 1 1 1 1]
 [0 1 1 1 1 0 0 0 1 0]
 [0 1 1 1 1 0 1 1 0 0]
 [1 0 0 0 0 1 1 1 1 1]
 [0 1 1 0 1 0 0 1 1 0]
 [0 1 0 0 1 1 0 1 1 0]
 [0 0 0 1 1 1 1 1 1 1]
 [0 1 1 0 0 0 1 1 1 0]
 [0 1 1 1 1 0 1 1 1 0]
 [0 0 0 1 1 0 0 1 0 1]
 [0 0 0 0 1 1 1 0 1 1]
 [0 1 1 1 1 0 1 1 1 0]
 [0 1 1 1 1 0 1 1 0 0]
 [0 1 1 1 1 1 0 1 0 1]
 [1 1 0 1 1 1 0 1 0 1]
 [1 0 0 0 0 1 1 0 0 1]
 [0 1 1 1 1 0 1 1 1 0]
 [0 0 1 0 1 0 0 0 1 1]
 [0 1 0 0 1 1 0 1 0 0]
 [1 0 0 0 0 1 0 1 0 1]
 [0 1 0 1 1 0 1 1 0 0]
 [0 1 0 0 1 0 1 1 1 1]
 [0 1 0 1 1 0 1 1 1 1]
 [0 1 0 1 1 0 1 1 1 1]
 [0 1 0 0 1 1 1 1 1 1]
 [1 1 0 0 1 1 1 1 1 0]
 [0 0 1 1 1 0 1 1 0 0]
 [1 1 0 0 1 1 0 1 0 0]
 [1 0 0 0 0 0 0 1 1 0]
 [0 0 1 0 1 1 0 1 1 1]
 [0 1 1 1 1 0 1 1 1 0]
 [0 1 1 1 1 1 1 0 1 1]
 [0 1 0 0 1 1 1 1 1 1]
 [1 0 0 0 0 1 1 0 1 1]
 [0 1 0 0 1 1 1 0 0 0]
 [0 1 0 1 1 0 1 1 1 1]]
branch at 5
runtime for solving id of Q is 0.868928499519825
Simulation results:
{'J': 50, 'K': 10, 'N': 10, 'p': 0.8, 'seed': 70, 'sim': 7, 'runtime': 0.868928499519825, 'identifiable': 0, 'branch': 5}
8
Q: [[1 1 0 1 1 1 1 0 1 1]
 [1 1 1 1 1 1 1 1 1 1]
 [1 1 0 0 0 1 1 1 1 1]
 [1 1 1 1 1 0 0 0 0 1]
 [1 1 0 1 1 0 0 1 1 1]
 [1 0 1 0 1 1 1 0 1 1]
 [1 1 1 1 1 1 1 1 1 0]
 [1 1 0 1 0 0 1 0 0 0]
 [0 1 1 1 1 1 1 1 1 1]
 [1 1 1 1 1 1 1 0 0 1]
 [1 1 0 1 1 0 1 1 1 0]
 [1 1 1 1 1 1 0 0 1 1]
 [1 1 1 1 1 1 1 0 1 1]
 [1 0 1 1 1 1 1 1 1 1]
 [1 1 0 1 1 0 1 1 0 1]
 [1 1 1 1 1 1 1 1 1 1]
 [1 1 1 1 1 1 1 1 1 1]
 [1 1 1 0 1 1 1 0 1 1]
 [1 1 0 0 1 1 0 1 0 1]
 [1 1 1 0 1 1 0 1 1 1]
 [1 1 1 1 1 1 1 1 1 1]
 [1 1 1 0 1 1 1 1 0 1]
 [0 1 0 1 0 1 0 1 1 0]
 [1 1 0 1 1 1 1 0 1 1]
 [1 0 1 0 1 1 1 1 1 1]
 [1 1 0 1 1 1 1 1 0 1]
 [1 1 1 1 0 0 1 1 0 1]
 [1 1 1 1 1 1 0 1 1 0]
 [1 0 0 1 1 1 1 0 1 1]
 [1 1 1 0 1 1 1 1 1 0]
 [1 1 1 1 1 1 1 1 1 1]
 [1 1 1 0 1 1 1 1 1 1]
 [1 1 1 1 1 1 0 1 0 1]
 [0 1 1 0 1 1 1 0 1 1]
 [1 1 1 1 1 1 0 1 1 0]
 [1 1 0 1 1 1 1 1 0 1]
 [1 1 1 1 1 1 1 1 1 1]
 [1 1 1 1 1 0 1 1 1 1]
 [0 0 1 1 1 0 1 1 1 1]
 [0 0 1 1 1 0 1 1 1 1]
 [1 1 1 0 1 1 1 1 1 1]
 [0 1 1 1 1 1 1 1 1 1]
 [1 0 1 1 1 1 1 1 1 1]
 [1 1 1 1 1 1 1 1 0 1]
 [1 1 1 1 1 1 0 0 1 1]
 [1 1 1 1 1 1 0 0 0 0]
 [1 1 1 1 1 0 0 1 1 1]
 [1 1 1 1 1 0 1 0 1 1]
 [1 1 1 1 1 1 0 1 0 1]
 [1 1 1 1 1 0 1 1 1 1]]
Q is not identifiable (three-column submatrix not identifiable).
Q is not identifiable, and Q_bar is [[1 1 0 1 1 1 1 0 1 1]
 [1 1 1 1 1 1 1 1 1 1]
 [1 1 0 0 0 1 1 1 1 1]
 [1 1 1 1 1 0 0 0 0 1]
 [1 1 0 1 1 0 0 1 1 1]
 [1 0 1 0 1 1 1 0 1 1]
 [1 1 1 1 1 1 1 1 1 0]
 [1 1 0 1 0 0 1 0 0 0]
 [1 1 1 1 1 1 1 1 1 1]
 [1 1 1 1 1 1 1 0 0 1]
 [1 1 0 1 1 0 1 1 1 0]
 [1 1 1 1 1 1 0 0 1 1]
 [1 1 1 1 1 1 1 0 1 1]
 [1 0 1 1 1 1 1 1 1 1]
 [1 1 0 1 1 0 1 1 0 1]
 [1 1 1 1 1 1 1 1 1 1]
 [1 1 1 1 1 1 1 1 1 1]
 [1 1 1 0 1 1 1 0 1 1]
 [1 1 0 0 1 1 0 1 0 1]
 [1 1 1 0 1 1 0 1 1 1]
 [1 1 1 1 1 1 1 1 1 1]
 [1 1 1 0 1 1 1 1 0 1]
 [0 1 0 1 0 1 0 1 1 0]
 [1 1 0 1 1 1 1 0 1 1]
 [1 0 1 0 1 1 1 1 1 1]
 [1 1 0 1 1 1 1 1 0 1]
 [1 1 1 1 0 0 1 1 0 1]
 [1 1 1 1 1 1 0 1 1 0]
 [1 0 0 1 1 1 1 0 1 1]
 [1 1 1 0 1 1 1 1 1 0]
 [1 1 1 1 1 1 1 1 1 1]
 [1 1 1 0 1 1 1 1 1 1]
 [1 1 1 1 1 1 0 1 0 1]
 [0 1 1 0 1 1 1 0 1 1]
 [1 1 1 1 1 1 0 1 1 0]
 [1 1 0 1 1 1 1 1 0 1]
 [1 1 1 1 1 1 1 1 1 1]
 [1 1 1 1 1 0 1 1 1 1]
 [1 0 1 1 1 0 1 1 1 1]
 [1 0 1 1 1 0 1 1 1 1]
 [1 1 1 0 1 1 1 1 1 1]
 [1 1 1 1 1 1 1 1 1 1]
 [1 0 1 1 1 1 1 1 1 1]
 [1 1 1 1 1 1 1 1 0 1]
 [1 1 1 1 1 1 0 0 1 1]
 [1 1 1 1 1 1 0 0 0 0]
 [1 1 1 1 1 0 0 1 1 1]
 [1 1 1 1 1 0 1 0 1 1]
 [1 1 1 1 1 1 0 1 0 1]
 [1 1 1 1 1 0 1 1 1 1]]
branch at 3
runtime for solving id of Q is 0.0028205551207065582
Simulation results:
{'J': 50, 'K': 10, 'N': 10, 'p': 0.8, 'seed': 70, 'sim': 8, 'runtime': 0.0028205551207065582, 'identifiable': 0, 'branch': 3}
9
Q: [[0 1 1 1 1 1 1 1 1 1]
 [1 1 1 1 1 1 1 1 1 1]
 [1 1 1 1 1 1 1 1 1 1]
 [1 1 1 1 1 1 1 1 1 1]
 [1 1 1 0 1 1 1 1 0 1]
 [1 1 1 0 0 1 1 1 1 1]
 [1 1 1 1 1 1 1 1 1 1]
 [1 1 1 0 1 1 1 1 1 1]
 [1 1 1 1 1 1 1 1 1 1]
 [1 1 1 1 1 1 1 1 0 1]
 [1 1 0 1 1 1 1 1 1 1]
 [0 1 1 1 1 0 1 1 1 1]
 [1 1 1 1 0 1 1 1 0 1]
 [1 1 1 1 1 1 1 1 1 1]
 [1 1 1 0 1 1 0 0 0 1]
 [1 0 1 1 0 0 1 1 1 1]
 [1 0 0 1 1 1 1 1 1 1]
 [1 1 1 1 1 0 0 0 0 1]
 [1 1 1 1 1 1 1 1 0 1]
 [1 0 1 1 0 1 1 1 0 1]
 [1 0 1 1 1 1 0 1 1 0]
 [1 0 1 0 1 1 1 1 0 1]
 [0 1 1 0 1 1 1 0 1 1]
 [0 1 1 0 1 1 0 0 1 0]
 [1 1 1 0 1 1 1 1 1 1]
 [0 1 1 1 1 1 0 1 1 1]
 [1 1 1 0 1 1 1 0 1 1]
 [1 1 1 1 0 1 1 1 1 1]
 [1 1 1 1 0 0 1 0 0 1]
 [0 1 1 1 0 1 0 0 1 1]
 [1 1 1 1 1 1 0 1 1 1]
 [1 1 1 1 1 0 1 0 0 1]
 [0 1 1 1 1 1 1 1 1 1]
 [1 1 1 1 1 1 1 1 1 1]
 [1 1 0 1 1 1 1 1 1 1]
 [1 1 1 1 1 1 1 1 1 1]
 [1 1 0 1 1 1 1 0 1 1]
 [1 1 1 1 1 1 1 0 1 1]
 [1 1 1 1 1 1 0 1 1 0]
 [1 1 0 0 1 0 0 1 1 1]
 [1 0 1 1 1 1 1 1 1 1]
 [1 1 1 1 1 1 1 1 1 1]
 [1 1 0 1 1 1 1 1 1 1]
 [1 1 1 1 1 1 1 1 1 1]
 [1 1 0 0 1 1 1 1 0 0]
 [1 1 1 1 1 1 1 1 1 1]
 [0 1 1 1 1 1 1 0 1 1]
 [1 1 1 1 1 1 1 1 1 1]
 [1 1 1 1 1 1 1 1 1 1]
 [1 1 0 1 1 1 0 1 1 1]]
Q is not identifiable (three-column submatrix not identifiable).
Q is not identifiable, and Q_bar is [[0 1 1 1 1 1 1 1 1 1]
 [1 1 1 1 1 1 1 1 1 1]
 [1 1 1 1 1 1 1 1 1 1]
 [1 1 1 1 1 1 1 1 1 1]
 [1 1 1 0 1 1 1 1 0 1]
 [1 1 1 0 0 1 1 1 1 1]
 [1 1 1 1 1 1 1 1 1 1]
 [1 1 1 0 1 1 1 1 0 1]
 [1 1 1 1 1 1 1 1 1 1]
 [1 1 1 1 1 1 1 1 0 1]
 [1 1 0 1 1 1 1 1 1 1]
 [0 1 1 1 1 0 1 1 1 1]
 [1 1 1 1 0 1 1 1 0 1]
 [1 1 1 1 1 1 1 1 1 1]
 [1 1 1 0 1 1 0 0 0 1]
 [1 0 1 1 0 0 1 1 1 1]
 [1 0 0 1 1 1 1 1 1 1]
 [1 1 1 1 1 0 0 0 0 1]
 [1 1 1 1 1 1 1 1 0 1]
 [1 0 1 1 0 1 1 1 0 1]
 [1 0 1 1 1 1 0 1 1 0]
 [1 0 1 0 1 1 1 1 0 1]
 [0 1 1 0 1 1 1 0 1 1]
 [0 1 1 0 1 1 0 0 0 0]
 [1 1 1 0 1 1 1 1 0 1]
 [0 1 1 1 1 1 0 1 1 1]
 [1 1 1 0 1 1 1 0 1 1]
 [1 1 1 1 0 1 1 1 1 1]
 [1 1 1 1 0 0 1 0 0 1]
 [0 1 1 1 0 1 0 0 1 1]
 [1 1 1 1 1 1 0 1 1 1]
 [1 1 1 1 1 0 1 0 0 1]
 [0 1 1 1 1 1 1 1 1 1]
 [1 1 1 1 1 1 1 1 1 1]
 [1 1 0 1 1 1 1 1 1 1]
 [1 1 1 1 1 1 1 1 1 1]
 [1 1 0 1 1 1 1 0 1 1]
 [1 1 1 1 1 1 1 0 1 1]
 [1 1 1 1 1 1 0 1 1 0]
 [1 1 0 0 1 0 0 1 1 1]
 [1 0 1 1 1 1 1 1 1 1]
 [1 1 1 1 1 1 1 1 1 1]
 [1 1 0 1 1 1 1 1 1 1]
 [1 1 1 1 1 1 1 1 1 1]
 [1 1 0 0 1 1 1 1 0 0]
 [1 1 1 1 1 1 1 1 1 1]
 [0 1 1 1 1 1 1 0 1 1]
 [1 1 1 1 1 1 1 1 1 1]
 [1 1 1 1 1 1 1 1 1 1]
 [1 1 0 1 1 1 0 1 1 1]]
branch at 3
runtime for solving id of Q is 0.0032554008066654205
Simulation results:
{'J': 50, 'K': 10, 'N': 10, 'p': 0.8, 'seed': 70, 'sim': 9, 'runtime': 0.0032554008066654205, 'identifiable': 0, 'branch': 3}
Simulation results:
[{'J': 50, 'K': 10, 'N': 10, 'p': 0.8, 'seed': 70, 'sim': 0, 'runtime': 0.004445994272828102, 'identifiable': 0, 'branch': 3}, {'J': 50, 'K': 10, 'N': 10, 'p': 0.8, 'seed': 70, 'sim': 1, 'runtime': 1.08045045286417, 'identifiable': 0, 'branch': 5}, {'J': 50, 'K': 10, 'N': 10, 'p': 0.8, 'seed': 70, 'sim': 2, 'runtime': 0.14840261824429035, 'identifiable': 0, 'branch': 5}, {'J': 50, 'K': 10, 'N': 10, 'p': 0.8, 'seed': 70, 'sim': 3, 'runtime': 0.004186762496829033, 'identifiable': 0, 'branch': 3}, {'J': 50, 'K': 10, 'N': 10, 'p': 0.8, 'seed': 70, 'sim': 4, 'runtime': 0.14630476757884026, 'identifiable': 0, 'branch': 5}, {'J': 50, 'K': 10, 'N': 10, 'p': 0.8, 'seed': 70, 'sim': 5, 'runtime': 0.003791971132159233, 'identifiable': 0, 'branch': 3}, {'J': 50, 'K': 10, 'N': 10, 'p': 0.8, 'seed': 70, 'sim': 6, 'runtime': 0.18724152818322182, 'identifiable': 0, 'branch': 5}, {'J': 50, 'K': 10, 'N': 10, 'p': 0.8, 'seed': 70, 'sim': 7, 'runtime': 0.868928499519825, 'identifiable': 0, 'branch': 5}, {'J': 50, 'K': 10, 'N': 10, 'p': 0.8, 'seed': 70, 'sim': 8, 'runtime': 0.0028205551207065582, 'identifiable': 0, 'branch': 3}, {'J': 50, 'K': 10, 'N': 10, 'p': 0.8, 'seed': 70, 'sim': 9, 'runtime': 0.0032554008066654205, 'identifiable': 0, 'branch': 3}]
