
The Gurobi software has a limited number of licenses. To request a license or
licenses, add this line

    #SBATCH --licenses=gurobi@slurmdb:1

to your SBATCH script, replacing N with the number of licenses you need. Gurobi
will need one license per process.


0
Q: [[1 1 0 1 0 0 0 0 0 1]
 [1 0 1 1 1 0 1 0 0 1]
 [1 1 1 1 0 0 1 1 1 1]
 [1 1 0 1 0 1 1 1 1 1]
 [0 0 1 1 0 1 1 1 0 1]
 [0 1 1 1 0 1 1 1 1 0]
 [1 1 1 1 1 0 0 1 1 1]
 [0 1 0 1 0 1 1 1 1 0]
 [0 1 0 1 0 1 1 0 0 0]
 [0 1 0 0 0 1 1 0 0 1]
 [1 1 1 0 1 1 0 1 1 0]
 [1 1 1 0 1 1 0 0 1 0]
 [1 1 1 0 1 1 1 0 1 1]
 [1 1 1 0 0 1 1 0 1 1]
 [1 1 0 1 1 1 1 1 1 1]
 [1 1 0 1 1 0 1 1 1 0]
 [1 1 1 1 0 1 0 1 0 0]
 [0 1 1 1 1 1 0 0 0 1]
 [0 1 1 1 0 1 1 0 0 1]
 [1 1 0 1 0 0 1 1 1 1]
 [0 0 1 1 1 1 1 0 1 1]
 [1 1 0 1 1 1 0 0 1 1]
 [0 1 1 0 0 1 0 1 1 1]
 [1 0 1 1 1 1 1 1 1 1]
 [1 0 1 0 1 1 1 1 1 1]
 [1 1 1 1 0 0 0 1 0 0]
 [1 1 1 1 1 1 1 1 0 0]
 [0 1 0 1 0 1 1 1 1 1]
 [0 0 1 1 1 1 1 0 1 0]
 [1 1 0 0 0 1 1 1 1 1]
 [0 1 0 1 1 1 1 1 1 1]
 [1 1 0 0 1 1 1 0 0 0]
 [1 1 1 1 0 1 0 1 0 1]
 [0 1 0 0 1 1 1 1 1 0]
 [1 0 1 0 1 1 0 0 1 1]
 [1 1 1 1 1 1 0 1 0 1]
 [1 1 0 0 1 1 1 1 1 1]
 [1 0 1 1 1 0 1 1 1 1]
 [1 1 0 0 1 0 0 1 1 0]
 [0 1 1 1 1 1 0 1 0 1]
 [1 0 0 1 1 1 1 1 1 1]
 [0 1 0 1 0 0 0 1 1 1]
 [1 1 0 1 0 1 1 1 1 1]
 [1 0 1 0 1 1 1 1 1 1]
 [1 1 1 1 0 0 1 1 1 1]
 [1 1 1 1 1 1 0 1 0 0]
 [0 1 0 1 1 0 1 1 0 1]
 [0 1 1 1 1 0 0 1 1 1]
 [0 1 1 1 0 1 1 1 1 0]
 [1 1 1 1 1 1 1 1 0 1]]
{'restarts': 113, 'conflicts': 47186, 'decisions': 69460, 'propagations': 26807334}
Q is identifiable
branch at 6
runtime for solving id of Q is 4.080257386900485
Simulation results:
{'J': 50, 'K': 10, 'N': 10, 'p': 0.7, 'seed': 71, 'sim': 0, 'runtime': 4.080257386900485, 'identifiable': 1, 'branch': 6}
1
Q: [[1 1 1 1 1 1 1 0 1 0]
 [1 1 1 1 1 0 0 0 1 0]
 [1 1 1 1 0 1 1 1 1 1]
 [1 1 1 1 1 1 1 1 1 1]
 [1 1 0 1 0 1 1 1 1 1]
 [1 1 0 1 0 1 1 1 0 1]
 [1 0 0 0 0 1 0 1 0 1]
 [1 1 1 1 1 1 1 0 0 1]
 [0 1 1 1 1 1 1 1 0 0]
 [0 1 1 1 1 1 1 1 1 0]
 [1 0 1 1 1 1 1 1 1 1]
 [1 0 1 1 1 1 0 0 0 1]
 [1 0 1 1 1 0 1 1 1 1]
 [0 0 0 0 1 0 0 1 1 1]
 [1 0 0 1 1 1 1 1 0 1]
 [1 0 1 0 0 1 0 1 1 1]
 [1 1 1 0 1 1 1 1 1 1]
 [1 0 1 1 1 1 1 1 1 0]
 [0 1 1 1 0 0 1 1 1 1]
 [1 1 1 1 1 0 1 1 1 1]
 [1 1 1 0 0 1 1 1 1 1]
 [1 1 1 1 1 0 1 0 1 0]
 [0 1 1 1 1 1 1 1 1 1]
 [1 1 0 1 0 1 1 1 1 0]
 [1 0 1 0 1 1 1 0 0 1]
 [1 0 1 0 1 1 1 1 1 1]
 [1 0 0 1 1 0 1 1 1 0]
 [0 1 1 1 1 1 0 1 1 1]
 [1 1 0 1 1 0 1 0 1 1]
 [1 1 0 0 1 1 1 0 1 1]
 [1 1 0 1 0 1 0 0 1 1]
 [0 1 1 1 1 0 1 0 1 0]
 [0 1 1 1 0 1 0 1 1 0]
 [1 1 1 1 1 0 1 1 1 1]
 [1 0 1 1 1 1 0 1 0 1]
 [1 0 1 1 1 0 1 1 0 1]
 [0 0 1 0 1 0 1 1 1 0]
 [1 1 1 1 1 1 0 1 0 0]
 [0 0 1 1 0 1 1 0 1 0]
 [1 1 1 1 0 1 1 1 1 1]
 [1 0 1 1 1 1 0 1 1 1]
 [0 1 1 1 1 0 0 1 1 1]
 [1 1 0 0 1 1 1 0 1 1]
 [0 1 0 1 1 0 0 1 0 1]
 [1 1 1 1 0 1 1 1 0 0]
 [0 1 1 1 1 1 1 1 1 0]
 [1 0 0 1 1 1 1 1 1 0]
 [1 1 1 1 1 1 1 1 0 0]
 [1 1 0 1 1 1 0 1 0 1]
 [0 0 0 0 0 1 0 1 1 0]]
{'restarts': 11, 'conflicts': 2180, 'decisions': 4818, 'propagations': 879485}
Q is identifiable
branch at 6
runtime for solving id of Q is 0.1893570851534605
Simulation results:
{'J': 50, 'K': 10, 'N': 10, 'p': 0.7, 'seed': 71, 'sim': 1, 'runtime': 0.1893570851534605, 'identifiable': 1, 'branch': 6}
2
Q: [[1 1 1 1 1 1 1 1 0 1]
 [1 1 1 1 0 1 0 1 1 1]
 [0 1 0 1 0 1 1 1 1 1]
 [1 1 1 0 0 1 1 1 1 1]
 [1 1 0 0 0 1 1 1 0 1]
 [1 1 0 0 1 1 1 0 1 1]
 [1 0 1 0 1 1 1 0 1 1]
 [1 1 0 1 1 1 1 1 1 1]
 [0 1 1 1 0 1 1 1 1 1]
 [1 1 1 1 0 1 0 1 1 1]
 [1 1 0 1 1 1 1 1 1 1]
 [1 1 0 0 1 1 1 1 1 1]
 [1 1 1 1 1 1 1 0 1 1]
 [1 0 0 0 1 0 1 1 1 1]
 [0 0 1 1 1 1 1 1 1 0]
 [1 0 1 0 1 1 0 0 1 1]
 [1 0 1 1 1 0 1 0 0 1]
 [1 1 1 1 0 0 1 1 1 1]
 [1 1 1 0 1 1 1 1 1 0]
 [1 1 0 1 1 1 1 1 0 1]
 [1 1 1 1 1 1 0 0 1 1]
 [1 1 0 0 1 0 1 0 1 1]
 [1 1 1 0 1 0 1 1 0 0]
 [0 1 1 1 0 1 1 0 1 1]
 [0 1 1 1 0 1 0 1 1 0]
 [1 0 0 1 1 0 1 0 1 1]
 [1 0 0 1 1 0 1 1 1 0]
 [1 1 1 1 0 0 1 1 1 1]
 [1 1 0 1 0 0 1 1 1 0]
 [1 1 0 0 1 0 1 1 1 1]
 [1 0 0 0 0 0 1 1 0 1]
 [1 1 0 0 1 0 1 1 1 1]
 [1 1 1 0 1 0 0 1 1 1]
 [1 1 1 0 0 0 1 0 1 1]
 [1 1 1 0 1 1 0 1 0 1]
 [1 0 1 1 1 0 1 1 1 0]
 [1 1 0 1 1 1 0 0 1 0]
 [1 1 1 1 0 1 1 0 0 0]
 [0 1 1 1 0 0 1 1 0 1]
 [1 0 1 1 0 0 1 0 1 1]
 [1 1 1 0 1 1 1 0 1 1]
 [1 0 1 0 0 0 1 1 1 0]
 [0 0 1 1 1 1 1 0 1 1]
 [1 1 1 1 1 1 1 1 0 0]
 [0 1 1 0 1 1 0 1 1 1]
 [0 1 0 0 0 1 0 0 1 1]
 [0 1 1 1 1 1 0 1 0 0]
 [1 0 1 1 1 1 1 1 0 1]
 [1 1 0 1 1 1 0 1 0 1]
 [1 1 0 1 1 1 0 1 1 0]]
{'restarts': 677, 'conflicts': 233551, 'decisions': 326583, 'propagations': 116246150}
Q is identifiable
branch at 6
runtime for solving id of Q is 27.347693046554923
Simulation results:
{'J': 50, 'K': 10, 'N': 10, 'p': 0.7, 'seed': 71, 'sim': 2, 'runtime': 27.347693046554923, 'identifiable': 1, 'branch': 6}
3
Q: [[1 0 1 1 0 1 1 0 0 1]
 [1 0 1 1 0 1 1 0 1 1]
 [1 1 1 1 0 1 1 1 1 1]
 [1 1 0 1 1 1 1 1 0 1]
 [0 1 1 1 0 0 1 0 1 0]
 [1 1 0 1 1 0 0 1 1 1]
 [1 1 1 0 0 0 0 1 0 1]
 [1 1 0 1 1 0 1 1 1 0]
 [0 0 1 1 1 1 0 0 1 0]
 [0 0 0 1 0 1 1 0 0 1]
 [1 1 0 1 1 1 1 1 1 1]
 [1 1 0 0 1 1 1 1 1 1]
 [0 1 1 1 1 1 0 1 1 1]
 [1 0 1 1 0 1 1 1 1 0]
 [1 1 1 0 1 1 1 1 0 1]
 [1 1 1 0 1 0 1 1 0 0]
 [1 1 1 1 1 1 1 1 1 0]
 [1 1 1 1 1 1 1 0 1 1]
 [1 1 0 0 1 0 0 0 1 1]
 [0 1 1 1 1 1 1 0 1 1]
 [1 1 1 1 1 1 0 1 0 1]
 [1 1 1 0 0 1 0 1 1 0]
 [1 0 1 1 0 1 1 1 1 1]
 [1 1 1 1 1 1 1 1 1 0]
 [0 1 1 1 1 0 1 1 0 1]
 [1 0 1 0 1 1 1 1 1 1]
 [1 1 0 0 0 1 1 1 1 0]
 [0 0 1 1 1 0 1 1 0 0]
 [1 1 1 0 1 1 1 1 1 1]
 [1 1 1 1 0 1 0 1 1 0]
 [1 1 1 1 1 1 1 1 0 0]
 [0 0 1 1 0 0 1 0 1 0]
 [1 0 1 1 1 1 0 0 0 1]
 [1 1 1 1 1 0 0 1 1 1]
 [0 0 1 0 1 1 0 1 0 1]
 [1 0 1 1 0 1 1 1 1 1]
 [0 0 1 1 0 1 1 0 1 1]
 [1 1 0 1 0 0 1 1 1 1]
 [1 1 1 0 1 1 1 1 1 1]
 [1 1 1 0 0 1 0 1 1 1]
 [0 1 1 1 1 1 0 1 0 0]
 [1 0 0 1 1 1 1 1 1 1]
 [0 1 0 1 1 0 0 0 1 1]
 [0 0 0 0 1 1 1 1 0 1]
 [1 1 1 0 1 1 0 1 1 1]
 [0 1 0 0 1 0 1 1 0 1]
 [0 1 1 1 1 0 0 1 1 1]
 [1 1 1 0 1 1 1 1 1 1]
 [1 1 0 1 1 1 1 1 0 1]
 [0 1 1 1 1 1 1 1 1 1]]
{'restarts': 9, 'conflicts': 4767, 'decisions': 8676, 'propagations': 2134762}
Q is identifiable
branch at 6
runtime for solving id of Q is 0.33336834516376257
Simulation results:
{'J': 50, 'K': 10, 'N': 10, 'p': 0.7, 'seed': 71, 'sim': 3, 'runtime': 0.33336834516376257, 'identifiable': 1, 'branch': 6}
4
Q: [[0 0 1 1 1 0 1 1 1 1]
 [1 1 0 1 1 1 1 1 0 1]
 [1 1 1 1 1 1 1 0 0 1]
 [0 0 0 0 0 1 1 0 0 1]
 [1 1 1 1 1 1 1 1 0 0]
 [0 1 1 0 1 1 1 1 1 1]
 [1 1 1 1 1 0 1 1 0 1]
 [0 1 0 1 1 0 1 1 1 1]
 [1 1 1 1 0 1 1 0 0 1]
 [1 0 1 1 1 1 1 1 1 1]
 [1 1 0 0 1 1 0 0 1 1]
 [1 1 0 1 0 1 0 0 0 1]
 [1 1 1 1 0 1 0 0 1 0]
 [1 0 1 0 1 1 1 1 0 0]
 [1 0 0 0 1 1 1 1 1 1]
 [1 1 1 1 1 1 1 1 1 1]
 [1 0 1 1 1 0 1 1 1 1]
 [1 1 0 1 0 1 1 1 0 0]
 [1 1 1 1 1 0 1 1 0 1]
 [1 0 1 0 1 0 0 1 1 1]
 [0 1 1 0 0 1 0 0 1 1]
 [1 1 1 1 1 1 1 0 1 0]
 [0 1 0 0 1 0 0 1 1 1]
 [1 1 1 1 1 0 1 0 1 1]
 [1 1 1 1 0 1 0 1 0 1]
 [1 0 1 1 0 1 1 1 1 0]
 [0 1 1 1 1 1 1 1 1 1]
 [1 1 1 1 1 1 1 1 0 1]
 [1 1 0 1 1 1 0 1 0 1]
 [0 1 0 1 1 1 1 1 1 1]
 [1 1 1 1 1 1 1 0 1 0]
 [1 0 0 0 0 1 1 1 0 0]
 [0 1 1 1 0 1 1 1 1 0]
 [0 0 1 1 0 0 1 0 0 1]
 [1 1 1 1 1 1 1 1 1 0]
 [0 1 1 1 0 1 0 1 1 1]
 [0 1 1 1 1 1 1 1 1 0]
 [1 0 0 1 1 0 1 1 0 1]
 [1 1 1 1 1 1 0 0 1 0]
 [0 1 0 0 1 1 1 1 1 0]
 [1 1 0 1 1 1 1 0 0 1]
 [1 1 1 0 1 1 0 0 1 1]
 [0 1 1 0 0 1 1 0 1 1]
 [0 1 0 1 1 0 0 1 1 0]
 [0 0 0 1 1 1 1 0 0 1]
 [1 0 1 1 1 1 1 1 1 0]
 [1 1 0 0 1 1 1 1 1 0]
 [1 1 0 1 1 1 0 0 1 1]
 [1 0 0 1 1 0 1 1 0 1]
 [0 1 0 1 1 1 1 0 0 1]]
{'restarts': 10, 'conflicts': 3308, 'decisions': 6297, 'propagations': 1470112}
Q is identifiable
branch at 6
runtime for solving id of Q is 0.2367922579869628
Simulation results:
{'J': 50, 'K': 10, 'N': 10, 'p': 0.7, 'seed': 71, 'sim': 4, 'runtime': 0.2367922579869628, 'identifiable': 1, 'branch': 6}
5
Q: [[1 1 1 1 1 0 1 0 1 1]
 [1 1 1 0 1 1 0 1 1 1]
 [1 1 1 1 1 0 1 0 1 1]
 [0 0 1 1 1 0 1 0 0 0]
 [1 1 1 1 1 1 1 0 1 1]
 [0 0 0 0 1 1 0 1 1 1]
 [1 0 1 1 1 0 1 0 1 1]
 [1 1 1 0 0 1 1 0 1 1]
 [0 1 1 0 1 0 0 0 1 1]
 [1 0 1 1 1 1 0 1 1 1]
 [0 0 0 0 1 1 0 1 1 0]
 [0 0 1 1 1 0 1 0 0 1]
 [1 1 1 0 1 1 0 1 0 1]
 [0 0 1 0 1 1 1 1 0 1]
 [1 1 1 1 1 0 1 1 1 1]
 [0 1 0 0 0 1 1 1 1 1]
 [1 0 1 1 1 1 1 1 1 0]
 [1 1 1 0 0 1 0 0 1 1]
 [0 1 0 0 1 1 1 1 0 0]
 [1 1 1 1 1 1 1 0 1 0]
 [1 1 0 1 0 0 1 1 1 1]
 [1 1 1 1 0 1 1 0 0 0]
 [0 0 1 1 1 1 1 1 0 1]
 [1 1 1 1 1 1 1 1 1 1]
 [1 1 1 0 1 0 1 1 1 1]
 [0 1 1 0 1 1 0 1 0 1]
 [1 1 0 1 0 1 1 0 1 1]
 [1 0 0 1 1 1 0 1 1 0]
 [1 0 0 0 0 1 0 1 0 1]
 [1 1 1 0 0 0 1 1 1 1]
 [1 1 0 1 1 1 1 1 1 1]
 [1 0 0 1 1 1 1 1 0 1]
 [1 0 1 0 1 1 0 0 0 1]
 [1 0 1 1 1 0 0 0 0 1]
 [1 1 1 1 1 1 1 0 1 0]
 [1 1 1 1 1 0 0 1 1 0]
 [0 1 1 1 1 0 1 1 1 1]
 [1 1 0 0 1 1 1 1 1 1]
 [1 1 1 1 1 1 1 0 1 1]
 [1 1 1 1 1 0 0 0 1 1]
 [0 1 1 0 1 1 1 1 0 1]
 [0 0 1 1 1 1 1 1 0 1]
 [1 1 0 0 1 0 0 0 1 1]
 [1 0 1 0 1 1 1 0 1 1]
 [0 0 1 1 0 0 1 1 0 1]
 [1 1 1 1 1 1 1 0 1 0]
 [1 1 1 0 1 1 1 0 1 1]
 [0 1 0 1 1 1 0 0 1 1]
 [1 1 1 1 0 1 1 0 1 1]
 [1 0 1 1 1 0 1 1 1 1]]
{'restarts': 37, 'conflicts': 12436, 'decisions': 21793, 'propagations': 5466265}
Q is identifiable
branch at 6
runtime for solving id of Q is 0.8283163132146001
Simulation results:
{'J': 50, 'K': 10, 'N': 10, 'p': 0.7, 'seed': 71, 'sim': 5, 'runtime': 0.8283163132146001, 'identifiable': 1, 'branch': 6}
6
Q: [[1 1 1 1 0 1 1 1 1 1]
 [1 1 1 0 0 1 1 0 1 1]
 [1 1 1 0 1 1 1 1 1 1]
 [1 1 0 1 0 1 1 1 1 0]
 [1 1 0 1 1 1 1 1 1 1]
 [0 1 1 0 1 1 0 1 1 1]
 [0 1 1 1 0 1 1 1 0 1]
 [0 1 1 1 1 0 1 0 0 1]
 [1 1 1 0 1 0 1 1 1 1]
 [1 0 1 0 1 0 1 1 0 1]
 [0 1 1 1 1 0 0 1 1 1]
 [1 1 1 1 1 1 1 0 1 0]
 [1 1 1 1 1 0 1 1 1 1]
 [0 1 0 0 1 1 1 0 1 0]
 [1 0 1 1 0 1 1 1 1 1]
 [0 0 1 1 1 1 1 1 1 1]
 [1 1 1 1 1 1 1 0 1 1]
 [0 1 0 1 0 1 0 0 1 0]
 [0 1 1 0 1 1 0 0 0 1]
 [1 1 0 1 1 0 1 0 0 1]
 [0 0 1 1 1 1 1 0 1 1]
 [0 1 1 1 1 1 1 1 0 1]
 [1 1 0 1 1 1 1 1 1 0]
 [0 1 0 0 1 1 1 1 1 1]
 [1 0 0 0 1 0 0 1 0 1]
 [1 1 0 0 1 0 1 0 1 1]
 [1 1 0 1 1 0 1 1 0 0]
 [1 1 1 1 0 1 1 1 1 0]
 [0 1 0 1 1 0 0 1 0 1]
 [0 0 1 0 0 0 1 0 1 1]
 [1 1 1 1 0 0 1 1 0 1]
 [1 1 1 1 0 1 1 1 0 0]
 [0 1 1 1 1 1 1 1 0 0]
 [1 1 0 1 0 0 0 1 1 1]
 [1 1 1 1 1 0 0 1 1 1]
 [0 1 0 1 1 1 1 1 0 1]
 [1 0 1 1 1 1 0 1 1 0]
 [1 0 1 1 1 0 1 0 0 1]
 [0 1 0 1 1 0 1 1 1 1]
 [1 1 1 1 0 1 1 0 0 1]
 [0 1 0 1 0 0 0 1 1 0]
 [1 0 1 1 1 1 1 1 1 1]
 [1 1 0 1 1 0 1 1 1 1]
 [1 1 1 0 1 1 1 1 1 0]
 [0 1 0 1 1 1 1 1 1 1]
 [1 0 1 1 1 0 1 1 1 1]
 [1 1 1 1 0 0 1 1 1 0]
 [1 1 1 1 1 1 1 1 1 1]
 [1 0 1 0 1 1 1 0 1 0]
 [1 1 1 1 0 1 1 0 1 1]]
{'restarts': 127, 'conflicts': 67592, 'decisions': 92751, 'propagations': 34751818}
Q is identifiable
branch at 6
runtime for solving id of Q is 6.340718539431691
Simulation results:
{'J': 50, 'K': 10, 'N': 10, 'p': 0.7, 'seed': 71, 'sim': 6, 'runtime': 6.340718539431691, 'identifiable': 1, 'branch': 6}
7
Q: [[1 1 1 0 1 1 0 1 1 1]
 [0 1 1 1 1 1 1 0 1 1]
 [1 1 0 0 1 1 1 1 0 1]
 [0 0 1 1 1 0 1 0 1 1]
 [1 1 1 1 1 1 1 1 0 0]
 [0 0 1 1 1 0 1 1 1 1]
 [1 1 1 1 1 1 0 0 1 1]
 [0 0 1 0 0 1 0 1 1 1]
 [0 1 1 1 1 0 1 0 1 1]
 [1 1 1 1 1 0 1 1 0 1]
 [1 0 0 0 0 0 0 1 1 0]
 [1 1 1 1 1 0 1 1 1 1]
 [1 1 1 1 1 1 0 1 1 1]
 [1 0 1 1 1 1 0 1 0 1]
 [1 0 1 0 0 1 1 1 1 0]
 [0 1 0 0 1 0 0 1 1 0]
 [1 1 0 1 0 1 0 0 0 1]
 [0 1 0 1 1 0 1 1 1 1]
 [0 1 0 0 1 0 0 1 1 1]
 [1 1 1 1 1 1 1 1 1 1]
 [0 1 0 1 1 0 0 0 1 0]
 [0 0 0 0 1 0 0 1 0 0]
 [0 1 0 1 1 1 1 1 0 1]
 [1 1 1 1 1 1 1 1 1 1]
 [1 1 0 1 1 1 0 1 1 0]
 [0 1 0 1 1 1 1 1 1 0]
 [1 0 0 0 1 1 1 1 0 1]
 [1 1 1 1 1 1 1 0 1 0]
 [0 1 1 1 1 0 1 1 0 0]
 [0 0 1 0 0 1 0 0 1 1]
 [1 0 0 1 1 1 1 0 1 1]
 [0 1 0 0 0 1 1 0 1 1]
 [1 1 1 1 1 1 1 0 1 0]
 [0 1 0 0 1 1 1 1 0 1]
 [1 0 1 0 1 1 1 0 0 1]
 [1 1 1 1 1 1 0 1 1 0]
 [1 1 0 1 1 1 0 1 1 1]
 [1 1 1 0 1 0 0 0 1 1]
 [1 1 0 1 1 0 1 1 1 1]
 [1 1 0 1 1 0 1 0 1 1]
 [0 0 0 1 1 1 1 1 0 1]
 [1 1 1 1 1 1 0 1 1 0]
 [1 0 1 1 1 1 0 1 0 1]
 [1 1 1 1 0 1 1 1 0 1]
 [1 1 1 1 0 1 1 1 1 0]
 [0 0 1 0 1 0 1 1 1 0]
 [0 1 0 1 1 1 1 1 0 1]
 [0 1 0 1 1 1 0 0 1 1]
 [1 1 1 1 0 0 1 1 0 1]
 [1 1 0 1 0 0 1 1 1 1]]
{'restarts': 8, 'conflicts': 3033, 'decisions': 5915, 'propagations': 1553362}
Q is identifiable
branch at 6
runtime for solving id of Q is 0.2595089953392744
Simulation results:
{'J': 50, 'K': 10, 'N': 10, 'p': 0.7, 'seed': 71, 'sim': 7, 'runtime': 0.2595089953392744, 'identifiable': 1, 'branch': 6}
8
Q: [[1 1 1 0 1 1 1 0 1 1]
 [1 1 0 1 0 0 1 1 0 1]
 [1 1 1 0 1 0 1 1 1 1]
 [1 1 1 1 0 0 1 0 1 1]
 [0 1 1 1 0 1 0 0 1 1]
 [1 0 1 0 1 1 1 1 0 1]
 [0 1 1 1 1 1 1 1 1 1]
 [1 1 1 1 1 1 1 0 0 0]
 [0 0 1 1 1 0 0 1 1 0]
 [1 1 0 0 1 1 1 1 1 1]
 [1 1 1 1 1 1 1 0 1 1]
 [1 1 1 1 1 1 1 1 0 1]
 [1 0 1 0 1 1 1 1 1 1]
 [1 0 1 1 1 1 0 1 1 1]
 [1 1 1 1 1 1 1 1 1 1]
 [1 1 1 0 1 1 1 1 0 0]
 [1 1 0 1 1 1 1 1 1 0]
 [0 1 1 1 1 1 0 1 1 1]
 [1 1 0 1 0 0 1 0 1 1]
 [1 1 1 1 0 0 1 0 1 0]
 [1 1 1 1 0 1 1 1 1 1]
 [1 1 1 1 1 1 1 1 1 1]
 [0 1 1 0 1 0 1 0 0 1]
 [1 1 1 1 0 0 0 1 0 1]
 [1 0 0 0 1 1 1 1 0 1]
 [0 1 0 0 1 1 0 1 1 0]
 [1 1 0 1 1 0 1 0 1 1]
 [0 1 0 1 1 1 0 1 1 1]
 [1 1 0 0 1 1 1 1 1 1]
 [1 1 1 1 1 1 1 1 0 0]
 [1 1 1 0 0 0 0 0 1 1]
 [0 1 0 0 1 1 1 1 1 0]
 [1 1 1 1 1 1 1 0 1 1]
 [1 1 1 1 1 0 1 0 1 1]
 [1 1 1 1 1 1 1 1 0 1]
 [1 1 1 1 1 1 1 1 1 1]
 [1 0 0 1 1 1 1 1 1 1]
 [1 1 0 1 1 0 1 1 1 1]
 [0 1 1 0 1 1 1 1 0 1]
 [1 0 1 1 1 1 1 1 1 0]
 [1 1 1 1 0 1 1 0 1 1]
 [1 1 1 0 0 1 1 1 1 0]
 [0 0 1 1 1 0 1 0 1 1]
 [1 1 1 1 1 1 1 1 0 1]
 [0 1 1 0 0 1 1 1 1 1]
 [1 0 0 0 0 1 1 1 0 1]
 [1 0 0 1 0 0 1 1 1 1]
 [0 1 0 1 1 0 0 0 1 1]
 [1 0 1 1 1 1 1 1 1 0]
 [1 0 0 0 1 1 1 1 1 1]]
{'restarts': 49, 'conflicts': 20958, 'decisions': 34906, 'propagations': 8203807}
Q is identifiable
branch at 6
runtime for solving id of Q is 1.309458584524691
Simulation results:
{'J': 50, 'K': 10, 'N': 10, 'p': 0.7, 'seed': 71, 'sim': 8, 'runtime': 1.309458584524691, 'identifiable': 1, 'branch': 6}
9
Q: [[1 0 1 1 1 1 0 1 0 1]
 [0 1 0 1 0 1 1 1 0 1]
 [1 1 1 0 0 1 1 0 1 1]
 [0 0 1 1 1 1 1 1 1 0]
 [1 1 1 1 0 0 1 1 1 1]
 [1 1 0 1 1 1 1 1 1 0]
 [1 1 1 1 1 0 0 0 0 1]
 [1 1 0 1 1 1 0 1 1 1]
 [0 1 0 0 1 1 1 1 1 1]
 [0 1 0 1 1 1 1 0 1 1]
 [0 1 0 1 1 1 1 1 1 1]
 [1 1 0 0 1 1 1 1 1 1]
 [1 1 0 1 1 1 0 1 1 1]
 [1 1 0 0 1 1 1 1 0 1]
 [1 0 1 0 0 1 1 0 0 1]
 [0 1 1 0 1 1 1 1 1 1]
 [1 1 1 0 1 0 1 1 1 1]
 [1 0 1 1 1 1 0 0 1 1]
 [1 0 1 0 1 0 1 1 1 1]
 [0 1 0 1 0 0 0 1 0 0]
 [1 1 1 0 1 1 1 1 1 0]
 [1 1 0 1 0 1 1 0 1 1]
 [1 1 1 0 1 0 1 1 1 0]
 [0 1 0 1 1 0 1 1 1 0]
 [0 1 1 1 1 1 0 0 1 1]
 [1 0 0 1 0 1 1 1 1 1]
 [1 1 1 0 0 1 1 0 0 0]
 [1 1 0 0 0 0 1 1 1 1]
 [0 1 1 0 0 1 0 0 1 1]
 [1 0 0 0 1 1 1 1 1 1]
 [1 1 0 1 0 1 1 0 1 1]
 [0 0 1 1 1 0 0 1 1 1]
 [1 0 0 1 1 0 1 1 1 1]
 [0 0 1 1 1 0 1 1 1 0]
 [0 0 1 1 1 0 1 1 1 1]
 [0 0 1 0 1 1 0 1 1 0]
 [0 0 1 1 1 1 1 0 1 0]
 [1 1 0 1 1 1 1 1 1 0]
 [0 1 0 1 1 1 1 1 0 1]
 [1 1 1 1 0 1 1 1 1 0]
 [1 1 1 1 1 1 0 1 0 1]
 [1 0 0 1 1 1 0 0 1 1]
 [1 0 0 1 0 1 0 0 1 1]
 [0 1 0 0 1 0 0 1 0 1]
 [0 0 1 0 1 1 1 1 0 0]
 [1 1 1 0 0 1 0 1 1 1]
 [0 1 1 1 1 1 1 1 1 1]
 [1 0 1 0 0 1 1 1 1 1]
 [1 1 1 1 1 0 1 1 1 1]
 [0 1 1 1 1 1 0 1 1 1]]
{'restarts': 30, 'conflicts': 12329, 'decisions': 20863, 'propagations': 6647794}
Q is identifiable
branch at 6
runtime for solving id of Q is 0.9443554999306798
Simulation results:
{'J': 50, 'K': 10, 'N': 10, 'p': 0.7, 'seed': 71, 'sim': 9, 'runtime': 0.9443554999306798, 'identifiable': 1, 'branch': 6}
Simulation results:
[{'J': 50, 'K': 10, 'N': 10, 'p': 0.7, 'seed': 71, 'sim': 0, 'runtime': 4.080257386900485, 'identifiable': 1, 'branch': 6}, {'J': 50, 'K': 10, 'N': 10, 'p': 0.7, 'seed': 71, 'sim': 1, 'runtime': 0.1893570851534605, 'identifiable': 1, 'branch': 6}, {'J': 50, 'K': 10, 'N': 10, 'p': 0.7, 'seed': 71, 'sim': 2, 'runtime': 27.347693046554923, 'identifiable': 1, 'branch': 6}, {'J': 50, 'K': 10, 'N': 10, 'p': 0.7, 'seed': 71, 'sim': 3, 'runtime': 0.33336834516376257, 'identifiable': 1, 'branch': 6}, {'J': 50, 'K': 10, 'N': 10, 'p': 0.7, 'seed': 71, 'sim': 4, 'runtime': 0.2367922579869628, 'identifiable': 1, 'branch': 6}, {'J': 50, 'K': 10, 'N': 10, 'p': 0.7, 'seed': 71, 'sim': 5, 'runtime': 0.8283163132146001, 'identifiable': 1, 'branch': 6}, {'J': 50, 'K': 10, 'N': 10, 'p': 0.7, 'seed': 71, 'sim': 6, 'runtime': 6.340718539431691, 'identifiable': 1, 'branch': 6}, {'J': 50, 'K': 10, 'N': 10, 'p': 0.7, 'seed': 71, 'sim': 7, 'runtime': 0.2595089953392744, 'identifiable': 1, 'branch': 6}, {'J': 50, 'K': 10, 'N': 10, 'p': 0.7, 'seed': 71, 'sim': 8, 'runtime': 1.309458584524691, 'identifiable': 1, 'branch': 6}, {'J': 50, 'K': 10, 'N': 10, 'p': 0.7, 'seed': 71, 'sim': 9, 'runtime': 0.9443554999306798, 'identifiable': 1, 'branch': 6}]
