
The Gurobi software has a limited number of licenses. To request a license or
licenses, add this line

    #SBATCH --licenses=gurobi@slurmdb:1

to your SBATCH script, replacing N with the number of licenses you need. Gurobi
will need one license per process.


0
Q: [[1 1 1 1 1 1 1 0 0 1 1 1 1 1 1]
 [1 0 1 1 1 1 1 1 1 1 1 1 1 1 1]
 [1 1 1 1 1 1 1 1 1 1 1 1 1 1 1]
 [0 1 1 1 1 1 1 1 0 1 1 1 1 1 1]
 [1 0 1 0 1 1 1 1 1 1 1 1 0 1 1]
 [1 1 0 1 1 1 1 0 1 1 1 1 1 1 1]
 [1 1 0 0 1 1 1 1 0 0 1 1 1 1 1]
 [1 1 1 1 1 1 1 1 0 1 1 1 1 1 1]
 [1 1 1 1 1 1 1 1 1 1 1 1 1 1 1]
 [1 1 1 0 1 1 0 1 1 1 1 1 1 1 1]
 [1 1 1 1 1 1 1 1 1 1 1 1 1 1 0]
 [1 0 1 1 1 1 1 1 1 1 0 1 1 1 1]
 [1 1 1 1 1 1 1 1 1 0 1 1 1 1 1]
 [1 1 1 1 1 1 1 1 1 1 1 1 1 1 1]
 [1 1 1 1 1 1 1 0 1 1 1 1 0 1 1]
 [1 1 1 1 0 1 1 1 1 0 0 1 1 1 1]
 [1 0 1 1 0 1 1 1 0 1 1 1 1 1 1]
 [1 1 1 1 1 1 1 1 1 1 1 1 1 1 1]
 [1 1 1 1 1 1 1 1 1 1 1 1 1 1 1]
 [1 1 1 1 1 1 1 1 1 1 1 1 1 1 1]
 [0 0 1 1 1 1 1 0 1 1 1 1 1 1 1]
 [1 1 1 1 1 1 1 1 0 1 0 1 1 1 1]
 [1 1 1 1 1 1 1 1 1 1 1 1 1 0 1]
 [1 1 1 1 1 1 1 1 0 0 1 1 0 1 1]
 [1 1 1 1 1 1 1 1 1 1 1 1 1 1 1]
 [1 1 0 1 1 0 1 1 1 1 1 1 1 1 1]
 [1 1 1 1 1 1 1 1 0 1 1 1 1 0 1]
 [1 1 1 1 1 1 1 1 1 1 1 1 1 1 1]
 [1 1 1 1 1 1 1 1 1 1 1 1 1 1 0]
 [1 1 1 1 1 0 1 1 1 1 1 1 1 1 1]
 [1 1 0 1 1 1 1 1 1 1 1 1 1 1 0]
 [1 1 1 1 1 0 1 1 1 1 1 1 1 1 1]
 [1 1 0 0 0 1 1 1 1 1 1 1 1 1 1]
 [1 1 1 1 1 0 1 1 1 1 1 1 1 1 1]
 [1 1 1 0 0 1 1 0 0 1 1 0 1 1 1]
 [1 1 1 1 1 0 1 1 0 1 1 1 1 1 1]
 [1 1 1 1 1 1 1 1 1 1 1 1 1 1 1]
 [1 1 1 1 1 0 1 1 1 1 1 0 1 1 0]
 [1 1 1 1 1 1 1 1 1 1 1 1 1 1 1]
 [1 1 1 1 1 1 1 1 1 1 1 0 1 1 1]
 [1 0 1 1 1 1 1 1 1 1 1 1 1 1 1]
 [1 1 1 1 1 1 1 1 1 1 1 1 1 0 1]
 [1 1 1 1 1 1 1 1 1 1 1 1 1 1 1]
 [1 1 1 1 1 1 1 1 1 1 1 0 1 1 1]
 [1 1 0 1 1 1 1 1 1 1 1 0 1 1 0]
 [1 1 1 1 1 1 1 1 1 0 1 1 0 1 1]
 [1 1 1 1 1 1 1 1 1 1 1 1 1 1 0]
 [1 0 1 1 1 1 1 1 1 1 1 1 1 1 1]
 [1 1 1 1 1 0 1 1 1 1 1 1 1 1 1]
 [1 1 1 1 1 0 0 1 1 1 1 1 1 0 1]]
Q is not identifiable (three-column submatrix not identifiable).
Q is not identifiable, and Q_bar is [[1 1 1 1 1 1 1 0 0 1 1 1 1 1 1]
 [1 0 1 1 1 1 1 1 1 1 1 1 1 1 1]
 [1 1 1 1 1 1 1 1 1 1 1 1 1 1 1]
 [0 1 1 1 1 1 1 1 0 1 1 1 1 1 1]
 [1 0 1 0 1 1 1 1 1 1 1 1 0 1 1]
 [1 1 0 1 1 1 1 0 1 1 1 1 1 1 1]
 [1 1 0 0 1 1 1 1 0 0 1 1 1 1 1]
 [1 1 1 1 1 1 1 1 0 1 1 1 1 1 1]
 [1 1 1 1 1 1 1 1 1 1 1 1 1 1 1]
 [1 1 1 0 1 1 0 1 1 1 1 1 1 1 1]
 [1 1 1 1 1 1 1 1 1 1 1 1 1 1 0]
 [1 0 1 1 1 1 1 1 1 1 0 1 1 1 1]
 [1 1 1 1 1 1 1 1 1 0 1 1 1 1 1]
 [1 1 1 1 1 1 1 1 1 1 1 1 1 1 1]
 [1 1 1 1 1 1 1 0 1 1 1 1 0 1 1]
 [1 1 1 1 0 1 1 1 1 0 0 1 1 1 1]
 [1 0 1 1 0 1 1 1 0 1 1 1 1 1 1]
 [1 1 1 1 1 1 1 1 1 1 1 1 1 1 1]
 [1 1 1 1 1 1 1 1 1 1 1 1 1 1 1]
 [1 1 1 1 1 1 1 1 1 1 1 1 1 1 1]
 [1 0 1 1 1 1 1 0 1 1 1 1 1 1 1]
 [1 1 1 1 1 1 1 1 0 1 0 1 1 1 1]
 [1 1 1 1 1 1 1 1 1 1 1 1 1 0 1]
 [1 1 1 1 1 1 1 1 0 0 1 1 0 1 1]
 [1 1 1 1 1 1 1 1 1 1 1 1 1 1 1]
 [1 1 0 1 1 0 1 1 1 1 1 1 1 1 1]
 [1 1 1 1 1 1 1 1 0 1 1 1 1 0 1]
 [1 1 1 1 1 1 1 1 1 1 1 1 1 1 1]
 [1 1 1 1 1 1 1 1 1 1 1 1 1 1 0]
 [1 1 1 1 1 0 1 1 1 1 1 1 1 1 1]
 [1 1 0 1 1 1 1 1 1 1 1 1 1 1 0]
 [1 1 1 1 1 0 1 1 1 1 1 1 1 1 1]
 [1 1 0 0 0 1 1 1 1 1 1 1 1 1 1]
 [1 1 1 1 1 0 1 1 1 1 1 1 1 1 1]
 [1 1 1 0 0 1 1 0 0 1 1 0 1 1 1]
 [1 1 1 1 1 0 1 1 0 1 1 1 1 1 1]
 [1 1 1 1 1 1 1 1 1 1 1 1 1 1 1]
 [1 1 1 1 1 0 1 1 1 1 1 0 1 1 0]
 [1 1 1 1 1 1 1 1 1 1 1 1 1 1 1]
 [1 1 1 1 1 1 1 1 1 1 1 0 1 1 1]
 [1 0 1 1 1 1 1 1 1 1 1 1 1 1 1]
 [1 1 1 1 1 1 1 1 1 1 1 1 1 0 1]
 [1 1 1 1 1 1 1 1 1 1 1 1 1 1 1]
 [1 1 1 1 1 1 1 1 1 1 1 0 1 1 1]
 [1 1 0 1 1 1 1 1 1 1 1 0 1 1 0]
 [1 1 1 1 1 1 1 1 1 0 1 1 0 1 1]
 [1 1 1 1 1 1 1 1 1 1 1 1 1 1 0]
 [1 0 1 1 1 1 1 1 1 1 1 1 1 1 1]
 [1 1 1 1 1 0 1 1 1 1 1 1 1 1 1]
 [1 1 1 1 1 0 0 1 1 1 1 1 1 0 1]]
branch at 3
runtime for solving id of Q is 0.004530881065875292
Simulation results:
{'J': 50, 'K': 15, 'N': 10, 'p': 0.9, 'seed': 52, 'sim': 0, 'runtime': 0.004530881065875292, 'identifiable': 0, 'branch': 3}
1
Q: [[1 1 1 1 1 1 1 1 1 1 1 0 1 1 1]
 [1 1 1 1 1 1 0 1 1 1 1 1 1 1 1]
 [0 1 1 1 1 1 1 0 1 1 1 1 1 1 1]
 [1 0 1 1 0 1 1 0 1 1 0 1 1 0 1]
 [1 1 1 0 1 1 1 1 1 0 0 0 1 1 1]
 [1 1 1 1 1 1 1 1 1 1 1 1 1 1 1]
 [1 1 1 1 1 1 1 1 1 1 1 0 1 1 1]
 [0 1 0 1 1 0 1 1 1 1 1 1 1 1 1]
 [1 1 1 1 1 1 0 1 1 1 1 1 1 1 1]
 [1 1 1 0 1 1 1 1 1 1 0 1 1 1 1]
 [1 1 1 1 1 1 1 1 1 1 1 1 1 1 1]
 [1 0 1 1 1 1 1 0 0 1 1 1 1 0 1]
 [1 1 1 1 1 1 1 1 1 0 1 0 0 1 1]
 [1 1 1 1 1 1 1 1 1 0 1 0 1 1 1]
 [1 1 1 1 1 1 1 1 0 1 0 1 1 1 1]
 [0 1 1 1 1 1 1 1 1 1 1 0 1 1 1]
 [1 0 1 1 1 1 1 1 1 1 0 1 1 1 1]
 [1 1 1 1 1 1 1 1 1 1 0 1 1 1 1]
 [1 0 1 1 1 1 1 1 1 1 0 1 1 1 1]
 [1 1 1 1 1 1 1 1 1 1 1 1 0 1 1]
 [1 0 1 1 1 1 1 1 1 1 1 1 1 1 1]
 [1 1 1 1 1 1 1 1 0 0 0 0 1 1 0]
 [0 1 1 1 0 1 1 1 1 1 1 1 1 1 1]
 [1 1 1 1 0 1 1 1 1 1 0 1 1 0 1]
 [1 0 1 0 1 1 1 1 1 1 1 1 1 1 0]
 [1 1 1 1 0 1 1 1 1 1 0 1 1 1 1]
 [1 1 1 1 1 1 1 1 1 1 1 1 1 1 1]
 [1 1 1 1 1 1 1 1 1 1 1 1 1 1 1]
 [1 1 1 1 1 1 1 1 1 1 1 1 0 1 1]
 [1 1 0 1 1 1 1 0 1 1 1 1 0 1 1]
 [0 1 1 1 1 1 1 1 1 1 1 1 1 1 1]
 [1 1 0 1 1 1 0 1 1 1 1 0 1 1 1]
 [0 0 1 1 1 1 1 1 1 1 0 1 1 0 1]
 [1 1 1 1 1 1 1 1 1 1 1 1 1 1 1]
 [1 1 1 1 0 1 1 1 1 1 1 1 1 1 1]
 [1 1 1 1 1 1 1 1 1 1 1 1 1 1 1]
 [1 1 1 1 1 1 1 1 0 0 1 1 1 1 1]
 [1 1 1 1 1 1 1 1 1 1 0 1 1 1 1]
 [1 1 1 1 0 1 1 1 1 1 1 1 1 0 1]
 [1 1 1 1 1 1 1 1 1 0 0 0 1 1 1]
 [1 1 1 1 1 1 0 1 1 1 1 1 1 1 1]
 [0 1 1 1 1 1 1 1 1 1 1 1 1 1 1]
 [1 1 1 0 1 1 1 1 1 1 1 1 1 1 1]
 [1 1 1 1 1 1 1 1 1 1 1 1 1 1 1]
 [1 1 0 1 1 1 1 1 1 1 0 1 1 1 0]
 [1 1 1 1 1 1 1 1 1 1 1 1 1 1 1]
 [1 1 1 1 1 1 1 1 1 1 1 1 1 1 1]
 [1 1 1 1 1 1 1 1 0 1 0 0 1 1 1]
 [1 1 1 1 1 1 1 1 0 1 1 1 1 1 1]
 [1 1 1 1 1 1 0 1 1 1 1 1 1 1 1]]
Q is not identifiable (two-column submatrix not identifiable).
Q is not identifiable, and Q_bar is [[1 1 1 1 1 1 1 1 1 1 1 0 1 1 1]
 [1 1 1 1 1 0 0 1 1 1 1 1 1 1 1]
 [0 1 1 1 1 1 1 0 1 1 1 1 1 1 1]
 [1 0 1 1 0 0 1 0 1 1 0 1 1 0 1]
 [1 1 1 0 1 0 1 1 1 0 0 0 1 1 1]
 [1 1 1 1 1 0 1 1 1 1 1 1 1 1 1]
 [1 1 1 1 1 1 1 1 1 1 1 0 1 1 1]
 [0 1 0 1 1 0 1 1 1 1 1 1 1 1 1]
 [1 1 1 1 1 0 0 1 1 1 1 1 1 1 1]
 [1 1 1 0 1 0 1 1 1 1 0 1 1 1 1]
 [1 1 1 1 1 0 1 1 1 1 1 1 1 1 1]
 [1 0 1 1 1 0 1 0 0 1 1 1 1 0 1]
 [1 1 1 1 1 0 1 1 1 0 1 0 0 1 1]
 [1 1 1 1 1 0 1 1 1 0 1 0 1 1 1]
 [1 1 1 1 1 0 1 1 0 1 0 1 1 1 1]
 [0 1 1 1 1 1 1 1 1 1 1 0 1 1 1]
 [1 0 1 1 1 0 1 1 1 1 0 1 1 1 1]
 [1 1 1 1 1 1 1 1 1 1 0 1 1 1 1]
 [1 0 1 1 1 0 1 1 1 1 0 1 1 1 1]
 [1 1 1 1 1 0 1 1 1 1 1 1 0 1 1]
 [1 0 1 1 1 1 1 1 1 1 1 1 1 1 1]
 [1 1 1 1 1 0 1 1 0 0 0 0 1 1 0]
 [0 1 1 1 0 1 1 1 1 1 1 1 1 1 1]
 [1 1 1 1 0 0 1 1 1 1 0 1 1 0 1]
 [1 0 1 0 1 0 1 1 1 1 1 1 1 1 0]
 [1 1 1 1 0 0 1 1 1 1 0 1 1 1 1]
 [1 1 1 1 1 0 1 1 1 1 1 1 1 1 1]
 [1 1 1 1 1 0 1 1 1 1 1 1 1 1 1]
 [1 1 1 1 1 0 1 1 1 1 1 1 0 1 1]
 [1 1 0 1 1 0 1 0 1 1 1 1 0 1 1]
 [0 1 1 1 1 1 1 1 1 1 1 1 1 1 1]
 [1 1 0 1 1 0 0 1 1 1 1 0 1 1 1]
 [0 0 1 1 1 1 1 1 1 1 0 1 1 0 1]
 [1 1 1 1 1 0 1 1 1 1 1 1 1 1 1]
 [1 1 1 1 0 1 1 1 1 1 1 1 1 1 1]
 [1 1 1 1 1 0 1 1 1 1 1 1 1 1 1]
 [1 1 1 1 1 0 1 1 0 0 1 1 1 1 1]
 [1 1 1 1 1 1 1 1 1 1 0 1 1 1 1]
 [1 1 1 1 0 0 1 1 1 1 1 1 1 0 1]
 [1 1 1 1 1 0 1 1 1 0 0 0 1 1 1]
 [1 1 1 1 1 0 0 1 1 1 1 1 1 1 1]
 [0 1 1 1 1 1 1 1 1 1 1 1 1 1 1]
 [1 1 1 0 1 0 1 1 1 1 1 1 1 1 1]
 [1 1 1 1 1 0 1 1 1 1 1 1 1 1 1]
 [1 1 0 1 1 0 1 1 1 1 0 1 1 1 0]
 [1 1 1 1 1 0 1 1 1 1 1 1 1 1 1]
 [1 1 1 1 1 0 1 1 1 1 1 1 1 1 1]
 [1 1 1 1 1 0 1 1 0 1 0 0 1 1 1]
 [1 1 1 1 1 0 1 1 0 1 1 1 1 1 1]
 [1 1 1 1 1 0 0 1 1 1 1 1 1 1 1]]
branch at 2
runtime for solving id of Q is 0.0024423650465905666
Simulation results:
{'J': 50, 'K': 15, 'N': 10, 'p': 0.9, 'seed': 52, 'sim': 1, 'runtime': 0.0024423650465905666, 'identifiable': 0, 'branch': 2}
2
Q: [[1 1 1 1 1 1 1 1 1 1 1 0 0 1 1]
 [1 1 1 1 1 1 0 1 1 1 1 1 1 1 1]
 [1 1 1 1 1 1 0 1 1 1 1 1 1 1 1]
 [1 1 1 1 1 1 0 1 1 1 1 0 1 0 1]
 [0 1 1 1 1 1 1 1 0 1 1 1 1 1 0]
 [1 1 1 1 1 1 1 1 1 1 1 1 1 1 1]
 [1 0 1 1 1 1 1 1 1 1 1 1 1 1 1]
 [1 1 1 1 1 1 1 1 1 1 1 1 1 1 1]
 [1 0 1 1 1 1 1 1 1 1 1 1 1 1 1]
 [0 1 1 1 1 1 1 1 1 1 1 1 0 1 1]
 [1 0 1 0 1 0 1 1 1 0 0 1 1 1 1]
 [1 1 0 1 1 1 1 1 1 1 1 1 0 1 0]
 [0 1 1 1 1 1 0 1 1 1 1 1 1 0 1]
 [1 1 1 1 0 1 1 1 1 1 1 1 1 1 1]
 [1 1 1 0 0 1 1 1 1 0 1 1 1 1 1]
 [0 1 1 1 1 1 1 1 1 1 1 1 1 0 1]
 [1 1 1 1 1 1 1 1 1 1 0 1 1 1 1]
 [0 1 1 1 1 1 1 1 1 1 1 1 1 1 1]
 [1 1 1 1 1 1 1 1 0 1 1 1 1 1 1]
 [1 0 1 0 1 1 1 1 0 1 1 0 0 1 1]
 [1 1 1 1 1 1 1 1 1 1 1 1 1 1 0]
 [1 1 1 1 1 1 1 1 0 0 1 1 1 1 1]
 [1 1 1 1 1 1 1 1 0 1 1 1 1 1 1]
 [1 1 1 1 1 1 1 1 0 1 1 1 1 0 1]
 [1 1 1 1 1 1 1 1 1 1 1 1 1 1 1]
 [1 1 1 1 1 1 1 1 1 0 1 1 1 1 0]
 [1 1 1 1 1 1 1 1 1 1 1 1 1 1 1]
 [0 1 1 1 1 1 1 1 1 1 1 1 1 0 1]
 [1 1 1 1 1 1 1 1 1 1 1 1 1 1 1]
 [0 1 0 1 0 1 1 1 1 1 1 0 1 1 1]
 [1 1 1 1 1 1 1 1 1 0 0 1 1 0 1]
 [1 1 1 1 1 1 1 1 1 1 1 1 1 1 1]
 [1 1 1 1 1 1 1 1 1 1 1 1 1 0 1]
 [1 0 1 1 1 1 1 1 1 1 1 1 1 1 1]
 [1 1 1 1 0 1 1 1 1 1 0 1 1 1 1]
 [1 1 1 1 1 1 1 1 1 1 1 1 1 1 1]
 [1 1 1 1 0 1 1 1 1 1 1 1 0 1 1]
 [1 1 1 1 1 1 0 1 1 1 1 1 1 1 1]
 [1 1 1 1 1 1 1 1 1 1 1 1 0 1 1]
 [1 1 1 1 1 1 0 1 1 1 1 1 1 1 1]
 [1 1 1 1 1 1 1 1 1 1 1 1 1 1 1]
 [1 1 1 1 1 1 0 1 1 0 1 1 1 1 1]
 [1 1 0 1 1 1 1 1 1 1 1 1 1 1 1]
 [0 1 0 1 0 1 1 1 1 1 1 0 1 1 1]
 [1 1 1 1 1 1 1 1 1 1 1 1 1 1 1]
 [1 1 1 1 1 1 1 1 1 1 1 1 1 1 1]
 [1 1 1 1 1 1 1 1 1 1 1 1 1 1 1]
 [1 1 1 1 1 1 1 1 1 1 1 1 1 1 1]
 [1 1 1 1 1 1 1 1 1 0 1 1 1 1 1]
 [1 1 1 1 1 1 1 0 1 1 0 1 1 1 1]]
Q is not identifiable (two-column submatrix not identifiable).
Q is not identifiable, and Q_bar is [[1 1 1 1 1 0 1 1 1 1 1 0 0 1 1]
 [1 1 1 1 1 0 0 1 1 1 1 1 1 1 1]
 [1 1 1 1 1 0 0 1 1 1 1 1 1 1 1]
 [1 1 1 1 1 0 0 1 1 1 1 0 1 0 1]
 [0 1 1 1 1 0 1 1 0 1 1 1 1 1 0]
 [1 1 1 1 1 0 1 1 1 1 1 1 1 1 1]
 [1 0 1 1 1 1 1 1 1 1 1 1 1 1 1]
 [1 1 1 1 1 0 1 1 1 1 1 1 1 1 1]
 [1 0 1 1 1 1 1 1 1 1 1 1 1 1 1]
 [0 1 1 1 1 0 1 1 1 1 1 1 0 1 1]
 [1 0 1 0 1 0 1 1 1 0 0 1 1 1 1]
 [1 1 0 1 1 0 1 1 1 1 1 1 0 1 0]
 [0 1 1 1 1 0 0 1 1 1 1 1 1 0 1]
 [1 1 1 1 0 0 1 1 1 1 1 1 1 1 1]
 [1 1 1 0 0 0 1 1 1 0 1 1 1 1 1]
 [0 1 1 1 1 0 1 1 1 1 1 1 1 0 1]
 [1 1 1 1 1 0 1 1 1 1 0 1 1 1 1]
 [0 1 1 1 1 0 1 1 1 1 1 1 1 1 1]
 [1 1 1 1 1 1 1 1 0 1 1 1 1 1 1]
 [1 0 1 0 1 1 1 1 0 1 1 0 0 1 1]
 [1 1 1 1 1 0 1 1 1 1 1 1 1 1 0]
 [1 1 1 1 1 0 1 1 0 0 1 1 1 1 1]
 [1 1 1 1 1 1 1 1 0 1 1 1 1 1 1]
 [1 1 1 1 1 0 1 1 0 1 1 1 1 0 1]
 [1 1 1 1 1 0 1 1 1 1 1 1 1 1 1]
 [1 1 1 1 1 0 1 1 1 0 1 1 1 1 0]
 [1 1 1 1 1 0 1 1 1 1 1 1 1 1 1]
 [0 1 1 1 1 0 1 1 1 1 1 1 1 0 1]
 [1 1 1 1 1 0 1 1 1 1 1 1 1 1 1]
 [0 1 0 1 0 0 1 1 1 1 1 0 1 1 1]
 [1 1 1 1 1 0 1 1 1 0 0 1 1 0 1]
 [1 1 1 1 1 0 1 1 1 1 1 1 1 1 1]
 [1 1 1 1 1 0 1 1 1 1 1 1 1 0 1]
 [1 0 1 1 1 1 1 1 1 1 1 1 1 1 1]
 [1 1 1 1 0 0 1 1 1 1 0 1 1 1 1]
 [1 1 1 1 1 0 1 1 1 1 1 1 1 1 1]
 [1 1 1 1 0 0 1 1 1 1 1 1 0 1 1]
 [1 1 1 1 1 0 0 1 1 1 1 1 1 1 1]
 [1 1 1 1 1 1 1 1 1 1 1 1 0 1 1]
 [1 1 1 1 1 0 0 1 1 1 1 1 1 1 1]
 [1 1 1 1 1 0 1 1 1 1 1 1 1 1 1]
 [1 1 1 1 1 0 0 1 1 0 1 1 1 1 1]
 [1 1 0 1 1 0 1 1 1 1 1 1 1 1 1]
 [0 1 0 1 0 0 1 1 1 1 1 0 1 1 1]
 [1 1 1 1 1 0 1 1 1 1 1 1 1 1 1]
 [1 1 1 1 1 0 1 1 1 1 1 1 1 1 1]
 [1 1 1 1 1 0 1 1 1 1 1 1 1 1 1]
 [1 1 1 1 1 0 1 1 1 1 1 1 1 1 1]
 [1 1 1 1 1 0 1 1 1 0 1 1 1 1 1]
 [1 1 1 1 1 0 1 0 1 1 0 1 1 1 1]]
branch at 2
runtime for solving id of Q is 0.0024709701538085938
Simulation results:
{'J': 50, 'K': 15, 'N': 10, 'p': 0.9, 'seed': 52, 'sim': 2, 'runtime': 0.0024709701538085938, 'identifiable': 0, 'branch': 2}
3
Q: [[0 1 1 1 1 1 1 1 1 0 1 1 1 1 1]
 [1 0 1 0 0 1 1 1 1 1 1 0 1 1 0]
 [1 1 1 1 1 1 1 1 1 1 1 1 1 1 1]
 [1 1 1 0 1 1 1 1 1 1 1 1 1 1 1]
 [1 1 1 1 1 1 1 0 0 1 1 1 1 1 1]
 [1 1 1 1 1 1 0 1 1 1 1 1 1 1 1]
 [1 1 1 0 1 1 0 1 1 1 1 1 1 1 1]
 [1 1 1 1 1 1 1 1 0 1 1 1 1 0 1]
 [1 1 1 1 1 1 1 1 1 1 1 1 1 1 0]
 [1 1 0 1 1 1 0 1 1 1 1 0 1 1 1]
 [1 1 1 1 1 1 1 1 1 1 1 0 0 1 1]
 [1 1 1 1 1 1 1 0 1 1 1 1 1 1 1]
 [1 1 1 1 1 1 1 1 1 1 1 1 0 1 1]
 [1 1 1 1 1 1 1 1 1 1 1 0 1 1 1]
 [1 1 1 1 1 1 1 1 1 1 1 1 1 1 1]
 [1 1 0 1 1 1 1 1 0 1 1 1 1 0 1]
 [1 1 1 1 1 1 1 1 1 1 1 0 1 1 1]
 [0 1 1 1 1 1 0 1 1 1 1 1 0 0 0]
 [1 1 1 1 1 1 1 1 0 1 1 1 1 1 1]
 [1 1 1 1 1 1 1 1 1 1 1 1 1 1 1]
 [1 1 1 1 1 1 1 0 1 1 1 0 1 1 1]
 [1 1 1 1 1 1 1 1 1 1 1 1 1 1 1]
 [0 1 1 1 1 0 0 1 1 0 1 1 1 1 1]
 [1 1 1 0 1 1 1 0 1 1 1 0 1 1 1]
 [1 1 1 1 1 1 1 1 1 1 1 1 1 0 0]
 [1 1 1 1 1 1 1 1 1 1 1 1 0 1 1]
 [1 1 1 1 1 1 1 1 1 1 1 1 1 1 0]
 [1 1 1 0 1 0 1 1 1 1 1 1 1 1 1]
 [1 1 1 1 1 1 1 1 1 1 1 1 1 1 0]
 [1 1 1 1 0 1 1 1 1 1 1 1 1 1 1]
 [1 1 1 1 1 0 1 0 1 1 1 1 1 0 0]
 [1 1 0 1 1 1 1 0 1 1 1 1 0 1 1]
 [1 1 1 1 1 1 1 1 1 1 1 1 1 1 1]
 [1 1 1 1 1 1 1 1 1 0 1 1 1 1 1]
 [1 1 1 1 1 1 1 1 1 1 1 1 1 1 0]
 [1 1 1 1 1 1 1 1 1 1 1 1 1 1 1]
 [1 1 1 1 1 1 1 1 1 1 1 1 1 1 1]
 [1 1 1 1 0 1 1 0 1 1 1 1 1 1 1]
 [1 0 1 1 1 1 0 1 1 1 1 1 1 1 0]
 [1 1 1 1 1 1 1 1 1 1 1 1 1 1 0]
 [1 1 1 1 1 0 1 1 1 1 1 1 1 1 1]
 [1 1 1 1 1 1 0 1 1 1 1 0 0 1 1]
 [1 1 1 1 1 1 0 1 1 1 1 1 1 1 1]
 [1 1 1 1 0 1 1 0 1 1 1 1 1 1 1]
 [1 1 0 1 1 1 1 1 1 1 1 1 0 1 1]
 [1 1 1 1 1 1 1 1 1 1 1 0 1 1 1]
 [1 1 1 1 1 1 1 1 1 0 1 1 1 1 1]
 [1 1 1 1 1 1 1 1 1 1 1 1 0 1 1]
 [1 1 1 1 1 1 1 1 1 1 1 1 1 1 1]
 [1 1 1 1 1 1 1 1 1 0 1 1 1 1 1]]
Q is trivially not identifiable (all one column).
Q is not identifiable, and Q_bar is [[0 1 1 1 1 1 1 1 1 0 0 1 1 1 1]
 [1 0 1 0 0 1 1 1 1 1 0 0 1 1 0]
 [1 1 1 1 1 1 1 1 1 1 0 1 1 1 1]
 [1 1 1 0 1 1 1 1 1 1 0 1 1 1 1]
 [1 1 1 1 1 1 1 0 0 1 0 1 1 1 1]
 [1 1 1 1 1 1 0 1 1 1 0 1 1 1 1]
 [1 1 1 0 1 1 0 1 1 1 0 1 1 1 1]
 [1 1 1 1 1 1 1 1 0 1 0 1 1 0 1]
 [1 1 1 1 1 1 1 1 1 1 0 1 1 1 0]
 [1 1 0 1 1 1 0 1 1 1 0 0 1 1 1]
 [1 1 1 1 1 1 1 1 1 1 0 0 0 1 1]
 [1 1 1 1 1 1 1 0 1 1 0 1 1 1 1]
 [1 1 1 1 1 1 1 1 1 1 0 1 0 1 1]
 [1 1 1 1 1 1 1 1 1 1 0 0 1 1 1]
 [1 1 1 1 1 1 1 1 1 1 0 1 1 1 1]
 [1 1 0 1 1 1 1 1 0 1 0 1 1 0 1]
 [1 1 1 1 1 1 1 1 1 1 0 0 1 1 1]
 [0 1 1 1 1 1 0 1 1 1 0 1 0 0 0]
 [1 1 1 1 1 1 1 1 0 1 0 1 1 1 1]
 [1 1 1 1 1 1 1 1 1 1 0 1 1 1 1]
 [1 1 1 1 1 1 1 0 1 1 0 0 1 1 1]
 [1 1 1 1 1 1 1 1 1 1 0 1 1 1 1]
 [0 1 1 1 1 0 0 1 1 0 0 1 1 1 1]
 [1 1 1 0 1 1 1 0 1 1 0 0 1 1 1]
 [1 1 1 1 1 1 1 1 1 1 0 1 1 0 0]
 [1 1 1 1 1 1 1 1 1 1 0 1 0 1 1]
 [1 1 1 1 1 1 1 1 1 1 0 1 1 1 0]
 [1 1 1 0 1 0 1 1 1 1 0 1 1 1 1]
 [1 1 1 1 1 1 1 1 1 1 0 1 1 1 0]
 [1 1 1 1 0 1 1 1 1 1 0 1 1 1 1]
 [1 1 1 1 1 0 1 0 1 1 0 1 1 0 0]
 [1 1 0 1 1 1 1 0 1 1 0 1 0 1 1]
 [1 1 1 1 1 1 1 1 1 1 0 1 1 1 1]
 [1 1 1 1 1 1 1 1 1 0 0 1 1 1 1]
 [1 1 1 1 1 1 1 1 1 1 0 1 1 1 0]
 [1 1 1 1 1 1 1 1 1 1 0 1 1 1 1]
 [1 1 1 1 1 1 1 1 1 1 0 1 1 1 1]
 [1 1 1 1 0 1 1 0 1 1 0 1 1 1 1]
 [1 0 1 1 1 1 0 1 1 1 0 1 1 1 0]
 [1 1 1 1 1 1 1 1 1 1 0 1 1 1 0]
 [1 1 1 1 1 0 1 1 1 1 0 1 1 1 1]
 [1 1 1 1 1 1 0 1 1 1 0 0 0 1 1]
 [1 1 1 1 1 1 0 1 1 1 0 1 1 1 1]
 [1 1 1 1 0 1 1 0 1 1 0 1 1 1 1]
 [1 1 0 1 1 1 1 1 1 1 0 1 0 1 1]
 [1 1 1 1 1 1 1 1 1 1 0 0 1 1 1]
 [1 1 1 1 1 1 1 1 1 0 0 1 1 1 1]
 [1 1 1 1 1 1 1 1 1 1 0 1 0 1 1]
 [1 1 1 1 1 1 1 1 1 1 0 1 1 1 1]
 [1 1 1 1 1 1 1 1 1 0 0 1 1 1 1]]
branch at 1
runtime for solving id of Q is 0.002293140161782503
Simulation results:
{'J': 50, 'K': 15, 'N': 10, 'p': 0.9, 'seed': 52, 'sim': 3, 'runtime': 0.002293140161782503, 'identifiable': 0, 'branch': 1}
4
Q: [[1 1 1 1 1 1 1 1 1 1 0 1 1 1 1]
 [1 1 1 1 1 1 1 1 1 1 1 1 1 1 1]
 [1 1 1 1 1 1 1 1 1 1 1 1 1 1 1]
 [1 1 1 1 1 1 1 1 1 0 1 1 1 0 1]
 [0 1 1 1 1 1 1 1 0 1 1 1 1 1 1]
 [1 1 1 0 1 1 1 1 1 1 1 1 1 0 1]
 [0 1 1 1 0 1 1 1 1 1 1 1 1 1 1]
 [0 1 0 1 1 1 1 1 1 1 1 1 0 1 1]
 [1 1 1 1 1 1 1 1 1 1 1 0 1 1 1]
 [1 1 1 1 1 1 1 1 0 1 1 1 1 1 1]
 [1 1 1 1 1 1 1 1 1 1 1 1 1 1 1]
 [1 1 1 1 1 1 1 0 1 0 1 1 1 1 1]
 [1 1 1 1 1 1 1 1 0 1 1 1 1 1 1]
 [1 1 1 1 1 1 0 1 1 1 1 1 1 1 1]
 [1 1 1 1 1 1 1 1 1 0 1 1 1 1 1]
 [1 1 1 1 1 1 0 1 1 1 1 1 1 1 1]
 [1 1 1 1 1 1 1 1 1 1 1 1 1 1 1]
 [1 1 1 1 1 1 0 0 1 1 1 1 1 1 1]
 [0 1 1 1 1 1 1 1 1 1 1 1 1 1 1]
 [1 1 1 1 1 1 0 0 1 1 1 1 1 1 1]
 [1 1 1 1 1 1 1 1 1 1 1 1 0 1 0]
 [1 0 1 1 1 1 1 1 1 1 1 1 1 1 1]
 [1 1 0 1 1 1 1 1 1 1 0 0 0 1 1]
 [1 1 1 0 1 1 0 1 1 1 1 1 0 1 1]
 [1 1 1 1 1 0 1 1 1 1 1 0 1 0 1]
 [1 1 1 1 0 1 1 1 1 1 1 1 0 1 0]
 [1 1 1 1 1 1 1 1 1 1 0 0 1 0 0]
 [1 1 1 0 0 1 1 1 1 1 1 1 1 1 1]
 [1 1 1 0 1 1 1 1 1 1 1 1 1 1 1]
 [1 1 1 1 1 1 1 1 1 1 1 1 1 1 1]
 [1 1 1 1 1 1 1 1 1 1 1 0 1 1 0]
 [1 0 1 1 1 1 1 1 1 1 1 1 1 1 1]
 [1 1 1 1 1 1 1 1 1 1 1 1 1 1 1]
 [1 1 1 1 1 1 1 1 1 1 1 1 1 1 1]
 [1 1 1 1 0 0 1 1 1 0 1 1 1 1 1]
 [1 1 1 1 0 1 1 1 1 1 1 1 1 1 1]
 [1 1 1 0 1 1 1 1 1 1 0 1 1 1 1]
 [1 1 1 0 1 1 1 0 1 1 1 1 1 1 1]
 [1 1 1 1 1 1 1 0 1 1 1 0 1 1 1]
 [1 1 1 0 1 1 1 0 1 1 1 1 0 1 1]
 [1 1 1 1 1 1 1 1 1 1 1 1 1 1 1]
 [1 1 1 1 1 1 1 1 1 1 1 0 1 1 1]
 [1 1 1 1 1 1 1 1 1 1 1 1 1 1 1]
 [1 1 1 1 1 1 1 1 1 1 1 1 1 1 1]
 [1 1 1 1 1 1 1 1 1 0 1 1 1 1 1]
 [1 0 1 1 1 1 1 1 1 1 1 1 1 1 1]
 [1 1 1 1 1 1 1 1 1 1 1 1 1 1 1]
 [1 1 1 1 1 1 1 1 1 1 1 1 1 1 1]
 [1 1 1 1 1 1 1 1 1 1 1 1 0 1 1]
 [1 1 1 1 1 1 1 1 1 1 1 1 1 1 1]]
Q is not identifiable (two-column submatrix not identifiable).
Q is not identifiable, and Q_bar is [[1 1 0 1 1 1 1 1 1 1 0 1 1 1 1]
 [1 1 0 1 1 1 1 1 1 1 1 1 1 1 1]
 [1 1 0 1 1 1 1 1 1 1 1 1 1 1 1]
 [1 1 0 1 1 1 1 1 1 0 1 1 1 0 1]
 [0 1 0 1 1 1 1 1 0 1 1 1 1 1 1]
 [1 1 0 0 1 1 1 1 1 1 1 1 1 0 1]
 [0 1 0 1 0 1 1 1 1 1 1 1 1 1 1]
 [0 1 0 1 1 1 1 1 1 1 1 1 0 1 1]
 [1 1 0 1 1 1 1 1 1 1 1 0 1 1 1]
 [1 1 0 1 1 1 1 1 0 1 1 1 1 1 1]
 [1 1 0 1 1 1 1 1 1 1 1 1 1 1 1]
 [1 1 0 1 1 1 1 0 1 0 1 1 1 1 1]
 [1 1 0 1 1 1 1 1 0 1 1 1 1 1 1]
 [1 1 1 1 1 1 0 1 1 1 1 1 1 1 1]
 [1 1 0 1 1 1 1 1 1 0 1 1 1 1 1]
 [1 1 1 1 1 1 0 1 1 1 1 1 1 1 1]
 [1 1 0 1 1 1 1 1 1 1 1 1 1 1 1]
 [1 1 0 1 1 1 0 0 1 1 1 1 1 1 1]
 [0 1 0 1 1 1 1 1 1 1 1 1 1 1 1]
 [1 1 0 1 1 1 0 0 1 1 1 1 1 1 1]
 [1 1 1 1 1 1 1 1 1 1 1 1 0 1 0]
 [1 0 0 1 1 1 1 1 1 1 1 1 1 1 1]
 [1 1 0 1 1 1 1 1 1 1 0 0 0 1 1]
 [1 1 1 0 1 1 0 1 1 1 1 1 0 1 1]
 [1 1 0 1 1 0 1 1 1 1 1 0 1 0 1]
 [1 1 1 1 0 1 1 1 1 1 1 1 0 1 0]
 [1 1 0 1 1 1 1 1 1 1 0 0 1 0 0]
 [1 1 0 0 0 1 1 1 1 1 1 1 1 1 1]
 [1 1 1 0 1 1 1 1 1 1 1 1 1 1 1]
 [1 1 0 1 1 1 1 1 1 1 1 1 1 1 1]
 [1 1 0 1 1 1 1 1 1 1 1 0 1 1 0]
 [1 0 0 1 1 1 1 1 1 1 1 1 1 1 1]
 [1 1 0 1 1 1 1 1 1 1 1 1 1 1 1]
 [1 1 0 1 1 1 1 1 1 1 1 1 1 1 1]
 [1 1 0 1 0 0 1 1 1 0 1 1 1 1 1]
 [1 1 0 1 0 1 1 1 1 1 1 1 1 1 1]
 [1 1 0 0 1 1 1 1 1 1 0 1 1 1 1]
 [1 1 0 0 1 1 1 0 1 1 1 1 1 1 1]
 [1 1 0 1 1 1 1 0 1 1 1 0 1 1 1]
 [1 1 1 0 1 1 1 0 1 1 1 1 0 1 1]
 [1 1 0 1 1 1 1 1 1 1 1 1 1 1 1]
 [1 1 0 1 1 1 1 1 1 1 1 0 1 1 1]
 [1 1 0 1 1 1 1 1 1 1 1 1 1 1 1]
 [1 1 0 1 1 1 1 1 1 1 1 1 1 1 1]
 [1 1 0 1 1 1 1 1 1 0 1 1 1 1 1]
 [1 0 0 1 1 1 1 1 1 1 1 1 1 1 1]
 [1 1 0 1 1 1 1 1 1 1 1 1 1 1 1]
 [1 1 0 1 1 1 1 1 1 1 1 1 1 1 1]
 [1 1 1 1 1 1 1 1 1 1 1 1 0 1 1]
 [1 1 0 1 1 1 1 1 1 1 1 1 1 1 1]]
branch at 2
runtime for solving id of Q is 0.002829303964972496
Simulation results:
{'J': 50, 'K': 15, 'N': 10, 'p': 0.9, 'seed': 52, 'sim': 4, 'runtime': 0.002829303964972496, 'identifiable': 0, 'branch': 2}
5
Q: [[1 1 1 1 1 1 0 1 0 1 1 1 1 1 1]
 [1 1 1 1 1 1 1 1 1 1 1 1 1 1 1]
 [1 1 1 1 1 1 1 1 1 1 1 1 1 1 1]
 [1 1 1 1 1 1 1 1 1 1 1 1 1 1 1]
 [1 1 1 1 1 1 1 1 0 1 1 0 1 1 1]
 [1 1 1 1 1 1 1 0 1 1 1 1 1 1 1]
 [1 0 0 1 0 1 1 1 1 1 1 1 1 1 1]
 [1 1 1 1 1 0 1 1 1 1 1 1 1 0 1]
 [1 1 0 1 1 1 1 1 1 1 1 1 1 1 1]
 [1 1 1 1 1 0 1 1 1 1 0 1 1 1 1]
 [1 1 1 1 1 1 1 0 1 1 1 1 1 1 1]
 [1 1 1 1 1 1 1 1 1 0 0 1 1 1 1]
 [1 1 1 1 1 1 1 1 1 1 1 1 1 1 1]
 [1 1 1 1 1 1 1 0 1 0 1 1 1 1 1]
 [1 1 1 1 1 1 1 1 1 1 1 0 1 1 1]
 [1 1 1 1 1 1 1 1 1 1 1 1 1 1 0]
 [1 1 1 1 1 1 1 1 1 0 1 1 1 1 1]
 [1 1 1 1 1 1 1 1 1 0 1 1 1 1 1]
 [1 0 0 0 1 1 1 1 1 1 1 0 1 1 1]
 [1 1 1 1 1 1 1 1 0 1 1 0 1 1 1]
 [1 1 0 1 1 1 1 1 1 1 1 1 1 1 1]
 [0 1 1 1 1 1 1 1 1 1 1 1 1 0 1]
 [1 1 1 1 1 1 1 1 1 1 1 1 1 1 1]
 [1 1 1 1 1 1 1 1 1 1 1 1 1 1 1]
 [1 1 1 1 1 1 1 1 1 1 1 0 1 1 1]
 [0 1 1 1 1 1 1 1 1 1 1 0 1 1 1]
 [0 1 1 1 1 1 1 1 0 1 1 1 1 1 1]
 [1 1 1 1 1 1 1 0 1 1 1 1 1 1 1]
 [1 0 0 1 1 1 1 1 1 1 1 0 1 1 1]
 [1 1 1 1 1 1 1 0 1 1 0 1 0 1 1]
 [1 1 1 0 1 1 1 1 1 1 1 1 1 1 1]
 [1 1 1 1 1 1 1 0 1 1 1 1 1 1 1]
 [1 0 1 0 1 1 1 1 1 0 1 1 1 1 1]
 [1 1 1 1 1 1 1 1 1 1 1 0 1 1 1]
 [1 1 1 1 1 1 1 1 1 1 1 0 1 1 1]
 [1 1 0 1 1 1 1 1 1 1 1 1 1 1 1]
 [1 1 1 1 1 1 1 1 1 1 1 1 1 1 1]
 [1 1 1 0 1 1 1 1 0 1 1 1 1 1 1]
 [0 1 1 0 1 1 0 1 1 1 1 1 1 1 1]
 [1 0 1 1 1 1 1 1 1 1 1 1 1 1 1]
 [1 1 1 1 1 1 1 1 1 1 1 1 1 0 1]
 [1 1 1 0 1 1 1 0 1 1 0 0 1 1 1]
 [0 1 1 1 1 1 1 1 1 1 0 1 1 1 0]
 [1 1 1 1 1 1 1 1 1 1 1 1 1 1 1]
 [1 1 1 1 1 1 1 1 1 1 1 1 1 1 1]
 [1 1 1 1 1 1 1 1 1 0 1 1 0 1 1]
 [1 1 1 1 0 1 1 1 0 1 1 1 1 1 1]
 [1 1 1 1 1 1 1 1 1 1 1 1 1 1 1]
 [1 1 1 1 1 1 1 1 1 1 1 1 1 1 1]
 [1 1 1 1 1 0 0 1 1 1 1 1 1 1 1]]
Q is not identifiable (three-column submatrix not identifiable).
Q is not identifiable, and Q_bar is [[1 1 1 1 1 1 0 1 0 1 1 1 1 1 1]
 [1 1 1 1 1 1 1 1 1 1 1 1 1 1 1]
 [1 1 1 1 1 1 1 1 1 1 1 1 1 1 1]
 [1 1 1 1 1 1 1 1 1 1 1 1 1 1 1]
 [1 1 1 1 1 1 1 1 0 1 1 0 1 1 1]
 [1 1 1 1 1 1 1 0 1 1 1 1 1 1 1]
 [1 0 0 1 0 1 1 1 1 1 1 1 1 1 1]
 [1 1 1 1 1 0 1 1 1 1 1 1 1 0 1]
 [1 1 0 1 1 1 1 1 1 1 1 1 1 1 1]
 [1 1 1 1 1 0 1 1 1 1 0 1 1 1 1]
 [1 1 1 1 1 1 1 0 1 1 1 1 1 1 1]
 [1 1 1 1 1 1 1 1 1 0 0 1 1 1 1]
 [1 1 1 1 1 1 1 1 1 1 1 1 1 1 1]
 [1 1 1 1 1 1 1 0 1 0 1 1 1 1 1]
 [1 1 1 1 1 1 1 1 1 1 1 0 1 1 1]
 [1 1 1 1 1 1 1 1 1 1 1 1 1 1 0]
 [1 1 1 1 1 1 1 1 1 0 1 1 1 1 1]
 [1 1 1 1 1 1 1 1 1 0 1 1 1 1 1]
 [1 0 0 0 1 1 1 1 1 1 1 0 1 1 1]
 [1 1 1 1 1 1 1 1 0 1 1 0 1 1 1]
 [1 1 0 1 1 1 1 1 1 1 1 1 1 1 1]
 [0 1 1 1 1 1 1 1 1 1 1 1 1 0 1]
 [1 1 1 1 1 1 1 1 1 1 1 1 1 1 1]
 [1 1 1 1 1 1 1 1 1 1 1 1 1 1 1]
 [1 1 1 1 1 1 1 1 1 1 1 0 1 1 1]
 [0 1 1 1 1 1 1 1 1 1 1 0 1 1 1]
 [0 1 1 1 1 1 1 1 0 1 1 1 1 1 1]
 [1 1 1 1 1 1 1 0 1 1 1 1 1 1 1]
 [1 0 0 1 1 1 1 1 1 1 1 0 1 1 1]
 [1 1 1 1 1 1 1 0 1 1 0 1 0 1 1]
 [1 0 1 0 1 1 1 1 1 1 1 1 1 1 1]
 [1 1 1 1 1 1 1 0 1 1 1 1 1 1 1]
 [1 0 1 0 1 1 1 1 1 0 1 1 1 1 1]
 [1 1 1 1 1 1 1 1 1 1 1 0 1 1 1]
 [1 1 1 1 1 1 1 1 1 1 1 0 1 1 1]
 [1 1 0 1 1 1 1 1 1 1 1 1 1 1 1]
 [1 1 1 1 1 1 1 1 1 1 1 1 1 1 1]
 [1 1 1 0 1 1 1 1 0 1 1 1 1 1 1]
 [1 0 1 0 1 0 0 1 1 1 1 1 1 1 1]
 [1 0 1 1 1 1 1 1 1 1 1 1 1 1 1]
 [1 1 1 1 1 1 1 1 1 1 1 1 1 0 1]
 [1 1 1 0 1 1 1 0 1 1 0 0 1 1 1]
 [0 1 1 1 1 1 1 1 1 1 0 1 1 1 0]
 [1 1 1 1 1 1 1 1 1 1 1 1 1 1 1]
 [1 1 1 1 1 1 1 1 1 1 1 1 1 1 1]
 [1 1 1 1 1 1 1 1 1 0 1 1 0 1 1]
 [1 1 1 1 0 1 1 1 0 1 1 1 1 1 1]
 [1 1 1 1 1 1 1 1 1 1 1 1 1 1 1]
 [1 1 1 1 1 1 1 1 1 1 1 1 1 1 1]
 [1 1 1 1 1 0 0 1 1 1 1 1 1 1 1]]
branch at 3
runtime for solving id of Q is 0.00455615995451808
Simulation results:
{'J': 50, 'K': 15, 'N': 10, 'p': 0.9, 'seed': 52, 'sim': 5, 'runtime': 0.00455615995451808, 'identifiable': 0, 'branch': 3}
6
Q: [[1 1 1 1 1 1 0 1 1 1 1 1 1 1 1]
 [1 1 1 1 1 1 1 1 1 1 1 1 1 1 1]
 [1 1 1 0 0 1 1 1 1 0 1 1 1 1 1]
 [1 1 0 1 1 0 1 1 0 1 1 1 1 1 1]
 [0 1 1 1 1 1 1 1 1 1 1 1 1 1 1]
 [1 1 1 1 1 1 1 0 1 0 1 1 1 1 1]
 [1 1 1 1 1 1 1 1 1 1 1 1 1 1 1]
 [0 1 1 1 1 1 1 0 1 1 1 1 1 1 1]
 [1 1 1 1 1 0 1 0 1 1 1 1 1 1 1]
 [1 1 0 1 1 0 1 1 1 1 1 1 1 1 1]
 [1 1 1 1 1 0 1 1 1 1 1 1 1 1 1]
 [1 1 1 1 1 1 1 1 1 1 1 1 1 1 1]
 [1 0 1 0 1 1 1 1 0 1 1 1 1 1 1]
 [1 0 1 0 1 1 0 1 1 1 1 1 1 1 1]
 [0 1 1 1 1 1 1 1 1 1 0 1 1 1 1]
 [1 1 1 1 0 1 1 1 1 1 1 1 1 1 1]
 [1 1 1 1 1 1 1 1 1 1 1 1 1 1 1]
 [1 1 1 0 1 1 1 0 1 1 1 1 1 0 1]
 [1 1 1 0 1 1 1 0 1 1 1 1 0 1 1]
 [1 1 1 1 1 1 1 1 1 1 1 1 1 1 1]
 [1 1 0 1 1 1 1 1 1 0 1 1 1 1 1]
 [1 1 1 1 1 1 1 0 1 1 1 0 1 1 1]
 [1 1 1 0 1 1 1 1 1 0 1 1 1 1 1]
 [1 1 1 1 1 1 1 1 1 1 1 1 1 1 1]
 [1 1 1 1 1 1 0 1 1 1 1 1 1 1 1]
 [1 1 0 1 1 1 1 1 1 1 1 1 1 1 1]
 [1 1 0 1 1 1 1 1 1 1 1 0 1 0 1]
 [1 1 1 1 1 1 1 0 1 0 1 1 1 1 0]
 [1 1 1 1 1 1 1 1 1 1 0 1 0 1 1]
 [0 1 1 1 1 1 1 1 1 1 1 1 0 1 1]
 [1 1 1 1 1 1 1 1 1 1 1 1 1 1 1]
 [1 1 1 1 1 1 1 1 1 1 1 1 1 1 1]
 [1 1 1 1 1 0 0 1 1 1 1 0 1 1 1]
 [1 1 1 0 1 1 1 1 0 1 1 1 1 1 1]
 [1 1 1 1 1 1 1 1 1 1 1 1 1 1 1]
 [1 0 1 1 0 1 1 1 1 1 1 1 1 1 1]
 [1 1 1 1 1 1 1 1 1 1 0 1 1 0 1]
 [1 1 0 1 1 1 1 1 1 1 1 1 1 1 0]
 [1 1 1 1 1 1 1 1 1 1 1 1 1 1 0]
 [1 1 1 1 1 1 1 1 0 1 1 1 1 0 0]
 [1 1 1 1 1 1 1 1 1 1 1 1 1 1 1]
 [0 1 1 1 1 1 1 1 1 1 1 1 1 1 1]
 [1 1 1 1 1 1 0 1 1 1 1 1 1 1 1]
 [1 1 1 1 1 1 1 1 0 1 1 1 1 1 1]
 [1 1 1 1 1 1 1 1 1 1 1 1 1 1 1]
 [1 1 1 1 1 1 1 1 1 1 1 1 1 1 1]
 [0 1 1 1 1 0 1 1 1 1 1 1 1 1 1]
 [0 1 1 1 1 1 1 1 1 1 1 1 1 1 1]
 [1 1 1 1 1 1 1 1 1 1 1 1 1 1 1]
 [1 1 1 1 1 1 0 0 1 1 1 1 1 1 1]]
Q is not identifiable (three-column submatrix not identifiable).
Q is not identifiable, and Q_bar is [[1 1 1 1 1 1 0 1 1 1 1 1 1 1 1]
 [1 0 1 1 1 1 1 1 1 1 1 1 1 1 1]
 [1 1 1 0 0 1 1 1 1 0 1 1 1 1 1]
 [1 1 0 1 1 0 1 1 0 1 1 1 1 1 1]
 [1 1 1 1 1 1 1 1 1 1 1 1 1 1 1]
 [1 1 1 1 1 1 1 0 1 0 1 1 1 1 1]
 [1 0 1 1 1 1 1 1 1 1 1 1 1 1 1]
 [0 1 1 1 1 1 1 0 1 1 1 1 1 1 1]
 [1 1 1 1 1 0 1 0 1 1 1 1 1 1 1]
 [1 1 0 1 1 0 1 1 1 1 1 1 1 1 1]
 [1 1 0 1 1 0 1 1 1 1 1 1 1 1 1]
 [1 0 1 1 1 1 1 1 1 1 1 1 1 1 1]
 [1 0 1 0 1 1 1 1 0 1 1 1 1 1 1]
 [1 0 1 0 1 1 0 1 1 1 1 1 1 1 1]
 [0 1 1 1 1 1 1 1 1 1 0 1 1 1 1]
 [1 1 1 1 0 1 1 1 1 1 1 1 1 1 1]
 [1 0 1 1 1 1 1 1 1 1 1 1 1 1 1]
 [1 1 1 0 1 1 1 0 1 1 1 1 1 0 1]
 [1 1 1 0 1 1 1 0 1 1 1 1 0 1 1]
 [1 0 1 1 1 1 1 1 1 1 1 1 1 1 1]
 [1 1 0 1 1 1 1 1 1 0 1 1 1 1 1]
 [1 1 1 1 1 1 1 0 1 1 1 0 1 1 1]
 [1 1 1 0 1 1 1 1 1 0 1 1 1 1 1]
 [1 0 1 1 1 1 1 1 1 1 1 1 1 1 1]
 [1 1 1 1 1 1 0 1 1 1 1 1 1 1 1]
 [1 1 0 1 1 1 1 1 1 1 1 1 1 1 1]
 [1 1 0 1 1 1 1 1 1 1 1 0 1 0 1]
 [1 1 1 1 1 1 1 0 1 0 1 1 1 1 0]
 [1 1 1 1 1 1 1 1 1 1 0 1 0 1 1]
 [0 1 1 1 1 1 1 1 1 1 1 1 0 1 1]
 [1 0 1 1 1 1 1 1 1 1 1 1 1 1 1]
 [1 0 1 1 1 1 1 1 1 1 1 1 1 1 1]
 [1 1 1 1 1 0 0 1 1 1 1 0 1 1 1]
 [1 1 1 0 1 1 1 1 0 1 1 1 1 1 1]
 [1 0 1 1 1 1 1 1 1 1 1 1 1 1 1]
 [1 0 1 1 0 1 1 1 1 1 1 1 1 1 1]
 [1 1 1 1 1 1 1 1 1 1 0 1 1 0 1]
 [1 1 0 1 1 1 1 1 1 1 1 1 1 1 0]
 [1 1 1 1 1 1 1 1 1 1 1 1 1 1 0]
 [1 1 1 1 1 1 1 1 0 1 1 1 1 0 0]
 [1 0 1 1 1 1 1 1 1 1 1 1 1 1 1]
 [1 1 1 1 1 1 1 1 1 1 1 1 1 1 1]
 [1 1 1 1 1 1 0 1 1 1 1 1 1 1 1]
 [1 1 1 1 1 1 1 1 0 1 1 1 1 1 1]
 [1 0 1 1 1 1 1 1 1 1 1 1 1 1 1]
 [1 0 1 1 1 1 1 1 1 1 1 1 1 1 1]
 [1 0 0 1 1 0 1 1 1 1 1 1 1 1 1]
 [1 1 1 1 1 1 1 1 1 1 1 1 1 1 1]
 [1 0 1 1 1 1 1 1 1 1 1 1 1 1 1]
 [1 1 1 1 1 1 0 0 1 1 1 1 1 1 1]]
branch at 3
runtime for solving id of Q is 0.0045335181057453156
Simulation results:
{'J': 50, 'K': 15, 'N': 10, 'p': 0.9, 'seed': 52, 'sim': 6, 'runtime': 0.0045335181057453156, 'identifiable': 0, 'branch': 3}
7
Q: [[1 1 1 1 1 1 1 1 0 1 1 1 1 1 1]
 [1 1 1 1 1 1 1 1 1 1 1 1 1 0 1]
 [1 1 1 1 1 1 1 1 1 1 0 1 1 1 1]
 [0 1 1 1 1 0 1 1 1 1 1 1 1 1 1]
 [1 1 1 1 0 1 1 0 1 1 1 1 1 1 1]
 [1 0 1 0 1 1 1 1 0 1 1 1 1 1 1]
 [1 1 0 1 1 1 1 1 1 1 1 1 0 1 1]
 [1 1 1 1 1 1 1 1 1 1 1 1 1 1 1]
 [1 1 1 1 1 1 1 0 1 1 1 1 0 1 1]
 [1 1 1 1 1 1 1 1 1 1 1 1 1 1 1]
 [1 1 1 1 1 1 1 1 1 1 1 1 1 1 1]
 [1 1 0 1 1 1 1 1 1 1 1 1 1 1 1]
 [1 1 1 1 1 1 1 1 1 1 1 1 0 1 0]
 [1 1 1 1 1 1 1 1 1 1 1 1 1 1 1]
 [1 1 1 1 1 1 1 1 1 1 1 1 1 0 1]
 [1 1 1 1 1 0 1 1 1 1 1 1 1 1 1]
 [1 1 1 1 1 1 1 1 1 0 1 1 1 1 1]
 [1 1 1 1 1 1 1 1 1 1 1 1 1 1 1]
 [1 1 1 1 0 0 1 1 1 1 1 1 0 1 1]
 [1 1 1 1 1 1 1 1 1 1 1 1 1 1 1]
 [1 0 1 1 1 1 1 1 1 1 1 1 1 1 1]
 [1 1 0 0 1 1 1 0 1 1 0 1 1 1 1]
 [1 1 1 1 1 1 1 1 1 1 1 1 0 1 1]
 [1 1 0 1 1 1 1 1 1 1 1 1 1 1 0]
 [1 1 1 1 1 1 1 1 1 1 1 1 1 1 1]
 [1 1 1 1 1 1 1 1 1 1 1 1 0 1 1]
 [1 1 1 1 1 1 1 0 1 1 1 0 1 1 1]
 [0 1 1 1 1 0 1 1 1 1 1 1 0 1 1]
 [1 1 1 1 1 1 1 1 1 1 1 1 1 1 1]
 [1 1 0 1 1 1 0 1 1 1 1 1 1 1 1]
 [1 1 1 1 1 1 1 1 1 1 0 1 0 1 1]
 [0 1 1 1 1 1 1 0 0 1 1 1 1 1 1]
 [1 1 1 0 0 1 1 1 0 1 1 1 1 1 1]
 [1 1 1 1 1 1 1 1 1 1 1 1 1 1 1]
 [0 1 1 1 1 1 0 1 1 1 0 1 1 1 1]
 [1 1 1 1 1 0 1 1 1 1 1 1 1 1 1]
 [1 1 1 1 1 1 1 1 1 1 1 1 1 1 1]
 [0 1 1 1 0 1 0 1 1 1 1 1 1 1 1]
 [1 1 1 1 0 0 0 0 1 1 1 0 1 1 1]
 [1 1 1 1 1 1 1 1 1 0 1 1 1 0 1]
 [1 1 1 1 1 1 1 1 1 1 1 1 1 1 1]
 [1 1 1 1 1 1 1 1 1 1 1 1 1 1 1]
 [0 1 1 1 1 1 1 1 1 1 1 0 1 1 1]
 [1 1 1 1 1 0 1 1 1 1 0 1 1 1 1]
 [1 1 1 0 1 1 1 1 1 1 1 1 0 1 1]
 [1 1 1 1 1 1 1 1 0 1 1 0 1 1 1]
 [1 0 1 1 1 1 1 1 1 1 1 1 0 0 1]
 [1 1 0 1 1 1 1 1 1 1 1 0 1 1 1]
 [0 1 1 1 1 1 1 1 1 1 1 1 1 1 1]
 [1 1 1 1 1 1 1 1 1 1 1 1 0 1 1]]
Q is not identifiable (three-column submatrix not identifiable).
Q is not identifiable, and Q_bar is [[1 1 1 1 1 1 1 1 0 1 1 1 1 1 1]
 [1 1 1 1 1 1 1 1 1 1 1 1 1 0 1]
 [1 1 1 1 1 1 1 1 1 1 0 1 1 1 1]
 [0 1 1 1 1 0 1 1 1 1 1 1 1 1 1]
 [1 1 1 1 0 1 1 0 1 1 1 1 1 1 1]
 [1 0 1 0 1 1 1 1 0 1 1 1 1 1 1]
 [1 1 0 1 1 1 1 1 1 1 1 1 0 1 1]
 [1 0 1 1 1 1 1 1 1 1 1 1 1 1 1]
 [1 1 1 1 1 1 1 0 1 1 1 1 0 1 1]
 [1 0 1 1 1 1 1 1 1 1 1 1 1 1 1]
 [1 0 1 1 1 1 1 1 1 1 1 1 1 1 1]
 [1 1 0 1 1 1 1 1 1 1 1 1 1 1 1]
 [1 1 1 1 1 1 1 1 1 1 1 1 0 1 0]
 [1 0 1 1 1 1 1 1 1 1 1 1 1 1 1]
 [1 1 1 1 1 1 1 1 1 1 1 1 1 0 1]
 [1 1 1 1 1 0 1 1 1 1 1 1 1 1 1]
 [1 1 1 1 1 1 1 1 1 0 1 1 1 1 1]
 [1 0 1 1 1 1 1 1 1 1 1 1 1 1 1]
 [1 1 1 1 0 0 1 1 1 1 1 1 0 1 1]
 [1 0 1 1 1 1 1 1 1 1 1 1 1 1 1]
 [1 0 1 1 1 1 1 1 1 1 1 1 1 1 1]
 [1 1 0 0 1 1 1 0 1 1 0 1 1 1 1]
 [1 1 1 1 1 1 1 1 1 1 1 1 0 1 1]
 [1 1 0 1 1 1 1 1 1 1 1 1 1 1 0]
 [1 0 1 1 1 1 1 1 1 1 1 1 1 1 1]
 [1 1 1 1 1 1 1 1 1 1 1 1 0 1 1]
 [1 1 1 1 1 1 1 0 1 1 1 0 1 1 1]
 [0 1 1 1 1 0 1 1 1 1 1 1 0 1 1]
 [1 0 1 1 1 1 1 1 1 1 1 1 1 1 1]
 [1 1 0 1 1 1 0 1 1 1 1 1 1 1 1]
 [1 1 1 1 1 1 1 1 1 1 0 1 0 1 1]
 [0 1 1 1 1 1 1 0 0 1 1 1 1 1 1]
 [1 1 1 0 0 1 1 1 0 1 1 1 1 1 1]
 [1 0 1 1 1 1 1 1 1 1 1 1 1 1 1]
 [0 1 1 1 1 1 0 1 1 1 0 1 1 1 1]
 [1 1 1 1 1 0 1 1 1 1 1 1 1 1 1]
 [1 0 1 1 1 1 1 1 1 1 1 1 1 1 1]
 [1 0 0 1 0 1 0 1 1 1 1 1 1 1 1]
 [1 1 1 1 0 0 0 0 1 1 1 0 1 1 1]
 [1 1 1 1 1 1 1 1 1 0 1 1 1 0 1]
 [1 0 1 1 1 1 1 1 1 1 1 1 1 1 1]
 [1 0 1 1 1 1 1 1 1 1 1 1 1 1 1]
 [0 1 1 1 1 1 1 1 1 1 1 0 1 1 1]
 [1 1 1 1 1 0 1 1 1 1 0 1 1 1 1]
 [1 1 1 0 1 1 1 1 1 1 1 1 0 1 1]
 [1 1 1 1 1 1 1 1 0 1 1 0 1 1 1]
 [1 0 1 1 1 1 1 1 1 1 1 1 0 0 1]
 [1 1 0 1 1 1 1 1 1 1 1 0 1 1 1]
 [1 1 1 1 1 1 1 1 1 1 1 1 1 1 1]
 [1 1 1 1 1 1 1 1 1 1 1 1 0 1 1]]
branch at 3
runtime for solving id of Q is 0.0050237528048455715
Simulation results:
{'J': 50, 'K': 15, 'N': 10, 'p': 0.9, 'seed': 52, 'sim': 7, 'runtime': 0.0050237528048455715, 'identifiable': 0, 'branch': 3}
8
Q: [[1 1 0 1 1 1 1 1 1 1 1 1 1 0 1]
 [1 1 1 1 1 1 1 1 1 1 0 1 1 1 1]
 [1 1 1 1 1 1 1 1 1 1 1 1 1 1 0]
 [1 1 1 1 1 1 1 1 0 1 1 1 1 1 1]
 [1 1 1 1 1 0 1 1 1 0 1 1 1 1 1]
 [1 1 1 1 1 1 1 1 1 1 1 1 1 1 1]
 [1 0 1 1 0 0 1 1 1 0 1 1 1 0 1]
 [1 1 1 1 1 1 1 1 1 1 1 1 1 0 0]
 [1 0 1 1 1 1 1 1 1 1 1 1 1 1 1]
 [1 1 1 1 1 1 1 1 1 1 1 1 1 1 1]
 [1 1 1 1 1 1 1 1 1 1 1 1 1 1 1]
 [1 1 1 1 1 1 1 0 1 1 1 1 1 0 1]
 [1 1 1 1 0 1 1 1 1 1 1 1 1 1 1]
 [1 1 1 1 1 1 1 1 1 1 1 1 1 1 1]
 [1 1 1 1 1 1 1 1 1 1 1 1 1 1 1]
 [1 1 1 1 1 1 1 1 1 1 0 0 1 0 1]
 [1 1 1 1 1 1 1 0 1 1 1 1 1 1 0]
 [1 1 1 1 1 1 1 1 1 1 1 1 1 1 1]
 [1 1 1 1 1 1 1 1 1 1 1 1 1 1 1]
 [0 1 1 0 1 1 1 0 1 1 1 1 1 1 1]
 [1 1 1 1 1 1 1 1 1 1 1 1 1 1 1]
 [0 1 1 1 1 1 1 1 1 1 1 1 1 1 1]
 [1 1 1 1 1 1 1 1 1 1 1 1 1 1 1]
 [1 1 1 1 1 1 1 1 1 1 1 1 1 1 1]
 [1 0 1 1 1 1 1 1 1 1 1 0 1 1 1]
 [1 1 1 1 1 1 1 1 1 0 1 1 1 1 1]
 [1 1 1 1 0 1 0 0 1 0 0 1 1 1 1]
 [0 1 1 1 1 1 1 1 1 1 1 1 1 1 1]
 [1 1 1 1 1 1 1 1 1 1 1 1 1 1 1]
 [1 1 1 1 1 1 1 1 1 1 1 1 0 1 0]
 [1 0 1 1 1 1 1 0 1 1 1 0 1 1 1]
 [1 1 1 1 1 1 1 1 1 1 1 1 1 1 1]
 [1 0 1 1 1 1 1 1 1 0 1 1 0 1 1]
 [1 1 1 1 1 1 1 1 1 1 1 1 1 1 1]
 [1 1 1 1 1 1 1 1 1 1 1 1 1 1 1]
 [1 1 1 1 1 0 1 1 1 1 1 0 0 1 1]
 [1 1 1 1 1 1 1 1 1 1 1 1 1 1 1]
 [1 1 0 1 1 1 1 1 1 1 1 1 1 1 1]
 [1 1 1 1 1 1 0 1 1 1 1 1 1 1 1]
 [1 1 0 1 1 0 1 1 1 1 1 1 1 1 1]
 [1 1 1 0 1 0 1 1 1 1 1 1 1 1 1]
 [1 1 1 1 1 1 1 1 1 1 1 1 0 1 1]
 [1 1 1 1 1 0 1 1 1 1 1 1 1 1 1]
 [1 1 1 1 1 1 1 1 1 1 1 1 1 1 1]
 [1 1 1 1 1 1 1 1 1 1 1 1 1 1 1]
 [0 1 1 1 1 1 1 1 1 1 1 1 1 1 0]
 [1 1 1 1 1 0 1 1 1 0 1 1 1 1 1]
 [1 1 1 1 1 1 1 1 1 1 1 1 1 1 0]
 [1 1 1 1 0 1 1 1 1 1 1 1 1 1 1]
 [1 1 1 1 1 1 1 1 1 1 0 1 1 1 1]]
Q is not identifiable (three-column submatrix not identifiable).
Q is not identifiable, and Q_bar is [[1 1 0 1 1 1 1 1 1 1 1 1 1 0 1]
 [1 1 1 1 1 1 1 1 1 1 0 1 1 1 1]
 [1 1 1 1 1 1 1 1 1 1 1 1 1 1 0]
 [1 1 1 1 1 1 1 1 0 1 1 1 1 1 1]
 [1 1 1 1 1 0 1 1 1 0 1 1 1 1 1]
 [1 0 1 1 1 1 1 1 1 1 1 1 1 1 1]
 [1 0 1 1 0 0 1 1 1 0 1 1 1 0 1]
 [1 1 1 1 1 1 1 1 1 1 1 1 1 0 0]
 [1 0 1 1 1 1 1 1 1 1 1 1 1 1 1]
 [1 0 1 1 1 1 1 1 1 1 1 1 1 1 1]
 [1 0 1 1 1 1 1 1 1 1 1 1 1 1 1]
 [1 1 1 1 1 1 1 0 1 1 1 1 1 0 1]
 [1 1 1 1 0 1 1 1 1 1 1 1 1 1 1]
 [1 0 1 1 1 1 1 1 1 1 1 1 1 1 1]
 [1 0 1 1 1 1 1 1 1 1 1 1 1 1 1]
 [1 1 1 1 1 1 1 1 1 1 0 0 1 0 1]
 [1 1 1 1 1 1 1 0 1 1 1 1 1 1 0]
 [1 0 1 1 1 1 1 1 1 1 1 1 1 1 1]
 [1 0 1 1 1 1 1 1 1 1 1 1 1 1 1]
 [1 0 0 0 1 1 1 0 1 1 1 1 1 1 1]
 [1 0 1 1 1 1 1 1 1 1 1 1 1 1 1]
 [1 1 1 1 1 1 1 1 1 1 1 1 1 1 1]
 [1 0 1 1 1 1 1 1 1 1 1 1 1 1 1]
 [1 0 1 1 1 1 1 1 1 1 1 1 1 1 1]
 [1 0 1 1 1 1 1 1 1 1 1 0 1 1 1]
 [1 1 1 1 1 1 1 1 1 0 1 1 1 1 1]
 [1 1 1 1 0 1 0 0 1 0 0 1 1 1 1]
 [1 1 1 1 1 1 1 1 1 1 1 1 1 1 1]
 [1 0 1 1 1 1 1 1 1 1 1 1 1 1 1]
 [1 1 1 1 1 1 1 1 1 1 1 1 0 1 0]
 [1 0 1 1 1 1 1 0 1 1 1 0 1 1 1]
 [1 0 1 1 1 1 1 1 1 1 1 1 1 1 1]
 [1 0 1 1 1 1 1 1 1 0 1 1 0 1 1]
 [1 0 1 1 1 1 1 1 1 1 1 1 1 1 1]
 [1 0 1 1 1 1 1 1 1 1 1 1 1 1 1]
 [1 1 1 1 1 0 1 1 1 1 1 0 0 1 1]
 [1 0 1 1 1 1 1 1 1 1 1 1 1 1 1]
 [1 1 0 1 1 1 1 1 1 1 1 1 1 1 1]
 [1 1 1 1 1 1 0 1 1 1 1 1 1 1 1]
 [1 1 0 1 1 0 1 1 1 1 1 1 1 1 1]
 [1 1 1 0 1 0 1 1 1 1 1 1 1 1 1]
 [1 1 1 1 1 1 1 1 1 1 1 1 0 1 1]
 [1 1 1 1 1 0 1 1 1 1 1 1 1 1 1]
 [1 0 1 1 1 1 1 1 1 1 1 1 1 1 1]
 [1 0 1 1 1 1 1 1 1 1 1 1 1 1 1]
 [0 1 1 1 1 1 1 1 1 1 1 1 1 1 0]
 [1 1 1 1 1 0 1 1 1 0 1 1 1 1 1]
 [1 1 1 1 1 1 1 1 1 1 1 1 1 1 0]
 [1 1 1 1 0 1 1 1 1 1 1 1 1 1 1]
 [1 1 1 1 1 1 1 1 1 1 0 1 1 1 1]]
branch at 3
runtime for solving id of Q is 0.004148036241531372
Simulation results:
{'J': 50, 'K': 15, 'N': 10, 'p': 0.9, 'seed': 52, 'sim': 8, 'runtime': 0.004148036241531372, 'identifiable': 0, 'branch': 3}
9
Q: [[1 1 1 1 1 1 0 0 1 1 1 1 1 1 1]
 [0 1 1 1 1 0 1 1 1 1 1 1 1 0 1]
 [1 1 1 1 1 1 1 0 0 1 1 1 1 1 1]
 [1 1 1 1 1 1 0 1 1 1 1 1 1 0 1]
 [1 1 1 1 1 1 1 1 1 1 0 1 1 1 1]
 [1 1 1 1 1 1 1 0 1 0 1 1 1 1 0]
 [1 1 1 1 1 1 1 1 1 1 1 1 1 1 1]
 [1 1 1 1 1 1 1 0 1 0 1 1 0 0 1]
 [1 1 1 1 1 0 0 1 1 1 1 1 1 1 1]
 [1 1 1 1 1 1 1 1 1 1 1 1 1 1 1]
 [1 1 1 0 1 1 1 1 1 1 1 1 1 1 0]
 [1 1 0 1 1 1 1 1 1 1 1 1 1 1 1]
 [1 0 1 1 1 1 1 1 1 0 1 1 1 0 1]
 [1 1 1 1 1 1 1 1 1 1 1 1 0 1 1]
 [1 1 1 1 1 1 1 1 1 1 1 1 1 1 1]
 [1 1 1 1 0 1 1 1 1 1 1 0 1 1 1]
 [1 1 1 1 1 1 1 1 1 1 1 0 1 1 1]
 [1 1 1 1 1 1 1 1 1 1 1 1 1 1 1]
 [1 1 1 1 1 1 0 0 1 1 1 0 1 1 1]
 [1 1 1 1 0 1 1 1 1 1 1 1 1 1 1]
 [1 1 0 1 1 1 1 1 1 1 1 1 1 1 1]
 [1 1 1 1 1 1 1 1 1 1 1 1 1 1 1]
 [1 1 1 1 0 0 1 1 1 0 1 1 1 1 1]
 [1 1 1 0 1 1 0 1 1 1 1 1 1 1 1]
 [1 1 1 1 1 1 1 0 1 0 1 1 1 0 1]
 [1 1 1 1 1 0 1 1 1 1 1 0 1 1 0]
 [1 1 1 1 1 1 1 1 0 1 1 1 0 1 1]
 [1 1 1 1 1 1 1 1 1 1 1 1 1 1 1]
 [1 1 1 1 1 1 1 1 1 1 1 0 1 0 1]
 [1 1 1 1 1 1 1 1 1 1 1 1 0 1 0]
 [1 1 1 1 1 1 1 1 1 1 1 1 0 1 1]
 [1 1 1 1 1 1 1 1 1 1 1 1 1 1 1]
 [0 1 1 0 1 1 1 1 1 1 1 1 1 1 1]
 [1 1 0 1 1 1 1 1 0 1 1 1 0 1 1]
 [1 1 1 1 1 1 1 1 1 1 1 1 1 1 1]
 [1 1 1 1 0 1 1 1 1 1 1 1 1 1 1]
 [1 1 1 1 1 1 0 1 1 1 1 1 1 1 0]
 [1 0 0 0 1 1 0 1 1 1 1 1 1 1 1]
 [1 1 1 1 1 1 1 1 0 1 1 1 1 1 1]
 [1 1 1 1 1 1 1 1 0 1 1 1 1 1 1]
 [1 1 0 1 1 1 1 1 1 1 1 0 0 1 1]
 [1 1 1 1 1 1 1 1 1 1 1 1 1 1 1]
 [0 1 1 1 1 1 0 1 1 1 1 1 1 1 1]
 [1 1 1 1 1 1 1 0 1 1 1 1 1 1 1]
 [1 1 1 0 0 1 1 1 1 1 1 1 1 1 1]
 [1 1 1 0 1 1 1 1 0 1 1 0 1 1 1]
 [1 1 0 1 1 1 1 1 1 1 1 1 1 1 1]
 [1 1 1 0 0 0 1 1 1 1 1 1 1 1 1]
 [1 1 1 1 1 0 1 1 1 1 1 1 1 1 1]
 [1 1 1 1 1 1 1 0 1 0 1 1 1 1 1]]
Q is not identifiable (three-column submatrix not identifiable).
Q is not identifiable, and Q_bar is [[1 1 1 1 1 1 0 0 1 1 1 1 1 1 1]
 [0 1 1 1 1 0 1 1 1 1 1 1 1 0 1]
 [1 1 1 1 1 1 1 0 0 1 1 1 1 1 1]
 [1 1 1 1 1 1 0 1 1 1 1 1 1 0 1]
 [1 1 1 1 1 1 1 1 1 1 0 1 1 1 1]
 [1 1 1 1 1 1 1 0 1 0 1 1 1 1 0]
 [1 1 1 1 1 1 1 1 1 1 1 1 1 1 1]
 [1 1 1 1 1 1 1 0 1 0 1 1 0 0 1]
 [1 1 1 1 1 0 0 1 1 1 1 1 1 1 1]
 [1 1 1 1 1 1 1 1 1 1 1 1 1 1 1]
 [1 1 1 0 1 1 1 1 1 1 1 1 1 1 0]
 [1 1 0 1 1 1 1 1 1 1 1 1 1 1 1]
 [1 0 1 1 1 1 1 1 1 0 1 1 1 0 1]
 [1 1 1 1 1 1 1 1 1 1 1 1 0 1 1]
 [1 1 1 1 1 1 1 1 1 1 1 1 1 1 1]
 [1 1 1 1 0 1 1 1 1 1 1 0 1 1 1]
 [1 1 1 1 1 1 1 1 1 1 1 0 1 1 1]
 [1 1 1 1 1 1 1 1 1 1 1 1 1 1 1]
 [1 1 1 1 1 1 0 0 1 1 1 0 1 1 1]
 [1 1 1 1 0 1 1 1 1 1 1 1 1 1 1]
 [1 1 0 1 1 1 1 1 1 1 1 1 1 1 1]
 [1 1 1 1 1 1 1 1 1 1 1 1 1 1 1]
 [1 1 1 1 0 0 1 1 1 0 1 1 1 1 1]
 [1 1 1 0 1 1 0 1 1 1 1 1 1 1 1]
 [1 1 1 1 1 1 1 0 1 0 1 1 1 0 1]
 [1 1 1 1 1 0 1 1 1 1 1 0 1 1 0]
 [1 1 1 1 1 1 1 1 0 1 1 1 0 1 1]
 [1 1 1 1 1 1 1 1 1 1 1 1 1 1 1]
 [1 1 1 1 1 1 1 1 1 1 1 0 1 0 1]
 [1 1 1 1 1 1 1 1 1 1 1 1 0 1 0]
 [1 1 1 1 1 1 1 1 1 1 1 1 0 1 1]
 [1 1 1 1 1 1 1 1 1 1 1 1 1 1 1]
 [1 0 1 0 0 1 1 1 1 1 1 1 1 1 1]
 [1 1 0 1 1 1 1 1 0 1 1 1 0 1 1]
 [1 1 1 1 1 1 1 1 1 1 1 1 1 1 1]
 [1 1 1 1 0 1 1 1 1 1 1 1 1 1 1]
 [1 1 1 1 1 1 0 1 1 1 1 1 1 1 0]
 [1 0 0 0 1 1 0 1 1 1 1 1 1 1 1]
 [1 1 1 1 1 1 1 1 0 1 1 1 1 1 1]
 [1 1 1 1 1 1 1 1 0 1 1 1 1 1 1]
 [1 1 0 1 1 1 1 1 1 1 1 0 0 1 1]
 [1 1 1 1 1 1 1 1 1 1 1 1 1 1 1]
 [0 1 1 1 1 1 0 1 1 1 1 1 1 1 1]
 [1 1 1 1 1 1 1 0 1 1 1 1 1 1 1]
 [1 1 1 0 0 1 1 1 1 1 1 1 1 1 1]
 [1 1 1 0 1 1 1 1 0 1 1 0 1 1 1]
 [1 1 0 1 1 1 1 1 1 1 1 1 1 1 1]
 [1 1 1 0 0 0 1 1 1 1 1 1 1 1 1]
 [1 1 1 1 1 0 1 1 1 1 1 1 1 1 1]
 [1 1 1 1 1 1 1 0 1 0 1 1 1 1 1]]
branch at 3
runtime for solving id of Q is 0.005294498056173325
Simulation results:
{'J': 50, 'K': 15, 'N': 10, 'p': 0.9, 'seed': 52, 'sim': 9, 'runtime': 0.005294498056173325, 'identifiable': 0, 'branch': 3}
Simulation results:
[{'J': 50, 'K': 15, 'N': 10, 'p': 0.9, 'seed': 52, 'sim': 0, 'runtime': 0.004530881065875292, 'identifiable': 0, 'branch': 3}, {'J': 50, 'K': 15, 'N': 10, 'p': 0.9, 'seed': 52, 'sim': 1, 'runtime': 0.0024423650465905666, 'identifiable': 0, 'branch': 2}, {'J': 50, 'K': 15, 'N': 10, 'p': 0.9, 'seed': 52, 'sim': 2, 'runtime': 0.0024709701538085938, 'identifiable': 0, 'branch': 2}, {'J': 50, 'K': 15, 'N': 10, 'p': 0.9, 'seed': 52, 'sim': 3, 'runtime': 0.002293140161782503, 'identifiable': 0, 'branch': 1}, {'J': 50, 'K': 15, 'N': 10, 'p': 0.9, 'seed': 52, 'sim': 4, 'runtime': 0.002829303964972496, 'identifiable': 0, 'branch': 2}, {'J': 50, 'K': 15, 'N': 10, 'p': 0.9, 'seed': 52, 'sim': 5, 'runtime': 0.00455615995451808, 'identifiable': 0, 'branch': 3}, {'J': 50, 'K': 15, 'N': 10, 'p': 0.9, 'seed': 52, 'sim': 6, 'runtime': 0.0045335181057453156, 'identifiable': 0, 'branch': 3}, {'J': 50, 'K': 15, 'N': 10, 'p': 0.9, 'seed': 52, 'sim': 7, 'runtime': 0.0050237528048455715, 'identifiable': 0, 'branch': 3}, {'J': 50, 'K': 15, 'N': 10, 'p': 0.9, 'seed': 52, 'sim': 8, 'runtime': 0.004148036241531372, 'identifiable': 0, 'branch': 3}, {'J': 50, 'K': 15, 'N': 10, 'p': 0.9, 'seed': 52, 'sim': 9, 'runtime': 0.005294498056173325, 'identifiable': 0, 'branch': 3}]
