
The Gurobi software has a limited number of licenses. To request a license or
licenses, add this line

    #SBATCH --licenses=gurobi@slurmdb:1

to your SBATCH script, replacing N with the number of licenses you need. Gurobi
will need one license per process.


0
Q: [[1 1 1 1 1 0 1 1 1 1]
 [1 1 1 0 0 1 1 1 1 1]
 [1 1 0 1 1 1 1 1 1 0]
 [0 1 1 1 0 1 1 1 1 1]
 [1 1 1 1 0 1 1 1 0 1]
 [1 1 1 1 1 1 1 1 1 1]
 [1 1 1 1 0 1 1 0 0 1]
 [1 0 1 1 1 0 1 1 1 1]
 [1 1 1 1 1 1 1 1 1 1]
 [1 1 1 1 1 1 1 1 0 1]
 [1 1 1 1 1 1 0 1 1 0]
 [1 1 1 1 1 1 1 1 1 0]
 [1 1 1 1 1 1 1 1 0 1]
 [1 1 1 1 1 1 0 1 1 1]
 [1 1 1 1 1 1 1 1 1 0]
 [1 1 1 1 1 0 1 0 1 0]
 [1 1 1 1 1 1 1 1 1 1]
 [1 1 1 1 1 1 1 1 1 1]
 [1 1 1 1 1 1 1 1 0 0]
 [1 1 1 1 1 1 1 1 1 0]
 [0 1 1 1 1 1 1 1 1 1]
 [1 1 1 1 1 1 1 1 1 1]
 [1 0 1 0 1 1 1 1 1 1]
 [1 1 1 1 1 1 1 0 1 1]
 [1 1 1 1 1 1 1 1 1 1]
 [1 1 1 0 0 1 1 1 1 1]
 [1 1 1 1 1 1 1 0 1 1]
 [1 1 1 1 1 1 1 1 1 1]
 [1 1 1 1 1 1 1 1 1 1]
 [1 1 1 1 1 1 1 1 1 1]
 [1 1 1 1 0 1 1 1 1 1]
 [1 1 1 1 1 1 1 1 0 1]
 [1 1 0 1 1 1 1 1 1 1]
 [1 1 1 1 1 1 1 0 1 1]
 [1 1 0 1 1 1 1 1 1 1]
 [1 1 1 1 1 1 1 1 1 1]
 [1 1 1 1 1 1 1 0 1 1]
 [1 1 1 1 1 1 1 1 1 1]
 [1 1 1 1 1 1 0 0 1 1]
 [0 1 1 1 1 1 1 1 1 1]
 [1 0 1 1 1 1 1 1 1 1]
 [1 1 1 1 1 1 1 1 1 1]
 [0 1 1 1 0 1 1 1 1 1]
 [1 1 1 1 1 1 1 1 1 1]
 [1 1 1 1 1 1 1 1 1 1]
 [1 1 1 1 1 1 1 1 1 1]
 [1 1 1 1 1 1 1 1 0 1]
 [1 1 1 1 1 1 1 1 1 1]
 [1 1 0 1 1 1 1 1 1 1]
 [1 1 1 0 0 1 1 1 1 1]]
Q is not identifiable (three-column submatrix not identifiable).
Q is not identifiable, and Q_bar is [[1 1 1 1 1 0 1 1 1 1]
 [1 1 1 0 0 1 1 1 1 1]
 [1 1 0 1 1 1 1 1 1 0]
 [1 0 0 1 0 1 1 1 1 1]
 [1 1 1 1 0 1 1 1 0 1]
 [1 0 1 1 1 1 1 1 1 1]
 [1 1 1 1 0 1 1 0 0 1]
 [1 0 1 1 1 0 1 1 1 1]
 [1 0 1 1 1 1 1 1 1 1]
 [1 1 1 1 1 1 1 1 0 1]
 [1 1 1 1 1 1 0 1 1 0]
 [1 1 1 1 1 1 1 1 1 0]
 [1 1 1 1 1 1 1 1 0 1]
 [1 1 1 1 1 1 0 1 1 1]
 [1 1 1 1 1 1 1 1 1 0]
 [1 1 1 1 1 0 1 0 1 0]
 [1 0 1 1 1 1 1 1 1 1]
 [1 0 1 1 1 1 1 1 1 1]
 [1 1 1 1 1 1 1 1 0 0]
 [1 1 1 1 1 1 1 1 1 0]
 [0 1 1 1 1 1 1 1 1 1]
 [1 0 1 1 1 1 1 1 1 1]
 [1 0 1 0 1 1 1 1 1 1]
 [1 1 1 1 1 1 1 0 1 1]
 [1 0 1 1 1 1 1 1 1 1]
 [1 1 1 0 0 1 1 1 1 1]
 [1 1 1 1 1 1 1 0 1 1]
 [1 0 1 1 1 1 1 1 1 1]
 [1 0 1 1 1 1 1 1 1 1]
 [1 0 1 1 1 1 1 1 1 1]
 [1 1 1 1 0 1 1 1 1 1]
 [1 1 1 1 1 1 1 1 0 1]
 [1 1 0 1 1 1 1 1 1 1]
 [1 1 1 1 1 1 1 0 1 1]
 [1 1 0 1 1 1 1 1 1 1]
 [1 0 1 1 1 1 1 1 1 1]
 [1 1 1 1 1 1 1 0 1 1]
 [1 0 1 1 1 1 1 1 1 1]
 [1 1 1 1 1 1 0 0 1 1]
 [0 1 1 1 1 1 1 1 1 1]
 [1 0 1 1 1 1 1 1 1 1]
 [1 0 1 1 1 1 1 1 1 1]
 [1 0 0 1 0 1 1 1 1 1]
 [1 0 1 1 1 1 1 1 1 1]
 [1 0 1 1 1 1 1 1 1 1]
 [1 0 1 1 1 1 1 1 1 1]
 [1 1 1 1 1 1 1 1 0 1]
 [1 0 1 1 1 1 1 1 1 1]
 [1 1 0 1 1 1 1 1 1 1]
 [1 1 1 0 0 1 1 1 1 1]]
branch at 3
runtime for solving id of Q is 0.002093738876283169
Simulation results:
{'J': 50, 'K': 10, 'N': 10, 'p': 0.9, 'seed': 50, 'sim': 0, 'runtime': 0.002093738876283169, 'identifiable': 0, 'branch': 3}
1
Q: [[1 0 1 0 1 1 1 1 1 0]
 [0 1 1 1 1 1 1 1 1 1]
 [1 1 0 1 1 1 1 1 1 1]
 [1 1 1 1 1 1 1 1 1 1]
 [0 0 1 0 1 1 1 1 0 1]
 [1 1 1 1 1 1 1 1 1 1]
 [1 1 1 1 1 1 1 1 1 1]
 [1 1 1 1 1 1 1 0 0 1]
 [1 1 1 1 1 1 1 1 1 1]
 [1 0 1 1 1 1 1 1 1 1]
 [1 1 1 1 1 0 1 1 0 1]
 [1 1 1 0 1 1 1 1 1 1]
 [1 1 0 1 1 1 1 1 1 1]
 [1 1 1 1 1 1 1 1 1 1]
 [1 1 1 0 1 1 1 1 1 1]
 [0 1 1 0 1 1 1 1 1 1]
 [1 1 1 1 1 1 1 1 1 1]
 [0 1 1 1 1 0 1 1 1 1]
 [1 1 0 1 1 1 1 1 1 1]
 [1 1 1 1 1 0 1 1 1 1]
 [1 1 1 1 1 1 1 1 1 1]
 [1 1 1 1 0 1 1 0 1 1]
 [1 1 1 1 1 0 1 1 1 1]
 [1 1 1 1 1 1 1 0 1 1]
 [1 1 1 1 1 1 0 1 1 1]
 [1 1 1 1 1 1 1 1 1 1]
 [1 1 1 1 1 1 1 1 1 1]
 [1 0 1 1 1 0 1 1 1 1]
 [1 0 1 1 1 1 1 1 1 1]
 [1 1 1 1 0 1 1 1 1 1]
 [1 1 1 1 1 1 1 1 1 1]
 [1 1 1 1 1 1 1 1 1 1]
 [1 1 1 1 1 1 1 1 1 1]
 [1 1 1 1 1 1 1 1 0 1]
 [1 0 1 1 0 1 1 0 1 0]
 [1 1 1 1 1 1 0 1 1 1]
 [0 1 1 1 1 1 1 1 1 1]
 [1 1 1 1 0 1 1 1 1 0]
 [1 1 1 1 1 1 1 1 1 1]
 [1 1 1 1 1 1 0 1 1 1]
 [1 1 1 0 1 1 1 1 1 1]
 [1 1 1 1 0 0 1 0 1 1]
 [1 1 1 1 1 1 1 1 1 1]
 [1 1 1 1 1 1 1 1 1 1]
 [0 1 1 1 1 1 1 1 1 1]
 [1 1 1 1 1 1 0 1 0 1]
 [1 1 1 1 1 1 1 1 1 0]
 [1 1 1 1 1 1 1 1 1 1]
 [1 0 1 1 1 1 1 1 1 1]
 [1 1 1 1 1 0 1 1 0 1]]
Q is not identifiable (three-column submatrix not identifiable).
Q is not identifiable, and Q_bar is [[1 0 1 0 1 1 1 1 1 0]
 [1 1 1 1 1 1 1 1 1 1]
 [1 1 0 1 1 1 1 1 1 1]
 [1 1 1 1 1 1 1 1 1 1]
 [1 0 1 0 1 1 1 1 0 1]
 [1 1 1 1 1 1 1 1 1 1]
 [1 1 1 1 1 1 1 1 1 1]
 [1 1 1 1 1 1 1 0 0 1]
 [1 1 1 1 1 1 1 1 1 1]
 [1 0 1 1 1 1 1 1 1 1]
 [1 1 1 1 1 0 1 1 0 1]
 [1 1 1 0 1 1 1 1 1 1]
 [1 1 0 1 1 1 1 1 1 1]
 [1 1 1 1 1 1 1 1 1 1]
 [1 1 1 0 1 1 1 1 1 1]
 [0 1 1 0 1 1 1 1 1 1]
 [1 1 1 1 1 1 1 1 1 1]
 [0 1 1 1 1 0 1 1 1 1]
 [1 1 0 1 1 1 1 1 1 1]
 [1 1 1 1 1 0 1 1 1 1]
 [1 1 1 1 1 1 1 1 1 1]
 [1 1 1 1 0 1 1 0 1 1]
 [1 1 1 1 1 0 1 1 1 1]
 [1 1 1 1 1 1 1 0 1 1]
 [1 1 1 1 1 1 0 1 1 1]
 [1 1 1 1 1 1 1 1 1 1]
 [1 1 1 1 1 1 1 1 1 1]
 [1 0 1 1 1 0 1 1 1 1]
 [1 0 1 1 1 1 1 1 1 1]
 [1 1 1 1 0 1 1 1 1 1]
 [1 1 1 1 1 1 1 1 1 1]
 [1 1 1 1 1 1 1 1 1 1]
 [1 1 1 1 1 1 1 1 1 1]
 [1 1 1 1 1 1 1 1 0 1]
 [1 0 1 1 0 1 1 0 1 0]
 [1 1 1 1 1 1 0 1 1 1]
 [1 1 1 1 1 1 1 1 1 1]
 [1 1 1 1 0 1 1 1 1 0]
 [1 1 1 1 1 1 1 1 1 1]
 [1 1 1 1 1 1 0 1 1 1]
 [1 1 1 0 1 1 1 1 1 1]
 [1 1 1 1 0 0 1 0 1 1]
 [1 1 1 1 1 1 1 1 1 1]
 [1 1 1 1 1 1 1 1 1 1]
 [1 1 1 1 1 1 1 1 1 1]
 [1 1 1 1 1 1 0 1 0 1]
 [1 1 1 1 1 1 1 1 1 0]
 [1 1 1 1 1 1 1 1 1 1]
 [1 0 1 1 1 1 1 1 1 1]
 [1 1 1 1 1 0 1 1 0 1]]
branch at 3
runtime for solving id of Q is 0.0019427030347287655
Simulation results:
{'J': 50, 'K': 10, 'N': 10, 'p': 0.9, 'seed': 50, 'sim': 1, 'runtime': 0.0019427030347287655, 'identifiable': 0, 'branch': 3}
2
Q: [[1 1 1 1 1 1 1 1 1 1]
 [1 1 1 0 1 1 1 1 1 0]
 [1 1 1 1 1 1 1 1 1 0]
 [1 1 1 1 1 1 1 1 1 1]
 [1 1 1 1 1 1 1 1 1 1]
 [1 1 1 1 1 1 1 1 1 0]
 [1 1 1 1 1 1 1 1 1 1]
 [1 1 1 1 1 1 1 1 1 1]
 [0 1 1 1 1 1 0 0 1 1]
 [1 1 1 1 1 1 1 1 1 1]
 [1 1 1 1 1 1 1 1 1 1]
 [1 1 1 1 1 1 1 0 1 1]
 [1 1 1 1 1 1 1 1 1 1]
 [1 1 1 1 1 1 0 1 1 1]
 [1 1 1 1 1 1 1 0 1 1]
 [1 0 0 0 1 1 0 1 1 1]
 [1 1 1 1 1 1 1 1 1 1]
 [1 1 1 1 1 1 0 1 1 1]
 [1 1 1 1 1 1 0 0 1 1]
 [0 1 1 1 1 1 1 1 1 0]
 [1 1 1 1 0 1 1 1 1 1]
 [1 1 1 1 1 1 0 1 1 1]
 [1 1 1 1 1 1 1 1 1 1]
 [0 1 1 1 1 1 1 1 1 1]
 [1 1 0 0 1 1 1 1 1 1]
 [0 0 0 1 1 1 1 1 1 1]
 [1 1 1 0 1 1 1 1 1 1]
 [1 1 1 1 0 1 0 1 1 1]
 [1 1 1 1 1 1 1 1 1 1]
 [1 1 1 0 1 1 1 1 1 1]
 [1 1 1 1 0 0 1 1 1 1]
 [1 1 1 1 1 1 1 1 1 1]
 [1 1 1 1 0 1 1 1 1 1]
 [1 1 1 1 1 1 1 0 0 1]
 [1 1 0 1 0 1 1 1 1 0]
 [0 1 1 1 1 1 1 1 1 1]
 [1 0 1 1 1 1 0 0 1 1]
 [1 1 1 1 1 1 1 1 1 1]
 [1 1 1 1 1 0 1 1 1 1]
 [1 0 1 1 0 1 1 0 1 1]
 [1 1 1 0 1 1 1 1 1 1]
 [1 1 1 1 1 1 1 1 1 1]
 [1 1 1 1 1 1 1 0 1 1]
 [1 1 0 1 1 1 1 1 1 1]
 [1 0 1 0 1 1 1 1 1 1]
 [1 1 1 0 1 1 1 1 1 1]
 [1 1 1 1 1 1 1 1 1 1]
 [1 1 1 1 1 0 1 1 1 1]
 [1 0 1 1 0 1 1 1 1 1]
 [1 1 0 1 1 0 0 1 0 1]]
Q is not identifiable (three-column submatrix not identifiable).
Q is not identifiable, and Q_bar is [[1 1 1 1 1 1 1 1 1 1]
 [1 1 1 0 1 1 1 1 1 0]
 [1 1 1 1 1 1 1 1 1 0]
 [1 1 1 1 1 1 1 1 1 1]
 [1 1 1 1 1 1 1 1 1 1]
 [1 1 1 1 1 1 1 1 1 0]
 [1 1 1 1 1 1 1 1 1 1]
 [1 1 1 1 1 1 1 1 1 1]
 [0 1 1 1 1 1 0 0 1 1]
 [1 1 1 1 1 1 1 1 1 1]
 [1 1 1 1 1 1 1 1 1 1]
 [1 1 1 1 1 1 1 0 1 1]
 [1 1 1 1 1 1 1 1 1 1]
 [1 1 1 1 1 1 0 1 1 1]
 [1 1 1 1 1 1 1 0 1 1]
 [1 0 0 0 1 1 0 1 1 1]
 [1 1 1 1 1 1 1 1 1 1]
 [1 1 1 1 1 1 0 1 1 1]
 [1 1 1 1 1 1 0 0 1 1]
 [0 1 1 1 1 1 1 1 1 0]
 [1 1 1 1 0 1 1 1 1 1]
 [1 1 1 1 1 1 0 1 1 1]
 [1 1 1 1 1 1 1 1 1 1]
 [1 1 1 1 1 1 1 1 1 1]
 [1 1 0 0 1 1 1 1 1 1]
 [1 0 0 0 0 1 1 1 1 1]
 [1 1 1 0 1 1 1 1 1 1]
 [1 1 1 1 0 1 0 1 1 1]
 [1 1 1 1 1 1 1 1 1 1]
 [1 1 1 0 1 1 1 1 1 1]
 [1 1 1 1 0 0 1 1 1 1]
 [1 1 1 1 1 1 1 1 1 1]
 [1 1 1 1 0 1 1 1 1 1]
 [1 1 1 1 1 1 1 0 0 1]
 [1 1 0 1 0 1 1 1 1 0]
 [1 1 1 1 1 1 1 1 1 1]
 [1 0 1 1 1 1 0 0 1 1]
 [1 1 1 1 1 1 1 1 1 1]
 [1 1 1 1 1 0 1 1 1 1]
 [1 0 1 1 0 1 1 0 1 1]
 [1 1 1 0 1 1 1 1 1 1]
 [1 1 1 1 1 1 1 1 1 1]
 [1 1 1 1 1 1 1 0 1 1]
 [1 1 0 0 1 1 1 1 1 1]
 [1 0 1 0 1 1 1 1 1 1]
 [1 1 1 0 1 1 1 1 1 1]
 [1 1 1 1 1 1 1 1 1 1]
 [1 1 1 1 1 0 1 1 1 1]
 [1 0 1 1 0 1 1 1 1 1]
 [1 1 0 1 1 0 0 1 0 1]]
branch at 3
runtime for solving id of Q is 0.002159825060516596
Simulation results:
{'J': 50, 'K': 10, 'N': 10, 'p': 0.9, 'seed': 50, 'sim': 2, 'runtime': 0.002159825060516596, 'identifiable': 0, 'branch': 3}
3
Q: [[1 1 0 1 1 1 1 1 0 0]
 [1 1 1 0 1 1 1 1 1 0]
 [1 1 1 1 1 1 1 0 1 1]
 [1 0 1 1 1 1 1 1 1 1]
 [1 0 1 0 0 1 1 1 1 1]
 [1 1 1 1 1 0 0 1 1 1]
 [0 0 1 1 1 1 1 1 0 1]
 [1 1 1 1 1 1 0 1 1 1]
 [0 1 1 1 1 1 1 1 1 1]
 [1 1 1 1 1 1 1 1 1 1]
 [0 0 1 1 1 1 1 0 1 1]
 [1 1 1 0 1 1 1 1 1 1]
 [1 0 1 1 1 1 1 1 1 1]
 [1 1 0 1 1 1 1 1 1 1]
 [1 1 1 1 1 1 1 1 1 1]
 [0 1 1 1 1 1 1 1 0 0]
 [1 1 1 0 1 1 1 1 1 1]
 [0 1 1 0 1 1 1 1 1 1]
 [1 1 1 1 1 1 1 1 1 1]
 [1 1 1 1 1 1 1 1 1 1]
 [1 1 1 1 1 1 1 1 1 1]
 [0 1 1 0 1 0 1 1 1 1]
 [1 1 1 1 1 1 1 0 1 0]
 [1 1 0 1 1 0 1 1 1 0]
 [1 1 1 1 1 0 0 1 1 1]
 [1 1 0 1 0 1 1 1 1 1]
 [0 1 1 0 1 1 1 1 1 1]
 [1 1 1 1 1 1 1 0 1 1]
 [1 1 1 1 1 1 1 1 1 1]
 [1 1 0 1 1 1 1 1 1 1]
 [1 1 1 1 1 1 1 1 1 1]
 [1 1 1 1 1 1 1 1 1 1]
 [1 1 1 1 1 1 0 1 1 1]
 [1 1 1 1 1 1 1 1 1 1]
 [1 1 1 1 1 1 1 1 1 1]
 [1 1 1 1 1 1 0 1 1 1]
 [1 1 1 1 1 1 1 1 1 1]
 [1 1 1 1 1 1 1 1 1 1]
 [1 1 1 1 1 1 1 1 1 1]
 [1 1 1 1 1 1 1 1 1 1]
 [0 1 1 1 1 1 1 1 1 1]
 [1 1 1 1 1 1 1 1 1 1]
 [1 1 1 1 1 1 1 1 1 0]
 [0 1 1 1 1 1 1 1 1 1]
 [1 1 1 1 1 1 1 0 1 1]
 [0 1 1 0 1 1 1 1 0 1]
 [1 0 1 1 1 1 1 1 1 1]
 [1 1 1 1 1 1 1 1 1 1]
 [1 0 1 1 1 1 1 1 1 1]
 [0 1 1 1 1 0 1 1 1 1]]
Q is not identifiable (three-column submatrix not identifiable).
Q is not identifiable, and Q_bar is [[1 1 0 1 1 1 1 1 0 0]
 [1 1 1 0 1 1 1 1 1 0]
 [1 1 1 1 1 1 1 0 1 1]
 [1 0 1 1 1 1 1 1 1 1]
 [1 0 1 0 0 1 1 1 1 1]
 [1 1 1 1 1 0 0 1 1 1]
 [0 0 1 1 1 1 1 1 0 1]
 [1 1 1 1 1 1 0 1 1 1]
 [1 1 1 1 1 1 1 1 1 1]
 [1 1 1 1 1 1 1 1 1 1]
 [1 0 0 1 1 1 0 0 1 1]
 [1 1 1 0 1 1 1 1 1 1]
 [1 0 1 1 1 1 1 1 1 1]
 [1 1 0 1 1 1 1 1 1 1]
 [1 1 1 1 1 1 1 1 1 1]
 [0 1 1 1 1 1 1 1 0 0]
 [1 1 1 0 1 1 1 1 1 1]
 [0 1 1 0 1 1 1 1 1 1]
 [1 1 1 1 1 1 1 1 1 1]
 [1 1 1 1 1 1 1 1 1 1]
 [1 1 1 1 1 1 1 1 1 1]
 [0 1 1 0 1 0 1 1 1 1]
 [1 1 1 1 1 1 1 0 1 0]
 [1 1 0 1 1 0 1 1 1 0]
 [1 1 1 1 1 0 0 1 1 1]
 [1 1 0 1 0 1 1 1 1 1]
 [0 1 1 0 1 1 1 1 1 1]
 [1 1 1 1 1 1 1 0 1 1]
 [1 1 1 1 1 1 1 1 1 1]
 [1 1 0 1 1 1 1 1 1 1]
 [1 1 1 1 1 1 1 1 1 1]
 [1 1 1 1 1 1 1 1 1 1]
 [1 1 1 1 1 1 0 1 1 1]
 [1 1 1 1 1 1 1 1 1 1]
 [1 1 1 1 1 1 1 1 1 1]
 [1 1 1 1 1 1 0 1 1 1]
 [1 1 1 1 1 1 1 1 1 1]
 [1 1 1 1 1 1 1 1 1 1]
 [1 1 1 1 1 1 1 1 1 1]
 [1 1 1 1 1 1 1 1 1 1]
 [1 1 1 1 1 1 1 1 1 1]
 [1 1 1 1 1 1 1 1 1 1]
 [1 1 1 1 1 1 1 1 1 0]
 [1 1 1 1 1 1 1 1 1 1]
 [1 1 1 1 1 1 1 0 1 1]
 [0 1 1 0 1 1 1 1 0 1]
 [1 0 1 1 1 1 1 1 1 1]
 [1 1 1 1 1 1 1 1 1 1]
 [1 0 1 1 1 1 1 1 1 1]
 [0 1 1 1 1 0 1 1 1 1]]
branch at 3
runtime for solving id of Q is 0.002185748890042305
Simulation results:
{'J': 50, 'K': 10, 'N': 10, 'p': 0.9, 'seed': 50, 'sim': 3, 'runtime': 0.002185748890042305, 'identifiable': 0, 'branch': 3}
4
Q: [[1 1 1 1 1 0 1 1 1 1]
 [1 1 1 1 1 1 1 1 1 1]
 [0 0 1 1 1 1 1 1 1 1]
 [1 1 1 1 1 1 1 1 1 1]
 [1 1 1 1 1 0 1 1 1 0]
 [1 1 1 1 1 1 1 1 1 1]
 [1 1 1 1 1 1 1 1 1 1]
 [1 1 1 0 1 1 1 1 1 1]
 [0 1 1 1 1 1 1 1 1 1]
 [1 1 1 1 1 1 1 1 1 1]
 [1 1 1 0 1 1 1 1 1 1]
 [1 1 0 0 1 1 1 0 1 1]
 [1 1 1 0 1 0 1 1 1 1]
 [1 1 1 1 1 1 1 1 0 1]
 [0 0 0 1 1 1 1 1 1 1]
 [1 1 1 1 1 1 1 1 1 1]
 [1 1 1 1 1 1 1 0 1 1]
 [1 0 1 1 1 1 1 1 1 1]
 [1 1 1 1 1 1 1 0 1 1]
 [1 1 1 1 1 1 1 1 0 1]
 [1 1 1 1 0 1 1 1 0 1]
 [1 0 1 0 1 1 1 1 1 1]
 [0 1 1 1 0 1 1 1 1 1]
 [1 1 1 0 1 1 1 1 1 1]
 [0 1 1 1 1 1 1 1 1 1]
 [1 1 1 1 1 1 1 1 1 1]
 [1 1 0 1 1 0 1 1 0 1]
 [1 1 1 1 1 1 1 1 1 1]
 [1 1 0 0 1 1 1 1 1 1]
 [1 1 0 0 1 0 1 1 1 1]
 [1 1 1 1 1 1 1 1 1 0]
 [0 1 1 1 0 1 1 1 1 1]
 [1 1 1 1 1 0 1 1 1 1]
 [1 1 1 1 1 1 1 1 1 1]
 [1 1 1 1 1 1 1 1 1 1]
 [1 1 1 0 1 1 1 1 0 1]
 [1 1 1 1 1 1 1 1 1 1]
 [1 1 1 1 1 1 1 1 1 1]
 [1 1 1 1 1 1 1 1 1 0]
 [1 1 1 1 1 1 0 1 1 1]
 [0 1 1 1 1 1 1 1 1 1]
 [1 0 0 0 1 1 1 1 1 0]
 [1 1 1 1 1 1 1 1 1 1]
 [1 1 1 1 1 1 1 1 1 1]
 [1 1 1 1 1 1 1 1 1 1]
 [1 1 1 1 1 1 1 1 1 1]
 [1 1 1 0 1 1 1 1 1 1]
 [1 1 1 1 1 1 0 1 1 1]
 [1 1 1 1 1 1 1 1 1 1]
 [1 1 1 1 1 1 1 1 0 1]]
Q is not identifiable (three-column submatrix not identifiable).
Q is not identifiable, and Q_bar is [[1 1 1 1 1 0 1 1 1 1]
 [1 1 1 1 1 1 1 1 1 1]
 [0 0 1 1 1 1 1 1 1 1]
 [1 1 1 1 1 1 1 1 1 1]
 [1 1 1 1 1 0 1 1 1 0]
 [1 1 1 1 1 1 1 1 1 1]
 [1 1 1 1 1 1 1 1 1 1]
 [1 1 1 0 1 1 1 1 1 1]
 [1 1 1 1 1 1 1 1 1 1]
 [1 1 1 1 1 1 1 1 1 1]
 [1 1 1 0 1 1 1 1 1 1]
 [1 1 0 0 1 1 1 0 1 1]
 [1 1 1 0 1 0 1 1 1 1]
 [1 1 1 1 1 1 1 1 0 1]
 [1 0 0 0 1 1 0 1 1 1]
 [1 1 1 1 1 1 1 1 1 1]
 [1 1 1 1 1 1 1 0 1 1]
 [1 0 1 1 1 1 1 1 1 1]
 [1 1 1 1 1 1 1 0 1 1]
 [1 1 1 1 1 1 1 1 0 1]
 [1 1 1 1 0 1 1 1 0 1]
 [1 0 1 0 1 1 1 1 1 1]
 [0 1 1 1 0 1 1 1 1 1]
 [1 1 1 0 1 1 1 1 1 1]
 [1 1 1 1 1 1 1 1 1 1]
 [1 1 1 1 1 1 1 1 1 1]
 [1 1 0 1 1 0 1 1 0 1]
 [1 1 1 1 1 1 1 1 1 1]
 [1 1 0 0 1 1 1 1 1 1]
 [1 1 0 0 1 0 1 1 1 1]
 [1 1 1 1 1 1 1 1 1 0]
 [0 1 1 1 0 1 1 1 1 1]
 [1 1 1 1 1 0 1 1 1 1]
 [1 1 1 1 1 1 1 1 1 1]
 [1 1 1 1 1 1 1 1 1 1]
 [1 1 1 0 1 1 1 1 0 1]
 [1 1 1 1 1 1 1 1 1 1]
 [1 1 1 1 1 1 1 1 1 1]
 [1 1 1 1 1 1 1 1 1 0]
 [1 1 1 1 1 1 0 1 1 1]
 [1 1 1 1 1 1 1 1 1 1]
 [1 0 0 0 1 1 1 1 1 0]
 [1 1 1 1 1 1 1 1 1 1]
 [1 1 1 1 1 1 1 1 1 1]
 [1 1 1 1 1 1 1 1 1 1]
 [1 1 1 1 1 1 1 1 1 1]
 [1 1 1 0 1 1 1 1 1 1]
 [1 1 1 1 1 1 0 1 1 1]
 [1 1 1 1 1 1 1 1 1 1]
 [1 1 1 1 1 1 1 1 0 1]]
branch at 3
runtime for solving id of Q is 0.0020507671870291233
Simulation results:
{'J': 50, 'K': 10, 'N': 10, 'p': 0.9, 'seed': 50, 'sim': 4, 'runtime': 0.0020507671870291233, 'identifiable': 0, 'branch': 3}
5
Q: [[1 1 1 1 1 1 1 1 1 1]
 [1 1 1 1 1 0 1 1 1 1]
 [1 0 1 1 1 1 0 1 1 1]
 [1 0 1 1 1 1 0 1 1 1]
 [1 1 1 1 1 1 1 1 1 1]
 [0 1 1 1 1 1 1 0 0 1]
 [1 1 1 0 1 1 1 1 1 0]
 [1 1 0 1 1 1 1 1 1 0]
 [0 1 1 1 1 1 0 1 1 1]
 [1 1 1 1 0 1 1 1 1 1]
 [1 1 1 0 1 1 1 1 1 1]
 [1 1 1 0 1 1 0 1 1 1]
 [1 1 1 1 0 1 1 1 1 1]
 [1 0 1 1 1 1 1 1 1 1]
 [1 1 1 1 1 1 0 1 1 1]
 [1 1 1 1 1 1 1 1 1 1]
 [1 1 1 1 1 1 1 1 1 1]
 [1 1 1 1 1 1 1 1 1 1]
 [1 1 1 1 1 1 1 1 1 1]
 [0 1 1 1 1 1 1 1 1 0]
 [1 1 1 1 1 1 1 0 1 1]
 [1 1 1 1 1 1 1 1 1 1]
 [1 1 1 1 1 1 1 1 1 1]
 [1 1 0 1 1 1 1 1 1 0]
 [1 1 1 1 1 1 1 1 1 1]
 [1 1 1 1 1 1 1 1 1 1]
 [1 0 0 1 1 1 1 1 1 1]
 [1 1 1 1 1 1 1 1 1 1]
 [1 1 1 0 0 1 1 1 1 1]
 [1 1 1 1 0 1 1 1 1 1]
 [1 0 1 1 1 1 0 1 1 1]
 [1 1 0 1 1 1 1 1 1 1]
 [1 1 1 1 0 1 1 0 1 1]
 [1 1 1 1 1 1 0 1 1 1]
 [1 1 1 1 1 1 1 1 1 1]
 [1 1 1 1 1 1 1 1 1 1]
 [1 0 0 1 1 1 1 1 1 1]
 [1 1 1 1 1 1 1 1 0 1]
 [0 1 1 1 1 1 1 1 1 1]
 [0 1 1 1 1 1 1 1 1 1]
 [1 0 1 1 0 1 1 1 1 1]
 [0 1 1 0 1 1 1 1 1 1]
 [1 0 1 1 1 1 0 1 1 1]
 [1 0 1 1 0 1 1 1 1 1]
 [1 1 1 1 1 1 1 1 1 1]
 [1 1 1 0 1 1 1 1 1 1]
 [1 0 0 0 1 1 0 1 0 1]
 [1 1 1 1 0 1 1 1 1 1]
 [1 1 1 1 1 1 1 1 1 1]
 [1 0 1 1 1 1 1 1 1 1]]
Q is not identifiable (three-column submatrix not identifiable).
Q is not identifiable, and Q_bar is [[1 1 1 1 1 1 1 1 1 1]
 [1 1 1 1 1 0 1 1 1 1]
 [1 0 1 1 1 1 0 1 1 1]
 [1 0 1 1 1 1 0 1 1 1]
 [1 1 1 1 1 1 1 1 1 1]
 [0 1 1 1 1 1 1 0 0 1]
 [1 1 1 0 1 1 1 1 1 0]
 [1 1 0 1 1 1 1 1 1 0]
 [0 1 1 1 1 1 0 1 1 1]
 [1 1 1 1 0 1 1 1 1 1]
 [1 0 1 0 1 1 1 1 1 1]
 [1 1 1 0 1 1 0 1 1 1]
 [1 1 1 1 0 1 1 1 1 1]
 [1 0 1 1 1 1 1 1 1 1]
 [1 1 1 1 1 1 0 1 1 1]
 [1 1 1 1 1 1 1 1 1 1]
 [1 1 1 1 1 1 1 1 1 1]
 [1 1 1 1 1 1 1 1 1 1]
 [1 1 1 1 1 1 1 1 1 1]
 [0 1 1 1 1 1 1 1 1 0]
 [1 1 1 1 1 1 1 0 1 1]
 [1 1 1 1 1 1 1 1 1 1]
 [1 1 1 1 1 1 1 1 1 1]
 [1 1 0 1 1 1 1 1 1 0]
 [1 1 1 1 1 1 1 1 1 1]
 [1 1 1 1 1 1 1 1 1 1]
 [1 0 0 1 1 1 1 1 1 1]
 [1 1 1 1 1 1 1 1 1 1]
 [1 1 1 0 0 1 1 1 1 1]
 [1 1 1 1 0 1 1 1 1 1]
 [1 0 1 1 1 1 0 1 1 1]
 [1 1 0 1 1 1 1 1 1 1]
 [1 1 1 1 0 1 1 0 1 1]
 [1 1 1 1 1 1 0 1 1 1]
 [1 1 1 1 1 1 1 1 1 1]
 [1 1 1 1 1 1 1 1 1 1]
 [1 0 0 1 1 1 1 1 1 1]
 [1 1 1 1 1 1 1 1 0 1]
 [1 1 1 1 1 1 1 1 1 1]
 [1 1 1 1 1 1 1 1 1 1]
 [1 0 1 1 0 1 1 1 1 1]
 [1 0 1 0 1 0 1 1 1 1]
 [1 0 1 1 1 1 0 1 1 1]
 [1 0 1 1 0 1 1 1 1 1]
 [1 1 1 1 1 1 1 1 1 1]
 [1 0 1 0 1 1 1 1 1 1]
 [1 0 0 0 1 1 0 1 0 1]
 [1 1 1 1 0 1 1 1 1 1]
 [1 1 1 1 1 1 1 1 1 1]
 [1 0 1 1 1 1 1 1 1 1]]
branch at 3
runtime for solving id of Q is 0.002054481767117977
Simulation results:
{'J': 50, 'K': 10, 'N': 10, 'p': 0.9, 'seed': 50, 'sim': 5, 'runtime': 0.002054481767117977, 'identifiable': 0, 'branch': 3}
6
Q: [[1 1 1 1 1 1 1 1 0 1]
 [1 1 1 1 1 1 1 1 1 1]
 [1 1 1 0 1 0 1 1 1 1]
 [1 1 0 1 1 1 1 1 0 1]
 [1 1 1 1 0 1 1 1 0 0]
 [0 1 1 1 1 1 1 0 0 1]
 [1 1 1 1 1 1 1 1 1 1]
 [1 0 1 1 0 1 1 1 1 0]
 [1 1 0 1 1 1 1 1 1 1]
 [1 1 1 1 1 1 1 1 1 1]
 [1 1 1 1 1 1 1 1 1 1]
 [1 1 1 1 1 1 1 1 1 1]
 [1 1 1 1 1 1 1 1 1 1]
 [1 1 1 1 1 1 1 1 1 1]
 [1 1 1 1 0 1 1 1 0 1]
 [1 0 1 1 1 1 1 1 0 1]
 [1 1 1 0 1 1 1 1 1 1]
 [1 1 1 1 1 1 1 1 1 1]
 [1 1 1 1 1 1 1 1 1 1]
 [0 1 1 1 1 1 1 1 1 1]
 [1 0 1 1 1 1 0 1 0 1]
 [1 1 1 1 1 1 1 1 1 1]
 [1 1 1 1 1 1 0 1 1 1]
 [1 1 1 1 1 1 1 0 1 1]
 [0 1 1 1 1 1 1 1 1 1]
 [1 1 1 1 1 0 1 1 1 1]
 [1 1 1 1 1 1 1 1 1 1]
 [1 1 1 1 1 1 1 1 1 1]
 [0 1 0 1 1 1 1 1 1 1]
 [1 0 1 1 1 1 1 1 1 1]
 [1 1 1 1 1 1 0 1 1 1]
 [1 1 1 1 0 1 1 1 1 0]
 [1 1 0 1 1 1 1 1 1 1]
 [1 1 1 1 1 1 1 1 0 1]
 [1 1 1 1 1 1 1 1 0 1]
 [1 1 1 1 1 0 1 1 1 1]
 [1 1 1 0 1 1 0 1 0 1]
 [1 0 1 0 1 0 1 1 1 1]
 [1 1 1 1 1 1 1 1 1 1]
 [1 1 1 1 1 1 1 0 1 1]
 [0 1 1 1 1 0 1 1 1 1]
 [1 1 1 1 1 1 1 1 1 1]
 [1 1 1 1 1 1 1 1 1 1]
 [1 1 1 1 1 1 1 1 1 1]
 [1 0 1 1 1 1 1 1 1 1]
 [1 1 1 1 1 1 1 1 1 1]
 [1 1 1 1 1 1 1 1 1 1]
 [1 1 1 1 1 1 0 1 0 1]
 [1 1 1 1 1 0 0 1 1 1]
 [1 1 1 1 1 1 0 0 1 1]]
Q is not identifiable (two-column submatrix not identifiable).
Q is not identifiable, and Q_bar is [[1 1 1 1 1 1 1 1 0 0]
 [1 1 1 1 1 1 1 1 1 0]
 [1 1 1 0 1 0 1 1 1 0]
 [1 1 0 1 1 1 1 1 0 0]
 [1 1 1 1 0 1 1 1 0 0]
 [0 1 1 1 1 1 1 0 0 0]
 [1 1 1 1 1 1 1 1 1 0]
 [1 0 1 1 0 1 1 1 1 0]
 [1 1 0 1 1 1 1 1 1 0]
 [1 1 1 1 1 1 1 1 1 0]
 [1 1 1 1 1 1 1 1 1 0]
 [1 1 1 1 1 1 1 1 1 0]
 [1 1 1 1 1 1 1 1 1 0]
 [1 1 1 1 1 1 1 1 1 0]
 [1 1 1 1 0 1 1 1 0 1]
 [1 0 1 1 1 1 1 1 0 0]
 [1 1 1 0 1 1 1 1 1 0]
 [1 1 1 1 1 1 1 1 1 0]
 [1 1 1 1 1 1 1 1 1 0]
 [0 1 1 1 1 1 1 1 1 0]
 [1 0 1 1 1 1 0 1 0 0]
 [1 1 1 1 1 1 1 1 1 0]
 [1 1 1 1 1 1 0 1 1 0]
 [1 1 1 1 1 1 1 0 1 0]
 [0 1 1 1 1 1 1 1 1 0]
 [1 1 1 1 1 0 1 1 1 0]
 [1 1 1 1 1 1 1 1 1 0]
 [1 1 1 1 1 1 1 1 1 0]
 [0 1 0 1 1 1 1 1 1 0]
 [1 0 1 1 1 1 1 1 1 0]
 [1 1 1 1 1 1 0 1 1 0]
 [1 1 1 1 0 1 1 1 1 0]
 [1 1 0 1 1 1 1 1 1 0]
 [1 1 1 1 1 1 1 1 0 0]
 [1 1 1 1 1 1 1 1 0 0]
 [1 1 1 1 1 0 1 1 1 0]
 [1 1 1 0 1 1 0 1 0 0]
 [1 0 1 0 1 0 1 1 1 0]
 [1 1 1 1 1 1 1 1 1 0]
 [1 1 1 1 1 1 1 0 1 0]
 [0 1 1 1 1 0 1 1 1 0]
 [1 1 1 1 1 1 1 1 1 0]
 [1 1 1 1 1 1 1 1 1 0]
 [1 1 1 1 1 1 1 1 1 0]
 [1 0 1 1 1 1 1 1 1 0]
 [1 1 1 1 1 1 1 1 1 0]
 [1 1 1 1 1 1 1 1 1 0]
 [1 1 1 1 1 1 0 1 0 0]
 [1 1 1 1 1 0 0 1 1 0]
 [1 1 1 1 1 1 0 0 1 0]]
branch at 2
runtime for solving id of Q is 0.0018459553830325603
Simulation results:
{'J': 50, 'K': 10, 'N': 10, 'p': 0.9, 'seed': 50, 'sim': 6, 'runtime': 0.0018459553830325603, 'identifiable': 0, 'branch': 2}
7
Q: [[1 1 0 1 1 1 1 1 1 1]
 [1 1 1 1 1 1 1 1 1 0]
 [1 1 1 1 1 1 1 1 1 1]
 [1 1 1 1 1 1 1 1 1 1]
 [1 1 1 1 1 1 1 1 1 1]
 [1 1 1 1 1 0 1 1 1 1]
 [1 1 0 1 1 1 1 1 0 1]
 [0 1 0 1 1 1 1 1 1 1]
 [1 1 1 1 1 1 1 1 1 1]
 [1 1 1 1 1 1 1 1 1 1]
 [1 1 1 1 1 1 1 1 1 1]
 [1 1 1 0 1 1 1 1 0 1]
 [1 0 1 1 1 1 1 1 1 1]
 [1 1 1 1 1 1 1 1 1 1]
 [1 1 1 1 1 1 0 1 1 1]
 [1 1 1 1 1 1 1 1 1 1]
 [1 1 1 1 1 1 1 1 1 0]
 [1 0 1 0 1 1 1 1 1 1]
 [1 1 1 1 1 1 0 1 0 1]
 [1 1 1 1 1 1 1 1 1 1]
 [1 1 0 1 1 1 1 1 1 1]
 [1 1 1 1 1 1 1 1 0 1]
 [1 1 1 1 1 1 1 1 0 0]
 [1 1 1 1 1 1 1 1 1 1]
 [1 1 1 1 1 1 1 1 1 1]
 [1 1 1 1 1 1 1 1 1 1]
 [1 1 1 1 1 1 1 1 0 1]
 [1 1 1 1 1 1 1 1 1 1]
 [1 1 1 1 1 1 1 1 0 1]
 [1 1 1 1 1 1 1 1 1 0]
 [1 1 1 1 1 1 1 1 1 1]
 [1 1 1 1 1 1 1 1 1 1]
 [1 1 1 1 1 1 1 1 1 1]
 [1 1 1 1 1 1 1 1 1 1]
 [1 1 1 1 1 1 1 1 1 0]
 [1 1 1 1 1 1 1 1 1 1]
 [1 1 1 1 1 1 1 1 1 1]
 [1 1 0 1 0 1 1 1 1 1]
 [1 0 1 1 1 1 0 1 1 1]
 [1 1 1 1 1 1 1 1 1 1]
 [1 1 1 1 1 1 1 1 1 0]
 [0 1 1 1 1 1 1 1 1 1]
 [1 1 0 1 1 0 1 1 1 1]
 [1 1 1 1 1 0 1 1 1 1]
 [0 1 1 1 1 0 1 0 1 1]
 [0 1 1 0 1 1 1 1 1 1]
 [1 1 1 1 1 1 1 1 1 1]
 [1 1 1 1 0 1 1 1 0 0]
 [1 1 1 1 1 1 1 1 1 1]
 [1 1 1 1 0 1 1 1 1 1]]
Q is not identifiable (two-column submatrix not identifiable).
Q is not identifiable, and Q_bar is [[1 1 0 1 1 1 1 1 1 1]
 [1 1 1 1 1 1 1 0 1 0]
 [1 1 1 1 1 1 1 1 1 1]
 [1 1 1 1 1 1 1 1 1 1]
 [1 1 1 1 1 1 1 1 1 1]
 [1 1 1 1 1 0 1 0 1 1]
 [1 1 0 1 1 1 1 0 0 1]
 [0 1 0 1 1 1 1 1 1 1]
 [1 1 1 1 1 1 1 1 1 1]
 [1 1 1 1 1 1 1 1 1 1]
 [1 1 1 1 1 1 1 1 1 1]
 [1 1 1 0 1 1 1 0 0 1]
 [1 0 1 1 1 1 1 0 1 1]
 [1 1 1 1 1 1 1 1 1 1]
 [1 1 1 1 1 1 0 0 1 1]
 [1 1 1 1 1 1 1 1 1 1]
 [1 1 1 1 1 1 1 0 1 0]
 [1 0 1 0 1 1 1 0 1 1]
 [1 1 1 1 1 1 0 0 0 1]
 [1 1 1 1 1 1 1 1 1 1]
 [1 1 0 1 1 1 1 1 1 1]
 [1 1 1 1 1 1 1 0 0 1]
 [1 1 1 1 1 1 1 0 0 0]
 [1 1 1 1 1 1 1 1 1 1]
 [1 1 1 1 1 1 1 1 1 1]
 [1 1 1 1 1 1 1 1 1 1]
 [1 1 1 1 1 1 1 0 0 1]
 [1 1 1 1 1 1 1 1 1 1]
 [1 1 1 1 1 1 1 0 0 1]
 [1 1 1 1 1 1 1 0 1 0]
 [1 1 1 1 1 1 1 1 1 1]
 [1 1 1 1 1 1 1 1 1 1]
 [1 1 1 1 1 1 1 1 1 1]
 [1 1 1 1 1 1 1 1 1 1]
 [1 1 1 1 1 1 1 0 1 0]
 [1 1 1 1 1 1 1 1 1 1]
 [1 1 1 1 1 1 1 1 1 1]
 [1 1 0 1 0 1 1 0 1 1]
 [1 0 1 1 1 1 0 0 1 1]
 [1 1 1 1 1 1 1 1 1 1]
 [1 1 1 1 1 1 1 0 1 0]
 [0 1 1 1 1 1 1 1 1 1]
 [1 1 0 1 1 0 1 0 1 1]
 [1 1 1 1 1 0 1 0 1 1]
 [0 1 1 1 1 0 1 0 1 1]
 [0 1 1 0 1 1 1 1 1 1]
 [1 1 1 1 1 1 1 1 1 1]
 [1 1 1 1 0 1 1 0 0 0]
 [1 1 1 1 1 1 1 1 1 1]
 [1 1 1 1 0 1 1 0 1 1]]
branch at 2
runtime for solving id of Q is 0.001395265106111765
Simulation results:
{'J': 50, 'K': 10, 'N': 10, 'p': 0.9, 'seed': 50, 'sim': 7, 'runtime': 0.001395265106111765, 'identifiable': 0, 'branch': 2}
8
Q: [[1 1 1 1 1 0 1 1 1 1]
 [1 1 1 1 1 1 1 1 1 1]
 [1 1 1 1 1 1 1 0 1 1]
 [1 0 1 1 1 1 1 1 1 1]
 [1 1 1 1 1 0 1 1 1 1]
 [1 1 1 0 1 1 0 1 1 1]
 [1 1 1 1 0 0 1 1 1 1]
 [1 1 1 1 1 1 1 1 1 1]
 [1 1 1 1 1 1 1 1 1 1]
 [1 1 1 1 1 1 1 1 1 1]
 [0 1 1 1 1 0 1 1 0 1]
 [1 1 0 0 0 1 1 1 1 1]
 [1 1 1 1 1 1 1 1 1 1]
 [1 1 1 1 1 1 1 1 1 1]
 [1 1 1 1 1 0 1 1 1 1]
 [1 0 1 0 1 1 1 1 1 1]
 [1 0 1 1 1 1 1 1 0 1]
 [1 0 0 1 0 1 1 1 1 1]
 [1 1 1 1 1 1 1 1 1 1]
 [1 1 1 1 1 0 1 1 1 1]
 [1 1 1 1 1 1 1 1 1 1]
 [1 1 1 1 1 1 1 1 1 1]
 [1 1 1 1 1 0 1 1 1 1]
 [1 1 1 1 1 1 1 1 1 1]
 [1 0 1 1 1 1 1 1 0 1]
 [1 1 1 1 0 1 1 1 1 1]
 [1 1 0 1 1 1 1 1 1 1]
 [1 1 1 1 1 1 1 0 1 1]
 [1 1 1 1 1 1 1 1 1 1]
 [1 1 1 1 1 1 1 1 1 1]
 [1 1 1 1 0 1 1 1 1 1]
 [1 1 1 1 1 1 0 1 1 1]
 [1 1 1 1 1 1 0 1 1 1]
 [1 1 1 1 1 1 1 1 1 1]
 [1 1 1 1 1 1 1 1 1 1]
 [1 1 1 0 0 1 0 1 1 0]
 [1 1 1 1 0 1 1 1 0 1]
 [1 1 1 1 0 1 1 1 1 1]
 [1 1 1 0 1 1 1 1 1 1]
 [1 1 1 1 0 1 1 1 1 1]
 [1 1 1 1 1 1 1 1 1 1]
 [1 1 1 1 1 1 0 1 0 1]
 [1 1 1 1 1 1 1 1 1 1]
 [1 1 0 1 1 1 1 1 1 1]
 [1 1 1 1 1 1 1 1 1 1]
 [0 1 1 1 1 1 1 1 1 1]
 [1 1 1 1 1 1 1 1 1 1]
 [1 1 1 1 0 0 1 1 1 1]
 [1 1 1 1 1 1 1 1 1 1]
 [1 1 1 0 1 1 1 1 1 1]]
Q is not identifiable (two-column submatrix not identifiable).
Q is not identifiable, and Q_bar is [[1 1 1 1 1 0 1 1 1 0]
 [1 1 1 1 1 1 1 1 1 0]
 [1 1 1 1 1 1 1 0 1 0]
 [1 0 1 1 1 1 1 1 1 1]
 [1 1 1 1 1 0 1 1 1 0]
 [1 1 1 0 1 1 0 1 1 1]
 [1 1 1 1 0 0 1 1 1 0]
 [1 1 1 1 1 1 1 1 1 0]
 [1 1 1 1 1 1 1 1 1 0]
 [1 1 1 1 1 1 1 1 1 0]
 [0 1 1 1 1 0 1 1 0 0]
 [1 1 0 0 0 1 1 1 1 1]
 [1 1 1 1 1 1 1 1 1 0]
 [1 1 1 1 1 1 1 1 1 0]
 [1 1 1 1 1 0 1 1 1 0]
 [1 0 1 0 1 1 1 1 1 1]
 [1 0 1 1 1 1 1 1 0 0]
 [1 0 0 1 0 1 1 1 1 0]
 [1 1 1 1 1 1 1 1 1 0]
 [1 1 1 1 1 0 1 1 1 0]
 [1 1 1 1 1 1 1 1 1 0]
 [1 1 1 1 1 1 1 1 1 0]
 [1 1 1 1 1 0 1 1 1 0]
 [1 1 1 1 1 1 1 1 1 0]
 [1 0 1 1 1 1 1 1 0 0]
 [1 1 1 1 0 1 1 1 1 0]
 [1 1 0 1 1 1 1 1 1 0]
 [1 1 1 1 1 1 1 0 1 0]
 [1 1 1 1 1 1 1 1 1 0]
 [1 1 1 1 1 1 1 1 1 0]
 [1 1 1 1 0 1 1 1 1 0]
 [1 1 1 1 1 1 0 1 1 0]
 [1 1 1 1 1 1 0 1 1 0]
 [1 1 1 1 1 1 1 1 1 0]
 [1 1 1 1 1 1 1 1 1 0]
 [1 1 1 0 0 1 0 1 1 0]
 [1 1 1 1 0 1 1 1 0 0]
 [1 1 1 1 0 1 1 1 1 0]
 [1 1 1 0 1 1 1 1 1 1]
 [1 1 1 1 0 1 1 1 1 0]
 [1 1 1 1 1 1 1 1 1 0]
 [1 1 1 1 1 1 0 1 0 0]
 [1 1 1 1 1 1 1 1 1 0]
 [1 1 0 1 1 1 1 1 1 0]
 [1 1 1 1 1 1 1 1 1 0]
 [0 1 1 1 1 1 1 1 1 0]
 [1 1 1 1 1 1 1 1 1 0]
 [1 1 1 1 0 0 1 1 1 0]
 [1 1 1 1 1 1 1 1 1 0]
 [1 1 1 0 1 1 1 1 1 1]]
branch at 2
runtime for solving id of Q is 0.0016027558594942093
Simulation results:
{'J': 50, 'K': 10, 'N': 10, 'p': 0.9, 'seed': 50, 'sim': 8, 'runtime': 0.0016027558594942093, 'identifiable': 0, 'branch': 2}
9
Q: [[1 1 1 1 1 1 1 1 1 1]
 [1 1 1 1 0 0 1 1 1 1]
 [1 1 1 1 0 1 1 1 1 1]
 [0 1 1 1 1 1 1 1 1 0]
 [1 1 1 1 0 0 1 1 1 0]
 [1 0 1 1 1 1 1 1 1 1]
 [1 1 1 1 1 1 1 1 0 1]
 [1 1 1 1 1 1 1 1 1 1]
 [1 1 1 1 1 1 1 1 1 1]
 [1 1 1 1 1 1 0 1 1 1]
 [1 1 1 1 1 1 1 1 1 1]
 [0 1 1 1 1 0 1 1 1 1]
 [1 1 1 1 1 0 1 1 1 1]
 [1 1 1 1 1 1 1 1 1 1]
 [1 1 1 1 1 1 1 1 1 1]
 [1 1 0 1 1 1 1 1 1 1]
 [1 0 1 1 1 1 1 1 0 1]
 [0 0 1 1 1 1 1 1 1 1]
 [1 1 1 1 1 1 1 1 1 1]
 [1 1 1 1 1 1 1 1 1 0]
 [1 1 0 1 1 1 1 1 1 1]
 [1 1 1 1 1 1 1 1 1 1]
 [1 1 1 1 0 1 1 1 0 1]
 [1 1 1 1 1 1 1 1 1 1]
 [1 1 1 1 1 1 1 1 1 1]
 [1 1 1 1 1 1 1 1 1 1]
 [1 1 1 1 1 0 1 0 1 1]
 [1 1 1 1 1 1 1 1 1 1]
 [1 1 1 1 1 1 1 1 1 1]
 [1 1 1 1 1 1 1 1 1 1]
 [1 1 1 1 1 1 1 1 0 1]
 [1 1 1 1 0 1 1 1 1 1]
 [1 1 1 1 1 1 1 1 1 1]
 [0 1 1 1 1 1 1 1 1 0]
 [1 1 1 1 1 1 1 1 1 1]
 [0 1 1 1 1 1 1 1 1 1]
 [1 1 1 1 1 1 1 1 1 1]
 [1 1 1 1 1 1 1 1 1 1]
 [1 1 1 1 0 1 1 1 1 1]
 [0 1 1 1 1 0 0 1 1 1]
 [0 1 1 1 1 1 1 0 1 1]
 [1 1 1 1 1 1 1 1 1 1]
 [1 0 1 1 1 1 1 1 1 1]
 [1 1 1 1 1 1 1 1 1 1]
 [1 1 1 1 1 1 1 1 1 1]
 [1 1 1 1 1 1 1 1 1 0]
 [1 1 1 1 1 1 1 1 1 1]
 [1 1 1 0 0 1 1 1 1 1]
 [1 1 1 1 1 1 1 1 1 1]
 [1 1 1 1 1 1 1 0 0 1]]
Q is not identifiable (two-column submatrix not identifiable).
Q is not identifiable, and Q_bar is [[1 1 1 0 1 1 1 1 1 1]
 [1 1 1 1 0 0 1 1 1 1]
 [1 1 1 1 0 1 1 1 1 1]
 [0 1 1 0 1 1 1 1 1 0]
 [1 1 1 1 0 0 1 1 1 0]
 [1 0 1 0 1 1 1 1 1 1]
 [1 1 1 1 1 1 1 1 0 1]
 [1 1 1 0 1 1 1 1 1 1]
 [1 1 1 0 1 1 1 1 1 1]
 [1 1 1 0 1 1 0 1 1 1]
 [1 1 1 0 1 1 1 1 1 1]
 [0 1 1 0 1 0 1 1 1 1]
 [1 1 1 1 1 0 1 1 1 1]
 [1 1 1 0 1 1 1 1 1 1]
 [1 1 1 0 1 1 1 1 1 1]
 [1 1 0 0 1 1 1 1 1 1]
 [1 0 1 0 1 1 1 1 0 1]
 [0 0 1 0 1 1 1 1 1 1]
 [1 1 1 0 1 1 1 1 1 1]
 [1 1 1 1 1 1 1 1 1 0]
 [1 1 0 0 1 1 1 1 1 1]
 [1 1 1 0 1 1 1 1 1 1]
 [1 1 1 1 0 1 1 1 0 1]
 [1 1 1 0 1 1 1 1 1 1]
 [1 1 1 0 1 1 1 1 1 1]
 [1 1 1 0 1 1 1 1 1 1]
 [1 1 1 0 1 0 1 0 1 1]
 [1 1 1 0 1 1 1 1 1 1]
 [1 1 1 0 1 1 1 1 1 1]
 [1 1 1 0 1 1 1 1 1 1]
 [1 1 1 1 1 1 1 1 0 1]
 [1 1 1 1 0 1 1 1 1 1]
 [1 1 1 0 1 1 1 1 1 1]
 [0 1 1 0 1 1 1 1 1 0]
 [1 1 1 0 1 1 1 1 1 1]
 [0 1 1 0 1 1 1 1 1 1]
 [1 1 1 0 1 1 1 1 1 1]
 [1 1 1 0 1 1 1 1 1 1]
 [1 1 1 1 0 1 1 1 1 1]
 [0 1 1 0 1 0 0 1 1 1]
 [0 1 1 0 1 1 1 0 1 1]
 [1 1 1 0 1 1 1 1 1 1]
 [1 0 1 0 1 1 1 1 1 1]
 [1 1 1 0 1 1 1 1 1 1]
 [1 1 1 0 1 1 1 1 1 1]
 [1 1 1 1 1 1 1 1 1 0]
 [1 1 1 0 1 1 1 1 1 1]
 [1 1 1 0 0 1 1 1 1 1]
 [1 1 1 0 1 1 1 1 1 1]
 [1 1 1 0 1 1 1 0 0 1]]
branch at 2
runtime for solving id of Q is 0.001578028779476881
Simulation results:
{'J': 50, 'K': 10, 'N': 10, 'p': 0.9, 'seed': 50, 'sim': 9, 'runtime': 0.001578028779476881, 'identifiable': 0, 'branch': 2}
Simulation results:
[{'J': 50, 'K': 10, 'N': 10, 'p': 0.9, 'seed': 50, 'sim': 0, 'runtime': 0.002093738876283169, 'identifiable': 0, 'branch': 3}, {'J': 50, 'K': 10, 'N': 10, 'p': 0.9, 'seed': 50, 'sim': 1, 'runtime': 0.0019427030347287655, 'identifiable': 0, 'branch': 3}, {'J': 50, 'K': 10, 'N': 10, 'p': 0.9, 'seed': 50, 'sim': 2, 'runtime': 0.002159825060516596, 'identifiable': 0, 'branch': 3}, {'J': 50, 'K': 10, 'N': 10, 'p': 0.9, 'seed': 50, 'sim': 3, 'runtime': 0.002185748890042305, 'identifiable': 0, 'branch': 3}, {'J': 50, 'K': 10, 'N': 10, 'p': 0.9, 'seed': 50, 'sim': 4, 'runtime': 0.0020507671870291233, 'identifiable': 0, 'branch': 3}, {'J': 50, 'K': 10, 'N': 10, 'p': 0.9, 'seed': 50, 'sim': 5, 'runtime': 0.002054481767117977, 'identifiable': 0, 'branch': 3}, {'J': 50, 'K': 10, 'N': 10, 'p': 0.9, 'seed': 50, 'sim': 6, 'runtime': 0.0018459553830325603, 'identifiable': 0, 'branch': 2}, {'J': 50, 'K': 10, 'N': 10, 'p': 0.9, 'seed': 50, 'sim': 7, 'runtime': 0.001395265106111765, 'identifiable': 0, 'branch': 2}, {'J': 50, 'K': 10, 'N': 10, 'p': 0.9, 'seed': 50, 'sim': 8, 'runtime': 0.0016027558594942093, 'identifiable': 0, 'branch': 2}, {'J': 50, 'K': 10, 'N': 10, 'p': 0.9, 'seed': 50, 'sim': 9, 'runtime': 0.001578028779476881, 'identifiable': 0, 'branch': 2}]
