
The Gurobi software has a limited number of licenses. To request a license or
licenses, add this line

    #SBATCH --licenses=gurobi@slurmdb:1

to your SBATCH script, replacing N with the number of licenses you need. Gurobi
will need one license per process.


0
Q: [[1 1 1 0 0 1 1 0 1 0]
 [1 1 1 1 1 1 0 0 1 0]
 [1 1 1 0 1 1 1 0 1 0]
 [0 1 1 0 1 1 0 1 0 0]
 [0 1 1 1 1 1 1 0 1 0]
 [1 1 0 0 1 0 1 1 0 1]
 [0 1 0 0 0 1 1 0 1 0]
 [1 1 1 1 1 1 0 0 0 0]
 [1 0 0 1 1 1 1 0 1 1]
 [1 1 1 1 1 0 1 0 0 0]
 [0 1 1 0 1 1 1 0 1 1]
 [1 1 0 0 1 0 1 1 1 1]
 [1 1 1 1 0 0 1 0 0 1]
 [1 1 1 1 1 0 1 0 1 1]
 [1 0 1 0 1 1 1 1 1 1]
 [1 1 1 0 1 0 0 0 1 1]
 [1 1 1 1 1 1 0 1 1 0]
 [1 1 1 1 1 1 1 1 1 0]
 [0 1 0 0 1 1 1 1 1 0]
 [1 0 0 1 1 1 1 0 1 1]
 [0 0 1 0 1 1 1 0 0 0]
 [0 1 1 1 0 0 0 1 0 1]
 [1 1 1 0 0 0 0 1 1 0]
 [1 1 0 0 0 1 1 1 1 0]
 [1 1 1 1 1 0 0 0 0 1]
 [1 1 1 1 1 0 1 1 0 1]
 [1 1 1 0 1 0 1 1 1 0]
 [1 1 1 1 1 1 0 1 1 1]
 [0 1 1 1 1 1 0 0 1 1]
 [1 0 1 1 1 1 1 1 0 1]
 [0 1 1 1 0 1 0 1 1 1]
 [0 1 0 1 1 1 1 0 0 1]
 [0 1 0 1 1 1 1 1 1 1]
 [1 1 0 1 1 1 1 1 1 1]
 [0 1 0 1 1 1 1 1 0 1]
 [0 1 1 0 1 1 1 1 1 1]
 [1 1 1 1 1 1 0 1 1 0]
 [0 1 1 0 1 0 1 1 1 0]
 [1 1 1 0 1 0 1 1 1 1]
 [0 1 1 1 1 0 1 1 1 1]
 [1 1 1 1 1 0 0 1 1 0]
 [0 1 0 1 0 0 0 1 0 1]
 [0 0 1 0 1 1 0 1 1 1]
 [1 0 0 1 1 1 0 1 1 1]
 [1 1 0 0 1 1 1 1 0 0]
 [1 1 1 1 0 0 0 0 1 0]
 [1 1 0 0 1 1 0 1 1 1]
 [1 0 1 1 0 1 1 1 0 0]
 [1 1 1 1 1 1 1 1 0 0]
 [1 1 1 0 1 1 1 1 0 0]]
{'restarts': 26, 'conflicts': 9091, 'decisions': 16560, 'propagations': 5308611}
Q is identifiable
branch at 6
runtime for solving id of Q is 0.6983722392469645
Simulation results:
{'J': 50, 'K': 10, 'N': 10, 'p': 0.7, 'seed': 135, 'sim': 0, 'runtime': 0.6983722392469645, 'identifiable': 1, 'branch': 6}
1
Q: [[1 1 1 0 0 1 1 1 1 1]
 [1 0 1 1 1 0 1 1 0 1]
 [1 0 0 1 1 1 0 1 0 1]
 [1 1 1 1 1 1 1 0 0 1]
 [1 1 1 1 1 1 1 0 1 1]
 [1 1 1 1 1 0 1 1 1 1]
 [1 1 1 0 0 0 0 1 1 1]
 [0 1 1 0 1 0 1 1 0 1]
 [1 1 1 1 1 0 0 1 0 1]
 [1 1 1 1 1 1 0 1 0 1]
 [1 0 1 1 0 0 0 1 1 1]
 [0 1 0 1 1 0 1 1 1 1]
 [0 1 1 1 0 1 1 1 0 1]
 [1 0 1 1 1 1 0 1 0 0]
 [1 1 1 1 1 1 0 0 1 1]
 [1 0 0 0 1 0 0 1 1 0]
 [1 1 1 1 0 1 1 1 1 1]
 [1 1 1 0 1 1 1 1 1 1]
 [1 1 1 0 1 1 1 1 1 1]
 [1 1 1 0 0 1 1 1 1 0]
 [0 1 0 0 1 1 1 0 1 1]
 [1 1 1 1 1 0 1 0 1 1]
 [1 1 1 1 1 1 1 0 1 1]
 [1 0 0 1 1 0 1 1 0 1]
 [0 1 0 0 0 1 1 0 0 1]
 [1 1 0 1 1 0 0 1 1 1]
 [1 1 0 1 1 1 1 1 1 0]
 [1 1 0 1 1 1 1 1 1 1]
 [1 1 1 1 1 1 0 1 0 1]
 [0 0 1 1 1 0 1 1 1 1]
 [1 1 1 1 1 1 1 1 1 0]
 [1 1 1 0 1 1 1 1 0 1]
 [1 1 1 0 1 1 0 0 0 0]
 [0 1 1 1 1 1 0 0 1 1]
 [1 1 1 1 1 0 1 1 1 1]
 [1 1 0 1 0 1 0 0 0 1]
 [1 1 0 1 1 1 1 1 0 1]
 [1 0 1 1 1 0 1 1 1 0]
 [1 0 1 1 1 1 1 0 1 1]
 [1 1 0 1 0 0 0 1 1 1]
 [0 1 1 1 0 1 1 1 0 1]
 [1 1 0 1 1 0 0 1 1 1]
 [1 0 1 0 1 0 1 1 1 0]
 [1 0 0 1 0 0 0 0 1 1]
 [1 0 1 1 0 1 1 1 1 1]
 [1 0 0 1 1 1 1 1 1 1]
 [0 0 1 1 1 0 1 1 1 1]
 [1 1 0 1 1 1 1 0 1 0]
 [0 1 0 1 1 1 0 1 1 0]
 [1 1 1 0 0 0 1 1 1 1]]
{'restarts': 252, 'conflicts': 85542, 'decisions': 130166, 'propagations': 35134523}
Q is identifiable
branch at 6
runtime for solving id of Q is 7.077609715983272
Simulation results:
{'J': 50, 'K': 10, 'N': 10, 'p': 0.7, 'seed': 135, 'sim': 1, 'runtime': 7.077609715983272, 'identifiable': 1, 'branch': 6}
2
Q: [[0 1 1 0 1 1 1 1 1 1]
 [0 0 1 1 0 1 1 1 1 1]
 [0 1 0 1 1 0 0 1 1 1]
 [1 1 1 1 1 1 1 1 1 1]
 [0 1 0 1 0 1 1 1 1 1]
 [0 1 1 0 0 0 1 1 1 1]
 [1 1 1 1 0 1 1 1 1 0]
 [0 1 0 0 0 1 0 1 1 0]
 [1 1 1 1 1 1 1 0 1 1]
 [1 0 1 0 1 1 1 1 1 1]
 [1 1 1 1 1 1 1 1 1 1]
 [1 1 0 1 1 1 1 1 0 1]
 [1 0 1 0 1 1 0 1 1 0]
 [1 1 1 1 1 0 0 1 1 1]
 [1 1 1 0 1 1 1 1 1 1]
 [1 1 1 0 0 1 1 1 0 1]
 [1 1 0 1 1 1 1 1 0 1]
 [1 0 1 0 1 1 1 0 1 1]
 [1 1 1 1 0 1 1 0 1 1]
 [1 1 0 0 0 1 1 1 1 0]
 [1 1 1 1 0 1 1 0 1 1]
 [0 1 1 1 1 1 1 1 1 0]
 [1 1 1 0 1 1 1 1 0 0]
 [1 0 1 1 1 1 1 0 1 1]
 [0 1 1 1 0 1 0 1 1 1]
 [1 1 1 1 1 0 1 1 1 0]
 [1 0 0 0 0 0 1 1 1 1]
 [1 1 0 1 1 1 1 1 0 0]
 [0 0 1 1 1 0 1 1 1 1]
 [1 1 1 1 0 1 0 1 1 0]
 [0 1 0 1 0 0 1 0 1 0]
 [1 1 0 1 1 1 1 0 0 1]
 [0 1 1 1 1 1 0 1 1 0]
 [1 1 1 1 1 1 1 0 0 0]
 [1 1 1 0 1 0 1 1 0 1]
 [1 1 1 1 0 0 1 1 1 1]
 [1 1 1 1 1 0 1 0 1 1]
 [1 0 1 1 1 1 1 0 1 1]
 [1 1 0 1 1 1 0 1 0 1]
 [0 1 1 1 0 1 0 0 1 1]
 [1 1 1 0 1 1 1 1 1 1]
 [1 1 1 0 1 1 1 1 1 1]
 [0 0 0 1 1 1 1 1 1 1]
 [1 1 0 0 1 1 0 1 1 0]
 [1 1 0 0 0 0 1 0 1 1]
 [0 1 1 1 1 1 1 0 1 0]
 [1 0 1 1 0 1 1 0 0 1]
 [0 1 1 1 1 1 1 1 1 1]
 [1 0 0 1 1 0 0 1 1 1]
 [1 1 1 1 0 0 1 0 1 1]]
{'restarts': 721, 'conflicts': 316083, 'decisions': 411486, 'propagations': 157570896}
Q is identifiable
branch at 6
runtime for solving id of Q is 38.09265217836946
Simulation results:
{'J': 50, 'K': 10, 'N': 10, 'p': 0.7, 'seed': 135, 'sim': 2, 'runtime': 38.09265217836946, 'identifiable': 1, 'branch': 6}
3
Q: [[1 0 1 1 1 1 0 1 1 0]
 [1 1 0 1 1 1 0 0 1 0]
 [0 1 1 1 1 0 1 1 1 1]
 [0 1 1 1 0 1 1 1 0 0]
 [1 0 1 1 1 1 1 0 1 0]
 [0 1 1 1 1 1 1 0 1 1]
 [1 0 1 1 1 1 0 1 1 0]
 [1 0 1 1 1 1 1 1 0 1]
 [1 1 1 1 1 1 1 1 1 1]
 [1 1 1 1 1 1 0 1 1 0]
 [1 1 1 1 1 1 1 1 0 0]
 [0 1 0 1 0 1 1 1 1 1]
 [0 0 0 0 1 1 1 1 1 1]
 [0 0 1 1 1 1 1 1 1 1]
 [0 1 1 0 1 1 1 0 1 1]
 [1 0 0 1 1 0 1 1 1 1]
 [1 1 0 1 1 0 0 0 1 1]
 [1 1 1 0 0 1 0 1 1 1]
 [1 1 1 0 1 0 1 1 0 0]
 [1 1 1 0 1 0 1 1 1 1]
 [1 1 1 1 1 1 1 0 1 0]
 [1 1 1 1 0 1 0 1 1 1]
 [1 1 1 1 1 1 1 1 1 1]
 [0 1 0 0 1 0 1 0 1 1]
 [0 1 1 0 1 1 1 0 1 1]
 [1 1 1 1 0 0 1 1 1 0]
 [1 1 1 1 0 1 0 1 1 1]
 [0 0 0 1 1 0 1 1 1 1]
 [1 0 1 0 0 1 1 0 1 0]
 [1 0 0 1 1 0 1 1 1 1]
 [1 1 0 1 0 1 0 1 0 0]
 [0 1 1 0 1 0 0 1 1 1]
 [0 0 1 0 0 1 1 1 1 0]
 [1 1 1 0 1 1 1 0 0 0]
 [0 0 1 1 1 0 1 1 0 1]
 [1 1 0 1 1 0 1 0 1 1]
 [0 1 1 1 1 1 1 1 1 1]
 [0 1 1 0 0 0 1 1 1 0]
 [1 1 1 0 1 1 1 1 1 1]
 [1 1 1 1 1 1 1 1 1 1]
 [1 1 1 1 1 0 0 1 0 0]
 [1 0 0 1 0 1 1 1 1 1]
 [1 1 1 1 1 1 1 0 1 0]
 [1 1 1 1 1 1 0 1 1 0]
 [1 1 1 1 1 0 1 1 1 1]
 [1 1 0 1 1 1 1 0 1 1]
 [1 1 1 1 1 0 1 1 1 0]
 [1 0 1 1 0 1 0 1 1 1]
 [1 1 1 1 1 1 1 1 1 1]
 [1 1 1 0 1 1 0 1 1 1]]
{'restarts': 138, 'conflicts': 66832, 'decisions': 94258, 'propagations': 26679006}
Q is identifiable
branch at 6
runtime for solving id of Q is 6.022334038279951
Simulation results:
{'J': 50, 'K': 10, 'N': 10, 'p': 0.7, 'seed': 135, 'sim': 3, 'runtime': 6.022334038279951, 'identifiable': 1, 'branch': 6}
4
Q: [[0 1 0 1 1 1 1 1 1 0]
 [1 1 1 1 0 1 1 0 1 0]
 [0 0 1 0 1 1 1 1 0 0]
 [1 1 0 0 1 1 0 1 1 0]
 [1 1 0 1 1 1 1 1 1 1]
 [1 1 0 0 1 1 1 0 0 1]
 [0 0 1 0 1 1 1 1 1 1]
 [0 1 1 1 1 0 0 1 1 0]
 [0 0 1 0 1 1 1 1 1 1]
 [1 1 1 1 0 0 0 0 1 1]
 [1 0 1 1 1 0 1 1 1 1]
 [1 1 1 1 1 1 1 0 0 1]
 [0 1 0 1 1 0 1 0 1 1]
 [0 1 1 1 0 1 0 0 1 0]
 [0 0 1 0 1 1 1 1 0 0]
 [1 1 1 0 1 0 1 1 1 1]
 [1 1 1 1 1 1 1 1 1 1]
 [1 0 1 1 1 1 1 1 1 0]
 [1 0 1 1 0 1 1 1 1 0]
 [1 1 1 1 1 1 1 1 0 1]
 [1 1 1 1 1 1 1 1 1 0]
 [1 1 1 1 1 1 1 1 0 1]
 [1 1 1 0 1 1 1 1 1 1]
 [0 1 1 0 0 1 0 1 1 0]
 [1 1 1 1 0 1 1 0 0 1]
 [1 1 1 0 0 1 1 1 1 1]
 [1 0 0 0 0 0 1 1 0 1]
 [1 1 1 1 1 0 1 1 1 1]
 [1 1 1 0 0 0 1 0 0 1]
 [1 1 1 1 1 1 1 1 0 1]
 [0 0 1 1 0 1 1 1 1 1]
 [0 1 1 1 0 0 1 0 1 1]
 [0 1 1 1 0 1 1 0 1 1]
 [1 1 1 1 1 1 0 0 1 1]
 [1 0 1 0 1 0 1 1 1 1]
 [1 1 1 1 1 0 0 1 1 0]
 [1 1 0 1 0 0 1 0 1 1]
 [1 1 1 1 0 1 0 1 1 1]
 [0 0 1 1 0 0 0 1 0 1]
 [1 1 1 0 1 0 1 0 1 1]
 [1 1 1 0 1 1 1 1 1 1]
 [1 0 1 1 1 0 0 0 1 0]
 [0 1 1 1 1 1 1 1 1 0]
 [1 1 1 1 1 1 1 0 0 1]
 [1 1 1 0 1 0 0 0 1 1]
 [1 1 0 1 0 1 1 1 1 1]
 [1 1 0 1 0 1 1 1 0 1]
 [0 1 1 1 1 1 1 1 1 0]
 [1 1 1 1 1 1 1 1 1 0]
 [0 0 1 1 1 1 0 1 0 1]]
{'restarts': 105, 'conflicts': 42797, 'decisions': 63608, 'propagations': 15994128}
Q is identifiable
branch at 6
runtime for solving id of Q is 3.1896195989102125
Simulation results:
{'J': 50, 'K': 10, 'N': 10, 'p': 0.7, 'seed': 135, 'sim': 4, 'runtime': 3.1896195989102125, 'identifiable': 1, 'branch': 6}
5
Q: [[0 1 1 1 0 1 1 1 1 0]
 [1 1 0 1 1 0 1 1 0 1]
 [0 1 0 1 0 1 1 1 0 0]
 [1 1 1 1 1 1 1 1 1 0]
 [1 1 1 1 0 1 1 1 1 1]
 [0 1 0 0 1 1 0 1 1 1]
 [1 0 0 1 1 1 0 1 0 1]
 [1 0 1 1 1 1 1 1 1 1]
 [1 0 1 1 1 1 1 1 1 0]
 [0 0 0 0 0 1 0 1 0 0]
 [1 1 1 1 0 1 1 1 1 1]
 [1 0 1 1 1 1 1 1 1 1]
 [1 1 1 0 0 1 1 1 1 0]
 [1 0 1 0 1 1 1 1 0 1]
 [1 0 0 1 1 1 1 0 1 1]
 [1 1 1 1 1 1 1 0 1 1]
 [1 1 1 1 0 1 1 0 1 1]
 [1 0 0 1 1 1 0 1 1 0]
 [0 1 1 0 1 1 1 1 1 1]
 [1 1 1 0 0 1 0 1 1 1]
 [1 0 0 1 1 0 1 1 0 0]
 [1 1 1 1 0 0 0 1 1 1]
 [1 1 1 1 0 1 0 0 1 1]
 [0 0 0 1 1 1 1 1 1 1]
 [1 0 1 1 1 0 1 0 1 1]
 [0 0 0 0 0 1 0 1 1 1]
 [1 1 0 1 1 1 1 1 1 1]
 [1 1 0 1 0 1 1 0 0 1]
 [0 0 1 1 1 1 0 1 1 1]
 [0 0 0 1 1 1 1 1 0 1]
 [1 0 0 0 1 1 0 1 1 1]
 [1 0 1 1 1 0 0 1 1 1]
 [0 0 1 1 0 1 0 1 0 1]
 [0 1 1 1 1 1 0 1 1 1]
 [0 1 1 1 1 0 1 1 1 1]
 [1 1 1 1 1 0 0 0 0 1]
 [1 1 1 0 0 1 1 1 0 0]
 [1 1 0 1 0 0 0 0 1 0]
 [1 1 1 0 0 1 0 1 0 1]
 [0 1 0 0 1 1 1 1 1 0]
 [1 0 1 1 0 1 1 0 1 1]
 [1 1 1 0 0 1 0 0 0 0]
 [1 0 0 1 0 1 1 1 0 1]
 [1 0 1 0 1 1 0 1 1 1]
 [1 0 1 1 0 0 1 1 1 1]
 [1 1 0 0 1 1 0 0 1 0]
 [0 0 1 1 1 1 1 1 1 1]
 [1 0 1 1 1 1 1 1 1 1]
 [1 1 0 0 1 1 1 1 1 1]
 [0 1 1 1 1 1 1 1 1 1]]
{'restarts': 3, 'conflicts': 972, 'decisions': 2589, 'propagations': 540366}
Q is not identifiable, and Q_bar is [[0 0 1 0 1 0 1 1 1 1]
 [1 0 1 1 1 1 0 0 1 0]
 [0 0 1 0 1 0 0 1 1 0]
 [1 0 1 1 1 0 1 1 1 1]
 [1 0 1 0 1 1 1 1 1 1]
 [0 0 1 1 0 1 0 1 0 1]
 [0 1 0 1 0 1 0 1 1 0]
 [0 1 0 1 1 1 1 1 1 1]
 [1 1 0 1 1 0 1 1 0 1]
 [0 0 0 0 0 0 0 1 0 0]
 [1 0 1 0 1 1 1 1 1 1]
 [0 1 0 1 1 1 1 1 1 1]
 [0 1 1 0 1 0 1 1 0 1]
 [0 1 0 1 1 1 1 1 0 0]
 [1 1 0 1 1 1 0 0 0 1]
 [1 1 1 1 1 1 1 0 0 1]
 [1 1 1 0 1 1 1 0 0 1]
 [1 1 0 1 0 0 0 1 0 1]
 [0 0 1 1 1 1 1 1 0 1]
 [0 1 1 0 0 1 1 1 0 1]
 [1 0 0 1 1 0 0 0 1 0]
 [1 0 1 0 0 1 1 0 1 1]
 [1 1 1 0 0 1 1 0 0 1]
 [0 0 0 1 1 1 0 1 1 1]
 [1 0 0 1 1 1 1 0 0 1]
 [0 0 0 0 0 1 0 1 0 1]
 [0 1 1 1 1 1 0 1 1 1]
 [1 1 1 0 1 1 0 0 0 0]
 [0 0 0 1 0 1 1 1 1 1]
 [0 0 0 1 1 1 0 1 1 0]
 [0 1 0 1 0 1 0 1 0 1]
 [1 0 0 1 0 1 1 0 1 1]
 [0 0 0 0 0 1 1 1 1 0]
 [0 0 1 1 0 1 1 1 1 1]
 [0 0 1 1 1 1 1 0 1 1]
 [1 0 1 1 0 1 1 0 0 0]
 [0 1 1 0 1 0 1 1 0 0]
 [1 0 1 0 0 0 0 0 0 1]
 [0 1 1 0 0 1 1 1 0 0]
 [0 0 1 1 1 0 0 1 0 1]
 [1 1 0 0 1 1 1 0 0 1]
 [0 1 1 0 0 0 1 0 0 0]
 [1 0 0 0 1 1 0 1 1 0]
 [0 1 0 1 0 1 1 1 0 1]
 [1 0 0 0 1 1 1 0 1 1]
 [0 1 1 1 0 0 0 0 0 1]
 [0 0 0 1 1 1 1 1 1 1]
 [0 1 0 1 1 1 1 1 1 1]
 [0 1 1 1 1 1 0 1 0 1]
 [0 0 1 1 1 1 1 1 1 1]]
branch at 5
runtime for solving id of Q is 0.18222669418901205
Simulation results:
{'J': 50, 'K': 10, 'N': 10, 'p': 0.7, 'seed': 135, 'sim': 5, 'runtime': 0.18222669418901205, 'identifiable': 0, 'branch': 5}
6
Q: [[1 1 1 1 1 1 1 0 0 1]
 [1 1 1 0 0 1 1 1 1 1]
 [0 1 1 1 1 0 1 1 1 1]
 [1 1 0 1 1 1 1 1 1 0]
 [1 1 0 0 1 0 1 1 1 1]
 [1 1 1 1 1 1 1 1 0 1]
 [1 0 1 1 1 1 1 1 1 0]
 [0 1 1 1 0 1 1 1 1 1]
 [1 0 1 1 1 1 0 1 1 1]
 [1 0 1 0 0 1 0 0 1 1]
 [0 1 0 1 1 1 1 1 1 1]
 [1 0 0 0 0 0 1 1 1 1]
 [1 1 1 1 1 1 1 1 0 0]
 [1 1 0 1 1 0 0 1 1 1]
 [0 1 0 1 1 1 1 1 0 1]
 [1 0 1 1 1 1 1 1 1 1]
 [0 1 0 1 0 1 1 0 1 0]
 [0 1 1 0 0 0 0 1 0 1]
 [1 1 0 1 0 1 1 1 1 1]
 [1 0 1 1 1 1 1 1 1 1]
 [0 1 1 0 0 0 1 1 1 1]
 [0 1 1 1 1 1 1 1 1 0]
 [1 1 1 1 1 0 1 1 1 1]
 [1 1 1 1 1 1 0 1 1 1]
 [0 0 1 1 1 1 0 0 1 0]
 [0 1 1 0 0 1 1 1 0 1]
 [0 0 1 1 1 1 1 1 1 1]
 [1 0 1 1 1 1 1 1 1 1]
 [1 1 1 0 1 1 1 1 1 1]
 [0 1 1 1 1 0 0 1 1 1]
 [1 0 0 1 0 1 1 0 1 1]
 [1 0 1 1 1 0 1 1 1 1]
 [1 1 0 0 0 0 1 0 1 1]
 [1 0 0 1 1 0 1 0 1 0]
 [1 1 0 0 1 1 1 1 1 0]
 [1 1 0 1 1 0 1 1 1 1]
 [1 0 0 1 0 1 0 1 1 1]
 [1 0 1 0 0 0 1 1 1 1]
 [1 0 1 0 1 0 0 0 1 1]
 [0 0 0 0 1 1 1 1 0 1]
 [1 1 1 0 1 1 1 1 1 1]
 [1 1 1 0 1 0 1 1 1 1]
 [0 1 1 0 0 1 1 1 0 1]
 [1 1 1 1 1 1 1 1 1 1]
 [1 1 1 1 1 0 1 1 1 1]
 [0 0 0 0 1 1 1 1 1 1]
 [0 0 1 1 1 1 1 0 1 0]
 [0 1 1 1 1 1 0 1 1 1]
 [1 0 0 0 1 1 1 1 0 0]
 [0 1 1 1 1 1 0 1 0 1]]
{'restarts': 63, 'conflicts': 30769, 'decisions': 46861, 'propagations': 12054660}
Q is identifiable
branch at 6
runtime for solving id of Q is 2.0769639797508717
Simulation results:
{'J': 50, 'K': 10, 'N': 10, 'p': 0.7, 'seed': 135, 'sim': 6, 'runtime': 2.0769639797508717, 'identifiable': 1, 'branch': 6}
7
Q: [[1 1 0 0 1 1 1 1 1 0]
 [1 1 1 0 0 1 0 1 1 1]
 [1 1 1 0 1 0 1 1 1 0]
 [1 1 1 1 1 1 1 1 1 1]
 [1 1 1 1 0 1 1 1 1 0]
 [1 1 1 1 1 1 1 0 0 1]
 [0 0 1 1 1 0 1 1 0 0]
 [1 1 1 1 1 1 1 1 1 1]
 [1 1 0 1 0 1 0 1 1 1]
 [1 0 1 0 1 1 1 1 1 1]
 [1 1 1 0 1 0 1 1 1 1]
 [1 0 1 0 1 1 1 1 1 1]
 [1 0 1 1 1 1 1 1 1 1]
 [1 0 1 1 0 0 1 1 1 1]
 [1 0 1 1 1 1 1 0 1 1]
 [1 0 0 1 0 1 1 1 0 1]
 [1 0 1 1 0 0 0 1 1 0]
 [1 1 1 1 1 1 0 1 1 1]
 [0 1 0 1 0 1 1 1 0 1]
 [1 1 0 1 1 1 0 1 1 1]
 [0 0 1 1 1 0 1 1 0 1]
 [0 1 1 1 1 1 1 1 0 0]
 [0 0 1 0 1 1 1 1 1 1]
 [1 1 1 0 0 1 1 0 1 0]
 [1 1 1 0 1 1 1 1 0 1]
 [1 0 0 1 0 0 0 1 1 1]
 [1 1 1 1 0 1 1 1 1 1]
 [0 1 1 1 1 1 1 0 1 1]
 [1 1 1 1 1 1 1 0 0 1]
 [0 1 0 1 1 0 0 0 1 1]
 [1 1 0 1 1 1 1 1 0 1]
 [0 1 0 1 1 1 1 1 1 1]
 [0 1 1 1 1 1 1 1 1 1]
 [1 1 1 1 0 1 0 1 1 1]
 [1 1 1 1 1 1 1 1 1 1]
 [1 0 0 1 1 1 1 1 1 1]
 [1 1 1 1 0 1 1 1 0 1]
 [1 1 1 1 0 1 1 1 1 1]
 [1 0 0 0 0 1 1 1 1 0]
 [0 1 0 1 0 1 1 0 1 1]
 [1 0 1 1 1 1 1 1 0 1]
 [1 1 0 1 0 1 0 1 1 0]
 [1 1 1 1 1 1 1 1 1 1]
 [1 1 1 1 1 1 1 1 1 1]
 [1 1 1 1 0 1 1 0 0 1]
 [0 1 1 0 1 1 1 1 1 0]
 [1 1 1 0 1 0 1 1 1 0]
 [1 1 1 1 1 0 1 0 1 1]
 [1 1 0 1 1 1 1 0 1 1]
 [0 1 1 1 1 1 1 1 0 0]]
{'restarts': 491, 'conflicts': 136555, 'decisions': 198334, 'propagations': 50760208}
Q is identifiable
branch at 6
runtime for solving id of Q is 12.139400633051991
Simulation results:
{'J': 50, 'K': 10, 'N': 10, 'p': 0.7, 'seed': 135, 'sim': 7, 'runtime': 12.139400633051991, 'identifiable': 1, 'branch': 6}
8
Q: [[1 1 1 1 1 0 1 1 0 1]
 [1 1 1 0 0 0 1 0 1 0]
 [1 1 0 1 0 1 1 1 1 1]
 [0 1 1 1 1 1 1 1 1 0]
 [0 1 1 0 0 0 1 1 1 0]
 [1 1 1 1 1 1 0 1 1 0]
 [1 0 0 1 1 1 1 0 1 1]
 [1 1 1 1 1 1 1 0 1 1]
 [0 1 1 1 1 1 0 1 1 1]
 [1 0 1 1 1 0 1 0 0 0]
 [0 0 1 1 0 1 1 1 0 1]
 [1 0 1 0 0 1 1 1 1 0]
 [1 0 1 0 0 0 0 1 1 1]
 [1 1 0 1 1 1 1 1 0 0]
 [1 1 1 1 1 0 1 1 1 1]
 [1 0 1 1 1 0 0 1 1 0]
 [0 1 1 1 0 0 1 1 0 1]
 [1 0 1 1 0 1 0 1 1 1]
 [1 0 1 1 1 1 1 0 1 1]
 [1 1 1 0 1 1 0 1 0 0]
 [0 1 0 1 1 1 1 1 1 1]
 [1 1 1 0 1 0 1 0 0 1]
 [0 1 1 1 1 1 1 0 0 1]
 [1 1 0 1 0 1 1 1 1 0]
 [1 1 1 1 1 1 0 1 1 1]
 [1 1 0 1 1 1 1 0 1 1]
 [1 0 1 1 1 0 1 1 1 1]
 [1 0 1 0 1 1 0 1 1 0]
 [1 1 1 1 0 1 1 1 1 1]
 [1 1 1 1 0 1 0 1 1 1]
 [1 1 0 0 1 1 0 0 1 1]
 [1 1 1 0 1 1 1 1 0 0]
 [0 1 0 0 0 0 1 1 0 0]
 [1 1 1 1 1 1 1 0 1 1]
 [1 1 1 1 0 1 0 0 1 1]
 [1 1 0 1 0 1 1 1 1 0]
 [1 1 0 1 0 1 0 1 1 0]
 [1 1 1 1 1 0 1 0 1 1]
 [1 1 1 1 1 1 1 0 1 0]
 [1 1 1 1 1 1 1 1 1 0]
 [1 1 0 1 1 1 1 0 0 1]
 [1 1 0 0 0 1 1 1 1 1]
 [1 1 0 1 0 0 1 1 1 0]
 [0 1 1 1 1 0 1 0 1 1]
 [1 1 0 0 1 1 0 1 1 0]
 [0 1 1 1 1 1 0 1 0 0]
 [0 1 1 0 1 1 0 1 1 0]
 [1 0 0 0 1 1 1 0 1 0]
 [1 1 1 1 1 1 0 1 1 1]
 [1 1 1 1 1 1 0 1 0 0]]
{'restarts': 122, 'conflicts': 40892, 'decisions': 63065, 'propagations': 18141433}
Q is identifiable
branch at 6
runtime for solving id of Q is 3.036158828996122
Simulation results:
{'J': 50, 'K': 10, 'N': 10, 'p': 0.7, 'seed': 135, 'sim': 8, 'runtime': 3.036158828996122, 'identifiable': 1, 'branch': 6}
9
Q: [[0 0 1 1 0 0 1 1 1 1]
 [1 1 0 1 0 0 0 0 1 1]
 [0 0 0 1 1 1 1 1 0 0]
 [1 1 1 1 0 0 1 1 0 0]
 [1 0 1 0 1 1 1 0 1 0]
 [0 1 1 0 1 0 1 1 0 1]
 [1 1 1 1 0 1 1 1 0 1]
 [0 1 1 1 1 0 1 0 0 1]
 [1 1 0 0 1 1 0 1 1 1]
 [1 0 0 1 1 1 0 1 1 1]
 [0 1 1 1 1 1 1 0 1 1]
 [1 1 0 1 1 0 1 1 1 1]
 [0 1 0 1 1 1 1 1 0 1]
 [1 1 0 1 1 1 0 0 0 1]
 [1 1 1 0 1 1 1 0 1 1]
 [1 0 1 1 0 1 1 0 0 1]
 [1 1 1 0 1 0 0 1 1 1]
 [0 0 1 1 1 1 1 0 1 1]
 [1 1 1 1 1 1 1 1 1 1]
 [0 0 1 1 1 1 0 1 1 1]
 [1 1 1 1 0 1 0 1 1 1]
 [1 1 1 1 1 0 1 0 0 0]
 [1 0 1 1 1 1 1 1 1 0]
 [1 0 1 1 1 1 1 1 0 1]
 [1 0 1 1 0 1 1 0 0 1]
 [1 1 0 0 0 1 0 1 1 1]
 [1 1 1 1 1 1 1 0 1 0]
 [1 1 0 1 1 0 1 1 0 1]
 [1 1 1 1 1 0 0 1 1 1]
 [0 0 1 1 1 1 1 1 1 1]
 [0 1 0 1 1 1 0 1 0 0]
 [1 1 1 1 1 1 1 1 1 1]
 [1 0 1 1 0 0 1 1 0 1]
 [1 1 1 1 1 0 1 0 1 0]
 [1 1 1 1 1 0 1 1 0 0]
 [1 1 1 0 1 0 1 1 1 1]
 [1 1 0 1 1 1 1 0 1 1]
 [1 1 1 1 1 1 1 0 1 1]
 [0 1 1 1 1 1 1 0 1 1]
 [1 1 1 0 1 0 1 1 1 1]
 [1 0 1 1 1 1 1 1 0 1]
 [0 1 1 0 1 1 1 0 1 0]
 [1 1 0 1 0 1 0 1 1 1]
 [1 0 1 0 0 0 1 1 1 1]
 [1 1 1 1 0 1 1 1 1 0]
 [0 1 1 1 0 1 0 1 1 1]
 [1 1 1 1 1 1 1 1 1 1]
 [1 1 1 1 1 0 0 1 1 1]
 [0 1 1 1 1 0 1 0 1 1]
 [1 1 0 1 1 0 1 1 1 1]]
{'restarts': 283, 'conflicts': 98348, 'decisions': 144404, 'propagations': 37554500}
Q is identifiable
branch at 6
runtime for solving id of Q is 8.296998337842524
Simulation results:
{'J': 50, 'K': 10, 'N': 10, 'p': 0.7, 'seed': 135, 'sim': 9, 'runtime': 8.296998337842524, 'identifiable': 1, 'branch': 6}
Simulation results:
[{'J': 50, 'K': 10, 'N': 10, 'p': 0.7, 'seed': 135, 'sim': 0, 'runtime': 0.6983722392469645, 'identifiable': 1, 'branch': 6}, {'J': 50, 'K': 10, 'N': 10, 'p': 0.7, 'seed': 135, 'sim': 1, 'runtime': 7.077609715983272, 'identifiable': 1, 'branch': 6}, {'J': 50, 'K': 10, 'N': 10, 'p': 0.7, 'seed': 135, 'sim': 2, 'runtime': 38.09265217836946, 'identifiable': 1, 'branch': 6}, {'J': 50, 'K': 10, 'N': 10, 'p': 0.7, 'seed': 135, 'sim': 3, 'runtime': 6.022334038279951, 'identifiable': 1, 'branch': 6}, {'J': 50, 'K': 10, 'N': 10, 'p': 0.7, 'seed': 135, 'sim': 4, 'runtime': 3.1896195989102125, 'identifiable': 1, 'branch': 6}, {'J': 50, 'K': 10, 'N': 10, 'p': 0.7, 'seed': 135, 'sim': 5, 'runtime': 0.18222669418901205, 'identifiable': 0, 'branch': 5}, {'J': 50, 'K': 10, 'N': 10, 'p': 0.7, 'seed': 135, 'sim': 6, 'runtime': 2.0769639797508717, 'identifiable': 1, 'branch': 6}, {'J': 50, 'K': 10, 'N': 10, 'p': 0.7, 'seed': 135, 'sim': 7, 'runtime': 12.139400633051991, 'identifiable': 1, 'branch': 6}, {'J': 50, 'K': 10, 'N': 10, 'p': 0.7, 'seed': 135, 'sim': 8, 'runtime': 3.036158828996122, 'identifiable': 1, 'branch': 6}, {'J': 50, 'K': 10, 'N': 10, 'p': 0.7, 'seed': 135, 'sim': 9, 'runtime': 8.296998337842524, 'identifiable': 1, 'branch': 6}]
