
The Gurobi software has a limited number of licenses. To request a license or
licenses, add this line

    #SBATCH --licenses=gurobi@slurmdb:1

to your SBATCH script, replacing N with the number of licenses you need. Gurobi
will need one license per process.


0
Q: [[0 0 0 1 0 1 1 1 1 0]
 [0 0 0 1 1 1 0 0 1 1]
 [0 0 0 0 1 0 0 0 1 0]
 [0 1 0 1 1 0 0 0 0 0]
 [0 0 0 0 1 1 1 1 1 0]
 [1 0 1 1 1 1 0 1 1 0]
 [1 1 0 0 0 1 1 0 0 1]
 [1 1 0 0 1 0 1 0 1 1]
 [0 0 0 0 0 0 0 0 0 1]
 [1 1 0 0 1 1 0 0 0 0]
 [1 1 1 0 1 1 0 1 1 1]
 [0 0 1 1 0 1 1 0 1 0]
 [0 1 0 0 1 0 1 1 0 0]
 [0 1 1 1 1 0 1 0 1 0]
 [1 0 0 0 1 0 0 0 0 0]
 [1 1 1 1 0 0 0 1 0 0]
 [1 0 1 1 0 1 1 0 1 1]
 [1 0 1 0 0 0 1 0 1 0]
 [0 1 0 0 1 1 1 1 0 1]
 [0 1 1 0 1 0 0 1 0 0]
 [0 1 1 0 0 0 0 0 1 0]
 [1 1 1 1 1 0 0 1 0 1]
 [1 1 0 1 0 1 1 0 0 0]
 [1 1 0 0 1 0 0 0 1 0]
 [0 0 0 0 1 0 1 0 1 0]
 [1 0 0 1 0 0 1 0 0 0]
 [0 0 1 1 0 0 0 1 1 0]
 [1 1 1 0 1 1 0 0 0 1]
 [0 1 0 0 0 1 1 0 0 1]
 [1 0 1 0 0 0 0 1 1 1]
 [0 1 0 0 1 0 0 0 1 0]
 [0 0 0 1 1 1 0 0 0 1]
 [1 0 1 0 0 1 1 0 0 1]
 [1 0 0 1 0 0 0 0 0 1]
 [1 1 0 0 1 0 0 1 1 0]
 [0 0 1 0 1 1 0 0 1 0]
 [0 0 0 0 1 1 0 0 1 1]
 [1 1 1 0 0 1 0 1 0 0]
 [1 1 0 1 1 1 0 0 0 1]
 [0 1 0 0 1 0 1 0 0 0]
 [1 1 1 1 0 1 0 0 1 1]
 [0 0 0 1 1 1 1 0 1 1]
 [0 1 1 0 1 1 0 0 0 1]
 [1 1 1 0 1 0 0 1 1 0]
 [0 0 1 0 0 1 1 0 1 0]
 [1 0 0 1 0 1 0 0 1 0]
 [0 0 1 0 1 0 0 0 0 1]
 [0 0 0 0 0 0 0 1 0 0]
 [0 1 0 0 0 1 0 0 1 1]
 [1 1 0 1 0 1 1 1 1 0]]
{'restarts': 1, 'conflicts': 318, 'decisions': 1131, 'propagations': 2231226}
Q is identifiable
branch at 6
runtime for solving id of Q is 2.2861485797911882
Simulation results:
{'J': 50, 'K': 10, 'N': 10, 'p': 0.5, 'seed': 54, 'sim': 0, 'runtime': 2.2861485797911882, 'identifiable': True, 'branch': 6}
1
Q: [[0 1 0 1 1 0 0 1 0 0]
 [0 1 0 1 1 0 1 0 0 0]
 [1 1 1 0 0 0 1 1 0 0]
 [0 1 1 1 0 0 1 0 1 1]
 [1 0 0 1 0 0 1 1 1 0]
 [1 1 1 1 1 0 0 1 0 0]
 [1 0 1 1 0 0 0 1 0 1]
 [1 0 0 0 0 0 0 1 0 0]
 [0 1 0 1 1 0 1 1 1 1]
 [0 0 1 0 1 0 0 0 0 0]
 [1 0 0 1 0 0 0 1 1 0]
 [0 0 0 1 1 0 0 1 1 1]
 [1 0 1 0 1 0 0 0 1 0]
 [1 0 1 0 1 1 0 0 0 0]
 [0 0 1 1 1 1 1 1 1 0]
 [0 1 0 0 0 1 0 0 1 0]
 [1 0 1 0 1 1 0 0 1 0]
 [1 1 0 1 0 1 0 0 0 1]
 [0 1 0 1 1 0 1 1 0 0]
 [1 0 1 1 0 0 0 1 0 1]
 [0 1 0 0 1 1 1 1 1 1]
 [1 1 0 0 1 0 0 1 1 0]
 [1 0 1 0 1 0 1 0 0 1]
 [1 1 0 0 1 0 1 0 1 0]
 [1 1 0 0 1 1 1 1 0 1]
 [1 1 0 0 1 0 0 1 0 1]
 [0 1 1 1 0 0 1 0 1 1]
 [0 1 0 0 1 0 0 0 1 0]
 [0 1 0 0 0 0 0 0 1 0]
 [0 1 1 0 1 1 0 1 1 1]
 [0 0 0 0 0 0 0 0 1 1]
 [1 1 1 1 0 1 1 1 0 1]
 [0 1 1 0 1 1 1 0 1 0]
 [1 0 0 0 0 0 1 0 1 0]
 [0 1 1 1 0 1 1 0 1 1]
 [1 1 1 1 1 1 0 1 1 0]
 [1 1 0 1 1 0 1 0 0 1]
 [0 1 1 1 1 0 1 0 0 1]
 [0 0 0 0 1 1 0 1 0 0]
 [0 1 1 1 1 1 0 1 1 1]
 [1 1 0 1 1 1 1 0 0 1]
 [1 0 1 1 1 1 1 1 1 1]
 [1 1 1 1 0 0 0 0 0 1]
 [1 0 1 1 0 0 1 1 0 1]
 [1 0 1 0 0 0 0 0 0 0]
 [0 0 0 0 0 0 1 1 1 0]
 [0 0 0 0 1 1 0 1 0 0]
 [0 0 0 0 0 0 1 0 0 1]
 [1 0 1 0 0 0 0 1 1 1]
 [1 1 1 0 1 1 1 0 0 0]]
{'restarts': 1, 'conflicts': 372, 'decisions': 1136, 'propagations': 1937603}
Q is identifiable
branch at 6
runtime for solving id of Q is 1.3400583574548364
Simulation results:
{'J': 50, 'K': 10, 'N': 10, 'p': 0.5, 'seed': 54, 'sim': 1, 'runtime': 1.3400583574548364, 'identifiable': True, 'branch': 6}
2
Q: [[0 1 0 1 0 1 0 0 1 0]
 [1 0 0 1 0 0 0 0 1 1]
 [0 1 1 1 1 0 0 0 1 0]
 [1 1 1 0 1 0 0 0 1 1]
 [1 1 1 0 1 1 1 0 1 1]
 [1 1 1 1 0 0 0 0 0 0]
 [1 1 0 1 1 0 1 1 1 0]
 [0 0 0 0 1 1 0 1 1 1]
 [1 0 0 1 0 1 1 0 0 1]
 [1 1 1 0 0 0 1 0 1 1]
 [0 1 0 1 1 0 1 0 0 0]
 [1 1 1 1 1 1 0 1 1 0]
 [0 0 1 1 0 0 1 0 0 1]
 [0 0 0 0 1 1 0 0 1 0]
 [0 0 1 1 1 1 0 1 1 1]
 [1 0 1 1 1 1 1 0 0 0]
 [0 0 0 0 1 0 1 0 0 1]
 [1 0 0 1 0 0 0 0 0 1]
 [0 1 0 1 1 0 1 0 0 1]
 [1 0 1 0 1 0 0 1 1 0]
 [0 0 0 0 1 1 1 1 0 0]
 [0 0 0 1 1 0 0 1 0 1]
 [0 1 0 1 1 1 0 1 0 1]
 [1 0 0 0 1 1 0 1 1 1]
 [0 1 1 0 1 0 1 1 1 0]
 [1 1 0 0 0 1 0 0 1 0]
 [0 1 1 1 0 0 1 0 0 0]
 [0 1 1 1 0 0 0 1 1 1]
 [1 0 0 1 0 0 0 0 0 0]
 [0 0 0 1 1 1 0 1 0 1]
 [1 1 0 0 1 1 1 1 0 1]
 [0 1 0 0 1 0 1 0 0 0]
 [1 0 1 0 0 0 0 0 0 1]
 [1 0 1 0 1 1 0 0 1 1]
 [1 1 0 1 0 0 1 0 1 1]
 [0 1 0 1 1 1 0 1 0 1]
 [0 1 1 1 0 1 0 0 0 0]
 [0 1 1 0 0 0 1 0 1 0]
 [0 0 1 1 0 0 1 0 1 1]
 [0 1 0 1 0 1 0 1 1 1]
 [0 0 1 0 1 0 0 0 0 0]
 [0 1 0 1 1 0 0 1 0 0]
 [0 0 1 0 1 0 0 1 0 1]
 [0 1 1 1 0 1 0 0 0 1]
 [0 0 0 1 1 0 1 0 1 1]
 [1 0 0 0 0 1 1 1 0 1]
 [1 1 1 1 0 1 1 0 1 0]
 [1 1 0 0 0 1 1 1 0 1]
 [0 1 1 0 1 0 0 0 0 0]
 [0 1 0 1 1 1 1 0 1 0]]
{'restarts': 3, 'conflicts': 761, 'decisions': 2927, 'propagations': 5893404}
Q is identifiable
branch at 6
runtime for solving id of Q is 2.3414744650945067
Simulation results:
{'J': 50, 'K': 10, 'N': 10, 'p': 0.5, 'seed': 54, 'sim': 2, 'runtime': 2.3414744650945067, 'identifiable': True, 'branch': 6}
3
Q: [[0 1 1 1 0 0 1 0 0 1]
 [0 1 0 1 1 0 0 0 1 0]
 [1 0 1 1 1 1 0 1 0 1]
 [0 1 1 0 1 0 1 0 1 1]
 [1 1 1 1 1 0 0 0 0 1]
 [1 0 1 1 1 1 1 0 1 0]
 [0 1 0 0 0 1 1 1 1 0]
 [0 0 0 1 0 0 0 0 0 0]
 [0 1 0 0 1 0 0 1 1 1]
 [0 1 0 1 1 1 0 1 0 0]
 [0 1 1 0 0 0 1 0 1 0]
 [1 0 0 0 0 0 1 1 1 1]
 [0 0 1 0 1 1 0 1 1 0]
 [0 1 0 1 1 0 1 0 0 1]
 [1 0 0 0 1 0 0 1 0 0]
 [0 1 1 1 1 0 0 1 0 0]
 [1 0 0 1 0 1 1 0 1 0]
 [1 0 1 1 1 0 0 1 0 1]
 [0 1 1 0 1 0 0 1 1 1]
 [0 1 1 1 0 0 0 1 0 0]
 [1 1 0 0 1 0 1 1 0 0]
 [0 0 1 1 1 0 0 1 1 1]
 [0 1 0 1 0 1 1 1 1 0]
 [0 1 1 0 0 1 1 1 1 0]
 [0 1 0 1 0 1 0 1 1 0]
 [1 1 0 1 0 0 0 0 1 1]
 [0 0 1 0 1 0 1 1 1 0]
 [0 0 0 0 0 1 1 1 1 0]
 [0 0 1 1 1 1 1 1 1 1]
 [0 0 0 1 0 1 0 1 0 0]
 [0 0 0 1 0 1 1 1 0 0]
 [1 0 0 1 1 0 0 1 1 0]
 [0 0 0 1 0 0 1 0 1 0]
 [1 1 1 0 1 1 0 0 0 0]
 [1 1 1 1 1 0 1 0 0 1]
 [0 0 0 0 0 0 0 0 1 1]
 [1 0 1 0 0 1 1 1 1 0]
 [0 0 1 1 1 0 0 1 1 1]
 [1 1 1 0 0 0 1 1 0 0]
 [0 1 0 0 0 1 0 0 0 1]
 [1 0 0 1 1 1 1 0 1 0]
 [0 0 1 0 1 0 0 1 0 0]
 [0 1 0 1 0 0 1 1 1 1]
 [1 1 1 1 0 1 1 0 0 0]
 [0 1 0 0 0 1 0 0 0 0]
 [0 1 0 0 0 0 0 1 1 1]
 [1 1 0 0 1 1 1 1 0 1]
 [1 1 1 1 0 1 1 1 0 0]
 [0 0 0 0 0 0 1 0 1 1]
 [1 0 0 1 0 0 1 0 0 0]]
{'restarts': 1, 'conflicts': 798, 'decisions': 2151, 'propagations': 5233501}
Q is identifiable
branch at 6
runtime for solving id of Q is 2.1597618171945214
Simulation results:
{'J': 50, 'K': 10, 'N': 10, 'p': 0.5, 'seed': 54, 'sim': 3, 'runtime': 2.1597618171945214, 'identifiable': True, 'branch': 6}
4
Q: [[1 0 1 0 1 1 1 0 1 0]
 [1 1 0 1 0 0 0 1 1 0]
 [1 0 0 0 1 1 0 1 1 1]
 [0 0 0 0 1 1 1 1 1 0]
 [1 0 0 0 0 1 0 1 0 1]
 [1 1 0 0 1 0 1 0 0 0]
 [0 0 0 1 1 1 0 1 1 0]
 [0 1 0 0 0 0 0 1 1 1]
 [1 1 1 1 1 0 1 1 0 1]
 [0 0 0 1 0 1 0 0 0 1]
 [1 0 0 1 0 0 1 0 0 0]
 [1 0 1 1 1 1 0 0 0 0]
 [1 1 0 1 1 1 1 0 0 1]
 [1 0 1 0 1 0 1 1 0 0]
 [1 0 0 1 1 1 1 0 1 1]
 [0 1 0 0 0 0 0 0 1 1]
 [1 0 0 0 0 0 1 1 0 0]
 [0 0 0 0 1 0 0 0 1 1]
 [1 1 1 1 1 1 1 0 1 0]
 [0 1 0 1 1 0 1 1 0 0]
 [0 1 0 1 0 1 0 0 1 0]
 [1 1 0 1 0 0 1 1 1 1]
 [1 1 0 0 1 0 0 0 1 1]
 [1 1 1 0 1 0 0 0 0 0]
 [1 0 1 0 0 0 0 1 1 0]
 [0 1 0 1 0 0 1 1 0 0]
 [1 0 1 1 0 1 0 0 1 0]
 [1 1 0 1 0 1 0 0 0 0]
 [0 0 0 0 1 0 0 1 0 0]
 [1 1 0 0 1 0 0 1 1 0]
 [0 0 1 0 1 0 1 0 1 1]
 [1 0 1 0 1 0 0 1 0 0]
 [1 1 0 1 1 0 0 1 1 1]
 [1 1 1 0 1 1 0 0 1 0]
 [1 1 1 0 0 1 0 1 1 0]
 [1 0 1 1 0 0 1 0 1 0]
 [0 1 0 0 0 0 0 0 0 0]
 [1 0 0 0 0 0 1 0 1 0]
 [0 0 1 1 0 0 1 1 1 1]
 [0 0 1 1 1 1 1 0 1 0]
 [1 0 0 1 0 1 1 1 0 1]
 [1 0 1 1 1 0 1 0 0 0]
 [1 0 0 0 0 0 0 1 1 1]
 [0 1 0 0 0 1 1 0 1 0]
 [0 1 1 1 1 0 1 0 0 0]
 [1 0 0 1 1 1 1 1 1 1]
 [1 1 1 1 0 1 1 0 1 0]
 [1 1 0 1 1 0 0 0 1 1]
 [1 0 1 1 0 1 0 1 1 1]
 [0 0 1 0 1 0 0 0 0 1]]
{'restarts': 1, 'conflicts': 576, 'decisions': 2134, 'propagations': 4290552}
Q is identifiable
branch at 6
runtime for solving id of Q is 2.099682920612395
Simulation results:
{'J': 50, 'K': 10, 'N': 10, 'p': 0.5, 'seed': 54, 'sim': 4, 'runtime': 2.099682920612395, 'identifiable': True, 'branch': 6}
5
Q: [[1 0 0 0 1 1 0 0 1 1]
 [1 0 0 1 1 0 0 1 0 0]
 [0 0 0 1 1 1 0 1 0 0]
 [0 1 1 0 0 0 0 1 0 1]
 [0 0 0 0 1 1 0 0 1 0]
 [1 1 0 1 1 0 0 1 1 1]
 [0 0 1 1 1 1 1 1 1 0]
 [0 0 1 0 1 1 1 0 0 0]
 [0 1 1 0 0 1 0 0 0 1]
 [0 1 0 0 0 0 1 1 0 0]
 [1 1 1 0 1 0 0 0 0 0]
 [1 0 0 1 1 1 1 1 0 0]
 [1 0 1 1 1 0 1 0 1 0]
 [0 1 0 1 0 0 1 0 0 0]
 [0 0 1 0 1 1 1 1 1 1]
 [0 1 1 1 0 1 1 1 1 1]
 [1 1 0 1 0 0 0 1 0 0]
 [0 1 0 0 0 1 0 1 1 0]
 [0 1 0 0 1 0 0 1 1 0]
 [0 0 1 1 1 0 0 0 0 1]
 [0 0 1 1 1 1 0 0 1 0]
 [1 1 1 0 0 1 1 1 1 0]
 [0 1 1 1 1 0 0 0 1 1]
 [1 1 1 0 0 1 1 1 0 0]
 [0 1 0 1 1 0 0 1 0 0]
 [0 1 0 1 0 1 0 1 0 1]
 [0 0 0 0 0 0 0 0 1 0]
 [1 1 0 0 1 0 1 0 0 0]
 [1 1 1 1 0 1 1 0 1 1]
 [1 1 1 0 0 1 1 0 1 1]
 [1 1 0 0 0 1 0 1 1 1]
 [0 1 1 1 0 1 0 1 1 1]
 [0 1 1 0 1 0 0 1 1 1]
 [1 1 1 1 0 0 0 1 0 0]
 [0 0 0 0 0 1 1 1 0 0]
 [0 0 0 0 1 0 1 0 1 1]
 [0 0 1 0 1 0 1 1 1 0]
 [0 0 1 0 1 0 0 1 0 1]
 [1 1 1 0 1 1 1 1 1 1]
 [0 0 0 1 0 1 0 0 1 1]
 [0 0 1 0 1 1 1 0 0 1]
 [1 1 0 1 0 1 1 0 1 1]
 [1 0 1 0 1 0 1 1 0 0]
 [0 0 0 1 1 0 0 0 0 1]
 [0 0 0 1 0 0 1 0 0 0]
 [0 1 1 1 0 0 0 0 0 1]
 [0 1 0 0 0 1 0 0 1 1]
 [0 0 0 0 0 0 1 0 1 1]
 [1 0 1 1 0 1 1 0 0 0]
 [0 0 0 1 0 1 0 1 0 1]]
{'restarts': 2, 'conflicts': 475, 'decisions': 1638, 'propagations': 3424405}
Q is identifiable
branch at 6
runtime for solving id of Q is 2.4143385542556643
Simulation results:
{'J': 50, 'K': 10, 'N': 10, 'p': 0.5, 'seed': 54, 'sim': 5, 'runtime': 2.4143385542556643, 'identifiable': True, 'branch': 6}
6
Q: [[1 0 0 0 1 0 0 1 1 0]
 [0 0 1 0 0 1 0 1 1 1]
 [1 0 0 0 0 0 1 1 1 1]
 [1 0 1 0 0 0 1 1 1 1]
 [0 0 0 1 1 0 0 0 1 1]
 [1 1 0 1 1 1 1 1 0 0]
 [1 0 1 0 1 1 1 1 0 1]
 [1 1 0 1 0 0 0 1 1 1]
 [0 1 0 0 1 1 1 0 0 1]
 [1 0 1 0 1 1 0 1 0 0]
 [0 0 0 1 1 0 1 0 0 1]
 [1 0 1 1 0 1 0 1 0 1]
 [0 0 0 1 0 1 1 0 1 0]
 [1 0 0 0 1 0 0 1 1 0]
 [0 0 1 1 0 1 1 0 0 0]
 [0 0 1 1 0 1 1 1 1 0]
 [1 1 1 1 0 1 0 0 0 1]
 [0 0 1 1 1 1 1 1 1 1]
 [0 0 1 0 0 1 0 0 1 1]
 [0 0 0 1 1 1 1 0 0 1]
 [1 1 1 0 0 1 1 0 0 0]
 [0 1 1 1 0 1 0 0 1 0]
 [1 1 0 1 1 0 0 1 0 0]
 [0 0 1 1 0 1 1 0 1 1]
 [1 0 0 1 1 0 0 0 0 1]
 [1 0 0 0 0 1 0 1 0 0]
 [1 0 1 1 1 1 0 0 0 1]
 [0 1 0 1 0 1 0 1 0 1]
 [1 1 0 1 0 1 1 0 1 0]
 [0 1 0 0 0 0 1 0 1 0]
 [0 0 1 0 1 0 0 0 0 1]
 [1 1 0 1 1 0 1 0 1 1]
 [1 1 0 0 1 0 1 1 0 0]
 [0 0 0 1 1 0 0 0 0 1]
 [0 1 0 1 1 0 1 1 1 0]
 [1 1 0 0 1 1 0 0 0 0]
 [0 1 0 0 1 0 1 0 1 1]
 [0 1 0 1 0 0 1 0 1 1]
 [0 1 1 1 0 0 1 0 1 0]
 [1 1 0 1 1 1 0 1 1 0]
 [1 0 0 1 0 1 0 0 0 1]
 [0 0 0 0 1 1 1 1 0 1]
 [1 1 0 0 0 0 1 0 0 1]
 [1 1 1 1 0 0 1 1 1 0]
 [1 1 0 1 1 1 0 0 1 0]
 [1 1 0 0 1 0 1 0 1 1]
 [0 1 1 0 1 1 1 1 0 0]
 [1 1 0 1 1 1 1 0 1 1]
 [0 1 0 0 0 0 0 0 0 0]
 [1 1 1 1 1 0 0 0 0 1]]
{'restarts': 6, 'conflicts': 1845, 'decisions': 4740, 'propagations': 14546966}
Q is identifiable
branch at 6
runtime for solving id of Q is 3.162483647465706
Simulation results:
{'J': 50, 'K': 10, 'N': 10, 'p': 0.5, 'seed': 54, 'sim': 6, 'runtime': 3.162483647465706, 'identifiable': True, 'branch': 6}
7
Q: [[0 0 0 1 0 0 1 1 0 1]
 [1 0 1 1 1 0 1 0 1 1]
 [1 0 1 0 1 1 1 1 1 0]
 [0 0 1 0 0 1 1 1 1 1]
 [1 1 0 1 1 0 0 0 1 0]
 [0 1 1 1 1 0 0 1 1 1]
 [1 0 1 1 0 1 1 1 0 1]
 [0 0 1 0 1 0 1 1 1 0]
 [0 1 0 0 0 1 1 0 0 0]
 [1 0 1 0 0 0 0 1 1 0]
 [1 0 1 1 1 1 0 0 1 1]
 [1 1 1 0 0 0 0 0 1 0]
 [1 0 0 1 0 1 0 0 0 1]
 [0 0 1 0 0 1 0 0 1 1]
 [0 1 1 0 0 1 1 1 1 1]
 [1 0 1 0 1 1 0 0 1 1]
 [1 0 0 0 1 1 1 1 1 1]
 [0 0 0 1 1 0 0 1 0 1]
 [1 0 0 0 0 0 0 0 0 0]
 [1 1 1 0 0 1 0 0 0 0]
 [0 0 1 1 0 1 0 0 1 0]
 [0 1 1 1 1 1 1 0 0 0]
 [1 1 0 1 0 1 1 1 0 1]
 [0 0 1 1 0 0 1 1 0 1]
 [1 0 0 0 1 0 0 1 0 1]
 [1 0 1 1 1 0 0 1 0 0]
 [0 0 1 0 1 0 0 0 1 1]
 [1 1 1 1 0 0 1 1 1 0]
 [0 0 1 0 1 1 1 0 0 0]
 [0 1 1 1 0 0 0 0 1 1]
 [0 1 1 1 1 0 0 1 0 0]
 [0 1 0 0 0 0 1 0 1 1]
 [0 1 1 0 1 1 1 0 1 1]
 [1 0 0 0 0 0 1 1 1 1]
 [1 0 0 0 0 1 1 1 0 1]
 [0 1 1 1 1 0 0 1 0 0]
 [0 0 0 0 1 1 0 1 0 1]
 [1 1 1 0 0 1 1 0 1 1]
 [1 0 1 1 1 0 0 0 0 0]
 [0 1 1 1 0 1 1 0 1 0]
 [1 0 0 0 0 0 1 0 1 1]
 [1 0 1 0 1 1 0 1 0 0]
 [0 1 1 1 0 1 0 1 0 1]
 [1 0 0 1 1 0 1 0 0 1]
 [0 0 0 1 0 1 0 0 0 0]
 [1 0 1 0 0 0 1 0 1 0]
 [1 1 1 1 0 1 0 0 1 0]
 [0 1 1 1 1 0 0 0 1 0]
 [1 1 1 0 1 1 0 1 1 1]
 [0 0 1 0 0 0 0 1 1 0]]
{'restarts': 3, 'conflicts': 907, 'decisions': 3350, 'propagations': 5606977}
Q is identifiable
branch at 6
runtime for solving id of Q is 1.8682364663109183
Simulation results:
{'J': 50, 'K': 10, 'N': 10, 'p': 0.5, 'seed': 54, 'sim': 7, 'runtime': 1.8682364663109183, 'identifiable': True, 'branch': 6}
8
Q: [[1 0 1 1 1 0 1 1 1 1]
 [0 1 0 0 1 1 1 0 1 0]
 [0 0 0 0 0 1 1 1 0 0]
 [1 0 1 0 0 0 1 1 1 0]
 [0 1 0 0 0 0 1 1 0 1]
 [1 0 1 0 1 0 1 1 0 0]
 [1 1 1 0 1 1 0 1 1 0]
 [1 1 0 1 0 0 0 0 1 1]
 [0 0 0 1 1 0 0 0 1 0]
 [0 0 1 1 0 1 0 1 1 0]
 [0 1 1 1 1 1 0 1 0 1]
 [1 1 0 1 1 0 1 1 1 1]
 [1 0 1 1 0 1 1 1 1 0]
 [0 0 0 0 0 1 0 0 1 0]
 [1 0 1 1 1 0 1 1 1 0]
 [1 0 0 1 1 0 0 1 0 0]
 [1 1 1 1 1 0 1 1 1 0]
 [0 0 1 0 1 0 1 1 0 0]
 [1 1 0 1 0 1 1 0 1 0]
 [1 1 0 0 1 1 1 1 0 1]
 [0 1 0 1 0 0 0 1 0 0]
 [1 1 0 1 0 0 0 0 0 0]
 [1 0 1 0 1 1 0 1 1 0]
 [1 0 1 0 0 0 1 0 1 0]
 [0 1 1 0 1 1 1 1 0 1]
 [0 0 1 0 1 1 0 1 1 1]
 [1 1 1 0 0 1 0 1 0 0]
 [0 0 0 0 0 0 1 0 0 0]
 [1 1 1 0 1 1 1 0 0 0]
 [0 0 1 1 0 1 0 0 1 1]
 [0 0 1 0 1 1 1 1 0 1]
 [0 0 0 0 1 1 0 0 1 0]
 [1 1 0 1 0 0 1 0 1 1]
 [1 0 0 0 1 1 0 0 0 1]
 [1 1 0 1 1 0 1 1 0 0]
 [1 0 0 1 1 0 0 0 1 1]
 [0 1 0 1 1 0 1 1 1 1]
 [1 1 0 1 1 0 0 0 0 0]
 [0 0 0 1 1 0 1 1 0 0]
 [0 0 0 1 0 1 0 1 0 0]
 [0 0 0 0 1 1 1 1 0 1]
 [1 0 0 1 1 1 0 0 0 0]
 [0 1 1 0 0 1 1 1 1 0]
 [0 1 0 1 0 0 1 0 1 0]
 [1 0 0 0 0 0 1 0 1 1]
 [1 0 0 1 0 0 0 1 1 1]
 [0 1 0 1 0 1 0 1 0 1]
 [1 1 0 1 0 0 0 1 0 1]
 [1 0 0 0 1 1 0 0 0 0]
 [0 0 0 0 0 1 1 0 0 1]]
{'restarts': 1, 'conflicts': 324, 'decisions': 1528, 'propagations': 1719437}
Q is identifiable
branch at 6
runtime for solving id of Q is 1.7400023322552443
Simulation results:
{'J': 50, 'K': 10, 'N': 10, 'p': 0.5, 'seed': 54, 'sim': 8, 'runtime': 1.7400023322552443, 'identifiable': True, 'branch': 6}
9
Q: [[1 0 0 0 0 0 1 1 0 1]
 [1 0 1 1 1 1 0 1 0 1]
 [0 0 1 0 1 1 1 1 1 0]
 [1 0 1 0 0 0 0 0 0 0]
 [1 0 0 1 0 1 1 0 1 1]
 [0 0 1 0 0 1 1 1 1 0]
 [0 0 0 0 0 1 0 0 0 0]
 [0 1 0 0 1 1 0 1 1 0]
 [0 0 1 0 1 1 0 1 0 1]
 [0 0 1 0 1 1 0 1 1 1]
 [0 1 0 0 0 1 0 1 1 0]
 [1 0 1 0 0 1 0 0 1 0]
 [1 0 0 0 1 1 1 0 0 0]
 [1 0 0 0 0 0 0 0 1 0]
 [1 0 0 1 1 0 0 1 0 0]
 [0 1 1 0 0 0 0 0 1 1]
 [1 1 0 1 0 1 0 1 0 0]
 [1 1 1 0 1 0 1 1 1 1]
 [0 1 0 0 0 0 0 0 1 1]
 [1 1 1 1 0 0 0 0 1 1]
 [1 1 1 0 1 0 0 0 1 1]
 [0 0 1 1 0 1 1 0 0 1]
 [0 1 1 0 0 1 1 1 0 1]
 [0 1 0 0 0 0 1 0 1 0]
 [1 1 1 1 1 0 0 0 1 0]
 [0 0 1 1 0 1 0 0 1 1]
 [0 1 0 0 0 0 1 0 1 1]
 [0 0 0 0 0 1 1 1 1 0]
 [0 0 0 0 0 1 0 1 0 1]
 [0 0 1 1 0 0 1 1 0 1]
 [0 1 1 1 0 1 1 1 0 1]
 [0 0 0 1 1 0 1 1 0 0]
 [1 0 0 1 0 1 1 1 1 1]
 [0 1 0 0 1 0 0 0 0 1]
 [0 1 1 0 0 0 0 1 0 0]
 [1 0 0 1 1 1 1 0 0 1]
 [0 1 0 0 0 0 0 0 1 0]
 [0 1 0 1 1 1 1 0 0 0]
 [1 1 1 1 0 0 0 0 0 1]
 [0 0 0 1 1 0 1 0 0 1]
 [0 0 1 0 0 0 0 1 0 0]
 [0 0 1 1 1 0 1 0 1 0]
 [1 0 0 0 0 0 0 1 0 1]
 [0 0 0 0 1 0 1 0 1 1]
 [1 1 1 0 1 0 1 1 1 1]
 [0 0 1 1 1 0 1 0 0 1]
 [0 1 0 0 0 1 0 1 0 1]
 [1 1 1 0 0 0 1 1 1 0]
 [1 1 1 1 0 0 0 0 0 1]
 [0 1 1 0 0 0 1 1 1 1]]
{'restarts': 1, 'conflicts': 353, 'decisions': 1765, 'propagations': 2692849}
Q is identifiable
branch at 6
runtime for solving id of Q is 2.131777056492865
Simulation results:
{'J': 50, 'K': 10, 'N': 10, 'p': 0.5, 'seed': 54, 'sim': 9, 'runtime': 2.131777056492865, 'identifiable': True, 'branch': 6}
Simulation results:
[{'J': 50, 'K': 10, 'N': 10, 'p': 0.5, 'seed': 54, 'sim': 0, 'runtime': 2.2861485797911882, 'identifiable': True, 'branch': 6}, {'J': 50, 'K': 10, 'N': 10, 'p': 0.5, 'seed': 54, 'sim': 1, 'runtime': 1.3400583574548364, 'identifiable': True, 'branch': 6}, {'J': 50, 'K': 10, 'N': 10, 'p': 0.5, 'seed': 54, 'sim': 2, 'runtime': 2.3414744650945067, 'identifiable': True, 'branch': 6}, {'J': 50, 'K': 10, 'N': 10, 'p': 0.5, 'seed': 54, 'sim': 3, 'runtime': 2.1597618171945214, 'identifiable': True, 'branch': 6}, {'J': 50, 'K': 10, 'N': 10, 'p': 0.5, 'seed': 54, 'sim': 4, 'runtime': 2.099682920612395, 'identifiable': True, 'branch': 6}, {'J': 50, 'K': 10, 'N': 10, 'p': 0.5, 'seed': 54, 'sim': 5, 'runtime': 2.4143385542556643, 'identifiable': True, 'branch': 6}, {'J': 50, 'K': 10, 'N': 10, 'p': 0.5, 'seed': 54, 'sim': 6, 'runtime': 3.162483647465706, 'identifiable': True, 'branch': 6}, {'J': 50, 'K': 10, 'N': 10, 'p': 0.5, 'seed': 54, 'sim': 7, 'runtime': 1.8682364663109183, 'identifiable': True, 'branch': 6}, {'J': 50, 'K': 10, 'N': 10, 'p': 0.5, 'seed': 54, 'sim': 8, 'runtime': 1.7400023322552443, 'identifiable': True, 'branch': 6}, {'J': 50, 'K': 10, 'N': 10, 'p': 0.5, 'seed': 54, 'sim': 9, 'runtime': 2.131777056492865, 'identifiable': True, 'branch': 6}]
