
The Gurobi software has a limited number of licenses. To request a license or
licenses, add this line

    #SBATCH --licenses=gurobi@slurmdb:1

to your SBATCH script, replacing N with the number of licenses you need. Gurobi
will need one license per process.


0
Q: [[0 1 0 0 0 0 0 0 0 1]
 [0 1 0 1 0 1 0 1 0 0]
 [1 1 0 1 1 1 0 0 0 1]
 [0 0 1 1 1 0 1 1 0 1]
 [1 1 0 1 0 0 1 0 0 0]
 [0 1 0 0 0 0 1 0 1 1]
 [0 0 1 0 0 1 1 1 1 1]
 [1 0 0 1 0 0 1 0 1 1]
 [1 1 1 0 0 1 0 1 1 1]
 [0 1 0 1 0 0 1 1 0 1]
 [0 1 1 0 1 1 0 1 1 1]
 [0 0 1 1 0 1 1 1 1 0]
 [0 0 0 0 1 1 1 1 0 0]
 [1 1 1 0 1 0 1 0 1 1]
 [1 0 0 0 0 0 0 1 1 0]
 [0 1 1 0 0 1 0 1 1 1]
 [0 0 1 1 0 0 0 0 1 1]
 [0 1 1 0 1 1 1 0 0 0]
 [1 0 1 0 0 1 0 1 1 1]
 [0 0 1 1 1 1 0 0 1 1]
 [1 1 1 1 0 0 1 1 1 1]
 [0 1 0 0 0 1 0 1 1 0]
 [0 0 0 1 0 1 1 1 1 1]
 [0 1 1 0 0 1 0 1 0 1]
 [0 1 1 0 1 1 0 0 1 1]
 [0 1 0 1 1 1 1 1 0 1]
 [1 1 1 1 1 0 1 0 0 0]
 [0 0 1 0 1 1 0 0 0 1]
 [1 1 1 0 0 1 1 1 1 1]
 [1 1 1 0 0 0 0 0 1 0]
 [1 1 1 1 0 0 0 0 1 0]
 [1 1 0 0 0 0 1 0 0 1]
 [0 1 0 0 1 0 0 1 1 1]
 [0 1 0 1 1 0 0 1 1 1]
 [1 1 1 1 0 1 1 1 1 0]
 [1 1 0 0 1 0 1 0 1 1]
 [0 0 1 1 1 1 1 1 1 0]
 [0 0 0 1 0 0 1 1 1 0]
 [0 1 1 0 0 0 1 0 0 1]
 [0 1 0 0 1 1 0 1 1 1]
 [1 1 0 1 0 1 0 0 0 0]
 [0 1 1 1 1 0 1 0 1 1]
 [0 0 0 0 0 0 0 1 0 1]
 [0 0 0 0 1 0 1 0 1 0]
 [1 0 1 0 1 1 1 1 0 0]
 [0 1 1 1 1 1 1 0 0 0]
 [0 1 0 0 1 0 1 0 1 0]
 [1 0 0 1 1 0 1 1 0 1]
 [0 1 1 1 0 1 0 0 1 0]
 [1 1 0 0 0 1 1 1 1 0]
 [0 0 0 0 1 0 1 0 1 0]
 [1 0 0 0 1 0 1 0 1 1]
 [1 1 1 1 1 0 0 0 0 0]
 [1 0 1 1 1 1 1 0 0 0]
 [0 1 0 0 0 0 1 0 1 0]
 [0 1 1 0 0 0 1 1 1 0]
 [0 1 1 0 1 1 0 1 1 0]
 [0 1 1 1 1 1 0 1 1 0]
 [1 0 1 0 1 0 1 0 0 1]
 [0 1 1 0 0 0 0 0 0 0]
 [1 1 0 0 0 1 1 1 0 1]
 [0 1 1 0 0 1 0 0 0 0]
 [0 1 0 1 1 0 1 1 1 1]
 [0 1 1 0 1 0 1 0 0 0]
 [0 1 0 1 0 0 0 0 1 0]
 [0 0 1 0 1 0 1 0 1 0]
 [1 1 0 1 0 1 1 0 1 0]
 [1 1 0 1 1 1 0 0 1 1]
 [1 1 1 1 0 1 1 1 0 1]
 [0 1 1 0 0 0 0 1 1 0]
 [0 0 1 0 0 0 1 0 0 1]
 [0 0 0 1 1 0 1 0 1 0]
 [0 1 1 1 1 0 1 0 1 1]
 [1 0 1 0 1 1 1 1 1 0]
 [1 0 0 1 0 1 1 0 0 1]]
{'restarts': 3, 'conflicts': 546, 'decisions': 1582, 'propagations': 592662}
Q is identifiable
branch at 6
runtime for solving id of Q is 0.4885042840614915
Simulation results:
{'J': 75, 'K': 10, 'N': 10, 'p': 0.5, 'seed': 1, 'sim': 0, 'runtime': 0.4885042840614915, 'identifiable': 1, 'branch': 6}
1
Q: [[0 0 1 1 0 1 0 1 0 1]
 [0 1 0 0 0 0 1 1 1 1]
 [1 1 1 0 1 0 0 0 0 0]
 [0 1 0 1 1 0 1 1 0 1]
 [0 0 0 1 0 1 0 1 0 1]
 [1 0 1 1 0 1 0 1 1 0]
 [0 0 1 0 1 0 0 0 1 1]
 [1 0 1 0 0 0 0 0 1 1]
 [1 1 0 0 1 1 0 0 0 0]
 [0 0 0 1 1 0 1 0 1 0]
 [1 1 1 0 0 1 1 1 0 1]
 [1 0 0 1 1 1 1 1 0 1]
 [0 0 0 0 1 0 0 0 1 1]
 [0 0 1 0 1 0 1 0 1 0]
 [0 0 0 0 1 0 1 1 1 0]
 [0 1 0 1 1 0 1 0 1 0]
 [1 0 1 1 1 0 1 1 0 1]
 [0 0 0 1 0 0 1 1 0 0]
 [0 0 0 0 1 1 0 1 0 1]
 [0 0 0 1 0 1 0 0 0 0]
 [0 1 0 0 0 0 1 0 0 1]
 [1 1 1 1 0 0 0 0 1 0]
 [1 1 0 1 0 0 0 1 0 1]
 [0 0 1 0 0 1 1 0 1 1]
 [1 0 1 0 1 1 0 1 0 1]
 [0 1 1 1 0 0 0 0 0 1]
 [1 0 1 1 0 0 0 0 0 1]
 [1 1 0 1 0 0 1 1 1 1]
 [0 0 0 0 1 0 0 0 1 1]
 [0 0 0 1 1 1 1 0 1 0]
 [0 1 1 0 1 1 1 1 0 1]
 [1 0 0 1 1 1 0 0 1 0]
 [0 1 0 1 1 0 1 1 1 1]
 [0 1 1 0 0 1 0 0 0 1]
 [1 1 0 1 1 1 0 1 1 1]
 [0 1 0 0 1 1 1 1 1 1]
 [0 0 1 0 0 1 0 0 1 0]
 [0 0 1 1 0 1 1 0 1 0]
 [0 0 0 1 1 0 1 1 1 1]
 [0 0 0 1 0 1 1 1 1 0]
 [1 1 1 0 0 0 0 1 1 1]
 [0 0 0 0 0 1 1 1 0 0]
 [0 0 0 0 1 1 0 1 0 1]
 [1 1 0 1 1 0 1 1 0 1]
 [1 0 1 0 1 1 0 0 1 1]
 [1 1 1 1 0 0 0 1 0 1]
 [1 0 0 0 0 1 0 1 1 0]
 [0 0 1 1 0 0 0 1 0 1]
 [0 1 0 1 0 0 1 1 0 0]
 [0 0 0 1 1 1 0 1 0 0]
 [0 1 0 0 0 1 0 0 1 0]
 [0 1 1 1 0 1 1 0 0 1]
 [0 1 0 1 0 0 0 0 0 0]
 [1 1 1 0 1 1 0 0 0 1]
 [1 1 0 1 1 1 0 1 1 0]
 [1 0 1 1 0 0 1 1 0 1]
 [0 0 0 0 0 1 1 1 1 1]
 [1 1 1 0 0 0 1 0 1 0]
 [0 1 0 0 1 0 1 1 0 1]
 [1 1 1 0 1 1 1 1 0 1]
 [0 1 1 0 0 1 1 0 1 1]
 [1 1 0 0 1 1 1 1 1 1]
 [1 0 0 0 0 1 0 1 1 0]
 [0 0 0 1 1 0 0 0 0 1]
 [1 0 1 0 0 1 1 1 1 1]
 [1 0 1 0 1 1 1 0 0 0]
 [1 0 1 1 0 1 1 1 0 0]
 [0 0 0 0 0 1 0 0 1 1]
 [0 1 1 1 1 0 0 0 0 1]
 [0 1 1 1 0 1 1 0 0 0]
 [0 0 0 0 1 1 1 0 1 0]
 [1 1 1 0 0 0 0 0 0 0]
 [0 1 0 0 1 0 1 0 1 0]
 [0 0 1 1 1 0 1 1 0 0]
 [1 0 0 0 1 0 1 1 0 1]]
{'restarts': 2, 'conflicts': 447, 'decisions': 1421, 'propagations': 538370}
Q is identifiable
branch at 6
runtime for solving id of Q is 0.4847592571750283
Simulation results:
{'J': 75, 'K': 10, 'N': 10, 'p': 0.5, 'seed': 1, 'sim': 1, 'runtime': 0.4847592571750283, 'identifiable': 1, 'branch': 6}
2
Q: [[0 1 1 0 0 0 0 1 0 0]
 [0 1 1 0 1 0 0 0 1 1]
 [0 1 1 0 0 1 0 0 0 0]
 [1 1 0 1 0 0 0 0 0 1]
 [0 1 0 0 1 1 1 0 0 1]
 [1 1 1 1 1 0 1 1 1 1]
 [1 1 1 1 0 0 1 1 0 1]
 [1 0 0 1 0 1 1 1 0 0]
 [1 0 0 0 1 0 1 1 1 1]
 [0 1 0 0 1 1 1 0 1 1]
 [0 0 1 1 0 1 0 1 0 0]
 [1 1 0 0 1 0 0 0 1 1]
 [1 1 1 1 0 1 0 1 0 1]
 [1 0 0 1 1 1 0 1 0 1]
 [1 0 0 1 1 1 0 1 1 1]
 [0 0 0 1 1 0 1 0 1 0]
 [1 0 0 1 1 1 0 1 1 1]
 [0 1 0 1 1 1 0 1 1 1]
 [0 0 0 0 0 1 0 0 1 1]
 [1 1 0 1 0 1 1 1 0 1]
 [0 1 1 1 0 1 1 0 0 0]
 [0 0 1 1 0 1 1 1 1 0]
 [1 0 1 1 0 0 1 0 1 0]
 [0 1 1 1 1 0 1 0 0 0]
 [1 0 1 1 1 0 1 1 1 1]
 [0 1 0 1 0 1 0 0 0 0]
 [0 1 0 1 1 0 0 0 0 1]
 [1 0 1 0 1 1 1 0 0 0]
 [1 1 0 1 1 1 1 1 0 1]
 [1 1 1 1 1 0 1 1 1 0]
 [1 0 0 1 1 1 0 0 0 0]
 [1 1 0 0 1 1 1 1 0 1]
 [0 1 1 0 1 0 1 1 0 1]
 [1 0 1 0 1 0 1 0 1 1]
 [1 1 1 1 1 0 0 1 1 0]
 [1 1 0 1 1 0 0 0 1 0]
 [0 1 0 1 0 1 1 0 0 0]
 [1 1 0 1 0 1 1 0 1 1]
 [1 0 0 1 1 1 0 1 1 0]
 [1 1 0 0 0 1 0 1 0 1]
 [0 0 1 1 0 1 1 0 0 0]
 [0 0 1 1 0 0 0 1 0 1]
 [1 1 1 0 1 0 1 0 1 1]
 [1 0 0 0 1 0 1 0 1 1]
 [1 0 0 0 1 0 0 1 1 1]
 [0 1 1 1 0 0 0 1 0 0]
 [1 1 1 1 1 1 1 1 0 1]
 [0 0 0 1 0 0 0 0 1 1]
 [0 1 1 1 0 0 1 0 0 0]
 [1 0 1 1 1 0 0 1 0 1]
 [1 1 1 0 0 1 1 0 1 0]
 [1 1 0 0 0 0 0 1 1 0]
 [1 1 1 1 0 1 1 1 0 0]
 [0 1 1 1 1 0 1 0 0 1]
 [0 0 1 1 0 0 0 0 0 1]
 [1 1 0 0 1 0 1 1 0 0]
 [0 0 1 0 0 0 1 0 0 0]
 [0 0 0 0 0 1 0 0 0 0]
 [1 1 0 0 0 1 0 1 1 1]
 [0 0 0 1 0 0 1 1 0 0]
 [0 1 1 1 1 0 1 1 0 0]
 [1 0 1 0 1 0 1 0 0 1]
 [0 0 1 1 0 0 1 1 1 1]
 [1 1 0 0 1 1 0 0 0 0]
 [0 1 0 1 1 0 0 0 0 0]
 [1 1 1 0 1 0 0 1 0 1]
 [0 0 0 1 0 0 0 1 1 0]
 [1 0 1 0 1 0 0 0 0 1]
 [1 1 0 1 1 0 1 1 0 0]
 [0 0 0 0 0 1 0 1 0 1]
 [1 0 1 0 1 0 1 0 0 1]
 [1 1 0 1 1 0 1 0 0 0]
 [1 0 1 1 1 0 0 0 0 1]
 [1 1 1 1 0 0 1 1 0 0]
 [1 0 0 0 0 0 1 1 1 0]]
{'restarts': 1, 'conflicts': 348, 'decisions': 835, 'propagations': 425037}
Q is identifiable
branch at 6
runtime for solving id of Q is 0.41874754382297397
Simulation results:
{'J': 75, 'K': 10, 'N': 10, 'p': 0.5, 'seed': 1, 'sim': 2, 'runtime': 0.41874754382297397, 'identifiable': 1, 'branch': 6}
3
Q: [[1 0 0 0 0 0 0 0 1 1]
 [1 1 0 1 1 0 1 1 0 0]
 [0 1 1 1 0 1 1 1 1 1]
 [1 1 1 1 1 1 1 0 0 1]
 [1 1 1 0 1 0 1 1 1 0]
 [0 1 1 1 1 0 1 1 0 1]
 [1 1 0 0 0 0 1 0 1 1]
 [0 0 1 0 0 0 1 0 1 0]
 [1 1 0 0 1 1 0 1 0 1]
 [1 1 1 0 1 1 1 1 1 1]
 [0 1 0 1 0 0 0 0 1 1]
 [1 0 0 1 1 1 0 0 1 0]
 [0 0 0 0 1 0 0 0 0 0]
 [0 1 1 0 0 0 0 1 0 1]
 [1 0 1 1 0 1 0 0 0 0]
 [1 0 0 1 1 0 1 1 0 0]
 [1 1 0 1 0 0 1 0 0 1]
 [0 0 0 0 0 1 0 0 1 0]
 [1 1 0 0 1 0 0 1 0 1]
 [0 0 0 1 0 1 0 0 1 1]
 [0 1 1 0 0 0 1 1 1 0]
 [0 1 1 0 0 1 0 1 1 1]
 [0 1 0 1 1 0 0 0 0 1]
 [0 1 0 0 0 0 0 0 0 1]
 [1 0 0 0 1 0 1 1 0 0]
 [1 1 1 0 1 1 0 0 0 0]
 [0 0 1 0 0 0 1 0 0 1]
 [1 1 1 0 1 1 0 0 1 0]
 [1 0 0 1 1 1 1 0 0 0]
 [1 1 1 1 0 1 0 0 0 1]
 [1 0 0 0 0 0 1 0 1 1]
 [1 0 1 0 1 0 0 0 0 0]
 [0 0 0 1 0 1 0 0 0 0]
 [0 1 1 0 0 1 1 0 0 0]
 [1 0 0 0 1 1 1 0 1 0]
 [0 0 0 0 1 1 1 0 1 0]
 [0 0 1 1 0 0 1 0 1 1]
 [1 1 1 1 1 0 1 1 1 0]
 [1 0 0 1 0 0 1 0 0 0]
 [1 1 1 0 0 1 0 0 1 0]
 [1 0 0 1 0 1 1 1 1 0]
 [0 1 0 1 1 0 1 0 1 1]
 [1 1 1 0 0 0 0 0 0 0]
 [1 0 0 1 1 0 0 1 1 0]
 [0 1 0 1 1 1 0 1 0 1]
 [1 1 0 0 1 1 1 1 0 0]
 [1 1 1 1 0 0 0 0 1 1]
 [0 0 1 0 0 1 1 0 1 0]
 [1 0 0 0 0 1 0 0 1 1]
 [0 0 1 1 1 1 1 1 0 0]
 [1 1 1 0 1 1 0 0 0 1]
 [1 1 0 0 0 1 1 1 0 0]
 [0 0 1 1 0 0 0 0 0 0]
 [1 0 0 1 1 1 0 0 0 1]
 [0 1 0 0 1 1 0 0 1 0]
 [0 1 1 0 1 1 0 0 1 0]
 [0 1 0 0 1 0 0 1 0 1]
 [1 1 0 0 0 1 1 1 0 0]
 [1 0 0 0 0 0 1 1 1 0]
 [1 1 1 0 1 1 0 1 0 1]
 [1 1 0 0 1 0 0 1 1 0]
 [1 1 1 0 0 1 1 1 1 0]
 [0 1 0 0 1 1 0 1 0 1]
 [1 1 0 1 1 0 1 1 0 0]
 [1 0 0 1 0 1 0 0 0 0]
 [1 1 0 0 1 1 1 0 0 0]
 [0 0 1 1 0 0 1 1 1 1]
 [0 1 0 0 1 1 0 0 0 0]
 [0 1 1 0 0 1 0 1 1 1]
 [0 0 1 0 0 1 0 1 1 1]
 [1 0 0 0 0 1 1 0 0 0]
 [1 1 1 0 1 0 1 1 1 1]
 [0 1 1 1 1 0 0 0 0 0]
 [1 0 0 0 0 0 0 1 1 0]
 [1 0 1 0 1 1 0 0 0 1]]
{'restarts': 1, 'conflicts': 379, 'decisions': 939, 'propagations': 388376}
Q is identifiable
branch at 6
runtime for solving id of Q is 0.493331263307482
Simulation results:
{'J': 75, 'K': 10, 'N': 10, 'p': 0.5, 'seed': 1, 'sim': 3, 'runtime': 0.493331263307482, 'identifiable': 1, 'branch': 6}
4
Q: [[1 0 0 1 1 1 1 0 1 1]
 [1 0 1 1 1 1 0 1 0 1]
 [0 1 0 0 1 0 1 0 1 1]
 [0 1 1 0 0 0 1 0 1 0]
 [1 1 0 1 1 0 0 0 1 0]
 [0 1 1 0 0 1 1 0 1 0]
 [1 1 0 1 1 1 0 1 0 1]
 [0 0 1 1 0 1 1 0 1 0]
 [1 0 0 1 1 0 1 0 0 0]
 [0 0 0 1 1 1 0 0 1 1]
 [0 0 1 0 0 0 1 1 0 1]
 [1 0 0 1 0 1 1 0 1 1]
 [0 1 1 1 1 0 1 0 0 1]
 [1 1 0 0 1 0 1 1 1 1]
 [1 0 0 1 0 0 1 1 0 0]
 [0 1 0 1 1 0 1 1 0 0]
 [0 0 1 1 1 0 1 0 1 1]
 [1 1 0 0 0 0 0 1 1 0]
 [0 0 1 1 1 1 0 1 0 0]
 [0 0 1 1 0 1 0 1 0 1]
 [0 0 0 0 0 1 0 1 0 0]
 [0 1 0 0 1 0 1 0 0 0]
 [1 0 1 0 0 1 1 1 1 0]
 [0 0 0 0 1 0 1 0 1 0]
 [0 1 0 1 1 1 1 0 0 1]
 [1 1 1 1 1 1 0 1 1 1]
 [1 1 0 0 1 1 1 1 1 0]
 [1 0 1 1 0 1 0 0 0 1]
 [0 0 1 1 1 0 0 0 1 1]
 [1 1 1 0 0 0 0 1 1 1]
 [0 0 1 1 0 0 1 1 0 1]
 [1 1 0 0 0 0 0 1 1 1]
 [0 0 0 1 1 0 0 1 1 0]
 [1 1 0 1 1 0 0 1 0 0]
 [1 0 1 1 1 1 0 1 1 1]
 [1 1 1 1 1 1 1 0 1 1]
 [0 0 0 1 1 1 0 0 1 0]
 [0 0 0 0 0 0 1 1 1 0]
 [1 0 0 0 0 1 1 0 1 1]
 [0 0 1 0 1 1 1 0 1 1]
 [1 0 1 0 1 1 1 0 1 0]
 [1 1 0 1 1 1 0 0 0 0]
 [0 1 0 1 0 0 0 0 0 1]
 [0 0 0 0 0 1 0 0 1 1]
 [0 0 0 1 0 1 0 1 0 1]
 [0 0 0 1 1 1 0 1 1 1]
 [1 0 0 0 1 0 0 0 1 0]
 [1 1 0 1 0 1 0 1 0 1]
 [0 1 0 1 0 1 0 0 1 0]
 [0 1 1 1 0 0 1 1 0 0]
 [1 1 1 0 1 1 0 1 0 1]
 [0 0 0 0 0 0 1 1 1 1]
 [0 0 0 0 0 1 1 1 0 0]
 [0 1 0 1 1 1 0 0 1 0]
 [0 0 1 1 0 0 1 1 0 1]
 [1 0 1 0 0 0 1 0 0 0]
 [1 0 0 1 1 1 1 0 0 0]
 [1 1 0 0 0 1 0 1 0 1]
 [0 0 0 1 0 1 0 0 1 1]
 [1 0 1 0 1 1 1 0 1 0]
 [0 0 1 1 0 0 0 1 0 0]
 [1 1 0 0 0 0 1 0 0 0]
 [0 0 0 0 1 1 0 1 0 1]
 [1 0 1 1 1 0 0 1 1 0]
 [0 1 1 0 1 0 0 0 1 1]
 [0 1 1 1 0 0 1 1 0 0]
 [1 1 0 0 0 1 0 0 0 0]
 [0 1 1 0 1 1 1 0 1 1]
 [1 0 1 0 0 0 0 0 1 0]
 [0 1 1 1 0 1 0 0 1 0]
 [0 1 1 0 0 0 1 1 1 0]
 [0 0 0 1 1 0 0 0 0 0]
 [1 1 0 0 1 1 0 0 1 0]
 [1 1 0 0 0 1 1 0 1 1]
 [1 1 1 1 0 0 0 0 1 1]]
{'restarts': 2, 'conflicts': 697, 'decisions': 1879, 'propagations': 983669}
Q is identifiable
branch at 6
runtime for solving id of Q is 0.5762883550487459
Simulation results:
{'J': 75, 'K': 10, 'N': 10, 'p': 0.5, 'seed': 1, 'sim': 4, 'runtime': 0.5762883550487459, 'identifiable': 1, 'branch': 6}
5
Q: [[1 0 0 1 1 0 1 0 0 1]
 [0 0 1 1 1 0 0 0 1 0]
 [0 1 0 0 0 1 1 1 0 1]
 [1 1 1 1 0 0 1 1 1 0]
 [1 0 1 0 1 0 0 1 1 1]
 [0 1 1 1 1 1 0 0 0 0]
 [0 0 1 1 1 0 1 1 0 1]
 [0 1 0 0 1 1 0 1 0 1]
 [1 1 0 0 1 1 1 1 1 0]
 [1 1 1 1 1 1 1 0 1 1]
 [1 1 1 0 0 0 0 1 1 0]
 [0 1 1 1 0 0 0 1 0 1]
 [0 1 0 1 0 0 1 1 0 1]
 [1 1 1 1 1 0 1 1 1 0]
 [1 1 1 1 1 0 1 1 1 1]
 [1 1 0 1 0 1 0 1 1 0]
 [1 1 0 0 0 0 0 1 1 1]
 [1 0 1 1 0 0 0 1 1 1]
 [1 0 1 0 1 0 1 1 1 0]
 [0 1 0 0 1 1 0 1 1 1]
 [1 1 0 0 0 0 0 0 0 1]
 [1 1 0 1 0 0 0 0 1 1]
 [0 1 1 0 0 0 0 0 1 0]
 [1 1 1 0 0 0 1 0 1 0]
 [0 1 0 1 1 1 0 0 1 1]
 [0 1 1 0 1 0 0 1 0 0]
 [1 0 1 1 1 1 1 1 1 0]
 [0 0 0 1 0 0 1 0 0 1]
 [1 0 1 1 1 0 1 0 0 1]
 [0 0 0 0 1 1 0 1 1 1]
 [0 0 1 1 0 0 0 0 0 0]
 [1 0 0 1 0 1 1 1 1 0]
 [1 0 0 0 1 0 0 1 0 1]
 [1 1 0 1 1 1 1 0 0 1]
 [0 0 1 0 1 1 1 1 0 1]
 [0 0 0 0 1 0 1 0 1 1]
 [0 1 1 0 0 1 0 0 0 0]
 [0 0 0 1 0 1 1 0 1 0]
 [1 0 1 0 0 0 1 0 0 0]
 [0 0 0 1 1 1 1 1 1 1]
 [0 0 1 1 1 0 1 0 0 1]
 [0 0 0 0 0 1 1 1 1 1]
 [1 0 1 0 0 0 1 1 0 1]
 [1 1 0 1 0 0 1 0 0 1]
 [0 0 1 1 0 1 0 0 0 1]
 [1 0 1 0 1 0 0 1 0 0]
 [0 0 0 0 1 0 1 0 1 1]
 [1 0 0 1 1 1 0 1 1 1]
 [0 0 0 0 0 0 1 1 1 0]
 [1 1 1 0 0 0 0 1 0 0]
 [0 1 1 1 1 1 0 1 0 1]
 [0 0 1 0 1 0 1 1 1 1]
 [0 1 1 0 1 1 1 1 1 0]
 [0 0 1 1 1 0 1 0 1 0]
 [0 0 0 0 1 0 0 1 1 0]
 [0 1 1 0 1 0 0 1 0 0]
 [1 0 0 1 1 0 1 1 1 1]
 [0 1 0 0 0 0 0 1 0 0]
 [1 0 0 0 0 1 0 0 0 0]
 [0 1 1 0 0 0 0 0 0 0]
 [1 0 1 1 1 0 1 0 1 0]
 [1 1 1 0 0 0 1 0 1 0]
 [0 0 1 1 1 1 0 0 1 1]
 [1 0 1 0 0 1 0 0 1 1]
 [0 1 1 0 1 0 1 1 0 0]
 [1 0 1 0 0 0 0 1 0 1]
 [0 1 1 1 1 1 0 0 0 0]
 [0 0 0 1 0 0 0 1 1 0]
 [0 0 1 0 1 1 0 0 0 1]
 [0 0 0 0 0 0 1 1 0 0]
 [0 1 0 0 0 1 0 0 0 0]
 [0 1 0 1 0 1 0 0 0 0]
 [1 0 1 1 0 1 0 1 1 0]
 [0 0 1 0 1 0 1 0 1 1]
 [1 0 0 1 0 1 0 0 0 0]]
{'restarts': 3, 'conflicts': 354, 'decisions': 895, 'propagations': 439883}
Q is identifiable
branch at 6
runtime for solving id of Q is 0.49825482489541173
Simulation results:
{'J': 75, 'K': 10, 'N': 10, 'p': 0.5, 'seed': 1, 'sim': 5, 'runtime': 0.49825482489541173, 'identifiable': 1, 'branch': 6}
6
Q: [[1 1 0 0 1 1 0 0 1 1]
 [0 1 0 0 0 0 0 0 1 1]
 [1 0 0 0 0 1 1 0 0 0]
 [1 1 0 0 1 0 1 1 0 1]
 [0 0 0 1 1 1 0 1 1 0]
 [1 1 1 0 0 1 0 1 1 0]
 [1 0 1 0 0 1 1 1 0 0]
 [0 0 1 1 0 0 0 0 1 0]
 [1 1 0 1 0 1 1 1 0 1]
 [1 1 1 1 0 0 0 1 0 1]
 [0 0 1 1 1 0 0 0 0 1]
 [1 0 0 0 1 1 0 1 1 0]
 [0 1 0 1 0 1 0 0 1 0]
 [0 0 1 0 1 1 0 0 0 1]
 [1 0 1 1 0 0 1 1 0 1]
 [0 1 0 1 1 0 1 0 0 0]
 [1 1 0 1 1 0 0 0 0 0]
 [1 1 0 0 0 0 1 1 0 1]
 [0 1 1 1 1 1 1 1 1 0]
 [0 1 1 0 0 1 1 1 1 0]
 [1 1 1 1 1 1 1 0 0 1]
 [0 0 0 0 1 1 0 1 0 1]
 [1 1 1 1 0 1 1 0 0 0]
 [0 0 0 0 1 0 1 1 1 1]
 [0 0 0 0 0 0 1 1 1 0]
 [0 1 0 1 1 1 0 1 1 1]
 [0 1 1 0 1 0 1 1 1 1]
 [1 0 1 0 0 1 1 1 0 1]
 [1 1 0 1 1 1 1 1 1 1]
 [0 1 0 1 0 0 0 1 0 1]
 [0 1 0 0 0 1 1 0 1 0]
 [0 0 1 0 1 0 0 1 0 1]
 [1 1 1 0 0 1 0 1 1 0]
 [1 0 1 1 0 1 0 1 0 1]
 [0 1 0 1 0 0 1 1 0 1]
 [1 0 0 0 1 0 0 1 1 0]
 [0 0 0 1 1 1 1 1 1 1]
 [0 1 0 1 0 0 1 0 0 1]
 [0 0 0 1 0 0 0 1 0 0]
 [0 1 1 0 0 1 0 0 1 1]
 [1 0 0 1 1 1 0 0 0 1]
 [1 1 0 0 0 0 1 1 0 1]
 [0 1 0 0 1 1 1 1 0 1]
 [0 0 1 0 1 0 0 1 1 0]
 [1 1 0 1 0 0 0 0 1 1]
 [0 0 0 1 1 1 1 1 1 1]
 [0 0 0 1 1 1 0 1 1 1]
 [0 0 0 1 1 0 0 1 1 1]
 [1 1 0 1 0 1 1 1 1 0]
 [0 1 1 1 1 0 1 0 1 0]
 [1 1 0 1 0 1 0 1 0 1]
 [1 1 0 0 0 1 0 1 0 0]
 [0 0 0 1 1 1 1 0 0 1]
 [1 1 0 1 1 1 1 0 1 0]
 [0 1 0 0 1 0 0 1 1 0]
 [1 0 0 0 1 1 0 0 0 1]
 [1 1 0 0 0 1 0 0 1 0]
 [1 0 1 0 1 0 1 0 0 1]
 [1 0 1 0 1 0 1 1 1 0]
 [1 1 0 0 0 0 0 0 0 1]
 [1 1 1 0 1 1 1 1 1 0]
 [1 0 1 0 0 0 1 1 1 1]
 [1 0 1 1 1 1 1 1 1 1]
 [1 0 0 1 1 0 0 1 1 0]
 [0 1 0 0 1 0 0 0 0 1]
 [1 1 0 1 1 1 0 1 1 1]
 [0 1 0 1 1 1 1 1 0 0]
 [0 1 1 0 0 1 0 0 0 1]
 [1 0 1 1 1 1 0 0 1 1]
 [0 1 1 1 0 1 1 0 0 1]
 [1 0 0 1 0 0 0 0 1 1]
 [0 1 0 1 0 0 0 0 1 1]
 [0 0 1 0 1 0 0 1 0 0]
 [1 1 0 0 1 0 1 1 1 0]
 [1 0 0 0 1 1 1 1 0 0]]
{'restarts': 5, 'conflicts': 1381, 'decisions': 2928, 'propagations': 1976434}
Q is identifiable
branch at 6
runtime for solving id of Q is 0.6165026291273534
Simulation results:
{'J': 75, 'K': 10, 'N': 10, 'p': 0.5, 'seed': 1, 'sim': 6, 'runtime': 0.6165026291273534, 'identifiable': 1, 'branch': 6}
7
Q: [[1 0 1 1 1 0 0 1 1 0]
 [1 1 1 0 0 0 1 0 0 1]
 [0 0 1 1 0 0 0 0 1 0]
 [0 0 0 1 0 1 0 1 1 0]
 [0 0 1 1 1 1 1 1 0 1]
 [0 1 1 0 1 0 1 1 0 1]
 [1 0 0 0 1 0 1 0 0 0]
 [0 1 1 0 1 1 1 0 1 1]
 [1 0 1 1 1 1 0 1 1 0]
 [0 0 1 1 0 1 0 1 0 0]
 [0 1 1 1 0 0 0 1 0 1]
 [1 1 1 0 1 0 0 0 1 0]
 [1 0 0 1 0 0 0 1 1 0]
 [1 1 0 1 0 0 1 1 1 0]
 [0 0 1 1 1 0 1 1 0 1]
 [1 1 0 0 1 0 1 0 0 1]
 [0 1 1 0 1 1 1 0 1 1]
 [0 0 1 1 0 1 0 0 1 1]
 [1 0 0 0 0 0 1 1 0 1]
 [0 1 0 1 1 0 0 1 0 0]
 [0 1 1 1 0 1 0 1 1 1]
 [0 1 1 1 1 1 1 1 1 1]
 [1 1 1 1 0 1 0 0 1 1]
 [1 1 1 0 1 0 1 0 0 0]
 [1 1 1 1 1 0 0 0 0 0]
 [0 0 1 0 1 0 1 1 1 0]
 [1 0 0 0 0 0 1 1 1 0]
 [0 1 0 1 1 0 1 1 1 1]
 [1 1 1 0 1 0 0 0 0 1]
 [1 1 0 0 1 0 1 1 0 1]
 [1 0 0 0 0 0 1 0 0 0]
 [1 0 1 0 0 1 0 0 0 1]
 [0 0 0 1 1 0 1 1 1 0]
 [1 1 1 1 1 0 0 0 1 1]
 [1 1 1 0 0 0 0 1 1 1]
 [1 1 1 0 0 1 1 0 1 0]
 [1 1 0 0 1 1 1 0 0 1]
 [0 0 1 0 1 1 0 0 1 0]
 [0 1 1 1 1 1 0 1 1 1]
 [0 0 1 1 0 1 0 1 1 0]
 [1 1 0 1 1 0 0 1 1 1]
 [1 0 1 1 1 0 1 1 0 0]
 [1 0 1 0 0 0 0 0 0 1]
 [1 1 0 1 1 0 0 1 1 1]
 [1 0 1 1 1 1 1 0 0 0]
 [0 0 0 1 1 0 1 1 0 0]
 [0 0 0 1 0 1 1 1 0 1]
 [1 0 0 1 1 1 0 0 1 0]
 [0 1 1 0 0 1 1 1 0 1]
 [1 0 1 0 1 0 1 0 1 0]
 [1 0 0 1 1 1 0 1 1 1]
 [1 0 1 1 0 1 0 1 1 1]
 [1 1 1 1 1 0 0 0 0 1]
 [0 0 0 1 0 0 1 1 1 0]
 [1 1 0 1 1 0 1 0 0 1]
 [0 1 0 1 1 0 0 0 0 1]
 [1 1 0 0 1 1 1 0 1 0]
 [0 1 0 1 0 0 0 1 0 0]
 [1 0 1 1 0 1 1 0 1 1]
 [0 0 1 0 1 1 0 0 0 1]
 [1 0 0 1 1 0 0 1 1 1]
 [1 0 1 0 1 1 1 1 0 0]
 [1 1 0 1 0 0 1 1 0 1]
 [0 1 0 1 0 0 1 0 1 1]
 [1 1 0 1 0 1 1 0 0 0]
 [1 0 0 0 1 1 1 1 0 1]
 [1 0 1 1 1 1 1 1 1 1]
 [0 0 1 0 1 0 0 0 0 0]
 [1 1 0 0 0 1 1 0 0 1]
 [1 0 0 1 0 1 0 1 0 0]
 [0 0 0 0 1 0 1 1 1 1]
 [0 1 1 0 0 1 1 0 1 1]
 [1 1 1 0 0 0 1 0 0 1]
 [1 1 0 1 0 1 0 1 1 1]
 [1 1 1 0 0 0 1 0 1 1]]
{'restarts': 6, 'conflicts': 1606, 'decisions': 3554, 'propagations': 2475793}
Q is identifiable
branch at 6
runtime for solving id of Q is 0.6289314571768045
Simulation results:
{'J': 75, 'K': 10, 'N': 10, 'p': 0.5, 'seed': 1, 'sim': 7, 'runtime': 0.6289314571768045, 'identifiable': 1, 'branch': 6}
8
Q: [[1 1 1 0 1 1 1 0 1 0]
 [1 1 0 0 1 1 0 1 1 0]
 [0 0 0 1 1 1 0 0 1 0]
 [1 1 0 0 1 1 0 1 1 1]
 [1 0 0 1 0 0 1 0 0 1]
 [0 1 1 1 1 1 1 1 1 1]
 [1 0 0 0 1 1 1 0 1 0]
 [0 0 0 0 0 0 1 0 0 0]
 [1 0 0 1 1 0 1 0 1 1]
 [1 1 0 0 1 1 1 0 1 1]
 [1 1 0 1 1 1 1 0 0 0]
 [0 1 1 1 1 0 1 1 1 1]
 [0 0 1 1 1 0 0 0 0 1]
 [0 1 0 0 1 1 0 0 0 0]
 [1 0 0 1 0 1 1 1 0 1]
 [0 0 0 1 1 1 0 0 0 0]
 [1 1 0 1 1 1 0 1 0 1]
 [0 1 1 1 1 0 0 1 1 1]
 [0 0 0 1 0 1 0 1 0 1]
 [0 0 1 1 0 1 1 0 1 1]
 [0 1 1 1 1 0 0 1 0 1]
 [1 0 1 1 1 1 0 0 1 1]
 [1 0 1 0 0 0 1 0 1 1]
 [1 0 0 0 1 0 1 1 0 0]
 [0 0 1 1 0 0 0 0 0 0]
 [0 1 0 1 1 1 0 1 1 1]
 [1 0 1 0 1 0 1 0 0 0]
 [1 1 0 0 1 0 0 0 0 0]
 [0 1 0 0 1 0 1 0 1 0]
 [1 1 0 0 0 1 0 1 0 0]
 [0 0 0 0 0 1 0 0 0 1]
 [1 0 0 0 1 1 0 0 1 1]
 [1 1 0 1 0 0 1 1 0 0]
 [1 0 1 1 0 1 0 1 1 0]
 [0 1 1 1 0 0 1 1 0 0]
 [0 0 1 0 1 1 1 1 0 1]
 [1 1 1 0 0 0 0 0 1 1]
 [0 1 1 1 1 1 0 0 1 1]
 [0 1 0 1 0 0 1 1 1 1]
 [1 0 0 0 1 0 0 1 1 0]
 [1 0 0 0 0 0 0 1 0 0]
 [0 1 0 0 1 0 0 1 0 0]
 [1 0 0 1 0 0 1 0 0 0]
 [0 0 1 0 1 1 1 0 1 1]
 [0 1 1 0 0 1 1 1 1 1]
 [0 1 1 0 1 1 0 1 0 1]
 [0 0 0 0 1 1 0 0 1 0]
 [1 0 0 0 1 0 0 0 0 0]
 [0 1 0 1 1 0 0 0 1 1]
 [0 1 1 1 0 0 1 1 0 1]
 [0 1 0 1 1 1 1 1 0 1]
 [1 0 0 0 0 0 0 1 0 1]
 [1 1 1 1 0 1 1 0 0 0]
 [0 1 0 1 0 1 1 1 1 1]
 [1 1 0 0 0 1 0 0 1 1]
 [1 0 0 1 0 0 0 0 0 1]
 [0 1 0 1 1 0 0 0 0 0]
 [0 1 1 0 1 1 0 0 1 0]
 [0 0 1 0 0 0 1 0 0 0]
 [0 0 0 0 1 0 0 0 0 1]
 [1 1 0 1 0 0 0 1 1 1]
 [0 1 1 1 0 0 0 0 1 0]
 [1 1 0 0 0 0 1 0 0 1]
 [0 1 0 0 0 1 1 0 0 0]
 [1 1 0 1 1 0 1 0 1 0]
 [0 0 1 1 0 1 1 1 1 0]
 [1 0 0 0 1 1 0 0 0 0]
 [0 1 0 0 1 0 0 1 1 0]
 [0 1 0 1 1 0 0 1 1 0]
 [0 1 0 1 0 0 1 0 0 1]
 [0 1 0 1 1 0 0 1 0 1]
 [0 0 0 0 1 1 1 0 1 0]
 [0 0 1 1 0 0 0 0 0 1]
 [0 0 0 1 0 0 1 1 0 0]
 [0 0 1 0 1 0 0 1 0 0]]
{'restarts': 1, 'conflicts': 192, 'decisions': 622, 'propagations': 197068}
Q is identifiable
branch at 6
runtime for solving id of Q is 0.5641979789361358
Simulation results:
{'J': 75, 'K': 10, 'N': 10, 'p': 0.5, 'seed': 1, 'sim': 8, 'runtime': 0.5641979789361358, 'identifiable': 1, 'branch': 6}
9
Q: [[1 0 1 1 0 0 1 1 1 0]
 [0 1 1 0 0 1 1 1 0 1]
 [0 1 0 1 1 1 1 0 0 0]
 [1 1 1 0 0 1 0 1 1 0]
 [1 1 1 0 1 0 1 0 0 1]
 [1 1 0 0 1 0 1 1 1 1]
 [1 0 0 1 1 0 0 0 1 1]
 [1 1 0 1 1 0 0 1 0 0]
 [0 1 0 0 1 1 1 0 0 1]
 [0 1 0 0 1 1 0 1 0 0]
 [0 1 0 0 1 0 0 1 0 0]
 [0 0 1 0 1 0 1 1 1 0]
 [0 1 0 0 0 1 1 0 1 1]
 [0 1 0 1 0 0 1 0 1 1]
 [1 1 1 0 0 0 0 0 0 1]
 [0 0 0 1 1 1 1 1 0 1]
 [1 0 0 0 1 1 0 1 1 1]
 [0 1 1 0 1 1 0 0 1 1]
 [0 1 1 0 1 0 0 0 0 0]
 [0 1 1 0 1 0 0 0 1 0]
 [1 0 0 1 1 0 1 0 1 0]
 [0 1 1 0 0 1 0 1 1 1]
 [0 1 1 0 0 1 0 1 1 0]
 [0 1 0 0 1 0 0 0 0 0]
 [0 0 0 0 1 1 0 0 1 1]
 [0 0 0 0 1 0 0 0 0 0]
 [0 1 1 0 1 0 1 0 1 0]
 [1 1 0 0 1 0 1 1 0 0]
 [1 0 1 1 1 1 1 0 1 0]
 [0 0 0 1 1 1 0 0 1 1]
 [1 0 1 1 0 1 1 1 0 1]
 [0 1 0 0 0 1 0 0 0 1]
 [1 1 0 0 0 1 1 1 1 0]
 [1 1 0 0 0 1 0 1 1 1]
 [1 1 1 1 1 1 0 1 1 0]
 [0 1 1 1 0 1 1 1 0 1]
 [0 1 0 1 0 0 0 1 0 0]
 [1 0 1 0 0 0 0 1 1 1]
 [0 1 0 1 0 0 0 0 0 0]
 [0 1 1 0 0 0 0 0 0 0]
 [0 0 0 0 0 0 0 1 0 1]
 [0 0 1 1 0 0 1 0 1 1]
 [0 1 0 0 1 0 1 1 0 0]
 [0 1 0 1 0 1 1 1 1 1]
 [0 0 1 0 0 0 1 0 0 1]
 [1 1 0 0 0 0 1 0 0 1]
 [0 1 1 1 0 1 1 1 1 1]
 [0 1 1 1 0 1 1 1 0 1]
 [0 0 1 0 0 0 0 1 1 1]
 [0 0 0 0 1 0 0 0 1 1]
 [0 0 0 1 0 0 1 0 1 1]
 [1 1 1 0 1 0 1 0 1 1]
 [1 0 1 0 0 0 1 0 1 1]
 [1 0 1 1 0 1 0 0 1 1]
 [0 1 1 1 1 1 1 0 0 1]
 [1 1 1 1 1 1 0 0 0 1]
 [1 1 0 0 1 0 0 1 1 0]
 [0 1 0 1 0 1 0 1 1 1]
 [0 1 1 0 1 0 1 0 0 0]
 [0 1 0 0 0 1 0 1 1 1]
 [1 0 1 1 0 1 0 0 1 0]
 [1 1 0 0 0 0 0 1 1 0]
 [0 1 1 0 1 1 0 0 0 0]
 [1 1 0 0 1 0 1 1 1 0]
 [0 1 1 1 0 1 0 1 0 1]
 [1 0 0 0 0 0 0 0 0 0]
 [0 0 1 0 1 0 0 1 0 0]
 [1 1 1 0 1 1 0 1 1 1]
 [0 0 0 0 0 1 0 0 1 0]
 [1 0 0 0 0 1 0 0 0 0]
 [1 0 0 0 1 1 1 1 0 0]
 [1 1 1 0 0 1 0 0 1 1]
 [0 0 1 0 0 0 1 1 1 0]
 [0 1 1 0 0 1 0 0 0 1]
 [0 0 1 0 1 0 0 0 0 1]]
{'restarts': 1, 'conflicts': 201, 'decisions': 529, 'propagations': 225562}
Q is identifiable
branch at 6
runtime for solving id of Q is 0.5432569701224566
Simulation results:
{'J': 75, 'K': 10, 'N': 10, 'p': 0.5, 'seed': 1, 'sim': 9, 'runtime': 0.5432569701224566, 'identifiable': 1, 'branch': 6}
Simulation results:
[{'J': 75, 'K': 10, 'N': 10, 'p': 0.5, 'seed': 1, 'sim': 0, 'runtime': 0.4885042840614915, 'identifiable': 1, 'branch': 6}, {'J': 75, 'K': 10, 'N': 10, 'p': 0.5, 'seed': 1, 'sim': 1, 'runtime': 0.4847592571750283, 'identifiable': 1, 'branch': 6}, {'J': 75, 'K': 10, 'N': 10, 'p': 0.5, 'seed': 1, 'sim': 2, 'runtime': 0.41874754382297397, 'identifiable': 1, 'branch': 6}, {'J': 75, 'K': 10, 'N': 10, 'p': 0.5, 'seed': 1, 'sim': 3, 'runtime': 0.493331263307482, 'identifiable': 1, 'branch': 6}, {'J': 75, 'K': 10, 'N': 10, 'p': 0.5, 'seed': 1, 'sim': 4, 'runtime': 0.5762883550487459, 'identifiable': 1, 'branch': 6}, {'J': 75, 'K': 10, 'N': 10, 'p': 0.5, 'seed': 1, 'sim': 5, 'runtime': 0.49825482489541173, 'identifiable': 1, 'branch': 6}, {'J': 75, 'K': 10, 'N': 10, 'p': 0.5, 'seed': 1, 'sim': 6, 'runtime': 0.6165026291273534, 'identifiable': 1, 'branch': 6}, {'J': 75, 'K': 10, 'N': 10, 'p': 0.5, 'seed': 1, 'sim': 7, 'runtime': 0.6289314571768045, 'identifiable': 1, 'branch': 6}, {'J': 75, 'K': 10, 'N': 10, 'p': 0.5, 'seed': 1, 'sim': 8, 'runtime': 0.5641979789361358, 'identifiable': 1, 'branch': 6}, {'J': 75, 'K': 10, 'N': 10, 'p': 0.5, 'seed': 1, 'sim': 9, 'runtime': 0.5432569701224566, 'identifiable': 1, 'branch': 6}]
