
The Gurobi software has a limited number of licenses. To request a license or
licenses, add this line

    #SBATCH --licenses=gurobi@slurmdb:1

to your SBATCH script, replacing N with the number of licenses you need. Gurobi
will need one license per process.


0
Q: [[1 0 0 1 1 1 1 0 1 0]
 [1 0 0 1 1 1 1 1 1 1]
 [1 1 1 1 1 0 1 1 1 1]
 [1 1 1 0 0 0 1 1 1 1]
 [1 1 1 0 1 1 1 1 1 1]
 [0 0 0 0 1 0 1 1 1 1]
 [1 1 0 1 1 1 1 0 1 0]
 [0 1 1 0 0 0 0 1 1 1]
 [0 1 1 1 1 1 0 1 0 1]
 [1 0 0 1 0 1 1 1 1 1]
 [1 1 1 1 0 1 1 0 1 1]
 [1 1 0 0 1 0 0 1 0 1]
 [0 0 1 1 1 1 0 0 1 1]
 [1 1 1 1 0 1 1 0 1 0]
 [0 1 1 1 1 1 1 1 1 1]
 [0 1 1 1 0 1 1 0 1 0]
 [1 1 1 1 1 0 1 1 1 1]
 [1 1 1 1 1 1 1 1 0 1]
 [1 1 0 0 1 1 0 1 1 1]
 [1 0 0 1 1 1 0 0 0 0]
 [1 1 1 0 1 1 1 1 1 1]
 [1 1 1 1 0 1 1 0 1 0]
 [1 1 1 1 1 1 0 1 0 1]
 [0 1 1 1 1 0 1 1 1 1]
 [0 0 0 1 1 0 1 0 0 0]
 [1 1 0 1 1 1 0 1 1 1]
 [1 0 1 1 0 0 1 0 1 1]
 [0 0 0 0 1 1 0 1 0 0]
 [0 1 1 1 1 1 1 1 1 1]
 [1 1 0 1 1 1 0 1 1 1]
 [1 1 1 1 0 0 1 1 0 1]
 [1 1 1 0 0 1 1 1 1 1]
 [1 0 1 1 0 0 1 1 1 1]
 [1 0 1 1 1 1 0 0 1 1]
 [1 1 1 1 1 1 1 1 1 1]
 [1 0 1 1 1 1 1 1 0 1]
 [1 1 1 1 0 1 0 0 1 1]
 [1 1 1 1 1 1 0 1 0 1]
 [1 1 1 0 0 0 1 1 0 0]
 [0 1 1 0 1 0 0 1 0 0]
 [1 0 1 0 1 0 1 1 0 1]
 [1 0 0 1 1 1 1 1 1 0]
 [0 0 1 1 1 1 1 0 1 1]
 [1 0 1 1 1 0 1 0 0 1]
 [1 0 1 1 0 0 0 0 1 1]
 [0 1 1 0 1 1 1 1 1 1]
 [1 1 0 1 0 1 1 0 1 0]
 [1 0 1 0 1 0 1 1 0 1]
 [1 1 1 1 1 0 1 1 0 0]
 [1 1 1 1 1 1 1 1 0 0]]
{'restarts': 6, 'conflicts': 2555, 'decisions': 5439, 'propagations': 887737}
Q is identifiable
branch at 6
runtime for solving id of Q is 0.18197083566337824
Simulation results:
{'J': 50, 'K': 10, 'N': 10, 'p': 0.7, 'seed': 42, 'sim': 0, 'runtime': 0.18197083566337824, 'identifiable': 1, 'branch': 6}
1
Q: [[1 1 1 0 1 1 0 0 0 0]
 [1 1 0 0 1 1 1 0 0 1]
 [1 1 0 0 0 1 1 1 1 0]
 [0 0 0 1 0 0 0 1 1 1]
 [0 1 1 1 1 1 1 1 1 0]
 [1 0 1 1 0 1 1 1 0 1]
 [0 1 1 1 1 1 1 1 0 1]
 [1 0 1 1 0 0 1 0 1 1]
 [1 0 1 1 1 1 1 1 1 1]
 [1 1 1 1 0 1 1 1 1 1]
 [1 1 1 1 1 1 1 1 1 1]
 [1 0 1 1 0 0 1 1 0 0]
 [1 1 1 1 1 1 1 0 1 1]
 [0 0 1 1 1 1 1 1 1 1]
 [1 1 1 1 1 0 1 1 0 1]
 [1 1 1 0 1 1 1 1 1 1]
 [1 0 1 1 1 1 1 1 1 1]
 [1 0 1 1 1 0 1 1 0 0]
 [0 1 1 1 0 1 1 1 0 1]
 [1 1 1 1 1 1 1 1 1 1]
 [1 1 1 1 1 0 1 0 1 1]
 [0 1 1 1 1 0 0 0 1 0]
 [0 1 1 0 1 0 1 0 1 1]
 [1 0 1 1 1 0 1 0 1 1]
 [1 1 0 1 1 0 1 1 0 1]
 [1 0 1 1 1 0 1 1 0 0]
 [1 1 1 0 1 1 0 0 1 0]
 [1 0 1 1 0 1 1 0 0 1]
 [1 1 1 1 1 0 1 1 1 0]
 [1 1 1 1 1 0 0 1 1 0]
 [0 1 1 1 1 0 0 0 1 1]
 [0 0 1 0 0 1 1 1 1 1]
 [0 1 1 1 1 0 1 1 0 1]
 [1 1 1 1 1 1 0 1 1 1]
 [1 1 1 0 1 1 1 0 1 1]
 [1 0 1 0 1 1 1 1 1 1]
 [0 1 1 1 1 1 1 1 0 0]
 [1 1 1 1 1 1 0 1 1 1]
 [1 1 1 1 0 1 1 1 1 1]
 [0 0 0 1 1 1 1 0 1 1]
 [1 1 1 1 1 0 0 1 1 1]
 [1 1 1 1 1 1 1 0 0 1]
 [0 1 0 0 1 1 1 1 1 1]
 [1 0 0 1 1 1 1 0 1 1]
 [1 1 1 0 1 1 1 0 0 1]
 [1 1 1 0 1 1 1 1 1 0]
 [1 1 1 1 1 1 0 1 1 1]
 [1 0 0 1 1 1 1 1 1 1]
 [1 0 1 1 0 1 1 1 1 0]
 [0 1 1 1 1 1 0 1 0 1]]
{'restarts': 16, 'conflicts': 4071, 'decisions': 8809, 'propagations': 1310398}
Q is not identifiable, and Q_bar is [[1 1 0 0 0 0 1 0 0 0]
 [1 0 1 0 0 1 1 0 0 1]
 [1 0 1 0 0 0 1 1 1 0]
 [0 0 0 1 0 0 0 1 1 1]
 [0 1 1 1 1 1 1 1 1 0]
 [1 0 0 1 1 0 1 1 0 1]
 [0 1 1 1 1 1 1 1 0 1]
 [1 0 0 1 1 0 0 0 1 1]
 [1 0 0 1 1 1 1 1 1 1]
 [1 0 1 1 1 0 1 1 1 1]
 [1 0 1 1 1 1 1 1 1 1]
 [1 0 0 1 1 0 0 1 0 0]
 [1 1 1 1 1 1 1 0 1 1]
 [0 0 0 1 1 1 1 1 1 1]
 [1 1 1 1 1 1 0 1 0 1]
 [1 0 1 0 1 1 1 1 1 1]
 [1 0 0 1 1 1 1 1 1 1]
 [1 0 0 1 1 1 0 1 0 0]
 [0 0 1 1 1 0 1 1 0 1]
 [1 0 1 1 1 1 1 1 1 1]
 [1 1 1 1 1 0 0 0 1 1]
 [0 1 0 1 0 0 0 0 1 0]
 [0 1 1 0 1 0 0 0 1 1]
 [1 0 0 1 1 1 0 0 1 1]
 [1 0 1 1 0 1 0 1 0 1]
 [1 0 0 1 1 1 0 1 0 0]
 [1 1 0 0 0 0 1 0 1 0]
 [1 0 0 1 1 0 1 0 0 1]
 [1 1 0 1 1 0 0 1 1 0]
 [1 1 0 1 0 0 0 1 1 0]
 [0 1 0 1 0 0 0 0 1 1]
 [0 0 0 0 1 0 1 1 1 1]
 [0 1 1 1 1 1 0 1 0 1]
 [1 1 0 1 0 0 1 1 1 1]
 [1 1 1 0 1 1 1 0 1 1]
 [1 0 0 0 1 1 1 1 1 1]
 [0 0 1 1 1 1 1 1 0 0]
 [1 1 0 1 0 0 1 1 1 1]
 [1 0 1 1 1 0 1 1 1 1]
 [0 0 0 1 0 1 1 0 1 1]
 [1 1 0 1 0 0 0 1 1 1]
 [1 0 1 1 1 1 1 0 0 1]
 [0 0 1 0 0 1 1 1 1 1]
 [1 0 0 1 0 1 1 0 1 1]
 [1 1 1 0 0 1 1 0 0 1]
 [1 1 1 0 0 0 1 1 1 0]
 [1 1 0 1 0 0 1 1 1 1]
 [1 0 0 1 0 1 1 1 1 1]
 [1 0 0 1 1 0 1 1 1 0]
 [0 1 0 1 0 0 1 1 0 1]]
branch at 5
runtime for solving id of Q is 0.26946072094142437
Simulation results:
{'J': 50, 'K': 10, 'N': 10, 'p': 0.7, 'seed': 42, 'sim': 1, 'runtime': 0.26946072094142437, 'identifiable': 0, 'branch': 5}
2
Q: [[1 1 0 0 0 1 1 0 1 1]
 [1 0 0 1 0 0 1 1 0 1]
 [1 1 0 0 0 1 0 0 1 0]
 [1 1 1 1 1 1 1 0 1 1]
 [1 0 1 1 0 1 1 1 0 1]
 [0 1 0 0 0 1 0 1 1 1]
 [0 0 0 1 1 0 1 1 1 1]
 [1 1 1 1 0 1 1 1 1 0]
 [0 1 1 0 0 1 1 1 0 1]
 [0 1 1 1 1 1 1 1 0 1]
 [1 0 0 0 0 1 1 0 1 1]
 [0 1 1 1 1 1 1 0 1 1]
 [0 0 0 0 1 1 1 1 1 1]
 [0 1 1 1 1 1 0 1 1 1]
 [0 1 1 1 1 0 0 1 0 0]
 [0 0 1 1 1 0 1 0 0 1]
 [0 1 1 0 1 0 0 1 1 1]
 [1 0 1 1 1 1 0 1 0 1]
 [0 1 1 0 1 0 1 1 1 0]
 [1 1 1 1 1 0 0 0 0 1]
 [0 1 1 1 1 0 1 1 1 0]
 [1 1 1 0 1 1 1 1 1 1]
 [0 1 1 0 1 1 1 1 0 1]
 [0 1 1 1 1 1 0 1 0 1]
 [0 0 0 0 0 1 1 1 0 1]
 [0 1 1 1 1 1 1 1 1 1]
 [1 0 1 1 1 1 1 1 1 1]
 [1 0 0 1 1 1 1 0 1 1]
 [1 0 1 1 1 1 1 1 1 1]
 [1 1 1 1 0 1 1 1 1 0]
 [1 0 1 1 0 0 0 0 1 0]
 [1 0 1 0 1 1 1 0 1 1]
 [1 1 0 1 0 1 1 0 1 1]
 [1 0 1 0 0 1 1 1 1 1]
 [1 1 0 0 0 1 1 1 0 1]
 [0 1 1 0 1 0 0 1 1 1]
 [0 1 1 1 0 1 0 0 1 1]
 [0 1 0 1 1 0 1 1 1 1]
 [1 1 0 1 1 1 0 1 0 1]
 [1 1 1 1 1 0 1 1 1 0]
 [1 1 1 0 1 1 0 0 1 0]
 [1 1 1 1 1 0 1 1 1 0]
 [1 1 1 1 0 0 1 0 1 0]
 [1 1 1 1 1 1 1 0 1 1]
 [0 1 1 1 0 1 1 0 0 1]
 [1 1 0 1 1 0 1 1 1 1]
 [1 1 1 1 0 1 0 1 0 0]
 [1 0 0 1 1 1 0 0 0 1]
 [0 1 1 1 1 1 1 1 1 1]
 [1 1 1 1 1 1 1 1 1 0]]
{'restarts': 52, 'conflicts': 13691, 'decisions': 23981, 'propagations': 6957208}
Q is identifiable
branch at 6
runtime for solving id of Q is 1.1298842811957002
Simulation results:
{'J': 50, 'K': 10, 'N': 10, 'p': 0.7, 'seed': 42, 'sim': 2, 'runtime': 1.1298842811957002, 'identifiable': 1, 'branch': 6}
3
Q: [[1 1 1 1 1 1 1 1 1 0]
 [0 0 0 1 1 1 1 0 1 0]
 [1 0 1 1 1 1 1 1 0 1]
 [1 1 0 1 1 1 1 1 1 1]
 [0 1 1 1 0 1 0 1 1 1]
 [0 1 0 0 1 1 1 1 0 0]
 [1 1 0 1 0 1 1 1 1 1]
 [1 1 0 0 1 1 1 1 1 1]
 [1 1 1 1 0 1 1 1 1 0]
 [1 0 1 1 0 1 1 1 1 0]
 [1 1 1 1 1 1 1 0 1 1]
 [0 1 1 1 1 1 0 1 1 0]
 [1 1 1 0 1 1 1 1 1 1]
 [0 1 1 0 0 1 1 1 0 0]
 [1 0 1 1 1 0 1 0 0 0]
 [1 1 1 1 1 0 1 1 1 1]
 [1 1 0 1 0 0 1 0 1 0]
 [1 0 0 0 0 1 1 1 1 1]
 [1 0 1 0 1 0 0 1 1 0]
 [1 1 1 1 1 1 1 1 0 1]
 [0 1 1 1 1 1 1 1 1 1]
 [1 1 0 1 1 0 1 1 0 1]
 [1 1 1 1 1 1 1 0 0 1]
 [1 1 1 1 1 0 1 1 1 1]
 [0 0 0 1 1 1 1 1 0 1]
 [1 1 1 1 0 0 0 1 1 1]
 [1 0 1 1 1 1 0 1 1 1]
 [1 0 0 0 0 1 1 1 1 0]
 [1 0 1 1 1 0 1 1 1 1]
 [1 0 1 1 1 1 0 1 1 1]
 [0 0 1 1 1 0 1 1 1 1]
 [1 0 1 1 1 0 1 0 1 1]
 [1 1 1 0 1 1 1 0 0 1]
 [0 1 1 0 0 1 1 1 0 1]
 [1 1 1 1 0 1 1 1 0 1]
 [1 0 0 0 0 1 0 1 0 0]
 [0 1 1 1 0 0 1 1 1 0]
 [0 1 1 0 0 1 1 1 1 1]
 [1 0 1 0 1 1 1 1 0 0]
 [1 1 0 1 1 0 1 1 1 0]
 [1 1 0 1 0 1 0 1 1 1]
 [1 0 0 1 1 0 0 1 1 1]
 [1 1 1 1 0 1 1 1 1 1]
 [1 1 1 1 1 0 1 0 1 1]
 [1 1 0 0 0 1 1 1 1 1]
 [1 1 1 0 0 0 1 1 1 0]
 [1 1 0 1 1 1 1 1 1 1]
 [1 0 1 1 1 0 1 1 0 0]
 [1 0 1 1 1 1 0 1 1 0]
 [0 1 1 1 0 1 0 1 1 1]]
{'restarts': 61, 'conflicts': 32652, 'decisions': 48192, 'propagations': 14917909}
Q is identifiable
branch at 6
runtime for solving id of Q is 2.710370813496411
Simulation results:
{'J': 50, 'K': 10, 'N': 10, 'p': 0.7, 'seed': 42, 'sim': 3, 'runtime': 2.710370813496411, 'identifiable': 1, 'branch': 6}
4
Q: [[1 1 0 1 1 0 1 0 1 1]
 [1 1 0 1 1 1 1 0 1 1]
 [0 1 0 1 1 1 0 0 1 1]
 [1 1 1 0 1 1 1 1 1 1]
 [0 1 1 1 0 0 1 0 1 1]
 [1 1 1 0 0 1 1 1 1 1]
 [1 1 0 1 1 0 1 1 1 1]
 [0 1 1 0 0 0 1 1 0 0]
 [1 1 1 0 1 1 1 1 0 1]
 [0 0 1 1 1 0 1 1 0 1]
 [0 1 1 1 0 1 0 0 1 0]
 [1 1 1 0 1 1 1 1 1 0]
 [0 1 0 1 0 1 1 1 0 1]
 [1 1 1 1 0 0 1 0 1 0]
 [0 1 0 1 1 0 1 1 1 0]
 [1 1 0 0 1 1 1 1 1 0]
 [1 1 1 0 1 0 1 1 1 1]
 [1 1 1 0 1 0 1 1 1 1]
 [1 1 1 1 1 0 0 0 0 1]
 [1 0 1 1 1 1 1 0 1 1]
 [0 1 1 1 0 0 1 0 1 0]
 [0 0 1 0 0 1 0 1 0 1]
 [0 1 1 1 1 1 1 1 1 1]
 [0 1 0 0 1 1 0 1 1 1]
 [0 1 1 0 0 1 1 0 1 1]
 [1 0 1 0 0 1 1 1 1 1]
 [0 1 0 1 1 1 1 0 1 1]
 [1 1 1 1 0 1 0 1 1 1]
 [1 1 1 1 1 1 0 1 1 1]
 [1 1 1 1 1 1 1 1 1 1]
 [0 1 1 1 0 1 1 1 1 1]
 [1 0 1 0 0 1 1 1 1 1]
 [0 0 1 1 0 0 0 1 1 1]
 [1 1 1 1 1 1 1 1 1 1]
 [0 1 1 1 0 1 1 1 1 1]
 [1 0 1 0 0 1 0 1 1 1]
 [1 1 1 1 1 1 1 1 1 0]
 [1 0 1 1 1 1 1 0 1 0]
 [0 0 0 1 1 1 1 1 0 1]
 [1 1 1 1 0 1 1 1 1 1]
 [1 1 1 1 1 1 1 1 0 1]
 [1 1 1 1 1 0 1 1 1 1]
 [1 1 0 1 1 0 1 0 1 0]
 [1 0 0 1 0 1 1 1 1 1]
 [1 1 0 0 1 1 1 1 1 1]
 [1 0 1 1 1 1 1 1 1 1]
 [0 0 1 1 1 1 1 1 1 1]
 [1 0 0 0 1 0 1 0 1 0]
 [1 0 0 1 1 0 1 0 1 1]
 [1 1 0 1 1 1 1 0 0 1]]
{'restarts': 31, 'conflicts': 11758, 'decisions': 19477, 'propagations': 5458834}
Q is identifiable
branch at 6
runtime for solving id of Q is 0.8761509209871292
Simulation results:
{'J': 50, 'K': 10, 'N': 10, 'p': 0.7, 'seed': 42, 'sim': 4, 'runtime': 0.8761509209871292, 'identifiable': 1, 'branch': 6}
5
Q: [[0 0 1 0 1 1 0 1 0 0]
 [1 0 1 1 1 0 1 1 1 0]
 [1 1 1 1 0 1 1 0 1 0]
 [1 0 1 1 0 0 0 1 0 0]
 [1 0 0 1 1 1 1 1 1 1]
 [1 1 0 0 1 0 1 1 1 1]
 [0 0 1 1 1 1 1 1 0 0]
 [1 0 1 1 1 1 0 1 1 1]
 [1 0 1 1 1 1 1 1 1 0]
 [0 0 1 1 1 0 1 1 1 1]
 [1 1 0 1 1 1 1 1 0 1]
 [0 1 1 0 1 1 1 1 0 1]
 [0 0 1 0 1 0 1 1 1 1]
 [1 0 1 1 0 1 0 0 0 0]
 [1 1 0 1 1 1 0 1 1 1]
 [1 1 1 1 0 1 0 0 1 1]
 [1 0 1 1 1 1 1 1 0 1]
 [1 1 0 1 0 1 1 1 1 1]
 [1 0 1 1 1 1 1 1 1 1]
 [1 1 1 1 0 1 1 1 0 0]
 [1 0 1 1 0 0 1 1 1 1]
 [0 1 1 1 1 1 1 0 0 1]
 [0 0 0 1 1 1 1 1 1 1]
 [0 1 1 0 0 0 0 1 0 1]
 [1 1 1 1 1 0 1 1 0 1]
 [1 1 1 1 0 1 1 0 0 1]
 [1 1 1 1 1 0 1 1 1 1]
 [1 1 0 1 1 1 1 1 1 1]
 [1 0 0 0 0 1 0 1 0 0]
 [0 0 1 1 1 1 1 1 0 1]
 [0 0 0 0 1 0 0 1 1 0]
 [1 1 1 1 1 0 1 1 1 1]
 [0 1 1 1 1 0 0 1 1 1]
 [1 1 1 1 1 0 0 1 0 1]
 [1 0 0 0 1 1 0 1 1 1]
 [1 1 1 0 1 1 1 1 1 1]
 [0 1 0 1 1 1 1 0 1 1]
 [0 0 0 1 0 1 1 1 1 1]
 [1 0 1 1 1 0 1 1 0 0]
 [1 1 0 1 1 0 1 1 1 1]
 [1 0 1 1 1 1 0 1 1 1]
 [1 1 0 0 1 1 0 0 1 1]
 [1 0 0 1 1 0 0 0 0 1]
 [1 1 1 1 0 1 0 1 0 1]
 [1 1 1 0 0 1 1 1 1 0]
 [0 1 0 1 0 1 0 0 1 0]
 [1 1 1 0 0 0 0 1 0 1]
 [1 1 0 0 1 1 0 1 0 0]
 [1 1 0 0 1 0 1 1 0 0]
 [1 0 1 1 1 0 1 1 1 0]]
{'restarts': 8, 'conflicts': 4378, 'decisions': 7451, 'propagations': 2351072}
Q is identifiable
branch at 6
runtime for solving id of Q is 0.40447673574090004
Simulation results:
{'J': 50, 'K': 10, 'N': 10, 'p': 0.7, 'seed': 42, 'sim': 5, 'runtime': 0.40447673574090004, 'identifiable': 1, 'branch': 6}
6
Q: [[1 0 1 1 1 0 0 1 1 1]
 [1 1 1 1 1 1 0 1 1 0]
 [1 1 1 1 1 1 0 1 1 1]
 [1 1 0 1 1 1 1 0 1 1]
 [1 0 1 1 0 0 1 1 1 1]
 [1 1 1 1 1 0 1 1 1 0]
 [1 1 1 1 1 1 1 0 1 1]
 [0 1 1 1 1 0 0 1 1 0]
 [0 0 1 1 0 1 1 1 1 1]
 [1 0 1 0 1 1 0 1 1 1]
 [1 0 0 1 1 1 0 1 1 1]
 [1 1 0 1 1 0 0 1 1 1]
 [1 1 1 1 0 1 1 1 0 0]
 [0 0 0 1 1 1 0 0 1 1]
 [1 0 1 1 1 1 0 1 0 1]
 [1 1 0 1 1 1 0 1 0 1]
 [1 1 1 1 1 1 0 1 0 1]
 [1 1 1 1 1 1 1 0 0 1]
 [1 1 1 1 1 1 1 1 0 0]
 [1 0 0 1 1 1 0 0 1 1]
 [1 1 1 0 1 0 0 0 1 1]
 [1 1 1 1 1 1 1 1 0 0]
 [1 1 1 1 1 0 1 1 1 1]
 [1 1 1 1 1 1 1 0 1 1]
 [1 1 1 1 0 1 1 1 0 1]
 [1 1 1 1 1 1 1 1 1 0]
 [1 1 1 1 0 1 1 1 1 1]
 [1 1 0 1 0 0 0 1 1 0]
 [1 1 0 0 1 1 1 0 0 1]
 [1 0 1 1 0 1 1 1 1 0]
 [1 0 1 1 1 1 1 1 1 1]
 [0 1 0 1 1 1 1 1 0 0]
 [1 1 0 1 0 0 0 1 1 1]
 [1 0 1 1 0 0 0 0 1 1]
 [0 1 1 1 1 0 1 1 1 1]
 [1 1 0 1 1 1 1 1 0 1]
 [0 1 1 1 0 1 1 1 1 1]
 [1 1 1 1 0 0 0 1 1 1]
 [1 1 1 1 1 0 1 1 1 1]
 [1 0 0 1 0 0 0 0 1 1]
 [1 1 0 1 0 0 0 0 1 1]
 [1 1 1 1 0 1 1 1 1 1]
 [0 1 0 1 0 1 1 1 0 1]
 [1 0 0 1 0 1 1 1 0 0]
 [1 1 1 0 0 1 0 0 1 1]
 [1 1 1 1 0 1 1 1 1 1]
 [1 1 1 1 1 0 1 1 0 1]
 [1 0 1 1 0 0 0 1 1 1]
 [1 1 1 0 1 1 1 1 1 1]
 [1 1 0 0 1 1 0 0 1 0]]
{'restarts': 176, 'conflicts': 62659, 'decisions': 94051, 'propagations': 22710802}
Q is identifiable
branch at 6
runtime for solving id of Q is 4.9714438654482365
Simulation results:
{'J': 50, 'K': 10, 'N': 10, 'p': 0.7, 'seed': 42, 'sim': 6, 'runtime': 4.9714438654482365, 'identifiable': 1, 'branch': 6}
7
Q: [[1 0 0 1 0 1 0 1 0 1]
 [1 1 0 0 0 0 1 1 1 1]
 [1 1 1 1 1 1 0 0 0 1]
 [1 0 1 1 1 1 1 1 1 1]
 [1 0 1 1 0 1 1 1 1 1]
 [0 1 1 1 1 1 1 1 1 1]
 [1 0 1 1 1 0 1 1 0 0]
 [1 1 0 0 0 1 1 1 0 1]
 [1 0 1 0 1 1 1 0 1 1]
 [0 1 1 1 1 1 1 1 1 1]
 [1 1 1 1 1 1 0 1 0 0]
 [1 1 1 0 1 1 1 0 0 1]
 [1 1 1 0 1 1 1 0 0 1]
 [0 1 1 1 1 1 0 1 1 1]
 [1 0 1 1 0 1 1 1 1 0]
 [0 1 0 1 1 1 1 1 1 0]
 [1 1 1 1 1 1 0 1 1 1]
 [1 1 0 1 1 1 1 1 0 1]
 [0 1 0 1 1 1 0 1 1 1]
 [0 1 0 1 1 1 0 1 0 1]
 [1 1 1 0 0 0 0 1 1 0]
 [1 0 0 1 0 1 1 1 1 1]
 [1 0 0 1 1 0 1 1 1 1]
 [1 0 1 1 1 1 1 0 0 1]
 [0 0 0 1 1 1 1 1 1 0]
 [0 0 1 1 1 1 1 1 1 0]
 [1 0 1 1 1 1 1 1 1 1]
 [1 0 1 0 1 0 0 1 1 0]
 [1 1 1 0 0 1 1 1 1 0]
 [1 1 1 0 1 1 1 1 1 1]
 [1 0 0 0 1 0 1 1 1 1]
 [1 1 1 1 1 1 1 0 0 1]
 [1 1 0 1 1 1 1 1 0 1]
 [1 0 0 1 1 1 0 1 0 1]
 [1 1 1 1 1 1 0 1 0 1]
 [1 1 1 0 1 1 1 1 1 0]
 [0 1 1 1 1 1 1 1 1 1]
 [1 1 1 0 1 1 1 0 1 1]
 [1 0 0 1 0 0 0 1 1 1]
 [0 1 1 1 0 0 1 0 1 0]
 [1 1 0 1 0 1 1 1 1 1]
 [1 1 1 0 0 1 0 1 1 0]
 [0 1 0 1 0 1 1 1 1 1]
 [0 1 1 1 1 1 1 1 1 1]
 [0 0 1 1 1 1 1 1 1 1]
 [1 0 0 1 1 0 0 1 1 1]
 [1 1 1 1 1 0 1 1 1 1]
 [0 1 1 0 1 0 1 1 1 1]
 [0 0 1 1 0 0 1 1 1 0]
 [1 1 0 1 1 1 1 1 1 1]]
{'restarts': 3, 'conflicts': 1000, 'decisions': 2620, 'propagations': 376743}
Q is not identifiable, and Q_bar is [[0 1 1 0 0 0 1 1 0 0]
 [0 1 1 1 0 0 0 0 1 1]
 [1 0 1 0 0 0 1 1 0 1]
 [0 1 1 1 1 1 1 1 1 0]
 [0 1 1 1 1 0 1 1 1 0]
 [0 0 1 1 1 1 1 1 1 1]
 [1 0 0 1 0 1 0 1 0 0]
 [0 1 1 1 0 0 1 0 0 1]
 [1 0 1 1 1 0 1 0 0 0]
 [0 0 1 1 1 1 1 1 1 1]
 [1 0 0 0 0 1 1 1 0 1]
 [1 0 1 1 0 0 1 0 0 1]
 [1 0 1 1 0 0 1 0 0 1]
 [0 0 1 0 1 1 1 1 0 1]
 [0 1 0 1 1 0 1 1 1 0]
 [0 0 0 1 0 1 1 1 1 1]
 [0 1 1 0 1 1 1 1 1 1]
 [0 1 1 1 0 1 1 1 0 1]
 [0 0 1 0 0 1 1 1 1 1]
 [0 0 1 0 0 1 1 1 0 1]
 [0 1 0 0 1 0 0 0 0 1]
 [0 1 1 1 0 0 1 1 1 0]
 [0 1 1 1 0 1 0 1 1 0]
 [1 0 1 1 0 0 1 1 0 0]
 [0 0 0 1 0 1 1 1 1 0]
 [0 0 0 1 1 1 1 1 1 0]
 [0 1 1 1 1 1 1 1 1 0]
 [1 1 0 0 1 1 0 0 0 0]
 [0 1 0 1 1 0 1 0 1 1]
 [1 0 1 1 1 1 1 0 1 1]
 [0 1 1 1 0 1 0 0 1 0]
 [1 0 1 1 0 0 1 1 0 1]
 [0 1 1 1 0 1 1 1 0 1]
 [0 1 1 0 0 1 1 1 0 0]
 [1 0 1 0 0 1 1 1 0 1]
 [1 1 0 1 1 1 1 0 1 1]
 [0 0 1 1 1 1 1 1 1 1]
 [1 0 1 1 1 0 1 0 0 1]
 [0 1 1 0 0 0 0 1 1 0]
 [0 0 0 1 1 0 0 1 0 1]
 [0 1 1 1 0 0 1 1 1 1]
 [0 1 0 0 1 0 1 0 0 1]
 [0 0 1 1 0 0 1 1 1 1]
 [0 0 1 1 1 1 1 1 1 1]
 [0 0 1 1 1 1 1 1 0 0]
 [0 1 1 0 0 1 0 1 1 0]
 [0 1 1 1 1 1 0 1 1 1]
 [0 0 1 1 1 1 0 0 1 1]
 [0 0 0 1 1 0 0 1 1 0]
 [0 1 1 1 0 1 1 1 1 1]]
branch at 5
runtime for solving id of Q is 0.16295829135924578
Simulation results:
{'J': 50, 'K': 10, 'N': 10, 'p': 0.7, 'seed': 42, 'sim': 7, 'runtime': 0.16295829135924578, 'identifiable': 0, 'branch': 5}
8
Q: [[1 0 0 1 1 1 1 1 1 1]
 [1 1 1 1 1 1 0 0 1 1]
 [1 1 1 0 1 0 1 1 0 1]
 [1 1 1 0 1 0 0 0 1 1]
 [0 1 1 1 1 1 1 1 0 1]
 [0 1 0 1 0 1 0 1 0 0]
 [1 1 0 1 0 1 1 0 1 0]
 [1 1 1 1 1 1 1 1 0 1]
 [1 1 1 0 1 1 1 1 0 1]
 [0 1 1 0 1 1 1 1 1 1]
 [1 1 1 1 1 1 0 1 0 1]
 [1 1 1 1 1 1 0 1 1 0]
 [1 1 1 0 0 1 1 0 1 1]
 [1 1 1 1 1 1 0 1 1 1]
 [1 1 1 0 0 1 1 1 0 0]
 [1 1 0 1 1 1 1 0 0 1]
 [1 1 1 1 1 1 1 1 1 1]
 [1 0 1 1 0 0 1 0 1 1]
 [1 1 1 1 1 1 1 1 1 0]
 [0 0 1 0 1 1 1 1 1 1]
 [0 1 1 0 1 1 1 1 1 1]
 [1 1 1 1 1 0 1 1 1 1]
 [1 1 0 0 1 0 1 1 1 1]
 [0 1 1 0 1 1 1 0 0 1]
 [1 1 0 1 1 0 1 1 1 0]
 [1 1 1 1 1 1 0 1 1 1]
 [1 0 1 1 1 1 1 1 0 0]
 [1 0 1 1 1 1 1 1 1 1]
 [1 0 1 1 1 1 0 1 1 0]
 [1 1 1 0 1 1 1 1 1 1]
 [1 0 0 1 0 1 1 1 0 0]
 [1 0 1 0 0 1 0 1 1 1]
 [1 0 1 1 0 0 1 0 1 0]
 [1 1 1 1 1 1 1 0 1 1]
 [1 1 0 0 1 1 0 1 0 1]
 [0 1 1 0 1 1 1 1 1 1]
 [1 1 0 1 1 1 1 1 1 1]
 [1 1 1 1 1 1 1 0 1 1]
 [1 1 1 1 0 1 0 1 1 1]
 [1 1 1 1 0 0 1 1 1 1]
 [1 1 1 1 0 1 0 1 1 1]
 [1 1 1 1 1 1 1 1 1 1]
 [1 0 1 0 1 1 1 1 1 0]
 [1 1 1 0 1 1 1 0 0 1]
 [0 0 1 1 1 0 1 0 1 0]
 [1 1 0 0 0 1 1 1 1 1]
 [1 1 0 1 1 1 1 1 0 0]
 [0 0 1 1 1 1 1 1 1 1]
 [1 1 1 1 1 0 1 1 0 1]
 [1 1 1 0 0 1 1 1 1 1]]
{'restarts': 70, 'conflicts': 24590, 'decisions': 41726, 'propagations': 9427780}
Q is not identifiable, and Q_bar is [[0 1 1 1 1 1 0 1 1 0]
 [1 1 1 0 1 1 0 1 0 1]
 [0 0 0 1 0 1 1 0 1 1]
 [1 1 0 0 1 1 0 0 0 1]
 [0 0 1 0 0 1 1 1 1 1]
 [0 0 1 0 0 0 0 1 1 1]
 [0 0 1 1 1 0 0 1 0 1]
 [0 0 1 1 0 1 1 1 1 1]
 [0 1 1 0 0 1 1 0 1 1]
 [0 0 1 0 1 1 1 0 1 1]
 [1 1 1 0 0 1 0 1 1 1]
 [1 1 1 0 1 0 0 1 1 1]
 [1 0 1 1 1 1 0 0 0 1]
 [1 1 1 0 1 1 0 1 1 1]
 [1 0 1 1 0 0 0 0 1 1]
 [0 1 1 1 0 1 0 1 0 1]
 [0 0 1 1 1 1 1 1 1 1]
 [1 0 0 1 1 1 0 1 0 0]
 [0 0 1 1 1 0 1 1 1 1]
 [0 0 1 0 1 1 1 0 1 0]
 [0 0 1 0 1 1 1 0 1 1]
 [0 1 0 1 1 1 1 1 1 1]
 [0 1 0 1 1 1 0 0 1 1]
 [0 0 1 0 0 1 1 0 0 1]
 [0 1 0 1 1 0 0 1 1 1]
 [1 1 1 0 1 1 0 1 1 1]
 [0 0 1 1 0 0 1 1 1 0]
 [0 0 1 1 1 1 1 1 1 0]
 [1 1 1 0 1 0 0 1 1 0]
 [1 0 1 0 1 1 1 0 1 1]
 [0 0 1 1 0 0 0 1 1 0]
 [1 0 1 0 1 1 0 0 1 0]
 [1 0 0 1 1 0 0 1 0 0]
 [1 0 1 1 1 1 1 1 0 1]
 [0 1 1 0 0 1 0 0 1 1]
 [0 0 1 0 1 1 1 0 1 1]
 [0 1 1 1 1 1 0 1 1 1]
 [1 0 1 1 1 1 1 1 0 1]
 [1 0 1 0 1 1 0 1 1 1]
 [1 0 0 1 1 1 0 1 1 1]
 [1 0 1 0 1 1 0 1 1 1]
 [0 0 1 1 1 1 1 1 1 1]
 [1 1 1 1 1 0 0 0 1 0]
 [0 0 1 1 0 1 1 0 0 1]
 [0 0 0 0 1 0 1 1 0 0]
 [0 0 1 1 1 1 0 0 1 1]
 [0 1 1 1 0 0 0 1 1 1]
 [0 0 1 0 1 1 1 1 1 0]
 [1 0 0 0 0 1 1 1 1 1]
 [1 0 1 1 1 1 0 0 1 1]]
branch at 5
runtime for solving id of Q is 1.593907730653882
Simulation results:
{'J': 50, 'K': 10, 'N': 10, 'p': 0.7, 'seed': 42, 'sim': 8, 'runtime': 1.593907730653882, 'identifiable': 0, 'branch': 5}
9
Q: [[1 1 1 1 1 1 0 1 1 0]
 [1 1 1 1 1 1 1 0 1 1]
 [0 1 0 1 0 1 0 0 1 1]
 [1 1 1 1 1 1 1 1 1 1]
 [1 1 1 1 1 0 1 1 1 0]
 [0 1 1 0 1 1 1 1 0 0]
 [0 1 0 1 1 0 1 1 1 0]
 [1 1 1 0 0 1 1 1 0 1]
 [0 1 0 0 1 0 1 1 1 0]
 [1 1 1 1 1 1 0 1 1 1]
 [1 0 0 1 0 0 0 1 0 1]
 [1 1 1 1 1 1 0 0 1 0]
 [0 0 1 1 0 1 1 1 1 1]
 [1 1 0 0 1 0 1 1 0 0]
 [0 1 0 1 0 0 1 1 0 1]
 [1 0 1 0 1 1 0 1 1 0]
 [1 1 1 0 0 0 1 0 1 1]
 [1 0 0 1 1 0 1 0 1 1]
 [1 1 0 1 0 1 1 1 1 0]
 [1 1 1 1 1 0 1 1 1 0]
 [1 1 1 1 1 1 0 1 0 1]
 [1 1 1 0 1 1 1 0 1 0]
 [1 1 1 1 1 1 0 0 0 1]
 [1 1 0 0 1 1 1 1 1 1]
 [0 1 1 0 1 1 1 1 1 0]
 [1 1 1 1 0 0 1 0 1 0]
 [1 0 0 1 1 0 0 1 0 1]
 [1 1 1 0 1 0 1 1 1 1]
 [1 1 1 1 1 1 0 0 1 1]
 [1 0 1 1 1 1 1 0 1 1]
 [1 1 0 1 0 1 1 0 1 0]
 [1 0 1 1 0 0 0 0 0 1]
 [1 1 1 1 1 1 1 1 1 1]
 [0 0 1 1 1 1 1 1 1 1]
 [0 0 1 1 1 1 0 1 0 1]
 [0 1 0 1 1 1 1 0 0 0]
 [1 0 1 1 1 1 1 1 1 0]
 [1 1 1 1 1 1 1 1 1 0]
 [1 1 0 1 1 0 1 1 1 1]
 [1 1 1 1 1 1 1 1 1 0]
 [1 1 1 1 0 1 0 1 0 1]
 [0 1 1 1 1 0 1 1 0 1]
 [0 0 1 0 1 1 1 1 0 0]
 [1 1 0 1 1 1 0 1 0 0]
 [1 1 0 1 0 0 1 0 0 0]
 [1 1 1 1 1 0 1 1 1 0]
 [1 1 1 0 1 1 0 0 0 1]
 [1 0 1 0 1 1 1 1 1 1]
 [0 1 1 0 1 1 0 1 0 0]
 [0 1 1 1 1 0 1 1 0 1]]
{'restarts': 111, 'conflicts': 42146, 'decisions': 62931, 'propagations': 21502879}
Q is identifiable
branch at 6
runtime for solving id of Q is 3.871226077899337
Simulation results:
{'J': 50, 'K': 10, 'N': 10, 'p': 0.7, 'seed': 42, 'sim': 9, 'runtime': 3.871226077899337, 'identifiable': 1, 'branch': 6}
Simulation results:
[{'J': 50, 'K': 10, 'N': 10, 'p': 0.7, 'seed': 42, 'sim': 0, 'runtime': 0.18197083566337824, 'identifiable': 1, 'branch': 6}, {'J': 50, 'K': 10, 'N': 10, 'p': 0.7, 'seed': 42, 'sim': 1, 'runtime': 0.26946072094142437, 'identifiable': 0, 'branch': 5}, {'J': 50, 'K': 10, 'N': 10, 'p': 0.7, 'seed': 42, 'sim': 2, 'runtime': 1.1298842811957002, 'identifiable': 1, 'branch': 6}, {'J': 50, 'K': 10, 'N': 10, 'p': 0.7, 'seed': 42, 'sim': 3, 'runtime': 2.710370813496411, 'identifiable': 1, 'branch': 6}, {'J': 50, 'K': 10, 'N': 10, 'p': 0.7, 'seed': 42, 'sim': 4, 'runtime': 0.8761509209871292, 'identifiable': 1, 'branch': 6}, {'J': 50, 'K': 10, 'N': 10, 'p': 0.7, 'seed': 42, 'sim': 5, 'runtime': 0.40447673574090004, 'identifiable': 1, 'branch': 6}, {'J': 50, 'K': 10, 'N': 10, 'p': 0.7, 'seed': 42, 'sim': 6, 'runtime': 4.9714438654482365, 'identifiable': 1, 'branch': 6}, {'J': 50, 'K': 10, 'N': 10, 'p': 0.7, 'seed': 42, 'sim': 7, 'runtime': 0.16295829135924578, 'identifiable': 0, 'branch': 5}, {'J': 50, 'K': 10, 'N': 10, 'p': 0.7, 'seed': 42, 'sim': 8, 'runtime': 1.593907730653882, 'identifiable': 0, 'branch': 5}, {'J': 50, 'K': 10, 'N': 10, 'p': 0.7, 'seed': 42, 'sim': 9, 'runtime': 3.871226077899337, 'identifiable': 1, 'branch': 6}]
