
The Gurobi software has a limited number of licenses. To request a license or
licenses, add this line

    #SBATCH --licenses=gurobi@slurmdb:1

to your SBATCH script, replacing N with the number of licenses you need. Gurobi
will need one license per process.


0
Q: [[0 1 0 1 0]
 [1 1 0 1 0]
 [0 1 1 1 0]
 [1 1 0 1 0]
 [1 0 0 0 0]
 [1 0 1 0 1]
 [1 0 0 1 1]
 [1 1 1 0 0]
 [0 1 0 1 0]
 [0 0 0 0 0]
 [0 1 1 0 0]
 [0 0 1 0 0]
 [1 1 0 0 1]
 [0 1 0 1 1]
 [1 0 0 1 0]
 [1 0 1 0 1]
 [1 1 1 0 1]
 [1 1 0 0 0]
 [1 0 1 1 1]
 [0 1 1 0 1]
 [0 1 1 1 0]
 [0 1 1 0 0]
 [0 0 1 0 0]
 [1 1 0 1 0]
 [0 0 1 0 0]
 [1 0 1 0 1]
 [1 0 0 0 0]
 [0 0 1 0 0]
 [1 1 1 0 0]
 [0 0 1 0 1]
 [1 1 0 1 1]
 [0 0 1 0 0]
 [1 1 0 1 1]
 [1 1 0 0 0]
 [1 0 0 0 1]
 [1 1 1 0 1]
 [1 1 0 1 0]
 [1 1 1 0 1]
 [1 0 1 1 1]
 [0 1 1 1 1]
 [1 1 0 0 1]
 [1 0 1 1 0]
 [0 0 1 0 1]
 [1 1 0 0 1]
 [0 1 1 0 0]
 [1 1 0 1 0]
 [1 0 1 0 1]
 [0 0 0 0 1]
 [0 0 0 0 1]
 [0 0 1 0 0]]
{'restarts': 1, 'conflicts': 9, 'decisions': 20, 'propagations': 358}
Q is identifiable
branch at 6
runtime for solving id of Q is 0.0031658122316002846
Simulation results:
{'J': 50, 'K': 5, 'N': 10, 'p': 0.5, 'seed': 12, 'sim': 0, 'runtime': 0.0031658122316002846, 'identifiable': 1, 'branch': 6}
1
Q: [[1 1 1 0 0]
 [0 0 0 0 0]
 [1 0 0 0 0]
 [0 0 1 0 1]
 [0 1 1 0 0]
 [1 1 1 0 1]
 [1 0 0 1 0]
 [0 1 0 1 0]
 [0 0 0 1 0]
 [1 1 1 0 0]
 [1 0 0 0 1]
 [1 1 1 1 1]
 [1 1 0 0 0]
 [1 1 0 1 1]
 [0 1 0 1 1]
 [1 0 1 0 0]
 [0 1 0 0 1]
 [0 0 0 0 0]
 [0 1 0 1 0]
 [0 0 1 0 0]
 [1 1 1 1 1]
 [1 0 0 0 1]
 [1 0 1 1 1]
 [1 0 1 1 0]
 [0 1 1 0 1]
 [0 0 0 1 0]
 [0 0 1 0 0]
 [1 0 1 1 0]
 [0 1 1 1 0]
 [1 1 1 1 0]
 [1 1 1 1 1]
 [1 0 1 1 0]
 [1 0 0 0 1]
 [1 1 1 0 1]
 [0 0 1 1 1]
 [0 1 0 1 1]
 [0 1 0 1 1]
 [1 1 0 0 0]
 [0 1 1 1 1]
 [1 0 1 1 0]
 [1 1 1 1 1]
 [0 0 0 1 1]
 [0 0 1 1 0]
 [1 1 1 0 0]
 [1 0 0 0 1]
 [0 0 1 0 0]
 [0 1 0 0 0]
 [0 0 1 0 1]
 [1 0 0 0 0]
 [0 1 0 0 1]]
{'restarts': 1, 'conflicts': 11, 'decisions': 21, 'propagations': 424}
Q is identifiable
branch at 6
runtime for solving id of Q is 0.003985036164522171
Simulation results:
{'J': 50, 'K': 5, 'N': 10, 'p': 0.5, 'seed': 12, 'sim': 1, 'runtime': 0.003985036164522171, 'identifiable': 1, 'branch': 6}
2
Q: [[0 1 0 1 1]
 [0 0 1 0 1]
 [1 0 1 0 1]
 [1 0 1 0 1]
 [0 0 1 1 0]
 [1 0 0 1 1]
 [0 1 1 1 0]
 [1 0 1 1 0]
 [1 1 0 1 0]
 [0 1 0 0 1]
 [0 0 0 1 1]
 [0 1 0 0 1]
 [1 0 1 1 0]
 [1 0 1 0 0]
 [1 0 1 0 0]
 [0 0 1 1 1]
 [1 1 1 0 1]
 [0 0 0 1 0]
 [0 0 1 0 1]
 [0 0 1 1 0]
 [0 0 0 1 1]
 [1 1 0 1 0]
 [1 1 1 0 1]
 [0 1 1 0 1]
 [0 1 1 0 0]
 [0 0 1 0 0]
 [0 1 1 1 1]
 [1 0 0 0 0]
 [1 1 1 0 1]
 [1 0 1 1 1]
 [1 1 1 0 0]
 [0 1 1 1 1]
 [0 0 0 1 1]
 [1 0 0 1 1]
 [1 1 1 1 0]
 [1 0 1 0 1]
 [1 1 0 1 0]
 [0 0 1 1 1]
 [0 0 0 0 0]
 [1 0 1 1 0]
 [0 0 0 1 1]
 [1 1 1 0 1]
 [0 1 1 0 0]
 [0 1 1 0 0]
 [0 1 0 1 1]
 [0 1 0 0 1]
 [1 0 0 1 1]
 [1 1 1 0 0]
 [1 0 1 1 0]
 [1 0 0 0 0]]
{'restarts': 1, 'conflicts': 10, 'decisions': 19, 'propagations': 459}
Q is identifiable
branch at 6
runtime for solving id of Q is 0.0032016877084970474
Simulation results:
{'J': 50, 'K': 5, 'N': 10, 'p': 0.5, 'seed': 12, 'sim': 2, 'runtime': 0.0032016877084970474, 'identifiable': 1, 'branch': 6}
3
Q: [[0 0 1 0 0]
 [1 0 0 1 0]
 [1 0 0 0 0]
 [0 0 1 1 0]
 [1 1 1 0 0]
 [0 0 1 0 1]
 [1 1 1 1 1]
 [1 0 0 1 0]
 [1 0 0 0 1]
 [1 1 0 1 0]
 [0 1 0 1 1]
 [1 0 1 1 1]
 [1 1 0 0 0]
 [1 1 1 0 0]
 [1 1 1 0 0]
 [1 0 1 0 0]
 [1 1 0 0 1]
 [1 1 1 1 1]
 [1 1 1 0 1]
 [0 1 1 1 1]
 [0 1 0 0 1]
 [0 1 0 0 1]
 [0 1 0 0 1]
 [1 1 1 1 1]
 [0 1 1 0 1]
 [0 1 0 1 1]
 [0 1 1 0 1]
 [1 1 0 0 1]
 [1 0 0 0 0]
 [1 1 0 1 0]
 [1 0 0 0 0]
 [1 0 1 1 0]
 [1 0 1 0 1]
 [0 1 1 1 1]
 [1 1 1 0 1]
 [1 1 1 1 1]
 [0 1 1 0 1]
 [0 0 1 1 0]
 [1 0 0 0 1]
 [0 0 1 0 0]
 [1 0 1 0 0]
 [0 0 1 0 0]
 [1 0 0 1 0]
 [0 0 1 0 1]
 [1 0 0 1 0]
 [1 1 1 1 1]
 [0 1 0 1 0]
 [1 0 1 1 0]
 [0 1 0 1 0]
 [1 0 1 1 0]]
{'restarts': 1, 'conflicts': 7, 'decisions': 16, 'propagations': 351}
Q is identifiable
branch at 6
runtime for solving id of Q is 0.0037297122180461884
Simulation results:
{'J': 50, 'K': 5, 'N': 10, 'p': 0.5, 'seed': 12, 'sim': 3, 'runtime': 0.0037297122180461884, 'identifiable': 1, 'branch': 6}
4
Q: [[1 1 1 0 1]
 [0 1 1 1 1]
 [0 1 1 1 1]
 [1 1 1 0 0]
 [1 0 1 1 1]
 [1 1 0 1 1]
 [0 0 0 0 0]
 [1 1 0 0 0]
 [1 1 1 0 1]
 [0 1 0 1 1]
 [1 0 0 0 0]
 [0 1 0 0 0]
 [0 1 1 1 1]
 [1 0 0 1 1]
 [0 0 1 0 1]
 [0 1 0 0 1]
 [0 1 1 0 0]
 [1 1 0 0 0]
 [1 0 1 0 1]
 [0 1 0 0 1]
 [0 0 0 1 1]
 [1 1 1 1 0]
 [0 1 0 0 1]
 [0 0 1 0 1]
 [1 1 1 0 1]
 [1 1 1 0 1]
 [1 0 1 1 1]
 [0 1 0 0 0]
 [0 1 1 0 0]
 [1 0 1 0 1]
 [1 1 1 1 1]
 [1 1 0 0 0]
 [0 0 0 0 1]
 [1 1 1 1 0]
 [0 0 0 1 1]
 [0 0 1 1 1]
 [0 1 1 1 0]
 [1 0 0 1 1]
 [1 0 1 1 0]
 [0 0 1 0 1]
 [0 0 0 1 0]
 [1 1 1 0 0]
 [1 1 1 0 1]
 [1 1 0 1 1]
 [0 0 0 0 1]
 [0 1 1 1 1]
 [0 0 0 0 1]
 [0 0 1 0 1]
 [1 0 0 0 0]
 [0 0 0 0 1]]
{'restarts': 1, 'conflicts': 10, 'decisions': 17, 'propagations': 606}
Q is identifiable
branch at 6
runtime for solving id of Q is 0.002842901274561882
Simulation results:
{'J': 50, 'K': 5, 'N': 10, 'p': 0.5, 'seed': 12, 'sim': 4, 'runtime': 0.002842901274561882, 'identifiable': 1, 'branch': 6}
5
Q: [[1 1 1 0 1]
 [0 1 0 1 0]
 [1 1 0 1 1]
 [0 1 1 1 0]
 [0 1 0 1 1]
 [0 1 1 1 0]
 [1 0 1 1 0]
 [0 0 0 1 0]
 [0 0 1 1 0]
 [0 0 0 0 0]
 [1 0 0 1 0]
 [0 1 1 0 1]
 [0 1 0 0 0]
 [0 0 1 0 0]
 [1 1 1 1 1]
 [1 1 0 0 0]
 [0 0 0 1 0]
 [0 1 1 0 1]
 [1 0 0 0 0]
 [1 1 0 1 1]
 [1 1 1 0 1]
 [0 1 1 1 0]
 [0 0 0 0 1]
 [1 0 0 1 1]
 [0 0 1 1 1]
 [1 1 0 1 0]
 [0 1 0 1 1]
 [0 0 0 0 0]
 [1 1 1 1 1]
 [0 1 1 0 1]
 [1 0 1 0 1]
 [1 1 0 0 1]
 [1 0 0 1 0]
 [0 0 0 1 1]
 [0 1 0 1 1]
 [1 0 0 0 0]
 [1 1 1 1 1]
 [0 0 1 1 1]
 [0 0 1 1 0]
 [1 1 0 1 1]
 [0 0 1 0 0]
 [1 1 0 0 0]
 [1 0 0 0 1]
 [0 0 0 0 0]
 [0 1 0 1 0]
 [0 0 0 0 1]
 [0 0 0 1 1]
 [1 0 1 0 1]
 [0 0 1 1 1]
 [0 0 1 0 1]]
Q is identifiable (direct_check).
Q is identifiable
branch at 4
runtime for solving id of Q is 0.00045573804527521133
Simulation results:
{'J': 50, 'K': 5, 'N': 10, 'p': 0.5, 'seed': 12, 'sim': 5, 'runtime': 0.00045573804527521133, 'identifiable': 1, 'branch': 4}
6
Q: [[0 0 0 1 1]
 [0 0 0 1 1]
 [1 1 0 0 0]
 [1 1 1 0 1]
 [0 0 0 1 0]
 [0 0 0 1 1]
 [1 0 0 1 1]
 [0 0 1 0 0]
 [1 1 1 0 0]
 [0 0 0 0 0]
 [0 0 0 1 1]
 [0 0 0 0 0]
 [0 1 0 0 1]
 [1 1 1 1 0]
 [0 0 1 1 1]
 [0 1 0 0 1]
 [0 0 0 0 1]
 [1 1 1 0 0]
 [0 1 1 1 0]
 [0 1 0 0 0]
 [0 0 0 1 0]
 [1 0 0 1 0]
 [0 1 0 1 1]
 [1 0 0 1 1]
 [0 0 1 0 1]
 [0 1 0 1 1]
 [0 0 1 1 0]
 [1 1 0 1 1]
 [0 0 1 0 1]
 [0 1 0 1 0]
 [0 0 1 1 0]
 [1 1 0 1 0]
 [0 1 1 1 0]
 [0 1 0 0 1]
 [0 0 0 0 1]
 [1 0 0 0 1]
 [1 1 1 0 0]
 [0 1 0 0 1]
 [1 0 0 0 1]
 [1 0 0 0 0]
 [1 1 1 0 1]
 [1 1 0 1 0]
 [0 0 0 0 1]
 [0 1 0 0 0]
 [0 0 1 1 1]
 [0 0 0 0 1]
 [1 0 0 1 0]
 [1 1 1 0 0]
 [0 0 1 1 0]
 [0 0 1 1 0]]
Q is identifiable (direct_check).
Q is identifiable
branch at 4
runtime for solving id of Q is 0.0004339488223195076
Simulation results:
{'J': 50, 'K': 5, 'N': 10, 'p': 0.5, 'seed': 12, 'sim': 6, 'runtime': 0.0004339488223195076, 'identifiable': 1, 'branch': 4}
7
Q: [[0 1 0 1 0]
 [1 0 0 1 0]
 [1 1 1 1 0]
 [0 0 1 0 0]
 [1 1 0 0 1]
 [1 1 0 0 0]
 [0 0 1 1 1]
 [1 1 0 0 1]
 [0 1 1 0 0]
 [1 0 0 1 0]
 [0 0 0 1 1]
 [1 0 1 0 1]
 [1 0 1 0 0]
 [1 0 0 1 0]
 [0 1 1 0 0]
 [1 0 1 1 1]
 [1 0 1 0 1]
 [0 1 0 0 0]
 [0 0 0 1 1]
 [1 0 0 1 1]
 [1 1 1 0 0]
 [1 1 1 0 1]
 [1 1 1 1 0]
 [1 0 0 1 1]
 [0 1 1 0 1]
 [0 1 0 1 0]
 [1 0 1 1 0]
 [1 0 1 0 1]
 [0 0 0 0 0]
 [0 1 0 0 0]
 [0 0 1 1 1]
 [1 1 0 0 1]
 [0 1 0 1 0]
 [0 1 0 0 1]
 [1 0 1 0 0]
 [1 0 1 0 0]
 [1 1 1 0 0]
 [1 0 1 1 0]
 [1 0 1 1 0]
 [0 0 1 0 0]
 [1 0 0 0 0]
 [0 0 1 1 0]
 [1 0 0 0 0]
 [1 1 0 0 0]
 [1 0 0 1 0]
 [1 0 1 0 1]
 [1 0 1 0 1]
 [0 1 1 0 1]
 [0 0 0 0 0]
 [1 1 0 1 1]]
{'restarts': 1, 'conflicts': 14, 'decisions': 30, 'propagations': 690}
Q is identifiable
branch at 6
runtime for solving id of Q is 0.003794373944401741
Simulation results:
{'J': 50, 'K': 5, 'N': 10, 'p': 0.5, 'seed': 12, 'sim': 7, 'runtime': 0.003794373944401741, 'identifiable': 1, 'branch': 6}
8
Q: [[0 1 1 0 0]
 [1 0 1 1 0]
 [0 0 1 0 1]
 [0 0 1 0 1]
 [1 1 0 1 0]
 [0 0 1 1 0]
 [0 1 0 0 1]
 [1 0 0 0 1]
 [1 0 1 1 0]
 [0 1 0 1 0]
 [0 1 0 0 0]
 [1 0 1 0 1]
 [1 0 0 1 1]
 [0 0 0 1 0]
 [1 1 0 0 1]
 [0 0 1 0 1]
 [1 0 0 0 0]
 [1 1 0 0 0]
 [1 0 0 1 1]
 [1 1 1 1 1]
 [1 1 0 0 0]
 [0 1 0 1 0]
 [0 1 0 0 0]
 [1 1 0 0 0]
 [0 0 0 1 1]
 [0 0 0 1 1]
 [0 0 1 0 1]
 [0 0 0 0 0]
 [1 0 1 0 0]
 [0 0 0 1 1]
 [1 1 1 0 1]
 [1 0 1 0 1]
 [0 0 1 0 1]
 [0 1 0 1 0]
 [1 1 0 0 1]
 [0 1 0 0 1]
 [1 0 1 0 0]
 [0 0 1 1 0]
 [1 1 0 0 0]
 [0 0 0 1 0]
 [0 0 1 0 0]
 [0 1 1 0 1]
 [1 1 0 0 0]
 [0 0 0 1 0]
 [0 1 0 0 1]
 [1 0 0 1 0]
 [0 1 0 1 1]
 [1 0 1 0 1]
 [0 1 1 1 1]
 [0 0 1 0 1]]
{'restarts': 1, 'conflicts': 11, 'decisions': 21, 'propagations': 424}
Q is identifiable
branch at 6
runtime for solving id of Q is 0.0034061046317219734
Simulation results:
{'J': 50, 'K': 5, 'N': 10, 'p': 0.5, 'seed': 12, 'sim': 8, 'runtime': 0.0034061046317219734, 'identifiable': 1, 'branch': 6}
9
Q: [[0 1 0 0 1]
 [1 1 1 1 1]
 [1 1 1 0 1]
 [1 1 0 1 1]
 [0 1 0 0 1]
 [1 0 0 1 0]
 [0 1 1 1 0]
 [0 0 1 0 1]
 [0 0 1 0 0]
 [1 0 1 1 0]
 [1 1 0 1 0]
 [1 1 1 0 1]
 [0 1 1 0 1]
 [0 0 1 0 0]
 [0 0 0 1 0]
 [1 0 0 0 1]
 [1 0 1 0 0]
 [1 1 0 1 0]
 [0 0 0 0 1]
 [1 0 0 0 0]
 [0 1 0 0 1]
 [1 0 1 1 0]
 [0 0 1 1 0]
 [0 0 0 0 1]
 [0 0 1 1 0]
 [1 0 0 0 0]
 [0 1 0 0 0]
 [0 1 1 1 1]
 [0 1 0 0 1]
 [0 1 1 1 0]
 [1 1 0 0 1]
 [1 1 0 1 0]
 [0 0 0 1 1]
 [0 1 1 0 1]
 [0 0 0 1 1]
 [0 0 0 0 0]
 [1 0 0 1 1]
 [1 0 0 0 1]
 [1 1 0 0 1]
 [1 0 0 0 0]
 [0 0 1 1 1]
 [0 1 0 0 1]
 [1 1 1 1 1]
 [1 1 1 0 0]
 [0 1 1 0 1]
 [0 1 0 0 1]
 [1 0 0 0 1]
 [1 1 1 0 1]
 [1 0 0 0 0]
 [0 1 1 0 0]]
Q is identifiable (direct_check).
Q is identifiable
branch at 4
runtime for solving id of Q is 0.0004638480022549629
Simulation results:
{'J': 50, 'K': 5, 'N': 10, 'p': 0.5, 'seed': 12, 'sim': 9, 'runtime': 0.0004638480022549629, 'identifiable': 1, 'branch': 4}
Simulation results:
[{'J': 50, 'K': 5, 'N': 10, 'p': 0.5, 'seed': 12, 'sim': 0, 'runtime': 0.0031658122316002846, 'identifiable': 1, 'branch': 6}, {'J': 50, 'K': 5, 'N': 10, 'p': 0.5, 'seed': 12, 'sim': 1, 'runtime': 0.003985036164522171, 'identifiable': 1, 'branch': 6}, {'J': 50, 'K': 5, 'N': 10, 'p': 0.5, 'seed': 12, 'sim': 2, 'runtime': 0.0032016877084970474, 'identifiable': 1, 'branch': 6}, {'J': 50, 'K': 5, 'N': 10, 'p': 0.5, 'seed': 12, 'sim': 3, 'runtime': 0.0037297122180461884, 'identifiable': 1, 'branch': 6}, {'J': 50, 'K': 5, 'N': 10, 'p': 0.5, 'seed': 12, 'sim': 4, 'runtime': 0.002842901274561882, 'identifiable': 1, 'branch': 6}, {'J': 50, 'K': 5, 'N': 10, 'p': 0.5, 'seed': 12, 'sim': 5, 'runtime': 0.00045573804527521133, 'identifiable': 1, 'branch': 4}, {'J': 50, 'K': 5, 'N': 10, 'p': 0.5, 'seed': 12, 'sim': 6, 'runtime': 0.0004339488223195076, 'identifiable': 1, 'branch': 4}, {'J': 50, 'K': 5, 'N': 10, 'p': 0.5, 'seed': 12, 'sim': 7, 'runtime': 0.003794373944401741, 'identifiable': 1, 'branch': 6}, {'J': 50, 'K': 5, 'N': 10, 'p': 0.5, 'seed': 12, 'sim': 8, 'runtime': 0.0034061046317219734, 'identifiable': 1, 'branch': 6}, {'J': 50, 'K': 5, 'N': 10, 'p': 0.5, 'seed': 12, 'sim': 9, 'runtime': 0.0004638480022549629, 'identifiable': 1, 'branch': 4}]
