
The Gurobi software has a limited number of licenses. To request a license or
licenses, add this line

    #SBATCH --licenses=gurobi@slurmdb:1

to your SBATCH script, replacing N with the number of licenses you need. Gurobi
will need one license per process.


0
Q: [[0 0 0 0 0 0 1 1 1 0 0 1 0 1 0]
 [1 1 0 0 1 0 0 1 0 0 0 1 0 0 1]
 [1 1 1 0 0 0 0 1 1 0 1 0 0 0 0]
 [0 1 0 1 1 0 0 1 1 0 1 1 0 1 0]
 [1 1 1 0 0 0 1 1 0 0 0 1 0 0 1]
 [0 1 0 1 1 1 0 1 1 0 1 0 0 0 0]
 [0 0 0 0 1 1 1 0 0 1 0 0 1 1 0]
 [1 1 1 0 0 0 1 0 1 0 1 1 0 0 1]
 [1 0 0 0 0 1 0 0 0 1 1 1 1 0 1]
 [0 1 0 0 1 1 0 0 0 0 0 1 0 0 1]
 [0 1 0 0 1 1 0 1 0 0 1 1 0 1 1]
 [1 1 1 1 0 0 1 0 1 0 0 0 1 0 1]
 [1 1 1 1 1 0 0 0 0 0 0 0 0 0 0]
 [0 1 0 1 0 0 1 0 1 0 1 1 1 0 1]
 [0 0 1 0 1 1 0 0 0 0 0 0 0 1 0]
 [0 1 0 0 1 1 0 1 0 1 1 0 0 0 0]
 [0 1 0 0 1 1 1 1 1 1 0 1 1 0 1]
 [1 0 0 1 0 0 1 0 0 1 0 1 0 0 1]
 [0 0 0 0 1 0 0 0 1 0 1 1 0 0 1]
 [1 0 1 1 0 0 1 0 0 0 0 0 1 0 0]
 [1 1 1 1 0 1 1 1 0 1 1 0 1 1 0]
 [0 1 0 0 0 1 0 1 0 0 0 1 0 1 1]
 [0 0 0 1 1 0 0 1 0 0 0 1 0 0 0]
 [1 1 0 0 1 0 0 0 0 1 1 0 1 1 0]
 [1 1 0 1 1 1 1 0 1 0 1 1 0 1 0]]
{'restarts': 116, 'conflicts': 48740, 'decisions': 83502, 'propagations': 74526923}
Q is identifiable
branch at 6
runtime for solving id of Q is 8.28383439197205
Simulation results:
{'J': 25, 'K': 15, 'N': 10, 'p': 0.5, 'seed': 65, 'sim': 0, 'runtime': 8.28383439197205, 'identifiable': 1, 'branch': 6}
1
Q: [[1 1 0 0 0 1 1 1 0 1 1 0 1 0 1]
 [0 1 0 1 1 1 0 0 1 1 1 1 0 0 1]
 [0 0 0 0 0 0 0 1 1 0 0 0 0 0 1]
 [1 0 1 0 0 1 0 1 1 1 1 0 0 1 1]
 [0 0 1 1 1 1 1 1 0 0 1 0 0 0 1]
 [1 0 0 1 1 1 1 1 0 1 0 0 0 0 0]
 [1 0 0 1 1 0 1 0 0 0 1 1 0 1 0]
 [0 1 0 0 0 0 0 0 1 0 0 0 1 1 1]
 [1 1 1 0 0 1 1 0 0 1 1 0 1 0 1]
 [1 1 1 0 0 1 1 0 1 0 1 1 0 0 0]
 [0 0 1 1 0 1 0 1 1 1 0 0 0 0 0]
 [0 1 1 0 0 1 1 0 0 1 0 1 1 0 0]
 [0 1 0 1 0 0 0 1 1 0 1 0 0 1 0]
 [0 1 0 1 0 0 1 0 0 1 0 0 0 0 0]
 [1 0 1 1 1 1 0 1 1 0 1 1 0 1 1]
 [1 1 0 0 0 1 0 0 0 1 1 0 0 1 1]
 [1 1 0 0 0 1 0 0 1 0 0 1 1 1 0]
 [0 1 0 0 1 0 1 0 1 0 1 0 1 1 1]
 [1 0 1 1 0 0 1 1 0 0 1 1 1 1 1]
 [0 1 1 0 1 1 1 1 0 0 0 0 1 0 0]
 [1 0 0 1 1 0 1 1 0 1 1 0 1 0 0]
 [1 0 0 1 0 1 0 1 0 0 1 1 1 1 0]
 [0 0 0 0 0 0 1 0 0 0 1 0 0 0 0]
 [0 1 1 0 0 1 1 1 0 1 0 1 1 0 0]
 [1 1 1 0 1 1 1 0 1 0 0 0 1 0 1]]
{'restarts': 267, 'conflicts': 87924, 'decisions': 145572, 'propagations': 108385070}
Q is identifiable
branch at 6
runtime for solving id of Q is 12.800595354055986
Simulation results:
{'J': 25, 'K': 15, 'N': 10, 'p': 0.5, 'seed': 65, 'sim': 1, 'runtime': 12.800595354055986, 'identifiable': 1, 'branch': 6}
2
Q: [[0 0 0 0 1 1 1 1 0 0 1 1 0 0 0]
 [1 1 1 0 1 0 0 0 1 1 1 0 0 0 0]
 [0 0 1 1 1 0 0 1 0 1 0 0 0 1 0]
 [0 1 0 1 1 0 0 0 1 0 1 1 0 0 1]
 [1 0 1 0 1 1 0 1 0 1 0 1 0 1 0]
 [1 0 0 0 0 1 1 1 0 0 0 0 0 0 1]
 [0 0 1 0 1 1 0 0 1 1 1 0 0 0 1]
 [0 0 1 0 1 0 0 1 0 0 1 0 0 0 0]
 [1 0 1 0 1 0 1 1 1 1 0 0 1 1 0]
 [1 0 1 0 1 0 0 1 1 0 1 1 1 1 0]
 [0 1 1 1 0 0 0 1 1 0 1 0 0 1 0]
 [1 0 1 1 1 1 1 0 0 1 0 0 0 1 0]
 [1 1 0 1 1 1 0 1 1 0 1 1 1 0 1]
 [1 1 1 0 0 1 0 0 0 1 0 1 0 0 0]
 [0 1 1 0 0 1 0 0 0 0 0 0 1 0 1]
 [1 1 0 0 0 0 0 1 0 1 1 0 1 1 0]
 [1 0 0 0 1 1 1 1 0 0 0 0 1 0 1]
 [1 0 1 0 0 0 0 1 0 1 1 0 1 0 1]
 [0 0 0 0 1 1 0 1 1 0 1 1 0 1 1]
 [0 1 0 0 0 1 0 0 1 1 1 0 1 0 0]
 [1 0 0 0 1 1 0 0 1 0 0 1 1 1 0]
 [1 0 1 1 0 0 1 0 1 1 0 1 0 1 0]
 [1 0 0 0 0 1 0 0 0 1 1 1 0 1 0]
 [1 1 1 0 0 0 0 0 1 0 0 0 1 1 0]
 [1 1 1 1 1 0 0 0 1 1 0 1 1 1 0]]
{'restarts': 646, 'conflicts': 291347, 'decisions': 420550, 'propagations': 422508151}
Q is identifiable
branch at 6
runtime for solving id of Q is 57.62079165899195
Simulation results:
{'J': 25, 'K': 15, 'N': 10, 'p': 0.5, 'seed': 65, 'sim': 2, 'runtime': 57.62079165899195, 'identifiable': 1, 'branch': 6}
3
Q: [[0 1 0 0 1 0 0 0 1 1 0 1 1 1 0]
 [1 1 1 1 0 1 1 0 0 1 0 0 1 0 0]
 [1 1 0 1 1 0 0 0 1 0 0 1 1 0 0]
 [0 1 0 0 0 1 1 1 1 0 1 0 1 1 1]
 [1 1 0 1 0 1 1 1 1 1 1 0 1 0 1]
 [0 0 0 1 0 1 1 0 1 1 0 0 1 0 1]
 [1 0 1 1 0 0 0 0 1 0 0 1 0 0 0]
 [0 1 0 0 1 0 0 0 0 1 1 1 1 1 1]
 [1 0 0 0 0 1 1 1 1 0 1 1 1 0 0]
 [0 0 1 0 1 1 0 1 1 1 0 1 0 0 0]
 [0 1 1 1 1 0 0 1 0 0 1 0 1 0 1]
 [1 1 1 1 0 1 0 1 1 0 1 0 0 1 1]
 [0 1 1 1 0 1 1 0 0 0 0 0 1 1 1]
 [1 1 0 0 1 0 0 0 0 1 1 1 0 0 0]
 [0 1 0 1 0 1 0 0 1 1 1 0 0 1 1]
 [1 1 0 1 0 0 0 1 0 1 1 1 0 0 1]
 [1 1 0 0 1 0 0 0 1 1 1 1 1 0 0]
 [0 0 1 1 0 1 0 0 1 0 1 1 0 0 0]
 [1 1 0 1 0 1 1 0 1 1 1 1 0 1 0]
 [0 1 1 1 0 1 0 0 0 0 1 0 1 1 1]
 [1 0 0 0 0 1 1 1 1 0 1 0 1 0 0]
 [0 0 0 1 1 1 0 0 1 0 1 1 1 1 1]
 [1 1 0 1 1 1 0 0 1 1 0 1 1 0 1]
 [0 1 0 0 1 1 1 1 0 0 1 1 0 0 1]
 [0 0 1 0 0 1 1 0 0 0 0 0 0 1 1]]
Q is not identifiable (two-column submatrix not identifiable).
Q is not identifiable, and Q_bar is [[0 1 0 0 1 0 0 0 1 1 0 1 1 1 0]
 [1 1 1 1 0 0 1 0 0 1 0 0 1 0 0]
 [1 1 0 1 1 0 0 0 1 0 0 1 1 0 0]
 [0 1 0 0 0 0 1 1 1 0 1 0 1 1 1]
 [1 1 0 1 0 0 1 1 1 1 1 0 1 0 1]
 [0 0 0 1 0 0 1 0 1 1 0 0 1 0 1]
 [1 0 1 1 0 0 0 0 1 0 0 1 0 0 0]
 [0 1 0 0 1 0 0 0 0 1 1 1 1 1 1]
 [1 0 0 0 0 0 1 1 1 0 1 1 1 0 0]
 [0 0 1 0 1 1 0 1 1 1 0 1 0 0 0]
 [0 1 1 1 1 0 0 1 0 0 1 0 1 0 1]
 [1 1 1 1 0 1 0 1 1 0 1 0 0 1 1]
 [0 1 1 1 0 0 1 0 0 0 0 0 1 1 1]
 [1 1 0 0 1 0 0 0 0 1 1 1 0 0 0]
 [0 1 0 1 0 1 0 0 1 1 1 0 0 1 1]
 [1 1 0 1 0 0 0 1 0 1 1 1 0 0 1]
 [1 1 0 0 1 0 0 0 1 1 1 1 1 0 0]
 [0 0 1 1 0 1 0 0 1 0 1 1 0 0 0]
 [1 1 0 1 0 0 1 0 1 1 1 1 0 1 0]
 [0 1 1 1 0 1 0 0 0 0 1 0 1 1 1]
 [1 0 0 0 0 0 1 1 1 0 1 0 1 0 0]
 [0 0 0 1 1 1 0 0 1 0 1 1 1 1 1]
 [1 1 0 1 1 1 0 0 1 1 0 1 1 0 1]
 [0 1 0 0 1 0 1 1 0 0 1 1 0 0 1]
 [0 0 1 0 0 0 1 0 0 0 0 0 0 1 1]]
branch at 2
runtime for solving id of Q is 0.006831794045865536
Simulation results:
{'J': 25, 'K': 15, 'N': 10, 'p': 0.5, 'seed': 65, 'sim': 3, 'runtime': 0.006831794045865536, 'identifiable': 0, 'branch': 2}
4
Q: [[1 1 1 1 1 1 0 1 1 0 1 1 1 0 0]
 [1 1 0 0 0 1 0 1 1 1 0 1 1 0 1]
 [1 0 1 0 0 0 0 1 1 0 1 1 0 0 1]
 [1 0 0 0 1 1 0 0 0 1 1 0 1 1 1]
 [1 1 1 0 0 1 1 0 0 1 0 1 1 0 1]
 [1 1 1 1 1 0 0 0 1 1 0 0 0 1 1]
 [1 0 1 0 0 0 0 0 1 1 0 0 0 1 1]
 [1 0 0 1 1 0 1 0 0 1 0 1 0 0 1]
 [0 0 1 0 1 0 1 0 0 0 0 0 1 1 1]
 [0 1 0 1 0 1 0 1 1 1 1 1 1 0 0]
 [0 0 1 0 1 1 1 1 1 1 1 1 0 0 1]
 [0 0 0 1 1 1 1 0 0 0 0 1 1 0 0]
 [0 0 1 0 0 1 1 0 1 1 1 1 1 0 0]
 [0 1 0 1 0 1 1 1 1 0 1 0 1 1 0]
 [1 0 0 1 0 1 1 0 1 1 1 0 0 0 1]
 [0 1 1 1 1 0 1 1 1 0 0 0 0 1 0]
 [0 1 0 0 1 0 0 0 1 1 0 1 1 1 1]
 [1 0 0 1 0 1 1 0 1 0 0 1 1 0 1]
 [0 1 1 1 1 1 0 1 0 0 1 0 1 0 0]
 [1 1 0 1 0 1 1 1 0 1 0 0 0 0 0]
 [0 0 0 1 1 1 1 0 0 1 0 0 1 1 0]
 [1 1 0 1 0 0 0 0 1 1 0 0 1 0 0]
 [1 0 1 0 1 0 0 1 0 1 1 0 1 0 0]
 [1 1 1 1 1 0 1 0 1 0 1 1 1 1 0]
 [1 0 1 0 0 1 1 0 1 0 0 1 1 0 0]]
{'restarts': 16087, 'conflicts': 5455995, 'decisions': 8059070, 'propagations': 5130273214}
Q is identifiable
branch at 6
runtime for solving id of Q is 1578.8674202219117
Simulation results:
{'J': 25, 'K': 15, 'N': 10, 'p': 0.5, 'seed': 65, 'sim': 4, 'runtime': 1578.8674202219117, 'identifiable': 1, 'branch': 6}
5
Q: [[1 0 1 1 0 1 0 1 0 1 1 1 0 1 1]
 [0 0 1 1 0 0 1 0 0 0 0 0 0 1 1]
 [0 1 1 1 1 0 1 1 0 1 0 0 0 1 0]
 [1 1 1 1 1 0 0 1 0 0 0 1 1 1 1]
 [1 1 1 0 1 1 1 0 1 1 0 1 0 1 0]
 [1 1 0 1 0 0 1 1 1 0 0 1 0 0 1]
 [0 1 0 0 1 1 0 1 0 1 1 0 0 0 0]
 [1 1 0 0 1 0 1 0 0 1 0 1 0 0 0]
 [0 1 1 0 0 0 1 0 0 0 0 0 1 1 0]
 [0 0 1 1 1 1 0 0 1 0 1 0 1 1 0]
 [0 1 0 1 1 1 1 0 0 1 1 1 0 0 0]
 [0 0 1 1 1 0 1 1 0 1 0 0 1 0 0]
 [1 0 1 0 0 0 1 0 0 0 0 1 1 1 1]
 [1 1 0 1 0 0 0 0 0 1 1 0 0 1 1]
 [1 1 1 1 1 1 1 0 0 0 1 0 1 0 1]
 [0 0 1 1 1 1 1 1 1 0 1 1 0 0 0]
 [1 1 0 1 0 1 1 0 0 0 0 1 0 0 0]
 [0 0 1 1 0 1 1 0 0 1 0 1 0 1 1]
 [0 0 0 0 0 1 1 1 0 0 1 0 1 1 1]
 [0 1 0 1 0 1 1 1 1 0 0 0 0 1 1]
 [0 1 0 0 1 1 1 1 1 0 1 1 0 0 1]
 [0 0 1 1 1 0 1 0 0 1 1 0 1 1 1]
 [0 1 0 0 1 0 1 1 0 1 0 1 0 1 1]
 [0 0 1 1 0 0 0 1 1 0 0 1 0 0 0]
 [1 0 0 0 1 0 1 0 0 1 0 0 0 0 1]]
{'restarts': 2726, 'conflicts': 989107, 'decisions': 1443482, 'propagations': 1044789876}
Q is identifiable
branch at 6
runtime for solving id of Q is 206.00764532689936
Simulation results:
{'J': 25, 'K': 15, 'N': 10, 'p': 0.5, 'seed': 65, 'sim': 5, 'runtime': 206.00764532689936, 'identifiable': 1, 'branch': 6}
6
Q: [[0 1 1 1 1 0 0 0 1 1 0 0 0 1 0]
 [0 1 1 1 0 1 1 0 0 1 0 0 0 1 0]
 [0 1 0 1 1 1 1 0 1 0 1 1 0 0 1]
 [0 1 0 0 1 1 0 1 1 0 1 1 0 0 1]
 [1 0 1 0 1 1 0 1 0 0 0 1 1 1 0]
 [0 1 1 0 1 0 1 0 0 1 1 0 1 0 1]
 [1 1 0 0 1 1 1 0 1 0 0 0 0 0 0]
 [1 0 0 1 1 0 1 0 1 0 1 1 0 0 0]
 [0 0 1 1 0 0 1 0 1 1 1 0 1 1 0]
 [1 0 1 1 1 0 0 0 0 0 0 0 1 0 0]
 [1 1 1 1 0 1 0 1 0 1 1 0 0 1 0]
 [0 0 0 1 0 1 0 0 1 0 0 0 0 1 0]
 [1 0 0 0 1 1 1 0 1 1 0 0 0 1 1]
 [1 1 0 1 0 1 0 1 0 1 1 0 0 1 0]
 [0 1 0 1 0 0 0 1 1 0 0 1 0 1 1]
 [0 0 0 1 1 1 1 0 0 0 1 0 0 0 0]
 [0 1 0 1 1 1 1 0 0 1 0 0 1 0 1]
 [1 1 1 1 1 1 0 1 1 1 1 1 0 1 0]
 [0 0 0 0 1 1 0 0 0 1 1 0 0 0 0]
 [1 1 1 1 1 1 1 1 0 0 0 1 0 1 0]
 [0 1 0 1 0 0 0 1 1 0 1 1 1 0 0]
 [0 0 0 1 1 1 0 1 1 0 0 0 1 0 0]
 [1 1 1 0 1 0 1 1 1 1 0 1 1 0 0]
 [1 1 0 1 0 0 0 1 0 0 1 1 1 1 1]
 [0 1 0 0 1 1 1 0 0 0 0 1 0 0 1]]
{'restarts': 234, 'conflicts': 110822, 'decisions': 185597, 'propagations': 126365036}
Q is identifiable
branch at 6
runtime for solving id of Q is 15.79529877891764
Simulation results:
{'J': 25, 'K': 15, 'N': 10, 'p': 0.5, 'seed': 65, 'sim': 6, 'runtime': 15.79529877891764, 'identifiable': 1, 'branch': 6}
7
Q: [[0 0 0 0 1 0 0 1 1 0 1 0 1 0 0]
 [1 1 1 0 0 1 0 0 0 0 0 1 0 0 0]
 [0 0 0 0 1 1 1 1 1 1 1 0 1 1 0]
 [0 0 1 0 1 0 1 0 0 0 1 0 0 0 0]
 [0 1 0 1 1 0 1 0 1 0 1 1 0 0 0]
 [0 1 1 1 0 0 1 1 1 1 1 0 1 0 1]
 [1 1 1 0 0 0 1 1 1 0 0 0 1 0 0]
 [0 1 1 1 0 0 0 1 1 0 1 0 1 1 0]
 [0 1 0 1 0 0 0 1 0 0 1 0 0 0 1]
 [1 1 0 0 0 0 1 0 1 0 1 0 1 1 1]
 [1 0 1 0 0 0 0 0 1 1 0 0 0 1 0]
 [1 0 1 0 0 1 0 1 0 0 1 0 0 1 0]
 [1 1 1 1 0 0 1 1 0 1 0 1 1 1 1]
 [1 1 0 0 0 0 1 1 1 0 1 0 1 0 1]
 [0 0 0 1 1 0 1 0 0 0 1 1 1 1 0]
 [1 0 0 0 0 0 1 0 1 0 0 0 1 0 0]
 [1 1 0 1 0 1 1 1 0 0 1 1 0 1 1]
 [0 0 1 1 0 1 1 1 1 1 1 1 1 1 0]
 [1 0 1 0 1 1 1 1 0 0 0 1 1 1 1]
 [1 0 0 0 1 0 0 0 0 0 0 0 0 0 1]
 [0 0 1 1 0 1 1 1 1 1 0 0 0 1 1]
 [0 1 1 1 1 0 0 0 0 0 1 0 1 1 1]
 [1 1 1 1 1 1 0 1 1 1 0 1 1 1 1]
 [1 1 1 0 1 0 1 1 0 0 0 1 0 1 0]
 [1 0 1 0 0 1 1 0 1 0 1 0 1 0 0]]
{'restarts': 7434, 'conflicts': 2151846, 'decisions': 3049940, 'propagations': 2157938407}
Q is identifiable
branch at 6
runtime for solving id of Q is 429.4042384689674
Simulation results:
{'J': 25, 'K': 15, 'N': 10, 'p': 0.5, 'seed': 65, 'sim': 7, 'runtime': 429.4042384689674, 'identifiable': 1, 'branch': 6}
8
Q: [[0 0 1 0 1 1 1 0 0 0 1 1 1 0 1]
 [1 1 0 0 0 0 0 0 0 0 0 1 0 1 0]
 [1 1 1 0 1 1 0 1 0 0 1 1 1 1 0]
 [1 0 0 0 1 1 0 0 1 1 0 1 1 0 0]
 [1 1 1 0 0 1 0 1 1 0 1 1 0 0 0]
 [0 0 1 0 1 1 1 0 1 1 1 1 1 0 1]
 [0 1 1 1 0 1 0 1 1 1 1 1 0 1 1]
 [0 0 1 1 0 1 0 1 0 0 0 0 0 1 0]
 [0 0 0 1 1 1 0 1 0 0 0 1 1 0 0]
 [1 0 1 1 1 0 0 1 0 1 1 0 0 0 1]
 [0 0 1 1 0 1 0 1 0 1 1 0 0 1 0]
 [0 0 0 1 0 1 0 0 0 1 0 0 1 0 1]
 [0 1 1 0 0 1 1 0 1 0 1 1 0 1 0]
 [1 1 0 1 0 1 1 1 1 1 0 1 0 0 0]
 [1 1 1 0 1 0 0 0 1 1 0 0 0 0 0]
 [1 1 1 1 0 0 0 1 1 0 0 1 0 1 1]
 [1 0 1 1 0 0 0 0 0 1 0 0 0 1 1]
 [1 0 1 1 1 0 1 0 1 1 1 0 0 1 0]
 [0 0 1 0 0 1 0 0 0 1 0 1 0 1 0]
 [1 1 0 0 0 0 1 0 1 0 0 1 0 0 1]
 [0 1 0 1 1 0 1 1 0 1 0 1 0 0 1]
 [0 1 0 0 0 1 1 1 0 0 1 1 1 1 1]
 [1 1 0 1 0 1 1 0 0 1 1 1 0 1 1]
 [0 1 0 0 1 1 0 1 1 0 0 0 1 1 0]
 [0 0 1 0 1 1 1 1 1 0 1 0 0 0 1]]
Q is not identifiable (two-column submatrix not identifiable).
Q is not identifiable, and Q_bar is [[0 0 1 0 1 0 1 0 0 0 1 1 1 0 1]
 [1 1 0 0 0 0 0 0 0 0 0 1 0 1 0]
 [1 1 1 0 1 0 0 1 0 0 1 1 1 1 0]
 [1 0 0 0 1 0 0 0 1 1 0 1 1 0 0]
 [1 1 1 0 0 1 0 1 1 0 1 1 0 0 0]
 [0 0 1 0 1 0 1 0 1 1 1 1 1 0 1]
 [0 1 1 1 0 1 0 1 1 1 1 1 0 1 1]
 [0 0 1 1 0 1 0 1 0 0 0 0 0 1 0]
 [0 0 0 1 1 0 0 1 0 0 0 1 1 0 0]
 [1 0 1 1 1 0 0 1 0 1 1 0 0 0 1]
 [0 0 1 1 0 1 0 1 0 1 1 0 0 1 0]
 [0 0 0 1 0 0 0 0 0 1 0 0 1 0 1]
 [0 1 1 0 0 1 1 0 1 0 1 1 0 1 0]
 [1 1 0 1 0 1 1 1 1 1 0 1 0 0 0]
 [1 1 1 0 1 0 0 0 1 1 0 0 0 0 0]
 [1 1 1 1 0 0 0 1 1 0 0 1 0 1 1]
 [1 0 1 1 0 0 0 0 0 1 0 0 0 1 1]
 [1 0 1 1 1 0 1 0 1 1 1 0 0 1 0]
 [0 0 1 0 0 1 0 0 0 1 0 1 0 1 0]
 [1 1 0 0 0 0 1 0 1 0 0 1 0 0 1]
 [0 1 0 1 1 0 1 1 0 1 0 1 0 0 1]
 [0 1 0 0 0 0 1 1 0 0 1 1 1 1 1]
 [1 1 0 1 0 1 1 0 0 1 1 1 0 1 1]
 [0 1 0 0 1 0 0 1 1 0 0 0 1 1 0]
 [0 0 1 0 1 1 1 1 1 0 1 0 0 0 1]]
branch at 2
runtime for solving id of Q is 0.007776540936902165
Simulation results:
{'J': 25, 'K': 15, 'N': 10, 'p': 0.5, 'seed': 65, 'sim': 8, 'runtime': 0.007776540936902165, 'identifiable': 0, 'branch': 2}
9
Q: [[0 0 1 0 1 1 1 0 1 1 1 0 1 1 1]
 [1 0 1 1 0 1 0 0 1 1 0 0 0 1 0]
 [0 1 0 1 0 1 1 0 1 1 1 1 0 0 1]
 [1 0 0 0 1 1 0 0 1 0 0 1 1 0 1]
 [1 0 0 1 1 1 0 1 0 0 1 0 0 1 0]
 [0 1 1 1 0 0 0 0 1 0 1 0 1 1 1]
 [1 0 0 0 0 0 1 0 1 0 1 1 1 1 0]
 [0 1 1 0 0 0 0 1 1 0 0 1 1 1 1]
 [1 1 1 0 1 1 0 1 0 1 0 0 0 1 1]
 [0 0 0 0 0 1 1 0 1 0 0 0 0 1 0]
 [1 0 1 1 1 0 1 1 1 1 0 0 0 0 0]
 [1 1 0 0 0 1 1 0 0 0 1 1 0 1 1]
 [0 0 1 0 1 1 0 1 1 1 0 0 1 1 1]
 [0 1 1 1 1 0 0 1 1 0 0 1 0 1 0]
 [1 1 1 1 0 0 1 0 1 0 1 0 1 0 1]
 [0 1 0 0 1 1 0 0 1 0 1 1 0 1 1]
 [0 1 1 0 0 1 1 1 0 0 0 1 1 1 0]
 [1 0 1 1 1 1 1 1 0 0 1 0 1 1 1]
 [0 1 1 1 0 1 0 1 0 0 0 1 1 0 0]
 [1 1 1 1 1 1 1 0 1 1 1 1 0 1 0]
 [0 1 1 0 1 0 1 0 1 0 0 1 1 0 1]
 [0 1 0 1 1 1 1 0 1 0 1 0 1 0 1]
 [1 0 0 0 1 0 0 1 0 1 0 1 0 1 1]
 [1 1 1 0 0 0 1 0 0 1 0 0 0 1 0]
 [1 1 1 1 0 1 1 1 0 1 1 0 1 0 0]]
{'restarts': 148906, 'conflicts': 42559352, 'decisions': 60693259, 'propagations': 40823109987}
Q is identifiable
branch at 6
runtime for solving id of Q is 29897.786200992065
Simulation results:
{'J': 25, 'K': 15, 'N': 10, 'p': 0.5, 'seed': 65, 'sim': 9, 'runtime': 29897.786200992065, 'identifiable': 1, 'branch': 6}
Simulation results:
[{'J': 25, 'K': 15, 'N': 10, 'p': 0.5, 'seed': 65, 'sim': 0, 'runtime': 8.28383439197205, 'identifiable': 1, 'branch': 6}, {'J': 25, 'K': 15, 'N': 10, 'p': 0.5, 'seed': 65, 'sim': 1, 'runtime': 12.800595354055986, 'identifiable': 1, 'branch': 6}, {'J': 25, 'K': 15, 'N': 10, 'p': 0.5, 'seed': 65, 'sim': 2, 'runtime': 57.62079165899195, 'identifiable': 1, 'branch': 6}, {'J': 25, 'K': 15, 'N': 10, 'p': 0.5, 'seed': 65, 'sim': 3, 'runtime': 0.006831794045865536, 'identifiable': 0, 'branch': 2}, {'J': 25, 'K': 15, 'N': 10, 'p': 0.5, 'seed': 65, 'sim': 4, 'runtime': 1578.8674202219117, 'identifiable': 1, 'branch': 6}, {'J': 25, 'K': 15, 'N': 10, 'p': 0.5, 'seed': 65, 'sim': 5, 'runtime': 206.00764532689936, 'identifiable': 1, 'branch': 6}, {'J': 25, 'K': 15, 'N': 10, 'p': 0.5, 'seed': 65, 'sim': 6, 'runtime': 15.79529877891764, 'identifiable': 1, 'branch': 6}, {'J': 25, 'K': 15, 'N': 10, 'p': 0.5, 'seed': 65, 'sim': 7, 'runtime': 429.4042384689674, 'identifiable': 1, 'branch': 6}, {'J': 25, 'K': 15, 'N': 10, 'p': 0.5, 'seed': 65, 'sim': 8, 'runtime': 0.007776540936902165, 'identifiable': 0, 'branch': 2}, {'J': 25, 'K': 15, 'N': 10, 'p': 0.5, 'seed': 65, 'sim': 9, 'runtime': 29897.786200992065, 'identifiable': 1, 'branch': 6}]
