
The Gurobi software has a limited number of licenses. To request a license or
licenses, add this line

    #SBATCH --licenses=gurobi@slurmdb:1

to your SBATCH script, replacing N with the number of licenses you need. Gurobi
will need one license per process.


0
Q: [[0 1 1 0 1 0 1 1 0 1]
 [1 1 1 0 0 1 1 0 1 1]
 [1 1 1 1 1 0 1 1 1 1]
 [1 1 1 0 1 0 1 1 1 0]
 [1 0 1 0 1 1 1 1 1 1]
 [1 0 1 1 1 1 0 1 1 1]
 [1 0 1 1 1 1 0 1 1 0]
 [0 1 1 1 1 1 1 1 1 1]
 [1 1 0 1 1 1 1 1 0 1]
 [1 1 1 1 1 0 0 1 1 1]
 [1 0 0 1 1 1 1 1 1 1]
 [1 0 1 1 1 1 1 1 0 1]
 [1 0 0 1 0 1 0 1 1 1]
 [0 1 1 1 1 1 1 1 1 0]
 [1 1 0 0 1 1 1 0 1 1]
 [1 0 1 1 1 1 1 1 0 0]
 [1 1 0 1 1 1 0 0 1 0]
 [1 1 1 1 0 0 0 0 1 1]
 [1 1 1 0 1 1 0 1 1 1]
 [0 1 1 1 0 1 0 1 1 0]
 [1 1 1 0 0 1 1 1 1 0]
 [1 1 1 1 1 1 1 0 1 0]
 [1 0 1 1 0 1 1 1 1 1]
 [1 0 0 0 0 1 1 1 0 1]
 [1 0 0 0 1 1 1 0 1 1]]
Q is not identifiable (three-column submatrix not identifiable).
Q is not identifiable, and Q_bar is [[1 1 1 0 1 0 1 1 0 1]
 [1 1 1 0 0 1 1 0 1 1]
 [1 1 1 1 1 0 1 1 1 1]
 [1 1 1 0 1 0 1 1 1 0]
 [1 0 1 0 1 1 1 1 1 1]
 [1 0 1 1 1 1 0 1 1 1]
 [1 0 1 1 1 1 0 1 1 0]
 [1 1 1 1 1 1 1 1 1 1]
 [1 1 0 1 1 1 1 1 0 1]
 [1 1 1 1 1 0 0 1 1 1]
 [1 0 0 1 1 1 1 1 1 1]
 [1 0 1 1 1 1 1 1 0 1]
 [1 0 0 1 0 1 0 1 1 1]
 [0 1 1 1 1 1 1 1 1 0]
 [1 1 0 0 1 1 1 0 1 1]
 [1 0 1 1 1 1 1 1 0 0]
 [1 1 0 1 1 1 0 0 1 0]
 [1 1 1 1 0 0 0 0 1 1]
 [1 1 1 0 1 1 0 1 1 1]
 [0 1 1 1 0 1 0 1 1 0]
 [1 1 1 0 0 1 1 1 1 0]
 [1 1 1 1 1 1 1 0 1 0]
 [1 0 1 1 0 1 1 1 1 1]
 [1 0 0 0 0 1 1 1 0 1]
 [1 0 0 0 1 1 1 0 1 1]]
branch at 3
runtime for solving id of Q is 0.0025523791555315256
Simulation results:
{'J': 25, 'K': 10, 'N': 10, 'p': 0.7, 'seed': 46, 'sim': 0, 'runtime': 0.0025523791555315256, 'identifiable': 0, 'branch': 3}
1
Q: [[1 0 1 0 1 1 0 1 1 1]
 [1 1 1 1 1 1 0 1 1 0]
 [1 1 1 1 0 1 0 1 0 1]
 [1 1 0 1 1 1 1 0 0 1]
 [0 1 0 1 0 1 1 1 1 1]
 [1 1 1 1 1 1 1 1 1 1]
 [1 0 1 1 0 1 0 1 1 0]
 [1 0 1 1 0 1 1 0 0 1]
 [1 1 1 1 1 0 1 1 1 1]
 [1 1 1 1 1 1 0 1 1 0]
 [1 0 1 0 0 1 0 1 1 1]
 [1 1 1 1 0 1 1 1 1 1]
 [1 1 1 1 0 0 1 1 0 1]
 [1 1 1 0 1 1 1 1 1 1]
 [1 1 1 0 1 1 1 1 1 0]
 [1 1 0 0 1 1 0 1 1 1]
 [1 1 0 1 0 1 0 1 1 1]
 [1 0 0 1 1 1 1 1 1 1]
 [1 0 1 1 1 0 0 0 1 0]
 [1 1 1 0 1 0 0 0 1 1]
 [1 0 1 1 0 1 1 0 1 1]
 [1 1 0 1 1 1 1 0 1 1]
 [1 1 1 0 0 1 1 1 1 1]
 [0 0 1 1 1 1 1 1 0 1]
 [0 1 1 1 1 0 1 0 1 1]]
{'restarts': 9, 'conflicts': 2422, 'decisions': 6061, 'propagations': 510701}
Q is not identifiable, and Q_bar is [[1 1 0 0 0 0 0 0 1 0]
 [1 0 0 0 0 0 0 1 0 1]
 [0 1 0 0 0 0 0 1 0 1]
 [0 0 1 0 1 0 0 0 0 0]
 [0 0 0 0 0 1 1 1 0 0]
 [0 0 1 1 0 1 1 1 0 1]
 [0 0 0 0 0 0 0 0 1 1]
 [0 0 1 0 0 0 0 0 0 1]
 [0 1 0 0 1 1 1 0 0 1]
 [1 0 0 0 0 0 0 1 0 1]
 [0 1 0 0 0 0 1 0 1 0]
 [0 1 0 0 0 1 1 1 1 0]
 [0 1 0 0 0 1 0 0 0 1]
 [1 1 0 0 0 1 1 0 1 0]
 [1 0 0 0 0 1 0 0 1 0]
 [0 0 0 0 1 0 0 0 1 0]
 [0 0 0 0 0 0 1 1 1 0]
 [0 0 1 1 0 0 1 0 0 0]
 [1 0 0 0 0 0 0 0 0 1]
 [1 0 0 0 1 0 0 0 0 0]
 [0 0 1 0 0 0 1 0 0 1]
 [0 0 1 0 1 1 1 0 0 0]
 [0 1 0 0 0 1 1 0 1 0]
 [0 0 0 1 0 0 0 0 0 1]
 [0 0 0 0 1 1 1 0 0 1]]
branch at 5
runtime for solving id of Q is 0.11249497509561479
Simulation results:
{'J': 25, 'K': 10, 'N': 10, 'p': 0.7, 'seed': 46, 'sim': 1, 'runtime': 0.11249497509561479, 'identifiable': 0, 'branch': 5}
2
Q: [[0 1 1 1 1 1 1 1 0 1]
 [1 1 1 0 1 0 0 1 1 1]
 [1 1 1 1 1 1 0 1 1 1]
 [1 1 1 1 1 1 1 1 1 1]
 [0 1 1 1 0 1 0 0 0 1]
 [1 1 1 0 1 0 1 1 1 1]
 [1 0 0 0 1 0 1 0 1 1]
 [1 1 1 1 0 0 0 1 1 1]
 [1 1 0 1 0 1 1 1 1 0]
 [1 0 1 1 0 0 1 1 0 1]
 [1 0 1 0 1 0 1 0 1 1]
 [0 1 0 1 0 1 1 1 1 0]
 [1 1 1 1 1 0 1 1 1 1]
 [1 0 0 1 1 0 1 1 1 1]
 [1 1 1 1 1 1 1 1 1 1]
 [1 1 1 1 0 1 0 1 0 1]
 [1 1 0 1 0 1 1 1 1 1]
 [1 0 0 0 0 0 0 0 0 1]
 [1 0 1 1 1 1 1 1 1 1]
 [1 1 1 1 0 1 0 1 1 0]
 [1 0 1 0 1 1 1 1 1 0]
 [1 1 1 0 1 0 0 1 1 1]
 [0 1 1 1 0 1 0 0 1 1]
 [0 0 0 1 1 1 1 1 0 0]
 [1 1 0 1 0 1 1 0 0 0]]
{'restarts': 1, 'conflicts': 323, 'decisions': 1345, 'propagations': 52189}
Q is not identifiable, and Q_bar is [[0 1 0 1 0 1 1 0 1 0]
 [1 0 0 0 1 0 0 0 0 1]
 [1 1 0 0 1 0 1 0 1 1]
 [0 1 1 1 1 1 1 1 1 0]
 [0 1 0 0 0 0 1 0 1 0]
 [1 1 0 0 1 0 0 1 0 1]
 [1 1 0 0 0 0 0 1 0 0]
 [0 1 1 1 1 0 0 0 0 1]
 [0 0 1 1 1 0 1 1 0 0]
 [0 1 1 1 0 0 0 1 1 0]
 [1 0 1 0 0 0 0 1 1 1]
 [0 0 0 1 1 0 1 1 0 0]
 [1 1 0 1 1 0 0 1 0 1]
 [1 1 0 1 0 0 0 1 0 0]
 [0 1 1 1 1 1 1 1 1 0]
 [0 1 1 1 0 0 1 0 1 0]
 [0 1 1 1 1 0 1 1 0 0]
 [0 1 1 0 0 0 0 0 0 0]
 [1 0 1 1 0 1 0 1 1 1]
 [0 0 1 1 0 0 1 0 0 1]
 [0 0 1 0 0 1 0 0 1 1]
 [1 0 0 0 1 0 0 0 0 1]
 [0 1 0 0 0 0 1 0 1 1]
 [0 0 0 1 0 1 0 0 0 0]
 [0 0 1 0 0 0 1 1 0 0]]
branch at 5
runtime for solving id of Q is 0.02769050421193242
Simulation results:
{'J': 25, 'K': 10, 'N': 10, 'p': 0.7, 'seed': 46, 'sim': 2, 'runtime': 0.02769050421193242, 'identifiable': 0, 'branch': 5}
3
Q: [[1 1 1 1 1 1 0 1 1 1]
 [1 1 1 1 1 0 1 1 1 1]
 [1 1 1 1 1 0 0 1 1 1]
 [0 1 1 1 0 1 1 1 1 0]
 [1 0 1 1 1 1 0 1 0 1]
 [0 0 1 1 1 0 1 1 1 1]
 [1 0 0 1 1 1 1 1 1 1]
 [1 0 0 0 0 1 1 1 1 0]
 [0 0 1 1 1 1 0 1 1 0]
 [1 0 1 1 1 1 1 1 0 0]
 [1 1 1 1 1 0 1 1 1 1]
 [1 1 1 1 1 0 1 1 0 0]
 [0 1 1 1 0 0 1 1 0 0]
 [0 0 1 0 1 0 0 1 1 1]
 [1 0 1 0 0 0 0 1 0 1]
 [1 1 1 1 1 1 0 0 0 0]
 [0 1 1 1 0 0 1 1 1 0]
 [1 0 1 1 0 0 1 0 0 0]
 [0 0 1 1 0 0 0 1 0 1]
 [0 1 1 1 0 1 1 1 0 1]
 [1 1 1 1 0 0 1 1 1 0]
 [1 0 0 1 1 0 0 0 1 1]
 [0 1 1 1 0 1 0 1 1 0]
 [0 1 1 0 1 1 1 1 1 1]
 [1 1 1 1 0 1 0 1 1 1]]
Q is not identifiable (two-column submatrix not identifiable).
Q is not identifiable, and Q_bar is [[1 1 0 1 1 1 0 1 1 1]
 [1 1 0 1 1 0 1 1 1 1]
 [1 1 0 1 1 0 0 1 1 1]
 [0 1 0 1 0 1 1 1 1 0]
 [1 0 1 1 1 1 0 1 0 1]
 [0 0 1 1 1 0 1 1 1 1]
 [1 0 0 1 1 1 1 1 1 1]
 [1 0 0 0 0 1 1 1 1 0]
 [0 0 1 1 1 1 0 1 1 0]
 [1 0 1 1 1 1 1 1 0 0]
 [1 1 0 1 1 0 1 1 1 1]
 [1 1 0 1 1 0 1 1 0 0]
 [0 1 0 1 0 0 1 1 0 0]
 [0 0 1 0 1 0 0 1 1 1]
 [1 0 1 0 0 0 0 1 0 1]
 [1 1 0 1 1 1 0 0 0 0]
 [0 1 0 1 0 0 1 1 1 0]
 [1 0 1 1 0 0 1 0 0 0]
 [0 0 1 1 0 0 0 1 0 1]
 [0 1 0 1 0 1 1 1 0 1]
 [1 1 1 1 0 0 1 1 1 0]
 [1 0 0 1 1 0 0 0 1 1]
 [0 1 0 1 0 1 0 1 1 0]
 [0 1 0 0 1 1 1 1 1 1]
 [1 1 1 1 0 1 0 1 1 1]]
branch at 2
runtime for solving id of Q is 0.0014468478038907051
Simulation results:
{'J': 25, 'K': 10, 'N': 10, 'p': 0.7, 'seed': 46, 'sim': 3, 'runtime': 0.0014468478038907051, 'identifiable': 0, 'branch': 2}
4
Q: [[1 0 1 1 0 1 1 1 0 0]
 [1 1 0 1 1 1 1 1 1 1]
 [1 1 1 1 1 1 0 1 1 0]
 [0 1 1 0 1 0 0 0 0 1]
 [1 1 0 1 1 1 1 1 1 0]
 [1 1 1 1 0 1 1 0 1 1]
 [0 1 1 1 0 1 1 1 1 0]
 [1 1 1 1 1 1 1 1 1 1]
 [0 1 0 0 1 1 0 1 1 1]
 [0 1 0 1 1 1 1 0 0 0]
 [1 1 0 1 0 1 0 0 1 1]
 [1 1 0 1 1 0 0 1 1 0]
 [0 0 0 1 1 1 1 1 1 1]
 [1 0 1 0 1 1 1 1 1 1]
 [0 1 1 1 0 1 1 1 1 1]
 [1 1 0 1 0 1 1 1 1 1]
 [1 1 1 1 1 0 1 1 1 0]
 [0 1 0 1 1 1 1 1 1 1]
 [0 1 0 1 0 1 1 1 0 1]
 [1 1 1 0 1 1 0 1 1 1]
 [1 1 1 1 0 1 1 1 0 1]
 [1 1 1 1 0 1 1 1 1 0]
 [1 1 1 1 1 1 1 1 1 1]
 [0 0 1 1 1 1 1 1 1 0]
 [1 0 1 1 1 1 1 0 1 1]]
Q is not identifiable (three-column submatrix not identifiable).
Q is not identifiable, and Q_bar is [[1 0 1 1 0 1 1 1 0 0]
 [1 1 0 1 1 1 1 0 1 1]
 [1 1 1 1 1 1 0 1 1 0]
 [0 1 1 0 1 0 0 0 0 1]
 [1 1 0 1 1 1 1 1 1 0]
 [1 1 1 1 0 1 1 0 1 1]
 [0 1 1 1 0 1 1 1 1 0]
 [1 1 1 1 1 1 1 1 1 1]
 [0 1 0 0 1 1 0 1 1 1]
 [0 1 0 1 1 1 1 0 0 0]
 [1 1 0 1 0 1 0 0 1 1]
 [1 1 0 1 1 0 0 1 1 0]
 [0 0 0 1 1 0 1 0 1 1]
 [1 0 1 0 1 1 1 1 1 1]
 [0 1 1 1 0 1 1 1 1 1]
 [1 1 0 1 0 1 1 1 1 1]
 [1 1 1 1 1 0 1 1 1 0]
 [0 1 0 1 1 1 1 1 1 1]
 [0 1 0 1 0 1 1 1 0 1]
 [1 1 1 0 1 1 0 1 1 1]
 [1 1 1 1 0 1 1 1 0 1]
 [1 1 1 1 0 1 1 1 1 0]
 [1 1 1 1 1 1 1 1 1 1]
 [0 0 1 1 1 1 1 1 1 0]
 [1 0 1 1 1 1 1 0 1 1]]
branch at 3
runtime for solving id of Q is 0.0027289509307593107
Simulation results:
{'J': 25, 'K': 10, 'N': 10, 'p': 0.7, 'seed': 46, 'sim': 4, 'runtime': 0.0027289509307593107, 'identifiable': 0, 'branch': 3}
5
Q: [[0 1 0 1 1 1 1 1 0 0]
 [0 0 1 1 1 1 1 0 0 0]
 [1 1 0 1 1 1 0 1 1 1]
 [1 1 0 1 0 1 1 1 0 0]
 [1 1 0 1 1 1 1 1 1 0]
 [1 1 0 1 0 0 0 1 0 1]
 [1 1 1 1 1 1 1 1 1 1]
 [1 1 1 1 1 0 0 1 1 1]
 [0 1 0 1 1 1 1 1 1 0]
 [1 1 0 0 1 0 0 0 1 0]
 [0 1 0 1 0 1 0 1 0 1]
 [1 1 0 1 0 1 1 1 0 1]
 [1 1 1 1 1 1 1 1 0 1]
 [1 1 1 1 1 0 1 1 1 1]
 [0 0 0 1 1 1 1 0 0 0]
 [1 1 0 1 0 1 1 1 1 0]
 [1 1 0 0 0 1 1 1 0 0]
 [1 1 0 1 1 0 1 1 1 1]
 [1 1 1 1 1 1 1 0 1 1]
 [1 1 1 1 0 0 0 1 1 1]
 [1 0 1 1 1 1 0 1 1 1]
 [1 1 0 1 0 1 1 1 1 0]
 [1 1 0 1 1 1 0 0 1 1]
 [1 1 0 0 1 0 1 1 1 0]
 [1 1 0 1 1 1 1 1 0 1]]
Q is not identifiable (two-column submatrix not identifiable).
Q is not identifiable, and Q_bar is [[0 1 0 1 1 1 1 1 0 0]
 [0 0 1 0 1 1 1 0 0 0]
 [1 1 0 1 1 1 0 1 1 1]
 [1 1 0 1 0 1 1 1 0 0]
 [1 1 0 1 1 1 1 1 1 0]
 [1 1 0 1 0 0 0 1 0 1]
 [1 1 1 1 1 1 1 1 1 1]
 [1 1 1 0 1 0 0 1 1 1]
 [0 1 0 1 1 1 1 1 1 0]
 [1 1 0 0 1 0 0 0 1 0]
 [0 1 0 1 0 1 0 1 0 1]
 [1 1 0 1 0 1 1 1 0 1]
 [1 1 1 1 1 1 1 1 0 1]
 [1 1 1 0 1 0 1 1 1 1]
 [0 0 0 1 1 1 1 0 0 0]
 [1 1 0 1 0 1 1 1 1 0]
 [1 1 0 0 0 1 1 1 0 0]
 [1 1 0 1 1 0 1 1 1 1]
 [1 1 1 1 1 1 1 0 1 1]
 [1 1 1 0 0 0 0 1 1 1]
 [1 0 1 0 1 1 0 1 1 1]
 [1 1 0 1 0 1 1 1 1 0]
 [1 1 0 1 1 1 0 0 1 1]
 [1 1 0 0 1 0 1 1 1 0]
 [1 1 0 1 1 1 1 1 0 1]]
branch at 2
runtime for solving id of Q is 0.0012602622155100107
Simulation results:
{'J': 25, 'K': 10, 'N': 10, 'p': 0.7, 'seed': 46, 'sim': 5, 'runtime': 0.0012602622155100107, 'identifiable': 0, 'branch': 2}
6
Q: [[1 1 1 1 1 1 0 0 1 0]
 [0 1 1 1 0 1 1 0 1 0]
 [1 1 1 0 1 1 1 1 1 0]
 [1 1 1 1 1 0 1 0 0 0]
 [1 0 0 1 1 0 1 1 1 0]
 [0 1 1 0 0 0 0 1 1 0]
 [0 1 1 1 0 1 0 0 1 1]
 [1 1 0 1 1 1 1 1 0 1]
 [1 1 0 1 0 1 1 0 1 1]
 [1 1 1 1 1 1 1 0 1 1]
 [0 1 1 1 1 0 1 0 0 1]
 [1 0 1 1 1 1 0 1 1 0]
 [0 1 1 1 1 1 1 0 1 0]
 [0 1 1 0 1 0 0 1 0 1]
 [1 1 1 1 0 1 1 1 1 1]
 [0 1 0 0 1 0 0 0 1 1]
 [1 0 1 0 1 1 1 1 1 1]
 [1 0 1 0 0 0 1 0 1 1]
 [1 0 0 1 1 0 0 0 1 1]
 [1 1 1 1 0 1 0 1 1 1]
 [0 0 1 0 0 1 0 1 0 0]
 [1 1 1 1 1 1 1 0 0 0]
 [1 1 1 1 1 1 0 1 0 0]
 [0 0 1 1 1 1 1 1 1 1]
 [1 1 1 1 0 0 1 1 1 1]]
{'restarts': 40, 'conflicts': 14620, 'decisions': 23754, 'propagations': 4614308}
Q is identifiable
branch at 6
runtime for solving id of Q is 0.7100440619979054
Simulation results:
{'J': 25, 'K': 10, 'N': 10, 'p': 0.7, 'seed': 46, 'sim': 6, 'runtime': 0.7100440619979054, 'identifiable': 1, 'branch': 6}
7
Q: [[1 0 1 1 1 1 0 1 1 1]
 [1 1 0 1 1 1 1 0 0 1]
 [1 1 0 1 1 0 1 1 0 0]
 [1 1 1 1 1 0 0 1 1 1]
 [0 1 1 1 0 0 1 1 1 1]
 [1 0 1 0 1 0 0 1 0 1]
 [1 1 1 0 1 1 1 0 1 0]
 [1 1 0 0 1 1 1 1 1 0]
 [0 0 1 1 1 1 1 1 1 1]
 [1 0 1 1 1 1 1 1 0 0]
 [1 1 1 0 1 0 1 1 1 1]
 [0 0 0 1 0 1 1 0 1 1]
 [1 1 0 0 0 1 1 0 1 1]
 [1 1 1 1 1 1 1 1 0 0]
 [1 1 1 0 1 1 0 1 1 1]
 [1 0 1 1 1 1 0 1 0 1]
 [0 0 1 0 1 0 1 0 1 1]
 [1 1 0 0 1 0 1 1 1 1]
 [1 1 1 1 1 1 1 1 1 1]
 [1 1 0 1 1 1 1 1 1 1]
 [1 1 0 1 1 0 1 0 1 1]
 [1 0 0 0 1 1 1 1 1 0]
 [1 1 1 1 0 1 1 1 0 1]
 [0 1 0 1 1 1 1 0 1 1]
 [0 1 0 1 0 1 1 0 1 1]]
Q is not identifiable (three-column submatrix not identifiable).
Q is not identifiable, and Q_bar is [[1 0 1 1 1 1 0 1 1 1]
 [1 1 0 1 1 1 1 0 0 1]
 [1 1 0 1 1 0 1 1 0 0]
 [1 1 1 1 1 0 0 1 1 1]
 [0 1 1 1 0 0 1 1 1 1]
 [1 0 1 0 1 0 0 1 0 1]
 [1 1 1 0 1 1 1 0 1 0]
 [1 1 0 0 1 1 1 1 1 0]
 [0 0 1 1 1 1 1 1 1 1]
 [1 0 1 1 1 1 1 1 0 0]
 [1 1 1 0 1 0 1 1 1 1]
 [1 0 0 1 0 1 0 0 1 0]
 [1 1 0 0 0 1 1 0 1 1]
 [1 1 1 1 1 1 1 1 0 0]
 [1 1 1 0 1 1 0 1 1 1]
 [1 0 1 1 1 1 0 1 0 1]
 [0 0 1 0 1 0 1 0 1 1]
 [1 1 0 0 1 0 1 1 1 1]
 [1 1 1 1 1 1 1 1 1 1]
 [1 1 0 1 1 1 1 1 1 1]
 [1 1 0 1 1 0 1 0 1 1]
 [1 0 0 0 1 1 1 1 1 0]
 [1 1 1 1 0 1 1 1 0 1]
 [0 1 0 1 1 1 1 0 1 1]
 [0 1 0 1 0 1 1 0 1 1]]
branch at 3
runtime for solving id of Q is 0.0027525501791387796
Simulation results:
{'J': 25, 'K': 10, 'N': 10, 'p': 0.7, 'seed': 46, 'sim': 7, 'runtime': 0.0027525501791387796, 'identifiable': 0, 'branch': 3}
8
Q: [[1 1 1 1 0 1 0 1 1 0]
 [0 0 0 0 0 1 1 0 1 1]
 [1 1 0 1 1 0 0 1 0 0]
 [1 0 1 1 1 1 1 0 0 0]
 [1 1 1 0 1 0 1 1 1 0]
 [1 0 0 0 1 1 1 1 1 1]
 [1 0 1 0 1 0 1 1 1 1]
 [1 0 1 1 1 1 1 0 1 0]
 [0 1 1 1 0 0 0 1 0 1]
 [1 0 0 1 1 1 1 1 0 1]
 [1 1 1 1 1 0 1 1 1 0]
 [1 0 1 0 1 1 0 1 1 1]
 [1 1 1 1 0 1 1 0 1 1]
 [1 1 1 1 1 1 1 1 1 1]
 [1 0 1 1 0 1 1 1 0 1]
 [1 1 0 1 1 1 1 1 1 1]
 [1 1 1 1 0 1 1 0 1 1]
 [0 1 1 1 1 1 1 0 1 1]
 [0 1 1 0 1 0 1 0 1 0]
 [1 0 1 1 0 1 1 0 0 1]
 [0 1 0 0 1 1 0 1 1 1]
 [0 0 1 1 1 1 0 0 0 0]
 [1 0 1 0 1 1 1 1 1 0]
 [1 1 1 1 0 0 0 1 1 1]
 [0 0 1 1 0 1 1 1 1 1]]
{'restarts': 8, 'conflicts': 3570, 'decisions': 7166, 'propagations': 834851}
Q is not identifiable, and Q_bar is [[1 0 1 1 1 1 0 0 1 0]
 [0 0 0 0 0 1 1 0 1 1]
 [1 1 0 1 1 0 0 0 0 0]
 [1 0 1 0 0 1 1 1 0 0]
 [1 1 0 0 1 0 1 1 1 0]
 [1 1 0 0 0 1 1 0 1 1]
 [1 1 0 0 0 0 1 1 1 1]
 [1 0 1 0 0 1 1 1 1 0]
 [0 0 1 1 1 0 0 0 0 1]
 [1 1 0 1 0 1 1 0 0 1]
 [1 1 0 1 1 0 1 1 1 0]
 [1 1 0 0 0 1 0 1 1 1]
 [1 0 1 0 1 1 1 0 1 1]
 [1 1 1 1 1 1 1 0 1 1]
 [1 0 1 1 0 1 1 0 0 1]
 [1 1 0 1 1 1 1 0 1 1]
 [1 0 1 0 1 1 1 0 1 1]
 [0 0 1 0 1 1 1 1 1 1]
 [0 0 0 0 1 0 1 1 1 0]
 [1 0 1 0 0 1 1 0 0 1]
 [0 1 0 0 1 1 0 0 1 1]
 [0 0 1 0 0 1 0 1 0 0]
 [1 1 0 0 0 1 1 1 1 0]
 [1 0 1 1 1 0 0 0 1 1]
 [0 0 1 1 0 1 1 0 1 1]]
branch at 5
runtime for solving id of Q is 0.222403742140159
Simulation results:
{'J': 25, 'K': 10, 'N': 10, 'p': 0.7, 'seed': 46, 'sim': 8, 'runtime': 0.222403742140159, 'identifiable': 0, 'branch': 5}
9
Q: [[1 1 1 1 0 1 1 1 1 0]
 [1 0 1 1 1 1 0 1 1 1]
 [1 1 0 1 1 1 1 0 1 1]
 [0 1 0 0 0 0 1 0 1 0]
 [0 1 1 1 0 1 1 0 1 1]
 [1 1 1 1 0 0 0 1 1 1]
 [1 1 1 0 1 1 1 0 0 1]
 [1 0 1 0 1 1 1 1 1 1]
 [0 0 0 0 0 1 1 0 1 0]
 [1 1 1 1 0 0 0 1 0 1]
 [0 1 0 1 0 1 0 1 0 1]
 [1 0 1 1 1 0 0 1 1 1]
 [0 1 1 1 1 1 0 1 1 1]
 [1 1 1 1 1 1 0 0 1 1]
 [1 0 1 1 1 1 0 1 1 1]
 [0 1 1 1 1 1 1 0 0 1]
 [0 1 0 0 1 1 1 1 1 0]
 [1 1 1 1 0 1 1 1 1 1]
 [1 1 0 1 0 0 1 0 1 1]
 [1 1 1 0 1 1 1 1 0 1]
 [0 0 1 1 0 1 1 1 1 0]
 [1 1 1 1 1 1 1 1 1 1]
 [1 1 1 0 1 1 0 1 1 1]
 [1 0 1 1 1 0 1 0 1 1]
 [1 1 0 1 1 0 1 1 0 1]]
Q is not identifiable (three-column submatrix not identifiable).
Q is not identifiable, and Q_bar is [[1 1 1 1 0 1 1 1 1 0]
 [1 0 1 1 1 1 0 1 1 1]
 [1 1 0 1 1 1 1 0 1 1]
 [0 1 0 0 0 0 1 0 1 0]
 [0 1 1 1 0 1 1 0 1 1]
 [1 1 1 1 0 0 0 1 1 1]
 [1 1 1 0 1 1 1 0 0 1]
 [1 0 1 0 1 1 1 1 1 1]
 [0 0 1 0 0 1 1 0 1 0]
 [1 1 1 1 0 0 0 1 0 1]
 [0 1 0 1 0 1 0 1 0 1]
 [1 0 1 1 1 0 0 1 1 1]
 [0 1 1 1 1 1 0 1 1 1]
 [1 1 1 1 1 1 0 0 1 1]
 [1 0 1 1 1 1 0 1 1 1]
 [0 1 1 1 1 1 1 0 0 1]
 [0 1 0 0 1 1 1 1 1 0]
 [1 1 1 1 0 1 1 1 1 1]
 [1 1 0 1 0 0 1 0 1 1]
 [1 1 1 0 1 1 1 1 0 1]
 [0 0 1 1 0 1 1 1 1 0]
 [1 1 1 1 1 1 1 1 1 1]
 [1 1 1 0 1 1 0 1 1 1]
 [1 0 1 1 1 0 1 0 1 1]
 [1 1 0 1 1 0 1 1 0 1]]
branch at 3
runtime for solving id of Q is 0.002809312893077731
Simulation results:
{'J': 25, 'K': 10, 'N': 10, 'p': 0.7, 'seed': 46, 'sim': 9, 'runtime': 0.002809312893077731, 'identifiable': 0, 'branch': 3}
Simulation results:
[{'J': 25, 'K': 10, 'N': 10, 'p': 0.7, 'seed': 46, 'sim': 0, 'runtime': 0.0025523791555315256, 'identifiable': 0, 'branch': 3}, {'J': 25, 'K': 10, 'N': 10, 'p': 0.7, 'seed': 46, 'sim': 1, 'runtime': 0.11249497509561479, 'identifiable': 0, 'branch': 5}, {'J': 25, 'K': 10, 'N': 10, 'p': 0.7, 'seed': 46, 'sim': 2, 'runtime': 0.02769050421193242, 'identifiable': 0, 'branch': 5}, {'J': 25, 'K': 10, 'N': 10, 'p': 0.7, 'seed': 46, 'sim': 3, 'runtime': 0.0014468478038907051, 'identifiable': 0, 'branch': 2}, {'J': 25, 'K': 10, 'N': 10, 'p': 0.7, 'seed': 46, 'sim': 4, 'runtime': 0.0027289509307593107, 'identifiable': 0, 'branch': 3}, {'J': 25, 'K': 10, 'N': 10, 'p': 0.7, 'seed': 46, 'sim': 5, 'runtime': 0.0012602622155100107, 'identifiable': 0, 'branch': 2}, {'J': 25, 'K': 10, 'N': 10, 'p': 0.7, 'seed': 46, 'sim': 6, 'runtime': 0.7100440619979054, 'identifiable': 1, 'branch': 6}, {'J': 25, 'K': 10, 'N': 10, 'p': 0.7, 'seed': 46, 'sim': 7, 'runtime': 0.0027525501791387796, 'identifiable': 0, 'branch': 3}, {'J': 25, 'K': 10, 'N': 10, 'p': 0.7, 'seed': 46, 'sim': 8, 'runtime': 0.222403742140159, 'identifiable': 0, 'branch': 5}, {'J': 25, 'K': 10, 'N': 10, 'p': 0.7, 'seed': 46, 'sim': 9, 'runtime': 0.002809312893077731, 'identifiable': 0, 'branch': 3}]
