
The Gurobi software has a limited number of licenses. To request a license or
licenses, add this line

    #SBATCH --licenses=gurobi@slurmdb:1

to your SBATCH script, replacing N with the number of licenses you need. Gurobi
will need one license per process.


0
Q: [[0 0 1 1 1]
 [0 1 0 0 0]
 [0 1 1 0 0]
 [0 0 1 1 0]
 [0 1 0 0 0]
 [0 1 0 0 1]
 [0 0 1 0 0]
 [0 0 1 0 0]
 [0 0 0 0 1]
 [1 0 0 1 0]
 [0 1 0 1 0]
 [0 0 0 1 0]
 [1 0 0 0 0]
 [0 1 0 1 0]
 [0 1 1 0 0]
 [1 0 0 1 0]
 [0 0 1 0 0]
 [0 0 0 0 0]
 [0 0 0 0 0]
 [0 0 0 1 1]
 [0 1 0 1 0]
 [0 0 0 0 0]
 [1 1 0 0 0]
 [1 0 0 0 0]
 [0 0 0 0 0]
 [1 0 0 0 0]
 [1 1 0 0 1]
 [0 1 0 0 0]
 [0 0 0 0 0]
 [0 0 1 1 1]
 [1 1 0 0 1]
 [1 0 0 0 0]
 [0 1 1 0 0]
 [1 0 0 0 0]
 [0 0 0 1 1]
 [0 0 0 1 0]
 [0 1 0 0 1]
 [1 1 0 0 1]
 [0 0 0 1 0]
 [0 1 0 0 0]
 [0 1 0 0 0]
 [0 0 1 1 0]
 [1 1 1 0 1]
 [0 1 0 1 0]
 [0 1 1 1 0]
 [1 0 0 0 1]
 [1 1 1 0 0]
 [0 0 0 1 0]
 [0 0 1 0 0]
 [0 0 0 0 1]]
Q is identifiable (direct_check).
Q is identifiable
branch at 4
runtime for solving id of Q is 0.0005588047206401825
Simulation results:
{'J': 50, 'K': 5, 'N': 10, 'p': 0.3, 'seed': 78, 'sim': 0, 'runtime': 0.0005588047206401825, 'identifiable': 1, 'branch': 4}
1
Q: [[1 0 1 0 0]
 [1 1 0 0 0]
 [0 0 0 0 0]
 [0 0 1 0 1]
 [1 0 0 0 1]
 [0 1 0 0 0]
 [1 1 0 0 1]
 [0 1 0 0 0]
 [0 0 0 0 0]
 [0 0 0 0 0]
 [1 1 0 0 0]
 [1 1 0 0 0]
 [1 1 0 0 0]
 [1 1 0 0 0]
 [0 0 0 0 0]
 [1 0 0 0 1]
 [1 1 0 1 0]
 [0 1 1 0 1]
 [0 0 1 0 1]
 [0 0 0 0 0]
 [1 0 0 0 1]
 [1 0 0 0 1]
 [0 0 0 0 0]
 [1 0 1 1 0]
 [1 1 0 1 0]
 [0 0 0 1 1]
 [0 0 1 0 0]
 [0 0 0 0 1]
 [1 1 0 1 0]
 [0 0 0 0 1]
 [0 0 0 0 0]
 [0 0 0 1 0]
 [0 0 0 1 0]
 [1 1 0 0 1]
 [0 1 0 1 1]
 [0 1 0 1 0]
 [0 0 1 0 0]
 [0 1 0 0 0]
 [1 0 0 0 0]
 [0 1 1 0 0]
 [0 1 0 1 0]
 [0 0 0 0 1]
 [0 0 1 0 0]
 [0 0 0 1 0]
 [0 0 1 0 0]
 [0 0 0 1 1]
 [0 0 0 0 1]
 [0 0 1 0 0]
 [0 0 1 0 0]
 [1 0 1 0 1]]
Q is identifiable (direct_check).
Q is identifiable
branch at 4
runtime for solving id of Q is 0.0005203131586313248
Simulation results:
{'J': 50, 'K': 5, 'N': 10, 'p': 0.3, 'seed': 78, 'sim': 1, 'runtime': 0.0005203131586313248, 'identifiable': 1, 'branch': 4}
2
Q: [[0 0 0 0 0]
 [0 1 0 0 0]
 [0 0 0 0 0]
 [0 0 0 0 0]
 [0 0 0 0 0]
 [0 0 1 0 0]
 [0 0 1 0 1]
 [0 0 1 1 1]
 [0 1 0 0 0]
 [0 1 0 0 0]
 [1 0 0 0 0]
 [0 0 0 0 0]
 [0 1 0 0 0]
 [1 0 1 0 1]
 [0 1 0 0 0]
 [0 1 0 0 0]
 [0 1 1 0 0]
 [0 0 0 0 0]
 [0 0 0 0 0]
 [0 0 0 1 0]
 [0 0 1 0 1]
 [0 0 0 1 0]
 [0 0 0 0 1]
 [0 0 0 0 1]
 [0 0 0 0 0]
 [0 0 1 1 1]
 [1 0 0 0 0]
 [0 1 0 1 1]
 [0 0 0 0 0]
 [0 1 0 0 0]
 [1 0 0 0 0]
 [1 0 0 0 0]
 [0 0 0 0 0]
 [0 0 0 0 0]
 [1 0 1 0 0]
 [0 0 1 0 0]
 [0 0 0 0 0]
 [0 0 0 0 0]
 [1 1 1 0 1]
 [0 0 0 1 0]
 [0 0 0 0 0]
 [0 1 0 0 0]
 [0 1 0 0 1]
 [0 0 0 0 0]
 [1 0 0 0 0]
 [0 0 0 1 0]
 [0 0 0 0 0]
 [0 1 0 0 0]
 [0 0 0 0 0]
 [0 1 0 0 1]]
Q is identifiable (direct_check).
Q is identifiable
branch at 4
runtime for solving id of Q is 0.000432085245847702
Simulation results:
{'J': 50, 'K': 5, 'N': 10, 'p': 0.3, 'seed': 78, 'sim': 2, 'runtime': 0.000432085245847702, 'identifiable': 1, 'branch': 4}
3
Q: [[0 1 0 0 0]
 [0 0 0 1 0]
 [0 0 0 0 0]
 [0 0 0 1 0]
 [0 0 1 0 0]
 [0 1 0 1 0]
 [1 1 0 0 0]
 [0 0 0 0 0]
 [0 0 0 0 1]
 [0 0 1 0 1]
 [1 0 0 1 0]
 [1 0 0 1 1]
 [1 0 1 0 1]
 [0 0 1 0 0]
 [0 0 0 1 0]
 [1 0 1 1 0]
 [1 1 1 0 0]
 [1 1 0 1 0]
 [0 0 1 0 0]
 [1 0 1 1 0]
 [0 1 0 1 1]
 [1 1 0 0 0]
 [0 0 0 1 0]
 [0 0 0 0 1]
 [0 0 1 0 1]
 [1 1 0 0 0]
 [1 1 0 0 0]
 [0 0 0 1 0]
 [0 1 0 1 0]
 [1 0 1 0 0]
 [1 1 1 0 0]
 [0 1 0 1 0]
 [0 0 0 0 1]
 [0 0 0 0 0]
 [0 0 1 0 0]
 [0 0 0 0 1]
 [0 1 0 1 1]
 [0 0 0 1 1]
 [0 0 0 0 0]
 [1 0 0 0 0]
 [0 0 0 0 0]
 [1 0 0 1 1]
 [0 0 0 0 1]
 [1 0 0 0 1]
 [1 0 0 0 0]
 [0 0 0 1 0]
 [1 0 0 1 0]
 [1 0 0 1 0]
 [0 0 0 0 1]
 [0 0 0 0 0]]
Q is identifiable (direct_check).
Q is identifiable
branch at 4
runtime for solving id of Q is 0.0004368862137198448
Simulation results:
{'J': 50, 'K': 5, 'N': 10, 'p': 0.3, 'seed': 78, 'sim': 3, 'runtime': 0.0004368862137198448, 'identifiable': 1, 'branch': 4}
4
Q: [[0 0 0 0 0]
 [0 0 0 0 0]
 [0 1 0 0 1]
 [1 0 0 0 0]
 [0 1 0 0 0]
 [0 0 1 0 0]
 [1 0 0 0 0]
 [0 0 0 1 0]
 [0 1 0 1 0]
 [0 0 0 0 0]
 [0 0 1 0 1]
 [0 0 0 0 1]
 [1 0 0 0 1]
 [0 1 1 0 1]
 [0 1 0 0 0]
 [0 1 0 1 0]
 [0 1 0 1 0]
 [1 0 1 0 0]
 [1 0 0 0 1]
 [0 1 1 1 1]
 [0 0 0 0 0]
 [0 0 0 0 0]
 [1 1 0 0 0]
 [0 1 0 1 0]
 [1 1 0 0 0]
 [0 1 0 0 0]
 [1 1 1 0 0]
 [0 0 0 1 0]
 [1 0 0 1 0]
 [1 0 0 0 0]
 [1 1 1 0 0]
 [0 0 0 0 1]
 [1 0 0 0 1]
 [1 0 0 0 0]
 [0 0 0 0 0]
 [1 0 0 0 1]
 [0 1 0 0 0]
 [1 0 0 1 0]
 [0 1 0 0 1]
 [0 0 0 0 1]
 [0 0 0 1 1]
 [1 0 1 0 0]
 [0 1 0 0 1]
 [0 0 0 0 0]
 [0 0 0 0 1]
 [1 1 0 0 0]
 [0 0 0 1 0]
 [1 0 0 0 0]
 [0 1 0 1 0]
 [0 0 0 1 0]]
Q is identifiable (direct_check).
Q is identifiable
branch at 4
runtime for solving id of Q is 0.0004377923905849457
Simulation results:
{'J': 50, 'K': 5, 'N': 10, 'p': 0.3, 'seed': 78, 'sim': 4, 'runtime': 0.0004377923905849457, 'identifiable': 1, 'branch': 4}
5
Q: [[0 1 0 0 0]
 [0 1 1 1 1]
 [0 0 0 1 0]
 [0 0 1 0 0]
 [0 0 0 0 0]
 [1 0 0 0 1]
 [1 0 1 0 0]
 [1 0 0 0 0]
 [1 1 0 0 0]
 [1 1 0 0 0]
 [1 0 0 0 0]
 [0 1 0 0 0]
 [1 0 0 0 0]
 [0 0 0 1 0]
 [0 0 0 0 0]
 [0 0 1 0 0]
 [0 0 0 0 1]
 [1 0 0 0 1]
 [0 0 0 0 0]
 [0 0 0 1 1]
 [0 1 0 0 0]
 [0 0 0 0 0]
 [1 0 0 0 1]
 [0 0 0 0 0]
 [1 0 0 0 0]
 [1 0 0 1 0]
 [0 0 1 0 0]
 [1 0 0 1 1]
 [0 0 1 1 1]
 [0 0 1 1 1]
 [1 1 1 0 0]
 [0 0 0 0 0]
 [0 0 0 0 0]
 [1 0 0 0 0]
 [1 0 0 0 1]
 [0 1 0 1 0]
 [0 0 1 0 1]
 [0 1 1 0 0]
 [0 0 0 0 0]
 [1 0 0 0 0]
 [0 1 0 0 1]
 [0 0 1 0 1]
 [1 1 0 0 0]
 [1 0 1 1 0]
 [1 1 0 0 0]
 [0 0 0 0 0]
 [0 0 0 0 0]
 [0 1 1 0 0]
 [0 0 1 0 1]
 [1 0 0 0 0]]
Q is identifiable (direct_check).
Q is identifiable
branch at 4
runtime for solving id of Q is 0.000437258742749691
Simulation results:
{'J': 50, 'K': 5, 'N': 10, 'p': 0.3, 'seed': 78, 'sim': 5, 'runtime': 0.000437258742749691, 'identifiable': 1, 'branch': 4}
6
Q: [[1 0 1 1 1]
 [0 1 0 1 0]
 [1 1 0 1 0]
 [0 0 1 0 0]
 [0 1 0 0 0]
 [0 0 0 1 1]
 [0 1 0 0 0]
 [0 0 0 0 0]
 [0 0 0 0 0]
 [0 0 1 0 1]
 [0 0 1 1 0]
 [1 1 0 1 0]
 [0 0 0 1 0]
 [1 0 1 1 1]
 [0 0 1 0 0]
 [1 0 1 1 0]
 [0 0 0 0 1]
 [0 0 1 0 0]
 [0 0 1 1 0]
 [0 0 0 0 0]
 [0 0 0 0 1]
 [1 0 0 0 0]
 [0 1 0 1 0]
 [0 0 0 0 0]
 [0 1 1 0 0]
 [1 0 0 0 0]
 [0 1 0 0 0]
 [0 1 0 1 1]
 [1 0 0 0 1]
 [1 0 0 0 0]
 [1 1 0 0 0]
 [0 0 1 1 0]
 [0 0 0 0 0]
 [1 0 0 1 1]
 [0 0 0 0 0]
 [0 1 1 1 0]
 [0 0 0 0 0]
 [0 1 0 0 0]
 [0 0 0 1 1]
 [0 0 0 0 1]
 [0 1 1 0 0]
 [0 0 0 0 1]
 [1 0 0 0 0]
 [1 0 1 0 0]
 [1 0 0 1 0]
 [0 1 1 0 1]
 [0 0 1 0 0]
 [0 1 1 0 0]
 [0 1 1 1 0]
 [0 0 0 1 0]]
Q is identifiable (direct_check).
Q is identifiable
branch at 4
runtime for solving id of Q is 0.0004504472017288208
Simulation results:
{'J': 50, 'K': 5, 'N': 10, 'p': 0.3, 'seed': 78, 'sim': 6, 'runtime': 0.0004504472017288208, 'identifiable': 1, 'branch': 4}
7
Q: [[0 0 0 0 1]
 [1 0 0 0 0]
 [0 0 1 0 0]
 [0 1 0 0 1]
 [1 1 1 0 0]
 [0 0 0 1 1]
 [0 0 0 1 1]
 [1 0 1 1 0]
 [1 0 1 0 1]
 [0 0 0 0 1]
 [0 0 0 0 0]
 [0 1 0 1 0]
 [1 0 0 0 0]
 [0 1 0 0 0]
 [0 0 0 0 1]
 [0 1 1 0 1]
 [1 0 1 0 0]
 [1 1 0 0 0]
 [0 1 0 0 0]
 [0 1 0 0 0]
 [0 1 0 1 0]
 [1 1 0 1 0]
 [0 0 0 0 0]
 [1 0 1 0 0]
 [1 0 0 1 0]
 [0 0 0 1 0]
 [1 0 1 0 1]
 [0 0 0 0 0]
 [0 1 1 0 0]
 [0 0 0 0 0]
 [0 0 1 0 0]
 [1 0 1 0 0]
 [0 0 0 0 0]
 [1 0 0 0 0]
 [0 0 0 0 0]
 [1 0 0 0 0]
 [0 0 1 0 0]
 [0 0 1 1 1]
 [0 0 0 0 1]
 [0 0 1 0 1]
 [0 0 1 0 1]
 [0 0 0 1 0]
 [0 0 0 1 0]
 [0 1 1 0 1]
 [0 0 0 1 1]
 [0 1 0 0 1]
 [1 0 0 0 0]
 [0 1 0 0 0]
 [0 1 0 0 0]
 [0 1 0 0 1]]
Q is identifiable (direct_check).
Q is identifiable
branch at 4
runtime for solving id of Q is 0.0004365658387541771
Simulation results:
{'J': 50, 'K': 5, 'N': 10, 'p': 0.3, 'seed': 78, 'sim': 7, 'runtime': 0.0004365658387541771, 'identifiable': 1, 'branch': 4}
8
Q: [[0 0 0 0 0]
 [0 0 0 0 0]
 [0 0 1 0 0]
 [1 0 0 0 0]
 [0 1 0 1 0]
 [0 1 1 0 0]
 [0 0 0 1 1]
 [0 1 0 0 1]
 [0 0 0 0 1]
 [0 0 0 0 0]
 [0 0 0 1 0]
 [0 0 0 0 1]
 [0 0 0 0 1]
 [1 0 0 0 0]
 [0 0 1 0 0]
 [0 0 0 0 1]
 [1 0 1 1 1]
 [0 0 1 0 1]
 [0 0 1 0 1]
 [0 0 0 0 0]
 [0 1 1 0 0]
 [0 0 0 1 0]
 [1 0 0 0 0]
 [0 0 0 0 0]
 [1 1 0 1 0]
 [1 1 0 0 1]
 [0 1 1 0 1]
 [0 0 1 0 0]
 [1 1 0 0 0]
 [0 0 0 0 1]
 [1 1 0 0 0]
 [1 0 1 0 1]
 [0 0 0 0 0]
 [0 1 1 0 0]
 [0 0 0 1 0]
 [0 0 0 1 1]
 [0 0 1 0 0]
 [1 0 0 0 0]
 [0 1 0 0 0]
 [1 0 0 0 0]
 [1 0 0 0 0]
 [1 1 0 0 1]
 [0 0 0 1 1]
 [1 0 1 0 1]
 [1 0 0 0 0]
 [0 0 1 0 0]
 [1 1 0 0 0]
 [0 0 0 0 0]
 [0 0 1 0 0]
 [0 0 1 0 0]]
Q is identifiable (direct_check).
Q is identifiable
branch at 4
runtime for solving id of Q is 0.00043040793389081955
Simulation results:
{'J': 50, 'K': 5, 'N': 10, 'p': 0.3, 'seed': 78, 'sim': 8, 'runtime': 0.00043040793389081955, 'identifiable': 1, 'branch': 4}
9
Q: [[0 1 0 0 1]
 [0 0 0 1 0]
 [0 0 1 1 0]
 [0 0 0 1 1]
 [0 0 0 0 0]
 [0 1 0 1 0]
 [0 1 1 0 0]
 [1 0 0 0 0]
 [1 1 0 1 1]
 [0 1 0 1 0]
 [0 0 0 0 0]
 [0 0 1 0 1]
 [0 1 0 0 0]
 [0 1 1 0 0]
 [0 0 1 0 0]
 [0 0 0 0 1]
 [0 0 0 0 1]
 [1 1 1 0 0]
 [1 1 0 1 1]
 [0 0 0 0 0]
 [0 0 0 1 1]
 [0 1 0 0 1]
 [0 0 0 0 0]
 [0 0 0 0 1]
 [1 0 0 1 1]
 [1 0 1 0 0]
 [0 1 0 0 0]
 [0 1 0 1 1]
 [1 0 1 0 0]
 [0 0 0 0 0]
 [0 0 0 1 1]
 [0 0 0 0 0]
 [1 0 0 0 0]
 [0 1 1 1 0]
 [0 0 0 1 0]
 [0 0 0 0 0]
 [0 0 0 0 1]
 [0 1 1 0 0]
 [0 0 0 1 0]
 [1 0 0 0 0]
 [0 1 0 0 1]
 [0 1 1 0 1]
 [0 1 0 0 1]
 [0 1 1 0 0]
 [1 0 0 1 0]
 [1 0 0 0 0]
 [1 0 0 0 1]
 [1 1 0 0 1]
 [0 1 0 0 0]
 [0 0 0 1 0]]
Q is identifiable (direct_check).
Q is identifiable
branch at 4
runtime for solving id of Q is 0.0004633162170648575
Simulation results:
{'J': 50, 'K': 5, 'N': 10, 'p': 0.3, 'seed': 78, 'sim': 9, 'runtime': 0.0004633162170648575, 'identifiable': 1, 'branch': 4}
Simulation results:
[{'J': 50, 'K': 5, 'N': 10, 'p': 0.3, 'seed': 78, 'sim': 0, 'runtime': 0.0005588047206401825, 'identifiable': 1, 'branch': 4}, {'J': 50, 'K': 5, 'N': 10, 'p': 0.3, 'seed': 78, 'sim': 1, 'runtime': 0.0005203131586313248, 'identifiable': 1, 'branch': 4}, {'J': 50, 'K': 5, 'N': 10, 'p': 0.3, 'seed': 78, 'sim': 2, 'runtime': 0.000432085245847702, 'identifiable': 1, 'branch': 4}, {'J': 50, 'K': 5, 'N': 10, 'p': 0.3, 'seed': 78, 'sim': 3, 'runtime': 0.0004368862137198448, 'identifiable': 1, 'branch': 4}, {'J': 50, 'K': 5, 'N': 10, 'p': 0.3, 'seed': 78, 'sim': 4, 'runtime': 0.0004377923905849457, 'identifiable': 1, 'branch': 4}, {'J': 50, 'K': 5, 'N': 10, 'p': 0.3, 'seed': 78, 'sim': 5, 'runtime': 0.000437258742749691, 'identifiable': 1, 'branch': 4}, {'J': 50, 'K': 5, 'N': 10, 'p': 0.3, 'seed': 78, 'sim': 6, 'runtime': 0.0004504472017288208, 'identifiable': 1, 'branch': 4}, {'J': 50, 'K': 5, 'N': 10, 'p': 0.3, 'seed': 78, 'sim': 7, 'runtime': 0.0004365658387541771, 'identifiable': 1, 'branch': 4}, {'J': 50, 'K': 5, 'N': 10, 'p': 0.3, 'seed': 78, 'sim': 8, 'runtime': 0.00043040793389081955, 'identifiable': 1, 'branch': 4}, {'J': 50, 'K': 5, 'N': 10, 'p': 0.3, 'seed': 78, 'sim': 9, 'runtime': 0.0004633162170648575, 'identifiable': 1, 'branch': 4}]
