
The Gurobi software has a limited number of licenses. To request a license or
licenses, add this line

    #SBATCH --licenses=gurobi@slurmdb:1

to your SBATCH script, replacing N with the number of licenses you need. Gurobi
will need one license per process.


0
Q: [[0 1 1 0 1 1 0 0 1 0]
 [1 0 1 1 1 0 0 1 1 0]
 [0 0 0 0 1 0 1 1 1 1]
 [1 1 1 1 1 0 1 1 1 1]
 [0 0 0 0 1 1 1 0 1 1]
 [1 1 1 1 0 0 1 1 1 1]
 [0 0 0 1 1 0 1 1 1 1]
 [0 1 1 1 1 0 1 1 1 1]
 [1 1 1 1 0 1 1 1 0 0]
 [1 1 1 1 1 1 1 1 1 1]
 [1 1 1 1 1 0 1 1 1 0]
 [0 0 1 1 0 1 0 1 1 1]
 [0 0 1 0 1 0 0 1 1 1]
 [1 1 1 1 1 1 1 0 0 1]
 [1 1 1 1 1 1 1 1 1 0]
 [1 0 0 1 1 1 1 1 0 0]
 [1 1 0 1 0 0 1 0 1 0]
 [1 1 0 0 1 1 0 1 1 1]
 [0 0 1 0 0 1 0 1 1 1]
 [1 0 0 1 0 1 0 1 1 1]
 [1 0 1 1 1 1 1 1 1 1]
 [1 1 1 1 1 0 1 1 1 1]
 [0 1 0 1 0 1 1 0 1 1]
 [0 0 1 1 0 1 1 1 1 1]
 [0 0 0 0 1 1 1 1 1 0]
 [1 1 0 1 1 0 0 0 1 1]
 [1 1 1 1 1 1 1 1 0 0]
 [1 1 1 1 1 1 1 1 1 1]
 [0 1 1 0 1 0 1 0 1 0]
 [1 1 1 0 0 0 0 0 0 1]
 [1 0 1 1 0 1 1 1 1 1]
 [1 0 0 1 0 1 1 1 0 1]
 [0 0 0 1 1 1 1 1 1 0]
 [0 1 0 0 0 0 1 1 1 1]
 [1 1 1 0 1 0 0 1 0 1]
 [1 0 1 1 1 1 1 1 1 0]
 [1 1 1 1 1 0 1 1 0 0]
 [1 1 1 1 0 0 1 0 0 1]
 [1 1 1 1 1 0 1 1 0 0]
 [0 1 0 0 1 1 1 1 1 1]
 [1 1 1 1 0 1 1 1 1 1]
 [1 1 1 1 1 1 0 1 1 1]
 [1 1 0 1 1 1 0 1 1 1]
 [0 1 1 1 0 1 0 0 0 1]
 [1 1 0 1 1 0 1 0 0 1]
 [1 1 0 1 1 1 1 0 1 0]
 [1 1 1 1 0 1 1 1 1 0]
 [0 0 1 0 1 1 1 1 1 0]
 [1 0 1 0 1 1 1 0 1 0]
 [1 0 0 1 0 1 1 1 0 0]]
{'restarts': 25, 'conflicts': 9365, 'decisions': 16673, 'propagations': 5431176}
Q is identifiable
branch at 6
runtime for solving id of Q is 0.820188220590353
Simulation results:
{'J': 50, 'K': 10, 'N': 10, 'p': 0.7, 'seed': 530, 'sim': 0, 'runtime': 0.820188220590353, 'identifiable': 1, 'branch': 6}
1
Q: [[1 0 1 0 1 0 0 0 0 1]
 [1 1 1 1 1 0 1 1 0 0]
 [1 1 1 1 1 1 1 1 1 0]
 [1 0 0 1 0 1 1 1 1 1]
 [0 0 1 0 1 1 0 0 1 1]
 [1 1 1 1 1 0 1 0 0 1]
 [0 1 0 1 1 1 1 1 0 1]
 [1 1 0 0 1 1 0 0 1 1]
 [0 1 1 1 1 1 1 1 1 1]
 [1 1 1 1 1 1 1 1 0 1]
 [1 1 1 1 1 0 1 0 0 1]
 [1 1 0 1 1 0 1 1 1 0]
 [1 0 1 1 0 0 1 0 1 1]
 [1 0 0 1 1 1 0 1 1 1]
 [1 0 1 1 1 1 1 1 0 1]
 [1 1 1 1 0 1 1 1 1 1]
 [1 1 0 1 0 1 1 1 1 1]
 [1 1 1 1 0 0 1 1 1 1]
 [1 0 0 1 1 1 1 1 1 1]
 [1 1 1 1 0 1 1 1 1 0]
 [1 1 0 1 1 1 1 1 1 0]
 [1 1 1 1 1 1 1 0 1 1]
 [0 1 1 1 1 1 1 1 1 1]
 [0 1 0 1 1 1 1 1 1 1]
 [1 0 1 1 0 1 1 0 1 1]
 [1 1 1 1 0 1 0 1 1 1]
 [1 0 1 1 0 1 0 0 1 1]
 [1 1 1 0 1 0 1 1 1 1]
 [1 1 0 0 1 1 1 1 1 0]
 [1 1 1 1 1 1 1 0 1 0]
 [1 1 1 1 1 1 1 1 1 1]
 [1 1 1 1 1 0 1 1 1 1]
 [1 0 1 1 0 0 0 0 1 0]
 [0 1 0 0 1 1 0 1 1 1]
 [1 0 0 0 1 0 0 1 1 1]
 [1 0 1 1 1 1 0 0 1 1]
 [0 0 0 1 1 0 1 1 1 1]
 [1 1 1 0 1 1 1 0 1 1]
 [0 1 1 1 0 1 1 0 0 1]
 [1 0 1 1 1 0 1 1 0 1]
 [1 1 0 1 0 0 1 1 0 1]
 [0 1 1 0 0 0 1 0 1 1]
 [1 1 0 1 1 1 1 1 1 1]
 [0 0 1 1 1 1 1 0 1 1]
 [0 1 1 0 1 1 1 1 1 1]
 [1 0 1 1 1 0 1 0 1 1]
 [0 1 1 0 0 1 1 0 1 0]
 [1 1 1 0 1 0 1 1 1 0]
 [0 0 1 0 1 1 1 0 0 1]
 [0 1 0 1 0 1 1 0 1 1]]
{'restarts': 76, 'conflicts': 27147, 'decisions': 44147, 'propagations': 12403711}
Q is identifiable
branch at 6
runtime for solving id of Q is 2.1963553559035063
Simulation results:
{'J': 50, 'K': 10, 'N': 10, 'p': 0.7, 'seed': 530, 'sim': 1, 'runtime': 2.1963553559035063, 'identifiable': 1, 'branch': 6}
2
Q: [[1 0 1 1 0 0 1 1 1 1]
 [1 0 1 1 1 1 1 1 1 1]
 [1 1 1 1 1 1 1 1 1 1]
 [1 1 0 1 1 1 1 1 0 1]
 [1 0 0 1 1 0 1 1 1 0]
 [1 1 1 1 0 0 1 1 0 1]
 [1 1 0 0 0 1 1 0 1 1]
 [0 1 0 1 0 1 0 0 1 1]
 [1 0 1 1 1 0 1 1 0 1]
 [0 0 1 1 1 1 1 0 0 1]
 [1 1 1 1 1 1 1 1 0 1]
 [1 0 0 0 1 1 1 1 1 1]
 [1 0 1 1 0 1 1 0 0 1]
 [1 1 1 1 0 0 0 1 1 1]
 [1 1 1 1 1 0 0 0 0 1]
 [1 0 1 0 1 1 1 1 0 0]
 [1 1 0 1 1 1 0 1 1 1]
 [1 1 1 1 1 0 0 1 1 1]
 [1 0 1 0 1 1 0 1 0 1]
 [1 1 0 1 1 1 1 1 1 1]
 [1 1 0 0 1 1 0 1 1 1]
 [1 1 1 1 0 1 1 1 0 1]
 [1 1 0 1 0 1 1 1 1 0]
 [0 1 1 1 1 1 1 1 1 1]
 [1 0 0 0 1 1 1 1 0 1]
 [1 1 0 0 1 1 1 1 1 0]
 [0 1 0 1 1 1 1 1 1 0]
 [1 1 0 1 0 0 1 1 1 1]
 [1 1 1 1 1 1 1 0 1 1]
 [1 1 1 0 1 1 1 1 0 0]
 [0 0 1 1 1 1 0 1 1 1]
 [1 1 1 0 1 1 1 1 0 0]
 [1 1 1 0 1 1 1 1 1 0]
 [1 0 1 0 1 1 1 1 0 1]
 [1 0 0 1 1 1 0 1 1 0]
 [1 1 1 1 1 1 0 1 0 0]
 [1 1 0 1 1 0 0 1 1 0]
 [0 1 1 1 1 1 0 1 1 1]
 [1 1 1 1 1 1 1 1 1 1]
 [1 0 1 1 1 1 0 1 1 1]
 [0 1 1 0 1 0 1 1 0 1]
 [0 0 1 0 1 1 1 1 1 0]
 [0 1 0 1 1 1 0 1 1 1]
 [1 0 1 1 1 1 1 1 1 1]
 [1 0 1 0 1 1 1 1 1 1]
 [1 1 0 1 1 1 0 1 1 1]
 [1 1 1 1 1 1 0 0 1 1]
 [0 0 1 1 1 0 1 1 1 1]
 [0 0 1 1 0 1 1 0 1 1]
 [1 1 0 0 1 0 0 1 1 0]]
{'restarts': 437, 'conflicts': 167850, 'decisions': 236577, 'propagations': 70244865}
Q is identifiable
branch at 6
runtime for solving id of Q is 17.48846705816686
Simulation results:
{'J': 50, 'K': 10, 'N': 10, 'p': 0.7, 'seed': 530, 'sim': 2, 'runtime': 17.48846705816686, 'identifiable': 1, 'branch': 6}
3
Q: [[1 1 1 0 0 1 1 1 1 0]
 [0 0 0 1 1 0 1 1 0 0]
 [1 1 1 1 0 1 1 0 1 1]
 [0 1 1 1 1 1 1 0 1 1]
 [1 0 0 1 0 0 1 1 0 1]
 [1 1 0 1 0 1 1 1 1 1]
 [1 1 0 1 1 1 1 1 1 1]
 [1 1 1 1 1 1 1 1 0 0]
 [1 1 0 1 1 0 1 1 0 1]
 [1 1 1 1 1 1 0 1 1 1]
 [1 0 1 0 1 0 1 1 1 1]
 [0 1 1 1 1 0 0 1 1 1]
 [1 0 1 1 1 1 1 1 1 0]
 [1 1 1 0 1 1 0 1 1 0]
 [0 1 1 1 1 0 1 1 1 1]
 [0 1 1 0 1 0 1 0 1 0]
 [1 1 1 0 1 1 1 1 1 1]
 [1 1 0 1 1 0 0 1 1 1]
 [0 0 1 1 1 1 0 0 0 0]
 [1 1 1 1 1 0 1 0 0 1]
 [0 1 1 1 1 1 1 0 1 1]
 [1 1 1 1 1 1 1 1 1 1]
 [0 1 1 0 0 1 0 0 0 1]
 [0 1 0 0 1 0 1 0 1 1]
 [1 1 1 1 0 1 1 1 1 1]
 [0 1 1 1 1 1 0 1 1 1]
 [1 1 1 0 1 1 1 1 1 1]
 [0 1 1 1 1 0 1 1 1 0]
 [1 0 1 1 1 1 0 1 1 1]
 [1 1 0 0 0 1 1 1 1 0]
 [1 0 1 0 0 1 1 0 1 1]
 [1 1 1 0 1 1 1 1 0 1]
 [1 1 1 1 1 1 0 1 1 1]
 [0 1 1 1 0 1 0 0 1 1]
 [1 1 1 1 0 1 1 1 1 0]
 [0 1 1 1 0 1 0 0 1 0]
 [1 1 0 0 0 1 1 1 0 1]
 [1 1 1 0 0 1 0 1 1 1]
 [1 1 0 1 1 1 1 1 1 0]
 [1 1 1 1 1 0 1 0 1 1]
 [1 1 1 1 1 1 1 0 1 0]
 [1 1 1 1 1 1 1 1 1 1]
 [1 1 1 1 0 1 0 1 0 1]
 [1 1 1 0 0 0 0 1 1 1]
 [1 1 1 0 1 1 1 1 0 1]
 [1 0 1 0 1 1 1 1 1 1]
 [0 1 0 1 1 1 1 0 0 1]
 [0 1 1 1 1 1 0 1 1 1]
 [1 1 1 1 1 1 1 1 1 1]
 [0 1 1 0 1 1 1 0 0 0]]
{'restarts': 12, 'conflicts': 3717, 'decisions': 6899, 'propagations': 1428918}
Q is identifiable
branch at 6
runtime for solving id of Q is 0.2695083860307932
Simulation results:
{'J': 50, 'K': 10, 'N': 10, 'p': 0.7, 'seed': 530, 'sim': 3, 'runtime': 0.2695083860307932, 'identifiable': 1, 'branch': 6}
4
Q: [[1 1 1 1 0 0 1 1 1 1]
 [1 0 1 0 1 1 0 1 0 1]
 [1 1 1 1 1 0 1 1 1 1]
 [0 1 1 1 0 1 1 0 1 1]
 [1 1 0 1 1 1 1 0 1 1]
 [1 1 1 1 1 1 1 1 1 1]
 [1 1 1 0 0 1 1 1 1 1]
 [1 1 1 1 1 1 1 0 1 1]
 [0 0 0 0 1 0 0 1 1 0]
 [0 0 0 1 0 1 1 1 1 0]
 [1 1 0 0 1 0 0 1 0 1]
 [1 1 1 1 1 1 0 1 1 1]
 [0 0 1 0 1 0 1 0 1 0]
 [1 1 1 0 1 0 1 0 1 0]
 [1 1 1 0 1 1 0 1 1 1]
 [0 1 1 1 0 1 0 1 0 1]
 [1 1 1 1 1 0 1 0 0 0]
 [1 1 1 1 0 1 1 0 1 0]
 [1 1 1 0 1 1 1 1 1 1]
 [0 1 0 1 1 0 1 0 1 1]
 [1 0 1 1 1 0 1 0 1 0]
 [1 1 1 1 1 1 1 0 1 1]
 [1 0 1 1 1 0 0 1 1 0]
 [0 0 1 0 1 0 1 0 1 0]
 [1 1 1 0 1 0 1 1 0 1]
 [1 0 1 1 1 1 1 1 1 1]
 [0 1 0 1 0 1 1 1 1 0]
 [1 1 1 1 1 0 1 1 1 1]
 [0 1 0 0 0 1 1 0 1 1]
 [1 0 1 0 1 1 0 1 1 1]
 [1 1 0 1 0 1 1 1 1 0]
 [1 1 1 0 1 0 1 0 1 1]
 [0 1 1 0 1 1 1 1 0 0]
 [1 0 1 1 1 0 1 1 1 0]
 [0 1 1 1 1 1 1 0 1 1]
 [1 0 0 1 1 1 1 1 1 1]
 [1 0 1 1 0 1 1 0 1 0]
 [0 1 1 0 0 1 1 0 1 0]
 [1 1 0 1 0 1 1 1 1 0]
 [0 1 1 1 1 0 0 1 1 1]
 [0 0 1 1 1 0 1 0 1 1]
 [0 1 1 1 1 1 0 1 1 0]
 [0 0 0 1 0 1 1 0 0 1]
 [1 0 1 1 1 0 0 1 0 0]
 [0 1 0 1 0 0 1 1 1 1]
 [0 1 1 1 1 0 1 0 1 1]
 [1 1 1 1 1 0 1 0 1 1]
 [1 1 1 1 0 1 1 1 1 1]
 [1 1 1 1 0 1 0 1 0 1]
 [1 1 1 1 1 0 1 0 1 0]]
{'restarts': 7, 'conflicts': 2247, 'decisions': 4857, 'propagations': 1043706}
Q is identifiable
branch at 6
runtime for solving id of Q is 0.17643683683127165
Simulation results:
{'J': 50, 'K': 10, 'N': 10, 'p': 0.7, 'seed': 530, 'sim': 4, 'runtime': 0.17643683683127165, 'identifiable': 1, 'branch': 6}
5
Q: [[1 1 1 1 0 1 1 0 0 0]
 [1 1 1 0 1 1 1 0 1 0]
 [1 1 1 1 1 1 1 1 1 0]
 [1 0 0 1 1 0 1 0 1 1]
 [1 1 1 1 0 1 1 1 0 1]
 [1 0 0 1 1 1 1 1 0 1]
 [1 1 1 0 1 1 0 1 1 1]
 [0 0 1 0 0 1 1 1 1 0]
 [1 0 0 0 0 1 0 1 0 1]
 [1 1 1 1 1 1 1 1 1 1]
 [1 1 0 0 1 1 0 1 1 1]
 [1 1 1 1 1 1 0 1 1 0]
 [1 1 0 0 0 1 1 0 1 1]
 [1 1 1 1 1 1 0 0 1 0]
 [1 0 1 1 1 1 1 0 1 1]
 [1 1 1 1 1 1 1 0 0 0]
 [0 1 1 1 1 1 0 1 1 1]
 [1 1 0 1 1 1 1 1 1 1]
 [0 1 1 1 1 1 1 0 1 0]
 [1 1 1 0 1 1 0 0 1 0]
 [1 1 0 1 0 1 0 1 1 1]
 [1 0 1 1 1 0 1 1 1 1]
 [1 1 0 0 1 1 1 1 1 1]
 [0 1 0 0 1 1 1 1 1 1]
 [1 1 0 1 0 1 1 1 1 0]
 [1 1 1 1 1 1 1 1 1 0]
 [1 0 1 1 1 0 0 1 1 0]
 [0 1 1 1 1 1 0 1 1 1]
 [0 0 1 0 1 1 1 1 1 1]
 [1 0 1 1 1 1 1 1 0 1]
 [1 1 0 0 1 1 1 1 1 0]
 [1 1 1 0 1 1 1 1 0 0]
 [1 1 0 1 1 1 0 0 0 1]
 [1 1 1 1 0 1 1 0 0 1]
 [1 1 1 1 1 1 0 0 0 0]
 [0 1 1 1 1 0 1 1 0 1]
 [0 0 1 1 1 1 1 1 0 0]
 [1 1 1 1 1 1 1 1 1 1]
 [0 1 0 1 1 1 0 0 1 0]
 [0 0 1 1 0 1 1 1 1 0]
 [0 1 1 1 1 1 0 0 1 1]
 [1 0 0 1 1 1 1 0 1 0]
 [1 1 1 1 1 1 0 1 1 1]
 [1 0 0 1 0 0 0 0 1 0]
 [1 1 1 1 0 1 1 1 1 1]
 [1 0 1 1 1 1 0 0 1 1]
 [0 1 1 0 1 1 1 0 1 1]
 [1 1 1 1 1 0 1 0 1 0]
 [0 0 1 1 1 0 0 1 0 1]
 [1 1 1 1 0 1 1 1 1 1]]
{'restarts': 140, 'conflicts': 49556, 'decisions': 73345, 'propagations': 23418500}
Q is identifiable
branch at 6
runtime for solving id of Q is 4.191717692650855
Simulation results:
{'J': 50, 'K': 10, 'N': 10, 'p': 0.7, 'seed': 530, 'sim': 5, 'runtime': 4.191717692650855, 'identifiable': 1, 'branch': 6}
6
Q: [[1 0 0 1 1 1 0 1 1 1]
 [1 1 1 1 0 1 1 1 1 0]
 [1 1 1 1 1 1 1 0 0 1]
 [1 1 1 1 0 1 0 1 0 0]
 [1 1 0 0 1 1 0 0 1 1]
 [1 1 1 0 1 0 1 1 0 1]
 [1 1 1 1 0 1 1 1 1 1]
 [0 0 1 1 1 1 1 1 1 0]
 [1 1 1 1 0 1 1 1 1 1]
 [1 0 0 0 1 0 1 1 0 0]
 [1 1 1 1 1 0 1 1 1 1]
 [1 0 1 0 0 0 1 0 1 1]
 [1 1 1 1 0 1 0 1 0 0]
 [0 1 0 1 1 1 1 1 1 1]
 [0 0 1 1 0 0 0 1 1 1]
 [1 1 1 1 0 0 1 0 1 1]
 [1 1 1 1 0 1 0 1 1 1]
 [1 1 0 1 1 0 1 1 1 0]
 [1 1 1 1 1 1 1 1 1 0]
 [1 0 0 0 1 0 0 1 1 1]
 [1 0 1 1 1 1 1 1 1 1]
 [1 1 1 1 1 1 1 1 1 1]
 [0 1 1 1 1 0 1 0 1 1]
 [1 0 0 1 1 1 1 1 1 1]
 [1 1 1 1 1 1 1 1 1 0]
 [1 0 1 1 1 1 1 1 0 0]
 [1 1 0 0 0 1 1 1 1 1]
 [0 1 0 0 1 0 1 1 1 0]
 [1 0 1 0 0 0 1 1 0 1]
 [0 0 1 1 1 1 0 1 1 0]
 [1 1 0 1 1 0 1 1 0 0]
 [1 1 0 1 1 1 1 0 0 1]
 [1 0 0 1 1 1 0 1 1 0]
 [1 1 0 0 1 1 1 1 0 1]
 [0 1 1 1 1 1 1 1 1 1]
 [0 1 1 1 1 1 1 1 1 1]
 [1 0 1 0 0 1 1 1 1 1]
 [1 1 0 0 1 1 0 1 1 1]
 [1 1 0 1 1 0 1 0 1 1]
 [1 1 1 1 0 1 1 1 1 1]
 [1 1 0 1 0 0 0 0 1 1]
 [1 1 1 1 1 1 0 1 1 1]
 [1 1 1 1 1 1 0 1 1 0]
 [1 1 1 1 1 1 1 0 0 0]
 [1 1 1 1 1 1 1 1 1 1]
 [1 0 1 1 1 0 1 1 1 1]
 [1 1 1 1 0 1 1 0 1 1]
 [1 0 1 0 1 0 1 1 0 0]
 [0 1 0 1 0 1 0 0 0 1]
 [0 0 1 1 1 1 1 1 1 0]]
{'restarts': 46, 'conflicts': 31612, 'decisions': 47388, 'propagations': 11561791}
Q is identifiable
branch at 6
runtime for solving id of Q is 2.2961200829595327
Simulation results:
{'J': 50, 'K': 10, 'N': 10, 'p': 0.7, 'seed': 530, 'sim': 6, 'runtime': 2.2961200829595327, 'identifiable': 1, 'branch': 6}
7
Q: [[1 0 0 1 0 1 0 0 1 1]
 [1 1 1 1 1 1 1 1 1 0]
 [1 1 1 0 0 1 1 1 1 1]
 [1 0 0 0 1 1 0 1 0 1]
 [1 1 0 1 1 1 1 1 1 1]
 [0 0 0 1 1 1 1 0 0 0]
 [0 0 1 1 1 1 1 1 1 1]
 [1 1 1 1 0 0 0 1 0 1]
 [1 1 0 1 1 0 1 1 1 1]
 [1 1 0 1 0 0 0 1 0 1]
 [0 0 0 0 1 0 0 1 1 1]
 [0 1 1 1 1 0 0 1 0 1]
 [0 1 1 1 1 0 1 0 1 0]
 [1 0 1 1 0 1 1 1 1 1]
 [0 1 1 0 0 1 0 1 1 1]
 [1 1 0 0 1 1 1 1 1 0]
 [0 1 0 0 1 0 1 1 0 1]
 [1 1 0 1 0 0 1 0 0 1]
 [1 1 1 1 0 1 1 1 0 0]
 [0 0 1 0 1 1 1 1 0 1]
 [0 1 1 0 0 0 0 1 1 1]
 [0 1 1 1 0 1 1 0 1 1]
 [0 1 0 0 0 1 1 1 1 1]
 [0 1 0 1 1 1 0 1 0 1]
 [1 1 1 1 0 1 1 1 0 0]
 [0 1 1 1 0 1 1 1 0 1]
 [1 1 1 1 0 1 1 1 1 1]
 [1 0 1 0 1 0 1 1 0 1]
 [0 1 1 1 1 0 1 1 1 1]
 [1 0 1 1 1 1 1 1 0 1]
 [1 1 1 1 1 1 0 0 0 1]
 [0 1 1 0 1 1 1 1 1 1]
 [0 0 1 1 0 1 0 0 0 1]
 [1 1 0 1 1 0 1 1 1 1]
 [1 1 1 1 0 1 1 0 0 1]
 [0 1 1 1 1 1 0 1 0 0]
 [0 1 1 1 1 0 0 1 1 1]
 [1 1 0 1 1 0 0 0 1 0]
 [1 1 1 1 1 1 0 1 1 1]
 [1 0 0 0 1 1 1 0 1 1]
 [1 1 0 1 1 1 0 1 1 1]
 [0 1 1 1 1 1 1 1 0 1]
 [1 0 0 0 1 1 1 1 0 1]
 [1 0 1 1 0 0 1 0 1 1]
 [0 0 1 0 0 1 1 1 1 0]
 [0 0 1 1 0 1 0 1 0 1]
 [0 1 1 1 1 0 1 0 1 1]
 [0 0 1 1 1 1 0 1 1 1]
 [1 0 1 1 1 1 1 0 1 1]
 [1 1 0 1 1 1 1 0 0 0]]
{'restarts': 10, 'conflicts': 2770, 'decisions': 5581, 'propagations': 1622936}
Q is identifiable
branch at 6
runtime for solving id of Q is 0.3312413450330496
Simulation results:
{'J': 50, 'K': 10, 'N': 10, 'p': 0.7, 'seed': 530, 'sim': 7, 'runtime': 0.3312413450330496, 'identifiable': 1, 'branch': 6}
8
Q: [[1 1 1 1 1 1 1 0 0 0]
 [1 1 1 0 1 1 0 0 1 1]
 [1 0 0 1 1 1 1 0 1 0]
 [1 0 1 1 1 1 1 1 0 0]
 [1 1 0 1 1 1 0 1 1 1]
 [1 0 0 0 1 1 1 1 1 0]
 [1 1 1 0 1 1 1 0 1 0]
 [0 1 1 0 1 1 0 0 1 0]
 [1 1 1 1 1 1 1 0 0 1]
 [1 1 1 1 1 0 1 1 0 1]
 [1 1 1 1 1 1 1 0 0 1]
 [1 0 0 1 0 1 1 1 1 0]
 [1 0 1 1 1 0 1 1 1 1]
 [1 1 1 0 1 1 1 1 1 1]
 [0 1 0 0 1 0 0 1 1 1]
 [1 1 1 1 0 1 1 1 1 1]
 [1 0 1 0 1 1 1 1 1 1]
 [0 1 1 1 1 0 0 0 1 1]
 [1 1 1 0 1 1 0 0 1 1]
 [1 0 1 0 0 1 0 0 1 0]
 [1 1 1 0 1 1 0 1 0 1]
 [1 1 1 1 1 1 0 0 1 1]
 [1 1 1 1 0 0 1 1 1 1]
 [1 1 1 0 1 1 0 1 1 1]
 [0 1 1 0 0 0 1 0 0 1]
 [1 0 1 1 1 1 0 1 1 0]
 [1 1 1 0 0 1 1 1 0 1]
 [1 1 1 1 1 1 0 1 1 1]
 [0 1 0 1 0 1 0 0 1 1]
 [1 1 1 0 1 1 0 1 1 1]
 [1 1 1 1 1 1 1 1 0 1]
 [1 0 1 0 1 0 1 1 0 1]
 [1 0 0 1 1 1 0 0 1 0]
 [0 1 0 1 1 1 0 1 1 0]
 [1 1 1 1 0 1 1 0 1 1]
 [1 0 1 1 1 0 1 1 1 1]
 [0 1 0 0 0 1 1 1 0 1]
 [1 1 1 1 1 1 0 0 1 1]
 [1 0 1 1 1 1 1 1 0 1]
 [1 1 1 1 1 1 1 1 0 1]
 [1 1 0 0 0 0 1 1 0 1]
 [0 1 0 1 0 0 1 1 1 1]
 [1 1 1 1 1 1 1 0 1 1]
 [1 0 1 1 1 0 1 1 0 1]
 [1 1 0 0 1 0 1 1 1 0]
 [1 0 0 1 1 0 1 1 1 1]
 [1 1 1 1 0 1 1 1 1 0]
 [0 1 1 0 1 1 1 1 1 0]
 [0 1 0 1 0 1 1 0 1 1]
 [0 0 1 0 1 1 0 1 1 0]]
{'restarts': 18, 'conflicts': 9015, 'decisions': 15746, 'propagations': 4011818}
Q is identifiable
branch at 6
runtime for solving id of Q is 0.600499901920557
Simulation results:
{'J': 50, 'K': 10, 'N': 10, 'p': 0.7, 'seed': 530, 'sim': 8, 'runtime': 0.600499901920557, 'identifiable': 1, 'branch': 6}
9
Q: [[1 1 1 1 1 1 1 0 0 1]
 [1 0 1 1 0 1 0 0 1 0]
 [1 1 1 0 1 1 1 1 0 1]
 [1 1 0 1 0 1 0 1 0 1]
 [1 1 1 0 1 1 1 1 0 1]
 [1 0 0 1 1 0 1 1 1 1]
 [0 1 1 1 1 0 0 1 0 1]
 [1 0 1 0 1 0 0 1 1 1]
 [0 1 1 1 0 0 0 1 1 0]
 [1 1 0 0 1 0 1 0 1 0]
 [1 1 1 0 1 1 1 0 1 1]
 [0 1 1 1 1 1 1 1 0 1]
 [1 1 1 0 0 0 1 1 1 1]
 [1 1 1 1 1 1 1 0 1 1]
 [1 1 1 0 1 1 1 1 1 0]
 [1 0 1 0 1 0 1 0 1 0]
 [1 1 1 1 1 1 0 0 0 1]
 [1 0 1 0 1 1 1 1 0 1]
 [1 1 1 1 1 0 1 1 0 0]
 [1 1 0 1 0 1 0 1 0 1]
 [0 1 1 1 1 1 1 1 0 1]
 [0 1 1 1 1 1 0 1 0 0]
 [0 1 1 1 1 1 1 1 1 1]
 [1 1 0 1 1 1 1 1 1 1]
 [0 1 1 1 1 0 1 0 1 1]
 [1 0 1 1 1 1 1 1 1 1]
 [1 0 1 1 1 1 0 1 1 1]
 [1 1 0 1 1 1 1 1 1 1]
 [1 0 1 1 1 0 0 1 0 1]
 [1 1 0 1 1 1 1 1 1 1]
 [1 1 0 1 0 1 1 0 0 1]
 [1 1 0 0 1 0 1 1 1 1]
 [1 0 1 1 0 1 1 1 1 1]
 [1 1 1 1 0 0 0 1 0 1]
 [0 1 0 0 1 0 0 1 1 1]
 [1 1 1 1 1 1 1 1 0 1]
 [0 1 1 1 0 1 1 0 1 1]
 [1 0 1 1 0 0 0 1 1 1]
 [0 1 1 1 1 1 1 0 0 1]
 [1 1 0 1 1 0 0 1 1 1]
 [0 1 1 1 0 0 0 1 1 1]
 [0 1 0 1 0 1 1 1 1 1]
 [1 1 0 1 1 1 1 1 0 0]
 [1 1 0 0 1 1 1 1 1 1]
 [1 1 1 1 1 1 1 1 1 1]
 [0 0 1 1 0 1 1 1 1 1]
 [1 1 1 0 0 0 1 1 1 0]
 [0 1 0 0 0 0 1 1 0 1]
 [1 1 0 1 1 0 1 0 0 1]
 [1 1 1 0 1 0 1 1 1 1]]
{'restarts': 79, 'conflicts': 36049, 'decisions': 55341, 'propagations': 17374598}
Q is identifiable
branch at 6
runtime for solving id of Q is 3.1831853771582246
Simulation results:
{'J': 50, 'K': 10, 'N': 10, 'p': 0.7, 'seed': 530, 'sim': 9, 'runtime': 3.1831853771582246, 'identifiable': 1, 'branch': 6}
Simulation results:
[{'J': 50, 'K': 10, 'N': 10, 'p': 0.7, 'seed': 530, 'sim': 0, 'runtime': 0.820188220590353, 'identifiable': 1, 'branch': 6}, {'J': 50, 'K': 10, 'N': 10, 'p': 0.7, 'seed': 530, 'sim': 1, 'runtime': 2.1963553559035063, 'identifiable': 1, 'branch': 6}, {'J': 50, 'K': 10, 'N': 10, 'p': 0.7, 'seed': 530, 'sim': 2, 'runtime': 17.48846705816686, 'identifiable': 1, 'branch': 6}, {'J': 50, 'K': 10, 'N': 10, 'p': 0.7, 'seed': 530, 'sim': 3, 'runtime': 0.2695083860307932, 'identifiable': 1, 'branch': 6}, {'J': 50, 'K': 10, 'N': 10, 'p': 0.7, 'seed': 530, 'sim': 4, 'runtime': 0.17643683683127165, 'identifiable': 1, 'branch': 6}, {'J': 50, 'K': 10, 'N': 10, 'p': 0.7, 'seed': 530, 'sim': 5, 'runtime': 4.191717692650855, 'identifiable': 1, 'branch': 6}, {'J': 50, 'K': 10, 'N': 10, 'p': 0.7, 'seed': 530, 'sim': 6, 'runtime': 2.2961200829595327, 'identifiable': 1, 'branch': 6}, {'J': 50, 'K': 10, 'N': 10, 'p': 0.7, 'seed': 530, 'sim': 7, 'runtime': 0.3312413450330496, 'identifiable': 1, 'branch': 6}, {'J': 50, 'K': 10, 'N': 10, 'p': 0.7, 'seed': 530, 'sim': 8, 'runtime': 0.600499901920557, 'identifiable': 1, 'branch': 6}, {'J': 50, 'K': 10, 'N': 10, 'p': 0.7, 'seed': 530, 'sim': 9, 'runtime': 3.1831853771582246, 'identifiable': 1, 'branch': 6}]
