
The Gurobi software has a limited number of licenses. To request a license or
licenses, add this line

    #SBATCH --licenses=gurobi@slurmdb:1

to your SBATCH script, replacing N with the number of licenses you need. Gurobi
will need one license per process.


0
Q: [[1 1 1 0 1 1 1 0 1 1]
 [0 1 1 1 1 1 1 0 1 1]
 [1 0 1 1 1 1 1 1 0 1]
 [0 1 1 1 0 1 1 1 1 1]
 [1 1 1 0 1 1 0 0 0 1]
 [1 0 1 1 1 1 1 0 1 1]
 [1 0 1 1 1 1 1 1 1 1]
 [0 1 1 1 0 0 0 0 1 1]
 [1 1 0 1 1 1 1 1 0 0]
 [1 1 0 0 1 1 1 1 1 1]
 [0 1 1 1 0 0 0 1 0 0]
 [1 1 1 0 1 0 0 1 1 1]
 [1 0 0 1 0 0 1 1 1 1]
 [0 0 0 1 1 0 0 1 1 0]
 [0 1 1 1 1 0 0 1 0 1]
 [1 0 0 1 0 0 1 1 1 0]
 [0 1 1 0 1 0 1 1 1 1]
 [0 0 1 1 0 0 1 0 1 1]
 [1 1 1 1 1 1 1 0 1 1]
 [0 0 1 0 1 1 1 1 1 1]
 [1 1 0 1 1 1 1 0 0 1]
 [1 0 1 1 0 1 1 1 1 0]
 [0 1 1 1 1 0 1 1 1 0]
 [0 0 0 1 1 0 1 0 0 0]
 [1 1 0 1 1 1 1 0 0 1]
 [1 1 0 1 1 1 1 1 1 0]
 [0 1 1 1 1 0 1 1 1 1]
 [1 0 0 1 1 0 1 1 1 0]
 [1 0 0 0 1 1 0 1 1 0]
 [1 1 1 1 1 1 1 1 1 1]
 [0 1 1 1 1 0 1 1 1 0]
 [1 1 0 1 1 1 0 1 1 0]
 [1 1 1 1 1 0 1 1 1 1]
 [1 1 1 1 1 0 1 1 0 1]
 [1 1 1 1 1 1 1 1 1 1]
 [0 0 1 1 0 1 1 1 1 1]
 [1 1 0 1 0 1 1 0 1 0]
 [1 0 1 0 0 1 1 1 1 1]
 [1 0 1 0 1 1 1 0 1 1]
 [1 1 1 0 1 0 1 1 1 1]
 [1 0 1 1 1 1 0 1 1 1]
 [0 1 0 0 1 1 0 1 1 0]
 [1 1 0 0 0 0 1 1 0 1]
 [0 1 1 1 0 1 0 1 1 0]
 [1 1 1 1 0 0 0 1 0 1]
 [1 1 1 0 1 1 0 1 1 0]
 [1 1 1 0 1 1 1 0 1 0]
 [1 1 1 0 1 0 1 1 1 1]
 [1 1 0 1 1 0 0 1 0 1]
 [0 1 1 1 0 0 1 1 1 1]]
{'restarts': 22, 'conflicts': 7531, 'decisions': 12589, 'propagations': 3815659}
Q is identifiable
branch at 6
runtime for solving id of Q is 0.607940006069839
Simulation results:
{'J': 50, 'K': 10, 'N': 10, 'p': 0.7, 'seed': 127, 'sim': 0, 'runtime': 0.607940006069839, 'identifiable': 1, 'branch': 6}
1
Q: [[1 0 1 1 1 1 1 0 1 1]
 [1 1 1 1 1 1 1 1 1 1]
 [0 1 0 1 1 0 1 1 1 1]
 [0 1 1 0 1 1 1 1 1 1]
 [1 0 0 0 0 0 1 1 1 1]
 [0 1 0 1 0 1 0 1 1 1]
 [0 0 0 1 1 0 1 1 1 1]
 [1 1 1 0 1 1 0 0 1 1]
 [0 1 1 1 0 1 1 1 1 0]
 [0 1 0 0 1 0 0 1 1 1]
 [1 1 1 1 1 1 0 0 1 1]
 [1 1 1 0 1 1 1 0 1 1]
 [0 0 1 0 1 1 1 1 1 1]
 [1 1 1 0 1 0 1 0 1 1]
 [0 0 1 0 1 0 0 1 1 1]
 [1 1 1 1 0 1 1 1 1 1]
 [1 1 1 1 1 1 1 1 1 1]
 [1 1 1 1 1 1 1 0 0 0]
 [0 1 1 1 1 1 1 1 1 1]
 [0 1 0 1 0 1 1 1 1 0]
 [1 1 1 1 1 1 1 1 1 0]
 [1 1 1 1 0 1 1 1 0 1]
 [1 1 0 1 1 1 1 1 0 1]
 [0 1 0 0 1 1 1 1 1 1]
 [1 0 1 1 1 1 0 1 1 1]
 [1 1 1 1 1 0 0 0 0 1]
 [0 0 1 1 1 1 1 1 1 1]
 [1 0 0 1 1 0 1 1 1 0]
 [1 1 1 0 0 0 0 1 1 1]
 [1 1 1 1 1 1 1 1 1 0]
 [1 0 1 1 1 0 0 1 1 1]
 [1 0 0 1 1 1 1 0 1 1]
 [1 1 1 1 1 1 1 1 1 1]
 [1 1 0 0 0 1 1 0 0 1]
 [1 0 1 1 0 1 1 1 1 1]
 [1 1 1 1 1 1 0 0 1 1]
 [1 0 1 0 1 1 1 0 0 1]
 [0 1 0 0 0 1 1 1 1 1]
 [1 1 0 1 1 1 1 0 1 0]
 [0 0 0 1 1 1 1 0 0 1]
 [1 0 1 1 1 1 1 1 1 1]
 [0 0 1 0 1 1 0 1 0 1]
 [0 1 0 1 1 0 1 0 1 1]
 [0 0 1 1 0 0 1 1 1 0]
 [1 0 1 1 1 0 1 1 1 1]
 [1 1 1 1 1 1 1 0 1 1]
 [1 1 1 1 1 1 0 1 1 0]
 [0 1 1 1 1 1 1 1 1 1]
 [1 0 1 0 1 0 1 1 0 1]
 [1 1 1 1 1 1 1 1 1 0]]
{'restarts': 43, 'conflicts': 24747, 'decisions': 38766, 'propagations': 10751148}
Q is identifiable
branch at 6
runtime for solving id of Q is 1.9377809204161167
Simulation results:
{'J': 50, 'K': 10, 'N': 10, 'p': 0.7, 'seed': 127, 'sim': 1, 'runtime': 1.9377809204161167, 'identifiable': 1, 'branch': 6}
2
Q: [[1 1 0 0 0 1 0 1 0 1]
 [1 1 1 0 1 1 1 1 1 0]
 [1 1 1 1 1 1 1 0 1 1]
 [0 1 1 0 1 0 1 0 0 1]
 [1 1 0 1 0 0 1 1 1 0]
 [0 0 1 1 0 1 1 1 0 1]
 [0 0 0 1 1 1 1 0 1 0]
 [0 1 1 0 1 1 1 1 1 0]
 [1 1 0 1 1 1 0 1 1 1]
 [1 1 0 0 1 0 1 0 1 1]
 [1 0 1 1 1 1 1 0 0 0]
 [1 1 1 0 1 0 0 1 1 0]
 [1 1 0 1 1 0 1 0 1 0]
 [0 1 1 1 1 1 1 0 0 1]
 [0 1 1 1 1 1 1 1 1 1]
 [1 1 0 0 0 1 1 0 1 0]
 [1 0 1 1 1 1 1 1 1 0]
 [1 0 1 1 0 1 0 1 1 1]
 [1 1 1 1 1 0 1 0 0 1]
 [0 1 1 0 1 0 1 1 0 1]
 [1 1 1 1 1 0 1 1 1 1]
 [0 1 1 0 0 1 0 1 1 0]
 [0 1 0 1 1 0 1 1 0 0]
 [0 1 1 1 0 0 1 1 0 1]
 [1 1 1 0 0 1 1 1 0 0]
 [1 0 1 0 0 1 1 1 1 0]
 [0 1 1 1 1 1 1 1 1 1]
 [1 0 0 1 1 1 1 1 1 0]
 [1 1 0 1 1 1 0 1 1 0]
 [1 0 1 0 1 0 0 1 1 1]
 [1 1 1 0 1 0 1 1 0 1]
 [1 1 1 0 1 1 0 0 0 1]
 [1 1 1 1 0 0 0 0 1 0]
 [1 1 1 1 1 0 1 1 1 0]
 [0 1 1 1 1 1 1 1 1 0]
 [1 1 0 0 1 1 0 1 1 1]
 [1 0 0 0 1 1 0 1 1 1]
 [0 1 1 1 1 1 1 1 1 1]
 [1 1 1 1 1 1 1 0 0 0]
 [1 1 1 0 1 0 1 1 0 1]
 [1 0 1 1 1 1 1 1 0 1]
 [0 0 1 1 1 1 0 1 1 0]
 [1 1 1 1 1 0 1 1 0 0]
 [1 1 1 0 1 0 1 0 1 1]
 [1 1 0 1 1 1 1 1 1 1]
 [1 0 0 0 1 0 1 0 1 1]
 [1 1 1 0 1 0 1 1 1 1]
 [1 1 1 1 0 1 1 1 1 1]
 [1 0 0 0 1 1 1 1 1 1]
 [1 1 0 1 0 0 1 1 0 1]]
{'restarts': 53, 'conflicts': 18387, 'decisions': 29833, 'propagations': 10287352}
Q is identifiable
branch at 6
runtime for solving id of Q is 1.5654266439378262
Simulation results:
{'J': 50, 'K': 10, 'N': 10, 'p': 0.7, 'seed': 127, 'sim': 2, 'runtime': 1.5654266439378262, 'identifiable': 1, 'branch': 6}
3
Q: [[0 1 1 1 1 1 1 1 0 0]
 [1 1 1 1 1 1 1 1 1 0]
 [1 1 1 0 0 0 0 1 1 1]
 [0 1 0 0 0 1 1 1 0 1]
 [1 1 0 0 1 0 1 0 1 1]
 [1 1 1 1 1 1 1 1 0 1]
 [1 1 1 1 1 1 1 1 0 0]
 [1 0 1 1 1 1 1 1 1 0]
 [0 0 1 0 1 1 1 1 1 1]
 [1 1 0 1 1 1 1 1 1 1]
 [1 0 0 1 1 1 0 1 1 0]
 [1 1 1 1 1 0 1 1 1 1]
 [1 1 1 1 1 0 1 1 1 1]
 [1 1 0 1 1 1 1 1 1 1]
 [1 1 1 1 1 1 0 0 1 1]
 [1 0 0 0 0 1 1 1 1 0]
 [1 0 0 1 1 1 1 1 0 1]
 [1 0 1 1 1 1 0 1 1 1]
 [1 1 1 0 1 1 1 1 1 1]
 [1 1 0 1 1 0 1 1 1 1]
 [1 0 1 1 0 1 0 1 1 1]
 [1 0 0 1 1 1 1 1 1 0]
 [1 0 0 0 0 1 1 1 1 1]
 [1 0 1 1 1 1 1 1 1 1]
 [1 1 0 1 1 0 1 0 1 1]
 [1 1 1 1 1 0 0 0 1 1]
 [1 1 0 1 0 0 1 1 1 0]
 [0 1 1 0 1 0 0 1 1 1]
 [0 1 1 1 0 1 1 0 1 1]
 [1 0 1 1 0 1 1 0 0 1]
 [1 1 1 1 0 1 1 1 1 1]
 [1 0 1 1 1 1 1 0 0 0]
 [0 1 1 1 1 0 1 1 0 0]
 [1 1 0 1 0 0 0 0 1 1]
 [1 1 0 1 1 1 0 1 1 1]
 [1 0 0 0 0 1 0 0 0 1]
 [1 0 1 0 1 1 1 1 1 1]
 [1 1 1 1 1 1 1 0 0 0]
 [1 1 1 1 0 0 1 1 1 1]
 [1 0 0 1 1 1 1 0 0 1]
 [1 1 0 1 1 1 1 1 1 1]
 [1 1 0 1 1 0 1 0 1 0]
 [0 1 1 1 1 1 0 1 1 0]
 [1 1 1 1 1 1 0 1 1 1]
 [1 1 1 0 0 1 1 1 0 1]
 [1 0 0 0 1 0 0 0 0 0]
 [1 1 1 0 1 1 1 1 1 1]
 [1 0 1 1 1 1 1 1 1 1]
 [1 1 1 1 0 1 1 1 1 1]
 [0 0 1 1 1 1 1 1 1 1]]
{'restarts': 770, 'conflicts': 183180, 'decisions': 251951, 'propagations': 68469498}
Q is identifiable
branch at 6
runtime for solving id of Q is 19.052237107418478
Simulation results:
{'J': 50, 'K': 10, 'N': 10, 'p': 0.7, 'seed': 127, 'sim': 3, 'runtime': 19.052237107418478, 'identifiable': 1, 'branch': 6}
4
Q: [[0 0 1 1 1 1 0 1 0 1]
 [1 1 0 1 1 0 1 1 1 1]
 [1 0 1 0 1 1 0 1 0 0]
 [1 1 1 1 0 1 0 1 1 1]
 [1 1 0 0 0 1 1 0 1 0]
 [1 1 1 1 1 1 1 1 1 0]
 [1 1 1 1 0 0 1 0 0 1]
 [1 1 0 1 0 1 1 0 1 0]
 [1 1 1 1 0 1 0 1 1 1]
 [1 1 0 0 0 1 1 0 1 1]
 [1 1 0 0 1 1 1 1 1 1]
 [1 1 0 1 1 1 1 1 1 1]
 [1 1 1 0 0 1 0 1 1 0]
 [1 1 1 0 1 0 1 1 0 1]
 [1 1 0 1 1 0 1 1 1 1]
 [1 0 1 0 1 1 1 0 1 0]
 [1 1 1 0 1 0 1 0 1 1]
 [0 1 1 1 0 1 1 0 0 1]
 [1 1 1 1 0 1 0 1 1 1]
 [1 1 1 1 1 1 1 1 0 0]
 [1 1 1 1 1 0 0 0 1 1]
 [1 0 1 0 1 1 0 1 1 0]
 [1 1 1 1 1 0 0 0 1 1]
 [1 1 1 0 1 1 1 0 0 1]
 [0 1 0 1 1 1 1 1 1 1]
 [1 1 1 0 0 0 0 0 1 0]
 [0 0 0 1 0 0 0 1 1 1]
 [1 1 1 1 0 1 1 0 1 0]
 [1 1 1 1 1 1 1 0 1 1]
 [0 1 0 1 1 1 1 1 1 1]
 [0 1 0 0 0 1 1 1 1 0]
 [0 0 1 1 1 1 1 1 1 0]
 [1 1 1 0 1 1 1 1 1 1]
 [0 0 1 0 1 1 1 1 0 1]
 [1 1 1 1 1 1 1 1 1 0]
 [0 1 1 0 1 1 1 1 1 0]
 [1 1 1 1 1 1 1 1 1 1]
 [1 1 1 1 1 0 1 1 1 0]
 [1 1 1 0 1 0 1 1 0 1]
 [1 1 1 1 1 1 1 0 1 1]
 [0 1 0 0 1 0 1 0 1 1]
 [0 0 1 1 0 1 0 1 1 1]
 [0 1 1 1 1 1 1 1 1 0]
 [1 1 1 1 0 0 1 1 1 1]
 [1 0 1 1 0 1 0 1 0 1]
 [1 0 1 1 1 1 1 1 0 1]
 [1 1 1 1 1 0 1 1 1 1]
 [1 1 1 1 1 1 0 1 0 1]
 [0 1 1 1 1 1 1 0 1 1]
 [1 0 1 0 1 1 1 0 1 0]]
{'restarts': 5, 'conflicts': 740, 'decisions': 2333, 'propagations': 261349}
Q is not identifiable, and Q_bar is [[0 0 1 1 0 1 0 1 0 1]
 [1 0 1 1 0 0 1 1 1 1]
 [0 1 1 0 0 1 0 1 0 0]
 [1 1 0 1 0 1 0 1 1 1]
 [1 0 0 0 1 0 0 0 1 0]
 [0 1 1 1 1 1 1 1 1 0]
 [0 1 0 1 0 0 1 0 0 1]
 [1 0 0 1 1 0 0 0 1 0]
 [1 1 0 1 0 1 0 1 1 1]
 [1 0 0 0 1 0 1 0 1 1]
 [1 0 1 0 1 0 1 1 1 1]
 [1 0 1 1 1 0 1 1 1 1]
 [1 0 0 0 0 1 0 1 1 0]
 [0 1 1 0 0 0 1 1 0 1]
 [1 0 1 1 0 0 1 1 1 1]
 [0 1 1 0 1 0 0 0 1 0]
 [1 1 1 0 0 0 1 0 1 1]
 [0 0 0 1 0 1 1 0 0 1]
 [1 1 0 1 0 1 0 1 1 1]
 [0 1 1 1 1 0 1 1 0 0]
 [1 1 1 1 0 0 0 0 1 1]
 [0 1 1 0 0 1 0 1 1 0]
 [1 1 1 1 0 0 0 0 1 1]
 [1 0 1 0 1 1 1 0 0 1]
 [0 0 1 1 1 0 1 1 1 1]
 [1 1 0 0 0 0 0 0 1 0]
 [0 0 0 1 0 0 0 1 1 1]
 [1 1 0 1 1 0 0 0 1 0]
 [0 1 1 1 1 1 1 0 1 1]
 [0 0 1 1 1 0 1 1 1 1]
 [0 0 0 0 1 0 1 1 1 0]
 [0 0 1 1 1 1 0 1 1 0]
 [0 1 1 0 1 1 1 1 1 1]
 [0 0 1 0 1 1 0 1 0 1]
 [0 1 1 1 1 1 1 1 1 0]
 [0 0 1 0 1 1 1 1 1 0]
 [0 1 1 1 1 1 1 1 1 1]
 [0 1 1 1 0 0 1 1 1 0]
 [0 1 1 0 0 0 1 1 0 1]
 [0 1 1 1 1 1 1 0 1 1]
 [0 0 1 0 0 0 1 0 1 1]
 [0 0 0 1 0 1 0 1 1 1]
 [0 0 1 1 1 1 1 1 1 0]
 [0 1 0 1 0 0 1 1 1 1]
 [0 1 0 1 0 1 0 1 0 1]
 [0 1 1 1 1 1 0 1 0 1]
 [1 1 1 1 0 0 1 1 1 1]
 [1 1 1 1 0 1 0 1 0 1]
 [0 0 1 1 0 1 1 0 1 1]
 [0 1 1 0 1 0 0 0 1 0]]
branch at 5
runtime for solving id of Q is 0.08704075869172812
Simulation results:
{'J': 50, 'K': 10, 'N': 10, 'p': 0.7, 'seed': 127, 'sim': 4, 'runtime': 0.08704075869172812, 'identifiable': 0, 'branch': 5}
5
Q: [[1 1 1 1 1 1 1 1 0 1]
 [1 1 1 1 1 1 1 1 1 0]
 [1 0 0 0 0 1 0 1 1 0]
 [1 1 1 1 0 0 1 1 0 0]
 [0 1 1 1 1 1 1 1 1 0]
 [0 1 1 0 0 1 1 1 0 1]
 [1 0 0 1 1 1 0 1 1 1]
 [0 1 1 0 0 1 1 1 1 1]
 [0 0 0 0 0 0 1 1 1 1]
 [1 1 0 1 0 1 0 1 1 0]
 [1 0 0 1 0 1 0 0 1 0]
 [1 1 0 1 1 0 1 1 1 1]
 [1 1 1 0 1 0 1 1 1 0]
 [1 1 1 0 1 1 0 1 1 1]
 [1 0 1 1 1 1 1 1 1 0]
 [0 1 1 0 0 1 1 1 1 1]
 [1 1 1 1 1 1 1 0 1 0]
 [1 1 1 1 1 1 0 1 1 1]
 [1 1 1 0 1 1 1 1 1 1]
 [1 1 1 0 1 1 1 1 0 1]
 [0 1 1 1 0 1 0 0 1 1]
 [0 0 1 1 0 1 1 1 1 0]
 [0 0 1 1 1 0 0 1 1 0]
 [1 0 1 1 1 1 1 0 1 1]
 [1 1 1 1 0 1 1 1 0 0]
 [0 1 1 1 1 0 0 1 1 0]
 [1 1 0 1 0 1 1 0 1 1]
 [1 1 1 1 0 0 1 1 1 0]
 [0 1 1 1 1 0 0 1 0 1]
 [1 0 0 0 1 1 1 1 1 0]
 [1 1 1 1 1 1 1 1 1 1]
 [0 1 0 1 0 1 1 1 1 0]
 [1 1 1 1 0 0 0 0 0 1]
 [1 1 0 0 1 0 1 1 1 0]
 [0 0 1 1 0 1 1 1 0 1]
 [1 0 1 0 1 1 0 1 0 0]
 [1 1 0 0 1 1 1 0 0 0]
 [0 1 1 0 0 1 1 1 1 1]
 [0 1 1 1 1 1 1 1 0 1]
 [1 1 1 1 0 1 1 1 1 1]
 [1 0 1 1 0 1 1 1 1 1]
 [0 1 0 0 1 1 0 0 0 0]
 [1 1 1 1 1 1 1 1 1 1]
 [1 0 1 1 1 0 0 1 0 1]
 [1 0 1 1 1 1 0 0 1 0]
 [1 1 0 1 1 1 1 0 1 0]
 [0 1 0 1 1 0 0 1 1 0]
 [1 0 1 1 1 0 1 1 0 1]
 [1 1 1 1 1 0 0 1 1 1]
 [1 1 0 1 1 1 1 1 0 1]]
{'restarts': 32, 'conflicts': 9862, 'decisions': 16964, 'propagations': 4744546}
Q is identifiable
branch at 6
runtime for solving id of Q is 0.7584078405052423
Simulation results:
{'J': 50, 'K': 10, 'N': 10, 'p': 0.7, 'seed': 127, 'sim': 5, 'runtime': 0.7584078405052423, 'identifiable': 1, 'branch': 6}
6
Q: [[0 1 1 1 1 0 1 1 0 1]
 [1 0 1 0 1 0 1 0 0 1]
 [1 1 1 1 1 0 1 1 1 1]
 [1 1 0 1 1 1 0 0 1 1]
 [0 0 0 1 1 1 0 1 1 0]
 [1 1 1 0 1 0 1 1 1 1]
 [1 0 1 0 1 1 1 0 0 1]
 [0 0 0 1 1 1 0 0 1 1]
 [1 0 0 0 1 1 0 1 1 1]
 [0 0 0 1 1 0 0 0 1 1]
 [0 0 0 1 0 0 0 1 1 1]
 [1 1 1 1 1 0 1 1 1 1]
 [1 1 0 1 1 1 0 1 1 1]
 [1 0 0 1 1 0 1 0 1 1]
 [1 1 1 1 1 0 1 0 1 0]
 [0 0 1 0 1 1 1 1 0 0]
 [1 0 1 1 1 1 1 1 0 1]
 [1 0 1 1 1 0 1 1 1 1]
 [1 1 1 0 0 1 0 0 0 0]
 [0 1 0 1 1 0 1 1 0 1]
 [0 1 1 0 1 0 0 1 0 0]
 [1 0 1 1 1 1 1 1 1 1]
 [1 1 1 1 0 1 1 1 0 0]
 [1 0 1 1 1 1 1 1 0 0]
 [0 1 0 0 0 1 1 1 1 1]
 [1 0 0 1 1 1 1 1 1 1]
 [0 1 0 0 1 1 1 1 1 0]
 [0 1 1 1 1 1 1 0 1 1]
 [1 0 1 1 0 1 0 1 1 1]
 [1 0 1 1 1 0 1 0 1 0]
 [1 1 1 1 1 0 1 1 1 0]
 [1 1 1 1 0 0 1 1 1 1]
 [0 0 1 1 1 1 1 1 1 0]
 [0 0 1 0 1 1 1 1 1 1]
 [1 0 1 1 1 1 1 0 1 0]
 [1 1 0 1 0 0 1 1 1 1]
 [0 1 0 0 1 0 1 1 1 1]
 [0 1 1 1 1 0 0 1 1 0]
 [0 0 0 0 0 1 1 1 1 1]
 [1 1 1 0 1 1 1 0 1 1]
 [1 1 1 1 1 1 1 1 0 0]
 [1 1 1 0 1 1 1 1 1 0]
 [1 0 1 1 1 1 0 1 1 1]
 [1 1 1 1 0 1 1 1 1 1]
 [1 1 0 1 1 1 0 1 0 1]
 [0 1 1 0 1 1 1 0 0 0]
 [1 0 1 1 1 0 0 1 0 0]
 [1 0 1 1 1 0 0 0 1 0]
 [1 0 0 1 1 1 0 1 0 1]
 [0 0 1 1 1 1 1 1 1 1]]
{'restarts': 12, 'conflicts': 2405, 'decisions': 5380, 'propagations': 1344334}
Q is identifiable
branch at 6
runtime for solving id of Q is 0.2183009209111333
Simulation results:
{'J': 50, 'K': 10, 'N': 10, 'p': 0.7, 'seed': 127, 'sim': 6, 'runtime': 0.2183009209111333, 'identifiable': 1, 'branch': 6}
7
Q: [[1 1 1 1 1 0 0 1 0 1]
 [0 1 1 1 1 0 0 1 1 1]
 [1 0 1 1 1 1 0 0 0 1]
 [1 1 1 1 1 1 0 0 1 1]
 [1 1 1 1 0 0 1 0 1 1]
 [1 1 0 1 0 1 1 1 1 0]
 [1 1 1 1 1 1 1 1 0 1]
 [1 1 1 1 1 1 0 1 1 1]
 [1 0 1 0 0 1 1 1 1 1]
 [1 1 1 1 1 1 0 1 1 1]
 [1 0 1 1 1 1 1 0 1 0]
 [0 1 1 1 1 1 1 1 1 0]
 [1 1 0 1 1 1 0 1 0 1]
 [1 0 1 0 1 1 1 0 1 0]
 [0 0 1 0 1 1 0 0 0 1]
 [0 1 0 0 0 1 1 1 1 1]
 [1 1 1 1 1 1 1 0 1 0]
 [0 1 0 1 1 1 0 1 1 1]
 [1 1 1 0 1 0 1 1 1 1]
 [1 1 0 1 1 1 1 1 1 0]
 [1 1 0 1 1 0 1 1 0 0]
 [0 0 1 1 1 1 0 1 1 1]
 [1 1 1 1 1 1 0 1 1 1]
 [0 0 1 1 1 1 1 0 0 1]
 [1 0 1 1 1 1 0 0 0 1]
 [0 0 1 1 1 0 0 1 1 0]
 [0 1 1 0 1 1 0 1 1 1]
 [0 1 1 0 0 1 0 0 0 0]
 [1 1 1 1 1 0 0 0 1 1]
 [0 1 1 0 1 1 0 0 1 1]
 [1 0 0 1 1 0 1 1 1 0]
 [1 1 1 1 0 1 1 1 1 1]
 [0 1 0 0 1 0 1 1 1 0]
 [1 0 1 1 1 1 0 1 1 1]
 [0 1 0 1 0 1 0 1 1 0]
 [1 1 1 1 0 1 0 1 0 1]
 [1 0 0 1 1 1 1 0 1 1]
 [1 1 0 1 0 0 1 1 1 1]
 [0 1 1 1 1 0 1 1 0 1]
 [1 1 1 1 0 1 1 1 1 1]
 [0 1 1 0 1 0 1 1 1 1]
 [0 1 1 1 0 0 0 0 1 0]
 [1 1 1 1 0 1 0 1 1 1]
 [0 0 0 1 1 1 1 1 1 1]
 [0 1 1 0 1 1 0 1 0 1]
 [0 1 1 1 1 0 1 1 1 0]
 [0 1 0 1 1 1 1 1 1 1]
 [1 1 1 0 1 0 1 1 1 1]
 [0 1 0 1 0 1 1 1 0 0]
 [1 1 1 1 1 1 0 1 0 1]]
{'restarts': 89, 'conflicts': 44753, 'decisions': 64190, 'propagations': 22541396}
Q is identifiable
branch at 6
runtime for solving id of Q is 3.9794430565088987
Simulation results:
{'J': 50, 'K': 10, 'N': 10, 'p': 0.7, 'seed': 127, 'sim': 7, 'runtime': 3.9794430565088987, 'identifiable': 1, 'branch': 6}
8
Q: [[1 1 1 1 1 1 1 1 1 1]
 [0 0 0 1 1 1 1 1 0 1]
 [1 1 0 1 0 0 1 1 1 1]
 [0 1 1 1 1 1 1 1 1 1]
 [0 1 0 1 0 1 1 0 1 1]
 [1 1 0 1 0 1 1 1 1 1]
 [0 1 1 0 1 1 1 1 1 1]
 [1 0 0 1 1 0 1 1 1 1]
 [1 0 0 1 1 0 0 1 1 1]
 [0 1 0 1 1 1 1 1 0 0]
 [1 1 1 1 0 1 1 1 1 1]
 [0 1 1 0 0 1 0 0 1 1]
 [0 1 1 0 1 0 1 1 0 1]
 [0 1 1 1 1 1 1 1 0 1]
 [0 0 1 1 0 0 1 1 1 1]
 [0 0 1 0 0 0 0 1 0 1]
 [0 1 0 1 0 0 1 1 1 0]
 [1 0 1 1 0 1 0 0 1 1]
 [1 0 0 0 1 0 1 1 1 1]
 [1 0 0 1 1 1 1 1 1 1]
 [0 1 1 1 1 0 1 1 1 0]
 [0 1 1 0 1 1 0 1 1 1]
 [0 1 1 0 1 0 1 1 0 1]
 [1 1 0 1 1 1 1 1 0 1]
 [1 1 1 0 0 0 1 1 1 0]
 [1 1 1 1 1 0 1 1 0 1]
 [0 1 1 1 0 1 1 0 1 1]
 [0 0 1 0 0 0 0 1 1 1]
 [1 1 1 0 1 1 0 1 1 1]
 [0 1 1 1 1 1 0 0 1 0]
 [0 0 1 0 0 1 1 1 1 1]
 [0 1 1 0 1 1 1 0 0 1]
 [1 0 0 1 1 1 1 0 0 1]
 [1 0 1 1 1 1 0 1 0 1]
 [1 1 1 1 1 1 0 1 1 0]
 [0 1 0 1 0 0 0 1 1 1]
 [1 0 1 1 1 1 1 0 1 0]
 [0 1 1 1 1 1 1 1 0 0]
 [1 1 0 0 1 0 1 0 1 1]
 [1 1 1 1 1 1 1 1 1 0]
 [1 1 1 1 1 1 1 1 1 0]
 [1 0 0 1 1 1 1 1 1 1]
 [1 0 0 1 1 0 1 1 1 1]
 [1 1 0 1 0 1 1 1 0 0]
 [1 1 0 0 1 1 0 1 1 0]
 [1 0 1 1 1 1 1 1 1 0]
 [0 1 0 0 1 1 0 0 1 1]
 [1 1 0 1 1 1 1 1 1 1]
 [1 0 1 1 1 0 1 1 0 1]
 [1 0 0 0 1 1 1 1 1 0]]
{'restarts': 19, 'conflicts': 5239, 'decisions': 10894, 'propagations': 2668122}
Q is identifiable
branch at 6
runtime for solving id of Q is 0.37235345784574747
Simulation results:
{'J': 50, 'K': 10, 'N': 10, 'p': 0.7, 'seed': 127, 'sim': 8, 'runtime': 0.37235345784574747, 'identifiable': 1, 'branch': 6}
9
Q: [[0 1 1 0 1 0 0 0 0 1]
 [1 1 0 1 1 1 1 1 1 1]
 [1 1 1 1 1 0 0 1 0 0]
 [1 0 1 1 0 1 0 1 0 1]
 [1 1 1 1 1 0 0 1 1 1]
 [1 0 1 1 1 1 0 1 0 1]
 [1 1 1 1 1 1 1 1 1 0]
 [0 1 1 0 1 1 1 1 0 1]
 [1 1 1 1 1 0 1 1 1 0]
 [0 1 1 0 1 1 1 1 1 0]
 [1 1 0 1 1 0 1 1 1 1]
 [1 1 0 0 1 0 1 0 1 1]
 [1 1 1 1 1 1 0 1 1 1]
 [1 0 1 0 1 1 1 1 1 1]
 [1 1 1 1 1 1 0 0 1 1]
 [1 1 1 1 1 1 1 1 1 0]
 [1 0 1 1 1 1 1 1 1 0]
 [0 1 1 1 1 0 1 1 0 0]
 [1 0 1 1 1 1 0 0 1 1]
 [1 1 0 1 1 1 1 1 1 1]
 [0 1 1 1 1 1 1 0 1 0]
 [0 1 0 1 0 0 1 0 0 1]
 [1 1 0 0 1 0 0 1 0 1]
 [1 1 1 1 0 1 1 1 1 0]
 [0 1 1 1 0 1 1 1 1 1]
 [1 0 0 1 0 1 1 1 1 1]
 [0 1 1 0 1 1 1 1 1 1]
 [1 1 1 1 1 1 0 1 1 0]
 [0 0 1 0 1 1 0 1 1 0]
 [1 1 1 0 0 1 1 1 1 1]
 [1 1 0 1 1 1 0 0 1 1]
 [0 1 1 1 1 1 1 1 0 1]
 [1 0 0 1 1 0 1 1 1 0]
 [1 1 1 0 1 1 1 1 0 0]
 [1 1 1 1 1 0 0 1 1 1]
 [1 1 1 1 0 0 1 1 1 1]
 [0 0 1 0 0 1 1 1 1 1]
 [0 0 0 1 0 1 1 0 1 1]
 [1 0 1 1 0 0 1 1 0 1]
 [1 1 1 1 1 1 1 0 1 1]
 [1 0 1 0 1 1 0 1 1 1]
 [1 1 1 1 0 1 0 1 1 0]
 [0 1 1 1 1 1 1 0 0 1]
 [1 1 1 1 1 1 0 1 1 1]
 [1 1 1 0 0 1 1 0 1 1]
 [1 1 1 0 1 0 0 1 1 0]
 [1 1 0 1 1 1 0 1 0 1]
 [1 0 1 0 1 1 0 0 1 0]
 [1 1 0 1 1 0 1 0 1 0]
 [1 0 1 1 1 1 1 0 0 1]]
{'restarts': 61, 'conflicts': 23763, 'decisions': 40840, 'propagations': 11368842}
Q is identifiable
branch at 6
runtime for solving id of Q is 1.9250219697132707
Simulation results:
{'J': 50, 'K': 10, 'N': 10, 'p': 0.7, 'seed': 127, 'sim': 9, 'runtime': 1.9250219697132707, 'identifiable': 1, 'branch': 6}
Simulation results:
[{'J': 50, 'K': 10, 'N': 10, 'p': 0.7, 'seed': 127, 'sim': 0, 'runtime': 0.607940006069839, 'identifiable': 1, 'branch': 6}, {'J': 50, 'K': 10, 'N': 10, 'p': 0.7, 'seed': 127, 'sim': 1, 'runtime': 1.9377809204161167, 'identifiable': 1, 'branch': 6}, {'J': 50, 'K': 10, 'N': 10, 'p': 0.7, 'seed': 127, 'sim': 2, 'runtime': 1.5654266439378262, 'identifiable': 1, 'branch': 6}, {'J': 50, 'K': 10, 'N': 10, 'p': 0.7, 'seed': 127, 'sim': 3, 'runtime': 19.052237107418478, 'identifiable': 1, 'branch': 6}, {'J': 50, 'K': 10, 'N': 10, 'p': 0.7, 'seed': 127, 'sim': 4, 'runtime': 0.08704075869172812, 'identifiable': 0, 'branch': 5}, {'J': 50, 'K': 10, 'N': 10, 'p': 0.7, 'seed': 127, 'sim': 5, 'runtime': 0.7584078405052423, 'identifiable': 1, 'branch': 6}, {'J': 50, 'K': 10, 'N': 10, 'p': 0.7, 'seed': 127, 'sim': 6, 'runtime': 0.2183009209111333, 'identifiable': 1, 'branch': 6}, {'J': 50, 'K': 10, 'N': 10, 'p': 0.7, 'seed': 127, 'sim': 7, 'runtime': 3.9794430565088987, 'identifiable': 1, 'branch': 6}, {'J': 50, 'K': 10, 'N': 10, 'p': 0.7, 'seed': 127, 'sim': 8, 'runtime': 0.37235345784574747, 'identifiable': 1, 'branch': 6}, {'J': 50, 'K': 10, 'N': 10, 'p': 0.7, 'seed': 127, 'sim': 9, 'runtime': 1.9250219697132707, 'identifiable': 1, 'branch': 6}]
