
The Gurobi software has a limited number of licenses. To request a license or
licenses, add this line

    #SBATCH --licenses=gurobi@slurmdb:1

to your SBATCH script, replacing N with the number of licenses you need. Gurobi
will need one license per process.


0
Q: [[0 0 0 0 0 0 0 0 0 0]
 [1 0 0 0 0 0 0 0 0 0]
 [1 0 0 0 0 1 0 0 0 0]
 [0 0 0 0 0 0 0 0 0 0]
 [0 0 0 0 0 0 0 0 0 0]
 [1 0 0 0 0 0 0 0 0 0]
 [0 0 0 0 0 0 0 0 0 0]
 [0 0 0 0 1 0 0 0 1 0]
 [0 0 0 0 0 0 0 0 1 0]
 [0 0 0 0 0 0 0 0 1 0]
 [0 0 0 1 0 1 0 0 0 0]
 [0 0 0 0 0 0 1 0 0 0]
 [0 0 1 0 0 0 0 0 0 0]
 [0 0 0 0 0 0 0 0 0 0]
 [0 0 0 0 0 0 0 0 0 0]
 [0 0 0 0 1 0 0 0 0 0]
 [0 1 1 0 0 0 0 0 0 0]
 [0 0 0 1 0 0 0 0 0 1]
 [0 0 0 0 0 0 0 1 0 0]
 [0 0 0 0 0 0 0 0 0 1]]
Q is not identifiable (two-column submatrix not identifiable).
Q is not identifiable, and Q_bar is [[0 0 0 0 0 0 0 0 0 0]
 [1 0 0 0 0 0 0 0 0 0]
 [1 0 0 0 0 1 0 0 0 0]
 [0 0 0 0 0 0 0 0 0 0]
 [0 0 0 0 0 0 0 0 0 0]
 [1 0 0 0 0 0 0 0 0 0]
 [0 0 0 0 0 0 0 0 0 0]
 [0 0 0 0 1 0 0 0 1 0]
 [0 0 0 0 0 0 0 0 1 0]
 [0 0 0 0 0 0 0 0 1 0]
 [0 0 0 1 0 1 0 0 0 0]
 [0 0 0 0 0 0 1 0 0 0]
 [0 0 1 0 0 0 0 0 0 0]
 [0 0 0 0 0 0 0 0 0 0]
 [0 0 0 0 0 0 0 0 0 0]
 [0 0 0 0 1 0 0 0 0 0]
 [0 1 0 0 0 0 0 0 0 0]
 [0 0 0 1 0 0 0 0 0 1]
 [0 0 0 0 0 0 0 1 0 0]
 [0 0 0 0 0 0 0 0 0 1]]
branch at 2
runtime for solving id of Q is 0.002368669956922531
Simulation results:
{'J': 20, 'K': 10, 'N': 10, 'p': 0.1, 'seed': 15, 'sim': 0, 'runtime': 0.002368669956922531, 'identifiable': 0, 'branch': 2}
1
Q: [[0 0 0 0 0 0 0 0 0 0]
 [0 0 0 0 0 0 1 0 0 0]
 [0 0 0 0 0 0 0 0 0 0]
 [0 1 0 0 0 0 0 0 0 0]
 [0 0 0 0 1 0 1 0 0 0]
 [1 0 0 0 0 0 0 0 0 0]
 [0 0 0 0 0 1 1 0 0 0]
 [0 0 0 1 0 0 1 1 0 0]
 [0 0 0 0 0 0 0 0 0 1]
 [0 1 0 0 0 1 0 0 0 0]
 [1 0 0 0 1 0 0 0 0 0]
 [0 1 0 0 0 0 0 0 0 0]
 [0 0 0 1 1 0 0 0 0 0]
 [0 0 0 0 0 0 0 0 1 0]
 [1 0 0 0 0 0 0 0 0 0]
 [0 0 0 0 0 0 0 0 0 0]
 [0 0 0 0 1 1 0 0 1 0]
 [0 0 0 0 0 0 0 0 0 0]
 [0 1 0 1 0 0 0 0 0 0]
 [0 0 0 1 0 0 0 0 1 0]]
Q is trivially not identifiable (all zero column).
Q is not identifiable, and Q_bar is [[0 0 0 0 0 0 0 0 0 0]
 [0 0 1 0 0 0 1 0 0 0]
 [0 0 0 0 0 0 0 0 0 0]
 [0 1 1 0 0 0 0 0 0 0]
 [0 0 1 0 1 0 1 0 0 0]
 [1 0 1 0 0 0 0 0 0 0]
 [0 0 1 0 0 1 1 0 0 0]
 [0 0 1 1 0 0 1 1 0 0]
 [0 0 1 0 0 0 0 0 0 1]
 [0 1 1 0 0 1 0 0 0 0]
 [1 0 1 0 1 0 0 0 0 0]
 [0 1 1 0 0 0 0 0 0 0]
 [0 0 1 1 1 0 0 0 0 0]
 [0 0 1 0 0 0 0 0 1 0]
 [1 0 1 0 0 0 0 0 0 0]
 [0 0 0 0 0 0 0 0 0 0]
 [0 0 1 0 1 1 0 0 1 0]
 [0 0 0 0 0 0 0 0 0 0]
 [0 1 1 1 0 0 0 0 0 0]
 [0 0 1 1 0 0 0 0 1 0]]
branch at 0
runtime for solving id of Q is 0.001538468524813652
Simulation results:
{'J': 20, 'K': 10, 'N': 10, 'p': 0.1, 'seed': 15, 'sim': 1, 'runtime': 0.001538468524813652, 'identifiable': 0, 'branch': 0}
2
Q: [[0 0 0 0 0 0 0 0 0 0]
 [0 0 0 0 0 0 0 0 0 0]
 [0 0 0 0 0 0 0 1 1 0]
 [0 0 0 0 0 0 0 0 0 0]
 [0 0 0 0 0 0 1 0 0 0]
 [0 0 0 0 1 0 0 0 0 0]
 [0 0 0 0 0 1 0 0 0 0]
 [0 0 0 0 0 0 0 0 0 0]
 [0 0 0 1 0 0 0 0 0 0]
 [0 0 0 0 0 0 0 0 0 0]
 [0 0 0 0 0 0 0 0 0 0]
 [0 0 0 0 0 0 0 0 0 0]
 [0 0 0 0 0 0 0 0 1 0]
 [0 0 1 0 0 0 0 0 0 0]
 [0 0 0 0 0 0 0 0 0 0]
 [0 0 0 0 0 0 0 0 0 0]
 [0 0 0 0 0 0 0 0 0 0]
 [0 0 0 0 0 0 0 0 0 0]
 [0 0 0 0 0 0 0 0 0 0]
 [0 0 0 0 0 0 0 0 0 0]]
Q_basis with dimensions J < K, thus not identifiable.
Q is not identifiable, and Q_bar is [[0 0 0 0 0 0 0 0 0 0]
 [0 0 0 0 0 0 0 0 0 0]
 [0 1 0 0 0 0 0 0 0 0]
 [0 0 0 0 0 0 0 0 0 0]
 [0 0 1 0 0 0 0 0 0 0]
 [0 0 0 0 1 0 0 0 0 0]
 [0 0 0 1 0 0 0 0 0 0]
 [0 0 0 0 0 0 0 0 0 0]
 [0 0 0 0 0 1 0 0 0 0]
 [0 0 0 0 0 0 0 0 0 0]
 [0 0 0 0 0 0 0 0 0 0]
 [0 0 0 0 0 0 0 0 0 0]
 [1 0 0 0 0 0 0 0 0 0]
 [0 0 0 0 0 0 1 0 0 0]
 [0 0 0 0 0 0 0 0 0 0]
 [0 0 0 0 0 0 0 0 0 0]
 [0 0 0 0 0 0 0 0 0 0]
 [0 0 0 0 0 0 0 0 0 0]
 [0 0 0 0 0 0 0 0 0 0]
 [0 0 0 0 0 0 0 0 0 0]]
branch at -1
runtime for solving id of Q is 0.000565655529499054
Simulation results:
{'J': 20, 'K': 10, 'N': 10, 'p': 0.1, 'seed': 15, 'sim': 2, 'runtime': 0.000565655529499054, 'identifiable': 0, 'branch': -1}
3
Q: [[0 0 0 0 0 0 0 0 0 0]
 [0 0 0 0 0 0 0 0 0 0]
 [0 0 0 0 0 0 0 0 0 0]
 [0 0 0 0 0 0 0 0 1 0]
 [0 0 0 0 0 0 0 0 0 0]
 [0 0 0 0 0 0 0 0 0 0]
 [0 0 0 0 0 0 0 0 0 0]
 [0 0 0 0 0 0 0 0 0 0]
 [0 0 0 0 0 0 0 0 0 0]
 [0 0 0 0 0 0 0 0 1 0]
 [0 0 0 1 0 0 0 1 0 0]
 [0 0 0 0 0 0 0 1 0 1]
 [0 0 0 0 0 0 0 0 0 0]
 [0 1 0 0 0 0 0 0 0 0]
 [1 0 1 0 0 0 1 0 0 0]
 [0 0 0 0 0 0 0 0 0 1]
 [0 0 1 0 0 0 0 1 0 0]
 [0 0 0 0 0 0 1 0 0 0]
 [0 0 0 0 0 1 0 0 0 0]
 [0 0 0 0 0 0 0 0 0 0]]
Q_basis with dimensions J < K, thus not identifiable.
Q is not identifiable, and Q_bar is [[0 0 0 0 0 0 0 0 0 0]
 [0 0 0 0 0 0 0 0 0 0]
 [0 0 0 0 0 0 0 0 0 0]
 [0 1 0 0 0 0 0 0 0 0]
 [0 0 0 0 0 0 0 0 0 0]
 [0 0 0 0 0 0 0 0 0 0]
 [0 0 0 0 0 0 0 0 0 0]
 [0 0 0 0 0 0 0 0 0 0]
 [0 0 0 0 0 0 0 0 0 0]
 [0 1 0 0 0 0 0 0 0 0]
 [0 0 0 0 0 1 0 0 0 0]
 [0 0 1 0 0 0 0 0 0 0]
 [0 0 0 0 0 0 0 0 0 0]
 [0 0 0 0 0 0 0 1 0 0]
 [0 0 0 0 0 0 0 0 1 0]
 [1 0 0 0 0 0 0 0 0 0]
 [0 0 0 0 0 0 1 0 0 0]
 [0 0 0 1 0 0 0 0 0 0]
 [0 0 0 0 1 0 0 0 0 0]
 [0 0 0 0 0 0 0 0 0 0]]
branch at -1
runtime for solving id of Q is 0.0008206311613321304
Simulation results:
{'J': 20, 'K': 10, 'N': 10, 'p': 0.1, 'seed': 15, 'sim': 3, 'runtime': 0.0008206311613321304, 'identifiable': 0, 'branch': -1}
4
Q: [[0 0 0 0 0 0 0 0 0 0]
 [0 0 0 0 0 1 0 0 0 0]
 [0 0 0 0 1 0 0 0 0 0]
 [0 0 0 0 1 0 0 0 0 0]
 [0 0 0 0 0 0 0 0 0 0]
 [0 0 0 0 0 0 0 0 0 0]
 [1 1 0 0 0 0 0 0 0 0]
 [1 1 0 0 0 0 0 0 0 0]
 [0 0 0 0 1 0 0 0 0 0]
 [0 0 0 0 0 0 0 0 0 0]
 [0 0 0 0 0 0 0 1 0 0]
 [0 0 0 0 0 0 0 0 0 0]
 [1 0 0 0 0 0 1 0 0 0]
 [0 0 0 0 0 0 0 0 0 0]
 [0 0 0 0 0 0 0 0 0 0]
 [0 1 0 0 0 0 1 0 0 0]
 [1 1 0 0 0 0 0 0 0 0]
 [0 1 0 1 0 1 0 0 0 0]
 [0 0 0 0 0 0 0 0 0 0]
 [0 0 0 0 0 0 0 0 1 1]]
Q_basis with dimensions J < K, thus not identifiable.
Q is not identifiable, and Q_bar is [[0 0 0 0 0 0 0 0 0 0]
 [0 0 1 0 0 0 0 0 0 0]
 [0 0 0 1 0 0 0 0 0 0]
 [0 0 0 1 0 0 0 0 0 0]
 [0 0 0 0 0 0 0 0 0 0]
 [0 0 0 0 0 0 0 0 0 0]
 [0 0 0 0 0 0 0 1 0 0]
 [0 0 0 0 0 0 0 1 0 0]
 [0 0 0 1 0 0 0 0 0 0]
 [0 0 0 0 0 0 0 0 0 0]
 [0 1 0 0 0 0 0 0 0 0]
 [0 0 0 0 0 0 0 0 0 0]
 [0 0 0 0 0 0 1 0 0 0]
 [0 0 0 0 0 0 0 0 0 0]
 [0 0 0 0 0 0 0 0 0 0]
 [0 0 0 0 1 0 0 0 0 0]
 [0 0 0 0 0 0 0 1 0 0]
 [0 0 0 0 0 1 0 0 0 0]
 [0 0 0 0 0 0 0 0 0 0]
 [1 0 0 0 0 0 0 0 0 0]]
branch at -1
runtime for solving id of Q is 0.0006882306188344955
Simulation results:
{'J': 20, 'K': 10, 'N': 10, 'p': 0.1, 'seed': 15, 'sim': 4, 'runtime': 0.0006882306188344955, 'identifiable': 0, 'branch': -1}
5
Q: [[0 0 1 0 0 0 0 0 0 0]
 [0 0 0 0 0 0 0 0 0 0]
 [0 0 0 1 0 1 0 0 0 0]
 [0 1 1 0 0 0 0 0 0 1]
 [1 0 0 0 0 0 0 0 0 0]
 [0 0 0 0 0 0 0 0 0 0]
 [0 0 0 0 1 1 0 0 0 0]
 [0 0 0 0 0 0 0 0 1 0]
 [0 0 1 0 0 0 0 0 0 0]
 [0 0 0 0 0 0 0 1 0 0]
 [0 0 0 0 0 0 0 0 0 0]
 [0 0 0 0 0 0 0 0 0 0]
 [0 0 1 0 0 0 0 0 0 0]
 [0 0 0 0 1 0 0 0 0 0]
 [0 0 0 0 0 1 0 0 1 0]
 [1 1 0 0 0 0 0 0 0 0]
 [0 0 0 1 0 0 1 1 0 0]
 [0 0 0 1 1 1 1 0 0 1]
 [0 0 0 0 0 1 1 0 1 0]
 [0 0 0 0 0 0 0 0 0 0]]
{'restarts': 1, 'conflicts': 105, 'decisions': 238, 'propagations': 178765}
Q is identifiable
branch at 6
runtime for solving id of Q is 0.41170990839600563
Simulation results:
{'J': 20, 'K': 10, 'N': 10, 'p': 0.1, 'seed': 15, 'sim': 5, 'runtime': 0.41170990839600563, 'identifiable': True, 'branch': 6}
6
Q: [[0 0 0 0 0 0 1 0 0 1]
 [0 0 0 0 0 0 0 0 0 0]
 [1 0 0 0 0 0 0 0 0 0]
 [0 0 0 0 0 0 0 0 0 1]
 [0 0 0 0 1 0 0 0 0 0]
 [1 0 0 0 0 1 0 0 0 0]
 [0 0 0 0 1 0 0 0 0 0]
 [0 0 0 1 0 0 0 0 0 0]
 [0 0 0 0 0 0 0 0 0 1]
 [0 0 1 0 0 0 0 0 0 0]
 [0 0 0 0 0 0 0 0 1 1]
 [0 1 0 0 0 0 0 0 0 0]
 [0 0 0 0 0 1 0 0 0 0]
 [0 0 0 1 1 0 1 0 0 0]
 [0 0 0 0 0 0 0 0 0 1]
 [0 0 0 0 0 0 0 0 1 0]
 [0 0 0 1 1 0 0 1 0 0]
 [0 0 0 0 0 0 0 0 0 0]
 [0 0 0 0 0 0 0 0 0 0]
 [0 0 0 0 0 0 0 0 0 0]]
Q is not identifiable (two-column submatrix not identifiable).
Q is not identifiable, and Q_bar is [[0 0 0 0 0 0 1 0 0 1]
 [0 0 0 0 0 0 0 0 0 0]
 [1 0 0 0 0 0 0 0 0 0]
 [0 0 0 0 0 0 0 0 0 1]
 [0 0 0 0 1 0 0 0 0 0]
 [1 0 0 0 0 1 0 0 0 0]
 [0 0 0 0 1 0 0 0 0 0]
 [0 0 0 1 0 0 0 0 0 0]
 [0 0 0 0 0 0 0 0 0 1]
 [0 0 1 0 0 0 0 0 0 0]
 [0 0 0 0 0 0 0 0 1 1]
 [0 1 0 0 0 0 0 0 0 0]
 [0 0 0 0 0 1 0 0 0 0]
 [0 0 0 1 1 0 1 0 0 0]
 [0 0 0 0 0 0 0 0 0 1]
 [0 0 0 0 0 0 0 0 1 0]
 [0 0 0 0 1 0 0 1 0 0]
 [0 0 0 0 0 0 0 0 0 0]
 [0 0 0 0 0 0 0 0 0 0]
 [0 0 0 0 0 0 0 0 0 0]]
branch at 2
runtime for solving id of Q is 0.0019400976598262787
Simulation results:
{'J': 20, 'K': 10, 'N': 10, 'p': 0.1, 'seed': 15, 'sim': 6, 'runtime': 0.0019400976598262787, 'identifiable': 0, 'branch': 2}
7
Q: [[0 1 1 0 0 0 0 0 0 0]
 [0 0 0 1 0 1 0 0 0 0]
 [0 0 0 0 0 0 0 0 0 1]
 [0 0 0 0 0 1 0 0 0 0]
 [0 0 0 0 0 0 0 0 0 1]
 [0 0 0 0 0 0 0 0 1 0]
 [0 0 0 0 0 0 0 0 0 0]
 [0 0 0 0 0 0 0 0 0 0]
 [0 0 0 0 0 1 0 0 0 0]
 [0 0 0 0 0 0 0 0 0 0]
 [0 1 0 0 0 0 0 0 0 0]
 [0 0 0 0 0 0 0 0 1 0]
 [0 0 0 1 0 0 0 0 0 1]
 [0 0 0 0 0 0 0 0 0 0]
 [0 0 1 0 0 1 1 0 0 0]
 [0 0 0 0 1 0 0 0 0 0]
 [0 0 0 0 0 0 0 0 0 0]
 [0 0 0 0 1 0 0 1 0 0]
 [0 0 0 0 0 0 0 1 0 0]
 [0 0 1 0 0 0 0 0 0 0]]
Q is trivially not identifiable (all zero column).
Q is not identifiable, and Q_bar is [[1 1 1 0 0 0 0 0 0 0]
 [1 0 0 1 0 1 0 0 0 0]
 [1 0 0 0 0 0 0 0 0 1]
 [1 0 0 0 0 1 0 0 0 0]
 [1 0 0 0 0 0 0 0 0 1]
 [1 0 0 0 0 0 0 0 1 0]
 [0 0 0 0 0 0 0 0 0 0]
 [0 0 0 0 0 0 0 0 0 0]
 [1 0 0 0 0 1 0 0 0 0]
 [0 0 0 0 0 0 0 0 0 0]
 [1 1 0 0 0 0 0 0 0 0]
 [1 0 0 0 0 0 0 0 1 0]
 [1 0 0 1 0 0 0 0 0 1]
 [0 0 0 0 0 0 0 0 0 0]
 [1 0 1 0 0 1 1 0 0 0]
 [1 0 0 0 1 0 0 0 0 0]
 [0 0 0 0 0 0 0 0 0 0]
 [1 0 0 0 1 0 0 1 0 0]
 [1 0 0 0 0 0 0 1 0 0]
 [1 0 1 0 0 0 0 0 0 0]]
branch at 0
runtime for solving id of Q is 0.0010363776236772537
Simulation results:
{'J': 20, 'K': 10, 'N': 10, 'p': 0.1, 'seed': 15, 'sim': 7, 'runtime': 0.0010363776236772537, 'identifiable': 0, 'branch': 0}
8
Q: [[0 0 0 0 0 1 0 1 0 1]
 [0 0 0 0 0 0 0 0 0 1]
 [0 0 1 0 0 0 1 0 0 0]
 [0 0 0 0 0 0 0 0 0 0]
 [0 0 0 1 0 0 0 0 0 0]
 [0 0 0 0 0 0 0 0 0 0]
 [0 0 0 0 1 0 1 0 0 0]
 [0 1 0 0 0 0 0 0 1 0]
 [0 0 0 0 0 0 1 0 0 0]
 [0 0 0 0 1 1 0 0 0 0]
 [0 0 0 0 0 0 1 0 0 1]
 [0 0 0 0 0 0 0 0 0 0]
 [1 0 0 0 0 0 0 0 0 0]
 [0 0 0 0 0 0 0 0 0 0]
 [0 0 0 0 0 0 0 0 0 0]
 [0 0 0 0 0 1 1 0 0 0]
 [1 0 0 0 0 0 0 0 0 0]
 [0 0 0 1 0 0 0 0 0 0]
 [0 0 0 0 0 0 0 0 0 0]
 [0 0 0 0 1 1 1 0 0 0]]
Q is not identifiable (two-column submatrix not identifiable).
Q is not identifiable, and Q_bar is [[0 0 0 0 0 1 0 1 0 1]
 [0 0 0 0 0 0 0 0 0 1]
 [0 0 1 0 0 0 1 0 0 0]
 [0 0 0 0 0 0 0 0 0 0]
 [0 0 0 1 0 0 0 0 0 0]
 [0 0 0 0 0 0 0 0 0 0]
 [0 0 0 0 1 0 1 0 0 0]
 [0 1 0 0 0 0 0 0 0 0]
 [0 0 0 0 0 0 1 0 0 0]
 [0 0 0 0 1 1 0 0 0 0]
 [0 0 0 0 0 0 1 0 0 1]
 [0 0 0 0 0 0 0 0 0 0]
 [1 0 0 0 0 0 0 0 0 0]
 [0 0 0 0 0 0 0 0 0 0]
 [0 0 0 0 0 0 0 0 0 0]
 [0 0 0 0 0 1 1 0 0 0]
 [1 0 0 0 0 0 0 0 0 0]
 [0 0 0 1 0 0 0 0 0 0]
 [0 0 0 0 0 0 0 0 0 0]
 [0 0 0 0 1 1 1 0 0 0]]
branch at 2
runtime for solving id of Q is 0.0010894741863012314
Simulation results:
{'J': 20, 'K': 10, 'N': 10, 'p': 0.1, 'seed': 15, 'sim': 8, 'runtime': 0.0010894741863012314, 'identifiable': 0, 'branch': 2}
9
Q: [[0 0 0 0 0 0 0 0 0 0]
 [0 0 0 0 0 0 0 0 0 0]
 [0 0 0 0 0 0 0 0 0 0]
 [0 0 0 0 1 0 0 0 0 0]
 [0 0 0 0 0 0 0 0 0 0]
 [0 0 0 0 1 0 0 0 0 0]
 [0 0 0 0 0 1 0 1 0 0]
 [0 0 0 0 0 0 0 0 0 1]
 [0 0 1 0 0 0 0 0 0 0]
 [0 1 0 0 0 1 0 0 0 0]
 [0 0 1 0 0 0 0 0 0 0]
 [0 0 0 0 0 0 0 0 0 0]
 [1 0 1 0 0 0 0 0 0 0]
 [0 0 0 0 0 0 0 0 0 0]
 [0 0 0 0 0 0 1 0 0 0]
 [0 0 0 0 0 0 0 0 0 0]
 [1 0 0 0 0 0 0 0 0 0]
 [0 0 1 0 0 0 0 0 1 0]
 [0 0 0 0 0 0 0 0 0 0]
 [0 0 0 0 0 0 0 0 0 0]]
Q_basis with dimensions J < K, thus not identifiable.
Q is not identifiable, and Q_bar is [[0 0 0 0 0 0 0 0 0 0]
 [0 0 0 0 0 0 0 0 0 0]
 [0 0 0 0 0 0 0 0 0 0]
 [0 0 0 1 0 0 0 0 0 0]
 [0 0 0 0 0 0 0 0 0 0]
 [0 0 0 1 0 0 0 0 0 0]
 [0 0 1 0 0 0 0 0 0 0]
 [1 0 0 0 0 0 0 0 0 0]
 [0 0 0 0 1 0 0 0 0 0]
 [0 0 0 0 0 0 1 0 0 0]
 [0 0 0 0 1 0 0 0 0 0]
 [0 0 0 0 0 0 0 0 0 0]
 [0 0 0 0 1 0 0 1 0 0]
 [0 0 0 0 0 0 0 0 0 0]
 [0 1 0 0 0 0 0 0 0 0]
 [0 0 0 0 0 0 0 0 0 0]
 [0 0 0 0 0 0 0 1 0 0]
 [0 0 0 0 0 1 0 0 0 0]
 [0 0 0 0 0 0 0 0 0 0]
 [0 0 0 0 0 0 0 0 0 0]]
branch at -1
runtime for solving id of Q is 0.0007223263382911682
Simulation results:
{'J': 20, 'K': 10, 'N': 10, 'p': 0.1, 'seed': 15, 'sim': 9, 'runtime': 0.0007223263382911682, 'identifiable': 0, 'branch': -1}
Simulation results:
[{'J': 20, 'K': 10, 'N': 10, 'p': 0.1, 'seed': 15, 'sim': 0, 'runtime': 0.002368669956922531, 'identifiable': 0, 'branch': 2}, {'J': 20, 'K': 10, 'N': 10, 'p': 0.1, 'seed': 15, 'sim': 1, 'runtime': 0.001538468524813652, 'identifiable': 0, 'branch': 0}, {'J': 20, 'K': 10, 'N': 10, 'p': 0.1, 'seed': 15, 'sim': 2, 'runtime': 0.000565655529499054, 'identifiable': 0, 'branch': -1}, {'J': 20, 'K': 10, 'N': 10, 'p': 0.1, 'seed': 15, 'sim': 3, 'runtime': 0.0008206311613321304, 'identifiable': 0, 'branch': -1}, {'J': 20, 'K': 10, 'N': 10, 'p': 0.1, 'seed': 15, 'sim': 4, 'runtime': 0.0006882306188344955, 'identifiable': 0, 'branch': -1}, {'J': 20, 'K': 10, 'N': 10, 'p': 0.1, 'seed': 15, 'sim': 5, 'runtime': 0.41170990839600563, 'identifiable': True, 'branch': 6}, {'J': 20, 'K': 10, 'N': 10, 'p': 0.1, 'seed': 15, 'sim': 6, 'runtime': 0.0019400976598262787, 'identifiable': 0, 'branch': 2}, {'J': 20, 'K': 10, 'N': 10, 'p': 0.1, 'seed': 15, 'sim': 7, 'runtime': 0.0010363776236772537, 'identifiable': 0, 'branch': 0}, {'J': 20, 'K': 10, 'N': 10, 'p': 0.1, 'seed': 15, 'sim': 8, 'runtime': 0.0010894741863012314, 'identifiable': 0, 'branch': 2}, {'J': 20, 'K': 10, 'N': 10, 'p': 0.1, 'seed': 15, 'sim': 9, 'runtime': 0.0007223263382911682, 'identifiable': 0, 'branch': -1}]
