
The Gurobi software has a limited number of licenses. To request a license or
licenses, add this line

    #SBATCH --licenses=gurobi@slurmdb:1

to your SBATCH script, replacing N with the number of licenses you need. Gurobi
will need one license per process.


0
Q: [[0 1 1 1 0 0 0 0 0 0]
 [0 0 0 1 0 0 0 0 0 1]
 [1 1 0 0 0 1 1 0 1 1]
 [0 1 1 0 0 0 0 1 0 0]
 [0 0 0 1 0 0 0 1 0 0]
 [0 0 0 0 0 0 0 0 0 0]
 [0 0 0 1 0 0 0 0 0 1]
 [0 0 0 0 0 0 0 1 1 0]
 [0 1 0 0 1 0 0 0 1 0]
 [1 1 0 0 1 0 0 0 0 0]
 [1 0 0 0 0 0 0 0 0 1]
 [0 0 0 0 0 1 0 1 0 0]
 [1 0 0 1 1 1 1 0 0 0]
 [0 1 0 0 1 1 0 0 1 0]
 [1 0 0 1 0 0 0 0 0 0]
 [0 0 0 0 0 0 0 1 0 1]
 [1 0 1 0 1 0 0 0 0 0]
 [0 0 0 0 0 1 0 0 1 0]
 [0 0 0 0 0 1 0 0 0 0]
 [0 0 0 1 0 0 1 0 0 1]
 [0 1 0 0 1 1 0 1 0 0]
 [0 1 0 0 0 0 0 1 1 0]
 [1 1 1 1 1 0 0 0 0 1]
 [0 0 1 0 1 0 1 0 0 1]
 [1 1 1 1 1 0 0 0 0 1]
 [0 0 1 0 0 0 0 1 0 0]
 [0 0 0 0 0 0 0 0 0 0]
 [0 0 0 0 1 1 0 0 0 0]
 [0 1 0 1 0 0 0 1 0 0]
 [0 0 0 0 0 0 1 0 1 0]
 [0 0 0 0 0 0 0 0 0 0]
 [1 0 1 0 0 0 1 0 1 1]
 [1 1 0 0 1 1 0 1 0 0]
 [0 1 0 0 0 0 1 1 0 1]
 [1 0 0 0 0 0 0 1 0 0]
 [1 0 1 0 0 0 0 1 0 1]
 [0 0 0 0 0 1 0 0 0 0]
 [1 1 0 0 0 0 1 0 0 0]
 [0 0 0 0 1 0 0 1 0 0]
 [1 0 0 0 0 0 0 0 1 1]
 [0 1 1 0 0 0 0 0 1 0]
 [0 0 0 1 0 0 0 0 1 0]
 [1 0 0 0 0 1 0 1 0 0]
 [0 0 0 0 0 0 0 0 0 0]
 [0 0 1 0 0 1 1 1 1 0]
 [1 0 0 0 0 0 0 0 0 1]
 [0 1 0 0 0 1 0 0 0 0]
 [1 0 0 0 0 0 1 0 0 0]
 [0 0 0 0 1 0 1 1 1 0]
 [1 0 0 0 1 0 0 0 0 0]
 [1 0 0 0 0 1 1 0 0 1]
 [0 1 0 0 1 0 1 0 1 0]
 [0 0 0 1 0 0 0 0 0 0]
 [0 0 1 0 1 0 1 1 1 0]
 [0 1 0 1 0 0 1 0 0 0]
 [0 1 1 0 1 0 1 1 0 1]
 [1 0 1 0 0 1 0 0 1 1]
 [0 0 1 0 1 0 0 0 0 0]
 [0 1 1 0 0 0 0 0 0 0]
 [1 0 1 1 1 0 1 0 0 1]
 [0 0 1 1 0 0 0 0 1 0]
 [1 1 0 0 0 0 0 0 0 1]
 [1 0 0 0 0 0 0 1 0 1]
 [1 0 1 0 1 0 1 0 0 1]
 [0 1 0 0 0 0 0 1 0 1]
 [1 0 0 1 0 1 0 0 0 0]
 [0 0 0 0 0 1 0 0 1 0]
 [0 0 1 0 0 0 0 1 0 0]
 [1 0 0 0 0 0 0 0 1 0]
 [0 0 0 0 0 0 0 0 1 1]
 [0 0 0 0 1 1 0 0 0 1]
 [1 0 0 0 0 0 1 1 1 0]
 [0 0 1 1 1 0 1 1 0 0]
 [0 0 1 0 0 1 1 1 0 0]
 [0 0 0 0 1 0 0 1 1 1]
 [1 0 0 0 0 0 1 1 0 0]
 [0 0 1 1 0 0 1 0 0 1]
 [0 1 1 1 0 0 0 0 1 0]
 [1 0 0 0 0 1 0 0 0 0]
 [0 0 1 1 1 0 0 0 1 1]
 [1 0 0 1 0 0 1 1 0 1]
 [0 0 0 1 0 1 1 1 1 0]
 [1 1 0 0 1 0 0 0 0 0]
 [0 0 1 0 0 0 1 0 0 0]
 [0 0 0 0 1 0 1 0 1 0]
 [1 0 1 0 0 0 0 0 1 1]
 [0 0 0 1 0 0 0 0 0 0]
 [1 0 0 0 0 0 0 0 0 0]
 [1 0 1 1 1 1 1 0 0 0]
 [0 1 0 0 1 1 0 0 0 1]
 [0 0 1 0 0 1 0 1 0 1]
 [1 1 0 0 1 0 0 1 1 0]
 [0 0 0 1 0 0 0 0 0 1]
 [1 1 0 0 0 0 1 0 1 0]
 [0 0 1 0 0 1 0 0 1 0]
 [0 0 0 0 0 0 0 0 0 1]
 [1 1 0 0 0 1 0 0 0 0]
 [0 0 0 0 1 0 0 0 0 0]
 [1 0 0 0 0 1 0 1 0 0]
 [0 0 0 0 0 1 1 1 0 0]]
{'restarts': 1, 'conflicts': 293, 'decisions': 661, 'propagations': 678286}
Q is identifiable
branch at 6
runtime for solving id of Q is 0.9042354905977845
Simulation results:
{'J': 100, 'K': 10, 'N': 10, 'p': 0.3, 'seed': 38, 'sim': 0, 'runtime': 0.9042354905977845, 'identifiable': 1, 'branch': 6}
1
Q: [[0 0 0 0 0 1 1 0 1 1]
 [0 1 0 0 0 0 1 0 1 0]
 [0 0 0 1 0 0 0 1 0 0]
 [0 1 0 0 0 0 0 0 0 1]
 [0 0 1 0 1 0 1 0 1 0]
 [0 0 0 1 0 1 1 0 0 0]
 [0 0 0 0 1 1 0 0 0 0]
 [0 0 1 1 0 0 1 1 1 1]
 [0 1 0 0 0 0 1 0 0 0]
 [0 0 0 1 0 0 1 1 1 0]
 [0 1 1 0 0 0 0 0 1 0]
 [0 0 0 0 0 0 0 0 0 0]
 [1 1 1 1 0 0 1 0 0 1]
 [1 0 1 0 1 1 0 0 0 0]
 [0 0 0 0 1 0 0 1 0 0]
 [0 0 0 0 0 1 1 0 1 1]
 [0 0 1 0 0 1 0 0 0 0]
 [1 0 0 0 0 0 1 1 0 0]
 [0 0 0 1 1 0 0 0 0 1]
 [0 0 0 0 0 1 1 0 0 1]
 [1 1 0 0 0 0 1 0 0 1]
 [0 0 0 0 0 0 0 0 0 0]
 [0 0 0 1 0 0 0 0 0 0]
 [0 0 1 1 1 0 1 0 0 0]
 [0 0 1 1 0 0 0 1 1 0]
 [0 0 1 0 1 0 1 1 0 1]
 [1 1 1 0 0 1 0 1 1 1]
 [1 0 1 0 0 0 0 0 0 0]
 [0 0 0 0 0 0 1 0 0 0]
 [0 0 0 1 1 0 0 1 1 0]
 [0 0 0 1 1 1 1 0 0 0]
 [0 0 1 0 1 0 1 0 0 0]
 [0 0 0 0 0 0 0 1 0 1]
 [0 0 0 0 0 0 0 1 1 0]
 [0 0 0 0 1 0 0 0 0 0]
 [1 0 1 1 0 0 0 0 0 0]
 [0 0 0 0 0 0 1 0 0 0]
 [1 0 0 0 0 0 0 0 1 0]
 [1 0 0 0 0 1 1 0 1 1]
 [0 0 0 0 0 0 0 0 0 0]
 [0 1 0 0 0 0 0 0 1 0]
 [1 0 0 0 0 0 0 0 0 0]
 [0 0 1 0 0 0 0 0 0 1]
 [0 0 0 0 0 0 0 1 1 0]
 [1 1 1 0 0 0 0 0 0 0]
 [0 0 0 0 1 0 1 0 0 0]
 [0 0 1 1 0 0 0 1 0 0]
 [1 0 0 0 0 0 1 0 0 1]
 [0 0 1 0 1 0 0 0 1 0]
 [1 0 0 0 0 1 0 0 0 1]
 [0 1 0 1 0 1 0 1 0 0]
 [0 0 0 0 1 1 1 0 0 1]
 [1 1 0 0 0 0 0 1 0 0]
 [1 0 0 1 0 0 0 0 1 0]
 [0 0 1 1 1 0 0 0 1 0]
 [0 0 0 0 0 0 0 0 0 0]
 [0 0 1 0 1 0 0 1 0 1]
 [0 0 0 1 0 0 0 0 0 1]
 [0 1 0 0 0 1 0 1 0 0]
 [1 0 0 1 0 1 0 0 0 0]
 [0 0 1 0 1 0 0 0 1 0]
 [1 0 0 0 1 1 1 0 1 1]
 [1 0 0 0 1 0 0 0 0 0]
 [0 1 0 1 1 1 0 0 1 0]
 [0 0 0 0 0 1 0 1 0 0]
 [0 1 0 0 0 0 0 0 1 0]
 [1 0 0 1 1 1 0 1 1 1]
 [0 0 1 1 0 0 0 1 0 0]
 [0 0 0 1 0 0 0 0 1 0]
 [0 0 1 1 0 0 0 1 0 1]
 [1 0 0 0 0 0 1 0 1 0]
 [0 0 0 0 0 0 0 0 0 0]
 [0 0 0 1 0 0 0 0 0 1]
 [0 1 0 0 0 0 0 1 1 0]
 [1 0 0 0 0 0 0 1 0 1]
 [0 0 0 0 0 0 0 0 0 1]
 [0 0 0 0 0 1 0 1 0 1]
 [1 0 0 1 0 1 0 0 0 0]
 [1 0 0 0 0 0 1 1 1 0]
 [0 0 1 0 0 0 1 0 0 1]
 [0 1 0 0 0 0 0 0 1 0]
 [0 0 1 0 0 0 0 0 0 0]
 [0 0 0 0 1 0 0 0 1 0]
 [1 0 1 0 0 0 0 0 0 0]
 [0 0 0 0 0 0 0 0 0 0]
 [0 1 0 0 0 0 1 0 0 0]
 [0 1 0 0 0 0 1 0 0 0]
 [0 0 1 0 0 0 0 1 0 0]
 [1 0 0 1 1 0 0 0 1 0]
 [1 0 0 0 1 0 1 0 0 0]
 [1 1 0 1 1 0 0 0 0 1]
 [0 1 0 0 0 0 1 1 0 0]
 [1 1 1 0 1 1 1 1 0 1]
 [0 1 0 0 0 1 1 0 0 0]
 [0 0 0 0 1 0 0 0 0 0]
 [0 0 0 0 1 0 1 1 0 1]
 [1 0 0 1 0 1 0 0 0 1]
 [1 0 0 0 0 1 1 0 0 0]
 [1 0 0 0 0 0 0 0 1 0]
 [0 0 1 0 1 0 0 0 0 0]]
{'restarts': 1, 'conflicts': 246, 'decisions': 641, 'propagations': 461554}
Q is identifiable
branch at 6
runtime for solving id of Q is 0.6192744318395853
Simulation results:
{'J': 100, 'K': 10, 'N': 10, 'p': 0.3, 'seed': 38, 'sim': 1, 'runtime': 0.6192744318395853, 'identifiable': 1, 'branch': 6}
2
Q: [[0 0 0 0 0 1 0 0 0 1]
 [0 0 0 0 1 0 1 0 0 0]
 [0 0 0 0 1 0 1 0 0 0]
 [0 1 1 0 1 0 1 0 0 1]
 [0 0 0 0 0 1 0 0 0 0]
 [1 0 0 0 1 0 0 0 0 0]
 [0 0 0 0 0 0 0 0 0 0]
 [0 0 0 1 1 1 0 0 0 1]
 [0 0 0 1 0 0 0 0 0 1]
 [1 1 0 0 0 1 0 1 0 0]
 [1 0 1 0 0 1 1 0 0 1]
 [0 1 0 0 1 1 0 0 1 1]
 [1 0 0 0 0 1 0 0 0 0]
 [0 0 0 1 0 0 0 0 0 0]
 [0 1 0 0 0 0 1 0 0 0]
 [0 0 0 1 0 0 0 0 0 0]
 [0 0 0 0 0 0 0 0 0 0]
 [0 0 0 1 0 0 0 1 0 1]
 [0 0 0 0 0 0 1 0 0 0]
 [0 0 0 1 0 1 0 0 0 0]
 [0 1 0 0 1 0 1 0 0 1]
 [1 0 0 1 0 0 0 0 1 0]
 [0 0 1 1 0 0 1 0 0 0]
 [0 0 1 0 1 0 1 0 0 0]
 [0 1 0 1 1 0 1 0 1 0]
 [0 0 0 0 0 0 0 0 0 0]
 [0 0 1 0 1 0 0 0 0 0]
 [0 0 1 1 1 0 0 1 0 0]
 [0 0 1 0 0 0 1 0 0 0]
 [0 0 0 1 1 0 1 0 1 0]
 [1 0 1 1 0 0 1 1 1 0]
 [0 0 0 0 0 0 0 1 0 1]
 [1 1 1 0 0 1 0 0 0 0]
 [0 0 0 0 0 0 0 0 0 0]
 [0 0 0 1 0 0 0 1 1 0]
 [0 0 0 0 1 0 0 0 0 1]
 [1 1 0 1 1 0 1 0 0 0]
 [0 1 0 0 1 0 0 1 1 0]
 [1 1 0 0 0 0 0 1 1 1]
 [0 1 0 0 1 0 0 0 1 1]
 [0 0 1 0 0 0 0 0 0 0]
 [0 1 0 0 1 1 1 1 1 0]
 [0 1 0 1 0 1 1 0 0 0]
 [0 0 0 0 0 0 1 1 0 0]
 [0 0 0 0 0 1 0 0 0 1]
 [0 1 1 0 1 0 0 0 0 0]
 [0 0 0 0 0 1 0 1 1 0]
 [0 0 1 0 1 0 0 0 0 1]
 [0 0 0 0 1 0 0 0 1 0]
 [0 0 0 0 0 0 1 0 0 0]
 [0 1 1 0 0 0 0 0 1 0]
 [0 0 1 0 0 0 0 0 1 1]
 [1 0 0 1 0 0 1 0 1 0]
 [1 0 0 1 0 0 0 0 0 1]
 [1 1 0 1 1 1 0 0 0 0]
 [1 0 0 1 0 0 0 0 0 1]
 [0 1 0 0 0 0 0 0 1 0]
 [0 0 0 0 0 1 0 0 0 0]
 [0 0 0 0 1 1 1 0 0 0]
 [0 0 0 1 0 0 0 0 0 0]
 [0 0 0 0 0 0 1 0 0 0]
 [0 0 1 1 0 0 0 0 1 1]
 [1 1 0 0 0 0 0 0 0 1]
 [0 0 0 1 1 0 0 1 1 1]
 [0 0 0 0 0 0 0 0 0 1]
 [1 1 0 0 0 0 0 0 0 1]
 [0 1 0 1 0 1 1 0 1 1]
 [0 0 0 1 0 0 1 0 1 0]
 [0 0 0 0 0 1 1 0 1 0]
 [1 1 0 1 1 0 1 1 1 0]
 [0 0 0 1 0 0 0 1 1 1]
 [1 1 0 0 0 1 1 0 0 0]
 [0 0 0 0 1 0 0 1 0 1]
 [1 1 1 0 0 0 0 0 0 0]
 [1 0 1 1 1 1 1 1 0 1]
 [0 0 0 0 0 0 0 0 0 0]
 [0 0 0 0 0 0 0 0 0 0]
 [0 1 0 0 0 0 0 0 0 0]
 [0 0 1 0 0 0 0 0 0 1]
 [1 0 0 0 0 0 0 1 1 0]
 [0 0 1 0 1 0 0 0 0 0]
 [1 0 1 1 0 1 0 0 0 0]
 [0 0 0 0 1 0 0 1 1 1]
 [0 0 1 0 1 0 0 0 0 0]
 [0 1 1 0 0 0 0 1 0 0]
 [0 0 0 0 1 0 0 0 0 0]
 [0 0 0 0 1 0 1 0 1 0]
 [1 1 0 1 0 0 0 0 1 0]
 [0 0 0 0 1 0 0 0 1 1]
 [1 0 0 0 0 0 0 0 0 0]
 [0 0 0 0 0 1 0 0 0 0]
 [0 0 1 0 0 0 0 1 0 0]
 [1 0 1 1 0 0 0 0 0 0]
 [0 0 0 1 0 1 0 0 0 0]
 [0 0 0 0 1 0 1 0 1 0]
 [0 0 0 1 0 1 0 1 0 1]
 [0 0 1 0 0 0 0 0 0 0]
 [0 0 1 0 0 0 1 0 0 0]
 [0 0 1 0 0 1 0 0 1 0]
 [0 0 0 1 1 0 0 0 0 0]]
{'restarts': 1, 'conflicts': 139, 'decisions': 332, 'propagations': 219931}
Q is identifiable
branch at 6
runtime for solving id of Q is 0.37278362549841404
Simulation results:
{'J': 100, 'K': 10, 'N': 10, 'p': 0.3, 'seed': 38, 'sim': 2, 'runtime': 0.37278362549841404, 'identifiable': 1, 'branch': 6}
3
Q: [[0 0 0 1 0 1 0 0 1 0]
 [0 0 0 0 0 1 0 1 0 0]
 [1 0 0 1 0 1 0 0 0 0]
 [0 1 1 1 0 0 1 0 0 0]
 [0 1 0 1 1 0 0 0 0 1]
 [1 0 0 0 0 0 0 0 1 1]
 [1 0 0 0 0 1 1 0 0 1]
 [0 0 0 0 0 0 0 1 0 0]
 [0 0 1 0 0 1 0 1 0 0]
 [1 1 1 0 1 0 0 0 0 0]
 [0 0 1 0 0 0 0 1 0 0]
 [1 0 0 1 0 0 1 0 0 0]
 [1 0 0 1 0 0 1 1 0 0]
 [1 0 0 0 0 0 0 0 0 0]
 [1 1 0 0 0 0 0 1 0 1]
 [0 1 1 0 0 0 0 0 0 0]
 [0 1 0 1 1 0 0 0 0 0]
 [0 1 1 0 1 1 1 0 1 1]
 [1 1 0 0 0 1 0 1 0 0]
 [0 0 0 0 0 1 1 0 0 1]
 [0 1 0 0 0 0 1 1 1 0]
 [0 0 0 0 1 1 0 1 1 0]
 [0 1 0 0 0 0 0 0 1 1]
 [0 0 0 1 1 0 0 1 0 0]
 [1 1 0 0 0 0 0 0 0 0]
 [0 0 0 1 1 0 1 0 0 0]
 [0 0 0 0 0 0 1 1 0 0]
 [0 0 0 0 0 0 0 1 1 0]
 [1 1 1 0 1 1 0 0 0 0]
 [1 0 0 0 0 0 1 1 0 1]
 [0 0 0 0 0 0 0 0 1 1]
 [1 0 1 0 0 0 1 0 0 0]
 [0 0 1 0 0 0 0 0 1 0]
 [1 0 0 0 0 0 0 0 0 0]
 [1 0 0 1 0 0 0 0 1 0]
 [0 1 1 0 0 0 1 0 0 0]
 [0 1 1 0 0 0 1 1 1 1]
 [0 1 0 0 0 1 0 1 0 0]
 [0 0 0 0 0 0 1 0 1 0]
 [0 0 0 0 0 0 1 0 0 0]
 [1 0 1 0 0 1 0 0 0 1]
 [1 0 0 0 0 0 1 1 0 0]
 [0 0 0 0 1 0 1 0 0 0]
 [0 1 0 0 1 1 0 1 0 0]
 [1 0 0 0 0 0 0 1 0 0]
 [1 0 1 0 0 0 0 0 1 0]
 [0 0 0 0 0 0 0 0 0 0]
 [1 0 1 0 0 1 0 0 0 0]
 [0 0 1 0 1 1 1 0 1 0]
 [0 0 0 1 0 0 0 1 1 1]
 [0 0 0 0 0 1 0 1 0 1]
 [0 1 0 0 0 0 1 0 1 0]
 [0 1 1 0 1 1 0 0 0 0]
 [0 1 0 0 0 0 0 1 0 0]
 [0 0 0 0 1 0 0 0 0 0]
 [1 0 0 0 0 0 1 0 0 0]
 [1 0 0 0 0 0 0 1 1 1]
 [0 0 0 0 0 1 1 1 0 0]
 [1 0 1 0 0 1 0 1 0 0]
 [0 1 0 0 0 0 0 0 0 1]
 [0 0 0 1 0 1 1 1 0 1]
 [0 0 1 0 0 1 0 1 0 0]
 [0 1 0 0 0 1 0 0 0 0]
 [0 1 1 0 0 1 0 0 1 1]
 [0 1 0 1 1 0 1 1 0 1]
 [1 1 1 0 0 0 0 0 0 1]
 [1 0 0 0 1 0 1 0 1 0]
 [0 1 0 1 0 1 0 1 0 0]
 [0 0 0 0 1 0 0 0 0 0]
 [0 0 0 0 0 0 1 0 0 1]
 [0 0 0 1 0 1 0 0 0 0]
 [1 0 0 0 1 0 0 0 0 0]
 [0 0 0 0 0 0 1 0 0 0]
 [0 0 0 0 0 0 0 0 1 0]
 [0 0 0 1 0 0 0 0 0 0]
 [1 0 0 0 0 0 1 0 0 0]
 [1 1 0 0 0 1 0 0 0 1]
 [0 0 1 1 0 0 0 0 1 0]
 [0 0 0 1 0 0 1 0 0 0]
 [1 0 1 0 1 0 0 0 0 1]
 [0 0 0 0 1 0 1 1 0 0]
 [1 0 1 0 0 1 0 0 0 0]
 [1 0 0 0 0 0 0 0 0 0]
 [0 1 1 0 0 1 1 1 0 0]
 [1 0 0 1 0 0 0 0 0 0]
 [0 1 0 0 0 0 0 0 0 0]
 [0 0 0 0 0 0 0 0 0 0]
 [1 0 0 1 0 0 1 0 0 0]
 [0 0 0 0 0 0 1 0 0 1]
 [0 0 1 0 0 0 1 0 0 1]
 [1 1 0 0 0 0 1 0 0 0]
 [1 0 0 0 1 1 0 0 1 0]
 [1 0 0 0 0 0 0 0 1 0]
 [0 1 0 0 1 0 1 0 0 0]
 [1 1 1 0 0 0 1 1 0 0]
 [0 0 1 1 1 0 0 1 0 1]
 [0 0 1 1 0 1 0 0 1 0]
 [0 1 0 0 0 0 1 1 0 1]
 [1 0 1 0 0 1 0 0 1 0]
 [0 1 0 1 0 0 1 1 0 1]]
{'restarts': 1, 'conflicts': 153, 'decisions': 346, 'propagations': 219006}
Q is identifiable
branch at 6
runtime for solving id of Q is 0.40018313098698854
Simulation results:
{'J': 100, 'K': 10, 'N': 10, 'p': 0.3, 'seed': 38, 'sim': 3, 'runtime': 0.40018313098698854, 'identifiable': 1, 'branch': 6}
4
Q: [[0 0 1 0 1 0 1 1 1 0]
 [0 0 0 0 1 0 1 0 1 0]
 [0 0 0 0 0 1 0 1 0 0]
 [0 1 0 0 0 0 1 0 0 0]
 [0 1 0 0 0 1 0 0 0 1]
 [1 1 0 0 0 1 1 0 1 1]
 [0 0 0 0 0 0 1 0 0 0]
 [1 1 0 0 0 0 1 0 0 0]
 [0 1 0 0 0 0 0 0 1 0]
 [0 1 0 0 1 0 0 1 1 0]
 [0 0 1 1 0 1 0 0 0 1]
 [0 0 0 0 1 1 1 0 1 0]
 [1 1 0 0 0 0 0 0 1 0]
 [0 0 1 0 0 0 0 1 1 1]
 [0 0 0 0 1 1 0 0 0 0]
 [0 0 0 0 0 0 0 0 1 1]
 [0 0 0 0 0 0 0 1 0 0]
 [1 0 0 0 0 1 1 1 0 1]
 [0 0 0 0 0 0 0 1 0 0]
 [0 1 1 1 0 0 0 0 0 0]
 [0 0 0 1 0 1 0 0 0 1]
 [0 0 0 0 0 0 1 1 0 1]
 [0 0 0 0 0 0 0 1 0 0]
 [1 1 0 0 0 1 1 1 0 0]
 [0 1 0 1 0 0 0 0 0 1]
 [0 0 0 1 0 0 1 0 0 0]
 [0 0 0 0 0 1 1 0 1 0]
 [1 0 0 1 0 0 1 0 1 1]
 [0 0 0 0 0 0 0 1 0 1]
 [0 0 0 0 0 0 0 1 0 0]
 [0 0 1 0 0 1 0 0 0 0]
 [0 0 0 0 0 1 1 0 1 0]
 [0 0 0 0 0 0 1 0 1 0]
 [0 0 0 1 0 0 0 0 0 0]
 [0 1 0 0 0 0 0 0 0 0]
 [0 0 0 1 0 0 0 1 0 0]
 [1 0 1 1 1 0 0 1 0 0]
 [1 0 0 0 0 0 0 0 0 1]
 [0 0 0 1 0 1 0 0 0 1]
 [1 0 0 0 1 1 0 0 0 0]
 [1 0 0 1 0 0 0 1 0 0]
 [0 0 0 1 0 0 1 0 1 0]
 [0 1 0 0 1 0 0 0 0 0]
 [1 1 1 1 1 1 0 1 0 0]
 [1 1 1 0 0 1 1 0 0 0]
 [1 1 1 1 0 1 0 1 0 0]
 [0 1 0 1 1 1 0 0 1 0]
 [1 1 0 0 0 0 0 0 0 0]
 [1 1 0 0 0 1 1 0 1 0]
 [0 0 1 0 1 0 1 0 0 0]
 [1 1 1 0 0 1 1 0 1 1]
 [0 0 0 0 0 0 0 0 1 0]
 [1 0 0 0 0 0 1 1 0 0]
 [0 0 1 0 0 0 0 1 0 1]
 [0 0 0 0 0 0 1 0 1 1]
 [0 0 0 1 0 0 0 0 1 1]
 [0 0 0 0 1 1 1 0 1 0]
 [0 0 1 0 1 1 0 1 0 0]
 [0 0 0 1 0 0 0 0 1 1]
 [0 1 1 0 0 0 0 0 1 0]
 [1 0 0 0 0 0 1 0 0 1]
 [1 0 1 0 0 0 0 1 0 0]
 [1 0 0 0 1 0 0 0 1 0]
 [0 1 0 0 0 0 0 0 1 0]
 [0 1 0 0 0 0 0 1 0 0]
 [0 1 0 0 0 0 0 1 0 0]
 [1 0 0 0 0 1 1 0 0 0]
 [0 1 1 0 0 1 1 0 0 0]
 [0 1 0 0 1 0 1 1 1 1]
 [0 1 0 0 0 0 1 0 0 1]
 [0 0 0 1 1 1 1 0 0 0]
 [0 0 0 1 0 0 1 0 0 0]
 [1 0 1 0 1 0 0 0 1 0]
 [0 1 1 0 0 0 0 0 0 0]
 [0 0 1 1 0 1 0 0 0 1]
 [1 1 1 0 0 1 0 1 0 0]
 [1 0 0 0 0 1 1 0 0 1]
 [0 0 0 0 0 0 1 0 1 1]
 [0 0 0 0 0 0 1 0 0 0]
 [1 1 0 1 1 1 0 0 0 0]
 [1 1 1 0 1 1 0 0 0 1]
 [0 0 0 1 0 1 0 0 0 0]
 [1 0 1 0 0 1 1 0 0 0]
 [1 0 0 0 0 0 0 0 0 0]
 [0 0 0 0 0 1 0 0 0 1]
 [0 0 1 0 1 0 1 0 0 0]
 [0 1 0 1 1 0 0 0 1 0]
 [1 0 0 0 0 1 1 0 0 0]
 [0 1 0 0 1 0 0 0 0 1]
 [1 0 0 0 1 0 0 0 0 0]
 [0 0 1 1 0 1 0 0 1 0]
 [1 1 1 0 0 1 1 0 1 1]
 [0 0 0 0 1 0 1 1 0 0]
 [1 0 0 1 1 1 0 1 0 1]
 [1 1 0 0 0 0 0 1 0 0]
 [1 0 0 0 0 0 0 1 1 1]
 [1 0 1 1 1 1 0 0 1 0]
 [0 0 0 0 1 1 1 1 0 0]
 [0 0 1 0 0 1 0 1 0 0]
 [0 1 0 0 0 0 0 0 0 0]]
{'restarts': 2, 'conflicts': 232, 'decisions': 515, 'propagations': 371688}
Q is identifiable
branch at 6
runtime for solving id of Q is 0.567949965596199
Simulation results:
{'J': 100, 'K': 10, 'N': 10, 'p': 0.3, 'seed': 38, 'sim': 4, 'runtime': 0.567949965596199, 'identifiable': 1, 'branch': 6}
5
Q: [[1 0 0 0 0 0 1 1 1 1]
 [0 0 0 0 0 0 0 1 1 1]
 [0 1 0 1 0 0 0 1 0 0]
 [0 1 0 1 0 0 0 0 0 1]
 [1 0 0 0 0 1 0 0 0 0]
 [1 0 1 0 1 0 0 0 0 0]
 [0 1 0 0 0 0 1 0 1 0]
 [0 0 1 0 0 0 1 0 0 0]
 [0 1 0 0 1 0 0 0 1 0]
 [1 0 0 1 0 1 0 1 0 0]
 [0 1 0 0 1 0 0 0 0 0]
 [0 0 0 1 1 0 0 0 0 0]
 [0 0 0 0 1 0 0 0 0 1]
 [0 0 0 1 0 0 1 0 1 1]
 [0 0 0 0 1 0 1 0 0 1]
 [0 0 1 0 0 1 1 1 0 0]
 [0 1 0 1 0 0 1 0 0 0]
 [0 0 1 0 1 0 0 0 0 0]
 [0 0 1 0 0 0 1 0 1 0]
 [0 0 1 0 1 0 0 1 0 0]
 [0 1 0 0 0 1 1 0 0 1]
 [1 1 0 1 1 0 1 0 0 0]
 [1 0 0 0 0 0 0 0 0 0]
 [0 1 0 0 0 1 1 0 0 0]
 [0 1 1 1 0 1 0 1 1 1]
 [0 0 1 1 0 1 0 0 1 1]
 [0 0 1 0 1 1 1 0 1 0]
 [0 0 0 1 1 1 0 0 1 0]
 [0 0 0 1 1 0 0 0 0 1]
 [0 1 0 0 0 0 0 0 0 0]
 [0 0 0 1 0 0 0 0 1 0]
 [0 1 1 0 0 0 1 0 0 0]
 [0 0 0 1 0 0 1 0 0 1]
 [0 0 0 1 0 0 0 0 1 0]
 [0 1 1 0 1 0 0 0 0 0]
 [1 1 1 0 0 0 0 1 1 0]
 [0 1 0 0 0 0 0 0 1 0]
 [0 0 0 1 1 1 1 0 0 0]
 [0 0 0 1 0 1 0 1 0 0]
 [0 0 1 1 0 1 0 1 0 1]
 [0 0 1 1 0 0 0 0 0 0]
 [0 0 1 0 0 1 0 0 0 1]
 [0 0 0 0 0 0 1 0 0 0]
 [0 1 0 1 0 1 0 0 0 0]
 [1 1 0 0 0 0 0 0 0 0]
 [0 1 1 0 1 0 1 0 0 0]
 [1 0 0 0 1 0 0 1 0 0]
 [0 1 0 0 0 0 1 0 0 1]
 [0 0 0 0 0 1 0 1 0 0]
 [1 0 0 1 1 0 0 0 0 0]
 [0 0 0 0 0 0 0 0 0 1]
 [1 1 1 0 1 1 0 0 0 0]
 [0 1 0 0 1 0 1 1 0 1]
 [1 0 0 1 0 1 1 0 0 0]
 [0 0 0 0 0 0 0 0 0 0]
 [1 0 1 0 0 0 0 0 0 1]
 [1 0 1 0 0 1 0 0 0 1]
 [0 0 0 0 0 0 1 0 0 0]
 [0 0 0 0 1 0 0 1 0 0]
 [1 0 0 0 0 0 1 0 0 0]
 [0 1 0 0 0 1 0 1 1 0]
 [0 0 1 0 0 0 0 0 1 0]
 [0 1 0 1 0 0 0 0 0 0]
 [0 1 1 1 0 0 0 0 0 0]
 [0 0 0 1 0 0 0 0 0 0]
 [0 1 0 1 0 0 0 0 0 1]
 [1 1 1 0 1 0 0 1 0 0]
 [0 0 1 0 0 0 1 0 0 0]
 [0 0 1 1 0 0 0 0 0 1]
 [0 0 0 0 0 1 1 0 1 0]
 [1 0 0 1 0 0 0 1 0 1]
 [1 0 0 0 0 0 1 1 0 0]
 [0 0 1 0 0 1 1 0 1 1]
 [0 0 0 1 1 0 0 1 0 0]
 [0 1 0 0 0 0 0 1 0 0]
 [0 0 1 1 0 0 1 0 1 0]
 [0 1 1 0 0 1 0 1 1 0]
 [1 0 0 0 1 0 1 0 0 0]
 [0 0 1 0 0 0 0 1 0 0]
 [1 0 0 0 0 0 1 0 1 0]
 [1 0 1 0 1 1 1 0 0 0]
 [0 1 0 1 1 1 1 0 1 0]
 [1 0 0 0 0 1 1 0 1 0]
 [0 0 0 0 0 0 0 1 1 0]
 [0 0 0 1 0 0 1 1 0 0]
 [0 0 0 0 1 1 0 0 0 0]
 [0 0 0 1 1 0 1 0 1 0]
 [0 1 0 0 1 0 1 0 0 0]
 [0 0 1 0 0 0 0 0 0 0]
 [0 0 1 0 0 1 1 1 0 0]
 [0 0 1 0 1 1 0 1 0 0]
 [0 0 0 1 1 0 0 0 1 0]
 [0 1 1 1 0 0 0 0 0 1]
 [1 0 0 1 0 0 1 0 0 0]
 [1 0 0 1 0 0 0 0 0 0]
 [0 1 0 0 1 1 1 0 0 0]
 [0 0 0 1 1 0 1 1 0 0]
 [0 0 1 0 0 1 0 1 0 0]
 [0 0 0 0 0 0 0 0 1 1]
 [0 0 0 0 0 1 0 0 0 0]]
{'restarts': 1, 'conflicts': 145, 'decisions': 389, 'propagations': 240267}
Q is identifiable
branch at 6
runtime for solving id of Q is 0.5190397743135691
Simulation results:
{'J': 100, 'K': 10, 'N': 10, 'p': 0.3, 'seed': 38, 'sim': 5, 'runtime': 0.5190397743135691, 'identifiable': 1, 'branch': 6}
6
Q: [[0 1 1 0 0 0 1 0 0 0]
 [0 0 1 0 0 1 0 0 1 0]
 [0 0 0 0 0 1 1 0 0 1]
 [1 0 1 1 1 0 0 0 1 0]
 [0 0 0 0 0 0 1 0 0 0]
 [1 0 1 1 1 1 0 0 0 0]
 [1 1 0 1 1 0 0 0 0 0]
 [0 1 0 0 1 0 0 1 0 1]
 [0 1 0 0 0 0 0 0 1 1]
 [0 1 0 0 0 0 0 0 0 1]
 [1 0 0 0 0 1 0 0 1 0]
 [0 1 0 0 0 1 0 0 0 0]
 [0 0 1 0 0 0 0 0 1 0]
 [0 0 0 0 1 0 0 0 1 1]
 [0 1 0 1 0 1 0 1 0 0]
 [1 0 0 0 0 1 0 0 0 0]
 [0 0 0 0 0 0 0 1 1 0]
 [0 0 1 1 0 0 1 0 0 0]
 [0 0 0 0 0 0 1 0 0 1]
 [0 1 0 1 0 0 1 0 0 0]
 [0 0 0 1 0 0 1 1 0 0]
 [0 1 0 0 0 0 0 1 1 0]
 [0 0 0 1 1 0 1 0 0 1]
 [1 1 0 0 1 0 0 0 0 1]
 [0 1 0 0 0 0 0 1 0 0]
 [0 0 1 1 0 0 0 1 0 0]
 [1 0 0 1 0 1 0 0 0 0]
 [0 1 0 0 0 0 0 0 0 1]
 [0 0 0 0 1 1 0 0 0 0]
 [0 0 1 1 0 0 0 1 0 0]
 [0 0 0 0 0 1 0 0 1 0]
 [0 0 0 0 0 0 1 0 1 0]
 [1 0 0 0 0 1 1 0 0 0]
 [0 1 1 0 1 0 0 0 0 1]
 [0 0 0 0 0 0 0 0 0 0]
 [0 0 1 0 0 1 0 0 1 0]
 [1 1 0 1 0 1 0 1 0 0]
 [1 0 1 0 1 0 1 1 0 0]
 [1 0 0 0 1 1 1 0 0 0]
 [1 0 0 0 1 0 0 1 0 0]
 [0 0 1 1 0 0 0 0 0 1]
 [0 1 0 0 0 0 0 1 0 1]
 [1 0 0 0 1 0 0 0 0 0]
 [0 1 1 0 0 1 1 1 1 0]
 [0 0 0 0 0 0 0 0 0 0]
 [0 0 0 0 0 0 1 0 0 0]
 [0 0 0 0 0 0 0 0 0 0]
 [0 1 0 0 0 1 0 0 1 0]
 [1 0 0 0 1 0 0 0 0 1]
 [0 0 0 0 0 1 0 0 0 0]
 [1 0 1 0 0 1 0 0 0 0]
 [0 0 0 0 1 0 0 1 0 1]
 [0 0 0 1 1 0 0 0 1 1]
 [0 0 0 1 0 0 1 0 0 0]
 [0 0 0 0 0 0 0 1 0 1]
 [0 0 0 1 0 0 0 0 0 0]
 [1 0 1 0 0 0 0 1 1 0]
 [0 0 1 1 0 0 0 1 0 0]
 [0 0 0 1 1 0 1 1 1 0]
 [0 0 0 0 1 0 0 0 0 1]
 [0 0 0 0 0 0 0 0 0 1]
 [1 1 0 0 0 1 0 0 0 0]
 [0 0 1 1 1 1 1 1 1 0]
 [0 0 0 1 0 0 0 0 0 1]
 [0 1 0 0 0 0 1 0 0 0]
 [0 1 0 0 0 0 0 1 0 0]
 [0 0 0 0 0 1 0 1 1 0]
 [1 0 0 0 0 1 0 0 0 0]
 [0 0 1 0 0 1 1 1 0 0]
 [1 0 0 0 0 0 0 0 0 0]
 [0 1 0 0 0 1 1 0 0 0]
 [0 1 1 0 1 0 0 1 0 1]
 [1 0 0 0 1 0 0 0 1 0]
 [1 0 0 0 0 0 0 0 0 0]
 [0 0 0 0 0 0 0 1 0 0]
 [0 0 0 0 0 0 0 0 0 0]
 [1 0 1 0 1 0 0 0 0 0]
 [0 1 1 0 0 0 0 1 0 0]
 [0 0 0 1 0 1 1 0 0 1]
 [0 1 0 0 0 1 0 0 0 0]
 [0 0 1 0 0 0 0 1 1 0]
 [0 1 1 0 0 1 0 0 1 0]
 [0 0 0 1 1 0 1 1 0 0]
 [0 1 0 0 1 0 0 0 0 1]
 [0 1 0 1 0 0 0 1 0 1]
 [0 0 1 0 0 0 0 0 0 1]
 [0 0 0 1 1 0 0 0 0 1]
 [0 0 0 0 1 0 1 0 0 1]
 [0 1 0 0 0 0 0 0 0 1]
 [0 0 1 0 0 0 0 1 0 0]
 [1 0 1 1 1 1 0 1 1 1]
 [0 1 0 0 1 1 0 1 1 0]
 [0 0 0 0 0 0 1 0 0 0]
 [0 0 1 0 0 0 0 1 1 0]
 [0 1 0 0 1 0 0 0 1 0]
 [1 0 1 0 0 1 0 0 0 0]
 [0 0 0 0 1 0 1 0 0 0]
 [1 0 0 1 1 1 0 0 0 0]
 [0 0 0 1 0 0 0 1 1 0]
 [0 0 0 0 0 0 0 0 0 1]]
{'restarts': 2, 'conflicts': 194, 'decisions': 491, 'propagations': 357692}
Q is identifiable
branch at 6
runtime for solving id of Q is 0.5412501860409975
Simulation results:
{'J': 100, 'K': 10, 'N': 10, 'p': 0.3, 'seed': 38, 'sim': 6, 'runtime': 0.5412501860409975, 'identifiable': 1, 'branch': 6}
7
Q: [[0 0 0 0 0 1 1 0 0 0]
 [0 0 0 0 1 0 0 1 0 1]
 [1 0 0 0 1 1 1 0 0 0]
 [0 0 1 0 0 0 0 0 0 1]
 [0 0 0 0 1 1 0 0 0 1]
 [1 0 0 1 0 0 0 0 1 0]
 [0 0 0 1 0 1 0 1 0 1]
 [0 1 1 0 0 1 0 1 0 0]
 [1 1 0 1 0 1 0 0 0 0]
 [1 0 0 1 0 1 0 0 0 0]
 [0 0 1 1 0 1 0 1 0 0]
 [0 0 0 1 0 0 0 0 0 0]
 [1 0 0 0 1 1 0 0 1 0]
 [0 1 0 0 1 0 1 0 0 1]
 [0 1 1 0 0 0 1 0 0 0]
 [1 0 0 1 0 1 1 0 0 0]
 [1 0 0 0 0 0 1 1 0 0]
 [1 0 0 1 0 0 0 1 0 0]
 [0 0 0 1 0 1 0 1 0 0]
 [1 1 0 0 0 1 0 0 1 0]
 [0 0 0 0 0 1 1 1 0 1]
 [0 1 0 0 0 1 1 0 0 0]
 [0 0 0 0 0 1 0 0 1 0]
 [0 1 1 0 1 0 0 1 1 0]
 [0 1 0 0 1 0 0 1 0 1]
 [0 0 0 1 0 1 0 0 0 0]
 [0 0 0 0 0 0 0 1 0 0]
 [0 0 1 0 0 0 1 1 1 1]
 [0 0 0 0 0 0 0 1 0 1]
 [0 0 0 1 1 1 1 0 0 0]
 [0 0 0 1 1 1 0 0 0 0]
 [1 0 1 0 0 0 1 0 0 0]
 [0 0 1 0 0 1 0 1 1 0]
 [0 0 0 0 0 0 1 0 0 0]
 [0 0 0 0 0 0 1 0 0 0]
 [0 1 0 0 1 0 0 0 0 1]
 [0 1 1 0 0 0 0 0 0 0]
 [1 0 0 1 0 1 1 0 0 0]
 [0 0 1 0 0 0 0 0 0 1]
 [0 0 0 1 1 1 1 1 0 1]
 [1 0 1 1 0 0 0 1 0 0]
 [0 0 1 0 0 1 0 0 0 1]
 [1 1 0 0 0 0 0 1 1 1]
 [1 0 0 1 1 1 0 0 1 0]
 [1 0 0 0 0 0 0 0 0 0]
 [1 1 1 0 0 0 0 0 0 0]
 [0 1 1 1 0 0 1 0 1 0]
 [1 0 0 0 0 0 0 1 0 0]
 [0 0 1 0 1 1 0 0 1 0]
 [0 0 0 0 0 1 0 0 0 1]
 [0 0 1 0 1 0 0 1 0 0]
 [0 0 1 1 1 0 0 0 1 0]
 [0 1 0 0 0 1 1 1 1 0]
 [0 0 0 0 1 0 0 0 0 0]
 [0 0 0 0 0 0 0 0 0 0]
 [0 1 0 0 0 0 0 0 1 0]
 [0 0 0 0 0 1 1 0 1 0]
 [0 1 0 0 1 0 0 0 0 1]
 [1 0 0 0 0 1 1 0 0 0]
 [0 0 1 0 0 0 0 1 0 0]
 [0 1 1 1 1 0 0 0 0 0]
 [0 1 0 1 0 1 0 0 0 0]
 [1 0 0 1 1 1 1 1 0 0]
 [0 0 1 0 0 0 1 1 0 0]
 [0 0 1 0 0 0 0 1 0 1]
 [0 0 1 0 0 0 0 0 0 1]
 [1 0 1 0 0 0 0 0 0 0]
 [0 0 0 1 1 1 0 1 1 0]
 [0 0 0 0 0 1 1 0 0 0]
 [0 1 0 0 0 1 1 1 0 0]
 [0 1 0 0 1 0 1 0 0 0]
 [0 0 0 1 0 1 1 1 0 1]
 [1 0 1 0 0 0 0 0 0 1]
 [0 0 1 1 1 0 0 0 0 0]
 [0 0 0 1 0 0 0 1 1 0]
 [1 1 0 0 0 1 0 0 0 0]
 [0 0 1 0 0 1 0 0 0 1]
 [0 0 1 0 0 1 0 0 0 0]
 [1 1 1 0 0 0 0 0 0 0]
 [0 0 0 0 1 0 0 0 0 0]
 [0 0 0 0 0 0 1 0 0 1]
 [1 1 1 0 1 1 0 0 0 0]
 [0 0 1 1 0 0 0 0 0 0]
 [0 0 1 0 0 0 0 0 1 0]
 [0 0 0 0 0 0 0 0 0 1]
 [1 1 0 0 1 1 0 0 0 0]
 [0 0 0 1 0 0 0 1 0 0]
 [1 1 0 0 1 0 1 0 0 0]
 [0 0 1 0 0 1 1 1 0 1]
 [0 0 0 0 0 1 0 0 0 1]
 [0 0 1 0 0 0 0 0 0 0]
 [1 1 1 0 1 0 1 1 0 0]
 [0 0 0 0 0 0 0 1 1 0]
 [1 0 1 0 0 0 0 0 0 0]
 [0 0 1 1 0 0 1 0 0 0]
 [1 0 0 0 1 0 1 0 1 1]
 [0 0 1 0 0 0 0 0 1 1]
 [0 0 0 0 0 0 0 0 0 1]
 [0 1 1 0 0 0 1 0 0 0]
 [0 1 1 0 0 0 0 0 0 0]]
{'restarts': 1, 'conflicts': 83, 'decisions': 172, 'propagations': 92008}
Q is identifiable
branch at 6
runtime for solving id of Q is 0.36165431048721075
Simulation results:
{'J': 100, 'K': 10, 'N': 10, 'p': 0.3, 'seed': 38, 'sim': 7, 'runtime': 0.36165431048721075, 'identifiable': 1, 'branch': 6}
8
Q: [[0 1 0 1 0 1 0 1 0 0]
 [0 0 0 1 0 0 0 0 0 0]
 [0 0 0 0 1 0 0 0 0 1]
 [0 0 0 0 0 1 0 0 0 0]
 [0 0 0 1 1 0 0 0 0 0]
 [0 0 0 0 0 0 0 0 0 0]
 [0 1 1 0 0 0 0 0 0 0]
 [0 0 0 0 0 0 0 0 1 0]
 [0 0 0 0 0 0 1 0 0 0]
 [0 0 0 0 0 1 0 0 0 0]
 [0 0 0 1 0 0 0 0 1 1]
 [0 1 0 1 0 1 1 0 0 0]
 [0 0 0 0 0 1 0 1 0 0]
 [0 0 0 0 0 1 0 1 1 0]
 [0 0 1 0 1 0 0 1 0 0]
 [0 1 1 0 0 0 1 0 0 1]
 [0 1 0 0 1 1 0 0 0 0]
 [0 0 0 1 0 0 0 0 1 1]
 [0 1 0 1 0 0 0 0 0 0]
 [0 0 0 0 0 0 0 0 1 0]
 [1 0 1 0 0 0 0 0 1 0]
 [1 0 1 0 0 1 0 0 0 0]
 [0 0 1 0 0 0 0 1 1 0]
 [1 0 0 1 1 0 0 0 1 1]
 [0 1 0 0 0 1 0 0 0 0]
 [1 0 0 0 1 0 0 0 0 1]
 [0 0 0 1 1 0 1 0 0 1]
 [0 0 0 0 0 0 0 0 0 0]
 [1 1 0 0 1 0 1 1 0 1]
 [0 0 1 0 0 0 1 0 1 1]
 [1 0 1 0 1 0 1 1 1 1]
 [0 0 0 0 0 1 1 1 1 1]
 [1 0 1 1 0 0 0 1 0 0]
 [0 0 0 0 0 0 0 1 1 0]
 [0 1 0 1 1 0 0 1 0 1]
 [0 0 0 0 0 0 0 0 1 1]
 [0 0 0 0 0 0 1 0 0 0]
 [1 0 0 0 1 1 0 0 0 0]
 [1 1 0 1 0 0 0 0 0 0]
 [1 0 1 1 0 1 1 1 0 1]
 [1 0 0 1 0 1 0 0 1 0]
 [1 0 1 0 1 0 0 1 0 1]
 [0 0 0 0 0 0 0 1 1 0]
 [0 0 0 0 1 1 0 0 1 0]
 [0 0 0 0 0 0 1 0 1 0]
 [0 0 0 1 0 1 0 0 0 0]
 [1 0 0 0 0 1 0 0 0 0]
 [0 1 0 0 0 0 0 0 1 0]
 [0 0 0 1 0 0 0 0 0 0]
 [1 1 0 1 0 0 0 0 1 0]
 [1 0 0 0 1 0 0 0 0 0]
 [0 1 1 0 0 0 0 0 0 0]
 [0 0 0 0 0 1 0 0 0 1]
 [0 0 0 0 1 0 1 1 1 0]
 [0 1 1 1 0 1 0 1 0 0]
 [0 0 1 1 1 1 0 0 1 0]
 [0 1 0 0 0 1 0 0 0 1]
 [0 1 1 0 0 0 0 0 0 0]
 [0 0 0 0 0 0 0 0 0 0]
 [0 0 1 0 0 1 1 0 0 0]
 [0 0 1 0 0 1 0 1 0 0]
 [1 0 0 0 1 0 0 0 1 1]
 [0 1 0 1 1 1 1 0 0 0]
 [0 1 0 0 0 1 0 0 0 0]
 [0 0 0 0 1 1 1 0 1 0]
 [1 0 0 0 0 0 0 0 1 0]
 [0 0 1 0 1 1 0 0 0 0]
 [0 0 0 1 1 0 1 0 0 0]
 [0 0 0 0 0 1 0 1 0 1]
 [0 0 1 0 1 1 1 1 0 0]
 [0 0 1 1 1 1 0 1 1 0]
 [1 0 1 1 0 0 0 1 0 1]
 [0 0 0 1 0 1 0 1 0 0]
 [0 0 0 0 0 1 0 0 0 0]
 [0 0 0 0 0 0 0 0 0 1]
 [0 0 0 1 0 0 0 1 1 0]
 [0 1 0 0 1 0 0 1 1 1]
 [0 0 0 0 0 1 0 0 0 0]
 [0 1 0 1 0 0 1 1 0 0]
 [0 1 0 0 1 0 0 0 1 0]
 [0 0 0 1 0 0 0 1 0 0]
 [0 1 1 1 0 0 1 0 0 1]
 [0 0 0 0 1 0 1 0 1 0]
 [1 0 1 0 1 0 0 0 0 0]
 [0 0 1 0 0 0 0 0 0 1]
 [0 0 1 1 0 1 0 1 0 0]
 [0 1 1 0 0 1 0 0 1 0]
 [1 1 0 0 0 0 0 0 1 0]
 [0 0 0 1 0 0 0 1 0 0]
 [0 0 0 0 0 1 1 1 0 1]
 [1 1 1 0 0 0 0 0 0 1]
 [0 0 0 0 0 0 0 0 0 0]
 [0 1 0 0 0 0 0 0 1 0]
 [0 0 1 1 0 1 0 0 1 1]
 [0 1 0 0 1 0 1 1 0 1]
 [0 0 1 1 0 0 0 0 1 0]
 [1 0 0 0 0 1 1 1 1 1]
 [0 0 0 0 0 0 0 0 0 0]
 [0 1 0 0 1 0 1 1 0 1]
 [0 0 0 1 1 0 0 0 1 1]]
{'restarts': 1, 'conflicts': 99, 'decisions': 286, 'propagations': 116635}
Q is identifiable
branch at 6
runtime for solving id of Q is 0.6319441283121705
Simulation results:
{'J': 100, 'K': 10, 'N': 10, 'p': 0.3, 'seed': 38, 'sim': 8, 'runtime': 0.6319441283121705, 'identifiable': 1, 'branch': 6}
9
Q: [[1 1 0 0 1 1 0 0 0 0]
 [0 0 0 1 0 0 1 0 0 0]
 [0 0 1 0 0 0 0 1 1 1]
 [0 0 1 0 0 1 0 0 0 0]
 [0 1 0 0 1 1 0 0 1 0]
 [0 1 0 0 0 0 0 1 0 0]
 [0 0 0 0 1 0 0 0 0 0]
 [1 0 0 1 1 0 1 0 0 0]
 [1 0 0 1 0 0 0 0 1 1]
 [0 0 1 0 0 1 0 0 1 0]
 [0 0 1 1 1 0 0 1 0 0]
 [1 0 1 0 0 1 0 1 1 0]
 [0 1 0 0 0 0 0 1 0 1]
 [0 0 0 0 1 0 0 0 0 0]
 [1 0 0 1 0 0 1 0 0 1]
 [0 0 1 0 0 1 0 0 0 0]
 [0 0 0 0 1 0 0 0 0 0]
 [0 1 1 0 0 0 0 0 0 0]
 [0 1 0 0 0 0 0 0 0 1]
 [1 0 1 1 0 0 0 0 0 1]
 [0 0 1 1 0 0 0 0 0 0]
 [0 0 0 0 0 1 1 0 1 1]
 [0 0 0 0 0 0 0 0 1 0]
 [0 0 0 0 0 0 0 1 0 1]
 [0 0 0 0 0 1 1 1 0 0]
 [0 0 0 0 0 0 0 0 0 1]
 [0 0 1 1 0 0 0 0 0 0]
 [0 0 1 0 1 1 0 0 1 0]
 [1 0 0 0 1 0 0 0 1 0]
 [0 0 0 0 0 0 0 0 0 0]
 [0 0 0 0 0 0 1 0 0 1]
 [1 1 0 1 0 0 1 0 0 0]
 [1 0 1 0 1 1 0 0 0 1]
 [0 0 1 1 1 0 0 1 0 0]
 [0 0 0 1 0 1 0 0 0 1]
 [0 0 0 0 0 0 1 1 0 1]
 [1 0 1 0 0 0 0 0 1 1]
 [0 1 1 1 1 0 1 0 0 0]
 [0 0 0 0 0 0 1 0 1 0]
 [0 0 0 0 0 0 1 1 0 0]
 [0 0 0 0 1 1 0 0 1 0]
 [0 0 1 0 0 0 1 0 0 0]
 [0 0 0 0 0 0 0 1 0 0]
 [0 1 1 0 1 0 0 0 0 0]
 [0 1 0 0 0 0 1 0 0 0]
 [0 0 1 1 0 0 0 1 0 1]
 [0 0 1 1 0 0 0 0 1 0]
 [0 0 0 0 1 0 0 0 0 0]
 [1 0 0 0 0 0 1 0 1 1]
 [1 0 1 0 0 0 0 0 0 0]
 [0 0 0 1 0 0 1 0 0 0]
 [0 0 0 1 0 0 0 0 0 0]
 [1 1 1 0 0 0 1 1 0 0]
 [0 0 0 0 1 1 1 0 1 1]
 [1 1 0 0 0 0 0 0 0 1]
 [0 0 0 0 0 0 0 0 0 1]
 [0 0 0 0 1 1 1 0 0 0]
 [1 1 0 0 1 0 0 0 0 0]
 [0 1 0 1 0 0 1 0 0 0]
 [0 0 1 0 1 0 0 0 1 0]
 [0 1 0 0 0 1 1 0 0 0]
 [1 0 0 1 1 1 0 1 0 0]
 [0 0 0 0 1 0 0 0 0 0]
 [0 1 0 0 1 1 0 0 0 1]
 [1 0 0 0 0 1 1 1 0 1]
 [1 0 0 0 0 0 1 0 0 1]
 [0 0 0 1 1 1 1 1 0 0]
 [0 0 0 0 1 0 0 1 0 1]
 [1 0 1 0 0 0 0 0 0 1]
 [1 1 1 0 0 0 1 1 0 0]
 [0 1 0 0 1 0 1 0 0 0]
 [0 0 0 1 0 0 0 0 0 0]
 [0 1 0 0 0 0 0 0 1 0]
 [1 0 0 0 1 0 0 0 0 0]
 [0 1 0 0 0 0 1 0 1 0]
 [0 1 0 0 1 0 1 0 1 0]
 [0 1 0 0 1 0 1 0 1 0]
 [0 0 0 1 0 0 0 1 0 1]
 [1 1 0 0 0 1 1 0 1 0]
 [0 0 0 0 0 1 1 0 1 1]
 [0 0 0 0 0 0 1 0 1 0]
 [0 0 0 0 1 0 1 0 0 1]
 [0 0 0 0 0 0 0 1 0 1]
 [0 0 0 0 0 1 0 0 0 0]
 [0 0 0 1 0 0 0 0 1 1]
 [1 1 0 0 0 0 0 0 0 0]
 [0 0 0 1 0 0 0 0 0 0]
 [0 1 0 0 0 0 0 0 0 0]
 [0 1 0 0 1 0 0 0 0 1]
 [0 1 0 1 0 0 1 0 0 0]
 [0 1 0 0 0 0 0 1 0 0]
 [0 1 1 0 0 1 0 0 1 0]
 [0 1 0 0 1 0 0 1 1 1]
 [0 0 0 0 0 1 0 0 0 0]
 [1 0 0 0 0 0 0 0 1 1]
 [0 1 0 0 0 0 0 1 0 1]
 [0 1 0 1 1 0 1 0 0 1]
 [1 1 0 0 0 0 1 0 0 0]
 [0 0 0 0 0 1 0 1 0 0]
 [1 0 0 0 0 1 0 0 0 1]]
{'restarts': 1, 'conflicts': 87, 'decisions': 164, 'propagations': 140233}
Q is identifiable
branch at 6
runtime for solving id of Q is 0.4757290482521057
Simulation results:
{'J': 100, 'K': 10, 'N': 10, 'p': 0.3, 'seed': 38, 'sim': 9, 'runtime': 0.4757290482521057, 'identifiable': 1, 'branch': 6}
Simulation results:
[{'J': 100, 'K': 10, 'N': 10, 'p': 0.3, 'seed': 38, 'sim': 0, 'runtime': 0.9042354905977845, 'identifiable': 1, 'branch': 6}, {'J': 100, 'K': 10, 'N': 10, 'p': 0.3, 'seed': 38, 'sim': 1, 'runtime': 0.6192744318395853, 'identifiable': 1, 'branch': 6}, {'J': 100, 'K': 10, 'N': 10, 'p': 0.3, 'seed': 38, 'sim': 2, 'runtime': 0.37278362549841404, 'identifiable': 1, 'branch': 6}, {'J': 100, 'K': 10, 'N': 10, 'p': 0.3, 'seed': 38, 'sim': 3, 'runtime': 0.40018313098698854, 'identifiable': 1, 'branch': 6}, {'J': 100, 'K': 10, 'N': 10, 'p': 0.3, 'seed': 38, 'sim': 4, 'runtime': 0.567949965596199, 'identifiable': 1, 'branch': 6}, {'J': 100, 'K': 10, 'N': 10, 'p': 0.3, 'seed': 38, 'sim': 5, 'runtime': 0.5190397743135691, 'identifiable': 1, 'branch': 6}, {'J': 100, 'K': 10, 'N': 10, 'p': 0.3, 'seed': 38, 'sim': 6, 'runtime': 0.5412501860409975, 'identifiable': 1, 'branch': 6}, {'J': 100, 'K': 10, 'N': 10, 'p': 0.3, 'seed': 38, 'sim': 7, 'runtime': 0.36165431048721075, 'identifiable': 1, 'branch': 6}, {'J': 100, 'K': 10, 'N': 10, 'p': 0.3, 'seed': 38, 'sim': 8, 'runtime': 0.6319441283121705, 'identifiable': 1, 'branch': 6}, {'J': 100, 'K': 10, 'N': 10, 'p': 0.3, 'seed': 38, 'sim': 9, 'runtime': 0.4757290482521057, 'identifiable': 1, 'branch': 6}]
