
The Gurobi software has a limited number of licenses. To request a license or
licenses, add this line

    #SBATCH --licenses=gurobi@slurmdb:1

to your SBATCH script, replacing N with the number of licenses you need. Gurobi
will need one license per process.


0
Q: [[0 0 1 0 1]
 [1 1 1 1 0]
 [0 1 0 0 0]
 [1 0 1 1 0]
 [0 0 0 0 1]
 [1 0 0 0 0]
 [0 0 1 0 1]
 [0 0 0 0 0]
 [1 1 0 0 1]
 [0 0 0 1 0]
 [1 0 0 0 1]
 [0 0 0 0 1]
 [0 0 0 0 0]
 [1 1 0 0 0]
 [1 0 1 0 1]
 [0 0 0 0 1]
 [1 0 1 0 1]
 [0 0 1 1 1]
 [1 0 1 1 1]
 [0 0 1 1 0]
 [0 0 0 1 0]
 [0 1 0 0 1]
 [0 0 0 1 0]
 [0 1 1 0 1]
 [0 0 0 1 0]
 [0 0 1 0 0]
 [0 0 0 1 1]
 [0 0 1 0 0]
 [0 0 1 0 0]
 [0 0 0 0 0]
 [0 0 1 0 0]
 [1 0 0 0 1]
 [0 0 0 0 1]
 [0 1 0 1 1]
 [1 0 0 0 0]
 [0 1 1 1 0]
 [1 0 0 0 1]
 [0 0 1 1 0]
 [0 0 1 0 1]
 [1 0 0 0 0]
 [1 1 0 0 0]
 [0 0 1 0 0]
 [0 0 1 0 0]
 [0 1 1 0 0]
 [1 0 0 1 1]
 [0 1 0 0 0]
 [0 1 0 0 0]
 [0 0 0 0 0]
 [0 1 0 1 0]
 [0 0 0 0 0]]
Q is identifiable (direct_check).
Q is identifiable
branch at 4
runtime for solving id of Q is 0.000536695122718811
Simulation results:
{'J': 50, 'K': 5, 'N': 10, 'p': 0.3, 'seed': 71, 'sim': 0, 'runtime': 0.000536695122718811, 'identifiable': 1, 'branch': 4}
1
Q: [[0 0 0 0 1]
 [1 1 0 1 1]
 [0 0 0 0 0]
 [0 0 0 1 1]
 [1 0 1 0 1]
 [0 0 0 0 0]
 [1 1 0 0 0]
 [0 0 1 0 1]
 [0 0 1 1 1]
 [0 0 0 0 0]
 [1 0 1 0 0]
 [0 0 0 0 0]
 [0 0 1 1 0]
 [0 0 1 1 1]
 [0 0 0 0 1]
 [0 1 0 1 0]
 [1 0 1 1 0]
 [0 0 0 0 1]
 [0 1 0 1 0]
 [0 1 1 0 0]
 [0 0 0 0 0]
 [0 1 0 1 0]
 [0 0 1 1 0]
 [0 0 0 0 0]
 [0 1 0 0 0]
 [1 0 0 0 0]
 [0 0 1 1 0]
 [1 1 0 0 1]
 [1 0 0 0 0]
 [0 1 0 1 0]
 [0 1 1 0 0]
 [0 0 0 0 0]
 [1 0 1 0 1]
 [1 1 0 0 0]
 [0 0 1 0 1]
 [0 0 0 0 0]
 [0 1 0 1 0]
 [0 0 0 0 0]
 [0 0 0 0 1]
 [1 0 0 0 0]
 [0 0 0 0 0]
 [0 1 0 1 1]
 [1 0 1 0 0]
 [1 0 0 1 0]
 [1 0 0 0 0]
 [1 1 0 0 0]
 [1 0 0 0 1]
 [0 0 0 0 1]
 [0 0 0 0 0]
 [0 0 0 1 0]]
{'restarts': 1, 'conflicts': 7, 'decisions': 20, 'propagations': 510}
Q is identifiable
branch at 6
runtime for solving id of Q is 0.0038607753813266754
Simulation results:
{'J': 50, 'K': 5, 'N': 10, 'p': 0.3, 'seed': 71, 'sim': 1, 'runtime': 0.0038607753813266754, 'identifiable': 1, 'branch': 6}
2
Q: [[0 0 0 0 0]
 [0 0 1 0 1]
 [0 0 0 0 0]
 [1 1 1 0 1]
 [0 0 0 0 1]
 [0 0 0 0 0]
 [0 0 0 0 0]
 [0 0 0 0 0]
 [0 0 1 0 1]
 [0 0 0 0 0]
 [0 0 1 0 1]
 [0 0 0 1 0]
 [0 1 1 1 1]
 [0 1 0 1 0]
 [0 0 0 0 0]
 [0 0 1 1 0]
 [1 0 0 0 0]
 [0 0 0 1 1]
 [1 0 0 0 0]
 [0 0 0 0 1]
 [0 1 0 0 0]
 [0 0 0 0 0]
 [0 1 0 0 0]
 [0 1 1 1 0]
 [0 1 0 0 0]
 [1 0 0 0 0]
 [1 1 1 1 0]
 [1 1 0 0 0]
 [0 1 1 0 0]
 [0 0 0 1 0]
 [0 1 0 1 1]
 [0 1 0 0 0]
 [0 0 0 1 0]
 [0 0 0 0 0]
 [0 1 0 0 0]
 [0 0 0 0 1]
 [1 0 0 0 1]
 [1 0 0 0 0]
 [0 0 0 0 0]
 [1 0 0 0 0]
 [0 0 0 1 1]
 [0 0 0 0 0]
 [0 0 0 0 0]
 [1 0 1 0 1]
 [1 0 0 0 0]
 [0 0 0 0 0]
 [0 0 1 0 1]
 [0 0 0 0 1]
 [0 1 0 1 0]
 [0 0 1 1 0]]
{'restarts': 1, 'conflicts': 7, 'decisions': 14, 'propagations': 478}
Q is identifiable
branch at 6
runtime for solving id of Q is 0.0032347338274121284
Simulation results:
{'J': 50, 'K': 5, 'N': 10, 'p': 0.3, 'seed': 71, 'sim': 2, 'runtime': 0.0032347338274121284, 'identifiable': 1, 'branch': 6}
3
Q: [[0 1 0 1 0]
 [0 0 0 0 0]
 [0 1 1 0 0]
 [1 0 0 0 1]
 [1 0 0 0 0]
 [0 1 0 0 0]
 [0 0 1 0 0]
 [1 0 1 0 0]
 [0 0 1 1 0]
 [0 0 1 0 0]
 [0 0 1 0 1]
 [0 1 1 0 0]
 [1 0 0 0 0]
 [1 0 1 0 1]
 [1 0 0 0 1]
 [0 1 0 0 1]
 [0 0 0 0 0]
 [1 0 0 0 0]
 [0 1 0 0 0]
 [0 1 0 1 0]
 [0 1 0 0 0]
 [1 0 0 1 0]
 [1 1 0 1 0]
 [1 0 0 0 1]
 [0 0 0 0 0]
 [0 1 0 1 1]
 [1 1 0 0 1]
 [0 0 1 0 1]
 [0 0 0 0 1]
 [0 0 0 0 0]
 [0 1 0 0 0]
 [0 1 0 0 0]
 [1 0 0 0 0]
 [1 1 0 0 0]
 [0 0 1 1 0]
 [0 0 1 0 0]
 [1 0 1 0 0]
 [1 1 0 1 0]
 [0 0 0 0 1]
 [0 0 0 1 1]
 [1 0 0 0 0]
 [0 0 0 0 1]
 [0 1 1 0 0]
 [0 0 0 0 1]
 [0 0 0 0 0]
 [0 0 0 1 1]
 [0 0 1 0 0]
 [0 1 0 1 0]
 [1 1 1 1 1]
 [0 1 0 0 1]]
{'restarts': 1, 'conflicts': 11, 'decisions': 21, 'propagations': 424}
Q is identifiable
branch at 6
runtime for solving id of Q is 0.003416236490011215
Simulation results:
{'J': 50, 'K': 5, 'N': 10, 'p': 0.3, 'seed': 71, 'sim': 3, 'runtime': 0.003416236490011215, 'identifiable': 1, 'branch': 6}
4
Q: [[0 0 0 0 0]
 [0 0 0 1 0]
 [0 0 0 0 1]
 [0 1 0 0 0]
 [1 0 1 0 1]
 [0 0 0 0 0]
 [0 0 0 1 1]
 [0 0 0 0 0]
 [0 0 1 1 1]
 [0 0 0 1 0]
 [0 0 1 1 0]
 [0 0 1 0 0]
 [0 1 0 1 0]
 [0 0 1 0 0]
 [0 0 1 0 0]
 [0 0 0 0 0]
 [1 0 0 0 1]
 [0 0 0 0 0]
 [0 0 0 0 1]
 [0 1 0 0 0]
 [0 0 1 0 0]
 [0 0 0 0 0]
 [0 0 1 1 0]
 [0 0 0 0 0]
 [0 0 0 0 0]
 [0 0 1 0 0]
 [0 1 1 1 0]
 [1 0 0 0 0]
 [1 1 0 0 0]
 [0 0 0 0 1]
 [0 1 0 1 0]
 [0 1 1 0 0]
 [0 1 0 0 0]
 [1 0 1 1 0]
 [0 0 0 0 1]
 [1 0 0 0 0]
 [0 0 0 1 0]
 [0 0 0 0 1]
 [0 0 1 0 0]
 [0 0 0 1 0]
 [0 0 0 0 0]
 [0 1 1 0 0]
 [0 0 1 1 0]
 [1 0 1 0 0]
 [0 0 0 1 0]
 [1 0 0 1 1]
 [1 0 0 0 1]
 [0 0 1 0 0]
 [1 0 0 0 1]
 [0 1 0 0 1]]
Q is identifiable (direct_check).
Q is identifiable
branch at 4
runtime for solving id of Q is 0.0004380960017442703
Simulation results:
{'J': 50, 'K': 5, 'N': 10, 'p': 0.3, 'seed': 71, 'sim': 4, 'runtime': 0.0004380960017442703, 'identifiable': 1, 'branch': 4}
5
Q: [[0 1 1 0 0]
 [1 0 1 0 0]
 [0 1 1 0 0]
 [1 0 0 0 1]
 [0 0 0 0 1]
 [1 0 0 0 0]
 [0 0 1 0 1]
 [1 0 0 0 1]
 [0 0 1 1 0]
 [1 0 0 0 0]
 [0 1 1 1 1]
 [1 0 0 1 0]
 [0 0 1 1 0]
 [1 0 0 0 0]
 [0 0 0 1 0]
 [1 1 0 0 0]
 [0 0 0 1 1]
 [1 0 1 0 0]
 [0 0 0 1 0]
 [0 1 0 1 0]
 [0 1 0 0 0]
 [1 0 0 0 1]
 [0 0 1 0 0]
 [0 1 1 0 1]
 [0 0 0 0 1]
 [0 0 1 1 1]
 [1 0 0 0 1]
 [1 0 0 1 0]
 [0 1 0 0 1]
 [1 0 1 0 0]
 [0 0 0 1 0]
 [0 0 1 0 0]
 [0 1 0 1 1]
 [1 0 0 0 1]
 [1 1 0 0 0]
 [0 0 1 0 0]
 [0 0 0 0 0]
 [0 0 0 1 1]
 [1 0 0 1 0]
 [0 1 0 0 0]
 [1 0 1 1 1]
 [0 1 1 0 0]
 [1 0 0 0 0]
 [0 1 0 1 1]
 [0 1 0 0 0]
 [0 0 0 1 0]
 [0 0 1 0 0]
 [0 1 0 1 0]
 [0 0 1 0 0]
 [0 1 0 0 1]]
Q is identifiable (direct_check).
Q is identifiable
branch at 4
runtime for solving id of Q is 0.00044377706944942474
Simulation results:
{'J': 50, 'K': 5, 'N': 10, 'p': 0.3, 'seed': 71, 'sim': 5, 'runtime': 0.00044377706944942474, 'identifiable': 1, 'branch': 4}
6
Q: [[0 1 0 0 1]
 [0 0 1 1 0]
 [0 1 0 0 1]
 [0 0 1 0 0]
 [0 0 0 0 1]
 [0 0 0 0 0]
 [0 0 1 0 0]
 [0 0 0 1 0]
 [1 0 0 0 1]
 [1 0 1 0 1]
 [0 0 1 0 0]
 [1 1 0 0 0]
 [0 0 0 1 1]
 [1 1 0 1 0]
 [0 0 1 0 0]
 [1 0 0 0 1]
 [1 1 0 0 0]
 [0 1 1 0 1]
 [1 1 1 0 1]
 [0 0 1 1 0]
 [0 0 1 0 0]
 [0 0 0 0 0]
 [0 0 1 1 0]
 [0 0 0 0 0]
 [1 0 0 0 0]
 [0 1 0 0 0]
 [0 1 0 0 1]
 [0 0 0 0 1]
 [0 0 0 1 0]
 [0 0 0 1 0]
 [0 0 0 1 0]
 [1 0 0 1 1]
 [0 0 0 0 0]
 [0 0 0 0 1]
 [0 0 0 0 0]
 [0 0 1 0 0]
 [0 0 1 1 0]
 [1 1 1 0 0]
 [1 0 0 0 0]
 [0 0 1 0 0]
 [0 0 0 0 0]
 [0 1 0 1 0]
 [0 0 0 1 1]
 [0 1 0 0 1]
 [0 1 0 0 1]
 [0 0 0 0 0]
 [0 0 0 0 0]
 [0 0 0 0 1]
 [1 0 0 0 0]
 [1 0 0 1 0]]
Q is identifiable (direct_check).
Q is identifiable
branch at 4
runtime for solving id of Q is 0.00043415650725364685
Simulation results:
{'J': 50, 'K': 5, 'N': 10, 'p': 0.3, 'seed': 71, 'sim': 6, 'runtime': 0.00043415650725364685, 'identifiable': 1, 'branch': 4}
7
Q: [[0 1 0 1 0]
 [0 0 0 0 0]
 [0 0 1 1 1]
 [0 0 0 0 1]
 [1 1 0 0 0]
 [1 0 0 1 1]
 [0 0 0 1 0]
 [0 0 0 0 0]
 [0 0 0 0 1]
 [0 1 0 0 1]
 [0 0 0 0 0]
 [0 0 0 1 1]
 [1 1 0 0 1]
 [1 0 1 0 1]
 [0 1 0 0 0]
 [0 1 1 1 0]
 [0 0 0 0 0]
 [1 1 0 0 0]
 [1 1 0 1 0]
 [0 1 0 1 0]
 [0 1 0 0 1]
 [0 0 0 0 0]
 [1 1 0 0 1]
 [0 0 1 0 0]
 [0 0 1 0 1]
 [1 0 0 0 0]
 [0 0 0 1 0]
 [0 0 0 0 0]
 [0 0 0 1 1]
 [0 1 0 0 0]
 [1 0 0 0 0]
 [0 1 0 1 1]
 [0 1 1 0 0]
 [0 0 0 0 0]
 [1 0 1 0 0]
 [1 1 1 0 0]
 [1 1 1 1 0]
 [0 0 0 1 0]
 [0 0 0 1 0]
 [0 1 0 0 0]
 [1 0 1 1 0]
 [1 0 0 1 0]
 [1 0 0 0 0]
 [1 1 0 0 0]
 [0 0 0 1 0]
 [0 0 0 0 0]
 [0 0 1 0 0]
 [0 0 0 1 0]
 [1 0 0 0 0]
 [0 0 0 0 0]]
Q is identifiable (direct_check).
Q is identifiable
branch at 4
runtime for solving id of Q is 0.0004347600042819977
Simulation results:
{'J': 50, 'K': 5, 'N': 10, 'p': 0.3, 'seed': 71, 'sim': 7, 'runtime': 0.0004347600042819977, 'identifiable': 1, 'branch': 4}
8
Q: [[1 1 0 0 0]
 [1 0 0 0 0]
 [0 0 1 0 0]
 [0 0 0 1 0]
 [0 0 0 0 0]
 [0 0 1 1 0]
 [1 1 1 1 1]
 [0 0 1 1 0]
 [0 0 0 0 0]
 [0 0 0 1 1]
 [1 0 0 1 0]
 [0 0 0 0 0]
 [0 0 0 0 0]
 [1 0 0 1 0]
 [1 0 1 0 0]
 [1 0 0 0 0]
 [0 0 0 0 1]
 [0 0 1 1 0]
 [0 1 0 0 0]
 [0 0 0 0 0]
 [0 0 1 1 0]
 [0 1 1 0 0]
 [0 0 1 0 1]
 [0 1 1 1 0]
 [0 0 0 0 1]
 [0 1 1 0 1]
 [0 1 0 1 0]
 [0 0 0 1 1]
 [0 1 1 1 0]
 [0 0 0 0 0]
 [0 0 0 0 0]
 [0 0 0 0 0]
 [0 1 0 0 0]
 [1 0 0 0 0]
 [0 0 1 0 1]
 [0 0 0 1 1]
 [0 0 0 0 0]
 [1 0 0 1 0]
 [0 1 0 1 0]
 [1 1 0 0 0]
 [1 0 0 1 1]
 [0 1 1 0 0]
 [0 0 0 0 0]
 [0 0 1 0 1]
 [1 0 1 1 0]
 [1 1 0 0 0]
 [0 0 0 0 0]
 [1 0 1 0 0]
 [0 0 0 0 1]
 [0 1 0 1 0]]
Q is identifiable (direct_check).
Q is identifiable
branch at 4
runtime for solving id of Q is 0.00042975135147571564
Simulation results:
{'J': 50, 'K': 5, 'N': 10, 'p': 0.3, 'seed': 71, 'sim': 8, 'runtime': 0.00042975135147571564, 'identifiable': 1, 'branch': 4}
9
Q: [[0 1 0 0 1]
 [0 0 0 0 1]
 [1 0 0 0 0]
 [0 0 0 0 0]
 [0 0 0 0 0]
 [0 0 0 1 0]
 [0 0 1 0 0]
 [0 1 0 1 0]
 [1 0 1 0 0]
 [0 0 0 0 0]
 [0 0 0 0 0]
 [0 0 1 0 1]
 [0 1 1 1 1]
 [0 0 0 1 1]
 [1 0 0 0 1]
 [0 0 0 0 1]
 [1 1 0 0 1]
 [1 0 1 1 0]
 [0 0 0 0 0]
 [0 0 0 0 1]
 [1 0 0 0 1]
 [0 1 0 0 0]
 [1 0 0 0 0]
 [0 0 0 0 1]
 [0 1 1 0 0]
 [1 0 0 1 0]
 [0 0 0 0 0]
 [0 1 1 0 1]
 [1 0 1 1 0]
 [0 0 0 0 1]
 [0 0 1 0 0]
 [0 0 1 1 0]
 [0 0 0 1 0]
 [0 1 1 0 0]
 [1 0 0 1 1]
 [0 0 1 0 0]
 [1 0 1 0 0]
 [1 1 0 0 1]
 [1 1 1 0 0]
 [0 0 1 1 0]
 [0 1 0 0 0]
 [0 0 0 0 1]
 [0 0 1 1 0]
 [0 0 0 0 1]
 [0 0 1 0 0]
 [0 1 1 0 0]
 [0 1 1 0 0]
 [1 0 0 1 0]
 [1 0 1 0 0]
 [0 0 1 1 0]]
Q is identifiable (direct_check).
Q is identifiable
branch at 4
runtime for solving id of Q is 0.00042974017560482025
Simulation results:
{'J': 50, 'K': 5, 'N': 10, 'p': 0.3, 'seed': 71, 'sim': 9, 'runtime': 0.00042974017560482025, 'identifiable': 1, 'branch': 4}
Simulation results:
[{'J': 50, 'K': 5, 'N': 10, 'p': 0.3, 'seed': 71, 'sim': 0, 'runtime': 0.000536695122718811, 'identifiable': 1, 'branch': 4}, {'J': 50, 'K': 5, 'N': 10, 'p': 0.3, 'seed': 71, 'sim': 1, 'runtime': 0.0038607753813266754, 'identifiable': 1, 'branch': 6}, {'J': 50, 'K': 5, 'N': 10, 'p': 0.3, 'seed': 71, 'sim': 2, 'runtime': 0.0032347338274121284, 'identifiable': 1, 'branch': 6}, {'J': 50, 'K': 5, 'N': 10, 'p': 0.3, 'seed': 71, 'sim': 3, 'runtime': 0.003416236490011215, 'identifiable': 1, 'branch': 6}, {'J': 50, 'K': 5, 'N': 10, 'p': 0.3, 'seed': 71, 'sim': 4, 'runtime': 0.0004380960017442703, 'identifiable': 1, 'branch': 4}, {'J': 50, 'K': 5, 'N': 10, 'p': 0.3, 'seed': 71, 'sim': 5, 'runtime': 0.00044377706944942474, 'identifiable': 1, 'branch': 4}, {'J': 50, 'K': 5, 'N': 10, 'p': 0.3, 'seed': 71, 'sim': 6, 'runtime': 0.00043415650725364685, 'identifiable': 1, 'branch': 4}, {'J': 50, 'K': 5, 'N': 10, 'p': 0.3, 'seed': 71, 'sim': 7, 'runtime': 0.0004347600042819977, 'identifiable': 1, 'branch': 4}, {'J': 50, 'K': 5, 'N': 10, 'p': 0.3, 'seed': 71, 'sim': 8, 'runtime': 0.00042975135147571564, 'identifiable': 1, 'branch': 4}, {'J': 50, 'K': 5, 'N': 10, 'p': 0.3, 'seed': 71, 'sim': 9, 'runtime': 0.00042974017560482025, 'identifiable': 1, 'branch': 4}]
