
The Gurobi software has a limited number of licenses. To request a license or
licenses, add this line

    #SBATCH --licenses=gurobi@slurmdb:1

to your SBATCH script, replacing N with the number of licenses you need. Gurobi
will need one license per process.


0
Q: [[1 1 1 1 1 0 1 0 0 1 1 1 1 0 0]
 [1 1 0 0 1 1 1 0 1 0 1 1 1 1 0]
 [0 0 0 1 0 1 0 0 1 1 0 0 0 1 0]
 [0 0 1 0 1 1 0 1 1 0 1 1 0 1 1]
 [1 1 1 1 0 1 1 0 0 1 0 0 1 0 0]
 [0 0 1 1 1 1 1 1 1 0 0 0 0 1 0]
 [1 0 1 0 1 1 1 1 0 1 1 1 1 1 1]
 [1 0 1 1 0 0 1 1 0 1 1 1 0 1 0]
 [1 1 1 1 1 1 1 0 0 1 1 1 0 1 1]
 [1 0 1 1 1 1 1 1 0 0 1 0 0 1 0]
 [0 0 1 1 0 0 1 0 0 0 1 1 1 1 1]
 [1 0 1 1 1 1 1 1 0 1 0 1 0 0 1]
 [0 1 1 0 1 1 1 1 0 0 1 1 1 1 0]
 [1 1 1 1 0 0 0 1 0 1 1 1 0 1 1]
 [0 1 1 1 1 1 1 1 1 1 1 0 0 0 1]
 [1 1 1 1 1 1 1 0 1 1 1 1 0 1 1]
 [1 1 0 0 1 1 0 1 0 1 1 1 1 0 0]
 [0 0 1 0 0 1 1 1 1 1 1 0 0 1 1]
 [0 1 0 0 1 1 1 1 1 1 0 0 1 1 1]
 [0 0 1 1 0 1 0 0 0 0 0 1 1 1 0]
 [1 1 1 0 0 1 1 0 0 1 1 1 1 1 0]
 [0 1 1 0 1 1 1 0 1 1 1 1 1 0 1]
 [0 0 0 1 0 1 1 0 1 0 1 0 0 0 1]
 [1 0 1 0 0 1 1 1 1 1 1 1 0 1 1]
 [1 1 1 1 1 1 1 0 0 0 1 0 1 0 0]
 [1 0 0 1 1 0 1 1 1 0 1 0 0 1 1]
 [0 1 0 1 1 0 0 1 1 0 1 0 1 1 1]
 [0 1 1 0 1 1 1 1 1 1 1 1 1 1 0]
 [0 0 1 1 0 1 1 1 1 1 0 1 1 1 0]
 [0 1 1 0 1 1 0 0 1 1 0 1 1 1 0]
 [0 1 1 1 1 0 1 0 1 0 1 1 1 0 1]
 [0 1 1 0 1 0 0 0 0 1 1 1 1 0 1]
 [1 1 0 1 1 1 0 1 1 1 1 1 1 0 0]
 [1 1 1 0 0 0 0 1 0 0 0 1 1 0 0]
 [0 1 0 1 1 1 0 1 1 1 1 0 0 1 0]
 [0 1 1 0 1 1 0 1 1 0 1 1 1 1 1]
 [0 0 1 0 1 1 1 1 0 1 1 1 1 1 0]
 [1 1 0 1 1 1 0 1 1 0 0 1 1 1 1]
 [0 0 0 0 0 1 0 0 0 1 1 1 1 1 1]
 [1 0 0 1 0 1 0 1 0 0 0 0 1 1 1]
 [1 1 1 1 0 0 1 0 0 1 1 1 1 0 1]
 [1 0 1 0 0 1 1 0 0 1 0 0 1 1 1]
 [0 0 0 1 1 0 1 1 0 0 1 0 1 0 0]
 [1 1 0 1 1 0 1 1 0 1 1 0 1 0 1]
 [0 0 0 0 1 0 1 1 0 0 0 1 1 1 1]
 [0 1 1 1 1 1 0 0 1 1 0 1 0 1 0]
 [0 1 0 1 0 0 1 1 1 1 1 1 0 0 1]
 [0 1 1 1 1 1 0 1 1 0 1 1 0 1 1]
 [1 1 1 0 1 0 1 0 1 1 0 1 1 1 1]
 [0 1 0 1 0 1 1 1 1 1 0 0 1 1 0]]
{'restarts': 3613, 'conflicts': 1290388, 'decisions': 1860579, 'propagations': 2784068382}
Q is identifiable
branch at 6
runtime for solving id of Q is 432.9051145380363
Simulation results:
{'J': 50, 'K': 15, 'N': 10, 'p': 0.6, 'seed': 50, 'sim': 0, 'runtime': 432.9051145380363, 'identifiable': 1, 'branch': 6}
1
Q: [[1 1 0 0 0 0 1 0 1 1 1 1 1 1 1]
 [0 1 1 0 0 1 0 1 0 1 0 0 1 0 1]
 [1 0 0 0 1 1 1 1 1 0 1 1 1 1 0]
 [1 1 1 1 1 1 1 1 0 1 0 1 0 1 1]
 [1 1 1 1 1 1 0 0 0 1 1 1 0 1 1]
 [1 1 1 0 1 1 0 1 1 0 1 1 1 0 0]
 [1 0 1 0 0 1 0 0 1 0 1 1 1 0 1]
 [1 0 1 0 0 0 1 1 0 1 1 0 1 1 0]
 [1 0 0 1 0 0 0 0 1 0 1 0 1 1 0]
 [1 0 1 1 0 1 0 1 1 0 1 0 1 1 1]
 [1 0 1 0 0 0 1 1 1 0 1 0 1 0 0]
 [0 0 0 1 0 0 0 0 1 0 1 1 1 1 1]
 [1 1 1 1 0 1 1 1 0 1 0 1 0 1 0]
 [0 1 0 0 0 1 1 1 1 1 1 0 1 0 1]
 [1 1 0 1 1 1 1 1 1 0 0 1 0 1 1]
 [1 1 1 1 1 1 0 0 0 0 1 0 1 0 1]
 [1 1 0 0 0 0 1 1 0 1 0 0 1 1 1]
 [0 0 1 1 1 0 0 1 0 0 1 0 0 1 0]
 [0 1 1 1 0 1 0 1 0 0 0 1 0 1 1]
 [1 0 1 0 1 0 1 0 0 0 1 1 0 1 1]
 [0 1 1 1 0 0 1 1 0 0 1 1 0 1 0]
 [1 1 1 0 1 1 0 1 1 0 1 0 0 1 0]
 [0 1 1 1 0 1 0 0 1 0 1 1 1 1 0]
 [1 1 1 1 1 1 0 1 0 1 0 1 0 0 1]
 [0 1 1 0 1 1 1 0 1 1 1 1 1 1 1]
 [0 1 1 1 1 1 1 0 1 1 1 0 1 1 1]
 [0 0 0 1 0 1 0 0 0 1 1 0 0 0 0]
 [0 0 0 0 0 1 1 0 1 1 0 1 0 1 1]
 [1 1 1 1 0 0 0 1 1 1 1 1 1 1 1]
 [1 0 0 0 1 0 1 1 1 1 1 1 0 1 0]
 [1 1 0 0 0 0 0 1 1 1 0 1 0 1 1]
 [0 0 0 1 1 1 1 1 0 0 0 1 1 1 1]
 [0 1 1 0 1 0 1 0 0 0 1 0 0 0 1]
 [1 0 1 0 1 0 0 0 1 1 0 0 1 1 0]
 [1 1 1 0 0 0 1 1 1 1 1 0 1 1 0]
 [1 0 1 1 1 0 1 0 1 0 0 0 1 1 1]
 [1 1 0 0 1 1 1 1 0 1 1 1 1 1 0]
 [0 1 1 1 1 0 1 1 1 0 1 1 0 1 0]
 [1 1 1 0 0 1 1 0 0 1 1 1 1 1 0]
 [0 1 0 0 1 1 1 0 1 0 1 1 1 1 0]
 [0 0 0 0 1 1 1 1 1 0 1 0 0 0 1]
 [1 0 0 1 0 1 0 1 1 1 1 0 1 1 1]
 [1 1 1 0 0 0 0 1 1 1 1 0 1 0 0]
 [0 0 0 0 1 0 0 0 0 0 1 0 1 1 1]
 [1 0 1 1 1 0 0 1 0 1 1 0 1 1 0]
 [0 0 0 1 1 1 1 0 1 1 1 0 1 1 1]
 [1 0 0 0 0 0 1 1 1 0 1 1 0 0 1]
 [1 1 0 1 0 1 1 1 0 0 1 1 1 1 1]
 [0 1 1 1 1 0 1 0 0 1 1 0 0 0 0]
 [0 1 1 1 1 1 1 0 1 0 0 0 0 0 0]]
{'restarts': 1471, 'conflicts': 633467, 'decisions': 918020, 'propagations': 1723967744}
Q is identifiable
branch at 6
runtime for solving id of Q is 256.8219785770634
Simulation results:
{'J': 50, 'K': 15, 'N': 10, 'p': 0.6, 'seed': 50, 'sim': 1, 'runtime': 256.8219785770634, 'identifiable': 1, 'branch': 6}
2
Q: [[1 0 0 1 1 1 0 1 0 0 1 0 1 0 0]
 [1 1 1 1 0 0 0 0 0 1 0 1 0 0 1]
 [0 0 1 0 1 1 1 0 1 0 0 0 1 0 0]
 [0 1 1 1 1 1 1 1 0 0 0 0 1 1 0]
 [0 0 1 1 0 1 0 0 0 0 0 0 0 1 1]
 [1 0 1 0 1 0 1 0 0 1 1 1 1 1 0]
 [1 1 0 1 0 1 1 0 1 1 0 0 1 1 0]
 [0 1 0 1 0 1 1 0 0 1 1 1 1 1 1]
 [1 0 1 0 1 0 0 1 1 1 1 1 0 1 0]
 [0 1 1 0 0 1 1 1 0 1 0 0 1 1 0]
 [0 0 0 1 1 0 1 1 0 0 0 1 1 0 1]
 [1 1 1 1 1 0 1 1 0 0 0 1 1 1 0]
 [0 1 1 0 1 1 0 1 1 1 1 1 1 0 1]
 [1 1 0 1 0 1 1 0 1 1 0 1 1 1 1]
 [0 1 0 0 0 0 1 1 1 1 0 1 0 0 0]
 [1 1 0 1 0 0 1 0 1 0 0 0 0 1 0]
 [1 0 1 0 1 0 0 1 0 0 0 1 0 1 0]
 [0 0 0 1 1 0 0 1 0 1 1 1 1 1 1]
 [1 1 1 1 1 1 1 0 0 0 0 1 1 1 1]
 [0 0 0 1 1 0 1 0 1 1 0 0 1 1 0]
 [1 0 0 1 1 1 0 1 1 0 1 0 0 1 1]
 [0 1 1 1 0 1 1 0 1 1 1 0 1 0 1]
 [1 1 0 0 1 0 0 1 1 1 1 1 1 0 1]
 [1 1 0 1 0 1 1 1 1 1 1 0 1 1 1]
 [0 1 1 0 1 0 0 1 1 1 1 0 0 0 0]
 [1 0 1 1 0 0 0 1 1 1 1 0 1 1 1]
 [0 1 0 1 1 1 1 1 1 1 0 1 1 0 0]
 [1 0 1 0 1 0 1 1 1 1 1 0 0 1 1]
 [1 0 1 1 0 1 1 1 1 0 0 1 0 1 1]
 [0 1 1 1 0 1 1 1 1 1 1 1 0 1 1]
 [0 1 0 0 0 0 1 1 0 1 0 0 1 1 1]
 [0 1 1 1 0 1 0 1 1 1 0 1 0 1 0]
 [0 0 0 1 1 0 1 1 1 0 0 0 1 0 1]
 [0 0 1 0 1 1 0 1 1 1 0 0 1 0 1]
 [1 1 1 1 1 0 1 1 1 1 0 0 0 1 1]
 [1 1 0 1 1 1 1 1 0 1 1 1 0 0 1]
 [0 0 0 1 1 0 1 1 1 0 1 1 0 0 1]
 [1 1 0 1 0 1 1 1 1 1 1 0 1 1 0]
 [0 1 1 0 1 0 1 1 0 0 0 0 1 1 1]
 [1 1 1 1 0 1 0 1 1 0 1 1 1 0 1]
 [1 1 1 0 0 1 1 0 1 0 1 1 0 0 1]
 [1 0 0 1 1 0 1 0 0 1 0 1 1 1 1]
 [0 0 1 1 1 0 0 0 0 1 0 0 0 0 1]
 [1 0 1 0 1 1 1 1 1 0 1 0 1 1 1]
 [1 0 0 0 1 0 0 0 0 1 1 0 0 0 1]
 [1 0 1 1 1 0 0 0 0 1 1 1 0 1 0]
 [1 1 1 1 0 0 0 0 0 0 1 1 0 1 0]
 [1 0 0 0 1 1 0 1 0 1 0 0 0 1 0]
 [0 1 1 1 0 0 0 0 0 1 1 0 1 0 1]
 [0 1 1 1 1 0 1 0 1 1 1 0 0 1 1]]
{'restarts': 11324, 'conflicts': 4407855, 'decisions': 6220441, 'propagations': 14827336429}
Q is identifiable
branch at 6
runtime for solving id of Q is 2752.680445741047
Simulation results:
{'J': 50, 'K': 15, 'N': 10, 'p': 0.6, 'seed': 50, 'sim': 2, 'runtime': 2752.680445741047, 'identifiable': 1, 'branch': 6}
3
Q: [[1 1 1 0 1 1 0 1 1 1 1 0 0 0 0]
 [0 0 1 0 1 0 1 0 1 1 1 0 1 0 1]
 [1 1 0 0 1 1 1 0 1 1 0 1 0 0 1]
 [0 1 1 1 0 0 1 1 1 0 1 0 1 0 0]
 [0 1 0 0 0 0 1 1 1 1 1 1 0 0 1]
 [0 0 1 0 0 1 1 0 0 0 0 1 1 0 1]
 [0 1 1 1 1 0 0 1 1 1 1 1 0 0 0]
 [1 1 1 0 1 0 0 1 0 0 1 1 0 0 0]
 [1 1 0 1 0 1 1 0 1 1 1 0 1 1 0]
 [1 0 1 0 0 1 1 0 1 0 1 0 1 0 0]
 [0 1 1 1 1 1 0 0 1 1 0 0 0 0 0]
 [1 0 1 1 0 0 1 1 0 1 0 0 0 1 1]
 [1 1 0 1 1 0 1 1 1 1 0 1 0 1 1]
 [1 1 1 0 1 1 0 0 1 1 0 0 1 1 1]
 [1 1 1 0 1 1 1 0 1 1 0 1 0 1 1]
 [1 0 1 1 1 0 1 1 1 0 1 1 1 0 0]
 [1 1 1 1 1 1 1 0 0 1 1 0 1 1 1]
 [0 1 0 1 1 1 1 0 0 1 0 0 1 1 1]
 [0 0 1 1 1 1 0 1 1 1 1 0 1 0 1]
 [1 0 1 1 0 1 0 1 1 0 0 0 1 1 0]
 [0 0 1 1 1 1 0 0 0 1 1 1 1 0 1]
 [1 0 1 0 0 1 0 0 0 1 1 1 1 1 0]
 [0 1 0 1 0 1 0 1 1 1 1 0 0 0 0]
 [0 1 1 1 1 0 1 0 0 1 1 1 1 1 0]
 [1 0 0 0 0 1 0 0 0 1 1 0 1 1 0]
 [1 0 1 1 1 1 0 1 1 1 1 1 0 1 1]
 [1 1 1 1 0 1 0 1 1 1 0 0 0 1 1]
 [0 0 1 1 1 0 0 1 1 0 1 0 1 1 1]
 [1 1 1 1 1 1 0 1 1 0 0 0 1 1 0]
 [0 0 1 1 1 0 0 1 1 0 0 0 1 1 0]
 [1 1 0 0 1 0 1 0 1 1 1 1 1 1 0]
 [0 1 0 0 1 0 1 1 1 1 1 1 0 1 1]
 [0 0 0 0 1 0 0 1 1 0 1 1 1 0 1]
 [1 1 1 1 0 0 1 1 1 1 1 0 0 1 1]
 [0 0 0 1 1 1 1 0 1 1 1 1 1 1 0]
 [1 0 1 0 1 0 1 0 0 0 1 1 1 1 0]
 [1 0 0 1 0 1 0 1 1 1 0 0 1 1 1]
 [1 0 1 1 1 1 1 0 0 1 0 1 0 1 1]
 [0 1 1 1 0 1 1 0 0 0 0 0 1 0 1]
 [1 0 1 1 1 0 1 1 1 0 1 0 0 1 0]
 [1 1 0 0 1 1 1 1 1 1 1 0 0 0 1]
 [1 1 1 1 1 1 1 1 0 1 0 1 1 0 0]
 [0 0 1 0 0 1 1 1 0 0 0 0 1 0 0]
 [1 1 0 1 1 0 0 0 1 0 1 1 0 1 1]
 [0 1 1 0 1 0 1 1 0 1 0 0 0 0 1]
 [1 0 0 1 0 1 0 1 1 0 1 1 0 1 1]
 [1 1 1 1 1 1 1 0 1 1 0 1 1 0 1]
 [1 1 0 1 1 1 0 0 0 1 0 0 0 0 1]
 [0 0 0 1 0 1 1 1 0 1 0 0 1 1 1]
 [0 1 1 1 0 0 0 1 1 1 0 1 0 1 1]]
{'restarts': 50861, 'conflicts': 15674762, 'decisions': 22088519, 'propagations': 37198304986}
Q is identifiable
branch at 6
runtime for solving id of Q is 13534.959513196023
Simulation results:
{'J': 50, 'K': 15, 'N': 10, 'p': 0.6, 'seed': 50, 'sim': 3, 'runtime': 13534.959513196023, 'identifiable': 1, 'branch': 6}
4
Q: [[0 0 1 1 1 0 1 1 0 0 1 1 0 0 0]
 [1 1 1 1 1 1 0 1 0 1 0 0 0 1 1]
 [1 1 0 0 0 1 1 0 0 0 0 0 1 1 0]
 [0 1 1 0 0 0 0 0 0 0 1 1 0 0 0]
 [1 1 1 0 1 1 1 1 1 1 1 0 0 0 0]
 [1 0 0 1 0 1 1 0 1 1 1 1 1 1 1]
 [1 1 1 1 0 1 0 0 1 1 1 0 0 0 1]
 [0 1 0 1 1 0 1 0 1 1 1 1 1 1 1]
 [1 1 1 0 1 1 1 1 0 1 0 1 0 1 0]
 [1 0 0 1 0 1 1 1 1 0 1 1 1 0 1]
 [0 0 1 1 0 0 1 0 0 1 1 0 1 0 0]
 [0 0 1 1 1 0 1 1 0 1 1 1 0 1 1]
 [1 1 1 1 0 0 1 1 1 1 0 1 1 1 0]
 [1 1 1 1 1 1 0 1 1 1 0 0 0 0 1]
 [1 1 1 1 1 0 0 0 1 0 1 1 1 1 0]
 [1 0 1 1 1 0 1 1 1 0 1 1 0 1 0]
 [0 1 1 1 1 1 1 1 1 1 1 0 1 1 1]
 [0 0 0 0 1 1 1 0 1 0 1 0 0 1 0]
 [1 0 1 1 0 1 1 0 1 0 0 1 0 1 0]
 [1 1 1 1 0 0 0 0 1 1 1 1 1 1 0]
 [1 0 0 1 0 0 0 0 1 1 1 0 0 1 0]
 [0 0 1 1 0 1 1 0 1 0 1 0 1 1 1]
 [1 0 0 1 0 0 1 1 0 1 1 0 0 1 1]
 [1 1 0 0 0 0 1 1 0 0 0 1 1 1 1]
 [0 0 1 0 0 1 0 1 0 0 1 0 1 0 1]
 [0 1 1 1 1 1 0 1 1 0 0 1 1 0 1]
 [1 1 0 1 1 0 1 0 1 0 0 1 1 0 0]
 [0 1 1 1 1 1 1 0 1 1 1 1 1 0 1]
 [0 0 1 1 1 0 1 0 0 1 1 1 0 1 0]
 [1 1 0 0 1 1 0 1 1 1 0 0 1 0 1]
 [1 1 1 1 1 1 1 1 1 1 1 0 1 1 1]
 [0 1 0 0 0 1 0 1 1 1 1 0 0 0 1]
 [0 1 1 1 0 0 0 1 1 0 1 1 0 1 0]
 [1 0 0 1 0 1 0 0 1 1 0 1 0 1 0]
 [1 1 1 0 1 0 0 1 1 0 0 1 1 1 1]
 [0 1 1 1 1 0 0 1 1 1 1 1 1 0 1]
 [0 1 1 0 0 1 0 1 0 1 1 1 1 0 0]
 [0 0 1 1 1 1 0 0 1 1 1 0 0 0 1]
 [0 0 0 1 1 0 0 1 1 1 0 0 1 0 1]
 [0 0 0 1 0 1 0 0 0 1 1 1 1 1 0]
 [1 1 0 1 0 1 1 1 1 0 0 1 1 0 0]
 [1 1 1 0 1 1 0 1 1 0 0 0 0 0 1]
 [1 0 1 1 1 1 1 0 0 1 0 1 0 0 0]
 [0 0 1 1 0 0 1 1 1 1 1 1 0 0 1]
 [1 0 1 1 1 1 1 1 1 0 1 0 1 0 1]
 [1 1 1 0 1 0 1 0 0 1 1 0 1 0 1]
 [1 1 1 1 1 1 0 1 1 1 0 0 0 1 0]
 [0 0 0 1 0 1 1 1 0 1 1 0 1 0 1]
 [0 1 1 1 0 1 1 1 0 0 1 1 1 1 0]
 [1 1 0 1 0 0 1 0 1 0 0 0 1 1 1]]
{'restarts': 3856, 'conflicts': 1700342, 'decisions': 2408254, 'propagations': 4527253041}
Q is identifiable
branch at 6
runtime for solving id of Q is 931.6889212620445
Simulation results:
{'J': 50, 'K': 15, 'N': 10, 'p': 0.6, 'seed': 50, 'sim': 4, 'runtime': 931.6889212620445, 'identifiable': 1, 'branch': 6}
5
Q: [[1 0 1 1 1 1 0 1 1 1 1 1 0 1 0]
 [0 1 1 0 0 1 0 1 1 0 1 1 0 1 1]
 [0 0 1 1 0 1 1 0 0 1 0 1 0 1 1]
 [0 1 1 1 0 1 1 1 0 1 1 1 1 1 0]
 [1 0 1 0 0 1 0 1 1 1 0 1 1 0 0]
 [1 1 1 1 1 1 1 1 1 1 0 0 0 0 1]
 [0 0 0 0 1 1 1 0 0 0 1 0 1 1 1]
 [1 0 1 1 1 0 0 0 1 0 1 1 1 1 0]
 [1 1 0 1 0 1 1 1 1 1 1 0 0 1 1]
 [0 0 1 1 1 1 1 0 1 1 1 1 1 1 1]
 [0 1 1 0 0 1 1 0 0 0 0 1 1 1 0]
 [1 1 0 1 0 0 1 0 1 1 0 1 0 0 1]
 [0 1 0 0 1 0 0 1 1 0 0 0 0 1 1]
 [0 0 0 1 1 0 1 0 0 1 1 1 1 1 1]
 [1 1 0 1 1 1 0 1 1 1 1 1 1 0 0]
 [1 0 1 0 0 1 1 0 0 0 1 0 1 1 1]
 [1 1 1 1 0 1 1 1 1 1 0 0 1 1 0]
 [0 1 0 1 1 1 0 1 1 1 0 0 1 1 0]
 [1 1 0 0 0 1 1 0 1 1 0 0 0 1 1]
 [1 1 1 0 0 1 1 1 1 1 0 1 1 0 1]
 [1 1 1 0 1 0 0 1 0 1 1 0 1 0 0]
 [0 1 1 1 0 0 0 1 1 1 1 1 1 1 1]
 [0 0 0 1 1 1 0 1 0 0 0 0 0 0 0]
 [1 0 1 1 1 0 0 0 1 1 0 1 1 0 1]
 [0 1 0 0 0 0 0 0 1 0 0 0 1 0 1]
 [1 0 0 0 0 0 1 1 1 1 1 1 1 0 1]
 [1 1 1 0 0 0 1 1 1 0 0 0 1 0 0]
 [0 1 1 1 0 0 0 1 1 0 1 0 1 0 1]
 [1 0 0 0 0 0 1 1 1 1 1 0 0 1 1]
 [1 1 1 1 1 1 0 1 0 1 0 1 0 1 0]
 [1 1 0 1 1 1 0 0 0 1 0 1 0 0 0]
 [0 0 0 1 1 1 1 1 0 1 0 1 1 0 1]
 [1 1 1 0 1 1 0 1 1 1 1 0 1 0 0]
 [0 1 1 0 0 1 1 0 1 0 0 1 1 1 1]
 [0 1 0 0 1 1 0 1 0 0 1 0 1 1 0]
 [1 1 0 1 1 1 1 1 1 1 1 1 1 1 1]
 [1 0 0 0 1 1 0 1 1 1 1 0 1 1 0]
 [0 0 0 1 1 1 0 1 1 1 1 0 1 1 0]
 [1 0 1 0 1 1 0 1 1 1 1 1 1 1 1]
 [0 1 0 1 1 1 0 1 1 1 1 1 1 1 0]
 [1 1 0 0 0 0 0 1 0 0 0 1 1 1 0]
 [1 1 1 0 1 1 1 1 1 0 0 0 1 1 0]
 [0 1 1 0 0 1 0 1 0 0 0 0 0 0 0]
 [0 1 1 1 1 1 1 0 1 0 1 0 1 1 1]
 [1 0 1 1 1 1 0 1 0 0 1 1 0 1 1]
 [1 1 1 1 0 1 1 0 1 1 0 1 1 1 1]
 [1 1 1 0 1 1 0 1 1 1 0 1 0 1 1]
 [1 1 1 1 1 0 1 1 1 0 0 1 1 1 1]
 [0 1 1 1 0 0 1 0 1 0 1 0 1 1 1]
 [1 0 1 1 1 1 1 1 0 0 1 0 1 1 1]]
{'restarts': 33359, 'conflicts': 10411779, 'decisions': 14683640, 'propagations': 20549544122}
Q is identifiable
branch at 6
runtime for solving id of Q is 5607.327334943926
Simulation results:
{'J': 50, 'K': 15, 'N': 10, 'p': 0.6, 'seed': 50, 'sim': 5, 'runtime': 5607.327334943926, 'identifiable': 1, 'branch': 6}
6
Q: [[1 1 0 0 0 0 0 0 1 0 0 0 1 1 0]
 [0 1 1 1 1 0 1 1 1 0 1 1 1 0 1]
 [0 0 1 0 1 0 1 1 1 0 0 0 1 0 0]
 [0 1 1 1 0 0 0 1 1 0 1 1 0 1 1]
 [0 1 0 0 0 0 1 1 0 1 0 0 1 1 0]
 [1 1 0 0 1 1 1 1 1 1 0 1 1 1 1]
 [1 1 1 0 1 1 0 1 1 1 0 0 0 1 1]
 [1 1 0 0 1 0 1 1 1 1 0 0 1 1 1]
 [1 1 1 0 0 0 1 1 0 1 0 0 1 1 1]
 [1 1 1 0 1 0 1 1 1 1 0 0 1 1 0]
 [0 0 0 1 0 0 0 1 1 1 1 0 1 1 1]
 [1 0 0 0 1 0 0 0 1 1 1 1 0 1 0]
 [1 1 1 0 1 1 1 1 1 1 0 1 0 1 1]
 [1 1 0 1 0 1 1 0 1 0 0 1 1 1 0]
 [1 1 0 1 1 0 1 1 0 1 1 1 1 1 0]
 [1 1 0 0 1 1 0 1 1 1 1 0 1 1 0]
 [0 1 1 1 1 1 0 1 1 1 0 0 0 1 1]
 [1 1 1 1 1 1 1 1 1 0 0 0 0 0 1]
 [1 0 1 0 1 1 1 1 0 1 1 1 0 1 0]
 [1 1 1 0 0 0 1 1 1 1 1 1 1 0 1]
 [1 0 1 1 0 1 0 1 0 1 1 1 0 1 0]
 [1 1 1 0 1 1 0 0 1 1 1 0 0 1 0]
 [0 1 1 1 1 1 1 1 0 0 0 1 1 1 1]
 [1 1 1 0 1 0 1 1 1 1 1 0 1 1 1]
 [1 0 1 0 1 0 0 1 1 0 1 0 0 0 0]
 [0 1 1 1 1 1 1 1 0 0 1 1 1 1 0]
 [0 1 1 1 1 0 0 0 1 0 0 0 0 1 0]
 [0 1 0 1 1 1 1 1 0 1 1 1 0 1 0]
 [1 0 0 1 1 0 1 1 0 1 1 1 1 1 1]
 [1 1 0 1 1 0 1 1 1 0 0 1 0 1 1]
 [1 1 0 1 0 0 1 1 0 0 1 0 0 0 1]
 [1 1 0 0 1 1 1 0 0 0 1 0 1 1 1]
 [1 0 0 0 1 1 1 1 1 0 1 1 0 1 1]
 [1 1 0 0 1 0 0 0 1 0 0 1 1 0 0]
 [1 1 1 0 0 1 0 0 1 0 0 1 1 0 1]
 [1 0 0 1 0 1 0 1 1 1 1 1 1 0 1]
 [1 0 1 1 0 0 0 0 1 1 1 1 0 1 0]
 [1 1 1 1 1 1 1 1 1 0 0 0 0 0 0]
 [1 1 1 1 1 1 0 0 0 1 1 0 0 0 1]
 [1 1 1 0 0 0 0 0 1 1 0 0 1 0 1]
 [1 1 0 1 0 1 0 0 0 0 0 1 1 1 1]
 [0 0 0 1 0 1 1 1 0 0 1 1 0 0 0]
 [1 1 1 1 0 1 0 0 1 0 1 1 1 1 0]
 [1 1 1 1 0 0 1 1 1 0 1 1 1 1 0]
 [0 1 1 0 0 0 0 1 1 0 0 1 1 1 1]
 [0 0 0 1 1 0 1 0 1 0 1 0 1 1 1]
 [0 1 0 1 1 1 0 1 0 1 0 1 0 0 1]
 [0 1 1 0 0 1 1 0 1 0 1 0 0 1 1]
 [1 1 1 1 1 0 1 1 1 0 1 1 0 0 1]
 [0 0 1 1 1 1 1 1 0 1 1 1 1 0 1]]
{'restarts': 67216, 'conflicts': 17942603, 'decisions': 25574041, 'propagations': 39784462629}
Q is identifiable
branch at 6
runtime for solving id of Q is 10797.079898591968
Simulation results:
{'J': 50, 'K': 15, 'N': 10, 'p': 0.6, 'seed': 50, 'sim': 6, 'runtime': 10797.079898591968, 'identifiable': 1, 'branch': 6}
7
Q: [[1 1 0 1 1 1 0 1 0 1 1 0 0 1 0]
 [1 0 1 1 1 1 0 0 0 1 1 0 1 1 0]
 [1 1 1 0 0 1 0 0 0 1 0 1 1 0 1]
 [1 1 1 1 0 1 0 1 1 1 1 1 0 0 1]
 [1 1 1 0 1 1 1 1 0 1 1 1 0 0 0]
 [1 1 0 1 0 0 0 1 0 1 0 0 1 0 0]
 [0 1 1 0 0 0 1 0 1 0 1 0 0 1 0]
 [0 1 1 1 1 1 0 1 1 1 0 0 1 0 1]
 [1 1 0 0 1 0 0 1 0 1 1 1 1 0 0]
 [0 0 0 0 1 1 1 0 1 0 1 0 0 0 0]
 [1 1 0 0 1 0 0 1 1 0 1 1 1 0 0]
 [0 1 1 1 0 1 1 0 1 0 1 1 1 1 1]
 [0 0 0 1 1 0 1 1 0 0 1 1 1 1 1]
 [1 1 0 0 1 1 1 1 0 0 1 1 0 1 1]
 [0 1 1 0 1 1 0 0 0 0 1 0 1 0 1]
 [0 0 0 1 0 1 0 1 0 1 0 1 0 1 1]
 [0 0 1 0 1 1 0 1 0 1 1 0 0 1 1]
 [1 1 1 1 0 1 1 0 0 1 0 0 0 1 1]
 [0 0 1 0 0 0 0 1 0 1 1 1 1 1 1]
 [1 1 1 1 0 0 1 0 0 0 1 1 1 1 1]
 [0 0 1 1 1 1 1 1 1 1 1 0 0 0 0]
 [0 1 1 1 0 1 0 1 1 1 0 0 1 0 1]
 [0 1 1 0 1 0 1 0 1 0 0 1 0 0 1]
 [1 1 0 1 1 0 1 1 1 1 0 1 1 1 1]
 [0 0 1 1 1 0 0 1 0 1 1 1 0 1 1]
 [1 1 0 1 1 1 0 1 1 0 0 0 1 1 1]
 [1 1 1 0 1 1 1 1 1 1 1 1 0 0 0]
 [0 0 0 1 0 0 1 0 0 0 0 0 0 1 0]
 [0 1 1 1 1 1 1 1 0 0 1 0 0 1 0]
 [1 1 1 1 1 1 0 1 0 1 1 0 0 0 1]
 [1 1 0 1 0 1 1 0 1 0 0 0 1 1 1]
 [0 1 1 0 1 0 0 0 0 0 0 1 0 0 0]
 [1 0 0 1 0 1 0 1 1 1 1 0 0 1 1]
 [1 1 1 1 1 1 1 1 1 0 0 1 1 0 1]
 [0 0 1 0 0 0 1 1 1 1 0 1 1 0 0]
 [0 0 0 1 0 0 0 0 1 1 1 0 0 1 0]
 [0 1 1 1 1 1 1 0 0 0 1 1 0 1 1]
 [1 1 0 0 1 1 1 1 1 0 0 1 1 1 1]
 [0 1 0 0 1 0 0 0 1 0 0 1 1 1 1]
 [1 0 0 1 0 0 1 1 1 0 0 0 1 0 1]
 [0 1 1 0 1 1 1 0 1 1 0 1 1 0 1]
 [1 1 1 1 0 1 0 0 0 1 1 1 0 1 1]
 [0 1 1 0 1 1 0 0 0 0 1 0 1 1 1]
 [1 0 1 1 0 1 1 0 0 1 1 1 0 0 0]
 [0 0 1 1 1 1 0 0 1 1 0 0 1 1 0]
 [1 0 0 1 0 0 1 0 0 0 0 0 1 1 1]
 [1 1 0 1 1 1 0 0 1 0 1 1 0 1 0]
 [1 1 1 0 1 1 0 1 1 1 1 1 1 0 1]
 [1 1 1 1 1 0 1 0 1 1 0 0 0 1 1]
 [1 1 1 1 0 1 1 0 1 0 0 1 1 0 1]]
{'restarts': 664, 'conflicts': 288780, 'decisions': 441554, 'propagations': 789487002}
Q is identifiable
branch at 6
runtime for solving id of Q is 102.77144690300338
Simulation results:
{'J': 50, 'K': 15, 'N': 10, 'p': 0.6, 'seed': 50, 'sim': 7, 'runtime': 102.77144690300338, 'identifiable': 1, 'branch': 6}
8
Q: [[0 1 0 1 1 1 1 0 1 0 1 1 1 1 1]
 [1 1 0 0 1 1 1 0 0 1 1 0 0 1 0]
 [1 1 0 0 1 1 0 1 1 1 1 0 1 0 0]
 [0 0 0 1 1 1 0 1 1 0 0 0 1 0 0]
 [1 1 0 1 0 0 1 1 1 0 0 1 1 1 0]
 [0 1 0 1 0 0 1 0 1 1 0 1 1 0 1]
 [0 0 1 0 1 1 0 0 1 1 1 0 1 1 0]
 [1 1 0 1 0 1 1 1 0 1 1 0 1 1 0]
 [1 0 1 1 1 0 0 0 1 1 1 1 1 1 0]
 [0 1 0 0 1 1 1 1 1 0 1 0 0 1 1]
 [0 0 1 0 1 0 0 0 1 1 1 0 1 1 1]
 [0 1 1 1 1 0 1 1 1 1 0 0 1 0 1]
 [0 0 1 0 1 1 1 1 1 0 1 1 1 1 0]
 [0 0 1 1 1 0 1 1 0 1 1 0 1 0 0]
 [0 1 1 1 1 0 1 0 1 0 0 1 0 1 0]
 [1 1 1 0 0 0 1 0 1 0 1 0 1 1 0]
 [1 1 1 0 1 1 1 0 1 1 1 0 0 1 0]
 [1 1 0 1 0 1 1 0 0 1 0 0 1 1 0]
 [0 0 1 0 1 1 1 0 1 1 1 1 0 1 0]
 [1 0 1 1 1 0 1 1 0 1 1 1 0 1 1]
 [1 0 0 1 1 0 1 0 1 0 1 1 0 1 0]
 [0 1 0 1 1 1 1 1 0 1 0 0 1 1 1]
 [0 1 0 1 1 1 0 1 1 0 0 0 1 1 1]
 [1 1 1 1 1 0 1 1 0 1 1 0 1 1 0]
 [1 0 1 1 1 1 1 1 1 1 1 1 1 1 1]
 [1 1 1 0 1 1 0 1 1 1 0 1 1 1 1]
 [0 1 0 0 1 1 1 1 0 0 1 0 1 0 1]
 [1 0 0 0 0 1 1 0 1 1 0 1 0 0 0]
 [1 0 1 1 0 0 0 1 0 1 1 0 1 1 1]
 [1 1 0 0 1 1 1 0 0 1 0 0 0 1 0]
 [1 0 1 0 0 1 1 0 1 1 1 0 0 1 1]
 [1 1 1 1 1 0 1 1 0 1 1 0 1 1 1]
 [0 0 0 0 0 1 0 1 1 0 1 0 1 0 0]
 [0 0 1 1 1 1 0 0 0 0 1 0 0 0 1]
 [1 1 1 0 0 0 0 1 1 1 1 1 1 0 1]
 [1 1 0 1 1 1 1 1 1 1 0 1 1 1 1]
 [1 1 1 0 0 1 0 1 1 1 1 1 1 1 1]
 [0 1 1 0 1 1 0 1 0 1 1 0 0 1 1]
 [1 1 1 1 1 1 1 0 0 1 1 0 1 1 0]
 [1 0 1 0 1 0 0 0 1 1 0 0 0 1 0]
 [0 1 0 1 0 1 0 1 0 0 0 0 1 1 1]
 [1 0 1 1 1 0 0 0 1 0 1 0 1 1 1]
 [1 0 1 0 0 1 1 1 1 1 1 0 0 1 1]
 [0 1 0 1 0 1 1 1 1 0 1 1 1 0 0]
 [1 0 1 1 1 1 1 1 1 1 1 0 0 0 0]
 [0 0 1 1 1 1 0 1 1 0 1 1 1 0 1]
 [1 1 1 1 1 1 1 1 0 0 1 0 0 0 1]
 [0 0 1 1 0 1 1 0 0 1 1 0 1 0 0]
 [1 1 0 1 0 1 1 0 1 0 1 0 1 1 1]
 [0 1 1 0 0 1 0 0 1 1 0 1 0 1 1]]
{'restarts': 8549, 'conflicts': 2741350, 'decisions': 4045157, 'propagations': 5273935092}
Q is identifiable
branch at 6
runtime for solving id of Q is 1047.7244953620248
Simulation results:
{'J': 50, 'K': 15, 'N': 10, 'p': 0.6, 'seed': 50, 'sim': 8, 'runtime': 1047.7244953620248, 'identifiable': 1, 'branch': 6}
9
Q: [[0 1 1 0 0 1 1 1 0 1 0 0 1 1 0]
 [0 0 1 1 1 1 0 0 1 0 1 0 0 0 0]
 [1 0 1 0 0 0 0 0 0 1 1 1 1 0 1]
 [1 1 1 1 1 0 1 1 1 0 0 1 0 0 1]
 [0 0 1 1 1 0 1 0 1 1 1 1 0 1 1]
 [1 1 1 0 1 0 0 0 1 1 1 1 1 1 0]
 [1 1 0 1 0 0 0 0 0 1 0 1 1 0 1]
 [1 1 1 1 1 0 1 1 0 0 1 0 1 0 1]
 [1 1 1 0 1 1 0 1 0 1 0 0 0 0 1]
 [1 0 1 1 1 1 0 1 0 1 1 1 1 1 1]
 [1 0 0 1 0 1 1 0 1 0 1 1 1 0 1]
 [1 0 1 1 1 1 0 1 1 1 0 0 1 0 1]
 [1 1 0 1 1 1 0 1 1 1 0 1 1 1 0]
 [1 0 1 0 0 1 1 0 1 0 1 1 0 1 1]
 [0 1 0 0 1 1 1 0 0 1 1 0 0 0 0]
 [1 0 0 0 1 1 1 0 1 0 1 0 1 0 0]
 [1 1 0 0 1 1 1 1 0 1 0 1 0 0 1]
 [0 0 0 1 1 1 0 1 1 0 1 0 1 0 1]
 [0 1 1 0 0 1 1 1 1 1 1 0 1 1 0]
 [1 1 0 1 1 0 1 0 0 0 1 1 1 1 0]
 [1 1 0 1 1 0 1 0 1 0 1 0 1 0 1]
 [1 1 0 1 1 1 0 1 1 0 1 1 1 0 0]
 [1 0 0 0 1 1 1 1 1 1 1 1 0 1 1]
 [1 0 1 1 1 0 0 1 1 1 1 1 1 1 1]
 [1 0 1 0 0 1 1 1 1 0 1 0 1 1 0]
 [0 0 0 0 0 0 1 1 0 0 0 1 1 0 1]
 [0 1 0 1 0 0 1 1 0 0 1 0 1 0 0]
 [1 0 1 0 0 0 0 1 0 0 1 0 1 0 0]
 [1 1 0 1 0 1 1 0 0 0 1 1 1 1 0]
 [0 0 1 1 1 0 1 1 1 1 1 0 1 1 1]
 [1 0 1 0 1 0 0 0 1 0 0 1 0 1 1]
 [1 1 1 1 1 0 0 1 0 0 1 0 0 0 0]
 [0 0 1 1 0 0 1 0 1 1 1 1 1 0 0]
 [1 1 1 0 0 0 1 1 1 0 1 0 0 1 1]
 [0 0 1 0 0 0 0 1 0 0 1 1 1 0 0]
 [1 1 1 1 0 1 1 1 0 1 0 1 0 1 1]
 [1 1 1 1 1 0 1 1 0 1 0 1 0 1 0]
 [1 1 1 1 0 0 0 1 1 0 0 0 1 0 0]
 [1 0 0 0 1 1 0 1 1 0 1 0 1 1 1]
 [1 1 1 1 0 0 0 1 0 1 0 1 1 1 0]
 [0 0 0 1 0 0 1 0 0 1 1 1 1 0 0]
 [0 1 1 1 0 1 0 1 1 1 0 1 0 1 0]
 [1 1 1 0 0 1 1 0 1 0 1 0 0 0 0]
 [0 1 1 1 0 1 0 1 1 1 0 1 1 1 1]
 [0 0 1 0 1 1 1 0 1 0 1 1 0 0 1]
 [0 1 0 1 1 1 0 0 0 0 1 1 1 1 0]
 [0 1 1 1 0 1 1 0 0 0 1 0 1 0 1]
 [1 1 1 1 0 0 1 0 1 0 0 0 0 1 1]
 [1 1 1 1 1 1 1 0 0 1 0 0 1 1 1]
 [0 0 1 0 0 1 0 0 0 0 1 0 1 1 1]]
{'restarts': 1001, 'conflicts': 392603, 'decisions': 593555, 'propagations': 1181119246}
Q is identifiable
branch at 6
runtime for solving id of Q is 165.47738371405285
Simulation results:
{'J': 50, 'K': 15, 'N': 10, 'p': 0.6, 'seed': 50, 'sim': 9, 'runtime': 165.47738371405285, 'identifiable': 1, 'branch': 6}
Simulation results:
[{'J': 50, 'K': 15, 'N': 10, 'p': 0.6, 'seed': 50, 'sim': 0, 'runtime': 432.9051145380363, 'identifiable': 1, 'branch': 6}, {'J': 50, 'K': 15, 'N': 10, 'p': 0.6, 'seed': 50, 'sim': 1, 'runtime': 256.8219785770634, 'identifiable': 1, 'branch': 6}, {'J': 50, 'K': 15, 'N': 10, 'p': 0.6, 'seed': 50, 'sim': 2, 'runtime': 2752.680445741047, 'identifiable': 1, 'branch': 6}, {'J': 50, 'K': 15, 'N': 10, 'p': 0.6, 'seed': 50, 'sim': 3, 'runtime': 13534.959513196023, 'identifiable': 1, 'branch': 6}, {'J': 50, 'K': 15, 'N': 10, 'p': 0.6, 'seed': 50, 'sim': 4, 'runtime': 931.6889212620445, 'identifiable': 1, 'branch': 6}, {'J': 50, 'K': 15, 'N': 10, 'p': 0.6, 'seed': 50, 'sim': 5, 'runtime': 5607.327334943926, 'identifiable': 1, 'branch': 6}, {'J': 50, 'K': 15, 'N': 10, 'p': 0.6, 'seed': 50, 'sim': 6, 'runtime': 10797.079898591968, 'identifiable': 1, 'branch': 6}, {'J': 50, 'K': 15, 'N': 10, 'p': 0.6, 'seed': 50, 'sim': 7, 'runtime': 102.77144690300338, 'identifiable': 1, 'branch': 6}, {'J': 50, 'K': 15, 'N': 10, 'p': 0.6, 'seed': 50, 'sim': 8, 'runtime': 1047.7244953620248, 'identifiable': 1, 'branch': 6}, {'J': 50, 'K': 15, 'N': 10, 'p': 0.6, 'seed': 50, 'sim': 9, 'runtime': 165.47738371405285, 'identifiable': 1, 'branch': 6}]
