
The Gurobi software has a limited number of licenses. To request a license or
licenses, add this line

    #SBATCH --licenses=gurobi@slurmdb:1

to your SBATCH script, replacing N with the number of licenses you need. Gurobi
will need one license per process.


0
Q: [[0 0 1 1 1 1 1 1 1 1]
 [0 1 1 1 1 1 0 1 1 1]
 [1 1 0 1 1 1 1 1 1 1]
 [1 0 1 1 1 0 1 0 1 1]
 [0 1 0 1 1 1 0 1 1 0]
 [1 0 1 1 0 1 1 1 1 0]
 [1 0 0 1 1 1 1 1 1 0]
 [1 0 1 1 1 1 0 1 1 1]
 [0 1 1 1 0 1 1 1 0 1]
 [1 1 1 0 1 0 0 1 1 1]
 [1 1 0 1 1 1 0 1 1 1]
 [0 1 1 1 1 0 1 0 0 1]
 [1 0 0 1 1 1 1 1 1 1]
 [1 1 1 0 1 1 1 0 1 1]
 [1 1 1 1 0 1 0 0 1 1]
 [1 0 0 1 0 1 1 0 1 1]
 [1 0 1 0 1 1 1 1 1 1]
 [0 1 1 1 0 0 1 1 1 0]
 [1 1 0 0 0 1 1 1 1 1]
 [1 1 0 1 1 1 1 1 1 1]
 [1 1 0 1 1 0 0 1 1 1]
 [0 0 1 1 0 0 1 1 1 1]
 [1 1 0 0 1 0 1 1 1 1]
 [1 1 1 1 1 1 1 1 0 1]
 [1 1 1 1 1 0 0 0 1 1]
 [1 1 1 0 1 1 1 0 1 1]
 [0 1 1 1 0 1 0 0 1 0]
 [1 1 1 1 1 0 1 0 1 1]
 [0 0 0 1 1 1 1 1 1 1]
 [1 1 1 1 1 0 1 1 1 1]
 [0 1 0 1 1 1 1 1 1 1]
 [0 1 1 1 0 0 1 1 1 1]
 [1 1 1 1 0 1 1 0 1 1]
 [1 1 0 1 0 1 1 1 1 1]
 [1 1 1 0 1 1 1 0 1 1]
 [1 0 1 0 1 1 1 1 1 1]
 [1 0 0 1 0 0 0 1 1 1]
 [1 1 1 1 0 0 1 1 0 1]
 [1 1 0 0 1 1 1 1 0 1]
 [1 1 1 1 1 1 1 1 1 1]
 [0 1 1 1 1 1 1 0 1 1]
 [1 0 1 1 1 1 0 0 1 1]
 [1 1 1 0 1 0 1 1 1 1]
 [1 1 0 1 1 1 0 1 0 0]
 [1 1 1 0 1 1 1 1 1 1]
 [1 0 0 0 1 1 1 0 1 0]
 [0 0 1 1 0 1 1 1 1 1]
 [1 0 1 1 0 1 1 1 0 1]
 [1 1 1 0 1 1 1 1 1 1]
 [0 1 1 1 1 0 1 1 1 1]
 [0 1 1 1 1 0 1 1 1 0]
 [1 0 0 1 0 1 1 1 1 1]
 [1 1 1 1 1 0 1 0 1 1]
 [1 1 1 1 1 0 1 1 1 0]
 [1 0 0 1 0 0 1 1 1 1]
 [0 1 1 1 1 1 0 1 1 1]
 [0 1 0 1 1 0 1 1 1 1]
 [0 1 1 1 1 1 1 1 1 1]
 [1 0 0 0 1 1 1 0 0 1]
 [1 1 0 1 1 1 1 0 1 0]
 [1 0 1 1 1 0 1 0 0 0]
 [0 1 1 0 1 1 1 1 1 0]
 [1 0 1 0 1 1 0 1 0 1]
 [1 1 1 1 0 1 0 1 1 1]
 [1 0 0 0 0 1 1 0 1 1]
 [1 1 1 0 0 1 0 1 1 0]
 [1 1 1 0 0 0 1 1 0 1]
 [1 1 1 1 1 1 1 1 0 1]
 [1 1 1 0 0 1 1 0 1 1]
 [1 1 0 0 1 1 1 1 1 1]
 [1 0 1 1 1 1 1 0 1 1]
 [0 1 1 1 0 0 1 0 1 1]
 [1 1 0 1 1 1 1 1 1 0]
 [1 1 1 0 1 0 1 1 0 1]
 [1 1 1 1 1 1 0 1 1 1]
 [0 0 1 0 0 1 1 0 1 1]
 [0 1 0 1 1 1 1 0 1 1]
 [0 1 0 1 1 0 1 1 1 1]
 [1 0 1 0 1 1 1 1 0 1]
 [1 1 1 1 1 1 1 1 1 1]
 [1 1 1 1 1 1 1 1 1 0]
 [1 0 1 0 0 0 1 1 1 0]
 [1 1 1 1 1 0 1 0 1 0]
 [0 0 0 1 1 1 0 1 0 1]
 [0 1 0 1 1 1 1 1 0 1]
 [0 1 1 1 1 0 1 1 1 1]
 [1 0 1 1 1 0 0 1 1 0]
 [0 1 1 1 1 0 1 1 1 1]
 [0 0 0 0 0 1 1 1 0 1]
 [0 1 1 1 0 0 0 1 0 1]
 [1 1 1 1 1 0 0 1 1 1]
 [0 1 1 1 1 1 1 1 1 0]
 [0 1 0 0 0 0 1 1 1 1]
 [0 1 1 1 0 1 1 0 1 1]
 [0 0 1 1 1 1 1 1 1 1]
 [1 0 0 1 0 1 0 1 1 1]
 [0 1 1 1 1 1 1 1 1 1]
 [0 0 1 0 1 0 0 1 0 1]
 [1 1 0 1 0 1 0 1 1 1]
 [1 1 0 1 1 1 1 1 1 1]]
{'restarts': 14, 'conflicts': 5751, 'decisions': 11158, 'propagations': 5565634}
Q is identifiable
branch at 6
runtime for solving id of Q is 0.9359286362305284
Simulation results:
{'J': 100, 'K': 10, 'N': 10, 'p': 0.7, 'seed': 478, 'sim': 0, 'runtime': 0.9359286362305284, 'identifiable': 1, 'branch': 6}
1
Q: [[1 1 0 0 0 1 1 1 0 1]
 [1 0 1 1 1 0 1 1 1 1]
 [1 1 0 0 1 1 1 0 1 1]
 [1 1 1 1 1 0 1 1 0 1]
 [1 1 1 1 1 0 0 1 1 0]
 [1 1 1 1 1 1 1 0 1 1]
 [1 0 1 1 1 1 0 1 0 1]
 [1 1 1 1 1 1 1 1 1 0]
 [0 1 0 1 1 1 0 0 1 0]
 [0 1 1 1 1 1 0 1 0 1]
 [0 0 0 1 1 1 0 0 1 1]
 [1 1 0 1 1 1 0 0 1 0]
 [0 1 0 1 0 1 1 1 1 1]
 [1 1 0 1 0 0 1 1 1 0]
 [1 0 0 1 1 1 0 0 0 1]
 [1 0 1 1 1 1 1 1 0 1]
 [1 1 1 1 1 0 1 0 0 0]
 [1 0 0 1 1 1 1 1 1 1]
 [0 1 1 1 0 0 0 1 1 1]
 [1 1 1 1 1 1 1 1 0 1]
 [0 0 0 1 1 1 1 0 1 1]
 [1 1 1 1 1 0 0 1 1 1]
 [0 0 0 1 0 1 1 1 1 1]
 [1 1 0 0 0 1 0 1 1 0]
 [1 0 1 1 0 1 1 1 1 1]
 [1 1 0 0 1 1 0 0 1 0]
 [1 1 1 1 1 1 1 1 1 1]
 [0 0 1 1 1 1 1 1 1 1]
 [1 1 1 1 1 1 1 1 1 0]
 [0 0 1 0 1 1 1 0 1 1]
 [0 1 0 1 0 0 0 1 0 0]
 [1 1 0 1 0 1 1 0 1 1]
 [0 1 1 0 1 1 0 0 1 0]
 [0 0 1 1 1 1 0 1 0 1]
 [1 1 1 0 1 1 1 0 0 1]
 [1 1 1 1 1 1 1 1 1 0]
 [1 1 1 0 0 0 1 1 1 0]
 [1 1 0 0 0 1 1 1 0 1]
 [1 1 1 1 1 1 1 1 1 1]
 [1 1 0 1 0 0 1 1 1 1]
 [1 0 1 0 1 0 0 1 1 1]
 [1 1 0 0 1 0 1 1 0 1]
 [1 1 0 1 1 0 0 0 0 0]
 [0 1 0 0 1 1 1 0 1 0]
 [1 1 1 1 0 0 1 1 1 0]
 [1 0 1 1 0 1 1 1 1 0]
 [0 1 1 1 1 1 1 1 0 1]
 [1 1 1 1 1 0 1 1 1 1]
 [1 1 0 1 1 1 1 1 1 1]
 [1 0 1 0 1 0 1 1 1 0]
 [0 1 1 1 0 0 0 1 1 0]
 [0 1 1 0 1 1 0 0 1 1]
 [0 1 1 1 0 0 1 1 1 1]
 [1 1 1 1 1 0 0 0 1 1]
 [1 1 0 1 1 1 1 1 0 1]
 [1 0 1 1 1 1 1 1 0 1]
 [1 0 1 1 0 1 1 0 0 0]
 [0 1 1 1 1 0 1 1 1 1]
 [0 1 1 0 0 0 0 1 0 0]
 [1 1 1 1 1 1 1 1 0 0]
 [1 1 0 1 1 1 1 1 1 0]
 [1 0 1 1 1 1 1 0 1 1]
 [0 1 1 1 0 1 0 1 1 0]
 [0 1 1 1 0 1 0 1 1 1]
 [1 0 1 1 0 0 0 1 0 1]
 [0 0 1 1 0 1 1 1 0 1]
 [1 1 1 1 0 0 1 0 0 0]
 [1 1 0 1 1 1 0 1 0 0]
 [1 1 0 1 1 0 0 0 1 0]
 [1 1 1 1 1 0 0 1 1 0]
 [0 1 1 1 1 0 0 1 1 0]
 [0 1 0 0 1 1 1 0 0 1]
 [1 1 1 0 1 1 1 1 0 0]
 [1 1 1 1 0 1 1 1 1 1]
 [0 0 0 1 1 1 1 1 1 1]
 [0 1 1 0 1 1 1 1 1 1]
 [0 1 0 1 1 0 1 1 1 1]
 [1 1 0 0 1 0 1 1 1 1]
 [1 0 1 1 0 1 1 1 0 1]
 [1 1 1 1 1 1 0 1 1 1]
 [1 1 1 1 1 1 1 0 1 1]
 [0 1 1 1 0 1 1 1 1 1]
 [1 0 1 1 1 1 1 0 1 1]
 [1 1 0 1 1 1 1 1 0 0]
 [1 0 1 1 1 0 0 1 0 1]
 [1 0 1 0 1 1 1 1 1 1]
 [1 1 1 1 0 0 1 1 1 1]
 [0 1 1 0 1 1 1 0 0 0]
 [1 1 0 0 1 0 1 0 1 0]
 [0 1 1 1 1 1 1 0 1 1]
 [1 1 1 1 1 0 0 1 1 0]
 [1 1 1 1 1 1 1 1 1 1]
 [1 0 1 1 0 1 0 1 1 1]
 [0 1 1 0 1 1 1 1 0 1]
 [0 0 0 0 0 1 1 1 1 1]
 [1 0 1 1 0 0 1 1 1 1]
 [1 0 1 0 1 0 0 1 1 1]
 [1 1 1 1 1 1 1 0 1 1]
 [1 1 1 1 0 1 0 1 1 1]
 [0 0 1 1 1 1 1 1 1 1]]
{'restarts': 36, 'conflicts': 15669, 'decisions': 27165, 'propagations': 16543144}
Q is identifiable
branch at 6
runtime for solving id of Q is 2.320818090811372
Simulation results:
{'J': 100, 'K': 10, 'N': 10, 'p': 0.7, 'seed': 478, 'sim': 1, 'runtime': 2.320818090811372, 'identifiable': 1, 'branch': 6}
2
Q: [[1 1 0 1 1 1 1 1 0 0]
 [1 0 1 1 1 0 1 1 1 0]
 [0 1 1 0 1 1 1 0 1 1]
 [0 1 1 1 1 1 0 1 1 1]
 [0 1 1 1 0 0 1 1 1 1]
 [1 1 1 1 1 0 0 1 1 0]
 [0 0 1 1 0 1 1 1 0 1]
 [0 1 1 1 1 1 1 1 1 0]
 [1 1 1 1 0 1 1 0 1 1]
 [1 1 0 0 1 0 1 1 1 1]
 [1 1 0 1 0 1 0 1 1 1]
 [0 1 0 1 1 1 1 1 0 1]
 [1 1 1 0 0 0 0 1 0 0]
 [1 1 1 0 1 1 1 1 1 0]
 [1 1 0 1 0 1 1 0 1 1]
 [1 1 1 1 1 0 1 0 1 0]
 [1 1 0 1 1 1 1 1 1 1]
 [1 1 1 1 1 1 1 1 0 1]
 [1 0 1 1 1 1 0 1 1 1]
 [1 0 1 1 1 0 0 1 1 0]
 [0 1 1 0 0 0 0 0 1 1]
 [1 1 1 1 0 0 1 1 1 0]
 [0 1 0 1 1 1 0 1 0 0]
 [0 1 0 1 1 0 1 0 1 1]
 [1 1 1 1 0 0 0 1 1 1]
 [1 1 1 1 1 1 1 1 1 1]
 [1 1 1 1 1 1 1 1 0 0]
 [1 0 0 0 1 1 1 1 1 0]
 [1 1 0 1 1 1 1 0 0 1]
 [1 1 1 1 1 1 0 1 1 0]
 [0 1 0 1 0 0 1 1 1 1]
 [1 1 1 0 0 0 1 1 1 0]
 [1 1 1 1 0 1 0 1 1 0]
 [1 1 1 0 1 1 0 1 0 0]
 [0 0 1 0 0 1 0 1 1 1]
 [1 1 0 1 0 1 1 1 1 0]
 [0 0 1 0 1 1 0 1 0 1]
 [1 1 1 0 0 0 1 1 1 0]
 [0 0 1 1 1 1 1 1 0 0]
 [1 1 1 1 1 0 1 1 1 1]
 [1 1 1 1 1 1 0 1 0 0]
 [1 1 1 1 1 0 1 1 1 1]
 [1 0 1 1 1 1 0 1 1 1]
 [1 0 1 1 1 0 0 1 1 0]
 [0 1 1 1 1 1 1 0 0 1]
 [1 1 0 1 1 1 1 1 0 0]
 [1 1 1 0 1 1 1 1 0 1]
 [0 1 1 1 1 1 0 1 0 1]
 [1 1 1 0 1 1 1 1 1 1]
 [0 0 1 1 1 1 1 1 0 1]
 [1 1 0 1 1 1 1 0 1 1]
 [0 1 1 1 1 1 1 0 0 0]
 [0 1 1 1 0 0 1 0 0 0]
 [1 0 0 1 0 1 1 0 0 1]
 [1 1 1 0 1 1 0 1 1 1]
 [0 0 0 1 1 1 1 1 0 0]
 [0 1 1 0 1 1 0 1 0 1]
 [1 0 1 1 1 0 1 1 0 1]
 [1 1 1 1 1 0 1 1 1 1]
 [1 1 1 1 1 0 0 1 1 0]
 [0 0 0 1 1 1 1 1 0 0]
 [1 1 1 1 1 1 1 1 1 1]
 [1 1 0 1 1 1 1 1 1 1]
 [1 1 1 1 1 0 1 1 1 0]
 [1 1 0 0 1 1 1 1 0 1]
 [1 1 0 1 1 1 0 1 1 0]
 [1 1 1 1 0 1 1 1 1 0]
 [0 1 1 0 0 1 1 1 0 1]
 [1 0 0 0 1 1 1 0 1 1]
 [1 1 1 1 1 1 1 1 1 0]
 [1 1 0 0 1 0 1 0 1 1]
 [1 1 0 0 1 1 1 1 0 1]
 [1 0 1 1 1 0 1 1 0 1]
 [1 1 1 0 1 0 1 0 0 1]
 [1 0 1 1 1 0 1 1 1 1]
 [1 0 1 1 1 1 1 1 1 1]
 [1 0 1 0 1 0 1 1 1 1]
 [0 1 1 1 1 1 1 1 0 1]
 [1 1 1 0 1 1 1 1 1 1]
 [1 0 1 0 1 0 1 0 1 1]
 [1 1 0 0 1 1 1 0 1 1]
 [1 1 1 1 1 1 1 0 0 1]
 [1 0 1 1 0 1 1 1 1 0]
 [0 1 1 1 0 0 1 1 1 1]
 [1 0 1 1 0 1 1 1 1 1]
 [1 1 0 1 1 1 1 0 0 0]
 [1 1 1 1 0 0 1 1 1 0]
 [1 1 1 0 1 0 1 1 0 0]
 [1 1 1 0 1 1 0 0 1 1]
 [0 1 1 0 1 1 0 1 1 0]
 [1 0 0 0 0 0 1 1 0 1]
 [1 0 1 1 0 1 1 0 1 1]
 [1 1 0 0 1 1 1 1 0 1]
 [0 0 0 1 0 0 1 0 1 1]
 [1 0 1 1 1 0 1 1 1 0]
 [1 1 1 1 0 0 0 1 1 1]
 [1 1 1 1 1 1 0 1 1 1]
 [1 1 1 1 1 1 0 1 0 1]
 [1 0 0 1 1 1 1 0 0 0]
 [1 0 1 1 1 1 0 0 1 1]]
{'restarts': 17, 'conflicts': 7516, 'decisions': 14475, 'propagations': 6787357}
Q is identifiable
branch at 6
runtime for solving id of Q is 1.005041471682489
Simulation results:
{'J': 100, 'K': 10, 'N': 10, 'p': 0.7, 'seed': 478, 'sim': 2, 'runtime': 1.005041471682489, 'identifiable': 1, 'branch': 6}
3
Q: [[1 1 0 1 1 0 1 1 1 1]
 [1 1 1 0 1 1 1 1 1 1]
 [1 1 1 1 1 1 0 1 0 1]
 [1 0 0 1 1 1 1 1 1 1]
 [0 1 1 1 0 0 1 1 1 1]
 [1 1 1 1 0 1 1 0 1 1]
 [1 1 1 1 1 1 0 0 0 0]
 [1 1 1 1 0 1 1 1 1 0]
 [1 1 1 1 1 1 1 0 1 1]
 [1 0 1 0 0 1 1 1 1 1]
 [1 1 1 1 1 1 1 1 1 1]
 [0 1 1 0 0 1 1 1 1 1]
 [1 0 0 1 1 0 1 0 0 0]
 [1 0 1 1 1 1 1 1 1 1]
 [0 0 1 1 1 1 0 1 1 1]
 [1 1 1 1 1 1 1 1 1 1]
 [0 1 0 1 1 1 1 0 1 0]
 [1 0 1 1 0 1 1 1 1 1]
 [1 0 1 0 0 1 1 0 1 1]
 [0 0 0 0 1 1 1 1 1 1]
 [0 0 1 1 1 1 1 0 1 1]
 [1 1 1 0 1 1 1 0 1 1]
 [1 1 0 0 1 1 1 1 1 1]
 [0 1 1 1 1 1 0 1 1 1]
 [0 1 1 1 1 0 0 1 1 0]
 [1 1 1 1 0 1 1 1 1 0]
 [0 1 1 1 1 0 1 1 1 1]
 [1 1 0 0 0 1 0 0 1 0]
 [0 0 1 1 1 1 1 1 1 1]
 [0 1 1 0 1 1 1 1 1 1]
 [1 1 1 1 1 1 0 1 1 1]
 [1 1 0 1 0 0 0 0 1 1]
 [1 1 1 1 1 1 0 1 1 1]
 [0 1 1 1 0 0 1 1 1 0]
 [1 1 1 1 0 1 0 0 1 1]
 [1 1 1 1 1 1 1 1 0 1]
 [1 1 1 0 1 1 0 1 1 1]
 [1 0 1 1 0 1 0 1 0 1]
 [0 0 1 0 1 1 1 1 0 0]
 [1 1 1 0 0 0 0 0 0 1]
 [1 1 1 0 0 1 1 1 1 0]
 [1 1 0 1 1 0 1 1 0 1]
 [0 1 1 1 0 0 1 0 1 1]
 [1 1 0 1 1 0 0 1 1 0]
 [1 1 1 0 1 1 0 1 1 0]
 [0 1 1 1 0 0 0 0 0 1]
 [1 0 0 1 1 0 0 0 1 0]
 [0 1 1 1 1 1 1 1 1 1]
 [1 1 1 0 1 1 0 0 1 1]
 [0 0 0 0 0 1 1 1 0 1]
 [1 1 1 1 1 1 1 1 1 1]
 [1 1 0 1 0 1 1 1 1 1]
 [1 1 0 0 0 1 1 1 1 1]
 [1 1 1 1 1 1 1 1 0 1]
 [0 1 1 0 1 1 0 0 1 0]
 [1 0 1 0 0 1 0 1 1 1]
 [0 1 1 1 0 0 0 1 1 1]
 [1 1 0 0 1 0 1 1 1 0]
 [0 1 0 0 0 1 1 1 1 1]
 [1 1 0 1 0 1 1 1 1 1]
 [1 1 1 1 1 0 0 0 0 1]
 [0 1 1 0 1 1 0 1 1 1]
 [0 1 1 1 0 1 1 1 1 0]
 [1 0 1 1 1 1 1 1 0 0]
 [1 1 1 1 1 0 1 1 1 1]
 [1 1 1 1 1 1 0 0 0 1]
 [0 1 0 0 0 1 1 1 1 1]
 [0 1 0 1 1 1 1 1 0 1]
 [1 0 1 0 0 1 1 1 1 1]
 [0 0 1 1 1 1 0 1 1 1]
 [1 0 1 0 1 1 1 1 1 0]
 [0 0 1 1 0 0 1 1 1 1]
 [1 1 1 0 1 1 1 1 1 0]
 [1 0 1 0 0 1 1 0 1 1]
 [0 0 0 0 1 1 1 0 1 0]
 [1 1 1 1 1 1 1 1 1 1]
 [1 1 0 0 0 0 1 1 1 1]
 [0 1 1 0 1 1 1 1 1 1]
 [1 1 1 0 1 1 1 1 1 1]
 [0 1 1 1 1 0 1 0 1 1]
 [0 1 0 1 1 0 1 1 1 1]
 [0 1 1 1 1 1 1 1 1 1]
 [1 0 0 1 1 1 0 1 1 1]
 [1 0 1 1 0 1 1 0 1 0]
 [0 1 0 1 1 1 1 1 0 0]
 [1 1 0 1 1 1 1 1 1 0]
 [0 1 1 1 0 1 1 1 1 0]
 [1 0 1 0 1 1 1 1 1 1]
 [0 1 1 0 1 1 1 1 1 1]
 [0 1 0 1 1 0 1 1 0 0]
 [1 0 1 0 0 1 1 1 1 1]
 [1 1 1 1 1 1 1 1 1 1]
 [0 1 1 1 0 1 1 1 1 0]
 [0 0 1 0 0 1 0 1 0 1]
 [0 1 1 1 1 0 1 1 1 1]
 [1 0 1 0 1 0 1 1 0 1]
 [0 0 1 1 1 0 0 1 0 1]
 [0 1 1 1 1 1 0 1 1 1]
 [1 1 1 1 1 1 1 0 1 0]
 [1 1 1 1 1 1 1 1 0 0]]
{'restarts': 4, 'conflicts': 1718, 'decisions': 4271, 'propagations': 1463736}
Q is identifiable
branch at 6
runtime for solving id of Q is 0.3341894494369626
Simulation results:
{'J': 100, 'K': 10, 'N': 10, 'p': 0.7, 'seed': 478, 'sim': 3, 'runtime': 0.3341894494369626, 'identifiable': 1, 'branch': 6}
4
Q: [[1 0 1 1 1 0 1 0 1 0]
 [1 1 0 1 1 1 0 1 1 1]
 [1 0 0 1 1 0 0 1 0 1]
 [1 1 0 1 1 1 0 1 1 1]
 [1 1 0 1 1 1 0 1 1 1]
 [0 1 0 1 1 1 0 1 0 1]
 [1 1 1 0 1 0 1 1 1 0]
 [1 0 1 1 1 1 1 1 1 1]
 [1 0 1 1 1 0 1 0 0 1]
 [0 1 1 0 1 1 1 1 1 1]
 [1 1 1 1 0 0 1 1 1 0]
 [0 0 0 1 1 1 1 1 0 1]
 [1 1 1 0 1 1 0 1 1 1]
 [1 1 1 1 0 1 1 1 1 1]
 [1 1 1 1 1 1 1 1 1 0]
 [1 1 1 1 0 1 1 1 0 1]
 [0 1 0 1 1 0 1 0 1 0]
 [1 0 0 1 1 1 1 0 1 1]
 [1 1 0 1 0 1 1 1 1 1]
 [1 1 1 0 0 1 1 0 0 1]
 [0 1 0 0 0 0 1 1 1 0]
 [1 1 1 0 1 0 1 0 0 0]
 [1 1 1 1 1 1 1 1 0 1]
 [1 1 0 1 0 1 0 0 0 1]
 [0 1 0 1 0 1 1 1 1 0]
 [0 0 0 0 0 0 1 1 0 1]
 [1 1 0 0 1 0 1 1 0 1]
 [1 1 1 1 1 1 0 1 1 0]
 [1 1 1 1 0 1 1 1 0 1]
 [1 1 1 1 1 1 0 0 1 1]
 [0 0 0 0 1 1 1 1 1 1]
 [1 0 1 0 1 0 1 0 0 1]
 [1 1 1 1 0 1 1 1 0 0]
 [0 1 1 1 0 1 1 1 1 1]
 [1 1 1 1 1 1 0 0 1 0]
 [1 1 1 1 0 1 1 1 1 1]
 [1 1 1 1 1 0 1 0 1 0]
 [1 1 1 1 1 1 1 0 1 1]
 [0 1 0 1 1 0 1 0 1 1]
 [1 1 1 1 1 1 1 1 1 1]
 [1 0 1 0 1 0 0 0 0 1]
 [1 0 0 0 1 0 0 0 1 1]
 [0 0 1 1 1 1 0 0 1 0]
 [1 0 0 1 0 1 0 1 1 0]
 [1 1 0 1 1 1 1 0 1 1]
 [1 1 1 1 1 1 1 0 1 1]
 [1 1 1 1 1 1 1 1 0 1]
 [1 1 1 1 1 1 1 1 1 1]
 [1 1 1 0 1 0 1 1 0 0]
 [1 1 1 0 1 1 1 0 1 1]
 [0 1 1 0 1 0 1 1 1 0]
 [1 1 1 1 1 1 1 0 1 0]
 [1 1 1 1 1 1 1 1 0 0]
 [1 1 1 1 1 1 1 1 1 1]
 [1 1 1 1 1 0 0 1 1 1]
 [1 0 1 1 1 1 1 1 0 1]
 [1 1 0 1 1 0 1 1 1 0]
 [0 0 0 1 0 1 1 0 1 1]
 [1 1 1 1 1 1 1 1 1 0]
 [1 1 0 1 1 1 0 0 1 1]
 [1 1 0 1 1 1 1 1 1 0]
 [1 1 0 0 0 1 1 0 1 0]
 [1 1 1 1 1 1 1 1 1 1]
 [1 1 1 1 0 0 0 1 1 1]
 [1 1 1 1 0 1 0 0 0 1]
 [1 1 1 0 1 1 0 0 0 0]
 [1 1 1 1 0 1 0 1 1 0]
 [1 1 0 1 1 1 1 0 0 0]
 [1 1 1 1 0 1 1 0 0 1]
 [1 1 1 1 1 0 0 0 1 0]
 [1 1 0 1 0 1 1 1 0 1]
 [0 1 1 0 1 0 1 1 1 1]
 [0 0 1 1 1 1 1 1 0 1]
 [0 1 0 1 1 1 1 0 1 1]
 [0 1 1 0 0 0 1 1 0 1]
 [1 1 1 1 0 0 1 1 1 1]
 [1 1 1 1 1 1 1 1 0 0]
 [1 0 1 0 1 1 1 1 0 1]
 [1 0 1 1 1 1 1 1 1 1]
 [1 1 0 0 1 1 1 1 1 1]
 [0 1 1 1 1 0 1 1 1 0]
 [0 1 1 1 1 0 1 0 1 1]
 [1 1 0 1 1 1 0 1 0 1]
 [1 1 0 0 0 1 0 0 0 1]
 [0 0 0 1 1 1 1 1 0 1]
 [1 1 0 1 0 1 1 0 1 0]
 [0 1 1 0 0 1 0 0 1 0]
 [0 1 0 1 1 1 1 1 0 1]
 [0 1 0 0 0 1 1 1 1 1]
 [1 1 1 1 0 1 1 1 1 1]
 [1 1 0 1 1 1 1 0 0 1]
 [1 1 1 1 1 1 1 1 0 1]
 [0 1 0 1 1 1 1 0 1 1]
 [1 0 1 0 1 1 0 1 1 1]
 [1 0 0 1 1 1 0 0 1 1]
 [0 0 1 1 1 0 1 0 1 1]
 [1 1 1 1 0 1 1 1 1 0]
 [1 1 1 0 1 1 1 1 1 1]
 [1 1 1 0 0 1 1 0 1 1]
 [1 1 0 1 1 1 0 1 0 1]]
{'restarts': 18, 'conflicts': 5414, 'decisions': 10630, 'propagations': 5005935}
Q is identifiable
branch at 6
runtime for solving id of Q is 0.7492249980568886
Simulation results:
{'J': 100, 'K': 10, 'N': 10, 'p': 0.7, 'seed': 478, 'sim': 4, 'runtime': 0.7492249980568886, 'identifiable': 1, 'branch': 6}
5
Q: [[0 1 0 1 1 1 0 1 1 1]
 [0 1 0 1 1 1 1 1 1 1]
 [0 1 1 1 0 1 1 0 1 0]
 [1 0 0 1 1 1 1 1 1 0]
 [1 1 0 1 1 1 1 0 0 1]
 [1 1 1 1 1 1 1 1 1 1]
 [1 1 0 1 1 1 1 1 1 1]
 [1 1 1 1 1 1 1 1 1 1]
 [1 1 0 0 1 1 1 1 1 1]
 [0 1 1 0 0 0 1 1 1 1]
 [1 1 1 1 1 1 0 1 1 0]
 [1 1 0 0 1 0 1 1 1 0]
 [0 0 1 1 1 1 1 1 1 1]
 [1 1 1 1 0 1 0 1 1 1]
 [1 0 1 0 1 1 1 1 1 0]
 [1 1 0 0 1 1 1 0 0 1]
 [1 1 1 1 1 1 1 1 0 0]
 [1 1 0 0 1 1 0 1 1 0]
 [1 1 1 0 1 0 1 0 1 0]
 [1 1 1 1 1 0 0 1 1 1]
 [1 0 0 1 1 1 1 1 1 1]
 [1 1 1 1 0 0 1 1 0 1]
 [1 1 1 1 1 1 0 1 1 1]
 [1 1 1 1 0 0 0 1 1 0]
 [1 1 1 1 0 0 1 1 0 1]
 [1 1 1 1 0 1 0 0 1 1]
 [1 1 1 0 1 1 0 1 1 1]
 [1 0 0 1 1 0 1 1 1 1]
 [1 1 1 1 0 1 1 0 1 1]
 [1 1 1 1 1 0 0 0 1 1]
 [1 1 1 1 1 1 1 1 1 0]
 [0 0 1 1 0 1 1 1 1 1]
 [1 1 1 1 1 1 1 1 0 1]
 [1 1 1 1 1 1 0 1 0 0]
 [1 1 1 1 0 0 0 1 1 1]
 [1 1 1 1 0 1 1 0 1 1]
 [1 1 1 1 1 1 1 1 0 1]
 [1 1 0 0 1 0 1 1 1 0]
 [1 1 1 1 1 1 1 1 1 1]
 [1 1 1 0 0 0 1 1 1 0]
 [1 0 1 1 1 0 0 1 1 1]
 [1 1 0 1 0 0 1 1 1 0]
 [1 1 1 0 0 1 1 1 1 0]
 [0 0 0 0 1 1 1 1 1 1]
 [1 1 0 1 1 1 1 1 1 1]
 [0 1 0 1 0 0 0 1 1 1]
 [1 1 1 1 0 0 1 1 1 1]
 [0 0 0 0 1 1 1 0 0 0]
 [0 1 1 1 0 1 0 1 1 0]
 [1 1 1 1 1 1 1 0 1 1]
 [0 1 1 0 1 1 1 1 1 1]
 [1 1 0 1 0 1 0 1 0 1]
 [1 1 0 0 0 1 0 1 0 0]
 [1 1 1 1 1 1 0 1 1 0]
 [1 1 1 1 1 1 1 1 1 0]
 [1 0 1 0 1 1 1 1 1 1]
 [1 1 1 1 1 1 1 1 1 0]
 [1 1 1 0 0 1 1 1 1 1]
 [1 1 1 1 1 1 0 1 1 1]
 [1 0 1 1 1 1 1 1 1 1]
 [0 1 0 1 0 1 1 0 0 0]
 [1 1 1 1 0 1 1 0 0 1]
 [0 0 1 1 1 1 1 1 0 1]
 [0 1 1 1 0 0 0 1 1 1]
 [0 0 1 1 1 0 1 0 0 1]
 [1 1 0 1 1 1 1 0 1 1]
 [1 0 1 0 1 0 1 1 0 1]
 [1 0 1 0 1 1 0 0 0 1]
 [1 1 1 1 1 0 1 1 1 0]
 [1 1 1 1 1 1 1 0 0 1]
 [0 0 1 1 1 1 0 0 1 0]
 [0 0 1 1 1 1 0 0 1 1]
 [0 1 1 1 1 0 1 0 1 1]
 [1 0 1 1 1 1 1 1 0 1]
 [0 0 1 1 1 1 1 1 0 0]
 [1 0 1 0 0 1 1 1 1 1]
 [1 1 1 1 1 1 1 1 0 0]
 [0 1 1 1 0 1 0 1 0 0]
 [1 1 1 1 0 1 0 1 1 0]
 [1 0 1 1 1 1 1 0 1 1]
 [1 0 1 0 1 1 0 1 1 1]
 [1 1 1 1 0 1 1 1 1 1]
 [1 1 1 1 1 1 1 0 0 1]
 [1 1 1 1 1 1 1 1 0 0]
 [1 0 1 1 1 1 0 0 1 1]
 [0 1 0 1 0 0 0 1 1 1]
 [1 0 1 1 1 1 1 0 1 1]
 [1 1 1 1 1 1 1 1 1 0]
 [1 0 1 0 0 1 0 1 0 1]
 [1 0 0 1 0 0 1 1 1 0]
 [0 0 0 1 0 0 0 0 1 1]
 [1 0 0 0 0 0 0 0 1 0]
 [0 1 0 1 1 1 0 0 1 0]
 [0 1 0 1 0 1 1 1 1 0]
 [1 1 1 1 1 0 0 1 1 1]
 [0 1 1 1 0 1 1 1 0 1]
 [1 1 1 0 0 0 1 1 0 1]
 [1 1 0 1 1 0 1 1 1 0]
 [0 0 0 1 1 0 0 1 0 0]
 [0 1 0 1 1 1 0 1 1 1]]
{'restarts': 8, 'conflicts': 1920, 'decisions': 3890, 'propagations': 1677551}
Q is identifiable
branch at 6
runtime for solving id of Q is 0.3684284929186106
Simulation results:
{'J': 100, 'K': 10, 'N': 10, 'p': 0.7, 'seed': 478, 'sim': 5, 'runtime': 0.3684284929186106, 'identifiable': 1, 'branch': 6}
6
Q: [[1 0 0 1 1 0 1 1 1 1]
 [1 0 0 1 0 1 1 1 1 1]
 [0 1 1 0 0 1 1 0 1 0]
 [0 0 1 1 1 1 1 1 0 1]
 [1 1 0 0 1 1 1 1 1 1]
 [1 0 0 1 1 1 0 1 1 1]
 [0 0 1 0 0 1 1 1 0 1]
 [0 1 0 1 1 0 1 1 1 1]
 [1 1 0 1 1 1 0 1 1 1]
 [1 0 1 1 0 1 1 0 1 1]
 [0 0 1 1 1 1 0 1 1 0]
 [1 1 1 1 1 1 1 1 1 0]
 [0 1 1 1 1 1 1 0 1 1]
 [1 1 1 0 0 1 1 0 0 1]
 [1 1 0 1 1 1 1 1 0 1]
 [1 1 0 1 1 1 1 1 1 1]
 [1 0 0 1 1 0 0 1 1 1]
 [1 1 1 1 1 0 1 0 1 1]
 [1 0 1 1 0 0 1 1 1 1]
 [1 1 1 1 1 1 1 1 1 1]
 [1 1 1 1 1 0 0 1 0 1]
 [1 1 1 1 1 1 1 1 1 0]
 [1 0 0 0 1 1 1 1 1 1]
 [1 0 1 1 1 1 1 1 0 0]
 [0 1 0 1 1 0 1 0 1 1]
 [1 1 1 0 1 0 0 0 0 1]
 [1 0 0 0 1 1 1 1 1 1]
 [0 1 0 1 1 1 1 1 1 0]
 [1 1 1 0 1 1 1 0 1 1]
 [1 1 0 1 0 1 1 0 1 1]
 [1 1 1 0 1 1 1 1 1 1]
 [0 0 0 1 0 1 0 0 0 0]
 [1 1 1 1 0 1 0 0 1 1]
 [1 1 0 1 0 1 1 1 1 1]
 [1 1 1 0 0 1 0 1 1 1]
 [1 0 1 0 1 1 1 1 1 1]
 [0 0 1 1 1 1 0 1 0 0]
 [1 0 0 1 0 1 1 0 1 1]
 [1 0 1 1 0 1 1 0 1 1]
 [1 1 1 1 1 1 1 1 1 1]
 [1 1 0 1 1 0 1 1 0 1]
 [0 1 1 0 1 1 1 1 1 1]
 [1 0 0 1 1 1 1 0 1 1]
 [0 1 1 1 0 1 1 0 1 0]
 [1 1 0 0 0 1 1 1 1 1]
 [0 1 1 1 1 0 1 1 0 1]
 [0 1 1 1 1 0 1 1 0 1]
 [1 1 1 1 1 0 1 1 1 1]
 [1 1 1 1 0 0 1 1 1 1]
 [1 0 1 1 0 0 1 1 1 0]
 [1 0 0 0 1 1 1 1 0 1]
 [1 1 0 1 0 0 1 0 1 1]
 [1 1 0 1 1 1 1 0 1 1]
 [1 1 1 1 0 1 0 0 1 1]
 [1 1 1 1 1 0 1 0 1 1]
 [0 1 1 1 1 1 1 1 1 0]
 [1 0 1 0 1 1 1 1 0 1]
 [1 1 1 1 1 1 1 1 1 1]
 [1 1 1 1 0 1 1 1 1 1]
 [1 1 1 1 1 1 0 1 0 1]
 [1 0 0 1 1 1 1 1 1 1]
 [1 1 1 1 1 0 1 1 0 1]
 [0 0 1 1 0 1 1 1 0 1]
 [1 1 1 1 1 0 1 1 1 1]
 [0 1 1 1 1 1 1 0 0 1]
 [1 1 1 1 0 1 1 1 0 1]
 [1 1 1 0 1 1 1 1 1 1]
 [1 1 1 1 1 1 1 1 1 1]
 [0 1 0 0 0 1 1 1 0 1]
 [1 0 0 1 1 1 1 1 0 1]
 [1 1 1 1 1 0 1 0 1 0]
 [0 1 1 1 1 0 1 0 0 1]
 [1 1 0 1 1 1 0 0 1 1]
 [1 1 0 1 0 0 1 0 1 1]
 [1 0 0 1 0 1 1 1 1 1]
 [1 1 1 1 0 1 0 1 0 1]
 [1 1 1 1 1 1 1 1 1 1]
 [1 0 1 1 0 1 1 1 1 1]
 [1 0 0 1 1 1 1 1 0 1]
 [1 1 0 0 1 1 1 1 1 1]
 [1 1 1 1 1 1 0 1 1 0]
 [1 1 1 0 1 1 1 1 1 1]
 [1 0 1 1 1 0 1 0 0 1]
 [1 1 1 1 1 1 1 1 1 1]
 [1 1 1 1 1 1 1 1 0 1]
 [1 1 1 1 0 0 0 1 0 0]
 [0 1 1 0 1 1 1 1 1 1]
 [1 0 1 1 0 0 1 1 1 0]
 [1 1 1 0 1 1 1 1 1 1]
 [1 1 1 1 0 1 0 1 0 0]
 [1 1 0 0 1 1 1 1 1 1]
 [1 0 0 1 1 1 1 1 1 0]
 [0 1 1 1 1 1 1 1 1 1]
 [1 1 1 1 1 1 0 1 0 1]
 [1 1 1 1 1 0 1 0 1 0]
 [1 1 1 1 0 1 1 0 1 0]
 [0 0 1 0 1 1 1 0 0 1]
 [1 1 1 1 1 0 1 1 1 1]
 [1 0 1 0 1 1 1 1 1 1]
 [1 0 1 1 0 0 1 1 1 1]]
{'restarts': 5, 'conflicts': 2238, 'decisions': 4708, 'propagations': 1331570}
Q is identifiable
branch at 6
runtime for solving id of Q is 0.2723251869902015
Simulation results:
{'J': 100, 'K': 10, 'N': 10, 'p': 0.7, 'seed': 478, 'sim': 6, 'runtime': 0.2723251869902015, 'identifiable': 1, 'branch': 6}
7
Q: [[1 0 1 1 1 1 1 1 1 1]
 [1 0 1 1 1 1 0 1 1 1]
 [1 1 1 1 1 0 0 0 1 0]
 [0 0 0 1 0 0 1 1 1 1]
 [1 1 1 0 1 0 1 1 1 0]
 [0 1 0 0 1 1 1 0 1 1]
 [0 1 1 1 1 1 0 0 1 1]
 [1 1 1 1 1 0 1 1 0 1]
 [0 0 1 0 0 0 0 1 0 1]
 [1 1 1 0 1 1 0 1 1 1]
 [0 1 1 1 1 1 1 1 1 0]
 [1 1 0 1 0 1 1 1 1 0]
 [0 1 0 1 1 1 0 0 1 1]
 [1 0 1 0 0 1 1 1 0 1]
 [0 1 1 1 1 0 0 1 1 0]
 [0 1 1 0 1 1 0 1 1 0]
 [1 1 1 1 1 0 0 0 1 1]
 [1 1 1 0 1 0 1 0 1 0]
 [1 1 1 1 1 0 0 1 1 1]
 [1 1 0 1 0 0 1 1 1 1]
 [1 0 1 1 1 1 1 1 1 1]
 [1 0 1 1 1 1 0 1 0 1]
 [0 1 1 1 1 1 0 1 1 1]
 [0 1 0 1 1 1 1 1 1 1]
 [1 1 1 0 1 1 0 0 1 1]
 [1 1 1 1 1 1 1 0 1 1]
 [0 1 1 1 1 1 0 1 1 1]
 [1 1 1 1 0 1 1 1 1 0]
 [1 1 0 0 1 1 1 1 1 1]
 [1 0 0 1 1 0 1 1 0 1]
 [1 1 1 1 1 1 0 1 1 1]
 [1 1 1 1 1 1 0 1 1 1]
 [1 1 1 0 1 1 1 1 1 1]
 [0 0 1 0 0 1 1 0 1 1]
 [1 1 1 1 1 1 1 1 1 0]
 [1 1 1 0 1 1 0 0 1 1]
 [0 1 0 1 1 1 1 0 0 1]
 [1 1 1 1 0 1 1 1 1 0]
 [0 1 1 1 0 1 1 1 0 0]
 [1 1 1 1 0 1 1 1 1 1]
 [0 0 0 1 1 0 0 1 0 1]
 [1 1 0 0 1 1 1 1 0 1]
 [1 1 1 1 1 1 1 0 1 0]
 [1 1 1 0 0 1 0 0 1 1]
 [0 1 1 1 0 1 1 0 1 1]
 [0 0 1 1 0 1 0 1 1 0]
 [0 0 1 1 1 1 1 1 0 1]
 [1 1 1 0 0 1 1 0 1 0]
 [0 0 1 1 1 0 1 1 1 1]
 [1 1 0 1 1 1 0 1 1 1]
 [1 1 0 1 1 1 1 1 1 1]
 [0 1 0 1 1 1 1 1 1 1]
 [1 0 1 1 1 0 1 1 1 0]
 [1 1 1 1 1 1 1 0 1 0]
 [1 0 0 1 1 1 0 1 0 1]
 [0 1 1 0 1 0 1 1 1 1]
 [0 0 1 1 1 1 1 1 1 0]
 [0 1 1 1 0 1 1 1 1 1]
 [1 1 0 1 1 0 0 1 0 1]
 [1 1 1 1 1 0 0 1 1 0]
 [1 1 0 0 1 1 1 1 1 1]
 [1 0 0 1 0 0 1 1 1 1]
 [1 0 0 1 1 1 1 1 1 1]
 [1 1 1 1 1 0 1 1 1 1]
 [1 0 1 1 0 1 0 1 0 1]
 [1 1 1 0 1 1 0 0 1 1]
 [1 1 1 1 0 0 1 1 1 0]
 [1 1 0 1 1 1 1 1 1 0]
 [1 1 1 1 1 1 0 0 0 0]
 [1 1 0 1 1 0 0 1 0 0]
 [1 0 1 0 0 1 1 1 0 1]
 [1 1 1 0 1 1 1 1 1 0]
 [1 0 1 1 0 1 1 1 1 1]
 [0 1 0 1 1 0 0 0 0 0]
 [1 1 1 0 1 0 1 1 1 1]
 [1 1 1 0 0 1 1 1 0 1]
 [0 0 0 1 0 1 0 1 1 0]
 [1 0 1 1 1 1 1 0 0 0]
 [0 1 1 1 0 1 1 1 1 1]
 [0 1 1 0 1 1 1 0 1 1]
 [1 1 1 0 0 1 1 1 0 1]
 [1 1 0 1 0 0 1 1 1 0]
 [1 0 1 0 1 1 1 0 1 0]
 [1 1 1 1 1 1 1 1 0 0]
 [0 1 1 1 1 1 1 1 0 0]
 [1 1 1 1 1 0 1 1 1 1]
 [1 1 1 0 0 1 1 0 1 1]
 [0 1 0 1 1 1 0 1 1 1]
 [0 1 1 1 1 0 1 1 1 1]
 [1 1 1 1 0 1 1 1 1 0]
 [0 1 1 1 1 1 0 1 1 1]
 [1 1 1 1 0 0 1 1 0 0]
 [1 1 1 0 1 1 0 1 0 1]
 [1 1 1 0 1 1 1 1 1 1]
 [1 1 1 1 0 1 1 0 1 1]
 [1 1 1 0 0 0 0 1 1 1]
 [0 1 0 1 1 1 0 1 0 0]
 [0 1 1 1 1 1 1 0 1 1]
 [1 1 1 1 1 1 1 1 1 1]
 [0 0 0 1 1 0 1 1 0 0]]
{'restarts': 6, 'conflicts': 1894, 'decisions': 4174, 'propagations': 1688725}
Q is identifiable
branch at 6
runtime for solving id of Q is 0.34217289835214615
Simulation results:
{'J': 100, 'K': 10, 'N': 10, 'p': 0.7, 'seed': 478, 'sim': 7, 'runtime': 0.34217289835214615, 'identifiable': 1, 'branch': 6}
8
Q: [[1 1 0 0 0 1 0 1 1 1]
 [1 1 1 1 0 0 1 0 0 1]
 [1 0 0 1 0 1 1 0 1 1]
 [1 1 1 1 1 1 1 1 1 1]
 [1 1 0 0 1 0 0 1 1 1]
 [1 1 1 1 0 1 1 1 0 1]
 [0 0 1 1 1 0 0 0 1 1]
 [0 0 1 1 1 0 1 0 1 0]
 [0 1 1 1 1 0 0 1 1 1]
 [0 0 1 1 0 1 1 1 1 0]
 [1 0 0 1 0 1 0 1 0 1]
 [1 1 0 1 1 1 1 1 1 0]
 [1 1 1 1 1 1 0 0 1 1]
 [0 1 0 1 1 1 0 1 1 1]
 [0 1 1 1 1 1 0 0 1 1]
 [0 1 1 1 0 0 1 1 1 1]
 [1 0 0 1 0 1 0 1 1 0]
 [1 0 1 0 1 0 1 0 1 1]
 [1 0 1 1 1 0 1 1 1 1]
 [1 1 0 0 1 1 1 1 0 0]
 [1 1 1 1 1 1 1 0 1 0]
 [1 1 1 0 1 1 1 1 1 1]
 [1 1 1 1 1 1 1 1 1 0]
 [1 0 0 1 0 1 1 1 1 1]
 [0 0 1 0 0 0 1 1 1 0]
 [1 1 0 0 1 1 1 0 1 0]
 [0 1 0 1 1 0 0 0 1 1]
 [1 1 0 1 1 0 1 1 1 0]
 [1 0 1 0 1 1 1 1 0 1]
 [0 1 1 1 0 0 0 1 1 0]
 [1 1 1 0 1 1 1 1 1 0]
 [0 1 1 1 1 1 1 1 1 0]
 [1 1 1 0 0 1 1 1 0 0]
 [1 1 1 1 1 1 0 1 1 1]
 [1 1 1 1 1 1 0 1 1 0]
 [1 1 0 1 0 1 1 1 1 1]
 [1 1 1 1 1 0 1 1 1 1]
 [1 0 1 0 0 0 1 1 1 0]
 [1 0 1 1 1 1 0 1 1 1]
 [1 1 1 1 0 0 1 1 1 0]
 [1 1 1 1 1 1 0 0 1 1]
 [1 1 1 1 0 0 0 1 1 1]
 [1 0 1 0 1 0 1 0 1 1]
 [0 0 1 1 0 1 1 0 0 1]
 [1 1 1 1 1 1 1 0 1 1]
 [1 0 0 1 1 1 1 1 1 1]
 [1 1 0 1 1 0 1 1 0 1]
 [0 1 1 1 1 1 1 1 1 1]
 [1 1 1 0 1 0 1 0 1 1]
 [1 1 1 1 1 0 1 1 1 1]
 [1 1 1 1 1 1 0 1 1 0]
 [1 1 1 0 1 0 0 1 0 0]
 [1 1 1 0 1 1 1 1 1 0]
 [1 1 0 1 1 1 1 1 0 1]
 [1 0 0 1 0 1 0 1 1 1]
 [1 1 1 1 1 1 1 0 1 0]
 [0 1 1 1 1 0 0 1 1 0]
 [0 1 1 1 1 1 1 1 1 1]
 [0 1 1 1 1 1 0 0 1 0]
 [1 1 1 1 1 1 1 1 1 0]
 [1 0 1 1 1 0 1 0 1 1]
 [0 1 1 1 1 1 0 0 1 0]
 [1 1 1 0 1 1 0 1 1 0]
 [0 0 1 1 1 1 0 1 1 0]
 [1 0 1 0 0 0 1 0 0 1]
 [1 1 1 1 1 1 0 0 1 1]
 [0 1 1 0 1 1 0 0 1 1]
 [1 0 1 0 1 1 0 1 1 0]
 [1 1 0 0 0 1 1 1 1 0]
 [1 1 1 0 1 1 1 1 1 1]
 [1 1 1 1 1 1 0 1 1 1]
 [1 0 1 1 1 0 0 0 0 0]
 [1 1 0 1 1 1 1 1 1 0]
 [1 1 1 1 0 0 1 1 1 1]
 [1 1 1 0 1 1 1 1 1 0]
 [1 0 0 0 0 1 0 0 0 1]
 [1 0 0 0 1 1 0 0 0 0]
 [1 1 0 1 0 1 1 1 0 1]
 [1 1 1 1 1 1 1 1 1 1]
 [1 1 1 1 1 0 0 1 1 1]
 [0 1 0 1 1 1 0 1 1 1]
 [1 0 1 1 1 1 1 1 1 0]
 [1 0 0 1 1 0 0 1 1 1]
 [1 0 1 1 0 1 1 1 1 1]
 [0 0 0 0 1 1 0 0 1 0]
 [1 1 1 1 1 0 0 1 1 1]
 [0 1 0 0 1 1 1 1 0 1]
 [0 1 1 1 0 0 1 0 1 1]
 [1 1 1 0 0 1 1 1 1 1]
 [1 0 0 0 0 1 0 0 1 1]
 [1 1 1 1 1 0 1 1 1 0]
 [1 1 1 1 0 0 0 1 1 1]
 [1 0 0 1 1 1 0 1 1 1]
 [0 1 1 1 1 1 1 1 1 1]
 [0 1 1 1 0 1 0 1 1 1]
 [1 1 1 1 1 1 1 1 0 0]
 [1 1 1 0 1 0 1 1 0 1]
 [1 0 1 1 1 0 1 1 1 1]
 [0 1 0 1 1 1 1 1 1 1]
 [1 1 1 1 0 1 1 0 1 1]]
{'restarts': 11, 'conflicts': 2528, 'decisions': 5646, 'propagations': 2170314}
Q is identifiable
branch at 6
runtime for solving id of Q is 0.4836638169363141
Simulation results:
{'J': 100, 'K': 10, 'N': 10, 'p': 0.7, 'seed': 478, 'sim': 8, 'runtime': 0.4836638169363141, 'identifiable': 1, 'branch': 6}
9
Q: [[0 0 1 1 1 0 1 0 1 1]
 [0 1 0 1 0 1 1 1 1 0]
 [1 0 0 0 1 1 1 0 0 0]
 [0 1 1 1 1 1 0 1 1 1]
 [1 1 1 1 1 1 0 0 1 0]
 [0 1 1 1 1 0 1 1 1 0]
 [1 1 1 1 1 1 1 1 1 0]
 [1 0 0 1 0 1 0 1 0 1]
 [1 1 0 1 1 0 1 0 1 1]
 [0 1 1 1 1 1 1 1 1 1]
 [0 1 1 1 1 1 1 1 1 1]
 [1 1 1 0 1 1 0 1 0 1]
 [1 0 1 0 1 1 1 1 1 1]
 [0 1 1 1 0 1 1 1 1 1]
 [0 1 0 1 1 1 0 1 1 1]
 [1 0 1 0 0 1 1 1 0 1]
 [1 1 1 1 0 0 0 1 0 1]
 [0 1 1 0 0 1 0 1 1 1]
 [1 1 1 1 1 1 1 1 1 1]
 [1 0 1 1 1 1 1 1 1 0]
 [1 1 1 1 1 1 1 1 1 1]
 [1 1 1 0 0 1 1 1 1 0]
 [0 1 1 1 1 1 1 1 1 0]
 [0 1 1 0 0 1 1 1 1 1]
 [1 0 1 1 0 0 1 0 1 1]
 [0 1 1 1 1 1 1 1 1 1]
 [1 0 0 1 1 1 0 1 0 0]
 [0 1 1 0 1 0 0 1 1 1]
 [0 0 0 1 1 1 1 1 1 1]
 [1 1 1 1 0 1 1 1 0 1]
 [1 1 1 1 1 1 1 0 1 1]
 [0 1 1 1 0 0 1 1 1 1]
 [1 0 1 1 1 0 0 0 0 0]
 [0 1 1 1 0 1 1 1 1 1]
 [1 1 1 0 1 1 0 0 0 1]
 [1 0 1 1 1 1 0 1 0 1]
 [1 0 1 1 0 0 1 1 0 1]
 [0 1 1 0 1 0 1 0 1 1]
 [1 0 1 0 1 1 0 1 0 1]
 [0 1 1 1 1 1 1 1 1 0]
 [1 1 1 1 1 1 1 1 1 1]
 [1 1 1 1 1 0 1 1 1 1]
 [1 0 0 1 1 0 0 1 1 1]
 [0 0 1 0 1 1 1 0 1 1]
 [0 1 1 1 0 1 0 1 1 0]
 [0 1 1 1 1 1 1 1 0 0]
 [1 1 1 1 0 1 1 0 0 1]
 [0 0 1 1 1 1 0 1 1 0]
 [0 1 1 0 1 0 1 1 1 1]
 [1 1 1 1 1 1 1 1 0 0]
 [0 0 1 1 0 0 0 0 1 1]
 [1 1 0 1 1 1 1 0 1 0]
 [0 1 0 0 1 1 1 1 1 0]
 [1 1 0 1 1 1 1 1 0 0]
 [1 0 0 0 1 0 1 1 0 1]
 [1 0 1 1 1 1 1 1 1 1]
 [1 1 1 0 1 1 1 1 0 1]
 [1 1 0 1 1 0 1 1 1 1]
 [1 1 1 1 1 1 0 1 1 1]
 [0 1 0 0 1 1 1 1 1 0]
 [1 1 1 1 1 1 1 0 1 1]
 [1 1 1 1 0 1 1 0 0 1]
 [1 0 1 1 1 1 0 0 1 1]
 [0 0 1 1 1 0 1 1 1 1]
 [1 0 1 1 1 1 1 1 1 1]
 [1 0 0 1 1 1 1 0 1 1]
 [1 1 0 1 0 1 0 1 1 1]
 [1 1 1 1 0 1 1 1 1 1]
 [0 1 1 0 1 1 0 0 1 1]
 [1 1 1 1 1 0 0 1 0 0]
 [0 1 1 0 1 0 1 1 1 1]
 [1 1 1 0 1 0 0 1 1 1]
 [0 1 0 0 1 0 0 1 0 1]
 [0 1 0 0 1 1 0 0 1 1]
 [1 1 0 1 1 0 1 1 1 1]
 [1 0 1 0 0 1 1 1 1 1]
 [0 1 1 1 1 0 1 1 0 0]
 [1 0 1 1 1 1 0 1 0 1]
 [1 1 0 1 1 1 1 0 1 1]
 [1 1 0 1 0 1 1 0 1 1]
 [1 0 1 0 0 0 0 1 1 1]
 [0 1 1 0 1 1 1 0 0 1]
 [1 1 0 0 1 1 0 0 1 1]
 [1 1 1 1 1 0 0 1 1 0]
 [0 0 1 1 1 1 1 1 0 1]
 [1 1 1 0 1 1 1 0 0 1]
 [1 0 1 1 1 1 1 0 0 1]
 [1 1 1 0 1 0 1 1 1 1]
 [1 1 0 0 0 1 1 1 0 1]
 [1 1 1 1 1 1 0 1 1 1]
 [1 0 1 1 1 1 1 0 1 0]
 [1 1 0 1 1 1 1 0 0 1]
 [1 1 0 1 0 1 1 0 1 0]
 [1 1 1 1 1 1 1 1 1 1]
 [1 0 1 1 1 1 0 1 1 1]
 [0 1 1 1 1 1 1 1 0 1]
 [1 1 0 1 1 0 0 1 1 0]
 [1 1 0 1 0 1 1 1 1 1]
 [0 0 1 0 0 0 1 1 1 0]
 [1 1 1 0 0 1 1 0 1 1]]
{'restarts': 42, 'conflicts': 24885, 'decisions': 38212, 'propagations': 28864730}
Q is identifiable
branch at 6
runtime for solving id of Q is 3.7346782721579075
Simulation results:
{'J': 100, 'K': 10, 'N': 10, 'p': 0.7, 'seed': 478, 'sim': 9, 'runtime': 3.7346782721579075, 'identifiable': 1, 'branch': 6}
Simulation results:
[{'J': 100, 'K': 10, 'N': 10, 'p': 0.7, 'seed': 478, 'sim': 0, 'runtime': 0.9359286362305284, 'identifiable': 1, 'branch': 6}, {'J': 100, 'K': 10, 'N': 10, 'p': 0.7, 'seed': 478, 'sim': 1, 'runtime': 2.320818090811372, 'identifiable': 1, 'branch': 6}, {'J': 100, 'K': 10, 'N': 10, 'p': 0.7, 'seed': 478, 'sim': 2, 'runtime': 1.005041471682489, 'identifiable': 1, 'branch': 6}, {'J': 100, 'K': 10, 'N': 10, 'p': 0.7, 'seed': 478, 'sim': 3, 'runtime': 0.3341894494369626, 'identifiable': 1, 'branch': 6}, {'J': 100, 'K': 10, 'N': 10, 'p': 0.7, 'seed': 478, 'sim': 4, 'runtime': 0.7492249980568886, 'identifiable': 1, 'branch': 6}, {'J': 100, 'K': 10, 'N': 10, 'p': 0.7, 'seed': 478, 'sim': 5, 'runtime': 0.3684284929186106, 'identifiable': 1, 'branch': 6}, {'J': 100, 'K': 10, 'N': 10, 'p': 0.7, 'seed': 478, 'sim': 6, 'runtime': 0.2723251869902015, 'identifiable': 1, 'branch': 6}, {'J': 100, 'K': 10, 'N': 10, 'p': 0.7, 'seed': 478, 'sim': 7, 'runtime': 0.34217289835214615, 'identifiable': 1, 'branch': 6}, {'J': 100, 'K': 10, 'N': 10, 'p': 0.7, 'seed': 478, 'sim': 8, 'runtime': 0.4836638169363141, 'identifiable': 1, 'branch': 6}, {'J': 100, 'K': 10, 'N': 10, 'p': 0.7, 'seed': 478, 'sim': 9, 'runtime': 3.7346782721579075, 'identifiable': 1, 'branch': 6}]
