
The Gurobi software has a limited number of licenses. To request a license or
licenses, add this line

    #SBATCH --licenses=gurobi@slurmdb:1

to your SBATCH script, replacing N with the number of licenses you need. Gurobi
will need one license per process.


0
Q: [[1 0 0 1 0]
 [0 0 0 0 0]
 [0 0 1 0 1]
 [1 0 0 1 0]
 [0 0 1 0 0]
 [0 0 1 1 0]
 [1 0 0 0 0]
 [1 0 0 0 1]
 [1 1 0 0 0]
 [0 0 0 0 0]
 [1 0 0 0 1]
 [0 0 0 0 0]
 [0 0 0 0 0]
 [0 0 0 0 0]
 [0 0 0 0 0]
 [0 0 0 1 0]
 [1 0 1 1 0]
 [0 0 1 0 0]
 [0 0 0 1 1]
 [0 1 0 0 0]
 [0 0 0 1 0]
 [0 1 0 0 0]
 [1 0 0 0 0]
 [0 1 0 0 1]
 [0 0 0 0 1]
 [0 1 1 0 1]
 [1 1 0 0 0]
 [0 0 0 1 0]
 [0 0 1 0 0]
 [1 0 0 0 0]
 [0 0 1 1 0]
 [0 1 0 0 0]
 [0 0 1 0 0]
 [0 1 0 0 0]
 [0 0 0 0 0]
 [0 0 1 1 0]
 [0 0 0 0 0]
 [0 0 0 0 0]
 [0 0 0 0 0]
 [1 0 0 0 1]
 [0 1 0 1 0]
 [0 0 0 0 0]
 [0 0 0 0 0]
 [0 0 0 0 1]
 [1 0 0 0 0]
 [0 0 1 0 0]
 [1 0 0 0 1]
 [0 0 0 0 1]
 [0 0 0 0 1]
 [0 0 1 1 0]
 [1 0 1 1 0]
 [1 0 0 1 0]
 [0 0 0 1 0]
 [1 0 0 0 0]
 [1 1 1 0 0]
 [0 0 1 0 0]
 [0 0 1 1 0]
 [0 0 0 0 0]
 [1 0 1 1 0]
 [0 0 0 0 1]
 [1 1 1 0 1]
 [0 0 0 1 1]
 [1 0 1 1 0]
 [0 0 0 1 1]
 [1 0 1 0 0]
 [1 0 0 0 1]
 [0 1 0 0 0]
 [1 1 0 0 1]
 [0 0 0 1 0]
 [0 0 0 0 0]
 [0 0 0 1 1]
 [0 0 0 0 1]
 [1 0 0 0 0]
 [1 0 1 1 0]
 [0 0 0 1 1]
 [1 0 0 0 0]
 [0 0 0 0 0]
 [1 1 0 0 0]
 [0 0 0 1 0]
 [0 0 1 1 0]
 [0 0 1 0 0]
 [0 0 1 0 0]
 [0 1 0 0 0]
 [0 0 0 0 0]
 [0 0 1 1 1]
 [0 0 0 0 0]
 [0 0 1 0 1]
 [0 0 0 0 0]
 [1 1 1 0 0]
 [0 1 0 1 0]
 [0 0 1 0 1]
 [0 0 0 0 0]
 [1 0 0 1 1]
 [0 0 0 0 0]
 [0 1 1 0 1]
 [1 0 0 0 0]
 [0 0 1 0 0]
 [0 0 0 0 1]
 [1 0 0 1 0]
 [0 0 0 1 0]]
Q is identifiable (direct_check).
Q is identifiable
branch at 4
runtime for solving id of Q is 0.0006399461999535561
Simulation results:
{'J': 100, 'K': 5, 'N': 10, 'p': 0.3, 'seed': 98, 'sim': 0, 'runtime': 0.0006399461999535561, 'identifiable': 1, 'branch': 4}
1
Q: [[0 0 0 0 0]
 [0 0 0 1 0]
 [0 0 0 0 1]
 [1 0 0 0 1]
 [0 0 0 1 0]
 [1 0 0 0 0]
 [0 0 0 0 0]
 [0 0 1 0 0]
 [1 1 1 0 0]
 [1 1 0 0 0]
 [1 0 0 0 0]
 [1 0 0 0 0]
 [0 1 1 0 1]
 [0 0 0 0 0]
 [0 0 0 0 0]
 [0 1 0 0 1]
 [0 1 0 1 1]
 [0 0 0 0 0]
 [0 0 0 0 1]
 [1 1 0 0 0]
 [0 0 0 0 0]
 [0 0 0 0 0]
 [0 0 0 0 0]
 [1 1 0 1 1]
 [0 0 0 0 0]
 [0 0 0 0 0]
 [0 1 0 0 0]
 [0 0 0 0 1]
 [1 0 0 1 1]
 [1 1 0 0 0]
 [0 0 1 0 1]
 [1 0 0 0 0]
 [0 0 0 0 1]
 [0 1 0 1 0]
 [0 0 0 0 0]
 [0 0 0 1 0]
 [0 1 0 0 1]
 [0 0 1 0 0]
 [0 0 1 0 0]
 [0 1 0 0 0]
 [0 0 0 0 0]
 [1 1 0 0 0]
 [1 0 1 0 0]
 [0 0 1 0 0]
 [0 0 0 1 0]
 [0 1 0 0 0]
 [0 0 1 1 0]
 [0 1 0 0 0]
 [0 0 0 1 1]
 [1 0 1 1 1]
 [1 1 0 0 1]
 [0 0 1 0 1]
 [1 0 0 0 1]
 [0 1 0 0 1]
 [0 1 1 1 1]
 [0 0 0 1 1]
 [0 1 0 0 1]
 [0 0 0 0 0]
 [0 0 1 0 0]
 [1 0 0 0 0]
 [0 0 0 1 0]
 [0 0 1 0 0]
 [1 0 0 1 0]
 [0 0 0 0 0]
 [0 0 0 1 1]
 [0 1 0 1 0]
 [0 0 0 0 0]
 [0 0 0 0 0]
 [1 0 0 0 0]
 [1 0 1 0 1]
 [0 1 1 1 0]
 [1 0 0 0 0]
 [0 0 0 0 0]
 [0 1 1 1 1]
 [1 0 1 0 1]
 [0 0 1 0 0]
 [1 0 1 0 0]
 [1 0 1 0 1]
 [0 0 0 1 0]
 [0 1 0 0 0]
 [0 0 0 1 0]
 [1 0 0 0 1]
 [0 0 1 0 0]
 [0 1 1 1 0]
 [1 0 0 0 1]
 [1 0 0 1 0]
 [0 0 1 0 0]
 [0 0 1 0 0]
 [0 0 0 0 1]
 [1 0 1 0 1]
 [1 0 0 0 0]
 [0 0 0 1 1]
 [0 0 1 0 0]
 [0 0 0 0 0]
 [1 1 0 0 0]
 [0 0 0 0 0]
 [1 0 0 0 0]
 [1 1 1 0 0]
 [0 0 1 1 0]
 [0 0 0 0 1]]
Q is identifiable (direct_check).
Q is identifiable
branch at 4
runtime for solving id of Q is 0.0005050655454397202
Simulation results:
{'J': 100, 'K': 5, 'N': 10, 'p': 0.3, 'seed': 98, 'sim': 1, 'runtime': 0.0005050655454397202, 'identifiable': 1, 'branch': 4}
2
Q: [[0 0 0 0 0]
 [0 0 1 0 1]
 [0 0 0 0 1]
 [0 0 0 1 0]
 [0 0 0 0 0]
 [1 0 1 0 1]
 [0 0 0 1 0]
 [1 0 0 1 0]
 [0 0 0 0 1]
 [0 1 0 1 0]
 [0 0 0 0 1]
 [0 1 0 0 0]
 [0 1 0 0 1]
 [0 0 0 1 1]
 [1 0 0 0 1]
 [1 0 0 0 0]
 [0 0 0 1 0]
 [1 0 0 0 1]
 [0 0 1 0 1]
 [0 0 0 1 0]
 [0 0 1 0 0]
 [1 0 0 0 1]
 [1 0 1 0 1]
 [0 0 0 0 0]
 [1 0 1 1 0]
 [0 0 0 0 0]
 [0 0 0 0 0]
 [0 1 0 1 0]
 [0 1 1 0 0]
 [0 0 0 0 1]
 [1 0 1 1 0]
 [1 0 0 1 0]
 [1 1 1 1 1]
 [0 0 1 1 0]
 [0 0 0 1 0]
 [0 0 0 0 0]
 [1 0 0 0 0]
 [0 0 0 0 1]
 [1 1 0 0 0]
 [0 0 1 0 1]
 [1 1 1 0 0]
 [0 0 0 1 0]
 [1 1 0 1 0]
 [0 0 1 0 0]
 [0 0 0 1 1]
 [1 0 0 1 0]
 [1 1 0 0 1]
 [0 0 0 0 1]
 [0 0 0 0 0]
 [0 0 0 0 1]
 [0 1 0 0 0]
 [0 0 0 1 1]
 [0 1 0 0 0]
 [1 1 0 0 0]
 [0 0 0 0 0]
 [1 0 0 0 0]
 [1 0 0 0 0]
 [0 0 0 1 0]
 [0 0 0 1 0]
 [1 0 0 0 0]
 [1 0 1 0 1]
 [0 0 1 0 0]
 [0 0 0 0 1]
 [1 1 0 0 0]
 [1 0 1 0 0]
 [1 1 1 0 0]
 [1 0 0 0 0]
 [1 0 0 1 0]
 [0 0 0 0 0]
 [0 0 0 0 0]
 [1 1 0 1 0]
 [0 0 0 0 0]
 [0 0 1 0 1]
 [0 0 0 0 0]
 [0 0 1 0 0]
 [1 0 0 0 0]
 [0 1 1 1 0]
 [0 1 0 1 0]
 [0 0 0 0 0]
 [0 0 0 1 1]
 [0 0 0 1 0]
 [0 1 0 1 0]
 [0 0 0 0 0]
 [0 0 0 0 0]
 [0 0 0 0 1]
 [0 1 0 1 0]
 [0 1 0 0 0]
 [1 1 0 1 0]
 [0 0 1 0 0]
 [0 0 1 1 0]
 [0 0 1 0 1]
 [1 0 0 0 0]
 [0 0 0 1 1]
 [0 0 0 0 0]
 [1 0 0 0 0]
 [0 1 0 1 0]
 [0 0 0 0 0]
 [0 0 1 0 1]
 [0 0 1 0 1]
 [0 0 0 0 1]]
Q is identifiable (direct_check).
Q is identifiable
branch at 4
runtime for solving id of Q is 0.0005107549950480461
Simulation results:
{'J': 100, 'K': 5, 'N': 10, 'p': 0.3, 'seed': 98, 'sim': 2, 'runtime': 0.0005107549950480461, 'identifiable': 1, 'branch': 4}
3
Q: [[0 0 0 0 1]
 [1 1 0 1 1]
 [1 1 1 1 1]
 [1 0 0 0 0]
 [1 0 0 0 0]
 [0 0 0 1 0]
 [1 1 0 0 0]
 [0 1 0 1 0]
 [0 1 0 0 0]
 [1 0 1 1 1]
 [0 0 0 0 1]
 [0 0 0 1 1]
 [1 1 0 1 0]
 [0 0 0 0 0]
 [0 0 0 0 0]
 [0 1 0 0 1]
 [0 0 0 0 0]
 [0 0 0 0 1]
 [0 0 0 0 0]
 [1 1 0 0 0]
 [0 1 0 0 0]
 [0 0 0 0 0]
 [1 0 0 0 1]
 [1 0 0 1 0]
 [0 0 1 0 0]
 [1 1 0 1 0]
 [0 1 0 0 1]
 [0 1 0 0 1]
 [0 1 0 1 0]
 [1 1 0 0 1]
 [1 0 1 0 0]
 [0 0 0 0 0]
 [0 0 0 1 0]
 [1 0 1 1 0]
 [0 0 0 0 0]
 [0 0 1 1 0]
 [0 1 0 1 0]
 [0 0 0 0 0]
 [0 0 1 1 0]
 [0 0 0 0 0]
 [1 0 0 0 1]
 [0 0 0 0 1]
 [0 1 0 0 0]
 [0 0 1 0 0]
 [0 1 1 0 0]
 [0 0 0 0 0]
 [0 0 0 0 1]
 [0 0 0 1 0]
 [0 0 0 0 0]
 [0 0 0 0 0]
 [0 1 0 0 0]
 [0 0 0 0 0]
 [0 0 1 0 0]
 [0 1 0 0 0]
 [0 0 0 0 0]
 [1 1 0 1 0]
 [1 0 0 0 1]
 [0 1 0 0 0]
 [0 0 1 0 0]
 [1 0 1 1 0]
 [0 1 0 0 0]
 [0 0 1 0 0]
 [0 0 0 0 0]
 [0 0 0 1 0]
 [0 0 0 1 0]
 [0 1 1 1 0]
 [1 0 0 0 1]
 [0 0 0 0 0]
 [1 0 1 0 1]
 [0 0 0 0 0]
 [0 1 0 1 1]
 [0 1 0 0 1]
 [0 0 0 1 0]
 [1 0 1 0 1]
 [0 0 0 1 0]
 [0 1 0 0 0]
 [1 0 0 0 0]
 [1 0 0 0 0]
 [1 0 0 1 1]
 [0 0 1 0 0]
 [0 1 0 0 1]
 [0 1 0 0 0]
 [0 0 0 0 0]
 [0 0 0 0 0]
 [1 1 1 0 0]
 [0 1 0 1 0]
 [0 0 0 0 1]
 [1 0 1 1 0]
 [0 0 0 0 0]
 [0 0 0 0 0]
 [0 0 0 0 0]
 [1 0 0 0 0]
 [1 0 0 0 1]
 [0 1 0 1 0]
 [0 0 1 0 1]
 [0 0 0 0 0]
 [1 0 0 1 0]
 [0 0 0 1 1]
 [0 1 0 0 1]
 [0 1 0 0 0]]
Q is identifiable (direct_check).
Q is identifiable
branch at 4
runtime for solving id of Q is 0.0004892153665423393
Simulation results:
{'J': 100, 'K': 5, 'N': 10, 'p': 0.3, 'seed': 98, 'sim': 3, 'runtime': 0.0004892153665423393, 'identifiable': 1, 'branch': 4}
4
Q: [[0 0 0 0 0]
 [1 0 0 1 0]
 [0 0 0 0 0]
 [0 0 0 0 0]
 [0 1 1 0 0]
 [0 1 0 0 0]
 [1 0 1 0 0]
 [1 0 1 0 0]
 [0 0 0 0 0]
 [0 1 0 0 0]
 [1 1 0 0 0]
 [0 0 0 0 1]
 [0 1 0 0 0]
 [0 1 1 0 1]
 [0 0 0 0 0]
 [1 0 0 0 0]
 [0 0 1 1 0]
 [1 0 0 1 1]
 [0 1 1 0 1]
 [1 0 0 0 0]
 [0 1 0 1 0]
 [0 0 0 1 0]
 [0 1 1 0 0]
 [0 1 0 0 1]
 [0 0 1 0 0]
 [0 0 1 1 0]
 [1 0 0 1 1]
 [0 1 0 1 0]
 [1 0 0 0 0]
 [1 1 0 0 0]
 [0 0 0 0 0]
 [0 0 0 0 1]
 [0 0 0 1 1]
 [0 0 0 0 0]
 [0 0 0 1 1]
 [0 0 0 1 0]
 [0 0 0 0 0]
 [0 1 1 1 0]
 [0 0 1 0 1]
 [1 1 0 0 0]
 [0 0 0 0 0]
 [0 1 0 0 0]
 [0 1 1 1 0]
 [0 0 1 1 1]
 [0 0 0 0 0]
 [0 1 0 0 1]
 [0 1 0 0 0]
 [0 0 1 0 0]
 [0 0 0 0 1]
 [0 1 0 0 1]
 [0 0 0 0 1]
 [0 0 1 0 1]
 [0 0 0 0 1]
 [0 0 1 0 0]
 [0 0 0 0 0]
 [0 0 0 0 0]
 [1 1 1 0 1]
 [0 0 0 0 0]
 [0 1 0 0 1]
 [1 0 1 0 0]
 [0 0 0 0 1]
 [0 0 0 0 1]
 [0 0 0 0 0]
 [0 0 1 0 0]
 [0 1 1 0 1]
 [0 0 0 0 1]
 [0 0 0 0 0]
 [0 0 0 1 0]
 [1 1 0 1 1]
 [0 0 1 1 0]
 [0 0 1 0 1]
 [1 0 0 1 1]
 [0 0 0 0 0]
 [1 0 1 1 0]
 [0 1 1 0 1]
 [0 0 0 1 0]
 [1 1 0 0 1]
 [0 1 0 0 0]
 [0 1 1 0 0]
 [0 1 1 0 1]
 [1 0 0 0 0]
 [0 0 0 0 0]
 [1 0 0 0 1]
 [0 0 1 1 0]
 [0 1 0 1 0]
 [1 0 0 0 1]
 [0 0 0 0 1]
 [0 1 1 1 0]
 [0 0 0 0 0]
 [1 0 0 0 0]
 [0 0 1 0 0]
 [1 1 1 0 0]
 [1 0 0 0 0]
 [0 0 1 0 0]
 [0 1 0 0 0]
 [1 0 0 0 1]
 [0 0 0 0 0]
 [1 0 1 0 0]
 [1 0 1 1 0]
 [0 0 0 1 0]]
Q is identifiable (direct_check).
Q is identifiable
branch at 4
runtime for solving id of Q is 0.0004949504509568214
Simulation results:
{'J': 100, 'K': 5, 'N': 10, 'p': 0.3, 'seed': 98, 'sim': 4, 'runtime': 0.0004949504509568214, 'identifiable': 1, 'branch': 4}
5
Q: [[0 1 0 0 0]
 [0 0 0 0 1]
 [0 0 1 0 1]
 [0 0 0 0 0]
 [1 0 1 0 1]
 [0 1 1 0 0]
 [1 0 1 0 0]
 [0 1 0 0 0]
 [0 1 1 1 0]
 [0 0 0 0 0]
 [0 0 0 0 0]
 [0 1 0 0 0]
 [1 1 0 0 0]
 [0 1 1 0 1]
 [0 1 0 0 1]
 [0 0 0 1 0]
 [0 0 0 0 0]
 [0 0 0 0 0]
 [0 0 0 1 0]
 [1 0 0 0 0]
 [1 1 1 0 0]
 [0 0 0 0 0]
 [0 1 1 1 0]
 [0 1 1 1 0]
 [1 1 1 0 0]
 [1 0 0 0 0]
 [1 1 0 1 0]
 [0 0 0 0 0]
 [0 0 0 1 0]
 [0 1 0 0 1]
 [0 0 1 0 1]
 [0 0 1 0 0]
 [0 1 1 0 0]
 [0 0 0 0 0]
 [0 1 0 0 0]
 [0 0 0 0 0]
 [1 0 1 0 1]
 [0 1 0 0 1]
 [0 0 1 1 0]
 [0 1 0 1 0]
 [0 0 1 0 1]
 [0 0 1 1 1]
 [0 0 0 0 0]
 [0 1 0 1 1]
 [0 1 0 1 1]
 [1 0 0 0 0]
 [0 0 0 0 0]
 [0 1 0 1 0]
 [0 0 0 1 0]
 [1 1 0 0 0]
 [0 0 0 0 0]
 [1 1 0 0 0]
 [1 1 0 0 1]
 [0 1 0 0 1]
 [0 0 1 0 1]
 [1 1 0 1 1]
 [0 0 0 0 1]
 [0 1 1 0 0]
 [1 1 1 0 1]
 [0 0 0 0 1]
 [0 1 0 0 0]
 [0 1 1 1 0]
 [0 1 0 0 0]
 [1 0 1 0 0]
 [0 1 1 0 0]
 [0 0 0 0 0]
 [0 0 0 0 0]
 [1 1 0 0 1]
 [0 0 1 0 0]
 [1 0 1 0 0]
 [0 1 1 0 1]
 [1 0 0 0 0]
 [0 0 0 0 0]
 [0 0 1 0 0]
 [0 1 0 1 0]
 [0 0 0 0 1]
 [0 1 1 0 0]
 [1 1 0 0 0]
 [1 0 0 0 0]
 [0 0 0 0 0]
 [0 1 0 0 1]
 [0 0 0 1 1]
 [0 0 0 0 0]
 [0 1 0 1 0]
 [0 0 0 0 1]
 [1 0 0 0 1]
 [0 0 0 1 0]
 [1 0 0 0 1]
 [0 0 0 1 0]
 [0 1 0 0 0]
 [0 0 0 0 1]
 [1 0 1 0 1]
 [1 0 0 0 1]
 [0 1 0 0 0]
 [1 0 0 0 1]
 [1 1 0 1 0]
 [0 1 1 0 0]
 [0 1 0 1 1]
 [0 0 1 1 1]
 [1 0 1 0 1]]
Q is identifiable (direct_check).
Q is identifiable
branch at 4
runtime for solving id of Q is 0.00048085302114486694
Simulation results:
{'J': 100, 'K': 5, 'N': 10, 'p': 0.3, 'seed': 98, 'sim': 5, 'runtime': 0.00048085302114486694, 'identifiable': 1, 'branch': 4}
6
Q: [[1 0 0 0 0]
 [0 1 0 0 0]
 [1 0 1 0 0]
 [0 0 0 1 0]
 [0 1 1 1 1]
 [0 0 0 0 0]
 [0 0 0 0 0]
 [0 0 0 0 0]
 [1 1 0 0 0]
 [1 1 0 1 0]
 [0 0 1 0 1]
 [0 0 1 0 0]
 [1 0 0 0 0]
 [1 0 1 1 0]
 [0 0 0 0 0]
 [0 1 0 1 0]
 [0 1 0 0 0]
 [0 0 1 1 0]
 [0 1 1 0 0]
 [0 0 0 0 0]
 [0 0 1 0 0]
 [0 1 1 0 0]
 [0 1 0 0 0]
 [0 0 0 0 0]
 [0 0 0 0 0]
 [1 0 0 0 0]
 [0 0 0 1 0]
 [1 0 0 0 1]
 [1 0 1 1 0]
 [0 0 0 0 1]
 [0 0 0 0 1]
 [0 1 1 0 1]
 [0 0 1 0 1]
 [0 0 0 0 1]
 [0 0 0 0 0]
 [0 1 0 0 0]
 [1 0 1 1 0]
 [1 0 1 0 1]
 [0 0 1 0 1]
 [1 0 0 1 1]
 [0 1 0 0 0]
 [1 0 0 0 0]
 [0 0 1 0 0]
 [1 0 0 1 0]
 [0 0 0 0 0]
 [0 0 0 0 0]
 [0 0 0 0 0]
 [0 0 1 0 0]
 [1 0 0 0 1]
 [0 0 0 0 0]
 [0 1 1 0 1]
 [0 0 0 0 1]
 [0 0 0 1 0]
 [0 0 0 1 0]
 [0 0 0 0 0]
 [1 0 0 1 0]
 [1 0 1 0 0]
 [1 1 0 1 0]
 [0 0 0 0 0]
 [0 0 1 0 0]
 [0 1 1 0 1]
 [0 0 1 1 0]
 [0 1 0 0 1]
 [0 0 0 0 1]
 [0 0 0 0 0]
 [1 0 0 1 1]
 [0 0 0 0 0]
 [0 0 0 0 0]
 [0 1 0 0 0]
 [0 1 1 0 0]
 [1 0 0 0 0]
 [1 1 1 0 0]
 [1 0 0 0 0]
 [0 1 1 1 0]
 [0 0 0 0 1]
 [0 1 1 0 0]
 [0 0 0 1 0]
 [0 0 0 0 1]
 [0 0 0 1 1]
 [0 0 0 0 1]
 [0 0 1 0 0]
 [0 0 0 0 1]
 [0 0 0 0 0]
 [1 0 1 0 1]
 [0 0 0 1 1]
 [0 1 0 0 1]
 [0 0 0 0 0]
 [0 0 1 1 0]
 [0 0 1 1 1]
 [1 1 0 0 0]
 [0 0 0 0 1]
 [1 0 0 1 0]
 [0 0 0 0 0]
 [1 0 0 0 0]
 [0 0 0 0 1]
 [1 0 0 0 0]
 [1 0 0 0 1]
 [0 0 1 0 1]
 [0 0 1 0 1]
 [0 0 1 0 0]]
Q is identifiable (direct_check).
Q is identifiable
branch at 4
runtime for solving id of Q is 0.0004883483052253723
Simulation results:
{'J': 100, 'K': 5, 'N': 10, 'p': 0.3, 'seed': 98, 'sim': 6, 'runtime': 0.0004883483052253723, 'identifiable': 1, 'branch': 4}
7
Q: [[0 0 0 0 0]
 [0 0 1 0 0]
 [1 1 0 0 0]
 [0 0 1 0 0]
 [1 1 1 1 1]
 [0 0 0 0 1]
 [0 1 1 1 1]
 [0 0 0 1 1]
 [0 0 1 0 0]
 [0 0 0 0 1]
 [0 0 1 1 1]
 [1 0 1 0 0]
 [0 0 0 1 0]
 [0 0 1 1 1]
 [1 0 0 1 1]
 [0 0 1 0 1]
 [1 1 1 0 1]
 [0 0 1 1 0]
 [0 1 0 0 1]
 [0 0 1 0 0]
 [0 0 1 1 0]
 [0 0 0 0 0]
 [0 0 1 0 0]
 [1 0 1 1 0]
 [0 0 1 0 0]
 [1 1 1 1 1]
 [1 1 1 0 1]
 [1 1 0 0 0]
 [0 0 0 0 1]
 [0 0 0 0 0]
 [0 1 0 1 0]
 [0 0 1 1 1]
 [0 0 0 1 0]
 [0 1 0 1 0]
 [0 0 0 0 0]
 [1 0 0 0 0]
 [0 0 0 0 0]
 [1 0 0 0 0]
 [0 0 1 0 0]
 [1 1 0 0 0]
 [0 0 0 0 0]
 [0 0 0 0 0]
 [0 0 0 0 0]
 [0 0 1 1 0]
 [0 0 1 0 0]
 [0 0 0 0 1]
 [0 0 0 0 0]
 [0 0 0 0 1]
 [0 0 0 0 1]
 [0 0 1 1 0]
 [0 1 0 1 0]
 [0 1 0 0 0]
 [1 1 0 0 0]
 [0 0 1 0 1]
 [0 0 0 0 1]
 [1 0 1 1 0]
 [0 0 0 1 0]
 [1 1 0 0 0]
 [0 0 0 0 0]
 [0 0 1 1 0]
 [1 0 1 0 0]
 [0 0 1 0 1]
 [1 1 0 0 0]
 [0 1 0 0 0]
 [1 1 1 1 1]
 [0 1 0 1 1]
 [1 1 1 0 0]
 [0 1 0 1 1]
 [0 0 0 0 0]
 [0 0 0 0 0]
 [1 0 0 0 1]
 [0 0 0 1 1]
 [0 0 0 0 1]
 [0 0 1 0 0]
 [0 0 0 0 0]
 [0 1 0 0 1]
 [0 0 0 0 0]
 [1 0 1 1 1]
 [1 0 0 0 0]
 [1 0 1 1 1]
 [1 0 1 0 0]
 [0 0 0 0 0]
 [0 1 1 1 0]
 [0 0 0 0 1]
 [0 1 0 0 0]
 [0 0 0 0 0]
 [0 0 0 0 0]
 [1 0 0 0 0]
 [1 0 1 0 1]
 [1 1 0 1 0]
 [0 1 1 0 0]
 [0 0 1 0 0]
 [1 0 1 0 0]
 [1 1 0 1 0]
 [0 0 0 1 1]
 [1 0 0 0 0]
 [0 0 1 0 1]
 [0 1 0 1 0]
 [0 0 1 0 0]
 [0 0 0 1 1]]
Q is identifiable (direct_check).
Q is identifiable
branch at 4
runtime for solving id of Q is 0.0004699705168604851
Simulation results:
{'J': 100, 'K': 5, 'N': 10, 'p': 0.3, 'seed': 98, 'sim': 7, 'runtime': 0.0004699705168604851, 'identifiable': 1, 'branch': 4}
8
Q: [[0 0 0 1 0]
 [0 1 0 0 0]
 [0 1 1 0 1]
 [0 0 0 0 0]
 [0 0 0 0 0]
 [0 1 0 1 0]
 [1 0 1 0 0]
 [0 0 0 0 0]
 [0 0 0 1 1]
 [0 0 0 0 0]
 [0 0 0 1 0]
 [0 0 0 1 0]
 [0 1 0 0 0]
 [0 0 0 1 0]
 [0 0 0 0 1]
 [0 0 0 0 1]
 [1 1 1 1 0]
 [0 0 1 0 0]
 [0 0 0 0 0]
 [0 1 0 0 1]
 [1 0 0 1 0]
 [0 0 0 0 1]
 [0 0 0 0 0]
 [0 0 0 1 0]
 [1 0 0 1 1]
 [1 1 0 0 0]
 [0 0 0 0 1]
 [0 0 0 0 0]
 [0 0 0 0 0]
 [1 0 0 0 0]
 [0 1 0 1 0]
 [0 0 0 0 0]
 [0 0 1 0 0]
 [0 0 0 0 1]
 [1 1 0 1 0]
 [0 0 0 0 1]
 [0 0 0 0 0]
 [0 0 1 0 0]
 [0 0 0 0 0]
 [0 0 1 0 1]
 [1 1 0 0 1]
 [1 0 1 0 0]
 [1 0 0 0 0]
 [0 0 1 0 1]
 [0 0 1 0 0]
 [1 0 0 1 0]
 [0 1 1 0 0]
 [1 0 1 1 0]
 [0 0 1 0 0]
 [1 0 1 1 0]
 [0 0 0 0 1]
 [0 0 0 1 1]
 [1 0 1 0 0]
 [0 0 1 0 1]
 [1 0 0 1 0]
 [0 1 0 0 0]
 [0 1 1 0 1]
 [0 0 1 0 0]
 [1 1 0 0 0]
 [0 0 0 1 0]
 [0 1 1 0 0]
 [0 0 0 1 0]
 [0 1 0 1 1]
 [0 0 0 0 1]
 [0 0 1 0 0]
 [1 0 0 0 1]
 [1 0 0 1 0]
 [1 0 0 0 1]
 [1 0 0 0 0]
 [1 0 0 0 1]
 [0 0 1 1 1]
 [0 1 0 1 0]
 [0 0 1 0 0]
 [0 0 0 0 1]
 [0 0 0 0 1]
 [0 0 1 0 0]
 [1 0 0 0 0]
 [0 0 1 0 1]
 [1 1 0 1 0]
 [0 0 0 0 1]
 [0 1 0 0 1]
 [1 0 0 1 0]
 [0 0 0 0 0]
 [0 0 0 0 0]
 [1 0 0 1 0]
 [0 0 0 0 0]
 [0 0 0 1 1]
 [1 0 0 0 0]
 [1 1 0 0 0]
 [0 0 0 0 0]
 [0 0 0 0 0]
 [0 0 0 1 0]
 [1 0 0 0 0]
 [0 0 0 0 0]
 [0 0 1 1 0]
 [0 0 0 0 0]
 [1 0 0 0 0]
 [0 0 0 0 0]
 [1 0 0 0 0]
 [1 0 0 0 1]]
Q is identifiable (direct_check).
Q is identifiable
branch at 4
runtime for solving id of Q is 0.0004686405882239342
Simulation results:
{'J': 100, 'K': 5, 'N': 10, 'p': 0.3, 'seed': 98, 'sim': 8, 'runtime': 0.0004686405882239342, 'identifiable': 1, 'branch': 4}
9
Q: [[1 0 1 1 0]
 [0 0 0 1 0]
 [1 0 1 0 0]
 [1 0 0 0 0]
 [1 0 1 0 0]
 [0 0 0 1 1]
 [0 0 1 0 0]
 [0 1 1 0 0]
 [1 0 0 0 0]
 [0 0 0 0 0]
 [0 0 0 0 0]
 [0 1 0 0 0]
 [0 0 0 1 0]
 [1 0 1 1 0]
 [0 0 0 0 0]
 [0 1 0 0 0]
 [1 0 1 0 0]
 [0 0 0 1 0]
 [0 0 0 0 1]
 [0 1 0 0 1]
 [0 0 0 0 0]
 [0 1 1 0 0]
 [0 0 0 0 0]
 [0 0 0 1 1]
 [1 1 0 1 0]
 [0 0 0 1 0]
 [0 0 0 0 0]
 [1 0 0 1 0]
 [0 0 0 0 1]
 [0 0 0 0 1]
 [1 0 0 1 1]
 [1 1 1 0 0]
 [0 0 0 1 0]
 [0 1 0 0 1]
 [0 1 0 0 0]
 [0 0 0 0 0]
 [0 0 0 0 0]
 [0 1 0 0 0]
 [0 0 1 0 0]
 [0 0 0 0 1]
 [0 0 1 0 0]
 [1 0 0 0 0]
 [1 0 1 1 1]
 [0 0 1 0 0]
 [1 0 0 0 1]
 [0 0 0 0 1]
 [0 1 1 0 0]
 [0 0 0 0 1]
 [0 0 0 0 0]
 [0 0 0 0 0]
 [1 1 0 1 0]
 [1 0 1 1 0]
 [0 0 1 0 0]
 [0 1 0 0 0]
 [1 0 1 0 1]
 [1 1 0 0 1]
 [0 1 1 0 0]
 [0 1 0 1 0]
 [1 1 0 0 0]
 [0 1 1 0 0]
 [1 1 0 1 1]
 [0 0 0 0 0]
 [1 0 0 0 0]
 [0 0 1 0 0]
 [1 0 1 1 0]
 [1 0 0 0 0]
 [0 0 0 0 1]
 [0 1 0 0 0]
 [1 1 0 0 0]
 [0 1 0 0 0]
 [0 0 0 0 0]
 [1 0 0 0 0]
 [0 0 1 1 0]
 [1 0 0 1 0]
 [1 0 1 0 0]
 [0 0 1 0 0]
 [0 0 0 0 0]
 [1 1 0 1 0]
 [0 0 0 0 0]
 [0 1 0 0 0]
 [0 0 0 0 0]
 [1 0 0 0 1]
 [0 0 1 0 1]
 [0 1 0 0 0]
 [0 0 1 0 1]
 [0 1 0 0 0]
 [0 1 1 0 0]
 [0 0 0 0 0]
 [0 0 0 0 1]
 [0 0 0 0 1]
 [1 0 1 0 0]
 [0 0 0 1 1]
 [0 0 0 1 0]
 [0 0 0 0 0]
 [0 0 1 1 0]
 [1 0 0 0 0]
 [1 1 0 0 0]
 [0 1 0 0 0]
 [1 0 1 1 0]
 [0 1 0 0 1]]
Q is identifiable (direct_check).
Q is identifiable
branch at 4
runtime for solving id of Q is 0.000489450991153717
Simulation results:
{'J': 100, 'K': 5, 'N': 10, 'p': 0.3, 'seed': 98, 'sim': 9, 'runtime': 0.000489450991153717, 'identifiable': 1, 'branch': 4}
Simulation results:
[{'J': 100, 'K': 5, 'N': 10, 'p': 0.3, 'seed': 98, 'sim': 0, 'runtime': 0.0006399461999535561, 'identifiable': 1, 'branch': 4}, {'J': 100, 'K': 5, 'N': 10, 'p': 0.3, 'seed': 98, 'sim': 1, 'runtime': 0.0005050655454397202, 'identifiable': 1, 'branch': 4}, {'J': 100, 'K': 5, 'N': 10, 'p': 0.3, 'seed': 98, 'sim': 2, 'runtime': 0.0005107549950480461, 'identifiable': 1, 'branch': 4}, {'J': 100, 'K': 5, 'N': 10, 'p': 0.3, 'seed': 98, 'sim': 3, 'runtime': 0.0004892153665423393, 'identifiable': 1, 'branch': 4}, {'J': 100, 'K': 5, 'N': 10, 'p': 0.3, 'seed': 98, 'sim': 4, 'runtime': 0.0004949504509568214, 'identifiable': 1, 'branch': 4}, {'J': 100, 'K': 5, 'N': 10, 'p': 0.3, 'seed': 98, 'sim': 5, 'runtime': 0.00048085302114486694, 'identifiable': 1, 'branch': 4}, {'J': 100, 'K': 5, 'N': 10, 'p': 0.3, 'seed': 98, 'sim': 6, 'runtime': 0.0004883483052253723, 'identifiable': 1, 'branch': 4}, {'J': 100, 'K': 5, 'N': 10, 'p': 0.3, 'seed': 98, 'sim': 7, 'runtime': 0.0004699705168604851, 'identifiable': 1, 'branch': 4}, {'J': 100, 'K': 5, 'N': 10, 'p': 0.3, 'seed': 98, 'sim': 8, 'runtime': 0.0004686405882239342, 'identifiable': 1, 'branch': 4}, {'J': 100, 'K': 5, 'N': 10, 'p': 0.3, 'seed': 98, 'sim': 9, 'runtime': 0.000489450991153717, 'identifiable': 1, 'branch': 4}]
