
The Gurobi software has a limited number of licenses. To request a license or
licenses, add this line

    #SBATCH --licenses=gurobi@slurmdb:1

to your SBATCH script, replacing N with the number of licenses you need. Gurobi
will need one license per process.


0
Q: [[0 1 0 0 1 1 0 0 0 0]
 [0 0 0 0 0 0 0 0 0 0]
 [0 0 0 0 0 1 0 0 0 1]
 [1 0 1 1 0 0 0 0 0 0]
 [0 0 0 0 0 1 0 0 0 0]
 [0 0 0 0 0 0 1 1 0 0]
 [0 0 0 0 0 0 0 0 1 0]
 [0 0 1 0 0 0 0 0 0 0]
 [0 0 0 1 0 0 1 0 1 1]
 [1 0 1 1 0 1 0 0 0 0]
 [0 1 1 1 1 0 0 0 1 1]
 [0 0 0 0 0 1 0 0 0 0]
 [0 1 0 0 0 0 1 0 0 0]
 [0 1 0 1 0 0 0 1 0 0]
 [1 0 1 0 0 1 1 0 1 0]
 [0 0 1 0 1 1 1 0 0 0]
 [1 1 0 0 0 1 1 0 0 1]
 [1 0 0 0 0 0 1 0 1 0]
 [1 1 0 1 1 1 0 0 1 0]
 [0 0 1 0 1 0 0 0 1 0]
 [0 0 0 0 0 0 0 0 0 0]
 [0 0 0 1 0 0 0 0 0 0]
 [0 0 0 1 0 0 0 0 0 0]
 [0 0 0 1 0 0 1 0 0 1]
 [0 0 0 0 0 0 1 0 0 1]]
{'restarts': 1, 'conflicts': 72, 'decisions': 189, 'propagations': 38493}
Q is identifiable
branch at 6
runtime for solving id of Q is 0.12286511110141873
Simulation results:
{'J': 25, 'K': 10, 'N': 10, 'p': 0.3, 'seed': 3, 'sim': 0, 'runtime': 0.12286511110141873, 'identifiable': 1, 'branch': 6}
1
Q: [[1 0 1 0 0 1 0 1 0 1]
 [0 0 0 0 1 0 0 1 1 0]
 [0 1 0 0 1 0 1 0 0 0]
 [0 1 0 1 1 0 1 1 0 0]
 [0 1 0 0 0 0 0 0 0 1]
 [1 0 0 0 0 0 0 1 0 0]
 [0 0 0 0 0 0 0 0 0 0]
 [1 0 1 0 1 0 0 0 1 1]
 [0 0 1 0 0 1 0 1 0 1]
 [0 1 0 0 0 0 0 1 1 0]
 [0 0 0 1 0 0 0 0 0 1]
 [1 0 0 1 0 0 0 0 0 0]
 [0 0 0 0 0 0 0 0 1 0]
 [0 1 0 1 0 0 1 0 1 0]
 [1 1 0 0 0 0 0 0 0 0]
 [0 0 1 1 0 0 1 0 1 1]
 [1 0 0 0 0 0 0 0 0 0]
 [0 0 1 0 0 1 0 0 0 0]
 [0 0 1 1 0 0 0 0 0 1]
 [0 0 0 1 1 0 0 1 1 1]
 [0 0 1 0 1 0 0 1 0 0]
 [0 1 0 1 1 0 0 1 0 1]
 [0 0 0 1 1 0 0 0 0 0]
 [0 0 0 0 1 0 0 0 0 0]
 [1 1 0 0 1 0 0 0 0 1]]
Q is not identifiable (two-column submatrix not identifiable).
Q is not identifiable, and Q_bar is [[1 0 0 0 0 1 0 1 0 1]
 [0 0 0 0 1 0 0 1 1 0]
 [0 1 0 0 1 0 1 0 0 0]
 [0 1 0 1 1 0 1 1 0 0]
 [0 1 0 0 0 0 0 0 0 1]
 [1 0 0 0 0 0 0 1 0 0]
 [0 0 0 0 0 0 0 0 0 0]
 [1 0 1 0 1 0 0 0 1 1]
 [0 0 0 0 0 1 0 1 0 1]
 [0 1 0 0 0 0 0 1 1 0]
 [0 0 0 1 0 0 0 0 0 1]
 [1 0 0 1 0 0 0 0 0 0]
 [0 0 0 0 0 0 0 0 1 0]
 [0 1 0 1 0 0 1 0 1 0]
 [1 1 0 0 0 0 0 0 0 0]
 [0 0 1 1 0 0 1 0 1 1]
 [1 0 0 0 0 0 0 0 0 0]
 [0 0 0 0 0 1 0 0 0 0]
 [0 0 1 1 0 0 0 0 0 1]
 [0 0 0 1 1 0 0 1 1 1]
 [0 0 1 0 1 0 0 1 0 0]
 [0 1 0 1 1 0 0 1 0 1]
 [0 0 0 1 1 0 0 0 0 0]
 [0 0 0 0 1 0 0 0 0 0]
 [1 1 0 0 1 0 0 0 0 1]]
branch at 2
runtime for solving id of Q is 0.004030296113342047
Simulation results:
{'J': 25, 'K': 10, 'N': 10, 'p': 0.3, 'seed': 3, 'sim': 1, 'runtime': 0.004030296113342047, 'identifiable': 0, 'branch': 2}
2
Q: [[0 0 1 0 0 1 1 0 0 1]
 [0 0 1 0 0 1 0 0 0 0]
 [0 0 1 0 1 0 1 0 0 0]
 [0 1 0 0 0 0 1 1 1 1]
 [1 0 0 1 1 0 0 0 1 0]
 [1 0 1 0 1 0 0 0 0 0]
 [0 1 1 0 0 0 0 0 1 0]
 [1 0 0 1 0 1 0 1 1 0]
 [0 0 0 0 0 0 0 0 0 0]
 [0 0 0 0 1 0 0 0 0 0]
 [0 0 0 0 1 1 1 1 0 1]
 [0 0 1 0 1 1 0 0 1 0]
 [0 0 0 0 0 1 0 0 0 0]
 [0 0 0 0 0 0 0 1 1 0]
 [1 0 0 0 0 0 1 0 1 0]
 [0 0 0 0 0 1 1 0 1 0]
 [0 0 1 0 0 0 0 0 1 1]
 [0 1 0 1 0 0 1 0 0 0]
 [0 0 1 0 0 0 1 1 0 1]
 [0 0 0 0 0 0 0 0 0 0]
 [0 0 0 0 1 0 1 0 0 0]
 [0 0 0 1 0 1 1 0 0 0]
 [0 0 0 0 0 1 1 0 0 1]
 [0 0 0 0 1 0 0 1 0 0]
 [0 0 0 0 1 1 0 0 0 0]]
{'restarts': 1, 'conflicts': 251, 'decisions': 630, 'propagations': 109229}
Q is identifiable
branch at 6
runtime for solving id of Q is 0.23692951002158225
Simulation results:
{'J': 25, 'K': 10, 'N': 10, 'p': 0.3, 'seed': 3, 'sim': 2, 'runtime': 0.23692951002158225, 'identifiable': 1, 'branch': 6}
3
Q: [[0 0 0 1 0 1 0 1 1 0]
 [0 1 0 0 0 1 0 0 0 1]
 [0 0 1 0 1 0 0 0 0 1]
 [0 0 1 0 0 0 1 0 1 0]
 [0 0 0 0 0 0 0 1 1 1]
 [0 0 1 0 1 1 1 0 0 0]
 [0 0 0 0 1 1 0 0 1 0]
 [0 1 0 0 1 0 0 0 0 0]
 [1 0 1 0 1 1 1 0 0 0]
 [1 1 0 0 1 0 0 0 1 0]
 [0 0 0 1 0 0 0 0 1 1]
 [0 0 0 1 0 1 0 0 1 0]
 [0 0 0 0 0 0 1 0 0 0]
 [1 1 0 0 0 1 0 1 1 1]
 [1 0 0 1 1 0 0 1 1 1]
 [0 1 0 0 1 1 1 0 0 0]
 [0 1 0 0 0 0 0 0 0 0]
 [1 0 1 0 1 1 0 0 0 0]
 [0 0 0 0 0 0 0 0 1 0]
 [0 0 1 0 0 0 1 1 1 0]
 [0 0 0 0 1 1 0 0 0 0]
 [1 0 0 1 1 1 1 0 0 1]
 [0 0 0 0 0 1 0 1 0 0]
 [1 0 1 0 0 0 0 0 1 1]
 [1 1 1 0 0 0 0 0 0 0]]
{'restarts': 2, 'conflicts': 116, 'decisions': 347, 'propagations': 67579}
Q is identifiable
branch at 6
runtime for solving id of Q is 0.16428615106269717
Simulation results:
{'J': 25, 'K': 10, 'N': 10, 'p': 0.3, 'seed': 3, 'sim': 3, 'runtime': 0.16428615106269717, 'identifiable': 1, 'branch': 6}
4
Q: [[0 0 0 0 0 1 0 1 0 0]
 [0 1 1 0 0 0 0 0 0 0]
 [0 1 0 0 0 1 1 0 1 0]
 [0 0 1 0 1 0 0 0 0 1]
 [0 0 0 0 1 0 0 1 0 0]
 [1 0 0 0 0 0 1 0 0 0]
 [0 1 0 0 0 0 1 0 0 0]
 [0 0 1 0 0 0 1 0 0 0]
 [0 0 1 1 1 0 1 0 0 0]
 [0 0 1 0 0 1 1 0 0 0]
 [0 0 0 1 0 0 1 0 1 0]
 [0 0 0 0 0 0 1 0 1 1]
 [0 1 0 0 1 1 0 0 1 0]
 [1 0 1 1 0 1 0 0 0 0]
 [1 0 0 0 0 0 0 0 1 0]
 [0 0 0 0 0 1 0 0 1 0]
 [0 1 0 0 1 0 0 1 0 0]
 [0 0 0 1 0 0 1 0 1 0]
 [0 0 1 0 0 0 0 1 1 0]
 [0 0 1 0 0 0 0 1 0 0]
 [0 1 0 0 0 1 0 0 0 0]
 [0 0 0 0 0 0 0 1 1 1]
 [0 1 1 0 0 0 0 1 1 0]
 [0 1 1 0 0 0 0 0 0 1]
 [0 0 0 1 0 1 1 0 0 0]]
{'restarts': 2, 'conflicts': 251, 'decisions': 644, 'propagations': 186184}
Q is identifiable
branch at 6
runtime for solving id of Q is 0.18278334313072264
Simulation results:
{'J': 25, 'K': 10, 'N': 10, 'p': 0.3, 'seed': 3, 'sim': 4, 'runtime': 0.18278334313072264, 'identifiable': 1, 'branch': 6}
5
Q: [[1 0 0 1 1 0 1 0 0 0]
 [0 0 0 0 1 0 0 1 1 1]
 [1 1 0 0 1 0 1 0 0 0]
 [0 0 1 0 0 0 0 0 0 0]
 [0 1 0 0 0 1 0 0 0 1]
 [0 0 0 0 0 0 1 1 1 0]
 [0 0 1 0 0 0 0 0 0 0]
 [0 0 1 0 1 0 0 0 1 0]
 [0 0 1 0 1 0 1 0 1 0]
 [0 0 0 1 0 0 1 0 0 0]
 [0 0 0 0 0 0 0 0 0 0]
 [0 1 1 0 0 1 0 0 1 1]
 [0 0 0 0 1 0 0 0 1 1]
 [0 0 1 1 0 0 1 0 0 1]
 [0 0 0 0 1 1 0 1 1 0]
 [1 0 0 1 0 0 0 0 0 0]
 [0 0 1 0 0 1 0 0 0 0]
 [0 1 0 1 0 0 1 0 0 0]
 [0 0 0 0 0 0 1 1 0 1]
 [0 0 1 0 0 0 0 1 0 0]
 [0 0 0 1 0 1 0 1 1 0]
 [0 0 0 0 0 1 1 0 0 1]
 [0 0 1 0 0 0 0 0 0 0]
 [0 1 0 0 0 0 1 0 1 1]
 [0 0 1 0 1 0 0 1 0 1]]
{'restarts': 3, 'conflicts': 654, 'decisions': 1678, 'propagations': 363739}
Q is identifiable
branch at 6
runtime for solving id of Q is 0.20286422898061574
Simulation results:
{'J': 25, 'K': 10, 'N': 10, 'p': 0.3, 'seed': 3, 'sim': 5, 'runtime': 0.20286422898061574, 'identifiable': 1, 'branch': 6}
6
Q: [[0 0 0 0 0 1 1 0 0 0]
 [1 1 1 1 0 0 1 0 0 0]
 [0 0 1 0 1 0 1 0 0 0]
 [0 1 0 0 1 0 0 0 0 0]
 [0 1 0 0 0 0 1 0 1 0]
 [1 0 1 0 0 0 0 0 0 0]
 [1 1 0 0 0 1 0 0 1 0]
 [1 0 0 0 1 1 0 0 1 0]
 [1 0 0 0 0 0 0 0 0 0]
 [0 0 0 1 0 0 0 0 0 0]
 [0 0 0 0 1 0 0 0 0 0]
 [0 0 1 0 1 0 0 0 0 0]
 [1 0 1 0 1 0 0 0 0 0]
 [0 0 0 0 0 0 1 0 0 0]
 [1 1 0 0 1 0 0 0 0 0]
 [0 1 0 1 0 1 0 0 0 0]
 [0 0 1 0 0 1 0 0 0 0]
 [0 0 0 1 0 0 1 0 0 0]
 [1 0 0 0 1 0 0 1 0 1]
 [0 1 0 0 1 0 1 0 1 0]
 [0 0 0 0 0 1 0 0 0 0]
 [0 0 0 1 0 1 0 1 0 0]
 [0 0 1 0 0 0 1 0 0 0]
 [0 0 0 0 1 0 0 0 1 1]
 [1 1 1 0 0 1 0 0 1 1]]
{'restarts': 1, 'conflicts': 54, 'decisions': 126, 'propagations': 19446}
Q is identifiable
branch at 6
runtime for solving id of Q is 0.13712677103467286
Simulation results:
{'J': 25, 'K': 10, 'N': 10, 'p': 0.3, 'seed': 3, 'sim': 6, 'runtime': 0.13712677103467286, 'identifiable': 1, 'branch': 6}
7
Q: [[0 0 0 0 1 1 0 0 0 0]
 [0 0 0 1 0 0 0 0 0 1]
 [0 1 0 0 0 0 0 0 0 1]
 [1 0 1 0 0 0 0 0 0 0]
 [1 1 0 0 0 0 1 0 0 0]
 [0 0 0 0 1 0 0 0 0 0]
 [1 0 0 1 1 0 0 0 0 0]
 [1 0 0 0 1 0 0 0 0 1]
 [0 0 1 1 1 0 0 1 1 0]
 [1 1 0 0 0 0 1 0 1 0]
 [0 1 1 0 1 0 0 0 0 0]
 [0 0 0 0 0 0 0 1 1 0]
 [0 0 1 1 1 1 0 0 0 0]
 [0 0 1 1 0 1 1 0 1 1]
 [0 0 0 0 0 0 0 1 1 1]
 [0 0 0 0 0 0 0 0 0 0]
 [0 0 1 1 1 1 0 1 0 0]
 [0 0 1 1 0 0 0 0 0 0]
 [1 1 0 0 0 1 1 1 0 0]
 [0 1 1 0 0 1 1 0 0 0]
 [0 0 1 0 1 0 0 0 0 0]
 [1 0 0 0 0 0 0 1 1 0]
 [1 0 1 0 0 0 0 0 0 0]
 [1 1 0 0 0 1 1 1 0 0]
 [0 1 1 1 0 0 0 0 0 1]]
{'restarts': 2, 'conflicts': 228, 'decisions': 590, 'propagations': 115971}
Q is identifiable
branch at 6
runtime for solving id of Q is 0.09418333694338799
Simulation results:
{'J': 25, 'K': 10, 'N': 10, 'p': 0.3, 'seed': 3, 'sim': 7, 'runtime': 0.09418333694338799, 'identifiable': 1, 'branch': 6}
8
Q: [[1 1 0 0 0 1 0 0 0 0]
 [1 0 0 0 0 0 1 0 0 1]
 [0 0 0 0 0 0 0 0 0 0]
 [1 0 0 0 0 0 0 1 1 0]
 [0 0 0 1 0 0 1 0 0 0]
 [0 0 0 0 0 1 0 0 0 1]
 [0 1 0 1 1 0 0 0 0 0]
 [0 1 0 0 0 0 1 1 0 1]
 [0 0 0 1 1 0 0 0 0 0]
 [0 0 0 1 0 0 0 0 0 1]
 [0 0 0 1 0 0 0 0 0 0]
 [1 0 0 0 0 1 0 0 1 0]
 [0 1 0 0 1 1 0 0 0 0]
 [0 0 0 1 0 0 0 1 1 0]
 [0 0 0 0 0 0 0 0 0 1]
 [0 0 0 0 1 0 0 0 1 0]
 [0 0 0 0 0 0 1 0 1 0]
 [1 0 0 1 0 0 0 0 0 0]
 [0 1 0 0 1 0 0 1 0 0]
 [0 1 1 0 0 0 0 0 0 0]
 [0 0 0 0 0 0 0 0 0 0]
 [0 1 0 0 1 0 0 0 0 0]
 [0 0 0 0 1 0 1 1 0 0]
 [1 0 1 1 0 0 0 0 1 0]
 [0 0 0 1 1 0 1 0 1 0]]
{'restarts': 1, 'conflicts': 151, 'decisions': 414, 'propagations': 86225}
Q is identifiable
branch at 6
runtime for solving id of Q is 0.21739215101115406
Simulation results:
{'J': 25, 'K': 10, 'N': 10, 'p': 0.3, 'seed': 3, 'sim': 8, 'runtime': 0.21739215101115406, 'identifiable': 1, 'branch': 6}
9
Q: [[0 0 0 1 1 1 0 0 1 1]
 [1 1 0 0 1 1 0 0 0 1]
 [0 0 0 0 1 0 0 0 0 1]
 [0 0 1 0 1 0 0 0 0 0]
 [1 0 1 0 1 0 0 1 0 1]
 [0 0 0 1 0 1 1 0 1 0]
 [1 0 1 0 1 1 1 0 0 0]
 [1 0 1 0 0 1 0 0 1 0]
 [0 1 0 1 0 0 1 1 0 0]
 [0 1 0 1 0 0 0 0 1 0]
 [0 0 1 1 0 1 1 0 1 1]
 [1 1 0 0 1 1 0 0 0 1]
 [0 1 0 0 1 1 0 0 0 1]
 [0 1 0 0 0 1 1 1 0 0]
 [0 0 0 0 1 1 1 0 0 0]
 [1 0 0 0 0 0 0 0 0 0]
 [0 0 0 1 1 0 1 0 0 0]
 [1 0 1 0 0 0 0 0 1 0]
 [1 0 0 0 0 0 0 0 0 0]
 [0 1 0 0 0 1 0 0 1 0]
 [0 0 0 0 0 0 0 0 1 0]
 [0 1 1 0 0 0 0 1 0 0]
 [0 0 0 0 1 0 0 0 1 1]
 [0 1 0 0 0 0 0 0 0 0]
 [0 0 1 0 1 0 0 1 0 1]]
{'restarts': 2, 'conflicts': 210, 'decisions': 463, 'propagations': 88411}
Q is identifiable
branch at 6
runtime for solving id of Q is 0.15211682207882404
Simulation results:
{'J': 25, 'K': 10, 'N': 10, 'p': 0.3, 'seed': 3, 'sim': 9, 'runtime': 0.15211682207882404, 'identifiable': 1, 'branch': 6}
Simulation results:
[{'J': 25, 'K': 10, 'N': 10, 'p': 0.3, 'seed': 3, 'sim': 0, 'runtime': 0.12286511110141873, 'identifiable': 1, 'branch': 6}, {'J': 25, 'K': 10, 'N': 10, 'p': 0.3, 'seed': 3, 'sim': 1, 'runtime': 0.004030296113342047, 'identifiable': 0, 'branch': 2}, {'J': 25, 'K': 10, 'N': 10, 'p': 0.3, 'seed': 3, 'sim': 2, 'runtime': 0.23692951002158225, 'identifiable': 1, 'branch': 6}, {'J': 25, 'K': 10, 'N': 10, 'p': 0.3, 'seed': 3, 'sim': 3, 'runtime': 0.16428615106269717, 'identifiable': 1, 'branch': 6}, {'J': 25, 'K': 10, 'N': 10, 'p': 0.3, 'seed': 3, 'sim': 4, 'runtime': 0.18278334313072264, 'identifiable': 1, 'branch': 6}, {'J': 25, 'K': 10, 'N': 10, 'p': 0.3, 'seed': 3, 'sim': 5, 'runtime': 0.20286422898061574, 'identifiable': 1, 'branch': 6}, {'J': 25, 'K': 10, 'N': 10, 'p': 0.3, 'seed': 3, 'sim': 6, 'runtime': 0.13712677103467286, 'identifiable': 1, 'branch': 6}, {'J': 25, 'K': 10, 'N': 10, 'p': 0.3, 'seed': 3, 'sim': 7, 'runtime': 0.09418333694338799, 'identifiable': 1, 'branch': 6}, {'J': 25, 'K': 10, 'N': 10, 'p': 0.3, 'seed': 3, 'sim': 8, 'runtime': 0.21739215101115406, 'identifiable': 1, 'branch': 6}, {'J': 25, 'K': 10, 'N': 10, 'p': 0.3, 'seed': 3, 'sim': 9, 'runtime': 0.15211682207882404, 'identifiable': 1, 'branch': 6}]
