
The Gurobi software has a limited number of licenses. To request a license or
licenses, add this line

    #SBATCH --licenses=gurobi@slurmdb:1

to your SBATCH script, replacing N with the number of licenses you need. Gurobi
will need one license per process.


0
Q: [[1 1 1 0 0 1 1 0 1 1]
 [1 1 1 0 1 1 1 0 1 0]
 [1 1 1 0 1 1 1 1 0 1]
 [1 1 0 1 1 0 0 1 1 0]
 [1 1 1 0 0 0 1 0 1 1]
 [0 1 1 1 1 1 1 1 1 1]
 [0 1 0 1 0 1 1 1 1 1]
 [1 0 1 0 0 1 0 1 1 1]
 [1 1 1 0 1 1 1 0 1 1]
 [1 1 0 1 1 0 0 1 1 1]
 [1 1 1 0 0 0 1 1 1 1]
 [1 1 0 1 0 1 1 1 1 1]
 [0 1 0 1 1 0 1 1 1 0]
 [1 0 1 1 1 1 1 0 1 1]
 [1 0 0 1 1 1 1 0 0 1]
 [1 0 1 1 1 0 0 1 1 1]
 [0 0 1 1 0 1 0 0 0 1]
 [1 1 0 1 0 1 1 0 0 1]
 [1 1 1 1 0 1 1 1 1 0]
 [0 1 1 1 1 1 0 1 1 0]
 [1 1 0 1 0 0 1 0 1 1]
 [1 0 1 0 1 1 1 1 0 0]
 [1 1 0 1 1 1 1 1 1 0]
 [1 1 0 1 1 1 0 1 1 0]
 [1 1 1 1 0 1 0 1 0 1]]
{'restarts': 2, 'conflicts': 227, 'decisions': 1435, 'propagations': 55303}
Q is not identifiable, and Q_bar is [[1 1 0 1 0 0 0 0 1 0]
 [0 1 0 1 0 0 1 0 1 0]
 [0 1 1 1 1 0 1 0 0 0]
 [0 0 0 0 1 0 0 1 1 0]
 [1 1 0 0 0 0 0 0 1 0]
 [0 0 0 1 0 1 0 1 0 1]
 [0 0 1 0 0 0 0 0 0 1]
 [1 0 0 1 1 0 0 0 0 0]
 [1 1 0 1 0 0 1 0 1 0]
 [0 0 0 0 1 1 0 1 1 0]
 [1 1 0 0 1 0 0 0 1 0]
 [0 1 1 0 0 1 0 0 1 1]
 [0 0 0 0 0 0 0 1 0 1]
 [1 1 0 1 0 1 1 0 0 0]
 [0 1 0 0 0 1 1 0 0 0]
 [1 0 0 0 1 0 0 1 0 0]
 [0 0 0 1 0 1 0 0 0 0]
 [0 1 1 0 0 1 0 0 0 0]
 [0 0 0 1 1 0 0 0 0 1]
 [0 0 0 1 0 0 0 1 1 0]
 [0 1 0 0 0 1 0 0 1 0]
 [0 1 0 1 1 0 1 0 0 0]
 [0 0 0 0 1 0 1 1 1 1]
 [0 0 0 0 1 0 1 1 1 0]
 [0 0 1 1 1 1 0 0 0 0]]
branch at 5
runtime for solving id of Q is 0.0484225049149245
Simulation results:
{'J': 25, 'K': 10, 'N': 10, 'p': 0.7, 'seed': 83, 'sim': 0, 'runtime': 0.0484225049149245, 'identifiable': 0, 'branch': 5}
1
Q: [[1 1 1 1 1 1 1 1 1 1]
 [1 1 1 1 1 0 1 0 0 1]
 [1 1 0 1 1 0 1 1 1 1]
 [1 1 1 0 1 1 1 0 0 0]
 [0 1 1 1 1 0 1 1 1 1]
 [1 1 1 0 1 1 1 0 1 1]
 [0 0 0 1 1 1 1 1 1 1]
 [1 1 1 1 1 0 0 1 1 0]
 [1 0 1 0 0 1 0 0 1 1]
 [1 1 1 0 0 1 1 0 1 1]
 [1 0 1 1 0 1 0 1 0 0]
 [1 1 0 1 1 1 0 1 1 0]
 [1 1 1 1 1 0 1 1 1 1]
 [1 1 1 1 1 1 1 1 1 1]
 [0 1 1 1 0 0 0 1 1 1]
 [1 1 1 1 1 1 0 1 0 0]
 [1 1 1 1 0 1 1 1 0 1]
 [0 0 1 1 1 1 0 0 0 1]
 [1 1 1 1 0 0 0 1 0 1]
 [1 1 1 1 1 1 1 1 1 1]
 [1 1 0 1 1 0 1 1 1 1]
 [1 1 1 1 0 0 1 1 1 0]
 [1 0 1 1 0 1 0 1 1 1]
 [1 0 1 1 1 1 0 0 1 1]
 [1 0 1 1 0 1 1 1 1 0]]
Q is not identifiable (two-column submatrix not identifiable).
Q is not identifiable, and Q_bar is [[1 1 1 0 1 1 1 1 1 1]
 [1 1 1 1 1 0 1 0 0 1]
 [1 1 0 0 1 0 1 1 1 1]
 [1 1 1 0 1 1 1 0 0 0]
 [0 1 1 0 1 0 1 1 1 1]
 [1 1 1 0 1 1 1 0 1 1]
 [0 0 0 0 1 1 1 1 1 1]
 [1 1 1 0 1 0 0 1 1 0]
 [1 0 1 0 0 1 0 0 1 1]
 [1 1 1 0 0 1 1 0 1 1]
 [1 0 1 0 0 1 0 1 0 0]
 [1 1 0 0 1 1 0 1 1 0]
 [1 1 1 0 1 0 1 1 1 1]
 [1 1 1 0 1 1 1 1 1 1]
 [0 1 1 0 0 0 0 1 1 1]
 [1 1 1 0 1 1 0 1 0 0]
 [1 1 1 0 0 1 1 1 0 1]
 [0 0 1 1 1 1 0 0 0 1]
 [1 1 1 0 0 0 0 1 0 1]
 [1 1 1 0 1 1 1 1 1 1]
 [1 1 0 0 1 0 1 1 1 1]
 [1 1 1 0 0 0 1 1 1 0]
 [1 0 1 0 0 1 0 1 1 1]
 [1 0 1 1 1 1 0 0 1 1]
 [1 0 1 0 0 1 1 1 1 0]]
branch at 2
runtime for solving id of Q is 0.0017347908578813076
Simulation results:
{'J': 25, 'K': 10, 'N': 10, 'p': 0.7, 'seed': 83, 'sim': 1, 'runtime': 0.0017347908578813076, 'identifiable': 0, 'branch': 2}
2
Q: [[0 1 1 1 1 1 1 0 0 1]
 [1 1 1 1 0 1 0 1 1 0]
 [0 0 1 1 1 0 1 1 1 1]
 [1 1 1 1 0 1 1 0 1 1]
 [1 0 0 1 1 0 1 1 1 1]
 [0 1 1 1 1 0 1 1 0 0]
 [1 1 1 0 1 1 1 1 1 1]
 [1 1 1 0 1 0 0 1 1 1]
 [1 0 1 1 1 1 1 1 0 1]
 [1 1 1 1 1 1 0 1 1 0]
 [1 1 0 1 1 0 1 1 1 0]
 [0 1 1 0 1 1 0 1 1 1]
 [0 0 1 1 0 1 0 1 0 1]
 [1 1 1 1 1 0 1 0 1 1]
 [1 0 1 1 1 1 0 1 1 1]
 [1 0 1 1 1 1 0 0 1 1]
 [1 0 0 1 1 1 1 0 1 1]
 [1 1 1 1 1 1 0 1 0 0]
 [1 0 1 1 1 1 0 1 0 0]
 [1 1 1 1 1 1 0 0 1 1]
 [1 1 1 1 0 0 1 1 1 1]
 [0 1 0 0 1 1 1 1 0 1]
 [1 0 1 1 1 1 1 1 0 0]
 [1 1 0 0 0 1 1 1 0 1]
 [1 0 0 1 1 1 1 1 1 1]]
Q is not identifiable (three-column submatrix not identifiable).
Q is not identifiable, and Q_bar is [[0 1 1 1 1 1 1 0 0 1]
 [1 1 1 1 0 1 0 1 1 0]
 [0 0 1 1 1 0 1 1 1 1]
 [1 1 1 1 0 1 1 0 1 1]
 [1 0 0 1 1 0 1 1 1 1]
 [0 1 1 1 1 0 1 1 0 0]
 [1 1 1 0 1 1 1 1 1 1]
 [1 1 1 0 1 0 0 1 1 1]
 [1 0 1 1 1 1 1 1 0 1]
 [1 1 1 1 1 1 0 1 1 0]
 [1 1 0 1 1 0 1 1 1 0]
 [0 1 1 0 1 1 0 1 1 1]
 [0 0 1 0 0 1 0 1 0 1]
 [1 1 1 1 1 0 1 0 1 1]
 [1 0 1 1 1 1 0 1 1 1]
 [1 0 1 1 1 1 0 0 1 1]
 [1 0 0 1 1 1 1 0 1 1]
 [1 1 1 1 1 1 0 1 0 0]
 [1 0 1 1 1 1 0 1 0 0]
 [1 1 1 1 1 1 0 0 1 1]
 [1 1 1 1 0 0 1 1 1 1]
 [0 1 0 0 1 1 1 1 0 1]
 [1 0 1 1 1 1 1 1 0 0]
 [1 1 0 0 0 1 1 1 0 1]
 [1 0 0 1 1 1 1 1 1 1]]
branch at 3
runtime for solving id of Q is 0.002889449940994382
Simulation results:
{'J': 25, 'K': 10, 'N': 10, 'p': 0.7, 'seed': 83, 'sim': 2, 'runtime': 0.002889449940994382, 'identifiable': 0, 'branch': 3}
3
Q: [[0 0 1 1 1 0 0 1 0 1]
 [1 0 0 1 1 0 1 1 0 0]
 [0 1 1 1 1 0 1 1 1 1]
 [1 1 0 1 1 1 1 0 1 0]
 [1 0 0 0 0 0 0 1 0 0]
 [1 1 1 1 1 1 0 0 0 1]
 [1 1 1 0 0 0 0 1 1 1]
 [0 1 0 0 0 1 0 1 1 0]
 [1 1 1 1 1 1 1 1 1 1]
 [1 1 1 1 1 1 0 1 0 1]
 [1 1 1 1 1 1 0 1 0 1]
 [1 1 1 1 1 0 1 1 0 1]
 [1 1 1 1 0 0 1 1 1 1]
 [1 0 1 1 1 1 1 1 0 0]
 [0 1 1 1 1 0 1 1 1 1]
 [1 1 1 1 1 1 1 0 1 0]
 [0 0 1 0 1 1 1 0 1 1]
 [1 0 0 0 1 1 0 1 1 1]
 [1 1 1 0 1 0 1 1 0 0]
 [1 1 1 1 1 1 1 1 1 0]
 [0 1 0 0 0 0 1 1 1 1]
 [1 0 0 1 1 1 0 1 0 1]
 [1 1 1 0 1 1 1 0 1 1]
 [1 0 1 0 1 1 1 0 1 1]
 [0 0 1 0 0 0 1 1 0 0]]
{'restarts': 5, 'conflicts': 2680, 'decisions': 5073, 'propagations': 562272}
Q is identifiable
branch at 6
runtime for solving id of Q is 0.11953735095448792
Simulation results:
{'J': 25, 'K': 10, 'N': 10, 'p': 0.7, 'seed': 83, 'sim': 3, 'runtime': 0.11953735095448792, 'identifiable': 1, 'branch': 6}
4
Q: [[0 1 1 1 1 1 0 0 0 1]
 [1 1 0 1 0 1 0 1 1 1]
 [0 1 1 1 1 1 1 0 1 1]
 [1 1 0 0 1 1 1 1 1 1]
 [0 1 1 0 0 1 1 1 1 0]
 [1 1 0 1 1 1 1 0 1 1]
 [0 1 1 0 0 1 0 1 1 0]
 [1 1 1 1 1 1 0 0 0 0]
 [0 1 0 1 1 1 1 1 0 1]
 [1 0 0 1 1 1 1 1 0 0]
 [1 1 1 1 1 1 1 0 1 1]
 [1 1 1 0 1 0 1 1 1 1]
 [1 1 1 1 1 1 1 1 1 0]
 [1 1 1 1 0 0 0 0 1 1]
 [1 0 0 0 1 0 0 0 1 1]
 [1 1 0 1 1 1 0 1 1 1]
 [1 1 1 0 1 1 1 0 0 1]
 [1 1 1 0 0 1 0 1 1 1]
 [1 0 1 1 1 1 1 0 1 1]
 [1 0 1 1 1 1 0 1 1 1]
 [0 1 0 0 0 1 0 1 1 1]
 [0 1 0 0 0 1 0 1 1 1]
 [1 1 0 0 1 1 1 0 0 0]
 [0 1 1 1 0 1 0 0 1 1]
 [1 1 1 0 1 0 1 1 0 1]]
{'restarts': 13, 'conflicts': 3367, 'decisions': 7657, 'propagations': 645012}
Q is not identifiable, and Q_bar is [[0 0 0 1 0 1 1 0 0 0]
 [1 1 0 0 1 0 0 1 0 1]
 [0 0 0 1 1 0 1 0 1 0]
 [0 1 1 0 0 1 0 1 1 1]
 [0 0 0 1 0 0 0 1 1 0]
 [1 0 1 0 1 0 0 0 1 1]
 [0 0 0 1 0 0 0 1 0 0]
 [0 0 1 1 0 0 1 0 0 1]
 [0 1 0 0 0 1 1 0 1 0]
 [0 1 1 0 0 0 1 0 1 0]
 [1 0 1 1 1 0 1 0 1 0]
 [1 1 1 1 0 1 0 0 1 0]
 [0 1 1 1 0 0 1 1 1 0]
 [1 0 0 1 1 0 0 0 0 0]
 [1 0 1 0 0 0 0 0 0 0]
 [1 1 1 0 1 0 0 1 0 1]
 [0 0 1 1 0 1 0 0 1 1]
 [1 1 0 1 0 0 0 1 0 1]
 [1 0 0 1 0 0 1 0 1 0]
 [1 1 0 1 0 0 1 0 0 0]
 [0 1 0 0 0 1 0 1 0 1]
 [0 1 0 0 0 1 0 1 0 1]
 [0 0 1 0 0 0 0 0 1 1]
 [0 0 0 1 1 0 0 0 0 1]
 [0 1 1 1 0 1 0 0 1 0]]
branch at 5
runtime for solving id of Q is 0.16064002993516624
Simulation results:
{'J': 25, 'K': 10, 'N': 10, 'p': 0.7, 'seed': 83, 'sim': 4, 'runtime': 0.16064002993516624, 'identifiable': 0, 'branch': 5}
5
Q: [[0 1 0 0 1 0 1 1 1 0]
 [1 1 1 1 1 1 1 0 0 1]
 [1 0 1 1 1 1 1 1 1 0]
 [0 1 1 1 1 1 1 1 1 1]
 [1 0 1 0 1 1 0 1 1 0]
 [0 1 1 0 1 1 1 1 0 1]
 [1 1 1 1 0 1 1 1 1 0]
 [1 0 1 1 1 1 0 1 1 1]
 [0 1 1 0 0 1 0 1 1 1]
 [1 0 1 0 1 1 0 1 1 1]
 [1 0 1 0 1 1 1 0 1 1]
 [1 0 1 1 1 1 1 1 1 1]
 [1 0 1 1 1 1 0 1 1 1]
 [1 1 0 1 0 0 1 0 1 1]
 [0 1 0 0 1 0 1 1 0 1]
 [1 1 1 0 1 1 1 1 1 1]
 [0 1 0 1 1 1 1 0 1 1]
 [1 0 1 1 1 1 1 1 1 1]
 [1 1 1 1 1 0 1 1 1 0]
 [1 1 1 1 1 1 1 0 0 1]
 [0 1 1 1 0 1 1 1 1 1]
 [1 0 1 1 1 1 0 1 1 0]
 [1 0 1 1 1 1 1 1 0 1]
 [0 1 0 1 0 0 1 1 0 0]
 [0 0 1 1 1 1 0 1 1 1]]
{'restarts': 1, 'conflicts': 116, 'decisions': 801, 'propagations': 22401}
Q is not identifiable, and Q_bar is [[0 0 1 0 0 0 0 1 0 1]
 [1 0 1 1 1 1 0 0 1 0]
 [1 0 0 1 0 0 1 1 1 1]
 [0 0 1 1 1 1 0 1 1 1]
 [0 0 0 0 0 1 1 1 0 1]
 [0 0 1 1 1 1 0 1 0 0]
 [1 0 1 1 0 1 1 1 1 0]
 [0 0 0 1 1 1 1 1 1 1]
 [0 1 0 1 0 1 0 1 0 0]
 [0 0 0 0 1 1 1 1 0 1]
 [1 0 0 0 1 1 1 0 0 0]
 [1 0 0 1 1 1 1 1 1 1]
 [0 0 0 1 1 1 1 1 1 1]
 [1 1 1 0 0 0 0 0 1 0]
 [0 0 1 0 1 0 0 1 0 0]
 [0 0 1 0 1 1 1 1 0 1]
 [0 1 1 1 0 0 0 0 1 1]
 [1 0 0 1 1 1 1 1 1 1]
 [1 0 1 0 0 1 0 1 1 1]
 [1 0 1 1 1 1 0 0 1 0]
 [0 1 1 1 0 1 0 1 1 0]
 [0 0 0 1 0 1 1 1 1 1]
 [1 0 0 1 1 1 0 1 1 0]
 [0 0 1 0 0 0 0 1 1 0]
 [0 0 0 1 1 1 0 1 1 1]]
branch at 5
runtime for solving id of Q is 0.028576859971508384
Simulation results:
{'J': 25, 'K': 10, 'N': 10, 'p': 0.7, 'seed': 83, 'sim': 5, 'runtime': 0.028576859971508384, 'identifiable': 0, 'branch': 5}
6
Q: [[1 0 1 1 1 1 1 1 1 1]
 [0 0 1 1 0 1 1 0 0 1]
 [1 0 1 1 0 1 0 1 1 1]
 [0 1 1 0 1 1 0 1 0 1]
 [1 1 1 1 1 1 1 0 1 0]
 [1 1 1 1 1 1 1 1 1 1]
 [0 1 0 1 1 1 1 0 0 1]
 [1 1 1 1 1 1 1 1 0 1]
 [1 0 1 1 1 1 1 1 1 1]
 [1 0 1 0 1 0 0 0 0 0]
 [1 0 0 0 1 1 0 1 1 1]
 [1 0 1 0 1 1 1 1 0 0]
 [1 0 1 1 1 1 1 1 1 1]
 [1 0 1 1 1 1 1 0 1 1]
 [0 1 0 1 0 0 1 1 0 1]
 [1 1 1 0 1 1 1 1 1 0]
 [1 1 1 1 1 1 1 1 1 1]
 [0 1 1 1 1 1 1 0 1 0]
 [1 1 1 1 0 1 0 1 1 1]
 [1 1 0 0 0 0 0 1 1 1]
 [0 1 1 1 1 1 1 1 1 1]
 [1 1 1 1 1 1 1 1 1 0]
 [1 0 1 0 1 1 1 1 1 0]
 [1 0 1 1 1 1 1 1 1 0]
 [1 0 1 1 0 1 1 0 0 0]]
Q is not identifiable (three-column submatrix not identifiable).
Q is not identifiable, and Q_bar is [[1 0 1 1 1 1 1 1 1 1]
 [0 0 1 1 0 0 1 0 0 1]
 [1 0 1 1 0 1 0 1 1 1]
 [0 1 1 0 1 1 0 1 0 1]
 [1 1 1 1 1 1 1 0 1 0]
 [1 1 1 1 1 1 1 1 1 1]
 [0 1 0 1 1 1 1 0 0 1]
 [1 1 1 1 1 0 1 1 0 1]
 [1 0 1 1 1 1 1 1 1 1]
 [1 0 1 0 1 0 0 0 0 0]
 [1 0 0 0 1 1 0 1 1 1]
 [1 0 1 0 1 1 1 1 0 0]
 [1 0 1 1 1 1 1 1 1 1]
 [1 0 1 1 1 1 1 0 1 1]
 [0 1 0 1 0 0 1 1 0 1]
 [1 1 1 0 1 1 1 1 1 0]
 [1 1 1 1 1 1 1 1 1 1]
 [0 1 1 1 1 1 1 0 1 0]
 [1 1 1 1 0 1 0 1 1 1]
 [1 1 0 0 0 0 0 1 1 1]
 [0 1 1 1 1 1 1 1 1 1]
 [1 1 1 1 1 1 1 1 1 0]
 [1 0 1 0 1 1 1 1 1 0]
 [1 0 1 1 1 1 1 1 1 0]
 [1 0 1 1 0 1 1 0 0 0]]
branch at 3
runtime for solving id of Q is 0.0025668239686638117
Simulation results:
{'J': 25, 'K': 10, 'N': 10, 'p': 0.7, 'seed': 83, 'sim': 6, 'runtime': 0.0025668239686638117, 'identifiable': 0, 'branch': 3}
7
Q: [[1 0 0 1 0 1 0 1 1 0]
 [0 1 1 1 0 1 1 1 0 0]
 [1 1 1 1 0 1 1 1 1 0]
 [0 1 1 0 1 0 1 0 1 1]
 [0 1 0 0 1 1 0 1 1 1]
 [1 1 1 1 0 1 1 1 1 1]
 [1 1 1 1 1 1 1 1 1 1]
 [1 0 1 0 1 0 0 1 1 1]
 [1 1 0 1 0 0 0 0 1 1]
 [1 1 0 1 1 0 1 1 1 1]
 [1 1 0 1 1 0 1 1 1 1]
 [0 1 1 0 0 1 0 0 1 1]
 [0 0 1 0 1 1 1 0 1 0]
 [1 1 1 1 1 0 1 0 1 1]
 [1 0 1 0 1 1 1 0 0 1]
 [1 1 1 0 1 1 1 0 1 1]
 [0 1 1 1 0 1 0 1 1 1]
 [0 1 0 0 1 1 1 1 1 1]
 [1 1 0 0 1 0 1 1 1 1]
 [1 1 0 1 1 1 1 0 1 1]
 [1 0 1 1 0 0 1 0 1 1]
 [1 0 1 1 1 1 1 1 0 1]
 [1 0 1 1 1 1 1 1 1 1]
 [1 0 1 1 1 0 0 1 0 0]
 [1 1 1 1 1 1 1 1 0 0]]
{'restarts': 19, 'conflicts': 5526, 'decisions': 10603, 'propagations': 983095}
Q is not identifiable, and Q_bar is [[0 0 1 1 0 1 0 0 0 0]
 [0 0 0 0 0 0 0 1 1 0]
 [0 0 1 1 0 1 0 1 1 0]
 [0 0 0 0 1 0 1 0 1 1]
 [0 1 1 0 0 0 1 0 0 0]
 [0 0 1 1 0 1 1 1 1 1]
 [0 1 1 1 1 1 1 0 1 0]
 [1 0 1 0 0 0 0 0 0 1]
 [0 0 0 1 0 0 1 0 0 0]
 [1 0 1 1 0 0 1 0 1 0]
 [1 0 1 1 0 0 1 0 1 0]
 [0 0 0 0 0 1 1 0 0 1]
 [0 0 0 0 1 1 0 0 1 0]
 [0 0 0 1 1 0 1 0 1 1]
 [1 1 0 0 1 0 0 0 1 0]
 [1 1 0 0 1 1 1 0 1 1]
 [0 0 0 0 0 1 1 1 0 1]
 [0 1 1 0 0 0 1 0 1 0]
 [1 0 1 0 0 0 1 0 1 0]
 [0 1 0 1 0 0 1 0 1 0]
 [0 0 0 1 0 0 0 0 1 1]
 [1 1 1 1 1 0 0 0 1 0]
 [1 0 1 1 1 1 0 0 1 1]
 [1 0 1 1 1 0 0 0 0 0]
 [1 0 1 1 1 0 0 1 1 0]]
branch at 5
runtime for solving id of Q is 0.25885427300818264
Simulation results:
{'J': 25, 'K': 10, 'N': 10, 'p': 0.7, 'seed': 83, 'sim': 7, 'runtime': 0.25885427300818264, 'identifiable': 0, 'branch': 5}
8
Q: [[0 1 0 1 1 1 1 1 0 0]
 [1 0 1 1 0 1 1 0 1 1]
 [0 0 1 1 1 1 1 1 0 0]
 [0 1 1 1 1 0 1 1 1 1]
 [0 1 1 0 1 1 1 1 0 0]
 [1 1 1 1 0 1 1 1 1 1]
 [1 0 1 1 1 1 1 0 1 1]
 [1 1 0 1 1 0 0 0 1 1]
 [1 1 0 0 1 0 0 1 1 1]
 [1 1 1 0 1 1 0 1 0 1]
 [0 1 1 1 1 1 1 1 1 1]
 [0 1 0 1 1 1 0 1 1 0]
 [1 1 1 1 1 0 0 1 1 1]
 [1 1 1 0 1 1 1 1 1 1]
 [0 1 1 0 1 1 1 1 1 1]
 [1 0 1 1 0 0 1 0 1 0]
 [1 1 0 1 1 0 1 0 0 1]
 [1 1 0 1 0 0 1 0 1 1]
 [0 0 1 0 1 1 1 0 1 1]
 [1 1 1 1 1 1 1 1 1 1]
 [1 1 1 1 1 1 1 1 1 1]
 [1 1 1 1 1 1 1 1 1 0]
 [0 1 1 1 1 1 0 1 1 1]
 [0 0 1 1 1 1 1 1 1 1]
 [1 1 1 1 0 1 0 0 0 1]]
{'restarts': 6, 'conflicts': 933, 'decisions': 2595, 'propagations': 164055}
Q is not identifiable, and Q_bar is [[0 0 1 0 0 0 0 0 0 1]
 [0 1 0 1 1 1 0 0 0 0]
 [0 0 1 0 1 1 0 0 0 0]
 [0 0 0 0 0 0 1 1 0 1]
 [0 0 0 0 1 1 0 1 0 0]
 [0 1 0 1 1 1 0 0 1 0]
 [0 0 0 1 1 1 1 0 0 0]
 [1 0 0 0 0 0 1 0 0 0]
 [0 1 0 0 0 0 1 0 1 0]
 [0 1 0 0 0 1 0 1 0 0]
 [0 0 1 0 1 1 1 0 1 0]
 [0 0 1 0 0 0 0 0 1 0]
 [1 1 0 0 0 0 0 1 1 0]
 [0 1 0 0 1 1 1 0 1 0]
 [0 0 0 0 1 1 1 1 0 0]
 [0 0 0 1 1 0 0 0 0 0]
 [1 0 0 0 0 0 0 0 0 1]
 [1 0 0 1 0 0 0 0 0 0]
 [0 0 0 0 1 1 1 0 0 0]
 [0 0 1 1 1 1 1 0 1 0]
 [0 0 1 1 1 1 1 0 1 0]
 [0 0 1 1 1 0 0 0 1 0]
 [0 0 1 0 0 0 1 1 1 0]
 [0 0 1 0 1 1 1 0 0 0]
 [1 0 0 0 0 1 0 0 0 0]]
branch at 5
runtime for solving id of Q is 0.048393721925094724
Simulation results:
{'J': 25, 'K': 10, 'N': 10, 'p': 0.7, 'seed': 83, 'sim': 8, 'runtime': 0.048393721925094724, 'identifiable': 0, 'branch': 5}
9
Q: [[0 1 0 0 0 1 1 1 1 1]
 [0 1 1 1 0 1 1 1 0 1]
 [0 0 0 0 1 1 1 1 0 1]
 [1 1 1 0 1 0 1 1 1 1]
 [1 0 1 1 0 1 1 0 0 1]
 [1 0 1 1 0 1 0 1 1 1]
 [1 0 1 0 1 1 1 1 1 1]
 [0 1 1 1 0 1 1 0 1 1]
 [1 0 1 1 1 1 0 1 0 1]
 [1 1 1 1 0 1 0 1 1 1]
 [1 1 0 1 0 0 1 0 1 1]
 [1 0 1 1 1 1 1 1 1 1]
 [1 0 1 1 1 1 0 1 1 1]
 [0 1 0 1 0 1 1 1 1 0]
 [1 1 1 0 1 1 1 1 1 1]
 [0 1 1 1 1 1 1 1 0 0]
 [1 1 1 1 1 0 1 1 1 1]
 [0 1 1 0 0 1 0 1 1 0]
 [1 1 1 0 0 1 0 1 1 1]
 [1 0 1 1 1 1 1 0 1 1]
 [1 0 1 0 0 1 1 1 1 1]
 [1 0 0 0 1 1 1 1 0 1]
 [1 1 1 0 0 1 1 1 1 0]
 [1 1 0 1 1 1 1 1 1 1]
 [1 1 0 0 0 0 1 0 1 1]]
Q is not identifiable (three-column submatrix not identifiable).
Q is not identifiable, and Q_bar is [[0 1 0 0 0 1 1 1 1 1]
 [0 1 1 1 0 1 1 1 0 1]
 [0 1 0 0 1 0 1 1 0 0]
 [1 1 1 0 1 0 1 1 1 1]
 [1 0 1 1 0 1 1 0 0 1]
 [1 0 1 1 0 1 0 1 1 1]
 [1 1 1 0 1 1 1 1 1 1]
 [0 1 1 1 0 1 1 0 1 1]
 [1 0 1 1 1 1 0 1 0 1]
 [1 1 1 1 0 1 0 1 1 1]
 [1 1 0 1 0 0 1 0 1 1]
 [1 1 1 1 1 1 1 1 1 1]
 [1 0 1 1 1 1 0 1 1 1]
 [0 1 0 1 0 1 1 1 1 0]
 [1 1 1 0 1 1 1 1 1 1]
 [0 1 1 1 1 1 1 1 0 0]
 [1 1 1 1 1 0 1 1 1 1]
 [0 1 1 0 0 1 0 1 1 0]
 [1 1 1 0 0 1 0 1 1 1]
 [1 0 1 1 1 1 1 0 1 1]
 [1 0 1 0 0 1 1 1 1 1]
 [1 0 0 0 1 1 1 1 0 1]
 [1 1 1 0 0 1 1 1 1 0]
 [1 1 0 1 1 1 1 1 1 1]
 [1 1 0 0 0 0 1 0 1 1]]
branch at 3
runtime for solving id of Q is 0.0026687639765441418
Simulation results:
{'J': 25, 'K': 10, 'N': 10, 'p': 0.7, 'seed': 83, 'sim': 9, 'runtime': 0.0026687639765441418, 'identifiable': 0, 'branch': 3}
Simulation results:
[{'J': 25, 'K': 10, 'N': 10, 'p': 0.7, 'seed': 83, 'sim': 0, 'runtime': 0.0484225049149245, 'identifiable': 0, 'branch': 5}, {'J': 25, 'K': 10, 'N': 10, 'p': 0.7, 'seed': 83, 'sim': 1, 'runtime': 0.0017347908578813076, 'identifiable': 0, 'branch': 2}, {'J': 25, 'K': 10, 'N': 10, 'p': 0.7, 'seed': 83, 'sim': 2, 'runtime': 0.002889449940994382, 'identifiable': 0, 'branch': 3}, {'J': 25, 'K': 10, 'N': 10, 'p': 0.7, 'seed': 83, 'sim': 3, 'runtime': 0.11953735095448792, 'identifiable': 1, 'branch': 6}, {'J': 25, 'K': 10, 'N': 10, 'p': 0.7, 'seed': 83, 'sim': 4, 'runtime': 0.16064002993516624, 'identifiable': 0, 'branch': 5}, {'J': 25, 'K': 10, 'N': 10, 'p': 0.7, 'seed': 83, 'sim': 5, 'runtime': 0.028576859971508384, 'identifiable': 0, 'branch': 5}, {'J': 25, 'K': 10, 'N': 10, 'p': 0.7, 'seed': 83, 'sim': 6, 'runtime': 0.0025668239686638117, 'identifiable': 0, 'branch': 3}, {'J': 25, 'K': 10, 'N': 10, 'p': 0.7, 'seed': 83, 'sim': 7, 'runtime': 0.25885427300818264, 'identifiable': 0, 'branch': 5}, {'J': 25, 'K': 10, 'N': 10, 'p': 0.7, 'seed': 83, 'sim': 8, 'runtime': 0.048393721925094724, 'identifiable': 0, 'branch': 5}, {'J': 25, 'K': 10, 'N': 10, 'p': 0.7, 'seed': 83, 'sim': 9, 'runtime': 0.0026687639765441418, 'identifiable': 0, 'branch': 3}]
