
The Gurobi software has a limited number of licenses. To request a license or
licenses, add this line

    #SBATCH --licenses=gurobi@slurmdb:1

to your SBATCH script, replacing N with the number of licenses you need. Gurobi
will need one license per process.


0
Q: [[1 1 1 0 1 1 1 1 1 1]
 [0 0 1 1 0 1 1 1 0 1]
 [0 0 1 0 1 1 0 1 1 1]
 [1 1 1 0 1 1 1 1 0 1]
 [1 1 1 0 0 1 1 0 1 0]
 [0 0 0 1 1 1 0 1 0 1]
 [1 1 1 1 0 0 1 1 1 1]
 [0 0 1 1 0 0 1 1 1 1]
 [1 0 0 1 0 1 1 1 1 1]
 [0 0 1 1 1 1 1 1 1 0]
 [1 1 0 0 1 0 1 1 0 0]
 [0 0 1 1 1 1 0 0 0 0]
 [1 0 0 0 1 1 1 1 1 1]
 [1 1 0 1 1 0 1 0 1 1]
 [1 0 1 1 1 1 0 0 1 0]
 [0 0 1 1 1 1 1 1 1 1]
 [0 1 1 0 1 1 0 1 1 0]
 [1 0 1 0 1 0 1 0 0 0]
 [1 1 0 1 0 1 1 0 1 1]
 [0 1 1 1 1 1 1 0 1 1]
 [1 0 1 0 1 1 1 1 1 0]
 [1 0 0 1 0 1 1 0 1 1]
 [1 1 1 1 1 1 1 1 1 1]
 [1 1 0 1 1 1 1 0 0 0]
 [0 0 1 1 1 0 1 0 1 0]
 [1 0 0 1 0 0 1 0 1 1]
 [1 1 1 0 1 1 1 1 1 1]
 [0 1 1 1 1 0 1 1 0 1]
 [1 0 0 1 1 0 1 1 1 0]
 [1 1 1 1 1 1 0 1 1 1]
 [1 1 1 0 1 0 1 0 1 1]
 [1 0 1 0 1 1 1 1 1 1]
 [1 1 1 1 1 1 1 1 1 1]
 [1 1 1 1 1 1 1 0 1 1]
 [1 1 1 1 1 1 1 1 0 1]
 [0 0 1 1 1 1 0 1 0 0]
 [1 0 1 1 1 0 1 1 1 1]
 [0 1 0 1 1 0 0 1 1 0]
 [1 1 0 1 1 1 0 0 1 1]
 [1 0 1 1 0 0 1 1 1 0]
 [0 1 0 1 1 1 0 0 1 1]
 [0 1 0 1 1 1 1 0 0 1]
 [1 0 1 0 0 1 1 1 1 1]
 [1 0 0 1 1 0 1 0 1 1]
 [1 1 1 1 1 0 1 1 1 1]
 [1 1 0 0 1 1 1 1 1 1]
 [1 1 1 1 1 1 1 1 1 1]
 [1 1 1 1 1 1 1 1 1 1]
 [0 1 1 0 0 0 1 0 0 0]
 [1 1 1 0 1 1 1 0 1 1]]
{'restarts': 53, 'conflicts': 24139, 'decisions': 36574, 'propagations': 13047006}
Q is identifiable
branch at 6
runtime for solving id of Q is 2.0229188995435834
Simulation results:
{'J': 50, 'K': 10, 'N': 10, 'p': 0.7, 'seed': 364, 'sim': 0, 'runtime': 2.0229188995435834, 'identifiable': 1, 'branch': 6}
1
Q: [[1 1 1 1 1 1 1 0 1 1]
 [1 1 1 0 1 1 0 0 1 0]
 [0 1 1 1 1 0 1 1 1 1]
 [0 0 1 1 1 1 1 1 0 1]
 [0 1 0 1 1 1 0 0 0 1]
 [0 1 1 1 1 0 1 0 1 1]
 [1 1 1 1 1 1 1 1 1 1]
 [0 0 1 1 1 0 0 1 1 0]
 [1 1 0 1 0 1 1 0 1 1]
 [1 1 0 1 1 0 1 1 1 1]
 [1 1 1 0 0 1 1 1 0 1]
 [0 1 1 1 1 1 1 1 1 1]
 [1 0 1 1 1 1 0 1 0 0]
 [1 0 0 1 1 1 1 1 1 1]
 [0 1 1 1 0 1 1 1 1 0]
 [0 1 1 0 1 1 1 0 1 1]
 [1 1 1 0 0 1 1 1 1 1]
 [1 0 0 1 0 0 0 1 0 1]
 [1 1 1 1 1 0 1 1 1 1]
 [1 1 1 1 1 1 1 1 1 1]
 [1 1 0 0 0 1 1 0 1 1]
 [1 0 0 0 0 1 1 0 1 0]
 [1 1 1 1 0 0 1 1 1 1]
 [1 1 1 1 1 1 1 1 1 1]
 [1 1 0 1 1 1 1 1 0 1]
 [1 0 1 0 1 1 0 1 0 1]
 [1 1 1 1 1 1 1 0 1 1]
 [1 1 0 1 0 0 0 1 1 1]
 [1 0 0 1 0 1 1 0 1 1]
 [0 1 0 1 1 1 0 1 1 1]
 [1 0 0 0 0 1 1 0 0 1]
 [1 1 1 0 1 1 0 1 1 1]
 [1 0 1 0 1 1 0 0 1 1]
 [1 1 1 1 1 0 0 0 1 1]
 [0 0 1 0 0 0 1 1 0 1]
 [1 1 1 0 1 1 1 1 1 1]
 [0 1 1 0 1 1 1 1 1 1]
 [1 0 1 0 0 1 1 1 1 0]
 [1 1 1 1 1 1 0 0 1 1]
 [1 1 0 1 1 0 1 1 1 1]
 [1 0 1 1 1 1 0 1 1 1]
 [1 1 0 0 1 0 1 0 1 1]
 [0 0 0 1 1 1 1 1 1 0]
 [1 1 1 1 1 1 1 0 1 1]
 [1 1 0 1 1 1 1 1 0 0]
 [1 1 1 1 1 0 0 1 0 1]
 [1 0 1 1 0 0 0 1 0 0]
 [0 0 1 1 0 0 1 1 0 1]
 [1 1 1 1 1 0 0 1 1 0]
 [1 1 0 0 1 1 1 1 0 0]]
{'restarts': 46, 'conflicts': 14684, 'decisions': 25511, 'propagations': 7230383}
Q is identifiable
branch at 6
runtime for solving id of Q is 1.0544190984219313
Simulation results:
{'J': 50, 'K': 10, 'N': 10, 'p': 0.7, 'seed': 364, 'sim': 1, 'runtime': 1.0544190984219313, 'identifiable': 1, 'branch': 6}
2
Q: [[0 1 0 1 1 1 1 1 1 0]
 [1 0 1 1 1 0 1 1 0 1]
 [1 0 1 0 1 0 1 0 1 1]
 [1 1 1 0 1 1 1 1 1 1]
 [0 1 1 1 1 1 1 1 0 0]
 [1 1 1 1 0 1 1 1 1 1]
 [0 0 1 1 1 1 1 0 0 1]
 [0 1 0 0 1 0 1 1 1 1]
 [1 1 0 0 0 1 0 0 1 1]
 [0 1 1 0 0 1 0 1 1 1]
 [1 1 1 1 1 1 1 1 0 1]
 [1 0 1 1 1 0 1 0 0 0]
 [0 1 1 1 1 0 1 1 1 1]
 [0 1 0 1 1 0 0 1 1 1]
 [1 0 1 0 1 1 1 1 1 1]
 [0 1 1 1 0 0 1 1 1 1]
 [1 0 1 1 1 1 1 1 1 1]
 [0 0 1 1 0 1 1 1 1 0]
 [1 1 1 1 1 0 0 1 1 1]
 [0 1 0 1 1 1 1 0 0 1]
 [1 1 1 1 0 0 1 0 1 1]
 [0 1 1 1 1 1 0 1 1 1]
 [0 1 1 1 1 1 0 1 1 1]
 [1 1 0 0 1 1 1 0 1 1]
 [1 0 1 1 1 1 1 0 1 1]
 [1 0 1 0 1 1 1 0 1 0]
 [1 1 1 1 1 0 1 1 1 0]
 [1 1 1 1 1 1 0 1 0 1]
 [1 1 1 1 1 0 1 1 1 1]
 [1 1 0 1 0 1 0 1 1 1]
 [1 1 1 0 0 1 1 1 1 1]
 [0 0 1 1 1 1 1 1 1 1]
 [1 1 0 1 1 1 0 1 1 1]
 [1 1 1 1 1 1 1 1 0 0]
 [1 1 1 0 1 1 1 1 1 0]
 [1 0 1 1 1 1 1 0 0 1]
 [0 1 1 0 1 1 1 1 1 1]
 [1 1 1 1 1 1 0 1 1 1]
 [1 1 0 1 1 1 1 1 1 0]
 [1 1 0 0 1 1 1 0 1 1]
 [0 1 1 1 1 0 1 0 0 1]
 [0 1 1 0 0 1 1 1 0 1]
 [1 0 0 1 1 1 1 1 1 1]
 [1 1 1 1 0 1 1 0 0 0]
 [0 1 1 1 1 1 1 1 0 1]
 [1 0 1 0 0 0 1 1 1 1]
 [1 0 1 1 1 1 1 0 1 1]
 [1 1 0 1 1 0 1 0 1 1]
 [0 1 1 1 1 1 1 1 0 0]
 [1 1 1 0 0 0 1 0 1 1]]
{'restarts': 225, 'conflicts': 118147, 'decisions': 171983, 'propagations': 47400406}
Q is identifiable
branch at 6
runtime for solving id of Q is 11.323619556613266
Simulation results:
{'J': 50, 'K': 10, 'N': 10, 'p': 0.7, 'seed': 364, 'sim': 2, 'runtime': 11.323619556613266, 'identifiable': 1, 'branch': 6}
3
Q: [[1 1 0 1 1 0 1 0 0 0]
 [1 1 0 1 1 1 0 0 0 1]
 [0 1 1 1 1 0 1 1 1 0]
 [1 1 1 1 1 1 1 0 1 1]
 [1 1 0 0 1 1 0 0 1 1]
 [1 1 1 1 0 1 0 1 1 1]
 [1 0 1 1 1 1 1 1 0 1]
 [1 1 1 1 1 1 0 1 1 1]
 [1 1 0 1 1 1 1 1 1 1]
 [1 1 1 1 1 0 0 0 1 1]
 [1 1 0 0 1 1 1 1 1 1]
 [1 0 1 1 1 0 1 1 0 0]
 [0 1 0 0 1 1 1 1 0 1]
 [1 0 1 1 1 1 0 1 1 1]
 [1 0 0 0 0 1 1 0 1 1]
 [0 1 1 0 1 0 1 1 1 0]
 [1 1 0 1 1 1 1 1 0 1]
 [0 1 1 1 1 1 1 1 1 0]
 [1 0 0 1 1 0 1 0 1 0]
 [0 0 1 1 1 0 1 1 0 1]
 [1 1 0 1 0 1 1 0 1 1]
 [1 1 0 1 1 0 1 1 1 1]
 [0 1 1 0 1 1 1 1 0 0]
 [1 1 1 0 0 1 1 0 1 0]
 [1 1 0 1 0 1 1 1 1 1]
 [1 0 1 1 0 0 1 1 1 1]
 [0 0 1 1 1 1 1 1 1 1]
 [1 1 0 1 1 1 1 1 1 1]
 [0 1 0 1 1 1 1 1 1 1]
 [1 1 1 0 0 0 1 1 1 1]
 [1 1 1 0 0 1 0 1 1 1]
 [1 1 1 1 0 0 1 1 1 1]
 [1 1 1 0 1 0 1 1 1 1]
 [0 1 0 0 1 1 1 1 0 1]
 [1 0 0 1 1 1 0 1 1 0]
 [1 1 1 1 1 1 1 1 1 1]
 [1 0 0 1 1 1 1 1 1 0]
 [0 1 1 1 1 1 0 1 1 1]
 [1 1 0 1 1 0 0 1 1 1]
 [1 0 1 0 1 1 1 1 0 0]
 [1 0 1 0 1 0 1 1 1 0]
 [1 1 1 1 1 1 1 1 1 1]
 [1 1 1 1 1 0 1 0 1 0]
 [1 0 1 0 1 1 1 1 1 0]
 [1 1 0 1 0 1 1 1 0 1]
 [0 1 1 1 0 0 1 1 0 1]
 [1 0 1 1 1 0 0 1 0 1]
 [1 1 1 1 1 1 0 1 0 0]
 [1 1 1 1 1 0 1 0 1 1]
 [1 1 0 0 1 1 1 0 1 1]]
{'restarts': 1447, 'conflicts': 309452, 'decisions': 449390, 'propagations': 137071046}
Q is identifiable
branch at 6
runtime for solving id of Q is 38.107328043319285
Simulation results:
{'J': 50, 'K': 10, 'N': 10, 'p': 0.7, 'seed': 364, 'sim': 3, 'runtime': 38.107328043319285, 'identifiable': 1, 'branch': 6}
4
Q: [[1 1 1 1 0 1 0 1 0 1]
 [1 1 1 1 1 1 1 1 1 0]
 [1 0 1 0 1 1 1 0 1 0]
 [1 0 1 1 0 0 1 1 1 0]
 [1 0 1 0 1 1 1 1 1 0]
 [0 1 1 1 0 1 1 1 0 0]
 [1 1 1 0 1 1 1 0 0 1]
 [1 1 1 0 1 1 0 1 1 1]
 [1 1 1 1 1 1 0 1 0 1]
 [1 0 1 1 0 1 1 1 1 1]
 [0 1 1 1 1 1 0 0 1 1]
 [0 1 1 0 1 1 1 1 1 1]
 [1 0 1 1 1 1 1 0 0 1]
 [1 1 1 0 1 0 1 1 1 0]
 [1 1 1 1 1 1 0 1 1 1]
 [0 1 1 1 1 1 1 0 0 1]
 [1 0 0 0 1 1 1 0 1 1]
 [1 0 1 1 0 1 1 1 0 1]
 [1 1 1 1 1 1 1 1 0 1]
 [1 1 1 0 1 1 1 1 1 0]
 [1 1 1 0 1 1 1 1 0 0]
 [0 1 1 1 1 0 0 1 1 1]
 [1 0 1 0 0 0 0 1 1 1]
 [0 0 1 1 1 1 1 1 1 1]
 [0 0 1 1 1 0 1 1 1 1]
 [1 0 1 1 0 0 1 0 0 1]
 [0 0 0 0 0 1 1 1 1 1]
 [0 0 1 0 0 1 1 1 0 1]
 [0 1 1 0 1 1 0 0 1 1]
 [1 1 1 0 0 0 1 0 1 1]
 [0 0 1 1 1 0 0 1 0 1]
 [0 1 1 1 0 1 0 1 0 1]
 [1 1 1 1 0 1 1 1 0 1]
 [0 1 1 1 1 1 1 1 1 0]
 [1 1 1 1 1 1 1 1 1 1]
 [1 0 1 1 0 0 1 1 1 0]
 [1 0 1 1 0 1 0 1 1 0]
 [0 0 0 1 0 1 0 1 1 1]
 [1 1 1 0 1 1 1 1 1 0]
 [1 1 0 1 0 1 0 1 1 0]
 [1 0 1 1 1 1 0 0 0 1]
 [1 1 1 1 0 0 1 1 0 0]
 [0 0 0 1 1 0 1 1 1 0]
 [0 1 0 1 1 0 1 1 0 0]
 [1 1 1 0 1 0 1 1 0 1]
 [0 0 0 0 0 1 1 1 1 1]
 [0 1 1 1 1 0 0 0 1 1]
 [1 1 1 1 0 0 1 1 0 1]
 [1 0 1 1 0 1 1 1 1 1]
 [0 0 1 1 1 0 1 1 0 1]]
{'restarts': 14, 'conflicts': 6956, 'decisions': 12284, 'propagations': 3627629}
Q is identifiable
branch at 6
runtime for solving id of Q is 0.5573510667309165
Simulation results:
{'J': 50, 'K': 10, 'N': 10, 'p': 0.7, 'seed': 364, 'sim': 4, 'runtime': 0.5573510667309165, 'identifiable': 1, 'branch': 6}
5
Q: [[1 1 1 1 1 0 1 1 0 1]
 [1 0 0 1 0 1 1 0 0 1]
 [1 0 0 0 1 1 1 1 1 1]
 [0 0 1 1 1 0 0 1 0 1]
 [1 1 1 1 1 0 1 1 1 0]
 [1 1 1 1 1 0 0 1 1 1]
 [1 1 1 1 0 1 0 1 0 0]
 [1 1 1 1 1 0 0 1 0 0]
 [0 1 1 1 0 1 1 1 0 1]
 [1 0 1 0 1 1 1 1 0 0]
 [0 1 0 1 0 1 1 1 0 1]
 [1 0 0 1 0 1 0 1 0 0]
 [1 1 0 1 1 1 0 1 0 1]
 [1 1 1 1 1 1 1 1 0 1]
 [1 0 0 1 1 1 0 1 0 0]
 [0 0 1 1 1 1 0 1 1 1]
 [1 0 0 1 1 1 0 1 1 0]
 [1 0 1 0 1 1 1 1 0 1]
 [1 0 0 0 0 1 0 0 1 1]
 [1 1 0 1 1 0 1 1 1 1]
 [1 1 1 1 1 1 1 0 1 1]
 [1 1 1 1 1 1 0 1 1 1]
 [1 1 0 0 1 0 1 1 0 1]
 [0 1 1 1 0 0 1 1 1 0]
 [0 1 0 1 0 1 1 1 0 1]
 [1 0 1 1 1 1 1 0 0 1]
 [0 1 0 1 1 1 0 1 0 1]
 [0 1 0 1 1 0 1 0 0 0]
 [1 1 0 1 1 1 1 1 0 1]
 [1 1 1 1 0 1 0 0 1 1]
 [1 0 1 1 1 1 0 1 1 1]
 [1 1 1 1 1 0 1 0 0 1]
 [1 1 1 0 1 1 1 1 1 1]
 [1 0 1 1 1 0 0 1 1 1]
 [0 0 1 1 1 1 1 1 1 1]
 [1 0 1 1 0 1 1 0 0 0]
 [1 0 1 1 1 1 1 1 0 0]
 [1 1 0 1 0 1 1 1 0 1]
 [1 1 1 1 0 1 1 1 0 1]
 [1 1 1 1 0 0 1 0 1 0]
 [0 1 1 1 1 1 0 0 0 1]
 [0 0 1 1 1 0 1 0 1 1]
 [1 1 1 0 1 1 1 1 0 1]
 [1 0 1 0 0 1 1 1 1 1]
 [1 1 1 0 1 0 0 1 1 1]
 [0 1 1 1 1 1 1 0 1 1]
 [0 0 1 1 0 0 0 1 0 1]
 [1 1 1 1 1 1 0 0 1 1]
 [1 1 1 1 1 1 0 0 0 0]
 [1 0 1 0 1 1 0 1 1 0]]
{'restarts': 31, 'conflicts': 8897, 'decisions': 16420, 'propagations': 4464986}
Q is identifiable
branch at 6
runtime for solving id of Q is 0.7193286828696728
Simulation results:
{'J': 50, 'K': 10, 'N': 10, 'p': 0.7, 'seed': 364, 'sim': 5, 'runtime': 0.7193286828696728, 'identifiable': 1, 'branch': 6}
6
Q: [[1 1 1 1 1 0 1 1 0 0]
 [1 1 1 1 1 0 0 1 1 0]
 [1 1 1 1 1 0 1 0 0 1]
 [1 1 0 0 0 1 1 1 1 0]
 [1 1 1 1 1 1 1 0 1 1]
 [1 1 0 1 1 1 0 0 1 1]
 [1 1 1 1 0 1 1 0 1 0]
 [0 1 1 0 1 1 0 0 1 1]
 [0 1 1 0 0 1 0 0 1 1]
 [1 1 0 1 1 1 1 0 1 0]
 [1 1 0 1 0 1 1 1 1 0]
 [1 1 1 0 1 0 0 1 0 1]
 [1 1 1 0 1 1 1 0 0 1]
 [1 1 0 1 0 1 1 1 0 1]
 [0 1 0 1 1 0 1 1 1 1]
 [1 1 0 1 1 1 1 0 1 1]
 [0 1 0 1 0 1 0 0 1 1]
 [1 1 1 1 1 0 1 1 1 1]
 [1 1 0 1 1 0 0 1 1 0]
 [1 1 0 1 1 1 1 0 0 1]
 [1 1 0 0 0 1 0 0 1 1]
 [1 1 1 1 0 1 0 0 1 0]
 [1 1 1 1 1 1 1 1 1 1]
 [1 1 1 1 1 1 1 0 1 0]
 [1 1 1 1 1 1 1 1 0 0]
 [1 1 1 1 1 1 0 0 1 1]
 [1 1 1 1 1 1 0 1 0 1]
 [0 1 1 1 1 0 1 1 1 1]
 [1 1 1 1 0 1 0 0 1 1]
 [1 0 1 1 0 1 1 0 0 1]
 [1 1 1 1 1 1 0 1 1 1]
 [1 1 1 0 0 0 0 1 0 1]
 [1 1 1 1 0 1 1 1 1 0]
 [1 1 1 1 1 1 1 1 1 1]
 [1 1 1 0 1 1 1 0 1 1]
 [1 0 0 1 1 0 1 1 0 0]
 [1 1 0 1 0 1 0 1 1 1]
 [0 1 1 1 1 1 1 1 1 1]
 [1 1 1 1 0 1 1 1 1 1]
 [1 1 1 0 1 1 1 1 0 1]
 [0 1 1 0 1 0 0 1 0 0]
 [1 1 1 1 0 1 1 1 1 0]
 [1 1 1 0 0 1 0 1 1 0]
 [1 1 1 0 1 0 0 1 1 1]
 [1 1 1 1 0 1 1 1 0 1]
 [1 1 0 1 1 1 1 1 1 1]
 [0 1 0 1 1 0 0 1 1 1]
 [1 1 1 0 1 1 0 1 1 1]
 [1 0 0 0 1 1 0 1 1 0]
 [1 0 0 1 1 1 0 1 1 1]]
{'restarts': 75, 'conflicts': 30460, 'decisions': 48041, 'propagations': 12361553}
Q is identifiable
branch at 6
runtime for solving id of Q is 2.242762139067054
Simulation results:
{'J': 50, 'K': 10, 'N': 10, 'p': 0.7, 'seed': 364, 'sim': 6, 'runtime': 2.242762139067054, 'identifiable': 1, 'branch': 6}
7
Q: [[0 1 0 1 1 1 1 1 1 0]
 [1 0 1 1 0 1 1 1 0 0]
 [0 1 1 1 0 1 1 1 1 1]
 [1 1 0 0 0 1 1 0 1 1]
 [1 1 1 0 1 1 1 1 1 1]
 [1 1 1 0 1 1 1 1 1 1]
 [1 1 1 0 1 1 0 0 1 0]
 [0 1 1 1 1 0 1 0 0 1]
 [1 0 1 1 0 1 1 0 1 1]
 [0 1 1 1 1 1 0 1 1 1]
 [0 0 1 1 0 0 1 1 1 0]
 [1 1 1 1 0 0 1 1 1 0]
 [1 1 1 0 0 1 1 1 1 0]
 [0 0 1 0 1 1 1 1 0 1]
 [1 0 0 0 1 1 0 1 1 1]
 [0 1 1 0 0 1 1 1 1 0]
 [1 1 0 1 0 1 1 1 0 1]
 [1 1 1 1 1 1 1 0 1 1]
 [0 1 0 1 1 1 1 1 1 1]
 [0 1 1 1 1 1 1 1 1 1]
 [1 1 0 1 0 1 1 0 1 1]
 [0 1 1 1 1 1 1 1 1 1]
 [1 1 0 1 1 1 1 0 1 0]
 [1 1 1 1 1 1 1 1 1 0]
 [1 1 1 1 0 1 1 1 1 0]
 [0 1 1 1 1 0 1 0 1 1]
 [0 1 0 0 0 1 1 1 0 0]
 [1 1 1 1 1 1 1 1 1 1]
 [1 1 1 0 1 1 1 0 1 0]
 [1 1 1 1 1 0 1 1 0 1]
 [0 1 1 1 0 1 0 0 1 1]
 [1 1 1 1 1 1 1 1 1 1]
 [1 1 0 1 1 0 1 1 0 1]
 [0 1 1 0 1 1 1 0 1 1]
 [0 1 1 1 1 1 1 1 0 1]
 [0 1 1 1 1 0 1 1 1 1]
 [1 0 0 1 0 1 1 1 1 0]
 [0 1 0 1 1 1 1 0 1 1]
 [1 0 0 1 1 1 1 1 1 1]
 [1 1 1 1 1 1 1 1 0 1]
 [1 1 1 1 1 1 1 1 1 1]
 [0 1 1 1 1 1 1 1 1 0]
 [1 1 1 1 1 1 1 1 1 1]
 [0 1 0 1 1 1 0 1 1 1]
 [1 0 0 1 0 1 0 1 1 1]
 [1 0 1 0 0 1 0 1 1 1]
 [1 1 1 1 1 0 0 0 0 1]
 [1 1 1 1 1 1 1 1 0 1]
 [1 1 0 1 0 1 1 0 0 1]
 [1 0 1 1 1 1 1 1 1 1]]
{'restarts': 99, 'conflicts': 43535, 'decisions': 67735, 'propagations': 16145504}
Q is identifiable
branch at 6
runtime for solving id of Q is 3.3340675067156553
Simulation results:
{'J': 50, 'K': 10, 'N': 10, 'p': 0.7, 'seed': 364, 'sim': 7, 'runtime': 3.3340675067156553, 'identifiable': 1, 'branch': 6}
8
Q: [[1 0 1 1 1 1 1 1 1 1]
 [1 1 0 0 1 1 1 1 1 0]
 [1 1 0 1 1 1 0 1 1 1]
 [1 0 0 0 1 0 1 1 1 1]
 [0 1 1 1 1 1 0 1 1 1]
 [1 0 1 0 1 1 0 1 1 1]
 [1 0 1 1 1 1 1 1 1 1]
 [1 1 0 0 1 1 0 1 1 1]
 [0 1 1 1 1 1 0 1 0 1]
 [0 1 0 1 1 1 1 1 0 0]
 [0 1 1 0 1 1 0 1 0 1]
 [0 1 0 1 0 1 1 1 0 1]
 [1 1 1 1 1 0 0 1 0 1]
 [1 1 0 0 0 1 1 0 0 1]
 [1 1 1 0 1 1 1 1 1 1]
 [1 0 0 1 1 1 1 1 1 1]
 [0 1 1 1 1 1 1 1 1 1]
 [1 1 1 0 0 1 1 1 1 0]
 [1 0 0 1 1 1 1 1 1 0]
 [1 1 1 1 1 0 0 1 0 1]
 [1 1 0 1 0 0 0 1 1 1]
 [0 0 1 1 1 1 1 1 0 1]
 [1 1 1 1 1 1 1 1 0 0]
 [1 0 1 1 1 0 1 0 1 1]
 [1 1 0 1 1 1 0 0 1 0]
 [1 1 1 1 1 0 1 0 0 1]
 [1 1 1 1 1 1 1 0 1 1]
 [1 1 1 0 1 1 1 1 1 0]
 [1 1 0 1 0 0 1 1 1 1]
 [1 0 0 1 1 1 1 0 0 1]
 [1 1 0 1 1 0 1 0 1 0]
 [1 0 1 1 0 0 1 1 1 0]
 [1 0 0 1 0 0 0 0 1 1]
 [0 1 1 1 0 1 1 0 1 1]
 [1 1 1 0 1 0 0 1 1 1]
 [1 1 1 1 0 1 1 0 1 1]
 [1 1 1 1 1 1 0 1 1 0]
 [0 1 0 0 0 1 0 1 0 0]
 [1 1 1 1 0 1 0 1 0 0]
 [1 0 1 0 0 1 1 1 1 0]
 [1 1 0 1 0 1 1 1 1 0]
 [1 0 0 0 1 0 0 1 1 1]
 [0 1 1 1 0 1 1 1 0 1]
 [0 0 0 1 1 0 0 0 1 0]
 [1 0 1 1 1 1 1 0 1 1]
 [1 1 1 1 1 0 1 0 1 1]
 [1 1 1 0 1 0 0 1 1 1]
 [1 1 1 0 1 0 1 1 1 1]
 [1 1 1 1 1 1 0 1 0 1]
 [1 1 0 0 1 1 1 0 1 1]]
{'restarts': 40, 'conflicts': 16816, 'decisions': 27400, 'propagations': 7644060}
Q is identifiable
branch at 6
runtime for solving id of Q is 1.166028631851077
Simulation results:
{'J': 50, 'K': 10, 'N': 10, 'p': 0.7, 'seed': 364, 'sim': 8, 'runtime': 1.166028631851077, 'identifiable': 1, 'branch': 6}
9
Q: [[1 1 1 0 1 1 0 1 1 0]
 [0 1 1 1 1 1 1 1 0 1]
 [1 1 0 1 1 1 1 1 1 0]
 [1 1 1 1 1 0 0 0 0 1]
 [1 1 0 0 1 0 0 1 1 1]
 [1 0 1 1 0 1 1 1 0 1]
 [1 1 1 1 1 1 0 1 0 0]
 [1 1 1 1 0 1 0 1 1 1]
 [1 0 1 1 1 1 1 1 1 1]
 [1 1 1 1 1 0 1 1 1 1]
 [0 1 0 1 1 1 0 1 1 1]
 [1 0 1 1 1 1 1 1 1 0]
 [0 0 1 1 1 1 1 1 1 1]
 [1 0 1 0 1 0 0 0 1 1]
 [0 0 0 1 0 1 1 1 1 1]
 [1 1 1 1 0 1 1 0 0 0]
 [1 1 1 0 1 1 1 1 0 1]
 [1 1 0 1 1 1 1 1 1 1]
 [1 1 1 1 1 1 1 1 1 0]
 [1 0 1 1 1 0 1 1 0 1]
 [1 0 1 0 1 0 1 0 0 1]
 [1 1 1 0 0 0 1 1 1 0]
 [1 0 0 1 1 1 1 0 0 1]
 [0 1 1 0 1 0 1 1 0 1]
 [0 1 1 1 1 0 1 1 1 1]
 [1 1 1 1 1 1 1 1 1 1]
 [0 1 1 1 1 1 1 0 1 1]
 [1 1 1 1 1 1 1 0 1 0]
 [1 0 0 1 1 1 1 1 0 1]
 [1 0 1 1 1 1 1 1 0 0]
 [1 1 1 1 0 1 1 1 1 1]
 [1 1 1 0 1 1 1 0 0 1]
 [0 1 0 1 1 0 1 1 1 1]
 [1 1 1 0 1 1 0 0 0 1]
 [1 1 1 1 1 0 1 1 1 1]
 [0 0 1 1 1 0 1 1 0 0]
 [1 0 1 1 0 0 0 1 0 1]
 [1 1 1 1 1 0 1 1 1 1]
 [1 1 1 1 0 1 1 1 1 1]
 [0 0 1 1 1 1 0 1 1 1]
 [1 1 1 0 0 1 0 1 0 0]
 [1 1 1 1 0 1 0 1 1 1]
 [1 0 1 1 0 1 1 0 1 1]
 [0 1 1 0 1 1 1 0 1 1]
 [1 0 1 1 1 1 1 1 0 0]
 [0 1 0 1 1 0 0 1 0 0]
 [0 0 0 1 1 1 1 1 1 1]
 [1 0 0 1 1 1 1 1 1 1]
 [1 0 1 0 0 1 1 1 0 1]
 [1 1 0 1 1 1 1 0 1 1]]
{'restarts': 267, 'conflicts': 97780, 'decisions': 135999, 'propagations': 47791142}
Q is identifiable
branch at 6
runtime for solving id of Q is 10.206254194490612
Simulation results:
{'J': 50, 'K': 10, 'N': 10, 'p': 0.7, 'seed': 364, 'sim': 9, 'runtime': 10.206254194490612, 'identifiable': 1, 'branch': 6}
Simulation results:
[{'J': 50, 'K': 10, 'N': 10, 'p': 0.7, 'seed': 364, 'sim': 0, 'runtime': 2.0229188995435834, 'identifiable': 1, 'branch': 6}, {'J': 50, 'K': 10, 'N': 10, 'p': 0.7, 'seed': 364, 'sim': 1, 'runtime': 1.0544190984219313, 'identifiable': 1, 'branch': 6}, {'J': 50, 'K': 10, 'N': 10, 'p': 0.7, 'seed': 364, 'sim': 2, 'runtime': 11.323619556613266, 'identifiable': 1, 'branch': 6}, {'J': 50, 'K': 10, 'N': 10, 'p': 0.7, 'seed': 364, 'sim': 3, 'runtime': 38.107328043319285, 'identifiable': 1, 'branch': 6}, {'J': 50, 'K': 10, 'N': 10, 'p': 0.7, 'seed': 364, 'sim': 4, 'runtime': 0.5573510667309165, 'identifiable': 1, 'branch': 6}, {'J': 50, 'K': 10, 'N': 10, 'p': 0.7, 'seed': 364, 'sim': 5, 'runtime': 0.7193286828696728, 'identifiable': 1, 'branch': 6}, {'J': 50, 'K': 10, 'N': 10, 'p': 0.7, 'seed': 364, 'sim': 6, 'runtime': 2.242762139067054, 'identifiable': 1, 'branch': 6}, {'J': 50, 'K': 10, 'N': 10, 'p': 0.7, 'seed': 364, 'sim': 7, 'runtime': 3.3340675067156553, 'identifiable': 1, 'branch': 6}, {'J': 50, 'K': 10, 'N': 10, 'p': 0.7, 'seed': 364, 'sim': 8, 'runtime': 1.166028631851077, 'identifiable': 1, 'branch': 6}, {'J': 50, 'K': 10, 'N': 10, 'p': 0.7, 'seed': 364, 'sim': 9, 'runtime': 10.206254194490612, 'identifiable': 1, 'branch': 6}]
