
The Gurobi software has a limited number of licenses. To request a license or
licenses, add this line

    #SBATCH --licenses=gurobi@slurmdb:1

to your SBATCH script, replacing N with the number of licenses you need. Gurobi
will need one license per process.


0
Q: [[1 1 1 1 1 1 1 1 0 1 0 1 1 0 1]
 [1 1 1 1 1 1 0 0 1 0 1 1 1 1 1]
 [1 0 1 1 1 1 1 1 1 1 1 0 1 1 0]
 [1 1 1 0 0 1 1 0 1 0 0 0 0 0 1]
 [0 1 0 1 0 0 1 1 1 1 0 1 1 1 1]
 [1 1 1 1 0 0 0 1 1 1 0 1 0 1 1]
 [0 1 0 1 1 1 0 1 0 1 1 0 1 1 1]
 [1 1 1 0 1 1 1 1 1 1 1 0 1 0 1]
 [1 1 1 1 1 1 1 1 1 1 1 1 1 1 1]
 [0 1 1 1 1 1 1 0 1 1 1 1 1 1 1]
 [0 0 1 1 0 1 1 0 1 0 1 0 1 1 1]
 [1 1 1 1 1 1 1 0 1 0 0 0 1 1 1]
 [1 1 0 1 1 1 1 1 0 1 1 0 0 1 1]
 [1 1 1 0 1 0 1 1 1 1 1 1 1 1 1]
 [0 0 1 1 0 1 1 1 1 1 1 1 0 1 0]
 [0 1 0 1 1 0 1 0 1 1 1 0 0 1 0]
 [1 0 0 0 1 1 1 1 1 1 0 0 1 1 1]
 [1 1 0 0 1 0 0 1 1 0 1 1 1 1 1]
 [1 1 1 1 0 1 0 0 0 1 1 0 0 1 0]
 [1 1 0 0 1 1 1 1 0 0 0 0 1 0 1]
 [1 1 1 1 1 1 0 1 1 1 0 1 0 1 1]
 [1 0 1 0 1 1 1 1 1 1 1 1 1 1 1]
 [1 1 0 0 0 1 0 1 1 1 0 1 1 1 1]
 [1 1 0 0 1 1 1 1 1 1 1 0 1 1 1]
 [1 1 0 1 1 0 1 1 0 1 1 0 1 1 1]
 [1 0 1 1 1 0 1 1 0 0 0 0 1 1 1]
 [1 0 0 0 1 1 1 1 0 1 0 1 0 1 0]
 [1 0 1 0 0 1 1 1 0 1 1 1 0 1 1]
 [1 1 1 1 0 0 0 1 1 0 1 1 0 1 1]
 [1 0 0 1 1 0 0 1 1 0 1 1 1 0 1]]
Q is not identifiable (three-column submatrix not identifiable).
Q is not identifiable, and Q_bar is [[1 1 1 1 1 1 1 1 0 1 0 1 1 0 1]
 [1 1 1 1 1 1 0 0 1 0 1 1 1 1 1]
 [1 0 1 1 1 1 1 1 1 1 1 0 1 1 0]
 [1 1 1 0 0 1 1 0 1 0 0 0 0 0 1]
 [0 1 0 1 0 0 1 1 1 1 0 1 1 1 1]
 [1 1 1 1 0 0 0 1 1 1 0 1 0 1 1]
 [0 1 0 1 1 1 0 1 0 1 1 0 1 1 1]
 [1 1 1 0 1 1 1 1 1 1 1 0 1 0 1]
 [1 1 1 1 1 1 1 1 1 1 1 1 1 1 1]
 [0 1 1 1 1 1 1 0 1 1 1 1 1 1 1]
 [0 1 1 1 0 1 0 0 1 0 1 0 1 0 1]
 [1 1 1 1 1 1 1 0 1 0 0 0 1 1 1]
 [1 1 0 1 1 1 1 1 0 1 1 0 0 1 1]
 [1 1 1 0 1 0 1 1 1 1 1 1 1 1 1]
 [0 0 1 1 0 1 1 1 1 1 1 1 0 1 0]
 [0 1 0 1 1 0 1 0 1 1 1 0 0 1 0]
 [1 0 0 0 1 1 1 1 1 1 0 0 1 1 1]
 [1 1 0 0 1 0 0 1 1 0 1 1 1 1 1]
 [1 1 1 1 0 1 0 0 0 1 1 0 0 1 0]
 [1 1 0 0 1 1 1 1 0 0 0 0 1 0 1]
 [1 1 1 1 1 1 0 1 1 1 0 1 0 1 1]
 [1 0 1 0 1 1 1 1 1 1 1 1 1 1 1]
 [1 1 0 0 0 1 0 1 1 1 0 1 1 1 1]
 [1 1 0 0 1 1 1 1 1 1 1 0 1 1 1]
 [1 1 0 1 1 0 1 1 0 1 1 0 1 1 1]
 [1 0 1 1 1 0 1 1 0 0 0 0 1 1 1]
 [1 0 0 0 1 1 1 1 0 1 0 1 0 1 0]
 [1 0 1 0 0 1 1 1 0 1 1 1 0 1 1]
 [1 1 1 1 0 0 0 1 1 0 1 1 0 1 1]
 [1 0 0 1 1 0 0 1 1 0 1 1 1 0 1]]
branch at 3
runtime for solving id of Q is 0.008390259929001331
Simulation results:
{'J': 30, 'K': 15, 'N': 10, 'p': 0.6667, 'seed': 85, 'sim': 0, 'runtime': 0.008390259929001331, 'identifiable': 0, 'branch': 3}
1
Q: [[1 1 1 0 0 0 1 1 1 1 1 1 1 0 0]
 [1 0 1 1 1 0 1 0 0 0 1 1 1 1 0]
 [1 0 0 1 1 1 1 0 1 1 0 0 0 1 0]
 [1 1 1 1 1 1 1 1 1 1 0 1 0 0 0]
 [0 0 1 0 0 1 1 1 0 0 1 1 1 0 1]
 [0 0 0 0 1 1 1 0 1 0 1 0 1 0 0]
 [1 1 1 1 1 0 1 1 0 0 1 1 1 1 1]
 [0 0 1 1 1 0 0 1 0 1 0 1 1 1 1]
 [1 1 0 1 0 0 1 1 1 1 1 1 0 0 1]
 [1 0 1 0 1 0 0 0 1 0 1 1 0 0 1]
 [0 0 1 1 0 1 1 1 1 0 0 1 0 1 1]
 [1 1 1 1 1 0 1 1 1 1 1 0 1 0 0]
 [1 1 1 1 1 0 1 0 1 1 0 0 0 1 1]
 [1 1 1 0 1 0 0 0 1 0 1 1 0 1 1]
 [0 1 1 1 1 0 1 0 0 1 1 0 0 0 1]
 [1 0 0 0 1 1 1 0 1 1 1 0 0 1 1]
 [1 1 1 1 1 1 1 0 0 1 1 0 1 1 0]
 [1 0 0 0 1 0 1 1 0 0 1 1 0 1 1]
 [1 1 1 1 1 1 1 1 0 1 1 0 1 1 0]
 [0 1 0 1 0 1 1 0 1 0 0 1 1 1 1]
 [0 1 0 0 0 0 0 0 1 1 1 0 1 1 0]
 [0 1 0 0 1 1 1 1 1 1 1 1 0 1 0]
 [0 1 0 0 1 0 1 0 1 0 1 0 1 1 1]
 [1 0 0 0 0 0 0 1 1 0 0 1 1 0 1]
 [1 1 0 1 0 1 1 1 1 1 1 1 1 1 1]
 [1 0 0 0 1 1 1 0 0 0 1 1 1 1 0]
 [0 0 1 1 1 0 0 1 0 0 1 1 0 1 1]
 [0 1 1 1 1 1 1 1 1 1 1 1 1 1 1]
 [1 1 1 1 0 0 1 1 1 0 1 1 0 0 1]
 [1 0 1 0 1 1 1 1 0 1 1 0 1 1 1]]
Q is not identifiable (two-column submatrix not identifiable).
Q is not identifiable, and Q_bar is [[1 1 1 0 0 0 1 1 1 1 1 1 1 0 0]
 [1 0 1 1 1 0 1 0 0 0 1 1 1 1 0]
 [1 0 0 1 1 1 0 0 1 1 0 0 0 1 0]
 [1 1 1 1 1 1 0 1 1 1 0 1 0 0 0]
 [0 0 1 0 0 1 0 1 0 0 1 1 1 0 1]
 [0 0 0 0 1 1 0 0 1 0 1 0 1 0 0]
 [1 1 1 1 1 0 1 1 0 0 1 1 1 1 1]
 [0 0 1 1 1 0 0 1 0 1 0 1 1 1 1]
 [1 1 0 1 0 0 1 1 1 1 1 1 0 0 1]
 [1 0 1 0 1 0 0 0 1 0 1 1 0 0 1]
 [0 0 1 1 0 1 0 1 1 0 0 1 0 1 1]
 [1 1 1 1 1 0 1 1 1 1 1 0 1 0 0]
 [1 1 1 1 1 0 1 0 1 1 0 0 0 1 1]
 [1 1 1 0 1 0 0 0 1 0 1 1 0 1 1]
 [0 1 1 1 1 0 1 0 0 1 1 0 0 0 1]
 [1 0 0 0 1 1 0 0 1 1 1 0 0 1 1]
 [1 1 1 1 1 1 0 0 0 1 1 0 1 1 0]
 [1 0 0 0 1 0 1 1 0 0 1 1 0 1 1]
 [1 1 1 1 1 1 0 1 0 1 1 0 1 1 0]
 [0 1 0 1 0 1 0 0 1 0 0 1 1 1 1]
 [0 1 0 0 0 0 0 0 1 1 1 0 1 1 0]
 [0 1 0 0 1 1 0 1 1 1 1 1 0 1 0]
 [0 1 0 0 1 0 1 0 1 0 1 0 1 1 1]
 [1 0 0 0 0 0 0 1 1 0 0 1 1 0 1]
 [1 1 0 1 0 1 0 1 1 1 1 1 1 1 1]
 [1 0 0 0 1 1 0 0 0 0 1 1 1 1 0]
 [0 0 1 1 1 0 0 1 0 0 1 1 0 1 1]
 [0 1 1 1 1 1 0 1 1 1 1 1 1 1 1]
 [1 1 1 1 0 0 1 1 1 0 1 1 0 0 1]
 [1 0 1 0 1 1 0 1 0 1 1 0 1 1 1]]
branch at 2
runtime for solving id of Q is 0.007575838826596737
Simulation results:
{'J': 30, 'K': 15, 'N': 10, 'p': 0.6667, 'seed': 85, 'sim': 1, 'runtime': 0.007575838826596737, 'identifiable': 0, 'branch': 2}
2
Q: [[1 0 1 0 0 1 1 0 1 0 1 1 1 1 0]
 [1 0 1 1 1 1 0 1 0 1 0 1 1 1 0]
 [0 1 1 1 0 1 0 1 0 0 1 0 1 1 1]
 [1 0 1 1 0 1 0 0 1 0 0 0 1 1 1]
 [1 1 1 1 1 1 0 0 1 0 1 0 1 0 1]
 [0 1 1 1 1 1 1 1 1 0 1 1 1 0 1]
 [0 0 1 1 1 1 1 1 1 0 1 0 1 1 0]
 [1 0 1 0 1 0 0 0 0 1 1 0 1 1 1]
 [1 0 1 1 1 1 0 1 1 1 1 1 1 1 1]
 [0 0 1 1 1 1 0 1 1 1 0 1 1 1 1]
 [0 0 1 1 1 1 0 1 1 0 0 1 1 0 0]
 [0 1 0 1 1 0 1 1 1 1 1 1 0 0 0]
 [1 1 1 1 0 0 1 0 1 1 1 1 1 1 1]
 [1 0 1 1 1 1 1 1 0 1 0 1 1 1 1]
 [1 1 1 0 1 0 0 1 1 1 0 1 1 1 1]
 [1 0 1 1 1 1 1 1 1 0 1 1 1 1 1]
 [1 1 1 1 0 0 1 0 1 1 0 0 1 0 1]
 [0 1 1 0 0 1 0 1 1 1 1 1 1 0 1]
 [0 1 1 1 0 0 1 1 0 1 1 1 1 0 0]
 [0 1 1 0 1 1 1 0 1 1 0 1 1 1 0]
 [0 1 1 1 0 1 0 1 1 0 1 1 0 1 0]
 [0 1 1 0 1 1 0 1 1 0 1 1 1 0 1]
 [0 1 1 0 0 1 0 1 1 1 0 1 1 1 1]
 [1 1 0 1 0 1 1 0 1 0 1 1 0 0 0]
 [0 1 0 1 1 1 1 1 1 0 1 1 1 0 0]
 [1 0 0 1 1 1 0 1 1 1 1 0 1 1 1]
 [0 0 0 1 0 0 1 0 1 1 1 1 1 1 1]
 [1 1 1 1 0 0 1 1 0 1 0 1 1 0 1]
 [1 0 0 1 1 1 0 0 1 0 1 1 1 1 1]
 [0 1 0 1 1 1 1 0 1 0 1 1 1 1 1]]
Q is not identifiable (two-column submatrix not identifiable).
Q is not identifiable, and Q_bar is [[1 0 1 0 0 1 1 0 1 0 1 1 1 1 0]
 [1 0 1 1 1 1 0 1 0 1 0 1 1 1 0]
 [0 1 1 1 0 1 0 1 0 0 1 0 0 1 1]
 [1 0 1 1 0 1 0 0 1 0 0 0 0 1 1]
 [1 1 1 1 1 1 0 0 1 0 1 0 0 0 1]
 [0 1 1 1 1 1 1 1 1 0 1 1 1 0 1]
 [0 0 1 1 1 1 1 1 1 0 1 0 1 1 0]
 [1 0 1 0 1 0 0 0 0 1 1 0 0 1 1]
 [1 0 1 1 1 1 0 1 1 1 1 1 0 1 1]
 [0 0 1 1 1 1 0 1 1 1 0 1 0 1 1]
 [0 0 1 1 1 1 0 1 1 0 0 1 1 0 0]
 [0 1 0 1 1 0 1 1 1 1 1 1 0 0 0]
 [1 1 1 1 0 0 1 0 1 1 1 1 0 1 1]
 [1 0 1 1 1 1 1 1 0 1 0 1 0 1 1]
 [1 1 1 0 1 0 0 1 1 1 0 1 0 1 1]
 [1 0 1 1 1 1 1 1 1 0 1 1 1 1 1]
 [1 1 1 1 0 0 1 0 1 1 0 0 0 0 1]
 [0 1 1 0 0 1 0 1 1 1 1 1 0 0 1]
 [0 1 1 1 0 0 1 1 0 1 1 1 1 0 0]
 [0 1 1 0 1 1 1 0 1 1 0 1 1 1 0]
 [0 1 1 1 0 1 0 1 1 0 1 1 0 1 0]
 [0 1 1 0 1 1 0 1 1 0 1 1 0 0 1]
 [0 1 1 0 0 1 0 1 1 1 0 1 0 1 1]
 [1 1 0 1 0 1 1 0 1 0 1 1 0 0 0]
 [0 1 0 1 1 1 1 1 1 0 1 1 1 0 0]
 [1 0 0 1 1 1 0 1 1 1 1 0 0 1 1]
 [0 0 0 1 0 0 1 0 1 1 1 1 0 1 1]
 [1 1 1 1 0 0 1 1 0 1 0 1 0 0 1]
 [1 0 0 1 1 1 0 0 1 0 1 1 0 1 1]
 [0 1 0 1 1 1 1 0 1 0 1 1 0 1 1]]
branch at 2
runtime for solving id of Q is 0.005354989320039749
Simulation results:
{'J': 30, 'K': 15, 'N': 10, 'p': 0.6667, 'seed': 85, 'sim': 2, 'runtime': 0.005354989320039749, 'identifiable': 0, 'branch': 2}
3
Q: [[0 1 0 0 1 1 1 1 1 1 1 0 1 0 1]
 [1 1 0 1 1 0 1 1 1 1 0 1 1 0 1]
 [1 1 1 1 1 0 1 0 1 1 0 1 1 1 0]
 [0 1 0 1 0 1 0 0 1 1 1 1 1 0 1]
 [1 0 1 1 1 1 1 1 1 1 0 0 0 1 1]
 [0 1 1 0 1 1 1 1 1 1 1 1 1 1 0]
 [0 0 1 1 0 1 1 1 1 1 1 0 1 0 0]
 [1 0 1 1 1 1 1 0 0 1 0 0 1 0 1]
 [1 1 0 0 1 0 1 1 1 1 1 1 0 1 1]
 [0 1 1 1 1 0 1 1 0 1 0 0 1 0 1]
 [1 1 1 0 1 1 0 0 1 1 1 1 1 0 1]
 [0 1 0 0 1 1 0 1 0 1 0 0 1 0 1]
 [0 0 1 0 1 1 1 0 0 0 0 0 1 1 1]
 [1 1 0 0 1 1 1 1 0 1 1 1 1 1 0]
 [1 1 1 1 1 1 0 1 0 1 1 0 1 1 0]
 [0 1 1 1 0 0 1 0 1 1 1 1 1 1 1]
 [1 0 0 0 1 1 0 0 1 1 1 1 1 1 1]
 [0 1 1 1 1 1 1 1 1 0 0 1 0 1 1]
 [1 1 1 1 0 1 0 1 1 1 1 1 1 1 1]
 [0 1 1 1 0 1 1 0 0 1 1 1 1 1 0]
 [1 0 1 0 0 1 0 1 0 1 0 1 1 0 0]
 [0 1 1 1 0 1 0 0 0 0 1 1 0 1 1]
 [1 1 1 1 0 1 1 1 1 1 1 1 0 0 0]
 [1 1 0 0 1 1 1 0 1 0 0 1 1 1 1]
 [1 1 0 1 0 1 1 1 1 1 1 0 0 1 1]
 [1 0 0 0 1 0 1 1 1 0 1 0 1 1 0]
 [1 0 1 0 1 0 1 0 1 1 1 1 1 1 1]
 [1 1 1 1 0 0 0 1 0 0 1 0 1 1 1]
 [1 0 1 0 1 1 1 1 1 0 0 1 1 0 0]
 [0 1 1 1 1 1 0 0 1 1 1 0 1 1 1]]
{'restarts': 2187, 'conflicts': 425686, 'decisions': 1004882, 'propagations': 1821356240}
Q is not identifiable, and Q_bar is [[0 1 1 1 0 1 0 1 0 1 1 0 1 1 1]
 [1 0 1 1 0 1 0 0 1 1 1 1 0 1 1]
 [1 0 0 1 1 1 1 0 1 0 1 1 0 1 1]
 [0 0 1 1 0 0 0 1 1 0 1 1 1 1 0]
 [1 1 1 0 1 0 1 0 1 0 0 0 1 1 1]
 [0 0 0 1 1 1 1 1 0 1 1 1 1 1 1]
 [0 0 0 0 0 1 1 1 1 1 1 0 1 1 0]
 [1 0 1 0 0 1 1 0 1 0 0 0 1 1 1]
 [1 1 1 1 1 0 0 1 0 0 0 1 0 1 1]
 [0 0 1 1 0 1 1 0 1 1 0 0 0 1 1]
 [1 0 1 1 0 0 1 1 0 0 1 1 1 1 1]
 [0 0 1 1 0 0 0 0 0 1 0 0 1 1 1]
 [0 0 1 0 1 1 1 0 0 0 0 0 1 0 1]
 [1 0 0 1 1 1 0 1 0 1 0 1 1 1 1]
 [1 0 0 1 1 0 1 1 1 1 0 0 1 1 1]
 [0 0 1 1 1 1 1 1 1 0 1 1 0 1 0]
 [1 0 1 0 1 0 0 1 0 0 1 1 1 1 1]
 [0 1 1 1 1 0 1 0 1 0 0 1 1 0 1]
 [1 0 1 1 1 0 1 1 1 1 1 1 1 1 0]
 [0 0 0 1 1 1 1 1 1 0 0 1 1 1 0]
 [1 0 0 0 0 0 1 0 0 1 0 1 1 1 0]
 [0 0 1 1 1 0 1 1 1 0 0 1 1 0 0]
 [1 1 0 1 0 0 1 1 1 0 0 1 1 1 0]
 [1 0 1 1 1 1 0 0 0 0 1 1 1 0 1]
 [1 1 1 1 1 0 0 1 1 0 0 0 1 1 0]
 [1 0 0 0 1 1 0 1 0 1 1 0 0 0 1]
 [1 0 1 0 1 1 1 1 0 0 1 1 0 1 1]
 [1 0 1 1 1 0 1 1 1 1 0 0 0 0 0]
 [1 0 0 0 0 1 1 0 0 1 1 1 1 0 1]
 [0 0 1 1 1 0 1 1 1 0 1 0 1 1 1]]
branch at 5
runtime for solving id of Q is 415.0422675628215
Simulation results:
{'J': 30, 'K': 15, 'N': 10, 'p': 0.6667, 'seed': 85, 'sim': 3, 'runtime': 415.0422675628215, 'identifiable': 0, 'branch': 5}
4
Q: [[0 1 1 1 0 1 0 1 1 1 0 0 1 0 1]
 [0 1 1 0 0 1 1 0 0 1 0 0 1 1 1]
 [0 1 1 1 0 1 1 0 0 1 0 1 1 1 1]
 [1 0 0 1 0 1 1 0 1 1 1 1 1 0 0]
 [1 1 0 1 1 1 1 1 0 1 1 1 0 0 1]
 [0 1 0 1 0 1 1 1 1 1 0 0 0 1 1]
 [1 1 0 1 0 0 0 1 1 0 1 1 1 1 0]
 [0 1 1 0 0 1 1 1 1 0 1 0 1 0 1]
 [1 1 1 1 0 1 1 1 1 0 0 0 1 0 1]
 [0 1 0 0 0 1 0 1 0 1 1 0 1 1 1]
 [1 0 1 1 1 1 0 1 1 1 0 1 1 1 1]
 [0 0 0 1 0 1 1 1 0 1 1 1 1 1 0]
 [1 0 1 1 1 0 0 1 1 1 0 1 1 0 0]
 [1 1 0 1 1 1 1 0 1 0 1 1 1 0 0]
 [1 1 1 1 0 1 0 1 1 0 1 1 1 1 0]
 [1 1 1 1 1 1 1 1 1 0 0 0 0 1 1]
 [1 1 1 1 0 1 0 0 1 0 1 0 1 1 1]
 [1 1 0 1 1 1 1 0 0 1 0 1 1 1 1]
 [1 1 0 0 1 1 1 1 1 1 0 1 1 0 1]
 [0 1 0 1 1 1 1 1 1 1 1 0 0 1 1]
 [1 1 0 1 0 1 1 0 1 1 1 1 0 1 0]
 [1 1 1 1 1 0 1 0 1 0 1 1 1 1 0]
 [1 0 1 1 0 1 0 1 1 1 1 1 0 0 1]
 [1 0 1 0 1 0 0 1 0 0 1 0 1 0 0]
 [1 0 1 1 0 1 1 1 1 1 1 0 0 1 0]
 [0 1 0 1 1 1 0 1 0 1 1 1 1 0 1]
 [1 1 0 1 1 1 1 1 1 1 1 1 1 1 1]
 [0 0 1 1 0 1 0 1 0 1 1 0 1 0 1]
 [1 0 1 1 1 1 1 0 1 1 1 1 1 0 0]
 [1 1 1 1 1 0 0 1 0 1 1 0 1 1 1]]
Q is not identifiable (three-column submatrix not identifiable).
Q is not identifiable, and Q_bar is [[0 1 1 1 0 1 0 1 1 1 0 0 1 0 1]
 [0 1 1 0 0 1 1 0 0 1 0 0 1 1 1]
 [0 1 1 1 0 1 1 0 0 1 0 1 1 1 1]
 [1 0 0 1 0 1 1 0 1 1 1 1 1 0 0]
 [1 1 0 1 1 1 1 1 0 1 1 1 0 0 1]
 [0 1 0 1 0 1 1 1 1 1 0 0 0 1 1]
 [1 1 0 1 0 0 0 1 1 0 1 1 1 1 0]
 [0 1 1 0 0 1 1 1 1 0 1 0 1 0 1]
 [1 1 1 1 0 1 1 1 1 0 0 0 1 0 1]
 [0 1 0 0 0 1 0 1 0 1 1 0 1 1 1]
 [1 0 1 1 1 1 0 1 1 1 0 1 1 1 1]
 [0 0 0 1 0 1 1 1 0 1 0 1 1 1 0]
 [1 0 1 1 1 0 0 1 1 1 0 1 1 0 0]
 [1 1 0 1 1 1 1 0 1 0 1 1 1 0 0]
 [1 1 1 1 0 1 0 1 1 0 1 1 1 1 0]
 [1 1 1 1 1 1 1 1 1 0 0 0 0 1 1]
 [1 1 1 1 0 1 0 0 1 0 1 0 1 1 1]
 [1 1 0 1 1 1 1 0 0 1 0 1 1 1 1]
 [1 1 0 0 1 1 1 1 1 1 0 1 1 0 1]
 [0 1 0 1 1 1 1 1 1 1 1 0 0 1 1]
 [1 1 0 1 0 1 1 0 1 1 1 1 0 1 0]
 [1 1 1 1 1 0 1 0 1 0 1 1 1 1 0]
 [1 0 1 1 0 1 0 1 1 1 1 1 0 0 1]
 [1 0 1 0 1 0 0 1 0 0 1 0 1 0 0]
 [1 0 1 1 0 1 1 1 1 1 1 0 0 1 0]
 [0 1 0 1 1 1 0 1 0 1 1 1 1 0 1]
 [1 1 0 1 1 1 1 1 1 1 1 1 1 1 1]
 [0 0 1 1 0 1 0 1 0 1 1 0 1 0 1]
 [1 0 1 1 1 1 1 0 1 1 1 1 1 0 0]
 [1 1 1 1 1 0 0 1 0 1 1 0 1 1 1]]
branch at 3
runtime for solving id of Q is 0.01057816855609417
Simulation results:
{'J': 30, 'K': 15, 'N': 10, 'p': 0.6667, 'seed': 85, 'sim': 4, 'runtime': 0.01057816855609417, 'identifiable': 0, 'branch': 3}
5
Q: [[1 1 1 1 1 0 0 0 1 1 1 1 0 0 0]
 [1 0 1 1 1 0 1 0 1 1 0 1 0 1 1]
 [1 1 1 1 1 1 1 1 1 0 1 1 1 1 1]
 [1 1 0 0 1 0 1 1 0 1 1 1 1 0 1]
 [1 1 1 1 1 1 0 1 1 1 0 1 0 1 1]
 [1 1 1 0 1 1 0 1 1 1 1 1 1 1 1]
 [1 1 0 1 0 1 1 1 1 1 1 1 0 1 1]
 [1 1 1 0 1 1 1 1 1 1 1 0 0 1 1]
 [1 0 1 1 1 0 1 0 1 1 1 1 1 0 1]
 [1 1 1 1 1 1 0 1 1 1 1 1 1 0 0]
 [1 0 1 1 1 0 0 1 1 1 1 0 1 1 0]
 [1 1 0 0 0 1 1 0 0 1 1 1 1 0 1]
 [1 0 1 1 1 0 1 1 1 1 1 1 0 1 1]
 [1 0 0 0 1 1 1 0 1 1 0 1 0 0 1]
 [1 0 1 1 0 1 1 0 1 0 0 1 1 1 1]
 [0 0 1 1 1 0 1 1 0 0 1 1 0 1 0]
 [0 1 1 1 0 1 1 1 0 1 0 1 0 0 0]
 [1 0 1 0 1 0 1 1 0 0 1 1 1 1 1]
 [1 1 1 1 1 1 1 1 0 1 1 1 1 1 1]
 [1 1 0 1 1 0 1 1 1 1 1 1 1 0 1]
 [0 1 0 1 1 0 1 0 0 1 1 1 1 0 0]
 [1 0 0 1 0 1 1 1 1 1 1 1 1 1 1]
 [0 1 1 0 0 1 1 0 1 1 1 0 1 1 0]
 [1 1 0 1 1 1 0 1 1 1 0 1 1 0 1]
 [1 1 1 0 1 0 0 1 0 1 1 0 0 1 0]
 [0 1 1 0 1 0 0 0 1 1 1 0 1 1 0]
 [1 1 1 1 0 1 1 0 1 1 1 1 1 1 1]
 [1 1 1 0 1 0 1 1 1 0 0 1 1 0 0]
 [1 1 1 1 1 1 1 0 1 1 1 1 1 0 1]
 [1 1 1 1 0 1 1 0 1 1 1 0 1 1 0]]
Q is not identifiable (two-column submatrix not identifiable).
Q is not identifiable, and Q_bar is [[1 1 1 1 1 0 0 0 1 1 1 1 0 0 0]
 [0 0 1 1 1 0 1 0 1 1 0 1 0 1 1]
 [1 1 1 1 1 1 1 1 1 0 1 1 1 1 1]
 [0 1 0 0 1 0 1 1 0 1 1 1 1 0 1]
 [0 1 1 1 1 1 0 1 1 1 0 1 0 1 1]
 [0 1 1 0 1 1 0 1 1 1 1 1 1 1 1]
 [0 1 0 1 0 1 1 1 1 1 1 1 0 1 1]
 [0 1 1 0 1 1 1 1 1 1 1 0 0 1 1]
 [0 0 1 1 1 0 1 0 1 1 1 1 1 0 1]
 [1 1 1 1 1 1 0 1 1 1 1 1 1 0 0]
 [1 0 1 1 1 0 0 1 1 1 1 0 1 1 0]
 [0 1 0 0 0 1 1 0 0 1 1 1 1 0 1]
 [0 0 1 1 1 0 1 1 1 1 1 1 0 1 1]
 [0 0 0 0 1 1 1 0 1 1 0 1 0 0 1]
 [0 0 1 1 0 1 1 0 1 0 0 1 1 1 1]
 [0 0 1 1 1 0 1 1 0 0 1 1 0 1 0]
 [0 1 1 1 0 1 1 1 0 1 0 1 0 0 0]
 [0 0 1 0 1 0 1 1 0 0 1 1 1 1 1]
 [0 1 1 1 1 1 1 1 0 1 1 1 1 1 1]
 [0 1 0 1 1 0 1 1 1 1 1 1 1 0 1]
 [0 1 0 1 1 0 1 0 0 1 1 1 1 0 0]
 [0 0 0 1 0 1 1 1 1 1 1 1 1 1 1]
 [0 1 1 0 0 1 1 0 1 1 1 0 1 1 0]
 [0 1 0 1 1 1 0 1 1 1 0 1 1 0 1]
 [1 1 1 0 1 0 0 1 0 1 1 0 0 1 0]
 [0 1 1 0 1 0 0 0 1 1 1 0 1 1 0]
 [0 1 1 1 0 1 1 0 1 1 1 1 1 1 1]
 [1 1 1 0 1 0 1 1 1 0 0 1 1 0 0]
 [0 1 1 1 1 1 1 0 1 1 1 1 1 0 1]
 [1 1 1 1 0 1 1 0 1 1 1 0 1 1 0]]
branch at 2
runtime for solving id of Q is 0.0035613449290394783
Simulation results:
{'J': 30, 'K': 15, 'N': 10, 'p': 0.6667, 'seed': 85, 'sim': 5, 'runtime': 0.0035613449290394783, 'identifiable': 0, 'branch': 2}
6
Q: [[1 1 0 1 1 1 1 1 1 1 1 1 0 1 1]
 [0 1 1 1 0 1 1 1 1 1 1 1 1 0 0]
 [1 0 0 1 1 1 0 1 1 0 0 0 1 1 1]
 [1 1 0 0 1 0 1 1 1 1 1 1 1 1 0]
 [0 0 1 1 1 0 1 1 1 1 0 1 1 1 1]
 [1 1 1 1 1 1 1 1 1 0 0 0 0 0 1]
 [1 0 1 1 1 1 0 1 0 0 0 0 1 1 0]
 [0 0 1 1 0 1 0 1 0 0 1 1 1 1 1]
 [1 0 1 1 1 1 1 0 1 0 0 1 1 1 0]
 [1 0 0 1 1 1 0 1 1 1 0 1 0 0 1]
 [1 1 1 1 1 1 0 1 1 0 1 1 0 1 1]
 [1 0 1 1 1 1 1 1 0 1 1 1 1 1 1]
 [1 1 1 1 0 1 1 1 0 1 1 1 1 1 1]
 [0 1 0 0 0 1 1 0 1 1 1 1 1 0 0]
 [1 1 1 0 0 1 1 1 0 1 0 1 1 1 1]
 [1 1 1 0 1 1 1 1 1 1 0 1 1 1 1]
 [1 1 0 0 1 0 0 1 0 1 1 1 1 0 1]
 [0 0 0 1 1 0 0 0 0 1 1 1 0 0 1]
 [1 1 1 1 1 0 0 1 1 1 0 1 1 1 1]
 [0 1 0 0 0 1 0 1 1 0 1 0 1 1 1]
 [1 0 1 0 1 1 1 1 1 1 0 1 1 1 1]
 [1 1 1 1 1 1 0 0 0 1 0 1 1 1 1]
 [1 1 0 1 0 1 0 0 0 1 1 1 1 0 0]
 [1 1 0 0 1 1 1 1 1 1 1 0 1 1 0]
 [0 0 1 0 1 1 1 1 1 1 1 1 0 1 0]
 [0 1 0 1 1 1 1 1 1 0 1 1 0 1 0]
 [0 1 0 1 1 1 1 1 1 1 1 1 1 1 0]
 [1 1 0 1 1 1 1 0 1 1 1 1 1 0 1]
 [1 0 0 1 1 1 1 0 0 0 1 0 1 1 1]
 [1 0 1 1 0 0 0 1 1 1 1 1 1 1 1]]
Q is not identifiable (three-column submatrix not identifiable).
Q is not identifiable, and Q_bar is [[1 1 0 1 1 1 1 1 1 1 1 1 0 1 1]
 [0 1 1 1 0 1 1 1 1 1 1 1 1 0 0]
 [1 0 0 1 1 1 0 1 1 0 0 0 1 1 1]
 [1 1 0 0 1 0 1 1 1 1 1 1 1 1 0]
 [0 0 1 1 1 0 1 1 1 1 0 1 1 1 1]
 [1 1 1 1 1 1 1 1 1 0 0 0 0 0 1]
 [1 0 1 1 1 1 0 1 0 0 0 0 1 1 0]
 [0 0 1 1 0 1 0 1 0 0 1 1 1 1 1]
 [1 0 1 1 1 1 1 0 1 0 0 1 1 1 0]
 [1 0 0 1 1 1 0 1 1 1 0 1 0 0 1]
 [1 1 1 1 1 1 0 1 1 0 1 1 0 1 1]
 [1 0 1 1 1 1 1 1 0 1 1 1 1 1 1]
 [1 1 1 1 0 1 1 1 0 1 1 1 1 1 1]
 [0 1 0 0 0 1 1 0 1 1 1 1 1 0 0]
 [1 1 1 0 0 1 1 1 0 1 0 1 1 1 1]
 [1 1 1 0 1 1 1 1 1 1 0 1 1 1 1]
 [1 1 0 0 1 0 0 1 0 1 1 1 1 0 1]
 [0 0 0 1 1 0 0 0 0 1 1 1 0 0 0]
 [1 1 1 1 1 0 0 1 1 1 0 1 1 1 1]
 [0 1 0 0 0 1 0 1 1 0 1 0 1 1 1]
 [1 0 1 0 1 1 1 1 1 1 0 1 1 1 1]
 [1 1 1 1 1 1 0 0 0 1 0 1 1 1 1]
 [1 1 0 1 0 1 0 0 0 1 1 1 1 0 0]
 [1 1 0 0 1 1 1 1 1 1 1 0 1 1 0]
 [0 0 1 0 1 1 1 1 1 1 1 1 0 1 0]
 [0 1 0 1 1 1 1 1 1 0 1 1 0 1 0]
 [0 1 0 1 1 1 1 1 1 1 1 1 1 1 0]
 [1 1 0 1 1 1 1 0 1 1 1 1 1 0 0]
 [1 0 0 1 1 1 1 0 0 0 1 0 1 1 1]
 [1 0 1 1 0 0 0 1 1 1 1 1 1 1 1]]
branch at 3
runtime for solving id of Q is 0.008292490616440773
Simulation results:
{'J': 30, 'K': 15, 'N': 10, 'p': 0.6667, 'seed': 85, 'sim': 6, 'runtime': 0.008292490616440773, 'identifiable': 0, 'branch': 3}
7
Q: [[1 1 0 1 1 1 0 1 1 0 1 1 1 1 1]
 [1 0 1 0 0 0 1 1 1 1 1 0 1 1 0]
 [0 1 1 0 0 0 1 1 1 1 0 0 0 1 1]
 [1 1 1 1 1 0 0 1 1 0 0 1 0 1 0]
 [0 0 1 0 1 1 0 1 0 1 0 1 1 1 0]
 [1 1 1 1 1 1 0 0 0 1 1 0 1 0 1]
 [1 1 1 1 1 0 1 1 0 1 0 0 1 1 1]
 [1 0 0 0 1 0 0 1 1 0 0 0 1 0 0]
 [1 1 1 0 1 1 0 1 1 1 1 0 1 1 0]
 [1 1 0 1 1 1 1 1 1 0 1 1 0 0 1]
 [0 1 1 0 0 1 0 1 0 0 0 0 1 1 1]
 [1 1 0 0 1 1 1 1 1 0 1 0 0 1 0]
 [0 0 1 0 0 1 1 0 1 1 1 1 0 1 1]
 [0 1 0 0 1 1 1 0 0 1 0 1 1 1 0]
 [0 0 1 1 1 1 0 1 0 1 1 1 1 0 1]
 [1 1 0 1 1 1 0 0 1 1 0 0 1 0 1]
 [1 1 1 1 1 1 1 0 0 1 1 0 0 1 1]
 [1 1 0 1 1 0 1 1 1 1 0 1 0 0 0]
 [1 1 1 1 1 1 1 0 1 0 1 0 1 1 1]
 [1 1 0 1 0 1 1 1 1 1 0 1 0 1 1]
 [1 1 0 0 1 1 0 1 1 1 1 0 1 1 1]
 [1 0 1 1 0 1 0 1 1 0 0 0 1 0 1]
 [1 0 1 1 1 1 1 1 1 0 1 1 1 1 0]
 [0 1 1 1 1 0 0 1 1 1 1 0 1 1 1]
 [1 1 0 1 1 1 1 1 0 1 0 0 0 1 1]
 [1 0 1 1 0 1 1 1 0 0 1 0 1 0 0]
 [0 0 0 1 0 1 1 1 0 1 1 1 0 1 1]
 [1 0 0 1 1 0 1 0 1 1 1 1 0 1 1]
 [1 1 0 0 1 1 1 1 1 0 0 0 0 1 1]
 [1 1 1 1 1 1 1 0 0 1 1 0 1 0 1]]
{'restarts': 269, 'conflicts': 66177, 'decisions': 185864, 'propagations': 334666715}
Q is not identifiable, and Q_bar is [[1 1 1 1 1 1 0 0 1 0 0 1 0 1 1]
 [0 1 1 0 0 0 0 0 0 1 1 0 1 1 1]
 [0 0 0 1 1 0 0 0 0 1 1 0 1 1 0]
 [1 1 0 0 1 1 0 0 1 0 0 0 1 1 0]
 [0 0 1 0 0 1 0 0 1 1 0 1 1 1 0]
 [1 0 1 0 1 0 0 1 1 1 0 0 0 0 1]
 [1 0 1 0 1 0 1 0 1 1 1 0 1 1 0]
 [0 1 1 0 0 0 0 0 1 0 0 0 0 0 0]
 [0 1 1 0 1 0 0 0 1 1 0 1 1 1 1]
 [1 1 0 1 1 1 0 0 1 0 1 1 0 0 1]
 [0 0 1 0 1 0 0 1 0 0 0 0 1 1 0]
 [0 1 0 0 1 0 0 0 1 0 1 1 0 1 1]
 [0 0 0 1 0 1 0 1 0 1 1 1 0 1 1]
 [0 0 1 0 1 1 0 0 1 1 1 1 0 1 0]
 [0 0 1 0 0 1 1 1 1 1 0 1 0 0 1]
 [1 0 1 1 1 0 0 0 1 1 0 1 0 0 0]
 [1 0 0 0 1 0 0 1 1 1 1 0 0 1 1]
 [1 1 0 0 1 1 0 0 1 1 1 0 0 0 0]
 [1 0 1 1 1 0 0 1 1 0 1 1 0 1 1]
 [1 1 0 1 1 1 0 0 0 1 1 1 0 1 0]
 [0 1 1 1 1 0 0 0 1 1 0 1 0 1 1]
 [1 0 1 1 0 0 1 1 0 0 0 1 0 0 0]
 [1 1 1 0 0 1 0 0 1 0 1 1 1 1 1]
 [0 0 1 1 1 0 1 0 1 1 0 0 1 1 1]
 [1 0 0 0 1 0 1 0 1 1 1 1 0 1 0]
 [1 0 1 0 0 0 0 0 0 0 1 1 1 0 1]
 [0 0 0 0 0 1 1 0 0 1 1 1 0 1 1]
 [1 0 0 1 0 1 0 0 1 1 1 0 0 1 1]
 [0 1 0 1 1 0 0 0 1 0 1 1 0 1 0]
 [1 0 1 0 1 0 0 1 1 1 1 0 0 0 1]]
branch at 5
runtime for solving id of Q is 71.76521568000317
Simulation results:
{'J': 30, 'K': 15, 'N': 10, 'p': 0.6667, 'seed': 85, 'sim': 7, 'runtime': 71.76521568000317, 'identifiable': 0, 'branch': 5}
8
Q: [[0 1 1 0 0 1 1 0 1 1 0 1 1 1 1]
 [1 0 1 1 0 0 0 0 0 1 1 0 0 1 1]
 [1 0 1 1 0 1 1 1 1 1 1 0 1 0 1]
 [1 0 1 1 0 1 1 1 1 1 1 0 1 1 0]
 [1 0 0 1 0 1 1 1 1 1 0 0 1 1 0]
 [1 1 0 1 0 0 1 1 1 1 1 1 1 1 1]
 [1 1 0 0 1 0 0 1 0 0 1 0 0 1 0]
 [1 1 1 0 0 1 1 1 1 0 1 0 1 1 0]
 [0 1 0 0 1 0 1 0 0 1 1 0 1 1 1]
 [0 1 0 1 0 0 0 1 0 1 0 0 1 1 1]
 [1 0 1 0 1 1 1 1 1 1 1 1 1 1 1]
 [1 1 0 1 0 1 0 0 1 1 1 0 1 1 1]
 [0 1 1 1 1 1 1 1 1 1 1 1 1 1 0]
 [1 1 0 0 0 1 1 0 0 0 1 1 1 0 1]
 [1 1 0 0 0 1 1 0 1 0 1 0 1 1 1]
 [1 1 0 1 0 1 0 1 0 0 0 1 1 1 1]
 [0 1 0 1 1 1 0 1 1 0 1 1 1 0 1]
 [1 1 1 1 0 1 1 0 1 1 1 1 1 0 1]
 [0 1 1 1 1 1 1 1 0 0 0 1 0 1 1]
 [1 1 0 1 1 1 1 1 1 1 0 0 0 1 0]
 [1 1 1 1 0 1 1 1 0 0 1 0 1 1 1]
 [1 1 1 0 1 0 1 1 1 1 1 1 1 1 1]
 [0 1 1 0 0 0 1 1 1 1 1 0 1 0 1]
 [1 1 0 0 1 1 1 1 1 1 1 1 0 0 0]
 [0 1 1 1 1 0 1 0 1 1 1 1 0 1 1]
 [0 1 0 1 0 1 1 0 0 1 0 1 0 0 1]
 [1 0 0 1 1 1 1 1 1 1 1 1 0 1 0]
 [1 1 1 1 0 1 1 0 1 0 1 1 1 1 0]
 [1 0 1 0 1 1 1 0 0 1 0 0 1 1 0]
 [1 1 0 0 1 1 1 1 1 0 1 0 1 1 1]]
{'restarts': 120, 'conflicts': 42018, 'decisions': 119246, 'propagations': 187046413}
Q is not identifiable, and Q_bar is [[0 1 0 0 0 1 0 1 1 1 0 1 1 1 1]
 [0 1 1 0 1 0 1 0 1 0 0 0 0 0 1]
 [1 1 0 1 1 1 1 0 1 1 0 0 0 0 1]
 [1 0 1 1 1 1 1 0 1 1 0 0 0 0 1]
 [1 0 1 1 1 1 0 0 0 1 0 0 0 0 1]
 [0 1 1 1 1 1 1 1 0 1 0 0 0 1 1]
 [0 0 1 1 0 0 1 0 0 0 1 0 1 0 0]
 [1 0 1 1 0 1 1 0 1 1 0 0 1 0 0]
 [0 1 0 0 0 0 1 0 0 1 1 0 1 1 1]
 [0 1 0 1 1 0 0 0 0 1 0 0 1 0 1]
 [1 1 1 1 0 1 1 1 1 1 1 0 0 0 1]
 [0 1 1 0 1 1 1 0 0 1 0 1 0 0 1]
 [0 0 0 1 1 1 1 1 1 1 1 1 1 1 1]
 [1 1 0 0 0 0 1 1 0 1 0 1 0 0 0]
 [0 1 1 0 0 1 1 0 0 1 0 1 0 1 0]
 [0 1 1 1 1 0 0 1 0 1 0 1 0 0 0]
 [0 1 0 1 1 1 1 1 0 1 1 1 0 0 0]
 [1 1 0 0 1 1 1 1 1 1 0 1 0 0 1]
 [0 1 0 1 1 0 0 1 1 0 1 1 1 1 0]
 [1 0 1 1 1 1 0 0 0 0 1 1 0 0 1]
 [0 1 1 1 1 0 1 0 1 1 0 1 1 1 0]
 [0 1 1 1 0 1 1 1 1 1 1 0 1 1 1]
 [0 1 0 1 0 1 1 0 1 1 0 0 0 1 1]
 [1 0 0 1 0 1 1 1 0 0 1 1 0 0 1]
 [0 1 0 0 1 1 1 1 1 0 1 0 1 1 1]
 [0 1 0 0 1 0 0 1 0 0 0 1 0 1 1]
 [1 0 1 1 1 1 1 1 0 0 1 0 0 0 1]
 [0 0 1 0 1 1 1 1 1 1 0 1 1 1 0]
 [1 0 1 0 0 0 0 0 1 1 1 0 0 0 1]
 [0 1 1 1 0 1 1 0 0 1 1 1 1 1 0]]
branch at 5
runtime for solving id of Q is 41.29409523587674
Simulation results:
{'J': 30, 'K': 15, 'N': 10, 'p': 0.6667, 'seed': 85, 'sim': 8, 'runtime': 41.29409523587674, 'identifiable': 0, 'branch': 5}
9
Q: [[0 1 1 1 0 0 1 1 0 0 0 0 1 1 1]
 [0 1 1 1 1 1 1 1 0 1 0 1 0 1 1]
 [0 1 0 1 1 0 1 1 1 1 1 1 1 1 0]
 [1 0 0 0 0 1 1 1 1 1 1 1 0 1 1]
 [0 0 1 1 0 1 0 0 0 1 0 1 1 0 0]
 [0 0 0 0 1 0 1 1 1 1 1 1 1 1 1]
 [1 1 1 1 0 0 1 1 1 1 1 1 1 1 1]
 [1 0 1 1 1 0 1 1 1 1 1 0 1 0 1]
 [0 1 1 1 0 1 0 1 1 1 1 0 0 1 0]
 [1 1 0 0 1 1 1 1 0 0 0 1 1 1 1]
 [1 1 0 0 1 0 0 1 1 1 1 1 1 0 1]
 [1 0 1 1 1 1 1 1 0 0 1 1 1 1 0]
 [1 1 1 1 0 0 0 0 1 1 0 1 1 0 1]
 [0 1 1 0 1 1 1 1 0 0 1 1 0 1 1]
 [1 1 0 1 0 1 0 1 0 0 1 0 0 1 1]
 [0 1 0 0 1 1 1 0 1 1 1 1 1 0 1]
 [1 0 1 1 1 1 1 1 0 0 1 1 1 0 0]
 [1 0 1 0 0 1 0 0 1 1 1 1 1 1 1]
 [0 1 1 1 1 1 1 1 1 0 1 1 1 1 1]
 [0 1 0 1 1 1 1 1 1 1 1 0 0 0 1]
 [1 1 1 1 0 0 0 1 1 0 0 1 1 1 0]
 [1 1 1 0 1 0 0 1 0 1 1 1 0 0 1]
 [1 1 0 1 1 1 1 1 1 1 0 1 1 1 0]
 [1 0 1 0 1 0 1 1 1 0 1 0 1 1 0]
 [1 0 0 1 1 1 0 1 1 1 1 1 0 0 0]
 [1 1 1 1 1 0 1 1 1 1 0 1 0 1 1]
 [1 1 0 1 0 1 1 1 1 1 1 0 1 1 1]
 [0 1 0 1 1 0 1 0 1 1 1 1 0 0 1]
 [1 0 1 1 1 1 1 1 1 1 1 0 1 0 1]
 [1 0 1 1 1 1 0 1 1 1 1 1 1 1 1]]
{'restarts': 258, 'conflicts': 70533, 'decisions': 216486, 'propagations': 242418582}
Q is not identifiable, and Q_bar is [[0 0 0 0 0 1 0 1 1 0 0 0 0 0 0]
 [0 1 1 0 0 1 0 0 0 1 0 1 0 0 1]
 [0 0 1 1 0 0 1 0 0 1 0 1 1 1 0]
 [1 0 0 0 1 0 0 0 0 1 1 0 0 0 1]
 [0 0 0 0 0 0 0 1 0 1 0 0 0 0 1]
 [0 0 0 0 1 0 1 0 1 1 1 1 1 0 0]
 [1 0 1 0 1 0 0 1 0 1 1 0 0 0 0]
 [1 0 0 0 0 0 1 1 0 0 1 0 0 1 0]
 [0 1 1 1 0 0 0 0 0 0 0 0 0 0 1]
 [1 0 0 0 0 1 0 0 1 0 0 1 0 0 1]
 [1 0 0 0 0 1 1 0 0 1 0 0 1 0 0]
 [1 0 0 0 0 0 1 1 1 0 0 1 0 0 1]
 [1 0 0 0 0 1 0 1 0 1 0 0 1 0 0]
 [0 1 0 0 1 1 1 0 0 0 0 1 0 0 1]
 [1 0 1 0 1 1 0 0 0 0 0 0 0 0 1]
 [0 0 0 0 0 1 0 0 0 1 0 1 1 1 1]
 [1 1 0 0 0 0 1 1 0 0 0 1 0 0 1]
 [1 1 0 0 1 0 0 0 0 1 0 0 1 0 1]
 [0 0 1 0 1 0 1 1 0 0 0 1 0 1 1]
 [0 0 0 1 0 1 1 0 0 0 1 0 0 1 1]
 [1 0 1 0 0 0 0 1 0 0 0 0 1 0 0]
 [1 1 0 0 0 1 1 0 0 1 0 0 0 0 0]
 [1 0 1 0 0 0 0 0 0 1 0 1 1 0 1]
 [1 1 0 0 0 0 0 0 1 0 0 0 0 1 0]
 [1 0 0 1 0 0 1 0 0 1 0 0 0 0 1]
 [1 1 1 0 0 1 0 0 0 0 1 1 0 0 0]
 [1 0 1 1 0 0 0 0 1 0 1 0 0 0 1]
 [0 0 0 1 0 1 0 0 0 1 0 0 0 1 0]
 [1 0 0 0 0 0 1 1 0 0 1 0 0 1 1]
 [1 1 0 1 1 0 1 0 0 1 0 0 1 0 1]]
branch at 5
runtime for solving id of Q is 54.083548471331596
Simulation results:
{'J': 30, 'K': 15, 'N': 10, 'p': 0.6667, 'seed': 85, 'sim': 9, 'runtime': 54.083548471331596, 'identifiable': 0, 'branch': 5}
Simulation results:
[{'J': 30, 'K': 15, 'N': 10, 'p': 0.6667, 'seed': 85, 'sim': 0, 'runtime': 0.008390259929001331, 'identifiable': 0, 'branch': 3}, {'J': 30, 'K': 15, 'N': 10, 'p': 0.6667, 'seed': 85, 'sim': 1, 'runtime': 0.007575838826596737, 'identifiable': 0, 'branch': 2}, {'J': 30, 'K': 15, 'N': 10, 'p': 0.6667, 'seed': 85, 'sim': 2, 'runtime': 0.005354989320039749, 'identifiable': 0, 'branch': 2}, {'J': 30, 'K': 15, 'N': 10, 'p': 0.6667, 'seed': 85, 'sim': 3, 'runtime': 415.0422675628215, 'identifiable': 0, 'branch': 5}, {'J': 30, 'K': 15, 'N': 10, 'p': 0.6667, 'seed': 85, 'sim': 4, 'runtime': 0.01057816855609417, 'identifiable': 0, 'branch': 3}, {'J': 30, 'K': 15, 'N': 10, 'p': 0.6667, 'seed': 85, 'sim': 5, 'runtime': 0.0035613449290394783, 'identifiable': 0, 'branch': 2}, {'J': 30, 'K': 15, 'N': 10, 'p': 0.6667, 'seed': 85, 'sim': 6, 'runtime': 0.008292490616440773, 'identifiable': 0, 'branch': 3}, {'J': 30, 'K': 15, 'N': 10, 'p': 0.6667, 'seed': 85, 'sim': 7, 'runtime': 71.76521568000317, 'identifiable': 0, 'branch': 5}, {'J': 30, 'K': 15, 'N': 10, 'p': 0.6667, 'seed': 85, 'sim': 8, 'runtime': 41.29409523587674, 'identifiable': 0, 'branch': 5}, {'J': 30, 'K': 15, 'N': 10, 'p': 0.6667, 'seed': 85, 'sim': 9, 'runtime': 54.083548471331596, 'identifiable': 0, 'branch': 5}]
