
The Gurobi software has a limited number of licenses. To request a license or
licenses, add this line

    #SBATCH --licenses=gurobi@slurmdb:1

to your SBATCH script, replacing N with the number of licenses you need. Gurobi
will need one license per process.


0
Q: [[1 1 1 1 0 1 0 1 0 0]
 [1 1 0 1 1 1 0 1 1 1]
 [1 1 1 0 1 0 0 0 1 1]
 [1 0 0 0 0 1 1 0 0 1]
 [1 1 1 0 1 0 1 0 1 0]
 [1 0 1 0 1 0 1 0 0 0]
 [1 1 1 0 0 0 0 1 1 1]
 [1 0 1 1 0 1 1 1 0 0]
 [0 1 1 1 1 1 1 1 1 0]
 [0 1 1 1 1 1 0 0 1 1]
 [0 1 1 0 1 1 1 1 1 1]
 [1 1 1 0 1 1 0 0 0 0]
 [0 1 0 0 0 1 1 0 0 1]
 [1 1 1 1 1 0 0 1 0 1]
 [0 1 0 1 0 0 1 1 1 1]
 [1 1 1 0 1 1 0 0 1 1]
 [1 0 1 0 1 1 1 1 0 0]
 [0 1 1 1 1 0 1 0 1 1]
 [0 1 1 0 1 0 1 1 1 1]
 [1 0 0 1 1 0 1 1 0 0]
 [0 0 1 1 1 0 0 0 1 1]
 [1 0 1 0 0 1 1 1 1 1]
 [0 1 1 1 1 1 0 1 0 1]
 [0 1 0 1 1 1 1 0 1 1]
 [1 1 0 1 1 0 1 1 0 1]
 [1 1 1 1 1 0 1 1 1 1]
 [0 1 1 0 1 1 1 0 0 1]
 [0 0 1 1 1 1 1 0 1 1]
 [1 1 0 1 1 0 0 0 1 1]
 [0 1 1 1 1 1 1 1 1 1]
 [1 1 0 0 0 0 0 0 1 0]
 [1 1 0 1 1 1 0 1 1 1]
 [0 0 1 1 0 1 1 0 0 0]
 [1 1 1 1 0 0 1 1 1 1]
 [1 0 0 1 0 0 0 1 1 1]
 [1 1 1 0 0 1 1 1 0 1]
 [1 1 1 1 0 1 1 0 1 0]
 [1 1 1 1 0 1 1 1 1 1]
 [0 0 0 1 1 1 0 0 0 1]
 [1 1 0 1 1 0 1 1 1 1]
 [1 1 1 0 0 0 0 1 1 1]
 [1 1 0 0 1 1 0 0 1 0]
 [0 0 1 1 1 1 1 1 1 1]
 [0 1 1 1 1 1 1 1 1 0]
 [0 1 1 1 0 1 0 1 1 1]
 [1 0 1 1 0 0 1 1 1 1]
 [1 1 1 1 1 1 0 1 0 0]
 [1 1 0 1 1 0 1 1 0 0]
 [1 1 1 1 0 0 1 1 1 0]
 [1 0 0 0 0 1 1 1 0 1]]
{'restarts': 9, 'conflicts': 3723, 'decisions': 7537, 'propagations': 2289182}
Q is identifiable
branch at 6
runtime for solving id of Q is 0.37265776470303535
Simulation results:
{'J': 50, 'K': 10, 'N': 10, 'p': 0.7, 'seed': 763, 'sim': 0, 'runtime': 0.37265776470303535, 'identifiable': 1, 'branch': 6}
1
Q: [[1 1 1 1 1 1 0 1 1 1]
 [1 1 1 0 1 1 0 1 1 1]
 [1 1 1 0 1 1 0 1 1 1]
 [1 1 1 1 1 1 1 1 1 1]
 [1 1 1 1 1 1 0 1 1 0]
 [1 1 1 1 0 1 0 1 1 1]
 [1 0 1 1 1 1 1 1 0 0]
 [1 0 1 1 1 1 0 0 1 0]
 [1 1 1 1 1 0 0 0 1 1]
 [0 1 1 1 0 0 1 0 1 1]
 [1 1 1 0 0 1 1 0 1 1]
 [0 1 1 0 1 1 1 1 0 1]
 [0 1 1 1 1 0 0 0 1 0]
 [1 1 0 1 1 1 1 1 1 1]
 [1 0 0 1 1 1 1 1 1 0]
 [1 1 1 1 1 1 1 0 0 1]
 [1 1 1 1 0 0 0 0 1 1]
 [0 1 1 1 1 1 1 1 1 1]
 [0 1 0 1 1 1 0 1 1 1]
 [1 1 1 0 0 1 0 1 1 0]
 [1 1 1 1 1 0 1 0 1 1]
 [1 1 0 0 1 1 1 1 0 0]
 [1 1 0 1 0 0 1 1 1 1]
 [1 0 1 1 1 0 0 1 1 1]
 [1 1 1 1 1 1 1 1 1 1]
 [0 1 1 1 1 1 1 1 0 0]
 [1 1 1 0 0 1 0 1 0 1]
 [0 1 1 0 1 1 1 1 1 0]
 [1 1 1 1 1 0 0 1 1 0]
 [1 1 0 0 1 1 0 1 1 1]
 [1 1 1 1 0 1 1 0 1 1]
 [1 0 0 1 1 0 1 1 1 1]
 [1 0 1 1 1 1 1 1 1 1]
 [1 1 1 1 0 1 1 1 1 1]
 [1 1 1 1 0 1 1 1 1 1]
 [1 1 0 1 1 0 0 1 1 1]
 [0 0 1 1 0 0 1 1 1 1]
 [1 1 1 0 1 0 1 1 1 0]
 [1 1 0 1 0 1 1 1 0 1]
 [1 1 0 1 0 1 1 0 0 1]
 [0 1 0 1 0 1 0 1 1 1]
 [1 1 1 0 1 1 0 0 1 1]
 [1 1 1 0 1 1 1 0 1 1]
 [1 0 1 0 1 1 1 1 0 1]
 [1 1 0 1 1 0 1 0 1 0]
 [1 1 1 1 1 0 1 1 1 0]
 [1 0 1 0 1 1 0 0 0 1]
 [1 1 1 0 0 1 1 1 1 0]
 [0 1 1 1 1 1 1 1 1 1]
 [1 1 1 1 1 0 1 0 1 0]]
{'restarts': 891, 'conflicts': 260679, 'decisions': 382896, 'propagations': 108622952}
Q is identifiable
branch at 6
runtime for solving id of Q is 31.009676350280643
Simulation results:
{'J': 50, 'K': 10, 'N': 10, 'p': 0.7, 'seed': 763, 'sim': 1, 'runtime': 31.009676350280643, 'identifiable': 1, 'branch': 6}
2
Q: [[0 1 0 1 0 0 0 1 1 0]
 [1 0 1 1 0 1 1 1 1 0]
 [1 1 1 0 0 1 1 1 0 1]
 [1 1 0 1 1 1 1 1 1 1]
 [1 1 1 0 1 0 1 1 1 1]
 [1 1 0 1 1 0 1 0 1 0]
 [0 1 0 1 0 1 1 1 1 1]
 [1 0 0 1 1 1 1 1 0 1]
 [0 1 1 1 0 0 0 0 1 0]
 [1 1 1 1 1 1 1 0 1 0]
 [1 1 1 1 0 1 0 1 1 1]
 [0 1 1 1 1 1 0 1 1 1]
 [0 1 1 0 1 1 0 1 0 1]
 [0 1 0 1 0 1 0 0 0 1]
 [1 1 1 1 1 1 1 1 1 1]
 [0 1 1 1 1 1 1 1 1 1]
 [1 0 0 0 1 0 0 1 1 0]
 [0 1 1 1 1 0 1 1 1 1]
 [1 1 1 0 0 0 1 1 1 1]
 [0 1 1 1 1 1 0 1 1 0]
 [1 0 1 1 1 0 1 1 1 0]
 [1 1 1 0 0 1 0 1 1 0]
 [0 0 1 0 1 0 1 0 0 1]
 [1 0 1 1 0 0 0 1 0 1]
 [1 0 1 0 1 1 1 1 1 1]
 [1 1 1 1 0 0 1 1 0 0]
 [1 0 1 1 1 0 1 0 1 1]
 [1 1 1 1 1 1 1 1 1 0]
 [1 1 0 0 0 1 1 1 0 1]
 [1 0 1 0 0 1 0 0 1 1]
 [0 1 1 1 1 0 0 0 0 0]
 [0 1 0 1 0 1 1 1 0 1]
 [1 1 1 0 1 0 1 0 1 1]
 [0 1 1 1 1 0 1 1 0 1]
 [1 0 0 0 1 1 1 1 0 0]
 [1 0 1 1 0 1 1 1 1 0]
 [0 1 1 1 1 0 1 1 1 1]
 [0 0 1 0 1 1 0 1 1 1]
 [1 1 1 1 1 0 1 1 1 0]
 [1 0 1 1 1 1 0 1 1 0]
 [1 1 1 1 1 0 1 1 0 0]
 [1 1 1 1 1 0 1 0 1 0]
 [1 1 1 1 1 0 1 1 1 1]
 [1 1 0 1 0 0 1 0 1 1]
 [0 1 1 1 1 1 1 1 1 1]
 [1 0 1 1 1 1 0 1 1 0]
 [1 1 1 0 1 0 1 0 0 1]
 [1 0 0 1 1 1 0 0 1 0]
 [1 0 1 0 1 1 1 1 1 1]
 [1 1 0 1 1 1 1 1 0 1]]
{'restarts': 16, 'conflicts': 6092, 'decisions': 11649, 'propagations': 3167409}
Q is identifiable
branch at 6
runtime for solving id of Q is 0.49069611076265574
Simulation results:
{'J': 50, 'K': 10, 'N': 10, 'p': 0.7, 'seed': 763, 'sim': 2, 'runtime': 0.49069611076265574, 'identifiable': 1, 'branch': 6}
3
Q: [[0 0 1 1 1 0 1 1 0 1]
 [0 1 1 1 1 1 0 1 1 1]
 [1 1 0 1 0 1 0 0 1 1]
 [1 0 1 1 1 1 1 0 1 1]
 [1 1 1 1 1 1 0 0 1 1]
 [1 0 0 1 1 1 0 0 0 1]
 [1 1 1 1 0 1 1 1 1 1]
 [1 0 1 1 0 1 0 1 0 1]
 [1 1 1 1 0 1 1 1 1 0]
 [0 0 1 1 0 1 1 1 0 1]
 [0 1 1 1 0 1 1 1 1 1]
 [0 1 0 1 1 0 1 0 1 0]
 [1 0 0 0 1 1 1 0 1 0]
 [1 0 1 0 0 1 1 1 0 1]
 [0 0 0 1 0 1 1 1 1 1]
 [0 1 1 0 1 0 1 1 1 1]
 [1 1 1 1 1 0 1 1 0 1]
 [1 1 0 1 1 1 0 1 1 1]
 [0 1 1 1 1 0 0 0 0 1]
 [1 1 1 0 1 1 1 1 0 1]
 [1 0 1 0 1 1 1 0 1 0]
 [1 1 0 0 0 1 1 1 1 0]
 [1 1 0 1 1 1 1 0 0 0]
 [1 1 0 1 1 0 1 1 1 0]
 [1 1 1 1 1 1 0 0 1 1]
 [0 0 1 1 0 0 1 0 1 1]
 [1 0 0 0 0 1 0 1 1 1]
 [1 1 1 1 1 1 1 1 1 1]
 [1 0 0 0 1 1 1 1 0 1]
 [0 1 1 0 0 1 1 1 1 0]
 [1 1 0 1 1 1 1 1 1 1]
 [1 1 1 1 1 1 1 1 1 0]
 [0 0 1 0 1 1 0 1 0 0]
 [1 0 0 1 1 1 0 0 1 0]
 [0 1 0 1 1 1 1 0 1 0]
 [1 1 1 1 1 1 1 1 0 1]
 [1 1 0 0 1 1 1 1 1 0]
 [0 0 1 0 0 0 1 0 1 0]
 [1 0 1 1 1 1 1 1 0 0]
 [1 1 1 1 1 0 1 1 1 1]
 [1 1 1 1 0 1 1 1 0 1]
 [0 1 0 0 1 1 0 1 1 0]
 [1 1 1 1 1 1 0 1 1 0]
 [0 1 0 1 1 0 0 1 1 1]
 [1 1 1 0 0 1 1 0 1 1]
 [1 0 1 0 1 1 1 1 1 1]
 [0 0 0 0 1 1 1 1 1 1]
 [1 0 1 1 0 1 1 0 0 1]
 [0 1 0 1 0 1 1 1 1 1]
 [0 1 0 1 0 1 1 1 1 0]]
{'restarts': 25, 'conflicts': 17669, 'decisions': 28194, 'propagations': 10670487}
Q is identifiable
branch at 6
runtime for solving id of Q is 1.5902151810005307
Simulation results:
{'J': 50, 'K': 10, 'N': 10, 'p': 0.7, 'seed': 763, 'sim': 3, 'runtime': 1.5902151810005307, 'identifiable': 1, 'branch': 6}
4
Q: [[1 0 1 0 1 1 1 1 1 0]
 [0 0 1 1 1 0 1 1 0 1]
 [1 0 1 1 0 1 1 0 1 0]
 [1 1 1 0 1 0 0 0 0 0]
 [0 1 0 1 1 1 0 1 1 0]
 [1 1 0 1 0 1 0 1 0 1]
 [1 1 0 0 0 1 1 1 0 1]
 [1 1 1 1 0 1 0 1 1 1]
 [1 1 0 1 1 0 1 0 1 1]
 [1 1 1 1 1 0 1 1 1 1]
 [1 0 0 1 1 1 1 1 1 1]
 [0 1 1 1 1 1 0 1 1 1]
 [1 1 1 1 1 0 1 1 1 1]
 [1 1 1 1 0 1 1 1 0 1]
 [1 1 1 1 1 1 1 1 0 0]
 [0 1 1 0 1 0 1 1 1 1]
 [1 1 1 0 0 0 1 1 0 1]
 [1 1 1 1 1 1 1 1 0 1]
 [1 1 1 1 1 0 0 1 0 0]
 [1 0 1 1 1 1 1 1 1 0]
 [1 1 1 0 1 1 1 1 1 1]
 [1 1 1 1 0 0 0 1 1 1]
 [0 1 1 1 1 0 1 1 1 0]
 [0 0 1 1 1 1 0 0 0 0]
 [1 1 1 0 1 1 1 1 1 1]
 [1 1 1 1 0 0 0 0 1 1]
 [1 1 1 1 1 1 1 0 1 0]
 [1 1 1 0 1 1 1 1 0 1]
 [1 1 1 1 1 0 1 1 1 1]
 [1 1 0 1 1 1 1 1 1 1]
 [1 1 1 1 1 0 1 1 1 1]
 [1 1 1 0 1 0 1 1 1 0]
 [1 1 1 1 1 1 0 0 1 0]
 [1 0 1 1 1 1 1 1 1 1]
 [0 1 1 0 0 1 1 1 0 1]
 [1 0 0 0 1 1 0 1 1 0]
 [1 1 0 1 1 0 1 0 1 1]
 [1 1 1 0 1 0 1 1 1 1]
 [1 0 1 1 0 1 0 1 0 1]
 [0 1 1 1 0 0 0 1 1 1]
 [1 1 1 1 0 0 1 1 1 1]
 [0 1 0 1 1 1 1 0 0 1]
 [1 1 1 0 1 1 0 1 1 0]
 [1 1 0 1 0 1 1 1 1 1]
 [0 1 1 1 0 1 0 0 1 1]
 [1 0 1 0 0 1 1 1 1 1]
 [1 1 1 1 1 1 1 1 1 0]
 [0 1 1 1 1 1 0 1 1 1]
 [1 1 1 0 1 1 1 0 0 1]
 [1 1 1 1 1 0 0 0 1 0]]
{'restarts': 43, 'conflicts': 21813, 'decisions': 33934, 'propagations': 9050264}
Q is identifiable
branch at 6
runtime for solving id of Q is 1.5830307276919484
Simulation results:
{'J': 50, 'K': 10, 'N': 10, 'p': 0.7, 'seed': 763, 'sim': 4, 'runtime': 1.5830307276919484, 'identifiable': 1, 'branch': 6}
5
Q: [[1 1 1 1 1 0 1 0 1 1]
 [1 0 1 1 0 1 1 1 1 0]
 [1 1 1 1 0 1 1 1 1 1]
 [1 0 1 1 1 0 1 1 1 1]
 [1 1 0 1 1 1 1 1 0 1]
 [0 1 1 1 1 1 1 1 1 0]
 [0 0 1 1 1 1 1 0 0 1]
 [0 1 1 1 1 1 1 0 1 1]
 [1 1 1 0 0 0 1 0 1 0]
 [0 0 1 0 1 0 1 1 1 0]
 [1 0 0 1 0 1 1 1 1 0]
 [1 0 0 1 1 0 0 1 0 1]
 [1 0 0 0 1 1 0 1 1 0]
 [1 1 0 1 1 1 0 1 1 0]
 [1 1 1 0 1 0 1 1 1 0]
 [1 1 0 1 0 1 1 1 0 0]
 [1 0 1 1 1 1 1 1 1 0]
 [0 0 0 1 0 0 1 1 1 1]
 [1 1 1 1 0 1 1 0 1 1]
 [1 1 1 1 0 0 1 0 0 1]
 [1 0 0 1 0 0 0 1 1 1]
 [1 1 1 1 0 0 0 1 1 1]
 [1 1 1 0 1 1 1 0 1 1]
 [1 1 0 1 1 0 1 1 0 0]
 [1 0 0 0 0 1 1 1 0 0]
 [1 1 1 1 0 1 1 1 0 1]
 [1 0 1 1 1 1 0 0 1 0]
 [1 1 1 0 1 0 1 1 1 1]
 [1 1 1 0 1 1 1 1 1 1]
 [1 1 1 1 0 1 0 0 1 1]
 [1 1 1 1 1 1 1 0 1 1]
 [0 1 1 1 1 1 0 1 0 1]
 [0 1 1 0 1 1 1 0 1 1]
 [0 1 0 1 0 1 1 1 1 1]
 [1 0 1 1 1 1 1 1 1 1]
 [1 1 1 1 1 0 1 1 1 0]
 [1 1 0 1 0 1 1 1 1 1]
 [1 1 1 0 1 1 0 1 1 1]
 [1 0 1 1 0 0 1 1 1 1]
 [1 1 1 0 1 1 1 1 0 0]
 [0 1 0 1 1 1 1 1 0 0]
 [1 1 0 1 1 1 1 1 1 0]
 [1 1 1 1 0 1 1 1 0 1]
 [1 1 1 1 1 1 1 1 1 0]
 [1 1 1 1 1 1 1 1 0 1]
 [0 1 1 1 0 1 1 0 1 0]
 [1 0 0 1 0 1 0 0 1 0]
 [1 1 0 0 0 0 1 1 1 1]
 [1 1 0 1 0 0 0 1 0 1]
 [0 1 1 1 1 1 1 1 1 1]]
{'restarts': 55, 'conflicts': 20327, 'decisions': 32414, 'propagations': 8914560}
Q is identifiable
branch at 6
runtime for solving id of Q is 1.5140879647806287
Simulation results:
{'J': 50, 'K': 10, 'N': 10, 'p': 0.7, 'seed': 763, 'sim': 5, 'runtime': 1.5140879647806287, 'identifiable': 1, 'branch': 6}
6
Q: [[1 1 1 0 1 1 1 0 1 1]
 [1 0 0 0 1 0 0 0 1 1]
 [1 0 0 1 1 1 0 0 0 1]
 [1 0 1 1 0 1 1 0 1 0]
 [0 1 1 1 1 1 0 1 0 1]
 [1 0 0 1 1 1 1 1 0 1]
 [1 0 0 1 1 0 1 0 0 1]
 [1 1 1 1 1 1 1 1 0 1]
 [1 1 1 0 0 1 1 1 1 1]
 [1 1 1 1 1 0 0 1 1 1]
 [1 0 1 0 1 1 1 1 1 1]
 [0 1 1 1 1 1 1 1 1 1]
 [1 1 1 1 1 1 0 1 1 1]
 [1 0 1 0 0 1 0 1 1 1]
 [0 0 1 1 0 1 1 1 1 1]
 [0 0 1 1 1 1 1 1 0 0]
 [0 1 1 1 1 1 0 1 1 1]
 [1 1 0 0 1 1 1 1 1 0]
 [1 1 1 1 1 1 0 1 1 1]
 [1 1 1 1 1 1 1 1 1 1]
 [1 1 1 1 0 1 1 1 1 0]
 [1 0 1 1 1 1 1 0 1 1]
 [1 1 1 0 0 1 1 0 1 1]
 [0 0 0 1 1 1 1 1 1 0]
 [1 0 1 1 1 1 1 0 1 1]
 [0 0 0 1 1 1 0 1 1 0]
 [1 1 1 0 1 0 1 0 1 1]
 [1 1 0 0 0 0 1 0 1 0]
 [1 1 1 0 1 1 0 1 0 1]
 [0 1 1 0 0 1 1 1 1 0]
 [1 1 1 1 1 0 1 0 1 0]
 [0 0 1 1 1 1 1 0 1 1]
 [0 1 0 1 1 1 0 0 1 1]
 [1 1 1 1 1 1 1 1 1 0]
 [1 1 1 1 1 0 1 1 0 0]
 [0 1 0 1 1 1 0 1 1 1]
 [0 1 1 1 1 0 1 1 0 0]
 [0 1 1 1 0 1 0 0 1 0]
 [0 1 1 1 0 1 1 0 0 1]
 [1 0 1 1 1 1 0 1 1 1]
 [1 1 0 1 1 0 0 1 1 0]
 [0 1 1 1 0 1 0 1 1 1]
 [1 1 0 0 1 1 0 0 0 1]
 [1 1 1 1 0 0 1 1 1 1]
 [1 0 1 1 1 1 0 1 0 0]
 [1 1 1 0 1 1 1 1 1 1]
 [0 1 1 1 1 1 1 1 0 1]
 [1 1 1 1 1 1 0 1 1 0]
 [0 0 1 1 0 1 1 1 0 1]
 [0 1 0 0 0 0 1 1 1 1]]
{'restarts': 41, 'conflicts': 16982, 'decisions': 27358, 'propagations': 9689569}
Q is identifiable
branch at 6
runtime for solving id of Q is 1.5013792822137475
Simulation results:
{'J': 50, 'K': 10, 'N': 10, 'p': 0.7, 'seed': 763, 'sim': 6, 'runtime': 1.5013792822137475, 'identifiable': 1, 'branch': 6}
7
Q: [[0 1 1 1 0 1 1 1 1 1]
 [1 1 0 1 0 0 1 0 0 1]
 [0 1 1 1 0 1 1 1 1 0]
 [1 1 1 1 1 1 1 0 1 0]
 [1 0 1 1 0 0 1 0 1 1]
 [1 0 1 1 0 1 0 1 1 0]
 [1 1 0 1 0 0 1 1 0 0]
 [0 1 0 0 1 0 1 1 1 0]
 [0 0 1 1 1 1 0 0 1 1]
 [1 1 1 1 1 1 1 1 1 1]
 [0 0 1 0 0 1 1 1 0 0]
 [1 0 0 1 1 1 1 0 0 1]
 [0 0 1 1 1 0 1 1 1 1]
 [1 0 0 1 1 1 0 0 0 0]
 [1 1 1 0 1 1 1 0 1 1]
 [1 1 0 1 0 1 1 1 1 1]
 [0 1 1 1 1 1 0 1 0 1]
 [0 0 0 1 1 1 1 1 1 0]
 [1 0 1 0 1 0 0 1 1 1]
 [1 1 1 1 1 1 1 0 1 0]
 [0 1 1 1 1 0 1 1 1 0]
 [1 0 1 1 1 1 0 0 1 1]
 [1 0 0 1 1 1 1 1 0 1]
 [0 0 1 1 0 1 0 0 1 0]
 [1 0 1 1 1 0 1 1 1 1]
 [0 1 1 1 0 1 1 1 1 1]
 [1 0 0 1 0 1 1 1 1 0]
 [1 1 1 1 1 0 1 1 0 0]
 [1 1 1 1 1 1 0 1 1 1]
 [1 1 0 1 1 1 0 0 1 1]
 [1 0 1 1 1 0 0 1 0 1]
 [1 1 1 1 1 0 1 1 1 1]
 [1 1 1 1 1 1 1 1 1 1]
 [1 1 0 1 1 1 1 1 1 1]
 [0 1 1 1 1 0 1 1 1 1]
 [1 0 0 0 1 1 1 0 0 1]
 [1 1 1 1 1 1 1 0 1 1]
 [0 1 0 1 1 1 0 1 1 1]
 [1 1 1 0 0 0 1 1 1 0]
 [1 1 1 1 0 1 1 1 1 0]
 [0 1 1 0 1 1 0 1 1 1]
 [1 0 1 1 1 1 1 1 0 0]
 [1 1 0 0 0 1 1 0 1 1]
 [0 1 1 0 0 0 1 1 1 1]
 [0 1 1 1 0 0 1 0 1 1]
 [1 1 1 1 1 1 0 1 0 0]
 [1 1 1 0 1 1 1 1 1 1]
 [1 1 1 0 1 1 1 1 0 0]
 [0 1 1 1 1 1 0 1 1 1]
 [1 0 0 1 0 1 1 1 1 1]]
{'restarts': 33, 'conflicts': 14907, 'decisions': 25032, 'propagations': 8265471}
Q is identifiable
branch at 6
runtime for solving id of Q is 1.2339706430211663
Simulation results:
{'J': 50, 'K': 10, 'N': 10, 'p': 0.7, 'seed': 763, 'sim': 7, 'runtime': 1.2339706430211663, 'identifiable': 1, 'branch': 6}
8
Q: [[1 1 0 1 0 1 0 1 1 1]
 [1 0 0 1 0 1 1 0 1 1]
 [1 0 0 0 1 1 0 1 0 0]
 [0 0 1 1 0 1 0 1 1 1]
 [1 0 1 0 1 1 0 1 1 1]
 [1 1 1 1 0 1 1 1 1 1]
 [1 1 1 1 0 0 0 1 1 1]
 [0 1 0 1 1 1 0 1 1 1]
 [1 1 0 0 1 1 1 0 1 0]
 [1 0 1 1 1 1 1 1 0 0]
 [1 0 1 1 1 1 1 1 1 0]
 [1 1 0 1 0 1 1 1 0 1]
 [1 0 1 1 1 1 1 1 1 1]
 [1 1 1 1 0 1 0 0 1 0]
 [1 1 1 1 1 0 0 1 1 0]
 [1 1 1 1 1 1 0 1 1 1]
 [0 1 0 1 1 1 1 1 1 1]
 [1 1 1 1 1 1 0 1 1 0]
 [1 1 0 0 1 0 0 0 1 1]
 [1 1 1 1 0 0 1 1 1 0]
 [1 0 0 1 1 1 0 1 0 1]
 [1 1 0 0 1 1 1 0 0 1]
 [1 0 1 1 1 1 0 1 1 1]
 [1 1 0 1 0 1 1 0 1 1]
 [1 1 1 1 0 1 1 1 1 1]
 [1 1 0 1 0 1 1 0 1 0]
 [1 1 0 1 1 1 1 1 1 1]
 [1 0 1 1 1 1 0 1 1 1]
 [1 0 1 1 0 1 1 1 1 0]
 [1 1 1 1 1 1 1 1 1 0]
 [0 1 1 0 0 1 1 1 0 1]
 [1 1 1 1 0 1 1 1 0 1]
 [1 1 1 1 0 1 1 0 1 1]
 [1 0 1 1 1 1 0 1 1 1]
 [1 1 1 1 1 1 0 1 1 1]
 [1 1 1 1 1 1 1 0 0 1]
 [1 1 1 1 1 1 0 1 1 1]
 [0 0 0 0 0 1 1 1 1 1]
 [1 1 1 1 0 1 0 1 1 1]
 [1 1 1 1 0 0 1 1 1 1]
 [0 1 1 1 1 1 0 1 1 1]
 [1 0 1 1 1 1 1 1 1 0]
 [0 1 1 1 1 1 0 1 1 0]
 [1 1 1 1 1 1 1 1 1 0]
 [1 1 1 1 1 0 0 1 0 0]
 [0 1 1 0 1 1 1 0 0 1]
 [1 1 1 1 1 1 0 1 1 0]
 [1 1 1 1 1 1 1 1 0 1]
 [0 1 0 1 1 1 0 1 1 1]
 [0 1 1 1 1 0 0 0 0 0]]
{'restarts': 81, 'conflicts': 35995, 'decisions': 54660, 'propagations': 12222137}
Q is identifiable
branch at 6
runtime for solving id of Q is 2.6412784662097692
Simulation results:
{'J': 50, 'K': 10, 'N': 10, 'p': 0.7, 'seed': 763, 'sim': 8, 'runtime': 2.6412784662097692, 'identifiable': 1, 'branch': 6}
9
Q: [[1 1 1 0 0 1 1 1 1 1]
 [1 0 1 1 1 1 1 1 0 0]
 [1 0 0 1 1 1 1 0 0 1]
 [1 1 0 1 0 1 1 1 1 1]
 [0 0 1 1 1 0 1 1 1 1]
 [1 0 1 1 1 1 0 1 0 0]
 [0 1 1 0 1 1 1 1 0 1]
 [0 1 1 0 1 1 0 0 1 1]
 [0 0 1 1 0 1 1 1 0 1]
 [1 1 0 1 0 1 0 1 1 1]
 [1 1 1 0 1 1 0 1 1 1]
 [1 1 1 1 0 0 1 0 1 1]
 [1 0 1 1 1 1 1 1 1 1]
 [1 1 1 0 1 1 1 1 1 1]
 [1 1 1 0 1 1 0 1 1 1]
 [1 1 1 1 1 1 1 0 0 1]
 [0 0 0 0 1 0 1 0 1 1]
 [1 1 1 1 1 1 1 0 0 1]
 [0 1 1 0 0 0 0 0 1 1]
 [1 1 1 0 0 0 0 1 1 1]
 [0 1 1 1 1 0 0 1 1 0]
 [0 1 1 0 1 0 1 1 1 1]
 [0 1 0 1 1 0 0 1 1 1]
 [1 1 0 0 0 1 1 1 1 1]
 [1 1 1 0 1 0 1 1 1 0]
 [1 1 1 1 1 1 0 1 0 0]
 [1 0 1 1 1 1 0 1 0 1]
 [0 1 1 1 1 0 0 1 0 1]
 [1 1 1 1 0 1 0 1 1 1]
 [1 1 0 0 1 1 1 1 1 1]
 [1 1 1 1 0 1 1 1 1 1]
 [0 0 0 1 0 1 1 0 1 1]
 [1 0 1 0 1 0 1 1 0 0]
 [1 1 0 1 0 1 0 1 0 0]
 [0 1 1 0 1 1 1 0 0 0]
 [0 1 1 1 1 1 0 0 1 1]
 [0 1 1 1 1 0 0 1 1 0]
 [1 1 1 1 1 1 1 1 1 1]
 [1 1 1 1 1 0 0 1 1 1]
 [1 0 1 1 1 1 1 1 1 1]
 [1 1 0 0 0 1 1 0 0 0]
 [1 1 1 1 1 0 1 1 0 1]
 [1 1 1 1 1 0 1 1 1 1]
 [1 1 1 1 1 1 0 0 1 1]
 [1 0 1 1 0 1 1 1 0 1]
 [0 1 0 1 1 1 0 0 1 0]
 [0 1 1 1 1 1 1 1 0 1]
 [0 0 1 1 1 1 0 1 1 1]
 [0 0 1 0 1 1 1 0 0 1]
 [1 1 0 0 1 1 1 1 1 1]]
{'restarts': 11, 'conflicts': 4848, 'decisions': 9352, 'propagations': 2104703}
Q is identifiable
branch at 6
runtime for solving id of Q is 0.3782290779054165
Simulation results:
{'J': 50, 'K': 10, 'N': 10, 'p': 0.7, 'seed': 763, 'sim': 9, 'runtime': 0.3782290779054165, 'identifiable': 1, 'branch': 6}
Simulation results:
[{'J': 50, 'K': 10, 'N': 10, 'p': 0.7, 'seed': 763, 'sim': 0, 'runtime': 0.37265776470303535, 'identifiable': 1, 'branch': 6}, {'J': 50, 'K': 10, 'N': 10, 'p': 0.7, 'seed': 763, 'sim': 1, 'runtime': 31.009676350280643, 'identifiable': 1, 'branch': 6}, {'J': 50, 'K': 10, 'N': 10, 'p': 0.7, 'seed': 763, 'sim': 2, 'runtime': 0.49069611076265574, 'identifiable': 1, 'branch': 6}, {'J': 50, 'K': 10, 'N': 10, 'p': 0.7, 'seed': 763, 'sim': 3, 'runtime': 1.5902151810005307, 'identifiable': 1, 'branch': 6}, {'J': 50, 'K': 10, 'N': 10, 'p': 0.7, 'seed': 763, 'sim': 4, 'runtime': 1.5830307276919484, 'identifiable': 1, 'branch': 6}, {'J': 50, 'K': 10, 'N': 10, 'p': 0.7, 'seed': 763, 'sim': 5, 'runtime': 1.5140879647806287, 'identifiable': 1, 'branch': 6}, {'J': 50, 'K': 10, 'N': 10, 'p': 0.7, 'seed': 763, 'sim': 6, 'runtime': 1.5013792822137475, 'identifiable': 1, 'branch': 6}, {'J': 50, 'K': 10, 'N': 10, 'p': 0.7, 'seed': 763, 'sim': 7, 'runtime': 1.2339706430211663, 'identifiable': 1, 'branch': 6}, {'J': 50, 'K': 10, 'N': 10, 'p': 0.7, 'seed': 763, 'sim': 8, 'runtime': 2.6412784662097692, 'identifiable': 1, 'branch': 6}, {'J': 50, 'K': 10, 'N': 10, 'p': 0.7, 'seed': 763, 'sim': 9, 'runtime': 0.3782290779054165, 'identifiable': 1, 'branch': 6}]
