
The Gurobi software has a limited number of licenses. To request a license or
licenses, add this line

    #SBATCH --licenses=gurobi@slurmdb:1

to your SBATCH script, replacing N with the number of licenses you need. Gurobi
will need one license per process.


0
Q: [[0 1 0 0 0 1 1 0 1 0 1 1 1 0 1]
 [1 1 1 1 1 0 1 1 0 1 1 1 0 1 0]
 [0 1 1 1 1 0 1 1 0 1 1 1 0 1 1]
 [1 1 1 0 1 1 1 1 1 1 1 0 1 1 1]
 [1 1 0 1 1 1 1 0 0 0 1 1 0 1 1]
 [0 1 1 1 1 0 1 1 0 1 1 1 1 0 1]
 [0 1 1 1 0 1 1 1 1 1 1 0 1 1 0]
 [1 1 1 1 1 0 1 1 1 1 1 1 1 0 1]
 [1 0 1 1 1 0 0 1 1 0 1 1 1 1 1]
 [0 0 0 1 0 1 1 0 1 1 1 1 1 1 1]
 [1 1 1 1 1 1 1 1 1 1 0 1 1 0 0]
 [0 0 1 0 1 0 1 1 0 1 1 1 1 1 1]
 [1 1 0 1 1 1 1 0 1 1 1 1 1 0 1]
 [0 0 1 1 1 0 1 1 1 1 0 1 0 0 1]
 [1 0 1 0 1 1 1 1 1 1 0 0 0 0 1]
 [0 1 1 0 1 1 1 1 1 0 1 1 1 1 1]
 [1 0 0 1 1 1 0 0 1 1 1 1 1 1 1]
 [0 1 0 1 1 1 0 1 0 1 0 1 0 1 1]
 [0 1 0 0 0 1 1 0 1 0 1 1 1 1 1]
 [1 1 1 1 1 1 1 1 1 1 0 1 1 0 1]
 [0 1 1 1 1 1 1 1 1 1 1 1 0 0 0]
 [1 1 0 0 0 1 1 1 1 0 0 1 1 1 1]
 [0 1 1 1 1 1 1 0 1 1 1 1 0 0 1]
 [0 1 1 0 1 1 0 0 1 1 1 0 1 1 1]
 [1 1 1 1 1 0 1 1 1 1 0 1 1 1 0]]
Q is not identifiable (three-column submatrix not identifiable).
Q is not identifiable, and Q_bar is [[0 1 0 0 0 1 1 0 1 0 1 1 1 0 1]
 [1 1 1 1 1 0 1 1 0 1 1 1 0 1 0]
 [0 1 1 1 1 0 1 1 0 1 1 1 0 1 1]
 [1 1 1 0 1 1 1 1 1 1 1 0 1 1 1]
 [1 1 0 1 1 1 1 0 0 0 1 1 0 1 1]
 [0 1 1 1 1 0 1 1 0 1 1 1 1 0 1]
 [0 1 1 1 0 1 1 1 1 1 1 0 1 1 0]
 [1 1 1 1 1 0 1 1 1 1 1 1 1 0 1]
 [1 0 1 1 1 0 0 1 1 0 1 1 1 1 1]
 [0 0 1 1 0 0 1 0 1 1 1 0 1 1 1]
 [1 1 1 1 1 1 1 1 1 1 0 1 1 0 0]
 [0 0 1 0 1 0 1 1 0 1 1 1 1 1 1]
 [1 1 0 1 1 1 1 0 1 1 1 1 1 0 1]
 [0 0 1 1 1 0 1 1 1 1 0 1 0 0 1]
 [1 0 1 0 1 1 1 1 1 1 0 0 0 0 1]
 [0 1 1 0 1 1 1 1 1 0 1 1 1 1 1]
 [1 0 0 1 1 1 0 0 1 1 1 1 1 1 1]
 [0 1 0 1 1 1 0 1 0 1 0 1 0 1 1]
 [0 1 0 0 0 1 1 0 1 0 1 1 1 1 1]
 [1 1 1 1 1 1 1 1 1 1 0 1 1 0 1]
 [0 1 1 1 1 1 1 1 1 1 1 1 0 0 0]
 [1 1 0 0 0 1 1 1 1 0 0 1 1 1 1]
 [0 1 1 1 1 1 1 0 1 1 1 1 0 0 1]
 [0 1 1 0 1 1 0 0 1 1 1 0 1 1 1]
 [1 1 1 1 1 0 1 1 1 1 0 1 1 1 0]]
branch at 3
runtime for solving id of Q is 0.00596845499239862
Simulation results:
{'J': 25, 'K': 15, 'N': 10, 'p': 0.7, 'seed': 13, 'sim': 0, 'runtime': 0.00596845499239862, 'identifiable': 0, 'branch': 3}
1
Q: [[1 1 1 0 1 0 1 0 0 1 0 0 1 1 1]
 [1 0 1 1 0 1 1 1 1 1 1 0 0 0 0]
 [1 1 0 0 1 1 1 1 1 0 1 1 0 1 1]
 [0 1 0 0 1 1 0 1 1 0 1 1 1 1 0]
 [1 0 0 0 1 1 1 1 1 1 1 1 0 0 0]
 [1 1 1 0 1 1 1 1 1 1 1 1 0 1 1]
 [1 1 0 1 0 1 0 1 0 1 1 0 0 0 1]
 [1 1 1 1 0 1 0 1 0 1 1 0 1 1 1]
 [1 0 0 1 1 1 1 1 0 1 1 0 0 1 1]
 [1 1 1 1 1 1 1 1 1 1 1 1 0 1 1]
 [1 0 1 1 1 1 1 0 1 1 1 1 0 0 1]
 [1 1 0 1 1 0 0 1 1 1 0 1 0 0 1]
 [1 1 0 1 0 0 1 1 0 1 1 0 0 0 1]
 [1 0 1 1 1 0 0 1 0 0 1 1 1 1 1]
 [1 0 0 1 1 0 1 0 0 1 1 1 0 0 1]
 [0 1 1 1 1 1 1 1 1 1 0 0 1 1 1]
 [1 1 1 1 1 0 0 1 0 1 1 1 1 1 0]
 [1 0 1 1 1 1 0 0 0 1 1 1 1 1 1]
 [1 0 1 1 1 0 0 0 1 1 1 1 1 0 1]
 [1 1 1 1 1 1 0 1 1 1 1 0 1 1 1]
 [1 1 1 1 1 0 1 1 0 1 1 1 1 1 1]
 [1 1 1 0 1 1 0 1 1 1 1 1 1 1 0]
 [0 0 1 1 1 0 1 0 1 1 0 1 1 1 1]
 [1 1 0 1 1 1 1 1 1 1 1 1 1 1 0]
 [1 1 0 0 1 1 1 1 0 1 0 0 1 0 1]]
Q is not identifiable (two-column submatrix not identifiable).
Q is not identifiable, and Q_bar is [[1 1 1 0 1 0 1 0 0 1 0 0 1 1 1]
 [1 0 1 1 0 1 1 1 1 1 1 0 0 0 0]
 [1 1 0 0 0 1 1 1 1 0 1 1 0 1 1]
 [0 1 0 0 0 1 0 1 1 0 1 1 1 1 0]
 [1 0 0 0 0 1 1 1 1 1 1 1 0 0 0]
 [1 1 1 0 0 1 1 1 1 1 1 1 0 1 1]
 [1 1 0 1 0 1 0 1 0 1 1 0 0 0 1]
 [1 1 1 1 0 1 0 1 0 1 1 0 1 1 1]
 [1 0 0 1 1 1 1 1 0 1 1 0 0 1 1]
 [1 1 1 1 0 1 1 1 1 1 1 1 0 1 1]
 [1 0 1 1 0 1 1 0 1 1 1 1 0 0 1]
 [1 1 0 1 0 0 0 1 1 1 0 1 0 0 1]
 [1 1 0 1 0 0 1 1 0 1 1 0 0 0 1]
 [1 0 1 1 0 0 0 1 0 0 1 1 1 1 1]
 [1 0 0 1 0 0 1 0 0 1 1 1 0 0 1]
 [0 1 1 1 1 1 1 1 1 1 0 0 1 1 1]
 [1 1 1 1 0 0 0 1 0 1 1 1 1 1 0]
 [1 0 1 1 0 1 0 0 0 1 1 1 1 1 1]
 [1 0 1 1 0 0 0 0 1 1 1 1 1 0 1]
 [1 1 1 1 1 1 0 1 1 1 1 0 1 1 1]
 [1 1 1 1 0 0 1 1 0 1 1 1 1 1 1]
 [1 1 1 0 0 1 0 1 1 1 1 1 1 1 0]
 [0 0 1 1 0 0 1 0 1 1 0 1 1 1 1]
 [1 1 0 1 0 1 1 1 1 1 1 1 1 1 0]
 [1 1 0 0 1 1 1 1 0 1 0 0 1 0 1]]
branch at 2
runtime for solving id of Q is 0.0033792811445891857
Simulation results:
{'J': 25, 'K': 15, 'N': 10, 'p': 0.7, 'seed': 13, 'sim': 1, 'runtime': 0.0033792811445891857, 'identifiable': 0, 'branch': 2}
2
Q: [[0 1 1 0 1 1 1 0 0 1 1 1 1 1 1]
 [1 1 1 1 1 1 0 0 1 1 1 1 0 1 1]
 [1 0 0 0 1 0 1 1 1 0 0 0 0 1 1]
 [1 0 0 1 1 1 0 1 1 1 1 1 1 1 0]
 [1 1 0 1 1 0 0 0 0 1 0 0 1 1 1]
 [1 0 1 0 1 0 1 1 1 1 0 1 0 1 0]
 [1 1 0 1 1 1 1 1 1 1 1 0 1 0 1]
 [1 1 1 1 1 1 1 1 1 1 1 1 1 1 1]
 [1 1 1 1 0 0 1 1 1 1 0 0 1 1 0]
 [0 1 1 1 1 1 1 1 1 0 1 1 0 1 1]
 [0 0 0 1 1 0 1 0 0 0 1 1 0 1 0]
 [1 1 1 1 1 0 1 1 0 1 1 1 1 1 0]
 [0 0 1 1 0 1 1 1 1 1 1 1 0 0 1]
 [1 1 0 0 0 0 1 1 0 1 1 1 1 0 0]
 [1 1 1 1 0 1 1 1 0 1 1 1 0 0 1]
 [1 1 1 1 1 1 0 1 0 1 1 1 1 1 1]
 [1 1 1 1 1 1 1 1 1 1 0 0 1 0 1]
 [0 0 1 1 0 1 1 0 0 0 1 1 1 0 1]
 [1 0 0 1 1 1 0 1 1 0 0 1 1 1 0]
 [1 1 1 0 1 1 1 1 1 1 0 0 1 0 0]
 [1 0 0 0 1 1 1 1 1 1 1 1 0 1 1]
 [0 0 0 1 0 1 1 0 0 1 0 1 0 1 1]
 [0 0 1 1 1 0 1 1 1 0 1 0 0 0 1]
 [1 1 0 1 1 0 1 1 0 1 1 1 1 0 1]
 [1 1 1 1 1 1 1 1 1 0 1 1 0 1 1]]
{'restarts': 41, 'conflicts': 7323, 'decisions': 25979, 'propagations': 2997033}
Q is not identifiable, and Q_bar is [[0 0 0 1 0 0 0 1 0 1 1 1 1 0 1]
 [0 1 0 1 0 0 0 1 1 0 0 0 0 0 0]
 [0 1 1 0 0 0 0 0 0 0 0 1 0 0 0]
 [0 1 1 1 1 1 0 0 0 0 0 0 0 0 1]
 [0 1 0 0 1 0 0 0 0 0 0 0 1 1 0]
 [0 1 1 0 0 0 1 0 0 1 0 0 0 0 1]
 [1 0 0 0 1 0 0 0 1 0 0 1 0 0 0]
 [0 1 1 1 0 0 1 1 0 1 1 1 1 1 1]
 [1 0 1 0 1 0 0 0 0 1 0 0 0 0 1]
 [0 0 1 0 0 0 1 0 1 1 0 0 0 0 0]
 [0 0 0 0 0 1 1 0 0 0 0 0 0 0 0]
 [1 1 0 0 0 1 0 0 0 1 1 0 1 0 0]
 [0 0 1 1 0 0 0 0 0 1 1 0 0 1 0]
 [1 0 0 0 0 0 0 0 0 0 1 0 1 0 0]
 [1 0 0 1 0 0 0 0 0 1 1 0 0 1 0]
 [1 1 0 1 1 1 0 1 0 0 0 0 0 1 0]
 [1 0 1 0 1 0 0 1 0 1 0 0 0 1 0]
 [0 0 0 1 1 0 0 0 0 1 1 1 0 0 0]
 [0 1 1 1 1 0 0 0 0 0 0 0 0 0 0]
 [1 0 1 0 0 0 0 1 0 1 0 0 1 0 0]
 [0 1 1 1 0 0 0 0 0 0 1 1 0 0 1]
 [0 0 0 1 0 0 1 0 0 0 0 1 0 1 1]
 [0 0 1 0 0 1 0 0 0 1 0 1 0 0 0]
 [1 0 0 0 0 1 0 0 0 0 1 1 1 0 0]
 [0 1 1 0 0 0 1 0 1 1 0 1 0 0 0]]
branch at 5
runtime for solving id of Q is 0.46691057994030416
Simulation results:
{'J': 25, 'K': 15, 'N': 10, 'p': 0.7, 'seed': 13, 'sim': 2, 'runtime': 0.46691057994030416, 'identifiable': 0, 'branch': 5}
3
Q: [[1 1 1 1 1 1 1 0 1 1 1 0 0 0 1]
 [1 1 0 1 1 1 1 1 1 1 1 1 1 1 1]
 [1 1 0 0 1 0 1 1 1 1 1 1 1 1 1]
 [1 1 1 1 0 0 1 1 1 1 1 1 1 1 1]
 [1 1 0 1 0 1 0 1 1 0 1 1 0 1 1]
 [1 1 1 1 1 1 1 1 1 1 1 1 1 0 1]
 [1 0 1 1 1 1 1 1 1 1 0 1 1 1 1]
 [0 0 1 0 1 1 1 1 1 0 0 0 1 1 1]
 [0 0 1 1 1 0 1 1 0 1 1 0 1 1 1]
 [1 1 1 1 1 0 1 0 0 1 1 0 0 1 1]
 [1 1 0 1 0 0 1 1 1 1 1 1 1 0 0]
 [0 1 0 1 1 1 0 1 1 1 1 1 0 0 1]
 [1 1 1 1 0 1 1 1 1 0 0 0 1 0 1]
 [1 0 1 1 1 1 0 0 1 1 0 0 0 1 1]
 [1 0 0 1 1 1 1 0 0 1 0 1 1 1 1]
 [1 1 1 1 1 1 0 1 0 1 1 1 1 1 1]
 [1 1 1 1 1 1 1 1 1 1 1 0 0 1 0]
 [0 1 1 0 0 0 0 1 1 0 0 1 1 1 1]
 [1 1 1 0 1 1 1 1 1 1 1 1 1 1 1]
 [1 1 1 0 0 1 1 1 0 1 1 1 1 1 1]
 [1 1 0 1 0 1 1 0 1 1 0 0 1 0 1]
 [1 1 1 0 0 1 1 1 1 0 0 1 0 0 1]
 [1 1 1 1 1 1 0 1 1 0 1 1 0 1 1]
 [0 1 1 1 0 1 1 1 1 1 1 1 1 1 1]
 [1 0 0 1 0 1 1 1 1 1 1 1 0 0 1]]
Q is not identifiable (three-column submatrix not identifiable).
Q is not identifiable, and Q_bar is [[1 1 1 1 1 1 1 0 1 1 1 0 0 0 1]
 [1 1 0 1 1 1 1 1 1 1 1 1 1 1 1]
 [1 1 0 0 1 0 1 1 1 1 1 1 1 1 1]
 [1 1 1 1 0 0 1 1 1 1 1 1 1 1 1]
 [1 1 0 1 0 1 0 1 1 0 1 1 0 1 1]
 [1 1 1 1 1 1 1 1 1 1 1 1 1 0 1]
 [1 0 1 1 1 1 1 0 1 1 0 1 1 1 1]
 [1 0 1 0 1 1 1 0 1 0 0 0 1 1 0]
 [0 0 1 1 1 0 1 1 0 1 1 0 1 1 1]
 [1 1 1 1 1 0 1 0 0 1 1 0 0 1 1]
 [1 1 0 1 0 0 1 1 1 1 1 1 1 0 0]
 [0 1 0 1 1 1 0 1 1 1 1 1 0 0 1]
 [1 1 1 1 0 1 1 1 1 0 0 0 1 0 1]
 [1 0 1 1 1 1 0 0 1 1 0 0 0 1 1]
 [1 0 0 1 1 1 1 0 0 1 0 1 1 1 1]
 [1 1 1 1 1 1 0 1 0 1 1 1 1 1 1]
 [1 1 1 1 1 1 1 1 1 1 1 0 0 1 0]
 [0 1 1 0 0 0 0 1 1 0 0 1 1 1 1]
 [1 1 1 0 1 1 1 1 1 1 1 1 1 1 1]
 [1 1 1 0 0 1 1 1 0 1 1 1 1 1 1]
 [1 1 0 1 0 1 1 0 1 1 0 0 1 0 1]
 [1 1 1 0 0 1 1 1 1 0 0 1 0 0 1]
 [1 1 1 1 1 1 0 1 1 0 1 1 0 1 1]
 [0 1 1 1 0 1 1 1 1 1 1 1 1 1 1]
 [1 0 0 1 0 1 1 1 1 1 1 1 0 0 1]]
branch at 3
runtime for solving id of Q is 0.004318205174058676
Simulation results:
{'J': 25, 'K': 15, 'N': 10, 'p': 0.7, 'seed': 13, 'sim': 3, 'runtime': 0.004318205174058676, 'identifiable': 0, 'branch': 3}
4
Q: [[1 1 0 1 0 1 0 1 1 1 0 0 1 1 0]
 [1 0 0 0 0 1 1 0 0 0 1 1 0 1 1]
 [0 1 1 0 1 0 1 1 0 1 1 1 1 1 1]
 [1 1 0 0 1 1 1 0 1 0 0 1 1 1 1]
 [1 1 1 0 1 1 1 1 1 1 0 0 0 1 1]
 [1 0 1 1 1 0 1 1 1 1 1 0 1 1 1]
 [0 0 1 1 1 1 1 0 1 1 1 1 0 0 1]
 [1 0 0 0 1 1 1 1 1 0 1 0 1 1 1]
 [1 1 1 0 1 0 0 1 1 0 1 1 1 1 1]
 [1 1 1 0 1 1 1 0 1 1 1 0 0 1 1]
 [1 1 1 0 1 1 1 1 0 1 0 0 1 1 1]
 [1 1 0 1 1 1 1 1 1 0 1 1 0 1 1]
 [1 1 1 1 1 0 1 1 0 1 1 1 0 1 1]
 [1 1 1 0 1 0 0 1 1 1 1 0 1 1 0]
 [0 0 1 0 1 1 1 1 1 1 0 0 0 1 1]
 [1 1 1 0 1 1 0 0 0 0 1 0 1 0 1]
 [0 1 1 1 1 1 1 0 0 0 0 0 1 1 0]
 [1 1 1 1 1 0 1 0 0 0 1 1 1 1 1]
 [1 1 1 0 0 1 1 1 1 0 1 1 0 1 1]
 [0 0 1 0 1 0 1 0 0 1 0 0 1 0 1]
 [0 1 0 1 1 0 1 1 1 1 1 0 0 1 1]
 [1 1 1 0 1 1 1 1 1 0 0 1 0 1 0]
 [1 1 0 0 1 1 1 0 1 1 0 1 0 1 1]
 [1 0 1 1 1 1 1 0 1 1 1 0 1 0 1]
 [1 1 1 1 1 1 1 0 0 0 0 1 1 1 1]]
Q is not identifiable (two-column submatrix not identifiable).
Q is not identifiable, and Q_bar is [[1 1 0 1 0 1 0 1 1 1 0 0 1 0 0]
 [1 0 0 0 0 1 1 0 0 0 1 1 0 1 1]
 [0 1 1 0 1 0 1 1 0 1 1 1 1 0 1]
 [1 1 0 0 1 1 1 0 1 0 0 1 1 1 1]
 [1 1 1 0 1 1 1 1 1 1 0 0 0 0 1]
 [1 0 1 1 1 0 1 1 1 1 1 0 1 0 1]
 [0 0 1 1 1 1 1 0 1 1 1 1 0 0 1]
 [1 0 0 0 1 1 1 1 1 0 1 0 1 0 1]
 [1 1 1 0 1 0 0 1 1 0 1 1 1 0 1]
 [1 1 1 0 1 1 1 0 1 1 1 0 0 1 1]
 [1 1 1 0 1 1 1 1 0 1 0 0 1 0 1]
 [1 1 0 1 1 1 1 1 1 0 1 1 0 0 1]
 [1 1 1 1 1 0 1 1 0 1 1 1 0 0 1]
 [1 1 1 0 1 0 0 1 1 1 1 0 1 0 0]
 [0 0 1 0 1 1 1 1 1 1 0 0 0 0 1]
 [1 1 1 0 1 1 0 0 0 0 1 0 1 0 1]
 [0 1 1 1 1 1 1 0 0 0 0 0 1 1 0]
 [1 1 1 1 1 0 1 0 0 0 1 1 1 1 1]
 [1 1 1 0 0 1 1 1 1 0 1 1 0 0 1]
 [0 0 1 0 1 0 1 0 0 1 0 0 1 0 1]
 [0 1 0 1 1 0 1 1 1 1 1 0 0 0 1]
 [1 1 1 0 1 1 1 1 1 0 0 1 0 0 0]
 [1 1 0 0 1 1 1 0 1 1 0 1 0 1 1]
 [1 0 1 1 1 1 1 0 1 1 1 0 1 0 1]
 [1 1 1 1 1 1 1 0 0 0 0 1 1 1 1]]
branch at 2
runtime for solving id of Q is 0.0044413909781724215
Simulation results:
{'J': 25, 'K': 15, 'N': 10, 'p': 0.7, 'seed': 13, 'sim': 4, 'runtime': 0.0044413909781724215, 'identifiable': 0, 'branch': 2}
5
Q: [[0 0 1 1 1 1 1 0 1 1 1 1 1 1 1]
 [0 1 1 1 1 1 1 1 1 0 0 1 1 1 1]
 [1 1 0 1 0 1 1 1 0 1 0 1 1 0 1]
 [0 1 0 1 1 0 1 1 1 1 1 0 1 1 1]
 [1 0 1 1 1 0 1 1 1 1 1 1 0 1 1]
 [1 1 1 0 1 1 1 1 1 1 0 0 1 1 1]
 [1 1 1 1 1 1 1 1 1 1 0 1 1 1 1]
 [1 0 1 1 1 1 1 1 1 0 1 1 1 1 1]
 [1 1 1 1 1 1 1 0 1 0 0 1 1 0 0]
 [1 0 0 1 1 1 1 1 1 1 1 1 1 1 1]
 [0 1 1 1 1 0 1 1 0 0 1 1 1 0 0]
 [0 1 1 1 0 0 1 0 1 0 1 1 0 1 1]
 [1 1 1 1 0 1 0 1 0 1 1 1 0 1 1]
 [0 1 0 1 0 0 1 1 0 0 1 1 0 1 1]
 [1 1 0 1 1 1 1 1 1 1 0 1 1 1 1]
 [0 1 1 1 0 1 1 1 1 1 1 1 1 1 1]
 [0 0 1 1 0 1 0 0 1 1 1 0 0 1 1]
 [1 1 1 1 0 1 1 1 1 1 1 0 0 0 0]
 [1 1 1 1 0 1 1 1 1 1 1 0 0 1 1]
 [1 1 0 1 1 1 1 1 0 0 1 1 1 1 1]
 [0 0 1 0 1 1 1 1 1 1 0 0 1 1 1]
 [0 1 1 1 0 0 1 0 1 1 0 1 1 1 0]
 [1 1 1 0 1 1 1 0 1 1 1 0 1 1 1]
 [1 1 1 0 1 0 1 1 1 1 0 1 1 0 1]
 [1 0 1 0 1 1 1 1 1 0 1 1 1 1 0]]
Q is not identifiable (two-column submatrix not identifiable).
Q is not identifiable, and Q_bar is [[0 0 1 1 1 1 0 0 1 1 1 1 1 1 1]
 [0 1 1 1 1 1 0 1 1 0 0 1 1 1 1]
 [1 1 0 1 0 1 1 1 0 1 0 1 1 0 1]
 [0 1 0 1 1 0 0 1 1 1 1 0 1 1 1]
 [1 0 1 1 1 0 0 1 1 1 1 1 0 1 1]
 [1 1 1 0 1 1 0 1 1 1 0 0 1 1 1]
 [1 1 1 1 1 1 1 1 1 1 0 1 1 1 1]
 [1 0 1 1 1 1 0 1 1 0 1 1 1 1 1]
 [1 1 1 1 1 1 0 0 1 0 0 1 1 0 0]
 [1 0 0 1 1 1 0 1 1 1 1 1 1 1 1]
 [0 1 1 1 1 0 0 1 0 0 1 1 1 0 0]
 [0 1 1 1 0 0 1 0 1 0 1 1 0 1 1]
 [1 1 1 1 0 1 0 1 0 1 1 1 0 1 1]
 [0 1 0 1 0 0 1 1 0 0 1 1 0 1 1]
 [1 1 0 1 1 1 0 1 1 1 0 1 1 1 1]
 [0 1 1 1 0 1 1 1 1 1 1 1 1 1 1]
 [0 0 1 1 0 1 0 0 1 1 1 0 0 1 1]
 [1 1 1 1 0 1 1 1 1 1 1 0 0 0 0]
 [1 1 1 1 0 1 1 1 1 1 1 0 0 1 1]
 [1 1 0 1 1 1 0 1 0 0 1 1 1 1 1]
 [0 0 1 0 1 1 0 1 1 1 0 0 1 1 1]
 [0 1 1 1 0 0 1 0 1 1 0 1 1 1 0]
 [1 1 1 0 1 1 0 0 1 1 1 0 1 1 1]
 [1 1 1 0 1 0 0 1 1 1 0 1 1 0 1]
 [1 0 1 0 1 1 0 1 1 0 1 1 1 1 0]]
branch at 2
runtime for solving id of Q is 0.002720562042668462
Simulation results:
{'J': 25, 'K': 15, 'N': 10, 'p': 0.7, 'seed': 13, 'sim': 5, 'runtime': 0.002720562042668462, 'identifiable': 0, 'branch': 2}
6
Q: [[0 1 1 1 1 1 1 1 1 1 1 1 0 0 1]
 [1 1 1 1 1 0 1 0 1 0 1 1 1 1 0]
 [1 1 1 1 1 0 1 1 0 1 0 0 1 0 0]
 [1 1 1 1 1 0 1 0 0 0 0 1 1 1 1]
 [1 1 0 0 1 0 1 0 1 1 0 1 0 1 0]
 [1 1 0 1 0 1 1 0 0 0 1 1 1 0 1]
 [0 1 0 1 0 1 1 0 1 1 1 1 1 0 1]
 [0 1 1 1 1 1 1 0 0 0 1 1 1 1 1]
 [1 0 0 1 1 0 1 1 1 1 1 1 1 1 0]
 [1 0 0 1 1 1 1 1 1 1 1 1 1 1 0]
 [1 1 1 1 1 1 1 1 1 1 1 1 1 1 1]
 [1 1 0 1 1 1 1 1 1 0 1 1 0 1 1]
 [1 1 0 1 0 0 1 0 1 1 1 1 1 1 0]
 [1 0 0 0 1 0 1 0 1 1 1 0 1 1 0]
 [0 1 1 1 0 0 1 0 1 1 1 1 1 1 1]
 [0 1 1 1 1 0 1 1 1 1 1 1 1 1 1]
 [1 1 0 0 1 1 1 0 1 1 1 0 1 0 0]
 [0 1 1 1 1 1 0 1 0 1 1 1 1 1 1]
 [1 1 1 1 0 1 1 1 0 1 1 0 1 0 0]
 [1 0 0 1 1 1 1 1 1 0 0 0 0 0 0]
 [1 1 1 1 0 1 1 0 0 1 1 0 0 1 1]
 [1 1 1 1 1 0 1 1 1 1 1 0 1 1 0]
 [0 1 1 1 1 1 1 0 0 1 1 1 1 1 1]
 [1 0 0 1 1 1 1 1 1 0 1 1 1 0 1]
 [0 0 1 0 1 0 1 0 1 1 0 0 1 1 0]]
Q is not identifiable (two-column submatrix not identifiable).
Q is not identifiable, and Q_bar is [[0 1 1 1 1 1 1 1 1 1 1 1 0 0 1]
 [1 1 1 1 1 0 0 0 1 0 1 1 1 1 0]
 [1 1 1 1 1 0 0 1 0 1 0 0 1 0 0]
 [1 1 1 1 1 0 0 0 0 0 0 1 1 1 1]
 [1 1 0 0 1 0 0 0 1 1 0 1 0 1 0]
 [1 1 0 1 0 1 0 0 0 0 1 1 1 0 1]
 [0 1 0 1 0 1 1 0 1 1 1 1 1 0 1]
 [0 1 1 1 1 1 1 0 0 0 1 1 1 1 1]
 [1 0 0 1 1 0 0 1 1 1 1 1 1 1 0]
 [1 0 0 1 1 1 0 1 1 1 1 1 1 1 0]
 [1 1 1 1 1 1 1 1 1 1 1 1 1 1 1]
 [1 1 0 1 1 1 0 1 1 0 1 1 0 1 1]
 [1 1 0 1 0 0 0 0 1 1 1 1 1 1 0]
 [1 0 0 0 1 0 0 0 1 1 1 0 1 1 0]
 [0 1 1 1 0 0 1 0 1 1 1 1 1 1 1]
 [0 1 1 1 1 0 1 1 1 1 1 1 1 1 1]
 [1 1 0 0 1 1 0 0 1 1 1 0 1 0 0]
 [0 1 1 1 1 1 0 1 0 1 1 1 1 1 1]
 [1 1 1 1 0 1 0 1 0 1 1 0 1 0 0]
 [1 0 0 1 1 1 0 1 1 0 0 0 0 0 0]
 [1 1 1 1 0 1 0 0 0 1 1 0 0 1 1]
 [1 1 1 1 1 0 0 1 1 1 1 0 1 1 0]
 [0 1 1 1 1 1 1 0 0 1 1 1 1 1 1]
 [1 0 0 1 1 1 0 1 1 0 1 1 1 0 1]
 [0 0 1 0 1 0 1 0 1 1 0 0 1 1 0]]
branch at 2
runtime for solving id of Q is 0.0020690630190074444
Simulation results:
{'J': 25, 'K': 15, 'N': 10, 'p': 0.7, 'seed': 13, 'sim': 6, 'runtime': 0.0020690630190074444, 'identifiable': 0, 'branch': 2}
7
Q: [[1 0 0 0 1 0 1 1 1 1 1 1 0 1 1]
 [1 0 1 1 0 1 0 1 1 0 1 0 0 1 1]
 [1 1 0 0 1 1 1 1 0 1 1 1 1 1 1]
 [0 1 1 1 1 0 1 0 1 0 1 1 1 0 1]
 [1 0 1 1 0 1 1 1 1 1 1 1 1 1 1]
 [1 1 1 0 1 0 0 0 1 1 0 1 1 1 0]
 [1 1 1 1 1 0 1 0 0 1 0 0 1 1 1]
 [1 1 1 1 0 1 0 1 0 1 1 0 1 1 1]
 [1 1 0 0 1 1 1 1 0 1 1 1 1 0 1]
 [0 0 1 0 0 1 0 0 1 1 1 0 1 1 0]
 [0 0 1 1 0 1 1 0 1 1 1 0 0 1 1]
 [1 1 1 0 1 1 0 0 1 1 1 0 0 1 1]
 [0 1 1 0 1 1 1 1 1 1 0 1 1 0 0]
 [1 0 1 0 1 1 0 1 0 1 0 1 0 0 1]
 [0 1 0 0 1 0 0 1 1 0 0 0 0 0 0]
 [0 1 0 1 1 1 1 1 0 0 0 1 0 1 0]
 [1 1 0 1 0 0 1 1 1 1 0 0 1 0 0]
 [1 1 0 1 0 1 1 1 1 0 1 1 1 0 0]
 [1 1 1 1 1 1 1 1 0 1 1 0 1 1 1]
 [1 1 1 1 1 0 1 1 1 1 0 1 0 1 0]
 [1 1 1 0 0 0 1 0 1 1 1 1 1 1 0]
 [1 1 0 1 1 1 0 0 1 1 0 1 1 1 1]
 [0 1 1 1 0 1 0 1 0 1 1 0 0 0 0]
 [1 0 1 0 1 1 1 1 1 1 1 1 1 1 0]
 [1 0 1 0 1 0 1 1 1 1 1 0 1 0 1]]
{'restarts': 22, 'conflicts': 16578, 'decisions': 38914, 'propagations': 7821895}
Q is not identifiable, and Q_bar is [[0 1 1 1 0 0 0 1 1 0 0 1 1 1 0]
 [0 0 1 0 0 1 1 0 1 0 0 1 0 1 0]
 [1 1 1 1 0 1 0 1 0 0 1 0 1 1 1]
 [0 1 1 0 1 0 1 1 1 0 1 0 1 0 0]
 [0 0 1 1 0 1 1 1 1 0 1 1 1 1 0]
 [1 1 0 0 0 0 0 1 1 1 1 0 0 1 0]
 [1 1 0 1 1 0 1 0 0 0 1 0 1 1 0]
 [1 0 1 1 1 1 0 0 0 1 1 1 0 1 0]
 [0 1 1 1 0 1 0 1 0 0 1 1 1 0 1]
 [0 0 1 0 0 1 0 0 1 1 1 0 0 1 0]
 [0 0 1 1 0 1 1 0 1 0 0 0 1 1 0]
 [1 1 1 1 0 1 0 0 1 1 0 0 0 1 0]
 [0 1 0 0 0 1 0 1 1 1 1 0 1 0 1]
 [0 1 0 1 0 1 0 1 0 1 0 1 0 0 0]
 [0 1 0 0 0 0 0 0 1 0 0 0 0 0 1]
 [0 1 0 0 1 1 0 1 0 0 0 0 1 1 1]
 [1 0 0 0 1 0 0 0 1 0 1 1 1 0 0]
 [0 0 1 0 1 1 0 1 1 0 1 1 1 0 0]
 [1 1 1 1 1 1 1 0 0 1 1 0 1 1 1]
 [1 1 0 0 1 0 0 1 1 1 0 1 1 1 1]
 [1 0 1 0 0 0 0 1 1 1 1 0 1 1 0]
 [1 1 0 1 1 1 0 1 1 0 1 0 0 1 0]
 [0 0 1 0 1 1 0 0 0 1 0 0 0 0 1]
 [0 1 1 0 0 1 0 1 1 1 1 1 1 1 0]
 [0 1 1 1 0 0 0 0 1 1 1 1 1 0 0]]
branch at 5
runtime for solving id of Q is 1.5674048629589379
Simulation results:
{'J': 25, 'K': 15, 'N': 10, 'p': 0.7, 'seed': 13, 'sim': 7, 'runtime': 1.5674048629589379, 'identifiable': 0, 'branch': 5}
8
Q: [[0 0 1 1 0 1 1 1 0 1 0 0 1 0 0]
 [1 1 1 0 1 1 1 1 1 1 1 1 1 1 0]
 [0 1 1 0 1 1 1 1 1 1 0 1 1 0 0]
 [1 1 0 0 0 0 1 1 1 1 1 1 1 1 1]
 [1 1 1 0 0 1 1 1 1 1 1 1 1 1 0]
 [1 1 1 0 0 1 1 1 1 1 0 1 1 1 1]
 [0 0 0 0 0 1 1 1 1 1 1 0 1 0 1]
 [0 1 1 1 1 0 1 0 1 1 1 1 1 0 1]
 [1 1 1 1 0 1 1 1 1 1 1 1 1 1 0]
 [0 1 1 1 0 1 1 0 1 1 1 0 1 0 0]
 [0 0 0 1 1 1 0 1 1 1 1 1 1 0 1]
 [1 1 1 1 1 1 1 1 0 0 1 1 0 1 1]
 [0 0 0 0 1 1 1 1 1 1 1 1 1 1 1]
 [1 0 1 1 0 0 1 1 1 0 1 1 1 1 0]
 [1 1 0 1 1 1 1 1 0 0 0 1 1 1 1]
 [0 1 0 1 0 1 1 1 1 1 1 1 1 0 1]
 [1 1 1 1 0 1 1 1 1 1 1 0 1 1 1]
 [1 1 1 1 0 0 1 0 0 1 0 1 1 0 1]
 [1 1 0 1 0 0 1 0 1 1 1 0 0 0 1]
 [0 0 1 1 1 1 1 1 1 0 0 1 1 0 1]
 [1 1 1 0 1 1 0 1 1 0 1 1 1 0 1]
 [1 1 1 1 1 0 1 1 1 1 1 1 1 0 1]
 [0 1 1 1 1 0 0 1 0 1 1 1 1 1 1]
 [1 0 0 1 1 0 1 1 1 1 0 1 0 1 1]
 [0 1 1 1 1 1 1 1 1 0 0 1 1 1 1]]
Q is not identifiable (two-column submatrix not identifiable).
Q is not identifiable, and Q_bar is [[0 0 1 1 0 1 1 1 0 1 0 0 1 0 0]
 [1 1 1 0 1 1 1 1 1 1 1 1 1 1 0]
 [0 1 1 0 1 1 1 1 1 1 0 0 1 0 0]
 [1 1 0 0 0 0 1 1 1 1 1 1 1 1 1]
 [1 1 1 0 0 1 1 1 1 1 1 1 1 1 0]
 [1 1 1 0 0 1 1 1 1 1 0 1 1 1 1]
 [0 0 0 0 0 1 1 1 1 1 1 0 1 0 1]
 [0 1 1 1 1 0 1 0 1 1 1 0 1 0 1]
 [1 1 1 1 0 1 1 1 1 1 1 1 1 1 0]
 [0 1 1 1 0 1 1 0 1 1 1 0 1 0 0]
 [0 0 0 1 1 1 0 1 1 1 1 0 1 0 1]
 [1 1 1 1 1 1 1 1 0 0 1 0 0 1 1]
 [0 0 0 0 1 1 1 1 1 1 1 0 1 1 1]
 [1 0 1 1 0 0 1 1 1 0 1 1 1 1 0]
 [1 1 0 1 1 1 1 1 0 0 0 0 1 1 1]
 [0 1 0 1 0 1 1 1 1 1 1 1 1 0 1]
 [1 1 1 1 0 1 1 1 1 1 1 0 1 1 1]
 [1 1 1 1 0 0 1 0 0 1 0 1 1 0 1]
 [1 1 0 1 0 0 1 0 1 1 1 0 0 0 1]
 [0 0 1 1 1 1 1 1 1 0 0 0 1 0 1]
 [1 1 1 0 1 1 0 1 1 0 1 0 1 0 1]
 [1 1 1 1 1 0 1 1 1 1 1 0 1 0 1]
 [0 1 1 1 1 0 0 1 0 1 1 0 1 1 1]
 [1 0 0 1 1 0 1 1 1 1 0 0 0 1 1]
 [0 1 1 1 1 1 1 1 1 0 0 0 1 1 1]]
branch at 2
runtime for solving id of Q is 0.0031622860115021467
Simulation results:
{'J': 25, 'K': 15, 'N': 10, 'p': 0.7, 'seed': 13, 'sim': 8, 'runtime': 0.0031622860115021467, 'identifiable': 0, 'branch': 2}
9
Q: [[1 1 1 1 0 1 1 0 1 0 1 1 1 0 0]
 [1 1 0 1 1 1 1 1 1 1 1 1 1 1 1]
 [0 1 0 0 1 1 1 0 1 1 1 1 1 1 1]
 [1 1 1 0 1 0 1 1 1 0 1 0 1 1 1]
 [1 0 1 1 1 1 0 1 1 0 0 1 0 1 1]
 [1 1 1 1 1 1 0 1 1 1 1 1 1 0 1]
 [1 0 1 0 1 1 0 1 1 1 1 0 1 0 1]
 [0 1 1 0 0 0 1 1 1 0 1 1 0 1 0]
 [0 1 1 1 1 0 1 1 1 1 1 1 1 1 1]
 [1 0 1 1 0 0 1 1 0 1 1 1 1 1 1]
 [0 0 0 1 1 1 1 1 1 1 1 1 1 0 0]
 [1 1 0 1 1 1 1 0 1 1 0 1 0 1 1]
 [1 1 1 1 1 1 0 1 1 1 0 0 1 1 1]
 [0 1 1 1 1 1 1 0 1 0 0 1 0 0 1]
 [1 1 0 0 1 0 1 0 1 1 0 0 1 0 0]
 [0 1 0 1 1 1 0 0 1 0 1 0 1 1 1]
 [1 1 1 0 1 0 1 0 0 1 0 0 0 1 1]
 [1 1 0 1 1 0 1 0 1 1 1 1 1 0 0]
 [1 1 1 1 1 0 1 1 0 1 1 0 1 1 1]
 [0 0 1 0 1 1 1 0 1 1 1 1 1 1 1]
 [1 1 1 1 1 1 1 1 0 0 1 0 0 1 1]
 [1 1 1 1 1 1 1 1 0 1 0 1 0 0 1]
 [0 1 0 1 1 1 0 0 1 0 1 1 0 0 1]
 [1 1 0 1 1 1 1 0 1 1 1 1 1 1 1]
 [0 1 1 0 1 1 1 1 1 1 1 1 1 1 1]]
Q is not identifiable (three-column submatrix not identifiable).
Q is not identifiable, and Q_bar is [[1 1 1 1 0 1 1 0 1 0 1 1 1 0 0]
 [1 1 0 1 1 1 1 1 1 1 1 1 1 1 1]
 [0 1 0 0 1 1 1 0 1 1 1 1 1 1 1]
 [1 1 1 0 1 0 1 1 1 0 1 0 1 1 1]
 [1 0 1 1 1 1 0 1 1 0 0 1 0 1 1]
 [1 1 1 1 1 1 0 1 1 1 1 1 1 0 1]
 [1 0 1 0 1 1 0 1 1 1 1 0 1 0 1]
 [0 1 1 0 0 0 1 1 1 0 1 1 0 1 0]
 [0 1 1 1 1 0 1 1 1 1 1 1 1 1 1]
 [1 0 1 1 0 0 1 1 0 1 1 1 1 1 1]
 [0 1 0 1 0 1 1 1 0 1 1 1 1 0 0]
 [1 1 0 1 1 1 1 0 1 1 0 1 0 1 1]
 [1 1 1 1 1 1 0 1 1 1 0 0 1 1 1]
 [0 1 1 1 1 1 1 0 1 0 0 1 0 0 1]
 [1 1 0 0 1 0 1 0 1 1 0 0 1 0 0]
 [0 1 0 1 1 1 0 0 1 0 1 0 1 1 1]
 [1 1 1 0 1 0 1 0 0 1 0 0 0 1 1]
 [1 1 0 1 1 0 1 0 1 1 1 1 1 0 0]
 [1 1 1 1 1 0 1 1 0 1 1 0 1 1 1]
 [0 0 1 0 1 1 1 0 1 1 1 1 1 1 1]
 [1 1 1 1 1 1 1 1 0 0 1 0 0 1 1]
 [1 1 1 1 1 1 1 1 0 1 0 1 0 0 1]
 [0 1 0 1 1 1 0 0 1 0 1 1 0 0 1]
 [1 1 0 1 1 1 1 0 1 1 1 1 1 1 1]
 [0 1 1 0 1 1 1 1 1 1 1 1 1 1 1]]
branch at 3
runtime for solving id of Q is 0.0048630679957568645
Simulation results:
{'J': 25, 'K': 15, 'N': 10, 'p': 0.7, 'seed': 13, 'sim': 9, 'runtime': 0.0048630679957568645, 'identifiable': 0, 'branch': 3}
Simulation results:
[{'J': 25, 'K': 15, 'N': 10, 'p': 0.7, 'seed': 13, 'sim': 0, 'runtime': 0.00596845499239862, 'identifiable': 0, 'branch': 3}, {'J': 25, 'K': 15, 'N': 10, 'p': 0.7, 'seed': 13, 'sim': 1, 'runtime': 0.0033792811445891857, 'identifiable': 0, 'branch': 2}, {'J': 25, 'K': 15, 'N': 10, 'p': 0.7, 'seed': 13, 'sim': 2, 'runtime': 0.46691057994030416, 'identifiable': 0, 'branch': 5}, {'J': 25, 'K': 15, 'N': 10, 'p': 0.7, 'seed': 13, 'sim': 3, 'runtime': 0.004318205174058676, 'identifiable': 0, 'branch': 3}, {'J': 25, 'K': 15, 'N': 10, 'p': 0.7, 'seed': 13, 'sim': 4, 'runtime': 0.0044413909781724215, 'identifiable': 0, 'branch': 2}, {'J': 25, 'K': 15, 'N': 10, 'p': 0.7, 'seed': 13, 'sim': 5, 'runtime': 0.002720562042668462, 'identifiable': 0, 'branch': 2}, {'J': 25, 'K': 15, 'N': 10, 'p': 0.7, 'seed': 13, 'sim': 6, 'runtime': 0.0020690630190074444, 'identifiable': 0, 'branch': 2}, {'J': 25, 'K': 15, 'N': 10, 'p': 0.7, 'seed': 13, 'sim': 7, 'runtime': 1.5674048629589379, 'identifiable': 0, 'branch': 5}, {'J': 25, 'K': 15, 'N': 10, 'p': 0.7, 'seed': 13, 'sim': 8, 'runtime': 0.0031622860115021467, 'identifiable': 0, 'branch': 2}, {'J': 25, 'K': 15, 'N': 10, 'p': 0.7, 'seed': 13, 'sim': 9, 'runtime': 0.0048630679957568645, 'identifiable': 0, 'branch': 3}]
