
The Gurobi software has a limited number of licenses. To request a license or
licenses, add this line

    #SBATCH --licenses=gurobi@slurmdb:1

to your SBATCH script, replacing N with the number of licenses you need. Gurobi
will need one license per process.


0
Q: [[0 0 0 0 0]
 [1 0 0 1 0]
 [0 0 0 0 0]
 [0 0 0 0 0]
 [0 0 0 0 0]
 [1 0 0 0 0]
 [0 0 0 1 0]
 [0 0 0 0 1]
 [0 1 0 0 0]
 [0 0 0 0 0]
 [0 0 0 0 0]
 [0 0 0 0 0]
 [0 0 0 0 0]
 [0 1 0 0 0]
 [0 0 0 0 0]
 [0 0 0 0 0]
 [0 0 0 0 0]
 [0 0 0 1 0]
 [0 0 0 0 0]
 [0 0 0 0 0]
 [0 0 0 0 0]
 [0 0 0 0 0]
 [0 0 0 0 0]
 [0 0 0 1 0]
 [0 0 0 0 0]
 [0 1 0 0 0]
 [1 0 0 0 0]
 [0 0 0 0 0]
 [0 0 1 0 0]
 [0 0 0 0 0]
 [0 0 0 0 0]
 [0 0 0 1 0]
 [0 0 0 0 0]
 [0 0 0 0 0]
 [0 0 0 0 1]
 [1 0 0 0 0]
 [0 0 0 0 0]
 [0 0 0 0 0]
 [0 0 0 0 0]
 [0 0 0 0 0]
 [0 0 0 1 0]
 [0 0 0 0 0]
 [0 0 0 0 0]
 [0 0 0 0 0]
 [0 0 0 0 0]
 [0 0 0 0 0]
 [0 0 1 0 0]
 [0 0 0 0 0]
 [0 0 0 1 0]
 [0 0 0 0 0]
 [0 0 0 1 0]
 [0 0 0 0 0]
 [0 0 0 0 0]
 [0 0 0 0 0]
 [0 0 0 0 0]
 [0 1 0 0 0]
 [0 0 1 0 0]
 [0 0 0 0 0]
 [0 0 1 0 1]
 [0 0 0 0 0]
 [0 0 0 0 0]
 [0 0 0 0 0]
 [0 0 0 0 0]
 [0 0 0 0 0]
 [0 1 0 0 0]
 [0 0 1 0 0]
 [0 0 0 0 0]
 [0 0 0 0 0]
 [0 0 0 0 0]
 [0 0 0 0 1]
 [0 0 0 0 1]
 [0 1 0 0 0]
 [0 0 0 0 0]
 [0 0 0 0 0]
 [0 0 0 0 0]
 [1 0 0 0 0]
 [0 0 0 1 0]
 [0 0 0 0 0]
 [0 0 0 0 0]
 [0 0 0 0 0]
 [0 0 0 1 0]
 [0 0 0 0 0]
 [0 0 1 0 1]
 [0 1 0 0 0]
 [0 1 0 0 0]
 [0 0 0 0 0]
 [0 0 0 0 0]
 [0 0 0 0 0]
 [0 0 0 0 0]
 [0 1 0 0 0]
 [0 0 0 0 0]
 [0 0 0 0 0]
 [0 0 0 0 0]
 [0 0 0 0 0]
 [0 0 0 1 0]
 [0 0 0 0 0]
 [0 0 0 0 0]
 [0 0 0 0 0]
 [0 0 0 0 0]
 [0 0 0 0 0]]
Q is identifiable (direct_check).
Q is identifiable
branch at 4
runtime for solving id of Q is 0.001303703524172306
Simulation results:
{'J': 100, 'K': 5, 'N': 10, 'p': 0.1, 'seed': 46, 'sim': 0, 'runtime': 0.001303703524172306, 'identifiable': 1, 'branch': 4}
1
Q: [[0 0 0 0 0]
 [0 0 0 1 0]
 [0 0 0 0 0]
 [1 0 0 0 0]
 [0 0 0 0 0]
 [0 0 0 0 0]
 [0 0 0 0 0]
 [0 0 0 0 0]
 [1 0 0 0 0]
 [0 0 1 0 0]
 [0 0 0 1 0]
 [0 0 0 0 0]
 [0 0 1 0 0]
 [1 0 1 0 0]
 [0 0 0 0 1]
 [0 0 0 0 0]
 [0 0 0 0 0]
 [0 0 0 0 0]
 [0 0 0 0 1]
 [0 0 0 0 0]
 [0 0 0 0 0]
 [0 0 0 0 0]
 [0 0 0 0 0]
 [0 0 0 0 0]
 [0 0 0 0 0]
 [1 0 0 0 0]
 [0 0 0 0 0]
 [0 0 0 0 0]
 [0 0 0 0 0]
 [0 0 0 0 0]
 [0 0 0 0 0]
 [0 1 0 0 0]
 [0 0 1 0 0]
 [0 0 0 0 0]
 [0 0 0 0 1]
 [1 0 1 0 0]
 [0 0 0 0 0]
 [0 0 0 0 0]
 [0 0 0 0 0]
 [0 1 0 0 0]
 [0 1 0 0 0]
 [0 0 0 0 0]
 [0 0 0 1 0]
 [1 1 0 0 0]
 [0 0 0 0 0]
 [0 0 0 0 0]
 [0 0 1 0 0]
 [0 0 0 0 0]
 [0 0 1 0 0]
 [0 0 0 0 0]
 [0 0 0 0 0]
 [0 1 0 0 0]
 [0 0 0 0 0]
 [0 0 0 0 0]
 [0 0 0 0 0]
 [1 1 0 0 0]
 [0 0 0 0 0]
 [0 0 0 0 0]
 [0 1 0 0 0]
 [0 0 0 1 0]
 [1 0 0 0 0]
 [1 0 0 0 0]
 [0 0 1 0 0]
 [0 0 0 0 0]
 [0 0 0 0 1]
 [0 0 0 0 0]
 [0 0 0 0 0]
 [0 1 0 0 0]
 [0 0 0 0 0]
 [0 0 0 1 0]
 [0 0 0 0 0]
 [1 0 0 0 0]
 [0 0 0 0 0]
 [0 0 0 1 0]
 [0 0 0 0 0]
 [0 0 0 0 0]
 [0 1 0 0 0]
 [0 1 0 0 0]
 [0 1 0 1 0]
 [0 0 0 0 0]
 [0 0 0 0 0]
 [0 0 1 0 1]
 [1 0 0 0 0]
 [0 0 0 0 0]
 [0 0 0 0 0]
 [0 0 0 0 1]
 [1 1 0 0 1]
 [1 0 0 0 0]
 [0 0 0 0 1]
 [0 0 0 0 0]
 [0 0 0 0 0]
 [0 0 0 0 0]
 [0 1 0 0 0]
 [1 0 0 0 0]
 [0 0 0 0 0]
 [0 1 0 0 0]
 [1 0 0 0 0]
 [0 0 0 0 0]
 [0 0 0 0 0]
 [0 0 0 0 0]]
Q is identifiable (direct_check).
Q is identifiable
branch at 4
runtime for solving id of Q is 0.0009214812889695168
Simulation results:
{'J': 100, 'K': 5, 'N': 10, 'p': 0.1, 'seed': 46, 'sim': 1, 'runtime': 0.0009214812889695168, 'identifiable': 1, 'branch': 4}
2
Q: [[0 0 0 0 1]
 [0 0 0 0 1]
 [0 0 1 0 0]
 [0 0 0 0 0]
 [0 0 0 0 0]
 [0 1 0 0 0]
 [0 0 0 0 0]
 [1 1 1 1 0]
 [0 0 0 0 0]
 [0 0 0 0 0]
 [0 0 0 0 0]
 [0 0 0 0 0]
 [0 0 0 0 1]
 [0 0 0 0 0]
 [0 0 0 0 0]
 [0 0 0 0 0]
 [1 0 0 0 0]
 [0 0 0 0 0]
 [1 0 0 0 0]
 [0 0 1 1 1]
 [0 0 0 0 1]
 [0 1 0 0 0]
 [0 0 0 0 0]
 [1 0 0 0 0]
 [0 0 0 0 0]
 [0 0 0 0 0]
 [0 1 0 1 0]
 [0 0 0 0 0]
 [0 0 0 0 0]
 [0 0 0 0 0]
 [0 0 1 0 0]
 [0 0 0 0 0]
 [0 0 0 0 0]
 [0 0 0 0 1]
 [1 0 0 0 0]
 [0 0 0 0 0]
 [0 0 0 0 1]
 [0 0 0 1 0]
 [0 0 0 1 0]
 [0 0 0 0 0]
 [0 0 0 0 1]
 [0 0 0 0 0]
 [0 0 0 0 1]
 [0 0 0 0 0]
 [0 0 0 0 0]
 [0 0 0 0 0]
 [0 0 0 0 0]
 [0 0 0 0 0]
 [0 1 0 0 0]
 [0 0 1 0 0]
 [0 0 0 0 0]
 [0 0 0 0 1]
 [0 0 0 0 0]
 [0 0 1 1 1]
 [0 0 0 0 0]
 [0 0 0 0 0]
 [0 0 1 0 0]
 [0 0 0 0 0]
 [0 0 0 0 0]
 [0 0 0 0 0]
 [0 0 1 0 0]
 [1 0 0 1 0]
 [0 0 0 0 0]
 [0 0 0 0 0]
 [0 0 0 0 0]
 [0 0 0 0 0]
 [0 0 0 0 0]
 [0 0 0 0 0]
 [0 0 0 0 0]
 [0 0 0 0 0]
 [1 0 0 0 0]
 [0 0 0 0 0]
 [0 0 1 0 0]
 [0 0 0 0 0]
 [0 0 0 0 0]
 [0 0 0 1 0]
 [0 0 0 0 0]
 [0 0 0 0 0]
 [1 1 1 0 0]
 [0 0 0 1 0]
 [0 0 1 0 1]
 [0 0 0 0 0]
 [0 0 0 1 1]
 [0 0 0 0 0]
 [0 0 0 0 0]
 [0 0 0 0 0]
 [0 0 0 0 0]
 [0 0 0 0 0]
 [0 0 0 0 0]
 [1 0 0 0 0]
 [0 1 0 0 0]
 [0 1 0 0 0]
 [0 0 0 0 0]
 [0 0 0 0 1]
 [0 0 0 0 0]
 [0 0 1 0 0]
 [0 0 1 0 0]
 [0 0 0 0 1]
 [0 0 1 0 0]
 [0 0 0 0 0]]
Q is identifiable (direct_check).
Q is identifiable
branch at 4
runtime for solving id of Q is 0.0007028523832559586
Simulation results:
{'J': 100, 'K': 5, 'N': 10, 'p': 0.1, 'seed': 46, 'sim': 2, 'runtime': 0.0007028523832559586, 'identifiable': 1, 'branch': 4}
3
Q: [[0 0 0 0 0]
 [0 0 0 0 0]
 [1 0 0 0 0]
 [0 0 1 0 1]
 [0 0 0 0 0]
 [0 0 0 0 0]
 [0 0 0 0 0]
 [0 0 0 0 1]
 [0 0 1 0 0]
 [1 0 0 0 0]
 [1 0 0 0 1]
 [0 1 0 0 0]
 [1 0 0 0 0]
 [0 0 0 0 0]
 [0 0 0 0 0]
 [0 0 0 0 0]
 [0 0 0 0 0]
 [0 0 0 0 0]
 [0 0 0 0 0]
 [0 0 0 0 0]
 [0 0 0 0 0]
 [0 0 0 1 0]
 [0 1 0 0 0]
 [0 0 0 0 0]
 [0 0 0 0 0]
 [0 0 1 0 0]
 [0 0 0 0 0]
 [0 1 0 1 0]
 [0 0 0 0 0]
 [0 0 0 0 0]
 [0 0 0 0 0]
 [1 0 1 0 0]
 [0 0 0 1 0]
 [0 0 0 0 0]
 [0 0 0 1 0]
 [1 0 0 0 0]
 [0 0 0 0 0]
 [0 0 1 0 0]
 [0 0 0 0 0]
 [0 0 0 0 0]
 [1 1 0 0 1]
 [0 1 0 1 0]
 [0 0 0 0 0]
 [0 0 0 1 0]
 [0 0 0 0 0]
 [0 0 0 0 0]
 [0 1 0 0 0]
 [0 0 0 0 0]
 [0 0 0 0 0]
 [0 0 0 0 0]
 [0 0 0 0 0]
 [0 1 0 0 0]
 [0 0 0 0 0]
 [0 0 1 0 0]
 [0 0 0 0 0]
 [0 0 0 0 1]
 [0 0 0 0 0]
 [1 0 0 0 0]
 [1 0 0 0 0]
 [0 0 0 0 0]
 [0 0 0 1 0]
 [0 1 0 0 0]
 [0 0 0 1 0]
 [0 0 0 0 1]
 [0 0 0 0 0]
 [0 0 0 0 0]
 [0 1 0 0 0]
 [0 0 0 0 0]
 [0 1 0 0 0]
 [0 0 0 1 0]
 [0 0 0 0 0]
 [1 0 0 0 0]
 [0 0 1 0 0]
 [0 0 0 0 0]
 [0 0 0 0 0]
 [0 0 0 0 0]
 [0 0 0 0 0]
 [0 0 0 0 0]
 [0 0 0 1 0]
 [0 1 0 0 0]
 [0 0 0 0 0]
 [0 0 0 0 0]
 [1 0 0 1 0]
 [0 0 0 0 0]
 [0 0 1 0 0]
 [0 0 0 0 0]
 [0 0 0 0 0]
 [0 0 0 0 0]
 [0 0 0 0 0]
 [0 0 0 0 0]
 [0 0 1 0 0]
 [0 0 0 0 0]
 [0 0 1 0 0]
 [0 0 0 0 0]
 [0 0 0 0 0]
 [0 0 0 1 0]
 [0 0 1 0 0]
 [0 0 0 0 0]
 [0 0 0 0 0]
 [0 0 0 0 0]]
Q is identifiable (direct_check).
Q is identifiable
branch at 4
runtime for solving id of Q is 0.0006585502997040749
Simulation results:
{'J': 100, 'K': 5, 'N': 10, 'p': 0.1, 'seed': 46, 'sim': 3, 'runtime': 0.0006585502997040749, 'identifiable': 1, 'branch': 4}
4
Q: [[0 0 0 0 0]
 [0 0 0 0 0]
 [0 1 1 0 0]
 [0 0 1 0 0]
 [0 0 1 0 0]
 [1 0 0 0 1]
 [0 1 0 0 0]
 [0 0 0 0 0]
 [0 0 0 0 0]
 [0 0 0 0 1]
 [0 0 1 0 0]
 [0 0 0 0 0]
 [0 0 0 1 0]
 [0 0 0 0 0]
 [0 0 0 0 0]
 [0 0 1 0 1]
 [1 0 0 0 1]
 [0 0 0 0 0]
 [0 1 0 0 0]
 [0 0 0 0 0]
 [0 0 0 0 0]
 [0 0 0 0 0]
 [0 0 0 1 0]
 [0 1 0 0 0]
 [0 0 0 0 1]
 [0 0 0 0 0]
 [0 0 0 0 0]
 [0 0 0 0 0]
 [0 0 0 0 0]
 [0 0 0 0 0]
 [0 0 1 0 0]
 [0 0 0 0 0]
 [0 0 0 0 0]
 [0 0 1 0 0]
 [1 0 0 0 0]
 [0 0 0 0 0]
 [0 0 0 1 0]
 [0 0 0 0 1]
 [0 0 0 0 0]
 [0 0 0 0 0]
 [1 0 1 0 0]
 [0 0 0 0 0]
 [1 0 0 0 0]
 [0 1 0 0 1]
 [0 0 0 1 0]
 [0 0 0 0 1]
 [0 0 0 0 0]
 [0 1 0 0 0]
 [1 0 0 0 1]
 [0 0 0 0 0]
 [0 0 0 0 0]
 [0 0 0 0 1]
 [0 1 0 0 0]
 [0 1 0 0 0]
 [0 0 0 0 0]
 [0 0 0 0 0]
 [0 0 1 0 0]
 [0 0 0 0 0]
 [0 0 0 0 0]
 [0 0 0 0 0]
 [0 0 0 0 1]
 [1 0 0 0 0]
 [0 0 0 1 0]
 [0 0 0 0 0]
 [0 1 0 1 0]
 [0 0 0 0 0]
 [0 1 0 0 1]
 [0 0 0 0 1]
 [0 0 0 0 0]
 [0 0 0 1 0]
 [1 0 0 0 1]
 [0 0 0 0 0]
 [0 0 0 0 0]
 [0 1 0 0 0]
 [1 0 0 0 0]
 [0 0 0 0 0]
 [0 0 0 0 0]
 [0 0 0 0 0]
 [0 0 0 0 0]
 [0 1 0 0 0]
 [0 0 0 0 0]
 [0 0 1 1 0]
 [1 0 0 0 0]
 [0 0 0 0 1]
 [0 0 0 0 0]
 [0 0 0 0 0]
 [0 0 0 0 0]
 [1 0 0 0 0]
 [0 0 0 1 0]
 [0 0 0 1 0]
 [1 0 0 0 1]
 [0 0 0 0 0]
 [0 0 0 0 0]
 [0 0 0 0 0]
 [0 0 0 1 0]
 [0 0 0 0 0]
 [0 1 0 0 0]
 [0 0 0 0 0]
 [0 0 1 0 0]
 [0 0 0 1 0]]
Q is identifiable (direct_check).
Q is identifiable
branch at 4
runtime for solving id of Q is 0.0006734663620591164
Simulation results:
{'J': 100, 'K': 5, 'N': 10, 'p': 0.1, 'seed': 46, 'sim': 4, 'runtime': 0.0006734663620591164, 'identifiable': 1, 'branch': 4}
5
Q: [[0 0 0 0 0]
 [0 0 1 0 0]
 [0 1 0 0 0]
 [0 0 0 1 1]
 [0 0 0 0 0]
 [0 0 0 0 0]
 [0 0 0 0 0]
 [1 0 0 0 0]
 [0 0 1 0 0]
 [0 0 0 0 0]
 [0 0 0 0 0]
 [0 0 0 0 0]
 [1 0 1 0 0]
 [0 0 0 0 1]
 [1 1 0 0 0]
 [0 0 0 0 0]
 [1 0 0 0 0]
 [0 0 0 0 0]
 [0 0 0 0 0]
 [0 0 0 1 0]
 [0 1 0 0 0]
 [0 0 0 0 0]
 [0 0 0 0 0]
 [0 0 0 0 0]
 [0 0 0 0 0]
 [0 0 0 0 0]
 [0 0 0 0 0]
 [1 0 0 0 0]
 [1 0 0 0 0]
 [0 0 0 0 0]
 [0 0 0 0 0]
 [0 0 0 0 0]
 [0 1 0 0 0]
 [0 1 0 0 0]
 [0 0 0 0 0]
 [0 0 0 0 0]
 [1 0 0 0 0]
 [1 0 0 0 0]
 [0 0 0 0 0]
 [0 0 0 0 0]
 [0 0 0 1 1]
 [0 0 0 0 0]
 [0 0 0 0 0]
 [0 0 0 1 0]
 [0 0 0 1 0]
 [0 0 0 0 0]
 [0 0 1 0 0]
 [0 0 0 0 0]
 [0 0 0 0 0]
 [0 0 0 0 0]
 [0 0 0 0 0]
 [0 0 0 0 0]
 [0 0 0 0 0]
 [0 0 0 1 0]
 [0 0 0 1 0]
 [0 1 0 0 0]
 [0 0 0 0 0]
 [1 0 0 0 0]
 [0 0 0 0 0]
 [0 1 0 0 0]
 [0 0 0 0 0]
 [0 0 0 0 1]
 [0 0 0 0 0]
 [0 1 0 0 1]
 [0 0 0 0 0]
 [0 0 1 0 0]
 [1 0 0 0 0]
 [0 0 0 0 0]
 [0 0 0 1 0]
 [0 0 0 0 0]
 [1 0 0 0 0]
 [0 0 1 0 0]
 [0 0 0 0 0]
 [0 1 0 0 0]
 [0 0 0 0 0]
 [0 0 0 0 1]
 [0 1 0 0 1]
 [0 0 0 1 0]
 [1 0 0 0 0]
 [1 0 0 0 0]
 [0 0 0 0 0]
 [0 0 0 1 0]
 [0 0 0 1 0]
 [0 0 0 0 0]
 [0 0 0 0 0]
 [0 0 0 0 0]
 [0 1 0 0 0]
 [0 0 0 0 0]
 [0 0 0 0 0]
 [0 0 0 0 0]
 [1 0 0 0 0]
 [0 0 0 0 1]
 [0 0 0 0 0]
 [0 0 0 0 0]
 [0 0 0 0 0]
 [0 0 0 0 0]
 [0 0 0 0 0]
 [0 0 0 1 0]
 [0 0 0 0 0]
 [0 0 0 0 1]]
Q is identifiable (direct_check).
Q is identifiable
branch at 4
runtime for solving id of Q is 0.0006687091663479805
Simulation results:
{'J': 100, 'K': 5, 'N': 10, 'p': 0.1, 'seed': 46, 'sim': 5, 'runtime': 0.0006687091663479805, 'identifiable': 1, 'branch': 4}
6
Q: [[0 1 0 0 0]
 [0 0 0 0 0]
 [0 1 0 0 0]
 [0 0 0 0 0]
 [0 0 0 0 0]
 [0 0 0 0 0]
 [0 0 0 0 0]
 [0 0 0 0 0]
 [0 0 0 1 0]
 [0 0 0 0 0]
 [0 0 0 0 0]
 [0 0 1 0 0]
 [0 0 1 0 0]
 [0 0 0 0 0]
 [0 0 0 1 0]
 [0 0 0 0 0]
 [0 0 0 0 0]
 [0 0 0 0 0]
 [0 0 0 0 0]
 [0 0 0 0 0]
 [1 0 0 0 0]
 [0 0 0 0 0]
 [0 0 0 0 0]
 [0 0 0 0 0]
 [0 1 0 0 0]
 [0 0 0 0 0]
 [0 0 0 1 0]
 [0 0 0 0 0]
 [0 0 0 0 0]
 [0 0 0 0 0]
 [0 0 0 0 0]
 [0 0 1 0 0]
 [0 0 0 0 0]
 [0 0 0 0 0]
 [0 0 0 0 0]
 [1 0 0 0 0]
 [0 0 0 0 0]
 [0 0 0 0 0]
 [0 0 0 0 0]
 [1 0 1 0 0]
 [0 0 0 0 0]
 [0 0 0 0 0]
 [0 0 0 0 1]
 [1 0 0 0 0]
 [0 0 0 0 0]
 [0 0 0 0 0]
 [0 0 0 1 0]
 [0 0 0 0 0]
 [0 0 0 0 0]
 [0 0 0 0 1]
 [0 0 0 0 0]
 [0 0 0 0 0]
 [0 0 1 0 0]
 [0 0 0 0 0]
 [0 0 0 0 0]
 [0 0 0 0 0]
 [0 0 0 0 0]
 [1 0 0 1 0]
 [0 0 0 0 1]
 [0 0 0 0 1]
 [0 0 0 0 0]
 [0 0 0 0 0]
 [0 0 1 0 0]
 [0 0 0 0 0]
 [0 0 0 0 0]
 [0 0 0 0 0]
 [0 0 0 0 0]
 [0 0 0 0 0]
 [0 0 0 1 0]
 [0 0 0 0 0]
 [0 0 0 0 0]
 [0 0 0 0 0]
 [0 0 0 0 0]
 [0 0 0 1 0]
 [1 0 0 0 1]
 [0 0 1 0 1]
 [0 0 0 0 1]
 [0 1 0 0 0]
 [0 0 1 0 0]
 [0 0 0 0 0]
 [0 0 0 0 0]
 [0 0 0 0 0]
 [0 0 0 0 0]
 [0 0 0 0 0]
 [0 0 0 0 0]
 [0 0 0 0 0]
 [0 0 0 0 0]
 [0 0 0 0 1]
 [0 0 0 0 0]
 [0 0 0 0 0]
 [0 0 0 0 0]
 [0 0 1 0 0]
 [1 0 0 0 0]
 [1 0 0 0 0]
 [0 0 0 0 0]
 [0 0 0 0 0]
 [0 0 0 0 0]
 [0 0 0 0 0]
 [0 0 0 0 0]
 [0 0 0 0 0]]
Q is identifiable (direct_check).
Q is identifiable
branch at 4
runtime for solving id of Q is 0.0006308453157544136
Simulation results:
{'J': 100, 'K': 5, 'N': 10, 'p': 0.1, 'seed': 46, 'sim': 6, 'runtime': 0.0006308453157544136, 'identifiable': 1, 'branch': 4}
7
Q: [[0 0 0 0 0]
 [0 0 0 0 0]
 [0 0 0 0 1]
 [0 0 0 1 0]
 [0 1 0 0 0]
 [0 0 0 0 0]
 [0 0 1 0 0]
 [0 0 0 0 0]
 [1 0 0 0 0]
 [0 0 0 0 0]
 [0 0 0 0 0]
 [0 1 0 0 0]
 [1 0 0 0 0]
 [0 0 0 1 0]
 [0 0 0 0 0]
 [0 0 0 0 0]
 [0 0 0 0 0]
 [0 0 0 0 0]
 [0 0 0 1 0]
 [0 0 0 0 0]
 [0 0 1 0 0]
 [0 0 0 0 0]
 [0 0 1 0 0]
 [0 1 0 0 0]
 [0 0 0 0 0]
 [0 0 0 0 0]
 [1 0 0 0 0]
 [0 0 0 0 0]
 [1 0 0 0 0]
 [0 0 0 0 0]
 [0 1 1 0 0]
 [0 0 0 0 0]
 [0 0 0 0 0]
 [0 1 0 0 0]
 [0 0 0 0 0]
 [0 0 0 0 0]
 [0 0 0 0 0]
 [0 0 0 1 0]
 [1 0 0 0 0]
 [0 0 0 0 0]
 [0 0 0 0 1]
 [0 0 0 0 0]
 [0 0 0 0 0]
 [0 0 0 0 1]
 [0 0 0 0 0]
 [0 0 0 0 0]
 [1 0 1 0 0]
 [1 0 0 0 0]
 [0 0 0 0 0]
 [0 0 0 0 0]
 [0 0 1 0 0]
 [0 0 1 0 0]
 [0 0 0 0 0]
 [0 0 0 0 0]
 [0 0 0 0 0]
 [0 0 0 1 0]
 [0 0 0 0 0]
 [0 0 0 1 0]
 [0 0 0 1 1]
 [0 0 0 0 0]
 [0 0 0 0 0]
 [0 0 1 0 0]
 [0 0 0 0 0]
 [0 0 0 0 0]
 [0 0 0 0 0]
 [0 0 0 0 0]
 [0 0 0 1 0]
 [0 0 0 0 0]
 [0 0 0 0 0]
 [0 0 0 0 0]
 [0 0 0 0 0]
 [0 0 0 1 0]
 [0 0 0 1 0]
 [0 0 1 0 0]
 [0 0 0 0 0]
 [0 0 0 0 0]
 [0 0 0 0 1]
 [0 0 0 0 1]
 [0 0 0 0 0]
 [0 0 0 0 0]
 [0 0 0 1 0]
 [0 0 0 0 0]
 [0 1 0 0 0]
 [0 0 0 0 0]
 [0 1 1 1 0]
 [1 0 0 0 0]
 [0 0 0 0 0]
 [0 0 0 0 0]
 [0 0 0 1 0]
 [1 0 0 0 1]
 [0 0 0 0 0]
 [0 1 0 1 0]
 [0 0 0 0 0]
 [0 0 0 0 0]
 [0 0 0 0 0]
 [0 0 0 0 0]
 [0 0 0 0 0]
 [0 0 0 0 0]
 [0 0 0 0 0]
 [0 0 0 0 0]]
Q is identifiable (direct_check).
Q is identifiable
branch at 4
runtime for solving id of Q is 0.0005959644913673401
Simulation results:
{'J': 100, 'K': 5, 'N': 10, 'p': 0.1, 'seed': 46, 'sim': 7, 'runtime': 0.0005959644913673401, 'identifiable': 1, 'branch': 4}
8
Q: [[1 0 0 0 0]
 [0 0 0 0 0]
 [0 0 0 0 0]
 [0 0 0 0 0]
 [0 0 0 0 1]
 [0 0 0 0 0]
 [1 0 0 0 0]
 [0 0 0 0 0]
 [0 0 0 1 1]
 [0 0 0 0 0]
 [0 0 0 0 0]
 [0 0 0 0 0]
 [0 0 0 0 0]
 [1 0 0 0 1]
 [1 0 0 0 0]
 [0 0 0 0 0]
 [0 0 1 0 1]
 [0 0 0 0 0]
 [0 0 0 0 0]
 [1 0 0 0 0]
 [0 0 0 1 0]
 [0 0 0 0 1]
 [0 1 0 1 0]
 [0 0 0 0 0]
 [0 0 0 1 0]
 [0 0 0 0 0]
 [0 0 0 0 0]
 [0 0 0 0 0]
 [1 0 0 1 0]
 [0 1 0 0 0]
 [0 0 0 0 0]
 [0 1 0 0 0]
 [0 0 0 0 0]
 [0 0 0 0 0]
 [0 0 0 0 0]
 [0 0 0 0 1]
 [0 0 1 0 0]
 [1 0 0 0 0]
 [0 0 0 0 0]
 [0 0 0 0 0]
 [0 0 0 1 0]
 [0 0 0 0 0]
 [0 0 0 0 0]
 [0 0 0 1 0]
 [0 0 0 0 0]
 [0 0 1 1 1]
 [1 0 0 0 0]
 [0 0 0 0 0]
 [0 0 0 0 0]
 [0 1 0 0 0]
 [0 0 0 0 0]
 [0 0 0 0 0]
 [0 0 0 0 0]
 [1 1 0 0 0]
 [0 0 0 0 1]
 [0 0 0 0 1]
 [0 0 0 0 0]
 [0 0 0 0 0]
 [0 0 0 0 0]
 [0 0 0 0 0]
 [0 0 0 0 0]
 [0 0 0 0 0]
 [0 0 0 0 0]
 [0 0 0 0 0]
 [0 1 0 0 1]
 [0 0 0 0 0]
 [0 0 0 0 0]
 [0 0 0 0 0]
 [0 0 0 0 0]
 [1 0 0 0 0]
 [0 0 0 1 0]
 [1 0 0 0 0]
 [0 0 0 0 0]
 [0 0 0 0 1]
 [0 0 0 0 0]
 [0 0 0 0 0]
 [0 0 0 0 0]
 [1 0 0 0 0]
 [0 0 0 0 1]
 [1 0 0 0 0]
 [0 0 0 0 0]
 [0 0 0 1 0]
 [1 0 0 0 0]
 [0 0 0 0 1]
 [0 1 0 0 1]
 [0 0 0 0 0]
 [0 0 0 0 0]
 [0 0 0 0 0]
 [0 0 0 1 0]
 [0 1 1 0 0]
 [0 0 0 0 0]
 [0 0 0 0 0]
 [0 0 0 0 0]
 [0 0 0 0 0]
 [0 0 1 0 0]
 [0 1 0 0 0]
 [1 0 0 0 0]
 [0 0 0 0 0]
 [0 0 0 0 0]
 [0 0 0 0 0]]
Q is identifiable (direct_check).
Q is identifiable
branch at 4
runtime for solving id of Q is 0.0006106952205300331
Simulation results:
{'J': 100, 'K': 5, 'N': 10, 'p': 0.1, 'seed': 46, 'sim': 8, 'runtime': 0.0006106952205300331, 'identifiable': 1, 'branch': 4}
9
Q: [[0 0 1 0 0]
 [0 1 0 0 0]
 [0 0 0 0 0]
 [0 0 0 0 1]
 [0 0 0 0 0]
 [0 1 0 0 0]
 [0 0 0 0 0]
 [0 0 1 0 0]
 [0 0 0 0 1]
 [0 0 0 0 0]
 [0 0 0 0 0]
 [0 0 0 0 0]
 [0 0 0 0 0]
 [0 1 0 0 1]
 [0 0 0 0 0]
 [0 0 1 0 0]
 [1 0 0 0 1]
 [0 1 0 0 0]
 [1 0 0 0 0]
 [0 0 0 0 0]
 [0 0 0 0 0]
 [0 0 0 0 0]
 [0 0 0 0 0]
 [0 0 0 0 0]
 [0 1 0 0 0]
 [0 0 0 0 0]
 [0 0 1 0 0]
 [0 0 0 0 0]
 [0 1 0 0 0]
 [0 0 1 0 0]
 [0 0 0 0 0]
 [0 0 0 0 0]
 [0 0 0 0 0]
 [0 0 0 0 0]
 [0 0 0 0 0]
 [0 0 0 0 0]
 [0 0 0 1 0]
 [0 0 0 0 0]
 [0 0 0 1 1]
 [0 0 0 0 0]
 [0 0 0 0 1]
 [1 0 0 0 0]
 [1 0 0 0 0]
 [0 0 1 1 0]
 [0 0 0 0 0]
 [0 0 0 0 0]
 [0 0 0 0 0]
 [0 0 0 0 0]
 [0 0 0 0 0]
 [0 0 0 0 0]
 [0 0 0 0 0]
 [0 0 0 0 0]
 [0 0 0 0 0]
 [0 0 0 0 0]
 [1 1 0 0 0]
 [0 0 0 0 0]
 [0 0 0 0 0]
 [0 1 0 0 0]
 [0 0 1 1 0]
 [0 1 0 0 0]
 [1 0 0 0 1]
 [0 0 0 1 0]
 [0 1 0 0 1]
 [0 0 0 0 0]
 [0 1 0 0 0]
 [0 0 0 0 0]
 [0 0 0 0 0]
 [0 0 0 0 0]
 [0 0 0 0 0]
 [0 1 0 0 0]
 [0 0 0 0 0]
 [1 0 0 0 0]
 [0 0 0 0 0]
 [0 0 0 0 0]
 [1 0 0 0 0]
 [0 0 0 0 1]
 [0 0 0 1 0]
 [0 0 0 0 1]
 [0 0 0 0 0]
 [1 0 0 0 0]
 [0 0 0 0 0]
 [0 0 0 0 0]
 [0 0 0 0 0]
 [0 1 0 0 0]
 [0 0 0 0 0]
 [0 0 0 1 0]
 [0 0 0 0 0]
 [0 0 0 0 0]
 [0 0 0 0 0]
 [0 0 0 0 1]
 [0 0 1 0 0]
 [1 0 0 0 0]
 [0 0 0 1 0]
 [0 0 0 0 0]
 [0 0 0 0 0]
 [0 0 0 0 0]
 [0 0 0 0 0]
 [0 0 0 0 0]
 [0 0 1 0 0]
 [0 0 0 0 0]]
Q is identifiable (direct_check).
Q is identifiable
branch at 4
runtime for solving id of Q is 0.0005729096010327339
Simulation results:
{'J': 100, 'K': 5, 'N': 10, 'p': 0.1, 'seed': 46, 'sim': 9, 'runtime': 0.0005729096010327339, 'identifiable': 1, 'branch': 4}
Simulation results:
[{'J': 100, 'K': 5, 'N': 10, 'p': 0.1, 'seed': 46, 'sim': 0, 'runtime': 0.001303703524172306, 'identifiable': 1, 'branch': 4}, {'J': 100, 'K': 5, 'N': 10, 'p': 0.1, 'seed': 46, 'sim': 1, 'runtime': 0.0009214812889695168, 'identifiable': 1, 'branch': 4}, {'J': 100, 'K': 5, 'N': 10, 'p': 0.1, 'seed': 46, 'sim': 2, 'runtime': 0.0007028523832559586, 'identifiable': 1, 'branch': 4}, {'J': 100, 'K': 5, 'N': 10, 'p': 0.1, 'seed': 46, 'sim': 3, 'runtime': 0.0006585502997040749, 'identifiable': 1, 'branch': 4}, {'J': 100, 'K': 5, 'N': 10, 'p': 0.1, 'seed': 46, 'sim': 4, 'runtime': 0.0006734663620591164, 'identifiable': 1, 'branch': 4}, {'J': 100, 'K': 5, 'N': 10, 'p': 0.1, 'seed': 46, 'sim': 5, 'runtime': 0.0006687091663479805, 'identifiable': 1, 'branch': 4}, {'J': 100, 'K': 5, 'N': 10, 'p': 0.1, 'seed': 46, 'sim': 6, 'runtime': 0.0006308453157544136, 'identifiable': 1, 'branch': 4}, {'J': 100, 'K': 5, 'N': 10, 'p': 0.1, 'seed': 46, 'sim': 7, 'runtime': 0.0005959644913673401, 'identifiable': 1, 'branch': 4}, {'J': 100, 'K': 5, 'N': 10, 'p': 0.1, 'seed': 46, 'sim': 8, 'runtime': 0.0006106952205300331, 'identifiable': 1, 'branch': 4}, {'J': 100, 'K': 5, 'N': 10, 'p': 0.1, 'seed': 46, 'sim': 9, 'runtime': 0.0005729096010327339, 'identifiable': 1, 'branch': 4}]
