
The Gurobi software has a limited number of licenses. To request a license or
licenses, add this line

    #SBATCH --licenses=gurobi@slurmdb:1

to your SBATCH script, replacing N with the number of licenses you need. Gurobi
will need one license per process.


0
Q: [[0 0 1 1 1 1 1 1 1 1]
 [0 0 1 0 1 1 1 1 0 0]
 [1 1 0 1 1 0 0 0 0 1]
 [0 1 1 1 1 0 1 0 1 0]
 [1 0 0 0 0 1 1 1 1 1]
 [1 0 1 1 1 1 1 1 1 1]
 [1 1 0 1 1 1 1 0 0 0]
 [1 1 1 0 1 1 0 1 0 0]
 [1 1 0 0 1 1 1 1 1 1]
 [1 1 0 1 1 1 0 1 1 1]
 [1 0 0 1 1 0 1 1 1 1]
 [0 1 1 1 1 1 1 0 1 0]
 [0 1 1 0 0 0 1 0 1 1]
 [0 1 1 1 1 1 1 0 0 1]
 [1 1 0 1 1 1 1 1 1 0]
 [0 1 0 0 1 1 0 1 0 1]
 [0 1 1 1 1 1 1 0 1 1]
 [1 0 1 1 1 0 1 0 0 0]
 [1 1 0 1 1 1 1 1 1 1]
 [1 1 1 0 0 1 1 0 1 0]
 [1 1 1 0 1 1 1 1 0 1]
 [1 1 1 1 1 1 1 0 1 0]
 [1 1 1 1 1 1 1 0 0 0]
 [0 1 1 1 0 1 1 1 1 1]
 [1 0 1 1 1 1 0 1 1 1]
 [1 0 0 1 1 0 1 1 0 1]
 [1 0 1 0 1 1 1 1 1 1]
 [1 1 1 1 0 1 1 0 1 0]
 [0 1 1 1 1 1 1 0 1 1]
 [0 1 1 1 0 1 1 1 1 1]
 [1 1 1 1 1 1 1 1 1 1]
 [1 0 1 1 1 0 1 1 0 0]
 [1 1 1 1 1 1 0 1 0 0]
 [1 0 0 1 0 1 1 1 1 1]
 [1 1 1 1 1 0 0 0 0 1]
 [1 1 0 1 0 1 1 1 1 0]
 [1 1 1 1 1 1 1 1 1 1]
 [1 1 1 1 1 1 1 1 0 1]
 [1 1 1 1 1 1 0 1 1 0]
 [1 1 1 0 1 0 1 0 1 1]
 [1 0 1 0 1 1 1 1 1 1]
 [1 1 1 1 0 1 1 1 1 1]
 [0 0 1 0 1 1 1 1 0 1]
 [1 0 0 0 1 1 0 1 0 1]
 [1 1 0 1 1 1 1 0 0 0]
 [1 1 1 1 1 0 1 1 0 1]
 [1 0 0 1 1 1 1 0 0 1]
 [0 1 1 0 1 0 0 1 1 0]
 [1 1 1 1 1 1 1 1 1 1]
 [0 0 0 0 1 1 0 1 1 0]
 [1 0 1 1 1 0 1 1 1 1]
 [1 0 0 0 0 1 1 1 0 1]
 [0 1 0 1 1 1 0 1 1 1]
 [1 0 0 1 1 1 1 1 1 1]
 [1 1 1 0 1 0 1 1 1 0]
 [1 1 0 1 1 0 1 0 0 1]
 [1 1 1 1 1 1 1 0 1 1]
 [1 1 0 1 1 1 0 1 1 0]
 [1 1 0 0 1 1 1 1 1 1]
 [1 1 0 1 1 1 1 1 1 0]
 [1 1 1 1 0 1 1 0 1 1]
 [0 1 1 1 0 1 0 0 1 1]
 [1 1 0 1 0 0 1 1 1 1]
 [1 1 1 1 1 1 1 0 1 0]
 [0 1 1 1 1 0 1 1 1 1]
 [1 1 1 0 1 0 1 1 1 1]
 [1 1 1 1 1 1 1 1 0 1]
 [1 1 1 1 1 1 1 1 1 1]
 [0 1 1 0 0 1 0 1 1 0]
 [1 0 1 1 1 1 1 0 1 1]
 [0 0 1 0 1 1 0 1 0 1]
 [1 0 1 1 1 1 0 0 0 1]
 [1 1 0 1 1 0 1 0 0 1]
 [0 0 1 1 1 1 1 1 1 0]
 [1 1 1 0 1 1 1 1 1 0]
 [1 1 1 1 0 1 1 0 0 1]
 [1 1 1 1 0 0 0 1 1 1]
 [1 0 0 1 0 1 1 1 0 1]
 [1 1 1 0 1 1 1 0 0 1]
 [0 1 1 0 1 0 1 1 1 1]
 [1 1 1 1 1 0 1 1 1 1]
 [1 0 1 1 1 1 1 0 0 1]
 [1 0 0 1 0 1 1 1 1 1]
 [1 1 1 1 1 1 1 0 1 0]
 [0 1 1 0 1 1 0 1 0 0]
 [1 0 1 1 1 0 1 1 1 1]
 [1 0 1 1 1 0 0 1 0 1]
 [1 1 1 1 1 1 1 1 1 0]
 [0 0 0 1 1 1 1 1 0 1]
 [0 0 1 1 1 1 1 1 1 1]
 [1 1 1 1 1 1 0 1 1 1]
 [1 1 1 1 0 1 1 0 1 1]
 [1 0 1 0 1 1 0 0 0 0]
 [1 1 0 1 1 1 0 0 1 1]
 [0 1 0 0 1 1 0 0 1 1]
 [1 0 0 0 0 0 1 1 1 1]
 [1 1 1 1 1 1 1 1 1 1]
 [1 0 0 0 1 1 1 1 1 1]
 [1 1 1 1 1 0 0 0 0 1]
 [1 1 0 1 1 0 1 0 0 0]]
{'restarts': 16, 'conflicts': 5909, 'decisions': 11388, 'propagations': 5045703}
Q is identifiable
branch at 6
runtime for solving id of Q is 0.7571843899968371
Simulation results:
{'J': 100, 'K': 10, 'N': 10, 'p': 0.7, 'seed': 444, 'sim': 0, 'runtime': 0.7571843899968371, 'identifiable': 1, 'branch': 6}
1
Q: [[1 1 1 1 1 1 1 1 1 1]
 [1 1 1 0 0 1 1 1 0 1]
 [1 1 1 0 0 1 1 1 1 1]
 [1 1 1 1 1 1 0 1 1 1]
 [1 0 1 0 1 1 1 1 1 0]
 [1 1 1 0 1 1 1 0 0 1]
 [0 0 1 1 1 0 0 1 1 1]
 [1 1 1 1 1 1 0 1 0 0]
 [0 0 1 1 0 0 1 1 0 1]
 [1 0 0 1 1 0 1 0 1 1]
 [0 1 1 1 1 1 1 1 1 0]
 [1 1 1 1 1 1 0 1 1 0]
 [1 0 1 1 1 0 0 1 1 0]
 [0 1 1 1 0 1 1 1 0 1]
 [1 1 0 0 0 1 0 0 0 1]
 [1 1 0 1 0 1 1 0 1 0]
 [0 0 0 1 0 1 0 1 1 1]
 [0 1 1 0 1 1 0 1 0 1]
 [1 1 1 1 1 0 1 1 1 1]
 [1 1 1 0 1 1 1 1 0 1]
 [1 1 0 0 1 1 1 1 1 0]
 [0 1 1 1 1 1 1 1 0 1]
 [1 1 1 0 1 1 1 0 0 0]
 [1 1 0 1 1 1 0 0 1 1]
 [1 1 1 1 1 1 1 1 1 1]
 [0 1 1 1 1 1 1 1 1 1]
 [1 1 1 1 1 0 1 0 1 1]
 [1 1 1 0 1 1 1 1 1 1]
 [1 0 0 1 0 0 0 1 1 1]
 [0 1 0 0 0 1 1 0 1 1]
 [1 1 0 0 1 1 1 1 0 1]
 [1 1 1 1 0 1 0 0 0 1]
 [1 1 1 1 1 0 1 1 0 1]
 [1 1 1 0 0 1 1 1 1 1]
 [1 0 0 1 1 1 0 1 1 0]
 [1 0 1 1 0 0 1 0 1 1]
 [1 1 0 0 0 1 1 1 0 1]
 [1 1 1 1 0 1 1 1 1 1]
 [1 1 1 0 1 1 1 1 1 0]
 [1 0 1 1 1 1 1 1 1 1]
 [0 0 1 1 1 0 1 1 0 0]
 [1 0 0 1 1 1 0 1 0 1]
 [1 1 1 1 1 0 1 0 0 1]
 [1 1 1 0 1 0 1 1 0 1]
 [1 0 1 1 1 1 1 0 0 0]
 [1 1 1 1 1 1 1 1 1 0]
 [0 1 0 1 1 1 1 1 1 0]
 [0 1 1 0 0 1 1 0 1 0]
 [1 0 0 1 0 1 1 1 1 0]
 [0 1 0 1 1 1 1 1 0 0]
 [1 0 0 1 0 1 1 1 0 1]
 [0 1 0 1 1 1 0 1 1 0]
 [1 1 1 1 1 1 1 1 1 1]
 [1 1 1 1 0 1 1 1 1 1]
 [1 0 0 0 1 0 1 0 1 0]
 [1 1 1 1 1 1 1 1 0 1]
 [1 1 0 1 1 1 1 1 1 1]
 [0 0 1 1 1 1 0 1 0 1]
 [1 1 1 0 1 1 1 0 1 0]
 [0 1 1 1 1 1 1 1 1 1]
 [0 1 1 1 1 0 1 0 1 1]
 [0 1 0 1 0 1 0 0 1 1]
 [1 1 1 0 1 0 1 1 1 0]
 [1 1 0 1 1 1 1 1 1 0]
 [1 1 1 1 0 1 1 1 0 0]
 [0 1 1 1 1 1 0 1 0 0]
 [1 1 0 1 0 0 0 1 1 1]
 [1 1 0 1 1 1 1 0 1 1]
 [1 0 1 1 1 1 0 1 1 1]
 [0 0 1 1 1 1 1 1 1 1]
 [1 1 0 0 1 1 0 1 1 1]
 [0 1 1 0 1 1 1 1 1 1]
 [1 0 0 1 1 1 1 1 1 1]
 [0 1 1 1 1 0 1 1 1 0]
 [1 1 1 1 1 0 1 0 0 1]
 [0 1 1 1 1 0 0 1 1 1]
 [1 1 0 1 1 1 1 1 0 0]
 [0 1 1 0 0 1 1 1 1 1]
 [0 0 0 1 1 1 0 1 1 1]
 [1 1 1 0 1 1 0 0 1 0]
 [0 1 0 1 1 1 0 1 1 0]
 [1 0 1 1 1 0 1 1 1 1]
 [1 1 1 1 0 1 1 0 1 1]
 [0 0 1 0 0 1 1 1 0 1]
 [1 0 0 0 0 1 0 1 1 1]
 [1 1 0 1 0 1 0 0 1 0]
 [1 0 1 1 1 1 1 1 1 1]
 [0 1 1 0 1 1 1 1 1 0]
 [0 1 1 0 1 1 1 0 1 1]
 [1 1 1 1 1 1 0 1 1 1]
 [1 1 1 0 1 1 1 1 1 1]
 [1 1 1 1 0 1 1 1 1 1]
 [1 1 0 1 1 0 0 0 0 1]
 [1 1 0 1 0 0 1 0 1 1]
 [1 0 1 0 1 0 0 1 1 1]
 [0 0 0 1 1 1 0 1 0 0]
 [0 1 0 1 0 1 1 0 0 1]
 [1 1 1 0 1 0 1 1 1 1]
 [1 1 0 0 1 1 1 1 1 1]
 [1 0 1 1 1 1 1 0 0 1]]
{'restarts': 11, 'conflicts': 4326, 'decisions': 9226, 'propagations': 5278417}
Q is identifiable
branch at 6
runtime for solving id of Q is 0.8645659620015067
Simulation results:
{'J': 100, 'K': 10, 'N': 10, 'p': 0.7, 'seed': 444, 'sim': 1, 'runtime': 0.8645659620015067, 'identifiable': 1, 'branch': 6}
2
Q: [[0 0 1 1 0 0 0 0 1 1]
 [1 1 1 1 0 0 1 1 1 1]
 [1 1 1 1 1 0 1 1 1 1]
 [0 1 1 0 1 1 1 1 1 0]
 [1 1 1 1 0 0 1 1 0 1]
 [1 1 1 1 1 1 0 1 1 1]
 [1 1 1 1 0 1 0 1 1 1]
 [1 1 1 0 1 1 1 1 1 1]
 [1 0 1 1 1 1 1 1 1 0]
 [1 1 1 1 1 1 1 0 1 1]
 [1 1 0 1 1 1 1 1 1 1]
 [0 1 0 0 1 0 1 1 0 1]
 [1 1 1 1 1 1 1 1 0 1]
 [0 0 0 1 1 1 0 1 0 0]
 [1 1 1 0 0 1 1 0 1 1]
 [1 1 1 0 1 0 1 0 1 1]
 [1 0 1 0 0 0 1 1 1 1]
 [0 0 1 1 1 1 1 1 1 1]
 [0 1 1 1 0 0 1 1 1 0]
 [1 1 0 1 1 0 1 1 1 1]
 [0 1 1 1 0 0 1 1 0 1]
 [0 1 1 0 0 1 1 1 1 1]
 [1 1 0 1 1 1 1 1 1 1]
 [0 1 1 1 1 1 1 1 1 0]
 [1 0 1 0 1 1 1 0 1 1]
 [1 1 1 1 1 0 1 1 1 1]
 [1 1 1 1 1 1 0 1 1 1]
 [1 1 1 1 0 0 1 0 0 0]
 [0 1 0 1 1 1 0 1 1 1]
 [1 1 1 0 0 1 1 0 1 1]
 [1 1 1 1 1 0 0 1 1 0]
 [1 0 1 0 0 1 1 1 0 0]
 [0 0 1 0 1 1 0 0 1 1]
 [1 1 1 1 1 0 0 0 1 0]
 [1 1 1 0 0 0 0 1 0 1]
 [1 1 1 1 0 0 0 1 0 0]
 [1 1 1 1 0 0 1 0 1 1]
 [1 1 1 1 1 1 0 1 0 1]
 [1 1 1 0 1 1 1 1 1 1]
 [1 1 1 1 1 0 1 0 1 0]
 [0 1 1 1 0 1 0 1 1 1]
 [1 0 1 1 1 1 1 1 0 1]
 [1 1 0 1 0 1 1 1 1 1]
 [1 0 1 1 1 1 1 0 1 1]
 [1 1 1 1 0 0 1 1 1 0]
 [0 1 1 1 0 1 1 1 1 1]
 [0 1 1 0 1 1 0 1 0 1]
 [1 1 1 0 1 1 1 1 1 0]
 [1 1 0 1 1 1 1 1 1 1]
 [0 0 1 0 1 1 0 1 1 1]
 [1 1 0 0 0 1 0 1 0 0]
 [1 1 1 0 0 1 1 1 1 1]
 [1 1 1 0 1 1 0 1 0 1]
 [1 1 0 0 1 1 1 1 1 1]
 [1 1 1 1 0 0 1 1 1 1]
 [0 1 1 1 1 0 1 1 1 0]
 [0 1 1 1 0 1 1 1 0 0]
 [1 1 1 1 1 1 1 1 1 1]
 [1 0 1 1 1 1 0 0 1 1]
 [1 1 1 1 1 1 0 1 0 1]
 [1 1 1 1 0 0 1 1 1 1]
 [1 1 1 0 1 0 1 1 1 1]
 [1 0 0 1 1 1 1 0 1 1]
 [0 1 1 1 1 1 0 1 1 1]
 [1 0 1 1 1 1 0 1 0 0]
 [1 1 1 0 1 1 1 0 1 1]
 [1 1 1 1 0 1 0 1 1 1]
 [1 0 0 0 1 1 1 1 0 1]
 [0 1 1 1 0 0 1 1 0 0]
 [1 1 1 0 0 0 1 1 1 0]
 [1 1 1 1 1 1 0 0 1 1]
 [0 1 0 0 0 0 1 0 1 0]
 [1 0 1 1 1 0 1 1 1 1]
 [1 1 1 1 1 1 0 1 1 1]
 [1 0 1 1 0 0 0 1 1 0]
 [0 1 0 1 1 1 1 1 1 1]
 [1 1 1 0 0 1 1 1 1 1]
 [1 0 1 1 1 1 1 1 1 1]
 [1 1 0 1 1 1 1 1 0 0]
 [0 1 0 1 0 0 1 0 1 1]
 [0 1 1 1 1 1 1 1 1 1]
 [1 0 1 1 1 1 0 1 1 0]
 [1 1 1 1 1 1 0 1 1 1]
 [1 1 1 1 0 1 1 1 1 1]
 [0 1 1 0 1 0 1 0 1 1]
 [1 0 1 1 1 0 1 1 1 0]
 [1 1 1 0 1 1 1 0 1 1]
 [1 0 1 1 1 1 0 0 1 1]
 [0 1 1 1 0 1 1 1 0 1]
 [1 1 1 1 0 1 0 1 1 1]
 [0 1 1 0 1 0 1 1 0 0]
 [1 0 1 0 1 0 1 1 1 1]
 [0 1 1 0 1 0 0 1 0 1]
 [1 0 0 1 1 1 1 0 1 0]
 [1 0 1 1 1 0 1 0 0 0]
 [0 1 0 1 1 0 0 1 1 1]
 [1 1 0 1 1 1 1 1 1 0]
 [1 0 1 1 0 1 1 0 0 1]
 [0 1 1 1 1 1 1 0 1 1]
 [0 0 1 1 1 1 1 1 1 1]]
{'restarts': 29, 'conflicts': 9768, 'decisions': 17644, 'propagations': 8120156}
Q is identifiable
branch at 6
runtime for solving id of Q is 1.1230063869988953
Simulation results:
{'J': 100, 'K': 10, 'N': 10, 'p': 0.7, 'seed': 444, 'sim': 2, 'runtime': 1.1230063869988953, 'identifiable': 1, 'branch': 6}
3
Q: [[1 1 0 0 1 1 1 1 1 1]
 [1 1 0 1 1 1 1 1 0 1]
 [1 1 1 1 1 1 1 1 0 1]
 [1 1 0 0 1 1 0 0 0 1]
 [1 1 1 1 0 0 1 0 1 1]
 [1 1 1 0 1 1 1 1 1 1]
 [1 1 1 1 0 1 0 0 1 0]
 [0 1 1 1 1 1 1 1 1 0]
 [1 1 0 1 1 1 0 1 1 1]
 [0 1 0 0 1 1 1 1 1 0]
 [1 1 1 0 1 1 1 0 1 1]
 [1 1 0 1 1 1 0 0 0 0]
 [1 1 1 0 1 1 1 1 0 1]
 [1 0 0 1 0 1 0 1 1 1]
 [0 1 0 1 1 0 1 1 0 0]
 [0 1 1 1 1 0 1 1 1 1]
 [1 1 0 0 0 0 1 1 0 1]
 [0 1 1 1 1 0 0 0 0 1]
 [1 1 1 1 1 0 1 0 1 0]
 [1 0 1 1 1 1 1 1 0 1]
 [1 0 1 0 1 1 0 1 0 0]
 [0 1 1 1 1 0 1 0 1 1]
 [0 1 0 1 0 1 1 0 1 1]
 [1 1 0 1 1 1 0 1 1 1]
 [1 1 1 1 1 1 1 1 1 1]
 [1 0 1 1 1 1 1 1 1 1]
 [1 1 1 0 1 1 1 0 0 0]
 [1 1 0 0 1 1 0 0 1 0]
 [1 1 1 1 1 1 0 0 1 1]
 [1 1 0 0 1 0 1 0 1 1]
 [1 1 0 1 1 1 1 1 0 1]
 [1 0 1 0 1 1 1 1 0 1]
 [1 1 1 0 1 1 1 1 1 1]
 [1 0 1 1 1 1 1 1 0 0]
 [1 1 1 0 1 1 1 1 0 1]
 [0 1 1 1 1 0 0 1 1 1]
 [1 1 1 1 1 0 1 1 1 1]
 [1 0 1 1 1 1 1 1 1 1]
 [1 1 0 1 1 1 1 1 0 0]
 [1 1 0 1 1 1 1 1 1 0]
 [1 1 0 1 1 0 1 0 0 1]
 [0 0 0 1 1 1 0 1 1 1]
 [1 1 0 1 1 1 1 1 0 1]
 [1 1 1 1 1 1 1 0 0 1]
 [1 0 0 1 0 1 1 1 1 1]
 [1 1 1 1 1 1 1 1 0 1]
 [0 1 0 0 1 0 1 1 1 1]
 [0 1 1 1 1 1 0 1 1 0]
 [1 1 1 1 0 1 1 1 1 1]
 [0 0 1 0 0 0 1 1 1 1]
 [1 1 1 0 0 0 0 0 0 0]
 [1 1 1 1 1 0 1 0 0 1]
 [1 1 1 0 0 1 0 0 0 1]
 [0 0 0 0 1 1 0 1 0 0]
 [1 0 1 1 1 1 1 1 0 1]
 [1 1 1 1 0 1 0 1 1 1]
 [0 1 1 1 1 1 1 0 1 1]
 [1 1 0 0 1 0 1 1 0 1]
 [0 0 0 0 1 1 1 1 1 0]
 [0 1 0 1 0 1 1 0 0 1]
 [0 1 1 1 0 1 1 1 1 1]
 [0 1 0 1 1 0 1 1 1 1]
 [0 1 0 0 1 1 0 1 1 1]
 [0 1 1 1 0 1 0 1 0 1]
 [1 1 1 1 0 1 1 0 1 0]
 [1 1 1 1 1 0 0 1 1 1]
 [1 1 0 0 0 1 1 1 1 0]
 [1 0 0 1 0 1 0 1 0 0]
 [0 1 0 1 0 1 1 1 0 0]
 [0 1 0 1 1 1 0 1 1 1]
 [1 1 1 1 1 0 1 0 1 1]
 [0 1 1 1 0 1 1 1 1 1]
 [1 1 1 1 1 0 1 1 1 1]
 [1 1 1 0 1 1 0 1 0 0]
 [1 1 1 1 1 1 1 1 1 1]
 [1 0 1 0 1 1 1 0 1 0]
 [1 1 1 0 0 1 1 0 1 1]
 [0 1 0 0 0 1 1 1 0 1]
 [1 1 1 0 0 1 1 1 1 0]
 [1 1 1 1 0 1 1 0 1 1]
 [0 1 1 0 1 1 1 1 1 1]
 [1 1 0 1 0 1 1 1 1 1]
 [1 1 0 0 1 1 1 0 1 1]
 [0 0 1 1 0 1 1 1 1 1]
 [0 1 0 1 1 0 0 1 0 1]
 [0 0 0 1 1 1 1 1 1 1]
 [1 1 0 1 1 1 1 1 0 0]
 [1 1 0 1 0 1 1 1 0 1]
 [0 0 1 1 1 1 1 0 1 0]
 [1 0 1 1 1 1 1 0 0 1]
 [0 0 0 1 1 1 1 1 1 1]
 [0 1 1 1 1 1 0 1 0 1]
 [1 1 0 1 1 0 0 1 1 0]
 [1 1 1 0 1 0 1 1 1 1]
 [1 1 1 0 1 1 1 1 1 0]
 [1 1 1 1 1 1 0 1 1 0]
 [1 0 1 1 0 1 1 0 1 1]
 [1 0 0 0 1 1 1 0 0 0]
 [1 1 1 1 0 1 1 1 0 1]
 [1 1 1 1 1 1 1 1 1 0]]
{'restarts': 5, 'conflicts': 4405, 'decisions': 8202, 'propagations': 3889939}
Q is identifiable
branch at 6
runtime for solving id of Q is 0.6673924799979432
Simulation results:
{'J': 100, 'K': 10, 'N': 10, 'p': 0.7, 'seed': 444, 'sim': 3, 'runtime': 0.6673924799979432, 'identifiable': 1, 'branch': 6}
4
Q: [[1 1 1 0 0 1 1 1 1 1]
 [1 1 1 0 0 1 1 1 1 1]
 [1 0 1 1 0 1 1 1 1 1]
 [1 1 1 1 1 1 1 0 1 1]
 [1 1 0 1 0 1 1 1 1 0]
 [1 1 0 1 1 1 1 0 0 1]
 [1 0 1 1 1 1 1 1 1 1]
 [1 1 1 1 1 1 0 1 1 1]
 [1 1 1 1 1 1 1 1 0 0]
 [1 1 1 1 1 0 1 0 1 0]
 [1 1 1 1 1 1 0 1 1 1]
 [0 1 1 1 1 1 0 1 1 1]
 [0 1 1 1 1 1 1 1 1 0]
 [1 1 1 0 1 0 1 1 1 1]
 [1 1 1 1 0 1 1 1 1 0]
 [1 0 1 0 1 1 1 0 1 1]
 [1 0 0 1 1 1 1 0 0 1]
 [1 1 1 1 0 1 1 1 1 1]
 [1 1 1 1 0 0 1 1 1 1]
 [1 1 1 1 1 1 1 1 1 1]
 [1 1 1 1 0 1 1 1 1 1]
 [0 1 1 1 1 1 0 0 1 1]
 [1 1 0 1 0 1 0 1 1 1]
 [1 1 0 1 1 1 1 0 1 1]
 [0 1 0 1 1 1 1 0 0 1]
 [1 1 1 0 0 1 1 1 0 1]
 [1 1 1 1 1 0 0 1 1 0]
 [0 0 0 1 1 1 0 1 1 1]
 [1 1 0 1 0 1 0 0 1 1]
 [0 0 1 0 1 1 1 1 1 1]
 [0 0 1 1 1 1 0 1 1 0]
 [1 1 0 1 1 1 1 1 1 1]
 [1 0 1 0 1 1 1 1 0 1]
 [1 1 0 1 1 1 0 1 0 1]
 [0 0 1 0 0 0 0 1 1 1]
 [1 1 1 0 1 0 0 1 1 1]
 [0 1 1 1 1 1 0 1 0 1]
 [0 1 1 1 1 0 1 1 1 1]
 [0 1 1 1 1 1 0 1 1 0]
 [1 0 1 1 1 1 1 1 1 1]
 [1 1 0 1 1 1 0 1 1 1]
 [0 1 0 1 1 0 1 1 1 1]
 [1 1 1 0 1 0 0 1 1 1]
 [1 1 1 0 1 1 0 1 0 1]
 [1 1 1 1 0 1 0 1 1 0]
 [1 1 0 1 1 0 1 1 1 1]
 [1 1 1 1 0 1 1 1 1 1]
 [1 0 1 0 0 0 0 1 1 0]
 [1 1 1 1 0 1 1 1 0 0]
 [1 1 1 1 1 1 1 0 1 1]
 [0 1 1 1 1 1 1 0 1 0]
 [1 1 1 1 0 1 0 0 1 1]
 [1 0 1 0 1 0 1 1 1 1]
 [0 1 1 0 0 0 1 1 0 1]
 [1 1 1 0 1 0 0 1 0 1]
 [1 0 1 1 0 1 0 0 0 0]
 [1 0 0 0 0 1 0 1 0 1]
 [1 1 0 1 1 1 1 0 1 1]
 [1 1 0 1 0 1 1 1 0 1]
 [1 1 1 1 1 1 1 0 1 1]
 [1 0 0 0 1 0 1 1 0 1]
 [0 0 1 1 0 0 0 1 1 1]
 [0 1 1 1 1 1 1 1 1 1]
 [1 1 1 1 1 1 0 1 1 1]
 [1 1 1 0 1 1 1 1 0 1]
 [1 0 0 1 1 0 0 1 1 0]
 [1 1 1 0 0 1 1 1 0 0]
 [1 1 1 1 1 1 1 1 1 1]
 [1 1 1 1 1 0 0 1 1 1]
 [0 1 1 0 1 1 1 1 1 1]
 [1 0 1 0 0 1 1 1 1 1]
 [1 0 0 0 1 1 1 1 1 1]
 [1 1 0 1 0 0 1 1 0 1]
 [0 0 1 0 0 1 0 0 1 0]
 [0 0 0 1 1 1 0 0 1 0]
 [0 1 0 1 0 0 1 0 1 1]
 [1 1 1 1 0 0 1 1 0 1]
 [0 1 1 1 1 1 1 0 1 0]
 [1 0 1 1 0 1 1 1 1 1]
 [1 1 1 1 1 0 1 1 1 1]
 [1 1 1 1 1 1 1 1 1 0]
 [0 1 1 1 1 0 1 1 1 1]
 [1 1 0 1 1 1 1 0 0 1]
 [1 1 1 1 1 1 0 0 1 1]
 [0 1 1 0 0 1 0 1 1 0]
 [1 1 1 1 1 0 0 1 1 0]
 [1 1 1 1 0 0 0 0 1 0]
 [1 1 1 0 0 0 1 0 1 1]
 [0 0 0 0 1 1 0 1 0 0]
 [1 0 0 0 1 0 0 1 1 0]
 [1 0 0 1 1 1 1 0 1 1]
 [1 0 1 1 0 0 1 1 1 1]
 [1 0 1 0 1 1 0 1 1 1]
 [1 1 1 1 1 1 1 0 1 1]
 [0 1 1 1 1 1 1 1 1 1]
 [1 0 1 0 1 0 0 1 1 0]
 [0 1 1 1 1 0 0 0 1 1]
 [0 1 0 1 1 0 1 1 0 1]
 [1 1 1 0 1 1 0 1 0 1]
 [0 0 1 1 1 0 1 1 1 1]]
{'restarts': 8, 'conflicts': 1206, 'decisions': 2789, 'propagations': 895120}
Q is identifiable
branch at 6
runtime for solving id of Q is 0.24023878799926024
Simulation results:
{'J': 100, 'K': 10, 'N': 10, 'p': 0.7, 'seed': 444, 'sim': 4, 'runtime': 0.24023878799926024, 'identifiable': 1, 'branch': 6}
5
Q: [[1 1 1 1 1 1 1 0 1 1]
 [1 1 1 0 1 1 0 1 1 1]
 [1 0 1 1 1 0 1 0 1 1]
 [1 1 1 1 1 0 0 0 1 0]
 [0 1 0 1 1 0 1 1 1 0]
 [1 1 1 1 1 1 1 1 1 1]
 [1 0 0 1 1 0 1 0 1 1]
 [1 1 1 0 0 1 1 1 0 0]
 [1 1 1 1 1 1 0 1 1 1]
 [1 1 1 0 1 1 1 1 1 0]
 [1 1 1 1 1 1 1 0 1 1]
 [0 1 1 1 0 1 1 0 0 1]
 [0 1 1 1 1 1 1 1 0 1]
 [1 0 1 1 1 1 0 0 1 1]
 [1 1 1 1 1 0 1 0 0 1]
 [0 0 1 0 1 0 0 1 1 1]
 [1 1 1 1 1 1 1 1 1 0]
 [1 0 1 1 1 1 1 0 1 1]
 [0 1 1 1 1 1 0 1 1 0]
 [0 1 1 0 1 1 1 0 0 1]
 [0 1 1 1 1 1 1 1 1 0]
 [1 1 1 1 1 0 1 1 0 1]
 [1 1 0 1 0 1 1 0 1 0]
 [1 1 1 1 0 0 1 0 1 1]
 [0 0 1 1 0 0 1 1 1 0]
 [0 0 1 1 1 1 0 1 1 1]
 [1 0 1 1 1 1 1 1 1 1]
 [0 0 1 1 1 1 1 1 0 0]
 [0 1 1 0 1 1 1 1 1 0]
 [1 1 0 1 1 1 1 1 0 0]
 [1 0 0 1 1 0 1 1 1 0]
 [1 1 1 0 1 0 0 1 0 1]
 [1 1 0 1 1 0 0 1 1 1]
 [1 1 1 1 1 0 1 1 1 1]
 [1 1 1 0 0 1 1 1 1 0]
 [0 1 1 1 0 0 1 0 1 1]
 [0 1 0 1 1 1 1 1 0 0]
 [1 1 0 1 1 1 1 1 1 0]
 [1 1 0 0 1 1 0 1 1 1]
 [1 0 1 1 1 1 1 1 0 1]
 [1 1 1 1 0 1 1 0 1 1]
 [1 0 1 1 0 0 1 0 0 1]
 [1 1 1 1 0 1 1 1 1 1]
 [0 1 1 0 1 1 0 1 0 1]
 [1 0 1 1 1 1 1 1 1 1]
 [0 1 1 0 0 1 1 1 1 1]
 [1 1 1 1 1 0 1 1 1 0]
 [1 1 0 1 1 1 1 0 1 0]
 [0 1 1 1 0 0 1 1 1 1]
 [1 0 1 0 0 0 1 1 1 0]
 [1 1 1 0 0 1 1 1 1 1]
 [1 0 0 1 1 0 1 1 1 1]
 [0 0 1 1 0 0 1 0 0 1]
 [1 1 1 1 0 0 0 0 0 0]
 [1 0 1 1 1 0 1 0 0 0]
 [1 1 1 0 1 1 1 1 1 1]
 [1 1 1 1 1 1 1 1 1 0]
 [1 0 1 1 0 1 1 1 1 1]
 [0 0 1 1 1 1 1 1 1 1]
 [1 0 0 0 1 0 0 0 0 1]
 [0 1 1 1 1 1 0 1 0 1]
 [1 1 1 1 0 1 0 0 0 0]
 [1 0 1 1 1 1 1 1 0 1]
 [1 1 1 0 1 1 1 1 1 1]
 [0 1 0 0 1 0 1 1 0 1]
 [1 0 1 1 0 1 0 1 1 1]
 [1 1 1 1 1 1 0 1 1 1]
 [1 1 1 1 0 0 1 0 1 1]
 [0 0 0 1 0 0 1 1 1 1]
 [0 1 0 1 1 1 0 0 1 1]
 [1 1 1 0 0 1 1 0 1 1]
 [0 0 1 1 1 1 0 1 1 0]
 [1 1 0 1 1 0 1 1 0 1]
 [0 0 1 1 1 0 0 1 0 1]
 [0 0 1 0 0 0 1 1 1 1]
 [1 1 1 1 0 0 1 1 0 1]
 [1 1 1 1 0 0 1 1 1 1]
 [1 1 1 1 1 1 1 0 0 1]
 [1 0 1 1 1 1 1 1 0 1]
 [0 0 1 1 0 1 1 1 1 1]
 [1 0 1 0 0 0 0 1 1 0]
 [1 1 1 0 1 1 1 1 1 0]
 [0 0 1 0 1 1 0 1 1 1]
 [1 1 0 1 0 1 1 1 0 1]
 [1 1 1 1 1 0 1 1 0 0]
 [1 0 1 1 0 1 1 1 1 1]
 [0 0 1 1 1 0 0 1 1 0]
 [1 1 0 0 1 1 1 1 0 1]
 [1 1 1 0 1 0 1 0 1 1]
 [1 1 0 1 1 1 1 1 1 1]
 [1 1 1 1 0 1 1 1 1 0]
 [1 1 1 1 1 1 1 0 1 1]
 [0 1 1 1 1 1 1 0 0 1]
 [1 1 1 0 1 1 1 1 1 1]
 [1 1 1 0 0 1 1 1 1 0]
 [0 1 0 1 0 1 0 1 1 1]
 [1 0 0 0 0 1 1 1 1 0]
 [0 1 1 1 1 1 1 1 1 1]
 [0 1 1 1 0 1 1 1 1 0]
 [1 1 1 0 0 0 1 1 0 1]]
{'restarts': 18, 'conflicts': 7894, 'decisions': 14183, 'propagations': 8550381}
Q is identifiable
branch at 6
runtime for solving id of Q is 1.3240820470018662
Simulation results:
{'J': 100, 'K': 10, 'N': 10, 'p': 0.7, 'seed': 444, 'sim': 5, 'runtime': 1.3240820470018662, 'identifiable': 1, 'branch': 6}
6
Q: [[1 0 1 1 1 0 1 0 1 0]
 [0 1 1 1 0 0 0 1 1 0]
 [0 0 1 1 1 1 1 1 1 1]
 [1 1 1 0 1 1 1 1 0 1]
 [1 1 1 1 0 1 0 0 1 1]
 [1 1 1 1 1 1 1 1 1 1]
 [1 0 1 1 0 1 0 1 0 1]
 [0 0 1 1 1 1 1 1 1 0]
 [0 1 1 1 1 0 1 0 1 1]
 [1 1 1 1 1 0 1 1 1 0]
 [0 0 1 1 0 1 1 0 1 1]
 [1 1 0 1 0 1 0 1 1 0]
 [1 1 0 0 1 1 1 1 0 0]
 [1 1 0 1 1 0 1 1 1 0]
 [0 1 1 1 1 1 0 1 1 0]
 [1 1 1 1 1 1 0 0 1 0]
 [1 1 0 1 1 0 0 0 1 1]
 [1 1 1 1 1 1 1 0 1 1]
 [1 1 0 0 1 1 1 1 1 1]
 [0 1 0 0 1 1 1 1 1 1]
 [1 0 1 0 1 1 0 0 0 1]
 [1 1 1 0 1 1 0 0 0 1]
 [0 1 1 0 1 0 1 0 1 0]
 [0 1 1 1 1 1 0 1 1 1]
 [0 1 1 1 0 1 1 1 1 0]
 [1 0 1 1 1 1 1 0 1 1]
 [1 1 1 1 1 0 0 1 0 1]
 [0 1 1 1 1 0 1 1 0 0]
 [0 1 1 0 1 1 1 0 1 1]
 [1 0 1 1 1 1 1 1 1 1]
 [1 1 0 0 1 1 1 1 1 0]
 [0 1 0 1 1 0 1 0 1 0]
 [1 0 1 1 1 1 0 0 1 1]
 [1 1 1 0 0 1 0 0 1 1]
 [1 1 0 1 0 0 0 1 1 0]
 [1 0 1 1 1 1 1 0 1 1]
 [1 1 1 1 1 1 1 1 0 1]
 [1 0 1 1 1 1 1 1 1 1]
 [0 1 0 1 0 1 0 1 1 1]
 [0 0 0 0 0 1 0 0 1 0]
 [0 1 1 1 1 1 1 1 0 0]
 [1 0 1 1 0 1 0 0 1 1]
 [1 1 1 1 0 1 1 0 1 1]
 [1 1 1 1 1 0 1 0 0 1]
 [1 0 0 1 1 1 1 1 1 1]
 [1 0 1 1 1 1 1 1 1 1]
 [1 1 0 1 1 0 0 1 1 1]
 [1 0 1 1 1 1 1 1 1 1]
 [0 1 1 1 1 1 1 1 0 1]
 [1 0 1 0 1 1 1 0 1 1]
 [1 1 0 0 1 1 0 1 1 1]
 [0 1 1 1 1 1 1 1 1 0]
 [1 0 1 1 1 0 0 1 1 1]
 [1 0 1 1 1 0 0 1 1 0]
 [1 1 1 1 1 1 1 0 1 1]
 [1 1 1 0 1 1 1 1 0 0]
 [1 0 1 1 0 0 1 1 1 0]
 [1 1 0 1 1 1 0 0 1 1]
 [1 1 1 0 1 1 1 1 1 1]
 [1 1 1 0 1 1 0 1 1 0]
 [1 0 0 1 1 1 1 1 0 1]
 [1 1 0 0 1 0 1 1 0 1]
 [1 0 1 1 1 1 0 0 1 0]
 [1 1 1 1 1 1 0 1 0 1]
 [0 1 1 1 0 1 1 0 0 1]
 [1 1 1 1 1 1 1 0 1 1]
 [0 1 1 1 0 1 1 1 0 1]
 [1 0 1 1 1 1 0 1 0 1]
 [0 1 0 1 0 1 0 0 1 1]
 [0 1 1 1 1 0 1 0 1 1]
 [1 0 1 0 1 1 0 1 1 1]
 [1 0 1 1 0 1 1 0 1 1]
 [1 1 0 1 1 0 1 1 1 1]
 [1 1 1 1 1 1 1 1 0 0]
 [1 1 1 1 1 0 1 1 0 1]
 [1 1 1 0 0 1 1 1 0 0]
 [1 0 1 0 1 1 1 1 1 0]
 [1 1 1 0 1 1 1 0 0 1]
 [0 1 1 1 1 0 1 0 1 1]
 [0 1 1 1 1 1 1 1 1 1]
 [1 0 0 1 1 1 1 0 1 1]
 [1 1 1 1 1 1 1 0 1 0]
 [0 0 1 1 1 0 1 1 1 1]
 [1 1 0 0 1 0 0 1 0 1]
 [0 0 0 1 0 1 1 1 1 1]
 [0 0 1 1 0 1 0 0 1 0]
 [1 1 1 1 0 1 0 1 1 1]
 [1 1 1 1 1 1 1 1 1 1]
 [1 0 0 1 0 0 1 1 0 1]
 [0 1 1 0 0 1 1 1 1 1]
 [1 0 1 1 1 0 1 1 1 0]
 [0 1 0 0 0 1 1 0 1 0]
 [1 1 0 0 1 1 1 1 0 0]
 [0 1 1 1 0 1 0 1 1 1]
 [0 1 1 1 0 1 1 1 1 1]
 [0 1 1 0 0 1 0 1 1 1]
 [1 1 1 1 1 1 1 1 1 1]
 [1 1 0 1 0 1 1 0 0 1]
 [1 1 1 0 1 0 0 1 1 1]
 [1 0 1 0 0 1 0 1 1 1]]
{'restarts': 9, 'conflicts': 4028, 'decisions': 7621, 'propagations': 3964075}
Q is identifiable
branch at 6
runtime for solving id of Q is 0.675104037996789
Simulation results:
{'J': 100, 'K': 10, 'N': 10, 'p': 0.7, 'seed': 444, 'sim': 6, 'runtime': 0.675104037996789, 'identifiable': 1, 'branch': 6}
7
Q: [[0 1 0 1 1 0 0 0 1 1]
 [1 0 1 1 1 1 0 1 0 1]
 [1 1 0 1 1 1 1 0 1 1]
 [0 1 1 1 1 1 0 1 1 1]
 [1 0 1 0 1 0 1 1 0 0]
 [0 1 1 1 1 1 0 0 0 1]
 [1 0 0 1 0 0 0 1 0 0]
 [0 1 1 1 1 1 1 1 0 1]
 [0 0 1 1 1 1 0 1 1 0]
 [0 1 1 1 0 1 1 0 1 0]
 [0 1 1 1 0 1 1 1 1 1]
 [1 0 0 1 0 0 1 1 1 1]
 [1 0 1 1 0 1 0 0 0 1]
 [1 1 1 1 0 0 0 1 0 1]
 [0 0 1 1 1 1 1 0 0 1]
 [1 0 1 0 1 0 1 0 0 1]
 [1 1 1 1 1 1 1 1 1 1]
 [1 0 1 1 1 0 1 1 1 1]
 [1 0 0 0 1 0 0 1 1 0]
 [0 1 1 0 0 1 0 1 1 1]
 [1 1 1 0 1 0 0 0 1 1]
 [1 1 1 1 1 1 1 0 1 1]
 [0 1 0 0 1 0 1 1 1 1]
 [0 1 1 1 1 1 1 0 1 1]
 [1 0 0 1 1 0 1 1 1 0]
 [1 0 1 1 0 1 0 1 0 0]
 [0 1 1 0 1 1 1 1 1 1]
 [0 1 0 0 0 1 1 1 1 1]
 [0 1 1 0 0 0 0 1 0 0]
 [1 0 0 1 1 0 1 1 1 1]
 [0 1 1 0 1 1 0 0 1 1]
 [1 1 1 1 0 1 1 1 1 1]
 [1 0 0 0 1 1 1 0 0 1]
 [0 0 1 1 0 1 0 0 1 0]
 [1 1 0 1 1 1 1 0 1 1]
 [0 0 0 0 1 1 0 1 1 1]
 [1 1 1 0 1 1 0 1 1 0]
 [0 1 0 0 0 1 0 1 1 1]
 [1 1 1 1 1 0 1 1 0 0]
 [1 1 0 0 1 1 1 0 0 1]
 [1 0 0 0 1 0 1 1 1 1]
 [1 1 1 0 1 0 1 0 1 1]
 [1 1 1 0 1 0 0 1 1 1]
 [1 1 0 0 1 1 0 1 1 0]
 [0 1 1 0 1 1 0 1 1 1]
 [1 0 1 0 1 1 1 1 1 1]
 [0 1 1 1 1 1 0 1 1 1]
 [1 1 1 0 0 1 0 0 0 1]
 [1 1 0 1 0 0 1 1 1 0]
 [0 1 1 1 1 0 1 0 0 1]
 [1 0 1 1 1 1 1 1 0 1]
 [1 1 1 1 1 1 0 1 0 0]
 [1 1 1 1 0 0 1 1 1 1]
 [0 1 1 1 1 1 1 0 0 1]
 [1 1 0 1 1 1 1 1 1 1]
 [0 0 1 1 0 0 1 1 1 1]
 [1 1 1 1 1 1 0 1 0 1]
 [1 0 0 0 1 1 0 1 0 1]
 [1 1 0 1 0 1 1 1 1 1]
 [1 1 0 1 1 1 1 1 1 1]
 [1 1 1 1 1 0 1 0 1 1]
 [1 0 0 1 1 0 1 1 1 1]
 [1 0 0 1 1 1 1 1 1 1]
 [1 0 0 0 1 0 1 1 0 0]
 [1 1 1 1 1 1 0 1 1 1]
 [1 1 1 1 1 1 1 0 1 1]
 [0 1 1 1 1 1 1 1 0 1]
 [1 1 0 1 0 1 0 1 0 1]
 [0 1 1 0 1 1 0 1 1 1]
 [0 0 1 1 1 1 0 1 1 1]
 [1 1 0 1 1 1 0 1 1 1]
 [0 1 1 1 1 1 0 1 1 0]
 [1 1 1 0 0 0 1 1 1 0]
 [1 1 1 0 1 0 0 1 0 1]
 [1 1 1 0 0 1 0 1 1 1]
 [1 1 0 1 1 1 1 1 1 1]
 [1 0 1 1 1 0 1 1 1 1]
 [1 1 0 0 1 0 1 1 0 1]
 [1 1 1 1 1 0 1 1 1 1]
 [1 1 1 1 1 0 1 0 1 1]
 [1 1 1 1 1 1 0 1 1 1]
 [0 1 1 1 0 1 1 1 1 0]
 [1 1 0 1 0 0 0 1 1 1]
 [1 0 1 0 0 1 1 1 1 1]
 [1 0 1 1 1 1 1 1 0 1]
 [0 1 0 1 1 0 1 1 1 1]
 [0 0 1 1 0 1 0 1 1 1]
 [0 0 0 0 1 0 0 1 1 1]
 [0 1 0 1 0 1 1 0 0 0]
 [1 1 1 1 1 1 0 1 1 1]
 [1 0 1 1 0 1 0 1 1 1]
 [1 1 1 1 1 1 1 1 0 0]
 [1 1 1 0 0 1 1 1 0 1]
 [1 0 1 1 1 1 1 0 1 0]
 [0 1 0 1 1 0 1 1 0 0]
 [0 1 0 1 1 0 0 1 1 1]
 [1 0 1 1 1 0 1 1 1 1]
 [1 1 1 0 1 1 1 1 1 0]
 [1 1 0 1 1 0 0 1 0 1]
 [1 1 1 1 1 1 1 1 1 1]]
{'restarts': 21, 'conflicts': 8229, 'decisions': 14899, 'propagations': 7861609}
Q is identifiable
branch at 6
runtime for solving id of Q is 1.071083548002207
Simulation results:
{'J': 100, 'K': 10, 'N': 10, 'p': 0.7, 'seed': 444, 'sim': 7, 'runtime': 1.071083548002207, 'identifiable': 1, 'branch': 6}
8
Q: [[1 1 0 1 1 0 1 1 1 0]
 [1 1 1 1 1 1 1 1 0 1]
 [1 0 0 1 1 1 1 1 1 1]
 [0 1 1 0 1 1 0 1 1 1]
 [1 1 0 0 1 1 1 0 1 1]
 [0 1 1 1 1 1 0 0 1 1]
 [0 1 1 0 0 1 1 1 1 1]
 [0 1 1 1 1 1 1 0 1 1]
 [1 1 0 0 1 1 0 0 1 1]
 [1 0 1 0 1 1 1 1 1 1]
 [0 1 1 1 0 1 1 1 1 1]
 [1 1 1 1 1 1 0 1 1 0]
 [1 1 1 1 0 1 0 1 0 1]
 [1 0 1 1 1 1 1 1 1 1]
 [1 1 1 1 1 1 0 1 0 0]
 [1 0 0 1 0 1 1 1 1 1]
 [0 1 1 0 0 1 0 1 0 1]
 [1 0 1 0 1 1 0 0 0 0]
 [0 1 1 1 0 0 1 1 1 1]
 [1 1 1 0 1 0 0 1 1 1]
 [1 1 0 0 0 1 1 1 1 0]
 [0 1 1 1 1 1 1 0 1 1]
 [1 1 0 1 1 1 1 1 1 0]
 [1 0 1 1 1 1 1 1 1 1]
 [1 1 1 1 0 1 1 1 1 1]
 [0 1 1 1 1 1 1 1 1 1]
 [1 1 0 1 1 1 1 0 1 0]
 [1 0 1 1 1 0 0 0 0 0]
 [0 0 1 1 1 1 1 1 1 0]
 [1 0 0 1 1 1 1 1 1 1]
 [1 1 1 0 0 1 1 0 1 1]
 [1 1 1 0 1 1 1 1 0 1]
 [1 1 1 1 1 1 0 0 1 0]
 [0 1 0 0 1 1 1 1 1 0]
 [1 1 1 1 1 0 1 1 0 1]
 [1 1 1 1 0 1 1 1 1 1]
 [1 1 1 0 1 1 1 0 1 1]
 [1 1 1 0 0 1 0 0 0 0]
 [1 1 1 1 1 1 0 0 0 1]
 [1 1 1 0 0 0 1 1 1 1]
 [1 0 1 1 1 1 1 1 1 1]
 [0 1 0 1 1 1 0 1 0 0]
 [1 1 0 1 0 0 0 0 1 1]
 [1 1 1 1 1 1 0 1 0 0]
 [0 1 0 0 0 1 1 1 0 1]
 [1 1 1 0 1 1 1 0 0 1]
 [1 1 1 1 1 1 1 0 0 1]
 [1 1 1 1 1 0 1 0 1 0]
 [1 1 1 1 1 1 1 0 1 1]
 [1 1 0 1 1 0 1 1 0 1]
 [1 1 1 1 1 1 0 1 1 1]
 [1 1 1 1 0 0 1 0 1 1]
 [0 0 0 0 1 1 0 1 0 1]
 [0 1 0 1 1 0 0 0 1 0]
 [1 1 1 1 0 0 0 0 1 1]
 [1 1 1 1 1 0 1 1 0 1]
 [0 0 1 1 1 1 1 0 0 1]
 [1 1 0 0 1 0 1 0 1 1]
 [0 0 0 1 1 1 1 0 1 1]
 [1 1 1 1 1 1 1 1 0 0]
 [0 1 0 1 0 1 1 0 1 1]
 [1 1 1 1 0 1 1 1 1 0]
 [0 1 1 0 1 1 1 0 1 1]
 [0 1 1 1 1 1 1 0 1 1]
 [1 1 1 0 1 0 0 0 1 0]
 [0 0 1 1 1 1 1 1 0 0]
 [1 1 1 1 1 1 0 1 1 1]
 [1 0 0 1 1 1 1 0 1 1]
 [1 1 1 1 1 0 1 1 1 1]
 [0 1 0 1 0 0 0 0 1 1]
 [1 1 1 1 0 1 0 1 1 1]
 [0 1 1 0 1 0 0 1 1 0]
 [1 1 0 1 1 1 1 1 0 1]
 [0 1 1 1 1 1 1 1 0 1]
 [1 0 1 1 1 0 1 1 1 1]
 [1 0 1 0 1 0 0 0 0 0]
 [0 0 0 1 0 0 0 0 0 0]
 [1 1 1 1 1 1 1 1 0 1]
 [1 1 1 1 1 1 1 1 1 0]
 [0 0 1 1 1 0 1 0 1 1]
 [0 1 1 1 0 1 0 1 0 1]
 [1 0 1 0 1 0 1 0 1 1]
 [0 1 1 1 1 1 1 0 1 0]
 [1 1 0 0 1 1 1 1 1 1]
 [0 1 1 1 1 0 0 1 1 0]
 [1 1 1 0 1 1 0 1 1 1]
 [1 0 1 1 0 1 1 0 1 0]
 [1 1 1 1 1 1 1 1 1 0]
 [0 1 1 0 1 0 1 0 0 1]
 [0 1 1 0 1 1 1 1 1 0]
 [1 1 1 1 0 1 1 1 1 1]
 [1 1 1 1 1 1 1 0 1 1]
 [1 0 1 1 1 0 0 1 1 1]
 [1 0 1 1 1 1 1 1 1 1]
 [1 1 1 1 0 1 1 0 1 0]
 [0 0 1 0 1 1 0 0 0 1]
 [1 1 1 1 1 1 1 1 1 0]
 [0 1 1 1 0 1 1 1 0 0]
 [0 1 0 1 1 1 1 1 1 1]
 [0 1 1 1 1 1 1 1 1 1]]
{'restarts': 6, 'conflicts': 2136, 'decisions': 5302, 'propagations': 1939157}
Q is identifiable
branch at 6
runtime for solving id of Q is 0.43087916399963433
Simulation results:
{'J': 100, 'K': 10, 'N': 10, 'p': 0.7, 'seed': 444, 'sim': 8, 'runtime': 0.43087916399963433, 'identifiable': 1, 'branch': 6}
9
Q: [[1 1 1 1 0 1 0 1 1 0]
 [1 1 1 0 0 1 1 0 1 0]
 [1 1 1 1 0 0 0 1 1 1]
 [0 0 0 1 1 1 0 1 1 1]
 [0 1 1 0 0 1 1 1 1 0]
 [0 0 0 1 1 1 1 0 0 1]
 [0 1 0 0 1 1 1 1 0 1]
 [0 0 1 0 1 1 1 1 1 1]
 [1 0 1 0 1 1 1 1 1 0]
 [1 1 1 0 1 1 0 1 0 1]
 [1 0 1 1 1 1 1 0 1 1]
 [1 0 1 1 0 1 0 1 0 1]
 [1 0 1 1 1 1 1 1 0 1]
 [1 0 1 1 0 0 0 1 1 0]
 [1 0 1 0 1 1 1 0 0 1]
 [1 1 1 1 0 1 1 1 1 1]
 [1 1 1 1 1 0 0 1 1 1]
 [1 1 1 0 1 0 1 1 1 0]
 [0 1 0 1 1 1 0 1 1 0]
 [0 1 0 1 1 0 1 1 0 1]
 [0 1 1 0 1 0 0 1 1 0]
 [1 0 0 1 1 1 0 1 1 1]
 [0 1 1 1 1 1 1 0 1 1]
 [0 0 1 0 1 1 1 1 1 1]
 [1 0 1 0 1 1 1 1 1 0]
 [1 1 1 1 1 0 0 1 1 1]
 [1 1 1 1 1 1 1 1 1 1]
 [0 1 1 1 1 1 0 0 1 1]
 [1 1 1 1 1 1 0 1 1 1]
 [0 1 0 1 0 1 1 1 1 0]
 [0 1 1 1 1 1 1 1 1 0]
 [1 1 1 1 1 1 0 1 1 1]
 [1 1 1 1 0 1 1 1 1 1]
 [1 1 1 1 0 1 0 0 1 1]
 [1 1 1 1 0 1 1 1 0 0]
 [0 1 0 1 0 1 0 0 1 0]
 [1 1 1 1 0 1 1 0 1 0]
 [1 1 1 1 1 1 1 0 1 1]
 [1 0 0 0 0 1 0 0 0 0]
 [1 0 1 0 1 1 0 1 0 1]
 [1 1 0 1 0 1 0 1 0 0]
 [1 0 0 1 1 1 0 0 1 1]
 [1 1 1 1 1 0 1 0 0 0]
 [1 1 1 0 1 0 1 1 1 0]
 [1 0 1 1 1 1 1 0 1 1]
 [1 1 0 0 1 1 1 1 0 0]
 [1 1 1 1 1 1 1 0 1 1]
 [1 0 1 1 0 1 1 1 0 0]
 [1 1 1 1 1 0 0 1 1 0]
 [1 1 0 1 0 1 1 1 1 1]
 [0 1 1 1 0 1 1 0 1 1]
 [0 0 0 1 1 1 1 1 1 0]
 [1 1 1 1 1 0 0 0 0 0]
 [0 0 1 0 0 1 1 0 1 1]
 [1 1 0 1 1 0 0 1 1 1]
 [1 1 0 1 1 0 1 0 1 0]
 [0 1 1 1 0 0 1 1 1 0]
 [1 1 1 0 1 0 1 0 1 1]
 [0 1 1 1 0 1 0 0 1 1]
 [0 1 1 1 1 1 1 0 0 1]
 [1 1 1 1 0 1 1 1 0 1]
 [1 1 1 1 0 0 0 1 0 0]
 [0 1 0 1 1 0 0 1 1 1]
 [1 1 1 1 1 0 0 1 0 1]
 [1 1 1 0 1 1 1 1 1 1]
 [1 1 1 1 0 1 1 1 1 1]
 [0 1 1 1 1 1 1 0 1 0]
 [0 0 1 1 0 1 1 0 1 1]
 [1 1 1 0 1 0 1 0 1 0]
 [0 1 1 1 0 0 1 1 1 1]
 [1 0 0 1 1 0 0 1 0 1]
 [0 1 1 1 0 1 1 1 1 1]
 [1 1 1 0 1 1 0 1 1 0]
 [1 0 1 1 1 0 1 1 1 1]
 [1 1 0 1 1 1 1 1 1 1]
 [1 1 1 1 1 0 1 0 1 1]
 [1 1 1 1 1 0 1 1 1 1]
 [1 1 1 1 1 1 1 0 1 1]
 [1 1 1 1 1 1 0 1 1 1]
 [0 0 1 1 1 1 1 1 0 1]
 [1 1 1 1 1 1 1 1 1 1]
 [1 1 1 1 1 0 0 1 1 1]
 [0 1 1 1 0 1 1 1 1 1]
 [1 1 1 0 1 1 0 1 1 1]
 [0 1 0 1 1 1 1 1 1 1]
 [1 1 0 1 1 0 0 1 1 1]
 [0 1 1 1 1 1 1 1 0 0]
 [1 1 1 0 1 1 0 0 0 0]
 [0 0 1 0 1 0 0 1 0 0]
 [1 1 1 0 1 1 0 0 1 1]
 [1 1 1 0 1 0 0 1 0 1]
 [1 1 1 1 1 1 1 1 1 0]
 [1 1 1 1 1 0 1 1 0 1]
 [1 1 1 1 0 1 1 1 0 1]
 [1 1 1 1 0 1 1 1 1 0]
 [1 1 1 1 1 1 0 1 1 1]
 [0 0 1 1 1 1 0 0 1 0]
 [0 1 0 1 0 0 1 1 0 1]
 [1 1 0 1 0 1 0 1 1 1]
 [1 1 1 1 0 1 1 1 1 1]]
{'restarts': 34, 'conflicts': 16231, 'decisions': 24922, 'propagations': 16301295}
Q is identifiable
branch at 6
runtime for solving id of Q is 2.33417477400144
Simulation results:
{'J': 100, 'K': 10, 'N': 10, 'p': 0.7, 'seed': 444, 'sim': 9, 'runtime': 2.33417477400144, 'identifiable': 1, 'branch': 6}
Simulation results:
[{'J': 100, 'K': 10, 'N': 10, 'p': 0.7, 'seed': 444, 'sim': 0, 'runtime': 0.7571843899968371, 'identifiable': 1, 'branch': 6}, {'J': 100, 'K': 10, 'N': 10, 'p': 0.7, 'seed': 444, 'sim': 1, 'runtime': 0.8645659620015067, 'identifiable': 1, 'branch': 6}, {'J': 100, 'K': 10, 'N': 10, 'p': 0.7, 'seed': 444, 'sim': 2, 'runtime': 1.1230063869988953, 'identifiable': 1, 'branch': 6}, {'J': 100, 'K': 10, 'N': 10, 'p': 0.7, 'seed': 444, 'sim': 3, 'runtime': 0.6673924799979432, 'identifiable': 1, 'branch': 6}, {'J': 100, 'K': 10, 'N': 10, 'p': 0.7, 'seed': 444, 'sim': 4, 'runtime': 0.24023878799926024, 'identifiable': 1, 'branch': 6}, {'J': 100, 'K': 10, 'N': 10, 'p': 0.7, 'seed': 444, 'sim': 5, 'runtime': 1.3240820470018662, 'identifiable': 1, 'branch': 6}, {'J': 100, 'K': 10, 'N': 10, 'p': 0.7, 'seed': 444, 'sim': 6, 'runtime': 0.675104037996789, 'identifiable': 1, 'branch': 6}, {'J': 100, 'K': 10, 'N': 10, 'p': 0.7, 'seed': 444, 'sim': 7, 'runtime': 1.071083548002207, 'identifiable': 1, 'branch': 6}, {'J': 100, 'K': 10, 'N': 10, 'p': 0.7, 'seed': 444, 'sim': 8, 'runtime': 0.43087916399963433, 'identifiable': 1, 'branch': 6}, {'J': 100, 'K': 10, 'N': 10, 'p': 0.7, 'seed': 444, 'sim': 9, 'runtime': 2.33417477400144, 'identifiable': 1, 'branch': 6}]
