
The Gurobi software has a limited number of licenses. To request a license or
licenses, add this line

    #SBATCH --licenses=gurobi@slurmdb:1

to your SBATCH script, replacing N with the number of licenses you need. Gurobi
will need one license per process.


0
Q: [[1 1 1 0 0 1 0 1 1 0]
 [0 1 0 1 0 0 1 0 1 0]
 [1 0 0 1 1 1 1 1 1 1]
 [1 0 1 0 1 1 1 0 1 1]
 [1 0 0 1 0 1 1 1 1 1]
 [0 0 0 0 1 0 1 1 1 0]
 [0 1 1 1 0 1 1 1 1 1]
 [1 0 1 0 0 0 1 1 0 1]
 [1 1 0 0 1 1 1 1 1 1]
 [1 1 1 1 1 1 1 0 1 1]
 [1 1 1 0 1 1 0 1 0 0]
 [0 1 1 1 1 1 0 1 1 1]
 [1 1 1 0 1 1 1 0 0 1]
 [1 1 0 1 1 1 1 0 1 1]
 [1 1 1 1 0 1 1 1 1 1]
 [0 1 1 1 1 1 1 1 0 1]
 [1 1 1 1 0 1 1 0 1 0]
 [1 1 1 1 0 1 0 1 1 0]
 [1 1 1 0 1 1 1 0 1 1]
 [0 1 0 1 0 1 1 1 1 1]
 [0 1 0 1 1 1 1 1 1 1]
 [1 1 0 1 1 1 1 1 1 0]
 [1 1 1 0 1 0 0 1 0 1]
 [1 1 1 0 0 1 1 1 0 1]
 [1 1 0 1 1 1 1 1 1 1]
 [1 1 1 1 0 1 1 1 0 1]
 [1 1 0 0 1 1 0 1 1 1]
 [0 1 0 1 0 1 1 0 1 1]
 [1 0 0 1 1 1 1 0 1 1]
 [0 1 1 1 1 1 0 1 1 1]
 [1 1 1 1 0 0 0 1 1 1]
 [1 1 1 1 0 1 1 1 1 1]
 [0 1 1 1 1 0 0 1 1 1]
 [0 1 0 0 0 1 1 1 1 1]
 [1 1 1 1 1 0 0 1 1 0]
 [1 1 1 1 1 1 0 1 0 1]
 [1 1 1 1 1 1 1 1 1 0]
 [1 1 0 1 0 0 1 0 1 0]
 [1 1 0 1 1 1 1 0 1 1]
 [1 0 0 1 1 1 1 1 0 1]
 [0 1 1 0 1 0 1 1 1 1]
 [1 1 1 1 0 1 1 1 0 0]
 [1 0 1 0 1 1 0 0 1 1]
 [0 1 1 1 1 0 1 1 1 1]
 [1 0 1 1 0 0 0 1 0 1]
 [1 1 1 0 0 0 1 1 0 0]
 [1 0 1 1 1 1 1 1 0 1]
 [1 0 0 0 1 1 1 1 1 1]
 [0 1 0 0 1 1 0 1 0 1]
 [1 0 1 1 1 1 1 1 0 0]
 [1 1 1 1 1 0 1 0 1 1]
 [1 1 1 1 1 1 0 1 1 1]
 [1 1 0 1 1 1 0 1 1 0]
 [0 0 0 1 1 1 1 1 0 1]
 [0 1 0 1 0 0 0 0 1 1]
 [1 1 0 1 1 1 0 1 1 1]
 [0 1 1 0 0 1 1 1 1 1]
 [0 1 1 1 1 1 1 1 1 1]
 [1 1 1 1 1 1 1 1 1 1]
 [1 0 1 0 1 1 1 1 0 1]
 [1 1 1 1 1 1 1 1 1 1]
 [1 1 1 0 0 0 1 1 1 0]
 [1 1 1 0 1 1 1 1 1 1]
 [0 1 1 1 1 1 1 1 1 0]
 [1 1 0 1 1 1 1 1 1 1]
 [1 1 0 1 1 1 1 0 0 1]
 [1 0 0 1 1 1 0 1 1 0]
 [1 0 0 1 1 0 0 0 1 1]
 [1 0 1 1 0 0 0 0 1 1]
 [0 1 1 0 1 1 1 1 1 1]
 [1 0 1 1 0 1 1 0 1 1]
 [1 1 0 1 1 1 0 0 0 1]
 [1 1 1 1 1 0 1 1 1 1]
 [1 1 0 1 1 1 1 1 1 1]
 [0 1 0 1 1 0 1 1 0 1]
 [1 1 1 1 1 1 1 1 0 0]
 [1 1 0 1 0 1 1 1 0 0]
 [1 1 0 1 0 0 1 1 1 1]
 [1 1 0 0 1 1 1 1 1 1]
 [0 0 1 0 1 1 1 1 1 1]
 [1 1 1 1 0 1 1 1 1 1]
 [0 1 0 0 1 0 1 1 0 1]
 [1 0 1 0 1 0 0 1 1 1]
 [1 1 0 1 1 1 0 0 0 0]
 [0 1 1 1 1 1 1 1 1 0]
 [1 1 1 1 0 0 1 0 1 1]
 [1 1 1 0 1 1 1 1 1 0]
 [1 1 1 0 0 0 0 1 1 1]
 [0 1 1 1 0 0 1 1 1 1]
 [0 0 0 1 1 1 1 0 1 1]
 [0 1 1 0 0 0 1 1 1 1]
 [1 1 1 1 1 1 1 1 0 1]
 [1 1 0 1 1 0 1 1 1 1]
 [1 1 1 0 1 1 0 1 0 0]
 [1 1 1 1 1 0 0 0 1 1]
 [1 1 1 1 1 1 0 0 0 1]
 [0 1 1 1 1 1 0 0 0 1]
 [1 1 1 0 0 1 1 1 1 1]
 [0 0 1 0 0 1 1 1 1 0]
 [0 0 1 1 0 0 0 0 1 1]]
{'restarts': 26, 'conflicts': 11937, 'decisions': 20064, 'propagations': 11342406}
Q is identifiable
branch at 6
runtime for solving id of Q is 1.5603546258062124
Simulation results:
{'J': 100, 'K': 10, 'N': 10, 'p': 0.7, 'seed': 723, 'sim': 0, 'runtime': 1.5603546258062124, 'identifiable': 1, 'branch': 6}
1
Q: [[1 0 0 1 0 1 1 1 0 0]
 [1 1 1 1 0 1 1 1 1 0]
 [0 1 1 1 1 1 1 1 0 0]
 [1 1 1 1 0 1 0 1 1 1]
 [1 0 0 1 1 1 1 1 0 1]
 [0 1 1 1 1 1 1 1 1 1]
 [1 0 0 1 0 0 1 0 1 0]
 [0 0 0 1 0 1 1 1 1 0]
 [1 1 1 1 1 1 1 1 0 0]
 [1 1 1 1 0 0 1 0 1 0]
 [1 1 1 0 1 0 0 1 1 1]
 [0 0 1 1 1 0 1 0 1 1]
 [1 1 1 1 1 0 0 1 1 1]
 [0 1 1 1 1 1 1 1 0 0]
 [1 1 1 0 0 1 1 1 1 1]
 [1 1 1 1 0 0 1 1 0 1]
 [1 1 1 0 1 1 1 0 1 1]
 [1 0 0 0 1 0 0 1 1 1]
 [1 0 0 1 1 0 1 0 1 0]
 [0 1 0 1 1 1 1 1 0 1]
 [1 1 1 1 1 1 1 0 1 1]
 [1 0 0 1 1 0 0 1 0 1]
 [0 0 1 1 1 1 1 1 1 1]
 [1 0 0 1 0 1 1 0 1 1]
 [0 1 0 1 1 0 1 0 1 1]
 [0 1 1 1 1 1 1 1 1 1]
 [0 1 1 1 0 0 1 1 0 1]
 [0 1 1 1 0 1 0 1 1 1]
 [1 1 0 1 1 1 1 1 0 1]
 [0 1 1 0 0 1 1 1 1 0]
 [0 1 0 1 1 1 1 1 1 1]
 [1 0 1 1 1 1 1 1 1 1]
 [0 0 0 1 1 1 1 1 1 1]
 [0 1 1 1 0 1 1 1 1 0]
 [0 1 1 1 1 0 1 1 1 0]
 [0 1 1 0 1 1 1 1 1 1]
 [1 1 1 0 1 1 1 1 0 1]
 [0 1 0 0 1 1 0 0 1 1]
 [1 1 1 1 1 1 1 0 1 0]
 [0 1 1 0 1 1 1 1 0 1]
 [1 0 0 1 1 0 1 0 1 0]
 [1 1 1 0 1 1 1 1 0 0]
 [1 1 0 0 1 1 1 1 1 1]
 [1 1 0 1 1 1 1 1 0 1]
 [0 1 1 1 1 0 0 0 1 1]
 [1 1 1 1 0 1 0 0 1 1]
 [1 1 1 1 1 1 1 1 1 0]
 [1 0 1 0 1 1 1 1 0 1]
 [0 0 1 1 0 1 1 0 1 0]
 [0 0 1 1 0 0 1 1 1 1]
 [0 1 0 1 1 1 0 0 0 0]
 [0 1 1 1 0 1 1 0 0 1]
 [1 1 1 1 0 0 1 0 0 1]
 [1 0 1 0 0 0 1 1 1 1]
 [0 1 1 0 0 1 1 0 0 1]
 [0 1 0 1 1 1 1 1 1 1]
 [1 1 0 0 1 0 1 1 1 1]
 [0 0 0 1 1 1 1 1 1 1]
 [1 1 1 1 1 0 1 1 0 0]
 [0 0 1 1 1 1 1 1 0 0]
 [1 1 1 1 1 1 1 0 1 1]
 [1 0 0 0 0 1 1 1 1 1]
 [0 1 0 1 1 0 1 1 1 1]
 [1 1 1 0 0 1 0 1 1 1]
 [1 1 0 1 0 1 1 1 1 1]
 [1 1 0 0 1 0 1 1 1 1]
 [1 1 1 0 1 0 1 1 0 1]
 [1 1 0 1 0 1 1 1 1 0]
 [1 1 1 1 0 1 1 0 1 1]
 [1 1 1 0 1 1 0 0 1 1]
 [1 1 0 0 1 1 1 1 1 1]
 [1 1 1 1 0 1 1 0 1 1]
 [1 1 1 1 1 1 1 1 0 0]
 [1 0 0 1 1 0 1 1 1 0]
 [0 1 1 1 0 0 1 1 0 1]
 [0 1 0 0 0 0 1 0 1 1]
 [0 1 1 1 1 1 1 0 1 1]
 [1 1 1 0 1 0 1 1 0 0]
 [1 1 1 1 1 1 1 0 1 1]
 [1 1 0 1 0 1 1 1 1 0]
 [0 1 1 1 0 1 1 0 1 1]
 [0 1 1 0 1 0 0 0 1 1]
 [0 1 0 1 1 1 1 1 1 1]
 [1 1 0 0 1 1 0 1 1 1]
 [0 0 0 0 1 1 1 1 1 1]
 [1 1 1 1 1 1 1 0 1 0]
 [1 1 1 1 1 0 1 1 0 1]
 [0 1 1 1 0 1 1 1 0 1]
 [0 0 1 1 1 0 1 1 0 1]
 [1 0 1 0 1 1 1 0 1 1]
 [1 0 1 1 1 1 1 1 1 1]
 [1 0 1 1 1 1 1 1 1 1]
 [0 1 1 1 1 1 1 1 1 1]
 [1 1 1 1 0 1 1 1 1 1]
 [0 0 0 1 0 1 1 1 0 1]
 [1 1 1 1 1 1 1 0 0 1]
 [0 0 1 1 0 1 1 1 1 1]
 [1 1 1 0 1 1 1 1 0 1]
 [0 1 1 1 1 1 1 1 1 1]
 [1 1 1 0 1 1 1 1 1 1]]
{'restarts': 48, 'conflicts': 16810, 'decisions': 28323, 'propagations': 15579958}
Q is identifiable
branch at 6
runtime for solving id of Q is 2.203881688416004
Simulation results:
{'J': 100, 'K': 10, 'N': 10, 'p': 0.7, 'seed': 723, 'sim': 1, 'runtime': 2.203881688416004, 'identifiable': 1, 'branch': 6}
2
Q: [[0 0 1 1 0 1 0 1 1 1]
 [0 1 1 1 0 1 1 1 1 1]
 [0 1 1 1 1 1 0 1 0 1]
 [1 0 1 1 0 1 1 1 0 0]
 [0 1 1 1 0 1 1 1 1 0]
 [1 1 1 1 0 0 0 0 1 1]
 [1 1 1 1 1 1 0 1 1 0]
 [0 1 0 1 1 1 1 0 1 1]
 [1 0 1 1 1 1 0 0 1 1]
 [0 1 1 0 1 1 1 1 0 0]
 [1 1 1 1 1 0 1 1 1 1]
 [0 0 0 0 1 1 1 0 1 1]
 [1 1 1 1 0 1 1 1 1 1]
 [1 0 0 1 0 0 1 1 1 1]
 [0 1 1 1 0 0 0 1 1 0]
 [1 1 1 1 0 1 1 1 0 1]
 [1 0 1 1 1 0 1 0 0 0]
 [1 1 1 1 0 1 0 1 1 1]
 [1 1 0 1 0 1 1 1 1 1]
 [1 1 1 1 1 0 1 1 1 0]
 [1 1 1 0 1 1 0 1 1 1]
 [1 0 0 1 1 1 1 1 1 1]
 [1 0 1 1 0 0 1 0 1 1]
 [1 0 0 1 1 0 0 0 1 1]
 [1 1 1 1 1 1 0 0 1 0]
 [0 1 1 0 1 1 1 0 1 1]
 [1 1 1 0 1 0 1 1 1 1]
 [1 1 1 1 1 0 1 1 1 0]
 [1 1 0 1 1 1 1 1 0 1]
 [0 1 1 0 0 0 1 0 1 1]
 [1 1 1 0 1 1 1 1 1 0]
 [1 1 1 0 1 1 0 1 0 0]
 [1 1 1 1 0 1 0 1 0 0]
 [1 1 1 1 1 1 1 1 0 1]
 [0 1 0 1 0 0 0 1 1 1]
 [1 1 0 0 0 1 1 1 0 0]
 [1 1 1 0 0 0 1 0 1 0]
 [1 1 0 1 1 0 1 1 1 1]
 [0 0 1 0 1 0 1 1 1 1]
 [0 0 1 0 0 1 0 1 0 1]
 [1 1 1 1 1 0 1 1 0 1]
 [1 1 1 1 1 1 1 1 0 1]
 [1 1 1 1 1 1 1 1 1 1]
 [0 1 1 0 0 0 0 1 1 1]
 [0 1 1 1 1 1 0 1 0 1]
 [1 1 1 0 1 1 1 0 1 1]
 [1 1 1 1 1 1 1 1 0 1]
 [0 0 1 0 0 1 1 1 1 1]
 [0 1 1 1 1 0 0 0 0 0]
 [1 0 0 1 1 1 1 1 1 1]
 [1 1 1 0 1 1 1 1 1 1]
 [1 1 1 0 1 1 1 1 0 1]
 [1 0 1 0 1 1 1 1 0 1]
 [1 1 0 1 1 1 1 1 0 1]
 [1 1 0 1 1 1 0 1 1 1]
 [1 1 1 1 0 0 0 0 0 1]
 [1 1 1 1 1 0 1 1 1 0]
 [1 1 0 1 0 1 1 1 0 1]
 [0 1 1 1 1 1 0 1 1 1]
 [0 1 1 0 1 1 1 1 1 0]
 [1 0 1 1 1 0 1 0 0 1]
 [0 1 1 1 1 0 1 1 1 1]
 [1 1 1 0 1 0 1 0 1 1]
 [1 1 0 1 0 1 0 1 0 1]
 [1 1 1 1 0 0 1 1 1 1]
 [1 1 1 1 1 1 1 1 0 1]
 [1 1 1 1 0 0 1 1 1 1]
 [1 0 1 0 1 1 0 1 0 1]
 [1 1 1 0 0 1 1 1 1 0]
 [1 0 1 1 1 0 1 1 1 1]
 [1 1 1 1 1 0 1 0 1 0]
 [1 1 0 1 1 0 1 1 1 1]
 [0 0 0 0 1 0 1 1 1 1]
 [1 0 1 1 1 1 1 1 1 0]
 [1 1 0 1 1 1 1 0 1 1]
 [0 1 0 1 0 0 1 0 0 1]
 [1 1 1 1 1 1 1 0 0 1]
 [0 1 1 1 1 0 1 0 0 0]
 [1 1 0 1 1 1 1 0 0 1]
 [1 0 1 1 0 1 1 1 1 1]
 [0 1 1 0 1 0 1 1 0 1]
 [1 1 1 0 0 0 0 0 1 1]
 [1 0 0 1 0 1 1 1 1 0]
 [1 1 1 0 1 0 1 1 1 1]
 [0 0 1 1 1 1 1 0 0 1]
 [1 0 0 0 0 1 0 0 1 1]
 [1 0 0 1 1 1 1 1 1 1]
 [1 0 1 1 0 1 1 1 1 0]
 [0 1 1 1 1 1 1 1 1 1]
 [1 0 1 1 1 1 1 0 1 1]
 [1 0 1 0 1 0 1 1 0 0]
 [0 1 0 1 1 1 1 1 1 1]
 [0 0 0 1 1 1 1 0 1 1]
 [1 1 1 1 1 1 1 1 0 0]
 [0 0 0 0 0 1 0 1 1 1]
 [1 1 1 1 1 1 1 0 1 1]
 [1 0 0 1 0 0 0 1 1 1]
 [0 1 0 1 0 1 1 1 0 0]
 [1 0 0 1 0 1 0 1 1 1]
 [1 1 1 0 1 1 1 1 1 0]]
{'restarts': 13, 'conflicts': 3752, 'decisions': 8266, 'propagations': 3586883}
Q is identifiable
branch at 6
runtime for solving id of Q is 0.6361189056187868
Simulation results:
{'J': 100, 'K': 10, 'N': 10, 'p': 0.7, 'seed': 723, 'sim': 2, 'runtime': 0.6361189056187868, 'identifiable': 1, 'branch': 6}
3
Q: [[1 0 0 1 1 1 1 1 0 1]
 [1 1 1 1 1 1 1 1 0 1]
 [1 0 1 1 1 1 1 1 0 0]
 [0 0 1 0 1 0 1 1 0 1]
 [1 1 1 1 0 0 1 0 1 1]
 [1 0 0 0 1 0 0 1 1 1]
 [1 1 1 0 1 1 1 0 1 0]
 [1 1 1 0 1 1 0 0 0 1]
 [1 1 1 1 1 0 1 1 1 1]
 [0 0 1 1 0 1 1 0 1 1]
 [1 0 1 1 1 1 1 1 0 1]
 [1 1 1 1 1 1 1 1 1 1]
 [1 1 1 1 1 0 1 1 1 1]
 [1 0 0 0 1 1 1 1 0 1]
 [1 1 1 1 0 0 0 0 1 1]
 [1 0 1 1 0 0 1 1 1 1]
 [1 1 1 0 1 1 1 1 1 1]
 [1 0 1 0 1 1 1 0 1 1]
 [1 1 1 1 1 1 1 0 0 1]
 [1 1 1 1 1 1 1 1 1 1]
 [0 1 1 1 1 0 1 1 1 1]
 [1 1 0 1 1 1 0 1 1 1]
 [1 1 0 0 1 1 0 1 1 1]
 [1 0 1 1 1 1 0 1 1 1]
 [1 1 1 0 1 0 1 1 0 0]
 [0 0 0 0 1 1 0 0 1 0]
 [0 0 1 0 1 1 0 1 0 0]
 [1 0 0 1 1 1 1 1 1 1]
 [0 0 1 1 1 0 0 1 0 1]
 [1 1 0 1 0 1 1 0 0 1]
 [0 1 1 1 0 1 1 1 0 1]
 [1 1 1 1 0 0 1 0 1 0]
 [1 0 1 0 1 0 1 1 1 1]
 [1 0 0 1 1 1 1 1 1 1]
 [0 1 1 1 1 0 1 0 0 1]
 [0 1 1 0 1 0 1 1 1 1]
 [1 0 1 0 1 1 0 0 1 1]
 [0 1 1 0 1 1 0 1 1 0]
 [1 0 1 1 1 0 1 0 0 1]
 [1 1 1 0 1 1 0 1 1 1]
 [0 1 0 1 1 1 1 0 1 1]
 [1 1 1 1 0 1 1 1 0 1]
 [0 1 1 1 0 1 1 1 1 1]
 [0 1 1 0 1 0 1 0 1 1]
 [0 1 0 1 1 1 0 1 0 1]
 [1 0 1 1 1 1 1 0 0 1]
 [0 0 0 1 0 1 1 0 1 1]
 [1 0 1 0 1 1 1 1 1 1]
 [0 1 1 1 1 1 0 0 0 1]
 [1 0 0 1 1 0 1 1 1 1]
 [1 1 1 1 1 1 1 1 1 1]
 [1 1 1 1 1 1 0 1 0 1]
 [1 1 1 0 0 1 1 1 1 1]
 [1 1 0 1 1 1 1 0 1 1]
 [0 1 1 0 0 1 1 1 1 0]
 [0 1 1 1 1 1 1 0 1 0]
 [1 1 1 0 1 1 1 1 1 0]
 [1 1 1 0 0 1 0 0 1 1]
 [0 0 1 1 1 1 1 1 0 0]
 [1 1 1 1 1 1 1 1 0 1]
 [1 1 0 1 0 0 0 0 1 1]
 [0 1 1 1 1 0 0 0 1 0]
 [0 1 1 1 0 1 0 1 1 0]
 [1 1 1 1 1 1 1 1 1 1]
 [1 1 1 0 0 0 1 1 1 0]
 [1 1 1 1 1 1 1 1 0 1]
 [1 0 0 1 1 0 1 1 0 1]
 [0 1 0 1 1 1 1 0 1 1]
 [1 1 1 1 1 1 1 1 1 0]
 [1 1 1 1 1 1 1 0 1 1]
 [0 1 1 1 0 1 1 0 1 1]
 [1 1 0 1 1 1 1 1 1 0]
 [1 1 1 1 0 1 1 1 1 1]
 [1 1 1 0 1 1 0 0 1 1]
 [0 1 1 1 1 0 1 0 0 1]
 [0 1 0 1 1 0 0 1 1 1]
 [1 0 1 1 1 0 0 1 1 1]
 [1 1 1 1 0 1 0 1 0 0]
 [1 1 1 1 0 1 1 1 1 1]
 [0 0 1 1 1 0 1 1 1 1]
 [1 1 1 1 1 0 0 1 1 0]
 [1 1 1 1 1 1 0 0 1 1]
 [1 1 1 1 0 1 1 1 0 0]
 [0 1 1 1 1 0 1 1 1 1]
 [0 0 1 1 1 1 1 1 0 1]
 [0 1 1 1 0 1 1 1 1 0]
 [0 1 1 0 0 1 1 0 1 1]
 [1 1 0 1 1 1 1 0 0 1]
 [1 0 1 0 1 1 1 0 0 0]
 [0 1 1 1 1 0 1 1 1 1]
 [0 0 0 1 1 1 1 1 1 1]
 [0 1 1 1 1 1 1 1 1 1]
 [1 0 1 1 1 1 1 1 0 1]
 [1 1 0 1 1 0 0 1 1 1]
 [0 1 1 1 1 0 1 1 1 0]
 [0 0 1 1 1 1 1 1 0 0]
 [1 1 1 1 1 0 0 1 1 1]
 [0 0 1 1 1 1 1 1 1 1]
 [1 1 0 0 0 1 1 1 0 0]
 [0 1 1 1 1 1 1 1 1 1]]
{'restarts': 13, 'conflicts': 8105, 'decisions': 13654, 'propagations': 7214281}
Q is identifiable
branch at 6
runtime for solving id of Q is 1.0318492678925395
Simulation results:
{'J': 100, 'K': 10, 'N': 10, 'p': 0.7, 'seed': 723, 'sim': 3, 'runtime': 1.0318492678925395, 'identifiable': 1, 'branch': 6}
4
Q: [[1 1 1 1 0 1 1 1 0 0]
 [1 1 1 1 1 1 0 1 1 1]
 [0 0 1 1 1 1 0 1 1 1]
 [1 1 1 1 1 0 1 1 0 0]
 [1 0 1 1 0 1 1 1 1 1]
 [1 1 0 1 0 1 1 1 0 0]
 [1 1 1 1 1 1 0 1 1 1]
 [0 1 1 0 1 0 0 1 1 1]
 [1 1 1 0 1 1 1 0 1 1]
 [1 1 1 1 1 1 0 1 1 1]
 [1 0 1 1 1 0 0 1 1 1]
 [0 1 0 1 1 1 1 1 1 1]
 [0 0 1 1 1 1 0 1 0 1]
 [0 0 0 0 1 1 0 1 1 1]
 [0 0 1 1 1 1 1 1 1 1]
 [1 1 1 1 1 1 1 0 1 0]
 [1 0 1 0 1 1 1 0 1 1]
 [1 1 1 1 0 0 1 1 1 1]
 [1 0 1 1 1 0 1 1 1 1]
 [1 1 1 1 1 1 0 1 1 1]
 [0 0 1 1 0 1 1 1 0 1]
 [1 1 1 0 1 1 1 1 1 1]
 [1 0 1 1 1 0 0 1 1 1]
 [0 1 1 0 1 1 1 1 1 0]
 [1 1 1 1 1 1 1 1 1 0]
 [0 1 1 1 1 1 1 1 1 1]
 [1 1 1 1 0 1 1 1 0 1]
 [1 1 0 1 1 0 1 1 1 0]
 [1 1 1 1 1 0 1 1 1 1]
 [1 1 1 1 1 0 0 1 1 1]
 [1 0 0 0 1 0 1 1 1 1]
 [1 0 1 1 0 1 1 0 1 1]
 [1 1 1 1 1 0 1 1 1 0]
 [0 0 0 0 1 1 0 1 1 1]
 [0 1 1 1 1 0 1 1 1 1]
 [0 0 1 1 1 1 0 0 0 1]
 [1 1 1 1 1 0 1 1 1 1]
 [1 1 1 1 0 1 1 1 0 1]
 [1 1 1 1 1 1 1 0 1 1]
 [1 1 1 1 1 0 0 1 1 1]
 [1 1 1 1 1 1 1 1 1 0]
 [0 1 1 1 1 0 1 0 0 1]
 [1 1 0 1 1 1 1 1 1 0]
 [1 1 0 1 1 1 1 1 0 0]
 [1 0 1 1 1 1 0 1 1 1]
 [0 1 0 0 1 1 1 0 1 1]
 [1 0 0 1 1 1 1 0 1 0]
 [1 1 1 1 0 1 1 1 1 1]
 [1 1 1 1 1 1 1 1 1 0]
 [1 1 1 1 0 0 1 0 1 1]
 [1 1 1 1 0 1 1 1 1 0]
 [1 1 1 1 1 0 1 1 1 1]
 [0 1 1 0 1 1 0 0 1 0]
 [0 0 0 1 1 1 1 0 1 1]
 [1 0 0 0 0 1 1 0 1 1]
 [1 0 1 0 0 1 0 1 1 1]
 [1 1 1 0 0 0 0 1 1 0]
 [1 1 1 0 1 1 1 1 1 1]
 [1 1 1 0 1 1 1 0 0 0]
 [1 1 0 1 0 0 1 1 1 0]
 [1 1 1 1 0 0 1 1 1 1]
 [1 0 1 1 1 1 0 1 0 0]
 [0 0 1 1 1 0 1 1 0 1]
 [1 1 0 1 0 0 1 1 1 1]
 [0 1 1 1 1 1 1 1 1 0]
 [0 1 0 1 0 1 0 0 1 1]
 [1 1 0 0 1 1 1 1 0 0]
 [1 0 1 0 0 1 1 1 1 1]
 [1 0 0 1 1 1 1 1 1 1]
 [1 1 1 1 0 0 0 0 1 1]
 [0 1 1 1 1 1 1 1 1 0]
 [1 1 1 1 0 1 0 0 1 1]
 [1 1 0 1 0 1 1 0 1 0]
 [1 1 0 1 1 1 1 1 0 1]
 [1 1 1 0 1 1 1 1 0 1]
 [1 1 1 1 1 0 1 0 1 1]
 [1 1 1 1 1 1 1 1 1 0]
 [1 1 1 0 1 1 0 1 1 0]
 [1 1 1 0 1 0 1 1 1 0]
 [1 0 1 1 1 1 1 0 0 1]
 [1 1 1 1 1 1 1 1 1 1]
 [0 0 1 0 1 1 0 1 1 1]
 [1 1 1 0 0 0 1 1 1 1]
 [1 0 1 1 1 1 1 1 1 1]
 [1 1 0 1 1 0 0 0 1 1]
 [0 1 1 1 1 1 1 0 1 1]
 [0 1 1 1 1 1 1 1 1 1]
 [0 1 1 0 0 1 0 1 1 0]
 [0 0 1 1 1 1 1 1 1 0]
 [1 1 0 1 1 1 0 1 1 1]
 [1 0 1 1 0 0 1 0 1 0]
 [1 1 0 1 0 1 1 1 1 1]
 [1 1 0 1 1 1 1 0 0 1]
 [0 0 1 1 1 1 1 0 1 0]
 [1 1 0 1 1 0 0 1 1 0]
 [1 1 1 1 1 0 1 1 1 1]
 [1 1 1 0 1 0 0 1 0 1]
 [1 1 1 1 1 0 1 1 0 0]
 [0 1 1 1 1 1 1 1 1 1]
 [1 1 1 0 0 1 0 1 1 1]]
{'restarts': 113, 'conflicts': 41761, 'decisions': 66146, 'propagations': 33213611}
Q is identifiable
branch at 6
runtime for solving id of Q is 5.351853754371405
Simulation results:
{'J': 100, 'K': 10, 'N': 10, 'p': 0.7, 'seed': 723, 'sim': 4, 'runtime': 5.351853754371405, 'identifiable': 1, 'branch': 6}
5
Q: [[1 1 1 1 1 1 1 1 1 1]
 [1 0 1 0 0 0 0 1 1 1]
 [1 1 1 1 1 1 1 0 1 1]
 [1 1 0 0 0 1 1 0 1 1]
 [1 1 0 1 0 0 1 1 0 1]
 [1 1 1 0 1 0 1 1 1 1]
 [0 0 1 1 0 1 1 1 1 1]
 [1 0 0 1 0 1 1 1 0 1]
 [0 1 1 0 1 0 1 1 0 0]
 [1 0 1 1 1 1 1 1 1 1]
 [1 0 1 1 0 1 1 1 1 0]
 [1 0 0 1 0 0 1 1 1 1]
 [0 1 0 0 0 1 0 0 1 1]
 [0 1 0 1 0 1 1 1 1 1]
 [0 0 1 1 0 1 0 1 1 1]
 [1 0 1 0 1 1 1 0 0 1]
 [0 0 1 0 0 0 1 0 1 0]
 [1 1 1 1 1 1 0 1 0 0]
 [1 1 0 0 0 0 1 0 1 0]
 [1 1 1 1 0 1 1 0 1 1]
 [0 1 1 1 1 1 1 0 0 0]
 [1 1 1 1 0 1 1 0 0 1]
 [1 1 1 1 0 1 1 1 1 1]
 [1 1 1 1 1 1 1 1 1 0]
 [0 0 1 1 1 1 0 1 1 1]
 [1 1 0 0 1 1 1 1 0 1]
 [0 1 1 0 1 1 1 1 1 1]
 [1 1 0 0 1 1 1 1 1 1]
 [1 1 1 1 0 1 1 1 1 1]
 [1 1 0 1 1 1 1 0 1 1]
 [1 0 0 0 0 1 1 0 0 1]
 [0 0 0 1 1 1 1 1 0 1]
 [1 0 0 1 0 1 1 0 0 1]
 [0 1 1 0 1 1 1 1 1 1]
 [1 1 1 1 1 1 0 1 1 1]
 [1 0 0 1 0 1 0 1 1 1]
 [1 1 1 1 1 0 0 0 0 1]
 [1 1 0 1 1 0 1 1 0 0]
 [1 1 1 1 1 1 0 1 0 1]
 [0 1 1 1 1 1 0 1 1 1]
 [1 0 1 1 1 1 1 0 1 1]
 [1 0 1 0 1 1 1 1 0 0]
 [1 1 1 1 1 0 0 1 1 0]
 [1 0 1 1 0 1 1 0 1 0]
 [0 1 0 1 1 0 1 0 1 1]
 [1 1 1 1 1 0 0 0 1 1]
 [1 1 1 1 1 1 1 1 1 1]
 [1 1 1 1 0 1 0 0 0 0]
 [1 1 1 1 1 0 1 0 1 1]
 [1 1 1 1 1 0 1 1 1 0]
 [1 0 1 1 1 1 1 1 0 1]
 [0 1 0 1 1 1 1 1 1 1]
 [1 1 1 1 1 1 1 1 0 1]
 [0 1 1 0 1 1 1 0 1 1]
 [1 1 1 1 0 1 0 1 0 1]
 [1 1 1 1 1 1 1 1 0 0]
 [1 1 0 0 1 0 1 0 1 1]
 [1 0 1 1 1 1 1 1 1 1]
 [0 1 1 1 1 0 0 0 0 1]
 [1 1 0 1 0 1 0 1 1 1]
 [0 0 0 1 1 1 0 1 1 0]
 [0 1 1 1 1 0 1 1 1 1]
 [0 1 0 1 0 1 1 0 1 0]
 [1 1 0 1 0 1 0 1 1 0]
 [1 1 1 1 1 1 1 1 0 1]
 [1 0 0 0 0 1 1 1 0 1]
 [1 0 1 0 1 0 1 1 1 1]
 [1 0 1 1 1 0 1 0 1 0]
 [0 1 1 1 1 1 1 1 1 1]
 [1 1 0 1 0 0 1 1 1 1]
 [1 1 1 1 1 1 0 1 1 0]
 [1 0 1 1 0 1 0 1 0 1]
 [0 1 0 1 1 1 1 0 1 1]
 [1 1 1 1 1 0 1 1 1 1]
 [0 1 0 1 0 1 0 0 1 1]
 [1 0 1 1 0 1 1 1 0 0]
 [1 1 1 1 1 1 1 1 1 0]
 [1 0 1 0 1 1 1 0 1 1]
 [0 1 1 1 1 1 1 1 1 1]
 [0 1 1 1 1 1 1 0 0 1]
 [1 1 1 0 1 1 1 1 0 1]
 [1 1 1 0 1 1 1 1 0 1]
 [0 1 1 1 0 1 1 0 0 0]
 [0 0 1 0 0 0 0 1 1 1]
 [0 1 1 1 1 1 1 0 0 1]
 [0 1 1 1 1 1 0 1 1 0]
 [1 1 1 0 1 1 0 1 0 1]
 [1 1 1 1 1 1 1 0 0 1]
 [1 1 0 0 1 1 0 0 1 1]
 [0 1 1 1 0 1 1 0 0 0]
 [1 1 1 1 1 0 1 0 1 1]
 [1 1 1 1 0 1 1 0 0 0]
 [0 0 1 1 0 0 1 0 1 1]
 [1 1 1 0 1 0 1 1 1 1]
 [1 1 1 1 0 1 1 0 1 1]
 [0 1 1 0 1 0 1 0 1 1]
 [1 0 1 1 1 1 1 1 0 0]
 [1 1 1 1 1 1 0 1 0 0]
 [1 1 1 1 1 1 1 1 1 0]
 [0 1 0 1 0 1 0 1 1 1]]
{'restarts': 16, 'conflicts': 5041, 'decisions': 9156, 'propagations': 4729498}
Q is identifiable
branch at 6
runtime for solving id of Q is 0.7321470929309726
Simulation results:
{'J': 100, 'K': 10, 'N': 10, 'p': 0.7, 'seed': 723, 'sim': 5, 'runtime': 0.7321470929309726, 'identifiable': 1, 'branch': 6}
6
Q: [[1 1 0 1 1 1 0 1 1 1]
 [0 0 1 0 1 1 1 1 1 0]
 [1 1 0 1 1 1 0 0 1 0]
 [1 1 1 1 1 1 1 1 0 1]
 [0 0 1 1 0 1 1 0 1 0]
 [1 1 1 1 1 0 1 0 1 0]
 [1 1 1 1 1 0 1 1 0 1]
 [1 1 0 0 0 1 1 1 1 1]
 [0 1 1 1 0 1 1 1 1 1]
 [1 0 1 1 0 1 1 1 0 0]
 [0 1 1 1 1 1 1 1 1 1]
 [0 1 1 1 0 1 1 1 0 1]
 [1 1 0 0 1 0 1 0 1 1]
 [0 1 1 0 1 1 1 1 0 1]
 [0 1 1 1 1 0 1 1 0 0]
 [1 1 1 1 1 1 1 1 1 0]
 [1 0 1 1 1 1 1 1 1 0]
 [1 1 0 1 1 1 1 0 1 1]
 [1 1 1 0 1 1 0 1 1 1]
 [1 0 1 1 1 1 1 0 1 1]
 [1 1 1 1 1 1 1 0 1 1]
 [1 1 1 1 1 1 0 1 1 1]
 [1 1 0 0 0 1 1 0 0 1]
 [0 1 1 1 1 0 0 0 1 1]
 [1 1 0 1 1 1 1 0 1 0]
 [1 1 0 0 1 1 0 1 1 1]
 [1 1 0 0 1 0 1 0 1 0]
 [1 1 1 1 0 1 1 1 1 1]
 [1 1 1 1 1 1 0 1 1 1]
 [0 1 0 1 0 1 1 1 0 1]
 [1 0 0 1 1 0 0 1 1 0]
 [0 1 1 1 1 1 0 0 1 0]
 [0 0 1 1 1 1 1 1 0 1]
 [0 1 1 1 1 1 1 1 0 0]
 [1 1 1 0 1 1 1 1 1 1]
 [1 0 1 1 1 1 1 0 0 1]
 [0 0 1 0 1 0 1 0 0 1]
 [0 1 1 1 1 1 1 0 1 1]
 [1 0 1 0 1 1 0 1 0 0]
 [1 0 1 0 0 1 1 1 0 1]
 [0 1 1 1 1 0 0 1 1 1]
 [1 1 1 1 1 1 1 1 1 1]
 [0 0 1 1 0 1 0 1 1 1]
 [1 1 1 1 0 1 1 1 1 1]
 [1 0 1 1 1 1 1 0 1 1]
 [0 0 1 0 1 0 1 0 1 1]
 [1 1 1 0 0 1 1 0 0 0]
 [0 0 1 1 0 1 0 1 1 1]
 [1 1 1 1 0 0 1 1 1 1]
 [0 0 1 0 1 1 1 1 1 1]
 [0 1 1 1 1 0 0 1 1 1]
 [1 1 0 0 1 1 0 1 1 0]
 [1 0 1 0 0 1 1 1 0 1]
 [0 1 1 1 1 1 1 1 1 1]
 [0 1 1 1 0 0 1 0 0 1]
 [1 0 1 1 1 1 0 1 1 0]
 [0 1 1 1 1 0 1 0 1 0]
 [0 1 1 0 1 1 0 1 1 1]
 [1 1 1 1 0 1 1 1 1 1]
 [1 1 1 0 1 1 1 1 1 1]
 [1 1 1 1 1 1 1 1 1 1]
 [1 0 1 1 1 1 1 1 1 0]
 [1 0 0 1 1 1 0 1 1 0]
 [1 1 1 1 0 1 0 0 0 0]
 [1 1 1 1 1 1 1 0 1 1]
 [1 1 0 1 1 0 1 1 1 1]
 [1 1 1 0 0 1 1 1 1 0]
 [0 0 1 0 1 0 1 1 1 0]
 [0 1 1 0 1 1 0 1 0 1]
 [1 0 1 1 0 1 1 0 1 1]
 [1 1 1 0 1 0 1 1 1 1]
 [0 1 1 1 1 0 1 1 1 1]
 [1 1 1 1 1 1 1 1 1 0]
 [1 1 1 0 1 1 0 0 1 1]
 [0 1 1 0 1 1 1 1 1 1]
 [1 0 1 1 1 1 1 1 0 1]
 [0 1 1 1 0 0 0 1 1 0]
 [1 0 1 0 1 0 1 1 1 1]
 [1 1 0 1 1 0 0 0 1 1]
 [0 1 1 1 1 0 0 1 1 1]
 [1 1 1 1 0 1 1 0 0 0]
 [0 1 1 1 0 0 1 1 1 1]
 [1 1 1 1 1 1 0 1 1 1]
 [0 0 1 0 1 0 1 1 0 1]
 [0 1 0 1 0 0 1 1 1 0]
 [1 1 1 1 0 1 1 1 1 1]
 [0 0 1 1 0 1 1 0 1 1]
 [1 1 0 1 1 1 1 0 0 0]
 [1 1 0 0 1 0 1 0 1 1]
 [1 1 1 1 1 1 0 1 1 1]
 [0 0 1 1 1 1 0 1 1 1]
 [1 0 1 1 1 1 1 1 1 1]
 [1 1 0 1 0 1 1 1 1 1]
 [1 0 1 1 1 0 0 1 1 1]
 [1 1 0 1 1 1 0 0 0 1]
 [1 0 0 1 1 1 1 1 1 0]
 [1 1 0 0 0 0 0 1 1 0]
 [0 0 0 0 0 1 1 1 1 1]
 [1 0 1 1 1 1 1 1 0 1]
 [1 0 1 1 1 1 1 0 1 1]]
{'restarts': 12, 'conflicts': 3917, 'decisions': 8668, 'propagations': 3852899}
Q is identifiable
branch at 6
runtime for solving id of Q is 0.594751519151032
Simulation results:
{'J': 100, 'K': 10, 'N': 10, 'p': 0.7, 'seed': 723, 'sim': 6, 'runtime': 0.594751519151032, 'identifiable': 1, 'branch': 6}
7
Q: [[1 1 0 0 1 1 0 1 0 0]
 [0 0 0 0 0 0 0 1 0 1]
 [1 0 1 1 1 1 1 1 0 1]
 [1 0 1 1 0 1 1 1 0 1]
 [1 0 1 0 1 1 1 0 1 0]
 [1 1 0 1 1 1 0 1 1 0]
 [1 1 0 1 1 1 0 1 1 1]
 [1 1 0 1 1 0 0 1 1 1]
 [1 1 0 1 0 0 1 0 1 0]
 [0 1 0 1 1 1 1 0 1 1]
 [0 0 1 1 1 0 1 1 1 1]
 [1 1 1 1 0 1 1 0 1 1]
 [1 1 1 1 1 0 0 1 1 1]
 [1 0 0 1 1 1 1 1 1 0]
 [1 0 0 1 1 1 1 1 1 1]
 [1 0 1 1 1 1 1 1 0 1]
 [1 1 1 0 1 0 1 1 1 0]
 [1 1 1 1 1 1 1 1 1 1]
 [1 0 0 1 0 1 0 1 0 0]
 [1 1 1 1 1 1 0 1 1 1]
 [0 1 1 1 0 0 1 0 1 1]
 [1 0 1 1 1 0 0 0 1 1]
 [1 1 0 1 1 1 1 1 1 1]
 [0 0 0 0 0 1 1 0 1 1]
 [1 1 0 1 1 1 0 1 1 1]
 [1 0 1 0 1 1 0 1 1 0]
 [1 1 1 1 1 0 1 1 1 1]
 [1 0 0 1 0 0 0 0 1 0]
 [1 0 1 1 1 1 0 1 1 1]
 [0 1 1 1 1 0 1 1 1 1]
 [1 1 1 1 0 1 1 1 0 1]
 [0 1 1 1 1 1 1 1 1 1]
 [1 1 0 1 0 1 1 1 0 1]
 [1 1 0 1 1 0 0 1 1 1]
 [0 1 1 0 0 1 1 1 0 1]
 [1 1 1 1 1 1 0 1 1 1]
 [1 1 0 0 1 1 1 1 0 0]
 [0 0 0 1 0 1 1 0 1 1]
 [1 1 0 0 1 1 1 1 0 1]
 [0 1 1 0 0 1 1 1 1 0]
 [0 1 0 1 1 1 1 1 1 1]
 [0 0 0 1 1 1 1 0 1 1]
 [0 1 1 0 0 1 0 1 1 0]
 [1 1 0 1 1 0 0 0 1 1]
 [1 1 0 1 1 1 1 1 0 0]
 [1 1 1 1 0 1 1 1 1 1]
 [1 1 1 1 1 1 1 0 1 0]
 [1 1 1 1 1 1 1 1 1 1]
 [1 0 0 1 1 1 1 1 0 1]
 [1 0 1 1 0 1 1 0 1 1]
 [1 0 1 0 1 1 0 1 0 1]
 [1 1 0 1 0 1 1 1 0 1]
 [1 1 1 1 1 1 0 0 1 0]
 [1 0 1 1 0 1 1 1 1 1]
 [0 1 0 1 1 1 0 1 1 1]
 [0 0 1 1 1 1 1 0 0 1]
 [0 1 0 0 0 1 0 1 0 1]
 [1 1 1 1 1 1 1 0 1 1]
 [1 1 1 1 1 1 1 1 1 1]
 [1 1 0 1 0 1 0 1 1 1]
 [1 1 1 0 1 0 1 1 1 1]
 [0 1 0 1 1 0 1 0 1 1]
 [1 0 0 1 1 0 1 0 1 1]
 [1 1 1 1 0 1 0 1 1 1]
 [1 0 1 1 1 1 0 1 0 0]
 [0 1 1 1 1 0 1 0 1 1]
 [1 0 1 1 1 1 1 0 1 0]
 [0 0 1 0 1 1 1 1 1 1]
 [1 0 0 0 1 0 1 0 1 1]
 [1 1 0 0 1 0 1 1 0 1]
 [0 1 1 1 1 1 1 0 1 1]
 [0 1 1 1 1 1 1 1 1 1]
 [1 0 1 1 1 0 0 1 1 1]
 [0 0 0 1 1 1 0 0 0 1]
 [1 0 0 0 0 1 1 1 1 1]
 [1 0 0 1 1 0 1 1 1 1]
 [0 1 1 1 1 1 1 1 1 1]
 [1 1 0 1 1 0 1 1 0 1]
 [0 0 0 1 0 1 1 0 1 0]
 [1 0 1 1 1 0 0 1 1 0]
 [0 1 1 0 1 1 1 1 1 1]
 [1 1 0 1 1 1 0 1 1 1]
 [1 0 1 0 1 1 1 1 1 1]
 [1 1 1 1 1 1 1 1 0 1]
 [0 1 0 1 1 1 1 1 0 0]
 [1 1 1 1 1 1 0 1 1 1]
 [1 1 1 1 0 1 1 1 0 1]
 [1 0 1 0 1 0 1 0 0 0]
 [1 1 1 0 0 1 1 1 1 1]
 [0 0 1 1 1 1 1 1 0 1]
 [1 1 0 1 1 1 1 1 1 1]
 [1 0 1 1 0 1 1 1 1 1]
 [1 1 1 1 1 1 0 1 1 0]
 [0 0 0 1 1 1 0 1 1 1]
 [1 1 1 1 1 0 1 1 1 1]
 [0 0 1 0 1 0 1 1 1 1]
 [0 0 1 0 0 0 1 1 1 1]
 [1 1 1 1 0 1 1 0 1 1]
 [1 1 1 1 1 1 1 1 1 1]
 [0 0 1 0 1 0 0 1 1 1]]
{'restarts': 3, 'conflicts': 962, 'decisions': 2392, 'propagations': 692115}
Q is identifiable
branch at 6
runtime for solving id of Q is 0.28269488271325827
Simulation results:
{'J': 100, 'K': 10, 'N': 10, 'p': 0.7, 'seed': 723, 'sim': 7, 'runtime': 0.28269488271325827, 'identifiable': 1, 'branch': 6}
8
Q: [[1 1 0 1 1 1 1 0 1 1]
 [1 1 1 0 1 0 1 1 1 1]
 [1 1 1 1 0 1 0 1 1 1]
 [0 0 1 1 1 0 1 1 1 1]
 [0 1 1 1 1 1 0 0 0 1]
 [1 1 1 1 1 0 1 0 1 1]
 [1 1 1 1 1 1 1 1 0 1]
 [1 1 1 0 1 1 1 1 1 1]
 [1 0 1 1 1 0 0 0 0 1]
 [1 1 1 1 0 0 0 1 0 1]
 [1 1 0 0 1 0 0 0 1 1]
 [0 1 1 0 0 1 0 1 1 1]
 [1 0 1 1 1 1 1 1 1 0]
 [0 1 0 0 0 1 1 1 1 1]
 [1 1 1 1 0 1 1 1 0 0]
 [1 0 0 1 0 1 1 0 1 1]
 [1 1 1 1 0 1 1 1 0 0]
 [1 1 0 1 1 1 1 1 1 1]
 [1 1 1 0 0 0 1 0 1 1]
 [1 0 1 1 0 1 0 1 1 1]
 [1 1 1 0 1 0 0 0 0 0]
 [1 0 1 0 1 1 1 1 1 1]
 [1 1 1 1 1 0 1 1 1 1]
 [1 0 1 1 1 0 1 1 1 1]
 [1 0 0 1 1 0 1 1 1 0]
 [1 1 1 1 1 1 0 1 0 1]
 [0 1 1 0 1 1 1 0 0 0]
 [0 1 1 0 0 1 1 1 1 0]
 [1 0 0 0 0 1 1 1 0 1]
 [1 1 1 0 0 1 1 1 0 1]
 [0 0 0 0 1 1 1 1 0 1]
 [1 1 1 1 1 1 1 1 1 1]
 [1 0 1 1 0 1 1 1 1 0]
 [0 0 1 1 0 0 1 1 1 1]
 [0 0 1 1 1 1 1 1 1 1]
 [1 0 0 1 1 1 0 1 1 1]
 [1 1 1 0 0 1 1 1 0 1]
 [0 0 1 0 1 1 1 1 1 0]
 [0 1 1 1 1 1 1 1 1 1]
 [1 1 1 0 1 1 1 1 1 1]
 [1 1 1 0 1 1 0 0 1 0]
 [1 1 0 0 0 1 0 0 1 1]
 [1 1 1 1 1 1 0 1 1 1]
 [1 1 0 1 1 1 0 1 1 0]
 [1 0 0 1 0 1 0 0 0 0]
 [1 0 0 1 1 1 0 0 1 0]
 [0 1 0 1 1 1 1 1 0 1]
 [0 1 1 1 1 1 1 0 1 0]
 [1 1 1 0 1 0 0 1 1 1]
 [1 1 0 1 1 1 1 1 1 1]
 [1 1 0 1 1 1 0 1 1 1]
 [0 0 1 1 1 1 1 1 1 1]
 [1 1 0 0 1 0 1 1 0 1]
 [1 0 1 1 1 1 0 1 1 1]
 [1 1 1 1 0 1 0 0 1 0]
 [1 1 0 0 1 0 1 1 1 1]
 [1 1 1 1 1 1 1 0 1 1]
 [1 1 0 1 0 0 1 0 0 1]
 [0 0 1 1 1 0 1 0 1 1]
 [1 1 0 1 1 1 0 1 0 0]
 [0 0 1 0 1 0 1 1 1 1]
 [1 1 1 0 0 1 1 1 1 1]
 [0 0 1 0 1 0 1 1 1 0]
 [0 0 0 1 1 1 1 0 1 1]
 [1 1 1 1 1 1 1 1 0 1]
 [1 1 1 1 0 0 1 1 1 1]
 [0 1 0 1 1 1 1 0 1 0]
 [1 0 1 1 1 0 1 1 0 1]
 [1 1 1 1 1 1 0 1 0 1]
 [0 1 1 1 1 1 1 1 0 1]
 [0 0 1 1 1 1 1 1 1 1]
 [0 1 0 1 1 1 0 1 1 1]
 [0 0 0 0 0 1 1 1 1 1]
 [0 0 1 1 0 0 0 0 1 1]
 [0 1 0 1 0 1 0 1 1 1]
 [1 0 1 1 1 1 1 1 1 1]
 [1 0 0 0 1 0 1 1 1 1]
 [1 1 1 1 0 0 1 1 1 1]
 [0 1 0 0 0 1 1 1 1 1]
 [1 1 1 0 1 1 1 1 0 1]
 [1 1 1 1 0 0 0 1 1 1]
 [1 0 1 0 1 0 1 0 0 1]
 [1 1 1 0 1 1 1 1 0 0]
 [1 1 1 1 0 0 1 1 0 0]
 [1 1 1 0 1 1 0 0 1 1]
 [1 1 0 1 1 1 1 1 1 0]
 [1 1 1 0 1 1 1 1 1 1]
 [0 1 1 1 1 1 1 1 1 0]
 [0 1 1 1 1 1 1 0 0 1]
 [1 1 0 1 0 0 1 0 1 1]
 [1 1 1 1 1 0 0 1 0 1]
 [1 0 0 1 1 1 1 1 1 1]
 [1 1 1 0 0 0 1 0 0 1]
 [1 1 1 0 0 1 1 0 1 1]
 [1 1 0 0 0 1 1 1 0 1]
 [0 1 1 0 1 0 1 1 1 1]
 [0 1 0 0 1 1 0 1 1 1]
 [1 1 1 1 1 1 0 1 1 1]
 [1 1 1 1 1 1 0 0 1 1]
 [1 1 1 1 1 1 1 1 1 1]]
{'restarts': 28, 'conflicts': 12511, 'decisions': 22725, 'propagations': 12406265}
Q is identifiable
branch at 6
runtime for solving id of Q is 1.7183963684365153
Simulation results:
{'J': 100, 'K': 10, 'N': 10, 'p': 0.7, 'seed': 723, 'sim': 8, 'runtime': 1.7183963684365153, 'identifiable': 1, 'branch': 6}
9
Q: [[1 0 0 1 0 1 1 1 0 1]
 [0 1 0 1 1 1 0 1 1 1]
 [1 0 1 0 1 1 0 0 0 1]
 [1 1 0 1 0 1 1 1 1 1]
 [1 1 0 1 0 0 1 0 0 1]
 [1 1 0 1 0 1 1 0 1 0]
 [1 1 0 1 1 0 1 0 1 1]
 [1 0 1 1 0 0 1 0 1 1]
 [0 0 0 1 1 1 1 0 1 0]
 [1 1 1 1 1 0 1 0 0 1]
 [1 1 1 0 0 0 1 1 1 1]
 [1 1 1 1 1 0 0 1 1 1]
 [1 1 0 0 1 1 1 1 1 0]
 [0 1 1 0 1 0 1 0 1 0]
 [0 1 0 1 1 0 0 0 1 1]
 [0 1 1 1 1 1 1 0 0 1]
 [1 0 1 1 1 1 1 0 1 1]
 [1 1 1 1 1 0 1 1 0 1]
 [0 0 0 1 1 1 1 1 1 1]
 [1 0 0 1 0 1 1 0 0 0]
 [1 1 1 1 1 1 1 0 1 1]
 [1 1 1 0 0 0 1 0 1 1]
 [1 0 1 1 0 1 0 0 1 1]
 [1 1 1 1 1 1 1 1 1 1]
 [0 1 1 1 1 0 1 1 1 1]
 [1 0 1 0 1 1 0 1 1 0]
 [0 1 1 0 0 0 0 0 1 1]
 [1 0 0 1 1 0 1 1 1 1]
 [1 0 0 0 1 1 0 0 1 1]
 [1 1 1 1 0 1 1 1 0 1]
 [1 1 1 1 1 1 1 1 1 0]
 [1 1 1 1 1 1 1 1 0 0]
 [1 1 1 1 1 0 1 1 0 0]
 [1 1 1 0 1 1 1 1 1 1]
 [1 0 1 1 1 0 1 0 1 0]
 [0 1 1 1 1 1 1 0 1 0]
 [1 0 1 1 1 1 0 1 1 1]
 [1 1 1 1 0 1 1 1 1 1]
 [0 1 1 0 0 1 1 0 0 0]
 [1 1 0 1 0 1 1 0 1 1]
 [1 0 1 1 1 1 0 1 0 1]
 [0 1 1 1 1 1 1 1 1 0]
 [0 1 1 0 1 1 1 1 1 0]
 [1 0 1 0 1 1 0 1 1 1]
 [1 0 0 1 0 0 1 0 1 1]
 [1 1 1 0 0 1 1 1 1 0]
 [1 0 1 0 1 1 1 1 0 0]
 [1 1 0 0 1 0 1 1 0 1]
 [0 0 1 0 1 0 0 0 0 1]
 [1 0 1 1 1 1 1 1 1 0]
 [1 1 1 1 1 1 0 1 1 1]
 [1 1 1 1 1 0 1 1 1 0]
 [1 0 1 1 0 1 1 0 1 1]
 [1 0 1 0 1 1 1 1 0 1]
 [1 1 1 1 1 0 1 0 0 1]
 [0 0 1 0 0 0 0 1 1 1]
 [1 1 1 1 1 1 0 1 1 1]
 [0 0 0 1 0 0 1 0 0 1]
 [1 1 1 1 0 1 0 1 1 0]
 [1 1 0 1 1 0 1 1 0 1]
 [1 0 1 1 1 1 0 0 0 1]
 [1 1 1 0 1 0 1 0 1 1]
 [1 1 1 0 0 0 1 1 1 1]
 [1 1 1 1 1 0 0 1 0 0]
 [0 1 1 1 1 1 1 1 1 1]
 [0 1 1 1 1 1 1 1 1 1]
 [1 1 1 1 1 0 1 1 0 1]
 [1 1 1 0 1 1 0 1 1 1]
 [0 1 0 1 1 0 1 1 0 0]
 [1 0 1 1 1 1 1 0 1 1]
 [1 0 1 0 0 1 1 1 1 1]
 [0 1 1 1 1 1 1 1 1 1]
 [1 1 1 1 1 1 1 1 1 1]
 [1 0 0 0 1 1 1 1 0 1]
 [1 1 1 1 1 0 1 1 0 1]
 [1 1 1 1 0 1 0 1 1 0]
 [0 1 1 1 1 1 0 1 1 1]
 [1 1 1 1 1 1 1 1 1 1]
 [1 1 1 1 1 1 0 0 0 0]
 [1 1 0 0 1 0 0 1 1 1]
 [0 0 0 1 0 1 1 1 1 1]
 [1 0 1 1 1 1 1 1 1 1]
 [1 0 1 1 1 1 1 0 0 1]
 [1 1 1 1 0 0 0 0 0 0]
 [1 1 0 0 0 1 1 1 1 1]
 [1 1 0 0 1 0 1 1 1 1]
 [0 1 1 1 1 0 1 0 1 1]
 [1 1 0 1 1 1 1 1 1 0]
 [1 0 1 1 1 0 1 0 1 1]
 [0 1 1 0 1 1 1 0 1 1]
 [1 1 1 0 0 1 0 1 1 1]
 [1 1 1 1 1 1 0 0 1 1]
 [1 1 1 1 1 1 0 1 1 0]
 [1 0 0 1 0 0 1 1 0 1]
 [1 1 1 1 1 1 1 1 1 1]
 [1 0 1 0 1 1 1 0 1 1]
 [0 1 1 1 1 0 1 1 1 1]
 [1 0 1 1 1 1 1 0 1 0]
 [1 0 1 1 1 1 1 1 1 1]
 [1 1 1 0 0 1 0 1 1 1]]
{'restarts': 8, 'conflicts': 2135, 'decisions': 4567, 'propagations': 1889266}
Q is identifiable
branch at 6
runtime for solving id of Q is 0.418688016012311
Simulation results:
{'J': 100, 'K': 10, 'N': 10, 'p': 0.7, 'seed': 723, 'sim': 9, 'runtime': 0.418688016012311, 'identifiable': 1, 'branch': 6}
Simulation results:
[{'J': 100, 'K': 10, 'N': 10, 'p': 0.7, 'seed': 723, 'sim': 0, 'runtime': 1.5603546258062124, 'identifiable': 1, 'branch': 6}, {'J': 100, 'K': 10, 'N': 10, 'p': 0.7, 'seed': 723, 'sim': 1, 'runtime': 2.203881688416004, 'identifiable': 1, 'branch': 6}, {'J': 100, 'K': 10, 'N': 10, 'p': 0.7, 'seed': 723, 'sim': 2, 'runtime': 0.6361189056187868, 'identifiable': 1, 'branch': 6}, {'J': 100, 'K': 10, 'N': 10, 'p': 0.7, 'seed': 723, 'sim': 3, 'runtime': 1.0318492678925395, 'identifiable': 1, 'branch': 6}, {'J': 100, 'K': 10, 'N': 10, 'p': 0.7, 'seed': 723, 'sim': 4, 'runtime': 5.351853754371405, 'identifiable': 1, 'branch': 6}, {'J': 100, 'K': 10, 'N': 10, 'p': 0.7, 'seed': 723, 'sim': 5, 'runtime': 0.7321470929309726, 'identifiable': 1, 'branch': 6}, {'J': 100, 'K': 10, 'N': 10, 'p': 0.7, 'seed': 723, 'sim': 6, 'runtime': 0.594751519151032, 'identifiable': 1, 'branch': 6}, {'J': 100, 'K': 10, 'N': 10, 'p': 0.7, 'seed': 723, 'sim': 7, 'runtime': 0.28269488271325827, 'identifiable': 1, 'branch': 6}, {'J': 100, 'K': 10, 'N': 10, 'p': 0.7, 'seed': 723, 'sim': 8, 'runtime': 1.7183963684365153, 'identifiable': 1, 'branch': 6}, {'J': 100, 'K': 10, 'N': 10, 'p': 0.7, 'seed': 723, 'sim': 9, 'runtime': 0.418688016012311, 'identifiable': 1, 'branch': 6}]
