
The Gurobi software has a limited number of licenses. To request a license or
licenses, add this line

    #SBATCH --licenses=gurobi@slurmdb:1

to your SBATCH script, replacing N with the number of licenses you need. Gurobi
will need one license per process.


0
Q: [[1 1 0 0 0 1 0 0 0 1]
 [0 0 1 0 1 1 1 1 1 1]
 [0 1 0 1 0 1 1 1 0 1]
 [0 0 1 1 1 0 0 1 1 0]
 [1 0 1 1 1 1 1 1 1 1]
 [0 1 0 0 1 1 0 1 1 1]
 [1 1 1 0 1 0 1 0 0 1]
 [0 0 0 0 1 1 1 0 0 0]
 [0 0 1 0 1 1 1 1 1 1]
 [1 1 1 1 1 0 1 0 0 1]
 [1 0 1 1 0 1 1 1 1 0]
 [1 1 0 1 0 1 1 0 0 1]
 [1 0 1 1 1 1 1 0 0 1]
 [0 0 1 1 0 1 0 1 1 0]
 [1 1 1 1 1 1 1 0 1 1]
 [1 1 0 0 1 1 1 0 0 1]
 [0 1 0 0 0 0 1 1 1 1]
 [1 1 1 1 0 1 0 1 1 1]
 [1 0 1 1 1 1 1 1 1 1]
 [1 1 1 0 0 1 1 1 0 1]
 [1 1 0 1 0 1 1 1 0 1]
 [0 1 1 1 1 1 1 1 1 1]
 [1 1 0 1 1 1 1 1 1 1]
 [1 0 1 0 1 1 1 1 0 0]
 [0 0 1 1 0 1 1 1 0 1]
 [1 1 1 0 1 0 0 0 0 1]
 [1 0 0 0 1 1 0 1 0 1]
 [1 1 1 1 0 0 1 1 0 1]
 [1 0 1 1 0 1 0 1 1 1]
 [1 1 0 0 0 1 1 1 0 1]
 [0 0 1 1 1 1 1 0 1 0]
 [1 1 1 1 1 1 1 0 1 1]
 [0 1 1 1 1 1 1 0 0 1]
 [0 1 1 0 1 0 1 1 0 1]
 [1 0 0 1 0 1 0 1 1 0]
 [1 1 1 0 1 1 1 1 1 1]
 [1 1 0 0 1 1 0 0 1 1]
 [1 1 0 1 0 1 1 1 1 1]
 [0 0 1 0 1 1 0 1 0 1]
 [0 1 1 0 1 1 1 0 1 0]
 [1 0 0 0 1 1 1 0 1 0]
 [1 1 1 1 0 1 1 1 1 1]
 [1 1 1 0 1 0 1 1 0 0]
 [1 1 0 1 0 1 1 1 1 1]
 [1 1 0 1 1 1 1 1 1 1]
 [0 1 0 1 1 0 0 1 1 1]
 [1 1 1 0 1 1 0 1 0 0]
 [0 1 1 1 1 0 0 1 1 1]
 [0 1 0 1 1 0 0 1 1 1]
 [0 0 0 1 1 1 1 0 1 0]]
{'restarts': 22, 'conflicts': 6827, 'decisions': 12159, 'propagations': 3541183}
Q is identifiable
branch at 6
runtime for solving id of Q is 0.5134741412475705
Simulation results:
{'J': 50, 'K': 10, 'N': 10, 'p': 0.7, 'seed': 534, 'sim': 0, 'runtime': 0.5134741412475705, 'identifiable': 1, 'branch': 6}
1
Q: [[0 1 1 1 1 1 1 0 1 1]
 [1 1 1 1 1 1 1 1 1 1]
 [0 0 1 1 1 1 0 0 1 1]
 [1 1 1 1 1 1 1 1 1 1]
 [0 1 1 0 1 0 1 1 1 1]
 [1 1 1 1 1 0 1 1 1 1]
 [1 0 0 1 1 1 1 0 1 1]
 [0 1 1 1 1 1 1 0 1 0]
 [1 0 1 1 1 0 1 1 1 0]
 [1 1 1 0 1 0 1 1 0 1]
 [1 1 1 1 0 1 1 1 1 1]
 [0 1 1 0 1 1 1 1 0 1]
 [0 1 1 1 1 1 1 0 0 1]
 [0 1 0 0 1 1 0 1 1 0]
 [1 1 1 1 0 1 1 1 0 0]
 [1 1 0 1 0 1 1 1 1 0]
 [1 0 0 0 1 1 1 1 0 1]
 [0 0 0 1 0 1 1 1 0 1]
 [0 1 0 1 0 1 1 1 1 0]
 [1 1 1 1 1 1 0 0 1 1]
 [1 1 1 0 0 1 1 1 0 1]
 [1 1 1 1 1 1 1 1 1 1]
 [1 1 1 0 1 0 1 1 0 1]
 [0 1 1 0 0 0 1 1 0 0]
 [1 1 1 0 1 1 1 1 1 1]
 [1 1 0 1 1 0 1 0 1 1]
 [1 0 0 1 1 0 0 1 1 1]
 [1 0 1 0 0 1 1 0 1 1]
 [1 1 1 1 0 1 1 1 1 0]
 [1 1 1 0 0 0 1 0 1 1]
 [1 1 1 1 1 1 1 1 0 0]
 [1 1 1 1 1 1 0 1 1 1]
 [0 0 1 1 1 0 1 1 0 0]
 [1 1 1 1 0 0 1 1 1 0]
 [1 0 0 1 0 1 1 1 1 1]
 [0 1 1 1 0 1 1 0 1 0]
 [1 1 0 1 0 0 1 1 1 1]
 [1 0 1 0 1 0 1 1 1 0]
 [1 1 0 0 1 1 1 1 0 1]
 [0 0 1 1 0 1 0 0 1 1]
 [1 1 1 1 0 1 0 1 1 1]
 [1 1 0 0 1 1 1 1 1 1]
 [1 0 1 1 1 1 1 1 0 0]
 [1 1 0 1 0 0 0 0 1 1]
 [1 1 0 1 1 1 1 1 1 1]
 [0 1 0 1 1 1 1 1 1 1]
 [1 0 0 1 1 0 1 1 1 1]
 [1 1 1 1 1 0 0 1 1 0]
 [0 0 1 1 1 1 0 0 1 0]
 [1 1 0 1 1 0 1 1 1 1]]
{'restarts': 27, 'conflicts': 8774, 'decisions': 15867, 'propagations': 4345071}
Q is identifiable
branch at 6
runtime for solving id of Q is 0.7120255026966333
Simulation results:
{'J': 50, 'K': 10, 'N': 10, 'p': 0.7, 'seed': 534, 'sim': 1, 'runtime': 0.7120255026966333, 'identifiable': 1, 'branch': 6}
2
Q: [[1 1 1 1 1 0 1 1 1 1]
 [1 1 1 0 1 1 1 1 1 0]
 [1 0 1 1 1 1 0 1 1 1]
 [1 1 1 0 1 0 1 0 0 1]
 [1 0 1 1 1 0 1 1 0 1]
 [0 1 0 1 1 1 1 0 1 1]
 [1 1 1 0 1 0 1 0 1 0]
 [0 1 0 1 0 1 1 1 1 1]
 [1 1 1 1 1 1 1 1 0 0]
 [1 1 1 1 0 1 1 1 0 1]
 [1 0 1 1 1 1 1 0 1 0]
 [1 1 1 1 1 1 0 0 1 1]
 [1 1 1 0 1 1 1 1 1 0]
 [1 1 1 1 1 1 1 1 1 1]
 [1 1 0 0 1 1 0 0 1 0]
 [1 1 1 1 1 1 1 0 1 1]
 [0 1 1 1 1 0 1 1 1 1]
 [1 1 1 1 1 1 1 1 0 1]
 [1 1 1 1 1 1 0 1 1 1]
 [1 1 0 0 1 1 1 1 1 1]
 [1 0 1 1 1 1 1 1 1 1]
 [0 1 0 1 0 0 1 1 1 0]
 [1 1 1 0 1 0 0 0 1 1]
 [1 1 1 1 1 1 0 1 1 1]
 [1 1 1 1 0 0 1 1 1 0]
 [1 0 1 1 0 1 0 1 1 1]
 [0 0 1 1 0 0 1 1 1 1]
 [1 1 1 0 0 0 1 1 1 1]
 [1 1 1 1 1 1 0 1 0 1]
 [1 1 1 1 1 1 0 0 1 1]
 [1 0 1 1 1 1 0 1 0 1]
 [0 1 1 1 1 1 1 1 1 1]
 [0 0 1 0 0 1 0 1 0 1]
 [0 0 1 0 1 1 0 0 1 1]
 [1 0 0 1 1 1 0 1 1 1]
 [0 1 0 0 1 1 1 0 1 0]
 [1 1 1 0 0 1 1 1 1 1]
 [1 0 0 1 1 1 1 1 1 0]
 [1 1 1 0 1 1 1 0 1 1]
 [0 1 1 1 1 1 1 1 1 1]
 [1 0 0 1 1 1 1 1 1 0]
 [1 1 1 1 1 1 1 0 0 1]
 [1 1 1 1 0 1 1 1 1 0]
 [1 1 0 0 0 1 0 0 1 1]
 [0 1 1 1 1 1 0 1 1 1]
 [0 1 1 1 1 1 0 1 0 1]
 [0 1 1 1 0 0 1 1 1 1]
 [1 0 0 1 0 0 1 1 1 1]
 [1 1 0 1 1 0 1 1 1 1]
 [1 1 1 0 1 0 0 1 1 0]]
{'restarts': 30, 'conflicts': 11684, 'decisions': 19776, 'propagations': 4865293}
Q is identifiable
branch at 6
runtime for solving id of Q is 0.7823442993685603
Simulation results:
{'J': 50, 'K': 10, 'N': 10, 'p': 0.7, 'seed': 534, 'sim': 2, 'runtime': 0.7823442993685603, 'identifiable': 1, 'branch': 6}
3
Q: [[1 1 0 1 0 1 0 0 1 0]
 [1 1 1 1 1 1 1 1 1 1]
 [0 1 1 0 1 1 0 1 0 1]
 [1 1 0 1 1 1 1 0 0 1]
 [0 0 0 0 1 0 0 1 1 1]
 [1 1 0 0 1 1 1 1 0 1]
 [1 0 1 1 0 0 0 1 1 1]
 [1 0 1 1 1 1 1 1 1 0]
 [1 0 1 1 1 1 0 1 1 0]
 [0 0 1 0 0 1 1 0 1 0]
 [1 0 0 1 1 0 1 0 1 1]
 [1 0 0 0 1 1 0 1 1 0]
 [1 1 1 0 1 1 0 1 1 1]
 [1 1 1 1 0 0 0 1 0 1]
 [0 1 0 0 1 0 0 1 0 1]
 [1 1 1 1 1 1 1 1 0 1]
 [1 0 0 0 1 0 1 1 1 0]
 [1 0 0 1 0 0 1 0 1 1]
 [1 1 1 0 1 1 1 0 1 1]
 [1 0 1 1 1 0 1 1 0 1]
 [1 1 1 0 0 1 1 1 0 0]
 [1 1 1 1 1 1 0 1 1 1]
 [1 0 1 0 0 1 1 1 1 0]
 [0 1 1 1 1 1 1 0 1 1]
 [1 0 1 1 0 1 0 1 1 1]
 [0 1 1 1 1 1 1 0 1 1]
 [1 1 1 1 1 1 0 1 0 0]
 [1 1 1 1 1 1 1 0 1 0]
 [1 0 1 0 1 0 1 1 1 1]
 [1 0 1 1 1 1 0 1 0 1]
 [1 1 1 1 1 0 1 1 0 1]
 [1 0 0 1 1 0 1 0 1 1]
 [0 0 1 1 1 0 1 1 1 1]
 [0 1 1 0 1 0 0 0 1 1]
 [0 0 1 0 1 1 1 1 0 1]
 [0 0 1 1 0 1 1 0 1 1]
 [1 1 1 1 1 1 1 0 1 1]
 [1 0 1 0 1 1 0 1 1 0]
 [1 1 1 1 0 1 0 1 1 1]
 [1 1 1 0 1 1 1 1 1 1]
 [0 1 0 1 1 1 1 1 1 1]
 [0 1 0 1 1 0 0 1 0 1]
 [1 0 0 1 0 0 0 1 1 1]
 [1 1 1 1 1 0 0 1 1 0]
 [1 1 0 1 0 1 1 1 0 0]
 [1 0 1 0 1 1 1 1 1 1]
 [1 0 0 1 1 0 1 1 0 1]
 [1 1 1 1 1 1 1 0 0 1]
 [1 1 1 1 1 1 1 1 1 0]
 [1 1 1 1 1 1 0 1 0 1]]
{'restarts': 34, 'conflicts': 11734, 'decisions': 19714, 'propagations': 6568034}
Q is identifiable
branch at 6
runtime for solving id of Q is 1.0489601790904999
Simulation results:
{'J': 50, 'K': 10, 'N': 10, 'p': 0.7, 'seed': 534, 'sim': 3, 'runtime': 1.0489601790904999, 'identifiable': 1, 'branch': 6}
4
Q: [[1 0 1 1 1 0 0 1 1 1]
 [0 1 1 1 1 1 1 1 1 1]
 [0 1 1 1 1 1 1 1 1 1]
 [1 1 1 1 1 1 0 1 1 1]
 [1 1 1 1 0 0 0 1 1 1]
 [0 1 0 1 0 1 1 0 1 0]
 [1 0 1 0 0 1 1 1 1 1]
 [1 1 0 1 1 0 1 1 0 1]
 [1 0 0 0 1 1 1 1 1 1]
 [0 1 1 0 1 1 1 1 1 1]
 [0 1 1 1 0 1 1 1 1 0]
 [1 1 1 1 0 1 1 0 0 0]
 [1 1 1 0 1 0 1 1 1 1]
 [1 1 1 0 1 1 0 1 1 1]
 [1 1 1 1 1 0 1 1 1 1]
 [1 1 0 1 1 1 0 1 1 1]
 [1 0 1 1 1 0 0 0 0 1]
 [0 0 1 1 0 1 1 1 1 1]
 [1 0 1 0 0 1 1 0 1 1]
 [1 1 1 1 1 1 0 1 1 1]
 [0 1 1 1 1 0 0 1 0 1]
 [1 1 1 0 0 1 1 1 1 1]
 [1 0 0 1 0 1 1 1 0 0]
 [1 1 0 0 1 1 1 1 0 0]
 [1 0 0 1 0 1 1 1 0 1]
 [1 0 0 1 0 1 0 1 0 1]
 [1 0 1 1 0 0 1 0 1 0]
 [1 1 1 1 1 0 0 0 1 1]
 [1 1 1 1 1 1 1 1 0 1]
 [1 0 1 1 1 1 0 1 1 0]
 [1 1 1 1 1 1 1 0 1 1]
 [1 1 0 1 0 0 0 0 1 0]
 [1 1 1 0 1 0 1 1 1 1]
 [1 1 1 1 1 0 1 0 1 1]
 [1 1 0 1 1 1 0 1 0 1]
 [1 1 1 0 0 1 1 1 1 0]
 [0 1 1 1 0 0 1 1 1 0]
 [1 1 1 0 1 1 1 0 1 0]
 [1 1 1 0 1 1 1 1 0 1]
 [1 1 0 1 0 0 0 0 1 1]
 [0 1 1 1 0 1 1 1 1 1]
 [0 1 1 0 1 1 1 0 1 1]
 [1 1 1 1 0 0 1 1 1 1]
 [0 0 1 1 1 1 1 1 1 1]
 [1 1 1 1 0 1 1 1 1 1]
 [1 1 1 1 1 1 1 1 0 1]
 [1 1 1 0 0 0 0 1 1 1]
 [0 1 1 1 1 1 1 0 1 1]
 [0 1 1 1 1 1 0 1 1 1]
 [0 1 1 1 1 1 1 1 1 1]]
{'restarts': 2010, 'conflicts': 532556, 'decisions': 743021, 'propagations': 243663852}
Q is identifiable
branch at 6
runtime for solving id of Q is 77.48511520121247
Simulation results:
{'J': 50, 'K': 10, 'N': 10, 'p': 0.7, 'seed': 534, 'sim': 4, 'runtime': 77.48511520121247, 'identifiable': 1, 'branch': 6}
5
Q: [[1 0 0 1 1 1 1 1 1 1]
 [1 0 1 1 1 0 0 1 0 1]
 [0 1 0 1 1 1 1 1 0 1]
 [1 1 1 0 1 0 1 1 1 1]
 [1 1 0 1 1 1 0 0 0 1]
 [1 1 0 1 1 1 0 1 0 0]
 [1 1 0 0 1 1 1 1 0 0]
 [1 1 1 0 1 1 1 1 1 0]
 [1 1 1 0 1 1 1 1 1 1]
 [1 1 1 1 1 1 1 0 1 0]
 [1 0 1 1 1 1 1 0 1 0]
 [1 1 1 1 0 1 1 1 1 1]
 [1 0 0 1 1 1 0 1 0 1]
 [0 1 1 0 1 1 1 1 0 1]
 [1 1 1 1 0 1 1 0 1 0]
 [1 0 1 0 0 1 1 1 1 1]
 [1 0 0 1 0 0 0 0 1 1]
 [0 0 1 1 1 1 1 1 1 1]
 [1 0 1 0 0 1 0 1 0 1]
 [0 1 0 1 1 0 1 1 1 0]
 [1 0 1 0 1 1 1 1 1 0]
 [1 0 1 1 1 1 1 1 0 1]
 [1 0 0 1 1 1 1 1 1 1]
 [1 0 1 1 0 0 1 0 1 0]
 [0 1 0 1 1 1 1 1 1 0]
 [1 1 0 1 1 0 1 1 0 1]
 [1 0 0 1 1 1 1 0 1 1]
 [1 1 1 1 1 0 0 1 1 1]
 [1 1 1 0 0 1 0 0 1 1]
 [1 1 1 1 1 1 0 1 1 1]
 [1 0 1 0 1 1 0 1 1 0]
 [1 0 1 1 0 1 1 1 1 1]
 [1 1 1 1 1 1 1 0 1 0]
 [1 1 0 1 1 0 1 0 1 1]
 [1 1 1 0 1 1 1 0 0 1]
 [1 1 1 1 1 1 1 1 1 1]
 [1 1 0 1 0 0 1 1 1 1]
 [1 1 0 1 1 1 0 1 1 1]
 [0 1 0 0 1 1 1 1 1 1]
 [1 0 1 1 1 1 1 0 1 1]
 [0 1 1 1 1 0 1 1 0 1]
 [0 0 1 1 1 0 1 1 0 1]
 [1 1 0 1 1 1 1 0 1 0]
 [1 1 0 1 1 1 1 0 1 1]
 [1 0 0 1 1 1 0 1 1 1]
 [0 1 1 1 1 0 1 1 0 1]
 [0 1 0 1 1 1 1 1 0 1]
 [1 1 1 1 0 1 1 0 1 1]
 [1 1 1 1 0 1 1 0 0 1]
 [1 1 0 0 1 1 1 1 1 1]]
{'restarts': 1575, 'conflicts': 393495, 'decisions': 553237, 'propagations': 171583525}
Q is identifiable
branch at 6
runtime for solving id of Q is 52.73260548245162
Simulation results:
{'J': 50, 'K': 10, 'N': 10, 'p': 0.7, 'seed': 534, 'sim': 5, 'runtime': 52.73260548245162, 'identifiable': 1, 'branch': 6}
6
Q: [[1 1 1 0 0 1 1 0 0 1]
 [1 1 1 1 1 1 1 0 1 1]
 [1 0 1 0 1 1 1 1 1 1]
 [1 1 1 1 1 1 1 0 1 1]
 [1 1 1 1 1 0 1 0 1 1]
 [1 0 0 0 1 1 1 1 1 1]
 [1 1 1 0 1 0 1 0 1 1]
 [1 1 1 1 0 1 1 0 1 0]
 [1 1 1 1 1 1 0 1 1 1]
 [1 0 0 0 1 1 0 1 0 0]
 [0 1 0 1 1 1 1 1 0 1]
 [0 1 0 1 1 0 0 1 1 1]
 [1 1 0 1 0 0 0 1 1 0]
 [0 1 1 0 0 1 0 1 1 1]
 [1 1 1 1 1 0 1 1 0 1]
 [0 0 1 1 1 0 1 1 0 1]
 [1 0 0 1 0 1 0 1 0 1]
 [0 1 1 1 0 1 0 1 0 1]
 [1 1 1 0 1 1 1 1 1 1]
 [1 0 0 0 1 1 0 0 1 0]
 [0 0 1 0 1 1 1 1 0 0]
 [1 1 1 0 1 1 0 1 0 1]
 [1 1 0 1 1 1 0 0 1 1]
 [1 0 0 0 1 0 1 1 1 1]
 [1 0 1 0 1 0 1 1 1 1]
 [1 0 1 1 0 0 1 1 1 1]
 [1 1 1 1 1 0 0 0 1 1]
 [0 1 1 1 0 1 1 0 1 1]
 [1 1 1 0 1 0 1 0 1 1]
 [0 0 1 1 1 1 1 1 0 1]
 [0 1 1 1 1 1 1 1 1 0]
 [1 1 1 1 1 1 1 1 0 0]
 [0 1 1 1 1 0 1 0 1 0]
 [1 0 1 1 1 1 1 1 1 1]
 [1 1 1 1 0 1 1 1 1 1]
 [0 1 0 0 1 1 1 1 1 1]
 [1 1 1 1 1 0 0 1 0 0]
 [1 1 1 1 1 1 0 1 0 1]
 [1 1 1 1 1 1 1 0 1 1]
 [1 1 1 1 1 0 0 0 0 1]
 [0 1 1 1 1 1 1 0 0 1]
 [1 1 1 0 0 1 1 1 1 0]
 [1 1 1 1 1 1 1 1 0 1]
 [0 0 1 0 1 0 1 0 1 1]
 [0 1 1 1 1 1 0 1 1 1]
 [1 1 1 1 1 0 1 1 1 1]
 [1 0 0 1 1 1 1 1 1 0]
 [0 1 1 1 1 0 0 1 1 1]
 [1 1 1 0 1 0 1 0 1 1]
 [1 1 1 0 1 1 1 0 1 0]]
{'restarts': 51, 'conflicts': 23988, 'decisions': 39433, 'propagations': 11524303}
Q is identifiable
branch at 6
runtime for solving id of Q is 1.9944032821804285
Simulation results:
{'J': 50, 'K': 10, 'N': 10, 'p': 0.7, 'seed': 534, 'sim': 6, 'runtime': 1.9944032821804285, 'identifiable': 1, 'branch': 6}
7
Q: [[1 0 1 1 0 1 1 1 1 1]
 [0 1 0 1 1 1 1 1 0 0]
 [1 1 1 1 1 0 1 0 0 0]
 [1 1 0 0 0 1 1 0 1 1]
 [0 1 1 1 0 0 1 1 1 1]
 [1 0 1 0 0 1 1 0 0 1]
 [1 1 0 1 0 0 0 1 0 1]
 [0 1 1 0 1 0 0 1 1 1]
 [0 0 1 1 1 0 1 1 1 1]
 [0 1 1 1 1 1 0 1 1 0]
 [0 1 1 0 0 0 1 1 1 1]
 [1 0 1 0 0 0 1 1 0 0]
 [1 1 1 1 1 0 1 0 1 1]
 [1 1 1 0 1 1 0 1 1 0]
 [0 1 1 1 1 0 1 1 1 1]
 [1 1 1 1 1 1 0 1 1 1]
 [1 0 1 1 1 1 1 0 1 0]
 [1 1 1 1 0 1 1 1 1 0]
 [1 0 1 1 1 0 0 1 0 1]
 [0 1 0 0 1 1 0 1 1 0]
 [0 1 1 0 0 0 0 1 0 1]
 [0 1 1 1 1 0 1 1 0 1]
 [0 1 1 1 1 1 1 1 1 0]
 [1 1 1 0 1 0 1 1 1 1]
 [1 1 1 0 1 0 0 1 1 1]
 [1 1 0 1 0 0 1 1 0 1]
 [1 1 1 0 1 1 1 1 1 1]
 [1 1 1 0 1 1 1 1 0 1]
 [1 1 0 0 1 1 1 1 1 0]
 [1 1 0 1 0 1 1 0 1 0]
 [0 1 0 1 1 1 1 0 0 0]
 [1 0 0 1 1 1 1 0 0 1]
 [0 1 1 1 1 0 1 1 0 1]
 [1 1 0 1 1 0 1 1 1 1]
 [1 0 0 1 1 0 1 0 1 1]
 [1 0 0 0 0 1 1 1 1 1]
 [1 0 1 0 1 0 1 1 1 1]
 [1 1 1 1 0 0 1 1 1 1]
 [0 1 1 1 1 1 1 1 0 1]
 [1 1 1 1 0 1 1 0 1 0]
 [1 1 1 0 1 0 1 1 1 1]
 [1 0 0 1 0 1 1 1 1 1]
 [0 0 1 1 1 1 1 1 1 1]
 [0 1 0 0 1 1 1 0 1 0]
 [1 1 0 0 1 1 1 1 1 1]
 [0 1 0 0 1 1 0 1 1 1]
 [1 1 1 0 1 0 1 1 1 0]
 [1 1 0 1 1 0 1 0 0 0]
 [0 1 0 1 1 1 1 1 1 1]
 [1 1 1 0 1 1 1 1 0 1]]
{'restarts': 988, 'conflicts': 338064, 'decisions': 453737, 'propagations': 183924565}
Q is identifiable
branch at 6
runtime for solving id of Q is 42.51393189281225
Simulation results:
{'J': 50, 'K': 10, 'N': 10, 'p': 0.7, 'seed': 534, 'sim': 7, 'runtime': 42.51393189281225, 'identifiable': 1, 'branch': 6}
8
Q: [[0 1 0 1 1 0 1 1 1 1]
 [1 1 1 1 1 1 1 0 1 0]
 [1 0 1 1 1 1 1 0 0 1]
 [1 1 1 0 1 1 1 0 1 1]
 [1 1 1 1 1 1 0 0 0 1]
 [1 0 1 0 0 1 1 1 1 1]
 [1 1 1 1 1 1 1 1 1 1]
 [0 1 1 1 1 1 1 1 1 1]
 [1 1 1 1 1 0 1 0 1 0]
 [0 1 1 1 1 0 0 1 1 0]
 [1 1 1 0 1 1 0 1 0 1]
 [0 1 1 1 1 1 1 1 1 1]
 [0 1 1 0 1 1 1 1 0 0]
 [1 1 1 1 1 1 0 1 0 1]
 [1 1 1 1 1 1 1 1 1 1]
 [0 1 1 0 1 1 1 0 1 0]
 [1 1 0 1 1 0 1 1 1 1]
 [0 1 1 1 1 0 1 1 1 1]
 [1 1 1 1 1 1 1 1 1 1]
 [0 1 1 1 1 1 0 0 1 0]
 [1 1 1 1 1 1 0 1 1 0]
 [1 1 1 0 0 1 1 0 1 1]
 [0 1 1 1 1 1 1 1 1 1]
 [1 1 1 1 1 0 1 1 1 0]
 [1 1 0 0 1 1 1 0 0 1]
 [1 1 1 1 0 1 0 0 1 0]
 [0 1 1 1 1 1 0 1 1 1]
 [1 1 1 0 0 1 1 1 1 1]
 [0 0 1 0 1 1 1 1 1 0]
 [1 1 1 1 1 1 1 0 1 1]
 [0 1 1 1 1 1 1 1 1 0]
 [0 1 1 0 1 1 0 0 1 1]
 [0 1 1 1 0 0 1 1 1 1]
 [0 1 1 1 1 1 0 1 1 1]
 [1 0 1 1 0 1 1 1 1 1]
 [1 0 0 0 1 1 1 1 0 1]
 [1 1 1 0 1 1 1 1 0 0]
 [1 0 1 1 1 0 0 1 1 1]
 [1 0 1 0 0 0 0 1 1 0]
 [1 0 1 1 0 0 0 1 1 1]
 [1 0 1 0 1 1 1 1 1 1]
 [0 0 1 0 0 0 1 1 1 1]
 [1 1 1 1 1 1 1 1 1 1]
 [1 1 1 0 1 1 0 1 1 0]
 [0 0 1 1 1 1 1 0 0 1]
 [1 1 1 1 1 1 1 0 1 1]
 [1 1 1 1 0 0 0 0 0 1]
 [1 0 1 0 0 1 1 0 0 1]
 [0 1 1 0 0 1 1 1 1 1]
 [0 1 1 0 1 1 1 1 1 1]]
{'restarts': 15, 'conflicts': 5813, 'decisions': 11989, 'propagations': 1993408}
Q is not identifiable, and Q_bar is [[0 0 1 1 0 1 1 1 0 0]
 [1 1 0 0 1 1 1 0 1 1]
 [1 1 0 0 1 0 1 1 0 1]
 [1 1 0 0 0 1 1 1 1 1]
 [1 1 0 0 1 1 0 1 0 1]
 [1 1 1 0 0 0 1 1 1 0]
 [1 0 1 1 0 1 1 1 1 1]
 [0 0 1 1 0 1 1 1 1 1]
 [1 0 0 1 0 1 1 0 1 0]
 [0 0 1 1 0 1 0 0 1 0]
 [1 1 1 0 0 1 0 1 0 1]
 [0 0 1 1 0 1 1 1 1 1]
 [0 1 1 0 0 1 1 0 0 1]
 [1 1 1 0 1 1 0 1 0 1]
 [1 0 1 1 0 1 1 1 1 1]
 [0 0 0 0 0 1 1 0 1 1]
 [1 0 1 1 0 1 1 1 0 0]
 [0 0 1 1 0 1 1 1 1 0]
 [1 0 1 1 0 1 1 1 1 1]
 [0 1 0 1 0 1 0 0 0 0]
 [1 1 1 1 0 1 0 0 1 0]
 [1 1 0 0 0 1 1 1 1 0]
 [0 0 1 1 0 1 1 1 1 1]
 [1 0 1 1 0 1 1 0 1 0]
 [1 0 0 0 0 1 1 1 0 1]
 [1 1 0 0 1 1 0 0 1 0]
 [0 1 1 1 0 1 0 1 1 1]
 [1 1 1 0 0 1 1 1 1 0]
 [0 0 1 0 0 0 1 0 1 1]
 [1 1 0 0 1 1 1 1 1 1]
 [0 0 1 1 0 1 1 0 1 1]
 [0 1 0 0 0 1 0 1 1 1]
 [0 0 1 0 1 1 1 1 1 0]
 [0 1 1 1 0 1 0 1 1 1]
 [1 1 1 0 1 0 1 1 1 0]
 [1 0 1 0 0 0 1 1 0 1]
 [1 1 1 0 0 1 1 0 0 1]
 [1 0 1 1 0 0 0 1 1 0]
 [1 0 1 0 0 0 0 0 1 0]
 [1 0 1 0 1 0 0 1 1 0]
 [1 0 1 0 0 0 1 1 1 1]
 [0 0 1 0 0 0 1 1 1 0]
 [1 0 1 1 0 1 1 1 1 1]
 [1 1 1 0 0 1 0 0 1 1]
 [0 0 0 0 1 0 1 1 0 1]
 [1 1 0 0 1 1 1 1 1 1]
 [1 0 0 0 1 1 0 1 0 0]
 [1 1 0 0 0 0 1 1 0 0]
 [0 1 1 0 0 1 1 1 1 0]
 [0 1 1 0 0 1 1 1 1 1]]
branch at 5
runtime for solving id of Q is 0.40603895764797926
Simulation results:
{'J': 50, 'K': 10, 'N': 10, 'p': 0.7, 'seed': 534, 'sim': 8, 'runtime': 0.40603895764797926, 'identifiable': 0, 'branch': 5}
9
Q: [[0 0 1 1 1 1 1 1 1 1]
 [0 1 1 0 1 0 1 0 1 1]
 [1 1 1 1 0 0 1 1 1 1]
 [0 1 1 0 0 1 1 0 1 0]
 [1 1 1 1 0 1 1 1 1 0]
 [1 0 1 1 1 1 1 1 1 0]
 [1 1 1 1 0 0 1 0 1 0]
 [0 1 1 1 1 0 1 0 0 0]
 [1 0 0 1 1 1 1 0 0 1]
 [1 1 1 1 1 1 1 1 1 0]
 [0 1 1 1 0 0 1 1 1 1]
 [1 1 1 1 1 1 1 1 1 1]
 [0 1 0 1 1 0 1 1 1 0]
 [1 0 0 1 0 1 1 1 1 1]
 [1 1 1 0 1 0 1 1 0 1]
 [0 1 1 1 0 0 1 0 0 0]
 [1 0 1 1 0 0 0 1 0 1]
 [0 0 1 0 0 1 1 1 1 1]
 [0 0 1 1 1 0 1 0 1 0]
 [1 1 0 1 1 1 0 1 1 1]
 [1 0 1 1 0 1 1 1 1 1]
 [1 1 1 1 1 1 1 1 1 1]
 [1 0 1 1 0 0 1 1 1 0]
 [1 0 1 0 1 1 0 1 0 1]
 [1 0 1 0 1 0 1 0 0 0]
 [0 1 1 1 1 1 1 0 1 1]
 [1 1 1 1 1 0 0 0 0 1]
 [0 1 1 1 1 1 1 1 1 1]
 [0 0 1 1 1 1 1 1 0 0]
 [1 1 0 0 1 1 1 1 1 0]
 [1 0 1 1 0 1 1 1 1 0]
 [1 0 1 1 1 1 1 1 0 1]
 [0 1 1 1 1 0 1 1 1 1]
 [0 1 1 1 1 1 1 0 1 1]
 [1 0 1 1 0 0 1 1 1 1]
 [1 0 0 0 1 0 1 1 1 1]
 [1 1 1 1 0 0 1 1 1 1]
 [1 1 0 1 1 0 1 1 1 1]
 [0 1 1 0 1 0 1 0 1 1]
 [1 1 1 1 1 0 0 1 1 0]
 [0 1 1 1 0 1 1 1 0 1]
 [1 1 1 1 0 1 1 1 0 0]
 [1 1 1 0 1 1 1 1 0 0]
 [0 0 1 1 1 1 1 0 0 0]
 [1 1 0 1 0 1 0 1 1 0]
 [1 1 1 1 1 1 1 1 0 1]
 [1 1 0 1 1 0 1 1 1 0]
 [1 0 0 0 0 1 1 1 0 1]
 [1 0 1 0 1 1 0 1 1 1]
 [1 1 1 0 1 1 0 1 1 1]]
{'restarts': 29, 'conflicts': 14611, 'decisions': 25296, 'propagations': 8644176}
Q is identifiable
branch at 6
runtime for solving id of Q is 1.3072966588661075
Simulation results:
{'J': 50, 'K': 10, 'N': 10, 'p': 0.7, 'seed': 534, 'sim': 9, 'runtime': 1.3072966588661075, 'identifiable': 1, 'branch': 6}
Simulation results:
[{'J': 50, 'K': 10, 'N': 10, 'p': 0.7, 'seed': 534, 'sim': 0, 'runtime': 0.5134741412475705, 'identifiable': 1, 'branch': 6}, {'J': 50, 'K': 10, 'N': 10, 'p': 0.7, 'seed': 534, 'sim': 1, 'runtime': 0.7120255026966333, 'identifiable': 1, 'branch': 6}, {'J': 50, 'K': 10, 'N': 10, 'p': 0.7, 'seed': 534, 'sim': 2, 'runtime': 0.7823442993685603, 'identifiable': 1, 'branch': 6}, {'J': 50, 'K': 10, 'N': 10, 'p': 0.7, 'seed': 534, 'sim': 3, 'runtime': 1.0489601790904999, 'identifiable': 1, 'branch': 6}, {'J': 50, 'K': 10, 'N': 10, 'p': 0.7, 'seed': 534, 'sim': 4, 'runtime': 77.48511520121247, 'identifiable': 1, 'branch': 6}, {'J': 50, 'K': 10, 'N': 10, 'p': 0.7, 'seed': 534, 'sim': 5, 'runtime': 52.73260548245162, 'identifiable': 1, 'branch': 6}, {'J': 50, 'K': 10, 'N': 10, 'p': 0.7, 'seed': 534, 'sim': 6, 'runtime': 1.9944032821804285, 'identifiable': 1, 'branch': 6}, {'J': 50, 'K': 10, 'N': 10, 'p': 0.7, 'seed': 534, 'sim': 7, 'runtime': 42.51393189281225, 'identifiable': 1, 'branch': 6}, {'J': 50, 'K': 10, 'N': 10, 'p': 0.7, 'seed': 534, 'sim': 8, 'runtime': 0.40603895764797926, 'identifiable': 0, 'branch': 5}, {'J': 50, 'K': 10, 'N': 10, 'p': 0.7, 'seed': 534, 'sim': 9, 'runtime': 1.3072966588661075, 'identifiable': 1, 'branch': 6}]
