
The Gurobi software has a limited number of licenses. To request a license or
licenses, add this line

    #SBATCH --licenses=gurobi@slurmdb:1

to your SBATCH script, replacing N with the number of licenses you need. Gurobi
will need one license per process.


0
Q: [[1 0 1 0 0 1 1 1 1 1]
 [0 1 1 1 1 1 0 0 1 1]
 [1 0 1 0 1 0 1 0 1 1]
 [1 0 1 1 1 0 0 1 0 1]
 [1 1 1 1 0 1 1 1 1 1]
 [0 0 1 1 1 1 1 1 0 1]
 [1 0 1 1 1 1 1 1 1 0]
 [1 1 1 1 0 0 0 1 0 1]
 [1 1 0 1 1 0 1 1 1 0]
 [1 1 1 1 1 0 1 1 0 0]
 [1 1 0 1 1 1 1 1 1 1]
 [1 1 0 0 0 1 1 1 0 1]
 [1 0 0 1 0 1 1 1 1 1]
 [1 1 0 0 1 1 0 0 0 1]
 [1 1 1 0 1 0 1 0 1 1]
 [1 1 1 0 1 1 1 0 1 1]
 [1 0 1 1 1 1 1 0 1 1]
 [1 0 1 0 0 1 0 1 0 1]
 [0 1 1 1 1 1 0 0 1 1]
 [1 0 1 1 1 0 1 1 0 1]
 [1 1 1 1 1 0 1 1 1 1]
 [0 1 0 1 0 1 1 1 1 1]
 [0 1 1 0 1 0 1 1 0 0]
 [0 1 1 1 1 0 1 0 1 0]
 [0 0 1 1 1 1 0 1 1 1]
 [0 1 0 1 0 1 1 0 1 1]
 [1 0 1 1 0 1 1 1 1 1]
 [0 1 1 1 1 1 1 1 1 1]
 [0 0 0 1 1 0 1 0 1 0]
 [1 1 0 0 1 1 1 1 0 1]
 [1 1 0 1 0 1 1 1 1 1]
 [1 0 0 1 1 0 0 1 0 1]
 [0 1 1 1 1 1 1 0 1 0]
 [0 0 1 1 1 1 0 0 1 1]
 [1 0 1 1 1 0 1 1 0 1]
 [1 1 0 0 0 1 1 0 1 1]
 [1 1 1 1 1 1 1 0 1 1]
 [1 1 1 1 0 1 1 1 1 1]
 [1 1 1 1 1 1 1 1 0 0]
 [1 0 0 1 1 1 0 1 1 1]
 [1 0 0 1 1 1 1 0 0 0]
 [0 1 1 1 1 1 0 1 1 0]
 [1 1 1 0 0 1 1 0 1 1]
 [1 1 0 1 1 1 1 1 1 0]
 [1 1 1 1 1 0 1 0 0 1]
 [1 0 1 1 1 1 1 1 1 0]
 [1 1 1 0 0 1 1 1 0 0]
 [1 1 1 1 0 0 1 0 1 0]
 [1 1 1 1 1 0 1 0 0 0]
 [0 1 1 1 1 1 1 1 0 1]]
{'restarts': 120, 'conflicts': 49201, 'decisions': 74944, 'propagations': 23434382}
Q is identifiable
branch at 6
runtime for solving id of Q is 4.783423630520701
Simulation results:
{'J': 50, 'K': 10, 'N': 10, 'p': 0.7, 'seed': 208, 'sim': 0, 'runtime': 4.783423630520701, 'identifiable': 1, 'branch': 6}
1
Q: [[1 0 0 1 0 1 1 1 1 1]
 [1 0 1 1 1 1 1 1 1 1]
 [0 1 1 1 1 1 0 1 1 0]
 [1 1 0 1 1 1 1 1 1 1]
 [1 1 1 1 1 1 1 1 1 1]
 [1 1 0 1 1 1 1 1 0 1]
 [0 1 1 1 1 0 1 0 1 0]
 [0 0 1 0 1 1 0 0 0 0]
 [1 0 1 1 1 1 0 1 1 1]
 [1 0 0 1 0 1 1 1 1 1]
 [1 1 0 1 1 1 1 0 1 1]
 [1 1 1 1 0 1 0 0 0 1]
 [0 1 0 1 0 0 1 1 0 1]
 [1 0 1 1 1 0 1 1 1 1]
 [0 1 1 0 1 1 1 1 0 1]
 [0 0 1 1 1 1 1 1 1 1]
 [0 1 1 0 1 1 0 1 1 0]
 [1 0 0 1 0 1 0 1 1 0]
 [1 0 1 0 1 0 0 0 1 1]
 [1 0 1 0 1 1 1 1 1 1]
 [0 1 0 0 0 1 1 1 0 1]
 [0 1 0 1 1 1 1 1 1 0]
 [1 1 1 1 1 1 0 1 1 1]
 [0 1 1 1 1 1 0 1 0 1]
 [1 0 1 0 0 1 1 1 0 1]
 [1 0 0 0 1 0 0 1 1 1]
 [1 0 1 1 1 0 1 1 1 1]
 [1 1 1 0 1 1 0 1 1 1]
 [0 0 1 0 0 0 1 1 1 1]
 [0 1 1 0 1 0 1 1 0 1]
 [1 1 1 1 0 1 1 0 1 0]
 [1 0 1 1 1 0 1 1 0 1]
 [1 0 1 0 1 1 0 1 0 0]
 [1 0 1 0 0 1 1 0 1 1]
 [1 1 1 1 0 0 1 1 1 0]
 [1 1 0 1 1 1 1 1 1 1]
 [1 1 0 1 0 1 1 1 1 1]
 [0 1 0 1 1 1 0 1 1 0]
 [1 1 0 0 1 0 1 1 0 1]
 [0 1 0 1 1 1 1 0 0 1]
 [1 1 0 1 0 0 1 1 0 0]
 [1 1 1 1 1 0 0 1 0 0]
 [1 1 0 1 1 1 1 1 1 1]
 [1 1 0 1 1 1 1 1 1 1]
 [1 0 0 1 1 0 1 1 0 1]
 [1 0 0 1 1 1 1 0 0 0]
 [0 1 0 1 1 0 1 0 1 1]
 [1 1 1 0 0 1 1 1 1 0]
 [1 1 1 1 1 1 0 1 1 1]
 [0 1 0 0 1 1 0 0 1 1]]
{'restarts': 44, 'conflicts': 16275, 'decisions': 27609, 'propagations': 9431067}
Q is identifiable
branch at 6
runtime for solving id of Q is 1.5036702379584312
Simulation results:
{'J': 50, 'K': 10, 'N': 10, 'p': 0.7, 'seed': 208, 'sim': 1, 'runtime': 1.5036702379584312, 'identifiable': 1, 'branch': 6}
2
Q: [[1 1 1 1 1 0 1 1 0 1]
 [1 1 1 1 0 1 0 1 1 0]
 [0 0 1 0 1 0 1 1 0 0]
 [1 0 1 1 0 1 1 1 0 1]
 [1 1 1 1 1 1 0 0 1 1]
 [0 1 1 1 1 1 1 1 0 1]
 [1 0 0 1 0 0 1 1 1 1]
 [1 1 0 1 0 1 1 1 1 1]
 [1 1 1 1 0 1 1 1 1 1]
 [1 1 1 0 1 0 1 1 1 0]
 [0 1 1 1 0 1 1 0 1 1]
 [1 1 0 0 1 0 1 1 1 1]
 [0 1 1 1 1 1 0 1 1 1]
 [1 1 0 0 1 1 0 1 1 1]
 [0 0 0 1 0 1 0 0 0 1]
 [0 1 0 1 1 1 0 1 1 1]
 [0 0 1 0 0 1 0 0 0 1]
 [1 0 0 1 0 1 1 1 1 1]
 [1 0 0 1 1 1 0 0 0 1]
 [1 1 0 1 1 1 1 0 0 0]
 [0 1 1 1 1 1 1 0 0 1]
 [1 1 1 1 1 1 1 1 1 1]
 [0 1 1 1 1 1 1 1 1 1]
 [1 1 1 0 1 1 1 1 1 1]
 [1 1 0 1 1 1 0 1 1 1]
 [1 0 1 0 1 1 0 1 1 1]
 [0 1 1 1 0 1 0 0 0 1]
 [1 0 0 0 0 1 1 1 0 1]
 [1 1 1 1 0 1 1 0 1 1]
 [0 0 0 0 1 0 1 0 1 1]
 [1 0 0 1 0 0 1 0 1 0]
 [0 0 1 1 1 1 1 0 1 0]
 [1 1 1 0 1 1 1 0 0 1]
 [1 1 0 0 1 0 1 1 0 1]
 [1 1 1 0 1 1 1 1 1 1]
 [1 0 1 1 0 1 0 1 0 1]
 [1 1 1 1 1 1 0 0 1 1]
 [0 1 1 1 0 0 0 1 1 1]
 [1 0 0 1 0 1 1 0 1 1]
 [1 1 0 0 0 1 1 1 0 1]
 [1 0 0 0 1 1 1 1 0 0]
 [0 1 1 1 1 0 0 0 1 0]
 [1 0 1 0 1 1 1 0 1 1]
 [1 0 0 1 1 1 1 1 0 1]
 [1 0 1 1 1 0 1 1 1 0]
 [0 0 1 1 0 1 1 1 0 0]
 [0 1 1 1 1 1 0 1 1 1]
 [1 0 1 1 1 0 1 1 1 0]
 [1 1 1 0 1 1 1 0 1 1]
 [1 1 1 0 1 0 1 1 0 0]]
{'restarts': 8, 'conflicts': 1193, 'decisions': 3177, 'propagations': 603481}
Q is identifiable
branch at 6
runtime for solving id of Q is 0.18460028618574142
Simulation results:
{'J': 50, 'K': 10, 'N': 10, 'p': 0.7, 'seed': 208, 'sim': 2, 'runtime': 0.18460028618574142, 'identifiable': 1, 'branch': 6}
3
Q: [[1 1 1 1 0 0 1 1 0 1]
 [1 1 1 1 1 1 1 0 1 1]
 [1 1 0 0 1 1 1 1 0 1]
 [1 1 0 0 0 1 1 0 1 0]
 [0 1 0 1 1 1 1 1 1 0]
 [1 1 1 1 1 0 0 1 1 1]
 [1 0 1 1 1 1 0 1 1 0]
 [1 1 1 1 1 1 1 0 0 0]
 [1 1 0 1 1 1 0 1 1 1]
 [1 1 1 0 1 0 1 0 1 0]
 [0 1 1 1 1 1 1 1 1 1]
 [1 0 1 0 0 0 1 1 1 1]
 [1 1 1 0 1 0 1 1 0 0]
 [1 1 1 1 0 0 1 1 0 0]
 [1 1 0 1 1 1 1 1 1 0]
 [0 1 1 1 0 0 1 1 1 1]
 [0 1 1 1 1 1 0 1 0 1]
 [0 1 1 1 0 1 0 0 0 0]
 [1 0 0 0 1 0 0 1 1 1]
 [1 1 1 1 0 1 1 0 1 1]
 [0 1 0 0 1 1 1 0 0 1]
 [1 0 1 1 1 1 1 1 1 1]
 [1 0 1 0 1 1 1 1 1 0]
 [1 1 1 1 1 0 1 1 1 1]
 [0 1 1 0 1 1 1 1 0 0]
 [1 1 1 1 1 0 1 0 0 0]
 [1 0 1 1 1 1 1 1 1 0]
 [1 1 1 1 1 1 1 1 0 0]
 [1 0 0 0 1 1 1 1 0 0]
 [0 0 1 1 1 0 0 1 1 0]
 [0 1 1 1 1 1 1 1 1 1]
 [1 1 1 1 1 0 1 1 1 0]
 [0 0 1 0 0 1 0 0 0 1]
 [0 0 1 0 1 1 1 0 0 1]
 [1 1 1 1 0 1 1 1 1 0]
 [1 0 1 1 1 1 1 1 1 1]
 [0 1 1 1 0 0 1 0 1 0]
 [1 1 1 1 1 0 0 1 1 1]
 [0 1 1 1 1 1 1 1 1 1]
 [1 0 1 1 0 1 1 1 1 1]
 [1 0 1 0 1 1 1 1 1 1]
 [1 1 1 0 1 1 1 0 1 1]
 [0 1 1 1 0 0 1 1 1 0]
 [1 1 0 0 1 1 1 1 1 1]
 [0 1 1 1 0 1 1 1 1 1]
 [1 1 1 0 0 0 0 1 0 1]
 [1 1 1 1 1 0 1 1 1 1]
 [0 0 0 1 1 1 0 1 1 1]
 [1 1 1 1 1 0 1 0 1 1]
 [0 1 1 1 0 0 1 1 0 1]]
{'restarts': 26, 'conflicts': 8718, 'decisions': 14913, 'propagations': 3647049}
Q is identifiable
branch at 6
runtime for solving id of Q is 0.5637327115982771
Simulation results:
{'J': 50, 'K': 10, 'N': 10, 'p': 0.7, 'seed': 208, 'sim': 3, 'runtime': 0.5637327115982771, 'identifiable': 1, 'branch': 6}
4
Q: [[0 0 1 1 1 1 1 1 1 0]
 [1 0 1 0 1 1 1 1 1 1]
 [0 1 1 0 1 1 0 1 1 1]
 [1 1 1 1 0 1 1 1 0 0]
 [1 1 1 0 1 0 1 0 1 1]
 [1 1 1 1 1 0 1 1 1 1]
 [0 1 1 0 0 0 1 1 0 1]
 [1 0 1 0 0 1 1 1 1 0]
 [1 1 1 0 0 1 0 0 0 0]
 [1 0 0 0 1 1 0 0 0 0]
 [1 1 1 1 0 1 1 0 1 0]
 [0 1 0 1 0 0 1 1 1 0]
 [1 1 1 0 1 1 1 0 1 0]
 [1 1 1 1 1 1 1 1 0 1]
 [0 0 0 1 1 1 1 1 1 0]
 [1 1 1 0 1 1 0 0 1 1]
 [1 1 1 1 0 1 0 1 1 0]
 [0 0 0 1 1 1 1 1 0 0]
 [1 1 0 0 1 1 1 1 0 1]
 [1 1 1 1 0 1 1 0 1 1]
 [1 1 1 1 1 1 0 1 1 1]
 [1 1 0 1 1 0 0 1 1 0]
 [1 1 1 1 1 0 1 1 0 1]
 [1 1 1 1 1 1 1 0 1 1]
 [1 1 0 1 0 1 0 1 1 1]
 [1 0 1 0 0 1 1 1 1 0]
 [1 1 1 1 1 1 1 1 1 1]
 [1 1 1 1 0 1 0 1 0 0]
 [1 1 1 1 0 1 1 1 1 1]
 [1 1 1 1 1 1 1 0 1 1]
 [0 1 1 1 1 1 1 1 0 0]
 [1 1 1 0 1 1 0 0 0 0]
 [1 0 1 1 0 1 0 1 1 1]
 [1 1 1 1 0 1 0 0 1 0]
 [1 1 1 1 1 1 1 0 1 1]
 [1 0 1 0 0 0 1 1 1 0]
 [1 1 0 1 1 0 1 1 1 1]
 [0 1 0 1 0 1 0 1 1 1]
 [1 1 1 1 1 1 1 1 0 1]
 [1 1 1 1 1 0 0 1 1 1]
 [1 0 1 1 0 1 1 1 0 0]
 [1 1 1 1 1 1 1 1 1 1]
 [1 1 1 1 0 1 1 1 1 0]
 [0 0 1 0 1 1 1 1 1 1]
 [0 1 1 1 1 1 1 1 1 1]
 [0 1 0 0 1 1 1 1 1 1]
 [0 0 1 1 1 1 1 0 1 0]
 [1 1 1 1 1 1 1 1 1 0]
 [0 1 0 1 1 1 1 1 0 1]
 [1 1 0 0 0 1 1 1 1 1]]
{'restarts': 161, 'conflicts': 49030, 'decisions': 73670, 'propagations': 22145636}
Q is identifiable
branch at 6
runtime for solving id of Q is 4.243222063407302
Simulation results:
{'J': 50, 'K': 10, 'N': 10, 'p': 0.7, 'seed': 208, 'sim': 4, 'runtime': 4.243222063407302, 'identifiable': 1, 'branch': 6}
5
Q: [[1 1 1 1 1 1 1 1 1 0]
 [1 0 1 1 1 1 1 0 1 1]
 [1 1 0 1 1 1 0 1 1 1]
 [0 1 1 1 1 1 1 1 1 1]
 [1 1 1 0 1 1 1 1 1 0]
 [0 1 1 0 0 1 0 1 1 1]
 [1 1 1 1 1 1 1 0 1 1]
 [1 0 1 0 1 1 1 1 0 1]
 [1 1 1 0 0 1 1 0 1 1]
 [1 0 0 1 1 0 1 0 0 1]
 [1 1 1 1 1 1 0 1 0 0]
 [1 1 0 0 0 1 1 0 1 1]
 [0 1 0 0 1 1 1 0 1 1]
 [0 1 0 0 1 1 1 1 1 1]
 [1 1 1 1 1 1 1 0 1 0]
 [1 0 1 0 1 0 1 1 1 0]
 [1 1 0 1 0 1 1 0 0 0]
 [0 0 0 1 1 1 1 0 1 0]
 [0 1 1 1 1 1 1 0 1 1]
 [0 1 1 0 1 1 1 1 0 1]
 [1 1 1 1 1 0 0 0 0 1]
 [1 1 1 1 0 1 1 0 1 1]
 [1 1 1 1 1 1 1 0 1 1]
 [1 0 1 1 1 1 1 0 1 0]
 [1 1 1 1 0 0 0 1 1 0]
 [0 1 1 1 1 0 0 1 0 1]
 [1 0 0 1 0 1 1 1 1 1]
 [0 1 1 1 1 1 1 1 1 1]
 [1 1 0 0 1 1 0 1 0 0]
 [0 0 0 1 1 0 1 1 0 1]
 [1 0 0 1 0 1 1 0 1 1]
 [0 0 0 0 1 1 1 1 1 0]
 [1 1 1 1 1 0 1 1 0 1]
 [1 0 0 1 1 1 0 1 0 1]
 [0 1 1 0 0 0 0 1 1 1]
 [1 1 1 1 1 1 1 0 1 1]
 [0 1 0 1 1 0 1 1 1 1]
 [1 1 1 1 1 1 0 0 1 0]
 [0 1 1 1 1 0 1 1 0 1]
 [1 1 1 1 1 1 1 1 1 1]
 [1 1 0 1 0 1 1 1 1 0]
 [1 1 1 1 1 1 1 1 1 0]
 [1 1 1 0 1 0 0 0 1 1]
 [0 0 1 1 1 1 1 1 1 1]
 [0 0 1 1 0 1 1 1 0 0]
 [1 0 1 0 1 1 1 1 1 1]
 [0 1 1 0 0 1 1 0 1 1]
 [1 1 1 1 0 1 1 1 1 1]
 [1 0 1 1 0 0 0 1 1 1]
 [0 1 1 1 1 1 1 1 1 1]]
{'restarts': 11, 'conflicts': 9052, 'decisions': 15353, 'propagations': 4834667}
Q is identifiable
branch at 6
runtime for solving id of Q is 0.7896390333771706
Simulation results:
{'J': 50, 'K': 10, 'N': 10, 'p': 0.7, 'seed': 208, 'sim': 5, 'runtime': 0.7896390333771706, 'identifiable': 1, 'branch': 6}
6
Q: [[1 1 0 1 0 1 0 1 0 1]
 [0 1 0 1 1 1 0 1 1 0]
 [0 1 1 0 1 1 0 1 1 0]
 [1 1 1 1 1 0 0 1 1 0]
 [1 1 0 1 1 0 1 1 1 0]
 [0 1 0 1 1 1 1 1 1 1]
 [1 1 0 0 1 1 0 1 1 1]
 [0 1 1 0 1 1 0 1 1 1]
 [0 1 0 1 1 1 1 1 1 1]
 [1 0 1 0 1 1 1 0 1 1]
 [1 1 1 1 1 0 1 0 1 1]
 [1 1 1 1 0 1 1 0 1 1]
 [1 0 0 1 1 1 1 1 1 1]
 [1 1 1 0 0 1 1 1 0 1]
 [1 1 1 1 1 1 1 1 1 0]
 [1 0 1 1 1 0 0 0 1 1]
 [1 0 1 1 1 1 1 1 0 0]
 [0 1 0 1 1 1 1 1 1 1]
 [1 1 1 1 1 1 1 0 1 1]
 [1 1 0 0 1 1 0 1 1 1]
 [1 1 1 1 1 0 1 1 1 1]
 [1 0 1 1 1 0 1 1 0 0]
 [1 1 0 0 1 1 1 1 0 1]
 [1 1 0 1 1 0 1 1 1 1]
 [0 0 1 1 1 1 1 1 1 0]
 [1 1 1 1 0 0 0 1 0 1]
 [1 0 1 1 0 1 1 1 1 0]
 [1 1 0 1 1 1 0 1 1 1]
 [0 1 1 0 0 1 1 1 0 0]
 [0 1 0 0 0 0 1 1 1 0]
 [1 1 1 1 0 1 0 1 1 1]
 [1 0 1 0 1 1 0 0 1 0]
 [1 0 1 1 1 1 1 0 1 0]
 [1 1 1 1 1 0 1 1 0 0]
 [1 0 1 1 1 1 1 1 1 0]
 [1 1 1 0 1 0 1 1 1 1]
 [0 1 1 0 0 1 1 1 1 1]
 [1 1 1 0 1 0 1 0 1 0]
 [1 1 1 0 1 1 0 0 1 1]
 [1 1 0 0 1 1 1 1 1 1]
 [1 1 1 1 1 1 0 1 0 1]
 [1 1 1 1 1 1 1 1 1 0]
 [0 1 1 1 1 0 1 1 1 0]
 [1 0 1 0 1 1 1 1 0 0]
 [0 1 0 0 0 0 1 1 1 1]
 [1 1 1 1 0 1 1 0 1 0]
 [1 1 1 0 0 0 1 1 1 0]
 [1 1 1 0 1 0 1 0 1 0]
 [0 0 0 1 1 1 1 0 1 1]
 [0 1 1 1 0 0 1 0 1 1]]
{'restarts': 180, 'conflicts': 73403, 'decisions': 107814, 'propagations': 36301992}
Q is identifiable
branch at 6
runtime for solving id of Q is 6.8785889791324735
Simulation results:
{'J': 50, 'K': 10, 'N': 10, 'p': 0.7, 'seed': 208, 'sim': 6, 'runtime': 6.8785889791324735, 'identifiable': 1, 'branch': 6}
7
Q: [[0 1 1 0 0 1 1 1 1 1]
 [0 1 1 1 0 0 0 1 1 1]
 [1 1 1 1 1 1 0 0 1 1]
 [0 0 0 1 0 1 1 0 1 1]
 [1 0 0 0 1 1 0 1 1 1]
 [1 1 1 0 1 1 1 1 1 0]
 [0 1 1 0 1 1 1 1 0 1]
 [1 1 1 0 1 1 1 0 1 1]
 [0 1 0 1 1 1 1 1 1 1]
 [1 1 1 1 1 0 1 1 1 1]
 [0 0 1 1 0 0 1 1 1 0]
 [0 1 0 1 1 0 0 1 1 1]
 [1 1 1 0 1 1 1 0 1 1]
 [0 0 1 1 1 0 1 0 0 0]
 [0 1 1 0 1 1 1 1 0 1]
 [1 0 1 1 0 1 1 1 1 1]
 [1 1 1 1 1 1 1 0 1 1]
 [1 1 1 1 0 1 1 1 0 1]
 [1 1 1 1 0 0 1 1 0 0]
 [1 0 1 1 1 0 1 1 1 1]
 [1 1 1 1 0 0 0 0 0 1]
 [1 1 1 1 1 1 0 1 0 0]
 [0 1 0 0 1 1 1 0 1 0]
 [1 1 1 1 1 0 1 1 1 1]
 [1 0 0 1 1 1 1 0 0 1]
 [1 1 1 0 1 0 0 1 1 1]
 [1 1 1 1 1 0 1 0 1 1]
 [0 1 1 1 1 1 1 1 1 1]
 [1 1 1 1 0 1 0 1 0 1]
 [1 0 1 1 0 1 0 1 1 1]
 [0 1 1 0 1 1 1 0 1 1]
 [1 1 0 0 0 1 1 1 0 1]
 [1 1 1 0 1 1 0 1 1 1]
 [0 1 1 1 1 1 1 1 0 0]
 [0 1 0 1 1 1 1 1 1 1]
 [0 1 0 0 0 1 1 1 0 1]
 [0 1 0 0 1 1 1 1 1 1]
 [1 0 0 1 1 1 1 0 1 1]
 [1 0 1 0 1 0 1 1 1 1]
 [1 1 1 1 1 0 1 0 0 0]
 [1 1 1 1 1 1 0 1 1 0]
 [0 1 0 1 1 1 0 1 0 0]
 [1 1 1 1 1 1 1 0 0 1]
 [1 1 1 1 1 1 1 1 1 1]
 [1 1 1 1 1 1 0 0 1 1]
 [1 1 1 1 1 1 1 0 1 1]
 [1 1 1 0 1 1 1 0 1 1]
 [1 1 1 0 1 1 0 1 1 0]
 [1 1 1 1 1 1 0 1 1 0]
 [1 1 1 0 1 1 1 0 1 1]]
{'restarts': 12, 'conflicts': 4662, 'decisions': 8988, 'propagations': 1882172}
Q is identifiable
branch at 6
runtime for solving id of Q is 0.3217743216082454
Simulation results:
{'J': 50, 'K': 10, 'N': 10, 'p': 0.7, 'seed': 208, 'sim': 7, 'runtime': 0.3217743216082454, 'identifiable': 1, 'branch': 6}
8
Q: [[1 0 0 0 1 1 1 1 0 1]
 [0 1 1 1 1 1 1 1 1 1]
 [1 1 1 1 1 0 1 1 1 1]
 [1 1 0 1 1 0 0 0 0 1]
 [1 0 1 1 1 1 0 1 0 0]
 [0 1 0 0 0 1 1 1 1 1]
 [1 1 1 1 1 1 1 1 1 1]
 [0 1 1 1 1 1 0 1 1 1]
 [0 1 1 1 0 0 1 1 0 1]
 [1 1 0 0 1 1 1 1 1 1]
 [1 0 1 1 0 1 1 1 1 1]
 [0 1 0 1 1 1 1 0 1 0]
 [1 1 1 0 1 1 0 1 0 0]
 [1 0 0 0 1 1 1 1 1 1]
 [1 0 0 1 0 1 0 1 1 1]
 [1 1 1 0 1 1 1 1 1 1]
 [0 1 0 0 0 0 1 1 1 1]
 [1 1 1 1 1 0 0 1 0 1]
 [0 1 0 1 1 0 0 1 1 1]
 [0 1 1 1 1 0 1 1 1 1]
 [0 1 1 1 1 0 1 1 0 0]
 [1 0 1 0 1 1 0 1 1 1]
 [0 1 1 1 1 0 1 0 1 1]
 [1 1 1 1 1 0 1 1 0 0]
 [1 1 1 0 1 1 1 1 1 1]
 [1 1 0 0 1 1 1 1 1 1]
 [1 1 0 0 0 0 1 0 0 0]
 [0 0 1 0 1 1 1 1 1 1]
 [1 1 0 1 1 1 0 1 0 1]
 [1 1 1 0 1 1 0 1 1 1]
 [1 1 0 0 1 1 1 1 0 1]
 [1 1 1 1 0 1 1 1 1 1]
 [1 0 0 1 1 0 1 0 0 0]
 [0 1 1 0 1 1 0 1 1 0]
 [1 1 1 1 0 1 0 1 1 1]
 [1 0 1 0 1 1 1 1 1 1]
 [1 0 0 1 0 1 1 0 1 1]
 [0 0 1 0 1 1 0 1 1 1]
 [1 1 1 1 0 1 1 1 1 1]
 [1 1 1 0 1 1 1 1 1 1]
 [0 0 1 0 1 0 1 1 1 1]
 [1 1 0 1 1 1 0 0 0 0]
 [1 1 1 1 1 1 1 1 1 0]
 [1 0 0 1 1 1 1 0 1 1]
 [1 0 1 0 1 1 1 1 1 0]
 [1 1 1 1 1 1 0 1 0 1]
 [0 1 0 1 1 1 1 1 0 1]
 [1 0 1 1 0 1 1 1 0 1]
 [1 0 0 1 0 0 1 1 1 1]
 [1 1 1 1 1 0 1 1 1 1]]
{'restarts': 18, 'conflicts': 3386, 'decisions': 8507, 'propagations': 1281114}
Q is not identifiable, and Q_bar is [[1 0 1 0 0 0 1 1 0 1]
 [0 1 1 0 1 1 1 1 1 1]
 [1 0 1 1 1 1 0 1 1 1]
 [1 1 0 1 0 1 0 0 0 0]
 [1 1 0 0 1 0 1 0 0 1]
 [0 0 1 0 0 1 1 1 1 0]
 [1 1 1 0 1 1 1 1 1 1]
 [0 1 0 0 1 1 1 1 1 1]
 [0 0 1 1 1 1 0 1 0 0]
 [1 0 1 0 0 1 1 1 1 1]
 [1 0 1 1 1 0 1 1 1 0]
 [0 1 1 0 0 1 1 0 1 0]
 [1 0 0 0 1 1 1 0 0 1]
 [1 0 1 0 0 0 1 1 1 1]
 [1 0 0 1 0 0 1 1 1 0]
 [1 0 1 0 1 1 1 1 1 1]
 [0 0 1 0 0 1 0 1 1 0]
 [1 1 0 1 1 1 0 0 0 1]
 [0 1 0 0 0 1 0 1 1 0]
 [0 1 1 0 1 1 0 1 1 1]
 [0 1 1 0 1 1 0 0 0 1]
 [1 0 0 0 1 0 1 1 1 1]
 [0 1 1 1 1 1 0 0 1 0]
 [1 1 1 0 1 1 0 0 0 1]
 [1 0 1 0 1 1 1 1 1 1]
 [1 0 1 0 0 1 1 1 1 1]
 [1 0 1 0 0 1 0 0 0 0]
 [0 0 1 0 1 0 1 1 1 1]
 [1 1 0 1 0 1 1 0 0 1]
 [1 0 0 0 1 1 1 1 1 1]
 [1 0 1 0 0 1 1 1 0 1]
 [1 0 1 1 1 1 1 1 1 0]
 [1 1 1 0 0 0 0 0 0 0]
 [0 0 0 0 1 1 1 0 1 1]
 [1 0 0 1 1 1 1 1 1 0]
 [1 0 1 0 1 0 1 1 1 1]
 [1 0 1 1 0 0 1 0 1 0]
 [0 0 0 0 1 0 1 1 1 1]
 [1 0 1 1 1 1 1 1 1 0]
 [1 0 1 0 1 1 1 1 1 1]
 [0 0 1 0 1 0 0 1 1 1]
 [1 1 0 0 0 1 1 0 0 0]
 [1 1 1 0 1 1 1 0 1 1]
 [1 1 1 1 0 0 1 0 1 0]
 [1 0 1 0 1 0 1 0 1 1]
 [1 1 0 1 1 1 1 0 0 1]
 [0 1 1 0 0 1 1 1 0 1]
 [1 0 1 1 1 0 1 1 0 0]
 [1 0 1 1 0 0 0 1 1 0]
 [1 0 1 1 1 1 0 1 1 1]]
branch at 5
runtime for solving id of Q is 0.2980516664683819
Simulation results:
{'J': 50, 'K': 10, 'N': 10, 'p': 0.7, 'seed': 208, 'sim': 8, 'runtime': 0.2980516664683819, 'identifiable': 0, 'branch': 5}
9
Q: [[0 1 0 1 0 0 1 1 1 1]
 [1 1 1 1 0 1 1 1 1 0]
 [0 1 1 1 0 1 1 1 1 1]
 [1 1 1 1 0 1 1 1 1 1]
 [0 1 1 1 0 1 1 1 0 1]
 [1 1 1 1 1 1 0 1 0 1]
 [1 1 1 1 1 1 1 0 1 1]
 [0 1 1 1 1 0 1 0 1 0]
 [1 0 0 0 0 1 1 1 1 1]
 [1 0 1 0 1 1 1 1 1 1]
 [1 1 1 0 0 1 1 1 0 1]
 [1 0 0 1 1 1 1 1 0 1]
 [0 0 1 1 1 0 1 0 1 1]
 [1 1 0 1 1 1 1 1 1 0]
 [1 1 0 0 1 1 1 1 1 0]
 [1 0 1 1 1 0 1 0 1 0]
 [1 0 1 1 1 1 1 1 1 1]
 [1 0 1 1 0 1 1 0 1 1]
 [1 1 1 0 1 1 1 1 1 0]
 [0 1 0 1 1 0 0 1 0 1]
 [0 1 1 1 1 1 0 1 0 1]
 [1 1 1 1 1 1 1 1 1 1]
 [0 1 1 1 1 1 0 0 0 0]
 [1 1 0 1 1 0 1 0 1 1]
 [0 0 0 1 0 1 0 1 1 1]
 [1 0 1 0 1 0 1 0 1 0]
 [1 0 1 1 0 1 1 1 1 1]
 [1 1 0 0 0 0 0 1 1 1]
 [0 1 1 0 0 1 1 0 0 1]
 [1 1 1 1 1 1 1 1 1 1]
 [0 1 0 1 0 0 0 1 0 1]
 [1 1 1 0 1 0 0 0 0 1]
 [1 0 0 1 1 1 1 1 1 1]
 [0 0 1 1 0 1 1 1 1 1]
 [0 1 1 1 1 1 1 1 1 1]
 [1 1 0 0 1 0 1 0 1 1]
 [1 0 1 1 1 1 1 1 1 0]
 [0 1 1 0 0 1 1 1 1 1]
 [1 1 0 1 1 1 1 1 1 1]
 [0 1 0 1 1 0 1 1 0 1]
 [1 1 0 1 1 1 1 1 1 1]
 [1 1 1 1 1 0 1 1 1 1]
 [0 0 0 1 1 1 1 1 0 1]
 [1 1 0 1 1 0 0 0 1 0]
 [1 1 1 1 0 1 0 1 0 0]
 [0 0 0 1 1 0 1 0 1 1]
 [1 1 1 1 0 1 1 0 1 0]
 [1 1 1 0 1 1 1 1 1 0]
 [1 1 0 1 1 0 0 1 1 1]
 [1 1 1 1 1 1 1 1 0 1]]
{'restarts': 19, 'conflicts': 17929, 'decisions': 28283, 'propagations': 8069524}
Q is identifiable
branch at 6
runtime for solving id of Q is 1.413781002163887
Simulation results:
{'J': 50, 'K': 10, 'N': 10, 'p': 0.7, 'seed': 208, 'sim': 9, 'runtime': 1.413781002163887, 'identifiable': 1, 'branch': 6}
Simulation results:
[{'J': 50, 'K': 10, 'N': 10, 'p': 0.7, 'seed': 208, 'sim': 0, 'runtime': 4.783423630520701, 'identifiable': 1, 'branch': 6}, {'J': 50, 'K': 10, 'N': 10, 'p': 0.7, 'seed': 208, 'sim': 1, 'runtime': 1.5036702379584312, 'identifiable': 1, 'branch': 6}, {'J': 50, 'K': 10, 'N': 10, 'p': 0.7, 'seed': 208, 'sim': 2, 'runtime': 0.18460028618574142, 'identifiable': 1, 'branch': 6}, {'J': 50, 'K': 10, 'N': 10, 'p': 0.7, 'seed': 208, 'sim': 3, 'runtime': 0.5637327115982771, 'identifiable': 1, 'branch': 6}, {'J': 50, 'K': 10, 'N': 10, 'p': 0.7, 'seed': 208, 'sim': 4, 'runtime': 4.243222063407302, 'identifiable': 1, 'branch': 6}, {'J': 50, 'K': 10, 'N': 10, 'p': 0.7, 'seed': 208, 'sim': 5, 'runtime': 0.7896390333771706, 'identifiable': 1, 'branch': 6}, {'J': 50, 'K': 10, 'N': 10, 'p': 0.7, 'seed': 208, 'sim': 6, 'runtime': 6.8785889791324735, 'identifiable': 1, 'branch': 6}, {'J': 50, 'K': 10, 'N': 10, 'p': 0.7, 'seed': 208, 'sim': 7, 'runtime': 0.3217743216082454, 'identifiable': 1, 'branch': 6}, {'J': 50, 'K': 10, 'N': 10, 'p': 0.7, 'seed': 208, 'sim': 8, 'runtime': 0.2980516664683819, 'identifiable': 0, 'branch': 5}, {'J': 50, 'K': 10, 'N': 10, 'p': 0.7, 'seed': 208, 'sim': 9, 'runtime': 1.413781002163887, 'identifiable': 1, 'branch': 6}]
