
The Gurobi software has a limited number of licenses. To request a license or
licenses, add this line

    #SBATCH --licenses=gurobi@slurmdb:1

to your SBATCH script, replacing N with the number of licenses you need. Gurobi
will need one license per process.


0
Q: [[1 1 1 1 1 1 1 1 1 1]
 [1 1 1 0 1 1 1 0 1 1]
 [0 0 1 0 1 1 0 1 1 1]
 [0 0 0 0 0 1 1 1 1 1]
 [0 1 0 0 1 1 1 1 1 1]
 [1 1 1 1 1 1 0 1 0 0]
 [1 1 1 1 1 1 0 0 1 1]
 [1 1 0 1 1 0 0 1 1 1]
 [0 1 1 1 1 1 1 1 1 1]
 [1 1 1 1 0 0 1 1 1 1]
 [1 0 1 0 0 1 1 0 1 1]
 [1 1 1 1 0 1 1 1 1 1]
 [1 1 0 1 0 1 1 1 0 1]
 [1 1 0 1 1 0 1 1 1 1]
 [1 1 0 1 1 1 1 1 1 1]
 [0 0 1 0 1 0 1 1 1 1]
 [1 0 0 1 1 0 0 0 0 1]
 [0 0 1 1 1 1 1 1 1 1]
 [1 1 1 1 0 0 1 1 1 0]
 [1 1 1 1 1 1 1 1 1 1]
 [1 0 1 0 1 1 1 1 1 1]
 [1 1 1 1 1 0 1 0 1 1]
 [0 1 0 1 0 1 0 1 0 1]
 [1 0 1 1 0 1 0 1 1 1]
 [1 1 0 1 0 1 1 1 1 1]
 [1 0 0 1 1 0 1 1 0 0]
 [0 1 1 1 1 1 1 1 1 1]
 [1 1 0 1 1 0 0 1 1 0]
 [1 1 1 1 0 1 0 0 1 1]
 [1 1 1 1 1 1 1 1 1 0]
 [1 0 0 0 1 0 1 1 0 1]
 [1 0 0 1 1 0 1 1 1 1]
 [0 0 1 1 0 0 1 1 1 0]
 [1 1 1 1 0 1 0 1 1 0]
 [0 0 1 1 0 1 1 1 1 1]
 [1 0 1 1 1 1 1 1 1 1]
 [1 0 1 1 1 1 1 1 0 1]
 [1 0 1 1 0 1 1 1 1 1]
 [1 1 0 1 0 1 1 0 1 1]
 [1 0 0 1 1 1 0 1 0 1]
 [0 0 1 1 1 0 1 1 1 1]
 [1 0 0 0 0 1 0 1 1 1]
 [0 1 0 0 1 1 0 1 1 1]
 [1 0 0 1 1 1 0 1 1 1]
 [1 0 1 1 0 0 1 1 1 0]
 [1 0 1 1 0 1 1 1 1 1]
 [1 1 0 0 1 1 0 0 0 0]
 [1 0 0 1 1 1 1 1 0 0]
 [1 0 0 1 1 0 0 1 1 1]
 [1 1 1 1 1 1 1 0 0 1]
 [0 0 1 1 1 1 1 0 0 1]
 [1 1 1 1 1 1 1 1 1 0]
 [1 0 1 1 1 0 1 1 1 1]
 [1 1 1 0 1 1 1 1 0 1]
 [1 1 1 1 1 1 1 1 1 0]
 [0 1 1 1 0 0 0 0 0 0]
 [0 0 1 1 0 1 1 1 1 0]
 [1 1 0 1 1 0 1 1 0 0]
 [1 1 1 1 1 1 1 1 1 1]
 [1 1 1 1 1 0 1 1 1 0]
 [1 1 0 0 1 1 0 1 1 0]
 [1 0 1 1 1 0 1 0 1 1]
 [0 1 1 1 1 1 0 1 0 1]
 [0 1 0 1 0 1 1 1 1 1]
 [0 0 0 1 1 0 1 1 1 1]
 [1 0 0 0 1 1 1 0 1 1]
 [1 1 1 1 1 0 0 0 1 1]
 [1 1 0 1 1 0 1 1 1 1]
 [1 0 1 0 1 1 1 1 1 1]
 [0 1 0 0 0 1 0 1 0 0]
 [1 0 1 1 0 1 1 1 1 1]
 [0 0 1 1 0 1 0 1 0 1]
 [1 0 1 0 1 1 1 1 1 1]
 [0 1 1 0 0 0 0 1 0 0]
 [0 1 1 1 1 1 0 1 1 0]
 [1 0 1 1 1 0 1 1 1 1]
 [0 1 1 1 1 1 1 1 0 1]
 [1 0 0 1 1 1 1 0 1 1]
 [1 1 1 1 1 0 0 1 1 1]
 [1 0 1 1 1 1 1 1 1 1]
 [1 1 0 0 1 1 1 0 1 1]
 [0 1 0 1 1 1 1 1 0 0]
 [1 1 1 1 1 0 1 1 1 1]
 [1 1 1 1 1 0 1 0 1 1]
 [0 1 1 1 0 0 1 1 0 1]
 [1 1 1 0 1 1 1 1 0 1]
 [1 1 1 1 1 1 1 1 1 1]
 [0 1 1 1 1 1 0 0 0 1]
 [0 1 1 0 1 1 1 1 0 0]
 [1 0 1 1 1 0 1 0 0 1]
 [1 1 1 0 1 1 1 0 1 0]
 [0 1 1 1 0 1 0 0 1 0]
 [1 1 1 1 1 1 1 0 1 0]
 [1 1 1 1 0 0 1 1 0 0]
 [1 1 1 1 1 1 0 0 1 1]
 [0 0 1 1 0 1 1 0 1 0]
 [0 0 0 1 1 1 0 0 1 1]
 [1 0 1 1 1 0 0 0 0 1]
 [0 0 1 0 1 0 1 1 1 0]
 [0 1 1 0 1 0 1 0 1 1]]
{'restarts': 28, 'conflicts': 13075, 'decisions': 22119, 'propagations': 13803823}
Q is identifiable
branch at 6
runtime for solving id of Q is 1.9281327743083239
Simulation results:
{'J': 100, 'K': 10, 'N': 10, 'p': 0.7, 'seed': 381, 'sim': 0, 'runtime': 1.9281327743083239, 'identifiable': 1, 'branch': 6}
1
Q: [[0 0 0 1 1 1 0 0 1 1]
 [1 0 1 1 1 0 1 1 1 1]
 [0 1 1 1 0 0 1 1 1 1]
 [0 1 1 1 1 1 1 1 0 0]
 [1 0 0 1 1 1 1 1 1 1]
 [0 1 1 0 1 1 1 0 1 1]
 [0 0 0 1 1 1 1 1 1 0]
 [1 0 0 1 0 0 1 0 1 0]
 [1 1 1 1 1 0 0 1 1 1]
 [1 1 1 1 1 0 1 1 0 1]
 [1 1 1 1 1 1 0 1 1 1]
 [1 0 1 1 0 1 0 0 1 0]
 [1 1 0 1 0 1 1 1 1 1]
 [1 1 0 0 1 1 1 1 1 0]
 [1 1 0 1 1 1 1 0 1 0]
 [1 1 1 0 1 1 0 1 1 0]
 [1 1 0 1 1 0 0 1 1 0]
 [1 1 0 1 1 0 1 0 1 1]
 [1 0 1 1 1 1 0 0 0 1]
 [1 1 1 0 1 1 1 1 1 1]
 [1 1 1 1 1 1 0 0 1 1]
 [0 0 1 1 0 1 1 1 1 1]
 [1 1 1 1 1 1 1 1 0 1]
 [1 1 1 0 0 1 1 1 1 0]
 [0 1 1 0 0 0 1 1 1 1]
 [1 0 1 1 0 1 1 1 0 1]
 [0 1 0 1 0 0 1 1 1 1]
 [1 1 1 0 0 1 0 1 0 0]
 [1 1 1 1 0 1 1 0 1 0]
 [1 1 0 1 1 0 1 1 1 1]
 [0 1 1 1 0 1 1 0 0 0]
 [1 0 1 1 1 1 0 1 1 1]
 [1 0 0 0 0 0 1 1 1 1]
 [1 1 1 1 1 1 1 1 1 0]
 [1 1 1 1 1 1 0 1 0 1]
 [1 0 1 1 1 1 0 1 0 1]
 [0 0 0 1 1 1 0 1 0 1]
 [1 1 1 1 1 1 1 1 1 1]
 [1 1 1 1 0 1 1 1 0 0]
 [1 0 0 1 0 1 0 1 1 1]
 [1 0 1 0 1 0 1 0 1 1]
 [1 1 1 0 1 1 1 0 1 0]
 [1 0 1 1 1 1 1 1 0 1]
 [0 1 0 1 1 1 1 0 0 0]
 [1 1 1 1 1 0 1 1 1 1]
 [1 1 0 0 1 0 0 0 1 1]
 [1 0 1 1 1 0 1 1 1 0]
 [1 0 1 0 1 1 1 1 0 0]
 [1 1 0 1 1 0 1 0 1 0]
 [0 0 1 0 1 1 0 0 1 1]
 [1 1 1 1 1 1 1 0 1 1]
 [1 1 1 1 1 1 1 1 1 1]
 [1 0 1 0 1 0 1 1 1 1]
 [0 0 0 0 0 1 1 0 0 0]
 [1 1 1 1 0 1 1 1 1 0]
 [1 1 1 1 1 1 1 1 1 0]
 [1 1 0 0 1 0 1 1 1 1]
 [0 1 0 1 1 1 0 1 1 1]
 [0 1 1 1 1 1 0 0 1 1]
 [1 1 1 1 0 0 0 1 1 1]
 [1 0 1 1 1 1 0 1 0 1]
 [0 1 0 0 1 1 1 1 1 1]
 [0 1 1 1 1 1 1 1 0 1]
 [0 1 1 0 1 1 1 1 0 0]
 [1 1 1 1 1 0 1 0 1 0]
 [1 0 1 1 1 0 1 1 0 1]
 [1 1 1 1 1 1 1 1 0 1]
 [0 0 0 0 1 1 1 0 0 1]
 [1 1 1 1 0 1 0 0 1 1]
 [1 1 1 1 1 0 0 0 1 1]
 [0 1 0 1 0 0 1 1 1 1]
 [1 1 1 1 1 1 0 0 1 1]
 [0 1 1 1 1 0 1 1 1 1]
 [0 0 0 1 1 1 1 1 1 0]
 [0 1 1 1 1 0 0 1 0 0]
 [1 1 1 1 0 0 1 1 0 1]
 [0 1 0 0 1 1 1 1 1 0]
 [1 1 0 1 1 1 1 1 1 1]
 [1 1 1 0 1 0 1 1 1 1]
 [1 1 0 1 1 1 1 1 0 0]
 [0 1 1 0 0 0 0 0 0 0]
 [0 1 0 1 1 0 0 0 1 1]
 [1 1 0 1 1 1 1 1 0 1]
 [1 1 1 0 1 1 1 1 1 1]
 [1 0 0 0 0 1 1 0 0 1]
 [1 1 1 1 0 0 1 1 1 1]
 [1 0 1 1 1 0 0 1 0 1]
 [0 0 0 0 0 1 1 1 1 1]
 [1 1 1 1 1 1 1 1 0 0]
 [1 1 0 1 1 1 0 0 1 1]
 [0 1 1 0 0 1 1 1 0 1]
 [0 0 1 0 1 0 1 1 1 1]
 [0 0 0 0 0 0 1 1 1 1]
 [1 1 0 1 1 1 1 1 1 1]
 [1 1 1 0 0 1 1 0 1 1]
 [1 0 0 1 1 1 1 1 1 0]
 [0 1 1 1 1 1 1 0 1 0]
 [0 1 1 0 1 1 0 0 1 1]
 [1 1 1 1 1 1 1 1 1 1]
 [1 1 1 1 1 1 0 1 1 0]]
{'restarts': 3, 'conflicts': 684, 'decisions': 2178, 'propagations': 574493}
Q is identifiable
branch at 6
runtime for solving id of Q is 0.33238852489739656
Simulation results:
{'J': 100, 'K': 10, 'N': 10, 'p': 0.7, 'seed': 381, 'sim': 1, 'runtime': 0.33238852489739656, 'identifiable': 1, 'branch': 6}
2
Q: [[0 1 1 1 1 1 1 1 1 1]
 [0 0 1 0 0 1 1 1 1 1]
 [1 0 1 1 1 1 1 1 1 1]
 [1 1 0 1 0 1 1 1 1 1]
 [1 0 1 1 1 1 1 0 1 1]
 [1 1 1 0 1 0 1 0 1 1]
 [1 1 1 1 0 0 0 1 1 1]
 [0 1 1 1 1 0 1 0 0 0]
 [0 1 0 0 1 1 1 1 1 1]
 [1 1 1 1 1 1 1 1 1 1]
 [1 0 1 1 1 1 1 1 1 1]
 [0 0 1 1 0 0 1 1 1 1]
 [1 1 1 1 0 1 1 1 1 1]
 [1 1 1 1 0 0 0 1 1 0]
 [0 1 1 1 1 1 0 0 0 1]
 [0 1 1 1 1 0 1 1 0 0]
 [1 1 0 1 0 1 1 1 0 1]
 [1 0 0 1 1 1 1 1 1 1]
 [1 1 1 1 1 1 1 1 1 0]
 [0 1 1 1 1 1 0 1 0 1]
 [0 1 1 1 1 1 1 0 1 1]
 [0 1 1 1 1 1 1 1 1 0]
 [0 0 0 0 1 1 1 0 1 1]
 [0 0 1 0 1 1 1 1 1 0]
 [0 0 0 0 0 1 1 1 1 1]
 [0 1 1 1 0 0 0 0 1 0]
 [0 0 1 0 0 1 0 1 1 1]
 [1 1 1 1 1 1 0 1 0 1]
 [1 1 1 1 1 1 1 1 0 1]
 [1 1 1 1 1 0 0 1 1 1]
 [1 1 1 0 0 1 0 1 1 0]
 [1 1 1 1 1 1 1 1 0 0]
 [1 1 1 1 1 0 0 1 1 0]
 [0 1 1 1 0 1 0 1 1 0]
 [0 1 0 1 1 0 0 0 1 0]
 [1 1 1 1 1 1 1 0 1 1]
 [1 1 1 1 0 1 0 0 0 1]
 [0 1 1 1 1 0 1 1 0 1]
 [1 1 0 1 1 0 1 0 0 1]
 [1 1 1 0 1 0 1 1 1 1]
 [1 1 0 1 1 0 1 1 1 1]
 [0 1 1 1 1 1 1 1 1 1]
 [0 1 1 1 0 1 0 0 1 0]
 [1 0 1 1 0 1 1 1 0 1]
 [1 1 1 1 1 0 0 1 1 0]
 [1 0 0 1 1 0 1 0 1 1]
 [0 1 0 0 1 1 1 1 0 1]
 [1 1 1 0 1 1 1 1 1 1]
 [0 1 0 1 1 1 1 1 1 1]
 [1 1 1 1 0 1 1 0 1 1]
 [1 1 1 1 1 0 0 1 1 0]
 [1 1 0 0 0 1 0 1 1 0]
 [1 1 1 1 0 0 1 0 1 1]
 [1 1 1 1 0 1 0 0 1 0]
 [1 1 1 0 0 0 1 0 1 0]
 [1 1 0 1 1 1 0 1 1 0]
 [1 1 0 1 1 1 0 1 1 1]
 [1 1 1 1 1 1 1 1 1 1]
 [0 0 1 1 0 1 1 1 1 1]
 [1 1 1 1 1 1 1 1 0 1]
 [1 1 1 1 0 1 1 0 1 1]
 [1 0 1 1 1 1 1 1 1 0]
 [1 0 1 1 1 1 0 1 0 1]
 [0 0 1 1 1 1 1 1 1 1]
 [1 1 1 1 1 1 1 0 1 1]
 [1 1 1 1 1 0 1 1 1 1]
 [1 0 1 1 1 1 1 0 1 1]
 [1 0 1 0 1 0 0 1 1 0]
 [1 1 1 1 1 1 1 1 1 1]
 [0 1 1 1 1 1 0 0 1 0]
 [1 1 1 0 0 0 1 0 0 1]
 [1 0 1 1 0 1 1 1 0 1]
 [1 1 1 0 0 1 1 1 1 1]
 [0 1 1 1 0 1 1 1 0 0]
 [1 0 1 1 1 0 0 1 1 1]
 [0 1 1 0 0 1 1 1 1 0]
 [1 1 1 0 1 1 1 1 1 1]
 [1 1 1 1 0 0 1 1 1 1]
 [0 1 1 1 0 1 1 0 1 0]
 [1 1 0 1 1 1 1 1 1 0]
 [0 1 1 1 0 0 1 1 1 0]
 [1 0 1 1 0 1 1 1 0 0]
 [1 0 1 0 1 1 1 0 0 1]
 [1 1 0 0 1 1 1 1 1 1]
 [0 0 1 1 1 0 1 1 0 0]
 [0 1 1 0 1 1 0 1 1 1]
 [0 1 1 1 1 0 1 0 1 1]
 [1 1 1 0 1 1 1 1 1 1]
 [0 1 1 1 0 0 1 1 1 1]
 [0 1 1 1 1 0 1 1 0 1]
 [1 1 1 1 1 1 1 1 1 1]
 [0 1 0 1 1 0 0 0 1 1]
 [1 1 0 1 1 1 1 1 0 0]
 [1 1 0 1 0 1 1 1 1 0]
 [0 1 0 0 0 1 0 0 1 1]
 [1 1 0 1 0 1 1 1 0 1]
 [1 1 1 1 1 1 0 0 0 0]
 [1 0 1 1 0 1 0 0 1 1]
 [1 1 0 0 1 1 1 1 1 1]
 [1 1 1 1 1 1 0 1 1 1]]
{'restarts': 23, 'conflicts': 8456, 'decisions': 15456, 'propagations': 7196638}
Q is identifiable
branch at 6
runtime for solving id of Q is 1.1589790228754282
Simulation results:
{'J': 100, 'K': 10, 'N': 10, 'p': 0.7, 'seed': 381, 'sim': 2, 'runtime': 1.1589790228754282, 'identifiable': 1, 'branch': 6}
3
Q: [[1 1 0 0 1 0 0 1 1 0]
 [1 1 0 1 1 1 1 1 1 1]
 [1 0 0 1 1 1 1 1 1 1]
 [0 1 1 1 0 1 1 1 0 1]
 [1 1 1 0 1 0 1 1 1 0]
 [1 1 0 1 1 1 1 1 1 0]
 [0 0 1 1 1 1 0 1 0 0]
 [1 0 1 0 1 1 1 1 1 0]
 [1 0 0 0 1 1 1 0 0 1]
 [1 0 0 0 1 1 1 1 0 0]
 [0 0 1 0 0 1 0 0 0 1]
 [1 0 0 1 1 1 1 1 1 1]
 [0 1 1 0 0 1 1 1 1 0]
 [0 1 0 0 0 0 0 1 1 1]
 [1 0 1 1 0 1 1 0 1 1]
 [1 1 1 1 1 1 1 1 1 0]
 [1 0 1 0 1 0 1 1 1 1]
 [1 1 1 1 1 1 1 1 0 0]
 [1 0 0 1 1 1 1 1 1 1]
 [1 0 1 1 0 1 1 0 1 1]
 [1 1 0 1 1 1 0 1 1 1]
 [0 1 1 0 0 0 0 1 1 0]
 [0 0 1 0 1 1 0 1 1 1]
 [0 1 1 0 0 1 1 0 0 1]
 [1 1 0 0 1 0 1 0 1 1]
 [1 1 1 1 0 1 1 0 1 1]
 [1 0 1 0 1 0 0 1 0 0]
 [1 1 1 0 0 1 0 1 0 1]
 [0 1 0 1 1 1 0 1 1 1]
 [0 1 0 1 1 1 1 1 0 0]
 [1 1 1 1 1 1 1 1 1 0]
 [1 0 0 0 1 1 1 1 1 1]
 [1 1 0 0 1 0 1 1 0 1]
 [1 1 0 0 0 0 1 1 1 1]
 [0 0 1 1 1 1 0 1 1 0]
 [0 1 1 1 1 1 1 0 0 1]
 [1 0 0 1 1 1 0 1 0 1]
 [0 1 1 0 1 1 1 1 0 0]
 [1 1 1 1 0 0 1 1 1 0]
 [0 1 1 1 0 1 1 1 1 1]
 [1 1 1 0 0 1 0 0 1 1]
 [0 0 1 0 1 1 1 1 0 0]
 [1 1 1 1 1 1 0 1 1 1]
 [1 1 0 0 1 1 1 0 0 1]
 [1 1 1 1 1 1 1 0 0 0]
 [1 1 1 1 1 1 1 0 1 1]
 [1 1 1 0 1 1 1 1 0 1]
 [0 1 0 1 1 1 0 1 0 0]
 [1 1 1 1 1 0 0 1 0 1]
 [1 1 0 1 1 1 1 1 1 1]
 [1 1 0 1 0 1 0 1 1 1]
 [1 1 0 1 0 1 0 1 1 1]
 [1 1 0 1 1 1 1 1 1 1]
 [1 1 1 1 1 1 1 0 1 1]
 [1 1 1 1 1 1 1 1 1 0]
 [1 1 1 1 0 1 0 0 1 0]
 [1 1 0 1 1 1 0 0 1 1]
 [1 1 0 1 0 0 1 0 1 1]
 [1 0 0 1 0 1 1 1 1 0]
 [1 1 1 1 1 0 0 0 1 1]
 [1 0 1 1 1 1 1 0 1 1]
 [0 1 1 1 1 1 1 0 1 1]
 [1 1 1 1 0 0 1 0 0 1]
 [1 1 0 1 1 1 1 1 1 0]
 [0 0 1 1 1 1 0 1 1 1]
 [0 0 1 0 1 1 1 1 1 1]
 [1 0 1 1 1 0 1 1 0 1]
 [1 1 1 0 0 0 1 1 1 1]
 [1 1 0 1 0 1 0 0 0 0]
 [1 1 1 1 1 0 1 1 0 1]
 [1 1 1 1 1 1 1 1 1 0]
 [1 1 1 0 1 1 0 1 1 1]
 [1 1 1 1 1 1 0 1 1 1]
 [1 1 1 1 1 0 0 1 1 1]
 [1 1 0 1 1 0 1 1 1 0]
 [1 0 0 1 1 1 1 1 1 1]
 [0 0 1 1 1 0 1 1 1 0]
 [0 1 0 0 0 1 0 1 0 0]
 [1 1 1 0 1 0 1 0 1 1]
 [0 1 1 1 1 0 0 0 1 0]
 [1 1 0 1 1 1 1 1 0 1]
 [1 0 0 1 1 1 0 0 1 1]
 [1 1 1 1 1 1 1 1 1 0]
 [0 1 1 0 1 0 1 0 1 1]
 [0 1 0 1 1 0 1 0 1 1]
 [1 1 0 1 1 0 1 1 1 1]
 [0 1 1 0 1 1 1 1 1 1]
 [1 1 0 1 1 0 1 1 1 1]
 [1 1 1 1 1 1 1 1 1 0]
 [0 1 0 1 1 1 1 1 1 0]
 [0 1 1 1 1 1 1 1 1 1]
 [1 0 1 1 1 1 1 0 1 0]
 [1 1 1 0 0 1 0 0 0 0]
 [1 1 1 1 1 1 1 1 0 0]
 [1 1 0 1 0 1 1 0 1 0]
 [0 1 0 1 1 1 1 1 1 1]
 [1 0 1 1 1 1 1 1 1 1]
 [0 1 1 1 1 1 0 1 1 1]
 [1 1 1 1 1 1 1 0 1 1]
 [1 1 1 1 1 1 1 1 0 1]]
{'restarts': 14, 'conflicts': 3992, 'decisions': 7520, 'propagations': 4188268}
Q is identifiable
branch at 6
runtime for solving id of Q is 0.734285268932581
Simulation results:
{'J': 100, 'K': 10, 'N': 10, 'p': 0.7, 'seed': 381, 'sim': 3, 'runtime': 0.734285268932581, 'identifiable': 1, 'branch': 6}
4
Q: [[0 1 1 1 0 1 1 0 0 0]
 [1 1 1 1 0 1 0 1 0 1]
 [1 0 1 1 1 1 0 0 1 1]
 [1 1 0 1 1 1 1 0 1 1]
 [0 1 1 1 1 0 1 0 1 0]
 [1 1 1 1 0 1 1 1 1 1]
 [1 1 1 1 1 1 1 0 0 0]
 [0 1 1 0 1 0 0 1 1 1]
 [1 0 0 1 1 0 1 1 1 1]
 [0 1 1 1 1 1 1 1 0 0]
 [1 0 1 1 1 0 1 1 1 0]
 [1 1 1 0 1 1 1 0 1 1]
 [1 0 1 1 1 1 1 0 1 0]
 [1 1 1 1 1 0 1 1 1 1]
 [1 1 1 1 1 1 0 0 1 1]
 [0 1 1 1 0 0 1 1 1 1]
 [1 1 0 1 0 1 0 1 1 1]
 [1 1 1 1 0 1 1 0 0 1]
 [1 1 1 1 1 1 1 1 0 1]
 [1 1 1 1 1 0 1 1 0 1]
 [1 0 0 1 1 1 1 1 0 0]
 [1 1 0 0 1 1 0 1 1 1]
 [1 1 1 1 0 1 1 1 1 1]
 [1 1 1 1 1 0 1 1 1 1]
 [1 1 0 1 0 1 1 0 1 1]
 [0 1 1 1 1 1 1 1 1 1]
 [1 1 1 1 1 0 1 0 0 0]
 [0 1 0 1 1 1 1 1 1 1]
 [1 1 0 1 1 0 0 1 1 0]
 [0 1 1 1 1 1 0 1 0 1]
 [1 1 0 0 1 1 1 1 0 0]
 [0 0 1 0 1 0 1 1 1 1]
 [1 1 0 1 1 1 1 1 0 0]
 [0 0 1 1 1 1 1 0 1 1]
 [1 1 0 1 0 1 0 1 0 1]
 [0 1 1 0 1 1 1 0 1 1]
 [1 0 1 1 1 1 1 1 1 1]
 [0 1 0 1 0 0 0 1 1 1]
 [1 0 1 0 1 1 1 1 0 1]
 [1 1 1 1 1 1 1 1 1 0]
 [1 1 1 1 1 1 1 1 1 0]
 [1 1 1 1 0 1 1 0 0 1]
 [0 1 0 0 0 1 1 1 1 1]
 [1 1 1 1 0 1 1 1 0 1]
 [1 1 1 1 0 1 1 1 1 1]
 [1 0 0 1 1 1 1 0 1 0]
 [0 1 1 1 1 1 1 1 1 0]
 [1 1 1 1 0 0 1 1 0 1]
 [0 1 1 0 1 1 0 1 1 1]
 [0 1 0 0 0 0 0 1 0 1]
 [1 0 1 1 1 1 1 1 1 1]
 [0 1 1 0 1 1 1 1 0 1]
 [1 1 1 1 0 1 1 0 1 1]
 [1 1 1 1 1 0 1 0 1 1]
 [1 0 0 1 1 1 0 0 1 0]
 [0 1 1 0 1 0 1 0 1 0]
 [0 1 0 1 0 1 0 1 1 1]
 [1 1 0 1 1 0 1 1 1 0]
 [1 1 0 1 1 1 1 1 1 0]
 [0 1 0 1 1 1 1 1 1 0]
 [1 1 1 1 1 1 0 1 1 1]
 [1 1 0 1 1 0 1 0 0 0]
 [0 1 0 0 0 1 0 1 1 1]
 [1 1 1 0 0 1 1 1 1 1]
 [1 1 1 1 0 1 1 1 1 0]
 [0 1 0 1 1 1 1 0 1 1]
 [1 1 0 0 1 1 1 1 0 0]
 [1 1 1 1 0 1 1 1 0 1]
 [0 1 0 1 1 0 1 1 1 1]
 [1 0 0 0 1 0 1 1 1 1]
 [1 0 1 1 1 1 1 1 0 1]
 [0 1 1 1 0 1 0 1 1 1]
 [0 1 1 0 1 0 1 1 1 1]
 [1 1 1 1 1 0 1 1 0 1]
 [1 1 1 1 1 1 1 1 1 1]
 [1 1 1 0 0 1 1 0 0 0]
 [1 1 1 1 1 1 1 0 1 1]
 [1 0 0 1 1 1 1 1 0 1]
 [1 0 1 1 1 0 0 1 1 1]
 [1 1 1 1 1 1 0 1 1 1]
 [0 1 1 1 1 0 1 1 1 1]
 [0 1 1 1 1 0 1 1 1 1]
 [0 1 1 1 1 1 0 1 0 1]
 [1 1 1 0 0 0 1 1 1 1]
 [1 0 1 0 0 0 1 0 0 1]
 [0 1 1 0 1 1 0 1 1 1]
 [0 1 0 1 0 1 0 0 1 1]
 [1 1 0 0 0 1 1 1 1 1]
 [0 1 0 1 1 0 1 1 0 1]
 [1 1 0 1 0 1 0 1 1 1]
 [0 1 1 1 1 1 1 1 1 1]
 [1 1 1 1 0 1 0 0 0 1]
 [1 1 1 0 0 1 0 1 1 0]
 [1 1 1 0 1 1 0 1 1 1]
 [1 0 0 0 1 0 1 1 1 1]
 [0 1 0 0 1 1 1 1 1 0]
 [1 1 0 0 0 1 1 1 1 1]
 [1 0 0 1 1 0 0 1 1 0]
 [0 1 0 0 0 1 1 0 1 1]
 [1 1 1 1 1 1 1 0 0 0]]
{'restarts': 43, 'conflicts': 20131, 'decisions': 31462, 'propagations': 18580146}
Q is identifiable
branch at 6
runtime for solving id of Q is 2.3888488188385963
Simulation results:
{'J': 100, 'K': 10, 'N': 10, 'p': 0.7, 'seed': 381, 'sim': 4, 'runtime': 2.3888488188385963, 'identifiable': 1, 'branch': 6}
5
Q: [[1 1 1 1 0 1 1 1 1 1]
 [1 0 0 1 1 1 1 0 1 0]
 [0 0 0 1 1 1 1 1 0 1]
 [1 0 1 1 1 1 1 1 1 1]
 [0 1 1 1 1 1 1 1 0 1]
 [0 0 0 1 0 1 0 1 1 1]
 [0 1 1 1 1 1 1 1 1 0]
 [0 1 0 1 0 1 1 1 1 1]
 [1 1 1 0 0 1 0 0 0 1]
 [1 0 1 1 1 1 1 0 1 1]
 [1 0 1 1 1 0 1 1 1 1]
 [1 1 0 1 0 1 1 1 1 1]
 [1 1 1 0 1 1 1 1 1 1]
 [1 1 1 1 1 0 1 0 1 1]
 [1 1 0 1 1 1 1 1 1 1]
 [0 1 0 0 0 1 1 1 1 1]
 [0 1 1 1 1 1 1 1 0 0]
 [0 1 1 1 1 0 1 0 1 0]
 [1 1 1 1 1 1 1 1 0 1]
 [1 1 1 0 0 1 1 1 1 0]
 [1 1 1 0 0 1 1 1 1 0]
 [0 1 1 0 1 0 1 0 0 0]
 [0 1 1 0 1 1 1 1 1 1]
 [0 1 1 1 1 1 1 1 1 0]
 [0 1 1 1 1 1 0 1 1 0]
 [1 0 0 1 1 1 0 1 0 1]
 [1 1 0 1 1 1 1 0 1 1]
 [1 1 1 1 1 0 0 0 1 0]
 [1 0 1 1 1 0 1 1 1 1]
 [0 0 1 0 1 1 1 1 1 1]
 [1 1 1 1 0 0 1 1 1 0]
 [1 1 1 1 1 0 1 1 1 1]
 [1 0 1 1 1 1 1 1 0 1]
 [0 0 1 1 1 1 1 1 1 1]
 [1 1 0 1 0 0 1 1 0 0]
 [1 1 1 0 1 1 1 1 0 1]
 [1 0 1 0 1 0 1 1 0 1]
 [0 1 1 1 0 0 1 1 1 1]
 [1 1 1 1 1 1 1 0 0 1]
 [1 1 1 1 1 1 0 0 1 0]
 [1 1 0 0 1 1 1 1 1 0]
 [0 1 0 0 0 1 1 0 1 1]
 [0 1 1 1 1 0 1 1 1 0]
 [0 1 0 1 1 1 1 0 0 0]
 [0 0 1 0 0 0 1 1 1 1]
 [1 0 1 0 1 1 0 1 1 0]
 [1 1 1 1 1 1 1 1 1 1]
 [1 0 1 1 1 1 1 1 1 1]
 [0 1 1 1 0 1 1 1 0 1]
 [1 1 1 1 1 1 1 0 1 1]
 [1 0 1 0 1 1 1 0 1 0]
 [1 1 1 1 0 1 1 0 1 1]
 [0 1 1 1 1 0 1 1 1 0]
 [1 1 0 0 1 1 1 1 1 1]
 [1 1 0 1 1 0 1 1 0 0]
 [1 1 0 1 1 0 1 0 1 1]
 [1 1 1 1 1 1 1 1 1 1]
 [1 1 1 0 1 1 1 1 0 0]
 [1 1 1 1 1 0 1 1 1 1]
 [0 0 1 0 0 1 0 0 1 0]
 [1 1 1 1 1 1 1 0 1 0]
 [0 1 1 0 1 1 1 1 0 1]
 [1 1 0 1 1 0 1 1 0 1]
 [0 0 0 1 1 1 1 1 1 0]
 [0 1 1 1 1 0 0 1 1 0]
 [1 1 1 1 1 1 0 1 1 1]
 [1 0 1 1 1 0 0 1 1 0]
 [0 1 1 0 1 1 1 1 1 0]
 [1 0 1 1 1 1 1 1 0 1]
 [1 1 1 1 0 0 1 1 1 1]
 [1 1 0 1 1 0 1 1 1 0]
 [1 0 1 1 1 1 1 1 1 1]
 [0 1 1 1 1 1 0 1 1 0]
 [0 1 1 1 1 1 0 0 1 1]
 [1 0 0 0 1 1 1 1 1 1]
 [0 0 1 1 1 0 1 1 1 1]
 [1 0 1 1 1 1 1 0 1 1]
 [1 0 1 0 1 1 1 1 1 1]
 [0 1 1 1 1 1 0 0 1 1]
 [1 1 0 1 1 1 1 1 0 1]
 [1 1 0 0 1 0 1 0 1 1]
 [1 1 1 1 1 1 1 0 1 0]
 [1 1 1 0 1 1 1 0 1 1]
 [1 1 1 1 0 0 1 1 1 1]
 [1 0 1 1 1 0 1 1 1 0]
 [0 1 1 1 0 1 0 1 1 1]
 [0 1 0 0 0 1 1 0 1 0]
 [0 1 1 1 1 1 1 1 0 1]
 [1 1 1 1 1 1 1 1 0 0]
 [0 1 1 0 1 0 1 0 1 1]
 [0 0 1 0 1 1 1 1 1 1]
 [1 1 0 0 0 1 1 1 0 0]
 [0 0 0 0 1 1 1 1 1 1]
 [1 1 1 1 1 1 1 1 1 1]
 [1 1 0 1 0 1 1 1 0 0]
 [0 1 1 0 0 1 0 1 1 0]
 [1 1 1 0 1 1 0 1 1 1]
 [1 1 1 0 1 1 0 0 1 0]
 [1 1 0 0 1 0 0 1 0 0]
 [1 0 1 1 1 1 1 1 0 1]]
{'restarts': 61, 'conflicts': 27388, 'decisions': 41196, 'propagations': 20868671}
Q is identifiable
branch at 6
runtime for solving id of Q is 3.2484347885474563
Simulation results:
{'J': 100, 'K': 10, 'N': 10, 'p': 0.7, 'seed': 381, 'sim': 5, 'runtime': 3.2484347885474563, 'identifiable': 1, 'branch': 6}
6
Q: [[1 0 0 1 1 0 0 1 0 1]
 [1 1 1 0 1 1 1 1 1 0]
 [0 1 1 0 0 1 0 1 1 1]
 [1 1 0 1 0 1 1 1 1 0]
 [1 1 0 0 1 0 0 1 0 0]
 [1 1 1 1 1 0 0 1 1 1]
 [1 1 1 1 1 0 1 1 0 1]
 [1 1 1 1 1 1 1 1 0 1]
 [1 1 0 1 1 1 1 0 0 0]
 [1 1 0 0 0 1 1 0 0 1]
 [0 1 1 1 0 1 1 0 1 1]
 [1 1 1 0 1 1 1 0 1 1]
 [0 1 1 1 1 1 1 0 1 1]
 [0 1 1 0 1 1 0 1 1 0]
 [1 0 0 1 0 1 1 0 1 1]
 [1 1 0 0 1 1 1 1 0 1]
 [1 1 1 1 1 1 0 1 1 0]
 [1 1 1 1 1 0 1 1 1 0]
 [1 1 1 0 0 1 1 0 1 1]
 [1 0 1 1 1 0 0 0 1 1]
 [0 1 1 1 1 1 1 0 1 1]
 [1 1 0 0 1 1 0 1 1 1]
 [1 1 1 1 1 1 1 1 1 1]
 [0 1 1 1 1 0 1 1 1 1]
 [0 1 0 1 1 1 1 1 1 1]
 [1 1 1 1 0 1 1 1 1 1]
 [1 1 0 1 0 1 0 1 1 1]
 [1 1 1 1 0 1 1 0 1 1]
 [1 0 1 1 1 1 0 1 1 1]
 [1 1 1 1 1 1 1 1 1 0]
 [1 0 1 1 1 1 0 1 1 0]
 [1 1 1 0 1 1 1 0 1 1]
 [1 1 1 1 1 0 0 1 0 1]
 [1 1 1 1 1 1 0 1 1 1]
 [1 1 0 1 1 0 1 1 0 1]
 [0 1 0 1 1 0 1 1 1 1]
 [1 0 1 1 1 0 0 1 0 1]
 [1 1 1 1 0 1 0 0 1 1]
 [1 0 1 1 0 1 1 1 1 1]
 [1 1 1 1 1 1 1 1 1 1]
 [1 1 1 0 1 0 1 1 1 1]
 [1 1 0 1 0 1 1 1 1 1]
 [1 0 1 1 0 1 1 1 0 1]
 [1 0 1 1 1 1 1 1 1 1]
 [0 1 1 0 0 1 1 1 1 0]
 [1 0 1 1 0 1 1 1 1 0]
 [1 1 1 1 1 1 1 1 1 0]
 [1 1 1 1 1 1 1 1 1 1]
 [1 1 1 1 0 1 1 0 1 0]
 [1 0 1 1 1 0 1 1 1 1]
 [1 1 0 0 1 0 0 0 1 1]
 [1 0 1 1 0 0 1 0 1 1]
 [0 1 1 0 0 1 1 0 1 1]
 [0 0 1 1 1 1 1 1 1 1]
 [1 1 0 1 1 1 0 1 0 1]
 [0 1 1 0 1 1 1 1 1 1]
 [1 1 0 1 1 0 1 0 1 1]
 [1 1 0 0 1 1 1 1 0 1]
 [0 1 1 0 1 1 1 0 0 0]
 [1 1 1 1 1 1 1 0 0 1]
 [1 1 1 1 1 1 1 0 1 0]
 [0 1 0 1 0 1 0 0 0 1]
 [0 1 1 0 0 1 0 1 0 1]
 [1 1 1 0 0 1 1 0 1 1]
 [1 1 1 1 0 1 1 1 1 1]
 [1 0 0 0 0 1 0 0 1 1]
 [0 1 1 0 1 1 1 0 0 0]
 [1 0 1 0 0 0 1 0 1 1]
 [0 0 1 1 1 1 0 1 0 1]
 [0 1 1 1 0 1 1 0 1 1]
 [1 1 1 0 0 0 1 1 0 1]
 [1 0 0 1 1 1 1 1 1 1]
 [0 1 1 0 1 1 0 0 1 1]
 [0 0 0 1 1 1 0 1 0 0]
 [0 1 0 1 0 1 0 1 1 1]
 [0 1 1 1 0 0 1 0 1 0]
 [1 0 0 1 1 1 1 0 0 1]
 [1 1 0 1 1 1 1 1 1 1]
 [1 1 1 1 1 1 0 1 1 1]
 [1 1 1 0 1 0 0 1 1 0]
 [1 1 1 1 0 1 1 0 1 1]
 [1 1 1 1 1 1 1 1 1 1]
 [1 0 1 1 1 1 1 1 1 1]
 [1 1 0 0 1 1 1 1 1 0]
 [0 1 1 1 1 1 1 0 0 1]
 [1 1 0 1 1 0 1 1 1 1]
 [1 1 1 1 0 0 1 1 1 1]
 [1 1 1 0 0 0 1 1 1 1]
 [1 1 0 1 1 1 1 1 1 0]
 [1 1 0 0 1 1 1 0 1 1]
 [1 1 1 0 0 1 1 0 1 0]
 [1 0 1 0 1 1 1 1 0 1]
 [1 0 0 1 1 1 1 1 1 1]
 [1 1 1 1 1 1 0 0 0 1]
 [1 1 0 1 1 1 1 1 1 1]
 [1 1 0 1 1 1 1 1 1 1]
 [1 1 1 0 1 1 1 1 1 1]
 [1 1 1 1 1 1 1 1 1 0]
 [1 1 1 1 1 1 1 1 0 1]
 [1 0 1 1 1 0 1 1 1 0]]
{'restarts': 41, 'conflicts': 18916, 'decisions': 30273, 'propagations': 15279332}
Q is identifiable
branch at 6
runtime for solving id of Q is 2.1623646896332502
Simulation results:
{'J': 100, 'K': 10, 'N': 10, 'p': 0.7, 'seed': 381, 'sim': 6, 'runtime': 2.1623646896332502, 'identifiable': 1, 'branch': 6}
7
Q: [[1 1 1 0 0 0 1 1 1 0]
 [1 1 0 1 1 1 1 1 1 1]
 [0 1 1 1 0 0 1 1 1 1]
 [1 0 1 0 0 1 1 1 0 1]
 [1 1 1 0 1 1 0 1 1 0]
 [1 1 0 1 1 0 0 0 1 1]
 [1 1 1 0 1 1 1 1 1 0]
 [1 0 0 1 1 1 1 1 1 0]
 [1 1 1 1 1 0 0 1 1 0]
 [0 1 1 1 1 0 0 1 1 1]
 [1 0 1 1 1 0 1 0 0 1]
 [0 1 1 0 1 1 1 0 1 0]
 [0 0 1 1 0 1 1 1 0 1]
 [0 1 0 1 1 1 1 1 1 1]
 [1 0 1 1 1 1 1 1 0 1]
 [1 1 1 0 1 0 0 1 0 1]
 [1 0 1 1 0 1 1 1 1 0]
 [0 1 0 0 1 0 0 1 1 1]
 [1 0 1 1 1 0 0 1 1 1]
 [1 0 1 1 1 0 0 0 1 1]
 [1 1 1 1 0 0 1 0 1 1]
 [1 0 1 1 0 0 1 1 1 1]
 [1 1 0 1 1 1 1 1 1 1]
 [1 0 1 0 1 1 0 1 0 1]
 [1 1 1 1 1 0 0 1 1 1]
 [1 1 1 0 1 1 1 1 1 1]
 [0 1 1 0 0 1 0 0 1 1]
 [1 1 1 1 0 1 1 1 1 1]
 [1 0 0 1 1 1 0 0 0 0]
 [1 0 1 1 0 1 1 1 0 0]
 [0 1 0 1 0 1 1 1 0 1]
 [1 1 0 1 1 1 1 1 1 1]
 [0 1 1 1 1 1 0 0 1 1]
 [1 0 0 0 0 1 1 0 1 0]
 [0 1 0 1 0 1 1 0 0 1]
 [1 1 0 0 0 0 0 0 1 0]
 [1 1 1 0 1 1 0 1 1 1]
 [1 1 1 1 1 1 1 1 0 1]
 [1 1 0 1 1 1 1 0 1 1]
 [1 1 0 1 1 1 1 0 1 1]
 [0 0 1 1 1 1 0 1 0 1]
 [1 1 1 0 1 1 1 1 1 1]
 [1 1 1 0 1 0 1 0 1 0]
 [1 1 1 1 1 1 1 1 1 1]
 [1 1 1 1 0 1 1 1 1 0]
 [0 0 1 1 0 0 1 0 1 1]
 [1 1 1 1 1 0 0 1 0 1]
 [0 0 1 1 1 0 0 1 1 1]
 [1 1 0 0 1 0 1 1 1 1]
 [1 1 1 1 0 1 1 1 1 1]
 [0 1 1 1 1 0 1 1 1 1]
 [0 1 1 0 1 0 1 1 1 1]
 [1 0 1 1 1 1 0 0 1 1]
 [1 0 1 1 1 1 1 1 1 0]
 [1 1 0 0 1 1 1 0 1 1]
 [1 0 1 1 1 1 1 1 1 1]
 [0 1 0 0 1 1 1 1 0 1]
 [1 1 0 0 1 0 1 1 1 1]
 [1 1 1 1 0 1 1 1 0 0]
 [1 1 0 0 0 0 1 0 1 1]
 [1 0 0 1 0 0 1 1 0 1]
 [1 1 1 0 1 1 1 1 1 1]
 [0 1 1 1 1 0 0 1 0 0]
 [0 1 1 1 0 1 1 1 1 1]
 [0 1 0 0 1 1 1 1 1 1]
 [1 1 1 0 1 1 1 1 1 1]
 [1 1 1 1 1 1 0 1 1 1]
 [1 0 1 1 0 1 1 0 1 1]
 [0 0 0 1 1 1 1 0 1 1]
 [0 1 0 1 1 1 1 1 0 1]
 [0 1 1 0 1 1 1 1 0 1]
 [1 0 1 1 1 1 1 0 0 1]
 [0 0 1 0 1 1 1 1 1 1]
 [0 0 0 0 1 0 1 1 1 1]
 [1 0 1 1 1 0 1 1 0 0]
 [1 1 0 1 0 0 1 1 1 1]
 [1 0 0 0 1 0 1 1 0 0]
 [1 1 0 1 1 1 0 0 0 1]
 [1 1 1 1 1 1 0 1 1 1]
 [1 1 1 1 1 0 0 1 1 1]
 [0 0 1 1 1 0 0 1 1 0]
 [1 1 0 1 0 1 1 1 0 0]
 [0 0 0 0 1 1 1 0 0 0]
 [1 0 1 1 1 0 0 0 1 1]
 [1 0 1 1 1 0 1 1 0 1]
 [1 1 1 1 0 1 0 1 1 1]
 [1 0 1 1 1 1 0 1 1 1]
 [1 0 0 1 0 1 1 1 1 1]
 [1 1 0 1 1 1 1 1 1 0]
 [1 0 1 0 1 0 0 1 0 1]
 [1 0 1 0 0 1 0 1 1 0]
 [1 1 0 1 1 1 1 1 0 1]
 [1 0 1 1 1 0 1 0 1 0]
 [1 1 0 0 1 1 0 1 1 0]
 [1 1 0 1 1 1 1 1 0 1]
 [1 1 1 1 0 1 1 1 1 1]
 [0 1 1 0 0 1 1 0 0 0]
 [0 1 1 1 0 1 1 1 1 1]
 [1 1 0 1 1 1 0 1 0 1]
 [1 1 1 1 1 0 0 0 1 0]]
{'restarts': 20, 'conflicts': 6379, 'decisions': 13333, 'propagations': 6571118}
Q is identifiable
branch at 6
runtime for solving id of Q is 1.0023147389292717
Simulation results:
{'J': 100, 'K': 10, 'N': 10, 'p': 0.7, 'seed': 381, 'sim': 7, 'runtime': 1.0023147389292717, 'identifiable': 1, 'branch': 6}
8
Q: [[1 1 0 1 1 1 1 1 1 1]
 [0 0 0 1 0 1 0 1 0 0]
 [1 1 1 0 1 1 1 0 1 1]
 [1 1 1 1 0 0 1 1 1 1]
 [1 0 1 1 1 0 1 1 0 0]
 [1 1 1 1 0 1 0 1 0 1]
 [1 1 1 1 1 0 1 0 1 1]
 [1 1 1 1 0 1 1 1 1 1]
 [1 1 1 0 1 0 1 1 1 1]
 [1 1 1 1 1 1 0 0 1 1]
 [1 1 0 1 1 1 1 0 1 1]
 [0 1 0 1 1 0 0 0 0 0]
 [1 0 1 0 0 1 1 1 1 1]
 [1 1 0 1 1 1 0 0 1 1]
 [1 1 0 1 1 1 1 0 1 1]
 [0 1 1 0 0 1 1 1 1 1]
 [1 0 1 1 0 0 0 1 0 1]
 [1 0 1 1 0 1 1 0 1 0]
 [1 1 1 0 1 1 1 0 1 1]
 [0 0 0 0 1 1 0 1 1 1]
 [0 1 1 1 1 1 1 1 0 1]
 [0 1 0 0 0 1 1 1 0 0]
 [1 1 0 1 1 1 1 0 0 0]
 [0 1 1 1 1 0 1 1 1 1]
 [1 1 1 0 0 0 0 1 0 0]
 [1 1 1 1 1 1 0 0 1 1]
 [1 1 1 1 1 1 0 1 1 1]
 [0 1 1 1 1 1 0 1 1 1]
 [1 1 0 1 1 0 1 1 1 1]
 [0 0 0 1 1 1 0 1 0 1]
 [1 1 0 0 1 0 1 1 1 1]
 [0 1 0 0 1 1 0 0 1 0]
 [1 0 1 0 0 0 1 1 1 1]
 [1 1 0 1 1 0 0 1 1 1]
 [1 0 1 0 1 0 1 1 1 1]
 [1 0 0 1 1 0 1 0 0 1]
 [1 1 1 0 0 1 0 0 1 1]
 [1 0 0 1 1 0 1 1 1 0]
 [0 0 0 1 1 1 0 1 1 1]
 [1 1 1 1 1 0 0 0 0 1]
 [1 0 1 0 0 1 1 1 1 1]
 [1 1 1 1 1 0 1 1 1 1]
 [1 0 1 1 1 1 1 1 0 1]
 [1 1 1 1 0 1 1 1 0 1]
 [1 1 1 1 1 0 0 1 1 1]
 [1 0 1 1 1 1 1 1 1 0]
 [1 1 1 1 1 1 1 0 1 1]
 [0 1 1 1 1 1 1 1 1 1]
 [1 0 0 1 1 1 1 1 0 0]
 [1 1 1 1 0 1 1 1 0 0]
 [0 0 1 1 0 0 0 0 1 1]
 [0 1 0 1 0 1 0 1 0 0]
 [1 1 1 1 1 1 1 1 1 0]
 [0 1 1 1 0 1 1 1 1 0]
 [1 1 0 1 0 1 0 0 1 1]
 [1 1 1 1 1 1 1 1 1 0]
 [1 1 1 0 1 1 1 1 0 1]
 [1 0 0 1 0 1 1 0 0 1]
 [1 1 0 1 1 1 1 1 0 1]
 [0 0 0 1 1 1 0 1 1 1]
 [1 1 1 0 0 0 0 1 0 1]
 [0 1 0 0 0 1 0 1 1 1]
 [0 1 0 1 0 1 1 1 0 1]
 [0 0 1 1 0 1 1 1 1 1]
 [0 1 1 0 1 1 0 1 1 1]
 [1 0 1 0 0 0 0 0 1 1]
 [1 1 1 0 1 0 1 1 1 0]
 [0 1 1 0 1 1 1 1 1 0]
 [1 1 1 0 1 1 0 0 0 1]
 [1 1 0 0 1 1 1 1 1 1]
 [1 1 1 1 1 0 1 1 0 1]
 [1 1 1 1 1 1 1 1 0 1]
 [0 0 1 0 1 1 0 1 1 1]
 [0 1 0 1 1 1 0 0 1 0]
 [1 1 0 0 0 0 1 1 0 1]
 [0 1 1 0 1 0 1 0 1 0]
 [1 1 0 1 1 0 1 1 1 0]
 [1 1 1 1 0 1 1 1 1 1]
 [1 1 1 1 0 1 1 1 1 1]
 [1 1 0 0 1 0 0 1 0 1]
 [1 1 0 1 1 0 1 1 0 1]
 [1 1 0 1 1 1 0 0 1 0]
 [0 1 1 0 1 1 0 0 1 1]
 [1 0 1 1 1 1 0 1 0 0]
 [1 1 0 1 1 1 1 0 0 1]
 [1 0 1 0 1 1 1 1 0 1]
 [1 0 1 1 1 0 0 1 1 1]
 [1 1 1 0 0 1 1 1 1 1]
 [0 1 0 0 0 1 1 1 1 1]
 [1 1 1 1 1 0 1 1 0 0]
 [1 1 1 1 1 1 1 0 1 1]
 [1 1 1 0 0 1 0 0 1 1]
 [1 0 0 1 1 1 1 1 1 1]
 [1 1 1 0 1 1 0 1 1 0]
 [1 0 1 1 0 1 1 0 1 0]
 [1 0 1 0 1 1 1 1 0 0]
 [0 1 0 0 1 1 0 1 1 1]
 [1 1 1 1 0 0 0 1 0 1]
 [1 0 1 1 0 1 1 1 0 1]
 [1 1 1 1 0 1 1 1 1 1]]
{'restarts': 11, 'conflicts': 2880, 'decisions': 6194, 'propagations': 2939511}
Q is identifiable
branch at 6
runtime for solving id of Q is 0.536307723261416
Simulation results:
{'J': 100, 'K': 10, 'N': 10, 'p': 0.7, 'seed': 381, 'sim': 8, 'runtime': 0.536307723261416, 'identifiable': 1, 'branch': 6}
9
Q: [[0 0 0 0 1 1 0 0 1 0]
 [1 1 1 1 1 0 1 1 1 0]
 [1 0 0 1 1 0 1 1 1 0]
 [1 0 1 1 1 1 1 1 0 0]
 [1 1 0 0 1 1 0 1 1 1]
 [1 1 1 0 1 1 1 1 0 1]
 [1 1 1 1 1 0 1 1 1 0]
 [1 1 1 1 1 0 1 1 1 1]
 [1 1 0 1 0 0 1 1 1 1]
 [1 1 1 1 1 1 1 1 1 1]
 [1 0 1 0 0 1 1 1 1 1]
 [1 0 1 1 0 1 0 1 0 1]
 [1 0 0 1 1 1 1 0 0 1]
 [1 1 1 0 1 1 1 1 0 0]
 [1 1 0 1 0 0 1 0 0 1]
 [0 1 0 1 1 0 1 1 1 1]
 [1 1 0 0 1 1 1 1 1 1]
 [1 1 1 0 0 0 1 0 0 1]
 [1 1 1 1 1 0 1 1 0 0]
 [1 1 0 1 0 1 0 1 1 1]
 [0 1 1 1 1 1 1 1 1 1]
 [1 1 1 1 1 0 1 1 0 1]
 [1 1 1 1 1 0 1 1 1 1]
 [1 0 0 0 0 0 1 1 1 1]
 [1 1 0 1 1 1 0 0 1 0]
 [0 0 1 1 1 1 0 0 0 1]
 [1 1 1 0 0 1 1 1 1 1]
 [1 1 1 0 0 1 1 1 0 1]
 [1 1 0 1 1 1 1 1 1 0]
 [1 1 0 1 0 1 0 1 0 0]
 [0 0 1 1 1 1 1 1 0 1]
 [0 1 1 0 0 1 1 1 0 1]
 [0 1 0 1 1 1 1 1 0 0]
 [1 1 0 1 1 1 1 0 1 1]
 [0 1 1 1 1 1 1 0 1 1]
 [0 1 0 1 1 1 1 0 1 0]
 [1 0 1 0 0 1 0 1 0 1]
 [0 0 1 0 1 1 1 0 1 1]
 [1 1 0 0 1 1 0 1 0 1]
 [1 0 1 1 1 0 1 0 0 0]
 [1 0 0 0 0 0 0 1 1 1]
 [0 1 1 0 0 0 1 1 1 0]
 [0 1 1 1 1 0 0 1 1 0]
 [1 0 1 1 1 1 0 0 1 1]
 [1 0 1 1 1 0 1 1 0 0]
 [1 0 0 0 0 1 1 1 1 1]
 [1 1 1 0 1 1 1 0 0 1]
 [1 0 1 0 1 1 0 1 1 0]
 [1 1 0 1 1 1 1 1 1 1]
 [0 1 0 1 0 0 0 1 1 1]
 [0 0 1 1 1 1 0 1 1 0]
 [1 1 0 0 1 0 0 1 1 0]
 [1 1 0 0 1 1 1 0 1 1]
 [1 0 1 1 1 0 1 1 0 1]
 [0 1 1 1 1 0 1 1 1 0]
 [1 0 1 0 1 0 0 0 1 1]
 [1 1 1 1 1 1 1 0 1 1]
 [1 0 1 0 0 1 0 1 1 1]
 [1 1 1 0 0 1 1 0 1 1]
 [1 1 0 0 1 0 1 0 1 1]
 [1 0 1 0 1 1 1 0 1 1]
 [1 1 1 0 1 1 1 1 0 1]
 [1 0 0 1 1 1 1 1 1 1]
 [1 1 1 1 1 1 1 0 1 1]
 [1 1 0 0 0 0 1 1 1 1]
 [1 1 0 0 1 0 0 1 1 1]
 [0 1 1 0 1 1 1 1 1 1]
 [1 1 1 0 1 0 1 1 1 1]
 [0 1 0 1 0 0 1 1 1 1]
 [1 1 1 1 0 1 1 1 0 0]
 [0 1 0 1 0 1 1 1 1 1]
 [1 1 1 0 0 1 1 1 1 1]
 [0 1 1 1 1 1 0 0 1 0]
 [1 1 1 1 0 0 1 0 0 1]
 [1 1 1 1 0 1 1 0 1 1]
 [0 1 1 0 1 1 1 1 0 1]
 [0 0 1 1 1 1 0 0 1 1]
 [1 0 1 1 0 1 1 1 1 1]
 [1 0 1 1 0 1 0 1 1 1]
 [1 1 0 0 0 0 1 1 1 1]
 [1 1 1 1 1 1 0 0 1 0]
 [0 1 1 0 1 1 1 1 1 1]
 [0 1 1 1 1 0 0 1 1 0]
 [1 1 1 1 1 1 1 1 0 1]
 [1 1 0 1 1 1 0 1 1 1]
 [1 0 0 0 0 0 1 1 0 1]
 [1 0 1 1 0 1 1 1 1 1]
 [1 1 1 1 1 1 0 0 1 0]
 [1 0 1 1 1 1 1 1 1 0]
 [1 1 1 1 0 0 1 0 0 1]
 [1 0 1 1 1 1 0 1 1 1]
 [1 1 1 1 1 0 1 1 1 1]
 [1 1 1 0 1 1 1 1 0 1]
 [1 0 0 1 1 1 1 1 1 1]
 [1 1 1 1 1 1 0 0 0 1]
 [1 1 1 1 0 1 1 1 1 0]
 [0 1 1 1 1 1 1 1 1 1]
 [1 1 1 1 1 0 1 1 1 0]
 [1 1 0 0 1 0 1 0 1 1]
 [1 1 1 1 1 1 1 1 1 0]]
{'restarts': 19, 'conflicts': 8802, 'decisions': 15171, 'propagations': 7732326}
Q is identifiable
branch at 6
runtime for solving id of Q is 1.1507620578631759
Simulation results:
{'J': 100, 'K': 10, 'N': 10, 'p': 0.7, 'seed': 381, 'sim': 9, 'runtime': 1.1507620578631759, 'identifiable': 1, 'branch': 6}
Simulation results:
[{'J': 100, 'K': 10, 'N': 10, 'p': 0.7, 'seed': 381, 'sim': 0, 'runtime': 1.9281327743083239, 'identifiable': 1, 'branch': 6}, {'J': 100, 'K': 10, 'N': 10, 'p': 0.7, 'seed': 381, 'sim': 1, 'runtime': 0.33238852489739656, 'identifiable': 1, 'branch': 6}, {'J': 100, 'K': 10, 'N': 10, 'p': 0.7, 'seed': 381, 'sim': 2, 'runtime': 1.1589790228754282, 'identifiable': 1, 'branch': 6}, {'J': 100, 'K': 10, 'N': 10, 'p': 0.7, 'seed': 381, 'sim': 3, 'runtime': 0.734285268932581, 'identifiable': 1, 'branch': 6}, {'J': 100, 'K': 10, 'N': 10, 'p': 0.7, 'seed': 381, 'sim': 4, 'runtime': 2.3888488188385963, 'identifiable': 1, 'branch': 6}, {'J': 100, 'K': 10, 'N': 10, 'p': 0.7, 'seed': 381, 'sim': 5, 'runtime': 3.2484347885474563, 'identifiable': 1, 'branch': 6}, {'J': 100, 'K': 10, 'N': 10, 'p': 0.7, 'seed': 381, 'sim': 6, 'runtime': 2.1623646896332502, 'identifiable': 1, 'branch': 6}, {'J': 100, 'K': 10, 'N': 10, 'p': 0.7, 'seed': 381, 'sim': 7, 'runtime': 1.0023147389292717, 'identifiable': 1, 'branch': 6}, {'J': 100, 'K': 10, 'N': 10, 'p': 0.7, 'seed': 381, 'sim': 8, 'runtime': 0.536307723261416, 'identifiable': 1, 'branch': 6}, {'J': 100, 'K': 10, 'N': 10, 'p': 0.7, 'seed': 381, 'sim': 9, 'runtime': 1.1507620578631759, 'identifiable': 1, 'branch': 6}]
