
The Gurobi software has a limited number of licenses. To request a license or
licenses, add this line

    #SBATCH --licenses=gurobi@slurmdb:1

to your SBATCH script, replacing N with the number of licenses you need. Gurobi
will need one license per process.


0
Q: [[0 1 1 1 1 0 1 1 0 1]
 [1 1 1 1 1 0 0 1 1 0]
 [1 1 0 1 0 0 1 1 1 1]
 [0 0 1 0 1 1 0 0 0 1]
 [1 0 1 1 1 1 1 1 0 0]
 [0 0 1 0 1 0 1 1 1 1]
 [0 0 1 1 1 0 1 1 1 0]
 [1 1 1 1 1 1 1 0 1 0]
 [1 0 0 1 1 0 1 0 1 1]
 [1 1 1 0 0 1 1 0 1 0]
 [1 1 0 1 1 1 1 1 1 1]
 [1 1 1 1 1 0 0 1 1 1]
 [0 1 0 0 1 1 1 1 1 1]
 [0 0 1 0 1 1 0 1 1 1]
 [1 0 1 0 1 1 1 1 1 1]
 [1 0 1 1 0 0 1 1 0 0]
 [1 0 1 1 1 1 1 1 1 1]
 [1 1 0 1 0 0 0 0 1 1]
 [1 1 1 1 0 1 1 1 1 0]
 [1 0 1 0 0 1 1 1 1 1]
 [1 1 1 1 0 1 1 1 1 1]
 [0 1 1 1 1 0 1 1 1 0]
 [0 1 1 1 1 0 1 1 1 0]
 [0 0 0 1 1 1 1 1 1 1]
 [1 1 0 0 1 1 1 0 0 1]
 [1 1 0 1 1 1 1 1 0 0]
 [1 1 1 1 1 1 1 1 1 1]
 [1 1 1 0 0 1 1 0 1 1]
 [1 0 1 1 1 0 1 1 1 1]
 [1 1 1 1 1 1 0 0 1 0]
 [1 0 0 0 1 1 1 1 0 1]
 [1 1 0 1 1 1 1 1 1 1]
 [1 1 0 1 1 1 1 1 1 1]
 [0 1 1 1 1 1 1 1 0 1]
 [1 0 1 0 1 1 1 1 1 0]
 [0 1 1 0 1 1 1 0 1 1]
 [1 1 1 1 1 1 1 1 1 1]
 [1 1 0 1 1 1 1 1 0 0]
 [0 1 1 1 1 1 1 1 0 0]
 [1 1 1 0 1 0 0 1 1 1]
 [1 1 0 1 0 0 1 1 1 1]
 [0 1 1 1 0 1 0 0 1 1]
 [0 1 1 0 1 1 1 0 1 1]
 [1 0 1 1 1 1 0 0 1 1]
 [1 1 1 1 1 1 0 1 1 1]
 [0 1 1 0 1 0 1 1 1 1]
 [1 0 0 1 1 1 0 0 1 1]
 [1 1 1 1 1 1 1 1 0 0]
 [1 1 1 1 1 1 1 1 1 1]
 [0 1 1 0 0 1 1 0 1 1]]
{'restarts': 207, 'conflicts': 100674, 'decisions': 142601, 'propagations': 42048419}
Q is identifiable
branch at 6
runtime for solving id of Q is 10.063035693950951
Simulation results:
{'J': 50, 'K': 10, 'N': 10, 'p': 0.7, 'seed': 175, 'sim': 0, 'runtime': 10.063035693950951, 'identifiable': 1, 'branch': 6}
1
Q: [[1 0 1 1 0 1 1 1 1 0]
 [1 0 1 1 1 0 0 1 0 1]
 [0 0 0 1 1 1 1 1 0 0]
 [0 0 0 1 1 1 0 0 1 1]
 [1 1 0 1 1 1 1 1 1 0]
 [1 1 1 1 1 1 1 1 1 1]
 [1 0 0 1 0 1 1 1 1 1]
 [1 1 1 1 0 0 1 1 0 1]
 [0 1 1 1 1 0 0 1 1 0]
 [0 1 1 0 0 1 1 1 1 1]
 [1 1 1 1 1 0 1 1 1 1]
 [1 1 1 0 0 1 1 1 1 1]
 [1 1 1 0 1 1 1 0 1 1]
 [1 1 0 0 1 0 1 1 1 0]
 [1 0 0 1 1 0 1 1 1 0]
 [0 1 1 0 1 1 1 1 0 1]
 [1 1 1 1 0 1 1 1 0 1]
 [1 1 1 0 0 1 1 1 1 0]
 [1 1 1 1 0 1 1 1 0 0]
 [1 1 0 0 1 1 0 1 0 1]
 [1 1 1 0 1 1 0 1 1 1]
 [1 1 0 0 0 1 1 0 1 0]
 [1 1 0 1 1 1 0 1 1 0]
 [1 1 1 0 1 1 0 1 1 1]
 [0 0 0 0 0 1 1 1 0 0]
 [1 1 0 1 1 0 1 1 1 1]
 [1 1 1 1 1 0 0 0 0 1]
 [0 1 0 1 0 1 1 1 1 1]
 [1 0 1 1 1 1 1 1 0 1]
 [1 0 0 0 0 0 1 1 1 1]
 [1 1 1 1 1 0 1 1 1 1]
 [0 0 0 1 1 1 0 1 1 1]
 [1 1 1 1 1 1 0 0 0 1]
 [1 1 1 0 1 1 1 0 0 1]
 [1 1 1 1 0 1 1 1 0 1]
 [0 0 0 1 1 0 1 0 0 0]
 [1 0 1 0 1 1 1 1 1 1]
 [0 0 1 0 1 1 1 1 1 1]
 [1 0 1 1 1 1 0 0 1 1]
 [1 1 0 1 1 0 0 1 0 1]
 [1 1 1 0 1 1 1 0 0 1]
 [1 1 1 1 0 1 1 0 1 1]
 [0 0 1 1 0 1 0 1 0 0]
 [0 1 1 0 1 1 0 0 1 1]
 [0 1 1 1 1 1 1 1 0 0]
 [0 1 1 1 0 1 1 1 1 0]
 [1 1 1 1 1 0 1 1 0 1]
 [0 1 1 1 0 0 1 0 1 0]
 [0 0 0 1 1 1 1 0 1 1]
 [1 1 1 1 1 1 1 1 1 1]]
{'restarts': 3, 'conflicts': 2140, 'decisions': 4208, 'propagations': 949237}
Q is identifiable
branch at 6
runtime for solving id of Q is 0.2239984916523099
Simulation results:
{'J': 50, 'K': 10, 'N': 10, 'p': 0.7, 'seed': 175, 'sim': 1, 'runtime': 0.2239984916523099, 'identifiable': 1, 'branch': 6}
2
Q: [[1 1 1 0 1 1 0 1 1 1]
 [1 0 0 1 1 0 1 1 1 0]
 [1 1 1 0 0 1 1 0 1 0]
 [1 1 1 1 1 1 0 1 1 1]
 [0 1 1 1 1 0 1 1 1 1]
 [1 0 1 1 1 1 0 1 1 0]
 [0 1 1 0 1 1 1 1 0 1]
 [1 0 0 1 0 0 1 1 1 1]
 [1 0 0 0 1 1 0 0 0 1]
 [1 1 1 1 1 1 0 1 0 1]
 [1 1 1 0 1 1 1 1 0 1]
 [1 0 1 1 1 1 0 0 1 0]
 [1 1 1 0 1 0 1 1 1 1]
 [0 1 1 0 1 0 1 1 0 0]
 [1 0 1 0 0 1 1 1 1 1]
 [0 1 0 0 1 1 0 1 0 1]
 [0 1 1 1 1 0 0 1 1 1]
 [0 1 0 1 1 1 0 1 1 0]
 [1 1 1 0 1 1 0 1 1 1]
 [0 1 1 1 1 0 1 1 1 0]
 [0 1 1 0 1 1 1 0 1 0]
 [0 1 0 1 1 1 1 1 1 1]
 [0 1 1 1 0 0 1 1 1 0]
 [0 0 1 1 1 1 1 1 0 1]
 [0 1 1 0 1 1 1 0 0 1]
 [1 0 1 1 0 1 1 1 1 0]
 [0 0 1 0 1 0 0 1 1 1]
 [1 0 1 1 0 0 1 0 0 1]
 [1 1 1 1 1 1 0 1 1 1]
 [1 1 1 1 1 0 1 1 1 1]
 [1 1 0 0 1 0 1 1 1 1]
 [1 1 1 1 0 1 1 1 0 0]
 [1 1 1 1 1 0 1 1 0 0]
 [1 1 1 1 0 1 0 1 1 0]
 [1 0 0 1 1 0 1 0 1 0]
 [1 0 1 1 1 1 1 1 1 0]
 [1 1 1 1 1 1 1 1 0 1]
 [1 1 1 1 1 1 0 1 1 1]
 [1 0 0 1 1 0 1 1 1 1]
 [1 0 1 0 1 1 1 1 1 1]
 [1 1 1 1 1 1 0 1 1 1]
 [1 1 0 0 1 1 0 1 1 1]
 [0 0 1 1 1 0 0 1 1 1]
 [1 1 1 1 0 0 1 1 0 0]
 [0 1 0 0 0 0 1 0 1 1]
 [1 1 1 1 1 1 1 1 0 1]
 [0 0 1 1 0 1 1 1 1 1]
 [1 1 0 1 0 1 1 0 0 1]
 [1 1 1 1 1 0 0 1 1 1]
 [1 1 1 0 0 1 1 0 1 0]]
{'restarts': 153, 'conflicts': 49373, 'decisions': 72118, 'propagations': 25350957}
Q is identifiable
branch at 6
runtime for solving id of Q is 4.208136137574911
Simulation results:
{'J': 50, 'K': 10, 'N': 10, 'p': 0.7, 'seed': 175, 'sim': 2, 'runtime': 4.208136137574911, 'identifiable': 1, 'branch': 6}
3
Q: [[1 1 1 0 1 1 1 1 0 1]
 [1 0 1 1 1 1 0 0 0 0]
 [0 0 1 0 1 1 1 1 1 1]
 [1 1 0 1 1 1 0 1 0 1]
 [1 1 1 1 0 1 0 1 1 1]
 [1 0 1 1 1 0 0 1 0 0]
 [1 1 1 0 1 0 1 1 1 1]
 [0 1 1 1 0 1 1 0 0 0]
 [0 1 0 1 1 1 0 1 1 1]
 [1 1 1 0 0 1 0 1 1 1]
 [1 0 0 1 1 1 0 1 1 0]
 [1 0 1 1 0 1 0 1 0 0]
 [1 0 1 1 1 1 1 1 1 1]
 [0 1 1 1 1 1 1 1 1 0]
 [0 1 1 1 1 1 1 1 0 1]
 [1 1 0 1 1 1 1 1 0 0]
 [1 1 0 1 0 0 0 1 1 1]
 [0 1 0 0 0 0 0 1 1 1]
 [1 1 0 0 0 1 1 1 1 1]
 [1 1 1 0 1 1 1 1 1 0]
 [1 1 1 1 0 1 0 0 1 0]
 [1 1 1 0 1 1 1 0 1 0]
 [1 0 0 1 0 1 1 1 0 1]
 [1 0 0 1 0 0 1 1 1 1]
 [1 1 1 1 1 1 1 1 1 1]
 [0 1 1 1 0 1 1 1 1 1]
 [1 1 1 1 1 0 0 1 1 1]
 [1 1 1 0 1 1 1 1 1 1]
 [1 0 1 0 1 1 1 1 1 1]
 [0 1 1 1 0 1 1 0 0 1]
 [0 0 1 1 1 1 1 1 1 0]
 [1 0 1 1 0 0 1 1 1 1]
 [1 1 1 1 1 1 1 1 1 1]
 [1 1 1 0 1 1 0 1 1 1]
 [1 0 1 1 1 1 0 1 1 1]
 [1 0 1 1 0 1 1 1 0 1]
 [0 0 0 1 1 1 1 1 0 1]
 [0 0 0 1 1 0 1 1 1 1]
 [0 0 1 0 1 1 1 1 1 1]
 [0 1 1 1 0 0 0 1 1 0]
 [1 0 1 1 1 0 0 1 0 1]
 [0 0 1 1 0 1 1 1 1 0]
 [0 1 1 0 1 0 1 1 0 1]
 [0 1 1 1 1 1 0 1 0 1]
 [1 1 0 1 1 1 1 1 0 0]
 [1 0 0 1 0 0 0 0 1 1]
 [1 1 1 0 1 1 1 0 1 0]
 [1 1 1 1 1 0 1 1 0 0]
 [0 1 1 0 0 1 1 1 1 1]
 [1 1 1 1 1 1 1 0 0 1]]
{'restarts': 189, 'conflicts': 68075, 'decisions': 100291, 'propagations': 38028891}
Q is identifiable
branch at 6
runtime for solving id of Q is 6.707724682055414
Simulation results:
{'J': 50, 'K': 10, 'N': 10, 'p': 0.7, 'seed': 175, 'sim': 3, 'runtime': 6.707724682055414, 'identifiable': 1, 'branch': 6}
4
Q: [[1 0 0 0 1 1 1 0 1 0]
 [0 1 1 1 1 1 0 1 1 0]
 [1 0 1 0 1 1 1 0 1 1]
 [1 1 0 0 1 1 1 0 1 1]
 [1 1 1 0 1 0 1 1 1 0]
 [0 1 1 1 1 1 1 1 1 0]
 [1 1 0 0 1 0 0 1 0 1]
 [1 1 1 1 1 0 0 1 0 0]
 [1 1 1 1 1 1 1 1 1 1]
 [1 1 1 1 1 1 1 0 1 1]
 [1 1 1 1 1 1 0 1 1 1]
 [0 0 1 1 0 0 1 1 1 1]
 [0 1 0 1 1 0 1 0 1 0]
 [1 1 0 1 1 1 0 0 0 0]
 [1 1 1 1 1 1 1 1 0 0]
 [0 0 0 1 1 1 0 0 1 0]
 [1 1 0 1 1 1 1 1 1 0]
 [0 1 1 1 1 1 1 1 1 1]
 [1 0 1 1 1 1 0 1 1 0]
 [1 1 0 1 1 0 0 1 1 1]
 [1 1 0 1 0 1 0 1 1 0]
 [0 1 0 1 1 1 1 1 1 1]
 [0 1 0 1 1 1 1 1 1 1]
 [0 0 0 1 1 1 1 1 1 1]
 [0 1 1 1 0 1 1 1 0 1]
 [1 1 1 1 0 1 1 1 1 1]
 [1 1 1 1 0 1 1 1 1 0]
 [1 1 0 0 1 1 1 0 0 1]
 [0 0 1 1 1 1 1 1 1 0]
 [0 1 1 1 1 1 0 1 0 0]
 [1 1 1 0 1 1 1 0 0 1]
 [1 1 0 1 1 1 1 0 1 1]
 [1 1 1 1 0 1 1 1 1 1]
 [0 1 1 1 1 0 1 1 0 1]
 [1 1 1 1 1 1 1 1 0 1]
 [0 1 1 0 1 1 1 1 1 0]
 [1 0 0 1 1 1 0 1 1 1]
 [0 0 1 0 0 1 0 1 1 0]
 [1 0 1 1 0 1 1 0 1 1]
 [1 1 0 0 1 1 1 0 0 1]
 [0 1 1 1 1 1 1 1 1 1]
 [1 1 1 0 0 1 1 0 1 1]
 [1 1 0 1 0 1 1 1 0 1]
 [0 1 1 0 0 0 0 1 1 1]
 [1 1 1 1 1 0 0 0 1 1]
 [1 1 1 1 1 1 1 1 1 1]
 [1 0 1 0 0 1 1 1 1 1]
 [1 0 0 0 0 1 1 1 0 1]
 [0 1 1 1 1 1 1 1 1 1]
 [1 1 1 1 1 1 0 1 0 1]]
{'restarts': 56, 'conflicts': 23829, 'decisions': 36445, 'propagations': 11371729}
Q is identifiable
branch at 6
runtime for solving id of Q is 1.7597988741472363
Simulation results:
{'J': 50, 'K': 10, 'N': 10, 'p': 0.7, 'seed': 175, 'sim': 4, 'runtime': 1.7597988741472363, 'identifiable': 1, 'branch': 6}
5
Q: [[1 0 1 1 0 1 1 1 0 1]
 [0 0 1 0 1 0 1 1 1 0]
 [1 1 1 0 1 1 1 1 1 1]
 [1 1 1 1 1 1 1 0 1 0]
 [1 1 1 0 1 1 1 1 1 1]
 [1 0 1 1 0 1 0 1 1 1]
 [1 1 1 0 1 1 1 1 0 0]
 [0 0 1 0 0 1 0 1 1 1]
 [1 0 1 1 0 1 1 1 1 1]
 [1 1 0 0 1 1 0 1 1 1]
 [1 1 1 1 1 0 1 0 0 0]
 [1 1 1 0 0 1 1 0 1 0]
 [1 1 0 1 1 1 1 1 1 1]
 [1 0 1 1 1 0 1 1 1 0]
 [1 1 1 0 1 1 1 0 0 1]
 [0 0 1 1 1 0 1 1 1 1]
 [1 1 0 1 1 1 1 1 1 1]
 [1 1 1 1 1 0 1 1 1 1]
 [1 1 0 1 1 1 1 1 1 1]
 [1 1 1 1 1 0 1 1 1 0]
 [1 1 0 1 1 1 1 1 0 1]
 [0 1 1 1 0 1 1 0 1 0]
 [1 1 0 0 1 1 0 1 0 0]
 [0 1 1 1 0 1 0 0 1 1]
 [1 1 0 0 1 1 0 1 0 1]
 [1 1 0 1 1 1 0 1 1 0]
 [0 1 1 0 1 1 0 1 1 1]
 [0 1 0 1 1 1 1 1 1 1]
 [0 1 1 0 1 1 1 1 1 1]
 [1 1 1 1 1 0 1 0 0 1]
 [1 1 0 0 1 0 0 1 1 1]
 [1 1 1 1 1 0 1 0 1 1]
 [0 1 1 1 1 1 1 1 1 1]
 [1 1 1 1 1 1 1 1 0 1]
 [0 0 1 0 1 1 1 1 1 0]
 [1 1 1 1 1 0 1 1 1 1]
 [0 0 1 1 1 0 0 0 1 1]
 [1 1 1 1 1 1 1 1 1 1]
 [0 0 1 0 0 1 1 1 1 0]
 [1 1 1 1 1 1 1 0 1 1]
 [1 1 1 1 1 1 1 0 0 1]
 [1 1 0 1 1 0 0 0 1 1]
 [1 1 1 1 1 1 1 1 1 1]
 [1 0 0 1 1 0 0 1 1 1]
 [0 0 1 0 1 0 1 1 0 0]
 [1 1 1 1 1 1 1 1 1 0]
 [0 1 1 1 1 1 1 1 0 0]
 [1 0 1 0 1 1 1 1 0 1]
 [0 0 1 1 1 1 1 1 0 1]
 [1 1 1 1 1 1 1 1 0 0]]
{'restarts': 18, 'conflicts': 8884, 'decisions': 15475, 'propagations': 3352830}
Q is identifiable
branch at 6
runtime for solving id of Q is 0.5910574793815613
Simulation results:
{'J': 50, 'K': 10, 'N': 10, 'p': 0.7, 'seed': 175, 'sim': 5, 'runtime': 0.5910574793815613, 'identifiable': 1, 'branch': 6}
6
Q: [[1 1 0 0 0 0 1 1 1 1]
 [1 1 0 0 1 0 1 1 1 0]
 [1 1 0 1 1 0 1 1 1 0]
 [1 0 1 1 1 1 1 1 1 1]
 [1 1 1 1 1 0 1 1 1 1]
 [1 1 1 1 0 1 0 1 1 1]
 [1 1 1 1 1 0 1 0 0 1]
 [1 1 1 1 1 1 0 1 0 1]
 [0 1 1 1 1 0 1 0 0 1]
 [1 0 1 0 1 1 1 0 0 1]
 [1 1 1 1 0 1 0 1 0 0]
 [1 1 1 1 1 1 0 1 1 1]
 [1 1 0 1 1 0 1 0 1 1]
 [1 1 1 1 1 1 0 0 1 1]
 [0 1 1 1 1 1 1 0 1 1]
 [1 1 0 1 1 1 0 1 1 0]
 [0 0 0 1 1 0 0 1 1 0]
 [0 1 0 0 1 1 1 1 1 1]
 [1 1 1 1 1 1 1 0 1 1]
 [1 0 0 1 1 1 1 1 0 1]
 [0 1 1 1 1 1 1 0 1 1]
 [0 1 1 1 1 1 1 1 1 1]
 [1 0 0 0 1 1 1 1 0 1]
 [0 1 1 1 1 1 1 1 1 1]
 [1 1 0 1 1 1 1 1 1 0]
 [1 1 0 0 1 1 1 1 1 1]
 [1 1 1 1 0 0 0 1 1 1]
 [1 0 0 1 1 1 1 1 1 1]
 [1 0 0 1 1 1 1 0 1 1]
 [1 1 1 1 1 0 0 1 0 1]
 [0 0 1 1 1 1 1 1 1 0]
 [1 1 1 1 0 0 1 1 0 1]
 [0 1 1 1 0 0 1 0 1 1]
 [1 0 1 0 1 1 1 1 0 0]
 [1 1 1 1 1 1 1 1 1 1]
 [1 1 1 0 1 0 0 1 1 1]
 [1 1 0 0 1 1 0 0 0 1]
 [0 1 1 1 1 1 1 0 1 0]
 [0 1 1 1 1 1 1 1 1 1]
 [0 1 0 1 1 1 1 1 1 1]
 [1 0 1 1 0 1 1 1 1 0]
 [0 1 1 1 1 0 1 0 0 0]
 [1 0 0 1 1 0 0 1 1 1]
 [1 0 1 1 0 1 1 0 0 1]
 [1 1 1 1 1 1 0 0 1 1]
 [0 0 1 1 1 1 0 0 0 1]
 [1 1 1 1 1 1 0 1 1 0]
 [0 1 0 1 1 0 1 1 1 1]
 [1 1 1 1 0 1 1 1 1 1]
 [1 1 0 0 1 1 1 1 0 0]]
{'restarts': 89, 'conflicts': 46809, 'decisions': 68900, 'propagations': 18274289}
Q is identifiable
branch at 6
runtime for solving id of Q is 3.6818969529122114
Simulation results:
{'J': 50, 'K': 10, 'N': 10, 'p': 0.7, 'seed': 175, 'sim': 6, 'runtime': 3.6818969529122114, 'identifiable': 1, 'branch': 6}
7
Q: [[1 1 0 0 0 0 1 1 1 1]
 [1 1 0 0 1 1 0 1 1 1]
 [1 1 1 0 1 1 0 1 1 1]
 [1 1 1 1 1 1 1 1 0 1]
 [1 1 1 0 1 1 1 0 1 1]
 [1 1 1 1 1 0 0 1 1 0]
 [1 1 1 1 0 1 1 1 0 1]
 [1 1 0 0 1 0 0 1 1 1]
 [0 1 1 0 1 1 1 0 1 1]
 [1 0 1 1 1 1 0 1 1 1]
 [1 0 1 0 0 1 1 1 1 1]
 [1 1 1 1 1 1 1 1 0 1]
 [0 0 1 1 0 1 0 1 1 1]
 [0 1 1 1 1 1 1 0 0 1]
 [1 1 1 1 1 1 1 0 0 0]
 [0 1 1 1 1 1 0 0 1 1]
 [0 1 1 1 1 0 0 1 1 0]
 [1 1 1 1 1 0 0 1 1 0]
 [1 1 0 1 0 1 1 1 0 1]
 [1 0 1 1 0 1 0 1 0 1]
 [0 1 0 1 1 1 0 1 1 1]
 [0 0 0 1 1 1 1 1 1 1]
 [0 1 0 1 1 1 1 1 1 1]
 [1 1 0 1 1 1 1 1 1 1]
 [1 1 0 1 1 1 0 1 0 0]
 [1 1 1 1 1 1 0 1 1 1]
 [1 1 1 1 1 1 1 1 1 1]
 [1 1 1 1 1 1 1 1 0 1]
 [1 1 1 1 1 0 1 1 0 1]
 [0 0 1 0 0 0 0 1 1 1]
 [1 1 0 1 0 1 1 0 0 1]
 [0 1 1 1 1 0 0 1 1 1]
 [1 0 1 0 1 0 0 1 1 1]
 [1 1 1 0 1 1 1 1 1 1]
 [1 1 0 1 0 1 1 0 1 0]
 [1 1 1 1 0 1 1 1 1 1]
 [1 1 1 0 1 1 1 1 1 1]
 [1 0 0 1 1 1 0 1 1 1]
 [0 1 1 1 0 0 1 1 1 1]
 [1 1 1 0 0 0 0 0 0 0]
 [1 1 1 0 1 1 0 1 1 1]
 [0 1 1 0 0 1 1 0 1 0]
 [0 1 0 0 0 1 1 1 1 1]
 [1 1 1 0 0 1 1 1 1 1]
 [1 1 1 0 1 1 0 0 1 0]
 [0 1 1 1 0 0 1 1 0 1]
 [0 1 1 1 0 0 1 1 1 1]
 [1 0 1 1 1 1 1 1 1 0]
 [1 1 1 1 0 1 1 1 1 0]
 [1 1 0 0 1 1 1 1 0 1]]
{'restarts': 95, 'conflicts': 57911, 'decisions': 86121, 'propagations': 27306499}
Q is identifiable
branch at 6
runtime for solving id of Q is 4.998163864016533
Simulation results:
{'J': 50, 'K': 10, 'N': 10, 'p': 0.7, 'seed': 175, 'sim': 7, 'runtime': 4.998163864016533, 'identifiable': 1, 'branch': 6}
8
Q: [[1 0 0 1 1 1 1 1 1 1]
 [1 1 0 0 1 1 1 1 1 1]
 [0 1 1 1 1 0 0 0 1 1]
 [1 1 0 1 1 0 1 0 1 1]
 [1 1 1 1 0 1 1 0 1 1]
 [1 1 1 0 1 1 0 1 1 0]
 [0 1 0 1 1 1 1 1 0 1]
 [1 1 0 1 1 1 0 1 1 1]
 [0 1 1 0 0 0 1 1 1 0]
 [1 1 0 0 0 1 1 1 0 1]
 [1 1 1 1 1 0 0 1 1 0]
 [1 0 1 0 1 0 1 1 1 1]
 [1 1 1 1 1 1 1 1 1 0]
 [0 1 0 1 0 1 0 1 1 1]
 [1 0 1 1 1 1 1 1 1 0]
 [1 1 1 1 1 1 1 0 1 1]
 [1 0 1 1 0 0 0 1 1 1]
 [1 1 1 1 1 1 0 1 0 1]
 [1 0 1 0 1 1 1 1 1 1]
 [1 0 1 0 1 0 1 1 0 0]
 [1 1 1 1 1 1 0 1 1 1]
 [0 1 1 1 1 1 1 1 1 1]
 [0 1 1 0 1 1 1 1 1 1]
 [1 1 0 0 1 1 1 1 1 1]
 [0 0 1 0 1 1 0 1 1 0]
 [1 0 0 1 1 0 0 1 1 1]
 [1 1 1 0 1 0 1 0 0 1]
 [1 1 1 1 1 0 0 0 1 0]
 [1 0 1 1 1 0 1 1 1 1]
 [1 1 0 1 1 1 1 0 0 1]
 [0 1 1 1 1 0 1 0 1 1]
 [1 0 1 1 1 1 1 0 1 1]
 [1 0 1 0 1 0 0 1 0 0]
 [1 0 1 1 0 1 1 0 0 1]
 [1 1 0 1 1 1 1 1 1 1]
 [1 1 1 1 0 1 1 1 0 0]
 [1 0 1 0 1 1 0 1 0 1]
 [1 1 1 1 0 1 1 0 1 1]
 [1 1 0 0 1 1 1 1 1 1]
 [1 1 0 1 0 1 1 0 1 1]
 [0 1 1 1 1 0 1 0 1 1]
 [0 1 1 0 1 1 0 1 1 1]
 [0 0 1 1 1 1 1 1 0 0]
 [1 0 0 1 0 1 0 1 1 1]
 [1 1 1 1 0 0 1 1 1 1]
 [1 1 1 0 1 1 0 0 1 1]
 [1 0 1 1 1 1 1 1 1 1]
 [1 0 0 1 0 0 1 1 1 1]
 [1 0 0 0 1 0 0 1 1 1]
 [1 1 1 0 0 0 1 0 1 0]]
{'restarts': 63, 'conflicts': 37977, 'decisions': 56401, 'propagations': 16846262}
Q is identifiable
branch at 6
runtime for solving id of Q is 3.0111522311344743
Simulation results:
{'J': 50, 'K': 10, 'N': 10, 'p': 0.7, 'seed': 175, 'sim': 8, 'runtime': 3.0111522311344743, 'identifiable': 1, 'branch': 6}
9
Q: [[1 0 1 1 1 1 1 0 1 1]
 [1 1 1 1 1 1 1 1 1 0]
 [1 0 1 1 1 1 0 1 1 0]
 [1 1 1 1 0 1 1 0 0 0]
 [1 0 1 1 0 1 0 0 1 1]
 [1 1 1 0 1 0 0 1 1 1]
 [1 1 1 1 1 1 1 0 1 0]
 [1 1 0 1 0 1 1 0 0 1]
 [0 1 1 0 1 1 0 1 1 1]
 [0 1 1 1 1 0 0 0 1 1]
 [1 1 1 1 1 1 0 1 0 1]
 [0 0 1 1 1 1 0 0 1 1]
 [1 1 1 1 0 1 0 1 1 1]
 [1 0 1 1 1 0 0 0 1 1]
 [0 1 0 1 1 0 1 1 1 0]
 [0 1 1 1 1 0 1 1 1 1]
 [1 1 1 1 1 1 0 1 0 1]
 [1 1 0 1 1 1 0 1 1 1]
 [1 1 0 0 1 1 1 1 0 1]
 [0 0 1 0 1 1 1 0 1 0]
 [1 1 0 1 1 0 0 0 1 0]
 [0 1 1 1 1 1 0 0 1 1]
 [0 0 0 1 1 1 1 1 1 0]
 [1 1 1 1 0 1 0 1 1 0]
 [0 1 0 1 1 1 1 1 1 0]
 [1 1 0 0 0 1 1 1 1 1]
 [1 1 1 0 1 0 1 1 0 0]
 [1 1 1 0 1 1 0 0 1 1]
 [1 1 1 1 1 0 1 1 1 1]
 [1 1 1 1 0 1 1 0 1 1]
 [1 1 1 0 1 0 0 1 1 0]
 [0 1 0 0 0 1 1 0 1 1]
 [1 0 0 1 0 0 1 1 0 1]
 [1 1 1 0 0 1 0 1 0 1]
 [1 1 1 1 1 1 0 1 1 0]
 [1 1 0 1 0 0 1 0 1 0]
 [0 1 0 1 1 1 0 1 1 1]
 [0 1 1 1 1 1 0 1 1 1]
 [0 0 1 1 1 1 1 1 1 0]
 [1 1 0 1 1 1 1 1 1 1]
 [1 1 1 1 1 0 1 1 1 1]
 [1 1 0 1 1 1 1 1 1 1]
 [1 1 0 1 1 1 1 1 1 1]
 [1 0 0 1 1 0 0 0 1 1]
 [1 1 1 1 1 1 1 1 1 1]
 [0 1 1 0 1 0 1 1 1 1]
 [0 0 1 1 1 1 0 1 1 0]
 [1 0 1 1 1 0 0 1 1 1]
 [0 1 1 1 0 0 1 1 0 0]
 [0 0 1 1 1 1 0 1 1 1]]
{'restarts': 94, 'conflicts': 39369, 'decisions': 61368, 'propagations': 20152413}
Q is identifiable
branch at 6
runtime for solving id of Q is 3.8180903866887093
Simulation results:
{'J': 50, 'K': 10, 'N': 10, 'p': 0.7, 'seed': 175, 'sim': 9, 'runtime': 3.8180903866887093, 'identifiable': 1, 'branch': 6}
Simulation results:
[{'J': 50, 'K': 10, 'N': 10, 'p': 0.7, 'seed': 175, 'sim': 0, 'runtime': 10.063035693950951, 'identifiable': 1, 'branch': 6}, {'J': 50, 'K': 10, 'N': 10, 'p': 0.7, 'seed': 175, 'sim': 1, 'runtime': 0.2239984916523099, 'identifiable': 1, 'branch': 6}, {'J': 50, 'K': 10, 'N': 10, 'p': 0.7, 'seed': 175, 'sim': 2, 'runtime': 4.208136137574911, 'identifiable': 1, 'branch': 6}, {'J': 50, 'K': 10, 'N': 10, 'p': 0.7, 'seed': 175, 'sim': 3, 'runtime': 6.707724682055414, 'identifiable': 1, 'branch': 6}, {'J': 50, 'K': 10, 'N': 10, 'p': 0.7, 'seed': 175, 'sim': 4, 'runtime': 1.7597988741472363, 'identifiable': 1, 'branch': 6}, {'J': 50, 'K': 10, 'N': 10, 'p': 0.7, 'seed': 175, 'sim': 5, 'runtime': 0.5910574793815613, 'identifiable': 1, 'branch': 6}, {'J': 50, 'K': 10, 'N': 10, 'p': 0.7, 'seed': 175, 'sim': 6, 'runtime': 3.6818969529122114, 'identifiable': 1, 'branch': 6}, {'J': 50, 'K': 10, 'N': 10, 'p': 0.7, 'seed': 175, 'sim': 7, 'runtime': 4.998163864016533, 'identifiable': 1, 'branch': 6}, {'J': 50, 'K': 10, 'N': 10, 'p': 0.7, 'seed': 175, 'sim': 8, 'runtime': 3.0111522311344743, 'identifiable': 1, 'branch': 6}, {'J': 50, 'K': 10, 'N': 10, 'p': 0.7, 'seed': 175, 'sim': 9, 'runtime': 3.8180903866887093, 'identifiable': 1, 'branch': 6}]
