
The Gurobi software has a limited number of licenses. To request a license or
licenses, add this line

    #SBATCH --licenses=gurobi@slurmdb:1

to your SBATCH script, replacing N with the number of licenses you need. Gurobi
will need one license per process.


0
Q: [[0 0 0 0 1]
 [0 0 0 0 0]
 [0 0 0 0 0]
 [0 1 1 0 0]
 [0 0 1 0 1]
 [0 0 0 0 0]
 [0 1 1 0 0]
 [0 0 0 0 0]
 [0 1 0 0 1]
 [1 1 0 1 0]]
Q is not identifiable (two-column submatrix not identifiable).
Q is not identifiable, and Q_bar is [[0 0 0 0 1]
 [0 0 0 0 0]
 [0 0 0 0 0]
 [0 1 1 0 0]
 [0 0 1 0 1]
 [0 0 0 0 0]
 [0 1 1 0 0]
 [0 0 0 0 0]
 [0 1 0 0 1]
 [1 0 0 1 0]]
branch at 2
runtime for solving id of Q is 0.00036712735891342163
Simulation results:
{'J': 10, 'K': 5, 'N': 10, 'p': 0.2, 'seed': 26, 'sim': 0, 'runtime': 0.00036712735891342163, 'identifiable': 0, 'branch': 2}
1
Q: [[0 0 0 0 1]
 [0 0 0 0 0]
 [0 0 0 0 1]
 [0 0 0 1 0]
 [0 1 0 0 1]
 [0 0 0 0 0]
 [0 1 0 0 1]
 [0 0 0 0 0]
 [0 0 0 0 0]
 [0 1 0 0 1]]
Q_basis with dimensions J < K, thus not identifiable.
Q is not identifiable, and Q_bar is [[1 0 0 0 0]
 [0 0 0 0 0]
 [1 0 0 0 0]
 [0 1 0 0 0]
 [0 0 1 0 0]
 [0 0 0 0 0]
 [0 0 1 0 0]
 [0 0 0 0 0]
 [0 0 0 0 0]
 [0 0 1 0 0]]
branch at -1
runtime for solving id of Q is 0.00021903961896896362
Simulation results:
{'J': 10, 'K': 5, 'N': 10, 'p': 0.2, 'seed': 26, 'sim': 1, 'runtime': 0.00021903961896896362, 'identifiable': 0, 'branch': -1}
2
Q: [[0 0 0 0 0]
 [0 0 0 0 0]
 [0 0 0 1 1]
 [1 1 0 0 0]
 [0 0 0 0 1]
 [0 0 0 0 0]
 [0 0 1 0 0]
 [0 0 0 0 0]
 [0 1 0 0 1]
 [0 1 0 0 0]]
Q is not identifiable (two-column submatrix not identifiable).
Q is not identifiable, and Q_bar is [[0 0 0 0 0]
 [0 0 0 0 0]
 [0 0 0 1 1]
 [1 0 0 0 0]
 [0 0 0 0 1]
 [0 0 0 0 0]
 [0 0 1 0 0]
 [0 0 0 0 0]
 [0 1 0 0 1]
 [0 1 0 0 0]]
branch at 2
runtime for solving id of Q is 0.0003309175372123718
Simulation results:
{'J': 10, 'K': 5, 'N': 10, 'p': 0.2, 'seed': 26, 'sim': 2, 'runtime': 0.0003309175372123718, 'identifiable': 0, 'branch': 2}
3
Q: [[0 0 0 1 0]
 [0 1 1 1 1]
 [1 1 0 1 1]
 [0 0 0 0 0]
 [0 1 0 0 0]
 [1 1 0 0 0]
 [0 1 0 0 0]
 [0 0 0 1 0]
 [0 0 0 0 0]
 [0 0 0 0 0]]
Q is not identifiable (two-column submatrix not identifiable).
Q is not identifiable, and Q_bar is [[0 0 0 1 0]
 [0 1 1 1 1]
 [1 0 0 1 1]
 [0 0 0 0 0]
 [0 1 0 0 0]
 [1 0 0 0 0]
 [0 1 0 0 0]
 [0 0 0 1 0]
 [0 0 0 0 0]
 [0 0 0 0 0]]
branch at 2
runtime for solving id of Q is 0.0003065764904022217
Simulation results:
{'J': 10, 'K': 5, 'N': 10, 'p': 0.2, 'seed': 26, 'sim': 3, 'runtime': 0.0003065764904022217, 'identifiable': 0, 'branch': 2}
4
Q: [[0 0 0 0 0]
 [1 0 0 0 0]
 [0 0 0 0 1]
 [0 0 0 0 0]
 [0 1 0 0 1]
 [0 0 1 0 1]
 [1 1 0 0 0]
 [0 0 0 0 0]
 [0 1 0 0 0]
 [0 0 1 0 0]]
Q_basis with dimensions J < K, thus not identifiable.
Q is not identifiable, and Q_bar is [[0 0 0 0 0]
 [0 0 0 1 0]
 [1 0 0 0 0]
 [0 0 0 0 0]
 [1 0 1 0 0]
 [1 1 0 0 0]
 [0 0 1 1 0]
 [0 0 0 0 0]
 [0 0 1 0 0]
 [0 1 0 0 0]]
branch at -1
runtime for solving id of Q is 0.0002232026308774948
Simulation results:
{'J': 10, 'K': 5, 'N': 10, 'p': 0.2, 'seed': 26, 'sim': 4, 'runtime': 0.0002232026308774948, 'identifiable': 0, 'branch': -1}
5
Q: [[0 0 0 0 0]
 [0 0 0 1 0]
 [0 0 1 0 0]
 [0 0 0 0 0]
 [0 1 0 0 1]
 [1 1 0 1 0]
 [0 0 0 0 0]
 [0 0 0 0 1]
 [0 0 0 0 0]
 [1 1 0 0 1]]
Q is not identifiable (two-column submatrix not identifiable).
Q is not identifiable, and Q_bar is [[0 0 0 0 0]
 [0 0 0 1 0]
 [0 0 1 0 0]
 [0 0 0 0 0]
 [0 1 0 0 1]
 [1 0 0 1 0]
 [0 0 0 0 0]
 [0 0 0 0 1]
 [0 0 0 0 0]
 [1 0 0 0 1]]
branch at 2
runtime for solving id of Q is 0.00042892806231975555
Simulation results:
{'J': 10, 'K': 5, 'N': 10, 'p': 0.2, 'seed': 26, 'sim': 5, 'runtime': 0.00042892806231975555, 'identifiable': 0, 'branch': 2}
6
Q: [[1 0 0 1 0]
 [0 0 0 1 0]
 [1 0 0 0 0]
 [0 0 0 0 0]
 [0 0 0 0 0]
 [1 0 0 0 0]
 [0 0 0 0 1]
 [0 0 1 0 1]
 [0 1 0 0 0]
 [0 0 0 0 0]]
Q is not identifiable (two-column submatrix not identifiable).
Q is not identifiable, and Q_bar is [[1 0 0 1 0]
 [0 0 0 1 0]
 [1 0 0 0 0]
 [0 0 0 0 0]
 [0 0 0 0 0]
 [1 0 0 0 0]
 [0 0 0 0 1]
 [0 0 1 0 0]
 [0 1 0 0 0]
 [0 0 0 0 0]]
branch at 2
runtime for solving id of Q is 0.0003812666982412338
Simulation results:
{'J': 10, 'K': 5, 'N': 10, 'p': 0.2, 'seed': 26, 'sim': 6, 'runtime': 0.0003812666982412338, 'identifiable': 0, 'branch': 2}
7
Q: [[0 0 0 0 1]
 [0 0 0 1 0]
 [0 1 0 0 0]
 [0 0 0 0 0]
 [1 0 1 0 0]
 [0 0 1 1 0]
 [0 0 0 0 0]
 [1 1 0 0 1]
 [0 0 0 1 0]
 [0 0 0 0 0]]
{'restarts': 1, 'conflicts': 7, 'decisions': 24, 'propagations': 482}
Q is identifiable
branch at 6
runtime for solving id of Q is 0.005443498492240906
Simulation results:
{'J': 10, 'K': 5, 'N': 10, 'p': 0.2, 'seed': 26, 'sim': 7, 'runtime': 0.005443498492240906, 'identifiable': True, 'branch': 6}
8
Q: [[0 0 0 0 0]
 [0 1 0 0 0]
 [0 0 0 0 1]
 [0 0 0 0 0]
 [1 1 1 1 0]
 [0 1 0 0 1]
 [0 0 0 0 1]
 [1 0 1 0 0]
 [0 1 0 1 0]
 [0 0 0 0 0]]
Q_basis with dimensions J < K, thus not identifiable.
Q is not identifiable, and Q_bar is [[0 0 0 0 0]
 [0 1 0 0 0]
 [1 0 0 0 0]
 [0 0 0 0 0]
 [0 0 1 1 0]
 [1 1 0 0 0]
 [1 0 0 0 0]
 [0 0 0 1 0]
 [0 0 1 0 0]
 [0 0 0 0 0]]
branch at -1
runtime for solving id of Q is 0.00022342614829540253
Simulation results:
{'J': 10, 'K': 5, 'N': 10, 'p': 0.2, 'seed': 26, 'sim': 8, 'runtime': 0.00022342614829540253, 'identifiable': 0, 'branch': -1}
9
Q: [[0 1 0 0 1]
 [1 0 1 0 1]
 [0 0 0 0 0]
 [1 0 0 0 0]
 [0 1 0 0 0]
 [0 0 0 0 1]
 [0 0 0 1 1]
 [0 0 1 1 0]
 [0 1 0 0 0]
 [0 0 0 0 1]]
{'restarts': 1, 'conflicts': 11, 'decisions': 21, 'propagations': 422}
Q is identifiable
branch at 6
runtime for solving id of Q is 0.004113921895623207
Simulation results:
{'J': 10, 'K': 5, 'N': 10, 'p': 0.2, 'seed': 26, 'sim': 9, 'runtime': 0.004113921895623207, 'identifiable': True, 'branch': 6}
Simulation results:
[{'J': 10, 'K': 5, 'N': 10, 'p': 0.2, 'seed': 26, 'sim': 0, 'runtime': 0.00036712735891342163, 'identifiable': 0, 'branch': 2}, {'J': 10, 'K': 5, 'N': 10, 'p': 0.2, 'seed': 26, 'sim': 1, 'runtime': 0.00021903961896896362, 'identifiable': 0, 'branch': -1}, {'J': 10, 'K': 5, 'N': 10, 'p': 0.2, 'seed': 26, 'sim': 2, 'runtime': 0.0003309175372123718, 'identifiable': 0, 'branch': 2}, {'J': 10, 'K': 5, 'N': 10, 'p': 0.2, 'seed': 26, 'sim': 3, 'runtime': 0.0003065764904022217, 'identifiable': 0, 'branch': 2}, {'J': 10, 'K': 5, 'N': 10, 'p': 0.2, 'seed': 26, 'sim': 4, 'runtime': 0.0002232026308774948, 'identifiable': 0, 'branch': -1}, {'J': 10, 'K': 5, 'N': 10, 'p': 0.2, 'seed': 26, 'sim': 5, 'runtime': 0.00042892806231975555, 'identifiable': 0, 'branch': 2}, {'J': 10, 'K': 5, 'N': 10, 'p': 0.2, 'seed': 26, 'sim': 6, 'runtime': 0.0003812666982412338, 'identifiable': 0, 'branch': 2}, {'J': 10, 'K': 5, 'N': 10, 'p': 0.2, 'seed': 26, 'sim': 7, 'runtime': 0.005443498492240906, 'identifiable': True, 'branch': 6}, {'J': 10, 'K': 5, 'N': 10, 'p': 0.2, 'seed': 26, 'sim': 8, 'runtime': 0.00022342614829540253, 'identifiable': 0, 'branch': -1}, {'J': 10, 'K': 5, 'N': 10, 'p': 0.2, 'seed': 26, 'sim': 9, 'runtime': 0.004113921895623207, 'identifiable': True, 'branch': 6}]
