
The Gurobi software has a limited number of licenses. To request a license or
licenses, add this line

    #SBATCH --licenses=gurobi@slurmdb:1

to your SBATCH script, replacing N with the number of licenses you need. Gurobi
will need one license per process.


0
Q: [[0 0 0 0 0]
 [1 0 0 0 0]
 [0 0 0 0 0]
 [0 0 0 0 0]
 [0 0 0 0 0]
 [0 0 0 0 0]
 [0 0 0 0 0]
 [0 0 0 0 0]
 [0 0 0 0 0]
 [1 0 0 0 0]
 [0 0 0 0 0]
 [0 0 0 0 0]
 [0 0 0 0 0]
 [0 0 0 0 0]
 [1 0 0 0 0]
 [0 0 0 0 0]
 [0 0 0 0 0]
 [0 0 0 0 0]
 [0 0 0 0 0]
 [0 0 0 0 0]
 [0 0 0 0 1]
 [0 0 0 0 0]
 [0 0 0 0 0]
 [0 1 0 0 0]
 [0 0 0 0 1]]
Q_basis with dimensions J < K, thus not identifiable.
Q is not identifiable, and Q_bar is [[0 0 0 0 0]
 [0 0 1 0 0]
 [0 0 0 0 0]
 [0 0 0 0 0]
 [0 0 0 0 0]
 [0 0 0 0 0]
 [0 0 0 0 0]
 [0 0 0 0 0]
 [0 0 0 0 0]
 [0 0 1 0 0]
 [0 0 0 0 0]
 [0 0 0 0 0]
 [0 0 0 0 0]
 [0 0 0 0 0]
 [0 0 1 0 0]
 [0 0 0 0 0]
 [0 0 0 0 0]
 [0 0 0 0 0]
 [0 0 0 0 0]
 [0 0 0 0 0]
 [1 0 0 0 0]
 [0 0 0 0 0]
 [0 0 0 0 0]
 [0 1 0 0 0]
 [1 0 0 0 0]]
branch at -1
runtime for solving id of Q is 0.0003560250625014305
Simulation results:
{'J': 25, 'K': 5, 'N': 10, 'p': 0.1, 'seed': 51, 'sim': 0, 'runtime': 0.0003560250625014305, 'identifiable': 0, 'branch': -1}
1
Q: [[0 0 0 0 0]
 [1 0 0 0 0]
 [0 1 0 0 0]
 [0 0 0 0 0]
 [0 1 0 0 0]
 [0 0 0 0 1]
 [0 0 0 0 1]
 [1 0 0 0 1]
 [0 1 0 1 1]
 [0 0 0 0 0]
 [0 0 0 0 0]
 [0 0 0 0 0]
 [0 0 0 0 0]
 [0 0 0 1 0]
 [0 0 0 0 0]
 [0 0 0 1 0]
 [0 0 0 0 0]
 [0 0 1 0 0]
 [1 0 0 1 0]
 [0 0 0 0 0]
 [1 0 0 0 0]
 [0 0 0 0 0]
 [0 0 0 1 0]
 [0 0 0 0 1]
 [0 0 0 0 0]]
Q is identifiable (direct_check).
Q is identifiable
branch at 4
runtime for solving id of Q is 0.0005532838404178619
Simulation results:
{'J': 25, 'K': 5, 'N': 10, 'p': 0.1, 'seed': 51, 'sim': 1, 'runtime': 0.0005532838404178619, 'identifiable': 1, 'branch': 4}
2
Q: [[0 0 0 0 0]
 [0 0 0 0 0]
 [0 0 0 0 0]
 [0 0 0 0 0]
 [0 1 0 0 1]
 [1 0 0 1 0]
 [0 0 0 0 0]
 [0 0 0 0 0]
 [0 0 0 0 0]
 [0 0 0 0 0]
 [0 0 0 0 0]
 [0 0 0 0 0]
 [0 0 0 0 0]
 [1 0 0 0 0]
 [0 0 1 0 0]
 [0 0 1 0 0]
 [0 0 0 0 1]
 [0 0 0 0 1]
 [0 0 0 0 0]
 [0 0 0 0 0]
 [1 0 0 0 0]
 [0 0 1 0 0]
 [1 0 0 0 0]
 [0 0 0 0 0]
 [0 0 0 0 0]]
Q is not identifiable (two-column submatrix not identifiable).
Q is not identifiable, and Q_bar is [[0 0 0 0 0]
 [0 0 0 0 0]
 [0 0 0 0 0]
 [0 0 0 0 0]
 [0 1 0 0 1]
 [0 0 0 1 0]
 [0 0 0 0 0]
 [0 0 0 0 0]
 [0 0 0 0 0]
 [0 0 0 0 0]
 [0 0 0 0 0]
 [0 0 0 0 0]
 [0 0 0 0 0]
 [1 0 0 0 0]
 [0 0 1 0 0]
 [0 0 1 0 0]
 [0 0 0 0 1]
 [0 0 0 0 1]
 [0 0 0 0 0]
 [0 0 0 0 0]
 [1 0 0 0 0]
 [0 0 1 0 0]
 [1 0 0 0 0]
 [0 0 0 0 0]
 [0 0 0 0 0]]
branch at 2
runtime for solving id of Q is 0.0004616323858499527
Simulation results:
{'J': 25, 'K': 5, 'N': 10, 'p': 0.1, 'seed': 51, 'sim': 2, 'runtime': 0.0004616323858499527, 'identifiable': 0, 'branch': 2}
3
Q: [[0 0 0 0 0]
 [0 0 0 0 1]
 [1 0 0 0 0]
 [0 0 0 0 0]
 [0 0 1 0 0]
 [1 0 0 0 0]
 [0 0 0 0 1]
 [0 0 0 0 0]
 [0 0 1 0 0]
 [0 0 0 0 0]
 [0 0 0 0 0]
 [0 0 0 0 0]
 [0 0 0 0 0]
 [0 0 0 0 0]
 [0 0 0 0 0]
 [0 0 0 0 0]
 [0 0 0 0 0]
 [0 0 0 0 0]
 [0 0 0 0 0]
 [0 0 0 0 0]
 [0 0 0 0 0]
 [1 0 0 0 0]
 [0 0 0 0 0]
 [0 0 0 1 0]
 [0 1 0 0 0]]
Q is identifiable (direct_check).
Q is identifiable
branch at 4
runtime for solving id of Q is 0.0004465370438992977
Simulation results:
{'J': 25, 'K': 5, 'N': 10, 'p': 0.1, 'seed': 51, 'sim': 3, 'runtime': 0.0004465370438992977, 'identifiable': 1, 'branch': 4}
4
Q: [[0 1 0 0 0]
 [0 0 0 1 0]
 [0 1 0 0 0]
 [0 0 0 0 0]
 [0 0 0 0 0]
 [0 0 0 0 0]
 [0 1 0 0 0]
 [0 0 0 0 0]
 [0 0 0 0 0]
 [0 0 0 0 0]
 [0 0 0 0 0]
 [0 0 0 0 0]
 [0 0 1 0 0]
 [0 0 0 0 0]
 [0 0 0 0 0]
 [0 1 0 0 0]
 [0 0 0 0 0]
 [0 0 0 0 0]
 [0 0 0 0 0]
 [0 0 0 0 0]
 [0 0 0 0 0]
 [0 1 0 0 1]
 [0 0 1 0 1]
 [0 0 0 0 0]
 [0 0 1 0 0]]
Q is trivially not identifiable (all zero column).
Q is not identifiable, and Q_bar is [[1 1 0 0 0]
 [1 0 0 1 0]
 [1 1 0 0 0]
 [0 0 0 0 0]
 [0 0 0 0 0]
 [0 0 0 0 0]
 [1 1 0 0 0]
 [0 0 0 0 0]
 [0 0 0 0 0]
 [0 0 0 0 0]
 [0 0 0 0 0]
 [0 0 0 0 0]
 [1 0 1 0 0]
 [0 0 0 0 0]
 [0 0 0 0 0]
 [1 1 0 0 0]
 [0 0 0 0 0]
 [0 0 0 0 0]
 [0 0 0 0 0]
 [0 0 0 0 0]
 [0 0 0 0 0]
 [1 1 0 0 1]
 [1 0 1 0 1]
 [0 0 0 0 0]
 [1 0 1 0 0]]
branch at 0
runtime for solving id of Q is 0.00041742390021681786
Simulation results:
{'J': 25, 'K': 5, 'N': 10, 'p': 0.1, 'seed': 51, 'sim': 4, 'runtime': 0.00041742390021681786, 'identifiable': 0, 'branch': 0}
5
Q: [[0 1 0 0 0]
 [0 0 0 0 0]
 [0 0 0 0 0]
 [0 0 0 0 1]
 [0 0 0 0 0]
 [0 0 1 0 0]
 [0 0 0 0 0]
 [0 0 0 0 0]
 [1 0 0 0 0]
 [0 1 0 0 0]
 [0 0 0 0 0]
 [0 0 1 0 0]
 [0 0 1 0 0]
 [0 0 1 0 0]
 [0 0 0 0 0]
 [0 0 0 0 0]
 [0 0 1 1 0]
 [0 0 0 0 0]
 [0 0 0 0 0]
 [0 0 0 1 0]
 [0 1 0 0 0]
 [0 0 0 0 0]
 [0 0 0 0 0]
 [0 0 0 0 0]
 [0 0 0 0 0]]
Q is identifiable (direct_check).
Q is identifiable
branch at 4
runtime for solving id of Q is 0.0004299478605389595
Simulation results:
{'J': 25, 'K': 5, 'N': 10, 'p': 0.1, 'seed': 51, 'sim': 5, 'runtime': 0.0004299478605389595, 'identifiable': 1, 'branch': 4}
6
Q: [[0 0 0 1 0]
 [0 1 0 0 0]
 [0 1 0 0 0]
 [0 0 0 0 0]
 [0 0 0 0 0]
 [0 0 0 0 0]
 [0 0 0 0 0]
 [0 0 0 0 1]
 [0 0 0 1 0]
 [1 0 0 0 0]
 [0 0 0 0 0]
 [0 0 0 0 0]
 [0 1 0 0 0]
 [0 0 0 0 1]
 [0 0 0 0 0]
 [0 0 0 0 0]
 [0 0 0 0 0]
 [0 0 0 1 0]
 [0 0 0 1 0]
 [0 0 0 0 0]
 [0 0 0 0 0]
 [0 1 0 0 1]
 [0 0 0 1 0]
 [0 0 1 0 0]
 [0 0 0 0 0]]
Q is identifiable (direct_check).
Q is identifiable
branch at 4
runtime for solving id of Q is 0.0004320479929447174
Simulation results:
{'J': 25, 'K': 5, 'N': 10, 'p': 0.1, 'seed': 51, 'sim': 6, 'runtime': 0.0004320479929447174, 'identifiable': 1, 'branch': 4}
7
Q: [[0 1 0 0 0]
 [0 0 1 0 0]
 [0 0 1 0 0]
 [0 0 0 0 0]
 [0 0 0 0 0]
 [0 0 0 0 0]
 [0 1 1 0 0]
 [0 0 0 0 0]
 [0 1 1 0 0]
 [0 1 1 0 0]
 [0 0 0 0 0]
 [0 0 0 0 0]
 [1 0 0 0 0]
 [0 0 0 0 0]
 [0 1 0 0 0]
 [0 0 0 0 0]
 [0 0 0 0 0]
 [0 0 0 1 1]
 [0 0 0 0 0]
 [0 0 0 0 0]
 [0 0 0 1 0]
 [0 0 1 0 0]
 [0 0 0 0 0]
 [1 0 0 0 0]
 [0 0 0 0 0]]
Q is not identifiable (two-column submatrix not identifiable).
Q is not identifiable, and Q_bar is [[0 1 0 0 0]
 [0 0 1 0 0]
 [0 0 1 0 0]
 [0 0 0 0 0]
 [0 0 0 0 0]
 [0 0 0 0 0]
 [0 1 1 0 0]
 [0 0 0 0 0]
 [0 1 1 0 0]
 [0 1 1 0 0]
 [0 0 0 0 0]
 [0 0 0 0 0]
 [1 0 0 0 0]
 [0 0 0 0 0]
 [0 1 0 0 0]
 [0 0 0 0 0]
 [0 0 0 0 0]
 [0 0 0 0 1]
 [0 0 0 0 0]
 [0 0 0 0 0]
 [0 0 0 1 0]
 [0 0 1 0 0]
 [0 0 0 0 0]
 [1 0 0 0 0]
 [0 0 0 0 0]]
branch at 2
runtime for solving id of Q is 0.0005030878819525242
Simulation results:
{'J': 25, 'K': 5, 'N': 10, 'p': 0.1, 'seed': 51, 'sim': 7, 'runtime': 0.0005030878819525242, 'identifiable': 0, 'branch': 2}
8
Q: [[0 0 1 0 0]
 [0 0 1 0 0]
 [0 0 0 0 0]
 [0 0 0 0 0]
 [0 0 0 0 0]
 [0 0 1 0 0]
 [0 0 0 0 0]
 [0 0 0 0 0]
 [0 0 0 0 1]
 [1 0 0 0 1]
 [0 0 0 0 0]
 [0 0 0 0 0]
 [0 0 0 0 0]
 [0 0 0 0 0]
 [0 1 1 0 0]
 [0 0 0 0 0]
 [0 0 0 0 1]
 [0 0 0 1 0]
 [0 0 0 0 0]
 [0 0 0 1 0]
 [0 0 0 0 0]
 [0 0 0 0 0]
 [0 0 0 0 0]
 [0 1 0 0 0]
 [0 0 1 0 0]]
Q is not identifiable (two-column submatrix not identifiable).
Q is not identifiable, and Q_bar is [[0 0 1 0 0]
 [0 0 1 0 0]
 [0 0 0 0 0]
 [0 0 0 0 0]
 [0 0 0 0 0]
 [0 0 1 0 0]
 [0 0 0 0 0]
 [0 0 0 0 0]
 [0 0 0 0 1]
 [1 0 0 0 0]
 [0 0 0 0 0]
 [0 0 0 0 0]
 [0 0 0 0 0]
 [0 0 0 0 0]
 [0 1 1 0 0]
 [0 0 0 0 0]
 [0 0 0 0 1]
 [0 0 0 1 0]
 [0 0 0 0 0]
 [0 0 0 1 0]
 [0 0 0 0 0]
 [0 0 0 0 0]
 [0 0 0 0 0]
 [0 1 0 0 0]
 [0 0 1 0 0]]
branch at 2
runtime for solving id of Q is 0.0004555727355182171
Simulation results:
{'J': 25, 'K': 5, 'N': 10, 'p': 0.1, 'seed': 51, 'sim': 8, 'runtime': 0.0004555727355182171, 'identifiable': 0, 'branch': 2}
9
Q: [[0 0 0 0 0]
 [0 0 1 0 0]
 [0 0 0 0 1]
 [0 0 0 0 0]
 [0 0 0 0 0]
 [1 0 0 0 0]
 [0 0 0 0 0]
 [0 0 0 0 0]
 [0 0 0 0 0]
 [0 0 0 0 0]
 [1 0 0 0 0]
 [0 0 0 0 0]
 [0 0 0 0 0]
 [0 0 0 0 0]
 [0 0 0 0 0]
 [1 0 0 0 0]
 [0 0 0 0 0]
 [0 0 1 0 0]
 [0 0 0 0 0]
 [0 0 0 0 0]
 [1 0 1 0 0]
 [0 0 0 0 0]
 [0 1 1 0 0]
 [0 0 1 1 0]
 [0 0 0 0 1]]
Q is not identifiable (two-column submatrix not identifiable).
Q is not identifiable, and Q_bar is [[0 0 0 0 0]
 [0 0 1 0 0]
 [0 0 0 0 1]
 [0 0 0 0 0]
 [0 0 0 0 0]
 [1 0 0 0 0]
 [0 0 0 0 0]
 [0 0 0 0 0]
 [0 0 0 0 0]
 [0 0 0 0 0]
 [1 0 0 0 0]
 [0 0 0 0 0]
 [0 0 0 0 0]
 [0 0 0 0 0]
 [0 0 0 0 0]
 [1 0 0 0 0]
 [0 0 0 0 0]
 [0 0 1 0 0]
 [0 0 0 0 0]
 [0 0 0 0 0]
 [1 0 1 0 0]
 [0 0 0 0 0]
 [0 1 0 0 0]
 [0 0 1 1 0]
 [0 0 0 0 1]]
branch at 2
runtime for solving id of Q is 0.00046248920261859894
Simulation results:
{'J': 25, 'K': 5, 'N': 10, 'p': 0.1, 'seed': 51, 'sim': 9, 'runtime': 0.00046248920261859894, 'identifiable': 0, 'branch': 2}
Simulation results:
[{'J': 25, 'K': 5, 'N': 10, 'p': 0.1, 'seed': 51, 'sim': 0, 'runtime': 0.0003560250625014305, 'identifiable': 0, 'branch': -1}, {'J': 25, 'K': 5, 'N': 10, 'p': 0.1, 'seed': 51, 'sim': 1, 'runtime': 0.0005532838404178619, 'identifiable': 1, 'branch': 4}, {'J': 25, 'K': 5, 'N': 10, 'p': 0.1, 'seed': 51, 'sim': 2, 'runtime': 0.0004616323858499527, 'identifiable': 0, 'branch': 2}, {'J': 25, 'K': 5, 'N': 10, 'p': 0.1, 'seed': 51, 'sim': 3, 'runtime': 0.0004465370438992977, 'identifiable': 1, 'branch': 4}, {'J': 25, 'K': 5, 'N': 10, 'p': 0.1, 'seed': 51, 'sim': 4, 'runtime': 0.00041742390021681786, 'identifiable': 0, 'branch': 0}, {'J': 25, 'K': 5, 'N': 10, 'p': 0.1, 'seed': 51, 'sim': 5, 'runtime': 0.0004299478605389595, 'identifiable': 1, 'branch': 4}, {'J': 25, 'K': 5, 'N': 10, 'p': 0.1, 'seed': 51, 'sim': 6, 'runtime': 0.0004320479929447174, 'identifiable': 1, 'branch': 4}, {'J': 25, 'K': 5, 'N': 10, 'p': 0.1, 'seed': 51, 'sim': 7, 'runtime': 0.0005030878819525242, 'identifiable': 0, 'branch': 2}, {'J': 25, 'K': 5, 'N': 10, 'p': 0.1, 'seed': 51, 'sim': 8, 'runtime': 0.0004555727355182171, 'identifiable': 0, 'branch': 2}, {'J': 25, 'K': 5, 'N': 10, 'p': 0.1, 'seed': 51, 'sim': 9, 'runtime': 0.00046248920261859894, 'identifiable': 0, 'branch': 2}]
