
The Gurobi software has a limited number of licenses. To request a license or
licenses, add this line

    #SBATCH --licenses=gurobi@slurmdb:1

to your SBATCH script, replacing N with the number of licenses you need. Gurobi
will need one license per process.


0
Q: [[0 0 0 0 0 1 1 1 0 0]
 [0 0 0 1 0 1 0 0 1 1]
 [0 0 0 0 0 0 0 0 1 0]
 [0 1 0 1 1 0 0 0 0 0]
 [0 0 0 0 1 0 1 1 1 0]
 [1 0 1 0 1 0 0 0 1 0]
 [0 1 0 0 0 1 1 0 0 1]
 [1 1 0 0 0 0 0 0 1 1]
 [0 0 0 0 0 0 0 0 0 0]
 [0 1 0 0 1 1 0 0 0 0]
 [0 1 0 0 0 0 0 0 1 1]
 [0 0 0 0 0 1 0 0 1 0]
 [0 1 0 0 1 0 0 1 0 0]
 [0 1 1 1 1 0 1 0 1 0]
 [0 0 0 0 1 0 0 0 0 0]
 [1 0 1 0 0 0 0 1 0 0]
 [1 0 0 1 0 0 1 0 1 0]
 [0 0 1 0 0 0 0 0 0 0]
 [0 1 0 0 1 1 0 1 0 0]
 [0 0 0 0 0 0 0 0 0 0]
 [0 0 0 0 0 0 0 0 1 0]
 [1 0 1 1 0 0 0 1 0 1]
 [0 0 0 0 0 1 1 0 0 0]
 [0 1 0 0 0 0 0 0 0 0]
 [0 0 0 0 1 0 0 0 1 0]
 [0 0 0 0 0 0 0 0 0 0]
 [0 0 0 0 0 0 0 0 1 0]
 [0 0 1 0 0 1 0 0 0 1]
 [0 0 0 0 0 1 1 0 0 1]
 [1 0 1 0 0 0 0 1 1 1]
 [0 1 0 0 0 0 0 0 1 0]
 [0 0 0 1 0 1 0 0 0 1]
 [0 0 1 0 0 1 1 0 0 0]
 [1 0 0 1 0 0 0 0 0 1]
 [1 0 0 0 0 0 0 1 1 0]
 [0 0 1 0 1 0 0 0 0 0]
 [0 0 0 0 1 1 0 0 0 0]
 [0 1 0 0 0 0 0 0 0 0]
 [1 0 0 1 1 1 0 0 0 0]
 [0 0 0 0 0 0 0 0 0 0]
 [0 0 0 1 0 0 0 0 0 0]
 [0 0 0 1 0 1 0 0 1 0]
 [0 1 0 0 1 1 0 0 0 1]
 [1 1 0 0 0 0 0 0 1 0]
 [0 0 1 0 0 1 1 0 0 0]
 [0 0 0 0 0 0 0 0 1 0]
 [0 0 1 0 0 0 0 0 0 0]
 [0 0 0 0 0 0 0 1 0 0]
 [0 0 0 0 0 1 0 0 0 1]
 [1 1 0 1 0 1 0 1 1 0]
 [0 0 0 0 1 0 0 1 0 0]
 [0 1 0 0 0 0 0 0 0 0]
 [1 1 1 0 0 0 0 1 0 0]
 [0 1 1 0 0 0 1 0 1 1]
 [1 0 0 1 0 0 0 1 0 0]
 [0 1 1 1 1 0 0 1 0 0]
 [0 0 0 0 0 0 0 1 0 1]
 [0 0 0 0 0 0 0 0 0 0]
 [0 1 0 0 0 0 0 0 1 1]
 [0 0 1 0 1 0 0 0 0 0]
 [1 0 0 0 0 0 0 1 1 0]
 [0 0 0 0 0 0 0 1 1 1]
 [0 0 1 0 1 0 0 0 0 0]
 [0 0 0 0 1 1 0 0 0 0]
 [0 0 1 0 1 0 1 0 0 0]
 [0 0 0 0 0 0 0 0 1 0]
 [1 0 0 0 1 0 0 0 0 0]
 [0 1 0 0 0 1 0 0 0 0]
 [0 1 0 1 0 0 1 0 0 0]
 [0 0 0 1 0 0 0 0 0 1]
 [0 1 0 0 0 1 1 1 0 1]
 [1 0 0 0 1 0 0 0 0 0]
 [1 0 1 0 0 0 1 0 0 1]
 [1 1 0 0 0 0 1 0 1 0]
 [1 0 0 0 1 1 1 1 0 1]
 [1 1 0 0 0 0 0 0 0 1]
 [0 1 0 1 0 0 1 0 0 1]
 [0 1 0 0 1 0 0 0 0 0]
 [0 1 0 0 0 0 0 0 0 0]
 [0 1 1 0 1 1 0 1 1 0]
 [0 0 0 0 0 0 0 0 1 1]
 [1 1 0 0 0 0 0 1 0 1]
 [0 0 0 0 0 1 1 0 0 0]
 [1 0 0 0 0 0 0 0 0 0]
 [0 0 1 0 0 1 0 0 0 0]
 [1 0 1 1 1 1 0 0 0 0]
 [0 1 0 1 1 0 0 0 0 1]
 [0 1 1 0 1 0 0 0 0 1]
 [0 0 0 0 1 0 0 0 0 0]
 [0 0 0 1 0 0 0 1 0 1]
 [1 1 0 0 0 1 0 0 0 1]
 [1 0 0 1 1 1 1 1 0 1]
 [0 1 0 1 0 0 0 0 0 1]
 [1 0 0 0 0 0 1 1 0 0]
 [1 0 1 0 0 0 0 0 0 0]
 [0 0 0 0 0 0 0 1 1 0]
 [0 0 0 0 0 1 0 0 0 0]
 [0 0 0 0 0 0 0 0 0 1]
 [1 0 1 0 0 0 0 0 0 1]
 [0 1 0 0 1 1 0 0 0 0]]
{'restarts': 1, 'conflicts': 35, 'decisions': 85, 'propagations': 39284}
Q is identifiable
branch at 6
runtime for solving id of Q is 0.2503389990888536
Simulation results:
{'J': 100, 'K': 10, 'N': 10, 'p': 0.3, 'seed': 54, 'sim': 0, 'runtime': 0.2503389990888536, 'identifiable': 1, 'branch': 6}
1
Q: [[0 1 0 0 0 1 0 0 1 0]
 [0 0 0 0 0 0 0 0 1 0]
 [0 1 0 1 0 0 0 0 1 0]
 [1 1 1 0 0 0 0 0 1 1]
 [0 0 1 0 0 1 1 0 1 1]
 [1 0 1 0 0 0 0 0 0 0]
 [0 1 0 1 1 0 1 1 1 0]
 [0 0 0 0 1 1 0 1 1 0]
 [1 0 0 1 0 0 1 0 0 1]
 [0 1 1 0 0 0 0 0 0 0]
 [0 1 0 0 0 0 0 0 0 0]
 [1 0 1 1 0 0 0 1 1 0]
 [0 0 0 1 0 0 1 0 0 1]
 [0 0 0 0 1 1 0 0 1 0]
 [0 0 1 0 1 1 0 1 1 0]
 [1 0 0 0 0 0 1 0 0 0]
 [0 0 0 0 1 0 1 0 0 1]
 [1 0 0 0 0 0 0 0 0 0]
 [0 1 0 1 1 0 0 0 0 1]
 [1 0 1 0 0 0 0 1 0 0]
 [0 0 0 0 1 1 1 1 0 0]
 [0 0 0 0 1 0 0 1 0 0]
 [0 0 0 0 1 0 0 0 0 1]
 [1 0 0 0 1 1 0 1 1 1]
 [0 1 0 0 1 0 0 0 0 0]
 [0 1 0 0 0 1 0 0 1 0]
 [0 1 1 1 0 0 1 0 0 0]
 [0 0 1 1 0 0 0 1 0 0]
 [1 0 0 0 0 0 0 0 0 0]
 [0 0 0 1 1 1 0 1 0 1]
 [1 1 0 0 1 1 0 1 0 0]
 [0 1 0 0 0 0 1 0 0 0]
 [1 0 0 0 0 0 0 0 0 1]
 [1 0 1 0 0 1 0 0 1 1]
 [0 1 0 0 0 0 1 0 0 0]
 [0 0 0 0 1 1 0 0 0 1]
 [0 0 0 0 0 0 0 0 0 0]
 [0 1 1 0 0 0 1 0 1 0]
 [0 0 1 0 0 0 0 0 1 0]
 [0 1 0 1 0 0 0 0 0 0]
 [0 0 1 0 1 0 0 0 0 0]
 [0 1 0 1 0 0 0 1 0 0]
 [0 0 1 0 1 0 0 1 0 1]
 [0 1 0 0 0 0 0 0 0 1]
 [0 0 0 0 0 0 1 0 0 1]
 [0 0 0 0 0 0 1 1 0 0]
 [1 0 1 0 0 1 1 0 1 0]
 [1 1 0 0 0 0 1 1 0 0]
 [0 1 0 0 1 0 0 0 0 0]
 [0 1 0 1 0 1 1 0 0 0]
 [0 1 1 0 0 0 0 0 0 1]
 [0 1 0 0 0 0 0 0 1 0]
 [1 0 1 1 1 1 0 0 0 0]
 [0 1 0 0 1 0 1 0 1 1]
 [0 1 0 1 1 0 0 0 0 0]
 [1 0 0 1 1 1 0 0 1 0]
 [0 1 0 0 0 0 1 1 1 0]
 [0 0 0 0 0 0 0 0 0 0]
 [0 0 0 0 1 0 0 0 0 1]
 [0 1 0 0 1 1 0 1 0 0]
 [0 1 1 0 0 0 1 0 0 0]
 [1 0 0 0 0 0 1 0 0 1]
 [0 0 0 0 0 1 0 1 1 0]
 [0 0 0 0 0 0 1 0 0 1]
 [1 0 0 0 1 0 0 1 0 0]
 [0 0 1 0 1 0 0 0 0 0]
 [1 0 0 1 0 0 1 0 1 0]
 [1 0 0 0 1 0 0 0 0 0]
 [0 0 0 0 0 0 0 1 1 0]
 [0 1 1 1 0 0 0 1 0 0]
 [0 1 0 0 1 0 1 1 0 0]
 [0 0 0 0 1 0 0 1 0 0]
 [0 1 0 0 0 1 0 1 1 0]
 [0 1 0 0 0 1 0 1 0 0]
 [0 1 0 1 0 0 0 0 1 0]
 [0 0 0 0 0 0 0 0 1 0]
 [0 0 1 0 1 0 1 0 1 0]
 [0 0 0 0 0 1 0 1 0 0]
 [0 0 1 1 0 0 1 1 1 1]
 [0 0 0 0 0 1 0 0 0 0]
 [0 0 0 0 0 1 1 0 0 0]
 [0 0 0 1 0 0 0 1 1 0]
 [0 0 0 1 0 0 1 0 0 0]
 [1 1 0 0 0 0 0 0 0 0]
 [0 1 1 1 0 0 1 0 0 1]
 [0 0 0 0 0 0 0 0 1 1]
 [0 0 1 0 0 0 1 1 0 0]
 [0 0 0 1 0 0 0 0 1 1]
 [1 0 0 0 0 0 0 0 0 0]
 [0 1 0 0 0 1 0 0 0 0]
 [1 0 0 1 1 1 0 0 1 0]
 [0 0 1 0 1 0 0 0 0 0]
 [0 0 0 1 0 0 0 1 0 0]
 [1 1 1 1 0 1 1 0 0 0]
 [0 1 0 0 0 1 0 0 0 0]
 [0 0 0 0 0 0 0 0 0 1]
 [0 1 0 0 1 1 1 1 0 1]
 [1 1 0 1 0 1 1 1 0 0]
 [0 0 0 0 0 0 0 0 1 1]
 [1 0 0 0 0 0 0 0 0 0]]
{'restarts': 1, 'conflicts': 133, 'decisions': 375, 'propagations': 238612}
Q is identifiable
branch at 6
runtime for solving id of Q is 0.6547579009784386
Simulation results:
{'J': 100, 'K': 10, 'N': 10, 'p': 0.3, 'seed': 54, 'sim': 1, 'runtime': 0.6547579009784386, 'identifiable': 1, 'branch': 6}
2
Q: [[0 0 0 0 1 1 0 0 1 0]
 [1 1 0 1 0 0 0 1 1 0]
 [1 0 0 0 1 1 0 0 0 0]
 [0 0 0 0 1 1 0 1 0 0]
 [0 0 0 0 0 1 0 1 0 0]
 [1 1 0 0 0 0 0 0 0 0]
 [0 0 0 1 1 0 0 1 0 0]
 [0 1 0 0 0 0 0 1 1 1]
 [0 0 0 1 0 0 1 0 0 1]
 [0 0 0 1 0 1 0 0 0 1]
 [1 0 0 1 0 0 0 0 0 0]
 [1 0 1 0 1 1 0 0 0 0]
 [1 1 0 0 1 0 1 0 0 1]
 [1 0 0 0 1 0 0 0 0 0]
 [1 0 0 1 0 1 1 0 1 0]
 [0 1 0 0 0 0 0 0 1 0]
 [0 0 0 0 0 0 1 1 0 0]
 [0 0 0 0 0 0 0 0 0 1]
 [1 0 0 0 0 0 0 0 1 0]
 [0 0 0 1 1 0 1 1 0 0]
 [0 1 0 1 0 1 0 0 1 0]
 [0 1 0 0 0 0 0 1 1 0]
 [1 1 0 0 0 0 0 0 1 1]
 [1 0 0 0 0 0 0 0 0 0]
 [1 0 1 0 0 0 0 1 1 0]
 [0 0 0 1 0 0 1 0 0 0]
 [0 0 0 0 0 1 0 0 0 0]
 [0 1 0 0 0 1 0 0 0 0]
 [0 0 0 0 0 0 0 0 0 0]
 [1 0 0 0 0 0 0 1 1 0]
 [0 0 0 0 0 0 0 0 1 1]
 [0 0 1 0 1 0 0 0 0 0]
 [0 0 0 0 0 0 0 0 1 0]
 [0 0 1 0 1 1 0 0 1 0]
 [1 1 1 0 0 0 0 1 0 0]
 [1 0 0 0 0 0 0 0 0 0]
 [0 0 0 0 0 0 0 0 0 0]
 [1 0 0 0 0 0 0 0 0 0]
 [0 0 1 1 0 0 1 1 0 1]
 [0 0 1 1 0 0 0 0 0 0]
 [1 0 0 0 0 1 1 1 0 1]
 [0 0 1 1 1 0 1 0 0 0]
 [1 0 0 0 0 0 0 1 0 1]
 [0 1 0 0 0 1 0 0 1 0]
 [0 1 0 1 1 0 1 0 0 0]
 [1 0 0 0 0 1 0 1 1 1]
 [1 1 0 0 0 0 0 0 1 0]
 [0 0 0 1 1 0 0 0 0 1]
 [0 0 0 1 0 0 0 1 1 1]
 [0 0 0 0 1 0 0 0 0 1]
 [0 0 0 0 0 0 0 0 1 0]
 [1 0 0 1 1 0 0 1 0 0]
 [0 0 0 0 1 0 0 0 0 0]
 [0 1 0 0 0 0 0 0 0 0]
 [0 0 0 0 0 0 0 0 0 0]
 [1 0 0 1 1 0 0 1 1 0]
 [0 0 0 1 1 1 1 0 1 0]
 [0 0 1 0 1 1 0 0 0 0]
 [0 0 1 0 0 0 0 0 0 1]
 [0 0 0 0 0 0 1 1 0 0]
 [0 0 0 0 0 0 0 0 0 0]
 [1 0 0 0 1 1 0 1 0 0]
 [0 0 0 1 1 0 0 0 0 0]
 [0 0 0 1 0 0 1 0 0 0]
 [0 0 1 0 1 1 1 1 1 0]
 [0 0 1 1 0 1 1 0 1 1]
 [0 1 0 1 0 0 0 1 0 0]
 [0 0 0 0 0 1 0 1 1 0]
 [0 1 0 0 1 0 0 0 1 0]
 [0 0 0 1 0 0 0 0 0 1]
 [0 0 0 1 1 1 0 0 0 0]
 [0 1 1 0 0 1 1 1 1 0]
 [0 0 1 0 1 0 0 0 1 0]
 [0 0 0 0 0 1 0 0 0 0]
 [0 0 0 1 0 0 0 0 0 0]
 [0 0 0 1 0 0 0 1 0 1]
 [0 0 0 0 0 0 0 0 1 0]
 [0 0 0 0 0 0 1 0 0 0]
 [1 0 1 0 0 1 0 0 0 0]
 [1 0 1 0 0 0 0 0 1 1]
 [1 1 0 0 0 1 0 0 1 0]
 [0 0 0 0 0 1 0 1 1 0]
 [0 1 0 0 1 0 0 1 1 1]
 [1 0 0 1 0 0 0 0 0 0]
 [0 0 0 0 0 0 0 0 0 0]
 [0 0 0 0 1 0 1 0 0 0]
 [0 0 0 0 0 0 0 1 1 0]
 [0 0 1 0 0 0 0 0 0 0]
 [1 0 1 0 1 0 1 1 1 1]
 [0 0 0 0 0 1 0 0 0 1]
 [0 0 1 0 1 0 1 0 0 0]
 [0 1 0 1 0 0 1 0 1 0]
 [1 0 0 0 0 0 1 1 0 0]
 [0 0 0 0 1 0 0 0 0 1]
 [0 0 0 0 0 0 1 0 0 0]
 [0 0 1 1 0 0 0 0 0 1]
 [0 1 0 0 0 1 0 0 1 1]
 [0 0 0 0 0 0 1 0 1 1]
 [0 0 0 1 0 1 1 0 0 0]
 [0 0 0 1 0 0 0 1 0 0]]
{'restarts': 1, 'conflicts': 91, 'decisions': 227, 'propagations': 109818}
Q is identifiable
branch at 6
runtime for solving id of Q is 0.22541536495555192
Simulation results:
{'J': 100, 'K': 10, 'N': 10, 'p': 0.3, 'seed': 54, 'sim': 2, 'runtime': 0.22541536495555192, 'identifiable': 1, 'branch': 6}
3
Q: [[0 0 0 0 1 0 0 1 0 0]
 [0 0 1 0 0 1 0 1 0 1]
 [0 0 0 0 0 0 1 1 1 1]
 [0 0 1 0 0 0 1 1 1 1]
 [0 0 0 1 1 0 0 0 1 0]
 [1 1 0 1 1 1 0 0 0 0]
 [1 0 0 0 1 0 0 1 0 1]
 [1 0 0 1 0 0 0 1 1 0]
 [0 0 0 0 0 1 1 0 0 0]
 [1 0 0 0 1 0 0 0 0 0]
 [0 0 0 0 0 0 0 0 0 0]
 [1 0 1 0 0 1 0 0 0 1]
 [0 0 0 1 0 0 0 0 0 0]
 [0 0 0 0 1 0 0 0 0 0]
 [0 0 1 0 0 1 0 0 0 0]
 [0 0 1 0 0 0 0 0 0 0]
 [1 1 1 0 0 1 0 0 0 1]
 [0 0 1 1 1 1 0 0 0 0]
 [0 0 1 0 0 1 0 0 0 1]
 [0 0 0 0 1 1 0 0 0 0]
 [1 0 1 0 0 1 1 0 0 0]
 [0 1 1 1 0 1 0 0 0 0]
 [1 0 0 1 0 0 0 1 0 0]
 [0 0 1 1 0 1 1 0 1 1]
 [1 0 0 0 1 0 0 0 0 1]
 [1 0 0 0 0 0 0 1 0 0]
 [1 0 1 1 1 1 0 0 0 0]
 [0 1 0 0 0 1 0 0 0 0]
 [1 1 0 0 0 0 1 0 0 0]
 [0 1 0 0 0 0 0 0 0 0]
 [0 0 1 0 0 0 0 0 0 1]
 [0 0 0 1 1 0 1 0 0 0]
 [1 1 0 0 1 0 1 1 0 0]
 [0 0 0 1 0 0 0 0 0 1]
 [0 1 0 1 1 0 1 1 0 0]
 [0 1 0 0 1 0 0 0 0 0]
 [0 0 0 0 1 0 0 0 0 1]
 [0 1 0 1 0 0 0 0 1 1]
 [0 1 1 0 0 0 0 0 1 0]
 [0 1 0 1 0 0 0 0 1 0]
 [1 0 0 0 0 1 0 0 0 0]
 [0 0 0 0 1 1 1 0 0 1]
 [0 1 0 0 0 0 1 0 0 0]
 [0 0 1 0 0 0 1 1 1 0]
 [1 0 0 1 0 1 0 0 0 0]
 [0 1 0 0 0 0 1 0 1 0]
 [0 0 0 0 1 1 0 0 0 0]
 [0 1 0 0 1 1 1 0 1 1]
 [0 1 0 0 0 0 0 0 0 0]
 [1 0 0 1 0 0 0 0 0 1]
 [0 0 0 0 0 0 1 0 0 1]
 [0 0 0 0 0 0 0 0 1 1]
 [1 0 0 0 0 1 0 1 1 0]
 [0 0 1 0 0 0 1 1 1 0]
 [1 0 0 1 0 0 0 0 1 0]
 [0 1 1 1 1 0 0 1 1 1]
 [1 0 0 1 0 1 0 1 0 1]
 [0 0 0 0 1 0 1 1 0 0]
 [0 1 0 0 0 1 0 0 0 0]
 [1 0 0 0 0 0 0 1 1 0]
 [1 0 0 1 1 1 0 0 0 1]
 [1 1 1 0 0 0 0 0 1 0]
 [1 0 0 1 0 0 0 0 0 0]
 [0 0 1 0 0 0 0 0 0 0]
 [0 1 1 0 0 1 1 1 1 0]
 [1 0 1 0 1 0 0 0 0 1]
 [0 0 0 0 1 1 1 1 1 0]
 [0 0 0 0 0 0 0 0 0 1]
 [1 0 0 0 0 0 0 0 0 0]
 [0 1 0 0 0 0 0 0 0 0]
 [0 0 0 1 0 0 0 0 0 0]
 [0 1 0 1 1 1 0 0 0 0]
 [0 0 0 1 0 0 0 0 0 1]
 [0 0 1 1 0 0 1 1 0 0]
 [1 0 0 0 1 0 0 0 0 0]
 [1 0 1 1 1 0 0 1 0 0]
 [0 0 0 0 0 0 0 0 0 1]
 [1 1 0 1 0 0 0 0 1 0]
 [0 0 1 0 0 1 1 0 0 0]
 [0 0 1 1 0 0 0 0 1 1]
 [0 1 1 0 1 0 0 1 0 0]
 [0 1 0 0 0 0 1 0 0 1]
 [0 1 0 0 0 0 0 0 1 0]
 [0 0 0 0 0 0 0 0 0 1]
 [1 0 0 0 0 0 0 1 0 0]
 [0 1 0 1 1 0 0 1 0 0]
 [0 0 0 0 0 1 0 1 0 1]
 [0 0 1 0 0 1 1 0 1 1]
 [1 0 0 0 1 0 0 0 0 0]
 [0 1 0 0 0 0 0 0 0 0]
 [1 0 0 0 0 0 0 0 1 0]
 [1 0 0 0 1 0 0 0 0 0]
 [0 0 1 1 0 0 0 1 0 1]
 [0 0 0 1 0 0 0 0 0 1]
 [0 0 0 0 0 0 0 0 0 0]
 [1 0 0 0 0 0 0 0 0 0]
 [0 0 1 0 0 1 0 0 1 0]
 [0 1 1 1 1 0 0 0 1 0]
 [1 1 0 0 0 1 0 0 0 1]
 [0 0 0 0 0 0 0 0 1 0]]
{'restarts': 1, 'conflicts': 109, 'decisions': 185, 'propagations': 111735}
Q is identifiable
branch at 6
runtime for solving id of Q is 0.3387213099049404
Simulation results:
{'J': 100, 'K': 10, 'N': 10, 'p': 0.3, 'seed': 54, 'sim': 3, 'runtime': 0.3387213099049404, 'identifiable': 1, 'branch': 6}
4
Q: [[1 0 1 1 1 0 1 0 1 1]
 [0 0 0 0 1 0 1 0 1 0]
 [0 0 0 0 0 1 1 0 0 0]
 [1 0 1 0 0 0 0 0 1 0]
 [0 0 0 0 0 0 1 1 0 1]
 [0 0 1 0 0 0 1 1 0 0]
 [1 0 1 0 1 1 0 0 1 0]
 [0 1 0 1 0 0 0 0 0 1]
 [0 0 0 1 1 0 0 0 1 0]
 [0 0 1 0 0 1 0 1 1 0]
 [0 0 1 1 1 0 0 1 0 0]
 [1 0 0 1 0 0 0 1 1 1]
 [0 0 1 1 0 0 0 1 0 0]
 [0 0 0 0 0 1 0 0 1 0]
 [1 0 1 0 0 0 1 1 0 0]
 [1 0 0 0 1 0 0 1 0 0]
 [0 1 0 1 1 0 1 1 1 0]
 [0 0 1 0 1 0 0 0 0 0]
 [1 1 0 0 0 1 0 0 1 0]
 [1 0 0 0 1 1 1 0 0 1]
 [0 1 0 1 0 0 0 0 0 0]
 [1 1 0 1 0 0 0 0 0 0]
 [0 0 1 0 1 0 0 1 1 0]
 [1 0 0 0 0 0 1 0 0 0]
 [0 1 1 0 0 0 0 1 0 1]
 [0 0 0 0 0 1 0 1 0 0]
 [0 0 1 0 0 1 0 1 0 0]
 [0 0 0 0 0 0 1 0 0 0]
 [1 1 0 0 1 0 1 0 0 0]
 [0 0 0 0 0 0 0 0 0 0]
 [0 0 0 0 1 1 0 0 0 1]
 [0 0 0 0 1 0 0 0 1 0]
 [0 0 0 1 0 0 1 0 1 1]
 [1 0 0 0 1 1 0 0 0 1]
 [1 1 0 1 0 0 1 0 0 0]
 [1 0 0 1 1 0 0 0 0 0]
 [0 1 0 1 1 0 1 0 0 1]
 [1 0 0 1 1 0 0 0 0 0]
 [0 0 0 1 1 0 0 1 0 0]
 [0 0 0 1 0 0 0 1 0 0]
 [0 0 0 0 1 0 1 0 0 0]
 [1 0 0 0 1 0 0 0 0 0]
 [0 1 1 0 0 1 0 0 0 0]
 [0 1 0 0 0 0 1 0 1 0]
 [1 0 0 0 0 0 0 0 0 1]
 [1 0 0 1 0 0 0 1 1 1]
 [0 1 0 0 0 0 0 0 0 1]
 [1 1 0 0 0 0 0 1 0 0]
 [1 0 0 0 0 0 0 0 0 0]
 [0 0 0 0 0 0 1 0 0 0]
 [0 0 0 0 0 0 1 1 0 1]
 [1 0 1 1 0 1 0 1 0 1]
 [0 0 1 0 1 0 1 1 1 0]
 [0 0 1 0 0 0 0 0 0 0]
 [0 0 0 0 0 0 1 0 1 0]
 [0 0 1 0 0 1 0 0 1 0]
 [0 0 0 0 0 0 0 0 0 0]
 [0 1 0 0 0 0 0 0 0 0]
 [0 0 0 0 1 1 0 1 0 1]
 [0 0 0 0 1 0 0 1 1 0]
 [0 1 0 0 0 0 0 1 1 0]
 [1 0 1 0 0 1 0 0 0 0]
 [0 0 0 0 1 1 1 0 0 0]
 [0 0 0 0 0 0 0 0 0 0]
 [1 0 0 0 1 0 0 1 0 0]
 [0 1 0 0 0 0 0 0 1 1]
 [1 0 0 0 0 1 0 1 0 0]
 [1 1 0 0 1 0 1 1 1 1]
 [0 1 0 0 0 0 0 0 0 1]
 [0 1 1 1 0 0 0 0 1 0]
 [1 1 0 0 1 0 0 0 0 0]
 [0 0 1 0 0 0 0 0 0 0]
 [0 0 0 0 0 1 1 0 0 1]
 [0 0 0 0 0 0 1 0 1 0]
 [0 1 0 0 0 0 0 0 1 0]
 [0 0 1 0 0 0 0 0 0 0]
 [0 1 0 0 0 0 0 0 0 1]
 [0 0 0 0 0 1 0 0 0 0]
 [0 0 0 0 0 1 0 1 0 1]
 [0 0 0 1 0 0 0 1 0 1]
 [0 0 0 1 0 1 0 0 0 1]
 [0 0 0 1 0 0 0 1 0 0]
 [0 0 0 0 0 1 1 1 1 1]
 [0 0 0 0 0 0 0 0 0 1]
 [0 1 0 0 0 0 0 0 0 0]
 [0 0 0 0 0 1 0 0 0 0]
 [0 1 0 0 0 0 0 0 1 0]
 [0 1 0 1 0 0 1 0 0 0]
 [1 0 1 1 0 0 0 0 0 1]
 [0 0 0 0 0 0 1 0 0 0]
 [0 0 1 0 0 0 0 0 0 0]
 [0 0 0 0 0 0 0 0 1 0]
 [1 0 0 0 0 0 0 1 0 1]
 [0 0 0 0 0 0 1 0 1 0]
 [1 1 0 0 1 0 0 0 1 0]
 [0 0 0 1 1 0 0 0 0 1]
 [0 1 0 0 0 0 0 0 0 1]
 [1 1 0 0 0 0 0 1 1 0]
 [0 1 1 1 0 0 0 0 0 0]
 [0 0 1 0 0 0 0 1 0 1]]
{'restarts': 1, 'conflicts': 74, 'decisions': 165, 'propagations': 115852}
Q is identifiable
branch at 6
runtime for solving id of Q is 0.4781220139702782
Simulation results:
{'J': 100, 'K': 10, 'N': 10, 'p': 0.3, 'seed': 54, 'sim': 4, 'runtime': 0.4781220139702782, 'identifiable': 1, 'branch': 6}
5
Q: [[1 0 0 1 0 0 0 0 1 0]
 [0 0 0 1 1 0 0 0 0 0]
 [0 1 0 0 0 0 0 1 0 0]
 [1 0 1 0 1 0 1 1 0 1]
 [0 1 0 0 0 0 1 0 1 0]
 [0 0 0 0 0 0 0 1 0 0]
 [0 0 0 0 1 1 1 0 0 0]
 [0 0 0 0 1 1 0 0 1 0]
 [0 0 1 1 0 0 0 1 1 0]
 [0 1 1 0 0 1 1 0 0 0]
 [0 1 0 0 0 0 0 1 0 0]
 [1 1 0 1 1 0 0 0 0 0]
 [0 0 0 0 0 0 0 1 0 0]
 [0 0 0 0 1 1 1 0 0 1]
 [0 1 1 0 0 0 0 1 0 0]
 [0 0 1 1 0 0 1 0 1 0]
 [1 0 0 0 0 0 1 0 0 0]
 [0 1 1 0 0 1 0 0 0 1]
 [0 0 0 0 0 0 0 0 0 0]
 [0 1 0 1 0 1 0 0 0 1]
 [0 0 0 0 0 0 0 0 1 0]
 [0 1 1 0 1 0 0 0 0 0]
 [1 0 0 1 0 0 0 1 0 0]
 [0 0 0 1 1 0 1 0 0 1]
 [0 0 0 1 0 0 1 1 0 1]
 [0 0 1 1 1 1 0 0 0 0]
 [0 0 0 0 0 0 1 1 0 1]
 [0 1 0 0 1 0 0 1 1 1]
 [0 1 0 1 1 0 0 0 0 0]
 [0 1 0 0 0 1 0 0 0 0]
 [1 0 1 0 0 0 0 0 1 1]
 [1 0 0 0 0 0 1 0 0 1]
 [0 0 0 0 0 1 1 0 0 1]
 [1 1 0 0 0 0 1 0 0 0]
 [0 0 0 0 0 1 0 0 1 0]
 [0 0 0 1 0 0 1 0 1 1]
 [0 0 0 0 0 0 0 0 1 0]
 [0 1 1 0 0 0 1 1 0 0]
 [0 0 0 0 0 1 0 1 0 0]
 [0 0 0 1 1 1 1 0 0 1]
 [0 0 0 1 0 0 0 1 0 0]
 [1 1 0 0 1 0 0 0 1 0]
 [1 0 1 1 0 1 0 0 0 1]
 [0 0 0 1 0 0 0 0 0 0]
 [0 0 1 0 0 0 0 0 1 0]
 [0 0 0 0 0 1 1 0 0 0]
 [0 1 0 0 0 0 0 0 1 0]
 [1 0 0 0 0 1 1 0 0 1]
 [0 0 0 0 1 0 0 1 0 0]
 [1 0 0 1 0 1 0 0 0 0]
 [0 0 0 0 0 1 0 0 0 0]
 [0 0 0 0 0 1 0 0 0 1]
 [0 0 0 1 1 0 0 1 0 0]
 [1 0 0 0 0 0 1 1 1 0]
 [0 1 0 0 1 0 0 1 0 1]
 [1 0 0 0 0 1 1 0 1 0]
 [0 0 1 0 1 0 1 1 0 1]
 [1 0 1 0 1 0 1 0 0 0]
 [1 0 0 0 0 0 0 0 0 0]
 [1 0 0 1 0 0 1 0 1 0]
 [1 0 0 0 1 1 0 1 0 0]
 [0 1 0 0 0 1 1 0 1 1]
 [1 0 0 0 0 0 0 0 0 0]
 [0 1 1 0 0 0 0 0 0 0]
 [1 0 0 0 0 0 0 1 0 0]
 [0 1 0 0 0 1 0 0 1 0]
 [0 0 1 1 1 1 0 0 0 0]
 [0 0 0 0 0 0 0 0 0 0]
 [0 1 1 0 0 0 0 1 1 1]
 [1 0 1 0 0 1 0 0 0 1]
 [0 0 1 0 1 0 0 0 0 0]
 [0 0 0 1 0 1 0 1 1 1]
 [0 0 0 0 1 0 0 0 1 0]
 [1 0 1 1 0 0 1 1 0 0]
 [1 0 0 0 0 0 0 0 0 1]
 [0 0 1 1 0 0 1 0 0 1]
 [0 1 0 1 0 0 1 0 0 0]
 [0 1 0 1 0 0 1 1 0 0]
 [0 1 0 0 0 1 0 1 0 0]
 [0 0 0 1 1 0 0 1 0 0]
 [1 0 0 0 0 0 1 0 0 0]
 [0 1 0 1 0 0 0 0 0 0]
 [0 1 0 0 1 1 0 0 0 1]
 [0 0 1 0 0 0 0 0 1 1]
 [0 0 0 1 0 1 0 0 1 1]
 [1 0 0 0 0 0 1 0 0 1]
 [0 1 0 0 1 0 0 0 1 0]
 [0 0 0 0 0 1 0 0 0 0]
 [0 0 0 1 0 0 0 1 0 0]
 [0 0 1 0 0 1 1 1 0 0]
 [0 1 0 0 0 0 1 1 0 0]
 [0 1 0 0 0 0 0 1 1 0]
 [1 0 0 0 0 0 0 0 0 1]
 [0 1 1 0 0 0 0 1 1 1]
 [0 1 0 0 0 0 0 0 1 0]
 [0 0 0 0 1 0 0 0 1 1]
 [1 1 0 0 0 1 1 0 0 0]
 [0 0 1 0 0 0 0 0 0 1]
 [0 0 0 0 0 1 0 0 1 0]
 [0 1 1 0 1 0 1 0 0 0]]
{'restarts': 1, 'conflicts': 151, 'decisions': 361, 'propagations': 310745}
Q is identifiable
branch at 6
runtime for solving id of Q is 0.7660299009876326
Simulation results:
{'J': 100, 'K': 10, 'N': 10, 'p': 0.3, 'seed': 54, 'sim': 5, 'runtime': 0.7660299009876326, 'identifiable': 1, 'branch': 6}
6
Q: [[1 0 0 0 1 0 0 1 0 1]
 [0 0 0 0 0 0 0 0 1 0]
 [0 1 1 0 0 1 1 1 0 0]
 [1 0 0 1 0 1 0 0 0 0]
 [1 1 0 0 0 0 0 0 0 0]
 [1 0 0 0 0 0 1 1 0 0]
 [1 0 0 0 1 1 0 1 0 0]
 [0 0 0 0 1 0 1 0 0 0]
 [0 0 0 0 0 0 1 1 0 0]
 [1 0 0 1 0 0 0 1 1 0]
 [1 0 0 0 0 1 1 0 0 1]
 [0 1 0 0 1 0 1 1 1 1]
 [1 1 0 0 0 0 0 0 0 0]
 [0 1 0 0 0 0 0 0 1 0]
 [0 0 0 0 0 0 1 0 0 1]
 [1 0 0 0 0 1 0 0 1 0]
 [0 0 0 0 0 1 0 1 0 1]
 [0 0 1 0 1 0 0 0 0 0]
 [0 1 0 1 0 0 0 1 0 1]
 [0 0 1 1 0 0 0 0 1 1]
 [0 1 0 0 0 1 0 0 0 0]
 [1 0 0 0 0 1 0 0 0 0]
 [0 0 0 0 0 0 0 0 0 1]
 [0 0 1 1 1 0 0 0 0 0]
 [0 0 0 1 1 0 1 1 0 0]
 [0 0 0 0 1 0 1 0 1 0]
 [0 0 0 0 1 0 0 1 1 0]
 [1 0 0 0 0 0 1 0 0 1]
 [0 0 1 0 0 0 1 1 1 1]
 [1 0 0 0 0 0 0 0 1 0]
 [0 0 0 0 0 0 0 0 0 0]
 [0 0 0 1 0 0 0 0 0 0]
 [0 0 1 0 0 0 0 0 0 1]
 [0 0 1 0 1 0 1 1 0 0]
 [1 1 0 0 0 0 0 0 1 0]
 [1 0 0 0 0 0 0 0 0 0]
 [1 0 1 0 1 0 0 0 0 0]
 [1 1 0 0 0 0 0 0 0 1]
 [0 1 0 0 0 1 1 0 0 0]
 [1 0 0 1 1 0 1 1 1 0]
 [0 0 0 1 0 0 0 0 0 0]
 [0 0 1 0 0 1 1 0 0 1]
 [1 0 1 1 0 0 1 0 0 0]
 [0 0 0 0 0 1 1 0 0 1]
 [1 1 1 1 0 0 0 0 0 1]
 [0 1 0 1 0 1 0 0 1 0]
 [0 0 1 0 0 0 0 0 1 0]
 [1 0 0 1 0 0 1 0 1 1]
 [0 0 0 0 1 0 0 0 0 0]
 [0 1 1 0 1 0 1 1 0 0]
 [0 1 1 1 0 0 1 0 0 0]
 [0 0 0 1 0 1 0 0 0 1]
 [0 1 0 1 0 0 0 0 0 0]
 [0 0 0 0 0 0 0 0 1 1]
 [0 0 0 0 0 0 0 0 0 0]
 [1 1 0 0 0 1 1 0 1 0]
 [1 0 0 0 0 1 0 1 1 0]
 [0 0 0 1 0 0 1 0 0 1]
 [0 0 1 1 0 0 1 0 0 0]
 [0 0 1 0 0 0 1 0 1 0]
 [0 0 0 0 1 0 0 0 0 0]
 [0 0 0 1 0 1 1 0 1 0]
 [0 1 0 1 0 0 1 0 1 0]
 [1 0 0 0 0 0 0 1 0 1]
 [0 0 0 0 0 0 1 0 0 1]
 [0 0 0 0 1 0 0 0 0 0]
 [1 1 0 0 0 1 0 1 0 0]
 [0 0 0 0 0 0 0 1 1 1]
 [0 0 0 0 0 0 0 0 0 0]
 [0 1 0 0 0 1 1 1 0 1]
 [0 0 0 0 0 1 1 0 1 1]
 [0 1 0 0 1 0 0 0 1 0]
 [0 0 0 1 0 0 0 1 0 1]
 [0 0 0 1 0 0 1 0 0 0]
 [0 0 1 0 0 0 0 1 0 0]
 [1 0 0 1 0 0 0 1 0 0]
 [0 0 0 0 0 1 0 0 1 0]
 [0 0 0 0 0 0 0 0 1 0]
 [0 1 0 1 0 0 1 0 0 1]
 [0 0 0 1 0 0 0 1 0 0]
 [0 0 0 0 1 0 0 0 0 0]
 [0 1 0 0 1 0 0 0 1 1]
 [0 1 0 0 1 1 0 0 1 0]
 [0 0 0 0 0 0 1 1 0 1]
 [1 0 0 0 0 0 0 0 0 0]
 [0 0 1 0 1 0 0 0 0 1]
 [0 0 1 0 1 0 0 0 0 1]
 [0 0 1 0 0 0 0 0 0 0]
 [0 1 0 0 0 0 0 1 0 1]
 [1 0 1 0 0 1 1 0 0 0]
 [0 0 0 1 0 0 1 0 1 0]
 [1 1 0 1 0 1 1 0 0 0]
 [0 0 1 1 0 0 1 1 0 0]
 [0 0 0 0 1 1 1 0 0 0]
 [1 1 0 1 0 0 0 0 0 1]
 [1 0 0 1 0 0 1 0 0 1]
 [1 1 0 0 0 1 1 0 0 0]
 [0 0 0 0 0 0 0 1 0 0]
 [0 1 0 0 1 1 0 1 0 1]
 [0 0 1 1 1 0 0 0 0 1]]
{'restarts': 1, 'conflicts': 110, 'decisions': 225, 'propagations': 168552}
Q is identifiable
branch at 6
runtime for solving id of Q is 0.42993286601267755
Simulation results:
{'J': 100, 'K': 10, 'N': 10, 'p': 0.3, 'seed': 54, 'sim': 6, 'runtime': 0.42993286601267755, 'identifiable': 1, 'branch': 6}
7
Q: [[0 0 0 0 1 0 0 0 0 0]
 [0 0 0 1 1 0 0 1 0 0]
 [0 0 0 0 0 0 0 0 1 0]
 [0 0 0 0 0 0 1 0 0 0]
 [1 0 1 1 0 0 0 0 0 0]
 [1 0 0 0 0 0 0 0 0 0]
 [1 0 0 0 0 1 0 0 0 0]
 [0 0 0 0 0 0 0 0 0 0]
 [1 1 0 0 0 0 0 0 0 0]
 [0 1 1 1 0 1 1 0 0 1]
 [0 0 0 1 1 0 1 0 1 0]
 [0 1 1 1 0 0 0 0 0 1]
 [0 0 0 1 0 1 0 0 1 1]
 [0 0 0 0 1 0 0 1 0 1]
 [0 0 0 0 0 0 1 0 0 0]
 [0 1 1 0 0 0 0 1 1 0]
 [0 0 0 0 0 0 0 0 0 0]
 [0 1 0 0 0 1 1 0 1 0]
 [0 0 0 0 1 0 1 0 0 0]
 [0 1 0 0 0 1 0 1 0 1]
 [1 0 1 0 0 0 0 1 1 1]
 [0 1 0 1 1 0 0 0 1 1]
 [1 0 1 0 0 1 0 0 0 0]
 [1 0 0 1 0 0 0 0 1 0]
 [1 0 0 1 0 0 1 0 1 0]
 [0 0 0 0 0 0 1 0 0 0]
 [0 0 0 0 1 0 1 1 0 1]
 [0 0 0 0 1 1 0 0 0 0]
 [0 1 1 0 0 0 1 0 0 1]
 [1 1 0 0 0 0 1 0 0 0]
 [0 0 0 0 0 1 0 1 0 0]
 [0 1 1 0 0 1 1 0 0 0]
 [0 0 0 0 0 0 0 0 1 0]
 [0 0 1 0 0 1 0 1 0 0]
 [0 0 0 0 0 0 0 0 0 0]
 [0 0 0 0 1 0 0 0 1 0]
 [1 0 1 1 1 1 0 0 0 0]
 [0 0 1 0 0 0 0 0 0 1]
 [0 0 1 0 0 1 0 1 0 0]
 [0 0 0 0 1 0 0 1 0 0]
 [0 0 0 0 0 0 0 1 1 0]
 [0 0 0 0 0 1 1 0 1 0]
 [0 0 0 0 0 0 0 0 1 0]
 [0 0 0 0 0 0 0 0 1 1]
 [0 1 1 1 0 0 0 0 0 0]
 [0 0 0 0 0 1 0 1 0 0]
 [0 1 0 0 0 0 0 0 0 0]
 [0 1 0 1 0 0 0 0 0 0]
 [0 0 0 1 0 0 0 0 0 0]
 [0 0 0 0 0 0 0 0 0 0]
 [0 0 0 1 1 0 0 1 0 1]
 [1 0 1 0 0 0 0 1 1 0]
 [0 0 0 0 0 1 1 0 0 1]
 [1 1 0 0 1 1 1 0 0 0]
 [0 1 1 0 0 1 0 0 0 0]
 [0 0 0 0 0 0 0 0 0 0]
 [0 0 1 1 0 1 1 0 0 1]
 [0 0 0 0 0 0 0 1 0 0]
 [0 1 0 1 0 0 1 1 0 0]
 [1 0 0 0 0 0 0 1 0 1]
 [0 1 0 0 0 0 1 0 0 1]
 [0 0 0 0 1 1 0 0 0 0]
 [0 1 0 0 1 1 0 1 1 0]
 [0 0 0 1 0 0 0 1 0 0]
 [0 1 1 0 0 0 1 0 1 0]
 [0 0 0 0 0 0 0 1 1 0]
 [1 0 0 0 0 1 0 1 0 1]
 [0 0 0 1 0 0 1 1 0 0]
 [0 1 1 0 0 0 0 0 0 0]
 [1 0 1 0 0 0 1 1 0 0]
 [1 0 1 0 0 0 0 0 0 0]
 [1 0 0 1 0 1 0 1 0 0]
 [0 1 0 0 1 0 0 0 0 0]
 [0 1 0 0 1 0 1 0 1 0]
 [0 0 1 0 0 1 0 0 0 0]
 [0 0 0 1 0 0 0 0 0 0]
 [0 0 0 0 0 0 0 0 0 1]
 [0 0 0 0 0 0 0 0 0 0]
 [0 1 0 0 0 0 1 1 1 0]
 [1 0 0 0 0 0 0 0 1 0]
 [1 1 0 0 0 0 1 0 1 0]
 [1 0 1 0 0 0 0 0 0 1]
 [1 0 0 1 0 0 0 1 1 0]
 [0 1 0 0 0 1 0 0 0 0]
 [1 0 0 1 0 0 0 0 0 0]
 [1 1 0 0 0 0 0 1 0 0]
 [0 0 1 1 0 1 0 1 0 0]
 [0 0 0 0 0 0 1 0 0 0]
 [0 0 0 0 1 0 1 0 1 0]
 [0 0 1 0 0 1 1 1 0 0]
 [1 1 0 1 1 0 0 0 0 0]
 [0 0 1 1 1 0 0 0 1 0]
 [0 0 0 0 0 0 1 0 0 0]
 [1 0 1 0 0 1 1 0 0 1]
 [1 1 1 0 1 1 1 0 0 1]
 [0 1 0 1 0 0 0 0 0 0]
 [1 0 0 0 0 0 0 0 0 1]
 [0 0 0 0 0 1 0 1 0 0]
 [0 0 0 0 0 1 0 0 0 0]
 [1 1 0 1 0 0 0 1 0 0]]
{'restarts': 1, 'conflicts': 17, 'decisions': 60, 'propagations': 27525}
Q is identifiable
branch at 6
runtime for solving id of Q is 0.20866655895952135
Simulation results:
{'J': 100, 'K': 10, 'N': 10, 'p': 0.3, 'seed': 54, 'sim': 7, 'runtime': 0.20866655895952135, 'identifiable': 1, 'branch': 6}
8
Q: [[0 0 1 1 1 0 0 1 0 0]
 [0 0 0 0 0 0 1 1 1 0]
 [0 0 0 0 0 1 1 0 0 0]
 [0 0 1 0 1 0 0 0 1 0]
 [0 0 0 1 0 0 0 0 0 0]
 [0 1 0 1 0 1 1 0 0 1]
 [0 0 1 0 1 0 0 0 0 1]
 [1 0 0 1 0 0 0 0 0 0]
 [0 0 0 1 1 0 0 0 0 0]
 [0 0 0 1 1 1 1 1 0 0]
 [0 0 0 0 0 1 1 0 0 1]
 [0 0 0 0 1 0 0 0 0 0]
 [0 0 0 1 0 0 0 0 0 0]
 [0 0 0 0 0 0 0 0 0 0]
 [0 0 1 0 0 0 1 1 0 0]
 [1 0 0 0 1 0 0 0 1 0]
 [0 0 0 0 1 0 1 1 1 0]
 [0 0 1 0 0 0 1 0 0 0]
 [0 0 0 0 0 1 1 1 0 1]
 [1 0 1 0 0 1 0 0 1 0]
 [0 1 0 0 0 0 1 1 0 1]
 [0 1 0 0 0 1 1 1 0 1]
 [0 1 1 1 0 0 0 0 0 0]
 [0 1 0 0 1 0 0 0 0 1]
 [0 0 1 0 0 1 0 0 0 0]
 [0 0 0 0 0 0 1 1 0 1]
 [0 1 0 1 1 0 0 1 0 0]
 [1 0 0 0 1 1 1 0 1 0]
 [0 0 0 1 0 0 0 0 0 0]
 [0 0 0 0 0 0 0 0 0 0]
 [0 0 1 1 0 0 0 0 0 0]
 [0 0 0 1 0 0 0 0 0 1]
 [0 0 0 0 0 0 1 0 1 0]
 [1 0 1 0 0 1 1 1 0 0]
 [1 1 0 0 1 1 0 0 1 1]
 [1 0 0 1 1 1 0 1 0 1]
 [0 0 1 0 1 0 0 1 0 0]
 [0 1 0 0 1 0 0 0 0 0]
 [1 1 0 0 1 1 1 1 1 0]
 [1 0 0 0 0 0 1 1 0 0]
 [0 0 0 1 0 0 0 0 0 1]
 [0 1 1 0 0 0 0 0 0 1]
 [0 1 0 0 0 0 0 0 0 0]
 [0 1 1 1 0 0 0 1 0 1]
 [0 0 0 0 0 1 0 0 0 0]
 [0 0 0 0 0 0 0 0 0 1]
 [0 1 1 1 1 0 1 0 0 1]
 [1 0 0 1 1 1 0 1 0 0]
 [0 1 0 1 1 1 0 0 0 1]
 [0 0 1 1 1 1 1 0 0 0]
 [1 0 1 0 1 1 0 0 0 1]
 [0 0 0 1 0 0 0 0 1 0]
 [1 0 1 1 0 0 1 0 0 0]
 [0 0 1 1 0 0 1 1 1 0]
 [0 1 1 0 1 0 1 0 0 1]
 [0 0 0 0 0 0 0 1 0 0]
 [0 0 0 1 0 0 0 0 0 0]
 [0 0 1 0 0 0 1 1 1 0]
 [0 0 0 0 1 0 0 0 0 0]
 [0 1 1 1 0 1 1 0 1 1]
 [0 0 1 0 0 0 0 1 1 1]
 [1 0 1 1 0 0 0 1 0 0]
 [0 0 0 0 0 0 0 1 0 1]
 [0 0 1 0 0 0 0 0 1 0]
 [0 0 0 0 0 1 1 0 0 1]
 [1 0 0 0 1 0 0 0 1 0]
 [0 0 0 0 0 0 0 0 0 0]
 [0 0 0 0 0 0 1 0 0 0]
 [0 1 0 1 0 0 1 0 0 0]
 [0 0 1 0 0 0 0 1 0 0]
 [1 0 0 0 0 0 1 0 0 0]
 [0 0 0 1 0 1 0 0 1 0]
 [0 0 0 0 0 0 0 0 0 1]
 [0 0 0 0 0 0 0 0 0 0]
 [0 1 0 1 1 0 1 1 0 0]
 [0 0 0 0 0 1 0 1 0 0]
 [1 0 0 1 1 0 1 0 0 0]
 [0 1 1 0 0 0 1 0 0 0]
 [0 0 1 0 0 0 0 1 0 0]
 [1 1 0 0 1 0 1 0 0 1]
 [0 0 0 1 0 1 1 0 0 1]
 [0 1 1 1 0 0 1 1 1 1]
 [0 0 0 0 0 1 0 1 0 0]
 [0 0 1 1 1 0 0 0 1 0]
 [0 0 1 0 0 0 0 1 0 1]
 [1 0 0 0 0 0 1 0 0 0]
 [0 0 1 0 0 0 0 0 0 0]
 [0 1 0 1 0 0 0 0 0 0]
 [0 0 1 0 0 1 1 1 0 1]
 [0 0 0 0 1 0 0 0 1 0]
 [0 0 1 0 1 0 0 1 0 1]
 [0 0 1 0 1 0 0 0 1 0]
 [0 0 0 1 1 0 1 0 0 0]
 [0 0 0 0 0 1 0 0 1 0]
 [0 0 1 0 0 0 0 0 0 0]
 [0 0 0 1 1 1 1 0 0 0]
 [0 1 0 0 0 0 1 0 1 1]
 [0 1 0 1 0 0 0 0 1 0]
 [1 0 0 0 0 0 0 0 0 1]
 [1 0 1 0 0 0 0 1 0 1]]
{'restarts': 1, 'conflicts': 76, 'decisions': 156, 'propagations': 65149}
Q is identifiable
branch at 6
runtime for solving id of Q is 0.2438882519491017
Simulation results:
{'J': 100, 'K': 10, 'N': 10, 'p': 0.3, 'seed': 54, 'sim': 8, 'runtime': 0.2438882519491017, 'identifiable': 1, 'branch': 6}
9
Q: [[1 0 1 0 1 0 1 1 0 0]
 [0 1 0 0 0 0 1 1 1 1]
 [1 1 0 0 0 0 0 0 0 1]
 [0 0 0 1 1 1 1 1 0 0]
 [0 1 0 0 0 0 0 0 1 1]
 [0 0 0 0 0 1 1 1 0 0]
 [0 1 0 0 0 1 0 0 0 1]
 [0 0 1 1 0 1 0 0 1 0]
 [0 0 0 0 1 0 0 0 0 0]
 [0 0 0 1 0 0 0 0 0 0]
 [0 0 0 1 0 0 1 0 0 0]
 [1 0 0 1 0 1 1 0 0 1]
 [0 1 0 0 0 0 1 0 1 0]
 [0 0 0 0 0 0 1 0 0 1]
 [1 1 0 0 1 0 0 1 1 0]
 [1 0 1 0 0 0 0 1 0 0]
 [0 0 0 0 0 0 0 1 1 0]
 [0 1 0 0 0 0 1 0 0 0]
 [1 0 0 1 0 0 0 0 0 0]
 [0 0 1 0 0 0 0 0 0 0]
 [0 1 0 0 0 0 0 0 0 1]
 [0 0 0 1 1 0 0 0 1 1]
 [0 0 0 0 0 0 0 0 0 0]
 [0 0 0 1 1 0 1 1 0 0]
 [0 0 0 0 1 0 1 0 0 0]
 [0 0 1 1 0 0 0 0 0 1]
 [0 0 0 0 0 0 0 1 0 0]
 [0 0 1 1 0 0 0 1 0 0]
 [0 0 1 0 0 1 0 0 0 0]
 [0 0 0 0 0 1 1 0 1 0]
 [1 1 0 1 0 0 0 0 0 1]
 [1 1 0 0 0 0 1 1 0 0]
 [1 0 1 0 1 1 1 0 0 0]
 [1 0 0 0 0 0 0 0 1 0]
 [1 0 0 0 1 1 0 1 0 0]
 [0 0 0 0 1 0 1 0 0 1]
 [1 0 1 0 0 0 0 0 0 0]
 [0 1 0 0 1 0 1 0 0 1]
 [0 1 0 0 0 0 1 0 0 0]
 [1 0 0 0 0 0 1 1 0 0]
 [1 1 1 0 0 0 0 0 0 0]
 [0 0 0 0 0 0 0 0 0 0]
 [0 0 1 0 0 0 0 1 0 0]
 [1 0 0 0 0 0 1 1 0 0]
 [0 0 0 0 0 1 0 1 0 0]
 [0 0 0 0 0 1 0 1 0 0]
 [0 1 0 0 0 0 0 1 0 1]
 [0 0 0 1 0 0 0 0 1 0]
 [1 0 1 0 0 1 1 1 1 0]
 [0 0 0 0 1 0 0 0 1 1]
 [0 0 1 0 1 0 0 0 1 0]
 [0 1 0 0 1 0 0 0 0 0]
 [1 1 0 0 1 0 0 0 1 0]
 [0 0 0 0 0 0 0 1 0 1]
 [0 1 0 0 0 0 0 1 0 1]
 [0 0 0 0 0 0 0 0 0 0]
 [0 0 0 0 0 0 0 0 0 0]
 [1 0 0 0 0 0 0 0 0 0]
 [1 0 0 1 1 0 0 0 0 0]
 [0 1 0 0 0 0 0 1 1 0]
 [1 0 0 0 0 0 0 0 1 1]
 [0 0 0 0 0 0 0 1 1 0]
 [0 0 1 0 1 0 0 1 0 0]
 [1 1 0 1 1 0 0 1 1 0]
 [0 0 1 0 0 1 0 1 0 1]
 [0 0 1 0 0 0 1 1 0 0]
 [0 0 1 0 0 1 0 0 0 0]
 [1 0 0 1 0 0 0 0 0 0]
 [0 0 0 0 0 0 0 1 0 0]
 [0 0 1 0 0 1 0 1 0 0]
 [0 0 0 1 0 0 0 1 1 0]
 [0 0 0 1 0 0 0 0 0 0]
 [0 1 1 0 0 0 0 1 1 1]
 [0 0 0 0 0 0 1 0 0 0]
 [1 1 0 1 1 0 1 0 0 1]
 [1 1 1 0 0 0 1 0 0 0]
 [0 1 0 0 1 0 0 0 0 1]
 [0 1 1 0 0 1 0 0 1 1]
 [0 1 1 0 0 0 1 0 0 0]
 [1 0 0 1 0 0 0 0 0 1]
 [0 0 1 0 0 1 0 0 1 1]
 [0 0 1 0 0 1 1 0 1 1]
 [0 1 0 0 0 1 0 0 0 0]
 [1 1 0 0 0 0 0 0 0 0]
 [0 0 0 0 0 0 1 0 0 1]
 [0 0 1 0 0 0 0 0 1 1]
 [1 0 0 0 0 0 0 1 1 0]
 [1 1 0 0 0 0 1 0 0 1]
 [0 0 0 0 1 0 1 1 0 0]
 [0 1 0 0 1 0 0 0 0 1]
 [0 0 0 0 0 0 0 0 1 1]
 [0 1 1 0 0 1 1 0 0 0]
 [0 1 1 0 0 0 1 0 1 1]
 [0 1 0 0 0 0 1 0 1 0]
 [0 1 0 0 0 1 1 1 0 1]
 [0 1 0 0 0 0 0 1 1 0]
 [0 0 0 0 1 1 0 1 0 0]
 [0 0 0 1 0 0 0 0 1 1]
 [0 1 0 0 0 0 0 0 0 1]
 [0 0 0 1 1 0 1 0 1 0]]
{'restarts': 2, 'conflicts': 233, 'decisions': 564, 'propagations': 373929}
Q is identifiable
branch at 6
runtime for solving id of Q is 0.45319731801282614
Simulation results:
{'J': 100, 'K': 10, 'N': 10, 'p': 0.3, 'seed': 54, 'sim': 9, 'runtime': 0.45319731801282614, 'identifiable': 1, 'branch': 6}
Simulation results:
[{'J': 100, 'K': 10, 'N': 10, 'p': 0.3, 'seed': 54, 'sim': 0, 'runtime': 0.2503389990888536, 'identifiable': 1, 'branch': 6}, {'J': 100, 'K': 10, 'N': 10, 'p': 0.3, 'seed': 54, 'sim': 1, 'runtime': 0.6547579009784386, 'identifiable': 1, 'branch': 6}, {'J': 100, 'K': 10, 'N': 10, 'p': 0.3, 'seed': 54, 'sim': 2, 'runtime': 0.22541536495555192, 'identifiable': 1, 'branch': 6}, {'J': 100, 'K': 10, 'N': 10, 'p': 0.3, 'seed': 54, 'sim': 3, 'runtime': 0.3387213099049404, 'identifiable': 1, 'branch': 6}, {'J': 100, 'K': 10, 'N': 10, 'p': 0.3, 'seed': 54, 'sim': 4, 'runtime': 0.4781220139702782, 'identifiable': 1, 'branch': 6}, {'J': 100, 'K': 10, 'N': 10, 'p': 0.3, 'seed': 54, 'sim': 5, 'runtime': 0.7660299009876326, 'identifiable': 1, 'branch': 6}, {'J': 100, 'K': 10, 'N': 10, 'p': 0.3, 'seed': 54, 'sim': 6, 'runtime': 0.42993286601267755, 'identifiable': 1, 'branch': 6}, {'J': 100, 'K': 10, 'N': 10, 'p': 0.3, 'seed': 54, 'sim': 7, 'runtime': 0.20866655895952135, 'identifiable': 1, 'branch': 6}, {'J': 100, 'K': 10, 'N': 10, 'p': 0.3, 'seed': 54, 'sim': 8, 'runtime': 0.2438882519491017, 'identifiable': 1, 'branch': 6}, {'J': 100, 'K': 10, 'N': 10, 'p': 0.3, 'seed': 54, 'sim': 9, 'runtime': 0.45319731801282614, 'identifiable': 1, 'branch': 6}]
