
The Gurobi software has a limited number of licenses. To request a license or
licenses, add this line

    #SBATCH --licenses=gurobi@slurmdb:1

to your SBATCH script, replacing N with the number of licenses you need. Gurobi
will need one license per process.


0
Q: [[1 0 1 1 1 1 0 1 1 1]
 [0 0 1 0 1 1 1 0 1 1]
 [1 0 1 0 0 1 0 1 0 1]
 [0 1 0 0 0 0 1 1 1 0]
 [0 1 0 0 1 1 0 1 1 0]
 [0 1 0 0 0 0 1 0 1 1]
 [0 1 0 0 0 1 0 0 1 1]
 [0 0 0 0 0 0 0 1 0 1]
 [1 1 0 0 1 0 0 0 0 0]
 [1 1 1 1 1 0 1 1 1 1]
 [0 0 0 0 1 1 1 1 0 0]
 [0 0 1 1 1 0 0 0 1 0]
 [1 0 0 1 1 1 1 1 0 0]
 [0 1 1 0 1 1 1 0 1 0]
 [0 0 0 1 0 1 0 1 0 1]
 [1 1 1 0 0 0 0 1 1 0]
 [0 1 1 1 0 0 0 0 1 1]
 [0 1 0 0 0 0 1 1 1 0]
 [0 1 1 1 0 0 0 1 1 0]
 [0 1 0 0 0 1 0 0 1 0]
 [0 1 0 1 0 0 1 1 1 1]
 [1 1 0 1 0 0 0 0 1 0]
 [0 1 0 0 1 1 1 1 1 1]
 [0 1 0 1 1 1 1 1 0 0]
 [1 1 0 1 1 1 1 1 0 1]
 [1 0 0 1 1 0 1 0 0 0]
 [1 1 1 1 0 0 0 1 1 0]
 [0 0 0 1 0 1 1 0 0 0]
 [1 1 0 1 1 1 0 0 1 1]
 [1 1 1 1 0 0 0 1 0 1]
 [0 0 0 0 0 1 0 0 1 1]
 [0 1 1 0 0 0 1 0 0 0]
 [0 0 1 1 0 0 0 0 0 1]
 [1 0 1 0 1 1 1 0 1 1]
 [1 0 0 1 0 0 0 0 0 0]
 [0 1 1 1 1 1 0 0 1 1]
 [1 1 1 0 1 1 1 1 1 0]
 [1 1 1 1 0 0 0 0 0 0]
 [0 0 1 1 0 0 0 1 0 0]
 [1 1 1 1 0 1 1 0 1 1]
 [1 0 1 1 1 1 1 1 1 0]
 [0 1 0 0 0 1 1 0 0 1]
 [0 1 0 0 1 1 1 1 0 0]
 [1 1 1 1 1 0 0 0 0 0]
 [1 0 0 0 0 0 0 1 1 0]
 [1 1 0 1 1 0 0 1 1 1]
 [1 1 0 1 0 1 1 0 0 0]
 [0 1 0 0 1 0 0 0 0 1]
 [0 0 0 1 1 1 0 0 1 1]
 [1 0 0 0 0 1 0 0 0 0]
 [0 0 1 0 1 0 0 0 0 0]
 [0 0 0 1 1 1 0 0 0 1]
 [1 0 0 0 1 1 0 1 1 0]
 [0 0 0 1 0 1 1 0 0 1]
 [1 0 0 0 1 0 1 0 1 1]
 [0 0 1 1 1 0 1 1 0 0]
 [1 0 1 1 1 0 0 1 0 1]
 [1 0 0 0 1 1 0 0 1 1]
 [1 1 1 0 1 0 1 0 0 1]
 [1 1 0 0 0 0 1 0 0 1]
 [0 1 1 0 1 1 0 1 1 0]
 [0 0 0 0 1 1 1 1 1 1]
 [1 0 1 0 0 0 1 0 1 1]
 [1 0 1 1 1 1 1 0 1 1]
 [0 0 1 1 1 0 1 1 1 0]
 [0 1 1 0 1 1 1 0 0 1]
 [0 0 0 0 1 0 1 1 1 0]
 [1 1 0 1 1 0 0 0 1 0]
 [1 0 0 0 0 0 1 0 1 1]
 [1 0 0 0 0 0 1 1 1 0]
 [1 0 1 0 0 1 1 0 0 0]
 [1 1 1 1 0 0 0 1 1 0]
 [0 1 0 0 1 1 1 0 1 0]
 [0 1 1 0 1 0 0 0 1 1]
 [0 0 0 0 1 1 1 1 0 1]
 [0 0 1 1 1 1 0 1 1 0]
 [0 0 1 0 0 1 1 1 1 0]
 [1 1 0 1 1 1 1 0 1 0]
 [1 0 0 1 0 0 1 1 0 0]
 [1 0 0 1 0 1 1 0 0 1]
 [0 0 0 0 1 0 1 1 1 0]
 [0 0 1 0 1 1 1 0 1 0]
 [1 1 0 1 0 1 1 1 0 0]
 [1 1 1 1 0 1 0 0 1 0]
 [0 1 0 1 0 0 1 1 1 0]
 [0 0 1 0 1 1 0 1 0 1]
 [0 1 0 0 1 0 0 1 1 0]
 [1 0 0 1 0 0 1 1 1 1]
 [0 0 1 1 0 0 0 1 0 1]
 [1 1 1 1 1 0 0 1 1 0]
 [1 1 0 0 0 0 1 1 1 1]
 [1 1 0 1 0 1 1 1 1 0]
 [1 1 1 0 1 1 0 1 0 0]
 [1 0 1 1 0 0 0 1 0 1]
 [0 1 1 1 0 0 1 0 1 0]
 [1 0 0 1 1 0 1 1 1 0]
 [0 0 0 1 0 0 1 1 1 0]
 [1 0 0 1 1 1 1 1 0 1]
 [0 1 1 1 0 1 0 1 1 1]
 [1 0 0 1 0 0 0 1 0 1]]
{'restarts': 2, 'conflicts': 370, 'decisions': 974, 'propagations': 631119}
Q is identifiable
branch at 6
runtime for solving id of Q is 0.7624531686306
Simulation results:
{'J': 100, 'K': 10, 'N': 10, 'p': 0.5, 'seed': 32, 'sim': 0, 'runtime': 0.7624531686306, 'identifiable': 1, 'branch': 6}
1
Q: [[1 1 1 0 1 1 1 0 1 1]
 [0 0 1 1 0 0 0 0 0 0]
 [0 0 1 0 1 1 0 1 1 1]
 [1 1 1 1 1 0 1 0 0 0]
 [0 0 0 1 1 0 1 0 1 1]
 [1 1 0 1 0 1 0 1 0 1]
 [1 0 0 0 0 0 1 1 0 1]
 [0 1 0 1 1 0 1 0 1 1]
 [0 0 1 1 0 0 1 0 1 1]
 [1 0 1 0 0 0 1 0 0 1]
 [0 1 0 0 0 1 0 1 0 0]
 [0 0 0 1 1 1 1 1 0 0]
 [0 0 0 1 0 0 0 0 0 1]
 [1 1 1 0 0 0 0 1 0 0]
 [0 1 1 0 0 0 0 1 1 0]
 [0 0 1 0 1 1 0 0 1 1]
 [1 0 0 1 1 0 0 1 1 0]
 [0 1 0 0 1 1 0 0 1 1]
 [0 1 0 1 0 0 0 0 1 0]
 [0 0 1 1 1 0 1 0 0 1]
 [0 0 0 1 1 1 1 0 0 1]
 [1 1 0 0 1 0 0 1 0 1]
 [0 1 1 1 1 0 1 1 1 1]
 [1 0 1 1 1 1 1 0 1 0]
 [1 0 1 0 0 1 0 1 0 1]
 [1 0 1 1 0 1 1 1 1 0]
 [1 0 0 0 1 0 1 1 0 0]
 [0 1 0 1 0 0 1 0 1 1]
 [0 0 1 1 1 0 1 1 0 0]
 [0 1 0 1 0 1 1 0 1 1]
 [1 1 1 1 1 0 0 0 0 1]
 [1 1 0 1 1 0 0 0 1 0]
 [1 1 1 0 0 0 0 0 0 0]
 [0 1 0 1 0 0 1 0 1 0]
 [0 1 0 1 0 1 0 0 1 1]
 [0 1 1 1 0 0 1 1 1 1]
 [1 0 0 1 0 0 0 1 1 0]
 [1 0 0 1 0 1 1 0 1 1]
 [1 1 0 0 0 0 1 1 0 0]
 [0 1 0 1 1 1 0 1 0 0]
 [1 1 0 1 1 0 0 0 1 1]
 [0 0 1 0 1 0 0 1 1 0]
 [1 1 0 0 1 1 0 0 1 0]
 [0 1 0 0 0 0 0 1 0 0]
 [1 1 1 1 1 1 0 0 1 1]
 [1 0 0 1 0 1 1 0 0 1]
 [1 1 0 0 1 1 1 0 1 1]
 [1 0 0 0 1 0 1 0 0 0]
 [1 0 1 0 0 0 0 0 1 1]
 [0 0 0 1 1 0 0 0 0 1]
 [1 0 0 1 0 1 0 0 0 1]
 [1 0 1 1 1 1 1 1 1 0]
 [0 0 0 1 0 0 0 1 1 0]
 [0 0 0 0 0 0 0 1 0 1]
 [1 1 1 0 0 0 1 1 1 1]
 [1 1 1 0 1 1 0 1 0 0]
 [1 0 0 1 1 1 1 1 0 0]
 [1 1 1 1 1 1 1 1 1 1]
 [0 1 0 1 0 0 0 1 1 1]
 [0 1 0 0 1 1 0 1 0 0]
 [0 1 0 1 0 0 0 0 0 1]
 [1 0 1 0 1 0 0 0 1 0]
 [0 1 0 1 1 0 1 0 1 1]
 [0 1 0 1 0 0 1 0 1 1]
 [0 0 1 1 0 0 1 0 1 0]
 [0 1 1 0 1 0 1 0 1 1]
 [1 1 1 0 0 0 1 0 0 1]
 [0 1 1 1 1 1 1 0 1 0]
 [0 0 0 1 0 0 1 1 1 0]
 [0 0 0 0 0 0 1 1 0 1]
 [1 0 0 0 1 1 1 0 0 1]
 [1 1 1 1 1 1 0 0 0 0]
 [1 0 0 1 0 1 0 1 1 0]
 [0 1 0 1 0 0 1 1 0 1]
 [1 1 1 0 0 0 0 1 1 0]
 [1 0 0 1 0 0 1 1 0 0]
 [1 1 1 0 1 0 1 1 0 0]
 [1 1 1 0 1 1 0 0 0 0]
 [1 1 1 0 0 0 0 0 0 0]
 [1 0 0 0 0 0 0 0 1 1]
 [1 0 1 0 1 0 1 0 0 1]
 [1 1 0 0 1 1 0 1 0 1]
 [1 0 0 1 0 0 1 0 0 0]
 [1 0 0 0 0 0 1 0 1 1]
 [0 1 1 0 1 0 0 0 1 1]
 [0 1 1 1 0 0 0 0 1 0]
 [1 0 1 0 0 0 0 1 0 1]
 [1 0 0 1 1 1 0 1 0 1]
 [0 1 1 1 0 1 1 1 0 0]
 [0 1 0 1 1 0 0 1 0 0]
 [0 1 0 1 0 1 0 0 0 0]
 [1 0 1 0 0 1 1 0 1 0]
 [1 1 0 0 0 0 1 0 0 1]
 [1 1 0 0 0 0 0 1 0 1]
 [1 0 1 0 1 0 1 0 0 0]
 [0 1 0 1 0 1 0 1 1 1]
 [0 0 1 1 1 1 0 1 1 0]
 [1 1 1 1 0 1 1 1 0 1]
 [0 1 0 1 0 1 1 0 0 0]
 [0 0 1 1 0 1 0 0 1 1]]
{'restarts': 2, 'conflicts': 462, 'decisions': 1291, 'propagations': 652948}
Q is identifiable
branch at 6
runtime for solving id of Q is 0.8447316605597734
Simulation results:
{'J': 100, 'K': 10, 'N': 10, 'p': 0.5, 'seed': 32, 'sim': 1, 'runtime': 0.8447316605597734, 'identifiable': 1, 'branch': 6}
2
Q: [[0 0 0 0 1 0 0 1 0 0]
 [0 0 0 1 1 0 0 0 0 0]
 [0 0 0 0 0 0 0 1 1 0]
 [1 1 1 1 0 1 0 0 0 0]
 [0 1 0 0 1 0 1 1 0 0]
 [1 1 0 1 0 1 0 0 1 1]
 [1 0 0 0 0 1 0 1 1 0]
 [1 0 1 0 0 0 1 1 0 1]
 [0 1 0 1 1 0 1 1 0 0]
 [1 1 0 1 0 1 0 1 0 0]
 [0 0 1 0 0 1 1 1 1 0]
 [0 0 0 0 0 1 1 0 1 1]
 [1 1 1 1 1 1 1 0 1 0]
 [1 0 1 1 0 0 0 0 0 1]
 [0 0 0 1 0 1 1 0 0 0]
 [1 1 1 1 1 1 1 0 1 0]
 [1 1 0 1 1 0 0 1 0 1]
 [1 0 1 1 1 1 1 1 1 1]
 [0 1 0 1 0 1 1 1 1 1]
 [1 1 1 0 1 1 1 0 1 0]
 [0 0 1 0 1 1 1 0 1 0]
 [0 1 1 0 1 1 1 1 1 1]
 [0 1 0 1 0 1 0 0 0 0]
 [0 0 1 1 0 0 0 0 0 0]
 [0 0 1 1 0 0 0 1 1 0]
 [0 0 0 1 0 1 1 0 1 1]
 [0 1 1 0 0 0 1 1 1 1]
 [1 0 1 0 0 0 1 0 0 1]
 [0 0 1 0 1 1 1 1 1 0]
 [1 0 0 0 0 0 0 0 0 1]
 [0 1 0 0 1 1 1 1 1 0]
 [0 0 1 1 1 0 0 0 0 1]
 [0 0 0 0 0 1 0 0 0 0]
 [1 0 1 0 1 0 0 0 1 0]
 [1 1 0 1 0 1 1 0 0 1]
 [0 0 1 0 0 0 0 0 1 0]
 [1 1 0 1 1 1 0 0 1 0]
 [1 0 1 1 1 0 1 1 0 0]
 [1 1 1 0 0 0 0 1 0 0]
 [1 0 0 0 0 0 0 1 1 0]
 [1 1 1 0 1 1 1 1 1 1]
 [1 1 1 1 0 0 0 0 1 1]
 [1 1 1 0 1 0 1 1 0 1]
 [0 1 1 0 1 1 0 1 1 0]
 [0 1 0 1 1 1 0 1 0 0]
 [1 0 1 1 0 0 1 1 1 1]
 [1 0 1 0 1 1 0 1 1 1]
 [0 1 0 1 0 0 0 0 0 0]
 [1 0 1 1 1 1 0 1 0 0]
 [1 0 1 0 0 0 1 0 0 0]
 [1 0 0 1 0 0 1 1 1 1]
 [0 1 1 1 0 1 0 0 0 1]
 [1 0 0 0 0 0 1 0 0 0]
 [0 0 1 1 0 1 0 0 0 0]
 [1 0 0 0 1 0 1 1 0 0]
 [1 1 0 0 0 0 0 0 0 1]
 [0 0 0 0 1 1 0 1 1 1]
 [1 0 0 1 1 0 0 0 1 1]
 [1 0 1 1 1 0 1 0 0 1]
 [1 0 1 0 1 0 1 1 1 1]
 [1 0 1 0 0 0 1 1 1 1]
 [1 0 1 1 1 1 1 0 1 0]
 [1 0 1 0 1 1 1 0 0 1]
 [0 0 1 1 0 0 1 1 1 0]
 [1 0 1 0 1 1 0 0 0 1]
 [0 0 1 0 0 0 1 1 1 0]
 [1 1 1 0 1 1 1 1 0 1]
 [1 0 1 0 0 0 0 0 1 0]
 [0 0 1 0 0 1 1 1 1 1]
 [0 0 1 0 1 0 0 0 1 1]
 [1 1 1 1 0 0 1 1 0 1]
 [0 0 0 0 0 0 0 0 1 0]
 [0 0 1 0 1 1 1 1 1 0]
 [1 1 1 1 0 1 1 1 0 0]
 [1 1 0 1 0 1 1 0 1 1]
 [1 0 0 1 1 1 1 0 0 1]
 [1 1 0 1 0 0 1 0 0 1]
 [1 0 0 1 0 1 1 0 1 1]
 [1 1 1 1 0 1 1 0 1 1]
 [0 0 1 0 1 1 1 1 0 1]
 [1 1 1 1 0 0 1 1 1 1]
 [0 0 0 1 1 0 0 0 0 1]
 [1 1 1 0 0 1 1 1 1 1]
 [1 0 0 1 0 0 0 0 1 0]
 [0 0 1 0 0 0 1 1 0 0]
 [0 0 1 0 1 1 1 0 0 1]
 [1 0 0 0 0 0 1 0 1 0]
 [0 1 1 1 1 0 0 1 0 0]
 [0 0 1 0 1 0 1 0 0 0]
 [0 0 0 0 1 0 1 0 0 0]
 [1 0 1 0 1 0 0 0 1 0]
 [1 1 0 0 0 1 0 1 1 1]
 [0 0 0 1 0 0 0 1 0 1]
 [1 1 0 1 0 0 0 1 1 0]
 [0 0 1 0 1 1 0 1 1 0]
 [1 1 1 1 0 0 1 1 1 1]
 [0 0 0 1 1 0 1 1 1 0]
 [1 1 0 1 1 1 0 0 1 1]
 [0 0 1 0 0 0 0 0 0 0]
 [0 0 0 0 0 0 1 0 1 0]]
{'restarts': 1, 'conflicts': 116, 'decisions': 320, 'propagations': 156024}
Q is identifiable
branch at 6
runtime for solving id of Q is 0.49482950288802385
Simulation results:
{'J': 100, 'K': 10, 'N': 10, 'p': 0.5, 'seed': 32, 'sim': 2, 'runtime': 0.49482950288802385, 'identifiable': 1, 'branch': 6}
3
Q: [[0 1 1 0 0 0 0 1 1 0]
 [0 1 0 1 0 0 1 1 1 1]
 [1 0 1 1 1 0 1 0 0 0]
 [1 0 0 0 0 1 1 1 0 0]
 [0 1 0 1 1 0 0 0 0 1]
 [1 0 0 0 1 0 1 0 1 0]
 [1 0 0 0 1 0 1 1 1 0]
 [1 1 0 0 1 1 1 0 1 1]
 [1 0 0 1 1 0 0 1 1 0]
 [0 1 0 0 0 0 1 0 0 0]
 [1 1 0 0 0 1 1 1 0 0]
 [0 0 1 1 1 0 1 1 0 0]
 [1 1 0 0 0 1 0 0 0 1]
 [1 1 1 1 0 1 0 0 1 1]
 [0 1 1 1 0 0 1 0 1 1]
 [0 0 0 0 1 1 1 0 0 1]
 [0 0 1 1 0 1 1 0 0 1]
 [1 1 0 1 0 0 1 0 0 0]
 [0 0 1 0 1 1 1 1 1 1]
 [0 1 0 0 0 0 0 0 1 0]
 [1 1 1 1 0 1 1 1 0 1]
 [1 0 1 0 1 1 1 0 0 1]
 [0 1 0 0 0 0 1 1 0 0]
 [0 0 1 1 0 0 0 1 0 1]
 [1 1 1 0 0 0 1 0 0 0]
 [1 0 1 1 0 1 0 0 0 0]
 [1 0 1 1 1 0 0 0 1 0]
 [1 1 0 0 0 1 1 0 1 0]
 [0 0 1 1 1 1 0 0 1 1]
 [0 1 1 1 1 0 0 0 0 1]
 [1 0 1 0 0 0 0 1 0 0]
 [1 0 1 0 0 0 0 1 0 0]
 [0 1 0 1 1 1 0 0 0 1]
 [0 0 1 1 0 1 1 1 1 1]
 [1 0 1 0 1 0 1 1 0 1]
 [0 0 0 1 1 0 1 1 0 0]
 [1 1 1 0 0 1 0 1 0 1]
 [0 0 0 1 0 1 1 1 0 0]
 [1 1 1 1 0 1 0 1 1 1]
 [0 1 0 0 0 1 0 1 0 1]
 [0 1 1 1 1 1 0 0 1 0]
 [0 0 1 1 1 1 1 1 0 0]
 [0 0 0 1 1 0 1 1 1 0]
 [1 0 1 1 1 1 0 0 0 0]
 [0 0 1 0 0 1 1 0 1 0]
 [1 0 0 1 1 1 1 1 0 0]
 [0 1 1 1 0 1 1 1 1 1]
 [0 1 0 1 1 1 0 1 1 0]
 [0 1 1 0 0 1 0 0 1 1]
 [0 0 1 0 0 0 1 1 1 1]
 [0 0 0 1 0 1 0 1 1 0]
 [1 1 0 1 1 0 0 1 1 1]
 [0 0 0 1 1 0 1 1 1 1]
 [1 1 1 0 1 0 0 1 0 1]
 [1 1 0 0 0 0 1 0 1 0]
 [1 0 1 0 0 0 0 1 0 0]
 [1 0 1 1 1 0 0 0 1 1]
 [1 1 0 1 1 0 1 1 1 0]
 [1 0 1 1 1 0 1 0 1 1]
 [1 1 1 1 1 1 1 1 0 1]
 [1 0 1 1 1 0 1 1 1 1]
 [1 0 0 0 0 0 1 1 1 1]
 [1 1 1 0 0 1 0 1 1 1]
 [0 1 1 1 1 1 1 0 1 0]
 [0 1 0 1 1 1 1 0 0 1]
 [0 1 1 0 1 0 0 0 1 1]
 [1 1 0 0 0 0 0 0 1 1]
 [0 1 0 0 1 1 1 0 0 1]
 [1 1 0 0 0 0 0 1 1 1]
 [1 1 1 0 0 1 1 1 1 1]
 [1 0 1 1 1 0 0 0 1 0]
 [0 1 0 1 0 1 1 1 1 1]
 [0 1 1 1 1 1 0 1 0 1]
 [1 1 1 0 1 0 0 0 1 0]
 [1 1 0 1 1 1 0 1 1 0]
 [0 1 0 1 1 1 0 0 1 0]
 [1 0 0 1 1 0 1 0 0 0]
 [1 1 1 1 1 1 1 0 0 1]
 [1 1 1 1 1 0 1 1 1 1]
 [1 0 1 1 0 0 0 0 1 0]
 [0 0 0 1 1 0 1 0 0 1]
 [0 1 0 0 1 1 0 1 1 1]
 [1 1 1 1 0 0 0 0 0 1]
 [0 0 0 0 0 0 1 1 0 1]
 [1 0 1 1 1 0 1 0 1 0]
 [1 1 0 1 0 1 1 1 1 0]
 [0 0 0 1 1 0 0 0 0 0]
 [1 0 0 1 1 0 1 1 0 0]
 [1 0 0 0 1 1 0 0 0 0]
 [0 1 0 1 1 1 1 1 1 1]
 [0 0 0 0 0 1 1 0 1 0]
 [0 0 0 1 0 1 1 0 0 1]
 [0 0 0 1 1 1 1 1 0 0]
 [1 0 0 1 0 0 0 1 0 0]
 [1 1 0 1 1 1 0 1 1 1]
 [0 0 1 0 0 0 1 0 0 0]
 [0 0 0 0 0 1 0 0 1 0]
 [1 1 1 0 0 1 1 1 1 1]
 [0 0 0 1 0 0 1 1 0 1]
 [0 1 0 1 1 1 0 0 1 0]]
{'restarts': 2, 'conflicts': 816, 'decisions': 2262, 'propagations': 1268193}
Q is identifiable
branch at 6
runtime for solving id of Q is 0.7407757937908173
Simulation results:
{'J': 100, 'K': 10, 'N': 10, 'p': 0.5, 'seed': 32, 'sim': 3, 'runtime': 0.7407757937908173, 'identifiable': 1, 'branch': 6}
4
Q: [[1 0 0 0 1 1 0 1 0 1]
 [1 1 1 0 0 1 1 1 0 0]
 [1 1 1 1 1 1 0 1 1 1]
 [1 0 0 1 1 0 0 1 1 0]
 [1 0 1 1 1 0 1 0 1 0]
 [1 0 1 1 1 1 1 1 1 0]
 [1 1 1 1 1 1 1 0 1 0]
 [0 0 1 0 0 1 0 0 1 0]
 [1 1 0 0 1 1 1 1 0 1]
 [1 1 0 1 1 0 0 1 1 1]
 [0 1 1 0 1 1 1 0 0 1]
 [0 0 1 1 1 0 1 1 1 0]
 [0 0 1 1 0 0 1 0 0 0]
 [0 1 1 1 1 1 1 0 0 0]
 [1 0 1 0 1 0 1 0 1 1]
 [0 1 0 0 1 1 1 0 0 1]
 [0 0 0 0 1 1 1 0 1 1]
 [0 1 1 1 0 1 0 0 0 1]
 [0 0 1 1 0 0 0 1 0 0]
 [1 1 0 0 0 0 0 0 0 1]
 [1 0 1 0 0 0 1 1 1 0]
 [1 1 1 0 1 0 1 0 0 0]
 [0 0 0 0 0 1 1 1 0 0]
 [0 0 0 1 0 0 0 0 0 1]
 [0 1 0 1 1 1 0 0 1 0]
 [1 1 1 0 0 1 0 1 0 1]
 [1 1 1 1 0 1 1 1 1 1]
 [1 0 0 0 0 0 1 0 1 1]
 [1 0 0 1 0 0 1 1 0 1]
 [0 0 1 0 0 0 0 0 1 0]
 [0 0 1 1 1 0 1 1 1 1]
 [1 0 0 0 0 1 0 0 1 1]
 [0 1 1 1 1 0 1 1 1 0]
 [0 1 1 0 1 1 0 0 1 0]
 [1 0 0 1 1 1 0 0 0 1]
 [0 0 1 0 1 1 0 0 1 0]
 [0 1 1 1 0 1 0 1 0 1]
 [1 1 1 0 0 0 0 1 1 1]
 [1 1 0 1 0 1 0 0 0 1]
 [1 0 1 1 1 0 1 0 1 0]
 [1 1 0 1 0 1 1 0 1 0]
 [1 1 1 0 0 1 0 1 1 1]
 [0 0 0 0 0 1 1 0 1 0]
 [0 1 1 1 0 0 1 1 1 1]
 [0 1 1 1 0 0 0 1 0 1]
 [1 0 0 1 1 1 1 0 0 1]
 [1 0 1 0 0 1 0 1 0 0]
 [0 1 1 1 1 1 1 0 0 0]
 [1 0 1 1 0 1 0 1 1 1]
 [1 0 1 1 0 0 1 0 1 0]
 [0 0 0 1 1 0 0 0 0 0]
 [0 0 1 1 0 1 0 0 0 1]
 [0 1 1 0 0 0 1 1 0 1]
 [1 0 1 1 0 1 1 1 1 1]
 [1 1 1 0 0 0 1 0 1 1]
 [0 0 1 1 1 1 0 1 0 0]
 [1 0 0 1 1 1 1 1 1 0]
 [1 1 0 1 1 1 1 1 0 0]
 [0 0 0 0 1 0 0 1 1 1]
 [1 0 1 1 0 0 0 0 1 0]
 [1 1 0 1 1 1 1 1 0 0]
 [0 0 0 0 1 0 0 0 1 1]
 [0 1 1 1 1 0 0 0 0 0]
 [0 0 0 1 1 0 0 1 1 0]
 [0 0 0 1 1 0 1 0 1 1]
 [1 1 1 1 0 1 0 1 0 0]
 [1 1 0 0 0 0 0 0 1 0]
 [1 0 1 1 0 0 1 0 0 1]
 [1 1 1 1 1 0 1 1 1 1]
 [1 1 1 1 1 1 1 1 1 0]
 [1 0 0 0 1 0 0 0 0 0]
 [1 1 1 0 0 1 0 0 1 0]
 [0 1 0 0 0 1 0 0 1 1]
 [1 0 0 0 0 1 0 1 1 1]
 [1 1 0 0 1 1 0 1 0 1]
 [0 1 0 0 0 1 1 1 0 1]
 [1 0 0 1 1 0 1 1 0 0]
 [1 1 0 0 0 0 0 0 0 0]
 [1 1 1 0 1 0 0 1 0 0]
 [0 1 1 0 0 1 1 0 1 0]
 [1 1 0 1 0 1 0 1 0 1]
 [0 1 0 0 0 0 0 1 0 1]
 [0 0 0 1 0 0 0 1 0 0]
 [0 1 1 1 0 0 0 0 1 0]
 [1 1 1 0 0 1 0 0 1 0]
 [0 1 1 1 0 0 0 1 0 1]
 [0 0 1 1 1 0 0 0 1 0]
 [1 0 1 1 0 0 1 1 0 1]
 [0 1 1 0 1 0 0 0 0 1]
 [0 0 1 0 1 1 0 1 1 0]
 [0 1 0 0 0 1 1 1 1 0]
 [0 0 1 0 0 0 0 0 1 0]
 [1 1 0 1 0 1 1 1 1 0]
 [0 1 0 0 0 1 0 0 1 0]
 [1 0 1 0 0 1 0 0 1 0]
 [1 0 0 1 0 0 0 1 0 0]
 [1 1 0 0 1 1 0 0 0 0]
 [0 0 1 0 0 1 0 0 1 1]
 [0 0 0 0 0 0 1 1 1 0]
 [1 0 1 1 0 0 1 1 0 1]]
{'restarts': 4, 'conflicts': 529, 'decisions': 1605, 'propagations': 919695}
Q is identifiable
branch at 6
runtime for solving id of Q is 0.8118737833574414
Simulation results:
{'J': 100, 'K': 10, 'N': 10, 'p': 0.5, 'seed': 32, 'sim': 4, 'runtime': 0.8118737833574414, 'identifiable': 1, 'branch': 6}
5
Q: [[1 1 1 0 0 0 0 0 0 0]
 [1 0 0 0 1 1 1 1 1 0]
 [1 0 0 1 0 1 0 0 1 1]
 [0 0 0 0 1 0 0 0 1 1]
 [0 0 1 1 0 0 1 0 1 1]
 [1 1 1 0 0 1 1 0 1 0]
 [1 1 0 1 1 1 1 0 1 1]
 [1 1 1 1 1 1 1 0 0 1]
 [0 0 1 1 1 0 0 0 0 1]
 [0 1 0 0 1 1 1 1 0 1]
 [0 0 1 0 0 0 1 1 0 0]
 [0 0 1 0 0 0 0 1 1 0]
 [0 1 1 0 0 1 0 0 1 0]
 [1 1 1 1 0 0 0 0 1 0]
 [1 1 0 1 0 1 1 0 0 0]
 [0 0 0 1 0 0 0 0 1 0]
 [0 0 1 0 0 0 1 0 0 0]
 [1 0 0 0 0 0 1 0 1 1]
 [0 1 0 0 1 0 0 1 1 1]
 [1 1 1 0 0 1 0 0 1 0]
 [1 1 1 0 0 0 0 1 1 1]
 [0 1 0 1 0 1 0 1 0 0]
 [0 0 0 1 0 0 1 1 1 0]
 [1 0 0 0 1 1 1 0 1 0]
 [0 1 0 0 0 0 0 0 0 1]
 [1 1 1 0 1 0 1 1 1 0]
 [0 1 1 1 0 1 1 0 1 1]
 [1 0 1 0 1 1 1 0 1 0]
 [0 1 1 1 0 1 1 0 1 0]
 [1 0 1 1 0 1 1 1 1 0]
 [0 1 1 1 0 1 0 1 1 1]
 [0 1 1 0 0 0 1 0 1 1]
 [0 1 0 1 0 0 1 1 1 1]
 [0 1 0 1 0 0 1 1 1 0]
 [1 1 0 0 0 0 1 1 1 0]
 [0 0 0 0 1 0 0 1 1 0]
 [1 0 0 1 0 0 1 0 0 1]
 [1 1 0 0 0 0 0 1 1 0]
 [0 0 1 0 0 1 0 0 0 1]
 [0 0 0 0 1 1 1 0 0 0]
 [0 1 1 1 1 0 1 0 0 1]
 [1 0 0 1 0 0 1 1 1 0]
 [0 1 0 1 1 1 0 1 0 1]
 [0 0 1 1 0 1 1 1 1 0]
 [1 1 0 0 1 0 1 0 0 0]
 [1 0 0 1 1 1 0 1 0 1]
 [0 1 0 1 1 0 1 1 0 1]
 [1 1 0 0 0 1 1 1 0 0]
 [1 0 0 1 0 0 0 0 0 0]
 [0 0 1 1 0 0 0 0 1 0]
 [0 0 1 0 0 1 0 0 1 0]
 [1 1 0 1 1 0 0 0 0 0]
 [1 0 0 1 0 1 0 1 1 0]
 [1 0 1 0 1 1 0 1 0 1]
 [1 1 0 0 1 0 1 0 0 0]
 [0 1 1 1 0 0 1 1 1 1]
 [1 0 1 0 1 1 1 0 1 0]
 [0 0 1 0 0 1 1 0 0 0]
 [0 1 1 1 1 1 0 1 1 1]
 [0 0 0 0 1 0 1 0 0 0]
 [1 0 0 0 0 1 0 1 1 0]
 [0 1 1 0 1 1 1 1 0 1]
 [0 1 1 1 1 1 0 1 0 1]
 [0 0 1 0 1 0 1 1 1 1]
 [0 0 0 0 1 1 0 0 1 0]
 [0 1 1 1 1 1 0 0 1 1]
 [1 0 1 1 0 0 0 1 1 0]
 [0 0 0 0 1 1 1 1 1 1]
 [0 1 1 0 1 1 1 0 1 1]
 [0 1 0 1 1 1 1 0 1 1]
 [0 1 1 0 1 0 0 1 1 1]
 [1 0 0 0 0 0 1 0 1 0]
 [1 0 1 0 1 0 0 0 0 0]
 [1 1 0 1 0 0 0 0 0 0]
 [1 1 0 0 0 0 1 1 0 1]
 [0 1 0 1 0 0 1 0 0 0]
 [0 1 1 0 1 0 0 1 0 0]
 [0 0 1 0 1 1 0 0 1 0]
 [1 1 1 1 0 1 0 0 1 1]
 [1 1 1 1 1 1 1 0 1 1]
 [1 0 1 1 1 1 0 1 1 1]
 [0 1 1 1 1 0 0 1 0 0]
 [1 1 0 1 0 1 1 1 0 0]
 [0 0 1 0 0 0 1 1 0 0]
 [0 0 1 0 0 0 1 0 0 1]
 [1 1 0 0 1 0 1 0 1 1]
 [0 1 0 1 1 1 1 0 1 1]
 [1 1 1 0 0 0 0 1 1 1]
 [1 1 0 1 0 0 0 1 0 0]
 [0 0 0 0 0 1 1 1 0 0]
 [0 1 1 0 1 1 0 1 0 0]
 [1 0 1 0 1 1 1 0 0 0]
 [1 0 0 0 1 0 1 0 1 0]
 [0 1 1 0 0 1 1 0 1 0]
 [0 0 1 0 1 0 0 0 1 1]
 [1 0 0 0 1 0 1 1 0 0]
 [0 1 0 1 0 0 1 0 0 1]
 [1 1 1 0 0 1 1 0 1 0]
 [1 0 0 1 1 1 1 0 1 1]
 [1 0 1 1 1 0 0 1 0 1]]
{'restarts': 1, 'conflicts': 575, 'decisions': 1441, 'propagations': 1154805}
Q is identifiable
branch at 6
runtime for solving id of Q is 0.7683271914720535
Simulation results:
{'J': 100, 'K': 10, 'N': 10, 'p': 0.5, 'seed': 32, 'sim': 5, 'runtime': 0.7683271914720535, 'identifiable': 1, 'branch': 6}
6
Q: [[0 1 1 1 1 1 1 0 0 1]
 [0 0 1 0 0 1 1 1 0 0]
 [1 0 1 1 0 0 0 1 0 1]
 [0 1 1 0 1 1 1 0 1 0]
 [0 0 1 1 1 1 1 0 1 1]
 [0 1 1 1 1 1 0 0 0 0]
 [1 0 1 1 0 1 1 1 1 1]
 [1 0 1 0 1 1 1 1 1 1]
 [0 1 0 0 1 1 0 0 1 1]
 [0 1 0 1 0 1 0 0 0 1]
 [1 0 0 1 0 0 1 0 0 1]
 [1 0 0 0 0 1 0 0 0 0]
 [0 1 1 1 1 0 0 1 0 1]
 [0 0 1 0 1 0 1 1 0 1]
 [1 1 0 0 0 0 1 0 1 1]
 [1 1 1 1 1 1 1 0 1 0]
 [1 1 0 0 1 1 0 0 0 0]
 [0 0 1 1 0 0 1 1 1 0]
 [0 1 1 0 0 1 0 1 1 0]
 [0 0 1 0 0 1 0 0 1 1]
 [0 0 1 1 0 0 0 1 0 1]
 [0 0 0 1 0 1 1 0 0 0]
 [0 1 0 1 0 1 0 1 1 0]
 [0 1 1 1 1 1 1 1 1 0]
 [0 0 1 0 0 1 1 1 1 0]
 [1 0 0 1 0 1 1 0 1 1]
 [1 1 0 1 0 1 1 1 0 1]
 [1 1 1 1 0 1 1 0 0 1]
 [0 1 0 0 0 0 0 0 0 0]
 [1 1 0 1 1 0 0 0 0 1]
 [1 1 0 1 0 1 1 1 1 0]
 [1 0 0 1 0 0 1 1 1 0]
 [1 0 1 0 1 0 0 0 1 0]
 [0 1 1 0 1 0 1 0 1 1]
 [1 1 0 0 1 0 0 1 1 1]
 [0 1 0 1 1 1 0 0 1 1]
 [0 1 1 1 0 0 0 1 1 0]
 [1 1 0 1 1 0 0 1 0 1]
 [1 1 0 1 0 1 0 1 1 0]
 [0 1 1 1 0 1 0 0 1 0]
 [0 0 1 0 0 0 1 1 0 1]
 [1 1 1 0 1 1 0 0 1 0]
 [1 0 1 0 1 1 1 0 1 1]
 [1 1 1 0 1 1 1 0 0 0]
 [1 0 1 0 1 0 0 0 0 1]
 [1 0 0 0 1 0 0 0 0 1]
 [1 0 1 1 0 0 0 1 0 1]
 [0 1 1 0 1 1 0 0 0 0]
 [1 0 1 1 0 1 0 1 1 1]
 [0 1 1 1 0 1 1 0 0 0]
 [0 0 1 0 0 0 1 1 0 0]
 [1 0 0 1 0 0 0 1 1 0]
 [1 1 0 1 0 1 0 0 0 0]
 [1 0 1 1 1 1 1 1 0 0]
 [0 1 1 0 1 1 0 1 1 1]
 [1 0 0 0 1 1 0 0 1 1]
 [0 0 0 1 0 0 0 1 0 1]
 [1 0 0 1 1 0 0 0 1 0]
 [1 0 1 0 0 1 0 0 0 0]
 [1 0 1 0 1 1 0 1 0 0]
 [0 0 0 1 0 0 0 0 0 1]
 [0 1 1 0 0 1 0 0 1 0]
 [0 0 1 0 0 1 1 0 1 0]
 [0 0 1 1 1 1 0 0 0 1]
 [1 0 0 0 0 1 0 0 0 1]
 [1 1 0 1 1 0 1 0 1 1]
 [0 1 0 0 1 0 1 1 1 1]
 [1 0 0 0 1 1 0 0 0 1]
 [0 0 1 1 1 1 1 1 0 0]
 [1 1 1 0 0 0 0 0 1 0]
 [1 0 0 0 0 0 0 1 1 1]
 [1 1 1 0 1 0 0 1 0 1]
 [1 1 0 0 1 1 0 0 1 0]
 [0 1 1 0 1 0 1 1 1 1]
 [0 0 0 0 0 1 0 1 0 0]
 [1 1 1 0 0 1 0 1 0 1]
 [1 1 1 1 0 0 1 1 1 0]
 [0 1 1 0 1 1 1 0 1 1]
 [1 0 0 1 1 0 0 1 0 0]
 [0 0 0 1 1 1 0 0 1 1]
 [1 0 0 1 0 0 0 0 1 0]
 [1 1 0 1 0 0 0 1 1 0]
 [1 0 1 1 1 0 1 0 1 0]
 [0 1 0 0 1 0 1 1 0 1]
 [1 1 1 1 0 1 0 1 1 0]
 [0 1 1 1 0 0 0 1 0 1]
 [0 0 0 1 1 0 1 0 1 0]
 [1 1 0 1 1 1 1 1 0 1]
 [0 1 0 1 1 1 0 1 0 1]
 [1 1 1 0 0 1 1 1 1 0]
 [0 1 1 1 0 1 1 0 1 1]
 [0 0 0 0 1 0 1 1 1 1]
 [0 1 1 1 1 1 0 1 0 0]
 [1 0 1 1 1 0 0 0 0 0]
 [1 0 1 1 0 0 1 0 0 1]
 [1 0 0 1 0 1 1 0 0 1]
 [0 1 0 0 1 0 1 0 1 0]
 [0 1 1 1 0 0 0 1 1 0]
 [0 1 1 0 1 1 0 1 1 1]
 [1 0 0 0 1 1 0 0 0 1]]
{'restarts': 1, 'conflicts': 652, 'decisions': 1621, 'propagations': 1233850}
Q is identifiable
branch at 6
runtime for solving id of Q is 0.7896120455116034
Simulation results:
{'J': 100, 'K': 10, 'N': 10, 'p': 0.5, 'seed': 32, 'sim': 6, 'runtime': 0.7896120455116034, 'identifiable': 1, 'branch': 6}
7
Q: [[0 1 1 1 0 0 1 1 1 1]
 [0 0 1 1 1 1 0 1 1 1]
 [1 1 0 1 1 1 1 1 0 1]
 [0 1 0 0 0 1 0 1 1 1]
 [1 1 0 1 0 1 1 1 0 1]
 [0 0 1 0 0 0 1 1 0 1]
 [1 1 1 0 0 1 1 0 0 1]
 [0 0 0 0 1 0 1 0 1 1]
 [0 1 1 1 0 0 0 1 1 0]
 [0 0 0 0 0 0 1 0 1 0]
 [0 1 0 1 0 1 1 1 1 1]
 [0 0 0 0 1 1 0 1 0 1]
 [0 0 1 1 0 1 1 1 1 0]
 [1 0 1 0 1 1 0 1 0 0]
 [0 1 1 1 1 1 1 1 1 1]
 [0 0 1 0 0 1 1 1 0 1]
 [1 1 1 1 1 0 0 1 1 1]
 [0 1 1 1 1 1 1 0 1 0]
 [0 0 0 1 0 0 0 1 0 0]
 [1 1 0 0 0 1 0 0 1 0]
 [1 0 1 1 1 1 0 0 1 0]
 [1 0 0 0 0 1 1 0 0 1]
 [0 0 1 1 0 0 0 0 0 0]
 [0 1 1 0 1 0 1 0 0 1]
 [0 1 0 0 1 0 1 1 1 1]
 [0 0 0 0 1 0 0 0 0 1]
 [1 0 1 0 1 0 0 1 0 1]
 [1 1 1 1 0 0 0 1 1 0]
 [1 1 1 1 0 1 0 0 0 0]
 [0 1 0 1 0 1 0 1 0 0]
 [1 0 1 1 0 0 0 0 1 1]
 [1 0 0 0 0 1 1 0 0 1]
 [0 1 1 1 1 1 0 0 1 0]
 [1 0 1 0 0 0 0 0 0 1]
 [0 0 0 0 1 0 1 1 0 0]
 [1 0 0 1 0 1 1 1 1 0]
 [1 0 1 1 0 1 0 1 0 0]
 [1 1 0 1 1 0 0 1 0 1]
 [1 0 0 1 1 0 0 0 0 1]
 [1 1 1 0 1 0 1 0 0 0]
 [0 1 0 0 1 1 0 0 1 0]
 [1 0 0 1 1 0 1 0 1 1]
 [1 1 0 0 0 1 1 0 0 1]
 [1 0 0 1 0 1 0 1 0 0]
 [1 0 1 0 1 1 0 1 1 1]
 [0 1 1 1 1 0 0 0 0 0]
 [0 0 1 0 0 0 1 1 1 1]
 [1 0 1 1 0 1 1 1 0 1]
 [0 1 1 0 0 0 0 0 1 1]
 [1 0 1 0 0 0 0 1 0 1]
 [0 0 1 1 0 0 1 1 1 0]
 [0 0 0 0 0 0 0 1 1 1]
 [1 1 1 0 1 0 1 0 1 1]
 [1 1 1 1 0 0 0 1 1 1]
 [1 1 0 0 1 0 0 0 0 0]
 [1 0 1 1 1 0 1 0 1 0]
 [0 0 1 0 0 0 1 1 0 0]
 [0 0 0 0 1 0 1 0 0 0]
 [0 0 0 1 0 1 0 1 0 1]
 [0 0 0 1 1 0 1 1 1 1]
 [0 0 0 1 0 0 0 1 0 1]
 [1 1 0 0 0 0 1 1 1 0]
 [0 1 1 0 0 0 1 1 1 0]
 [0 1 0 0 1 0 1 1 1 1]
 [1 0 0 0 0 0 0 1 0 1]
 [0 1 1 0 0 1 1 1 1 1]
 [0 1 0 1 0 1 1 0 1 0]
 [1 1 1 1 1 0 1 0 0 1]
 [0 1 1 1 1 1 1 0 1 1]
 [1 0 1 0 1 0 0 0 1 1]
 [0 0 1 1 1 1 0 1 0 0]
 [0 1 0 0 1 1 1 0 1 0]
 [1 0 0 1 1 0 0 0 1 1]
 [0 0 1 0 1 0 1 0 1 0]
 [1 1 1 1 0 0 0 1 0 0]
 [1 0 0 1 0 1 1 1 0 1]
 [0 1 1 1 0 1 1 0 1 0]
 [1 0 0 1 1 1 1 1 0 0]
 [0 1 0 0 1 0 1 0 0 1]
 [0 1 0 0 1 1 0 0 1 1]
 [0 1 1 1 1 1 1 0 1 0]
 [1 1 1 1 1 0 0 1 0 0]
 [0 1 0 1 1 1 1 1 0 1]
 [1 1 1 1 0 0 1 1 0 0]
 [1 0 1 0 0 1 0 0 1 0]
 [0 0 0 0 1 0 0 1 1 1]
 [1 1 0 0 1 1 0 0 0 0]
 [0 0 1 0 1 1 1 1 1 1]
 [0 0 0 1 0 1 0 0 0 0]
 [1 0 0 0 0 0 1 0 0 0]
 [1 1 0 0 1 1 1 1 0 1]
 [1 0 1 1 1 1 0 1 0 0]
 [1 0 1 0 0 1 0 0 1 0]
 [0 1 0 1 1 0 0 0 0 1]
 [1 0 1 0 1 1 0 0 1 1]
 [0 1 1 1 1 0 1 1 0 1]
 [0 0 1 0 1 1 1 1 0 1]
 [1 1 0 1 0 0 0 0 1 0]
 [1 1 1 1 0 1 0 0 1 1]
 [0 1 1 1 0 1 1 1 0 1]]
{'restarts': 2, 'conflicts': 482, 'decisions': 1382, 'propagations': 758547}
Q is identifiable
branch at 6
runtime for solving id of Q is 0.6764758620411158
Simulation results:
{'J': 100, 'K': 10, 'N': 10, 'p': 0.5, 'seed': 32, 'sim': 7, 'runtime': 0.6764758620411158, 'identifiable': 1, 'branch': 6}
8
Q: [[1 0 0 1 0 1 1 0 1 0]
 [0 1 1 0 0 0 1 0 1 0]
 [1 1 1 0 0 1 1 0 1 1]
 [0 0 1 1 0 1 0 1 1 1]
 [1 1 0 0 1 1 1 0 1 1]
 [1 0 1 1 0 0 1 1 1 0]
 [1 1 0 0 1 0 0 1 1 0]
 [0 0 1 0 0 1 0 1 1 1]
 [1 1 0 0 1 0 0 0 0 1]
 [1 1 0 1 1 0 1 0 0 0]
 [0 1 1 0 1 1 1 0 1 0]
 [0 1 0 0 0 1 1 1 0 0]
 [1 1 1 1 1 1 1 1 0 1]
 [1 1 0 0 1 0 0 1 1 1]
 [1 0 1 1 1 0 1 0 0 1]
 [0 1 1 1 0 1 0 0 1 0]
 [1 1 1 0 0 0 0 0 0 0]
 [1 1 0 0 1 1 1 0 0 1]
 [1 1 0 0 1 1 1 0 1 1]
 [1 0 1 0 1 0 1 1 1 1]
 [0 0 1 1 1 1 1 0 0 1]
 [0 1 0 1 1 0 1 1 0 0]
 [0 0 1 1 1 1 1 1 0 1]
 [1 1 1 0 1 1 0 1 0 0]
 [0 1 0 1 1 1 1 1 1 0]
 [0 1 1 1 0 1 1 0 0 0]
 [1 0 1 0 1 0 0 0 1 1]
 [1 0 1 0 0 0 0 0 0 0]
 [0 1 1 1 0 0 1 1 0 1]
 [1 0 1 1 0 0 0 0 0 0]
 [0 0 0 0 1 1 1 1 0 1]
 [1 1 0 1 0 0 1 1 1 1]
 [0 0 1 0 0 0 1 1 0 1]
 [1 1 1 1 1 1 1 1 1 1]
 [0 0 0 0 1 0 0 1 0 1]
 [1 0 1 0 1 1 1 1 1 1]
 [0 0 0 0 0 0 0 0 0 1]
 [1 1 0 1 0 1 0 0 1 0]
 [0 1 0 1 1 1 1 0 0 1]
 [1 1 1 1 0 0 1 1 1 1]
 [1 0 0 1 0 0 1 0 0 0]
 [1 0 0 1 1 0 0 1 1 0]
 [1 1 0 1 0 0 0 0 1 1]
 [0 1 1 0 1 1 0 0 0 0]
 [0 0 0 1 1 0 1 0 1 0]
 [1 1 1 0 0 0 0 1 0 1]
 [1 0 0 1 0 0 1 0 0 1]
 [0 0 0 1 0 1 0 1 1 0]
 [0 1 0 1 0 0 1 0 1 1]
 [1 1 1 1 1 1 0 1 1 0]
 [1 0 1 1 0 1 0 0 0 1]
 [1 0 0 1 0 1 0 0 1 1]
 [0 1 1 0 0 1 0 1 1 0]
 [1 0 0 1 0 0 0 1 1 1]
 [0 1 1 1 1 1 1 1 1 0]
 [0 0 1 1 0 1 0 0 1 1]
 [1 1 1 0 0 0 0 1 0 0]
 [0 0 1 1 0 1 0 1 0 0]
 [0 1 0 1 0 1 0 0 0 1]
 [1 1 1 1 1 0 1 0 0 1]
 [0 0 0 0 0 0 1 1 1 0]
 [0 1 0 1 1 0 0 1 1 0]
 [1 0 1 0 1 0 1 1 1 1]
 [1 0 1 1 1 0 0 1 1 0]
 [1 0 1 1 0 1 1 0 1 1]
 [0 1 0 0 0 0 0 0 0 1]
 [0 1 0 0 0 1 0 0 1 0]
 [0 1 0 1 1 1 1 1 1 1]
 [1 1 1 0 0 1 0 0 1 1]
 [0 0 0 1 1 0 1 1 0 0]
 [1 0 1 0 1 0 1 1 1 1]
 [0 0 1 0 0 1 1 1 1 0]
 [0 1 1 1 1 0 1 0 0 0]
 [1 1 1 1 1 0 0 1 1 0]
 [0 0 1 0 0 1 0 1 0 0]
 [1 1 1 0 1 0 1 1 1 1]
 [0 1 0 0 1 1 1 1 1 1]
 [0 0 1 0 0 0 0 1 0 0]
 [1 0 0 0 0 0 1 0 1 0]
 [1 1 0 1 1 1 1 0 1 0]
 [0 1 0 1 1 1 1 0 0 1]
 [0 0 0 0 1 1 1 1 1 1]
 [1 0 1 1 1 0 0 1 1 1]
 [1 1 1 0 0 1 0 0 0 0]
 [1 1 0 0 1 1 0 0 1 1]
 [1 0 0 1 1 1 1 1 1 1]
 [0 0 0 1 1 1 1 0 0 0]
 [1 0 0 1 1 1 1 1 0 0]
 [1 0 1 1 1 1 0 1 1 0]
 [1 0 0 1 1 1 1 0 1 1]
 [1 1 0 1 1 1 1 1 1 0]
 [0 1 1 0 0 0 0 1 0 0]
 [1 0 0 0 0 0 1 0 0 1]
 [0 0 1 1 1 1 1 1 0 0]
 [1 1 0 1 0 1 0 1 0 1]
 [0 1 0 1 0 1 1 0 1 0]
 [0 1 0 1 0 1 0 0 0 0]
 [0 0 1 1 1 0 1 0 0 0]
 [1 0 0 1 1 0 0 1 1 0]
 [1 1 1 1 0 1 1 0 1 1]]
{'restarts': 2, 'conflicts': 258, 'decisions': 913, 'propagations': 433564}
Q is identifiable
branch at 6
runtime for solving id of Q is 0.6767568187788129
Simulation results:
{'J': 100, 'K': 10, 'N': 10, 'p': 0.5, 'seed': 32, 'sim': 8, 'runtime': 0.6767568187788129, 'identifiable': 1, 'branch': 6}
9
Q: [[1 1 1 1 1 0 1 1 0 1]
 [0 0 0 1 0 1 1 0 1 1]
 [0 1 0 0 0 1 0 0 0 0]
 [1 0 1 1 0 1 1 0 1 1]
 [0 1 0 1 0 0 1 1 0 1]
 [0 1 1 0 0 1 0 0 0 1]
 [0 0 0 0 0 0 0 1 0 0]
 [0 0 0 0 0 1 1 0 0 1]
 [1 1 1 0 0 1 0 0 0 1]
 [0 0 0 0 1 0 0 0 0 1]
 [0 1 1 1 1 0 1 1 1 0]
 [0 0 1 1 0 0 0 1 1 1]
 [1 1 1 0 1 0 1 0 1 1]
 [0 0 0 1 1 0 0 0 1 0]
 [1 1 0 0 0 1 1 0 1 1]
 [1 1 0 0 0 0 1 0 1 1]
 [1 0 0 0 0 0 1 0 0 0]
 [1 0 1 0 0 1 1 0 1 0]
 [1 1 1 1 0 1 1 1 0 1]
 [0 1 0 1 0 0 0 0 0 0]
 [1 1 0 0 1 1 1 0 1 1]
 [0 1 0 0 1 0 0 0 0 1]
 [1 0 0 1 1 0 1 0 0 1]
 [1 1 0 1 1 1 0 0 0 0]
 [1 1 1 1 1 1 0 1 0 1]
 [1 0 1 0 0 0 1 1 0 1]
 [1 1 0 0 0 1 1 0 1 1]
 [0 1 0 1 0 1 0 0 1 0]
 [1 0 1 0 0 0 1 0 1 0]
 [0 1 0 1 0 0 1 1 1 1]
 [0 0 1 0 0 0 1 0 1 0]
 [0 1 0 0 1 0 1 0 1 0]
 [1 1 1 0 0 0 1 1 1 1]
 [0 1 1 1 0 0 0 0 0 0]
 [0 1 1 0 1 0 0 1 0 0]
 [1 1 0 1 0 1 0 1 0 1]
 [1 0 1 1 1 0 0 1 1 1]
 [0 1 0 0 1 0 0 0 0 1]
 [0 0 0 0 0 1 0 1 1 1]
 [0 1 1 0 1 1 0 0 0 1]
 [1 1 0 1 1 1 0 1 0 1]
 [1 1 0 1 1 1 1 1 1 0]
 [0 0 1 1 1 1 1 0 0 1]
 [0 1 1 0 0 0 1 1 1 1]
 [1 0 0 1 0 0 0 1 1 1]
 [1 0 1 0 1 0 0 0 0 1]
 [0 0 1 1 0 1 0 0 1 0]
 [0 1 1 1 1 0 1 0 0 1]
 [1 0 0 1 1 1 0 0 1 0]
 [1 1 1 0 0 1 1 1 1 1]
 [1 1 1 0 1 0 1 1 1 0]
 [1 1 1 0 1 0 0 0 1 0]
 [1 1 1 1 0 1 0 0 1 1]
 [1 0 0 0 0 1 0 0 1 1]
 [0 1 1 0 1 1 1 1 0 0]
 [1 0 1 0 1 0 0 1 1 0]
 [0 0 1 1 0 0 0 0 0 1]
 [0 0 0 1 1 1 1 1 1 1]
 [0 0 1 0 1 0 1 0 0 0]
 [1 1 1 1 0 1 1 0 0 0]
 [1 0 0 1 0 1 1 0 0 1]
 [1 1 0 1 1 0 1 0 1 1]
 [1 0 1 0 1 0 0 0 0 0]
 [1 0 0 0 0 0 1 0 1 1]
 [1 1 0 0 0 0 0 0 1 0]
 [1 0 1 0 1 1 1 1 1 0]
 [0 0 1 1 1 0 1 1 0 0]
 [0 1 0 0 0 1 0 1 1 0]
 [1 1 0 1 0 1 0 0 1 0]
 [1 1 1 0 0 1 1 0 0 0]
 [1 0 1 1 1 0 0 0 0 0]
 [0 0 1 0 1 1 0 0 0 0]
 [0 1 0 0 0 1 1 1 1 1]
 [0 0 0 1 1 0 1 1 1 1]
 [1 0 1 1 0 0 0 1 0 1]
 [1 1 1 1 1 1 0 0 1 1]
 [1 1 0 1 0 0 0 0 1 1]
 [0 1 0 1 0 0 1 1 0 1]
 [1 1 0 0 0 1 0 0 1 0]
 [1 0 1 0 0 0 1 0 0 0]
 [0 0 0 1 0 1 0 1 0 0]
 [1 1 1 0 1 0 1 1 0 0]
 [0 0 0 1 1 0 1 0 0 0]
 [0 0 0 1 0 1 0 0 1 0]
 [1 1 0 0 0 1 1 0 1 1]
 [1 0 0 0 1 1 0 1 1 0]
 [1 0 1 0 0 1 1 1 0 1]
 [1 1 1 1 0 0 0 1 1 1]
 [1 1 0 0 1 1 0 1 0 0]
 [1 0 0 0 1 1 0 0 1 0]
 [1 1 0 0 1 1 1 1 1 1]
 [1 1 0 1 1 1 0 0 1 0]
 [0 1 0 0 1 0 1 0 1 0]
 [1 1 0 0 1 1 0 0 1 1]
 [1 1 1 0 0 0 0 1 1 0]
 [0 0 1 1 0 0 1 0 1 0]
 [1 0 0 0 1 0 1 0 0 0]
 [1 1 1 1 1 0 1 1 1 0]
 [1 1 0 1 0 0 0 1 0 1]
 [0 0 0 0 1 1 0 1 0 1]]
{'restarts': 1, 'conflicts': 516, 'decisions': 1132, 'propagations': 950663}
Q is identifiable
branch at 6
runtime for solving id of Q is 0.7655560178682208
Simulation results:
{'J': 100, 'K': 10, 'N': 10, 'p': 0.5, 'seed': 32, 'sim': 9, 'runtime': 0.7655560178682208, 'identifiable': 1, 'branch': 6}
Simulation results:
[{'J': 100, 'K': 10, 'N': 10, 'p': 0.5, 'seed': 32, 'sim': 0, 'runtime': 0.7624531686306, 'identifiable': 1, 'branch': 6}, {'J': 100, 'K': 10, 'N': 10, 'p': 0.5, 'seed': 32, 'sim': 1, 'runtime': 0.8447316605597734, 'identifiable': 1, 'branch': 6}, {'J': 100, 'K': 10, 'N': 10, 'p': 0.5, 'seed': 32, 'sim': 2, 'runtime': 0.49482950288802385, 'identifiable': 1, 'branch': 6}, {'J': 100, 'K': 10, 'N': 10, 'p': 0.5, 'seed': 32, 'sim': 3, 'runtime': 0.7407757937908173, 'identifiable': 1, 'branch': 6}, {'J': 100, 'K': 10, 'N': 10, 'p': 0.5, 'seed': 32, 'sim': 4, 'runtime': 0.8118737833574414, 'identifiable': 1, 'branch': 6}, {'J': 100, 'K': 10, 'N': 10, 'p': 0.5, 'seed': 32, 'sim': 5, 'runtime': 0.7683271914720535, 'identifiable': 1, 'branch': 6}, {'J': 100, 'K': 10, 'N': 10, 'p': 0.5, 'seed': 32, 'sim': 6, 'runtime': 0.7896120455116034, 'identifiable': 1, 'branch': 6}, {'J': 100, 'K': 10, 'N': 10, 'p': 0.5, 'seed': 32, 'sim': 7, 'runtime': 0.6764758620411158, 'identifiable': 1, 'branch': 6}, {'J': 100, 'K': 10, 'N': 10, 'p': 0.5, 'seed': 32, 'sim': 8, 'runtime': 0.6767568187788129, 'identifiable': 1, 'branch': 6}, {'J': 100, 'K': 10, 'N': 10, 'p': 0.5, 'seed': 32, 'sim': 9, 'runtime': 0.7655560178682208, 'identifiable': 1, 'branch': 6}]
