
The Gurobi software has a limited number of licenses. To request a license or
licenses, add this line

    #SBATCH --licenses=gurobi@slurmdb:1

to your SBATCH script, replacing N with the number of licenses you need. Gurobi
will need one license per process.


0
Q: [[1 0 1 1 1]
 [0 0 1 0 1]
 [1 1 0 0 1]
 [1 1 1 0 1]
 [0 1 1 1 1]
 [1 1 0 1 0]
 [0 1 1 0 1]
 [0 0 0 1 1]
 [1 0 1 0 1]
 [1 1 1 1 1]
 [1 0 1 1 1]
 [1 1 1 1 1]
 [1 0 1 1 1]
 [1 1 1 0 1]
 [1 1 1 0 1]
 [0 1 1 1 1]
 [1 0 0 1 1]
 [0 1 1 1 1]
 [0 1 0 0 1]
 [1 0 0 1 1]
 [1 1 1 1 1]
 [1 0 0 1 1]
 [1 1 0 1 1]
 [1 1 1 0 1]
 [1 1 0 1 1]
 [0 1 1 1 1]
 [1 1 1 1 1]
 [1 1 1 1 1]
 [0 0 0 1 1]
 [1 1 1 1 0]
 [1 1 1 0 1]
 [1 1 0 1 1]
 [1 1 1 1 0]
 [0 0 1 1 1]
 [1 1 1 1 0]
 [0 0 1 1 0]
 [0 0 1 0 1]
 [0 1 0 1 1]
 [0 1 1 0 1]
 [1 1 0 0 1]
 [0 0 1 1 0]
 [1 1 1 1 1]
 [1 1 1 1 0]
 [0 1 1 1 1]
 [1 1 1 1 1]
 [0 0 1 1 1]
 [1 1 0 1 0]
 [1 1 1 1 0]
 [1 1 1 1 1]
 [1 1 0 1 1]]
{'restarts': 1, 'conflicts': 17, 'decisions': 41, 'propagations': 642}
Q is identifiable
branch at 6
runtime for solving id of Q is 0.0038548270240426064
Simulation results:
{'J': 50, 'K': 5, 'N': 10, 'p': 0.7, 'seed': 12, 'sim': 0, 'runtime': 0.0038548270240426064, 'identifiable': 1, 'branch': 6}
1
Q: [[0 1 1 1 1]
 [1 1 1 1 1]
 [0 1 1 1 1]
 [1 1 0 1 0]
 [1 1 1 1 1]
 [1 1 1 1 0]
 [0 1 1 0 1]
 [1 0 1 0 1]
 [1 1 1 1 1]
 [1 1 0 1 1]
 [1 1 1 1 1]
 [0 0 0 1 1]
 [0 1 1 1 1]
 [1 1 1 0 0]
 [1 1 1 0 0]
 [0 1 0 1 1]
 [1 0 1 1 0]
 [1 1 1 1 1]
 [1 0 1 1 1]
 [1 1 0 1 1]
 [0 1 1 0 0]
 [0 1 1 1 0]
 [1 1 1 1 0]
 [1 1 0 0 1]
 [1 0 0 1 0]
 [1 1 1 1 1]
 [1 1 1 1 1]
 [0 1 0 0 1]
 [1 1 0 0 1]
 [0 1 1 0 1]
 [1 0 0 1 1]
 [0 1 0 0 1]
 [0 1 1 1 0]
 [0 1 0 1 1]
 [1 1 0 0 0]
 [1 0 1 1 1]
 [1 0 1 0 0]
 [0 0 1 1 1]
 [1 0 0 0 1]
 [0 1 0 0 1]
 [0 0 1 1 0]
 [1 1 1 0 1]
 [1 1 1 0 1]
 [1 1 0 1 1]
 [0 1 1 1 0]
 [1 1 0 1 1]
 [1 0 1 1 1]
 [1 1 0 1 0]
 [1 1 1 1 1]
 [1 1 1 1 1]]
{'restarts': 1, 'conflicts': 24, 'decisions': 34, 'propagations': 867}
Q is identifiable
branch at 6
runtime for solving id of Q is 0.004523806273937225
Simulation results:
{'J': 50, 'K': 5, 'N': 10, 'p': 0.7, 'seed': 12, 'sim': 1, 'runtime': 0.004523806273937225, 'identifiable': 1, 'branch': 6}
2
Q: [[1 1 1 1 0]
 [1 1 0 1 1]
 [0 1 0 1 0]
 [0 1 0 1 0]
 [1 1 0 1 1]
 [0 1 1 1 1]
 [1 0 1 1 1]
 [0 1 1 1 1]
 [0 0 1 0 1]
 [1 1 1 1 1]
 [1 1 1 0 1]
 [1 1 1 1 0]
 [1 1 1 0 1]
 [0 1 1 1 1]
 [0 1 0 1 1]
 [1 1 0 0 0]
 [1 0 0 1 1]
 [1 1 1 0 1]
 [1 1 0 1 1]
 [1 1 0 1 1]
 [1 1 1 0 1]
 [0 1 1 1 1]
 [0 0 0 1 1]
 [1 0 0 1 1]
 [1 1 0 1 1]
 [1 1 0 1 1]
 [1 1 1 1 1]
 [1 1 1 1 1]
 [1 0 1 1 0]
 [1 1 1 0 1]
 [0 0 0 1 1]
 [1 0 1 0 1]
 [1 1 1 1 1]
 [0 1 1 0 1]
 [1 0 1 0 1]
 [0 1 0 1 1]
 [0 0 1 0 1]
 [1 1 0 1 0]
 [1 1 1 1 1]
 [0 1 0 1 1]
 [1 1 1 1 0]
 [1 0 0 1 1]
 [1 0 1 1 1]
 [1 0 0 1 1]
 [1 0 1 1 1]
 [1 0 1 1 0]
 [0 1 1 0 1]
 [0 0 0 1 1]
 [0 1 0 1 1]
 [0 1 1 1 1]]
{'restarts': 1, 'conflicts': 21, 'decisions': 33, 'propagations': 607}
Q is identifiable
branch at 6
runtime for solving id of Q is 0.0032391687855124474
Simulation results:
{'J': 50, 'K': 5, 'N': 10, 'p': 0.7, 'seed': 12, 'sim': 2, 'runtime': 0.0032391687855124474, 'identifiable': 1, 'branch': 6}
3
Q: [[1 1 0 1 1]
 [0 1 1 0 1]
 [1 1 1 1 1]
 [1 1 0 1 1]
 [1 0 0 1 1]
 [1 1 0 1 0]
 [0 1 0 0 0]
 [0 1 1 1 1]
 [0 1 1 1 1]
 [1 0 1 0 1]
 [1 0 1 0 1]
 [1 1 1 0 1]
 [0 1 1 1 1]
 [1 0 0 1 1]
 [0 0 0 1 1]
 [0 1 0 1 1]
 [0 0 1 1 1]
 [1 0 0 0 1]
 [0 0 0 1 1]
 [1 1 0 0 0]
 [1 1 1 1 0]
 [1 0 1 1 0]
 [1 0 1 1 0]
 [0 0 0 0 0]
 [1 1 0 1 0]
 [1 1 1 1 0]
 [1 0 1 1 1]
 [0 0 1 1 0]
 [0 1 1 1 1]
 [1 0 1 0 1]
 [0 1 1 1 1]
 [0 1 1 0 1]
 [1 1 0 1 1]
 [1 0 1 0 1]
 [0 0 1 1 0]
 [0 1 1 0 1]
 [1 1 1 1 0]
 [1 1 1 0 1]
 [1 1 1 1 0]
 [1 1 1 1 1]
 [1 1 1 1 1]
 [1 1 0 1 1]
 [1 1 1 0 1]
 [1 1 0 1 0]
 [1 1 1 0 1]
 [0 0 0 0 0]
 [1 0 1 0 1]
 [0 1 0 0 1]
 [1 0 1 1 1]
 [1 1 0 0 1]]
{'restarts': 1, 'conflicts': 18, 'decisions': 52, 'propagations': 1110}
Q is identifiable
branch at 6
runtime for solving id of Q is 0.004642306827008724
Simulation results:
{'J': 50, 'K': 5, 'N': 10, 'p': 0.7, 'seed': 12, 'sim': 3, 'runtime': 0.004642306827008724, 'identifiable': 1, 'branch': 6}
4
Q: [[1 1 1 1 1]
 [1 1 0 0 1]
 [1 1 1 1 0]
 [0 0 0 1 1]
 [0 1 1 1 1]
 [0 1 1 0 1]
 [1 1 1 1 1]
 [1 1 1 1 1]
 [1 0 1 1 1]
 [1 0 1 0 1]
 [1 1 1 1 1]
 [1 1 1 1 1]
 [1 0 0 1 1]
 [0 1 1 1 0]
 [1 1 0 1 1]
 [1 0 1 1 0]
 [1 0 0 1 1]
 [0 1 1 1 1]
 [0 1 1 1 0]
 [1 1 1 1 0]
 [1 1 1 1 0]
 [1 1 0 0 1]
 [1 1 1 1 0]
 [1 1 1 1 0]
 [1 0 0 1 1]
 [1 0 1 1 0]
 [0 1 1 1 0]
 [1 0 1 1 1]
 [1 0 0 1 1]
 [1 1 0 1 0]
 [0 1 1 0 1]
 [0 0 1 1 1]
 [1 1 1 1 0]
 [1 1 0 1 1]
 [1 1 1 1 1]
 [1 1 0 0 0]
 [1 1 0 0 1]
 [0 1 1 1 0]
 [0 1 1 0 1]
 [1 1 1 1 1]
 [1 1 1 0 1]
 [1 1 0 1 1]
 [0 0 1 1 0]
 [0 0 1 0 0]
 [1 1 1 1 0]
 [1 0 1 0 0]
 [1 1 1 1 1]
 [1 1 0 1 1]
 [1 1 1 1 1]
 [1 1 1 1 0]]
{'restarts': 1, 'conflicts': 13, 'decisions': 31, 'propagations': 882}
Q is identifiable
branch at 6
runtime for solving id of Q is 0.004993767477571964
Simulation results:
{'J': 50, 'K': 5, 'N': 10, 'p': 0.7, 'seed': 12, 'sim': 4, 'runtime': 0.004993767477571964, 'identifiable': 1, 'branch': 6}
5
Q: [[0 0 1 1 0]
 [1 0 1 1 1]
 [0 0 1 1 0]
 [1 1 1 0 1]
 [1 0 1 1 0]
 [1 0 0 0 1]
 [1 1 1 0 1]
 [1 1 1 0 1]
 [1 1 0 0 1]
 [1 1 1 1 1]
 [1 1 1 1 1]
 [1 0 1 1 1]
 [1 0 1 1 1]
 [1 1 0 1 1]
 [0 0 1 0 1]
 [0 1 1 1 1]
 [1 1 1 1 1]
 [1 0 1 1 0]
 [0 1 1 1 1]
 [0 1 1 0 0]
 [1 0 1 1 0]
 [1 0 1 0 1]
 [1 1 1 1 0]
 [1 1 1 1 0]
 [1 1 0 1 1]
 [0 0 1 1 1]
 [1 1 1 0 1]
 [1 1 1 1 1]
 [1 0 0 0 1]
 [1 0 1 1 1]
 [0 1 0 1 0]
 [0 0 1 1 0]
 [1 1 1 1 1]
 [1 1 1 1 0]
 [1 1 1 0 0]
 [0 1 1 1 1]
 [1 0 1 0 0]
 [1 1 0 0 0]
 [1 1 0 1 1]
 [0 0 1 0 0]
 [1 1 1 1 1]
 [0 0 1 1 1]
 [0 1 1 1 1]
 [1 1 1 1 1]
 [1 0 1 1 1]
 [1 1 1 1 0]
 [1 1 1 1 1]
 [0 1 0 1 0]
 [1 1 0 0 1]
 [1 1 0 1 0]]
{'restarts': 1, 'conflicts': 9, 'decisions': 18, 'propagations': 346}
Q is identifiable
branch at 6
runtime for solving id of Q is 0.0032642167061567307
Simulation results:
{'J': 50, 'K': 5, 'N': 10, 'p': 0.7, 'seed': 12, 'sim': 5, 'runtime': 0.0032642167061567307, 'identifiable': 1, 'branch': 6}
6
Q: [[1 1 1 0 0]
 [1 1 1 0 0]
 [1 0 1 1 1]
 [0 0 1 1 1]
 [1 1 1 1 1]
 [1 1 1 0 1]
 [0 1 1 1 0]
 [1 1 1 1 1]
 [0 0 0 1 1]
 [1 1 1 1 1]
 [1 1 1 0 0]
 [1 1 1 1 1]
 [1 0 1 1 0]
 [0 1 1 1 1]
 [1 1 0 0 0]
 [1 0 1 1 0]
 [1 1 1 1 0]
 [0 0 0 1 1]
 [1 1 0 1 1]
 [1 0 1 1 1]
 [1 1 1 0 1]
 [0 1 1 1 1]
 [1 1 1 1 1]
 [1 1 1 0 1]
 [1 1 0 1 1]
 [1 0 1 0 1]
 [1 1 0 1 1]
 [0 0 1 0 1]
 [1 1 0 1 0]
 [1 1 1 0 1]
 [1 1 0 0 1]
 [1 1 1 0 1]
 [1 1 0 0 1]
 [1 0 1 1 0]
 [1 1 1 1 1]
 [0 1 1 1 0]
 [0 1 1 1 1]
 [1 0 1 1 1]
 [1 1 1 1 1]
 [1 1 1 1 1]
 [0 1 1 1 0]
 [1 0 1 1 1]
 [1 1 1 1 1]
 [1 1 1 1 1]
 [1 1 0 0 1]
 [1 1 1 1 0]
 [0 1 1 1 1]
 [0 1 0 1 1]
 [1 1 1 1 1]
 [1 1 0 0 1]]
{'restarts': 1, 'conflicts': 30, 'decisions': 52, 'propagations': 1810}
Q is identifiable
branch at 6
runtime for solving id of Q is 0.004225853830575943
Simulation results:
{'J': 50, 'K': 5, 'N': 10, 'p': 0.7, 'seed': 12, 'sim': 6, 'runtime': 0.004225853830575943, 'identifiable': 1, 'branch': 6}
7
Q: [[1 0 1 0 1]
 [1 1 1 0 1]
 [1 0 1 0 1]
 [1 1 0 1 1]
 [0 0 1 1 0]
 [0 0 1 1 1]
 [1 1 1 0 0]
 [0 1 1 1 1]
 [1 1 0 1 1]
 [0 1 1 1 1]
 [1 1 1 1 0]
 [0 1 1 1 0]
 [0 1 0 1 1]
 [0 1 1 0 1]
 [1 1 0 1 1]
 [0 1 1 1 0]
 [0 1 0 1 1]
 [1 1 1 1 1]
 [1 1 1 1 1]
 [1 1 1 1 0]
 [0 0 1 1 1]
 [0 1 0 1 0]
 [1 0 1 0 1]
 [1 1 1 1 1]
 [1 0 0 1 0]
 [1 0 1 0 1]
 [0 1 0 0 1]
 [0 1 0 1 0]
 [1 1 1 1 1]
 [1 0 1 1 1]
 [1 1 1 1 1]
 [0 1 1 1 1]
 [1 0 1 1 1]
 [1 0 1 1 1]
 [1 1 0 1 1]
 [1 1 1 1 1]
 [1 0 0 1 1]
 [0 1 0 0 1]
 [1 1 0 0 1]
 [1 1 1 1 1]
 [1 1 1 1 1]
 [1 1 1 0 1]
 [1 1 1 1 1]
 [0 0 1 1 1]
 [1 1 1 0 1]
 [0 1 0 1 1]
 [1 1 0 1 0]
 [1 0 0 1 0]
 [1 1 1 1 1]
 [0 0 1 1 1]]
{'restarts': 1, 'conflicts': 19, 'decisions': 42, 'propagations': 1095}
Q is identifiable
branch at 6
runtime for solving id of Q is 0.004440367221832275
Simulation results:
{'J': 50, 'K': 5, 'N': 10, 'p': 0.7, 'seed': 12, 'sim': 7, 'runtime': 0.004440367221832275, 'identifiable': 1, 'branch': 6}
8
Q: [[1 0 0 1 1]
 [0 1 0 0 1]
 [1 1 1 1 0]
 [1 1 0 1 0]
 [1 1 1 1 1]
 [1 1 0 1 1]
 [1 0 1 1 0]
 [0 1 1 1 0]
 [0 1 0 0 1]
 [1 0 1 1 1]
 [1 0 1 1 1]
 [0 1 0 1 0]
 [1 1 1 1 1]
 [1 1 1 0 1]
 [0 1 1 1 1]
 [1 1 1 1 1]
 [0 1 1 1 1]
 [0 0 1 1 1]
 [1 1 1 0 0]
 [0 1 0 1 1]
 [0 0 1 1 1]
 [1 0 1 0 1]
 [1 1 1 1 1]
 [0 1 1 1 1]
 [1 1 1 0 1]
 [1 1 1 1 1]
 [1 1 1 1 1]
 [1 1 1 1 1]
 [1 1 0 1 1]
 [1 1 1 0 0]
 [0 0 1 1 1]
 [0 1 1 1 1]
 [1 1 0 1 1]
 [1 1 1 0 1]
 [0 0 1 1 0]
 [1 1 1 1 0]
 [0 1 0 1 1]
 [1 1 0 1 1]
 [0 0 1 1 1]
 [1 1 1 0 1]
 [1 1 1 1 1]
 [1 1 1 1 0]
 [1 1 1 1 1]
 [1 1 1 0 1]
 [1 1 1 1 1]
 [0 1 1 1 1]
 [1 0 1 1 1]
 [0 1 1 1 1]
 [1 1 1 1 0]
 [1 1 1 1 1]]
{'restarts': 1, 'conflicts': 15, 'decisions': 54, 'propagations': 887}
Q is identifiable
branch at 6
runtime for solving id of Q is 0.0036300281062722206
Simulation results:
{'J': 50, 'K': 5, 'N': 10, 'p': 0.7, 'seed': 12, 'sim': 8, 'runtime': 0.0036300281062722206, 'identifiable': 1, 'branch': 6}
9
Q: [[1 1 1 1 1]
 [0 0 0 1 0]
 [0 1 0 1 1]
 [1 1 1 1 0]
 [1 1 1 1 0]
 [1 1 1 0 1]
 [1 1 1 1 1]
 [1 1 1 1 0]
 [1 1 0 1 1]
 [0 1 1 0 1]
 [1 1 1 0 1]
 [0 1 0 1 1]
 [1 0 0 1 1]
 [1 1 0 1 1]
 [1 1 1 0 1]
 [1 1 1 1 1]
 [0 1 1 1 1]
 [0 1 1 0 1]
 [1 1 1 1 1]
 [0 1 1 1 1]
 [1 1 1 1 1]
 [0 1 1 1 1]
 [1 1 0 1 1]
 [1 1 1 1 1]
 [1 1 1 0 1]
 [1 1 1 1 1]
 [1 0 1 1 1]
 [1 0 0 1 0]
 [1 0 1 1 1]
 [1 1 1 1 1]
 [0 0 1 1 1]
 [0 0 1 1 1]
 [1 1 1 1 1]
 [1 1 0 1 0]
 [1 1 1 0 0]
 [1 1 1 1 1]
 [0 1 1 0 0]
 [0 1 1 1 0]
 [1 0 1 1 1]
 [1 1 1 1 1]
 [1 1 1 0 0]
 [1 1 1 1 0]
 [1 1 0 0 0]
 [1 1 0 1 1]
 [1 0 1 1 1]
 [1 1 1 1 0]
 [0 1 1 1 0]
 [1 0 0 1 0]
 [0 1 1 1 1]
 [1 0 1 1 1]]
{'restarts': 1, 'conflicts': 15, 'decisions': 34, 'propagations': 530}
Q is identifiable
branch at 6
runtime for solving id of Q is 0.003054357133805752
Simulation results:
{'J': 50, 'K': 5, 'N': 10, 'p': 0.7, 'seed': 12, 'sim': 9, 'runtime': 0.003054357133805752, 'identifiable': 1, 'branch': 6}
Simulation results:
[{'J': 50, 'K': 5, 'N': 10, 'p': 0.7, 'seed': 12, 'sim': 0, 'runtime': 0.0038548270240426064, 'identifiable': 1, 'branch': 6}, {'J': 50, 'K': 5, 'N': 10, 'p': 0.7, 'seed': 12, 'sim': 1, 'runtime': 0.004523806273937225, 'identifiable': 1, 'branch': 6}, {'J': 50, 'K': 5, 'N': 10, 'p': 0.7, 'seed': 12, 'sim': 2, 'runtime': 0.0032391687855124474, 'identifiable': 1, 'branch': 6}, {'J': 50, 'K': 5, 'N': 10, 'p': 0.7, 'seed': 12, 'sim': 3, 'runtime': 0.004642306827008724, 'identifiable': 1, 'branch': 6}, {'J': 50, 'K': 5, 'N': 10, 'p': 0.7, 'seed': 12, 'sim': 4, 'runtime': 0.004993767477571964, 'identifiable': 1, 'branch': 6}, {'J': 50, 'K': 5, 'N': 10, 'p': 0.7, 'seed': 12, 'sim': 5, 'runtime': 0.0032642167061567307, 'identifiable': 1, 'branch': 6}, {'J': 50, 'K': 5, 'N': 10, 'p': 0.7, 'seed': 12, 'sim': 6, 'runtime': 0.004225853830575943, 'identifiable': 1, 'branch': 6}, {'J': 50, 'K': 5, 'N': 10, 'p': 0.7, 'seed': 12, 'sim': 7, 'runtime': 0.004440367221832275, 'identifiable': 1, 'branch': 6}, {'J': 50, 'K': 5, 'N': 10, 'p': 0.7, 'seed': 12, 'sim': 8, 'runtime': 0.0036300281062722206, 'identifiable': 1, 'branch': 6}, {'J': 50, 'K': 5, 'N': 10, 'p': 0.7, 'seed': 12, 'sim': 9, 'runtime': 0.003054357133805752, 'identifiable': 1, 'branch': 6}]
