
The Gurobi software has a limited number of licenses. To request a license or
licenses, add this line

    #SBATCH --licenses=gurobi@slurmdb:1

to your SBATCH script, replacing N with the number of licenses you need. Gurobi
will need one license per process.


0
Q: [[1 1 1 0 1 1 1 1 0 1]
 [1 0 0 0 0 1 1 1 1 0]
 [1 1 0 1 1 1 1 0 1 1]
 [1 1 1 1 1 1 0 0 0 1]
 [1 0 0 1 0 1 1 1 0 0]
 [1 1 0 1 1 1 1 1 1 0]
 [1 1 0 1 1 1 1 0 0 1]
 [0 1 0 1 1 1 0 1 1 1]
 [1 1 1 1 1 1 1 1 1 1]
 [0 1 0 1 1 1 0 1 1 1]
 [0 1 1 1 1 0 0 1 1 1]
 [0 1 1 0 1 1 0 1 0 1]
 [1 1 0 1 1 0 1 1 1 0]
 [1 1 0 1 1 1 0 1 0 1]
 [1 0 1 0 0 0 1 0 1 1]
 [1 1 1 1 0 0 1 0 1 0]
 [1 1 1 0 1 1 1 0 1 1]
 [1 1 1 1 1 0 1 1 0 1]
 [1 1 1 0 0 1 1 1 0 1]
 [0 1 1 1 0 1 0 1 1 1]
 [0 1 1 1 0 1 1 1 1 1]
 [1 1 0 1 0 1 1 1 1 0]
 [0 1 0 1 1 1 0 1 1 1]
 [0 1 1 0 0 1 1 1 1 0]
 [1 1 0 1 1 1 0 1 1 0]]
Q is not identifiable (two-column submatrix not identifiable).
Q is not identifiable, and Q_bar is [[1 1 1 0 1 1 1 1 0 1]
 [1 0 0 0 0 1 1 1 1 0]
 [1 0 0 1 1 1 1 0 1 1]
 [1 0 1 1 1 1 0 0 0 1]
 [1 0 0 1 0 1 1 1 0 0]
 [1 0 0 1 1 1 1 1 1 0]
 [1 0 0 1 1 1 1 0 0 1]
 [0 0 0 1 1 1 0 1 1 1]
 [1 1 1 1 1 1 1 1 1 1]
 [0 0 0 1 1 1 0 1 1 1]
 [0 0 1 1 1 0 0 1 1 1]
 [0 0 1 0 1 1 0 1 0 1]
 [1 0 0 1 1 0 1 1 1 0]
 [1 0 0 1 1 1 0 1 0 1]
 [1 0 1 0 0 0 1 0 1 1]
 [1 1 1 1 0 0 1 0 1 0]
 [1 0 1 0 1 1 1 0 1 1]
 [1 0 1 1 1 0 1 1 0 1]
 [1 1 1 0 0 1 1 1 0 1]
 [0 1 1 1 0 1 0 1 1 1]
 [0 1 1 1 0 1 1 1 1 1]
 [1 1 0 1 0 1 1 1 1 0]
 [0 0 0 1 1 1 0 1 1 1]
 [0 1 1 0 0 1 1 1 1 0]
 [1 0 0 1 1 1 0 1 1 0]]
branch at 2
runtime for solving id of Q is 0.001440117135643959
Simulation results:
{'J': 25, 'K': 10, 'N': 10, 'p': 0.7, 'seed': 86, 'sim': 0, 'runtime': 0.001440117135643959, 'identifiable': 0, 'branch': 2}
1
Q: [[1 0 1 1 1 1 1 1 0 1]
 [1 1 1 1 1 1 0 1 1 1]
 [1 0 1 1 0 1 1 1 1 1]
 [1 0 1 1 1 1 0 0 0 1]
 [0 1 1 0 1 1 0 0 0 0]
 [1 0 1 1 1 0 1 0 1 1]
 [1 1 1 0 0 1 1 1 1 1]
 [0 1 1 0 1 1 0 0 0 1]
 [0 1 1 1 1 1 0 0 1 1]
 [1 1 0 1 0 1 1 1 0 0]
 [1 1 1 0 1 0 1 1 1 1]
 [1 1 1 1 1 1 0 0 1 1]
 [1 1 0 1 0 1 0 1 1 1]
 [0 0 1 1 0 1 0 1 1 0]
 [0 1 1 0 1 0 1 1 1 1]
 [1 1 1 0 1 1 1 0 1 0]
 [0 1 1 0 1 1 1 0 1 1]
 [1 1 1 1 1 1 0 1 1 0]
 [1 1 0 1 1 1 1 0 1 0]
 [1 0 1 1 1 1 0 1 1 1]
 [1 1 1 1 1 0 1 0 1 0]
 [1 1 0 0 1 1 0 0 1 1]
 [1 0 1 0 1 1 0 0 1 1]
 [1 1 0 1 1 1 0 1 1 1]
 [1 0 0 0 1 1 0 0 0 1]]
{'restarts': 5, 'conflicts': 950, 'decisions': 2432, 'propagations': 185042}
Q is not identifiable, and Q_bar is [[0 1 1 1 0 1 1 1 0 1]
 [0 1 1 1 1 1 1 1 1 0]
 [0 0 1 1 0 1 1 1 1 1]
 [0 1 1 1 0 1 1 0 0 0]
 [0 0 1 0 1 1 0 0 0 0]
 [0 1 1 1 0 0 1 0 1 1]
 [1 0 1 0 0 1 1 1 1 1]
 [0 1 1 0 1 1 0 0 0 0]
 [0 1 1 1 1 1 0 0 1 0]
 [1 0 0 1 0 1 0 1 0 1]
 [1 1 1 0 1 0 0 1 1 1]
 [0 1 1 1 1 1 1 0 1 0]
 [1 0 0 1 0 1 1 1 1 0]
 [0 0 1 1 0 1 0 1 1 0]
 [0 1 1 0 1 0 0 1 1 1]
 [1 0 1 0 1 1 0 0 1 1]
 [0 1 1 0 1 1 0 0 1 1]
 [1 0 1 1 1 1 0 1 1 0]
 [1 0 0 1 1 1 0 0 1 1]
 [0 1 1 1 0 1 1 1 1 0]
 [1 0 1 1 1 0 0 0 1 1]
 [1 0 0 0 1 1 1 0 1 0]
 [0 1 1 0 0 1 1 0 1 0]
 [1 1 0 1 0 1 1 1 1 0]
 [0 1 0 0 0 1 1 0 0 0]]
branch at 5
runtime for solving id of Q is 0.06358810816891491
Simulation results:
{'J': 25, 'K': 10, 'N': 10, 'p': 0.7, 'seed': 86, 'sim': 1, 'runtime': 0.06358810816891491, 'identifiable': 0, 'branch': 5}
2
Q: [[1 1 1 1 0 1 1 1 0 0]
 [1 1 1 0 1 1 1 1 1 1]
 [1 0 1 1 1 1 1 1 1 0]
 [1 0 1 0 0 1 1 1 0 1]
 [1 1 0 1 1 1 1 1 0 0]
 [1 1 1 1 1 0 1 1 1 1]
 [0 1 0 0 0 1 1 1 1 1]
 [1 1 1 1 1 1 0 1 1 1]
 [0 0 1 1 1 1 0 1 0 1]
 [1 1 0 1 1 0 1 1 1 0]
 [1 1 1 1 0 1 0 1 1 1]
 [0 0 0 1 1 1 1 1 1 0]
 [1 1 0 1 0 1 0 1 1 0]
 [1 0 0 0 1 1 1 1 0 1]
 [1 1 0 1 1 1 1 1 1 0]
 [1 1 1 0 0 0 1 1 1 1]
 [1 1 1 1 0 0 1 1 1 0]
 [0 1 1 0 1 0 1 1 0 1]
 [1 1 1 1 1 1 1 0 1 1]
 [1 1 1 1 1 1 1 0 0 1]
 [1 1 1 1 1 1 1 0 1 1]
 [0 1 1 0 1 1 1 1 1 1]
 [1 1 1 1 1 1 1 1 1 1]
 [1 0 1 1 1 1 0 0 1 1]
 [0 1 1 0 0 1 1 1 0 0]]
{'restarts': 2, 'conflicts': 434, 'decisions': 1477, 'propagations': 86434}
Q is not identifiable, and Q_bar is [[1 0 0 0 0 0 1 0 0 1]
 [0 1 0 0 1 0 1 1 1 1]
 [0 1 0 1 0 1 0 1 0 0]
 [0 1 1 0 0 0 1 0 0 0]
 [1 0 0 0 0 0 1 1 0 0]
 [1 0 1 0 1 0 0 1 1 1]
 [0 0 0 0 1 0 1 0 1 0]
 [1 0 0 1 1 1 0 0 0 0]
 [0 0 0 1 1 0 0 0 0 0]
 [1 0 0 0 0 0 0 1 1 0]
 [0 1 1 0 0 1 0 0 1 0]
 [0 0 0 0 0 1 0 1 0 0]
 [1 0 0 0 0 1 0 0 0 0]
 [0 1 0 0 1 0 1 1 0 0]
 [1 0 0 0 0 1 0 1 0 0]
 [0 1 1 0 0 0 0 0 1 1]
 [1 0 0 0 0 0 0 0 1 1]
 [0 0 1 0 1 0 0 1 0 1]
 [0 1 1 1 0 1 0 0 0 1]
 [0 1 1 1 0 0 0 0 0 1]
 [0 1 1 1 0 1 0 0 0 1]
 [0 0 1 0 1 0 1 1 1 1]
 [0 1 0 1 1 0 1 1 1 0]
 [0 1 1 1 0 1 0 0 0 0]
 [0 0 0 0 0 0 1 0 0 1]]
branch at 5
runtime for solving id of Q is 0.03973182197660208
Simulation results:
{'J': 25, 'K': 10, 'N': 10, 'p': 0.7, 'seed': 86, 'sim': 2, 'runtime': 0.03973182197660208, 'identifiable': 0, 'branch': 5}
3
Q: [[1 1 1 0 1 1 0 1 1 1]
 [1 1 1 1 1 0 1 1 1 1]
 [1 1 1 1 1 1 1 1 1 1]
 [0 1 1 0 0 0 1 1 1 1]
 [0 1 1 1 1 1 1 1 1 0]
 [1 0 0 1 1 1 1 0 1 0]
 [1 1 1 1 1 0 1 0 1 0]
 [1 1 0 1 1 0 0 1 1 0]
 [0 1 1 1 0 0 0 0 1 1]
 [1 1 0 1 1 0 1 0 1 1]
 [1 1 1 0 1 0 1 0 1 1]
 [1 0 1 1 0 0 1 1 0 1]
 [1 1 0 1 1 0 1 0 0 1]
 [1 1 1 1 1 1 1 1 0 1]
 [0 1 0 1 1 1 1 1 1 1]
 [1 1 0 1 0 1 1 0 1 0]
 [1 1 1 1 0 1 1 0 1 1]
 [0 0 1 0 1 1 0 1 1 1]
 [1 0 1 0 1 1 0 1 1 0]
 [1 1 1 0 0 1 1 0 1 1]
 [1 1 1 1 0 1 1 1 1 1]
 [1 1 1 0 1 1 0 1 1 1]
 [0 1 1 0 1 0 1 1 1 1]
 [0 1 1 1 0 1 1 1 0 0]
 [1 1 0 1 0 0 1 1 1 1]]
{'restarts': 15, 'conflicts': 2730, 'decisions': 7239, 'propagations': 586439}
Q is not identifiable, and Q_bar is [[1 0 0 0 1 0 1 1 1 1]
 [1 1 0 0 1 1 1 0 1 1]
 [1 1 1 0 1 1 0 1 1 1]
 [0 0 0 0 1 1 0 0 1 0]
 [0 1 1 1 1 0 1 0 1 0]
 [1 1 0 0 0 0 0 1 0 0]
 [1 1 1 0 1 0 1 0 0 0]
 [1 0 1 0 0 0 1 0 1 0]
 [0 0 1 0 1 0 0 0 0 1]
 [1 0 1 0 0 1 1 0 0 0]
 [1 0 0 0 1 1 1 0 0 1]
 [1 1 0 0 1 0 0 0 1 1]
 [1 1 0 0 0 0 1 0 0 1]
 [1 1 0 1 1 0 1 0 1 1]
 [0 1 1 0 0 1 0 1 1 1]
 [1 0 1 1 0 0 0 0 0 0]
 [1 0 1 1 1 0 0 0 0 1]
 [0 0 0 0 1 0 0 1 1 1]
 [1 0 0 0 1 0 0 1 1 0]
 [1 0 0 1 1 1 0 0 0 1]
 [1 1 0 1 1 1 0 0 1 1]
 [1 0 0 0 1 0 1 1 1 1]
 [0 0 0 0 1 1 1 0 1 0]
 [0 1 0 1 1 0 0 0 1 0]
 [1 1 0 0 0 1 0 0 1 0]]
branch at 5
runtime for solving id of Q is 0.1511148209683597
Simulation results:
{'J': 25, 'K': 10, 'N': 10, 'p': 0.7, 'seed': 86, 'sim': 3, 'runtime': 0.1511148209683597, 'identifiable': 0, 'branch': 5}
4
Q: [[1 0 1 1 0 1 0 0 0 1]
 [1 0 1 1 1 0 1 0 0 1]
 [1 0 1 0 1 1 1 1 0 1]
 [1 1 1 1 0 1 1 1 1 1]
 [1 1 1 1 0 1 0 1 1 0]
 [1 1 1 1 1 1 1 1 0 1]
 [1 0 0 1 1 1 0 1 0 1]
 [1 1 1 1 1 0 1 1 0 1]
 [1 1 0 1 0 0 1 1 0 0]
 [1 1 1 1 0 0 1 1 1 0]
 [1 0 1 1 1 0 0 1 1 1]
 [0 0 0 1 1 1 1 1 0 0]
 [1 1 0 1 0 1 1 0 1 1]
 [1 0 1 1 0 1 1 1 0 1]
 [1 1 1 0 1 0 1 0 1 1]
 [1 1 1 1 1 1 1 0 1 1]
 [1 1 1 1 1 1 0 1 0 1]
 [1 1 1 1 1 1 0 1 0 0]
 [0 1 1 1 1 1 1 0 0 1]
 [1 0 1 1 0 0 1 1 1 1]
 [0 1 1 1 1 1 1 0 0 1]
 [1 1 1 1 1 0 0 1 0 0]
 [0 1 0 0 1 1 0 1 1 0]
 [1 1 1 1 1 1 1 1 1 1]
 [1 1 0 1 1 0 1 1 0 0]]
Q is not identifiable (three-column submatrix not identifiable).
Q is not identifiable, and Q_bar is [[1 0 1 1 0 1 0 0 0 1]
 [1 0 1 1 1 0 1 0 0 1]
 [1 0 1 0 1 1 1 1 0 1]
 [1 1 1 1 0 1 1 1 1 1]
 [1 1 1 1 0 1 0 1 1 0]
 [1 1 1 1 1 1 1 1 0 1]
 [1 0 0 1 1 1 0 1 0 1]
 [1 1 1 1 1 0 1 1 0 1]
 [1 1 0 1 0 0 1 1 0 0]
 [1 1 1 1 0 0 1 1 1 0]
 [1 0 1 1 1 0 0 1 1 1]
 [1 0 0 0 1 1 0 1 0 0]
 [1 1 0 1 0 1 1 0 1 1]
 [1 0 1 1 0 1 1 1 0 1]
 [1 1 1 0 1 0 1 0 1 1]
 [1 1 1 1 1 1 1 0 1 1]
 [1 1 1 1 1 1 0 1 0 1]
 [1 1 1 1 1 1 0 1 0 0]
 [0 1 1 1 1 1 1 0 0 1]
 [1 0 1 1 0 0 1 1 1 1]
 [0 1 1 1 1 1 1 0 0 1]
 [1 1 1 1 1 0 0 1 0 0]
 [0 1 0 0 1 1 0 1 1 0]
 [1 1 1 1 1 1 1 1 1 1]
 [1 1 0 1 1 0 1 1 0 0]]
branch at 3
runtime for solving id of Q is 0.002498405985534191
Simulation results:
{'J': 25, 'K': 10, 'N': 10, 'p': 0.7, 'seed': 86, 'sim': 4, 'runtime': 0.002498405985534191, 'identifiable': 0, 'branch': 3}
5
Q: [[1 0 0 1 1 1 1 1 1 1]
 [1 1 1 0 1 0 0 1 1 1]
 [1 0 1 1 0 1 0 0 1 1]
 [1 0 1 0 1 1 1 0 0 1]
 [0 1 1 1 1 0 1 1 1 0]
 [1 1 0 1 1 1 1 0 1 1]
 [0 1 1 1 1 0 1 0 1 0]
 [1 1 1 1 1 1 0 1 0 1]
 [1 1 1 1 0 1 1 1 0 0]
 [1 1 1 0 0 1 1 1 1 1]
 [1 1 1 1 1 0 1 1 0 1]
 [1 1 0 1 0 0 0 1 0 1]
 [0 1 1 1 1 0 1 1 1 0]
 [1 1 1 1 1 1 1 1 1 0]
 [1 0 0 1 1 1 0 1 1 0]
 [1 1 1 1 1 1 1 1 0 1]
 [0 1 0 1 0 1 1 1 1 1]
 [1 0 0 1 1 1 1 1 1 1]
 [1 0 0 1 0 0 0 1 1 1]
 [0 1 0 1 1 1 0 0 0 1]
 [0 0 1 0 1 1 0 1 0 1]
 [1 0 0 1 1 1 1 1 1 1]
 [0 1 1 1 1 1 0 1 1 1]
 [1 1 1 1 1 1 1 1 1 1]
 [0 1 1 1 1 1 1 0 1 1]]
Q is not identifiable (three-column submatrix not identifiable).
Q is not identifiable, and Q_bar is [[1 0 0 1 1 1 1 1 1 1]
 [1 1 1 0 1 0 0 1 1 1]
 [1 0 1 1 0 1 0 0 1 1]
 [1 0 1 0 1 1 1 0 0 1]
 [0 1 1 1 1 0 1 1 1 0]
 [1 1 0 1 1 1 1 0 1 1]
 [0 1 1 1 1 0 1 0 1 0]
 [1 1 1 1 1 0 0 1 0 1]
 [1 1 1 1 0 1 1 1 0 0]
 [1 1 1 0 0 1 1 1 1 1]
 [1 1 1 1 1 0 1 1 0 1]
 [1 1 0 1 0 0 0 1 0 1]
 [0 1 1 1 1 0 1 1 1 0]
 [1 1 1 1 1 1 1 1 1 0]
 [1 0 0 1 1 1 0 1 1 0]
 [1 1 1 1 1 1 1 1 0 1]
 [0 1 0 1 0 1 1 1 1 1]
 [1 0 0 1 1 1 1 1 1 1]
 [1 0 0 1 0 0 0 1 1 1]
 [0 1 0 1 1 1 0 0 0 1]
 [1 0 1 0 1 0 0 1 0 0]
 [1 0 0 1 1 1 1 1 1 1]
 [0 1 1 1 1 1 0 1 1 1]
 [1 1 1 1 1 1 1 1 1 1]
 [0 1 1 1 1 1 1 0 1 1]]
branch at 3
runtime for solving id of Q is 0.002542871981859207
Simulation results:
{'J': 25, 'K': 10, 'N': 10, 'p': 0.7, 'seed': 86, 'sim': 5, 'runtime': 0.002542871981859207, 'identifiable': 0, 'branch': 3}
6
Q: [[0 1 1 1 1 1 0 1 1 1]
 [1 0 0 0 1 1 1 1 1 0]
 [1 0 0 1 1 0 1 1 0 1]
 [0 1 1 1 0 1 1 0 1 1]
 [1 1 1 1 1 0 1 1 0 0]
 [1 1 1 1 0 1 1 1 1 1]
 [0 1 1 0 1 1 1 0 1 0]
 [1 1 0 1 0 1 1 1 1 1]
 [0 1 0 1 1 1 1 1 1 1]
 [1 0 0 1 1 1 1 1 1 1]
 [1 0 1 1 1 1 1 1 1 1]
 [0 0 1 1 0 0 1 1 1 1]
 [1 0 1 1 1 1 0 1 1 1]
 [1 0 1 1 1 0 1 0 1 1]
 [1 0 1 1 1 0 1 1 0 1]
 [0 1 1 1 1 1 1 0 1 1]
 [0 0 1 1 1 1 1 1 0 1]
 [1 1 1 0 1 1 1 1 0 0]
 [1 0 1 1 1 1 1 1 1 0]
 [1 1 1 0 1 1 1 1 1 1]
 [1 0 1 1 0 1 0 1 0 1]
 [1 0 1 0 1 1 1 1 1 1]
 [1 1 1 1 1 1 1 0 0 1]
 [0 0 0 0 1 1 0 1 0 1]
 [1 1 1 1 1 1 0 0 1 1]]
{'restarts': 1, 'conflicts': 72, 'decisions': 692, 'propagations': 14335}
Q is not identifiable, and Q_bar is [[0 0 1 0 1 0 0 1 0 1]
 [1 1 0 0 0 0 0 1 1 0]
 [0 1 0 0 0 1 0 0 0 1]
 [0 0 1 0 1 0 0 0 1 1]
 [0 1 1 0 0 1 1 0 0 0]
 [1 0 1 1 1 0 0 0 1 1]
 [0 0 1 0 0 0 1 0 1 0]
 [1 0 1 0 0 1 0 0 1 1]
 [0 0 1 0 0 1 0 1 1 1]
 [1 1 0 0 0 1 0 1 1 1]
 [1 1 0 0 1 1 0 1 1 1]
 [0 0 0 0 1 1 0 0 0 1]
 [1 0 0 0 1 0 0 1 0 1]
 [0 1 0 0 1 0 1 0 0 1]
 [0 1 0 0 0 1 1 0 0 1]
 [0 0 1 0 1 0 1 0 1 1]
 [0 0 0 1 0 1 1 1 0 1]
 [1 0 1 0 0 0 1 1 0 0]
 [0 1 0 1 1 1 0 0 0 0]
 [1 1 1 0 0 0 1 1 1 1]
 [1 0 0 1 0 0 0 0 0 1]
 [1 0 0 0 0 0 1 1 1 1]
 [0 1 1 1 0 0 1 0 0 1]
 [0 0 0 0 0 0 0 1 0 1]
 [0 1 1 1 1 0 0 0 0 1]]
branch at 5
runtime for solving id of Q is 0.032802881905809045
Simulation results:
{'J': 25, 'K': 10, 'N': 10, 'p': 0.7, 'seed': 86, 'sim': 6, 'runtime': 0.032802881905809045, 'identifiable': 0, 'branch': 5}
7
Q: [[1 1 1 1 1 1 1 1 0 0]
 [1 1 1 1 1 0 0 1 0 1]
 [0 1 0 1 0 1 1 1 1 1]
 [1 1 1 1 1 1 0 1 1 1]
 [0 1 1 0 1 1 1 0 1 0]
 [0 0 1 1 1 0 0 1 1 1]
 [1 1 0 1 1 0 1 1 0 1]
 [1 1 1 1 0 0 1 1 1 1]
 [1 1 0 0 0 1 0 1 1 1]
 [1 1 1 0 1 1 0 1 1 1]
 [0 0 1 1 1 1 1 0 1 0]
 [0 1 1 1 1 1 1 0 1 0]
 [0 0 1 1 0 1 1 1 1 1]
 [0 1 1 1 1 0 1 1 1 1]
 [1 1 1 1 0 0 1 0 1 1]
 [1 0 1 0 1 1 1 1 1 1]
 [0 1 1 1 1 1 1 0 0 0]
 [1 0 0 0 0 0 0 1 0 1]
 [0 1 1 1 1 0 1 1 0 1]
 [0 0 1 1 0 0 1 1 1 1]
 [1 1 1 1 1 0 1 0 0 0]
 [1 1 1 1 1 1 1 1 0 0]
 [1 1 1 1 0 1 1 1 0 1]
 [1 1 1 0 1 0 0 0 1 0]
 [1 0 1 1 1 0 0 1 0 0]]
{'restarts': 5, 'conflicts': 770, 'decisions': 2657, 'propagations': 161659}
Q is not identifiable, and Q_bar is [[1 1 0 1 1 1 1 0 1 0]
 [1 1 0 0 1 0 0 1 1 0]
 [0 1 0 1 0 1 0 1 0 1]
 [1 1 0 0 1 1 0 1 1 1]
 [0 1 1 0 1 1 1 0 0 0]
 [0 0 0 0 1 0 0 0 1 1]
 [1 1 0 1 1 0 0 1 0 0]
 [1 1 1 1 0 0 1 1 1 1]
 [1 1 0 0 0 1 0 1 0 1]
 [1 1 1 0 1 1 0 1 0 1]
 [0 0 1 1 1 1 0 0 0 0]
 [0 1 1 1 1 1 1 0 0 0]
 [0 0 1 1 0 1 0 1 1 0]
 [0 1 1 1 1 0 1 1 1 1]
 [1 1 1 1 0 0 0 0 0 1]
 [1 0 0 0 1 1 1 1 0 1]
 [0 1 0 1 1 1 1 0 0 0]
 [1 0 0 0 0 0 0 1 0 0]
 [0 1 0 0 1 0 1 1 1 0]
 [0 0 1 1 0 0 1 1 1 1]
 [1 1 0 1 1 0 1 0 0 0]
 [1 1 0 1 1 1 1 0 1 0]
 [1 1 0 1 0 1 0 1 1 0]
 [1 1 1 0 1 0 0 0 0 0]
 [1 0 0 0 1 0 0 0 1 0]]
branch at 5
runtime for solving id of Q is 0.09672036208212376
Simulation results:
{'J': 25, 'K': 10, 'N': 10, 'p': 0.7, 'seed': 86, 'sim': 7, 'runtime': 0.09672036208212376, 'identifiable': 0, 'branch': 5}
8
Q: [[0 1 1 1 1 1 1 0 1 0]
 [0 1 1 0 0 1 1 1 0 1]
 [0 1 1 0 1 1 1 1 0 1]
 [1 0 0 1 1 1 0 1 1 0]
 [1 0 1 1 1 0 0 1 1 1]
 [1 1 1 1 1 0 0 1 0 1]
 [1 0 1 1 1 1 0 1 1 1]
 [1 0 0 1 0 0 1 1 0 1]
 [1 1 0 0 1 0 1 1 1 1]
 [0 1 1 1 1 0 1 0 1 1]
 [0 1 1 0 1 1 0 1 1 1]
 [0 0 0 0 0 1 1 1 1 1]
 [1 1 0 1 1 1 0 0 1 1]
 [1 1 0 1 1 1 1 1 1 0]
 [1 1 1 0 0 1 1 1 0 1]
 [1 1 0 1 1 1 1 1 1 0]
 [0 1 0 1 0 0 1 1 0 1]
 [1 1 1 0 1 1 1 0 0 1]
 [1 1 1 1 0 1 1 0 0 1]
 [1 0 1 1 1 0 1 0 1 1]
 [1 1 0 1 1 1 1 1 1 1]
 [1 0 1 0 1 1 1 1 1 1]
 [0 0 0 1 0 0 1 1 1 1]
 [1 1 1 1 1 1 1 1 1 1]
 [0 1 0 0 1 0 1 1 1 1]]
{'restarts': 9, 'conflicts': 1770, 'decisions': 5097, 'propagations': 429668}
Q is not identifiable, and Q_bar is [[0 1 1 0 1 1 0 0 1 0]
 [0 0 1 0 1 0 1 0 1 0]
 [0 0 1 1 1 0 1 1 1 0]
 [1 1 0 0 0 1 0 0 1 1]
 [1 1 1 0 0 1 1 0 0 0]
 [1 0 1 1 0 1 1 0 0 0]
 [1 1 1 0 0 1 1 0 1 1]
 [1 0 0 0 0 1 1 1 0 0]
 [1 0 0 1 0 0 0 1 0 1]
 [0 1 1 1 0 1 0 1 0 0]
 [0 1 1 1 0 0 0 0 1 1]
 [0 0 0 0 0 0 1 1 1 1]
 [1 1 0 1 0 1 0 0 1 0]
 [1 1 0 0 1 1 0 0 1 1]
 [1 0 1 0 1 0 1 0 1 0]
 [1 1 0 0 1 1 0 0 1 1]
 [0 0 0 0 1 1 1 0 0 0]
 [1 0 1 1 0 0 0 1 1 0]
 [1 0 1 0 1 1 0 1 1 0]
 [1 1 1 0 0 1 0 1 0 0]
 [1 1 0 1 0 1 1 1 1 1]
 [1 1 1 0 0 0 0 1 1 1]
 [0 0 0 0 0 1 0 1 0 1]
 [1 1 1 1 1 1 1 1 1 1]
 [0 1 0 1 0 0 0 1 0 1]]
branch at 5
runtime for solving id of Q is 0.10341811599209905
Simulation results:
{'J': 25, 'K': 10, 'N': 10, 'p': 0.7, 'seed': 86, 'sim': 8, 'runtime': 0.10341811599209905, 'identifiable': 0, 'branch': 5}
9
Q: [[1 1 0 1 0 1 1 1 1 1]
 [1 1 1 1 1 1 1 1 1 1]
 [1 0 1 0 0 0 0 1 1 1]
 [1 1 1 0 1 1 0 1 1 1]
 [0 1 1 1 1 1 0 1 1 0]
 [1 0 1 1 1 1 1 0 1 0]
 [1 1 0 1 1 1 0 1 0 1]
 [1 1 1 1 1 1 0 0 1 1]
 [1 1 1 1 1 1 1 0 0 1]
 [0 0 1 1 1 1 1 1 0 0]
 [1 1 1 1 0 1 0 1 1 1]
 [1 1 1 1 1 1 1 0 0 0]
 [1 0 1 1 1 1 0 0 0 1]
 [1 1 0 1 1 0 1 1 0 0]
 [1 1 0 1 0 1 1 1 1 1]
 [1 1 1 0 1 0 1 0 1 1]
 [0 1 0 1 1 1 1 1 1 0]
 [1 1 1 1 0 1 1 1 1 1]
 [0 1 0 0 1 0 1 1 1 1]
 [0 1 1 1 1 1 1 1 0 1]
 [1 1 1 1 0 0 1 1 1 1]
 [1 1 1 1 0 1 0 1 1 1]
 [0 1 1 0 0 0 0 1 1 0]
 [1 1 0 1 1 1 1 0 1 0]
 [1 1 1 0 1 0 1 0 0 1]]
{'restarts': 2, 'conflicts': 932, 'decisions': 2255, 'propagations': 172466}
Q is not identifiable, and Q_bar is [[1 1 1 0 0 0 1 1 1 1]
 [1 1 1 1 1 1 1 1 1 1]
 [1 0 0 0 0 1 0 1 1 1]
 [1 1 0 1 0 1 0 1 1 1]
 [0 1 0 1 0 1 1 1 1 0]
 [1 0 0 1 1 1 1 0 1 0]
 [1 1 0 1 0 0 1 1 0 1]
 [1 1 0 1 0 1 1 0 1 1]
 [1 1 0 1 1 1 1 0 0 1]
 [0 0 1 1 1 1 1 1 0 0]
 [1 1 0 0 0 1 1 1 1 1]
 [1 1 0 1 1 1 1 0 0 0]
 [1 0 0 1 0 1 1 0 0 1]
 [1 1 1 0 1 0 0 0 0 0]
 [1 1 1 0 0 0 1 1 1 1]
 [1 1 0 0 1 1 0 0 1 1]
 [0 1 0 1 1 0 1 1 1 0]
 [1 1 1 0 0 1 1 1 1 1]
 [0 1 0 0 1 0 0 1 1 1]
 [0 1 0 1 1 1 1 1 0 1]
 [1 1 1 0 0 1 0 0 1 1]
 [1 1 0 0 0 1 1 1 1 1]
 [0 1 0 0 0 1 0 1 1 0]
 [1 1 0 0 1 0 1 0 1 0]
 [1 1 0 0 1 1 0 0 0 1]]
branch at 5
runtime for solving id of Q is 0.06027746107429266
Simulation results:
{'J': 25, 'K': 10, 'N': 10, 'p': 0.7, 'seed': 86, 'sim': 9, 'runtime': 0.06027746107429266, 'identifiable': 0, 'branch': 5}
Simulation results:
[{'J': 25, 'K': 10, 'N': 10, 'p': 0.7, 'seed': 86, 'sim': 0, 'runtime': 0.001440117135643959, 'identifiable': 0, 'branch': 2}, {'J': 25, 'K': 10, 'N': 10, 'p': 0.7, 'seed': 86, 'sim': 1, 'runtime': 0.06358810816891491, 'identifiable': 0, 'branch': 5}, {'J': 25, 'K': 10, 'N': 10, 'p': 0.7, 'seed': 86, 'sim': 2, 'runtime': 0.03973182197660208, 'identifiable': 0, 'branch': 5}, {'J': 25, 'K': 10, 'N': 10, 'p': 0.7, 'seed': 86, 'sim': 3, 'runtime': 0.1511148209683597, 'identifiable': 0, 'branch': 5}, {'J': 25, 'K': 10, 'N': 10, 'p': 0.7, 'seed': 86, 'sim': 4, 'runtime': 0.002498405985534191, 'identifiable': 0, 'branch': 3}, {'J': 25, 'K': 10, 'N': 10, 'p': 0.7, 'seed': 86, 'sim': 5, 'runtime': 0.002542871981859207, 'identifiable': 0, 'branch': 3}, {'J': 25, 'K': 10, 'N': 10, 'p': 0.7, 'seed': 86, 'sim': 6, 'runtime': 0.032802881905809045, 'identifiable': 0, 'branch': 5}, {'J': 25, 'K': 10, 'N': 10, 'p': 0.7, 'seed': 86, 'sim': 7, 'runtime': 0.09672036208212376, 'identifiable': 0, 'branch': 5}, {'J': 25, 'K': 10, 'N': 10, 'p': 0.7, 'seed': 86, 'sim': 8, 'runtime': 0.10341811599209905, 'identifiable': 0, 'branch': 5}, {'J': 25, 'K': 10, 'N': 10, 'p': 0.7, 'seed': 86, 'sim': 9, 'runtime': 0.06027746107429266, 'identifiable': 0, 'branch': 5}]
