
The Gurobi software has a limited number of licenses. To request a license or
licenses, add this line

    #SBATCH --licenses=gurobi@slurmdb:1

to your SBATCH script, replacing N with the number of licenses you need. Gurobi
will need one license per process.


0
Q: [[1 1 1 1 0 0 1 1 1 0]
 [0 1 1 1 1 1 1 1 1 1]
 [1 1 0 0 0 0 1 0 0 0]
 [0 1 1 1 0 1 1 1 1 1]
 [1 1 1 0 1 0 1 1 0 1]
 [1 1 1 1 1 1 1 0 1 1]
 [1 1 1 1 1 0 1 1 1 0]
 [0 1 1 0 1 0 1 0 0 1]
 [0 0 1 1 1 0 0 1 1 1]
 [1 1 1 1 1 1 1 0 1 1]
 [1 0 1 0 1 1 0 1 1 1]
 [1 0 1 1 1 0 1 1 1 1]
 [1 1 1 1 1 0 1 0 0 1]
 [1 0 0 1 1 0 1 0 0 1]
 [1 1 1 1 1 1 1 0 1 1]
 [1 0 0 0 1 0 1 0 0 1]
 [1 1 1 0 1 0 1 1 1 1]
 [1 1 0 1 0 1 1 1 1 1]
 [1 1 1 0 0 1 0 0 1 1]
 [1 0 0 0 0 0 1 1 0 1]
 [0 1 1 1 0 0 1 0 1 1]
 [1 1 0 1 1 1 1 1 0 1]
 [0 1 0 1 1 1 0 1 0 1]
 [1 1 1 0 1 1 1 1 1 1]
 [1 1 1 0 0 0 1 0 1 1]
 [1 1 0 0 1 0 1 1 0 0]
 [0 1 1 1 0 1 0 1 0 1]
 [1 0 0 1 1 1 1 1 1 0]
 [0 1 0 1 0 1 1 1 1 0]
 [1 1 1 1 0 1 1 1 0 1]
 [1 1 1 1 1 1 1 0 1 1]
 [0 0 1 1 0 1 1 1 1 1]
 [0 1 1 1 1 0 1 1 1 1]
 [1 1 1 1 1 1 0 1 1 1]
 [1 1 1 0 0 1 1 0 1 1]
 [1 1 0 0 1 1 1 1 1 1]
 [0 1 1 1 1 1 1 0 1 0]
 [1 1 1 1 1 1 1 1 1 1]
 [0 0 1 1 1 1 1 1 1 1]
 [0 1 0 0 1 1 0 1 0 1]
 [1 1 1 1 0 1 0 0 1 0]
 [1 1 1 1 1 1 1 1 0 1]
 [0 0 0 1 1 1 1 1 1 1]
 [0 1 1 1 1 1 0 1 0 0]
 [1 0 0 1 0 1 1 1 0 1]
 [0 1 0 0 1 1 0 0 1 1]
 [1 1 0 0 1 1 0 1 1 1]
 [1 1 1 1 1 1 1 1 1 1]
 [1 1 1 1 0 0 0 1 1 0]
 [1 1 1 1 1 1 0 1 1 1]]
{'restarts': 648, 'conflicts': 178476, 'decisions': 243713, 'propagations': 76328170}
Q is identifiable
branch at 6
runtime for solving id of Q is 17.81815889570862
Simulation results:
{'J': 50, 'K': 10, 'N': 10, 'p': 0.7, 'seed': 914, 'sim': 0, 'runtime': 17.81815889570862, 'identifiable': 1, 'branch': 6}
1
Q: [[1 0 1 1 1 1 1 1 0 1]
 [0 1 0 0 1 0 1 1 1 0]
 [1 1 1 1 1 1 1 1 1 1]
 [0 1 0 1 1 1 0 1 0 1]
 [0 1 0 0 1 1 1 1 1 1]
 [1 1 1 1 0 1 0 1 0 1]
 [1 1 0 0 1 0 1 1 1 1]
 [1 1 1 1 1 1 1 1 0 0]
 [0 1 1 1 1 0 1 1 1 1]
 [1 0 0 0 1 0 1 0 1 1]
 [1 1 0 1 0 1 1 1 1 1]
 [1 0 1 1 1 0 0 0 0 0]
 [0 1 1 1 1 1 1 1 0 1]
 [0 0 1 0 1 1 1 1 1 1]
 [1 1 1 0 1 0 1 1 1 1]
 [1 1 1 1 1 1 0 1 0 1]
 [0 1 0 1 1 1 1 0 1 0]
 [1 0 1 1 0 1 1 1 1 0]
 [1 1 1 0 0 1 0 1 1 0]
 [0 0 0 1 1 1 1 1 1 1]
 [0 1 0 1 0 1 1 0 1 0]
 [1 0 1 1 1 0 0 1 1 1]
 [0 1 1 0 1 0 1 1 0 1]
 [0 1 1 1 1 1 1 0 1 1]
 [1 1 1 1 0 1 1 0 0 1]
 [0 1 1 1 1 1 1 0 1 1]
 [0 1 1 0 0 1 1 0 1 1]
 [1 1 1 0 0 1 1 1 1 0]
 [1 1 1 1 1 1 0 1 0 0]
 [1 1 0 1 0 1 1 1 1 1]
 [1 0 0 1 0 1 1 1 1 0]
 [1 1 0 1 0 1 0 0 0 0]
 [1 1 0 1 1 0 0 1 1 0]
 [1 1 1 1 1 1 1 1 1 0]
 [1 1 1 0 1 1 1 0 0 1]
 [1 1 1 0 1 1 0 0 1 0]
 [0 1 1 0 1 1 1 0 1 0]
 [1 1 0 1 0 1 1 1 1 1]
 [1 0 0 1 1 1 1 0 1 0]
 [0 1 1 1 1 1 1 1 1 1]
 [1 1 1 1 1 1 0 1 1 1]
 [1 1 1 0 1 1 1 1 1 1]
 [1 0 1 1 1 1 0 1 1 1]
 [1 1 1 1 1 0 1 0 1 0]
 [1 0 1 1 0 1 1 0 1 0]
 [1 1 1 1 0 1 0 0 1 0]
 [1 1 1 1 1 1 1 1 0 0]
 [1 1 0 1 1 1 1 1 0 1]
 [1 1 0 1 0 0 1 1 1 1]
 [0 1 0 1 0 1 0 1 1 1]]
{'restarts': 489, 'conflicts': 114653, 'decisions': 169615, 'propagations': 60348448}
Q is identifiable
branch at 6
runtime for solving id of Q is 11.633817783556879
Simulation results:
{'J': 50, 'K': 10, 'N': 10, 'p': 0.7, 'seed': 914, 'sim': 1, 'runtime': 11.633817783556879, 'identifiable': 1, 'branch': 6}
2
Q: [[0 1 1 0 0 1 1 0 0 1]
 [1 1 1 1 1 1 1 0 1 1]
 [1 1 1 1 1 1 1 1 1 1]
 [1 1 1 0 1 1 1 0 1 1]
 [1 1 1 1 0 1 0 0 1 1]
 [1 0 1 1 0 0 0 1 0 0]
 [1 1 1 1 1 1 1 1 0 0]
 [1 0 0 0 0 1 0 0 1 1]
 [1 1 1 1 1 1 1 1 1 0]
 [1 1 0 0 1 1 0 0 0 1]
 [1 1 0 1 0 1 1 1 1 1]
 [1 0 1 1 0 1 0 1 1 0]
 [1 1 0 1 1 0 1 0 0 1]
 [1 1 0 0 1 1 1 1 1 1]
 [1 1 0 0 1 1 1 1 0 1]
 [1 0 1 1 1 1 1 1 1 1]
 [1 1 0 1 1 1 1 1 1 0]
 [0 1 1 1 0 0 0 1 1 1]
 [1 1 0 0 1 0 1 1 0 0]
 [1 1 1 0 0 0 1 1 1 1]
 [0 1 1 1 1 1 1 1 1 1]
 [0 0 1 1 0 0 1 1 1 0]
 [0 0 1 0 1 0 1 0 1 1]
 [1 1 1 1 1 1 0 1 0 1]
 [0 1 0 1 0 1 1 1 1 1]
 [0 1 0 0 1 1 1 1 1 1]
 [1 0 1 1 0 1 0 0 0 1]
 [0 0 1 1 1 1 1 1 1 1]
 [1 0 0 1 0 1 0 1 0 1]
 [1 1 1 1 1 1 1 1 1 0]
 [1 0 1 1 1 1 1 1 1 1]
 [1 0 0 0 1 1 1 0 1 0]
 [1 1 0 0 1 1 0 1 1 1]
 [1 0 0 1 0 1 0 1 0 0]
 [1 0 1 1 0 1 0 1 1 0]
 [1 0 0 0 0 0 1 1 1 1]
 [1 1 0 0 1 1 1 1 0 1]
 [1 1 1 0 1 1 1 1 0 1]
 [1 1 1 1 0 1 1 1 0 0]
 [0 1 0 1 0 0 1 1 1 0]
 [0 0 1 1 0 1 1 1 0 1]
 [0 0 0 1 1 1 1 1 1 1]
 [0 1 1 1 1 1 0 0 1 1]
 [1 0 0 0 0 0 0 1 1 1]
 [1 1 1 0 0 0 1 0 1 0]
 [1 1 1 0 1 1 1 1 0 0]
 [1 1 1 0 1 0 1 1 1 1]
 [0 1 1 1 0 0 1 1 1 1]
 [1 1 0 0 1 0 0 1 1 1]
 [1 0 0 1 1 1 1 1 1 1]]
{'restarts': 108, 'conflicts': 49535, 'decisions': 73520, 'propagations': 24021943}
Q is identifiable
branch at 6
runtime for solving id of Q is 4.065280521288514
Simulation results:
{'J': 50, 'K': 10, 'N': 10, 'p': 0.7, 'seed': 914, 'sim': 2, 'runtime': 4.065280521288514, 'identifiable': 1, 'branch': 6}
3
Q: [[0 0 1 1 1 0 1 1 1 1]
 [1 1 1 1 1 1 1 1 0 1]
 [1 1 1 1 0 1 1 1 1 1]
 [1 1 0 1 1 1 0 1 1 1]
 [1 1 0 0 1 1 1 0 1 1]
 [1 1 1 1 1 1 0 1 1 1]
 [1 0 1 0 1 1 0 1 1 0]
 [1 0 0 0 0 0 1 1 1 1]
 [0 1 1 0 1 1 0 1 1 1]
 [1 0 1 1 1 0 1 1 0 1]
 [0 1 0 1 1 1 1 1 1 1]
 [1 1 1 1 1 1 1 0 0 0]
 [1 1 1 1 1 1 1 1 1 0]
 [1 0 1 0 1 1 0 0 0 1]
 [1 1 1 0 1 1 1 1 0 1]
 [1 1 1 1 1 1 0 1 0 1]
 [1 1 0 1 1 1 1 0 1 1]
 [0 1 1 0 1 0 1 1 0 1]
 [0 1 1 1 0 1 0 0 1 0]
 [1 1 1 1 1 0 1 1 1 0]
 [1 1 1 0 0 1 1 1 1 1]
 [1 1 1 1 0 0 1 1 0 1]
 [1 1 1 0 1 1 0 0 0 1]
 [1 1 1 1 0 0 1 1 1 0]
 [1 0 1 1 1 1 1 1 0 1]
 [1 0 1 1 0 1 0 1 1 1]
 [1 1 0 1 1 0 1 0 1 1]
 [1 0 1 0 1 1 1 0 0 1]
 [1 1 0 0 0 0 1 0 1 1]
 [1 1 1 0 0 1 1 1 1 0]
 [1 0 1 1 1 1 1 1 1 0]
 [0 1 1 0 0 0 0 0 1 0]
 [1 0 1 0 0 1 1 1 0 0]
 [0 1 1 1 1 0 0 1 1 1]
 [1 0 1 0 1 1 1 0 1 1]
 [1 1 0 0 0 1 1 0 0 1]
 [0 0 1 1 0 0 1 0 0 1]
 [1 1 1 0 0 1 1 1 1 0]
 [1 1 1 1 1 0 1 1 0 0]
 [1 1 1 1 1 1 1 1 0 1]
 [0 0 1 0 0 1 1 1 1 0]
 [1 1 1 0 1 1 0 1 0 0]
 [1 0 1 0 1 0 0 1 1 1]
 [1 0 1 1 1 1 1 1 1 0]
 [1 1 0 0 0 1 1 1 1 1]
 [1 1 0 1 1 1 1 0 1 1]
 [0 1 0 0 0 1 1 1 1 1]
 [1 1 0 1 0 1 1 1 0 1]
 [1 0 0 0 1 0 0 1 1 1]
 [1 1 0 1 1 0 1 0 1 1]]
{'restarts': 13, 'conflicts': 16664, 'decisions': 26475, 'propagations': 8792412}
Q is identifiable
branch at 6
runtime for solving id of Q is 1.2879732390865684
Simulation results:
{'J': 50, 'K': 10, 'N': 10, 'p': 0.7, 'seed': 914, 'sim': 3, 'runtime': 1.2879732390865684, 'identifiable': 1, 'branch': 6}
4
Q: [[1 1 1 0 0 1 0 1 1 0]
 [1 0 1 1 0 1 1 1 1 1]
 [1 1 1 0 0 1 1 1 1 0]
 [1 1 1 1 1 0 1 1 1 1]
 [1 0 0 1 1 1 1 1 1 0]
 [0 0 0 0 1 1 0 0 0 1]
 [1 1 1 1 0 0 0 0 1 0]
 [0 0 1 0 0 0 0 0 1 1]
 [0 0 1 1 1 1 1 0 1 0]
 [1 1 1 0 1 1 1 0 1 0]
 [1 0 1 0 1 1 1 1 0 1]
 [1 1 1 1 1 1 0 1 1 0]
 [0 0 1 0 1 1 1 0 1 1]
 [1 1 0 1 1 1 1 1 1 1]
 [1 0 1 0 0 1 1 0 1 1]
 [1 1 1 0 1 1 1 0 0 1]
 [1 1 1 1 1 1 1 1 1 0]
 [1 0 1 1 1 0 1 0 1 0]
 [1 1 1 1 1 1 1 1 1 1]
 [1 1 1 1 1 1 1 0 1 0]
 [1 0 0 1 0 1 1 1 1 1]
 [1 1 0 1 1 0 1 1 1 1]
 [1 1 1 1 1 0 1 1 1 1]
 [0 0 1 1 0 1 1 1 1 0]
 [1 0 1 1 1 1 1 1 1 0]
 [0 1 1 1 0 0 1 1 0 1]
 [0 1 1 0 1 1 1 1 0 1]
 [1 1 1 1 1 1 1 1 1 1]
 [0 1 1 1 1 1 1 1 1 0]
 [1 1 1 1 1 1 1 1 0 0]
 [1 1 1 0 1 0 0 1 1 0]
 [1 1 1 1 0 1 1 1 1 1]
 [0 1 1 1 0 0 1 1 1 1]
 [1 1 1 0 0 0 1 1 1 0]
 [1 1 1 0 1 1 1 1 1 0]
 [0 0 0 1 1 1 1 1 1 1]
 [1 0 1 0 0 1 1 0 1 1]
 [0 1 1 1 1 1 0 1 1 1]
 [0 1 1 0 0 1 1 1 1 1]
 [1 0 1 0 1 1 1 1 0 1]
 [1 1 1 1 1 0 1 1 1 1]
 [1 0 0 0 0 0 1 1 1 0]
 [0 1 0 1 0 1 1 1 1 0]
 [1 1 0 1 1 1 0 1 1 1]
 [1 1 1 0 0 1 1 1 1 0]
 [1 1 0 1 1 1 1 1 1 1]
 [0 1 1 0 1 1 1 1 1 0]
 [1 1 1 1 1 0 1 1 1 0]
 [0 1 1 1 1 1 1 1 1 1]
 [1 1 0 0 0 0 1 0 1 1]]
{'restarts': 19, 'conflicts': 7770, 'decisions': 13521, 'propagations': 3189554}
Q is identifiable
branch at 6
runtime for solving id of Q is 0.4785281717777252
Simulation results:
{'J': 50, 'K': 10, 'N': 10, 'p': 0.7, 'seed': 914, 'sim': 4, 'runtime': 0.4785281717777252, 'identifiable': 1, 'branch': 6}
5
Q: [[1 1 1 1 1 1 0 0 1 1]
 [0 1 0 1 1 1 1 1 1 1]
 [1 1 0 1 1 0 0 1 0 0]
 [0 0 1 1 1 1 0 0 1 0]
 [0 1 1 1 1 1 1 1 1 1]
 [1 1 0 1 1 1 1 0 0 1]
 [1 1 0 1 0 1 0 1 0 1]
 [1 1 0 1 1 1 0 0 0 1]
 [1 1 0 1 1 1 0 1 1 0]
 [0 1 1 1 1 1 0 1 1 0]
 [0 1 1 1 1 1 1 1 1 0]
 [1 0 0 1 0 0 1 1 1 0]
 [0 1 0 1 1 0 0 0 1 0]
 [1 0 1 1 1 1 1 0 0 0]
 [0 0 0 1 1 1 1 1 1 1]
 [1 1 0 0 1 0 1 1 0 1]
 [1 1 1 1 1 1 1 1 1 1]
 [1 1 1 1 0 0 1 0 1 0]
 [0 1 1 0 0 1 1 1 1 1]
 [0 1 1 0 1 0 1 1 0 1]
 [0 1 1 0 1 1 1 1 1 1]
 [0 0 1 1 0 1 1 1 1 1]
 [0 1 1 1 1 1 1 1 0 0]
 [1 1 1 0 1 0 1 1 1 1]
 [1 1 1 1 1 1 0 1 1 1]
 [1 1 1 0 1 1 1 0 1 0]
 [0 1 1 0 0 1 1 1 1 1]
 [0 1 1 1 1 1 1 0 1 0]
 [0 1 0 1 1 1 1 1 1 0]
 [1 0 1 1 1 1 1 0 0 1]
 [1 0 1 1 1 1 0 1 1 0]
 [1 1 1 1 1 1 1 0 0 1]
 [1 0 1 1 1 1 1 0 1 1]
 [0 1 1 1 1 1 1 1 0 1]
 [1 1 1 1 1 1 0 1 1 1]
 [1 1 1 0 1 1 1 1 1 1]
 [0 1 1 0 1 1 1 0 1 1]
 [0 1 1 1 1 1 1 1 1 1]
 [1 1 0 0 0 1 1 1 0 1]
 [0 1 1 1 1 1 1 1 1 1]
 [0 1 0 1 1 1 0 1 0 1]
 [0 1 1 1 1 0 1 1 1 1]
 [0 0 1 1 0 1 0 0 1 1]
 [0 0 0 1 0 0 0 0 1 1]
 [1 1 0 1 0 1 1 1 1 1]
 [0 0 1 0 1 1 1 1 1 1]
 [0 1 1 0 1 0 1 1 1 1]
 [1 0 1 1 0 1 0 0 1 0]
 [1 0 1 1 1 0 1 1 0 0]
 [1 1 1 1 1 1 0 1 0 1]]
{'restarts': 83, 'conflicts': 37977, 'decisions': 55732, 'propagations': 18478713}
Q is identifiable
branch at 6
runtime for solving id of Q is 3.2097098072990775
Simulation results:
{'J': 50, 'K': 10, 'N': 10, 'p': 0.7, 'seed': 914, 'sim': 5, 'runtime': 3.2097098072990775, 'identifiable': 1, 'branch': 6}
6
Q: [[1 1 0 0 0 0 1 1 1 1]
 [0 1 1 1 1 1 0 1 1 1]
 [1 0 1 1 0 1 1 1 0 1]
 [1 1 1 1 0 1 1 1 0 1]
 [1 0 1 1 1 1 0 1 0 1]
 [1 1 1 1 1 1 0 1 0 0]
 [1 1 1 0 1 1 1 1 1 1]
 [1 1 1 1 1 0 1 1 1 0]
 [1 0 1 1 1 1 1 1 0 1]
 [1 1 1 0 0 0 1 1 1 1]
 [1 1 1 1 1 0 1 1 1 1]
 [1 0 1 1 1 0 1 1 1 1]
 [1 0 1 0 1 0 0 1 1 1]
 [1 1 0 1 1 1 1 1 1 1]
 [1 0 1 1 1 1 0 1 1 0]
 [1 1 0 1 1 1 1 0 1 0]
 [1 1 0 1 0 0 0 1 1 1]
 [1 1 1 1 0 0 1 1 1 1]
 [1 1 0 0 0 1 0 1 1 1]
 [1 1 0 1 1 0 0 1 1 1]
 [1 1 1 0 0 1 1 1 1 1]
 [1 1 0 0 1 1 1 1 1 1]
 [0 1 1 1 1 1 1 0 1 1]
 [0 1 1 1 1 1 1 1 1 1]
 [0 1 1 1 1 1 0 1 1 1]
 [0 0 1 1 1 1 1 0 1 0]
 [1 1 1 0 1 1 0 0 0 1]
 [1 1 1 1 1 1 1 0 1 0]
 [0 1 1 1 0 1 0 1 1 1]
 [1 0 0 1 1 1 1 0 1 1]
 [1 0 1 1 0 1 0 1 0 0]
 [0 0 1 1 0 0 0 1 1 1]
 [1 1 1 1 1 1 0 1 0 1]
 [1 1 1 0 1 1 0 1 1 1]
 [1 1 0 1 1 0 1 1 1 1]
 [0 1 0 1 0 1 0 1 0 1]
 [1 1 1 0 1 1 1 1 1 0]
 [1 1 1 0 1 1 1 0 1 1]
 [1 0 1 1 0 1 0 1 1 1]
 [1 0 1 1 0 0 1 0 1 1]
 [1 1 1 0 1 0 1 1 1 1]
 [1 1 1 1 1 1 1 1 1 1]
 [0 0 1 1 1 1 1 1 1 0]
 [1 1 1 1 0 0 1 1 0 1]
 [1 1 0 1 1 1 0 1 1 1]
 [1 0 0 0 0 1 1 1 1 1]
 [1 0 0 1 1 1 0 1 0 1]
 [1 1 1 1 1 1 1 1 0 1]
 [0 0 1 1 1 1 1 0 0 0]
 [1 1 1 1 1 0 0 1 0 1]]
{'restarts': 71, 'conflicts': 22464, 'decisions': 38761, 'propagations': 8520366}
Q is not identifiable, and Q_bar is [[1 1 1 0 0 0 1 0 1 0]
 [0 1 1 1 0 1 0 1 1 1]
 [1 0 0 1 1 0 0 1 1 1]
 [1 1 0 1 1 0 0 1 1 1]
 [1 0 0 1 0 1 0 1 1 1]
 [1 1 0 1 0 1 0 1 0 1]
 [1 1 1 1 0 1 1 0 1 1]
 [1 1 0 1 0 1 1 1 0 0]
 [1 0 0 1 1 1 0 1 1 1]
 [1 1 1 1 0 0 1 0 1 0]
 [1 1 1 1 0 1 1 1 1 0]
 [1 0 1 1 1 1 1 0 1 0]
 [1 0 1 1 0 1 0 0 1 0]
 [1 1 1 0 0 1 1 1 1 1]
 [1 0 1 1 0 1 0 1 0 1]
 [1 1 0 0 1 1 1 0 0 1]
 [1 1 1 0 0 0 0 1 1 0]
 [1 1 1 1 0 0 1 1 1 0]
 [1 1 1 0 0 0 0 0 1 1]
 [1 1 1 0 0 1 0 1 1 0]
 [1 1 1 1 0 0 1 0 1 1]
 [1 1 1 0 0 1 1 0 1 1]
 [0 1 0 1 1 1 1 0 1 1]
 [0 1 1 1 1 1 0 1 1 1]
 [0 1 1 1 0 1 0 1 1 1]
 [0 0 0 1 1 1 1 0 0 1]
 [1 1 0 1 0 1 0 0 1 1]
 [1 1 0 1 1 1 1 0 0 1]
 [0 1 1 1 0 0 0 1 1 1]
 [1 0 0 0 1 1 1 0 1 1]
 [1 0 0 1 0 0 0 1 0 1]
 [0 0 1 1 0 0 0 1 1 0]
 [1 1 0 1 0 1 0 1 1 1]
 [1 1 1 1 0 1 0 0 1 1]
 [1 1 1 0 0 1 1 1 1 0]
 [0 1 0 0 0 0 0 1 1 1]
 [1 1 1 1 0 1 1 0 0 1]
 [1 1 0 1 0 1 1 0 1 1]
 [1 0 1 1 0 0 0 1 1 1]
 [1 0 0 1 1 0 1 0 1 0]
 [1 1 1 1 0 1 1 0 1 0]
 [1 1 1 1 1 1 1 1 1 1]
 [0 0 1 1 1 1 0 0 0 1]
 [1 1 0 1 1 0 0 1 1 0]
 [1 1 1 0 0 1 0 1 1 1]
 [1 0 1 0 0 0 1 0 1 1]
 [1 0 0 0 0 1 0 1 1 1]
 [1 1 0 1 1 1 0 1 1 1]
 [0 0 0 1 1 1 0 0 0 1]
 [1 1 0 1 0 1 0 1 1 0]]
branch at 5
runtime for solving id of Q is 1.4681436317041516
Simulation results:
{'J': 50, 'K': 10, 'N': 10, 'p': 0.7, 'seed': 914, 'sim': 6, 'runtime': 1.4681436317041516, 'identifiable': 0, 'branch': 5}
7
Q: [[1 0 1 0 0 1 1 0 0 1]
 [1 1 1 1 1 1 1 1 0 1]
 [1 1 0 1 1 1 1 0 1 1]
 [1 0 1 1 1 0 0 1 1 1]
 [0 1 1 1 0 1 0 1 1 1]
 [1 1 1 0 0 0 1 1 1 1]
 [0 0 1 1 1 1 0 0 1 1]
 [1 1 1 1 0 1 1 0 1 1]
 [0 0 1 0 1 1 1 0 1 1]
 [1 1 0 0 0 1 1 1 1 1]
 [0 1 1 0 0 1 1 0 1 1]
 [1 1 1 1 0 1 0 1 0 0]
 [1 0 1 1 1 1 1 1 1 1]
 [0 1 0 1 1 1 1 1 0 1]
 [1 0 0 1 0 1 1 1 0 1]
 [1 1 1 1 1 1 0 0 1 0]
 [1 1 1 1 1 0 1 1 1 1]
 [1 1 1 0 1 1 1 1 1 0]
 [1 1 1 1 0 1 1 1 1 1]
 [0 1 0 1 1 0 1 1 1 0]
 [1 1 1 1 0 1 1 1 1 0]
 [0 1 1 1 1 1 1 1 1 1]
 [1 1 1 0 1 0 1 0 1 1]
 [1 1 1 1 0 1 1 1 0 0]
 [1 1 1 1 1 1 0 1 1 1]
 [1 1 1 0 1 1 1 1 0 1]
 [1 0 0 1 1 1 0 1 1 1]
 [1 0 1 1 0 1 1 1 1 1]
 [1 1 1 1 1 0 1 0 1 1]
 [1 0 1 0 1 0 1 1 0 1]
 [1 0 1 0 1 1 1 0 1 1]
 [0 1 1 1 0 1 1 0 1 0]
 [0 0 1 1 1 0 0 1 1 1]
 [1 0 1 1 0 0 1 0 1 1]
 [0 1 1 1 1 1 1 1 1 1]
 [1 1 1 1 1 1 1 1 0 1]
 [1 0 1 1 1 0 1 0 0 0]
 [1 1 0 1 1 0 1 1 1 1]
 [0 1 0 0 1 1 1 1 1 1]
 [1 1 1 0 0 0 1 0 1 1]
 [1 1 0 1 0 1 0 1 0 1]
 [1 0 1 1 1 0 1 1 1 0]
 [1 1 0 1 0 1 1 1 0 1]
 [1 1 1 1 1 1 1 1 0 1]
 [1 1 0 0 0 1 1 1 1 1]
 [0 1 0 0 1 1 0 1 0 1]
 [0 0 1 1 1 0 1 1 1 0]
 [1 1 0 1 1 0 1 0 1 1]
 [0 1 1 1 1 1 0 1 0 1]
 [1 1 1 1 1 1 1 1 0 1]]
{'restarts': 197, 'conflicts': 108538, 'decisions': 154688, 'propagations': 52450958}
Q is identifiable
branch at 6
runtime for solving id of Q is 11.393223975785077
Simulation results:
{'J': 50, 'K': 10, 'N': 10, 'p': 0.7, 'seed': 914, 'sim': 7, 'runtime': 11.393223975785077, 'identifiable': 1, 'branch': 6}
8
Q: [[1 0 0 1 1 1 1 1 0 0]
 [1 1 1 0 1 1 1 1 1 1]
 [1 0 1 0 0 1 0 1 1 0]
 [1 0 1 0 1 1 1 1 0 1]
 [1 0 1 1 1 1 1 0 1 0]
 [1 1 1 1 0 0 1 1 0 0]
 [1 1 1 0 1 1 0 1 1 0]
 [0 1 1 1 1 1 1 0 1 1]
 [1 1 1 1 1 0 0 1 1 1]
 [0 1 0 1 1 1 1 0 1 1]
 [1 1 0 1 1 1 1 0 1 1]
 [0 0 0 1 1 1 1 0 1 1]
 [1 1 1 1 1 1 1 0 0 0]
 [1 0 0 1 0 1 0 0 1 1]
 [1 0 1 1 1 1 1 1 1 1]
 [1 1 0 1 1 1 1 1 0 1]
 [1 1 1 1 1 1 0 0 1 1]
 [0 1 1 1 1 0 1 1 1 0]
 [0 1 0 1 1 1 1 0 1 0]
 [0 1 1 0 1 0 0 1 1 1]
 [1 1 1 1 0 0 0 0 0 1]
 [0 1 1 1 1 1 1 0 1 1]
 [1 1 1 1 1 1 1 1 1 0]
 [1 1 1 1 1 1 1 1 1 1]
 [1 1 0 1 1 1 0 1 0 1]
 [0 1 1 1 0 0 1 0 1 1]
 [1 1 1 0 1 0 1 1 1 1]
 [1 1 1 0 1 1 1 0 0 0]
 [0 1 1 0 0 1 0 1 1 1]
 [1 1 1 1 0 1 1 0 1 1]
 [1 1 1 0 1 1 1 0 1 1]
 [1 1 0 1 1 0 0 1 1 1]
 [1 1 0 1 1 1 1 1 1 1]
 [1 0 1 0 1 1 0 0 1 1]
 [1 1 1 1 0 1 1 1 1 0]
 [0 1 1 1 1 1 1 1 1 1]
 [0 1 0 1 0 1 1 0 1 0]
 [0 0 0 1 1 1 1 1 1 1]
 [1 1 1 1 0 1 1 1 1 1]
 [1 1 1 1 1 1 1 1 1 0]
 [1 1 1 1 1 1 1 1 1 1]
 [1 1 0 1 0 0 1 1 1 0]
 [0 1 1 0 1 0 1 0 0 1]
 [0 1 0 1 0 0 0 1 1 0]
 [1 0 1 0 1 0 1 1 0 1]
 [1 0 1 0 1 1 1 0 1 1]
 [1 1 0 0 0 1 1 0 1 1]
 [1 1 0 1 0 1 0 1 1 0]
 [0 0 1 1 1 1 0 1 1 1]
 [1 0 1 1 1 0 1 1 0 1]]
{'restarts': 234, 'conflicts': 62864, 'decisions': 92837, 'propagations': 33015457}
Q is identifiable
branch at 6
runtime for solving id of Q is 5.786930776201189
Simulation results:
{'J': 50, 'K': 10, 'N': 10, 'p': 0.7, 'seed': 914, 'sim': 8, 'runtime': 5.786930776201189, 'identifiable': 1, 'branch': 6}
9
Q: [[1 1 0 1 1 1 1 0 1 0]
 [0 1 1 0 1 1 0 1 0 0]
 [1 0 1 1 1 0 0 1 0 1]
 [1 0 0 1 1 0 1 1 0 0]
 [0 1 1 1 0 1 1 1 0 1]
 [1 1 1 0 1 1 0 1 1 1]
 [1 1 0 1 1 1 0 0 1 1]
 [1 0 1 0 1 1 1 0 0 0]
 [1 1 1 0 1 0 1 1 0 0]
 [1 0 0 1 1 1 1 1 1 0]
 [1 1 1 1 1 0 1 1 1 1]
 [1 1 1 0 1 1 1 0 0 0]
 [0 1 1 1 1 1 0 1 1 1]
 [1 1 1 1 0 1 0 1 0 1]
 [1 0 1 1 0 1 1 1 1 1]
 [1 1 1 0 1 0 0 1 1 1]
 [1 1 1 1 0 0 1 0 1 1]
 [1 1 0 1 1 1 1 1 1 0]
 [1 1 0 1 0 1 1 1 1 1]
 [1 1 0 1 0 1 1 1 1 0]
 [1 1 1 1 1 1 1 0 1 1]
 [0 1 1 0 1 1 1 0 1 0]
 [0 0 0 0 1 1 1 1 1 0]
 [1 1 1 1 0 1 1 1 1 1]
 [1 0 0 0 1 0 1 0 1 0]
 [1 0 1 0 1 1 0 1 1 1]
 [1 0 1 1 1 1 1 1 0 1]
 [0 1 1 0 1 1 1 1 1 0]
 [1 1 1 1 1 1 1 1 1 1]
 [1 1 1 1 1 1 1 0 1 1]
 [0 1 1 1 0 1 0 1 1 1]
 [1 1 1 1 1 1 1 1 1 0]
 [1 1 1 1 1 1 0 0 0 1]
 [0 1 1 1 1 1 1 0 1 1]
 [1 0 1 1 1 1 1 1 1 1]
 [1 1 1 0 0 1 1 0 1 1]
 [0 0 1 1 1 0 1 0 1 1]
 [1 1 0 1 1 1 0 1 1 1]
 [1 1 1 1 1 0 1 1 1 1]
 [1 1 1 0 0 1 0 0 1 1]
 [1 1 1 1 1 1 1 0 0 0]
 [0 1 1 0 1 1 0 1 1 1]
 [1 1 1 1 1 0 0 0 1 1]
 [0 1 1 1 1 1 1 0 0 1]
 [0 1 0 1 1 0 1 0 0 0]
 [1 0 0 1 1 1 0 0 1 1]
 [0 1 1 1 1 0 1 0 0 1]
 [1 1 0 1 1 0 1 0 1 1]
 [1 0 1 1 1 1 1 1 1 1]
 [0 1 0 1 0 1 1 0 1 1]]
{'restarts': 28, 'conflicts': 14236, 'decisions': 23589, 'propagations': 6920415}
Q is identifiable
branch at 6
runtime for solving id of Q is 0.9917843593284488
Simulation results:
{'J': 50, 'K': 10, 'N': 10, 'p': 0.7, 'seed': 914, 'sim': 9, 'runtime': 0.9917843593284488, 'identifiable': 1, 'branch': 6}
Simulation results:
[{'J': 50, 'K': 10, 'N': 10, 'p': 0.7, 'seed': 914, 'sim': 0, 'runtime': 17.81815889570862, 'identifiable': 1, 'branch': 6}, {'J': 50, 'K': 10, 'N': 10, 'p': 0.7, 'seed': 914, 'sim': 1, 'runtime': 11.633817783556879, 'identifiable': 1, 'branch': 6}, {'J': 50, 'K': 10, 'N': 10, 'p': 0.7, 'seed': 914, 'sim': 2, 'runtime': 4.065280521288514, 'identifiable': 1, 'branch': 6}, {'J': 50, 'K': 10, 'N': 10, 'p': 0.7, 'seed': 914, 'sim': 3, 'runtime': 1.2879732390865684, 'identifiable': 1, 'branch': 6}, {'J': 50, 'K': 10, 'N': 10, 'p': 0.7, 'seed': 914, 'sim': 4, 'runtime': 0.4785281717777252, 'identifiable': 1, 'branch': 6}, {'J': 50, 'K': 10, 'N': 10, 'p': 0.7, 'seed': 914, 'sim': 5, 'runtime': 3.2097098072990775, 'identifiable': 1, 'branch': 6}, {'J': 50, 'K': 10, 'N': 10, 'p': 0.7, 'seed': 914, 'sim': 6, 'runtime': 1.4681436317041516, 'identifiable': 0, 'branch': 5}, {'J': 50, 'K': 10, 'N': 10, 'p': 0.7, 'seed': 914, 'sim': 7, 'runtime': 11.393223975785077, 'identifiable': 1, 'branch': 6}, {'J': 50, 'K': 10, 'N': 10, 'p': 0.7, 'seed': 914, 'sim': 8, 'runtime': 5.786930776201189, 'identifiable': 1, 'branch': 6}, {'J': 50, 'K': 10, 'N': 10, 'p': 0.7, 'seed': 914, 'sim': 9, 'runtime': 0.9917843593284488, 'identifiable': 1, 'branch': 6}]
