
The Gurobi software has a limited number of licenses. To request a license or
licenses, add this line

    #SBATCH --licenses=gurobi@slurmdb:1

to your SBATCH script, replacing N with the number of licenses you need. Gurobi
will need one license per process.


0
Q: [[0 0 0 1 1 0 0 0 0 0]
 [0 0 0 0 0 0 0 0 0 0]
 [1 0 0 1 0 0 0 0 0 0]
 [0 0 0 0 0 1 0 0 0 0]
 [0 0 1 0 0 0 0 0 0 0]
 [0 0 0 0 0 0 1 0 0 0]
 [0 0 0 0 0 0 0 0 1 0]
 [0 0 1 0 0 0 0 0 0 0]
 [1 0 0 0 0 0 0 0 1 0]
 [0 0 0 0 1 0 0 0 0 0]
 [0 1 0 0 0 0 0 0 0 0]
 [0 0 0 0 0 0 0 0 0 0]
 [0 1 0 0 0 0 0 0 0 0]
 [0 0 0 0 0 0 1 0 0 0]
 [0 0 0 0 0 0 0 0 0 0]
 [0 0 0 0 0 0 0 0 0 0]
 [0 0 0 0 1 0 0 0 1 0]
 [1 0 0 1 0 0 0 0 0 0]
 [0 0 1 0 0 0 0 1 0 0]
 [0 0 0 0 0 0 0 0 0 0]]
Q is trivially not identifiable (all zero column).
Q is not identifiable, and Q_bar is [[0 0 0 1 1 0 0 0 0 1]
 [0 0 0 0 0 0 0 0 0 0]
 [1 0 0 1 0 0 0 0 0 1]
 [0 0 0 0 0 1 0 0 0 1]
 [0 0 1 0 0 0 0 0 0 1]
 [0 0 0 0 0 0 1 0 0 1]
 [0 0 0 0 0 0 0 0 1 1]
 [0 0 1 0 0 0 0 0 0 1]
 [1 0 0 0 0 0 0 0 1 1]
 [0 0 0 0 1 0 0 0 0 1]
 [0 1 0 0 0 0 0 0 0 1]
 [0 0 0 0 0 0 0 0 0 0]
 [0 1 0 0 0 0 0 0 0 1]
 [0 0 0 0 0 0 1 0 0 1]
 [0 0 0 0 0 0 0 0 0 0]
 [0 0 0 0 0 0 0 0 0 0]
 [0 0 0 0 1 0 0 0 1 1]
 [1 0 0 1 0 0 0 0 0 1]
 [0 0 1 0 0 0 0 1 0 1]
 [0 0 0 0 0 0 0 0 0 0]]
branch at 0
runtime for solving id of Q is 0.0014313627034425735
Simulation results:
{'J': 20, 'K': 10, 'N': 10, 'p': 0.1, 'seed': 13, 'sim': 0, 'runtime': 0.0014313627034425735, 'identifiable': 0, 'branch': 0}
1
Q: [[1 0 0 0 0 1 0 0 0 0]
 [0 0 0 1 0 0 0 0 0 0]
 [0 1 1 0 0 0 0 0 0 0]
 [0 0 0 0 0 0 0 0 0 0]
 [0 0 0 0 0 0 0 0 0 0]
 [0 0 0 0 0 1 0 0 0 0]
 [0 1 0 1 0 0 0 0 0 0]
 [0 0 0 1 1 0 0 0 0 0]
 [0 0 0 0 0 0 0 0 0 0]
 [0 0 0 0 0 0 0 0 0 0]
 [0 0 0 0 0 0 0 0 0 0]
 [0 0 0 0 1 0 0 1 0 1]
 [0 0 0 0 0 0 0 0 0 0]
 [0 0 0 0 0 0 0 1 0 0]
 [0 0 0 0 0 0 0 0 1 0]
 [0 0 0 0 0 0 0 0 0 0]
 [0 0 0 0 0 0 0 0 0 0]
 [0 0 0 0 0 0 0 0 1 0]
 [1 0 0 0 0 1 1 0 0 0]
 [0 0 0 0 1 0 0 0 0 0]]
Q is not identifiable (two-column submatrix not identifiable).
Q is not identifiable, and Q_bar is [[1 0 0 0 0 0 0 0 0 0]
 [0 0 0 1 0 0 0 0 0 0]
 [0 1 1 0 0 0 0 0 0 0]
 [0 0 0 0 0 0 0 0 0 0]
 [0 0 0 0 0 0 0 0 0 0]
 [0 0 0 0 0 1 0 0 0 0]
 [0 1 0 1 0 0 0 0 0 0]
 [0 0 0 1 1 0 0 0 0 0]
 [0 0 0 0 0 0 0 0 0 0]
 [0 0 0 0 0 0 0 0 0 0]
 [0 0 0 0 0 0 0 0 0 0]
 [0 0 0 0 1 0 0 1 0 1]
 [0 0 0 0 0 0 0 0 0 0]
 [0 0 0 0 0 0 0 1 0 0]
 [0 0 0 0 0 0 0 0 1 0]
 [0 0 0 0 0 0 0 0 0 0]
 [0 0 0 0 0 0 0 0 0 0]
 [0 0 0 0 0 0 0 0 1 0]
 [1 0 0 0 0 0 1 0 0 0]
 [0 0 0 0 1 0 0 0 0 0]]
branch at 2
runtime for solving id of Q is 0.0011962410062551498
Simulation results:
{'J': 20, 'K': 10, 'N': 10, 'p': 0.1, 'seed': 13, 'sim': 1, 'runtime': 0.0011962410062551498, 'identifiable': 0, 'branch': 2}
2
Q: [[0 0 1 0 0 0 0 0 1 0]
 [0 0 0 0 0 0 0 0 0 0]
 [0 0 1 0 0 0 0 0 0 1]
 [0 0 0 0 1 0 0 0 1 0]
 [0 0 0 0 0 0 0 0 0 0]
 [0 0 0 0 0 0 0 0 0 0]
 [0 0 0 0 0 0 0 0 0 1]
 [0 0 0 1 0 0 0 0 0 0]
 [0 0 0 0 0 0 0 0 1 0]
 [0 0 0 0 0 0 1 1 0 0]
 [0 0 0 0 0 0 0 0 0 0]
 [0 0 0 0 0 0 0 0 0 0]
 [0 0 1 0 0 0 1 0 0 0]
 [0 0 0 0 0 0 0 0 0 0]
 [0 0 1 0 0 0 0 0 0 0]
 [0 0 1 0 0 0 0 0 0 0]
 [0 0 0 1 0 0 0 0 1 0]
 [0 1 0 0 0 0 0 0 0 0]
 [0 0 0 0 0 0 1 1 0 0]
 [0 0 0 1 0 0 0 1 0 0]]
Q_basis with dimensions J < K, thus not identifiable.
Q is not identifiable, and Q_bar is [[0 1 0 0 0 0 1 0 0 0]
 [0 0 0 0 0 0 0 0 0 0]
 [1 0 0 0 0 0 1 0 0 0]
 [0 0 0 1 0 0 0 0 0 0]
 [0 0 0 0 0 0 0 0 0 0]
 [0 0 0 0 0 0 0 0 0 0]
 [1 0 0 0 0 0 0 0 0 0]
 [0 0 0 0 1 0 0 0 0 0]
 [0 1 0 0 0 0 0 0 0 0]
 [0 0 1 0 0 0 0 0 0 0]
 [0 0 0 0 0 0 0 0 0 0]
 [0 0 0 0 0 0 0 0 0 0]
 [0 0 0 0 0 0 0 1 0 0]
 [0 0 0 0 0 0 0 0 0 0]
 [0 0 0 0 0 0 1 0 0 0]
 [0 0 0 0 0 0 1 0 0 0]
 [0 1 0 0 1 0 0 0 0 0]
 [0 0 0 0 0 0 0 0 1 0]
 [0 0 1 0 0 0 0 0 0 0]
 [0 0 0 0 0 1 0 0 0 0]]
branch at -1
runtime for solving id of Q is 0.000750366598367691
Simulation results:
{'J': 20, 'K': 10, 'N': 10, 'p': 0.1, 'seed': 13, 'sim': 2, 'runtime': 0.000750366598367691, 'identifiable': 0, 'branch': -1}
3
Q: [[1 0 0 0 0 0 0 0 0 0]
 [0 0 0 0 0 0 0 0 0 0]
 [0 0 0 0 0 0 0 0 0 1]
 [0 0 0 0 0 0 0 0 1 0]
 [0 0 0 0 0 0 1 0 0 0]
 [1 0 1 0 0 0 0 0 1 0]
 [0 0 0 0 0 0 1 0 0 0]
 [0 0 0 0 0 0 0 0 0 0]
 [0 0 0 0 0 0 0 0 0 0]
 [0 0 0 1 0 0 1 0 0 0]
 [0 0 0 0 0 0 0 0 0 0]
 [0 0 0 0 0 1 0 0 0 0]
 [0 0 1 0 0 0 0 0 0 0]
 [0 0 0 0 0 0 0 0 1 0]
 [0 0 0 0 0 0 0 0 0 0]
 [0 0 0 0 0 0 0 0 0 0]
 [0 0 0 0 0 0 0 0 0 0]
 [0 1 0 0 0 0 0 0 0 0]
 [0 0 0 1 0 0 0 0 0 1]
 [0 0 0 0 0 0 1 0 0 0]]
Q_basis with dimensions J < K, thus not identifiable.
Q is not identifiable, and Q_bar is [[0 0 0 0 0 0 0 0 1 0]
 [0 0 0 0 0 0 0 0 0 0]
 [1 0 0 0 0 0 0 0 0 0]
 [0 1 0 0 0 0 0 0 0 0]
 [0 0 1 0 0 0 0 0 0 0]
 [0 1 0 0 0 0 1 0 1 0]
 [0 0 1 0 0 0 0 0 0 0]
 [0 0 0 0 0 0 0 0 0 0]
 [0 0 0 0 0 0 0 0 0 0]
 [0 0 0 0 0 1 0 0 0 0]
 [0 0 0 0 0 0 0 0 0 0]
 [0 0 0 1 0 0 0 0 0 0]
 [0 0 0 0 0 0 1 0 0 0]
 [0 1 0 0 0 0 0 0 0 0]
 [0 0 0 0 0 0 0 0 0 0]
 [0 0 0 0 0 0 0 0 0 0]
 [0 0 0 0 0 0 0 0 0 0]
 [0 0 0 0 0 0 0 1 0 0]
 [0 0 0 0 1 0 0 0 0 0]
 [0 0 1 0 0 0 0 0 0 0]]
branch at -1
runtime for solving id of Q is 0.0007703676819801331
Simulation results:
{'J': 20, 'K': 10, 'N': 10, 'p': 0.1, 'seed': 13, 'sim': 3, 'runtime': 0.0007703676819801331, 'identifiable': 0, 'branch': -1}
4
Q: [[0 0 0 0 0 0 0 0 0 1]
 [0 0 1 0 0 1 0 0 0 0]
 [0 1 0 0 0 0 1 0 1 0]
 [1 0 0 0 0 0 0 0 0 0]
 [0 0 1 0 0 0 0 0 0 0]
 [0 1 0 1 0 0 0 0 0 0]
 [0 0 0 0 0 0 0 0 0 0]
 [0 0 0 0 1 0 0 0 0 0]
 [0 1 0 0 0 0 0 0 0 0]
 [0 0 0 0 0 0 0 0 0 0]
 [0 1 0 0 0 0 0 1 1 0]
 [0 0 1 0 1 0 0 0 0 0]
 [0 0 0 0 0 0 0 0 0 0]
 [0 1 0 0 1 0 0 0 0 0]
 [0 0 0 0 0 0 0 0 0 1]
 [1 0 0 1 0 0 0 0 0 1]
 [0 0 0 0 0 0 0 0 0 0]
 [0 0 0 0 0 0 0 0 0 0]
 [0 0 0 0 0 0 0 0 0 0]
 [0 0 0 0 0 0 0 0 0 0]]
Q is not identifiable (two-column submatrix not identifiable).
Q is not identifiable, and Q_bar is [[0 0 0 0 0 0 0 0 0 1]
 [0 0 1 0 0 1 0 0 0 0]
 [0 0 0 0 0 0 1 0 1 0]
 [1 0 0 0 0 0 0 0 0 0]
 [0 0 1 0 0 0 0 0 0 0]
 [0 1 0 1 0 0 0 0 0 0]
 [0 0 0 0 0 0 0 0 0 0]
 [0 0 0 0 1 0 0 0 0 0]
 [0 1 0 0 0 0 0 0 0 0]
 [0 0 0 0 0 0 0 0 0 0]
 [0 1 0 0 0 0 0 1 1 0]
 [0 0 1 0 1 0 0 0 0 0]
 [0 0 0 0 0 0 0 0 0 0]
 [0 1 0 0 1 0 0 0 0 0]
 [0 0 0 0 0 0 0 0 0 1]
 [1 0 0 1 0 0 0 0 0 1]
 [0 0 0 0 0 0 0 0 0 0]
 [0 0 0 0 0 0 0 0 0 0]
 [0 0 0 0 0 0 0 0 0 0]
 [0 0 0 0 0 0 0 0 0 0]]
branch at 2
runtime for solving id of Q is 0.0013240575790405273
Simulation results:
{'J': 20, 'K': 10, 'N': 10, 'p': 0.1, 'seed': 13, 'sim': 4, 'runtime': 0.0013240575790405273, 'identifiable': 0, 'branch': 2}
5
Q: [[1 0 0 0 0 0 0 0 0 1]
 [0 0 0 1 0 0 0 0 0 0]
 [0 0 0 0 0 0 1 0 0 0]
 [0 0 0 0 0 0 0 0 1 0]
 [0 0 0 0 0 0 1 0 0 0]
 [0 0 1 0 0 0 0 0 0 0]
 [0 0 0 0 0 0 0 0 0 0]
 [0 0 1 0 0 0 0 1 0 0]
 [0 0 0 0 0 0 0 0 0 0]
 [0 0 1 1 0 0 0 0 0 0]
 [1 0 0 0 0 0 0 0 1 0]
 [0 0 0 0 0 0 0 0 0 0]
 [0 0 0 0 0 0 0 0 0 0]
 [0 0 0 0 0 0 1 1 1 0]
 [0 0 0 0 0 0 0 0 0 0]
 [0 0 0 0 0 0 0 0 1 0]
 [0 0 0 0 0 0 0 0 0 0]
 [0 0 0 0 1 1 0 0 0 0]
 [0 0 0 0 0 0 0 0 0 0]
 [0 0 0 0 0 0 0 1 0 0]]
Q_basis with dimensions J < K, thus not identifiable.
Q is not identifiable, and Q_bar is [[0 0 0 0 0 0 1 0 0 0]
 [0 0 0 0 1 0 0 0 0 0]
 [0 0 1 0 0 0 0 0 0 0]
 [1 0 0 0 0 0 0 0 0 0]
 [0 0 1 0 0 0 0 0 0 0]
 [0 0 0 0 0 1 0 0 0 0]
 [0 0 0 0 0 0 0 0 0 0]
 [0 1 0 0 0 1 0 0 0 0]
 [0 0 0 0 0 0 0 0 0 0]
 [0 0 0 0 1 1 0 0 0 0]
 [0 0 0 0 0 0 0 1 0 0]
 [0 0 0 0 0 0 0 0 0 0]
 [0 0 0 0 0 0 0 0 0 0]
 [1 1 1 0 0 0 0 0 0 0]
 [0 0 0 0 0 0 0 0 0 0]
 [1 0 0 0 0 0 0 0 0 0]
 [0 0 0 0 0 0 0 0 0 0]
 [0 0 0 1 0 0 0 0 0 0]
 [0 0 0 0 0 0 0 0 0 0]
 [0 1 0 0 0 0 0 0 0 0]]
branch at -1
runtime for solving id of Q is 0.0007749032229185104
Simulation results:
{'J': 20, 'K': 10, 'N': 10, 'p': 0.1, 'seed': 13, 'sim': 5, 'runtime': 0.0007749032229185104, 'identifiable': 0, 'branch': -1}
6
Q: [[0 0 0 0 0 0 0 0 0 0]
 [0 0 0 0 0 0 1 0 0 0]
 [0 0 0 0 0 0 0 0 0 0]
 [0 1 0 0 0 0 0 0 0 0]
 [0 0 0 0 0 0 1 0 0 0]
 [0 0 0 0 0 0 0 0 0 0]
 [0 0 0 0 0 0 0 1 0 0]
 [0 1 0 0 0 0 0 0 0 0]
 [0 0 0 0 0 0 0 0 1 1]
 [0 0 1 0 0 0 1 0 0 0]
 [0 0 1 1 0 0 0 0 0 0]
 [0 0 0 0 0 0 1 0 0 0]
 [0 0 0 0 0 0 1 0 0 0]
 [0 1 0 0 0 0 1 0 0 0]
 [0 0 1 1 0 1 0 0 0 0]
 [0 0 0 0 0 0 0 0 0 0]
 [0 0 0 0 0 0 0 0 0 0]
 [0 0 0 0 0 0 0 1 0 0]
 [1 0 0 0 1 1 1 0 0 1]
 [1 0 0 0 0 0 0 0 1 0]]
Q_basis with dimensions J < K, thus not identifiable.
Q is not identifiable, and Q_bar is [[0 0 0 0 0 0 0 0 0 0]
 [0 0 1 0 0 0 0 0 0 0]
 [0 0 0 0 0 0 0 0 0 0]
 [0 0 0 0 0 0 1 0 0 0]
 [0 0 1 0 0 0 0 0 0 0]
 [0 0 0 0 0 0 0 0 0 0]
 [0 1 0 0 0 0 0 0 0 0]
 [0 0 0 0 0 0 1 0 0 0]
 [1 0 0 0 0 0 0 0 0 0]
 [0 0 0 1 0 0 0 0 0 0]
 [0 0 0 0 1 0 0 0 0 0]
 [0 0 1 0 0 0 0 0 0 0]
 [0 0 1 0 0 0 0 0 0 0]
 [0 0 1 0 0 0 1 0 0 0]
 [0 0 0 0 0 1 0 0 0 0]
 [0 0 0 0 0 0 0 0 0 0]
 [0 0 0 0 0 0 0 0 0 0]
 [0 1 0 0 0 0 0 0 0 0]
 [0 0 0 0 0 0 0 0 1 0]
 [0 0 0 0 0 0 0 1 0 0]]
branch at -1
runtime for solving id of Q is 0.0007505584508180618
Simulation results:
{'J': 20, 'K': 10, 'N': 10, 'p': 0.1, 'seed': 13, 'sim': 6, 'runtime': 0.0007505584508180618, 'identifiable': 0, 'branch': -1}
7
Q: [[0 0 0 0 0 0 0 0 0 0]
 [0 0 0 0 0 0 0 0 1 0]
 [0 0 0 0 0 0 0 0 0 0]
 [0 0 1 0 0 1 0 0 0 0]
 [0 0 0 0 0 0 0 0 0 1]
 [1 0 0 1 0 0 0 0 0 0]
 [0 0 0 0 1 0 0 0 0 0]
 [0 0 0 0 0 0 0 0 0 0]
 [0 0 0 0 0 0 0 0 0 0]
 [0 0 0 0 0 0 0 0 0 0]
 [0 0 0 0 0 0 0 0 0 0]
 [0 0 0 0 0 0 1 1 0 0]
 [0 0 0 0 0 0 0 0 0 0]
 [0 0 0 0 0 0 0 0 1 0]
 [0 0 0 0 0 0 0 0 0 0]
 [0 0 1 0 0 0 0 0 0 0]
 [0 0 0 0 0 0 0 0 0 0]
 [0 0 1 0 0 0 0 0 0 0]
 [0 0 0 0 0 0 0 0 0 0]
 [1 0 0 0 0 0 0 0 0 0]]
Q_basis with dimensions J < K, thus not identifiable.
Q is not identifiable, and Q_bar is [[0 0 0 0 0 0 0 0 0 0]
 [0 1 0 0 0 0 0 0 0 0]
 [0 0 0 0 0 0 0 0 0 0]
 [0 0 0 0 0 1 0 0 0 0]
 [1 0 0 0 0 0 0 0 0 0]
 [0 0 0 0 0 0 0 1 0 0]
 [0 0 0 1 0 0 0 0 0 0]
 [0 0 0 0 0 0 0 0 0 0]
 [0 0 0 0 0 0 0 0 0 0]
 [0 0 0 0 0 0 0 0 0 0]
 [0 0 0 0 0 0 0 0 0 0]
 [0 0 1 0 0 0 0 0 0 0]
 [0 0 0 0 0 0 0 0 0 0]
 [0 1 0 0 0 0 0 0 0 0]
 [0 0 0 0 0 0 0 0 0 0]
 [0 0 0 0 1 0 0 0 0 0]
 [0 0 0 0 0 0 0 0 0 0]
 [0 0 0 0 1 0 0 0 0 0]
 [0 0 0 0 0 0 0 0 0 0]
 [0 0 0 0 0 0 1 0 0 0]]
branch at -1
runtime for solving id of Q is 0.0006892234086990356
Simulation results:
{'J': 20, 'K': 10, 'N': 10, 'p': 0.1, 'seed': 13, 'sim': 7, 'runtime': 0.0006892234086990356, 'identifiable': 0, 'branch': -1}
8
Q: [[0 0 0 0 0 0 0 0 1 0]
 [0 0 0 0 0 0 0 0 0 0]
 [0 0 0 0 0 1 0 0 0 0]
 [0 0 0 0 0 0 0 0 1 0]
 [0 0 0 0 0 0 0 1 0 0]
 [0 0 0 0 0 0 0 0 0 0]
 [0 1 0 0 0 0 0 0 0 0]
 [0 0 0 0 1 0 0 0 0 0]
 [0 0 0 0 0 0 0 0 1 0]
 [0 0 0 0 0 0 0 0 0 0]
 [0 1 0 0 0 0 0 0 0 1]
 [1 1 0 0 0 0 0 0 0 0]
 [1 1 0 0 0 0 0 0 0 0]
 [0 1 0 0 0 0 1 0 0 0]
 [0 0 0 0 0 0 0 1 0 0]
 [1 1 0 0 1 0 0 0 0 0]
 [1 0 0 0 0 0 0 0 0 0]
 [0 0 0 1 1 0 0 0 0 0]
 [0 0 0 0 0 0 0 0 0 0]
 [0 0 0 1 0 0 0 0 0 0]]
Q_basis with dimensions J < K, thus not identifiable.
Q is not identifiable, and Q_bar is [[1 0 0 0 0 0 0 0 0 0]
 [0 0 0 0 0 0 0 0 0 0]
 [0 0 1 0 0 0 0 0 0 0]
 [1 0 0 0 0 0 0 0 0 0]
 [0 1 0 0 0 0 0 0 0 0]
 [0 0 0 0 0 0 0 0 0 0]
 [0 0 0 0 0 1 0 0 0 0]
 [0 0 0 1 0 0 0 0 0 0]
 [1 0 0 0 0 0 0 0 0 0]
 [0 0 0 0 0 0 0 0 0 0]
 [0 0 0 0 0 0 1 0 0 0]
 [0 0 0 0 0 1 0 0 1 0]
 [0 0 0 0 0 1 0 0 1 0]
 [0 0 0 0 0 0 0 1 0 0]
 [0 1 0 0 0 0 0 0 0 0]
 [0 0 0 1 0 1 0 0 1 0]
 [0 0 0 0 0 0 0 0 1 0]
 [0 0 0 1 1 0 0 0 0 0]
 [0 0 0 0 0 0 0 0 0 0]
 [0 0 0 0 1 0 0 0 0 0]]
branch at -1
runtime for solving id of Q is 0.00099082849919796
Simulation results:
{'J': 20, 'K': 10, 'N': 10, 'p': 0.1, 'seed': 13, 'sim': 8, 'runtime': 0.00099082849919796, 'identifiable': 0, 'branch': -1}
9
Q: [[0 0 0 0 0 1 0 0 0 0]
 [0 0 0 0 0 0 0 0 1 0]
 [0 0 0 0 0 0 0 1 0 0]
 [0 0 0 0 0 0 0 1 0 0]
 [0 0 0 0 0 0 0 0 0 0]
 [0 0 0 0 0 0 0 0 1 0]
 [0 0 0 0 0 0 0 1 0 1]
 [1 0 0 0 0 0 1 0 0 0]
 [0 0 1 0 0 0 0 0 0 0]
 [1 0 0 0 0 0 0 0 0 0]
 [1 0 0 0 0 0 0 0 0 0]
 [0 0 0 1 0 0 0 0 0 0]
 [0 0 0 0 0 0 0 0 0 0]
 [0 0 0 0 0 0 0 0 0 0]
 [1 0 0 0 0 0 0 0 0 0]
 [0 0 0 0 0 0 0 0 0 0]
 [1 0 0 0 0 0 0 0 0 0]
 [0 0 0 0 0 0 0 0 0 0]
 [0 0 0 0 0 0 0 0 0 0]
 [0 0 0 0 0 0 0 0 0 0]]
Q_basis with dimensions J < K, thus not identifiable.
Q is not identifiable, and Q_bar is [[0 0 0 1 0 0 0 0 0 0]
 [1 0 0 0 0 0 0 0 0 0]
 [0 1 0 0 0 0 0 0 0 0]
 [0 1 0 0 0 0 0 0 0 0]
 [0 0 0 0 0 0 0 0 0 0]
 [1 0 0 0 0 0 0 0 0 0]
 [0 0 1 0 0 0 0 0 0 0]
 [0 0 0 0 0 0 0 1 0 0]
 [0 0 0 0 0 1 0 0 0 0]
 [0 0 0 0 0 0 1 0 0 0]
 [0 0 0 0 0 0 1 0 0 0]
 [0 0 0 0 1 0 0 0 0 0]
 [0 0 0 0 0 0 0 0 0 0]
 [0 0 0 0 0 0 0 0 0 0]
 [0 0 0 0 0 0 1 0 0 0]
 [0 0 0 0 0 0 0 0 0 0]
 [0 0 0 0 0 0 1 0 0 0]
 [0 0 0 0 0 0 0 0 0 0]
 [0 0 0 0 0 0 0 0 0 0]
 [0 0 0 0 0 0 0 0 0 0]]
branch at -1
runtime for solving id of Q is 0.0006821304559707642
Simulation results:
{'J': 20, 'K': 10, 'N': 10, 'p': 0.1, 'seed': 13, 'sim': 9, 'runtime': 0.0006821304559707642, 'identifiable': 0, 'branch': -1}
Simulation results:
[{'J': 20, 'K': 10, 'N': 10, 'p': 0.1, 'seed': 13, 'sim': 0, 'runtime': 0.0014313627034425735, 'identifiable': 0, 'branch': 0}, {'J': 20, 'K': 10, 'N': 10, 'p': 0.1, 'seed': 13, 'sim': 1, 'runtime': 0.0011962410062551498, 'identifiable': 0, 'branch': 2}, {'J': 20, 'K': 10, 'N': 10, 'p': 0.1, 'seed': 13, 'sim': 2, 'runtime': 0.000750366598367691, 'identifiable': 0, 'branch': -1}, {'J': 20, 'K': 10, 'N': 10, 'p': 0.1, 'seed': 13, 'sim': 3, 'runtime': 0.0007703676819801331, 'identifiable': 0, 'branch': -1}, {'J': 20, 'K': 10, 'N': 10, 'p': 0.1, 'seed': 13, 'sim': 4, 'runtime': 0.0013240575790405273, 'identifiable': 0, 'branch': 2}, {'J': 20, 'K': 10, 'N': 10, 'p': 0.1, 'seed': 13, 'sim': 5, 'runtime': 0.0007749032229185104, 'identifiable': 0, 'branch': -1}, {'J': 20, 'K': 10, 'N': 10, 'p': 0.1, 'seed': 13, 'sim': 6, 'runtime': 0.0007505584508180618, 'identifiable': 0, 'branch': -1}, {'J': 20, 'K': 10, 'N': 10, 'p': 0.1, 'seed': 13, 'sim': 7, 'runtime': 0.0006892234086990356, 'identifiable': 0, 'branch': -1}, {'J': 20, 'K': 10, 'N': 10, 'p': 0.1, 'seed': 13, 'sim': 8, 'runtime': 0.00099082849919796, 'identifiable': 0, 'branch': -1}, {'J': 20, 'K': 10, 'N': 10, 'p': 0.1, 'seed': 13, 'sim': 9, 'runtime': 0.0006821304559707642, 'identifiable': 0, 'branch': -1}]
