
The Gurobi software has a limited number of licenses. To request a license or
licenses, add this line

    #SBATCH --licenses=gurobi@slurmdb:1

to your SBATCH script, replacing N with the number of licenses you need. Gurobi
will need one license per process.


0
Q: [[0 0 1 0 0 0 0 0 1 0]
 [1 0 1 1 0 1 0 0 1 0]
 [0 0 0 1 1 0 0 1 0 1]
 [0 0 0 0 0 0 0 0 0 0]
 [0 0 1 0 1 1 0 0 0 1]
 [1 1 1 0 0 0 1 0 0 0]
 [0 0 0 0 0 0 1 0 0 1]
 [0 0 0 1 1 0 0 1 0 1]
 [0 0 0 1 0 0 0 1 0 1]
 [0 0 1 0 0 0 0 0 0 0]
 [1 1 0 0 0 1 0 1 1 0]
 [1 0 1 1 1 1 0 0 0 0]
 [0 0 0 0 0 0 0 0 0 0]
 [0 0 1 0 0 0 0 0 0 1]
 [1 1 0 1 0 0 1 0 0 0]
 [0 1 0 0 0 0 0 0 0 0]
 [0 1 0 0 0 0 0 0 0 1]
 [0 0 0 0 1 1 0 0 0 1]
 [1 1 0 1 1 0 1 1 0 1]
 [0 0 1 0 1 0 0 0 0 0]
 [0 0 0 0 0 1 0 0 1 0]
 [0 1 0 1 0 0 0 0 0 0]
 [1 0 0 0 1 0 0 0 1 0]
 [0 0 0 0 1 1 1 0 1 1]
 [0 0 0 0 0 0 0 0 0 1]
 [0 0 0 1 0 0 1 0 1 0]
 [0 0 0 0 0 0 1 0 0 1]
 [0 0 0 0 0 0 0 0 0 0]
 [0 0 0 0 0 0 0 0 0 0]
 [0 0 0 0 0 0 0 0 0 0]
 [0 1 0 0 0 1 0 0 1 0]
 [0 0 0 0 0 1 0 0 0 1]
 [0 0 1 0 1 0 0 0 1 0]
 [0 0 1 0 0 0 0 0 0 1]
 [0 1 0 1 0 0 0 0 0 0]
 [0 0 0 1 0 0 0 1 0 1]
 [0 0 1 0 0 0 0 0 0 0]
 [0 0 0 1 0 1 0 0 1 0]
 [1 1 0 0 0 0 0 0 0 0]
 [0 1 0 1 0 0 1 0 0 0]
 [0 0 0 0 0 0 1 0 0 0]
 [0 0 1 0 1 1 0 1 0 1]
 [1 0 0 1 0 0 0 0 0 0]
 [1 1 1 0 0 0 0 1 0 1]
 [0 0 1 1 1 1 0 1 0 0]
 [0 1 0 0 0 0 0 0 0 0]
 [0 0 1 0 0 0 0 1 0 1]
 [0 0 0 0 0 0 0 0 1 1]
 [1 1 0 0 0 1 0 1 0 1]
 [0 0 0 0 0 0 1 0 1 0]
 [1 1 1 1 1 0 1 0 0 1]
 [0 1 0 0 0 0 0 1 0 0]
 [0 1 0 1 0 0 0 0 0 0]
 [0 0 1 0 1 0 1 0 1 0]
 [1 1 0 1 0 0 0 1 0 0]
 [0 0 0 1 0 1 0 0 1 0]
 [1 0 0 0 0 0 0 0 1 0]
 [0 0 1 1 1 0 0 0 0 1]
 [0 1 1 0 0 1 0 1 1 0]
 [0 0 0 1 0 0 1 0 1 1]
 [1 0 1 0 0 0 1 1 1 0]
 [1 0 0 1 0 1 0 1 0 1]
 [0 1 0 0 1 0 1 0 1 0]
 [0 1 0 1 0 0 1 0 0 1]
 [0 1 0 0 0 0 1 0 0 1]
 [0 1 0 0 0 0 1 0 0 0]
 [1 1 0 0 0 0 1 0 0 1]
 [1 1 1 0 1 1 1 1 1 0]
 [0 0 0 0 0 1 1 0 0 0]
 [0 0 0 0 0 0 1 0 0 0]
 [0 0 0 0 1 0 0 0 0 0]
 [0 0 0 0 1 1 1 0 1 0]
 [1 0 1 0 0 0 0 0 0 0]
 [0 1 1 0 0 0 0 1 0 1]
 [0 0 1 0 0 0 0 0 1 0]
 [0 0 0 0 0 0 1 0 1 1]
 [1 0 0 1 0 1 0 0 0 1]
 [0 0 1 0 1 0 1 1 1 0]
 [0 0 0 0 0 0 0 1 0 0]
 [0 0 0 0 1 0 0 0 0 1]
 [0 0 0 0 1 0 0 0 0 0]
 [1 1 0 1 1 0 0 1 0 1]
 [1 0 1 0 0 0 0 1 1 0]
 [0 0 0 0 0 1 0 0 0 1]
 [0 1 0 1 0 0 0 0 0 0]
 [0 0 0 0 0 1 0 1 0 0]
 [0 0 1 1 0 1 0 0 1 0]
 [0 0 0 1 1 1 1 0 1 1]
 [1 1 0 0 1 0 1 0 0 1]
 [0 0 0 0 1 0 0 0 0 0]
 [1 1 0 0 0 1 0 1 0 0]
 [0 0 0 1 0 1 1 0 0 1]
 [1 0 1 1 1 0 0 0 0 1]
 [0 0 0 0 0 1 1 0 1 1]
 [0 0 0 0 0 0 1 0 0 0]
 [1 0 0 1 0 1 0 0 1 1]
 [1 1 1 0 1 1 1 1 0 1]
 [0 1 0 0 0 0 0 0 0 1]
 [0 0 1 0 0 1 0 0 1 0]
 [0 0 0 0 0 0 0 0 0 0]]
{'restarts': 1, 'conflicts': 159, 'decisions': 355, 'propagations': 232781}
Q is identifiable
branch at 6
runtime for solving id of Q is 0.43719051126390696
Simulation results:
{'J': 100, 'K': 10, 'N': 10, 'p': 0.3, 'seed': 40, 'sim': 0, 'runtime': 0.43719051126390696, 'identifiable': 1, 'branch': 6}
1
Q: [[0 0 0 0 1 1 0 0 0 1]
 [0 0 1 0 0 0 0 0 1 1]
 [0 1 1 1 0 1 0 0 0 0]
 [1 1 0 0 0 0 0 0 0 0]
 [0 0 0 1 0 0 0 0 0 1]
 [0 0 0 0 1 1 0 0 1 0]
 [0 1 0 0 0 0 0 0 0 0]
 [0 0 0 0 1 1 1 0 0 0]
 [0 1 1 0 0 1 0 0 0 1]
 [0 0 0 0 0 0 1 0 1 0]
 [1 0 1 1 0 1 1 0 1 0]
 [0 0 0 1 1 1 0 0 1 1]
 [0 0 0 0 0 0 1 1 0 1]
 [0 0 1 0 0 0 1 0 0 0]
 [0 0 1 0 0 1 0 0 0 0]
 [1 1 0 1 0 1 1 0 1 0]
 [0 0 0 1 1 0 1 0 0 1]
 [1 1 1 0 0 1 0 0 0 0]
 [1 0 1 0 0 1 0 0 0 0]
 [0 1 0 1 0 0 0 0 0 1]
 [1 0 0 1 0 0 0 0 1 1]
 [0 0 0 0 0 1 0 0 0 0]
 [1 1 0 0 0 0 0 1 0 0]
 [0 0 0 0 0 0 0 1 0 0]
 [0 0 0 0 1 1 0 1 0 1]
 [0 1 0 0 0 1 0 0 0 0]
 [1 0 0 0 1 0 0 0 1 1]
 [0 0 1 0 0 1 0 0 0 1]
 [0 0 1 0 1 0 0 0 0 0]
 [0 1 0 1 0 0 0 1 0 0]
 [0 1 1 1 1 1 0 0 1 0]
 [0 0 0 1 0 0 0 0 1 0]
 [0 0 1 0 1 1 0 1 0 1]
 [0 0 0 1 0 0 1 0 1 0]
 [1 0 0 0 0 0 0 0 0 0]
 [1 1 0 0 0 1 0 1 0 0]
 [0 0 0 1 1 0 0 0 0 1]
 [0 0 0 0 0 1 0 1 0 0]
 [1 1 1 0 0 0 1 0 0 0]
 [1 0 1 0 1 0 0 0 1 1]
 [0 0 0 0 1 0 0 0 0 1]
 [0 0 0 0 1 1 0 0 0 0]
 [1 0 0 0 1 1 0 0 1 0]
 [0 0 1 1 0 0 0 0 1 1]
 [0 1 0 1 0 0 0 0 0 0]
 [1 0 0 1 0 0 0 0 1 0]
 [0 0 0 0 0 1 0 0 1 0]
 [1 0 1 0 0 1 1 0 1 0]
 [0 0 0 0 0 1 0 0 0 0]
 [0 0 0 0 0 0 0 0 0 0]
 [1 1 1 0 1 1 0 1 0 1]
 [1 1 0 1 1 1 0 0 1 1]
 [0 0 1 0 0 0 1 0 0 0]
 [0 0 0 0 0 0 1 0 1 0]
 [0 0 0 0 0 1 1 0 1 0]
 [0 0 1 0 0 1 0 1 0 1]
 [1 0 0 0 0 0 0 1 0 0]
 [1 1 0 1 0 0 1 0 1 0]
 [1 0 0 0 0 0 0 1 0 0]
 [1 0 1 0 1 0 1 0 0 0]
 [1 0 0 1 0 0 1 0 0 0]
 [1 0 0 1 0 1 0 0 1 1]
 [0 1 1 0 0 1 0 0 0 1]
 [0 1 1 0 0 0 0 0 1 1]
 [0 0 1 0 1 0 0 0 0 1]
 [0 0 1 0 1 1 1 0 0 0]
 [0 0 0 1 0 1 0 0 0 1]
 [0 0 0 0 1 1 0 0 0 0]
 [0 0 0 0 0 1 0 0 0 1]
 [0 0 0 0 0 1 0 0 0 0]
 [0 0 0 1 0 0 0 1 1 0]
 [1 0 0 0 0 1 0 1 0 1]
 [1 1 0 1 1 0 0 1 1 0]
 [0 1 0 0 0 0 1 0 1 0]
 [0 1 1 0 1 0 0 1 0 0]
 [0 0 0 1 1 0 0 0 0 1]
 [0 0 1 0 1 1 1 0 0 0]
 [0 0 0 0 0 0 0 0 0 0]
 [0 0 0 0 0 0 1 1 0 0]
 [1 0 0 0 0 1 0 0 0 0]
 [0 0 1 0 1 1 0 1 1 1]
 [0 0 0 0 0 0 0 0 0 0]
 [1 0 0 0 0 0 1 1 0 0]
 [0 1 0 1 0 1 1 0 0 1]
 [1 0 0 0 1 1 0 0 0 1]
 [1 0 0 1 0 0 0 1 0 0]
 [0 0 1 1 1 0 0 0 0 0]
 [1 0 0 1 1 0 0 1 0 1]
 [1 0 1 0 1 0 0 0 1 0]
 [0 0 1 0 1 0 0 1 0 0]
 [1 0 1 0 0 0 1 0 0 0]
 [1 0 0 0 1 0 1 0 1 0]
 [0 0 0 0 0 0 1 0 0 0]
 [0 1 0 0 0 1 0 0 0 0]
 [1 1 1 0 0 0 0 1 1 1]
 [0 1 1 1 0 0 1 0 0 1]
 [0 0 0 0 0 0 0 0 0 1]
 [0 1 0 0 0 0 0 0 1 0]
 [1 1 1 1 1 0 0 1 1 0]
 [0 0 0 0 0 1 1 1 1 0]]
{'restarts': 1, 'conflicts': 76, 'decisions': 162, 'propagations': 86193}
Q is identifiable
branch at 6
runtime for solving id of Q is 0.3443817077204585
Simulation results:
{'J': 100, 'K': 10, 'N': 10, 'p': 0.3, 'seed': 40, 'sim': 1, 'runtime': 0.3443817077204585, 'identifiable': 1, 'branch': 6}
2
Q: [[0 0 0 0 1 0 0 0 0 1]
 [0 0 1 0 0 0 0 0 1 1]
 [0 0 1 0 0 1 0 1 1 0]
 [1 0 0 0 0 0 0 0 0 0]
 [0 0 0 1 0 1 0 0 0 1]
 [0 0 0 1 1 1 0 0 0 0]
 [0 0 1 0 1 0 1 0 1 0]
 [1 1 0 0 1 0 0 1 1 0]
 [0 1 0 0 0 1 0 0 1 0]
 [0 0 1 0 0 0 1 1 0 1]
 [1 0 0 0 1 0 0 1 0 0]
 [0 0 0 0 0 0 1 1 1 0]
 [0 0 0 1 0 0 1 0 1 1]
 [0 0 0 0 0 0 0 0 0 0]
 [0 0 0 0 1 0 0 0 0 1]
 [0 1 0 1 0 0 1 0 0 0]
 [0 0 0 0 0 1 0 1 1 0]
 [0 0 0 0 1 0 0 0 0 0]
 [0 1 1 1 0 0 1 1 0 0]
 [0 0 0 0 0 0 1 0 1 1]
 [1 1 0 0 1 0 0 0 0 0]
 [0 0 1 0 0 0 1 1 1 0]
 [0 1 0 0 0 1 0 0 0 1]
 [0 0 1 1 0 0 0 0 1 1]
 [1 1 0 1 0 0 1 0 1 0]
 [0 0 1 1 0 0 1 0 0 1]
 [0 1 1 0 0 0 0 0 0 0]
 [0 0 1 1 0 0 0 0 0 0]
 [0 0 1 0 0 1 0 0 0 0]
 [1 0 0 0 0 0 1 0 1 1]
 [1 0 0 1 0 0 1 0 0 0]
 [0 0 0 0 1 0 0 0 1 0]
 [0 0 0 0 1 0 0 0 0 1]
 [0 0 0 0 1 0 0 0 0 0]
 [0 0 1 0 1 0 0 1 0 0]
 [1 0 1 0 0 0 1 0 0 0]
 [0 1 0 1 0 1 1 1 1 0]
 [0 1 0 1 0 1 0 0 1 0]
 [0 0 0 1 0 0 0 1 1 1]
 [0 0 1 1 1 0 0 1 0 1]
 [0 0 0 0 1 0 0 1 0 0]
 [1 1 0 1 1 0 0 0 0 0]
 [0 0 0 0 0 1 0 1 0 0]
 [0 1 0 0 1 1 0 0 0 0]
 [1 0 0 1 0 0 1 1 0 0]
 [0 1 1 0 0 0 0 0 1 0]
 [0 1 1 1 0 0 0 0 0 0]
 [0 1 0 1 0 0 1 1 1 0]
 [0 0 0 0 0 0 0 0 1 0]
 [0 0 0 0 1 0 0 0 1 0]
 [0 0 0 0 1 1 0 0 0 0]
 [1 1 0 1 0 0 0 0 0 1]
 [1 0 0 1 1 0 1 0 1 0]
 [1 1 0 0 0 0 0 0 0 1]
 [0 0 1 0 0 0 0 0 0 0]
 [0 0 1 0 0 0 0 1 0 0]
 [0 0 1 1 0 0 0 0 0 0]
 [0 0 0 0 0 0 0 0 0 0]
 [0 0 0 1 0 0 0 0 1 1]
 [0 0 0 0 1 1 1 0 0 0]
 [0 0 0 0 0 0 1 0 1 0]
 [0 0 0 0 0 1 0 0 0 0]
 [0 0 1 0 0 1 0 0 0 0]
 [0 1 1 0 0 1 0 1 0 0]
 [1 1 0 0 0 1 1 0 0 0]
 [0 0 0 0 1 0 0 0 0 1]
 [0 0 0 0 0 0 0 0 0 0]
 [0 1 1 0 0 1 0 1 0 0]
 [1 1 0 0 0 1 0 0 0 0]
 [0 0 0 0 0 1 0 0 0 0]
 [1 1 0 0 1 1 0 0 0 0]
 [1 1 0 0 1 0 1 0 0 1]
 [0 0 0 0 0 0 0 1 0 1]
 [0 1 0 0 1 0 1 0 0 1]
 [0 1 0 0 0 0 0 0 0 0]
 [0 0 0 1 0 1 1 0 0 0]
 [0 1 1 0 1 1 0 0 0 0]
 [1 1 0 0 0 0 0 0 0 0]
 [1 1 1 1 0 0 0 0 1 0]
 [0 0 1 0 0 1 0 1 0 1]
 [1 0 0 1 0 0 1 0 0 0]
 [0 1 0 0 0 1 1 1 1 0]
 [0 1 0 0 1 0 1 0 0 1]
 [1 0 0 0 0 0 0 1 0 0]
 [0 1 1 0 1 0 0 0 1 0]
 [0 0 0 1 0 1 0 1 1 1]
 [1 0 1 0 0 1 1 0 0 0]
 [1 1 0 0 0 0 0 0 1 0]
 [0 0 0 0 0 0 0 0 0 1]
 [0 0 1 0 1 0 1 1 0 0]
 [0 1 1 0 0 0 1 1 0 0]
 [0 0 1 0 1 1 1 0 0 0]
 [0 0 0 1 0 1 0 0 0 0]
 [1 1 0 1 0 0 1 1 1 1]
 [0 1 0 0 1 0 1 0 0 0]
 [1 0 0 0 0 1 0 0 0 0]
 [0 1 0 0 0 1 0 0 1 0]
 [0 0 0 1 1 0 0 0 0 1]
 [0 0 0 0 1 1 1 1 0 0]
 [0 1 0 1 1 0 0 1 0 0]]
{'restarts': 1, 'conflicts': 159, 'decisions': 343, 'propagations': 196335}
Q is identifiable
branch at 6
runtime for solving id of Q is 0.5910838451236486
Simulation results:
{'J': 100, 'K': 10, 'N': 10, 'p': 0.3, 'seed': 40, 'sim': 2, 'runtime': 0.5910838451236486, 'identifiable': 1, 'branch': 6}
3
Q: [[1 1 0 0 0 0 1 1 0 0]
 [1 0 1 0 1 1 0 1 0 0]
 [1 0 0 0 1 1 0 0 0 0]
 [1 1 0 1 1 0 1 0 1 0]
 [1 0 0 0 1 0 0 0 1 0]
 [1 1 0 0 0 0 1 1 0 0]
 [0 0 1 0 0 1 0 1 0 0]
 [1 0 0 1 1 0 0 0 0 0]
 [0 0 0 0 1 0 1 1 1 0]
 [0 0 0 1 0 0 0 1 1 0]
 [1 0 0 1 0 0 0 0 0 0]
 [0 0 1 0 0 0 1 0 0 0]
 [0 0 0 0 0 0 0 1 1 0]
 [1 0 0 0 0 0 0 0 1 1]
 [0 0 0 1 0 0 0 1 1 1]
 [1 1 0 0 1 0 0 0 0 0]
 [0 0 1 0 0 0 1 1 1 1]
 [0 0 0 0 1 1 0 0 0 1]
 [0 0 0 0 0 0 0 0 0 0]
 [1 1 1 0 0 1 0 1 0 0]
 [0 0 0 0 0 0 1 0 1 0]
 [1 0 0 0 0 1 1 0 0 0]
 [0 0 1 1 0 0 1 0 0 0]
 [0 0 1 0 0 0 0 1 0 0]
 [0 0 0 1 1 0 0 0 0 0]
 [1 0 0 0 0 1 0 1 0 1]
 [1 1 0 1 1 0 0 1 0 0]
 [0 1 0 1 1 0 0 0 0 0]
 [0 0 1 0 0 1 1 0 1 0]
 [1 0 0 0 0 0 0 1 0 1]
 [0 1 0 0 0 0 0 0 0 0]
 [1 0 0 0 0 1 1 0 0 0]
 [0 0 1 0 0 1 1 0 0 1]
 [0 1 1 0 0 0 1 0 1 0]
 [0 0 0 1 0 0 0 0 0 0]
 [1 0 0 1 0 0 0 0 0 0]
 [0 0 0 0 0 0 1 0 1 1]
 [0 0 1 0 0 0 0 1 0 0]
 [0 0 0 1 0 0 0 0 0 0]
 [0 0 1 0 1 0 1 1 0 0]
 [0 0 1 0 0 0 0 0 0 0]
 [0 0 1 0 0 0 0 0 0 0]
 [0 0 0 1 0 1 0 0 0 0]
 [1 0 0 0 1 0 1 0 0 1]
 [0 0 0 0 0 0 0 1 0 0]
 [0 1 1 1 1 1 0 0 0 0]
 [1 1 0 0 0 0 0 0 0 0]
 [1 0 1 1 0 1 0 0 0 0]
 [0 0 1 0 0 1 0 1 0 1]
 [0 0 1 0 1 0 0 0 0 0]
 [0 0 1 0 0 1 0 0 0 1]
 [0 0 0 0 0 0 1 1 0 0]
 [0 0 1 0 0 1 0 0 0 1]
 [1 1 0 0 0 0 0 0 0 0]
 [0 0 0 1 1 0 0 1 0 0]
 [1 0 0 0 1 0 1 0 0 1]
 [0 1 0 0 0 1 0 0 0 1]
 [0 0 0 0 0 1 1 1 0 0]
 [1 0 1 0 0 0 0 0 1 0]
 [1 1 0 0 0 1 1 0 1 1]
 [1 0 0 0 0 0 1 0 0 0]
 [0 0 0 0 0 1 0 0 0 0]
 [0 0 0 0 0 0 0 0 1 0]
 [0 0 0 0 1 1 0 0 0 0]
 [0 0 1 1 1 0 1 0 0 0]
 [0 1 0 1 1 0 0 0 1 0]
 [1 1 0 0 0 1 0 1 0 0]
 [0 1 0 1 1 0 0 0 1 0]
 [0 0 0 0 1 0 0 0 1 0]
 [0 0 0 0 0 0 0 0 0 0]
 [0 0 0 0 1 1 0 0 0 0]
 [1 0 0 1 0 0 0 1 1 0]
 [0 0 0 0 0 1 0 1 0 0]
 [0 0 1 0 1 0 1 1 0 0]
 [0 0 0 1 1 1 1 0 1 0]
 [0 0 1 1 0 0 0 1 1 0]
 [0 0 1 1 0 1 1 1 0 0]
 [1 0 0 1 1 0 0 0 0 1]
 [0 1 0 0 0 0 1 0 0 0]
 [1 0 1 0 0 0 0 0 0 0]
 [0 0 0 0 0 0 0 0 0 1]
 [1 1 0 0 0 1 0 0 0 0]
 [0 0 1 0 0 0 0 0 0 1]
 [0 0 0 1 1 0 0 0 0 1]
 [0 0 0 1 0 0 0 1 1 0]
 [0 0 0 0 1 1 0 0 0 1]
 [0 0 1 0 0 0 1 0 0 1]
 [1 1 0 1 0 0 0 0 0 1]
 [1 0 0 0 0 0 0 0 0 1]
 [0 1 1 0 1 0 0 1 0 0]
 [1 0 0 0 1 0 0 0 0 0]
 [0 0 1 0 1 1 0 1 0 1]
 [0 1 0 1 0 0 0 1 0 0]
 [0 0 0 0 0 1 0 0 0 0]
 [0 1 1 0 0 0 0 0 0 0]
 [0 1 0 0 1 0 0 0 1 1]
 [0 1 1 1 1 0 0 0 0 0]
 [0 0 0 0 0 1 0 0 0 0]
 [0 1 0 0 1 0 0 1 0 0]
 [1 0 0 0 0 0 1 0 0 1]]
{'restarts': 1, 'conflicts': 56, 'decisions': 160, 'propagations': 62894}
Q is identifiable
branch at 6
runtime for solving id of Q is 0.38704290241003036
Simulation results:
{'J': 100, 'K': 10, 'N': 10, 'p': 0.3, 'seed': 40, 'sim': 3, 'runtime': 0.38704290241003036, 'identifiable': 1, 'branch': 6}
4
Q: [[0 0 0 1 0 0 0 0 0 0]
 [1 0 0 0 0 1 0 1 0 1]
 [0 0 0 1 0 1 1 0 0 0]
 [0 0 1 1 0 1 1 0 0 0]
 [0 0 1 0 0 0 0 0 0 0]
 [0 1 0 1 0 0 0 0 0 0]
 [0 1 0 1 0 0 0 0 0 1]
 [0 0 0 0 1 0 0 0 0 0]
 [1 1 0 0 0 0 1 1 0 1]
 [1 0 0 0 1 0 0 0 0 1]
 [0 1 1 1 0 0 1 0 1 0]
 [1 0 1 0 1 0 1 0 1 0]
 [1 0 0 0 1 0 0 0 1 0]
 [1 0 0 0 0 1 1 0 0 0]
 [0 0 1 0 0 0 0 0 0 1]
 [0 0 0 1 0 1 0 0 0 0]
 [0 1 1 1 0 0 0 1 0 0]
 [0 0 0 0 0 1 1 0 1 0]
 [0 0 0 1 0 0 0 0 0 1]
 [0 0 0 1 0 0 0 0 0 0]
 [0 0 0 0 0 0 0 0 0 0]
 [1 1 0 0 1 0 1 0 0 0]
 [0 1 1 0 0 0 0 0 0 0]
 [0 1 0 0 0 1 1 0 1 1]
 [1 1 0 0 0 0 0 0 0 0]
 [0 0 0 0 0 0 0 0 1 0]
 [0 0 0 1 0 0 1 0 0 0]
 [0 0 1 1 0 0 0 0 0 0]
 [0 0 0 0 0 1 0 1 0 1]
 [0 0 0 0 0 1 1 0 1 0]
 [0 0 1 0 1 0 1 0 1 0]
 [1 1 0 0 0 0 0 0 0 0]
 [1 0 1 1 0 0 0 0 0 1]
 [0 0 0 0 0 0 0 0 0 0]
 [0 0 0 1 0 0 1 0 1 0]
 [0 0 0 0 1 0 0 0 0 0]
 [0 0 0 0 0 0 1 0 0 0]
 [0 1 0 0 0 0 0 0 0 0]
 [0 0 0 0 0 0 0 0 0 0]
 [1 0 1 0 0 1 0 0 1 0]
 [0 1 0 0 0 1 0 0 0 0]
 [0 1 0 0 0 0 1 1 0 0]
 [0 1 1 1 0 0 1 0 1 0]
 [1 1 0 0 0 1 0 0 0 0]
 [0 1 1 0 0 0 0 0 0 0]
 [0 0 0 1 0 1 0 0 0 0]
 [0 1 1 0 1 0 0 1 0 0]
 [0 0 0 0 1 0 0 0 0 0]
 [0 0 0 1 0 0 0 1 0 0]
 [0 1 0 0 0 0 1 0 1 1]
 [0 0 0 1 0 1 0 0 0 0]
 [1 0 0 0 0 1 1 0 0 0]
 [1 0 1 0 0 1 0 0 0 1]
 [1 0 0 0 0 1 0 1 0 0]
 [0 1 1 0 0 0 0 0 0 1]
 [0 0 1 0 1 0 0 0 1 1]
 [1 0 0 1 0 0 0 1 0 0]
 [0 0 0 0 0 0 0 0 1 1]
 [1 1 1 0 1 1 0 0 0 1]
 [1 0 0 1 1 0 0 0 1 0]
 [0 0 1 0 1 0 0 1 0 0]
 [0 1 0 0 0 0 1 0 0 0]
 [0 0 0 0 1 0 0 0 0 0]
 [0 0 1 0 0 0 0 0 1 0]
 [0 0 1 1 0 1 0 0 0 0]
 [0 1 0 0 0 0 0 0 0 0]
 [0 1 0 1 1 0 0 1 0 1]
 [1 0 1 0 0 0 1 0 1 0]
 [1 1 0 1 1 0 0 0 1 0]
 [1 1 1 0 0 1 0 1 0 1]
 [1 1 0 1 1 0 0 0 0 0]
 [0 0 0 1 0 0 0 0 0 0]
 [0 0 0 1 0 0 0 0 0 0]
 [0 1 0 1 0 0 0 0 0 1]
 [0 1 0 1 0 0 0 1 1 0]
 [1 0 0 0 0 0 0 1 1 0]
 [0 1 1 0 1 0 0 0 0 0]
 [1 0 0 0 1 1 0 0 1 0]
 [0 0 0 0 0 0 0 0 1 1]
 [0 0 1 0 1 0 1 1 0 1]
 [0 0 1 1 0 0 1 0 0 0]
 [0 1 1 0 0 0 1 0 0 0]
 [0 1 0 0 0 0 0 0 0 1]
 [0 0 1 0 0 0 0 0 0 0]
 [1 0 0 0 0 0 1 0 0 1]
 [1 1 0 0 0 0 0 0 1 0]
 [0 1 0 0 0 1 0 0 1 1]
 [0 1 0 1 0 0 0 0 1 0]
 [1 0 0 0 1 1 1 0 0 0]
 [1 0 1 0 1 1 0 0 0 0]
 [1 1 1 1 1 1 0 0 0 1]
 [1 0 0 0 0 0 1 0 0 0]
 [1 0 0 1 0 0 0 0 0 1]
 [0 1 0 0 1 0 0 0 0 1]
 [0 0 1 0 0 1 0 1 0 1]
 [0 0 1 0 0 0 0 0 0 0]
 [0 0 0 0 1 0 0 0 1 1]
 [0 0 1 0 0 0 1 0 1 0]
 [1 0 0 0 1 0 1 0 0 0]
 [0 0 0 1 0 1 1 0 1 1]]
{'restarts': 1, 'conflicts': 79, 'decisions': 189, 'propagations': 138617}
Q is identifiable
branch at 6
runtime for solving id of Q is 0.6021151887252927
Simulation results:
{'J': 100, 'K': 10, 'N': 10, 'p': 0.3, 'seed': 40, 'sim': 4, 'runtime': 0.6021151887252927, 'identifiable': 1, 'branch': 6}
5
Q: [[0 0 0 0 1 1 0 0 0 0]
 [1 0 1 0 1 0 1 0 0 0]
 [0 0 0 1 1 0 0 0 0 0]
 [0 0 0 0 0 0 1 0 0 0]
 [1 1 0 0 1 0 0 0 1 0]
 [1 1 0 0 0 0 0 0 0 1]
 [0 0 0 1 1 1 1 1 1 1]
 [1 0 1 0 0 0 0 1 1 0]
 [1 0 1 0 1 0 1 1 1 0]
 [1 1 0 0 1 0 0 0 0 0]
 [0 0 0 0 0 0 0 0 0 0]
 [0 0 0 0 0 1 0 1 0 0]
 [0 1 0 0 0 0 1 0 0 1]
 [1 1 1 1 0 0 0 0 0 0]
 [0 0 0 1 0 0 0 0 0 1]
 [0 0 0 1 1 1 0 0 0 0]
 [0 1 0 0 0 1 0 0 0 0]
 [0 0 0 0 0 0 0 0 1 1]
 [0 0 0 1 0 0 0 1 0 1]
 [0 0 0 0 0 0 0 1 0 0]
 [1 1 1 0 0 0 0 1 0 1]
 [0 1 0 0 0 0 0 0 1 0]
 [1 0 0 0 1 0 0 0 0 0]
 [0 0 0 0 0 0 0 1 0 1]
 [0 0 0 0 1 0 1 1 0 0]
 [0 1 0 0 0 0 0 0 0 0]
 [0 0 0 0 0 0 0 0 0 0]
 [0 1 1 0 0 0 0 0 1 1]
 [0 0 0 0 0 1 0 0 0 0]
 [0 0 0 0 0 0 1 0 0 0]
 [1 0 0 0 1 0 1 0 0 0]
 [0 0 0 0 0 0 1 0 1 0]
 [0 0 0 0 0 0 0 0 0 1]
 [0 1 0 0 0 0 1 1 0 0]
 [0 1 0 0 0 0 1 0 0 0]
 [0 0 0 0 0 1 0 0 0 0]
 [0 1 1 0 0 0 0 0 1 0]
 [1 0 1 0 0 0 0 0 0 0]
 [0 0 0 0 0 0 0 1 0 0]
 [0 1 0 1 0 1 0 1 1 0]
 [1 0 0 0 0 1 0 0 1 1]
 [1 0 0 1 1 0 0 0 0 0]
 [0 0 0 1 1 1 0 0 0 0]
 [0 0 1 0 0 0 0 0 0 0]
 [0 0 0 0 0 0 0 0 1 0]
 [0 0 0 0 0 0 0 0 0 0]
 [0 1 1 0 1 1 1 0 1 0]
 [0 0 1 0 0 1 1 1 0 0]
 [0 0 0 0 0 0 0 1 0 1]
 [0 0 0 0 0 0 1 0 0 0]
 [0 1 1 0 1 0 0 1 1 1]
 [0 0 0 0 0 0 0 0 0 0]
 [0 0 0 0 1 0 0 0 0 0]
 [0 0 1 1 0 1 0 1 0 0]
 [1 0 0 1 1 0 1 0 0 0]
 [0 1 1 0 1 0 1 1 0 0]
 [0 0 1 0 0 1 1 0 0 0]
 [0 1 1 0 0 0 0 1 0 1]
 [1 1 0 1 1 0 0 1 0 0]
 [1 0 1 0 1 1 0 0 0 0]
 [0 0 1 0 1 0 0 0 1 1]
 [0 0 0 0 0 0 0 0 0 0]
 [0 0 0 0 1 1 0 0 0 1]
 [0 0 0 0 0 1 0 1 0 0]
 [0 0 0 1 0 0 1 0 0 0]
 [0 1 0 1 0 0 0 1 0 0]
 [0 1 1 0 0 0 0 0 0 0]
 [1 0 0 0 1 0 0 1 0 1]
 [1 1 0 0 0 0 0 0 0 0]
 [0 1 0 1 0 0 0 1 1 0]
 [1 1 0 0 0 0 0 0 0 0]
 [1 0 1 1 0 0 0 0 1 0]
 [0 1 1 1 0 1 0 0 0 0]
 [0 1 0 0 1 0 0 1 0 1]
 [0 1 1 1 0 0 0 0 0 0]
 [1 0 0 1 0 0 0 1 0 1]
 [0 0 0 0 0 0 0 1 1 0]
 [0 0 1 0 0 0 0 0 0 1]
 [0 1 0 1 0 0 0 0 0 0]
 [0 0 0 0 0 0 0 0 0 1]
 [0 0 1 1 0 0 0 1 0 1]
 [1 0 0 1 1 0 0 0 1 1]
 [1 0 0 0 0 1 1 0 1 1]
 [0 0 0 0 0 1 1 0 0 1]
 [0 0 0 0 0 1 1 1 0 0]
 [0 0 0 0 0 0 1 1 0 1]
 [0 1 1 0 1 1 1 1 0 0]
 [0 1 1 0 0 1 0 0 0 0]
 [0 1 0 0 1 0 0 0 1 0]
 [0 0 0 1 0 0 0 0 1 0]
 [0 0 0 1 1 0 1 1 0 1]
 [0 1 0 1 1 0 1 1 1 0]
 [0 0 1 0 1 0 1 0 1 0]
 [0 1 0 0 1 0 0 0 1 0]
 [0 1 0 0 1 0 0 0 0 0]
 [1 0 0 0 1 0 0 0 1 0]
 [0 1 0 1 0 1 0 0 0 1]
 [0 0 0 1 0 1 0 1 1 0]
 [0 0 0 0 1 0 0 0 0 0]
 [0 0 0 0 1 0 0 0 0 0]]
{'restarts': 1, 'conflicts': 25, 'decisions': 78, 'propagations': 45431}
Q is identifiable
branch at 6
runtime for solving id of Q is 0.30157884303480387
Simulation results:
{'J': 100, 'K': 10, 'N': 10, 'p': 0.3, 'seed': 40, 'sim': 5, 'runtime': 0.30157884303480387, 'identifiable': 1, 'branch': 6}
6
Q: [[0 1 0 1 0 1 0 0 0 1]
 [0 0 1 0 0 1 0 0 0 0]
 [1 0 1 0 0 0 0 1 0 0]
 [0 0 0 0 1 0 1 0 0 0]
 [0 1 0 0 0 0 1 1 1 0]
 [0 1 0 0 0 0 0 0 1 0]
 [0 1 0 0 1 1 0 0 0 0]
 [0 0 0 1 1 0 0 1 1 0]
 [0 1 0 1 0 0 0 1 0 0]
 [1 0 1 0 0 0 1 0 1 1]
 [1 1 1 1 1 1 1 0 0 0]
 [1 0 0 0 0 1 1 0 0 0]
 [0 1 1 0 1 0 0 0 0 0]
 [0 0 0 0 0 1 0 1 0 0]
 [1 1 0 0 0 0 0 0 0 0]
 [0 0 0 1 1 0 1 0 1 0]
 [1 1 0 0 1 1 0 0 0 0]
 [0 0 0 0 1 1 0 0 1 1]
 [0 0 0 1 1 0 1 0 0 0]
 [0 0 0 0 0 0 0 0 0 1]
 [0 0 1 1 1 0 0 0 0 0]
 [0 0 0 0 1 1 0 1 0 0]
 [0 0 1 1 0 0 0 0 1 0]
 [0 0 1 0 0 0 1 0 0 1]
 [1 0 0 1 0 0 1 0 0 0]
 [1 1 0 0 1 0 0 0 1 0]
 [0 1 1 1 0 0 0 0 0 0]
 [0 0 0 1 0 0 0 0 0 0]
 [0 0 0 0 0 0 0 1 0 0]
 [0 1 1 1 1 1 0 1 0 1]
 [1 0 0 0 0 0 1 1 0 0]
 [1 0 0 0 0 0 1 0 0 0]
 [0 0 0 0 0 0 0 1 1 0]
 [0 0 0 1 1 0 0 1 1 1]
 [0 0 1 0 0 1 1 0 0 0]
 [0 0 0 1 1 1 0 1 1 0]
 [0 1 1 0 1 0 1 0 1 0]
 [0 0 1 0 0 0 1 0 1 1]
 [0 1 1 0 0 0 0 0 0 0]
 [0 0 0 0 0 0 1 0 0 0]
 [0 0 0 1 0 0 1 0 1 0]
 [0 1 0 0 0 0 1 0 1 0]
 [0 1 0 0 0 0 1 0 0 1]
 [0 0 0 0 0 0 0 0 1 1]
 [0 0 0 0 0 0 0 1 0 0]
 [0 1 1 0 0 0 0 0 1 0]
 [0 0 1 1 0 0 0 0 0 0]
 [0 0 1 1 0 0 0 0 1 1]
 [0 0 1 0 1 0 0 0 1 0]
 [0 1 0 0 1 0 0 0 1 1]
 [0 0 0 0 0 0 1 0 1 0]
 [1 1 0 0 0 0 0 1 0 0]
 [0 0 0 0 0 0 0 1 0 0]
 [1 0 0 1 1 0 1 0 1 0]
 [1 0 0 0 1 0 0 0 0 1]
 [1 1 0 0 1 0 1 1 0 0]
 [0 1 0 0 1 0 0 0 1 0]
 [0 0 0 0 0 0 1 0 1 0]
 [0 0 0 0 0 0 1 0 0 1]
 [1 0 1 0 0 0 1 1 0 0]
 [0 1 0 1 0 0 0 0 1 0]
 [1 0 0 0 0 1 1 1 0 0]
 [1 0 0 1 1 0 0 0 0 0]
 [0 0 0 0 0 0 1 1 0 1]
 [0 0 1 0 1 0 0 0 0 0]
 [0 0 0 0 0 0 0 0 1 0]
 [0 1 1 0 1 0 1 1 0 0]
 [1 1 0 0 0 0 0 1 0 0]
 [0 1 0 0 1 0 0 1 0 0]
 [1 0 1 0 0 0 0 0 0 0]
 [1 0 0 0 0 0 1 0 0 0]
 [0 1 0 1 0 0 0 0 0 0]
 [0 0 0 1 0 1 1 0 0 0]
 [1 0 0 1 1 0 0 0 0 0]
 [1 0 0 1 0 1 0 1 0 0]
 [0 1 0 0 0 0 0 0 1 0]
 [0 0 0 1 0 1 1 1 0 0]
 [0 0 0 0 1 0 0 0 0 1]
 [1 0 0 0 0 1 0 1 0 1]
 [1 0 0 0 0 1 0 0 0 0]
 [0 0 0 1 0 1 1 0 1 1]
 [1 1 0 1 1 0 1 0 1 0]
 [0 0 1 0 0 0 1 1 0 0]
 [0 0 1 0 0 0 1 0 0 1]
 [1 0 0 1 0 0 1 0 0 0]
 [0 0 0 0 0 0 1 0 0 1]
 [0 0 0 0 0 0 1 0 1 1]
 [0 1 0 0 1 0 0 0 0 0]
 [1 1 1 1 0 0 0 1 0 0]
 [0 0 0 0 1 0 1 0 1 0]
 [1 0 0 1 0 0 1 0 0 1]
 [1 0 0 0 0 0 0 0 0 0]
 [0 0 0 1 0 1 0 0 0 0]
 [0 0 1 1 0 1 0 0 1 1]
 [0 0 0 1 1 1 0 0 1 1]
 [0 0 0 0 1 0 0 0 0 0]
 [0 0 0 0 0 0 0 1 0 1]
 [0 1 0 0 0 1 0 1 0 0]
 [0 0 0 1 1 0 0 0 0 1]
 [1 0 0 0 0 0 0 0 0 0]]
{'restarts': 1, 'conflicts': 48, 'decisions': 176, 'propagations': 77445}
Q is identifiable
branch at 6
runtime for solving id of Q is 0.42313682194799185
Simulation results:
{'J': 100, 'K': 10, 'N': 10, 'p': 0.3, 'seed': 40, 'sim': 6, 'runtime': 0.42313682194799185, 'identifiable': 1, 'branch': 6}
7
Q: [[0 0 1 0 1 0 0 1 0 0]
 [0 1 0 0 0 0 0 0 1 1]
 [1 0 1 1 0 0 1 0 1 0]
 [0 0 1 0 0 0 1 0 0 0]
 [1 0 0 0 1 1 0 0 1 0]
 [0 1 0 1 0 0 0 1 0 1]
 [0 0 0 0 1 0 0 0 0 0]
 [1 1 0 1 1 0 0 0 0 0]
 [0 0 0 1 0 1 1 0 0 0]
 [1 0 1 0 1 1 0 0 0 0]
 [0 0 0 0 0 0 0 0 1 0]
 [0 1 1 0 0 1 0 1 1 1]
 [0 1 1 0 0 1 1 1 0 0]
 [0 0 0 0 0 1 0 1 0 0]
 [0 0 0 0 1 1 1 0 0 0]
 [0 0 0 0 0 1 0 1 0 0]
 [0 1 1 0 1 0 0 0 0 1]
 [1 0 0 0 0 1 0 0 0 0]
 [1 0 1 0 0 0 0 0 0 0]
 [0 0 0 0 0 1 0 0 0 0]
 [1 0 1 0 1 1 0 0 1 1]
 [0 1 0 1 0 0 1 0 0 0]
 [0 0 0 1 0 0 1 0 0 0]
 [1 1 0 1 0 0 0 0 1 0]
 [1 0 0 0 0 0 0 1 0 0]
 [0 0 0 0 1 0 0 1 1 0]
 [0 0 1 1 0 1 0 1 1 0]
 [0 0 0 1 0 1 0 0 1 0]
 [0 1 1 1 0 0 0 1 0 0]
 [0 1 1 0 0 0 0 0 1 1]
 [0 0 1 1 1 0 0 0 0 1]
 [0 1 0 1 1 0 1 0 0 1]
 [0 0 1 0 0 0 0 0 0 0]
 [0 0 0 0 0 1 1 0 0 0]
 [0 1 0 1 0 0 0 0 1 1]
 [0 0 0 0 0 0 0 1 0 1]
 [0 1 1 1 0 1 1 0 1 0]
 [0 0 1 0 0 0 0 0 0 0]
 [0 0 1 0 1 0 1 0 0 0]
 [0 0 0 0 0 0 0 0 1 0]
 [0 0 0 0 0 0 1 0 1 0]
 [1 1 0 1 0 1 1 0 1 0]
 [0 0 0 0 0 0 0 1 1 1]
 [1 0 0 0 1 0 0 0 0 1]
 [0 0 0 0 0 0 0 0 0 0]
 [1 1 1 0 0 0 0 1 0 0]
 [0 0 0 0 0 0 1 0 1 0]
 [0 0 1 0 0 0 0 0 0 0]
 [1 0 0 1 0 0 0 0 0 0]
 [0 0 0 0 0 0 0 1 0 0]
 [0 0 0 0 1 0 0 0 0 0]
 [0 1 0 0 0 1 1 1 0 0]
 [0 0 0 0 1 0 1 1 0 0]
 [1 1 0 0 0 0 1 0 1 0]
 [0 0 1 1 0 1 1 0 0 0]
 [1 0 1 1 0 1 0 0 1 0]
 [0 0 1 0 0 0 0 1 1 0]
 [0 1 0 1 0 0 0 0 0 0]
 [0 0 1 0 1 1 0 1 1 0]
 [1 1 0 1 0 0 0 0 1 0]
 [0 0 0 0 0 0 0 0 1 0]
 [1 0 0 0 0 0 1 1 0 1]
 [1 0 0 1 0 0 0 0 0 1]
 [0 0 1 0 0 1 0 1 0 0]
 [0 0 0 1 0 1 0 0 0 0]
 [1 0 0 1 0 0 0 0 0 1]
 [0 0 0 0 0 0 1 1 1 0]
 [0 0 0 0 0 0 1 0 0 0]
 [0 0 0 1 0 0 1 1 0 0]
 [0 0 1 0 1 0 0 0 1 0]
 [0 0 1 1 0 1 0 0 1 0]
 [0 0 0 0 0 0 0 1 1 1]
 [0 0 1 0 0 1 0 0 0 0]
 [1 0 1 0 0 0 0 1 1 0]
 [1 1 1 0 0 1 1 0 0 0]
 [0 0 1 1 0 1 1 0 1 0]
 [0 0 0 1 0 1 1 0 0 1]
 [0 0 0 1 1 0 1 0 0 0]
 [0 0 0 0 0 0 0 0 0 0]
 [0 0 0 0 0 1 0 0 1 0]
 [0 0 0 1 1 0 1 0 1 0]
 [0 1 0 1 0 0 0 0 1 0]
 [0 0 1 0 0 1 0 0 1 1]
 [0 0 1 0 0 0 0 1 0 0]
 [0 0 1 0 1 0 1 0 0 0]
 [0 0 0 1 0 0 0 1 1 1]
 [0 1 0 0 0 0 0 0 0 0]
 [0 0 0 0 1 0 1 0 1 0]
 [1 0 0 0 0 1 0 0 0 0]
 [0 0 0 0 0 0 0 0 0 0]
 [0 0 0 0 1 1 1 0 0 1]
 [0 0 0 0 0 1 0 1 0 0]
 [0 0 0 0 0 0 0 0 0 0]
 [0 1 0 0 0 1 0 0 1 1]
 [0 0 0 0 1 1 1 0 0 1]
 [1 1 0 0 1 0 0 0 0 0]
 [0 0 0 0 1 0 0 1 0 1]
 [0 0 0 0 0 0 0 0 0 0]
 [0 1 0 0 0 1 0 0 0 0]
 [0 0 1 0 0 0 0 0 0 0]]
{'restarts': 1, 'conflicts': 51, 'decisions': 169, 'propagations': 69508}
Q is identifiable
branch at 6
runtime for solving id of Q is 0.41209437884390354
Simulation results:
{'J': 100, 'K': 10, 'N': 10, 'p': 0.3, 'seed': 40, 'sim': 7, 'runtime': 0.41209437884390354, 'identifiable': 1, 'branch': 6}
8
Q: [[0 0 1 0 0 0 0 1 0 0]
 [1 0 1 0 1 0 1 0 0 1]
 [0 0 0 0 0 1 1 1 0 0]
 [0 0 0 0 1 0 0 0 0 0]
 [0 0 0 0 1 0 1 1 0 0]
 [1 1 1 0 1 1 0 0 0 0]
 [0 0 0 0 0 0 1 1 0 0]
 [0 1 0 0 0 1 0 1 0 0]
 [0 1 0 0 1 0 0 0 1 0]
 [0 1 0 1 0 1 0 1 1 1]
 [0 0 1 0 0 1 1 1 0 1]
 [0 0 0 0 0 0 0 0 0 1]
 [1 0 0 0 1 1 0 0 0 1]
 [0 0 0 0 0 0 0 1 0 0]
 [1 0 0 0 0 1 0 1 0 0]
 [0 1 0 0 0 0 1 0 0 0]
 [0 0 1 0 1 0 0 0 0 0]
 [0 1 1 1 1 0 0 0 0 0]
 [1 1 1 0 1 0 0 0 0 1]
 [1 0 0 1 0 1 1 0 0 0]
 [0 0 0 0 0 0 0 0 0 0]
 [0 0 1 0 0 1 1 0 1 1]
 [0 0 0 0 1 0 0 1 1 0]
 [1 0 0 0 0 1 1 1 0 0]
 [0 0 1 0 0 0 1 1 0 0]
 [0 1 1 0 0 1 0 0 0 0]
 [0 0 0 1 1 1 0 0 0 0]
 [1 1 1 1 0 0 0 0 1 1]
 [0 1 1 0 0 1 0 0 1 0]
 [1 1 1 0 0 0 0 0 1 1]
 [0 0 0 0 0 1 0 0 0 1]
 [1 1 1 1 0 0 0 0 1 1]
 [1 1 1 0 0 1 0 0 0 0]
 [0 0 1 1 0 0 1 1 0 0]
 [0 0 0 1 0 1 1 0 0 0]
 [1 1 0 0 1 1 0 1 0 0]
 [0 0 1 0 0 1 1 1 0 1]
 [1 1 0 0 1 0 0 1 1 1]
 [0 0 0 0 1 1 0 1 1 0]
 [0 0 0 0 1 0 0 0 1 1]
 [1 1 0 0 0 1 0 0 0 1]
 [1 0 0 1 0 0 0 0 0 1]
 [1 0 1 0 0 0 1 0 0 1]
 [0 0 1 0 0 0 0 0 0 0]
 [0 0 0 0 1 0 1 0 0 0]
 [1 1 0 0 0 0 0 0 1 0]
 [1 1 1 1 0 1 1 0 0 0]
 [0 1 0 0 0 0 0 1 1 1]
 [0 1 0 0 0 0 0 0 0 0]
 [1 1 0 0 0 0 1 0 1 1]
 [0 0 0 0 0 0 0 0 0 0]
 [0 0 0 0 1 0 1 0 0 0]
 [1 0 0 0 1 1 0 1 0 1]
 [0 1 0 0 0 0 1 0 0 1]
 [1 0 0 0 1 0 0 0 0 1]
 [1 0 1 1 1 1 0 0 1 0]
 [1 0 1 1 0 0 0 0 0 0]
 [0 0 1 1 1 0 0 1 0 1]
 [0 0 0 0 0 0 0 1 1 1]
 [0 1 0 0 1 1 0 0 0 1]
 [0 1 0 1 0 1 1 0 0 0]
 [0 0 0 0 0 1 0 0 0 1]
 [0 0 0 1 0 0 1 1 0 0]
 [1 1 1 1 0 1 1 0 0 1]
 [0 0 1 1 1 1 0 0 0 1]
 [0 0 0 0 0 0 0 0 1 1]
 [0 1 0 1 0 1 1 0 0 0]
 [0 0 0 0 0 0 0 0 0 1]
 [0 1 0 0 1 0 0 1 1 0]
 [0 0 0 0 1 1 1 0 0 0]
 [0 0 0 0 1 1 0 1 1 1]
 [1 0 0 0 0 0 1 0 1 0]
 [0 0 0 0 0 1 0 0 0 0]
 [0 0 0 0 0 1 0 0 1 1]
 [0 0 0 1 0 0 0 0 0 1]
 [0 0 0 0 0 0 0 1 0 1]
 [0 0 0 0 0 0 1 0 1 1]
 [0 1 0 0 0 0 0 0 1 1]
 [0 1 0 0 0 0 0 0 0 0]
 [1 0 0 0 0 0 1 0 0 0]
 [1 0 0 0 0 0 0 1 0 0]
 [0 1 0 0 0 0 0 0 0 0]
 [0 0 1 0 0 0 0 0 1 0]
 [0 0 1 0 0 0 0 0 1 0]
 [1 0 0 0 1 1 0 0 0 0]
 [1 0 1 0 0 0 0 1 0 0]
 [0 1 0 0 0 0 1 0 0 0]
 [0 0 0 0 1 1 0 0 1 0]
 [0 1 0 1 0 0 0 0 0 0]
 [0 1 0 1 0 0 0 0 0 0]
 [0 0 0 0 1 0 1 1 0 1]
 [1 1 1 1 0 0 0 0 0 0]
 [0 1 0 0 0 0 1 1 0 1]
 [0 0 1 0 0 1 0 0 1 1]
 [0 0 0 0 1 0 0 0 0 1]
 [0 0 0 1 0 0 0 1 1 0]
 [0 1 0 0 0 0 0 0 1 0]
 [0 0 0 1 0 1 0 0 0 0]
 [0 1 0 1 0 0 1 0 0 0]
 [1 0 1 0 1 0 1 0 0 0]]
{'restarts': 1, 'conflicts': 110, 'decisions': 299, 'propagations': 252355}
Q is identifiable
branch at 6
runtime for solving id of Q is 0.6141594219952822
Simulation results:
{'J': 100, 'K': 10, 'N': 10, 'p': 0.3, 'seed': 40, 'sim': 8, 'runtime': 0.6141594219952822, 'identifiable': 1, 'branch': 6}
9
Q: [[0 1 0 1 0 0 0 0 0 1]
 [1 0 0 0 0 0 0 0 0 0]
 [0 0 1 0 0 0 0 1 1 0]
 [1 0 0 0 1 0 0 0 0 0]
 [0 0 0 0 1 0 0 0 0 0]
 [1 0 0 0 0 0 0 1 0 0]
 [0 0 1 0 0 0 1 1 0 1]
 [0 1 1 1 0 1 0 0 1 0]
 [0 0 0 0 0 0 1 1 0 1]
 [0 0 0 0 0 0 0 1 1 0]
 [0 0 0 0 0 0 1 0 1 0]
 [0 1 0 1 1 0 1 0 0 1]
 [1 0 0 0 1 0 0 0 0 1]
 [0 1 1 0 0 1 0 0 0 1]
 [0 0 0 0 1 1 0 0 0 0]
 [1 0 1 0 1 1 0 0 1 0]
 [0 0 0 1 0 1 0 0 0 0]
 [0 0 1 0 1 0 0 0 0 0]
 [0 0 1 0 0 0 0 1 0 0]
 [0 1 1 0 0 0 0 1 0 0]
 [0 0 0 0 1 0 0 0 1 0]
 [0 1 1 0 0 0 1 1 1 0]
 [0 1 0 0 0 0 1 0 1 0]
 [1 0 0 1 0 0 0 0 0 0]
 [1 0 0 0 0 1 1 0 0 0]
 [0 0 0 0 0 1 0 1 0 0]
 [0 0 0 0 0 0 0 0 0 0]
 [1 1 0 0 0 0 0 1 0 1]
 [1 0 1 1 0 0 0 1 0 0]
 [0 0 0 0 0 0 1 1 1 0]
 [1 1 0 0 0 0 0 0 1 0]
 [0 0 1 0 0 0 1 0 1 0]
 [1 0 1 0 0 0 0 1 0 1]
 [0 0 0 0 0 1 0 1 0 0]
 [0 0 0 1 1 1 0 1 0 0]
 [0 1 0 0 1 0 1 0 0 1]
 [1 1 1 1 1 0 0 1 0 0]
 [0 1 0 0 1 1 0 0 1 1]
 [0 0 1 1 0 1 0 1 0 0]
 [1 1 0 1 0 0 1 1 0 0]
 [0 0 0 1 0 0 0 1 1 1]
 [0 0 0 0 0 1 0 0 0 1]
 [1 1 0 1 0 0 1 1 0 1]
 [1 0 0 0 1 1 1 0 0 0]
 [1 0 1 1 1 0 0 0 0 0]
 [1 1 0 0 0 0 0 0 0 1]
 [1 0 0 0 0 0 0 0 0 1]
 [0 0 1 0 0 0 1 1 1 1]
 [1 0 0 0 0 0 0 0 0 1]
 [0 0 1 0 0 1 0 0 0 1]
 [0 1 0 0 0 1 0 0 1 1]
 [0 0 0 0 1 0 0 0 0 0]
 [1 0 0 0 1 1 1 1 0 1]
 [0 1 1 1 1 0 0 1 0 0]
 [0 0 0 1 0 1 0 0 0 0]
 [0 0 1 0 1 1 0 0 0 0]
 [1 0 0 0 0 1 0 0 1 1]
 [1 0 0 0 0 0 0 0 0 1]
 [0 0 0 0 0 1 1 1 1 0]
 [0 0 0 0 0 0 0 0 0 0]
 [1 0 0 1 0 0 0 0 0 0]
 [0 1 0 0 1 0 0 0 0 0]
 [1 0 0 0 0 0 0 0 0 0]
 [1 1 0 0 0 0 0 0 0 1]
 [0 1 0 0 1 0 1 1 0 0]
 [0 0 0 0 0 1 1 0 0 1]
 [0 0 1 0 0 0 1 0 0 0]
 [1 0 1 1 1 1 0 0 1 0]
 [1 0 0 0 0 1 1 0 0 0]
 [1 1 1 0 0 0 1 0 1 1]
 [0 1 0 0 0 1 0 1 0 0]
 [0 0 0 0 0 0 0 1 0 0]
 [0 0 0 0 0 0 1 0 0 0]
 [0 0 0 0 0 1 0 1 0 0]
 [1 0 0 1 0 0 0 1 0 0]
 [0 1 1 0 0 0 0 1 0 0]
 [0 0 1 1 0 0 1 0 1 0]
 [1 0 1 0 1 0 0 0 1 1]
 [0 0 0 1 0 0 1 0 0 1]
 [0 0 1 0 0 1 1 0 0 0]
 [0 1 0 1 0 0 0 1 0 1]
 [0 0 0 1 0 0 0 0 0 0]
 [0 0 0 0 0 0 0 1 0 1]
 [1 0 1 0 0 0 0 0 0 0]
 [1 0 0 1 0 0 0 0 1 0]
 [0 1 0 0 1 1 0 1 0 0]
 [0 0 1 0 0 0 0 1 0 0]
 [0 0 0 1 0 0 1 0 0 0]
 [0 0 0 1 0 1 0 0 0 0]
 [1 0 0 1 0 0 0 1 0 0]
 [0 1 0 0 0 0 0 1 0 0]
 [0 0 1 1 1 0 1 1 1 1]
 [1 0 0 1 1 0 1 0 0 0]
 [0 0 0 1 0 0 0 1 0 0]
 [0 0 1 1 1 0 1 0 0 0]
 [0 1 0 0 0 0 0 0 0 0]
 [1 1 0 1 0 0 0 0 0 0]
 [1 0 0 0 0 0 0 0 1 0]
 [0 1 1 0 0 0 0 0 0 0]
 [0 1 0 0 0 1 0 0 0 0]]
{'restarts': 2, 'conflicts': 220, 'decisions': 544, 'propagations': 495831}
Q is identifiable
branch at 6
runtime for solving id of Q is 0.644615993835032
Simulation results:
{'J': 100, 'K': 10, 'N': 10, 'p': 0.3, 'seed': 40, 'sim': 9, 'runtime': 0.644615993835032, 'identifiable': 1, 'branch': 6}
Simulation results:
[{'J': 100, 'K': 10, 'N': 10, 'p': 0.3, 'seed': 40, 'sim': 0, 'runtime': 0.43719051126390696, 'identifiable': 1, 'branch': 6}, {'J': 100, 'K': 10, 'N': 10, 'p': 0.3, 'seed': 40, 'sim': 1, 'runtime': 0.3443817077204585, 'identifiable': 1, 'branch': 6}, {'J': 100, 'K': 10, 'N': 10, 'p': 0.3, 'seed': 40, 'sim': 2, 'runtime': 0.5910838451236486, 'identifiable': 1, 'branch': 6}, {'J': 100, 'K': 10, 'N': 10, 'p': 0.3, 'seed': 40, 'sim': 3, 'runtime': 0.38704290241003036, 'identifiable': 1, 'branch': 6}, {'J': 100, 'K': 10, 'N': 10, 'p': 0.3, 'seed': 40, 'sim': 4, 'runtime': 0.6021151887252927, 'identifiable': 1, 'branch': 6}, {'J': 100, 'K': 10, 'N': 10, 'p': 0.3, 'seed': 40, 'sim': 5, 'runtime': 0.30157884303480387, 'identifiable': 1, 'branch': 6}, {'J': 100, 'K': 10, 'N': 10, 'p': 0.3, 'seed': 40, 'sim': 6, 'runtime': 0.42313682194799185, 'identifiable': 1, 'branch': 6}, {'J': 100, 'K': 10, 'N': 10, 'p': 0.3, 'seed': 40, 'sim': 7, 'runtime': 0.41209437884390354, 'identifiable': 1, 'branch': 6}, {'J': 100, 'K': 10, 'N': 10, 'p': 0.3, 'seed': 40, 'sim': 8, 'runtime': 0.6141594219952822, 'identifiable': 1, 'branch': 6}, {'J': 100, 'K': 10, 'N': 10, 'p': 0.3, 'seed': 40, 'sim': 9, 'runtime': 0.644615993835032, 'identifiable': 1, 'branch': 6}]
