
The Gurobi software has a limited number of licenses. To request a license or
licenses, add this line

    #SBATCH --licenses=gurobi@slurmdb:1

to your SBATCH script, replacing N with the number of licenses you need. Gurobi
will need one license per process.


0
Q: [[0 1 1 0 0]
 [1 1 0 0 1]
 [0 1 0 0 0]
 [1 1 1 1 1]
 [0 0 1 0 1]
 [0 0 0 0 1]
 [1 0 1 1 0]
 [0 1 0 0 1]
 [1 0 0 0 1]
 [1 0 0 1 0]
 [0 0 0 0 1]
 [1 1 0 0 0]
 [0 0 1 0 1]
 [1 1 0 1 1]
 [1 1 0 0 0]
 [1 0 0 1 1]
 [0 0 0 0 0]
 [0 1 0 0 0]
 [1 1 1 1 1]
 [1 1 0 0 0]
 [1 1 1 1 1]
 [0 1 1 0 1]
 [1 1 0 0 1]
 [1 1 0 0 1]
 [1 0 1 1 1]
 [0 0 1 1 1]
 [1 1 0 0 1]
 [1 0 1 0 1]
 [1 0 1 0 1]
 [0 1 0 0 1]
 [0 1 0 0 0]
 [1 0 1 1 1]
 [1 0 0 0 0]
 [0 1 1 1 1]
 [0 0 0 1 0]
 [0 0 1 0 1]
 [0 1 0 0 1]
 [1 0 0 0 0]
 [0 1 0 1 1]
 [1 0 0 0 1]
 [1 1 0 1 0]
 [1 1 1 1 1]
 [1 0 0 1 1]
 [0 0 1 0 1]
 [1 1 0 0 1]
 [0 1 0 0 0]
 [0 1 1 1 1]
 [0 0 0 1 1]
 [1 1 0 0 1]
 [1 1 1 0 0]
 [0 1 1 0 1]
 [0 0 1 1 1]
 [1 0 0 1 0]
 [0 1 0 1 0]
 [1 1 1 0 1]
 [1 0 1 1 0]
 [0 1 1 0 0]
 [1 0 0 1 1]
 [0 1 1 1 1]
 [0 1 1 1 0]
 [1 1 0 0 1]
 [0 1 0 0 1]
 [0 0 0 0 0]
 [0 1 0 0 0]
 [1 1 1 0 0]
 [0 0 1 1 0]
 [0 0 1 0 0]
 [0 0 1 0 1]
 [1 1 0 0 1]
 [1 0 0 0 1]
 [0 0 1 1 1]
 [1 0 0 1 0]
 [1 0 1 0 1]
 [0 0 0 0 0]
 [0 1 1 1 1]
 [0 0 0 1 1]
 [0 1 1 0 0]
 [1 1 0 0 1]
 [0 1 0 1 0]
 [0 1 1 0 1]
 [1 0 1 1 0]
 [0 1 0 0 0]
 [0 0 0 0 0]
 [0 1 1 0 0]
 [0 1 1 1 0]
 [0 0 1 0 1]
 [0 1 1 1 1]
 [1 1 0 1 0]
 [1 1 0 0 1]
 [0 0 0 0 0]
 [0 0 0 0 0]
 [0 1 1 0 0]
 [0 1 1 0 0]
 [0 1 0 0 1]
 [0 0 1 1 0]
 [0 1 1 1 0]
 [0 0 1 1 0]
 [1 1 0 0 1]
 [0 1 1 0 1]
 [1 1 0 0 0]]
Q is identifiable (direct_check).
Q is identifiable
branch at 4
runtime for solving id of Q is 0.0007512711454182863
Simulation results:
{'J': 100, 'K': 5, 'N': 10, 'p': 0.5, 'seed': 72, 'sim': 0, 'runtime': 0.0007512711454182863, 'identifiable': 1, 'branch': 4}
1
Q: [[0 1 0 1 1]
 [1 1 1 0 0]
 [0 0 1 0 0]
 [1 0 1 0 0]
 [1 0 1 0 1]
 [1 1 1 1 1]
 [0 1 1 0 0]
 [1 0 0 0 1]
 [1 0 0 0 1]
 [0 0 0 1 0]
 [1 1 1 1 0]
 [1 1 1 1 0]
 [1 1 0 0 0]
 [1 1 0 1 1]
 [0 1 1 1 0]
 [1 1 0 0 1]
 [1 1 1 0 1]
 [0 1 0 1 1]
 [1 0 0 0 0]
 [1 0 1 1 0]
 [0 0 1 1 1]
 [1 0 0 0 1]
 [0 0 0 1 1]
 [1 1 1 0 0]
 [1 1 1 1 0]
 [1 1 0 1 1]
 [1 0 0 1 1]
 [1 1 1 0 1]
 [0 0 1 0 1]
 [1 1 0 1 0]
 [1 1 1 0 0]
 [1 1 1 0 1]
 [0 1 1 0 1]
 [1 1 0 1 0]
 [0 1 0 0 0]
 [0 1 1 1 1]
 [1 1 0 1 1]
 [1 1 1 1 1]
 [1 0 0 1 0]
 [0 1 0 1 0]
 [1 0 1 1 0]
 [0 1 0 0 0]
 [1 1 0 0 0]
 [1 0 1 0 1]
 [1 0 0 0 1]
 [1 0 0 0 0]
 [1 0 1 1 1]
 [1 0 0 0 0]
 [0 1 0 0 0]
 [0 0 0 0 1]
 [1 0 0 1 0]
 [1 0 1 0 0]
 [1 1 0 0 1]
 [0 1 1 0 0]
 [1 0 0 0 0]
 [1 0 1 0 1]
 [1 0 1 1 1]
 [0 1 1 0 0]
 [0 1 1 0 1]
 [0 0 1 0 1]
 [1 0 0 0 0]
 [1 1 0 0 0]
 [1 1 1 1 0]
 [0 1 0 0 0]
 [1 0 0 1 1]
 [1 0 0 1 0]
 [1 1 0 1 0]
 [0 1 0 1 1]
 [0 1 1 0 1]
 [0 1 1 1 1]
 [1 0 1 1 0]
 [0 0 0 1 0]
 [0 1 0 1 1]
 [1 0 1 1 1]
 [0 0 1 0 0]
 [1 1 1 1 0]
 [1 0 0 1 0]
 [0 1 1 1 0]
 [1 1 1 1 1]
 [0 0 1 0 0]
 [1 1 1 0 0]
 [0 1 1 0 1]
 [1 0 1 1 0]
 [1 0 0 0 0]
 [0 0 0 0 0]
 [0 0 1 1 0]
 [0 1 0 0 1]
 [1 1 0 0 0]
 [1 1 1 1 1]
 [1 1 0 0 0]
 [0 0 1 0 0]
 [0 1 0 0 0]
 [0 1 0 1 1]
 [1 1 0 0 1]
 [0 1 1 0 1]
 [1 1 1 1 1]
 [1 0 1 0 1]
 [1 0 0 0 0]
 [0 1 1 1 1]
 [1 1 0 0 0]]
Q is identifiable (direct_check).
Q is identifiable
branch at 4
runtime for solving id of Q is 0.0005855800118297338
Simulation results:
{'J': 100, 'K': 5, 'N': 10, 'p': 0.5, 'seed': 72, 'sim': 1, 'runtime': 0.0005855800118297338, 'identifiable': 1, 'branch': 4}
2
Q: [[1 1 1 0 0]
 [1 0 0 1 1]
 [0 1 0 0 0]
 [1 0 1 0 0]
 [0 1 1 1 1]
 [0 0 1 0 0]
 [1 0 1 0 0]
 [1 1 1 1 1]
 [0 0 1 1 0]
 [0 1 1 0 0]
 [1 0 1 1 0]
 [0 0 0 1 1]
 [1 0 0 1 0]
 [1 1 0 0 0]
 [0 0 1 1 1]
 [0 0 1 1 1]
 [0 0 1 1 0]
 [0 0 0 1 1]
 [0 1 0 1 1]
 [0 0 0 1 1]
 [0 1 1 1 0]
 [1 0 1 1 0]
 [0 0 0 1 1]
 [0 0 0 1 1]
 [1 1 1 1 1]
 [0 1 0 1 0]
 [0 0 0 1 1]
 [1 1 1 0 0]
 [1 1 1 0 1]
 [0 0 1 1 1]
 [1 1 1 0 1]
 [1 0 0 1 0]
 [0 1 0 0 0]
 [1 1 0 1 1]
 [0 1 1 0 0]
 [1 1 0 1 0]
 [0 0 0 1 1]
 [0 1 0 0 0]
 [0 0 1 1 0]
 [1 0 0 1 1]
 [1 1 0 0 0]
 [1 0 0 1 0]
 [0 1 1 1 0]
 [1 0 0 0 0]
 [0 0 1 1 0]
 [0 1 1 1 1]
 [0 0 1 0 1]
 [0 0 1 1 0]
 [1 1 0 0 0]
 [0 0 1 1 0]
 [0 0 1 0 0]
 [1 0 1 1 1]
 [1 1 1 1 0]
 [1 0 1 0 1]
 [1 0 0 0 0]
 [1 0 1 0 1]
 [1 0 0 1 0]
 [1 1 0 0 0]
 [1 0 1 1 1]
 [1 1 1 0 0]
 [1 0 0 0 1]
 [1 1 1 1 1]
 [0 1 0 1 1]
 [0 1 0 1 1]
 [1 0 1 1 0]
 [1 0 1 1 1]
 [0 1 0 0 0]
 [1 0 1 1 0]
 [0 1 0 1 0]
 [0 0 0 1 0]
 [0 1 1 0 1]
 [0 0 0 0 0]
 [0 1 0 0 0]
 [1 1 1 0 0]
 [1 0 1 1 0]
 [1 0 0 0 1]
 [1 0 0 0 1]
 [1 0 0 1 1]
 [0 1 0 0 0]
 [1 1 0 0 1]
 [1 1 0 1 0]
 [1 1 0 0 1]
 [0 0 0 1 0]
 [1 0 0 1 0]
 [0 1 0 0 1]
 [0 0 1 1 1]
 [0 1 0 1 1]
 [0 1 0 1 0]
 [1 0 1 0 1]
 [0 1 0 0 1]
 [0 0 0 0 0]
 [0 0 1 0 1]
 [1 0 1 1 0]
 [1 0 1 0 0]
 [1 0 1 0 1]
 [0 0 0 0 0]
 [0 0 0 0 0]
 [0 1 1 0 1]
 [0 0 0 0 1]
 [1 0 0 1 1]]
Q is identifiable (direct_check).
Q is identifiable
branch at 4
runtime for solving id of Q is 0.0005903469864279032
Simulation results:
{'J': 100, 'K': 5, 'N': 10, 'p': 0.5, 'seed': 72, 'sim': 2, 'runtime': 0.0005903469864279032, 'identifiable': 1, 'branch': 4}
3
Q: [[0 0 1 1 0]
 [1 1 0 1 1]
 [1 0 1 1 0]
 [1 1 0 0 1]
 [1 0 0 1 1]
 [1 1 1 1 0]
 [1 0 1 0 0]
 [1 1 1 1 1]
 [0 1 1 0 1]
 [0 0 0 0 1]
 [1 1 0 0 0]
 [0 0 0 1 0]
 [1 0 1 1 0]
 [1 1 1 0 1]
 [0 0 0 1 0]
 [0 0 1 1 1]
 [0 1 0 0 0]
 [1 1 0 0 0]
 [1 0 1 0 0]
 [1 0 0 1 0]
 [0 0 0 0 1]
 [1 1 0 0 0]
 [1 1 0 1 0]
 [1 0 0 0 1]
 [0 1 0 1 0]
 [0 1 1 0 1]
 [0 1 1 0 1]
 [1 0 0 0 1]
 [1 1 1 0 0]
 [1 1 0 0 1]
 [1 0 0 1 0]
 [1 1 1 0 0]
 [0 0 1 1 1]
 [1 1 1 1 0]
 [1 1 0 0 0]
 [0 1 0 0 1]
 [0 0 0 0 0]
 [0 1 1 0 0]
 [0 1 0 1 0]
 [0 0 1 1 1]
 [1 1 1 1 1]
 [0 1 0 1 1]
 [1 1 1 1 0]
 [1 1 1 1 1]
 [1 0 1 1 1]
 [1 1 0 0 0]
 [1 0 1 0 1]
 [1 0 0 0 1]
 [0 1 0 0 1]
 [1 0 0 1 1]
 [1 1 0 1 1]
 [0 1 0 1 1]
 [0 1 0 0 1]
 [0 1 0 1 1]
 [0 1 0 1 0]
 [1 0 0 1 0]
 [0 0 1 0 1]
 [1 0 1 1 0]
 [0 0 1 1 0]
 [0 1 0 1 0]
 [0 0 0 0 1]
 [1 1 1 0 1]
 [0 1 1 1 1]
 [0 0 0 1 0]
 [1 1 1 1 0]
 [1 1 1 1 0]
 [0 1 1 1 0]
 [0 0 1 0 1]
 [1 1 0 0 1]
 [0 1 0 0 0]
 [0 1 1 1 0]
 [0 1 1 0 1]
 [0 0 0 1 1]
 [1 1 0 1 0]
 [0 1 0 0 0]
 [0 0 1 1 1]
 [0 1 1 0 0]
 [1 0 1 1 1]
 [1 0 0 0 1]
 [0 1 1 0 1]
 [0 0 1 1 1]
 [1 1 0 0 1]
 [0 0 0 0 1]
 [0 0 1 1 1]
 [0 1 1 0 0]
 [1 0 1 1 0]
 [1 0 1 0 0]
 [0 0 0 0 1]
 [1 1 0 1 0]
 [1 1 0 0 1]
 [1 0 1 0 1]
 [1 1 1 0 1]
 [0 0 1 1 0]
 [0 1 0 1 0]
 [1 0 0 0 1]
 [1 0 0 0 1]
 [1 1 1 1 1]
 [1 1 1 1 1]
 [0 1 1 1 1]
 [1 0 1 0 1]]
{'restarts': 1, 'conflicts': 8, 'decisions': 25, 'propagations': 814}
Q is identifiable
branch at 6
runtime for solving id of Q is 0.006459179101511836
Simulation results:
{'J': 100, 'K': 5, 'N': 10, 'p': 0.5, 'seed': 72, 'sim': 3, 'runtime': 0.006459179101511836, 'identifiable': 1, 'branch': 6}
4
Q: [[0 1 0 0 0]
 [0 0 1 0 1]
 [0 1 0 0 0]
 [0 0 1 0 0]
 [0 1 1 0 1]
 [1 1 0 1 0]
 [1 1 0 1 0]
 [1 1 0 1 0]
 [1 1 1 1 1]
 [0 1 1 0 1]
 [0 1 0 1 1]
 [0 0 1 0 1]
 [0 1 1 0 0]
 [0 0 0 0 1]
 [1 0 0 1 1]
 [1 1 1 0 1]
 [1 0 1 0 1]
 [0 0 1 1 0]
 [1 0 1 0 0]
 [0 0 0 1 1]
 [1 1 0 0 1]
 [1 0 0 0 1]
 [0 0 1 0 0]
 [1 1 0 1 0]
 [1 0 0 0 0]
 [0 0 0 1 0]
 [1 1 0 0 1]
 [1 1 0 1 0]
 [1 0 1 1 0]
 [1 0 0 0 0]
 [0 0 0 0 0]
 [1 0 1 0 0]
 [0 1 1 0 0]
 [1 1 0 0 0]
 [1 0 0 0 1]
 [0 0 1 0 0]
 [0 0 1 0 0]
 [0 0 1 0 1]
 [1 0 1 0 0]
 [0 1 0 0 1]
 [1 1 1 1 1]
 [1 0 0 0 1]
 [1 0 1 0 1]
 [1 1 1 1 0]
 [1 0 1 0 0]
 [0 0 0 0 0]
 [1 1 1 0 0]
 [1 0 1 0 0]
 [1 1 1 0 1]
 [0 0 1 1 0]
 [1 1 0 1 1]
 [1 1 1 1 0]
 [1 1 1 1 1]
 [0 1 0 1 0]
 [1 1 0 0 0]
 [1 0 1 1 1]
 [0 1 1 1 1]
 [1 1 0 1 0]
 [0 1 1 0 0]
 [0 0 0 1 1]
 [1 1 1 0 1]
 [0 1 1 0 1]
 [0 0 0 1 0]
 [0 0 1 0 0]
 [0 1 1 1 0]
 [0 0 1 0 1]
 [1 0 1 0 1]
 [1 0 1 1 0]
 [0 0 0 0 0]
 [0 0 0 1 0]
 [0 1 1 1 0]
 [1 1 1 1 0]
 [1 1 0 0 0]
 [0 1 1 0 1]
 [1 1 1 1 1]
 [0 0 0 1 0]
 [0 0 1 1 1]
 [0 1 1 0 0]
 [0 1 0 0 1]
 [0 0 1 1 0]
 [1 0 1 1 0]
 [1 1 0 0 0]
 [1 0 1 0 1]
 [1 0 1 1 0]
 [1 1 1 0 0]
 [0 0 1 1 0]
 [1 1 1 0 1]
 [0 0 1 1 1]
 [0 1 1 1 0]
 [1 0 0 0 1]
 [0 0 1 0 1]
 [1 1 0 1 0]
 [1 1 1 0 1]
 [1 1 1 1 0]
 [1 0 0 1 0]
 [0 1 1 1 1]
 [1 0 0 1 1]
 [0 1 1 0 1]
 [1 1 0 0 1]
 [1 0 0 1 1]]
Q is identifiable (direct_check).
Q is identifiable
branch at 4
runtime for solving id of Q is 0.0006043240427970886
Simulation results:
{'J': 100, 'K': 5, 'N': 10, 'p': 0.5, 'seed': 72, 'sim': 4, 'runtime': 0.0006043240427970886, 'identifiable': 1, 'branch': 4}
5
Q: [[0 0 0 0 1]
 [0 0 1 0 1]
 [1 1 1 1 0]
 [0 1 1 1 1]
 [0 0 0 1 1]
 [0 1 0 0 1]
 [0 0 1 0 0]
 [0 1 1 1 0]
 [0 1 0 1 0]
 [1 1 1 0 1]
 [1 1 0 1 1]
 [1 1 1 0 0]
 [0 0 1 0 0]
 [0 1 0 1 0]
 [0 0 0 1 1]
 [1 1 0 0 0]
 [1 1 1 1 0]
 [0 1 0 1 0]
 [0 1 0 1 1]
 [0 0 1 1 1]
 [0 0 0 0 1]
 [0 1 1 0 1]
 [1 0 1 1 1]
 [1 1 0 1 1]
 [0 1 1 1 0]
 [1 1 1 0 1]
 [1 1 1 0 1]
 [1 0 1 1 1]
 [0 0 1 1 1]
 [0 1 1 1 1]
 [0 0 1 0 0]
 [1 0 0 1 0]
 [0 0 0 0 1]
 [1 0 1 1 0]
 [1 0 1 1 1]
 [1 0 0 0 1]
 [0 0 1 1 0]
 [0 1 1 0 1]
 [0 0 0 1 0]
 [0 1 1 1 1]
 [0 0 1 1 1]
 [0 0 0 0 1]
 [1 0 1 0 1]
 [1 0 1 1 0]
 [0 1 0 1 0]
 [0 0 0 1 1]
 [0 1 0 1 0]
 [1 1 0 0 0]
 [0 1 0 0 1]
 [1 0 0 1 0]
 [1 1 0 1 1]
 [0 1 0 1 1]
 [1 0 0 1 1]
 [1 1 1 0 1]
 [1 1 0 0 1]
 [1 0 0 1 0]
 [0 0 1 1 1]
 [0 0 1 1 1]
 [0 1 1 0 1]
 [1 1 1 1 0]
 [0 1 1 0 1]
 [0 0 0 1 0]
 [1 1 0 1 0]
 [0 1 0 1 0]
 [0 0 0 1 1]
 [0 1 0 0 1]
 [1 0 0 0 0]
 [0 1 0 1 0]
 [0 1 0 1 1]
 [1 0 1 1 0]
 [0 0 1 0 1]
 [0 0 0 0 0]
 [1 1 1 0 0]
 [0 1 0 0 0]
 [0 1 1 1 0]
 [1 0 1 0 1]
 [0 0 1 0 0]
 [1 0 1 1 1]
 [1 0 0 1 1]
 [1 0 1 0 1]
 [0 0 1 1 1]
 [1 1 0 1 0]
 [1 0 1 1 1]
 [0 0 1 0 1]
 [0 0 1 1 0]
 [0 1 1 1 0]
 [1 0 0 1 1]
 [0 1 1 0 0]
 [1 0 0 0 1]
 [1 1 0 1 0]
 [1 1 0 0 1]
 [1 1 0 0 1]
 [1 0 0 1 1]
 [0 0 1 1 1]
 [0 1 0 0 0]
 [1 0 0 1 0]
 [0 1 0 1 0]
 [1 0 0 0 1]
 [1 0 1 0 1]
 [0 1 1 1 1]]
Q is identifiable (direct_check).
Q is identifiable
branch at 4
runtime for solving id of Q is 0.0005738649051636457
Simulation results:
{'J': 100, 'K': 5, 'N': 10, 'p': 0.5, 'seed': 72, 'sim': 5, 'runtime': 0.0005738649051636457, 'identifiable': 1, 'branch': 4}
6
Q: [[0 0 1 0 1]
 [1 1 1 1 0]
 [0 0 1 1 1]
 [0 0 1 1 0]
 [1 0 0 1 0]
 [0 0 1 0 1]
 [0 1 0 0 1]
 [1 1 0 0 1]
 [1 0 1 1 0]
 [0 1 0 0 0]
 [1 0 0 0 1]
 [1 1 1 1 1]
 [0 0 1 1 1]
 [1 0 0 1 0]
 [1 0 1 1 0]
 [1 1 0 1 1]
 [0 0 0 1 0]
 [0 1 1 0 1]
 [0 0 0 1 0]
 [1 0 1 1 1]
 [1 0 1 0 0]
 [0 1 1 0 1]
 [1 0 1 1 0]
 [0 1 1 0 0]
 [1 1 1 1 0]
 [1 0 0 1 1]
 [1 1 0 0 0]
 [0 0 1 1 0]
 [1 0 0 0 0]
 [1 1 0 1 1]
 [0 1 0 0 0]
 [1 1 0 0 1]
 [0 1 0 0 1]
 [0 1 1 0 0]
 [1 1 1 1 1]
 [0 1 1 0 0]
 [1 1 0 1 0]
 [0 1 1 0 1]
 [1 0 0 1 1]
 [1 0 1 0 1]
 [0 0 0 0 1]
 [0 0 0 1 0]
 [0 0 1 0 0]
 [0 1 1 0 0]
 [0 1 1 1 1]
 [1 1 0 0 1]
 [0 0 0 1 0]
 [1 0 0 0 0]
 [1 1 0 1 1]
 [0 1 1 0 0]
 [0 0 1 0 1]
 [1 0 1 1 0]
 [0 1 1 1 1]
 [0 0 1 1 1]
 [1 1 0 0 1]
 [1 1 1 1 1]
 [0 0 0 1 0]
 [0 0 1 0 1]
 [0 0 1 1 0]
 [1 0 0 0 0]
 [0 0 1 0 0]
 [1 0 0 1 0]
 [1 1 0 1 0]
 [1 1 0 0 0]
 [1 0 1 1 1]
 [0 0 1 0 0]
 [0 1 1 0 0]
 [0 0 1 0 1]
 [0 0 0 1 0]
 [0 0 1 1 0]
 [0 1 0 0 1]
 [0 1 0 0 1]
 [1 0 0 0 0]
 [1 1 1 0 1]
 [0 1 1 1 1]
 [0 0 0 0 1]
 [1 0 1 1 1]
 [1 1 0 1 1]
 [1 1 0 0 0]
 [1 0 1 0 0]
 [0 1 1 1 0]
 [1 0 0 0 1]
 [1 0 1 1 1]
 [1 0 0 1 0]
 [0 0 0 0 0]
 [0 1 1 0 1]
 [0 0 1 1 0]
 [1 1 0 1 1]
 [1 1 0 0 0]
 [0 0 1 0 0]
 [0 0 0 1 1]
 [1 0 0 1 1]
 [1 1 1 1 0]
 [0 0 0 0 1]
 [0 0 1 0 1]
 [1 1 0 0 0]
 [1 0 1 0 0]
 [1 1 1 1 1]
 [1 1 1 0 0]
 [1 0 1 1 1]]
Q is identifiable (direct_check).
Q is identifiable
branch at 4
runtime for solving id of Q is 0.0005102038849145174
Simulation results:
{'J': 100, 'K': 5, 'N': 10, 'p': 0.5, 'seed': 72, 'sim': 6, 'runtime': 0.0005102038849145174, 'identifiable': 1, 'branch': 4}
7
Q: [[0 0 0 0 0]
 [1 0 1 0 0]
 [1 0 1 1 1]
 [0 1 1 1 0]
 [0 1 0 0 0]
 [1 0 1 1 1]
 [1 0 1 0 1]
 [0 1 1 0 0]
 [0 1 1 1 0]
 [0 0 1 1 0]
 [1 1 1 0 1]
 [0 1 1 0 1]
 [1 1 1 0 1]
 [1 0 1 1 0]
 [0 0 0 0 0]
 [1 1 0 1 1]
 [0 1 1 1 0]
 [0 1 1 1 1]
 [0 1 1 0 1]
 [0 0 0 0 0]
 [0 0 1 0 0]
 [0 1 1 0 0]
 [0 0 1 0 0]
 [1 0 1 0 1]
 [1 0 1 0 1]
 [1 0 1 1 1]
 [1 1 1 0 1]
 [1 0 0 1 1]
 [0 1 1 0 1]
 [1 0 1 1 0]
 [1 1 0 1 1]
 [1 1 1 1 1]
 [0 0 0 0 1]
 [0 1 1 1 1]
 [1 0 1 0 1]
 [1 0 0 0 0]
 [1 0 1 1 0]
 [1 1 1 0 0]
 [0 0 1 1 0]
 [1 1 1 1 0]
 [0 1 1 1 1]
 [1 1 1 0 1]
 [0 0 0 0 1]
 [0 1 1 0 0]
 [0 0 0 0 0]
 [1 1 1 0 0]
 [1 0 1 0 0]
 [1 1 1 0 1]
 [1 0 0 0 1]
 [1 0 0 1 1]
 [0 0 0 1 1]
 [0 1 0 1 0]
 [0 0 0 1 1]
 [0 0 1 1 0]
 [0 1 1 0 0]
 [0 0 1 0 0]
 [1 1 1 0 0]
 [1 1 1 0 1]
 [1 1 1 0 1]
 [0 0 0 0 1]
 [1 0 1 1 1]
 [0 0 0 0 1]
 [0 0 1 1 0]
 [0 0 0 1 0]
 [0 1 0 1 1]
 [0 0 1 1 1]
 [1 0 0 1 1]
 [0 0 0 0 1]
 [0 1 1 0 1]
 [1 0 1 1 0]
 [1 0 1 1 0]
 [1 1 0 1 1]
 [0 0 1 1 0]
 [0 1 1 1 1]
 [1 1 1 1 0]
 [1 0 0 1 1]
 [1 0 0 1 0]
 [1 1 0 1 1]
 [0 0 1 0 1]
 [0 0 1 0 0]
 [0 1 1 1 1]
 [0 1 1 1 1]
 [0 0 1 0 1]
 [0 0 0 0 0]
 [1 1 1 1 1]
 [0 1 1 0 0]
 [0 1 0 1 0]
 [0 1 1 0 0]
 [1 1 1 1 1]
 [0 1 1 1 1]
 [1 0 0 1 1]
 [1 1 0 1 1]
 [0 0 1 0 0]
 [0 0 0 1 1]
 [0 0 0 0 1]
 [0 0 1 0 0]
 [0 0 1 0 0]
 [0 1 1 1 0]
 [1 0 0 1 1]
 [1 1 1 0 1]]
Q is identifiable (direct_check).
Q is identifiable
branch at 4
runtime for solving id of Q is 0.0005039491225033998
Simulation results:
{'J': 100, 'K': 5, 'N': 10, 'p': 0.5, 'seed': 72, 'sim': 7, 'runtime': 0.0005039491225033998, 'identifiable': 1, 'branch': 4}
8
Q: [[1 1 1 1 0]
 [1 0 0 0 0]
 [0 1 0 1 1]
 [0 1 1 1 0]
 [1 0 1 0 0]
 [1 1 0 1 0]
 [0 0 1 1 0]
 [1 1 1 0 1]
 [0 0 1 0 0]
 [0 1 0 1 1]
 [1 1 0 0 1]
 [1 0 1 1 0]
 [1 0 1 1 0]
 [1 0 0 0 0]
 [1 1 1 0 1]
 [1 1 0 1 0]
 [1 0 1 1 0]
 [0 0 0 0 1]
 [0 1 1 0 0]
 [0 1 0 1 1]
 [0 1 1 0 1]
 [1 0 1 1 0]
 [1 1 1 0 0]
 [1 1 0 1 0]
 [1 0 1 1 0]
 [0 1 0 0 0]
 [0 1 0 0 1]
 [1 1 0 1 0]
 [1 0 1 0 0]
 [0 0 0 0 1]
 [1 1 1 0 1]
 [1 0 1 1 1]
 [1 0 0 0 1]
 [0 0 0 1 0]
 [1 1 0 0 0]
 [1 1 1 1 1]
 [1 1 1 0 1]
 [0 0 1 0 1]
 [0 0 1 0 1]
 [0 0 1 1 1]
 [1 0 1 0 1]
 [1 1 0 1 1]
 [1 0 0 1 0]
 [1 0 1 0 1]
 [1 1 1 0 0]
 [0 1 0 0 0]
 [1 1 0 1 1]
 [0 1 0 1 0]
 [1 1 1 1 0]
 [1 0 1 0 0]
 [0 1 1 1 0]
 [0 0 0 0 1]
 [0 0 1 0 1]
 [0 1 1 0 0]
 [1 1 0 1 1]
 [0 0 0 1 0]
 [0 0 1 1 0]
 [1 1 1 0 0]
 [1 1 0 0 1]
 [0 1 0 1 0]
 [1 1 0 1 1]
 [0 0 0 1 0]
 [0 0 0 1 0]
 [1 0 1 0 0]
 [1 1 1 0 1]
 [1 0 0 0 1]
 [0 1 1 0 1]
 [0 0 0 1 1]
 [0 1 0 0 1]
 [0 0 0 0 1]
 [1 1 1 1 0]
 [1 1 1 1 0]
 [0 1 0 0 1]
 [0 1 0 1 1]
 [0 0 1 1 1]
 [1 1 0 1 0]
 [0 1 1 1 1]
 [0 0 1 1 1]
 [1 0 1 1 1]
 [1 0 0 0 1]
 [1 1 1 0 1]
 [0 0 1 1 0]
 [1 0 1 1 1]
 [0 1 0 0 1]
 [0 1 1 0 1]
 [1 0 1 1 1]
 [1 0 0 1 1]
 [1 0 1 0 1]
 [1 0 0 1 0]
 [0 0 0 0 0]
 [1 0 1 1 1]
 [0 1 1 1 1]
 [0 1 0 1 1]
 [1 1 1 1 0]
 [0 1 0 1 0]
 [0 0 1 1 0]
 [1 1 0 1 0]
 [1 1 1 1 0]
 [1 1 1 0 1]
 [0 0 0 0 1]]
Q is identifiable (direct_check).
Q is identifiable
branch at 4
runtime for solving id of Q is 0.0005482409615069628
Simulation results:
{'J': 100, 'K': 5, 'N': 10, 'p': 0.5, 'seed': 72, 'sim': 8, 'runtime': 0.0005482409615069628, 'identifiable': 1, 'branch': 4}
9
Q: [[0 0 0 0 0]
 [0 0 0 0 1]
 [1 0 1 0 1]
 [1 0 0 1 0]
 [1 0 1 1 0]
 [0 1 1 0 1]
 [1 0 0 1 0]
 [0 1 0 1 1]
 [0 1 1 0 0]
 [1 0 1 0 1]
 [1 1 1 0 0]
 [1 1 1 1 1]
 [1 1 1 1 0]
 [1 0 0 1 0]
 [0 0 0 0 0]
 [1 0 0 0 1]
 [0 0 0 0 0]
 [1 0 0 1 1]
 [1 0 0 1 0]
 [0 1 0 0 0]
 [1 1 0 0 0]
 [1 1 0 0 1]
 [0 1 0 1 1]
 [1 1 0 0 1]
 [0 1 0 0 0]
 [0 0 0 0 1]
 [0 0 1 1 0]
 [1 0 1 0 1]
 [1 0 0 1 0]
 [0 0 0 0 0]
 [1 1 1 1 0]
 [1 1 0 1 1]
 [0 1 0 0 1]
 [0 1 0 0 1]
 [1 0 0 0 0]
 [0 1 0 1 1]
 [1 0 1 0 1]
 [0 1 0 0 0]
 [1 1 1 0 0]
 [0 1 1 1 1]
 [1 0 0 1 1]
 [0 0 1 0 0]
 [0 1 0 1 0]
 [0 1 0 0 0]
 [1 1 0 1 0]
 [0 1 0 0 1]
 [0 1 1 1 0]
 [1 1 1 1 0]
 [1 0 0 0 1]
 [0 0 0 1 0]
 [0 0 0 0 1]
 [0 0 1 0 0]
 [0 0 1 0 0]
 [1 1 0 1 1]
 [0 1 0 0 1]
 [0 0 0 1 0]
 [0 1 1 1 0]
 [1 1 1 0 0]
 [1 0 0 0 0]
 [0 1 0 1 0]
 [0 0 1 1 1]
 [0 1 0 1 1]
 [1 0 1 1 1]
 [1 0 1 0 0]
 [1 1 1 0 0]
 [0 0 0 0 1]
 [1 0 0 1 0]
 [1 0 1 1 0]
 [1 1 1 1 1]
 [0 1 1 1 1]
 [0 1 0 0 0]
 [0 0 1 1 1]
 [0 1 1 1 0]
 [1 0 0 1 0]
 [0 1 1 1 0]
 [0 1 1 1 1]
 [0 1 1 1 0]
 [0 0 1 0 0]
 [1 1 1 0 1]
 [0 1 1 0 1]
 [1 1 0 1 0]
 [0 0 0 1 1]
 [1 1 1 1 0]
 [1 1 0 1 1]
 [0 1 0 1 0]
 [1 0 0 0 1]
 [1 1 1 1 0]
 [0 0 0 0 0]
 [0 0 1 0 1]
 [1 0 0 1 1]
 [0 0 0 0 1]
 [0 0 1 0 1]
 [1 1 0 0 0]
 [0 0 0 1 1]
 [1 0 1 0 1]
 [0 0 1 1 0]
 [0 1 1 0 0]
 [0 1 0 1 1]
 [0 1 0 0 0]
 [0 0 0 0 1]]
Q is identifiable (direct_check).
Q is identifiable
branch at 4
runtime for solving id of Q is 0.0005533162038773298
Simulation results:
{'J': 100, 'K': 5, 'N': 10, 'p': 0.5, 'seed': 72, 'sim': 9, 'runtime': 0.0005533162038773298, 'identifiable': 1, 'branch': 4}
Simulation results:
[{'J': 100, 'K': 5, 'N': 10, 'p': 0.5, 'seed': 72, 'sim': 0, 'runtime': 0.0007512711454182863, 'identifiable': 1, 'branch': 4}, {'J': 100, 'K': 5, 'N': 10, 'p': 0.5, 'seed': 72, 'sim': 1, 'runtime': 0.0005855800118297338, 'identifiable': 1, 'branch': 4}, {'J': 100, 'K': 5, 'N': 10, 'p': 0.5, 'seed': 72, 'sim': 2, 'runtime': 0.0005903469864279032, 'identifiable': 1, 'branch': 4}, {'J': 100, 'K': 5, 'N': 10, 'p': 0.5, 'seed': 72, 'sim': 3, 'runtime': 0.006459179101511836, 'identifiable': 1, 'branch': 6}, {'J': 100, 'K': 5, 'N': 10, 'p': 0.5, 'seed': 72, 'sim': 4, 'runtime': 0.0006043240427970886, 'identifiable': 1, 'branch': 4}, {'J': 100, 'K': 5, 'N': 10, 'p': 0.5, 'seed': 72, 'sim': 5, 'runtime': 0.0005738649051636457, 'identifiable': 1, 'branch': 4}, {'J': 100, 'K': 5, 'N': 10, 'p': 0.5, 'seed': 72, 'sim': 6, 'runtime': 0.0005102038849145174, 'identifiable': 1, 'branch': 4}, {'J': 100, 'K': 5, 'N': 10, 'p': 0.5, 'seed': 72, 'sim': 7, 'runtime': 0.0005039491225033998, 'identifiable': 1, 'branch': 4}, {'J': 100, 'K': 5, 'N': 10, 'p': 0.5, 'seed': 72, 'sim': 8, 'runtime': 0.0005482409615069628, 'identifiable': 1, 'branch': 4}, {'J': 100, 'K': 5, 'N': 10, 'p': 0.5, 'seed': 72, 'sim': 9, 'runtime': 0.0005533162038773298, 'identifiable': 1, 'branch': 4}]
