
The Gurobi software has a limited number of licenses. To request a license or
licenses, add this line

    #SBATCH --licenses=gurobi@slurmdb:1

to your SBATCH script, replacing N with the number of licenses you need. Gurobi
will need one license per process.


0
Q: [[0 0 0 1 0 0 0 0 1 1 1 0 1 1 0]
 [0 0 0 0 0 1 1 0 0 0 0 1 0 0 0]
 [0 1 1 0 0 1 1 0 0 1 0 0 0 0 0]
 [0 1 1 1 0 0 0 0 0 1 0 0 1 0 1]
 [1 1 0 0 1 1 0 1 0 1 0 1 1 0 0]
 [0 0 0 0 1 0 0 1 0 0 0 1 1 1 1]
 [0 0 0 1 0 0 0 0 0 0 0 0 1 0 0]
 [0 0 0 0 1 1 0 0 0 0 1 0 1 0 0]
 [0 1 1 0 0 0 0 0 1 1 1 0 0 0 1]
 [0 1 0 0 1 0 1 0 0 1 0 0 0 0 1]
 [1 1 0 0 0 1 0 0 0 1 0 1 1 0 0]
 [1 1 0 0 1 0 0 0 0 0 1 0 0 0 1]
 [0 1 1 1 1 0 0 1 0 1 0 0 0 0 1]
 [1 0 0 0 0 0 0 0 0 0 0 1 0 1 0]
 [0 0 1 0 1 1 0 0 0 0 1 0 0 0 0]
 [0 0 0 0 0 0 0 0 0 0 1 1 1 1 0]
 [1 0 0 0 0 0 0 0 0 0 0 0 1 0 0]
 [1 0 1 0 0 1 0 0 0 1 0 0 0 0 0]
 [1 0 0 0 0 1 1 0 0 0 1 1 0 0 0]
 [0 0 1 0 0 0 0 0 0 0 0 0 0 0 0]
 [0 0 0 0 1 0 0 1 0 0 1 1 0 0 1]
 [0 1 0 0 1 0 0 0 1 1 0 0 1 0 0]
 [0 1 0 0 0 0 0 0 1 0 1 0 0 1 1]
 [0 1 0 1 0 0 0 0 0 0 1 0 1 0 0]
 [1 1 1 1 0 1 0 0 0 0 1 0 0 0 0]]
Q is not identifiable (two-column submatrix not identifiable).
Q is not identifiable, and Q_bar is [[0 0 0 1 0 0 0 0 1 1 1 0 1 1 0]
 [0 0 0 0 0 1 1 0 0 0 0 1 0 0 0]
 [0 1 1 0 0 1 1 0 0 1 0 0 0 0 0]
 [0 1 1 1 0 0 0 0 0 1 0 0 1 0 1]
 [1 1 0 0 0 1 0 1 0 1 0 1 1 0 0]
 [0 0 0 0 0 0 0 1 0 0 0 1 1 1 1]
 [0 0 0 1 0 0 0 0 0 0 0 0 1 0 0]
 [0 0 0 0 1 1 0 0 0 0 1 0 1 0 0]
 [0 1 1 0 0 0 0 0 1 1 1 0 0 0 1]
 [0 1 0 0 1 0 1 0 0 1 0 0 0 0 1]
 [1 1 0 0 0 1 0 0 0 1 0 1 1 0 0]
 [1 1 0 0 1 0 0 0 0 0 1 0 0 0 1]
 [0 1 1 1 0 0 0 1 0 1 0 0 0 0 1]
 [1 0 0 0 0 0 0 0 0 0 0 1 0 1 0]
 [0 0 1 0 1 1 0 0 0 0 1 0 0 0 0]
 [0 0 0 0 0 0 0 0 0 0 1 1 1 1 0]
 [1 0 0 0 0 0 0 0 0 0 0 0 1 0 0]
 [1 0 1 0 0 1 0 0 0 1 0 0 0 0 0]
 [1 0 0 0 0 1 1 0 0 0 1 1 0 0 0]
 [0 0 1 0 0 0 0 0 0 0 0 0 0 0 0]
 [0 0 0 0 0 0 0 1 0 0 1 1 0 0 1]
 [0 1 0 0 1 0 0 0 1 1 0 0 1 0 0]
 [0 1 0 0 0 0 0 0 1 0 1 0 0 1 1]
 [0 1 0 1 0 0 0 0 0 0 1 0 1 0 0]
 [1 1 1 1 0 1 0 0 0 0 1 0 0 0 0]]
branch at 2
runtime for solving id of Q is 0.01829072181135416
Simulation results:
{'J': 25, 'K': 15, 'N': 10, 'p': 0.3, 'seed': 11, 'sim': 0, 'runtime': 0.01829072181135416, 'identifiable': 0, 'branch': 2}
1
Q: [[0 0 0 0 0 1 0 0 0 0 1 0 0 1 0]
 [0 1 1 0 0 1 0 1 0 0 0 1 0 0 0]
 [0 0 0 1 0 1 0 1 0 1 0 0 1 0 0]
 [0 0 0 0 0 0 0 0 0 1 0 1 0 0 0]
 [0 0 0 1 0 1 1 0 1 0 0 0 0 0 0]
 [0 0 0 0 0 0 1 0 1 0 0 0 1 0 0]
 [1 1 1 0 0 0 0 0 0 1 0 0 1 0 0]
 [0 1 1 0 1 0 0 0 0 1 0 0 1 1 0]
 [0 0 1 0 0 0 0 0 0 0 1 0 0 0 1]
 [0 0 0 1 0 0 0 0 0 1 0 0 0 1 0]
 [1 0 0 1 0 0 1 0 0 0 0 0 0 0 1]
 [0 0 0 0 0 1 1 0 0 0 0 0 0 1 0]
 [0 1 0 0 1 1 0 1 0 0 1 1 0 0 0]
 [0 1 0 0 0 0 1 1 0 0 0 0 1 0 1]
 [0 1 1 0 0 1 0 0 1 0 0 0 0 0 1]
 [0 0 1 0 1 0 1 1 0 0 0 1 0 1 1]
 [1 1 1 0 1 1 0 0 0 0 0 0 1 0 0]
 [0 0 1 0 1 0 0 0 0 1 0 0 0 0 0]
 [0 1 0 0 0 0 0 0 1 1 1 1 0 0 0]
 [0 0 0 0 1 0 0 1 0 1 0 0 0 0 1]
 [0 0 0 0 0 1 0 1 0 0 0 1 0 0 0]
 [0 0 0 0 0 1 0 0 0 1 0 0 0 0 0]
 [0 1 0 0 0 1 1 0 0 0 0 1 0 0 0]
 [0 0 1 0 1 1 0 0 0 0 1 0 0 0 1]
 [1 1 1 0 1 0 1 1 1 1 0 0 0 0 1]]
{'restarts': 14, 'conflicts': 3451, 'decisions': 8751, 'propagations': 12146993}
Q is identifiable
branch at 6
runtime for solving id of Q is 2.2560012058820575
Simulation results:
{'J': 25, 'K': 15, 'N': 10, 'p': 0.3, 'seed': 11, 'sim': 1, 'runtime': 2.2560012058820575, 'identifiable': 1, 'branch': 6}
2
Q: [[0 0 0 0 0 0 0 0 0 1 1 0 1 0 0]
 [0 0 1 1 0 0 1 0 1 0 0 0 0 0 1]
 [0 0 0 1 1 0 1 1 0 1 0 0 0 1 0]
 [0 1 1 0 1 1 0 0 0 0 1 0 0 1 1]
 [0 0 0 0 1 0 0 0 1 0 1 0 1 0 1]
 [0 0 0 0 0 0 0 1 0 1 0 0 0 0 0]
 [0 0 0 1 1 1 0 1 0 0 1 0 0 1 0]
 [1 0 1 0 1 0 1 0 1 0 1 0 1 0 0]
 [1 0 0 0 0 0 0 0 1 0 0 0 0 1 1]
 [0 0 0 1 0 1 1 0 0 0 0 0 0 1 1]
 [0 0 0 0 1 0 0 0 1 0 0 0 1 0 0]
 [0 0 0 0 1 1 0 0 0 0 1 1 0 0 1]
 [0 1 0 0 0 0 0 1 0 1 0 0 1 0 0]
 [1 1 1 0 0 0 1 0 1 1 1 1 0 0 1]
 [0 0 0 0 0 0 1 0 0 0 1 1 0 0 0]
 [0 0 0 0 0 1 0 1 0 0 0 1 0 0 0]
 [1 0 0 1 0 0 0 0 0 0 0 0 0 0 0]
 [1 1 1 1 0 0 1 1 1 1 1 1 1 0 0]
 [0 0 0 0 0 0 0 0 0 0 0 1 0 0 0]
 [0 0 0 0 1 1 0 1 1 0 0 0 0 1 1]
 [0 0 1 0 1 1 0 0 1 1 0 0 1 0 0]
 [0 0 1 0 0 0 0 0 1 1 0 0 0 0 1]
 [0 0 1 0 0 0 0 0 1 0 1 1 1 0 0]
 [0 0 0 0 1 0 0 0 0 0 1 0 1 0 0]
 [0 0 0 1 0 1 0 0 0 0 1 0 0 0 0]]
{'restarts': 7, 'conflicts': 2537, 'decisions': 7437, 'propagations': 4838059}
Q is identifiable
branch at 6
runtime for solving id of Q is 1.3561349918600172
Simulation results:
{'J': 25, 'K': 15, 'N': 10, 'p': 0.3, 'seed': 11, 'sim': 2, 'runtime': 1.3561349918600172, 'identifiable': 1, 'branch': 6}
3
Q: [[0 0 0 0 0 0 0 0 0 0 0 0 0 0 0]
 [0 1 0 0 1 0 0 0 0 1 0 0 0 1 0]
 [1 0 0 0 0 0 0 0 1 0 0 0 1 0 0]
 [0 1 0 1 1 0 0 0 1 0 0 0 0 1 1]
 [0 0 0 1 1 0 0 1 1 1 0 0 0 0 0]
 [0 0 1 1 0 1 0 0 0 1 1 1 1 0 1]
 [0 1 0 1 0 1 1 1 0 0 1 0 1 0 0]
 [0 0 0 0 1 0 0 0 0 0 0 0 1 0 0]
 [0 0 1 0 0 0 1 1 0 0 1 0 0 0 0]
 [0 1 1 0 0 1 1 0 0 0 0 1 0 0 0]
 [0 0 0 1 0 1 0 0 0 1 0 0 1 0 0]
 [0 0 1 0 0 0 0 0 0 0 0 0 1 0 0]
 [0 0 0 0 1 0 1 1 1 0 0 0 1 1 0]
 [0 0 0 0 0 0 1 0 0 1 0 0 0 0 0]
 [1 0 1 0 0 0 1 0 0 1 0 1 1 1 0]
 [1 0 0 0 1 0 0 0 0 0 0 1 0 0 0]
 [1 0 1 1 0 0 0 0 1 1 0 0 1 0 1]
 [0 1 0 0 0 1 0 0 1 0 0 0 0 0 0]
 [1 1 0 0 1 1 0 0 1 0 0 0 0 0 0]
 [1 0 0 1 1 0 0 0 1 1 1 0 0 0 0]
 [1 0 0 0 0 0 0 0 0 1 0 0 0 1 1]
 [0 0 1 0 1 0 0 0 1 1 1 1 0 0 0]
 [0 1 0 0 0 0 0 0 0 0 0 1 0 1 0]
 [0 1 0 0 0 0 0 1 1 0 0 0 1 0 0]
 [0 0 1 1 0 0 0 0 1 0 1 1 0 0 0]]
{'restarts': 20, 'conflicts': 5168, 'decisions': 13559, 'propagations': 14646662}
Q is identifiable
branch at 6
runtime for solving id of Q is 2.099686617963016
Simulation results:
{'J': 25, 'K': 15, 'N': 10, 'p': 0.3, 'seed': 11, 'sim': 3, 'runtime': 2.099686617963016, 'identifiable': 1, 'branch': 6}
4
Q: [[1 0 0 0 1 0 0 1 0 0 0 0 1 0 0]
 [0 1 1 1 0 0 0 0 1 0 0 1 0 0 0]
 [1 0 0 0 0 1 0 1 0 1 1 0 1 0 0]
 [0 1 0 0 0 0 0 0 0 0 0 1 0 1 0]
 [1 0 0 0 1 1 0 0 1 0 0 0 0 1 1]
 [1 0 1 0 1 0 0 0 0 0 0 0 0 0 0]
 [1 0 0 1 1 1 1 0 0 0 0 1 0 1 0]
 [1 0 0 0 0 0 1 0 0 0 0 0 1 1 0]
 [0 0 0 0 0 0 0 1 1 1 0 0 0 1 0]
 [1 0 0 1 0 1 0 0 1 0 0 1 1 1 0]
 [1 1 0 1 0 0 0 0 1 1 1 0 0 1 0]
 [0 0 0 0 0 0 1 0 0 0 0 0 0 0 1]
 [1 1 0 0 0 0 1 0 0 0 0 0 0 0 1]
 [0 1 0 0 0 0 0 1 0 1 1 1 1 0 1]
 [1 1 1 1 0 0 0 1 0 0 1 0 0 0 0]
 [0 1 1 1 1 0 0 1 0 0 0 1 0 0 0]
 [0 0 0 0 0 1 1 0 0 1 0 0 0 1 0]
 [0 1 0 0 1 0 0 0 1 0 1 0 1 0 0]
 [1 0 1 0 0 1 0 0 0 0 1 0 0 1 0]
 [1 1 1 0 0 1 0 1 0 0 0 0 1 1 0]
 [0 0 0 0 0 0 1 0 1 0 1 0 1 0 1]
 [1 0 0 0 0 1 0 0 1 1 0 0 0 0 0]
 [0 0 0 1 0 0 1 0 0 0 0 0 0 0 1]
 [1 1 0 0 1 0 0 0 0 0 1 0 0 0 0]
 [0 0 1 0 1 0 0 1 0 1 1 0 0 1 0]]
{'restarts': 51, 'conflicts': 14620, 'decisions': 32333, 'propagations': 48050766}
Q is identifiable
branch at 6
runtime for solving id of Q is 5.15665067313239
Simulation results:
{'J': 25, 'K': 15, 'N': 10, 'p': 0.3, 'seed': 11, 'sim': 4, 'runtime': 5.15665067313239, 'identifiable': 1, 'branch': 6}
5
Q: [[1 1 0 0 0 1 0 0 0 0 0 0 1 0 1]
 [0 0 1 0 0 0 0 0 1 0 0 0 0 0 1]
 [0 0 0 0 1 0 1 1 0 0 1 1 1 1 1]
 [0 0 1 0 0 0 0 0 1 0 0 1 0 0 1]
 [1 0 0 0 0 0 1 1 0 0 0 1 0 1 0]
 [1 0 0 0 1 0 0 0 1 0 1 0 1 0 1]
 [0 0 0 0 0 0 0 0 1 1 0 0 0 0 1]
 [0 0 1 1 0 1 1 0 0 1 0 0 0 1 0]
 [0 0 1 0 0 1 0 0 0 0 0 0 0 1 0]
 [0 0 1 0 1 0 0 0 0 1 0 0 1 0 0]
 [0 0 0 0 0 0 0 0 1 1 0 0 1 1 0]
 [0 0 1 0 0 0 1 0 1 1 0 0 1 0 0]
 [1 0 0 0 0 0 0 1 0 0 0 1 0 1 0]
 [0 0 0 0 0 0 0 1 0 1 1 0 1 0 0]
 [0 0 1 0 0 0 0 1 0 0 1 0 0 0 0]
 [1 1 1 0 1 0 0 1 0 1 0 1 0 0 1]
 [1 0 0 0 0 0 0 1 1 0 0 0 1 1 1]
 [1 0 0 0 0 0 1 0 0 0 0 0 0 1 0]
 [0 0 0 0 0 1 0 0 1 0 1 1 0 1 1]
 [1 1 1 1 1 0 0 0 0 0 0 1 1 0 0]
 [1 0 0 0 1 0 0 0 1 0 0 0 0 1 0]
 [1 1 0 0 0 0 0 0 1 0 0 0 0 0 0]
 [0 0 0 1 0 0 0 0 0 0 0 0 0 0 0]
 [0 0 0 0 0 0 0 1 1 0 1 0 0 0 1]
 [0 0 0 1 0 0 1 1 0 0 0 0 0 0 0]]
Q is not identifiable (two-column submatrix not identifiable).
Q is not identifiable, and Q_bar is [[0 1 0 0 0 1 0 0 0 0 0 0 1 0 1]
 [0 0 1 0 0 0 0 0 1 0 0 0 0 0 1]
 [0 0 0 0 1 0 1 1 0 0 1 1 1 1 1]
 [0 0 1 0 0 0 0 0 1 0 0 1 0 0 1]
 [1 0 0 0 0 0 1 1 0 0 0 1 0 1 0]
 [1 0 0 0 1 0 0 0 1 0 1 0 1 0 1]
 [0 0 0 0 0 0 0 0 1 1 0 0 0 0 1]
 [0 0 1 1 0 1 1 0 0 1 0 0 0 1 0]
 [0 0 1 0 0 1 0 0 0 0 0 0 0 1 0]
 [0 0 1 0 1 0 0 0 0 1 0 0 1 0 0]
 [0 0 0 0 0 0 0 0 1 1 0 0 1 1 0]
 [0 0 1 0 0 0 1 0 1 1 0 0 1 0 0]
 [1 0 0 0 0 0 0 1 0 0 0 1 0 1 0]
 [0 0 0 0 0 0 0 1 0 1 1 0 1 0 0]
 [0 0 1 0 0 0 0 1 0 0 1 0 0 0 0]
 [0 1 1 0 1 0 0 1 0 1 0 1 0 0 1]
 [1 0 0 0 0 0 0 1 1 0 0 0 1 1 1]
 [1 0 0 0 0 0 1 0 0 0 0 0 0 1 0]
 [0 0 0 0 0 1 0 0 1 0 1 1 0 1 1]
 [0 1 1 1 1 0 0 0 0 0 0 1 1 0 0]
 [1 0 0 0 1 0 0 0 1 0 0 0 0 1 0]
 [0 1 0 0 0 0 0 0 1 0 0 0 0 0 0]
 [0 0 0 1 0 0 0 0 0 0 0 0 0 0 0]
 [0 0 0 0 0 0 0 1 1 0 1 0 0 0 1]
 [0 0 0 1 0 0 1 1 0 0 0 0 0 0 0]]
branch at 2
runtime for solving id of Q is 0.017337258905172348
Simulation results:
{'J': 25, 'K': 15, 'N': 10, 'p': 0.3, 'seed': 11, 'sim': 5, 'runtime': 0.017337258905172348, 'identifiable': 0, 'branch': 2}
6
Q: [[1 0 1 0 1 0 0 0 0 0 0 1 0 0 1]
 [1 0 0 0 0 1 1 0 1 1 0 0 0 1 1]
 [0 0 0 0 0 0 0 1 1 0 0 0 1 1 1]
 [0 0 0 0 1 1 0 0 0 0 0 1 0 0 0]
 [0 1 0 1 1 1 0 0 1 0 1 1 0 0 0]
 [0 0 1 0 0 0 1 0 0 1 0 0 0 0 0]
 [0 0 0 0 1 1 0 0 0 1 1 0 1 0 0]
 [0 0 1 0 1 0 0 0 0 0 0 0 1 0 0]
 [0 0 1 0 1 0 0 0 0 1 0 0 0 1 0]
 [0 0 0 0 1 0 0 0 0 0 0 1 0 0 0]
 [0 0 1 1 1 1 0 1 0 1 0 0 0 0 1]
 [1 0 0 0 0 0 0 0 1 0 0 0 0 1 0]
 [0 0 0 0 0 1 0 1 0 1 1 0 0 0 0]
 [0 0 0 0 0 0 1 1 0 0 0 0 0 0 0]
 [0 1 0 1 0 1 1 0 0 1 1 0 1 0 0]
 [0 0 0 0 0 0 0 0 0 1 1 0 0 0 1]
 [1 1 0 1 0 1 0 1 1 1 0 1 0 1 0]
 [0 0 0 0 1 0 0 0 0 0 1 1 1 0 1]
 [0 0 0 0 1 1 0 1 0 0 0 0 0 0 0]
 [0 0 0 0 1 1 0 0 1 0 1 0 0 0 1]
 [0 0 0 0 0 1 1 0 0 1 0 0 0 0 0]
 [0 0 0 0 0 0 0 0 1 0 0 0 1 0 0]
 [0 0 1 0 0 0 0 0 0 0 0 0 0 0 0]
 [1 0 0 1 0 1 1 0 1 0 1 0 1 0 0]
 [0 0 1 0 0 0 0 1 1 0 1 1 0 0 0]]
Q is not identifiable (two-column submatrix not identifiable).
Q is not identifiable, and Q_bar is [[1 0 1 0 1 0 0 0 0 0 0 1 0 0 1]
 [1 0 0 0 0 1 1 0 1 1 0 0 0 1 1]
 [0 0 0 0 0 0 0 1 1 0 0 0 1 1 1]
 [0 0 0 0 1 1 0 0 0 0 0 1 0 0 0]
 [0 1 0 0 1 1 0 0 1 0 1 1 0 0 0]
 [0 0 1 0 0 0 1 0 0 1 0 0 0 0 0]
 [0 0 0 0 1 1 0 0 0 1 1 0 1 0 0]
 [0 0 1 0 1 0 0 0 0 0 0 0 1 0 0]
 [0 0 1 0 1 0 0 0 0 1 0 0 0 1 0]
 [0 0 0 0 1 0 0 0 0 0 0 1 0 0 0]
 [0 0 1 1 1 1 0 1 0 1 0 0 0 0 1]
 [1 0 0 0 0 0 0 0 1 0 0 0 0 1 0]
 [0 0 0 0 0 1 0 1 0 1 1 0 0 0 0]
 [0 0 0 0 0 0 1 1 0 0 0 0 0 0 0]
 [0 1 0 0 0 1 1 0 0 1 1 0 1 0 0]
 [0 0 0 0 0 0 0 0 0 1 1 0 0 0 1]
 [1 1 0 0 0 1 0 1 1 1 0 1 0 1 0]
 [0 0 0 0 1 0 0 0 0 0 1 1 1 0 1]
 [0 0 0 0 1 1 0 1 0 0 0 0 0 0 0]
 [0 0 0 0 1 1 0 0 1 0 1 0 0 0 1]
 [0 0 0 0 0 1 1 0 0 1 0 0 0 0 0]
 [0 0 0 0 0 0 0 0 1 0 0 0 1 0 0]
 [0 0 1 0 0 0 0 0 0 0 0 0 0 0 0]
 [1 0 0 1 0 1 1 0 1 0 1 0 1 0 0]
 [0 0 1 0 0 0 0 1 1 0 1 1 0 0 0]]
branch at 2
runtime for solving id of Q is 0.01338103599846363
Simulation results:
{'J': 25, 'K': 15, 'N': 10, 'p': 0.3, 'seed': 11, 'sim': 6, 'runtime': 0.01338103599846363, 'identifiable': 0, 'branch': 2}
7
Q: [[0 0 0 1 0 0 0 0 0 1 1 0 1 0 1]
 [0 1 0 0 1 0 1 1 0 1 0 0 0 0 1]
 [0 1 0 0 1 1 0 0 0 0 0 0 1 0 1]
 [0 0 0 1 0 0 0 0 0 0 1 0 0 0 0]
 [0 0 0 0 0 0 0 0 1 0 0 0 0 0 1]
 [0 0 0 0 0 1 1 0 0 0 1 1 0 0 0]
 [0 1 1 1 0 1 0 0 1 0 0 1 0 0 0]
 [0 0 0 0 1 1 0 0 0 0 0 0 1 1 0]
 [0 0 0 1 0 0 0 0 0 0 0 0 1 0 0]
 [1 1 0 0 0 0 1 1 0 1 1 0 1 1 0]
 [0 0 0 0 0 1 0 0 0 0 1 0 1 0 0]
 [1 1 0 1 0 1 0 0 0 1 1 0 0 1 1]
 [0 0 0 0 0 0 0 1 1 1 0 0 0 1 1]
 [0 0 1 1 0 0 1 1 0 1 1 0 0 0 1]
 [1 0 1 0 1 1 0 0 1 0 0 0 0 0 0]
 [0 0 1 0 0 1 1 1 0 0 0 0 0 0 0]
 [1 0 0 0 0 0 0 1 0 0 0 0 1 0 0]
 [1 0 0 1 1 0 0 0 0 0 0 1 1 1 0]
 [1 1 0 0 0 0 0 0 1 1 0 0 1 0 1]
 [1 0 1 0 0 1 0 0 0 0 1 0 1 0 0]
 [0 0 0 0 1 0 0 0 1 1 0 1 0 0 0]
 [1 0 0 0 0 0 0 0 0 0 1 1 0 0 0]
 [0 1 0 1 0 0 1 0 0 0 0 0 0 0 0]
 [0 0 0 1 1 0 0 0 1 1 0 0 1 0 1]
 [0 1 0 0 0 1 0 0 1 0 0 1 1 1 0]]
{'restarts': 34, 'conflicts': 6636, 'decisions': 16971, 'propagations': 22918148}
Q is identifiable
branch at 6
runtime for solving id of Q is 2.7878295709379017
Simulation results:
{'J': 25, 'K': 15, 'N': 10, 'p': 0.3, 'seed': 11, 'sim': 7, 'runtime': 2.7878295709379017, 'identifiable': 1, 'branch': 6}
8
Q: [[0 0 1 1 0 0 1 0 0 0 1 1 0 0 0]
 [0 0 1 0 0 1 1 0 0 0 1 0 0 0 1]
 [0 0 0 0 0 0 0 0 0 0 1 1 1 0 0]
 [0 0 0 0 1 0 0 1 1 0 1 0 0 0 0]
 [1 0 0 0 0 0 0 0 0 0 0 0 0 1 0]
 [0 0 0 1 0 1 0 0 0 0 0 1 1 0 0]
 [0 0 0 1 0 0 0 0 0 0 0 0 0 0 0]
 [0 0 0 1 0 0 0 1 1 0 0 0 0 0 0]
 [0 0 1 0 0 0 1 0 0 0 1 1 0 0 0]
 [0 0 0 1 0 0 1 0 0 0 0 0 0 0 0]
 [1 0 0 0 0 0 0 0 1 1 1 0 0 1 0]
 [0 1 1 0 1 1 0 0 0 1 0 1 0 1 0]
 [0 0 0 0 1 1 0 0 1 0 0 0 0 0 0]
 [0 0 0 0 0 0 0 0 1 1 0 0 0 1 0]
 [0 0 0 0 0 0 0 1 0 0 0 0 0 0 0]
 [0 0 1 0 0 1 1 1 0 0 0 0 1 1 0]
 [1 0 1 0 1 0 0 0 0 1 1 1 0 0 0]
 [0 0 0 1 0 0 0 0 1 0 0 0 1 1 0]
 [0 0 1 0 1 0 1 1 0 0 0 0 0 0 0]
 [1 1 0 0 0 0 0 0 1 1 0 0 1 0 1]
 [0 0 0 0 0 0 1 1 1 0 0 0 0 0 0]
 [1 0 0 0 0 0 0 0 0 1 0 0 0 0 0]
 [0 0 0 1 0 0 0 0 0 0 0 0 0 0 0]
 [0 0 1 0 1 0 0 1 1 0 0 0 0 0 0]
 [1 0 0 1 1 0 0 0 0 0 0 1 0 0 1]]
Q is not identifiable (two-column submatrix not identifiable).
Q is not identifiable, and Q_bar is [[0 0 1 1 0 0 1 0 0 0 1 1 0 0 0]
 [0 0 1 0 0 1 1 0 0 0 1 0 0 0 1]
 [0 0 0 0 0 0 0 0 0 0 1 1 1 0 0]
 [0 0 0 0 1 0 0 1 1 0 1 0 0 0 0]
 [1 0 0 0 0 0 0 0 0 0 0 0 0 1 0]
 [0 0 0 1 0 1 0 0 0 0 0 1 1 0 0]
 [0 0 0 1 0 0 0 0 0 0 0 0 0 0 0]
 [0 0 0 1 0 0 0 1 1 0 0 0 0 0 0]
 [0 0 1 0 0 0 1 0 0 0 1 1 0 0 0]
 [0 0 0 1 0 0 1 0 0 0 0 0 0 0 0]
 [1 0 0 0 0 0 0 0 1 1 1 0 0 1 0]
 [0 1 1 0 1 1 0 0 0 0 0 1 0 1 0]
 [0 0 0 0 1 1 0 0 1 0 0 0 0 0 0]
 [0 0 0 0 0 0 0 0 1 1 0 0 0 1 0]
 [0 0 0 0 0 0 0 1 0 0 0 0 0 0 0]
 [0 0 1 0 0 1 1 1 0 0 0 0 1 1 0]
 [1 0 1 0 1 0 0 0 0 1 1 1 0 0 0]
 [0 0 0 1 0 0 0 0 1 0 0 0 1 1 0]
 [0 0 1 0 1 0 1 1 0 0 0 0 0 0 0]
 [1 1 0 0 0 0 0 0 1 0 0 0 1 0 1]
 [0 0 0 0 0 0 1 1 1 0 0 0 0 0 0]
 [1 0 0 0 0 0 0 0 0 1 0 0 0 0 0]
 [0 0 0 1 0 0 0 0 0 0 0 0 0 0 0]
 [0 0 1 0 1 0 0 1 1 0 0 0 0 0 0]
 [1 0 0 1 1 0 0 0 0 0 0 1 0 0 1]]
branch at 2
runtime for solving id of Q is 0.013463662005960941
Simulation results:
{'J': 25, 'K': 15, 'N': 10, 'p': 0.3, 'seed': 11, 'sim': 8, 'runtime': 0.013463662005960941, 'identifiable': 0, 'branch': 2}
9
Q: [[0 0 0 0 1 1 1 1 0 0 1 0 1 0 0]
 [0 0 1 0 0 0 1 1 0 0 0 0 0 0 1]
 [0 0 1 0 0 0 0 0 0 0 0 1 0 1 1]
 [0 0 0 1 0 1 1 0 1 0 1 0 0 0 0]
 [0 0 0 1 0 0 0 1 0 0 0 0 1 0 0]
 [1 0 1 0 1 0 1 0 1 0 0 0 0 0 0]
 [1 0 0 0 1 0 1 1 0 1 0 0 0 0 0]
 [1 1 0 0 0 0 0 0 0 0 0 1 0 0 0]
 [1 0 0 1 1 0 0 0 0 0 1 0 0 1 0]
 [0 0 0 0 1 0 0 0 1 0 0 0 0 0 1]
 [1 0 1 0 0 1 0 0 1 0 1 1 1 0 0]
 [1 1 0 0 0 0 0 0 0 0 0 1 0 1 0]
 [0 0 0 0 1 1 0 0 1 1 0 0 0 0 0]
 [0 0 0 0 0 0 0 0 0 0 0 0 0 0 1]
 [0 0 1 0 1 0 0 1 0 1 1 1 0 1 0]
 [1 0 0 0 0 0 0 0 0 0 0 1 1 0 0]
 [0 0 0 0 1 0 1 1 1 0 0 0 0 0 1]
 [0 1 0 0 1 0 0 1 1 0 0 1 0 1 0]
 [0 0 0 1 1 0 0 0 0 1 1 0 1 0 0]
 [0 0 1 1 1 0 0 1 0 0 0 0 0 0 1]
 [0 0 0 0 1 1 0 0 0 1 1 0 1 0 1]
 [0 0 0 1 0 0 0 0 1 0 0 0 0 0 0]
 [0 0 0 0 1 0 0 0 0 0 0 0 0 1 0]
 [0 1 1 1 1 0 1 0 0 1 1 0 1 0 0]
 [0 0 1 0 1 1 0 0 0 0 0 1 0 0 0]]
Q is not identifiable (two-column submatrix not identifiable).
Q is not identifiable, and Q_bar is [[0 0 0 0 1 1 1 1 0 0 1 0 1 0 0]
 [0 0 1 0 0 0 1 1 0 0 0 0 0 0 1]
 [0 0 1 0 0 0 0 0 0 0 0 1 0 1 1]
 [0 0 0 1 0 1 1 0 1 0 1 0 0 0 0]
 [0 0 0 1 0 0 0 1 0 0 0 0 1 0 0]
 [1 0 1 0 1 0 1 0 1 0 0 0 0 0 0]
 [1 0 0 0 0 0 1 1 0 1 0 0 0 0 0]
 [1 1 0 0 0 0 0 0 0 0 0 1 0 0 0]
 [1 0 0 1 1 0 0 0 0 0 1 0 0 1 0]
 [0 0 0 0 1 0 0 0 1 0 0 0 0 0 1]
 [1 0 1 0 0 1 0 0 1 0 1 1 1 0 0]
 [1 1 0 0 0 0 0 0 0 0 0 1 0 1 0]
 [0 0 0 0 0 1 0 0 1 1 0 0 0 0 0]
 [0 0 0 0 0 0 0 0 0 0 0 0 0 0 1]
 [0 0 1 0 0 0 0 1 0 1 1 1 0 1 0]
 [1 0 0 0 0 0 0 0 0 0 0 1 1 0 0]
 [0 0 0 0 1 0 1 1 1 0 0 0 0 0 1]
 [0 1 0 0 1 0 0 1 1 0 0 1 0 1 0]
 [0 0 0 1 0 0 0 0 0 1 1 0 1 0 0]
 [0 0 1 1 1 0 0 1 0 0 0 0 0 0 1]
 [0 0 0 0 0 1 0 0 0 1 1 0 1 0 1]
 [0 0 0 1 0 0 0 0 1 0 0 0 0 0 0]
 [0 0 0 0 1 0 0 0 0 0 0 0 0 1 0]
 [0 1 1 1 0 0 1 0 0 1 1 0 1 0 0]
 [0 0 1 0 1 1 0 0 0 0 0 1 0 0 0]]
branch at 2
runtime for solving id of Q is 0.01646156399510801
Simulation results:
{'J': 25, 'K': 15, 'N': 10, 'p': 0.3, 'seed': 11, 'sim': 9, 'runtime': 0.01646156399510801, 'identifiable': 0, 'branch': 2}
Simulation results:
[{'J': 25, 'K': 15, 'N': 10, 'p': 0.3, 'seed': 11, 'sim': 0, 'runtime': 0.01829072181135416, 'identifiable': 0, 'branch': 2}, {'J': 25, 'K': 15, 'N': 10, 'p': 0.3, 'seed': 11, 'sim': 1, 'runtime': 2.2560012058820575, 'identifiable': 1, 'branch': 6}, {'J': 25, 'K': 15, 'N': 10, 'p': 0.3, 'seed': 11, 'sim': 2, 'runtime': 1.3561349918600172, 'identifiable': 1, 'branch': 6}, {'J': 25, 'K': 15, 'N': 10, 'p': 0.3, 'seed': 11, 'sim': 3, 'runtime': 2.099686617963016, 'identifiable': 1, 'branch': 6}, {'J': 25, 'K': 15, 'N': 10, 'p': 0.3, 'seed': 11, 'sim': 4, 'runtime': 5.15665067313239, 'identifiable': 1, 'branch': 6}, {'J': 25, 'K': 15, 'N': 10, 'p': 0.3, 'seed': 11, 'sim': 5, 'runtime': 0.017337258905172348, 'identifiable': 0, 'branch': 2}, {'J': 25, 'K': 15, 'N': 10, 'p': 0.3, 'seed': 11, 'sim': 6, 'runtime': 0.01338103599846363, 'identifiable': 0, 'branch': 2}, {'J': 25, 'K': 15, 'N': 10, 'p': 0.3, 'seed': 11, 'sim': 7, 'runtime': 2.7878295709379017, 'identifiable': 1, 'branch': 6}, {'J': 25, 'K': 15, 'N': 10, 'p': 0.3, 'seed': 11, 'sim': 8, 'runtime': 0.013463662005960941, 'identifiable': 0, 'branch': 2}, {'J': 25, 'K': 15, 'N': 10, 'p': 0.3, 'seed': 11, 'sim': 9, 'runtime': 0.01646156399510801, 'identifiable': 0, 'branch': 2}]
