
The Gurobi software has a limited number of licenses. To request a license or
licenses, add this line

    #SBATCH --licenses=gurobi@slurmdb:1

to your SBATCH script, replacing N with the number of licenses you need. Gurobi
will need one license per process.


0
Q: [[0 0 0 0 1 0 0 0 1 1 1 0 0 1 1]
 [0 1 0 0 1 0 0 1 1 0 0 1 0 0 0]
 [1 0 1 0 0 0 1 1 1 1 0 0 1 0 1]
 [0 1 1 1 1 1 1 1 0 1 0 1 1 0 0]
 [0 1 1 1 1 1 1 1 1 0 0 0 0 1 1]
 [0 1 0 1 1 1 1 0 0 1 1 1 0 0 1]
 [1 0 0 0 1 0 1 0 0 0 0 0 1 0 0]
 [1 0 0 1 1 0 0 1 1 0 1 1 1 1 1]
 [1 0 1 0 1 0 1 1 0 1 1 0 0 0 1]
 [0 1 0 1 0 0 0 1 0 0 0 1 1 1 1]
 [1 0 0 1 1 1 1 1 1 0 1 1 1 1 0]
 [1 1 0 1 0 0 0 1 1 0 1 0 0 0 0]
 [0 0 0 1 0 0 0 1 1 0 0 1 0 1 0]
 [0 1 1 1 1 0 0 0 1 0 0 1 1 0 0]
 [1 1 1 1 1 0 0 1 0 0 1 0 1 1 0]
 [0 1 0 0 0 1 0 0 0 1 0 0 0 0 0]
 [1 1 1 0 0 1 1 1 1 0 1 0 0 0 0]
 [0 0 0 0 1 0 1 0 0 1 0 1 1 1 1]
 [1 0 0 1 1 0 1 1 0 0 0 1 0 0 0]
 [0 0 1 0 1 1 1 0 0 1 1 0 0 0 1]
 [1 1 1 0 1 0 0 1 1 1 0 0 1 0 1]
 [0 0 0 1 0 1 0 1 0 0 0 0 1 1 1]
 [0 1 0 1 1 0 0 1 0 1 0 0 0 1 0]
 [0 0 1 0 0 0 0 0 0 0 1 1 1 1 1]
 [1 0 0 0 0 1 1 0 0 0 0 0 1 1 0]]
{'restarts': 450, 'conflicts': 162881, 'decisions': 263185, 'propagations': 249979060}
Q is identifiable
branch at 6
runtime for solving id of Q is 29.971675243927166
Simulation results:
{'J': 25, 'K': 15, 'N': 10, 'p': 0.5, 'seed': 58, 'sim': 0, 'runtime': 29.971675243927166, 'identifiable': 1, 'branch': 6}
1
Q: [[0 0 0 1 0 1 0 1 0 1 1 0 1 1 0]
 [0 1 0 1 0 1 1 1 1 1 0 1 0 1 0]
 [0 1 1 0 0 0 0 1 0 0 1 0 1 0 0]
 [0 0 0 0 0 0 1 0 1 1 0 1 0 0 1]
 [0 0 1 1 1 0 1 0 0 1 0 1 1 1 1]
 [0 0 1 0 0 0 1 1 0 1 1 0 0 1 1]
 [0 1 1 0 1 1 1 0 1 1 0 0 1 1 0]
 [1 1 0 1 0 0 1 1 0 0 1 0 1 0 0]
 [0 1 1 1 0 0 0 1 1 0 0 1 1 1 1]
 [0 1 0 1 1 1 1 1 0 1 1 1 1 0 0]
 [0 1 0 1 0 0 1 1 0 1 1 1 0 0 1]
 [1 0 1 1 1 0 0 0 0 0 0 0 0 0 0]
 [1 0 0 0 1 1 0 0 1 1 1 0 0 1 1]
 [0 1 1 1 0 1 0 1 1 1 0 1 1 0 0]
 [1 1 0 1 0 1 0 1 1 0 0 0 0 0 0]
 [0 1 0 1 1 1 0 1 1 0 0 0 0 0 0]
 [1 0 1 0 0 1 0 1 1 0 1 1 1 1 0]
 [0 0 0 0 0 1 1 1 1 1 0 1 1 1 0]
 [1 0 0 0 1 0 1 0 0 0 0 1 0 0 1]
 [0 1 1 0 0 1 0 1 1 0 0 0 1 1 1]
 [1 1 1 0 1 0 0 1 1 1 1 0 0 1 1]
 [1 0 1 0 0 0 1 1 1 1 1 1 1 0 0]
 [1 0 1 1 1 0 1 0 0 0 1 1 0 1 1]
 [1 0 1 0 1 0 0 0 1 1 1 1 0 0 0]
 [1 0 0 1 0 0 0 0 0 0 1 0 1 1 1]]
{'restarts': 6375, 'conflicts': 2466302, 'decisions': 3442074, 'propagations': 3040719842}
Q is identifiable
branch at 6
runtime for solving id of Q is 651.9309273920953
Simulation results:
{'J': 25, 'K': 15, 'N': 10, 'p': 0.5, 'seed': 58, 'sim': 1, 'runtime': 651.9309273920953, 'identifiable': 1, 'branch': 6}
2
Q: [[0 1 0 1 0 1 0 1 0 0 0 0 1 0 1]
 [0 1 1 1 0 0 1 0 1 1 1 0 1 1 1]
 [1 0 0 1 0 1 0 1 0 0 1 0 1 1 0]
 [0 0 0 0 1 0 0 1 0 0 0 1 1 0 0]
 [0 1 1 0 0 1 1 0 1 0 1 0 1 1 1]
 [1 0 0 0 0 0 1 0 1 0 1 0 0 0 1]
 [1 1 0 0 0 0 1 0 1 0 1 0 0 1 0]
 [0 1 1 1 0 1 1 1 1 0 1 1 0 0 1]
 [1 1 0 1 0 0 1 0 1 0 0 1 0 0 1]
 [1 0 0 1 1 1 1 0 0 0 0 1 0 0 1]
 [1 0 0 1 0 1 0 1 0 1 0 0 0 0 0]
 [0 1 1 0 1 0 1 0 0 0 1 0 0 0 0]
 [1 0 0 0 0 0 1 1 1 1 0 1 1 1 0]
 [1 1 1 0 0 0 1 0 0 1 0 1 1 0 1]
 [1 0 0 0 0 0 0 1 0 1 1 1 0 0 0]
 [0 1 1 1 1 0 1 0 0 1 1 1 1 1 1]
 [0 1 1 0 1 1 0 0 0 0 0 0 1 0 0]
 [0 0 0 0 1 0 1 0 1 0 1 0 1 1 0]
 [0 0 0 0 1 0 0 0 1 0 0 1 1 1 1]
 [1 1 1 1 0 1 1 1 1 1 1 0 1 1 1]
 [0 0 0 0 1 1 0 1 1 1 1 1 1 1 0]
 [1 0 0 1 1 0 1 0 0 0 1 1 0 0 1]
 [0 0 0 0 1 1 0 1 0 1 1 0 1 0 0]
 [0 1 1 0 0 1 1 1 1 1 1 1 1 1 0]
 [0 0 0 0 0 0 0 0 1 0 1 0 0 1 1]]
Q is not identifiable (two-column submatrix not identifiable).
Q is not identifiable, and Q_bar is [[0 1 0 1 0 1 0 1 0 0 0 0 1 0 1]
 [0 0 1 1 0 0 1 0 1 1 1 0 1 1 1]
 [1 0 0 1 0 1 0 1 0 0 1 0 1 1 0]
 [0 0 0 0 1 0 0 1 0 0 0 1 1 0 0]
 [0 0 1 0 0 1 1 0 1 0 1 0 1 1 1]
 [1 0 0 0 0 0 1 0 1 0 1 0 0 0 1]
 [1 1 0 0 0 0 1 0 1 0 1 0 0 1 0]
 [0 0 1 1 0 1 1 1 1 0 1 1 0 0 1]
 [1 1 0 1 0 0 1 0 1 0 0 1 0 0 1]
 [1 0 0 1 1 1 1 0 0 0 0 1 0 0 1]
 [1 0 0 1 0 1 0 1 0 1 0 0 0 0 0]
 [0 0 1 0 1 0 1 0 0 0 1 0 0 0 0]
 [1 0 0 0 0 0 1 1 1 1 0 1 1 1 0]
 [1 0 1 0 0 0 1 0 0 1 0 1 1 0 1]
 [1 0 0 0 0 0 0 1 0 1 1 1 0 0 0]
 [0 0 1 1 1 0 1 0 0 1 1 1 1 1 1]
 [0 0 1 0 1 1 0 0 0 0 0 0 1 0 0]
 [0 0 0 0 1 0 1 0 1 0 1 0 1 1 0]
 [0 0 0 0 1 0 0 0 1 0 0 1 1 1 1]
 [1 1 1 1 0 1 1 1 1 1 1 0 1 1 1]
 [0 0 0 0 1 1 0 1 1 1 1 1 1 1 0]
 [1 0 0 1 1 0 1 0 0 0 1 1 0 0 1]
 [0 0 0 0 1 1 0 1 0 1 1 0 1 0 0]
 [0 0 1 0 0 1 1 1 1 1 1 1 1 1 0]
 [0 0 0 0 0 0 0 0 1 0 1 0 0 1 1]]
branch at 2
runtime for solving id of Q is 0.006174573907628655
Simulation results:
{'J': 25, 'K': 15, 'N': 10, 'p': 0.5, 'seed': 58, 'sim': 2, 'runtime': 0.006174573907628655, 'identifiable': 0, 'branch': 2}
3
Q: [[1 0 1 1 0 0 1 1 1 0 0 0 1 0 0]
 [1 0 1 1 1 0 1 1 1 1 1 0 1 1 1]
 [0 0 1 1 0 1 0 1 1 1 1 1 0 0 0]
 [1 1 0 1 0 0 1 1 1 0 1 1 0 1 1]
 [1 1 0 1 0 0 0 0 0 0 1 0 0 0 0]
 [0 1 1 1 1 0 0 0 1 0 1 0 0 1 1]
 [1 0 0 0 0 1 0 1 0 1 0 1 0 1 1]
 [1 1 0 1 1 0 0 0 1 1 0 1 1 0 0]
 [0 0 0 0 1 0 1 1 1 0 0 1 1 0 0]
 [0 1 0 0 0 0 1 0 0 1 0 1 0 1 0]
 [1 0 0 0 0 0 0 0 1 0 0 1 0 0 1]
 [0 0 0 0 1 1 1 1 1 0 1 1 0 0 1]
 [1 1 0 0 0 0 0 0 1 0 1 1 0 1 1]
 [0 1 0 1 0 0 0 0 1 1 1 1 1 0 0]
 [0 1 1 0 1 1 1 1 1 0 1 0 0 0 0]
 [1 0 0 0 0 1 1 1 1 1 1 0 0 0 0]
 [1 0 0 1 1 0 0 1 1 1 0 0 0 1 0]
 [0 0 1 1 1 0 0 1 1 1 1 1 1 1 0]
 [0 0 1 0 0 1 1 1 0 1 1 1 0 1 0]
 [1 1 0 1 1 0 0 1 0 1 0 0 1 1 1]
 [0 1 0 1 0 0 0 0 0 0 0 0 0 1 0]
 [0 1 0 1 1 0 1 1 1 1 0 0 0 1 0]
 [1 1 0 1 0 0 1 1 1 0 1 1 0 1 1]
 [1 0 0 0 0 1 1 0 0 0 0 0 1 1 0]
 [0 1 1 0 1 1 1 1 1 1 0 1 1 0 0]]
{'restarts': 7271, 'conflicts': 2017084, 'decisions': 3021993, 'propagations': 2288666593}
Q is identifiable
branch at 6
runtime for solving id of Q is 444.64588891295716
Simulation results:
{'J': 25, 'K': 15, 'N': 10, 'p': 0.5, 'seed': 58, 'sim': 3, 'runtime': 444.64588891295716, 'identifiable': 1, 'branch': 6}
4
Q: [[1 0 1 0 0 1 1 0 0 0 0 1 1 1 0]
 [1 0 0 1 0 1 0 0 0 0 1 0 0 0 1]
 [1 0 0 0 1 1 0 0 0 1 1 0 0 0 0]
 [1 1 0 0 0 0 0 0 1 0 0 0 1 0 1]
 [1 0 1 1 0 1 1 1 1 1 1 0 1 0 0]
 [0 1 1 1 1 1 0 1 0 1 0 1 0 1 1]
 [0 0 0 0 1 1 1 1 0 1 1 1 1 1 0]
 [0 1 0 0 1 0 0 0 1 0 0 0 1 1 0]
 [1 1 1 0 1 0 0 0 0 1 1 1 1 1 1]
 [0 0 1 0 0 1 0 1 1 0 0 1 1 1 0]
 [0 1 0 0 1 1 1 1 1 1 0 0 0 0 1]
 [1 1 1 0 0 0 1 1 1 1 0 0 1 0 0]
 [1 1 1 1 0 1 0 1 1 0 1 0 1 1 0]
 [0 1 1 0 0 1 1 0 0 0 0 0 1 0 1]
 [1 0 1 0 1 0 1 0 0 1 0 1 1 1 0]
 [0 0 1 0 0 1 0 1 1 0 1 1 0 1 0]
 [0 1 1 1 0 1 1 0 1 0 0 1 1 0 1]
 [0 0 1 0 1 0 0 1 1 1 1 0 1 1 1]
 [1 0 1 1 1 0 1 0 0 0 0 1 0 1 0]
 [1 0 1 1 1 0 1 0 0 0 0 1 0 0 1]
 [1 0 0 1 0 1 0 1 1 0 0 0 0 1 0]
 [0 1 0 1 0 1 1 0 0 1 0 1 1 1 1]
 [0 1 1 0 0 0 0 1 0 1 0 1 0 1 0]
 [1 1 1 0 1 1 0 0 0 1 1 1 1 0 0]
 [0 0 1 1 1 0 0 1 1 0 1 1 0 0 1]]
{'restarts': 36065, 'conflicts': 12081487, 'decisions': 16816728, 'propagations': 15341234280}
Q is identifiable
branch at 6
runtime for solving id of Q is 5084.659095256822
Simulation results:
{'J': 25, 'K': 15, 'N': 10, 'p': 0.5, 'seed': 58, 'sim': 4, 'runtime': 5084.659095256822, 'identifiable': 1, 'branch': 6}
5
Q: [[0 0 0 1 1 0 0 1 0 1 0 1 1 0 0]
 [1 0 1 1 0 0 0 1 0 1 0 0 0 0 0]
 [1 0 1 1 0 1 1 1 1 1 1 1 0 0 1]
 [1 1 0 1 1 0 0 0 0 1 0 0 0 0 1]
 [1 0 0 1 1 1 0 1 1 0 1 1 0 0 0]
 [1 0 1 0 1 1 1 1 1 0 0 1 0 1 0]
 [0 1 0 0 0 1 0 1 0 0 0 1 0 0 0]
 [1 1 0 0 0 1 0 0 0 1 0 0 1 1 0]
 [0 1 0 1 0 1 1 1 0 1 0 0 0 1 1]
 [0 1 0 0 0 0 1 0 1 1 0 1 1 0 1]
 [0 0 1 0 1 0 1 1 1 0 0 1 1 0 0]
 [1 1 0 1 1 1 1 0 1 0 0 0 1 0 0]
 [1 1 0 1 1 0 1 1 1 1 1 0 0 0 1]
 [0 1 0 1 1 0 0 0 0 1 0 1 0 0 1]
 [1 1 0 0 0 1 1 0 1 1 1 0 1 1 1]
 [0 0 1 1 0 1 0 1 1 0 1 1 0 0 1]
 [1 0 1 0 1 1 1 1 1 1 1 1 1 0 0]
 [1 0 1 0 0 0 1 0 1 1 1 1 0 1 1]
 [0 1 0 0 1 0 0 0 0 0 0 1 1 0 1]
 [1 1 1 1 1 0 1 1 1 1 1 0 0 0 1]
 [0 0 1 0 1 1 0 0 1 1 0 1 0 0 1]
 [1 0 0 0 0 1 1 0 0 0 1 1 1 0 1]
 [1 1 0 1 0 1 0 1 1 1 0 0 0 0 0]
 [0 1 0 0 0 1 1 0 1 0 0 1 1 1 0]
 [0 1 0 1 1 1 0 0 0 0 1 1 1 1 0]]
{'restarts': 1138, 'conflicts': 392885, 'decisions': 582660, 'propagations': 454840028}
Q is identifiable
branch at 6
runtime for solving id of Q is 69.00495361210778
Simulation results:
{'J': 25, 'K': 15, 'N': 10, 'p': 0.5, 'seed': 58, 'sim': 5, 'runtime': 69.00495361210778, 'identifiable': 1, 'branch': 6}
6
Q: [[1 0 0 1 1 0 0 0 0 0 0 0 0 0 1]
 [0 1 0 0 1 1 0 1 0 0 0 1 0 1 0]
 [1 0 0 0 0 0 1 1 1 0 1 1 0 1 1]
 [1 0 0 0 0 1 0 1 1 1 1 0 1 0 0]
 [0 0 0 1 0 0 1 1 0 1 0 1 1 0 0]
 [1 0 1 0 1 0 0 0 1 0 0 0 1 1 0]
 [0 0 0 0 0 0 0 1 0 1 1 0 1 0 0]
 [1 1 1 0 0 1 0 1 1 0 1 1 1 1 1]
 [0 1 1 1 0 1 1 1 0 0 0 0 1 1 0]
 [0 1 0 1 0 0 0 1 0 0 0 1 1 0 1]
 [0 1 1 0 0 1 0 0 0 0 1 0 1 1 1]
 [1 1 1 1 0 1 1 0 0 0 0 0 1 1 0]
 [1 1 0 1 0 0 1 0 1 0 1 0 1 0 0]
 [1 1 0 0 1 1 0 1 1 0 0 1 0 1 1]
 [1 1 1 0 0 0 1 0 0 0 1 1 0 1 0]
 [0 0 1 0 1 1 0 0 1 0 1 1 1 0 1]
 [0 1 1 1 1 1 1 0 1 1 1 1 0 0 1]
 [1 0 1 1 0 0 0 0 1 0 1 1 1 0 1]
 [1 1 1 0 1 0 1 0 0 0 0 1 1 1 0]
 [1 1 1 1 1 0 1 1 1 1 0 1 1 1 0]
 [1 0 1 0 1 0 0 1 1 0 0 0 0 0 0]
 [1 1 1 1 1 0 0 0 1 1 0 0 0 1 1]
 [1 1 1 1 1 0 0 1 1 1 0 0 1 0 0]
 [1 0 0 1 1 0 1 1 0 1 0 0 0 0 1]
 [0 1 0 1 0 0 0 1 0 0 1 0 1 0 1]]
{'restarts': 1586, 'conflicts': 490069, 'decisions': 729043, 'propagations': 535039589}
Q is identifiable
branch at 6
runtime for solving id of Q is 83.54350712988526
Simulation results:
{'J': 25, 'K': 15, 'N': 10, 'p': 0.5, 'seed': 58, 'sim': 6, 'runtime': 83.54350712988526, 'identifiable': 1, 'branch': 6}
7
Q: [[1 0 0 1 0 1 1 0 1 0 0 1 1 0 1]
 [0 1 0 1 1 0 0 1 0 1 1 1 0 1 0]
 [1 1 1 0 1 1 1 1 0 1 0 0 0 1 1]
 [1 0 0 1 1 0 0 1 0 1 1 0 0 0 1]
 [1 1 1 1 0 0 0 1 0 1 1 0 1 0 1]
 [0 0 1 0 1 1 0 1 1 1 1 1 0 0 1]
 [1 0 1 0 0 1 0 0 1 1 0 0 1 1 0]
 [0 1 1 0 1 1 0 0 0 1 1 1 1 0 0]
 [0 0 0 0 0 1 1 1 1 0 0 0 0 1 0]
 [1 1 0 0 1 1 1 0 1 0 0 0 1 1 1]
 [1 0 0 1 1 1 1 0 1 1 0 0 0 0 1]
 [0 0 1 0 1 1 1 0 1 0 1 0 0 1 0]
 [0 1 0 0 1 1 0 0 1 0 1 1 0 0 1]
 [0 1 1 0 0 1 1 0 0 1 1 1 0 0 1]
 [0 1 1 0 1 0 1 1 0 1 1 1 0 0 0]
 [1 0 1 0 0 0 0 0 0 1 1 0 1 1 0]
 [1 1 0 1 1 1 0 0 0 1 0 1 1 1 1]
 [0 0 1 0 1 0 1 0 0 1 0 0 1 1 1]
 [1 0 0 0 0 1 1 0 1 1 1 1 1 1 1]
 [1 1 0 1 1 1 1 0 0 0 0 1 1 1 1]
 [1 1 0 0 1 1 0 1 0 0 1 0 1 1 0]
 [0 0 0 1 0 0 1 1 0 1 0 0 0 1 1]
 [1 1 0 1 1 0 0 1 1 0 1 0 1 1 1]
 [0 1 1 0 1 1 0 1 0 0 1 0 1 0 0]
 [0 0 1 0 1 0 0 1 0 1 0 1 0 1 1]]
{'restarts': 4045, 'conflicts': 1500949, 'decisions': 2165744, 'propagations': 1379517929}
Q is identifiable
branch at 6
runtime for solving id of Q is 318.34394552209415
Simulation results:
{'J': 25, 'K': 15, 'N': 10, 'p': 0.5, 'seed': 58, 'sim': 7, 'runtime': 318.34394552209415, 'identifiable': 1, 'branch': 6}
8
Q: [[0 0 0 1 0 0 1 1 1 1 1 0 0 0 1]
 [0 1 1 0 1 1 0 1 1 1 0 1 0 0 1]
 [0 1 0 1 1 0 0 1 1 0 0 0 1 1 0]
 [1 1 0 0 0 1 1 0 1 0 0 0 0 1 1]
 [0 0 1 0 0 0 0 0 0 0 0 0 0 0 1]
 [1 0 1 0 1 1 1 1 0 0 0 1 0 0 0]
 [0 0 1 0 1 1 0 0 1 1 1 0 1 1 1]
 [0 1 0 0 1 0 0 0 0 1 1 1 1 0 0]
 [0 0 0 1 1 0 0 1 1 0 1 1 1 0 1]
 [1 1 1 0 0 1 1 0 1 0 0 1 0 0 1]
 [1 1 0 0 1 1 0 1 1 1 0 1 0 1 1]
 [0 1 1 1 0 0 0 0 1 1 0 1 0 1 0]
 [1 1 1 0 0 0 0 1 0 0 1 1 1 0 0]
 [0 1 0 0 0 0 1 0 1 0 1 1 0 0 1]
 [1 1 0 1 0 0 0 0 1 0 1 1 0 0 0]
 [0 0 0 0 0 1 1 1 0 1 0 1 1 1 0]
 [0 0 0 0 1 1 0 0 0 0 1 1 1 0 1]
 [0 0 1 0 1 0 1 0 1 1 0 0 1 0 0]
 [0 0 1 1 1 1 0 0 0 1 0 0 0 1 1]
 [1 1 0 0 0 0 0 0 0 1 0 1 0 1 0]
 [0 1 1 1 0 1 1 0 0 0 1 0 0 1 0]
 [1 1 0 0 1 1 0 0 0 0 0 0 1 1 1]
 [1 1 1 0 1 0 0 0 1 0 0 1 1 0 0]
 [1 1 1 1 0 0 0 0 1 1 0 1 0 0 1]
 [0 0 1 1 1 1 0 1 0 1 1 1 0 0 0]]
{'restarts': 2518, 'conflicts': 930084, 'decisions': 1331866, 'propagations': 1410232558}
Q is identifiable
branch at 6
runtime for solving id of Q is 217.55195576907136
Simulation results:
{'J': 25, 'K': 15, 'N': 10, 'p': 0.5, 'seed': 58, 'sim': 8, 'runtime': 217.55195576907136, 'identifiable': 1, 'branch': 6}
9
Q: [[1 0 0 1 0 1 1 1 1 1 1 1 0 1 0]
 [0 0 1 1 1 0 1 1 1 0 0 1 0 0 0]
 [0 1 0 1 0 0 1 0 1 1 0 0 0 0 0]
 [1 1 1 0 0 1 0 0 1 0 0 1 0 0 0]
 [0 0 1 0 0 0 1 0 1 1 0 1 1 0 1]
 [1 1 0 1 1 1 1 1 0 0 0 1 0 1 0]
 [1 1 1 1 0 1 0 0 1 1 1 0 1 0 0]
 [1 1 0 1 1 0 0 0 0 0 0 0 1 1 0]
 [1 1 1 0 1 1 0 0 1 1 0 0 1 0 1]
 [0 0 1 0 0 1 0 1 1 1 1 1 0 0 0]
 [1 0 0 0 0 0 1 1 0 0 0 0 0 0 0]
 [1 1 1 1 1 0 0 0 0 1 1 1 1 0 1]
 [1 0 0 1 0 0 1 1 1 0 1 0 1 0 0]
 [0 0 0 0 1 0 0 0 1 1 1 1 1 0 0]
 [1 0 1 1 0 1 0 0 1 0 0 0 1 1 1]
 [0 1 0 0 1 1 1 1 1 0 1 1 0 0 1]
 [1 1 1 1 1 1 1 1 1 1 1 1 1 0 1]
 [1 1 1 0 1 1 1 1 0 1 0 0 0 0 1]
 [0 1 0 0 0 1 0 1 0 0 0 1 1 0 1]
 [0 1 0 0 0 1 1 0 0 1 0 1 0 1 0]
 [0 0 0 1 1 1 0 1 1 1 1 0 1 1 0]
 [1 0 1 0 0 0 0 1 0 0 1 1 1 0 1]
 [1 0 0 1 0 1 1 1 0 0 1 0 1 0 1]
 [1 0 0 0 1 1 0 0 1 0 0 1 1 0 0]
 [0 0 1 1 1 1 0 1 0 1 1 0 0 0 1]]
{'restarts': 5200, 'conflicts': 1830750, 'decisions': 2605605, 'propagations': 2372832151}
Q is identifiable
branch at 6
runtime for solving id of Q is 464.1427426971495
Simulation results:
{'J': 25, 'K': 15, 'N': 10, 'p': 0.5, 'seed': 58, 'sim': 9, 'runtime': 464.1427426971495, 'identifiable': 1, 'branch': 6}
Simulation results:
[{'J': 25, 'K': 15, 'N': 10, 'p': 0.5, 'seed': 58, 'sim': 0, 'runtime': 29.971675243927166, 'identifiable': 1, 'branch': 6}, {'J': 25, 'K': 15, 'N': 10, 'p': 0.5, 'seed': 58, 'sim': 1, 'runtime': 651.9309273920953, 'identifiable': 1, 'branch': 6}, {'J': 25, 'K': 15, 'N': 10, 'p': 0.5, 'seed': 58, 'sim': 2, 'runtime': 0.006174573907628655, 'identifiable': 0, 'branch': 2}, {'J': 25, 'K': 15, 'N': 10, 'p': 0.5, 'seed': 58, 'sim': 3, 'runtime': 444.64588891295716, 'identifiable': 1, 'branch': 6}, {'J': 25, 'K': 15, 'N': 10, 'p': 0.5, 'seed': 58, 'sim': 4, 'runtime': 5084.659095256822, 'identifiable': 1, 'branch': 6}, {'J': 25, 'K': 15, 'N': 10, 'p': 0.5, 'seed': 58, 'sim': 5, 'runtime': 69.00495361210778, 'identifiable': 1, 'branch': 6}, {'J': 25, 'K': 15, 'N': 10, 'p': 0.5, 'seed': 58, 'sim': 6, 'runtime': 83.54350712988526, 'identifiable': 1, 'branch': 6}, {'J': 25, 'K': 15, 'N': 10, 'p': 0.5, 'seed': 58, 'sim': 7, 'runtime': 318.34394552209415, 'identifiable': 1, 'branch': 6}, {'J': 25, 'K': 15, 'N': 10, 'p': 0.5, 'seed': 58, 'sim': 8, 'runtime': 217.55195576907136, 'identifiable': 1, 'branch': 6}, {'J': 25, 'K': 15, 'N': 10, 'p': 0.5, 'seed': 58, 'sim': 9, 'runtime': 464.1427426971495, 'identifiable': 1, 'branch': 6}]
