
The Gurobi software has a limited number of licenses. To request a license or
licenses, add this line

    #SBATCH --licenses=gurobi@slurmdb:1

to your SBATCH script, replacing N with the number of licenses you need. Gurobi
will need one license per process.


0
Q: [[0 0 0 0 1 1 1 1 1 1]
 [1 1 1 0 1 1 1 1 1 1]
 [1 1 0 0 1 1 1 0 1 0]
 [1 1 1 1 1 1 1 1 0 1]
 [1 1 0 1 0 0 1 0 1 0]
 [1 1 0 1 0 0 1 0 0 1]
 [0 1 1 0 1 1 0 1 1 1]
 [1 0 1 1 1 1 1 0 1 0]
 [0 1 0 1 0 1 0 1 0 1]
 [0 0 1 1 0 1 0 1 1 1]
 [1 1 1 1 1 0 1 0 1 1]
 [1 1 1 0 0 0 1 1 1 1]
 [1 1 1 1 0 1 1 1 1 0]
 [1 0 1 1 1 1 1 0 0 1]
 [1 1 1 1 0 1 1 0 1 1]
 [1 1 0 1 1 1 1 1 1 1]
 [1 1 1 0 0 1 0 1 1 0]
 [1 1 1 1 1 1 1 1 1 0]
 [1 0 1 1 1 1 1 1 1 0]
 [0 1 1 1 1 1 1 1 1 1]
 [0 0 0 1 0 1 0 0 1 1]
 [1 1 1 1 1 0 1 1 0 0]
 [1 1 1 1 1 0 1 1 1 1]
 [1 0 1 0 1 1 0 0 1 0]
 [1 0 1 0 0 1 1 1 0 1]
 [1 1 1 1 1 1 0 1 0 0]
 [1 1 1 1 0 1 1 1 0 0]
 [1 1 0 1 1 1 1 1 1 0]
 [1 0 1 1 0 0 0 1 1 1]
 [1 1 1 0 0 1 1 0 1 1]
 [1 0 1 1 1 0 1 1 0 1]
 [1 0 0 1 1 1 1 1 1 1]
 [0 1 0 1 1 1 1 1 1 0]
 [1 1 1 1 1 1 1 1 1 1]
 [1 1 0 0 1 1 1 1 1 0]
 [1 1 1 1 1 0 0 1 1 0]
 [1 0 1 1 1 1 1 0 0 1]
 [1 1 1 1 1 0 1 1 1 1]
 [1 0 1 1 0 1 1 0 1 1]
 [1 1 1 1 0 1 1 1 0 1]
 [0 1 0 1 1 0 0 0 1 1]
 [0 1 1 1 1 1 1 1 1 1]
 [0 1 0 1 1 1 0 0 0 1]
 [0 1 0 1 1 0 1 0 1 1]
 [1 0 1 0 1 1 1 0 0 1]
 [0 1 1 1 0 1 0 1 0 1]
 [0 0 1 0 1 1 1 1 1 1]
 [1 1 0 1 1 0 1 0 0 0]
 [1 1 0 0 1 1 1 1 1 0]
 [1 1 1 1 1 1 1 0 1 1]]
{'restarts': 102, 'conflicts': 38504, 'decisions': 58801, 'propagations': 21662060}
Q is identifiable
branch at 6
runtime for solving id of Q is 3.564247814938426
Simulation results:
{'J': 50, 'K': 10, 'N': 10, 'p': 0.7, 'seed': 893, 'sim': 0, 'runtime': 3.564247814938426, 'identifiable': 1, 'branch': 6}
1
Q: [[0 1 0 0 0 0 0 1 0 1]
 [0 1 0 0 1 1 0 0 1 1]
 [1 1 0 1 0 1 1 0 0 1]
 [1 1 1 1 1 1 1 0 1 1]
 [1 1 1 1 0 1 1 1 1 0]
 [0 1 0 1 0 1 0 1 1 1]
 [1 1 0 1 1 1 1 1 1 1]
 [1 1 1 1 1 0 1 1 1 1]
 [1 1 1 1 0 1 1 1 1 1]
 [1 0 1 1 1 1 1 1 0 1]
 [1 1 0 0 0 1 1 0 1 1]
 [1 1 1 1 1 0 1 0 1 1]
 [1 1 1 0 1 0 1 0 1 0]
 [1 0 1 0 1 1 1 1 0 1]
 [1 1 1 1 0 1 1 1 1 0]
 [0 1 0 1 0 1 1 0 0 1]
 [0 1 0 1 1 1 1 1 1 1]
 [1 0 1 0 1 1 1 1 0 1]
 [0 1 1 0 1 1 1 1 0 1]
 [0 0 1 1 1 1 1 1 1 1]
 [1 0 1 1 1 1 1 1 0 1]
 [1 0 0 1 0 1 1 1 1 0]
 [1 1 1 0 1 1 1 1 1 1]
 [1 1 1 0 1 1 0 1 1 1]
 [1 1 1 1 1 0 1 0 1 1]
 [1 1 0 1 1 0 1 1 0 1]
 [0 1 1 1 1 1 0 1 1 1]
 [1 1 0 1 0 1 1 1 1 0]
 [1 0 0 1 0 1 1 1 1 1]
 [0 1 0 1 0 1 0 1 0 1]
 [1 1 1 0 1 1 1 0 0 1]
 [0 1 1 0 1 1 1 0 0 1]
 [1 0 1 0 0 0 1 0 1 1]
 [1 1 0 1 1 0 1 1 1 0]
 [1 1 1 0 1 1 1 0 1 0]
 [0 1 1 1 1 1 1 1 0 1]
 [1 1 0 1 1 1 0 1 0 1]
 [1 0 1 1 0 1 0 1 1 1]
 [0 1 0 0 1 1 1 1 1 1]
 [1 1 0 1 1 1 0 1 1 1]
 [1 1 0 1 0 1 0 0 1 1]
 [0 0 1 1 1 1 1 1 0 1]
 [1 1 1 1 1 1 0 1 1 1]
 [1 0 0 1 1 1 1 1 1 0]
 [1 0 1 1 1 1 0 1 0 1]
 [1 1 1 1 1 1 1 1 1 1]
 [0 1 1 1 1 1 0 1 1 1]
 [1 1 1 0 0 0 1 1 1 0]
 [0 0 1 1 1 0 1 1 1 1]
 [1 1 1 1 1 0 0 1 1 1]]
{'restarts': 186, 'conflicts': 71809, 'decisions': 102096, 'propagations': 32254816}
Q is identifiable
branch at 6
runtime for solving id of Q is 6.311000113375485
Simulation results:
{'J': 50, 'K': 10, 'N': 10, 'p': 0.7, 'seed': 893, 'sim': 1, 'runtime': 6.311000113375485, 'identifiable': 1, 'branch': 6}
2
Q: [[1 0 1 1 1 1 1 1 1 0]
 [1 1 1 1 1 1 0 0 0 1]
 [1 1 0 0 0 1 1 1 1 1]
 [1 1 1 1 0 1 1 1 1 1]
 [0 1 1 1 0 1 1 0 0 0]
 [1 1 1 0 1 1 1 1 1 1]
 [1 1 1 1 1 1 1 1 1 1]
 [0 1 1 1 1 1 0 1 1 1]
 [1 1 0 1 1 1 1 1 0 1]
 [1 1 0 0 0 1 0 1 1 1]
 [1 1 1 1 1 1 1 1 1 0]
 [0 1 1 0 0 1 1 1 1 0]
 [1 1 1 1 0 1 1 1 1 0]
 [1 1 1 0 1 1 1 0 0 1]
 [1 1 1 1 0 1 0 1 0 1]
 [1 1 1 0 1 0 1 1 1 1]
 [1 1 0 1 1 1 1 0 1 0]
 [1 1 0 1 1 1 1 1 0 0]
 [1 1 1 1 1 1 1 0 1 1]
 [0 1 0 1 1 1 1 1 1 1]
 [0 1 1 1 1 1 1 1 1 1]
 [1 1 1 1 1 1 1 1 1 1]
 [1 0 1 1 0 1 1 1 1 1]
 [0 1 1 1 1 0 1 1 0 1]
 [1 1 0 1 1 1 1 1 1 1]
 [1 0 1 1 0 1 0 1 0 1]
 [1 1 1 1 1 1 0 0 1 1]
 [0 0 1 0 1 1 1 1 1 1]
 [1 1 1 1 1 0 0 1 1 0]
 [1 0 1 0 1 1 1 1 0 0]
 [1 0 0 1 1 1 1 0 1 0]
 [1 1 1 1 1 1 1 1 0 1]
 [1 1 0 1 1 1 1 1 1 0]
 [1 1 0 0 1 1 1 1 1 0]
 [1 1 1 1 1 1 0 1 1 1]
 [1 1 1 0 0 0 1 1 1 1]
 [0 0 1 1 1 0 1 1 0 1]
 [1 1 0 1 1 1 0 1 1 1]
 [1 1 1 1 1 1 1 1 1 1]
 [1 1 1 1 0 1 0 1 1 1]
 [0 0 1 0 1 1 1 1 0 1]
 [0 0 1 0 1 1 1 1 1 1]
 [1 1 1 0 1 1 1 0 1 0]
 [0 0 1 1 1 1 1 1 1 1]
 [1 0 1 1 0 0 0 1 0 0]
 [1 1 1 1 1 0 1 1 1 1]
 [0 1 1 1 1 0 1 0 0 0]
 [1 0 1 0 0 1 1 1 1 1]
 [0 1 1 0 1 1 0 1 0 0]
 [1 0 0 0 1 0 1 1 0 1]]
{'restarts': 694, 'conflicts': 150975, 'decisions': 221675, 'propagations': 61428432}
Q is identifiable
branch at 6
runtime for solving id of Q is 16.2800612449646
Simulation results:
{'J': 50, 'K': 10, 'N': 10, 'p': 0.7, 'seed': 893, 'sim': 2, 'runtime': 16.2800612449646, 'identifiable': 1, 'branch': 6}
3
Q: [[1 0 1 0 1 1 0 0 0 1]
 [0 0 1 1 1 1 1 1 1 1]
 [0 1 0 1 1 1 0 1 1 1]
 [1 1 0 1 1 0 1 0 1 1]
 [1 1 0 1 0 1 1 0 1 0]
 [1 0 1 0 1 0 1 1 1 1]
 [1 1 1 0 1 1 0 0 0 1]
 [1 1 1 1 1 1 1 1 1 1]
 [0 0 1 0 1 1 0 0 1 0]
 [1 1 1 0 0 1 1 0 1 0]
 [1 0 0 0 1 1 1 0 1 1]
 [0 1 0 1 1 1 0 1 1 0]
 [1 0 0 1 1 1 0 0 1 1]
 [1 0 1 1 1 0 1 1 1 1]
 [1 0 0 0 0 1 1 1 1 1]
 [0 1 1 0 1 0 1 0 1 1]
 [1 1 0 1 1 0 1 1 0 1]
 [1 1 1 1 1 1 1 1 0 0]
 [1 1 0 1 1 1 1 1 1 1]
 [0 0 1 0 1 1 1 1 1 0]
 [1 1 1 0 1 1 1 1 0 1]
 [0 1 1 0 1 0 1 1 1 0]
 [1 1 1 1 1 1 1 1 0 1]
 [1 1 1 1 1 1 1 1 1 1]
 [0 0 1 1 1 1 1 1 1 0]
 [1 0 1 0 1 1 0 0 1 1]
 [1 1 1 0 0 1 1 1 1 1]
 [1 1 1 1 1 1 0 1 1 1]
 [1 1 1 1 1 1 1 0 1 0]
 [1 1 0 0 1 0 1 1 0 1]
 [1 0 1 0 0 0 1 1 1 1]
 [1 0 1 0 0 0 1 1 1 1]
 [0 1 1 1 1 1 1 0 1 1]
 [1 1 1 1 1 1 1 1 0 1]
 [1 1 0 1 1 0 1 0 1 1]
 [1 1 1 1 1 0 0 0 1 1]
 [1 1 1 1 1 1 1 1 0 1]
 [1 1 1 1 1 1 1 0 0 1]
 [1 1 1 1 1 0 0 1 0 1]
 [0 1 1 0 1 1 0 0 0 1]
 [1 0 0 1 0 1 0 1 1 1]
 [1 1 0 0 1 1 1 1 1 0]
 [1 1 0 0 1 1 0 1 1 1]
 [0 0 1 1 1 1 1 1 1 1]
 [1 0 1 1 1 1 0 1 0 1]
 [0 1 1 0 0 0 1 1 0 0]
 [1 0 0 1 1 1 0 1 1 1]
 [1 0 0 1 0 1 1 0 1 1]
 [1 1 1 1 1 0 0 1 1 0]
 [1 1 1 0 1 1 1 1 0 1]]
{'restarts': 126, 'conflicts': 58260, 'decisions': 86330, 'propagations': 27014985}
Q is identifiable
branch at 6
runtime for solving id of Q is 5.7651140028610826
Simulation results:
{'J': 50, 'K': 10, 'N': 10, 'p': 0.7, 'seed': 893, 'sim': 3, 'runtime': 5.7651140028610826, 'identifiable': 1, 'branch': 6}
4
Q: [[1 1 0 1 1 1 1 0 1 1]
 [1 1 1 0 0 1 0 1 1 1]
 [1 0 1 1 1 0 1 1 1 1]
 [1 1 1 1 0 1 1 1 1 1]
 [1 1 0 1 1 1 1 1 1 1]
 [1 1 0 0 0 0 0 1 0 1]
 [1 1 0 0 1 1 1 1 1 0]
 [1 1 0 1 1 0 1 1 1 1]
 [1 1 1 0 0 1 1 1 1 1]
 [0 1 1 1 1 0 0 0 1 1]
 [1 1 1 1 0 1 1 1 1 1]
 [1 1 0 0 1 0 0 0 1 1]
 [1 1 1 1 1 1 1 1 0 0]
 [1 1 1 1 1 1 1 1 0 0]
 [1 0 1 1 1 0 1 1 0 1]
 [1 0 1 0 1 1 1 0 0 1]
 [1 0 0 1 1 0 0 1 1 1]
 [0 1 1 1 1 1 1 0 0 0]
 [0 0 1 1 1 1 1 1 0 1]
 [1 1 0 1 1 0 1 1 0 1]
 [1 0 1 1 0 1 1 0 1 1]
 [0 0 0 0 1 1 0 1 1 1]
 [0 1 1 0 0 0 0 1 1 1]
 [0 1 1 1 1 0 0 1 1 1]
 [0 1 0 1 1 1 1 1 1 1]
 [1 0 1 0 1 1 0 1 1 1]
 [1 0 1 1 1 1 1 0 1 0]
 [1 1 1 1 1 0 1 1 1 1]
 [0 0 0 1 0 0 1 1 1 1]
 [0 1 1 1 1 1 0 1 1 1]
 [0 0 0 1 0 1 1 1 0 1]
 [1 0 1 1 0 1 1 1 0 1]
 [1 0 1 1 0 1 1 1 1 1]
 [1 1 1 1 1 1 1 0 1 1]
 [1 0 0 1 1 1 0 0 1 1]
 [0 1 0 1 1 1 1 1 0 1]
 [0 1 1 1 0 0 1 0 1 1]
 [1 1 0 0 1 1 1 1 1 1]
 [0 0 0 1 1 1 1 1 0 1]
 [1 1 1 1 1 1 1 0 0 1]
 [1 1 1 1 0 0 0 0 1 1]
 [1 1 1 1 1 0 1 0 1 1]
 [0 0 1 1 0 1 1 1 1 1]
 [1 0 1 1 1 1 1 1 1 0]
 [1 0 0 1 1 0 1 0 0 1]
 [1 1 1 0 0 1 1 0 1 0]
 [1 1 1 0 1 0 1 0 1 0]
 [0 0 1 0 1 0 1 1 1 1]
 [1 1 1 1 1 1 1 1 1 1]
 [1 0 0 1 1 1 0 1 1 0]]
{'restarts': 31, 'conflicts': 11127, 'decisions': 19645, 'propagations': 5867869}
Q is identifiable
branch at 6
runtime for solving id of Q is 0.8146517723798752
Simulation results:
{'J': 50, 'K': 10, 'N': 10, 'p': 0.7, 'seed': 893, 'sim': 4, 'runtime': 0.8146517723798752, 'identifiable': 1, 'branch': 6}
5
Q: [[0 1 1 1 1 1 1 1 1 0]
 [0 0 1 0 0 0 0 1 1 1]
 [0 1 0 0 1 1 1 1 0 1]
 [0 1 1 1 1 1 1 1 1 1]
 [1 1 1 1 0 1 0 0 1 0]
 [1 0 0 0 1 0 0 1 0 1]
 [1 1 0 1 1 0 1 1 1 0]
 [1 0 1 1 1 1 1 0 1 1]
 [1 1 1 0 1 1 1 1 0 1]
 [1 1 1 1 1 1 1 1 1 1]
 [1 1 1 1 1 0 1 0 1 1]
 [1 1 1 1 1 1 1 0 1 0]
 [1 0 1 0 1 1 1 1 1 0]
 [0 0 1 1 1 1 1 0 1 0]
 [0 0 1 1 1 1 1 1 0 1]
 [1 1 1 1 1 0 0 1 1 1]
 [0 1 1 1 0 1 1 0 0 1]
 [1 1 1 1 1 1 0 1 1 0]
 [1 0 1 0 0 1 0 1 1 1]
 [0 1 1 1 1 1 0 1 1 0]
 [1 1 1 1 1 1 1 0 0 1]
 [1 1 1 0 0 1 1 0 1 0]
 [1 1 0 1 1 1 0 1 1 1]
 [1 0 1 0 0 1 1 1 1 1]
 [1 0 1 0 1 0 1 0 0 1]
 [1 0 1 0 0 0 1 1 1 0]
 [1 1 1 1 0 0 0 1 0 1]
 [1 1 1 0 1 1 0 0 1 1]
 [0 0 1 1 0 1 1 1 1 1]
 [1 1 1 1 1 0 0 1 0 0]
 [1 1 1 1 0 0 0 1 1 1]
 [1 1 1 1 1 0 1 1 0 0]
 [0 1 1 0 1 1 0 1 1 1]
 [1 1 1 1 0 1 1 1 1 1]
 [1 1 1 1 1 1 1 1 1 0]
 [1 1 1 1 1 1 1 0 0 0]
 [1 1 1 1 1 1 1 0 0 1]
 [1 1 1 1 0 1 0 1 1 0]
 [0 1 0 1 1 1 1 1 1 0]
 [1 1 0 0 1 1 1 1 0 0]
 [1 1 1 1 1 1 0 1 1 1]
 [1 1 0 1 1 0 1 1 1 1]
 [0 0 1 0 1 1 1 1 1 1]
 [1 1 1 1 0 0 0 1 1 1]
 [1 0 0 1 1 1 1 1 1 1]
 [1 0 0 1 0 1 0 1 1 1]
 [1 1 1 0 1 0 1 0 0 1]
 [1 0 1 0 0 1 1 1 1 1]
 [0 1 1 1 1 1 1 0 1 0]
 [1 1 0 1 1 1 1 1 1 1]]
{'restarts': 111, 'conflicts': 52782, 'decisions': 75149, 'propagations': 23704870}
Q is identifiable
branch at 6
runtime for solving id of Q is 4.65665627270937
Simulation results:
{'J': 50, 'K': 10, 'N': 10, 'p': 0.7, 'seed': 893, 'sim': 5, 'runtime': 4.65665627270937, 'identifiable': 1, 'branch': 6}
6
Q: [[0 1 1 0 1 1 1 1 1 0]
 [1 1 0 1 1 1 0 0 1 0]
 [1 1 1 1 0 1 0 1 1 0]
 [1 1 0 1 1 1 0 1 0 1]
 [1 1 0 1 1 1 0 0 1 0]
 [1 1 0 1 1 1 0 1 1 1]
 [1 1 0 0 1 0 1 1 1 1]
 [0 1 1 0 1 1 1 1 0 1]
 [1 1 0 1 1 1 0 1 1 1]
 [1 0 0 1 0 0 0 0 1 1]
 [0 1 1 1 1 1 0 1 1 0]
 [0 1 1 0 1 0 1 0 1 1]
 [1 0 1 1 1 1 0 1 0 0]
 [0 1 1 1 1 0 0 1 1 1]
 [0 1 1 1 1 0 1 1 1 1]
 [0 0 1 0 1 0 1 1 1 1]
 [1 1 0 1 0 0 1 1 1 1]
 [0 1 0 1 1 0 1 1 0 1]
 [1 0 1 1 1 1 0 1 1 0]
 [1 0 1 0 1 1 0 0 1 1]
 [1 1 0 1 1 0 1 1 1 1]
 [1 1 0 1 0 1 1 1 0 1]
 [0 0 1 1 0 1 1 1 0 1]
 [1 1 1 1 1 1 1 1 1 1]
 [1 0 1 1 0 1 1 1 1 0]
 [1 1 0 1 1 0 0 1 1 1]
 [1 1 1 1 1 1 1 1 1 1]
 [1 0 0 0 1 0 0 0 1 0]
 [1 1 1 1 1 0 1 1 1 1]
 [1 1 1 1 0 1 0 1 0 1]
 [0 1 1 0 1 1 1 1 1 1]
 [1 1 0 0 1 1 1 1 0 1]
 [1 1 0 1 0 1 1 1 0 1]
 [0 0 1 0 1 1 0 1 0 1]
 [1 1 1 1 1 1 0 1 0 1]
 [0 1 1 1 1 1 0 1 0 1]
 [1 0 1 1 1 1 0 1 1 1]
 [0 1 1 0 1 1 1 1 1 0]
 [0 1 0 1 1 1 0 0 0 0]
 [1 0 1 0 1 1 0 1 1 1]
 [1 1 1 0 1 0 1 1 1 0]
 [1 0 1 1 1 1 0 1 1 1]
 [1 1 0 1 0 1 0 1 1 0]
 [0 0 1 0 1 1 1 1 0 1]
 [1 0 1 1 1 1 1 1 1 1]
 [0 0 0 1 1 1 1 0 0 1]
 [1 0 1 1 0 1 1 1 1 1]
 [0 1 0 1 1 1 1 0 1 1]
 [1 1 1 1 0 1 0 1 0 1]
 [0 1 0 1 1 1 1 1 1 1]]
{'restarts': 44, 'conflicts': 18211, 'decisions': 28888, 'propagations': 7726547}
Q is identifiable
branch at 6
runtime for solving id of Q is 1.2747639315202832
Simulation results:
{'J': 50, 'K': 10, 'N': 10, 'p': 0.7, 'seed': 893, 'sim': 6, 'runtime': 1.2747639315202832, 'identifiable': 1, 'branch': 6}
7
Q: [[0 1 1 1 1 1 1 1 1 1]
 [0 1 1 0 0 1 1 1 1 0]
 [1 1 1 1 0 1 0 0 1 1]
 [1 1 0 0 1 0 1 1 1 1]
 [1 1 0 1 1 1 0 1 0 0]
 [0 1 1 0 1 1 1 0 0 1]
 [1 1 1 0 0 1 1 1 0 1]
 [1 1 1 1 1 1 1 1 1 1]
 [1 1 0 1 0 0 0 1 1 1]
 [1 1 1 0 1 1 1 1 1 0]
 [0 1 1 0 1 1 0 1 1 0]
 [1 1 1 1 1 0 1 1 1 1]
 [0 1 1 1 1 0 1 1 0 1]
 [1 0 1 1 1 1 1 0 1 0]
 [1 1 0 0 0 0 1 1 0 1]
 [0 1 1 0 0 1 1 1 1 1]
 [1 0 1 0 1 0 1 0 1 1]
 [0 1 1 1 1 1 0 0 0 0]
 [1 1 1 1 1 1 1 1 1 0]
 [1 1 1 1 0 1 1 1 1 1]
 [0 1 0 0 1 1 0 1 1 1]
 [1 0 1 1 1 1 1 0 1 1]
 [0 0 1 1 1 1 1 1 1 1]
 [0 0 0 1 1 1 0 0 0 1]
 [1 1 1 1 1 1 1 0 1 1]
 [1 1 0 1 1 1 1 1 1 0]
 [0 1 1 0 0 1 1 0 0 1]
 [1 1 1 0 1 1 1 1 1 1]
 [1 1 0 1 1 1 0 1 1 1]
 [0 1 1 1 0 1 1 1 1 1]
 [1 0 0 0 0 1 0 0 1 1]
 [0 1 1 1 0 1 1 0 1 1]
 [0 1 0 1 1 0 0 1 0 1]
 [0 1 1 1 1 1 1 1 1 1]
 [1 1 0 1 0 0 1 1 0 1]
 [1 0 0 0 0 0 0 1 1 1]
 [1 1 1 0 1 0 1 1 0 1]
 [1 1 1 1 1 0 1 1 1 1]
 [1 0 0 1 0 1 1 0 0 1]
 [0 1 1 1 0 0 0 1 1 1]
 [0 1 0 0 0 1 1 1 1 0]
 [1 0 1 1 0 1 1 1 1 1]
 [0 0 1 0 1 0 1 0 1 1]
 [0 1 1 1 1 1 0 1 1 1]
 [0 1 1 1 1 1 1 1 1 1]
 [0 0 1 1 1 0 1 1 1 0]
 [1 0 1 1 1 1 0 0 1 1]
 [0 1 0 1 1 1 1 1 1 1]
 [1 0 1 0 1 0 1 1 1 1]
 [1 0 1 0 1 1 1 1 0 0]]
{'restarts': 25, 'conflicts': 8439, 'decisions': 14522, 'propagations': 3991339}
Q is identifiable
branch at 6
runtime for solving id of Q is 0.6352234100922942
Simulation results:
{'J': 50, 'K': 10, 'N': 10, 'p': 0.7, 'seed': 893, 'sim': 7, 'runtime': 0.6352234100922942, 'identifiable': 1, 'branch': 6}
8
Q: [[0 0 1 1 1 1 1 0 0 1]
 [0 1 1 0 1 0 1 0 0 1]
 [1 1 1 1 1 1 1 1 0 1]
 [1 1 1 0 1 1 1 0 1 1]
 [1 0 0 1 1 1 0 0 1 0]
 [1 0 1 0 0 1 1 1 0 0]
 [0 0 1 0 1 1 0 1 1 1]
 [1 1 1 1 1 1 1 0 1 1]
 [1 0 1 0 0 0 1 1 0 0]
 [0 1 1 0 0 1 1 1 0 1]
 [1 1 1 1 0 0 1 1 0 1]
 [1 1 0 1 0 1 1 1 1 0]
 [1 1 0 1 1 0 1 0 1 0]
 [1 0 1 0 0 1 0 1 0 1]
 [0 1 1 1 0 1 0 1 1 1]
 [1 1 1 0 1 0 1 1 0 1]
 [1 1 1 1 1 1 0 1 0 1]
 [1 1 1 1 1 1 1 0 1 1]
 [1 1 0 1 1 1 0 1 1 1]
 [0 0 0 0 0 0 1 0 0 1]
 [1 0 1 0 0 1 1 0 0 1]
 [1 0 1 0 1 0 1 1 1 1]
 [1 1 1 1 0 1 0 0 0 0]
 [1 0 0 0 1 1 1 1 0 1]
 [0 1 1 0 1 1 1 1 0 1]
 [1 1 0 1 1 1 1 1 1 1]
 [1 1 1 0 0 0 1 0 0 1]
 [1 1 1 0 1 1 1 1 1 0]
 [0 0 1 1 1 1 1 1 1 1]
 [1 0 1 1 0 1 1 1 1 1]
 [1 0 1 1 1 1 0 1 0 1]
 [0 0 1 1 1 1 0 1 0 0]
 [1 0 1 1 1 0 0 0 0 1]
 [1 1 1 1 1 1 1 1 0 1]
 [1 1 0 1 1 1 1 1 1 1]
 [1 1 0 0 0 1 0 1 1 1]
 [0 1 0 0 1 1 1 1 1 1]
 [1 1 0 1 0 0 1 1 0 1]
 [1 1 1 1 1 0 0 0 0 0]
 [0 1 1 1 1 0 0 0 1 0]
 [1 1 0 0 1 1 0 0 1 1]
 [0 1 1 1 1 1 1 0 0 1]
 [1 0 1 1 1 1 1 1 1 1]
 [1 1 1 1 1 0 0 1 0 1]
 [0 0 1 0 0 0 1 1 1 1]
 [1 0 0 1 1 1 0 0 0 1]
 [0 1 1 0 1 1 1 1 0 0]
 [1 1 1 0 0 0 0 1 1 1]
 [1 1 0 0 1 1 1 0 0 1]
 [1 1 1 1 1 1 1 1 0 1]]
{'restarts': 20, 'conflicts': 7198, 'decisions': 12719, 'propagations': 4084481}
Q is identifiable
branch at 6
runtime for solving id of Q is 0.6148465042933822
Simulation results:
{'J': 50, 'K': 10, 'N': 10, 'p': 0.7, 'seed': 893, 'sim': 8, 'runtime': 0.6148465042933822, 'identifiable': 1, 'branch': 6}
9
Q: [[1 0 0 1 1 1 1 1 1 0]
 [1 0 1 1 0 0 1 0 1 1]
 [0 1 1 0 1 1 0 1 1 1]
 [1 1 1 1 1 1 1 1 1 1]
 [1 1 1 1 1 1 1 1 0 1]
 [1 1 1 0 0 1 1 1 0 0]
 [1 1 1 1 1 0 0 1 1 1]
 [1 1 0 0 1 1 1 1 1 1]
 [1 0 0 1 1 0 1 0 1 1]
 [0 1 1 1 1 0 0 1 1 0]
 [1 1 1 1 1 0 1 1 1 1]
 [0 1 1 1 1 1 0 1 1 1]
 [1 1 1 1 1 1 1 1 1 1]
 [1 1 1 1 0 0 1 1 1 1]
 [1 1 1 1 1 1 1 0 1 1]
 [1 1 1 0 1 1 0 1 1 1]
 [1 0 1 1 1 1 1 0 0 0]
 [1 1 0 1 1 1 1 0 1 1]
 [1 1 1 0 1 0 1 1 1 1]
 [0 0 1 0 1 1 1 0 0 1]
 [0 0 1 1 1 1 1 0 1 1]
 [0 1 1 1 0 1 1 0 0 1]
 [1 1 1 0 1 1 0 1 0 1]
 [1 1 0 0 0 0 1 1 1 1]
 [1 1 1 0 1 1 0 0 1 1]
 [1 0 0 1 1 0 1 1 0 1]
 [0 1 1 1 1 1 1 1 1 0]
 [1 1 0 0 0 0 0 1 0 1]
 [1 1 1 0 1 1 1 0 1 1]
 [0 1 0 1 1 1 0 1 0 1]
 [1 0 0 0 1 1 1 1 1 0]
 [0 0 0 1 1 1 0 1 1 1]
 [1 1 0 1 0 0 1 1 1 1]
 [0 1 1 0 0 1 0 1 1 0]
 [1 1 0 1 1 1 0 1 1 0]
 [1 1 1 1 0 1 1 1 1 1]
 [0 1 0 1 0 1 0 1 1 1]
 [0 1 1 1 0 1 0 1 1 1]
 [1 1 1 0 1 1 1 0 0 0]
 [1 0 1 1 1 0 0 1 1 1]
 [1 1 1 1 1 1 1 0 1 0]
 [1 1 1 0 0 1 1 1 1 1]
 [0 1 0 0 1 0 1 1 1 1]
 [1 1 1 1 1 1 0 1 1 1]
 [1 1 1 1 1 0 1 0 1 1]
 [0 1 0 1 1 1 1 1 0 1]
 [1 1 1 1 1 1 1 1 1 0]
 [1 1 1 1 1 1 1 1 1 1]
 [0 1 0 1 1 0 1 1 1 1]
 [1 1 1 1 0 1 1 1 1 0]]
{'restarts': 205, 'conflicts': 84373, 'decisions': 126710, 'propagations': 41767813}
Q is identifiable
branch at 6
runtime for solving id of Q is 8.14358383975923
Simulation results:
{'J': 50, 'K': 10, 'N': 10, 'p': 0.7, 'seed': 893, 'sim': 9, 'runtime': 8.14358383975923, 'identifiable': 1, 'branch': 6}
Simulation results:
[{'J': 50, 'K': 10, 'N': 10, 'p': 0.7, 'seed': 893, 'sim': 0, 'runtime': 3.564247814938426, 'identifiable': 1, 'branch': 6}, {'J': 50, 'K': 10, 'N': 10, 'p': 0.7, 'seed': 893, 'sim': 1, 'runtime': 6.311000113375485, 'identifiable': 1, 'branch': 6}, {'J': 50, 'K': 10, 'N': 10, 'p': 0.7, 'seed': 893, 'sim': 2, 'runtime': 16.2800612449646, 'identifiable': 1, 'branch': 6}, {'J': 50, 'K': 10, 'N': 10, 'p': 0.7, 'seed': 893, 'sim': 3, 'runtime': 5.7651140028610826, 'identifiable': 1, 'branch': 6}, {'J': 50, 'K': 10, 'N': 10, 'p': 0.7, 'seed': 893, 'sim': 4, 'runtime': 0.8146517723798752, 'identifiable': 1, 'branch': 6}, {'J': 50, 'K': 10, 'N': 10, 'p': 0.7, 'seed': 893, 'sim': 5, 'runtime': 4.65665627270937, 'identifiable': 1, 'branch': 6}, {'J': 50, 'K': 10, 'N': 10, 'p': 0.7, 'seed': 893, 'sim': 6, 'runtime': 1.2747639315202832, 'identifiable': 1, 'branch': 6}, {'J': 50, 'K': 10, 'N': 10, 'p': 0.7, 'seed': 893, 'sim': 7, 'runtime': 0.6352234100922942, 'identifiable': 1, 'branch': 6}, {'J': 50, 'K': 10, 'N': 10, 'p': 0.7, 'seed': 893, 'sim': 8, 'runtime': 0.6148465042933822, 'identifiable': 1, 'branch': 6}, {'J': 50, 'K': 10, 'N': 10, 'p': 0.7, 'seed': 893, 'sim': 9, 'runtime': 8.14358383975923, 'identifiable': 1, 'branch': 6}]
