
The Gurobi software has a limited number of licenses. To request a license or
licenses, add this line

    #SBATCH --licenses=gurobi@slurmdb:1

to your SBATCH script, replacing N with the number of licenses you need. Gurobi
will need one license per process.


0
Q: [[1 0 1 1 1 0 1 1 1 1]
 [1 1 0 1 0 0 1 0 1 1]
 [0 1 1 1 0 1 0 1 1 1]
 [1 1 0 0 0 1 0 0 0 1]
 [1 1 0 1 1 1 1 1 0 1]
 [1 1 1 1 1 1 1 0 1 0]
 [1 1 0 1 1 1 0 1 0 0]
 [0 1 0 1 1 0 0 0 1 1]
 [1 0 0 1 1 1 1 0 0 0]
 [1 1 1 0 1 0 1 1 1 1]
 [0 0 1 0 1 1 1 0 0 1]
 [0 0 0 1 0 1 1 1 1 1]
 [1 0 1 1 1 1 1 1 1 1]
 [1 1 1 1 1 1 0 0 1 1]
 [1 1 0 1 0 0 1 0 0 1]
 [0 1 0 0 1 1 1 1 0 1]
 [1 1 1 1 1 1 1 0 1 1]
 [0 1 1 1 1 1 0 1 1 1]
 [0 1 1 1 1 1 1 1 0 1]
 [1 0 1 0 0 0 1 1 1 1]
 [1 1 0 0 0 0 0 1 1 0]
 [0 1 1 1 1 0 1 0 1 1]
 [1 1 1 1 1 1 1 0 1 0]
 [1 0 0 1 0 1 0 0 1 1]
 [0 0 1 0 1 1 1 1 1 0]]
{'restarts': 89, 'conflicts': 33132, 'decisions': 51081, 'propagations': 9136752}
Q is identifiable
branch at 6
runtime for solving id of Q is 2.0078414569143206
Simulation results:
{'J': 25, 'K': 10, 'N': 10, 'p': 0.7, 'seed': 34, 'sim': 0, 'runtime': 2.0078414569143206, 'identifiable': 1, 'branch': 6}
1
Q: [[0 1 1 0 1 0 1 0 1 1]
 [1 1 0 1 1 1 1 1 1 1]
 [1 1 0 1 0 1 1 1 1 1]
 [0 1 0 1 1 0 0 1 1 1]
 [1 0 0 1 1 0 0 1 0 1]
 [1 1 1 0 1 0 1 0 1 0]
 [1 0 1 1 0 0 0 1 1 1]
 [1 1 1 1 1 1 0 1 0 0]
 [1 1 1 1 1 0 1 1 1 1]
 [1 1 1 1 1 0 1 0 1 1]
 [0 1 1 1 1 1 1 1 1 0]
 [1 1 1 0 1 0 0 1 0 1]
 [1 1 1 1 1 1 0 0 1 0]
 [0 0 1 1 1 1 1 1 1 1]
 [1 1 1 0 1 0 1 1 1 0]
 [1 0 1 0 1 1 0 0 0 0]
 [0 1 0 1 1 0 1 1 1 1]
 [1 1 1 1 1 1 0 1 1 1]
 [1 1 1 0 1 0 1 0 0 0]
 [0 0 1 1 0 1 1 0 0 1]
 [1 1 0 1 1 1 1 0 1 1]
 [0 1 0 1 1 0 0 1 1 1]
 [1 1 1 1 1 0 1 1 1 0]
 [1 1 0 1 1 1 1 1 1 1]
 [1 1 1 1 1 0 1 1 1 1]]
Q is not identifiable (three-column submatrix not identifiable).
Q is not identifiable, and Q_bar is [[0 1 1 0 1 0 1 0 1 1]
 [1 1 0 1 1 1 1 1 1 1]
 [1 1 0 1 0 1 1 1 1 1]
 [0 1 0 1 1 0 0 1 1 1]
 [1 0 0 1 1 0 0 1 0 1]
 [1 1 1 0 1 0 1 0 1 0]
 [1 0 1 1 0 0 0 1 1 1]
 [1 1 1 1 1 1 0 1 0 0]
 [1 1 1 1 1 0 1 1 1 1]
 [1 1 1 1 1 0 1 0 1 1]
 [0 1 1 1 1 1 1 1 1 0]
 [1 1 1 0 1 0 0 1 0 1]
 [1 1 1 1 1 1 0 0 1 0]
 [0 0 1 1 1 1 1 1 1 1]
 [1 1 1 0 1 0 1 1 1 0]
 [1 0 1 0 1 1 0 0 0 0]
 [0 1 0 1 1 0 1 1 1 1]
 [1 1 1 1 1 1 0 1 1 1]
 [1 1 1 0 1 0 1 0 0 0]
 [1 0 1 1 0 1 1 0 0 1]
 [1 1 0 1 1 1 1 0 1 1]
 [0 1 0 1 1 0 0 1 1 1]
 [1 1 1 1 1 0 1 1 1 0]
 [1 1 0 1 1 1 1 1 1 1]
 [1 1 1 1 1 0 1 1 1 1]]
branch at 3
runtime for solving id of Q is 0.0026273359544575214
Simulation results:
{'J': 25, 'K': 10, 'N': 10, 'p': 0.7, 'seed': 34, 'sim': 1, 'runtime': 0.0026273359544575214, 'identifiable': 0, 'branch': 3}
2
Q: [[1 1 0 0 1 0 1 0 1 1]
 [1 1 0 1 0 0 1 1 1 1]
 [1 1 1 1 1 1 1 1 1 1]
 [1 0 1 1 1 1 1 0 1 0]
 [1 1 1 1 1 1 1 1 1 1]
 [0 0 1 1 0 1 1 1 1 1]
 [0 1 0 0 1 0 1 1 1 1]
 [1 0 1 1 0 0 1 1 0 0]
 [0 1 1 0 1 1 1 0 1 0]
 [1 0 1 1 1 0 1 0 1 1]
 [1 1 1 1 1 0 1 0 1 1]
 [1 1 1 1 1 1 1 1 0 1]
 [1 1 0 0 1 0 0 0 1 1]
 [0 1 1 1 1 1 1 0 1 0]
 [1 0 1 0 1 1 1 0 0 1]
 [1 0 1 0 1 1 1 1 1 1]
 [1 1 1 1 1 1 1 1 1 1]
 [1 1 0 1 0 1 1 0 1 0]
 [1 1 1 1 0 0 1 1 1 0]
 [0 1 1 0 0 1 1 1 1 1]
 [0 0 1 1 0 1 1 1 1 1]
 [1 0 0 1 1 1 1 0 1 1]
 [0 1 1 0 1 1 1 0 1 1]
 [0 0 0 1 1 1 1 0 0 1]
 [0 1 1 0 1 1 1 1 1 0]]
Q is not identifiable (two-column submatrix not identifiable).
Q is not identifiable, and Q_bar is [[1 1 0 0 1 0 1 0 1 1]
 [1 1 0 1 0 0 1 1 1 1]
 [1 1 1 1 1 1 1 1 1 1]
 [1 0 1 1 1 1 0 0 1 0]
 [1 1 1 1 1 1 1 1 1 1]
 [0 0 1 1 0 1 0 1 1 1]
 [0 1 0 0 1 0 1 1 1 1]
 [1 0 1 1 0 0 0 1 0 0]
 [0 1 1 0 1 1 0 0 1 0]
 [1 0 1 1 1 0 0 0 1 1]
 [1 1 1 1 1 0 0 0 1 1]
 [1 1 1 1 1 1 0 1 0 1]
 [1 1 0 0 1 0 0 0 1 1]
 [0 1 1 1 1 1 0 0 1 0]
 [1 0 1 0 1 1 0 0 0 1]
 [1 0 1 0 1 1 0 1 1 1]
 [1 1 1 1 1 1 1 1 1 1]
 [1 1 0 1 0 1 1 0 1 0]
 [1 1 1 1 0 0 0 1 1 0]
 [0 1 1 0 0 1 0 1 1 1]
 [0 0 1 1 0 1 0 1 1 1]
 [1 0 0 1 1 1 1 0 1 1]
 [0 1 1 0 1 1 0 0 1 1]
 [0 0 0 1 1 1 1 0 0 1]
 [0 1 1 0 1 1 0 1 1 0]]
branch at 2
runtime for solving id of Q is 0.001647555036470294
Simulation results:
{'J': 25, 'K': 10, 'N': 10, 'p': 0.7, 'seed': 34, 'sim': 2, 'runtime': 0.001647555036470294, 'identifiable': 0, 'branch': 2}
3
Q: [[1 1 1 1 1 1 1 0 1 1]
 [1 1 1 1 1 1 1 0 1 1]
 [1 1 0 0 1 1 1 1 0 1]
 [1 0 1 1 0 1 1 1 1 1]
 [1 1 0 1 0 0 1 0 1 1]
 [1 1 1 1 1 1 0 1 1 1]
 [1 1 1 0 1 1 1 0 0 1]
 [1 0 0 1 1 1 0 1 0 1]
 [1 1 1 1 1 1 1 1 1 1]
 [1 1 1 0 1 1 1 1 1 0]
 [0 1 1 1 1 1 0 1 1 1]
 [1 1 0 1 1 1 1 1 1 1]
 [1 0 1 1 1 1 0 0 1 1]
 [1 1 1 1 1 1 1 0 1 1]
 [1 0 1 1 0 0 0 1 1 1]
 [1 1 0 1 1 0 1 1 1 1]
 [1 0 1 0 1 1 1 1 0 1]
 [0 1 0 0 1 1 1 0 0 1]
 [1 1 1 1 1 0 1 0 1 1]
 [1 1 1 1 1 1 0 1 1 1]
 [1 1 1 0 1 1 1 0 1 1]
 [0 1 1 0 1 0 1 0 0 1]
 [1 0 1 0 0 1 1 0 0 0]
 [1 0 1 1 1 0 1 0 1 1]
 [1 1 1 1 0 1 1 1 1 1]]
Q is not identifiable (two-column submatrix not identifiable).
Q is not identifiable, and Q_bar is [[1 1 1 1 1 1 1 0 1 1]
 [1 1 1 1 1 1 1 0 1 1]
 [1 1 0 0 1 1 1 1 0 1]
 [1 0 1 1 0 1 1 1 1 0]
 [1 1 0 1 0 0 1 0 1 0]
 [1 1 1 1 1 1 0 1 1 0]
 [1 1 1 0 1 1 1 0 0 1]
 [1 0 0 1 1 1 0 1 0 0]
 [1 1 1 1 1 1 1 1 1 1]
 [1 1 1 0 1 1 1 1 1 0]
 [0 1 1 1 1 1 0 1 1 0]
 [1 1 0 1 1 1 1 1 1 0]
 [1 0 1 1 1 1 0 0 1 0]
 [1 1 1 1 1 1 1 0 1 1]
 [1 0 1 1 0 0 0 1 1 0]
 [1 1 0 1 1 0 1 1 1 0]
 [1 0 1 0 1 1 1 1 0 1]
 [0 1 0 0 1 1 1 0 0 1]
 [1 1 1 1 1 0 1 0 1 1]
 [1 1 1 1 1 1 0 1 1 0]
 [1 1 1 0 1 1 1 0 1 1]
 [0 1 1 0 1 0 1 0 0 1]
 [1 0 1 0 0 1 1 0 0 0]
 [1 0 1 1 1 0 1 0 1 0]
 [1 1 1 1 0 1 1 1 1 0]]
branch at 2
runtime for solving id of Q is 0.0014045399148017168
Simulation results:
{'J': 25, 'K': 10, 'N': 10, 'p': 0.7, 'seed': 34, 'sim': 3, 'runtime': 0.0014045399148017168, 'identifiable': 0, 'branch': 2}
4
Q: [[1 1 1 1 0 1 1 1 1 0]
 [1 1 0 1 0 1 1 1 1 1]
 [1 1 1 0 1 1 1 1 1 1]
 [1 1 1 1 1 0 1 1 0 0]
 [1 0 1 1 1 1 1 1 0 0]
 [0 0 1 1 1 0 0 1 1 1]
 [0 1 1 1 1 1 0 1 0 1]
 [0 1 0 1 1 1 1 1 1 0]
 [1 1 0 1 1 1 1 0 1 1]
 [0 1 0 0 1 1 1 1 1 0]
 [0 0 1 1 1 1 1 0 1 0]
 [1 1 1 1 1 0 1 1 1 1]
 [1 1 0 1 0 1 0 1 1 1]
 [0 0 0 1 0 1 1 1 1 1]
 [1 1 1 1 0 0 0 0 1 1]
 [1 0 0 1 1 1 1 1 1 1]
 [1 1 1 0 1 1 1 1 1 1]
 [1 1 0 1 1 1 1 1 1 1]
 [1 1 1 1 0 1 0 1 0 1]
 [0 1 0 1 1 1 0 1 1 1]
 [1 1 0 1 0 1 0 0 1 1]
 [1 0 0 1 1 1 0 1 1 1]
 [1 1 1 1 1 1 1 0 1 0]
 [1 1 1 1 1 1 1 1 1 1]
 [1 0 0 1 0 1 1 1 1 1]]
Q is not identifiable (three-column submatrix not identifiable).
Q is not identifiable, and Q_bar is [[1 1 1 1 0 1 1 1 1 0]
 [1 1 0 1 0 1 1 0 1 1]
 [1 1 1 0 1 1 1 1 1 1]
 [1 1 1 1 1 0 1 1 0 0]
 [1 0 1 1 1 1 1 1 0 0]
 [0 0 1 1 1 0 0 1 1 1]
 [0 1 1 1 1 1 0 1 0 1]
 [0 1 0 1 1 1 1 1 1 0]
 [1 1 0 1 1 1 1 0 1 1]
 [0 1 0 0 1 1 1 1 1 0]
 [0 0 1 1 1 1 1 0 1 0]
 [1 1 1 1 1 0 1 1 1 1]
 [1 1 0 1 0 1 0 1 1 1]
 [0 0 0 1 0 1 1 0 0 1]
 [1 1 1 1 0 0 0 0 1 1]
 [1 0 0 1 1 1 1 1 1 1]
 [1 1 1 0 1 1 1 1 1 1]
 [1 1 0 1 1 1 1 1 1 1]
 [1 1 1 1 0 1 0 1 0 1]
 [0 1 0 1 1 1 0 1 1 1]
 [1 1 0 1 0 1 0 0 1 1]
 [1 0 0 1 1 1 0 1 1 1]
 [1 1 1 1 1 1 1 0 1 0]
 [1 1 1 1 1 1 1 1 1 1]
 [1 0 0 1 0 1 1 1 1 1]]
branch at 3
runtime for solving id of Q is 0.002918182872235775
Simulation results:
{'J': 25, 'K': 10, 'N': 10, 'p': 0.7, 'seed': 34, 'sim': 4, 'runtime': 0.002918182872235775, 'identifiable': 0, 'branch': 3}
5
Q: [[0 0 1 0 1 0 1 1 1 0]
 [1 1 0 0 1 1 0 1 1 1]
 [1 1 1 1 0 1 0 1 1 0]
 [1 1 0 1 1 0 1 1 0 1]
 [1 0 1 1 1 0 1 1 1 1]
 [1 0 1 0 1 1 1 0 1 1]
 [0 1 0 1 1 1 1 1 1 1]
 [0 1 1 1 1 1 1 1 0 0]
 [0 1 1 1 0 1 1 0 0 1]
 [0 0 0 1 0 0 1 1 1 1]
 [1 0 0 1 1 1 1 0 0 0]
 [1 0 1 1 0 1 0 1 1 1]
 [1 0 1 1 1 1 1 1 1 1]
 [0 0 1 0 0 0 0 1 1 1]
 [0 1 0 1 0 0 1 0 1 1]
 [0 1 1 1 1 1 1 0 0 1]
 [1 1 1 1 1 1 1 0 0 0]
 [1 1 0 1 0 0 1 1 1 0]
 [1 1 1 1 1 0 1 1 1 1]
 [1 0 0 0 0 1 1 1 1 1]
 [1 1 1 0 1 1 0 1 0 1]
 [1 1 0 1 1 0 1 1 1 1]
 [1 1 0 1 1 1 1 1 0 0]
 [0 1 0 1 0 1 0 1 1 1]
 [1 0 1 0 1 0 1 0 0 0]]
{'restarts': 18, 'conflicts': 7989, 'decisions': 13960, 'propagations': 2241354}
Q is identifiable
branch at 6
runtime for solving id of Q is 0.46181424986571074
Simulation results:
{'J': 25, 'K': 10, 'N': 10, 'p': 0.7, 'seed': 34, 'sim': 5, 'runtime': 0.46181424986571074, 'identifiable': 1, 'branch': 6}
6
Q: [[0 1 1 1 0 1 1 0 1 1]
 [1 0 1 0 1 0 1 1 0 1]
 [1 1 1 1 1 1 1 1 1 1]
 [0 0 1 1 1 0 1 1 0 1]
 [0 1 1 1 0 1 1 1 0 0]
 [1 0 1 1 1 0 0 1 1 0]
 [0 1 1 1 1 1 1 1 0 0]
 [0 1 1 0 1 0 0 0 0 1]
 [1 1 0 1 1 1 1 0 0 0]
 [1 1 1 0 1 1 1 1 1 0]
 [0 1 0 1 1 1 0 1 1 1]
 [0 0 1 1 1 1 1 1 1 1]
 [1 1 1 0 1 1 1 1 0 1]
 [1 0 1 1 1 1 0 1 0 0]
 [0 1 1 1 1 1 1 1 0 1]
 [0 1 1 0 0 1 1 0 0 1]
 [0 0 1 1 1 1 1 0 1 1]
 [1 0 1 1 1 1 1 1 0 1]
 [1 1 1 1 1 1 1 1 1 0]
 [1 0 0 1 1 0 1 1 1 0]
 [1 1 0 1 0 0 0 1 1 1]
 [1 1 1 1 1 1 1 1 1 1]
 [1 1 0 0 0 0 1 1 1 1]
 [1 1 1 0 1 1 1 1 1 1]
 [1 1 1 0 0 1 0 0 0 0]]
{'restarts': 533, 'conflicts': 156175, 'decisions': 215983, 'propagations': 34550971}
Q is not identifiable, and Q_bar is [[0 0 0 0 0 0 1 1 1 1]
 [0 1 0 0 1 0 0 0 0 1]
 [0 1 1 1 1 1 1 1 0 1]
 [0 0 0 1 1 0 0 0 0 1]
 [0 0 0 1 0 0 0 0 1 1]
 [0 1 0 1 0 1 0 0 0 0]
 [0 0 1 1 0 0 0 0 1 1]
 [0 0 0 0 1 0 0 1 0 0]
 [1 0 1 0 0 0 0 0 0 1]
 [1 1 0 0 0 1 0 0 1 1]
 [0 0 1 0 0 1 0 1 0 0]
 [0 0 1 1 1 0 1 0 0 1]
 [0 1 0 0 1 0 0 1 1 1]
 [0 1 1 1 0 0 0 0 0 0]
 [0 0 0 1 1 0 0 1 1 1]
 [0 0 0 0 0 0 0 1 1 1]
 [0 0 1 0 1 0 1 0 0 1]
 [0 1 1 1 1 0 0 0 0 1]
 [0 1 0 1 0 1 1 0 1 1]
 [0 1 0 0 0 1 1 0 0 1]
 [1 0 0 0 0 1 1 1 0 0]
 [0 1 1 1 1 1 1 1 0 1]
 [1 0 0 0 0 1 0 1 0 1]
 [1 0 0 0 1 1 0 1 1 1]
 [1 0 0 0 0 0 0 0 1 0]]
branch at 5
runtime for solving id of Q is 12.296114576980472
Simulation results:
{'J': 25, 'K': 10, 'N': 10, 'p': 0.7, 'seed': 34, 'sim': 6, 'runtime': 12.296114576980472, 'identifiable': 0, 'branch': 5}
7
Q: [[1 1 1 0 1 1 0 1 1 1]
 [1 1 1 1 1 1 1 1 0 1]
 [0 1 1 1 1 1 1 1 1 1]
 [0 1 1 1 0 0 0 1 1 1]
 [0 1 0 0 1 1 1 1 1 1]
 [1 1 1 1 1 1 1 1 1 1]
 [0 1 0 1 0 1 0 0 1 0]
 [0 1 0 1 1 0 1 1 1 1]
 [1 1 1 1 1 1 0 1 0 0]
 [1 0 1 1 0 1 1 1 0 1]
 [1 1 1 1 1 0 1 1 1 1]
 [1 0 1 0 1 1 1 0 1 1]
 [1 0 1 1 1 1 1 1 0 1]
 [1 1 1 0 1 1 0 0 1 1]
 [0 1 1 1 0 0 1 1 1 1]
 [1 1 1 0 0 1 1 0 1 1]
 [1 1 0 1 0 1 0 0 1 1]
 [0 1 1 1 0 1 1 0 1 1]
 [1 1 1 1 1 1 0 1 1 1]
 [1 1 1 0 1 1 0 0 0 1]
 [0 0 1 1 1 1 1 1 0 1]
 [1 1 1 0 1 1 1 1 0 1]
 [0 0 1 1 1 1 1 0 1 1]
 [0 1 0 1 1 1 0 0 1 1]
 [1 1 1 0 1 1 0 0 1 1]]
Q is not identifiable (two-column submatrix not identifiable).
Q is not identifiable, and Q_bar is [[1 1 1 0 1 1 0 1 1 1]
 [1 1 1 1 1 1 1 1 0 1]
 [0 1 1 1 1 1 1 1 1 0]
 [0 1 1 1 0 0 0 1 1 1]
 [0 1 0 0 1 1 1 1 1 0]
 [1 1 1 1 1 1 1 1 1 0]
 [0 1 0 1 0 1 0 0 1 0]
 [0 1 0 1 1 0 1 1 1 0]
 [1 1 1 1 1 1 0 1 0 0]
 [1 0 1 1 0 1 1 1 0 0]
 [1 1 1 1 1 0 1 1 1 0]
 [1 0 1 0 1 1 1 0 1 0]
 [1 0 1 1 1 1 1 1 0 0]
 [1 1 1 0 1 1 0 0 1 1]
 [0 1 1 1 0 0 1 1 1 0]
 [1 1 1 0 0 1 1 0 1 0]
 [1 1 0 1 0 1 0 0 1 1]
 [0 1 1 1 0 1 1 0 1 0]
 [1 1 1 1 1 1 0 1 1 1]
 [1 1 1 0 1 1 0 0 0 1]
 [0 0 1 1 1 1 1 1 0 0]
 [1 1 1 0 1 1 1 1 0 0]
 [0 0 1 1 1 1 1 0 1 0]
 [0 1 0 1 1 1 0 0 1 1]
 [1 1 1 0 1 1 0 0 1 1]]
branch at 2
runtime for solving id of Q is 0.0020184728782624006
Simulation results:
{'J': 25, 'K': 10, 'N': 10, 'p': 0.7, 'seed': 34, 'sim': 7, 'runtime': 0.0020184728782624006, 'identifiable': 0, 'branch': 2}
8
Q: [[1 0 1 1 0 1 1 1 0 1]
 [0 1 1 1 1 1 1 1 0 1]
 [1 0 1 1 1 0 1 1 1 1]
 [1 1 0 0 1 1 1 0 0 1]
 [1 1 1 1 1 1 0 1 1 1]
 [1 1 0 0 1 0 0 1 1 1]
 [1 0 1 1 1 1 1 1 1 1]
 [0 1 1 1 1 0 1 0 1 1]
 [0 1 1 1 1 0 0 0 1 1]
 [1 1 1 1 1 1 1 1 1 0]
 [1 1 1 1 1 1 1 0 1 1]
 [1 1 1 1 1 0 1 1 1 1]
 [0 1 1 1 1 1 0 0 1 1]
 [0 0 1 1 1 1 0 0 0 0]
 [1 1 1 1 0 1 1 1 0 1]
 [1 1 1 1 1 1 1 0 1 1]
 [1 1 1 1 1 1 1 1 1 1]
 [1 1 1 0 1 1 1 1 1 1]
 [1 1 1 0 0 1 1 1 0 1]
 [1 1 1 1 1 1 1 0 1 1]
 [1 1 1 0 1 1 1 0 0 0]
 [0 1 1 1 0 1 1 0 1 1]
 [1 1 0 0 0 1 0 1 0 1]
 [1 0 0 1 1 1 0 1 1 1]
 [1 0 1 1 1 1 1 1 1 1]]
Q is not identifiable (three-column submatrix not identifiable).
Q is not identifiable, and Q_bar is [[1 0 1 1 0 1 1 1 0 1]
 [0 1 1 1 1 1 1 1 0 1]
 [1 0 1 1 1 0 1 1 1 1]
 [1 1 0 0 1 1 1 0 0 1]
 [1 1 1 1 1 1 0 1 1 1]
 [1 1 0 0 1 0 0 1 1 1]
 [1 0 1 1 1 1 1 1 1 1]
 [0 1 1 1 1 0 1 0 1 1]
 [0 1 1 1 1 0 0 0 1 1]
 [1 1 1 1 1 1 1 1 1 0]
 [1 1 1 1 1 1 1 0 1 1]
 [1 1 1 1 1 0 1 1 1 1]
 [1 1 1 1 1 1 0 0 1 1]
 [1 0 1 1 1 1 0 0 0 0]
 [1 1 1 1 0 1 1 1 0 1]
 [1 1 1 1 1 1 1 0 1 1]
 [1 1 1 1 1 1 1 1 1 1]
 [1 1 1 0 1 1 1 1 1 1]
 [1 1 1 0 0 1 1 1 0 1]
 [1 1 1 1 1 1 1 0 1 1]
 [1 1 1 0 1 1 1 0 0 0]
 [0 1 1 1 0 1 1 0 1 1]
 [1 1 0 0 0 1 0 1 0 1]
 [1 0 0 1 1 1 0 1 1 1]
 [1 0 1 1 1 1 1 1 1 1]]
branch at 3
runtime for solving id of Q is 0.0017493050545454025
Simulation results:
{'J': 25, 'K': 10, 'N': 10, 'p': 0.7, 'seed': 34, 'sim': 8, 'runtime': 0.0017493050545454025, 'identifiable': 0, 'branch': 3}
9
Q: [[1 1 0 1 0 1 1 0 1 1]
 [1 0 1 0 1 0 1 1 1 1]
 [1 1 0 1 0 1 1 1 1 1]
 [0 0 1 0 0 1 1 0 0 0]
 [1 1 1 0 1 1 1 1 1 0]
 [1 1 1 1 1 1 1 1 1 1]
 [1 1 1 1 1 1 0 1 1 1]
 [1 1 0 0 0 0 1 1 0 1]
 [0 0 1 0 0 1 1 1 1 1]
 [1 1 1 0 0 1 0 1 0 1]
 [1 0 0 1 1 1 0 1 0 1]
 [1 1 0 1 0 1 1 0 0 0]
 [0 1 0 1 1 1 1 0 1 0]
 [0 0 1 1 0 0 1 0 1 1]
 [1 1 0 1 0 1 1 0 1 1]
 [1 0 1 1 1 0 0 1 1 1]
 [1 1 0 1 1 1 1 1 1 0]
 [0 1 1 1 1 0 0 0 1 1]
 [1 1 1 1 1 1 0 1 1 1]
 [0 1 0 1 1 0 0 1 1 0]
 [0 0 0 1 1 1 0 1 1 1]
 [1 1 1 0 1 1 1 1 1 0]
 [0 1 1 0 1 0 1 1 1 0]
 [0 0 0 1 0 1 1 1 0 0]
 [1 1 1 1 1 0 0 1 1 1]]
{'restarts': 1, 'conflicts': 369, 'decisions': 1023, 'propagations': 79886}
Q is not identifiable, and Q_bar is [[1 0 1 1 0 1 1 0 1 0]
 [0 1 0 0 1 0 1 0 1 1]
 [1 0 1 1 0 1 1 1 1 0]
 [0 0 0 0 1 1 1 0 0 0]
 [1 0 1 0 1 1 1 1 0 1]
 [0 1 1 1 1 1 1 1 0 1]
 [0 1 1 1 1 1 0 0 1 1]
 [1 1 0 0 0 0 1 0 0 0]
 [0 0 0 0 1 1 1 1 1 0]
 [1 1 0 0 1 1 0 1 0 0]
 [0 1 0 1 0 1 0 0 0 1]
 [1 0 0 1 0 1 1 0 0 0]
 [0 0 1 1 0 1 1 0 0 1]
 [0 0 0 1 1 0 1 0 1 0]
 [1 0 1 1 0 1 1 0 1 0]
 [0 1 0 1 1 0 0 0 1 1]
 [1 0 1 1 0 1 1 1 0 1]
 [0 0 1 1 1 0 0 0 1 1]
 [0 1 1 1 1 1 0 0 1 1]
 [0 0 1 1 0 0 0 1 0 1]
 [0 0 0 1 0 1 0 1 1 1]
 [1 0 1 0 1 1 1 1 0 1]
 [0 0 1 0 1 0 1 1 0 1]
 [0 0 0 1 0 1 1 1 0 0]
 [0 1 1 1 1 0 0 1 1 1]]
branch at 5
runtime for solving id of Q is 0.08383593102917075
Simulation results:
{'J': 25, 'K': 10, 'N': 10, 'p': 0.7, 'seed': 34, 'sim': 9, 'runtime': 0.08383593102917075, 'identifiable': 0, 'branch': 5}
Simulation results:
[{'J': 25, 'K': 10, 'N': 10, 'p': 0.7, 'seed': 34, 'sim': 0, 'runtime': 2.0078414569143206, 'identifiable': 1, 'branch': 6}, {'J': 25, 'K': 10, 'N': 10, 'p': 0.7, 'seed': 34, 'sim': 1, 'runtime': 0.0026273359544575214, 'identifiable': 0, 'branch': 3}, {'J': 25, 'K': 10, 'N': 10, 'p': 0.7, 'seed': 34, 'sim': 2, 'runtime': 0.001647555036470294, 'identifiable': 0, 'branch': 2}, {'J': 25, 'K': 10, 'N': 10, 'p': 0.7, 'seed': 34, 'sim': 3, 'runtime': 0.0014045399148017168, 'identifiable': 0, 'branch': 2}, {'J': 25, 'K': 10, 'N': 10, 'p': 0.7, 'seed': 34, 'sim': 4, 'runtime': 0.002918182872235775, 'identifiable': 0, 'branch': 3}, {'J': 25, 'K': 10, 'N': 10, 'p': 0.7, 'seed': 34, 'sim': 5, 'runtime': 0.46181424986571074, 'identifiable': 1, 'branch': 6}, {'J': 25, 'K': 10, 'N': 10, 'p': 0.7, 'seed': 34, 'sim': 6, 'runtime': 12.296114576980472, 'identifiable': 0, 'branch': 5}, {'J': 25, 'K': 10, 'N': 10, 'p': 0.7, 'seed': 34, 'sim': 7, 'runtime': 0.0020184728782624006, 'identifiable': 0, 'branch': 2}, {'J': 25, 'K': 10, 'N': 10, 'p': 0.7, 'seed': 34, 'sim': 8, 'runtime': 0.0017493050545454025, 'identifiable': 0, 'branch': 3}, {'J': 25, 'K': 10, 'N': 10, 'p': 0.7, 'seed': 34, 'sim': 9, 'runtime': 0.08383593102917075, 'identifiable': 0, 'branch': 5}]
