
The Gurobi software has a limited number of licenses. To request a license or
licenses, add this line

    #SBATCH --licenses=gurobi@slurmdb:1

to your SBATCH script, replacing N with the number of licenses you need. Gurobi
will need one license per process.


0
Q: [[1 0 1 0 1 1 1 1 1 1]
 [0 0 1 1 0 1 1 1 1 1]
 [1 1 1 1 1 1 1 1 1 1]
 [0 1 1 1 1 0 1 1 1 1]
 [1 0 1 1 1 1 1 1 1 1]
 [0 1 0 0 1 1 1 0 1 1]
 [1 1 1 0 0 1 0 1 0 1]
 [1 1 1 1 1 1 1 1 1 1]
 [1 1 1 1 1 1 1 1 1 1]
 [1 0 0 1 1 1 1 0 1 1]
 [1 1 1 1 1 0 1 0 1 1]
 [0 1 1 0 0 1 1 1 0 1]
 [1 1 0 1 1 1 1 1 1 0]
 [1 0 1 1 0 1 1 1 1 1]
 [1 1 1 1 1 0 1 0 1 1]
 [0 0 1 0 1 1 0 1 1 1]
 [1 1 1 0 1 1 1 0 0 0]
 [1 1 1 1 0 1 0 1 1 1]
 [0 1 0 1 1 1 1 1 1 1]
 [1 1 1 0 1 1 1 1 1 1]
 [0 1 1 0 0 1 1 1 1 0]
 [1 1 0 1 0 1 1 1 1 0]
 [1 1 0 0 0 0 0 1 1 1]
 [1 1 1 1 1 1 0 1 0 1]
 [1 1 1 1 1 0 1 1 1 0]
 [1 1 1 0 0 0 1 1 1 0]
 [1 1 1 0 1 0 1 0 0 1]
 [1 1 1 1 0 1 0 1 0 1]
 [1 1 1 0 1 1 1 1 1 1]
 [0 1 1 1 1 0 1 1 0 1]
 [1 1 1 0 1 0 0 0 1 0]
 [1 1 0 1 1 1 0 0 1 1]
 [1 1 1 0 1 1 1 1 1 0]
 [1 1 0 0 1 0 0 1 0 1]
 [1 1 1 1 1 1 1 1 1 1]
 [1 1 1 1 1 0 0 1 1 1]
 [0 1 1 1 0 1 1 1 0 0]
 [1 1 0 1 0 0 0 0 1 1]
 [0 1 1 1 1 1 0 1 1 1]
 [0 1 1 1 1 1 1 0 1 1]
 [1 0 1 0 1 1 1 1 1 1]
 [1 1 0 1 1 1 1 0 0 1]
 [1 1 1 0 1 0 1 1 1 0]
 [0 0 1 1 1 1 1 1 1 0]
 [1 1 1 1 1 0 1 1 1 1]
 [1 1 1 0 1 1 1 1 1 1]
 [1 1 1 1 1 0 0 0 0 1]
 [0 1 1 1 1 0 1 1 0 1]
 [1 1 1 1 1 1 0 0 0 1]
 [1 1 0 1 0 1 0 1 1 1]]
{'restarts': 804, 'conflicts': 201097, 'decisions': 295643, 'propagations': 396934281}
Q is identifiable
branch at 6
runtime for solving id of Q is 46.243068465963006
Simulation results:
{'J': 50, 'K': 10, 'N': 10, 'p': 0.7, 'seed': 69, 'sim': 0, 'runtime': 46.243068465963006, 'identifiable': True, 'branch': 6}
1
Q: [[1 1 1 1 1 1 1 0 0 0]
 [1 0 1 1 0 1 1 0 1 1]
 [0 1 0 0 0 0 1 0 0 1]
 [0 1 1 1 1 1 0 1 1 1]
 [1 1 1 1 1 1 1 0 1 0]
 [0 0 1 1 1 1 1 1 1 1]
 [0 1 1 1 0 1 1 0 1 1]
 [0 1 0 1 1 0 1 1 0 0]
 [1 1 1 1 1 1 1 1 0 0]
 [0 1 0 0 0 1 1 0 0 1]
 [1 0 1 0 1 1 1 1 1 0]
 [0 1 1 0 1 1 0 0 1 1]
 [0 1 0 1 1 1 1 0 1 1]
 [0 1 0 1 0 0 1 1 0 1]
 [1 0 1 1 0 1 1 1 1 1]
 [1 1 1 1 1 0 1 0 1 1]
 [0 1 0 1 1 1 1 0 1 0]
 [1 1 1 0 1 0 1 0 0 1]
 [1 0 0 1 0 0 0 1 1 1]
 [0 0 1 0 1 1 1 1 0 1]
 [1 1 1 1 1 1 0 1 1 1]
 [1 1 0 1 1 0 0 1 1 1]
 [1 1 1 1 0 0 1 1 0 0]
 [1 1 1 0 1 0 1 1 1 0]
 [1 0 0 1 1 0 1 0 1 1]
 [1 1 0 1 1 1 1 1 1 0]
 [0 0 0 0 0 1 0 1 0 1]
 [1 0 0 1 0 0 1 0 1 1]
 [1 0 1 0 1 1 1 1 1 0]
 [1 1 1 1 1 1 0 1 0 0]
 [1 1 1 1 1 1 1 1 1 1]
 [1 1 1 1 1 0 1 1 1 1]
 [0 0 1 0 0 1 1 1 1 1]
 [0 0 0 1 1 1 0 1 1 1]
 [0 1 1 1 0 1 1 1 1 1]
 [0 0 1 1 1 0 0 0 0 1]
 [0 0 1 0 1 1 1 1 1 1]
 [0 1 0 0 1 1 0 1 0 1]
 [1 1 0 0 1 0 0 0 1 1]
 [1 0 1 1 1 1 1 0 0 1]
 [1 1 1 1 1 1 0 1 1 0]
 [1 0 1 1 1 1 0 1 1 1]
 [1 1 1 1 1 1 1 0 0 1]
 [1 1 1 0 0 0 1 0 1 1]
 [1 1 1 0 0 1 0 1 1 1]
 [1 1 0 1 1 1 1 1 0 1]
 [1 1 0 0 1 1 1 1 1 0]
 [0 1 1 1 0 1 1 1 1 1]
 [0 1 1 1 1 1 1 1 0 1]
 [1 1 1 0 0 1 1 1 1 1]]
{'restarts': 12, 'conflicts': 3370, 'decisions': 6811, 'propagations': 8649388}
Q is identifiable
branch at 6
runtime for solving id of Q is 1.1523277889937162
Simulation results:
{'J': 50, 'K': 10, 'N': 10, 'p': 0.7, 'seed': 69, 'sim': 1, 'runtime': 1.1523277889937162, 'identifiable': True, 'branch': 6}
2
Q: [[0 1 1 1 0 0 1 1 1 1]
 [1 0 1 1 1 0 0 0 1 0]
 [1 1 0 1 1 0 1 0 1 1]
 [1 1 0 1 1 0 1 1 1 1]
 [1 1 1 1 1 0 1 1 1 1]
 [1 1 0 1 1 0 1 0 1 1]
 [1 1 1 1 1 1 1 0 1 0]
 [0 0 1 1 1 0 1 1 1 1]
 [1 0 1 1 0 0 0 1 1 1]
 [1 0 1 0 1 0 1 1 1 1]
 [0 0 1 0 1 1 0 0 0 1]
 [0 1 1 1 0 1 0 1 0 1]
 [1 1 1 1 1 1 1 1 1 1]
 [1 1 1 1 1 1 0 1 1 1]
 [1 0 1 1 1 1 1 1 1 1]
 [0 0 1 0 0 1 0 0 1 1]
 [1 1 1 0 0 1 1 1 1 1]
 [0 1 1 1 1 1 1 0 1 1]
 [1 1 1 1 1 1 1 1 1 1]
 [1 1 1 1 1 0 1 0 1 1]
 [1 1 1 0 1 0 1 0 1 1]
 [1 0 1 0 1 1 1 0 0 1]
 [1 0 0 1 0 0 1 1 1 0]
 [1 0 1 1 1 0 0 1 0 1]
 [1 1 0 0 1 1 1 1 1 0]
 [0 1 1 1 1 1 1 1 0 1]
 [1 1 1 0 0 0 1 1 1 1]
 [1 1 1 1 0 1 0 1 1 1]
 [1 1 1 0 1 1 0 1 1 0]
 [1 1 0 0 1 1 1 0 1 1]
 [1 1 1 0 1 1 1 0 1 1]
 [1 1 1 1 1 0 0 1 0 1]
 [1 1 1 1 0 0 0 0 1 1]
 [1 1 0 1 1 0 1 1 1 1]
 [0 1 1 1 1 1 1 1 0 1]
 [1 1 1 0 1 0 1 0 1 0]
 [1 1 0 0 1 1 0 1 0 1]
 [1 1 0 1 1 1 1 1 1 0]
 [1 0 1 1 0 0 0 1 1 1]
 [1 1 1 0 1 1 1 0 1 1]
 [1 0 1 1 0 1 0 1 1 0]
 [1 1 0 0 0 1 0 1 1 1]
 [1 0 0 1 0 0 0 0 0 0]
 [0 1 0 1 1 1 1 1 0 1]
 [1 0 1 1 0 1 0 1 1 1]
 [1 0 1 0 0 0 1 0 0 1]
 [1 1 1 0 0 1 1 1 1 1]
 [1 1 1 1 0 0 1 1 0 1]
 [0 0 1 1 0 1 1 1 1 1]
 [1 1 1 0 1 0 0 1 1 1]]
{'restarts': 69, 'conflicts': 22196, 'decisions': 35099, 'propagations': 48432451}
Q is identifiable
branch at 6
runtime for solving id of Q is 5.263239718973637
Simulation results:
{'J': 50, 'K': 10, 'N': 10, 'p': 0.7, 'seed': 69, 'sim': 2, 'runtime': 5.263239718973637, 'identifiable': True, 'branch': 6}
3
Q: [[1 1 1 1 1 0 0 0 0 0]
 [1 1 0 0 1 1 0 1 1 1]
 [1 1 1 1 1 1 0 1 1 1]
 [0 1 1 1 1 1 1 1 1 0]
 [1 1 0 1 1 0 1 1 1 1]
 [0 1 0 1 1 0 1 0 1 0]
 [1 1 1 0 1 1 1 1 0 1]
 [1 1 1 1 1 1 0 0 0 0]
 [1 1 1 1 1 1 0 1 1 0]
 [1 1 1 0 1 1 0 0 1 1]
 [0 0 1 0 1 1 1 0 1 1]
 [1 1 0 1 1 1 0 1 1 1]
 [1 1 0 1 0 1 1 1 0 0]
 [1 0 1 0 1 0 1 0 1 1]
 [1 1 1 0 1 1 1 1 1 1]
 [0 0 1 1 0 1 1 1 1 1]
 [0 1 1 1 0 1 1 0 0 1]
 [1 1 0 1 0 1 0 1 1 1]
 [1 1 1 0 0 1 1 1 1 1]
 [1 0 1 0 0 1 1 0 0 1]
 [1 1 1 1 1 1 1 1 1 1]
 [1 1 1 1 0 1 1 0 0 0]
 [0 1 1 1 1 1 1 1 1 1]
 [1 1 1 0 0 0 1 1 0 1]
 [1 1 1 1 1 1 1 0 1 1]
 [0 0 1 0 1 1 1 1 1 1]
 [1 1 1 1 1 1 1 1 1 0]
 [1 0 0 1 1 1 0 1 1 1]
 [1 1 0 0 1 0 1 1 1 1]
 [1 0 0 1 1 0 1 1 1 1]
 [1 1 1 1 1 1 1 1 1 1]
 [1 0 1 1 0 1 1 1 1 0]
 [0 1 0 0 1 1 1 1 1 1]
 [1 0 0 0 1 1 1 1 0 0]
 [1 1 0 0 0 1 1 1 1 0]
 [0 1 1 0 0 1 1 1 0 1]
 [1 1 1 1 1 0 1 1 0 1]
 [1 0 0 1 1 0 1 0 0 1]
 [1 1 0 1 0 1 1 1 1 1]
 [1 1 1 1 0 1 0 0 1 1]
 [1 1 0 0 1 1 1 1 0 1]
 [1 1 1 1 1 0 1 1 0 0]
 [1 1 1 1 1 0 1 1 1 1]
 [1 1 1 1 0 1 1 1 1 1]
 [1 1 1 1 0 0 0 1 1 1]
 [1 1 1 0 1 0 0 0 0 0]
 [0 1 1 1 1 0 0 1 1 0]
 [0 1 0 1 1 1 1 0 1 1]
 [0 1 1 1 1 1 1 1 1 1]
 [0 0 1 0 1 0 1 1 1 0]]
{'restarts': 101, 'conflicts': 40354, 'decisions': 61863, 'propagations': 100813746}
Q is identifiable
branch at 6
runtime for solving id of Q is 10.948777059093118
Simulation results:
{'J': 50, 'K': 10, 'N': 10, 'p': 0.7, 'seed': 69, 'sim': 3, 'runtime': 10.948777059093118, 'identifiable': True, 'branch': 6}
4
Q: [[1 1 1 1 1 1 1 1 1 0]
 [1 1 1 0 1 1 1 1 1 1]
 [1 1 1 1 1 1 1 0 1 0]
 [1 1 1 0 1 1 1 1 1 0]
 [1 0 1 1 1 1 0 1 1 1]
 [1 1 1 0 1 1 0 1 1 1]
 [1 1 1 1 0 1 0 1 1 1]
 [0 0 1 1 1 0 1 1 1 1]
 [1 1 0 1 1 1 1 1 1 1]
 [1 1 1 1 1 0 1 1 1 1]
 [1 1 0 1 1 1 0 1 1 1]
 [1 1 0 0 1 0 1 1 0 1]
 [1 1 1 0 0 1 1 1 1 1]
 [1 1 1 0 0 0 1 0 1 0]
 [1 0 1 0 1 0 1 1 1 0]
 [1 1 1 0 1 1 1 0 0 1]
 [1 1 0 1 0 1 1 1 1 1]
 [1 1 1 1 1 0 1 1 1 1]
 [0 0 1 0 1 0 0 1 0 0]
 [1 1 0 1 1 0 0 0 1 0]
 [1 0 1 1 1 1 1 1 1 1]
 [1 1 1 1 0 1 1 1 0 0]
 [1 0 0 1 1 0 1 1 1 1]
 [1 1 1 0 0 0 0 0 0 1]
 [0 0 1 1 1 0 0 0 1 0]
 [0 1 0 0 0 1 1 1 1 1]
 [1 1 1 1 1 1 1 0 1 1]
 [1 0 0 1 0 0 1 0 0 1]
 [0 1 0 1 1 0 1 1 1 1]
 [1 1 1 0 0 1 1 1 1 0]
 [1 1 0 1 1 0 1 1 0 0]
 [1 1 1 0 0 1 0 0 1 1]
 [1 1 0 0 1 0 1 1 0 1]
 [1 1 0 1 1 0 0 1 1 1]
 [0 1 1 1 1 1 0 1 1 1]
 [0 1 1 1 1 0 1 0 1 1]
 [1 0 0 1 1 1 1 1 1 0]
 [1 1 1 0 1 0 0 0 1 0]
 [0 1 1 1 1 1 1 1 0 1]
 [1 0 1 0 1 1 1 1 1 0]
 [1 0 1 1 0 1 0 1 1 1]
 [1 0 1 0 1 1 1 1 0 0]
 [0 0 1 1 1 1 1 0 0 1]
 [1 1 1 1 1 1 1 0 0 0]
 [1 1 1 0 0 1 0 1 1 0]
 [1 0 0 0 1 1 1 1 0 0]
 [1 1 1 1 0 0 1 1 1 1]
 [1 1 1 0 1 1 1 1 1 1]
 [1 0 1 0 0 0 1 0 1 1]
 [0 0 1 1 1 0 0 1 1 1]]
{'restarts': 8, 'conflicts': 3525, 'decisions': 8198, 'propagations': 7738346}
Q is identifiable
branch at 6
runtime for solving id of Q is 1.1308648213744164
Simulation results:
{'J': 50, 'K': 10, 'N': 10, 'p': 0.7, 'seed': 69, 'sim': 4, 'runtime': 1.1308648213744164, 'identifiable': True, 'branch': 6}
5
Q: [[1 0 0 1 1 1 1 1 0 0]
 [0 0 1 0 0 0 1 1 1 0]
 [0 1 1 1 0 1 1 0 1 1]
 [0 0 1 1 1 1 1 1 0 0]
 [1 1 1 0 0 1 1 1 0 0]
 [0 1 0 1 0 1 1 1 1 0]
 [1 0 0 1 1 1 1 1 1 1]
 [0 1 0 1 1 0 1 1 1 1]
 [0 0 1 1 0 1 1 0 1 1]
 [1 0 1 1 1 1 1 1 0 1]
 [1 0 1 0 0 1 1 1 1 1]
 [1 1 1 0 1 1 1 0 1 1]
 [1 1 1 0 0 0 1 1 1 0]
 [1 0 1 0 1 0 1 1 1 0]
 [1 1 1 1 0 0 1 1 0 1]
 [1 0 0 0 0 0 0 0 0 0]
 [1 0 1 0 1 0 0 1 1 0]
 [1 1 1 1 0 1 1 0 1 1]
 [1 1 0 0 1 1 1 1 1 1]
 [1 1 0 0 1 1 1 1 0 1]
 [1 1 1 1 0 1 1 1 0 1]
 [0 1 1 0 1 1 1 1 1 1]
 [0 1 1 0 1 1 0 1 1 1]
 [1 1 1 1 1 1 1 1 1 1]
 [1 1 1 1 1 1 1 1 0 1]
 [1 1 1 1 1 0 1 1 0 0]
 [1 1 1 1 1 1 1 1 1 1]
 [1 1 1 0 1 1 1 1 0 0]
 [0 0 1 1 0 1 1 1 0 0]
 [1 1 1 1 0 1 0 1 1 0]
 [0 1 0 0 0 0 1 1 1 1]
 [1 1 1 1 1 1 1 0 1 0]
 [1 0 1 1 1 1 1 1 1 1]
 [0 0 0 1 0 1 0 0 0 1]
 [0 1 0 1 1 1 1 1 1 1]
 [1 1 0 1 1 1 1 0 1 0]
 [1 1 1 1 1 1 0 1 1 0]
 [1 1 0 0 0 0 1 1 1 1]
 [1 0 1 1 1 1 1 1 1 1]
 [1 1 0 0 1 0 0 0 1 1]
 [1 1 1 1 0 1 1 0 1 0]
 [1 1 1 1 0 0 0 1 0 0]
 [0 1 0 0 1 0 1 1 0 0]
 [1 1 1 0 0 0 1 1 1 1]
 [1 0 1 1 1 1 1 1 1 1]
 [1 1 0 1 1 1 1 1 1 0]
 [0 1 1 0 1 1 0 1 1 1]
 [1 1 1 1 0 0 1 1 1 0]
 [1 1 0 1 1 1 1 1 1 1]
 [0 1 1 0 0 1 1 1 1 0]]
{'restarts': 16, 'conflicts': 4859, 'decisions': 9649, 'propagations': 10364829}
Q is identifiable
branch at 6
runtime for solving id of Q is 1.2559529598802328
Simulation results:
{'J': 50, 'K': 10, 'N': 10, 'p': 0.7, 'seed': 69, 'sim': 5, 'runtime': 1.2559529598802328, 'identifiable': True, 'branch': 6}
6
Q: [[1 1 1 1 1 0 0 1 1 0]
 [1 0 1 0 1 1 0 0 1 0]
 [0 0 1 0 1 0 1 1 1 1]
 [1 1 1 1 0 1 1 0 1 1]
 [0 1 1 0 1 1 0 0 1 0]
 [0 1 1 1 0 1 1 0 0 1]
 [1 1 1 1 1 1 1 0 1 1]
 [1 1 1 0 0 0 1 1 1 1]
 [0 0 1 1 1 1 0 1 0 1]
 [1 1 0 1 0 1 1 0 0 0]
 [1 0 1 0 1 1 1 0 1 0]
 [1 0 1 0 0 1 1 1 0 1]
 [1 1 1 1 1 0 1 1 1 0]
 [1 1 1 0 1 1 1 0 1 1]
 [0 1 1 1 0 0 1 0 1 0]
 [1 0 1 0 0 1 0 1 1 1]
 [1 1 0 0 0 1 1 0 1 1]
 [1 1 0 1 1 0 1 0 0 1]
 [0 1 0 1 1 1 1 1 1 0]
 [1 1 1 0 1 0 1 1 0 1]
 [1 0 0 0 1 1 1 1 0 1]
 [1 1 0 1 1 1 1 1 1 1]
 [0 0 0 1 0 0 1 1 1 0]
 [0 1 1 1 1 1 1 0 1 1]
 [0 1 1 0 0 1 1 1 0 0]
 [1 0 0 1 1 1 1 0 1 1]
 [1 1 1 0 1 1 0 0 1 1]
 [1 1 1 1 1 1 1 1 0 0]
 [1 1 0 1 1 1 1 1 0 1]
 [0 1 1 1 1 0 1 0 0 0]
 [1 1 0 0 0 1 1 0 1 1]
 [1 1 0 0 1 0 1 1 1 1]
 [0 1 1 0 1 1 1 1 1 1]
 [1 1 1 1 1 1 1 1 1 1]
 [1 1 1 1 1 1 1 0 1 1]
 [1 0 1 1 1 0 1 1 1 1]
 [1 1 0 1 0 1 1 1 1 0]
 [0 0 0 1 0 0 1 1 0 1]
 [0 1 0 1 1 0 1 1 1 1]
 [1 1 1 1 0 1 1 0 1 0]
 [0 1 0 1 1 1 1 1 1 0]
 [1 0 1 1 1 1 0 0 1 1]
 [1 1 1 1 1 0 1 1 1 1]
 [1 0 1 1 1 1 1 1 1 1]
 [0 1 0 1 1 1 1 1 1 1]
 [1 1 0 1 1 1 1 1 1 0]
 [1 0 1 0 0 1 1 1 1 1]
 [0 0 1 1 1 1 1 1 1 1]
 [1 1 0 1 1 1 1 0 1 1]
 [1 0 1 0 1 1 1 0 1 1]]
{'restarts': 19, 'conflicts': 6883, 'decisions': 13705, 'propagations': 14862924}
Q is identifiable
branch at 6
runtime for solving id of Q is 1.6019218601286411
Simulation results:
{'J': 50, 'K': 10, 'N': 10, 'p': 0.7, 'seed': 69, 'sim': 6, 'runtime': 1.6019218601286411, 'identifiable': True, 'branch': 6}
7
Q: [[0 0 1 1 1 0 1 1 0 0]
 [1 1 0 1 1 1 1 1 1 1]
 [1 1 1 0 1 1 1 1 1 0]
 [1 1 1 0 1 1 1 0 1 1]
 [0 1 1 0 1 1 0 1 1 1]
 [1 0 0 0 1 0 1 1 1 0]
 [1 1 1 1 1 1 1 1 0 1]
 [1 1 1 1 1 1 0 0 1 1]
 [1 1 1 1 1 1 1 0 1 1]
 [1 1 1 1 1 1 1 1 1 0]
 [0 0 1 0 1 1 0 1 1 1]
 [1 1 0 1 1 1 1 0 0 0]
 [1 1 1 0 1 1 1 1 0 0]
 [1 0 1 0 1 1 1 1 1 0]
 [1 0 1 1 1 0 1 0 0 1]
 [0 1 1 1 1 1 1 1 1 1]
 [1 1 0 0 0 0 1 1 1 1]
 [1 1 1 1 1 0 1 0 1 1]
 [0 1 0 1 1 1 1 1 1 1]
 [1 1 1 1 1 1 1 0 1 1]
 [1 1 1 1 0 1 1 1 1 0]
 [1 1 1 1 1 1 1 1 0 1]
 [0 1 0 0 0 1 0 1 0 1]
 [0 1 1 0 1 1 0 1 0 1]
 [0 1 1 1 1 1 1 1 1 0]
 [1 1 1 0 1 1 1 0 1 1]
 [1 1 0 1 1 0 1 0 1 1]
 [1 1 1 1 1 1 1 1 1 1]
 [0 1 1 1 0 1 1 0 0 0]
 [1 1 1 1 1 1 1 0 1 1]
 [1 1 1 1 1 1 1 1 0 0]
 [1 1 1 1 0 1 0 0 1 0]
 [0 0 0 1 1 1 1 1 1 0]
 [1 0 1 0 1 1 0 1 1 0]
 [1 1 0 1 1 1 0 1 0 0]
 [1 1 0 0 1 0 1 1 1 1]
 [1 1 1 1 1 0 1 1 1 1]
 [0 1 1 1 1 1 1 1 0 1]
 [1 1 1 0 1 1 1 0 0 0]
 [1 1 0 1 1 1 1 1 0 0]
 [1 1 1 1 0 1 1 1 1 1]
 [0 1 0 1 1 0 1 1 0 1]
 [1 1 1 1 0 0 1 0 1 0]
 [1 1 1 1 1 1 1 0 1 1]
 [1 1 0 1 0 1 1 1 0 1]
 [0 0 1 0 1 1 1 1 0 0]
 [1 1 1 1 0 1 1 1 1 0]
 [1 1 1 1 1 0 0 0 1 1]
 [0 1 1 1 1 1 0 0 0 0]
 [1 1 1 0 1 0 1 0 1 0]]
{'restarts': 43, 'conflicts': 20699, 'decisions': 34233, 'propagations': 37417157}
Q is identifiable
branch at 6
runtime for solving id of Q is 3.9030175413936377
Simulation results:
{'J': 50, 'K': 10, 'N': 10, 'p': 0.7, 'seed': 69, 'sim': 7, 'runtime': 3.9030175413936377, 'identifiable': True, 'branch': 6}
8
Q: [[1 1 1 1 1 1 0 1 1 0]
 [0 1 0 1 1 1 1 1 1 1]
 [1 1 0 1 0 1 0 1 1 0]
 [0 0 1 1 1 0 1 1 1 1]
 [0 1 0 0 0 1 1 1 0 1]
 [1 1 1 1 1 0 1 0 1 1]
 [1 0 1 1 0 0 0 1 0 1]
 [1 0 1 1 0 0 0 1 0 0]
 [1 1 0 0 1 1 0 1 1 0]
 [1 1 1 1 0 1 1 1 1 0]
 [1 0 1 1 1 1 1 0 0 1]
 [1 1 0 0 1 1 1 0 1 0]
 [1 1 1 1 1 1 1 1 1 0]
 [0 1 1 1 1 1 1 1 0 0]
 [1 0 1 1 1 0 1 1 0 1]
 [1 1 1 0 0 1 0 1 1 0]
 [1 1 1 0 0 1 0 1 1 1]
 [1 0 1 1 1 0 1 1 1 0]
 [1 1 1 1 1 1 1 1 1 1]
 [1 1 1 1 0 0 1 1 1 1]
 [0 0 0 1 1 1 0 1 1 0]
 [1 0 1 0 1 0 1 1 1 1]
 [1 1 1 1 1 0 1 1 1 1]
 [1 1 1 1 1 1 0 1 1 0]
 [0 0 1 1 0 1 1 1 1 1]
 [0 1 1 1 0 1 1 1 0 1]
 [1 0 0 0 1 0 1 1 1 1]
 [1 0 0 0 1 1 1 1 1 1]
 [1 0 1 0 1 1 1 1 1 0]
 [0 1 1 0 0 1 1 0 0 1]
 [1 1 1 0 1 1 1 1 1 1]
 [0 0 1 1 0 1 1 1 0 1]
 [0 1 1 1 1 1 1 0 1 0]
 [1 0 1 1 1 0 1 1 1 1]
 [0 1 0 1 1 0 1 1 1 1]
 [1 1 1 1 1 1 1 1 1 0]
 [1 1 0 1 1 1 1 0 1 1]
 [1 1 0 1 1 1 0 1 1 1]
 [1 1 0 0 0 1 0 1 0 1]
 [1 1 1 1 0 1 0 1 1 1]
 [1 1 1 1 0 1 1 1 1 1]
 [0 1 0 1 1 1 1 0 1 1]
 [1 1 1 1 0 1 1 1 1 1]
 [1 1 1 0 0 1 1 1 1 1]
 [1 1 1 1 0 0 1 1 1 1]
 [1 1 1 1 0 1 1 1 1 1]
 [1 1 1 1 0 1 1 1 1 1]
 [1 0 1 1 0 0 0 0 1 1]
 [0 1 0 1 1 1 0 1 0 1]
 [0 1 0 1 1 0 1 0 0 1]]
{'restarts': 119, 'conflicts': 63655, 'decisions': 98998, 'propagations': 119874560}
Q is identifiable
branch at 6
runtime for solving id of Q is 13.57824021577835
Simulation results:
{'J': 50, 'K': 10, 'N': 10, 'p': 0.7, 'seed': 69, 'sim': 8, 'runtime': 13.57824021577835, 'identifiable': True, 'branch': 6}
9
Q: [[1 0 1 1 0 1 1 0 0 1]
 [1 0 1 0 1 0 1 1 0 1]
 [1 1 1 1 1 0 1 1 1 0]
 [0 1 1 1 1 1 1 0 1 0]
 [1 1 1 1 1 1 1 1 1 1]
 [1 1 1 1 1 0 1 0 1 1]
 [0 1 1 1 1 0 1 0 0 1]
 [1 1 0 1 1 1 1 1 1 1]
 [1 1 1 0 1 0 0 1 0 1]
 [1 1 1 0 0 0 1 0 1 1]
 [0 1 0 1 0 1 0 0 0 1]
 [1 0 1 1 1 1 1 0 0 1]
 [1 1 0 1 1 0 1 0 0 0]
 [1 0 0 1 1 0 1 0 1 1]
 [1 1 1 0 0 1 0 1 1 1]
 [1 1 1 0 1 0 0 1 0 0]
 [1 1 0 1 1 0 0 1 1 1]
 [1 1 1 0 1 0 1 0 1 1]
 [0 0 1 1 1 0 0 0 1 0]
 [0 1 1 1 1 1 0 1 0 1]
 [1 1 1 0 1 1 1 1 1 1]
 [1 1 1 1 1 1 1 0 1 1]
 [1 1 1 1 1 1 0 1 1 1]
 [0 0 0 1 1 1 1 0 0 1]
 [0 1 0 0 1 1 1 0 1 1]
 [1 1 1 1 1 0 0 1 1 1]
 [1 1 1 1 1 1 1 0 0 1]
 [1 0 1 0 1 1 0 0 1 0]
 [0 1 1 0 1 1 0 1 1 1]
 [1 1 1 1 1 1 1 1 1 1]
 [0 0 0 1 1 0 1 1 0 1]
 [1 1 1 0 0 0 0 0 1 1]
 [1 1 1 1 1 0 1 1 1 0]
 [1 1 1 0 1 1 0 1 1 1]
 [1 0 1 0 0 1 1 1 0 0]
 [1 0 1 1 1 1 1 1 1 0]
 [1 0 0 0 1 1 1 1 1 1]
 [0 0 1 1 1 0 1 1 1 1]
 [1 1 0 0 0 1 1 0 1 1]
 [1 1 1 1 1 1 1 1 0 1]
 [0 0 0 1 1 1 1 1 1 1]
 [0 1 1 1 1 1 0 1 1 0]
 [1 1 1 1 1 1 1 1 1 0]
 [0 1 0 1 0 1 1 1 0 0]
 [0 1 1 0 1 1 1 0 1 0]
 [0 0 1 0 1 1 1 1 1 0]
 [1 0 1 0 1 1 1 1 0 0]
 [1 0 1 1 1 1 0 0 1 1]
 [1 0 0 1 0 1 1 1 1 0]
 [1 1 0 1 1 1 1 1 0 1]]
{'restarts': 50, 'conflicts': 14740, 'decisions': 26206, 'propagations': 45620497}
Q is identifiable
branch at 6
runtime for solving id of Q is 5.095610490068793
Simulation results:
{'J': 50, 'K': 10, 'N': 10, 'p': 0.7, 'seed': 69, 'sim': 9, 'runtime': 5.095610490068793, 'identifiable': True, 'branch': 6}
Simulation results:
[{'J': 50, 'K': 10, 'N': 10, 'p': 0.7, 'seed': 69, 'sim': 0, 'runtime': 46.243068465963006, 'identifiable': True, 'branch': 6}, {'J': 50, 'K': 10, 'N': 10, 'p': 0.7, 'seed': 69, 'sim': 1, 'runtime': 1.1523277889937162, 'identifiable': True, 'branch': 6}, {'J': 50, 'K': 10, 'N': 10, 'p': 0.7, 'seed': 69, 'sim': 2, 'runtime': 5.263239718973637, 'identifiable': True, 'branch': 6}, {'J': 50, 'K': 10, 'N': 10, 'p': 0.7, 'seed': 69, 'sim': 3, 'runtime': 10.948777059093118, 'identifiable': True, 'branch': 6}, {'J': 50, 'K': 10, 'N': 10, 'p': 0.7, 'seed': 69, 'sim': 4, 'runtime': 1.1308648213744164, 'identifiable': True, 'branch': 6}, {'J': 50, 'K': 10, 'N': 10, 'p': 0.7, 'seed': 69, 'sim': 5, 'runtime': 1.2559529598802328, 'identifiable': True, 'branch': 6}, {'J': 50, 'K': 10, 'N': 10, 'p': 0.7, 'seed': 69, 'sim': 6, 'runtime': 1.6019218601286411, 'identifiable': True, 'branch': 6}, {'J': 50, 'K': 10, 'N': 10, 'p': 0.7, 'seed': 69, 'sim': 7, 'runtime': 3.9030175413936377, 'identifiable': True, 'branch': 6}, {'J': 50, 'K': 10, 'N': 10, 'p': 0.7, 'seed': 69, 'sim': 8, 'runtime': 13.57824021577835, 'identifiable': True, 'branch': 6}, {'J': 50, 'K': 10, 'N': 10, 'p': 0.7, 'seed': 69, 'sim': 9, 'runtime': 5.095610490068793, 'identifiable': True, 'branch': 6}]
