
The Gurobi software has a limited number of licenses. To request a license or
licenses, add this line

    #SBATCH --licenses=gurobi@slurmdb:1

to your SBATCH script, replacing N with the number of licenses you need. Gurobi
will need one license per process.


0
Q: [[1 0 1 0 1 0 1 0 1 0]
 [0 1 1 1 1 0 0 1 0 0]
 [1 1 1 0 1 0 1 0 0 0]
 [1 0 1 0 0 1 0 1 0 0]
 [0 1 0 0 0 1 1 1 0 0]
 [1 0 0 1 1 0 1 0 0 0]
 [0 1 0 0 1 1 0 1 1 1]
 [0 1 0 0 0 1 0 0 0 0]
 [1 1 1 1 1 1 0 0 0 0]
 [0 1 0 1 0 1 0 1 0 0]
 [1 0 0 1 0 1 0 0 0 0]
 [0 0 0 1 1 0 1 1 0 1]
 [0 0 1 0 0 0 1 1 1 0]
 [0 1 0 1 1 1 0 1 0 1]
 [0 1 1 0 1 0 0 0 1 1]
 [1 0 0 1 1 1 0 0 0 1]
 [0 1 0 0 0 1 1 1 1 1]
 [1 0 1 1 0 1 0 1 1 1]
 [1 1 0 0 1 1 0 0 0 0]
 [1 1 0 0 1 1 0 0 1 0]
 [0 1 1 1 1 0 1 1 1 0]
 [0 0 1 0 0 0 0 0 0 1]
 [1 0 0 0 1 1 1 1 0 0]
 [1 1 0 1 1 0 1 0 0 0]
 [1 1 1 0 0 1 0 1 1 0]
 [1 0 0 0 0 1 0 0 1 1]
 [1 0 1 1 1 0 0 1 0 1]
 [0 1 1 0 0 1 1 0 0 1]
 [0 1 0 1 1 0 0 1 1 0]
 [1 1 1 0 0 0 0 0 0 0]
 [0 0 1 0 0 1 0 1 1 0]
 [0 1 1 1 0 1 1 0 1 0]
 [1 0 0 1 0 1 0 0 1 1]
 [1 0 0 1 1 0 0 0 1 0]
 [0 0 1 1 1 1 1 0 1 0]
 [1 1 0 1 1 1 1 1 1 1]
 [0 1 0 1 0 0 0 0 1 1]
 [1 0 1 0 0 1 1 1 0 0]
 [1 1 1 0 1 0 1 0 1 1]
 [0 1 1 1 1 0 1 0 1 0]
 [0 0 1 0 0 0 0 0 1 1]
 [1 0 1 0 0 0 1 0 1 0]
 [1 0 1 1 1 0 1 0 0 0]
 [0 1 0 1 1 0 1 1 0 1]
 [1 0 1 1 1 1 0 0 1 0]
 [0 0 1 0 1 1 0 0 0 0]
 [0 0 1 1 0 0 0 0 1 0]
 [0 0 0 0 1 0 1 0 0 1]
 [0 0 0 0 0 1 1 1 1 0]
 [1 0 1 0 1 1 0 1 0 0]]
{'restarts': 1, 'conflicts': 1306, 'decisions': 3376, 'propagations': 11754633}
Q is identifiable
branch at 6
runtime for solving id of Q is 4.079011461697519
Simulation results:
{'J': 50, 'K': 10, 'N': 10, 'p': 0.5, 'seed': 30, 'sim': 0, 'runtime': 4.079011461697519, 'identifiable': True, 'branch': 6}
1
Q: [[0 0 1 0 0 0 0 1 0 0]
 [1 1 1 0 0 0 0 1 0 1]
 [1 1 1 0 0 0 1 0 1 0]
 [0 0 0 0 0 0 1 0 0 0]
 [0 1 0 0 1 0 0 0 0 0]
 [1 1 0 0 0 1 1 1 0 0]
 [1 0 0 1 0 1 1 1 1 1]
 [0 0 0 0 0 1 1 0 0 1]
 [1 0 0 1 0 0 1 1 1 0]
 [0 0 1 1 1 0 0 0 1 1]
 [1 0 0 0 0 0 1 1 1 0]
 [1 1 1 0 1 0 0 1 1 1]
 [0 1 0 1 1 1 1 1 1 0]
 [0 1 1 1 0 0 1 1 0 1]
 [1 0 1 0 1 1 1 1 1 1]
 [1 1 0 0 0 0 0 1 0 1]
 [1 1 0 0 1 1 0 0 1 0]
 [0 1 1 0 1 1 1 1 1 1]
 [0 0 0 0 0 1 1 1 0 1]
 [1 1 1 1 1 0 0 0 0 1]
 [0 0 1 0 1 0 1 1 1 0]
 [0 1 0 1 0 0 1 0 1 1]
 [1 1 1 0 0 1 0 0 1 1]
 [0 1 0 1 1 1 1 0 1 1]
 [1 1 0 0 0 1 0 0 1 1]
 [1 0 0 1 0 1 0 0 0 1]
 [1 1 0 0 0 1 1 0 0 0]
 [0 0 0 0 1 1 0 0 1 1]
 [1 1 1 1 1 0 0 0 1 1]
 [0 1 1 1 1 0 0 1 0 1]
 [0 1 0 0 1 0 0 0 0 0]
 [1 1 1 1 0 1 1 0 0 1]
 [0 1 1 0 1 0 1 1 0 0]
 [1 1 0 0 0 0 0 0 0 0]
 [0 1 1 1 0 1 1 1 0 1]
 [1 1 0 0 0 0 1 0 0 1]
 [1 1 1 1 1 1 0 1 0 0]
 [0 1 1 1 0 0 1 1 1 0]
 [1 0 1 1 1 0 0 0 1 1]
 [1 0 1 0 1 1 0 1 0 1]
 [1 1 0 1 1 0 1 1 1 1]
 [0 0 0 0 1 0 1 1 0 1]
 [1 1 0 0 0 0 1 1 1 0]
 [1 0 1 0 1 1 1 0 1 0]
 [0 1 0 0 0 0 0 1 1 1]
 [1 0 1 0 1 0 0 0 1 0]
 [1 1 0 0 1 0 1 0 1 0]
 [0 1 1 1 1 1 1 1 0 0]
 [1 0 0 0 0 1 0 0 1 1]
 [1 1 0 1 1 0 0 0 1 1]]
{'restarts': 1, 'conflicts': 244, 'decisions': 1009, 'propagations': 889858}
Q is identifiable
branch at 6
runtime for solving id of Q is 1.480533585883677
Simulation results:
{'J': 50, 'K': 10, 'N': 10, 'p': 0.5, 'seed': 30, 'sim': 1, 'runtime': 1.480533585883677, 'identifiable': True, 'branch': 6}
2
Q: [[1 1 0 0 1 0 1 1 0 1]
 [0 0 1 0 1 1 0 1 1 0]
 [0 1 0 1 1 1 1 1 1 1]
 [1 1 0 0 0 0 0 0 1 0]
 [1 1 0 0 1 0 1 0 0 1]
 [1 0 1 0 1 1 0 1 1 1]
 [0 0 0 1 0 0 1 0 0 1]
 [1 1 0 1 1 0 1 1 0 0]
 [1 1 0 1 0 0 1 1 1 1]
 [0 0 0 0 1 1 0 0 0 0]
 [0 0 0 1 0 1 0 1 0 0]
 [1 1 1 1 0 1 1 0 0 1]
 [1 1 0 0 1 0 0 1 0 1]
 [0 1 1 1 0 1 0 1 0 0]
 [1 1 0 1 1 1 0 0 0 1]
 [1 1 0 1 1 1 0 0 1 0]
 [1 1 0 1 1 1 1 1 0 0]
 [1 1 1 1 0 1 1 0 1 1]
 [0 0 1 1 0 1 1 0 0 1]
 [0 1 1 0 1 0 1 1 1 1]
 [1 0 1 1 1 0 1 1 0 1]
 [1 1 0 1 0 1 0 0 0 0]
 [1 0 1 1 0 0 0 1 0 0]
 [0 1 0 1 1 1 1 1 0 1]
 [1 0 1 1 1 1 0 0 1 1]
 [1 0 1 1 0 1 0 1 1 0]
 [0 1 1 1 0 1 1 0 0 1]
 [0 0 1 1 1 1 1 0 1 1]
 [1 1 0 1 1 0 1 1 0 1]
 [1 1 0 0 1 1 1 0 0 0]
 [0 1 1 1 0 1 0 1 0 0]
 [0 0 0 1 0 0 0 1 0 0]
 [1 0 0 0 0 1 0 1 0 1]
 [0 1 1 0 0 1 1 1 1 1]
 [0 1 1 1 1 0 0 1 1 0]
 [0 1 1 0 0 1 0 0 1 1]
 [0 1 0 0 1 0 1 1 0 1]
 [0 1 0 1 1 0 0 1 0 1]
 [0 0 0 0 0 0 1 0 1 0]
 [0 1 1 0 1 0 0 1 1 1]
 [0 0 0 0 0 1 0 0 1 0]
 [0 1 1 1 1 0 1 0 0 1]
 [0 1 0 0 1 1 0 1 0 0]
 [0 1 1 0 0 0 0 0 0 1]
 [0 1 1 0 1 0 0 0 0 1]
 [1 1 1 1 1 0 0 0 1 0]
 [1 1 1 1 0 0 0 0 1 0]
 [0 1 1 1 1 1 1 1 0 1]
 [1 1 0 1 0 1 1 1 1 1]
 [1 1 0 0 0 1 0 0 0 0]]
{'restarts': 1, 'conflicts': 372, 'decisions': 1197, 'propagations': 1697718}
Q is identifiable
branch at 6
runtime for solving id of Q is 1.3723677108064294
Simulation results:
{'J': 50, 'K': 10, 'N': 10, 'p': 0.5, 'seed': 30, 'sim': 2, 'runtime': 1.3723677108064294, 'identifiable': True, 'branch': 6}
3
Q: [[0 1 1 0 1 0 1 0 1 1]
 [0 0 0 0 0 0 0 0 1 1]
 [0 1 0 1 1 1 1 0 0 1]
 [1 1 1 0 1 1 0 0 1 0]
 [0 1 1 0 0 1 1 0 1 1]
 [0 1 1 0 1 0 1 1 0 0]
 [1 0 0 0 0 0 0 0 1 0]
 [1 0 0 1 1 0 1 1 1 0]
 [1 1 1 0 1 1 0 1 1 1]
 [1 1 1 0 0 1 0 1 0 1]
 [1 0 0 1 1 0 0 1 0 1]
 [1 1 0 0 1 0 0 0 1 1]
 [1 0 0 0 0 0 0 1 1 0]
 [1 1 1 0 1 1 0 1 0 1]
 [1 1 0 0 1 1 1 1 1 0]
 [0 0 0 1 0 1 1 0 1 1]
 [1 0 1 0 1 1 1 0 1 0]
 [0 1 0 0 0 1 1 1 1 0]
 [1 1 1 1 1 1 1 1 0 1]
 [1 1 1 0 0 0 1 0 0 0]
 [0 0 1 1 1 0 1 1 1 1]
 [0 0 1 0 1 1 1 0 0 1]
 [1 0 0 0 1 1 0 1 0 1]
 [0 1 0 1 1 0 0 1 0 1]
 [0 0 0 0 1 1 0 0 1 1]
 [0 1 1 1 1 1 0 0 0 0]
 [0 0 1 1 1 0 0 1 0 0]
 [0 1 0 1 1 1 1 1 0 1]
 [1 1 1 0 0 1 1 0 0 1]
 [1 1 0 1 0 0 0 1 1 0]
 [0 1 1 1 1 1 1 1 1 0]
 [1 0 1 0 1 0 1 1 1 0]
 [0 0 1 1 1 1 1 0 1 0]
 [1 0 0 0 0 1 1 0 1 1]
 [0 1 0 0 1 1 1 0 0 0]
 [0 1 0 0 0 1 0 0 0 0]
 [0 1 0 0 0 0 1 0 0 1]
 [0 1 0 1 1 1 0 0 0 0]
 [1 1 1 0 1 1 0 1 0 0]
 [1 0 1 1 1 1 1 1 1 0]
 [0 0 1 1 0 1 1 1 0 1]
 [1 1 0 0 1 0 0 1 0 0]
 [1 0 0 1 0 1 0 0 0 1]
 [1 1 0 0 1 0 0 1 0 0]
 [1 1 1 0 0 1 0 1 1 0]
 [0 1 1 0 0 0 0 0 0 0]
 [1 1 1 1 1 1 0 1 0 1]
 [0 1 0 0 1 1 1 1 1 0]
 [1 0 1 0 1 0 0 0 0 1]
 [0 1 1 0 1 1 1 0 1 1]]
{'restarts': 6, 'conflicts': 941, 'decisions': 2646, 'propagations': 5659263}
Q is identifiable
branch at 6
runtime for solving id of Q is 2.1041997065767646
Simulation results:
{'J': 50, 'K': 10, 'N': 10, 'p': 0.5, 'seed': 30, 'sim': 3, 'runtime': 2.1041997065767646, 'identifiable': True, 'branch': 6}
4
Q: [[1 0 0 1 0 0 1 1 0 0]
 [0 0 1 1 1 1 0 1 0 0]
 [0 0 1 1 1 1 1 0 0 1]
 [1 0 1 0 1 0 1 1 1 1]
 [0 1 1 0 1 0 1 0 0 0]
 [1 1 0 1 0 1 0 1 1 0]
 [1 1 0 1 1 0 0 0 0 0]
 [1 0 1 1 1 1 0 0 1 1]
 [0 0 1 1 1 0 1 1 1 1]
 [0 0 1 1 0 1 0 1 0 0]
 [0 0 1 0 1 1 1 0 0 0]
 [1 0 0 0 1 1 0 1 0 0]
 [1 0 1 1 0 0 0 0 0 1]
 [1 1 0 1 1 0 0 0 0 1]
 [1 1 0 0 1 1 1 0 1 1]
 [1 0 1 1 1 0 1 0 0 0]
 [0 0 1 0 0 0 1 1 1 0]
 [0 0 1 1 0 0 1 0 1 1]
 [1 1 0 0 1 0 0 0 0 1]
 [1 0 0 1 1 0 1 0 0 0]
 [0 1 1 1 1 1 1 1 1 0]
 [0 1 1 0 1 0 0 0 1 1]
 [1 0 1 1 0 1 0 1 1 1]
 [0 1 1 0 0 1 0 0 1 1]
 [1 1 0 1 0 1 1 0 1 1]
 [1 0 1 1 0 0 1 0 1 1]
 [1 1 1 1 0 0 1 1 1 0]
 [0 1 1 1 1 1 1 0 0 0]
 [0 1 0 0 0 0 0 0 0 0]
 [0 0 1 0 0 1 0 1 1 0]
 [0 0 1 1 0 0 1 1 1 1]
 [0 1 0 0 1 0 0 0 0 0]
 [1 0 1 1 0 0 0 1 1 1]
 [0 1 0 0 1 1 0 0 0 1]
 [0 0 1 1 0 1 0 1 0 0]
 [1 0 0 1 0 0 1 0 0 0]
 [1 1 1 1 1 0 0 1 0 1]
 [0 0 1 1 0 0 0 0 1 1]
 [1 1 0 0 1 1 1 1 0 1]
 [1 0 0 0 0 0 0 0 1 1]
 [0 1 1 1 0 1 0 0 0 1]
 [0 1 1 1 0 1 1 1 1 0]
 [0 1 1 1 0 1 0 0 0 1]
 [1 1 1 1 0 1 1 1 0 0]
 [0 1 0 1 1 1 1 0 0 0]
 [0 1 0 1 0 0 0 0 1 1]
 [1 0 0 0 0 1 0 0 0 0]
 [1 0 0 1 1 1 0 1 1 1]
 [1 1 1 1 0 1 1 1 0 0]
 [1 0 0 1 0 1 0 1 1 1]]
{'restarts': 3, 'conflicts': 1053, 'decisions': 2798, 'propagations': 6378151}
Q is identifiable
branch at 6
runtime for solving id of Q is 2.419853825122118
Simulation results:
{'J': 50, 'K': 10, 'N': 10, 'p': 0.5, 'seed': 30, 'sim': 4, 'runtime': 2.419853825122118, 'identifiable': True, 'branch': 6}
5
Q: [[0 1 1 1 0 1 0 0 0 1]
 [0 0 0 0 0 1 0 1 0 1]
 [1 0 1 1 1 1 1 1 0 1]
 [0 1 1 0 1 1 0 1 0 1]
 [1 1 1 0 1 0 0 1 0 1]
 [0 0 0 1 1 1 0 0 0 0]
 [0 1 1 1 1 1 1 0 1 1]
 [1 1 1 0 1 0 0 1 1 0]
 [0 1 1 0 1 1 1 0 1 0]
 [1 1 0 0 1 1 0 0 1 1]
 [0 0 1 1 0 0 1 1 0 0]
 [0 0 0 1 0 1 0 0 1 1]
 [1 1 1 1 0 1 0 1 0 1]
 [0 0 1 1 0 1 1 1 1 0]
 [0 1 1 0 1 0 0 0 0 1]
 [1 1 1 1 0 0 0 1 0 0]
 [1 0 0 1 1 1 1 0 1 1]
 [0 1 1 0 0 0 1 1 1 1]
 [0 1 1 1 0 1 0 1 0 1]
 [1 1 1 1 0 0 1 1 1 0]
 [0 1 1 1 1 0 0 1 0 1]
 [0 1 1 1 1 0 0 1 0 0]
 [0 0 1 0 1 1 1 0 0 0]
 [0 1 1 1 0 0 1 1 1 0]
 [1 1 0 1 1 0 0 1 1 0]
 [0 1 0 1 0 0 1 0 0 0]
 [0 0 1 1 0 1 1 1 0 1]
 [1 0 0 0 0 1 1 1 1 0]
 [1 1 0 1 0 1 1 1 0 1]
 [1 0 0 0 1 1 1 1 0 1]
 [0 0 1 1 0 1 0 0 1 1]
 [1 1 1 0 1 1 0 1 1 0]
 [0 0 0 0 0 0 0 0 0 1]
 [1 1 0 0 0 1 0 0 0 1]
 [0 0 1 0 0 0 0 0 1 0]
 [1 0 0 1 1 0 0 0 1 0]
 [1 1 1 0 0 0 1 0 1 1]
 [1 1 1 1 0 1 0 0 0 0]
 [0 0 0 1 1 0 1 1 1 0]
 [0 0 1 1 0 1 1 1 1 0]
 [1 0 0 0 1 1 0 0 0 0]
 [1 0 0 1 1 0 1 0 0 0]
 [0 0 1 0 0 1 1 0 1 1]
 [0 1 0 1 0 0 1 0 0 1]
 [1 0 1 1 0 0 1 0 0 1]
 [0 0 0 1 1 0 0 0 1 1]
 [1 0 1 0 0 1 0 1 1 1]
 [1 1 0 0 0 0 1 1 1 1]
 [1 1 0 0 1 0 0 0 0 0]
 [1 1 1 1 0 1 1 1 0 0]]
{'restarts': 2, 'conflicts': 554, 'decisions': 1953, 'propagations': 3115082}
Q is identifiable
branch at 6
runtime for solving id of Q is 1.7955265259370208
Simulation results:
{'J': 50, 'K': 10, 'N': 10, 'p': 0.5, 'seed': 30, 'sim': 5, 'runtime': 1.7955265259370208, 'identifiable': True, 'branch': 6}
6
Q: [[1 1 0 1 0 1 1 1 0 0]
 [1 1 0 1 0 1 0 1 1 0]
 [0 1 0 0 0 1 0 1 0 0]
 [1 0 1 1 1 0 1 0 0 1]
 [0 0 1 1 1 0 1 0 1 1]
 [1 1 0 1 1 1 1 1 1 1]
 [1 0 0 0 0 0 1 0 0 1]
 [0 0 0 0 1 1 0 0 1 0]
 [1 1 0 0 1 0 1 1 0 1]
 [0 1 1 0 1 0 0 0 0 0]
 [1 0 0 0 0 0 1 0 1 0]
 [0 1 0 1 0 1 1 1 0 0]
 [1 0 1 0 1 0 0 0 1 1]
 [0 1 0 0 0 1 0 1 1 0]
 [0 1 1 1 0 0 1 1 0 1]
 [0 0 0 0 0 0 0 1 1 0]
 [1 1 0 1 0 1 0 0 1 0]
 [0 0 0 0 0 1 0 1 1 0]
 [0 1 1 0 1 1 1 0 0 1]
 [0 1 0 0 0 0 0 0 1 1]
 [1 0 1 1 0 1 0 0 1 1]
 [1 1 1 0 1 0 1 1 0 0]
 [1 0 1 1 0 1 0 1 0 1]
 [1 1 0 0 0 0 0 1 1 1]
 [1 0 0 0 0 1 1 1 0 0]
 [1 1 1 0 1 0 0 1 1 1]
 [1 1 0 1 1 1 1 1 0 0]
 [1 0 0 0 1 0 1 1 0 1]
 [0 0 0 0 0 0 0 0 0 1]
 [1 1 1 0 0 0 0 0 0 1]
 [1 0 0 1 1 0 0 1 1 1]
 [1 1 1 0 0 1 1 1 0 1]
 [0 1 1 1 1 0 1 0 0 1]
 [0 0 0 0 1 0 1 0 0 0]
 [0 0 1 0 0 1 1 1 1 0]
 [0 1 0 0 0 0 1 1 0 1]
 [0 1 0 0 1 0 0 1 0 0]
 [1 1 1 0 1 1 1 0 1 1]
 [1 0 0 0 1 0 0 0 0 0]
 [1 1 1 0 1 0 0 0 0 1]
 [1 0 0 0 0 1 0 0 0 1]
 [0 0 1 1 1 1 0 1 1 1]
 [0 0 1 1 0 1 1 1 1 1]
 [0 0 1 0 0 0 0 0 1 0]
 [1 0 1 1 1 1 0 0 1 0]
 [0 0 1 1 1 1 0 0 0 1]
 [0 1 0 0 1 1 1 0 0 0]
 [1 0 1 1 0 1 1 1 0 0]
 [0 0 0 0 0 1 0 0 0 0]
 [1 1 1 0 0 1 1 1 0 0]]
{'restarts': 1, 'conflicts': 250, 'decisions': 1066, 'propagations': 1869017}
Q is identifiable
branch at 6
runtime for solving id of Q is 2.114570933394134
Simulation results:
{'J': 50, 'K': 10, 'N': 10, 'p': 0.5, 'seed': 30, 'sim': 6, 'runtime': 2.114570933394134, 'identifiable': True, 'branch': 6}
7
Q: [[0 0 0 0 1 1 1 1 0 1]
 [1 0 0 1 0 1 0 0 0 1]
 [1 1 1 0 1 0 0 0 0 1]
 [0 1 0 1 1 0 1 1 0 1]
 [1 1 0 1 0 1 0 0 0 1]
 [0 0 0 0 1 1 0 1 0 1]
 [0 0 0 0 1 0 1 0 1 0]
 [1 1 0 0 0 0 1 0 1 1]
 [0 1 0 1 1 0 0 1 0 0]
 [0 0 0 0 0 0 0 1 1 1]
 [1 0 1 1 1 0 1 1 1 0]
 [1 0 0 0 0 0 0 0 1 0]
 [0 1 1 1 0 1 1 0 1 0]
 [1 0 0 1 0 0 0 1 0 1]
 [0 1 0 1 1 0 0 1 0 1]
 [1 1 1 1 0 1 1 0 0 1]
 [0 0 1 1 1 1 0 1 0 0]
 [1 1 1 0 1 1 1 1 0 1]
 [1 1 1 1 0 1 1 0 0 0]
 [0 1 0 0 1 0 0 0 1 1]
 [1 0 0 0 0 0 0 0 0 0]
 [1 1 1 0 1 1 1 0 0 0]
 [1 1 0 1 1 0 0 1 0 0]
 [0 0 1 0 1 0 0 1 1 0]
 [1 0 0 1 0 0 0 0 0 1]
 [1 1 1 1 1 1 0 1 1 0]
 [1 0 0 1 0 1 1 1 0 1]
 [1 0 1 1 1 1 1 0 0 1]
 [1 1 1 0 1 1 0 0 0 1]
 [1 1 0 0 0 0 0 0 1 1]
 [0 1 1 1 0 0 1 0 0 0]
 [0 1 0 1 0 1 0 0 1 1]
 [0 1 0 0 1 1 1 1 1 1]
 [0 0 0 1 1 1 0 0 1 1]
 [1 0 0 0 1 1 1 0 1 0]
 [0 0 1 1 1 0 0 0 0 1]
 [1 0 0 1 1 0 0 1 0 1]
 [0 1 1 1 0 1 1 1 1 0]
 [1 0 1 0 1 1 0 0 0 0]
 [0 0 0 1 1 1 1 1 0 1]
 [0 0 1 1 0 1 1 1 0 1]
 [1 0 0 0 1 0 0 0 1 1]
 [0 0 0 1 1 0 0 1 1 0]
 [0 0 1 0 0 1 1 0 0 0]
 [0 0 1 0 1 1 0 0 0 0]
 [0 0 0 1 0 1 0 1 1 1]
 [1 1 1 0 1 1 1 0 0 0]
 [0 1 1 1 0 0 1 0 1 0]
 [1 0 1 0 0 0 0 0 1 1]
 [0 0 1 1 1 0 1 0 1 1]]
{'restarts': 2, 'conflicts': 948, 'decisions': 2389, 'propagations': 6302865}
Q is identifiable
branch at 6
runtime for solving id of Q is 2.468912516720593
Simulation results:
{'J': 50, 'K': 10, 'N': 10, 'p': 0.5, 'seed': 30, 'sim': 7, 'runtime': 2.468912516720593, 'identifiable': True, 'branch': 6}
8
Q: [[1 1 0 1 1 1 1 0 1 1]
 [0 0 0 1 1 0 0 0 1 1]
 [0 1 0 1 1 1 1 1 0 1]
 [1 1 1 1 0 1 0 0 1 1]
 [1 1 1 1 0 0 1 1 0 1]
 [1 1 1 1 0 0 0 1 1 0]
 [1 1 1 1 1 0 1 1 0 0]
 [0 1 1 0 1 0 0 1 0 1]
 [0 0 1 1 1 0 0 1 1 1]
 [1 0 0 1 1 1 0 1 0 1]
 [1 1 1 1 1 0 0 0 0 0]
 [0 1 0 0 0 0 0 0 0 1]
 [0 1 1 0 1 0 0 0 1 1]
 [0 1 0 1 1 1 0 0 1 0]
 [1 1 1 1 1 1 1 0 1 1]
 [0 0 0 1 1 1 1 0 0 1]
 [0 1 0 1 1 1 0 1 0 0]
 [1 1 1 0 0 1 1 1 0 1]
 [0 1 0 1 1 0 0 1 1 0]
 [0 1 1 0 0 0 0 1 1 1]
 [0 0 0 0 0 0 0 1 0 1]
 [1 1 0 1 1 1 1 0 1 1]
 [0 1 0 0 0 1 0 0 0 1]
 [0 1 1 1 0 1 1 0 1 1]
 [0 1 1 1 1 0 1 0 1 0]
 [0 0 0 1 0 1 0 0 1 1]
 [0 1 1 0 1 1 1 1 1 0]
 [1 0 1 0 1 0 1 0 0 1]
 [1 0 0 1 1 0 0 0 0 0]
 [1 1 0 1 0 0 0 0 0 0]
 [0 1 1 1 1 1 1 0 1 0]
 [0 0 1 1 0 0 0 0 1 0]
 [0 1 0 1 0 0 1 1 1 0]
 [0 1 1 1 0 1 0 0 1 1]
 [1 1 1 0 0 1 0 1 0 1]
 [0 1 1 1 1 0 0 1 1 1]
 [1 1 0 1 1 0 1 1 1 0]
 [0 0 1 1 1 0 0 1 0 0]
 [1 0 1 0 1 1 0 1 1 0]
 [0 0 0 0 0 0 0 1 0 0]
 [0 0 1 1 0 0 0 0 1 0]
 [1 0 0 1 1 1 0 0 0 1]
 [0 1 1 0 1 0 0 1 1 1]
 [1 0 1 0 0 1 0 1 1 0]
 [0 1 1 1 0 1 0 1 1 1]
 [0 1 1 0 0 1 0 0 0 1]
 [1 0 0 0 0 1 1 0 1 1]
 [1 0 0 1 1 0 0 0 1 0]
 [0 1 0 0 1 0 0 1 1 0]
 [0 1 1 0 1 0 1 1 0 1]]
{'restarts': 1, 'conflicts': 362, 'decisions': 1187, 'propagations': 1573642}
Q is identifiable
branch at 6
runtime for solving id of Q is 1.4112697932869196
Simulation results:
{'J': 50, 'K': 10, 'N': 10, 'p': 0.5, 'seed': 30, 'sim': 8, 'runtime': 1.4112697932869196, 'identifiable': True, 'branch': 6}
9
Q: [[1 1 0 0 0 1 1 0 0 1]
 [0 0 0 1 1 0 1 0 0 1]
 [1 0 0 1 0 0 0 1 0 1]
 [0 0 0 1 1 1 1 0 0 0]
 [0 1 1 0 0 0 1 0 0 1]
 [1 1 1 0 1 1 1 0 1 0]
 [0 1 1 1 1 1 0 0 1 0]
 [0 1 1 0 0 0 1 0 0 0]
 [1 1 0 0 1 1 1 0 1 1]
 [1 1 0 1 1 1 0 0 0 1]
 [0 1 0 0 1 0 0 1 1 1]
 [1 0 1 0 1 1 0 1 0 1]
 [0 0 1 1 1 0 1 0 1 0]
 [1 1 0 1 0 1 1 1 0 0]
 [1 1 1 0 0 0 1 1 0 1]
 [1 1 1 1 0 1 1 0 0 1]
 [1 0 0 0 0 0 0 0 0 0]
 [1 0 1 0 1 0 0 0 0 1]
 [0 0 1 1 0 0 0 0 0 0]
 [0 1 0 0 1 1 0 1 0 1]
 [1 0 0 1 0 1 0 1 1 0]
 [0 0 1 1 0 1 1 0 0 1]
 [1 0 0 1 1 0 0 1 1 1]
 [1 1 0 0 0 1 1 1 0 0]
 [1 1 1 0 1 0 1 0 1 1]
 [0 1 1 1 0 0 0 1 1 1]
 [0 1 1 0 0 1 1 1 1 0]
 [0 0 1 1 1 0 0 0 1 1]
 [1 1 0 1 1 0 1 0 0 0]
 [0 0 1 1 1 0 1 1 1 1]
 [1 0 0 0 1 0 1 0 0 1]
 [0 0 1 0 0 1 1 0 1 1]
 [0 1 1 0 0 1 0 1 0 1]
 [1 1 1 1 1 1 0 1 0 0]
 [1 0 0 1 1 0 1 0 1 0]
 [1 0 1 1 1 0 0 1 0 0]
 [1 1 1 1 0 0 0 1 1 0]
 [0 1 1 0 1 0 1 0 1 0]
 [1 0 1 0 1 0 1 0 0 0]
 [0 0 0 1 1 0 0 1 0 0]
 [0 0 0 0 0 1 0 0 1 1]
 [0 1 1 0 0 1 1 1 0 0]
 [0 0 0 1 1 1 1 0 0 0]
 [0 0 0 0 0 0 0 1 0 0]
 [1 0 0 1 0 1 1 0 1 1]
 [1 1 1 1 0 0 0 0 0 1]
 [0 0 1 1 1 1 1 1 0 0]
 [0 0 0 0 1 1 1 1 1 0]
 [1 1 1 1 1 1 1 0 0 0]
 [1 0 1 1 0 1 0 0 0 0]]
{'restarts': 2, 'conflicts': 401, 'decisions': 1604, 'propagations': 3207914}
Q is identifiable
branch at 6
runtime for solving id of Q is 2.3190733352676034
Simulation results:
{'J': 50, 'K': 10, 'N': 10, 'p': 0.5, 'seed': 30, 'sim': 9, 'runtime': 2.3190733352676034, 'identifiable': True, 'branch': 6}
Simulation results:
[{'J': 50, 'K': 10, 'N': 10, 'p': 0.5, 'seed': 30, 'sim': 0, 'runtime': 4.079011461697519, 'identifiable': True, 'branch': 6}, {'J': 50, 'K': 10, 'N': 10, 'p': 0.5, 'seed': 30, 'sim': 1, 'runtime': 1.480533585883677, 'identifiable': True, 'branch': 6}, {'J': 50, 'K': 10, 'N': 10, 'p': 0.5, 'seed': 30, 'sim': 2, 'runtime': 1.3723677108064294, 'identifiable': True, 'branch': 6}, {'J': 50, 'K': 10, 'N': 10, 'p': 0.5, 'seed': 30, 'sim': 3, 'runtime': 2.1041997065767646, 'identifiable': True, 'branch': 6}, {'J': 50, 'K': 10, 'N': 10, 'p': 0.5, 'seed': 30, 'sim': 4, 'runtime': 2.419853825122118, 'identifiable': True, 'branch': 6}, {'J': 50, 'K': 10, 'N': 10, 'p': 0.5, 'seed': 30, 'sim': 5, 'runtime': 1.7955265259370208, 'identifiable': True, 'branch': 6}, {'J': 50, 'K': 10, 'N': 10, 'p': 0.5, 'seed': 30, 'sim': 6, 'runtime': 2.114570933394134, 'identifiable': True, 'branch': 6}, {'J': 50, 'K': 10, 'N': 10, 'p': 0.5, 'seed': 30, 'sim': 7, 'runtime': 2.468912516720593, 'identifiable': True, 'branch': 6}, {'J': 50, 'K': 10, 'N': 10, 'p': 0.5, 'seed': 30, 'sim': 8, 'runtime': 1.4112697932869196, 'identifiable': True, 'branch': 6}, {'J': 50, 'K': 10, 'N': 10, 'p': 0.5, 'seed': 30, 'sim': 9, 'runtime': 2.3190733352676034, 'identifiable': True, 'branch': 6}]
