
The Gurobi software has a limited number of licenses. To request a license or
licenses, add this line

    #SBATCH --licenses=gurobi@slurmdb:1

to your SBATCH script, replacing N with the number of licenses you need. Gurobi
will need one license per process.


0
Q: [[1 1 0 0 0]
 [1 0 0 0 1]
 [1 1 0 1 0]
 [0 0 1 1 1]
 [1 1 0 0 1]
 [1 0 0 0 0]
 [0 1 1 0 0]
 [0 0 0 1 0]
 [0 0 1 0 0]
 [0 0 1 0 0]
 [0 0 1 1 0]
 [0 1 0 0 1]
 [1 0 1 1 0]
 [1 0 0 0 0]
 [0 1 1 0 1]
 [0 0 0 0 0]
 [1 0 1 0 1]
 [0 0 1 0 0]
 [0 0 0 0 1]
 [0 0 0 1 1]
 [1 0 0 0 0]
 [0 1 0 0 1]
 [0 0 1 0 1]
 [0 1 0 0 0]
 [0 1 0 0 1]
 [0 0 0 0 0]
 [1 0 0 1 0]
 [0 1 0 0 0]
 [1 0 0 0 1]
 [1 1 0 0 0]
 [0 1 0 1 1]
 [1 0 0 0 1]
 [1 1 0 0 0]
 [0 0 0 1 0]
 [0 0 0 0 0]
 [1 0 1 0 1]
 [0 0 0 1 1]
 [0 0 1 0 0]
 [0 0 0 0 1]
 [1 0 0 0 0]
 [1 0 1 0 0]
 [1 0 0 1 0]
 [0 1 1 0 0]
 [0 0 0 0 0]
 [0 1 0 1 0]
 [0 0 0 0 0]
 [0 1 0 1 1]
 [1 0 1 0 1]
 [1 0 1 0 0]
 [0 0 0 1 0]]
Q is identifiable (direct_check).
Q is identifiable
branch at 4
runtime for solving id of Q is 0.0005413349717855453
Simulation results:
{'J': 50, 'K': 5, 'N': 10, 'p': 0.3, 'seed': 92, 'sim': 0, 'runtime': 0.0005413349717855453, 'identifiable': 1, 'branch': 4}
1
Q: [[0 0 0 0 0]
 [1 1 0 1 0]
 [0 0 0 0 0]
 [0 0 0 1 0]
 [0 1 1 1 0]
 [0 0 0 0 0]
 [0 1 0 0 1]
 [0 0 0 0 1]
 [0 0 1 1 0]
 [1 0 1 1 0]
 [1 0 0 1 0]
 [0 0 1 0 1]
 [0 0 0 1 0]
 [1 0 0 0 1]
 [0 1 0 1 0]
 [1 0 1 0 0]
 [1 0 1 1 1]
 [0 0 0 0 1]
 [0 0 0 0 1]
 [0 1 0 0 0]
 [0 0 1 0 0]
 [0 0 1 1 1]
 [1 1 0 1 0]
 [1 0 0 1 0]
 [1 0 1 1 0]
 [0 1 0 1 1]
 [0 0 0 1 0]
 [1 0 0 0 0]
 [1 0 0 1 0]
 [1 1 1 1 0]
 [1 0 0 1 0]
 [0 0 0 0 0]
 [0 0 1 0 0]
 [1 0 0 0 0]
 [0 0 1 0 0]
 [0 0 0 1 0]
 [0 0 0 0 0]
 [1 1 1 1 0]
 [0 0 0 0 0]
 [1 1 0 0 0]
 [1 0 1 1 0]
 [0 0 0 1 0]
 [0 0 1 0 0]
 [1 1 0 0 0]
 [1 0 0 0 0]
 [0 1 0 1 1]
 [0 0 0 1 1]
 [0 0 1 1 0]
 [0 1 1 1 1]
 [0 0 0 0 0]]
Q is identifiable (direct_check).
Q is identifiable
branch at 4
runtime for solving id of Q is 0.0005146623589098454
Simulation results:
{'J': 50, 'K': 5, 'N': 10, 'p': 0.3, 'seed': 92, 'sim': 1, 'runtime': 0.0005146623589098454, 'identifiable': 1, 'branch': 4}
2
Q: [[0 0 0 0 0]
 [0 0 1 1 1]
 [1 1 0 1 0]
 [0 0 0 0 0]
 [0 0 0 1 1]
 [1 0 0 0 0]
 [0 1 0 0 0]
 [0 0 0 0 0]
 [0 1 0 0 1]
 [1 1 0 0 1]
 [1 0 0 0 1]
 [0 0 1 0 0]
 [0 0 0 0 0]
 [0 1 0 0 0]
 [0 0 0 0 1]
 [0 0 1 0 1]
 [0 0 1 0 1]
 [1 0 1 0 0]
 [1 1 0 0 0]
 [0 1 0 0 1]
 [0 0 0 0 0]
 [0 0 0 0 0]
 [1 0 1 0 1]
 [1 0 0 0 0]
 [0 1 0 0 1]
 [0 0 0 0 0]
 [1 1 1 0 1]
 [0 1 0 0 1]
 [0 0 0 0 0]
 [0 1 0 0 0]
 [0 0 0 1 1]
 [0 0 0 0 1]
 [0 1 0 0 0]
 [1 1 1 0 1]
 [0 1 0 0 0]
 [0 1 1 0 0]
 [0 1 0 1 1]
 [1 1 0 0 0]
 [0 0 0 1 0]
 [0 1 1 1 0]
 [1 0 0 0 0]
 [1 0 1 0 0]
 [1 1 0 0 0]
 [0 0 0 1 0]
 [0 1 0 0 1]
 [0 1 0 0 0]
 [1 0 0 0 0]
 [1 0 0 0 0]
 [0 0 0 0 0]
 [0 0 0 0 0]]
Q is identifiable (direct_check).
Q is identifiable
branch at 4
runtime for solving id of Q is 0.000451589934527874
Simulation results:
{'J': 50, 'K': 5, 'N': 10, 'p': 0.3, 'seed': 92, 'sim': 2, 'runtime': 0.000451589934527874, 'identifiable': 1, 'branch': 4}
3
Q: [[1 1 0 0 0]
 [1 0 1 1 1]
 [1 1 1 1 0]
 [0 1 0 1 0]
 [0 0 0 1 0]
 [0 0 0 0 0]
 [0 0 0 0 0]
 [1 0 0 0 0]
 [1 0 0 1 0]
 [0 0 0 0 0]
 [0 1 0 1 1]
 [0 1 0 1 0]
 [1 0 1 0 1]
 [0 1 0 0 0]
 [0 1 0 0 0]
 [0 1 1 0 0]
 [0 0 0 0 0]
 [0 1 1 0 0]
 [1 1 0 0 0]
 [0 1 0 0 0]
 [1 1 0 1 1]
 [0 0 1 1 0]
 [0 0 0 0 1]
 [0 0 0 0 0]
 [0 1 0 1 0]
 [0 0 0 1 0]
 [0 0 1 0 0]
 [1 0 0 0 0]
 [0 1 0 0 0]
 [0 0 0 0 1]
 [0 0 1 0 0]
 [0 1 0 1 0]
 [1 0 1 1 0]
 [0 0 0 0 0]
 [1 0 0 0 0]
 [0 1 0 1 0]
 [0 0 0 0 0]
 [1 0 1 0 1]
 [0 0 0 1 0]
 [0 1 0 0 0]
 [0 1 0 0 0]
 [0 0 1 1 0]
 [1 0 0 0 0]
 [0 1 0 1 0]
 [0 0 0 0 1]
 [0 1 0 0 1]
 [0 0 1 0 0]
 [0 0 0 0 0]
 [0 0 0 0 1]
 [0 0 0 0 0]]
Q is identifiable (direct_check).
Q is identifiable
branch at 4
runtime for solving id of Q is 0.0004418720491230488
Simulation results:
{'J': 50, 'K': 5, 'N': 10, 'p': 0.3, 'seed': 92, 'sim': 3, 'runtime': 0.0004418720491230488, 'identifiable': 1, 'branch': 4}
4
Q: [[0 0 1 1 1]
 [1 0 0 0 1]
 [0 1 0 0 0]
 [0 0 0 0 1]
 [0 1 0 0 1]
 [1 0 0 0 0]
 [0 1 1 0 0]
 [1 0 0 0 0]
 [0 1 0 0 1]
 [0 1 0 1 0]
 [0 1 0 0 1]
 [0 1 0 0 0]
 [0 0 0 0 0]
 [0 1 0 0 0]
 [0 0 1 1 0]
 [1 1 1 0 0]
 [1 0 1 0 0]
 [0 0 1 0 0]
 [0 0 0 0 0]
 [0 0 1 0 0]
 [1 0 0 0 0]
 [0 1 0 0 0]
 [1 0 1 0 0]
 [0 0 0 0 1]
 [1 0 0 0 1]
 [0 0 1 0 1]
 [0 0 0 1 0]
 [0 0 0 1 0]
 [0 0 0 1 0]
 [0 1 0 0 0]
 [1 0 0 1 0]
 [0 1 0 0 0]
 [1 0 1 1 0]
 [0 0 1 0 0]
 [1 0 0 1 0]
 [0 0 0 0 1]
 [1 0 1 0 0]
 [1 1 1 0 1]
 [0 0 1 0 0]
 [0 0 0 1 0]
 [0 0 0 0 1]
 [1 0 0 0 1]
 [0 0 1 0 0]
 [0 1 1 0 0]
 [0 1 1 0 0]
 [1 0 1 0 1]
 [1 0 1 0 0]
 [1 0 0 0 0]
 [1 0 1 1 0]
 [0 0 0 0 0]]
Q is identifiable (direct_check).
Q is identifiable
branch at 4
runtime for solving id of Q is 0.00044016633182764053
Simulation results:
{'J': 50, 'K': 5, 'N': 10, 'p': 0.3, 'seed': 92, 'sim': 4, 'runtime': 0.00044016633182764053, 'identifiable': 1, 'branch': 4}
5
Q: [[0 0 0 0 0]
 [0 0 0 0 1]
 [0 0 0 1 0]
 [0 0 1 0 0]
 [0 1 0 1 0]
 [1 0 0 0 1]
 [1 0 1 0 1]
 [0 0 1 0 0]
 [0 0 1 0 1]
 [0 0 0 1 0]
 [0 0 1 1 0]
 [1 1 0 0 0]
 [0 0 0 1 1]
 [1 1 0 0 0]
 [0 0 0 0 0]
 [0 1 1 0 0]
 [1 0 0 0 0]
 [0 1 0 0 1]
 [1 0 1 0 1]
 [0 0 1 0 0]
 [1 0 0 0 0]
 [1 0 1 1 0]
 [0 0 0 0 0]
 [0 0 0 0 0]
 [0 0 0 0 0]
 [0 0 0 0 0]
 [1 0 0 0 0]
 [0 0 0 1 0]
 [0 1 1 0 0]
 [0 0 0 1 0]
 [0 0 0 1 0]
 [1 1 0 0 0]
 [0 0 0 1 0]
 [1 0 0 0 0]
 [0 1 0 0 1]
 [0 0 0 0 0]
 [0 1 0 0 0]
 [0 1 0 0 0]
 [1 0 0 0 0]
 [1 1 0 1 0]
 [0 0 0 1 0]
 [0 0 1 0 0]
 [1 1 0 1 0]
 [0 0 0 0 1]
 [0 0 0 0 0]
 [0 0 0 0 0]
 [0 0 0 1 1]
 [1 1 0 0 0]
 [0 0 0 1 1]
 [1 0 0 1 0]]
Q is identifiable (direct_check).
Q is identifiable
branch at 4
runtime for solving id of Q is 0.00043455883860588074
Simulation results:
{'J': 50, 'K': 5, 'N': 10, 'p': 0.3, 'seed': 92, 'sim': 5, 'runtime': 0.00043455883860588074, 'identifiable': 1, 'branch': 4}
6
Q: [[0 0 1 0 0]
 [1 0 0 0 1]
 [0 0 1 0 0]
 [0 0 1 1 0]
 [1 0 0 0 0]
 [0 0 0 0 1]
 [1 1 0 0 0]
 [0 1 0 0 1]
 [0 0 0 0 1]
 [0 0 0 0 0]
 [1 0 0 0 0]
 [1 1 0 0 0]
 [0 0 0 1 0]
 [0 0 0 0 1]
 [1 1 0 0 0]
 [1 0 0 0 0]
 [1 1 0 0 0]
 [0 0 0 0 0]
 [0 0 0 0 1]
 [1 0 0 1 1]
 [0 0 1 0 0]
 [0 0 1 0 1]
 [1 0 0 1 0]
 [0 0 0 1 1]
 [1 0 0 0 0]
 [0 1 0 1 1]
 [0 1 1 1 1]
 [0 0 1 0 0]
 [0 0 0 0 0]
 [1 0 0 0 0]
 [1 0 0 0 0]
 [0 0 0 0 0]
 [0 0 0 0 1]
 [0 1 0 0 1]
 [0 1 0 0 1]
 [1 0 1 1 0]
 [0 0 1 1 1]
 [1 0 0 0 1]
 [0 0 0 0 1]
 [1 1 0 1 0]
 [1 0 0 1 0]
 [1 1 0 0 1]
 [1 0 0 1 0]
 [0 0 0 0 0]
 [0 0 0 0 0]
 [0 0 1 1 0]
 [1 0 0 1 0]
 [0 0 0 0 0]
 [0 0 0 0 1]
 [1 1 0 0 0]]
{'restarts': 1, 'conflicts': 5, 'decisions': 13, 'propagations': 333}
Q is identifiable
branch at 6
runtime for solving id of Q is 0.002676060888916254
Simulation results:
{'J': 50, 'K': 5, 'N': 10, 'p': 0.3, 'seed': 92, 'sim': 6, 'runtime': 0.002676060888916254, 'identifiable': 1, 'branch': 6}
7
Q: [[1 0 0 1 1]
 [0 0 1 0 0]
 [0 0 1 0 0]
 [0 0 1 0 0]
 [1 0 0 0 0]
 [1 0 0 0 1]
 [0 0 0 0 1]
 [0 0 1 0 0]
 [0 0 0 1 0]
 [1 0 0 0 0]
 [0 0 0 0 0]
 [1 1 0 0 0]
 [0 0 1 0 1]
 [0 0 0 0 0]
 [0 0 1 0 0]
 [0 0 0 1 0]
 [1 1 1 0 1]
 [0 0 1 0 0]
 [0 0 0 1 0]
 [0 0 1 0 0]
 [0 0 1 0 1]
 [0 0 1 0 0]
 [0 0 0 1 1]
 [1 0 1 0 1]
 [0 1 0 0 0]
 [0 0 0 0 0]
 [0 0 0 1 1]
 [0 0 0 1 0]
 [0 1 0 1 1]
 [0 0 0 0 0]
 [1 1 1 0 1]
 [0 1 1 0 0]
 [0 0 1 0 0]
 [0 0 0 0 1]
 [0 0 0 0 1]
 [1 0 0 1 0]
 [1 0 0 0 1]
 [0 0 1 0 1]
 [0 0 0 1 0]
 [1 0 0 0 0]
 [0 0 0 1 0]
 [0 1 0 0 0]
 [0 0 0 0 1]
 [0 0 1 1 1]
 [1 0 0 1 0]
 [0 0 0 1 0]
 [1 0 0 0 1]
 [0 0 0 0 0]
 [0 0 0 1 0]
 [0 1 0 1 0]]
Q is identifiable (direct_check).
Q is identifiable
branch at 4
runtime for solving id of Q is 0.00043766992166638374
Simulation results:
{'J': 50, 'K': 5, 'N': 10, 'p': 0.3, 'seed': 92, 'sim': 7, 'runtime': 0.00043766992166638374, 'identifiable': 1, 'branch': 4}
8
Q: [[0 0 1 0 0]
 [0 0 0 0 1]
 [0 0 0 0 1]
 [0 0 0 0 0]
 [0 0 0 0 0]
 [0 1 0 1 0]
 [0 0 0 0 0]
 [0 0 0 1 0]
 [0 0 1 0 0]
 [1 1 0 0 0]
 [1 0 0 0 1]
 [1 0 1 0 0]
 [0 1 0 0 1]
 [0 1 0 0 0]
 [0 0 1 0 1]
 [0 1 0 0 1]
 [1 0 1 0 0]
 [0 0 0 0 1]
 [0 0 0 0 0]
 [1 1 0 1 0]
 [0 0 0 0 1]
 [1 0 0 0 0]
 [1 0 0 0 1]
 [0 1 1 0 0]
 [0 1 0 0 1]
 [1 0 0 0 0]
 [0 1 0 0 1]
 [1 0 1 0 1]
 [0 0 0 0 0]
 [0 0 0 0 0]
 [0 0 1 0 0]
 [1 0 0 0 0]
 [0 0 0 0 1]
 [0 1 0 0 0]
 [1 1 0 1 0]
 [0 0 0 0 0]
 [1 0 0 0 0]
 [0 1 0 0 1]
 [1 0 1 1 1]
 [0 0 1 0 0]
 [0 0 0 0 0]
 [0 0 1 0 1]
 [1 1 1 0 0]
 [0 1 0 1 0]
 [1 1 1 0 0]
 [0 1 0 0 1]
 [0 1 1 1 0]
 [1 0 0 1 0]
 [0 0 0 0 1]
 [0 1 0 0 1]]
Q is identifiable (direct_check).
Q is identifiable
branch at 4
runtime for solving id of Q is 0.0004297960549592972
Simulation results:
{'J': 50, 'K': 5, 'N': 10, 'p': 0.3, 'seed': 92, 'sim': 8, 'runtime': 0.0004297960549592972, 'identifiable': 1, 'branch': 4}
9
Q: [[0 0 0 0 0]
 [0 0 0 1 1]
 [0 0 1 1 0]
 [1 0 0 1 0]
 [0 0 0 0 0]
 [1 0 0 1 0]
 [0 1 1 0 0]
 [1 0 1 0 0]
 [0 0 0 0 1]
 [1 1 0 0 0]
 [0 0 0 0 0]
 [0 0 0 0 0]
 [0 1 0 0 0]
 [1 1 0 1 1]
 [0 0 0 1 0]
 [1 0 0 1 0]
 [0 1 0 1 0]
 [1 0 0 0 0]
 [1 1 1 1 0]
 [0 0 0 0 0]
 [1 0 0 0 0]
 [0 0 0 0 0]
 [1 1 0 0 0]
 [0 0 0 0 0]
 [1 1 0 1 1]
 [1 1 1 0 1]
 [0 0 1 0 1]
 [0 1 0 0 1]
 [1 0 0 0 1]
 [0 0 0 0 1]
 [0 0 0 0 0]
 [0 1 1 0 0]
 [0 1 0 0 0]
 [0 0 1 0 1]
 [0 0 0 0 0]
 [0 0 0 1 0]
 [0 0 0 0 0]
 [0 1 0 1 0]
 [0 0 0 1 1]
 [0 0 0 0 0]
 [0 0 0 1 1]
 [1 1 0 0 1]
 [0 0 0 0 1]
 [0 1 0 0 1]
 [0 0 0 0 1]
 [1 0 1 0 1]
 [0 0 0 0 0]
 [0 0 0 1 0]
 [1 1 1 0 0]
 [0 1 0 0 1]]
{'restarts': 1, 'conflicts': 7, 'decisions': 20, 'propagations': 510}
Q is identifiable
branch at 6
runtime for solving id of Q is 0.003897243645042181
Simulation results:
{'J': 50, 'K': 5, 'N': 10, 'p': 0.3, 'seed': 92, 'sim': 9, 'runtime': 0.003897243645042181, 'identifiable': 1, 'branch': 6}
Simulation results:
[{'J': 50, 'K': 5, 'N': 10, 'p': 0.3, 'seed': 92, 'sim': 0, 'runtime': 0.0005413349717855453, 'identifiable': 1, 'branch': 4}, {'J': 50, 'K': 5, 'N': 10, 'p': 0.3, 'seed': 92, 'sim': 1, 'runtime': 0.0005146623589098454, 'identifiable': 1, 'branch': 4}, {'J': 50, 'K': 5, 'N': 10, 'p': 0.3, 'seed': 92, 'sim': 2, 'runtime': 0.000451589934527874, 'identifiable': 1, 'branch': 4}, {'J': 50, 'K': 5, 'N': 10, 'p': 0.3, 'seed': 92, 'sim': 3, 'runtime': 0.0004418720491230488, 'identifiable': 1, 'branch': 4}, {'J': 50, 'K': 5, 'N': 10, 'p': 0.3, 'seed': 92, 'sim': 4, 'runtime': 0.00044016633182764053, 'identifiable': 1, 'branch': 4}, {'J': 50, 'K': 5, 'N': 10, 'p': 0.3, 'seed': 92, 'sim': 5, 'runtime': 0.00043455883860588074, 'identifiable': 1, 'branch': 4}, {'J': 50, 'K': 5, 'N': 10, 'p': 0.3, 'seed': 92, 'sim': 6, 'runtime': 0.002676060888916254, 'identifiable': 1, 'branch': 6}, {'J': 50, 'K': 5, 'N': 10, 'p': 0.3, 'seed': 92, 'sim': 7, 'runtime': 0.00043766992166638374, 'identifiable': 1, 'branch': 4}, {'J': 50, 'K': 5, 'N': 10, 'p': 0.3, 'seed': 92, 'sim': 8, 'runtime': 0.0004297960549592972, 'identifiable': 1, 'branch': 4}, {'J': 50, 'K': 5, 'N': 10, 'p': 0.3, 'seed': 92, 'sim': 9, 'runtime': 0.003897243645042181, 'identifiable': 1, 'branch': 6}]
