
The Gurobi software has a limited number of licenses. To request a license or
licenses, add this line

    #SBATCH --licenses=gurobi@slurmdb:1

to your SBATCH script, replacing N with the number of licenses you need. Gurobi
will need one license per process.


0
Q: [[0 1 0 1 1 0 1 0 1 1]
 [1 1 1 1 1 1 1 0 1 1]
 [1 1 1 1 1 0 1 0 1 0]
 [1 1 1 1 1 1 1 0 1 1]
 [1 0 1 1 0 0 0 1 1 1]
 [1 0 1 1 1 1 1 0 1 1]
 [1 1 1 1 0 1 1 0 1 1]
 [0 0 1 0 1 1 1 1 0 0]
 [1 1 1 1 1 1 1 1 1 1]
 [0 0 1 0 1 0 1 1 0 0]
 [1 1 1 1 0 0 1 0 0 1]
 [0 1 0 1 1 0 1 1 1 0]
 [0 1 1 1 0 1 0 0 1 0]
 [0 1 0 1 0 0 0 0 0 1]
 [0 1 1 0 1 1 1 0 0 1]
 [1 1 0 1 1 1 1 0 1 1]
 [1 1 1 1 1 0 1 0 0 0]
 [1 0 1 1 1 1 0 1 1 0]
 [1 1 0 1 0 0 1 1 1 1]
 [0 1 1 1 1 1 1 0 0 1]
 [0 0 1 1 0 0 1 0 1 0]
 [1 0 1 1 0 1 1 1 0 0]
 [1 1 0 1 0 1 1 1 0 1]
 [0 0 1 1 1 0 1 0 1 1]
 [0 1 0 0 1 1 1 1 0 1]
 [1 0 0 1 0 0 1 1 1 1]
 [1 1 1 1 0 0 1 1 0 1]
 [1 1 1 1 1 1 0 1 1 0]
 [1 1 1 1 0 1 0 0 0 1]
 [1 0 1 0 1 1 1 1 0 1]
 [1 1 0 0 1 1 1 1 1 1]
 [1 1 0 1 1 1 0 0 1 0]
 [0 1 0 0 1 0 1 1 1 1]
 [1 0 0 0 0 0 1 1 0 0]
 [1 1 1 1 1 1 1 1 1 1]
 [1 1 1 1 1 1 0 1 0 1]
 [1 1 1 1 1 1 0 1 0 1]
 [1 1 1 0 1 1 1 0 1 0]
 [0 1 1 1 0 1 1 1 1 1]
 [0 1 0 1 1 1 1 1 0 1]
 [1 0 1 1 0 0 1 0 1 1]
 [1 1 1 1 0 1 1 0 1 0]
 [1 1 1 0 1 1 0 1 1 0]
 [1 1 1 0 0 1 1 0 1 0]
 [1 1 1 1 1 1 1 0 1 1]
 [1 1 1 1 0 1 1 0 1 1]
 [1 1 1 1 1 1 1 1 0 1]
 [1 0 1 0 0 0 1 1 0 1]
 [1 0 1 0 1 0 0 0 0 0]
 [1 1 1 1 1 0 1 1 0 1]
 [1 1 1 0 1 0 0 1 1 1]
 [1 1 1 1 0 1 0 1 1 0]
 [1 1 1 1 1 0 1 1 1 1]
 [1 1 0 1 1 1 0 1 1 0]
 [1 1 1 1 1 0 1 0 1 0]
 [0 1 0 1 1 1 0 1 1 1]
 [1 1 0 1 0 1 1 1 0 1]
 [1 0 0 0 1 1 1 1 1 1]
 [1 1 0 1 1 0 1 1 1 0]
 [0 1 0 0 1 0 1 0 1 1]
 [0 1 1 0 1 0 0 1 0 0]
 [1 1 1 1 1 1 1 0 0 1]
 [1 1 1 1 1 1 0 1 1 1]
 [1 1 0 0 1 1 1 1 1 1]
 [0 0 1 1 1 1 0 1 1 0]
 [0 1 0 1 1 0 0 0 0 0]
 [1 0 1 0 1 1 0 0 1 1]
 [1 0 1 1 1 1 0 1 0 1]
 [1 0 0 1 1 0 1 0 0 0]
 [0 1 0 0 1 1 0 0 1 1]
 [1 0 0 1 1 0 1 1 0 1]
 [1 0 1 1 0 1 1 1 1 1]
 [1 0 0 0 1 0 1 0 1 1]
 [0 1 0 1 1 1 1 0 0 1]
 [1 1 1 0 0 1 1 1 1 1]
 [1 1 1 1 0 1 1 1 1 0]
 [1 1 1 1 1 0 1 1 0 1]
 [0 1 0 1 1 1 1 1 1 1]
 [1 1 1 0 0 0 1 1 1 1]
 [0 1 1 0 1 0 1 0 1 0]
 [1 1 0 1 1 1 1 0 0 1]
 [1 1 1 1 1 1 0 1 1 0]
 [1 1 1 1 0 1 1 1 1 1]
 [0 1 1 1 1 1 0 0 1 0]
 [1 1 0 1 0 1 0 1 1 1]
 [1 1 0 1 0 1 1 1 0 1]
 [1 1 1 1 0 1 1 1 1 1]
 [1 1 0 1 1 0 1 1 0 1]
 [0 1 0 0 1 1 1 1 1 1]
 [1 0 1 1 1 1 1 1 1 0]
 [1 1 1 0 0 0 1 1 1 1]
 [1 1 1 1 1 0 1 1 1 1]
 [1 1 1 1 1 1 1 1 1 1]
 [1 0 0 1 0 0 0 1 1 1]
 [0 1 1 1 1 1 1 0 1 0]
 [1 1 1 0 1 1 1 0 0 1]
 [0 1 0 1 1 1 0 1 1 1]
 [1 0 1 1 1 1 0 1 1 1]
 [1 0 1 1 1 1 1 1 1 1]
 [1 1 0 1 0 1 1 1 1 1]]
{'restarts': 15, 'conflicts': 5325, 'decisions': 10157, 'propagations': 5173567}
Q is identifiable
branch at 6
runtime for solving id of Q is 0.7788143865764141
Simulation results:
{'J': 100, 'K': 10, 'N': 10, 'p': 0.7, 'seed': 733, 'sim': 0, 'runtime': 0.7788143865764141, 'identifiable': 1, 'branch': 6}
1
Q: [[1 0 1 0 0 0 0 1 0 0]
 [1 1 0 0 1 1 1 0 1 1]
 [0 1 0 0 1 0 1 0 1 0]
 [1 1 0 1 1 0 1 0 1 1]
 [1 1 1 1 0 1 1 0 1 0]
 [1 1 0 1 1 0 0 0 1 1]
 [1 0 1 1 1 0 1 0 1 1]
 [1 0 1 0 1 1 1 0 1 1]
 [1 1 1 1 1 1 0 1 0 1]
 [1 1 0 0 0 1 1 1 0 1]
 [1 1 1 1 1 1 0 0 1 0]
 [1 0 1 1 0 0 1 1 1 0]
 [1 1 1 0 1 1 1 0 1 1]
 [0 0 1 1 1 1 1 1 0 1]
 [0 1 1 1 0 0 0 1 1 1]
 [0 1 0 1 1 0 0 0 1 1]
 [1 1 0 0 1 1 0 1 1 1]
 [1 1 1 0 1 0 1 1 1 1]
 [1 0 1 1 1 1 1 1 0 0]
 [1 1 0 1 1 0 1 1 1 1]
 [0 0 0 1 1 0 0 1 1 1]
 [0 0 1 0 1 1 0 1 0 0]
 [1 0 1 0 1 0 1 0 1 0]
 [1 1 1 0 1 0 1 0 1 0]
 [1 1 1 1 1 1 1 1 1 1]
 [1 0 1 1 1 1 0 0 0 0]
 [1 1 0 1 1 0 0 1 1 1]
 [0 0 1 0 0 0 0 1 0 0]
 [1 1 0 1 1 1 0 1 1 1]
 [1 1 0 1 1 1 1 0 1 1]
 [0 0 1 0 0 1 1 1 1 1]
 [1 1 1 0 1 1 1 1 1 1]
 [0 0 1 1 1 1 0 1 1 1]
 [1 0 1 1 1 1 1 1 1 0]
 [1 1 0 0 1 1 0 1 0 1]
 [1 1 0 1 0 1 1 0 1 1]
 [1 1 1 1 1 0 0 1 1 1]
 [0 1 1 1 1 0 1 1 1 1]
 [1 0 0 1 0 0 1 1 1 1]
 [0 1 1 1 1 1 1 1 1 1]
 [1 1 1 0 1 1 1 0 1 0]
 [0 1 1 0 0 1 1 1 1 0]
 [1 1 0 1 0 1 1 1 1 1]
 [1 1 1 1 1 1 0 1 1 1]
 [1 1 1 1 1 1 1 0 1 1]
 [1 1 0 0 0 1 1 1 0 1]
 [1 1 1 0 0 1 1 0 1 1]
 [1 1 0 1 1 1 1 1 1 1]
 [0 1 1 0 1 0 0 1 1 0]
 [1 0 1 1 1 1 1 1 1 0]
 [1 1 0 0 1 0 1 1 0 1]
 [1 0 1 1 1 1 0 1 1 1]
 [1 0 1 1 1 1 1 1 0 0]
 [0 1 0 1 0 1 0 0 1 1]
 [1 1 1 0 1 0 1 1 0 1]
 [1 1 1 1 1 1 0 0 0 0]
 [1 0 0 1 1 1 0 1 0 0]
 [0 1 0 0 1 1 1 0 0 1]
 [1 1 1 0 0 1 0 1 1 0]
 [0 0 1 0 1 1 0 0 0 1]
 [1 1 1 1 0 1 1 0 0 0]
 [1 1 1 1 1 1 0 1 0 1]
 [0 1 0 1 0 1 1 1 1 1]
 [1 0 1 1 0 1 1 1 0 1]
 [1 0 0 1 1 0 1 1 0 1]
 [0 0 1 1 1 1 1 1 1 1]
 [1 1 1 0 1 1 1 0 1 1]
 [1 1 1 0 0 0 1 1 1 1]
 [1 0 1 1 1 1 1 1 0 0]
 [0 1 1 1 1 1 1 1 1 1]
 [0 0 0 1 1 0 1 1 0 1]
 [0 0 0 0 0 1 0 1 1 1]
 [0 0 1 1 1 1 1 1 1 1]
 [0 1 0 1 1 1 0 1 1 1]
 [0 1 0 1 1 1 1 1 1 1]
 [1 1 1 0 0 1 1 1 1 1]
 [1 1 1 1 1 1 1 0 0 0]
 [0 0 0 1 1 0 0 1 1 0]
 [0 1 1 1 1 1 0 1 1 1]
 [1 1 1 0 0 1 1 1 0 0]
 [0 1 1 0 0 1 1 0 0 1]
 [1 1 1 1 1 0 1 1 1 1]
 [1 1 0 1 0 1 1 1 1 0]
 [1 0 1 1 1 1 0 1 1 1]
 [1 1 1 1 1 0 1 0 0 0]
 [0 1 0 1 1 1 0 1 0 1]
 [1 0 1 0 1 1 1 0 0 1]
 [0 0 1 1 0 0 1 1 1 0]
 [1 1 1 1 0 1 1 0 1 0]
 [1 1 1 1 0 1 1 1 0 1]
 [0 1 1 1 1 0 1 1 0 1]
 [1 1 1 0 1 1 1 1 0 1]
 [0 1 0 1 1 0 1 1 0 0]
 [1 1 0 1 1 1 1 1 1 0]
 [0 1 0 0 0 1 1 1 1 1]
 [1 0 1 0 1 1 1 1 1 1]
 [0 1 1 1 1 1 1 0 1 1]
 [1 0 1 1 0 1 1 1 0 0]
 [1 0 1 0 0 0 1 1 0 1]
 [1 1 1 0 0 1 1 1 0 1]]
{'restarts': 7, 'conflicts': 1961, 'decisions': 4508, 'propagations': 1988111}
Q is identifiable
branch at 6
runtime for solving id of Q is 0.5105702923610806
Simulation results:
{'J': 100, 'K': 10, 'N': 10, 'p': 0.7, 'seed': 733, 'sim': 1, 'runtime': 0.5105702923610806, 'identifiable': 1, 'branch': 6}
2
Q: [[0 0 0 1 1 1 0 0 1 0]
 [1 1 1 0 1 1 1 1 0 0]
 [0 1 0 1 1 1 0 1 1 1]
 [0 1 1 1 1 1 1 1 0 1]
 [1 0 1 0 0 1 1 1 0 1]
 [1 1 1 1 1 1 1 1 1 1]
 [1 1 0 1 0 1 0 1 0 1]
 [1 1 0 0 0 0 0 0 1 1]
 [0 1 1 1 1 1 1 1 1 1]
 [0 1 1 1 1 1 0 1 0 1]
 [0 1 1 1 0 1 0 0 1 1]
 [1 1 1 0 1 1 1 1 0 0]
 [1 1 0 0 1 0 1 1 0 0]
 [1 1 0 1 1 0 1 1 0 1]
 [1 1 1 1 1 1 1 1 1 1]
 [1 1 0 1 1 1 1 1 1 1]
 [1 1 1 1 0 1 0 1 1 0]
 [1 1 1 1 1 0 1 0 0 1]
 [0 1 1 0 1 1 0 1 1 1]
 [1 0 1 0 1 1 1 0 1 0]
 [0 1 0 0 0 1 1 0 1 1]
 [1 1 0 1 1 1 1 0 0 0]
 [1 0 0 1 1 1 0 1 1 1]
 [1 1 0 1 1 1 1 1 1 1]
 [1 1 1 0 1 1 0 1 1 0]
 [0 1 1 0 1 0 1 1 1 0]
 [0 1 1 0 1 1 1 0 1 1]
 [1 0 1 1 1 1 1 1 1 1]
 [0 1 1 0 1 0 1 0 0 0]
 [0 1 0 1 1 0 0 1 1 1]
 [0 1 1 1 1 1 1 1 1 1]
 [1 1 0 0 1 1 1 1 0 1]
 [0 0 0 0 1 0 1 1 1 1]
 [1 0 0 1 1 1 1 1 1 1]
 [1 1 1 1 0 1 1 1 1 1]
 [1 1 1 1 1 1 0 1 1 1]
 [1 1 0 0 0 0 1 1 1 1]
 [1 0 1 1 1 1 0 0 1 1]
 [0 1 1 1 1 1 0 0 1 1]
 [1 1 0 1 1 1 0 1 1 1]
 [1 1 1 1 1 1 0 1 1 1]
 [0 1 0 1 1 1 0 1 1 1]
 [1 1 1 1 1 1 1 0 0 1]
 [1 1 1 0 1 1 1 1 1 1]
 [1 0 1 0 1 0 1 1 0 1]
 [1 0 1 1 1 1 1 1 1 1]
 [1 1 0 1 0 0 1 1 1 1]
 [1 0 1 0 0 1 1 1 1 1]
 [1 1 1 0 1 0 1 0 1 1]
 [1 1 1 1 0 1 1 1 0 1]
 [1 1 0 1 0 0 0 1 0 0]
 [1 1 1 1 1 1 0 1 0 1]
 [1 1 1 0 0 1 1 1 0 1]
 [1 0 0 0 1 1 0 0 1 0]
 [1 1 1 1 1 0 0 1 1 1]
 [1 1 0 0 0 0 0 1 1 1]
 [1 1 0 1 1 1 0 1 0 1]
 [1 1 1 1 1 1 1 1 0 1]
 [1 0 0 1 0 0 1 1 0 1]
 [1 1 1 1 0 1 1 1 1 0]
 [1 1 1 0 1 1 0 1 0 1]
 [1 1 1 1 0 1 0 1 1 1]
 [1 1 0 0 1 1 1 1 1 0]
 [0 1 1 0 1 1 0 1 1 0]
 [1 1 0 1 0 0 1 0 1 1]
 [1 0 1 0 0 1 1 1 0 0]
 [1 1 1 1 1 0 1 1 1 0]
 [1 0 1 1 1 1 0 1 1 1]
 [1 1 1 1 1 1 1 1 1 1]
 [0 1 1 1 0 1 1 1 0 1]
 [0 1 0 1 1 0 1 1 0 1]
 [1 0 1 1 1 1 1 1 0 1]
 [0 0 1 1 1 1 1 1 1 0]
 [1 0 1 1 0 1 1 1 1 1]
 [1 1 0 0 0 1 1 1 1 1]
 [1 1 1 0 0 0 1 0 1 0]
 [1 0 1 1 0 0 1 1 0 1]
 [1 0 0 1 1 1 1 0 1 0]
 [1 0 1 0 0 1 1 1 1 1]
 [1 1 0 1 1 1 0 0 1 1]
 [0 0 1 0 0 1 1 1 1 0]
 [1 1 1 1 1 1 1 1 1 0]
 [1 0 0 1 1 1 1 0 1 1]
 [1 1 1 1 1 0 1 1 0 1]
 [1 1 1 1 1 0 1 1 1 0]
 [0 1 1 0 1 1 1 1 1 1]
 [1 1 0 0 1 1 1 1 1 0]
 [0 1 1 1 1 0 0 1 1 1]
 [1 0 0 1 1 1 1 0 1 1]
 [0 1 1 0 1 1 1 1 0 1]
 [1 1 1 1 1 0 1 1 1 1]
 [0 0 1 1 1 0 1 1 1 1]
 [1 1 1 0 1 1 1 1 0 1]
 [1 1 1 0 0 0 1 1 1 0]
 [1 1 1 0 1 0 1 1 0 1]
 [1 1 1 1 0 0 1 1 1 1]
 [0 1 0 1 0 1 1 1 1 0]
 [1 0 1 1 1 0 1 1 1 1]
 [1 1 1 1 1 0 0 0 0 1]
 [0 1 1 0 0 0 1 0 1 1]]
{'restarts': 13, 'conflicts': 6373, 'decisions': 11816, 'propagations': 6287901}
Q is identifiable
branch at 6
runtime for solving id of Q is 0.9167286725714803
Simulation results:
{'J': 100, 'K': 10, 'N': 10, 'p': 0.7, 'seed': 733, 'sim': 2, 'runtime': 0.9167286725714803, 'identifiable': 1, 'branch': 6}
3
Q: [[1 0 1 1 0 0 1 1 1 0]
 [1 1 1 1 1 1 1 1 0 1]
 [1 1 1 1 1 1 0 1 1 0]
 [1 1 0 1 1 1 1 1 1 1]
 [0 0 1 1 0 1 1 0 1 1]
 [0 1 1 0 1 1 1 1 1 0]
 [0 1 0 1 0 0 1 1 0 1]
 [1 1 0 1 0 1 1 1 0 1]
 [0 1 1 0 1 0 1 1 1 1]
 [0 1 1 0 1 0 1 0 0 1]
 [1 1 1 1 1 1 1 1 1 1]
 [1 1 1 0 0 1 1 1 1 1]
 [0 1 1 1 1 1 1 1 1 1]
 [1 1 1 0 1 1 0 0 1 0]
 [1 1 1 0 0 1 1 1 0 1]
 [1 1 1 0 1 0 1 0 1 0]
 [1 1 0 1 0 0 1 1 0 0]
 [0 1 1 1 1 1 1 1 1 1]
 [0 1 1 1 1 1 1 1 1 1]
 [1 1 0 1 0 0 1 1 1 1]
 [1 0 1 1 1 0 1 1 0 1]
 [1 1 0 1 1 0 1 1 1 1]
 [1 0 1 0 1 0 0 0 1 1]
 [1 0 0 0 1 0 1 1 0 1]
 [1 1 1 1 0 0 1 0 1 1]
 [0 0 0 0 1 1 0 1 1 1]
 [1 1 1 1 1 1 1 1 1 1]
 [1 1 1 1 0 1 1 0 1 1]
 [1 1 1 1 1 1 1 1 1 0]
 [1 0 0 1 1 1 1 1 1 0]
 [1 1 1 0 0 1 1 0 1 1]
 [0 1 0 1 0 1 1 1 0 1]
 [0 1 0 0 0 1 0 0 1 0]
 [1 1 1 1 1 1 0 1 1 1]
 [0 1 1 0 1 1 1 0 1 1]
 [0 0 0 0 0 1 1 1 0 1]
 [1 1 1 0 1 1 1 1 1 1]
 [1 0 1 1 1 1 0 1 0 0]
 [0 1 0 1 0 1 1 1 1 0]
 [0 1 0 0 1 1 0 0 0 1]
 [0 1 1 1 1 1 0 0 1 0]
 [1 1 0 1 1 0 0 1 1 0]
 [1 1 0 1 1 1 1 1 1 0]
 [1 0 1 1 0 1 1 0 0 1]
 [1 0 0 0 1 1 0 0 1 1]
 [1 1 0 1 0 0 1 1 1 1]
 [0 1 1 0 1 0 0 1 1 1]
 [1 1 1 1 1 1 0 0 1 1]
 [1 1 0 1 1 1 1 1 1 1]
 [0 1 1 0 0 1 1 1 1 1]
 [1 0 1 0 1 1 1 1 1 1]
 [1 1 1 1 1 0 1 1 0 1]
 [0 1 1 0 1 1 0 1 1 0]
 [0 1 1 1 1 1 0 1 1 1]
 [0 1 0 1 0 0 1 1 1 0]
 [0 0 0 1 0 1 1 1 0 1]
 [0 0 0 1 1 1 1 0 0 1]
 [1 1 1 0 1 1 0 0 0 1]
 [1 0 0 0 0 1 1 0 1 0]
 [1 0 1 0 1 0 1 1 0 1]
 [0 0 1 1 1 0 1 1 1 0]
 [1 1 1 0 1 1 1 1 0 1]
 [1 1 1 1 1 1 1 1 0 1]
 [1 1 1 0 1 0 1 1 1 1]
 [0 0 1 0 1 1 1 1 0 1]
 [1 1 1 1 1 1 1 1 1 1]
 [1 1 1 1 1 1 1 1 0 1]
 [1 1 1 0 1 0 1 1 1 1]
 [0 0 1 1 1 1 1 1 1 1]
 [1 1 1 1 1 0 1 1 1 1]
 [1 1 1 1 0 1 1 1 0 0]
 [0 0 1 1 1 1 1 0 0 0]
 [0 1 1 0 1 1 1 1 1 1]
 [1 1 1 1 1 1 1 0 0 0]
 [0 1 1 1 1 1 0 1 1 1]
 [1 1 0 1 0 1 0 0 1 1]
 [1 1 1 1 1 1 1 1 0 0]
 [1 0 0 0 1 1 0 1 1 1]
 [1 1 1 1 1 1 0 1 0 0]
 [1 1 1 1 1 1 1 1 1 1]
 [1 1 1 1 1 1 1 1 0 1]
 [1 1 1 0 0 1 0 1 1 1]
 [1 0 0 0 0 1 1 1 1 1]
 [1 0 1 1 1 0 1 0 0 1]
 [1 1 0 0 1 0 0 1 1 1]
 [0 0 1 1 0 0 1 1 1 1]
 [0 1 1 1 1 0 1 0 1 0]
 [0 1 1 1 1 0 0 1 1 1]
 [1 0 1 1 1 1 0 1 1 1]
 [1 1 1 1 1 0 1 0 1 1]
 [1 1 1 1 1 1 1 0 1 1]
 [0 0 1 1 1 0 0 1 1 0]
 [1 1 1 1 1 1 0 1 1 0]
 [0 1 1 1 0 1 1 1 1 1]
 [1 1 1 1 1 1 0 0 1 0]
 [0 1 1 1 0 0 1 1 1 1]
 [1 1 0 0 1 1 0 1 1 0]
 [1 1 1 1 0 0 1 1 0 1]
 [1 1 0 1 1 0 1 1 0 1]
 [1 1 1 1 1 0 1 1 0 0]]
{'restarts': 11, 'conflicts': 3423, 'decisions': 7681, 'propagations': 3813832}
Q is identifiable
branch at 6
runtime for solving id of Q is 0.767136256210506
Simulation results:
{'J': 100, 'K': 10, 'N': 10, 'p': 0.7, 'seed': 733, 'sim': 3, 'runtime': 0.767136256210506, 'identifiable': 1, 'branch': 6}
4
Q: [[1 1 0 1 1 1 1 1 1 1]
 [1 0 1 1 0 1 1 1 1 0]
 [0 1 1 0 0 1 0 0 0 1]
 [1 1 1 1 1 1 1 0 1 1]
 [0 1 1 1 1 0 1 0 0 1]
 [0 1 1 0 1 1 1 1 1 1]
 [1 1 1 0 1 1 0 1 1 0]
 [1 1 1 0 1 1 0 0 1 1]
 [1 1 1 1 1 0 1 1 1 0]
 [0 0 1 1 1 0 1 1 0 1]
 [1 1 1 0 1 0 0 0 0 1]
 [1 1 1 0 1 1 1 0 1 1]
 [1 1 0 1 1 1 1 0 0 1]
 [0 0 1 0 0 1 1 1 1 1]
 [1 1 0 1 1 1 0 0 0 1]
 [1 1 1 1 0 1 1 0 0 1]
 [0 1 1 0 1 1 0 1 0 0]
 [0 0 1 0 1 0 1 1 1 1]
 [1 1 1 1 1 0 1 1 1 1]
 [1 1 1 1 1 1 1 1 1 0]
 [1 1 0 1 0 1 1 1 1 1]
 [1 0 1 1 1 0 1 1 1 1]
 [1 0 1 1 0 0 1 1 1 1]
 [0 1 1 1 1 0 1 0 0 1]
 [1 1 1 1 1 1 0 1 0 1]
 [0 0 1 1 0 1 0 1 0 1]
 [0 0 1 0 0 1 0 1 0 1]
 [0 1 1 0 1 1 0 1 1 1]
 [0 1 1 1 0 0 0 0 0 0]
 [1 1 0 1 0 1 1 1 1 1]
 [0 1 1 1 1 0 0 1 1 0]
 [0 0 0 1 0 1 1 0 0 1]
 [1 1 1 1 1 1 0 0 1 1]
 [1 1 1 0 0 1 0 1 1 0]
 [0 1 1 1 1 0 1 1 1 1]
 [1 1 0 1 1 0 1 1 1 1]
 [1 1 0 1 1 1 1 1 0 1]
 [1 1 0 1 1 0 0 0 1 0]
 [1 0 0 1 1 1 0 0 1 1]
 [1 1 1 1 1 1 1 1 1 1]
 [1 1 0 0 0 1 0 1 1 0]
 [1 1 1 0 0 1 1 1 1 1]
 [1 0 0 0 0 1 0 0 0 0]
 [1 1 1 0 1 0 1 1 1 0]
 [1 0 0 1 1 0 0 1 1 0]
 [1 1 0 1 0 1 1 1 0 1]
 [1 1 1 1 0 1 1 0 1 1]
 [1 1 1 0 1 0 0 1 1 0]
 [0 1 0 0 1 0 1 1 1 0]
 [1 0 0 1 1 0 1 1 1 1]
 [1 0 1 1 1 0 1 1 1 0]
 [0 0 1 1 0 1 1 1 0 1]
 [1 1 1 1 1 0 0 0 1 1]
 [1 1 1 1 1 1 1 0 0 0]
 [0 0 0 1 0 0 1 1 0 1]
 [1 1 1 1 1 1 1 1 1 0]
 [1 0 1 1 1 0 1 0 1 1]
 [1 1 0 1 1 0 0 1 0 1]
 [1 1 0 1 1 1 0 1 0 0]
 [0 0 1 1 1 0 1 1 1 1]
 [0 1 1 1 0 1 1 0 1 1]
 [0 1 1 0 0 1 0 0 1 1]
 [1 1 1 0 1 1 1 0 1 1]
 [1 1 1 1 1 0 1 1 0 1]
 [1 1 1 1 1 1 0 1 1 1]
 [1 1 1 1 1 0 1 1 1 1]
 [0 1 0 1 1 0 1 0 1 1]
 [0 0 1 1 1 1 1 1 1 0]
 [1 1 0 1 1 1 1 1 1 1]
 [1 0 0 1 0 1 1 0 1 1]
 [1 1 1 1 1 1 1 1 1 1]
 [1 0 1 1 0 1 0 0 1 1]
 [1 1 0 1 1 1 1 0 1 1]
 [1 0 1 1 1 0 0 1 1 1]
 [1 0 1 1 1 1 0 1 0 1]
 [1 0 0 1 0 0 1 1 1 0]
 [1 1 0 1 1 1 0 1 1 1]
 [0 0 0 1 0 0 1 1 0 1]
 [1 1 1 1 1 1 0 0 1 1]
 [1 1 1 1 1 1 1 1 1 1]
 [1 0 0 1 1 0 0 0 0 1]
 [1 1 1 1 0 1 1 1 0 0]
 [1 1 1 1 1 1 0 1 1 1]
 [1 0 1 1 1 0 0 0 1 1]
 [1 0 1 0 1 1 1 1 0 1]
 [1 1 1 1 1 1 1 1 0 1]
 [1 0 0 0 0 1 0 1 0 1]
 [1 1 0 1 1 0 1 1 1 1]
 [1 1 0 1 0 1 1 1 0 1]
 [1 0 1 1 1 1 1 1 0 1]
 [1 1 1 1 0 1 0 1 1 0]
 [1 1 1 1 0 1 1 1 1 1]
 [1 1 1 1 1 1 1 0 1 1]
 [1 0 1 1 1 0 1 1 1 1]
 [0 0 1 1 0 1 1 1 1 1]
 [1 1 1 1 0 1 0 1 0 1]
 [0 1 1 1 0 1 1 1 1 1]
 [1 0 1 1 1 1 0 0 1 0]
 [1 1 1 1 0 1 0 1 1 1]
 [1 0 1 0 1 0 1 1 1 1]]
{'restarts': 9, 'conflicts': 1668, 'decisions': 4242, 'propagations': 1621504}
Q is identifiable
branch at 6
runtime for solving id of Q is 0.36768236570060253
Simulation results:
{'J': 100, 'K': 10, 'N': 10, 'p': 0.7, 'seed': 733, 'sim': 4, 'runtime': 0.36768236570060253, 'identifiable': 1, 'branch': 6}
5
Q: [[1 1 1 1 1 0 1 1 0 1]
 [0 1 0 0 1 1 0 1 1 1]
 [1 1 0 1 1 1 1 1 1 1]
 [1 1 1 0 0 1 1 1 1 0]
 [1 1 1 0 1 1 0 1 1 1]
 [1 1 0 1 1 1 1 1 1 0]
 [1 1 1 1 0 0 1 1 1 1]
 [1 1 1 1 0 0 1 0 1 1]
 [0 1 1 1 1 1 1 1 1 0]
 [1 0 0 0 1 1 1 1 1 0]
 [1 1 0 1 1 1 1 0 1 1]
 [1 1 1 1 0 1 0 1 1 0]
 [0 1 0 0 1 0 1 1 0 0]
 [1 1 0 0 0 0 0 1 0 0]
 [1 1 1 0 1 1 1 1 1 1]
 [1 1 0 0 1 1 0 1 0 1]
 [0 0 1 1 1 1 1 0 0 0]
 [1 1 0 0 1 1 1 0 0 1]
 [1 1 1 0 1 1 1 1 1 0]
 [1 1 1 1 0 1 1 1 0 0]
 [1 1 1 1 0 0 1 1 1 1]
 [1 1 1 1 1 1 1 0 1 1]
 [1 1 1 1 0 1 1 1 0 1]
 [1 0 1 1 0 0 1 1 1 1]
 [0 1 0 1 0 1 0 1 1 1]
 [1 1 1 1 1 1 1 0 0 0]
 [0 1 1 1 1 1 1 1 0 0]
 [1 1 1 1 1 1 1 0 1 1]
 [1 1 1 0 1 1 1 1 0 1]
 [1 0 1 1 1 0 0 1 0 1]
 [1 0 0 1 0 1 1 1 1 1]
 [1 1 1 1 1 1 1 0 1 1]
 [1 1 0 1 1 1 1 1 1 0]
 [0 1 1 0 1 0 0 1 0 1]
 [1 1 1 0 1 0 0 1 0 0]
 [1 0 0 1 1 0 1 0 0 1]
 [1 1 1 1 1 1 1 1 0 1]
 [1 1 1 0 1 1 1 1 1 1]
 [1 0 1 0 0 1 0 0 1 1]
 [0 1 0 1 1 1 1 0 1 1]
 [1 1 0 1 0 1 0 1 1 1]
 [1 1 0 1 1 1 1 0 0 1]
 [1 1 1 1 1 1 0 1 0 1]
 [1 1 1 0 0 0 1 1 1 1]
 [1 0 0 0 1 1 1 1 0 0]
 [1 1 0 1 1 0 1 1 1 1]
 [0 0 1 1 1 1 1 1 1 0]
 [1 1 1 0 1 1 0 0 1 1]
 [1 1 0 0 0 1 1 1 1 1]
 [0 1 0 0 0 1 1 0 0 1]
 [1 1 0 1 0 1 0 1 1 1]
 [0 1 0 1 0 1 0 0 0 1]
 [1 1 1 0 1 1 1 0 0 1]
 [1 1 0 0 0 1 0 0 0 1]
 [0 1 1 1 1 1 1 1 1 0]
 [1 1 0 0 1 1 1 0 1 1]
 [0 1 1 1 1 1 0 1 0 1]
 [1 1 1 0 1 1 1 1 1 1]
 [1 1 0 0 0 1 1 0 1 1]
 [1 1 1 1 1 0 1 1 0 1]
 [1 1 0 0 1 1 1 0 1 1]
 [1 0 1 1 1 0 1 1 1 0]
 [1 1 1 1 1 0 0 0 1 1]
 [0 1 1 1 1 1 1 0 1 0]
 [0 1 0 1 0 0 1 0 1 1]
 [0 1 0 1 1 1 0 1 1 0]
 [0 1 0 1 0 1 1 1 1 0]
 [1 1 0 1 1 1 1 0 1 1]
 [1 1 0 1 1 1 1 1 1 1]
 [1 1 1 0 1 1 1 1 1 0]
 [0 1 1 1 1 1 1 1 0 1]
 [1 1 1 1 1 1 1 1 0 1]
 [0 0 0 0 1 1 1 0 1 0]
 [0 0 1 1 0 1 0 0 1 0]
 [1 1 0 1 1 0 1 1 1 0]
 [1 0 1 1 1 0 1 1 1 0]
 [1 1 1 1 0 1 1 1 1 0]
 [0 1 0 0 1 1 0 1 0 0]
 [0 0 0 1 0 1 1 0 0 1]
 [1 1 1 1 0 1 0 1 1 1]
 [1 1 0 0 1 1 1 0 1 0]
 [1 1 1 1 1 0 1 0 0 1]
 [1 1 0 1 1 0 1 1 1 1]
 [1 1 0 0 1 1 1 1 1 1]
 [1 0 1 1 1 1 1 1 0 1]
 [0 1 1 0 1 1 0 0 0 0]
 [0 1 1 1 0 1 1 0 0 0]
 [1 0 0 0 1 0 0 1 1 0]
 [1 1 1 0 0 1 1 1 1 1]
 [1 1 1 0 1 1 1 0 1 0]
 [0 0 1 1 1 1 1 1 1 0]
 [0 0 1 0 0 1 1 0 1 1]
 [0 0 1 1 1 1 1 1 1 0]
 [1 0 1 1 1 0 1 1 1 1]
 [0 1 0 0 0 1 0 1 0 1]
 [1 0 0 1 1 0 0 1 1 1]
 [1 1 1 1 1 1 1 1 1 0]
 [1 1 0 1 1 0 1 0 1 1]
 [0 0 1 1 1 1 0 0 0 1]
 [1 1 1 1 1 1 1 1 0 0]]
{'restarts': 7, 'conflicts': 1333, 'decisions': 3140, 'propagations': 1350308}
Q is identifiable
branch at 6
runtime for solving id of Q is 0.3454550812020898
Simulation results:
{'J': 100, 'K': 10, 'N': 10, 'p': 0.7, 'seed': 733, 'sim': 5, 'runtime': 0.3454550812020898, 'identifiable': 1, 'branch': 6}
6
Q: [[1 1 1 1 1 1 1 1 0 1]
 [0 1 1 0 1 1 0 1 0 0]
 [1 0 1 0 1 1 1 1 1 1]
 [0 1 1 1 1 1 1 1 1 0]
 [1 1 0 1 0 1 1 1 1 0]
 [1 0 1 0 1 1 1 0 1 0]
 [1 0 1 1 0 1 1 1 1 1]
 [0 1 0 1 1 0 0 1 0 0]
 [1 0 1 1 1 1 0 1 1 0]
 [1 1 1 0 0 1 1 1 0 1]
 [1 1 1 0 1 1 1 1 1 0]
 [0 1 1 1 1 1 1 1 1 1]
 [0 1 1 1 1 1 1 0 1 1]
 [1 1 0 1 1 1 1 1 0 1]
 [1 1 1 0 1 0 1 0 0 1]
 [0 1 1 1 1 1 1 1 0 1]
 [1 1 1 1 0 1 0 1 1 0]
 [0 0 1 1 1 0 0 1 1 0]
 [1 0 1 1 0 0 1 0 1 0]
 [0 1 1 1 1 0 1 1 0 1]
 [1 0 0 1 0 0 0 1 0 0]
 [0 1 0 1 1 0 1 1 1 0]
 [1 1 1 0 0 1 1 1 1 1]
 [0 1 1 0 1 1 1 1 1 1]
 [1 1 1 1 1 1 1 0 1 0]
 [1 0 1 1 1 1 0 0 1 1]
 [1 0 1 1 0 1 0 0 0 0]
 [1 1 0 1 1 1 1 1 0 0]
 [1 0 1 0 1 0 1 0 1 1]
 [1 1 1 1 1 1 1 1 0 0]
 [0 1 0 1 1 0 1 0 1 1]
 [0 1 1 0 1 1 1 1 1 1]
 [1 1 0 1 1 0 1 1 0 1]
 [1 0 1 1 0 1 1 1 1 1]
 [1 1 1 1 0 1 1 1 0 1]
 [1 1 0 1 0 1 0 0 1 1]
 [1 1 1 0 1 1 1 0 0 0]
 [1 1 1 0 1 1 0 1 0 1]
 [1 0 1 1 0 1 1 1 1 1]
 [1 1 1 1 1 0 1 1 1 1]
 [1 1 1 1 1 0 1 1 0 1]
 [1 0 1 1 1 0 1 1 1 1]
 [0 1 1 0 1 1 1 0 1 0]
 [1 0 1 1 1 1 1 0 1 1]
 [1 1 1 1 1 0 0 0 1 0]
 [1 1 0 1 0 0 0 1 1 1]
 [1 1 1 1 0 0 1 1 1 1]
 [0 0 0 1 1 1 1 1 1 0]
 [0 1 0 1 1 1 0 1 1 1]
 [1 1 1 0 0 1 0 0 1 1]
 [1 0 1 0 1 1 0 0 1 1]
 [1 0 1 1 1 1 1 0 1 1]
 [0 1 1 0 1 1 1 1 1 1]
 [0 1 1 0 0 1 1 1 1 0]
 [1 0 0 1 1 1 1 0 1 1]
 [0 1 0 1 1 0 1 1 1 1]
 [1 0 1 1 1 1 1 1 1 1]
 [1 1 1 1 1 1 1 1 0 1]
 [1 1 0 1 1 0 1 1 0 0]
 [1 1 1 1 1 1 0 1 1 0]
 [1 0 0 0 0 1 0 1 0 1]
 [1 1 1 0 0 1 1 1 1 0]
 [1 1 1 1 1 0 1 0 0 0]
 [1 1 1 1 0 0 0 0 1 0]
 [1 1 1 1 1 0 1 1 1 0]
 [1 0 1 1 1 0 1 0 1 1]
 [1 1 1 1 1 0 1 1 1 1]
 [1 1 0 1 1 1 1 1 1 1]
 [1 1 0 1 1 1 0 1 1 1]
 [0 0 1 1 0 0 1 0 0 1]
 [1 0 1 1 1 1 1 1 1 1]
 [1 1 1 1 1 0 1 0 1 1]
 [0 1 1 1 1 0 1 1 0 1]
 [0 0 1 1 1 1 1 1 1 1]
 [1 1 0 1 1 0 1 1 1 1]
 [1 0 1 1 1 1 1 1 1 1]
 [0 1 1 1 1 1 1 1 0 0]
 [1 0 1 1 1 1 1 1 0 1]
 [1 0 1 1 1 1 1 1 1 0]
 [1 1 1 1 1 1 1 1 0 1]
 [1 1 1 1 1 0 1 0 0 0]
 [1 1 1 1 1 1 1 0 0 1]
 [0 1 1 1 1 1 0 1 1 1]
 [1 1 1 1 1 1 1 0 0 1]
 [1 0 1 1 1 1 0 1 0 1]
 [1 1 0 0 1 1 1 1 1 1]
 [0 1 0 0 0 0 0 1 0 0]
 [0 0 0 0 1 0 0 0 1 1]
 [0 1 0 0 1 1 1 1 0 0]
 [1 1 1 0 0 1 0 1 1 1]
 [1 1 1 1 1 1 0 1 0 0]
 [1 1 0 1 1 1 1 1 1 1]
 [1 1 0 1 1 1 1 0 0 0]
 [0 1 0 1 1 1 0 0 1 1]
 [1 1 1 0 1 1 0 1 1 1]
 [1 1 1 1 1 1 1 1 1 1]
 [0 0 1 0 1 1 1 1 1 1]
 [0 1 1 0 1 1 0 0 1 0]
 [1 1 0 1 0 0 1 0 1 1]
 [1 1 0 1 0 1 1 1 1 0]]
{'restarts': 13, 'conflicts': 8199, 'decisions': 13255, 'propagations': 6732838}
Q is identifiable
branch at 6
runtime for solving id of Q is 0.8627253528684378
Simulation results:
{'J': 100, 'K': 10, 'N': 10, 'p': 0.7, 'seed': 733, 'sim': 6, 'runtime': 0.8627253528684378, 'identifiable': 1, 'branch': 6}
7
Q: [[1 1 1 1 1 1 1 0 0 0]
 [1 1 0 1 1 1 0 0 0 1]
 [1 0 1 1 0 1 1 1 1 1]
 [1 1 1 0 1 1 1 1 1 0]
 [0 0 0 1 0 0 1 0 1 1]
 [1 1 1 1 1 1 1 0 0 1]
 [0 1 0 1 0 1 1 1 1 1]
 [1 1 1 1 0 1 0 0 0 1]
 [0 1 1 1 1 0 0 1 1 1]
 [1 1 1 1 1 1 1 0 0 1]
 [1 1 1 0 1 1 0 1 1 1]
 [1 1 0 1 1 1 1 1 1 1]
 [1 0 1 1 1 1 1 0 0 1]
 [1 1 1 0 0 0 1 0 1 0]
 [0 1 1 1 1 1 1 1 1 0]
 [1 0 1 1 1 1 1 0 0 1]
 [1 0 0 1 1 0 1 1 1 1]
 [1 1 0 1 1 1 1 0 1 1]
 [1 1 1 1 1 1 1 0 1 1]
 [1 1 1 1 0 1 1 1 1 1]
 [1 1 0 1 1 0 1 1 1 1]
 [1 1 1 0 0 1 1 1 1 0]
 [1 1 0 0 0 1 0 1 1 1]
 [1 1 1 0 1 1 0 1 0 1]
 [1 0 1 1 0 1 1 0 1 1]
 [1 0 1 0 1 1 1 1 1 0]
 [1 1 1 1 0 1 1 1 1 1]
 [1 1 1 0 1 0 0 1 1 0]
 [0 1 1 0 1 0 1 0 1 0]
 [1 0 1 1 1 1 1 1 0 0]
 [0 1 1 1 0 1 1 0 1 1]
 [1 0 1 1 1 1 0 1 1 0]
 [1 0 1 0 1 1 0 1 1 0]
 [1 1 1 0 1 0 0 1 0 1]
 [1 1 1 0 0 0 1 1 0 0]
 [1 0 0 1 1 1 0 1 1 0]
 [1 1 1 1 0 1 1 0 0 0]
 [0 0 0 0 0 1 1 1 1 0]
 [1 1 0 1 0 1 1 1 1 0]
 [0 0 0 0 0 1 1 1 1 0]
 [1 1 0 1 0 1 1 0 1 1]
 [1 1 1 1 1 1 1 1 0 1]
 [0 0 1 1 0 1 1 1 0 0]
 [1 1 1 0 1 1 1 1 1 1]
 [1 1 1 1 1 1 1 1 1 1]
 [1 1 1 1 1 1 1 0 0 1]
 [1 1 1 0 0 0 1 1 1 1]
 [0 0 1 0 0 1 1 1 1 1]
 [1 1 1 1 0 0 1 0 1 1]
 [1 0 0 1 1 0 1 1 1 0]
 [1 1 0 1 1 1 0 0 0 1]
 [1 0 1 0 1 1 0 0 1 1]
 [1 1 1 0 1 1 1 1 1 1]
 [0 1 0 0 1 0 1 1 1 1]
 [0 1 1 1 1 0 1 1 1 0]
 [0 1 1 1 0 0 1 0 1 0]
 [1 0 1 1 1 0 1 1 0 0]
 [0 1 0 0 1 1 1 1 1 1]
 [1 1 1 1 1 1 1 1 0 1]
 [1 1 0 1 1 1 1 1 0 0]
 [1 1 0 1 1 1 1 1 1 1]
 [1 1 1 1 0 1 0 1 1 1]
 [1 0 1 0 1 1 0 0 0 0]
 [1 1 1 1 0 0 1 1 0 1]
 [1 1 0 1 1 0 0 0 1 0]
 [1 1 1 1 1 1 1 0 1 1]
 [0 1 1 1 1 0 1 1 1 1]
 [0 1 0 1 0 1 1 1 1 1]
 [0 1 1 1 1 0 1 1 1 1]
 [1 1 0 0 1 0 1 1 1 1]
 [1 1 1 1 1 1 0 1 1 1]
 [1 0 1 1 0 0 1 1 1 1]
 [0 0 1 0 0 1 0 1 1 0]
 [0 0 0 0 0 1 1 1 0 1]
 [1 0 1 1 1 0 1 1 1 1]
 [1 1 1 1 1 1 1 1 1 1]
 [1 0 1 0 0 0 0 1 1 1]
 [1 1 1 1 0 0 1 0 0 1]
 [0 1 0 0 1 0 1 1 0 1]
 [0 1 1 1 1 1 0 1 1 0]
 [1 0 1 1 1 0 0 1 1 0]
 [1 0 1 1 0 0 1 1 1 1]
 [1 0 1 0 1 1 1 0 1 1]
 [1 0 1 1 1 0 1 0 1 1]
 [0 1 0 1 0 0 1 1 0 1]
 [1 1 1 1 0 1 1 1 1 1]
 [0 1 1 0 0 1 1 1 1 1]
 [0 1 0 1 1 1 1 1 0 1]
 [1 1 0 1 1 1 1 1 1 0]
 [1 1 1 0 0 1 1 1 0 1]
 [1 1 1 1 1 1 0 1 0 0]
 [1 1 1 0 1 1 1 1 1 1]
 [0 1 0 1 1 1 1 1 1 0]
 [0 1 0 0 0 0 1 1 0 1]
 [0 0 0 1 0 1 1 1 1 1]
 [1 0 0 1 1 0 1 1 1 1]
 [1 1 1 0 1 0 1 1 0 1]
 [1 1 1 0 1 0 0 1 1 0]
 [0 1 0 1 1 1 1 0 0 1]
 [1 1 1 1 0 1 1 1 1 1]]
{'restarts': 6, 'conflicts': 1193, 'decisions': 2849, 'propagations': 1082081}
Q is identifiable
branch at 6
runtime for solving id of Q is 0.32931177504360676
Simulation results:
{'J': 100, 'K': 10, 'N': 10, 'p': 0.7, 'seed': 733, 'sim': 7, 'runtime': 0.32931177504360676, 'identifiable': 1, 'branch': 6}
8
Q: [[0 1 1 1 0 1 1 0 0 1]
 [1 1 1 1 1 1 1 1 1 1]
 [0 1 1 0 1 0 1 0 1 1]
 [1 1 1 1 1 1 1 1 1 1]
 [1 0 0 1 0 0 1 1 0 1]
 [1 1 0 1 0 1 1 1 1 1]
 [1 1 0 1 0 1 1 1 0 1]
 [1 1 1 1 1 1 1 1 1 0]
 [1 1 1 1 0 1 1 1 0 1]
 [1 1 1 1 1 1 1 1 1 1]
 [1 1 1 1 0 0 1 1 1 1]
 [0 1 1 0 1 0 1 1 1 0]
 [0 0 1 1 1 0 0 1 0 1]
 [0 0 0 0 1 0 1 0 0 1]
 [1 1 0 1 1 1 1 1 1 1]
 [1 1 1 0 0 1 1 0 0 0]
 [1 1 1 1 1 1 0 1 1 1]
 [0 1 1 0 1 1 1 1 1 1]
 [1 1 1 1 1 1 1 1 0 1]
 [0 0 1 0 1 1 1 1 1 1]
 [1 1 1 1 1 0 1 1 1 0]
 [0 1 1 1 0 1 1 0 1 1]
 [1 1 1 1 0 1 1 1 1 0]
 [0 1 0 1 0 1 1 1 1 1]
 [1 1 0 1 1 1 1 1 1 1]
 [0 1 1 0 0 1 1 1 1 1]
 [1 0 0 1 0 1 1 0 1 1]
 [1 1 0 1 1 0 0 1 1 1]
 [1 1 0 1 1 1 1 0 1 0]
 [1 0 0 1 0 0 1 1 1 0]
 [1 1 0 1 1 1 0 1 0 1]
 [1 1 0 1 0 0 1 1 1 0]
 [1 1 0 1 1 1 0 1 1 0]
 [1 1 0 1 1 0 1 1 1 0]
 [1 0 1 1 1 0 0 0 1 1]
 [0 1 1 0 0 1 1 1 0 0]
 [1 1 1 1 1 1 1 1 0 1]
 [1 0 0 1 1 0 0 1 0 1]
 [1 1 1 1 1 0 1 1 1 1]
 [1 1 1 1 1 1 1 1 0 1]
 [0 0 1 1 1 1 1 1 1 1]
 [1 1 1 1 0 0 0 1 0 0]
 [1 0 1 1 1 0 1 1 1 1]
 [1 1 1 0 1 0 0 1 1 0]
 [1 1 1 0 1 0 0 0 0 1]
 [1 1 1 0 0 1 1 0 1 1]
 [0 1 0 1 0 1 0 1 1 1]
 [1 1 1 0 0 1 1 1 1 1]
 [1 1 1 1 1 1 1 1 1 0]
 [1 1 1 0 0 1 0 0 1 0]
 [1 1 1 1 1 1 0 1 0 0]
 [1 0 1 1 1 1 1 0 0 1]
 [1 0 1 0 1 0 0 1 0 1]
 [0 1 0 1 1 1 1 1 1 1]
 [0 0 1 1 1 1 1 1 0 1]
 [0 0 1 0 1 1 1 1 1 1]
 [0 1 0 1 1 1 0 1 1 1]
 [1 1 1 1 0 1 1 1 1 1]
 [0 0 1 1 0 0 1 1 1 0]
 [1 1 1 1 0 1 1 0 0 1]
 [1 1 1 1 1 0 1 1 1 0]
 [1 0 1 0 0 1 1 1 1 1]
 [1 0 0 0 1 0 1 1 1 0]
 [0 1 1 1 1 1 1 1 1 1]
 [1 0 1 1 1 0 1 1 0 1]
 [1 1 1 1 1 1 1 1 1 1]
 [1 1 0 1 1 1 1 1 1 1]
 [1 0 0 0 0 0 0 0 1 1]
 [0 1 1 1 1 0 0 1 1 1]
 [1 1 1 0 0 1 1 1 1 1]
 [1 1 1 1 1 0 1 0 1 1]
 [1 1 1 0 0 0 0 1 1 0]
 [1 1 1 1 1 0 1 1 0 0]
 [1 1 1 1 1 0 1 1 1 1]
 [1 1 1 1 1 1 1 0 1 1]
 [1 1 1 1 1 1 1 1 1 1]
 [1 1 1 0 1 1 1 0 1 1]
 [0 1 1 1 1 1 0 1 0 1]
 [0 1 1 1 0 1 1 0 0 1]
 [1 1 1 1 0 1 1 1 1 0]
 [0 1 1 1 1 1 1 0 1 1]
 [0 1 1 1 1 0 1 1 0 1]
 [1 1 0 0 1 1 0 1 0 0]
 [0 1 1 0 1 0 1 1 0 1]
 [1 1 1 1 0 0 1 0 0 1]
 [1 0 1 1 1 0 1 1 1 0]
 [0 1 1 1 0 1 0 1 1 1]
 [1 1 1 0 1 0 0 1 1 1]
 [0 1 0 0 1 0 0 0 1 0]
 [1 1 1 0 1 1 1 0 1 1]
 [0 1 1 1 0 1 0 0 1 1]
 [0 1 1 1 1 1 0 1 1 1]
 [0 1 1 0 0 1 0 1 1 1]
 [1 0 0 1 1 0 1 1 1 0]
 [1 1 1 0 1 1 1 1 1 0]
 [1 1 1 1 1 1 1 1 1 0]
 [1 1 1 0 1 1 1 0 0 1]
 [0 1 0 1 0 1 1 1 0 0]
 [1 0 0 0 0 1 1 0 0 1]
 [0 1 0 1 0 0 1 1 0 1]]
{'restarts': 25, 'conflicts': 9082, 'decisions': 14597, 'propagations': 8248690}
Q is identifiable
branch at 6
runtime for solving id of Q is 1.1579404724761844
Simulation results:
{'J': 100, 'K': 10, 'N': 10, 'p': 0.7, 'seed': 733, 'sim': 8, 'runtime': 1.1579404724761844, 'identifiable': 1, 'branch': 6}
9
Q: [[0 0 0 1 0 1 0 0 1 1]
 [1 1 0 1 0 1 1 1 1 1]
 [1 0 1 0 0 1 1 1 0 1]
 [0 0 1 1 1 0 0 1 1 1]
 [1 0 1 0 0 0 0 1 1 1]
 [1 1 0 1 1 1 1 0 1 1]
 [1 1 0 0 0 1 1 0 1 1]
 [1 1 1 1 0 0 0 1 1 0]
 [1 1 0 1 1 1 0 0 1 1]
 [0 0 0 1 1 1 1 1 0 1]
 [1 1 0 1 1 1 1 1 1 0]
 [1 0 0 0 1 0 1 0 1 1]
 [1 0 1 0 1 1 1 1 0 1]
 [1 0 1 0 1 1 1 1 0 0]
 [1 1 1 1 1 1 0 1 1 1]
 [1 0 0 0 0 1 0 0 1 1]
 [1 1 1 1 0 0 1 1 1 1]
 [0 1 1 1 1 1 0 1 1 1]
 [0 1 1 0 0 0 1 1 1 1]
 [1 1 1 1 1 0 1 1 1 1]
 [1 1 0 0 1 0 1 1 0 0]
 [1 1 1 0 0 1 0 1 1 1]
 [1 0 0 1 1 1 1 0 1 1]
 [1 1 0 1 1 1 1 1 0 1]
 [1 0 0 1 1 1 1 0 1 1]
 [1 0 0 0 1 1 0 1 1 1]
 [0 1 1 1 1 0 1 1 1 1]
 [0 1 1 0 1 1 0 1 0 0]
 [1 0 1 1 1 1 0 1 1 0]
 [1 1 1 0 1 0 1 1 0 1]
 [1 1 1 1 1 1 1 1 0 1]
 [0 1 1 1 0 1 1 0 1 1]
 [1 1 0 0 1 1 0 1 1 1]
 [1 1 1 0 1 1 1 0 1 1]
 [0 1 1 1 0 1 1 1 1 1]
 [0 1 1 0 1 0 1 0 1 1]
 [1 1 0 1 0 0 1 0 1 1]
 [0 0 1 0 1 0 1 1 1 1]
 [1 1 1 0 1 1 1 1 1 1]
 [1 1 0 1 1 1 1 1 1 1]
 [1 1 1 1 0 1 1 1 0 1]
 [1 0 1 0 1 0 1 1 1 1]
 [1 1 1 1 0 1 1 1 0 0]
 [1 1 1 0 1 1 0 1 1 0]
 [1 1 1 1 1 1 0 1 1 1]
 [0 0 1 0 0 1 1 0 1 0]
 [1 1 1 0 0 0 1 1 1 1]
 [1 1 0 0 1 1 1 1 1 1]
 [0 0 1 1 1 0 0 1 1 1]
 [1 1 1 1 1 1 0 0 1 1]
 [0 0 0 1 1 1 0 1 1 1]
 [1 1 0 0 0 1 0 1 0 0]
 [1 1 1 1 0 1 1 1 1 1]
 [1 1 0 1 0 0 0 1 1 1]
 [1 1 1 0 1 0 1 1 1 1]
 [1 1 1 1 1 1 0 1 1 1]
 [0 1 0 0 1 0 1 1 1 1]
 [1 0 1 0 1 1 0 0 1 0]
 [1 1 1 0 1 1 1 0 0 1]
 [1 1 0 0 0 1 1 1 1 0]
 [0 0 1 0 1 0 1 0 1 1]
 [0 1 1 0 0 0 1 1 1 1]
 [0 1 1 1 0 1 0 0 1 1]
 [1 1 1 1 1 1 0 1 1 1]
 [0 0 1 0 1 1 1 1 1 1]
 [1 1 0 1 1 1 0 1 0 1]
 [1 1 1 1 0 1 1 1 1 1]
 [1 0 1 0 0 1 0 1 1 0]
 [1 0 1 0 1 1 1 0 1 0]
 [1 1 0 0 1 0 1 1 1 1]
 [1 1 1 1 1 0 1 1 1 1]
 [1 1 1 1 1 0 0 1 1 1]
 [1 1 1 0 1 0 1 1 1 0]
 [1 1 0 0 1 0 0 1 1 1]
 [1 1 1 0 1 1 1 1 1 0]
 [0 1 0 1 0 0 0 1 1 0]
 [1 1 1 0 0 1 1 1 0 0]
 [1 0 1 0 1 1 0 1 1 1]
 [1 1 0 1 0 1 0 1 1 1]
 [0 1 1 1 1 0 1 1 1 1]
 [1 1 1 0 1 0 1 1 1 0]
 [1 1 1 0 1 1 1 0 1 1]
 [1 1 1 1 1 1 1 0 0 1]
 [1 0 1 1 0 1 1 0 1 0]
 [0 0 1 1 1 0 1 0 1 1]
 [0 0 1 1 1 1 0 1 0 0]
 [0 0 1 1 0 1 1 1 1 0]
 [1 0 1 0 1 1 1 1 1 1]
 [1 1 1 1 1 0 1 0 0 1]
 [1 1 1 1 1 1 0 1 0 1]
 [1 1 1 0 0 0 1 0 1 1]
 [1 1 1 1 1 0 1 0 1 0]
 [1 1 0 1 0 1 0 1 1 1]
 [0 1 1 1 0 0 0 1 0 1]
 [0 1 1 1 0 0 0 0 1 1]
 [0 1 1 1 1 1 0 1 1 0]
 [0 1 0 1 1 0 0 0 1 1]
 [1 1 0 1 0 1 1 1 1 0]
 [1 0 1 1 1 1 0 1 1 0]
 [1 1 0 1 1 1 1 0 1 1]]
{'restarts': 25, 'conflicts': 8838, 'decisions': 15235, 'propagations': 8356770}
Q is identifiable
branch at 6
runtime for solving id of Q is 1.217000006698072
Simulation results:
{'J': 100, 'K': 10, 'N': 10, 'p': 0.7, 'seed': 733, 'sim': 9, 'runtime': 1.217000006698072, 'identifiable': 1, 'branch': 6}
Simulation results:
[{'J': 100, 'K': 10, 'N': 10, 'p': 0.7, 'seed': 733, 'sim': 0, 'runtime': 0.7788143865764141, 'identifiable': 1, 'branch': 6}, {'J': 100, 'K': 10, 'N': 10, 'p': 0.7, 'seed': 733, 'sim': 1, 'runtime': 0.5105702923610806, 'identifiable': 1, 'branch': 6}, {'J': 100, 'K': 10, 'N': 10, 'p': 0.7, 'seed': 733, 'sim': 2, 'runtime': 0.9167286725714803, 'identifiable': 1, 'branch': 6}, {'J': 100, 'K': 10, 'N': 10, 'p': 0.7, 'seed': 733, 'sim': 3, 'runtime': 0.767136256210506, 'identifiable': 1, 'branch': 6}, {'J': 100, 'K': 10, 'N': 10, 'p': 0.7, 'seed': 733, 'sim': 4, 'runtime': 0.36768236570060253, 'identifiable': 1, 'branch': 6}, {'J': 100, 'K': 10, 'N': 10, 'p': 0.7, 'seed': 733, 'sim': 5, 'runtime': 0.3454550812020898, 'identifiable': 1, 'branch': 6}, {'J': 100, 'K': 10, 'N': 10, 'p': 0.7, 'seed': 733, 'sim': 6, 'runtime': 0.8627253528684378, 'identifiable': 1, 'branch': 6}, {'J': 100, 'K': 10, 'N': 10, 'p': 0.7, 'seed': 733, 'sim': 7, 'runtime': 0.32931177504360676, 'identifiable': 1, 'branch': 6}, {'J': 100, 'K': 10, 'N': 10, 'p': 0.7, 'seed': 733, 'sim': 8, 'runtime': 1.1579404724761844, 'identifiable': 1, 'branch': 6}, {'J': 100, 'K': 10, 'N': 10, 'p': 0.7, 'seed': 733, 'sim': 9, 'runtime': 1.217000006698072, 'identifiable': 1, 'branch': 6}]
