
The Gurobi software has a limited number of licenses. To request a license or
licenses, add this line

    #SBATCH --licenses=gurobi@slurmdb:1

to your SBATCH script, replacing N with the number of licenses you need. Gurobi
will need one license per process.


0
Q: [[1 0 1 1 1 0 0 0 1 0]
 [0 1 1 1 0 0 1 0 1 0]
 [0 1 0 1 0 1 0 0 0 1]
 [1 0 1 1 0 1 0 0 0 0]
 [1 1 1 1 1 0 1 1 1 1]
 [0 1 1 1 1 1 0 0 0 1]
 [1 1 0 1 1 1 1 0 1 0]
 [1 1 1 1 1 1 1 1 0 0]
 [1 1 1 1 1 0 1 1 1 1]
 [1 1 1 0 1 1 1 1 1 1]
 [0 1 1 1 0 1 1 1 1 1]
 [0 0 1 1 0 1 1 0 1 1]
 [1 0 0 0 1 1 1 1 0 0]
 [1 1 1 0 1 1 1 1 1 1]
 [1 1 1 1 0 1 0 1 1 1]
 [1 1 0 0 1 0 1 1 1 0]
 [1 1 0 1 1 1 1 1 1 1]
 [1 1 1 1 0 1 1 1 1 1]
 [1 1 0 0 1 1 1 1 0 0]
 [1 1 1 1 0 1 1 1 1 1]
 [0 1 0 0 1 0 1 1 1 0]
 [1 1 0 0 1 1 1 1 1 1]
 [1 1 1 1 1 0 0 0 0 0]
 [1 1 1 0 0 1 0 1 0 0]
 [0 1 1 1 0 1 0 0 0 1]
 [0 1 1 0 1 1 0 1 0 0]
 [1 0 1 1 0 1 0 0 1 1]
 [1 1 1 0 1 0 1 1 0 1]
 [0 1 1 0 1 1 1 1 1 1]
 [1 1 1 0 1 0 1 1 1 1]
 [1 1 0 0 1 1 0 1 1 1]
 [1 1 1 1 1 1 1 1 1 1]
 [1 1 0 0 1 1 1 1 1 1]
 [1 0 1 1 0 1 0 1 0 1]
 [1 0 1 1 1 0 1 0 1 1]
 [1 1 1 1 1 0 1 1 1 0]
 [1 1 1 1 1 0 1 1 1 0]
 [1 0 1 1 1 1 1 1 1 1]
 [0 1 1 0 0 1 1 1 0 1]
 [0 1 1 0 0 1 1 1 1 1]
 [1 1 1 1 1 1 1 1 0 1]
 [1 0 1 1 1 1 0 1 1 1]
 [1 1 1 1 1 1 0 1 1 1]
 [1 1 1 0 1 1 0 1 1 1]
 [1 1 0 1 1 1 0 1 1 1]
 [0 0 1 1 0 1 1 1 1 1]
 [1 1 0 1 1 1 0 1 1 1]
 [1 1 0 1 1 1 1 0 1 0]
 [1 0 1 1 1 1 1 0 1 1]
 [0 1 1 1 1 1 1 1 0 1]]
{'restarts': 218, 'conflicts': 65086, 'decisions': 94457, 'propagations': 21842841}
Q is identifiable
branch at 6
runtime for solving id of Q is 4.653019900433719
Simulation results:
{'J': 50, 'K': 10, 'N': 10, 'p': 0.7, 'seed': 76, 'sim': 0, 'runtime': 4.653019900433719, 'identifiable': 1, 'branch': 6}
1
Q: [[0 1 1 1 1 1 0 1 1 1]
 [1 1 0 0 1 0 1 1 0 0]
 [1 1 1 1 1 1 1 1 1 1]
 [1 0 1 1 1 1 1 1 0 1]
 [0 1 1 1 1 1 1 1 0 0]
 [1 1 0 1 1 1 1 0 1 1]
 [1 0 0 0 1 1 1 1 1 0]
 [1 1 1 1 1 0 1 1 1 1]
 [0 1 1 1 1 0 0 1 0 1]
 [1 1 1 1 0 1 1 1 0 1]
 [1 1 1 1 1 1 1 0 1 1]
 [1 1 0 1 1 1 1 1 1 1]
 [0 1 1 0 1 0 0 1 0 1]
 [1 1 1 1 0 1 1 1 1 1]
 [1 1 1 1 0 0 0 1 1 1]
 [1 1 1 1 1 0 1 1 1 1]
 [1 0 1 1 1 0 1 1 1 1]
 [1 1 1 1 1 1 0 0 1 1]
 [1 1 1 1 1 1 1 0 1 0]
 [0 1 0 0 1 1 1 1 1 1]
 [1 1 0 1 1 1 1 1 0 1]
 [1 1 1 1 1 1 1 0 1 1]
 [0 1 0 0 1 1 1 0 1 0]
 [1 0 0 1 1 1 1 0 1 1]
 [1 0 0 1 1 0 1 1 1 1]
 [0 0 1 1 1 1 1 1 1 1]
 [1 1 1 1 1 1 1 1 1 0]
 [1 1 0 0 1 1 0 1 0 0]
 [1 0 1 1 1 1 1 0 1 1]
 [1 0 1 1 1 1 1 1 1 1]
 [0 0 0 1 0 1 1 1 1 1]
 [0 1 1 1 0 1 1 1 1 1]
 [1 1 1 0 1 0 1 1 1 1]
 [1 1 0 0 1 1 0 0 1 0]
 [1 1 0 1 1 0 1 1 1 1]
 [1 1 1 0 1 1 1 1 0 0]
 [1 1 1 1 1 0 1 1 1 0]
 [1 1 1 1 1 0 1 1 1 0]
 [1 0 1 1 1 1 1 1 1 1]
 [1 1 1 0 1 0 1 1 0 1]
 [0 0 0 0 1 0 1 1 1 1]
 [0 1 0 0 1 0 0 0 1 1]
 [0 1 1 0 1 1 0 1 1 1]
 [1 0 0 1 0 1 1 0 1 1]
 [0 0 0 1 0 1 0 1 0 1]
 [0 1 1 1 1 1 0 1 1 1]
 [0 1 1 1 0 1 1 1 1 0]
 [1 1 1 1 1 1 0 0 1 0]
 [0 0 1 1 0 1 0 1 1 0]
 [1 1 1 1 1 0 0 1 0 1]]
{'restarts': 2, 'conflicts': 937, 'decisions': 2388, 'propagations': 319469}
Q is not identifiable, and Q_bar is [[0 1 1 1 1 1 0 1 1 0]
 [1 1 0 0 0 0 1 0 0 1]
 [1 1 1 1 1 1 1 1 1 1]
 [1 0 1 0 1 1 1 1 0 1]
 [0 1 1 0 1 1 1 0 0 1]
 [1 1 0 1 1 0 0 1 1 1]
 [1 0 0 0 1 0 1 0 1 1]
 [1 1 1 0 0 1 1 1 1 1]
 [0 1 1 0 0 1 1 1 0 0]
 [1 1 1 0 1 1 0 1 0 1]
 [1 1 1 1 1 0 0 1 1 1]
 [1 1 0 0 1 1 1 1 1 1]
 [0 1 1 0 0 0 1 1 0 0]
 [1 1 1 1 1 1 0 1 0 1]
 [1 1 1 1 0 1 0 1 0 0]
 [1 1 1 0 0 1 1 1 1 1]
 [1 0 1 0 0 1 0 1 1 1]
 [1 1 1 1 1 0 0 1 1 0]
 [1 1 1 1 1 0 0 0 1 1]
 [0 1 0 0 1 0 1 1 1 1]
 [1 1 0 0 1 1 1 1 0 1]
 [1 1 1 1 1 0 0 1 1 1]
 [0 1 0 0 1 0 0 0 1 1]
 [1 0 0 1 1 0 0 1 1 1]
 [1 0 0 0 0 1 0 1 1 1]
 [0 0 1 1 1 1 1 1 1 1]
 [1 1 1 1 1 1 1 0 1 1]
 [1 1 0 0 1 0 1 0 0 0]
 [1 0 1 1 1 0 0 1 1 1]
 [1 0 1 1 1 1 1 1 1 1]
 [0 0 0 1 1 1 0 1 0 1]
 [0 1 1 1 1 1 0 1 0 1]
 [1 1 1 0 0 0 1 1 1 1]
 [1 1 0 0 1 0 0 0 1 0]
 [1 1 0 0 0 1 0 1 1 1]
 [1 1 1 0 1 0 1 0 0 1]
 [1 1 1 1 0 0 1 0 0 1]
 [1 1 1 1 0 0 1 0 0 1]
 [1 0 1 1 1 1 1 1 1 1]
 [1 1 1 0 0 0 1 1 0 1]
 [0 0 0 0 0 0 1 1 1 1]
 [0 1 0 0 0 0 0 1 1 0]
 [0 1 1 0 1 0 1 1 1 0]
 [1 0 0 1 1 0 0 1 0 1]
 [0 0 0 0 1 1 0 1 0 0]
 [0 1 1 1 1 1 0 1 1 0]
 [0 1 1 1 1 1 0 0 0 1]
 [1 1 1 1 1 0 0 0 1 0]
 [0 0 1 1 1 1 0 0 0 0]
 [1 1 1 0 0 1 1 1 0 0]]
branch at 5
runtime for solving id of Q is 0.0922989659011364
Simulation results:
{'J': 50, 'K': 10, 'N': 10, 'p': 0.7, 'seed': 76, 'sim': 1, 'runtime': 0.0922989659011364, 'identifiable': 0, 'branch': 5}
2
Q: [[1 1 1 1 1 1 1 1 1 1]
 [1 0 0 0 0 1 0 1 1 1]
 [1 1 0 1 1 1 1 0 1 0]
 [1 1 1 1 0 1 1 1 0 0]
 [1 1 1 1 1 0 0 1 0 0]
 [0 1 1 1 1 0 1 1 0 1]
 [1 0 1 0 1 1 1 1 0 0]
 [1 1 1 0 0 1 1 0 1 1]
 [0 1 1 0 0 0 1 0 1 0]
 [1 0 1 0 0 1 0 1 0 1]
 [1 1 1 0 1 1 0 0 1 1]
 [1 1 1 1 0 1 0 1 1 1]
 [1 1 1 1 1 0 1 0 1 1]
 [1 1 0 1 0 1 1 1 0 1]
 [1 1 1 1 1 1 1 1 1 1]
 [1 0 1 1 1 1 1 1 1 0]
 [1 1 0 1 1 1 0 0 1 1]
 [1 1 1 1 1 0 0 1 1 1]
 [1 1 1 1 1 0 1 0 0 0]
 [1 1 0 1 1 1 0 1 1 1]
 [1 0 1 1 1 1 1 0 1 1]
 [1 0 1 0 0 1 0 1 1 1]
 [1 1 0 1 1 1 1 1 1 0]
 [1 1 1 1 1 0 1 1 1 0]
 [0 1 1 0 1 1 1 0 1 1]
 [0 0 1 1 1 1 1 1 1 1]
 [1 1 1 1 1 1 0 0 1 1]
 [1 1 1 1 1 1 1 1 0 0]
 [1 1 1 1 1 1 1 1 1 0]
 [1 1 1 0 1 0 1 1 1 1]
 [1 1 1 1 1 0 1 0 1 1]
 [1 1 1 0 1 1 1 1 1 1]
 [1 0 0 0 1 1 1 1 0 1]
 [1 1 1 1 0 1 0 1 0 0]
 [1 0 1 1 1 0 1 1 0 1]
 [1 0 1 1 0 0 1 1 1 1]
 [1 1 1 1 1 0 1 1 1 1]
 [1 0 1 1 1 1 1 1 0 1]
 [1 0 1 1 0 1 1 1 1 1]
 [1 1 1 1 1 1 0 1 1 1]
 [1 1 1 1 0 1 1 0 1 1]
 [1 1 1 1 1 0 0 1 1 1]
 [1 0 1 1 1 0 0 0 1 1]
 [0 1 0 0 0 0 1 1 1 1]
 [1 1 1 1 1 1 1 0 1 1]
 [0 1 1 1 1 0 0 1 1 1]
 [0 1 0 1 1 1 1 1 1 1]
 [1 1 0 0 1 0 1 0 1 1]
 [1 0 0 1 1 1 1 0 1 1]
 [0 1 0 1 1 1 1 1 0 0]]
{'restarts': 468, 'conflicts': 213092, 'decisions': 292443, 'propagations': 87064081}
Q is identifiable
branch at 6
runtime for solving id of Q is 22.056379614397883
Simulation results:
{'J': 50, 'K': 10, 'N': 10, 'p': 0.7, 'seed': 76, 'sim': 2, 'runtime': 22.056379614397883, 'identifiable': 1, 'branch': 6}
3
Q: [[1 1 0 1 1 1 1 0 1 0]
 [1 1 1 1 1 0 1 1 1 1]
 [1 0 1 1 1 1 1 1 1 1]
 [1 1 1 1 1 1 1 1 1 1]
 [1 0 1 1 0 0 1 0 1 1]
 [1 0 0 0 1 1 1 1 0 1]
 [1 1 0 0 1 1 0 0 1 1]
 [0 1 0 1 1 1 0 0 0 1]
 [1 0 0 1 1 1 1 1 0 1]
 [0 1 1 1 1 1 0 1 1 1]
 [0 0 0 1 1 1 1 1 1 1]
 [1 0 1 1 1 1 0 1 1 1]
 [1 1 1 0 1 0 0 1 1 1]
 [1 1 1 1 1 0 0 1 1 1]
 [0 1 1 1 1 1 1 1 1 0]
 [1 1 0 1 1 1 1 1 1 0]
 [1 1 1 0 1 1 0 1 1 0]
 [1 1 1 1 1 1 1 0 1 1]
 [1 1 1 1 1 1 1 1 1 0]
 [1 0 1 1 1 0 0 1 0 1]
 [1 1 1 1 1 1 1 0 1 1]
 [1 1 1 1 0 1 1 0 1 1]
 [1 1 1 1 1 1 1 1 0 1]
 [1 1 0 1 1 0 0 1 1 1]
 [0 1 1 0 0 0 1 0 0 1]
 [1 0 1 0 1 0 1 1 1 0]
 [1 1 0 1 0 1 1 1 0 1]
 [1 1 0 1 1 0 1 1 0 1]
 [0 1 1 1 1 0 1 1 1 0]
 [1 1 0 1 1 1 0 1 1 1]
 [1 1 0 1 1 1 1 0 1 1]
 [0 1 1 1 1 1 1 1 1 1]
 [1 1 1 1 1 1 1 0 1 0]
 [1 0 1 1 1 1 1 1 0 1]
 [1 1 0 0 1 1 1 1 1 0]
 [1 0 1 1 0 1 1 1 1 0]
 [1 1 0 1 0 1 1 1 1 1]
 [1 1 0 1 1 0 1 1 1 1]
 [1 1 1 0 1 1 0 1 1 1]
 [1 1 0 0 1 1 0 1 1 1]
 [1 1 1 1 0 1 1 1 1 0]
 [0 1 1 0 1 1 1 1 0 1]
 [0 1 1 0 1 1 1 1 1 0]
 [1 0 1 1 1 0 0 0 1 1]
 [1 0 1 0 1 1 1 1 1 1]
 [1 1 0 0 1 1 1 1 0 1]
 [0 0 1 1 1 0 0 0 1 1]
 [0 1 1 1 1 1 1 1 1 1]
 [1 0 1 1 1 1 1 0 0 1]
 [1 1 1 1 1 1 1 1 1 1]]
{'restarts': 3, 'conflicts': 695, 'decisions': 2191, 'propagations': 319963}
Q is not identifiable, and Q_bar is [[1 1 0 1 1 0 0 1 1 0]
 [1 1 1 1 1 1 1 1 0 1]
 [1 0 1 1 1 1 1 0 1 1]
 [1 1 1 1 1 1 1 0 1 1]
 [1 0 1 0 1 1 0 1 0 0]
 [1 0 0 0 0 1 1 0 1 1]
 [1 1 0 1 0 0 0 0 1 1]
 [0 1 0 0 1 0 0 0 1 1]
 [1 0 0 0 1 1 1 0 1 1]
 [0 1 1 1 1 0 1 0 1 1]
 [0 0 0 1 1 1 1 1 1 1]
 [1 0 1 1 1 0 1 0 1 1]
 [1 1 1 1 0 0 1 0 0 1]
 [1 1 1 1 1 0 1 0 0 1]
 [0 1 1 1 1 0 1 1 1 0]
 [1 1 0 1 1 0 1 1 1 0]
 [1 1 1 1 0 0 1 0 1 0]
 [1 1 1 0 1 1 0 1 1 1]
 [1 1 1 1 1 0 1 1 1 0]
 [1 0 1 0 1 0 1 0 0 1]
 [1 1 1 0 1 1 0 1 1 1]
 [1 1 1 0 1 1 0 1 1 0]
 [1 1 1 0 1 1 1 0 1 1]
 [1 1 0 1 1 0 1 0 0 1]
 [0 1 1 0 0 1 0 0 0 0]
 [1 0 1 1 0 0 1 1 0 0]
 [1 1 0 0 1 1 1 0 1 0]
 [1 1 0 0 1 1 1 0 0 1]
 [0 1 1 1 1 0 1 1 0 0]
 [1 1 0 1 1 0 1 0 1 1]
 [1 1 0 1 1 0 0 1 1 1]
 [0 1 1 1 1 1 1 1 1 1]
 [1 1 1 1 1 0 0 1 1 0]
 [1 0 1 0 1 1 1 0 1 1]
 [1 1 0 1 0 0 1 1 1 0]
 [1 0 1 0 1 0 1 1 1 0]
 [1 1 0 0 1 1 1 1 1 0]
 [1 1 0 1 1 1 1 0 0 1]
 [1 1 1 1 0 0 1 0 1 1]
 [1 1 0 1 0 0 1 0 1 1]
 [1 1 1 0 1 0 1 1 1 0]
 [0 1 1 0 0 1 1 0 1 1]
 [0 1 1 1 0 0 1 1 1 0]
 [1 0 1 1 1 0 0 0 0 1]
 [1 0 1 1 0 1 1 1 1 1]
 [1 1 0 0 0 1 1 0 1 1]
 [0 0 1 1 1 0 0 0 0 1]
 [0 1 1 1 1 1 1 1 1 1]
 [1 0 1 0 1 1 0 0 1 1]
 [1 1 1 1 1 1 1 0 1 1]]
branch at 5
runtime for solving id of Q is 0.09933474101126194
Simulation results:
{'J': 50, 'K': 10, 'N': 10, 'p': 0.7, 'seed': 76, 'sim': 3, 'runtime': 0.09933474101126194, 'identifiable': 0, 'branch': 5}
4
Q: [[1 1 1 1 0 1 1 0 1 0]
 [0 0 0 0 0 1 1 1 1 1]
 [1 1 0 1 1 1 1 1 1 1]
 [1 1 0 1 0 1 1 1 1 1]
 [1 1 0 1 1 1 1 1 1 1]
 [0 1 1 0 0 0 1 1 1 1]
 [0 1 1 0 0 1 0 0 0 0]
 [1 0 1 1 1 0 1 1 0 1]
 [1 1 1 0 0 1 1 0 1 1]
 [1 1 1 1 0 1 1 1 1 1]
 [1 1 0 0 1 0 1 0 1 1]
 [1 1 1 1 1 0 0 1 1 1]
 [0 1 1 1 1 0 0 1 1 1]
 [1 1 0 1 1 0 0 0 1 1]
 [1 0 1 1 1 1 1 0 1 1]
 [0 1 0 1 1 1 0 1 0 1]
 [1 0 1 0 0 1 1 1 0 1]
 [1 1 1 1 0 1 1 1 1 1]
 [1 1 1 1 0 0 1 1 1 1]
 [1 1 1 0 1 1 1 0 1 1]
 [1 0 1 1 1 0 0 1 0 1]
 [0 0 1 1 0 0 1 1 0 1]
 [0 0 0 1 1 0 1 0 1 0]
 [1 1 0 1 1 1 1 1 1 1]
 [0 1 1 0 1 1 1 1 1 1]
 [1 1 1 1 1 1 1 1 1 0]
 [1 1 1 1 0 1 1 1 0 0]
 [0 0 1 1 0 0 1 1 1 1]
 [1 1 1 1 1 1 1 1 1 1]
 [1 1 1 0 1 1 1 0 1 1]
 [0 1 0 1 0 1 1 0 0 1]
 [0 1 1 1 1 0 1 1 0 1]
 [1 1 0 1 1 0 1 1 0 0]
 [1 1 1 0 0 1 1 1 1 1]
 [1 1 1 1 1 1 1 1 0 1]
 [1 1 0 1 0 0 1 0 0 1]
 [1 1 0 0 0 1 0 1 0 0]
 [1 0 1 0 1 1 1 1 1 0]
 [1 1 1 0 0 1 1 1 0 0]
 [0 1 1 1 1 1 1 1 1 0]
 [1 1 1 1 1 0 0 1 1 0]
 [1 0 0 1 1 0 0 1 1 1]
 [0 0 1 1 0 0 0 1 1 1]
 [0 1 1 0 1 1 0 1 1 1]
 [1 1 1 1 1 0 0 1 1 0]
 [1 0 1 1 1 1 0 1 1 1]
 [1 1 1 1 1 1 1 0 1 1]
 [1 0 1 0 1 1 1 1 1 1]
 [0 1 1 1 0 0 1 0 0 1]
 [1 0 1 1 1 1 0 0 0 1]]
{'restarts': 10, 'conflicts': 4216, 'decisions': 7905, 'propagations': 2216071}
Q is identifiable
branch at 6
runtime for solving id of Q is 0.3635441903024912
Simulation results:
{'J': 50, 'K': 10, 'N': 10, 'p': 0.7, 'seed': 76, 'sim': 4, 'runtime': 0.3635441903024912, 'identifiable': 1, 'branch': 6}
5
Q: [[1 1 1 1 1 1 1 1 1 1]
 [1 1 1 1 0 1 0 1 1 0]
 [1 0 1 1 1 0 0 1 0 1]
 [0 0 1 1 1 1 1 0 1 1]
 [1 1 1 0 0 1 0 1 1 0]
 [0 0 1 1 1 0 0 1 0 1]
 [1 0 0 1 1 1 1 0 1 1]
 [1 0 1 0 0 0 1 1 0 0]
 [1 1 1 0 1 1 0 1 1 1]
 [1 0 0 1 1 1 1 1 0 1]
 [1 1 1 0 1 0 0 1 1 1]
 [0 1 1 1 0 1 1 0 1 1]
 [1 1 1 0 1 0 1 1 0 1]
 [1 0 1 1 0 0 0 1 1 1]
 [1 1 1 1 1 1 1 1 0 1]
 [1 0 1 0 0 1 1 1 0 0]
 [1 1 1 0 1 0 1 1 1 1]
 [0 1 1 1 1 0 1 1 1 0]
 [1 0 1 1 0 1 1 1 1 1]
 [1 1 1 1 1 1 1 0 0 1]
 [1 1 1 1 0 0 1 1 0 0]
 [1 1 1 1 1 0 1 1 1 0]
 [1 1 1 1 1 0 0 1 1 0]
 [1 1 0 0 0 1 1 1 1 0]
 [0 0 1 0 1 1 1 0 1 1]
 [1 1 0 0 1 1 1 1 1 0]
 [1 1 0 1 1 1 0 1 1 1]
 [1 0 0 1 1 0 0 1 0 1]
 [0 0 0 1 0 1 0 1 0 1]
 [1 0 1 0 0 0 1 0 1 0]
 [0 1 1 0 1 1 1 0 1 1]
 [0 0 1 0 1 1 0 1 0 1]
 [1 1 1 1 1 1 1 1 1 1]
 [0 1 1 1 1 0 1 1 1 0]
 [1 1 0 1 1 1 1 1 1 1]
 [1 1 1 1 0 1 1 0 1 1]
 [0 1 0 1 0 0 1 0 1 1]
 [0 1 1 1 1 0 1 1 0 0]
 [1 0 0 0 1 0 1 1 1 1]
 [1 0 1 0 0 1 1 1 1 1]
 [1 0 1 1 0 1 1 1 0 1]
 [0 1 0 1 1 1 0 1 1 1]
 [1 1 1 1 1 1 1 1 1 1]
 [1 1 1 0 1 1 0 1 1 1]
 [1 1 1 1 1 1 1 0 1 0]
 [1 1 1 0 1 1 0 0 0 1]
 [1 1 0 1 1 0 0 1 1 1]
 [1 1 1 1 1 1 1 1 1 1]
 [0 0 1 1 1 1 1 0 1 1]
 [1 1 1 0 1 1 1 0 1 1]]
{'restarts': 35, 'conflicts': 13504, 'decisions': 22713, 'propagations': 6649978}
Q is identifiable
branch at 6
runtime for solving id of Q is 1.0022658631205559
Simulation results:
{'J': 50, 'K': 10, 'N': 10, 'p': 0.7, 'seed': 76, 'sim': 5, 'runtime': 1.0022658631205559, 'identifiable': 1, 'branch': 6}
6
Q: [[1 0 1 0 0 1 1 0 1 1]
 [1 0 1 0 0 0 1 1 0 1]
 [1 1 0 0 1 1 1 0 1 0]
 [1 1 1 1 1 1 0 1 1 1]
 [0 1 1 1 1 1 1 1 0 0]
 [1 0 1 0 1 0 0 1 0 1]
 [1 1 1 1 0 1 1 1 1 1]
 [1 1 1 1 1 1 0 1 1 1]
 [1 1 0 0 1 0 0 0 1 1]
 [1 1 1 1 1 1 0 1 1 1]
 [0 1 1 1 1 1 1 1 0 1]
 [1 1 0 1 0 1 0 1 0 0]
 [1 1 0 1 1 1 0 1 1 0]
 [0 1 1 1 0 1 0 1 0 1]
 [1 0 1 1 1 0 1 0 0 1]
 [0 1 0 1 0 0 1 1 0 1]
 [1 0 1 1 1 1 0 1 0 1]
 [1 1 1 1 1 1 1 1 0 1]
 [0 0 1 1 1 0 0 1 1 1]
 [1 1 1 1 0 1 0 1 0 0]
 [0 0 1 1 1 1 1 1 1 1]
 [1 1 0 0 1 0 1 0 1 0]
 [1 1 0 0 1 1 1 1 1 1]
 [1 0 0 1 0 1 1 1 0 1]
 [1 1 1 1 1 0 0 1 1 1]
 [1 0 0 1 1 0 1 0 1 1]
 [1 1 1 0 1 1 0 1 0 0]
 [1 1 1 1 1 1 1 1 0 0]
 [0 1 0 0 1 1 0 0 1 0]
 [1 1 1 1 1 1 0 1 1 1]
 [1 1 1 1 0 1 1 1 1 0]
 [0 1 1 1 1 1 1 1 1 0]
 [0 1 1 0 0 0 1 0 1 1]
 [0 0 1 0 1 1 1 1 1 1]
 [1 1 1 1 0 0 1 0 1 1]
 [1 0 1 1 1 1 1 1 1 1]
 [1 0 1 0 1 1 1 1 1 0]
 [0 0 1 1 1 1 1 0 1 1]
 [1 0 1 0 1 0 1 1 1 1]
 [0 1 1 1 1 1 1 1 1 1]
 [1 1 1 1 0 1 1 1 0 1]
 [1 1 1 0 1 0 1 0 1 1]
 [1 1 1 0 1 1 1 1 0 0]
 [1 0 1 0 1 1 1 0 1 1]
 [1 1 1 1 0 1 1 0 1 1]
 [0 1 1 1 1 1 1 1 1 1]
 [0 0 1 1 1 1 1 1 0 1]
 [1 1 1 1 1 0 1 0 1 1]
 [0 1 1 1 1 1 1 0 1 0]
 [1 1 1 1 1 1 1 0 1 1]]
{'restarts': 413, 'conflicts': 157723, 'decisions': 212348, 'propagations': 75327117}
Q is identifiable
branch at 6
runtime for solving id of Q is 17.03333388827741
Simulation results:
{'J': 50, 'K': 10, 'N': 10, 'p': 0.7, 'seed': 76, 'sim': 6, 'runtime': 17.03333388827741, 'identifiable': 1, 'branch': 6}
7
Q: [[1 1 1 0 1 0 1 1 0 0]
 [0 1 1 1 1 1 1 1 0 1]
 [1 0 0 0 1 0 1 1 0 1]
 [1 1 1 0 1 0 0 1 1 1]
 [0 1 0 1 0 0 1 0 1 1]
 [1 0 1 0 0 1 1 0 0 0]
 [1 1 1 1 1 1 0 1 1 1]
 [0 1 1 1 1 0 1 1 0 1]
 [1 1 0 1 1 1 0 0 0 0]
 [1 1 1 1 0 1 1 0 0 1]
 [1 1 0 0 1 1 1 0 0 0]
 [1 1 1 1 1 0 1 1 0 1]
 [1 1 0 1 1 1 1 1 1 1]
 [0 1 0 1 1 1 1 1 1 1]
 [1 0 1 1 1 1 1 1 1 0]
 [1 0 1 1 1 1 1 1 1 1]
 [0 1 1 1 0 0 1 1 1 0]
 [1 0 1 1 0 1 1 0 1 1]
 [1 1 1 0 1 1 1 1 0 1]
 [1 0 1 0 1 1 1 1 0 0]
 [0 0 0 1 0 1 1 1 1 1]
 [0 0 1 1 1 1 1 1 1 0]
 [1 1 1 0 1 0 0 1 1 0]
 [1 0 1 0 1 0 1 0 1 1]
 [0 0 1 0 1 1 0 0 1 1]
 [0 0 1 1 1 0 1 0 1 0]
 [0 1 0 1 1 1 1 1 1 1]
 [1 1 1 1 1 1 1 1 1 1]
 [0 1 1 1 0 0 0 1 1 1]
 [0 0 1 1 1 1 0 1 1 1]
 [1 0 0 1 1 0 1 1 0 0]
 [0 0 1 1 0 1 1 1 1 1]
 [1 0 1 0 1 0 0 1 1 0]
 [0 1 1 1 0 1 1 1 1 1]
 [1 1 0 1 1 0 1 1 0 0]
 [1 1 1 1 1 1 1 1 1 1]
 [1 1 1 0 0 1 1 0 0 1]
 [0 1 1 0 1 1 1 0 1 1]
 [1 1 1 0 0 1 1 1 1 0]
 [1 1 0 1 0 0 0 0 1 1]
 [1 1 1 1 1 1 1 1 1 1]
 [0 1 0 0 1 0 1 0 1 1]
 [1 0 1 1 1 1 1 1 0 0]
 [1 0 0 1 1 1 1 1 1 1]
 [1 1 1 1 1 0 1 1 1 0]
 [1 1 1 1 1 0 1 1 1 0]
 [1 1 0 1 1 1 0 0 1 1]
 [0 0 1 1 1 1 1 1 1 0]
 [1 1 0 1 0 0 0 1 0 1]
 [0 1 1 1 1 1 0 1 0 1]]
{'restarts': 112, 'conflicts': 51523, 'decisions': 76008, 'propagations': 26708732}
Q is identifiable
branch at 6
runtime for solving id of Q is 4.368884947150946
Simulation results:
{'J': 50, 'K': 10, 'N': 10, 'p': 0.7, 'seed': 76, 'sim': 7, 'runtime': 4.368884947150946, 'identifiable': 1, 'branch': 6}
8
Q: [[0 1 1 1 1 1 1 1 0 1]
 [1 1 0 1 1 1 1 1 0 1]
 [0 1 1 1 1 0 1 1 1 1]
 [1 1 1 0 1 1 0 1 1 0]
 [0 1 1 1 1 0 1 0 1 0]
 [0 1 0 1 0 1 1 0 1 1]
 [1 1 0 1 1 1 1 1 1 1]
 [1 1 1 1 1 0 1 0 1 0]
 [0 1 1 0 1 1 0 1 1 1]
 [1 1 1 0 0 1 1 1 0 1]
 [1 1 1 1 1 0 1 1 1 0]
 [0 1 1 0 1 1 0 1 0 1]
 [1 1 1 0 1 0 1 1 1 1]
 [1 1 1 1 1 0 1 1 1 0]
 [1 0 1 0 1 1 0 1 1 1]
 [1 1 1 0 0 1 0 1 1 0]
 [1 0 1 1 0 1 0 0 0 1]
 [0 1 1 0 0 1 1 1 0 1]
 [1 1 0 0 0 0 0 0 1 1]
 [0 1 0 1 0 1 1 0 1 0]
 [1 0 1 1 1 1 1 1 1 0]
 [0 1 0 1 1 1 1 1 1 1]
 [1 1 1 1 1 1 1 1 1 0]
 [1 1 1 1 1 1 0 0 0 1]
 [1 1 1 1 1 1 1 1 1 1]
 [1 1 0 0 1 1 1 1 1 0]
 [0 1 1 0 0 1 1 1 1 1]
 [1 0 1 0 0 0 1 0 1 1]
 [1 0 1 1 0 1 1 1 0 1]
 [1 1 1 1 1 1 1 0 0 1]
 [0 1 1 1 1 1 1 1 0 1]
 [0 0 1 1 1 1 1 1 0 1]
 [0 0 1 0 1 0 1 1 1 1]
 [0 0 0 1 0 1 1 1 1 0]
 [1 1 1 1 0 1 1 1 1 1]
 [1 0 0 1 0 1 1 1 1 0]
 [0 0 1 0 1 1 1 0 0 1]
 [1 1 0 1 1 0 1 1 0 1]
 [1 1 1 1 1 0 1 1 0 1]
 [1 0 1 1 1 1 1 1 1 1]
 [0 0 1 0 1 0 0 1 1 1]
 [1 1 0 1 0 0 0 0 0 1]
 [0 1 1 1 1 1 0 0 1 1]
 [1 1 1 0 1 1 0 0 0 1]
 [1 1 1 1 1 1 0 1 1 0]
 [1 0 0 1 1 1 1 0 0 0]
 [1 1 0 1 0 0 0 0 0 1]
 [1 0 0 1 1 1 1 1 1 0]
 [1 0 0 0 1 1 1 1 0 0]
 [1 1 0 1 0 1 1 1 0 0]]
{'restarts': 42, 'conflicts': 17278, 'decisions': 29597, 'propagations': 9570687}
Q is identifiable
branch at 6
runtime for solving id of Q is 1.3816126957535744
Simulation results:
{'J': 50, 'K': 10, 'N': 10, 'p': 0.7, 'seed': 76, 'sim': 8, 'runtime': 1.3816126957535744, 'identifiable': 1, 'branch': 6}
9
Q: [[1 0 0 1 1 1 0 1 1 0]
 [1 1 0 1 1 1 1 1 0 0]
 [0 0 0 0 1 1 1 0 0 1]
 [1 1 1 0 1 1 0 1 0 1]
 [1 0 0 1 1 0 1 1 0 1]
 [0 1 1 1 0 0 1 1 1 1]
 [0 1 1 0 1 0 1 0 1 1]
 [0 0 1 0 0 1 1 0 0 1]
 [1 1 1 1 0 1 1 1 1 1]
 [0 1 0 1 0 0 0 1 1 1]
 [1 1 0 1 0 0 1 1 0 1]
 [1 1 0 0 0 1 1 0 1 1]
 [1 0 1 1 0 1 1 1 1 0]
 [1 1 1 1 1 1 1 1 0 1]
 [1 1 1 1 1 1 0 1 0 0]
 [1 1 1 0 1 1 1 1 0 1]
 [0 1 1 0 1 1 0 0 0 0]
 [0 1 0 0 1 1 1 1 0 1]
 [1 1 0 1 1 0 1 0 1 1]
 [1 1 1 0 0 1 0 0 1 1]
 [1 1 1 1 1 0 1 1 1 0]
 [1 1 1 1 1 0 1 0 1 1]
 [0 0 1 0 1 0 0 1 0 1]
 [1 1 1 1 1 1 0 1 0 1]
 [1 0 1 0 1 1 1 1 1 0]
 [1 1 1 1 1 0 1 1 1 1]
 [1 1 0 1 1 1 1 1 1 1]
 [1 1 1 1 1 1 1 1 0 1]
 [1 1 1 1 0 1 1 1 0 1]
 [0 1 1 0 1 1 1 1 1 1]
 [1 0 1 1 1 1 1 1 1 1]
 [1 1 1 0 1 1 1 0 1 1]
 [1 0 1 0 1 1 1 1 1 0]
 [1 1 0 0 0 0 1 1 0 1]
 [1 0 1 0 0 1 1 0 1 1]
 [1 1 1 0 0 1 1 1 1 0]
 [1 0 1 1 1 0 0 1 0 0]
 [1 1 1 0 1 0 1 1 1 1]
 [1 1 1 0 1 0 1 0 0 0]
 [0 1 1 0 1 1 0 0 1 0]
 [1 1 0 1 0 1 1 1 0 1]
 [1 1 1 1 1 0 1 1 0 1]
 [0 0 1 1 1 1 0 1 0 1]
 [1 0 1 1 1 1 1 1 0 1]
 [1 1 1 1 0 0 1 1 1 0]
 [1 0 0 0 0 1 0 1 0 1]
 [1 0 1 1 1 1 1 0 1 1]
 [1 1 0 0 0 0 1 1 1 1]
 [1 1 1 0 1 0 1 1 1 1]
 [1 1 1 1 1 0 1 0 1 0]]
{'restarts': 6, 'conflicts': 1606, 'decisions': 3274, 'propagations': 777127}
Q is identifiable
branch at 6
runtime for solving id of Q is 0.18789488729089499
Simulation results:
{'J': 50, 'K': 10, 'N': 10, 'p': 0.7, 'seed': 76, 'sim': 9, 'runtime': 0.18789488729089499, 'identifiable': 1, 'branch': 6}
Simulation results:
[{'J': 50, 'K': 10, 'N': 10, 'p': 0.7, 'seed': 76, 'sim': 0, 'runtime': 4.653019900433719, 'identifiable': 1, 'branch': 6}, {'J': 50, 'K': 10, 'N': 10, 'p': 0.7, 'seed': 76, 'sim': 1, 'runtime': 0.0922989659011364, 'identifiable': 0, 'branch': 5}, {'J': 50, 'K': 10, 'N': 10, 'p': 0.7, 'seed': 76, 'sim': 2, 'runtime': 22.056379614397883, 'identifiable': 1, 'branch': 6}, {'J': 50, 'K': 10, 'N': 10, 'p': 0.7, 'seed': 76, 'sim': 3, 'runtime': 0.09933474101126194, 'identifiable': 0, 'branch': 5}, {'J': 50, 'K': 10, 'N': 10, 'p': 0.7, 'seed': 76, 'sim': 4, 'runtime': 0.3635441903024912, 'identifiable': 1, 'branch': 6}, {'J': 50, 'K': 10, 'N': 10, 'p': 0.7, 'seed': 76, 'sim': 5, 'runtime': 1.0022658631205559, 'identifiable': 1, 'branch': 6}, {'J': 50, 'K': 10, 'N': 10, 'p': 0.7, 'seed': 76, 'sim': 6, 'runtime': 17.03333388827741, 'identifiable': 1, 'branch': 6}, {'J': 50, 'K': 10, 'N': 10, 'p': 0.7, 'seed': 76, 'sim': 7, 'runtime': 4.368884947150946, 'identifiable': 1, 'branch': 6}, {'J': 50, 'K': 10, 'N': 10, 'p': 0.7, 'seed': 76, 'sim': 8, 'runtime': 1.3816126957535744, 'identifiable': 1, 'branch': 6}, {'J': 50, 'K': 10, 'N': 10, 'p': 0.7, 'seed': 76, 'sim': 9, 'runtime': 0.18789488729089499, 'identifiable': 1, 'branch': 6}]
