
The Gurobi software has a limited number of licenses. To request a license or
licenses, add this line

    #SBATCH --licenses=gurobi@slurmdb:1

to your SBATCH script, replacing N with the number of licenses you need. Gurobi
will need one license per process.


0
Q: [[1 1 1 0 0 0 0 1 1 0]
 [1 1 0 0 0 0 0 0 0 0]
 [0 1 0 1 0 0 1 1 1 1]
 [0 0 1 0 1 1 0 1 1 0]
 [1 0 1 0 0 0 0 1 0 1]
 [0 1 0 0 0 1 1 0 1 0]
 [0 0 0 1 1 1 1 0 0 1]
 [0 1 0 0 0 0 0 0 1 0]
 [0 1 1 0 0 0 1 1 0 0]
 [0 0 1 0 1 0 0 1 1 1]
 [1 0 1 0 1 0 0 1 1 0]
 [0 1 1 1 0 0 1 0 0 1]
 [0 1 1 0 0 0 1 0 1 1]
 [1 0 1 1 1 1 0 0 1 0]
 [1 0 1 0 1 1 0 0 0 1]
 [1 1 1 0 1 0 1 0 1 1]
 [0 1 1 0 0 1 1 0 1 0]
 [1 1 1 0 0 1 0 1 1 0]
 [0 1 0 0 1 0 0 0 0 0]
 [1 1 0 0 0 1 1 0 1 1]
 [0 0 0 0 1 0 1 1 0 0]
 [1 1 0 0 1 1 1 0 0 0]
 [1 1 1 1 0 1 1 1 0 1]
 [1 0 1 0 1 0 0 1 0 0]
 [0 1 0 0 1 0 1 0 1 0]
 [1 0 0 0 0 1 1 0 1 0]
 [1 1 0 1 0 1 0 0 1 1]
 [0 0 1 1 1 1 1 0 0 1]
 [1 1 1 1 1 0 0 1 1 1]
 [1 1 1 1 0 1 1 0 0 0]
 [1 1 0 0 0 0 0 1 1 0]
 [0 0 0 1 0 1 1 1 0 0]
 [1 1 1 0 1 0 0 0 0 0]
 [1 1 0 0 1 1 0 0 0 0]
 [1 0 0 0 0 0 0 1 0 1]
 [1 1 1 0 1 0 1 0 1 0]
 [1 1 1 0 0 0 1 0 1 0]
 [1 0 1 1 0 0 0 0 0 0]
 [1 1 1 0 0 0 0 0 1 1]
 [1 1 1 1 1 1 1 1 1 0]
 [0 1 0 1 1 0 0 0 1 1]
 [1 1 1 1 0 0 1 1 0 0]
 [0 0 1 1 0 1 1 0 0 0]
 [1 0 0 0 0 1 0 0 1 0]
 [0 1 0 1 0 0 0 0 0 0]
 [0 0 0 1 0 1 0 0 1 0]
 [1 0 0 0 0 1 0 0 1 1]
 [0 1 1 0 1 1 1 0 1 0]
 [0 1 1 1 0 1 0 0 1 1]
 [1 0 1 1 0 1 0 0 0 0]]
{'restarts': 1, 'conflicts': 782, 'decisions': 1808, 'propagations': 6707983}
Q is identifiable
branch at 6
runtime for solving id of Q is 2.7829091092571616
Simulation results:
{'J': 50, 'K': 10, 'N': 10, 'p': 0.5, 'seed': 67, 'sim': 0, 'runtime': 2.7829091092571616, 'identifiable': True, 'branch': 6}
1
Q: [[0 1 0 0 1 0 0 1 0 1]
 [1 1 0 1 1 0 0 0 0 1]
 [1 1 1 1 0 0 1 1 1 1]
 [1 1 0 1 1 0 1 0 0 1]
 [0 0 1 1 1 0 0 0 0 0]
 [1 1 1 0 1 1 1 1 0 1]
 [0 0 1 1 0 1 0 0 1 0]
 [1 0 0 0 1 0 0 1 0 1]
 [1 1 1 0 1 0 1 1 1 0]
 [1 1 1 0 1 0 0 1 1 0]
 [0 1 0 0 1 0 0 0 0 0]
 [1 0 1 1 1 1 1 1 0 0]
 [1 1 1 0 1 0 0 0 1 1]
 [1 0 1 1 0 1 0 0 1 1]
 [0 1 1 1 0 0 1 0 1 1]
 [0 0 1 0 0 1 1 0 0 0]
 [0 0 0 1 0 0 1 1 1 0]
 [1 1 1 0 1 1 1 1 1 0]
 [1 1 0 1 0 0 1 1 1 1]
 [0 0 1 0 1 1 0 1 1 1]
 [0 0 1 0 0 1 0 0 1 1]
 [1 1 1 1 0 1 0 0 1 1]
 [1 0 0 0 1 0 0 0 0 1]
 [1 0 0 0 1 1 1 0 1 1]
 [1 1 0 0 0 1 1 1 1 1]
 [1 0 0 1 1 0 1 1 0 1]
 [0 1 1 0 0 1 0 0 1 0]
 [0 0 1 0 1 0 1 1 0 0]
 [1 0 1 0 0 1 1 1 1 0]
 [0 1 1 0 0 0 1 0 0 0]
 [0 0 1 0 0 0 1 0 1 0]
 [0 0 1 1 1 1 1 0 1 1]
 [0 1 0 1 0 0 0 0 0 0]
 [0 0 1 0 0 0 0 0 0 1]
 [1 1 1 0 1 0 1 1 0 1]
 [0 0 0 0 0 0 0 0 1 1]
 [1 0 1 1 0 1 1 0 1 1]
 [0 1 1 1 0 0 0 0 1 1]
 [0 0 1 1 0 1 1 0 1 0]
 [1 1 1 1 1 1 0 1 0 1]
 [1 0 0 1 1 1 0 1 1 1]
 [1 0 1 0 0 0 0 1 1 1]
 [0 0 0 0 1 0 1 1 1 1]
 [0 0 0 1 1 1 1 1 0 0]
 [1 0 1 0 0 0 0 0 1 1]
 [1 0 0 1 1 0 0 0 1 0]
 [0 0 0 0 1 1 1 1 1 1]
 [1 1 0 0 0 1 0 0 0 1]
 [0 1 1 0 0 0 0 1 1 1]
 [1 0 0 0 1 1 1 0 1 0]]
{'restarts': 8, 'conflicts': 1957, 'decisions': 4083, 'propagations': 14544614}
Q is identifiable
branch at 6
runtime for solving id of Q is 3.070355474948883
Simulation results:
{'J': 50, 'K': 10, 'N': 10, 'p': 0.5, 'seed': 67, 'sim': 1, 'runtime': 3.070355474948883, 'identifiable': True, 'branch': 6}
2
Q: [[0 0 0 0 0 0 0 0 1 0]
 [0 1 1 0 1 0 0 1 1 0]
 [1 0 1 0 1 1 1 1 0 1]
 [1 0 0 0 1 0 0 1 0 1]
 [0 0 0 0 0 1 1 1 1 0]
 [1 0 0 1 1 1 1 0 0 1]
 [1 0 1 0 1 0 1 0 1 0]
 [1 1 1 1 1 0 0 0 0 1]
 [0 1 0 0 1 0 1 1 1 1]
 [1 1 0 0 0 0 0 1 0 1]
 [0 0 1 1 0 1 1 0 0 0]
 [1 0 1 0 0 0 1 0 1 1]
 [0 0 1 0 0 0 0 1 0 0]
 [1 0 1 1 1 1 1 1 0 0]
 [0 0 1 1 0 0 0 0 0 0]
 [0 1 0 0 1 1 1 0 0 1]
 [0 1 0 0 0 1 1 0 1 1]
 [1 0 1 1 0 0 0 1 1 1]
 [1 1 1 0 1 1 0 1 1 0]
 [1 0 0 1 1 0 0 1 1 1]
 [0 0 1 0 1 0 0 0 0 1]
 [0 1 1 1 0 0 1 0 0 0]
 [1 1 1 1 0 0 0 1 1 0]
 [1 0 1 1 1 1 0 1 1 0]
 [1 0 0 1 0 0 0 0 1 1]
 [0 1 1 0 1 0 0 1 1 0]
 [1 1 1 0 0 0 1 1 0 0]
 [0 0 0 0 1 1 0 0 0 1]
 [1 0 1 1 0 0 0 1 1 1]
 [0 0 0 1 0 0 1 1 0 0]
 [0 0 0 1 1 0 0 0 0 0]
 [1 0 0 0 1 0 0 0 0 0]
 [0 1 1 1 1 1 1 1 0 0]
 [1 1 0 1 0 1 0 1 1 0]
 [0 0 0 0 1 1 1 0 1 1]
 [1 0 0 0 0 0 0 0 0 0]
 [0 1 1 0 1 1 0 0 1 1]
 [1 0 1 0 0 0 0 0 1 0]
 [1 1 0 1 0 0 1 0 1 0]
 [0 0 1 1 1 0 1 1 0 0]
 [1 1 1 0 1 0 0 1 0 1]
 [1 1 0 0 0 0 1 1 0 1]
 [0 1 0 0 1 0 1 0 0 1]
 [1 0 1 1 1 0 1 0 1 0]
 [1 0 0 0 0 0 1 0 1 1]
 [0 1 1 1 0 1 1 1 1 0]
 [0 0 1 1 0 0 1 1 1 1]
 [1 0 1 1 1 0 1 1 1 1]
 [1 0 1 0 0 1 1 1 1 1]
 [1 1 0 1 0 1 0 1 0 0]]
{'restarts': 1, 'conflicts': 374, 'decisions': 1448, 'propagations': 2755248}
Q is identifiable
branch at 6
runtime for solving id of Q is 2.2422166476026177
Simulation results:
{'J': 50, 'K': 10, 'N': 10, 'p': 0.5, 'seed': 67, 'sim': 2, 'runtime': 2.2422166476026177, 'identifiable': True, 'branch': 6}
3
Q: [[0 0 0 0 0 0 1 0 1 1]
 [0 1 0 1 1 1 1 1 1 0]
 [0 0 0 1 1 1 1 0 0 0]
 [0 1 0 1 1 1 1 0 0 1]
 [1 1 0 1 0 1 0 1 0 1]
 [1 0 0 0 1 1 1 0 1 0]
 [1 0 0 1 1 1 0 0 0 0]
 [1 0 1 0 0 1 1 0 1 0]
 [0 0 0 1 0 1 1 0 1 1]
 [0 1 0 1 0 1 0 1 0 0]
 [1 1 1 0 0 0 0 1 0 0]
 [1 0 0 1 0 0 0 1 0 0]
 [0 0 1 0 0 1 0 0 0 1]
 [1 0 1 0 1 0 0 1 1 0]
 [1 0 1 1 0 1 1 0 0 1]
 [0 1 0 1 0 1 1 1 1 1]
 [0 1 0 1 0 0 0 1 1 0]
 [1 0 0 0 0 0 0 1 0 0]
 [1 0 0 0 0 0 1 0 0 0]
 [1 0 0 0 0 1 1 1 1 0]
 [0 0 0 0 0 1 0 1 1 0]
 [1 1 0 1 0 0 1 1 0 0]
 [0 0 0 1 0 1 0 0 0 1]
 [1 1 0 0 1 0 0 1 0 0]
 [1 0 1 1 1 0 1 1 1 1]
 [0 0 1 1 1 1 0 0 1 1]
 [1 0 0 1 1 0 1 0 0 0]
 [0 0 1 1 0 0 0 1 1 1]
 [0 0 0 0 1 0 0 1 0 0]
 [1 0 1 0 0 0 0 1 0 0]
 [0 1 1 1 1 1 1 0 1 1]
 [1 0 0 1 1 1 0 1 1 1]
 [1 0 0 1 1 0 1 0 0 0]
 [1 0 0 0 1 0 0 0 1 1]
 [1 1 0 1 1 1 0 0 0 1]
 [0 1 1 1 1 0 0 0 0 1]
 [0 0 0 0 0 1 0 1 1 1]
 [0 1 1 1 1 1 0 0 0 1]
 [1 0 1 0 1 1 1 1 0 1]
 [0 0 1 1 0 0 1 0 0 0]
 [1 1 1 1 1 1 1 0 0 0]
 [1 0 1 0 1 0 0 1 1 1]
 [1 1 0 1 1 1 1 0 0 1]
 [1 1 1 1 0 0 1 1 1 0]
 [0 0 1 1 0 0 0 0 1 0]
 [0 0 0 1 1 1 1 0 0 0]
 [1 1 0 0 0 1 1 1 1 1]
 [0 1 1 0 1 1 1 1 0 1]
 [0 1 1 1 1 0 1 0 0 1]
 [0 0 0 0 0 1 0 0 0 1]]
{'restarts': 1, 'conflicts': 371, 'decisions': 1122, 'propagations': 2440761}
Q is identifiable
branch at 6
runtime for solving id of Q is 1.6205754140391946
Simulation results:
{'J': 50, 'K': 10, 'N': 10, 'p': 0.5, 'seed': 67, 'sim': 3, 'runtime': 1.6205754140391946, 'identifiable': True, 'branch': 6}
4
Q: [[1 0 0 1 0 0 0 0 1 1]
 [1 1 1 1 0 1 0 0 1 0]
 [0 1 1 0 1 0 1 0 0 1]
 [0 0 1 1 0 1 1 0 1 1]
 [1 1 0 0 0 1 1 0 1 0]
 [0 1 1 0 1 0 1 1 0 1]
 [0 1 1 1 0 0 0 1 1 0]
 [1 0 1 0 0 0 1 1 0 0]
 [1 1 0 1 1 0 1 0 0 1]
 [0 1 1 1 1 1 1 1 1 1]
 [0 0 1 0 1 0 0 1 1 0]
 [0 0 0 0 0 1 0 0 1 0]
 [1 1 1 0 1 0 0 0 0 1]
 [1 1 1 1 0 1 0 1 0 1]
 [0 0 1 1 0 1 1 1 0 0]
 [0 0 1 0 1 1 1 1 1 0]
 [0 0 0 0 0 0 1 0 1 0]
 [1 0 1 1 1 1 0 1 1 1]
 [1 0 1 0 1 0 0 1 0 1]
 [1 0 1 1 0 0 1 0 0 1]
 [1 1 0 1 0 0 0 0 0 0]
 [1 1 0 0 1 1 0 1 0 1]
 [1 1 1 1 0 0 0 0 1 1]
 [0 0 1 1 1 0 0 1 1 1]
 [0 0 0 0 0 1 0 0 0 1]
 [1 1 1 0 0 1 0 1 1 1]
 [0 1 0 1 0 0 1 1 0 1]
 [0 0 0 0 1 0 1 0 1 0]
 [1 1 1 0 1 1 1 1 0 1]
 [1 1 0 0 0 1 0 0 0 1]
 [1 1 0 1 0 1 1 0 1 1]
 [0 1 0 1 0 0 0 1 1 0]
 [1 1 1 1 0 0 1 1 0 1]
 [0 1 1 1 0 0 0 0 1 1]
 [1 1 0 0 1 1 1 0 1 1]
 [0 1 1 0 0 1 1 0 1 1]
 [0 0 0 0 0 0 1 0 1 0]
 [1 1 1 0 0 1 0 0 0 0]
 [0 1 0 0 0 0 0 0 0 1]
 [1 1 0 0 0 1 1 1 0 0]
 [1 1 0 1 1 1 1 0 1 1]
 [0 1 0 0 1 0 0 0 0 0]
 [1 1 0 0 1 1 0 0 0 1]
 [1 0 1 1 0 1 0 1 0 0]
 [1 1 0 0 0 1 1 0 0 1]
 [0 1 1 0 1 0 0 1 1 0]
 [1 0 0 0 0 1 0 1 1 0]
 [0 0 0 1 1 1 1 0 0 1]
 [0 1 0 1 1 1 1 0 0 1]
 [0 0 0 0 1 1 1 0 1 0]]
{'restarts': 1, 'conflicts': 317, 'decisions': 1329, 'propagations': 1530562}
Q is identifiable
branch at 6
runtime for solving id of Q is 1.5294717829674482
Simulation results:
{'J': 50, 'K': 10, 'N': 10, 'p': 0.5, 'seed': 67, 'sim': 4, 'runtime': 1.5294717829674482, 'identifiable': True, 'branch': 6}
5
Q: [[0 1 0 1 0 1 1 0 1 0]
 [1 0 1 0 1 0 0 0 1 0]
 [1 1 1 1 1 1 1 1 1 1]
 [1 1 1 1 1 1 1 1 0 0]
 [0 0 1 0 1 0 1 0 0 1]
 [0 1 1 0 1 0 0 0 0 1]
 [1 1 0 1 0 0 0 1 0 0]
 [0 0 1 1 1 1 0 0 0 1]
 [1 0 0 1 1 1 0 0 0 1]
 [1 0 1 1 1 1 1 1 1 0]
 [0 0 1 1 0 0 1 0 1 1]
 [1 0 1 1 1 0 1 0 0 1]
 [1 1 0 1 0 0 1 1 0 0]
 [0 0 0 0 0 1 1 0 1 0]
 [0 0 0 1 1 1 0 1 1 0]
 [0 1 0 1 0 0 0 1 0 0]
 [1 1 1 1 1 1 0 1 0 1]
 [0 0 0 0 0 1 1 1 1 0]
 [0 0 1 0 1 1 0 1 1 0]
 [0 1 1 0 0 0 0 0 1 1]
 [0 1 1 1 0 0 1 1 1 0]
 [1 1 0 1 0 1 0 1 0 1]
 [1 1 1 1 1 0 0 1 0 1]
 [0 1 1 0 0 1 0 0 1 1]
 [0 1 0 1 0 1 1 0 1 0]
 [0 0 0 1 1 0 1 1 0 0]
 [1 0 0 1 0 0 1 1 0 1]
 [1 0 0 0 0 1 0 0 0 1]
 [1 1 0 0 1 0 1 1 0 0]
 [1 1 0 1 0 1 0 0 1 0]
 [0 1 1 1 0 1 0 1 0 1]
 [0 1 0 1 1 1 1 1 0 1]
 [0 0 1 1 1 1 1 0 1 1]
 [0 1 0 1 0 1 1 1 1 0]
 [0 0 0 0 1 0 0 1 1 0]
 [1 1 1 0 0 0 0 0 0 0]
 [0 0 1 1 1 1 1 1 1 1]
 [0 1 0 1 1 1 1 0 1 0]
 [1 0 1 1 0 1 1 1 0 0]
 [0 1 1 0 1 1 1 0 0 1]
 [0 0 1 0 0 0 0 0 1 0]
 [1 1 0 0 0 1 1 0 0 0]
 [0 0 0 0 1 1 1 1 1 1]
 [0 1 1 1 0 1 0 0 0 1]
 [1 1 1 1 1 1 1 1 0 1]
 [1 1 1 0 0 1 1 1 1 1]
 [1 0 0 1 1 0 0 1 0 1]
 [1 0 1 1 0 0 0 1 1 1]
 [1 0 1 1 0 1 1 0 0 1]
 [1 0 1 0 0 1 1 1 1 0]]
{'restarts': 2, 'conflicts': 612, 'decisions': 1863, 'propagations': 3715246}
Q is identifiable
branch at 6
runtime for solving id of Q is 1.5804261835291982
Simulation results:
{'J': 50, 'K': 10, 'N': 10, 'p': 0.5, 'seed': 67, 'sim': 5, 'runtime': 1.5804261835291982, 'identifiable': True, 'branch': 6}
6
Q: [[1 1 1 1 0 0 0 0 1 1]
 [0 0 1 0 0 0 1 0 1 1]
 [1 1 1 1 1 1 0 0 0 1]
 [1 0 1 0 0 0 1 1 0 1]
 [0 1 1 1 0 1 0 0 0 1]
 [1 1 1 0 1 1 0 1 1 1]
 [1 1 0 1 0 1 0 0 0 0]
 [0 0 0 0 0 0 0 1 1 1]
 [1 1 1 0 1 1 1 0 1 0]
 [0 0 0 0 0 1 1 1 0 1]
 [1 1 0 0 0 1 1 0 0 1]
 [0 0 1 1 1 0 1 0 1 1]
 [0 1 0 1 0 1 0 1 0 0]
 [1 0 1 1 1 1 0 0 1 0]
 [1 1 1 0 0 1 1 1 1 0]
 [0 0 1 1 1 1 1 1 0 1]
 [1 0 1 0 1 0 0 0 1 1]
 [1 0 1 1 1 1 1 1 0 1]
 [1 1 1 1 0 0 1 1 0 0]
 [0 1 0 0 1 1 1 0 1 1]
 [0 1 1 1 1 0 1 0 1 1]
 [1 1 1 1 1 1 0 1 1 0]
 [0 1 1 1 0 1 1 0 0 0]
 [1 0 0 1 1 0 0 0 1 1]
 [0 0 0 0 1 1 1 0 0 0]
 [0 0 1 1 0 0 1 1 1 0]
 [1 0 0 0 0 0 1 1 0 0]
 [1 1 1 0 0 0 0 1 0 1]
 [1 0 0 1 0 1 0 0 0 1]
 [1 1 0 0 1 1 0 0 0 0]
 [1 1 1 0 0 0 1 0 0 0]
 [0 0 1 1 1 1 0 1 0 0]
 [1 0 0 1 1 0 1 1 0 0]
 [0 1 1 0 1 1 0 1 0 0]
 [0 1 0 0 1 0 0 0 1 0]
 [1 1 0 1 0 1 0 0 0 1]
 [1 0 1 0 1 1 1 1 1 1]
 [1 1 1 1 1 0 1 1 0 1]
 [0 0 0 1 1 0 1 0 0 1]
 [0 1 1 1 1 1 0 0 1 0]
 [1 1 0 0 1 1 1 0 0 0]
 [0 0 1 1 1 0 0 0 1 1]
 [1 0 0 1 0 0 1 0 0 1]
 [1 1 0 0 1 0 0 1 1 0]
 [1 1 1 1 1 1 0 1 1 1]
 [0 0 0 0 0 0 0 1 1 1]
 [1 0 1 0 0 0 1 0 1 1]
 [1 0 1 0 1 1 0 1 1 0]
 [0 1 1 1 0 1 0 0 0 0]
 [1 1 1 0 0 1 0 1 1 0]]
{'restarts': 3, 'conflicts': 688, 'decisions': 2249, 'propagations': 3805158}
Q is identifiable
branch at 6
runtime for solving id of Q is 1.4865916054695845
Simulation results:
{'J': 50, 'K': 10, 'N': 10, 'p': 0.5, 'seed': 67, 'sim': 6, 'runtime': 1.4865916054695845, 'identifiable': True, 'branch': 6}
7
Q: [[1 0 1 0 0 0 1 1 1 0]
 [0 0 1 0 1 0 1 0 0 1]
 [1 1 0 0 1 0 1 0 1 1]
 [1 0 1 1 0 1 0 0 1 1]
 [0 1 0 1 1 0 0 1 0 1]
 [1 0 0 1 0 0 1 0 1 0]
 [1 0 0 0 1 1 1 0 0 0]
 [1 0 1 0 1 0 0 0 0 0]
 [1 1 1 1 0 1 0 0 1 1]
 [1 1 0 0 0 1 0 0 1 1]
 [1 1 0 1 1 1 1 1 0 1]
 [0 1 1 0 0 0 1 1 1 1]
 [0 0 0 1 0 1 1 0 0 0]
 [0 0 0 1 0 0 1 0 1 1]
 [1 0 0 1 1 1 1 1 0 1]
 [0 0 1 0 1 0 0 0 0 0]
 [0 1 0 0 0 0 0 1 0 0]
 [1 1 0 0 0 1 0 0 1 0]
 [1 1 1 1 1 1 1 0 1 1]
 [1 1 1 0 0 0 1 0 1 0]
 [0 0 0 1 1 1 0 1 1 1]
 [1 1 0 1 0 0 0 1 0 1]
 [0 0 0 0 1 0 0 1 0 0]
 [1 0 0 0 1 1 0 1 1 1]
 [1 1 0 0 0 1 1 0 1 0]
 [1 0 1 1 0 0 1 1 1 0]
 [1 0 1 1 0 0 0 0 1 0]
 [1 0 1 0 1 0 1 0 1 0]
 [0 1 0 1 1 0 0 0 0 0]
 [0 0 0 0 1 1 1 0 0 1]
 [0 0 1 0 0 1 0 1 1 1]
 [1 0 0 0 1 1 1 0 0 0]
 [1 0 1 1 0 1 0 0 1 1]
 [0 1 1 1 0 0 1 1 1 0]
 [1 1 0 1 1 1 1 0 1 1]
 [1 0 1 0 0 1 0 0 0 1]
 [1 1 0 1 0 0 0 1 1 1]
 [0 0 1 0 1 1 0 0 0 0]
 [0 1 1 0 1 1 1 0 0 1]
 [1 0 1 0 1 1 1 1 1 1]
 [0 0 1 0 0 0 1 0 0 1]
 [0 1 1 0 0 0 0 0 1 0]
 [0 0 0 0 1 1 1 1 0 1]
 [0 0 0 1 0 1 1 0 0 0]
 [0 1 1 1 1 1 0 0 0 0]
 [0 0 1 0 1 0 1 0 0 1]
 [1 0 0 1 1 0 1 1 1 1]
 [1 1 0 0 0 1 0 0 0 0]
 [1 0 1 1 1 1 0 1 1 0]
 [0 1 0 0 1 0 1 0 1 1]]
{'restarts': 2, 'conflicts': 633, 'decisions': 1638, 'propagations': 4277037}
Q is identifiable
branch at 6
runtime for solving id of Q is 1.8360619926825166
Simulation results:
{'J': 50, 'K': 10, 'N': 10, 'p': 0.5, 'seed': 67, 'sim': 7, 'runtime': 1.8360619926825166, 'identifiable': True, 'branch': 6}
8
Q: [[0 1 1 1 1 0 0 0 1 1]
 [1 0 1 1 1 0 0 0 1 1]
 [0 1 0 1 1 1 1 1 1 0]
 [1 1 1 0 1 1 1 1 1 0]
 [1 1 1 0 0 1 1 0 0 1]
 [1 0 1 0 1 1 1 0 1 1]
 [0 1 0 0 1 0 0 0 1 0]
 [0 1 0 0 1 1 1 1 1 1]
 [0 1 1 1 1 1 1 0 0 1]
 [1 0 0 0 1 0 0 0 0 0]
 [1 1 1 1 1 1 0 1 0 0]
 [0 1 0 1 1 0 1 0 0 0]
 [1 0 1 1 0 0 0 1 1 0]
 [0 0 0 0 1 0 0 0 1 1]
 [1 0 0 1 1 1 0 1 0 0]
 [1 0 0 0 1 0 0 1 1 1]
 [1 1 0 0 0 1 0 0 0 0]
 [0 0 1 1 0 1 0 0 0 1]
 [0 0 1 1 1 0 1 0 0 1]
 [1 1 1 0 1 1 0 1 1 1]
 [1 0 1 0 0 1 1 0 1 1]
 [1 1 0 1 1 1 0 1 1 0]
 [0 1 0 1 0 1 0 0 0 0]
 [1 0 0 0 0 1 0 0 0 0]
 [1 1 0 0 1 0 0 0 0 1]
 [0 0 0 0 0 0 1 1 0 1]
 [1 1 1 1 1 1 1 1 0 1]
 [1 0 0 1 0 0 1 0 0 1]
 [0 0 0 1 0 0 0 1 0 1]
 [0 0 1 0 0 0 1 0 0 0]
 [1 0 1 1 1 0 1 0 0 1]
 [0 0 1 0 1 1 0 0 1 0]
 [0 1 1 1 1 0 1 0 0 1]
 [1 0 1 1 0 1 1 0 1 0]
 [0 1 1 0 1 0 0 0 0 0]
 [1 1 1 1 1 1 1 1 0 0]
 [0 0 1 0 0 0 1 1 1 1]
 [1 1 1 1 1 0 0 0 1 1]
 [1 0 0 1 1 0 1 0 1 1]
 [0 0 0 1 1 0 1 1 0 1]
 [1 1 0 0 0 0 1 0 1 0]
 [0 0 1 1 1 0 1 0 1 1]
 [1 1 1 0 0 1 0 1 0 1]
 [0 1 0 0 0 1 0 0 1 0]
 [0 1 1 1 1 0 0 0 0 1]
 [0 1 1 1 1 0 1 1 0 1]
 [0 0 0 0 0 1 1 1 0 0]
 [0 0 0 0 1 1 0 1 0 1]
 [0 1 0 1 0 1 0 0 0 0]
 [1 1 0 1 0 1 1 1 0 0]]
{'restarts': 2, 'conflicts': 669, 'decisions': 1709, 'propagations': 4729305}
Q is identifiable
branch at 6
runtime for solving id of Q is 1.8792718760669231
Simulation results:
{'J': 50, 'K': 10, 'N': 10, 'p': 0.5, 'seed': 67, 'sim': 8, 'runtime': 1.8792718760669231, 'identifiable': True, 'branch': 6}
9
Q: [[1 1 1 1 1 0 1 0 1 0]
 [0 1 1 1 1 0 0 0 0 1]
 [0 1 0 1 0 1 1 1 1 1]
 [1 1 0 1 1 0 1 1 1 0]
 [0 1 1 1 1 1 1 1 1 1]
 [0 0 0 1 1 1 1 0 0 0]
 [0 1 0 0 1 1 0 1 0 1]
 [0 0 1 1 1 1 0 1 0 1]
 [0 0 0 1 1 1 0 1 1 1]
 [0 0 1 0 0 1 0 0 0 1]
 [0 0 0 0 0 1 1 0 0 1]
 [0 1 1 1 0 1 1 0 0 1]
 [0 0 0 1 0 1 0 1 1 0]
 [1 1 1 0 1 0 1 0 1 1]
 [0 1 0 1 1 1 1 0 0 1]
 [1 1 0 1 1 0 1 1 0 1]
 [1 1 0 0 0 0 1 0 0 0]
 [0 1 1 1 1 0 0 0 0 0]
 [1 0 0 0 0 1 1 1 0 1]
 [1 1 0 1 0 1 1 1 0 1]
 [1 1 0 0 1 0 1 1 1 0]
 [0 1 0 1 0 0 0 0 1 1]
 [0 0 1 0 0 0 0 1 0 0]
 [0 0 1 1 1 0 1 1 0 1]
 [0 0 1 1 1 1 0 0 0 1]
 [1 0 1 0 0 1 1 0 0 0]
 [0 1 1 1 0 1 0 0 1 0]
 [1 1 0 1 1 0 0 0 1 0]
 [0 1 0 1 0 1 0 1 0 1]
 [0 0 0 0 1 0 1 1 1 0]
 [1 1 1 0 0 1 0 1 0 1]
 [1 1 0 0 1 0 0 0 1 1]
 [0 0 1 0 0 1 0 0 1 1]
 [1 1 1 0 1 0 0 1 1 0]
 [1 1 0 0 0 1 0 0 0 1]
 [0 0 0 0 1 1 1 1 0 0]
 [1 1 1 0 1 1 1 1 1 1]
 [0 1 0 1 1 1 0 1 0 0]
 [1 1 1 1 1 1 0 1 0 0]
 [0 1 1 1 0 1 1 1 1 0]
 [1 0 0 1 0 1 1 1 0 0]
 [0 1 0 1 1 1 0 1 1 1]
 [1 0 1 1 0 1 1 0 1 0]
 [0 0 1 0 0 1 0 1 0 0]
 [1 0 0 1 0 0 0 0 1 0]
 [0 1 0 0 0 1 1 0 1 1]
 [1 0 1 1 0 1 1 0 1 1]
 [0 0 0 0 0 1 1 1 1 0]
 [1 1 0 0 0 1 0 1 0 1]
 [0 0 1 0 1 1 1 1 1 1]]
{'restarts': 2, 'conflicts': 858, 'decisions': 2367, 'propagations': 4878360}
Q is identifiable
branch at 6
runtime for solving id of Q is 1.738804784603417
Simulation results:
{'J': 50, 'K': 10, 'N': 10, 'p': 0.5, 'seed': 67, 'sim': 9, 'runtime': 1.738804784603417, 'identifiable': True, 'branch': 6}
Simulation results:
[{'J': 50, 'K': 10, 'N': 10, 'p': 0.5, 'seed': 67, 'sim': 0, 'runtime': 2.7829091092571616, 'identifiable': True, 'branch': 6}, {'J': 50, 'K': 10, 'N': 10, 'p': 0.5, 'seed': 67, 'sim': 1, 'runtime': 3.070355474948883, 'identifiable': True, 'branch': 6}, {'J': 50, 'K': 10, 'N': 10, 'p': 0.5, 'seed': 67, 'sim': 2, 'runtime': 2.2422166476026177, 'identifiable': True, 'branch': 6}, {'J': 50, 'K': 10, 'N': 10, 'p': 0.5, 'seed': 67, 'sim': 3, 'runtime': 1.6205754140391946, 'identifiable': True, 'branch': 6}, {'J': 50, 'K': 10, 'N': 10, 'p': 0.5, 'seed': 67, 'sim': 4, 'runtime': 1.5294717829674482, 'identifiable': True, 'branch': 6}, {'J': 50, 'K': 10, 'N': 10, 'p': 0.5, 'seed': 67, 'sim': 5, 'runtime': 1.5804261835291982, 'identifiable': True, 'branch': 6}, {'J': 50, 'K': 10, 'N': 10, 'p': 0.5, 'seed': 67, 'sim': 6, 'runtime': 1.4865916054695845, 'identifiable': True, 'branch': 6}, {'J': 50, 'K': 10, 'N': 10, 'p': 0.5, 'seed': 67, 'sim': 7, 'runtime': 1.8360619926825166, 'identifiable': True, 'branch': 6}, {'J': 50, 'K': 10, 'N': 10, 'p': 0.5, 'seed': 67, 'sim': 8, 'runtime': 1.8792718760669231, 'identifiable': True, 'branch': 6}, {'J': 50, 'K': 10, 'N': 10, 'p': 0.5, 'seed': 67, 'sim': 9, 'runtime': 1.738804784603417, 'identifiable': True, 'branch': 6}]
