
The Gurobi software has a limited number of licenses. To request a license or
licenses, add this line

    #SBATCH --licenses=gurobi@slurmdb:1

to your SBATCH script, replacing N with the number of licenses you need. Gurobi
will need one license per process.


0
Q: [[1 0 1 1 1 1 1 1 1 0]
 [0 1 1 0 1 1 0 1 1 1]
 [1 0 1 1 1 1 0 0 0 1]
 [1 0 0 0 0 1 0 1 1 1]
 [0 1 1 1 1 1 1 1 1 1]
 [1 1 0 0 1 1 1 1 1 1]
 [1 1 1 0 0 1 1 0 1 0]
 [1 1 1 1 1 1 1 1 1 0]
 [1 0 0 1 1 1 1 1 0 1]
 [1 1 0 0 1 0 1 0 1 0]
 [0 1 0 0 0 1 0 1 1 0]
 [1 0 1 1 1 1 0 1 1 0]
 [1 1 1 1 1 1 1 1 1 1]
 [1 1 1 0 1 1 0 1 1 0]
 [1 0 1 1 1 0 1 1 0 0]
 [0 1 1 0 0 1 1 0 1 1]
 [1 0 0 0 0 0 1 1 0 1]
 [1 1 1 0 0 1 1 0 1 1]
 [1 1 1 0 1 1 1 1 1 1]
 [0 1 1 1 1 1 0 0 1 1]
 [1 1 0 1 0 0 1 1 1 1]
 [1 1 1 1 0 1 1 1 1 1]
 [1 1 1 1 1 1 1 1 1 0]
 [0 1 0 1 1 1 1 1 1 1]
 [1 1 1 0 1 1 1 0 1 1]
 [1 1 1 1 1 1 1 1 1 1]
 [1 1 0 1 1 1 1 1 0 1]
 [0 1 0 1 0 0 1 1 1 0]
 [0 1 0 1 1 1 1 0 1 1]
 [1 1 0 1 1 1 1 1 1 1]
 [1 1 1 1 1 0 1 0 0 0]
 [1 0 1 1 0 0 1 1 0 0]
 [1 1 1 0 1 1 1 1 1 1]
 [0 0 1 1 1 1 1 1 0 0]
 [1 1 0 0 1 1 1 1 1 0]
 [1 0 1 1 1 1 1 1 0 0]
 [1 1 0 1 1 1 1 1 0 0]
 [0 1 0 1 1 1 0 0 1 1]
 [1 1 1 0 1 1 1 1 1 1]
 [1 1 1 1 1 1 0 0 0 1]
 [0 0 1 1 1 1 1 1 1 1]
 [1 1 1 0 1 1 0 0 1 1]
 [0 0 0 1 0 1 0 1 0 1]
 [1 1 1 1 1 0 1 1 0 0]
 [1 1 1 1 0 1 1 1 0 0]
 [1 1 0 0 0 0 1 1 1 1]
 [1 1 0 1 1 0 1 0 1 1]
 [0 1 1 0 1 1 1 0 0 1]
 [1 1 1 1 0 1 1 1 0 0]
 [0 1 0 0 0 0 1 1 0 0]]
{'restarts': 31, 'conflicts': 16204, 'decisions': 24508, 'propagations': 7898440}
Q is identifiable
branch at 6
runtime for solving id of Q is 1.1003494877368212
Simulation results:
{'J': 50, 'K': 10, 'N': 10, 'p': 0.7, 'seed': 587, 'sim': 0, 'runtime': 1.1003494877368212, 'identifiable': 1, 'branch': 6}
1
Q: [[0 1 1 0 0 0 1 1 1 1]
 [0 1 1 1 1 1 1 0 1 1]
 [1 0 1 1 0 1 0 1 1 1]
 [0 1 0 1 1 1 1 1 0 1]
 [1 1 1 1 0 1 1 0 1 1]
 [1 1 1 0 1 1 1 1 0 1]
 [1 1 1 1 1 1 1 1 0 1]
 [1 1 0 0 1 0 1 0 1 1]
 [1 1 1 1 1 0 1 1 1 0]
 [0 1 1 1 1 1 1 1 1 1]
 [1 1 0 1 1 1 0 1 1 1]
 [0 1 1 1 1 1 1 1 0 0]
 [1 1 0 1 1 0 1 1 1 0]
 [1 1 1 1 1 1 1 1 0 1]
 [0 0 1 1 0 1 1 0 0 1]
 [0 1 1 0 0 0 1 1 1 1]
 [1 1 1 1 1 1 0 0 1 1]
 [0 1 1 1 1 1 0 1 1 1]
 [1 1 0 1 1 0 1 1 0 0]
 [0 0 0 0 1 0 1 1 1 1]
 [0 0 1 1 1 0 0 0 0 1]
 [1 1 1 0 1 1 0 1 1 1]
 [1 1 0 1 1 1 1 1 1 1]
 [1 1 0 0 0 1 1 1 0 0]
 [1 1 1 1 1 1 1 1 0 0]
 [1 1 1 1 1 1 1 1 0 1]
 [1 1 0 1 1 1 1 1 0 0]
 [1 1 0 1 0 0 1 0 1 1]
 [1 0 1 0 1 0 1 1 1 1]
 [1 1 1 0 1 1 1 0 0 1]
 [0 1 0 1 0 0 1 1 1 1]
 [1 0 0 1 1 0 1 1 1 1]
 [1 1 1 1 1 0 0 1 0 1]
 [1 1 1 1 1 1 0 1 1 1]
 [1 1 1 1 0 0 1 1 1 0]
 [1 1 1 0 1 1 0 1 1 1]
 [1 1 0 1 1 1 1 1 1 1]
 [1 1 1 1 1 1 0 1 0 1]
 [1 0 1 1 1 1 0 1 1 1]
 [1 1 0 1 1 1 1 1 0 1]
 [1 1 1 0 1 1 1 1 1 1]
 [0 1 0 1 0 1 1 0 1 1]
 [1 1 1 1 1 1 0 1 0 0]
 [1 0 1 1 1 1 1 1 0 1]
 [1 1 1 1 1 1 0 0 1 1]
 [0 1 0 0 1 0 1 1 1 1]
 [1 0 1 0 1 1 1 0 1 1]
 [0 0 1 1 1 1 1 0 1 0]
 [0 1 1 1 1 1 1 1 1 1]
 [1 1 1 0 0 1 1 1 1 1]]
{'restarts': 31, 'conflicts': 10785, 'decisions': 18974, 'propagations': 4387637}
Q is identifiable
branch at 6
runtime for solving id of Q is 0.7010775189846754
Simulation results:
{'J': 50, 'K': 10, 'N': 10, 'p': 0.7, 'seed': 587, 'sim': 1, 'runtime': 0.7010775189846754, 'identifiable': 1, 'branch': 6}
2
Q: [[0 1 1 1 1 1 1 1 0 1]
 [0 0 1 1 1 0 1 1 1 1]
 [1 1 1 0 1 1 1 1 1 1]
 [1 0 0 1 1 1 1 1 1 1]
 [1 1 0 1 1 0 1 0 1 1]
 [1 1 1 1 0 1 1 0 1 0]
 [0 1 1 0 1 1 1 1 1 1]
 [1 1 1 1 1 1 0 1 1 1]
 [0 1 1 1 0 1 1 1 0 1]
 [0 0 1 0 1 0 0 1 1 0]
 [1 1 1 1 0 0 0 1 0 0]
 [0 1 0 1 1 1 0 0 0 1]
 [1 0 1 1 1 1 0 0 1 1]
 [1 0 1 1 1 0 1 1 1 0]
 [1 1 1 1 0 1 0 1 1 1]
 [1 1 1 1 0 0 0 1 1 1]
 [1 1 1 1 0 1 0 0 1 1]
 [0 1 1 1 1 0 1 0 0 1]
 [1 0 1 1 1 0 1 0 0 1]
 [1 1 0 1 1 1 1 1 1 0]
 [1 1 0 1 1 1 1 1 0 1]
 [0 1 1 1 1 1 0 1 1 1]
 [1 1 1 0 1 1 0 1 0 1]
 [1 1 1 1 1 1 1 1 1 0]
 [0 0 1 1 1 0 1 1 1 1]
 [1 1 1 1 0 0 1 0 1 0]
 [1 0 1 1 1 1 0 1 1 1]
 [1 1 1 0 0 1 1 0 1 1]
 [1 1 1 1 0 0 1 1 0 0]
 [1 1 1 0 1 1 0 1 1 0]
 [1 1 1 0 0 1 1 1 0 1]
 [1 1 0 1 0 1 0 1 0 0]
 [1 1 0 0 1 1 1 1 1 1]
 [0 1 1 0 1 1 0 1 0 0]
 [1 1 0 1 0 1 1 1 1 1]
 [1 1 0 0 1 1 0 1 1 0]
 [1 0 0 1 1 0 1 0 1 1]
 [0 1 0 0 1 1 0 1 1 1]
 [0 1 1 1 1 1 0 0 0 1]
 [0 1 1 1 1 1 1 0 1 0]
 [0 1 0 1 0 0 1 0 1 0]
 [1 1 1 0 1 0 0 1 0 0]
 [0 1 1 1 1 1 1 1 1 1]
 [1 0 1 1 1 0 1 1 1 1]
 [1 1 0 1 0 1 1 1 1 1]
 [1 1 1 1 1 1 1 0 1 1]
 [1 1 0 1 1 0 1 0 1 1]
 [1 1 1 1 1 1 1 1 1 1]
 [1 1 1 1 0 1 1 1 1 1]
 [0 0 1 1 1 1 1 1 1 0]]
{'restarts': 99, 'conflicts': 43882, 'decisions': 62399, 'propagations': 21841474}
Q is identifiable
branch at 6
runtime for solving id of Q is 4.141671217978001
Simulation results:
{'J': 50, 'K': 10, 'N': 10, 'p': 0.7, 'seed': 587, 'sim': 2, 'runtime': 4.141671217978001, 'identifiable': 1, 'branch': 6}
3
Q: [[1 1 0 1 1 1 1 1 0 1]
 [1 0 1 0 1 1 0 1 1 1]
 [0 1 1 0 1 1 1 0 1 1]
 [0 1 1 1 1 1 1 1 1 0]
 [1 1 1 0 1 1 1 1 1 0]
 [1 1 0 1 1 0 1 1 1 0]
 [1 1 1 1 1 1 1 1 1 0]
 [0 1 1 0 1 0 1 0 1 1]
 [0 1 0 1 1 1 1 1 1 1]
 [1 1 1 1 1 0 1 0 0 1]
 [1 1 1 1 1 1 0 1 1 0]
 [1 1 0 1 1 0 0 0 0 1]
 [1 1 0 1 0 1 1 1 1 1]
 [0 1 1 0 1 0 1 1 1 1]
 [1 1 1 1 1 1 1 1 0 0]
 [1 1 1 1 1 1 1 0 0 0]
 [1 0 1 1 1 1 0 0 1 1]
 [1 0 1 1 0 0 1 1 1 1]
 [1 0 0 1 0 1 1 1 1 1]
 [1 0 1 1 1 1 0 1 1 1]
 [1 0 0 0 1 1 0 1 0 0]
 [0 0 1 0 1 0 1 1 0 1]
 [1 1 0 1 0 1 0 1 0 1]
 [1 1 0 1 1 1 0 0 1 1]
 [1 1 0 1 1 0 0 1 1 1]
 [0 1 1 1 1 1 1 1 1 1]
 [1 1 1 1 0 1 1 1 0 1]
 [1 1 0 1 1 1 1 0 0 0]
 [0 0 1 1 1 0 1 0 0 1]
 [0 1 1 0 1 1 1 0 1 1]
 [0 0 1 1 1 1 1 1 0 1]
 [1 1 0 1 1 0 1 0 1 1]
 [1 0 1 1 1 1 0 1 1 0]
 [1 1 1 1 1 0 0 1 0 0]
 [1 1 0 1 1 1 1 0 1 1]
 [1 0 1 0 1 0 1 1 0 0]
 [1 1 1 1 1 1 1 1 1 1]
 [1 1 1 1 1 1 0 1 1 1]
 [1 0 1 1 1 1 1 0 0 1]
 [0 0 1 0 0 1 0 1 1 1]
 [1 1 1 1 1 1 1 0 1 1]
 [1 1 1 1 1 1 1 1 1 1]
 [1 0 1 1 1 1 0 0 1 1]
 [1 1 1 1 1 0 1 1 1 1]
 [1 0 1 0 1 1 1 1 1 1]
 [1 1 1 1 1 0 1 1 1 1]
 [1 1 1 1 1 1 1 1 1 1]
 [0 1 1 1 0 1 1 0 1 0]
 [0 1 1 0 0 0 0 1 0 1]
 [1 1 1 1 0 1 1 1 1 1]]
{'restarts': 3, 'conflicts': 763, 'decisions': 2312, 'propagations': 289678}
Q is not identifiable, and Q_bar is [[1 1 0 1 0 1 1 1 0 1]
 [0 1 1 0 0 1 0 1 1 1]
 [0 0 1 1 0 1 1 0 1 1]
 [0 0 1 1 1 1 1 1 1 0]
 [0 1 1 1 0 1 1 1 1 0]
 [0 1 0 1 1 0 1 1 1 0]
 [0 1 1 1 1 1 0 1 1 0]
 [0 0 1 1 0 0 1 0 1 1]
 [0 0 0 1 1 1 1 1 1 1]
 [1 1 1 1 1 0 1 0 0 1]
 [1 1 1 1 0 1 0 1 1 0]
 [1 1 0 1 0 0 0 0 0 1]
 [1 0 0 1 1 1 0 1 1 1]
 [0 0 1 1 0 0 1 1 1 1]
 [1 1 1 1 0 1 1 1 0 0]
 [1 1 1 1 0 1 1 0 0 0]
 [1 1 1 0 0 1 0 0 1 1]
 [1 0 1 0 1 0 0 1 1 1]
 [1 0 0 0 1 1 0 1 1 1]
 [1 1 1 0 0 1 0 1 1 1]
 [0 1 0 0 0 1 0 1 0 0]
 [0 0 1 0 0 0 1 1 0 1]
 [1 0 0 1 0 1 0 1 0 1]
 [1 1 0 1 0 1 0 0 1 1]
 [1 1 0 1 0 0 0 1 1 1]
 [0 0 1 1 1 1 1 1 1 1]
 [1 0 1 1 1 1 0 1 0 1]
 [1 1 0 1 0 1 1 0 0 0]
 [0 0 1 0 1 0 1 0 0 1]
 [0 0 1 1 0 1 1 0 1 1]
 [0 0 1 0 1 1 1 1 0 1]
 [1 1 0 1 1 0 0 0 1 1]
 [1 1 1 0 0 1 0 1 1 0]
 [1 1 1 1 0 0 0 1 0 0]
 [1 1 0 1 1 1 0 0 1 1]
 [0 1 1 0 0 0 1 1 0 0]
 [0 1 1 1 1 1 1 1 1 1]
 [1 1 1 1 0 1 0 1 1 1]
 [1 0 1 0 0 1 1 0 0 1]
 [0 0 1 0 0 1 0 1 1 1]
 [1 1 1 1 0 1 1 0 1 1]
 [0 1 1 1 1 1 1 1 1 1]
 [1 1 1 0 0 1 0 0 1 1]
 [0 1 1 1 1 0 1 1 1 1]
 [0 1 1 0 0 1 1 1 1 1]
 [0 1 1 1 1 0 1 1 1 1]
 [0 1 1 1 1 1 1 1 1 1]
 [0 0 1 1 1 1 0 0 1 0]
 [0 0 1 1 0 0 0 1 0 1]
 [1 0 1 1 1 1 0 1 1 1]]
branch at 5
runtime for solving id of Q is 0.1433740509673953
Simulation results:
{'J': 50, 'K': 10, 'N': 10, 'p': 0.7, 'seed': 587, 'sim': 3, 'runtime': 0.1433740509673953, 'identifiable': 0, 'branch': 5}
4
Q: [[1 0 0 0 0 0 1 1 0 1]
 [1 1 1 1 1 0 1 1 1 1]
 [1 1 1 0 1 1 1 0 1 0]
 [0 1 1 0 1 0 0 1 0 0]
 [1 1 1 1 0 1 0 0 0 1]
 [0 0 0 1 1 0 1 1 0 0]
 [1 0 1 1 1 1 0 1 0 1]
 [1 1 0 1 1 1 1 1 1 1]
 [0 1 0 0 1 0 1 0 1 1]
 [1 0 1 1 1 0 1 1 1 1]
 [1 1 1 0 1 0 1 1 0 0]
 [1 1 0 0 1 0 1 1 1 1]
 [1 1 1 1 1 0 1 0 1 1]
 [0 1 0 0 0 1 1 1 1 1]
 [1 1 1 1 0 0 1 1 1 1]
 [1 0 1 1 0 1 0 0 1 1]
 [1 1 1 0 1 0 1 1 1 1]
 [0 0 1 1 0 1 1 0 1 0]
 [1 1 1 1 0 1 0 1 1 1]
 [1 1 0 1 1 0 0 1 1 1]
 [1 0 1 1 0 1 0 1 1 0]
 [1 1 0 1 1 1 0 0 0 1]
 [1 1 1 1 0 1 1 1 1 1]
 [1 1 1 1 0 1 1 1 1 0]
 [1 0 0 1 0 1 0 1 0 1]
 [0 0 1 1 1 0 0 1 1 1]
 [1 1 0 1 0 1 0 0 1 1]
 [1 0 1 1 0 1 1 1 0 1]
 [1 1 1 0 1 1 1 1 1 0]
 [0 1 1 1 0 1 0 1 1 1]
 [1 0 1 1 1 0 1 1 0 1]
 [1 1 1 1 1 1 1 0 0 1]
 [1 1 1 0 0 0 1 1 0 1]
 [1 1 0 0 1 1 1 0 1 1]
 [1 1 1 1 1 1 1 1 0 1]
 [1 0 1 1 1 1 1 1 0 0]
 [1 1 1 1 1 1 1 0 1 1]
 [1 1 1 0 1 1 1 1 1 1]
 [1 1 0 1 1 0 1 1 1 1]
 [1 0 1 0 0 0 1 1 0 0]
 [1 1 0 0 1 1 1 1 1 1]
 [1 1 1 1 1 1 0 0 1 1]
 [1 0 0 1 0 1 1 1 1 0]
 [1 1 1 0 1 0 0 1 1 1]
 [0 0 0 1 1 1 0 0 1 1]
 [1 0 1 1 0 1 1 1 0 0]
 [0 1 1 0 1 0 1 1 1 1]
 [1 1 0 1 1 1 1 1 1 0]
 [1 0 0 1 1 1 1 1 1 0]
 [0 0 1 1 1 0 1 0 1 0]]
{'restarts': 10, 'conflicts': 4443, 'decisions': 8766, 'propagations': 2405299}
Q is identifiable
branch at 6
runtime for solving id of Q is 0.35543355625122786
Simulation results:
{'J': 50, 'K': 10, 'N': 10, 'p': 0.7, 'seed': 587, 'sim': 4, 'runtime': 0.35543355625122786, 'identifiable': 1, 'branch': 6}
5
Q: [[1 0 1 0 1 1 0 0 1 1]
 [1 1 0 0 1 0 1 1 1 1]
 [1 1 1 1 1 0 1 0 0 1]
 [1 1 1 1 1 0 1 1 0 1]
 [1 1 1 1 0 1 0 1 1 1]
 [0 1 1 1 1 0 1 0 0 1]
 [1 0 0 1 0 1 0 1 1 1]
 [0 0 1 1 1 1 1 0 1 1]
 [0 0 1 0 1 1 1 1 1 1]
 [0 1 1 0 1 1 0 1 1 1]
 [0 0 0 1 1 1 1 1 1 0]
 [1 1 0 1 0 1 1 1 0 1]
 [0 0 1 0 1 1 1 0 1 0]
 [1 0 1 1 0 0 1 0 1 1]
 [1 1 1 1 1 0 1 1 1 1]
 [1 0 1 0 0 1 0 1 1 0]
 [1 1 0 1 1 1 0 1 0 0]
 [0 1 0 1 0 0 0 1 1 1]
 [1 1 1 1 1 0 1 1 1 1]
 [0 1 1 1 1 1 0 0 1 1]
 [0 0 1 1 1 1 0 1 0 0]
 [0 0 1 0 1 1 0 1 0 1]
 [1 0 1 1 1 1 1 0 1 1]
 [0 0 1 0 1 1 0 1 1 1]
 [1 1 0 0 0 1 1 1 1 1]
 [0 1 1 1 1 1 1 1 1 1]
 [1 0 1 0 0 0 1 1 0 1]
 [1 1 0 1 1 1 0 1 1 1]
 [0 0 1 1 1 1 1 1 1 0]
 [1 1 1 0 1 1 1 1 1 1]
 [1 1 1 1 1 1 1 1 1 1]
 [1 1 1 1 1 1 1 1 1 0]
 [0 1 1 0 1 0 0 1 1 1]
 [1 0 1 1 1 1 0 0 1 1]
 [1 0 1 0 1 1 0 1 1 0]
 [1 1 1 1 1 0 1 1 1 1]
 [1 1 1 1 1 1 1 1 1 1]
 [1 0 1 0 0 1 1 1 1 0]
 [1 0 0 1 1 1 1 1 0 0]
 [0 0 0 1 1 0 1 0 0 1]
 [1 1 1 0 1 0 1 1 1 1]
 [1 0 0 1 1 1 0 1 1 0]
 [1 0 1 0 0 0 0 1 1 0]
 [1 0 1 0 0 1 0 1 1 0]
 [1 1 0 1 1 1 1 1 1 1]
 [1 1 1 1 1 1 0 0 1 1]
 [1 1 0 1 1 1 1 1 1 1]
 [1 0 0 1 0 1 1 1 0 0]
 [1 1 1 1 1 1 0 1 1 0]
 [1 1 1 1 1 0 1 1 0 0]]
{'restarts': 30, 'conflicts': 9242, 'decisions': 16419, 'propagations': 3999411}
Q is identifiable
branch at 6
runtime for solving id of Q is 0.623567015863955
Simulation results:
{'J': 50, 'K': 10, 'N': 10, 'p': 0.7, 'seed': 587, 'sim': 5, 'runtime': 0.623567015863955, 'identifiable': 1, 'branch': 6}
6
Q: [[1 1 1 1 0 0 1 1 1 1]
 [1 0 0 0 1 1 1 1 1 1]
 [1 0 0 0 1 1 1 0 1 1]
 [1 1 1 1 1 1 0 1 1 1]
 [1 1 1 0 1 1 1 1 1 1]
 [0 0 1 1 0 1 1 0 0 1]
 [1 0 1 0 1 1 1 0 1 0]
 [1 1 0 1 1 1 0 1 1 1]
 [1 1 0 0 0 1 1 1 1 1]
 [1 1 0 1 1 1 1 0 1 1]
 [1 1 1 1 1 0 1 1 0 0]
 [0 0 1 0 1 1 1 1 0 1]
 [1 1 1 1 0 1 1 0 1 1]
 [1 1 1 0 1 0 0 1 0 1]
 [0 1 0 1 1 1 1 1 1 0]
 [0 1 1 1 1 1 1 0 1 1]
 [1 1 1 0 1 1 1 1 1 1]
 [1 1 0 1 1 1 1 1 0 1]
 [0 0 1 1 1 1 1 1 1 1]
 [0 1 0 1 1 1 1 1 0 0]
 [0 1 0 1 1 0 1 0 1 1]
 [1 1 0 1 1 1 0 1 0 0]
 [1 0 1 1 1 0 0 1 0 0]
 [0 1 1 1 0 1 1 1 1 1]
 [0 1 0 1 0 1 1 1 1 1]
 [1 0 1 0 1 1 1 1 1 1]
 [1 1 1 0 1 1 1 1 1 1]
 [1 0 1 0 1 1 0 1 1 1]
 [0 1 0 1 0 1 1 1 0 1]
 [1 0 1 1 1 1 1 1 1 1]
 [1 1 0 1 1 1 0 1 0 1]
 [1 1 0 1 1 1 1 0 0 1]
 [0 1 1 1 1 1 1 1 0 1]
 [1 1 1 1 1 1 1 1 1 1]
 [1 1 1 0 0 1 0 1 1 1]
 [1 1 1 1 1 1 1 0 1 1]
 [0 1 0 1 0 0 1 1 1 0]
 [1 1 1 1 0 1 0 1 1 0]
 [1 1 1 0 1 1 0 1 0 0]
 [0 1 1 0 0 0 0 0 1 1]
 [0 0 0 1 1 1 1 1 0 1]
 [0 0 0 1 1 1 1 1 1 0]
 [1 1 0 1 0 1 0 1 1 1]
 [1 0 1 1 0 0 0 0 1 1]
 [0 1 0 0 0 1 0 0 1 1]
 [1 0 1 1 1 0 0 0 1 1]
 [1 0 0 1 1 1 1 0 1 1]
 [1 0 0 1 0 1 1 1 1 1]
 [0 1 1 1 1 1 0 1 0 1]
 [1 1 1 1 1 0 1 1 0 1]]
{'restarts': 185, 'conflicts': 52425, 'decisions': 76679, 'propagations': 27538767}
Q is identifiable
branch at 6
runtime for solving id of Q is 4.908643220551312
Simulation results:
{'J': 50, 'K': 10, 'N': 10, 'p': 0.7, 'seed': 587, 'sim': 6, 'runtime': 4.908643220551312, 'identifiable': 1, 'branch': 6}
7
Q: [[0 0 1 1 1 1 0 1 0 1]
 [1 1 1 1 1 0 0 0 1 0]
 [1 1 0 1 0 1 1 0 1 1]
 [0 1 1 0 1 1 1 1 1 1]
 [1 0 1 1 1 1 1 1 1 1]
 [0 1 1 1 1 1 1 0 1 0]
 [1 1 1 1 1 0 1 0 0 1]
 [1 1 1 1 1 1 1 1 1 0]
 [1 1 1 1 1 0 0 1 1 1]
 [0 1 1 1 1 1 0 1 1 1]
 [0 0 1 1 1 1 1 0 0 1]
 [1 1 1 0 1 1 1 1 1 1]
 [1 0 1 0 1 0 0 1 0 1]
 [1 0 0 1 0 1 1 1 0 1]
 [1 0 1 1 0 1 1 1 1 1]
 [1 0 1 0 1 1 1 1 1 0]
 [1 1 1 1 1 0 0 1 1 0]
 [0 1 1 1 0 1 1 1 1 0]
 [0 1 1 0 1 1 1 1 1 1]
 [1 0 1 1 0 1 0 1 0 1]
 [1 0 0 1 0 1 0 1 1 0]
 [0 1 0 1 1 0 1 1 0 1]
 [1 1 0 1 1 1 1 0 1 1]
 [0 0 0 0 0 1 1 1 1 1]
 [1 1 1 0 0 1 0 1 1 1]
 [1 0 0 1 0 1 1 1 1 1]
 [1 1 1 1 0 0 1 1 1 1]
 [1 1 0 0 1 0 0 0 1 1]
 [1 1 0 1 1 0 1 0 1 0]
 [1 1 1 1 0 0 0 1 0 0]
 [0 0 1 0 1 1 1 1 1 0]
 [1 1 1 1 0 1 1 1 1 0]
 [1 0 0 1 1 1 0 1 1 1]
 [1 1 1 1 1 1 0 1 1 1]
 [0 1 0 0 1 0 1 1 1 1]
 [1 1 1 1 0 0 1 0 0 0]
 [0 0 0 0 0 0 0 1 1 1]
 [0 0 0 0 0 0 1 1 0 1]
 [1 1 0 1 1 0 1 0 0 1]
 [1 1 1 1 0 0 1 1 1 0]
 [1 1 1 1 0 1 0 1 1 0]
 [1 1 1 1 1 0 1 1 1 1]
 [0 0 0 1 0 1 1 1 1 1]
 [1 0 1 0 0 1 1 1 0 0]
 [1 0 1 1 1 0 0 0 1 1]
 [0 1 1 0 1 1 1 1 0 1]
 [1 1 1 0 0 1 1 1 0 0]
 [1 1 1 1 1 1 1 1 0 1]
 [1 1 1 0 1 0 1 1 1 0]
 [1 1 1 1 1 0 1 1 1 1]]
{'restarts': 1, 'conflicts': 1316, 'decisions': 2649, 'propagations': 602878}
Q is identifiable
branch at 6
runtime for solving id of Q is 0.19876031205058098
Simulation results:
{'J': 50, 'K': 10, 'N': 10, 'p': 0.7, 'seed': 587, 'sim': 7, 'runtime': 0.19876031205058098, 'identifiable': 1, 'branch': 6}
8
Q: [[1 1 0 1 1 1 1 0 0 1]
 [1 1 1 0 0 1 1 1 1 0]
 [1 0 1 1 1 1 1 1 1 0]
 [1 1 1 1 1 1 1 1 1 1]
 [1 1 0 1 0 1 1 1 1 0]
 [0 1 1 0 1 1 1 0 1 1]
 [0 0 0 1 1 0 1 0 1 1]
 [1 1 1 1 1 1 1 1 1 1]
 [0 0 1 1 1 0 1 0 0 1]
 [1 1 1 1 1 1 1 1 1 1]
 [1 1 0 1 1 1 1 1 1 0]
 [0 1 1 0 1 1 1 1 1 0]
 [1 1 0 0 0 0 1 0 1 1]
 [0 1 1 1 0 1 1 1 1 1]
 [1 1 0 1 1 1 1 1 0 1]
 [1 1 0 0 1 0 1 1 1 0]
 [1 1 1 1 1 0 1 0 1 1]
 [0 1 1 1 1 0 1 0 0 1]
 [0 1 0 1 1 1 0 0 1 1]
 [0 1 1 1 1 0 1 0 1 1]
 [1 1 1 1 1 1 0 1 1 0]
 [1 0 1 1 1 1 1 1 1 1]
 [1 1 0 0 1 1 1 0 1 1]
 [1 1 1 0 1 1 0 1 0 1]
 [1 1 1 1 1 1 0 1 1 0]
 [1 0 1 1 1 1 1 0 1 1]
 [0 1 1 0 0 1 0 1 1 0]
 [1 0 1 1 1 1 1 0 1 1]
 [1 1 1 1 1 1 1 1 1 0]
 [0 1 0 1 1 1 1 1 1 1]
 [0 1 1 1 1 1 0 1 1 1]
 [1 0 1 0 0 1 1 1 0 0]
 [0 0 1 1 0 1 1 0 1 1]
 [0 0 1 1 1 1 1 1 1 1]
 [0 1 1 1 1 0 1 0 1 0]
 [0 0 1 0 0 1 0 1 0 1]
 [1 1 1 1 0 0 1 1 1 1]
 [0 1 0 0 1 1 1 0 0 0]
 [1 0 0 1 1 1 1 1 1 0]
 [0 1 1 1 1 1 0 0 1 1]
 [1 1 1 0 0 0 0 0 1 1]
 [0 0 0 0 0 1 0 1 1 1]
 [0 0 1 1 1 1 0 1 1 1]
 [1 1 1 1 0 1 0 1 1 1]
 [1 1 0 0 1 1 0 0 0 0]
 [1 0 1 1 1 1 1 1 1 1]
 [1 1 1 1 1 1 0 1 0 0]
 [1 1 1 0 1 0 1 0 1 1]
 [0 1 1 0 1 1 1 1 1 0]
 [1 0 1 0 1 1 1 1 1 1]]
{'restarts': 9, 'conflicts': 3902, 'decisions': 7514, 'propagations': 1604329}
Q is identifiable
branch at 6
runtime for solving id of Q is 0.25835682172328234
Simulation results:
{'J': 50, 'K': 10, 'N': 10, 'p': 0.7, 'seed': 587, 'sim': 8, 'runtime': 0.25835682172328234, 'identifiable': 1, 'branch': 6}
9
Q: [[1 0 1 0 0 0 1 0 1 0]
 [1 1 1 1 1 1 1 1 1 1]
 [0 1 1 0 1 1 1 0 1 1]
 [1 0 1 1 0 1 0 1 1 1]
 [0 0 1 1 0 1 1 1 0 1]
 [1 1 1 0 0 1 1 1 1 1]
 [1 1 1 1 0 1 1 1 0 1]
 [0 1 0 1 1 0 1 1 0 1]
 [1 1 1 0 1 1 0 1 1 1]
 [1 0 1 1 0 1 1 0 0 1]
 [0 0 1 0 1 0 1 0 1 1]
 [1 1 1 1 1 0 0 0 1 1]
 [1 1 0 1 0 0 1 1 1 1]
 [0 0 1 1 1 0 1 1 1 0]
 [1 1 0 1 1 0 1 0 0 0]
 [1 1 0 0 1 1 1 0 1 1]
 [1 0 1 0 1 1 1 1 1 1]
 [1 0 1 1 1 1 1 1 0 1]
 [1 1 0 0 0 0 0 0 1 0]
 [1 1 0 0 1 1 1 1 1 1]
 [0 1 1 0 1 1 1 1 1 1]
 [1 0 0 1 0 1 1 1 1 1]
 [1 1 0 1 1 0 1 0 1 1]
 [0 1 1 1 1 1 0 1 1 1]
 [0 0 0 1 1 1 1 1 0 1]
 [1 1 0 1 1 1 0 1 1 0]
 [1 0 1 0 0 1 1 0 1 1]
 [1 0 1 1 1 1 1 1 1 0]
 [0 1 0 1 1 0 1 0 1 0]
 [0 0 1 0 1 1 1 1 1 1]
 [0 1 0 1 0 1 1 1 0 0]
 [1 1 0 0 0 1 0 1 0 0]
 [1 1 0 1 0 1 1 1 1 1]
 [0 1 1 1 1 1 0 1 0 1]
 [1 1 1 1 1 1 0 1 0 1]
 [0 1 1 1 0 1 1 1 0 0]
 [1 1 1 1 1 1 1 0 1 0]
 [1 1 1 1 1 1 1 1 0 1]
 [0 1 1 1 1 1 1 0 1 1]
 [1 0 1 0 1 1 1 0 1 1]
 [0 1 1 1 1 0 0 1 0 1]
 [1 0 1 1 1 1 1 0 1 1]
 [1 0 1 1 1 0 1 1 1 1]
 [1 1 1 1 1 0 0 1 0 0]
 [0 1 1 1 1 0 1 1 1 1]
 [1 0 1 0 1 1 1 0 1 1]
 [1 1 1 1 1 1 0 1 1 1]
 [1 0 1 1 0 1 1 1 1 1]
 [1 0 0 0 1 1 1 1 0 0]
 [1 1 1 1 0 1 1 1 1 1]]
{'restarts': 165, 'conflicts': 56305, 'decisions': 84486, 'propagations': 27492158}
Q is identifiable
branch at 6
runtime for solving id of Q is 5.188636694103479
Simulation results:
{'J': 50, 'K': 10, 'N': 10, 'p': 0.7, 'seed': 587, 'sim': 9, 'runtime': 5.188636694103479, 'identifiable': 1, 'branch': 6}
Simulation results:
[{'J': 50, 'K': 10, 'N': 10, 'p': 0.7, 'seed': 587, 'sim': 0, 'runtime': 1.1003494877368212, 'identifiable': 1, 'branch': 6}, {'J': 50, 'K': 10, 'N': 10, 'p': 0.7, 'seed': 587, 'sim': 1, 'runtime': 0.7010775189846754, 'identifiable': 1, 'branch': 6}, {'J': 50, 'K': 10, 'N': 10, 'p': 0.7, 'seed': 587, 'sim': 2, 'runtime': 4.141671217978001, 'identifiable': 1, 'branch': 6}, {'J': 50, 'K': 10, 'N': 10, 'p': 0.7, 'seed': 587, 'sim': 3, 'runtime': 0.1433740509673953, 'identifiable': 0, 'branch': 5}, {'J': 50, 'K': 10, 'N': 10, 'p': 0.7, 'seed': 587, 'sim': 4, 'runtime': 0.35543355625122786, 'identifiable': 1, 'branch': 6}, {'J': 50, 'K': 10, 'N': 10, 'p': 0.7, 'seed': 587, 'sim': 5, 'runtime': 0.623567015863955, 'identifiable': 1, 'branch': 6}, {'J': 50, 'K': 10, 'N': 10, 'p': 0.7, 'seed': 587, 'sim': 6, 'runtime': 4.908643220551312, 'identifiable': 1, 'branch': 6}, {'J': 50, 'K': 10, 'N': 10, 'p': 0.7, 'seed': 587, 'sim': 7, 'runtime': 0.19876031205058098, 'identifiable': 1, 'branch': 6}, {'J': 50, 'K': 10, 'N': 10, 'p': 0.7, 'seed': 587, 'sim': 8, 'runtime': 0.25835682172328234, 'identifiable': 1, 'branch': 6}, {'J': 50, 'K': 10, 'N': 10, 'p': 0.7, 'seed': 587, 'sim': 9, 'runtime': 5.188636694103479, 'identifiable': 1, 'branch': 6}]
