
The Gurobi software has a limited number of licenses. To request a license or
licenses, add this line

    #SBATCH --licenses=gurobi@slurmdb:1

to your SBATCH script, replacing N with the number of licenses you need. Gurobi
will need one license per process.


0
Q: [[1 1 0 1 1 1 1 0 0 0]
 [1 0 1 1 1 0 1 1 1 1]
 [1 0 1 0 1 0 0 1 1 1]
 [1 1 1 1 1 1 0 1 1 1]
 [0 1 0 0 0 1 1 1 1 1]
 [1 1 0 0 1 1 0 1 1 0]
 [0 1 1 0 1 1 0 1 0 0]
 [1 1 0 1 1 1 1 1 1 1]
 [0 1 1 1 0 0 1 0 1 1]
 [1 1 1 0 1 0 0 0 1 1]
 [1 1 1 0 0 0 1 1 0 1]
 [1 1 1 0 0 1 0 1 1 0]
 [0 1 1 1 1 0 0 0 1 1]
 [0 1 1 0 1 1 1 1 1 0]
 [1 1 0 0 1 1 1 1 1 1]
 [1 1 0 1 0 0 1 1 1 0]
 [1 1 1 1 0 1 0 0 1 1]
 [0 0 0 1 1 1 1 1 0 1]
 [1 1 1 1 0 0 1 1 1 0]
 [0 1 1 1 1 0 1 1 0 1]
 [1 0 1 1 1 1 1 1 1 1]
 [1 1 1 1 1 0 1 0 1 1]
 [0 1 0 1 0 1 1 1 0 0]
 [1 1 1 1 1 1 1 1 1 1]
 [1 1 1 0 1 1 0 1 0 1]
 [1 1 1 1 1 0 0 1 0 1]
 [1 0 1 0 1 0 1 0 1 1]
 [1 0 0 1 1 1 0 1 1 1]
 [1 1 1 1 1 1 1 1 1 0]
 [1 0 1 1 0 0 0 1 1 1]
 [1 0 0 1 0 1 1 0 0 1]
 [1 0 1 1 1 1 0 1 1 0]
 [0 1 1 1 1 1 1 1 0 1]
 [1 1 1 0 1 1 1 1 1 1]
 [1 1 0 1 0 1 0 1 1 1]
 [1 0 1 1 1 1 1 1 1 1]
 [1 0 0 1 1 0 1 1 1 0]
 [1 0 0 0 1 1 1 0 1 0]
 [1 1 1 1 1 0 1 1 1 1]
 [1 0 1 1 1 1 0 1 0 0]
 [1 1 0 1 1 1 1 1 0 1]
 [0 1 1 1 0 1 1 0 1 0]
 [1 0 1 1 1 0 1 1 0 1]
 [1 0 0 0 1 1 0 0 1 1]
 [0 0 1 0 0 1 1 0 1 1]
 [0 1 1 0 1 1 1 0 1 1]
 [1 1 1 1 1 1 0 1 1 1]
 [0 1 1 1 1 0 0 1 0 1]
 [1 0 1 1 1 1 1 1 0 1]
 [0 1 0 0 0 1 0 1 1 1]
 [1 1 0 1 1 1 1 1 1 1]
 [1 1 1 1 1 1 1 0 1 1]
 [1 0 1 1 1 1 1 1 0 1]
 [1 1 0 1 0 1 1 1 1 1]
 [0 1 1 0 1 1 1 1 1 1]
 [1 0 1 1 1 1 1 1 0 0]
 [1 1 0 0 0 0 1 0 1 1]
 [1 1 1 1 0 0 0 1 1 1]
 [1 1 1 1 1 1 0 0 1 1]
 [1 1 1 0 0 1 1 0 1 1]
 [1 1 0 0 1 1 1 1 0 1]
 [1 1 1 1 1 1 1 1 1 1]
 [0 0 0 0 1 1 1 1 0 1]
 [1 1 1 1 1 1 1 0 1 1]
 [1 0 1 1 1 0 0 1 1 1]
 [1 1 1 0 1 1 1 1 0 1]
 [1 1 1 0 0 0 1 1 0 0]
 [1 1 0 1 1 1 1 0 1 1]
 [1 0 1 1 0 1 1 1 1 1]
 [1 0 1 1 0 0 0 1 1 1]
 [0 1 1 1 1 1 1 1 1 1]
 [1 1 1 1 1 1 0 1 1 0]
 [1 1 1 0 1 0 1 1 0 0]
 [1 1 1 1 1 1 1 0 1 1]
 [1 0 1 1 1 1 1 1 1 0]
 [1 1 1 1 1 1 1 1 0 0]
 [0 0 1 1 1 1 1 0 1 1]
 [1 1 1 1 0 1 0 1 1 0]
 [0 1 1 1 1 0 1 1 1 0]
 [1 1 1 1 0 0 1 0 1 1]
 [0 0 0 0 1 0 1 1 1 1]
 [0 1 1 1 1 1 0 0 1 1]
 [1 0 1 1 1 1 1 0 0 1]
 [0 1 1 0 1 1 1 1 0 1]
 [0 1 1 1 1 1 1 0 0 1]
 [1 1 1 1 0 1 1 0 1 1]
 [0 0 0 1 0 1 0 0 0 0]
 [1 1 1 1 0 1 1 1 1 1]
 [0 0 1 0 1 1 1 1 1 0]
 [1 0 0 1 1 1 1 0 0 1]
 [0 1 0 0 1 1 0 0 1 0]
 [1 0 1 0 1 1 1 1 0 1]
 [1 0 1 1 0 1 1 0 1 0]
 [1 0 0 1 1 1 1 1 1 1]
 [0 1 0 1 0 1 0 1 1 0]
 [0 0 1 1 1 0 1 1 1 1]
 [0 0 1 0 1 0 1 1 1 1]
 [0 1 1 1 1 0 1 1 1 0]
 [1 1 1 1 0 0 1 1 1 1]
 [1 1 1 1 1 1 1 1 1 1]]
{'restarts': 14, 'conflicts': 4912, 'decisions': 10631, 'propagations': 5542042}
Q is identifiable
branch at 6
runtime for solving id of Q is 1.0202277270145714
Simulation results:
{'J': 100, 'K': 10, 'N': 10, 'p': 0.7, 'seed': 848, 'sim': 0, 'runtime': 1.0202277270145714, 'identifiable': 1, 'branch': 6}
1
Q: [[1 1 1 1 1 1 0 0 1 0]
 [0 1 1 1 1 1 1 0 1 1]
 [1 0 0 1 1 1 0 0 1 1]
 [1 0 1 1 1 0 1 0 0 0]
 [1 1 0 1 1 1 1 0 0 0]
 [1 1 1 1 0 0 0 1 1 1]
 [1 1 1 1 1 1 1 1 0 1]
 [0 1 1 1 1 0 0 1 1 1]
 [1 1 0 1 1 1 0 0 1 1]
 [1 1 0 1 0 1 1 1 1 1]
 [1 0 1 0 0 0 0 1 1 1]
 [1 1 0 1 0 1 1 0 1 1]
 [1 1 1 0 0 1 0 1 1 1]
 [1 1 1 1 1 1 0 0 1 0]
 [0 1 1 0 1 0 1 1 1 0]
 [0 1 1 1 0 1 1 1 1 1]
 [1 1 0 1 1 1 1 1 0 1]
 [1 0 1 1 1 1 0 1 0 0]
 [0 1 1 1 1 1 0 1 1 1]
 [0 1 1 1 1 1 0 0 1 1]
 [0 1 0 0 1 1 1 1 0 1]
 [1 1 1 1 1 0 1 1 0 1]
 [1 1 0 1 1 1 1 1 1 1]
 [0 1 1 1 1 0 1 1 1 1]
 [0 1 1 1 1 1 1 1 1 1]
 [1 0 0 1 0 0 1 1 1 0]
 [0 1 1 1 1 0 0 1 1 0]
 [1 1 1 0 1 1 0 1 1 1]
 [1 1 0 1 1 1 0 1 0 1]
 [1 0 0 0 1 1 1 0 0 1]
 [1 1 1 0 1 1 0 1 1 0]
 [0 1 0 1 1 0 1 0 0 0]
 [0 1 1 1 1 0 1 1 0 0]
 [0 1 0 1 0 1 0 1 0 1]
 [0 0 1 1 1 1 0 1 1 1]
 [1 1 0 1 1 1 1 1 1 0]
 [0 0 1 1 1 1 0 1 1 0]
 [0 0 0 1 1 1 0 1 0 0]
 [0 1 1 1 1 1 0 1 1 1]
 [1 1 1 1 1 1 1 1 1 0]
 [1 0 1 0 1 1 1 0 1 1]
 [1 1 1 1 1 1 1 1 1 0]
 [0 1 1 1 1 1 1 1 1 1]
 [1 1 1 1 0 0 0 0 1 1]
 [1 1 1 1 1 1 0 0 0 1]
 [0 1 1 1 0 1 1 1 1 0]
 [1 1 1 1 1 1 1 0 1 0]
 [1 1 1 1 1 1 0 1 1 1]
 [1 1 0 1 1 1 0 0 0 1]
 [1 1 1 1 1 1 1 0 1 0]
 [1 1 0 1 1 1 1 1 1 1]
 [0 1 0 0 1 0 1 1 1 1]
 [1 1 1 1 1 1 1 0 1 1]
 [1 1 1 0 1 1 1 1 1 0]
 [0 1 1 1 0 1 1 0 1 1]
 [0 1 1 1 1 1 0 1 1 0]
 [1 1 1 1 1 1 1 0 0 1]
 [0 1 1 1 1 1 1 1 0 1]
 [1 0 1 0 1 0 1 1 0 1]
 [1 1 1 0 0 1 1 1 1 1]
 [1 1 1 1 0 1 1 1 0 0]
 [1 1 0 1 1 1 0 1 0 1]
 [1 1 0 1 1 0 1 1 1 0]
 [0 1 1 0 1 1 0 0 1 1]
 [1 1 1 1 0 1 0 0 1 1]
 [0 1 1 1 1 1 1 0 1 1]
 [0 1 1 0 0 1 0 1 1 1]
 [1 0 1 1 1 0 1 1 1 0]
 [0 1 1 1 1 1 1 1 1 1]
 [1 1 0 1 1 1 0 1 1 1]
 [1 0 1 0 0 0 1 0 1 0]
 [1 1 0 0 1 1 1 1 0 0]
 [0 1 0 0 0 1 1 1 1 1]
 [1 0 0 1 0 1 1 1 1 1]
 [1 1 1 1 1 1 0 1 1 1]
 [1 1 0 1 1 1 0 1 0 0]
 [1 0 1 0 1 0 1 1 1 1]
 [1 1 0 1 0 1 1 0 1 0]
 [1 1 1 0 0 0 0 1 1 1]
 [0 0 1 1 0 1 1 1 1 0]
 [1 1 1 1 1 1 1 0 1 1]
 [1 1 1 0 1 1 0 1 0 1]
 [1 1 0 0 1 1 1 1 1 0]
 [1 0 0 0 1 0 1 1 1 1]
 [1 0 0 1 1 1 1 0 1 1]
 [1 0 1 0 1 0 1 1 1 1]
 [1 1 0 1 1 1 1 0 1 0]
 [1 0 1 1 1 0 1 0 1 1]
 [1 1 1 0 0 0 1 1 1 0]
 [1 1 1 0 1 1 1 0 1 1]
 [0 1 1 1 0 0 1 0 1 1]
 [1 0 0 1 0 1 1 1 1 0]
 [1 0 1 1 1 1 1 0 1 1]
 [1 1 0 1 1 0 0 1 1 1]
 [0 1 1 0 1 1 1 0 1 0]
 [1 1 1 0 1 1 1 1 1 1]
 [1 1 1 1 1 1 1 0 1 1]
 [1 1 0 1 1 0 1 0 0 0]
 [1 0 1 1 0 0 1 0 0 1]
 [1 0 1 1 0 0 0 1 1 1]]
{'restarts': 67, 'conflicts': 24056, 'decisions': 38259, 'propagations': 24579492}
Q is identifiable
branch at 6
runtime for solving id of Q is 4.174833242082968
Simulation results:
{'J': 100, 'K': 10, 'N': 10, 'p': 0.7, 'seed': 848, 'sim': 1, 'runtime': 4.174833242082968, 'identifiable': 1, 'branch': 6}
2
Q: [[0 0 1 1 0 1 1 1 0 0]
 [1 1 1 1 1 1 1 0 1 1]
 [1 0 1 0 1 1 1 0 1 0]
 [0 1 0 1 1 0 1 1 1 0]
 [1 0 1 0 1 0 1 1 0 1]
 [1 1 0 1 1 0 1 0 1 0]
 [0 1 1 1 0 0 0 1 1 0]
 [0 0 1 1 1 1 1 1 0 1]
 [0 0 1 1 1 1 1 1 1 1]
 [0 0 1 1 1 1 1 1 1 0]
 [1 1 1 1 1 1 0 0 1 1]
 [1 1 1 0 0 1 0 1 0 1]
 [1 0 1 0 0 1 1 1 1 1]
 [0 1 1 1 1 1 0 1 1 1]
 [0 0 1 1 1 0 0 0 0 0]
 [1 1 1 1 0 1 1 0 1 1]
 [1 0 1 1 1 0 1 0 1 1]
 [1 0 0 1 0 1 0 1 1 1]
 [0 0 1 0 0 1 0 1 0 1]
 [1 1 1 0 1 1 0 1 0 0]
 [0 1 0 1 1 1 1 1 1 1]
 [0 1 1 1 1 1 1 0 0 1]
 [0 1 1 1 1 1 0 0 0 0]
 [0 0 0 1 1 0 1 1 0 0]
 [1 1 0 1 1 1 0 0 1 1]
 [1 1 1 1 1 0 1 1 1 0]
 [1 0 1 0 0 1 0 0 0 1]
 [1 0 0 1 1 1 1 1 1 0]
 [1 1 0 1 1 1 0 1 1 0]
 [1 1 1 1 0 1 1 1 0 0]
 [0 0 1 1 1 1 1 1 1 1]
 [1 0 0 1 1 1 0 1 1 0]
 [0 0 0 1 1 1 0 1 1 1]
 [1 1 1 0 1 0 1 0 0 1]
 [0 1 1 1 1 1 0 1 0 1]
 [0 0 0 0 1 1 0 1 1 0]
 [1 1 0 1 1 1 1 0 1 0]
 [1 0 1 1 1 0 0 1 0 1]
 [1 1 1 1 1 1 1 1 1 0]
 [1 0 1 1 1 1 1 0 1 1]
 [1 1 1 1 1 1 1 0 1 1]
 [1 0 1 0 1 0 1 0 0 1]
 [1 1 0 1 1 0 1 0 1 1]
 [0 0 0 1 1 1 0 0 1 1]
 [1 0 1 1 0 1 1 1 0 1]
 [1 1 1 0 1 1 0 1 0 1]
 [1 1 1 0 1 1 1 1 0 1]
 [1 0 0 1 1 1 1 0 1 0]
 [1 1 1 0 1 1 1 1 1 0]
 [0 1 1 1 0 1 1 1 0 0]
 [1 1 1 1 1 1 0 1 1 1]
 [0 1 0 1 1 1 1 0 0 1]
 [1 1 1 1 0 1 1 1 1 1]
 [1 1 0 1 0 1 0 1 1 0]
 [1 0 0 1 1 0 1 0 1 1]
 [0 0 1 1 1 0 0 1 1 1]
 [1 1 1 0 1 1 1 1 1 0]
 [0 0 0 1 0 0 1 1 1 1]
 [1 1 1 1 1 1 1 0 1 0]
 [0 1 0 0 1 1 1 0 1 0]
 [1 1 1 1 1 0 1 0 1 1]
 [1 1 1 1 0 1 1 0 1 1]
 [1 1 1 1 0 1 1 0 1 1]
 [0 0 1 0 1 0 1 1 1 1]
 [1 1 1 1 1 1 1 0 1 0]
 [1 1 1 1 1 1 1 0 1 0]
 [0 1 1 0 1 0 0 1 1 0]
 [1 1 0 0 1 1 1 1 1 1]
 [1 1 0 1 1 1 0 1 1 0]
 [0 1 1 0 1 1 1 1 1 1]
 [1 1 1 1 0 1 1 0 0 0]
 [1 0 1 1 1 0 1 1 1 0]
 [1 1 1 0 1 1 1 1 1 1]
 [0 1 0 0 1 1 1 1 1 1]
 [0 1 0 1 1 0 1 1 1 1]
 [1 1 1 1 0 1 1 0 1 1]
 [0 1 0 1 1 0 1 1 1 0]
 [1 1 1 0 1 1 1 1 0 0]
 [1 0 1 1 1 1 1 0 1 0]
 [1 0 1 0 1 1 0 1 0 1]
 [1 1 1 1 0 0 1 1 1 1]
 [1 0 0 1 1 1 1 1 0 1]
 [1 1 1 0 1 1 1 1 0 1]
 [0 1 1 1 0 1 1 1 1 1]
 [1 1 1 0 1 1 1 1 1 1]
 [1 0 1 1 1 1 1 1 1 1]
 [1 1 1 0 1 1 1 1 1 1]
 [0 1 1 1 0 1 1 1 0 1]
 [0 1 0 1 1 0 1 1 1 0]
 [0 0 1 1 0 1 1 0 1 1]
 [1 0 1 1 1 0 0 0 1 1]
 [1 1 1 1 1 1 1 1 1 1]
 [1 0 1 1 0 1 1 1 1 1]
 [1 1 0 1 1 0 1 1 1 0]
 [1 0 1 1 1 1 0 0 1 0]
 [1 1 1 1 1 0 1 0 1 0]
 [1 0 1 1 0 0 0 0 0 1]
 [1 1 1 1 1 0 1 1 1 1]
 [1 1 1 1 0 1 1 1 0 0]
 [0 1 1 1 0 1 1 1 0 0]]
{'restarts': 9, 'conflicts': 2792, 'decisions': 5642, 'propagations': 2654824}
Q is identifiable
branch at 6
runtime for solving id of Q is 0.6045828701462597
Simulation results:
{'J': 100, 'K': 10, 'N': 10, 'p': 0.7, 'seed': 848, 'sim': 2, 'runtime': 0.6045828701462597, 'identifiable': 1, 'branch': 6}
3
Q: [[1 0 0 0 1 1 0 1 0 0]
 [1 0 0 1 1 1 1 1 0 0]
 [1 1 1 1 1 0 0 0 1 1]
 [1 1 1 0 1 1 0 1 1 1]
 [1 0 1 0 1 1 0 1 1 0]
 [1 1 1 1 1 1 1 1 1 0]
 [0 1 0 0 1 0 1 1 1 1]
 [1 1 1 1 1 1 0 0 0 1]
 [1 1 0 1 1 1 1 0 1 1]
 [1 1 0 1 0 1 1 0 0 0]
 [1 1 0 1 1 1 0 0 0 1]
 [1 1 1 0 1 0 0 1 1 1]
 [1 0 0 1 1 1 0 0 1 1]
 [0 0 0 1 0 1 1 1 1 1]
 [1 1 0 1 1 1 1 1 0 0]
 [1 1 1 1 0 1 1 1 1 1]
 [1 1 0 0 1 1 1 1 0 1]
 [0 0 1 1 1 1 1 0 1 1]
 [1 1 1 1 1 1 1 1 0 1]
 [1 1 1 1 1 0 1 1 0 1]
 [1 1 0 0 1 1 0 1 1 1]
 [0 1 1 1 1 1 1 1 1 0]
 [1 0 1 1 0 1 1 1 1 1]
 [1 1 0 0 0 1 1 1 1 1]
 [1 1 1 1 1 0 1 1 0 1]
 [0 1 1 1 1 0 0 1 1 1]
 [1 0 0 1 0 1 0 1 1 1]
 [0 1 1 1 0 1 1 1 0 1]
 [1 1 1 1 1 0 0 1 1 0]
 [0 1 1 0 0 1 1 0 1 0]
 [1 1 0 1 1 1 1 1 0 0]
 [1 1 1 0 1 1 1 1 1 1]
 [0 0 1 0 1 0 1 0 1 1]
 [1 0 1 0 0 1 0 1 1 1]
 [1 1 1 1 1 1 1 1 1 0]
 [0 1 1 1 1 1 0 0 1 0]
 [1 1 1 1 1 1 1 0 1 0]
 [0 1 0 0 0 0 1 1 1 1]
 [0 1 1 1 1 0 1 0 1 1]
 [1 0 0 0 0 1 0 1 1 0]
 [0 1 1 1 0 0 1 1 1 1]
 [0 1 1 1 1 1 1 1 1 1]
 [1 1 0 0 1 0 1 0 1 1]
 [1 1 1 1 1 1 1 1 1 0]
 [0 1 1 1 1 0 1 1 1 1]
 [0 0 0 1 1 1 1 1 1 1]
 [0 1 1 1 1 0 1 0 1 1]
 [0 0 1 1 1 1 1 1 0 1]
 [1 0 1 1 0 1 1 0 1 1]
 [1 1 1 1 0 1 0 1 1 1]
 [0 1 1 0 1 1 0 1 0 0]
 [1 1 1 1 1 0 0 1 1 1]
 [1 1 1 0 1 1 1 0 1 0]
 [0 0 1 0 1 1 1 1 0 1]
 [1 1 0 0 1 0 0 1 0 1]
 [0 1 0 1 0 1 1 1 1 0]
 [1 1 0 1 0 1 1 1 1 1]
 [1 1 1 1 1 1 1 1 1 0]
 [0 1 1 1 1 1 1 1 0 1]
 [0 1 1 1 1 0 0 1 1 0]
 [1 0 1 1 0 1 1 1 1 1]
 [0 0 1 1 1 1 0 0 1 1]
 [0 0 0 1 0 0 1 1 1 1]
 [1 0 1 1 1 0 1 1 0 0]
 [1 0 1 1 1 0 0 1 1 0]
 [1 0 1 0 1 1 0 1 1 1]
 [1 0 1 0 1 1 0 0 1 1]
 [1 1 0 1 0 1 0 1 0 1]
 [0 0 1 0 1 1 1 1 0 1]
 [0 0 1 0 1 1 0 1 1 1]
 [1 1 0 0 1 1 1 0 0 1]
 [0 1 0 1 1 1 0 0 1 0]
 [1 1 1 1 1 1 1 1 1 1]
 [0 1 1 1 0 1 1 1 0 1]
 [0 1 0 0 1 1 1 1 1 1]
 [0 1 1 1 1 1 1 1 1 1]
 [1 1 1 1 1 1 0 1 1 0]
 [1 1 1 1 1 1 1 0 1 1]
 [1 1 0 1 1 0 1 0 1 0]
 [1 0 0 1 1 1 1 1 1 1]
 [0 1 1 0 1 1 1 0 1 1]
 [1 1 0 1 0 1 1 1 1 1]
 [0 0 0 1 1 1 1 1 1 0]
 [0 0 0 1 1 1 1 0 0 1]
 [0 1 0 1 1 1 0 0 0 1]
 [1 1 1 1 0 1 1 1 1 0]
 [1 1 0 1 0 1 1 0 0 0]
 [0 1 1 1 1 0 1 1 1 1]
 [1 0 1 0 0 1 1 1 1 1]
 [1 1 1 0 1 0 1 1 1 0]
 [1 1 1 1 0 1 1 0 1 1]
 [0 1 1 1 1 1 1 0 0 0]
 [1 1 1 1 1 1 1 0 1 0]
 [1 1 1 1 1 1 0 1 1 1]
 [1 0 0 0 1 0 1 1 1 1]
 [1 1 0 1 1 0 1 1 1 0]
 [1 1 1 1 0 1 1 0 0 1]
 [1 1 0 1 0 1 0 0 0 1]
 [0 0 0 1 0 0 1 1 1 1]
 [1 0 0 1 1 1 1 0 1 1]]
{'restarts': 43, 'conflicts': 19077, 'decisions': 30830, 'propagations': 20928941}
Q is identifiable
branch at 6
runtime for solving id of Q is 3.473502357956022
Simulation results:
{'J': 100, 'K': 10, 'N': 10, 'p': 0.7, 'seed': 848, 'sim': 3, 'runtime': 3.473502357956022, 'identifiable': 1, 'branch': 6}
4
Q: [[1 0 1 1 1 1 1 1 1 1]
 [1 1 1 0 1 1 1 0 0 1]
 [0 1 1 0 1 1 1 0 1 1]
 [1 0 0 1 1 1 1 0 1 1]
 [1 0 1 0 1 1 0 1 1 0]
 [1 1 0 1 0 1 1 0 0 1]
 [0 1 0 1 1 1 1 1 1 0]
 [1 1 1 1 0 0 1 1 1 0]
 [0 1 1 1 0 0 0 1 1 0]
 [0 1 0 1 1 1 1 1 0 1]
 [1 0 1 1 0 0 1 0 0 0]
 [1 1 1 1 1 1 0 1 1 1]
 [1 1 0 1 0 0 1 1 1 1]
 [1 0 1 0 1 0 1 1 0 1]
 [1 0 1 1 0 1 0 1 1 0]
 [1 1 1 1 0 1 1 0 1 0]
 [1 1 1 1 0 1 0 1 1 1]
 [1 0 1 0 0 0 1 1 0 1]
 [1 0 1 0 0 1 0 1 0 1]
 [1 1 0 1 0 1 1 1 1 1]
 [1 0 1 1 1 1 1 1 1 0]
 [1 1 0 1 1 1 0 1 0 1]
 [0 1 1 0 1 1 1 1 0 1]
 [1 1 1 1 1 0 1 1 1 1]
 [1 0 1 0 1 0 1 1 1 1]
 [1 1 1 1 0 1 0 1 1 0]
 [0 1 0 1 1 1 0 1 1 1]
 [1 1 0 1 1 1 0 0 1 1]
 [1 0 1 1 0 1 1 1 1 1]
 [0 1 1 0 0 0 0 1 1 1]
 [1 1 1 1 1 1 1 1 1 1]
 [0 0 0 1 0 1 1 1 1 0]
 [0 1 0 0 1 1 1 1 1 0]
 [0 1 1 0 0 0 1 0 1 1]
 [1 1 0 1 1 0 1 1 0 0]
 [0 0 1 1 0 1 0 1 1 1]
 [1 0 0 0 1 1 0 1 1 1]
 [1 0 0 0 1 1 1 1 1 0]
 [0 0 1 0 0 1 1 1 1 1]
 [0 1 1 0 0 0 1 0 0 1]
 [0 1 1 1 1 1 1 1 0 0]
 [0 1 1 1 0 1 0 1 1 1]
 [1 1 1 0 1 0 1 1 1 1]
 [1 1 0 1 1 1 0 1 1 1]
 [1 0 1 1 1 0 1 0 1 1]
 [1 1 0 1 0 0 1 1 0 1]
 [1 1 0 1 1 0 0 1 1 1]
 [1 1 1 1 0 0 1 1 1 1]
 [1 0 0 1 0 0 1 1 1 1]
 [0 1 1 1 0 1 1 1 0 1]
 [0 1 1 0 0 1 1 1 1 1]
 [0 1 1 0 1 1 1 1 0 1]
 [1 0 0 0 1 1 1 1 1 1]
 [1 0 1 1 1 1 1 1 1 0]
 [0 0 1 0 1 1 1 1 1 1]
 [1 1 1 1 0 0 0 1 1 1]
 [0 1 0 0 1 1 1 1 0 1]
 [1 0 0 1 0 0 1 0 1 1]
 [1 1 1 1 1 0 1 1 1 0]
 [0 0 0 1 1 0 0 1 1 1]
 [1 1 1 1 0 1 1 1 1 0]
 [1 1 1 0 1 1 1 1 1 1]
 [1 1 1 1 0 1 0 0 0 1]
 [1 1 1 1 0 1 1 0 1 1]
 [1 0 1 1 1 0 1 0 0 1]
 [1 1 1 0 0 1 1 1 0 1]
 [1 1 1 1 0 0 0 0 1 1]
 [0 1 1 1 1 1 0 0 0 1]
 [1 1 1 1 1 1 1 1 1 0]
 [1 1 1 1 1 1 0 1 0 1]
 [1 1 1 0 1 1 0 1 1 1]
 [1 0 1 1 1 0 0 0 1 1]
 [1 0 1 1 1 1 1 1 1 1]
 [1 1 1 0 0 1 1 1 1 1]
 [1 0 0 1 1 0 0 1 1 1]
 [1 1 1 0 0 1 1 1 0 1]
 [1 1 0 0 0 0 1 1 1 1]
 [0 1 1 1 1 1 1 0 1 0]
 [1 1 1 1 1 0 1 0 1 1]
 [1 1 1 0 1 1 1 1 0 0]
 [1 1 1 1 1 0 0 0 1 1]
 [1 1 1 1 0 1 0 0 0 1]
 [1 0 0 1 1 1 1 1 0 1]
 [1 1 1 1 1 1 1 1 1 1]
 [1 1 1 1 1 1 0 0 0 1]
 [1 0 1 1 0 1 1 0 0 1]
 [0 0 1 0 1 1 1 1 1 1]
 [1 1 1 1 1 1 1 0 1 1]
 [1 1 1 1 1 1 1 1 1 1]
 [1 1 1 1 1 1 1 1 1 0]
 [1 1 1 1 1 1 1 1 1 1]
 [1 1 0 1 1 1 1 1 1 1]
 [0 1 0 0 1 1 1 1 1 0]
 [0 0 1 1 1 1 1 1 1 1]
 [1 0 1 1 0 1 1 0 0 1]
 [1 1 0 1 1 1 1 1 0 0]
 [0 1 0 1 1 1 0 1 1 0]
 [0 1 1 0 1 1 1 1 1 1]
 [0 1 0 1 1 0 1 0 1 1]
 [0 1 1 1 1 1 1 0 1 1]]
{'restarts': 48, 'conflicts': 24717, 'decisions': 40017, 'propagations': 25342607}
Q is identifiable
branch at 6
runtime for solving id of Q is 4.4989105691201985
Simulation results:
{'J': 100, 'K': 10, 'N': 10, 'p': 0.7, 'seed': 848, 'sim': 4, 'runtime': 4.4989105691201985, 'identifiable': 1, 'branch': 6}
5
Q: [[1 1 1 1 1 0 0 0 0 1]
 [0 0 1 0 1 1 0 0 1 0]
 [1 1 1 0 1 0 1 1 1 0]
 [0 0 0 1 0 1 1 0 1 1]
 [1 1 1 1 0 0 1 1 1 1]
 [0 1 1 1 0 0 0 1 0 1]
 [0 1 1 0 1 1 1 1 0 1]
 [1 1 1 1 1 1 0 1 0 1]
 [1 1 0 0 1 1 1 1 1 1]
 [1 1 1 1 0 0 1 0 1 1]
 [0 1 0 1 0 1 1 1 0 0]
 [1 0 0 1 1 1 0 1 0 1]
 [1 0 0 1 1 1 1 1 1 1]
 [1 1 1 1 1 1 0 1 0 0]
 [1 1 1 0 1 0 1 1 1 0]
 [1 1 0 0 1 1 0 1 1 1]
 [1 0 1 0 1 0 0 1 1 1]
 [1 0 0 1 1 1 1 1 1 0]
 [1 0 1 1 1 1 1 1 1 1]
 [0 0 1 0 1 0 0 1 1 1]
 [1 1 1 1 0 1 0 1 1 1]
 [0 1 0 0 1 0 0 1 0 1]
 [0 1 1 1 1 1 1 1 0 0]
 [0 0 1 1 1 1 0 1 1 1]
 [1 1 1 1 0 0 1 1 1 0]
 [0 1 1 1 1 1 0 0 0 1]
 [0 1 0 1 1 0 1 1 0 1]
 [1 0 0 1 1 0 0 1 1 0]
 [0 0 1 1 1 0 1 1 1 1]
 [1 1 1 1 0 1 0 0 1 1]
 [1 1 1 1 1 1 1 1 1 0]
 [1 0 0 1 0 0 0 0 1 1]
 [1 1 1 1 1 0 0 0 1 1]
 [1 1 1 1 1 1 1 0 1 0]
 [1 1 1 1 1 0 1 1 1 0]
 [1 0 0 1 1 1 1 1 1 1]
 [1 0 1 1 0 1 0 0 1 1]
 [1 1 1 1 1 0 1 0 1 1]
 [1 1 1 1 1 1 1 1 1 1]
 [1 1 0 1 1 1 1 1 1 0]
 [1 1 1 1 0 1 0 1 1 1]
 [0 0 0 0 1 1 1 1 1 0]
 [1 0 1 0 1 0 1 0 1 1]
 [1 1 1 1 1 0 1 1 1 1]
 [1 0 1 1 1 1 0 0 1 0]
 [1 0 0 1 1 1 0 1 1 1]
 [1 1 1 1 1 1 0 1 0 1]
 [1 1 1 0 1 1 1 1 0 0]
 [1 1 0 1 1 1 1 1 1 1]
 [1 1 1 1 1 1 1 1 0 1]
 [0 0 0 0 0 0 0 1 1 0]
 [1 1 1 1 1 1 1 1 1 0]
 [1 1 1 1 1 1 0 1 1 0]
 [1 0 1 1 1 1 1 1 1 1]
 [1 1 1 1 0 1 1 1 1 1]
 [1 1 1 1 1 1 1 0 1 1]
 [1 1 0 1 1 1 0 0 1 1]
 [0 1 0 0 1 1 0 0 0 1]
 [0 1 1 0 1 1 1 0 1 1]
 [1 1 1 1 1 1 1 0 0 1]
 [1 1 1 1 0 1 0 0 1 1]
 [1 1 1 0 1 0 1 1 1 1]
 [1 0 1 1 0 0 0 0 1 0]
 [1 0 1 1 1 0 1 1 0 1]
 [0 0 1 0 0 0 1 1 1 1]
 [0 0 1 1 1 1 0 0 1 1]
 [1 1 1 0 1 1 0 0 1 0]
 [0 1 0 1 1 0 0 1 1 0]
 [1 1 1 1 1 1 1 0 0 1]
 [1 1 1 1 0 1 1 1 1 0]
 [1 0 0 1 1 1 1 1 1 0]
 [0 1 1 1 1 1 0 0 0 1]
 [0 1 1 1 1 1 0 0 1 0]
 [1 0 1 1 1 0 1 1 1 1]
 [0 1 0 1 0 1 1 1 1 0]
 [1 1 1 1 1 1 0 1 1 1]
 [0 1 0 1 0 1 1 1 0 1]
 [0 1 1 1 0 1 1 1 1 0]
 [1 1 1 1 1 1 1 0 0 0]
 [1 1 1 1 0 1 1 1 0 1]
 [1 0 1 1 1 1 1 1 1 1]
 [1 1 1 1 0 1 0 1 0 1]
 [1 0 1 0 1 1 0 0 0 1]
 [1 1 1 1 0 1 1 1 1 1]
 [1 0 0 1 1 0 1 0 1 1]
 [0 1 1 1 1 1 1 0 0 0]
 [0 1 1 1 1 1 0 1 1 1]
 [1 1 0 1 0 0 1 1 1 1]
 [0 0 0 0 1 0 0 1 1 1]
 [1 1 0 0 1 1 1 0 1 1]
 [1 1 1 1 0 1 1 0 1 0]
 [0 1 1 1 1 1 0 1 1 0]
 [1 0 1 1 1 1 1 1 1 0]
 [0 1 1 1 1 1 1 1 1 0]
 [0 1 0 1 1 0 1 1 1 1]
 [1 1 1 0 1 1 1 0 1 0]
 [0 0 0 1 1 0 1 1 1 0]
 [0 1 1 0 1 0 1 1 1 0]
 [0 1 0 0 1 1 1 1 0 1]
 [1 0 1 0 1 1 0 1 1 1]]
{'restarts': 1, 'conflicts': 625, 'decisions': 1596, 'propagations': 540937}
Q is identifiable
branch at 6
runtime for solving id of Q is 0.3999213958159089
Simulation results:
{'J': 100, 'K': 10, 'N': 10, 'p': 0.7, 'seed': 848, 'sim': 5, 'runtime': 0.3999213958159089, 'identifiable': 1, 'branch': 6}
6
Q: [[1 1 1 1 0 0 1 1 1 0]
 [0 0 1 1 0 0 1 0 0 1]
 [0 1 1 1 0 1 1 1 1 0]
 [1 1 0 1 0 1 0 1 1 0]
 [1 0 0 0 1 1 0 0 1 0]
 [1 1 0 1 1 0 1 1 1 1]
 [1 0 1 1 1 1 1 0 1 1]
 [1 1 1 1 1 1 1 1 0 1]
 [1 1 1 1 1 1 1 0 0 1]
 [1 0 1 1 0 1 1 1 0 0]
 [1 1 0 0 1 1 1 0 1 1]
 [0 1 1 0 1 1 1 0 1 0]
 [1 1 1 1 1 1 1 1 1 1]
 [0 1 1 1 1 1 1 1 0 1]
 [1 1 1 1 0 1 0 0 1 0]
 [0 1 1 1 1 1 1 0 1 1]
 [1 1 1 1 0 1 1 1 0 1]
 [0 0 1 1 1 1 1 1 1 1]
 [0 1 0 1 0 1 1 1 1 1]
 [0 0 1 0 1 1 1 1 0 1]
 [1 1 1 1 0 1 1 1 1 1]
 [1 1 1 1 1 1 0 1 0 1]
 [1 0 1 0 0 1 1 1 1 0]
 [1 1 1 1 0 1 1 1 1 1]
 [1 0 1 1 0 1 0 1 1 0]
 [0 1 1 1 1 1 1 1 0 1]
 [1 1 1 0 0 0 0 1 1 0]
 [0 1 0 1 0 0 1 0 1 1]
 [0 1 1 0 1 0 1 0 1 0]
 [1 0 1 1 1 0 1 1 1 1]
 [1 0 1 1 1 0 1 1 0 0]
 [1 0 0 1 1 1 0 1 1 0]
 [1 1 1 0 0 1 1 1 0 0]
 [1 0 1 0 0 1 1 1 1 1]
 [1 1 1 0 1 1 0 0 0 1]
 [1 1 1 1 1 1 0 1 1 1]
 [1 1 0 1 1 0 1 0 1 1]
 [1 1 0 1 1 0 1 1 0 1]
 [0 1 1 1 1 1 0 1 1 1]
 [1 1 1 1 0 1 1 1 1 1]
 [1 0 1 1 0 1 1 1 1 1]
 [1 1 0 1 1 0 1 1 0 1]
 [1 1 1 0 1 1 0 1 1 0]
 [1 1 0 0 1 0 1 1 1 0]
 [0 1 0 1 1 1 0 0 1 1]
 [1 0 1 1 1 0 0 1 1 1]
 [1 1 1 1 1 1 0 1 1 1]
 [1 1 0 0 1 0 0 0 1 0]
 [1 1 1 0 1 1 1 0 1 1]
 [1 1 1 1 1 0 0 1 1 1]
 [1 1 1 0 0 1 0 1 1 0]
 [1 1 1 0 1 1 0 0 1 1]
 [1 1 1 1 1 1 1 0 1 1]
 [1 1 0 0 1 1 1 1 1 1]
 [1 1 1 1 1 0 1 1 1 1]
 [1 1 0 1 0 0 1 0 0 1]
 [0 1 1 1 0 0 0 0 1 1]
 [0 1 1 1 0 1 0 1 1 1]
 [1 1 0 1 1 1 1 1 0 0]
 [1 1 0 1 1 1 1 1 1 1]
 [1 1 0 0 1 1 0 1 1 1]
 [1 1 1 1 1 0 1 1 1 1]
 [1 1 1 0 1 1 1 1 1 1]
 [1 0 1 0 1 0 1 1 1 1]
 [1 1 0 1 1 1 1 0 0 1]
 [1 1 1 0 1 0 0 0 0 1]
 [1 0 1 1 0 1 1 0 1 0]
 [1 0 1 1 0 0 1 1 1 0]
 [1 1 0 1 1 0 1 1 1 1]
 [0 1 1 1 0 0 1 1 0 1]
 [1 0 1 1 1 1 1 1 0 1]
 [1 1 0 1 1 0 0 1 0 1]
 [1 0 0 1 1 0 1 1 1 1]
 [1 1 0 1 1 1 1 1 1 1]
 [0 1 0 1 1 0 1 0 1 1]
 [0 0 1 1 1 0 1 1 1 0]
 [1 1 1 1 1 1 0 1 1 1]
 [0 1 0 0 1 0 0 1 1 1]
 [0 0 1 1 1 1 1 1 1 0]
 [1 1 1 1 1 1 1 0 1 1]
 [1 0 1 1 1 0 1 1 1 1]
 [1 1 1 0 0 1 1 1 1 1]
 [1 0 1 1 0 1 1 1 0 1]
 [1 1 1 0 0 0 1 1 1 1]
 [0 0 1 1 1 0 1 0 1 1]
 [1 1 1 1 1 1 0 0 1 0]
 [1 1 1 1 1 0 0 1 1 1]
 [1 1 1 1 1 1 1 1 0 1]
 [0 0 1 1 1 1 1 0 0 1]
 [1 1 1 1 1 1 1 0 0 1]
 [1 0 0 1 1 0 1 0 0 1]
 [0 0 1 0 1 0 1 1 0 0]
 [1 1 1 1 0 1 1 1 1 1]
 [1 0 0 1 1 1 1 1 1 1]
 [1 0 1 1 1 1 1 1 1 1]
 [1 0 1 0 1 1 1 1 1 0]
 [1 1 0 0 1 1 1 0 1 1]
 [1 1 1 1 1 1 1 1 1 0]
 [0 1 1 1 1 0 0 1 1 1]
 [1 1 0 0 1 0 1 1 1 1]]
{'restarts': 28, 'conflicts': 7859, 'decisions': 15380, 'propagations': 7179213}
Q is identifiable
branch at 6
runtime for solving id of Q is 1.2445367018226534
Simulation results:
{'J': 100, 'K': 10, 'N': 10, 'p': 0.7, 'seed': 848, 'sim': 6, 'runtime': 1.2445367018226534, 'identifiable': 1, 'branch': 6}
7
Q: [[1 0 0 1 1 1 0 1 1 1]
 [0 1 1 0 1 1 1 0 0 1]
 [1 0 1 1 0 1 0 1 1 1]
 [1 1 1 1 0 1 1 1 1 1]
 [1 0 1 1 1 1 1 1 1 1]
 [0 0 1 1 0 0 1 1 1 0]
 [0 1 1 0 1 1 0 0 0 1]
 [1 0 0 0 1 1 0 0 1 1]
 [1 1 1 1 1 1 0 1 1 0]
 [0 1 1 1 1 1 0 0 1 1]
 [1 0 1 1 1 1 1 0 1 1]
 [0 1 1 1 1 1 1 1 0 0]
 [1 1 1 0 0 0 1 0 1 1]
 [1 1 0 1 1 1 1 1 1 1]
 [1 0 1 0 0 1 1 1 1 0]
 [0 1 0 1 1 0 1 0 1 1]
 [1 0 1 1 1 0 1 1 1 1]
 [1 1 1 1 1 1 1 1 1 1]
 [1 1 1 0 0 1 1 0 1 1]
 [1 0 1 1 1 1 0 1 0 1]
 [1 1 0 1 1 1 1 1 1 1]
 [0 0 0 1 1 1 0 1 1 1]
 [0 1 1 1 0 0 0 1 1 1]
 [1 1 1 1 0 1 1 1 0 0]
 [0 1 1 1 0 1 1 1 0 0]
 [0 1 1 0 0 1 1 1 1 1]
 [1 1 1 1 1 1 1 1 1 1]
 [0 0 0 0 1 1 1 1 1 0]
 [0 1 1 1 1 1 1 0 0 0]
 [0 1 1 1 1 1 1 0 0 1]
 [1 1 1 1 1 1 1 0 0 1]
 [1 1 0 1 1 0 1 1 1 1]
 [0 0 0 1 1 1 1 1 0 0]
 [0 1 0 0 1 1 1 0 1 1]
 [0 1 1 1 1 1 1 1 1 1]
 [1 1 0 1 0 0 1 1 1 1]
 [1 1 1 1 0 1 1 1 1 1]
 [0 1 0 0 1 1 1 1 1 1]
 [1 1 1 1 1 1 0 1 1 1]
 [0 1 1 1 1 1 0 1 0 1]
 [1 0 1 1 0 1 1 1 0 1]
 [1 1 0 1 1 1 1 1 1 0]
 [1 1 1 1 1 1 1 1 0 1]
 [0 1 1 0 1 1 0 1 1 0]
 [1 1 0 1 0 1 1 0 0 1]
 [0 1 0 1 0 1 1 1 0 0]
 [1 0 1 1 1 1 0 1 0 1]
 [1 1 1 1 1 1 1 0 0 1]
 [1 1 1 1 1 1 0 0 0 1]
 [1 0 1 1 1 0 1 0 1 1]
 [0 1 1 1 0 0 1 0 0 1]
 [0 1 1 0 1 1 0 1 1 1]
 [1 1 1 0 1 1 0 1 1 1]
 [0 1 1 0 1 0 1 1 0 1]
 [1 1 0 0 0 1 1 1 1 1]
 [1 0 0 1 0 1 0 1 1 1]
 [1 0 0 1 1 1 0 0 1 1]
 [1 1 1 1 1 1 0 0 1 0]
 [1 0 1 1 1 0 1 1 1 1]
 [1 1 1 1 1 1 0 1 0 0]
 [1 1 1 0 0 1 0 0 1 1]
 [1 1 1 1 1 1 1 1 1 1]
 [1 0 0 1 1 1 1 1 1 0]
 [1 0 0 1 1 1 1 1 1 1]
 [1 1 1 1 1 1 1 1 1 1]
 [1 1 1 1 1 1 0 1 1 1]
 [1 1 1 1 0 0 0 1 0 1]
 [1 1 0 1 0 1 1 1 1 0]
 [1 1 0 1 1 0 1 1 1 1]
 [1 1 1 1 1 1 1 0 1 0]
 [0 1 0 0 1 1 1 1 1 1]
 [1 0 1 1 1 0 1 1 1 0]
 [1 0 0 0 1 1 1 0 1 0]
 [0 1 1 1 0 1 0 1 0 0]
 [0 1 0 1 1 1 1 1 1 1]
 [1 1 1 1 1 0 1 1 1 1]
 [1 1 0 1 1 1 1 1 0 1]
 [1 1 0 0 1 0 0 0 1 1]
 [1 1 1 0 1 1 1 1 0 1]
 [0 1 0 1 0 1 0 1 0 1]
 [1 0 0 1 1 1 0 0 1 1]
 [1 1 1 1 1 1 1 1 1 1]
 [1 1 0 0 1 0 1 1 0 0]
 [1 1 1 0 1 1 1 1 1 1]
 [1 1 1 1 1 0 1 1 1 0]
 [0 1 1 1 1 1 1 1 0 1]
 [1 1 1 1 1 1 0 1 1 1]
 [1 1 0 1 1 1 0 0 0 1]
 [1 1 0 1 1 1 1 1 0 0]
 [1 1 0 1 1 1 1 0 1 0]
 [1 1 0 1 0 1 1 1 1 1]
 [1 1 1 1 1 1 0 1 1 1]
 [1 1 1 0 1 1 0 1 1 1]
 [1 1 0 1 1 1 1 0 1 1]
 [0 1 0 1 1 1 1 0 1 0]
 [1 0 1 1 1 1 1 1 1 1]
 [0 1 1 1 1 1 1 1 0 1]
 [0 1 0 1 1 0 0 0 1 1]
 [1 0 1 1 1 1 1 1 0 1]
 [1 1 1 0 0 1 0 1 1 1]]
{'restarts': 48, 'conflicts': 15368, 'decisions': 26844, 'propagations': 13056040}
Q is identifiable
branch at 6
runtime for solving id of Q is 2.2050613479223102
Simulation results:
{'J': 100, 'K': 10, 'N': 10, 'p': 0.7, 'seed': 848, 'sim': 7, 'runtime': 2.2050613479223102, 'identifiable': 1, 'branch': 6}
8
Q: [[1 1 1 1 1 1 1 1 1 1]
 [1 1 1 1 1 0 1 0 1 0]
 [1 0 1 0 0 1 0 1 0 1]
 [1 0 0 1 0 0 0 1 0 0]
 [1 1 0 1 0 1 1 1 1 0]
 [0 1 1 1 1 1 1 1 1 0]
 [1 1 1 1 0 0 1 1 0 1]
 [0 1 0 1 1 1 1 1 1 1]
 [0 1 1 1 1 1 1 1 1 0]
 [1 0 1 0 1 1 0 0 0 1]
 [0 0 1 0 1 1 1 0 1 0]
 [0 1 1 1 1 1 1 1 1 1]
 [1 0 1 0 1 0 1 1 1 0]
 [1 1 1 0 1 1 1 1 1 0]
 [1 1 0 1 1 1 1 1 1 1]
 [1 1 1 1 1 1 0 1 1 1]
 [1 1 1 0 1 0 1 1 0 0]
 [0 1 1 1 1 1 1 1 0 1]
 [0 0 1 1 0 0 1 0 1 0]
 [0 1 1 0 0 0 1 0 1 0]
 [0 1 1 0 1 1 1 0 1 1]
 [1 0 1 1 1 1 1 1 1 1]
 [0 1 0 1 1 0 1 1 0 1]
 [1 1 1 1 1 0 0 1 1 0]
 [1 1 0 0 1 1 0 1 1 1]
 [0 1 1 1 1 1 1 1 1 1]
 [1 1 0 1 1 1 1 1 0 1]
 [0 0 1 1 1 0 0 0 0 1]
 [1 1 0 1 0 1 1 1 0 0]
 [0 1 0 1 0 1 1 0 1 1]
 [1 1 1 1 0 0 1 1 0 1]
 [0 0 1 1 0 1 1 1 1 1]
 [1 1 0 0 0 0 0 1 1 0]
 [1 0 1 1 1 1 0 0 1 0]
 [0 1 1 1 1 1 0 1 1 1]
 [1 0 1 1 0 1 0 1 1 1]
 [1 1 1 1 1 0 1 1 1 1]
 [0 0 0 1 0 0 0 1 0 0]
 [1 1 1 1 1 1 1 1 1 1]
 [1 1 0 0 0 1 1 1 1 0]
 [0 1 1 1 1 0 1 0 1 1]
 [1 0 0 1 0 1 1 1 0 1]
 [1 1 1 1 1 1 1 0 1 1]
 [0 1 1 1 1 0 0 1 1 1]
 [0 1 0 1 1 1 0 1 1 0]
 [1 1 1 1 1 0 0 1 1 0]
 [1 1 1 1 1 1 1 1 1 1]
 [1 1 0 1 1 0 1 1 1 1]
 [1 0 0 1 0 0 1 0 0 0]
 [0 1 1 0 1 1 1 0 0 1]
 [1 1 1 1 0 0 1 0 1 0]
 [1 0 0 1 1 1 0 1 1 1]
 [0 0 0 1 0 1 1 1 1 0]
 [1 1 1 0 0 1 0 0 0 0]
 [0 1 0 1 0 1 1 1 1 0]
 [1 0 1 0 0 1 0 1 1 0]
 [1 0 1 0 0 1 1 1 1 0]
 [0 1 1 1 0 1 1 1 1 0]
 [0 1 1 1 1 1 1 1 0 0]
 [1 0 1 1 1 0 0 0 1 0]
 [1 0 1 0 1 1 0 1 0 0]
 [1 1 1 1 0 1 1 1 0 1]
 [1 1 1 1 1 1 0 1 1 1]
 [0 1 1 1 1 1 0 0 0 1]
 [1 1 1 0 1 1 0 1 1 1]
 [1 0 1 0 0 1 0 1 1 0]
 [1 0 0 1 0 0 1 1 1 1]
 [1 0 1 1 1 1 1 1 1 1]
 [1 1 1 1 1 1 1 1 1 1]
 [1 1 0 0 1 0 1 1 0 1]
 [1 1 0 1 1 1 1 1 1 0]
 [1 0 1 1 0 0 1 1 1 0]
 [1 0 1 1 0 1 1 1 0 1]
 [1 1 1 1 1 1 0 0 0 0]
 [1 0 0 1 0 1 1 0 1 0]
 [0 1 1 1 1 1 1 1 0 1]
 [0 1 1 0 1 1 1 1 1 1]
 [1 1 1 1 1 1 1 1 0 1]
 [0 1 0 1 0 1 0 1 0 1]
 [1 1 1 0 0 1 0 1 1 1]
 [1 1 1 1 1 1 0 0 1 1]
 [0 1 1 1 1 1 0 1 0 1]
 [1 1 1 1 0 1 1 1 0 0]
 [1 1 1 1 1 1 1 1 1 0]
 [0 0 1 0 0 1 1 0 1 0]
 [1 1 1 0 1 1 1 0 1 1]
 [1 1 0 1 0 1 0 1 1 1]
 [1 1 1 1 1 1 0 1 1 1]
 [1 1 1 0 1 1 1 1 0 0]
 [0 0 1 1 1 1 1 1 1 1]
 [0 0 0 1 1 1 0 1 0 0]
 [1 0 1 1 0 1 1 0 1 1]
 [1 1 1 1 0 1 1 1 1 0]
 [1 0 0 1 1 1 1 1 1 1]
 [1 1 0 1 1 0 1 0 0 1]
 [1 1 1 0 0 1 0 0 0 1]
 [1 0 1 1 0 1 1 1 1 0]
 [1 0 0 1 0 1 1 1 0 0]
 [0 1 0 1 1 0 1 0 1 1]
 [1 1 1 1 1 0 1 0 1 1]]
{'restarts': 2, 'conflicts': 1043, 'decisions': 2657, 'propagations': 982753}
Q is identifiable
branch at 6
runtime for solving id of Q is 0.43206399702467024
Simulation results:
{'J': 100, 'K': 10, 'N': 10, 'p': 0.7, 'seed': 848, 'sim': 8, 'runtime': 0.43206399702467024, 'identifiable': 1, 'branch': 6}
9
Q: [[0 0 1 1 1 1 1 1 1 1]
 [1 0 0 1 1 1 1 0 0 1]
 [1 1 0 1 0 0 1 1 0 1]
 [1 1 0 0 1 1 0 1 1 1]
 [1 1 1 1 0 0 0 0 0 1]
 [1 1 1 1 1 1 1 0 1 1]
 [0 0 0 1 1 1 1 1 0 1]
 [1 1 1 1 1 1 1 1 1 1]
 [1 1 0 1 1 0 1 1 0 1]
 [1 1 1 1 0 1 1 0 1 1]
 [1 1 1 1 1 1 0 1 1 1]
 [1 1 1 0 1 1 0 0 1 0]
 [0 1 1 0 1 1 1 1 1 1]
 [1 1 1 1 1 0 0 0 1 0]
 [1 1 1 1 1 1 1 0 0 1]
 [1 1 1 1 1 1 1 1 0 1]
 [0 0 1 0 0 1 1 1 1 1]
 [1 1 1 1 1 1 1 1 0 1]
 [0 1 1 1 0 0 1 0 0 1]
 [0 0 1 1 0 0 1 1 1 1]
 [1 1 0 1 0 1 1 0 1 1]
 [1 1 1 1 1 1 1 0 1 1]
 [1 1 1 1 0 1 1 1 1 0]
 [0 1 1 1 1 1 1 1 1 1]
 [0 1 1 1 1 1 1 0 0 1]
 [1 1 0 1 1 1 1 1 1 1]
 [1 1 1 1 1 1 1 1 1 1]
 [1 1 1 1 0 1 1 1 1 0]
 [1 1 1 1 1 0 1 0 1 1]
 [1 1 1 0 1 1 1 1 1 1]
 [1 1 0 1 1 1 0 1 1 0]
 [1 1 1 1 1 1 1 1 1 1]
 [1 0 0 1 1 0 0 1 0 1]
 [1 1 1 1 1 0 0 0 0 0]
 [1 1 0 1 1 1 1 1 1 0]
 [1 1 1 1 0 1 0 1 0 1]
 [0 1 1 1 1 1 0 1 1 1]
 [1 0 1 1 1 0 1 0 1 1]
 [0 1 0 0 1 1 0 0 1 1]
 [1 1 1 1 1 1 1 1 1 1]
 [0 1 1 0 1 1 0 0 1 1]
 [1 0 1 1 1 1 1 0 1 1]
 [1 0 1 0 1 1 1 0 1 0]
 [0 1 1 1 1 1 1 0 1 0]
 [0 0 1 1 1 1 1 1 1 1]
 [1 0 0 1 0 0 1 0 0 1]
 [1 1 1 0 1 0 0 0 1 1]
 [0 0 1 1 1 1 1 1 1 1]
 [1 1 1 1 0 1 1 0 0 0]
 [1 1 1 0 1 0 1 1 1 0]
 [1 1 1 0 1 1 1 1 1 1]
 [0 0 0 0 1 1 1 0 0 1]
 [1 1 1 1 1 1 0 1 1 1]
 [1 1 0 0 1 1 1 1 0 1]
 [1 1 1 1 0 1 1 1 1 0]
 [1 1 1 0 1 1 1 1 0 0]
 [1 0 1 0 1 0 0 1 1 0]
 [1 1 1 1 1 1 1 1 1 0]
 [1 1 1 0 0 1 0 1 0 1]
 [1 1 0 1 1 1 0 1 0 1]
 [1 1 1 0 1 1 1 1 1 0]
 [1 0 1 0 1 1 0 1 1 1]
 [1 1 0 1 0 1 0 0 1 1]
 [1 1 1 1 0 1 0 1 1 1]
 [1 1 0 1 0 1 0 0 1 1]
 [1 1 0 1 1 1 0 1 1 0]
 [1 1 1 1 1 1 0 0 0 1]
 [1 1 0 1 1 0 1 1 1 1]
 [0 1 1 1 1 0 1 0 0 0]
 [1 1 1 1 1 1 1 1 1 1]
 [0 1 0 1 1 0 1 1 1 1]
 [1 0 1 0 0 0 0 1 1 1]
 [1 0 1 0 0 1 1 1 1 0]
 [1 1 1 1 1 0 0 1 0 0]
 [1 0 1 1 1 1 1 1 1 0]
 [0 0 1 1 0 0 1 1 1 0]
 [1 1 1 1 1 1 1 1 0 0]
 [1 1 1 1 1 0 1 1 0 1]
 [0 0 1 0 0 1 1 1 1 1]
 [1 1 0 1 1 1 1 0 1 1]
 [0 0 0 0 1 1 0 1 1 1]
 [1 1 0 0 1 1 0 1 1 1]
 [1 1 1 1 1 1 0 1 1 1]
 [1 0 0 1 1 1 0 1 1 1]
 [1 0 0 1 0 1 0 0 1 0]
 [1 1 0 1 1 0 1 1 1 1]
 [0 0 1 1 1 1 0 0 0 1]
 [1 1 0 1 0 0 1 1 1 1]
 [1 0 1 1 1 1 1 1 1 1]
 [1 1 1 1 1 0 1 0 1 1]
 [0 1 1 0 0 1 0 1 1 0]
 [1 1 1 1 0 0 1 1 1 1]
 [1 1 1 1 0 1 1 0 0 1]
 [1 0 0 1 0 1 1 0 1 1]
 [1 0 0 0 0 1 1 1 1 1]
 [1 1 1 1 1 1 1 1 1 1]
 [0 1 1 1 1 1 0 1 1 1]
 [1 1 1 1 1 0 1 1 0 1]
 [1 1 0 0 1 0 1 1 1 1]
 [1 1 0 1 0 1 0 0 0 1]]
{'restarts': 12, 'conflicts': 7174, 'decisions': 13232, 'propagations': 5944246}
Q is identifiable
branch at 6
runtime for solving id of Q is 1.116546835983172
Simulation results:
{'J': 100, 'K': 10, 'N': 10, 'p': 0.7, 'seed': 848, 'sim': 9, 'runtime': 1.116546835983172, 'identifiable': 1, 'branch': 6}
Simulation results:
[{'J': 100, 'K': 10, 'N': 10, 'p': 0.7, 'seed': 848, 'sim': 0, 'runtime': 1.0202277270145714, 'identifiable': 1, 'branch': 6}, {'J': 100, 'K': 10, 'N': 10, 'p': 0.7, 'seed': 848, 'sim': 1, 'runtime': 4.174833242082968, 'identifiable': 1, 'branch': 6}, {'J': 100, 'K': 10, 'N': 10, 'p': 0.7, 'seed': 848, 'sim': 2, 'runtime': 0.6045828701462597, 'identifiable': 1, 'branch': 6}, {'J': 100, 'K': 10, 'N': 10, 'p': 0.7, 'seed': 848, 'sim': 3, 'runtime': 3.473502357956022, 'identifiable': 1, 'branch': 6}, {'J': 100, 'K': 10, 'N': 10, 'p': 0.7, 'seed': 848, 'sim': 4, 'runtime': 4.4989105691201985, 'identifiable': 1, 'branch': 6}, {'J': 100, 'K': 10, 'N': 10, 'p': 0.7, 'seed': 848, 'sim': 5, 'runtime': 0.3999213958159089, 'identifiable': 1, 'branch': 6}, {'J': 100, 'K': 10, 'N': 10, 'p': 0.7, 'seed': 848, 'sim': 6, 'runtime': 1.2445367018226534, 'identifiable': 1, 'branch': 6}, {'J': 100, 'K': 10, 'N': 10, 'p': 0.7, 'seed': 848, 'sim': 7, 'runtime': 2.2050613479223102, 'identifiable': 1, 'branch': 6}, {'J': 100, 'K': 10, 'N': 10, 'p': 0.7, 'seed': 848, 'sim': 8, 'runtime': 0.43206399702467024, 'identifiable': 1, 'branch': 6}, {'J': 100, 'K': 10, 'N': 10, 'p': 0.7, 'seed': 848, 'sim': 9, 'runtime': 1.116546835983172, 'identifiable': 1, 'branch': 6}]
