
The Gurobi software has a limited number of licenses. To request a license or
licenses, add this line

    #SBATCH --licenses=gurobi@slurmdb:1

to your SBATCH script, replacing N with the number of licenses you need. Gurobi
will need one license per process.


0
Q: [[1 1 1 0 1]
 [1 0 0 1 1]
 [1 1 1 0 1]
 [1 1 0 1 1]
 [0 1 1 0 0]
 [1 1 0 1 0]
 [1 1 0 1 1]
 [1 1 1 0 1]
 [0 0 1 1 0]
 [1 0 0 0 0]
 [0 1 0 1 1]
 [0 0 0 0 1]
 [1 1 1 0 1]
 [0 1 0 1 1]
 [0 0 0 0 1]
 [0 0 1 0 1]
 [1 1 1 0 0]
 [1 0 1 1 1]
 [1 0 1 1 0]
 [1 0 1 1 1]
 [0 0 1 1 1]
 [0 0 0 0 0]
 [1 1 0 0 0]
 [0 1 1 0 1]
 [0 0 1 1 0]
 [0 1 1 1 0]
 [1 1 0 0 0]
 [0 1 0 1 0]
 [1 0 0 0 1]
 [1 1 0 1 1]
 [1 1 0 1 0]
 [1 0 0 1 0]
 [0 0 1 0 0]
 [0 0 1 0 0]
 [1 1 0 1 1]
 [0 1 0 0 1]
 [0 1 0 0 0]
 [1 0 1 1 0]
 [1 1 1 1 0]
 [0 1 1 1 0]
 [1 1 0 0 0]
 [1 0 0 1 1]
 [1 0 0 1 1]
 [0 0 0 0 1]
 [1 1 0 1 1]
 [0 1 0 0 0]
 [0 1 0 1 0]
 [1 0 0 0 1]
 [0 1 1 0 1]
 [1 1 1 1 0]]
{'restarts': 1, 'conflicts': 8, 'decisions': 17, 'propagations': 389}
Q is identifiable
branch at 6
runtime for solving id of Q is 0.004034561105072498
Simulation results:
{'J': 50, 'K': 5, 'N': 10, 'p': 0.5, 'seed': 39, 'sim': 0, 'runtime': 0.004034561105072498, 'identifiable': 1, 'branch': 6}
1
Q: [[0 1 1 0 1]
 [0 0 1 1 1]
 [0 1 0 0 1]
 [1 0 1 1 0]
 [1 0 0 0 1]
 [0 0 1 1 1]
 [0 1 1 1 1]
 [1 1 1 1 1]
 [0 0 1 0 1]
 [1 0 1 1 1]
 [1 0 0 0 0]
 [0 0 0 0 0]
 [1 1 1 1 0]
 [1 1 0 0 0]
 [1 0 1 1 1]
 [1 1 1 0 1]
 [1 0 1 0 0]
 [1 1 0 0 1]
 [0 0 1 0 1]
 [0 0 0 0 1]
 [0 1 1 0 1]
 [0 0 1 0 1]
 [1 1 0 1 1]
 [1 1 0 1 0]
 [1 0 0 1 1]
 [1 0 1 0 1]
 [0 0 1 0 0]
 [0 0 0 1 1]
 [0 1 1 1 0]
 [1 0 1 1 0]
 [0 0 1 1 0]
 [0 0 1 1 1]
 [0 1 0 0 1]
 [0 1 0 0 1]
 [0 1 0 1 0]
 [1 0 1 1 1]
 [1 1 0 1 0]
 [0 1 1 1 0]
 [1 1 0 0 1]
 [0 1 1 0 0]
 [1 0 0 1 1]
 [1 0 1 0 0]
 [0 0 1 0 0]
 [1 0 0 1 0]
 [0 0 0 0 0]
 [0 0 0 1 1]
 [0 0 0 1 0]
 [1 1 0 1 1]
 [1 1 1 0 1]
 [1 0 1 1 1]]
{'restarts': 1, 'conflicts': 11, 'decisions': 21, 'propagations': 609}
Q is identifiable
branch at 6
runtime for solving id of Q is 0.004645363427698612
Simulation results:
{'J': 50, 'K': 5, 'N': 10, 'p': 0.5, 'seed': 39, 'sim': 1, 'runtime': 0.004645363427698612, 'identifiable': 1, 'branch': 6}
2
Q: [[0 1 1 0 1]
 [1 0 0 1 1]
 [1 0 1 0 0]
 [1 0 1 0 1]
 [1 0 0 0 1]
 [1 0 1 0 0]
 [0 1 0 1 1]
 [1 1 1 0 1]
 [0 1 1 1 0]
 [0 1 0 0 0]
 [1 1 1 1 1]
 [1 1 0 0 1]
 [0 1 0 1 0]
 [1 0 1 0 0]
 [1 0 1 0 0]
 [1 1 1 1 1]
 [0 0 1 1 0]
 [1 1 0 0 1]
 [0 1 1 0 0]
 [0 1 0 1 1]
 [0 0 1 1 0]
 [1 0 0 0 1]
 [0 1 1 0 0]
 [0 1 1 1 1]
 [1 0 0 0 0]
 [1 1 0 0 1]
 [0 1 1 0 1]
 [0 1 0 0 0]
 [1 0 1 1 0]
 [0 1 1 0 0]
 [0 1 0 1 0]
 [1 1 1 0 1]
 [1 1 0 0 0]
 [1 0 1 0 1]
 [1 0 1 1 0]
 [0 0 0 0 1]
 [0 1 0 1 0]
 [1 0 0 0 0]
 [0 0 0 0 1]
 [1 0 1 0 1]
 [1 1 0 1 0]
 [1 1 1 1 0]
 [0 1 0 0 0]
 [1 0 1 1 1]
 [0 0 0 1 1]
 [1 1 1 1 0]
 [1 0 0 1 0]
 [1 0 1 0 1]
 [1 0 0 1 1]
 [1 0 1 1 1]]
{'restarts': 1, 'conflicts': 11, 'decisions': 19, 'propagations': 511}
Q is identifiable
branch at 6
runtime for solving id of Q is 0.004500983282923698
Simulation results:
{'J': 50, 'K': 5, 'N': 10, 'p': 0.5, 'seed': 39, 'sim': 2, 'runtime': 0.004500983282923698, 'identifiable': 1, 'branch': 6}
3
Q: [[0 0 1 1 1]
 [1 1 1 0 1]
 [1 0 0 0 1]
 [1 0 1 0 0]
 [1 0 0 1 0]
 [1 0 1 0 0]
 [0 1 1 0 0]
 [0 1 1 0 1]
 [1 0 1 1 1]
 [0 1 0 0 1]
 [1 0 0 1 0]
 [0 1 0 1 0]
 [1 0 0 1 0]
 [0 0 0 0 0]
 [0 0 0 0 1]
 [0 0 1 0 0]
 [1 1 0 1 1]
 [0 0 1 1 1]
 [1 0 0 1 1]
 [0 0 1 1 0]
 [0 1 0 1 1]
 [0 0 1 1 1]
 [0 0 1 0 0]
 [1 0 0 1 1]
 [1 0 1 1 1]
 [1 1 0 1 0]
 [1 1 0 1 0]
 [0 1 0 1 0]
 [0 1 0 1 0]
 [0 1 0 0 1]
 [0 1 1 1 0]
 [1 0 0 0 0]
 [1 1 1 1 0]
 [1 1 0 0 1]
 [1 1 1 0 1]
 [0 0 1 0 1]
 [0 0 1 1 1]
 [0 1 0 0 0]
 [0 1 1 0 0]
 [1 0 1 0 1]
 [1 1 0 1 1]
 [1 0 0 1 1]
 [0 1 1 1 0]
 [0 1 0 0 0]
 [1 0 1 1 0]
 [0 0 0 0 0]
 [0 1 0 1 0]
 [1 1 0 0 1]
 [1 1 0 0 0]
 [1 0 1 1 0]]
{'restarts': 1, 'conflicts': 8, 'decisions': 17, 'propagations': 389}
Q is identifiable
branch at 6
runtime for solving id of Q is 0.0032942676916718483
Simulation results:
{'J': 50, 'K': 5, 'N': 10, 'p': 0.5, 'seed': 39, 'sim': 3, 'runtime': 0.0032942676916718483, 'identifiable': 1, 'branch': 6}
4
Q: [[0 0 0 0 1]
 [1 0 0 0 1]
 [0 0 0 1 0]
 [0 1 1 1 1]
 [1 0 1 0 0]
 [1 1 0 0 1]
 [1 0 0 0 0]
 [0 1 0 1 0]
 [0 0 0 1 0]
 [0 1 0 1 0]
 [0 0 0 0 0]
 [0 1 0 0 0]
 [1 1 1 1 1]
 [1 1 0 0 1]
 [1 0 1 1 1]
 [0 1 0 1 0]
 [1 1 1 1 1]
 [0 0 1 0 0]
 [1 1 1 0 1]
 [1 1 1 0 1]
 [0 1 0 1 0]
 [0 0 0 0 1]
 [1 0 1 1 0]
 [0 0 1 0 0]
 [0 1 1 0 1]
 [0 1 0 1 0]
 [0 0 0 1 0]
 [1 0 0 1 1]
 [0 0 1 1 0]
 [1 1 0 1 0]
 [1 0 1 1 0]
 [1 1 0 1 0]
 [0 0 1 1 1]
 [0 0 0 0 1]
 [1 0 1 0 1]
 [0 1 0 1 0]
 [1 0 0 1 0]
 [0 0 0 1 0]
 [0 0 1 0 0]
 [0 0 0 1 1]
 [1 0 1 1 0]
 [1 1 1 1 1]
 [0 0 1 0 0]
 [0 0 0 0 0]
 [1 1 1 1 1]
 [0 1 1 1 0]
 [1 0 1 0 0]
 [0 0 1 0 1]
 [1 1 0 0 0]
 [0 1 1 0 0]]
Q is identifiable (direct_check).
Q is identifiable
branch at 4
runtime for solving id of Q is 0.00047821924090385437
Simulation results:
{'J': 50, 'K': 5, 'N': 10, 'p': 0.5, 'seed': 39, 'sim': 4, 'runtime': 0.00047821924090385437, 'identifiable': 1, 'branch': 4}
5
Q: [[0 0 0 0 1]
 [0 1 1 1 0]
 [1 1 0 1 1]
 [0 1 0 1 0]
 [1 1 0 1 0]
 [0 1 1 1 0]
 [0 1 0 0 1]
 [0 0 0 0 0]
 [1 1 1 1 1]
 [0 1 1 1 0]
 [0 0 1 1 0]
 [1 1 1 0 0]
 [0 0 1 0 0]
 [1 1 0 1 0]
 [1 1 0 1 1]
 [1 0 0 1 1]
 [1 0 1 0 1]
 [1 0 0 0 1]
 [0 1 1 1 0]
 [0 0 0 1 1]
 [0 0 1 0 1]
 [1 1 1 1 1]
 [0 0 1 0 0]
 [0 1 1 0 0]
 [1 0 0 0 0]
 [0 1 1 1 1]
 [0 0 1 0 0]
 [1 0 0 1 1]
 [0 1 0 1 1]
 [0 1 0 0 1]
 [1 1 1 1 1]
 [1 0 1 0 0]
 [1 1 1 1 0]
 [1 1 1 1 0]
 [0 0 1 1 1]
 [1 1 0 0 1]
 [0 0 1 0 1]
 [1 0 1 0 1]
 [0 0 1 1 0]
 [1 1 1 1 0]
 [0 1 0 0 0]
 [0 0 0 1 1]
 [0 1 0 0 0]
 [1 0 1 1 0]
 [1 0 0 1 1]
 [0 1 0 1 1]
 [1 0 1 0 0]
 [0 1 0 1 0]
 [1 1 1 0 0]
 [0 0 0 0 0]]
{'restarts': 1, 'conflicts': 9, 'decisions': 16, 'propagations': 317}
Q is identifiable
branch at 6
runtime for solving id of Q is 0.0032393652945756912
Simulation results:
{'J': 50, 'K': 5, 'N': 10, 'p': 0.5, 'seed': 39, 'sim': 5, 'runtime': 0.0032393652945756912, 'identifiable': 1, 'branch': 6}
6
Q: [[0 0 0 0 0]
 [0 1 1 1 0]
 [1 0 0 0 0]
 [1 0 0 0 0]
 [0 0 1 1 0]
 [1 0 1 1 1]
 [0 0 1 1 0]
 [0 1 0 1 1]
 [0 1 0 1 0]
 [0 0 0 1 1]
 [1 0 1 0 1]
 [0 1 1 0 0]
 [0 0 1 0 1]
 [1 0 0 0 0]
 [1 0 0 1 0]
 [1 0 1 0 0]
 [0 0 0 1 0]
 [0 1 0 1 0]
 [0 1 1 0 0]
 [0 1 0 1 1]
 [0 1 0 0 1]
 [0 0 0 1 1]
 [1 1 0 0 0]
 [0 0 0 0 0]
 [0 1 0 0 1]
 [1 1 1 1 1]
 [1 0 0 0 0]
 [1 1 1 1 1]
 [1 1 0 1 0]
 [0 1 0 1 1]
 [0 1 0 1 0]
 [0 0 1 1 0]
 [1 0 0 1 0]
 [1 1 0 1 1]
 [0 1 0 1 1]
 [1 1 1 0 1]
 [0 0 0 1 1]
 [1 0 1 1 1]
 [0 1 0 1 0]
 [0 0 1 1 0]
 [1 1 0 1 1]
 [0 1 1 0 0]
 [1 1 0 1 1]
 [1 0 0 0 1]
 [0 1 1 0 1]
 [0 1 1 1 1]
 [1 0 1 0 1]
 [0 0 0 0 0]
 [1 1 1 1 0]
 [1 0 1 1 0]]
{'restarts': 1, 'conflicts': 12, 'decisions': 34, 'propagations': 802}
Q is identifiable
branch at 6
runtime for solving id of Q is 0.006291046738624573
Simulation results:
{'J': 50, 'K': 5, 'N': 10, 'p': 0.5, 'seed': 39, 'sim': 6, 'runtime': 0.006291046738624573, 'identifiable': 1, 'branch': 6}
7
Q: [[1 1 1 1 0]
 [1 1 0 0 1]
 [0 1 1 1 1]
 [1 0 1 0 1]
 [1 1 1 1 0]
 [0 1 0 0 0]
 [1 1 0 1 0]
 [1 0 1 0 1]
 [0 1 0 1 0]
 [0 1 1 0 1]
 [0 1 0 0 0]
 [1 0 0 1 1]
 [1 0 1 0 1]
 [0 0 0 1 1]
 [0 1 0 0 1]
 [0 0 1 0 0]
 [1 0 0 1 0]
 [0 0 1 0 1]
 [0 0 1 1 0]
 [0 1 1 0 0]
 [1 1 1 0 1]
 [1 1 0 0 0]
 [0 0 0 1 1]
 [0 0 1 0 0]
 [0 0 1 0 1]
 [1 1 0 1 1]
 [0 1 1 0 0]
 [1 1 0 1 0]
 [1 1 1 0 0]
 [0 0 0 1 0]
 [1 0 0 0 0]
 [1 1 0 0 1]
 [1 0 1 0 1]
 [0 0 0 1 0]
 [1 1 1 0 1]
 [1 1 1 0 0]
 [0 0 1 0 1]
 [0 1 1 0 0]
 [1 1 0 0 1]
 [0 1 1 0 0]
 [0 0 1 1 0]
 [1 1 0 0 0]
 [1 0 0 1 1]
 [0 0 0 1 0]
 [0 0 1 1 0]
 [1 1 1 1 1]
 [0 0 0 0 1]
 [1 1 1 0 1]
 [1 0 1 0 1]
 [0 1 1 0 0]]
Q is identifiable (direct_check).
Q is identifiable
branch at 4
runtime for solving id of Q is 0.0004661642014980316
Simulation results:
{'J': 50, 'K': 5, 'N': 10, 'p': 0.5, 'seed': 39, 'sim': 7, 'runtime': 0.0004661642014980316, 'identifiable': 1, 'branch': 4}
8
Q: [[0 0 0 1 0]
 [1 1 0 0 1]
 [1 0 1 1 1]
 [1 0 0 1 1]
 [1 1 1 0 1]
 [1 1 1 0 0]
 [0 0 0 0 0]
 [1 0 0 0 1]
 [0 1 0 0 0]
 [1 0 0 1 1]
 [0 0 1 0 0]
 [0 1 0 1 1]
 [1 1 0 1 0]
 [0 1 0 1 0]
 [0 1 0 0 0]
 [0 0 0 0 0]
 [1 0 1 0 0]
 [0 0 1 0 0]
 [0 0 0 0 1]
 [0 1 1 1 0]
 [1 1 0 0 1]
 [0 0 0 1 0]
 [0 0 0 0 0]
 [1 0 0 1 0]
 [1 1 1 0 1]
 [0 0 1 0 1]
 [0 0 0 1 1]
 [1 1 0 1 0]
 [1 1 1 1 0]
 [0 0 1 0 0]
 [1 0 0 0 0]
 [0 0 1 0 1]
 [1 0 1 1 1]
 [1 0 0 0 1]
 [0 0 0 1 0]
 [1 0 0 1 1]
 [1 1 0 1 0]
 [0 0 0 1 0]
 [0 1 0 0 1]
 [1 1 0 1 0]
 [0 0 0 0 0]
 [0 1 0 0 0]
 [0 1 1 1 0]
 [1 0 1 1 1]
 [0 1 0 0 1]
 [1 1 0 0 0]
 [1 1 1 1 0]
 [1 1 0 0 1]
 [1 0 0 0 1]
 [1 0 1 0 0]]
Q is identifiable (direct_check).
Q is identifiable
branch at 4
runtime for solving id of Q is 0.0004772748798131943
Simulation results:
{'J': 50, 'K': 5, 'N': 10, 'p': 0.5, 'seed': 39, 'sim': 8, 'runtime': 0.0004772748798131943, 'identifiable': 1, 'branch': 4}
9
Q: [[1 1 1 1 1]
 [0 0 0 0 1]
 [1 0 1 0 1]
 [1 1 0 1 0]
 [0 0 1 0 0]
 [1 0 0 0 0]
 [1 0 0 0 0]
 [1 1 0 1 1]
 [0 0 0 0 1]
 [1 0 0 0 0]
 [1 1 0 0 1]
 [1 0 0 0 1]
 [1 1 0 1 1]
 [0 1 1 0 0]
 [1 0 0 0 1]
 [0 0 0 1 0]
 [1 1 0 1 1]
 [0 0 1 0 1]
 [1 1 0 0 0]
 [1 1 0 0 1]
 [0 1 1 1 1]
 [1 1 1 0 1]
 [1 0 0 1 0]
 [1 1 1 1 0]
 [0 1 1 0 0]
 [0 1 0 0 1]
 [1 0 0 1 0]
 [0 0 0 1 0]
 [0 1 1 1 1]
 [1 1 0 1 1]
 [1 0 1 1 1]
 [0 1 0 1 1]
 [1 0 1 0 0]
 [1 0 1 1 1]
 [0 0 0 1 1]
 [1 0 1 0 0]
 [1 1 1 0 1]
 [0 0 1 1 1]
 [1 0 0 0 1]
 [0 0 0 1 0]
 [1 0 0 1 1]
 [0 1 1 1 1]
 [0 0 0 1 1]
 [1 1 1 1 1]
 [0 0 0 1 0]
 [1 1 1 1 0]
 [0 0 0 1 1]
 [1 0 1 1 0]
 [0 0 1 0 0]
 [1 1 0 0 0]]
{'restarts': 1, 'conflicts': 8, 'decisions': 18, 'propagations': 389}
Q is identifiable
branch at 6
runtime for solving id of Q is 0.0032369187101721764
Simulation results:
{'J': 50, 'K': 5, 'N': 10, 'p': 0.5, 'seed': 39, 'sim': 9, 'runtime': 0.0032369187101721764, 'identifiable': 1, 'branch': 6}
Simulation results:
[{'J': 50, 'K': 5, 'N': 10, 'p': 0.5, 'seed': 39, 'sim': 0, 'runtime': 0.004034561105072498, 'identifiable': 1, 'branch': 6}, {'J': 50, 'K': 5, 'N': 10, 'p': 0.5, 'seed': 39, 'sim': 1, 'runtime': 0.004645363427698612, 'identifiable': 1, 'branch': 6}, {'J': 50, 'K': 5, 'N': 10, 'p': 0.5, 'seed': 39, 'sim': 2, 'runtime': 0.004500983282923698, 'identifiable': 1, 'branch': 6}, {'J': 50, 'K': 5, 'N': 10, 'p': 0.5, 'seed': 39, 'sim': 3, 'runtime': 0.0032942676916718483, 'identifiable': 1, 'branch': 6}, {'J': 50, 'K': 5, 'N': 10, 'p': 0.5, 'seed': 39, 'sim': 4, 'runtime': 0.00047821924090385437, 'identifiable': 1, 'branch': 4}, {'J': 50, 'K': 5, 'N': 10, 'p': 0.5, 'seed': 39, 'sim': 5, 'runtime': 0.0032393652945756912, 'identifiable': 1, 'branch': 6}, {'J': 50, 'K': 5, 'N': 10, 'p': 0.5, 'seed': 39, 'sim': 6, 'runtime': 0.006291046738624573, 'identifiable': 1, 'branch': 6}, {'J': 50, 'K': 5, 'N': 10, 'p': 0.5, 'seed': 39, 'sim': 7, 'runtime': 0.0004661642014980316, 'identifiable': 1, 'branch': 4}, {'J': 50, 'K': 5, 'N': 10, 'p': 0.5, 'seed': 39, 'sim': 8, 'runtime': 0.0004772748798131943, 'identifiable': 1, 'branch': 4}, {'J': 50, 'K': 5, 'N': 10, 'p': 0.5, 'seed': 39, 'sim': 9, 'runtime': 0.0032369187101721764, 'identifiable': 1, 'branch': 6}]
