
The Gurobi software has a limited number of licenses. To request a license or
licenses, add this line

    #SBATCH --licenses=gurobi@slurmdb:1

to your SBATCH script, replacing N with the number of licenses you need. Gurobi
will need one license per process.


0
Q: [[1 1 0 1 0 0 1 0 1 1]
 [1 0 0 1 1 1 1 0 1 1]
 [1 1 0 0 1 0 1 1 1 0]
 [1 1 1 0 1 1 0 1 1 1]
 [1 1 1 1 1 1 0 1 1 1]
 [1 0 1 0 0 1 0 1 1 1]
 [1 0 1 0 1 1 1 1 0 1]
 [1 1 0 1 1 1 1 1 1 0]
 [1 0 0 1 1 0 1 1 1 1]
 [1 1 1 1 1 1 0 0 0 1]
 [1 1 1 1 1 1 0 1 1 1]
 [1 0 1 1 0 1 1 0 1 1]
 [1 0 1 1 0 1 1 1 1 0]
 [1 1 1 1 1 0 1 1 1 0]
 [1 0 1 1 0 0 0 1 1 1]
 [1 0 0 0 1 0 1 1 1 1]
 [0 1 1 1 0 0 0 0 0 0]
 [0 0 1 1 1 0 1 0 1 0]
 [0 1 1 1 0 1 1 1 0 1]
 [1 1 1 0 1 1 1 1 1 0]
 [1 1 1 0 1 0 0 1 0 0]
 [1 1 0 1 0 1 1 1 1 0]
 [0 1 1 1 0 1 1 1 1 1]
 [1 1 1 1 1 1 1 0 0 1]
 [0 1 1 1 0 1 1 0 1 0]
 [1 1 1 0 0 1 1 0 0 1]
 [1 1 0 0 1 1 1 1 1 0]
 [1 1 0 1 1 1 1 0 1 0]
 [1 1 1 0 1 1 1 0 1 1]
 [0 1 1 1 1 1 1 0 1 1]
 [1 1 1 0 1 0 0 1 1 1]
 [1 1 0 0 1 0 0 1 1 1]
 [1 0 1 1 0 1 1 0 1 0]
 [1 1 1 1 1 1 0 1 1 1]
 [1 0 1 0 1 1 1 1 1 0]
 [1 1 0 0 1 1 1 1 1 0]
 [0 1 1 0 1 1 1 0 0 1]
 [1 1 1 1 0 1 1 1 1 0]
 [1 1 1 0 0 0 1 1 1 1]
 [1 1 1 1 1 1 1 0 1 1]
 [0 0 1 1 1 1 1 1 1 1]
 [1 1 0 1 1 1 1 1 0 0]
 [1 1 1 0 1 1 1 0 1 1]
 [0 1 1 1 0 1 1 1 1 1]
 [1 1 1 0 1 1 0 1 0 0]
 [0 1 1 1 1 1 0 0 1 1]
 [1 1 0 1 0 1 1 1 1 1]
 [1 1 1 1 0 1 0 1 1 1]
 [0 1 1 1 0 1 1 0 1 1]
 [0 0 0 1 1 1 0 1 1 0]]
{'restarts': 95, 'conflicts': 37565, 'decisions': 56970, 'propagations': 18393340}
Q is identifiable
branch at 6
runtime for solving id of Q is 3.0278691919520497
Simulation results:
{'J': 50, 'K': 10, 'N': 10, 'p': 0.7, 'seed': 18, 'sim': 0, 'runtime': 3.0278691919520497, 'identifiable': 1, 'branch': 6}
1
Q: [[1 1 1 1 1 1 1 1 1 1]
 [1 0 0 1 0 1 0 1 1 1]
 [0 1 1 0 1 0 1 1 1 1]
 [1 1 0 0 1 1 1 1 1 1]
 [1 0 1 0 0 1 0 1 1 1]
 [1 0 0 1 1 0 1 1 0 1]
 [1 1 1 1 1 1 0 1 1 0]
 [1 1 0 0 1 0 1 0 1 1]
 [1 1 0 1 1 1 1 1 0 1]
 [1 1 0 1 0 0 1 0 1 0]
 [1 1 1 0 1 1 1 1 0 1]
 [1 1 0 1 1 1 1 0 1 1]
 [1 0 0 0 1 0 1 0 1 1]
 [1 0 1 1 1 1 0 1 1 0]
 [1 0 1 1 1 1 1 0 1 1]
 [1 1 1 1 1 0 0 1 0 1]
 [0 0 1 1 1 1 0 1 0 1]
 [1 1 1 1 1 0 1 1 1 1]
 [0 0 0 0 1 1 1 0 0 1]
 [1 0 1 1 0 1 1 0 1 1]
 [1 1 1 1 1 0 0 0 1 0]
 [1 0 1 0 1 1 0 1 1 0]
 [1 1 0 1 1 0 1 0 1 1]
 [1 0 1 1 1 0 1 0 1 0]
 [0 1 1 1 1 1 1 0 1 1]
 [1 1 0 1 1 1 1 1 1 1]
 [1 0 1 1 1 1 1 0 0 1]
 [0 1 1 1 1 1 1 1 1 1]
 [1 1 1 1 0 1 1 1 0 1]
 [1 0 1 1 1 1 1 1 1 1]
 [1 1 1 1 0 1 0 1 1 1]
 [1 1 1 1 1 1 0 0 1 0]
 [1 1 1 1 0 0 1 1 0 1]
 [0 1 1 1 1 1 1 1 1 1]
 [1 1 1 1 0 1 1 1 0 1]
 [1 1 1 1 1 0 1 1 1 1]
 [1 1 1 0 0 1 0 1 0 0]
 [1 1 0 1 1 1 1 1 1 1]
 [1 1 1 1 1 1 1 1 0 1]
 [1 1 1 0 1 1 1 1 0 1]
 [0 1 0 1 0 0 1 1 1 0]
 [1 1 1 1 0 0 0 0 0 1]
 [1 1 1 1 1 1 1 1 0 1]
 [0 1 1 1 0 0 0 1 1 0]
 [0 0 1 1 1 1 1 1 1 1]
 [1 1 1 1 1 1 1 1 1 1]
 [0 1 1 1 1 1 1 1 1 1]
 [0 1 1 1 0 1 0 1 1 1]
 [1 1 1 0 1 1 1 1 1 1]
 [1 1 0 1 1 1 1 0 0 1]]
{'restarts': 124, 'conflicts': 64115, 'decisions': 92069, 'propagations': 23821079}
Q is identifiable
branch at 6
runtime for solving id of Q is 4.93133710231632
Simulation results:
{'J': 50, 'K': 10, 'N': 10, 'p': 0.7, 'seed': 18, 'sim': 1, 'runtime': 4.93133710231632, 'identifiable': 1, 'branch': 6}
2
Q: [[0 1 1 1 1 1 1 1 1 1]
 [1 1 1 1 0 1 1 1 0 1]
 [1 1 1 1 1 0 1 1 1 0]
 [1 1 1 1 1 0 1 0 1 1]
 [1 1 1 1 0 1 0 1 1 1]
 [1 0 1 0 1 1 1 1 1 1]
 [1 1 0 0 1 0 1 1 1 0]
 [1 1 1 0 1 1 1 1 1 1]
 [1 0 1 0 1 1 1 1 0 1]
 [1 1 1 1 1 1 1 1 0 0]
 [1 1 0 1 1 1 1 1 1 1]
 [1 0 0 1 0 0 1 1 1 1]
 [1 0 1 1 1 1 1 1 1 0]
 [1 1 0 1 1 1 1 1 1 1]
 [1 0 0 1 1 1 1 0 1 0]
 [1 1 1 1 1 0 0 0 1 1]
 [0 1 0 1 1 1 0 1 1 1]
 [1 1 1 1 1 1 1 1 0 1]
 [1 0 1 1 1 1 0 1 0 0]
 [1 0 1 1 1 1 1 1 0 0]
 [1 1 1 1 1 1 0 1 1 1]
 [0 1 1 0 1 1 0 1 1 1]
 [1 1 1 1 1 1 1 1 0 1]
 [1 0 1 1 1 0 1 1 1 1]
 [0 1 0 0 1 1 1 1 1 0]
 [1 0 0 1 1 1 1 1 0 1]
 [1 1 1 1 1 1 1 1 1 1]
 [0 1 0 1 0 0 1 0 1 0]
 [0 1 0 1 1 0 1 1 1 1]
 [1 1 1 1 1 0 1 0 1 1]
 [1 0 0 0 1 0 0 1 0 1]
 [0 1 1 1 1 1 1 1 1 0]
 [1 1 1 1 0 1 1 1 1 1]
 [1 1 1 1 0 1 0 0 1 1]
 [1 0 1 1 0 1 1 0 1 1]
 [1 1 1 1 0 1 1 1 1 0]
 [0 1 0 1 1 0 1 1 0 1]
 [1 1 1 1 0 1 1 1 1 1]
 [1 1 1 1 0 0 0 0 0 0]
 [1 1 1 1 1 0 1 1 1 1]
 [1 0 1 0 1 0 1 0 0 1]
 [0 1 1 1 1 1 0 1 0 1]
 [0 1 1 0 0 0 1 1 1 0]
 [0 1 1 1 1 1 1 0 1 1]
 [1 1 1 0 1 0 1 1 1 1]
 [1 1 1 1 0 0 0 1 1 0]
 [1 1 1 1 0 1 1 1 0 1]
 [1 1 1 0 1 1 0 1 1 1]
 [0 0 1 1 1 1 1 0 1 0]
 [1 0 0 1 0 0 0 1 1 1]]
{'restarts': 91, 'conflicts': 33899, 'decisions': 52423, 'propagations': 14389750}
Q is identifiable
branch at 6
runtime for solving id of Q is 2.485610836185515
Simulation results:
{'J': 50, 'K': 10, 'N': 10, 'p': 0.7, 'seed': 18, 'sim': 2, 'runtime': 2.485610836185515, 'identifiable': 1, 'branch': 6}
3
Q: [[1 0 1 1 1 1 1 1 1 1]
 [1 1 1 1 1 1 1 1 1 1]
 [1 1 1 1 1 1 0 1 1 1]
 [1 0 1 1 0 1 0 1 0 0]
 [1 1 1 1 1 1 1 1 1 1]
 [0 1 1 1 1 1 0 0 1 1]
 [1 0 0 1 0 0 0 1 0 0]
 [1 1 1 1 1 1 0 1 1 1]
 [0 1 0 1 1 1 1 1 0 1]
 [1 0 1 0 1 1 1 0 1 1]
 [1 1 1 1 1 1 0 1 1 1]
 [1 1 1 1 0 1 1 1 0 1]
 [1 1 1 0 1 1 1 0 1 1]
 [1 1 0 0 0 1 1 0 1 1]
 [1 1 1 0 1 1 1 0 1 0]
 [1 0 1 1 1 0 1 0 0 1]
 [1 1 1 1 1 1 1 1 0 1]
 [1 1 1 1 1 1 1 1 1 1]
 [1 1 1 1 1 1 1 0 0 1]
 [0 0 1 1 0 0 1 1 0 1]
 [0 1 1 1 1 1 0 0 0 1]
 [1 0 0 1 1 0 1 1 1 0]
 [1 1 1 1 0 0 1 1 1 1]
 [0 1 1 1 1 1 1 1 1 1]
 [1 0 0 0 1 1 1 0 1 1]
 [0 0 0 1 0 0 1 1 1 1]
 [1 1 1 1 1 0 1 1 0 1]
 [0 0 0 1 0 1 1 1 1 0]
 [0 0 1 1 1 1 0 0 1 1]
 [1 1 1 1 1 1 1 1 1 1]
 [1 1 1 1 0 1 1 1 1 1]
 [1 1 1 1 1 1 0 1 1 0]
 [1 1 1 1 1 1 0 1 1 1]
 [1 1 0 1 1 1 1 1 1 1]
 [1 1 1 1 1 1 1 1 0 1]
 [1 0 1 1 1 1 1 1 1 1]
 [1 0 1 0 0 1 1 0 1 0]
 [0 0 1 0 1 1 1 0 0 1]
 [1 1 1 0 1 0 1 1 1 1]
 [1 1 1 0 1 1 1 1 0 1]
 [0 0 1 1 1 0 1 1 1 1]
 [0 1 1 1 1 1 1 1 1 1]
 [0 0 1 1 1 0 1 1 1 0]
 [1 0 1 1 1 0 0 1 1 1]
 [1 1 1 1 1 0 1 1 1 1]
 [1 1 1 1 1 0 1 0 0 1]
 [1 1 1 1 1 0 1 1 1 1]
 [1 1 1 1 1 1 1 1 1 0]
 [1 0 0 0 1 1 1 1 1 1]
 [0 0 0 1 1 0 1 1 1 0]]
{'restarts': 4, 'conflicts': 1074, 'decisions': 2738, 'propagations': 287183}
Q is not identifiable, and Q_bar is [[1 0 1 1 1 1 1 1 1 1]
 [1 1 1 1 1 1 1 1 1 1]
 [1 1 1 1 1 1 1 0 0 1]
 [1 0 0 1 1 0 1 0 0 1]
 [1 1 1 1 1 1 1 1 1 1]
 [0 1 1 0 1 1 1 0 0 1]
 [1 0 0 1 0 0 1 0 0 0]
 [1 1 1 1 1 1 1 0 0 1]
 [0 1 1 1 0 0 1 0 1 1]
 [1 0 1 0 1 1 0 1 1 1]
 [1 1 1 1 1 1 1 0 0 1]
 [1 1 0 1 1 0 1 0 1 1]
 [1 1 1 0 1 0 0 1 1 1]
 [1 1 0 0 0 0 0 1 1 1]
 [1 1 0 0 1 1 0 1 0 1]
 [1 0 1 0 1 0 1 0 1 0]
 [1 1 1 1 1 0 1 0 1 1]
 [1 1 1 1 1 1 1 1 1 1]
 [1 1 1 0 1 0 1 0 1 1]
 [0 0 0 1 1 0 1 0 1 0]
 [0 1 1 0 1 0 1 0 0 1]
 [1 0 0 1 0 1 1 1 0 0]
 [1 1 0 1 1 0 1 1 1 0]
 [0 1 1 1 1 0 1 1 1 1]
 [1 0 0 0 0 1 0 1 1 1]
 [0 0 0 1 0 0 1 1 1 0]
 [1 1 1 1 1 0 1 0 1 0]
 [0 0 0 1 0 0 1 1 0 1]
 [0 0 1 0 1 1 1 0 0 1]
 [1 1 1 1 1 1 1 1 1 1]
 [1 1 0 1 1 0 1 1 1 1]
 [1 1 0 1 1 1 1 0 0 1]
 [1 1 1 1 1 1 1 0 0 1]
 [1 1 1 1 0 1 1 1 1 1]
 [1 1 1 1 1 0 1 0 1 1]
 [1 0 1 1 1 1 1 1 1 1]
 [1 0 0 0 1 0 0 1 0 1]
 [0 0 1 0 1 0 0 0 1 1]
 [1 1 1 1 1 1 0 1 0 0]
 [1 1 1 1 1 0 0 0 1 1]
 [0 0 0 1 1 1 1 1 1 0]
 [0 1 1 1 1 0 1 1 1 1]
 [0 0 0 1 1 1 1 1 0 0]
 [1 0 1 1 1 1 1 0 0 0]
 [1 1 1 1 1 1 1 1 1 0]
 [1 1 1 0 1 0 1 0 1 0]
 [1 1 1 1 1 1 1 1 1 0]
 [1 1 0 1 1 1 1 1 0 1]
 [1 0 1 1 0 1 0 1 0 1]
 [0 0 0 1 0 1 1 1 0 0]]
branch at 5
runtime for solving id of Q is 0.07919047214090824
Simulation results:
{'J': 50, 'K': 10, 'N': 10, 'p': 0.7, 'seed': 18, 'sim': 3, 'runtime': 0.07919047214090824, 'identifiable': 0, 'branch': 5}
4
Q: [[1 0 1 1 1 0 0 0 1 1]
 [1 0 1 0 0 1 1 1 1 0]
 [1 1 1 1 0 1 1 1 1 1]
 [0 1 0 1 1 1 1 1 0 1]
 [1 1 1 1 1 0 0 1 1 0]
 [1 0 1 1 1 0 1 1 1 1]
 [1 1 1 1 1 1 1 1 1 1]
 [0 1 1 0 0 1 1 0 1 1]
 [1 1 0 0 1 1 1 0 1 1]
 [0 1 1 1 0 1 0 1 1 1]
 [1 0 0 1 1 1 1 0 1 0]
 [1 1 1 1 1 1 1 1 1 1]
 [1 1 1 1 1 1 0 1 1 1]
 [1 1 1 0 1 0 0 1 0 1]
 [1 1 1 0 1 1 1 1 1 1]
 [1 1 0 0 1 1 0 1 1 1]
 [1 1 0 1 1 1 1 1 0 0]
 [0 1 1 1 0 0 1 0 1 0]
 [0 0 1 0 1 1 1 0 1 1]
 [0 1 1 1 1 1 1 1 1 1]
 [1 0 1 0 1 1 1 0 1 0]
 [1 0 1 1 1 0 1 0 1 1]
 [1 1 1 1 1 1 0 1 1 0]
 [1 0 0 0 1 1 1 1 0 0]
 [1 0 1 0 1 1 0 1 1 1]
 [0 1 1 1 0 1 1 1 0 0]
 [1 0 0 1 0 1 1 1 0 1]
 [1 1 1 0 0 1 1 1 1 0]
 [0 0 1 1 1 1 0 0 0 1]
 [1 1 1 0 1 1 1 0 1 0]
 [1 1 0 1 0 0 1 1 0 0]
 [1 1 0 1 0 1 1 0 1 1]
 [1 1 1 0 1 1 1 1 1 1]
 [1 1 1 0 1 0 1 1 1 1]
 [1 1 1 1 1 1 1 1 1 0]
 [1 1 1 0 1 1 0 1 1 1]
 [1 0 1 0 0 1 0 1 1 1]
 [0 1 0 1 0 0 0 0 1 1]
 [1 0 0 1 1 1 1 1 1 1]
 [1 0 1 1 1 1 1 1 1 0]
 [1 0 1 0 1 1 1 1 1 1]
 [0 1 1 1 1 1 0 1 1 0]
 [1 0 1 0 0 1 1 0 1 1]
 [1 1 1 1 0 1 1 1 1 1]
 [1 0 0 0 0 1 0 1 1 1]
 [0 1 1 0 1 1 0 0 1 1]
 [1 1 0 0 1 1 1 1 1 1]
 [1 0 1 0 1 1 0 1 1 1]
 [1 1 1 1 1 1 1 1 0 1]
 [0 0 1 1 0 1 1 1 0 0]]
{'restarts': 26, 'conflicts': 16056, 'decisions': 25635, 'propagations': 8618662}
Q is identifiable
branch at 6
runtime for solving id of Q is 1.3374181613326073
Simulation results:
{'J': 50, 'K': 10, 'N': 10, 'p': 0.7, 'seed': 18, 'sim': 4, 'runtime': 1.3374181613326073, 'identifiable': 1, 'branch': 6}
5
Q: [[1 1 1 1 1 0 0 1 1 1]
 [1 1 0 1 0 1 1 1 0 1]
 [0 0 1 0 0 0 0 1 1 0]
 [1 1 1 1 0 1 1 1 1 1]
 [1 1 0 1 1 1 0 1 0 0]
 [1 1 0 1 1 1 1 1 0 1]
 [1 1 1 1 0 1 1 0 1 0]
 [0 0 1 1 1 1 0 1 1 0]
 [0 1 1 1 0 1 0 1 1 1]
 [1 1 1 1 0 1 1 0 1 1]
 [0 1 1 1 1 0 1 1 1 1]
 [1 1 0 1 1 1 1 0 0 1]
 [1 1 0 1 1 0 1 0 0 1]
 [1 0 0 1 1 1 0 1 0 1]
 [0 0 1 1 1 1 1 1 1 1]
 [1 1 1 1 1 1 1 1 1 1]
 [0 0 1 1 0 1 1 1 0 1]
 [1 1 1 1 0 1 1 1 1 1]
 [0 0 1 1 1 0 1 1 0 1]
 [1 1 1 1 1 0 1 1 0 0]
 [1 1 1 1 1 1 1 0 1 1]
 [1 1 1 0 1 1 0 1 0 1]
 [0 1 1 1 1 1 0 1 1 1]
 [1 1 1 1 1 1 1 1 1 1]
 [1 1 1 1 1 1 1 0 1 0]
 [0 0 1 1 1 1 1 0 1 1]
 [1 1 1 0 0 1 1 1 1 1]
 [0 1 0 1 1 1 1 0 1 1]
 [1 1 1 1 1 1 1 0 0 1]
 [1 1 1 0 1 0 1 1 0 1]
 [1 0 1 1 1 0 1 0 1 1]
 [1 1 0 1 1 1 1 1 0 1]
 [1 0 1 1 1 0 1 1 1 1]
 [0 1 0 1 0 1 1 1 0 0]
 [1 0 1 0 0 1 1 1 1 1]
 [1 1 0 0 0 1 0 1 0 1]
 [1 0 1 0 0 1 1 0 1 1]
 [1 1 1 0 1 1 1 1 0 1]
 [0 0 1 1 1 1 1 0 1 1]
 [0 1 0 0 0 1 1 1 1 0]
 [0 1 1 0 1 1 1 1 1 1]
 [1 1 0 0 0 0 1 0 1 1]
 [0 0 0 1 1 1 1 0 1 1]
 [1 1 1 0 1 1 0 1 0 1]
 [1 1 0 0 1 1 1 1 1 1]
 [1 1 1 1 1 1 1 1 0 1]
 [1 1 1 1 1 1 1 1 1 1]
 [1 1 1 0 1 1 1 1 1 1]
 [1 1 0 0 0 1 1 0 1 1]
 [0 1 1 1 1 1 1 1 1 1]]
{'restarts': 39, 'conflicts': 22887, 'decisions': 35844, 'propagations': 9200431}
Q is identifiable
branch at 6
runtime for solving id of Q is 1.5209896955639124
Simulation results:
{'J': 50, 'K': 10, 'N': 10, 'p': 0.7, 'seed': 18, 'sim': 5, 'runtime': 1.5209896955639124, 'identifiable': 1, 'branch': 6}
6
Q: [[1 0 1 1 1 1 0 1 1 1]
 [1 1 0 1 1 0 1 0 1 1]
 [1 1 0 1 1 1 1 0 1 0]
 [0 0 1 1 1 0 0 1 1 1]
 [1 0 0 1 0 1 0 1 1 0]
 [1 0 0 0 1 1 0 1 1 1]
 [1 1 1 1 1 0 0 1 1 1]
 [1 0 1 0 1 1 0 1 0 1]
 [1 1 1 0 1 1 1 1 1 0]
 [1 1 1 1 0 1 1 1 1 1]
 [1 1 0 0 1 1 0 0 0 1]
 [1 1 0 0 0 0 0 1 0 0]
 [1 1 1 1 1 1 1 0 1 0]
 [0 0 1 1 1 1 1 1 1 1]
 [1 1 0 1 0 1 1 1 1 0]
 [0 0 1 1 1 0 1 1 0 1]
 [0 1 0 1 1 0 1 1 1 1]
 [1 0 1 1 1 1 1 1 1 1]
 [1 1 1 1 1 1 1 1 1 1]
 [0 1 1 1 1 0 1 1 1 0]
 [1 0 1 0 1 1 0 1 1 1]
 [1 1 1 1 0 1 0 1 1 0]
 [1 0 0 1 0 1 0 1 1 1]
 [1 1 1 1 1 1 1 1 1 1]
 [1 0 0 0 0 1 1 1 1 1]
 [0 0 1 1 0 1 0 1 1 1]
 [1 1 1 1 0 1 1 1 0 0]
 [1 1 1 1 1 1 1 0 1 1]
 [0 0 0 1 1 1 0 1 1 1]
 [1 1 1 0 1 1 1 1 1 1]
 [1 1 1 1 1 1 1 1 0 0]
 [1 1 1 1 1 1 0 1 0 0]
 [0 1 0 0 1 1 1 1 1 0]
 [1 1 0 1 0 1 1 1 1 0]
 [1 1 0 0 1 1 1 1 1 1]
 [1 1 1 1 1 0 1 1 0 0]
 [1 1 1 1 1 1 0 1 1 0]
 [1 1 1 1 1 0 1 1 1 1]
 [0 1 0 1 1 0 0 1 0 1]
 [1 1 1 1 0 0 1 1 0 0]
 [1 1 1 1 1 1 0 1 0 1]
 [1 1 1 0 1 1 0 1 1 1]
 [1 0 0 1 1 1 0 0 1 1]
 [1 1 1 0 1 1 1 1 1 0]
 [1 0 1 1 1 1 0 1 1 0]
 [1 1 1 1 1 0 1 1 0 1]
 [1 0 1 0 0 1 0 1 0 1]
 [0 1 0 0 1 0 0 0 0 1]
 [1 1 1 1 1 1 1 1 1 1]
 [1 1 1 1 1 1 1 1 0 1]]
{'restarts': 58, 'conflicts': 39547, 'decisions': 57133, 'propagations': 16316633}
Q is identifiable
branch at 6
runtime for solving id of Q is 2.969674321822822
Simulation results:
{'J': 50, 'K': 10, 'N': 10, 'p': 0.7, 'seed': 18, 'sim': 6, 'runtime': 2.969674321822822, 'identifiable': 1, 'branch': 6}
7
Q: [[1 0 1 0 1 0 1 1 1 0]
 [1 1 1 1 0 1 0 1 1 1]
 [0 1 1 1 1 0 1 0 0 1]
 [1 1 1 1 1 1 1 0 0 1]
 [0 0 0 1 1 0 1 1 1 1]
 [1 0 0 0 1 1 1 1 1 1]
 [0 1 1 1 1 1 0 1 1 1]
 [0 0 0 0 1 1 1 1 1 0]
 [1 1 1 1 0 1 0 1 0 1]
 [1 1 1 1 0 0 1 0 0 0]
 [0 0 1 1 1 1 1 0 1 1]
 [1 1 1 1 1 1 1 1 0 1]
 [1 1 0 1 1 0 0 1 0 0]
 [1 1 1 1 1 0 1 1 1 1]
 [0 1 1 1 0 0 1 1 1 1]
 [1 0 1 1 1 1 1 1 1 1]
 [1 1 0 0 1 0 1 0 1 0]
 [0 0 0 1 1 1 1 0 0 1]
 [1 1 1 0 1 1 0 1 1 0]
 [1 1 1 1 1 1 1 1 1 1]
 [1 0 1 0 0 1 1 1 1 1]
 [0 1 1 1 1 1 0 1 0 1]
 [0 1 1 1 1 1 1 1 0 0]
 [1 1 1 1 1 1 1 1 0 1]
 [0 0 1 0 0 1 0 0 1 1]
 [1 1 1 0 0 1 1 1 1 1]
 [0 1 1 1 1 0 1 1 0 1]
 [0 1 0 1 1 1 0 0 1 1]
 [0 1 1 0 1 1 1 0 1 1]
 [1 1 0 1 1 0 1 1 1 1]
 [1 1 1 0 0 1 1 0 0 0]
 [0 0 1 0 0 1 1 1 1 1]
 [1 1 0 1 1 0 1 1 0 0]
 [1 0 1 1 1 0 1 1 1 0]
 [1 1 1 1 0 0 1 1 0 1]
 [1 0 1 1 1 0 1 0 0 1]
 [1 0 1 0 0 1 1 1 1 0]
 [1 1 1 1 1 0 1 1 1 1]
 [1 0 1 1 1 1 0 1 1 1]
 [1 1 1 1 0 1 1 1 0 1]
 [1 0 1 1 1 1 1 1 1 1]
 [0 1 1 0 1 1 1 1 0 1]
 [0 1 0 0 1 1 0 1 1 1]
 [0 1 1 1 0 0 1 1 0 1]
 [1 1 1 1 1 0 1 1 0 0]
 [1 0 1 1 1 1 0 1 1 1]
 [1 1 1 0 1 0 1 1 1 1]
 [1 1 0 1 1 1 0 0 1 1]
 [1 0 1 1 0 1 0 1 1 1]
 [0 1 1 1 1 1 0 1 1 0]]
{'restarts': 61, 'conflicts': 16519, 'decisions': 27709, 'propagations': 8695258}
Q is identifiable
branch at 6
runtime for solving id of Q is 1.2737813321873546
Simulation results:
{'J': 50, 'K': 10, 'N': 10, 'p': 0.7, 'seed': 18, 'sim': 7, 'runtime': 1.2737813321873546, 'identifiable': 1, 'branch': 6}
8
Q: [[1 1 1 1 1 1 0 0 0 0]
 [0 0 1 1 1 1 1 1 1 0]
 [1 1 1 0 0 1 0 1 0 1]
 [1 1 1 1 0 1 1 1 1 0]
 [0 1 1 1 0 0 1 0 1 0]
 [1 1 1 1 0 1 0 1 0 1]
 [0 1 1 1 1 1 0 1 1 0]
 [1 1 0 0 1 1 1 1 1 0]
 [1 1 1 1 0 1 1 1 0 1]
 [0 1 1 1 0 1 1 1 1 0]
 [1 0 0 1 1 1 1 1 1 1]
 [0 1 1 0 1 0 0 0 1 0]
 [1 0 1 1 1 0 1 1 0 1]
 [1 1 1 1 0 1 1 0 1 1]
 [1 0 0 1 1 0 1 1 1 1]
 [1 0 0 0 1 1 0 0 1 1]
 [1 1 0 0 1 1 1 1 0 1]
 [1 1 1 1 1 1 0 0 0 1]
 [1 0 1 1 1 1 1 1 0 0]
 [1 1 1 1 0 1 1 1 1 0]
 [1 1 0 0 1 1 1 1 1 0]
 [1 1 0 1 1 0 1 0 1 1]
 [0 1 0 1 1 1 0 1 1 1]
 [1 1 0 1 1 0 1 1 1 1]
 [0 1 1 1 1 0 0 1 0 1]
 [1 1 1 1 1 0 1 0 1 1]
 [1 1 1 1 1 1 1 1 1 1]
 [1 0 0 1 1 1 1 1 0 1]
 [1 0 1 1 1 1 1 0 0 1]
 [1 1 1 1 1 1 0 0 0 1]
 [0 1 1 1 1 1 1 1 0 1]
 [1 0 1 0 0 1 1 1 1 1]
 [1 0 1 1 0 1 1 1 1 0]
 [1 1 1 1 1 0 1 1 0 1]
 [0 1 1 1 1 1 0 1 0 1]
 [1 1 1 1 1 1 0 1 0 1]
 [1 1 0 1 1 0 0 1 1 1]
 [0 1 0 0 1 1 1 0 1 0]
 [1 1 1 0 1 1 0 1 1 1]
 [0 1 1 0 1 1 1 1 0 1]
 [1 0 1 1 0 1 1 0 1 1]
 [1 0 0 1 0 0 1 1 1 0]
 [0 1 1 0 0 1 0 1 0 1]
 [1 1 1 0 1 0 1 1 0 1]
 [0 1 1 1 1 1 0 1 1 0]
 [1 0 1 0 1 1 1 1 1 0]
 [1 1 1 0 1 1 1 1 0 1]
 [1 1 0 1 1 0 1 0 1 1]
 [1 0 1 1 0 0 0 0 0 1]
 [0 0 1 1 1 0 1 1 1 0]]
{'restarts': 215, 'conflicts': 88740, 'decisions': 123691, 'propagations': 46852396}
Q is identifiable
branch at 6
runtime for solving id of Q is 8.609445141628385
Simulation results:
{'J': 50, 'K': 10, 'N': 10, 'p': 0.7, 'seed': 18, 'sim': 8, 'runtime': 8.609445141628385, 'identifiable': 1, 'branch': 6}
9
Q: [[1 1 1 1 0 0 1 0 1 1]
 [0 1 1 1 0 0 1 1 1 1]
 [0 0 0 1 1 1 1 1 1 0]
 [1 1 1 1 1 1 1 1 1 1]
 [0 0 1 0 0 1 1 1 1 1]
 [1 0 0 1 1 1 1 1 0 1]
 [1 1 1 0 1 1 1 1 1 1]
 [1 0 1 1 0 1 1 1 1 0]
 [1 1 1 0 1 0 1 0 1 1]
 [1 0 0 0 1 0 1 1 1 1]
 [1 1 1 1 1 1 1 1 1 0]
 [1 1 1 0 1 1 1 1 0 1]
 [1 0 0 1 0 1 1 1 0 1]
 [1 1 1 0 1 0 0 1 0 1]
 [1 1 1 0 1 1 0 1 1 1]
 [1 1 1 1 1 1 1 1 0 1]
 [1 1 1 1 1 1 1 1 1 0]
 [1 1 1 0 0 1 1 1 1 0]
 [1 0 0 0 1 1 0 1 1 1]
 [1 1 1 1 1 1 1 1 1 1]
 [0 0 1 1 1 1 0 1 1 1]
 [0 0 1 0 0 1 1 1 1 1]
 [1 0 1 1 1 0 0 0 0 1]
 [1 1 1 1 1 1 1 1 1 1]
 [0 1 1 0 1 1 1 1 1 1]
 [1 1 0 1 1 1 1 0 1 1]
 [0 1 1 1 1 1 1 1 1 1]
 [1 1 1 1 1 1 1 0 1 0]
 [1 0 1 1 0 1 1 1 0 1]
 [1 1 0 0 1 1 0 1 1 0]
 [1 1 1 1 1 1 0 0 0 1]
 [1 0 1 0 0 1 0 1 1 0]
 [1 1 1 1 0 1 1 0 1 1]
 [1 1 1 0 1 0 1 1 1 1]
 [1 1 1 1 1 1 1 1 1 0]
 [0 0 1 1 1 1 1 1 1 1]
 [1 0 1 1 1 1 0 1 1 1]
 [0 0 1 1 1 0 1 1 1 1]
 [1 1 1 1 1 1 1 1 1 1]
 [1 1 1 1 1 1 0 1 1 1]
 [1 0 1 1 1 1 1 0 1 1]
 [1 1 0 1 1 0 1 1 1 1]
 [1 0 0 0 1 0 1 1 1 1]
 [1 1 1 1 1 1 1 1 0 1]
 [1 0 1 0 1 0 1 0 0 1]
 [1 0 1 1 1 1 1 0 1 1]
 [1 1 1 1 1 1 0 1 1 0]
 [1 1 1 1 1 0 1 1 1 1]
 [0 1 1 1 1 1 1 1 1 1]
 [1 1 1 0 0 1 1 0 1 0]]
{'restarts': 36, 'conflicts': 12072, 'decisions': 23720, 'propagations': 3838984}
Q is not identifiable, and Q_bar is [[0 1 1 0 1 0 0 1 1 1]
 [0 0 1 1 1 0 0 1 1 1]
 [0 0 0 0 1 1 1 1 1 0]
 [0 1 1 1 1 1 1 1 1 1]
 [0 0 0 1 0 0 1 1 1 1]
 [0 1 0 0 1 1 1 0 1 0]
 [0 1 1 1 0 1 1 1 1 1]
 [1 0 0 0 1 0 1 1 1 1]
 [0 1 1 0 0 1 0 1 1 1]
 [0 1 0 1 0 1 0 1 1 0]
 [1 0 1 0 1 1 1 1 1 1]
 [0 1 1 0 0 1 1 0 1 1]
 [0 1 0 0 1 0 1 0 1 0]
 [0 1 1 1 0 1 0 0 0 1]
 [1 1 1 0 0 1 1 1 0 1]
 [0 1 1 1 1 1 1 0 1 1]
 [1 0 1 0 1 1 1 1 1 1]
 [1 0 1 0 0 0 1 1 1 1]
 [1 1 0 0 0 1 1 1 0 0]
 [0 1 1 1 1 1 1 1 1 1]
 [0 0 0 1 1 1 1 1 0 1]
 [0 0 0 1 0 0 1 1 1 1]
 [0 1 0 0 1 1 0 0 0 1]
 [0 1 1 1 1 1 1 1 1 1]
 [0 0 1 1 0 1 1 1 1 1]
 [1 1 1 0 1 1 0 1 1 0]
 [0 0 1 1 1 1 1 1 1 1]
 [1 0 1 0 1 1 0 1 1 1]
 [0 1 0 0 1 0 1 0 1 1]
 [1 0 1 0 0 1 1 1 0 0]
 [1 1 1 0 1 1 0 0 0 1]
 [1 0 0 0 0 0 1 1 0 1]
 [1 1 1 0 1 0 0 1 1 1]
 [0 1 1 1 0 1 0 1 1 1]
 [1 0 1 0 1 1 1 1 1 1]
 [0 0 0 1 1 1 1 1 1 1]
 [1 1 0 1 1 1 1 1 0 1]
 [0 0 0 1 1 1 0 1 1 1]
 [0 1 1 1 1 1 1 1 1 1]
 [1 0 1 1 1 1 1 1 0 1]
 [1 1 0 0 1 1 0 1 1 1]
 [0 1 1 1 1 1 0 1 1 0]
 [0 1 0 1 0 1 0 1 1 0]
 [0 1 1 1 1 1 1 0 1 1]
 [0 1 0 0 0 1 0 0 1 1]
 [1 1 0 0 1 1 0 1 1 1]
 [1 0 1 0 1 1 1 1 0 1]
 [0 1 1 1 1 1 0 1 1 1]
 [0 0 1 1 1 1 1 1 1 1]
 [1 0 1 0 0 0 0 1 1 1]]
branch at 5
runtime for solving id of Q is 0.7371094329282641
Simulation results:
{'J': 50, 'K': 10, 'N': 10, 'p': 0.7, 'seed': 18, 'sim': 9, 'runtime': 0.7371094329282641, 'identifiable': 0, 'branch': 5}
Simulation results:
[{'J': 50, 'K': 10, 'N': 10, 'p': 0.7, 'seed': 18, 'sim': 0, 'runtime': 3.0278691919520497, 'identifiable': 1, 'branch': 6}, {'J': 50, 'K': 10, 'N': 10, 'p': 0.7, 'seed': 18, 'sim': 1, 'runtime': 4.93133710231632, 'identifiable': 1, 'branch': 6}, {'J': 50, 'K': 10, 'N': 10, 'p': 0.7, 'seed': 18, 'sim': 2, 'runtime': 2.485610836185515, 'identifiable': 1, 'branch': 6}, {'J': 50, 'K': 10, 'N': 10, 'p': 0.7, 'seed': 18, 'sim': 3, 'runtime': 0.07919047214090824, 'identifiable': 0, 'branch': 5}, {'J': 50, 'K': 10, 'N': 10, 'p': 0.7, 'seed': 18, 'sim': 4, 'runtime': 1.3374181613326073, 'identifiable': 1, 'branch': 6}, {'J': 50, 'K': 10, 'N': 10, 'p': 0.7, 'seed': 18, 'sim': 5, 'runtime': 1.5209896955639124, 'identifiable': 1, 'branch': 6}, {'J': 50, 'K': 10, 'N': 10, 'p': 0.7, 'seed': 18, 'sim': 6, 'runtime': 2.969674321822822, 'identifiable': 1, 'branch': 6}, {'J': 50, 'K': 10, 'N': 10, 'p': 0.7, 'seed': 18, 'sim': 7, 'runtime': 1.2737813321873546, 'identifiable': 1, 'branch': 6}, {'J': 50, 'K': 10, 'N': 10, 'p': 0.7, 'seed': 18, 'sim': 8, 'runtime': 8.609445141628385, 'identifiable': 1, 'branch': 6}, {'J': 50, 'K': 10, 'N': 10, 'p': 0.7, 'seed': 18, 'sim': 9, 'runtime': 0.7371094329282641, 'identifiable': 0, 'branch': 5}]
