
The Gurobi software has a limited number of licenses. To request a license or
licenses, add this line

    #SBATCH --licenses=gurobi@slurmdb:1

to your SBATCH script, replacing N with the number of licenses you need. Gurobi
will need one license per process.


0
Q: [[0 1 1 1 1 1 1 1 0 1]
 [0 1 0 1 1 0 1 0 1 1]
 [0 1 1 1 1 1 1 1 0 1]
 [0 1 1 1 1 1 1 1 1 0]
 [1 0 0 1 1 1 1 0 1 0]
 [0 1 0 1 1 1 1 1 1 1]
 [1 0 0 1 0 1 1 1 1 1]
 [1 1 1 1 0 1 0 1 1 0]
 [0 0 1 1 1 1 1 1 1 1]
 [1 0 0 0 1 1 1 1 1 1]
 [1 1 1 1 1 1 1 1 1 0]
 [0 1 0 1 0 1 1 1 0 1]
 [1 0 1 0 1 1 1 1 0 1]
 [1 0 0 0 0 1 1 0 1 1]
 [1 1 1 1 0 0 1 1 1 1]
 [1 1 1 1 0 1 1 1 1 1]
 [0 0 1 1 1 0 1 1 1 0]
 [1 0 1 1 0 1 1 1 1 1]
 [0 1 1 0 1 1 0 1 1 1]
 [1 1 1 1 0 0 1 1 1 1]
 [0 1 1 1 1 1 1 0 1 0]
 [1 1 0 1 1 0 1 1 1 1]
 [0 1 0 1 1 1 1 0 0 1]
 [1 1 0 1 1 1 1 1 1 0]
 [0 1 1 1 1 1 1 1 1 0]
 [1 0 0 1 0 1 1 1 0 1]
 [1 1 1 1 1 1 1 1 1 1]
 [0 0 0 1 1 1 1 0 1 0]
 [0 1 0 1 1 1 1 1 1 0]
 [1 1 0 0 1 1 1 1 1 1]
 [1 1 1 0 1 1 1 0 0 1]
 [1 1 0 1 0 1 1 0 1 1]
 [1 1 1 1 0 1 0 1 1 1]
 [1 1 0 1 1 1 1 0 0 0]
 [1 1 0 1 0 0 1 0 0 0]
 [1 1 1 1 1 1 0 1 0 1]
 [1 0 0 1 1 0 1 1 0 1]
 [0 1 1 1 1 0 1 0 1 0]
 [1 1 1 1 0 0 1 1 1 1]
 [1 1 1 0 1 1 1 1 1 0]
 [0 1 0 1 1 0 1 1 1 0]
 [1 1 1 1 1 0 1 1 1 1]
 [0 1 0 1 1 1 0 1 1 1]
 [0 0 1 0 1 1 0 1 1 1]
 [1 1 0 0 0 1 1 1 1 0]
 [1 0 0 1 1 1 0 1 0 1]
 [0 0 1 1 1 1 1 0 1 1]
 [1 1 1 1 0 0 1 1 1 1]
 [1 1 1 1 1 0 1 1 1 1]
 [0 1 1 0 1 1 0 0 1 0]
 [0 1 1 0 0 1 1 1 1 1]
 [1 1 0 0 1 1 1 1 1 1]
 [0 1 1 0 0 1 1 0 0 1]
 [1 1 1 1 1 1 1 1 1 1]
 [1 0 0 1 0 0 0 0 1 0]
 [0 1 0 1 1 1 0 1 1 1]
 [1 0 1 1 1 1 1 0 1 1]
 [1 1 1 1 1 1 0 0 1 1]
 [1 1 1 1 1 1 0 1 1 1]
 [0 1 1 0 1 1 1 1 0 1]
 [1 0 0 0 1 0 1 0 1 0]
 [1 1 1 0 1 0 1 1 1 1]
 [0 0 1 1 0 1 1 1 0 1]
 [1 1 0 0 0 1 1 1 0 1]
 [1 1 1 1 0 1 0 1 0 1]
 [0 1 1 0 1 0 0 1 1 1]
 [1 0 0 0 1 1 1 1 1 1]
 [1 1 1 1 1 1 1 0 0 1]
 [1 1 1 1 1 0 0 0 1 0]
 [0 0 1 1 1 1 1 1 1 0]
 [1 1 1 1 1 1 1 1 1 1]
 [1 0 0 1 1 0 0 1 1 0]
 [0 1 1 1 1 1 1 1 1 0]
 [1 0 1 1 1 1 1 0 1 1]
 [0 1 1 0 1 0 0 0 1 0]
 [0 1 1 1 1 0 1 0 1 0]
 [1 1 1 1 1 0 1 1 1 0]
 [1 1 1 1 1 0 0 1 1 1]
 [1 1 0 1 1 1 1 0 0 1]
 [1 0 1 1 1 1 0 1 0 1]
 [1 1 1 1 1 0 1 1 0 0]
 [0 1 1 1 1 0 0 1 0 0]
 [1 1 1 1 1 1 0 1 0 1]
 [0 1 0 1 1 0 1 1 0 1]
 [1 0 1 0 1 1 0 1 1 0]
 [1 0 0 1 1 1 0 0 1 1]
 [0 1 1 1 1 1 1 1 0 1]
 [0 1 0 1 0 1 1 0 1 1]
 [1 1 0 0 1 1 1 1 0 1]
 [1 1 0 0 0 1 1 0 0 0]
 [1 1 1 1 0 1 1 1 1 1]
 [0 1 0 1 1 1 1 1 1 1]
 [1 1 1 0 1 1 1 1 0 1]
 [1 1 0 1 1 0 1 1 1 0]
 [1 1 0 0 0 1 1 1 1 1]
 [1 1 1 0 0 0 1 1 1 0]
 [0 1 0 1 1 0 1 1 1 0]
 [0 0 0 0 1 1 1 1 1 1]
 [1 1 1 1 1 0 0 1 0 1]
 [1 1 0 1 0 0 1 1 1 1]]
{'restarts': 89, 'conflicts': 30958, 'decisions': 50356, 'propagations': 27100974}
Q is identifiable
branch at 6
runtime for solving id of Q is 4.123401312157512
Simulation results:
{'J': 100, 'K': 10, 'N': 10, 'p': 0.7, 'seed': 94, 'sim': 0, 'runtime': 4.123401312157512, 'identifiable': 1, 'branch': 6}
1
Q: [[0 1 1 1 1 1 1 1 1 1]
 [1 0 1 1 1 1 1 1 0 1]
 [1 1 0 1 1 1 0 1 1 1]
 [0 1 1 1 1 1 0 1 1 1]
 [1 1 0 0 0 1 1 0 0 1]
 [1 1 1 1 0 1 0 1 1 1]
 [1 0 1 1 0 1 1 0 1 1]
 [0 1 1 1 0 1 1 1 1 1]
 [1 1 1 1 0 1 1 1 1 1]
 [1 1 0 0 1 1 1 0 0 1]
 [1 1 0 1 1 1 0 1 1 0]
 [1 0 1 0 0 0 1 1 1 1]
 [1 1 1 1 1 1 1 0 1 0]
 [0 0 1 1 0 0 1 1 1 0]
 [1 1 1 0 1 0 1 1 1 1]
 [0 0 1 1 1 0 0 1 0 1]
 [0 0 0 0 0 0 0 1 1 1]
 [1 0 1 1 1 0 1 1 1 0]
 [1 0 1 1 1 0 1 0 1 1]
 [1 1 1 1 1 1 1 1 1 0]
 [0 0 0 1 0 1 1 0 1 0]
 [0 1 1 1 1 1 1 1 0 1]
 [1 1 1 1 1 1 1 1 0 0]
 [1 1 1 1 0 1 1 1 1 0]
 [1 0 0 1 0 1 1 1 1 1]
 [1 1 1 0 1 1 1 0 1 1]
 [0 1 1 0 1 1 1 1 1 1]
 [0 1 1 1 1 1 1 1 0 0]
 [0 1 0 1 1 1 1 1 1 1]
 [1 1 1 1 0 1 0 1 1 1]
 [1 0 1 1 0 1 1 0 1 0]
 [0 1 1 0 1 1 1 1 1 1]
 [0 0 1 1 0 1 0 1 1 1]
 [0 1 1 1 1 1 0 0 0 1]
 [0 1 1 0 1 1 1 1 1 1]
 [1 1 1 1 0 1 1 0 0 1]
 [1 0 1 0 1 0 1 0 1 1]
 [0 1 1 1 0 1 1 1 0 1]
 [1 1 0 0 1 1 1 1 1 1]
 [0 0 1 0 1 0 0 0 1 1]
 [1 1 1 1 1 0 1 1 1 0]
 [1 1 1 0 0 1 1 0 1 0]
 [0 1 1 0 1 1 1 0 1 0]
 [0 1 1 0 1 1 1 1 0 1]
 [0 1 1 1 1 1 1 1 0 0]
 [0 1 1 1 1 0 1 1 1 1]
 [1 0 0 0 1 1 1 1 1 1]
 [0 1 1 1 1 1 0 1 1 0]
 [1 1 1 0 1 0 1 1 1 0]
 [1 0 1 0 1 0 1 1 1 1]
 [1 1 1 0 1 1 1 1 1 1]
 [1 1 0 1 0 0 1 1 1 0]
 [1 1 1 1 1 1 1 0 1 1]
 [1 1 1 0 1 1 1 0 0 1]
 [0 0 0 1 0 1 0 1 1 0]
 [0 0 0 0 1 1 0 0 1 0]
 [0 0 1 0 1 1 0 0 0 1]
 [1 1 1 1 1 1 0 1 0 1]
 [1 1 1 1 0 1 1 1 1 1]
 [1 1 0 1 1 0 1 1 1 1]
 [1 0 1 1 1 1 1 1 0 1]
 [1 1 1 1 0 0 1 1 1 0]
 [1 1 0 1 1 1 0 1 1 1]
 [1 1 1 1 1 1 0 1 0 1]
 [1 0 0 1 1 1 1 1 0 1]
 [1 1 1 1 0 1 1 1 0 1]
 [1 1 1 1 1 0 1 1 1 0]
 [1 1 0 1 1 1 1 1 1 1]
 [1 0 0 1 1 0 0 1 1 0]
 [1 1 1 1 1 1 1 0 1 1]
 [0 1 0 0 1 1 1 1 1 0]
 [1 1 0 1 1 1 1 0 1 0]
 [1 1 1 1 1 1 1 0 1 1]
 [1 1 0 0 1 1 1 1 1 1]
 [1 1 0 0 1 1 1 0 1 1]
 [1 1 0 0 1 1 1 1 1 0]
 [0 0 1 1 1 0 0 0 1 1]
 [0 0 1 0 0 1 1 1 0 1]
 [1 1 0 1 0 1 1 1 1 0]
 [1 1 1 1 1 0 0 1 0 1]
 [1 1 0 1 0 1 1 1 1 1]
 [1 1 1 0 0 1 0 1 1 1]
 [1 1 1 0 1 1 0 1 0 1]
 [1 1 0 1 1 0 1 1 0 1]
 [1 1 1 1 1 1 1 1 0 1]
 [1 1 1 0 1 1 0 1 1 1]
 [1 1 0 1 1 0 1 1 1 1]
 [1 1 1 0 1 1 1 1 0 1]
 [1 1 1 1 1 1 1 1 0 1]
 [0 1 1 0 0 0 0 0 1 1]
 [1 1 1 0 1 1 0 0 1 1]
 [1 1 1 1 1 1 1 1 1 1]
 [0 1 0 1 0 1 1 1 0 1]
 [1 0 0 1 1 1 1 1 1 1]
 [1 0 1 1 1 1 0 1 0 1]
 [1 1 1 1 1 1 1 0 1 1]
 [1 1 1 1 1 1 0 0 0 1]
 [1 0 1 1 0 1 0 0 1 1]
 [0 1 1 0 1 1 1 0 1 1]
 [1 0 1 1 1 1 1 1 0 1]]
{'restarts': 2, 'conflicts': 485, 'decisions': 1191, 'propagations': 371952}
Q is identifiable
branch at 6
runtime for solving id of Q is 0.26500524021685123
Simulation results:
{'J': 100, 'K': 10, 'N': 10, 'p': 0.7, 'seed': 94, 'sim': 1, 'runtime': 0.26500524021685123, 'identifiable': 1, 'branch': 6}
2
Q: [[0 1 1 1 0 0 1 0 0 1]
 [0 0 0 0 1 1 1 0 1 0]
 [1 0 1 1 0 1 1 0 1 1]
 [1 0 1 1 1 0 1 0 1 1]
 [1 0 0 1 1 1 1 0 0 1]
 [0 0 1 1 0 0 1 0 1 1]
 [1 1 1 1 1 0 1 1 0 1]
 [0 1 0 1 0 0 1 1 1 0]
 [1 1 0 1 1 1 1 0 1 1]
 [1 1 0 1 1 0 1 1 1 1]
 [0 1 1 1 1 0 1 0 1 0]
 [1 0 1 1 0 1 0 0 0 1]
 [0 1 1 0 0 1 1 1 1 1]
 [1 0 0 1 1 1 1 1 1 1]
 [0 0 1 1 1 0 1 0 1 1]
 [1 0 0 1 1 1 1 1 0 0]
 [1 1 0 1 1 1 1 0 1 1]
 [1 1 1 0 0 1 1 0 1 1]
 [1 1 1 1 1 1 1 1 1 1]
 [0 0 1 1 1 1 0 0 1 1]
 [1 1 1 0 1 1 1 1 0 1]
 [0 1 0 1 1 0 1 1 1 1]
 [1 1 0 1 1 1 1 1 1 1]
 [0 1 1 1 1 0 1 1 0 0]
 [1 1 1 0 0 1 1 1 0 1]
 [0 1 1 1 1 1 1 1 0 1]
 [0 0 0 1 1 0 1 1 1 1]
 [0 1 1 0 0 0 1 1 1 1]
 [1 1 1 1 1 1 1 1 1 1]
 [0 1 1 1 1 1 1 1 0 1]
 [0 0 1 1 1 1 1 1 1 0]
 [0 1 1 1 1 1 1 1 1 1]
 [1 1 1 1 1 0 0 1 1 1]
 [1 1 0 1 0 0 1 1 1 1]
 [1 1 1 1 0 1 0 0 1 1]
 [0 1 1 0 1 1 0 1 1 0]
 [1 0 1 1 0 0 0 1 1 0]
 [1 1 0 1 1 0 1 0 1 0]
 [0 0 1 1 1 1 1 0 1 1]
 [1 1 1 0 1 1 1 1 1 1]
 [0 1 1 1 1 1 0 1 1 1]
 [1 1 1 1 1 0 1 0 0 0]
 [1 1 1 1 1 0 1 0 0 0]
 [0 1 0 1 1 1 0 1 1 1]
 [1 1 0 0 1 0 1 1 1 0]
 [1 0 1 0 1 0 0 1 0 0]
 [1 1 1 0 0 1 1 1 0 1]
 [0 1 0 0 1 1 1 1 1 1]
 [1 0 1 1 1 1 1 0 1 0]
 [0 1 1 1 0 0 1 0 1 1]
 [0 1 1 0 1 1 0 1 1 1]
 [0 1 1 0 0 1 1 1 1 1]
 [1 1 1 1 1 1 0 1 0 1]
 [1 1 1 1 0 0 1 1 0 1]
 [1 1 1 1 1 0 0 1 1 0]
 [1 0 1 1 1 1 1 1 0 0]
 [1 1 1 1 1 1 1 0 1 0]
 [1 1 1 0 1 1 1 1 1 0]
 [1 0 1 1 1 0 0 0 1 0]
 [1 1 1 1 1 0 1 1 0 1]
 [0 1 0 1 1 0 1 0 0 1]
 [1 1 1 0 1 1 1 0 0 0]
 [1 1 1 1 1 0 0 1 0 1]
 [1 0 1 1 1 1 1 1 0 0]
 [1 1 0 1 0 1 1 1 1 0]
 [0 1 0 0 0 1 1 1 0 1]
 [0 0 1 1 0 1 1 1 1 0]
 [1 0 0 1 1 0 0 1 1 1]
 [1 0 0 0 0 0 1 1 0 1]
 [0 1 1 1 0 0 1 1 1 1]
 [1 0 1 1 1 1 1 1 1 1]
 [1 1 0 1 1 1 1 0 0 0]
 [1 1 1 1 0 1 0 1 0 1]
 [1 0 1 1 1 1 1 1 1 0]
 [1 1 1 1 0 1 1 0 1 1]
 [1 1 1 1 1 1 1 0 1 0]
 [1 1 1 1 0 1 1 1 1 0]
 [1 1 1 0 1 1 1 0 1 1]
 [1 0 1 1 0 1 0 0 0 1]
 [1 1 0 0 0 1 1 1 1 1]
 [1 1 0 1 1 1 1 0 0 1]
 [1 0 1 0 1 1 1 1 1 1]
 [0 0 1 0 1 1 1 1 1 0]
 [1 1 1 1 1 1 1 1 1 1]
 [1 0 1 1 1 1 0 1 0 0]
 [0 1 1 0 1 1 0 1 1 1]
 [1 1 0 1 1 1 1 0 1 1]
 [0 1 0 0 1 1 1 0 1 1]
 [1 1 1 1 1 1 1 1 1 1]
 [1 1 1 1 1 1 1 0 1 0]
 [1 1 1 1 1 1 1 1 1 1]
 [1 1 0 1 1 1 0 1 1 0]
 [1 1 1 0 1 0 1 0 0 1]
 [0 0 1 1 1 1 0 1 1 1]
 [0 1 0 1 0 1 0 1 1 0]
 [0 1 1 1 0 1 0 1 0 1]
 [1 0 0 1 0 0 1 0 0 1]
 [0 0 1 0 1 0 1 0 1 1]
 [1 0 1 1 1 1 1 1 1 1]
 [1 1 1 1 1 1 1 1 1 1]]
{'restarts': 17, 'conflicts': 6325, 'decisions': 11730, 'propagations': 6576271}
Q is identifiable
branch at 6
runtime for solving id of Q is 1.0276647824794054
Simulation results:
{'J': 100, 'K': 10, 'N': 10, 'p': 0.7, 'seed': 94, 'sim': 2, 'runtime': 1.0276647824794054, 'identifiable': 1, 'branch': 6}
3
Q: [[1 1 0 1 1 1 1 0 1 1]
 [0 0 1 1 0 1 0 1 1 1]
 [1 1 0 1 1 1 0 1 1 1]
 [1 0 1 0 1 1 1 1 1 0]
 [1 0 1 0 1 1 1 1 1 1]
 [0 1 1 1 1 0 1 1 1 0]
 [0 1 1 1 1 1 1 1 1 0]
 [1 1 0 0 1 1 1 0 0 0]
 [1 1 0 0 1 1 0 1 1 1]
 [1 1 0 0 1 1 1 1 1 0]
 [1 1 1 0 0 0 0 1 1 0]
 [1 1 0 0 1 0 1 1 1 1]
 [1 0 1 1 1 1 1 0 1 1]
 [1 0 1 1 0 1 1 1 1 1]
 [1 1 1 1 1 1 1 1 0 0]
 [0 1 1 0 1 0 1 1 1 0]
 [1 1 1 0 1 0 1 1 1 0]
 [1 0 1 1 1 1 1 0 1 1]
 [0 1 0 1 0 0 0 0 1 1]
 [1 1 1 0 1 0 0 1 0 0]
 [1 0 1 1 1 1 1 1 1 0]
 [1 0 1 0 1 1 1 0 1 1]
 [1 1 0 0 1 0 1 1 1 0]
 [1 1 0 1 1 1 1 1 1 1]
 [1 0 1 1 0 1 0 1 1 0]
 [1 1 1 1 0 1 1 1 0 1]
 [1 1 1 1 1 1 0 1 0 1]
 [0 0 1 0 1 1 1 1 1 1]
 [0 1 1 0 1 1 1 0 0 1]
 [1 1 1 1 1 1 0 0 1 1]
 [1 1 1 1 0 0 1 1 0 1]
 [1 0 0 1 1 1 0 1 1 1]
 [1 1 0 0 1 1 0 1 1 0]
 [1 0 1 0 1 1 1 0 1 0]
 [1 0 1 0 1 1 1 1 1 0]
 [0 0 1 0 0 1 1 1 1 0]
 [0 0 1 1 1 0 0 1 1 1]
 [1 1 0 1 1 1 1 1 1 1]
 [1 1 1 1 1 0 0 0 1 1]
 [1 1 1 0 0 0 1 1 0 0]
 [0 1 1 1 1 1 1 1 1 1]
 [0 1 0 1 1 0 1 1 0 1]
 [1 1 1 1 0 0 0 1 1 1]
 [1 1 0 1 1 1 1 1 1 1]
 [1 0 1 1 1 1 1 1 0 0]
 [0 1 1 1 0 1 0 1 1 1]
 [1 1 1 1 1 1 1 1 1 1]
 [1 1 0 1 1 1 1 1 1 0]
 [1 1 0 0 1 1 1 1 0 1]
 [1 1 1 1 0 0 0 1 1 0]
 [1 1 1 1 1 1 1 0 1 0]
 [0 1 1 0 1 1 1 1 1 1]
 [0 1 1 1 1 0 1 1 1 0]
 [1 1 1 1 1 0 0 0 1 0]
 [1 0 0 1 0 1 1 0 1 1]
 [1 0 1 0 1 1 1 1 1 1]
 [1 1 1 1 1 1 1 1 1 0]
 [0 0 1 1 1 0 1 0 0 0]
 [1 1 1 0 1 1 1 1 1 1]
 [0 1 1 0 1 1 0 1 1 0]
 [1 1 1 0 1 0 0 1 1 1]
 [1 1 0 1 0 1 1 1 1 1]
 [1 1 0 1 0 1 1 1 0 0]
 [1 1 1 1 1 1 1 1 1 1]
 [1 1 0 1 1 1 1 1 0 0]
 [1 0 1 1 0 1 0 0 1 1]
 [1 1 1 1 1 0 1 1 1 1]
 [1 1 1 1 1 1 1 1 1 0]
 [0 1 0 1 1 1 0 1 1 1]
 [1 1 1 1 1 0 1 0 1 1]
 [1 1 0 1 1 1 1 0 1 1]
 [0 1 1 0 0 1 1 0 1 0]
 [1 0 1 1 0 1 1 1 0 1]
 [1 0 1 1 1 0 1 1 1 0]
 [1 1 1 1 1 1 1 1 1 0]
 [1 1 0 0 0 1 1 1 1 1]
 [0 1 0 1 0 1 1 0 0 1]
 [1 1 0 1 0 0 1 1 1 0]
 [1 1 1 1 1 0 1 0 0 1]
 [1 1 1 1 0 1 1 0 0 1]
 [1 1 0 1 1 1 1 0 0 1]
 [1 1 1 1 0 0 1 1 1 1]
 [0 0 0 1 0 1 1 1 1 1]
 [0 1 0 1 0 1 0 1 1 0]
 [1 1 1 1 0 1 0 1 1 0]
 [1 0 1 1 1 1 1 1 1 1]
 [1 0 0 1 1 0 1 1 1 1]
 [1 1 1 0 1 1 1 1 1 1]
 [1 1 0 1 1 1 1 1 1 1]
 [1 1 1 0 0 0 1 1 0 1]
 [0 1 1 0 1 0 1 1 0 1]
 [0 1 0 1 1 1 1 0 0 1]
 [1 1 1 0 1 0 0 1 1 0]
 [0 1 0 1 1 1 1 1 1 1]
 [1 0 1 1 1 1 0 0 0 1]
 [0 1 0 1 0 1 1 1 1 1]
 [0 1 1 0 1 1 0 0 1 1]
 [1 1 0 0 0 1 0 1 1 1]
 [1 0 1 1 1 0 0 0 0 1]
 [0 0 0 1 1 0 0 1 1 0]]
{'restarts': 38, 'conflicts': 13856, 'decisions': 22839, 'propagations': 15012535}
Q is identifiable
branch at 6
runtime for solving id of Q is 2.119607539847493
Simulation results:
{'J': 100, 'K': 10, 'N': 10, 'p': 0.7, 'seed': 94, 'sim': 3, 'runtime': 2.119607539847493, 'identifiable': 1, 'branch': 6}
4
Q: [[1 1 0 1 1 1 1 1 0 1]
 [1 1 0 0 1 1 1 1 1 1]
 [1 1 1 1 0 1 1 1 1 1]
 [0 0 1 0 1 1 1 0 0 0]
 [1 0 1 1 1 1 1 1 1 0]
 [1 0 1 1 1 1 1 0 1 0]
 [1 1 0 1 1 1 1 1 0 1]
 [1 1 1 1 0 0 1 1 1 1]
 [1 0 1 1 1 0 1 0 1 0]
 [0 1 1 1 0 1 1 1 1 1]
 [1 1 1 1 1 1 1 0 1 1]
 [0 0 0 0 1 1 1 1 0 1]
 [0 0 1 1 0 1 1 1 1 1]
 [1 1 1 1 0 1 0 1 1 1]
 [1 1 0 1 1 0 0 1 0 0]
 [1 1 0 1 1 1 1 1 1 0]
 [1 1 0 1 1 1 1 1 0 1]
 [1 1 0 0 1 1 1 1 0 1]
 [1 1 1 1 1 0 1 0 1 1]
 [0 1 1 1 0 1 1 1 1 1]
 [1 1 1 0 0 1 1 1 1 1]
 [1 1 1 1 1 0 0 1 1 1]
 [1 0 1 1 1 1 1 1 1 1]
 [0 0 1 0 0 1 1 1 0 1]
 [0 1 1 0 0 1 1 1 1 1]
 [1 1 0 1 1 0 1 0 1 1]
 [1 1 0 1 1 0 1 1 1 1]
 [1 1 0 1 0 0 1 1 1 0]
 [1 1 0 1 1 1 0 0 1 0]
 [0 1 0 1 0 1 1 1 0 0]
 [1 0 0 1 0 0 1 1 1 1]
 [0 0 1 0 0 1 1 1 1 0]
 [1 0 1 1 1 1 0 1 0 1]
 [1 1 1 1 1 1 0 1 1 0]
 [1 1 0 1 0 1 1 1 1 1]
 [1 0 1 1 1 1 1 1 1 1]
 [0 1 1 1 0 1 1 1 1 0]
 [1 1 1 1 0 0 0 0 0 1]
 [1 1 1 0 1 0 1 1 1 1]
 [1 1 1 1 1 1 0 0 1 1]
 [1 1 0 0 1 1 1 0 1 1]
 [1 0 1 0 1 0 0 1 1 1]
 [1 1 1 0 0 1 1 1 1 1]
 [0 0 1 1 0 1 1 1 0 1]
 [1 1 1 1 1 1 0 1 0 1]
 [1 1 1 1 0 1 0 1 1 0]
 [0 1 1 1 0 1 1 1 1 1]
 [1 1 1 1 1 1 1 1 0 1]
 [1 1 1 1 0 1 0 1 1 0]
 [1 0 0 1 0 1 1 0 1 0]
 [0 0 0 0 1 1 1 1 1 0]
 [1 0 1 1 1 1 1 0 0 1]
 [1 1 1 1 0 1 0 1 1 1]
 [1 1 0 0 0 1 0 1 0 1]
 [1 1 1 1 0 1 1 1 0 1]
 [1 1 0 1 0 0 1 0 0 0]
 [0 1 1 1 1 0 1 1 1 0]
 [1 1 1 1 1 0 0 1 1 0]
 [1 1 1 1 1 1 0 0 0 1]
 [1 1 1 1 1 1 1 1 0 1]
 [0 1 0 0 1 1 1 0 0 1]
 [1 0 1 0 1 0 0 1 1 1]
 [1 0 1 0 1 0 1 1 1 1]
 [1 1 1 1 1 0 1 0 1 1]
 [1 0 1 1 0 0 0 1 0 0]
 [1 1 1 1 1 1 0 1 0 1]
 [0 1 1 1 1 0 1 1 1 1]
 [1 0 1 0 1 1 1 0 1 1]
 [1 1 1 1 1 1 1 1 1 1]
 [1 1 1 0 1 1 1 1 1 1]
 [1 1 1 1 1 1 0 0 0 1]
 [1 0 1 0 0 1 1 1 1 1]
 [1 1 0 1 0 1 1 1 1 0]
 [1 0 0 1 1 1 1 1 0 1]
 [0 1 1 0 1 1 0 1 1 1]
 [1 0 0 1 1 1 1 1 1 0]
 [1 0 1 0 1 1 1 1 1 0]
 [1 1 1 1 1 1 1 0 0 1]
 [1 1 0 1 1 0 0 1 1 1]
 [1 0 1 0 1 1 1 1 1 1]
 [1 0 1 0 1 1 1 1 1 1]
 [1 1 1 1 1 0 1 1 1 0]
 [1 1 1 1 1 1 1 0 0 1]
 [1 1 1 1 1 1 0 0 1 0]
 [0 0 1 1 1 0 1 1 1 0]
 [1 1 0 0 0 1 1 1 1 1]
 [1 1 1 0 0 1 1 0 1 1]
 [1 0 1 0 1 1 1 0 1 1]
 [1 0 1 0 0 0 1 0 1 1]
 [1 1 1 0 0 1 1 1 1 1]
 [1 1 1 1 1 1 0 0 1 0]
 [1 0 0 0 0 1 0 1 0 1]
 [1 0 0 0 1 1 0 1 1 0]
 [1 1 1 0 1 0 1 1 1 1]
 [1 0 1 0 0 1 1 1 1 0]
 [1 1 1 0 1 0 1 1 0 1]
 [1 1 1 1 0 0 1 0 1 1]
 [1 1 1 1 0 1 1 0 0 1]
 [1 0 0 0 1 1 1 1 1 1]
 [1 1 1 0 1 1 1 0 1 1]]
{'restarts': 12, 'conflicts': 6977, 'decisions': 13321, 'propagations': 5966976}
Q is identifiable
branch at 6
runtime for solving id of Q is 0.9420584766194224
Simulation results:
{'J': 100, 'K': 10, 'N': 10, 'p': 0.7, 'seed': 94, 'sim': 4, 'runtime': 0.9420584766194224, 'identifiable': 1, 'branch': 6}
5
Q: [[0 1 0 1 1 1 1 0 1 1]
 [1 1 1 1 1 0 1 1 1 1]
 [1 1 0 1 1 1 1 0 0 1]
 [1 1 1 1 1 0 1 1 0 1]
 [1 1 1 1 1 0 1 0 1 0]
 [1 1 1 0 0 1 1 0 1 1]
 [1 1 0 0 1 1 1 0 1 1]
 [1 1 1 1 0 1 1 1 0 1]
 [1 1 1 1 1 1 0 1 0 1]
 [1 0 1 1 1 1 0 0 1 0]
 [1 1 1 1 0 1 1 1 1 1]
 [1 1 1 1 1 1 1 1 1 1]
 [1 1 0 1 1 1 1 1 1 1]
 [1 0 1 1 1 1 1 1 1 0]
 [1 1 0 1 0 1 1 1 1 1]
 [0 0 1 1 1 1 1 1 1 0]
 [1 1 1 0 1 1 1 0 1 1]
 [1 0 0 1 0 1 0 0 1 1]
 [1 1 0 1 1 1 1 1 1 1]
 [1 1 1 1 0 1 1 1 0 1]
 [0 0 1 1 0 0 1 0 0 1]
 [1 0 1 0 0 0 1 1 1 1]
 [0 1 1 0 1 1 0 1 1 1]
 [1 0 0 1 1 1 1 1 1 0]
 [1 1 1 1 1 1 1 1 1 1]
 [1 0 1 1 1 0 0 1 1 1]
 [1 0 1 1 1 1 1 1 0 1]
 [0 1 0 1 1 0 0 0 1 1]
 [0 1 1 1 1 1 1 1 0 0]
 [1 1 1 0 1 1 1 1 1 1]
 [1 1 0 0 1 1 1 1 0 1]
 [0 1 1 0 1 0 0 1 1 1]
 [0 0 0 1 1 0 1 0 1 1]
 [1 1 1 1 1 0 1 1 0 1]
 [0 1 0 1 1 1 1 1 1 1]
 [0 1 0 0 1 0 1 1 1 1]
 [1 1 0 0 1 1 1 0 1 1]
 [1 1 1 1 0 1 1 1 1 1]
 [1 1 0 1 0 0 0 1 0 1]
 [1 1 1 0 0 1 0 1 1 1]
 [1 1 1 1 0 1 1 1 1 1]
 [1 0 0 0 1 0 1 1 0 1]
 [1 1 1 1 0 0 0 1 0 0]
 [0 1 0 1 1 1 1 0 1 1]
 [0 1 1 0 1 1 0 1 1 1]
 [1 1 1 1 1 1 1 0 0 0]
 [1 1 0 0 1 1 1 1 1 1]
 [0 1 0 0 1 1 1 0 1 0]
 [1 1 0 1 1 1 0 1 1 1]
 [1 0 0 1 1 1 1 1 0 1]
 [1 1 1 0 0 1 1 1 1 1]
 [1 1 1 1 1 0 1 1 1 0]
 [1 1 1 1 1 0 1 0 1 1]
 [1 1 0 1 0 1 1 0 1 1]
 [0 1 1 1 1 1 1 0 1 1]
 [1 1 1 0 1 1 0 1 1 0]
 [1 0 1 1 1 1 1 1 1 1]
 [0 1 1 1 1 0 1 1 1 1]
 [1 0 1 1 1 0 1 0 1 1]
 [1 1 1 0 1 1 1 0 0 0]
 [1 1 0 1 1 0 0 1 1 1]
 [1 1 0 0 1 1 1 1 1 0]
 [0 0 0 1 1 1 1 1 1 1]
 [1 1 1 1 0 1 1 1 0 0]
 [0 1 0 1 1 0 1 0 1 1]
 [1 1 1 1 1 0 0 1 1 0]
 [1 0 1 1 0 1 1 1 1 1]
 [0 1 1 1 1 1 1 0 1 0]
 [1 1 0 1 0 1 1 0 1 1]
 [1 1 1 1 1 1 1 1 1 1]
 [1 1 1 1 1 0 1 1 0 0]
 [0 1 1 1 1 1 1 1 1 1]
 [0 1 0 0 1 0 1 1 1 0]
 [1 0 1 1 0 1 0 1 1 0]
 [1 1 1 0 0 1 0 0 0 0]
 [1 0 1 1 1 1 1 0 1 1]
 [0 0 1 1 1 0 0 1 1 0]
 [1 1 0 0 1 1 1 1 0 0]
 [1 1 0 1 1 1 0 1 0 1]
 [0 1 1 1 0 1 1 1 1 0]
 [1 0 0 1 1 1 0 0 1 0]
 [1 1 0 1 1 0 0 1 0 1]
 [1 0 1 1 1 1 1 1 1 1]
 [1 1 1 1 1 1 1 1 1 1]
 [1 1 1 1 1 1 0 1 1 0]
 [0 0 1 0 0 1 1 0 1 1]
 [0 1 1 0 1 0 0 1 1 0]
 [1 1 1 1 1 0 1 1 1 0]
 [1 1 0 1 0 0 0 1 1 1]
 [1 1 0 1 1 1 1 1 0 1]
 [1 1 1 1 1 0 0 1 1 1]
 [1 1 0 1 1 1 1 0 1 0]
 [0 0 1 1 1 1 1 1 0 1]
 [1 1 0 1 1 0 1 1 1 1]
 [1 0 1 1 1 1 1 1 0 1]
 [1 1 0 1 0 1 1 1 0 0]
 [1 1 0 1 1 0 0 0 1 0]
 [1 1 0 1 1 0 1 1 1 1]
 [1 0 1 1 1 1 1 1 0 1]
 [1 1 1 0 0 1 0 1 0 0]]
{'restarts': 73, 'conflicts': 27412, 'decisions': 44433, 'propagations': 24733027}
Q is identifiable
branch at 6
runtime for solving id of Q is 3.792010458186269
Simulation results:
{'J': 100, 'K': 10, 'N': 10, 'p': 0.7, 'seed': 94, 'sim': 5, 'runtime': 3.792010458186269, 'identifiable': 1, 'branch': 6}
6
Q: [[1 0 1 1 0 1 0 1 1 0]
 [0 1 1 1 1 1 0 1 1 1]
 [1 1 0 1 1 1 1 1 1 1]
 [1 1 1 0 1 1 0 1 0 1]
 [1 0 1 1 0 1 1 0 1 1]
 [1 0 1 1 1 1 1 1 0 0]
 [0 1 0 0 1 1 1 1 0 0]
 [1 1 1 1 1 1 1 0 1 1]
 [0 1 1 1 0 0 0 0 1 0]
 [1 1 0 1 1 1 0 0 1 1]
 [0 1 1 1 0 1 1 0 1 1]
 [0 0 1 1 1 1 1 1 0 0]
 [1 1 1 0 0 1 1 1 1 0]
 [0 0 0 0 0 0 0 1 1 1]
 [1 0 1 1 1 1 1 1 0 1]
 [1 1 1 1 1 1 1 1 1 0]
 [1 1 1 0 0 0 1 1 1 1]
 [0 1 1 1 1 0 1 0 1 0]
 [1 0 0 0 1 0 1 1 1 1]
 [0 0 0 1 1 1 1 1 0 1]
 [1 0 1 0 1 1 1 1 0 1]
 [1 1 0 0 1 1 0 1 0 1]
 [0 0 1 1 1 1 0 0 1 0]
 [1 1 1 0 1 1 0 1 1 1]
 [1 1 1 1 1 1 1 1 1 1]
 [0 1 1 0 1 1 1 0 1 1]
 [1 0 1 1 0 1 0 1 1 1]
 [1 1 1 1 0 1 1 1 1 1]
 [1 1 1 1 1 0 0 1 0 1]
 [1 1 1 1 0 0 0 0 1 0]
 [0 0 0 1 1 1 0 0 0 1]
 [1 1 0 1 1 1 0 1 1 0]
 [0 1 0 1 1 1 1 0 0 1]
 [0 1 1 1 1 1 1 1 1 1]
 [1 1 1 1 0 1 1 1 0 1]
 [1 1 1 1 1 1 1 0 1 0]
 [1 1 0 1 1 1 1 0 1 0]
 [1 1 1 1 1 1 1 1 1 1]
 [1 0 0 1 0 1 1 1 1 1]
 [1 0 0 0 0 0 1 0 1 1]
 [1 1 1 1 0 0 1 0 1 1]
 [1 0 0 0 1 0 1 1 0 0]
 [1 0 1 1 1 1 0 1 1 1]
 [1 1 1 1 1 1 0 1 1 1]
 [1 1 1 1 0 1 0 1 0 1]
 [0 1 0 1 1 0 1 0 1 1]
 [0 1 1 1 0 1 1 1 1 0]
 [1 1 1 1 1 1 1 1 1 1]
 [1 0 1 1 1 1 1 1 1 1]
 [0 1 1 1 1 0 0 1 1 0]
 [1 0 1 1 0 0 0 1 0 1]
 [1 0 1 0 1 0 0 1 1 1]
 [1 1 1 1 0 1 1 1 0 1]
 [1 1 1 0 1 1 1 0 1 1]
 [1 1 1 1 1 1 0 0 1 0]
 [1 1 1 1 1 1 0 0 0 1]
 [0 0 1 1 1 1 1 1 1 0]
 [1 0 1 1 1 0 1 1 1 1]
 [0 0 1 1 1 0 1 1 1 1]
 [0 1 1 1 1 1 0 1 1 0]
 [0 0 1 1 1 1 1 0 1 1]
 [0 0 1 0 1 0 1 1 1 1]
 [1 0 1 1 1 0 0 1 0 1]
 [0 1 1 1 0 1 1 1 0 1]
 [1 1 0 1 1 0 1 1 1 1]
 [1 1 0 1 0 1 1 1 1 1]
 [0 1 1 1 1 1 1 1 0 1]
 [1 1 0 1 1 0 1 1 1 0]
 [0 0 1 0 1 0 1 1 1 1]
 [1 1 1 1 1 0 0 1 1 0]
 [1 1 1 1 1 0 1 1 1 1]
 [0 1 1 1 1 1 0 0 1 1]
 [0 1 1 1 1 0 0 1 1 1]
 [0 1 1 0 1 0 0 1 0 0]
 [0 0 0 1 1 1 1 0 1 0]
 [1 1 1 0 0 1 1 1 0 1]
 [1 1 0 1 0 0 1 1 1 0]
 [0 1 1 1 0 0 1 1 1 0]
 [0 1 1 0 1 0 1 0 1 0]
 [1 0 1 1 1 1 1 1 1 1]
 [1 1 1 0 0 0 0 0 1 0]
 [1 1 1 1 1 1 0 1 1 1]
 [0 1 1 1 1 1 1 1 1 0]
 [1 1 1 1 1 1 1 1 1 0]
 [0 1 1 0 0 1 1 1 0 1]
 [1 1 1 1 1 1 0 0 1 1]
 [0 1 0 0 1 0 1 0 0 0]
 [0 0 0 1 1 1 1 1 0 1]
 [1 1 1 1 0 0 1 0 1 1]
 [1 1 1 1 1 1 1 0 1 1]
 [1 0 1 0 1 0 0 1 1 1]
 [1 1 1 1 1 0 1 1 1 0]
 [1 0 1 1 1 1 1 0 1 0]
 [0 1 0 1 1 1 1 1 1 0]
 [1 1 1 1 1 1 1 1 0 1]
 [1 0 1 1 1 1 1 1 0 0]
 [1 1 1 1 1 0 1 1 1 0]
 [1 0 1 0 0 0 1 1 1 1]
 [1 0 1 1 1 1 1 1 0 1]
 [1 1 1 1 1 0 1 1 1 1]]
{'restarts': 12, 'conflicts': 2874, 'decisions': 6118, 'propagations': 2670832}
Q is identifiable
branch at 6
runtime for solving id of Q is 0.50805604737252
Simulation results:
{'J': 100, 'K': 10, 'N': 10, 'p': 0.7, 'seed': 94, 'sim': 6, 'runtime': 0.50805604737252, 'identifiable': 1, 'branch': 6}
7
Q: [[1 0 1 1 1 0 1 0 0 1]
 [1 1 0 1 1 1 1 0 1 0]
 [1 0 1 0 0 1 0 0 0 1]
 [1 1 1 1 1 0 1 1 0 1]
 [1 1 0 1 1 1 1 1 0 1]
 [0 1 1 1 1 1 0 1 1 1]
 [0 0 1 0 1 1 1 0 1 1]
 [1 1 1 1 1 1 1 1 1 0]
 [0 1 1 1 0 1 0 1 0 0]
 [1 1 1 1 0 1 1 1 1 1]
 [0 1 1 1 1 0 1 0 1 1]
 [0 1 1 1 1 1 1 1 1 1]
 [1 1 1 0 0 1 0 1 0 1]
 [0 1 1 1 1 1 1 1 1 1]
 [1 0 0 0 1 1 1 0 1 1]
 [1 0 1 1 1 1 1 0 1 1]
 [0 1 0 1 1 1 1 1 1 1]
 [1 1 1 1 0 1 1 1 0 0]
 [1 1 1 0 1 0 1 1 1 0]
 [1 1 1 1 1 1 1 1 1 1]
 [1 1 1 1 1 0 1 0 1 1]
 [1 1 1 1 1 1 1 0 1 0]
 [1 1 1 1 1 0 0 1 1 1]
 [1 0 1 1 1 0 1 0 0 1]
 [0 1 0 1 0 1 1 1 0 1]
 [1 1 1 1 0 1 1 0 1 1]
 [1 1 1 0 0 1 1 0 1 1]
 [1 1 0 0 1 1 0 1 0 1]
 [1 1 0 0 0 0 1 1 1 1]
 [1 0 1 0 1 0 1 1 1 1]
 [1 1 0 0 0 1 1 1 1 0]
 [1 1 1 0 0 1 1 1 1 1]
 [1 1 1 0 0 0 1 1 1 1]
 [1 1 1 0 1 1 0 1 1 1]
 [1 0 0 1 0 1 0 1 1 1]
 [1 1 0 1 1 0 0 1 0 1]
 [0 1 1 1 0 0 1 1 1 1]
 [1 0 1 1 1 1 1 1 1 1]
 [1 0 0 1 0 1 1 0 1 0]
 [0 0 1 1 1 1 0 1 1 1]
 [1 1 1 1 1 1 1 1 1 0]
 [1 1 1 0 1 1 1 0 1 0]
 [0 0 1 1 0 1 1 1 0 0]
 [1 0 1 1 0 1 1 1 0 0]
 [1 0 0 1 1 0 1 1 1 1]
 [0 1 0 1 0 0 1 0 1 1]
 [0 1 1 1 1 1 1 0 1 1]
 [1 1 1 1 1 1 1 1 1 1]
 [1 0 0 0 1 1 1 0 1 1]
 [0 1 1 1 1 1 0 1 1 1]
 [0 0 0 1 1 0 1 0 0 1]
 [1 1 0 1 1 0 0 1 1 1]
 [1 1 1 0 1 1 1 0 1 0]
 [1 1 1 0 0 0 0 1 1 0]
 [1 1 1 1 1 0 1 1 0 0]
 [1 1 1 0 1 1 0 0 0 1]
 [1 1 1 0 0 1 1 1 0 1]
 [1 1 0 1 1 1 0 1 1 1]
 [1 1 1 1 0 1 1 1 0 1]
 [0 0 0 1 1 0 1 1 1 0]
 [1 0 0 0 1 0 1 1 1 1]
 [1 0 1 1 1 1 0 0 0 1]
 [0 1 1 1 0 1 0 1 1 1]
 [1 1 0 0 0 0 1 1 1 0]
 [1 0 1 1 0 1 0 1 0 1]
 [1 1 1 0 1 1 1 0 1 1]
 [1 1 1 1 1 0 1 1 1 1]
 [0 1 0 1 1 0 0 1 1 1]
 [1 0 1 1 1 1 1 1 0 1]
 [1 0 1 0 1 1 1 0 0 1]
 [1 0 1 1 1 1 1 0 1 1]
 [1 0 1 1 0 1 1 1 1 1]
 [1 0 1 1 0 1 1 1 0 0]
 [0 1 1 0 1 1 1 1 1 1]
 [1 1 0 1 1 0 0 0 0 1]
 [0 0 1 1 0 1 1 1 1 1]
 [1 1 0 1 1 1 1 0 0 1]
 [1 1 1 1 0 1 1 1 0 0]
 [1 1 0 0 0 1 0 0 1 0]
 [0 1 1 1 1 1 1 1 0 1]
 [1 0 0 1 1 1 1 1 1 1]
 [1 1 1 1 1 1 1 0 1 1]
 [1 1 0 1 1 1 0 0 1 1]
 [1 1 1 1 1 0 0 1 1 1]
 [0 1 0 1 1 1 0 1 1 0]
 [1 1 0 1 1 0 1 1 1 1]
 [1 0 1 0 0 1 1 1 0 1]
 [1 0 0 0 1 1 1 1 1 1]
 [1 1 0 1 0 1 1 1 1 1]
 [1 1 1 1 1 1 0 1 0 0]
 [1 1 1 1 0 0 0 1 1 1]
 [1 1 1 1 1 1 1 0 0 0]
 [1 0 1 1 1 0 1 0 0 1]
 [1 1 0 1 0 0 1 1 1 1]
 [1 1 1 1 0 0 1 0 0 1]
 [0 0 1 1 1 1 1 1 1 1]
 [1 0 1 0 0 1 0 1 0 1]
 [1 1 1 1 0 0 1 1 1 1]
 [1 0 0 1 1 0 1 0 1 0]
 [1 0 1 0 1 1 1 1 0 1]]
{'restarts': 21, 'conflicts': 7361, 'decisions': 13392, 'propagations': 6877283}
Q is identifiable
branch at 6
runtime for solving id of Q is 1.0745948757976294
Simulation results:
{'J': 100, 'K': 10, 'N': 10, 'p': 0.7, 'seed': 94, 'sim': 7, 'runtime': 1.0745948757976294, 'identifiable': 1, 'branch': 6}
8
Q: [[1 1 0 1 1 1 0 1 1 1]
 [1 1 1 0 1 0 1 0 0 1]
 [0 1 1 1 1 1 1 1 1 1]
 [1 0 0 1 0 0 0 1 1 0]
 [0 1 1 1 0 1 1 1 1 1]
 [1 0 0 1 1 1 0 0 1 0]
 [1 1 1 1 1 1 1 1 1 1]
 [1 1 1 1 0 1 1 1 0 1]
 [1 1 1 1 1 0 0 0 1 0]
 [0 0 1 1 0 0 0 1 0 1]
 [0 0 1 1 1 1 1 0 0 1]
 [1 1 1 0 1 1 1 1 1 1]
 [0 1 1 0 1 0 0 0 1 1]
 [0 0 1 1 0 1 0 1 0 1]
 [1 1 0 1 1 0 0 1 0 1]
 [0 1 1 1 1 1 1 1 0 1]
 [0 1 1 1 1 1 1 1 1 1]
 [1 1 1 0 1 1 1 1 1 0]
 [0 1 1 1 1 0 1 1 1 1]
 [1 0 1 1 1 1 1 1 1 1]
 [0 1 1 1 1 1 0 1 0 1]
 [1 1 1 1 0 0 1 1 1 1]
 [1 0 1 0 1 0 1 1 0 1]
 [1 0 1 1 0 1 0 1 1 0]
 [1 0 1 0 1 1 1 1 1 0]
 [1 0 1 1 1 0 1 1 1 0]
 [0 1 0 1 1 0 1 1 1 1]
 [1 0 0 1 1 1 1 0 0 0]
 [0 1 1 1 0 1 1 1 1 0]
 [1 1 1 0 1 1 1 0 1 1]
 [1 0 0 1 1 1 1 0 1 1]
 [1 1 0 0 1 0 1 0 1 0]
 [0 1 1 1 1 1 0 1 1 1]
 [1 0 1 1 1 0 1 1 0 1]
 [0 1 1 1 0 1 1 1 1 1]
 [1 1 1 1 1 0 1 1 1 1]
 [1 1 1 1 1 1 0 1 0 0]
 [1 0 1 1 1 1 1 1 1 1]
 [0 1 1 0 0 0 1 1 1 1]
 [1 1 1 1 1 1 1 1 1 0]
 [1 0 0 1 1 0 1 1 1 1]
 [1 1 0 1 0 1 0 1 1 1]
 [1 1 1 1 1 1 0 1 1 0]
 [0 1 0 1 0 1 1 1 1 1]
 [1 1 1 1 1 1 1 1 0 0]
 [1 0 1 1 1 1 1 1 1 1]
 [1 1 1 1 0 1 0 0 0 1]
 [1 0 1 0 1 1 1 0 1 1]
 [1 1 1 1 1 1 1 1 1 1]
 [1 1 1 0 1 0 0 1 1 1]
 [1 1 1 1 1 0 0 1 1 1]
 [1 1 1 1 0 1 1 1 1 0]
 [1 0 0 1 1 1 1 1 1 1]
 [1 1 1 0 1 0 1 1 1 1]
 [0 1 0 1 1 0 1 0 1 1]
 [1 1 0 1 1 1 1 1 1 0]
 [1 1 1 1 0 1 1 0 1 1]
 [1 1 0 1 0 1 0 1 1 1]
 [0 1 1 1 0 0 1 1 0 1]
 [0 0 1 1 0 0 1 0 1 1]
 [1 1 1 1 0 1 1 0 1 1]
 [1 0 1 1 0 0 0 0 1 1]
 [0 0 1 1 1 0 0 1 1 0]
 [0 0 1 1 1 1 1 1 1 1]
 [1 1 1 1 1 0 0 0 1 1]
 [0 0 1 1 0 0 1 1 0 0]
 [0 0 1 1 1 1 1 1 0 1]
 [1 0 1 1 1 0 0 1 0 1]
 [1 1 1 0 1 1 1 1 0 1]
 [1 0 0 1 1 0 1 1 1 1]
 [1 0 1 0 1 1 1 0 1 1]
 [0 1 1 0 1 1 0 0 1 1]
 [1 1 1 0 0 1 1 0 0 1]
 [1 0 0 1 1 1 1 1 1 0]
 [1 1 0 1 0 1 1 1 1 0]
 [1 0 1 1 1 1 0 1 1 1]
 [1 1 0 1 1 1 1 1 0 1]
 [1 0 1 1 1 1 0 1 1 1]
 [1 0 1 1 0 1 0 1 0 1]
 [1 1 1 1 0 1 0 1 1 0]
 [1 1 1 1 1 1 1 1 1 0]
 [1 1 1 0 1 0 1 1 1 1]
 [1 0 1 1 0 1 0 1 1 1]
 [1 1 1 0 0 1 0 1 1 1]
 [0 1 0 1 0 1 0 1 0 1]
 [1 1 1 1 0 1 0 1 0 0]
 [1 0 0 0 0 1 0 1 0 1]
 [1 1 1 0 1 1 1 1 0 1]
 [1 0 1 1 1 1 0 1 1 0]
 [0 1 1 1 1 0 1 1 1 1]
 [1 1 0 1 1 1 1 0 0 1]
 [0 1 0 0 1 0 1 1 1 1]
 [1 1 0 1 1 1 0 1 1 1]
 [1 1 0 0 1 1 1 1 1 1]
 [0 0 1 1 1 1 0 1 1 1]
 [0 0 1 1 1 1 1 1 1 1]
 [1 1 1 1 1 1 1 1 0 1]
 [1 1 0 1 1 1 1 1 1 0]
 [1 1 0 0 1 1 1 0 1 1]
 [1 1 1 1 1 1 1 1 1 0]]
{'restarts': 8, 'conflicts': 2022, 'decisions': 4942, 'propagations': 1730260}
Q is identifiable
branch at 6
runtime for solving id of Q is 0.3643403211608529
Simulation results:
{'J': 100, 'K': 10, 'N': 10, 'p': 0.7, 'seed': 94, 'sim': 8, 'runtime': 0.3643403211608529, 'identifiable': 1, 'branch': 6}
9
Q: [[1 1 0 1 1 1 0 1 0 1]
 [0 1 1 1 1 0 0 1 0 1]
 [1 1 0 1 0 1 0 1 0 0]
 [1 1 1 1 1 1 1 1 1 1]
 [1 1 0 0 0 1 0 0 1 1]
 [1 1 0 0 1 0 1 0 1 0]
 [1 0 0 0 1 0 1 1 1 1]
 [1 1 0 0 0 0 0 1 1 1]
 [1 0 1 0 0 1 1 1 1 1]
 [1 1 0 1 1 0 1 1 1 1]
 [1 0 1 1 0 1 1 0 1 1]
 [1 1 0 1 1 0 0 1 1 1]
 [1 1 0 1 1 1 1 1 1 1]
 [1 1 1 1 1 1 0 1 0 1]
 [1 1 1 1 1 1 1 1 1 1]
 [1 1 1 0 1 1 1 1 1 1]
 [1 1 1 1 0 1 1 1 1 1]
 [1 0 1 1 1 0 1 1 1 1]
 [1 1 1 1 0 1 0 1 0 1]
 [1 1 1 0 0 1 1 0 1 0]
 [1 0 1 0 1 1 0 1 0 1]
 [1 1 1 0 0 1 0 1 0 0]
 [1 1 1 0 1 1 1 1 0 0]
 [1 1 1 1 1 1 0 0 1 0]
 [0 1 1 1 1 0 1 1 1 0]
 [0 0 1 0 1 1 1 0 1 0]
 [1 1 0 0 1 1 1 1 1 1]
 [1 1 1 0 1 1 1 1 0 1]
 [1 1 0 0 1 1 1 0 1 1]
 [1 0 1 1 0 1 1 1 1 1]
 [1 0 1 0 1 1 1 0 1 0]
 [0 1 1 1 1 0 1 1 0 1]
 [1 0 1 0 1 1 1 0 1 1]
 [1 1 1 0 1 1 1 1 1 1]
 [0 0 1 1 0 0 1 1 1 1]
 [1 1 1 0 1 1 1 1 0 0]
 [1 0 1 1 1 1 0 0 1 0]
 [1 1 1 1 1 1 0 1 1 0]
 [0 0 1 1 1 1 1 1 1 0]
 [1 1 0 1 0 1 0 1 1 1]
 [1 0 1 1 1 1 1 0 1 1]
 [1 1 1 1 1 1 1 1 0 1]
 [0 1 0 1 1 1 1 0 1 1]
 [1 1 1 1 1 1 1 1 1 1]
 [1 0 1 1 0 1 0 0 0 1]
 [1 1 1 0 0 1 0 1 1 1]
 [0 1 0 1 0 1 1 1 1 1]
 [1 0 0 1 0 0 1 0 1 1]
 [1 1 1 0 0 1 0 0 0 1]
 [1 0 1 1 0 1 0 1 1 0]
 [1 1 0 1 0 0 0 0 1 1]
 [1 1 0 0 1 1 1 1 0 1]
 [1 0 1 1 1 1 0 1 1 1]
 [1 1 1 0 1 1 1 0 1 1]
 [1 1 1 1 0 0 1 0 1 1]
 [1 1 1 0 0 1 1 1 1 1]
 [1 0 1 1 1 1 1 1 1 0]
 [1 0 1 1 1 0 1 1 1 0]
 [0 0 1 1 0 1 0 1 1 1]
 [1 1 1 1 0 1 1 0 1 1]
 [1 1 1 1 0 1 1 0 1 1]
 [1 1 1 1 1 1 0 1 1 1]
 [0 1 1 1 1 0 0 0 1 1]
 [0 0 1 1 1 1 1 1 1 1]
 [1 1 1 1 0 1 0 1 0 0]
 [1 0 1 0 0 1 1 1 1 1]
 [1 0 1 0 1 1 1 1 1 0]
 [1 1 1 0 1 1 1 0 1 0]
 [1 1 1 0 1 1 1 1 0 1]
 [1 1 1 1 0 1 1 1 1 1]
 [1 1 1 1 0 1 1 1 1 1]
 [1 1 0 1 1 1 0 0 1 0]
 [0 1 1 1 1 1 0 1 1 1]
 [1 1 1 0 1 1 1 1 1 0]
 [1 1 0 1 1 1 1 1 1 1]
 [1 1 1 0 1 1 1 0 0 1]
 [1 1 1 0 1 1 1 0 0 1]
 [1 1 1 0 0 1 1 1 0 1]
 [1 0 0 1 1 1 1 0 1 1]
 [0 0 1 1 1 1 1 0 1 1]
 [1 1 1 0 1 1 1 1 1 1]
 [1 1 1 1 1 1 0 1 1 0]
 [1 1 1 1 1 1 1 1 0 1]
 [1 1 1 0 1 0 1 0 1 1]
 [1 1 1 1 1 1 1 1 0 1]
 [1 1 1 0 1 1 1 1 0 1]
 [1 1 1 1 1 1 1 1 0 1]
 [1 1 1 1 1 1 0 1 1 1]
 [1 1 1 1 1 1 1 1 1 1]
 [1 1 1 1 0 1 1 0 1 1]
 [1 1 1 1 1 1 1 1 1 1]
 [1 1 1 1 1 0 1 1 1 0]
 [1 1 1 1 1 0 1 1 1 1]
 [0 0 0 1 0 1 0 1 0 1]
 [0 1 1 0 1 1 1 1 0 0]
 [1 0 1 1 1 1 1 1 1 1]
 [1 0 1 1 1 1 0 1 1 1]
 [0 1 1 1 1 1 1 0 1 1]
 [1 1 1 1 0 1 1 1 1 1]
 [0 1 1 1 1 1 1 0 1 1]]
{'restarts': 55, 'conflicts': 21264, 'decisions': 35764, 'propagations': 14323159}
Q is identifiable
branch at 6
runtime for solving id of Q is 2.3071534670889378
Simulation results:
{'J': 100, 'K': 10, 'N': 10, 'p': 0.7, 'seed': 94, 'sim': 9, 'runtime': 2.3071534670889378, 'identifiable': 1, 'branch': 6}
Simulation results:
[{'J': 100, 'K': 10, 'N': 10, 'p': 0.7, 'seed': 94, 'sim': 0, 'runtime': 4.123401312157512, 'identifiable': 1, 'branch': 6}, {'J': 100, 'K': 10, 'N': 10, 'p': 0.7, 'seed': 94, 'sim': 1, 'runtime': 0.26500524021685123, 'identifiable': 1, 'branch': 6}, {'J': 100, 'K': 10, 'N': 10, 'p': 0.7, 'seed': 94, 'sim': 2, 'runtime': 1.0276647824794054, 'identifiable': 1, 'branch': 6}, {'J': 100, 'K': 10, 'N': 10, 'p': 0.7, 'seed': 94, 'sim': 3, 'runtime': 2.119607539847493, 'identifiable': 1, 'branch': 6}, {'J': 100, 'K': 10, 'N': 10, 'p': 0.7, 'seed': 94, 'sim': 4, 'runtime': 0.9420584766194224, 'identifiable': 1, 'branch': 6}, {'J': 100, 'K': 10, 'N': 10, 'p': 0.7, 'seed': 94, 'sim': 5, 'runtime': 3.792010458186269, 'identifiable': 1, 'branch': 6}, {'J': 100, 'K': 10, 'N': 10, 'p': 0.7, 'seed': 94, 'sim': 6, 'runtime': 0.50805604737252, 'identifiable': 1, 'branch': 6}, {'J': 100, 'K': 10, 'N': 10, 'p': 0.7, 'seed': 94, 'sim': 7, 'runtime': 1.0745948757976294, 'identifiable': 1, 'branch': 6}, {'J': 100, 'K': 10, 'N': 10, 'p': 0.7, 'seed': 94, 'sim': 8, 'runtime': 0.3643403211608529, 'identifiable': 1, 'branch': 6}, {'J': 100, 'K': 10, 'N': 10, 'p': 0.7, 'seed': 94, 'sim': 9, 'runtime': 2.3071534670889378, 'identifiable': 1, 'branch': 6}]
