
The Gurobi software has a limited number of licenses. To request a license or
licenses, add this line

    #SBATCH --licenses=gurobi@slurmdb:1

to your SBATCH script, replacing N with the number of licenses you need. Gurobi
will need one license per process.


0
Q: [[1 1 0 1 1 0 0 0 1 1]
 [0 0 1 1 1 1 1 1 0 1]
 [1 1 1 0 1 1 1 1 1 1]
 [0 1 1 1 1 1 1 1 1 1]
 [1 1 0 1 1 1 1 1 1 1]
 [1 1 1 1 1 1 1 0 1 0]
 [1 1 1 1 1 1 1 1 0 1]
 [1 1 1 0 0 1 1 0 1 1]
 [1 0 1 1 1 1 1 0 0 1]
 [0 1 1 1 1 1 0 1 0 1]
 [1 1 1 0 0 1 1 0 1 1]
 [0 1 1 1 0 1 1 1 1 1]
 [1 1 0 1 0 1 0 1 0 1]
 [1 1 1 1 1 0 1 1 1 0]
 [1 1 1 1 1 0 0 1 1 1]
 [0 0 1 0 0 0 1 1 1 1]
 [1 0 1 1 1 0 0 1 1 0]
 [0 1 0 0 0 1 1 0 1 1]
 [1 0 1 1 0 1 1 0 0 1]
 [1 0 1 1 1 1 1 1 1 1]
 [1 0 1 0 1 1 1 1 1 1]
 [0 0 0 0 1 1 1 0 1 0]
 [1 1 1 1 1 1 0 0 1 1]
 [1 1 1 1 1 0 1 0 0 1]
 [1 1 1 0 0 0 0 1 1 1]
 [1 0 1 1 1 1 1 0 1 0]
 [0 1 0 1 1 1 1 1 1 1]
 [1 1 1 0 1 1 1 0 0 0]
 [1 0 1 0 1 1 1 0 1 1]
 [1 0 0 1 1 1 1 1 0 1]
 [1 0 0 1 1 0 1 1 1 1]
 [1 0 1 1 1 1 1 1 1 1]
 [1 0 1 1 1 1 1 0 1 0]
 [0 0 0 1 1 1 0 0 0 0]
 [1 0 1 1 1 0 0 1 1 1]
 [1 1 1 1 1 1 0 0 1 1]
 [1 0 1 0 0 1 1 1 1 1]
 [1 1 1 0 1 1 1 1 0 1]
 [1 1 1 1 1 1 1 1 1 1]
 [0 1 1 1 0 0 0 1 0 1]
 [0 0 0 1 1 1 0 1 0 1]
 [0 0 1 1 0 1 1 1 0 1]
 [1 1 1 1 1 1 0 1 1 1]
 [1 1 1 1 0 1 1 0 1 1]
 [1 1 1 0 0 1 1 0 1 1]
 [1 0 0 1 1 0 0 0 1 1]
 [1 1 1 0 0 1 1 0 1 1]
 [1 1 0 1 1 1 0 1 0 1]
 [1 1 1 0 1 0 1 1 0 1]
 [1 1 1 1 0 0 1 0 0 1]
 [1 1 1 1 1 1 0 0 0 1]
 [1 1 1 0 1 1 1 1 0 1]
 [0 0 1 0 0 1 0 0 0 1]
 [1 1 0 1 0 1 1 1 1 1]
 [1 0 0 1 1 1 1 1 1 1]
 [0 1 1 1 1 1 1 1 1 1]
 [1 1 0 1 1 0 1 1 0 0]
 [0 0 1 1 0 1 1 1 1 1]
 [1 0 1 1 1 1 1 1 1 1]
 [1 1 1 1 1 1 1 0 1 1]
 [1 1 1 1 0 1 0 1 1 1]
 [0 0 1 0 1 0 0 1 1 1]
 [0 1 1 0 1 1 1 1 0 1]
 [1 1 1 1 0 1 1 1 0 0]
 [1 1 1 0 1 1 1 1 0 1]
 [1 1 1 0 0 1 0 0 0 1]
 [1 0 1 1 0 1 1 1 1 1]
 [0 0 1 1 1 0 1 0 1 1]
 [0 1 1 1 0 1 1 1 1 1]
 [0 0 1 0 0 1 1 0 1 0]
 [1 1 1 1 1 1 1 1 1 1]
 [0 0 0 1 1 1 1 1 0 0]
 [1 1 1 1 0 0 1 1 1 1]
 [1 1 0 0 1 1 1 1 1 1]
 [1 0 1 1 0 0 0 1 1 1]
 [1 1 1 1 1 1 1 1 1 1]
 [1 1 1 0 1 1 1 0 1 1]
 [1 1 0 1 1 1 0 1 1 0]
 [1 0 0 0 1 1 1 1 1 1]
 [1 0 1 1 1 1 1 1 1 0]
 [1 1 0 1 1 1 1 0 0 1]
 [0 0 1 0 1 0 1 0 1 1]
 [1 1 1 0 1 1 0 1 1 1]
 [1 0 1 1 1 1 0 0 1 0]
 [1 1 1 1 1 1 0 1 1 1]
 [1 1 1 1 0 1 1 0 1 1]
 [1 0 1 1 1 1 1 1 1 1]
 [0 1 0 1 1 1 1 0 1 1]
 [0 0 0 0 1 1 1 1 0 1]
 [1 0 1 1 1 1 0 0 0 1]
 [1 0 1 0 1 1 1 1 1 1]
 [1 0 1 1 1 0 1 1 1 0]
 [1 1 1 1 0 0 1 1 1 1]
 [1 1 1 1 0 1 1 0 1 0]
 [1 0 1 0 1 1 1 0 1 0]
 [1 1 1 0 1 1 1 1 1 1]
 [1 1 1 1 0 0 0 1 1 1]
 [1 0 1 0 0 0 1 1 1 1]
 [1 1 0 0 0 1 1 1 1 1]
 [0 1 0 0 1 1 1 0 0 1]]
{'restarts': 10, 'conflicts': 2411, 'decisions': 5455, 'propagations': 2064575}
Q is identifiable
branch at 6
runtime for solving id of Q is 0.3833929290995002
Simulation results:
{'J': 100, 'K': 10, 'N': 10, 'p': 0.7, 'seed': 468, 'sim': 0, 'runtime': 0.3833929290995002, 'identifiable': 1, 'branch': 6}
1
Q: [[1 1 1 1 1 1 1 1 1 1]
 [1 1 0 1 1 1 1 0 1 1]
 [1 1 1 1 1 1 1 1 1 0]
 [1 1 0 1 1 1 1 1 1 1]
 [1 1 1 1 0 1 1 1 1 1]
 [0 1 0 1 1 1 1 1 0 1]
 [1 1 1 0 1 1 1 0 1 0]
 [0 1 0 1 1 1 1 1 1 1]
 [1 0 1 1 0 1 1 0 1 1]
 [0 1 0 1 0 1 0 1 1 0]
 [1 0 1 1 1 1 1 0 1 1]
 [1 1 0 0 0 0 1 1 1 1]
 [0 1 0 0 1 1 0 1 1 1]
 [0 1 1 1 1 0 1 1 0 1]
 [1 0 1 1 1 1 1 0 1 0]
 [0 1 1 0 1 1 1 1 0 1]
 [1 1 1 1 1 1 1 1 1 1]
 [0 1 0 1 1 1 0 1 1 1]
 [1 1 0 1 1 0 1 1 1 1]
 [1 1 1 0 0 1 1 1 1 1]
 [1 1 1 0 0 0 1 0 1 1]
 [1 1 1 1 0 0 0 1 1 1]
 [1 1 1 1 1 1 1 0 0 1]
 [1 0 1 0 0 1 1 1 1 1]
 [0 1 1 0 1 1 0 0 1 0]
 [1 1 0 1 1 0 1 1 1 1]
 [0 1 1 1 1 1 1 1 0 1]
 [0 1 0 1 1 1 1 1 1 0]
 [1 1 1 1 1 0 1 1 1 0]
 [1 1 0 1 1 1 1 1 1 1]
 [1 0 1 1 1 1 1 0 0 1]
 [0 0 1 1 1 1 0 1 1 1]
 [0 1 1 0 1 0 0 0 0 0]
 [1 1 1 1 1 1 1 1 0 1]
 [1 1 1 1 1 1 1 1 0 0]
 [1 1 1 0 1 1 1 0 0 0]
 [1 1 1 1 0 1 1 0 1 0]
 [1 0 1 1 1 0 1 0 1 1]
 [1 0 1 0 0 1 1 1 1 1]
 [0 1 1 1 1 0 1 1 1 1]
 [0 0 0 1 1 1 0 1 0 1]
 [1 1 1 1 1 1 0 1 1 1]
 [1 1 0 1 1 1 1 1 1 0]
 [1 1 0 1 1 1 1 0 1 1]
 [1 1 1 1 0 1 0 0 0 1]
 [1 0 0 0 0 0 0 1 0 1]
 [1 1 0 1 1 0 1 0 1 1]
 [1 0 1 1 1 1 1 0 1 0]
 [0 1 0 1 1 0 1 0 1 1]
 [1 1 0 1 1 1 1 0 1 0]
 [1 1 1 1 0 1 1 0 1 0]
 [0 1 1 1 0 0 1 1 1 1]
 [0 1 1 0 1 1 1 0 0 1]
 [0 1 1 0 1 1 0 1 1 1]
 [1 1 1 1 1 1 1 0 1 0]
 [1 0 1 0 1 0 0 1 1 1]
 [1 0 1 0 1 1 1 1 1 1]
 [1 1 0 0 1 0 0 0 1 1]
 [1 0 1 1 1 1 1 0 0 1]
 [1 0 0 0 0 1 0 1 1 0]
 [0 1 1 0 1 1 1 0 1 1]
 [1 1 0 1 1 1 1 1 0 1]
 [1 0 0 1 0 1 1 1 0 0]
 [1 1 1 1 0 1 1 1 0 1]
 [1 0 0 1 1 0 1 1 1 1]
 [0 1 1 1 1 0 0 0 1 1]
 [0 1 0 1 0 1 1 1 0 1]
 [1 0 1 1 1 1 1 0 1 1]
 [1 1 0 0 1 1 0 1 1 1]
 [0 0 1 0 1 0 1 1 1 1]
 [1 1 0 1 1 1 1 1 1 0]
 [1 1 0 0 1 1 1 1 1 0]
 [1 1 1 1 1 1 0 0 0 1]
 [1 1 1 1 1 1 0 1 1 0]
 [0 1 0 1 1 0 0 0 1 1]
 [0 1 0 1 1 0 1 0 1 1]
 [1 1 1 1 1 1 0 0 1 1]
 [1 1 1 1 1 1 0 1 1 0]
 [1 1 1 1 1 0 1 1 1 1]
 [0 1 1 1 0 0 1 1 0 1]
 [1 1 1 1 0 1 0 1 0 1]
 [1 1 1 1 1 0 0 1 1 0]
 [1 1 1 1 0 1 0 1 1 1]
 [1 1 1 1 1 1 1 0 1 1]
 [1 1 1 1 1 1 1 0 1 0]
 [1 1 1 0 1 1 0 1 1 1]
 [1 1 1 0 1 0 0 1 0 1]
 [1 0 1 0 0 1 1 1 0 1]
 [0 0 0 0 1 1 1 0 0 0]
 [0 1 0 0 1 1 0 1 1 1]
 [1 1 0 0 1 0 1 1 1 0]
 [0 1 1 1 1 1 1 1 1 0]
 [1 1 0 1 1 1 0 1 1 0]
 [0 1 1 0 1 0 0 1 1 1]
 [0 0 1 1 0 1 0 0 1 1]
 [1 1 1 1 0 1 1 1 1 1]
 [1 1 1 1 0 1 1 1 0 1]
 [0 1 1 0 1 0 1 1 0 1]
 [1 0 1 1 1 1 1 1 1 1]
 [1 1 1 1 1 1 1 1 1 1]]
{'restarts': 7, 'conflicts': 3133, 'decisions': 6091, 'propagations': 2272687}
Q is identifiable
branch at 6
runtime for solving id of Q is 0.43407184910029173
Simulation results:
{'J': 100, 'K': 10, 'N': 10, 'p': 0.7, 'seed': 468, 'sim': 1, 'runtime': 0.43407184910029173, 'identifiable': 1, 'branch': 6}
2
Q: [[1 0 0 0 0 1 1 1 1 1]
 [1 1 1 1 1 1 1 1 1 0]
 [1 0 1 0 1 1 1 1 1 1]
 [1 0 0 1 1 1 1 1 0 0]
 [1 1 0 1 1 1 1 1 1 1]
 [1 1 1 1 1 1 1 1 1 0]
 [1 1 1 1 0 0 1 1 1 0]
 [0 0 0 1 1 1 1 0 0 0]
 [1 1 1 1 0 1 1 0 1 1]
 [1 1 1 1 1 1 0 0 1 1]
 [1 1 1 1 1 1 0 1 1 0]
 [1 0 1 1 0 1 0 1 1 1]
 [1 0 0 1 1 1 1 0 1 1]
 [0 1 1 0 1 0 1 1 1 1]
 [1 1 1 0 0 0 1 1 1 1]
 [1 0 1 1 0 1 1 1 0 1]
 [0 1 1 0 0 1 1 1 1 1]
 [1 1 0 1 1 1 1 1 1 1]
 [0 1 1 1 0 0 0 0 0 1]
 [0 0 1 1 0 1 1 0 0 1]
 [1 1 0 1 0 1 0 1 1 0]
 [0 0 1 1 0 1 0 1 1 1]
 [1 1 1 0 1 1 0 1 1 1]
 [1 1 1 0 1 1 1 1 1 1]
 [1 1 1 1 0 1 0 1 1 0]
 [1 1 0 1 0 1 1 1 0 1]
 [0 1 0 0 1 0 1 0 1 1]
 [1 1 0 1 0 1 1 0 1 1]
 [1 0 1 1 1 1 0 1 0 1]
 [0 1 1 1 1 1 1 1 1 1]
 [0 0 0 1 0 0 1 1 0 1]
 [1 1 1 1 1 1 1 1 0 1]
 [1 1 0 1 0 0 1 1 1 1]
 [0 1 0 0 0 1 0 1 1 0]
 [1 1 1 1 1 1 1 1 1 0]
 [0 0 1 1 1 0 0 1 1 0]
 [1 0 1 0 1 1 1 1 1 1]
 [1 1 0 1 1 1 1 1 1 1]
 [1 1 1 1 1 1 1 1 1 1]
 [0 1 1 0 0 1 1 1 0 1]
 [1 1 0 0 1 1 0 1 1 0]
 [1 1 0 0 1 1 0 0 1 1]
 [1 1 1 0 1 1 1 1 0 1]
 [1 1 1 1 1 1 1 0 1 1]
 [0 0 1 1 1 1 1 1 1 1]
 [0 1 0 1 1 1 1 1 0 1]
 [0 1 0 1 0 0 0 1 1 1]
 [1 0 1 0 1 0 1 1 0 1]
 [1 0 1 1 0 1 1 1 0 0]
 [1 1 0 0 0 1 1 1 1 1]
 [1 0 1 1 1 1 0 1 1 0]
 [1 0 0 0 0 0 0 1 0 1]
 [1 1 1 1 0 1 0 1 1 1]
 [0 1 1 1 0 1 0 1 0 1]
 [1 1 1 0 1 1 1 0 1 1]
 [0 1 1 0 1 1 0 1 1 0]
 [1 1 1 0 1 1 0 1 1 1]
 [0 1 1 0 0 1 0 0 1 1]
 [1 1 0 0 0 1 1 1 1 1]
 [1 1 1 0 0 1 0 1 0 0]
 [1 1 1 0 1 0 1 1 1 1]
 [1 1 1 1 1 1 1 0 1 1]
 [1 0 0 0 1 1 1 1 1 0]
 [0 0 1 0 1 0 1 1 1 1]
 [1 1 0 1 1 0 0 1 0 1]
 [0 0 1 0 1 1 1 0 1 1]
 [1 1 1 1 1 1 1 0 1 1]
 [0 1 1 1 1 1 1 0 1 0]
 [1 1 1 0 1 0 1 1 1 0]
 [1 1 1 0 1 1 1 1 1 1]
 [1 0 1 1 0 0 1 0 0 1]
 [0 0 1 1 1 1 0 1 1 1]
 [1 1 1 1 1 1 0 1 1 1]
 [0 1 1 1 1 1 1 1 1 0]
 [1 0 1 1 1 1 0 1 0 1]
 [1 0 1 1 0 0 1 1 0 1]
 [0 1 1 1 1 1 1 0 1 1]
 [0 1 1 1 1 1 0 1 1 1]
 [0 1 1 1 1 0 1 1 0 1]
 [1 0 1 1 1 0 1 1 0 0]
 [1 1 1 0 1 1 1 1 0 1]
 [0 1 1 1 1 0 1 1 0 1]
 [1 1 1 0 1 1 1 1 1 1]
 [1 0 1 1 1 1 1 1 1 1]
 [0 1 1 0 1 1 1 1 1 1]
 [0 1 1 1 1 1 1 1 1 0]
 [1 1 0 0 1 1 1 1 1 1]
 [1 1 1 0 1 0 1 1 1 1]
 [0 1 1 1 1 0 1 0 1 0]
 [1 1 1 1 1 1 1 0 1 1]
 [1 0 1 0 1 1 1 1 1 0]
 [0 0 0 0 1 0 1 1 1 1]
 [1 1 1 1 1 1 1 1 1 1]
 [1 0 1 1 1 0 1 1 1 1]
 [1 1 0 1 1 1 1 1 0 1]
 [0 1 1 0 1 1 0 1 0 0]
 [1 1 1 0 1 1 1 1 1 1]
 [1 0 0 1 1 1 0 1 1 1]
 [1 1 1 1 1 1 1 0 1 1]
 [1 1 1 1 1 1 0 0 0 1]]
{'restarts': 11, 'conflicts': 3296, 'decisions': 6727, 'propagations': 2984950}
Q is identifiable
branch at 6
runtime for solving id of Q is 0.5402056602761149
Simulation results:
{'J': 100, 'K': 10, 'N': 10, 'p': 0.7, 'seed': 468, 'sim': 2, 'runtime': 0.5402056602761149, 'identifiable': 1, 'branch': 6}
3
Q: [[1 0 0 1 1 1 0 1 1 1]
 [1 1 0 0 1 1 1 1 0 1]
 [1 0 1 0 0 0 1 1 1 0]
 [1 1 1 1 1 1 1 1 1 0]
 [1 1 0 1 0 1 1 1 1 0]
 [1 1 0 0 1 0 1 1 1 1]
 [1 1 1 1 1 0 1 1 0 1]
 [1 0 1 1 0 0 0 1 1 1]
 [1 1 0 1 0 1 0 0 1 0]
 [0 0 0 1 0 0 1 1 0 1]
 [1 1 0 0 0 1 0 0 0 1]
 [1 1 0 0 0 0 1 1 0 1]
 [0 1 1 1 0 1 1 1 1 1]
 [1 0 1 1 0 1 0 0 1 1]
 [0 1 0 1 1 1 1 0 0 1]
 [1 1 0 0 1 0 1 0 1 0]
 [1 1 1 1 1 1 1 0 0 1]
 [1 1 1 1 0 0 1 0 0 0]
 [1 1 0 1 0 0 1 1 0 0]
 [0 1 0 1 1 1 1 1 1 0]
 [1 1 0 1 1 1 0 1 1 0]
 [0 0 1 0 1 1 0 1 0 1]
 [1 1 0 0 1 1 0 0 1 0]
 [1 1 0 1 1 0 0 1 1 0]
 [1 1 1 0 0 1 1 0 0 1]
 [1 1 0 1 0 0 1 0 1 0]
 [1 1 0 1 0 1 0 0 1 0]
 [1 1 0 1 1 0 0 1 1 1]
 [1 1 1 1 1 1 1 1 1 1]
 [0 1 0 1 0 1 1 1 1 1]
 [1 1 1 1 0 0 1 0 1 1]
 [1 1 1 0 1 0 1 1 1 1]
 [0 1 1 1 1 0 0 1 1 1]
 [1 1 1 1 1 1 1 1 0 1]
 [0 1 0 1 1 1 1 0 0 1]
 [1 1 1 1 1 1 0 1 0 1]
 [1 1 1 1 1 1 1 0 1 0]
 [1 1 1 1 1 1 1 1 1 1]
 [1 0 0 1 1 1 0 1 0 1]
 [1 1 0 0 1 1 1 1 1 0]
 [1 1 1 1 0 0 1 0 1 1]
 [0 0 1 1 0 1 1 1 0 1]
 [0 1 1 0 1 0 1 0 0 1]
 [1 1 1 0 1 1 1 1 0 1]
 [0 1 1 0 0 1 1 0 1 0]
 [0 1 1 1 1 0 1 1 1 1]
 [1 1 0 0 1 1 1 0 1 0]
 [1 1 1 1 1 1 1 1 1 1]
 [1 1 1 1 0 1 1 1 0 0]
 [1 1 1 0 0 1 1 1 1 0]
 [1 1 1 1 1 1 1 0 1 0]
 [1 0 1 0 0 1 1 1 1 0]
 [1 1 1 1 1 1 0 1 1 1]
 [0 0 0 0 1 0 0 0 1 0]
 [0 1 1 1 1 1 1 0 1 1]
 [1 1 0 1 1 0 1 1 1 1]
 [1 1 1 1 1 0 1 1 1 1]
 [1 1 1 1 0 0 0 1 1 0]
 [1 0 1 1 1 0 1 1 0 1]
 [1 1 1 1 1 0 1 1 0 0]
 [1 1 1 1 1 1 0 1 1 0]
 [1 0 1 0 0 1 1 1 1 1]
 [1 1 1 0 0 1 0 0 1 1]
 [0 0 1 1 1 1 1 1 1 1]
 [0 1 1 1 1 1 0 1 1 0]
 [1 1 0 1 1 0 0 0 1 0]
 [1 1 1 0 1 1 0 1 1 1]
 [1 1 1 1 1 0 1 1 1 1]
 [1 1 1 1 1 1 1 0 1 1]
 [1 1 1 1 0 1 1 1 1 0]
 [1 1 1 1 1 1 1 1 1 1]
 [0 1 1 0 1 1 0 1 1 1]
 [1 1 0 1 1 1 1 1 1 1]
 [1 1 1 1 1 1 0 0 0 0]
 [1 0 1 1 1 1 1 1 1 0]
 [1 1 1 1 1 1 0 0 1 1]
 [1 1 1 1 1 1 1 0 0 1]
 [0 1 1 1 0 1 1 1 1 0]
 [1 0 1 1 1 1 0 1 1 1]
 [0 1 1 1 1 1 1 1 1 1]
 [1 1 1 1 1 0 1 1 0 1]
 [0 1 1 0 0 1 0 1 0 0]
 [1 1 1 1 1 1 1 1 0 1]
 [1 1 1 1 1 0 1 0 1 0]
 [1 1 1 1 1 0 0 1 1 1]
 [1 1 0 1 1 0 0 1 1 1]
 [1 1 1 1 1 1 1 0 1 1]
 [0 1 1 1 1 0 1 1 0 1]
 [1 1 1 1 1 1 1 0 0 0]
 [1 0 1 1 1 0 1 0 0 0]
 [0 1 1 1 1 1 1 1 0 1]
 [1 0 1 1 1 1 1 1 0 0]
 [0 0 1 1 1 1 0 0 1 0]
 [1 1 0 1 1 0 1 1 0 0]
 [1 1 0 0 0 0 1 1 1 1]
 [0 0 1 1 1 1 1 1 1 1]
 [1 1 0 0 0 1 0 1 1 1]
 [0 1 0 0 1 1 1 0 0 1]
 [1 1 0 0 1 1 1 0 0 1]
 [1 1 0 1 1 0 1 0 1 0]]
{'restarts': 16, 'conflicts': 4184, 'decisions': 8132, 'propagations': 3580296}
Q is identifiable
branch at 6
runtime for solving id of Q is 0.5745368925854564
Simulation results:
{'J': 100, 'K': 10, 'N': 10, 'p': 0.7, 'seed': 468, 'sim': 3, 'runtime': 0.5745368925854564, 'identifiable': 1, 'branch': 6}
4
Q: [[1 1 1 1 1 1 0 1 0 0]
 [1 1 1 1 1 1 1 1 1 1]
 [1 0 0 1 0 1 1 1 1 0]
 [1 0 0 1 0 1 1 0 1 1]
 [0 1 1 1 1 1 1 1 0 1]
 [0 1 1 1 1 1 0 1 1 1]
 [0 1 0 0 1 1 0 1 0 1]
 [1 1 1 1 1 1 1 1 1 1]
 [1 1 1 0 0 1 1 1 1 1]
 [1 0 1 1 0 1 0 0 1 1]
 [1 0 1 1 0 1 1 1 0 1]
 [1 1 0 1 1 1 0 0 0 0]
 [0 0 1 1 1 1 1 1 1 1]
 [1 1 1 0 0 1 1 1 0 1]
 [1 0 1 0 1 1 1 1 1 1]
 [0 1 0 1 1 1 1 1 1 1]
 [1 1 1 0 1 1 1 1 1 1]
 [1 0 1 1 1 0 1 1 1 1]
 [0 1 0 1 0 1 0 1 1 1]
 [1 0 1 1 1 0 0 0 0 1]
 [0 0 1 1 1 1 1 0 0 1]
 [1 1 1 1 1 1 0 1 1 1]
 [1 1 1 1 0 1 1 1 1 1]
 [1 1 1 1 0 1 0 1 0 1]
 [1 1 1 0 1 0 1 1 1 1]
 [1 1 1 1 1 0 1 0 1 1]
 [1 1 0 0 0 0 1 0 1 0]
 [1 0 0 1 1 1 0 1 1 0]
 [1 1 0 1 1 0 1 1 1 1]
 [1 1 1 1 0 1 0 1 1 0]
 [0 1 1 0 1 1 0 1 1 1]
 [1 1 1 1 1 1 1 1 1 1]
 [1 0 1 1 1 1 1 1 0 1]
 [1 1 0 0 1 0 0 1 0 1]
 [0 0 1 1 0 0 1 1 0 1]
 [1 1 1 1 1 1 0 0 0 1]
 [1 1 1 1 1 1 1 1 1 0]
 [1 1 0 1 1 1 1 1 1 0]
 [1 0 1 0 1 0 1 0 1 1]
 [0 1 1 1 0 1 1 0 0 1]
 [1 0 0 1 0 1 1 1 0 1]
 [0 0 0 0 1 0 1 1 1 1]
 [0 0 1 0 1 1 0 0 1 1]
 [1 1 0 0 1 1 1 1 0 1]
 [1 1 1 0 1 1 0 1 1 1]
 [1 1 1 1 1 0 1 1 1 1]
 [0 1 1 1 0 1 0 1 1 1]
 [1 0 1 1 1 0 1 1 1 1]
 [1 0 0 1 1 1 1 1 0 1]
 [0 1 1 1 1 1 1 0 1 1]
 [1 0 0 0 1 1 1 1 1 1]
 [0 1 1 1 0 0 1 1 1 0]
 [1 1 1 1 1 0 1 1 1 1]
 [1 1 1 0 1 1 1 1 0 1]
 [0 1 1 1 1 0 1 1 1 1]
 [1 0 1 1 0 1 0 1 0 1]
 [0 1 0 0 1 0 1 1 1 0]
 [1 1 1 0 1 1 1 1 1 1]
 [1 1 1 1 0 0 1 0 0 1]
 [1 1 1 1 1 1 1 1 1 1]
 [0 1 0 1 1 1 0 0 0 1]
 [1 1 1 1 1 1 1 1 1 1]
 [1 1 0 1 1 0 0 1 0 1]
 [1 1 1 0 1 1 1 1 0 1]
 [0 0 1 1 0 1 1 1 1 0]
 [1 0 0 0 1 1 0 0 1 0]
 [0 1 0 1 1 1 1 1 0 1]
 [1 1 1 1 1 1 1 0 1 1]
 [0 1 1 0 1 1 1 1 0 1]
 [1 0 1 1 1 1 0 0 0 1]
 [1 1 1 0 0 1 0 1 1 1]
 [1 1 0 0 1 1 1 1 1 1]
 [1 0 1 1 1 1 1 1 1 1]
 [1 1 1 1 1 0 0 1 0 1]
 [1 0 1 0 1 0 0 0 1 1]
 [0 1 0 1 1 0 1 0 1 0]
 [1 0 1 1 0 1 1 0 1 1]
 [0 1 1 1 0 1 1 1 1 0]
 [0 0 1 0 0 1 1 0 0 1]
 [1 1 1 0 1 0 0 1 0 1]
 [1 0 1 1 0 0 1 1 0 1]
 [1 0 0 1 1 0 1 1 1 0]
 [0 1 1 0 1 1 0 1 1 0]
 [1 1 0 1 1 1 1 1 1 1]
 [1 1 0 1 1 1 1 0 1 1]
 [1 0 1 1 0 1 1 0 1 1]
 [0 1 1 0 1 1 1 1 1 0]
 [1 0 1 1 1 0 1 1 1 1]
 [1 1 1 1 0 1 0 1 1 1]
 [0 1 1 1 0 0 1 1 1 1]
 [1 0 1 1 1 1 1 1 1 1]
 [1 1 0 1 0 1 1 1 0 1]
 [0 1 1 0 1 1 1 1 1 1]
 [1 0 0 1 0 0 1 0 0 1]
 [1 0 1 1 1 0 1 1 0 1]
 [1 0 1 1 0 0 1 1 1 1]
 [1 1 0 1 1 0 1 1 1 1]
 [1 1 1 1 1 1 1 1 0 1]
 [1 1 0 1 1 1 1 0 0 1]
 [1 1 1 1 1 1 1 1 1 0]]
{'restarts': 10, 'conflicts': 4124, 'decisions': 8257, 'propagations': 3734677}
Q is identifiable
branch at 6
runtime for solving id of Q is 0.644536160863936
Simulation results:
{'J': 100, 'K': 10, 'N': 10, 'p': 0.7, 'seed': 468, 'sim': 4, 'runtime': 0.644536160863936, 'identifiable': 1, 'branch': 6}
5
Q: [[0 1 1 1 1 0 1 0 1 1]
 [1 1 1 0 1 0 1 0 1 1]
 [1 0 1 1 0 1 0 0 0 1]
 [1 1 1 1 1 1 0 1 1 0]
 [1 0 1 0 1 1 0 0 1 1]
 [1 1 1 1 1 1 0 0 1 1]
 [1 1 0 0 0 1 1 1 1 1]
 [1 0 1 1 1 1 0 1 1 1]
 [0 1 1 1 1 0 1 1 1 0]
 [0 0 1 1 1 1 0 0 1 1]
 [0 0 1 1 1 0 0 0 0 1]
 [1 1 1 0 1 1 0 1 1 0]
 [1 1 1 1 1 0 0 0 1 0]
 [1 1 1 1 1 1 1 0 1 1]
 [1 1 1 1 1 0 0 0 1 1]
 [1 0 0 1 0 1 0 1 0 1]
 [1 1 1 1 1 0 0 1 0 1]
 [1 1 1 1 0 1 1 1 1 1]
 [1 1 1 1 0 0 1 0 0 1]
 [0 1 1 1 1 1 0 1 0 1]
 [0 1 1 1 1 1 0 1 1 1]
 [1 1 1 0 0 1 0 1 0 1]
 [0 1 0 1 1 0 0 1 1 1]
 [1 1 1 1 1 1 1 1 1 0]
 [1 1 1 1 0 1 1 0 0 1]
 [0 1 1 0 1 1 1 1 0 1]
 [1 0 1 1 1 1 1 1 1 1]
 [1 1 1 0 1 0 1 1 1 0]
 [0 1 0 0 1 0 1 0 1 1]
 [1 0 1 1 1 1 1 1 1 1]
 [0 1 0 1 1 1 1 0 0 1]
 [0 1 0 1 1 1 0 1 1 1]
 [1 1 0 0 1 1 0 1 1 1]
 [0 1 1 1 1 1 1 1 0 1]
 [0 0 1 0 1 1 1 0 0 1]
 [1 1 1 1 1 0 1 1 1 1]
 [1 1 1 1 0 1 1 1 0 0]
 [1 0 0 0 1 1 1 1 1 1]
 [1 0 0 0 0 0 1 1 1 1]
 [1 0 1 1 1 0 0 1 1 1]
 [1 1 1 1 1 0 0 1 1 1]
 [1 1 1 0 1 1 0 1 1 1]
 [0 1 0 0 1 1 1 1 1 1]
 [0 1 0 1 1 1 1 1 1 0]
 [1 1 1 1 1 1 1 1 1 1]
 [1 0 1 0 1 1 1 1 0 1]
 [1 1 1 1 1 1 1 1 1 1]
 [1 1 1 1 1 1 1 1 1 1]
 [1 1 1 1 1 1 1 1 1 1]
 [1 1 1 1 1 1 1 0 1 1]
 [1 1 1 0 1 0 1 1 0 0]
 [0 1 1 1 1 0 1 1 1 0]
 [1 1 1 1 1 1 0 1 1 1]
 [1 0 1 0 1 0 1 1 1 1]
 [1 0 1 0 0 1 1 0 0 1]
 [1 1 1 1 1 1 1 1 1 0]
 [1 0 1 1 0 0 1 0 0 1]
 [1 0 0 1 0 0 0 0 0 1]
 [1 0 0 0 0 1 1 1 1 1]
 [1 1 0 1 0 1 1 0 1 0]
 [0 1 1 1 0 1 1 1 1 1]
 [1 1 0 1 0 1 1 1 0 1]
 [1 0 1 1 1 0 1 1 1 1]
 [1 1 1 0 0 0 1 1 1 0]
 [1 1 1 1 1 1 1 0 1 1]
 [1 1 1 1 0 0 1 0 0 1]
 [1 1 1 1 1 1 0 0 0 0]
 [0 1 0 0 1 1 1 1 1 1]
 [1 1 1 1 0 1 0 1 0 0]
 [1 1 1 1 1 1 1 1 1 0]
 [1 1 0 1 1 1 0 0 1 0]
 [1 0 1 1 0 1 1 1 0 0]
 [0 0 1 1 1 0 1 0 1 0]
 [0 1 0 1 1 1 0 0 1 1]
 [1 1 0 1 1 1 1 1 1 1]
 [0 0 1 1 0 0 1 1 1 1]
 [1 0 0 0 0 1 0 0 1 1]
 [0 1 0 1 0 1 1 1 1 1]
 [1 1 1 0 1 1 1 1 0 0]
 [1 1 0 0 1 1 1 0 1 1]
 [0 1 1 0 1 1 0 1 1 0]
 [1 0 0 1 1 1 0 1 1 1]
 [0 1 1 1 0 1 1 1 0 1]
 [1 1 1 1 0 0 1 1 1 0]
 [1 1 0 0 0 0 1 1 0 1]
 [1 0 1 1 1 1 1 1 1 0]
 [1 1 1 1 1 1 1 0 1 0]
 [1 1 1 0 1 0 1 1 1 1]
 [0 1 1 1 0 1 1 1 1 0]
 [1 1 0 1 1 1 1 1 0 1]
 [0 0 1 1 1 1 1 1 1 1]
 [1 0 0 0 1 0 1 1 1 1]
 [1 0 0 1 1 0 1 1 1 1]
 [1 1 1 1 0 0 1 0 0 1]
 [0 1 0 1 0 1 1 1 1 1]
 [1 1 1 1 1 1 1 1 1 1]
 [1 1 1 1 1 1 0 1 1 1]
 [1 1 1 0 0 1 1 0 1 1]
 [1 0 1 1 1 0 0 0 1 0]
 [1 0 1 1 1 1 1 0 1 1]]
{'restarts': 19, 'conflicts': 7254, 'decisions': 13464, 'propagations': 7980030}
Q is identifiable
branch at 6
runtime for solving id of Q is 1.2557700872421265
Simulation results:
{'J': 100, 'K': 10, 'N': 10, 'p': 0.7, 'seed': 468, 'sim': 5, 'runtime': 1.2557700872421265, 'identifiable': 1, 'branch': 6}
6
Q: [[1 1 1 1 1 1 0 1 1 0]
 [0 0 1 1 0 0 1 1 1 1]
 [1 1 0 0 0 1 0 1 0 1]
 [1 1 1 0 0 1 1 1 1 1]
 [0 0 0 1 0 0 0 1 0 1]
 [1 0 1 1 1 1 1 0 0 1]
 [1 0 1 1 1 0 1 1 0 0]
 [1 0 1 0 1 0 0 1 1 1]
 [1 1 1 1 1 1 1 1 1 0]
 [1 1 1 0 0 0 1 1 0 0]
 [0 0 1 1 0 0 1 0 1 1]
 [1 1 1 1 1 1 0 1 1 1]
 [1 1 1 0 1 0 0 1 1 1]
 [0 0 0 1 1 1 1 0 0 1]
 [1 1 0 1 1 1 0 0 1 1]
 [1 1 1 1 0 0 1 1 1 1]
 [0 0 1 1 1 1 1 1 0 1]
 [1 1 0 1 0 1 1 0 0 1]
 [1 0 1 1 1 1 1 1 0 0]
 [0 1 0 1 1 0 0 0 1 1]
 [1 1 1 1 0 0 1 1 1 1]
 [1 1 1 0 1 1 1 1 1 0]
 [1 1 1 1 1 1 0 0 0 1]
 [1 0 1 1 0 1 1 1 1 0]
 [1 0 1 1 1 0 1 1 1 1]
 [0 1 1 1 1 0 1 1 1 0]
 [1 0 1 1 1 0 1 1 0 1]
 [0 1 0 0 0 1 1 1 1 0]
 [0 0 1 1 0 1 0 1 0 1]
 [1 1 1 1 1 1 1 1 1 1]
 [0 0 0 1 1 1 0 0 0 1]
 [1 0 0 1 1 1 1 1 1 1]
 [0 0 1 1 1 1 0 0 0 1]
 [1 0 1 1 1 1 0 1 1 0]
 [0 0 0 0 1 0 0 1 1 0]
 [1 1 1 0 0 0 1 1 1 1]
 [1 1 1 0 0 1 1 1 1 1]
 [1 1 0 1 1 1 1 0 1 0]
 [1 0 0 0 1 1 1 1 1 0]
 [1 1 1 0 1 0 1 1 0 1]
 [1 0 0 0 0 0 1 1 1 1]
 [0 0 1 0 1 1 1 0 1 1]
 [0 1 0 1 1 1 1 0 1 0]
 [0 0 1 0 1 1 0 1 0 0]
 [1 0 1 1 0 0 1 0 1 1]
 [1 1 1 0 0 0 1 1 0 1]
 [1 1 0 1 1 1 1 1 1 1]
 [1 0 1 1 0 0 0 1 1 1]
 [1 0 0 1 1 1 0 1 0 0]
 [0 0 0 1 1 0 1 0 1 1]
 [0 1 1 1 1 1 0 1 0 1]
 [1 1 1 1 0 1 1 1 0 1]
 [1 1 1 1 1 1 1 1 1 1]
 [1 1 0 1 1 0 1 1 1 1]
 [1 0 0 1 1 0 1 1 1 1]
 [1 1 0 1 1 1 0 1 1 0]
 [1 0 0 1 1 1 1 1 1 1]
 [1 0 1 0 0 1 1 1 1 1]
 [1 1 1 1 1 1 0 0 1 1]
 [1 1 0 0 1 0 0 0 1 1]
 [1 0 1 1 1 1 1 1 1 1]
 [1 0 0 1 0 1 0 1 1 1]
 [1 1 0 1 1 1 1 1 0 1]
 [1 1 0 1 1 0 0 1 1 1]
 [0 1 0 1 1 1 0 1 1 1]
 [1 0 1 1 1 1 1 1 0 0]
 [0 1 1 1 0 1 0 1 1 1]
 [1 1 1 1 1 1 1 1 1 1]
 [1 1 0 1 1 1 1 1 0 0]
 [1 1 0 1 0 1 1 1 0 1]
 [0 0 0 0 0 1 1 1 1 1]
 [0 1 1 1 1 1 0 1 1 1]
 [1 0 1 1 1 1 1 1 0 1]
 [1 1 1 1 1 1 1 1 1 1]
 [0 1 1 1 1 0 1 0 1 1]
 [0 1 1 0 0 1 1 1 1 1]
 [0 1 1 0 1 1 1 1 1 0]
 [1 1 1 0 1 1 1 1 0 0]
 [0 1 1 0 1 1 0 0 1 1]
 [1 1 1 0 1 1 0 1 1 0]
 [0 1 1 0 1 0 1 1 1 1]
 [0 1 1 1 1 1 0 1 1 1]
 [0 1 1 1 1 1 0 1 1 1]
 [1 1 0 1 0 0 1 1 1 1]
 [0 1 0 1 0 1 0 0 0 0]
 [1 1 1 1 0 1 0 0 1 0]
 [0 0 1 1 1 1 0 0 1 1]
 [1 1 1 0 0 1 1 1 1 1]
 [0 1 1 1 0 1 1 1 1 0]
 [1 0 1 1 1 1 1 1 0 1]
 [1 1 1 1 1 1 0 1 0 1]
 [1 1 1 1 1 1 0 1 1 0]
 [0 1 1 1 1 1 1 1 0 1]
 [1 1 0 1 1 1 1 1 1 0]
 [0 1 1 0 1 1 1 1 1 1]
 [1 1 1 1 1 1 0 0 1 1]
 [0 0 1 1 0 1 1 1 1 0]
 [1 1 0 1 1 1 1 1 1 1]
 [1 1 1 1 1 1 1 0 1 1]
 [0 0 1 1 0 1 0 0 0 1]]
{'restarts': 4, 'conflicts': 986, 'decisions': 2442, 'propagations': 1007615}
Q is identifiable
branch at 6
runtime for solving id of Q is 0.3075360571965575
Simulation results:
{'J': 100, 'K': 10, 'N': 10, 'p': 0.7, 'seed': 468, 'sim': 6, 'runtime': 0.3075360571965575, 'identifiable': 1, 'branch': 6}
7
Q: [[1 1 0 1 1 1 1 1 1 1]
 [1 1 0 1 1 0 1 0 1 0]
 [1 1 0 1 1 1 0 1 0 1]
 [0 1 0 1 1 1 1 1 1 1]
 [1 0 1 1 1 1 1 1 1 0]
 [1 1 1 0 1 0 1 0 1 0]
 [1 1 1 1 1 1 1 1 0 0]
 [0 1 1 1 0 0 1 1 1 1]
 [1 1 1 1 1 1 1 0 1 1]
 [1 0 0 1 1 1 1 0 0 0]
 [1 0 1 1 1 0 0 0 1 1]
 [0 1 0 1 0 1 1 1 0 0]
 [1 1 1 1 1 1 1 1 0 1]
 [1 1 1 1 1 1 1 1 1 1]
 [0 1 1 0 1 1 1 1 1 1]
 [1 1 1 1 1 1 1 1 1 1]
 [1 1 1 0 1 1 1 1 1 0]
 [0 0 1 1 0 1 0 0 1 1]
 [0 1 1 0 0 1 1 1 1 1]
 [0 1 1 1 0 1 1 1 1 0]
 [1 1 1 1 1 1 0 1 0 1]
 [1 1 1 0 0 1 1 1 0 0]
 [1 0 0 1 1 0 1 1 1 1]
 [1 1 1 0 1 1 1 0 1 1]
 [1 1 0 1 0 1 1 1 1 1]
 [0 1 1 0 1 0 0 0 1 1]
 [1 1 0 1 1 1 1 0 1 1]
 [1 1 1 1 1 0 1 1 0 0]
 [0 1 1 0 0 0 1 1 1 1]
 [1 1 1 1 1 0 0 0 0 0]
 [0 1 1 1 0 0 1 1 1 1]
 [1 1 0 0 1 1 1 1 1 1]
 [1 1 1 1 1 1 1 1 0 1]
 [1 0 1 1 0 1 1 1 1 0]
 [1 1 1 0 0 1 0 1 1 1]
 [1 1 1 1 1 0 1 0 1 1]
 [1 1 1 0 1 0 0 1 1 1]
 [1 1 1 1 0 1 1 1 0 1]
 [1 1 0 1 1 1 1 1 1 1]
 [1 1 1 1 1 1 1 1 1 1]
 [0 1 1 1 0 0 1 1 1 0]
 [1 1 1 1 1 1 1 1 1 1]
 [1 1 1 0 1 1 1 0 1 1]
 [1 1 1 0 1 1 1 1 0 1]
 [1 1 1 0 1 1 1 0 0 0]
 [1 0 0 1 0 1 0 1 1 0]
 [1 0 0 1 1 1 1 1 1 1]
 [1 0 1 1 1 1 1 1 1 1]
 [0 0 1 1 1 1 1 1 1 0]
 [1 1 0 1 1 1 0 0 1 1]
 [1 0 1 0 1 1 1 1 0 0]
 [1 1 0 1 0 1 1 0 1 1]
 [0 1 1 1 1 0 1 1 1 1]
 [1 1 1 1 1 0 1 0 1 1]
 [0 0 0 1 1 1 1 1 1 1]
 [0 1 1 1 1 1 1 1 0 1]
 [1 1 1 0 0 1 0 1 1 1]
 [1 1 1 0 0 1 1 1 1 0]
 [1 1 1 1 0 1 1 1 0 0]
 [1 1 0 0 1 1 1 1 1 0]
 [1 0 1 0 1 1 1 0 1 1]
 [1 1 0 1 1 1 1 1 1 0]
 [1 1 1 1 0 1 1 1 1 1]
 [1 1 1 0 0 1 0 1 1 1]
 [0 0 1 1 1 1 0 1 0 0]
 [1 1 0 1 1 0 1 1 1 1]
 [1 1 1 1 0 1 1 1 1 1]
 [1 1 0 1 0 1 0 0 1 1]
 [1 1 1 0 0 1 0 1 1 0]
 [0 1 1 1 1 1 0 1 1 1]
 [1 0 1 1 1 1 0 0 1 1]
 [1 1 1 0 0 0 1 1 1 1]
 [1 1 0 1 0 1 1 1 1 1]
 [1 0 1 0 1 1 0 1 0 1]
 [1 1 1 0 1 1 1 1 0 0]
 [1 1 1 1 0 1 1 0 1 1]
 [0 0 1 1 1 1 0 1 1 1]
 [0 1 1 1 0 1 0 0 1 1]
 [0 1 1 1 0 1 1 1 1 1]
 [1 1 1 1 1 1 1 1 1 1]
 [0 1 0 1 1 1 1 1 1 1]
 [1 1 0 1 1 1 1 1 1 1]
 [0 1 1 1 0 0 1 1 1 0]
 [1 1 0 0 1 1 1 1 1 1]
 [1 0 1 1 1 1 1 1 1 1]
 [1 1 1 1 0 1 1 1 1 0]
 [0 1 0 1 1 1 0 0 1 0]
 [0 1 0 0 1 0 1 1 1 1]
 [1 0 1 1 1 1 1 1 1 1]
 [1 1 0 0 1 1 1 0 0 1]
 [0 1 1 1 0 1 1 0 1 1]
 [1 1 0 1 1 0 1 1 1 0]
 [1 1 0 0 1 1 1 0 1 1]
 [1 1 1 1 1 1 1 0 1 1]
 [0 1 1 1 0 1 1 0 0 0]
 [1 1 0 1 1 1 1 0 0 0]
 [0 0 1 1 1 0 0 1 1 1]
 [1 1 0 1 1 1 1 0 0 1]
 [1 1 0 1 1 1 1 1 1 1]
 [1 1 1 1 0 0 1 0 1 0]]
{'restarts': 161, 'conflicts': 61447, 'decisions': 89543, 'propagations': 48497134}
Q is identifiable
branch at 6
runtime for solving id of Q is 7.637199095450342
Simulation results:
{'J': 100, 'K': 10, 'N': 10, 'p': 0.7, 'seed': 468, 'sim': 7, 'runtime': 7.637199095450342, 'identifiable': 1, 'branch': 6}
8
Q: [[1 1 1 1 1 1 1 0 1 1]
 [1 1 0 1 0 1 1 1 0 1]
 [0 0 1 1 0 1 0 0 0 1]
 [1 1 1 1 0 0 1 1 1 1]
 [1 1 1 1 1 1 0 1 0 1]
 [1 0 0 0 1 0 1 1 0 1]
 [0 1 0 0 1 1 1 1 1 1]
 [1 1 1 0 1 1 0 0 1 1]
 [1 1 1 1 0 1 1 1 1 1]
 [1 1 1 1 1 1 0 1 1 1]
 [1 0 0 0 0 1 1 1 1 1]
 [0 0 1 1 0 1 0 1 0 0]
 [1 0 1 1 1 1 1 0 0 1]
 [1 1 1 0 1 0 1 0 1 1]
 [1 1 1 1 1 1 1 1 1 1]
 [0 1 0 0 1 1 1 1 0 1]
 [1 0 1 1 1 1 1 0 1 1]
 [1 0 1 0 1 0 0 1 1 1]
 [1 1 1 1 0 1 1 1 1 1]
 [0 0 1 1 0 1 0 1 1 1]
 [1 1 0 1 1 1 0 1 0 1]
 [0 1 1 1 0 1 1 0 1 0]
 [1 0 1 1 0 1 1 1 1 1]
 [1 1 0 1 1 1 1 1 0 0]
 [0 1 0 1 1 1 1 0 0 1]
 [0 1 0 1 1 0 0 1 1 1]
 [1 1 1 1 0 1 1 1 1 1]
 [1 1 1 1 0 0 1 1 1 1]
 [1 1 1 0 1 1 1 1 0 1]
 [1 0 1 0 1 1 1 1 1 1]
 [1 1 1 0 1 0 1 1 1 1]
 [1 1 1 1 1 1 1 1 1 1]
 [0 1 1 0 1 0 1 1 1 1]
 [1 0 1 1 1 0 1 0 1 1]
 [1 1 1 0 1 1 0 1 1 1]
 [0 1 1 1 1 1 0 1 1 1]
 [1 1 1 0 0 1 1 1 1 1]
 [1 0 1 1 0 1 0 1 0 1]
 [1 0 1 1 1 1 1 0 1 1]
 [1 1 0 1 1 1 1 1 1 1]
 [1 1 0 0 0 1 1 1 1 1]
 [1 1 0 1 1 1 1 1 0 1]
 [1 1 1 1 0 1 1 1 0 1]
 [1 1 1 0 1 1 1 0 0 1]
 [1 0 1 0 1 1 1 1 0 0]
 [1 1 1 0 1 1 0 0 1 1]
 [1 1 1 1 1 0 1 1 1 1]
 [1 0 1 0 1 1 1 1 1 1]
 [0 1 1 0 1 1 1 1 1 1]
 [0 0 0 1 1 1 1 1 1 0]
 [0 1 0 1 1 1 1 1 1 1]
 [1 1 1 1 0 0 1 0 1 0]
 [1 1 1 1 1 0 1 0 0 1]
 [1 0 1 0 1 0 1 1 1 0]
 [0 1 1 1 1 1 0 0 1 1]
 [1 0 1 0 0 0 0 0 1 1]
 [1 0 0 1 0 0 1 1 1 1]
 [0 1 0 1 1 0 1 1 1 0]
 [1 1 1 1 1 0 1 1 1 1]
 [0 1 1 0 0 1 1 1 1 1]
 [1 1 1 1 1 0 1 0 1 1]
 [1 0 0 1 0 1 1 1 0 0]
 [1 1 1 0 1 0 0 1 1 1]
 [1 1 1 1 1 1 1 1 0 1]
 [1 1 1 1 1 1 0 0 1 1]
 [0 1 1 1 1 1 1 1 1 1]
 [1 1 1 1 1 0 1 0 1 1]
 [1 0 1 0 1 1 1 1 1 1]
 [0 0 1 1 0 1 0 1 0 0]
 [0 1 0 1 1 1 0 1 1 1]
 [1 1 1 1 1 0 1 1 1 1]
 [1 0 1 1 1 1 1 1 0 1]
 [1 1 1 0 1 1 0 0 1 1]
 [1 0 0 1 0 1 1 1 0 1]
 [1 1 1 1 1 0 1 1 1 0]
 [0 1 1 1 1 1 1 1 1 0]
 [0 0 0 1 1 1 1 1 0 0]
 [1 1 0 1 1 1 1 1 0 0]
 [0 0 1 1 1 1 1 1 1 1]
 [1 0 1 0 1 1 1 0 0 1]
 [0 1 1 1 1 1 1 0 0 1]
 [0 1 1 1 1 1 1 1 1 1]
 [1 1 1 1 0 1 1 1 1 1]
 [1 0 0 0 0 1 1 1 1 0]
 [1 1 1 1 1 0 0 1 1 0]
 [1 1 1 1 1 1 1 1 1 1]
 [1 0 0 1 0 0 1 1 1 1]
 [1 1 1 0 1 1 0 1 1 0]
 [0 0 1 1 0 1 0 0 0 1]
 [0 1 1 1 1 1 1 0 1 1]
 [0 0 1 1 0 1 1 1 1 0]
 [1 1 1 1 1 1 0 1 1 1]
 [1 1 1 1 0 1 1 1 0 1]
 [1 1 1 1 1 1 1 0 0 0]
 [1 1 0 1 1 1 1 1 1 1]
 [1 1 0 1 1 1 1 1 1 0]
 [1 1 1 1 1 1 0 1 1 0]
 [1 0 0 0 1 0 0 0 1 1]
 [1 1 1 1 1 0 0 1 0 1]
 [0 0 1 1 0 0 1 1 1 0]]
{'restarts': 31, 'conflicts': 11964, 'decisions': 20136, 'propagations': 10163487}
Q is identifiable
branch at 6
runtime for solving id of Q is 1.4087163722142577
Simulation results:
{'J': 100, 'K': 10, 'N': 10, 'p': 0.7, 'seed': 468, 'sim': 8, 'runtime': 1.4087163722142577, 'identifiable': 1, 'branch': 6}
9
Q: [[1 1 0 0 0 1 1 1 0 1]
 [1 0 0 1 0 1 1 1 1 1]
 [0 0 1 1 1 1 1 1 1 0]
 [0 0 1 0 1 1 0 0 1 1]
 [1 1 1 0 0 1 1 1 1 1]
 [0 1 0 1 1 0 1 1 1 1]
 [1 1 1 0 1 0 1 1 1 1]
 [1 1 0 0 0 0 1 1 1 1]
 [1 0 1 1 0 1 1 0 1 0]
 [0 0 1 0 0 0 1 0 0 1]
 [1 1 1 1 0 0 1 1 1 0]
 [0 0 1 1 1 0 1 1 0 1]
 [1 1 0 1 1 0 0 1 0 0]
 [1 0 0 1 1 0 1 0 1 1]
 [0 1 1 1 1 1 1 0 1 1]
 [1 1 0 0 1 1 1 1 1 1]
 [1 1 1 1 0 1 0 1 1 1]
 [0 0 1 0 1 0 0 0 0 0]
 [1 1 0 1 1 1 1 1 1 0]
 [1 1 0 0 1 1 1 1 0 1]
 [1 1 1 1 1 1 1 1 1 1]
 [1 1 1 1 1 0 1 0 1 0]
 [1 1 1 1 1 0 1 1 0 0]
 [0 1 1 0 1 0 1 0 1 1]
 [0 0 0 1 0 1 0 0 1 1]
 [1 0 1 1 0 0 1 1 1 0]
 [1 0 0 1 1 1 1 1 1 1]
 [0 1 0 1 1 1 1 1 1 1]
 [1 0 0 1 1 0 0 1 1 1]
 [1 0 1 1 1 1 0 1 1 0]
 [1 0 0 1 0 0 0 1 1 1]
 [0 0 1 1 1 1 1 1 1 0]
 [0 0 1 1 1 1 1 1 0 0]
 [0 1 1 0 0 1 1 0 1 1]
 [0 1 1 1 0 0 1 1 0 0]
 [1 1 0 1 1 1 1 1 1 0]
 [1 1 1 1 1 1 1 0 1 0]
 [1 1 1 1 1 1 1 1 0 1]
 [1 1 1 1 0 1 1 0 1 1]
 [0 1 1 1 0 0 1 0 1 1]
 [1 1 1 1 1 0 1 1 1 0]
 [1 1 1 1 1 0 1 1 1 1]
 [1 1 0 0 1 1 0 0 1 1]
 [1 0 1 1 1 1 0 1 1 1]
 [1 0 0 1 1 1 0 0 1 0]
 [0 1 0 1 1 0 0 1 0 1]
 [0 1 1 1 1 1 0 1 0 0]
 [1 1 1 1 1 0 1 1 1 1]
 [1 1 1 1 1 1 0 1 1 1]
 [1 0 1 1 1 0 0 1 0 1]
 [1 0 1 1 0 1 0 0 1 1]
 [1 1 1 0 1 1 0 1 0 0]
 [0 0 1 0 1 0 1 1 1 1]
 [1 1 1 1 1 1 1 0 1 0]
 [1 0 0 1 1 1 1 1 1 1]
 [1 0 1 1 1 0 1 1 1 1]
 [1 0 0 1 1 1 1 0 1 1]
 [0 1 1 0 1 1 0 0 1 0]
 [1 1 1 1 1 0 1 1 1 1]
 [1 0 1 1 0 1 0 0 0 1]
 [1 1 1 1 1 1 1 1 1 1]
 [0 1 1 1 1 0 1 1 1 1]
 [1 0 1 1 0 0 0 1 1 1]
 [0 0 1 0 0 1 1 1 1 1]
 [1 1 1 1 1 0 1 1 1 0]
 [0 1 0 0 1 1 1 1 1 0]
 [1 0 0 1 0 1 0 0 0 1]
 [1 1 1 0 0 0 0 1 0 1]
 [1 1 1 1 0 0 1 1 0 1]
 [1 0 1 1 0 1 0 0 1 0]
 [1 1 1 1 1 1 1 0 1 1]
 [1 1 1 0 1 0 0 1 1 1]
 [1 1 0 1 1 0 0 0 1 1]
 [0 0 1 0 1 1 1 1 1 0]
 [1 1 1 1 1 1 1 1 0 0]
 [1 1 1 1 0 1 1 0 0 0]
 [1 1 1 1 0 1 0 1 1 1]
 [1 0 1 1 1 0 1 1 1 1]
 [1 1 1 0 1 1 0 1 1 1]
 [1 1 0 1 0 1 1 0 1 1]
 [1 0 0 1 1 0 1 1 1 1]
 [0 1 1 1 1 1 1 1 0 1]
 [1 1 1 0 1 1 1 0 1 1]
 [1 1 1 0 1 1 0 1 1 1]
 [0 1 1 1 1 1 1 1 1 1]
 [0 0 1 1 0 1 0 1 1 1]
 [0 1 1 1 1 1 0 1 1 1]
 [0 1 0 1 1 1 1 1 1 1]
 [0 1 0 1 1 1 0 0 0 0]
 [0 0 1 1 1 1 1 1 0 0]
 [1 0 1 1 1 1 1 0 1 1]
 [1 1 1 1 1 1 1 1 1 0]
 [1 1 0 0 1 1 1 1 1 1]
 [1 0 0 1 1 0 1 0 1 0]
 [0 0 0 1 0 1 1 1 1 1]
 [1 1 1 1 1 0 1 1 0 1]
 [1 1 1 1 0 1 0 1 1 1]
 [0 0 1 1 1 1 0 1 0 1]
 [0 0 1 1 1 1 1 1 1 1]
 [1 1 1 0 0 1 1 1 1 1]]
{'restarts': 9, 'conflicts': 3325, 'decisions': 6296, 'propagations': 3272229}
Q is identifiable
branch at 6
runtime for solving id of Q is 0.6346382573246956
Simulation results:
{'J': 100, 'K': 10, 'N': 10, 'p': 0.7, 'seed': 468, 'sim': 9, 'runtime': 0.6346382573246956, 'identifiable': 1, 'branch': 6}
Simulation results:
[{'J': 100, 'K': 10, 'N': 10, 'p': 0.7, 'seed': 468, 'sim': 0, 'runtime': 0.3833929290995002, 'identifiable': 1, 'branch': 6}, {'J': 100, 'K': 10, 'N': 10, 'p': 0.7, 'seed': 468, 'sim': 1, 'runtime': 0.43407184910029173, 'identifiable': 1, 'branch': 6}, {'J': 100, 'K': 10, 'N': 10, 'p': 0.7, 'seed': 468, 'sim': 2, 'runtime': 0.5402056602761149, 'identifiable': 1, 'branch': 6}, {'J': 100, 'K': 10, 'N': 10, 'p': 0.7, 'seed': 468, 'sim': 3, 'runtime': 0.5745368925854564, 'identifiable': 1, 'branch': 6}, {'J': 100, 'K': 10, 'N': 10, 'p': 0.7, 'seed': 468, 'sim': 4, 'runtime': 0.644536160863936, 'identifiable': 1, 'branch': 6}, {'J': 100, 'K': 10, 'N': 10, 'p': 0.7, 'seed': 468, 'sim': 5, 'runtime': 1.2557700872421265, 'identifiable': 1, 'branch': 6}, {'J': 100, 'K': 10, 'N': 10, 'p': 0.7, 'seed': 468, 'sim': 6, 'runtime': 0.3075360571965575, 'identifiable': 1, 'branch': 6}, {'J': 100, 'K': 10, 'N': 10, 'p': 0.7, 'seed': 468, 'sim': 7, 'runtime': 7.637199095450342, 'identifiable': 1, 'branch': 6}, {'J': 100, 'K': 10, 'N': 10, 'p': 0.7, 'seed': 468, 'sim': 8, 'runtime': 1.4087163722142577, 'identifiable': 1, 'branch': 6}, {'J': 100, 'K': 10, 'N': 10, 'p': 0.7, 'seed': 468, 'sim': 9, 'runtime': 0.6346382573246956, 'identifiable': 1, 'branch': 6}]
