
The Gurobi software has a limited number of licenses. To request a license or
licenses, add this line

    #SBATCH --licenses=gurobi@slurmdb:1

to your SBATCH script, replacing N with the number of licenses you need. Gurobi
will need one license per process.


0
Q: [[0 0 1 0 0 0 0 1 0 0]
 [1 1 0 1 0 1 1 0 1 0]
 [1 0 0 0 0 1 0 0 0 0]
 [0 0 1 0 1 0 1 1 0 1]
 [1 1 1 0 1 0 0 1 1 1]
 [1 0 0 1 0 0 0 0 1 1]
 [1 1 1 0 0 1 0 0 1 0]
 [1 0 0 0 1 1 0 0 1 0]
 [1 0 1 0 0 0 0 1 1 0]
 [0 0 1 1 0 0 1 1 0 1]
 [1 0 1 1 1 1 0 1 1 0]
 [0 1 0 1 1 1 1 0 1 0]
 [1 1 0 0 0 0 0 1 0 0]
 [0 0 0 0 0 1 1 1 0 0]
 [1 0 1 0 1 1 1 0 0 1]
 [0 0 0 1 0 0 0 0 1 0]
 [1 0 1 0 1 1 0 0 0 0]
 [1 1 0 0 0 1 1 1 1 1]
 [0 0 1 1 0 1 0 1 0 0]
 [1 0 1 0 0 0 1 1 1 1]
 [1 1 0 0 0 1 1 1 1 1]
 [1 1 0 0 0 1 1 0 1 1]
 [1 0 1 1 0 0 0 0 1 1]
 [1 1 0 0 1 0 1 1 0 1]
 [0 0 1 0 0 1 1 0 1 1]
 [0 1 0 0 1 0 0 0 0 0]
 [1 0 1 0 0 1 1 1 1 0]
 [0 1 0 1 1 1 0 1 1 1]
 [1 1 1 1 1 1 0 1 0 0]
 [1 1 1 0 0 0 0 0 0 1]
 [0 0 0 0 1 0 1 0 0 1]
 [1 0 1 1 1 0 0 1 1 1]
 [0 0 1 1 0 0 0 0 0 0]
 [0 0 0 0 0 1 0 0 0 0]
 [0 0 0 0 1 1 0 1 0 1]
 [1 0 1 1 1 1 0 0 1 0]
 [0 1 1 0 0 1 0 1 0 1]
 [1 0 1 1 0 0 0 0 1 1]
 [0 0 0 1 0 0 1 0 0 1]
 [0 1 1 0 0 0 1 0 0 0]
 [0 1 1 0 0 1 1 1 1 1]
 [0 0 1 0 0 1 0 1 0 1]
 [1 1 0 1 1 0 1 1 0 1]
 [1 1 0 1 1 1 1 1 1 0]
 [1 1 0 1 1 0 1 0 0 1]
 [0 0 0 1 1 1 0 0 0 1]
 [0 1 1 1 0 1 1 0 0 0]
 [1 1 0 1 1 1 1 0 1 1]
 [0 1 1 0 1 1 1 1 1 1]
 [1 0 1 0 1 0 0 1 0 1]
 [0 0 0 1 1 1 0 1 0 1]
 [0 1 0 1 0 1 0 0 0 1]
 [0 0 0 1 1 0 1 0 0 0]
 [1 1 1 0 0 0 0 0 0 1]
 [0 0 0 1 1 1 1 0 0 0]
 [0 0 0 0 1 0 0 1 1 0]
 [0 1 0 0 0 0 0 0 0 1]
 [0 1 0 0 1 0 1 1 1 0]
 [0 1 0 0 1 1 1 1 0 0]
 [0 1 1 1 0 1 1 0 1 0]
 [0 0 1 0 0 0 0 1 1 0]
 [1 1 1 0 0 0 1 1 0 1]
 [1 1 0 0 0 0 1 0 1 0]
 [1 0 0 0 0 1 1 1 0 0]
 [0 0 1 1 0 0 0 1 1 0]
 [0 1 0 1 0 1 0 0 0 0]
 [1 0 0 1 0 0 1 0 0 0]
 [1 1 1 1 0 0 1 1 1 0]
 [0 0 1 1 1 0 0 0 0 1]
 [1 1 0 0 1 0 0 1 0 0]
 [0 0 0 0 0 0 1 0 0 1]
 [1 1 1 0 1 0 1 1 0 1]
 [0 1 0 1 1 1 1 0 1 0]
 [1 0 1 1 0 1 0 0 0 0]
 [0 1 0 1 0 0 1 1 0 0]
 [1 0 0 1 0 0 1 1 0 1]
 [0 1 0 0 1 0 0 1 0 1]
 [0 0 1 1 1 1 0 1 1 1]
 [1 1 1 1 0 1 0 0 0 0]
 [0 1 0 1 0 0 1 0 0 1]
 [1 0 0 1 1 0 1 1 0 0]
 [0 0 1 1 0 0 0 1 1 0]
 [0 0 0 0 1 1 1 1 1 0]
 [0 0 1 1 0 1 1 0 1 0]
 [0 0 1 0 1 0 0 0 0 0]
 [1 1 1 0 0 0 1 0 0 1]
 [0 1 0 0 1 1 0 1 0 0]
 [0 0 0 0 0 0 0 0 1 1]
 [1 0 0 1 0 0 0 0 1 0]
 [0 0 0 0 1 0 0 1 0 1]
 [0 1 0 0 1 1 0 1 0 1]
 [0 1 1 1 1 1 0 0 0 1]
 [1 0 1 1 0 0 0 0 1 1]
 [0 1 1 0 0 0 0 1 0 1]
 [0 0 1 1 0 0 0 1 1 0]
 [1 1 1 1 1 0 1 1 0 0]
 [0 1 0 0 0 1 1 1 0 0]
 [1 1 0 1 1 0 0 0 1 1]
 [0 0 0 0 0 0 0 0 1 0]
 [1 1 0 1 0 1 0 1 1 1]]
{'restarts': 2, 'conflicts': 208, 'decisions': 631, 'propagations': 310707}
Q is identifiable
branch at 6
runtime for solving id of Q is 0.6951924680033699
Simulation results:
{'J': 100, 'K': 10, 'N': 10, 'p': 0.5, 'seed': 2, 'sim': 0, 'runtime': 0.6951924680033699, 'identifiable': 1, 'branch': 6}
1
Q: [[1 1 0 1 1 1 1 0 0 0]
 [0 1 1 0 0 0 0 1 0 0]
 [1 0 1 1 1 0 1 0 1 0]
 [1 0 0 0 1 1 1 0 1 0]
 [0 0 1 1 0 1 1 0 1 0]
 [0 1 0 1 1 1 0 1 1 0]
 [0 0 1 0 1 0 0 1 1 0]
 [0 1 1 1 1 0 0 0 1 0]
 [1 1 0 0 0 1 0 1 0 1]
 [0 0 1 1 1 0 0 1 0 1]
 [1 1 1 0 1 0 0 0 0 1]
 [1 0 0 0 0 1 1 0 1 1]
 [1 1 1 0 1 0 1 0 0 1]
 [0 0 0 0 0 0 1 1 1 1]
 [0 0 1 0 1 1 0 1 1 0]
 [1 0 1 0 0 1 0 0 0 1]
 [0 0 0 1 0 1 0 1 0 1]
 [0 0 1 0 0 1 0 1 0 1]
 [0 0 1 0 0 0 0 1 1 0]
 [0 1 1 1 0 0 0 1 0 0]
 [1 0 1 0 0 0 1 1 0 1]
 [1 0 1 1 1 0 1 1 0 0]
 [0 1 0 0 1 1 0 0 0 0]
 [1 0 0 1 1 1 1 1 0 1]
 [1 0 1 1 0 1 1 1 1 1]
 [1 0 1 0 1 0 1 0 1 1]
 [0 0 1 1 0 1 0 0 1 1]
 [0 0 0 1 1 0 1 1 0 1]
 [0 0 1 1 1 1 0 1 0 0]
 [0 1 0 1 0 0 1 0 0 0]
 [1 1 1 0 1 0 0 0 1 1]
 [1 0 1 1 1 0 0 1 1 1]
 [1 1 0 0 0 1 0 0 0 0]
 [0 1 1 0 0 1 1 1 1 0]
 [0 1 1 1 1 1 0 1 1 1]
 [0 0 0 0 0 0 1 0 1 1]
 [1 0 1 0 1 1 1 0 1 0]
 [0 1 0 0 0 0 1 0 0 1]
 [0 1 1 0 1 0 0 1 0 1]
 [1 0 0 1 0 1 0 1 0 0]
 [0 0 1 1 1 1 0 1 0 0]
 [0 1 1 1 0 0 0 0 1 0]
 [1 0 0 1 1 0 1 0 0 1]
 [1 1 1 1 1 0 1 0 0 0]
 [0 1 0 1 1 0 1 1 1 0]
 [1 1 1 0 0 0 1 1 1 0]
 [1 0 1 0 1 0 0 1 0 0]
 [0 1 0 1 0 0 1 1 1 1]
 [1 0 0 0 0 1 0 1 0 1]
 [1 1 1 1 1 0 0 0 0 0]
 [0 0 0 0 0 0 0 1 0 0]
 [0 0 1 1 1 0 0 1 0 0]
 [0 1 1 0 0 1 0 0 0 0]
 [1 0 1 0 0 0 1 1 1 0]
 [1 0 1 1 1 0 0 1 0 1]
 [1 1 0 1 1 0 1 0 0 1]
 [0 1 1 1 0 0 0 0 1 1]
 [0 1 1 0 0 1 0 1 0 1]
 [0 0 1 1 1 1 1 1 0 0]
 [1 1 0 1 1 0 0 1 0 1]
 [0 0 0 0 0 0 0 1 0 1]
 [0 1 1 1 1 0 1 1 0 1]
 [1 1 1 0 1 1 0 1 1 1]
 [0 0 0 1 1 0 1 0 1 0]
 [1 1 0 1 1 1 0 1 1 1]
 [0 1 1 0 1 1 0 1 1 1]
 [1 0 0 0 0 0 0 0 0 1]
 [1 0 1 0 1 0 1 1 0 0]
 [0 1 1 1 0 0 0 1 0 1]
 [0 1 0 0 1 1 0 1 0 0]
 [0 0 0 0 1 0 1 1 0 0]
 [1 1 0 1 1 1 1 0 0 1]
 [1 0 0 0 1 1 0 0 1 1]
 [0 1 1 0 1 0 0 0 0 0]
 [0 1 0 1 1 0 1 1 0 0]
 [1 0 1 1 0 0 0 1 1 0]
 [1 0 1 1 1 1 0 0 1 1]
 [0 1 0 0 1 1 1 1 1 0]
 [1 0 0 0 0 0 1 0 1 0]
 [1 1 1 0 0 0 1 1 0 1]
 [0 1 0 0 1 0 0 1 1 0]
 [0 1 0 0 0 0 1 1 0 0]
 [0 1 0 1 0 1 0 0 1 0]
 [0 1 1 0 0 1 1 0 1 1]
 [0 0 0 0 1 0 1 1 1 1]
 [0 1 0 0 0 1 1 0 0 1]
 [0 1 0 1 0 0 0 0 1 0]
 [0 1 0 1 0 1 0 0 1 1]
 [0 1 0 0 0 1 0 1 1 1]
 [0 0 1 0 0 0 1 0 0 1]
 [0 0 0 0 0 0 0 1 0 1]
 [1 0 0 1 0 1 0 1 0 0]
 [1 0 0 0 0 1 0 0 0 0]
 [0 1 1 0 0 1 0 1 0 0]
 [0 1 0 1 1 1 0 0 0 1]
 [1 1 0 0 0 1 0 1 1 0]
 [0 0 0 0 0 0 0 0 0 0]
 [1 0 0 1 0 1 0 1 1 0]
 [1 1 0 1 0 1 1 0 0 0]
 [0 0 0 1 1 0 1 1 1 0]]
{'restarts': 1, 'conflicts': 163, 'decisions': 529, 'propagations': 282767}
Q is identifiable
branch at 6
runtime for solving id of Q is 0.7012916719540954
Simulation results:
{'J': 100, 'K': 10, 'N': 10, 'p': 0.5, 'seed': 2, 'sim': 1, 'runtime': 0.7012916719540954, 'identifiable': 1, 'branch': 6}
2
Q: [[1 0 1 1 1 1 0 1 0 0]
 [0 0 1 1 0 1 1 0 0 1]
 [1 0 0 0 1 0 0 0 1 1]
 [1 1 1 0 0 0 0 0 0 1]
 [1 1 0 0 0 1 1 0 1 0]
 [1 1 1 0 0 1 1 0 0 1]
 [1 0 0 1 1 0 0 0 0 0]
 [1 1 0 0 1 1 0 0 0 0]
 [0 0 0 1 0 0 0 0 1 0]
 [1 1 1 0 0 0 1 1 0 1]
 [1 1 1 0 0 0 0 1 1 1]
 [0 0 1 0 0 0 1 1 1 1]
 [1 0 1 0 1 1 0 1 1 1]
 [0 1 0 0 0 0 1 1 1 1]
 [1 0 1 1 0 0 1 0 1 1]
 [0 0 0 1 0 1 0 0 1 1]
 [1 1 0 1 0 1 1 0 0 0]
 [1 1 0 0 1 1 1 0 1 0]
 [1 1 0 1 1 0 0 1 1 0]
 [1 1 1 0 0 0 0 1 0 1]
 [0 1 1 1 1 1 1 1 1 0]
 [0 0 0 0 1 0 0 1 0 1]
 [0 1 1 1 0 1 0 0 0 0]
 [1 0 0 1 1 1 1 1 0 1]
 [1 1 0 1 1 1 0 1 0 0]
 [1 1 1 0 0 1 1 0 0 0]
 [1 0 1 1 0 1 1 0 1 1]
 [1 0 1 1 1 1 0 0 0 1]
 [1 1 1 0 1 1 0 1 1 0]
 [1 1 0 0 1 0 0 1 1 0]
 [0 0 0 1 1 1 1 1 1 1]
 [1 0 0 1 1 0 1 0 0 0]
 [0 0 1 1 1 0 0 0 1 0]
 [0 0 0 0 0 1 0 1 0 0]
 [0 1 1 0 1 1 0 1 0 1]
 [0 0 1 1 1 0 0 1 0 0]
 [1 1 0 0 1 0 1 0 1 0]
 [1 1 0 0 1 0 0 1 1 0]
 [0 1 0 0 1 1 0 1 0 1]
 [1 1 1 1 0 0 0 1 1 0]
 [0 0 1 1 0 0 1 0 0 1]
 [1 0 1 1 1 1 1 1 1 1]
 [1 0 0 1 0 0 0 0 0 0]
 [0 0 1 0 0 0 1 1 0 1]
 [1 0 1 1 1 0 1 0 0 0]
 [1 0 1 1 0 0 0 1 1 1]
 [1 1 1 1 1 0 0 0 1 1]
 [0 1 1 1 0 1 1 0 1 1]
 [1 1 0 1 0 1 0 0 0 1]
 [0 1 0 1 0 0 0 1 0 0]
 [0 1 0 1 0 1 1 0 0 0]
 [1 1 0 0 1 1 0 1 0 0]
 [0 1 0 1 0 1 0 1 1 0]
 [1 1 0 0 0 1 0 1 1 1]
 [1 1 1 1 1 0 1 1 1 1]
 [1 0 1 1 1 1 0 1 1 1]
 [0 1 1 1 0 1 0 1 1 1]
 [0 0 0 0 1 0 1 1 1 0]
 [1 1 1 0 0 0 1 0 0 1]
 [1 0 0 1 0 1 0 1 1 1]
 [1 0 0 0 1 1 1 1 0 0]
 [1 0 0 0 0 1 0 1 1 1]
 [0 1 0 1 0 1 1 1 0 1]
 [0 1 0 0 0 1 1 1 0 1]
 [1 0 0 0 0 1 0 0 1 1]
 [1 1 0 1 1 1 0 1 0 1]
 [1 0 0 1 0 0 0 1 0 1]
 [1 0 0 0 1 1 1 1 1 1]
 [0 0 1 1 1 0 0 0 1 1]
 [1 0 0 1 0 1 0 0 0 1]
 [1 0 1 0 0 0 0 0 0 1]
 [0 1 1 1 1 0 1 0 0 0]
 [1 1 0 1 0 1 0 0 0 1]
 [0 1 1 0 1 0 0 0 1 1]
 [1 0 0 1 1 0 0 1 0 1]
 [0 0 0 1 0 1 0 0 0 1]
 [0 1 1 1 0 0 0 0 1 1]
 [0 0 0 0 1 0 0 1 0 1]
 [1 0 1 0 0 0 0 1 0 0]
 [1 0 1 1 1 1 1 1 0 0]
 [1 1 1 1 1 1 0 1 1 1]
 [0 1 1 0 0 0 1 0 1 0]
 [0 0 1 0 0 1 0 1 1 1]
 [0 0 0 0 1 1 0 0 1 1]
 [0 1 0 0 1 1 1 0 0 0]
 [0 1 0 1 0 1 1 0 0 0]
 [0 0 1 0 1 1 0 0 0 0]
 [0 0 0 1 1 1 0 1 1 1]
 [1 1 0 1 1 0 1 0 1 1]
 [0 0 0 1 1 1 0 1 0 0]
 [0 0 1 0 1 0 0 1 1 0]
 [0 1 1 1 0 0 1 0 1 1]
 [1 1 1 0 1 1 1 0 0 1]
 [0 0 0 0 1 1 0 1 0 0]
 [1 0 1 0 1 0 1 1 0 1]
 [0 1 1 0 1 0 1 0 0 0]
 [0 0 1 1 0 1 1 0 1 0]
 [0 1 1 1 0 0 0 1 1 1]
 [0 0 0 1 0 1 1 1 0 1]
 [0 1 1 0 1 1 0 1 1 1]]
{'restarts': 1, 'conflicts': 527, 'decisions': 1243, 'propagations': 815929}
Q is identifiable
branch at 6
runtime for solving id of Q is 0.7426903359591961
Simulation results:
{'J': 100, 'K': 10, 'N': 10, 'p': 0.5, 'seed': 2, 'sim': 2, 'runtime': 0.7426903359591961, 'identifiable': 1, 'branch': 6}
3
Q: [[0 0 1 0 1 1 0 1 0 0]
 [1 0 0 0 1 0 1 0 0 1]
 [1 1 0 0 0 0 0 1 0 1]
 [1 1 0 0 1 1 1 0 1 0]
 [1 0 1 1 1 0 0 1 1 1]
 [0 0 1 1 1 1 0 0 1 0]
 [0 1 0 1 0 0 0 1 1 0]
 [1 0 0 0 0 1 0 0 1 1]
 [1 1 0 0 0 0 1 0 1 1]
 [0 1 0 1 1 1 1 0 1 0]
 [0 1 1 1 1 1 1 0 0 0]
 [0 0 1 0 0 1 0 1 0 1]
 [1 1 1 0 1 1 0 1 1 0]
 [0 0 0 0 1 0 0 1 1 1]
 [0 1 0 0 1 0 0 1 0 1]
 [1 1 0 0 0 0 1 1 0 1]
 [0 1 1 1 0 0 0 1 0 1]
 [1 1 1 0 1 1 0 1 1 0]
 [0 1 1 0 1 0 0 1 0 0]
 [0 1 0 0 0 0 0 1 1 0]
 [1 1 0 0 0 0 0 1 1 0]
 [1 0 0 0 1 1 0 0 1 1]
 [0 0 1 0 0 0 0 1 0 1]
 [1 1 1 1 1 1 1 0 0 1]
 [1 1 0 0 1 1 1 1 1 0]
 [1 1 1 1 1 1 0 1 0 0]
 [1 1 0 0 0 0 0 0 0 0]
 [1 0 1 0 1 0 0 0 0 1]
 [1 1 0 0 1 0 1 1 1 0]
 [1 0 1 0 0 0 0 1 0 1]
 [0 0 0 1 0 0 0 1 1 1]
 [0 1 0 0 0 1 1 0 1 0]
 [1 1 0 0 1 1 0 1 0 0]
 [0 1 1 0 0 0 1 1 0 1]
 [1 1 1 1 0 0 1 0 0 1]
 [1 0 0 0 0 1 1 0 0 1]
 [0 0 1 1 1 1 1 1 0 0]
 [1 1 1 1 0 1 0 1 0 1]
 [1 0 1 0 0 1 1 1 1 0]
 [1 0 0 0 1 0 0 0 1 0]
 [0 0 1 0 0 1 1 1 0 1]
 [0 1 0 0 0 1 0 1 0 0]
 [1 0 1 1 0 1 1 0 1 1]
 [0 1 1 0 0 0 0 1 0 0]
 [1 0 0 1 0 0 1 0 0 1]
 [1 1 0 1 0 0 0 0 0 0]
 [1 1 0 1 1 1 1 0 0 0]
 [0 0 1 0 0 0 1 0 0 0]
 [1 1 1 0 1 0 1 1 0 1]
 [1 1 0 1 0 1 0 0 1 1]
 [1 1 0 1 0 1 1 0 0 1]
 [0 1 1 0 1 1 0 0 1 1]
 [1 0 0 0 1 0 1 0 1 1]
 [1 0 1 0 1 0 1 1 1 0]
 [1 1 1 0 0 0 0 1 1 1]
 [1 0 0 1 0 1 0 0 0 0]
 [1 0 0 1 0 1 0 1 0 0]
 [0 0 1 1 1 0 0 0 0 0]
 [1 0 0 0 1 1 0 0 1 1]
 [1 1 1 0 0 1 0 1 0 1]
 [1 1 1 0 0 1 0 1 0 1]
 [0 1 0 1 0 1 0 0 1 1]
 [0 0 0 1 0 0 1 0 0 0]
 [0 1 1 1 0 0 1 0 0 0]
 [1 1 1 1 0 1 1 1 1 1]
 [0 1 1 1 1 0 1 1 1 0]
 [1 0 0 0 0 1 1 0 0 0]
 [1 0 0 1 0 1 1 0 1 0]
 [1 0 1 1 0 0 0 0 1 0]
 [0 1 1 1 0 1 1 0 0 0]
 [0 0 1 1 0 0 0 1 1 1]
 [1 0 0 0 0 0 0 1 1 1]
 [0 0 1 1 1 1 1 1 0 0]
 [1 0 0 0 1 0 0 1 0 1]
 [1 1 1 1 0 1 0 0 0 0]
 [0 1 0 1 1 0 0 0 1 1]
 [0 1 1 0 1 0 0 1 0 0]
 [1 1 0 0 0 1 0 0 1 1]
 [1 0 0 1 0 1 1 1 0 0]
 [1 0 0 0 1 0 1 1 0 0]
 [0 0 0 1 0 1 0 0 0 1]
 [0 0 1 0 0 1 0 0 0 1]
 [1 1 0 0 1 0 0 1 0 1]
 [1 0 1 1 1 0 1 0 1 0]
 [1 1 1 0 1 1 0 0 1 1]
 [1 1 0 1 1 1 1 1 1 0]
 [0 0 1 1 0 1 0 0 1 1]
 [0 0 0 1 0 0 0 1 1 1]
 [0 0 1 1 1 0 0 1 0 0]
 [0 1 0 0 0 1 1 0 1 0]
 [1 1 0 1 1 0 0 0 0 1]
 [1 0 1 0 0 1 1 1 1 0]
 [1 0 0 1 1 0 0 0 1 1]
 [1 1 0 1 0 1 1 1 1 1]
 [0 1 0 1 0 1 1 1 0 0]
 [0 0 0 1 0 0 0 1 0 0]
 [0 1 0 1 0 1 0 1 0 1]
 [1 1 1 1 0 1 0 0 0 0]
 [1 0 0 0 0 0 0 0 1 1]
 [0 0 0 0 0 1 1 1 1 0]]
{'restarts': 1, 'conflicts': 892, 'decisions': 2179, 'propagations': 1720698}
Q is identifiable
branch at 6
runtime for solving id of Q is 0.8269635729957372
Simulation results:
{'J': 100, 'K': 10, 'N': 10, 'p': 0.5, 'seed': 2, 'sim': 3, 'runtime': 0.8269635729957372, 'identifiable': 1, 'branch': 6}
4
Q: [[1 1 1 0 0 0 0 0 1 1]
 [1 1 0 0 0 0 1 1 0 1]
 [1 0 1 1 1 0 1 1 1 1]
 [0 0 1 1 0 1 1 0 1 0]
 [0 1 1 1 0 1 1 1 0 1]
 [0 1 1 0 1 0 0 0 1 1]
 [0 1 0 1 0 1 0 0 1 1]
 [0 0 1 0 1 1 0 1 0 1]
 [0 0 0 0 1 0 1 0 1 1]
 [1 0 1 1 1 1 0 1 0 0]
 [0 1 0 1 1 1 0 0 1 0]
 [0 0 1 0 0 0 1 0 1 1]
 [1 0 1 0 0 0 0 1 1 0]
 [0 0 0 1 1 1 0 1 0 1]
 [0 0 0 0 1 1 0 0 1 1]
 [1 0 1 0 0 0 0 0 1 0]
 [1 0 0 0 0 1 0 0 1 1]
 [1 0 0 0 0 0 0 0 0 1]
 [0 1 0 0 0 1 0 1 1 0]
 [1 1 1 0 1 0 1 0 0 0]
 [0 0 0 1 1 1 0 0 0 0]
 [1 0 1 0 0 0 1 1 1 0]
 [0 1 0 0 1 1 1 0 1 0]
 [1 1 1 1 1 1 0 1 0 0]
 [1 0 0 1 1 0 1 1 0 1]
 [1 1 1 0 1 1 1 0 0 0]
 [0 0 1 1 1 1 1 0 0 0]
 [0 0 0 0 0 1 0 1 1 0]
 [0 0 1 1 0 0 0 1 0 0]
 [0 0 0 1 0 0 1 0 1 0]
 [0 1 1 1 0 0 1 0 0 1]
 [1 0 1 0 1 0 1 0 1 1]
 [0 0 1 1 1 1 0 1 0 1]
 [0 1 1 1 1 0 1 1 1 1]
 [1 0 0 1 0 1 1 0 0 0]
 [0 0 1 0 1 0 0 0 1 0]
 [0 0 0 1 0 1 1 1 1 0]
 [0 0 1 1 0 0 1 0 1 0]
 [1 1 1 0 0 1 1 0 0 1]
 [0 1 0 0 0 0 1 1 0 0]
 [0 0 0 0 0 1 0 0 0 1]
 [1 1 0 0 0 1 0 0 1 0]
 [1 0 1 0 0 0 0 0 0 1]
 [1 1 0 1 0 1 1 0 0 0]
 [0 1 1 1 1 0 0 1 0 1]
 [0 1 0 0 1 0 1 1 1 1]
 [0 0 1 1 1 1 0 0 0 1]
 [0 1 0 1 1 0 1 0 1 0]
 [0 1 1 1 0 0 1 1 0 0]
 [0 0 1 1 0 0 1 0 1 0]
 [0 1 0 1 0 0 0 0 0 0]
 [0 1 1 1 0 0 1 0 0 1]
 [1 1 0 0 0 1 0 0 0 0]
 [0 1 0 1 1 1 1 1 1 0]
 [0 1 0 1 1 0 1 0 0 1]
 [0 0 0 1 0 0 1 0 0 0]
 [0 0 0 0 0 1 0 1 1 0]
 [0 0 1 0 1 0 0 1 1 1]
 [0 1 1 1 1 0 1 0 1 0]
 [0 0 1 0 0 1 0 0 0 1]
 [1 1 0 1 0 0 0 0 1 1]
 [0 1 1 1 1 1 0 0 1 0]
 [1 0 1 1 1 0 0 1 0 0]
 [0 0 0 0 0 0 1 1 0 0]
 [1 1 1 1 0 0 0 1 1 1]
 [1 1 0 0 0 1 0 0 1 1]
 [0 1 0 0 1 1 1 1 0 0]
 [1 0 1 0 0 1 0 0 1 0]
 [1 1 0 1 1 1 1 1 1 0]
 [0 0 1 1 1 1 0 0 0 0]
 [0 0 1 0 0 1 1 1 1 0]
 [0 1 0 1 0 0 1 1 1 0]
 [0 0 0 0 0 0 0 0 0 0]
 [0 0 0 0 0 1 1 1 1 0]
 [1 0 0 0 1 1 0 0 1 0]
 [0 1 0 1 1 1 1 0 1 0]
 [1 1 0 1 0 1 0 0 0 1]
 [1 1 0 1 0 1 0 0 0 0]
 [0 0 1 1 1 0 0 1 1 1]
 [0 1 0 0 1 1 0 1 0 1]
 [0 1 0 0 1 1 0 0 0 1]
 [1 1 1 0 1 1 1 0 0 0]
 [0 0 1 0 1 0 1 0 0 0]
 [0 0 1 1 0 1 0 1 0 1]
 [1 0 1 0 0 1 0 1 1 0]
 [0 0 1 0 0 1 1 0 1 0]
 [1 1 1 1 1 1 0 1 1 0]
 [0 1 0 1 0 1 1 0 1 0]
 [0 1 1 0 0 1 0 1 0 1]
 [0 1 1 0 0 1 1 0 0 0]
 [0 1 1 0 0 1 0 0 0 0]
 [1 1 0 1 0 0 0 0 1 0]
 [0 0 1 0 1 0 1 1 0 1]
 [0 1 1 1 0 1 1 1 1 1]
 [0 1 0 0 0 1 0 0 0 1]
 [1 1 1 1 0 1 1 0 0 1]
 [0 1 1 1 0 1 0 1 0 0]
 [0 0 0 0 0 1 1 0 1 0]
 [1 1 0 1 1 1 1 1 0 0]
 [1 0 1 1 0 0 1 1 0 0]]
{'restarts': 2, 'conflicts': 366, 'decisions': 1017, 'propagations': 560348}
Q is identifiable
branch at 6
runtime for solving id of Q is 0.8286870520096272
Simulation results:
{'J': 100, 'K': 10, 'N': 10, 'p': 0.5, 'seed': 2, 'sim': 4, 'runtime': 0.8286870520096272, 'identifiable': 1, 'branch': 6}
5
Q: [[1 1 0 0 1 1 1 1 1 0]
 [0 1 1 1 1 1 0 0 0 1]
 [0 0 0 0 1 0 0 1 0 1]
 [1 0 0 0 0 1 1 0 0 1]
 [1 0 0 1 0 1 1 0 0 1]
 [0 0 1 0 0 1 1 0 1 1]
 [1 1 0 1 0 0 0 0 0 0]
 [1 0 0 1 1 1 1 1 0 1]
 [1 0 1 0 0 0 1 0 1 0]
 [0 0 0 1 0 0 0 1 0 0]
 [1 0 1 1 1 1 1 1 0 0]
 [1 1 0 0 0 1 1 0 1 1]
 [0 0 1 0 0 0 1 1 0 1]
 [0 0 0 1 1 0 1 0 0 0]
 [1 0 1 0 0 1 1 0 1 0]
 [0 1 1 1 0 1 0 1 0 1]
 [0 1 1 0 1 1 1 1 1 1]
 [0 1 1 1 0 1 1 0 0 1]
 [0 0 0 1 1 0 0 0 0 1]
 [1 1 0 0 0 0 0 0 1 0]
 [0 1 0 1 1 0 0 1 0 1]
 [0 1 0 0 1 1 0 0 1 0]
 [0 1 0 0 1 1 1 1 0 1]
 [0 1 0 0 0 0 1 1 0 1]
 [0 0 0 1 0 1 0 0 0 0]
 [0 1 0 1 1 1 0 0 1 0]
 [1 1 1 0 0 1 1 0 1 0]
 [0 1 0 0 0 0 0 1 0 1]
 [1 1 1 1 0 0 1 1 1 1]
 [0 1 0 0 0 0 0 1 0 0]
 [0 1 0 1 0 1 0 1 1 1]
 [1 0 1 0 0 1 1 1 1 0]
 [1 1 1 1 0 0 0 0 0 0]
 [1 1 1 1 0 0 0 1 0 1]
 [1 0 0 0 1 0 0 1 1 0]
 [0 1 0 1 1 1 1 0 0 1]
 [0 1 0 1 1 1 0 1 1 1]
 [0 0 1 0 1 1 1 1 1 0]
 [1 1 0 1 0 0 1 1 1 0]
 [1 0 1 1 1 1 0 0 1 1]
 [0 1 0 0 0 1 1 0 1 0]
 [1 1 1 1 1 1 1 0 0 0]
 [0 1 1 0 1 0 0 0 1 0]
 [0 1 1 0 1 0 1 0 1 1]
 [1 0 1 0 1 1 1 1 0 1]
 [1 0 0 0 1 0 1 0 0 0]
 [1 0 0 1 1 0 1 1 0 0]
 [0 1 1 0 0 1 1 1 1 0]
 [1 0 0 0 0 1 1 0 1 0]
 [0 0 1 1 1 0 1 0 0 0]
 [1 1 0 1 1 0 1 0 0 0]
 [0 0 0 0 1 0 0 0 0 0]
 [0 1 0 0 0 1 1 0 0 0]
 [1 0 0 1 1 0 1 1 0 0]
 [1 1 1 0 0 1 1 1 0 1]
 [0 0 0 0 0 1 1 0 0 0]
 [1 0 0 1 0 1 1 1 1 1]
 [0 1 1 1 1 0 1 0 0 1]
 [1 0 1 0 0 1 1 1 0 0]
 [1 1 1 0 0 1 0 0 0 1]
 [1 0 0 1 1 1 0 1 1 1]
 [0 1 1 1 0 0 1 1 0 0]
 [0 0 1 0 1 0 0 0 0 0]
 [1 1 0 0 0 1 1 0 0 1]
 [0 0 0 1 0 1 1 1 0 0]
 [1 1 1 1 0 0 1 1 1 0]
 [1 1 0 0 1 0 0 1 0 0]
 [0 1 1 1 1 1 0 1 1 1]
 [1 1 0 0 1 0 1 1 0 0]
 [1 1 0 1 1 1 1 1 1 1]
 [1 1 1 0 0 1 0 0 1 0]
 [0 0 1 0 1 0 1 0 0 1]
 [1 1 1 0 1 0 1 1 1 0]
 [1 0 1 1 1 1 1 1 1 0]
 [0 0 1 0 1 0 1 1 1 1]
 [1 1 0 1 0 0 0 1 0 0]
 [0 0 1 1 1 0 0 1 0 0]
 [1 1 1 0 0 0 1 0 1 1]
 [1 1 1 0 1 1 1 0 0 0]
 [0 1 0 0 0 1 0 0 1 0]
 [1 1 0 0 0 0 1 1 0 0]
 [0 0 0 1 0 1 0 1 1 0]
 [0 0 1 1 1 0 0 0 0 0]
 [1 0 0 0 1 0 1 0 0 1]
 [1 0 0 1 1 0 0 1 0 0]
 [0 1 1 0 1 0 0 0 1 0]
 [0 0 0 0 0 1 0 0 0 1]
 [0 1 1 0 1 1 0 0 0 1]
 [1 1 1 0 0 0 0 0 0 0]
 [0 0 0 0 0 1 0 0 1 1]
 [0 0 1 1 1 1 1 0 1 1]
 [1 1 1 0 0 1 0 1 1 1]
 [1 0 0 1 0 0 0 1 0 0]
 [0 0 1 1 0 1 0 1 0 0]
 [1 1 1 1 0 0 0 1 0 1]
 [1 1 0 0 0 0 1 0 1 0]
 [0 1 1 0 1 1 1 1 0 1]
 [1 0 0 0 1 1 1 1 0 1]
 [1 1 0 1 0 1 1 1 0 1]
 [0 1 1 1 1 0 1 1 1 0]]
{'restarts': 1, 'conflicts': 233, 'decisions': 643, 'propagations': 367321}
Q is identifiable
branch at 6
runtime for solving id of Q is 0.6178792080609128
Simulation results:
{'J': 100, 'K': 10, 'N': 10, 'p': 0.5, 'seed': 2, 'sim': 5, 'runtime': 0.6178792080609128, 'identifiable': 1, 'branch': 6}
6
Q: [[1 0 0 1 0 1 1 0 0 1]
 [1 1 0 0 1 1 1 1 0 0]
 [0 0 0 0 0 0 1 0 1 0]
 [0 0 0 0 0 1 1 0 0 1]
 [1 1 1 1 0 1 0 1 1 1]
 [1 0 0 0 0 1 1 0 0 1]
 [1 1 1 1 0 1 1 1 1 1]
 [1 1 0 1 0 1 0 1 0 1]
 [0 0 0 0 1 1 0 0 1 0]
 [0 0 0 0 0 1 1 1 0 0]
 [1 0 0 1 0 0 0 0 0 0]
 [1 1 1 0 1 1 0 0 1 1]
 [1 1 0 1 1 1 1 0 0 0]
 [0 0 0 0 1 0 0 0 0 1]
 [1 0 0 1 0 0 0 1 1 1]
 [1 1 1 0 1 1 0 0 0 1]
 [0 0 1 1 1 1 0 1 0 0]
 [0 1 1 0 0 0 0 0 1 0]
 [1 0 0 1 1 0 0 1 1 0]
 [1 0 1 1 0 0 0 1 0 1]
 [1 1 0 0 1 1 0 1 0 1]
 [1 0 0 0 0 1 0 1 1 1]
 [1 1 0 0 0 0 1 0 0 1]
 [0 1 0 1 1 0 0 1 0 1]
 [0 0 1 0 1 0 1 0 1 0]
 [1 0 1 0 1 1 1 0 0 1]
 [0 1 1 0 0 1 0 1 0 0]
 [1 0 0 0 0 1 0 1 0 0]
 [0 1 0 0 0 1 0 1 0 0]
 [0 1 0 0 1 0 0 1 0 1]
 [1 0 1 1 0 1 0 0 1 1]
 [1 1 0 1 1 0 1 1 1 0]
 [1 0 1 1 0 1 1 1 1 1]
 [0 1 1 0 0 0 0 1 1 0]
 [0 1 1 1 0 0 1 0 0 1]
 [0 1 0 0 0 0 1 1 0 1]
 [1 1 1 0 0 0 1 0 1 1]
 [1 0 1 0 0 0 0 1 1 1]
 [0 0 1 1 1 0 1 1 1 0]
 [0 0 1 1 1 1 1 0 1 1]
 [0 0 1 0 1 0 1 0 0 1]
 [0 1 1 1 0 0 0 1 1 1]
 [1 0 1 1 0 1 1 0 0 0]
 [0 1 0 0 1 0 0 1 0 0]
 [0 1 1 0 0 0 0 1 1 0]
 [0 1 0 1 1 1 0 1 1 0]
 [0 1 0 1 1 1 1 1 1 1]
 [0 1 1 0 1 0 1 1 1 0]
 [1 0 0 1 0 1 0 0 1 1]
 [1 0 1 0 1 1 0 0 1 0]
 [0 1 1 1 0 0 1 1 0 0]
 [0 0 1 0 1 1 1 1 0 0]
 [0 1 1 0 0 0 1 1 0 1]
 [1 1 0 0 0 0 0 0 0 0]
 [0 1 0 0 1 0 0 1 0 1]
 [1 0 1 1 0 0 0 0 1 1]
 [0 0 0 0 1 1 0 0 1 1]
 [0 1 1 1 0 1 0 0 0 1]
 [0 1 1 0 0 0 0 1 1 1]
 [0 1 1 0 0 1 0 0 1 0]
 [0 0 1 0 0 0 1 0 0 1]
 [1 1 0 0 1 0 0 0 1 0]
 [1 1 0 0 0 0 0 0 0 0]
 [0 0 1 1 0 1 0 1 0 1]
 [0 0 1 0 1 1 1 1 0 0]
 [0 0 1 0 0 1 1 1 0 1]
 [1 1 1 0 0 1 1 1 1 0]
 [1 0 1 1 1 1 1 1 1 0]
 [1 1 1 0 0 1 1 1 1 0]
 [0 1 0 0 1 1 0 1 0 1]
 [1 1 1 1 1 0 0 0 0 1]
 [0 1 0 1 1 1 0 0 0 1]
 [1 0 1 0 1 1 1 1 0 1]
 [0 0 1 1 0 0 0 1 0 0]
 [1 1 1 0 0 1 0 0 1 0]
 [0 1 0 0 1 1 1 1 0 1]
 [1 0 0 0 1 0 0 0 1 0]
 [0 1 1 1 0 0 0 1 0 1]
 [1 1 1 1 1 1 1 1 0 0]
 [1 1 1 0 0 0 0 0 0 0]
 [1 1 0 1 1 1 1 1 0 1]
 [1 0 0 1 1 0 0 1 1 0]
 [0 0 1 0 1 1 0 1 0 0]
 [1 1 1 1 0 0 0 1 0 1]
 [1 0 1 0 0 1 0 1 1 0]
 [1 1 1 0 0 1 0 1 1 0]
 [1 0 0 1 0 0 0 0 1 1]
 [0 1 1 1 1 0 1 1 0 0]
 [0 0 0 0 0 1 0 1 1 1]
 [1 1 0 1 1 0 0 1 1 0]
 [1 0 1 1 1 0 0 0 0 1]
 [0 0 1 1 1 0 1 0 0 0]
 [0 0 0 0 0 0 1 1 0 1]
 [0 0 1 1 1 0 1 0 1 1]
 [1 0 0 0 1 1 1 1 0 1]
 [1 0 0 0 1 0 1 1 1 0]
 [0 1 1 0 0 0 1 1 0 1]
 [1 0 0 0 1 0 1 1 0 0]
 [1 1 0 1 0 1 0 1 1 0]
 [0 0 1 1 1 1 0 0 1 1]]
{'restarts': 2, 'conflicts': 455, 'decisions': 1214, 'propagations': 688032}
Q is identifiable
branch at 6
runtime for solving id of Q is 0.7159979270072654
Simulation results:
{'J': 100, 'K': 10, 'N': 10, 'p': 0.5, 'seed': 2, 'sim': 6, 'runtime': 0.7159979270072654, 'identifiable': 1, 'branch': 6}
7
Q: [[0 0 1 1 1 1 1 1 0 0]
 [1 0 1 1 1 1 0 0 0 1]
 [0 1 1 1 1 1 1 0 1 0]
 [0 1 0 1 1 1 0 0 1 0]
 [1 1 0 1 0 0 0 1 1 0]
 [0 1 1 1 0 1 1 1 0 0]
 [0 0 0 1 1 0 0 1 0 0]
 [1 1 1 1 1 1 0 0 1 0]
 [1 0 1 1 0 0 1 1 1 1]
 [0 0 1 1 0 0 0 1 1 0]
 [1 0 1 1 0 0 1 1 1 0]
 [0 0 0 1 0 1 0 1 1 0]
 [1 1 0 1 0 0 0 0 0 1]
 [1 0 1 0 1 1 1 0 0 0]
 [1 0 0 0 0 0 0 0 0 0]
 [1 0 1 0 1 0 1 1 1 1]
 [0 1 0 1 1 0 0 1 1 0]
 [1 0 1 1 1 0 0 1 0 0]
 [1 0 0 1 0 1 0 1 0 0]
 [0 1 0 0 1 0 0 1 0 0]
 [1 0 0 1 0 1 0 1 1 0]
 [1 0 0 0 0 1 0 0 1 1]
 [1 0 0 0 0 1 1 0 1 0]
 [1 1 1 1 1 1 0 1 1 1]
 [0 0 0 0 1 0 1 0 1 1]
 [0 0 1 0 0 0 0 1 0 1]
 [0 1 0 1 1 1 0 1 0 1]
 [1 0 1 0 0 1 0 1 0 1]
 [0 1 1 0 0 0 1 0 0 0]
 [1 1 0 0 0 0 1 0 1 1]
 [1 0 0 0 0 0 1 0 0 0]
 [0 0 1 1 0 0 1 0 0 0]
 [1 1 1 0 1 1 1 1 1 0]
 [0 1 0 0 0 0 1 0 0 1]
 [0 0 1 0 0 1 1 1 1 1]
 [0 1 0 0 1 1 0 0 1 0]
 [1 0 1 0 1 0 1 1 0 1]
 [1 1 1 0 0 1 1 0 1 1]
 [1 1 0 0 1 1 0 1 0 0]
 [0 0 1 1 0 0 0 1 1 0]
 [0 0 1 0 1 0 1 1 1 1]
 [0 0 1 0 0 0 0 0 0 1]
 [1 1 0 0 0 0 0 0 0 1]
 [1 0 0 1 0 0 0 1 1 0]
 [0 1 0 1 0 0 1 0 0 0]
 [0 1 0 1 1 1 0 1 0 1]
 [0 0 0 0 0 0 1 1 1 1]
 [1 0 1 0 1 0 0 1 0 1]
 [1 1 1 1 0 0 1 0 0 0]
 [0 0 0 1 1 0 0 1 0 1]
 [1 0 1 0 0 0 0 0 1 0]
 [0 1 1 0 1 1 1 1 1 0]
 [0 1 1 0 1 0 1 0 1 1]
 [1 0 1 0 0 0 1 0 0 1]
 [0 0 0 0 0 0 1 1 1 1]
 [1 1 0 1 0 0 0 0 1 1]
 [1 0 0 1 0 1 1 0 0 0]
 [1 0 1 0 1 0 0 0 1 1]
 [1 1 0 1 0 0 1 1 0 0]
 [1 1 1 0 1 1 0 1 1 1]
 [0 0 0 0 1 1 0 1 0 0]
 [1 0 1 0 0 0 0 1 0 0]
 [0 0 1 0 0 0 0 1 1 1]
 [1 1 1 0 1 0 1 0 1 0]
 [1 0 1 0 1 0 0 0 0 0]
 [1 1 0 0 0 1 1 1 0 1]
 [0 1 1 0 0 0 1 0 0 0]
 [0 1 0 1 0 0 1 1 1 0]
 [0 1 1 0 0 0 1 1 0 0]
 [0 0 0 1 1 0 1 0 1 0]
 [0 1 0 1 1 0 0 0 1 1]
 [0 1 1 1 0 1 1 1 0 1]
 [0 1 1 1 1 0 0 0 1 0]
 [0 0 0 1 1 1 0 0 1 1]
 [0 0 1 1 0 1 0 0 1 0]
 [1 1 1 1 1 0 0 0 1 0]
 [1 1 0 0 0 0 0 0 1 1]
 [0 0 1 1 0 0 1 0 0 0]
 [1 0 0 1 1 0 1 1 0 0]
 [1 1 1 0 0 0 0 0 0 0]
 [1 0 0 1 0 0 0 0 1 0]
 [0 1 1 1 1 1 0 0 1 1]
 [0 1 0 1 0 1 0 0 1 0]
 [1 0 0 1 0 1 1 1 0 1]
 [1 0 0 0 0 0 1 1 0 0]
 [0 0 1 1 0 1 0 1 1 0]
 [1 1 0 1 1 0 1 1 1 0]
 [1 1 0 0 1 0 1 0 1 0]
 [1 0 0 0 1 0 1 0 1 1]
 [0 1 1 1 0 0 0 0 1 1]
 [1 1 1 1 0 0 0 1 0 1]
 [1 0 1 1 0 0 1 0 0 0]
 [1 0 1 0 1 0 1 0 1 1]
 [0 0 0 1 0 1 0 1 0 0]
 [1 0 1 1 0 0 1 1 0 1]
 [1 1 1 1 0 1 1 1 0 1]
 [0 1 0 1 0 1 0 1 0 0]
 [0 1 1 1 0 0 1 1 1 1]
 [1 1 0 0 1 0 0 1 0 0]
 [1 0 1 0 0 1 0 0 1 0]]
{'restarts': 4, 'conflicts': 900, 'decisions': 2502, 'propagations': 1777160}
Q is identifiable
branch at 6
runtime for solving id of Q is 0.8899651149986312
Simulation results:
{'J': 100, 'K': 10, 'N': 10, 'p': 0.5, 'seed': 2, 'sim': 7, 'runtime': 0.8899651149986312, 'identifiable': 1, 'branch': 6}
8
Q: [[1 1 0 1 1 0 0 0 0 0]
 [1 0 0 0 0 0 0 0 0 1]
 [0 1 1 1 0 1 1 0 0 0]
 [0 1 0 1 0 0 1 0 1 0]
 [1 0 1 1 1 0 1 0 1 0]
 [1 1 0 0 0 0 0 0 1 0]
 [1 0 0 0 1 0 1 0 1 1]
 [1 1 1 1 1 0 1 0 1 0]
 [1 1 0 0 0 1 0 1 1 1]
 [1 1 0 0 0 0 0 0 0 0]
 [1 1 1 1 0 0 0 0 0 1]
 [1 0 0 1 0 0 0 1 0 1]
 [1 0 0 0 1 1 0 1 0 0]
 [1 0 0 0 1 0 0 0 1 1]
 [0 1 1 1 0 1 1 1 0 0]
 [1 1 1 0 0 0 1 0 1 1]
 [0 1 1 1 0 1 0 1 1 1]
 [1 1 0 0 0 1 1 0 0 1]
 [0 1 1 0 0 1 1 0 0 1]
 [0 0 0 1 0 0 1 1 1 0]
 [1 1 0 0 1 0 1 1 1 0]
 [1 1 0 1 1 0 1 1 1 1]
 [1 1 1 0 1 1 1 0 0 1]
 [0 0 0 1 0 1 0 0 1 0]
 [0 0 1 1 0 0 1 1 0 0]
 [0 1 0 1 0 1 0 1 1 1]
 [1 0 0 1 0 0 0 1 1 1]
 [0 1 1 0 1 1 0 1 0 1]
 [0 0 1 1 0 0 1 0 0 1]
 [0 0 0 0 1 1 1 0 0 1]
 [1 1 1 1 1 0 0 1 0 1]
 [1 1 0 1 0 1 0 0 0 0]
 [1 1 1 1 1 0 1 0 0 0]
 [0 1 0 1 0 0 1 1 0 0]
 [1 1 0 1 0 0 1 1 0 1]
 [0 0 1 1 1 1 1 1 0 0]
 [0 0 0 0 1 1 0 1 1 1]
 [1 1 0 0 1 0 1 1 0 0]
 [1 1 1 0 0 0 0 1 1 1]
 [0 0 0 0 1 1 1 1 1 0]
 [1 0 0 0 0 1 1 1 0 0]
 [0 1 0 1 0 1 1 0 0 1]
 [1 1 1 1 1 0 1 1 0 1]
 [0 0 1 1 0 1 0 0 0 1]
 [1 0 1 1 0 0 1 1 1 0]
 [1 0 1 0 1 0 1 1 0 1]
 [0 1 0 0 0 1 0 1 1 0]
 [1 1 0 0 0 1 1 1 1 0]
 [0 0 0 1 1 1 1 0 0 1]
 [0 1 1 1 0 0 1 1 0 0]
 [1 1 1 0 1 0 1 0 1 0]
 [1 0 0 1 1 0 0 0 1 0]
 [1 1 1 1 1 0 0 1 1 0]
 [1 0 0 1 1 1 1 1 1 1]
 [1 1 0 0 1 0 0 0 1 0]
 [0 1 1 1 1 1 0 0 0 1]
 [1 0 0 1 0 1 1 0 1 0]
 [1 0 1 1 0 1 0 0 1 1]
 [0 1 1 0 0 1 0 1 1 1]
 [1 1 0 0 0 0 1 1 0 1]
 [1 0 0 0 1 1 0 1 0 0]
 [0 0 0 0 1 0 1 1 0 0]
 [0 1 1 1 0 0 0 0 0 1]
 [0 0 1 0 0 0 1 0 1 0]
 [0 0 1 0 0 1 0 1 1 1]
 [0 1 1 0 0 0 1 1 1 1]
 [0 1 1 1 0 0 1 1 0 0]
 [0 0 0 0 1 0 1 0 1 0]
 [1 1 1 1 0 0 0 0 1 1]
 [1 1 0 1 0 0 0 0 0 1]
 [0 0 1 1 1 1 0 1 0 1]
 [0 1 1 0 1 0 1 0 0 0]
 [0 1 0 0 1 1 1 1 1 1]
 [0 1 1 1 1 1 1 1 0 0]
 [0 1 1 0 1 1 1 0 0 0]
 [1 1 0 0 1 1 0 0 0 0]
 [1 0 1 0 1 1 0 1 1 0]
 [0 0 1 0 1 0 1 0 0 0]
 [0 1 0 0 1 1 1 1 1 0]
 [0 1 0 0 1 1 0 1 0 0]
 [0 1 1 1 0 0 1 1 0 1]
 [1 0 1 1 1 0 0 1 0 0]
 [0 1 0 1 0 1 1 1 0 1]
 [1 0 0 1 1 1 0 0 0 1]
 [1 0 1 1 1 1 0 0 1 0]
 [1 0 1 1 0 1 1 1 0 1]
 [1 0 0 1 1 0 1 1 0 1]
 [1 0 1 0 0 0 0 1 0 0]
 [0 0 1 1 0 0 0 1 1 1]
 [1 0 1 1 1 0 1 1 0 1]
 [1 0 0 0 1 0 1 0 0 0]
 [0 0 1 1 1 1 1 1 0 0]
 [0 0 0 0 0 0 0 0 1 1]
 [0 0 0 0 0 0 1 0 0 0]
 [1 0 0 1 0 1 1 0 1 0]
 [0 1 1 0 0 1 0 1 0 0]
 [1 1 0 0 0 1 1 1 1 0]
 [0 0 1 1 0 0 1 1 1 0]
 [0 1 0 0 1 1 0 0 0 0]
 [0 0 1 1 1 1 0 0 0 1]]
{'restarts': 2, 'conflicts': 273, 'decisions': 944, 'propagations': 339787}
Q is identifiable
branch at 6
runtime for solving id of Q is 0.7284332509152591
Simulation results:
{'J': 100, 'K': 10, 'N': 10, 'p': 0.5, 'seed': 2, 'sim': 8, 'runtime': 0.7284332509152591, 'identifiable': 1, 'branch': 6}
9
Q: [[1 1 0 0 0 0 0 0 0 1]
 [1 0 0 1 0 0 1 0 1 0]
 [1 1 0 1 0 0 0 0 0 1]
 [1 0 1 1 0 0 0 0 1 0]
 [1 0 0 1 0 0 1 0 0 0]
 [0 0 1 0 0 0 1 1 1 1]
 [1 1 0 0 1 1 1 0 1 0]
 [0 1 0 0 1 1 1 0 1 1]
 [0 0 1 1 0 0 1 1 0 0]
 [0 1 0 1 0 0 1 0 0 0]
 [1 1 0 0 1 1 1 1 1 0]
 [1 0 1 1 0 1 0 0 0 0]
 [0 1 1 0 1 0 0 1 1 1]
 [0 1 0 1 0 1 1 0 0 0]
 [1 0 1 0 1 1 1 0 1 1]
 [0 0 1 1 0 0 1 0 1 0]
 [0 0 0 0 0 1 0 1 1 1]
 [0 1 1 1 1 1 0 0 0 0]
 [0 1 1 1 0 0 0 1 0 0]
 [1 0 1 1 0 0 0 1 1 0]
 [0 0 1 0 0 0 1 0 0 1]
 [1 0 1 0 1 0 0 1 1 0]
 [1 0 0 1 1 0 0 0 0 0]
 [1 1 1 1 1 1 0 0 1 1]
 [1 1 0 0 1 0 0 0 1 0]
 [1 1 0 1 0 1 0 1 1 0]
 [1 1 1 0 0 1 1 0 0 1]
 [1 0 0 0 0 1 1 1 1 0]
 [0 0 0 0 0 1 0 0 0 1]
 [1 0 0 1 1 1 0 0 0 0]
 [0 0 1 0 1 1 1 1 1 0]
 [1 0 0 0 1 1 1 0 0 0]
 [1 1 1 0 1 0 1 0 1 0]
 [0 0 0 0 0 1 1 0 1 0]
 [1 0 1 0 1 0 1 1 0 1]
 [1 0 0 1 0 1 1 1 1 1]
 [0 0 0 1 0 0 1 0 1 1]
 [0 1 1 1 1 1 1 1 1 0]
 [0 1 0 0 0 1 1 0 0 0]
 [1 0 0 0 0 1 1 0 1 0]
 [1 0 0 0 1 1 0 0 0 1]
 [0 0 1 1 0 0 0 0 0 1]
 [1 1 1 1 0 0 0 1 1 0]
 [1 1 0 0 1 0 1 1 1 0]
 [0 1 0 1 0 0 1 0 0 0]
 [1 0 1 0 0 1 0 1 0 0]
 [0 0 0 0 1 0 0 0 0 0]
 [0 0 1 0 0 1 0 0 0 1]
 [1 0 0 1 0 0 0 0 0 0]
 [0 1 0 1 0 0 0 0 0 0]
 [1 1 0 0 0 1 1 0 1 1]
 [0 0 0 1 1 1 1 0 0 0]
 [0 0 1 1 0 1 1 1 1 1]
 [1 1 0 0 0 0 1 0 1 0]
 [1 0 0 0 0 0 1 1 0 0]
 [0 0 1 1 0 0 1 1 0 0]
 [0 1 0 0 0 1 1 1 0 1]
 [1 1 1 0 1 1 1 0 1 0]
 [0 1 1 1 1 1 0 1 0 0]
 [0 1 0 1 0 0 0 1 1 1]
 [1 1 0 1 0 0 0 1 0 1]
 [1 1 1 0 1 1 1 0 1 1]
 [0 0 1 0 0 1 0 1 0 0]
 [1 1 0 1 0 0 0 0 0 0]
 [1 0 1 0 0 0 1 0 0 0]
 [0 0 0 0 0 1 0 1 1 0]
 [1 1 0 0 1 0 0 0 0 1]
 [1 1 1 1 1 1 1 0 1 0]
 [1 0 0 0 1 0 1 1 0 0]
 [0 1 1 0 1 0 0 1 0 1]
 [1 0 1 1 0 0 0 0 0 0]
 [0 1 0 1 1 0 1 0 0 1]
 [0 0 1 0 0 1 1 1 1 0]
 [0 0 1 0 0 1 1 0 0 1]
 [0 1 0 0 1 0 1 0 1 0]
 [0 1 0 1 1 1 1 0 0 0]
 [0 0 1 0 0 0 1 1 0 1]
 [0 1 1 0 0 1 1 1 0 1]
 [0 0 0 1 0 0 1 1 1 1]
 [1 1 0 0 1 1 0 1 0 1]
 [1 0 0 0 1 0 1 1 0 1]
 [1 1 1 0 0 1 1 1 0 0]
 [1 1 0 0 0 1 1 0 1 0]
 [0 0 1 1 1 0 0 1 0 1]
 [0 0 0 0 0 0 1 1 0 0]
 [0 0 0 1 1 0 0 0 1 0]
 [0 0 0 1 1 1 0 0 1 0]
 [0 1 1 0 1 0 1 0 1 0]
 [0 1 1 1 1 1 1 0 0 0]
 [1 0 0 0 0 0 1 1 0 1]
 [1 1 1 1 0 0 1 1 1 0]
 [1 1 1 1 1 0 1 1 1 1]
 [1 0 1 1 1 0 1 1 1 0]
 [0 1 0 0 1 0 0 1 1 1]
 [0 1 1 1 0 1 0 1 0 1]
 [0 0 0 0 0 0 1 1 1 0]
 [1 1 1 0 0 1 1 0 0 0]
 [1 1 1 1 1 1 1 0 1 0]
 [1 1 0 0 0 0 1 0 0 0]
 [0 1 1 1 0 1 0 1 1 0]]
{'restarts': 3, 'conflicts': 442, 'decisions': 1448, 'propagations': 891871}
Q is identifiable
branch at 6
runtime for solving id of Q is 0.8094522280152887
Simulation results:
{'J': 100, 'K': 10, 'N': 10, 'p': 0.5, 'seed': 2, 'sim': 9, 'runtime': 0.8094522280152887, 'identifiable': 1, 'branch': 6}
Simulation results:
[{'J': 100, 'K': 10, 'N': 10, 'p': 0.5, 'seed': 2, 'sim': 0, 'runtime': 0.6951924680033699, 'identifiable': 1, 'branch': 6}, {'J': 100, 'K': 10, 'N': 10, 'p': 0.5, 'seed': 2, 'sim': 1, 'runtime': 0.7012916719540954, 'identifiable': 1, 'branch': 6}, {'J': 100, 'K': 10, 'N': 10, 'p': 0.5, 'seed': 2, 'sim': 2, 'runtime': 0.7426903359591961, 'identifiable': 1, 'branch': 6}, {'J': 100, 'K': 10, 'N': 10, 'p': 0.5, 'seed': 2, 'sim': 3, 'runtime': 0.8269635729957372, 'identifiable': 1, 'branch': 6}, {'J': 100, 'K': 10, 'N': 10, 'p': 0.5, 'seed': 2, 'sim': 4, 'runtime': 0.8286870520096272, 'identifiable': 1, 'branch': 6}, {'J': 100, 'K': 10, 'N': 10, 'p': 0.5, 'seed': 2, 'sim': 5, 'runtime': 0.6178792080609128, 'identifiable': 1, 'branch': 6}, {'J': 100, 'K': 10, 'N': 10, 'p': 0.5, 'seed': 2, 'sim': 6, 'runtime': 0.7159979270072654, 'identifiable': 1, 'branch': 6}, {'J': 100, 'K': 10, 'N': 10, 'p': 0.5, 'seed': 2, 'sim': 7, 'runtime': 0.8899651149986312, 'identifiable': 1, 'branch': 6}, {'J': 100, 'K': 10, 'N': 10, 'p': 0.5, 'seed': 2, 'sim': 8, 'runtime': 0.7284332509152591, 'identifiable': 1, 'branch': 6}, {'J': 100, 'K': 10, 'N': 10, 'p': 0.5, 'seed': 2, 'sim': 9, 'runtime': 0.8094522280152887, 'identifiable': 1, 'branch': 6}]
