
The Gurobi software has a limited number of licenses. To request a license or
licenses, add this line

    #SBATCH --licenses=gurobi@slurmdb:1

to your SBATCH script, replacing N with the number of licenses you need. Gurobi
will need one license per process.


0
Q: [[1 0 0 1 0]
 [1 0 0 1 0]
 [0 0 1 0 0]
 [0 0 0 0 0]
 [1 1 1 1 1]
 [1 1 1 0 0]
 [1 0 1 1 0]
 [1 0 0 0 1]
 [0 1 1 0 0]
 [1 1 0 0 0]
 [0 0 1 1 0]
 [0 1 0 0 1]
 [0 0 0 0 0]
 [0 0 0 1 1]
 [1 1 1 0 0]
 [1 1 0 1 1]
 [1 0 0 1 0]
 [0 0 1 1 0]
 [1 1 0 0 1]
 [1 1 0 0 1]
 [1 0 1 1 1]
 [0 0 0 0 1]
 [1 1 0 0 1]
 [0 1 0 1 0]
 [0 0 0 0 1]
 [1 0 0 1 1]
 [1 1 0 1 0]
 [0 1 0 1 0]
 [0 0 0 1 1]
 [0 1 1 1 1]
 [0 1 0 0 1]
 [1 0 1 1 1]
 [1 1 0 1 1]
 [1 1 1 1 1]
 [1 0 0 0 0]
 [1 1 0 0 1]
 [0 1 1 1 1]
 [1 1 0 1 0]
 [0 0 1 1 0]
 [1 0 1 0 1]
 [1 1 0 1 0]
 [1 1 1 0 1]
 [0 0 1 0 1]
 [1 0 1 1 0]
 [0 0 0 0 1]
 [1 1 0 0 1]
 [1 0 1 0 1]
 [0 1 1 1 1]
 [0 1 0 1 1]
 [0 0 1 0 0]]
{'restarts': 1, 'conflicts': 11, 'decisions': 28, 'propagations': 755}
Q is identifiable
branch at 6
runtime for solving id of Q is 0.005558007396757603
Simulation results:
{'J': 50, 'K': 5, 'N': 10, 'p': 0.5, 'seed': 51, 'sim': 0, 'runtime': 0.005558007396757603, 'identifiable': 1, 'branch': 6}
1
Q: [[1 0 0 0 1]
 [1 0 0 0 0]
 [1 0 1 0 1]
 [0 0 0 1 0]
 [0 1 1 0 1]
 [1 1 0 1 0]
 [0 0 0 0 0]
 [0 0 0 0 0]
 [0 1 0 1 1]
 [1 1 0 0 1]
 [0 1 0 0 0]
 [1 0 1 0 1]
 [1 0 1 0 1]
 [1 0 1 0 0]
 [0 1 1 0 0]
 [0 0 1 0 0]
 [0 0 0 0 1]
 [0 0 1 0 1]
 [0 1 1 0 1]
 [1 1 0 1 0]
 [1 0 0 0 0]
 [0 1 1 0 0]
 [1 1 0 0 0]
 [1 0 1 1 0]
 [1 1 1 0 1]
 [0 0 0 0 1]
 [0 1 1 1 1]
 [1 1 0 0 0]
 [0 0 0 1 1]
 [0 0 1 0 1]
 [1 1 1 0 0]
 [1 1 0 0 1]
 [1 0 0 0 0]
 [0 1 1 0 0]
 [0 1 0 0 1]
 [1 1 1 0 0]
 [1 1 0 0 1]
 [1 0 0 0 0]
 [1 1 0 1 0]
 [1 1 1 0 0]
 [1 1 1 0 0]
 [0 1 1 0 0]
 [1 0 0 1 0]
 [0 0 1 1 1]
 [0 0 0 0 1]
 [0 0 1 1 0]
 [1 1 0 1 0]
 [1 0 0 0 0]
 [1 0 1 1 0]
 [0 1 1 0 0]]
Q is identifiable (direct_check).
Q is identifiable
branch at 4
runtime for solving id of Q is 0.00046594999730587006
Simulation results:
{'J': 50, 'K': 5, 'N': 10, 'p': 0.5, 'seed': 51, 'sim': 1, 'runtime': 0.00046594999730587006, 'identifiable': 1, 'branch': 4}
2
Q: [[0 1 1 1 0]
 [1 0 0 1 0]
 [1 1 0 1 0]
 [0 1 1 0 1]
 [0 1 1 0 0]
 [1 0 0 1 1]
 [0 1 0 0 0]
 [0 0 1 0 1]
 [0 1 0 0 0]
 [1 1 0 0 1]
 [1 1 0 1 0]
 [0 1 0 0 0]
 [1 1 1 0 1]
 [1 0 0 0 0]
 [0 1 1 0 0]
 [1 1 0 1 0]
 [0 0 0 0 0]
 [0 1 0 0 1]
 [1 0 1 1 1]
 [0 1 1 0 0]
 [0 0 0 1 0]
 [0 1 0 0 1]
 [1 1 1 1 1]
 [1 0 1 0 1]
 [0 1 1 0 1]
 [0 1 0 0 0]
 [0 1 0 0 1]
 [0 1 0 0 0]
 [1 0 1 0 1]
 [0 0 1 0 1]
 [1 1 1 0 1]
 [1 0 0 1 0]
 [0 1 1 0 0]
 [1 1 0 0 1]
 [0 1 1 0 0]
 [0 1 0 0 0]
 [0 1 1 0 0]
 [0 0 1 0 0]
 [1 0 1 1 1]
 [0 0 0 0 0]
 [0 1 1 1 0]
 [0 0 1 1 0]
 [1 0 1 0 1]
 [1 0 0 1 0]
 [0 0 0 1 0]
 [1 1 1 0 0]
 [0 0 0 1 0]
 [0 0 0 1 0]
 [1 1 1 0 1]
 [1 1 1 1 1]]
{'restarts': 1, 'conflicts': 8, 'decisions': 17, 'propagations': 403}
Q is identifiable
branch at 6
runtime for solving id of Q is 0.0028992919251322746
Simulation results:
{'J': 50, 'K': 5, 'N': 10, 'p': 0.5, 'seed': 51, 'sim': 2, 'runtime': 0.0028992919251322746, 'identifiable': 1, 'branch': 6}
3
Q: [[0 1 1 1 0]
 [0 1 0 1 1]
 [0 1 0 0 1]
 [1 0 0 1 0]
 [0 1 1 1 0]
 [1 1 0 0 0]
 [0 1 1 1 0]
 [0 1 0 1 1]
 [1 1 1 1 0]
 [1 0 0 0 0]
 [0 1 0 0 0]
 [0 1 0 0 1]
 [1 1 0 1 1]
 [0 1 0 0 1]
 [0 0 1 1 1]
 [1 1 0 0 1]
 [0 0 0 0 1]
 [0 0 1 1 0]
 [1 0 1 1 0]
 [0 0 1 0 1]
 [0 0 0 0 0]
 [0 1 1 1 1]
 [0 1 1 1 0]
 [1 1 1 1 1]
 [1 1 0 0 1]
 [0 1 1 0 1]
 [0 0 1 0 0]
 [0 0 1 1 1]
 [0 1 0 1 0]
 [1 1 1 0 1]
 [0 1 0 0 1]
 [1 1 1 0 1]
 [1 1 1 1 0]
 [1 1 1 1 0]
 [0 1 1 1 0]
 [1 0 1 1 1]
 [1 1 1 1 0]
 [1 1 0 1 0]
 [1 0 0 0 1]
 [0 1 0 1 0]
 [1 0 0 0 0]
 [1 0 0 1 1]
 [0 0 0 1 1]
 [1 1 1 0 0]
 [1 1 1 1 1]
 [1 1 0 1 0]
 [0 0 1 1 0]
 [1 0 1 0 0]
 [1 0 1 1 0]
 [1 0 0 1 1]]
{'restarts': 1, 'conflicts': 11, 'decisions': 21, 'propagations': 424}
Q is identifiable
branch at 6
runtime for solving id of Q is 0.0033617811277508736
Simulation results:
{'J': 50, 'K': 5, 'N': 10, 'p': 0.5, 'seed': 51, 'sim': 3, 'runtime': 0.0033617811277508736, 'identifiable': 1, 'branch': 6}
4
Q: [[1 1 1 1 0]
 [1 1 1 0 1]
 [0 0 1 1 0]
 [1 0 0 0 0]
 [0 1 1 0 0]
 [1 1 1 0 1]
 [0 1 1 0 0]
 [0 1 1 1 0]
 [0 0 0 1 1]
 [1 1 0 1 1]
 [1 1 1 1 0]
 [1 0 1 0 1]
 [0 0 0 0 1]
 [1 1 1 1 0]
 [0 1 1 0 0]
 [0 1 0 0 1]
 [1 1 0 1 1]
 [0 0 0 1 0]
 [1 0 0 1 1]
 [0 0 0 1 0]
 [0 0 1 0 1]
 [1 0 1 0 0]
 [1 0 0 0 0]
 [0 1 0 1 0]
 [1 0 1 1 0]
 [1 0 0 0 1]
 [1 0 1 0 1]
 [0 1 0 0 1]
 [1 0 0 0 0]
 [0 0 0 0 1]
 [1 0 0 0 0]
 [1 1 1 0 1]
 [1 0 1 0 0]
 [1 0 0 0 0]
 [0 0 1 0 1]
 [1 0 1 1 0]
 [0 0 1 0 1]
 [0 0 0 1 0]
 [0 0 0 1 0]
 [1 0 1 0 0]
 [1 1 0 1 1]
 [1 1 0 0 0]
 [0 0 1 1 0]
 [0 0 0 0 0]
 [0 1 1 1 0]
 [1 1 1 1 1]
 [1 0 1 0 0]
 [0 1 1 1 1]
 [1 1 1 1 0]
 [0 0 1 1 1]]
{'restarts': 1, 'conflicts': 10, 'decisions': 21, 'propagations': 538}
Q is identifiable
branch at 6
runtime for solving id of Q is 0.004558049142360687
Simulation results:
{'J': 50, 'K': 5, 'N': 10, 'p': 0.5, 'seed': 51, 'sim': 4, 'runtime': 0.004558049142360687, 'identifiable': 1, 'branch': 6}
5
Q: [[1 1 1 1 1]
 [0 0 0 1 1]
 [0 0 0 0 1]
 [0 1 1 1 0]
 [1 0 1 1 1]
 [1 0 1 0 0]
 [1 1 0 1 0]
 [1 0 1 0 0]
 [0 1 0 0 1]
 [0 0 1 1 1]
 [0 0 0 0 1]
 [1 0 1 1 1]
 [1 0 0 0 1]
 [0 0 1 0 1]
 [1 1 1 0 1]
 [1 0 1 0 1]
 [1 1 0 0 0]
 [1 0 1 0 0]
 [1 0 0 1 1]
 [0 1 1 1 1]
 [0 0 0 1 1]
 [0 1 1 0 1]
 [1 0 1 0 0]
 [0 1 1 1 1]
 [0 1 0 0 0]
 [1 1 1 1 1]
 [0 0 1 1 0]
 [0 1 1 0 0]
 [0 1 0 1 0]
 [1 0 0 0 1]
 [0 1 1 0 0]
 [1 0 0 0 0]
 [1 1 1 1 0]
 [0 0 0 0 0]
 [0 1 0 1 1]
 [1 1 0 1 0]
 [0 1 0 0 1]
 [1 1 0 0 0]
 [0 1 0 0 0]
 [1 0 1 1 1]
 [1 0 0 0 1]
 [0 1 1 0 0]
 [1 0 0 1 0]
 [1 1 0 1 1]
 [1 0 1 1 1]
 [1 0 1 0 0]
 [1 0 0 0 1]
 [0 0 0 1 0]
 [1 1 0 1 0]
 [1 0 1 0 0]]
{'restarts': 1, 'conflicts': 7, 'decisions': 20, 'propagations': 510}
Q is identifiable
branch at 6
runtime for solving id of Q is 0.003376179374754429
Simulation results:
{'J': 50, 'K': 5, 'N': 10, 'p': 0.5, 'seed': 51, 'sim': 5, 'runtime': 0.003376179374754429, 'identifiable': 1, 'branch': 6}
6
Q: [[1 0 0 1 0]
 [0 1 0 0 1]
 [0 1 1 0 0]
 [1 0 1 0 0]
 [0 0 1 0 0]
 [1 0 0 1 1]
 [1 0 0 1 1]
 [0 1 1 1 0]
 [1 1 0 0 0]
 [0 0 0 1 1]
 [0 0 1 1 0]
 [1 0 0 1 0]
 [1 1 0 0 0]
 [0 1 0 0 1]
 [1 1 1 0 0]
 [1 0 1 0 0]
 [0 1 0 1 0]
 [0 1 0 1 1]
 [0 0 1 0 0]
 [0 1 0 0 1]
 [1 0 1 1 0]
 [0 0 1 1 0]
 [0 1 0 1 1]
 [0 0 0 1 1]
 [1 0 0 1 0]
 [1 0 1 1 0]
 [1 0 1 1 0]
 [1 0 0 1 0]
 [0 0 1 0 0]
 [0 0 1 1 0]
 [0 1 1 0 0]
 [0 1 0 1 1]
 [0 0 1 0 1]
 [0 0 0 1 1]
 [0 1 1 1 1]
 [0 1 1 0 1]
 [1 0 0 1 1]
 [0 0 1 1 0]
 [0 0 0 0 1]
 [1 0 0 0 1]
 [1 0 1 0 0]
 [0 1 1 1 1]
 [0 1 0 1 1]
 [1 0 0 0 0]
 [1 1 0 0 0]
 [1 1 0 0 1]
 [1 0 0 1 0]
 [0 0 0 1 0]
 [1 1 0 0 1]
 [1 1 1 0 1]]
{'restarts': 1, 'conflicts': 11, 'decisions': 21, 'propagations': 609}
Q is identifiable
branch at 6
runtime for solving id of Q is 0.00345004815608263
Simulation results:
{'J': 50, 'K': 5, 'N': 10, 'p': 0.5, 'seed': 51, 'sim': 6, 'runtime': 0.00345004815608263, 'identifiable': 1, 'branch': 6}
7
Q: [[0 0 1 0 0]
 [1 1 0 1 0]
 [0 1 0 1 1]
 [0 1 1 1 1]
 [0 1 1 0 0]
 [1 1 0 0 1]
 [1 0 1 1 1]
 [0 0 0 0 1]
 [0 1 1 1 0]
 [0 0 1 0 0]
 [0 1 1 1 0]
 [1 1 1 0 1]
 [0 0 0 0 1]
 [1 1 0 0 1]
 [1 0 0 0 1]
 [1 1 1 1 1]
 [1 0 1 0 1]
 [0 0 0 0 0]
 [0 0 0 1 0]
 [0 1 1 0 1]
 [0 1 0 0 1]
 [0 1 1 1 0]
 [1 0 0 1 0]
 [1 0 0 0 1]
 [1 0 1 0 0]
 [0 1 1 0 0]
 [1 0 1 0 1]
 [0 1 1 0 1]
 [1 1 0 0 0]
 [1 0 0 1 0]
 [1 0 1 1 0]
 [0 0 0 0 1]
 [1 0 0 1 0]
 [1 0 1 1 1]
 [0 0 0 1 0]
 [0 1 1 1 0]
 [0 0 0 1 1]
 [0 0 1 0 0]
 [1 1 1 0 0]
 [0 0 0 0 1]
 [1 1 0 0 0]
 [1 1 1 0 0]
 [0 1 1 1 0]
 [0 1 1 0 0]
 [0 1 1 0 0]
 [1 0 0 1 0]
 [1 0 1 0 0]
 [1 0 0 0 1]
 [0 0 0 0 1]
 [1 1 0 0 1]]
{'restarts': 1, 'conflicts': 10, 'decisions': 20, 'propagations': 598}
Q is identifiable
branch at 6
runtime for solving id of Q is 0.0037262514233589172
Simulation results:
{'J': 50, 'K': 5, 'N': 10, 'p': 0.5, 'seed': 51, 'sim': 7, 'runtime': 0.0037262514233589172, 'identifiable': 1, 'branch': 6}
8
Q: [[1 0 1 1 0]
 [0 1 0 0 1]
 [1 0 0 0 1]
 [0 0 1 1 0]
 [0 0 0 0 1]
 [1 1 0 0 0]
 [1 0 0 1 0]
 [1 1 1 1 0]
 [1 0 1 1 0]
 [0 1 0 1 1]
 [0 1 1 1 0]
 [1 0 0 0 1]
 [0 0 1 1 0]
 [1 0 1 1 0]
 [0 1 1 1 1]
 [1 0 1 1 0]
 [1 0 1 1 0]
 [0 1 0 1 1]
 [1 0 0 1 1]
 [0 1 1 0 1]
 [1 1 1 1 1]
 [1 0 1 0 1]
 [1 0 1 1 0]
 [1 0 0 1 0]
 [1 1 0 1 0]
 [0 1 1 1 0]
 [0 1 1 0 0]
 [0 1 1 0 1]
 [1 1 0 0 1]
 [0 1 0 1 0]
 [1 1 1 1 1]
 [0 1 0 0 0]
 [1 0 0 0 0]
 [1 0 1 0 1]
 [0 1 0 1 1]
 [1 0 0 1 1]
 [0 0 0 0 1]
 [0 1 1 0 0]
 [1 1 0 1 1]
 [0 1 1 1 1]
 [0 0 1 1 1]
 [1 1 1 0 1]
 [0 0 0 0 1]
 [0 1 0 0 1]
 [0 0 0 0 1]
 [1 0 1 1 1]
 [1 0 0 0 1]
 [1 0 0 1 1]
 [0 1 0 0 1]
 [1 1 0 1 0]]
{'restarts': 1, 'conflicts': 10, 'decisions': 19, 'propagations': 472}
Q is identifiable
branch at 6
runtime for solving id of Q is 0.003186107613146305
Simulation results:
{'J': 50, 'K': 5, 'N': 10, 'p': 0.5, 'seed': 51, 'sim': 8, 'runtime': 0.003186107613146305, 'identifiable': 1, 'branch': 6}
9
Q: [[0 0 1 0 1]
 [1 0 0 0 0]
 [1 1 1 1 1]
 [1 1 0 1 0]
 [1 0 0 1 0]
 [1 1 0 0 1]
 [0 0 0 0 1]
 [0 0 1 1 1]
 [1 1 1 1 1]
 [1 0 0 1 1]
 [1 1 1 1 0]
 [1 1 0 0 0]
 [1 1 1 0 1]
 [1 0 0 1 1]
 [0 1 1 0 1]
 [0 0 0 0 0]
 [0 0 0 0 1]
 [0 1 0 0 0]
 [0 1 1 1 1]
 [0 0 0 1 1]
 [0 0 0 0 0]
 [0 1 0 0 1]
 [0 0 0 0 1]
 [1 0 0 0 0]
 [1 1 0 0 1]
 [0 0 0 1 1]
 [0 1 0 1 1]
 [1 1 0 0 0]
 [0 0 1 0 1]
 [1 0 0 0 1]
 [0 0 1 1 1]
 [0 0 0 1 0]
 [1 1 0 1 0]
 [0 0 1 0 1]
 [0 1 0 1 1]
 [1 0 1 0 0]
 [1 0 0 0 0]
 [1 1 0 1 1]
 [0 0 0 0 0]
 [0 1 1 1 0]
 [1 0 0 0 1]
 [0 1 1 1 0]
 [0 1 1 1 1]
 [1 0 0 0 1]
 [0 0 0 1 0]
 [0 0 1 1 0]
 [0 1 1 1 0]
 [0 0 0 1 0]
 [0 1 0 0 0]
 [0 0 0 1 0]]
{'restarts': 1, 'conflicts': 9, 'decisions': 18, 'propagations': 433}
Q is identifiable
branch at 6
runtime for solving id of Q is 0.0027388185262680054
Simulation results:
{'J': 50, 'K': 5, 'N': 10, 'p': 0.5, 'seed': 51, 'sim': 9, 'runtime': 0.0027388185262680054, 'identifiable': 1, 'branch': 6}
Simulation results:
[{'J': 50, 'K': 5, 'N': 10, 'p': 0.5, 'seed': 51, 'sim': 0, 'runtime': 0.005558007396757603, 'identifiable': 1, 'branch': 6}, {'J': 50, 'K': 5, 'N': 10, 'p': 0.5, 'seed': 51, 'sim': 1, 'runtime': 0.00046594999730587006, 'identifiable': 1, 'branch': 4}, {'J': 50, 'K': 5, 'N': 10, 'p': 0.5, 'seed': 51, 'sim': 2, 'runtime': 0.0028992919251322746, 'identifiable': 1, 'branch': 6}, {'J': 50, 'K': 5, 'N': 10, 'p': 0.5, 'seed': 51, 'sim': 3, 'runtime': 0.0033617811277508736, 'identifiable': 1, 'branch': 6}, {'J': 50, 'K': 5, 'N': 10, 'p': 0.5, 'seed': 51, 'sim': 4, 'runtime': 0.004558049142360687, 'identifiable': 1, 'branch': 6}, {'J': 50, 'K': 5, 'N': 10, 'p': 0.5, 'seed': 51, 'sim': 5, 'runtime': 0.003376179374754429, 'identifiable': 1, 'branch': 6}, {'J': 50, 'K': 5, 'N': 10, 'p': 0.5, 'seed': 51, 'sim': 6, 'runtime': 0.00345004815608263, 'identifiable': 1, 'branch': 6}, {'J': 50, 'K': 5, 'N': 10, 'p': 0.5, 'seed': 51, 'sim': 7, 'runtime': 0.0037262514233589172, 'identifiable': 1, 'branch': 6}, {'J': 50, 'K': 5, 'N': 10, 'p': 0.5, 'seed': 51, 'sim': 8, 'runtime': 0.003186107613146305, 'identifiable': 1, 'branch': 6}, {'J': 50, 'K': 5, 'N': 10, 'p': 0.5, 'seed': 51, 'sim': 9, 'runtime': 0.0027388185262680054, 'identifiable': 1, 'branch': 6}]
