
The Gurobi software has a limited number of licenses. To request a license or
licenses, add this line

    #SBATCH --licenses=gurobi@slurmdb:1

to your SBATCH script, replacing N with the number of licenses you need. Gurobi
will need one license per process.


0
Q: [[1 1 1 0 1]
 [0 0 1 1 1]
 [0 1 1 0 1]
 [0 1 1 1 1]
 [0 1 1 1 1]
 [1 1 0 0 0]
 [1 0 0 0 1]
 [1 0 1 1 1]
 [1 1 0 1 1]
 [1 1 1 0 1]
 [0 1 1 1 1]
 [0 1 1 1 1]
 [1 0 1 1 1]
 [0 0 1 0 1]
 [1 0 0 0 1]
 [1 1 1 1 1]
 [0 0 1 1 1]
 [1 1 0 1 1]
 [1 0 0 1 0]
 [1 0 1 1 1]
 [1 1 1 1 0]
 [1 1 1 1 1]
 [1 1 0 1 0]
 [1 1 1 1 0]
 [1 1 1 1 1]
 [0 1 1 1 1]
 [1 1 1 1 0]
 [0 1 0 1 1]
 [0 1 0 0 1]
 [1 1 0 1 1]
 [0 1 0 1 0]
 [1 0 1 0 0]
 [0 0 1 1 1]
 [1 1 1 1 1]
 [0 1 1 1 1]
 [1 1 1 1 0]
 [1 1 1 1 1]
 [1 1 0 1 0]
 [1 1 1 1 0]
 [1 1 1 1 1]
 [1 1 1 0 1]
 [1 1 1 1 1]
 [1 1 0 1 1]
 [1 1 0 1 1]
 [0 1 0 1 1]
 [0 1 0 1 1]
 [1 1 1 1 0]
 [1 0 0 0 0]
 [1 0 1 0 1]
 [0 1 1 1 1]]
{'restarts': 1, 'conflicts': 23, 'decisions': 45, 'propagations': 794}
Q is identifiable
branch at 6
runtime for solving id of Q is 0.004747306928038597
Simulation results:
{'J': 50, 'K': 5, 'N': 10, 'p': 0.7, 'seed': 88, 'sim': 0, 'runtime': 0.004747306928038597, 'identifiable': 1, 'branch': 6}
1
Q: [[0 1 0 0 1]
 [0 1 1 1 1]
 [1 0 1 1 1]
 [0 0 0 0 0]
 [1 1 1 1 1]
 [1 1 0 1 0]
 [1 1 1 1 1]
 [1 0 0 0 0]
 [1 1 0 0 1]
 [1 0 1 1 0]
 [0 1 1 1 1]
 [0 1 1 0 1]
 [0 1 1 1 1]
 [1 1 1 0 0]
 [1 1 1 1 0]
 [0 1 1 1 1]
 [0 1 1 1 1]
 [1 0 0 0 1]
 [1 1 0 0 1]
 [1 1 1 0 1]
 [0 1 1 1 1]
 [0 0 1 1 0]
 [1 0 0 0 0]
 [1 1 0 1 1]
 [0 1 1 1 1]
 [1 1 1 1 1]
 [1 0 0 1 1]
 [0 0 1 0 0]
 [1 1 1 0 0]
 [1 1 1 0 1]
 [0 1 0 0 1]
 [1 1 1 1 0]
 [0 0 0 0 1]
 [1 1 1 1 1]
 [1 0 0 1 1]
 [0 0 0 1 1]
 [1 1 0 0 1]
 [1 1 1 1 1]
 [1 1 0 1 1]
 [1 1 1 1 1]
 [1 1 1 1 1]
 [0 1 1 1 1]
 [1 1 1 1 1]
 [0 1 0 0 1]
 [0 0 1 1 1]
 [1 1 1 1 0]
 [1 1 0 0 1]
 [1 0 1 1 0]
 [1 1 0 1 1]
 [1 1 0 0 1]]
{'restarts': 1, 'conflicts': 15, 'decisions': 27, 'propagations': 498}
Q is identifiable
branch at 6
runtime for solving id of Q is 0.004066435038112104
Simulation results:
{'J': 50, 'K': 5, 'N': 10, 'p': 0.7, 'seed': 88, 'sim': 1, 'runtime': 0.004066435038112104, 'identifiable': 1, 'branch': 6}
2
Q: [[1 1 1 1 1]
 [1 0 1 0 1]
 [1 1 1 1 1]
 [1 0 0 1 1]
 [1 0 0 1 0]
 [0 1 1 1 1]
 [0 1 1 0 1]
 [1 1 0 1 0]
 [0 0 1 0 0]
 [0 1 1 1 1]
 [1 1 0 1 1]
 [0 1 0 0 1]
 [1 1 0 0 1]
 [0 1 1 1 1]
 [1 0 1 0 0]
 [1 0 1 1 1]
 [1 1 1 1 1]
 [1 1 0 0 1]
 [0 1 1 1 0]
 [1 1 1 1 1]
 [0 0 0 1 0]
 [1 0 1 1 1]
 [1 1 1 0 0]
 [1 1 0 1 1]
 [1 0 1 1 1]
 [1 1 1 1 0]
 [1 0 0 1 1]
 [0 1 1 1 0]
 [1 1 1 0 1]
 [1 0 0 1 1]
 [1 1 0 1 0]
 [1 1 1 1 1]
 [0 0 1 1 1]
 [1 0 0 1 1]
 [0 1 0 1 1]
 [1 0 0 1 1]
 [1 1 1 0 1]
 [1 1 1 1 0]
 [1 0 0 1 0]
 [0 1 0 1 1]
 [0 1 1 0 1]
 [1 1 1 0 1]
 [1 1 1 0 0]
 [1 1 0 1 0]
 [1 1 1 1 0]
 [1 1 0 0 0]
 [1 1 1 0 1]
 [0 1 0 0 1]
 [1 0 1 1 1]
 [1 0 0 0 1]]
{'restarts': 1, 'conflicts': 11, 'decisions': 23, 'propagations': 757}
Q is identifiable
branch at 6
runtime for solving id of Q is 0.004285512026399374
Simulation results:
{'J': 50, 'K': 5, 'N': 10, 'p': 0.7, 'seed': 88, 'sim': 2, 'runtime': 0.004285512026399374, 'identifiable': 1, 'branch': 6}
3
Q: [[1 1 1 0 1]
 [0 1 1 1 0]
 [1 1 1 1 1]
 [1 1 1 1 0]
 [1 1 1 1 1]
 [1 1 1 1 1]
 [1 0 1 0 0]
 [1 1 1 1 0]
 [0 0 1 0 1]
 [1 1 0 1 1]
 [1 1 0 1 1]
 [0 0 0 1 1]
 [1 1 1 1 1]
 [1 0 1 1 1]
 [1 0 1 1 1]
 [1 1 1 1 0]
 [1 0 1 0 1]
 [1 1 1 1 1]
 [0 1 1 1 0]
 [1 0 1 1 1]
 [0 0 1 0 1]
 [1 1 1 1 0]
 [1 0 1 0 1]
 [1 0 1 1 1]
 [1 1 1 1 1]
 [0 1 1 1 1]
 [1 0 0 0 1]
 [1 1 1 0 0]
 [1 1 1 0 1]
 [1 0 1 0 1]
 [1 1 1 1 1]
 [1 1 1 1 1]
 [0 0 1 1 1]
 [1 1 1 1 1]
 [0 1 1 1 1]
 [0 1 1 1 1]
 [1 1 1 1 1]
 [1 0 1 1 1]
 [0 0 1 0 1]
 [0 1 0 1 1]
 [0 1 0 1 0]
 [0 0 1 1 1]
 [1 0 0 1 1]
 [1 1 1 1 0]
 [1 0 0 0 0]
 [1 1 1 1 0]
 [0 1 1 1 1]
 [1 0 0 1 0]
 [1 0 1 1 1]
 [0 1 0 1 1]]
{'restarts': 1, 'conflicts': 21, 'decisions': 45, 'propagations': 696}
Q is identifiable
branch at 6
runtime for solving id of Q is 0.0038669880013912916
Simulation results:
{'J': 50, 'K': 5, 'N': 10, 'p': 0.7, 'seed': 88, 'sim': 3, 'runtime': 0.0038669880013912916, 'identifiable': 1, 'branch': 6}
4
Q: [[0 0 0 1 1]
 [1 0 0 0 1]
 [1 0 0 1 1]
 [1 1 1 1 1]
 [0 0 1 1 0]
 [1 1 1 1 0]
 [0 1 0 1 0]
 [0 1 1 1 1]
 [1 0 0 1 1]
 [1 1 1 0 0]
 [1 0 1 0 1]
 [1 1 0 1 1]
 [0 1 0 0 1]
 [1 1 1 1 1]
 [1 0 1 1 1]
 [0 0 1 0 1]
 [0 1 1 1 1]
 [1 1 1 1 0]
 [0 1 1 1 1]
 [1 1 1 0 0]
 [1 1 1 0 0]
 [1 1 0 1 1]
 [1 1 1 1 1]
 [1 1 1 1 1]
 [0 1 1 0 1]
 [0 1 0 0 1]
 [1 0 1 0 1]
 [0 1 1 1 1]
 [1 1 1 0 1]
 [1 1 1 0 1]
 [1 1 1 0 1]
 [1 1 0 0 0]
 [0 1 1 1 0]
 [0 0 1 1 0]
 [1 0 1 1 1]
 [1 0 1 0 1]
 [0 1 0 1 1]
 [1 1 1 1 1]
 [1 0 1 1 1]
 [0 0 1 0 1]
 [0 0 0 1 1]
 [0 0 1 1 1]
 [1 0 1 1 1]
 [1 1 0 1 1]
 [1 0 0 1 0]
 [1 1 0 1 1]
 [0 1 0 0 1]
 [1 1 1 1 0]
 [0 1 1 1 1]
 [0 1 1 1 1]]
{'restarts': 1, 'conflicts': 21, 'decisions': 38, 'propagations': 760}
Q is identifiable
branch at 6
runtime for solving id of Q is 0.004288394935429096
Simulation results:
{'J': 50, 'K': 5, 'N': 10, 'p': 0.7, 'seed': 88, 'sim': 4, 'runtime': 0.004288394935429096, 'identifiable': 1, 'branch': 6}
5
Q: [[1 1 0 0 1]
 [1 1 1 1 1]
 [0 0 0 0 0]
 [1 1 0 1 1]
 [0 1 1 0 0]
 [1 1 1 0 0]
 [1 0 0 1 0]
 [0 1 1 1 1]
 [0 1 0 1 1]
 [0 1 1 0 0]
 [0 1 1 1 1]
 [1 1 0 1 0]
 [1 1 1 1 1]
 [0 1 0 0 0]
 [1 1 1 1 1]
 [1 1 1 1 1]
 [1 1 1 1 0]
 [1 1 1 0 1]
 [1 1 0 0 1]
 [1 1 1 1 0]
 [0 1 1 0 1]
 [1 1 0 1 0]
 [1 1 0 0 1]
 [1 1 0 1 1]
 [1 1 1 1 1]
 [0 0 0 1 0]
 [0 1 1 1 0]
 [1 1 0 1 1]
 [1 1 1 1 1]
 [0 1 1 1 1]
 [0 1 1 1 1]
 [0 0 0 0 0]
 [1 1 1 0 1]
 [1 0 0 1 0]
 [1 0 0 1 0]
 [1 1 1 1 1]
 [1 1 1 1 0]
 [1 1 1 0 1]
 [0 1 0 1 1]
 [1 1 1 1 1]
 [1 1 0 1 1]
 [1 0 1 1 1]
 [0 0 0 1 1]
 [0 0 1 1 1]
 [1 0 0 1 1]
 [1 1 0 1 1]
 [1 0 1 0 1]
 [0 0 1 0 1]
 [1 1 0 0 1]
 [0 1 1 1 1]]
{'restarts': 1, 'conflicts': 12, 'decisions': 19, 'propagations': 692}
Q is identifiable
branch at 6
runtime for solving id of Q is 0.004080214072018862
Simulation results:
{'J': 50, 'K': 5, 'N': 10, 'p': 0.7, 'seed': 88, 'sim': 5, 'runtime': 0.004080214072018862, 'identifiable': 1, 'branch': 6}
6
Q: [[0 1 0 1 0]
 [1 1 1 1 0]
 [1 0 0 0 0]
 [1 1 0 1 1]
 [1 0 0 1 1]
 [1 1 0 1 1]
 [1 1 1 1 1]
 [1 1 1 1 1]
 [1 0 1 1 1]
 [0 1 0 1 0]
 [0 1 1 1 1]
 [1 1 1 0 0]
 [1 1 1 1 1]
 [1 1 1 1 0]
 [1 1 1 1 1]
 [1 1 0 1 0]
 [0 1 1 1 1]
 [0 1 1 1 0]
 [1 1 1 1 1]
 [1 1 1 1 1]
 [1 1 1 1 1]
 [1 1 1 1 1]
 [1 0 0 0 1]
 [1 1 0 1 0]
 [1 1 1 1 1]
 [0 0 0 1 0]
 [1 0 0 0 1]
 [1 1 1 0 1]
 [1 0 1 1 0]
 [0 0 1 1 1]
 [1 0 1 1 1]
 [0 0 1 1 1]
 [1 1 1 0 1]
 [1 0 0 1 1]
 [1 0 1 1 1]
 [1 1 1 1 0]
 [0 0 0 1 1]
 [1 1 1 1 1]
 [1 0 1 0 1]
 [0 0 1 0 1]
 [1 0 1 1 1]
 [1 0 1 1 1]
 [0 1 1 0 1]
 [1 1 1 1 0]
 [1 1 1 1 1]
 [1 1 1 0 0]
 [1 0 1 0 1]
 [0 1 0 0 1]
 [1 1 0 0 1]
 [0 0 1 1 1]]
{'restarts': 1, 'conflicts': 20, 'decisions': 42, 'propagations': 847}
Q is identifiable
branch at 6
runtime for solving id of Q is 0.0047198450192809105
Simulation results:
{'J': 50, 'K': 5, 'N': 10, 'p': 0.7, 'seed': 88, 'sim': 6, 'runtime': 0.0047198450192809105, 'identifiable': 1, 'branch': 6}
7
Q: [[1 1 0 1 0]
 [0 0 1 0 1]
 [1 1 1 0 1]
 [0 1 0 1 0]
 [1 1 1 1 1]
 [0 1 0 1 1]
 [0 0 1 1 0]
 [1 1 1 1 0]
 [1 1 0 1 1]
 [1 0 1 1 0]
 [0 1 1 1 1]
 [1 0 1 1 0]
 [1 1 0 1 0]
 [1 1 1 0 1]
 [0 1 1 1 1]
 [0 1 1 1 1]
 [0 1 0 1 0]
 [1 0 0 1 1]
 [1 0 1 1 0]
 [1 1 0 0 1]
 [1 0 1 1 1]
 [1 1 1 1 0]
 [0 1 1 0 1]
 [1 0 1 0 0]
 [0 0 0 1 1]
 [1 0 1 0 0]
 [1 1 1 0 1]
 [1 0 1 0 0]
 [1 1 1 1 1]
 [1 1 1 1 1]
 [1 0 1 0 1]
 [1 1 1 0 1]
 [1 0 1 0 1]
 [0 0 1 1 0]
 [1 0 1 1 1]
 [1 1 0 1 1]
 [0 1 1 0 1]
 [1 0 1 0 0]
 [1 1 1 1 0]
 [1 1 1 1 1]
 [1 1 1 0 1]
 [1 0 1 1 1]
 [0 1 1 1 1]
 [1 1 1 1 1]
 [1 1 1 1 1]
 [1 0 1 0 1]
 [1 1 1 1 0]
 [1 0 1 1 0]
 [1 0 1 1 1]
 [1 1 1 0 1]]
{'restarts': 1, 'conflicts': 26, 'decisions': 42, 'propagations': 924}
Q is identifiable
branch at 6
runtime for solving id of Q is 0.0038719410076737404
Simulation results:
{'J': 50, 'K': 5, 'N': 10, 'p': 0.7, 'seed': 88, 'sim': 7, 'runtime': 0.0038719410076737404, 'identifiable': 1, 'branch': 6}
8
Q: [[1 0 1 1 1]
 [1 1 0 0 1]
 [1 1 1 1 1]
 [1 1 1 1 0]
 [1 1 1 1 1]
 [1 0 1 1 1]
 [1 0 1 0 1]
 [1 1 1 1 0]
 [0 0 1 1 1]
 [1 1 0 1 1]
 [1 1 1 1 0]
 [1 0 1 1 1]
 [1 0 1 1 0]
 [1 1 1 1 0]
 [0 0 1 0 1]
 [0 1 0 1 0]
 [1 1 1 0 0]
 [1 1 1 0 1]
 [1 0 1 1 1]
 [1 1 0 0 1]
 [1 1 1 1 1]
 [1 0 0 0 1]
 [1 0 1 0 0]
 [1 1 0 1 1]
 [0 0 1 1 1]
 [1 1 1 1 1]
 [1 0 0 1 0]
 [1 1 1 0 0]
 [1 0 1 1 1]
 [1 0 1 1 1]
 [0 0 1 0 1]
 [0 1 0 1 0]
 [1 1 0 1 1]
 [1 0 0 1 1]
 [0 1 1 0 0]
 [0 1 1 1 1]
 [1 1 0 1 1]
 [0 1 1 1 1]
 [1 0 1 1 0]
 [1 1 1 0 0]
 [1 1 1 1 0]
 [1 1 1 1 0]
 [0 0 1 0 1]
 [0 1 1 0 1]
 [1 1 1 1 1]
 [1 1 0 1 1]
 [0 1 0 1 1]
 [1 0 1 0 0]
 [0 1 1 1 1]
 [1 0 1 0 0]]
{'restarts': 1, 'conflicts': 20, 'decisions': 33, 'propagations': 927}
Q is identifiable
branch at 6
runtime for solving id of Q is 0.00409910106100142
Simulation results:
{'J': 50, 'K': 5, 'N': 10, 'p': 0.7, 'seed': 88, 'sim': 8, 'runtime': 0.00409910106100142, 'identifiable': 1, 'branch': 6}
9
Q: [[1 1 1 0 0]
 [1 0 1 1 1]
 [1 1 1 0 1]
 [0 1 1 0 1]
 [1 1 1 1 1]
 [1 1 1 1 1]
 [1 1 1 1 0]
 [1 1 1 0 1]
 [1 0 1 1 0]
 [1 1 1 1 1]
 [1 0 0 1 0]
 [0 0 1 1 1]
 [1 0 1 0 1]
 [1 1 0 1 0]
 [1 1 1 1 1]
 [1 0 1 0 1]
 [1 1 1 1 1]
 [1 1 1 0 0]
 [1 0 1 0 1]
 [1 1 0 1 1]
 [0 1 1 1 1]
 [1 1 1 0 1]
 [1 1 1 1 1]
 [0 0 0 1 1]
 [1 1 1 0 1]
 [1 0 0 1 1]
 [1 0 1 1 0]
 [1 1 1 1 1]
 [0 0 0 1 0]
 [1 1 0 1 1]
 [0 1 1 1 1]
 [0 0 1 1 0]
 [1 0 0 1 1]
 [0 0 1 0 1]
 [1 1 1 0 0]
 [1 1 1 1 0]
 [1 1 1 0 1]
 [0 0 0 1 0]
 [1 1 1 1 1]
 [1 1 1 0 1]
 [1 1 0 0 0]
 [0 0 1 1 0]
 [1 1 1 0 0]
 [0 0 0 1 1]
 [0 1 1 0 1]
 [0 1 1 0 1]
 [0 1 1 0 1]
 [1 1 0 1 1]
 [1 1 0 0 1]
 [1 0 1 1 1]]
{'restarts': 1, 'conflicts': 11, 'decisions': 36, 'propagations': 564}
Q is identifiable
branch at 6
runtime for solving id of Q is 0.004228365956805646
Simulation results:
{'J': 50, 'K': 5, 'N': 10, 'p': 0.7, 'seed': 88, 'sim': 9, 'runtime': 0.004228365956805646, 'identifiable': 1, 'branch': 6}
Simulation results:
[{'J': 50, 'K': 5, 'N': 10, 'p': 0.7, 'seed': 88, 'sim': 0, 'runtime': 0.004747306928038597, 'identifiable': 1, 'branch': 6}, {'J': 50, 'K': 5, 'N': 10, 'p': 0.7, 'seed': 88, 'sim': 1, 'runtime': 0.004066435038112104, 'identifiable': 1, 'branch': 6}, {'J': 50, 'K': 5, 'N': 10, 'p': 0.7, 'seed': 88, 'sim': 2, 'runtime': 0.004285512026399374, 'identifiable': 1, 'branch': 6}, {'J': 50, 'K': 5, 'N': 10, 'p': 0.7, 'seed': 88, 'sim': 3, 'runtime': 0.0038669880013912916, 'identifiable': 1, 'branch': 6}, {'J': 50, 'K': 5, 'N': 10, 'p': 0.7, 'seed': 88, 'sim': 4, 'runtime': 0.004288394935429096, 'identifiable': 1, 'branch': 6}, {'J': 50, 'K': 5, 'N': 10, 'p': 0.7, 'seed': 88, 'sim': 5, 'runtime': 0.004080214072018862, 'identifiable': 1, 'branch': 6}, {'J': 50, 'K': 5, 'N': 10, 'p': 0.7, 'seed': 88, 'sim': 6, 'runtime': 0.0047198450192809105, 'identifiable': 1, 'branch': 6}, {'J': 50, 'K': 5, 'N': 10, 'p': 0.7, 'seed': 88, 'sim': 7, 'runtime': 0.0038719410076737404, 'identifiable': 1, 'branch': 6}, {'J': 50, 'K': 5, 'N': 10, 'p': 0.7, 'seed': 88, 'sim': 8, 'runtime': 0.00409910106100142, 'identifiable': 1, 'branch': 6}, {'J': 50, 'K': 5, 'N': 10, 'p': 0.7, 'seed': 88, 'sim': 9, 'runtime': 0.004228365956805646, 'identifiable': 1, 'branch': 6}]
