
The Gurobi software has a limited number of licenses. To request a license or
licenses, add this line

    #SBATCH --licenses=gurobi@slurmdb:1

to your SBATCH script, replacing N with the number of licenses you need. Gurobi
will need one license per process.


0
Q: [[1 1 0 0 1 1 0 1 0 1]
 [1 0 1 1 1 1 1 1 1 0]
 [0 1 0 1 1 0 1 1 1 1]
 [1 0 0 1 1 1 1 1 1 0]
 [1 1 1 1 1 1 0 1 1 1]
 [1 1 1 1 1 1 1 0 0 1]
 [0 0 1 1 1 0 1 1 1 0]
 [1 0 1 0 0 1 1 0 1 1]
 [1 1 1 1 0 1 0 1 1 1]
 [1 0 0 1 1 1 1 1 1 1]
 [1 1 1 1 1 1 1 1 0 0]
 [1 1 1 1 1 1 0 1 0 1]
 [1 1 1 1 1 1 1 1 1 0]
 [1 1 0 0 1 0 1 0 0 0]
 [1 0 0 0 1 1 1 0 1 0]
 [1 1 1 0 0 1 1 1 0 1]
 [1 0 1 0 1 1 1 0 0 1]
 [1 0 1 1 1 0 1 1 0 0]
 [1 1 0 1 1 1 0 1 0 1]
 [1 0 0 1 1 0 0 0 0 1]
 [0 1 1 1 1 1 1 0 1 0]
 [1 1 1 0 1 1 1 0 1 1]
 [0 1 1 1 1 1 1 1 0 1]
 [1 0 1 0 1 0 0 1 0 1]
 [0 1 0 1 1 1 0 1 0 1]
 [1 1 1 0 1 1 0 0 1 0]
 [0 1 0 0 1 1 1 1 1 0]
 [1 1 1 0 1 1 0 1 1 0]
 [0 1 1 1 1 1 1 1 1 1]
 [0 1 1 1 0 1 0 1 1 1]
 [1 1 1 1 1 1 1 0 1 1]
 [1 1 1 1 1 0 0 1 1 1]
 [0 1 1 1 0 1 1 1 1 0]
 [1 1 1 0 1 0 0 1 1 0]
 [0 1 1 0 1 1 1 1 0 1]
 [1 0 0 1 1 1 1 0 1 1]
 [0 0 0 1 1 1 1 1 0 1]
 [0 1 1 0 0 1 1 1 0 1]
 [1 1 1 1 0 1 1 1 0 1]
 [0 0 1 1 0 1 1 1 1 1]
 [1 1 0 0 1 1 1 0 1 1]
 [1 0 0 0 0 0 0 1 1 1]
 [1 1 0 1 1 1 1 1 1 1]
 [1 1 0 1 1 0 0 1 1 0]
 [0 1 1 1 1 0 1 0 1 1]
 [1 1 0 0 1 1 0 1 0 1]
 [0 0 1 1 1 1 1 1 1 0]
 [0 1 1 1 0 1 1 1 0 1]
 [1 1 0 1 1 1 1 0 1 1]
 [0 0 0 1 1 1 1 1 1 1]
 [1 0 1 1 0 0 1 1 1 1]
 [1 1 1 1 1 0 0 1 1 1]
 [1 0 1 0 1 1 1 1 0 1]
 [0 0 1 1 1 0 1 1 0 1]
 [0 1 0 0 1 1 1 0 1 1]
 [1 1 1 1 1 0 0 1 1 0]
 [1 1 1 0 1 0 1 1 1 1]
 [1 1 1 1 1 0 1 1 1 1]
 [1 1 1 1 1 1 0 0 1 1]
 [0 0 1 1 0 0 1 0 0 1]
 [0 1 0 0 1 1 1 1 1 0]
 [1 1 0 0 0 0 0 1 1 1]
 [1 1 0 1 1 0 1 1 1 1]
 [1 1 1 1 1 0 0 1 0 0]
 [1 1 1 1 1 1 1 1 1 1]
 [0 1 1 1 1 1 0 0 1 1]
 [1 1 0 1 0 0 1 0 1 0]
 [1 0 1 0 1 0 1 1 1 1]
 [1 0 0 1 1 1 1 1 1 1]
 [0 1 1 0 0 0 0 1 1 1]
 [1 1 0 1 1 1 1 0 1 1]
 [1 1 0 1 1 0 1 1 1 0]
 [0 1 1 0 1 0 1 0 0 0]
 [0 1 1 0 1 0 0 0 1 0]
 [1 1 0 1 0 1 1 1 1 1]
 [1 1 1 1 1 0 1 1 1 1]
 [1 1 1 0 0 1 1 1 0 0]
 [0 0 0 1 1 1 1 0 1 1]
 [1 0 0 0 1 0 0 1 1 1]
 [1 1 1 0 1 1 1 1 0 1]
 [1 1 0 0 0 1 1 1 0 1]
 [1 0 0 1 0 1 0 0 0 1]
 [1 1 1 1 1 1 0 0 1 1]
 [0 1 1 0 1 1 0 1 1 1]
 [1 1 1 1 1 1 1 1 1 1]
 [1 1 0 1 0 1 1 1 1 1]
 [1 1 1 1 1 0 0 1 1 1]
 [1 1 1 1 0 0 0 1 1 0]
 [1 1 1 1 0 1 1 1 0 1]
 [1 1 1 1 0 1 1 1 1 0]
 [1 0 0 1 0 1 1 0 1 1]
 [1 0 0 1 1 1 1 1 1 0]
 [1 0 1 0 1 1 0 1 1 1]
 [1 1 1 1 1 1 0 1 1 1]
 [1 1 1 1 1 1 0 1 1 0]
 [0 0 1 1 1 1 1 1 0 1]
 [1 1 1 0 0 1 0 1 1 0]
 [1 1 1 0 0 0 1 1 1 1]
 [0 0 0 1 1 1 0 0 1 1]
 [0 0 1 1 1 0 0 1 1 1]]
{'restarts': 32, 'conflicts': 16485, 'decisions': 28324, 'propagations': 16684600}
Q is identifiable
branch at 6
runtime for solving id of Q is 2.453955843113363
Simulation results:
{'J': 100, 'K': 10, 'N': 10, 'p': 0.7, 'seed': 429, 'sim': 0, 'runtime': 2.453955843113363, 'identifiable': 1, 'branch': 6}
1
Q: [[0 0 0 0 1 0 1 1 0 0]
 [1 0 0 1 1 1 0 1 0 0]
 [1 1 1 1 1 1 1 0 1 1]
 [0 1 1 0 1 0 1 0 1 0]
 [1 1 1 1 0 1 0 1 1 0]
 [1 1 1 1 1 0 0 1 1 1]
 [0 1 0 1 1 0 1 0 1 0]
 [1 1 1 1 0 1 1 1 1 1]
 [1 1 0 1 1 1 1 1 1 1]
 [1 0 1 1 0 1 1 1 1 1]
 [0 1 0 0 1 1 0 0 1 1]
 [1 0 1 1 1 1 1 0 0 0]
 [0 1 0 0 1 1 1 0 1 0]
 [1 1 1 0 0 0 0 1 1 1]
 [1 0 1 1 1 1 1 1 1 0]
 [1 1 0 1 0 1 1 1 0 1]
 [1 1 1 0 1 1 1 1 1 1]
 [1 1 1 1 0 1 1 1 0 0]
 [0 0 1 1 1 1 0 1 0 1]
 [1 1 1 1 0 1 0 1 1 1]
 [0 0 1 1 1 1 1 1 1 1]
 [0 1 0 1 0 1 0 1 1 0]
 [1 1 0 0 1 1 1 0 1 1]
 [1 0 1 0 1 1 1 1 0 0]
 [1 1 0 1 0 0 1 1 1 1]
 [1 1 1 0 0 1 1 1 0 0]
 [0 1 1 1 1 0 0 0 1 0]
 [1 0 1 1 1 1 1 1 1 1]
 [0 1 0 1 1 0 1 1 0 1]
 [0 1 1 1 1 1 1 1 0 1]
 [1 0 1 1 1 1 1 1 1 1]
 [0 1 0 1 1 0 1 0 0 1]
 [1 1 1 1 1 1 0 1 0 1]
 [1 1 1 1 1 0 0 1 1 1]
 [0 1 1 1 1 0 1 1 1 0]
 [1 1 1 1 1 1 0 1 1 1]
 [0 1 1 0 1 1 1 0 1 0]
 [1 0 1 1 0 0 0 0 0 0]
 [0 1 0 1 1 1 1 1 0 0]
 [1 1 1 1 1 1 1 1 1 0]
 [1 0 1 1 0 1 1 1 1 1]
 [1 0 0 0 1 0 1 0 0 1]
 [1 1 1 1 1 1 1 1 1 0]
 [1 1 0 1 0 1 1 0 0 1]
 [1 1 0 1 1 1 1 1 1 0]
 [1 1 1 1 1 1 0 0 1 0]
 [1 1 1 0 1 1 0 1 1 1]
 [1 1 0 0 1 1 1 1 1 1]
 [1 1 1 1 1 0 1 1 1 1]
 [0 1 1 1 1 0 1 1 0 1]
 [0 1 1 0 1 1 1 1 1 0]
 [1 1 0 0 0 1 0 0 1 1]
 [1 1 1 0 1 0 1 0 0 1]
 [0 1 0 1 0 1 1 0 0 1]
 [1 0 1 1 1 1 1 1 0 0]
 [0 1 1 1 1 0 1 1 0 0]
 [1 1 1 1 1 0 0 0 1 0]
 [0 0 0 0 0 1 0 0 0 1]
 [1 1 1 1 1 0 0 1 0 1]
 [0 1 0 1 1 1 1 1 1 0]
 [1 0 1 1 1 0 0 0 1 1]
 [1 1 1 1 0 0 1 1 0 1]
 [1 1 0 1 1 1 0 1 0 0]
 [1 1 0 0 1 0 0 0 1 0]
 [0 1 1 1 1 0 1 1 1 1]
 [1 1 0 1 0 1 1 0 1 0]
 [1 1 1 1 1 1 1 0 1 1]
 [0 1 0 0 1 1 1 1 1 0]
 [0 1 1 1 1 1 1 0 1 1]
 [1 0 1 1 0 1 0 1 1 1]
 [1 0 1 1 0 1 1 1 0 1]
 [1 1 1 1 0 1 1 0 1 1]
 [1 0 0 0 0 1 1 1 0 1]
 [0 0 1 1 0 1 1 0 1 0]
 [1 1 1 1 1 0 1 0 1 1]
 [1 1 1 0 1 1 0 1 0 1]
 [1 0 1 0 0 0 1 1 1 1]
 [1 1 0 1 1 1 1 1 0 1]
 [1 1 1 1 1 1 1 0 1 0]
 [1 0 1 1 1 0 0 1 1 0]
 [0 1 0 1 0 1 1 1 0 1]
 [0 0 0 1 0 1 1 1 1 0]
 [1 0 1 1 0 0 0 1 1 1]
 [1 0 1 1 1 1 1 1 0 1]
 [1 1 1 1 1 1 1 1 1 1]
 [1 0 1 1 1 1 0 0 0 1]
 [1 1 1 0 0 1 1 0 1 1]
 [0 1 1 1 1 1 0 1 1 1]
 [1 1 1 1 0 1 1 1 1 0]
 [1 1 1 1 1 1 1 1 0 0]
 [1 1 1 1 1 1 0 1 1 1]
 [1 1 1 1 1 1 1 1 0 1]
 [1 1 1 1 1 1 1 0 1 1]
 [0 0 1 0 0 0 1 1 1 0]
 [1 1 0 0 1 0 1 0 1 0]
 [1 1 0 0 1 1 1 1 1 0]
 [1 1 1 0 1 1 1 1 1 1]
 [0 0 1 1 1 0 0 1 1 1]
 [1 0 0 1 1 1 1 0 1 0]
 [1 1 1 1 1 0 0 1 1 1]]
{'restarts': 2, 'conflicts': 916, 'decisions': 1985, 'propagations': 835995}
Q is identifiable
branch at 6
runtime for solving id of Q is 0.3785380348563194
Simulation results:
{'J': 100, 'K': 10, 'N': 10, 'p': 0.7, 'seed': 429, 'sim': 1, 'runtime': 0.3785380348563194, 'identifiable': 1, 'branch': 6}
2
Q: [[0 1 0 0 1 1 1 0 0 1]
 [1 0 0 0 1 1 1 1 0 0]
 [1 1 1 1 1 1 1 1 1 1]
 [1 1 1 0 1 0 1 0 1 0]
 [1 1 1 0 0 1 1 1 1 1]
 [0 1 0 1 1 1 0 1 1 1]
 [0 1 0 1 1 1 1 1 1 0]
 [1 1 1 1 1 0 0 0 1 1]
 [0 1 1 0 0 0 1 1 0 1]
 [1 1 0 1 1 1 0 0 0 1]
 [0 1 1 0 1 0 1 1 1 0]
 [1 1 1 1 0 1 1 1 0 1]
 [1 1 1 1 1 1 0 0 0 1]
 [0 0 1 0 1 1 1 1 1 0]
 [0 1 1 1 0 1 0 0 1 1]
 [1 1 0 0 1 1 1 1 1 1]
 [1 1 1 1 1 1 1 1 1 1]
 [1 0 0 1 0 1 1 1 1 1]
 [1 0 0 0 1 1 0 1 1 1]
 [1 0 1 1 1 1 1 1 0 1]
 [1 1 1 1 1 1 1 1 1 1]
 [0 1 0 0 0 0 1 0 1 1]
 [1 1 0 0 0 0 1 1 1 0]
 [0 1 1 0 1 0 1 1 1 0]
 [0 0 1 0 1 1 1 0 1 0]
 [1 1 1 1 1 1 1 0 1 0]
 [0 0 1 1 1 1 1 0 1 1]
 [1 1 1 1 0 1 0 0 1 1]
 [1 0 0 1 1 1 1 1 1 1]
 [1 1 1 1 1 1 1 1 1 1]
 [0 1 1 1 1 1 1 0 1 1]
 [1 1 1 1 1 1 1 1 1 1]
 [1 1 1 1 1 1 0 1 1 0]
 [0 0 1 1 1 0 1 1 1 0]
 [1 0 0 1 1 0 1 0 1 1]
 [1 0 1 1 0 1 1 1 0 0]
 [0 1 0 1 0 0 0 1 1 1]
 [0 1 0 1 1 1 1 1 0 1]
 [1 1 1 0 1 1 0 1 0 1]
 [0 1 1 0 1 1 0 0 0 0]
 [1 1 1 1 1 1 1 1 1 1]
 [0 1 1 1 0 0 1 1 1 1]
 [1 1 1 1 1 1 0 1 0 1]
 [0 0 1 0 1 0 1 1 1 1]
 [1 0 1 1 1 1 1 1 0 1]
 [0 1 1 1 1 1 1 1 1 1]
 [0 0 0 1 0 1 0 1 0 0]
 [1 1 1 1 1 0 0 1 1 1]
 [1 0 1 1 1 1 1 1 0 1]
 [1 1 1 1 0 0 1 1 1 1]
 [1 1 1 0 1 0 0 1 1 1]
 [0 0 0 1 1 0 1 0 1 1]
 [0 1 1 1 0 1 1 0 1 1]
 [1 0 1 1 0 1 1 1 0 0]
 [1 1 1 1 0 1 1 1 1 1]
 [1 1 1 1 1 1 1 1 1 1]
 [1 1 1 1 0 0 1 1 1 1]
 [1 1 1 1 0 1 0 1 1 1]
 [0 0 1 1 0 1 1 1 1 1]
 [0 0 0 0 0 1 1 1 1 1]
 [1 1 0 1 1 1 1 1 1 0]
 [1 1 0 0 1 0 0 0 0 0]
 [1 1 1 1 0 1 1 1 0 1]
 [0 1 0 1 1 0 1 1 0 1]
 [0 1 1 1 0 1 0 0 1 0]
 [1 0 1 1 1 1 1 1 1 1]
 [1 0 1 1 0 1 1 1 1 1]
 [1 1 0 1 1 1 1 0 1 1]
 [1 1 1 1 1 1 1 1 0 1]
 [1 1 1 1 1 1 1 1 1 1]
 [1 1 1 0 1 1 1 0 0 0]
 [1 1 1 0 1 0 0 1 1 0]
 [1 1 1 0 0 0 1 1 1 1]
 [1 1 1 0 0 0 1 1 0 1]
 [1 0 1 1 1 1 1 0 1 1]
 [1 1 1 1 1 0 0 1 1 1]
 [1 1 0 1 0 0 1 1 1 1]
 [1 1 1 1 1 1 0 0 1 1]
 [1 0 1 1 1 1 1 1 1 1]
 [1 0 1 1 0 1 1 1 1 1]
 [1 1 0 0 0 1 0 1 1 1]
 [1 1 1 1 1 1 1 1 0 1]
 [0 1 0 1 1 0 0 1 0 1]
 [0 1 0 1 0 1 1 1 1 0]
 [0 0 0 1 1 1 1 1 0 0]
 [0 1 1 1 0 1 0 1 0 1]
 [1 1 0 0 1 0 1 1 1 1]
 [1 1 0 1 1 1 0 1 1 1]
 [1 1 1 1 1 1 1 1 1 0]
 [0 1 1 1 0 1 0 1 1 1]
 [0 0 1 0 1 0 1 1 1 1]
 [0 0 1 0 1 1 1 1 0 1]
 [1 1 0 1 1 0 1 0 1 0]
 [1 1 0 0 1 1 0 1 0 0]
 [0 0 1 0 1 1 0 1 0 1]
 [0 1 0 1 1 1 1 0 1 0]
 [0 0 0 0 1 1 1 0 1 1]
 [1 1 0 1 1 1 0 0 1 1]
 [1 1 1 0 1 1 1 0 0 1]
 [0 0 1 1 1 1 1 1 1 1]]
{'restarts': 13, 'conflicts': 5409, 'decisions': 10029, 'propagations': 5196033}
Q is identifiable
branch at 6
runtime for solving id of Q is 0.7914476776495576
Simulation results:
{'J': 100, 'K': 10, 'N': 10, 'p': 0.7, 'seed': 429, 'sim': 2, 'runtime': 0.7914476776495576, 'identifiable': 1, 'branch': 6}
3
Q: [[0 0 0 1 1 1 0 0 1 1]
 [0 1 1 1 0 1 1 1 1 1]
 [1 0 0 0 1 1 0 1 0 0]
 [1 1 1 0 1 1 1 0 0 0]
 [0 1 1 1 1 1 1 0 1 1]
 [1 1 1 1 1 0 1 0 1 0]
 [0 1 1 0 0 1 1 0 1 1]
 [1 1 0 1 0 0 1 0 1 1]
 [1 0 1 1 1 0 0 1 0 1]
 [1 1 0 0 1 1 1 1 0 1]
 [1 1 1 1 1 0 1 1 1 1]
 [1 1 0 1 1 0 1 1 0 0]
 [1 1 0 0 1 1 0 1 0 1]
 [1 1 1 1 1 0 0 1 1 1]
 [0 1 1 0 0 0 1 1 1 1]
 [1 1 1 1 1 0 1 0 0 1]
 [1 1 0 1 1 1 1 1 0 0]
 [1 0 1 1 1 1 1 1 1 1]
 [1 0 1 1 1 1 0 1 1 0]
 [1 1 1 0 1 1 1 1 0 0]
 [0 0 1 1 0 1 1 1 1 1]
 [1 1 1 1 1 1 0 1 1 1]
 [1 1 0 0 0 0 0 1 1 0]
 [0 1 1 1 1 1 1 1 1 1]
 [1 1 1 1 1 0 1 1 0 1]
 [1 0 1 0 1 1 1 0 1 1]
 [1 1 1 1 1 0 1 0 0 0]
 [0 1 1 0 1 1 1 1 1 1]
 [0 1 1 1 0 0 1 1 0 1]
 [1 1 0 0 0 0 0 1 1 0]
 [1 1 0 1 1 1 1 1 1 0]
 [1 1 1 1 1 1 1 0 1 1]
 [0 0 0 0 1 1 0 1 1 1]
 [0 1 1 0 1 0 1 0 1 0]
 [1 1 1 1 1 1 1 1 1 0]
 [1 1 1 1 0 0 1 0 1 0]
 [1 1 0 1 1 1 1 1 0 1]
 [1 0 0 1 1 1 1 0 1 1]
 [0 1 1 1 1 0 1 0 1 0]
 [1 0 1 1 0 1 1 0 0 1]
 [1 1 1 1 0 1 1 1 0 0]
 [0 1 1 1 1 1 0 1 1 0]
 [1 0 1 0 1 0 0 1 1 1]
 [1 1 1 1 0 1 0 1 1 1]
 [0 0 1 0 1 1 1 0 1 1]
 [1 1 1 0 1 1 1 1 1 1]
 [1 1 1 1 1 0 1 0 1 0]
 [1 0 1 0 0 1 0 0 1 1]
 [1 1 0 1 1 1 1 0 1 1]
 [0 1 0 1 0 1 1 0 1 0]
 [0 1 0 1 1 0 1 1 0 1]
 [1 1 1 0 0 1 1 1 1 0]
 [0 1 1 1 1 1 0 1 1 1]
 [1 1 1 1 1 1 1 0 0 1]
 [1 1 1 0 0 1 1 1 0 1]
 [1 1 1 1 0 1 1 1 1 1]
 [1 0 1 0 0 1 0 0 1 1]
 [1 0 1 1 1 0 1 1 0 1]
 [1 0 1 1 1 1 0 1 0 1]
 [1 0 0 1 1 1 0 1 1 1]
 [1 1 1 1 1 1 1 1 1 1]
 [1 1 1 0 1 0 1 1 1 1]
 [1 1 1 0 1 0 1 1 0 1]
 [1 0 1 1 1 1 1 0 1 0]
 [1 0 0 1 1 1 0 0 1 1]
 [1 1 1 1 1 1 0 0 1 0]
 [1 1 1 0 1 0 1 1 0 1]
 [0 0 1 0 1 0 1 1 1 0]
 [0 1 1 1 1 1 1 1 0 1]
 [1 1 0 1 1 1 1 1 1 1]
 [0 0 1 1 0 1 1 1 1 1]
 [0 0 1 1 0 1 1 1 1 1]
 [1 1 1 1 0 1 1 1 0 1]
 [1 1 1 1 0 1 1 0 1 1]
 [1 1 1 0 1 0 0 1 1 1]
 [1 1 1 0 0 0 0 0 1 0]
 [1 0 1 1 1 0 1 1 1 0]
 [0 0 1 1 1 0 0 1 1 0]
 [1 0 1 0 1 1 0 1 1 1]
 [0 1 1 0 1 1 1 1 1 0]
 [1 0 1 0 1 1 0 1 1 1]
 [0 1 1 1 1 1 1 1 1 0]
 [1 0 0 1 1 1 0 1 0 1]
 [1 1 0 0 1 1 1 1 1 0]
 [1 0 0 1 1 0 1 0 1 1]
 [0 1 1 1 1 0 1 1 1 0]
 [1 1 1 1 0 1 0 0 1 0]
 [1 1 1 1 0 1 1 1 1 1]
 [0 0 0 0 1 1 1 1 1 0]
 [1 1 1 1 0 1 1 1 0 0]
 [1 1 1 0 1 1 1 0 0 1]
 [0 1 1 1 0 1 1 0 1 1]
 [1 1 1 0 1 1 1 1 1 1]
 [1 1 1 0 0 1 1 0 0 0]
 [1 0 0 1 0 1 1 1 1 1]
 [1 0 0 0 0 1 1 0 1 1]
 [1 1 0 1 1 1 1 0 1 0]
 [1 0 1 1 1 1 1 1 0 1]
 [1 1 1 1 1 1 0 0 1 1]
 [0 1 1 0 0 0 1 1 1 0]]
{'restarts': 14, 'conflicts': 6562, 'decisions': 12097, 'propagations': 6264281}
Q is identifiable
branch at 6
runtime for solving id of Q is 1.0168779715895653
Simulation results:
{'J': 100, 'K': 10, 'N': 10, 'p': 0.7, 'seed': 429, 'sim': 3, 'runtime': 1.0168779715895653, 'identifiable': 1, 'branch': 6}
4
Q: [[1 1 0 1 1 1 0 1 1 0]
 [1 1 1 1 0 0 1 1 0 0]
 [1 1 1 1 1 0 0 0 1 1]
 [1 0 1 1 1 1 1 1 1 1]
 [1 1 1 0 1 0 0 1 1 1]
 [1 0 1 1 1 1 0 1 1 0]
 [0 0 1 0 1 1 1 0 1 1]
 [0 1 1 1 0 1 0 1 1 0]
 [1 0 0 1 0 0 1 1 1 0]
 [1 1 0 1 1 1 1 1 1 0]
 [1 1 1 0 0 1 0 1 1 1]
 [1 0 0 1 1 1 1 0 1 0]
 [1 0 0 1 1 1 1 1 1 0]
 [1 1 1 1 1 1 1 1 0 1]
 [1 0 0 1 1 1 1 1 1 1]
 [0 1 1 1 1 0 1 0 1 0]
 [1 1 1 1 0 1 0 1 1 1]
 [0 1 1 0 1 1 0 1 1 1]
 [0 1 1 1 1 1 1 0 1 0]
 [1 0 1 0 1 0 1 1 1 0]
 [1 1 1 0 1 1 1 1 1 1]
 [1 0 0 0 1 1 1 1 1 1]
 [0 1 1 0 1 1 1 1 1 0]
 [1 1 0 1 1 1 1 1 0 1]
 [1 1 0 1 0 0 0 0 1 1]
 [1 0 1 0 1 1 1 1 1 0]
 [0 0 0 1 1 1 1 1 0 1]
 [1 1 1 0 0 1 1 0 1 1]
 [1 1 1 1 1 1 0 1 1 1]
 [1 0 1 0 0 1 1 0 1 0]
 [1 1 0 0 1 1 0 1 0 0]
 [1 1 1 1 1 0 1 0 1 1]
 [1 1 1 1 1 1 0 1 1 1]
 [1 0 1 1 1 1 0 1 0 0]
 [0 1 0 0 1 0 1 1 1 1]
 [1 1 0 1 1 1 1 0 0 1]
 [0 1 0 1 0 1 1 1 1 0]
 [1 1 1 0 0 1 1 0 1 1]
 [1 1 1 1 1 0 0 1 1 1]
 [1 1 0 1 0 1 0 1 1 1]
 [1 1 1 1 1 0 1 1 0 1]
 [0 0 1 1 1 0 1 0 1 0]
 [1 1 1 1 0 1 1 0 1 1]
 [1 1 1 1 0 1 1 0 1 1]
 [1 0 1 1 1 0 0 1 0 1]
 [0 1 1 0 0 1 1 1 1 0]
 [1 0 1 0 1 1 1 0 1 0]
 [1 1 1 0 1 0 0 1 1 1]
 [1 1 1 1 1 1 1 1 1 0]
 [1 0 1 1 1 1 1 1 0 0]
 [1 1 0 0 0 0 1 1 1 1]
 [1 0 1 1 1 1 0 1 0 1]
 [0 0 1 1 1 1 0 1 1 1]
 [0 0 1 1 1 1 0 0 0 1]
 [1 0 0 1 1 1 0 0 1 1]
 [1 1 1 1 1 0 0 1 1 1]
 [0 0 1 1 1 1 1 1 0 1]
 [1 0 1 1 0 1 0 0 1 0]
 [1 1 1 0 1 1 1 0 1 1]
 [0 0 0 1 1 1 1 1 1 1]
 [1 1 1 0 1 1 1 1 0 1]
 [1 1 0 0 1 1 1 1 1 1]
 [1 1 0 0 1 1 1 0 0 0]
 [1 1 1 0 1 1 1 1 1 1]
 [0 0 1 1 1 1 1 1 0 1]
 [1 0 1 1 1 1 1 1 0 1]
 [0 0 1 1 1 1 1 1 1 1]
 [1 0 0 1 1 1 0 1 1 1]
 [1 0 1 1 0 0 0 1 1 1]
 [0 1 1 1 0 1 1 1 1 1]
 [1 1 1 1 0 0 0 0 1 1]
 [0 1 1 1 1 1 1 0 1 1]
 [0 0 1 1 0 0 0 1 0 0]
 [1 1 1 1 1 1 0 1 1 1]
 [0 0 1 0 1 1 0 0 1 0]
 [1 1 0 1 0 0 1 1 1 0]
 [1 0 1 1 0 1 1 0 1 1]
 [1 0 0 0 0 0 0 1 1 0]
 [0 1 1 0 0 1 1 1 1 0]
 [0 1 1 0 0 1 1 1 1 1]
 [1 0 1 1 1 1 0 1 1 1]
 [1 0 1 1 0 1 1 1 1 1]
 [1 1 1 1 1 1 1 1 0 1]
 [1 1 1 0 0 1 0 1 1 1]
 [1 1 1 0 1 0 1 1 0 1]
 [1 1 0 0 0 1 1 1 1 1]
 [1 0 1 1 1 0 0 1 1 1]
 [0 1 1 1 1 1 1 1 1 1]
 [1 1 1 1 0 1 1 1 1 1]
 [1 0 1 0 1 1 0 1 0 0]
 [1 1 1 1 1 0 1 1 1 1]
 [1 1 1 1 0 1 1 0 1 1]
 [0 0 0 0 1 1 1 1 0 1]
 [1 0 1 1 0 0 1 1 0 1]
 [0 0 1 1 1 1 1 1 0 0]
 [1 1 1 1 1 0 0 0 1 1]
 [1 0 1 1 1 1 1 1 1 1]
 [0 1 1 1 0 1 0 1 1 0]
 [1 0 1 1 1 0 1 1 0 1]
 [1 1 0 1 0 0 1 1 0 1]]
{'restarts': 42, 'conflicts': 20112, 'decisions': 31304, 'propagations': 16258202}
Q is identifiable
branch at 6
runtime for solving id of Q is 2.36998129542917
Simulation results:
{'J': 100, 'K': 10, 'N': 10, 'p': 0.7, 'seed': 429, 'sim': 4, 'runtime': 2.36998129542917, 'identifiable': 1, 'branch': 6}
5
Q: [[1 1 1 0 1 1 1 0 1 1]
 [1 0 1 1 1 0 0 0 0 0]
 [0 0 0 0 1 1 0 1 1 0]
 [1 1 1 1 1 1 1 1 1 1]
 [0 1 0 1 1 1 1 1 0 1]
 [0 1 0 0 1 0 1 1 1 1]
 [1 0 1 1 0 1 1 0 1 0]
 [1 0 0 0 1 1 0 1 1 1]
 [1 1 1 1 1 0 1 0 1 1]
 [1 0 1 0 1 1 1 0 1 1]
 [1 0 0 1 0 0 0 1 1 0]
 [0 0 1 0 1 1 1 0 0 0]
 [0 0 0 1 0 1 1 1 1 1]
 [0 1 0 1 1 0 1 1 1 1]
 [0 1 1 1 0 1 0 1 1 0]
 [1 0 1 1 1 1 0 0 1 0]
 [1 1 1 1 1 1 0 0 1 1]
 [0 1 1 1 1 1 1 1 1 0]
 [0 1 1 1 1 1 0 1 1 1]
 [0 1 1 1 1 0 1 1 1 1]
 [0 1 1 1 1 0 0 1 0 1]
 [0 1 0 1 1 0 1 0 1 0]
 [0 1 1 1 0 1 1 0 0 1]
 [0 1 1 1 1 1 1 1 1 1]
 [1 0 0 1 0 0 0 1 0 1]
 [0 0 1 0 1 1 1 1 1 1]
 [0 1 1 1 1 1 1 1 0 1]
 [1 1 0 0 1 1 0 0 1 1]
 [1 0 0 1 0 1 1 1 1 1]
 [0 1 0 1 1 1 1 1 1 1]
 [1 1 1 0 1 1 1 1 0 0]
 [1 1 0 1 1 1 1 0 1 1]
 [0 1 1 1 0 1 1 1 1 1]
 [1 1 0 1 1 1 1 0 1 1]
 [1 1 1 1 1 0 1 1 1 0]
 [1 0 0 0 1 1 0 0 1 1]
 [0 0 0 1 1 0 1 1 1 0]
 [1 1 1 1 1 0 1 1 1 0]
 [1 1 1 1 1 1 1 1 1 0]
 [0 0 1 0 1 0 1 0 1 1]
 [1 1 1 1 1 1 1 1 0 1]
 [1 0 1 1 1 1 1 1 1 0]
 [1 0 1 1 1 1 1 1 1 1]
 [1 1 1 1 1 0 1 1 0 1]
 [1 0 1 1 1 1 0 1 0 0]
 [0 1 1 1 0 0 1 1 1 1]
 [1 1 1 1 1 1 1 1 1 0]
 [1 0 0 1 1 1 1 1 0 1]
 [1 1 0 1 0 0 1 1 1 0]
 [1 1 1 1 1 1 1 1 0 1]
 [0 1 1 1 1 1 1 1 1 0]
 [1 1 0 1 1 0 1 0 1 1]
 [1 0 1 1 1 0 0 1 1 1]
 [1 0 1 0 1 0 1 1 1 1]
 [1 1 1 1 1 1 0 1 1 1]
 [1 1 1 1 1 1 1 1 1 1]
 [1 0 1 0 1 1 1 1 1 1]
 [1 1 0 1 1 0 1 1 1 0]
 [1 1 1 1 1 1 1 1 1 1]
 [1 0 0 1 0 1 1 1 1 1]
 [1 0 1 1 1 1 0 1 0 1]
 [1 0 0 0 1 1 1 1 1 1]
 [1 1 1 1 1 0 1 1 0 1]
 [1 1 1 0 0 1 0 0 0 1]
 [0 1 1 1 1 0 1 1 0 1]
 [1 1 1 0 1 1 1 1 1 1]
 [1 1 1 1 1 1 1 0 0 1]
 [1 0 1 1 1 1 1 1 1 0]
 [1 0 0 1 1 1 1 0 1 0]
 [0 1 1 0 1 1 1 1 1 1]
 [0 1 0 0 1 0 1 0 1 1]
 [1 1 0 0 1 1 0 0 1 0]
 [1 1 1 1 1 1 0 0 1 1]
 [1 0 1 0 1 1 0 0 0 1]
 [1 1 1 1 1 1 1 1 0 0]
 [1 1 1 1 1 1 1 1 0 1]
 [1 0 0 1 1 1 0 1 0 1]
 [1 1 1 1 1 1 1 1 0 1]
 [1 1 0 0 0 1 1 1 1 1]
 [1 0 1 1 0 0 1 1 1 1]
 [1 1 1 1 1 1 1 1 0 1]
 [1 1 0 1 1 1 1 1 1 0]
 [1 0 0 0 1 1 0 1 1 0]
 [1 1 1 1 1 0 0 1 0 1]
 [1 0 0 1 1 1 1 0 1 1]
 [0 0 1 0 1 1 0 1 1 0]
 [1 1 1 1 1 1 1 0 1 1]
 [0 1 1 1 1 1 0 0 0 0]
 [1 1 1 1 1 1 1 1 0 1]
 [1 0 0 0 1 1 0 1 1 1]
 [1 1 1 0 1 0 0 0 0 0]
 [0 1 0 1 1 1 1 1 1 1]
 [0 0 1 0 1 0 1 0 1 1]
 [0 1 1 1 1 1 1 0 0 1]
 [0 1 1 1 1 0 1 1 0 0]
 [1 1 1 1 0 0 1 1 0 0]
 [1 0 1 1 1 0 1 1 1 1]
 [1 1 1 1 0 0 1 1 0 1]
 [1 0 0 1 0 1 1 0 1 1]
 [1 1 1 0 1 1 0 1 0 1]]
{'restarts': 15, 'conflicts': 4221, 'decisions': 8363, 'propagations': 3842585}
Q is identifiable
branch at 6
runtime for solving id of Q is 0.6381262131035328
Simulation results:
{'J': 100, 'K': 10, 'N': 10, 'p': 0.7, 'seed': 429, 'sim': 5, 'runtime': 0.6381262131035328, 'identifiable': 1, 'branch': 6}
6
Q: [[0 0 1 1 1 1 1 1 1 0]
 [1 1 0 1 1 0 1 0 0 1]
 [1 1 1 1 0 1 0 1 0 0]
 [0 1 0 0 1 0 0 1 1 1]
 [1 1 0 1 0 1 0 1 1 1]
 [1 0 1 1 1 1 0 1 1 1]
 [1 1 0 1 1 1 0 0 0 1]
 [1 0 1 0 1 1 0 1 1 1]
 [1 1 0 1 1 0 1 1 1 1]
 [1 1 1 1 1 0 0 1 0 1]
 [1 1 1 1 0 0 1 1 0 1]
 [1 1 1 1 1 1 0 1 1 1]
 [0 0 1 1 1 0 1 0 0 1]
 [0 1 1 1 0 1 0 1 1 0]
 [1 1 0 1 1 1 1 1 1 1]
 [1 1 1 1 1 1 0 1 1 1]
 [0 1 1 1 1 0 0 1 1 0]
 [1 1 1 1 1 1 1 1 1 1]
 [0 1 1 1 1 1 0 1 1 1]
 [0 0 0 1 1 1 0 1 1 1]
 [1 1 1 1 1 0 1 1 0 1]
 [1 1 1 1 0 1 0 0 0 1]
 [0 1 0 0 1 1 0 1 0 1]
 [1 1 1 1 1 0 1 1 1 1]
 [1 1 1 1 1 1 1 1 0 1]
 [1 1 1 1 1 0 1 1 1 1]
 [0 0 1 0 1 1 1 0 0 1]
 [0 1 1 1 0 1 1 0 0 1]
 [1 0 1 0 1 0 1 1 1 1]
 [0 1 0 0 1 1 1 0 0 1]
 [1 0 1 1 1 1 1 1 0 1]
 [1 1 1 0 1 1 1 1 1 1]
 [1 1 1 1 1 1 1 1 1 0]
 [0 1 0 0 1 1 0 1 1 1]
 [0 1 1 1 1 0 0 1 1 1]
 [1 1 1 1 1 1 1 0 1 1]
 [1 1 0 1 1 1 1 1 1 1]
 [0 1 1 0 1 1 0 0 0 0]
 [1 0 1 1 0 0 1 1 1 1]
 [0 0 1 1 1 0 1 1 0 1]
 [1 1 0 1 1 1 1 0 1 1]
 [0 1 0 1 0 1 1 1 1 1]
 [1 1 1 1 1 1 0 1 1 1]
 [1 1 1 1 1 1 1 0 1 1]
 [0 1 0 1 1 1 0 1 1 1]
 [0 0 0 1 0 1 0 1 1 1]
 [1 0 1 1 0 0 1 0 1 0]
 [0 1 1 1 0 0 0 0 1 0]
 [0 1 0 1 1 1 1 1 1 0]
 [1 0 0 1 1 1 1 1 1 1]
 [0 1 0 0 1 1 1 1 1 1]
 [1 1 1 1 1 1 1 0 1 1]
 [1 0 1 1 1 1 1 0 1 0]
 [0 1 1 0 1 1 0 1 1 0]
 [1 1 0 1 1 1 0 0 1 0]
 [0 1 0 1 1 1 1 1 1 1]
 [1 1 1 1 1 1 1 1 0 1]
 [0 1 1 1 1 1 0 1 1 1]
 [1 0 1 1 1 0 1 0 1 1]
 [1 1 1 0 1 1 1 0 0 1]
 [1 0 1 1 1 1 1 1 1 0]
 [0 1 1 0 1 1 1 1 1 1]
 [0 0 1 1 1 1 0 1 1 1]
 [1 1 0 1 0 1 1 1 0 0]
 [1 0 0 0 1 0 1 1 0 0]
 [1 0 1 1 1 1 1 1 1 0]
 [0 1 1 0 0 0 0 1 1 1]
 [1 0 1 1 1 0 0 0 1 0]
 [1 1 1 1 1 0 1 1 1 1]
 [1 1 1 0 1 1 1 1 1 1]
 [1 1 1 1 0 1 1 1 1 1]
 [1 1 0 1 1 0 1 1 0 0]
 [1 1 0 0 1 1 1 1 1 1]
 [1 0 0 1 1 1 1 1 1 1]
 [1 1 1 0 1 1 0 1 0 1]
 [1 1 1 1 1 1 1 1 1 1]
 [1 1 1 1 1 1 1 1 1 1]
 [1 1 0 0 1 1 0 1 0 1]
 [1 1 0 1 1 1 1 0 1 1]
 [0 0 1 1 1 1 1 1 1 1]
 [1 0 1 1 1 0 1 1 1 0]
 [1 1 0 0 1 1 1 0 0 0]
 [1 1 0 0 1 0 1 1 1 0]
 [1 0 0 1 0 1 1 1 1 1]
 [1 1 1 1 0 1 1 1 1 1]
 [1 1 1 1 1 0 0 1 0 1]
 [1 0 1 0 1 1 1 1 1 1]
 [1 1 1 1 0 1 1 1 0 0]
 [1 1 1 1 1 1 1 1 1 0]
 [1 1 1 1 1 1 0 1 1 0]
 [1 1 1 0 1 1 1 1 1 1]
 [1 1 1 1 1 1 1 0 0 1]
 [0 1 0 1 1 1 0 1 1 0]
 [1 0 1 0 1 1 1 1 1 1]
 [1 1 1 1 1 1 1 0 1 1]
 [0 1 1 1 1 1 1 0 1 0]
 [1 1 1 1 1 1 1 1 0 1]
 [1 1 1 1 1 1 1 1 1 0]
 [1 1 1 1 0 0 0 1 1 1]
 [1 1 1 0 1 0 0 1 0 1]]
{'restarts': 25, 'conflicts': 21837, 'decisions': 34240, 'propagations': 18506711}
Q is identifiable
branch at 6
runtime for solving id of Q is 2.5487772477790713
Simulation results:
{'J': 100, 'K': 10, 'N': 10, 'p': 0.7, 'seed': 429, 'sim': 6, 'runtime': 2.5487772477790713, 'identifiable': 1, 'branch': 6}
7
Q: [[1 1 1 1 0 1 0 1 1 0]
 [0 1 0 0 1 1 1 1 0 1]
 [1 0 1 1 1 0 1 1 1 1]
 [1 0 1 0 1 0 1 1 1 0]
 [0 1 0 1 1 1 1 1 0 1]
 [0 0 1 0 1 0 1 1 0 1]
 [1 1 1 1 1 1 1 1 1 1]
 [1 0 1 1 1 0 1 1 1 0]
 [1 0 1 0 0 1 1 1 1 0]
 [0 1 1 1 1 0 1 1 1 1]
 [0 1 1 1 1 0 1 0 1 1]
 [0 1 1 0 1 0 0 1 1 1]
 [1 1 0 1 1 1 1 1 0 1]
 [0 1 1 1 0 1 0 1 1 1]
 [1 1 1 1 1 0 1 1 1 0]
 [1 1 0 1 1 0 0 1 1 1]
 [1 1 1 1 1 1 1 1 1 1]
 [0 1 1 1 0 1 1 1 1 1]
 [1 1 1 1 1 1 1 0 1 1]
 [0 1 0 1 1 1 1 0 0 1]
 [1 1 1 0 1 0 1 1 1 0]
 [1 1 1 1 0 1 1 0 1 1]
 [1 1 0 1 1 1 1 1 0 0]
 [1 0 1 1 1 0 1 1 1 1]
 [1 0 0 0 0 0 1 1 1 1]
 [0 1 1 1 1 0 0 1 0 1]
 [0 1 1 1 1 1 1 1 0 1]
 [1 1 0 1 0 0 1 0 0 1]
 [0 0 0 1 0 0 0 1 1 1]
 [1 1 0 0 1 1 1 1 0 1]
 [0 0 0 0 1 1 0 0 0 0]
 [1 1 1 0 1 1 1 0 1 1]
 [1 0 1 0 0 1 1 1 1 1]
 [1 0 1 1 0 0 1 0 1 1]
 [1 1 1 1 1 1 0 0 0 1]
 [0 0 0 1 1 1 1 0 1 1]
 [0 0 1 0 1 1 1 1 1 1]
 [1 0 1 0 1 1 1 0 1 1]
 [1 1 0 1 0 0 0 1 1 1]
 [0 1 1 0 0 1 1 1 1 0]
 [0 1 0 1 1 1 0 1 1 1]
 [1 1 0 1 0 1 1 1 0 1]
 [0 1 0 0 1 1 1 0 0 1]
 [0 1 0 1 1 0 1 1 1 1]
 [1 1 1 1 0 1 1 1 1 1]
 [1 1 1 1 1 1 0 1 0 1]
 [1 1 0 1 0 0 1 1 0 1]
 [1 0 0 1 1 1 0 1 1 1]
 [1 1 1 0 1 1 1 1 0 1]
 [1 1 1 1 0 1 1 1 0 1]
 [0 0 0 1 1 1 1 1 1 1]
 [1 1 0 1 1 1 0 1 1 1]
 [1 1 1 1 1 1 1 1 0 1]
 [1 1 0 1 1 0 1 1 1 1]
 [1 1 1 1 0 1 1 1 1 0]
 [1 1 1 1 0 1 0 1 1 1]
 [1 1 1 1 1 1 0 0 1 1]
 [0 1 1 1 1 1 1 1 1 1]
 [1 0 0 1 1 1 1 1 1 1]
 [1 1 1 1 1 1 0 1 1 0]
 [1 0 0 0 1 0 0 1 0 1]
 [0 0 1 0 1 0 0 1 1 1]
 [1 0 1 1 1 1 0 1 1 1]
 [0 1 1 1 1 0 0 1 1 0]
 [1 1 1 1 1 0 1 1 1 1]
 [1 1 1 1 0 0 1 1 1 1]
 [0 1 1 0 1 1 1 0 1 1]
 [0 1 1 1 1 0 1 1 1 0]
 [1 1 1 0 1 0 1 1 0 1]
 [1 0 1 1 1 1 0 1 0 0]
 [1 1 0 1 0 1 1 1 1 1]
 [1 1 1 1 1 0 0 0 0 1]
 [1 0 1 0 1 1 1 1 1 0]
 [1 1 1 1 1 0 1 0 0 0]
 [1 0 1 0 0 1 0 1 1 1]
 [1 1 1 1 1 0 1 1 1 0]
 [1 1 1 1 1 0 1 1 1 1]
 [1 1 1 1 1 1 1 1 1 1]
 [1 0 0 1 1 1 0 1 0 1]
 [1 0 0 1 1 1 1 0 1 1]
 [1 0 0 1 1 1 1 1 1 0]
 [1 1 1 1 0 0 0 1 0 1]
 [1 1 1 1 0 0 0 1 1 1]
 [0 1 0 1 1 0 0 0 1 1]
 [0 1 1 1 1 0 1 1 0 1]
 [1 1 1 1 0 1 0 1 1 1]
 [0 1 1 0 1 1 1 1 1 1]
 [1 1 1 1 1 1 1 1 1 1]
 [1 1 1 1 1 0 1 1 1 1]
 [0 1 0 0 1 0 0 1 1 1]
 [1 1 0 1 0 1 0 0 1 0]
 [1 0 1 0 1 1 1 1 1 1]
 [0 1 1 1 1 1 0 0 1 1]
 [1 1 0 1 0 0 0 1 1 1]
 [0 1 0 1 1 1 0 0 1 0]
 [1 1 1 1 0 1 1 1 1 1]
 [1 1 0 0 1 1 1 1 1 1]
 [0 1 1 1 0 1 1 0 0 1]
 [0 0 1 1 1 0 1 1 1 0]
 [1 1 1 1 1 0 0 1 1 1]]
{'restarts': 8, 'conflicts': 1737, 'decisions': 3726, 'propagations': 1491578}
Q is identifiable
branch at 6
runtime for solving id of Q is 0.35881115682423115
Simulation results:
{'J': 100, 'K': 10, 'N': 10, 'p': 0.7, 'seed': 429, 'sim': 7, 'runtime': 0.35881115682423115, 'identifiable': 1, 'branch': 6}
8
Q: [[1 1 1 1 1 1 0 0 1 1]
 [1 0 0 1 1 1 1 1 1 0]
 [1 1 0 1 0 1 1 0 1 1]
 [1 0 1 1 1 0 1 1 1 1]
 [0 1 1 1 0 1 1 1 0 0]
 [0 1 1 0 1 1 1 0 1 1]
 [1 1 0 1 0 1 0 0 1 1]
 [1 0 1 1 0 1 1 1 1 0]
 [0 1 1 0 1 0 1 1 0 1]
 [1 0 0 1 0 1 0 0 0 0]
 [0 1 1 0 1 1 0 0 1 1]
 [1 1 1 1 1 1 1 0 1 1]
 [1 1 0 1 1 0 1 1 1 1]
 [0 1 1 0 0 0 0 0 1 1]
 [1 1 0 1 1 1 0 0 0 1]
 [1 1 0 1 1 0 0 1 1 1]
 [1 1 1 1 1 1 1 0 1 1]
 [1 0 1 0 1 1 1 1 1 1]
 [1 1 1 1 1 1 0 0 1 0]
 [1 1 1 1 0 0 1 1 1 0]
 [1 1 1 0 1 1 1 1 1 1]
 [1 1 1 1 1 1 1 1 1 1]
 [0 0 1 1 1 1 1 1 1 1]
 [1 0 1 1 0 0 1 1 0 0]
 [1 1 1 1 0 1 1 1 1 1]
 [1 1 1 1 1 1 0 1 1 0]
 [0 1 1 1 1 1 1 0 1 1]
 [0 0 1 1 1 1 1 1 0 0]
 [1 1 1 0 1 0 0 1 1 0]
 [1 1 0 1 1 1 0 1 1 0]
 [1 0 1 1 0 1 0 0 1 1]
 [0 0 1 0 1 1 0 1 1 1]
 [1 0 1 1 1 1 1 0 1 0]
 [1 0 1 1 0 1 1 1 1 1]
 [1 1 1 1 0 1 1 1 1 1]
 [1 0 1 1 0 1 1 1 0 1]
 [0 1 1 1 0 1 1 1 1 1]
 [1 0 1 1 1 1 0 1 1 1]
 [1 1 1 0 1 0 0 0 1 1]
 [1 1 0 1 1 0 0 0 1 1]
 [1 0 0 1 0 0 1 1 1 1]
 [1 1 1 1 1 1 0 1 1 1]
 [1 0 1 0 1 1 1 1 1 1]
 [0 1 1 1 1 1 1 1 1 1]
 [1 0 1 0 0 1 1 1 0 0]
 [0 1 1 0 1 0 0 1 1 1]
 [1 1 1 1 1 0 0 1 1 0]
 [0 1 1 1 1 1 1 1 1 1]
 [0 1 1 1 1 1 0 1 0 0]
 [1 1 0 1 1 0 1 1 1 1]
 [1 1 1 1 1 1 1 1 1 0]
 [0 1 1 0 1 1 1 1 1 1]
 [0 1 0 1 0 1 1 0 1 0]
 [1 1 1 1 0 1 1 1 1 0]
 [1 1 0 1 0 1 0 0 1 1]
 [0 0 1 1 0 0 1 0 1 0]
 [1 1 0 0 0 0 1 0 1 0]
 [1 1 1 0 1 1 0 1 1 1]
 [1 1 0 1 1 0 1 1 1 0]
 [0 1 0 1 0 0 0 1 1 1]
 [1 0 1 1 1 1 1 1 0 1]
 [1 1 1 0 0 1 1 1 1 1]
 [0 1 1 0 1 1 1 0 1 1]
 [1 0 0 0 1 1 0 0 1 1]
 [1 1 1 1 0 0 1 1 0 0]
 [1 1 1 1 1 0 1 0 1 1]
 [0 1 1 1 1 1 1 1 1 1]
 [1 1 1 1 0 1 1 0 1 1]
 [0 1 1 1 1 0 1 1 1 0]
 [1 0 0 1 0 1 1 1 1 1]
 [1 1 1 1 1 0 1 1 1 0]
 [1 1 1 1 0 1 0 1 0 1]
 [1 0 1 1 1 0 1 1 1 1]
 [1 0 1 0 1 1 0 1 1 0]
 [0 0 0 1 1 1 1 1 1 1]
 [0 1 1 1 1 1 1 1 1 1]
 [1 1 0 1 1 1 1 0 1 1]
 [1 1 1 1 1 1 0 0 1 0]
 [1 1 1 1 1 1 0 0 1 1]
 [0 0 0 1 1 1 1 0 0 1]
 [1 1 1 1 1 0 1 0 0 1]
 [0 1 0 1 1 1 1 1 0 0]
 [1 1 1 1 1 0 1 1 1 0]
 [1 1 0 1 1 1 1 1 1 1]
 [1 0 1 0 0 1 1 0 1 1]
 [1 0 1 1 1 0 1 1 1 0]
 [1 1 1 1 1 1 1 0 0 1]
 [0 0 0 1 1 0 1 1 0 1]
 [1 1 0 0 1 1 1 0 1 1]
 [1 0 0 0 1 1 1 1 0 0]
 [1 1 1 1 1 0 0 0 1 1]
 [0 0 1 1 0 1 0 1 1 0]
 [1 1 0 1 0 1 1 1 1 1]
 [1 0 1 1 1 1 1 1 0 1]
 [1 0 1 1 1 1 0 1 0 1]
 [1 1 1 0 1 1 1 0 1 0]
 [0 1 1 0 0 0 0 0 0 1]
 [0 0 1 0 1 0 1 1 1 1]
 [1 0 1 1 1 0 1 0 1 1]
 [0 1 0 1 1 1 1 1 1 1]]
{'restarts': 42, 'conflicts': 16901, 'decisions': 27771, 'propagations': 17969378}
Q is identifiable
branch at 6
runtime for solving id of Q is 2.7136433674022555
Simulation results:
{'J': 100, 'K': 10, 'N': 10, 'p': 0.7, 'seed': 429, 'sim': 8, 'runtime': 2.7136433674022555, 'identifiable': 1, 'branch': 6}
9
Q: [[0 1 1 1 0 1 1 1 0 0]
 [1 1 1 1 1 1 1 0 1 0]
 [0 1 1 1 1 0 0 1 1 0]
 [0 0 1 0 1 1 1 1 1 1]
 [1 0 1 0 1 1 1 1 1 1]
 [0 1 1 1 1 1 0 1 1 1]
 [1 0 0 0 1 1 1 0 1 0]
 [0 1 1 1 1 1 0 0 1 1]
 [1 0 1 0 1 0 1 1 1 1]
 [1 1 0 1 1 1 1 1 1 0]
 [1 1 0 1 1 1 1 0 1 1]
 [1 1 1 1 1 1 0 1 0 1]
 [1 1 1 1 1 1 1 0 1 0]
 [1 1 0 0 1 1 0 1 1 1]
 [1 0 0 0 1 1 1 1 1 0]
 [0 1 1 1 1 1 1 1 0 1]
 [0 1 1 1 1 1 0 1 1 0]
 [1 0 1 1 0 0 1 1 1 1]
 [1 1 1 0 1 1 1 1 1 1]
 [1 1 1 0 1 1 1 0 0 1]
 [1 0 0 0 1 1 1 1 0 0]
 [1 1 0 1 0 1 1 1 0 1]
 [1 1 1 1 1 0 1 1 1 1]
 [0 1 1 1 1 0 1 1 1 1]
 [1 1 1 1 1 1 1 0 1 1]
 [1 1 1 0 1 1 1 1 1 1]
 [1 1 1 0 1 0 1 1 0 1]
 [0 1 1 1 1 0 0 0 1 1]
 [1 1 1 1 1 1 0 1 1 1]
 [0 1 1 0 1 1 0 0 0 0]
 [1 0 1 0 0 0 1 1 1 1]
 [0 1 1 1 1 1 1 1 0 1]
 [1 0 1 0 1 1 1 1 0 1]
 [0 1 1 1 0 1 1 1 1 0]
 [1 1 1 0 1 0 1 1 1 1]
 [1 0 0 1 1 1 1 1 0 1]
 [1 1 0 1 0 1 1 1 1 1]
 [1 0 0 1 1 1 1 1 1 1]
 [1 1 0 1 1 0 1 1 0 1]
 [0 0 1 1 1 1 0 1 0 1]
 [1 1 1 1 1 1 0 0 1 0]
 [1 0 1 1 0 1 1 1 0 0]
 [1 1 1 1 1 1 1 1 1 0]
 [1 1 1 1 1 0 1 1 1 1]
 [1 0 1 1 1 1 1 1 1 0]
 [0 1 1 1 1 0 1 1 1 1]
 [1 0 1 0 0 1 1 1 0 1]
 [0 1 1 0 1 1 1 0 1 0]
 [1 1 0 0 1 1 1 1 1 1]
 [1 1 1 1 1 1 0 0 1 1]
 [1 1 0 1 1 1 0 0 1 1]
 [0 1 1 1 1 1 1 0 1 1]
 [1 1 0 1 1 1 1 1 1 1]
 [1 1 1 1 1 1 1 0 0 0]
 [0 1 1 1 0 1 1 1 1 1]
 [1 1 1 1 1 1 1 0 1 0]
 [1 1 0 1 0 0 1 1 0 1]
 [1 1 1 0 0 0 1 1 1 1]
 [1 1 0 1 0 1 1 1 1 1]
 [1 1 1 0 0 0 0 1 0 1]
 [0 0 1 0 0 1 0 1 0 1]
 [0 1 1 0 1 1 1 1 0 1]
 [0 1 1 1 1 1 0 1 0 1]
 [1 0 1 1 1 1 1 0 0 1]
 [1 0 0 1 1 1 0 1 1 0]
 [0 0 0 0 1 1 1 0 0 0]
 [0 1 1 1 1 0 1 1 0 0]
 [1 1 1 1 1 1 1 1 0 1]
 [1 0 0 0 1 1 1 1 0 1]
 [0 0 0 1 1 1 1 0 0 1]
 [1 1 1 1 0 0 1 0 1 1]
 [1 1 0 1 1 0 0 1 0 0]
 [0 0 1 1 0 0 1 1 1 0]
 [1 1 1 1 0 0 1 0 1 1]
 [1 1 1 0 1 1 1 0 1 1]
 [1 1 0 1 1 0 1 0 1 1]
 [0 1 1 0 1 0 1 1 1 1]
 [0 1 1 1 0 0 0 0 1 1]
 [1 1 1 0 1 1 1 1 1 0]
 [1 1 1 1 1 1 1 1 1 1]
 [1 0 1 1 1 0 1 1 1 1]
 [1 1 1 1 1 0 1 1 0 0]
 [1 1 1 1 1 0 1 1 1 0]
 [1 0 0 1 0 1 0 1 1 1]
 [1 1 1 1 0 0 1 1 1 0]
 [1 1 0 1 1 1 1 0 1 1]
 [1 1 0 1 1 1 1 1 0 1]
 [1 0 1 1 1 0 1 1 0 0]
 [0 0 1 1 1 1 1 1 0 0]
 [1 1 1 1 1 1 1 1 1 1]
 [1 0 0 1 1 1 1 1 1 1]
 [0 0 1 1 1 0 1 1 1 0]
 [1 0 1 0 1 1 0 1 1 1]
 [1 1 0 1 0 1 1 1 1 1]
 [0 0 0 1 0 1 1 0 1 1]
 [1 0 1 0 1 0 0 1 1 1]
 [1 1 1 1 1 0 0 0 0 1]
 [1 0 0 1 1 1 0 0 1 1]
 [1 1 1 1 1 1 1 1 0 1]
 [1 0 1 1 1 1 0 0 1 0]]
{'restarts': 11, 'conflicts': 4215, 'decisions': 7519, 'propagations': 3591670}
Q is identifiable
branch at 6
runtime for solving id of Q is 0.5749691668897867
Simulation results:
{'J': 100, 'K': 10, 'N': 10, 'p': 0.7, 'seed': 429, 'sim': 9, 'runtime': 0.5749691668897867, 'identifiable': 1, 'branch': 6}
Simulation results:
[{'J': 100, 'K': 10, 'N': 10, 'p': 0.7, 'seed': 429, 'sim': 0, 'runtime': 2.453955843113363, 'identifiable': 1, 'branch': 6}, {'J': 100, 'K': 10, 'N': 10, 'p': 0.7, 'seed': 429, 'sim': 1, 'runtime': 0.3785380348563194, 'identifiable': 1, 'branch': 6}, {'J': 100, 'K': 10, 'N': 10, 'p': 0.7, 'seed': 429, 'sim': 2, 'runtime': 0.7914476776495576, 'identifiable': 1, 'branch': 6}, {'J': 100, 'K': 10, 'N': 10, 'p': 0.7, 'seed': 429, 'sim': 3, 'runtime': 1.0168779715895653, 'identifiable': 1, 'branch': 6}, {'J': 100, 'K': 10, 'N': 10, 'p': 0.7, 'seed': 429, 'sim': 4, 'runtime': 2.36998129542917, 'identifiable': 1, 'branch': 6}, {'J': 100, 'K': 10, 'N': 10, 'p': 0.7, 'seed': 429, 'sim': 5, 'runtime': 0.6381262131035328, 'identifiable': 1, 'branch': 6}, {'J': 100, 'K': 10, 'N': 10, 'p': 0.7, 'seed': 429, 'sim': 6, 'runtime': 2.5487772477790713, 'identifiable': 1, 'branch': 6}, {'J': 100, 'K': 10, 'N': 10, 'p': 0.7, 'seed': 429, 'sim': 7, 'runtime': 0.35881115682423115, 'identifiable': 1, 'branch': 6}, {'J': 100, 'K': 10, 'N': 10, 'p': 0.7, 'seed': 429, 'sim': 8, 'runtime': 2.7136433674022555, 'identifiable': 1, 'branch': 6}, {'J': 100, 'K': 10, 'N': 10, 'p': 0.7, 'seed': 429, 'sim': 9, 'runtime': 0.5749691668897867, 'identifiable': 1, 'branch': 6}]
