
The Gurobi software has a limited number of licenses. To request a license or
licenses, add this line

    #SBATCH --licenses=gurobi@slurmdb:1

to your SBATCH script, replacing N with the number of licenses you need. Gurobi
will need one license per process.


0
Q: [[1 0 1 1 0 1 1 0 1 0]
 [1 1 1 0 1 1 1 1 0 1]
 [0 1 0 0 1 0 0 1 1 0]
 [1 0 1 1 0 0 0 1 1 0]
 [1 0 0 1 1 0 0 1 0 1]
 [0 0 1 1 1 1 1 1 1 0]
 [1 1 1 1 0 1 1 0 1 0]
 [1 0 0 1 0 1 1 1 1 1]
 [1 1 1 1 1 1 0 1 1 1]
 [0 0 1 0 1 1 1 0 1 1]
 [1 0 0 1 0 0 0 1 1 1]
 [1 0 1 1 1 1 1 0 0 1]
 [0 1 1 1 1 1 1 0 0 1]
 [1 1 1 1 1 0 1 1 0 0]
 [1 1 1 0 1 1 0 0 1 0]
 [1 1 1 1 1 1 1 1 1 1]
 [0 1 1 0 1 1 0 0 1 0]
 [1 0 1 1 0 1 1 1 1 1]
 [0 1 1 1 0 0 1 1 1 0]
 [1 1 1 1 0 1 1 1 1 0]
 [1 1 1 0 1 0 1 1 0 0]
 [1 0 1 1 1 1 0 1 1 1]
 [0 1 1 1 1 0 1 1 1 0]
 [1 0 1 1 1 1 1 1 1 0]
 [1 1 1 1 1 0 0 1 0 0]
 [1 1 1 1 1 1 1 1 0 1]
 [0 0 0 1 1 1 1 0 0 1]
 [0 1 1 0 1 1 1 0 0 1]
 [1 1 0 0 1 1 0 1 0 1]
 [0 1 1 1 1 0 0 0 1 1]
 [1 1 1 0 1 1 1 0 1 0]
 [1 1 1 1 0 1 0 1 1 0]
 [1 0 0 1 1 1 1 1 1 1]
 [1 0 1 1 0 1 1 1 1 1]
 [0 1 1 0 1 1 1 0 1 1]
 [1 1 1 1 0 0 1 1 1 0]
 [1 0 1 1 1 1 1 0 1 1]
 [1 1 1 0 1 1 0 1 1 0]
 [0 0 1 1 1 1 1 1 0 1]
 [1 0 0 1 1 1 1 0 1 1]
 [1 1 1 1 0 1 1 1 1 1]
 [1 1 1 1 1 1 1 1 0 1]
 [1 0 1 0 0 1 1 1 1 1]
 [0 1 0 1 1 1 0 1 0 1]
 [1 1 0 1 1 1 1 1 1 1]
 [1 1 1 1 1 0 1 0 1 1]
 [1 1 1 1 1 1 1 1 1 1]
 [1 1 1 0 1 0 1 1 1 1]
 [1 1 1 1 1 0 0 1 0 1]
 [1 1 1 1 0 1 1 0 0 1]]
{'restarts': 105, 'conflicts': 47820, 'decisions': 68614, 'propagations': 21493531}
Q is identifiable
branch at 6
runtime for solving id of Q is 4.27491485606879
Simulation results:
{'J': 50, 'K': 10, 'N': 10, 'p': 0.7, 'seed': 928, 'sim': 0, 'runtime': 4.27491485606879, 'identifiable': 1, 'branch': 6}
1
Q: [[0 1 1 0 0 1 1 1 1 1]
 [1 1 0 0 1 1 1 1 0 0]
 [1 1 1 0 1 0 0 0 1 1]
 [1 1 1 1 1 0 1 0 1 1]
 [1 1 1 1 0 1 1 1 1 1]
 [1 1 1 0 1 1 1 1 1 1]
 [1 0 1 1 1 0 1 1 1 0]
 [1 1 1 1 1 1 0 1 1 1]
 [1 1 1 1 1 1 1 1 1 0]
 [1 1 1 1 1 1 0 1 1 1]
 [1 1 1 1 1 0 1 1 0 1]
 [1 1 1 1 1 1 1 0 1 1]
 [0 1 1 0 1 1 0 0 1 1]
 [1 0 1 0 0 0 1 1 1 1]
 [1 1 1 1 1 0 1 0 1 0]
 [0 0 1 0 1 0 1 1 1 1]
 [0 1 1 0 0 1 1 1 1 1]
 [0 1 1 1 1 0 1 1 1 1]
 [1 1 0 1 0 1 1 1 1 1]
 [1 0 0 1 0 1 1 1 1 1]
 [1 0 1 1 1 1 1 1 0 1]
 [1 1 1 1 0 1 1 0 1 0]
 [0 1 1 0 1 1 1 0 0 0]
 [1 0 1 1 0 1 0 1 0 1]
 [1 1 1 0 0 1 0 1 1 1]
 [1 1 1 1 0 1 1 1 1 0]
 [1 0 1 1 0 1 0 1 1 0]
 [1 1 1 1 1 1 1 1 0 1]
 [1 1 1 1 1 1 1 1 0 0]
 [1 1 0 1 1 0 1 1 1 1]
 [1 1 1 0 0 1 1 1 1 1]
 [1 0 1 1 0 1 1 1 1 1]
 [0 1 1 1 1 1 1 1 1 1]
 [0 0 1 1 1 1 1 0 1 1]
 [0 0 1 1 0 1 0 1 0 0]
 [0 0 1 1 1 1 0 1 0 1]
 [1 1 1 1 1 1 0 1 1 1]
 [1 0 1 1 1 1 0 1 1 1]
 [1 1 1 1 1 1 1 0 0 0]
 [1 1 1 0 1 0 1 0 0 0]
 [1 0 1 1 0 1 0 1 0 1]
 [1 1 1 1 0 0 1 1 1 1]
 [1 1 1 1 1 1 1 0 1 1]
 [1 1 1 1 0 1 1 1 1 1]
 [1 1 1 0 1 0 1 0 1 1]
 [1 1 0 1 0 0 0 1 1 1]
 [1 1 1 1 0 1 0 1 1 1]
 [0 1 1 0 0 1 1 0 1 1]
 [1 1 1 1 1 0 1 1 1 1]
 [0 1 1 1 1 1 1 1 1 0]]
{'restarts': 143, 'conflicts': 59233, 'decisions': 90141, 'propagations': 20588739}
Q is identifiable
branch at 6
runtime for solving id of Q is 4.740148991346359
Simulation results:
{'J': 50, 'K': 10, 'N': 10, 'p': 0.7, 'seed': 928, 'sim': 1, 'runtime': 4.740148991346359, 'identifiable': 1, 'branch': 6}
2
Q: [[0 1 1 1 0 0 0 1 1 1]
 [0 0 1 0 1 1 1 1 1 0]
 [1 1 1 1 1 1 1 1 0 1]
 [1 1 1 1 1 1 1 1 0 1]
 [0 1 1 1 1 1 1 1 1 0]
 [1 1 1 1 1 1 1 1 0 1]
 [1 1 0 1 1 0 1 1 1 1]
 [1 0 0 0 1 1 1 1 0 1]
 [0 1 1 1 1 1 0 0 0 1]
 [1 0 0 1 0 0 1 1 0 1]
 [1 1 1 0 1 1 1 1 1 0]
 [1 1 1 0 1 1 1 1 0 1]
 [1 1 0 0 1 1 1 1 1 0]
 [1 1 1 1 1 1 0 0 1 1]
 [1 0 1 1 1 1 1 1 1 1]
 [1 1 1 1 0 1 1 1 0 0]
 [1 1 1 0 0 1 1 1 0 0]
 [1 1 0 1 1 0 0 1 1 1]
 [1 1 1 0 1 1 1 1 1 0]
 [1 1 0 1 0 0 1 1 0 1]
 [1 1 0 1 1 1 0 1 1 0]
 [1 1 0 0 1 0 0 1 1 1]
 [1 1 0 0 0 1 1 1 1 0]
 [1 0 0 1 0 1 1 0 1 1]
 [0 1 1 1 1 1 0 1 1 1]
 [0 1 1 1 0 0 0 1 1 1]
 [1 0 1 1 1 1 0 1 1 1]
 [0 0 1 1 1 1 0 1 0 1]
 [0 0 1 1 1 1 1 1 1 0]
 [1 1 0 1 0 1 1 1 0 0]
 [1 1 1 0 0 1 1 0 1 1]
 [1 0 1 1 0 0 1 1 1 0]
 [1 1 1 0 0 1 1 0 1 0]
 [1 1 0 1 1 1 1 0 1 1]
 [1 1 1 0 1 1 1 0 1 0]
 [0 1 1 1 0 0 0 1 1 1]
 [0 0 1 1 1 1 1 0 0 1]
 [1 1 1 1 1 1 1 1 1 1]
 [1 0 1 1 1 0 1 1 1 1]
 [1 0 1 1 1 1 1 1 1 1]
 [1 0 0 0 0 0 1 0 1 1]
 [1 1 1 1 0 1 1 1 1 0]
 [1 0 1 0 1 1 1 0 0 1]
 [1 1 0 0 1 1 1 1 1 0]
 [1 1 0 0 1 1 1 1 0 0]
 [0 1 0 1 0 0 0 0 1 1]
 [0 1 0 0 1 1 1 0 1 1]
 [0 1 1 1 1 0 1 1 1 0]
 [1 0 1 1 1 1 0 0 1 0]
 [1 0 0 1 0 0 1 1 0 1]]
{'restarts': 206, 'conflicts': 80671, 'decisions': 115885, 'propagations': 32143419}
Q is identifiable
branch at 6
runtime for solving id of Q is 7.219655658118427
Simulation results:
{'J': 50, 'K': 10, 'N': 10, 'p': 0.7, 'seed': 928, 'sim': 2, 'runtime': 7.219655658118427, 'identifiable': 1, 'branch': 6}
3
Q: [[1 1 1 1 1 0 1 1 0 0]
 [1 0 1 1 1 0 1 0 1 1]
 [0 0 1 0 0 1 1 1 0 1]
 [1 1 0 0 1 1 0 1 1 1]
 [0 1 0 1 1 1 1 1 1 0]
 [1 1 1 1 0 0 1 1 0 0]
 [0 0 1 0 1 1 0 0 0 1]
 [1 1 1 1 1 0 1 1 1 0]
 [0 1 1 1 1 0 1 0 0 1]
 [1 1 1 1 1 1 1 1 1 0]
 [0 0 1 1 1 1 1 1 1 1]
 [1 0 1 1 0 1 1 1 1 0]
 [0 1 0 1 0 0 1 1 1 0]
 [1 1 0 1 1 1 0 1 0 0]
 [1 1 1 0 0 1 1 1 1 0]
 [0 0 1 1 1 1 1 1 0 0]
 [1 0 0 1 1 1 1 1 0 1]
 [1 1 0 1 1 0 1 0 1 1]
 [1 1 0 0 1 1 0 0 1 0]
 [1 1 1 1 1 0 1 0 0 0]
 [0 1 1 1 1 1 1 1 1 1]
 [0 1 1 1 1 0 1 0 0 0]
 [0 1 1 1 1 1 1 0 1 1]
 [1 1 0 1 0 1 1 0 1 1]
 [1 1 1 1 0 0 1 0 1 1]
 [1 1 1 1 1 0 1 0 1 1]
 [1 0 0 1 1 1 1 1 1 0]
 [1 1 1 1 1 1 1 1 0 1]
 [1 1 0 1 1 0 1 1 0 0]
 [1 1 1 1 1 1 1 0 1 0]
 [1 1 1 1 1 0 1 1 1 1]
 [1 0 1 0 1 1 0 1 0 1]
 [0 0 0 1 1 1 1 0 0 1]
 [1 0 0 1 0 1 0 1 1 1]
 [1 1 0 1 1 1 0 0 1 0]
 [1 1 1 1 0 1 1 1 1 1]
 [1 1 1 1 0 1 0 1 1 1]
 [1 1 1 1 1 1 1 1 1 0]
 [0 1 0 0 1 1 0 1 1 1]
 [1 0 1 1 0 1 0 1 1 1]
 [1 0 1 1 1 0 1 1 1 1]
 [1 1 1 1 1 1 1 1 1 1]
 [1 1 1 1 1 1 0 1 1 0]
 [1 1 0 1 0 1 0 1 0 1]
 [1 1 1 1 1 1 0 1 1 1]
 [1 0 1 1 1 0 0 1 1 0]
 [0 1 0 1 0 0 1 1 1 1]
 [1 0 0 1 1 1 0 0 1 1]
 [1 0 1 1 0 1 1 1 1 1]
 [1 1 1 0 1 0 0 0 1 0]]
{'restarts': 21, 'conflicts': 10718, 'decisions': 19056, 'propagations': 6016507}
Q is identifiable
branch at 6
runtime for solving id of Q is 1.004746655933559
Simulation results:
{'J': 50, 'K': 10, 'N': 10, 'p': 0.7, 'seed': 928, 'sim': 3, 'runtime': 1.004746655933559, 'identifiable': 1, 'branch': 6}
4
Q: [[0 1 1 0 0 0 0 1 1 1]
 [1 1 0 1 0 1 1 1 1 0]
 [1 1 1 0 1 1 1 1 0 1]
 [1 1 0 0 1 0 0 1 0 0]
 [1 1 1 1 1 0 1 1 1 1]
 [1 0 1 1 1 1 1 0 1 1]
 [1 1 0 0 1 0 1 1 1 1]
 [1 0 1 0 1 1 1 0 1 0]
 [1 1 0 1 1 1 1 1 1 1]
 [1 0 1 1 1 1 1 1 0 1]
 [1 1 1 0 0 0 1 0 1 1]
 [0 1 1 0 1 1 0 1 1 0]
 [0 1 1 0 1 1 0 1 0 1]
 [1 1 1 1 1 1 1 0 1 1]
 [1 0 1 1 1 1 1 1 1 1]
 [0 1 0 0 1 1 1 1 1 1]
 [1 0 0 1 1 1 0 0 1 1]
 [1 1 1 1 1 0 1 0 1 1]
 [1 1 1 0 1 1 1 1 0 1]
 [1 1 1 1 1 0 1 1 0 1]
 [1 0 1 1 1 1 1 1 1 1]
 [0 1 0 1 1 0 0 0 1 1]
 [0 1 1 1 0 1 0 1 1 1]
 [1 1 1 1 1 1 1 1 1 0]
 [1 1 1 1 1 1 0 1 1 1]
 [1 1 0 1 1 1 1 0 1 0]
 [1 0 0 0 1 0 1 1 0 1]
 [1 1 0 1 1 1 1 1 0 1]
 [1 1 1 0 1 1 1 0 1 1]
 [0 0 0 1 1 1 1 1 0 1]
 [0 1 1 1 1 1 1 1 1 1]
 [1 1 1 1 0 1 1 1 1 1]
 [0 1 0 1 0 1 1 1 1 1]
 [1 1 1 1 0 1 0 0 1 1]
 [0 1 1 1 0 0 0 1 1 1]
 [1 0 1 1 1 0 1 1 0 1]
 [0 0 1 1 1 1 1 0 1 0]
 [1 1 0 1 1 1 0 1 0 1]
 [0 1 1 0 1 0 0 1 1 1]
 [0 1 1 0 1 1 1 1 1 1]
 [0 0 0 0 1 1 0 0 0 1]
 [1 1 1 0 1 1 1 1 1 0]
 [1 0 0 1 1 1 0 0 0 1]
 [0 1 0 1 0 1 0 1 1 0]
 [1 1 1 1 1 0 0 1 1 0]
 [0 0 1 1 1 1 1 0 1 1]
 [0 1 1 1 1 1 1 1 0 1]
 [0 1 1 0 1 0 1 1 1 1]
 [0 1 1 0 0 1 0 1 1 1]
 [0 1 1 1 1 1 0 1 1 0]]
{'restarts': 28, 'conflicts': 14245, 'decisions': 21941, 'propagations': 5520709}
Q is identifiable
branch at 6
runtime for solving id of Q is 0.8614631500095129
Simulation results:
{'J': 50, 'K': 10, 'N': 10, 'p': 0.7, 'seed': 928, 'sim': 4, 'runtime': 0.8614631500095129, 'identifiable': 1, 'branch': 6}
5
Q: [[1 1 1 1 0 1 1 0 1 1]
 [0 1 1 1 0 1 1 1 1 1]
 [0 1 0 1 0 1 1 0 1 1]
 [1 0 0 0 1 1 1 0 1 1]
 [1 1 1 1 1 1 0 1 1 1]
 [1 0 0 1 0 0 1 1 1 1]
 [1 0 1 0 1 0 1 1 1 0]
 [1 0 1 1 1 1 1 0 1 0]
 [0 0 1 1 1 0 0 1 1 0]
 [1 0 1 1 1 1 1 0 0 1]
 [1 0 1 0 0 0 1 1 0 0]
 [1 1 1 0 1 1 1 1 1 1]
 [1 1 0 0 1 1 0 0 0 0]
 [1 1 1 1 1 1 1 0 1 0]
 [1 0 1 1 0 1 0 1 1 0]
 [1 1 0 1 1 1 0 0 1 1]
 [1 0 1 1 1 1 1 0 1 1]
 [1 0 1 1 0 0 1 1 0 1]
 [0 0 1 1 0 1 1 1 0 1]
 [1 1 1 0 1 0 1 1 0 1]
 [1 1 1 0 1 0 1 1 1 1]
 [1 1 1 1 0 1 1 1 1 1]
 [1 1 1 1 0 1 1 1 0 0]
 [0 1 1 1 1 0 1 1 0 0]
 [1 1 1 1 1 1 1 0 1 1]
 [1 1 1 1 1 1 1 0 1 1]
 [1 1 1 1 1 0 0 0 1 0]
 [0 0 0 0 1 1 1 0 1 1]
 [1 0 1 1 1 1 1 1 1 1]
 [1 0 1 1 0 1 0 1 0 0]
 [1 1 0 1 1 0 1 1 1 0]
 [1 1 0 0 1 1 1 0 1 1]
 [1 1 0 0 1 1 1 1 0 1]
 [1 1 0 1 1 1 0 1 1 1]
 [1 0 1 1 0 1 1 1 1 1]
 [1 1 0 0 1 1 1 0 1 0]
 [0 0 1 1 0 0 0 0 0 0]
 [1 1 0 1 1 1 1 1 0 1]
 [0 0 1 1 1 1 1 1 1 1]
 [1 1 1 1 0 1 1 0 1 1]
 [1 0 0 1 1 0 1 1 0 1]
 [0 0 0 1 0 0 1 1 0 1]
 [1 1 1 0 1 1 1 1 1 0]
 [0 0 1 1 0 1 1 1 1 1]
 [0 1 1 0 1 0 0 0 1 1]
 [1 1 1 1 1 0 1 0 1 1]
 [0 0 1 1 0 1 1 0 1 1]
 [1 0 1 0 1 1 1 1 1 0]
 [1 1 1 1 0 0 1 1 0 1]
 [1 1 1 1 1 1 1 0 1 1]]
{'restarts': 18, 'conflicts': 3587, 'decisions': 7305, 'propagations': 1889521}
Q is identifiable
branch at 6
runtime for solving id of Q is 0.3168804133310914
Simulation results:
{'J': 50, 'K': 10, 'N': 10, 'p': 0.7, 'seed': 928, 'sim': 5, 'runtime': 0.3168804133310914, 'identifiable': 1, 'branch': 6}
6
Q: [[0 0 0 1 1 1 1 1 1 1]
 [1 0 1 1 0 1 1 1 1 1]
 [1 1 1 1 0 0 0 1 1 1]
 [1 0 1 1 0 1 1 1 1 1]
 [0 1 1 1 1 1 1 1 1 1]
 [1 0 1 1 0 0 1 0 1 1]
 [1 1 1 1 0 1 1 1 0 0]
 [0 1 1 1 1 1 1 0 0 1]
 [1 0 0 0 1 1 0 1 1 0]
 [1 0 0 1 1 1 1 1 1 1]
 [0 1 1 0 1 0 0 1 1 1]
 [0 1 1 1 0 0 1 1 1 1]
 [1 1 0 0 1 1 0 0 1 1]
 [1 0 1 1 1 1 1 1 0 1]
 [0 0 0 0 0 1 1 1 0 1]
 [1 1 1 1 1 0 0 1 1 1]
 [1 1 0 1 1 0 1 1 1 1]
 [1 0 1 0 1 1 1 1 1 1]
 [1 0 1 1 1 1 0 0 0 1]
 [1 0 0 1 1 1 1 1 1 1]
 [1 1 1 0 1 1 1 1 1 0]
 [1 1 1 0 1 1 1 1 1 1]
 [1 0 1 1 1 1 0 0 1 1]
 [1 0 1 1 1 0 1 1 1 1]
 [1 1 0 1 1 1 0 1 0 1]
 [1 0 1 0 1 1 1 0 1 1]
 [1 0 1 1 1 1 1 1 1 0]
 [1 1 1 1 0 1 1 0 0 0]
 [1 1 1 1 0 0 1 1 0 0]
 [1 1 1 1 1 1 1 1 1 0]
 [1 1 1 1 0 0 1 1 1 1]
 [1 0 1 1 1 1 1 1 1 1]
 [1 1 0 1 1 1 1 1 1 1]
 [1 0 1 1 1 0 1 1 0 1]
 [0 1 0 1 1 1 1 1 1 1]
 [1 1 1 1 1 1 1 0 1 0]
 [1 1 1 1 0 1 1 0 1 1]
 [0 1 1 1 1 1 1 0 1 1]
 [1 1 0 1 0 1 1 0 0 0]
 [0 0 0 1 0 1 1 0 1 1]
 [1 0 1 1 1 0 0 1 1 1]
 [0 1 0 1 0 1 1 0 1 1]
 [0 1 1 1 1 0 1 1 1 1]
 [1 0 0 1 0 1 0 1 0 0]
 [1 1 0 0 1 1 0 0 0 1]
 [1 1 0 0 1 0 1 1 1 0]
 [1 0 0 1 1 0 1 0 1 0]
 [1 1 1 1 0 1 1 1 0 1]
 [0 0 1 1 1 1 0 0 1 1]
 [1 1 1 0 1 1 1 0 0 0]]
{'restarts': 49, 'conflicts': 23460, 'decisions': 37191, 'propagations': 9914488}
Q is identifiable
branch at 6
runtime for solving id of Q is 1.8490163991227746
Simulation results:
{'J': 50, 'K': 10, 'N': 10, 'p': 0.7, 'seed': 928, 'sim': 6, 'runtime': 1.8490163991227746, 'identifiable': 1, 'branch': 6}
7
Q: [[1 1 0 0 1 0 0 1 1 0]
 [0 1 0 1 1 1 1 1 1 0]
 [0 0 0 1 0 1 1 0 1 1]
 [0 1 0 0 0 0 1 0 1 1]
 [0 1 1 1 1 1 1 0 1 1]
 [0 1 1 1 1 1 1 1 1 1]
 [1 1 1 0 1 1 1 1 0 1]
 [1 1 1 1 1 1 0 1 0 1]
 [1 1 0 0 0 1 1 0 1 1]
 [1 1 1 1 0 1 1 1 1 0]
 [1 1 1 0 1 1 1 1 0 1]
 [1 1 1 0 1 1 1 1 0 1]
 [1 1 1 1 1 1 1 1 1 1]
 [1 1 1 1 1 0 0 1 0 1]
 [0 1 1 0 1 0 1 1 0 1]
 [1 0 1 1 1 0 1 1 1 1]
 [1 1 0 0 1 1 1 1 0 0]
 [0 1 1 1 1 1 1 0 1 1]
 [1 1 1 1 0 1 1 0 1 0]
 [0 1 1 1 0 0 1 0 1 1]
 [1 1 1 1 0 0 1 1 1 1]
 [1 1 1 0 1 1 1 1 1 0]
 [1 1 0 1 0 1 1 0 1 0]
 [1 1 1 1 1 0 0 1 0 0]
 [1 1 1 0 0 1 1 1 1 0]
 [1 1 1 0 0 1 1 0 0 1]
 [1 0 1 1 0 0 1 1 1 1]
 [0 0 1 0 0 1 1 1 0 0]
 [1 0 1 1 1 1 1 0 0 1]
 [1 1 0 1 1 0 1 1 1 1]
 [1 1 1 0 0 1 1 1 1 1]
 [1 1 1 0 0 1 1 1 1 1]
 [1 1 0 0 1 1 0 1 0 1]
 [1 1 1 1 1 0 1 1 1 1]
 [0 1 0 0 1 1 1 1 1 1]
 [1 1 1 1 1 0 0 1 1 1]
 [0 0 0 0 1 1 1 1 1 1]
 [1 1 1 1 1 1 1 1 0 1]
 [0 1 1 1 1 1 1 1 0 0]
 [1 1 1 1 1 1 1 1 1 1]
 [1 1 0 1 1 1 1 1 1 1]
 [0 1 1 0 1 0 1 1 1 1]
 [1 1 0 1 1 1 1 1 1 0]
 [1 1 1 1 1 1 1 0 0 0]
 [0 1 0 1 1 1 0 1 1 1]
 [1 1 1 1 1 1 1 1 0 0]
 [1 1 0 1 1 1 1 1 1 0]
 [1 1 1 1 1 1 1 1 1 1]
 [1 1 1 1 1 1 1 1 1 1]
 [1 1 1 1 0 0 1 1 1 1]]
{'restarts': 45, 'conflicts': 15814, 'decisions': 27118, 'propagations': 5737518}
Q is identifiable
branch at 6
runtime for solving id of Q is 1.0242110705003142
Simulation results:
{'J': 50, 'K': 10, 'N': 10, 'p': 0.7, 'seed': 928, 'sim': 7, 'runtime': 1.0242110705003142, 'identifiable': 1, 'branch': 6}
8
Q: [[1 1 0 1 1 1 0 1 1 0]
 [1 0 0 0 1 1 1 0 1 1]
 [1 1 1 1 0 1 1 1 1 1]
 [0 1 1 0 0 0 1 0 0 0]
 [1 1 1 1 0 1 0 1 1 1]
 [1 1 1 1 1 1 0 0 1 1]
 [1 1 1 1 1 0 1 0 1 1]
 [1 0 1 0 1 1 0 1 0 1]
 [1 0 0 1 1 1 0 1 1 1]
 [1 1 0 0 1 1 0 1 1 1]
 [1 1 0 1 0 1 1 0 1 1]
 [1 1 0 0 0 1 1 1 1 0]
 [0 0 0 0 1 1 0 1 1 1]
 [0 1 1 1 0 1 1 1 1 1]
 [0 0 1 1 1 1 1 1 0 1]
 [0 0 0 0 1 1 1 1 1 0]
 [1 1 1 1 1 0 1 0 0 1]
 [1 1 0 1 1 1 0 1 1 1]
 [0 1 1 1 1 0 1 0 1 1]
 [0 0 1 1 1 1 1 0 1 1]
 [1 0 1 1 1 0 1 1 1 1]
 [0 0 1 1 1 1 1 1 0 0]
 [1 1 0 0 1 1 1 1 0 1]
 [0 1 0 1 1 1 0 1 1 1]
 [0 1 1 1 1 0 1 1 1 1]
 [1 0 1 1 1 1 0 1 1 1]
 [1 1 1 1 0 1 1 1 1 0]
 [0 1 1 1 1 0 1 0 1 1]
 [1 1 1 1 1 0 1 1 1 1]
 [1 1 1 1 1 1 1 1 0 1]
 [1 1 0 1 0 1 1 1 1 1]
 [1 1 1 0 1 0 0 1 0 0]
 [1 1 0 1 1 1 1 1 0 1]
 [1 1 1 1 1 1 0 1 1 1]
 [1 1 0 1 1 1 0 1 1 1]
 [1 0 1 1 1 1 1 0 1 0]
 [0 1 1 0 1 1 1 0 0 1]
 [1 0 0 0 1 0 1 1 1 0]
 [1 1 1 1 1 1 0 1 1 0]
 [0 1 0 1 1 1 0 1 1 1]
 [0 1 0 1 1 0 0 1 1 1]
 [1 1 1 1 1 1 1 1 1 1]
 [0 1 1 1 1 1 0 1 1 1]
 [1 1 1 1 0 1 1 1 0 1]
 [0 0 1 1 1 1 0 1 0 0]
 [0 0 0 0 1 0 0 1 0 0]
 [1 1 1 1 0 1 0 1 1 1]
 [1 1 0 1 0 1 1 1 1 1]
 [1 1 1 1 0 1 1 0 1 0]
 [1 1 0 0 1 1 0 1 0 1]]
{'restarts': 12, 'conflicts': 3279, 'decisions': 5987, 'propagations': 1462385}
Q is identifiable
branch at 6
runtime for solving id of Q is 0.2955654710531235
Simulation results:
{'J': 50, 'K': 10, 'N': 10, 'p': 0.7, 'seed': 928, 'sim': 8, 'runtime': 0.2955654710531235, 'identifiable': 1, 'branch': 6}
9
Q: [[1 1 0 0 0 0 1 0 1 1]
 [1 1 1 1 1 1 1 1 1 0]
 [0 1 1 1 1 1 1 1 1 1]
 [1 0 1 1 0 1 0 1 1 0]
 [1 0 1 0 1 1 1 1 1 1]
 [1 1 1 1 1 1 1 0 1 1]
 [1 1 0 0 0 0 0 0 0 0]
 [1 1 1 1 1 1 1 1 1 0]
 [1 0 1 1 0 0 0 1 1 1]
 [0 1 1 1 0 1 0 1 1 0]
 [1 1 1 1 1 1 1 0 0 1]
 [1 1 1 0 0 1 1 0 1 1]
 [0 1 1 1 0 1 0 1 1 1]
 [0 1 0 1 0 0 1 1 1 0]
 [0 1 1 0 0 0 1 1 1 0]
 [1 1 1 0 1 1 1 1 0 1]
 [1 1 0 1 0 1 1 1 1 0]
 [1 1 1 1 1 0 1 1 1 0]
 [1 0 1 1 0 0 1 1 0 1]
 [0 0 1 1 1 1 1 0 1 0]
 [1 0 0 0 1 1 0 1 1 1]
 [0 1 1 0 1 0 1 1 1 1]
 [1 1 1 0 0 0 0 1 0 1]
 [1 1 0 1 1 1 1 0 1 0]
 [0 0 1 1 0 1 1 0 1 1]
 [1 1 1 1 1 0 1 1 1 1]
 [1 1 1 1 1 1 1 1 1 1]
 [0 0 0 1 1 0 1 1 0 0]
 [1 0 0 0 1 1 0 1 0 1]
 [1 1 0 1 0 1 0 1 1 1]
 [0 1 1 1 1 1 0 1 1 1]
 [1 1 1 1 1 1 0 1 0 1]
 [1 1 1 1 0 1 1 1 1 1]
 [1 1 1 1 1 0 0 1 0 0]
 [1 0 0 1 0 0 1 1 1 1]
 [1 1 1 1 0 0 0 1 1 0]
 [1 1 1 0 1 1 1 0 1 1]
 [1 1 0 1 0 1 0 1 0 1]
 [1 0 1 1 0 1 1 1 1 1]
 [1 1 1 1 1 1 1 1 1 0]
 [0 1 0 0 1 1 1 1 1 0]
 [0 1 1 1 1 1 1 0 0 1]
 [1 1 1 0 1 0 1 0 0 1]
 [1 1 0 1 1 1 1 1 1 0]
 [1 0 1 1 0 1 1 1 0 1]
 [1 0 1 1 1 0 1 1 1 1]
 [1 1 0 1 1 1 0 0 0 1]
 [1 1 1 0 1 1 0 0 1 0]
 [0 1 0 0 1 1 1 1 0 0]
 [0 1 1 0 0 1 1 1 1 1]]
{'restarts': 38, 'conflicts': 10149, 'decisions': 16882, 'propagations': 6175777}
Q is identifiable
branch at 6
runtime for solving id of Q is 0.8513998351991177
Simulation results:
{'J': 50, 'K': 10, 'N': 10, 'p': 0.7, 'seed': 928, 'sim': 9, 'runtime': 0.8513998351991177, 'identifiable': 1, 'branch': 6}
Simulation results:
[{'J': 50, 'K': 10, 'N': 10, 'p': 0.7, 'seed': 928, 'sim': 0, 'runtime': 4.27491485606879, 'identifiable': 1, 'branch': 6}, {'J': 50, 'K': 10, 'N': 10, 'p': 0.7, 'seed': 928, 'sim': 1, 'runtime': 4.740148991346359, 'identifiable': 1, 'branch': 6}, {'J': 50, 'K': 10, 'N': 10, 'p': 0.7, 'seed': 928, 'sim': 2, 'runtime': 7.219655658118427, 'identifiable': 1, 'branch': 6}, {'J': 50, 'K': 10, 'N': 10, 'p': 0.7, 'seed': 928, 'sim': 3, 'runtime': 1.004746655933559, 'identifiable': 1, 'branch': 6}, {'J': 50, 'K': 10, 'N': 10, 'p': 0.7, 'seed': 928, 'sim': 4, 'runtime': 0.8614631500095129, 'identifiable': 1, 'branch': 6}, {'J': 50, 'K': 10, 'N': 10, 'p': 0.7, 'seed': 928, 'sim': 5, 'runtime': 0.3168804133310914, 'identifiable': 1, 'branch': 6}, {'J': 50, 'K': 10, 'N': 10, 'p': 0.7, 'seed': 928, 'sim': 6, 'runtime': 1.8490163991227746, 'identifiable': 1, 'branch': 6}, {'J': 50, 'K': 10, 'N': 10, 'p': 0.7, 'seed': 928, 'sim': 7, 'runtime': 1.0242110705003142, 'identifiable': 1, 'branch': 6}, {'J': 50, 'K': 10, 'N': 10, 'p': 0.7, 'seed': 928, 'sim': 8, 'runtime': 0.2955654710531235, 'identifiable': 1, 'branch': 6}, {'J': 50, 'K': 10, 'N': 10, 'p': 0.7, 'seed': 928, 'sim': 9, 'runtime': 0.8513998351991177, 'identifiable': 1, 'branch': 6}]
