
The Gurobi software has a limited number of licenses. To request a license or
licenses, add this line

    #SBATCH --licenses=gurobi@slurmdb:1

to your SBATCH script, replacing N with the number of licenses you need. Gurobi
will need one license per process.


0
Q: [[1 0 1 0 0 1 0 0 1 1]
 [1 0 0 0 0 1 1 1 1 0]
 [1 0 0 1 0 1 1 0 1 0]
 [0 0 0 0 1 1 1 0 1 0]
 [1 0 1 1 1 1 1 1 1 0]
 [0 0 0 0 1 0 1 0 0 0]
 [0 0 0 1 0 1 0 1 1 0]
 [1 1 0 0 1 1 1 1 1 1]
 [1 0 0 1 0 0 0 1 0 0]
 [1 1 0 1 0 1 0 1 1 1]
 [0 0 1 0 0 0 1 0 0 0]
 [0 0 0 1 1 1 0 1 1 0]
 [0 0 1 0 0 0 1 0 1 0]
 [1 0 1 1 0 1 0 1 0 1]
 [0 1 1 0 0 0 1 0 0 0]
 [0 1 1 1 1 0 0 1 1 0]
 [0 1 0 1 1 0 1 1 0 1]
 [1 1 0 1 1 0 1 1 0 1]
 [1 0 1 0 0 1 1 1 0 0]
 [0 0 1 0 1 0 1 1 0 0]
 [0 0 0 1 0 1 1 0 1 0]
 [0 0 0 0 1 1 1 0 1 1]
 [1 1 1 0 1 0 0 1 0 1]
 [1 1 0 1 0 1 0 1 0 0]
 [0 1 1 0 0 0 1 0 1 0]
 [1 0 1 1 0 1 1 0 1 1]
 [0 0 1 1 1 1 0 1 0 0]
 [1 0 0 1 1 1 0 1 0 1]
 [1 0 0 0 1 0 0 0 1 0]
 [0 0 1 1 1 1 0 1 0 0]
 [0 1 1 1 1 1 1 1 0 0]
 [1 1 0 0 0 0 0 1 1 0]
 [0 1 1 1 0 0 0 1 1 0]
 [0 0 0 1 0 1 0 0 0 0]
 [0 1 0 0 0 1 1 1 1 0]
 [1 0 0 1 1 0 0 1 1 1]
 [0 1 0 1 1 0 1 0 1 0]
 [0 0 1 1 1 0 1 0 1 0]
 [1 1 1 1 1 1 0 1 0 0]
 [1 1 0 0 1 1 0 1 0 1]
 [0 1 0 0 1 1 0 0 0 0]
 [1 1 0 1 0 0 0 1 0 0]
 [1 1 0 1 1 1 1 1 1 1]
 [1 1 1 1 1 1 1 1 1 1]
 [0 1 0 1 1 0 0 0 1 0]
 [1 0 0 0 0 1 1 1 1 1]
 [0 1 0 1 0 1 1 1 0 0]
 [1 0 0 1 0 1 0 1 1 0]
 [1 1 0 1 0 0 1 0 0 0]
 [0 0 0 1 1 0 1 1 1 1]
 [0 1 0 1 1 1 0 1 1 1]
 [1 1 1 1 0 0 1 1 0 0]
 [0 1 1 0 0 0 1 1 1 1]
 [0 1 0 1 0 0 0 0 0 0]
 [1 1 1 0 0 0 0 1 1 1]
 [1 1 1 0 1 1 1 1 1 1]
 [1 0 0 0 0 0 0 1 0 1]
 [1 1 0 1 1 1 0 0 1 0]
 [0 1 0 1 1 1 1 1 1 0]
 [0 0 0 1 1 1 0 0 1 1]
 [1 0 0 0 0 0 1 0 1 1]
 [0 1 1 0 0 0 1 0 1 1]
 [1 1 1 1 0 0 1 0 1 1]
 [0 1 0 1 1 0 1 1 1 0]
 [0 0 0 0 0 1 0 0 0 1]
 [0 0 0 1 1 1 0 1 1 1]
 [1 0 1 0 1 0 1 1 1 0]
 [1 1 1 1 1 0 1 0 1 0]
 [0 0 0 0 0 0 1 1 1 1]
 [0 1 1 0 1 0 0 0 0 1]
 [1 1 1 0 1 1 0 0 0 1]
 [0 1 1 1 1 0 1 1 1 1]
 [0 1 0 0 0 1 0 1 1 0]
 [0 1 1 0 1 0 0 1 0 0]
 [0 0 0 0 0 1 1 1 1 1]
 [1 1 0 1 0 0 0 1 1 0]
 [1 1 1 0 0 1 1 1 0 1]
 [0 0 0 0 1 0 0 0 0 0]
 [0 0 0 1 1 1 0 0 0 0]
 [0 1 0 0 0 0 0 1 1 1]
 [0 1 0 1 0 1 0 1 1 0]
 [0 0 1 1 0 1 0 1 0 1]
 [1 1 1 1 1 0 1 0 1 1]
 [1 1 0 1 0 1 1 0 0 0]
 [1 0 1 0 0 1 1 1 0 0]
 [0 0 0 0 1 0 0 0 1 0]
 [1 0 0 1 0 1 0 1 1 0]
 [0 1 1 0 1 0 1 0 0 0]
 [0 0 0 0 0 1 1 1 1 1]
 [1 1 1 1 1 0 1 0 1 0]
 [0 0 1 0 0 1 0 0 1 1]
 [0 1 0 1 0 1 0 0 1 0]
 [0 0 0 0 1 1 1 1 0 1]
 [0 1 1 1 1 1 0 0 0 1]
 [0 0 1 1 1 0 0 1 1 0]
 [0 1 0 1 1 0 0 0 0 0]
 [0 0 1 1 1 0 0 1 0 0]
 [0 0 1 1 1 1 0 0 0 0]
 [1 0 0 0 1 0 1 0 1 0]
 [1 1 0 0 0 1 0 1 1 1]]
{'restarts': 2, 'conflicts': 448, 'decisions': 1165, 'propagations': 698490}
Q is identifiable
branch at 6
runtime for solving id of Q is 0.5839311061426997
Simulation results:
{'J': 100, 'K': 10, 'N': 10, 'p': 0.5, 'seed': 44, 'sim': 0, 'runtime': 0.5839311061426997, 'identifiable': 1, 'branch': 6}
1
Q: [[0 1 0 0 1 0 1 0 0 0]
 [0 0 0 1 0 0 0 0 1 0]
 [0 1 1 1 0 0 1 0 0 0]
 [1 1 1 0 0 1 0 0 1 1]
 [1 1 0 0 0 0 0 1 1 1]
 [0 1 1 1 1 0 0 1 0 0]
 [1 1 1 0 0 1 0 1 0 0]
 [0 0 1 0 0 0 1 1 1 1]
 [1 0 0 1 0 1 1 1 1 0]
 [1 1 1 0 0 0 0 1 1 1]
 [1 0 1 0 0 0 1 0 1 1]
 [0 1 1 1 0 0 0 1 0 0]
 [1 0 0 0 1 0 0 0 0 0]
 [0 0 0 0 0 1 1 1 0 0]
 [1 1 1 1 1 0 1 0 0 1]
 [1 0 0 1 1 1 1 1 0 1]
 [1 1 0 0 1 1 0 1 1 0]
 [0 0 1 0 1 1 0 1 1 1]
 [0 0 1 0 0 0 0 0 0 1]
 [1 0 1 0 1 1 1 1 0 1]
 [0 1 0 0 0 1 1 1 0 0]
 [1 1 0 0 0 0 0 1 0 1]
 [1 0 0 1 1 1 1 0 0 1]
 [0 0 1 0 0 0 1 1 0 0]
 [1 1 1 0 0 0 1 0 1 0]
 [1 1 0 0 0 1 1 0 0 0]
 [0 0 1 0 1 0 1 0 0 0]
 [1 0 1 0 0 0 1 1 1 0]
 [1 1 0 1 1 0 0 1 0 1]
 [1 0 0 0 1 1 1 0 1 1]
 [0 1 0 0 0 1 0 0 0 0]
 [0 0 1 0 0 1 0 1 0 0]
 [0 0 1 0 0 1 0 0 0 0]
 [1 1 0 1 0 0 0 0 0 0]
 [0 1 0 0 1 0 1 1 1 0]
 [1 1 1 0 0 0 0 0 1 0]
 [0 0 1 0 0 1 0 1 1 1]
 [0 0 1 0 1 0 1 0 0 1]
 [0 0 0 0 0 1 1 1 0 0]
 [0 1 0 1 1 1 1 1 0 0]
 [0 0 1 1 0 0 1 1 0 1]
 [0 0 1 1 0 1 1 1 0 0]
 [1 0 0 0 0 1 1 1 0 0]
 [0 1 0 1 0 0 1 1 0 1]
 [1 1 1 0 1 1 1 0 1 1]
 [1 1 0 1 0 0 1 0 1 0]
 [0 0 0 1 0 1 1 1 0 0]
 [1 1 1 0 1 1 0 0 0 0]
 [1 1 1 1 1 1 1 0 1 0]
 [1 1 0 0 1 1 1 1 0 1]
 [0 0 0 0 0 1 1 1 1 0]
 [1 0 1 1 0 1 1 0 1 1]
 [1 1 0 1 0 1 0 0 0 0]
 [1 1 0 1 1 1 1 0 0 0]
 [1 1 1 0 0 1 1 1 0 1]
 [0 1 1 0 0 1 0 1 1 0]
 [1 0 1 1 0 0 1 0 1 1]
 [1 0 0 0 1 0 1 1 1 1]
 [1 1 0 1 0 0 0 1 1 0]
 [0 0 1 1 0 0 0 0 0 0]
 [0 0 1 1 1 0 0 0 0 0]
 [0 0 0 1 0 0 0 0 1 0]
 [0 0 0 1 0 0 0 1 0 0]
 [0 0 1 1 0 1 0 0 1 0]
 [1 1 0 1 0 1 0 1 1 1]
 [1 0 0 0 1 1 1 1 1 0]
 [1 1 1 0 0 1 0 1 0 0]
 [1 0 0 1 0 0 1 0 0 0]
 [0 0 1 1 1 0 0 1 1 1]
 [1 0 0 1 1 0 0 0 0 0]
 [1 0 0 1 0 1 1 1 1 1]
 [0 0 0 1 1 0 0 0 1 1]
 [1 1 1 1 1 1 1 0 1 0]
 [1 1 1 1 1 0 0 0 0 1]
 [1 1 1 1 0 1 1 0 0 0]
 [0 1 1 0 1 0 0 0 1 1]
 [1 1 0 0 0 0 0 0 0 0]
 [0 1 1 1 1 1 1 1 0 1]
 [1 1 0 1 0 0 1 1 0 0]
 [1 1 1 1 1 0 0 1 0 1]
 [1 0 0 1 1 1 0 0 0 0]
 [1 0 1 0 1 0 1 0 0 0]
 [0 1 1 1 1 0 1 0 1 1]
 [0 1 0 1 0 0 1 1 0 1]
 [0 0 0 0 0 0 1 1 1 1]
 [0 0 1 0 0 1 1 1 1 0]
 [0 0 0 0 1 1 1 1 1 0]
 [1 1 1 0 1 0 1 1 0 1]
 [0 1 0 1 0 1 1 0 1 0]
 [1 1 1 0 0 1 1 0 0 1]
 [0 0 1 1 1 0 1 0 0 1]
 [1 1 1 0 1 0 1 0 1 1]
 [0 0 1 0 1 1 0 0 1 0]
 [1 1 0 1 1 1 0 1 0 0]
 [0 1 1 1 1 0 1 1 1 0]
 [0 1 0 0 1 1 0 0 1 1]
 [0 1 1 1 0 0 1 0 1 1]
 [1 0 1 1 0 0 1 0 1 0]
 [1 1 0 0 0 1 0 0 1 0]
 [0 0 1 0 1 0 1 0 0 0]]
{'restarts': 4, 'conflicts': 822, 'decisions': 1875, 'propagations': 1269884}
Q is identifiable
branch at 6
runtime for solving id of Q is 0.6538679897785187
Simulation results:
{'J': 100, 'K': 10, 'N': 10, 'p': 0.5, 'seed': 44, 'sim': 1, 'runtime': 0.6538679897785187, 'identifiable': 1, 'branch': 6}
2
Q: [[1 1 1 1 0 0 1 0 0 1]
 [1 0 0 1 0 0 1 0 1 0]
 [1 0 1 1 1 1 0 0 0 0]
 [1 0 0 1 0 0 0 1 0 0]
 [0 1 1 1 0 0 0 1 1 1]
 [0 1 0 1 0 0 0 1 1 0]
 [1 1 0 1 0 0 0 1 0 1]
 [0 0 0 0 0 1 1 0 0 0]
 [0 0 1 0 0 1 0 0 0 0]
 [0 1 1 0 0 0 0 1 0 0]
 [1 0 1 0 0 1 0 0 1 1]
 [1 0 1 1 1 1 1 1 0 0]
 [1 1 1 1 0 1 0 0 1 1]
 [1 0 1 1 0 1 1 0 1 0]
 [1 1 1 0 1 0 0 1 1 0]
 [1 1 1 0 0 1 0 1 1 0]
 [0 1 0 1 1 1 0 0 1 1]
 [0 1 1 0 0 0 1 0 1 1]
 [1 0 0 0 0 1 0 0 0 1]
 [1 1 1 1 0 1 1 0 1 1]
 [1 0 1 0 1 1 0 0 0 1]
 [0 1 0 0 1 0 0 1 1 1]
 [0 0 0 1 1 0 1 1 1 1]
 [1 1 0 0 1 0 1 1 1 0]
 [0 1 1 1 0 1 0 1 1 1]
 [0 1 0 1 1 0 0 1 1 1]
 [1 1 1 1 1 0 1 1 1 1]
 [1 1 0 1 0 0 0 1 0 0]
 [1 0 1 1 1 1 0 0 1 1]
 [1 1 1 0 0 1 1 0 1 0]
 [1 0 1 1 0 1 1 1 1 0]
 [1 0 1 0 0 0 1 0 0 0]
 [1 0 0 0 1 0 1 0 0 0]
 [0 1 0 1 1 1 1 0 0 0]
 [0 0 1 0 0 0 1 0 1 0]
 [0 0 1 0 1 1 0 1 1 0]
 [1 0 0 0 1 0 1 0 1 1]
 [1 0 0 0 0 0 1 0 0 0]
 [0 0 0 0 0 0 0 0 1 0]
 [1 0 0 1 1 1 1 1 1 0]
 [0 0 1 0 0 1 0 0 0 0]
 [1 0 0 0 0 0 0 0 0 1]
 [1 0 1 0 1 0 0 1 0 0]
 [1 0 0 0 1 1 1 1 1 1]
 [0 1 1 1 0 0 1 1 0 1]
 [0 0 0 1 0 1 1 1 1 0]
 [1 1 0 0 1 1 1 0 1 0]
 [0 1 1 0 0 1 1 0 1 1]
 [1 0 1 1 0 1 1 0 0 1]
 [0 0 1 1 1 1 1 0 1 0]
 [1 0 0 1 1 0 0 1 1 1]
 [1 1 0 1 0 1 0 1 0 1]
 [1 0 1 1 0 0 1 0 1 1]
 [0 1 1 1 1 0 0 0 1 1]
 [0 1 1 1 0 1 0 1 0 0]
 [0 0 1 1 0 0 1 0 0 1]
 [1 0 1 0 1 0 1 0 1 0]
 [1 1 0 0 0 0 0 0 1 0]
 [0 0 1 1 1 0 1 1 1 0]
 [1 0 1 1 0 0 0 0 0 1]
 [0 0 0 0 1 1 1 0 1 1]
 [0 1 0 0 1 0 1 0 0 0]
 [0 1 0 0 0 1 0 0 0 0]
 [1 0 1 0 0 1 0 1 1 1]
 [0 0 0 1 1 0 0 1 1 1]
 [1 0 1 1 0 1 0 0 1 0]
 [0 0 1 0 0 1 0 1 0 0]
 [1 0 0 1 0 0 0 1 1 1]
 [0 1 0 1 0 0 0 0 1 0]
 [0 1 1 1 0 0 1 1 0 0]
 [0 0 1 1 1 0 0 1 1 1]
 [1 1 0 0 0 0 1 1 0 0]
 [1 0 1 1 0 1 0 0 1 0]
 [1 0 1 1 1 1 0 1 0 0]
 [0 0 0 1 1 1 1 1 1 1]
 [0 1 0 1 0 0 0 1 1 1]
 [1 1 0 1 1 0 0 1 1 1]
 [0 1 1 1 0 0 1 1 0 1]
 [0 0 1 0 0 1 0 0 1 0]
 [1 1 1 1 1 0 1 1 0 1]
 [1 1 0 1 0 1 0 0 0 0]
 [1 1 1 1 0 0 0 1 0 1]
 [1 0 0 0 0 1 0 0 0 0]
 [0 1 0 1 1 1 0 0 1 1]
 [1 1 1 0 1 0 0 1 0 0]
 [1 0 0 0 1 1 1 1 1 1]
 [1 0 1 0 1 1 0 0 1 0]
 [0 1 0 1 0 1 1 1 0 0]
 [1 0 1 0 1 0 0 0 0 1]
 [0 1 1 0 1 0 0 0 1 1]
 [0 1 0 0 1 0 1 0 0 1]
 [0 1 0 0 0 1 0 1 0 0]
 [1 0 0 1 1 0 1 1 1 1]
 [0 1 0 0 0 1 1 1 1 0]
 [1 1 0 1 1 1 1 0 1 0]
 [1 0 1 1 1 1 0 1 0 0]
 [1 1 1 1 1 1 0 0 1 0]
 [1 1 1 0 1 1 0 0 0 0]
 [0 0 1 1 1 1 1 0 0 0]
 [1 1 0 1 1 0 0 1 1 1]]
{'restarts': 1, 'conflicts': 469, 'decisions': 988, 'propagations': 727849}
Q is identifiable
branch at 6
runtime for solving id of Q is 0.6745336740277708
Simulation results:
{'J': 100, 'K': 10, 'N': 10, 'p': 0.5, 'seed': 44, 'sim': 2, 'runtime': 0.6745336740277708, 'identifiable': 1, 'branch': 6}
3
Q: [[0 1 1 0 0 1 1 0 0 1]
 [0 1 0 0 0 0 0 1 0 1]
 [1 1 0 0 1 1 1 0 0 0]
 [1 1 0 0 0 1 0 0 0 0]
 [0 1 0 0 1 0 1 1 0 1]
 [1 0 0 0 0 1 1 0 1 1]
 [1 1 0 0 0 0 1 0 1 1]
 [1 1 1 0 0 1 1 1 0 0]
 [1 0 0 0 1 0 1 0 1 0]
 [1 0 1 0 1 1 0 0 0 0]
 [0 1 1 0 0 0 1 0 0 1]
 [1 0 1 1 0 0 0 0 0 1]
 [0 0 0 0 0 1 1 0 0 1]
 [1 1 1 1 0 1 0 1 1 1]
 [1 1 0 1 1 1 0 1 1 1]
 [0 1 0 0 0 1 0 0 0 0]
 [1 0 0 0 1 0 0 1 0 1]
 [1 0 0 1 1 0 1 1 1 1]
 [1 1 1 0 1 1 0 1 0 0]
 [1 1 1 1 1 0 0 0 1 1]
 [0 0 1 0 1 1 1 1 0 1]
 [0 0 0 0 1 0 1 1 0 1]
 [0 0 0 0 1 0 0 1 1 1]
 [0 0 1 1 1 0 0 1 0 0]
 [1 0 0 0 1 0 1 1 1 1]
 [0 1 1 1 1 1 1 1 1 1]
 [1 0 0 0 0 1 0 0 0 0]
 [1 1 1 1 0 1 1 0 0 0]
 [0 0 1 1 0 0 1 1 0 0]
 [1 1 0 0 1 1 0 1 0 1]
 [0 0 0 1 0 1 1 0 0 0]
 [0 1 0 1 1 0 0 0 1 0]
 [1 1 0 1 0 0 0 1 1 1]
 [1 0 1 0 1 0 1 1 0 1]
 [1 0 0 1 0 0 0 0 1 0]
 [0 1 0 0 0 0 1 0 1 0]
 [0 0 0 1 0 0 0 1 1 0]
 [0 0 1 0 0 1 1 1 1 1]
 [0 0 1 0 0 0 1 0 1 0]
 [0 1 1 1 1 1 0 0 0 0]
 [0 0 1 1 0 1 1 0 1 0]
 [0 1 0 1 0 1 1 0 0 0]
 [0 0 0 0 0 1 1 1 1 0]
 [0 1 1 1 0 0 1 1 1 1]
 [1 0 1 1 1 0 1 1 0 0]
 [1 0 0 1 0 0 1 1 0 1]
 [0 0 1 1 0 1 1 1 1 0]
 [1 1 1 0 0 0 0 1 0 1]
 [0 0 1 0 0 0 1 1 1 0]
 [1 1 0 1 1 1 1 1 0 1]
 [0 0 0 0 0 0 0 0 0 0]
 [0 1 1 1 0 0 0 1 1 1]
 [1 1 0 1 1 1 0 1 1 0]
 [1 1 1 0 0 0 1 0 1 1]
 [0 1 1 0 1 0 1 1 1 1]
 [1 0 1 0 1 1 0 0 1 0]
 [0 0 1 0 1 1 0 1 1 1]
 [0 1 0 0 0 1 0 0 1 0]
 [1 1 1 1 0 1 1 0 1 0]
 [1 0 0 1 0 1 1 0 0 1]
 [0 0 1 0 0 0 1 0 0 0]
 [0 1 0 0 1 1 0 0 1 0]
 [1 0 0 0 0 0 1 1 1 0]
 [1 1 1 1 1 0 0 0 0 1]
 [1 0 1 0 0 0 1 0 1 0]
 [1 1 0 0 1 1 0 1 1 1]
 [1 0 1 0 1 1 1 1 0 0]
 [0 1 1 1 1 1 0 1 1 1]
 [0 0 1 0 0 0 0 0 1 0]
 [0 1 1 1 0 1 0 1 1 0]
 [0 0 1 0 0 1 1 0 1 0]
 [0 0 0 1 1 1 0 1 0 1]
 [0 0 1 1 1 0 0 0 1 1]
 [0 0 1 0 1 0 0 1 0 0]
 [1 0 1 1 1 0 1 0 1 0]
 [0 1 1 0 0 0 1 1 1 0]
 [0 0 0 1 0 0 0 1 1 0]
 [1 0 1 0 1 1 1 1 0 1]
 [1 1 1 1 1 1 1 0 0 0]
 [0 1 0 0 0 1 1 0 1 0]
 [1 1 1 0 0 1 0 0 0 0]
 [0 0 1 0 1 1 1 0 1 0]
 [1 0 0 0 0 1 1 1 1 0]
 [0 1 1 1 0 1 1 1 0 0]
 [1 0 0 0 1 1 0 1 0 1]
 [0 0 0 0 0 1 1 0 1 0]
 [0 0 1 0 0 0 1 0 0 1]
 [1 0 0 1 0 1 1 1 0 1]
 [1 1 0 0 0 0 1 0 1 0]
 [0 0 1 1 1 1 1 0 1 0]
 [1 1 1 0 0 0 1 1 0 1]
 [0 1 0 1 0 1 1 1 1 0]
 [0 1 0 0 0 1 0 0 0 0]
 [1 1 0 0 1 0 0 1 0 1]
 [1 0 1 0 0 1 1 0 0 0]
 [1 0 1 1 0 0 0 0 0 1]
 [0 1 0 0 0 0 1 1 1 0]
 [0 1 1 1 1 1 1 1 0 1]
 [1 1 0 0 0 1 1 0 1 0]
 [0 1 0 1 0 1 1 1 0 0]]
{'restarts': 2, 'conflicts': 753, 'decisions': 1607, 'propagations': 984135}
Q is identifiable
branch at 6
runtime for solving id of Q is 0.6284009511582553
Simulation results:
{'J': 100, 'K': 10, 'N': 10, 'p': 0.5, 'seed': 44, 'sim': 3, 'runtime': 0.6284009511582553, 'identifiable': 1, 'branch': 6}
4
Q: [[0 0 1 1 0 0 1 0 0 1]
 [0 0 1 1 1 1 1 0 0 0]
 [0 1 1 1 1 0 0 1 0 0]
 [1 0 1 1 0 0 1 1 0 0]
 [0 0 1 0 1 0 0 0 0 1]
 [0 0 1 0 1 0 0 0 0 1]
 [0 0 1 0 1 0 0 1 0 0]
 [1 1 0 0 0 0 0 1 1 0]
 [1 0 0 1 0 1 0 0 1 0]
 [1 0 0 0 0 0 0 1 1 1]
 [1 1 0 1 0 1 0 0 0 1]
 [0 0 1 1 0 1 0 0 1 1]
 [1 0 1 0 1 0 0 0 1 1]
 [1 0 1 0 0 0 0 0 0 1]
 [0 1 1 1 0 0 1 0 0 0]
 [1 0 0 1 1 1 0 1 1 1]
 [0 1 0 0 0 1 1 1 0 0]
 [1 0 1 1 0 1 0 1 0 1]
 [1 0 1 0 1 0 1 0 1 0]
 [0 0 0 1 0 1 1 0 1 0]
 [1 1 1 1 0 1 0 1 0 0]
 [0 0 0 1 0 1 1 0 0 0]
 [1 1 0 0 0 0 1 1 0 0]
 [1 1 0 1 0 0 0 0 1 1]
 [0 0 1 0 1 0 0 1 1 0]
 [0 0 0 0 0 0 0 0 1 0]
 [1 0 1 0 0 0 0 0 0 0]
 [0 1 1 1 1 0 1 0 0 0]
 [1 0 0 1 1 0 0 1 1 0]
 [0 1 1 0 1 0 1 0 0 1]
 [1 1 0 0 1 1 0 0 0 0]
 [1 1 0 1 1 0 1 1 1 1]
 [1 1 0 0 0 1 1 1 0 1]
 [0 1 0 0 1 0 1 0 0 0]
 [0 0 1 1 1 0 1 1 0 1]
 [1 0 1 1 1 1 1 1 0 1]
 [1 1 0 0 0 1 0 1 1 0]
 [0 1 0 1 0 1 1 0 1 0]
 [1 1 0 1 1 0 1 1 0 1]
 [1 1 1 1 1 1 1 0 0 1]
 [0 0 0 1 1 0 1 0 0 1]
 [1 0 0 0 1 1 0 1 1 1]
 [1 1 1 0 1 0 1 1 1 0]
 [0 0 1 0 1 0 1 0 1 1]
 [0 0 1 0 1 1 0 0 0 0]
 [0 1 0 1 1 0 1 1 0 1]
 [1 1 0 0 1 0 1 0 1 0]
 [1 0 0 1 0 0 0 0 0 0]
 [0 0 0 1 1 1 0 0 1 1]
 [1 1 1 1 0 0 1 0 1 0]
 [1 1 0 1 1 1 1 1 1 1]
 [0 1 1 1 0 1 1 1 0 1]
 [0 1 0 1 0 1 1 0 1 1]
 [1 1 0 0 0 0 0 1 0 0]
 [0 1 1 1 1 0 0 1 1 1]
 [1 0 1 0 1 0 0 1 0 0]
 [1 0 1 0 0 0 0 0 0 1]
 [0 1 0 0 1 1 1 1 1 0]
 [0 1 1 1 0 1 1 0 1 1]
 [1 1 1 1 1 1 1 1 0 1]
 [1 0 1 1 1 0 0 0 1 1]
 [0 0 1 1 1 1 1 0 1 0]
 [1 1 0 1 0 0 1 1 1 0]
 [0 0 1 0 0 0 1 0 0 0]
 [0 1 0 0 1 1 0 0 1 1]
 [0 1 0 0 1 1 1 1 0 0]
 [1 0 1 0 0 1 1 0 1 0]
 [0 0 0 1 1 1 1 0 0 1]
 [0 1 0 0 1 0 1 0 1 0]
 [0 1 0 0 1 1 1 0 1 1]
 [0 0 1 0 1 0 0 0 1 0]
 [1 1 0 0 1 1 0 0 0 0]
 [1 1 0 1 1 1 0 0 1 1]
 [0 0 1 0 0 1 0 0 1 0]
 [1 1 0 1 0 1 0 1 0 1]
 [0 1 0 0 0 1 1 0 0 1]
 [1 1 1 1 1 0 1 1 0 1]
 [1 1 0 0 1 0 0 0 1 1]
 [0 1 1 0 0 1 1 0 1 1]
 [1 0 1 1 1 0 1 1 0 1]
 [0 1 0 1 1 1 1 0 1 0]
 [1 1 0 1 1 1 1 0 0 0]
 [1 0 1 0 1 0 1 1 0 1]
 [1 1 0 0 1 1 0 1 1 0]
 [1 0 0 0 1 1 1 1 1 0]
 [1 1 1 0 1 1 1 0 0 0]
 [1 1 1 1 1 0 0 0 1 0]
 [1 0 0 1 0 0 1 0 1 1]
 [0 0 0 1 1 0 0 0 1 1]
 [0 1 1 0 1 0 0 0 1 1]
 [0 0 0 1 0 1 0 0 1 1]
 [1 1 0 1 0 1 1 0 1 1]
 [0 1 0 0 0 0 0 1 0 0]
 [0 1 0 0 1 1 0 1 1 1]
 [0 1 1 0 0 0 1 0 0 0]
 [1 1 0 1 1 1 0 0 0 0]
 [0 1 1 0 1 0 1 1 1 0]
 [0 1 1 1 1 1 0 0 0 1]
 [0 0 0 0 1 0 1 0 0 0]
 [0 1 1 1 0 0 0 0 1 0]]
{'restarts': 1, 'conflicts': 384, 'decisions': 1042, 'propagations': 453767}
Q is identifiable
branch at 6
runtime for solving id of Q is 0.6161006079055369
Simulation results:
{'J': 100, 'K': 10, 'N': 10, 'p': 0.5, 'seed': 44, 'sim': 4, 'runtime': 0.6161006079055369, 'identifiable': 1, 'branch': 6}
5
Q: [[1 0 1 0 0 0 1 0 0 0]
 [0 1 1 0 1 0 0 1 0 0]
 [1 1 0 0 1 1 0 0 0 0]
 [1 1 0 0 0 1 1 1 0 1]
 [0 0 1 1 1 0 0 1 0 1]
 [0 1 0 0 0 1 0 1 1 0]
 [1 0 0 1 1 1 0 1 0 0]
 [0 1 0 0 0 0 1 1 0 1]
 [0 1 0 0 1 0 0 1 0 1]
 [0 0 1 1 0 0 0 1 1 1]
 [0 0 0 0 0 1 1 0 0 0]
 [1 1 0 1 1 0 1 0 0 1]
 [1 0 1 0 1 1 1 0 1 0]
 [1 0 1 1 1 1 1 1 0 0]
 [0 1 0 0 0 0 1 1 1 0]
 [1 0 1 0 1 1 1 0 1 0]
 [0 1 1 1 1 0 1 0 0 1]
 [1 1 0 0 0 0 1 1 1 0]
 [1 1 0 1 0 0 0 0 0 0]
 [0 1 0 0 0 1 0 1 1 0]
 [1 1 0 1 0 1 1 1 1 0]
 [0 0 0 1 1 1 1 1 1 1]
 [0 0 0 1 0 0 0 0 0 1]
 [1 1 0 0 0 1 0 1 0 1]
 [1 0 0 0 0 1 0 1 1 0]
 [0 1 1 1 0 0 0 0 1 1]
 [1 0 1 0 0 0 1 1 0 0]
 [0 0 1 1 1 1 0 0 1 1]
 [1 1 1 1 1 1 0 0 0 0]
 [0 1 1 0 1 0 1 1 1 1]
 [1 0 1 1 1 0 1 0 0 1]
 [0 1 0 1 1 0 1 0 0 1]
 [1 0 0 0 0 1 1 0 0 0]
 [1 1 0 0 0 0 1 1 0 1]
 [0 0 1 1 1 0 1 0 0 0]
 [0 0 1 1 0 1 0 0 0 0]
 [0 1 1 1 0 1 0 1 0 1]
 [0 0 0 0 0 0 0 1 1 1]
 [0 0 0 1 1 1 1 0 1 0]
 [0 0 1 1 1 1 0 0 1 0]
 [0 1 1 1 1 0 0 0 0 1]
 [1 0 0 0 0 1 1 1 0 0]
 [1 1 1 0 0 0 0 0 0 0]
 [1 0 1 0 1 0 0 1 0 1]
 [0 1 0 0 0 0 1 0 0 1]
 [1 1 0 0 1 0 0 1 1 0]
 [1 1 0 1 0 1 0 0 1 0]
 [0 0 0 0 0 1 1 1 0 1]
 [0 1 0 1 0 0 1 1 0 1]
 [1 1 0 1 1 0 1 0 1 0]
 [1 0 0 1 0 1 1 0 0 0]
 [1 0 1 0 0 1 1 0 0 0]
 [1 1 0 1 1 1 0 1 0 1]
 [1 0 1 0 1 0 0 1 1 1]
 [1 0 0 1 0 0 1 0 1 0]
 [0 1 0 0 0 0 0 0 1 0]
 [0 0 0 1 0 0 1 0 0 0]
 [0 1 1 1 0 0 1 0 0 0]
 [1 1 1 0 0 0 0 0 1 0]
 [1 1 0 0 1 1 1 0 1 1]
 [1 1 0 0 1 0 1 0 1 0]
 [0 0 1 1 0 1 1 1 1 0]
 [1 0 0 0 1 1 0 1 1 0]
 [0 1 1 1 1 1 1 0 1 1]
 [0 1 1 1 0 1 1 1 1 1]
 [1 0 1 1 0 0 0 1 0 0]
 [1 1 0 1 0 1 0 1 0 1]
 [1 0 1 0 0 1 1 0 0 1]
 [1 1 1 0 1 0 1 1 0 0]
 [0 1 1 1 0 1 0 1 1 0]
 [1 1 0 0 0 0 1 1 1 0]
 [1 1 1 0 0 0 1 1 0 0]
 [1 1 0 0 1 1 0 0 1 0]
 [0 1 0 0 0 0 1 0 0 1]
 [0 0 1 1 0 0 0 0 0 1]
 [1 1 1 0 0 0 1 1 0 1]
 [1 0 1 1 0 1 1 1 0 0]
 [1 1 0 0 0 0 1 0 0 0]
 [1 1 1 0 0 1 1 0 0 1]
 [1 1 0 0 0 1 0 1 1 0]
 [1 1 1 1 0 0 1 1 0 0]
 [0 1 1 1 1 0 0 0 1 0]
 [1 1 0 0 0 0 1 0 1 1]
 [1 1 1 1 0 1 1 1 1 0]
 [0 0 0 0 1 1 0 0 1 0]
 [0 1 1 0 1 1 1 0 1 0]
 [0 1 1 1 1 0 0 0 1 1]
 [0 0 1 0 0 1 1 0 0 1]
 [1 0 1 0 1 1 0 0 1 1]
 [1 0 1 1 1 1 1 0 0 1]
 [0 1 0 1 1 1 0 0 1 1]
 [1 0 1 1 1 0 0 0 1 0]
 [1 0 1 1 1 1 1 0 1 1]
 [1 1 1 1 0 0 0 1 0 0]
 [1 0 1 0 0 0 0 0 1 0]
 [1 1 1 1 0 1 0 1 1 1]
 [1 1 1 0 0 1 0 1 1 0]
 [1 1 1 0 0 1 0 1 0 0]
 [0 1 1 1 0 0 0 0 0 1]
 [1 1 1 1 1 1 1 1 1 1]]
{'restarts': 1, 'conflicts': 366, 'decisions': 1102, 'propagations': 580371}
Q is identifiable
branch at 6
runtime for solving id of Q is 0.6054346235468984
Simulation results:
{'J': 100, 'K': 10, 'N': 10, 'p': 0.5, 'seed': 44, 'sim': 5, 'runtime': 0.6054346235468984, 'identifiable': 1, 'branch': 6}
6
Q: [[1 0 0 1 1 1 1 0 0 0]
 [1 1 0 0 0 1 1 0 0 1]
 [1 1 0 1 1 0 0 1 0 1]
 [0 1 0 1 0 1 0 1 0 0]
 [0 0 1 1 1 0 1 0 1 0]
 [1 0 1 0 0 1 1 0 1 0]
 [1 1 0 0 0 0 0 0 0 1]
 [1 1 1 0 0 1 0 0 1 0]
 [1 1 1 0 0 1 0 0 1 0]
 [0 0 1 0 1 1 1 0 1 1]
 [1 1 1 0 1 0 0 1 1 1]
 [1 0 0 1 0 0 0 0 1 0]
 [0 1 1 1 1 0 0 1 0 1]
 [1 1 1 0 1 1 1 0 0 1]
 [1 0 1 0 1 1 1 0 1 1]
 [0 0 0 1 0 0 1 1 0 0]
 [0 1 0 1 1 0 1 0 0 0]
 [1 0 0 0 1 0 0 1 1 1]
 [0 0 1 0 1 1 0 0 1 0]
 [0 0 0 0 0 0 0 1 1 1]
 [0 1 0 1 0 1 0 0 0 0]
 [0 0 1 1 0 1 0 1 1 1]
 [1 1 1 1 1 1 1 1 0 1]
 [0 1 0 1 0 0 0 0 0 1]
 [0 0 1 0 0 0 1 1 1 1]
 [0 1 0 1 0 1 1 1 1 1]
 [0 1 1 1 0 0 0 1 1 1]
 [0 1 1 1 1 0 1 1 1 1]
 [1 1 1 1 1 1 1 0 1 0]
 [0 1 0 0 1 1 1 1 0 1]
 [1 1 0 1 0 1 1 0 1 1]
 [0 1 1 1 0 1 1 1 1 0]
 [0 1 1 1 1 0 1 1 0 0]
 [1 0 0 1 0 1 1 0 1 1]
 [0 0 1 0 0 1 0 0 0 0]
 [1 1 1 1 0 1 1 1 1 0]
 [1 1 0 0 1 1 0 0 1 0]
 [0 0 0 1 0 0 0 1 0 0]
 [1 1 0 1 1 1 0 1 0 1]
 [1 1 0 0 1 0 1 0 0 1]
 [0 0 0 1 0 1 1 0 0 1]
 [0 0 1 0 1 0 0 1 0 0]
 [0 0 1 1 0 0 0 0 0 0]
 [0 0 1 1 1 0 0 1 0 0]
 [1 0 0 1 0 0 1 0 1 1]
 [1 1 1 1 0 0 0 0 1 0]
 [1 0 0 1 0 0 0 0 0 1]
 [0 0 0 0 1 1 1 0 1 1]
 [1 1 1 0 0 0 0 0 0 1]
 [0 0 1 1 0 1 1 1 0 0]
 [0 1 1 0 1 0 0 0 1 1]
 [0 0 0 1 1 1 0 0 0 0]
 [0 1 1 0 0 1 0 1 0 1]
 [1 1 1 0 1 0 1 1 1 1]
 [0 0 0 1 0 1 0 1 0 0]
 [0 0 0 0 0 1 0 1 1 1]
 [0 0 0 0 0 0 0 0 1 1]
 [1 1 1 1 1 1 1 0 1 1]
 [0 0 1 0 1 1 1 1 0 0]
 [1 1 0 0 1 0 0 1 0 1]
 [0 1 1 0 0 0 0 0 0 0]
 [0 1 0 1 1 1 1 1 0 0]
 [0 1 1 1 1 1 0 0 0 1]
 [1 1 0 1 1 1 1 0 1 1]
 [0 1 0 0 1 0 0 0 1 1]
 [1 1 0 1 1 0 0 1 1 0]
 [1 1 0 0 1 1 0 0 1 0]
 [1 0 1 0 0 1 0 0 1 0]
 [0 1 1 1 0 1 1 1 0 1]
 [1 1 0 1 0 1 0 1 0 0]
 [1 0 0 0 1 1 0 0 1 0]
 [1 0 1 1 1 0 1 0 1 0]
 [1 0 1 1 0 0 1 1 0 1]
 [1 1 0 0 1 1 0 1 1 0]
 [1 0 1 1 1 0 0 0 1 1]
 [0 1 0 0 1 1 0 0 1 0]
 [1 1 1 0 0 1 1 1 0 1]
 [1 0 0 1 0 1 0 1 0 1]
 [1 1 1 1 0 0 1 0 0 1]
 [0 1 1 0 0 0 1 0 0 0]
 [1 1 0 1 1 0 0 1 0 1]
 [1 0 0 1 1 0 0 1 0 1]
 [1 1 1 1 1 0 0 1 1 1]
 [0 0 0 1 0 0 1 1 1 1]
 [1 0 1 1 1 0 1 0 1 1]
 [0 0 0 0 0 1 1 1 0 1]
 [1 0 1 1 0 0 1 0 1 1]
 [0 1 1 0 0 0 0 1 0 0]
 [1 0 1 0 1 1 1 1 0 0]
 [0 1 1 1 0 1 0 1 1 0]
 [1 1 0 0 0 1 0 0 0 0]
 [1 0 0 0 1 1 0 0 1 1]
 [1 0 0 0 1 1 0 1 1 0]
 [1 0 1 1 1 1 0 1 0 1]
 [0 1 1 1 0 0 0 1 0 0]
 [0 0 1 0 1 1 1 1 0 1]
 [0 0 0 0 1 1 0 0 0 0]
 [1 1 1 0 0 0 0 1 0 1]
 [0 0 0 0 0 0 1 1 1 0]
 [1 1 1 0 0 0 1 0 1 1]]
{'restarts': 1, 'conflicts': 414, 'decisions': 1195, 'propagations': 633771}
Q is identifiable
branch at 6
runtime for solving id of Q is 0.6688998960889876
Simulation results:
{'J': 100, 'K': 10, 'N': 10, 'p': 0.5, 'seed': 44, 'sim': 6, 'runtime': 0.6688998960889876, 'identifiable': 1, 'branch': 6}
7
Q: [[1 0 1 1 0 1 0 0 1 1]
 [0 1 0 0 1 0 1 0 0 1]
 [1 0 0 0 1 1 0 0 1 0]
 [1 0 0 1 0 1 0 0 1 1]
 [1 0 0 0 1 0 1 0 1 1]
 [1 0 1 1 1 0 0 0 1 1]
 [1 0 0 0 0 1 1 1 0 0]
 [0 1 1 1 1 1 1 1 1 1]
 [0 1 1 1 1 0 0 0 0 0]
 [1 1 0 0 0 1 0 0 1 0]
 [0 1 0 0 0 1 1 0 1 0]
 [0 1 0 0 0 0 0 1 0 0]
 [0 1 1 1 0 1 0 1 0 0]
 [0 1 0 0 0 0 1 0 0 0]
 [1 0 1 1 0 1 1 0 1 0]
 [1 0 1 0 1 1 1 0 1 1]
 [1 0 1 0 0 0 1 1 0 0]
 [1 1 1 0 0 1 0 0 1 1]
 [1 1 0 0 1 1 1 1 0 1]
 [0 0 1 1 1 0 0 1 1 1]
 [1 1 1 1 0 0 0 0 0 0]
 [1 0 0 1 1 0 0 1 1 0]
 [1 0 0 1 1 0 1 1 1 1]
 [0 0 1 0 0 0 0 0 1 0]
 [1 1 1 1 1 1 0 1 0 1]
 [0 1 1 1 0 0 0 1 0 1]
 [0 0 1 1 0 0 0 1 1 0]
 [0 0 1 0 0 0 0 0 1 1]
 [0 1 0 1 1 1 0 0 1 1]
 [1 1 1 1 0 1 1 1 1 0]
 [1 1 0 0 0 1 1 0 0 1]
 [1 1 0 1 0 0 0 0 0 0]
 [0 0 1 1 0 0 0 1 0 0]
 [1 0 1 1 1 1 1 1 0 0]
 [1 1 0 0 0 0 0 0 1 0]
 [0 1 1 1 0 0 1 0 0 0]
 [0 1 0 1 0 0 1 1 1 1]
 [1 0 0 0 0 1 0 1 0 1]
 [1 0 1 0 0 1 0 0 0 0]
 [0 0 0 0 1 0 0 0 0 0]
 [1 1 1 0 1 0 1 1 1 1]
 [1 0 0 0 1 1 1 0 1 1]
 [1 1 1 1 1 1 0 1 0 0]
 [1 0 0 0 0 0 1 1 0 1]
 [1 1 0 1 0 1 0 1 0 1]
 [1 0 1 1 0 0 0 0 0 1]
 [1 1 1 1 0 0 0 0 0 1]
 [0 1 0 1 1 1 0 1 0 1]
 [1 0 1 1 0 0 0 1 1 1]
 [1 0 1 0 0 1 0 1 1 0]
 [0 0 1 1 0 1 0 0 0 1]
 [0 1 1 0 1 1 0 1 0 1]
 [1 0 0 0 0 0 1 1 1 1]
 [0 1 0 1 0 0 0 0 1 0]
 [0 1 0 1 0 1 0 1 1 1]
 [1 0 0 0 1 1 0 0 1 0]
 [1 0 1 1 1 1 0 1 0 0]
 [0 1 1 0 0 1 1 1 1 1]
 [0 0 1 1 0 0 0 0 0 0]
 [1 1 1 1 1 0 1 1 0 1]
 [0 0 0 1 1 1 1 0 1 0]
 [0 1 0 0 1 1 1 0 0 0]
 [0 1 0 1 0 0 1 1 0 0]
 [0 0 0 1 1 1 0 0 1 0]
 [0 1 1 0 1 0 1 1 0 0]
 [0 1 1 1 1 1 0 0 0 1]
 [0 0 0 1 1 1 1 1 0 1]
 [0 0 1 1 1 0 0 0 0 1]
 [1 0 1 1 0 1 1 1 1 0]
 [1 0 1 0 0 1 0 0 0 0]
 [0 1 1 1 1 1 1 0 1 0]
 [1 0 0 1 1 0 0 0 1 1]
 [0 1 1 1 0 1 0 0 1 0]
 [0 1 1 1 1 1 1 0 1 1]
 [0 0 0 0 1 0 0 1 0 1]
 [0 1 0 1 0 0 1 1 0 0]
 [1 0 1 1 0 0 1 0 1 1]
 [0 0 0 1 1 1 0 0 0 0]
 [1 0 1 1 0 0 1 1 0 0]
 [1 1 1 1 0 0 1 0 0 1]
 [1 1 0 0 1 0 1 0 1 1]
 [0 0 0 1 1 1 0 0 0 1]
 [0 1 0 1 0 1 1 0 0 1]
 [0 1 1 0 0 0 1 1 0 1]
 [1 0 1 0 0 0 1 0 0 1]
 [0 1 1 1 0 0 1 0 0 0]
 [1 0 0 0 1 1 0 1 0 0]
 [1 0 0 1 1 1 1 1 0 0]
 [0 0 0 1 1 0 0 1 0 1]
 [1 1 1 0 1 0 1 0 1 1]
 [1 0 0 0 1 1 1 1 1 0]
 [0 1 0 1 0 1 0 1 0 1]
 [0 1 1 0 1 1 0 0 1 1]
 [1 0 0 1 1 0 1 0 0 1]
 [0 1 0 1 1 0 1 1 0 1]
 [1 0 0 0 0 1 1 1 0 1]
 [0 1 1 0 1 1 0 0 1 1]
 [1 0 1 1 0 1 0 1 1 0]
 [0 1 0 1 1 0 1 0 1 0]
 [1 0 1 1 1 1 0 0 0 0]]
{'restarts': 1, 'conflicts': 244, 'decisions': 760, 'propagations': 349134}
Q is identifiable
branch at 6
runtime for solving id of Q is 0.7919615292921662
Simulation results:
{'J': 100, 'K': 10, 'N': 10, 'p': 0.5, 'seed': 44, 'sim': 7, 'runtime': 0.7919615292921662, 'identifiable': 1, 'branch': 6}
8
Q: [[1 1 0 0 0 1 1 0 0 0]
 [1 1 1 1 0 1 1 0 0 0]
 [1 0 0 0 1 1 1 0 1 1]
 [0 0 0 1 1 1 1 0 0 1]
 [0 0 1 1 0 0 0 0 1 0]
 [0 0 1 1 1 0 1 0 1 1]
 [1 0 1 0 0 1 0 0 0 0]
 [0 0 0 0 0 1 1 0 0 1]
 [0 1 1 1 0 0 1 1 0 1]
 [1 0 0 0 0 0 0 1 0 0]
 [0 0 0 1 1 1 0 1 1 0]
 [1 1 0 1 1 0 0 1 1 0]
 [0 0 0 0 0 0 0 1 1 0]
 [0 0 1 0 1 1 1 1 0 1]
 [1 0 0 0 0 0 1 1 1 0]
 [1 0 1 1 0 0 1 1 1 1]
 [0 0 1 0 1 0 1 0 0 1]
 [0 1 1 0 1 0 0 1 0 1]
 [1 1 1 0 1 0 0 0 0 1]
 [0 0 1 1 1 1 1 0 0 0]
 [1 0 0 1 0 0 1 1 0 0]
 [0 0 1 0 1 0 1 1 1 1]
 [1 1 1 1 0 1 1 0 0 0]
 [0 1 0 0 0 1 0 1 1 0]
 [0 1 0 1 1 1 0 0 0 1]
 [1 0 0 0 1 0 1 0 1 0]
 [0 1 1 0 0 0 1 1 1 0]
 [0 0 0 0 1 1 0 1 0 0]
 [1 1 0 0 1 1 1 0 1 1]
 [1 0 1 1 0 0 0 0 1 1]
 [0 0 0 1 1 0 0 1 0 1]
 [1 0 1 1 1 0 0 1 0 0]
 [1 0 1 1 0 0 1 0 0 1]
 [1 0 0 0 1 0 0 1 0 1]
 [1 0 0 0 1 1 0 0 0 1]
 [1 0 1 0 1 1 0 1 0 1]
 [0 1 0 0 0 1 1 0 1 1]
 [0 0 0 0 1 0 0 1 1 0]
 [1 1 0 1 0 1 1 0 0 0]
 [0 0 0 0 1 1 0 1 0 0]
 [0 0 0 0 0 0 1 1 1 1]
 [1 0 0 0 0 1 1 1 1 0]
 [1 1 0 0 0 1 1 1 0 1]
 [0 0 1 0 0 1 0 0 1 0]
 [1 0 0 0 1 1 0 1 1 0]
 [1 1 0 1 1 1 1 1 1 1]
 [1 1 1 1 0 0 0 0 1 1]
 [0 1 0 0 0 0 1 1 1 0]
 [1 0 0 1 0 1 0 0 0 0]
 [1 0 0 0 0 1 0 0 0 1]
 [1 1 0 1 1 1 1 1 0 1]
 [0 1 0 1 0 0 0 0 1 1]
 [0 0 1 0 1 0 1 1 0 1]
 [1 0 0 0 0 0 0 0 0 1]
 [0 1 0 1 1 1 0 0 1 0]
 [0 1 0 0 0 0 0 1 1 0]
 [1 0 0 0 1 0 0 0 1 1]
 [0 1 0 1 0 0 0 1 1 1]
 [0 0 1 0 1 0 0 0 1 0]
 [1 1 0 0 1 0 0 1 1 1]
 [1 1 0 0 0 1 1 1 1 1]
 [1 1 0 0 1 0 1 0 0 1]
 [0 1 1 1 1 0 1 1 0 1]
 [0 0 0 0 1 1 0 1 1 0]
 [0 1 1 0 1 0 0 1 1 0]
 [1 0 1 1 1 1 1 1 0 1]
 [1 0 1 1 0 0 0 0 1 0]
 [0 0 1 0 0 0 1 0 0 0]
 [0 0 0 0 1 0 0 1 0 0]
 [1 1 0 0 1 1 0 1 0 0]
 [1 0 0 1 0 1 1 1 0 1]
 [0 1 1 1 0 0 1 0 0 1]
 [1 1 1 1 1 1 1 0 0 1]
 [0 0 0 1 1 1 1 1 0 0]
 [1 0 0 1 0 1 0 1 1 0]
 [0 1 1 0 1 0 0 0 1 1]
 [1 1 1 1 1 0 1 1 1 0]
 [0 1 1 1 1 1 0 1 0 1]
 [0 0 0 0 0 1 1 0 0 1]
 [0 1 1 0 1 1 0 0 0 1]
 [0 0 0 0 0 0 0 1 0 0]
 [1 0 0 0 1 1 0 1 1 0]
 [0 1 0 1 1 1 0 1 0 0]
 [1 1 1 0 1 0 0 0 1 0]
 [0 0 1 1 0 1 0 1 1 0]
 [1 1 0 0 1 1 1 0 1 0]
 [1 0 0 1 1 0 1 1 0 1]
 [0 1 0 0 1 0 1 0 0 1]
 [1 0 0 0 0 1 0 0 0 0]
 [0 1 0 1 1 1 1 0 0 0]
 [0 1 1 0 1 1 0 0 1 0]
 [1 0 0 0 1 1 1 1 1 1]
 [0 0 0 0 0 1 0 0 1 1]
 [1 1 0 1 1 0 1 1 1 0]
 [1 1 1 1 0 1 1 0 1 0]
 [0 1 0 1 1 0 0 0 0 0]
 [0 1 1 1 1 1 0 0 1 1]
 [1 1 1 0 1 0 0 1 0 1]
 [0 1 1 1 0 0 1 1 0 1]
 [1 1 1 0 1 1 0 1 0 1]]
{'restarts': 2, 'conflicts': 282, 'decisions': 728, 'propagations': 433671}
Q is identifiable
branch at 6
runtime for solving id of Q is 0.6974206790328026
Simulation results:
{'J': 100, 'K': 10, 'N': 10, 'p': 0.5, 'seed': 44, 'sim': 8, 'runtime': 0.6974206790328026, 'identifiable': 1, 'branch': 6}
9
Q: [[1 0 0 1 0 1 0 0 1 0]
 [0 0 0 1 1 1 0 1 0 1]
 [0 0 1 1 1 1 0 1 1 0]
 [1 0 1 1 1 0 1 1 1 0]
 [1 1 0 0 1 0 0 0 0 1]
 [0 1 0 1 0 0 1 0 1 0]
 [1 1 0 1 1 1 1 0 1 0]
 [0 1 1 0 1 1 0 0 1 1]
 [1 0 1 1 0 0 0 1 0 0]
 [1 0 1 0 1 1 0 0 1 0]
 [1 1 0 0 0 0 0 1 1 0]
 [1 0 0 1 1 0 1 0 0 0]
 [1 1 1 1 1 1 0 0 1 1]
 [0 0 0 0 1 0 0 1 1 0]
 [0 1 0 0 1 1 1 1 1 0]
 [0 0 0 0 0 0 1 1 0 1]
 [1 0 0 1 1 1 1 1 0 1]
 [1 1 0 1 1 0 0 0 0 1]
 [0 1 0 1 0 0 1 1 0 1]
 [1 1 1 0 1 1 1 1 1 1]
 [0 0 1 0 0 0 1 0 1 1]
 [1 0 0 0 0 1 0 1 1 0]
 [1 1 0 0 1 1 0 0 1 0]
 [1 1 0 0 0 0 1 0 0 1]
 [0 0 0 0 1 1 1 0 0 1]
 [0 0 0 0 0 1 0 0 1 0]
 [0 0 1 1 0 1 1 1 1 0]
 [0 0 1 1 1 0 0 1 1 0]
 [1 1 1 0 0 1 1 1 1 0]
 [0 0 0 1 0 1 1 1 1 1]
 [1 1 0 1 1 1 1 0 1 1]
 [1 0 0 1 1 0 0 1 1 0]
 [1 1 1 1 1 1 0 0 0 1]
 [1 1 1 0 1 1 0 1 1 0]
 [0 0 1 0 0 1 1 1 0 0]
 [0 0 0 0 0 1 1 1 0 0]
 [0 0 1 1 0 1 0 1 1 0]
 [0 1 0 1 1 0 0 0 1 1]
 [0 1 1 0 0 1 0 0 0 1]
 [1 1 1 0 0 1 1 1 1 1]
 [0 0 1 0 1 0 0 1 0 0]
 [1 0 1 1 1 1 0 1 1 1]
 [0 0 1 1 0 0 1 1 0 0]
 [1 0 0 0 1 0 0 1 1 1]
 [0 0 0 0 1 0 0 0 1 0]
 [1 0 0 0 1 1 0 1 0 0]
 [0 0 0 1 1 1 0 0 0 0]
 [1 1 1 1 1 0 0 1 0 1]
 [1 1 0 0 1 1 1 0 0 1]
 [1 1 0 0 0 0 0 0 0 0]
 [0 1 0 0 0 1 1 0 0 1]
 [1 0 1 1 1 1 1 0 0 0]
 [1 1 0 1 1 0 1 1 0 0]
 [1 0 1 0 1 1 1 0 0 0]
 [1 1 0 1 1 1 0 1 0 0]
 [0 0 0 1 0 0 0 0 0 1]
 [0 0 1 0 0 0 1 1 1 0]
 [0 1 0 1 0 0 1 0 1 0]
 [1 0 0 0 1 0 1 0 1 0]
 [0 0 1 1 1 0 1 0 1 1]
 [1 0 0 0 0 1 1 0 1 1]
 [1 0 0 0 0 1 1 1 1 1]
 [1 1 1 0 0 0 0 1 1 1]
 [0 0 0 1 0 1 0 0 0 1]
 [1 0 1 1 0 1 1 1 0 1]
 [1 0 0 0 1 0 0 0 1 1]
 [0 1 0 1 0 1 0 0 1 0]
 [0 0 1 1 1 1 1 1 0 1]
 [0 0 1 0 0 1 1 1 0 1]
 [1 0 0 0 0 1 0 1 1 0]
 [0 0 1 0 1 1 1 1 1 0]
 [0 1 0 1 0 0 0 1 1 1]
 [1 0 1 1 1 1 0 1 1 1]
 [1 1 0 0 0 1 1 0 0 1]
 [0 0 1 1 1 1 1 1 0 1]
 [0 1 0 1 0 1 1 1 0 1]
 [1 0 0 0 1 0 1 1 0 1]
 [1 0 0 1 0 1 1 0 1 0]
 [1 1 0 0 0 0 1 0 1 0]
 [0 0 0 0 0 1 0 0 1 0]
 [1 1 0 1 1 1 1 1 1 0]
 [1 0 1 1 0 0 0 1 0 0]
 [1 0 1 0 0 1 0 0 1 0]
 [0 0 1 0 1 0 0 0 0 0]
 [1 0 1 1 0 1 1 0 0 0]
 [1 0 0 0 1 0 0 1 0 0]
 [1 1 0 0 0 1 1 1 0 1]
 [1 0 1 1 1 0 0 0 0 0]
 [0 0 1 0 0 0 0 1 0 1]
 [0 0 0 1 0 0 1 0 0 0]
 [1 0 0 1 1 1 1 1 1 0]
 [0 0 0 1 1 0 1 0 0 0]
 [1 0 1 0 0 0 0 1 1 0]
 [1 1 1 1 0 1 1 0 1 0]
 [0 1 0 0 1 1 1 0 1 0]
 [0 1 1 0 0 1 1 0 0 1]
 [1 0 0 0 0 1 0 0 0 0]
 [1 1 0 0 1 1 0 0 0 0]
 [0 0 0 0 1 0 1 1 1 1]
 [1 0 1 1 0 0 0 1 0 0]]
{'restarts': 3, 'conflicts': 513, 'decisions': 1458, 'propagations': 959304}
Q is identifiable
branch at 6
runtime for solving id of Q is 0.8123719189316034
Simulation results:
{'J': 100, 'K': 10, 'N': 10, 'p': 0.5, 'seed': 44, 'sim': 9, 'runtime': 0.8123719189316034, 'identifiable': 1, 'branch': 6}
Simulation results:
[{'J': 100, 'K': 10, 'N': 10, 'p': 0.5, 'seed': 44, 'sim': 0, 'runtime': 0.5839311061426997, 'identifiable': 1, 'branch': 6}, {'J': 100, 'K': 10, 'N': 10, 'p': 0.5, 'seed': 44, 'sim': 1, 'runtime': 0.6538679897785187, 'identifiable': 1, 'branch': 6}, {'J': 100, 'K': 10, 'N': 10, 'p': 0.5, 'seed': 44, 'sim': 2, 'runtime': 0.6745336740277708, 'identifiable': 1, 'branch': 6}, {'J': 100, 'K': 10, 'N': 10, 'p': 0.5, 'seed': 44, 'sim': 3, 'runtime': 0.6284009511582553, 'identifiable': 1, 'branch': 6}, {'J': 100, 'K': 10, 'N': 10, 'p': 0.5, 'seed': 44, 'sim': 4, 'runtime': 0.6161006079055369, 'identifiable': 1, 'branch': 6}, {'J': 100, 'K': 10, 'N': 10, 'p': 0.5, 'seed': 44, 'sim': 5, 'runtime': 0.6054346235468984, 'identifiable': 1, 'branch': 6}, {'J': 100, 'K': 10, 'N': 10, 'p': 0.5, 'seed': 44, 'sim': 6, 'runtime': 0.6688998960889876, 'identifiable': 1, 'branch': 6}, {'J': 100, 'K': 10, 'N': 10, 'p': 0.5, 'seed': 44, 'sim': 7, 'runtime': 0.7919615292921662, 'identifiable': 1, 'branch': 6}, {'J': 100, 'K': 10, 'N': 10, 'p': 0.5, 'seed': 44, 'sim': 8, 'runtime': 0.6974206790328026, 'identifiable': 1, 'branch': 6}, {'J': 100, 'K': 10, 'N': 10, 'p': 0.5, 'seed': 44, 'sim': 9, 'runtime': 0.8123719189316034, 'identifiable': 1, 'branch': 6}]
