
The Gurobi software has a limited number of licenses. To request a license or
licenses, add this line

    #SBATCH --licenses=gurobi@slurmdb:1

to your SBATCH script, replacing N with the number of licenses you need. Gurobi
will need one license per process.


0
Q: [[1 1 1 1 0 1 1 0 1 1 0 1 1 1 1]
 [0 0 1 1 1 0 1 1 1 1 1 0 1 1 0]
 [0 0 1 1 1 1 1 1 1 0 1 1 0 1 1]
 [0 0 1 1 1 1 1 0 1 1 1 1 1 1 1]
 [0 1 1 1 1 1 0 1 0 1 0 0 0 0 1]
 [1 1 0 1 1 0 1 1 0 1 1 1 1 0 1]
 [0 1 1 1 1 0 0 1 1 0 1 1 1 1 0]
 [0 1 1 0 1 0 1 1 1 0 0 0 0 1 1]
 [1 0 0 1 0 0 0 1 1 1 0 1 1 0 1]
 [1 1 0 1 1 1 1 1 0 1 1 1 1 1 1]
 [0 1 0 1 0 1 0 0 1 1 1 1 0 0 1]
 [0 1 1 0 1 1 1 1 1 1 1 0 1 1 1]
 [0 1 1 1 1 1 1 1 1 1 1 0 1 1 1]
 [0 0 1 1 0 0 1 1 1 1 1 1 0 1 1]
 [0 1 0 1 1 1 1 1 1 1 0 1 1 0 1]
 [1 0 1 0 1 1 1 1 1 0 1 0 1 1 0]
 [1 1 1 0 1 1 1 0 0 1 1 0 0 1 1]
 [1 0 0 0 0 1 1 1 0 1 0 1 1 1 1]
 [1 0 1 0 0 1 1 0 0 1 0 1 1 1 1]
 [1 1 1 1 1 0 1 1 1 0 1 1 1 1 1]
 [1 1 1 0 1 1 1 1 1 1 0 0 0 0 0]
 [0 1 0 0 0 1 1 1 1 1 0 1 0 1 1]
 [1 0 0 1 1 1 1 1 1 1 1 1 1 1 0]
 [1 0 1 1 0 0 0 0 1 1 0 1 0 1 1]
 [1 1 1 1 1 1 0 0 1 1 1 1 1 0 0]]
{'restarts': 60, 'conflicts': 12930, 'decisions': 56522, 'propagations': 6254136}
Q is not identifiable, and Q_bar is [[1 0 0 0 1 0 0 1 0 1 0 0 1 0 0]
 [0 0 1 1 0 0 0 0 1 0 1 0 0 0 0]
 [0 0 0 1 0 0 0 1 1 1 0 0 0 1 0]
 [0 0 0 1 0 0 1 0 0 1 1 0 0 0 0]
 [0 0 0 0 0 0 1 0 0 0 0 1 0 0 1]
 [0 1 0 0 0 0 0 0 0 0 0 0 0 0 0]
 [0 0 1 1 0 0 0 0 0 0 0 1 0 1 0]
 [0 0 0 0 0 0 0 1 1 0 0 1 0 0 0]
 [0 0 1 0 1 0 0 0 0 0 0 0 1 0 0]
 [0 1 1 0 1 0 0 1 0 1 0 0 0 0 0]
 [0 0 0 0 0 0 0 0 0 0 0 0 0 1 1]
 [0 0 1 1 0 0 0 0 1 0 0 1 0 0 1]
 [0 0 1 1 0 0 0 0 1 0 1 1 0 0 1]
 [0 0 0 0 0 0 1 0 1 0 0 0 0 1 0]
 [0 0 1 0 0 0 0 0 0 1 1 0 0 0 1]
 [0 0 1 1 0 1 0 0 1 0 0 0 0 0 0]
 [0 0 0 1 0 1 0 0 0 0 0 0 0 0 1]
 [0 0 1 0 1 0 0 1 0 1 0 0 0 0 0]
 [0 0 0 0 1 1 0 1 0 1 0 0 0 0 0]
 [0 0 1 1 0 0 0 0 1 0 0 1 1 0 0]
 [1 0 0 0 0 1 0 0 0 0 0 1 0 0 0]
 [0 0 0 0 0 0 0 0 1 1 0 0 0 0 1]
 [0 0 1 0 1 0 0 0 1 1 1 0 0 1 0]
 [0 0 0 0 0 0 1 1 0 0 0 0 1 0 0]
 [1 0 0 0 0 0 0 0 0 0 1 0 0 1 0]]
branch at 5
runtime for solving id of Q is 0.9425250960048288
Simulation results:
{'J': 25, 'K': 15, 'N': 10, 'p': 0.7, 'seed': 33, 'sim': 0, 'runtime': 0.9425250960048288, 'identifiable': 0, 'branch': 5}
1
Q: [[0 0 0 1 1 0 1 1 0 0 1 0 0 0 1]
 [0 1 1 1 0 0 1 0 1 1 0 1 1 0 1]
 [0 1 0 0 1 0 1 1 1 1 0 1 1 0 1]
 [0 1 1 0 1 0 1 1 0 1 1 1 0 0 0]
 [1 1 0 0 1 1 1 1 0 1 1 0 1 1 1]
 [0 0 0 1 1 1 1 1 1 1 0 0 1 1 1]
 [0 1 1 1 1 1 0 1 0 0 1 0 1 1 0]
 [1 0 1 1 0 0 1 1 1 1 1 0 0 1 1]
 [0 1 0 1 0 1 1 0 1 1 0 1 1 1 1]
 [1 1 1 0 1 1 1 1 1 0 1 1 1 1 1]
 [1 0 0 1 0 0 1 1 0 1 1 1 1 0 1]
 [1 1 1 1 1 1 1 1 1 1 1 1 1 1 1]
 [1 1 1 1 1 0 1 1 1 1 1 0 1 0 1]
 [0 1 1 0 1 1 1 1 1 0 1 0 1 1 1]
 [1 1 0 0 0 0 0 0 0 1 1 1 1 1 0]
 [1 1 1 0 1 0 1 0 0 0 1 1 1 1 1]
 [0 1 1 1 1 1 1 1 1 0 1 1 1 1 0]
 [0 0 1 0 1 0 0 1 0 1 1 1 1 0 0]
 [1 1 0 0 1 0 0 1 1 1 0 1 1 1 1]
 [1 0 1 1 0 1 0 0 1 0 1 0 1 0 1]
 [1 1 0 1 1 1 1 0 1 1 1 1 1 0 0]
 [1 1 1 1 1 0 0 1 1 0 1 1 1 1 1]
 [1 1 0 1 1 1 0 0 1 1 1 1 1 0 0]
 [1 1 1 1 1 1 0 1 1 1 0 1 0 1 1]
 [1 1 1 0 1 1 1 0 0 1 1 1 0 1 1]]
Q is not identifiable (three-column submatrix not identifiable).
Q is not identifiable, and Q_bar is [[0 0 1 1 1 0 1 1 0 0 1 0 0 0 1]
 [0 1 1 1 0 0 1 0 1 1 0 1 1 0 1]
 [0 1 0 0 1 0 1 1 1 1 0 1 1 0 1]
 [0 1 1 0 1 0 1 1 0 1 1 1 0 0 0]
 [1 1 0 0 1 1 1 1 0 1 1 0 1 1 1]
 [0 0 0 1 1 1 1 1 1 1 0 0 1 1 1]
 [0 1 1 1 1 1 0 1 0 0 1 0 1 1 0]
 [1 0 1 1 0 0 1 1 1 1 1 0 0 1 1]
 [0 1 0 1 0 1 1 0 1 1 0 1 1 1 1]
 [1 1 1 0 1 1 1 1 1 0 1 1 1 1 1]
 [1 0 0 1 0 0 1 1 0 1 1 1 1 0 1]
 [1 1 1 1 1 1 1 1 1 1 1 1 1 1 1]
 [1 1 1 1 1 0 1 1 1 1 1 0 1 0 1]
 [0 1 1 0 1 1 1 1 1 0 1 0 1 1 1]
 [1 1 0 0 0 0 0 0 0 1 1 1 1 1 0]
 [1 1 1 0 1 0 1 0 0 0 1 1 1 1 1]
 [0 1 1 1 1 1 1 1 1 0 1 1 1 1 0]
 [0 0 1 0 1 0 0 1 0 1 1 1 1 0 0]
 [1 1 0 0 1 0 0 1 1 1 0 1 1 1 1]
 [1 0 1 1 0 1 0 0 1 0 1 0 1 0 1]
 [1 1 0 1 1 1 1 0 1 1 1 1 1 0 0]
 [1 1 1 1 1 0 0 1 1 0 1 1 1 1 1]
 [1 1 0 1 1 1 0 0 1 1 1 1 1 0 0]
 [1 1 1 1 1 1 0 1 1 1 0 1 0 1 1]
 [1 1 1 0 1 1 1 0 0 1 1 1 0 1 1]]
branch at 3
runtime for solving id of Q is 0.007057419046759605
Simulation results:
{'J': 25, 'K': 15, 'N': 10, 'p': 0.7, 'seed': 33, 'sim': 1, 'runtime': 0.007057419046759605, 'identifiable': 0, 'branch': 3}
2
Q: [[1 0 1 0 1 0 1 1 1 0 1 1 1 0 1]
 [0 1 0 1 0 1 1 1 0 1 1 1 1 0 1]
 [1 1 1 1 0 0 0 1 0 1 0 1 0 1 0]
 [0 1 0 0 1 1 1 1 1 1 1 1 1 1 1]
 [0 1 1 1 1 1 1 1 1 1 0 0 0 0 0]
 [0 1 1 1 1 1 0 1 1 1 1 1 0 1 1]
 [1 1 0 1 0 1 1 0 1 1 1 1 0 0 1]
 [1 1 1 1 1 1 1 1 0 1 1 1 0 1 1]
 [0 1 1 0 1 0 1 1 1 1 0 0 1 1 1]
 [1 0 1 0 1 1 1 1 0 1 0 1 0 1 0]
 [1 1 0 1 0 0 1 1 0 0 0 1 0 0 0]
 [1 0 0 0 0 0 0 1 1 1 1 1 0 1 0]
 [1 0 0 1 1 1 0 1 1 1 1 0 1 1 1]
 [0 1 0 1 1 1 1 1 0 1 0 0 1 1 0]
 [1 1 1 1 0 0 0 1 1 0 1 1 1 1 1]
 [1 1 1 1 1 1 1 1 0 1 1 1 1 0 1]
 [0 1 0 1 1 0 1 1 0 1 1 0 1 0 1]
 [1 1 1 1 1 1 1 0 1 1 1 0 1 0 0]
 [1 1 1 0 1 0 1 1 1 0 1 0 1 1 0]
 [1 1 0 0 1 1 1 1 1 1 1 1 0 0 1]
 [1 1 1 1 0 1 0 1 1 1 1 1 1 1 1]
 [1 0 1 0 0 1 1 1 0 1 0 1 1 0 1]
 [1 1 1 1 1 1 1 0 1 1 0 0 1 1 1]
 [0 1 1 1 1 0 0 0 1 1 1 1 0 1 0]
 [1 1 1 1 1 1 1 1 1 0 1 1 1 1 1]]
Q is not identifiable (three-column submatrix not identifiable).
Q is not identifiable, and Q_bar is [[1 0 1 0 1 0 1 1 1 0 1 1 1 0 1]
 [0 1 0 1 0 1 1 1 0 1 1 1 1 0 1]
 [1 1 1 1 0 0 0 1 0 1 0 1 0 1 0]
 [0 1 0 0 1 1 0 1 1 1 1 1 1 1 1]
 [0 1 1 1 1 1 1 1 1 1 0 0 0 0 0]
 [0 1 1 1 1 1 0 1 1 1 1 1 0 1 1]
 [1 1 0 1 0 1 1 0 1 1 1 1 0 0 1]
 [1 1 1 1 1 1 1 1 0 1 1 1 0 1 1]
 [0 1 1 0 1 0 1 1 1 1 0 0 1 1 1]
 [1 0 1 0 1 1 1 1 0 1 0 1 0 1 0]
 [1 1 0 1 0 0 1 1 0 0 0 1 0 0 0]
 [1 0 0 0 0 0 0 1 1 1 1 1 0 1 0]
 [1 0 0 1 1 1 0 1 1 1 1 0 1 1 1]
 [0 1 0 1 1 1 1 1 0 1 0 0 1 1 0]
 [1 1 1 1 0 0 0 1 1 0 1 1 1 1 1]
 [1 1 1 1 1 1 1 1 0 1 1 1 1 0 1]
 [0 1 0 1 1 0 1 1 0 1 1 0 1 0 1]
 [1 1 1 1 1 1 1 0 1 1 1 0 1 0 0]
 [1 1 1 0 1 0 1 1 1 0 1 0 1 1 0]
 [1 1 0 0 1 1 1 1 1 1 1 1 0 0 1]
 [1 1 1 1 0 1 0 1 1 1 1 1 1 1 1]
 [1 0 1 0 0 1 1 1 0 1 0 1 1 0 1]
 [1 1 1 1 1 1 1 0 1 1 0 0 1 1 1]
 [0 1 1 1 1 0 0 0 1 1 1 1 0 1 0]
 [1 1 1 1 1 1 1 1 1 0 1 1 1 1 1]]
branch at 3
runtime for solving id of Q is 0.005843253107741475
Simulation results:
{'J': 25, 'K': 15, 'N': 10, 'p': 0.7, 'seed': 33, 'sim': 2, 'runtime': 0.005843253107741475, 'identifiable': 0, 'branch': 3}
3
Q: [[0 0 0 0 1 1 1 0 1 1 1 0 0 1 1]
 [1 1 0 1 1 1 0 1 1 0 0 1 0 0 0]
 [0 1 1 1 1 1 1 0 0 1 1 0 1 1 1]
 [1 1 1 1 1 1 0 1 1 1 0 0 1 1 0]
 [1 1 1 1 0 1 1 1 1 0 0 1 1 0 1]
 [0 1 0 1 1 1 0 0 1 1 0 1 0 1 0]
 [0 1 1 1 0 1 1 1 0 1 1 0 1 1 1]
 [1 1 0 1 1 0 0 1 1 1 0 1 0 1 1]
 [0 0 1 1 1 0 0 1 0 0 1 1 0 1 1]
 [1 1 1 1 1 0 0 0 1 0 1 0 1 1 1]
 [0 0 1 0 0 0 0 1 1 1 1 0 1 1 1]
 [1 1 0 1 0 0 1 1 1 1 1 1 0 1 1]
 [1 0 0 1 0 0 1 1 0 1 1 1 1 1 0]
 [1 1 1 1 1 1 1 1 1 0 1 1 0 1 1]
 [1 1 1 1 1 1 1 1 1 1 1 0 1 1 0]
 [1 1 0 1 1 1 1 1 1 0 1 1 0 1 1]
 [1 1 0 0 0 0 1 0 1 1 1 1 0 1 1]
 [1 1 1 1 1 1 1 1 1 1 0 1 1 0 0]
 [0 1 1 1 1 1 1 1 1 1 1 0 0 1 1]
 [1 1 1 1 1 0 1 0 0 1 1 0 1 0 1]
 [1 1 1 0 1 1 0 1 0 0 1 0 1 0 0]
 [1 0 0 1 1 1 1 1 1 1 1 1 1 1 1]
 [1 1 0 1 1 0 1 1 0 1 1 1 1 0 0]
 [0 1 1 1 1 1 1 0 1 1 1 0 1 1 1]
 [1 0 1 0 1 1 1 1 1 1 1 0 1 1 0]]
{'restarts': 9, 'conflicts': 2838, 'decisions': 9795, 'propagations': 837582}
Q is not identifiable, and Q_bar is [[0 0 0 0 1 0 0 0 1 1 1 0 0 1 1]
 [1 0 1 0 0 0 0 0 1 0 0 0 1 0 0]
 [0 0 0 1 1 0 1 0 1 1 1 0 0 1 0]
 [1 0 0 0 0 0 0 0 0 1 0 1 1 0 1]
 [0 1 1 0 1 0 0 0 0 0 0 1 1 0 0]
 [0 0 0 0 0 0 0 1 1 0 0 0 1 0 1]
 [0 0 0 1 1 1 1 0 0 1 0 1 0 0 0]
 [1 0 1 0 0 0 0 1 1 0 0 0 0 1 1]
 [0 0 1 0 0 1 0 0 1 0 1 0 0 1 0]
 [1 0 0 1 0 0 1 0 1 0 0 0 0 1 1]
 [0 0 0 0 0 1 1 0 0 1 1 0 0 1 1]
 [0 1 1 0 0 0 0 1 0 1 1 0 0 1 1]
 [0 1 1 0 0 0 1 0 0 1 1 0 0 0 0]
 [1 0 1 0 1 1 0 0 1 0 1 0 1 1 0]
 [1 1 0 0 0 1 1 0 1 1 0 1 1 0 1]
 [1 0 1 0 1 0 0 0 1 0 1 0 1 0 0]
 [0 1 0 0 0 0 0 1 0 1 1 0 0 1 1]
 [1 1 1 1 0 0 0 0 0 1 0 1 1 0 0]
 [0 0 0 1 1 1 0 0 1 1 0 0 0 1 1]
 [0 1 0 1 0 0 1 0 1 1 0 0 0 1 0]
 [1 0 0 0 0 0 1 0 1 0 0 1 0 0 0]
 [0 1 1 0 1 0 1 0 1 1 1 0 0 1 1]
 [1 1 1 0 0 0 1 0 0 1 0 0 0 0 0]
 [0 0 0 1 1 0 1 0 1 1 1 0 0 1 1]
 [0 1 0 0 0 1 1 0 1 1 0 1 0 0 1]]
branch at 5
runtime for solving id of Q is 0.26364519889466465
Simulation results:
{'J': 25, 'K': 15, 'N': 10, 'p': 0.7, 'seed': 33, 'sim': 3, 'runtime': 0.26364519889466465, 'identifiable': 0, 'branch': 5}
4
Q: [[0 1 1 1 1 1 0 1 1 1 1 1 1 1 1]
 [1 1 1 0 1 0 1 1 1 1 1 0 1 1 1]
 [0 1 1 1 0 0 1 0 1 0 0 1 0 1 1]
 [0 1 1 1 1 1 1 0 0 1 1 0 0 1 0]
 [0 1 0 1 1 1 1 1 1 1 1 1 1 1 1]
 [1 1 0 1 1 1 1 1 1 1 1 1 0 0 1]
 [1 1 0 0 1 0 1 1 1 1 1 0 1 1 1]
 [0 1 0 0 0 0 1 1 1 0 1 0 0 0 1]
 [1 1 0 1 1 1 1 1 0 0 1 0 1 0 1]
 [0 0 0 0 0 0 1 1 1 0 1 1 1 1 1]
 [0 1 1 1 1 1 0 1 1 1 0 1 1 0 1]
 [0 1 1 1 1 1 1 1 1 1 0 0 0 1 1]
 [0 1 0 1 0 1 1 1 1 1 1 1 0 1 1]
 [0 1 1 0 1 1 1 1 0 1 0 1 1 0 1]
 [1 0 1 0 1 1 1 0 1 0 1 1 0 0 1]
 [1 1 1 1 1 1 1 1 0 1 1 0 1 1 1]
 [1 1 1 0 1 1 1 1 1 0 1 0 1 1 0]
 [0 1 1 0 1 1 0 1 1 1 1 1 1 1 0]
 [1 0 1 1 1 1 1 1 0 1 0 1 1 1 0]
 [1 1 1 1 1 1 1 1 1 1 1 1 0 1 0]
 [1 1 0 1 1 1 1 1 0 1 0 1 1 1 1]
 [1 1 1 1 1 1 1 0 0 1 1 1 1 0 1]
 [1 1 1 1 0 1 1 1 0 0 1 1 1 1 1]
 [1 0 1 1 1 1 1 1 1 1 0 1 1 1 1]
 [1 0 1 1 1 1 0 1 0 0 0 1 0 0 1]]
Q is not identifiable (three-column submatrix not identifiable).
Q is not identifiable, and Q_bar is [[0 1 1 1 1 1 0 1 1 1 1 1 1 1 1]
 [1 1 1 0 1 0 1 1 1 1 1 0 1 1 1]
 [0 1 1 1 0 0 1 0 1 0 0 1 0 1 1]
 [0 1 1 1 1 1 1 0 0 1 1 0 0 1 0]
 [0 1 0 1 1 1 1 1 1 1 1 1 1 1 1]
 [1 1 0 1 1 1 1 1 1 1 1 1 0 0 1]
 [1 1 0 0 1 0 1 1 1 1 1 0 1 1 1]
 [0 1 0 0 0 0 1 1 1 0 1 0 0 0 1]
 [1 1 0 1 1 1 1 1 0 0 1 0 1 0 1]
 [1 0 0 0 0 0 1 1 1 0 1 1 1 1 1]
 [0 1 1 1 1 1 0 1 1 1 0 1 1 0 1]
 [0 1 1 1 1 1 1 1 1 1 0 0 0 1 1]
 [0 1 0 1 0 1 1 1 1 1 1 1 0 1 1]
 [0 1 1 0 1 1 1 1 0 1 0 1 1 0 1]
 [1 0 1 0 1 1 1 0 1 0 1 1 0 0 1]
 [1 1 1 1 1 1 1 1 0 1 1 0 1 1 1]
 [1 1 1 0 1 1 1 1 1 0 1 0 1 1 0]
 [0 1 1 0 1 1 0 1 1 1 1 1 1 1 0]
 [1 0 1 1 1 1 1 1 0 1 0 1 1 1 0]
 [1 1 1 1 1 1 1 1 1 1 1 1 0 1 0]
 [1 1 0 1 1 1 1 1 0 1 0 1 1 1 1]
 [1 1 1 1 1 1 1 0 0 1 1 1 1 0 1]
 [1 1 1 1 0 1 1 1 0 0 1 1 1 1 1]
 [1 0 1 1 1 1 1 1 1 1 0 1 1 1 1]
 [1 0 1 1 1 1 0 1 0 0 0 1 0 0 1]]
branch at 3
runtime for solving id of Q is 0.004754711873829365
Simulation results:
{'J': 25, 'K': 15, 'N': 10, 'p': 0.7, 'seed': 33, 'sim': 4, 'runtime': 0.004754711873829365, 'identifiable': 0, 'branch': 3}
5
Q: [[1 1 1 0 1 1 1 1 1 1 1 0 1 0 1]
 [1 0 0 1 0 1 1 0 0 1 1 1 1 1 0]
 [1 1 1 1 0 1 1 1 1 1 1 1 1 1 1]
 [1 1 1 1 1 1 0 1 0 1 1 0 1 1 1]
 [1 1 1 0 1 1 1 1 1 1 1 1 1 1 0]
 [1 1 0 1 1 0 0 1 1 1 0 1 0 1 1]
 [1 1 1 1 1 1 1 0 1 1 1 1 0 1 1]
 [1 1 0 1 1 0 1 1 1 1 1 1 1 1 0]
 [0 1 1 1 1 1 1 0 1 0 0 1 0 1 0]
 [1 1 1 1 1 0 1 0 1 0 1 0 1 1 0]
 [1 1 1 0 1 0 1 1 0 0 0 1 1 1 1]
 [1 1 1 1 1 1 0 1 1 1 1 1 1 0 1]
 [1 0 0 1 1 1 1 1 1 0 0 1 1 1 1]
 [1 1 1 0 1 0 0 1 0 1 1 1 1 1 1]
 [1 1 1 1 0 1 1 1 1 1 0 1 0 0 1]
 [0 1 1 1 1 1 0 1 0 1 1 1 1 1 1]
 [1 0 1 1 1 1 0 1 1 1 1 1 1 1 1]
 [0 1 0 1 0 1 1 1 1 1 1 1 1 0 1]
 [0 0 0 1 1 0 1 0 1 0 1 0 1 1 1]
 [0 1 1 1 0 0 1 0 1 0 1 0 1 1 0]
 [1 1 1 1 1 1 1 1 0 1 1 1 1 1 1]
 [1 1 1 1 0 1 1 1 1 0 1 0 1 0 0]
 [1 1 0 1 1 0 1 1 1 1 1 1 1 1 1]
 [1 1 0 1 1 1 1 1 1 1 0 1 1 0 1]
 [1 0 1 1 1 0 1 0 0 1 0 1 1 1 0]]
Q is not identifiable (three-column submatrix not identifiable).
Q is not identifiable, and Q_bar is [[1 1 1 0 1 1 1 1 1 1 1 0 1 0 1]
 [1 0 0 1 0 1 1 0 0 1 1 1 1 1 0]
 [1 1 1 1 0 1 1 1 1 1 1 1 1 1 1]
 [1 1 1 1 1 1 0 1 0 1 1 0 1 1 1]
 [1 1 1 0 1 1 1 1 1 1 1 1 1 1 0]
 [1 1 0 1 1 0 0 1 1 1 0 1 0 1 1]
 [1 1 1 1 1 1 1 0 1 1 1 1 0 1 1]
 [1 1 0 1 1 0 1 1 1 1 1 1 1 1 0]
 [0 1 1 1 1 1 1 0 1 0 0 1 0 1 0]
 [1 1 1 1 1 0 1 0 1 0 1 0 1 1 0]
 [1 1 1 0 1 0 1 1 0 0 0 1 1 1 1]
 [1 1 1 1 1 1 0 1 1 1 1 1 1 0 1]
 [1 0 0 1 1 1 1 1 1 0 0 1 1 1 1]
 [1 1 1 0 1 0 0 1 0 1 1 1 1 1 1]
 [1 1 1 1 0 1 1 1 1 1 0 1 0 0 1]
 [0 1 1 1 1 1 0 1 0 1 1 1 1 1 1]
 [1 0 1 1 1 1 0 1 1 1 1 1 1 1 1]
 [0 1 0 1 0 1 1 1 1 1 1 1 1 0 1]
 [0 1 0 0 1 0 1 0 1 0 1 0 0 1 1]
 [0 1 1 1 0 0 1 0 1 0 1 0 1 1 0]
 [1 1 1 1 1 1 1 1 0 1 1 1 1 1 1]
 [1 1 1 1 0 1 1 1 1 0 1 0 1 0 0]
 [1 1 0 1 1 0 1 1 1 1 1 1 0 1 1]
 [1 1 0 1 1 1 1 1 1 1 0 1 1 0 1]
 [1 0 1 1 1 0 1 0 0 1 0 1 1 1 0]]
branch at 3
runtime for solving id of Q is 0.005082287127152085
Simulation results:
{'J': 25, 'K': 15, 'N': 10, 'p': 0.7, 'seed': 33, 'sim': 5, 'runtime': 0.005082287127152085, 'identifiable': 0, 'branch': 3}
6
Q: [[1 1 1 0 1 1 1 1 0 0 1 1 1 0 1]
 [1 0 1 0 1 0 1 0 1 1 1 0 1 1 1]
 [1 1 1 1 1 1 1 0 1 0 1 1 1 1 0]
 [1 0 1 0 1 1 1 0 1 0 1 1 1 1 1]
 [1 1 0 1 1 1 1 1 0 1 1 0 1 1 1]
 [0 1 1 1 1 1 1 1 0 1 1 1 1 1 0]
 [1 0 1 1 1 1 1 1 1 1 0 1 1 1 1]
 [1 0 1 1 1 0 0 1 0 1 1 0 0 1 0]
 [1 1 0 0 0 0 1 1 1 1 0 1 1 0 1]
 [1 1 1 0 1 1 1 1 0 1 1 1 1 1 1]
 [1 0 1 1 1 1 0 1 1 1 1 1 1 1 0]
 [1 1 0 1 1 1 1 1 0 1 1 1 1 1 1]
 [1 1 0 0 1 0 1 1 1 0 1 0 1 1 1]
 [0 0 1 0 1 1 0 1 1 1 1 1 1 1 0]
 [1 1 0 0 1 1 1 1 1 1 1 0 0 0 1]
 [0 1 1 1 1 0 0 1 1 0 0 0 0 1 1]
 [0 0 1 0 1 1 1 0 1 1 1 0 1 0 1]
 [1 1 1 1 1 1 0 1 1 1 1 1 1 1 1]
 [1 1 0 0 1 1 1 1 1 1 0 0 1 0 1]
 [0 1 1 1 0 0 1 1 1 0 1 1 0 0 0]
 [1 1 1 1 0 1 0 1 1 0 1 0 1 0 1]
 [0 1 1 1 1 1 1 0 1 0 1 0 1 1 1]
 [0 0 1 0 1 1 1 1 1 1 0 1 1 1 1]
 [1 1 0 1 1 0 1 0 1 0 1 1 1 0 0]
 [1 1 1 1 1 1 1 1 1 0 1 1 0 1 1]]
Q is not identifiable (two-column submatrix not identifiable).
Q is not identifiable, and Q_bar is [[1 1 1 0 1 1 1 1 0 0 1 1 1 0 1]
 [1 0 1 0 0 0 1 0 1 1 1 0 1 1 1]
 [1 1 1 1 0 1 1 0 1 0 1 1 1 1 0]
 [1 0 1 0 0 1 1 0 1 0 1 1 1 1 1]
 [1 1 0 1 0 1 1 1 0 1 1 0 1 1 1]
 [0 1 1 1 0 1 1 1 0 1 1 1 1 1 0]
 [1 0 1 1 0 1 1 1 1 1 0 1 1 1 1]
 [1 0 1 1 0 0 0 1 0 1 1 0 0 1 0]
 [1 1 0 0 0 0 1 1 1 1 0 1 1 0 1]
 [1 1 1 0 0 1 1 1 0 1 1 1 1 1 1]
 [1 0 1 1 0 1 0 1 1 1 1 1 1 1 0]
 [1 1 0 1 0 1 1 1 0 1 1 1 1 1 1]
 [1 1 0 0 0 0 1 1 1 0 1 0 1 1 1]
 [0 0 1 0 0 1 0 1 1 1 1 1 1 1 0]
 [1 1 0 0 1 1 1 1 1 1 1 0 0 0 1]
 [0 1 1 1 0 0 0 1 1 0 0 0 0 1 1]
 [0 0 1 0 1 1 1 0 1 1 1 0 1 0 1]
 [1 1 1 1 0 1 0 1 1 1 1 1 1 1 1]
 [1 1 0 0 1 1 1 1 1 1 0 0 1 0 1]
 [0 1 1 1 0 0 1 1 1 0 1 1 0 0 0]
 [1 1 1 1 0 1 0 1 1 0 1 0 1 0 1]
 [0 1 1 1 0 1 1 0 1 0 1 0 1 1 1]
 [0 0 1 0 0 1 1 1 1 1 0 1 1 1 1]
 [1 1 0 1 1 0 1 0 1 0 1 1 1 0 0]
 [1 1 1 1 0 1 1 1 1 0 1 1 0 1 1]]
branch at 2
runtime for solving id of Q is 0.0037298710085451603
Simulation results:
{'J': 25, 'K': 15, 'N': 10, 'p': 0.7, 'seed': 33, 'sim': 6, 'runtime': 0.0037298710085451603, 'identifiable': 0, 'branch': 2}
7
Q: [[1 0 1 0 1 0 1 1 0 0 1 0 1 1 1]
 [1 0 1 0 1 1 1 1 1 1 1 0 1 0 1]
 [1 0 1 0 1 1 1 0 1 1 0 0 1 0 1]
 [0 0 1 0 1 1 1 0 0 1 1 1 1 0 1]
 [0 0 1 1 0 0 1 0 1 1 1 1 0 0 0]
 [1 0 0 0 1 1 0 0 0 1 1 0 1 0 1]
 [1 1 1 0 1 1 1 1 1 0 0 0 1 0 1]
 [0 1 1 1 1 0 0 0 0 1 1 0 1 1 0]
 [1 1 1 1 1 1 0 1 1 0 0 0 1 1 1]
 [0 0 1 1 0 1 1 1 1 0 1 1 1 1 1]
 [1 1 1 1 1 1 1 1 1 1 1 1 1 0 0]
 [1 1 1 1 1 1 0 0 1 0 1 1 1 1 0]
 [0 1 0 0 0 1 1 0 1 1 1 1 1 1 1]
 [0 0 0 0 1 1 0 1 0 1 1 1 1 0 1]
 [0 1 1 1 0 1 1 1 0 1 1 1 0 0 0]
 [1 1 0 0 0 1 1 1 1 1 1 1 1 1 0]
 [1 1 1 1 0 1 0 1 0 1 1 0 1 0 1]
 [1 1 1 1 0 0 1 1 1 1 1 1 1 1 1]
 [0 1 0 1 1 1 0 1 1 0 1 1 1 1 0]
 [1 1 1 1 0 1 0 1 1 1 1 0 0 1 1]
 [1 0 0 1 1 1 0 1 1 0 1 1 0 1 0]
 [1 0 1 0 1 1 1 1 1 1 0 1 0 0 0]
 [1 0 1 1 1 1 1 1 0 0 1 0 1 1 1]
 [1 0 1 1 1 1 0 1 1 1 0 1 1 1 1]
 [0 0 0 1 0 1 0 0 1 1 1 0 1 1 1]]
Q is not identifiable (three-column submatrix not identifiable).
Q is not identifiable, and Q_bar is [[1 0 1 0 1 0 1 1 0 0 1 0 1 1 1]
 [1 0 1 0 1 1 1 1 1 1 1 0 1 0 1]
 [1 0 1 0 1 1 1 0 1 1 0 0 1 0 1]
 [0 0 1 0 1 1 1 0 0 1 1 1 1 0 1]
 [0 0 1 1 0 0 1 0 1 1 1 1 0 0 0]
 [1 0 0 0 1 1 0 0 0 1 1 0 1 0 1]
 [1 1 1 0 1 1 1 1 1 0 0 0 1 0 1]
 [0 1 1 1 1 0 0 0 0 1 1 0 1 1 0]
 [1 1 1 1 1 1 0 1 1 0 0 0 1 1 1]
 [0 0 1 1 0 1 1 1 1 0 1 1 1 1 1]
 [1 1 1 1 1 1 1 1 1 1 1 1 1 0 0]
 [1 1 1 1 1 1 0 0 1 0 1 1 1 1 0]
 [0 1 0 0 0 1 1 0 1 1 1 1 1 1 1]
 [0 0 1 0 1 0 0 1 0 1 0 1 1 0 1]
 [0 1 1 1 0 1 1 1 0 1 1 1 0 0 0]
 [1 1 0 0 0 1 1 1 1 1 1 1 1 1 0]
 [1 1 1 1 0 1 0 1 0 1 1 0 1 0 1]
 [1 1 1 1 0 0 1 1 1 1 1 1 1 1 1]
 [0 1 0 1 1 1 0 1 1 0 1 1 1 1 0]
 [1 1 1 1 0 1 0 1 1 1 1 0 0 1 1]
 [1 0 0 1 1 1 0 1 1 0 1 1 0 1 0]
 [1 0 1 0 1 1 1 1 1 1 0 1 0 0 0]
 [1 0 1 1 1 1 1 1 0 0 1 0 1 1 1]
 [1 0 1 1 1 1 0 1 1 1 0 1 1 1 1]
 [0 0 0 1 0 1 0 0 1 1 1 0 1 1 1]]
branch at 3
runtime for solving id of Q is 0.007121440023183823
Simulation results:
{'J': 25, 'K': 15, 'N': 10, 'p': 0.7, 'seed': 33, 'sim': 7, 'runtime': 0.007121440023183823, 'identifiable': 0, 'branch': 3}
8
Q: [[1 0 0 1 0 1 1 1 1 0 0 0 1 1 0]
 [1 0 1 1 1 1 1 1 0 1 0 1 1 1 1]
 [1 1 1 0 1 1 1 1 1 1 1 1 1 1 0]
 [0 0 0 1 1 1 1 1 1 1 1 1 1 1 0]
 [1 1 1 0 1 0 0 1 1 1 1 1 1 1 1]
 [1 0 0 1 0 1 0 1 1 1 0 1 1 1 1]
 [1 0 0 0 1 1 0 0 1 0 1 1 1 1 1]
 [1 1 1 1 1 1 0 1 1 1 1 0 1 1 1]
 [1 0 1 1 1 1 0 1 1 1 0 1 1 1 1]
 [0 1 0 1 1 1 1 1 1 1 1 1 1 1 1]
 [1 1 0 1 0 0 1 1 1 0 1 1 1 1 0]
 [1 1 1 1 0 1 1 1 1 1 1 1 1 1 0]
 [1 1 0 0 0 1 1 1 1 1 0 0 1 1 1]
 [0 1 1 1 1 1 1 1 1 1 0 1 0 1 1]
 [1 1 0 0 1 0 0 0 1 1 1 1 1 0 0]
 [1 1 1 1 1 1 0 1 1 0 1 0 1 0 1]
 [1 1 1 1 1 1 1 1 1 1 0 1 1 1 1]
 [1 1 0 0 0 1 0 1 0 1 1 1 1 1 1]
 [1 1 1 1 1 1 1 1 1 0 1 1 1 0 1]
 [0 0 1 1 1 0 1 0 0 1 1 0 1 1 1]
 [0 0 0 1 1 0 1 0 1 1 1 1 1 1 1]
 [1 0 0 1 1 0 1 1 1 1 1 1 1 1 0]
 [1 1 1 1 0 1 1 1 1 1 0 1 0 1 1]
 [1 1 1 0 0 1 0 1 0 1 0 0 0 0 1]
 [1 1 0 1 1 1 0 1 1 1 0 1 0 1 1]]
Q is not identifiable (two-column submatrix not identifiable).
Q is not identifiable, and Q_bar is [[1 0 0 1 0 1 1 1 1 0 0 0 1 1 0]
 [1 0 1 1 1 1 1 1 0 1 0 1 1 1 1]
 [1 1 1 0 1 1 1 1 1 1 1 1 0 1 0]
 [0 0 0 1 1 1 1 1 1 1 1 1 0 1 0]
 [1 1 1 0 1 0 0 1 1 1 1 1 0 1 1]
 [1 0 0 1 0 1 0 1 1 1 0 1 1 1 1]
 [1 0 0 0 1 1 0 0 1 0 1 1 0 1 1]
 [1 1 1 1 1 1 0 1 1 1 1 0 0 1 1]
 [1 0 1 1 1 1 0 1 1 1 0 1 1 1 1]
 [0 1 0 1 1 1 1 1 1 1 1 1 0 1 1]
 [1 1 0 1 0 0 1 1 1 0 1 1 0 1 0]
 [1 1 1 1 0 1 1 1 1 1 1 1 0 1 0]
 [1 1 0 0 0 1 1 1 1 1 0 0 1 1 1]
 [0 1 1 1 1 1 1 1 1 1 0 1 0 1 1]
 [1 1 0 0 1 0 0 0 1 1 1 1 0 0 0]
 [1 1 1 1 1 1 0 1 1 0 1 0 0 0 1]
 [1 1 1 1 1 1 1 1 1 1 0 1 1 1 1]
 [1 1 0 0 0 1 0 1 0 1 1 1 0 1 1]
 [1 1 1 1 1 1 1 1 1 0 1 1 0 0 1]
 [0 0 1 1 1 0 1 0 0 1 1 0 0 1 1]
 [0 0 0 1 1 0 1 0 1 1 1 1 0 1 1]
 [1 0 0 1 1 0 1 1 1 1 1 1 0 1 0]
 [1 1 1 1 0 1 1 1 1 1 0 1 0 1 1]
 [1 1 1 0 0 1 0 1 0 1 0 0 0 0 1]
 [1 1 0 1 1 1 0 1 1 1 0 1 0 1 1]]
branch at 2
runtime for solving id of Q is 0.004151077941060066
Simulation results:
{'J': 25, 'K': 15, 'N': 10, 'p': 0.7, 'seed': 33, 'sim': 8, 'runtime': 0.004151077941060066, 'identifiable': 0, 'branch': 2}
9
Q: [[0 0 1 1 1 1 0 1 0 1 0 1 1 1 1]
 [1 1 0 1 1 0 0 1 1 0 1 1 0 1 1]
 [1 1 0 1 1 1 0 1 1 1 1 0 1 1 1]
 [1 1 1 1 1 0 1 1 1 1 0 1 1 1 1]
 [1 1 1 1 1 1 1 1 1 1 0 0 1 1 1]
 [1 1 1 0 1 1 1 1 1 1 1 1 0 1 1]
 [1 1 1 1 1 1 1 0 1 1 1 0 1 1 0]
 [1 0 0 0 1 0 1 0 1 1 0 1 1 0 0]
 [0 0 0 0 1 1 1 1 1 1 0 1 1 0 1]
 [1 0 1 1 1 0 0 0 0 1 0 1 0 1 1]
 [1 1 0 1 0 0 0 1 1 0 1 0 0 1 1]
 [0 1 0 1 0 1 1 1 1 1 1 1 0 0 1]
 [1 0 0 0 1 0 1 0 0 0 0 0 1 1 0]
 [1 1 0 1 0 1 0 1 1 1 0 1 1 0 0]
 [1 1 0 1 1 1 1 1 1 0 1 1 0 0 0]
 [0 1 0 1 0 1 0 1 0 0 1 1 1 1 1]
 [1 1 1 1 0 0 0 0 1 1 1 1 1 0 1]
 [1 0 1 1 1 0 1 1 0 1 1 1 1 0 0]
 [1 1 0 0 1 0 0 0 1 1 1 0 0 1 1]
 [1 1 1 0 0 0 1 0 1 1 1 1 1 0 1]
 [0 1 1 0 0 1 1 1 1 1 1 1 1 0 0]
 [1 0 0 1 1 0 1 1 1 1 1 1 1 1 1]
 [1 0 1 0 1 1 1 1 1 1 0 1 1 0 1]
 [1 1 1 0 1 0 0 1 0 0 0 0 1 1 0]
 [1 1 0 1 1 1 1 1 0 1 1 1 1 1 1]]
{'restarts': 42, 'conflicts': 11702, 'decisions': 37700, 'propagations': 5419477}
Q is not identifiable, and Q_bar is [[0 0 0 0 0 0 0 1 0 0 0 1 1 0 1]
 [1 1 0 0 0 0 0 0 1 1 0 0 0 0 1]
 [1 0 0 0 0 0 0 1 0 0 1 0 0 0 1]
 [1 1 1 1 0 0 1 0 0 1 0 1 1 0 1]
 [1 0 1 1 0 0 0 1 0 0 0 0 1 1 0]
 [1 1 0 1 0 1 0 0 1 0 1 0 1 0 0]
 [1 1 1 1 1 1 1 0 0 0 0 0 1 1 0]
 [1 1 1 0 0 0 1 0 0 0 0 1 0 0 0]
 [0 0 0 0 0 1 0 1 0 0 0 1 0 0 0]
 [0 1 0 0 0 0 0 0 0 0 0 1 1 0 1]
 [1 0 0 0 1 0 0 0 0 1 0 0 0 0 1]
 [0 0 1 0 1 1 0 0 0 1 1 1 0 0 0]
 [0 1 1 1 0 0 1 0 0 0 0 0 0 0 0]
 [1 0 0 0 0 0 1 0 0 1 0 1 0 1 0]
 [1 1 1 0 1 0 0 0 1 1 0 0 0 1 0]
 [0 0 0 1 1 0 1 0 1 1 0 0 0 1 1]
 [1 0 0 0 1 0 1 0 0 0 1 1 1 0 0]
 [0 1 1 0 1 0 1 0 1 0 0 1 1 0 0]
 [1 1 0 1 0 0 0 0 0 0 1 0 0 0 0]
 [1 0 1 0 0 0 1 0 0 0 1 1 1 0 0]
 [0 0 0 0 0 1 1 0 1 1 0 0 1 0 0]
 [1 1 1 0 0 0 1 0 1 0 0 1 0 0 1]
 [0 1 0 0 0 1 1 1 0 0 0 1 1 0 0]
 [0 1 0 1 0 0 1 0 0 1 0 0 1 0 0]
 [0 1 1 0 0 0 0 1 1 0 0 0 0 1 1]]
branch at 5
runtime for solving id of Q is 0.8817869578488171
Simulation results:
{'J': 25, 'K': 15, 'N': 10, 'p': 0.7, 'seed': 33, 'sim': 9, 'runtime': 0.8817869578488171, 'identifiable': 0, 'branch': 5}
Simulation results:
[{'J': 25, 'K': 15, 'N': 10, 'p': 0.7, 'seed': 33, 'sim': 0, 'runtime': 0.9425250960048288, 'identifiable': 0, 'branch': 5}, {'J': 25, 'K': 15, 'N': 10, 'p': 0.7, 'seed': 33, 'sim': 1, 'runtime': 0.007057419046759605, 'identifiable': 0, 'branch': 3}, {'J': 25, 'K': 15, 'N': 10, 'p': 0.7, 'seed': 33, 'sim': 2, 'runtime': 0.005843253107741475, 'identifiable': 0, 'branch': 3}, {'J': 25, 'K': 15, 'N': 10, 'p': 0.7, 'seed': 33, 'sim': 3, 'runtime': 0.26364519889466465, 'identifiable': 0, 'branch': 5}, {'J': 25, 'K': 15, 'N': 10, 'p': 0.7, 'seed': 33, 'sim': 4, 'runtime': 0.004754711873829365, 'identifiable': 0, 'branch': 3}, {'J': 25, 'K': 15, 'N': 10, 'p': 0.7, 'seed': 33, 'sim': 5, 'runtime': 0.005082287127152085, 'identifiable': 0, 'branch': 3}, {'J': 25, 'K': 15, 'N': 10, 'p': 0.7, 'seed': 33, 'sim': 6, 'runtime': 0.0037298710085451603, 'identifiable': 0, 'branch': 2}, {'J': 25, 'K': 15, 'N': 10, 'p': 0.7, 'seed': 33, 'sim': 7, 'runtime': 0.007121440023183823, 'identifiable': 0, 'branch': 3}, {'J': 25, 'K': 15, 'N': 10, 'p': 0.7, 'seed': 33, 'sim': 8, 'runtime': 0.004151077941060066, 'identifiable': 0, 'branch': 2}, {'J': 25, 'K': 15, 'N': 10, 'p': 0.7, 'seed': 33, 'sim': 9, 'runtime': 0.8817869578488171, 'identifiable': 0, 'branch': 5}]
