
The Gurobi software has a limited number of licenses. To request a license or
licenses, add this line

    #SBATCH --licenses=gurobi@slurmdb:1

to your SBATCH script, replacing N with the number of licenses you need. Gurobi
will need one license per process.


0
Q: [[1 1 1 1 1 1 1 1 1 1 1 1 1 1 1]
 [1 1 1 1 1 1 0 1 0 1 1 1 1 1 1]
 [1 1 1 1 0 0 0 1 1 1 0 1 1 1 1]
 [1 1 1 1 0 1 1 1 1 1 1 1 1 1 1]
 [1 1 1 1 1 1 1 1 1 1 1 1 1 1 1]
 [1 0 1 1 1 1 0 0 1 1 1 1 1 1 1]
 [1 1 0 1 1 1 1 1 1 1 1 1 1 1 1]
 [1 0 1 1 0 1 1 0 1 1 1 1 1 1 1]
 [1 1 1 1 1 1 0 1 1 1 1 1 0 1 1]
 [1 1 1 1 1 1 1 1 1 1 1 1 1 1 1]
 [1 1 1 1 1 0 1 0 1 1 0 1 1 0 1]
 [1 1 1 0 0 1 1 0 0 1 1 1 1 1 1]
 [0 1 1 1 1 1 1 1 1 1 1 1 1 1 1]
 [1 0 1 1 0 0 0 1 1 1 1 1 1 1 0]
 [1 1 1 1 1 1 1 1 1 1 1 1 1 1 1]
 [1 1 1 1 1 1 1 1 1 1 1 1 1 1 1]
 [1 1 1 1 1 1 1 1 1 1 1 1 1 1 1]
 [0 1 0 0 1 1 1 1 1 1 1 1 0 1 1]
 [1 1 1 1 1 1 1 1 1 1 1 1 1 1 1]
 [0 1 1 1 1 1 1 1 1 1 0 1 1 1 1]
 [1 1 1 1 1 1 0 1 1 1 1 1 1 1 0]
 [1 1 1 1 1 1 1 0 1 1 1 0 1 1 0]
 [1 1 1 1 0 1 1 1 1 1 1 1 1 1 1]
 [1 1 1 1 1 1 1 1 1 1 1 1 1 1 1]
 [0 1 1 1 1 1 1 1 1 1 1 1 1 1 1]]
Q_basis with dimensions J < K, thus not identifiable.
Q is not identifiable, and Q_bar is [[1 0 1 0 0 0 0 0 0 0 0 0 0 0 0]
 [0 0 0 0 0 0 0 0 0 1 0 0 0 0 0]
 [0 0 0 0 0 0 0 1 0 0 0 0 0 0 0]
 [0 0 1 0 0 0 1 0 0 0 0 0 0 0 0]
 [1 0 1 0 0 0 0 0 0 0 0 0 0 0 0]
 [0 0 0 0 1 0 0 0 0 0 0 0 0 0 0]
 [0 0 0 0 0 1 0 0 0 0 0 0 0 0 0]
 [0 0 0 1 0 0 0 0 0 0 0 0 0 0 0]
 [0 0 0 0 0 0 0 0 0 0 1 0 0 0 0]
 [1 0 1 0 0 0 0 0 0 0 0 0 0 0 0]
 [0 0 0 0 0 0 0 0 1 0 0 0 0 0 0]
 [0 0 0 0 0 0 1 0 0 0 0 0 0 0 0]
 [1 1 0 0 0 0 0 0 0 0 0 0 0 0 0]
 [0 0 1 0 0 0 0 0 0 0 0 0 0 0 0]
 [1 0 1 0 0 0 0 0 0 0 0 0 0 0 0]
 [1 0 1 0 0 0 0 0 0 0 0 0 0 0 0]
 [1 0 1 0 0 0 0 0 0 0 0 0 0 0 0]
 [1 0 0 0 0 0 0 0 0 0 0 0 0 0 0]
 [1 0 1 0 0 0 0 0 0 0 0 0 0 0 0]
 [0 1 0 0 0 0 0 0 0 0 0 0 0 0 0]
 [0 0 0 0 0 0 0 0 0 0 0 1 0 0 0]
 [0 0 0 0 0 0 0 0 0 0 0 0 1 0 0]
 [0 0 1 0 0 0 1 0 0 0 0 0 0 0 0]
 [1 0 1 0 0 0 0 0 0 0 0 0 0 0 0]
 [1 1 0 0 0 0 0 0 0 0 0 0 0 0 0]]
branch at -1
runtime for solving id of Q is 0.0012127538211643696
Simulation results:
{'J': 25, 'K': 15, 'N': 10, 'p': 0.9, 'seed': 43, 'sim': 0, 'runtime': 0.0012127538211643696, 'identifiable': 0, 'branch': -1}
1
Q: [[0 1 1 1 1 1 1 1 1 1 1 1 1 1 1]
 [1 1 1 1 1 1 1 1 1 0 1 1 1 1 0]
 [0 1 1 1 1 1 1 1 1 1 1 1 1 1 1]
 [1 1 1 1 1 1 1 1 0 0 1 1 0 1 1]
 [1 1 1 1 1 1 1 1 1 1 1 1 1 1 0]
 [1 1 0 1 0 0 1 1 1 1 1 1 1 1 1]
 [1 1 1 1 1 1 1 1 1 1 0 1 1 1 1]
 [1 1 0 0 1 1 0 1 1 1 1 1 1 1 1]
 [1 1 1 1 1 1 1 1 1 1 1 1 1 1 1]
 [0 1 1 1 1 1 1 1 1 1 1 1 1 1 1]
 [1 1 1 1 1 1 1 1 1 1 1 1 1 1 1]
 [1 1 1 1 1 1 1 1 1 0 0 1 1 1 0]
 [0 1 1 1 1 1 1 1 1 1 1 1 1 1 1]
 [1 1 1 1 1 1 1 1 1 1 0 1 0 1 1]
 [1 1 1 1 1 1 1 1 1 1 1 1 1 1 1]
 [1 1 1 1 1 1 1 1 1 1 1 1 1 1 1]
 [1 1 0 1 1 1 1 1 1 1 1 1 1 1 1]
 [1 1 1 1 1 1 1 1 1 1 1 1 0 1 0]
 [1 1 1 1 1 1 1 1 1 1 1 0 1 0 1]
 [1 1 1 1 1 1 1 1 1 1 1 1 0 1 1]
 [1 1 1 1 0 1 0 1 0 1 1 1 1 1 1]
 [1 0 1 1 1 1 1 1 1 1 0 1 1 1 1]
 [1 1 0 1 0 1 0 1 1 1 1 1 1 1 1]
 [1 1 1 1 1 1 1 1 1 1 1 1 1 1 1]
 [0 1 1 1 1 1 0 1 1 1 0 1 0 1 1]]
Q_basis with dimensions J < K, thus not identifiable.
Q is not identifiable, and Q_bar is [[0 1 0 0 0 0 0 0 0 0 0 0 0 0 0]
 [0 0 0 0 0 0 0 0 0 1 0 0 0 0 0]
 [0 1 0 0 0 0 0 0 0 0 0 0 0 0 0]
 [0 0 0 0 0 0 0 1 0 0 0 0 0 0 0]
 [0 0 0 0 0 0 0 0 1 0 0 0 1 0 0]
 [0 0 0 0 1 0 0 0 0 0 0 0 0 0 0]
 [1 0 1 0 0 0 0 0 0 0 0 0 0 0 0]
 [0 0 0 1 0 0 0 0 0 0 0 0 0 0 0]
 [0 1 1 0 0 0 0 0 0 0 0 0 0 0 0]
 [0 1 0 0 0 0 0 0 0 0 0 0 0 0 0]
 [0 1 1 0 0 0 0 0 0 0 0 0 0 0 0]
 [0 0 0 0 0 0 0 0 1 0 0 0 0 0 0]
 [0 1 0 0 0 0 0 0 0 0 0 0 0 0 0]
 [0 0 0 0 0 0 0 0 0 0 1 0 0 0 0]
 [0 1 1 0 0 0 0 0 0 0 0 0 0 0 0]
 [0 1 1 0 0 0 0 0 0 0 0 0 0 0 0]
 [0 0 0 1 1 0 0 0 0 0 0 0 0 0 0]
 [0 0 0 0 0 0 0 0 0 0 0 0 1 0 0]
 [0 0 0 0 0 0 0 0 0 0 0 1 0 0 0]
 [1 0 0 0 0 0 0 1 0 0 0 0 0 0 0]
 [0 0 0 0 0 0 1 0 0 0 0 0 0 0 0]
 [0 0 1 0 0 0 0 0 0 0 0 0 0 0 0]
 [0 0 0 0 0 1 0 0 0 0 0 0 0 0 0]
 [0 1 1 0 0 0 0 0 0 0 0 0 0 0 0]
 [1 0 0 0 0 0 0 0 0 0 0 0 0 0 0]]
branch at -1
runtime for solving id of Q is 0.0010274318046867847
Simulation results:
{'J': 25, 'K': 15, 'N': 10, 'p': 0.9, 'seed': 43, 'sim': 1, 'runtime': 0.0010274318046867847, 'identifiable': 0, 'branch': -1}
2
Q: [[1 1 0 1 1 1 1 1 1 1 1 1 0 0 1]
 [1 0 1 1 1 1 1 1 1 1 1 1 1 1 1]
 [1 1 1 1 1 1 0 1 1 1 1 1 1 1 1]
 [1 0 1 1 0 1 1 0 1 1 1 1 1 1 1]
 [0 1 1 1 1 1 1 1 1 1 1 1 1 1 1]
 [0 1 1 1 1 1 1 1 1 1 0 1 1 1 1]
 [1 1 1 1 0 1 1 1 1 1 1 1 1 0 0]
 [1 1 1 1 1 1 1 1 1 0 1 1 1 1 1]
 [1 1 1 1 0 1 1 1 1 0 1 1 1 1 1]
 [1 1 1 0 1 1 1 1 1 1 1 1 0 1 0]
 [1 1 1 1 1 1 1 1 1 0 1 1 1 1 1]
 [1 1 1 1 1 1 1 1 1 1 1 1 1 1 1]
 [1 1 1 1 1 1 1 1 1 1 1 1 1 1 0]
 [1 1 1 1 1 1 1 1 1 1 1 1 1 0 1]
 [1 1 1 0 1 1 1 1 1 1 1 1 1 1 1]
 [1 0 1 1 1 1 1 1 1 1 1 1 1 1 1]
 [1 1 1 0 1 1 1 1 1 1 1 1 1 1 1]
 [1 1 1 0 1 1 1 1 1 1 1 1 1 1 1]
 [1 1 1 1 1 1 1 0 1 1 1 1 1 1 1]
 [1 1 1 1 1 1 1 1 1 1 0 1 1 1 1]
 [1 1 1 1 1 1 1 0 1 1 1 1 1 1 1]
 [1 1 1 1 1 1 1 1 1 1 1 1 1 1 1]
 [0 1 1 1 1 1 1 1 1 1 1 1 1 1 1]
 [1 1 1 1 1 1 1 1 1 1 0 1 1 1 1]
 [1 1 1 1 0 1 1 1 1 1 1 1 1 1 0]]
Q_basis with dimensions J < K, thus not identifiable.
Q is not identifiable, and Q_bar is [[0 0 0 0 1 0 0 0 0 0 0 0 0 0 0]
 [0 0 0 1 0 0 0 0 0 0 0 0 0 0 0]
 [0 0 0 0 0 0 0 0 0 0 1 0 0 0 0]
 [0 0 1 0 0 0 0 0 0 0 0 0 0 0 0]
 [0 1 0 0 0 0 0 0 0 0 0 0 0 0 0]
 [1 0 0 0 0 0 0 0 0 0 0 0 0 0 0]
 [0 0 0 0 0 0 0 0 1 0 0 0 0 0 0]
 [0 0 0 0 0 0 0 0 0 0 0 0 1 0 0]
 [0 0 0 0 0 0 0 1 0 0 0 0 0 0 0]
 [0 0 0 0 0 1 0 0 0 0 0 0 0 0 0]
 [0 0 0 0 0 0 0 0 0 0 0 0 1 0 0]
 [1 0 1 0 0 0 0 0 0 0 0 0 0 0 0]
 [0 0 0 0 0 1 0 0 1 0 0 0 0 0 0]
 [0 0 0 0 1 0 0 0 1 0 0 0 0 0 0]
 [0 0 0 0 0 0 1 0 0 0 0 0 0 0 0]
 [0 0 0 1 0 0 0 0 0 0 0 0 0 0 0]
 [0 0 0 0 0 0 1 0 0 0 0 0 0 0 0]
 [0 0 0 0 0 0 1 0 0 0 0 0 0 0 0]
 [0 0 0 0 0 0 0 0 0 0 0 1 0 0 0]
 [0 0 0 0 0 0 0 0 0 0 0 0 0 1 0]
 [0 0 0 0 0 0 0 0 0 0 0 1 0 0 0]
 [1 0 1 0 0 0 0 0 0 0 0 0 0 0 0]
 [0 1 0 0 0 0 0 0 0 0 0 0 0 0 0]
 [0 0 0 0 0 0 0 0 0 0 0 0 0 1 0]
 [0 0 0 0 0 0 0 0 0 1 0 0 0 0 0]]
branch at -1
runtime for solving id of Q is 0.000965398270636797
Simulation results:
{'J': 25, 'K': 15, 'N': 10, 'p': 0.9, 'seed': 43, 'sim': 2, 'runtime': 0.000965398270636797, 'identifiable': 0, 'branch': -1}
3
Q: [[1 1 0 1 1 1 1 1 1 1 1 1 1 1 1]
 [1 1 1 0 1 1 1 1 1 1 1 1 1 1 1]
 [1 1 1 1 1 0 1 1 1 1 1 1 1 1 1]
 [1 1 0 1 1 1 1 1 1 0 1 1 1 1 1]
 [1 1 1 1 1 1 1 1 1 1 1 1 1 1 1]
 [1 0 1 1 1 0 1 1 1 0 1 1 0 0 1]
 [1 1 1 1 1 1 1 1 1 1 1 1 1 1 1]
 [1 1 1 1 1 1 0 1 1 1 1 0 1 1 1]
 [1 1 1 1 1 1 1 1 1 1 0 1 1 1 1]
 [1 1 1 1 0 1 1 1 1 1 1 1 1 1 1]
 [1 1 1 1 1 1 1 1 1 1 1 1 0 1 1]
 [1 1 1 1 1 1 1 0 1 1 1 1 0 1 1]
 [1 1 1 1 1 1 1 1 1 1 0 1 1 1 1]
 [1 1 0 1 0 1 1 1 1 1 0 0 1 1 1]
 [1 0 1 1 1 1 1 1 1 1 1 1 0 1 1]
 [1 1 1 1 1 0 0 1 1 1 0 1 1 1 1]
 [1 0 1 1 1 1 1 1 1 1 1 1 1 1 0]
 [1 1 1 1 1 1 1 0 1 1 1 1 1 1 1]
 [1 1 1 1 1 1 1 1 1 1 1 1 1 1 1]
 [1 1 1 1 0 1 1 1 1 1 1 1 1 0 1]
 [1 1 1 1 0 1 0 1 0 1 1 1 1 1 1]
 [1 1 1 1 1 1 1 1 1 1 0 1 0 1 1]
 [1 1 1 1 1 0 1 1 1 0 1 0 1 1 1]
 [1 1 1 1 1 1 0 1 1 1 1 1 1 1 1]
 [1 1 1 1 1 1 1 1 1 0 0 0 1 1 1]]
Q is trivially not identifiable (all one column).
Q is not identifiable, and Q_bar is [[0 1 0 1 1 1 1 1 1 1 1 1 1 1 1]
 [0 1 1 0 1 1 1 1 1 1 1 1 1 1 1]
 [0 1 1 1 1 0 1 1 1 1 1 1 1 1 1]
 [0 1 0 1 1 1 1 1 1 0 1 1 1 1 1]
 [0 1 1 1 1 1 1 1 1 1 1 1 1 1 1]
 [0 0 1 1 1 0 1 1 1 0 1 1 0 0 1]
 [0 1 1 1 1 1 1 1 1 1 1 1 1 1 1]
 [0 1 1 1 1 1 0 1 1 1 1 0 1 1 1]
 [0 1 1 1 1 1 1 1 1 1 0 1 1 1 1]
 [0 1 1 1 0 1 1 1 1 1 1 1 1 1 1]
 [0 1 1 1 1 1 1 1 1 1 1 1 0 1 1]
 [0 1 1 1 1 1 1 0 1 1 1 1 0 1 1]
 [0 1 1 1 1 1 1 1 1 1 0 1 1 1 1]
 [0 1 0 1 0 1 1 1 1 1 0 0 1 1 1]
 [0 0 1 1 1 1 1 1 1 1 1 1 0 1 1]
 [0 1 1 1 1 0 0 1 1 1 0 1 1 1 1]
 [0 0 1 1 1 1 1 1 1 1 1 1 1 1 0]
 [0 1 1 1 1 1 1 0 1 1 1 1 1 1 1]
 [0 1 1 1 1 1 1 1 1 1 1 1 1 1 1]
 [0 1 1 1 0 1 1 1 1 1 1 1 1 0 1]
 [0 1 1 1 0 1 0 1 0 1 1 1 1 1 1]
 [0 1 1 1 1 1 1 1 1 1 0 1 0 1 1]
 [0 1 1 1 1 0 1 1 1 0 1 0 1 1 1]
 [0 1 1 1 1 1 0 1 1 1 1 1 1 1 1]
 [0 1 1 1 1 1 1 1 1 0 0 0 1 1 1]]
branch at 1
runtime for solving id of Q is 0.001126494724303484
Simulation results:
{'J': 25, 'K': 15, 'N': 10, 'p': 0.9, 'seed': 43, 'sim': 3, 'runtime': 0.001126494724303484, 'identifiable': 0, 'branch': 1}
4
Q: [[1 1 1 1 1 1 1 1 1 1 1 1 1 1 1]
 [1 1 1 1 1 1 1 1 1 1 1 1 1 0 1]
 [1 1 1 1 1 1 0 1 1 1 1 1 1 0 1]
 [1 1 1 1 1 1 1 0 1 1 1 1 1 1 1]
 [1 1 1 1 1 0 1 1 1 1 1 1 1 1 1]
 [1 1 1 1 1 1 1 1 1 1 1 1 1 0 1]
 [1 1 1 1 0 1 1 1 1 1 1 1 1 1 1]
 [1 1 1 1 1 0 1 1 1 1 1 1 1 0 1]
 [1 1 1 1 1 1 1 1 1 1 1 1 0 1 0]
 [1 1 1 1 1 1 1 1 1 1 0 0 0 1 1]
 [1 1 1 1 1 0 1 1 1 1 1 1 0 0 0]
 [1 1 1 1 1 1 1 1 1 0 1 1 1 1 1]
 [1 1 1 1 1 1 1 1 1 1 1 1 1 1 1]
 [1 1 1 0 1 1 1 1 1 1 1 1 0 0 1]
 [1 1 1 1 0 0 1 1 1 1 1 1 1 1 1]
 [1 1 0 0 1 1 1 1 1 1 1 1 1 1 1]
 [1 0 1 1 1 1 1 1 1 1 1 1 1 1 1]
 [1 1 1 1 1 1 1 1 1 1 1 1 1 0 1]
 [1 1 0 1 1 1 1 1 1 1 1 1 1 1 1]
 [1 1 1 1 1 1 1 1 0 1 1 1 1 0 1]
 [0 1 1 1 1 1 1 1 1 1 0 1 1 1 1]
 [1 1 1 1 1 0 0 1 1 1 1 1 0 1 1]
 [1 1 1 1 1 0 1 1 1 1 1 1 1 1 1]
 [1 1 1 1 1 1 1 1 1 1 0 1 0 1 0]
 [1 1 1 1 1 1 1 1 1 0 1 1 1 1 1]]
Q is not identifiable (two-column submatrix not identifiable).
Q is not identifiable, and Q_bar is [[0 1 1 1 1 1 1 1 1 1 1 1 1 1 1]
 [0 1 1 1 1 1 1 1 1 1 1 1 1 0 1]
 [0 1 1 1 1 1 0 1 1 1 1 1 1 0 1]
 [0 1 1 1 1 1 1 0 1 1 1 1 1 1 1]
 [0 1 1 1 1 0 1 1 1 1 1 1 1 1 1]
 [0 1 1 1 1 1 1 1 1 1 1 1 1 0 1]
 [0 1 1 1 0 1 1 1 1 1 1 1 1 1 1]
 [0 1 1 1 1 0 1 1 1 1 1 1 1 0 1]
 [1 1 1 1 1 1 1 1 1 1 1 1 0 1 0]
 [1 1 1 1 1 1 1 1 1 1 0 0 0 1 1]
 [0 1 1 1 1 0 1 1 1 1 1 1 0 0 0]
 [0 1 1 1 1 1 1 1 1 0 1 1 1 1 1]
 [0 1 1 1 1 1 1 1 1 1 1 1 1 1 1]
 [0 1 1 0 1 1 1 1 1 1 1 1 0 0 1]
 [0 1 1 1 0 0 1 1 1 1 1 1 1 1 1]
 [0 1 0 0 1 1 1 1 1 1 1 1 1 1 1]
 [0 0 1 1 1 1 1 1 1 1 1 1 1 1 1]
 [0 1 1 1 1 1 1 1 1 1 1 1 1 0 1]
 [0 1 0 1 1 1 1 1 1 1 1 1 1 1 1]
 [0 1 1 1 1 1 1 1 0 1 1 1 1 0 1]
 [0 1 1 1 1 1 1 1 1 1 0 1 1 1 1]
 [0 1 1 1 1 0 0 1 1 1 1 1 0 1 1]
 [0 1 1 1 1 0 1 1 1 1 1 1 1 1 1]
 [1 1 1 1 1 1 1 1 1 1 0 1 0 1 0]
 [0 1 1 1 1 1 1 1 1 0 1 1 1 1 1]]
branch at 2
runtime for solving id of Q is 0.0014282832853496075
Simulation results:
{'J': 25, 'K': 15, 'N': 10, 'p': 0.9, 'seed': 43, 'sim': 4, 'runtime': 0.0014282832853496075, 'identifiable': 0, 'branch': 2}
5
Q: [[1 1 1 1 0 1 0 0 1 1 1 1 1 1 1]
 [1 0 1 0 1 1 1 1 1 1 1 1 1 1 1]
 [1 1 0 1 1 1 1 1 1 1 0 1 1 1 1]
 [1 1 0 1 0 1 1 1 1 1 1 1 1 0 1]
 [1 1 1 1 1 1 1 1 1 1 0 1 1 1 1]
 [1 1 1 1 1 1 1 1 1 1 1 1 1 1 1]
 [1 1 1 1 1 1 1 1 1 1 0 1 1 1 1]
 [1 0 1 1 1 1 1 1 1 1 1 1 1 1 1]
 [1 1 1 0 1 0 1 1 1 1 1 1 1 1 1]
 [1 1 0 1 1 1 1 1 1 1 1 1 1 1 1]
 [1 1 1 0 1 1 1 0 1 1 1 1 1 1 0]
 [1 1 1 1 1 1 1 1 1 1 0 1 1 1 1]
 [0 1 1 1 1 1 1 0 0 1 1 1 1 1 1]
 [1 1 0 1 1 1 1 1 1 1 1 1 1 1 1]
 [0 1 1 1 1 1 1 1 1 1 1 0 1 1 1]
 [1 1 1 1 1 1 1 1 1 0 1 1 1 1 1]
 [1 0 1 1 1 1 1 1 1 1 1 1 0 1 1]
 [1 1 1 0 0 1 1 1 1 1 1 1 1 1 1]
 [1 0 0 1 1 1 1 1 1 1 1 1 1 1 1]
 [1 1 1 1 0 1 0 1 1 1 1 1 1 0 1]
 [1 1 1 1 1 1 1 0 1 1 1 1 1 1 1]
 [1 1 1 1 1 1 0 1 1 1 1 1 1 0 1]
 [1 1 1 0 1 1 1 1 1 0 1 1 1 1 1]
 [1 1 1 1 1 1 1 1 1 1 0 1 1 1 1]
 [1 0 0 1 1 1 0 1 1 1 1 1 1 1 1]]
Q is not identifiable (two-column submatrix not identifiable).
Q is not identifiable, and Q_bar is [[1 1 1 1 0 1 0 0 0 1 1 1 1 1 1]
 [1 0 1 0 1 1 1 1 0 1 1 1 1 1 1]
 [1 1 0 1 1 1 1 1 0 1 0 1 1 1 1]
 [1 1 0 1 0 1 1 1 0 1 1 1 1 0 1]
 [1 1 1 1 1 1 1 1 0 1 0 1 1 1 1]
 [1 1 1 1 1 1 1 1 0 1 1 1 1 1 1]
 [1 1 1 1 1 1 1 1 0 1 0 1 1 1 1]
 [1 0 1 1 1 1 1 1 0 1 1 1 1 1 1]
 [1 1 1 0 1 0 1 1 0 1 1 1 1 1 1]
 [1 1 0 1 1 1 1 1 0 1 1 1 1 1 1]
 [1 1 1 0 1 1 1 0 0 1 1 1 1 1 0]
 [1 1 1 1 1 1 1 1 0 1 0 1 1 1 1]
 [0 1 1 1 1 1 1 0 0 1 1 1 1 1 1]
 [1 1 0 1 1 1 1 1 0 1 1 1 1 1 1]
 [0 1 1 1 1 1 1 1 1 1 1 0 1 1 1]
 [1 1 1 1 1 1 1 1 0 0 1 1 1 1 1]
 [1 0 1 1 1 1 1 1 0 1 1 1 0 1 1]
 [1 1 1 0 0 1 1 1 0 1 1 1 1 1 1]
 [1 0 0 1 1 1 1 1 0 1 1 1 1 1 1]
 [1 1 1 1 0 1 0 1 0 1 1 1 1 0 1]
 [1 1 1 1 1 1 1 0 0 1 1 1 1 1 1]
 [1 1 1 1 1 1 0 1 0 1 1 1 1 0 1]
 [1 1 1 0 1 1 1 1 0 0 1 1 1 1 1]
 [1 1 1 1 1 1 1 1 0 1 0 1 1 1 1]
 [1 0 0 1 1 1 0 1 0 1 1 1 1 1 1]]
branch at 2
runtime for solving id of Q is 0.0014259829185903072
Simulation results:
{'J': 25, 'K': 15, 'N': 10, 'p': 0.9, 'seed': 43, 'sim': 5, 'runtime': 0.0014259829185903072, 'identifiable': 0, 'branch': 2}
6
Q: [[1 1 1 1 1 0 1 1 1 1 1 1 1 1 1]
 [1 1 1 1 1 1 1 1 0 0 1 1 1 1 1]
 [0 1 1 0 1 1 1 1 1 0 1 0 0 1 0]
 [1 1 1 1 1 1 0 1 1 1 0 1 0 1 1]
 [1 1 1 1 0 1 1 1 1 1 1 1 1 1 1]
 [1 1 1 1 1 0 1 1 0 1 1 1 1 1 1]
 [1 1 0 1 0 1 1 0 1 1 1 1 1 1 1]
 [1 0 1 1 1 1 1 1 1 1 1 1 1 1 1]
 [1 1 1 1 0 1 1 1 1 1 1 1 1 1 1]
 [1 1 1 1 1 1 1 1 1 1 1 1 1 1 1]
 [1 1 1 1 1 1 1 1 1 1 1 1 1 1 1]
 [1 1 1 1 1 1 1 1 1 1 1 1 1 1 1]
 [1 0 1 1 1 1 1 1 1 1 1 1 1 1 1]
 [1 1 1 1 1 1 1 1 0 1 1 1 1 1 1]
 [1 1 1 1 1 1 1 0 0 1 1 1 1 0 1]
 [1 1 0 0 1 1 1 1 1 1 1 0 1 1 1]
 [1 1 0 1 0 1 1 1 1 1 1 0 1 1 1]
 [0 1 1 1 1 1 0 1 1 0 1 1 0 1 1]
 [1 1 1 1 1 1 1 1 1 1 1 0 1 1 1]
 [1 1 0 1 1 1 1 0 1 1 1 1 1 1 1]
 [1 1 0 0 0 0 1 1 1 1 0 1 1 1 1]
 [1 1 1 1 1 0 1 1 1 1 1 1 0 1 0]
 [1 1 1 1 1 1 1 1 1 1 1 1 1 1 1]
 [1 0 1 1 0 1 1 1 1 1 1 1 1 1 1]
 [1 1 1 1 1 1 1 1 1 1 1 1 1 1 1]]
Q_basis with dimensions J < K, thus not identifiable.
Q is not identifiable, and Q_bar is [[0 0 0 0 1 0 0 0 0 1 0 0 0 0 0]
 [0 0 0 0 0 0 0 0 0 0 0 0 0 1 0]
 [1 0 0 0 0 0 0 0 0 0 0 0 0 0 0]
 [0 0 0 0 0 0 0 0 0 0 0 1 0 0 0]
 [0 0 1 0 1 0 0 0 0 0 0 0 0 0 0]
 [0 0 0 0 0 0 0 0 0 1 0 0 0 0 0]
 [0 0 0 0 0 0 1 0 0 0 0 0 0 0 0]
 [0 0 0 1 0 0 0 0 0 0 0 0 0 0 0]
 [0 0 1 0 1 0 0 0 0 0 0 0 0 0 0]
 [1 0 1 0 0 0 0 0 0 0 0 0 0 0 0]
 [1 0 1 0 0 0 0 0 0 0 0 0 0 0 0]
 [1 0 1 0 0 0 0 0 0 0 0 0 0 0 0]
 [0 0 0 1 0 0 0 0 0 0 0 0 0 0 0]
 [0 0 0 0 0 0 0 0 0 1 0 0 1 0 0]
 [0 0 0 0 0 0 0 0 0 0 0 0 1 0 0]
 [0 0 0 0 0 1 0 0 0 0 0 0 0 0 0]
 [0 0 0 0 0 0 0 1 0 0 0 0 0 0 0]
 [0 1 0 0 0 0 0 0 0 0 0 0 0 0 0]
 [1 0 0 0 0 0 0 1 0 0 0 0 0 0 0]
 [0 0 0 0 0 0 0 0 1 0 0 0 0 0 0]
 [0 0 0 0 1 0 0 0 0 0 0 0 0 0 0]
 [0 0 0 0 0 0 0 0 0 0 1 0 0 0 0]
 [1 0 1 0 0 0 0 0 0 0 0 0 0 0 0]
 [0 0 1 0 0 0 0 0 0 0 0 0 0 0 0]
 [1 0 1 0 0 0 0 0 0 0 0 0 0 0 0]]
branch at -1
runtime for solving id of Q is 0.0010817022994160652
Simulation results:
{'J': 25, 'K': 15, 'N': 10, 'p': 0.9, 'seed': 43, 'sim': 6, 'runtime': 0.0010817022994160652, 'identifiable': 0, 'branch': -1}
7
Q: [[1 1 1 1 1 0 1 1 1 1 1 1 1 1 1]
 [1 1 1 1 1 1 1 1 1 1 1 1 1 1 1]
 [1 1 1 1 1 1 1 1 1 1 1 1 1 1 1]
 [1 1 0 1 1 1 1 1 1 1 1 1 1 1 1]
 [1 1 1 0 1 1 1 1 1 0 1 1 1 1 1]
 [1 1 1 1 1 1 1 1 1 0 1 1 1 1 1]
 [1 0 1 1 1 1 1 1 1 1 1 1 1 1 1]
 [1 1 1 1 1 1 1 1 1 1 1 1 1 1 1]
 [1 0 1 1 1 1 1 1 1 1 1 1 1 1 1]
 [1 0 1 1 1 1 1 1 1 1 1 1 1 1 1]
 [1 1 1 0 0 1 1 0 1 1 1 1 1 1 1]
 [1 1 1 1 1 1 1 1 1 1 1 1 1 1 1]
 [1 1 1 1 1 1 1 0 1 0 1 1 1 1 1]
 [0 1 1 1 1 0 1 0 1 1 1 1 1 1 1]
 [1 1 1 1 0 1 1 1 1 1 0 1 1 1 1]
 [1 1 1 1 1 1 1 1 1 1 1 1 1 1 1]
 [1 1 1 1 1 1 1 1 1 1 1 1 1 1 1]
 [1 1 1 1 1 1 1 1 1 1 1 1 1 0 1]
 [1 0 1 1 1 1 1 1 1 1 0 1 1 1 1]
 [1 1 1 1 1 1 1 0 1 0 1 1 1 0 1]
 [1 1 1 1 1 1 1 1 1 1 1 1 1 1 1]
 [1 1 0 1 0 1 1 1 1 1 1 1 1 1 1]
 [1 1 0 1 1 1 1 1 0 1 1 0 1 1 1]
 [1 0 1 1 1 1 1 1 1 1 0 1 1 1 1]
 [0 1 1 1 0 1 1 1 1 1 1 1 1 1 1]]
Q_basis with dimensions J < K, thus not identifiable.
Q is not identifiable, and Q_bar is [[0 0 0 0 0 0 0 0 0 1 0 0 0 0 0]
 [1 0 1 0 0 0 0 0 0 0 0 0 0 0 0]
 [1 0 1 0 0 0 0 0 0 0 0 0 0 0 0]
 [0 0 0 0 1 1 0 0 0 0 0 0 0 0 0]
 [0 0 0 0 0 0 0 1 0 0 0 0 0 0 0]
 [0 0 0 0 0 0 0 1 0 0 1 0 0 0 0]
 [0 0 0 1 0 0 0 0 0 0 0 0 0 0 0]
 [1 0 1 0 0 0 0 0 0 0 0 0 0 0 0]
 [0 0 0 1 0 0 0 0 0 0 0 0 0 0 0]
 [0 0 0 1 0 0 0 0 0 0 0 0 0 0 0]
 [0 0 0 0 0 0 1 0 0 0 0 0 0 0 0]
 [1 0 1 0 0 0 0 0 0 0 0 0 0 0 0]
 [0 0 0 0 0 0 0 0 0 0 0 1 0 0 0]
 [0 1 0 0 0 0 0 0 0 0 0 0 0 0 0]
 [0 0 0 0 0 0 0 0 1 0 0 0 0 0 0]
 [1 0 1 0 0 0 0 0 0 0 0 0 0 0 0]
 [1 0 1 0 0 0 0 0 0 0 0 0 0 0 0]
 [0 0 0 0 0 0 0 0 0 0 0 0 1 0 0]
 [0 0 1 0 0 0 0 0 0 0 0 0 0 0 0]
 [0 0 0 0 0 0 0 0 0 0 1 0 0 0 0]
 [1 0 1 0 0 0 0 0 0 0 0 0 0 0 0]
 [0 0 0 0 1 0 0 0 0 0 0 0 0 0 0]
 [0 0 0 0 0 1 0 0 0 0 0 0 0 0 0]
 [0 0 1 0 0 0 0 0 0 0 0 0 0 0 0]
 [1 0 0 0 0 0 0 0 0 0 0 0 0 0 0]]
branch at -1
runtime for solving id of Q is 0.0009822719730436802
Simulation results:
{'J': 25, 'K': 15, 'N': 10, 'p': 0.9, 'seed': 43, 'sim': 7, 'runtime': 0.0009822719730436802, 'identifiable': 0, 'branch': -1}
8
Q: [[0 1 1 1 1 1 1 1 1 1 1 1 1 1 1]
 [1 1 1 1 1 0 1 1 1 1 1 1 1 1 1]
 [1 1 1 0 1 1 1 1 1 1 1 1 1 1 0]
 [0 1 1 0 1 1 1 1 1 0 1 1 1 1 1]
 [1 1 0 1 1 1 1 1 1 0 0 1 1 0 1]
 [1 1 1 1 0 1 1 1 1 1 1 1 1 1 1]
 [1 1 1 0 1 1 1 1 0 0 1 1 1 1 1]
 [1 1 0 1 1 1 1 1 1 1 1 1 1 1 1]
 [1 1 1 1 0 1 1 1 1 1 1 1 1 1 0]
 [1 1 1 1 1 1 1 1 1 1 1 0 0 1 1]
 [1 1 1 1 1 1 0 1 1 1 1 1 1 1 1]
 [1 1 1 1 0 0 1 1 1 0 1 1 1 1 1]
 [1 1 1 1 1 0 1 1 1 1 1 0 1 1 0]
 [1 1 1 1 1 1 1 1 1 1 1 1 1 1 1]
 [1 0 1 1 1 1 1 1 1 1 0 1 1 1 1]
 [0 1 1 1 1 0 0 1 1 1 0 1 1 1 1]
 [1 1 0 0 1 1 0 1 1 1 1 1 1 0 1]
 [1 0 1 1 1 1 0 0 1 1 1 1 1 1 1]
 [1 1 1 1 1 1 1 1 1 1 0 1 1 1 1]
 [1 1 0 1 1 1 1 1 1 1 1 1 1 1 1]
 [1 1 1 1 1 1 1 1 1 1 1 1 1 1 1]
 [1 1 1 1 1 1 1 1 1 1 1 1 1 1 1]
 [0 1 1 1 1 1 1 1 1 1 1 1 1 1 1]
 [1 1 1 1 1 1 0 0 1 1 0 1 1 1 1]
 [1 1 1 1 1 1 1 1 1 1 1 1 1 1 1]]
Q_basis with dimensions J < K, thus not identifiable.
Q is not identifiable, and Q_bar is [[1 1 0 0 0 0 0 0 0 0 0 0 0 0 0]
 [0 1 0 0 0 0 0 0 0 1 0 0 0 0 0]
 [0 0 0 0 0 0 0 0 1 0 0 0 0 0 0]
 [1 0 0 0 0 0 0 0 0 0 0 0 0 0 0]
 [0 0 0 0 0 1 0 0 0 0 0 0 0 0 0]
 [0 0 0 0 0 0 0 0 0 1 1 0 0 0 0]
 [0 0 0 0 0 0 0 1 0 0 0 0 0 0 0]
 [0 0 0 0 0 0 1 0 0 0 0 0 0 0 0]
 [0 0 0 0 0 0 0 0 0 0 1 0 0 0 0]
 [0 0 0 0 0 0 0 0 0 0 0 0 0 1 0]
 [0 1 1 0 0 0 0 0 0 0 0 0 0 0 0]
 [0 0 0 0 0 0 0 0 0 1 0 0 0 0 0]
 [0 0 0 0 0 0 0 0 0 0 0 1 0 0 0]
 [1 0 1 0 0 0 0 0 0 0 0 0 0 0 0]
 [0 0 0 1 0 0 0 0 0 0 0 0 0 0 0]
 [0 1 0 0 0 0 0 0 0 0 0 0 0 0 0]
 [0 0 0 0 1 0 0 0 0 0 0 0 0 0 0]
 [0 0 1 0 0 0 0 0 0 0 0 0 0 0 0]
 [0 1 0 1 0 0 0 0 0 0 0 0 0 0 0]
 [0 0 0 0 0 0 1 0 0 0 0 0 0 0 0]
 [1 0 1 0 0 0 0 0 0 0 0 0 0 0 0]
 [1 0 1 0 0 0 0 0 0 0 0 0 0 0 0]
 [1 1 0 0 0 0 0 0 0 0 0 0 0 0 0]
 [0 0 0 0 0 0 0 0 0 0 0 0 1 0 0]
 [1 0 1 0 0 0 0 0 0 0 0 0 0 0 0]]
branch at -1
runtime for solving id of Q is 0.001059024129062891
Simulation results:
{'J': 25, 'K': 15, 'N': 10, 'p': 0.9, 'seed': 43, 'sim': 8, 'runtime': 0.001059024129062891, 'identifiable': 0, 'branch': -1}
9
Q: [[1 1 1 1 1 1 1 1 1 1 1 1 1 1 0]
 [1 1 1 1 1 1 0 1 1 1 1 1 1 1 1]
 [1 1 1 1 0 1 1 1 1 1 1 1 1 1 1]
 [1 1 1 1 1 0 0 1 1 1 1 1 1 1 1]
 [1 1 1 1 1 1 1 1 1 0 1 1 1 1 1]
 [1 1 1 1 0 1 0 1 1 1 1 1 1 1 1]
 [1 1 1 1 1 1 1 1 1 0 1 0 1 1 1]
 [1 1 1 1 1 1 1 1 1 0 1 1 1 1 1]
 [1 1 0 1 1 1 1 1 1 1 1 1 1 1 1]
 [1 1 1 1 1 1 1 0 1 1 1 0 1 0 1]
 [1 1 1 1 1 1 1 1 1 1 1 1 1 1 1]
 [1 1 1 1 1 1 1 1 1 1 1 1 1 1 1]
 [1 0 1 1 1 0 1 1 1 1 1 1 1 1 1]
 [0 1 1 1 1 1 0 1 1 1 1 1 1 1 1]
 [1 1 1 1 1 1 1 1 1 0 1 1 1 1 1]
 [1 1 1 1 0 1 0 1 1 1 1 1 1 1 1]
 [1 1 1 0 1 1 1 1 1 1 1 1 1 1 1]
 [1 1 1 1 1 1 1 1 1 1 1 1 1 1 1]
 [1 1 1 1 1 0 1 1 1 0 1 1 1 1 1]
 [1 1 1 1 1 1 1 0 1 0 1 1 1 1 1]
 [1 1 1 1 1 1 0 1 1 1 1 1 0 1 1]
 [1 1 1 1 1 1 1 1 1 1 1 1 1 1 1]
 [1 1 1 1 1 1 1 1 1 1 1 1 1 1 1]
 [0 0 1 1 1 1 1 1 1 1 1 1 1 0 1]
 [1 1 1 1 1 1 1 1 1 1 1 1 1 1 1]]
Q_basis with dimensions J < K, thus not identifiable.
Q is not identifiable, and Q_bar is [[0 0 0 0 0 0 0 0 0 0 0 0 0 1 0]
 [0 1 0 0 0 1 0 0 0 0 0 0 0 0 0]
 [0 0 0 0 0 0 1 0 0 0 0 0 0 0 0]
 [0 0 0 0 0 0 0 1 0 0 0 0 0 0 0]
 [0 0 0 0 0 0 0 0 1 0 1 0 0 0 0]
 [0 0 0 0 0 1 0 0 0 0 0 0 0 0 0]
 [0 0 0 0 0 0 0 0 0 0 0 0 1 0 0]
 [0 0 0 0 0 0 0 0 1 0 1 0 0 0 0]
 [0 0 0 1 0 0 0 0 0 0 0 0 0 0 0]
 [0 0 0 0 0 0 0 0 0 0 0 1 0 0 0]
 [0 1 1 0 0 0 0 0 0 0 0 0 0 0 0]
 [0 1 1 0 0 0 0 0 0 0 0 0 0 0 0]
 [0 0 1 0 0 0 0 0 0 0 0 0 0 0 0]
 [0 1 0 0 0 0 0 0 0 0 0 0 0 0 0]
 [0 0 0 0 0 0 0 0 1 0 1 0 0 0 0]
 [0 0 0 0 0 1 0 0 0 0 0 0 0 0 0]
 [0 0 0 0 1 0 0 0 0 0 0 0 0 0 0]
 [0 1 1 0 0 0 0 0 0 0 0 0 0 0 0]
 [0 0 0 0 0 0 0 0 1 0 0 0 0 0 0]
 [0 0 0 0 0 0 0 0 0 0 1 0 0 0 0]
 [0 0 0 0 0 0 0 0 0 1 0 0 0 0 0]
 [0 1 1 0 0 0 0 0 0 0 0 0 0 0 0]
 [0 1 1 0 0 0 0 0 0 0 0 0 0 0 0]
 [1 0 0 0 0 0 0 0 0 0 0 0 0 0 0]
 [0 1 1 0 0 0 0 0 0 0 0 0 0 0 0]]
branch at -1
runtime for solving id of Q is 0.0010127821005880833
Simulation results:
{'J': 25, 'K': 15, 'N': 10, 'p': 0.9, 'seed': 43, 'sim': 9, 'runtime': 0.0010127821005880833, 'identifiable': 0, 'branch': -1}
Simulation results:
[{'J': 25, 'K': 15, 'N': 10, 'p': 0.9, 'seed': 43, 'sim': 0, 'runtime': 0.0012127538211643696, 'identifiable': 0, 'branch': -1}, {'J': 25, 'K': 15, 'N': 10, 'p': 0.9, 'seed': 43, 'sim': 1, 'runtime': 0.0010274318046867847, 'identifiable': 0, 'branch': -1}, {'J': 25, 'K': 15, 'N': 10, 'p': 0.9, 'seed': 43, 'sim': 2, 'runtime': 0.000965398270636797, 'identifiable': 0, 'branch': -1}, {'J': 25, 'K': 15, 'N': 10, 'p': 0.9, 'seed': 43, 'sim': 3, 'runtime': 0.001126494724303484, 'identifiable': 0, 'branch': 1}, {'J': 25, 'K': 15, 'N': 10, 'p': 0.9, 'seed': 43, 'sim': 4, 'runtime': 0.0014282832853496075, 'identifiable': 0, 'branch': 2}, {'J': 25, 'K': 15, 'N': 10, 'p': 0.9, 'seed': 43, 'sim': 5, 'runtime': 0.0014259829185903072, 'identifiable': 0, 'branch': 2}, {'J': 25, 'K': 15, 'N': 10, 'p': 0.9, 'seed': 43, 'sim': 6, 'runtime': 0.0010817022994160652, 'identifiable': 0, 'branch': -1}, {'J': 25, 'K': 15, 'N': 10, 'p': 0.9, 'seed': 43, 'sim': 7, 'runtime': 0.0009822719730436802, 'identifiable': 0, 'branch': -1}, {'J': 25, 'K': 15, 'N': 10, 'p': 0.9, 'seed': 43, 'sim': 8, 'runtime': 0.001059024129062891, 'identifiable': 0, 'branch': -1}, {'J': 25, 'K': 15, 'N': 10, 'p': 0.9, 'seed': 43, 'sim': 9, 'runtime': 0.0010127821005880833, 'identifiable': 0, 'branch': -1}]
