
The Gurobi software has a limited number of licenses. To request a license or
licenses, add this line

    #SBATCH --licenses=gurobi@slurmdb:1

to your SBATCH script, replacing N with the number of licenses you need. Gurobi
will need one license per process.


0
Q: [[1 1 1 0 1 1 0 0 1 1]
 [1 1 1 0 1 1 1 0 1 1]
 [0 1 1 0 0 1 1 0 1 0]
 [1 1 0 1 1 1 1 1 0 1]
 [0 0 1 1 0 1 0 0 0 0]
 [0 1 0 1 1 0 0 0 0 1]
 [1 1 1 0 1 0 1 0 1 1]
 [0 0 0 0 1 0 0 1 0 1]
 [1 1 1 0 0 1 0 1 1 1]
 [1 0 1 1 0 1 0 1 1 1]
 [0 0 1 1 1 0 0 0 0 0]
 [1 1 0 0 0 0 1 1 0 1]
 [0 0 1 1 0 0 1 1 1 0]
 [1 1 0 0 0 0 1 0 1 0]
 [1 0 0 0 1 1 1 0 1 1]
 [1 1 0 1 0 1 0 0 1 0]
 [0 0 1 0 0 0 0 1 0 0]
 [1 1 0 1 1 0 1 0 0 1]
 [0 1 0 0 0 1 0 1 1 0]
 [1 1 1 1 0 0 1 1 1 0]
 [1 1 0 0 0 1 0 0 1 1]
 [1 0 0 1 1 0 0 0 0 1]
 [1 1 0 1 1 0 1 0 0 0]
 [0 1 0 1 0 1 0 0 0 1]
 [0 1 1 0 1 1 1 1 1 0]
 [0 1 1 0 1 0 0 1 1 1]
 [0 1 0 0 1 1 0 1 1 0]
 [1 0 0 0 1 0 0 1 1 1]
 [0 1 1 1 1 1 1 1 1 1]
 [0 0 1 0 1 1 0 1 1 1]
 [1 0 0 0 0 0 0 0 0 0]
 [1 1 1 1 0 1 1 0 0 0]
 [1 0 1 1 1 1 1 1 0 1]
 [1 0 1 0 0 1 1 0 0 1]
 [0 0 1 0 1 0 0 0 0 1]
 [0 1 1 0 1 0 0 1 0 1]
 [1 1 0 1 1 1 1 0 1 0]
 [1 0 0 1 1 1 0 1 0 1]
 [0 0 1 0 0 0 0 0 1 1]
 [0 1 1 1 0 1 0 1 1 0]
 [0 0 1 1 0 0 0 1 1 1]
 [0 1 0 0 1 0 1 0 0 1]
 [0 1 0 1 0 1 0 1 1 1]
 [1 1 0 1 0 0 1 1 1 0]
 [1 1 0 0 1 0 1 1 0 0]
 [1 0 0 1 1 1 0 1 0 0]
 [0 0 1 0 0 1 0 0 1 0]
 [0 0 0 0 0 0 0 0 1 1]
 [0 0 0 1 0 1 1 0 1 1]
 [1 1 1 0 1 1 0 1 1 1]
 [0 1 1 0 1 1 0 0 1 1]
 [1 0 1 0 0 1 0 1 0 1]
 [1 0 0 0 1 1 0 1 0 0]
 [0 1 0 1 1 1 1 1 0 1]
 [0 1 1 1 0 0 1 0 0 0]
 [1 1 1 1 1 1 1 0 0 1]
 [0 1 0 1 0 1 0 1 0 0]
 [1 0 1 0 0 1 1 1 1 1]
 [0 0 1 1 0 1 1 0 0 1]
 [0 1 1 0 0 0 1 0 1 1]
 [0 0 1 1 0 1 0 0 0 1]
 [0 1 1 0 0 0 1 1 1 1]
 [1 0 0 0 0 1 1 0 0 1]
 [0 1 1 0 1 0 1 0 0 0]
 [1 0 1 1 0 0 1 1 0 0]
 [0 1 0 1 0 1 1 1 0 1]
 [1 1 0 0 0 1 0 1 0 1]
 [1 0 1 1 0 0 0 0 0 1]
 [0 1 0 1 0 1 0 0 0 0]
 [0 0 0 0 1 1 0 1 0 1]
 [1 1 0 1 0 1 1 1 1 0]
 [0 1 0 0 0 1 0 1 1 1]
 [0 0 0 1 1 1 1 1 1 0]
 [1 0 0 1 0 1 0 1 0 1]
 [1 0 0 1 1 1 0 1 1 1]
 [0 0 1 1 1 1 1 1 0 1]
 [1 0 0 0 1 1 0 1 0 0]
 [1 0 0 1 0 1 0 1 0 0]
 [0 1 1 0 0 0 1 1 0 1]
 [1 0 1 1 1 0 1 0 0 1]
 [1 0 0 1 0 0 1 0 1 0]
 [1 0 0 1 0 0 0 0 0 0]
 [0 0 0 0 1 0 0 1 0 0]
 [1 1 0 1 1 0 0 1 1 1]
 [1 0 0 1 1 0 0 1 1 0]
 [0 1 0 1 1 0 0 1 1 1]
 [0 0 1 0 0 1 0 0 1 1]
 [1 0 1 1 1 1 1 0 1 0]
 [1 1 0 1 0 0 1 0 1 0]
 [0 1 0 1 0 0 1 0 0 1]
 [0 1 1 1 0 1 0 0 0 0]
 [1 1 1 1 0 1 1 0 0 1]
 [1 1 1 0 1 0 0 1 0 1]
 [0 0 1 1 1 0 1 0 0 0]
 [0 1 1 0 0 1 0 1 0 1]
 [1 1 0 1 1 1 0 0 1 1]
 [0 1 1 1 0 0 1 0 0 0]
 [1 0 1 1 0 0 0 0 0 0]
 [0 1 0 1 0 1 1 0 0 1]
 [1 1 0 0 0 1 0 1 1 0]]
{'restarts': 2, 'conflicts': 458, 'decisions': 1195, 'propagations': 664362}
Q is identifiable
branch at 6
runtime for solving id of Q is 0.7767371535301208
Simulation results:
{'J': 100, 'K': 10, 'N': 10, 'p': 0.5, 'seed': 39, 'sim': 0, 'runtime': 0.7767371535301208, 'identifiable': 1, 'branch': 6}
1
Q: [[0 0 0 0 1 1 0 0 0 1]
 [0 0 0 1 0 0 1 1 1 1]
 [1 0 1 0 0 1 1 0 0 1]
 [1 0 0 0 0 0 1 0 1 0]
 [0 0 0 1 0 0 1 0 1 0]
 [0 0 0 0 0 0 1 0 0 0]
 [1 1 1 1 1 1 1 0 0 1]
 [1 0 1 1 1 0 1 0 1 0]
 [1 1 1 1 1 0 0 1 0 0]
 [1 1 1 0 1 1 1 1 0 1]
 [0 1 0 1 0 0 0 0 0 1]
 [1 0 1 1 0 0 0 1 0 0]
 [0 1 1 0 1 0 1 0 1 0]
 [0 0 0 1 0 1 0 0 1 1]
 [0 0 1 1 0 1 1 0 1 0]
 [1 0 1 1 0 1 1 0 1 0]
 [0 0 1 1 1 0 0 0 0 1]
 [1 0 1 0 1 0 1 0 1 0]
 [1 0 0 1 0 0 0 0 1 0]
 [0 0 1 0 0 0 0 0 1 1]
 [1 0 1 1 0 1 1 1 1 1]
 [0 0 1 0 0 0 0 0 0 0]
 [1 1 1 1 1 0 1 1 1 0]
 [1 0 1 0 0 0 0 1 0 1]
 [1 1 0 0 0 0 1 1 0 0]
 [0 0 0 0 1 0 1 1 1 0]
 [1 1 0 1 1 0 1 0 1 0]
 [1 1 0 1 0 0 1 1 1 0]
 [0 1 0 0 1 0 0 0 0 0]
 [1 1 1 1 1 0 1 1 1 0]
 [0 0 1 1 0 1 1 1 0 0]
 [0 0 1 0 0 1 1 0 1 0]
 [1 1 0 1 1 1 0 0 1 1]
 [1 0 1 0 1 1 0 0 0 1]
 [0 1 1 1 0 0 0 0 1 1]
 [0 0 1 0 1 1 1 1 1 1]
 [0 0 1 0 0 0 1 1 0 0]
 [1 0 0 0 0 0 1 1 1 1]
 [0 0 1 0 0 1 0 0 1 1]
 [0 1 0 1 1 0 1 0 0 1]
 [1 1 1 1 1 1 0 1 0 0]
 [1 1 1 1 0 1 1 1 1 0]
 [0 0 1 1 1 1 1 0 0 1]
 [0 0 1 0 1 1 0 1 0 1]
 [0 0 1 1 0 1 1 1 1 0]
 [0 1 0 0 0 0 0 0 1 1]
 [0 1 0 0 0 1 0 1 1 0]
 [1 0 0 1 1 0 1 0 1 1]
 [1 0 1 0 0 0 1 0 1 0]
 [1 1 1 0 0 0 0 0 0 0]
 [0 0 0 0 0 0 1 1 1 0]
 [1 0 0 0 0 1 0 0 0 0]
 [0 0 1 1 0 1 0 1 1 1]
 [0 0 1 1 0 0 1 0 1 1]
 [0 1 0 1 0 0 0 0 1 1]
 [1 0 1 0 1 0 1 1 0 0]
 [0 0 1 0 1 1 0 0 0 0]
 [1 0 0 1 0 1 0 1 0 0]
 [0 0 0 1 0 0 1 0 1 0]
 [0 1 1 0 0 0 1 0 1 1]
 [0 1 0 0 1 0 0 0 1 1]
 [1 1 0 0 0 0 0 0 0 0]
 [0 1 0 0 1 1 1 1 1 1]
 [1 0 0 0 0 1 1 1 1 1]
 [1 1 0 1 0 0 1 0 1 1]
 [0 1 0 1 0 0 0 1 1 0]
 [1 0 0 1 0 1 1 0 1 1]
 [0 1 0 1 1 1 1 1 0 1]
 [0 0 0 1 1 1 0 1 1 1]
 [0 1 0 1 0 0 0 1 1 0]
 [1 1 0 1 1 0 1 1 0 0]
 [1 1 0 1 1 1 0 0 0 1]
 [0 1 1 0 1 0 1 1 1 1]
 [1 0 1 0 1 0 0 0 0 0]
 [1 1 1 1 0 1 0 1 1 0]
 [1 1 1 1 0 1 1 0 0 1]
 [0 1 1 1 1 1 0 1 0 1]
 [1 1 1 1 0 0 1 0 0 0]
 [1 1 0 1 0 1 0 1 0 1]
 [0 1 0 1 0 0 1 1 0 1]
 [0 1 0 0 0 1 0 0 1 1]
 [1 0 1 0 1 0 0 0 1 1]
 [0 1 0 0 1 0 0 1 0 0]
 [1 0 0 1 0 0 0 1 0 1]
 [0 0 1 1 0 0 1 1 0 0]
 [1 1 1 0 1 1 1 0 0 0]
 [0 0 0 1 1 0 0 1 0 0]
 [0 0 1 0 1 1 1 0 1 1]
 [0 1 1 0 0 1 1 0 1 0]
 [1 1 1 0 0 0 0 0 1 0]
 [1 0 0 0 0 1 1 0 0 1]
 [1 0 1 0 1 0 0 0 1 0]
 [1 1 1 0 1 1 1 1 0 0]
 [0 0 1 0 1 0 1 1 0 0]
 [1 1 0 0 1 0 1 1 0 0]
 [0 0 1 1 0 1 1 0 0 0]
 [1 0 0 1 1 0 0 0 1 0]
 [0 0 1 1 0 1 1 1 1 1]
 [0 0 0 0 1 1 1 1 0 1]
 [1 0 1 0 1 0 1 1 0 0]]
{'restarts': 1, 'conflicts': 347, 'decisions': 759, 'propagations': 574419}
Q is identifiable
branch at 6
runtime for solving id of Q is 0.7720544207841158
Simulation results:
{'J': 100, 'K': 10, 'N': 10, 'p': 0.5, 'seed': 39, 'sim': 1, 'runtime': 0.7720544207841158, 'identifiable': 1, 'branch': 6}
2
Q: [[0 0 0 1 0 1 1 0 0 1]
 [1 0 1 1 1 1 0 0 1 1]
 [1 1 1 0 1 1 1 1 0 0]
 [0 0 0 0 0 1 0 0 0 1]
 [0 1 0 0 0 1 0 0 1 1]
 [0 0 1 0 0 0 1 0 1 1]
 [1 1 0 1 0 0 1 0 1 0]
 [0 1 0 0 0 0 0 0 0 0]
 [1 0 1 0 0 0 0 1 0 0]
 [0 0 0 0 1 0 1 1 1 0]
 [1 1 0 0 1 0 0 0 1 0]
 [0 0 0 0 0 1 0 0 1 0]
 [1 1 1 0 1 0 0 1 0 1]
 [0 0 0 1 1 1 1 0 1 0]
 [1 1 1 1 0 0 0 1 0 0]
 [1 0 0 0 0 0 0 1 0 1]
 [1 0 1 1 1 1 0 0 0 1]
 [0 0 0 1 0 1 0 0 1 1]
 [1 1 0 1 0 0 0 0 1 0]
 [0 1 0 0 1 1 1 0 1 0]
 [0 0 0 0 0 0 1 0 0 0]
 [0 1 1 1 0 1 0 1 1 1]
 [0 1 0 0 1 1 1 0 0 0]
 [1 1 1 1 0 1 1 0 0 1]
 [1 0 0 0 1 1 0 1 0 0]
 [1 1 1 1 1 0 0 0 0 1]
 [1 0 1 0 1 1 1 0 1 0]
 [0 0 1 0 0 1 0 0 0 0]
 [1 0 0 0 0 1 1 0 1 1]
 [0 0 0 0 1 1 0 0 0 0]
 [1 1 0 0 1 1 0 0 0 1]
 [1 1 0 1 1 0 1 1 0 0]
 [1 0 0 0 1 0 0 0 1 0]
 [1 1 0 1 1 0 0 1 0 1]
 [1 1 0 0 0 1 1 0 0 1]
 [0 1 1 1 1 1 1 1 0 1]
 [1 0 0 1 0 1 1 1 1 0]
 [0 1 1 0 0 0 1 0 0 1]
 [1 0 0 1 0 0 0 0 1 0]
 [0 1 1 1 1 1 1 0 1 1]
 [1 0 1 1 1 0 1 0 1 1]
 [1 0 1 0 0 1 0 1 1 1]
 [0 0 0 1 1 1 0 1 0 0]
 [1 1 1 0 1 0 0 1 1 1]
 [1 0 0 0 1 0 0 0 1 0]
 [1 0 0 1 1 0 1 1 1 1]
 [0 0 0 1 1 1 1 1 1 1]
 [0 0 0 1 0 1 1 1 1 0]
 [0 0 0 1 1 1 0 1 1 0]
 [0 0 1 0 0 1 1 0 0 0]
 [0 1 1 0 1 0 1 0 1 0]
 [0 0 1 1 1 0 1 1 0 0]
 [0 1 0 0 1 1 1 0 1 1]
 [0 1 0 1 0 0 0 1 1 0]
 [1 1 0 0 1 0 0 1 0 0]
 [1 1 0 0 1 1 0 0 0 1]
 [0 1 1 1 0 0 1 1 0 0]
 [0 1 0 0 1 1 0 0 1 1]
 [0 1 1 1 0 0 0 0 0 1]
 [1 0 1 0 0 1 1 1 0 1]
 [1 0 1 1 1 0 0 1 1 1]
 [0 1 1 1 0 1 1 0 1 1]
 [0 0 0 0 1 0 0 0 0 0]
 [0 1 0 1 1 0 1 1 0 1]
 [1 1 1 0 0 0 1 1 0 0]
 [0 0 1 0 0 1 1 0 0 1]
 [0 0 0 0 1 0 1 1 1 1]
 [1 0 0 1 1 0 1 0 1 1]
 [1 0 0 1 1 1 0 0 1 1]
 [1 1 0 0 1 1 0 0 1 1]
 [0 1 1 0 1 0 1 0 0 1]
 [1 1 1 1 1 0 0 0 1 0]
 [0 0 0 1 1 1 0 1 1 1]
 [0 1 0 1 1 1 1 0 1 1]
 [1 1 1 1 1 1 0 0 1 1]
 [0 0 0 1 0 1 1 1 1 1]
 [1 1 1 0 0 1 1 1 1 0]
 [1 1 0 0 1 1 1 1 1 1]
 [1 0 0 0 0 1 0 0 1 0]
 [1 0 1 1 0 0 1 1 0 0]
 [1 1 1 0 1 0 0 1 0 0]
 [1 1 1 1 1 1 1 0 1 1]
 [1 1 0 0 0 1 0 0 1 0]
 [0 1 1 1 0 0 1 0 0 0]
 [0 1 0 1 0 1 1 1 1 0]
 [0 0 0 1 0 0 1 1 0 0]
 [1 1 1 0 0 1 0 0 1 1]
 [1 1 1 0 1 1 0 0 0 1]
 [0 1 0 0 0 0 0 1 0 1]
 [1 1 0 1 1 1 1 1 0 1]
 [1 1 1 1 0 0 1 1 1 1]
 [0 1 0 0 0 1 1 1 0 1]
 [0 0 0 0 0 1 1 1 1 0]
 [1 0 0 0 1 1 1 0 0 1]
 [1 0 1 1 1 1 0 1 0 1]
 [0 0 1 0 0 1 0 1 0 0]
 [0 1 1 0 1 0 0 1 0 0]
 [1 1 1 1 1 0 1 0 1 0]
 [0 0 1 1 0 1 1 0 0 1]
 [0 1 1 0 0 1 1 0 1 0]]
{'restarts': 1, 'conflicts': 200, 'decisions': 441, 'propagations': 238392}
Q is identifiable
branch at 6
runtime for solving id of Q is 0.5229431753978133
Simulation results:
{'J': 100, 'K': 10, 'N': 10, 'p': 0.5, 'seed': 39, 'sim': 2, 'runtime': 0.5229431753978133, 'identifiable': 1, 'branch': 6}
3
Q: [[0 0 1 1 0 0 0 1 1 0]
 [0 0 1 1 0 1 1 0 1 0]
 [0 1 1 1 0 1 1 0 0 1]
 [0 1 0 0 1 1 0 1 1 0]
 [1 0 0 1 1 1 1 0 1 0]
 [1 1 0 1 0 0 1 1 1 1]
 [1 0 1 1 1 0 0 0 1 0]
 [1 0 1 0 1 0 1 1 0 1]
 [0 1 1 0 0 0 0 0 1 0]
 [1 1 1 0 1 1 0 1 1 0]
 [1 0 1 1 1 1 0 0 1 0]
 [0 0 1 1 0 1 1 1 1 0]
 [1 0 0 1 1 1 1 0 0 0]
 [1 1 0 0 0 0 1 1 0 1]
 [1 1 1 0 0 1 1 0 1 0]
 [1 0 0 1 1 0 0 0 0 1]
 [0 1 1 1 1 1 1 0 1 0]
 [0 1 0 0 1 0 0 0 0 1]
 [1 0 0 1 0 0 1 1 1 1]
 [1 1 1 0 0 0 1 0 0 1]
 [0 0 0 1 1 1 0 0 0 0]
 [0 1 1 0 1 0 0 0 1 0]
 [1 1 0 0 1 1 1 1 0 1]
 [1 1 1 0 1 0 0 0 0 1]
 [1 0 1 0 0 0 0 0 0 1]
 [1 1 1 1 1 1 1 1 0 0]
 [1 0 0 1 1 1 1 1 1 0]
 [0 0 1 1 1 1 0 1 0 0]
 [1 1 0 1 1 1 1 1 0 0]
 [0 1 1 0 1 1 1 1 1 0]
 [0 0 1 0 1 0 1 0 1 0]
 [0 0 1 0 0 0 0 1 1 0]
 [1 0 1 1 1 1 1 0 0 1]
 [1 0 1 1 1 1 0 0 0 1]
 [0 0 0 1 1 1 0 0 1 0]
 [0 0 0 1 1 1 1 0 1 0]
 [1 0 1 1 0 1 1 1 0 1]
 [0 1 0 1 0 1 0 1 0 0]
 [0 0 1 1 1 1 1 1 1 0]
 [1 1 0 1 0 1 0 0 1 1]
 [1 1 1 1 1 0 0 1 1 0]
 [0 0 0 0 1 0 1 1 1 0]
 [1 1 0 1 0 1 0 0 0 1]
 [0 0 0 0 0 0 0 1 1 0]
 [1 1 0 1 1 1 0 0 1 0]
 [0 1 0 1 1 1 1 1 0 1]
 [0 0 1 0 1 0 0 0 1 0]
 [1 1 0 1 0 1 0 1 1 1]
 [0 0 1 1 1 1 1 0 0 1]
 [1 1 1 0 1 1 0 1 1 0]
 [1 0 1 0 1 0 1 1 1 0]
 [0 1 0 0 0 0 0 0 0 0]
 [0 1 1 0 1 1 1 0 0 1]
 [0 1 1 1 1 1 1 1 0 0]
 [1 1 0 1 1 1 0 0 0 1]
 [1 1 1 1 0 0 0 0 0 0]
 [1 0 1 0 0 0 0 0 1 1]
 [0 1 1 1 1 0 1 0 0 0]
 [0 1 1 0 1 0 1 0 1 1]
 [0 0 0 1 0 1 0 1 1 1]
 [1 1 1 0 1 0 0 1 1 1]
 [0 1 0 0 0 0 1 1 1 0]
 [1 0 1 0 0 0 1 0 1 0]
 [1 1 0 0 0 1 1 1 0 0]
 [1 0 1 1 0 0 0 1 0 0]
 [1 0 0 1 0 1 1 0 1 0]
 [0 1 0 0 0 0 1 1 0 1]
 [0 1 1 1 0 0 1 1 0 0]
 [1 0 0 1 1 1 0 1 0 0]
 [0 0 1 0 0 0 0 1 0 1]
 [0 1 1 1 0 1 0 1 0 1]
 [1 1 0 0 1 0 0 0 1 1]
 [0 0 1 1 0 1 1 1 1 1]
 [0 1 1 1 1 1 1 1 0 1]
 [0 0 0 1 1 0 1 0 1 0]
 [0 0 1 1 1 0 1 1 1 1]
 [0 0 0 1 1 1 1 1 0 1]
 [1 0 1 1 1 0 0 0 1 1]
 [0 0 1 0 1 0 0 0 0 0]
 [0 0 0 1 1 1 1 1 0 0]
 [1 1 1 1 0 0 1 1 1 1]
 [1 1 1 1 0 1 1 0 1 0]
 [1 1 0 1 1 1 1 0 0 0]
 [0 1 1 0 1 0 0 1 0 1]
 [1 0 1 1 0 0 1 0 1 0]
 [1 1 1 1 0 0 1 1 0 1]
 [1 0 0 1 0 0 1 0 1 1]
 [0 1 1 1 1 0 0 0 1 0]
 [0 1 1 1 0 0 1 1 1 0]
 [0 0 1 0 1 1 0 0 0 1]
 [1 0 0 1 0 0 1 0 1 0]
 [0 0 1 0 0 0 1 1 0 0]
 [1 0 1 1 1 1 1 1 1 1]
 [0 0 0 1 1 0 0 1 0 0]
 [1 0 1 0 0 1 1 0 1 1]
 [1 1 1 1 0 1 1 1 1 0]
 [1 1 0 0 1 1 0 0 1 0]
 [1 1 1 0 0 0 1 1 0 0]
 [1 1 0 0 1 1 1 0 0 1]
 [0 0 1 0 1 1 1 0 1 0]]
{'restarts': 2, 'conflicts': 893, 'decisions': 1809, 'propagations': 1638227}
Q is identifiable
branch at 6
runtime for solving id of Q is 0.8714600102975965
Simulation results:
{'J': 100, 'K': 10, 'N': 10, 'p': 0.5, 'seed': 39, 'sim': 3, 'runtime': 0.8714600102975965, 'identifiable': 1, 'branch': 6}
4
Q: [[1 0 1 1 1 0 0 1 1 0]
 [0 0 0 1 1 1 0 0 1 0]
 [0 1 1 1 0 1 0 0 1 0]
 [0 0 0 0 0 0 0 0 0 0]
 [0 0 1 1 0 1 1 0 0 0]
 [1 1 1 0 0 0 1 0 0 1]
 [1 1 0 0 0 1 1 1 1 0]
 [0 1 0 0 1 1 0 0 1 1]
 [0 1 1 0 0 1 0 1 1 1]
 [0 1 0 1 0 1 1 1 0 1]
 [0 1 1 1 1 1 1 1 0 1]
 [1 1 1 1 1 1 0 0 1 0]
 [1 0 1 0 0 0 0 0 0 0]
 [1 0 1 0 0 0 0 0 1 0]
 [0 1 0 1 1 0 0 0 1 1]
 [0 0 0 1 1 0 1 1 1 1]
 [0 0 0 1 0 0 0 1 0 1]
 [1 0 1 0 1 0 1 1 0 1]
 [0 1 1 0 0 0 0 1 1 0]
 [1 0 0 1 1 0 1 1 0 1]
 [0 0 0 0 1 0 1 0 0 1]
 [1 0 0 0 0 1 0 0 0 1]
 [1 1 1 1 1 1 1 1 1 0]
 [1 1 0 0 0 1 1 0 0 1]
 [1 0 0 1 0 1 0 0 1 0]
 [0 1 1 1 0 1 0 1 1 1]
 [1 0 1 1 1 1 0 0 1 1]
 [0 0 0 0 0 0 1 1 0 0]
 [0 0 1 1 0 1 1 1 1 0]
 [0 1 0 1 1 1 1 0 1 0]
 [1 1 0 1 1 0 1 1 1 0]
 [1 0 1 1 1 0 0 1 1 0]
 [0 1 1 0 1 0 0 1 0 1]
 [1 0 1 1 1 1 0 1 0 1]
 [0 1 0 1 1 1 1 1 1 1]
 [0 0 1 1 0 0 1 0 0 0]
 [1 0 0 1 0 0 0 0 0 1]
 [1 1 0 0 0 0 0 0 0 0]
 [0 1 0 1 0 1 0 1 0 0]
 [1 1 0 0 0 1 1 1 1 1]
 [1 1 1 1 0 0 1 0 1 0]
 [1 0 0 0 0 1 1 0 1 0]
 [0 0 0 0 1 1 0 0 0 1]
 [1 1 1 0 1 1 0 0 0 1]
 [0 0 1 0 0 1 0 1 0 1]
 [1 1 0 1 0 0 1 1 0 0]
 [0 1 1 0 1 0 1 1 1 0]
 [0 0 0 0 0 1 1 1 1 1]
 [0 0 0 0 0 1 1 0 1 1]
 [1 1 0 1 0 0 1 1 1 0]
 [1 0 0 1 1 0 1 0 1 0]
 [0 0 0 1 1 1 0 1 1 0]
 [1 1 1 1 1 1 1 1 0 0]
 [0 0 1 0 1 0 1 0 1 1]
 [1 0 1 0 1 1 1 1 0 0]
 [1 1 0 0 1 0 1 0 1 0]
 [1 0 0 1 1 0 0 1 1 0]
 [1 1 0 0 0 0 0 0 1 0]
 [0 1 1 1 0 1 1 0 1 0]
 [0 0 0 0 0 1 1 0 0 0]
 [1 1 1 1 1 0 0 1 1 0]
 [0 1 1 1 0 1 0 1 1 1]
 [1 0 1 1 1 1 0 0 1 1]
 [0 0 1 0 1 1 0 1 0 1]
 [1 0 1 1 0 0 0 1 1 1]
 [0 0 1 1 1 1 1 1 1 1]
 [1 0 0 1 1 1 0 1 1 0]
 [0 1 0 1 1 1 1 1 1 1]
 [0 0 1 1 0 0 1 1 1 1]
 [1 1 0 1 1 1 0 1 1 1]
 [0 1 1 0 1 1 0 0 1 0]
 [1 1 0 0 1 0 0 1 1 0]
 [1 0 1 1 1 0 1 0 1 1]
 [1 0 0 1 1 0 0 1 0 0]
 [1 1 1 0 1 1 1 1 1 1]
 [0 1 0 1 1 0 1 1 0 0]
 [1 1 0 0 1 0 1 1 1 0]
 [0 1 0 1 0 1 0 1 1 0]
 [0 1 1 1 1 1 1 0 0 0]
 [0 1 0 1 1 0 1 1 0 0]
 [1 0 1 1 1 1 0 1 0 0]
 [1 0 1 1 0 1 0 1 0 1]
 [1 1 1 0 1 0 1 0 1 1]
 [1 0 1 0 1 0 0 0 0 1]
 [0 0 1 0 1 1 0 0 0 1]
 [1 1 1 1 0 1 1 1 0 0]
 [0 0 0 0 0 1 0 0 0 1]
 [0 0 1 0 0 0 0 1 0 1]
 [0 1 1 1 1 0 0 0 0 0]
 [0 1 1 1 0 0 0 0 0 1]
 [0 0 1 1 1 0 0 1 1 0]
 [0 1 1 0 0 1 0 1 1 0]
 [1 0 0 0 1 1 1 1 1 1]
 [1 0 0 0 0 1 1 1 1 1]
 [0 1 0 0 0 1 0 0 1 0]
 [1 1 0 0 1 1 1 1 0 1]
 [1 1 1 0 1 0 1 0 0 0]
 [1 0 1 0 1 0 1 1 0 1]
 [0 0 1 0 1 0 0 0 0 1]
 [0 1 1 1 1 1 1 0 0 0]]
{'restarts': 1, 'conflicts': 217, 'decisions': 622, 'propagations': 313793}
Q is identifiable
branch at 6
runtime for solving id of Q is 0.5556836891919374
Simulation results:
{'J': 100, 'K': 10, 'N': 10, 'p': 0.5, 'seed': 39, 'sim': 4, 'runtime': 0.5556836891919374, 'identifiable': 1, 'branch': 6}
5
Q: [[1 0 0 1 1 0 1 1 0 0]
 [0 0 1 0 1 0 0 1 0 1]
 [0 1 0 1 1 0 0 0 1 0]
 [1 1 0 0 1 1 1 1 0 0]
 [0 0 0 1 1 1 1 1 0 1]
 [1 1 0 1 1 0 1 1 0 0]
 [1 0 1 0 1 0 0 0 0 0]
 [0 0 0 0 0 1 0 1 0 0]
 [1 1 1 0 0 1 1 1 1 0]
 [0 1 1 1 0 0 1 0 0 1]
 [0 1 0 1 0 1 1 1 1 1]
 [0 0 1 1 0 1 0 0 0 0]
 [0 0 1 1 0 0 1 0 0 0]
 [0 1 1 1 1 0 0 0 1 0]
 [1 1 1 0 0 0 0 1 0 0]
 [1 0 1 0 0 1 0 0 1 1]
 [0 0 0 1 0 1 1 1 0 1]
 [1 0 0 0 1 0 1 1 0 0]
 [1 1 0 0 1 1 0 0 1 1]
 [1 0 0 1 0 1 1 0 1 1]
 [1 1 0 0 0 1 1 1 0 1]
 [1 1 0 1 0 1 1 0 1 0]
 [0 1 0 1 1 0 1 0 1 0]
 [0 1 1 1 0 0 0 1 0 0]
 [0 1 0 1 1 0 0 0 1 0]
 [1 0 0 0 1 0 0 1 1 0]
 [1 1 0 0 1 0 1 0 0 0]
 [1 0 1 1 1 1 1 0 0 1]
 [0 0 1 0 0 1 1 0 0 0]
 [0 0 0 1 1 1 0 1 0 0]
 [0 1 0 1 1 1 0 1 0 0]
 [1 1 1 1 1 1 0 0 1 0]
 [1 0 0 1 1 1 1 0 1 1]
 [0 0 1 1 0 1 1 1 0 0]
 [1 0 1 0 1 0 1 0 1 1]
 [1 0 0 0 1 0 0 0 1 0]
 [0 1 1 0 1 1 1 0 1 0]
 [0 0 0 0 1 1 1 0 1 0]
 [1 1 1 1 1 0 0 1 1 1]
 [0 0 1 0 1 1 1 0 1 1]
 [1 1 1 0 1 0 1 0 1 0]
 [0 1 1 0 1 1 0 1 0 0]
 [0 1 1 0 1 0 0 0 0 1]
 [0 0 0 0 1 1 0 0 1 1]
 [1 0 1 0 0 1 0 1 0 0]
 [1 0 0 1 1 0 0 1 0 0]
 [1 1 0 0 0 1 1 0 1 0]
 [0 1 1 1 0 1 0 0 0 1]
 [0 0 1 1 0 0 1 0 0 1]
 [1 1 0 1 1 1 1 0 0 1]
 [1 1 1 1 1 0 0 1 0 1]
 [0 0 0 0 1 0 1 1 0 1]
 [1 1 0 0 0 1 1 1 1 1]
 [0 0 1 1 0 1 0 0 0 1]
 [0 0 1 1 1 1 0 0 1 1]
 [0 1 1 1 1 1 0 1 0 0]
 [1 0 1 1 0 0 0 1 0 1]
 [1 1 0 1 0 1 0 1 0 0]
 [1 0 1 0 1 1 1 1 0 0]
 [0 1 1 0 0 1 0 1 1 1]
 [1 0 1 0 0 1 0 1 0 1]
 [1 0 1 1 0 0 1 1 1 1]
 [1 0 1 0 0 0 1 0 0 0]
 [0 1 1 0 1 0 0 0 0 1]
 [1 0 0 0 1 1 1 1 0 0]
 [1 1 1 1 1 0 1 0 0 1]
 [0 1 0 1 0 0 1 1 1 0]
 [0 0 0 0 1 1 1 0 0 1]
 [1 1 0 0 1 0 0 0 0 1]
 [0 1 1 0 0 1 1 1 1 0]
 [1 1 1 0 0 0 1 1 1 0]
 [1 0 1 0 1 0 1 1 0 1]
 [1 0 0 0 1 0 0 0 1 1]
 [0 1 1 1 1 1 1 0 1 0]
 [1 0 1 1 0 0 1 1 0 0]
 [1 1 0 1 1 0 1 0 0 0]
 [0 0 0 0 1 0 1 0 1 1]
 [1 1 1 0 1 1 1 0 0 1]
 [0 0 0 1 0 1 1 1 0 0]
 [0 1 0 0 1 0 0 1 1 1]
 [0 0 0 0 0 0 0 1 0 0]
 [1 1 1 0 1 1 1 0 1 1]
 [1 0 0 0 1 1 1 1 0 1]
 [1 1 0 1 1 1 1 0 1 1]
 [1 1 1 0 1 1 0 1 0 0]
 [0 0 1 0 1 1 0 1 1 0]
 [0 0 1 0 0 0 1 1 0 1]
 [0 0 0 0 0 1 0 0 0 1]
 [1 0 0 1 0 1 0 1 1 0]
 [0 0 0 0 1 1 0 1 0 0]
 [1 0 0 1 1 0 1 0 0 0]
 [0 1 1 0 1 1 1 1 0 1]
 [1 1 1 1 0 1 0 0 1 0]
 [1 0 0 1 0 0 1 1 0 0]
 [0 1 1 1 1 0 1 1 1 0]
 [0 1 0 0 1 1 1 1 0 0]
 [1 1 0 0 0 0 1 1 0 1]
 [0 1 1 1 0 0 0 1 1 1]
 [1 1 1 1 0 0 1 0 0 0]
 [1 1 0 1 0 0 0 0 1 0]]
{'restarts': 2, 'conflicts': 421, 'decisions': 1014, 'propagations': 672897}
Q is identifiable
branch at 6
runtime for solving id of Q is 0.8004050627350807
Simulation results:
{'J': 100, 'K': 10, 'N': 10, 'p': 0.5, 'seed': 39, 'sim': 5, 'runtime': 0.8004050627350807, 'identifiable': 1, 'branch': 6}
6
Q: [[0 0 0 1 1 1 1 1 1 0]
 [1 1 1 1 0 1 0 0 1 0]
 [0 1 0 1 0 0 1 1 0 0]
 [1 1 0 0 1 1 1 0 1 1]
 [1 1 1 1 1 0 1 1 1 1]
 [0 0 1 0 0 0 1 0 1 1]
 [1 1 0 1 1 1 1 1 0 1]
 [1 1 0 1 1 0 1 1 0 0]
 [1 1 0 1 1 0 0 0 1 0]
 [0 1 0 0 1 1 1 1 0 0]
 [0 0 1 0 1 1 0 0 1 0]
 [1 1 1 0 0 0 0 0 1 1]
 [0 1 0 1 0 1 0 1 1 1]
 [1 1 1 1 0 0 0 0 0 1]
 [0 1 1 1 1 1 0 1 1 1]
 [1 0 1 1 1 1 1 1 0 1]
 [0 1 0 0 1 0 1 0 1 1]
 [1 1 0 0 1 0 1 1 1 0]
 [0 1 1 1 0 0 0 0 0 1]
 [0 0 0 1 0 0 0 1 1 0]
 [1 1 1 0 1 1 0 1 0 1]
 [0 0 0 0 1 1 1 0 1 0]
 [1 1 0 1 1 0 0 1 1 0]
 [0 0 1 0 1 1 0 0 1 0]
 [1 1 0 1 1 1 0 0 1 1]
 [1 1 0 0 0 1 1 0 0 1]
 [1 0 1 0 1 1 0 1 1 1]
 [0 0 1 1 1 0 0 0 0 1]
 [0 1 1 1 0 0 0 0 0 1]
 [1 1 0 1 0 1 0 1 0 0]
 [1 1 0 1 1 1 0 1 1 0]
 [1 0 0 0 0 1 1 0 1 0]
 [0 0 1 0 0 0 1 1 0 1]
 [0 0 0 0 1 1 0 0 1 0]
 [0 1 1 1 0 1 0 1 1 0]
 [0 0 1 0 0 1 1 0 1 1]
 [0 0 0 1 1 1 1 0 1 0]
 [0 1 0 0 0 1 0 0 0 0]
 [0 0 1 1 1 0 0 0 0 0]
 [0 0 1 1 1 0 0 0 0 0]
 [1 1 0 0 1 0 0 0 0 0]
 [1 0 0 1 0 1 0 1 1 1]
 [0 0 0 0 1 1 0 0 1 1]
 [1 1 0 1 0 0 1 1 0 0]
 [1 0 0 1 0 0 0 0 1 0]
 [1 0 1 1 1 0 1 0 1 0]
 [0 0 1 0 1 1 0 1 1 0]
 [0 1 0 1 1 0 0 0 0 0]
 [1 1 1 0 0 0 1 0 0 1]
 [1 0 0 1 1 0 0 1 0 0]
 [1 1 1 0 0 0 1 1 0 0]
 [0 0 0 1 1 0 1 1 0 1]
 [1 0 1 0 0 0 1 1 0 0]
 [1 1 1 1 0 0 1 0 0 1]
 [0 1 1 0 1 1 0 1 1 0]
 [1 0 1 0 0 1 0 0 1 0]
 [0 1 1 0 0 0 1 0 0 1]
 [1 1 0 0 0 0 1 0 1 1]
 [0 1 0 0 0 1 1 1 1 0]
 [0 1 0 1 0 0 1 1 1 1]
 [0 1 1 0 0 0 1 1 0 1]
 [1 1 1 1 1 0 1 1 1 1]
 [1 0 1 0 0 1 0 1 0 1]
 [0 1 0 1 0 0 0 1 0 1]
 [0 1 1 1 0 0 1 0 1 1]
 [1 0 1 0 0 1 0 0 0 1]
 [0 1 0 0 0 1 0 1 1 1]
 [1 1 0 1 1 0 1 0 0 0]
 [0 1 1 1 1 1 0 1 1 0]
 [0 0 0 1 1 0 1 0 1 0]
 [0 0 1 0 0 0 1 0 0 1]
 [1 0 0 0 0 1 0 0 0 1]
 [1 0 1 0 1 1 0 0 1 0]
 [0 1 1 0 1 1 1 1 0 0]
 [0 0 0 0 0 1 1 1 0 0]
 [0 0 1 1 1 0 1 1 0 0]
 [0 0 0 0 0 1 1 0 0 1]
 [1 0 0 0 0 1 1 0 1 1]
 [1 0 0 0 1 1 1 1 0 0]
 [0 1 1 1 0 0 0 0 1 0]
 [0 0 0 1 1 1 0 1 1 0]
 [1 0 1 1 1 1 0 1 0 1]
 [1 0 1 1 1 0 1 0 1 0]
 [0 1 1 1 1 1 0 1 0 1]
 [1 1 0 0 1 1 1 1 1 1]
 [0 0 1 1 1 0 0 0 0 1]
 [0 1 0 1 1 0 0 1 0 1]
 [0 0 1 1 0 0 0 0 0 0]
 [0 0 1 1 0 1 1 1 0 1]
 [0 1 1 0 0 1 0 0 1 1]
 [0 0 0 0 0 0 0 1 0 1]
 [0 1 1 0 0 1 0 0 0 1]
 [1 1 1 1 1 0 0 0 0 0]
 [1 0 0 1 0 1 1 0 0 1]
 [1 1 0 0 0 0 0 1 0 1]
 [1 1 1 1 0 1 0 0 0 1]
 [0 0 1 0 1 1 0 0 0 1]
 [0 1 1 1 1 1 1 0 0 0]
 [1 1 1 1 0 1 0 0 1 1]
 [1 1 1 0 0 1 1 1 0 1]]
{'restarts': 3, 'conflicts': 729, 'decisions': 1777, 'propagations': 1162874}
Q is identifiable
branch at 6
runtime for solving id of Q is 0.8581929383799434
Simulation results:
{'J': 100, 'K': 10, 'N': 10, 'p': 0.5, 'seed': 39, 'sim': 6, 'runtime': 0.8581929383799434, 'identifiable': 1, 'branch': 6}
7
Q: [[0 1 0 0 1 1 1 0 0 1]
 [0 0 0 1 1 1 1 1 1 1]
 [1 0 1 1 1 1 0 1 1 1]
 [1 1 1 0 0 1 0 0 0 1]
 [0 0 1 0 1 1 0 1 1 1]
 [0 0 1 1 0 1 1 0 1 1]
 [1 1 0 1 1 0 1 0 0 1]
 [0 0 1 1 1 1 0 1 0 0]
 [1 1 0 1 1 1 1 0 0 1]
 [1 1 0 0 0 1 0 1 1 1]
 [1 0 0 1 0 0 0 0 0 0]
 [1 1 1 0 1 0 1 0 0 0]
 [0 1 0 1 0 1 1 0 0 1]
 [1 0 0 1 1 0 0 0 1 1]
 [0 0 1 0 1 1 0 1 0 0]
 [1 0 1 1 0 0 0 1 0 0]
 [1 0 0 1 0 0 0 1 0 0]
 [0 1 1 0 0 0 1 0 1 0]
 [1 0 1 0 0 1 1 0 0 0]
 [0 0 0 1 0 1 0 1 0 1]
 [1 1 0 0 1 1 0 1 1 0]
 [0 0 0 0 1 0 1 1 0 0]
 [1 1 1 0 1 0 1 0 0 0]
 [1 1 1 0 0 1 1 1 1 0]
 [1 0 0 0 1 1 0 0 0 0]
 [1 1 1 0 1 1 0 0 1 1]
 [0 1 1 0 0 1 1 1 1 0]
 [1 1 1 1 0 0 1 1 1 1]
 [0 0 0 1 1 0 1 1 1 0]
 [0 1 0 0 1 0 1 0 1 1]
 [1 0 0 0 1 0 1 1 0 0]
 [0 0 1 0 0 0 1 0 1 1]
 [1 0 0 1 1 0 1 1 0 0]
 [1 1 1 0 0 0 1 1 0 0]
 [1 1 1 1 1 0 1 0 0 1]
 [0 0 1 1 1 0 1 0 0 1]
 [0 1 0 0 0 0 1 0 1 0]
 [0 1 1 0 1 0 1 1 1 1]
 [0 0 0 1 1 1 0 0 1 1]
 [0 0 1 1 0 0 1 0 0 1]
 [1 0 1 1 1 1 1 1 1 0]
 [1 0 1 0 1 0 0 1 0 0]
 [0 0 0 0 0 0 1 1 0 0]
 [1 0 1 1 0 0 0 1 0 0]
 [1 1 0 1 0 0 0 0 0 0]
 [0 1 0 1 0 0 0 1 0 1]
 [0 0 0 0 0 1 0 1 1 0]
 [0 1 1 1 1 0 0 0 1 1]
 [0 0 0 0 0 1 0 1 1 0]
 [1 1 1 0 1 1 1 0 1 1]
 [1 1 1 0 0 1 1 1 0 0]
 [0 0 0 0 0 0 0 0 1 1]
 [1 1 0 0 0 1 0 0 1 1]
 [0 1 1 1 1 0 1 0 1 1]
 [1 0 0 0 0 0 1 0 0 1]
 [1 1 1 0 1 0 1 1 1 0]
 [0 0 1 0 0 1 0 0 1 1]
 [0 1 0 1 0 0 1 0 0 0]
 [1 0 0 1 1 0 1 0 1 1]
 [0 0 1 1 1 1 1 0 1 1]
 [1 1 1 0 0 0 1 0 1 0]
 [1 1 1 0 1 0 0 0 1 0]
 [0 1 0 1 0 0 0 1 0 1]
 [1 0 0 0 1 1 0 1 0 1]
 [1 1 1 1 0 0 0 1 1 0]
 [0 1 0 1 0 0 1 0 1 0]
 [0 1 0 1 1 1 1 1 1 0]
 [0 0 0 0 1 1 0 0 0 0]
 [1 0 0 0 1 0 0 0 0 1]
 [0 0 1 1 0 1 0 0 0 0]
 [1 1 1 0 0 1 0 0 0 0]
 [1 0 0 0 1 0 0 1 0 1]
 [1 0 1 1 1 1 1 0 1 1]
 [0 0 1 0 0 1 0 1 1 0]
 [1 0 0 0 0 0 0 0 0 1]
 [1 1 0 0 1 1 1 1 0 1]
 [0 0 0 0 0 0 1 1 1 0]
 [0 1 0 1 1 1 1 0 0 1]
 [0 0 0 0 1 1 1 1 1 0]
 [0 0 1 0 1 1 1 0 1 0]
 [1 0 1 1 0 0 0 0 1 0]
 [0 1 0 1 0 1 1 0 1 1]
 [0 1 0 1 1 0 0 0 1 1]
 [1 1 0 1 1 0 1 0 0 1]
 [0 0 0 0 0 1 0 1 1 0]
 [0 0 1 0 1 0 0 1 1 1]
 [1 1 1 1 0 1 0 0 1 0]
 [0 0 0 0 1 1 0 0 0 0]
 [1 0 0 1 0 0 1 0 1 1]
 [1 1 1 0 1 0 0 0 0 1]
 [1 0 1 1 1 1 1 1 0 0]
 [1 0 0 1 0 1 1 0 0 0]
 [1 0 0 1 1 1 1 1 0 0]
 [1 0 0 0 0 1 0 0 1 0]
 [0 0 0 0 1 1 1 1 1 1]
 [1 0 1 1 0 1 0 1 1 0]
 [1 1 0 1 0 0 0 1 0 1]
 [1 1 0 0 0 1 0 0 1 0]
 [1 1 1 0 0 0 0 1 1 1]
 [1 0 1 1 1 0 0 0 0 1]]
{'restarts': 1, 'conflicts': 476, 'decisions': 886, 'propagations': 698066}
Q is identifiable
branch at 6
runtime for solving id of Q is 0.7747239554300904
Simulation results:
{'J': 100, 'K': 10, 'N': 10, 'p': 0.5, 'seed': 39, 'sim': 7, 'runtime': 0.7747239554300904, 'identifiable': 1, 'branch': 6}
8
Q: [[0 1 1 0 0 0 0 1 0 0]
 [0 0 1 1 1 0 1 0 1 1]
 [1 0 0 1 1 0 1 0 0 1]
 [0 1 0 1 0 0 1 1 0 1]
 [1 0 1 1 0 0 0 1 1 1]
 [1 0 0 0 1 1 1 1 0 0]
 [0 1 0 0 1 0 1 1 0 1]
 [0 0 1 1 0 0 0 0 1 0]
 [0 1 1 1 0 1 1 1 1 0]
 [0 0 1 1 1 1 0 1 1 1]
 [1 0 1 0 1 0 0 1 0 0]
 [1 1 0 0 0 0 1 1 1 1]
 [1 1 1 0 0 1 0 1 0 0]
 [1 0 0 0 1 1 0 0 1 1]
 [1 0 0 0 1 0 1 0 0 1]
 [0 1 1 1 1 0 0 0 1 1]
 [1 1 0 0 0 0 1 0 0 1]
 [0 1 0 1 1 1 0 1 1 1]
 [0 0 0 1 0 1 0 0 0 1]
 [0 0 0 0 1 0 1 0 1 1]
 [1 0 1 1 1 1 1 0 0 0]
 [0 0 1 0 1 0 0 0 1 0]
 [0 1 1 1 1 1 0 0 0 0]
 [1 0 0 1 0 0 1 0 1 0]
 [1 0 0 0 0 1 1 0 0 0]
 [1 0 1 0 0 1 1 0 0 0]
 [0 1 1 1 1 0 0 1 1 1]
 [0 0 1 1 0 1 1 0 0 0]
 [0 1 1 0 1 0 1 1 1 1]
 [1 1 1 1 0 1 1 0 0 1]
 [1 1 0 0 1 0 1 0 1 1]
 [0 0 1 1 0 1 0 1 1 0]
 [1 1 0 0 1 1 0 1 0 1]
 [1 0 0 1 0 1 0 0 0 1]
 [0 1 0 1 1 0 1 0 1 1]
 [0 0 1 0 1 1 1 1 1 1]
 [1 0 0 1 1 1 1 1 1 0]
 [0 0 1 1 1 1 0 0 1 0]
 [1 1 0 0 0 0 0 1 1 0]
 [0 1 1 1 1 1 0 1 1 1]
 [0 1 1 1 1 1 0 1 0 0]
 [1 0 0 1 1 1 0 1 1 1]
 [0 1 0 1 1 1 1 0 0 0]
 [1 1 0 1 0 0 0 0 0 0]
 [1 1 0 0 1 0 0 1 0 1]
 [0 1 0 0 1 1 0 1 1 1]
 [0 1 0 1 0 1 1 0 0 0]
 [0 0 1 1 0 0 1 0 0 1]
 [1 0 1 1 0 0 1 0 1 0]
 [1 0 0 1 0 0 1 1 1 1]
 [1 1 1 0 0 0 1 0 0 0]
 [1 0 0 0 1 0 1 0 0 1]
 [0 1 1 1 0 0 0 1 1 0]
 [0 1 1 0 0 1 0 0 0 0]
 [1 0 0 1 0 0 1 1 1 1]
 [1 0 1 0 1 0 1 0 1 0]
 [0 0 0 0 0 1 1 0 1 1]
 [0 0 1 1 1 1 0 0 0 0]
 [1 1 0 1 0 0 1 0 1 0]
 [0 0 0 1 0 0 1 0 0 0]
 [0 0 1 0 1 0 0 1 1 0]
 [0 0 1 1 1 1 0 1 0 0]
 [1 0 1 0 1 1 0 1 1 0]
 [1 0 0 0 1 0 1 1 0 0]
 [0 0 1 0 1 1 0 1 0 0]
 [0 0 1 0 0 1 0 0 1 1]
 [1 1 1 1 0 0 0 0 0 1]
 [0 0 0 0 1 0 0 1 0 1]
 [1 0 0 1 1 1 0 0 1 1]
 [0 0 0 0 1 1 0 1 0 0]
 [1 0 0 1 0 1 1 1 0 0]
 [0 1 1 1 1 0 0 0 1 0]
 [1 1 1 0 1 0 1 1 0 1]
 [0 0 0 1 1 1 0 1 1 1]
 [0 1 1 1 1 0 1 1 1 0]
 [0 0 1 1 0 0 1 1 1 0]
 [0 0 1 0 0 0 1 1 1 1]
 [0 0 1 1 1 0 1 0 0 1]
 [0 0 1 1 0 0 1 0 1 0]
 [1 1 0 1 0 0 1 0 0 1]
 [1 0 0 0 0 1 0 1 1 1]
 [1 0 1 1 1 1 0 0 1 0]
 [1 1 1 0 0 0 0 0 0 0]
 [1 0 0 0 0 0 1 1 1 0]
 [0 0 1 0 0 1 0 1 1 0]
 [1 0 0 0 0 1 1 1 0 0]
 [0 1 0 0 0 1 1 0 0 0]
 [1 1 0 0 1 0 0 0 0 1]
 [0 0 1 1 0 1 1 1 1 1]
 [0 1 0 1 0 0 0 1 1 1]
 [0 1 0 0 0 1 1 1 0 0]
 [1 0 1 1 1 0 1 0 0 0]
 [1 0 0 0 0 0 0 1 0 0]
 [1 0 1 0 0 1 0 1 0 1]
 [1 0 1 1 0 0 0 1 1 1]
 [1 1 1 1 0 1 1 1 1 1]
 [1 0 0 0 1 1 1 0 1 1]
 [0 0 1 0 0 0 0 1 0 0]
 [0 1 0 0 1 0 1 1 0 1]
 [0 1 0 0 1 1 0 0 1 0]]
{'restarts': 2, 'conflicts': 736, 'decisions': 2060, 'propagations': 1432493}
Q is identifiable
branch at 6
runtime for solving id of Q is 0.8765274044126272
Simulation results:
{'J': 100, 'K': 10, 'N': 10, 'p': 0.5, 'seed': 39, 'sim': 8, 'runtime': 0.8765274044126272, 'identifiable': 1, 'branch': 6}
9
Q: [[1 1 0 0 0 0 1 0 1 1]
 [0 0 0 0 1 1 1 0 1 0]
 [0 0 1 0 1 1 0 1 0 1]
 [0 0 0 1 0 1 1 0 0 0]
 [1 0 0 0 0 0 1 1 1 1]
 [0 1 0 0 0 0 0 1 0 1]
 [1 1 0 0 1 0 1 0 1 1]
 [1 1 1 1 0 0 1 1 1 1]
 [1 1 0 1 0 0 1 1 0 1]
 [1 0 1 0 0 0 0 1 1 1]
 [1 1 1 0 0 1 1 1 1 1]
 [0 1 0 1 1 0 1 1 1 1]
 [1 0 0 0 0 1 1 0 0 1]
 [1 0 1 1 0 1 0 1 0 0]
 [0 1 1 0 0 0 1 0 1 0]
 [1 1 0 1 0 1 1 1 0 0]
 [1 0 0 0 1 1 1 0 0 1]
 [1 0 0 0 1 1 1 0 0 0]
 [1 0 0 0 1 0 0 1 1 0]
 [0 0 1 1 1 0 0 1 0 0]
 [1 0 0 0 1 0 0 0 0 1]
 [0 1 1 1 1 0 1 1 0 1]
 [1 0 0 1 0 1 1 0 1 0]
 [1 1 1 1 0 0 0 1 0 0]
 [0 1 1 1 1 0 0 0 1 1]
 [0 1 0 1 0 1 0 1 1 0]
 [1 1 0 0 1 0 1 1 1 0]
 [0 1 0 1 1 1 1 1 0 1]
 [0 0 0 1 0 0 1 1 1 0]
 [1 1 0 1 1 0 1 1 0 1]
 [1 0 0 0 1 1 0 0 0 1]
 [0 1 1 1 0 1 1 0 1 0]
 [1 1 0 0 0 0 0 0 0 0]
 [1 0 1 1 1 0 0 0 1 1]
 [0 0 0 0 0 0 0 1 0 0]
 [0 1 1 0 0 0 1 1 0 0]
 [1 1 1 0 0 0 0 1 0 0]
 [0 0 0 0 0 0 1 0 1 0]
 [0 1 0 1 0 0 1 1 0 1]
 [1 0 0 0 1 0 1 0 0 1]
 [1 1 1 1 1 0 0 1 0 0]
 [1 1 1 0 1 0 1 0 0 0]
 [0 1 1 0 1 0 0 1 1 0]
 [1 0 0 0 1 0 1 0 1 0]
 [1 0 1 1 0 1 0 0 0 1]
 [1 0 1 1 1 0 1 0 1 1]
 [1 0 0 0 1 0 0 1 0 1]
 [0 0 0 0 0 0 0 1 0 0]
 [1 1 0 0 1 1 1 1 0 1]
 [0 1 0 0 0 1 0 0 1 0]
 [0 0 1 1 1 0 0 0 1 1]
 [1 0 1 1 0 1 0 1 0 0]
 [0 0 1 1 0 0 0 1 0 0]
 [0 1 1 1 0 1 0 1 1 1]
 [1 1 0 1 0 0 1 0 1 1]
 [0 1 0 0 0 0 0 1 0 0]
 [0 1 1 1 0 1 1 0 1 0]
 [1 1 0 1 1 1 1 1 0 1]
 [0 0 1 1 0 1 1 1 1 0]
 [1 1 1 1 0 1 1 0 0 1]
 [0 0 0 1 0 0 0 1 1 1]
 [1 0 1 1 0 1 1 0 1 1]
 [1 0 0 0 0 1 0 0 1 1]
 [0 0 1 1 0 0 0 1 1 1]
 [0 1 0 1 1 1 1 0 0 0]
 [0 1 1 0 1 1 0 1 1 0]
 [0 0 0 1 0 0 1 0 1 1]
 [1 0 1 0 0 1 0 1 1 1]
 [0 1 0 1 0 1 1 0 1 0]
 [0 0 0 1 1 1 1 0 0 1]
 [0 0 0 0 0 1 0 1 0 0]
 [0 1 1 1 1 1 0 1 0 1]
 [0 1 1 0 0 0 0 1 1 1]
 [1 0 0 0 1 1 1 1 0 1]
 [0 1 1 1 1 0 0 0 0 1]
 [1 1 1 1 0 1 1 1 1 1]
 [0 0 0 1 0 1 1 0 0 1]
 [1 1 1 0 0 0 0 1 0 0]
 [1 0 1 0 0 1 0 0 1 0]
 [1 0 1 1 0 1 0 0 0 0]
 [0 0 0 1 0 1 1 0 1 1]
 [1 0 1 1 0 1 0 1 1 1]
 [0 1 0 0 0 1 0 1 1 1]
 [0 0 1 0 0 0 0 1 1 1]
 [1 0 1 0 1 1 0 0 1 1]
 [1 1 0 0 0 0 1 1 0 0]
 [0 0 1 0 0 0 1 0 0 0]
 [1 1 1 1 1 0 0 0 0 0]
 [1 0 1 0 1 1 1 1 0 0]
 [0 1 1 1 1 1 1 1 0 0]
 [1 0 1 1 0 1 1 1 0 1]
 [1 1 0 0 1 1 1 1 1 0]
 [0 1 0 1 1 0 1 1 1 1]
 [0 0 1 0 0 0 1 0 1 0]
 [0 0 1 0 1 0 0 1 0 0]
 [1 1 0 1 0 0 0 0 0 1]
 [0 1 0 1 0 1 0 0 1 0]
 [1 0 1 1 0 0 0 1 0 1]
 [0 1 0 0 0 0 1 1 0 1]
 [1 0 1 1 1 0 0 0 1 1]]
{'restarts': 1, 'conflicts': 219, 'decisions': 754, 'propagations': 337462}
Q is identifiable
branch at 6
runtime for solving id of Q is 0.6552697187289596
Simulation results:
{'J': 100, 'K': 10, 'N': 10, 'p': 0.5, 'seed': 39, 'sim': 9, 'runtime': 0.6552697187289596, 'identifiable': 1, 'branch': 6}
Simulation results:
[{'J': 100, 'K': 10, 'N': 10, 'p': 0.5, 'seed': 39, 'sim': 0, 'runtime': 0.7767371535301208, 'identifiable': 1, 'branch': 6}, {'J': 100, 'K': 10, 'N': 10, 'p': 0.5, 'seed': 39, 'sim': 1, 'runtime': 0.7720544207841158, 'identifiable': 1, 'branch': 6}, {'J': 100, 'K': 10, 'N': 10, 'p': 0.5, 'seed': 39, 'sim': 2, 'runtime': 0.5229431753978133, 'identifiable': 1, 'branch': 6}, {'J': 100, 'K': 10, 'N': 10, 'p': 0.5, 'seed': 39, 'sim': 3, 'runtime': 0.8714600102975965, 'identifiable': 1, 'branch': 6}, {'J': 100, 'K': 10, 'N': 10, 'p': 0.5, 'seed': 39, 'sim': 4, 'runtime': 0.5556836891919374, 'identifiable': 1, 'branch': 6}, {'J': 100, 'K': 10, 'N': 10, 'p': 0.5, 'seed': 39, 'sim': 5, 'runtime': 0.8004050627350807, 'identifiable': 1, 'branch': 6}, {'J': 100, 'K': 10, 'N': 10, 'p': 0.5, 'seed': 39, 'sim': 6, 'runtime': 0.8581929383799434, 'identifiable': 1, 'branch': 6}, {'J': 100, 'K': 10, 'N': 10, 'p': 0.5, 'seed': 39, 'sim': 7, 'runtime': 0.7747239554300904, 'identifiable': 1, 'branch': 6}, {'J': 100, 'K': 10, 'N': 10, 'p': 0.5, 'seed': 39, 'sim': 8, 'runtime': 0.8765274044126272, 'identifiable': 1, 'branch': 6}, {'J': 100, 'K': 10, 'N': 10, 'p': 0.5, 'seed': 39, 'sim': 9, 'runtime': 0.6552697187289596, 'identifiable': 1, 'branch': 6}]
