
The Gurobi software has a limited number of licenses. To request a license or
licenses, add this line

    #SBATCH --licenses=gurobi@slurmdb:1

to your SBATCH script, replacing N with the number of licenses you need. Gurobi
will need one license per process.


0
Q: [[0 1 0 1 1 0 1 1 1 1]
 [1 0 0 1 1 1 0 1 1 0]
 [1 1 1 1 1 0 1 1 1 1]
 [1 1 1 0 1 1 1 1 1 1]
 [1 0 0 1 0 0 1 1 1 1]
 [0 1 1 0 0 1 0 1 1 1]
 [1 1 1 1 0 1 0 1 1 0]
 [1 1 1 1 0 1 1 1 1 0]
 [1 0 0 1 1 1 0 1 1 1]
 [1 0 0 1 1 1 0 1 0 0]
 [1 0 1 0 1 1 1 1 1 1]
 [0 1 0 1 1 1 1 0 1 0]
 [0 1 1 1 0 1 1 1 1 1]
 [0 1 1 0 0 1 1 1 1 1]
 [0 1 1 1 0 1 0 1 1 0]
 [1 1 1 1 1 1 0 1 1 1]
 [1 1 0 1 1 1 0 1 0 0]
 [1 0 0 1 1 1 0 0 0 0]
 [1 0 0 1 1 1 1 1 1 1]
 [1 1 0 1 1 0 0 0 1 0]
 [1 1 0 1 0 1 0 1 1 1]
 [1 0 0 1 1 1 0 1 1 1]
 [1 0 1 0 1 0 1 0 1 1]
 [1 1 0 1 1 1 1 0 0 1]
 [1 1 0 0 1 1 1 0 1 1]
 [1 1 0 1 1 1 1 1 1 0]
 [1 1 1 1 0 1 1 1 0 1]
 [1 0 1 0 1 1 1 1 1 0]
 [1 1 0 1 1 0 1 1 1 0]
 [0 1 1 1 1 1 0 0 1 1]
 [0 1 1 1 0 0 1 1 1 0]
 [1 1 1 1 1 1 1 1 1 1]
 [1 1 0 0 1 1 1 1 1 1]
 [1 1 1 1 0 1 0 1 1 1]
 [1 1 1 0 1 1 1 1 1 1]
 [0 1 1 1 1 0 1 0 1 1]
 [1 1 1 0 1 1 0 1 1 1]
 [1 1 1 1 0 1 1 1 1 1]
 [0 1 1 1 1 1 1 0 1 0]
 [0 0 1 0 1 1 1 1 1 1]
 [0 1 1 1 1 0 1 1 1 1]
 [1 1 0 0 1 1 1 1 1 0]
 [1 1 1 0 0 1 0 1 1 1]
 [1 0 1 0 0 1 1 1 0 0]
 [1 1 1 1 1 1 1 1 0 1]
 [1 1 1 1 1 1 0 1 1 1]
 [1 1 1 0 1 1 1 1 0 1]
 [0 0 0 1 0 1 1 1 1 1]
 [1 1 1 1 0 1 1 1 1 1]
 [0 0 0 1 1 1 1 1 1 0]]
{'restarts': 46, 'conflicts': 11008, 'decisions': 21406, 'propagations': 4685267}
Q is not identifiable, and Q_bar is [[0 1 0 0 1 1 1 1 1 0]
 [1 0 0 0 1 0 1 1 0 1]
 [1 1 1 0 1 1 1 1 1 0]
 [1 1 1 1 1 1 1 0 1 1]
 [1 0 0 0 0 1 1 1 1 0]
 [0 1 1 1 0 1 1 0 0 0]
 [1 1 1 1 0 0 1 1 0 0]
 [1 1 1 1 0 0 1 1 1 0]
 [1 0 0 1 1 1 0 1 0 1]
 [1 0 0 1 0 0 0 1 0 1]
 [1 0 1 1 1 1 1 0 1 1]
 [0 1 0 0 1 0 0 1 1 1]
 [0 1 1 1 0 1 1 1 1 0]
 [0 1 1 1 0 1 1 0 1 0]
 [0 1 1 1 0 0 1 1 0 0]
 [1 1 1 1 0 1 1 1 0 1]
 [1 1 0 1 0 0 0 1 0 1]
 [1 0 0 0 0 0 0 1 0 1]
 [1 0 0 0 0 1 1 1 1 1]
 [1 1 0 0 1 0 0 1 0 0]
 [1 1 0 1 0 1 1 1 0 0]
 [1 0 0 1 1 1 0 1 0 1]
 [1 0 1 0 1 1 0 0 1 0]
 [1 1 0 0 0 1 0 1 1 1]
 [1 1 0 0 1 1 0 0 1 1]
 [1 1 0 0 1 0 1 1 1 1]
 [1 1 1 1 0 1 0 1 1 0]
 [1 0 1 0 1 0 1 0 1 1]
 [1 1 0 0 1 0 1 1 1 0]
 [0 1 1 0 1 1 0 1 0 1]
 [0 1 1 0 0 0 1 1 1 0]
 [1 1 1 0 1 1 1 1 1 1]
 [1 1 0 0 1 1 1 0 1 1]
 [1 1 1 1 0 1 1 1 0 0]
 [1 1 1 1 1 1 1 0 1 1]
 [0 1 1 0 1 1 0 1 1 0]
 [1 1 1 1 1 1 0 0 0 1]
 [1 1 1 1 0 1 1 1 1 0]
 [0 1 1 0 1 0 0 1 1 1]
 [0 0 1 0 1 1 1 0 1 1]
 [0 1 1 0 1 1 1 1 1 0]
 [1 1 0 0 1 0 1 0 1 1]
 [1 1 1 1 0 1 1 0 0 0]
 [1 0 1 1 0 0 0 0 1 0]
 [1 1 1 1 0 1 0 1 1 1]
 [1 1 1 1 0 1 1 1 0 1]
 [1 1 1 1 0 1 0 0 1 1]
 [0 0 0 1 0 1 1 1 1 0]
 [1 1 1 1 0 1 1 1 1 0]
 [0 0 0 0 0 0 1 1 1 1]]
branch at 5
runtime for solving id of Q is 0.7695933477953076
Simulation results:
{'J': 50, 'K': 10, 'N': 10, 'p': 0.7, 'seed': 77, 'sim': 0, 'runtime': 0.7695933477953076, 'identifiable': 0, 'branch': 5}
1
Q: [[0 0 0 0 1 1 1 0 1 1]
 [1 1 1 1 1 0 1 0 1 1]
 [1 1 1 0 1 1 1 1 0 1]
 [1 1 1 1 1 0 1 0 1 1]
 [1 1 1 0 1 1 1 1 1 1]
 [1 1 1 1 0 1 1 1 1 1]
 [1 1 0 1 1 0 1 1 1 1]
 [1 1 0 1 1 1 0 1 1 1]
 [1 1 1 1 0 1 1 1 1 1]
 [1 0 1 1 1 0 0 1 1 1]
 [0 1 0 0 1 0 0 1 1 1]
 [1 1 0 0 0 1 0 1 0 0]
 [1 0 0 0 1 1 0 0 0 1]
 [1 1 1 1 1 0 1 1 1 0]
 [1 1 1 1 1 1 1 1 1 1]
 [0 1 1 0 1 1 0 1 1 1]
 [1 0 0 1 1 0 1 0 0 1]
 [1 1 1 1 1 0 1 1 0 0]
 [0 1 1 1 1 1 1 1 0 1]
 [1 1 0 1 1 1 1 1 1 1]
 [1 1 1 1 1 1 1 0 1 1]
 [1 1 1 1 1 1 1 0 1 1]
 [1 0 1 1 1 1 1 1 0 1]
 [0 1 1 1 0 1 1 0 1 1]
 [0 0 1 1 1 1 1 0 1 1]
 [1 0 1 1 1 1 1 0 1 1]
 [0 1 1 0 0 1 0 1 1 1]
 [0 1 1 1 1 1 1 0 1 1]
 [1 1 0 0 1 0 1 1 1 0]
 [1 1 1 1 1 1 0 1 1 1]
 [0 1 1 1 0 1 0 1 1 1]
 [1 1 1 1 1 1 1 1 1 0]
 [0 1 1 1 0 1 1 1 1 0]
 [1 0 1 1 1 1 1 1 0 0]
 [0 0 1 0 1 1 1 1 1 0]
 [1 0 0 0 1 1 0 0 1 1]
 [1 1 1 0 1 1 1 1 0 1]
 [0 1 0 1 0 1 1 1 1 1]
 [1 1 0 0 1 0 1 1 1 0]
 [1 1 1 0 1 0 1 1 1 1]
 [1 1 0 1 0 1 1 1 1 1]
 [0 0 1 1 0 1 1 0 1 1]
 [1 1 0 1 1 1 0 0 0 1]
 [1 1 1 0 1 1 1 1 0 0]
 [1 1 1 0 0 1 0 1 1 1]
 [1 1 1 0 1 1 1 1 1 1]
 [0 0 1 0 0 1 0 1 1 1]
 [0 1 0 1 1 1 1 1 0 1]
 [1 1 1 0 1 0 1 0 1 0]
 [1 0 1 1 1 1 0 1 0 1]]
{'restarts': 10, 'conflicts': 4517, 'decisions': 8618, 'propagations': 1542117}
Q is not identifiable, and Q_bar is [[0 0 0 0 0 1 1 0 1 1]
 [1 1 0 1 1 0 1 1 0 1]
 [1 1 1 1 1 0 1 0 1 0]
 [1 1 0 1 1 0 1 1 0 1]
 [1 1 1 1 1 1 1 0 1 1]
 [1 0 1 1 1 1 0 1 1 1]
 [1 1 1 1 0 1 1 1 0 0]
 [1 1 1 1 0 1 0 1 1 0]
 [1 0 1 1 1 1 0 1 1 1]
 [1 1 1 0 1 1 0 1 0 0]
 [0 1 1 1 0 1 0 0 0 0]
 [1 0 1 1 0 0 0 0 1 0]
 [1 1 0 0 0 0 0 0 1 0]
 [1 0 1 1 1 0 1 1 0 1]
 [1 1 1 1 1 1 0 1 1 1]
 [0 1 1 1 1 1 0 0 1 0]
 [1 1 0 0 0 0 1 1 0 0]
 [1 0 1 1 1 0 1 1 0 0]
 [0 1 1 1 1 0 1 1 1 0]
 [1 1 1 1 0 1 0 1 1 1]
 [1 1 0 1 1 1 0 1 1 1]
 [1 1 0 1 1 1 0 1 1 1]
 [1 1 1 0 1 0 1 1 1 0]
 [0 0 0 1 1 1 0 1 1 1]
 [0 0 0 0 1 1 1 1 1 1]
 [1 1 0 0 1 1 0 1 1 1]
 [0 0 1 1 1 1 0 0 1 0]
 [0 0 0 1 1 1 1 1 1 1]
 [1 0 1 1 0 0 1 0 0 1]
 [1 1 1 1 1 1 0 1 1 0]
 [0 0 1 1 1 1 0 1 1 0]
 [1 0 1 1 1 0 1 1 1 1]
 [0 0 1 1 1 0 0 1 1 1]
 [1 0 1 0 1 0 1 1 1 0]
 [0 0 1 0 1 0 1 0 1 1]
 [1 1 0 0 0 1 0 0 1 0]
 [1 1 1 1 1 0 1 0 1 0]
 [0 0 1 1 0 1 0 1 1 1]
 [1 0 1 1 0 0 1 0 0 1]
 [1 1 1 1 1 1 1 0 0 1]
 [1 0 1 1 0 1 0 1 1 1]
 [0 0 0 0 1 1 0 1 1 1]
 [1 1 0 1 0 0 0 1 1 0]
 [1 0 1 1 1 0 1 0 1 0]
 [1 0 1 1 1 1 0 0 1 0]
 [1 1 1 1 1 1 1 0 1 1]
 [0 0 1 0 1 1 0 0 1 0]
 [0 1 1 1 0 0 1 1 1 0]
 [1 0 0 1 1 0 1 0 0 1]
 [1 1 1 0 1 0 0 1 1 0]]
branch at 5
runtime for solving id of Q is 0.30986799020320177
Simulation results:
{'J': 50, 'K': 10, 'N': 10, 'p': 0.7, 'seed': 77, 'sim': 1, 'runtime': 0.30986799020320177, 'identifiable': 0, 'branch': 5}
2
Q: [[1 1 0 1 1 1 1 1 0 1]
 [1 1 1 1 1 1 0 1 0 0]
 [1 1 0 1 1 1 0 1 1 0]
 [1 1 0 0 0 1 1 1 1 1]
 [1 1 0 1 1 1 1 1 1 0]
 [0 0 1 1 1 0 1 1 1 1]
 [1 1 1 0 1 1 1 1 1 0]
 [1 1 1 1 1 0 1 1 0 0]
 [1 1 1 1 0 0 1 0 1 1]
 [1 1 0 0 1 1 1 1 1 1]
 [0 1 1 1 1 1 0 0 0 1]
 [1 0 1 1 0 1 1 1 0 1]
 [0 1 0 1 1 0 1 1 1 1]
 [1 0 1 1 0 1 1 0 1 1]
 [1 1 1 1 1 1 1 1 1 1]
 [1 1 1 1 1 1 1 1 1 1]
 [0 1 1 1 1 0 0 1 1 0]
 [1 0 0 1 0 1 0 1 1 1]
 [0 1 0 1 0 1 1 1 0 0]
 [0 1 1 1 1 0 1 0 1 0]
 [1 0 1 1 1 1 1 0 1 1]
 [0 1 0 1 1 0 1 1 1 1]
 [0 0 1 0 1 0 0 1 1 1]
 [1 1 1 1 0 1 1 1 1 1]
 [1 1 0 1 0 1 0 0 1 0]
 [0 0 1 0 1 1 1 1 0 1]
 [1 0 0 0 1 0 1 1 1 0]
 [1 1 0 1 1 1 1 1 1 1]
 [0 0 1 1 1 1 0 1 1 1]
 [1 1 1 1 1 0 0 1 0 1]
 [1 0 1 1 1 1 1 0 0 1]
 [1 1 1 0 1 0 0 1 1 1]
 [1 1 1 0 0 1 0 1 0 1]
 [0 1 0 1 1 1 0 1 0 1]
 [0 1 0 0 1 1 1 0 1 1]
 [0 1 0 0 1 1 0 1 1 0]
 [0 0 1 1 0 1 1 0 0 0]
 [1 1 1 1 0 0 0 1 1 0]
 [1 0 0 1 1 0 1 1 0 1]
 [1 1 1 1 0 1 0 1 1 1]
 [0 0 1 1 0 1 1 1 1 1]
 [1 1 0 0 1 1 0 0 0 0]
 [0 1 1 1 1 0 1 1 1 1]
 [1 0 0 0 1 0 1 1 1 0]
 [1 1 1 1 1 1 0 1 1 1]
 [1 0 0 1 0 1 1 1 1 1]
 [1 1 1 0 1 0 0 1 0 1]
 [0 1 1 1 1 1 0 0 1 1]
 [1 1 1 1 1 1 1 1 1 1]
 [1 1 0 1 1 1 1 1 1 0]]
{'restarts': 67, 'conflicts': 25730, 'decisions': 43735, 'propagations': 13952842}
Q is identifiable
branch at 6
runtime for solving id of Q is 2.2960224207490683
Simulation results:
{'J': 50, 'K': 10, 'N': 10, 'p': 0.7, 'seed': 77, 'sim': 2, 'runtime': 2.2960224207490683, 'identifiable': 1, 'branch': 6}
3
Q: [[1 1 1 0 0 1 0 1 1 1]
 [1 1 0 1 1 1 0 0 1 0]
 [1 0 1 1 1 1 1 1 1 1]
 [0 1 1 0 1 1 1 0 1 0]
 [1 1 1 1 1 0 1 1 1 1]
 [0 1 0 1 0 1 1 1 1 1]
 [1 1 0 1 0 1 1 1 1 1]
 [1 1 1 0 0 1 1 1 0 0]
 [1 1 1 1 1 1 1 0 1 0]
 [1 1 1 1 0 1 1 1 1 1]
 [0 1 1 1 1 1 1 1 1 0]
 [0 1 0 1 1 1 0 1 1 1]
 [0 0 1 1 0 1 1 1 1 1]
 [0 1 0 0 1 1 1 0 1 1]
 [1 1 1 0 0 1 1 0 1 0]
 [1 0 1 1 1 1 1 0 1 1]
 [0 1 0 1 1 0 1 1 1 1]
 [1 1 1 0 0 0 1 0 1 0]
 [0 1 1 1 0 1 1 1 0 1]
 [1 0 0 0 1 1 1 0 0 1]
 [1 1 1 0 1 1 0 0 1 0]
 [1 1 0 1 1 1 0 1 0 1]
 [1 1 1 1 1 0 1 1 0 1]
 [1 0 1 1 1 1 0 1 1 1]
 [1 1 0 0 1 1 1 1 0 1]
 [0 0 1 1 1 1 0 1 1 0]
 [1 0 1 1 1 1 1 1 1 1]
 [0 1 0 1 1 1 1 1 0 0]
 [1 1 1 1 0 1 1 1 1 1]
 [0 0 1 1 0 0 1 0 1 1]
 [1 0 0 0 0 1 1 1 0 1]
 [0 1 0 0 1 0 0 1 1 1]
 [0 1 1 1 1 1 0 0 1 1]
 [1 1 0 1 1 1 0 1 0 1]
 [0 1 1 0 1 1 1 0 1 1]
 [0 1 0 1 0 0 1 1 0 0]
 [1 1 1 1 0 1 0 1 1 1]
 [1 0 1 1 1 1 0 1 1 0]
 [1 1 1 1 0 1 0 0 1 1]
 [1 1 1 1 1 0 1 1 0 1]
 [1 0 1 1 1 1 1 1 1 0]
 [0 0 1 0 0 0 1 1 1 1]
 [1 1 1 1 1 1 1 0 1 1]
 [0 0 1 1 0 1 1 0 1 1]
 [0 1 0 0 0 1 0 1 0 0]
 [0 0 1 0 1 1 1 1 1 0]
 [1 1 1 1 1 0 0 1 0 0]
 [1 1 1 1 0 1 1 0 1 0]
 [1 0 1 1 0 1 0 1 1 1]
 [1 1 1 1 1 0 1 1 0 1]]
{'restarts': 38, 'conflicts': 11962, 'decisions': 20582, 'propagations': 6228378}
Q is identifiable
branch at 6
runtime for solving id of Q is 0.9372496483847499
Simulation results:
{'J': 50, 'K': 10, 'N': 10, 'p': 0.7, 'seed': 77, 'sim': 3, 'runtime': 0.9372496483847499, 'identifiable': 1, 'branch': 6}
4
Q: [[1 1 1 0 1 0 1 1 0 0]
 [1 0 1 1 1 1 1 1 1 1]
 [0 1 1 1 1 1 1 1 0 1]
 [0 1 1 1 1 1 1 0 1 0]
 [0 0 1 1 0 1 0 0 1 0]
 [0 1 0 1 1 0 1 1 1 1]
 [0 1 0 1 1 1 0 0 1 1]
 [1 1 1 0 1 1 0 1 0 1]
 [0 1 0 1 0 1 1 0 1 1]
 [0 0 0 0 1 0 1 1 1 1]
 [1 1 1 1 1 0 1 0 0 1]
 [1 1 1 1 1 0 1 1 1 1]
 [1 0 0 1 0 1 1 0 0 0]
 [1 0 1 0 1 1 1 1 0 1]
 [1 0 1 0 1 0 1 1 1 0]
 [0 0 1 1 1 1 0 1 1 1]
 [0 0 0 0 1 1 1 0 1 0]
 [1 1 1 1 0 1 0 1 1 0]
 [0 0 1 1 1 1 0 1 1 0]
 [1 0 1 0 1 1 1 1 1 1]
 [1 0 0 1 0 1 0 0 0 0]
 [1 0 1 1 0 1 0 1 1 1]
 [0 0 0 0 1 1 0 1 1 1]
 [0 1 0 0 1 1 1 1 1 0]
 [1 0 1 1 0 1 1 1 1 1]
 [1 0 0 0 0 1 1 1 1 1]
 [1 0 1 1 0 0 1 1 0 1]
 [0 1 0 0 1 1 1 1 0 1]
 [1 0 0 1 1 0 1 1 1 1]
 [0 1 1 0 1 0 1 1 1 0]
 [1 1 0 1 1 1 0 1 1 1]
 [1 1 0 0 1 1 0 1 0 0]
 [1 1 0 1 1 1 1 1 1 0]
 [0 1 0 1 1 1 1 1 1 0]
 [1 0 1 1 1 1 1 1 1 1]
 [0 1 0 0 1 0 0 1 1 0]
 [0 1 1 1 0 0 1 0 1 1]
 [1 1 0 1 1 1 0 0 0 1]
 [1 0 1 1 0 1 1 1 0 0]
 [1 1 1 0 1 1 0 1 1 1]
 [1 1 1 1 1 1 1 1 1 1]
 [1 0 1 1 0 1 0 0 1 1]
 [1 0 1 1 1 1 1 1 0 1]
 [0 0 1 1 1 1 1 1 1 1]
 [1 0 1 1 0 1 1 0 1 1]
 [1 0 1 1 1 1 1 0 0 0]
 [1 1 1 0 0 0 1 0 0 1]
 [1 1 0 1 0 0 1 0 1 1]
 [1 1 1 1 0 1 1 0 1 1]
 [1 1 1 0 1 1 1 1 1 1]]
{'restarts': 7, 'conflicts': 4557, 'decisions': 8808, 'propagations': 2960858}
Q is identifiable
branch at 6
runtime for solving id of Q is 0.4385914886370301
Simulation results:
{'J': 50, 'K': 10, 'N': 10, 'p': 0.7, 'seed': 77, 'sim': 4, 'runtime': 0.4385914886370301, 'identifiable': 1, 'branch': 6}
5
Q: [[1 1 1 1 1 1 0 1 0 1]
 [0 1 1 0 1 1 0 0 1 1]
 [0 1 1 1 0 1 1 1 1 1]
 [1 0 0 1 1 1 1 1 1 1]
 [1 1 1 1 1 1 0 1 0 1]
 [0 1 1 0 1 0 1 1 1 1]
 [0 0 1 0 1 0 0 0 1 0]
 [0 1 0 1 1 1 1 1 1 1]
 [1 1 1 1 1 0 1 1 0 1]
 [1 1 1 1 1 0 1 1 1 1]
 [0 0 1 1 1 1 0 0 1 1]
 [0 1 1 1 0 1 1 1 1 1]
 [1 0 0 1 0 1 0 1 0 0]
 [1 1 1 1 1 1 1 1 1 1]
 [1 1 1 1 1 0 1 1 1 1]
 [1 1 1 1 1 1 0 1 1 1]
 [1 0 0 1 1 1 0 1 1 1]
 [1 1 1 1 0 0 0 0 1 1]
 [1 0 0 1 1 0 1 0 1 1]
 [1 1 1 1 1 1 1 1 0 1]
 [1 0 1 1 1 1 0 0 1 1]
 [1 1 1 0 1 1 0 0 1 0]
 [0 0 0 1 1 1 1 0 1 0]
 [0 1 1 0 1 0 0 1 1 0]
 [1 0 1 1 1 1 1 0 1 1]
 [1 1 0 1 0 0 1 1 1 1]
 [1 1 1 1 0 1 1 0 1 1]
 [1 1 1 0 0 1 1 1 1 0]
 [1 1 0 1 1 1 1 1 0 1]
 [0 1 0 0 1 1 0 1 1 1]
 [1 1 1 1 1 1 1 1 0 1]
 [0 0 1 0 1 0 0 1 0 0]
 [0 1 1 1 0 1 1 1 0 1]
 [1 1 1 1 1 1 1 1 0 0]
 [1 1 1 0 1 1 1 1 1 0]
 [1 1 0 1 0 0 1 1 0 1]
 [1 0 1 1 1 0 0 1 1 1]
 [1 1 1 1 1 0 1 1 1 1]
 [1 1 0 1 1 1 1 1 1 1]
 [1 0 0 1 1 1 1 1 0 1]
 [1 0 0 1 1 1 1 0 0 1]
 [0 1 1 1 1 1 1 0 1 0]
 [0 0 0 1 1 1 0 1 1 1]
 [1 0 1 1 1 1 1 1 1 0]
 [1 1 0 0 1 0 1 0 1 1]
 [1 1 1 1 0 1 1 1 1 1]
 [0 0 1 1 1 1 1 0 0 1]
 [0 1 1 1 1 1 0 1 1 1]
 [0 0 1 1 1 1 0 1 0 1]
 [1 0 1 1 1 1 1 1 1 0]]
{'restarts': 18, 'conflicts': 6229, 'decisions': 11684, 'propagations': 2744794}
Q is identifiable
branch at 6
runtime for solving id of Q is 0.40021776128560305
Simulation results:
{'J': 50, 'K': 10, 'N': 10, 'p': 0.7, 'seed': 77, 'sim': 5, 'runtime': 0.40021776128560305, 'identifiable': 1, 'branch': 6}
6
Q: [[0 0 0 1 0 1 1 1 1 1]
 [1 1 1 1 1 1 0 1 0 1]
 [0 0 0 0 0 1 1 1 1 1]
 [1 1 1 1 1 1 1 1 1 1]
 [1 0 0 1 1 0 0 1 1 0]
 [0 1 1 1 1 1 1 1 1 1]
 [1 1 1 1 0 1 1 0 0 0]
 [1 1 0 1 0 0 1 1 0 0]
 [0 1 0 0 1 1 0 1 1 1]
 [1 1 1 1 1 1 1 1 1 0]
 [0 1 1 0 1 1 1 1 1 1]
 [1 0 0 1 1 1 1 0 1 1]
 [0 1 1 1 1 1 1 1 1 0]
 [1 1 1 0 1 1 1 0 1 1]
 [1 0 1 0 0 1 0 0 1 1]
 [1 1 1 1 1 0 1 1 1 0]
 [0 1 1 1 1 0 1 1 1 1]
 [0 1 1 0 1 1 1 1 0 0]
 [1 1 1 1 1 1 0 1 1 1]
 [1 1 0 0 0 1 0 1 1 0]
 [0 0 1 1 0 0 1 1 0 1]
 [0 0 0 1 1 1 1 1 1 1]
 [1 0 1 1 1 1 1 1 0 1]
 [1 0 1 0 1 1 1 0 1 1]
 [1 0 0 1 0 1 0 1 1 1]
 [0 0 1 1 1 1 1 0 1 1]
 [1 0 1 1 0 1 1 0 0 1]
 [0 1 1 0 0 1 1 1 0 1]
 [1 1 1 0 1 1 0 0 1 1]
 [1 1 0 1 1 0 1 1 0 1]
 [1 0 1 1 1 1 1 1 1 1]
 [1 0 1 0 1 1 1 1 0 1]
 [0 1 0 1 0 1 1 1 1 0]
 [1 1 1 1 1 1 0 1 1 0]
 [0 0 1 1 1 1 1 1 0 0]
 [1 1 0 1 0 1 1 0 1 0]
 [0 0 1 1 1 1 1 1 1 1]
 [1 1 1 1 1 1 0 1 1 0]
 [0 1 1 0 1 1 1 1 1 1]
 [0 1 1 1 1 1 1 1 1 1]
 [1 1 1 1 1 1 1 0 0 1]
 [1 1 1 1 0 1 0 1 1 0]
 [0 0 1 1 1 1 1 1 0 1]
 [1 1 1 1 1 0 1 0 1 1]
 [1 0 1 1 0 1 1 1 1 1]
 [0 0 1 0 1 0 1 1 1 1]
 [1 0 1 1 1 0 0 1 0 1]
 [1 1 0 0 0 0 1 1 1 1]
 [1 1 1 1 0 1 0 1 1 1]
 [1 0 1 0 0 1 1 0 1 0]]
{'restarts': 56, 'conflicts': 28989, 'decisions': 46677, 'propagations': 14899888}
Q is identifiable
branch at 6
runtime for solving id of Q is 2.4074101662263274
Simulation results:
{'J': 50, 'K': 10, 'N': 10, 'p': 0.7, 'seed': 77, 'sim': 6, 'runtime': 2.4074101662263274, 'identifiable': 1, 'branch': 6}
7
Q: [[1 1 1 1 1 0 1 1 1 1]
 [1 0 1 1 1 1 1 1 0 1]
 [0 0 1 0 1 1 1 0 1 0]
 [1 1 1 1 0 1 1 1 1 1]
 [1 1 1 1 1 1 0 1 1 0]
 [1 1 0 0 1 1 1 1 1 1]
 [1 1 1 1 0 1 0 1 1 1]
 [1 1 1 1 1 1 1 1 1 1]
 [1 1 1 0 1 0 1 0 0 1]
 [1 1 1 1 0 0 1 1 1 0]
 [1 1 1 1 1 1 1 0 1 1]
 [1 0 1 1 0 0 0 0 0 1]
 [1 1 1 0 1 1 1 1 0 1]
 [0 1 0 1 1 1 1 1 1 1]
 [0 1 0 0 1 1 1 1 1 0]
 [1 1 1 1 1 1 1 0 0 1]
 [0 1 1 1 1 0 1 1 1 1]
 [1 1 1 1 0 0 1 1 1 1]
 [1 0 1 1 1 1 1 1 1 1]
 [1 0 1 0 1 1 0 1 0 0]
 [0 1 1 1 1 0 1 1 1 1]
 [0 1 1 0 1 0 1 1 1 1]
 [0 1 1 1 1 1 0 1 0 1]
 [1 1 1 0 1 0 1 1 1 0]
 [1 1 1 0 1 1 0 0 1 1]
 [0 1 1 1 1 1 1 0 1 0]
 [0 0 1 1 1 1 1 1 1 0]
 [0 1 1 1 1 1 1 1 1 1]
 [1 1 1 1 1 0 0 1 1 0]
 [1 1 1 1 1 1 1 0 0 1]
 [1 1 0 1 0 0 1 0 1 1]
 [1 1 0 1 0 1 1 1 0 0]
 [0 1 1 1 1 1 0 1 1 1]
 [1 1 0 1 1 0 0 0 1 0]
 [0 0 0 1 0 1 0 0 1 1]
 [1 1 1 1 0 1 1 1 0 1]
 [1 1 0 1 1 1 1 0 1 1]
 [1 1 1 0 1 0 0 0 1 1]
 [0 1 1 1 1 1 1 1 0 1]
 [1 1 1 1 0 1 1 1 1 0]
 [1 0 1 1 1 0 1 1 1 1]
 [0 1 0 1 1 0 0 1 1 1]
 [0 1 1 1 1 0 1 0 1 0]
 [0 1 0 0 0 1 1 0 1 1]
 [0 0 0 1 1 1 1 1 0 0]
 [1 1 1 1 0 1 1 1 1 1]
 [0 0 1 0 1 0 1 0 1 0]
 [1 0 1 0 1 1 1 1 1 1]
 [1 1 1 0 1 1 1 1 1 1]
 [1 0 0 1 1 1 1 1 1 0]]
{'restarts': 13, 'conflicts': 4039, 'decisions': 7913, 'propagations': 1678005}
Q is identifiable
branch at 6
runtime for solving id of Q is 0.26691517047584057
Simulation results:
{'J': 50, 'K': 10, 'N': 10, 'p': 0.7, 'seed': 77, 'sim': 7, 'runtime': 0.26691517047584057, 'identifiable': 1, 'branch': 6}
8
Q: [[1 1 1 1 1 1 0 1 1 1]
 [1 0 1 0 1 1 1 0 1 1]
 [1 1 1 0 1 1 1 0 1 1]
 [1 1 1 1 0 1 1 1 1 1]
 [1 1 1 0 1 1 1 1 1 1]
 [1 0 1 1 1 1 1 0 0 1]
 [1 1 1 1 1 1 0 1 1 1]
 [0 0 1 0 1 0 0 0 0 0]
 [0 0 0 0 0 1 1 0 1 1]
 [1 0 1 1 1 1 1 1 1 1]
 [0 0 0 1 1 1 1 1 0 1]
 [1 0 1 1 1 1 0 1 1 0]
 [0 1 0 1 1 1 1 1 1 1]
 [1 0 0 1 1 1 1 1 1 1]
 [1 1 1 0 0 0 1 0 0 0]
 [1 1 1 1 0 1 1 1 1 1]
 [0 1 0 0 1 1 1 0 1 1]
 [1 1 0 1 0 1 0 1 1 1]
 [0 1 1 1 0 1 1 1 1 1]
 [0 1 1 1 0 0 1 1 1 1]
 [1 0 0 1 0 1 0 0 0 1]
 [1 0 1 1 1 1 1 1 1 1]
 [1 1 1 0 1 0 1 1 0 1]
 [1 0 1 1 1 1 1 1 1 0]
 [1 0 1 1 1 1 0 1 1 1]
 [1 1 0 1 0 1 1 1 1 0]
 [0 1 0 1 1 0 1 1 1 0]
 [1 1 1 1 1 1 1 1 0 1]
 [0 0 1 1 1 1 0 0 1 1]
 [1 0 1 1 1 1 0 1 1 0]
 [0 1 1 0 1 0 0 0 1 1]
 [1 0 0 1 0 1 1 1 1 1]
 [1 1 0 1 1 0 1 1 1 0]
 [1 0 1 1 1 1 1 1 1 0]
 [1 1 0 1 1 1 0 1 1 1]
 [1 0 1 1 1 0 1 0 1 1]
 [1 1 1 1 1 1 1 1 1 1]
 [1 1 1 1 1 1 1 1 1 1]
 [1 1 1 1 1 0 1 1 0 1]
 [1 1 1 0 0 1 0 1 1 1]
 [0 1 0 1 0 1 0 1 1 1]
 [1 0 1 1 1 0 1 0 1 1]
 [1 1 1 1 0 1 0 1 1 0]
 [1 1 1 1 1 0 1 1 1 1]
 [1 0 0 0 1 1 1 1 0 1]
 [1 1 1 1 1 1 0 0 1 1]
 [1 1 1 0 1 1 0 1 1 1]
 [0 0 1 1 1 0 1 1 1 1]
 [1 1 1 1 1 1 1 0 1 1]
 [1 1 0 1 1 1 1 0 0 1]]
{'restarts': 6, 'conflicts': 1033, 'decisions': 3039, 'propagations': 404771}
Q is not identifiable, and Q_bar is [[1 1 0 1 1 1 1 1 1 0]
 [1 0 0 0 0 1 1 1 1 1]
 [1 1 0 0 0 1 1 1 1 1]
 [1 1 0 1 1 1 1 1 0 1]
 [1 1 0 1 0 1 1 1 1 1]
 [1 0 0 0 1 0 1 1 1 1]
 [1 1 0 1 1 1 1 1 1 0]
 [0 0 0 0 0 0 0 1 1 0]
 [0 0 0 0 0 1 1 0 0 1]
 [1 0 0 1 1 1 1 1 1 1]
 [0 0 0 1 1 0 1 0 1 1]
 [1 0 1 0 0 0 1 1 1 0]
 [0 1 0 1 1 1 1 0 1 1]
 [1 0 0 1 1 1 1 0 1 1]
 [1 1 0 0 0 0 0 1 0 1]
 [1 1 0 1 1 1 1 1 0 1]
 [0 1 0 0 0 1 1 0 1 1]
 [1 1 0 1 1 1 1 0 0 0]
 [0 1 0 1 1 1 1 1 0 1]
 [0 1 0 1 1 1 0 1 0 1]
 [1 0 0 0 1 0 1 0 0 0]
 [1 0 0 1 1 1 1 1 1 1]
 [1 1 0 1 0 0 0 1 1 1]
 [1 0 1 0 0 0 1 1 1 1]
 [1 0 1 0 1 1 1 1 1 0]
 [1 1 1 0 0 0 1 0 0 1]
 [0 1 1 0 0 0 0 0 1 1]
 [1 1 0 1 1 0 1 1 1 1]
 [0 0 0 0 1 1 1 1 1 0]
 [1 0 1 0 0 0 1 1 1 0]
 [0 1 0 0 0 1 0 1 1 0]
 [1 0 0 1 1 1 1 0 0 1]
 [1 1 1 0 0 0 0 0 1 1]
 [1 0 1 0 0 0 1 1 1 1]
 [1 1 0 1 1 1 1 0 1 0]
 [1 0 0 0 1 1 0 1 1 1]
 [1 1 0 1 1 1 1 1 1 1]
 [1 1 0 1 1 1 1 1 1 1]
 [1 1 0 1 1 0 0 1 1 1]
 [1 1 0 1 0 1 1 1 0 0]
 [0 1 0 1 1 1 1 0 0 0]
 [1 0 0 0 1 1 0 1 1 1]
 [1 1 1 0 0 0 1 1 0 0]
 [1 1 1 0 1 1 0 1 1 1]
 [1 0 0 1 0 0 1 0 1 1]
 [1 1 0 0 1 1 1 1 1 0]
 [1 1 0 1 0 1 1 1 1 0]
 [0 0 1 1 1 1 0 1 1 1]
 [1 1 0 0 1 1 1 1 1 1]
 [1 1 0 0 1 0 1 0 1 1]]
branch at 5
runtime for solving id of Q is 0.13671224564313889
Simulation results:
{'J': 50, 'K': 10, 'N': 10, 'p': 0.7, 'seed': 77, 'sim': 8, 'runtime': 0.13671224564313889, 'identifiable': 0, 'branch': 5}
9
Q: [[1 0 0 1 0 1 1 1 1 0]
 [1 1 1 1 1 1 1 1 1 0]
 [0 0 1 0 1 1 1 1 0 1]
 [1 1 1 1 1 1 1 1 1 1]
 [1 0 0 1 1 0 0 1 0 1]
 [0 1 1 1 1 1 0 1 1 1]
 [0 1 1 0 0 0 1 1 1 1]
 [0 1 1 1 1 0 0 1 1 1]
 [1 1 1 1 1 0 1 1 0 1]
 [0 0 0 1 1 1 0 1 1 1]
 [1 1 1 1 1 1 1 0 1 1]
 [1 1 0 1 1 1 1 1 1 0]
 [1 1 0 0 1 1 0 1 0 1]
 [1 1 1 1 1 1 1 0 1 1]
 [1 1 0 1 1 1 1 1 1 0]
 [0 1 0 1 0 0 1 1 1 1]
 [1 1 1 1 1 0 1 1 1 1]
 [1 1 1 1 1 1 1 1 0 0]
 [1 1 1 1 1 1 1 0 0 1]
 [1 0 1 1 1 0 1 1 0 0]
 [1 1 1 1 1 1 1 1 1 1]
 [1 1 0 1 1 1 1 1 1 0]
 [0 1 0 1 1 1 0 1 1 1]
 [0 0 1 1 1 1 0 1 1 0]
 [1 0 1 0 1 0 1 1 1 0]
 [1 1 0 1 0 1 1 1 0 1]
 [1 1 1 0 0 1 1 0 1 1]
 [0 0 1 0 1 1 1 0 1 1]
 [0 1 1 1 1 0 1 1 1 1]
 [1 1 1 1 0 0 0 1 1 0]
 [1 1 1 0 1 0 1 0 1 0]
 [1 1 1 1 1 1 0 1 1 1]
 [1 1 1 1 1 1 0 0 1 0]
 [1 1 1 1 1 0 0 1 1 1]
 [0 1 1 0 1 1 1 1 0 1]
 [0 1 1 1 1 1 0 1 1 1]
 [1 0 1 1 1 1 1 1 0 1]
 [0 1 1 1 1 1 0 1 1 1]
 [1 1 0 1 1 0 1 1 1 1]
 [1 0 1 1 1 1 1 0 1 1]
 [1 1 0 0 1 0 1 1 0 1]
 [0 1 1 0 1 0 1 0 0 0]
 [1 1 0 1 1 1 1 1 1 0]
 [0 1 1 1 0 1 0 0 1 1]
 [0 1 1 1 1 0 0 1 1 0]
 [1 0 1 1 1 1 1 1 1 0]
 [1 0 0 1 1 1 1 0 1 1]
 [1 1 1 1 1 1 1 0 1 1]
 [1 1 1 1 0 0 1 1 1 0]
 [1 0 1 0 1 0 1 1 1 1]]
{'restarts': 228, 'conflicts': 104452, 'decisions': 149638, 'propagations': 43197915}
Q is identifiable
branch at 6
runtime for solving id of Q is 10.44319092668593
Simulation results:
{'J': 50, 'K': 10, 'N': 10, 'p': 0.7, 'seed': 77, 'sim': 9, 'runtime': 10.44319092668593, 'identifiable': 1, 'branch': 6}
Simulation results:
[{'J': 50, 'K': 10, 'N': 10, 'p': 0.7, 'seed': 77, 'sim': 0, 'runtime': 0.7695933477953076, 'identifiable': 0, 'branch': 5}, {'J': 50, 'K': 10, 'N': 10, 'p': 0.7, 'seed': 77, 'sim': 1, 'runtime': 0.30986799020320177, 'identifiable': 0, 'branch': 5}, {'J': 50, 'K': 10, 'N': 10, 'p': 0.7, 'seed': 77, 'sim': 2, 'runtime': 2.2960224207490683, 'identifiable': 1, 'branch': 6}, {'J': 50, 'K': 10, 'N': 10, 'p': 0.7, 'seed': 77, 'sim': 3, 'runtime': 0.9372496483847499, 'identifiable': 1, 'branch': 6}, {'J': 50, 'K': 10, 'N': 10, 'p': 0.7, 'seed': 77, 'sim': 4, 'runtime': 0.4385914886370301, 'identifiable': 1, 'branch': 6}, {'J': 50, 'K': 10, 'N': 10, 'p': 0.7, 'seed': 77, 'sim': 5, 'runtime': 0.40021776128560305, 'identifiable': 1, 'branch': 6}, {'J': 50, 'K': 10, 'N': 10, 'p': 0.7, 'seed': 77, 'sim': 6, 'runtime': 2.4074101662263274, 'identifiable': 1, 'branch': 6}, {'J': 50, 'K': 10, 'N': 10, 'p': 0.7, 'seed': 77, 'sim': 7, 'runtime': 0.26691517047584057, 'identifiable': 1, 'branch': 6}, {'J': 50, 'K': 10, 'N': 10, 'p': 0.7, 'seed': 77, 'sim': 8, 'runtime': 0.13671224564313889, 'identifiable': 0, 'branch': 5}, {'J': 50, 'K': 10, 'N': 10, 'p': 0.7, 'seed': 77, 'sim': 9, 'runtime': 10.44319092668593, 'identifiable': 1, 'branch': 6}]
