
The Gurobi software has a limited number of licenses. To request a license or
licenses, add this line

    #SBATCH --licenses=gurobi@slurmdb:1

to your SBATCH script, replacing N with the number of licenses you need. Gurobi
will need one license per process.


0
Q: [[0 0 0 1 0]
 [1 1 0 1 0]
 [0 1 1 1 1]
 [0 0 0 0 1]
 [0 1 1 0 1]
 [1 0 1 1 0]
 [0 1 0 0 0]
 [0 1 1 1 0]
 [1 1 1 0 1]
 [0 0 0 1 1]
 [1 0 1 0 0]
 [1 0 0 1 1]
 [0 0 1 0 1]
 [0 0 1 1 1]
 [1 0 1 0 0]
 [0 1 0 0 0]
 [0 0 0 0 1]
 [0 1 0 0 0]
 [1 0 1 0 1]
 [1 1 0 0 0]
 [1 0 0 0 1]
 [1 1 1 0 1]
 [1 1 0 1 0]
 [1 1 0 1 1]
 [0 0 1 1 1]
 [1 0 0 0 1]
 [1 1 1 0 0]
 [0 1 0 1 1]
 [0 1 0 1 1]
 [1 0 1 0 0]
 [1 1 0 1 1]
 [1 0 1 0 1]
 [0 1 1 1 1]
 [0 0 1 0 1]
 [1 1 0 0 0]
 [1 0 0 1 0]
 [1 0 1 1 1]
 [0 0 0 1 0]
 [1 0 0 0 1]
 [0 1 0 0 1]
 [1 0 0 0 1]
 [0 0 0 0 0]
 [0 0 1 0 1]
 [0 1 0 0 1]
 [1 1 1 0 0]
 [1 1 0 0 0]
 [1 0 1 1 1]
 [0 0 1 1 1]
 [1 0 1 1 0]
 [0 1 0 0 1]
 [0 1 0 1 0]
 [1 1 1 1 0]
 [0 1 0 1 1]
 [0 1 0 0 0]
 [1 1 0 0 1]
 [0 0 1 0 0]
 [1 1 1 0 0]
 [0 1 1 1 0]
 [1 0 0 1 0]
 [1 1 1 1 1]
 [0 1 0 0 0]
 [1 0 1 0 0]
 [1 0 1 1 1]
 [1 0 0 0 0]
 [1 1 0 1 0]
 [0 1 1 1 0]
 [1 0 0 0 1]
 [0 1 1 1 1]
 [0 0 1 0 1]
 [0 0 0 1 1]
 [0 0 0 1 0]
 [1 1 0 0 0]
 [0 0 0 0 0]
 [1 1 1 0 1]
 [0 0 1 0 1]
 [1 1 1 0 1]
 [1 1 1 1 1]
 [0 1 0 0 1]
 [1 0 0 1 1]
 [1 1 0 1 0]
 [1 0 0 1 1]
 [0 0 1 0 1]
 [1 1 0 1 0]
 [1 0 1 1 0]
 [0 0 0 0 0]
 [0 1 1 0 1]
 [1 0 1 1 0]
 [0 0 1 0 1]
 [0 1 0 1 0]
 [0 1 0 1 0]
 [0 0 1 1 0]
 [1 0 1 0 1]
 [0 0 1 1 0]
 [0 1 1 1 1]
 [1 1 0 1 0]
 [0 1 1 1 0]
 [0 0 1 0 0]
 [0 1 1 1 0]
 [0 1 1 1 0]
 [0 1 1 1 0]]
Q is identifiable (direct_check).
Q is identifiable
branch at 4
runtime for solving id of Q is 0.0007241091225296259
Simulation results:
{'J': 100, 'K': 5, 'N': 10, 'p': 0.5, 'seed': 86, 'sim': 0, 'runtime': 0.0007241091225296259, 'identifiable': 1, 'branch': 4}
1
Q: [[0 0 0 0 1]
 [0 1 0 1 1]
 [0 0 0 1 0]
 [1 0 0 0 1]
 [0 1 1 1 0]
 [0 0 0 1 1]
 [0 1 0 1 1]
 [0 0 1 1 0]
 [1 0 1 0 0]
 [0 1 0 1 1]
 [0 0 0 0 0]
 [1 1 0 0 0]
 [1 0 1 1 1]
 [0 0 0 0 0]
 [0 1 0 0 0]
 [1 1 1 0 1]
 [1 1 0 0 0]
 [0 1 0 1 0]
 [0 0 1 0 0]
 [1 0 0 1 1]
 [0 0 0 1 1]
 [0 1 0 0 0]
 [1 1 1 0 0]
 [1 0 0 0 1]
 [0 0 1 1 1]
 [0 1 0 0 1]
 [1 1 1 1 0]
 [0 0 0 1 0]
 [0 0 1 0 0]
 [0 0 1 0 1]
 [0 1 0 1 1]
 [1 0 0 0 0]
 [0 0 0 0 1]
 [1 0 1 0 1]
 [1 0 0 1 1]
 [1 0 1 1 0]
 [0 0 0 0 0]
 [1 0 1 1 0]
 [0 0 1 0 0]
 [0 0 1 1 0]
 [0 0 0 1 1]
 [0 0 1 0 0]
 [1 1 0 1 0]
 [1 0 0 0 0]
 [0 0 0 1 0]
 [0 1 1 1 0]
 [0 1 0 1 0]
 [1 1 1 0 0]
 [1 0 0 1 1]
 [0 1 1 1 1]
 [1 1 1 1 1]
 [0 1 0 0 1]
 [0 0 1 1 0]
 [1 0 0 0 0]
 [0 1 1 0 1]
 [1 0 0 0 0]
 [1 0 0 1 1]
 [1 0 0 1 1]
 [1 0 0 0 0]
 [1 0 0 0 1]
 [0 1 1 0 0]
 [0 0 1 1 1]
 [0 0 0 0 0]
 [1 0 1 0 1]
 [0 0 1 0 0]
 [1 1 0 0 1]
 [1 0 0 0 1]
 [1 1 1 0 0]
 [0 0 1 0 0]
 [1 0 1 0 0]
 [0 1 0 1 0]
 [1 1 1 0 0]
 [1 1 0 1 1]
 [1 1 0 1 0]
 [0 0 1 0 0]
 [1 0 1 1 1]
 [1 0 0 0 0]
 [0 0 1 1 0]
 [1 0 1 0 0]
 [0 0 1 0 0]
 [1 0 1 0 1]
 [0 0 1 0 1]
 [1 0 1 1 1]
 [0 0 1 0 1]
 [1 1 1 1 0]
 [0 1 1 1 0]
 [0 1 0 1 0]
 [0 1 0 0 1]
 [0 1 0 1 1]
 [1 0 1 0 0]
 [1 0 0 0 1]
 [0 1 0 0 1]
 [0 0 0 1 1]
 [0 1 0 0 1]
 [1 0 1 1 0]
 [1 0 0 0 0]
 [1 0 0 0 1]
 [0 0 0 1 1]
 [1 0 1 0 1]
 [1 0 0 0 0]]
Q is identifiable (direct_check).
Q is identifiable
branch at 4
runtime for solving id of Q is 0.0005482800770550966
Simulation results:
{'J': 100, 'K': 5, 'N': 10, 'p': 0.5, 'seed': 86, 'sim': 1, 'runtime': 0.0005482800770550966, 'identifiable': 1, 'branch': 4}
2
Q: [[0 1 1 0 1]
 [0 1 1 1 0]
 [1 1 0 0 0]
 [1 0 1 1 1]
 [0 1 1 1 1]
 [0 0 0 1 0]
 [0 1 1 0 1]
 [0 1 0 0 0]
 [0 0 1 0 1]
 [0 1 0 0 1]
 [1 0 0 0 1]
 [0 1 0 1 1]
 [0 1 1 0 0]
 [0 1 1 1 0]
 [1 1 1 0 0]
 [1 0 1 1 0]
 [1 0 1 0 1]
 [1 0 1 1 1]
 [0 0 0 1 1]
 [1 0 0 0 1]
 [1 1 1 0 0]
 [1 1 0 0 0]
 [1 1 1 0 0]
 [0 1 1 1 1]
 [0 1 1 1 1]
 [0 1 1 1 0]
 [0 1 0 0 1]
 [0 1 0 1 0]
 [1 0 0 1 0]
 [1 0 1 0 0]
 [0 0 0 0 0]
 [0 0 1 0 0]
 [1 1 1 0 1]
 [0 1 1 1 0]
 [0 0 0 1 0]
 [1 1 0 1 1]
 [1 0 0 0 0]
 [0 0 1 1 0]
 [0 1 0 1 1]
 [1 0 1 1 0]
 [1 0 0 1 0]
 [0 0 1 1 0]
 [1 0 0 0 1]
 [1 1 0 1 1]
 [1 0 1 1 0]
 [1 1 0 0 1]
 [1 0 0 0 1]
 [0 0 0 0 0]
 [0 0 1 0 1]
 [1 1 0 1 1]
 [1 1 1 0 1]
 [0 0 0 1 1]
 [0 0 1 1 0]
 [1 1 1 1 0]
 [0 1 0 0 1]
 [0 1 1 0 0]
 [0 1 0 1 0]
 [1 0 1 1 0]
 [1 0 0 0 1]
 [1 1 1 1 1]
 [0 1 1 0 0]
 [0 1 1 1 0]
 [1 0 1 0 1]
 [1 1 1 0 1]
 [0 0 0 1 1]
 [1 1 0 1 1]
 [0 0 0 0 1]
 [1 0 0 1 1]
 [0 1 1 1 1]
 [0 1 1 0 1]
 [0 1 0 0 1]
 [1 0 0 1 1]
 [0 0 1 0 1]
 [1 1 1 1 0]
 [1 1 1 0 1]
 [1 0 0 0 1]
 [1 1 0 0 0]
 [0 0 0 1 1]
 [0 1 1 1 0]
 [0 1 0 0 1]
 [1 0 1 0 1]
 [1 0 1 1 0]
 [1 0 1 0 1]
 [0 0 0 1 0]
 [0 1 1 0 0]
 [0 0 0 0 1]
 [0 1 1 0 1]
 [1 1 0 1 0]
 [1 0 1 0 0]
 [0 1 1 1 0]
 [1 1 1 1 0]
 [0 1 1 1 0]
 [0 1 1 0 0]
 [0 0 1 0 0]
 [1 0 1 0 0]
 [0 1 0 0 0]
 [0 0 0 0 0]
 [1 1 0 0 0]
 [1 0 0 0 0]
 [0 1 1 0 1]]
Q is identifiable (direct_check).
Q is identifiable
branch at 4
runtime for solving id of Q is 0.0005567120388150215
Simulation results:
{'J': 100, 'K': 5, 'N': 10, 'p': 0.5, 'seed': 86, 'sim': 2, 'runtime': 0.0005567120388150215, 'identifiable': 1, 'branch': 4}
3
Q: [[1 0 0 0 0]
 [1 1 0 1 0]
 [1 1 1 1 0]
 [0 0 0 0 1]
 [0 1 1 0 1]
 [1 0 0 1 0]
 [1 1 0 0 1]
 [0 0 1 0 0]
 [1 0 0 1 0]
 [1 0 0 1 1]
 [0 0 0 1 1]
 [1 0 0 0 0]
 [1 1 0 1 1]
 [1 0 1 1 1]
 [0 1 1 0 1]
 [0 0 1 0 0]
 [1 0 1 0 1]
 [0 0 0 0 0]
 [0 1 1 0 0]
 [0 0 0 0 1]
 [1 1 0 0 0]
 [0 0 1 0 1]
 [1 1 0 0 1]
 [1 0 1 0 1]
 [1 1 0 0 1]
 [0 1 0 1 0]
 [0 1 1 0 1]
 [1 0 1 1 0]
 [0 1 0 0 1]
 [1 1 0 1 0]
 [1 0 0 0 0]
 [0 1 1 0 1]
 [1 1 0 1 1]
 [1 1 1 1 0]
 [0 0 1 1 0]
 [0 0 0 1 1]
 [0 1 1 0 0]
 [0 0 0 1 1]
 [1 0 0 1 1]
 [1 0 0 0 1]
 [0 1 0 0 1]
 [1 1 0 1 0]
 [0 1 0 1 0]
 [0 0 0 0 0]
 [0 0 0 0 0]
 [0 1 1 1 1]
 [1 1 1 1 0]
 [0 1 1 1 0]
 [0 0 1 0 0]
 [1 1 1 0 0]
 [0 1 0 0 0]
 [0 0 0 1 1]
 [1 1 1 0 0]
 [1 1 0 1 0]
 [1 0 1 0 1]
 [0 1 0 1 1]
 [0 0 1 0 0]
 [1 1 0 0 0]
 [1 0 1 1 0]
 [0 0 1 0 1]
 [1 1 1 0 0]
 [1 1 0 0 0]
 [0 0 1 0 0]
 [1 1 0 1 0]
 [0 0 0 0 1]
 [1 0 0 1 0]
 [0 1 1 1 1]
 [0 1 0 0 0]
 [1 0 0 1 1]
 [0 1 1 0 0]
 [1 1 1 1 0]
 [0 0 1 0 1]
 [1 1 0 0 0]
 [0 1 1 0 1]
 [1 1 0 0 1]
 [0 0 0 0 1]
 [1 0 0 0 1]
 [1 0 0 0 0]
 [0 0 0 1 1]
 [1 0 1 0 0]
 [0 1 0 1 0]
 [0 0 1 0 0]
 [1 0 0 1 1]
 [0 0 1 1 1]
 [1 1 1 1 1]
 [1 1 1 1 1]
 [1 0 1 1 1]
 [1 1 0 1 1]
 [1 1 0 0 1]
 [1 1 1 0 0]
 [1 0 1 0 0]
 [1 1 1 1 1]
 [0 0 1 1 1]
 [0 1 0 1 1]
 [0 1 1 1 1]
 [1 0 0 1 0]
 [0 0 0 1 0]
 [1 1 1 0 1]
 [0 1 1 1 0]
 [1 1 0 1 1]]
Q is identifiable (direct_check).
Q is identifiable
branch at 4
runtime for solving id of Q is 0.0005060529801994562
Simulation results:
{'J': 100, 'K': 5, 'N': 10, 'p': 0.5, 'seed': 86, 'sim': 3, 'runtime': 0.0005060529801994562, 'identifiable': 1, 'branch': 4}
4
Q: [[1 0 1 1 1]
 [1 0 1 0 1]
 [1 0 0 1 1]
 [0 0 0 1 0]
 [1 1 1 1 0]
 [0 0 1 1 0]
 [1 1 1 0 0]
 [0 1 0 0 1]
 [0 1 1 0 0]
 [1 1 0 0 0]
 [0 0 0 0 0]
 [1 1 0 1 0]
 [0 1 1 0 1]
 [1 1 0 1 0]
 [0 1 1 1 1]
 [1 0 0 1 0]
 [0 0 1 1 1]
 [1 0 0 0 0]
 [1 0 0 0 1]
 [1 0 1 0 0]
 [1 0 0 1 1]
 [0 1 0 0 0]
 [1 1 1 1 1]
 [1 1 1 1 0]
 [0 0 1 0 0]
 [0 1 1 1 0]
 [0 0 1 0 0]
 [0 0 0 0 1]
 [0 1 0 1 1]
 [0 0 0 1 0]
 [1 0 1 1 0]
 [1 0 1 0 1]
 [1 0 1 0 1]
 [1 1 0 1 0]
 [0 0 1 1 0]
 [1 0 1 1 0]
 [0 0 0 0 1]
 [1 0 1 1 0]
 [0 1 0 1 0]
 [1 0 1 0 0]
 [0 0 1 0 0]
 [0 0 1 0 1]
 [0 1 1 1 0]
 [1 0 1 0 0]
 [1 1 1 1 1]
 [1 0 0 1 1]
 [1 0 0 0 1]
 [0 0 0 0 0]
 [1 0 1 1 0]
 [1 0 1 0 1]
 [0 0 1 0 1]
 [1 0 0 0 1]
 [1 0 1 1 0]
 [1 0 0 0 0]
 [0 1 0 1 1]
 [1 1 0 0 0]
 [0 0 0 1 0]
 [1 1 1 1 0]
 [1 0 1 0 0]
 [0 1 1 0 1]
 [0 1 1 0 1]
 [0 0 1 0 1]
 [0 1 1 0 0]
 [0 1 0 1 1]
 [0 1 0 0 0]
 [0 1 1 0 0]
 [0 0 0 0 0]
 [0 0 1 1 0]
 [1 1 0 0 0]
 [1 1 1 1 1]
 [1 0 0 0 1]
 [0 1 0 0 0]
 [1 0 0 1 1]
 [1 0 1 1 1]
 [1 1 0 0 0]
 [1 1 1 1 1]
 [0 0 1 1 0]
 [1 0 1 1 1]
 [0 0 1 0 1]
 [0 1 0 0 0]
 [0 0 0 1 0]
 [1 0 1 1 0]
 [1 1 1 0 0]
 [0 1 0 1 1]
 [0 0 0 1 1]
 [0 0 0 0 0]
 [1 0 1 1 1]
 [1 0 0 0 0]
 [1 1 0 0 0]
 [0 0 0 1 0]
 [1 1 1 0 1]
 [1 0 0 0 0]
 [1 0 0 0 1]
 [1 1 0 0 1]
 [1 1 0 1 1]
 [1 1 0 1 1]
 [0 0 1 1 0]
 [0 1 1 1 1]
 [0 0 0 1 0]
 [1 0 1 1 0]]
Q is identifiable (direct_check).
Q is identifiable
branch at 4
runtime for solving id of Q is 0.0005047798622399569
Simulation results:
{'J': 100, 'K': 5, 'N': 10, 'p': 0.5, 'seed': 86, 'sim': 4, 'runtime': 0.0005047798622399569, 'identifiable': 1, 'branch': 4}
5
Q: [[1 0 0 1 0]
 [0 1 0 0 1]
 [1 1 0 1 0]
 [0 1 0 0 0]
 [1 1 0 0 1]
 [1 1 0 0 1]
 [1 0 0 0 1]
 [0 0 1 0 0]
 [1 0 0 1 0]
 [1 0 1 1 1]
 [1 0 0 0 1]
 [0 0 0 0 1]
 [1 1 1 0 0]
 [1 1 0 1 1]
 [1 0 1 1 0]
 [0 0 1 1 1]
 [0 0 1 0 0]
 [1 0 1 0 0]
 [1 1 1 1 0]
 [1 0 0 0 1]
 [0 0 1 0 0]
 [0 1 1 0 1]
 [0 1 1 1 0]
 [1 0 1 1 1]
 [0 0 0 0 1]
 [1 0 0 0 0]
 [1 0 1 1 1]
 [1 0 1 0 1]
 [1 1 1 1 0]
 [0 0 1 1 1]
 [1 1 0 1 1]
 [1 1 0 1 0]
 [1 0 0 1 0]
 [0 0 0 1 0]
 [1 0 0 0 1]
 [1 0 1 1 1]
 [0 0 0 0 1]
 [0 1 0 0 0]
 [1 1 0 0 0]
 [0 1 0 1 0]
 [0 1 0 0 0]
 [1 1 0 1 0]
 [0 0 0 0 0]
 [1 0 1 1 1]
 [0 1 1 1 1]
 [0 1 0 0 1]
 [1 0 0 0 1]
 [1 0 1 0 1]
 [1 0 1 1 1]
 [0 1 1 1 1]
 [1 0 0 1 0]
 [0 0 0 0 0]
 [1 0 0 1 1]
 [1 1 0 0 0]
 [0 0 1 1 1]
 [1 0 0 1 1]
 [1 0 0 1 1]
 [1 0 1 0 0]
 [0 1 0 0 0]
 [0 0 1 0 1]
 [0 1 0 1 1]
 [1 1 0 1 1]
 [1 0 0 0 0]
 [0 0 0 0 0]
 [0 0 1 0 0]
 [1 1 1 0 0]
 [1 1 0 1 0]
 [1 0 1 0 0]
 [0 0 0 0 1]
 [0 1 0 1 1]
 [0 1 1 0 0]
 [1 0 1 1 1]
 [0 1 0 0 1]
 [0 0 1 0 1]
 [1 0 0 0 1]
 [0 1 0 0 0]
 [0 1 0 1 1]
 [1 1 0 0 0]
 [1 1 1 1 0]
 [0 1 0 1 0]
 [1 1 0 0 1]
 [0 0 0 0 0]
 [0 0 0 0 0]
 [0 1 0 0 1]
 [1 1 0 1 0]
 [0 0 1 0 1]
 [0 1 0 1 0]
 [1 0 1 1 1]
 [0 0 1 1 1]
 [1 0 0 1 0]
 [0 1 0 0 0]
 [1 1 0 1 1]
 [0 0 1 0 1]
 [0 1 0 1 1]
 [1 1 0 0 1]
 [0 0 0 1 0]
 [0 1 0 1 0]
 [1 1 0 1 0]
 [1 1 1 0 1]
 [1 1 0 0 0]]
Q is identifiable (direct_check).
Q is identifiable
branch at 4
runtime for solving id of Q is 0.0004959648940712214
Simulation results:
{'J': 100, 'K': 5, 'N': 10, 'p': 0.5, 'seed': 86, 'sim': 5, 'runtime': 0.0004959648940712214, 'identifiable': 1, 'branch': 4}
6
Q: [[0 0 1 1 0]
 [1 1 1 0 1]
 [1 0 1 0 0]
 [1 0 1 0 0]
 [1 1 1 0 1]
 [0 0 0 1 1]
 [1 1 1 1 0]
 [1 0 1 1 0]
 [1 0 1 1 0]
 [1 0 1 0 0]
 [1 1 1 0 0]
 [0 0 0 1 0]
 [0 1 1 0 1]
 [0 0 0 1 0]
 [1 0 0 1 0]
 [1 0 0 0 0]
 [1 1 0 0 0]
 [0 1 0 1 0]
 [1 0 1 1 0]
 [0 1 1 1 1]
 [1 0 1 0 0]
 [0 1 0 0 0]
 [1 0 0 0 0]
 [1 1 0 0 1]
 [1 1 0 1 1]
 [1 0 1 0 0]
 [0 1 0 0 1]
 [1 0 0 1 0]
 [1 1 1 1 0]
 [0 0 0 0 0]
 [0 1 1 1 0]
 [0 1 1 1 1]
 [0 1 0 1 1]
 [0 1 0 0 0]
 [1 0 1 1 1]
 [1 0 1 1 0]
 [1 0 0 0 1]
 [1 0 0 0 1]
 [1 0 1 0 1]
 [1 1 0 1 1]
 [0 1 1 0 0]
 [0 1 1 0 1]
 [0 0 1 1 0]
 [1 0 0 1 0]
 [1 1 1 1 0]
 [0 1 0 0 1]
 [0 0 0 1 1]
 [1 1 0 1 1]
 [0 1 0 1 0]
 [1 0 0 0 1]
 [0 0 0 1 1]
 [1 0 0 0 1]
 [1 0 1 1 0]
 [0 1 0 1 0]
 [1 1 1 0 0]
 [1 1 1 0 1]
 [0 0 0 1 0]
 [0 1 0 0 0]
 [1 1 0 0 0]
 [1 1 1 1 0]
 [0 1 1 0 1]
 [0 1 1 1 0]
 [0 0 0 0 1]
 [0 0 1 1 0]
 [0 0 1 1 0]
 [0 1 1 1 0]
 [0 1 1 0 0]
 [0 0 0 0 0]
 [0 1 1 0 1]
 [0 1 1 0 0]
 [0 1 1 1 0]
 [1 1 0 1 1]
 [0 0 0 1 0]
 [1 0 0 0 1]
 [0 0 1 0 0]
 [0 0 0 1 1]
 [1 1 0 0 0]
 [0 1 0 0 0]
 [0 1 0 0 0]
 [0 0 1 1 1]
 [1 1 1 1 0]
 [0 0 0 1 1]
 [0 0 0 0 0]
 [1 1 1 1 1]
 [0 0 1 1 0]
 [0 1 0 0 0]
 [0 1 0 0 1]
 [1 1 0 0 0]
 [0 0 0 1 1]
 [0 0 0 1 1]
 [0 0 0 1 0]
 [1 0 0 0 0]
 [0 0 1 0 0]
 [0 0 0 0 0]
 [0 0 1 0 0]
 [0 0 1 0 1]
 [0 1 0 0 0]
 [1 1 1 0 0]
 [0 0 0 1 0]
 [1 0 1 0 0]]
Q is identifiable (direct_check).
Q is identifiable
branch at 4
runtime for solving id of Q is 0.0005347458645701408
Simulation results:
{'J': 100, 'K': 5, 'N': 10, 'p': 0.5, 'seed': 86, 'sim': 6, 'runtime': 0.0005347458645701408, 'identifiable': 1, 'branch': 4}
7
Q: [[0 0 0 1 1]
 [1 1 1 0 0]
 [1 0 0 0 1]
 [0 1 1 0 0]
 [1 0 0 1 1]
 [1 0 1 1 0]
 [0 1 1 0 1]
 [0 1 1 0 1]
 [1 0 1 1 1]
 [0 0 1 0 1]
 [0 0 0 0 1]
 [1 0 1 0 1]
 [1 1 1 1 0]
 [1 1 1 1 0]
 [1 1 1 0 1]
 [0 0 0 1 0]
 [1 0 1 1 1]
 [0 0 0 1 1]
 [0 1 0 0 1]
 [0 0 1 0 1]
 [1 0 0 1 0]
 [1 1 0 0 1]
 [0 1 1 0 1]
 [1 0 0 1 1]
 [1 0 1 1 0]
 [1 1 0 1 1]
 [1 0 0 1 0]
 [0 1 0 0 0]
 [1 1 0 0 1]
 [0 1 1 0 0]
 [0 1 0 0 1]
 [0 1 0 0 0]
 [0 0 1 0 0]
 [1 1 0 1 0]
 [0 1 0 1 0]
 [0 1 0 0 1]
 [1 0 1 1 0]
 [0 0 0 0 0]
 [1 1 1 0 0]
 [1 0 1 0 0]
 [0 1 0 0 1]
 [0 0 1 1 1]
 [0 1 1 1 0]
 [0 0 0 0 0]
 [1 0 0 0 1]
 [1 0 0 0 0]
 [0 0 0 1 1]
 [0 1 0 1 0]
 [1 0 1 1 0]
 [1 1 1 0 0]
 [1 0 1 0 1]
 [0 0 1 1 0]
 [1 1 0 0 0]
 [1 0 1 1 0]
 [0 0 0 1 1]
 [1 1 1 1 0]
 [1 1 0 1 0]
 [1 1 0 1 1]
 [1 0 1 1 1]
 [1 0 0 1 1]
 [1 1 1 1 0]
 [0 1 1 1 0]
 [0 0 0 1 0]
 [1 1 0 1 1]
 [1 1 0 0 0]
 [0 1 1 0 0]
 [0 1 1 0 1]
 [1 1 1 0 1]
 [0 0 1 0 1]
 [0 0 1 0 0]
 [0 1 1 1 0]
 [1 0 1 1 1]
 [0 0 0 1 1]
 [1 0 0 0 1]
 [0 1 1 1 1]
 [1 0 0 1 1]
 [1 1 0 0 0]
 [1 1 1 1 0]
 [0 1 0 0 1]
 [1 0 0 0 0]
 [0 0 0 0 0]
 [1 1 1 1 0]
 [0 0 0 0 1]
 [1 1 0 1 1]
 [0 1 0 0 0]
 [1 1 0 1 0]
 [1 1 1 0 1]
 [1 1 1 1 1]
 [1 1 0 0 0]
 [1 1 0 0 1]
 [0 1 1 1 1]
 [0 0 0 0 0]
 [0 0 0 1 0]
 [1 1 1 0 1]
 [1 0 0 1 0]
 [0 1 1 0 0]
 [0 0 1 0 1]
 [0 0 1 0 1]
 [0 0 1 1 1]
 [1 1 1 1 1]]
Q is identifiable (direct_check).
Q is identifiable
branch at 4
runtime for solving id of Q is 0.0005359719507396221
Simulation results:
{'J': 100, 'K': 5, 'N': 10, 'p': 0.5, 'seed': 86, 'sim': 7, 'runtime': 0.0005359719507396221, 'identifiable': 1, 'branch': 4}
8
Q: [[0 0 1 1 1]
 [0 1 1 1 1]
 [0 1 0 1 1]
 [0 1 0 0 1]
 [1 0 1 1 0]
 [1 0 1 1 0]
 [1 0 1 0 0]
 [0 1 1 1 0]
 [0 1 1 0 0]
 [0 1 1 0 0]
 [0 0 1 1 0]
 [0 1 1 1 0]
 [0 1 0 0 0]
 [0 0 1 1 0]
 [1 0 1 0 0]
 [1 1 1 1 1]
 [1 1 0 0 0]
 [1 1 1 0 0]
 [1 1 0 1 1]
 [0 0 0 1 0]
 [1 1 1 0 0]
 [1 1 1 0 1]
 [1 1 0 1 0]
 [0 1 0 0 0]
 [0 1 0 1 0]
 [0 1 0 1 0]
 [0 0 0 0 1]
 [0 1 0 1 0]
 [1 0 0 0 0]
 [1 0 1 1 1]
 [1 0 0 1 0]
 [0 0 1 1 1]
 [1 0 1 0 1]
 [1 0 0 1 0]
 [1 0 1 1 1]
 [0 1 1 0 0]
 [1 0 0 0 1]
 [1 1 0 0 0]
 [1 0 0 1 0]
 [0 0 1 1 1]
 [1 0 1 1 1]
 [0 1 1 0 0]
 [0 1 1 1 1]
 [0 1 0 1 0]
 [1 1 0 0 0]
 [1 1 1 0 1]
 [1 1 1 0 0]
 [1 1 0 0 1]
 [1 0 0 0 1]
 [1 0 0 0 1]
 [0 0 1 1 0]
 [1 0 0 0 1]
 [0 1 1 1 0]
 [0 0 0 1 1]
 [1 0 0 1 0]
 [1 0 1 1 0]
 [1 1 0 0 0]
 [0 0 1 0 0]
 [0 1 0 1 0]
 [1 1 0 1 0]
 [0 1 0 1 0]
 [1 1 0 0 0]
 [0 0 0 1 1]
 [1 0 0 0 1]
 [1 1 1 0 1]
 [0 1 0 0 0]
 [1 0 0 0 1]
 [1 1 0 0 0]
 [1 1 1 1 1]
 [1 1 1 0 0]
 [0 1 1 0 1]
 [0 0 0 1 1]
 [0 1 0 1 1]
 [1 1 0 0 0]
 [1 0 0 0 0]
 [1 0 0 0 1]
 [1 0 1 1 0]
 [0 1 0 0 1]
 [1 1 0 1 0]
 [1 1 0 0 1]
 [0 0 0 0 1]
 [0 0 0 1 1]
 [1 1 1 0 0]
 [1 0 0 0 0]
 [1 0 0 1 0]
 [0 1 1 1 1]
 [1 0 0 0 0]
 [0 0 1 1 1]
 [1 0 1 1 1]
 [0 1 0 1 0]
 [0 1 1 0 1]
 [0 1 0 0 0]
 [1 1 1 0 0]
 [1 1 1 0 1]
 [1 1 0 0 1]
 [1 1 0 1 0]
 [1 0 1 0 1]
 [0 1 1 0 0]
 [1 0 0 1 0]
 [0 1 1 0 1]]
Q is identifiable (direct_check).
Q is identifiable
branch at 4
runtime for solving id of Q is 0.0005231071263551712
Simulation results:
{'J': 100, 'K': 5, 'N': 10, 'p': 0.5, 'seed': 86, 'sim': 8, 'runtime': 0.0005231071263551712, 'identifiable': 1, 'branch': 4}
9
Q: [[0 1 0 0 0]
 [0 0 1 0 1]
 [1 0 0 0 1]
 [0 1 0 0 1]
 [0 0 1 0 0]
 [1 0 0 0 0]
 [1 0 1 1 0]
 [0 1 1 0 1]
 [0 1 1 0 0]
 [0 0 0 1 1]
 [1 0 1 0 0]
 [1 0 0 1 1]
 [1 0 0 1 0]
 [0 0 1 0 0]
 [1 1 1 1 0]
 [1 0 1 0 0]
 [0 0 1 0 1]
 [0 1 1 0 1]
 [0 1 1 0 1]
 [1 1 1 0 1]
 [0 0 0 0 0]
 [1 1 1 1 1]
 [1 0 0 1 1]
 [0 1 0 1 1]
 [0 0 0 1 0]
 [0 0 1 0 0]
 [1 1 0 0 1]
 [0 1 1 1 0]
 [1 1 1 1 1]
 [1 1 0 0 0]
 [1 1 0 1 0]
 [0 0 0 1 1]
 [0 1 0 0 1]
 [0 0 0 1 0]
 [1 0 1 0 1]
 [1 1 1 0 0]
 [0 1 0 1 0]
 [0 1 1 0 1]
 [0 0 1 1 1]
 [0 0 0 1 0]
 [1 0 0 0 0]
 [0 0 1 1 0]
 [1 0 1 1 0]
 [1 1 1 1 0]
 [1 1 0 1 1]
 [0 0 0 1 0]
 [1 0 1 1 0]
 [1 0 1 0 0]
 [1 0 0 0 1]
 [0 0 0 0 0]
 [0 0 1 0 1]
 [1 0 1 1 0]
 [1 1 1 0 0]
 [1 1 1 1 1]
 [1 0 0 1 0]
 [0 0 0 0 1]
 [0 1 1 0 1]
 [0 0 1 0 0]
 [0 0 1 0 1]
 [0 1 0 1 0]
 [1 1 1 1 1]
 [0 1 0 1 1]
 [1 1 0 0 1]
 [0 1 1 0 0]
 [1 1 0 1 0]
 [0 0 1 1 0]
 [1 0 1 1 1]
 [0 0 0 0 0]
 [0 0 0 0 0]
 [0 1 1 1 1]
 [0 0 0 1 1]
 [1 1 0 0 0]
 [1 0 0 0 1]
 [1 0 0 0 0]
 [1 0 1 1 1]
 [0 1 0 0 0]
 [1 0 1 1 0]
 [1 0 1 0 0]
 [1 0 1 1 0]
 [1 0 0 0 1]
 [0 1 0 1 1]
 [1 0 1 1 0]
 [0 1 1 1 0]
 [0 1 1 0 1]
 [0 1 1 0 1]
 [0 1 1 1 0]
 [0 0 0 1 0]
 [1 1 1 1 0]
 [0 1 0 1 1]
 [1 0 1 0 1]
 [1 1 0 0 0]
 [1 0 0 1 0]
 [0 1 1 1 0]
 [1 1 0 0 0]
 [0 0 0 0 1]
 [0 0 1 0 1]
 [0 0 1 0 1]
 [1 1 1 0 1]
 [1 1 0 0 1]
 [1 0 0 1 1]]
Q is identifiable (direct_check).
Q is identifiable
branch at 4
runtime for solving id of Q is 0.0005404341500252485
Simulation results:
{'J': 100, 'K': 5, 'N': 10, 'p': 0.5, 'seed': 86, 'sim': 9, 'runtime': 0.0005404341500252485, 'identifiable': 1, 'branch': 4}
Simulation results:
[{'J': 100, 'K': 5, 'N': 10, 'p': 0.5, 'seed': 86, 'sim': 0, 'runtime': 0.0007241091225296259, 'identifiable': 1, 'branch': 4}, {'J': 100, 'K': 5, 'N': 10, 'p': 0.5, 'seed': 86, 'sim': 1, 'runtime': 0.0005482800770550966, 'identifiable': 1, 'branch': 4}, {'J': 100, 'K': 5, 'N': 10, 'p': 0.5, 'seed': 86, 'sim': 2, 'runtime': 0.0005567120388150215, 'identifiable': 1, 'branch': 4}, {'J': 100, 'K': 5, 'N': 10, 'p': 0.5, 'seed': 86, 'sim': 3, 'runtime': 0.0005060529801994562, 'identifiable': 1, 'branch': 4}, {'J': 100, 'K': 5, 'N': 10, 'p': 0.5, 'seed': 86, 'sim': 4, 'runtime': 0.0005047798622399569, 'identifiable': 1, 'branch': 4}, {'J': 100, 'K': 5, 'N': 10, 'p': 0.5, 'seed': 86, 'sim': 5, 'runtime': 0.0004959648940712214, 'identifiable': 1, 'branch': 4}, {'J': 100, 'K': 5, 'N': 10, 'p': 0.5, 'seed': 86, 'sim': 6, 'runtime': 0.0005347458645701408, 'identifiable': 1, 'branch': 4}, {'J': 100, 'K': 5, 'N': 10, 'p': 0.5, 'seed': 86, 'sim': 7, 'runtime': 0.0005359719507396221, 'identifiable': 1, 'branch': 4}, {'J': 100, 'K': 5, 'N': 10, 'p': 0.5, 'seed': 86, 'sim': 8, 'runtime': 0.0005231071263551712, 'identifiable': 1, 'branch': 4}, {'J': 100, 'K': 5, 'N': 10, 'p': 0.5, 'seed': 86, 'sim': 9, 'runtime': 0.0005404341500252485, 'identifiable': 1, 'branch': 4}]
