
The Gurobi software has a limited number of licenses. To request a license or
licenses, add this line

    #SBATCH --licenses=gurobi@slurmdb:1

to your SBATCH script, replacing N with the number of licenses you need. Gurobi
will need one license per process.


0
Q: [[1 0 1 1 1 0 1 1 1 0]
 [1 1 1 0 1 1 1 1 0 1]
 [1 1 0 1 1 1 1 1 0 1]
 [1 1 0 1 0 0 1 1 1 1]
 [1 1 1 1 1 1 1 1 0 1]
 [0 0 1 0 1 1 1 1 1 1]
 [0 1 1 1 1 1 1 1 0 1]
 [1 1 1 1 1 1 1 1 0 1]
 [1 0 1 1 1 0 0 1 1 1]
 [1 1 1 1 1 1 1 0 0 1]
 [0 1 0 0 0 1 1 1 1 0]
 [0 1 1 1 1 1 1 0 1 1]
 [1 1 1 0 0 1 0 1 0 1]
 [1 0 1 1 1 1 1 1 0 1]
 [1 0 0 1 0 1 0 1 1 1]
 [0 1 0 1 0 1 0 1 1 1]
 [1 1 1 0 1 0 0 1 1 1]
 [0 1 1 1 1 0 0 1 0 1]
 [1 0 1 0 1 1 1 1 0 1]
 [1 0 1 1 1 1 1 0 0 1]
 [1 1 1 1 1 1 1 1 1 1]
 [1 1 0 0 1 0 1 1 0 0]
 [1 1 0 1 0 1 0 1 1 1]
 [1 1 1 0 1 0 0 1 1 0]
 [1 1 0 0 1 0 0 1 1 1]
 [1 1 1 0 0 1 1 1 1 1]
 [1 1 1 1 1 1 1 1 0 1]
 [0 1 1 0 0 0 1 1 0 1]
 [0 1 1 1 1 0 1 0 1 1]
 [1 1 1 1 1 1 1 0 1 1]
 [1 1 1 1 0 1 1 1 1 0]
 [1 0 1 0 1 0 1 1 1 0]
 [1 1 1 0 1 0 1 1 1 0]
 [0 1 0 0 1 1 1 0 1 0]
 [1 1 1 1 0 0 0 1 0 1]
 [0 0 1 1 1 1 1 0 1 0]
 [1 0 1 1 1 1 0 1 1 0]
 [1 1 1 1 1 1 1 1 1 1]
 [1 0 1 0 1 0 1 1 1 1]
 [1 0 1 1 0 1 1 1 1 0]
 [1 1 1 0 0 1 0 1 1 1]
 [1 1 1 0 1 1 1 0 1 1]
 [1 1 1 1 1 0 0 0 1 0]
 [0 1 1 1 0 0 0 1 1 0]
 [0 1 1 0 0 0 0 1 1 1]
 [0 0 1 1 1 1 1 1 0 0]
 [1 1 1 1 0 1 1 1 0 0]
 [1 1 0 1 0 1 1 1 0 1]
 [0 1 1 1 1 1 1 1 1 1]
 [1 1 1 1 1 0 0 1 0 0]
 [1 1 1 1 1 1 1 0 1 1]
 [1 1 0 1 1 1 0 1 1 0]
 [1 0 1 0 1 1 1 1 0 1]
 [1 1 0 1 1 0 1 1 1 0]
 [1 0 1 1 0 1 1 0 1 1]
 [1 1 0 0 1 1 1 1 1 1]
 [1 1 1 1 1 1 1 0 0 1]
 [1 1 1 1 1 1 1 0 1 1]
 [1 1 0 1 0 1 1 1 1 1]
 [0 1 1 1 1 1 1 1 1 0]
 [0 1 1 0 0 1 0 0 1 1]
 [1 0 0 1 1 0 0 1 0 1]
 [1 0 1 1 1 1 0 0 0 0]
 [1 1 1 0 1 1 1 1 0 1]
 [1 1 1 0 0 1 1 0 1 1]
 [1 1 1 1 1 0 0 1 1 1]
 [0 1 0 0 1 0 1 1 0 0]
 [1 1 1 0 1 0 1 1 1 1]
 [0 1 1 0 0 1 1 0 1 0]
 [1 0 1 1 1 1 1 1 0 0]
 [1 1 0 1 0 1 1 1 1 1]
 [1 1 1 1 1 0 0 1 0 1]
 [1 0 1 0 1 1 0 1 1 0]
 [1 1 1 1 1 0 1 0 1 1]
 [1 1 0 1 1 1 1 0 0 0]
 [1 0 0 1 0 1 1 1 0 0]
 [1 1 1 1 1 1 0 1 1 1]
 [1 0 0 0 1 1 1 1 1 1]
 [0 1 0 0 1 1 1 1 1 1]
 [1 0 0 1 1 0 0 1 1 0]
 [0 1 1 1 0 1 0 1 1 1]
 [1 0 0 1 1 1 1 1 1 0]
 [1 1 1 1 1 0 1 0 1 0]
 [0 0 1 1 0 1 1 1 1 1]
 [1 1 0 1 0 1 0 1 1 1]
 [1 1 1 1 0 1 0 1 0 1]
 [1 1 1 1 1 1 1 1 0 1]
 [1 0 1 1 1 1 1 0 0 1]
 [1 0 1 0 1 1 1 1 0 1]
 [0 1 1 1 1 1 1 1 1 0]
 [1 1 1 1 0 1 1 1 1 1]
 [0 1 0 0 1 1 1 1 1 1]
 [0 1 1 0 0 1 0 1 0 0]
 [1 1 0 1 0 1 1 1 0 1]
 [1 1 1 0 1 0 0 1 0 1]
 [1 1 1 1 1 1 0 1 0 1]
 [1 1 1 1 1 0 1 1 1 1]
 [1 1 0 1 1 1 1 1 1 1]
 [1 1 1 1 1 1 0 1 1 0]
 [1 0 1 1 1 0 1 1 0 1]]
{'restarts': 488, 'conflicts': 257665, 'decisions': 342708, 'propagations': 236692000}
Q is identifiable
branch at 6
runtime for solving id of Q is 45.05915947537869
Simulation results:
{'J': 100, 'K': 10, 'N': 10, 'p': 0.7, 'seed': 562, 'sim': 0, 'runtime': 45.05915947537869, 'identifiable': 1, 'branch': 6}
1
Q: [[1 1 1 1 1 1 0 1 1 1]
 [1 1 0 1 0 0 1 1 1 1]
 [1 1 1 1 0 0 1 0 0 1]
 [1 1 1 0 1 0 1 1 0 1]
 [1 0 1 1 1 1 1 1 1 1]
 [1 0 1 1 1 1 1 1 1 0]
 [0 0 1 0 1 1 1 1 1 1]
 [1 1 1 1 1 1 1 0 0 0]
 [0 0 1 1 1 0 0 1 1 1]
 [1 1 0 1 0 1 0 1 0 1]
 [0 1 0 1 1 1 1 1 1 1]
 [0 1 0 1 1 1 0 1 0 0]
 [1 0 0 0 1 1 1 1 1 1]
 [1 1 1 1 0 0 0 1 0 0]
 [1 1 0 1 1 1 1 1 0 1]
 [1 1 0 1 1 1 0 0 1 1]
 [0 1 1 0 1 1 1 1 1 1]
 [0 1 1 1 1 1 1 1 0 1]
 [0 0 1 1 1 1 0 1 1 1]
 [0 1 0 0 1 1 1 1 1 1]
 [1 0 1 0 1 1 1 1 1 1]
 [1 1 1 0 0 1 1 1 0 1]
 [1 1 1 1 1 1 1 0 1 1]
 [1 1 1 1 1 0 0 1 1 0]
 [1 1 0 0 0 1 1 1 0 1]
 [1 1 1 0 1 0 1 0 0 1]
 [1 1 1 0 1 1 1 1 0 1]
 [0 1 1 1 1 0 1 1 0 0]
 [1 0 0 0 0 1 1 1 0 1]
 [1 1 1 1 1 1 1 1 1 1]
 [1 0 1 1 1 0 1 0 1 1]
 [0 1 1 0 1 1 1 1 0 0]
 [1 1 0 0 1 0 1 1 1 0]
 [0 0 0 1 1 1 1 0 0 1]
 [1 1 1 1 1 1 1 1 0 1]
 [1 0 1 1 1 1 1 1 1 1]
 [1 1 0 1 1 0 1 1 0 1]
 [1 0 1 1 1 1 0 1 1 1]
 [1 0 1 1 1 1 1 0 1 0]
 [1 1 1 1 1 1 1 1 1 1]
 [1 1 0 1 1 1 0 1 1 1]
 [1 1 0 1 0 0 1 1 1 1]
 [1 1 1 0 1 0 1 1 0 0]
 [0 1 1 1 0 1 1 1 0 0]
 [1 1 0 0 1 0 1 1 1 1]
 [0 1 1 1 0 1 1 1 1 0]
 [1 0 1 1 1 0 1 1 0 0]
 [0 1 1 1 0 1 0 1 0 1]
 [1 1 0 1 1 0 1 1 0 1]
 [1 0 1 0 1 0 1 1 1 1]
 [1 1 1 0 1 1 0 0 1 1]
 [1 0 0 1 1 1 0 1 1 1]
 [1 1 0 1 1 1 1 1 1 1]
 [0 1 1 1 0 1 1 0 1 1]
 [1 1 0 1 1 0 1 1 1 1]
 [0 1 1 0 1 1 1 1 0 0]
 [0 0 1 1 1 1 1 0 0 1]
 [1 1 1 0 1 1 0 0 1 1]
 [0 0 1 1 1 1 0 1 1 1]
 [0 1 1 0 1 0 1 1 0 1]
 [1 1 0 1 0 0 1 1 0 0]
 [0 1 0 1 0 1 1 1 1 1]
 [1 1 0 1 0 0 0 1 1 1]
 [0 1 1 1 1 1 1 1 1 0]
 [1 1 1 1 0 1 0 0 1 1]
 [1 0 1 1 1 1 1 1 1 1]
 [1 1 0 0 0 1 1 0 1 0]
 [1 1 0 0 1 1 1 1 1 1]
 [1 1 1 1 1 1 1 1 1 1]
 [1 1 1 0 1 0 1 0 0 0]
 [1 1 0 1 1 0 0 0 0 1]
 [1 1 1 0 1 1 1 0 0 0]
 [1 1 0 0 0 1 1 0 1 1]
 [1 0 1 1 1 0 1 1 1 1]
 [0 1 1 1 0 1 1 0 1 0]
 [1 1 1 0 1 1 1 1 0 1]
 [0 1 1 1 1 1 0 1 1 1]
 [1 0 0 0 1 1 0 1 0 0]
 [1 1 1 0 1 1 0 1 1 0]
 [1 0 1 1 1 1 1 1 0 0]
 [1 1 1 1 0 1 0 1 1 1]
 [1 0 1 1 1 0 0 0 0 1]
 [1 1 0 1 1 1 1 1 1 1]
 [1 0 1 1 1 1 1 1 1 1]
 [0 1 1 1 0 0 1 1 0 1]
 [0 1 0 0 1 0 1 1 1 1]
 [1 1 1 1 0 1 1 0 1 1]
 [1 0 1 1 1 1 1 1 1 1]
 [1 0 1 1 1 1 1 1 0 1]
 [0 1 1 0 1 1 1 1 0 1]
 [1 0 0 1 0 0 1 1 1 0]
 [0 1 0 1 1 1 1 1 0 1]
 [1 1 1 0 1 1 1 1 1 1]
 [0 1 1 1 1 0 0 0 1 1]
 [1 0 1 1 1 1 0 1 1 0]
 [0 1 1 1 0 1 1 1 0 1]
 [1 1 1 1 1 1 1 1 1 1]
 [1 1 0 1 1 0 0 1 0 0]
 [1 0 1 1 1 1 1 1 1 0]
 [1 1 1 1 1 1 1 1 1 0]]
{'restarts': 175, 'conflicts': 76939, 'decisions': 116216, 'propagations': 71873366}
Q is identifiable
branch at 6
runtime for solving id of Q is 12.25450580753386
Simulation results:
{'J': 100, 'K': 10, 'N': 10, 'p': 0.7, 'seed': 562, 'sim': 1, 'runtime': 12.25450580753386, 'identifiable': 1, 'branch': 6}
2
Q: [[0 1 1 0 0 0 0 0 1 0]
 [0 1 0 0 1 1 1 0 1 1]
 [1 1 1 0 1 1 1 1 0 1]
 [1 0 0 1 0 1 1 0 1 1]
 [1 1 1 1 0 1 1 1 0 1]
 [1 1 0 1 1 1 1 0 0 1]
 [0 0 1 1 0 1 0 1 1 0]
 [0 1 1 1 0 1 0 0 1 1]
 [1 1 1 1 1 0 1 0 1 1]
 [1 1 1 1 0 1 1 0 0 1]
 [1 1 1 1 1 0 1 1 1 1]
 [1 1 1 1 1 1 1 1 1 1]
 [1 0 1 1 1 0 1 1 0 1]
 [1 1 1 1 0 1 1 0 0 1]
 [0 1 1 1 1 0 1 1 0 0]
 [1 1 1 1 1 1 1 1 1 1]
 [1 0 0 1 0 1 0 0 1 1]
 [0 0 1 1 1 0 1 1 1 1]
 [1 1 0 1 1 0 0 0 0 0]
 [1 1 1 1 0 1 1 1 1 1]
 [1 1 1 1 1 1 1 1 0 1]
 [1 0 0 0 1 1 1 0 1 1]
 [0 1 0 0 0 1 1 1 1 1]
 [1 1 1 0 1 0 1 0 0 1]
 [1 1 1 0 1 0 1 1 0 1]
 [1 1 0 1 0 1 1 0 1 1]
 [0 1 0 1 0 0 1 1 1 1]
 [1 1 1 1 1 1 0 1 1 1]
 [1 1 0 1 0 1 1 1 0 1]
 [1 1 1 0 1 0 1 1 1 1]
 [1 1 1 0 0 1 1 1 1 1]
 [0 1 1 1 1 1 1 1 1 0]
 [1 1 1 1 1 1 1 0 0 0]
 [1 1 1 1 1 1 1 0 1 1]
 [1 0 0 1 1 1 1 0 1 1]
 [0 0 1 1 0 0 1 1 1 0]
 [1 1 1 0 0 1 0 1 1 0]
 [1 1 1 1 0 1 0 0 0 1]
 [1 1 1 1 0 0 1 0 0 0]
 [1 1 0 1 1 1 1 1 0 1]
 [0 1 1 1 1 0 1 0 1 1]
 [1 1 1 1 1 0 1 1 0 1]
 [0 0 1 0 1 1 0 1 1 1]
 [0 1 0 1 0 0 1 1 1 1]
 [0 1 1 1 1 0 1 1 1 1]
 [1 1 1 1 0 1 0 0 1 0]
 [1 1 1 1 1 1 0 1 0 0]
 [0 0 1 0 1 1 0 0 1 1]
 [1 1 1 1 1 0 1 1 1 0]
 [0 1 1 1 1 0 0 0 0 1]
 [0 1 1 1 1 1 0 1 0 1]
 [0 1 1 0 1 1 0 0 1 1]
 [1 0 0 0 1 0 1 0 1 1]
 [1 0 1 0 1 1 0 1 1 1]
 [1 1 1 1 1 1 0 0 1 0]
 [1 0 1 1 0 1 1 0 1 1]
 [0 0 1 0 1 0 1 1 1 1]
 [1 1 1 1 1 1 0 0 1 1]
 [1 1 0 1 0 1 1 1 1 1]
 [0 0 1 0 0 1 0 0 1 1]
 [1 1 1 1 0 1 1 1 0 1]
 [1 1 1 1 1 1 0 1 0 0]
 [1 1 1 1 0 0 0 0 1 1]
 [0 1 1 1 1 1 1 0 1 1]
 [1 1 1 1 0 0 0 0 0 1]
 [0 1 1 1 0 1 0 1 1 0]
 [0 1 1 1 0 1 0 0 1 0]
 [1 0 1 0 1 1 0 0 0 1]
 [1 1 1 1 1 1 1 0 1 1]
 [0 1 0 1 1 1 0 0 1 0]
 [1 0 1 0 0 0 1 0 1 1]
 [0 0 1 1 0 1 0 1 1 1]
 [1 1 1 1 1 1 1 0 1 1]
 [1 1 0 0 1 0 1 1 0 1]
 [1 1 0 1 1 1 1 0 0 0]
 [1 1 1 1 1 0 1 1 0 1]
 [1 1 1 1 0 1 1 1 0 1]
 [1 0 0 1 1 0 0 1 0 1]
 [1 1 1 1 1 0 1 1 0 1]
 [1 1 1 0 0 0 1 0 1 1]
 [1 1 1 0 1 1 1 0 1 0]
 [1 1 1 1 1 0 1 1 0 1]
 [1 1 1 0 0 1 1 1 1 1]
 [1 0 1 1 0 1 1 0 1 1]
 [1 1 1 1 1 1 1 1 1 1]
 [0 1 1 1 0 0 0 1 1 0]
 [1 1 1 0 0 1 1 1 1 1]
 [1 1 1 1 1 1 0 0 0 1]
 [0 1 1 1 1 0 1 1 1 1]
 [1 1 1 1 0 0 1 0 1 1]
 [1 1 1 1 1 1 0 1 1 1]
 [0 1 0 1 1 1 0 1 1 1]
 [1 1 1 0 1 1 0 1 1 1]
 [1 1 1 1 0 1 1 1 1 1]
 [1 1 1 1 1 0 0 1 1 1]
 [1 1 1 1 0 1 1 1 1 1]
 [1 1 1 1 0 1 0 1 0 0]
 [0 1 1 0 1 0 0 1 1 0]
 [1 1 0 0 1 1 1 1 1 0]
 [1 0 0 1 1 0 0 0 1 0]]
{'restarts': 27, 'conflicts': 7287, 'decisions': 13315, 'propagations': 7267923}
Q is identifiable
branch at 6
runtime for solving id of Q is 1.012209434993565
Simulation results:
{'J': 100, 'K': 10, 'N': 10, 'p': 0.7, 'seed': 562, 'sim': 2, 'runtime': 1.012209434993565, 'identifiable': 1, 'branch': 6}
3
Q: [[1 1 0 1 1 1 0 0 0 0]
 [1 0 1 1 1 1 1 0 1 1]
 [1 1 1 0 1 0 1 1 1 1]
 [1 0 1 1 1 0 0 1 0 0]
 [1 1 1 0 1 1 0 0 0 1]
 [1 1 1 1 1 0 0 1 1 0]
 [1 1 1 0 1 0 1 0 1 0]
 [0 1 1 1 1 1 1 0 1 0]
 [1 1 1 1 1 1 0 1 1 0]
 [1 1 1 1 0 0 1 0 1 1]
 [1 1 1 1 0 1 1 1 1 1]
 [1 1 0 0 0 1 1 0 1 0]
 [1 1 1 1 0 1 1 1 1 1]
 [1 1 1 0 1 1 0 0 1 0]
 [0 1 1 0 1 1 1 1 0 1]
 [0 1 1 1 0 1 1 1 1 0]
 [0 0 1 0 1 1 0 1 1 1]
 [1 0 0 0 0 1 1 0 1 1]
 [0 1 1 1 1 1 1 1 0 0]
 [1 0 1 1 1 0 1 1 1 1]
 [1 1 1 1 1 1 1 1 0 1]
 [1 1 1 1 1 0 0 1 1 0]
 [1 0 0 0 1 1 1 1 1 1]
 [1 0 0 0 0 1 1 0 1 0]
 [1 1 1 1 0 0 0 1 1 1]
 [1 1 1 0 1 1 0 0 1 1]
 [1 1 1 1 1 1 1 1 0 1]
 [0 1 0 1 0 0 1 1 1 0]
 [1 1 0 1 0 0 1 0 0 1]
 [0 0 0 1 0 1 1 0 1 1]
 [1 0 0 1 0 1 1 0 1 1]
 [0 0 1 1 1 1 1 0 1 1]
 [1 1 1 0 1 1 1 1 0 1]
 [1 1 1 0 1 1 1 0 1 1]
 [1 0 1 1 0 1 1 1 1 1]
 [1 1 1 1 1 1 1 1 1 1]
 [0 0 1 1 1 0 1 1 1 1]
 [1 1 0 1 1 1 0 0 0 1]
 [0 1 1 0 0 1 1 1 0 0]
 [1 1 1 1 0 1 1 0 1 0]
 [1 1 1 1 0 1 0 0 1 0]
 [0 1 0 1 1 1 0 1 1 1]
 [0 0 0 0 0 0 1 0 0 1]
 [1 0 0 0 1 1 1 1 1 1]
 [0 1 1 1 1 0 1 1 0 1]
 [1 1 1 1 1 1 1 1 1 0]
 [1 1 1 1 1 0 1 1 1 1]
 [0 0 1 1 1 1 1 1 0 1]
 [1 0 1 0 1 1 1 0 0 0]
 [1 0 1 0 1 1 0 0 1 1]
 [1 0 1 0 1 0 1 0 1 1]
 [1 1 1 1 1 1 1 1 1 1]
 [1 0 0 1 1 1 0 1 1 1]
 [1 1 1 1 1 1 1 1 0 1]
 [1 1 1 0 1 1 1 0 0 1]
 [1 1 1 0 1 1 0 1 0 1]
 [0 1 1 1 1 0 1 1 1 0]
 [1 0 1 1 1 1 1 1 1 1]
 [1 1 0 1 1 0 1 1 0 1]
 [1 1 0 0 0 0 1 1 1 1]
 [1 0 1 1 1 1 0 1 0 0]
 [0 1 1 0 0 1 0 1 1 1]
 [1 1 1 1 1 1 0 1 1 1]
 [1 1 0 0 1 1 0 1 1 1]
 [1 0 1 1 0 1 1 1 1 1]
 [0 1 0 1 0 1 1 1 1 1]
 [0 1 0 1 1 1 1 1 1 0]
 [1 1 1 0 1 0 1 1 1 1]
 [1 0 0 1 0 1 1 0 1 0]
 [1 0 1 0 0 1 1 1 1 1]
 [1 1 1 1 0 0 1 1 1 1]
 [1 0 1 1 0 1 1 1 1 1]
 [1 1 1 1 0 1 1 0 0 1]
 [1 1 1 1 1 0 1 1 1 0]
 [0 1 0 1 1 0 1 1 1 1]
 [1 0 1 1 0 1 1 0 0 0]
 [0 1 0 0 1 1 1 0 1 1]
 [1 1 1 1 1 0 1 1 0 0]
 [1 0 1 0 1 0 0 1 1 1]
 [1 1 1 0 0 0 0 1 0 0]
 [0 1 0 1 1 0 0 1 1 1]
 [1 1 1 1 1 1 1 1 0 0]
 [1 0 1 0 0 0 1 0 1 1]
 [1 1 0 1 0 0 1 1 0 0]
 [0 1 0 0 1 1 1 1 0 1]
 [1 0 1 1 1 1 1 1 1 1]
 [1 1 0 1 0 1 1 1 0 1]
 [0 1 1 1 1 1 1 0 0 0]
 [0 1 0 1 1 1 1 1 1 1]
 [1 1 0 1 1 1 1 0 0 0]
 [1 0 0 0 1 1 1 1 1 1]
 [0 1 1 1 0 1 1 1 1 0]
 [1 1 0 0 1 1 1 0 1 0]
 [0 1 0 0 1 1 1 1 1 1]
 [1 1 0 1 0 0 1 0 1 1]
 [0 0 1 1 1 0 1 0 1 0]
 [0 1 1 0 1 1 1 1 1 1]
 [1 1 1 1 0 1 0 1 1 0]
 [1 0 1 1 1 1 0 1 1 1]
 [1 1 0 1 1 1 0 1 0 0]]
{'restarts': 8, 'conflicts': 4100, 'decisions': 7699, 'propagations': 4018341}
Q is identifiable
branch at 6
runtime for solving id of Q is 0.6966712772846222
Simulation results:
{'J': 100, 'K': 10, 'N': 10, 'p': 0.7, 'seed': 562, 'sim': 3, 'runtime': 0.6966712772846222, 'identifiable': 1, 'branch': 6}
4
Q: [[1 1 1 1 1 1 1 1 0 1]
 [1 1 1 1 1 0 1 1 1 1]
 [0 0 0 0 1 1 1 1 0 1]
 [0 1 0 0 1 1 1 1 0 0]
 [0 1 1 1 1 1 1 0 0 0]
 [1 1 0 0 1 0 1 0 1 0]
 [0 1 0 0 1 0 1 1 0 1]
 [1 1 1 1 1 1 1 1 1 0]
 [0 1 1 1 0 0 1 1 0 1]
 [0 1 0 0 1 1 1 0 0 1]
 [1 1 1 1 0 1 0 0 0 0]
 [0 0 1 0 0 0 1 1 0 0]
 [1 0 1 1 1 1 1 1 1 1]
 [1 0 1 0 0 0 1 0 0 0]
 [1 0 0 1 1 1 1 0 1 0]
 [1 1 1 1 0 1 1 0 1 0]
 [0 1 0 0 1 0 0 1 1 1]
 [1 1 1 0 0 0 1 1 1 1]
 [1 1 1 0 1 1 1 1 1 0]
 [1 1 0 1 1 0 1 0 1 0]
 [1 1 1 1 1 1 1 1 1 1]
 [1 1 1 0 0 1 1 1 0 1]
 [0 1 1 0 1 1 1 1 1 1]
 [1 0 1 1 1 1 1 0 1 1]
 [1 1 0 1 0 1 0 1 0 0]
 [1 1 0 1 0 1 0 1 0 1]
 [1 1 1 1 0 1 1 1 1 0]
 [1 1 0 1 0 1 0 0 1 1]
 [0 1 1 0 1 1 0 1 1 0]
 [0 1 0 1 1 0 1 1 1 1]
 [0 1 1 1 0 1 1 1 1 1]
 [0 0 1 1 1 0 1 1 0 0]
 [1 1 0 1 1 0 1 0 1 0]
 [1 1 1 1 1 1 1 1 1 1]
 [1 0 1 0 1 1 1 1 1 1]
 [1 1 1 0 1 1 0 0 1 1]
 [1 1 1 1 1 0 0 1 1 1]
 [1 1 0 0 1 1 1 1 1 1]
 [1 1 1 1 1 1 1 1 1 1]
 [1 1 1 1 0 1 1 1 1 1]
 [0 1 0 0 1 1 1 0 1 0]
 [1 0 1 0 0 0 0 0 1 0]
 [1 0 1 1 1 1 1 0 1 1]
 [1 0 1 1 1 1 1 1 1 1]
 [1 0 0 1 1 1 1 1 1 0]
 [0 1 0 1 1 1 1 1 1 1]
 [1 1 1 0 0 1 1 1 1 1]
 [1 1 1 1 1 1 1 0 1 1]
 [1 1 1 1 1 1 1 1 0 1]
 [1 1 0 1 1 0 1 1 1 0]
 [1 0 1 0 0 1 0 1 0 0]
 [1 0 0 1 0 1 1 1 1 1]
 [1 1 0 1 1 1 1 1 1 1]
 [1 1 1 1 1 0 0 1 1 1]
 [1 0 1 0 0 0 0 0 1 1]
 [1 0 0 1 0 0 1 0 0 0]
 [1 0 1 1 1 1 0 1 1 0]
 [1 1 1 1 1 0 1 1 1 1]
 [1 0 1 0 0 1 0 1 1 0]
 [1 0 1 1 1 0 1 1 0 0]
 [1 0 0 1 1 1 0 1 1 1]
 [0 1 1 0 1 1 1 1 1 0]
 [0 1 1 0 1 1 0 1 1 1]
 [1 0 0 1 1 1 1 1 0 1]
 [1 0 1 1 1 0 1 1 1 0]
 [1 1 1 1 0 0 1 1 1 0]
 [1 1 1 1 1 1 0 1 1 0]
 [1 1 1 1 0 0 1 0 1 1]
 [0 1 1 1 1 1 1 0 1 0]
 [1 1 1 0 1 1 1 1 1 1]
 [1 1 1 0 1 1 0 1 0 1]
 [0 1 1 1 1 0 1 1 1 1]
 [0 1 0 1 0 1 1 1 0 0]
 [1 1 0 1 1 1 1 1 1 1]
 [0 1 0 1 1 1 1 0 1 1]
 [1 1 1 0 1 1 1 0 1 1]
 [1 1 0 1 1 1 0 1 0 1]
 [0 1 0 1 1 1 0 1 1 1]
 [1 1 0 0 0 1 1 1 1 1]
 [1 1 1 1 1 1 1 1 1 1]
 [1 1 1 1 1 0 1 1 1 1]
 [1 1 1 1 1 1 0 1 1 1]
 [1 1 0 1 1 1 0 0 1 1]
 [0 1 1 1 1 1 1 1 0 1]
 [0 1 1 0 1 1 1 0 0 1]
 [0 0 1 0 0 1 1 1 1 1]
 [1 1 0 1 0 1 1 1 1 1]
 [1 1 1 1 0 1 0 0 1 1]
 [1 1 1 1 0 1 1 1 1 1]
 [0 1 1 1 1 1 1 1 1 1]
 [1 1 1 1 1 1 1 1 0 1]
 [1 1 1 1 1 1 0 1 1 0]
 [1 0 0 1 1 0 0 1 0 1]
 [0 1 1 1 1 1 1 0 1 1]
 [0 1 1 1 1 1 1 0 0 1]
 [1 1 1 0 0 0 1 1 0 0]
 [0 0 0 0 1 1 1 1 1 0]
 [1 1 1 1 1 1 1 0 0 1]
 [1 1 1 1 1 1 0 1 1 1]
 [0 0 1 0 0 1 1 1 1 1]]
{'restarts': 15, 'conflicts': 3858, 'decisions': 8066, 'propagations': 3735795}
Q is identifiable
branch at 6
runtime for solving id of Q is 0.5765822129324079
Simulation results:
{'J': 100, 'K': 10, 'N': 10, 'p': 0.7, 'seed': 562, 'sim': 4, 'runtime': 0.5765822129324079, 'identifiable': 1, 'branch': 6}
5
Q: [[0 0 1 1 1 1 1 1 1 0]
 [0 1 1 0 0 1 1 0 1 1]
 [1 1 1 0 0 1 1 1 1 1]
 [0 0 1 1 1 0 1 0 1 1]
 [1 1 1 1 1 0 1 0 1 0]
 [1 1 1 1 1 1 1 1 1 0]
 [1 0 1 1 1 1 1 1 0 0]
 [0 1 1 1 1 0 1 1 1 1]
 [0 1 1 0 1 0 0 1 0 1]
 [0 1 0 0 1 1 1 0 0 0]
 [1 1 1 1 1 0 1 0 1 0]
 [1 1 1 0 1 1 1 1 1 1]
 [1 0 0 0 1 1 0 0 1 1]
 [1 1 1 1 1 1 1 0 1 1]
 [1 1 1 0 0 1 1 1 0 1]
 [1 1 0 1 0 0 0 1 1 1]
 [0 1 1 1 0 0 1 1 0 1]
 [1 0 1 1 1 0 1 1 0 1]
 [1 1 1 1 1 1 1 1 0 1]
 [1 1 0 1 1 0 0 1 0 0]
 [1 1 0 1 0 1 0 0 0 0]
 [0 1 1 0 0 0 1 1 1 1]
 [1 0 0 1 0 1 0 1 0 1]
 [1 1 1 0 1 1 0 1 1 1]
 [1 1 1 1 1 1 1 1 0 1]
 [1 0 1 0 0 1 0 1 0 1]
 [1 1 1 1 1 1 0 0 0 0]
 [1 1 1 1 0 1 1 1 1 1]
 [1 1 1 0 1 1 1 1 1 1]
 [1 1 1 1 1 1 1 1 1 1]
 [0 1 0 0 1 0 1 1 1 1]
 [0 0 1 0 0 0 1 0 1 1]
 [1 0 0 1 1 0 1 0 1 0]
 [1 1 0 1 0 0 1 1 1 1]
 [1 1 0 0 1 1 1 1 0 0]
 [1 1 0 0 0 1 0 0 1 1]
 [0 1 1 1 1 1 1 0 1 0]
 [0 1 0 1 1 1 0 1 1 1]
 [0 1 1 1 0 0 1 0 1 1]
 [1 1 0 1 0 0 0 0 1 1]
 [1 1 0 1 1 1 1 1 1 1]
 [1 1 1 1 1 0 1 1 1 1]
 [1 1 1 1 1 1 1 1 1 1]
 [1 1 1 1 0 1 1 1 0 1]
 [1 0 1 1 1 1 0 0 0 0]
 [1 1 1 1 1 0 1 1 1 1]
 [1 0 1 1 0 1 1 0 1 1]
 [0 1 1 1 1 0 0 0 1 1]
 [0 1 1 1 0 1 1 0 1 1]
 [1 1 0 1 1 1 0 1 0 1]
 [0 0 1 1 1 0 1 0 1 1]
 [0 1 1 1 1 1 1 0 1 1]
 [0 1 1 1 1 1 1 1 1 1]
 [1 0 0 0 0 1 0 1 0 1]
 [1 1 1 1 1 1 1 1 0 1]
 [1 0 1 0 1 1 1 0 1 0]
 [0 0 1 1 1 1 0 1 0 1]
 [1 0 0 1 1 0 1 1 0 1]
 [0 1 1 0 1 0 0 1 1 0]
 [1 0 0 1 1 1 1 1 1 0]
 [0 1 1 0 0 0 1 1 0 1]
 [0 1 0 1 1 1 1 1 1 1]
 [1 1 0 1 0 1 1 0 0 1]
 [1 1 0 1 1 1 1 1 0 1]
 [1 0 0 1 1 0 1 1 1 0]
 [1 0 1 1 1 1 1 1 0 1]
 [1 1 1 0 1 1 0 0 1 1]
 [0 1 1 1 0 0 1 0 0 1]
 [0 1 1 1 1 1 0 0 1 0]
 [1 1 1 1 0 0 1 1 1 1]
 [0 1 0 1 0 1 1 1 1 1]
 [0 0 1 1 1 1 1 0 1 0]
 [0 1 1 1 1 0 1 0 0 0]
 [1 1 1 0 1 0 0 1 1 1]
 [1 1 0 1 1 0 1 1 1 1]
 [0 1 1 1 1 0 1 1 0 1]
 [1 1 1 1 1 1 0 1 1 0]
 [1 1 1 1 1 1 1 1 0 1]
 [0 0 1 1 0 1 0 1 1 1]
 [0 0 0 1 0 1 1 0 0 1]
 [1 1 1 0 1 1 1 0 1 0]
 [1 1 1 1 1 1 1 1 1 1]
 [1 1 0 1 1 0 1 1 1 1]
 [1 1 1 1 1 1 1 1 0 0]
 [1 0 0 1 1 1 0 1 0 1]
 [1 1 0 1 1 1 1 0 1 0]
 [1 1 1 0 0 0 1 0 0 1]
 [1 0 1 1 1 0 1 1 1 0]
 [1 1 1 0 1 1 1 1 0 0]
 [1 1 1 0 1 0 0 1 1 1]
 [1 1 1 1 1 0 1 1 1 1]
 [0 1 1 1 1 1 0 0 1 0]
 [1 0 1 1 0 1 1 0 0 1]
 [0 1 1 1 0 1 1 1 0 1]
 [0 0 1 1 1 1 0 1 1 1]
 [1 1 1 1 1 0 1 1 1 0]
 [0 1 0 1 0 1 1 0 1 1]
 [1 0 1 1 1 0 1 1 1 1]
 [0 1 1 1 1 1 1 1 1 1]
 [0 1 1 1 1 1 1 1 1 1]]
{'restarts': 10, 'conflicts': 4491, 'decisions': 8377, 'propagations': 4680600}
Q is identifiable
branch at 6
runtime for solving id of Q is 0.7725498741492629
Simulation results:
{'J': 100, 'K': 10, 'N': 10, 'p': 0.7, 'seed': 562, 'sim': 5, 'runtime': 0.7725498741492629, 'identifiable': 1, 'branch': 6}
6
Q: [[1 0 1 1 1 1 0 1 1 0]
 [1 0 1 0 0 1 1 1 1 1]
 [1 0 0 1 1 1 1 1 1 1]
 [1 0 1 0 0 0 1 1 1 1]
 [1 0 1 1 1 0 1 1 1 0]
 [1 1 1 1 0 0 1 0 1 1]
 [1 1 1 1 1 1 1 1 0 0]
 [0 1 1 1 1 1 1 1 1 1]
 [0 1 1 1 1 1 1 1 0 0]
 [1 1 0 0 1 0 1 0 0 1]
 [1 1 1 1 1 0 1 1 1 1]
 [1 1 0 0 1 1 1 1 1 1]
 [1 1 1 1 1 1 1 1 0 1]
 [0 1 1 1 1 0 0 1 1 0]
 [1 1 1 0 0 1 1 1 0 0]
 [1 1 1 1 0 1 0 1 1 0]
 [1 0 1 1 1 1 1 1 0 1]
 [0 0 1 1 1 1 0 1 1 0]
 [1 1 0 1 1 1 1 0 1 1]
 [1 1 0 0 1 1 1 1 0 1]
 [0 0 1 1 0 1 1 0 1 0]
 [0 0 0 0 1 0 1 1 0 0]
 [0 0 0 1 1 0 1 1 0 0]
 [1 1 0 1 1 0 0 1 1 0]
 [0 1 0 1 1 1 1 1 1 0]
 [1 1 0 1 0 1 1 1 1 1]
 [1 1 1 0 1 1 1 1 1 0]
 [1 0 1 0 1 1 0 1 1 1]
 [1 1 1 0 1 1 0 0 0 0]
 [0 0 0 0 0 0 0 0 0 1]
 [1 1 1 1 1 1 0 1 1 1]
 [1 1 0 1 1 1 1 0 0 0]
 [1 1 0 1 0 0 0 1 0 0]
 [0 1 1 0 0 0 1 1 1 1]
 [1 1 0 1 1 1 1 1 0 1]
 [0 1 1 1 0 0 1 1 1 1]
 [1 1 1 0 0 1 0 1 1 0]
 [0 0 0 1 1 0 0 1 1 1]
 [1 1 1 1 1 1 1 0 0 1]
 [1 1 1 1 1 0 1 0 1 1]
 [1 1 1 1 0 1 1 1 1 0]
 [1 1 1 1 0 0 0 0 1 1]
 [0 1 1 1 1 1 1 0 1 1]
 [1 0 0 1 1 1 1 0 0 1]
 [1 1 1 0 1 0 0 1 0 1]
 [1 1 1 0 1 1 1 1 1 1]
 [1 0 1 1 0 0 1 0 1 0]
 [1 0 1 0 1 1 1 0 1 0]
 [0 1 1 1 1 1 1 0 1 1]
 [0 1 0 0 1 1 1 1 1 0]
 [1 1 0 1 1 1 1 1 0 1]
 [1 1 1 1 0 0 1 1 0 1]
 [1 0 1 1 0 1 1 1 1 0]
 [0 0 0 1 1 1 1 0 1 1]
 [1 1 1 1 0 1 1 1 1 1]
 [1 1 0 1 0 1 0 0 1 0]
 [1 1 1 0 0 0 1 1 0 1]
 [0 1 1 1 0 1 1 1 1 1]
 [1 1 0 1 0 1 1 0 1 1]
 [1 1 1 1 1 1 1 1 1 1]
 [1 1 1 1 1 0 1 1 1 0]
 [1 0 0 1 0 1 0 1 1 1]
 [1 1 0 1 0 1 0 1 1 1]
 [0 1 1 1 1 0 1 1 1 0]
 [0 1 1 1 1 0 1 0 1 1]
 [1 1 1 1 1 0 0 1 1 1]
 [1 1 1 1 1 1 0 1 1 1]
 [0 1 1 1 1 0 1 0 0 0]
 [1 1 1 0 1 1 1 1 1 1]
 [1 0 0 1 1 0 0 1 1 1]
 [0 1 1 0 1 1 0 1 1 0]
 [1 1 1 1 0 1 1 0 1 0]
 [1 1 1 1 1 1 0 0 1 1]
 [1 1 1 0 1 1 1 0 1 1]
 [0 0 0 0 0 1 0 1 0 1]
 [0 1 0 0 0 0 1 0 1 1]
 [0 1 0 1 1 0 0 1 1 1]
 [1 1 1 1 1 1 0 1 1 1]
 [1 1 1 1 1 1 1 1 1 0]
 [1 1 0 1 0 0 1 1 1 1]
 [0 0 1 1 1 1 1 0 1 1]
 [0 0 1 0 0 1 1 1 1 1]
 [1 0 1 1 0 1 1 1 1 1]
 [1 1 1 1 1 1 0 0 1 1]
 [1 1 1 1 0 1 1 1 0 0]
 [1 1 1 0 1 0 1 1 1 0]
 [0 1 1 1 1 1 0 1 0 1]
 [0 1 1 1 0 0 1 1 0 0]
 [1 1 0 1 1 0 1 1 1 1]
 [1 1 1 1 0 1 1 1 1 1]
 [1 1 1 1 1 1 1 1 1 1]
 [1 1 0 1 0 1 1 0 0 1]
 [0 1 0 1 0 1 0 0 0 1]
 [1 1 1 1 0 1 0 0 1 1]
 [1 1 0 1 1 0 1 1 1 1]
 [1 0 1 0 1 1 1 0 1 1]
 [1 1 1 0 1 1 0 0 1 0]
 [1 1 1 1 1 0 1 1 1 1]
 [0 1 1 0 1 1 1 0 1 0]
 [1 0 0 1 0 1 1 1 0 1]]
{'restarts': 3, 'conflicts': 523, 'decisions': 1294, 'propagations': 416154}
Q is identifiable
branch at 6
runtime for solving id of Q is 0.3343109227716923
Simulation results:
{'J': 100, 'K': 10, 'N': 10, 'p': 0.7, 'seed': 562, 'sim': 6, 'runtime': 0.3343109227716923, 'identifiable': 1, 'branch': 6}
7
Q: [[1 1 1 0 1 1 1 1 1 0]
 [1 1 1 1 1 1 0 0 1 1]
 [1 1 1 1 1 1 0 1 1 1]
 [0 0 1 0 0 1 1 1 1 1]
 [1 1 1 1 1 1 1 1 1 1]
 [1 0 0 0 1 1 1 1 1 1]
 [1 1 0 1 1 1 1 1 0 1]
 [1 1 0 0 0 0 0 1 1 0]
 [1 0 1 0 0 1 1 0 0 1]
 [0 0 1 0 0 1 1 0 1 0]
 [1 1 0 1 0 1 0 1 1 0]
 [0 1 1 1 1 0 1 1 1 1]
 [0 1 0 0 1 1 1 1 0 1]
 [1 1 1 1 1 0 1 1 0 1]
 [0 1 1 1 1 1 1 1 1 1]
 [1 1 0 1 1 1 1 1 1 1]
 [1 1 1 1 1 0 0 0 1 1]
 [1 1 1 0 1 0 0 0 0 1]
 [1 1 0 1 0 1 1 1 1 0]
 [1 1 1 0 0 1 1 0 1 0]
 [1 1 1 1 0 1 1 1 1 1]
 [1 1 0 0 1 0 1 1 1 1]
 [1 1 1 1 0 0 0 1 0 0]
 [0 1 1 1 1 0 1 0 0 1]
 [1 1 1 1 1 1 1 0 1 1]
 [1 1 1 1 1 0 1 1 1 1]
 [0 1 1 1 1 1 0 0 1 0]
 [1 1 0 1 1 0 0 1 1 0]
 [0 0 1 1 0 0 0 0 1 1]
 [0 1 1 1 0 0 1 0 0 1]
 [1 1 0 0 0 0 1 1 0 1]
 [1 1 1 1 1 1 0 1 0 1]
 [1 1 0 0 1 1 0 1 1 1]
 [1 1 1 1 1 1 1 1 1 1]
 [0 1 1 1 1 0 1 1 1 1]
 [1 1 1 1 1 1 1 1 1 1]
 [1 1 0 1 1 1 1 1 1 0]
 [1 0 1 1 1 1 1 1 0 1]
 [1 0 1 0 1 0 1 1 0 1]
 [1 0 0 1 0 0 0 0 1 1]
 [1 1 1 1 1 0 1 1 1 1]
 [1 1 1 0 0 0 0 1 1 0]
 [1 1 0 1 1 0 1 0 1 1]
 [1 1 1 1 1 1 1 0 0 1]
 [0 1 1 1 1 1 0 1 0 1]
 [1 1 0 1 1 1 1 0 0 1]
 [1 1 1 1 1 0 1 0 1 0]
 [0 1 0 1 1 1 1 0 1 0]
 [1 0 0 1 1 1 1 1 1 1]
 [1 1 1 1 1 1 1 1 1 1]
 [1 1 1 1 1 0 0 0 1 1]
 [1 1 1 1 1 1 1 1 0 0]
 [1 1 0 1 0 0 1 1 0 1]
 [1 1 1 1 1 1 1 1 1 1]
 [1 0 0 1 0 1 0 1 0 0]
 [0 1 0 1 1 0 1 1 1 1]
 [1 1 0 1 1 1 0 1 1 1]
 [1 0 1 1 1 0 1 0 0 0]
 [1 1 1 1 0 1 1 0 1 1]
 [0 1 1 1 0 1 1 1 0 1]
 [1 1 1 1 1 1 0 1 1 0]
 [1 1 1 1 0 0 1 1 0 0]
 [1 1 0 1 1 1 1 0 1 0]
 [0 1 0 1 1 1 1 1 0 0]
 [0 0 1 1 0 0 1 1 1 1]
 [1 1 1 0 0 0 1 1 1 1]
 [1 1 1 1 1 0 1 1 1 1]
 [1 0 1 1 1 1 0 1 1 1]
 [1 1 1 0 1 1 1 1 1 1]
 [1 1 0 1 0 0 0 1 1 1]
 [1 0 0 1 0 1 0 1 0 1]
 [1 1 0 1 0 1 1 1 0 1]
 [1 0 0 1 1 1 1 0 1 0]
 [0 1 1 0 0 1 1 0 0 1]
 [1 1 0 1 1 1 1 1 1 1]
 [1 0 1 0 1 1 1 1 0 1]
 [1 1 1 1 1 0 1 1 0 0]
 [0 0 1 1 1 1 0 1 1 1]
 [1 1 1 1 1 1 0 1 1 1]
 [1 1 1 1 1 1 1 1 1 1]
 [1 1 1 1 0 0 1 1 0 0]
 [1 1 0 1 1 1 0 1 1 1]
 [1 1 0 1 0 1 1 1 1 1]
 [1 1 1 1 1 1 1 0 1 1]
 [0 0 1 0 1 1 0 1 1 1]
 [1 1 1 1 0 1 1 1 1 1]
 [1 0 1 1 1 1 0 1 0 1]
 [1 1 0 1 1 0 1 1 1 1]
 [1 0 1 0 0 0 0 1 1 1]
 [1 1 1 1 0 0 1 1 1 1]
 [1 1 0 1 0 0 1 1 1 1]
 [1 1 1 1 0 1 1 1 0 1]
 [1 1 1 1 0 1 1 1 0 1]
 [1 0 1 1 1 1 1 0 0 1]
 [1 0 1 1 1 0 1 1 1 0]
 [1 0 1 1 0 0 1 1 1 1]
 [1 0 0 1 1 0 1 1 1 0]
 [1 0 1 1 0 0 0 1 1 1]
 [1 0 0 1 1 1 1 1 1 1]
 [0 1 0 1 1 0 1 1 0 1]]
{'restarts': 26, 'conflicts': 9147, 'decisions': 15654, 'propagations': 8117946}
Q is identifiable
branch at 6
runtime for solving id of Q is 1.0997447604313493
Simulation results:
{'J': 100, 'K': 10, 'N': 10, 'p': 0.7, 'seed': 562, 'sim': 7, 'runtime': 1.0997447604313493, 'identifiable': 1, 'branch': 6}
8
Q: [[0 0 1 0 1 1 1 1 1 0]
 [0 1 1 1 0 1 1 1 0 0]
 [1 1 0 1 1 1 1 1 0 1]
 [1 1 1 1 1 0 0 1 1 1]
 [1 1 1 0 1 1 1 1 0 1]
 [0 1 0 1 0 0 1 0 1 1]
 [1 0 0 1 1 1 0 1 1 0]
 [1 0 1 1 0 1 0 1 1 0]
 [0 1 1 0 0 0 1 1 1 0]
 [1 1 1 0 1 1 1 0 1 0]
 [0 1 1 1 0 1 1 0 0 1]
 [1 1 0 1 1 1 1 1 1 1]
 [1 1 1 1 0 1 1 1 1 0]
 [1 1 1 1 1 1 1 1 0 1]
 [0 1 1 1 1 0 0 1 1 0]
 [1 0 0 0 1 1 1 0 0 1]
 [1 0 0 0 1 0 1 1 0 1]
 [1 0 0 1 1 1 1 0 1 1]
 [1 1 1 0 0 1 1 1 1 1]
 [0 1 1 0 1 1 1 0 0 0]
 [1 1 1 1 1 1 1 0 1 0]
 [0 1 1 0 0 0 0 1 0 1]
 [1 1 0 1 0 1 1 0 0 1]
 [1 0 1 1 0 1 0 1 1 1]
 [0 1 0 1 1 0 1 1 0 0]
 [1 1 0 1 0 1 1 1 1 1]
 [1 1 1 0 1 1 0 1 1 1]
 [0 1 1 1 1 1 1 1 1 0]
 [1 0 1 1 0 1 0 1 0 0]
 [1 1 0 1 1 1 1 1 0 1]
 [0 1 1 0 1 1 1 0 1 1]
 [1 0 1 0 0 1 1 1 0 0]
 [0 0 0 1 1 1 1 1 1 1]
 [0 1 0 1 1 1 1 0 1 1]
 [0 0 0 0 1 1 0 1 1 1]
 [0 1 0 1 0 1 0 0 1 0]
 [0 1 0 0 1 1 0 0 1 1]
 [1 1 1 1 1 1 1 1 1 1]
 [1 1 1 1 0 0 0 0 1 1]
 [1 1 1 1 1 1 1 1 0 1]
 [0 1 0 1 1 1 1 1 1 0]
 [1 1 1 1 1 0 0 0 1 1]
 [1 0 1 1 1 1 1 1 1 1]
 [1 1 1 1 1 0 0 0 0 1]
 [1 0 1 1 0 1 0 1 1 1]
 [1 1 1 1 1 1 1 1 1 0]
 [0 1 0 1 1 0 0 1 1 0]
 [1 1 1 0 1 1 0 1 1 0]
 [0 1 1 0 0 0 0 1 0 1]
 [1 1 1 1 0 1 1 1 0 1]
 [1 1 0 1 0 1 1 0 1 0]
 [1 1 1 1 0 1 0 1 0 1]
 [1 1 0 0 0 0 1 1 0 1]
 [0 1 1 1 1 1 1 0 0 1]
 [0 0 1 1 1 0 1 1 1 1]
 [1 1 1 1 1 1 1 0 0 1]
 [1 1 1 0 1 0 0 1 1 1]
 [1 0 0 1 0 1 1 1 0 0]
 [1 1 1 1 1 0 1 1 0 0]
 [0 0 1 1 1 1 1 1 0 1]
 [1 1 1 1 1 0 1 1 1 1]
 [1 1 1 0 1 1 0 1 0 1]
 [1 1 0 1 1 0 1 0 1 0]
 [1 1 1 1 1 1 1 0 1 1]
 [1 1 0 1 0 0 1 1 1 1]
 [1 0 1 1 1 1 1 1 0 0]
 [1 1 1 1 1 1 0 1 1 0]
 [1 0 0 0 1 1 1 1 0 1]
 [1 1 1 1 0 1 1 1 1 0]
 [1 1 1 1 1 1 1 1 1 1]
 [0 1 0 1 1 0 1 1 1 1]
 [1 0 1 1 0 1 1 0 1 0]
 [1 0 1 0 0 1 0 1 1 1]
 [1 1 1 1 1 1 0 0 1 1]
 [1 0 1 0 1 1 0 0 1 1]
 [1 1 1 1 1 0 1 1 1 0]
 [0 1 1 0 1 1 0 1 0 1]
 [0 1 1 1 0 0 1 0 1 1]
 [1 0 1 1 1 1 0 1 0 1]
 [1 1 1 1 0 1 1 0 1 0]
 [1 1 1 0 1 1 1 0 0 1]
 [1 1 0 0 1 1 0 0 1 1]
 [1 0 1 1 1 0 1 0 1 1]
 [0 1 1 1 1 0 0 1 1 1]
 [1 1 0 1 1 0 0 0 1 0]
 [1 1 1 1 0 1 1 1 1 1]
 [1 1 0 0 0 1 1 1 1 1]
 [0 1 1 1 0 1 1 1 1 1]
 [0 1 1 1 1 0 0 1 1 1]
 [1 0 1 1 1 0 1 0 1 0]
 [1 1 1 1 1 1 1 1 1 1]
 [0 1 0 0 1 1 1 1 1 1]
 [0 1 1 1 1 0 1 0 0 1]
 [0 1 1 1 0 1 0 1 0 1]
 [1 1 0 1 0 1 1 1 0 0]
 [0 1 1 1 1 1 1 1 1 1]
 [1 1 0 1 1 1 0 1 1 1]
 [0 1 1 1 1 1 1 1 1 1]
 [1 1 1 1 1 1 1 1 1 1]
 [1 0 0 0 1 1 0 0 1 1]]
{'restarts': 115, 'conflicts': 38662, 'decisions': 58044, 'propagations': 45836530}
Q is identifiable
branch at 6
runtime for solving id of Q is 6.442886690609157
Simulation results:
{'J': 100, 'K': 10, 'N': 10, 'p': 0.7, 'seed': 562, 'sim': 8, 'runtime': 6.442886690609157, 'identifiable': 1, 'branch': 6}
9
Q: [[1 1 1 0 1 1 1 1 0 1]
 [1 1 0 1 1 1 1 1 1 0]
 [1 1 1 1 1 0 0 1 0 1]
 [0 1 0 1 1 1 1 0 1 1]
 [1 0 0 0 1 1 0 1 0 1]
 [1 0 0 1 0 1 1 0 1 1]
 [0 1 1 1 1 1 1 1 0 1]
 [1 1 1 1 0 1 1 0 0 1]
 [0 1 1 1 1 1 1 1 0 1]
 [0 0 1 1 1 1 1 0 0 0]
 [1 1 0 1 1 1 1 1 1 0]
 [0 1 1 1 1 1 0 1 1 0]
 [1 1 1 0 1 0 0 1 1 1]
 [1 0 1 1 1 0 1 1 1 1]
 [0 1 1 1 0 1 1 1 1 1]
 [1 1 0 1 1 1 1 1 1 0]
 [1 1 1 1 0 0 0 1 1 0]
 [0 1 0 1 1 1 1 1 1 1]
 [1 0 1 0 1 1 1 1 0 0]
 [1 1 0 0 1 0 1 1 1 0]
 [1 0 0 1 1 1 1 1 1 1]
 [0 1 0 1 1 0 1 1 1 1]
 [1 1 0 1 0 1 1 1 1 1]
 [1 0 1 0 1 0 0 1 0 1]
 [0 1 1 0 1 1 1 1 0 0]
 [1 1 1 1 0 0 1 0 1 1]
 [1 0 0 1 1 1 0 0 0 0]
 [0 1 0 0 1 1 1 1 1 1]
 [0 0 1 0 1 1 1 1 1 0]
 [1 1 1 0 1 1 0 1 0 1]
 [1 1 0 1 0 0 1 1 1 1]
 [1 1 1 1 1 1 1 1 0 0]
 [0 1 0 1 1 1 0 1 0 1]
 [1 1 1 0 1 0 1 1 1 1]
 [1 1 1 1 1 0 1 0 1 0]
 [1 1 1 1 1 0 1 1 1 1]
 [0 1 1 1 1 1 0 1 1 0]
 [1 1 1 1 1 0 1 1 1 1]
 [1 1 1 1 0 1 0 1 1 1]
 [1 1 1 0 0 1 1 0 1 1]
 [1 1 1 1 1 0 1 1 1 1]
 [0 1 1 1 1 1 1 1 1 0]
 [1 1 1 0 0 0 0 1 0 0]
 [1 1 1 1 1 1 1 1 0 0]
 [1 1 0 1 0 1 0 0 1 1]
 [0 1 1 1 0 0 0 1 0 1]
 [1 1 0 0 0 1 0 1 1 1]
 [1 0 1 1 1 1 0 0 0 1]
 [1 1 1 1 1 0 1 0 1 1]
 [0 1 1 0 0 0 0 1 0 1]
 [1 0 0 1 1 1 1 0 1 1]
 [0 1 1 0 0 1 1 1 0 1]
 [1 1 1 1 1 1 1 1 0 1]
 [0 1 0 0 0 1 1 1 1 1]
 [1 1 1 0 1 1 1 1 1 1]
 [1 1 0 0 1 1 1 1 1 0]
 [1 0 1 1 1 1 0 0 1 0]
 [0 1 1 0 0 1 1 1 1 1]
 [1 1 0 0 0 0 0 1 1 1]
 [1 0 1 1 0 1 1 1 1 0]
 [1 1 1 1 1 1 1 1 0 1]
 [0 1 1 1 0 0 1 0 1 0]
 [1 0 1 1 1 1 1 0 1 1]
 [1 1 1 1 1 1 1 0 1 1]
 [1 1 1 1 0 1 0 0 0 1]
 [0 0 1 1 1 1 0 1 0 0]
 [1 1 1 1 1 0 1 1 1 1]
 [1 0 1 0 1 0 1 1 1 1]
 [1 0 1 1 1 1 1 1 1 0]
 [0 0 1 1 1 1 0 0 1 1]
 [0 1 0 0 0 0 1 0 1 1]
 [0 1 0 1 1 1 1 1 1 1]
 [1 0 0 0 1 0 1 1 1 1]
 [1 0 1 1 0 1 1 1 0 0]
 [1 1 1 1 1 1 1 0 1 1]
 [1 0 1 1 1 1 0 1 1 0]
 [1 0 0 0 1 0 1 0 1 1]
 [1 1 1 1 1 1 0 1 1 1]
 [1 1 1 1 1 1 0 1 0 1]
 [1 1 0 1 0 1 1 0 1 0]
 [0 0 1 0 0 1 0 1 1 0]
 [0 1 1 1 1 1 0 1 1 1]
 [1 1 1 1 1 1 1 0 1 1]
 [0 1 0 0 0 0 1 1 0 1]
 [1 1 1 1 1 0 1 1 0 1]
 [1 0 1 1 1 1 1 0 0 0]
 [1 1 0 1 1 1 1 1 1 0]
 [1 1 1 1 1 1 0 1 1 0]
 [1 1 1 0 0 1 1 0 1 1]
 [1 1 0 1 0 1 0 1 1 0]
 [0 1 1 1 0 1 0 1 1 0]
 [1 1 1 0 0 1 1 1 1 1]
 [1 1 1 0 1 1 1 0 1 1]
 [1 1 1 1 0 1 1 1 1 0]
 [1 0 0 1 1 0 1 1 1 1]
 [0 1 0 1 1 1 1 1 1 1]
 [0 1 1 0 1 1 0 1 1 1]
 [1 1 0 1 1 0 1 1 1 1]
 [1 0 0 1 1 0 0 1 0 1]
 [1 1 1 1 1 1 1 1 1 1]]
{'restarts': 26, 'conflicts': 9557, 'decisions': 16863, 'propagations': 9482942}
Q is identifiable
branch at 6
runtime for solving id of Q is 1.3123863795772195
Simulation results:
{'J': 100, 'K': 10, 'N': 10, 'p': 0.7, 'seed': 562, 'sim': 9, 'runtime': 1.3123863795772195, 'identifiable': 1, 'branch': 6}
Simulation results:
[{'J': 100, 'K': 10, 'N': 10, 'p': 0.7, 'seed': 562, 'sim': 0, 'runtime': 45.05915947537869, 'identifiable': 1, 'branch': 6}, {'J': 100, 'K': 10, 'N': 10, 'p': 0.7, 'seed': 562, 'sim': 1, 'runtime': 12.25450580753386, 'identifiable': 1, 'branch': 6}, {'J': 100, 'K': 10, 'N': 10, 'p': 0.7, 'seed': 562, 'sim': 2, 'runtime': 1.012209434993565, 'identifiable': 1, 'branch': 6}, {'J': 100, 'K': 10, 'N': 10, 'p': 0.7, 'seed': 562, 'sim': 3, 'runtime': 0.6966712772846222, 'identifiable': 1, 'branch': 6}, {'J': 100, 'K': 10, 'N': 10, 'p': 0.7, 'seed': 562, 'sim': 4, 'runtime': 0.5765822129324079, 'identifiable': 1, 'branch': 6}, {'J': 100, 'K': 10, 'N': 10, 'p': 0.7, 'seed': 562, 'sim': 5, 'runtime': 0.7725498741492629, 'identifiable': 1, 'branch': 6}, {'J': 100, 'K': 10, 'N': 10, 'p': 0.7, 'seed': 562, 'sim': 6, 'runtime': 0.3343109227716923, 'identifiable': 1, 'branch': 6}, {'J': 100, 'K': 10, 'N': 10, 'p': 0.7, 'seed': 562, 'sim': 7, 'runtime': 1.0997447604313493, 'identifiable': 1, 'branch': 6}, {'J': 100, 'K': 10, 'N': 10, 'p': 0.7, 'seed': 562, 'sim': 8, 'runtime': 6.442886690609157, 'identifiable': 1, 'branch': 6}, {'J': 100, 'K': 10, 'N': 10, 'p': 0.7, 'seed': 562, 'sim': 9, 'runtime': 1.3123863795772195, 'identifiable': 1, 'branch': 6}]
