
The Gurobi software has a limited number of licenses. To request a license or
licenses, add this line

    #SBATCH --licenses=gurobi@slurmdb:1

to your SBATCH script, replacing N with the number of licenses you need. Gurobi
will need one license per process.


0
Q: [[0 0 0 0 0 0 0 0 0 0 1 0 0 0 0]
 [0 0 0 0 0 0 0 0 1 0 0 0 0 1 0]
 [0 0 0 0 0 0 0 0 0 1 0 0 1 0 0]
 [0 0 0 0 0 0 0 0 0 0 0 0 0 1 0]
 [0 0 0 0 0 1 0 1 0 0 0 0 0 0 0]
 [0 0 0 0 0 0 0 0 1 0 0 0 0 0 1]
 [0 0 1 0 1 0 0 0 0 0 0 1 1 0 0]
 [0 0 0 0 0 0 1 0 0 0 0 0 0 0 0]
 [0 0 0 0 0 1 0 0 0 1 0 0 0 0 1]
 [0 0 0 1 0 0 1 0 1 0 0 1 0 0 0]
 [0 1 0 0 0 0 0 0 0 0 0 0 0 0 0]
 [0 0 0 0 0 0 0 0 0 0 0 0 1 0 0]
 [0 1 1 0 0 0 1 0 0 0 0 0 0 0 0]
 [0 0 0 0 0 0 0 0 0 0 0 0 0 0 0]
 [0 0 0 0 1 0 0 0 0 0 0 0 0 0 0]
 [0 0 0 0 0 0 1 0 0 0 1 0 0 0 0]
 [0 0 0 0 0 0 0 0 0 0 0 0 0 0 0]
 [0 0 0 0 0 0 0 0 0 0 0 0 0 0 1]
 [1 0 0 0 0 0 0 0 0 0 0 0 0 0 0]
 [0 0 0 0 1 0 0 0 0 0 0 0 0 0 0]
 [0 0 0 0 0 0 0 0 0 0 0 1 0 0 0]
 [0 0 0 0 0 0 0 0 0 0 0 0 0 0 0]
 [1 0 1 1 0 1 0 1 0 0 0 0 1 0 0]
 [0 0 0 0 1 0 0 0 1 0 0 0 0 1 0]
 [0 0 0 0 0 1 0 0 0 0 0 0 0 0 1]]
Q is not identifiable (two-column submatrix not identifiable).
Q is not identifiable, and Q_bar is [[0 0 0 0 0 0 0 0 0 0 1 0 0 0 0]
 [0 0 0 0 0 0 0 0 1 0 0 0 0 1 0]
 [0 0 0 0 0 0 0 0 0 1 0 0 1 0 0]
 [0 0 0 0 0 0 0 0 0 0 0 0 0 1 0]
 [0 0 0 0 0 0 0 1 0 0 0 0 0 0 0]
 [0 0 0 0 0 0 0 0 1 0 0 0 0 0 1]
 [0 0 1 0 1 0 0 0 0 0 0 1 1 0 0]
 [0 0 0 0 0 0 1 0 0 0 0 0 0 0 0]
 [0 0 0 0 0 1 0 0 0 1 0 0 0 0 1]
 [0 0 0 1 0 0 1 0 1 0 0 1 0 0 0]
 [0 1 0 0 0 0 0 0 0 0 0 0 0 0 0]
 [0 0 0 0 0 0 0 0 0 0 0 0 1 0 0]
 [0 1 1 0 0 0 1 0 0 0 0 0 0 0 0]
 [0 0 0 0 0 0 0 0 0 0 0 0 0 0 0]
 [0 0 0 0 1 0 0 0 0 0 0 0 0 0 0]
 [0 0 0 0 0 0 1 0 0 0 1 0 0 0 0]
 [0 0 0 0 0 0 0 0 0 0 0 0 0 0 0]
 [0 0 0 0 0 0 0 0 0 0 0 0 0 0 1]
 [1 0 0 0 0 0 0 0 0 0 0 0 0 0 0]
 [0 0 0 0 1 0 0 0 0 0 0 0 0 0 0]
 [0 0 0 0 0 0 0 0 0 0 0 1 0 0 0]
 [0 0 0 0 0 0 0 0 0 0 0 0 0 0 0]
 [1 0 1 1 0 0 0 1 0 0 0 0 1 0 0]
 [0 0 0 0 1 0 0 0 1 0 0 0 0 1 0]
 [0 0 0 0 0 1 0 0 0 0 0 0 0 0 1]]
branch at 2
runtime for solving id of Q is 0.029643275309354067
Simulation results:
{'J': 25, 'K': 15, 'N': 10, 'p': 0.1, 'seed': 89, 'sim': 0, 'runtime': 0.029643275309354067, 'identifiable': 0, 'branch': 2}
1
Q: [[0 0 0 0 0 1 0 0 0 0 0 1 1 0 0]
 [0 0 0 0 0 0 0 0 0 1 0 0 0 0 1]
 [0 0 0 0 1 1 0 1 1 0 1 0 0 0 0]
 [1 0 0 0 1 1 0 0 0 0 0 0 0 0 0]
 [1 0 0 0 0 0 0 1 0 0 0 0 1 0 0]
 [0 0 0 0 0 0 1 0 1 0 0 0 0 0 1]
 [0 0 0 0 0 0 0 0 0 0 0 0 0 0 0]
 [0 0 0 0 0 0 0 0 0 1 0 0 1 0 0]
 [0 0 0 0 0 0 0 0 0 0 0 0 1 0 0]
 [1 0 0 0 0 0 0 0 0 0 0 0 0 0 0]
 [1 0 0 0 0 1 0 0 0 1 0 0 0 0 0]
 [0 0 0 0 1 0 0 0 0 0 0 0 0 0 0]
 [0 0 1 0 0 0 0 0 0 0 0 0 0 1 0]
 [0 0 0 0 0 0 0 0 0 0 0 0 0 1 0]
 [0 0 0 0 0 0 0 0 0 0 0 0 0 0 0]
 [0 0 0 0 0 0 0 0 0 0 1 0 0 0 0]
 [1 0 0 0 0 0 0 0 0 0 1 0 0 0 0]
 [1 0 0 0 0 0 0 0 0 0 0 0 0 0 0]
 [0 0 0 0 0 0 0 1 1 1 0 0 0 0 0]
 [0 0 0 0 0 0 0 0 0 0 0 0 0 0 0]
 [0 1 0 0 0 0 0 0 0 0 0 0 1 1 0]
 [1 0 0 0 1 0 0 0 0 0 0 0 1 0 0]
 [0 0 0 0 0 0 1 0 0 0 0 0 0 0 0]
 [0 0 0 0 0 0 1 0 0 0 0 0 0 0 0]
 [0 0 0 0 0 0 0 0 0 0 0 0 0 0 0]]
Q is trivially not identifiable (all zero column).
Q is not identifiable, and Q_bar is [[0 0 0 1 0 1 0 0 0 0 0 1 1 0 0]
 [0 0 0 1 0 0 0 0 0 1 0 0 0 0 1]
 [0 0 0 1 1 1 0 1 1 0 1 0 0 0 0]
 [1 0 0 1 1 1 0 0 0 0 0 0 0 0 0]
 [1 0 0 1 0 0 0 1 0 0 0 0 1 0 0]
 [0 0 0 1 0 0 1 0 1 0 0 0 0 0 1]
 [0 0 0 0 0 0 0 0 0 0 0 0 0 0 0]
 [0 0 0 1 0 0 0 0 0 1 0 0 1 0 0]
 [0 0 0 1 0 0 0 0 0 0 0 0 1 0 0]
 [1 0 0 1 0 0 0 0 0 0 0 0 0 0 0]
 [1 0 0 1 0 1 0 0 0 1 0 0 0 0 0]
 [0 0 0 1 1 0 0 0 0 0 0 0 0 0 0]
 [0 0 1 1 0 0 0 0 0 0 0 0 0 1 0]
 [0 0 0 1 0 0 0 0 0 0 0 0 0 1 0]
 [0 0 0 0 0 0 0 0 0 0 0 0 0 0 0]
 [0 0 0 1 0 0 0 0 0 0 1 0 0 0 0]
 [1 0 0 1 0 0 0 0 0 0 1 0 0 0 0]
 [1 0 0 1 0 0 0 0 0 0 0 0 0 0 0]
 [0 0 0 1 0 0 0 1 1 1 0 0 0 0 0]
 [0 0 0 0 0 0 0 0 0 0 0 0 0 0 0]
 [0 1 0 1 0 0 0 0 0 0 0 0 1 1 0]
 [1 0 0 1 1 0 0 0 0 0 0 0 1 0 0]
 [0 0 0 1 0 0 1 0 0 0 0 0 0 0 0]
 [0 0 0 1 0 0 1 0 0 0 0 0 0 0 0]
 [0 0 0 0 0 0 0 0 0 0 0 0 0 0 0]]
branch at 0
runtime for solving id of Q is 0.010929764248430729
Simulation results:
{'J': 25, 'K': 15, 'N': 10, 'p': 0.1, 'seed': 89, 'sim': 1, 'runtime': 0.010929764248430729, 'identifiable': 0, 'branch': 0}
2
Q: [[0 0 0 0 0 0 0 0 0 0 0 0 0 0 0]
 [1 0 0 0 0 0 0 0 1 0 0 0 0 0 0]
 [0 0 0 0 0 0 0 0 1 0 1 0 0 0 0]
 [0 0 0 0 0 0 0 0 0 0 0 0 0 0 0]
 [0 0 0 0 0 0 0 0 0 0 0 0 0 0 1]
 [0 0 0 0 1 0 0 0 1 0 0 1 0 0 0]
 [0 0 0 0 0 0 0 1 0 1 0 1 0 0 0]
 [0 0 0 0 0 0 0 0 0 0 0 0 1 0 0]
 [0 1 0 0 0 0 0 0 0 0 0 0 0 0 0]
 [0 0 0 0 0 0 0 0 0 0 1 0 0 1 0]
 [0 0 0 0 0 0 0 0 0 0 0 0 0 0 0]
 [0 0 0 0 1 0 0 0 0 1 0 0 0 1 0]
 [0 0 0 0 0 0 0 0 1 0 0 0 0 0 0]
 [0 1 0 0 0 0 0 0 0 0 0 0 0 0 0]
 [0 0 0 0 0 0 1 0 1 0 0 0 0 1 0]
 [0 0 1 0 0 1 0 1 0 0 0 0 0 0 0]
 [0 0 0 0 1 1 0 0 0 0 0 0 0 0 0]
 [1 0 0 0 0 0 1 0 0 0 0 0 0 0 0]
 [0 0 0 0 0 0 0 0 0 1 0 0 0 0 0]
 [0 0 0 0 0 0 0 1 0 1 0 0 0 0 0]
 [0 0 0 0 0 0 0 0 0 0 0 1 1 0 0]
 [0 1 0 0 0 0 0 0 0 0 0 0 0 0 0]
 [0 0 1 1 0 0 0 0 0 1 0 0 0 0 0]
 [0 0 0 0 0 0 1 0 0 0 0 0 0 0 0]
 [1 0 0 0 0 0 0 0 0 0 0 0 0 1 0]]
Q is not identifiable (two-column submatrix not identifiable).
Q is not identifiable, and Q_bar is [[0 0 0 0 0 0 0 0 0 0 0 0 0 0 0]
 [1 0 0 0 0 0 0 0 1 0 0 0 0 0 0]
 [0 0 0 0 0 0 0 0 1 0 1 0 0 0 0]
 [0 0 0 0 0 0 0 0 0 0 0 0 0 0 0]
 [0 0 0 0 0 0 0 0 0 0 0 0 0 0 1]
 [0 0 0 0 1 0 0 0 1 0 0 1 0 0 0]
 [0 0 0 0 0 0 0 1 0 1 0 1 0 0 0]
 [0 0 0 0 0 0 0 0 0 0 0 0 1 0 0]
 [0 1 0 0 0 0 0 0 0 0 0 0 0 0 0]
 [0 0 0 0 0 0 0 0 0 0 1 0 0 1 0]
 [0 0 0 0 0 0 0 0 0 0 0 0 0 0 0]
 [0 0 0 0 1 0 0 0 0 1 0 0 0 1 0]
 [0 0 0 0 0 0 0 0 1 0 0 0 0 0 0]
 [0 1 0 0 0 0 0 0 0 0 0 0 0 0 0]
 [0 0 0 0 0 0 1 0 1 0 0 0 0 1 0]
 [0 0 1 0 0 1 0 1 0 0 0 0 0 0 0]
 [0 0 0 0 1 1 0 0 0 0 0 0 0 0 0]
 [1 0 0 0 0 0 1 0 0 0 0 0 0 0 0]
 [0 0 0 0 0 0 0 0 0 1 0 0 0 0 0]
 [0 0 0 0 0 0 0 1 0 1 0 0 0 0 0]
 [0 0 0 0 0 0 0 0 0 0 0 1 1 0 0]
 [0 1 0 0 0 0 0 0 0 0 0 0 0 0 0]
 [0 0 0 1 0 0 0 0 0 1 0 0 0 0 0]
 [0 0 0 0 0 0 1 0 0 0 0 0 0 0 0]
 [1 0 0 0 0 0 0 0 0 0 0 0 0 1 0]]
branch at 2
runtime for solving id of Q is 0.030607000458985567
Simulation results:
{'J': 25, 'K': 15, 'N': 10, 'p': 0.1, 'seed': 89, 'sim': 2, 'runtime': 0.030607000458985567, 'identifiable': 0, 'branch': 2}
3
Q: [[0 0 0 0 0 0 0 0 0 0 0 0 0 0 0]
 [0 1 0 0 0 0 0 0 0 0 0 0 0 0 0]
 [0 0 1 0 1 0 1 0 0 0 0 0 0 1 0]
 [0 0 1 0 0 0 0 0 0 0 0 0 1 0 0]
 [0 0 0 0 0 0 0 0 0 0 0 0 0 0 1]
 [0 0 0 0 1 0 0 0 0 0 0 0 0 0 0]
 [0 0 0 0 0 0 0 0 0 1 0 0 0 0 0]
 [0 0 0 0 0 0 0 1 0 0 0 0 0 0 0]
 [0 0 0 0 0 0 0 0 0 0 0 0 0 0 0]
 [0 0 0 0 0 0 0 0 0 1 0 0 0 1 0]
 [0 0 0 0 0 0 0 0 0 0 0 0 0 0 0]
 [0 0 1 0 0 0 0 1 0 1 0 0 0 0 1]
 [0 0 0 1 0 0 0 0 0 0 0 0 1 0 0]
 [0 0 0 0 0 1 0 0 0 1 0 0 0 0 0]
 [0 0 0 0 0 0 0 0 1 0 0 0 0 0 0]
 [0 0 1 0 0 0 0 0 0 0 0 0 0 0 0]
 [0 0 0 0 0 0 1 0 0 0 0 0 1 0 0]
 [0 0 0 0 0 0 0 0 0 0 0 1 0 0 0]
 [0 0 0 0 0 0 0 0 0 0 0 0 0 0 0]
 [0 0 0 0 0 0 0 0 0 0 0 0 0 0 0]
 [0 0 0 0 0 0 0 0 0 0 0 0 0 0 0]
 [0 0 0 0 0 0 0 0 0 0 0 0 1 0 0]
 [0 0 0 0 0 1 0 0 1 0 0 0 0 0 0]
 [0 0 0 0 0 0 0 0 0 0 0 0 0 0 0]
 [0 0 0 0 0 0 0 0 0 0 1 0 0 0 0]]
Q is trivially not identifiable (all zero column).
Q is not identifiable, and Q_bar is [[0 0 0 0 0 0 0 0 0 0 0 0 0 0 0]
 [1 1 0 0 0 0 0 0 0 0 0 0 0 0 0]
 [1 0 1 0 1 0 1 0 0 0 0 0 0 1 0]
 [1 0 1 0 0 0 0 0 0 0 0 0 1 0 0]
 [1 0 0 0 0 0 0 0 0 0 0 0 0 0 1]
 [1 0 0 0 1 0 0 0 0 0 0 0 0 0 0]
 [1 0 0 0 0 0 0 0 0 1 0 0 0 0 0]
 [1 0 0 0 0 0 0 1 0 0 0 0 0 0 0]
 [0 0 0 0 0 0 0 0 0 0 0 0 0 0 0]
 [1 0 0 0 0 0 0 0 0 1 0 0 0 1 0]
 [0 0 0 0 0 0 0 0 0 0 0 0 0 0 0]
 [1 0 1 0 0 0 0 1 0 1 0 0 0 0 1]
 [1 0 0 1 0 0 0 0 0 0 0 0 1 0 0]
 [1 0 0 0 0 1 0 0 0 1 0 0 0 0 0]
 [1 0 0 0 0 0 0 0 1 0 0 0 0 0 0]
 [1 0 1 0 0 0 0 0 0 0 0 0 0 0 0]
 [1 0 0 0 0 0 1 0 0 0 0 0 1 0 0]
 [1 0 0 0 0 0 0 0 0 0 0 1 0 0 0]
 [0 0 0 0 0 0 0 0 0 0 0 0 0 0 0]
 [0 0 0 0 0 0 0 0 0 0 0 0 0 0 0]
 [0 0 0 0 0 0 0 0 0 0 0 0 0 0 0]
 [1 0 0 0 0 0 0 0 0 0 0 0 1 0 0]
 [1 0 0 0 0 1 0 0 1 0 0 0 0 0 0]
 [0 0 0 0 0 0 0 0 0 0 0 0 0 0 0]
 [1 0 0 0 0 0 0 0 0 0 1 0 0 0 0]]
branch at 0
runtime for solving id of Q is 0.01938543375581503
Simulation results:
{'J': 25, 'K': 15, 'N': 10, 'p': 0.1, 'seed': 89, 'sim': 3, 'runtime': 0.01938543375581503, 'identifiable': 0, 'branch': 0}
4
Q: [[0 0 1 0 0 0 0 0 0 0 0 0 1 0 0]
 [0 0 0 0 0 0 0 0 0 1 0 0 0 0 0]
 [0 1 0 0 0 0 0 0 1 1 0 0 0 0 0]
 [0 0 0 0 0 1 0 0 1 1 0 0 0 0 0]
 [0 0 0 0 0 0 0 1 0 0 0 0 0 0 0]
 [0 0 0 1 0 0 0 0 1 0 0 0 0 0 0]
 [0 0 0 0 0 0 0 0 0 0 0 0 0 0 0]
 [0 0 0 0 1 0 0 0 0 0 0 0 0 0 0]
 [0 0 0 0 0 0 0 0 1 0 0 0 0 0 1]
 [0 0 0 0 0 0 0 0 0 0 1 0 0 0 0]
 [0 0 0 0 0 0 0 0 0 0 0 1 0 0 0]
 [0 0 0 0 0 0 0 0 0 0 0 0 0 0 0]
 [0 0 0 0 0 0 1 0 0 1 0 0 0 0 0]
 [0 0 1 0 0 0 0 1 0 0 0 1 0 0 0]
 [0 0 0 1 0 0 0 0 0 0 0 0 0 0 0]
 [0 0 0 0 0 0 0 0 0 0 0 0 1 0 0]
 [0 0 0 0 0 0 1 0 0 0 0 0 0 0 0]
 [1 0 0 0 1 0 0 0 0 0 0 0 0 0 0]
 [0 0 0 0 0 1 0 0 0 0 0 0 0 0 0]
 [0 0 0 0 0 0 0 0 0 0 0 0 0 0 0]
 [0 0 0 0 0 0 0 1 0 0 0 0 0 0 0]
 [0 0 0 0 0 1 0 0 0 0 0 0 0 0 0]
 [0 0 0 0 0 0 0 0 0 0 0 0 0 0 0]
 [0 0 0 0 0 0 0 0 0 0 0 1 0 0 0]
 [1 0 0 0 0 0 0 0 0 0 0 0 0 0 0]]
Q is trivially not identifiable (all zero column).
Q is not identifiable, and Q_bar is [[0 0 1 0 0 0 0 0 0 0 0 0 1 1 0]
 [0 0 0 0 0 0 0 0 0 1 0 0 0 1 0]
 [0 1 0 0 0 0 0 0 1 1 0 0 0 1 0]
 [0 0 0 0 0 1 0 0 1 1 0 0 0 1 0]
 [0 0 0 0 0 0 0 1 0 0 0 0 0 1 0]
 [0 0 0 1 0 0 0 0 1 0 0 0 0 1 0]
 [0 0 0 0 0 0 0 0 0 0 0 0 0 0 0]
 [0 0 0 0 1 0 0 0 0 0 0 0 0 1 0]
 [0 0 0 0 0 0 0 0 1 0 0 0 0 1 1]
 [0 0 0 0 0 0 0 0 0 0 1 0 0 1 0]
 [0 0 0 0 0 0 0 0 0 0 0 1 0 1 0]
 [0 0 0 0 0 0 0 0 0 0 0 0 0 0 0]
 [0 0 0 0 0 0 1 0 0 1 0 0 0 1 0]
 [0 0 1 0 0 0 0 1 0 0 0 1 0 1 0]
 [0 0 0 1 0 0 0 0 0 0 0 0 0 1 0]
 [0 0 0 0 0 0 0 0 0 0 0 0 1 1 0]
 [0 0 0 0 0 0 1 0 0 0 0 0 0 1 0]
 [1 0 0 0 1 0 0 0 0 0 0 0 0 1 0]
 [0 0 0 0 0 1 0 0 0 0 0 0 0 1 0]
 [0 0 0 0 0 0 0 0 0 0 0 0 0 0 0]
 [0 0 0 0 0 0 0 1 0 0 0 0 0 1 0]
 [0 0 0 0 0 1 0 0 0 0 0 0 0 1 0]
 [0 0 0 0 0 0 0 0 0 0 0 0 0 0 0]
 [0 0 0 0 0 0 0 0 0 0 0 1 0 1 0]
 [1 0 0 0 0 0 0 0 0 0 0 0 0 1 0]]
branch at 0
runtime for solving id of Q is 0.01792400609701872
Simulation results:
{'J': 25, 'K': 15, 'N': 10, 'p': 0.1, 'seed': 89, 'sim': 4, 'runtime': 0.01792400609701872, 'identifiable': 0, 'branch': 0}
5
Q: [[1 0 0 0 0 1 1 0 0 0 1 0 1 0 0]
 [0 0 0 0 0 0 0 0 0 0 1 0 0 0 0]
 [0 0 0 0 0 0 0 0 0 0 1 1 0 0 1]
 [0 0 0 0 0 0 0 0 0 0 0 0 0 0 0]
 [0 0 1 0 0 0 1 0 0 0 0 1 0 0 0]
 [0 1 0 0 0 0 1 0 1 0 0 0 1 0 0]
 [0 0 0 0 0 0 0 1 0 0 1 1 0 0 0]
 [1 0 0 0 1 0 0 0 0 0 0 0 0 1 0]
 [0 0 0 0 0 0 0 0 0 0 1 1 0 0 0]
 [0 0 0 0 0 1 0 0 0 0 0 0 0 0 0]
 [0 0 0 0 0 0 0 0 0 1 0 0 0 0 0]
 [0 0 0 1 0 0 0 0 0 0 0 0 1 0 0]
 [0 0 0 1 0 0 0 1 0 0 0 0 0 0 1]
 [0 0 0 0 0 0 0 0 0 0 0 0 0 0 0]
 [0 0 0 1 1 0 0 0 0 0 0 0 0 1 0]
 [0 0 1 0 0 0 0 0 0 0 0 0 0 0 0]
 [1 0 0 0 1 0 0 0 1 0 0 0 0 0 0]
 [0 0 0 0 0 0 0 0 0 0 0 0 0 1 0]
 [0 0 1 1 0 0 1 0 0 0 0 0 0 1 0]
 [0 0 0 0 0 0 0 0 0 1 0 0 0 0 0]
 [1 0 1 0 0 0 0 0 0 0 0 0 0 0 0]
 [0 0 0 0 0 0 0 1 0 0 0 0 0 0 0]
 [0 0 0 0 0 0 0 0 0 0 0 0 0 0 0]
 [0 0 0 0 0 1 0 0 0 0 0 0 1 0 0]
 [0 1 1 0 0 0 0 1 0 0 1 0 0 0 0]]
{'restarts': 2, 'conflicts': 504, 'decisions': 1556, 'propagations': 1477383}
Q is identifiable
branch at 6
runtime for solving id of Q is 1.9800963341258466
Simulation results:
{'J': 25, 'K': 15, 'N': 10, 'p': 0.1, 'seed': 89, 'sim': 5, 'runtime': 1.9800963341258466, 'identifiable': 1, 'branch': 6}
6
Q: [[0 0 1 0 0 1 0 0 0 0 1 0 1 0 0]
 [0 0 0 0 0 0 0 0 0 0 0 0 0 0 0]
 [0 0 0 0 0 0 0 0 0 0 0 0 0 0 0]
 [0 1 0 0 0 0 0 0 0 0 0 1 0 0 0]
 [0 0 1 0 0 0 0 0 0 0 1 0 1 0 0]
 [0 0 0 0 0 0 0 0 0 0 0 0 1 0 0]
 [0 0 0 0 1 0 0 0 0 0 0 0 0 0 0]
 [0 0 0 1 1 1 0 0 0 1 0 1 0 0 0]
 [0 0 0 0 0 0 1 0 0 0 0 0 0 0 0]
 [0 0 0 1 0 0 1 0 0 0 0 0 1 0 0]
 [0 0 0 0 0 1 0 0 1 0 0 0 0 0 0]
 [1 0 0 0 0 0 0 0 0 0 0 0 0 0 1]
 [0 0 0 0 0 0 0 0 0 0 0 0 0 1 0]
 [0 0 0 0 0 0 1 0 0 0 0 0 0 0 0]
 [0 0 0 0 1 0 0 1 0 0 0 0 0 0 0]
 [0 0 0 0 0 0 0 1 0 0 0 0 0 0 0]
 [0 0 0 1 0 0 0 0 0 0 0 0 0 0 0]
 [0 0 0 0 0 1 0 0 0 0 0 0 0 0 0]
 [0 0 0 0 0 0 0 0 0 0 0 0 0 0 1]
 [1 0 0 0 0 0 0 0 0 0 0 0 0 0 0]
 [1 1 0 0 0 0 1 0 0 0 1 0 0 0 0]
 [0 0 0 0 0 0 0 0 0 0 1 0 0 0 0]
 [0 0 0 0 0 0 0 0 0 0 0 0 1 0 0]
 [0 0 0 0 0 1 0 0 0 0 0 0 0 0 0]
 [0 1 1 0 0 0 0 0 0 0 0 0 0 0 0]]
Q is not identifiable (two-column submatrix not identifiable).
Q is not identifiable, and Q_bar is [[0 0 1 0 0 1 0 0 0 0 1 0 1 0 0]
 [0 0 0 0 0 0 0 0 0 0 0 0 0 0 0]
 [0 0 0 0 0 0 0 0 0 0 0 0 0 0 0]
 [0 1 0 0 0 0 0 0 0 0 0 1 0 0 0]
 [0 0 1 0 0 0 0 0 0 0 1 0 1 0 0]
 [0 0 0 0 0 0 0 0 0 0 0 0 1 0 0]
 [0 0 0 0 1 0 0 0 0 0 0 0 0 0 0]
 [0 0 0 0 1 1 0 0 0 1 0 1 0 0 0]
 [0 0 0 0 0 0 1 0 0 0 0 0 0 0 0]
 [0 0 0 1 0 0 1 0 0 0 0 0 1 0 0]
 [0 0 0 0 0 1 0 0 1 0 0 0 0 0 0]
 [1 0 0 0 0 0 0 0 0 0 0 0 0 0 1]
 [0 0 0 0 0 0 0 0 0 0 0 0 0 1 0]
 [0 0 0 0 0 0 1 0 0 0 0 0 0 0 0]
 [0 0 0 0 1 0 0 1 0 0 0 0 0 0 0]
 [0 0 0 0 0 0 0 1 0 0 0 0 0 0 0]
 [0 0 0 1 0 0 0 0 0 0 0 0 0 0 0]
 [0 0 0 0 0 1 0 0 0 0 0 0 0 0 0]
 [0 0 0 0 0 0 0 0 0 0 0 0 0 0 1]
 [1 0 0 0 0 0 0 0 0 0 0 0 0 0 0]
 [1 1 0 0 0 0 1 0 0 0 1 0 0 0 0]
 [0 0 0 0 0 0 0 0 0 0 1 0 0 0 0]
 [0 0 0 0 0 0 0 0 0 0 0 0 1 0 0]
 [0 0 0 0 0 1 0 0 0 0 0 0 0 0 0]
 [0 1 1 0 0 0 0 0 0 0 0 0 0 0 0]]
branch at 2
runtime for solving id of Q is 0.0267323050647974
Simulation results:
{'J': 25, 'K': 15, 'N': 10, 'p': 0.1, 'seed': 89, 'sim': 6, 'runtime': 0.0267323050647974, 'identifiable': 0, 'branch': 2}
7
Q: [[0 0 0 1 0 0 0 0 0 0 1 0 0 0 0]
 [0 0 0 1 0 0 0 0 0 0 0 0 0 0 0]
 [0 0 1 0 0 1 0 0 0 0 0 0 0 0 0]
 [0 0 0 0 0 0 0 0 0 0 0 0 0 0 0]
 [0 0 0 0 1 0 0 0 0 0 0 0 0 0 1]
 [0 0 0 0 0 0 0 0 0 0 0 0 0 0 0]
 [1 0 0 0 1 0 0 0 0 0 0 0 1 0 0]
 [0 0 0 1 0 1 0 0 1 0 0 0 0 0 0]
 [0 0 0 0 1 0 0 0 0 0 0 0 0 0 0]
 [0 0 0 0 0 0 0 0 0 0 1 0 0 0 0]
 [0 1 0 0 0 0 0 0 0 0 0 0 0 0 0]
 [0 1 0 0 1 0 0 0 0 0 0 0 0 1 0]
 [0 0 0 0 0 0 0 0 0 1 0 0 0 1 0]
 [1 0 0 0 1 0 0 0 0 0 0 0 0 0 0]
 [0 0 0 1 0 0 0 0 0 0 0 0 0 0 0]
 [0 0 0 0 0 0 0 0 0 0 1 0 0 1 0]
 [0 0 0 0 0 0 0 0 0 0 0 0 0 0 0]
 [0 0 0 0 1 1 0 0 0 0 0 0 0 0 0]
 [0 0 0 0 0 0 0 0 0 0 0 0 0 0 1]
 [1 0 0 0 1 0 0 0 1 0 1 0 0 0 0]
 [0 1 0 0 0 0 0 0 0 0 0 0 0 1 0]
 [0 0 0 0 0 0 0 0 0 0 0 0 0 0 0]
 [0 0 0 0 0 0 1 0 0 0 0 0 0 0 0]
 [0 0 1 1 0 0 0 0 0 0 1 0 0 1 0]
 [0 1 0 0 0 0 0 0 0 0 0 0 0 0 0]]
Q is trivially not identifiable (all zero column).
Q is not identifiable, and Q_bar is [[0 0 0 1 0 0 0 1 0 0 1 0 0 0 0]
 [0 0 0 1 0 0 0 1 0 0 0 0 0 0 0]
 [0 0 1 0 0 1 0 1 0 0 0 0 0 0 0]
 [0 0 0 0 0 0 0 0 0 0 0 0 0 0 0]
 [0 0 0 0 1 0 0 1 0 0 0 0 0 0 1]
 [0 0 0 0 0 0 0 0 0 0 0 0 0 0 0]
 [1 0 0 0 1 0 0 1 0 0 0 0 1 0 0]
 [0 0 0 1 0 1 0 1 1 0 0 0 0 0 0]
 [0 0 0 0 1 0 0 1 0 0 0 0 0 0 0]
 [0 0 0 0 0 0 0 1 0 0 1 0 0 0 0]
 [0 1 0 0 0 0 0 1 0 0 0 0 0 0 0]
 [0 1 0 0 1 0 0 1 0 0 0 0 0 1 0]
 [0 0 0 0 0 0 0 1 0 1 0 0 0 1 0]
 [1 0 0 0 1 0 0 1 0 0 0 0 0 0 0]
 [0 0 0 1 0 0 0 1 0 0 0 0 0 0 0]
 [0 0 0 0 0 0 0 1 0 0 1 0 0 1 0]
 [0 0 0 0 0 0 0 0 0 0 0 0 0 0 0]
 [0 0 0 0 1 1 0 1 0 0 0 0 0 0 0]
 [0 0 0 0 0 0 0 1 0 0 0 0 0 0 1]
 [1 0 0 0 1 0 0 1 1 0 1 0 0 0 0]
 [0 1 0 0 0 0 0 1 0 0 0 0 0 1 0]
 [0 0 0 0 0 0 0 0 0 0 0 0 0 0 0]
 [0 0 0 0 0 0 1 1 0 0 0 0 0 0 0]
 [0 0 1 1 0 0 0 1 0 0 1 0 0 1 0]
 [0 1 0 0 0 0 0 1 0 0 0 0 0 0 0]]
branch at 0
runtime for solving id of Q is 0.0076939137652516365
Simulation results:
{'J': 25, 'K': 15, 'N': 10, 'p': 0.1, 'seed': 89, 'sim': 7, 'runtime': 0.0076939137652516365, 'identifiable': 0, 'branch': 0}
8
Q: [[0 0 0 0 0 0 0 0 0 0 0 0 0 0 0]
 [0 0 0 0 0 0 0 0 0 1 0 0 1 0 0]
 [0 0 0 0 1 0 0 0 0 0 0 0 0 0 0]
 [0 0 0 0 0 0 0 1 0 0 1 0 0 1 0]
 [0 0 1 0 0 0 0 1 0 0 0 0 0 0 0]
 [0 1 0 1 0 0 0 0 0 0 0 1 0 0 0]
 [1 0 0 0 0 1 0 0 0 0 0 0 0 0 0]
 [0 0 0 0 0 0 0 0 0 0 0 0 0 0 0]
 [0 0 0 0 1 0 0 0 0 1 0 0 0 0 0]
 [0 0 1 0 0 0 0 0 1 0 0 0 0 0 0]
 [0 0 0 0 0 0 0 0 0 0 0 0 0 0 0]
 [0 0 0 0 0 0 0 0 0 0 0 0 0 0 0]
 [0 0 1 0 0 0 0 1 0 0 0 0 0 0 0]
 [0 0 0 0 0 0 0 0 0 0 0 0 0 0 0]
 [0 0 0 0 0 0 0 0 0 0 0 0 0 0 0]
 [0 0 1 0 0 0 0 0 0 0 0 0 1 1 1]
 [0 0 0 0 0 1 0 0 0 0 0 0 0 0 0]
 [0 0 0 0 0 0 0 0 0 0 0 0 0 0 0]
 [0 0 0 0 0 0 0 1 0 1 0 0 0 0 0]
 [0 0 0 0 0 1 0 0 0 0 0 0 0 0 0]
 [0 0 0 0 1 0 0 0 0 0 0 0 0 1 0]
 [0 0 0 0 0 0 0 0 0 0 0 0 0 0 0]
 [1 0 0 0 0 0 0 0 0 0 0 0 0 0 0]
 [0 0 0 0 0 0 1 0 0 0 1 0 0 0 0]
 [0 0 0 0 0 0 0 0 0 1 1 0 1 1 1]]
Q_basis with dimensions J < K, thus not identifiable.
Q is not identifiable, and Q_bar is [[0 0 0 0 0 0 0 0 0 0 0 0 0 0 0]
 [1 0 0 0 0 0 0 0 0 0 0 0 0 0 0]
 [0 0 0 0 0 0 1 0 0 0 0 0 0 0 0]
 [0 0 1 0 0 0 0 0 0 0 0 0 0 0 0]
 [0 0 0 0 0 0 0 0 0 0 0 1 0 0 0]
 [0 0 0 0 0 0 0 0 0 0 0 0 1 0 0]
 [0 0 0 0 0 1 0 0 0 0 0 0 0 1 0]
 [0 0 0 0 0 0 0 0 0 0 0 0 0 0 0]
 [0 0 0 0 0 0 0 0 1 0 0 0 0 0 0]
 [0 0 0 0 0 0 0 0 0 0 1 0 0 0 0]
 [0 0 0 0 0 0 0 0 0 0 0 0 0 0 0]
 [0 0 0 0 0 0 0 0 0 0 0 0 0 0 0]
 [0 0 0 0 0 0 0 0 0 0 0 1 0 0 0]
 [0 0 0 0 0 0 0 0 0 0 0 0 0 0 0]
 [0 0 0 0 0 0 0 0 0 0 0 0 0 0 0]
 [0 0 0 0 0 0 0 0 0 1 0 0 0 0 0]
 [0 0 0 0 0 1 0 0 0 0 0 0 0 0 0]
 [0 0 0 0 0 0 0 0 0 0 0 0 0 0 0]
 [0 0 0 1 0 0 0 0 0 0 0 0 0 0 0]
 [0 0 0 0 0 1 0 0 0 0 0 0 0 0 0]
 [0 0 0 0 0 0 0 1 0 0 0 0 0 0 0]
 [0 0 0 0 0 0 0 0 0 0 0 0 0 0 0]
 [0 0 0 0 0 0 0 0 0 0 0 0 0 1 0]
 [0 0 0 0 1 0 0 0 0 0 0 0 0 0 0]
 [0 1 0 0 0 0 0 0 0 0 0 0 0 0 0]]
branch at -1
runtime for solving id of Q is 0.003641832619905472
Simulation results:
{'J': 25, 'K': 15, 'N': 10, 'p': 0.1, 'seed': 89, 'sim': 8, 'runtime': 0.003641832619905472, 'identifiable': 0, 'branch': -1}
9
Q: [[0 0 0 0 0 0 0 0 0 0 0 0 0 0 0]
 [0 0 0 0 0 0 0 0 0 0 1 0 1 0 0]
 [0 0 0 0 0 1 0 0 0 0 0 0 0 0 0]
 [0 0 0 0 0 0 0 0 0 0 0 0 0 0 0]
 [0 0 0 0 0 0 0 0 0 0 0 0 0 0 0]
 [0 0 0 0 0 0 0 0 0 0 0 0 0 0 0]
 [0 0 0 0 0 0 1 0 0 0 0 0 0 0 0]
 [0 0 0 0 0 0 0 0 0 0 0 0 0 0 0]
 [0 0 0 0 0 0 0 0 0 0 0 0 0 0 0]
 [0 0 0 0 0 0 0 0 0 1 0 0 0 0 0]
 [0 0 0 0 0 0 0 0 0 0 0 0 0 0 0]
 [0 0 0 0 0 0 0 0 0 0 0 0 0 0 0]
 [0 0 0 0 0 0 0 0 0 0 0 0 0 0 0]
 [0 0 0 0 0 0 0 0 0 0 0 0 0 0 0]
 [0 1 0 0 0 1 0 0 0 0 0 0 0 0 0]
 [0 0 0 0 0 0 0 0 0 0 0 0 0 0 0]
 [0 0 0 0 1 0 0 0 0 0 0 0 0 0 0]
 [0 0 0 0 0 0 0 0 0 0 0 1 0 0 0]
 [0 0 1 1 1 0 0 0 0 0 0 0 0 0 0]
 [0 1 0 0 0 0 0 0 0 0 0 0 0 0 0]
 [0 0 0 0 1 1 0 0 0 0 0 0 0 0 1]
 [0 0 0 1 0 0 0 0 0 1 0 0 0 1 0]
 [0 0 0 0 0 1 0 0 0 0 0 0 0 0 0]
 [0 1 0 0 0 0 0 1 1 0 0 0 0 0 0]
 [0 1 0 0 1 0 0 0 0 0 0 0 0 0 0]]
Q_basis with dimensions J < K, thus not identifiable.
Q is not identifiable, and Q_bar is [[0 0 0 0 0 0 0 0 0 0 0 0 0 0 0]
 [0 1 0 0 0 0 0 0 0 0 0 0 0 0 0]
 [0 0 0 0 1 0 0 0 0 0 0 0 0 0 0]
 [0 0 0 0 0 0 0 0 0 0 0 0 0 0 0]
 [0 0 0 0 0 0 0 0 0 0 0 0 0 0 0]
 [0 0 0 0 0 0 0 0 0 0 0 0 0 0 0]
 [0 0 0 1 0 0 0 0 0 0 0 0 0 0 0]
 [0 0 0 0 0 0 0 0 0 0 0 0 0 0 0]
 [0 0 0 0 0 0 0 0 0 0 0 0 0 0 0]
 [0 0 1 0 0 0 0 0 0 0 0 0 0 0 0]
 [0 0 0 0 0 0 0 0 0 0 0 0 0 0 0]
 [0 0 0 0 0 0 0 0 0 0 0 0 0 0 0]
 [0 0 0 0 0 0 0 0 0 0 0 0 0 0 0]
 [0 0 0 0 0 0 0 0 0 0 0 0 0 0 0]
 [0 0 0 0 1 0 0 0 0 1 0 0 0 0 0]
 [0 0 0 0 0 0 0 0 0 0 0 0 0 0 0]
 [0 0 0 0 0 1 0 0 0 0 0 0 0 0 0]
 [1 0 0 0 0 0 0 0 0 0 0 0 0 0 0]
 [0 0 0 0 0 0 0 0 1 0 0 0 0 0 0]
 [0 0 0 0 0 0 0 0 0 1 0 0 0 0 0]
 [0 0 0 0 0 0 1 0 0 0 0 0 0 0 0]
 [0 0 0 0 0 0 0 1 0 0 0 0 0 0 0]
 [0 0 0 0 1 0 0 0 0 0 0 0 0 0 0]
 [0 0 0 0 0 0 0 0 0 0 1 0 0 0 0]
 [0 0 0 0 0 1 0 0 0 1 0 0 0 0 0]]
branch at -1
runtime for solving id of Q is 0.0022323820739984512
Simulation results:
{'J': 25, 'K': 15, 'N': 10, 'p': 0.1, 'seed': 89, 'sim': 9, 'runtime': 0.0022323820739984512, 'identifiable': 0, 'branch': -1}
Simulation results:
[{'J': 25, 'K': 15, 'N': 10, 'p': 0.1, 'seed': 89, 'sim': 0, 'runtime': 0.029643275309354067, 'identifiable': 0, 'branch': 2}, {'J': 25, 'K': 15, 'N': 10, 'p': 0.1, 'seed': 89, 'sim': 1, 'runtime': 0.010929764248430729, 'identifiable': 0, 'branch': 0}, {'J': 25, 'K': 15, 'N': 10, 'p': 0.1, 'seed': 89, 'sim': 2, 'runtime': 0.030607000458985567, 'identifiable': 0, 'branch': 2}, {'J': 25, 'K': 15, 'N': 10, 'p': 0.1, 'seed': 89, 'sim': 3, 'runtime': 0.01938543375581503, 'identifiable': 0, 'branch': 0}, {'J': 25, 'K': 15, 'N': 10, 'p': 0.1, 'seed': 89, 'sim': 4, 'runtime': 0.01792400609701872, 'identifiable': 0, 'branch': 0}, {'J': 25, 'K': 15, 'N': 10, 'p': 0.1, 'seed': 89, 'sim': 5, 'runtime': 1.9800963341258466, 'identifiable': 1, 'branch': 6}, {'J': 25, 'K': 15, 'N': 10, 'p': 0.1, 'seed': 89, 'sim': 6, 'runtime': 0.0267323050647974, 'identifiable': 0, 'branch': 2}, {'J': 25, 'K': 15, 'N': 10, 'p': 0.1, 'seed': 89, 'sim': 7, 'runtime': 0.0076939137652516365, 'identifiable': 0, 'branch': 0}, {'J': 25, 'K': 15, 'N': 10, 'p': 0.1, 'seed': 89, 'sim': 8, 'runtime': 0.003641832619905472, 'identifiable': 0, 'branch': -1}, {'J': 25, 'K': 15, 'N': 10, 'p': 0.1, 'seed': 89, 'sim': 9, 'runtime': 0.0022323820739984512, 'identifiable': 0, 'branch': -1}]
