
The Gurobi software has a limited number of licenses. To request a license or
licenses, add this line

    #SBATCH --licenses=gurobi@slurmdb:1

to your SBATCH script, replacing N with the number of licenses you need. Gurobi
will need one license per process.


0
Q: [[0 0 0 0 0 1 0 1 1 0]
 [0 0 0 1 1 1 0 1 1 0]
 [1 1 1 1 1 0 0 0 0 1]
 [1 1 1 0 1 0 1 1 1 0]
 [1 1 1 0 1 1 1 0 1 0]
 [0 1 0 0 1 0 0 1 0 0]
 [0 0 0 1 1 1 1 1 1 0]
 [1 1 0 1 1 1 1 0 0 0]
 [0 1 0 0 1 1 1 1 0 1]
 [1 1 0 1 0 1 0 0 1 0]
 [0 0 0 0 0 1 1 0 0 1]
 [1 1 0 1 1 0 0 1 0 1]
 [1 0 0 0 0 0 0 1 1 0]
 [0 0 1 0 0 0 1 1 0 0]
 [0 0 0 1 1 0 1 1 0 1]
 [1 1 0 0 1 1 0 1 1 1]
 [0 0 0 0 0 0 1 0 1 1]
 [0 0 0 1 0 1 0 1 1 0]
 [1 0 1 1 0 0 0 0 1 1]
 [0 0 0 0 1 0 0 0 0 1]
 [1 1 0 1 0 1 0 1 0 0]
 [1 0 0 0 0 1 0 0 0 0]
 [0 1 1 1 1 0 0 1 1 0]
 [0 0 1 0 0 1 0 1 0 0]
 [0 1 1 1 0 0 1 0 1 0]
 [0 0 1 1 1 1 1 0 1 1]
 [0 0 0 0 0 0 1 1 0 0]
 [1 0 1 1 0 0 0 0 1 1]
 [1 1 0 1 0 1 1 0 0 1]
 [0 1 1 1 1 1 0 0 0 1]
 [0 0 1 1 1 0 0 1 1 0]
 [0 0 0 0 1 1 0 0 1 0]
 [0 0 1 0 0 0 1 0 1 1]
 [1 1 1 0 1 0 0 1 0 1]
 [0 1 1 1 0 0 1 0 1 1]
 [0 0 0 0 1 0 0 1 0 1]
 [0 0 1 0 0 0 0 1 1 1]
 [1 1 1 1 1 0 1 1 0 0]
 [1 0 0 0 1 1 1 1 0 1]
 [1 1 1 0 1 1 1 0 0 1]
 [0 1 0 0 0 1 0 1 1 0]
 [0 0 0 0 0 0 0 0 1 1]
 [1 1 0 0 1 0 0 1 0 0]
 [1 1 0 0 1 1 0 0 1 0]
 [0 1 1 0 0 1 1 0 0 1]
 [1 0 0 0 0 1 1 1 0 1]
 [0 0 0 1 1 1 0 0 1 0]
 [1 1 1 1 0 0 0 0 1 0]
 [0 0 1 0 0 0 1 1 0 0]
 [1 0 0 1 1 0 1 0 1 1]
 [1 1 0 1 1 1 0 0 1 1]
 [1 0 1 0 0 0 1 0 0 0]
 [0 1 1 0 1 1 0 0 1 0]
 [0 1 1 0 1 0 0 0 0 0]
 [1 1 0 1 0 0 0 0 1 0]
 [0 0 1 0 1 0 0 1 0 0]
 [0 1 0 0 1 1 0 0 1 0]
 [1 1 1 1 1 0 1 1 1 0]
 [0 0 0 1 0 0 1 1 1 1]
 [0 1 0 1 1 1 1 0 0 0]
 [0 0 0 0 1 1 0 1 1 0]
 [0 1 0 1 0 0 1 0 1 1]
 [0 0 1 1 0 1 1 0 0 0]
 [1 1 1 0 0 1 1 0 1 1]
 [0 1 0 1 1 0 0 1 0 1]
 [1 1 1 1 0 0 1 0 1 0]
 [1 1 1 1 0 1 0 1 1 1]
 [1 1 1 0 0 1 0 1 0 0]
 [0 1 1 0 0 1 1 1 1 1]
 [1 0 1 1 1 1 0 0 0 0]
 [0 0 1 1 0 1 0 0 0 0]
 [0 1 0 1 1 1 0 1 1 0]
 [0 0 0 1 0 1 0 1 0 0]
 [1 0 0 0 0 1 0 1 0 1]
 [0 1 1 0 0 1 1 0 0 1]
 [0 0 1 1 1 1 0 1 0 0]
 [0 0 0 1 0 1 0 0 1 1]
 [0 1 0 1 1 1 1 1 1 0]
 [0 1 1 1 0 0 0 0 0 1]
 [0 0 0 0 1 0 0 0 0 0]
 [0 0 1 1 0 1 0 1 0 0]
 [0 1 0 1 0 0 1 1 1 0]
 [1 0 1 1 0 0 0 0 1 0]
 [1 1 1 0 1 0 0 0 1 1]
 [0 1 0 1 1 0 1 1 0 1]
 [0 0 0 1 0 1 1 0 1 1]
 [1 0 0 1 1 0 1 0 0 1]
 [0 1 1 1 1 1 1 1 0 1]
 [0 1 0 0 1 0 1 0 1 1]
 [1 1 0 0 1 1 1 0 0 0]
 [0 1 0 1 1 1 0 1 1 1]
 [0 1 0 1 1 1 1 1 1 1]
 [1 1 1 0 1 0 0 0 0 0]
 [0 0 0 0 1 0 0 0 1 0]
 [1 0 1 1 1 1 1 1 1 1]
 [0 0 1 0 0 0 1 0 1 0]
 [0 0 1 0 1 0 0 0 1 1]
 [1 0 1 0 0 0 0 0 0 0]
 [0 1 1 1 1 0 1 0 1 1]
 [0 0 1 1 1 1 1 1 1 0]]
{'restarts': 1, 'conflicts': 454, 'decisions': 1134, 'propagations': 826628}
Q is identifiable
branch at 6
runtime for solving id of Q is 0.7529935017228127
Simulation results:
{'J': 100, 'K': 10, 'N': 10, 'p': 0.5, 'seed': 50, 'sim': 0, 'runtime': 0.7529935017228127, 'identifiable': 1, 'branch': 6}
1
Q: [[1 1 0 0 0 1 1 0 1 0]
 [1 1 0 1 1 0 1 1 0 1]
 [1 0 1 0 1 0 1 0 1 1]
 [1 0 1 0 0 0 1 0 1 1]
 [1 0 1 1 1 0 0 1 0 0]
 [1 0 0 0 1 1 1 0 1 1]
 [0 0 1 0 1 0 1 1 1 0]
 [0 1 0 0 1 0 1 1 0 1]
 [1 0 0 1 1 0 1 1 0 1]
 [0 0 1 1 1 0 0 0 1 0]
 [0 1 0 1 0 1 0 1 1 0]
 [1 1 0 1 0 0 0 1 0 0]
 [1 0 0 0 0 1 0 0 0 0]
 [0 0 1 0 0 0 1 0 0 0]
 [1 1 1 0 1 0 1 1 1 0]
 [0 1 1 1 1 1 1 1 1 1]
 [0 0 1 0 1 1 0 1 0 0]
 [1 0 0 0 1 1 1 0 0 0]
 [0 0 0 0 1 0 1 1 1 0]
 [1 1 0 0 0 0 0 1 1 1]
 [0 0 1 1 1 1 1 0 0 0]
 [1 1 1 1 0 1 1 1 0 0]
 [0 0 0 1 1 1 0 0 0 0]
 [1 0 0 1 0 1 0 1 1 1]
 [0 1 1 1 0 1 1 0 1 1]
 [1 1 1 0 0 1 1 0 0 1]
 [0 1 0 1 1 1 0 0 0 1]
 [0 1 1 1 1 0 1 0 0 0]
 [1 0 1 1 1 1 1 0 0 0]
 [0 0 1 1 0 0 1 0 1 0]
 [0 1 1 0 1 1 0 0 0 1]
 [1 0 0 0 1 0 0 1 0 1]
 [0 0 0 1 1 1 0 1 1 0]
 [0 0 0 0 1 1 0 1 1 0]
 [0 0 1 0 1 0 0 0 1 1]
 [1 1 1 1 0 0 0 0 0 1]
 [0 1 1 1 0 0 1 1 0 1]
 [0 1 0 0 0 0 1 1 0 0]
 [0 0 0 1 1 1 1 0 0 1]
 [0 1 0 1 1 1 1 1 1 0]
 [1 1 1 1 1 0 1 0 0 0]
 [0 1 0 0 0 1 1 0 1 1]
 [0 1 0 0 1 1 1 1 0 0]
 [0 0 1 1 1 1 1 0 0 0]
 [0 1 1 1 1 1 1 1 0 1]
 [0 0 1 1 0 0 0 1 0 1]
 [0 0 0 1 1 0 0 1 0 0]
 [1 0 0 0 0 1 0 1 1 0]
 [0 1 1 1 1 1 0 0 0 0]
 [0 0 1 0 1 1 1 1 1 1]
 [0 1 1 1 0 0 1 0 1 1]
 [0 1 0 1 1 0 0 0 0 1]
 [1 1 1 1 0 1 0 1 1 1]
 [1 1 0 1 0 0 0 1 0 1]
 [1 1 0 1 1 1 0 0 0 0]
 [0 0 0 1 1 1 1 0 0 1]
 [1 1 0 0 1 1 1 1 1 1]
 [1 1 1 0 0 0 1 0 1 0]
 [1 0 1 1 0 0 0 0 0 1]
 [0 0 1 1 1 0 0 1 0 0]
 [1 1 1 0 1 1 0 1 0 1]
 [0 0 1 1 0 0 0 0 0 1]
 [1 1 0 1 0 1 1 1 0 0]
 [0 0 1 0 1 1 0 0 1 1]
 [1 0 0 1 0 1 1 0 0 1]
 [1 1 1 0 1 1 0 0 1 1]
 [1 0 0 1 0 0 1 0 0 0]
 [1 0 0 1 1 1 0 0 1 1]
 [1 0 1 1 1 0 1 0 0 0]
 [0 0 0 1 0 0 1 1 0 1]
 [0 0 1 0 0 1 0 0 1 1]
 [1 0 1 1 1 1 0 0 0 0]
 [1 0 1 1 1 0 0 1 1 1]
 [1 0 1 0 1 1 1 1 0 1]
 [1 1 0 1 0 1 1 0 1 1]
 [1 1 1 0 1 1 1 1 0 0]
 [1 1 0 1 0 0 0 0 0 0]
 [0 0 0 1 1 0 0 1 1 1]
 [1 0 0 0 0 1 1 1 0 0]
 [1 0 1 1 1 1 1 0 0 1]
 [1 1 1 0 0 0 1 0 0 1]
 [1 1 1 0 0 1 0 1 0 1]
 [0 0 1 0 1 0 1 0 1 0]
 [0 0 1 1 0 1 1 1 0 1]
 [0 0 1 1 0 0 1 1 0 1]
 [0 0 0 1 0 0 1 0 0 0]
 [1 0 0 1 0 1 1 0 0 0]
 [0 1 1 1 1 0 1 1 0 1]
 [1 1 0 0 0 0 1 0 0 1]
 [1 0 1 0 0 0 0 0 0 1]
 [1 0 0 1 1 0 1 0 1 0]
 [1 1 0 0 0 0 1 1 0 0]
 [0 1 0 0 1 0 0 0 0 1]
 [1 0 1 0 0 1 0 0 0 1]
 [1 1 0 0 0 1 0 1 0 0]
 [1 1 1 1 1 1 0 0 1 1]
 [1 1 0 0 1 1 0 0 0 1]
 [0 1 0 0 0 1 0 1 0 1]
 [1 1 1 0 0 1 0 0 0 1]
 [1 1 0 1 0 1 1 0 1 0]]
{'restarts': 2, 'conflicts': 777, 'decisions': 2172, 'propagations': 1440920}
Q is identifiable
branch at 6
runtime for solving id of Q is 0.8124882448464632
Simulation results:
{'J': 100, 'K': 10, 'N': 10, 'p': 0.5, 'seed': 50, 'sim': 1, 'runtime': 0.8124882448464632, 'identifiable': 1, 'branch': 6}
2
Q: [[0 1 0 0 1 1 1 1 1 1]
 [0 1 0 0 1 1 0 0 0 0]
 [1 1 1 0 1 0 0 1 1 0]
 [0 0 0 1 0 0 1 1 1 0]
 [1 1 1 1 0 1 0 1 1 1]
 [0 0 1 1 0 0 0 1 0 1]
 [1 0 0 0 1 0 1 0 0 1]
 [1 0 0 1 0 1 0 0 1 1]
 [1 1 1 0 0 0 1 0 0 1]
 [1 1 0 0 1 0 0 0 1 0]
 [0 0 0 1 1 0 0 1 0 1]
 [0 0 1 1 0 0 1 1 0 0]
 [1 0 1 1 0 1 0 1 1 0]
 [1 1 1 0 0 1 1 1 1 0]
 [1 1 1 1 0 0 1 1 1 0]
 [0 0 0 0 1 0 1 0 0 1]
 [0 1 1 1 1 1 1 1 1 0]
 [0 1 1 1 1 0 1 1 0 0]
 [1 1 1 1 0 0 0 1 0 1]
 [0 0 0 1 1 1 1 1 1 1]
 [0 0 1 0 1 0 1 1 1 0]
 [0 1 0 1 0 1 1 1 0 1]
 [1 0 0 0 1 1 1 1 1 0]
 [0 1 1 1 0 1 0 0 0 0]
 [1 0 1 0 1 0 1 1 0 0]
 [0 0 0 1 0 0 1 0 0 1]
 [0 1 1 1 1 1 1 0 1 1]
 [1 0 1 0 0 1 1 1 1 0]
 [0 0 1 1 0 0 0 1 0 0]
 [1 0 1 1 0 1 0 0 1 1]
 [1 0 0 0 1 0 1 1 1 1]
 [1 0 1 1 1 1 0 1 0 0]
 [0 0 1 1 0 1 1 1 1 1]
 [1 1 1 1 1 1 1 1 1 0]
 [1 0 0 0 0 1 1 0 0 0]
 [0 0 1 1 1 1 0 0 1 0]
 [1 1 0 1 1 1 1 1 1 1]
 [0 0 1 0 1 0 0 1 1 1]
 [0 1 0 0 1 0 1 0 1 1]
 [0 0 1 0 1 0 1 0 1 1]
 [1 1 0 0 0 0 1 1 0 0]
 [1 1 1 1 1 0 1 0 0 1]
 [1 0 0 1 1 1 1 1 0 0]
 [0 0 1 1 0 1 0 0 1 0]
 [1 1 1 0 1 0 0 1 1 0]
 [1 1 1 1 0 1 1 0 0 0]
 [0 0 0 1 0 0 0 1 0 0]
 [1 0 1 1 0 0 1 0 0 0]
 [1 0 0 0 1 0 0 0 1 1]
 [0 0 0 0 0 0 0 1 1 0]
 [0 1 0 0 0 1 0 1 0 1]
 [0 0 1 1 0 1 1 1 0 1]
 [1 1 0 0 1 0 1 0 0 1]
 [1 1 0 1 0 0 1 0 0 1]
 [0 1 0 0 1 1 1 0 0 1]
 [1 1 0 0 0 0 1 1 1 0]
 [1 0 0 1 0 0 1 0 1 1]
 [0 1 1 1 0 1 0 0 0 1]
 [1 0 1 0 1 0 1 0 0 0]
 [1 1 1 1 1 1 0 0 1 0]
 [1 0 1 1 0 0 0 0 1 1]
 [0 1 1 1 1 0 1 1 1 0]
 [0 1 0 0 1 1 1 0 1 0]
 [1 1 0 0 0 0 0 1 1 0]
 [0 0 0 0 1 0 1 0 0 1]
 [1 1 1 0 0 1 1 0 0 1]
 [1 1 0 0 1 0 1 0 0 0]
 [1 1 0 1 0 1 1 0 0 1]
 [1 1 0 1 1 1 1 1 0 0]
 [1 1 0 0 1 1 1 0 0 1]
 [0 0 1 1 0 1 0 1 0 0]
 [0 0 0 0 1 1 0 1 1 0]
 [1 0 0 0 0 0 0 1 0 0]
 [1 1 1 1 0 1 1 0 0 1]
 [1 0 0 1 0 0 0 0 0 1]
 [1 0 0 0 0 0 1 1 0 0]
 [1 1 1 0 0 0 1 1 0 0]
 [0 0 0 0 1 0 1 0 1 1]
 [1 0 1 1 1 1 0 0 0 1]
 [1 1 1 0 1 0 1 0 0 0]
 [1 1 0 1 0 0 1 0 0 0]
 [0 0 1 1 0 1 0 1 0 0]
 [1 0 0 0 1 0 0 1 1 1]
 [1 1 1 1 1 0 1 0 0 0]
 [1 0 0 1 1 0 1 1 0 1]
 [0 0 1 1 0 0 0 0 0 0]
 [0 1 1 1 0 1 0 0 0 0]
 [0 0 0 1 0 1 0 0 1 1]
 [1 1 0 1 1 1 0 0 1 1]
 [1 1 0 1 1 0 0 1 0 0]
 [1 1 1 0 1 1 0 1 1 0]
 [1 0 0 1 0 1 0 0 1 1]
 [1 1 1 1 0 0 1 1 0 1]
 [0 1 0 0 1 0 0 1 1 0]
 [0 0 0 0 0 0 0 1 0 0]
 [1 1 0 1 0 0 0 1 1 0]
 [0 1 1 1 1 1 1 1 1 0]
 [1 1 1 1 1 0 0 0 1 0]
 [1 1 0 0 0 1 0 0 0 1]
 [1 1 1 0 0 1 0 1 0 1]]
{'restarts': 1, 'conflicts': 261, 'decisions': 743, 'propagations': 379232}
Q is identifiable
branch at 6
runtime for solving id of Q is 0.6081191538833082
Simulation results:
{'J': 100, 'K': 10, 'N': 10, 'p': 0.5, 'seed': 50, 'sim': 2, 'runtime': 0.6081191538833082, 'identifiable': 1, 'branch': 6}
3
Q: [[1 1 0 0 0 1 1 0 1 1]
 [0 0 1 1 1 0 0 0 0 0]
 [0 1 0 1 1 1 1 1 0 0]
 [0 0 1 1 1 0 0 1 1 1]
 [1 1 0 0 1 1 0 0 1 1]
 [1 1 1 1 1 0 0 1 1 1]
 [0 0 0 1 0 0 0 0 0 0]
 [1 1 1 1 1 0 1 1 0 1]
 [1 0 1 1 1 1 0 1 0 0]
 [1 1 1 0 1 0 1 1 0 0]
 [1 1 1 1 1 1 0 1 0 0]
 [1 0 1 0 0 0 1 0 1 1]
 [0 0 0 1 0 0 0 0 1 0]
 [1 0 1 0 1 1 1 1 0 1]
 [0 0 0 0 1 0 0 1 1 1]
 [1 1 0 0 1 1 0 1 1 0]
 [0 1 0 1 1 1 1 0 0 0]
 [1 0 0 1 0 1 0 1 0 0]
 [1 1 0 0 1 1 1 0 0 0]
 [1 0 0 0 1 0 0 0 1 0]
 [0 1 1 0 0 1 1 1 1 0]
 [1 0 0 0 0 1 1 1 1 1]
 [0 1 0 0 1 0 1 0 0 0]
 [1 1 0 0 1 0 1 1 0 1]
 [1 0 1 0 0 1 0 1 0 0]
 [0 1 0 0 1 1 1 1 1 1]
 [0 0 1 0 1 0 1 1 0 1]
 [0 1 0 0 1 0 0 1 0 1]
 [1 0 1 0 1 0 0 0 0 1]
 [1 1 1 1 0 0 0 0 0 1]
 [0 1 1 0 1 1 1 1 0 0]
 [0 1 1 0 1 1 1 0 0 1]
 [0 0 1 0 1 0 1 1 0 0]
 [1 1 1 0 1 1 0 0 1 1]
 [1 1 1 1 0 0 0 1 1 1]
 [1 1 0 1 1 1 0 1 0 0]
 [1 1 0 1 1 0 1 1 1 1]
 [1 1 1 1 1 1 1 0 0 0]
 [0 1 0 0 1 1 1 0 1 0]
 [0 1 1 0 0 1 0 1 0 1]
 [1 1 0 1 1 1 0 1 0 0]
 [0 0 1 0 0 0 0 0 1 0]
 [1 1 0 0 1 1 0 1 1 0]
 [0 0 1 0 1 0 0 1 1 1]
 [0 1 0 0 1 1 1 0 1 0]
 [0 1 0 0 0 0 0 0 1 0]
 [0 1 0 0 0 1 0 1 1 1]
 [1 1 0 0 1 0 1 1 1 1]
 [1 1 0 0 1 1 1 0 0 1]
 [0 0 1 0 1 0 1 1 0 1]
 [0 1 1 0 0 1 0 1 1 1]
 [1 0 0 1 0 1 1 0 1 1]
 [1 0 0 1 0 1 0 0 0 0]
 [1 1 0 0 1 0 0 0 1 0]
 [1 0 1 1 1 0 1 1 1 1]
 [0 0 0 1 1 1 1 0 0 0]
 [1 1 1 0 0 0 1 1 1 0]
 [1 1 1 0 0 1 1 0 0 0]
 [1 1 1 1 0 1 1 1 0 1]
 [0 1 1 1 1 0 0 0 1 1]
 [0 0 1 0 1 1 0 0 0 1]
 [1 0 0 1 1 0 0 0 1 1]
 [0 1 1 0 1 1 1 1 1 0]
 [0 1 0 1 0 0 0 1 1 0]
 [1 1 1 1 1 1 1 0 1 1]
 [1 0 0 0 0 0 0 1 1 0]
 [0 1 0 0 0 0 1 0 0 1]
 [0 1 1 1 0 0 0 0 1 0]
 [1 0 1 1 0 0 1 1 1 0]
 [0 0 0 0 0 1 1 0 0 0]
 [1 1 1 0 1 1 1 1 1 1]
 [0 0 1 1 0 0 1 0 1 0]
 [1 0 0 0 1 1 0 0 1 1]
 [0 0 0 1 1 0 0 1 1 1]
 [1 0 1 0 1 1 1 0 0 0]
 [0 1 0 1 0 0 1 1 0 1]
 [0 0 1 0 1 1 0 0 1 1]
 [0 1 0 0 1 0 0 1 0 1]
 [1 1 0 0 1 0 0 1 1 0]
 [1 0 1 0 0 1 1 0 1 1]
 [0 0 0 1 0 0 1 1 0 1]
 [0 1 0 1 1 1 1 0 1 0]
 [1 0 1 1 1 0 0 0 0 1]
 [0 1 0 0 0 1 1 1 1 1]
 [1 1 1 1 0 0 1 1 1 1]
 [0 1 0 0 0 0 1 0 0 0]
 [1 1 1 0 1 0 0 0 1 1]
 [1 1 1 0 1 1 1 1 0 0]
 [0 1 1 0 0 1 1 1 0 0]
 [1 0 1 0 0 0 0 1 1 0]
 [1 0 0 1 1 0 0 1 1 1]
 [1 0 0 0 1 0 1 1 0 1]
 [1 0 1 0 1 1 0 1 1 0]
 [1 1 1 1 0 1 1 0 0 1]
 [1 1 1 0 0 1 1 1 0 0]
 [1 0 1 1 0 0 0 0 0 1]
 [0 0 1 0 0 1 1 0 0 0]
 [0 0 0 1 1 0 1 0 1 1]
 [0 1 1 1 1 0 1 0 1 0]
 [1 0 1 0 1 0 0 0 0 0]]
{'restarts': 2, 'conflicts': 391, 'decisions': 1128, 'propagations': 534849}
Q is identifiable
branch at 6
runtime for solving id of Q is 0.5753907132893801
Simulation results:
{'J': 100, 'K': 10, 'N': 10, 'p': 0.5, 'seed': 50, 'sim': 3, 'runtime': 0.5753907132893801, 'identifiable': 1, 'branch': 6}
4
Q: [[1 1 0 0 1 1 1 1 1 0]
 [0 1 0 0 0 1 1 0 0 1]
 [0 1 1 1 1 0 0 1 0 0]
 [1 1 1 1 0 0 0 0 1 1]
 [0 0 0 0 1 1 0 1 1 0]
 [0 1 0 1 1 1 1 0 1 1]
 [0 1 0 1 1 1 0 0 0 1]
 [1 1 1 0 0 0 1 0 1 0]
 [1 1 1 0 0 1 1 1 1 1]
 [1 1 1 1 1 0 1 1 0 0]
 [1 1 1 0 0 1 1 1 1 0]
 [1 0 1 1 1 1 1 1 0 1]
 [1 1 0 1 0 1 1 1 1 1]
 [1 0 1 0 0 0 1 0 1 0]
 [0 0 0 1 1 1 0 0 0 1]
 [1 1 0 1 1 1 1 0 0 1]
 [1 1 0 0 1 0 1 1 1 0]
 [0 1 1 1 1 1 0 0 0 1]
 [0 1 1 0 0 0 0 0 0 1]
 [0 1 0 1 0 1 0 1 0 1]
 [1 0 1 0 1 0 1 1 1 0]
 [1 0 1 1 1 1 1 1 0 0]
 [0 0 0 1 0 1 0 0 1 0]
 [0 0 0 1 0 0 1 1 0 0]
 [0 1 0 1 1 1 0 0 1 1]
 [0 0 1 0 1 1 1 1 1 1]
 [1 0 1 1 0 1 1 0 1 1]
 [0 1 0 1 1 0 0 1 0 0]
 [0 0 0 0 1 0 0 0 1 0]
 [0 1 1 1 0 1 1 0 0 0]
 [0 1 0 0 1 1 1 1 0 0]
 [1 1 0 0 0 0 1 0 0 1]
 [0 1 0 1 1 0 1 0 0 1]
 [0 1 0 0 0 1 0 1 0 0]
 [0 1 0 0 0 0 0 1 0 1]
 [0 0 1 1 1 1 1 0 1 1]
 [1 0 0 0 1 0 0 0 1 0]
 [0 0 0 1 1 1 1 0 1 1]
 [1 0 0 1 1 0 1 0 1 1]
 [1 1 1 1 1 1 0 0 0 1]
 [1 0 1 0 1 0 1 0 0 0]
 [0 1 0 0 0 0 1 1 1 1]
 [0 1 1 0 0 0 0 0 0 1]
 [0 0 1 1 0 1 0 0 0 0]
 [0 0 0 1 1 0 1 0 0 1]
 [1 0 1 1 0 0 0 0 0 0]
 [1 0 0 0 1 1 1 0 0 0]
 [1 0 0 0 1 1 0 1 0 1]
 [0 1 1 0 0 1 1 0 0 0]
 [0 0 0 1 1 0 1 0 0 0]
 [1 0 1 1 1 1 1 1 0 1]
 [1 1 1 0 1 1 1 0 0 0]
 [1 0 0 0 1 0 0 0 1 0]
 [1 1 0 1 0 1 0 0 0 1]
 [1 1 0 1 1 1 0 0 1 1]
 [1 1 0 0 1 1 0 1 1 0]
 [1 0 1 1 1 1 0 0 1 0]
 [1 1 1 0 1 0 0 1 1 1]
 [0 0 1 0 1 1 1 1 0 0]
 [0 0 0 1 0 0 1 0 0 0]
 [1 1 1 0 1 0 1 1 1 0]
 [1 0 0 0 1 1 1 1 1 0]
 [0 0 1 1 1 1 0 0 1 0]
 [1 1 0 0 0 0 0 0 1 0]
 [1 1 1 0 0 1 1 0 0 1]
 [1 1 1 0 1 1 1 0 0 0]
 [0 1 0 0 0 0 1 1 1 0]
 [1 1 1 0 1 0 0 1 0 1]
 [1 0 0 1 0 0 0 0 0 1]
 [1 0 1 1 0 1 1 1 0 1]
 [0 0 1 0 1 1 0 1 0 1]
 [0 0 1 0 0 1 0 0 1 0]
 [1 0 0 0 1 1 0 1 1 0]
 [0 1 0 0 0 0 1 0 0 1]
 [1 0 0 0 0 0 1 0 0 0]
 [1 1 1 0 0 0 0 0 0 0]
 [0 0 1 0 1 1 1 1 1 1]
 [1 1 0 1 0 0 0 0 1 0]
 [0 1 1 1 1 1 0 0 1 1]
 [1 0 0 0 0 0 0 0 1 0]
 [0 1 0 0 1 1 1 0 1 0]
 [0 0 1 0 1 0 0 0 1 0]
 [0 1 1 0 0 0 1 1 0 1]
 [1 0 0 0 0 0 0 0 1 1]
 [1 0 0 0 1 0 0 0 1 0]
 [1 0 0 1 0 0 1 0 0 1]
 [0 1 0 1 0 1 1 0 0 1]
 [0 1 1 1 1 1 0 0 0 0]
 [1 0 0 1 1 0 0 0 0 1]
 [1 0 1 0 1 1 1 1 1 1]
 [1 1 1 0 1 1 0 1 0 0]
 [0 0 0 1 0 0 0 1 0 1]
 [0 1 1 0 0 1 0 0 1 0]
 [0 0 0 0 0 0 0 1 0 0]
 [1 1 0 1 1 1 0 1 0 0]
 [0 1 1 0 1 1 0 0 1 1]
 [0 1 1 1 1 1 0 1 1 0]
 [0 0 1 1 1 0 1 0 0 0]
 [0 1 1 1 0 0 1 0 1 1]
 [0 0 1 0 0 0 1 1 1 1]]
{'restarts': 1, 'conflicts': 223, 'decisions': 694, 'propagations': 308635}
Q is identifiable
branch at 6
runtime for solving id of Q is 0.703512245323509
Simulation results:
{'J': 100, 'K': 10, 'N': 10, 'p': 0.5, 'seed': 50, 'sim': 4, 'runtime': 0.703512245323509, 'identifiable': 1, 'branch': 6}
5
Q: [[1 1 1 1 1 1 1 0 1 1]
 [0 0 0 1 1 0 1 1 0 1]
 [1 0 0 1 0 0 1 1 0 1]
 [0 1 0 0 0 0 0 0 1 0]
 [0 1 0 0 1 1 1 1 0 0]
 [0 0 1 0 1 0 0 0 0 0]
 [0 1 0 0 1 1 1 1 1 1]
 [0 1 0 0 0 0 1 1 1 0]
 [0 1 1 1 0 0 1 0 1 1]
 [1 1 1 0 1 1 1 0 1 1]
 [0 0 1 1 1 0 1 1 1 1]
 [1 0 0 0 0 1 1 1 0 1]
 [0 0 0 1 1 1 1 1 1 1]
 [0 0 0 0 1 0 1 1 0 1]
 [0 0 1 0 1 0 0 1 0 1]
 [1 0 0 0 1 0 0 0 0 1]
 [1 0 0 1 1 1 1 0 0 1]
 [1 0 0 0 0 1 1 1 0 0]
 [1 0 1 0 1 0 1 0 1 0]
 [1 0 1 0 0 1 1 0 1 1]
 [1 0 1 1 0 1 0 0 1 1]
 [1 0 1 0 1 0 1 1 0 1]
 [1 1 0 1 0 1 0 0 1 1]
 [0 0 1 1 0 1 1 1 1 0]
 [0 0 0 1 0 0 0 0 1 0]
 [0 0 1 0 0 0 1 0 1 0]
 [1 1 1 0 1 0 1 0 1 0]
 [1 1 1 1 0 0 1 1 1 1]
 [1 0 0 1 1 0 1 1 1 1]
 [1 0 0 1 0 0 0 0 1 1]
 [0 1 0 0 0 0 0 1 1 1]
 [1 0 0 1 0 0 0 0 1 0]
 [0 1 1 1 1 0 0 1 0 1]
 [1 1 1 1 0 1 1 0 1 1]
 [1 0 0 1 1 1 1 1 0 1]
 [0 1 1 0 1 1 0 1 0 0]
 [0 1 0 0 1 1 1 0 1 0]
 [1 0 1 1 0 1 1 0 1 0]
 [0 0 0 1 1 1 1 1 1 0]
 [0 0 1 0 1 0 1 1 1 1]
 [0 1 1 1 1 1 1 0 0 1]
 [1 0 0 1 1 1 1 0 1 1]
 [0 0 1 1 1 1 0 0 0 0]
 [1 1 1 0 0 1 1 0 1 1]
 [1 1 0 0 0 0 0 1 1 1]
 [1 0 1 1 1 0 0 1 0 0]
 [1 0 0 1 0 0 1 1 1 1]
 [0 1 0 1 0 1 1 1 0 1]
 [0 1 0 1 1 1 0 1 0 0]
 [1 1 0 1 0 0 1 0 1 0]
 [0 1 1 1 0 0 1 1 0 1]
 [0 1 1 1 0 1 1 1 0 0]
 [1 1 0 1 1 1 1 1 1 0]
 [1 0 1 0 0 0 1 0 0 1]
 [1 1 1 1 1 0 1 0 0 0]
 [1 1 1 1 1 0 0 0 1 0]
 [0 1 1 1 1 1 0 0 1 1]
 [1 1 0 0 0 1 1 0 1 0]
 [1 0 0 1 0 1 0 1 0 1]
 [1 0 1 1 0 1 0 1 0 0]
 [1 0 0 0 0 1 0 1 0 0]
 [1 1 1 0 0 1 1 0 1 0]
 [0 0 1 0 0 0 0 1 1 0]
 [0 1 0 0 1 1 1 0 0 1]
 [0 0 0 1 0 1 0 0 0 0]
 [0 0 1 1 1 1 1 1 0 1]
 [1 0 1 1 1 1 1 1 0 1]
 [1 1 0 1 0 0 1 0 1 1]
 [0 1 1 0 1 0 0 0 0 0]
 [0 1 0 1 1 0 1 1 1 0]
 [0 0 1 0 1 0 0 1 0 1]
 [1 1 0 1 0 1 0 0 1 0]
 [1 1 1 1 1 1 0 1 1 1]
 [0 1 1 0 1 0 1 0 0 0]
 [0 1 1 0 0 0 0 1 0 0]
 [0 1 0 0 1 1 0 0 1 0]
 [1 1 0 1 1 1 0 0 0 1]
 [1 0 0 1 1 1 1 1 0 1]
 [1 1 1 1 0 0 1 1 0 1]
 [1 1 0 0 0 0 0 1 1 1]
 [0 0 1 0 0 0 0 1 1 0]
 [0 0 0 0 1 1 0 0 0 0]
 [1 0 1 1 1 1 1 1 1 1]
 [1 0 0 0 0 0 1 1 0 1]
 [1 0 0 0 1 1 1 0 1 1]
 [1 0 0 1 0 0 0 1 0 0]
 [1 0 0 1 0 0 0 0 0 1]
 [0 1 1 1 0 0 0 1 1 0]
 [1 0 0 1 1 0 1 1 1 1]
 [0 1 0 0 0 0 1 1 0 1]
 [0 0 1 1 0 0 0 1 1 1]
 [1 1 0 0 0 1 1 1 0 1]
 [1 1 0 0 1 0 1 1 0 1]
 [1 0 1 1 1 1 1 0 0 0]
 [0 0 1 0 0 0 1 1 0 1]
 [1 0 1 0 1 0 0 1 1 1]
 [0 1 0 0 0 0 0 1 1 0]
 [0 0 1 0 1 1 1 1 0 0]
 [1 1 1 0 0 0 0 1 0 1]
 [0 0 1 0 1 1 0 1 1 0]]
{'restarts': 2, 'conflicts': 543, 'decisions': 1592, 'propagations': 904411}
Q is identifiable
branch at 6
runtime for solving id of Q is 0.6605530981905758
Simulation results:
{'J': 100, 'K': 10, 'N': 10, 'p': 0.5, 'seed': 50, 'sim': 5, 'runtime': 0.6605530981905758, 'identifiable': 1, 'branch': 6}
6
Q: [[1 1 1 0 0 1 0 1 0 1]
 [0 1 0 0 1 0 0 1 1 1]
 [0 0 1 1 0 0 1 1 0 1]
 [0 0 1 1 0 0 1 0 0 0]
 [0 1 0 1 1 1 1 1 0 0]
 [0 1 0 0 1 1 1 0 1 1]
 [0 0 1 0 1 1 0 0 0 1]
 [1 0 0 0 1 1 0 1 0 1]
 [1 0 1 0 0 1 1 1 1 0]
 [1 1 0 1 0 0 1 1 0 0]
 [0 1 0 0 1 0 0 1 0 1]
 [0 0 0 1 0 0 1 1 0 1]
 [1 1 0 0 0 1 1 1 0 0]
 [0 0 0 0 1 1 0 1 1 0]
 [0 0 0 1 1 0 1 1 1 0]
 [1 1 0 1 0 1 1 1 1 0]
 [1 1 0 1 1 1 0 0 0 0]
 [1 0 0 0 0 1 1 0 1 0]
 [1 1 0 1 0 0 1 0 0 1]
 [0 0 0 0 1 1 1 0 0 1]
 [1 0 0 1 1 0 1 0 1 1]
 [1 0 1 0 0 1 0 1 0 1]
 [1 0 1 1 1 1 0 0 1 1]
 [1 0 1 0 1 0 1 1 0 1]
 [1 0 0 1 0 0 0 1 0 0]
 [0 1 1 0 1 0 1 1 1 1]
 [0 0 1 1 1 1 1 0 1 1]
 [1 1 0 1 0 0 0 1 0 0]
 [0 0 1 0 1 0 1 1 0 0]
 [1 0 0 1 0 0 0 1 0 0]
 [0 1 1 0 0 1 0 1 1 1]
 [0 1 1 0 1 1 0 1 1 0]
 [0 0 0 1 0 1 1 0 0 0]
 [1 0 1 0 0 0 1 0 0 1]
 [1 1 0 0 1 0 0 1 0 0]
 [1 0 0 1 0 0 1 1 0 1]
 [0 1 1 0 0 1 0 0 0 0]
 [0 0 1 0 0 0 0 0 1 0]
 [0 1 0 0 1 1 1 0 0 0]
 [1 0 1 1 0 0 1 0 1 1]
 [0 1 0 1 0 1 1 1 1 1]
 [0 0 1 1 0 1 0 1 1 1]
 [0 1 0 0 1 1 1 0 1 0]
 [0 1 0 1 0 0 0 1 1 0]
 [1 0 1 1 0 1 1 1 0 1]
 [0 1 0 1 1 0 0 1 1 0]
 [0 1 1 0 0 0 0 0 0 0]
 [1 1 0 1 0 0 1 0 0 0]
 [1 1 1 1 1 0 1 0 0 1]
 [0 1 0 1 1 1 1 0 0 1]
 [0 1 1 1 1 0 1 1 1 0]
 [0 0 0 1 1 1 1 1 0 0]
 [0 0 0 1 0 0 0 1 0 0]
 [0 0 1 0 0 1 1 0 0 0]
 [0 0 0 1 1 0 1 0 0 1]
 [0 0 0 1 0 1 0 0 1 0]
 [0 1 0 1 0 0 1 1 1 0]
 [0 0 0 0 0 0 0 1 1 0]
 [1 1 0 0 1 0 1 0 1 0]
 [1 1 1 1 0 1 1 1 0 1]
 [1 0 1 1 1 1 1 0 1 1]
 [1 1 0 0 0 0 1 0 1 0]
 [1 1 1 0 1 0 1 0 0 0]
 [1 1 0 1 1 0 0 0 0 0]
 [0 1 1 0 0 1 0 1 0 1]
 [1 0 1 0 1 0 1 0 1 1]
 [0 1 1 0 0 0 0 0 0 0]
 [0 1 1 1 1 1 1 0 1 0]
 [0 1 0 0 1 0 0 1 1 0]
 [0 0 0 0 0 0 1 0 1 1]
 [0 1 1 1 0 1 1 0 0 1]
 [0 0 1 1 0 0 1 0 1 1]
 [0 0 1 0 1 0 0 1 0 1]
 [0 1 0 0 1 1 0 0 1 1]
 [0 1 1 0 1 1 0 1 0 1]
 [1 0 0 1 1 0 0 0 1 1]
 [1 1 1 0 1 1 1 1 1 0]
 [0 1 1 0 1 1 1 1 1 1]
 [0 1 0 1 1 1 1 1 1 0]
 [1 0 0 1 0 0 0 0 0 0]
 [1 1 1 0 1 1 0 1 1 0]
 [1 1 0 0 1 1 0 1 0 0]
 [0 0 1 0 0 0 1 0 1 1]
 [1 1 1 0 0 0 0 0 0 1]
 [0 0 1 1 1 1 1 1 1 1]
 [1 0 1 1 0 0 0 1 0 0]
 [1 0 0 1 1 0 1 0 1 0]
 [0 0 1 1 1 0 1 0 1 0]
 [1 1 1 1 0 0 1 0 0 0]
 [0 1 0 1 1 0 0 0 0 0]
 [0 1 1 1 1 0 0 1 0 1]
 [0 0 0 1 0 0 1 0 0 0]
 [0 1 0 0 0 1 1 0 1 0]
 [0 0 1 0 0 0 1 1 0 0]
 [1 0 1 0 1 0 1 0 1 1]
 [0 0 1 0 1 0 0 1 0 0]
 [1 0 1 1 0 0 0 1 1 1]
 [0 1 1 1 1 0 1 1 1 0]
 [0 0 1 1 1 0 1 0 1 1]
 [0 0 1 1 0 0 1 1 1 0]]
{'restarts': 2, 'conflicts': 597, 'decisions': 1418, 'propagations': 1119677}
Q is identifiable
branch at 6
runtime for solving id of Q is 0.758065574336797
Simulation results:
{'J': 100, 'K': 10, 'N': 10, 'p': 0.5, 'seed': 50, 'sim': 6, 'runtime': 0.758065574336797, 'identifiable': 1, 'branch': 6}
7
Q: [[1 0 1 1 1 1 1 1 0 0]
 [0 1 0 0 1 0 1 0 1 0]
 [1 1 0 1 1 0 0 0 1 0]
 [0 1 0 1 1 0 0 1 0 0]
 [1 0 1 1 1 0 0 0 0 1]
 [0 0 1 0 1 1 1 1 0 1]
 [0 1 0 1 0 0 0 1 0 1]
 [0 1 0 0 1 0 1 0 1 1]
 [0 1 1 1 0 0 0 0 1 1]
 [0 1 1 0 0 0 1 0 0 0]
 [1 1 0 0 0 0 0 0 0 0]
 [0 1 0 1 1 1 0 1 0 1]
 [0 1 0 0 1 1 1 1 1 1]
 [1 0 0 1 1 1 1 1 1 0]
 [1 0 1 0 1 1 0 0 1 1]
 [0 1 0 1 1 0 1 0 1 1]
 [1 1 0 1 1 0 1 0 1 1]
 [0 0 1 0 1 0 0 1 1 1]
 [1 0 0 0 1 1 1 0 0 0]
 [1 0 0 0 0 0 1 0 0 0]
 [1 1 0 1 1 1 1 1 1 1]
 [1 1 1 0 0 0 0 1 1 0]
 [1 1 0 1 1 0 1 1 1 1]
 [1 1 0 0 1 1 0 1 0 0]
 [0 0 1 1 1 1 0 0 1 1]
 [1 0 0 0 1 0 1 1 0 1]
 [1 1 0 1 1 1 1 0 1 1]
 [0 0 0 1 1 1 0 0 0 1]
 [0 0 1 1 0 1 0 1 0 0]
 [0 0 0 0 0 1 0 0 1 1]
 [1 0 1 1 1 1 0 0 0 1]
 [1 1 0 1 1 1 1 0 1 1]
 [0 1 1 1 0 1 1 1 0 1]
 [0 1 0 0 0 0 1 0 0 1]
 [1 1 1 1 0 1 0 0 1 1]
 [1 1 1 0 1 1 0 1 1 0]
 [1 1 0 1 1 1 0 1 0 1]
 [0 1 0 0 0 1 0 1 0 1]
 [1 0 1 1 1 0 0 1 0 1]
 [0 1 1 1 1 1 1 0 0 1]
 [0 1 0 1 0 1 1 0 0 0]
 [1 1 1 1 0 1 0 1 0 1]
 [0 0 1 1 0 1 0 1 0 0]
 [0 1 1 1 1 0 0 0 0 1]
 [1 0 0 0 1 0 0 1 1 1]
 [0 1 1 1 1 0 0 0 0 1]
 [1 0 1 0 1 1 1 1 0 0]
 [0 0 0 0 0 0 0 1 1 1]
 [1 1 0 0 0 1 1 1 1 1]
 [0 1 1 1 1 0 1 1 0 1]
 [0 1 1 1 0 0 0 0 0 0]
 [1 0 1 1 0 1 0 0 1 1]
 [0 0 0 1 0 1 1 1 0 0]
 [0 0 0 0 0 0 1 0 1 1]
 [1 1 1 0 1 1 1 0 0 1]
 [1 1 0 1 0 0 0 1 1 0]
 [1 1 1 0 1 0 1 1 1 1]
 [1 0 1 0 0 1 0 0 0 0]
 [1 1 1 1 1 1 0 1 0 0]
 [0 0 0 0 0 0 1 1 0 0]
 [1 1 1 1 1 0 0 1 1 0]
 [1 0 0 1 0 1 0 1 1 1]
 [0 1 1 1 1 0 1 0 1 0]
 [0 0 0 0 1 0 1 0 1 1]
 [0 0 1 0 1 1 0 1 0 1]
 [1 0 1 1 1 1 0 0 0 0]
 [1 0 0 0 0 0 1 0 1 1]
 [0 1 0 0 0 1 1 1 1 1]
 [1 1 1 0 0 1 1 1 0 1]
 [0 1 0 0 0 1 1 0 1 0]
 [1 1 0 0 0 0 1 1 0 0]
 [1 0 1 0 1 0 0 0 0 1]
 [1 0 0 0 1 1 1 1 0 0]
 [1 1 1 0 1 0 1 0 0 1]
 [0 1 0 1 1 1 0 1 0 0]
 [1 1 1 1 0 1 0 1 0 0]
 [0 1 1 0 0 0 1 0 1 0]
 [0 0 1 1 0 1 0 1 1 1]
 [0 0 1 0 1 1 1 0 1 0]
 [1 1 0 0 1 1 0 0 1 0]
 [0 1 0 0 0 0 0 0 0 1]
 [1 0 0 1 0 1 0 1 0 1]
 [1 0 1 1 0 1 1 1 0 1]
 [0 1 1 0 1 1 0 0 1 1]
 [1 1 0 0 1 1 1 1 1 0]
 [0 1 0 1 0 0 0 1 0 1]
 [1 0 1 1 0 0 0 1 1 1]
 [1 1 1 1 1 0 0 1 0 0]
 [1 0 0 1 0 1 1 0 1 0]
 [1 1 1 1 0 1 1 1 0 1]
 [1 1 0 0 0 0 0 1 0 0]
 [0 0 1 1 0 0 0 0 0 1]
 [0 1 1 0 0 1 1 1 0 1]
 [1 1 0 0 0 0 1 0 0 1]
 [0 1 0 1 0 1 1 1 1 1]
 [1 0 1 0 0 1 1 1 0 1]
 [0 1 1 1 0 1 0 1 1 0]
 [0 0 1 1 0 0 1 1 1 1]
 [0 0 0 1 1 1 1 1 0 1]
 [0 1 1 1 0 1 1 1 1 1]]
{'restarts': 1, 'conflicts': 546, 'decisions': 1459, 'propagations': 796659}
Q is identifiable
branch at 6
runtime for solving id of Q is 0.6253772848285735
Simulation results:
{'J': 100, 'K': 10, 'N': 10, 'p': 0.5, 'seed': 50, 'sim': 7, 'runtime': 0.6253772848285735, 'identifiable': 1, 'branch': 6}
8
Q: [[1 1 0 1 1 1 0 1 0 1]
 [0 0 0 0 0 0 1 0 0 1]
 [0 0 1 1 1 1 1 0 0 0]
 [1 1 1 1 1 0 0 1 1 1]
 [1 0 1 1 1 0 1 0 1 1]
 [1 0 0 0 1 0 1 0 1 1]
 [0 0 0 1 0 0 1 0 0 0]
 [0 1 0 1 0 0 0 1 0 1]
 [1 1 0 1 0 0 1 0 0 1]
 [0 1 0 1 0 1 1 0 0 0]
 [0 0 1 1 0 1 1 0 1 1]
 [0 0 0 1 0 0 0 0 1 0]
 [0 1 1 0 0 0 1 1 1 0]
 [0 1 0 0 1 0 1 0 1 0]
 [0 0 1 0 0 0 0 1 1 0]
 [0 0 0 1 1 0 0 1 1 1]
 [1 1 0 1 0 1 0 1 1 1]
 [0 0 0 0 0 1 1 1 0 0]
 [0 0 0 0 1 0 1 0 0 0]
 [0 0 0 0 0 1 0 1 0 0]
 [1 1 1 1 1 0 1 1 1 0]
 [1 0 0 1 1 1 1 0 1 1]
 [0 0 0 1 0 0 1 0 0 0]
 [0 1 1 0 0 0 1 0 1 0]
 [0 0 0 1 1 0 0 0 0 1]
 [1 1 0 0 1 0 1 1 0 0]
 [1 0 0 1 1 1 0 1 0 1]
 [1 1 0 0 1 0 1 1 0 1]
 [0 0 0 1 1 1 1 1 0 0]
 [0 0 1 0 1 0 0 1 1 1]
 [1 0 1 0 1 1 0 0 0 1]
 [1 1 1 1 0 1 1 1 0 0]
 [0 0 1 1 0 1 1 0 0 0]
 [0 1 1 0 1 1 0 0 1 1]
 [0 0 1 0 0 0 1 0 1 0]
 [0 1 1 0 0 1 0 1 0 0]
 [1 1 0 0 1 1 0 1 0 1]
 [0 1 0 1 0 0 0 0 1 1]
 [1 0 0 0 0 0 0 0 0 0]
 [1 1 1 0 0 1 0 1 1 0]
 [1 1 1 0 1 0 1 1 0 1]
 [0 1 1 1 0 1 0 0 0 0]
 [1 1 1 1 1 1 1 0 0 0]
 [1 1 0 1 1 1 1 0 1 1]
 [1 1 0 0 1 1 1 0 1 1]
 [0 0 0 1 1 0 1 0 1 0]
 [0 0 1 0 1 1 0 0 0 0]
 [0 1 1 1 1 1 0 0 0 0]
 [1 0 1 1 1 0 0 1 1 0]
 [1 1 1 1 0 1 0 1 1 0]
 [0 0 1 0 1 1 0 1 1 0]
 [0 0 0 1 1 0 1 0 0 1]
 [1 0 0 1 1 0 1 0 1 0]
 [1 1 1 0 0 1 0 0 1 1]
 [0 1 1 1 1 1 0 0 0 1]
 [0 0 1 1 0 0 1 0 0 0]
 [1 1 0 0 0 0 0 1 1 1]
 [0 0 1 1 1 0 0 1 1 1]
 [0 1 1 1 0 0 0 1 0 1]
 [1 1 0 0 0 1 1 0 1 0]
 [0 0 1 1 0 1 1 1 0 1]
 [1 0 0 1 0 0 0 0 0 1]
 [0 1 0 1 1 0 1 1 0 0]
 [1 1 0 1 1 0 0 1 0 1]
 [0 1 1 0 1 0 0 1 0 1]
 [0 0 0 1 1 0 1 0 0 0]
 [1 0 0 0 0 1 0 1 0 0]
 [1 1 1 0 0 0 1 1 1 0]
 [0 0 1 1 0 0 1 0 1 1]
 [1 1 1 0 0 0 0 1 0 0]
 [0 1 0 0 1 0 1 1 1 0]
 [0 0 0 0 0 0 0 0 0 0]
 [0 1 1 0 1 0 1 0 1 0]
 [0 0 1 0 0 1 1 1 0 1]
 [1 0 1 0 1 0 1 1 0 0]
 [1 0 1 0 1 0 1 0 0 0]
 [1 0 1 0 1 0 1 0 0 1]
 [1 1 0 1 0 0 0 0 1 1]
 [0 0 1 0 0 0 0 0 1 0]
 [0 0 0 0 1 0 0 0 1 0]
 [0 0 0 1 0 1 1 0 0 1]
 [0 0 0 1 1 0 1 1 1 0]
 [1 1 1 0 1 0 1 0 0 0]
 [0 0 0 0 1 0 1 0 0 0]
 [0 1 0 0 1 1 1 0 1 0]
 [1 0 1 1 0 0 1 0 1 0]
 [1 0 1 0 1 0 0 1 0 0]
 [1 0 0 1 1 0 1 0 0 0]
 [1 0 0 0 1 1 1 0 1 0]
 [1 0 0 0 0 0 0 0 0 1]
 [0 1 0 1 0 1 0 0 0 0]
 [1 0 0 0 0 1 1 0 1 0]
 [0 1 0 1 1 1 1 1 1 1]
 [0 0 0 1 0 0 0 1 1 1]
 [1 1 1 0 1 1 0 1 1 0]
 [1 0 0 0 0 1 1 1 1 0]
 [1 1 0 1 1 1 0 0 0 1]
 [0 1 1 1 0 1 1 0 1 1]
 [1 0 1 0 0 1 0 1 0 1]
 [0 1 0 0 1 1 1 1 0 0]]
{'restarts': 1, 'conflicts': 371, 'decisions': 966, 'propagations': 688254}
Q is identifiable
branch at 6
runtime for solving id of Q is 0.6535276151262224
Simulation results:
{'J': 100, 'K': 10, 'N': 10, 'p': 0.5, 'seed': 50, 'sim': 8, 'runtime': 0.6535276151262224, 'identifiable': 1, 'branch': 6}
9
Q: [[1 0 0 0 1 1 0 1 1 0]
 [1 1 0 0 1 1 1 0 1 0]
 [1 0 1 1 0 1 1 0 1 0]
 [1 0 1 0 1 1 0 1 1 0]
 [0 0 1 1 1 1 1 1 1 0]
 [0 1 1 1 0 0 0 1 0 1]
 [0 0 1 1 0 1 0 0 0 1]
 [0 0 0 1 0 0 1 0 1 1]
 [0 1 1 1 0 0 0 0 0 1]
 [1 1 1 0 1 0 0 0 1 0]
 [1 1 0 0 1 1 0 0 1 1]
 [1 1 1 0 1 0 1 0 0 0]
 [0 1 0 1 1 1 0 0 1 0]
 [1 0 1 1 1 1 1 1 1 0]
 [0 0 0 1 1 1 1 1 0 1]
 [1 1 1 1 1 1 0 1 0 0]
 [1 0 1 0 0 1 0 1 1 0]
 [1 1 1 1 1 0 1 1 0 1]
 [0 1 1 0 0 0 0 1 0 0]
 [0 0 0 0 1 0 1 0 1 1]
 [1 0 1 1 0 0 1 1 1 1]
 [1 1 1 0 0 1 1 0 1 1]
 [1 0 1 0 1 0 1 0 0 0]
 [1 1 0 0 1 0 0 0 1 0]
 [1 0 0 1 0 0 0 1 1 0]
 [0 0 1 0 1 0 0 1 1 1]
 [0 1 0 1 1 0 1 0 1 0]
 [1 0 0 0 1 0 1 0 1 1]
 [0 0 1 1 1 0 0 0 1 0]
 [1 0 1 0 1 0 1 1 1 1]
 [0 0 0 1 1 1 1 1 1 1]
 [0 0 0 0 0 0 0 1 0 0]
 [1 1 1 0 1 0 0 1 0 0]
 [0 1 0 1 0 1 1 0 1 1]
 [1 1 0 1 0 1 1 1 0 0]
 [0 0 1 0 1 1 1 1 0 1]
 [1 1 1 1 1 0 0 1 1 1]
 [1 1 0 1 0 1 1 1 1 1]
 [0 1 1 1 1 0 1 1 0 1]
 [1 0 1 1 0 1 0 0 1 0]
 [1 1 1 1 0 1 0 0 0 0]
 [0 1 1 1 1 1 0 0 1 1]
 [0 1 0 1 1 0 0 1 1 1]
 [1 1 1 1 1 0 0 1 1 0]
 [0 0 0 0 0 1 1 0 0 1]
 [1 1 1 0 1 1 0 0 1 0]
 [0 1 0 0 0 0 0 0 0 1]
 [0 0 0 0 0 1 1 1 1 1]
 [1 0 1 0 1 0 1 0 1 0]
 [0 0 1 1 0 1 1 0 1 1]
 [0 1 1 0 1 1 0 1 0 1]
 [0 0 1 1 0 1 1 0 1 0]
 [1 0 1 1 0 1 0 1 0 0]
 [0 0 0 0 1 1 1 1 0 1]
 [1 0 1 0 1 1 1 1 1 1]
 [0 1 0 1 1 0 0 1 1 1]
 [0 0 0 0 1 0 1 1 1 0]
 [1 1 0 0 0 0 0 1 1 1]
 [1 1 1 1 1 0 1 0 1 0]
 [0 0 0 0 0 1 0 1 1 0]
 [0 0 1 1 0 1 0 0 0 0]
 [1 1 1 0 1 0 0 1 0 1]
 [1 1 1 1 1 0 0 1 0 0]
 [0 1 0 1 1 1 1 0 1 1]
 [0 0 1 1 0 1 1 1 1 1]
 [0 1 0 1 0 0 0 1 0 0]
 [1 0 0 0 0 1 1 0 0 1]
 [0 1 1 0 1 1 1 1 0 1]
 [0 1 0 1 0 0 0 0 0 0]
 [1 0 0 1 0 0 1 0 1 1]
 [1 0 1 0 1 0 1 0 1 0]
 [1 0 1 0 0 0 0 0 0 0]
 [1 1 0 1 1 0 0 1 0 0]
 [0 1 0 0 1 1 1 0 0 1]
 [0 0 0 1 1 0 1 1 0 1]
 [0 1 0 0 1 0 1 0 1 0]
 [1 0 1 0 1 1 0 0 0 1]
 [0 0 0 0 1 1 1 1 1 0]
 [0 1 0 0 0 0 0 1 1 1]
 [0 1 1 1 0 1 0 1 0 1]
 [1 1 0 1 0 0 0 0 1 0]
 [1 1 0 0 0 1 1 0 1 0]
 [1 0 1 1 0 0 0 0 0 1]
 [1 0 1 0 0 0 1 1 1 0]
 [1 1 0 0 0 0 0 0 1 0]
 [0 0 1 0 0 0 1 0 0 0]
 [1 1 0 1 1 1 1 1 1 1]
 [0 1 1 0 1 1 1 0 0 0]
 [0 0 1 1 0 0 1 0 1 0]
 [1 1 0 1 0 1 0 0 1 1]
 [1 1 1 1 0 0 1 0 1 0]
 [1 0 1 1 0 0 1 0 0 0]
 [1 1 0 1 0 1 1 0 1 0]
 [0 1 1 1 0 1 0 1 1 0]
 [1 1 0 1 1 0 1 1 0 0]
 [1 0 1 1 0 0 0 0 1 0]
 [0 1 0 1 0 0 0 1 0 1]
 [1 0 0 1 1 1 0 0 0 0]
 [0 0 0 1 1 1 1 1 0 0]
 [1 1 1 1 0 0 0 1 1 1]]
{'restarts': 1, 'conflicts': 476, 'decisions': 1094, 'propagations': 869352}
Q is identifiable
branch at 6
runtime for solving id of Q is 0.678568213712424
Simulation results:
{'J': 100, 'K': 10, 'N': 10, 'p': 0.5, 'seed': 50, 'sim': 9, 'runtime': 0.678568213712424, 'identifiable': 1, 'branch': 6}
Simulation results:
[{'J': 100, 'K': 10, 'N': 10, 'p': 0.5, 'seed': 50, 'sim': 0, 'runtime': 0.7529935017228127, 'identifiable': 1, 'branch': 6}, {'J': 100, 'K': 10, 'N': 10, 'p': 0.5, 'seed': 50, 'sim': 1, 'runtime': 0.8124882448464632, 'identifiable': 1, 'branch': 6}, {'J': 100, 'K': 10, 'N': 10, 'p': 0.5, 'seed': 50, 'sim': 2, 'runtime': 0.6081191538833082, 'identifiable': 1, 'branch': 6}, {'J': 100, 'K': 10, 'N': 10, 'p': 0.5, 'seed': 50, 'sim': 3, 'runtime': 0.5753907132893801, 'identifiable': 1, 'branch': 6}, {'J': 100, 'K': 10, 'N': 10, 'p': 0.5, 'seed': 50, 'sim': 4, 'runtime': 0.703512245323509, 'identifiable': 1, 'branch': 6}, {'J': 100, 'K': 10, 'N': 10, 'p': 0.5, 'seed': 50, 'sim': 5, 'runtime': 0.6605530981905758, 'identifiable': 1, 'branch': 6}, {'J': 100, 'K': 10, 'N': 10, 'p': 0.5, 'seed': 50, 'sim': 6, 'runtime': 0.758065574336797, 'identifiable': 1, 'branch': 6}, {'J': 100, 'K': 10, 'N': 10, 'p': 0.5, 'seed': 50, 'sim': 7, 'runtime': 0.6253772848285735, 'identifiable': 1, 'branch': 6}, {'J': 100, 'K': 10, 'N': 10, 'p': 0.5, 'seed': 50, 'sim': 8, 'runtime': 0.6535276151262224, 'identifiable': 1, 'branch': 6}, {'J': 100, 'K': 10, 'N': 10, 'p': 0.5, 'seed': 50, 'sim': 9, 'runtime': 0.678568213712424, 'identifiable': 1, 'branch': 6}]
