
The Gurobi software has a limited number of licenses. To request a license or
licenses, add this line

    #SBATCH --licenses=gurobi@slurmdb:1

to your SBATCH script, replacing N with the number of licenses you need. Gurobi
will need one license per process.


0
Q: [[0 0 0 0 1]
 [0 1 0 1 1]
 [1 0 1 0 0]
 [1 0 1 1 0]
 [0 1 0 0 0]
 [0 1 1 1 0]
 [1 1 1 0 0]
 [1 1 1 1 0]
 [1 0 0 1 0]
 [0 1 1 0 0]
 [1 1 0 1 1]
 [1 0 0 0 1]
 [1 0 1 1 0]
 [1 0 1 0 0]
 [1 0 1 0 1]
 [0 1 0 0 1]
 [0 0 0 1 0]
 [1 0 0 1 1]
 [1 1 1 1 0]
 [0 1 1 0 0]
 [0 0 0 0 0]
 [1 0 1 1 1]
 [0 1 0 1 1]
 [0 0 0 0 1]
 [1 0 1 1 1]
 [0 1 1 1 0]
 [1 1 1 1 0]
 [1 1 0 0 0]
 [0 1 0 1 1]
 [1 0 0 0 1]
 [1 1 1 1 0]
 [1 0 1 1 0]
 [1 0 1 0 1]
 [1 1 1 1 1]
 [1 0 1 1 1]
 [0 1 1 0 1]
 [1 1 0 0 0]
 [1 0 0 0 0]
 [1 0 1 1 0]
 [1 0 0 1 1]
 [0 1 1 0 0]
 [0 0 1 0 1]
 [1 1 0 1 1]
 [1 1 1 1 1]
 [0 0 0 0 1]
 [0 1 1 1 1]
 [0 0 1 1 0]
 [1 1 0 1 0]
 [1 0 0 0 1]
 [1 0 1 1 1]
 [0 0 1 1 0]
 [1 1 1 0 1]
 [0 0 0 1 0]
 [1 1 1 1 1]
 [0 1 0 1 0]
 [1 1 0 0 1]
 [1 0 0 1 1]
 [0 0 0 1 1]
 [0 0 1 0 1]
 [0 0 0 1 1]
 [0 0 0 1 1]
 [0 0 0 1 1]
 [0 0 0 1 1]
 [0 1 0 0 1]
 [0 0 0 0 1]
 [0 1 0 0 0]
 [0 0 1 0 0]
 [0 1 0 0 0]
 [1 1 1 1 0]
 [0 1 0 1 1]
 [1 1 1 0 0]
 [1 1 1 1 1]
 [1 1 0 1 0]
 [1 0 0 0 1]
 [1 0 1 1 1]
 [1 0 1 1 0]
 [1 1 1 1 1]
 [0 1 1 1 0]
 [1 0 0 1 0]
 [0 0 0 0 0]
 [0 1 0 1 0]
 [1 0 0 0 0]
 [1 1 1 0 0]
 [1 1 0 1 1]
 [1 0 0 1 1]
 [0 0 0 0 1]
 [0 1 0 0 0]
 [0 1 1 0 1]
 [0 1 0 1 0]
 [0 0 0 0 0]
 [0 0 1 0 0]
 [1 1 0 1 0]
 [1 1 1 0 1]
 [1 1 0 0 0]
 [1 1 0 0 1]
 [0 1 0 0 1]
 [0 1 0 0 0]
 [1 0 1 1 0]
 [0 0 1 0 0]
 [1 0 0 0 0]]
Q is identifiable (direct_check).
Q is identifiable
branch at 4
runtime for solving id of Q is 0.0006514508277177811
Simulation results:
{'J': 100, 'K': 5, 'N': 10, 'p': 0.5, 'seed': 35, 'sim': 0, 'runtime': 0.0006514508277177811, 'identifiable': 1, 'branch': 4}
1
Q: [[0 0 0 0 0]
 [1 0 1 0 0]
 [1 0 0 0 1]
 [0 0 0 0 0]
 [1 0 0 0 1]
 [0 1 1 1 0]
 [0 0 1 1 0]
 [0 1 1 0 0]
 [1 0 0 1 1]
 [0 1 1 1 1]
 [0 1 1 1 1]
 [1 1 1 1 1]
 [1 1 1 1 1]
 [1 0 1 1 1]
 [1 1 0 0 0]
 [0 0 0 1 1]
 [1 1 0 1 0]
 [1 1 0 0 1]
 [0 1 0 0 1]
 [0 1 0 0 1]
 [0 0 0 0 1]
 [0 1 0 1 0]
 [1 1 0 1 1]
 [1 1 0 1 1]
 [0 0 1 1 1]
 [0 0 1 0 0]
 [1 1 1 0 0]
 [1 0 1 1 0]
 [1 1 1 0 0]
 [1 1 1 0 0]
 [1 0 0 1 0]
 [0 0 0 0 0]
 [1 1 1 0 1]
 [0 0 1 1 0]
 [0 0 0 0 0]
 [0 1 0 1 0]
 [0 1 0 1 0]
 [1 0 0 1 0]
 [0 1 0 1 0]
 [0 0 0 1 1]
 [0 1 1 1 1]
 [0 1 1 0 0]
 [0 0 0 1 1]
 [0 0 0 0 0]
 [0 0 0 0 1]
 [1 0 0 0 1]
 [0 0 1 0 1]
 [1 0 1 0 1]
 [1 1 0 1 0]
 [1 1 1 0 0]
 [1 1 0 1 1]
 [1 0 1 1 1]
 [0 0 0 1 0]
 [1 1 0 0 1]
 [1 0 0 1 1]
 [0 1 0 0 0]
 [1 0 1 0 0]
 [0 1 1 0 1]
 [1 1 0 1 0]
 [1 0 1 0 1]
 [0 0 0 1 0]
 [0 1 1 0 0]
 [1 0 0 1 1]
 [1 0 0 1 0]
 [1 1 1 1 0]
 [1 1 1 1 1]
 [1 0 0 0 1]
 [1 0 0 1 1]
 [1 1 0 0 1]
 [1 1 1 0 1]
 [1 1 0 0 0]
 [1 1 0 0 1]
 [0 0 1 1 0]
 [1 1 0 0 1]
 [0 1 1 0 1]
 [0 1 0 0 0]
 [0 1 0 0 1]
 [0 0 1 0 0]
 [1 0 1 0 0]
 [1 1 0 0 0]
 [1 0 0 1 0]
 [1 0 0 1 1]
 [0 1 1 0 0]
 [0 0 0 0 0]
 [1 0 0 0 1]
 [0 1 1 1 0]
 [1 0 0 1 0]
 [1 0 1 1 0]
 [1 0 0 1 1]
 [1 0 1 0 1]
 [0 0 0 1 1]
 [1 1 0 1 0]
 [0 0 1 1 0]
 [1 1 0 0 1]
 [1 1 0 1 1]
 [1 0 0 0 0]
 [0 1 1 1 0]
 [1 1 1 1 1]
 [0 0 1 1 0]
 [0 0 1 1 0]]
Q is identifiable (direct_check).
Q is identifiable
branch at 4
runtime for solving id of Q is 0.0005032792687416077
Simulation results:
{'J': 100, 'K': 5, 'N': 10, 'p': 0.5, 'seed': 35, 'sim': 1, 'runtime': 0.0005032792687416077, 'identifiable': 1, 'branch': 4}
2
Q: [[1 0 1 1 1]
 [1 1 0 0 0]
 [1 0 1 1 1]
 [1 0 0 0 1]
 [1 1 0 1 1]
 [1 0 0 0 0]
 [0 0 0 1 1]
 [1 1 1 0 0]
 [1 1 1 1 1]
 [0 1 0 0 0]
 [0 0 1 0 1]
 [1 1 0 0 0]
 [0 1 0 0 0]
 [1 1 0 0 0]
 [0 0 1 0 1]
 [1 1 0 0 1]
 [1 0 0 0 1]
 [0 0 0 0 1]
 [1 1 1 0 0]
 [1 0 1 1 1]
 [0 1 1 1 0]
 [1 1 1 1 1]
 [1 0 1 0 0]
 [1 1 1 1 1]
 [1 1 0 1 1]
 [1 0 0 0 0]
 [1 1 1 1 0]
 [1 0 1 0 0]
 [0 0 0 1 0]
 [1 0 1 0 1]
 [1 0 0 1 0]
 [0 0 1 0 0]
 [1 0 1 1 1]
 [0 0 0 1 0]
 [1 0 1 0 0]
 [0 0 1 1 0]
 [1 1 1 1 1]
 [0 0 1 0 0]
 [0 1 0 0 0]
 [0 0 0 1 1]
 [0 1 0 0 0]
 [1 0 1 0 1]
 [1 1 0 0 0]
 [1 0 0 1 0]
 [1 0 0 0 1]
 [0 1 1 0 0]
 [0 1 1 1 1]
 [0 0 0 0 0]
 [0 0 1 0 0]
 [1 0 0 1 0]
 [1 1 0 0 0]
 [1 1 0 1 1]
 [0 1 1 0 0]
 [0 0 1 0 0]
 [0 0 1 1 1]
 [1 0 1 1 0]
 [1 0 0 1 0]
 [1 1 1 1 0]
 [0 1 0 1 1]
 [1 1 1 0 0]
 [0 0 1 0 0]
 [1 1 1 0 0]
 [0 1 0 0 1]
 [1 1 1 0 1]
 [0 1 0 1 1]
 [0 0 1 0 0]
 [0 1 0 0 1]
 [1 1 0 1 0]
 [0 0 0 0 1]
 [0 1 1 0 1]
 [0 0 1 1 0]
 [1 0 1 0 0]
 [1 1 0 1 0]
 [1 0 1 1 0]
 [0 0 1 1 1]
 [0 1 0 0 1]
 [1 0 1 0 0]
 [0 0 0 0 1]
 [1 1 1 1 0]
 [0 0 1 0 1]
 [1 1 1 1 0]
 [0 1 1 0 1]
 [1 1 1 1 0]
 [1 1 1 0 1]
 [1 1 1 0 0]
 [1 1 1 1 1]
 [1 1 1 0 0]
 [0 0 1 1 0]
 [1 0 0 0 0]
 [1 1 1 1 1]
 [0 1 0 1 1]
 [1 0 1 1 1]
 [0 1 1 0 1]
 [0 0 0 1 0]
 [1 1 0 1 0]
 [1 0 0 0 1]
 [0 1 0 1 0]
 [0 0 1 1 0]
 [1 1 0 0 1]
 [1 1 1 0 1]]
Q is identifiable (direct_check).
Q is identifiable
branch at 4
runtime for solving id of Q is 0.00047332700341939926
Simulation results:
{'J': 100, 'K': 5, 'N': 10, 'p': 0.5, 'seed': 35, 'sim': 2, 'runtime': 0.00047332700341939926, 'identifiable': 1, 'branch': 4}
3
Q: [[1 1 0 0 0]
 [0 1 1 0 1]
 [1 0 1 1 0]
 [0 0 0 1 1]
 [1 0 1 0 0]
 [0 0 0 1 0]
 [0 1 1 1 0]
 [1 1 1 1 0]
 [1 0 1 0 1]
 [0 1 0 1 0]
 [1 0 0 0 0]
 [0 0 1 0 0]
 [1 0 1 0 0]
 [0 0 0 1 0]
 [0 1 0 1 1]
 [0 1 0 0 1]
 [0 1 1 0 1]
 [0 0 1 0 0]
 [1 0 0 1 0]
 [1 0 1 0 1]
 [1 1 1 1 0]
 [0 0 1 1 0]
 [1 0 1 0 1]
 [0 1 0 0 1]
 [0 1 0 1 0]
 [1 0 1 1 0]
 [1 1 0 1 0]
 [0 0 1 1 1]
 [0 1 0 1 1]
 [0 1 1 0 1]
 [1 1 1 1 1]
 [0 1 1 0 0]
 [1 1 1 0 0]
 [0 1 0 1 0]
 [1 0 0 1 1]
 [1 0 1 1 0]
 [0 0 1 0 1]
 [0 1 1 1 1]
 [1 1 0 0 0]
 [1 1 0 1 0]
 [0 0 0 1 1]
 [0 0 1 1 0]
 [1 1 0 0 0]
 [0 1 0 1 0]
 [1 0 1 0 0]
 [1 1 0 0 0]
 [0 1 0 1 0]
 [1 1 1 0 0]
 [1 1 0 1 1]
 [1 1 0 0 0]
 [0 1 0 0 1]
 [0 1 0 1 0]
 [0 1 1 0 0]
 [0 1 1 0 0]
 [1 1 0 1 1]
 [1 0 0 1 1]
 [0 0 0 1 1]
 [0 0 0 0 0]
 [0 0 1 1 0]
 [1 1 0 1 1]
 [0 1 0 0 0]
 [0 1 0 0 1]
 [1 0 0 0 0]
 [0 1 1 0 1]
 [0 0 0 1 0]
 [0 0 1 0 1]
 [0 0 1 0 1]
 [1 0 0 1 1]
 [1 0 0 1 0]
 [0 0 1 0 1]
 [0 1 0 1 1]
 [1 1 1 0 1]
 [0 0 1 0 1]
 [1 1 0 0 1]
 [1 1 0 1 0]
 [1 1 0 1 1]
 [1 0 0 0 1]
 [1 0 1 1 1]
 [0 1 1 1 1]
 [1 1 0 1 0]
 [1 0 1 1 0]
 [0 1 0 1 1]
 [0 0 0 1 0]
 [0 1 1 0 0]
 [0 0 0 0 0]
 [0 1 1 1 1]
 [1 1 0 1 0]
 [0 0 1 0 0]
 [1 1 0 0 0]
 [0 1 1 1 0]
 [0 0 1 1 1]
 [0 1 0 0 1]
 [0 1 1 0 0]
 [1 0 1 0 1]
 [1 1 1 1 0]
 [1 1 1 1 0]
 [1 1 0 0 0]
 [1 1 1 1 0]
 [1 0 0 0 0]
 [1 0 0 0 1]]
{'restarts': 1, 'conflicts': 11, 'decisions': 21, 'propagations': 424}
Q is identifiable
branch at 6
runtime for solving id of Q is 0.004707426764070988
Simulation results:
{'J': 100, 'K': 5, 'N': 10, 'p': 0.5, 'seed': 35, 'sim': 3, 'runtime': 0.004707426764070988, 'identifiable': 1, 'branch': 6}
4
Q: [[0 0 1 0 0]
 [0 1 0 0 0]
 [1 0 0 0 0]
 [0 1 0 0 0]
 [1 0 1 0 0]
 [0 1 1 0 0]
 [0 0 0 1 1]
 [1 0 1 0 1]
 [1 0 1 1 0]
 [0 0 1 0 0]
 [0 0 1 1 0]
 [1 0 0 0 0]
 [0 0 1 1 0]
 [1 0 1 0 0]
 [0 1 0 0 1]
 [0 1 0 1 0]
 [0 1 0 1 1]
 [0 0 0 0 0]
 [1 1 1 0 0]
 [1 1 1 0 1]
 [0 1 0 1 0]
 [0 0 0 1 1]
 [0 1 0 1 0]
 [1 0 0 0 0]
 [1 0 1 1 1]
 [0 0 0 0 1]
 [1 1 0 1 1]
 [1 1 0 0 1]
 [1 0 1 0 1]
 [0 1 1 1 1]
 [1 1 1 0 1]
 [0 1 1 1 1]
 [1 1 0 0 1]
 [0 0 1 1 0]
 [0 0 1 0 0]
 [1 1 1 1 1]
 [1 0 1 0 0]
 [1 1 1 0 0]
 [0 0 0 1 1]
 [1 1 0 0 0]
 [1 1 0 0 1]
 [1 1 0 0 0]
 [0 0 0 1 0]
 [0 1 0 0 0]
 [1 1 0 1 1]
 [1 1 0 1 1]
 [0 0 0 0 1]
 [1 1 0 1 1]
 [0 1 1 0 1]
 [0 1 1 0 1]
 [1 1 1 1 1]
 [1 1 1 1 1]
 [1 1 0 0 1]
 [1 0 1 1 1]
 [0 1 1 1 1]
 [1 1 1 1 1]
 [1 0 0 1 1]
 [0 0 0 0 0]
 [1 0 1 0 1]
 [0 0 1 1 1]
 [0 1 0 1 1]
 [1 1 1 0 0]
 [1 0 0 0 0]
 [1 1 1 0 0]
 [0 1 1 0 1]
 [0 0 1 1 1]
 [0 1 1 0 1]
 [0 0 0 0 0]
 [0 0 0 0 0]
 [1 1 1 0 0]
 [0 1 0 1 0]
 [1 1 0 1 0]
 [0 0 0 1 1]
 [1 0 1 0 1]
 [0 0 0 0 1]
 [1 0 1 0 1]
 [0 1 0 1 1]
 [1 1 0 1 0]
 [1 0 1 0 0]
 [1 0 1 0 0]
 [0 0 0 1 1]
 [0 0 1 1 1]
 [1 0 1 0 1]
 [1 1 1 1 0]
 [1 0 0 1 0]
 [1 0 1 1 1]
 [1 0 0 1 0]
 [0 0 1 0 1]
 [0 0 0 0 0]
 [0 1 1 0 1]
 [0 1 0 1 1]
 [0 0 1 0 0]
 [0 1 1 0 1]
 [0 0 0 0 0]
 [1 0 1 0 0]
 [0 1 0 1 0]
 [0 1 0 0 1]
 [1 1 0 1 1]
 [0 0 1 1 0]
 [1 0 1 0 0]]
Q is identifiable (direct_check).
Q is identifiable
branch at 4
runtime for solving id of Q is 0.0005097854882478714
Simulation results:
{'J': 100, 'K': 5, 'N': 10, 'p': 0.5, 'seed': 35, 'sim': 4, 'runtime': 0.0005097854882478714, 'identifiable': 1, 'branch': 4}
5
Q: [[0 1 1 1 0]
 [1 0 0 1 0]
 [0 1 1 0 0]
 [1 0 0 1 1]
 [1 0 0 0 0]
 [1 1 0 0 0]
 [0 1 1 1 0]
 [1 0 0 0 1]
 [0 1 1 0 1]
 [0 1 1 0 1]
 [0 1 1 1 0]
 [0 0 1 0 0]
 [0 0 1 0 0]
 [1 1 0 0 0]
 [1 1 0 1 0]
 [0 1 0 0 0]
 [1 1 1 1 0]
 [1 0 0 1 0]
 [0 0 1 1 1]
 [0 0 0 0 0]
 [1 1 1 1 0]
 [0 1 0 0 1]
 [1 1 0 1 0]
 [1 0 0 0 0]
 [1 0 1 0 0]
 [1 0 1 1 1]
 [0 0 0 1 1]
 [1 1 0 1 0]
 [0 1 0 1 0]
 [0 0 0 0 0]
 [1 1 1 1 1]
 [0 0 1 0 0]
 [1 1 0 0 1]
 [1 0 1 1 1]
 [0 0 0 0 0]
 [0 1 0 1 0]
 [1 0 0 0 1]
 [1 1 1 1 1]
 [1 0 1 1 0]
 [1 0 1 0 1]
 [1 0 1 0 1]
 [1 1 0 1 0]
 [0 0 0 1 1]
 [1 1 0 0 1]
 [0 1 1 0 0]
 [1 0 0 0 0]
 [0 0 1 1 1]
 [1 0 1 1 1]
 [1 0 1 0 0]
 [0 0 0 0 0]
 [0 1 1 0 0]
 [0 0 1 1 1]
 [0 0 0 0 0]
 [1 1 0 1 1]
 [1 0 1 1 1]
 [0 1 1 0 0]
 [1 1 1 0 1]
 [0 0 1 0 0]
 [0 1 1 1 1]
 [1 0 0 1 0]
 [1 0 1 1 0]
 [0 0 1 0 0]
 [1 1 1 1 1]
 [1 0 1 1 1]
 [1 1 0 0 1]
 [1 0 0 1 0]
 [1 0 1 1 0]
 [1 0 1 0 0]
 [1 1 0 1 0]
 [0 1 1 1 1]
 [0 0 0 1 0]
 [0 0 0 0 1]
 [0 0 1 0 0]
 [1 1 0 0 1]
 [1 1 1 1 0]
 [0 1 0 0 1]
 [0 0 0 1 0]
 [0 0 1 0 1]
 [0 0 0 0 0]
 [1 0 1 0 1]
 [1 0 1 0 0]
 [1 0 0 0 0]
 [1 1 0 1 1]
 [0 0 0 0 0]
 [0 1 0 0 1]
 [0 0 0 1 0]
 [1 1 1 1 0]
 [1 1 0 0 1]
 [1 1 0 0 0]
 [0 1 0 0 0]
 [1 1 0 1 1]
 [0 0 1 1 0]
 [1 0 0 1 1]
 [1 0 1 0 1]
 [0 1 0 0 1]
 [0 0 0 1 1]
 [0 0 1 1 1]
 [0 1 0 0 1]
 [0 0 0 0 0]
 [0 1 1 1 0]]
Q is identifiable (direct_check).
Q is identifiable
branch at 4
runtime for solving id of Q is 0.0004898319020867348
Simulation results:
{'J': 100, 'K': 5, 'N': 10, 'p': 0.5, 'seed': 35, 'sim': 5, 'runtime': 0.0004898319020867348, 'identifiable': 1, 'branch': 4}
6
Q: [[1 1 1 1 1]
 [0 1 1 1 0]
 [1 1 0 1 1]
 [1 0 0 0 1]
 [1 0 0 1 0]
 [1 1 1 0 0]
 [1 0 1 1 1]
 [1 0 1 1 1]
 [0 1 0 0 0]
 [1 1 0 0 0]
 [1 1 1 0 1]
 [0 0 1 0 0]
 [1 0 1 1 1]
 [1 0 1 1 1]
 [0 0 1 0 0]
 [0 1 1 1 0]
 [0 0 1 1 1]
 [0 0 0 0 0]
 [0 0 1 1 1]
 [1 1 0 0 1]
 [0 1 0 0 1]
 [1 1 1 0 0]
 [1 0 1 1 1]
 [0 0 1 0 1]
 [1 0 1 0 0]
 [1 0 0 1 1]
 [1 1 1 1 1]
 [0 1 0 0 0]
 [0 0 1 1 1]
 [1 0 1 0 1]
 [1 1 1 0 0]
 [0 0 0 1 0]
 [1 1 1 1 0]
 [1 1 0 1 0]
 [0 0 1 0 0]
 [0 0 0 0 0]
 [0 1 0 0 0]
 [0 1 0 1 0]
 [0 0 1 1 0]
 [0 1 0 1 1]
 [1 0 0 0 1]
 [1 0 1 0 1]
 [1 0 1 0 1]
 [0 1 1 1 1]
 [1 1 1 1 0]
 [1 0 1 0 1]
 [0 1 0 0 1]
 [1 0 0 0 1]
 [0 1 0 1 0]
 [0 0 1 1 0]
 [0 1 1 1 1]
 [0 0 0 0 1]
 [1 1 1 0 0]
 [1 0 1 0 0]
 [1 1 1 0 1]
 [1 1 1 0 1]
 [0 1 0 0 1]
 [1 0 0 0 1]
 [1 1 0 1 0]
 [1 0 0 1 1]
 [1 0 1 1 1]
 [0 0 0 0 1]
 [0 0 1 1 0]
 [1 1 0 0 1]
 [1 0 0 1 0]
 [1 1 0 1 1]
 [0 0 1 0 1]
 [0 1 1 1 0]
 [1 0 0 0 0]
 [0 0 0 0 0]
 [1 1 1 0 0]
 [0 0 0 0 0]
 [1 0 1 1 1]
 [1 0 1 0 1]
 [1 0 0 1 0]
 [0 1 0 1 0]
 [0 1 0 0 0]
 [0 1 0 0 0]
 [0 1 0 1 0]
 [1 0 1 0 0]
 [0 1 0 0 0]
 [0 0 0 1 0]
 [0 0 1 0 0]
 [1 0 0 1 1]
 [1 1 1 1 1]
 [1 1 1 1 1]
 [0 1 0 1 1]
 [0 0 1 1 1]
 [0 1 0 1 0]
 [0 0 0 1 1]
 [1 1 0 0 1]
 [1 0 0 0 1]
 [0 0 1 0 1]
 [0 0 0 1 1]
 [1 0 0 1 0]
 [1 1 0 0 1]
 [0 0 0 1 0]
 [1 1 1 0 0]
 [1 1 1 0 1]
 [1 1 1 0 0]]
Q is identifiable (direct_check).
Q is identifiable
branch at 4
runtime for solving id of Q is 0.00047979503870010376
Simulation results:
{'J': 100, 'K': 5, 'N': 10, 'p': 0.5, 'seed': 35, 'sim': 6, 'runtime': 0.00047979503870010376, 'identifiable': 1, 'branch': 4}
7
Q: [[0 1 1 1 0]
 [0 1 1 0 0]
 [0 1 1 1 1]
 [0 1 1 1 1]
 [0 1 1 1 1]
 [0 0 1 1 0]
 [0 1 0 0 0]
 [0 0 0 1 1]
 [0 1 0 0 1]
 [0 0 1 1 1]
 [1 1 0 0 0]
 [1 0 1 0 0]
 [1 1 1 0 1]
 [1 1 0 0 1]
 [1 1 1 1 0]
 [0 0 0 1 1]
 [0 0 1 1 0]
 [1 0 1 0 1]
 [1 1 0 0 1]
 [0 1 0 1 1]
 [0 1 0 0 0]
 [1 0 0 0 1]
 [0 1 0 1 1]
 [0 0 0 0 0]
 [0 0 1 1 1]
 [1 1 0 1 0]
 [1 1 1 1 0]
 [0 1 0 0 1]
 [0 0 0 0 0]
 [0 1 0 0 1]
 [0 1 0 0 1]
 [0 1 0 1 1]
 [1 1 1 1 1]
 [1 0 0 0 1]
 [1 0 1 0 1]
 [0 0 0 0 0]
 [1 1 0 0 1]
 [1 1 1 0 1]
 [1 0 1 0 0]
 [1 1 1 0 1]
 [0 1 0 0 1]
 [1 0 0 1 0]
 [1 1 1 1 0]
 [0 0 0 0 0]
 [1 0 1 0 1]
 [0 0 1 1 1]
 [0 1 1 1 1]
 [1 0 1 0 0]
 [0 0 0 0 1]
 [1 1 1 1 1]
 [1 0 0 0 0]
 [0 0 1 0 0]
 [0 1 1 0 0]
 [1 1 1 0 0]
 [1 0 1 1 0]
 [1 1 0 1 1]
 [1 1 1 0 0]
 [0 0 0 1 0]
 [1 0 1 0 0]
 [1 0 0 0 1]
 [0 1 1 1 1]
 [0 0 1 0 0]
 [1 1 1 0 0]
 [1 0 1 0 1]
 [0 0 1 1 1]
 [0 0 1 1 1]
 [0 1 1 1 0]
 [1 0 1 1 1]
 [1 1 0 1 1]
 [0 1 1 1 0]
 [0 1 0 1 0]
 [0 0 0 1 0]
 [0 0 0 0 1]
 [1 0 0 0 1]
 [1 0 1 1 0]
 [1 1 0 0 0]
 [1 0 1 0 0]
 [1 1 0 0 1]
 [1 1 1 0 1]
 [0 0 1 0 1]
 [0 1 1 0 1]
 [0 1 0 0 1]
 [1 0 1 1 1]
 [1 1 0 0 1]
 [0 1 0 0 1]
 [0 0 0 0 0]
 [1 1 0 0 1]
 [1 0 1 0 0]
 [1 1 1 1 0]
 [0 1 1 0 0]
 [0 0 1 0 1]
 [0 0 0 0 0]
 [1 0 1 1 0]
 [0 1 1 0 0]
 [1 1 0 0 0]
 [1 1 0 1 0]
 [0 0 0 0 1]
 [1 1 1 1 0]
 [0 1 0 0 0]
 [1 1 0 1 1]]
Q is identifiable (direct_check).
Q is identifiable
branch at 4
runtime for solving id of Q is 0.000479196198284626
Simulation results:
{'J': 100, 'K': 5, 'N': 10, 'p': 0.5, 'seed': 35, 'sim': 7, 'runtime': 0.000479196198284626, 'identifiable': 1, 'branch': 4}
8
Q: [[1 1 1 1 1]
 [1 1 1 0 1]
 [1 1 0 0 0]
 [1 1 1 1 1]
 [1 0 1 0 0]
 [0 1 0 0 0]
 [0 1 0 1 0]
 [1 1 1 0 1]
 [1 0 0 0 1]
 [1 0 0 1 1]
 [0 0 0 1 0]
 [1 1 0 1 0]
 [0 1 1 0 1]
 [1 0 1 1 0]
 [1 1 1 1 1]
 [0 1 1 0 0]
 [1 1 1 0 1]
 [1 1 1 1 1]
 [1 0 0 1 1]
 [1 1 0 0 1]
 [1 1 0 1 1]
 [1 0 0 0 1]
 [0 0 0 1 0]
 [0 0 1 1 0]
 [0 0 0 1 0]
 [1 1 0 0 0]
 [0 1 0 0 1]
 [0 1 0 1 0]
 [1 0 0 1 0]
 [1 1 0 0 0]
 [1 0 0 0 1]
 [0 1 0 1 0]
 [1 0 0 1 0]
 [1 1 0 1 1]
 [0 1 1 1 0]
 [1 0 0 1 1]
 [1 0 0 1 1]
 [1 1 1 0 1]
 [0 0 1 1 0]
 [1 0 0 1 0]
 [0 0 0 1 1]
 [1 0 1 1 1]
 [0 1 0 0 1]
 [1 1 0 1 0]
 [1 0 1 1 0]
 [1 0 0 1 1]
 [0 0 1 0 1]
 [1 0 0 1 0]
 [1 1 1 1 0]
 [1 0 1 1 1]
 [0 0 1 0 1]
 [1 1 0 1 1]
 [1 0 0 0 1]
 [0 0 1 0 0]
 [1 1 1 1 1]
 [1 0 0 1 1]
 [0 0 1 0 0]
 [0 1 1 0 0]
 [0 0 0 1 0]
 [0 1 0 0 1]
 [1 1 1 0 0]
 [1 0 1 1 0]
 [1 0 0 0 0]
 [0 0 1 1 0]
 [1 1 1 1 1]
 [1 1 1 1 1]
 [1 1 1 0 1]
 [0 1 0 0 0]
 [1 0 0 0 0]
 [0 1 1 1 1]
 [0 1 1 1 0]
 [1 0 0 1 0]
 [1 1 1 0 1]
 [1 0 1 0 0]
 [1 0 0 1 0]
 [1 0 1 1 1]
 [0 1 1 0 1]
 [1 1 1 0 0]
 [0 0 0 0 1]
 [0 1 1 1 1]
 [0 1 0 1 1]
 [0 1 1 1 0]
 [1 0 0 1 1]
 [1 0 0 0 1]
 [1 0 0 1 1]
 [1 1 0 0 1]
 [1 0 0 1 0]
 [1 0 1 1 1]
 [0 1 1 1 1]
 [1 1 0 0 1]
 [0 1 0 0 0]
 [1 0 1 0 0]
 [0 1 0 0 1]
 [1 0 0 1 1]
 [1 1 0 1 1]
 [0 0 0 0 0]
 [0 1 0 1 0]
 [1 0 0 0 0]
 [0 0 0 0 1]
 [0 1 1 1 0]]
Q is identifiable (direct_check).
Q is identifiable
branch at 4
runtime for solving id of Q is 0.0004694918170571327
Simulation results:
{'J': 100, 'K': 5, 'N': 10, 'p': 0.5, 'seed': 35, 'sim': 8, 'runtime': 0.0004694918170571327, 'identifiable': 1, 'branch': 4}
9
Q: [[0 1 0 1 0]
 [1 0 0 0 1]
 [0 0 1 1 1]
 [0 0 1 1 1]
 [0 0 1 0 1]
 [0 1 0 1 0]
 [1 1 0 1 1]
 [0 0 0 0 0]
 [0 0 1 1 0]
 [0 1 1 0 1]
 [1 0 1 1 1]
 [0 0 0 0 0]
 [1 0 1 1 1]
 [1 0 0 1 0]
 [1 0 0 1 0]
 [1 1 0 0 0]
 [1 1 0 1 1]
 [0 0 0 0 0]
 [0 1 1 1 0]
 [0 1 1 1 1]
 [0 0 1 0 1]
 [0 0 0 0 0]
 [1 0 0 1 0]
 [0 0 1 0 1]
 [1 0 1 1 1]
 [1 1 0 0 0]
 [0 0 0 1 1]
 [0 1 1 1 1]
 [0 1 0 0 0]
 [1 0 1 1 1]
 [0 1 0 0 0]
 [0 0 0 1 1]
 [1 1 0 1 1]
 [1 1 1 0 1]
 [0 1 0 0 0]
 [1 0 1 0 1]
 [1 1 1 0 0]
 [1 1 1 1 1]
 [1 1 1 1 0]
 [1 0 1 0 1]
 [1 1 0 0 1]
 [1 0 0 1 1]
 [0 0 0 1 0]
 [1 0 0 0 1]
 [1 0 0 1 1]
 [0 0 0 1 1]
 [1 0 1 1 0]
 [1 1 0 1 1]
 [1 1 0 0 1]
 [1 0 1 1 0]
 [1 1 1 0 0]
 [0 0 1 0 1]
 [0 1 0 1 0]
 [0 0 0 1 1]
 [0 0 1 0 0]
 [1 1 1 1 1]
 [1 1 0 0 1]
 [0 0 1 0 1]
 [0 1 1 1 0]
 [0 1 1 0 0]
 [1 0 1 1 0]
 [1 0 0 1 0]
 [1 1 1 0 1]
 [0 0 0 0 1]
 [1 0 1 1 0]
 [0 0 1 1 0]
 [1 1 1 0 0]
 [1 0 1 0 0]
 [0 1 1 1 1]
 [1 0 1 0 0]
 [1 0 0 0 1]
 [1 1 1 1 0]
 [0 0 1 1 1]
 [0 0 0 0 0]
 [1 1 0 1 1]
 [0 1 1 0 1]
 [0 1 1 0 1]
 [1 0 1 0 0]
 [0 1 0 1 1]
 [1 0 0 1 1]
 [1 1 0 0 1]
 [0 0 1 0 1]
 [1 1 1 0 1]
 [0 1 1 0 1]
 [0 0 1 0 1]
 [0 1 1 0 0]
 [0 1 1 0 0]
 [1 1 1 1 0]
 [1 1 0 1 0]
 [0 1 1 0 1]
 [0 1 1 1 0]
 [1 1 1 1 0]
 [0 0 1 0 1]
 [1 1 0 0 0]
 [0 1 1 0 1]
 [0 0 0 0 1]
 [1 0 0 0 1]
 [0 1 1 0 0]
 [0 1 1 0 0]
 [1 1 0 1 0]]
{'restarts': 1, 'conflicts': 7, 'decisions': 16, 'propagations': 497}
Q is identifiable
branch at 6
runtime for solving id of Q is 0.003915182314813137
Simulation results:
{'J': 100, 'K': 5, 'N': 10, 'p': 0.5, 'seed': 35, 'sim': 9, 'runtime': 0.003915182314813137, 'identifiable': 1, 'branch': 6}
Simulation results:
[{'J': 100, 'K': 5, 'N': 10, 'p': 0.5, 'seed': 35, 'sim': 0, 'runtime': 0.0006514508277177811, 'identifiable': 1, 'branch': 4}, {'J': 100, 'K': 5, 'N': 10, 'p': 0.5, 'seed': 35, 'sim': 1, 'runtime': 0.0005032792687416077, 'identifiable': 1, 'branch': 4}, {'J': 100, 'K': 5, 'N': 10, 'p': 0.5, 'seed': 35, 'sim': 2, 'runtime': 0.00047332700341939926, 'identifiable': 1, 'branch': 4}, {'J': 100, 'K': 5, 'N': 10, 'p': 0.5, 'seed': 35, 'sim': 3, 'runtime': 0.004707426764070988, 'identifiable': 1, 'branch': 6}, {'J': 100, 'K': 5, 'N': 10, 'p': 0.5, 'seed': 35, 'sim': 4, 'runtime': 0.0005097854882478714, 'identifiable': 1, 'branch': 4}, {'J': 100, 'K': 5, 'N': 10, 'p': 0.5, 'seed': 35, 'sim': 5, 'runtime': 0.0004898319020867348, 'identifiable': 1, 'branch': 4}, {'J': 100, 'K': 5, 'N': 10, 'p': 0.5, 'seed': 35, 'sim': 6, 'runtime': 0.00047979503870010376, 'identifiable': 1, 'branch': 4}, {'J': 100, 'K': 5, 'N': 10, 'p': 0.5, 'seed': 35, 'sim': 7, 'runtime': 0.000479196198284626, 'identifiable': 1, 'branch': 4}, {'J': 100, 'K': 5, 'N': 10, 'p': 0.5, 'seed': 35, 'sim': 8, 'runtime': 0.0004694918170571327, 'identifiable': 1, 'branch': 4}, {'J': 100, 'K': 5, 'N': 10, 'p': 0.5, 'seed': 35, 'sim': 9, 'runtime': 0.003915182314813137, 'identifiable': 1, 'branch': 6}]
