
The Gurobi software has a limited number of licenses. To request a license or
licenses, add this line

    #SBATCH --licenses=gurobi@slurmdb:1

to your SBATCH script, replacing N with the number of licenses you need. Gurobi
will need one license per process.


0
Q: [[1 1 1 1 1]
 [1 1 1 1 0]
 [1 0 0 1 1]
 [0 1 1 1 1]
 [1 1 1 1 1]
 [1 1 1 1 1]
 [1 1 1 0 1]
 [1 1 1 1 1]
 [1 1 1 1 1]
 [1 1 1 1 1]
 [1 1 1 1 1]
 [1 1 1 1 0]
 [1 1 1 1 1]
 [1 0 1 0 1]
 [1 1 1 1 0]
 [1 1 1 1 0]
 [1 1 1 1 1]
 [1 1 1 1 1]
 [0 1 1 1 1]
 [1 1 1 1 1]
 [1 1 1 0 1]
 [1 1 1 1 1]
 [0 1 1 1 1]
 [1 0 1 1 1]
 [1 1 1 1 1]]
Q is not identifiable (two-column submatrix not identifiable).
Q is not identifiable, and Q_bar is [[1 1 0 1 1]
 [1 1 0 1 0]
 [1 0 0 1 1]
 [0 1 0 1 1]
 [1 1 0 1 1]
 [1 1 0 1 1]
 [1 1 0 0 1]
 [1 1 0 1 1]
 [1 1 0 1 1]
 [1 1 0 1 1]
 [1 1 0 1 1]
 [1 1 0 1 0]
 [1 1 0 1 1]
 [1 0 1 0 1]
 [1 1 0 1 0]
 [1 1 0 1 0]
 [1 1 0 1 1]
 [1 1 0 1 1]
 [0 1 0 1 1]
 [1 1 0 1 1]
 [1 1 0 0 1]
 [1 1 0 1 1]
 [0 1 0 1 1]
 [1 0 1 1 1]
 [1 1 0 1 1]]
branch at 2
runtime for solving id of Q is 0.0005512838251888752
Simulation results:
{'J': 25, 'K': 5, 'N': 10, 'p': 0.9, 'seed': 39, 'sim': 0, 'runtime': 0.0005512838251888752, 'identifiable': 0, 'branch': 2}
1
Q: [[1 1 0 1 1]
 [0 1 1 1 1]
 [1 1 1 0 1]
 [1 1 1 1 1]
 [1 1 1 1 1]
 [0 0 1 0 1]
 [1 1 1 1 1]
 [1 1 0 1 1]
 [1 1 1 1 1]
 [1 1 1 1 1]
 [1 1 1 1 1]
 [1 0 1 1 1]
 [1 1 1 1 1]
 [1 1 0 1 1]
 [1 0 1 1 1]
 [1 1 1 1 1]
 [1 1 1 1 1]
 [1 1 1 0 1]
 [1 1 1 1 1]
 [1 0 1 1 0]
 [1 1 1 1 1]
 [1 1 1 1 1]
 [1 1 1 1 1]
 [1 1 1 1 0]
 [1 1 1 1 1]]
Q is not identifiable (three-column submatrix not identifiable).
Q is not identifiable, and Q_bar is [[1 1 0 1 1]
 [0 1 1 1 1]
 [1 1 1 0 1]
 [1 1 1 1 1]
 [1 1 1 1 1]
 [1 0 1 0 1]
 [1 1 1 1 1]
 [1 1 0 1 1]
 [1 1 1 1 1]
 [1 1 1 1 1]
 [1 1 1 1 1]
 [1 0 1 1 1]
 [1 1 1 1 1]
 [1 1 0 1 1]
 [1 0 1 1 1]
 [1 1 1 1 1]
 [1 1 1 1 1]
 [1 1 1 0 1]
 [1 1 1 1 1]
 [1 0 1 1 0]
 [1 1 1 1 1]
 [1 1 1 1 1]
 [1 1 1 1 1]
 [1 1 1 1 0]
 [1 1 1 1 1]]
branch at 3
runtime for solving id of Q is 0.0006250422447919846
Simulation results:
{'J': 25, 'K': 5, 'N': 10, 'p': 0.9, 'seed': 39, 'sim': 1, 'runtime': 0.0006250422447919846, 'identifiable': 0, 'branch': 3}
2
Q: [[1 0 1 1 0]
 [1 1 0 1 0]
 [1 1 1 1 1]
 [1 1 0 0 1]
 [0 1 1 1 1]
 [1 1 1 1 0]
 [1 1 1 1 1]
 [0 1 0 1 0]
 [1 1 1 1 0]
 [0 1 1 1 1]
 [1 1 1 1 1]
 [1 1 1 1 1]
 [0 1 1 1 1]
 [1 1 1 1 1]
 [1 1 0 1 0]
 [1 1 1 1 1]
 [1 1 1 1 1]
 [1 1 1 1 0]
 [1 1 1 1 0]
 [1 1 1 1 1]
 [1 1 0 1 0]
 [1 1 0 1 1]
 [1 1 1 1 1]
 [1 1 1 0 1]
 [1 1 1 1 1]]
Q is not identifiable (two-column submatrix not identifiable).
Q is not identifiable, and Q_bar is [[1 0 1 1 0]
 [1 1 0 1 0]
 [1 0 1 1 1]
 [1 0 0 0 1]
 [0 0 1 1 1]
 [1 1 1 1 0]
 [1 0 1 1 1]
 [0 1 0 1 0]
 [1 1 1 1 0]
 [0 0 1 1 1]
 [1 0 1 1 1]
 [1 0 1 1 1]
 [0 0 1 1 1]
 [1 0 1 1 1]
 [1 1 0 1 0]
 [1 0 1 1 1]
 [1 0 1 1 1]
 [1 1 1 1 0]
 [1 1 1 1 0]
 [1 0 1 1 1]
 [1 1 0 1 0]
 [1 1 0 1 1]
 [1 0 1 1 1]
 [1 0 1 0 1]
 [1 0 1 1 1]]
branch at 2
runtime for solving id of Q is 0.0005357731133699417
Simulation results:
{'J': 25, 'K': 5, 'N': 10, 'p': 0.9, 'seed': 39, 'sim': 2, 'runtime': 0.0005357731133699417, 'identifiable': 0, 'branch': 2}
3
Q: [[0 1 1 1 1]
 [1 1 0 1 1]
 [1 1 1 1 1]
 [1 0 1 1 1]
 [1 1 0 1 1]
 [1 1 1 1 1]
 [1 1 1 1 1]
 [1 1 1 1 1]
 [1 1 1 1 1]
 [1 1 1 1 1]
 [1 1 1 1 0]
 [1 1 1 1 1]
 [1 0 1 1 1]
 [1 1 1 1 1]
 [1 1 1 1 1]
 [1 1 1 1 1]
 [1 1 1 1 1]
 [1 1 1 1 1]
 [1 1 1 1 1]
 [1 1 1 1 1]
 [1 1 1 1 0]
 [1 1 1 1 1]
 [0 1 1 0 1]
 [1 1 1 1 0]
 [1 1 1 1 1]]
Q is not identifiable (two-column submatrix not identifiable).
Q is not identifiable, and Q_bar is [[0 1 1 1 1]
 [1 1 0 0 1]
 [1 1 1 0 1]
 [1 0 1 0 1]
 [1 1 0 0 1]
 [1 1 1 0 1]
 [1 1 1 0 1]
 [1 1 1 0 1]
 [1 1 1 0 1]
 [1 1 1 0 1]
 [1 1 1 0 0]
 [1 1 1 0 1]
 [1 0 1 0 1]
 [1 1 1 0 1]
 [1 1 1 0 1]
 [1 1 1 0 1]
 [1 1 1 0 1]
 [1 1 1 0 1]
 [1 1 1 0 1]
 [1 1 1 0 1]
 [1 1 1 0 0]
 [1 1 1 0 1]
 [0 1 1 0 1]
 [1 1 1 0 0]
 [1 1 1 0 1]]
branch at 2
runtime for solving id of Q is 0.00047395098954439163
Simulation results:
{'J': 25, 'K': 5, 'N': 10, 'p': 0.9, 'seed': 39, 'sim': 3, 'runtime': 0.00047395098954439163, 'identifiable': 0, 'branch': 2}
4
Q: [[1 1 1 1 0]
 [1 1 1 1 0]
 [1 1 1 1 1]
 [1 1 0 1 1]
 [1 1 1 1 1]
 [1 1 1 1 1]
 [1 1 1 0 1]
 [1 0 1 1 1]
 [1 1 1 0 1]
 [1 1 1 1 1]
 [0 0 0 1 1]
 [1 0 1 1 1]
 [1 1 1 1 1]
 [0 1 1 1 1]
 [1 1 1 1 1]
 [1 1 1 1 1]
 [1 1 1 1 1]
 [1 1 1 1 0]
 [1 1 1 1 1]
 [1 1 1 1 1]
 [1 1 0 1 1]
 [1 1 1 1 1]
 [1 1 1 1 1]
 [1 1 1 1 1]
 [1 1 1 1 1]]
Q is not identifiable (three-column submatrix not identifiable).
Q is not identifiable, and Q_bar is [[1 1 1 1 0]
 [1 1 1 1 0]
 [1 1 1 1 1]
 [1 1 0 1 1]
 [1 1 1 1 1]
 [1 1 1 1 1]
 [1 1 1 0 1]
 [1 0 1 1 1]
 [1 1 1 0 1]
 [1 1 1 1 1]
 [1 0 0 1 1]
 [1 0 1 1 1]
 [1 1 1 1 1]
 [0 1 1 1 1]
 [1 1 1 1 1]
 [1 1 1 1 1]
 [1 1 1 1 1]
 [1 1 1 1 0]
 [1 1 1 1 1]
 [1 1 1 1 1]
 [1 1 0 1 1]
 [1 1 1 1 1]
 [1 1 1 1 1]
 [1 1 1 1 1]
 [1 1 1 1 1]]
branch at 3
runtime for solving id of Q is 0.0005522309802472591
Simulation results:
{'J': 25, 'K': 5, 'N': 10, 'p': 0.9, 'seed': 39, 'sim': 4, 'runtime': 0.0005522309802472591, 'identifiable': 0, 'branch': 3}
5
Q: [[1 0 1 1 1]
 [1 1 1 1 1]
 [1 1 1 1 1]
 [1 1 0 1 1]
 [1 1 0 1 1]
 [1 0 1 1 1]
 [1 0 0 1 1]
 [0 1 1 1 1]
 [1 1 1 1 1]
 [1 1 1 1 1]
 [1 1 1 1 1]
 [1 1 1 0 1]
 [1 1 1 1 1]
 [1 1 1 1 1]
 [1 1 0 1 1]
 [1 1 1 1 1]
 [1 0 1 0 1]
 [1 1 1 1 1]
 [1 1 1 1 1]
 [1 1 1 1 1]
 [1 1 0 1 1]
 [1 1 1 1 1]
 [1 1 1 1 0]
 [1 1 1 1 1]
 [1 1 1 1 0]]
Q is not identifiable (three-column submatrix not identifiable).
Q is not identifiable, and Q_bar is [[1 0 1 1 1]
 [1 0 1 1 1]
 [1 0 1 1 1]
 [1 1 0 1 1]
 [1 1 0 1 1]
 [1 0 1 1 1]
 [1 0 0 1 1]
 [1 0 1 1 0]
 [1 0 1 1 1]
 [1 0 1 1 1]
 [1 0 1 1 1]
 [1 1 1 0 1]
 [1 0 1 1 1]
 [1 0 1 1 1]
 [1 1 0 1 1]
 [1 0 1 1 1]
 [1 0 1 0 1]
 [1 0 1 1 1]
 [1 0 1 1 1]
 [1 0 1 1 1]
 [1 1 0 1 1]
 [1 0 1 1 1]
 [1 1 1 1 0]
 [1 0 1 1 1]
 [1 1 1 1 0]]
branch at 3
runtime for solving id of Q is 0.000641857273876667
Simulation results:
{'J': 25, 'K': 5, 'N': 10, 'p': 0.9, 'seed': 39, 'sim': 5, 'runtime': 0.000641857273876667, 'identifiable': 0, 'branch': 3}
6
Q: [[1 1 1 1 1]
 [1 0 1 1 1]
 [1 1 1 1 1]
 [1 1 1 1 1]
 [1 1 1 1 1]
 [0 1 1 1 1]
 [1 1 1 1 1]
 [1 1 1 1 1]
 [1 1 1 1 1]
 [1 1 1 1 1]
 [1 1 1 1 1]
 [1 0 1 1 1]
 [1 1 1 1 1]
 [1 1 1 1 1]
 [1 1 1 1 1]
 [1 1 1 1 1]
 [1 1 1 1 1]
 [1 1 1 1 1]
 [1 1 1 0 1]
 [1 1 1 1 1]
 [1 1 1 1 1]
 [1 1 1 0 1]
 [1 1 1 1 1]
 [1 1 1 1 1]
 [0 1 1 1 0]]
Q_basis with dimensions J < K, thus not identifiable.
Q is not identifiable, and Q_bar is [[1 0 1 0 0]
 [0 0 1 0 0]
 [1 0 1 0 0]
 [1 0 1 0 0]
 [1 0 1 0 0]
 [0 1 0 0 0]
 [1 0 1 0 0]
 [1 0 1 0 0]
 [1 0 1 0 0]
 [1 0 1 0 0]
 [1 0 1 0 0]
 [0 0 1 0 0]
 [1 0 1 0 0]
 [1 0 1 0 0]
 [1 0 1 0 0]
 [1 0 1 0 0]
 [1 0 1 0 0]
 [1 0 1 0 0]
 [0 0 0 1 0]
 [1 0 1 0 0]
 [1 0 1 0 0]
 [0 0 0 1 0]
 [1 0 1 0 0]
 [1 0 1 0 0]
 [1 0 0 0 0]]
branch at -1
runtime for solving id of Q is 0.0003551389090716839
Simulation results:
{'J': 25, 'K': 5, 'N': 10, 'p': 0.9, 'seed': 39, 'sim': 6, 'runtime': 0.0003551389090716839, 'identifiable': 0, 'branch': -1}
7
Q: [[0 1 1 1 1]
 [1 1 1 1 1]
 [1 0 1 0 1]
 [1 1 1 1 1]
 [1 1 1 1 1]
 [1 1 0 1 1]
 [0 1 1 1 1]
 [0 1 1 1 1]
 [1 1 1 1 1]
 [1 1 0 1 0]
 [1 1 0 1 1]
 [1 1 1 1 1]
 [1 1 1 1 1]
 [1 1 1 1 1]
 [1 1 1 1 1]
 [1 1 1 1 1]
 [1 1 1 1 1]
 [1 1 1 1 1]
 [1 0 1 1 1]
 [1 1 0 1 1]
 [1 1 1 1 1]
 [1 1 1 1 1]
 [1 1 1 1 1]
 [1 0 1 1 1]
 [1 1 1 1 1]]
Q is not identifiable (two-column submatrix not identifiable).
Q is not identifiable, and Q_bar is [[0 1 1 0 1]
 [1 1 1 0 1]
 [1 0 1 0 1]
 [1 1 1 0 1]
 [1 1 1 0 1]
 [1 1 0 0 1]
 [0 1 1 0 1]
 [0 1 1 0 1]
 [1 1 1 0 1]
 [1 1 0 0 0]
 [1 1 0 0 1]
 [1 1 1 0 1]
 [1 1 1 0 1]
 [1 1 1 0 1]
 [1 1 1 0 1]
 [1 1 1 0 1]
 [1 1 1 0 1]
 [1 1 1 0 1]
 [1 0 1 1 1]
 [1 1 0 0 1]
 [1 1 1 0 1]
 [1 1 1 0 1]
 [1 1 1 0 1]
 [1 0 1 1 1]
 [1 1 1 0 1]]
branch at 2
runtime for solving id of Q is 0.0004861042834818363
Simulation results:
{'J': 25, 'K': 5, 'N': 10, 'p': 0.9, 'seed': 39, 'sim': 7, 'runtime': 0.0004861042834818363, 'identifiable': 0, 'branch': 2}
8
Q: [[1 1 1 1 1]
 [1 1 1 1 0]
 [1 1 1 1 1]
 [1 1 1 1 1]
 [1 1 1 1 1]
 [1 0 1 1 1]
 [1 1 1 1 1]
 [1 1 1 1 1]
 [1 1 1 1 1]
 [1 0 1 1 1]
 [1 1 1 1 1]
 [1 1 1 1 1]
 [1 1 0 1 1]
 [0 1 1 1 1]
 [1 1 1 1 1]
 [1 1 1 1 1]
 [0 1 1 1 1]
 [1 1 0 1 1]
 [1 0 1 1 1]
 [0 1 1 1 1]
 [1 1 1 1 1]
 [1 1 1 1 1]
 [1 1 1 1 1]
 [1 1 1 1 1]
 [1 1 1 1 0]]
Q_basis with dimensions J < K, thus not identifiable.
Q is not identifiable, and Q_bar is [[1 1 0 0 0]
 [0 0 0 1 0]
 [1 1 0 0 0]
 [1 1 0 0 0]
 [1 1 0 0 0]
 [0 1 0 0 0]
 [1 1 0 0 0]
 [1 1 0 0 0]
 [1 1 0 0 0]
 [0 1 0 0 0]
 [1 1 0 0 0]
 [1 1 0 0 0]
 [0 0 1 0 0]
 [1 0 0 0 0]
 [1 1 0 0 0]
 [1 1 0 0 0]
 [1 0 0 0 0]
 [0 0 1 0 0]
 [0 1 0 0 0]
 [1 0 0 0 0]
 [1 1 0 0 0]
 [1 1 0 0 0]
 [1 1 0 0 0]
 [1 1 0 0 0]
 [0 0 0 1 0]]
branch at -1
runtime for solving id of Q is 0.0003666989505290985
Simulation results:
{'J': 25, 'K': 5, 'N': 10, 'p': 0.9, 'seed': 39, 'sim': 8, 'runtime': 0.0003666989505290985, 'identifiable': 0, 'branch': -1}
9
Q: [[1 1 1 1 1]
 [1 1 1 1 1]
 [0 1 1 1 0]
 [1 1 1 1 1]
 [0 1 1 1 1]
 [0 1 1 0 1]
 [1 1 1 1 1]
 [1 1 0 1 1]
 [1 1 1 1 1]
 [1 1 1 1 1]
 [1 1 1 1 1]
 [1 1 1 1 1]
 [1 1 1 1 1]
 [1 1 1 1 1]
 [1 1 1 1 1]
 [1 1 1 1 1]
 [0 1 1 1 1]
 [1 1 0 1 1]
 [1 1 1 1 1]
 [1 1 1 1 1]
 [1 1 0 1 1]
 [1 1 1 1 1]
 [1 1 1 1 1]
 [1 1 1 1 1]
 [1 1 0 1 1]]
Q_basis with dimensions J < K, thus not identifiable.
Q is not identifiable, and Q_bar is [[1 0 1 0 0]
 [1 0 1 0 0]
 [0 1 0 0 0]
 [1 0 1 0 0]
 [1 1 0 0 0]
 [1 0 0 0 0]
 [1 0 1 0 0]
 [0 0 1 0 0]
 [1 0 1 0 0]
 [1 0 1 0 0]
 [1 0 1 0 0]
 [1 0 1 0 0]
 [1 0 1 0 0]
 [1 0 1 0 0]
 [1 0 1 0 0]
 [1 0 1 0 0]
 [1 1 0 0 0]
 [0 0 1 0 0]
 [1 0 1 0 0]
 [1 0 1 0 0]
 [0 0 1 0 0]
 [1 0 1 0 0]
 [1 0 1 0 0]
 [1 0 1 0 0]
 [0 0 1 0 0]]
branch at -1
runtime for solving id of Q is 0.00035117287188768387
Simulation results:
{'J': 25, 'K': 5, 'N': 10, 'p': 0.9, 'seed': 39, 'sim': 9, 'runtime': 0.00035117287188768387, 'identifiable': 0, 'branch': -1}
Simulation results:
[{'J': 25, 'K': 5, 'N': 10, 'p': 0.9, 'seed': 39, 'sim': 0, 'runtime': 0.0005512838251888752, 'identifiable': 0, 'branch': 2}, {'J': 25, 'K': 5, 'N': 10, 'p': 0.9, 'seed': 39, 'sim': 1, 'runtime': 0.0006250422447919846, 'identifiable': 0, 'branch': 3}, {'J': 25, 'K': 5, 'N': 10, 'p': 0.9, 'seed': 39, 'sim': 2, 'runtime': 0.0005357731133699417, 'identifiable': 0, 'branch': 2}, {'J': 25, 'K': 5, 'N': 10, 'p': 0.9, 'seed': 39, 'sim': 3, 'runtime': 0.00047395098954439163, 'identifiable': 0, 'branch': 2}, {'J': 25, 'K': 5, 'N': 10, 'p': 0.9, 'seed': 39, 'sim': 4, 'runtime': 0.0005522309802472591, 'identifiable': 0, 'branch': 3}, {'J': 25, 'K': 5, 'N': 10, 'p': 0.9, 'seed': 39, 'sim': 5, 'runtime': 0.000641857273876667, 'identifiable': 0, 'branch': 3}, {'J': 25, 'K': 5, 'N': 10, 'p': 0.9, 'seed': 39, 'sim': 6, 'runtime': 0.0003551389090716839, 'identifiable': 0, 'branch': -1}, {'J': 25, 'K': 5, 'N': 10, 'p': 0.9, 'seed': 39, 'sim': 7, 'runtime': 0.0004861042834818363, 'identifiable': 0, 'branch': 2}, {'J': 25, 'K': 5, 'N': 10, 'p': 0.9, 'seed': 39, 'sim': 8, 'runtime': 0.0003666989505290985, 'identifiable': 0, 'branch': -1}, {'J': 25, 'K': 5, 'N': 10, 'p': 0.9, 'seed': 39, 'sim': 9, 'runtime': 0.00035117287188768387, 'identifiable': 0, 'branch': -1}]
