
The Gurobi software has a limited number of licenses. To request a license or
licenses, add this line

    #SBATCH --licenses=gurobi@slurmdb:1

to your SBATCH script, replacing N with the number of licenses you need. Gurobi
will need one license per process.


0
Q: [[0 1 0 1 0]
 [0 1 0 0 0]
 [0 0 0 0 0]
 [0 0 0 0 1]
 [0 0 0 0 0]
 [0 0 1 0 0]
 [0 0 0 0 0]
 [0 0 0 0 0]
 [0 1 0 0 0]
 [0 0 0 0 0]
 [0 0 0 0 0]
 [0 0 0 0 0]
 [0 0 0 0 0]
 [0 0 0 0 0]
 [0 0 0 0 0]
 [0 0 0 0 0]
 [0 0 0 0 0]
 [0 0 0 0 0]
 [0 0 0 0 0]
 [0 0 0 1 0]
 [0 1 1 0 0]
 [0 0 0 0 0]
 [0 0 0 0 1]
 [1 0 0 1 0]
 [0 0 0 0 0]]
Q is not identifiable (two-column submatrix not identifiable).
Q is not identifiable, and Q_bar is [[0 1 0 1 0]
 [0 1 0 0 0]
 [0 0 0 0 0]
 [0 0 0 0 1]
 [0 0 0 0 0]
 [0 0 1 0 0]
 [0 0 0 0 0]
 [0 0 0 0 0]
 [0 1 0 0 0]
 [0 0 0 0 0]
 [0 0 0 0 0]
 [0 0 0 0 0]
 [0 0 0 0 0]
 [0 0 0 0 0]
 [0 0 0 0 0]
 [0 0 0 0 0]
 [0 0 0 0 0]
 [0 0 0 0 0]
 [0 0 0 0 0]
 [0 0 0 1 0]
 [0 1 1 0 0]
 [0 0 0 0 0]
 [0 0 0 0 1]
 [1 0 0 0 0]
 [0 0 0 0 0]]
branch at 2
runtime for solving id of Q is 0.0005736304447054863
Simulation results:
{'J': 25, 'K': 5, 'N': 10, 'p': 0.1, 'seed': 31, 'sim': 0, 'runtime': 0.0005736304447054863, 'identifiable': 0, 'branch': 2}
1
Q: [[1 1 0 0 0]
 [0 0 0 0 0]
 [0 0 0 0 0]
 [0 0 0 0 0]
 [0 0 1 0 0]
 [1 0 0 0 0]
 [0 0 0 1 0]
 [0 0 0 1 0]
 [0 1 0 0 0]
 [1 0 0 0 0]
 [0 0 0 0 0]
 [0 0 1 0 1]
 [0 0 0 0 0]
 [0 0 0 0 0]
 [0 0 0 0 0]
 [0 0 0 1 0]
 [0 0 0 1 0]
 [0 0 0 0 0]
 [1 1 0 0 1]
 [0 0 0 0 1]
 [0 0 0 0 0]
 [0 0 0 0 0]
 [0 0 0 1 0]
 [0 0 0 0 0]
 [0 1 0 0 0]]
Q is identifiable (direct_check).
Q is identifiable
branch at 4
runtime for solving id of Q is 0.0005463091656565666
Simulation results:
{'J': 25, 'K': 5, 'N': 10, 'p': 0.1, 'seed': 31, 'sim': 1, 'runtime': 0.0005463091656565666, 'identifiable': 1, 'branch': 4}
2
Q: [[0 0 0 0 0]
 [0 0 0 0 0]
 [0 0 0 0 0]
 [0 0 0 0 0]
 [0 0 0 0 0]
 [0 0 0 1 0]
 [0 0 0 0 0]
 [0 1 0 0 0]
 [0 0 0 0 0]
 [0 0 0 0 0]
 [0 0 0 0 0]
 [0 0 0 0 0]
 [0 1 1 0 0]
 [0 0 0 0 0]
 [0 0 0 0 1]
 [0 0 0 0 1]
 [0 0 0 0 0]
 [0 0 0 0 0]
 [0 0 0 0 0]
 [0 0 0 0 0]
 [1 0 1 0 1]
 [0 0 0 0 0]
 [0 0 0 0 0]
 [1 0 0 0 0]
 [0 0 0 0 0]]
{'restarts': 1, 'conflicts': 6, 'decisions': 15, 'propagations': 282}
Q is identifiable
branch at 6
runtime for solving id of Q is 0.003102934919297695
Simulation results:
{'J': 25, 'K': 5, 'N': 10, 'p': 0.1, 'seed': 31, 'sim': 2, 'runtime': 0.003102934919297695, 'identifiable': 1, 'branch': 6}
3
Q: [[0 0 0 0 0]
 [0 0 0 0 0]
 [0 0 0 0 0]
 [0 0 0 0 0]
 [0 0 0 0 0]
 [0 0 0 0 0]
 [0 0 0 0 0]
 [0 0 0 0 0]
 [0 0 0 0 0]
 [0 0 1 0 0]
 [0 1 0 0 0]
 [0 0 0 0 1]
 [0 0 0 0 0]
 [0 0 0 0 0]
 [0 0 0 0 0]
 [0 0 0 0 0]
 [0 0 0 0 0]
 [0 0 0 0 0]
 [0 0 0 0 0]
 [0 0 0 0 0]
 [0 0 0 0 0]
 [0 0 0 0 0]
 [1 0 0 0 0]
 [1 0 0 0 0]
 [0 0 0 0 1]]
Q_basis with dimensions J < K, thus not identifiable.
Q is not identifiable, and Q_bar is [[0 0 0 0 0]
 [0 0 0 0 0]
 [0 0 0 0 0]
 [0 0 0 0 0]
 [0 0 0 0 0]
 [0 0 0 0 0]
 [0 0 0 0 0]
 [0 0 0 0 0]
 [0 0 0 0 0]
 [0 1 0 0 0]
 [0 0 1 0 0]
 [1 0 0 0 0]
 [0 0 0 0 0]
 [0 0 0 0 0]
 [0 0 0 0 0]
 [0 0 0 0 0]
 [0 0 0 0 0]
 [0 0 0 0 0]
 [0 0 0 0 0]
 [0 0 0 0 0]
 [0 0 0 0 0]
 [0 0 0 0 0]
 [0 0 0 1 0]
 [0 0 0 1 0]
 [1 0 0 0 0]]
branch at -1
runtime for solving id of Q is 0.00035330886021256447
Simulation results:
{'J': 25, 'K': 5, 'N': 10, 'p': 0.1, 'seed': 31, 'sim': 3, 'runtime': 0.00035330886021256447, 'identifiable': 0, 'branch': -1}
4
Q: [[0 0 0 1 0]
 [0 0 0 0 1]
 [0 0 0 0 0]
 [1 0 0 0 0]
 [0 0 0 0 0]
 [0 1 0 1 0]
 [0 0 1 0 0]
 [1 0 0 0 0]
 [0 0 0 0 0]
 [0 0 0 0 0]
 [0 0 0 1 0]
 [0 1 0 0 1]
 [0 0 0 0 0]
 [0 0 0 0 0]
 [0 1 1 0 0]
 [0 1 0 0 0]
 [0 0 0 0 0]
 [0 0 0 0 0]
 [0 0 0 0 0]
 [0 0 0 1 0]
 [0 0 0 0 0]
 [0 0 0 0 0]
 [0 0 0 0 0]
 [1 0 1 0 1]
 [0 1 0 0 0]]
Q is identifiable (direct_check).
Q is identifiable
branch at 4
runtime for solving id of Q is 0.0004464653320610523
Simulation results:
{'J': 25, 'K': 5, 'N': 10, 'p': 0.1, 'seed': 31, 'sim': 4, 'runtime': 0.0004464653320610523, 'identifiable': 1, 'branch': 4}
5
Q: [[1 0 0 0 0]
 [1 0 0 0 1]
 [0 0 0 0 0]
 [1 0 0 0 0]
 [0 1 0 0 0]
 [0 0 0 0 0]
 [0 0 0 0 0]
 [0 0 0 0 0]
 [0 0 0 0 0]
 [0 0 0 0 0]
 [0 0 1 0 0]
 [0 0 0 0 1]
 [0 0 0 0 0]
 [0 0 0 0 0]
 [0 0 0 0 0]
 [0 0 0 0 0]
 [0 0 1 0 1]
 [0 0 1 0 0]
 [0 0 0 1 0]
 [0 0 0 0 0]
 [0 0 0 0 1]
 [0 0 0 1 0]
 [0 0 0 0 0]
 [0 0 0 0 0]
 [0 0 0 0 0]]
Q is identifiable (direct_check).
Q is identifiable
branch at 4
runtime for solving id of Q is 0.0004387856461107731
Simulation results:
{'J': 25, 'K': 5, 'N': 10, 'p': 0.1, 'seed': 31, 'sim': 5, 'runtime': 0.0004387856461107731, 'identifiable': 1, 'branch': 4}
6
Q: [[0 0 0 0 0]
 [0 1 0 0 0]
 [0 0 0 0 0]
 [0 0 0 0 0]
 [0 0 0 0 0]
 [0 0 1 0 0]
 [0 0 0 0 0]
 [0 0 0 0 0]
 [0 0 0 0 0]
 [0 1 0 0 0]
 [0 0 0 0 0]
 [0 1 0 0 0]
 [0 1 0 0 0]
 [0 0 0 0 0]
 [0 1 0 0 0]
 [1 0 0 0 0]
 [0 0 0 0 0]
 [0 0 0 0 0]
 [0 0 0 0 0]
 [0 0 0 0 1]
 [1 0 0 0 0]
 [0 0 0 0 0]
 [0 0 0 0 0]
 [0 0 0 0 0]
 [0 0 0 1 0]]
Q is identifiable (direct_check).
Q is identifiable
branch at 4
runtime for solving id of Q is 0.0004222230054438114
Simulation results:
{'J': 25, 'K': 5, 'N': 10, 'p': 0.1, 'seed': 31, 'sim': 6, 'runtime': 0.0004222230054438114, 'identifiable': 1, 'branch': 4}
7
Q: [[0 0 0 0 0]
 [0 0 0 0 0]
 [1 0 0 0 0]
 [0 0 0 1 0]
 [0 0 0 0 0]
 [0 0 0 0 0]
 [0 0 0 0 0]
 [0 1 0 0 0]
 [0 0 0 1 0]
 [1 1 1 0 0]
 [0 0 0 0 0]
 [0 0 0 0 0]
 [0 0 1 0 0]
 [0 0 1 0 0]
 [0 0 0 1 0]
 [0 0 0 0 0]
 [1 0 0 0 0]
 [0 0 0 0 0]
 [1 0 0 0 0]
 [0 0 1 0 0]
 [0 0 0 0 0]
 [0 0 0 0 0]
 [0 0 0 0 0]
 [0 0 0 0 0]
 [0 1 0 0 0]]
Q_basis with dimensions J < K, thus not identifiable.
Q is not identifiable, and Q_bar is [[0 0 0 0 0]
 [0 0 0 0 0]
 [0 0 0 1 0]
 [1 0 0 0 0]
 [0 0 0 0 0]
 [0 0 0 0 0]
 [0 0 0 0 0]
 [0 0 1 0 0]
 [1 0 0 0 0]
 [0 1 1 1 0]
 [0 0 0 0 0]
 [0 0 0 0 0]
 [0 1 0 0 0]
 [0 1 0 0 0]
 [1 0 0 0 0]
 [0 0 0 0 0]
 [0 0 0 1 0]
 [0 0 0 0 0]
 [0 0 0 1 0]
 [0 1 0 0 0]
 [0 0 0 0 0]
 [0 0 0 0 0]
 [0 0 0 0 0]
 [0 0 0 0 0]
 [0 0 1 0 0]]
branch at -1
runtime for solving id of Q is 0.0003341701813042164
Simulation results:
{'J': 25, 'K': 5, 'N': 10, 'p': 0.1, 'seed': 31, 'sim': 7, 'runtime': 0.0003341701813042164, 'identifiable': 0, 'branch': -1}
8
Q: [[0 0 0 0 0]
 [0 0 0 0 0]
 [0 0 0 0 0]
 [0 0 0 1 0]
 [0 0 0 0 0]
 [0 0 0 0 0]
 [0 0 1 0 0]
 [0 0 0 0 0]
 [0 0 0 0 0]
 [0 1 0 0 0]
 [0 0 0 0 0]
 [0 0 0 0 0]
 [0 0 0 0 0]
 [0 0 0 0 0]
 [0 0 1 1 0]
 [0 0 0 0 1]
 [1 0 0 0 0]
 [0 0 0 0 0]
 [0 1 0 0 0]
 [0 0 0 0 0]
 [0 0 0 0 0]
 [0 0 0 0 0]
 [0 0 0 0 0]
 [0 0 0 0 0]
 [0 0 0 0 0]]
Q is identifiable (direct_check).
Q is identifiable
branch at 4
runtime for solving id of Q is 0.0004286887124180794
Simulation results:
{'J': 25, 'K': 5, 'N': 10, 'p': 0.1, 'seed': 31, 'sim': 8, 'runtime': 0.0004286887124180794, 'identifiable': 1, 'branch': 4}
9
Q: [[1 0 0 0 0]
 [0 0 0 0 0]
 [0 0 0 0 0]
 [0 0 0 0 0]
 [0 0 0 0 0]
 [0 0 0 0 0]
 [0 0 0 0 0]
 [0 0 0 0 1]
 [0 0 0 0 0]
 [0 0 0 0 0]
 [0 0 0 1 1]
 [0 1 0 0 0]
 [0 0 0 0 0]
 [0 0 0 0 0]
 [0 0 0 1 0]
 [0 0 1 0 0]
 [0 0 0 0 0]
 [0 0 0 0 1]
 [0 0 0 1 1]
 [0 0 0 0 0]
 [0 0 0 0 0]
 [0 0 0 0 0]
 [0 0 0 0 0]
 [0 0 0 0 0]
 [0 0 0 0 0]]
Q is identifiable (direct_check).
Q is identifiable
branch at 4
runtime for solving id of Q is 0.0004261387512087822
Simulation results:
{'J': 25, 'K': 5, 'N': 10, 'p': 0.1, 'seed': 31, 'sim': 9, 'runtime': 0.0004261387512087822, 'identifiable': 1, 'branch': 4}
Simulation results:
[{'J': 25, 'K': 5, 'N': 10, 'p': 0.1, 'seed': 31, 'sim': 0, 'runtime': 0.0005736304447054863, 'identifiable': 0, 'branch': 2}, {'J': 25, 'K': 5, 'N': 10, 'p': 0.1, 'seed': 31, 'sim': 1, 'runtime': 0.0005463091656565666, 'identifiable': 1, 'branch': 4}, {'J': 25, 'K': 5, 'N': 10, 'p': 0.1, 'seed': 31, 'sim': 2, 'runtime': 0.003102934919297695, 'identifiable': 1, 'branch': 6}, {'J': 25, 'K': 5, 'N': 10, 'p': 0.1, 'seed': 31, 'sim': 3, 'runtime': 0.00035330886021256447, 'identifiable': 0, 'branch': -1}, {'J': 25, 'K': 5, 'N': 10, 'p': 0.1, 'seed': 31, 'sim': 4, 'runtime': 0.0004464653320610523, 'identifiable': 1, 'branch': 4}, {'J': 25, 'K': 5, 'N': 10, 'p': 0.1, 'seed': 31, 'sim': 5, 'runtime': 0.0004387856461107731, 'identifiable': 1, 'branch': 4}, {'J': 25, 'K': 5, 'N': 10, 'p': 0.1, 'seed': 31, 'sim': 6, 'runtime': 0.0004222230054438114, 'identifiable': 1, 'branch': 4}, {'J': 25, 'K': 5, 'N': 10, 'p': 0.1, 'seed': 31, 'sim': 7, 'runtime': 0.0003341701813042164, 'identifiable': 0, 'branch': -1}, {'J': 25, 'K': 5, 'N': 10, 'p': 0.1, 'seed': 31, 'sim': 8, 'runtime': 0.0004286887124180794, 'identifiable': 1, 'branch': 4}, {'J': 25, 'K': 5, 'N': 10, 'p': 0.1, 'seed': 31, 'sim': 9, 'runtime': 0.0004261387512087822, 'identifiable': 1, 'branch': 4}]
