
The Gurobi software has a limited number of licenses. To request a license or
licenses, add this line

    #SBATCH --licenses=gurobi@slurmdb:1

to your SBATCH script, replacing N with the number of licenses you need. Gurobi
will need one license per process.


0
Q: [[1 1 0 0 1 0 1 1 0 0]
 [0 0 0 1 0 0 0 0 0 0]
 [0 1 1 1 1 1 0 0 0 0]
 [1 1 0 0 1 0 1 0 1 0]
 [0 1 0 1 0 0 1 0 1 1]
 [0 1 0 0 1 1 1 1 1 0]
 [0 1 0 0 0 0 0 1 0 1]
 [0 0 0 1 0 0 0 1 0 1]
 [1 1 0 0 1 0 1 1 0 0]
 [0 0 1 1 0 1 0 1 1 0]
 [0 1 1 0 0 1 1 1 0 1]
 [0 0 1 1 0 1 0 0 0 0]
 [1 1 1 0 1 0 0 0 1 1]
 [1 0 0 1 1 1 0 0 0 0]
 [1 0 1 1 1 1 0 0 1 0]
 [0 1 1 1 1 1 0 0 1 0]
 [0 0 1 0 1 1 0 0 1 0]
 [0 1 0 0 1 1 0 0 1 1]
 [0 0 0 1 0 1 1 0 1 0]
 [0 1 0 1 0 0 0 0 0 1]
 [1 0 0 1 1 1 1 1 0 1]
 [1 0 1 0 1 0 0 0 1 0]
 [0 1 0 1 1 0 1 0 0 0]
 [1 1 0 0 1 0 1 0 1 1]
 [1 1 1 1 1 0 1 0 0 1]
 [0 0 1 1 1 1 1 1 1 1]
 [0 1 0 1 0 1 1 1 1 0]
 [0 0 1 0 1 1 1 1 0 0]
 [1 1 0 0 1 0 1 0 1 1]
 [1 1 0 1 1 0 0 1 1 0]
 [0 1 0 0 1 0 1 1 1 0]
 [0 0 1 1 0 1 0 1 1 1]
 [0 1 1 1 0 1 0 1 0 0]
 [0 0 1 0 1 1 1 0 1 1]
 [0 1 0 1 1 0 1 0 1 1]
 [1 0 1 1 1 1 1 1 1 1]
 [0 0 0 1 0 1 0 1 1 1]
 [1 0 1 1 0 0 0 1 1 0]
 [0 1 0 0 0 1 0 0 0 1]
 [0 1 0 0 1 1 1 1 1 1]
 [0 0 0 1 0 0 0 0 1 1]
 [0 1 0 0 0 1 0 1 0 0]
 [1 1 1 1 0 1 1 0 0 0]
 [0 0 0 0 0 0 1 1 1 0]
 [0 1 0 1 1 1 0 1 0 0]
 [1 0 1 1 0 0 0 0 0 0]
 [1 0 1 0 1 1 0 1 1 1]
 [1 1 1 1 0 0 0 0 0 0]
 [1 1 0 1 1 0 1 0 0 1]
 [1 1 1 0 1 1 1 0 1 1]
 [0 1 1 0 1 0 1 0 1 1]
 [1 0 0 0 1 0 0 1 1 0]
 [1 0 1 1 0 1 1 1 1 0]
 [1 0 1 0 1 1 1 0 1 0]
 [0 0 0 0 0 1 1 1 0 0]
 [0 0 0 1 0 1 1 0 0 0]
 [1 0 1 0 1 1 0 1 1 1]
 [1 1 0 1 0 0 0 0 1 0]
 [1 0 0 0 1 0 0 1 0 1]
 [1 0 0 0 0 0 1 1 1 1]
 [0 1 1 0 0 0 1 0 1 0]
 [1 0 0 0 0 1 0 0 1 1]
 [1 1 0 1 1 1 0 1 0 0]
 [1 0 1 0 1 1 0 1 0 1]
 [1 1 0 0 1 1 1 1 0 0]
 [1 1 1 1 0 1 0 1 1 0]
 [1 1 0 0 0 0 0 1 0 0]
 [0 0 1 1 0 0 0 0 1 0]
 [0 0 1 1 1 0 1 0 0 1]
 [0 1 0 1 1 0 0 0 0 1]
 [1 0 0 0 1 0 0 1 1 1]
 [1 0 1 1 0 1 0 1 1 1]
 [0 1 0 1 0 1 0 1 1 1]
 [1 1 1 1 0 1 0 0 1 1]
 [1 1 1 1 0 0 0 0 0 1]
 [0 1 1 1 0 0 0 1 0 1]
 [0 0 1 0 1 1 0 0 0 1]
 [1 0 1 0 1 1 1 0 1 1]
 [0 1 0 0 1 1 1 0 0 1]
 [0 1 1 1 0 1 0 1 1 1]
 [1 1 1 1 0 1 1 0 0 0]
 [1 0 0 1 0 0 0 1 0 1]
 [1 0 1 1 0 1 0 0 1 1]
 [0 1 0 1 0 1 0 1 1 1]
 [1 1 0 0 0 0 1 1 1 1]
 [0 0 0 0 1 0 0 1 0 0]
 [1 1 0 1 1 1 0 1 0 1]
 [1 0 0 1 1 0 0 1 0 0]
 [0 1 1 0 0 0 1 0 0 1]
 [0 0 1 1 0 1 0 1 0 1]
 [0 1 0 0 1 1 0 0 1 0]
 [0 1 0 1 0 1 0 1 1 1]
 [1 0 0 1 1 0 0 0 1 1]
 [0 1 0 0 1 0 0 1 1 0]
 [1 1 1 1 0 1 0 0 1 1]
 [0 1 1 0 0 1 0 1 1 0]
 [0 1 1 0 1 1 1 1 1 1]
 [0 0 0 0 0 1 1 1 0 1]
 [0 0 0 1 1 1 0 1 0 1]
 [1 1 0 1 0 1 0 0 0 1]]
{'restarts': 2, 'conflicts': 546, 'decisions': 1757, 'propagations': 1019710}
Q is identifiable
branch at 6
runtime for solving id of Q is 0.8593221376650035
Simulation results:
{'J': 100, 'K': 10, 'N': 10, 'p': 0.5, 'seed': 97, 'sim': 0, 'runtime': 0.8593221376650035, 'identifiable': 1, 'branch': 6}
1
Q: [[1 0 1 1 1 1 0 0 0 1]
 [1 1 1 1 0 1 1 0 1 1]
 [0 0 0 1 0 1 0 1 0 1]
 [1 0 0 1 1 0 1 1 1 0]
 [0 0 1 1 1 0 1 1 1 1]
 [1 0 1 0 0 1 1 1 1 0]
 [1 0 0 0 0 1 1 0 0 1]
 [1 1 1 1 1 1 0 1 0 1]
 [1 0 1 0 0 0 1 1 1 1]
 [1 0 0 1 1 1 1 0 0 1]
 [1 1 0 0 1 1 0 1 1 0]
 [0 1 0 0 1 1 1 0 0 0]
 [0 1 1 1 1 1 0 0 0 1]
 [0 1 1 0 0 0 0 1 0 0]
 [1 0 1 0 0 0 0 0 1 1]
 [0 1 1 0 0 1 1 1 0 0]
 [0 0 0 0 0 1 1 0 0 1]
 [1 0 0 1 1 0 1 0 0 0]
 [0 1 0 1 1 1 0 1 1 1]
 [1 1 0 1 1 0 1 1 1 0]
 [1 1 0 1 1 0 1 1 0 0]
 [0 0 0 0 0 0 1 0 0 1]
 [0 1 0 0 0 1 0 1 0 1]
 [1 0 0 1 1 0 0 1 1 1]
 [1 1 0 0 1 1 1 0 1 1]
 [0 0 0 1 0 1 0 1 0 1]
 [1 0 1 1 0 1 0 1 1 0]
 [0 0 0 1 0 1 1 1 0 0]
 [0 0 1 1 0 1 1 1 0 1]
 [1 0 1 1 0 0 0 1 0 0]
 [0 0 1 0 1 1 1 0 0 1]
 [0 0 0 0 0 1 1 0 1 0]
 [1 1 0 0 0 1 0 1 1 1]
 [1 0 0 0 0 1 0 0 1 1]
 [0 0 0 0 1 1 1 0 1 1]
 [1 1 0 1 0 1 1 0 1 0]
 [0 0 1 1 0 0 1 0 0 1]
 [0 1 1 1 1 0 1 0 1 1]
 [0 1 1 0 0 1 1 1 0 0]
 [1 0 0 1 1 1 1 1 1 0]
 [1 0 1 1 1 0 1 1 1 0]
 [1 1 0 0 0 1 1 0 1 1]
 [0 1 1 1 1 1 1 1 0 1]
 [1 1 1 0 1 1 0 1 1 1]
 [0 1 1 0 1 1 0 0 0 1]
 [0 0 0 1 0 1 1 1 0 1]
 [0 1 0 0 0 0 1 0 1 1]
 [0 0 0 0 0 0 1 0 1 0]
 [1 0 1 1 1 1 1 1 1 1]
 [1 0 0 1 0 0 1 0 0 0]
 [1 1 0 1 1 0 0 0 0 0]
 [1 0 0 0 1 0 1 1 1 1]
 [0 0 0 1 0 0 1 1 0 1]
 [0 1 0 0 1 1 0 0 1 0]
 [1 0 1 0 1 0 0 1 0 0]
 [0 0 0 1 0 1 1 1 1 1]
 [1 1 1 0 1 0 1 1 0 0]
 [0 1 0 0 0 1 0 1 1 1]
 [1 0 0 1 1 0 1 0 1 1]
 [0 1 0 0 0 1 1 0 1 1]
 [0 0 1 1 1 1 1 1 1 1]
 [0 0 1 1 0 0 1 0 1 1]
 [0 1 0 1 1 0 0 0 0 0]
 [1 1 1 1 1 0 1 1 1 0]
 [0 0 1 0 1 1 1 1 1 1]
 [0 0 0 1 0 0 0 0 0 0]
 [1 0 1 1 1 1 1 0 1 0]
 [1 1 1 1 0 1 1 1 1 0]
 [0 1 1 1 0 1 1 0 0 0]
 [0 0 1 1 0 0 1 1 1 1]
 [0 1 1 0 0 1 0 0 1 1]
 [1 1 1 1 1 1 0 1 0 0]
 [1 1 1 1 0 0 1 0 0 0]
 [1 0 0 0 0 1 0 0 1 1]
 [1 1 0 1 1 1 0 1 1 0]
 [1 1 1 0 1 1 1 1 0 0]
 [0 0 1 0 0 1 1 1 1 0]
 [0 1 1 0 1 0 0 1 1 0]
 [0 1 1 1 1 0 1 1 1 0]
 [1 1 0 0 0 1 1 1 1 1]
 [1 0 0 0 1 1 0 0 1 0]
 [0 0 0 1 0 0 0 0 1 1]
 [1 1 1 0 1 1 0 1 1 0]
 [1 1 1 0 1 1 0 0 0 0]
 [1 1 1 1 1 0 0 0 0 1]
 [0 1 0 1 1 1 1 0 0 1]
 [0 1 1 1 1 0 0 1 0 0]
 [1 1 1 0 1 0 0 0 0 0]
 [1 0 0 1 0 1 0 0 0 1]
 [0 0 1 1 0 1 1 1 0 1]
 [1 1 1 0 1 1 1 1 1 1]
 [0 0 0 0 0 1 1 0 1 0]
 [1 0 0 1 0 1 1 0 1 0]
 [0 0 1 1 0 0 0 0 1 1]
 [1 0 0 0 1 1 1 1 0 0]
 [1 1 1 1 1 1 1 0 1 0]
 [0 0 0 1 1 0 1 1 0 1]
 [1 0 0 0 0 1 0 0 0 0]
 [1 1 1 0 1 1 1 0 1 1]
 [0 1 0 1 1 0 1 1 1 1]]
{'restarts': 4, 'conflicts': 501, 'decisions': 1174, 'propagations': 649371}
Q is identifiable
branch at 6
runtime for solving id of Q is 0.6864156327210367
Simulation results:
{'J': 100, 'K': 10, 'N': 10, 'p': 0.5, 'seed': 97, 'sim': 1, 'runtime': 0.6864156327210367, 'identifiable': 1, 'branch': 6}
2
Q: [[0 0 1 1 1 1 1 0 1 0]
 [1 1 1 0 1 0 1 1 1 1]
 [1 1 0 1 0 0 1 1 0 0]
 [1 1 1 0 0 0 0 1 1 0]
 [1 1 1 1 0 1 0 1 0 1]
 [1 1 0 0 0 0 0 0 1 1]
 [0 1 1 1 1 1 1 0 1 0]
 [1 0 1 0 1 1 0 0 1 0]
 [0 1 1 0 1 0 1 1 0 1]
 [1 0 0 0 0 1 0 1 1 1]
 [1 1 1 0 1 0 1 1 0 0]
 [0 0 0 1 0 1 1 1 0 0]
 [1 0 1 0 0 0 1 0 1 0]
 [0 1 1 1 1 1 1 0 1 1]
 [1 0 0 1 0 0 0 1 0 1]
 [1 1 1 0 1 1 1 1 1 1]
 [1 1 1 1 0 0 0 0 1 1]
 [0 0 1 0 1 0 1 0 1 0]
 [0 0 0 0 1 1 0 0 1 0]
 [0 1 0 1 1 1 0 1 0 1]
 [0 1 1 0 1 1 1 1 0 1]
 [0 0 0 0 1 1 0 1 1 0]
 [1 0 1 1 1 1 1 0 0 0]
 [1 1 1 0 1 1 0 1 0 1]
 [0 1 1 1 1 0 0 1 0 0]
 [1 0 0 1 0 1 0 1 1 1]
 [0 1 0 0 0 0 1 0 1 0]
 [1 1 1 0 1 1 1 1 1 1]
 [1 0 1 0 0 0 1 1 1 1]
 [0 0 0 0 1 0 0 1 0 0]
 [1 1 1 0 0 1 0 0 0 1]
 [0 0 1 1 0 1 1 1 1 1]
 [1 1 0 1 0 1 1 0 1 0]
 [0 1 1 1 0 0 1 0 1 1]
 [0 1 1 1 1 0 1 1 0 1]
 [0 0 0 1 1 1 1 0 1 0]
 [1 0 1 1 0 0 1 1 0 1]
 [0 0 0 1 0 0 1 0 1 0]
 [0 1 1 1 0 0 0 1 1 0]
 [0 1 0 1 0 0 1 0 0 1]
 [1 1 0 0 1 0 1 1 1 0]
 [0 1 1 1 1 1 0 0 1 1]
 [1 0 0 1 0 0 1 1 1 1]
 [0 0 0 0 1 0 0 0 1 1]
 [1 1 0 0 0 1 1 0 1 1]
 [0 1 0 1 0 0 1 0 0 1]
 [1 1 1 1 0 0 0 0 1 0]
 [1 0 1 1 0 0 1 0 1 1]
 [1 1 0 1 0 0 1 1 1 1]
 [0 0 0 0 1 1 1 0 0 1]
 [1 1 1 0 0 1 1 0 1 0]
 [1 0 0 1 1 1 1 0 0 0]
 [0 1 1 1 0 1 1 1 0 0]
 [1 1 0 1 1 1 1 0 1 0]
 [0 0 1 1 1 1 1 1 1 1]
 [0 0 1 1 0 0 1 0 1 1]
 [1 1 0 0 0 0 0 0 0 0]
 [0 1 1 0 0 1 1 1 1 1]
 [0 0 1 1 1 1 1 1 0 0]
 [1 1 1 0 1 0 1 1 1 1]
 [1 1 0 1 1 1 0 1 0 0]
 [1 0 1 1 1 0 0 1 1 1]
 [0 0 0 0 0 0 1 1 0 0]
 [0 1 1 0 1 0 0 0 1 0]
 [1 1 0 0 0 0 0 0 1 0]
 [0 1 0 0 1 1 0 0 0 0]
 [1 1 0 0 0 0 0 1 1 0]
 [0 1 1 0 1 1 1 0 0 1]
 [0 1 1 0 0 1 1 0 1 0]
 [1 0 0 0 0 1 0 1 0 1]
 [0 0 0 1 0 0 1 0 0 1]
 [0 0 1 1 1 0 1 1 0 0]
 [0 1 0 0 1 0 1 0 0 0]
 [1 1 0 0 0 1 1 0 0 0]
 [0 1 0 1 1 0 0 0 0 1]
 [1 1 0 1 1 0 1 0 0 1]
 [0 1 1 1 1 1 1 0 1 1]
 [1 1 0 1 1 1 0 1 1 0]
 [0 1 1 1 1 1 0 0 1 1]
 [0 1 1 1 0 0 0 1 1 1]
 [1 1 1 0 0 0 0 1 1 1]
 [1 1 1 1 0 1 1 0 0 1]
 [1 0 0 0 0 1 1 0 0 0]
 [0 0 1 1 0 0 1 0 1 0]
 [0 1 0 1 0 0 0 1 0 0]
 [1 0 0 0 0 0 0 0 0 1]
 [1 1 0 1 0 0 1 1 1 0]
 [1 0 0 0 0 1 1 1 1 1]
 [1 1 0 1 1 0 1 1 0 0]
 [0 0 0 1 1 0 1 0 0 0]
 [1 1 0 1 0 0 1 1 1 1]
 [1 0 0 0 1 1 0 1 0 0]
 [1 0 1 0 0 1 1 1 0 1]
 [1 1 1 1 1 1 0 0 0 0]
 [1 1 1 0 0 0 1 1 1 1]
 [0 1 1 0 0 1 0 0 0 1]
 [0 0 1 0 0 0 0 1 1 1]
 [1 0 0 1 1 0 1 0 1 1]
 [0 1 1 0 0 0 0 0 0 1]
 [0 1 1 0 0 1 0 0 1 1]]
{'restarts': 1, 'conflicts': 300, 'decisions': 740, 'propagations': 413454}
Q is identifiable
branch at 6
runtime for solving id of Q is 0.5446074502542615
Simulation results:
{'J': 100, 'K': 10, 'N': 10, 'p': 0.5, 'seed': 97, 'sim': 2, 'runtime': 0.5446074502542615, 'identifiable': 1, 'branch': 6}
3
Q: [[0 1 1 0 1 0 1 1 1 1]
 [0 0 1 0 1 0 0 1 1 0]
 [0 1 0 1 0 1 1 1 0 1]
 [0 1 1 1 1 0 0 1 1 1]
 [1 1 1 1 1 1 1 0 0 1]
 [0 1 0 1 0 0 1 0 0 1]
 [0 1 0 1 1 0 0 0 1 0]
 [0 0 1 1 1 0 0 0 1 0]
 [1 1 0 1 1 1 1 0 0 0]
 [1 1 1 0 1 0 1 0 1 1]
 [0 1 1 1 0 1 0 0 0 1]
 [0 1 1 0 1 0 1 0 1 0]
 [0 0 1 1 1 1 1 1 1 1]
 [0 0 1 1 1 1 1 1 0 0]
 [0 1 1 1 1 1 1 0 1 1]
 [0 1 1 1 1 0 1 0 0 1]
 [0 0 1 0 0 1 0 0 1 1]
 [0 1 1 1 1 0 0 0 0 0]
 [0 0 0 1 1 1 1 0 1 0]
 [1 0 1 1 1 0 1 0 0 1]
 [1 0 0 1 0 0 0 0 0 1]
 [0 0 0 0 0 0 0 0 1 1]
 [1 1 0 0 0 1 0 0 0 0]
 [0 1 1 0 1 1 0 1 0 1]
 [0 0 1 0 0 1 0 0 0 1]
 [0 0 0 1 0 1 0 0 1 1]
 [0 0 0 0 1 0 1 1 0 0]
 [0 0 1 0 0 1 0 1 1 1]
 [0 1 1 0 0 1 1 0 0 0]
 [0 1 0 1 1 0 1 0 1 0]
 [1 1 0 0 1 1 0 0 1 0]
 [1 0 0 0 0 1 1 1 0 1]
 [1 0 1 1 1 0 0 0 0 1]
 [1 1 0 0 0 0 1 0 0 0]
 [0 1 0 1 1 0 1 0 1 0]
 [1 0 1 0 0 0 0 1 1 0]
 [1 0 1 0 0 1 0 0 1 0]
 [0 0 0 1 0 1 0 0 0 1]
 [0 1 0 0 1 1 0 1 1 1]
 [0 1 1 1 0 1 1 1 0 1]
 [0 1 0 1 0 0 0 0 1 1]
 [0 0 1 1 1 0 1 0 1 0]
 [1 1 1 0 1 1 1 1 1 0]
 [0 1 0 0 1 0 0 0 0 0]
 [0 1 1 0 0 0 1 1 0 1]
 [0 1 0 0 1 1 0 0 0 1]
 [1 1 1 1 1 0 0 0 1 1]
 [0 1 0 0 1 0 1 1 1 0]
 [1 0 0 0 1 0 1 1 0 0]
 [1 0 1 1 1 1 0 0 0 1]
 [0 0 1 0 1 0 1 0 1 0]
 [0 0 1 0 1 0 1 1 0 0]
 [1 0 0 1 0 0 1 1 1 0]
 [1 1 0 1 0 1 0 0 1 1]
 [1 0 1 1 0 0 0 0 1 0]
 [0 0 1 0 0 0 0 0 0 0]
 [1 1 0 1 0 1 1 0 1 0]
 [1 0 1 0 0 1 1 1 0 0]
 [1 1 1 1 0 0 1 1 0 0]
 [1 1 1 1 1 1 1 1 0 0]
 [0 1 1 1 0 1 1 0 0 1]
 [1 1 0 1 0 1 0 0 0 0]
 [1 0 1 1 1 1 0 0 1 0]
 [1 0 1 0 0 0 1 1 0 1]
 [1 1 0 0 1 1 0 1 1 0]
 [0 1 0 0 0 1 0 0 0 1]
 [0 0 0 1 0 1 1 0 1 1]
 [0 1 0 0 0 0 1 1 1 0]
 [1 0 0 0 0 0 1 0 0 0]
 [0 0 0 1 0 0 0 1 1 0]
 [0 0 1 1 0 0 0 0 1 0]
 [0 0 1 0 1 0 0 0 1 0]
 [0 1 0 1 1 0 0 0 0 0]
 [0 0 1 1 1 0 0 0 1 1]
 [0 1 1 1 1 1 1 1 0 1]
 [1 1 1 0 0 1 1 0 1 1]
 [0 1 1 1 1 0 0 0 0 1]
 [0 0 1 0 1 1 1 1 1 1]
 [0 0 0 1 0 1 1 1 1 0]
 [0 1 0 0 1 1 0 0 1 1]
 [1 0 1 1 1 1 0 1 0 0]
 [1 0 0 1 0 1 1 0 1 1]
 [0 1 1 0 1 1 1 1 0 0]
 [0 0 0 1 0 1 1 0 0 0]
 [0 0 1 0 1 1 0 1 1 1]
 [0 0 0 1 0 1 0 0 0 0]
 [1 0 0 1 1 0 0 0 0 1]
 [0 0 1 1 0 0 0 1 0 0]
 [1 1 0 0 1 0 1 0 0 1]
 [0 0 1 0 1 1 1 0 1 1]
 [0 0 1 1 1 0 1 1 0 1]
 [0 0 0 1 1 0 1 0 1 1]
 [1 1 1 0 1 1 1 1 0 0]
 [1 1 0 0 0 1 1 0 1 0]
 [1 1 1 1 1 0 1 0 0 0]
 [1 1 0 1 0 1 0 0 0 0]
 [0 0 1 1 0 0 0 0 1 1]
 [0 0 1 0 1 0 1 1 1 0]
 [1 1 1 0 0 1 0 1 1 1]
 [1 1 0 1 0 0 1 0 1 1]]
{'restarts': 2, 'conflicts': 447, 'decisions': 1103, 'propagations': 709054}
Q is identifiable
branch at 6
runtime for solving id of Q is 0.6914175488054752
Simulation results:
{'J': 100, 'K': 10, 'N': 10, 'p': 0.5, 'seed': 97, 'sim': 3, 'runtime': 0.6914175488054752, 'identifiable': 1, 'branch': 6}
4
Q: [[0 0 1 0 1 0 0 0 1 0]
 [1 1 0 0 0 0 1 0 1 1]
 [1 1 1 0 1 1 0 0 1 1]
 [0 1 0 1 0 1 0 1 0 1]
 [0 0 1 1 0 1 1 1 1 1]
 [0 1 1 1 1 0 0 0 0 0]
 [1 1 1 1 1 0 0 0 0 1]
 [1 0 1 1 1 1 0 0 0 1]
 [1 1 1 1 1 0 1 0 1 0]
 [1 0 1 1 1 0 0 0 1 0]
 [1 0 0 1 1 1 1 0 1 0]
 [0 1 0 1 1 0 0 0 0 1]
 [0 1 0 0 1 0 1 1 1 0]
 [0 1 1 1 0 0 1 0 1 1]
 [1 0 1 0 1 1 0 1 0 0]
 [0 0 1 0 1 1 0 0 0 0]
 [0 0 1 1 0 0 1 1 0 1]
 [0 1 1 1 0 0 1 0 1 0]
 [0 1 1 1 1 0 1 1 1 1]
 [0 0 0 1 0 0 0 0 1 0]
 [0 0 1 1 1 0 0 1 1 1]
 [0 0 0 0 0 1 1 0 1 0]
 [0 1 0 0 0 0 0 0 0 0]
 [0 1 0 1 0 1 0 0 1 1]
 [1 1 0 0 0 1 1 1 1 1]
 [1 1 0 0 1 1 0 0 0 0]
 [1 1 0 0 0 1 1 0 0 1]
 [1 0 0 0 1 1 0 1 0 0]
 [0 1 1 1 0 1 0 1 1 1]
 [1 1 0 0 0 0 1 0 0 0]
 [1 1 1 0 1 0 0 0 0 0]
 [1 1 0 1 0 1 1 1 0 0]
 [1 0 1 1 1 1 0 0 1 1]
 [1 1 0 0 0 0 1 1 1 0]
 [1 1 0 0 0 0 0 0 0 1]
 [1 1 1 0 0 1 1 0 1 0]
 [0 0 1 0 0 0 1 0 0 1]
 [0 1 1 1 0 1 0 0 0 0]
 [0 0 0 1 0 0 0 0 1 0]
 [1 1 0 1 1 0 0 0 0 0]
 [0 0 0 0 1 1 0 1 0 0]
 [0 1 0 1 0 0 0 0 0 0]
 [0 1 0 1 1 0 1 0 1 0]
 [1 1 1 1 1 1 0 1 0 1]
 [1 0 0 1 1 0 0 1 1 1]
 [0 1 1 0 0 0 0 0 0 1]
 [0 0 0 1 1 1 0 1 0 0]
 [0 0 0 1 1 1 1 1 1 0]
 [0 0 0 0 1 0 1 1 0 1]
 [0 0 1 1 0 1 1 1 1 0]
 [1 1 0 0 0 0 0 0 0 1]
 [0 1 1 1 1 1 1 0 0 1]
 [1 1 1 1 1 0 1 1 0 1]
 [0 0 0 1 1 1 1 1 1 1]
 [0 1 1 0 0 1 1 0 0 1]
 [0 0 1 0 1 1 1 1 0 0]
 [1 1 1 1 0 1 0 1 0 1]
 [1 1 0 0 1 0 1 0 0 0]
 [1 1 1 1 0 1 0 1 0 1]
 [0 1 0 1 0 0 0 0 0 1]
 [0 1 0 1 1 0 0 1 0 1]
 [0 0 0 0 0 1 1 1 0 1]
 [1 0 1 1 1 1 0 1 1 0]
 [0 1 1 1 1 0 1 1 0 1]
 [1 1 0 1 1 1 0 0 1 0]
 [0 1 1 1 1 0 0 0 1 0]
 [1 1 0 0 0 0 1 0 1 1]
 [1 0 1 1 1 0 0 0 0 1]
 [1 0 1 1 0 1 1 0 1 1]
 [1 1 0 1 0 1 0 0 1 1]
 [1 1 1 1 1 0 0 0 0 0]
 [1 0 1 1 0 0 0 1 1 0]
 [1 0 1 0 0 0 0 0 0 0]
 [1 0 1 0 1 1 0 1 1 0]
 [0 1 1 0 1 1 1 1 0 0]
 [0 1 0 0 0 1 0 1 1 1]
 [0 1 0 1 1 1 0 0 1 1]
 [1 0 1 0 0 0 1 1 1 1]
 [0 0 1 1 1 1 0 0 1 0]
 [1 0 1 0 0 0 1 0 0 0]
 [0 1 1 0 0 0 1 0 0 0]
 [0 1 0 0 0 1 0 0 0 1]
 [0 1 0 1 0 0 1 0 0 1]
 [1 1 1 1 1 1 1 1 0 0]
 [1 1 1 0 1 0 0 0 0 1]
 [1 0 0 0 0 1 0 0 1 1]
 [0 1 0 0 1 0 1 1 0 1]
 [0 0 0 1 0 1 0 1 1 0]
 [0 1 1 0 1 1 1 0 1 1]
 [1 1 1 1 0 1 0 1 0 0]
 [1 0 0 1 0 1 0 1 1 0]
 [1 0 0 1 0 1 1 0 0 0]
 [1 1 0 1 1 0 0 1 0 0]
 [0 0 1 1 0 1 1 1 0 1]
 [0 0 0 1 0 0 1 0 1 0]
 [1 0 1 1 1 1 1 0 1 0]
 [0 0 1 0 0 1 1 0 1 0]
 [1 0 1 1 0 0 1 0 1 1]
 [1 1 1 1 1 1 1 0 1 0]
 [1 1 1 1 1 0 1 0 0 1]]
{'restarts': 2, 'conflicts': 701, 'decisions': 1793, 'propagations': 1183880}
Q is identifiable
branch at 6
runtime for solving id of Q is 0.8191222371533513
Simulation results:
{'J': 100, 'K': 10, 'N': 10, 'p': 0.5, 'seed': 97, 'sim': 4, 'runtime': 0.8191222371533513, 'identifiable': 1, 'branch': 6}
5
Q: [[1 0 1 1 1 0 0 1 1 1]
 [0 1 0 0 0 0 1 1 1 1]
 [0 0 0 0 1 1 1 0 0 1]
 [0 0 0 1 0 1 0 1 0 1]
 [1 0 1 0 0 1 1 1 0 1]
 [0 0 1 0 1 0 1 1 1 1]
 [0 1 1 1 0 0 0 0 1 1]
 [0 0 1 1 1 0 0 0 1 0]
 [1 1 0 1 0 0 0 0 0 0]
 [1 0 1 0 0 0 1 0 1 1]
 [1 1 0 0 0 0 0 1 1 1]
 [1 1 1 0 0 1 0 1 1 1]
 [1 0 0 1 1 1 0 1 0 1]
 [0 1 1 1 1 0 0 1 0 0]
 [1 1 1 0 1 1 1 0 1 1]
 [1 0 0 0 0 0 0 0 0 0]
 [0 0 1 1 0 0 0 0 0 1]
 [0 0 0 0 0 0 0 0 1 0]
 [1 1 0 0 0 1 0 1 1 1]
 [1 0 0 0 0 0 0 0 0 1]
 [0 1 0 1 0 0 1 0 1 0]
 [1 1 1 0 0 0 0 1 0 0]
 [0 1 0 0 0 0 0 0 0 0]
 [0 1 0 0 0 0 1 0 1 1]
 [1 1 1 1 0 0 1 1 0 0]
 [1 1 1 0 0 1 0 0 0 0]
 [1 1 1 1 1 0 0 0 0 1]
 [0 0 0 0 1 0 1 1 0 1]
 [0 1 0 1 0 1 1 0 1 0]
 [1 0 1 0 1 1 0 1 1 1]
 [0 0 1 1 0 0 1 0 0 1]
 [0 1 0 0 1 1 0 1 1 0]
 [1 1 1 0 0 1 1 1 1 0]
 [0 1 1 1 1 0 0 1 1 0]
 [1 1 1 0 0 0 0 1 0 0]
 [0 1 1 0 0 1 1 0 1 0]
 [1 1 0 1 0 0 1 0 0 1]
 [0 1 0 0 1 0 0 1 0 0]
 [0 1 0 1 1 0 0 0 0 1]
 [1 1 1 1 0 0 0 1 0 0]
 [1 0 1 0 1 0 1 0 0 0]
 [0 0 0 0 0 1 1 1 1 0]
 [0 0 0 1 1 1 0 1 1 1]
 [0 1 1 0 0 0 1 1 0 0]
 [1 1 1 0 1 1 0 1 1 1]
 [0 0 0 1 1 0 1 0 0 0]
 [1 1 1 0 0 1 1 1 0 0]
 [1 1 0 0 0 1 1 1 1 1]
 [0 0 1 0 1 1 1 0 1 0]
 [1 0 0 0 1 0 0 1 1 0]
 [1 1 0 0 1 0 1 0 0 1]
 [1 1 1 1 0 0 1 0 1 1]
 [0 0 0 1 0 1 0 1 0 1]
 [1 1 0 1 1 0 0 1 0 0]
 [0 0 1 0 0 1 0 0 0 1]
 [0 1 1 1 1 1 1 0 1 0]
 [0 0 0 0 0 0 0 1 0 1]
 [0 0 1 0 1 1 1 0 1 0]
 [1 1 1 0 0 0 0 1 0 1]
 [0 1 1 1 0 1 0 0 0 1]
 [0 1 0 0 0 0 1 1 0 0]
 [1 0 1 1 0 1 1 0 1 1]
 [1 1 1 1 0 1 1 1 0 1]
 [0 0 1 1 0 0 0 0 1 1]
 [0 1 0 0 1 0 1 1 1 1]
 [0 0 0 1 0 1 1 1 0 0]
 [1 1 0 1 0 0 0 1 0 0]
 [0 1 1 0 1 0 0 0 0 0]
 [1 1 1 0 1 1 0 1 1 1]
 [0 1 0 1 0 0 0 0 1 1]
 [1 1 1 0 0 0 1 0 0 1]
 [1 0 1 0 0 0 0 0 1 1]
 [0 1 1 0 1 1 1 1 1 0]
 [0 0 0 1 0 1 1 0 0 0]
 [1 0 1 1 1 0 0 0 1 1]
 [1 1 1 1 0 0 0 0 0 1]
 [0 0 0 0 0 1 1 1 1 1]
 [1 0 1 1 1 0 1 1 0 0]
 [1 1 1 0 0 0 0 0 0 0]
 [1 0 1 0 0 1 0 0 0 1]
 [1 1 0 1 0 1 0 1 0 0]
 [0 0 0 1 1 1 0 1 1 0]
 [1 0 0 0 1 0 0 1 0 1]
 [0 1 1 0 0 0 1 1 1 0]
 [1 1 1 0 1 1 0 0 1 1]
 [0 0 1 1 0 1 0 0 1 0]
 [1 1 0 1 1 0 0 0 1 1]
 [1 1 0 1 1 0 0 1 0 1]
 [0 1 0 0 1 1 1 1 1 0]
 [1 1 0 0 0 1 0 0 0 1]
 [1 0 1 1 1 1 1 1 0 0]
 [1 0 0 0 1 0 0 1 0 0]
 [1 1 1 1 0 1 1 0 0 1]
 [1 1 0 1 0 1 0 1 0 0]
 [0 0 1 0 1 0 0 0 0 0]
 [1 0 1 1 0 0 1 0 1 1]
 [0 1 1 0 0 0 0 1 0 0]
 [0 0 1 1 0 0 1 1 0 1]
 [1 1 1 0 1 1 0 0 1 1]
 [1 1 1 0 0 1 0 0 0 0]]
{'restarts': 1, 'conflicts': 244, 'decisions': 719, 'propagations': 335221}
Q is identifiable
branch at 6
runtime for solving id of Q is 0.6353641138412058
Simulation results:
{'J': 100, 'K': 10, 'N': 10, 'p': 0.5, 'seed': 97, 'sim': 5, 'runtime': 0.6353641138412058, 'identifiable': 1, 'branch': 6}
6
Q: [[1 0 1 0 0 0 0 0 0 0]
 [1 0 1 1 1 0 1 1 0 1]
 [0 0 1 1 1 0 0 0 1 1]
 [1 1 0 0 0 1 1 0 1 0]
 [1 0 1 1 1 1 0 1 0 1]
 [1 0 1 1 0 1 1 1 1 1]
 [1 0 0 1 0 1 0 1 0 0]
 [1 0 1 0 0 0 0 1 0 1]
 [1 0 0 1 0 1 1 0 1 1]
 [0 1 1 0 0 1 1 0 0 0]
 [0 0 1 1 1 1 0 0 0 1]
 [1 1 0 0 0 1 0 0 1 0]
 [0 0 1 0 0 1 0 1 1 0]
 [1 0 1 1 0 1 1 1 0 1]
 [0 0 1 0 0 1 1 0 1 0]
 [0 0 1 1 0 0 0 1 0 0]
 [0 0 0 1 1 0 1 0 1 1]
 [0 1 0 1 0 1 0 1 1 0]
 [1 1 1 1 0 1 0 1 0 0]
 [0 1 1 0 1 0 0 1 1 0]
 [1 0 1 0 0 1 0 0 1 1]
 [1 1 1 1 0 1 1 1 1 0]
 [1 0 1 0 0 1 1 0 1 1]
 [0 1 0 0 0 1 1 0 1 0]
 [0 0 0 1 1 0 1 1 0 1]
 [0 0 1 1 0 0 1 1 0 0]
 [1 1 1 1 1 1 1 1 0 0]
 [1 0 0 0 1 1 0 0 0 1]
 [1 1 0 1 0 1 1 0 1 0]
 [0 1 1 0 1 1 1 1 1 1]
 [0 1 0 1 1 1 0 0 1 1]
 [1 1 0 0 0 1 1 1 0 0]
 [0 0 0 0 0 0 0 0 0 0]
 [0 1 1 1 0 1 0 0 0 0]
 [1 0 0 0 0 0 0 1 0 1]
 [0 1 1 0 1 0 1 1 0 1]
 [0 1 0 1 1 0 0 1 0 0]
 [1 0 1 1 0 1 1 1 1 1]
 [1 1 0 0 0 0 1 0 1 1]
 [1 1 0 1 0 1 1 0 1 1]
 [0 0 1 0 0 0 0 0 1 0]
 [1 0 1 0 1 1 0 0 0 1]
 [0 0 1 0 0 1 0 0 1 1]
 [0 0 1 1 1 0 1 0 1 0]
 [1 0 0 1 0 0 1 1 1 1]
 [0 1 1 0 1 0 0 1 1 1]
 [0 0 1 1 1 1 0 1 1 1]
 [1 1 1 1 0 1 0 0 0 0]
 [1 1 0 1 0 1 1 1 1 1]
 [0 1 1 1 1 0 1 1 1 0]
 [1 1 1 0 0 0 1 0 1 0]
 [1 1 0 0 0 0 1 0 1 1]
 [1 1 1 0 1 0 1 0 1 1]
 [1 0 1 0 0 1 1 1 0 0]
 [1 1 1 1 0 0 0 0 0 0]
 [0 1 1 1 0 0 0 1 0 1]
 [0 1 0 1 1 1 0 0 1 0]
 [1 1 0 1 0 0 1 1 0 1]
 [1 1 1 0 1 0 1 0 1 1]
 [1 1 0 0 1 0 1 1 0 1]
 [0 1 1 0 0 1 1 0 0 1]
 [0 1 0 0 1 1 1 1 0 0]
 [0 1 0 0 1 0 1 1 0 0]
 [1 0 0 1 0 1 0 1 1 0]
 [0 0 1 0 1 0 1 1 1 0]
 [0 1 0 1 1 1 1 1 0 0]
 [1 0 0 1 0 0 1 1 0 1]
 [1 1 0 0 0 1 1 0 0 1]
 [1 1 1 1 0 1 1 0 1 1]
 [1 0 1 1 1 1 0 1 0 0]
 [0 0 0 0 0 1 0 0 0 0]
 [0 0 0 1 0 0 0 0 1 1]
 [0 1 1 1 0 1 1 0 1 1]
 [1 0 0 1 0 1 0 1 0 0]
 [0 0 0 0 0 0 0 1 1 0]
 [0 1 0 0 1 0 1 1 0 0]
 [0 1 0 1 0 1 1 0 0 0]
 [0 1 1 0 1 0 1 0 1 1]
 [1 1 1 0 0 0 0 1 1 1]
 [0 0 0 0 1 1 1 0 0 1]
 [1 0 0 1 0 1 0 0 1 0]
 [0 1 0 1 0 0 1 1 0 1]
 [0 0 1 1 0 1 0 0 0 0]
 [0 0 0 0 0 1 1 1 1 1]
 [0 0 0 1 0 1 0 0 0 0]
 [0 1 1 0 1 1 0 1 0 1]
 [1 0 0 1 0 0 0 1 1 1]
 [1 1 0 0 1 0 0 1 1 1]
 [1 0 0 1 0 0 1 0 1 1]
 [0 0 0 0 1 0 1 0 0 1]
 [0 0 0 0 0 0 0 0 0 0]
 [1 1 0 0 1 1 0 0 0 0]
 [0 1 0 0 1 0 1 1 1 0]
 [0 1 0 0 0 0 1 1 1 0]
 [1 1 0 0 0 0 1 1 1 0]
 [1 1 1 0 0 1 1 1 1 1]
 [0 0 0 0 0 0 1 1 0 0]
 [0 1 1 1 1 1 0 1 1 1]
 [0 0 1 0 1 1 1 1 1 1]
 [0 0 1 1 1 0 0 0 1 0]]
{'restarts': 1, 'conflicts': 220, 'decisions': 521, 'propagations': 285276}
Q is identifiable
branch at 6
runtime for solving id of Q is 0.6411380409263074
Simulation results:
{'J': 100, 'K': 10, 'N': 10, 'p': 0.5, 'seed': 97, 'sim': 6, 'runtime': 0.6411380409263074, 'identifiable': 1, 'branch': 6}
7
Q: [[0 0 1 0 0 0 0 0 1 0]
 [1 0 0 0 1 1 0 1 1 0]
 [0 0 1 1 1 1 1 0 0 0]
 [1 1 1 1 1 1 0 0 0 0]
 [0 0 1 1 1 1 0 0 1 0]
 [1 1 0 0 0 1 0 0 0 0]
 [1 1 0 0 1 1 1 0 1 0]
 [1 1 0 1 1 0 0 1 1 0]
 [1 1 1 1 1 0 1 0 1 0]
 [0 0 0 1 1 0 1 0 0 1]
 [1 0 1 0 1 0 0 1 0 1]
 [0 0 0 0 1 1 1 1 0 0]
 [1 0 0 0 1 1 0 0 0 0]
 [0 0 1 0 1 0 0 0 1 1]
 [0 0 0 1 1 1 0 0 1 0]
 [1 0 1 0 1 1 0 1 0 1]
 [0 1 1 1 0 1 1 1 1 0]
 [1 0 0 0 1 0 0 1 0 1]
 [0 0 0 0 0 1 1 0 1 1]
 [0 1 1 1 1 0 0 1 1 0]
 [1 0 0 1 1 0 0 0 1 1]
 [1 0 0 1 0 0 0 0 1 1]
 [1 0 0 0 0 1 0 0 1 1]
 [0 1 0 0 0 0 1 0 0 1]
 [0 1 0 0 0 1 1 0 0 1]
 [1 1 1 0 1 1 0 0 1 1]
 [0 1 0 0 0 0 1 1 1 0]
 [0 1 0 0 0 1 0 1 0 0]
 [0 0 0 0 0 1 0 0 1 1]
 [1 0 0 0 0 1 0 1 0 1]
 [0 0 1 1 0 0 1 0 1 0]
 [0 1 1 1 1 0 0 0 0 0]
 [0 0 1 1 0 0 0 0 1 1]
 [0 0 0 1 0 1 0 1 1 0]
 [0 1 0 0 0 1 0 0 1 1]
 [0 0 0 0 0 1 1 0 1 1]
 [1 0 1 0 1 0 0 1 0 0]
 [0 0 1 0 1 1 1 1 0 0]
 [0 1 0 0 1 1 0 1 0 0]
 [0 1 1 0 1 1 0 0 0 0]
 [0 0 1 1 1 1 0 0 0 1]
 [0 1 0 0 1 0 1 1 0 0]
 [0 1 0 1 0 0 1 0 1 1]
 [0 1 0 0 0 0 1 0 1 1]
 [1 0 1 1 1 0 0 0 0 1]
 [1 1 0 1 0 0 1 1 1 1]
 [1 1 1 0 1 1 1 1 1 1]
 [1 1 0 0 1 0 0 1 0 0]
 [1 0 1 1 0 0 1 0 1 0]
 [1 1 1 0 1 1 0 0 1 0]
 [0 0 1 1 1 0 0 0 0 0]
 [0 0 0 1 1 1 1 1 1 0]
 [0 1 1 0 1 0 0 1 0 0]
 [0 0 1 0 1 1 0 1 1 1]
 [1 1 0 0 1 1 1 0 0 0]
 [0 0 0 0 0 1 0 1 0 1]
 [0 0 1 1 0 0 1 1 1 0]
 [1 1 0 0 0 0 1 1 0 0]
 [0 1 1 1 0 0 1 0 0 0]
 [1 0 1 1 0 1 0 0 1 1]
 [1 1 1 1 0 0 1 1 1 0]
 [0 1 1 0 0 1 1 0 1 0]
 [0 1 0 0 1 1 0 0 0 0]
 [1 0 1 1 0 0 0 0 0 0]
 [0 0 1 0 1 1 1 1 1 0]
 [0 0 1 0 1 0 1 1 0 0]
 [0 0 1 1 0 1 1 1 0 1]
 [1 0 0 0 1 1 1 0 1 1]
 [1 0 1 1 0 0 0 0 1 0]
 [0 1 1 1 0 1 1 0 0 1]
 [0 1 1 1 0 1 0 1 0 1]
 [1 1 1 1 0 1 1 0 1 0]
 [1 1 0 0 0 1 1 0 0 1]
 [1 0 0 0 0 1 1 1 1 1]
 [0 0 0 1 1 1 0 1 1 1]
 [0 0 0 0 0 0 1 0 0 1]
 [1 1 0 0 0 1 1 1 0 1]
 [1 1 0 0 1 1 1 1 0 0]
 [0 0 1 0 1 0 0 1 1 1]
 [1 0 0 1 0 0 1 1 0 1]
 [1 0 1 0 0 0 1 1 1 0]
 [1 0 0 0 0 0 1 0 1 1]
 [0 0 1 1 0 0 0 0 1 0]
 [1 0 1 1 1 0 0 0 0 0]
 [1 1 1 1 1 1 0 0 0 1]
 [0 1 0 0 1 1 1 0 1 1]
 [0 1 0 1 1 0 1 0 1 0]
 [1 1 1 0 1 0 0 0 0 1]
 [1 1 0 1 0 1 0 0 0 0]
 [1 0 0 1 1 0 1 1 1 1]
 [1 1 0 1 1 1 0 0 0 1]
 [0 0 1 1 0 1 0 0 1 1]
 [0 1 0 0 1 1 1 0 1 1]
 [1 0 0 0 1 0 1 0 0 0]
 [0 0 1 1 1 1 0 0 0 0]
 [1 0 0 0 0 0 1 0 0 1]
 [0 0 1 1 1 0 1 1 1 0]
 [0 0 1 1 0 1 0 1 1 1]
 [1 0 1 0 1 0 0 0 1 1]
 [1 0 1 0 1 0 1 0 1 1]]
{'restarts': 1, 'conflicts': 441, 'decisions': 1037, 'propagations': 746981}
Q is identifiable
branch at 6
runtime for solving id of Q is 0.9338903580792248
Simulation results:
{'J': 100, 'K': 10, 'N': 10, 'p': 0.5, 'seed': 97, 'sim': 7, 'runtime': 0.9338903580792248, 'identifiable': 1, 'branch': 6}
8
Q: [[0 1 1 0 0 0 0 0 1 0]
 [0 1 1 0 1 0 0 1 0 0]
 [1 0 1 0 0 1 1 1 1 1]
 [1 0 0 1 1 1 1 0 0 0]
 [1 0 0 0 1 0 0 0 0 1]
 [0 0 0 0 1 1 0 0 0 1]
 [0 1 1 1 1 0 0 0 1 0]
 [0 1 1 0 0 0 0 1 0 1]
 [0 0 0 0 1 0 1 0 0 0]
 [0 1 0 0 1 1 0 0 1 0]
 [0 0 0 1 1 0 1 0 0 1]
 [0 0 1 0 0 1 0 1 0 1]
 [0 1 0 1 0 0 1 0 0 1]
 [1 0 0 1 0 0 0 1 0 1]
 [1 0 1 1 0 0 0 1 0 0]
 [0 1 1 0 0 1 1 0 0 1]
 [0 0 1 1 1 1 0 0 1 1]
 [1 1 1 1 1 1 0 1 0 0]
 [0 0 0 1 0 0 1 1 1 0]
 [1 1 1 0 0 1 0 0 0 0]
 [1 1 0 1 0 0 0 0 0 0]
 [0 1 1 0 0 0 1 1 1 1]
 [0 0 0 1 1 0 1 1 0 0]
 [1 0 0 1 1 1 1 0 1 1]
 [1 0 0 1 0 0 0 0 1 1]
 [0 0 1 0 1 0 0 1 0 0]
 [1 0 0 1 0 0 0 1 0 0]
 [1 1 1 0 0 1 0 0 1 1]
 [1 1 1 0 0 1 1 0 1 0]
 [0 0 0 0 0 0 0 1 1 1]
 [0 1 1 0 1 0 1 0 1 0]
 [1 0 0 0 0 0 1 1 0 0]
 [1 0 0 1 1 1 1 1 0 1]
 [0 1 0 0 0 1 0 1 0 0]
 [0 1 1 1 1 0 0 0 0 1]
 [0 1 1 0 0 1 0 0 1 0]
 [0 0 1 1 1 0 0 1 0 1]
 [0 0 1 1 0 0 0 0 0 0]
 [0 0 1 0 1 0 0 0 0 1]
 [0 1 0 1 1 1 1 1 1 0]
 [0 0 1 1 0 1 0 0 1 0]
 [1 1 0 0 0 1 1 0 1 0]
 [1 1 1 1 1 0 0 1 0 1]
 [0 1 1 0 0 0 0 1 1 1]
 [0 0 1 0 1 0 0 1 0 0]
 [0 1 0 0 1 0 1 1 0 0]
 [1 1 1 1 0 0 1 0 0 1]
 [1 1 1 1 0 1 1 1 1 1]
 [1 0 0 0 1 1 1 1 0 0]
 [1 0 0 0 1 0 0 1 1 1]
 [0 1 1 0 1 1 1 0 1 1]
 [1 1 1 0 0 0 0 1 1 1]
 [0 0 0 1 1 1 0 1 1 0]
 [1 0 0 0 1 0 0 1 0 1]
 [1 0 0 1 0 0 0 1 1 0]
 [1 1 1 0 0 1 0 0 0 0]
 [1 1 0 0 0 1 1 0 1 1]
 [0 0 0 0 1 1 0 1 1 0]
 [0 0 0 0 1 0 1 1 1 0]
 [0 0 0 1 1 1 1 0 1 1]
 [1 1 1 0 1 1 1 0 0 0]
 [0 0 0 0 0 0 1 1 0 0]
 [0 1 0 0 1 1 0 0 1 0]
 [0 1 1 0 0 0 0 1 0 0]
 [0 0 0 1 1 0 1 1 0 0]
 [1 0 0 0 0 0 1 1 1 0]
 [1 0 0 0 0 1 0 1 1 0]
 [1 0 0 1 1 1 1 1 0 1]
 [0 1 1 1 1 1 1 0 0 1]
 [1 0 0 0 1 1 0 1 1 1]
 [1 0 0 0 0 0 1 1 1 0]
 [0 1 1 0 0 1 1 0 0 1]
 [1 1 0 0 0 0 1 1 0 1]
 [1 0 0 0 1 0 0 0 0 1]
 [0 1 0 0 0 0 0 0 1 1]
 [0 1 1 1 1 1 1 0 0 1]
 [0 1 0 1 1 1 0 1 0 0]
 [0 1 0 1 0 1 1 1 1 0]
 [1 1 1 0 0 0 1 0 1 1]
 [1 1 0 1 0 0 1 1 1 1]
 [1 1 0 1 0 0 0 1 1 1]
 [0 0 0 0 0 0 1 1 1 0]
 [0 0 1 1 1 1 0 0 0 0]
 [1 0 0 0 0 1 1 1 0 1]
 [0 0 0 1 0 1 0 0 0 1]
 [0 0 0 1 0 1 0 0 1 0]
 [1 1 0 1 0 0 0 1 1 1]
 [0 1 1 0 0 1 0 1 1 0]
 [0 0 0 0 0 1 0 0 1 0]
 [0 0 0 1 1 1 0 1 0 0]
 [1 0 1 0 0 0 0 0 1 0]
 [1 1 0 1 1 0 1 1 1 0]
 [1 0 1 0 1 0 0 1 0 1]
 [1 0 0 0 1 0 0 0 0 1]
 [0 1 1 0 1 0 1 0 1 0]
 [0 0 0 1 0 0 0 0 1 1]
 [0 1 0 0 0 1 1 1 0 1]
 [0 0 0 0 0 0 0 0 1 1]
 [0 0 0 0 0 0 0 0 0 0]
 [0 0 0 1 1 1 1 0 0 0]]
{'restarts': 3, 'conflicts': 483, 'decisions': 1542, 'propagations': 967400}
Q is identifiable
branch at 6
runtime for solving id of Q is 0.8787519768811762
Simulation results:
{'J': 100, 'K': 10, 'N': 10, 'p': 0.5, 'seed': 97, 'sim': 8, 'runtime': 0.8787519768811762, 'identifiable': 1, 'branch': 6}
9
Q: [[0 0 1 1 0 1 1 1 1 0]
 [1 1 1 1 0 0 1 0 0 1]
 [1 0 1 0 0 0 1 1 1 1]
 [0 1 1 0 1 0 1 1 1 1]
 [1 0 0 1 1 0 0 1 0 1]
 [0 0 1 0 0 0 0 0 0 1]
 [1 0 0 0 0 1 1 0 0 1]
 [1 1 0 1 1 1 1 0 0 1]
 [1 0 1 0 0 0 0 0 1 0]
 [0 1 1 0 1 1 0 0 1 0]
 [1 0 0 1 0 1 0 0 1 1]
 [0 0 0 1 1 0 1 1 0 0]
 [1 0 1 1 0 1 1 0 0 0]
 [0 0 0 0 0 0 0 0 0 1]
 [1 0 1 1 1 1 0 0 1 0]
 [1 0 0 0 1 0 1 0 0 0]
 [1 1 0 0 1 0 1 1 0 0]
 [0 0 0 0 1 0 1 1 0 0]
 [0 1 0 0 0 0 1 0 1 1]
 [1 0 0 1 1 1 1 0 0 0]
 [0 0 0 0 1 0 0 0 0 0]
 [0 1 0 1 1 1 1 1 0 0]
 [0 1 1 0 0 1 0 1 0 0]
 [0 1 1 1 1 1 1 1 0 1]
 [1 0 1 1 1 1 1 0 0 1]
 [1 0 1 1 1 1 0 1 0 0]
 [0 1 1 0 0 0 1 1 0 0]
 [0 1 0 1 1 1 0 1 0 0]
 [0 0 0 0 0 0 0 0 1 0]
 [1 0 0 0 0 1 1 0 0 1]
 [1 0 0 1 1 1 1 1 1 1]
 [0 1 0 1 1 1 1 1 1 1]
 [1 0 0 0 0 0 0 1 0 1]
 [0 1 0 0 1 1 0 0 1 0]
 [1 0 1 1 0 0 0 1 0 1]
 [0 1 0 0 0 1 1 1 1 1]
 [1 1 0 0 1 0 0 1 1 1]
 [1 1 1 0 0 0 1 1 0 0]
 [0 1 1 0 1 0 1 1 1 0]
 [1 1 0 1 1 1 1 0 1 1]
 [0 1 0 0 1 1 1 1 1 1]
 [0 0 0 1 0 1 0 0 1 1]
 [1 0 0 0 0 0 0 1 1 0]
 [0 1 0 0 0 1 0 1 0 0]
 [0 0 1 1 1 0 1 0 0 0]
 [0 1 0 1 1 1 0 0 1 1]
 [1 0 1 1 0 0 1 1 0 0]
 [1 1 0 1 1 0 1 1 1 1]
 [0 0 1 1 0 1 0 1 0 1]
 [1 0 0 1 1 1 1 0 1 0]
 [1 0 1 1 1 1 1 1 0 1]
 [0 0 0 1 0 0 1 1 1 1]
 [0 1 1 1 0 0 0 0 1 1]
 [0 0 0 1 1 1 1 1 1 1]
 [1 1 0 1 0 0 0 0 0 0]
 [0 1 0 0 1 1 1 1 1 1]
 [1 0 1 0 0 1 0 1 0 0]
 [1 1 0 0 1 1 0 0 0 0]
 [0 0 0 1 0 1 1 0 0 1]
 [1 1 1 0 0 1 0 1 1 0]
 [0 1 1 0 0 1 1 1 0 1]
 [1 1 1 1 0 1 0 1 0 1]
 [0 1 1 1 1 1 0 0 1 1]
 [1 0 0 0 1 1 1 0 0 1]
 [1 0 1 1 0 0 0 1 0 1]
 [0 1 0 1 0 0 1 0 1 0]
 [0 0 0 1 0 0 0 1 0 1]
 [1 0 1 0 1 1 1 1 0 1]
 [1 1 1 1 1 0 0 1 0 1]
 [1 1 0 1 1 0 1 1 1 0]
 [1 1 0 0 0 0 1 1 1 0]
 [0 1 1 1 1 1 1 1 0 0]
 [0 0 0 0 1 1 0 0 1 1]
 [1 0 1 0 0 1 0 1 0 0]
 [1 1 1 1 0 0 0 1 0 0]
 [0 0 0 0 0 1 1 1 1 0]
 [0 1 1 1 1 1 1 0 0 0]
 [0 0 1 0 1 0 1 0 0 0]
 [0 1 0 0 1 0 0 1 1 1]
 [1 1 1 0 0 1 1 0 1 0]
 [1 1 0 1 1 1 0 0 0 0]
 [0 0 0 0 1 0 0 0 0 1]
 [1 1 0 0 1 0 1 0 0 0]
 [0 0 1 0 0 1 0 1 0 0]
 [1 0 0 0 0 0 1 0 1 0]
 [0 1 0 0 1 1 1 0 1 1]
 [0 0 1 0 0 1 0 1 0 1]
 [0 0 0 0 0 1 0 0 1 0]
 [1 1 1 0 1 0 0 1 0 0]
 [0 1 0 1 1 1 0 0 1 0]
 [0 0 0 1 1 0 1 0 1 1]
 [1 0 0 1 1 0 1 0 0 0]
 [0 1 0 1 1 0 1 1 0 1]
 [1 1 1 0 0 1 1 0 1 0]
 [1 1 1 0 0 0 1 1 0 0]
 [0 1 0 1 0 1 0 1 1 0]
 [1 0 1 0 0 1 1 0 0 1]
 [1 1 0 1 1 0 0 1 1 0]
 [1 1 0 1 1 1 0 0 1 0]
 [1 0 0 0 0 0 1 1 0 0]]
{'restarts': 1, 'conflicts': 137, 'decisions': 361, 'propagations': 212847}
Q is identifiable
branch at 6
runtime for solving id of Q is 0.801904521882534
Simulation results:
{'J': 100, 'K': 10, 'N': 10, 'p': 0.5, 'seed': 97, 'sim': 9, 'runtime': 0.801904521882534, 'identifiable': 1, 'branch': 6}
Simulation results:
[{'J': 100, 'K': 10, 'N': 10, 'p': 0.5, 'seed': 97, 'sim': 0, 'runtime': 0.8593221376650035, 'identifiable': 1, 'branch': 6}, {'J': 100, 'K': 10, 'N': 10, 'p': 0.5, 'seed': 97, 'sim': 1, 'runtime': 0.6864156327210367, 'identifiable': 1, 'branch': 6}, {'J': 100, 'K': 10, 'N': 10, 'p': 0.5, 'seed': 97, 'sim': 2, 'runtime': 0.5446074502542615, 'identifiable': 1, 'branch': 6}, {'J': 100, 'K': 10, 'N': 10, 'p': 0.5, 'seed': 97, 'sim': 3, 'runtime': 0.6914175488054752, 'identifiable': 1, 'branch': 6}, {'J': 100, 'K': 10, 'N': 10, 'p': 0.5, 'seed': 97, 'sim': 4, 'runtime': 0.8191222371533513, 'identifiable': 1, 'branch': 6}, {'J': 100, 'K': 10, 'N': 10, 'p': 0.5, 'seed': 97, 'sim': 5, 'runtime': 0.6353641138412058, 'identifiable': 1, 'branch': 6}, {'J': 100, 'K': 10, 'N': 10, 'p': 0.5, 'seed': 97, 'sim': 6, 'runtime': 0.6411380409263074, 'identifiable': 1, 'branch': 6}, {'J': 100, 'K': 10, 'N': 10, 'p': 0.5, 'seed': 97, 'sim': 7, 'runtime': 0.9338903580792248, 'identifiable': 1, 'branch': 6}, {'J': 100, 'K': 10, 'N': 10, 'p': 0.5, 'seed': 97, 'sim': 8, 'runtime': 0.8787519768811762, 'identifiable': 1, 'branch': 6}, {'J': 100, 'K': 10, 'N': 10, 'p': 0.5, 'seed': 97, 'sim': 9, 'runtime': 0.801904521882534, 'identifiable': 1, 'branch': 6}]
