
The Gurobi software has a limited number of licenses. To request a license or
licenses, add this line

    #SBATCH --licenses=gurobi@slurmdb:1

to your SBATCH script, replacing N with the number of licenses you need. Gurobi
will need one license per process.


0
Q: [[0 1 0 1 1 1 1 1 0 1]
 [1 0 0 1 1 1 0 1 1 1]
 [1 1 0 1 0 0 1 1 1 0]
 [1 0 1 1 0 1 0 1 1 1]
 [1 1 1 0 1 1 0 1 1 1]
 [1 1 0 1 1 0 0 1 1 0]
 [1 1 1 1 1 1 0 1 1 1]
 [1 1 0 1 1 1 0 1 1 1]
 [1 0 0 0 0 1 1 0 1 1]
 [1 0 1 1 1 1 1 1 1 0]
 [0 1 1 1 0 1 1 1 0 1]
 [0 0 1 0 1 0 1 0 1 1]
 [1 0 0 1 1 0 1 1 1 0]
 [1 1 0 1 1 1 1 1 1 1]
 [1 0 1 1 1 0 1 0 1 1]
 [1 1 1 1 0 1 1 1 1 1]
 [1 1 0 1 1 0 1 0 1 1]
 [1 0 1 1 1 1 1 1 0 1]
 [1 1 0 1 0 1 1 1 1 0]
 [0 0 1 0 1 1 1 1 1 0]
 [0 0 0 0 1 1 0 1 1 1]
 [1 1 0 0 0 1 0 0 1 1]
 [1 1 1 0 0 1 1 1 1 1]
 [0 0 1 1 0 1 0 1 1 1]
 [0 1 1 1 1 0 1 1 0 1]
 [0 1 0 0 1 1 1 1 1 1]
 [1 1 1 1 1 1 0 1 1 1]
 [1 1 0 0 1 0 0 1 1 0]
 [1 0 1 1 1 1 1 0 0 1]
 [0 1 0 1 1 0 1 0 1 0]
 [1 1 0 0 1 1 1 1 1 1]
 [1 0 1 1 0 1 0 0 1 1]
 [0 1 1 1 1 1 1 1 1 0]
 [1 1 0 1 1 1 0 1 1 1]
 [1 1 1 0 0 1 1 1 1 0]
 [1 1 0 1 1 1 1 1 1 1]
 [0 1 0 0 1 1 1 1 1 0]
 [0 1 1 1 0 1 1 0 1 1]
 [0 1 1 1 1 1 1 1 1 0]
 [1 1 0 1 0 1 1 0 1 0]
 [1 1 0 1 1 1 1 0 1 1]
 [0 0 1 0 1 1 1 1 0 1]
 [1 0 0 0 1 1 0 1 0 0]
 [1 1 1 0 1 1 1 1 1 0]
 [1 1 1 0 1 0 0 1 1 0]
 [1 0 1 1 1 1 0 0 0 0]
 [1 1 1 0 1 0 0 1 0 1]
 [1 1 1 1 1 1 1 0 0 1]
 [1 1 0 0 1 1 0 0 1 1]
 [0 1 0 1 0 0 0 0 1 1]
 [1 0 1 0 1 1 0 1 0 1]
 [1 1 1 1 1 1 1 1 1 0]
 [1 1 0 1 1 0 1 1 1 1]
 [1 1 1 1 1 0 1 1 1 1]
 [1 0 1 1 1 0 1 1 1 1]
 [1 1 0 0 0 1 0 1 0 0]
 [0 1 1 1 1 1 0 1 0 1]
 [1 1 1 1 1 0 1 1 1 1]
 [1 1 1 1 1 0 1 1 1 1]
 [0 0 1 1 1 1 0 1 1 1]
 [0 1 1 1 0 1 0 1 1 1]
 [1 1 1 1 1 1 0 1 1 1]
 [1 1 1 1 0 0 0 1 1 1]
 [1 1 1 1 1 0 1 1 0 1]
 [1 0 1 1 1 0 1 1 1 0]
 [1 1 0 1 1 1 0 0 1 1]
 [1 0 1 0 0 1 0 1 0 0]
 [0 1 0 1 0 0 1 1 1 1]
 [1 0 0 1 1 1 1 0 1 0]
 [1 0 1 1 1 1 1 0 1 1]
 [1 1 1 0 1 1 0 1 1 1]
 [0 1 0 1 0 1 1 1 1 1]
 [1 1 0 0 1 1 1 0 1 1]
 [0 1 1 1 1 1 0 1 1 1]
 [1 1 1 1 0 1 0 0 0 0]
 [1 1 1 1 0 1 1 1 0 1]
 [0 0 1 1 1 1 1 0 1 0]
 [1 1 1 1 0 0 0 1 1 1]
 [0 0 1 0 1 0 1 1 1 1]
 [1 1 1 0 1 0 1 1 1 0]
 [0 1 0 0 0 1 0 1 0 1]
 [0 1 1 1 1 1 1 0 1 1]
 [1 1 1 1 1 0 1 1 1 1]
 [1 0 1 0 1 1 1 1 1 1]
 [1 1 1 1 1 1 1 1 0 1]
 [1 0 1 1 1 1 1 1 0 1]
 [1 1 0 1 1 1 1 1 1 1]
 [0 1 1 1 0 1 0 1 1 1]
 [1 1 1 0 1 1 1 1 1 1]
 [0 1 1 1 0 0 1 1 0 0]
 [1 0 1 1 0 0 0 0 1 0]
 [0 1 0 1 1 0 1 0 1 1]
 [0 0 1 0 0 1 1 1 0 1]
 [0 1 0 0 1 1 1 1 0 0]
 [1 1 1 0 0 0 0 1 0 1]
 [0 0 1 1 0 1 1 1 1 1]
 [1 1 1 0 1 1 0 1 1 0]
 [0 1 1 1 0 1 0 0 1 0]
 [1 0 1 1 1 1 1 0 1 1]
 [0 1 1 0 1 1 1 1 1 1]]
{'restarts': 19, 'conflicts': 10800, 'decisions': 20111, 'propagations': 10228795}
Q is identifiable
branch at 6
runtime for solving id of Q is 1.5595883196219802
Simulation results:
{'J': 100, 'K': 10, 'N': 10, 'p': 0.7, 'seed': 597, 'sim': 0, 'runtime': 1.5595883196219802, 'identifiable': 1, 'branch': 6}
1
Q: [[1 1 1 1 1 1 1 1 0 1]
 [1 1 0 1 1 1 0 1 1 1]
 [0 1 1 1 0 0 1 1 1 1]
 [0 1 1 0 1 0 1 1 1 1]
 [1 1 0 1 1 1 1 1 1 0]
 [1 1 0 1 0 1 1 1 1 0]
 [0 1 1 0 1 1 1 0 1 1]
 [1 0 1 1 0 1 1 1 0 1]
 [1 1 0 1 0 0 1 1 1 1]
 [1 1 1 0 1 1 1 1 0 1]
 [1 1 1 1 1 0 1 1 1 0]
 [1 1 1 1 1 0 1 1 0 1]
 [1 1 1 1 1 1 1 0 1 0]
 [1 1 1 1 1 1 1 1 0 0]
 [1 0 1 1 0 1 0 0 1 1]
 [0 1 0 1 1 1 1 1 1 1]
 [0 1 1 1 1 1 1 1 1 1]
 [1 1 1 1 0 1 1 1 1 1]
 [0 1 0 1 0 0 1 1 0 1]
 [1 1 1 0 0 1 0 1 1 1]
 [1 1 0 1 1 1 0 1 1 1]
 [1 1 1 1 1 0 1 0 1 0]
 [1 0 1 0 0 0 0 1 1 1]
 [1 1 0 1 1 1 1 1 0 1]
 [0 1 0 1 1 0 1 1 1 1]
 [1 0 1 0 1 1 0 1 0 1]
 [1 1 1 1 1 1 1 1 1 1]
 [1 1 1 1 1 1 1 1 1 0]
 [1 1 1 1 0 1 0 0 1 1]
 [1 0 0 0 1 1 1 1 0 1]
 [1 1 0 0 1 0 1 1 0 0]
 [0 0 0 1 1 1 1 1 1 1]
 [1 1 0 1 1 1 0 0 1 1]
 [0 0 1 1 0 1 1 1 1 0]
 [0 1 0 1 0 1 1 1 1 1]
 [1 1 1 1 1 1 1 0 1 1]
 [1 0 1 0 1 1 1 1 0 1]
 [1 1 0 0 1 0 0 1 1 1]
 [1 1 0 1 0 0 1 1 0 1]
 [0 1 1 0 1 1 1 1 0 0]
 [1 0 1 1 0 0 0 0 0 1]
 [0 1 1 0 1 1 0 1 1 0]
 [1 1 1 0 0 1 1 1 0 1]
 [0 1 1 1 0 1 1 0 0 1]
 [1 1 0 1 1 0 1 0 1 0]
 [1 1 0 1 1 1 1 0 0 1]
 [1 1 1 1 0 1 0 0 0 0]
 [1 0 0 1 1 1 1 1 1 0]
 [1 1 0 0 1 0 1 1 1 1]
 [1 1 1 1 1 1 0 1 1 1]
 [1 1 0 0 0 1 1 1 1 1]
 [1 0 1 1 1 0 1 1 1 1]
 [0 1 0 1 0 0 1 1 0 1]
 [1 1 1 1 0 1 1 0 1 1]
 [0 0 1 1 0 1 1 1 1 1]
 [1 0 1 1 1 1 0 1 1 1]
 [0 0 1 1 1 1 0 1 0 1]
 [1 1 0 0 0 0 0 1 1 0]
 [0 1 1 1 1 0 1 0 0 1]
 [1 0 0 0 1 1 0 1 1 1]
 [1 1 1 1 1 0 0 1 1 1]
 [0 1 1 1 0 1 1 1 1 1]
 [1 1 1 1 1 1 1 1 1 1]
 [1 1 1 1 1 1 1 0 1 1]
 [1 0 1 1 1 1 0 1 0 1]
 [0 0 1 0 0 1 1 1 0 0]
 [1 0 0 1 0 1 1 1 1 1]
 [0 1 1 0 1 0 1 1 1 0]
 [0 1 1 0 1 1 1 1 1 1]
 [1 0 1 1 1 0 1 0 1 1]
 [0 1 1 1 1 0 1 0 1 1]
 [0 1 1 1 1 1 0 0 1 0]
 [1 1 0 1 1 0 1 1 1 1]
 [0 1 1 1 1 1 0 1 0 1]
 [0 1 1 1 1 1 0 1 1 1]
 [1 1 0 1 1 1 0 1 0 1]
 [1 0 1 1 1 1 1 1 1 1]
 [0 1 1 1 1 0 0 1 0 1]
 [1 0 1 0 1 1 0 0 1 1]
 [1 0 1 1 1 0 1 1 1 1]
 [1 0 0 0 1 1 1 1 1 1]
 [1 1 1 0 0 1 0 0 0 1]
 [1 1 1 1 1 0 0 1 1 1]
 [1 1 1 1 1 1 0 1 1 0]
 [1 0 0 0 1 1 1 1 1 1]
 [1 1 0 0 1 1 1 1 1 1]
 [1 0 1 1 1 0 1 1 1 1]
 [0 1 1 0 1 1 1 1 0 0]
 [1 1 1 1 1 1 1 1 0 0]
 [1 1 0 1 1 1 1 0 1 1]
 [1 1 0 0 1 1 1 0 1 1]
 [1 1 1 0 1 0 1 0 1 1]
 [1 1 1 1 1 0 0 1 0 0]
 [1 1 1 0 1 1 1 1 0 1]
 [1 1 1 1 1 1 1 1 1 0]
 [1 1 1 1 1 1 0 1 1 1]
 [0 1 0 0 1 0 1 1 1 1]
 [0 1 1 1 1 1 0 1 1 1]
 [1 0 0 1 1 0 1 1 0 1]
 [1 0 1 1 1 1 0 1 1 1]]
{'restarts': 128, 'conflicts': 52874, 'decisions': 78661, 'propagations': 47556974}
Q is identifiable
branch at 6
runtime for solving id of Q is 6.957691005431116
Simulation results:
{'J': 100, 'K': 10, 'N': 10, 'p': 0.7, 'seed': 597, 'sim': 1, 'runtime': 6.957691005431116, 'identifiable': 1, 'branch': 6}
2
Q: [[1 0 1 1 1 1 1 0 1 1]
 [0 1 1 1 0 1 1 1 1 0]
 [1 1 1 0 0 0 0 1 1 1]
 [0 1 1 0 0 1 1 0 1 0]
 [1 1 1 1 1 1 1 1 1 0]
 [1 0 1 0 1 0 1 1 0 0]
 [1 0 1 1 1 0 1 1 0 1]
 [1 1 1 1 1 1 0 0 1 1]
 [0 1 1 1 1 0 1 1 0 1]
 [1 1 1 1 0 1 1 1 1 0]
 [0 1 1 1 0 0 0 1 1 1]
 [1 0 1 1 1 1 1 1 0 1]
 [1 1 0 0 1 0 0 1 0 1]
 [1 1 0 1 1 1 1 1 1 0]
 [1 1 1 1 1 0 1 1 1 1]
 [0 1 1 1 0 0 0 0 0 1]
 [1 1 0 1 1 1 1 1 1 1]
 [1 0 0 1 1 1 1 1 1 1]
 [1 1 0 1 1 0 1 1 0 0]
 [1 0 1 1 1 1 1 1 0 1]
 [0 0 0 1 1 0 1 0 0 1]
 [0 1 1 1 1 1 1 0 1 1]
 [1 0 1 0 0 1 1 1 1 1]
 [1 1 1 1 0 1 1 1 0 1]
 [0 1 1 1 0 0 1 0 1 1]
 [1 1 1 0 1 1 1 0 1 1]
 [1 1 1 1 1 1 1 1 1 1]
 [1 0 1 0 1 1 1 0 0 1]
 [0 1 0 1 1 1 1 0 0 1]
 [0 1 1 1 1 0 1 1 1 0]
 [0 1 1 0 1 0 0 1 0 0]
 [1 0 1 1 0 1 1 0 0 1]
 [1 1 1 0 0 0 0 1 0 1]
 [1 0 1 1 0 1 1 0 1 1]
 [1 1 0 1 0 1 1 1 1 1]
 [1 1 0 0 1 1 0 0 1 0]
 [1 1 0 1 1 1 1 1 0 0]
 [1 0 1 0 1 1 1 1 1 1]
 [0 1 0 1 0 0 1 1 1 0]
 [1 1 1 0 1 0 1 1 0 1]
 [0 0 0 1 1 0 1 0 1 1]
 [0 1 1 0 1 0 1 1 0 1]
 [1 1 1 1 1 0 1 1 1 1]
 [1 1 1 1 0 1 1 0 1 1]
 [0 1 1 1 1 0 1 1 1 0]
 [0 0 1 0 1 1 1 0 1 1]
 [0 1 1 1 1 1 1 1 1 1]
 [1 1 0 1 1 1 0 1 0 1]
 [1 1 1 1 0 1 1 0 1 1]
 [1 1 0 1 1 1 1 1 1 1]
 [0 1 1 1 0 1 1 1 1 1]
 [0 1 1 1 0 1 0 1 1 1]
 [1 0 1 1 1 1 1 1 0 0]
 [1 0 0 0 0 0 1 1 0 1]
 [1 1 1 1 1 0 1 0 1 1]
 [1 1 1 0 1 1 0 0 0 1]
 [0 1 0 1 1 0 0 0 1 1]
 [0 0 1 1 0 0 0 1 1 0]
 [1 1 1 0 1 1 1 1 0 0]
 [1 1 0 1 1 0 1 0 0 0]
 [1 1 0 1 1 0 0 1 1 1]
 [1 1 0 1 1 1 1 1 1 0]
 [1 1 0 1 1 1 0 1 1 1]
 [1 1 0 1 1 1 0 1 1 1]
 [1 0 1 0 0 1 0 1 1 1]
 [1 0 0 0 0 1 0 1 1 0]
 [1 1 1 1 1 0 1 1 0 0]
 [1 1 1 1 1 0 0 1 1 1]
 [0 1 0 0 1 0 1 0 1 1]
 [1 1 0 1 1 0 1 1 1 1]
 [1 0 1 0 1 0 0 1 1 0]
 [0 1 1 0 1 1 0 1 0 1]
 [1 0 1 1 1 0 0 0 1 0]
 [0 1 0 1 0 1 1 0 1 1]
 [1 1 1 0 1 1 1 1 1 0]
 [1 0 1 1 1 1 1 1 1 1]
 [1 0 1 0 1 1 1 0 1 0]
 [0 1 1 0 1 1 1 1 1 1]
 [0 1 1 1 1 1 1 1 0 1]
 [0 1 1 1 1 1 1 1 1 1]
 [0 0 1 1 0 0 1 1 1 1]
 [1 1 1 1 1 0 1 1 1 1]
 [0 0 1 1 1 1 1 1 1 1]
 [0 1 1 1 1 0 1 1 1 1]
 [1 0 0 1 1 0 0 1 1 1]
 [1 1 1 0 1 0 1 0 1 1]
 [1 0 0 1 1 0 1 1 1 0]
 [0 0 1 1 1 1 1 0 1 1]
 [1 1 1 1 1 1 1 0 1 1]
 [1 1 1 1 1 1 0 0 1 1]
 [1 0 1 1 1 1 1 1 1 1]
 [1 1 1 1 1 1 1 0 1 0]
 [1 1 1 1 0 1 1 0 1 1]
 [0 1 1 0 0 0 1 1 1 1]
 [1 1 0 0 1 1 1 1 1 1]
 [0 1 0 1 0 0 1 1 1 1]
 [1 0 0 1 0 1 1 1 0 1]
 [0 1 1 0 1 0 1 1 0 1]
 [1 0 1 1 1 1 0 1 1 1]
 [0 1 1 1 1 0 1 1 1 1]]
{'restarts': 17, 'conflicts': 4606, 'decisions': 9868, 'propagations': 4259248}
Q is identifiable
branch at 6
runtime for solving id of Q is 0.7393281422555447
Simulation results:
{'J': 100, 'K': 10, 'N': 10, 'p': 0.7, 'seed': 597, 'sim': 2, 'runtime': 0.7393281422555447, 'identifiable': 1, 'branch': 6}
3
Q: [[1 1 0 1 1 0 0 1 1 1]
 [0 0 0 1 1 1 0 1 1 1]
 [1 1 1 0 1 1 1 1 1 0]
 [1 1 0 1 1 1 1 1 0 1]
 [0 0 1 1 1 1 1 1 1 1]
 [0 0 1 1 1 0 1 1 1 1]
 [1 1 1 0 1 0 1 1 1 1]
 [0 0 0 1 1 1 1 0 1 1]
 [1 1 1 1 1 0 1 1 0 0]
 [1 1 1 0 1 1 0 1 1 0]
 [0 0 1 0 1 1 1 1 0 1]
 [1 1 1 0 1 1 1 1 1 1]
 [0 1 1 1 1 1 1 0 1 1]
 [1 1 1 0 0 1 1 1 1 1]
 [1 1 0 1 0 0 1 1 0 0]
 [0 1 1 1 1 0 1 1 1 1]
 [1 0 1 1 1 1 1 1 1 1]
 [1 1 1 1 0 1 1 1 1 0]
 [1 1 1 0 1 0 1 0 0 1]
 [1 1 1 1 0 0 1 0 0 1]
 [1 1 1 1 1 1 0 1 1 0]
 [1 1 1 0 1 0 1 0 1 1]
 [1 1 1 1 0 1 0 1 1 1]
 [1 1 1 1 1 1 1 1 1 1]
 [1 1 0 1 1 0 1 1 1 1]
 [0 1 0 1 1 1 0 1 0 1]
 [1 1 1 1 1 1 0 1 1 1]
 [1 1 0 1 0 1 0 1 0 0]
 [1 0 0 1 0 0 1 0 0 0]
 [0 1 0 0 1 0 0 1 0 0]
 [1 1 1 0 0 0 0 1 1 1]
 [0 0 1 1 1 1 1 1 0 1]
 [0 1 1 1 0 1 1 1 1 0]
 [1 0 1 1 1 1 1 0 1 1]
 [1 1 1 0 1 1 0 1 0 1]
 [1 0 0 0 0 1 1 1 1 1]
 [0 1 1 1 1 1 1 1 1 1]
 [0 0 0 1 1 1 0 1 0 1]
 [1 1 1 1 1 0 0 1 1 0]
 [1 0 1 0 1 0 0 1 0 1]
 [1 1 0 1 1 0 1 0 1 0]
 [1 0 1 0 1 1 1 1 1 1]
 [1 1 0 1 1 1 1 1 1 1]
 [0 1 1 1 1 1 1 1 1 1]
 [1 1 1 0 1 1 1 1 1 1]
 [1 1 1 1 1 1 1 1 1 1]
 [1 1 0 1 1 1 1 1 1 1]
 [1 0 1 1 0 0 1 0 1 1]
 [1 1 1 0 1 0 1 1 1 1]
 [1 1 0 1 0 1 1 1 0 1]
 [1 0 1 1 1 1 1 1 1 1]
 [1 0 0 1 1 1 1 0 1 1]
 [0 1 1 0 0 1 1 1 0 1]
 [1 1 1 1 1 1 1 1 0 0]
 [1 0 0 1 0 0 0 1 1 1]
 [0 1 0 1 1 1 1 1 1 1]
 [1 1 1 1 1 0 1 0 1 1]
 [1 1 1 0 0 1 1 1 1 1]
 [0 0 1 1 0 0 1 1 0 0]
 [1 1 0 0 0 1 1 1 0 1]
 [1 1 1 0 0 1 0 0 1 1]
 [0 0 1 0 0 1 1 1 1 0]
 [0 1 1 1 0 1 1 1 0 0]
 [0 1 1 1 1 1 1 0 1 1]
 [0 1 0 1 1 1 1 1 1 1]
 [1 0 1 1 0 1 0 1 1 0]
 [1 1 1 1 0 1 1 1 1 0]
 [1 0 1 1 1 1 1 1 0 1]
 [0 0 1 0 0 0 1 0 1 0]
 [1 1 1 1 1 1 1 1 0 1]
 [0 1 1 1 1 1 1 1 1 0]
 [1 1 0 1 0 0 1 0 1 0]
 [1 1 0 0 0 1 1 1 0 0]
 [0 0 1 0 0 1 1 0 1 1]
 [1 1 0 1 1 0 0 1 1 1]
 [1 1 1 1 1 0 1 0 1 1]
 [1 1 1 1 0 1 1 1 1 1]
 [0 0 1 1 1 1 1 1 1 1]
 [0 1 1 1 1 1 0 0 0 1]
 [0 1 0 1 0 1 1 1 0 1]
 [1 1 0 1 1 0 1 1 1 1]
 [1 1 0 1 0 1 1 1 1 1]
 [0 1 0 0 1 0 1 1 1 0]
 [1 0 1 0 0 0 1 1 0 0]
 [1 1 1 0 1 1 1 1 1 1]
 [0 1 1 0 1 1 0 0 1 0]
 [1 0 1 1 1 0 0 1 0 0]
 [1 0 0 1 0 1 1 1 1 1]
 [1 0 1 1 0 0 1 1 1 1]
 [1 0 1 1 1 1 1 1 1 0]
 [1 1 1 1 0 1 1 1 1 0]
 [0 0 0 0 1 0 1 0 1 1]
 [1 0 0 1 0 0 0 0 0 1]
 [0 0 0 1 1 1 0 1 1 0]
 [1 1 1 1 0 0 0 0 1 0]
 [1 1 0 1 1 1 1 1 0 1]
 [0 0 1 1 1 1 1 1 1 0]
 [1 1 0 1 0 0 1 1 1 0]
 [1 1 1 0 1 1 0 1 0 1]
 [1 1 1 0 0 1 1 0 1 1]]
{'restarts': 17, 'conflicts': 4536, 'decisions': 8818, 'propagations': 4048745}
Q is identifiable
branch at 6
runtime for solving id of Q is 0.6561334813013673
Simulation results:
{'J': 100, 'K': 10, 'N': 10, 'p': 0.7, 'seed': 597, 'sim': 3, 'runtime': 0.6561334813013673, 'identifiable': 1, 'branch': 6}
4
Q: [[0 1 0 1 1 1 0 0 1 1]
 [1 1 0 1 0 1 1 1 1 0]
 [1 1 1 1 0 1 1 1 1 1]
 [1 1 0 1 1 1 1 1 1 1]
 [1 0 0 1 1 1 1 1 1 1]
 [1 1 1 1 0 1 1 1 1 1]
 [1 1 1 0 1 1 1 0 1 1]
 [1 0 0 1 1 1 1 1 1 0]
 [0 1 1 1 0 0 1 1 1 1]
 [0 0 1 1 1 0 0 1 0 1]
 [1 1 0 1 1 0 1 0 1 1]
 [1 1 1 0 1 1 1 1 1 1]
 [1 0 0 1 1 1 0 1 0 0]
 [1 0 1 1 0 1 0 1 1 0]
 [1 1 1 1 1 0 1 1 1 1]
 [1 1 0 1 1 1 1 1 0 1]
 [0 1 1 1 1 0 0 1 0 0]
 [0 1 1 0 0 0 1 1 0 1]
 [0 1 1 1 1 1 1 0 0 1]
 [0 1 1 1 0 1 1 1 1 0]
 [1 1 0 1 1 1 1 1 0 0]
 [1 1 1 1 0 0 1 1 0 1]
 [1 1 0 0 1 1 1 0 1 1]
 [1 0 1 1 0 1 1 0 1 1]
 [1 1 1 1 0 1 1 1 0 1]
 [0 1 1 0 1 1 0 0 1 1]
 [1 0 1 1 1 0 1 0 0 1]
 [1 1 1 1 0 1 0 0 1 1]
 [0 1 1 0 0 1 1 1 1 1]
 [1 0 0 0 1 0 1 0 1 1]
 [1 1 0 1 1 0 1 1 0 1]
 [1 0 0 1 0 1 1 1 1 0]
 [1 1 1 1 1 0 1 1 1 1]
 [1 1 0 1 1 1 0 1 0 0]
 [1 1 0 1 1 0 1 0 1 0]
 [1 1 1 0 1 1 1 1 1 1]
 [1 1 0 1 1 1 0 0 0 1]
 [1 1 1 0 1 0 1 1 1 1]
 [1 1 1 1 0 0 1 1 0 1]
 [0 1 0 1 1 0 0 1 1 0]
 [1 0 1 1 0 1 1 1 1 1]
 [0 1 1 0 1 1 1 1 0 1]
 [1 1 0 1 1 1 0 1 1 1]
 [0 1 0 1 1 1 1 0 1 1]
 [1 1 1 0 1 1 1 0 1 1]
 [1 1 1 1 1 1 1 1 1 1]
 [0 1 1 0 0 1 1 1 1 1]
 [1 0 1 1 0 1 1 1 1 0]
 [1 0 1 1 0 1 1 1 1 0]
 [1 1 1 0 0 0 0 0 1 1]
 [1 1 1 1 1 1 1 1 1 1]
 [1 1 1 0 0 1 0 1 1 1]
 [1 1 1 0 1 0 1 1 1 0]
 [1 0 0 1 1 1 1 0 0 1]
 [1 0 0 0 1 1 0 0 1 1]
 [1 1 0 1 0 1 1 1 0 1]
 [1 1 1 0 0 0 0 0 0 1]
 [1 1 0 1 1 1 1 1 1 1]
 [1 1 1 1 0 1 1 1 0 1]
 [1 0 0 1 1 1 1 0 1 0]
 [1 1 1 1 1 1 1 1 1 1]
 [1 1 1 1 1 1 0 1 1 1]
 [1 1 1 0 1 1 1 0 1 0]
 [1 0 1 1 0 0 1 1 1 0]
 [0 1 1 0 1 0 1 1 1 0]
 [1 1 1 1 1 1 1 1 0 1]
 [1 0 0 1 0 1 1 0 1 1]
 [1 1 0 0 1 1 0 1 0 0]
 [1 1 0 1 0 1 1 1 1 1]
 [1 1 1 0 1 1 0 1 1 1]
 [0 1 1 0 1 1 1 1 0 1]
 [1 0 1 1 1 1 1 1 0 1]
 [1 1 1 0 0 0 0 1 0 1]
 [1 0 0 1 1 1 1 1 1 0]
 [1 0 1 1 1 1 1 1 0 1]
 [1 1 1 1 1 0 1 1 1 1]
 [0 1 1 1 1 1 1 1 0 0]
 [1 1 1 1 1 1 1 1 1 1]
 [0 1 1 1 0 1 1 0 1 0]
 [1 1 0 1 1 1 1 1 1 1]
 [0 1 1 0 0 1 1 0 0 1]
 [0 1 1 1 1 0 0 1 1 0]
 [1 1 0 0 1 1 1 1 1 1]
 [0 1 1 1 0 1 0 1 1 0]
 [0 1 1 1 1 0 1 1 0 1]
 [0 0 0 1 1 1 1 1 1 1]
 [0 1 1 0 0 1 1 1 1 1]
 [0 0 1 0 1 0 0 0 1 1]
 [0 1 1 1 0 0 0 1 1 1]
 [0 0 0 1 1 1 1 1 1 1]
 [1 1 1 1 1 0 1 1 1 1]
 [1 1 1 1 1 1 1 1 0 1]
 [1 1 1 1 1 0 1 1 1 1]
 [0 1 1 1 1 1 1 1 1 0]
 [1 1 1 1 0 1 1 1 0 1]
 [1 1 1 1 1 1 1 1 1 1]
 [1 1 0 1 0 1 1 1 1 1]
 [1 1 0 1 1 1 1 1 1 1]
 [1 0 1 1 0 0 1 1 0 1]
 [1 0 1 1 1 1 1 1 1 1]]
{'restarts': 37, 'conflicts': 18999, 'decisions': 31165, 'propagations': 18659450}
Q is identifiable
branch at 6
runtime for solving id of Q is 2.559170363470912
Simulation results:
{'J': 100, 'K': 10, 'N': 10, 'p': 0.7, 'seed': 597, 'sim': 4, 'runtime': 2.559170363470912, 'identifiable': 1, 'branch': 6}
5
Q: [[1 0 1 0 1 1 0 1 1 1]
 [1 1 1 1 1 1 0 1 0 1]
 [1 1 1 0 1 0 0 1 1 0]
 [0 1 1 1 0 0 1 1 1 1]
 [0 1 1 1 1 1 1 1 1 1]
 [1 1 1 1 1 0 0 1 0 1]
 [1 0 0 1 0 0 1 1 1 1]
 [1 1 1 0 0 0 1 0 0 1]
 [1 1 0 0 1 1 0 1 1 0]
 [1 0 1 1 1 0 1 1 1 0]
 [0 0 0 0 1 1 0 0 1 0]
 [0 0 0 0 1 1 1 1 0 1]
 [0 1 1 1 1 0 1 1 1 1]
 [1 1 0 1 1 0 1 1 1 1]
 [1 1 0 1 1 1 1 0 1 0]
 [1 1 0 1 1 0 1 1 0 1]
 [0 1 1 1 1 1 1 0 0 0]
 [1 1 0 1 0 1 1 1 0 0]
 [1 0 1 1 1 1 1 1 0 0]
 [0 1 1 1 1 0 1 0 1 1]
 [0 1 1 1 1 1 1 1 1 1]
 [1 1 1 1 0 0 1 1 0 1]
 [1 1 1 1 1 1 1 1 1 1]
 [1 0 1 1 1 0 1 0 1 1]
 [0 1 1 1 1 1 1 1 1 1]
 [1 1 1 1 0 1 1 1 1 1]
 [1 1 1 1 0 1 1 1 1 1]
 [0 1 1 1 0 1 1 1 1 0]
 [1 1 0 1 1 1 0 1 0 0]
 [1 1 1 1 1 1 1 1 0 1]
 [1 1 1 1 0 1 0 0 1 1]
 [1 1 1 1 0 1 1 0 1 0]
 [1 1 0 1 1 1 0 1 1 1]
 [0 1 0 1 1 1 0 1 1 1]
 [1 1 0 1 1 1 1 1 1 1]
 [1 1 0 0 1 0 1 0 1 1]
 [1 0 1 1 0 1 1 1 1 0]
 [0 1 1 1 1 1 1 0 1 1]
 [1 1 1 0 1 1 1 1 1 0]
 [1 1 1 1 1 1 0 1 1 1]
 [0 1 0 1 0 1 1 1 0 1]
 [0 1 0 0 0 1 1 1 0 1]
 [1 0 1 1 1 1 1 1 0 1]
 [1 1 1 0 1 1 1 0 0 1]
 [1 0 0 1 1 1 1 1 0 0]
 [1 0 1 0 1 1 1 0 1 0]
 [1 1 1 1 1 1 1 1 0 1]
 [1 1 1 1 1 1 1 1 1 1]
 [1 0 1 0 0 1 1 1 1 0]
 [1 1 0 1 1 1 0 0 1 1]
 [1 1 1 1 0 1 0 1 1 1]
 [1 1 0 0 0 1 1 1 1 1]
 [0 1 0 1 1 0 0 1 1 1]
 [1 1 0 1 1 1 1 0 1 1]
 [1 1 1 1 1 0 1 1 1 1]
 [1 1 1 1 1 1 0 1 0 0]
 [1 1 0 1 1 1 0 1 1 1]
 [1 1 1 1 1 1 1 1 0 0]
 [0 1 0 0 0 0 0 1 1 1]
 [0 0 1 1 1 0 0 0 1 1]
 [0 0 1 1 1 1 1 1 1 1]
 [1 1 1 0 0 0 1 0 0 1]
 [1 1 0 0 1 1 1 0 1 1]
 [1 0 0 1 1 1 0 1 1 1]
 [1 1 1 1 1 0 0 1 0 1]
 [1 1 1 0 1 0 1 1 1 1]
 [1 1 1 1 1 1 1 1 0 1]
 [0 1 1 0 0 1 0 0 1 1]
 [1 0 1 0 1 0 1 1 0 0]
 [1 1 0 1 0 0 1 1 1 1]
 [0 1 1 1 1 0 1 1 1 1]
 [1 1 1 1 0 1 1 1 0 1]
 [1 0 0 1 0 0 1 0 1 1]
 [0 1 0 1 1 1 1 1 1 1]
 [0 1 0 0 0 1 0 1 1 1]
 [1 1 1 1 1 0 1 1 0 1]
 [1 1 1 1 1 1 1 0 1 0]
 [1 1 0 0 1 1 1 1 1 1]
 [0 1 1 0 1 0 1 1 0 1]
 [0 1 1 1 0 0 0 1 0 1]
 [1 1 1 1 1 0 0 1 0 0]
 [1 1 1 1 1 1 1 1 0 0]
 [1 1 1 1 1 0 1 1 1 1]
 [1 1 1 1 0 0 0 1 1 1]
 [1 1 1 1 1 1 0 0 1 1]
 [0 0 1 1 1 0 0 1 1 1]
 [1 1 0 1 0 1 0 1 0 0]
 [1 0 1 1 0 1 1 0 1 1]
 [0 1 1 0 1 1 1 0 1 0]
 [0 1 1 0 0 0 1 1 0 0]
 [1 1 0 0 0 1 1 1 1 1]
 [0 1 1 1 0 0 0 1 0 1]
 [0 0 1 1 1 1 1 1 1 1]
 [0 0 0 1 1 0 1 1 1 1]
 [1 1 0 1 1 0 0 1 1 0]
 [1 0 1 1 1 1 1 1 1 0]
 [1 0 1 1 1 1 0 0 0 1]
 [1 0 0 1 1 1 1 0 0 1]
 [1 1 1 1 1 0 1 0 1 0]
 [1 1 1 1 1 1 0 1 1 1]]
{'restarts': 10, 'conflicts': 3575, 'decisions': 7266, 'propagations': 3861254}
Q is identifiable
branch at 6
runtime for solving id of Q is 0.6650575352832675
Simulation results:
{'J': 100, 'K': 10, 'N': 10, 'p': 0.7, 'seed': 597, 'sim': 5, 'runtime': 0.6650575352832675, 'identifiable': 1, 'branch': 6}
6
Q: [[1 1 1 1 1 0 1 1 1 0]
 [1 1 1 1 0 1 0 0 0 1]
 [1 1 0 1 1 1 0 1 1 1]
 [1 0 0 1 1 1 1 1 1 1]
 [1 1 1 1 1 1 0 0 1 1]
 [1 1 0 1 0 1 0 1 1 1]
 [0 0 1 0 1 0 0 0 0 1]
 [1 0 0 1 1 1 1 1 1 1]
 [1 0 1 0 0 1 1 0 1 0]
 [1 1 0 1 1 0 1 1 1 1]
 [1 0 1 1 0 0 0 1 0 1]
 [1 1 0 1 1 1 1 1 1 1]
 [1 1 1 1 0 0 1 1 1 0]
 [0 1 1 0 0 1 1 0 1 1]
 [1 1 1 1 0 1 1 0 1 1]
 [1 1 1 1 0 1 1 0 0 1]
 [1 1 1 1 1 1 1 0 1 0]
 [0 1 1 1 1 0 0 0 1 1]
 [1 1 1 1 1 1 1 1 0 1]
 [1 1 0 0 0 1 1 1 1 1]
 [1 1 1 0 1 1 1 1 0 1]
 [1 0 1 1 1 1 1 1 1 1]
 [0 1 1 1 1 1 0 1 0 1]
 [1 1 1 1 1 1 1 0 1 1]
 [0 0 1 1 0 0 1 0 1 0]
 [0 0 1 1 1 1 1 1 1 1]
 [1 1 0 0 0 1 0 0 1 1]
 [0 1 1 1 1 1 1 1 0 1]
 [1 1 1 0 1 0 1 1 1 1]
 [1 1 0 1 1 1 0 1 0 1]
 [0 0 0 1 1 1 0 1 1 1]
 [0 1 0 1 1 1 0 1 1 1]
 [0 1 1 1 1 0 1 1 0 1]
 [1 1 1 1 1 1 0 0 0 1]
 [1 1 1 1 0 0 0 1 1 1]
 [1 1 1 1 0 1 0 0 0 1]
 [1 0 1 1 1 0 0 0 0 1]
 [0 0 1 1 1 1 0 1 0 1]
 [1 0 1 1 1 1 1 1 1 1]
 [1 0 0 1 1 1 1 1 1 1]
 [1 1 1 1 0 0 1 1 1 1]
 [1 1 0 1 1 1 0 1 1 1]
 [1 1 1 1 1 1 1 1 1 0]
 [0 1 0 1 1 0 1 1 1 1]
 [0 1 1 1 1 1 1 1 1 1]
 [1 0 1 1 1 0 1 0 1 1]
 [1 1 1 1 0 0 1 1 1 1]
 [1 0 1 1 1 1 1 1 1 1]
 [0 1 1 0 0 0 1 1 0 1]
 [0 1 1 1 1 1 1 1 0 0]
 [0 1 1 0 1 0 1 1 1 1]
 [1 1 0 1 0 1 1 1 1 0]
 [1 1 1 0 0 1 1 1 1 1]
 [1 1 1 0 1 0 1 0 1 1]
 [0 0 1 1 1 1 0 1 1 0]
 [1 0 1 0 1 0 0 1 1 1]
 [1 1 0 1 1 1 1 1 1 1]
 [1 1 1 1 0 1 1 1 0 0]
 [1 1 1 1 1 0 0 1 1 1]
 [1 1 1 1 1 1 1 1 1 1]
 [1 1 1 1 1 1 1 1 1 0]
 [0 1 1 1 1 1 1 1 1 1]
 [1 0 1 1 1 1 1 1 0 1]
 [0 1 1 0 0 1 1 1 1 1]
 [1 1 0 1 1 1 1 1 0 1]
 [1 1 1 0 1 1 1 0 1 0]
 [1 1 1 1 1 1 1 1 0 0]
 [1 1 1 0 1 1 1 1 1 1]
 [0 1 1 0 1 0 1 0 0 1]
 [1 1 1 1 1 1 1 0 1 1]
 [1 1 1 0 1 1 1 1 1 0]
 [1 1 1 1 1 1 1 1 0 1]
 [1 0 1 1 0 0 1 0 1 1]
 [1 0 1 1 1 1 0 1 1 1]
 [1 1 0 1 1 1 1 0 1 1]
 [1 1 1 1 1 0 1 1 0 1]
 [0 0 1 1 1 1 1 0 1 1]
 [1 1 1 1 1 1 1 0 1 1]
 [1 1 1 0 0 1 1 0 1 0]
 [0 1 1 1 1 1 0 1 0 1]
 [1 1 0 1 0 1 0 0 1 0]
 [1 0 0 1 1 1 0 1 0 1]
 [0 1 1 1 0 0 1 1 1 0]
 [0 0 1 0 0 0 0 1 0 1]
 [1 0 1 1 1 1 1 0 1 1]
 [0 1 0 1 1 1 1 1 0 0]
 [1 1 1 0 1 0 0 0 1 1]
 [1 1 1 0 0 1 1 0 1 1]
 [1 1 0 1 1 0 1 0 1 1]
 [1 1 1 1 1 1 1 0 1 1]
 [1 0 1 0 1 1 1 1 1 1]
 [1 0 1 0 1 1 1 0 0 1]
 [1 1 0 1 0 0 1 1 1 1]
 [1 1 1 1 0 1 1 1 1 1]
 [1 0 1 1 1 1 1 1 1 1]
 [0 1 0 0 1 1 1 0 0 1]
 [1 1 1 1 1 1 1 0 0 1]
 [0 1 0 0 1 0 0 1 0 1]
 [1 1 1 1 1 0 1 0 1 1]
 [1 1 1 0 1 1 1 1 1 1]]
{'restarts': 10, 'conflicts': 3383, 'decisions': 7415, 'propagations': 3081821}
Q is identifiable
branch at 6
runtime for solving id of Q is 0.4918965008109808
Simulation results:
{'J': 100, 'K': 10, 'N': 10, 'p': 0.7, 'seed': 597, 'sim': 6, 'runtime': 0.4918965008109808, 'identifiable': 1, 'branch': 6}
7
Q: [[1 0 0 0 1 1 1 0 1 0]
 [0 1 1 1 1 1 1 0 1 1]
 [1 1 0 0 1 1 1 1 0 0]
 [1 1 1 0 1 1 1 1 1 1]
 [1 1 1 1 1 1 0 1 1 1]
 [1 1 0 1 1 1 1 0 0 0]
 [0 1 1 1 1 1 0 1 0 0]
 [1 1 1 0 0 1 1 1 1 1]
 [1 1 1 1 0 1 0 1 0 1]
 [0 1 1 0 1 1 1 1 1 0]
 [1 1 1 0 1 1 0 1 0 0]
 [1 1 1 1 1 1 1 1 1 1]
 [1 1 0 0 1 0 1 1 1 0]
 [0 1 1 1 1 1 0 1 0 0]
 [0 1 1 1 1 1 1 1 1 0]
 [0 1 1 1 1 1 1 1 1 0]
 [1 0 1 0 1 0 1 1 0 0]
 [0 0 1 1 0 1 0 0 1 1]
 [0 0 1 1 0 0 0 1 1 0]
 [1 1 1 1 1 0 1 1 1 1]
 [1 1 0 1 0 1 1 1 1 1]
 [1 1 0 1 1 0 1 1 1 0]
 [1 1 0 0 0 1 1 1 0 0]
 [1 1 1 1 1 1 1 1 1 1]
 [1 0 1 1 0 1 1 0 1 0]
 [1 1 0 1 0 0 1 1 1 1]
 [1 1 1 1 0 1 1 1 1 1]
 [1 1 0 1 1 1 1 1 1 1]
 [0 0 1 1 1 0 0 0 1 1]
 [0 1 1 1 1 1 1 1 0 0]
 [1 0 1 1 1 1 1 1 1 1]
 [0 1 0 1 1 1 1 1 0 0]
 [1 1 1 0 0 1 1 1 0 0]
 [1 1 0 1 1 1 1 1 1 1]
 [1 1 0 0 0 1 0 0 1 1]
 [0 0 1 0 0 0 1 1 1 1]
 [1 1 1 0 0 1 0 0 0 0]
 [1 0 0 0 1 1 0 1 0 0]
 [1 0 1 1 1 0 0 0 1 1]
 [0 1 0 1 0 1 1 1 1 0]
 [1 1 0 1 0 0 1 0 1 1]
 [0 0 0 1 1 1 1 1 0 1]
 [1 1 0 1 1 1 1 0 1 1]
 [1 1 1 0 0 1 0 1 1 1]
 [0 1 1 1 1 1 1 0 1 1]
 [0 0 1 1 0 0 1 0 0 1]
 [0 1 0 0 1 1 1 1 1 0]
 [1 0 1 0 1 1 1 1 0 1]
 [1 1 1 1 1 1 0 1 1 1]
 [0 1 1 0 1 0 1 1 0 0]
 [0 0 1 0 1 0 1 1 1 1]
 [1 0 0 1 1 1 0 0 1 0]
 [0 1 1 1 1 0 1 1 0 1]
 [1 1 0 1 1 0 1 0 1 1]
 [0 1 1 1 1 0 1 1 1 0]
 [0 1 1 0 1 1 1 1 1 1]
 [1 0 1 1 1 1 1 1 1 1]
 [1 1 1 1 1 0 1 0 0 0]
 [1 0 1 1 0 1 1 0 1 0]
 [1 1 1 0 1 1 0 1 0 1]
 [0 0 1 1 0 0 1 0 1 1]
 [1 1 1 1 1 0 1 1 1 1]
 [1 1 1 1 0 1 0 1 1 1]
 [1 1 1 1 1 1 1 1 1 1]
 [0 0 0 1 0 0 1 1 1 1]
 [1 1 1 1 1 0 1 0 0 0]
 [1 1 1 0 1 0 1 1 1 0]
 [1 1 1 1 0 1 1 1 0 0]
 [1 1 1 1 1 1 1 0 0 1]
 [1 0 1 1 0 0 1 1 1 1]
 [0 1 0 1 0 1 1 1 1 1]
 [1 1 0 1 1 1 0 1 1 1]
 [1 0 1 0 0 0 0 0 1 0]
 [1 1 1 1 1 1 1 0 1 1]
 [0 1 1 1 1 1 1 1 1 0]
 [0 1 0 1 1 1 1 0 1 1]
 [1 0 1 1 1 1 1 1 0 0]
 [1 1 1 0 1 0 1 1 1 1]
 [1 1 1 1 1 1 0 0 1 0]
 [1 1 1 1 0 1 0 1 0 1]
 [1 1 0 1 1 0 1 0 1 1]
 [1 1 0 0 1 0 1 1 1 1]
 [1 0 0 1 1 0 0 1 1 0]
 [1 1 1 0 1 1 1 1 1 1]
 [1 0 1 1 1 0 1 0 0 1]
 [0 1 1 1 1 0 1 1 1 1]
 [0 1 1 1 1 1 0 1 0 1]
 [0 0 0 1 1 1 0 0 0 1]
 [0 1 1 0 1 0 1 1 1 1]
 [1 1 1 1 1 1 1 1 1 1]
 [1 1 1 1 1 0 1 1 1 0]
 [1 1 0 1 1 1 1 1 0 1]
 [1 1 1 1 1 1 0 0 0 0]
 [0 1 1 1 1 1 0 1 0 1]
 [0 1 1 1 0 1 1 1 1 1]
 [1 1 1 1 1 0 1 0 1 1]
 [1 0 0 0 0 1 1 1 1 0]
 [1 1 1 1 0 0 1 1 1 0]
 [1 1 1 0 1 0 0 0 1 1]
 [1 1 0 1 0 0 1 1 1 0]]
{'restarts': 22, 'conflicts': 7126, 'decisions': 12596, 'propagations': 7069613}
Q is identifiable
branch at 6
runtime for solving id of Q is 0.9362205434590578
Simulation results:
{'J': 100, 'K': 10, 'N': 10, 'p': 0.7, 'seed': 597, 'sim': 7, 'runtime': 0.9362205434590578, 'identifiable': 1, 'branch': 6}
8
Q: [[1 1 1 1 0 0 0 1 1 1]
 [1 0 1 0 1 1 1 1 1 1]
 [1 1 0 1 1 1 1 1 0 0]
 [1 1 1 1 1 0 0 1 1 1]
 [0 1 1 1 0 1 1 1 1 0]
 [0 1 1 1 1 1 1 1 1 0]
 [1 1 0 0 1 1 1 1 0 1]
 [1 1 1 1 0 1 0 1 1 1]
 [1 0 1 1 1 0 0 0 1 0]
 [1 1 1 1 1 1 1 1 1 0]
 [1 1 0 1 1 1 1 1 0 1]
 [1 0 1 0 1 0 1 1 0 1]
 [1 1 1 0 0 1 1 1 1 1]
 [0 0 1 0 1 1 0 1 1 1]
 [1 1 0 0 1 0 1 0 1 1]
 [1 0 1 1 1 1 1 0 1 0]
 [0 1 1 0 1 1 1 1 0 1]
 [1 1 1 1 1 1 1 1 0 0]
 [0 0 0 1 0 1 1 1 1 1]
 [1 1 0 1 0 1 1 0 1 1]
 [1 0 0 1 1 1 0 0 1 1]
 [1 1 0 0 0 1 1 1 1 1]
 [0 0 1 1 1 0 1 1 1 0]
 [0 1 1 1 1 1 1 1 1 1]
 [0 1 1 1 0 1 1 1 0 0]
 [0 1 1 1 1 0 0 1 1 1]
 [1 0 0 1 1 1 1 1 1 0]
 [1 1 0 1 0 1 1 0 1 1]
 [0 1 0 1 0 1 1 1 1 1]
 [1 1 0 1 1 0 1 1 1 1]
 [1 1 1 1 1 1 1 1 1 1]
 [1 1 0 0 0 1 1 1 1 1]
 [1 1 1 1 1 1 0 1 1 1]
 [0 1 0 1 1 1 1 1 0 1]
 [1 1 1 1 0 0 1 1 1 1]
 [1 0 1 0 1 0 1 1 1 0]
 [1 1 1 1 0 0 1 1 1 1]
 [1 1 1 1 0 1 1 1 1 1]
 [1 0 1 0 0 0 1 0 1 0]
 [1 1 1 1 0 0 1 1 1 1]
 [0 1 1 1 1 1 1 1 1 1]
 [1 0 1 1 1 0 1 1 1 0]
 [1 0 0 0 1 1 1 1 1 1]
 [1 1 1 1 0 1 0 0 1 1]
 [1 1 1 0 1 0 1 1 1 0]
 [1 0 0 0 0 1 1 1 1 1]
 [0 1 1 0 1 1 1 0 0 1]
 [0 1 1 0 0 1 0 0 0 1]
 [1 1 1 1 0 1 1 1 1 0]
 [0 0 0 1 1 1 1 1 1 1]
 [0 1 1 1 1 1 1 1 1 1]
 [1 1 1 0 1 1 1 0 0 0]
 [1 0 1 0 1 1 0 0 1 1]
 [1 1 0 1 1 1 0 1 1 1]
 [0 0 1 0 1 1 1 0 1 0]
 [1 1 1 1 1 1 0 0 1 1]
 [0 1 0 1 0 0 1 1 1 0]
 [1 0 1 1 1 1 1 1 0 0]
 [1 1 0 0 1 1 1 1 1 1]
 [1 0 1 1 1 1 1 1 1 1]
 [0 1 1 1 0 0 1 0 1 1]
 [1 1 1 1 0 1 1 1 1 1]
 [0 1 1 1 1 1 1 1 1 1]
 [0 0 1 1 1 1 1 1 1 1]
 [1 1 0 1 1 0 1 1 1 1]
 [1 1 1 1 1 1 1 1 1 1]
 [0 0 0 1 1 1 1 0 1 1]
 [1 0 0 0 1 0 1 1 1 1]
 [0 1 1 1 1 1 1 1 1 0]
 [1 0 1 1 1 1 1 0 1 1]
 [1 1 1 0 0 0 1 0 1 1]
 [1 1 0 1 1 1 0 0 1 1]
 [1 1 1 0 1 1 1 0 0 1]
 [0 0 0 1 0 1 1 1 0 0]
 [1 1 1 1 1 1 1 0 0 1]
 [1 0 1 1 0 0 1 0 1 1]
 [0 1 1 1 0 1 1 0 1 1]
 [0 1 1 0 1 1 1 1 0 1]
 [0 1 1 0 1 0 0 0 1 1]
 [1 1 1 0 1 0 1 1 1 1]
 [1 0 0 1 0 0 1 1 1 1]
 [1 1 1 0 0 1 1 0 1 1]
 [0 0 0 1 1 1 1 0 1 1]
 [0 1 0 0 0 0 1 1 1 1]
 [1 1 0 1 0 1 1 1 1 1]
 [1 1 0 1 1 1 0 1 0 1]
 [1 0 1 1 1 1 1 0 1 1]
 [1 1 1 0 1 1 1 1 1 1]
 [0 1 1 1 0 0 1 1 1 1]
 [1 0 1 1 0 1 0 0 1 1]
 [1 0 0 1 1 0 0 1 0 0]
 [1 1 1 1 1 0 1 1 1 0]
 [0 1 1 1 1 1 1 1 0 1]
 [0 1 0 1 1 1 1 0 1 1]
 [0 0 1 1 0 1 0 1 0 0]
 [1 0 1 1 1 1 1 1 0 1]
 [1 1 0 1 1 1 0 1 1 0]
 [1 1 0 1 1 1 0 1 1 0]
 [1 1 1 0 0 1 1 1 0 0]
 [1 1 1 0 0 0 1 1 1 1]]
{'restarts': 25, 'conflicts': 11145, 'decisions': 18318, 'propagations': 9824442}
Q is identifiable
branch at 6
runtime for solving id of Q is 1.386499329470098
Simulation results:
{'J': 100, 'K': 10, 'N': 10, 'p': 0.7, 'seed': 597, 'sim': 8, 'runtime': 1.386499329470098, 'identifiable': 1, 'branch': 6}
9
Q: [[0 1 1 1 1 1 0 0 0 1]
 [0 0 1 1 0 1 0 1 0 0]
 [1 1 1 1 0 1 1 1 1 1]
 [1 0 1 0 1 1 1 0 1 1]
 [1 1 1 1 1 1 0 1 1 1]
 [1 0 1 0 0 0 1 0 1 1]
 [1 1 0 1 0 0 0 1 1 1]
 [0 1 0 1 0 1 1 0 1 0]
 [1 1 1 1 0 1 1 0 1 0]
 [0 0 1 0 1 1 1 1 0 1]
 [0 1 1 0 1 0 1 0 1 1]
 [1 0 1 0 1 1 1 1 0 1]
 [0 1 1 1 1 1 0 1 1 1]
 [1 1 0 1 0 1 0 1 1 1]
 [1 1 1 1 1 1 1 1 1 1]
 [1 1 0 1 0 1 0 0 1 1]
 [1 0 0 1 1 1 1 1 0 0]
 [1 0 0 1 0 0 1 1 1 1]
 [0 1 0 0 1 0 1 0 1 1]
 [1 1 0 1 1 1 1 0 1 1]
 [1 0 1 1 1 1 0 1 1 1]
 [1 1 1 0 1 1 1 1 1 0]
 [1 0 1 1 0 1 0 1 1 0]
 [1 1 0 1 1 0 1 0 1 0]
 [1 1 1 0 1 1 1 1 1 0]
 [0 1 0 1 0 0 1 1 1 1]
 [1 1 1 1 1 1 1 0 0 1]
 [1 1 1 1 1 1 1 1 1 1]
 [1 1 0 1 0 1 0 0 1 1]
 [1 1 1 1 1 1 1 1 0 1]
 [1 0 1 1 1 1 0 1 1 1]
 [1 1 0 1 0 0 1 1 1 0]
 [1 1 0 0 1 1 1 0 1 1]
 [0 1 1 0 1 1 1 1 1 1]
 [0 1 1 1 1 1 1 1 0 1]
 [0 1 1 1 0 1 1 1 0 0]
 [1 0 1 1 1 0 0 1 0 1]
 [1 0 1 1 1 0 1 1 1 1]
 [1 1 0 1 1 0 1 1 1 0]
 [0 1 0 1 1 1 1 1 1 1]
 [1 1 1 1 1 1 1 1 1 1]
 [1 0 1 1 1 1 1 0 1 0]
 [0 1 1 1 1 1 1 1 1 0]
 [0 1 1 1 1 1 1 1 1 1]
 [1 1 0 0 1 1 1 0 1 1]
 [1 1 0 1 1 1 1 0 0 1]
 [1 1 1 0 0 0 0 1 0 1]
 [1 1 1 1 1 0 1 1 0 1]
 [1 1 1 1 1 1 1 1 0 1]
 [1 1 1 0 1 1 0 1 1 0]
 [1 1 1 0 1 1 0 1 1 0]
 [1 1 1 1 0 1 1 1 1 1]
 [1 1 0 1 0 1 0 1 1 0]
 [1 1 1 0 0 1 0 1 1 1]
 [1 1 0 1 1 1 0 1 1 1]
 [1 1 1 0 1 0 1 1 0 1]
 [1 0 1 0 0 1 0 1 0 1]
 [0 0 1 1 1 1 0 0 1 1]
 [0 0 0 1 1 1 1 1 0 1]
 [1 1 1 1 1 1 1 0 1 1]
 [1 0 0 1 1 1 1 0 1 1]
 [1 1 1 1 1 1 1 1 1 0]
 [0 1 1 1 1 0 1 1 1 1]
 [1 0 1 1 1 0 0 1 1 0]
 [1 0 1 1 1 1 1 1 1 1]
 [1 1 1 0 1 0 1 1 1 1]
 [1 1 0 0 1 1 1 1 1 0]
 [0 1 1 1 1 1 1 0 0 0]
 [1 1 1 1 1 1 1 1 1 0]
 [1 0 0 1 0 1 1 1 1 1]
 [1 1 1 0 0 1 0 0 1 1]
 [1 1 1 1 1 1 1 0 1 1]
 [0 1 1 1 1 1 0 1 0 1]
 [0 0 1 1 1 1 1 1 1 0]
 [0 1 1 1 1 1 1 1 1 0]
 [1 1 1 1 1 1 1 1 1 1]
 [1 1 1 1 1 1 1 1 1 1]
 [0 1 1 1 1 0 1 1 1 1]
 [0 0 1 1 1 1 0 1 1 0]
 [1 0 1 1 0 0 1 0 1 1]
 [1 0 1 1 1 1 1 0 1 0]
 [1 0 1 1 1 1 1 1 1 1]
 [0 0 0 1 1 1 1 1 1 0]
 [1 1 0 1 1 1 0 1 1 1]
 [0 1 1 0 1 1 1 1 0 1]
 [1 1 1 1 0 0 1 1 0 1]
 [1 0 0 1 0 0 1 1 1 1]
 [1 1 0 1 1 1 1 1 1 0]
 [1 1 1 1 1 1 1 1 1 0]
 [0 1 1 1 1 0 1 0 1 1]
 [0 0 0 1 1 1 0 1 0 0]
 [1 0 0 1 0 1 1 1 1 0]
 [1 1 0 1 1 1 1 1 1 0]
 [1 0 1 1 1 1 1 0 1 0]
 [1 1 1 1 1 1 0 1 1 0]
 [1 0 1 0 1 1 1 0 1 1]
 [1 1 1 1 1 1 1 1 1 1]
 [1 0 1 1 0 1 1 0 1 1]
 [1 1 1 1 1 1 1 1 1 1]
 [0 1 0 1 1 0 1 1 0 1]]
{'restarts': 24, 'conflicts': 8320, 'decisions': 15908, 'propagations': 7009770}
Q is identifiable
branch at 6
runtime for solving id of Q is 1.0738227609544992
Simulation results:
{'J': 100, 'K': 10, 'N': 10, 'p': 0.7, 'seed': 597, 'sim': 9, 'runtime': 1.0738227609544992, 'identifiable': 1, 'branch': 6}
Simulation results:
[{'J': 100, 'K': 10, 'N': 10, 'p': 0.7, 'seed': 597, 'sim': 0, 'runtime': 1.5595883196219802, 'identifiable': 1, 'branch': 6}, {'J': 100, 'K': 10, 'N': 10, 'p': 0.7, 'seed': 597, 'sim': 1, 'runtime': 6.957691005431116, 'identifiable': 1, 'branch': 6}, {'J': 100, 'K': 10, 'N': 10, 'p': 0.7, 'seed': 597, 'sim': 2, 'runtime': 0.7393281422555447, 'identifiable': 1, 'branch': 6}, {'J': 100, 'K': 10, 'N': 10, 'p': 0.7, 'seed': 597, 'sim': 3, 'runtime': 0.6561334813013673, 'identifiable': 1, 'branch': 6}, {'J': 100, 'K': 10, 'N': 10, 'p': 0.7, 'seed': 597, 'sim': 4, 'runtime': 2.559170363470912, 'identifiable': 1, 'branch': 6}, {'J': 100, 'K': 10, 'N': 10, 'p': 0.7, 'seed': 597, 'sim': 5, 'runtime': 0.6650575352832675, 'identifiable': 1, 'branch': 6}, {'J': 100, 'K': 10, 'N': 10, 'p': 0.7, 'seed': 597, 'sim': 6, 'runtime': 0.4918965008109808, 'identifiable': 1, 'branch': 6}, {'J': 100, 'K': 10, 'N': 10, 'p': 0.7, 'seed': 597, 'sim': 7, 'runtime': 0.9362205434590578, 'identifiable': 1, 'branch': 6}, {'J': 100, 'K': 10, 'N': 10, 'p': 0.7, 'seed': 597, 'sim': 8, 'runtime': 1.386499329470098, 'identifiable': 1, 'branch': 6}, {'J': 100, 'K': 10, 'N': 10, 'p': 0.7, 'seed': 597, 'sim': 9, 'runtime': 1.0738227609544992, 'identifiable': 1, 'branch': 6}]
