
The Gurobi software has a limited number of licenses. To request a license or
licenses, add this line

    #SBATCH --licenses=gurobi@slurmdb:1

to your SBATCH script, replacing N with the number of licenses you need. Gurobi
will need one license per process.


0
Q: [[1 1 1 1 1 0 1 1 0 1]
 [0 1 1 1 0 0 1 1 1 1]
 [1 1 1 1 0 1 1 1 1 1]
 [0 1 1 1 1 1 1 1 0 1]
 [1 0 1 0 0 1 1 1 1 1]
 [1 1 1 1 1 1 0 1 0 0]
 [0 1 0 1 1 0 0 1 1 1]
 [1 1 1 0 1 0 1 1 1 1]
 [0 0 1 1 1 1 0 1 1 1]
 [1 0 0 1 0 0 0 1 1 1]
 [0 0 0 1 0 1 1 1 1 1]
 [0 1 1 1 1 1 0 1 0 1]
 [1 1 1 1 1 0 0 0 0 1]
 [0 1 0 1 0 1 0 0 1 0]
 [0 1 1 0 0 1 0 0 1 0]
 [1 1 1 0 1 0 1 1 0 1]
 [0 1 1 0 0 1 0 0 1 1]
 [0 1 0 1 0 1 1 0 0 0]
 [1 1 0 1 0 1 1 1 1 1]
 [1 0 1 1 1 1 0 1 1 1]
 [1 1 1 1 0 0 1 1 1 0]
 [0 1 1 1 0 0 0 1 1 0]
 [1 1 1 1 1 1 0 1 0 1]
 [1 1 1 0 1 0 1 1 1 1]
 [0 1 1 1 1 1 1 1 1 1]
 [1 1 0 1 0 0 0 1 1 1]
 [0 1 1 1 1 1 1 1 1 1]
 [1 1 1 0 1 0 0 1 1 1]
 [0 0 1 0 0 1 0 1 1 1]
 [1 1 1 1 1 1 0 0 1 1]
 [1 1 0 1 1 1 1 1 1 1]
 [1 1 1 1 1 0 0 1 0 0]
 [0 1 1 1 1 0 1 1 0 1]
 [0 0 1 1 1 1 0 0 0 1]
 [1 1 1 1 0 0 1 1 1 1]
 [0 1 1 0 1 0 0 1 0 0]
 [1 1 1 1 0 1 1 1 1 1]
 [1 1 1 1 1 1 1 1 1 1]
 [1 1 0 1 1 1 1 1 1 1]
 [1 0 1 0 1 0 1 1 0 0]
 [1 1 0 1 1 1 1 0 0 1]
 [1 1 1 0 0 1 0 0 0 1]
 [1 1 1 1 1 1 1 1 1 0]
 [0 0 0 0 0 0 0 1 1 0]
 [1 1 0 0 1 1 0 1 0 1]
 [1 1 0 0 1 1 1 1 1 0]
 [1 0 1 1 0 1 1 1 1 0]
 [1 1 1 1 1 1 0 1 1 0]
 [1 0 1 1 0 0 0 1 1 1]
 [0 1 1 1 1 1 1 1 0 1]
 [0 1 1 1 1 1 0 0 1 0]
 [1 1 1 1 1 1 0 1 1 1]
 [0 1 1 1 1 0 1 0 1 1]
 [1 1 1 1 1 1 1 1 1 0]
 [0 1 0 1 1 0 0 0 1 1]
 [1 0 1 0 1 0 1 1 0 0]
 [1 1 1 0 0 1 1 1 1 0]
 [1 1 0 1 0 0 1 1 1 1]
 [1 0 1 0 1 1 1 0 1 0]
 [1 1 1 1 1 1 0 1 1 0]
 [1 1 1 1 1 0 1 0 0 1]
 [0 1 1 1 1 1 1 0 1 0]
 [1 1 1 0 1 1 1 1 1 0]
 [0 0 1 1 0 1 1 0 1 1]
 [1 1 1 1 1 0 1 1 0 1]
 [1 1 1 0 1 1 1 0 1 1]
 [1 1 0 1 1 1 1 1 1 1]
 [0 1 1 1 1 1 1 0 1 1]
 [1 1 1 1 1 1 1 1 1 0]
 [1 0 0 0 1 1 1 1 1 1]
 [1 1 1 0 0 1 1 1 0 0]
 [0 0 1 0 0 0 1 0 1 1]
 [0 0 1 0 0 0 1 1 1 1]
 [1 1 1 1 1 0 1 0 1 1]
 [1 1 0 0 1 1 1 1 0 1]
 [1 1 0 1 1 1 0 1 1 0]
 [1 1 0 1 1 0 1 0 1 1]
 [1 1 1 0 1 0 1 1 1 1]
 [1 0 1 1 0 1 0 0 1 1]
 [0 1 0 1 1 1 1 1 0 1]
 [1 1 0 1 1 1 1 1 1 0]
 [1 1 1 0 1 0 1 1 0 1]
 [1 1 0 1 1 1 0 0 0 1]
 [1 1 1 1 1 1 1 0 1 0]
 [1 1 1 0 1 1 0 1 1 1]
 [1 0 1 1 0 1 1 1 1 0]
 [0 1 1 1 1 1 1 0 1 1]
 [1 1 0 0 1 1 1 1 1 1]
 [1 1 0 1 0 1 1 1 1 1]
 [0 1 0 1 1 0 1 1 0 0]
 [1 0 1 1 1 1 0 1 1 0]
 [0 1 0 0 1 1 1 1 1 1]
 [1 1 1 0 1 1 0 1 0 1]
 [1 1 0 1 1 0 1 1 1 1]
 [0 1 1 0 1 0 1 1 1 0]
 [0 1 1 1 1 0 1 1 1 0]
 [1 0 1 1 1 1 1 1 0 1]
 [1 1 0 0 0 0 0 0 0 1]
 [1 1 0 1 1 0 1 1 1 0]
 [1 1 1 1 1 1 1 1 0 0]]
{'restarts': 10, 'conflicts': 1955, 'decisions': 4602, 'propagations': 1821691}
Q is identifiable
branch at 6
runtime for solving id of Q is 0.4027958018705249
Simulation results:
{'J': 100, 'K': 10, 'N': 10, 'p': 0.7, 'seed': 91, 'sim': 0, 'runtime': 0.4027958018705249, 'identifiable': 1, 'branch': 6}
1
Q: [[1 0 1 1 1 1 0 0 1 1]
 [1 1 0 1 1 1 0 1 0 1]
 [1 1 1 1 1 0 1 1 1 1]
 [0 1 0 0 1 1 0 1 0 1]
 [1 1 1 1 0 1 1 1 1 1]
 [1 1 1 1 1 1 1 0 1 1]
 [1 1 0 0 1 1 0 0 1 1]
 [0 0 0 1 0 0 1 1 1 1]
 [0 0 0 1 1 0 1 1 0 0]
 [1 1 1 1 1 1 0 1 0 0]
 [1 1 0 1 0 1 1 1 1 1]
 [1 0 1 1 0 1 0 1 1 0]
 [1 0 1 0 1 1 1 1 0 1]
 [1 1 1 1 1 0 0 1 1 1]
 [0 1 1 0 1 1 1 1 1 1]
 [1 0 1 0 0 1 0 0 0 0]
 [1 0 1 0 0 1 0 0 1 0]
 [1 1 1 1 1 1 0 1 0 1]
 [1 1 1 1 1 1 0 0 1 0]
 [1 1 0 1 0 1 1 0 1 1]
 [0 1 1 0 1 0 0 1 1 0]
 [1 0 1 1 1 1 0 1 1 1]
 [0 0 1 0 1 1 1 1 0 1]
 [1 1 1 1 1 1 1 1 0 0]
 [1 1 1 1 1 0 1 0 1 0]
 [1 0 0 1 1 0 1 1 1 0]
 [1 1 1 1 1 1 1 1 0 1]
 [1 1 0 1 0 1 1 1 1 0]
 [0 1 0 0 0 0 1 1 1 0]
 [1 1 1 0 0 1 1 1 0 1]
 [1 1 1 0 1 1 0 1 0 0]
 [1 1 1 1 0 0 1 1 1 0]
 [0 1 0 1 1 1 0 0 0 1]
 [1 1 1 1 1 1 0 1 1 0]
 [1 1 1 1 1 1 1 0 1 1]
 [1 0 1 1 0 0 0 1 0 1]
 [1 1 0 0 1 1 1 1 0 1]
 [0 1 1 0 0 0 1 1 0 1]
 [1 1 1 1 0 1 1 1 0 1]
 [1 1 1 1 0 0 1 1 1 0]
 [1 1 0 1 0 0 1 1 0 1]
 [1 1 1 1 1 1 1 0 1 1]
 [0 1 1 1 1 0 0 1 0 1]
 [1 0 0 1 0 0 0 1 0 1]
 [1 1 0 1 1 0 1 0 1 0]
 [0 1 0 0 1 1 0 0 1 1]
 [1 1 1 0 1 1 0 0 1 0]
 [0 1 1 1 1 1 1 0 1 1]
 [1 1 0 1 1 1 1 0 1 0]
 [1 1 1 0 1 1 0 1 1 1]
 [1 1 0 1 1 0 1 1 0 0]
 [1 1 1 1 1 1 0 1 1 0]
 [0 0 1 1 0 1 0 0 1 1]
 [0 1 0 1 1 0 0 1 1 1]
 [0 1 1 0 1 1 1 1 1 0]
 [1 0 1 1 1 0 0 1 1 0]
 [1 1 0 0 0 0 1 1 1 1]
 [0 1 1 1 1 0 0 0 1 1]
 [1 1 0 0 0 1 1 0 1 0]
 [1 1 1 1 0 0 1 1 0 1]
 [1 1 1 1 1 1 1 1 1 0]
 [0 1 1 1 1 1 1 0 1 1]
 [1 1 0 1 1 1 1 1 0 1]
 [0 0 1 1 1 0 1 1 1 1]
 [1 1 0 1 1 1 1 1 1 1]
 [0 0 1 1 1 1 1 0 1 1]
 [0 1 1 1 1 1 0 1 1 1]
 [0 1 1 1 1 1 1 1 1 1]
 [1 1 1 1 0 0 1 1 0 1]
 [0 1 1 0 0 0 0 1 1 1]
 [0 1 1 0 1 1 1 1 1 0]
 [1 0 0 1 1 1 0 1 1 1]
 [1 1 0 1 1 0 0 1 1 0]
 [0 1 1 1 1 1 1 0 0 1]
 [1 0 0 0 1 0 1 1 0 1]
 [1 1 0 1 0 1 1 1 1 0]
 [1 0 1 1 1 0 1 1 1 1]
 [1 1 1 1 1 1 1 1 1 1]
 [1 0 1 0 1 0 1 1 1 1]
 [1 1 1 1 1 1 1 1 0 1]
 [1 1 1 1 0 0 1 1 1 0]
 [1 1 1 0 1 1 1 0 0 0]
 [1 1 0 0 0 1 1 0 1 1]
 [1 1 0 0 1 1 0 1 1 0]
 [1 1 1 1 1 0 1 0 0 0]
 [1 1 1 0 1 0 0 1 1 0]
 [0 1 1 0 1 1 0 0 0 1]
 [1 0 0 1 1 1 1 0 1 0]
 [1 1 1 1 0 1 1 1 1 0]
 [1 1 0 1 1 1 1 0 1 0]
 [0 1 1 1 1 1 1 1 1 0]
 [1 1 1 1 1 0 0 1 0 0]
 [1 0 1 1 1 1 1 1 1 1]
 [1 1 0 0 1 0 1 1 0 0]
 [1 1 1 0 0 0 1 0 1 1]
 [1 1 1 1 1 0 0 1 1 0]
 [0 1 1 1 1 0 0 1 1 1]
 [1 1 1 1 1 1 1 1 1 1]
 [1 0 1 0 1 1 0 0 0 1]
 [0 1 0 1 1 1 1 0 0 0]]
{'restarts': 28, 'conflicts': 9469, 'decisions': 16956, 'propagations': 10324791}
Q is identifiable
branch at 6
runtime for solving id of Q is 1.5389770660549402
Simulation results:
{'J': 100, 'K': 10, 'N': 10, 'p': 0.7, 'seed': 91, 'sim': 1, 'runtime': 1.5389770660549402, 'identifiable': 1, 'branch': 6}
2
Q: [[1 1 1 1 1 0 0 0 1 1]
 [0 1 1 0 0 0 1 1 1 1]
 [1 1 0 1 1 1 1 0 1 0]
 [1 0 0 1 0 0 1 1 1 0]
 [1 1 1 1 0 1 0 1 1 1]
 [1 1 1 1 1 1 1 1 1 1]
 [1 1 1 1 1 1 0 1 0 0]
 [0 0 1 1 1 1 0 0 1 1]
 [1 1 1 1 1 1 1 1 1 1]
 [1 1 1 0 0 0 0 1 1 1]
 [0 1 0 0 1 1 1 0 0 0]
 [1 1 1 1 1 0 0 1 1 1]
 [0 1 1 1 0 0 1 1 1 1]
 [1 0 1 0 1 1 1 0 1 1]
 [1 1 0 0 1 1 0 1 1 1]
 [1 1 1 0 1 0 1 0 1 1]
 [1 1 0 1 1 0 1 1 1 0]
 [1 1 1 1 1 1 0 1 0 1]
 [0 0 1 0 0 1 1 1 0 0]
 [1 1 0 1 1 1 1 1 1 0]
 [0 0 0 1 1 1 1 0 1 1]
 [1 1 0 1 0 1 0 1 1 0]
 [0 1 1 1 1 1 1 0 1 1]
 [0 1 1 1 1 1 1 1 1 0]
 [1 1 0 1 0 1 0 1 1 1]
 [0 0 1 1 1 1 1 1 1 1]
 [1 1 1 1 1 1 1 1 0 1]
 [1 0 0 1 1 1 1 1 1 0]
 [0 1 1 1 1 1 0 1 1 0]
 [1 1 1 1 1 1 1 1 0 1]
 [1 1 0 1 1 1 1 1 0 1]
 [0 0 1 1 0 1 1 0 1 1]
 [0 1 0 1 0 0 0 1 1 1]
 [0 1 1 1 1 1 0 1 1 1]
 [0 1 1 1 0 1 0 1 0 1]
 [1 1 0 1 1 1 1 1 1 1]
 [1 0 1 1 0 1 1 1 1 1]
 [0 1 1 1 1 0 1 1 1 1]
 [0 0 1 1 1 1 1 0 0 0]
 [0 1 1 1 1 1 1 1 1 1]
 [0 0 0 1 0 1 0 1 1 1]
 [0 0 1 1 1 1 1 1 1 1]
 [0 1 1 1 1 1 0 0 1 1]
 [1 1 1 1 0 1 1 0 0 1]
 [1 1 1 0 1 1 1 0 1 1]
 [0 0 1 1 1 1 0 1 1 1]
 [0 1 1 1 1 1 1 1 0 1]
 [1 1 1 0 1 1 0 1 1 1]
 [0 0 1 0 0 0 1 1 1 0]
 [1 0 0 1 0 1 0 1 0 0]
 [1 1 1 1 1 0 1 0 1 0]
 [0 1 0 1 1 1 0 0 1 1]
 [1 1 1 1 1 1 0 1 1 1]
 [1 0 0 1 1 1 0 0 1 1]
 [0 0 1 0 1 1 1 1 1 1]
 [1 1 1 1 1 0 0 1 0 1]
 [1 0 1 1 0 1 1 0 1 0]
 [1 1 0 1 1 1 1 1 1 1]
 [1 1 1 1 1 1 1 1 0 0]
 [1 1 1 0 0 1 1 1 1 0]
 [0 0 1 1 1 1 1 1 1 1]
 [0 1 1 0 1 0 0 1 1 1]
 [0 1 1 1 1 1 1 1 0 1]
 [0 1 1 0 1 1 1 1 1 1]
 [0 1 1 1 1 1 0 1 1 0]
 [1 1 1 1 1 0 1 1 1 1]
 [1 1 1 0 1 1 0 1 1 1]
 [1 1 1 1 1 0 1 1 1 1]
 [1 0 1 1 0 1 0 1 1 0]
 [1 1 1 1 1 1 1 1 0 1]
 [1 1 1 1 1 1 1 1 0 0]
 [0 0 1 1 0 1 1 0 1 1]
 [1 1 1 1 1 1 1 1 1 1]
 [1 0 0 0 0 1 1 0 1 1]
 [1 1 1 0 1 1 0 1 0 0]
 [0 1 1 1 1 1 0 1 1 1]
 [0 0 1 1 1 1 1 0 1 1]
 [1 1 1 1 1 0 1 1 0 1]
 [1 0 1 0 1 1 0 1 0 1]
 [0 0 1 1 1 1 0 1 1 1]
 [0 0 1 1 1 0 1 1 0 0]
 [1 1 0 1 1 1 1 1 1 0]
 [1 1 0 1 1 1 0 1 1 0]
 [1 1 1 0 0 1 1 0 1 0]
 [0 1 1 1 1 1 1 1 1 0]
 [0 0 1 1 1 1 0 1 0 1]
 [1 1 0 0 0 1 1 1 1 1]
 [1 1 0 1 1 1 1 0 1 1]
 [0 1 1 0 1 1 1 0 1 1]
 [1 1 1 1 1 0 1 1 1 0]
 [1 0 1 1 0 1 1 1 1 1]
 [1 1 1 1 1 1 0 1 1 1]
 [1 1 1 1 1 1 1 1 0 1]
 [1 1 0 1 0 1 1 0 1 0]
 [1 1 1 1 1 1 1 0 1 1]
 [1 1 1 1 1 1 1 1 0 0]
 [1 1 1 1 1 1 0 1 1 0]
 [1 1 1 1 1 0 1 1 0 1]
 [1 0 1 1 0 1 1 1 1 1]
 [1 1 0 1 1 1 0 1 1 1]]
{'restarts': 17, 'conflicts': 8448, 'decisions': 14816, 'propagations': 6998305}
Q is identifiable
branch at 6
runtime for solving id of Q is 1.006565798074007
Simulation results:
{'J': 100, 'K': 10, 'N': 10, 'p': 0.7, 'seed': 91, 'sim': 2, 'runtime': 1.006565798074007, 'identifiable': 1, 'branch': 6}
3
Q: [[1 1 1 1 1 0 1 0 1 1]
 [0 1 1 0 1 1 0 0 1 0]
 [1 1 0 1 1 0 1 1 0 1]
 [1 1 1 1 1 1 1 1 1 0]
 [1 1 0 1 0 0 1 0 1 1]
 [1 1 1 1 0 1 1 1 1 1]
 [1 1 0 1 1 1 1 1 1 1]
 [0 1 0 1 0 1 1 0 1 1]
 [0 1 0 1 1 0 0 1 1 0]
 [1 1 1 0 0 1 1 1 0 1]
 [1 0 1 1 1 1 0 0 1 0]
 [0 1 1 1 0 0 0 1 0 1]
 [1 1 1 1 1 1 1 0 0 1]
 [1 1 1 0 1 1 0 1 1 1]
 [0 1 1 1 0 1 0 1 0 0]
 [1 1 1 0 1 1 0 1 1 1]
 [1 0 1 1 1 0 1 1 1 0]
 [1 1 0 1 0 1 1 1 1 1]
 [1 0 1 0 0 1 1 1 1 0]
 [1 1 0 1 1 1 1 1 1 1]
 [1 0 0 1 1 1 0 1 1 0]
 [1 1 0 1 1 1 1 1 1 0]
 [1 1 1 0 1 1 1 1 1 0]
 [1 1 1 0 1 1 1 1 1 0]
 [1 1 1 0 1 1 1 1 0 1]
 [0 1 1 1 1 1 0 1 0 1]
 [1 1 1 1 1 1 1 1 1 1]
 [0 1 1 1 0 1 1 0 0 1]
 [1 1 1 1 1 1 1 1 1 1]
 [0 1 1 0 0 0 1 1 1 1]
 [0 1 1 1 1 1 1 0 1 0]
 [1 1 1 0 1 1 1 1 1 1]
 [1 0 1 0 0 1 1 1 1 1]
 [1 1 1 1 0 1 1 1 1 0]
 [1 1 0 0 1 1 1 1 1 1]
 [1 1 1 0 0 1 0 1 1 1]
 [1 1 1 1 1 0 1 1 1 0]
 [1 1 1 0 1 1 1 1 1 1]
 [1 1 0 1 1 1 1 1 1 0]
 [0 1 1 1 0 0 1 1 0 1]
 [1 0 0 1 1 1 0 0 1 1]
 [1 1 1 1 1 0 1 0 1 0]
 [1 0 0 1 1 1 1 1 1 1]
 [0 1 0 1 1 1 0 0 1 1]
 [0 1 1 1 1 1 1 1 1 1]
 [1 0 1 1 0 1 1 0 1 1]
 [0 1 1 1 0 1 1 1 1 0]
 [1 1 0 0 0 0 1 1 1 1]
 [0 1 1 1 1 1 1 1 1 1]
 [1 1 1 0 0 1 1 1 1 1]
 [1 1 1 1 1 1 0 1 0 1]
 [1 1 1 1 1 0 1 1 1 1]
 [1 0 1 0 0 1 1 1 0 1]
 [1 1 0 1 1 1 1 1 1 1]
 [1 1 0 1 1 0 1 0 1 0]
 [1 1 0 0 1 1 1 1 1 1]
 [1 1 1 0 0 1 0 1 0 1]
 [0 0 0 1 1 1 0 1 1 1]
 [1 1 1 1 1 0 0 1 1 1]
 [1 1 1 1 0 0 1 1 1 0]
 [1 0 1 1 1 1 1 1 0 0]
 [1 0 0 1 1 1 1 0 1 1]
 [1 0 0 1 1 1 1 0 1 1]
 [1 0 1 0 1 1 1 1 0 1]
 [1 1 1 1 1 0 1 1 0 1]
 [1 1 0 1 1 0 1 1 1 1]
 [0 1 1 1 1 1 0 1 0 1]
 [0 0 1 1 1 1 1 1 0 1]
 [1 1 0 0 0 1 0 1 1 1]
 [1 0 0 0 1 1 1 0 0 0]
 [1 0 0 1 1 1 0 0 1 0]
 [1 1 1 1 1 0 0 1 1 1]
 [0 1 0 0 1 1 0 0 1 1]
 [0 0 1 1 0 0 1 1 1 0]
 [1 1 1 0 1 1 1 0 1 0]
 [0 1 0 1 1 1 1 1 1 0]
 [0 1 1 0 1 1 0 1 1 1]
 [1 0 1 0 1 1 1 1 0 1]
 [1 1 1 0 0 1 1 1 1 1]
 [1 1 0 1 1 1 1 1 1 0]
 [1 1 1 1 0 1 1 1 1 1]
 [1 1 1 1 1 1 0 1 1 1]
 [1 0 1 1 1 0 0 1 1 0]
 [1 0 1 1 1 1 1 1 1 1]
 [0 0 1 1 1 1 1 0 0 1]
 [1 0 1 0 1 1 1 1 1 1]
 [0 0 1 1 0 1 1 1 0 1]
 [1 0 1 0 0 0 1 0 1 1]
 [1 1 0 0 1 1 1 0 1 0]
 [1 0 1 0 1 0 1 1 1 1]
 [1 1 0 0 1 0 0 0 1 0]
 [1 1 1 1 1 1 1 0 1 1]
 [0 1 1 1 1 1 1 1 0 1]
 [1 1 1 1 1 1 1 1 0 1]
 [0 1 1 1 1 1 1 1 1 0]
 [0 1 0 1 0 0 0 0 0 1]
 [0 1 1 1 0 0 1 1 0 0]
 [0 1 1 0 1 0 1 0 1 1]
 [1 0 1 1 1 1 1 1 1 0]
 [1 1 1 0 1 1 1 0 1 0]]
{'restarts': 42, 'conflicts': 22997, 'decisions': 37008, 'propagations': 18924935}
Q is identifiable
branch at 6
runtime for solving id of Q is 2.632829364389181
Simulation results:
{'J': 100, 'K': 10, 'N': 10, 'p': 0.7, 'seed': 91, 'sim': 3, 'runtime': 2.632829364389181, 'identifiable': 1, 'branch': 6}
4
Q: [[1 1 1 1 1 1 1 1 1 0]
 [1 1 1 1 1 1 1 0 1 1]
 [0 1 1 1 0 0 0 1 1 0]
 [1 1 1 0 0 1 0 1 0 1]
 [1 0 1 0 1 1 1 1 1 1]
 [1 1 0 1 1 1 1 0 1 1]
 [1 0 0 1 1 1 1 0 1 0]
 [1 1 1 1 1 1 1 0 1 1]
 [1 1 1 0 1 1 1 1 1 1]
 [1 1 1 1 0 1 1 1 1 0]
 [1 1 0 1 0 1 0 1 1 1]
 [1 1 1 0 1 0 1 1 0 1]
 [1 1 1 0 1 1 0 0 1 1]
 [1 1 1 1 1 1 1 1 0 0]
 [1 1 1 1 0 1 1 0 1 1]
 [0 1 1 1 1 0 1 1 1 1]
 [0 0 1 0 0 1 1 1 1 1]
 [1 1 1 1 1 1 1 1 1 1]
 [1 1 1 1 1 1 1 1 1 1]
 [1 1 0 1 0 0 0 1 1 1]
 [0 1 1 1 1 1 1 1 0 1]
 [0 1 0 0 1 0 1 0 1 0]
 [1 1 1 0 0 1 1 1 1 1]
 [1 0 1 1 1 1 1 1 1 1]
 [1 0 1 1 1 1 1 0 1 1]
 [1 1 1 1 1 1 1 1 1 1]
 [1 1 0 1 0 1 0 1 0 1]
 [1 1 1 1 1 1 1 0 1 1]
 [0 1 0 1 1 1 1 0 1 0]
 [1 0 1 1 0 1 1 1 0 1]
 [1 0 1 1 1 0 1 0 1 1]
 [0 1 1 1 0 0 0 1 0 1]
 [0 0 0 0 0 1 1 1 0 0]
 [0 1 1 1 0 1 1 1 0 1]
 [1 1 1 1 1 1 1 0 1 1]
 [0 1 0 0 1 0 1 0 1 1]
 [1 0 1 1 1 0 0 1 0 1]
 [1 0 0 1 1 0 1 1 1 1]
 [0 1 1 1 1 1 0 0 1 1]
 [1 0 1 1 1 1 0 0 1 1]
 [0 1 1 1 0 1 1 0 1 1]
 [0 1 1 0 0 0 0 1 1 0]
 [1 0 1 1 1 1 0 0 1 1]
 [1 1 0 0 0 0 1 1 0 1]
 [0 1 1 1 0 1 0 1 0 0]
 [1 1 0 0 0 0 1 1 0 1]
 [0 1 1 1 0 1 0 1 1 1]
 [1 1 0 0 1 1 1 1 0 1]
 [1 0 1 1 1 0 1 1 1 1]
 [1 1 1 1 0 1 0 1 1 1]
 [1 1 1 0 1 0 1 0 0 1]
 [0 1 1 1 1 0 0 0 1 1]
 [1 0 0 0 1 1 0 1 1 0]
 [1 1 1 1 1 1 0 1 1 0]
 [1 1 1 0 1 1 0 1 0 0]
 [1 1 1 1 1 0 1 1 1 1]
 [1 1 1 1 1 1 1 1 0 1]
 [0 1 1 1 1 1 0 0 1 1]
 [1 0 1 0 1 1 1 0 0 0]
 [1 1 0 1 1 1 0 1 1 1]
 [0 1 1 1 1 0 1 1 1 0]
 [1 0 1 1 0 0 0 1 1 1]
 [1 1 0 0 1 0 1 1 1 1]
 [1 1 1 0 0 0 0 1 1 0]
 [0 0 1 1 1 1 1 0 1 1]
 [1 1 1 1 1 1 1 1 0 1]
 [1 1 0 1 1 0 0 0 1 1]
 [1 0 1 1 0 1 1 1 0 1]
 [0 0 1 1 1 0 1 1 1 1]
 [0 0 0 1 1 1 1 1 1 0]
 [0 1 0 1 1 1 1 0 0 1]
 [1 0 0 1 1 0 1 1 1 1]
 [1 1 0 1 0 1 1 1 1 1]
 [1 0 1 0 1 0 0 1 1 1]
 [1 1 1 1 1 1 1 1 0 1]
 [1 1 0 1 0 0 0 0 0 0]
 [1 1 0 1 1 1 1 0 1 0]
 [1 0 1 1 1 1 0 1 1 0]
 [0 0 0 1 0 1 0 0 1 0]
 [1 1 1 0 0 1 1 0 1 1]
 [1 1 1 0 1 0 1 0 1 0]
 [1 0 1 1 1 1 1 0 1 0]
 [1 0 1 1 0 1 1 1 1 0]
 [1 1 1 1 1 0 1 0 1 1]
 [0 0 1 1 0 1 1 1 1 1]
 [1 0 1 0 1 1 1 1 0 0]
 [1 0 1 1 1 1 1 1 1 1]
 [0 1 1 1 0 0 0 0 1 1]
 [0 1 1 0 1 1 1 0 1 0]
 [1 1 1 1 1 1 1 0 1 1]
 [1 0 0 1 1 1 1 0 1 0]
 [1 1 1 1 1 1 0 1 1 1]
 [1 1 1 0 1 1 0 1 0 1]
 [1 1 0 1 1 0 1 0 1 1]
 [1 1 1 1 1 1 0 1 1 0]
 [1 1 1 0 1 0 0 0 1 1]
 [0 1 0 1 0 1 0 1 1 0]
 [1 0 1 0 1 1 0 0 0 0]
 [1 1 0 1 0 1 1 1 1 1]
 [1 0 1 1 1 1 1 1 0 0]]
{'restarts': 9, 'conflicts': 4430, 'decisions': 8686, 'propagations': 3615138}
Q is identifiable
branch at 6
runtime for solving id of Q is 0.6579180955886841
Simulation results:
{'J': 100, 'K': 10, 'N': 10, 'p': 0.7, 'seed': 91, 'sim': 4, 'runtime': 0.6579180955886841, 'identifiable': 1, 'branch': 6}
5
Q: [[1 0 1 1 1 1 1 1 1 0]
 [1 1 0 1 1 1 0 0 1 1]
 [1 1 1 0 0 1 1 1 0 1]
 [1 0 0 1 1 0 0 1 0 1]
 [1 1 1 1 1 1 1 0 1 1]
 [1 1 1 1 1 1 1 1 1 0]
 [1 1 1 1 0 1 0 1 1 0]
 [1 1 1 1 1 0 0 1 1 0]
 [1 0 1 1 1 1 1 0 0 1]
 [1 1 0 1 1 1 1 1 0 0]
 [1 1 1 0 1 1 1 0 0 0]
 [1 0 1 1 1 1 0 0 1 0]
 [1 1 1 1 1 1 1 1 1 1]
 [1 1 0 1 1 1 1 0 1 1]
 [1 0 0 1 0 1 1 1 0 1]
 [1 1 1 1 1 0 0 1 1 1]
 [0 1 1 1 0 0 1 1 1 1]
 [1 0 1 1 1 0 0 0 0 1]
 [1 1 0 1 0 1 1 1 1 1]
 [1 1 0 1 0 1 1 1 1 1]
 [1 1 0 1 1 1 1 0 1 0]
 [1 0 1 1 0 1 1 1 1 0]
 [1 1 1 1 0 1 1 1 1 0]
 [1 1 1 0 1 1 1 1 1 1]
 [1 0 1 1 1 1 1 1 1 0]
 [0 1 1 1 1 1 1 0 1 1]
 [1 1 1 1 1 0 1 1 1 1]
 [1 1 0 0 1 1 0 0 0 1]
 [0 0 1 0 1 0 1 0 1 1]
 [1 1 1 0 1 0 0 1 1 0]
 [1 0 1 0 1 0 0 0 1 1]
 [1 1 0 1 1 1 0 1 1 1]
 [1 1 0 0 1 1 1 1 1 1]
 [0 0 0 1 1 1 0 1 1 0]
 [0 1 0 1 1 1 0 1 0 0]
 [1 1 1 0 1 1 0 1 1 1]
 [0 1 1 1 1 1 0 1 1 0]
 [0 1 1 1 1 1 0 0 0 1]
 [0 1 1 1 0 1 1 0 0 0]
 [1 1 0 0 0 0 0 1 0 1]
 [0 1 1 0 0 1 1 1 1 1]
 [1 0 1 0 0 1 1 1 1 1]
 [1 0 0 1 1 1 1 1 1 0]
 [0 0 1 0 0 1 1 1 0 1]
 [0 1 0 1 1 1 0 1 0 1]
 [1 0 1 0 1 0 1 1 1 1]
 [0 1 1 0 1 1 1 0 1 1]
 [1 1 1 1 1 1 1 1 0 1]
 [1 1 1 1 0 0 1 1 0 1]
 [0 1 0 1 1 0 1 1 1 1]
 [1 1 1 0 1 0 0 1 1 1]
 [1 1 1 1 0 1 0 1 1 1]
 [1 1 1 1 1 1 1 1 1 0]
 [0 0 1 1 0 0 1 1 1 1]
 [1 1 1 0 1 1 1 1 0 0]
 [1 0 0 1 1 1 1 1 1 1]
 [1 0 1 1 1 1 1 1 0 1]
 [1 1 0 1 0 1 0 0 1 1]
 [1 1 0 0 1 1 1 0 0 1]
 [0 1 0 1 1 0 1 1 1 1]
 [1 1 0 1 1 1 0 1 1 1]
 [1 1 1 1 1 1 1 0 1 0]
 [1 1 1 1 1 1 1 1 1 1]
 [0 1 0 0 1 0 1 1 1 1]
 [1 0 1 1 1 0 1 1 1 1]
 [0 1 0 1 1 1 1 1 1 1]
 [0 0 1 0 1 1 1 1 1 1]
 [1 0 1 0 1 0 1 1 1 1]
 [0 1 1 1 1 1 1 1 0 0]
 [1 0 1 0 1 1 1 1 1 1]
 [1 1 1 0 1 1 1 0 1 1]
 [0 1 1 0 1 0 1 1 1 1]
 [0 1 1 0 0 1 1 1 1 1]
 [0 1 1 1 0 1 1 0 1 1]
 [1 0 1 1 1 1 0 1 0 1]
 [1 1 1 0 1 1 0 1 1 1]
 [0 1 0 1 1 1 1 0 0 0]
 [1 1 1 1 0 1 1 1 1 1]
 [1 1 0 0 0 1 1 1 0 1]
 [1 1 1 1 0 1 0 1 1 1]
 [1 1 1 1 1 1 0 0 1 1]
 [0 0 1 1 1 0 1 1 0 1]
 [1 0 1 1 1 0 1 1 0 1]
 [0 1 0 0 1 1 0 0 1 1]
 [1 1 1 1 0 1 1 0 1 1]
 [1 0 1 0 0 1 0 1 0 0]
 [1 1 0 1 1 0 1 0 1 1]
 [0 0 0 1 0 1 0 0 1 0]
 [1 0 1 1 1 0 0 1 1 0]
 [1 1 1 1 1 0 1 1 0 1]
 [0 1 1 0 1 1 1 1 1 1]
 [1 1 0 1 1 1 1 1 1 1]
 [1 0 1 0 0 0 0 1 1 1]
 [1 0 0 1 0 1 0 0 1 0]
 [1 0 1 0 0 0 0 1 0 1]
 [0 0 0 0 0 1 1 0 0 0]
 [1 1 0 1 1 0 1 0 0 0]
 [1 1 1 1 1 1 1 1 0 0]
 [1 1 0 1 1 1 0 1 0 1]
 [1 1 1 1 0 1 1 1 0 0]]
{'restarts': 5, 'conflicts': 1182, 'decisions': 2539, 'propagations': 910495}
Q is identifiable
branch at 6
runtime for solving id of Q is 0.25995287019759417
Simulation results:
{'J': 100, 'K': 10, 'N': 10, 'p': 0.7, 'seed': 91, 'sim': 5, 'runtime': 0.25995287019759417, 'identifiable': 1, 'branch': 6}
6
Q: [[1 1 0 1 1 1 0 1 1 0]
 [1 1 1 1 1 1 1 1 0 1]
 [0 1 1 1 0 0 1 0 1 0]
 [0 0 0 0 1 1 0 1 1 1]
 [1 1 0 0 1 1 0 1 1 1]
 [0 0 1 1 1 1 0 1 1 1]
 [0 1 0 1 0 1 1 1 1 0]
 [1 1 1 0 1 0 0 1 0 0]
 [1 1 1 1 1 0 1 0 1 1]
 [1 0 1 1 0 0 1 1 1 1]
 [0 1 1 1 1 1 0 0 1 1]
 [1 0 1 0 0 1 1 1 1 1]
 [0 1 1 1 1 1 1 1 1 1]
 [1 1 1 1 1 1 0 1 1 0]
 [1 1 0 0 1 0 1 1 1 1]
 [0 1 1 1 1 1 1 0 1 1]
 [0 0 1 0 1 1 1 1 1 1]
 [1 1 0 1 0 1 1 1 1 1]
 [1 1 0 1 0 1 0 1 1 0]
 [0 1 1 0 1 1 1 1 1 0]
 [0 0 1 0 1 1 1 1 1 0]
 [1 1 1 1 0 0 0 1 0 1]
 [1 0 1 1 1 0 1 1 0 0]
 [0 1 1 0 0 1 1 1 1 1]
 [1 1 1 1 1 1 1 0 1 1]
 [1 0 0 1 0 1 1 0 1 0]
 [1 0 1 1 1 1 1 1 1 1]
 [1 1 1 0 1 1 0 1 1 1]
 [1 0 1 0 1 1 1 1 1 1]
 [1 1 0 1 1 1 1 0 1 1]
 [1 0 1 0 1 1 1 1 0 1]
 [1 1 0 1 1 0 1 1 1 0]
 [1 1 1 1 0 0 1 1 1 1]
 [1 1 0 1 1 1 1 1 0 1]
 [1 1 1 0 0 1 1 1 1 1]
 [1 1 1 0 1 1 0 0 1 1]
 [0 1 0 1 0 0 0 0 0 1]
 [1 0 0 1 0 0 1 0 1 0]
 [0 1 1 0 0 0 1 1 0 0]
 [0 1 1 1 1 1 0 0 0 0]
 [1 1 0 1 1 1 0 1 1 1]
 [1 1 0 0 1 0 1 1 1 0]
 [1 0 1 1 0 0 1 1 1 1]
 [1 0 1 0 1 1 0 1 1 0]
 [0 0 0 0 1 0 1 1 0 1]
 [1 0 0 0 0 1 0 0 1 1]
 [1 1 1 0 1 1 1 0 1 0]
 [1 1 0 0 1 0 1 1 1 0]
 [1 1 1 0 1 0 0 0 1 1]
 [0 1 1 0 0 1 1 0 1 1]
 [0 1 0 1 1 1 1 0 1 1]
 [0 1 0 1 1 1 0 1 1 1]
 [0 1 1 1 1 1 0 1 0 0]
 [1 0 0 1 1 0 1 1 1 1]
 [1 0 0 1 0 0 1 1 1 1]
 [1 0 1 1 1 1 0 1 0 1]
 [1 0 1 1 1 1 1 1 1 0]
 [1 0 1 1 0 0 1 1 1 1]
 [0 0 1 0 1 1 1 0 1 0]
 [1 1 1 0 1 0 1 1 0 1]
 [0 1 1 1 1 0 0 1 1 0]
 [1 1 0 1 1 1 1 0 1 1]
 [1 1 1 1 1 0 0 1 1 0]
 [0 1 1 1 0 1 0 1 1 1]
 [0 1 1 1 1 0 1 1 0 1]
 [1 1 0 1 1 1 1 0 0 0]
 [1 1 1 1 0 1 1 1 0 1]
 [1 1 1 0 0 1 0 0 1 1]
 [1 0 1 0 1 0 1 0 1 0]
 [1 0 1 1 0 1 1 1 1 1]
 [0 1 1 1 1 1 1 1 1 0]
 [1 1 1 1 0 1 1 0 1 1]
 [0 0 1 1 1 0 0 0 1 1]
 [0 1 1 0 1 1 1 1 1 1]
 [0 0 1 1 0 1 0 1 1 1]
 [1 0 0 0 0 1 1 1 1 1]
 [1 1 0 1 0 1 1 1 1 1]
 [1 1 0 1 1 1 1 0 1 1]
 [1 0 1 1 1 1 0 1 0 0]
 [1 1 1 1 1 1 1 1 0 0]
 [0 0 1 1 0 1 1 1 0 1]
 [1 1 1 0 1 1 1 0 1 0]
 [1 1 1 0 0 1 0 1 1 1]
 [0 1 1 0 1 0 1 1 0 0]
 [1 1 1 1 1 1 0 0 0 1]
 [0 1 1 0 1 1 0 1 1 1]
 [1 1 1 1 0 1 0 1 1 1]
 [1 0 0 0 1 1 1 0 1 1]
 [1 0 0 0 0 1 0 1 1 1]
 [1 1 1 0 1 0 0 1 1 1]
 [1 1 1 1 1 1 0 1 0 1]
 [0 1 1 1 0 0 0 0 0 0]
 [1 0 1 0 1 1 0 1 0 0]
 [1 0 1 1 1 1 0 0 1 1]
 [1 0 1 0 1 1 1 1 1 0]
 [0 1 1 1 0 1 0 1 1 1]
 [1 0 0 1 1 1 0 1 1 1]
 [1 0 0 1 1 0 1 1 1 1]
 [1 1 0 1 1 1 1 1 1 1]
 [1 1 1 1 0 1 1 1 1 1]]
{'restarts': 18, 'conflicts': 6791, 'decisions': 12387, 'propagations': 7071507}
Q is identifiable
branch at 6
runtime for solving id of Q is 0.9811602812260389
Simulation results:
{'J': 100, 'K': 10, 'N': 10, 'p': 0.7, 'seed': 91, 'sim': 6, 'runtime': 0.9811602812260389, 'identifiable': 1, 'branch': 6}
7
Q: [[1 1 0 1 1 0 1 1 1 0]
 [0 1 1 1 1 1 1 0 1 1]
 [1 1 0 1 1 1 1 1 1 0]
 [1 1 1 1 1 0 1 1 1 0]
 [1 1 1 1 0 1 1 1 0 0]
 [0 0 1 1 1 0 0 0 1 0]
 [1 1 1 0 1 1 0 0 0 1]
 [1 0 0 1 1 1 0 1 1 0]
 [0 1 0 1 1 0 1 0 1 0]
 [0 1 0 1 0 1 0 1 0 1]
 [1 1 1 1 1 1 1 1 0 0]
 [0 1 1 1 0 0 0 0 1 1]
 [1 1 0 0 1 1 1 1 1 1]
 [0 1 1 1 0 0 1 1 0 1]
 [0 1 0 1 1 1 1 1 1 0]
 [0 1 1 1 1 0 0 1 1 0]
 [1 1 0 0 1 1 1 1 0 1]
 [1 1 1 1 0 0 1 0 1 0]
 [1 1 1 1 0 1 1 1 1 0]
 [1 1 1 1 1 1 1 0 1 1]
 [1 0 1 1 0 0 1 1 1 0]
 [1 1 1 1 1 1 1 1 1 1]
 [1 1 0 1 1 1 0 1 1 1]
 [0 0 0 1 0 1 0 1 1 1]
 [0 1 1 1 1 1 0 0 0 1]
 [1 1 0 0 0 1 1 1 0 1]
 [0 1 1 1 1 1 0 1 1 1]
 [0 1 1 0 0 1 1 0 1 0]
 [1 1 1 1 1 1 1 1 1 0]
 [1 0 0 1 0 1 0 0 0 1]
 [0 1 0 1 1 1 1 1 0 0]
 [0 0 1 1 1 1 1 1 0 1]
 [0 1 1 1 1 1 0 1 1 1]
 [0 0 1 1 1 1 1 0 1 1]
 [1 1 1 0 1 0 1 1 1 0]
 [0 1 0 0 0 0 1 1 1 1]
 [1 1 1 0 1 1 1 0 0 0]
 [1 0 1 1 1 1 1 0 1 1]
 [0 0 1 1 1 0 1 1 1 1]
 [1 0 1 0 1 0 1 1 0 0]
 [1 1 0 1 0 0 0 1 1 1]
 [1 1 1 1 1 1 1 1 1 0]
 [1 1 1 1 1 1 1 1 1 1]
 [0 0 1 0 1 1 0 1 1 0]
 [1 1 0 1 1 1 1 0 0 1]
 [1 1 0 1 0 1 1 1 1 0]
 [1 0 1 0 0 0 1 1 1 1]
 [1 1 1 0 1 1 0 1 1 1]
 [0 1 1 0 1 0 0 1 1 1]
 [1 1 1 0 1 0 0 1 1 1]
 [1 1 0 1 1 1 1 1 1 0]
 [0 0 1 0 0 0 1 1 1 1]
 [0 1 0 1 0 1 1 0 1 1]
 [0 1 1 1 1 0 1 1 1 1]
 [1 1 1 0 1 1 0 0 0 1]
 [1 0 0 0 1 1 1 1 0 1]
 [1 1 1 1 1 1 0 1 0 1]
 [1 1 1 1 1 0 1 0 1 0]
 [1 1 1 1 0 0 1 0 0 1]
 [0 0 1 1 0 1 0 0 1 0]
 [0 1 1 1 0 1 1 1 1 1]
 [0 1 1 0 1 0 0 1 1 1]
 [1 0 1 0 1 0 0 1 1 0]
 [1 1 1 0 0 1 1 1 1 0]
 [0 0 1 0 0 1 1 1 1 1]
 [1 0 1 1 1 1 0 1 1 1]
 [1 1 0 1 1 0 1 1 1 0]
 [1 1 1 1 1 1 1 1 1 1]
 [0 1 1 1 0 0 0 1 1 0]
 [1 1 0 1 1 1 1 0 1 1]
 [1 1 1 1 0 0 1 0 1 1]
 [0 0 1 1 1 1 1 1 1 0]
 [0 1 1 1 1 0 1 1 0 1]
 [1 1 0 0 1 1 1 1 1 1]
 [0 1 0 0 1 0 1 0 1 1]
 [1 1 1 1 1 1 1 1 1 0]
 [0 1 1 1 0 1 1 1 1 1]
 [1 0 1 1 0 1 1 1 1 1]
 [1 1 1 1 1 1 1 1 1 0]
 [1 1 1 0 0 1 1 1 0 1]
 [1 1 1 1 1 1 1 1 1 1]
 [1 1 1 1 1 1 1 0 0 1]
 [0 1 1 1 1 0 1 1 0 1]
 [1 1 0 1 0 1 1 1 1 1]
 [1 1 1 1 0 1 1 1 1 0]
 [0 1 1 0 0 1 1 1 1 1]
 [1 1 1 1 1 1 1 1 1 0]
 [1 1 0 0 1 1 0 0 1 1]
 [1 1 1 0 1 1 0 1 1 1]
 [1 0 1 0 1 1 1 1 0 1]
 [1 1 1 1 1 0 1 1 0 0]
 [0 1 0 1 1 1 1 1 1 1]
 [1 1 1 1 0 0 1 0 1 1]
 [0 1 0 1 1 1 1 1 0 1]
 [1 1 1 1 1 0 0 1 1 1]
 [0 0 1 1 0 1 0 1 0 0]
 [1 0 0 1 1 1 1 1 1 1]
 [0 1 1 1 0 1 1 1 1 0]
 [1 1 1 0 1 1 1 1 0 1]
 [0 1 1 1 0 1 1 1 1 1]]
{'restarts': 25, 'conflicts': 10808, 'decisions': 19061, 'propagations': 11215552}
Q is identifiable
branch at 6
runtime for solving id of Q is 1.4728968208655715
Simulation results:
{'J': 100, 'K': 10, 'N': 10, 'p': 0.7, 'seed': 91, 'sim': 7, 'runtime': 1.4728968208655715, 'identifiable': 1, 'branch': 6}
8
Q: [[0 1 0 1 0 1 0 1 1 0]
 [1 0 1 0 1 1 1 1 0 0]
 [1 1 1 1 0 1 0 0 0 1]
 [1 1 1 1 1 0 0 1 0 0]
 [0 1 1 1 1 1 1 1 1 1]
 [0 1 0 1 1 0 0 1 1 1]
 [1 1 1 1 1 1 0 1 1 1]
 [1 0 0 0 0 1 1 1 1 1]
 [1 1 0 1 0 1 1 0 0 1]
 [1 0 1 0 1 1 0 1 1 1]
 [1 0 0 1 0 0 1 1 0 1]
 [1 1 1 1 0 1 1 0 0 0]
 [1 1 1 0 1 1 1 1 1 1]
 [0 1 1 1 1 1 0 0 0 0]
 [1 1 1 1 1 1 0 1 1 1]
 [1 0 0 1 1 0 0 0 1 0]
 [0 1 1 0 1 1 0 1 1 1]
 [0 1 1 0 0 1 1 0 1 0]
 [0 0 1 1 1 1 0 0 1 1]
 [1 1 1 1 1 1 1 1 1 1]
 [1 0 0 1 1 0 0 1 0 0]
 [1 1 1 1 1 1 0 1 1 1]
 [1 1 1 1 0 1 1 1 1 1]
 [0 1 1 1 1 1 1 0 1 1]
 [1 1 1 0 0 0 0 0 1 1]
 [0 1 1 1 1 1 1 1 0 1]
 [1 1 1 0 0 1 1 0 0 1]
 [0 1 1 0 1 0 1 1 1 1]
 [0 1 1 0 1 0 1 0 1 1]
 [0 0 1 0 0 1 0 1 1 1]
 [1 1 1 1 1 1 1 0 0 1]
 [1 1 1 1 1 1 1 1 1 0]
 [1 1 1 1 1 1 1 1 1 1]
 [1 1 1 1 1 1 1 1 1 0]
 [1 1 1 0 1 1 0 1 1 1]
 [1 0 1 1 0 1 1 1 0 0]
 [1 0 1 1 1 1 1 1 1 1]
 [1 0 0 1 1 1 0 0 1 0]
 [1 0 0 1 1 1 1 1 1 0]
 [0 1 0 0 1 1 1 1 1 1]
 [1 1 0 1 1 1 1 1 0 1]
 [1 1 1 1 1 0 0 0 1 1]
 [1 0 1 1 1 1 0 0 0 1]
 [1 0 1 1 1 0 1 1 1 1]
 [0 1 1 1 1 0 1 0 1 1]
 [1 1 1 0 0 1 1 1 1 1]
 [1 1 0 1 0 0 0 1 1 1]
 [1 0 1 1 1 1 0 1 0 1]
 [1 1 1 0 1 0 1 0 1 1]
 [1 1 0 1 1 1 1 0 0 1]
 [1 0 1 1 1 1 1 1 0 0]
 [0 1 1 0 0 1 1 0 1 1]
 [0 1 1 0 1 0 1 1 1 1]
 [1 0 1 1 1 1 1 1 1 0]
 [1 1 0 1 0 1 1 0 1 0]
 [1 1 1 1 1 1 1 1 0 0]
 [1 1 1 1 1 1 1 1 1 0]
 [1 1 1 1 0 1 1 1 1 1]
 [1 0 0 0 1 1 1 1 0 1]
 [1 1 1 1 0 1 1 1 0 1]
 [0 0 1 1 0 1 0 0 1 0]
 [1 0 1 1 1 1 1 0 1 1]
 [1 1 0 1 0 1 1 1 1 1]
 [1 1 0 1 1 1 0 0 1 1]
 [1 0 0 0 1 0 1 0 0 0]
 [0 1 0 1 1 0 1 1 1 0]
 [1 1 1 0 0 0 1 1 1 0]
 [0 1 1 0 1 1 1 0 1 0]
 [1 1 0 1 1 1 0 1 1 0]
 [0 1 1 1 1 1 1 1 0 1]
 [1 1 1 0 0 0 1 1 0 0]
 [1 1 1 1 1 0 1 1 0 1]
 [1 1 0 0 1 1 1 1 0 1]
 [1 1 0 1 1 1 1 1 1 1]
 [0 1 1 1 1 1 1 0 1 0]
 [0 1 1 0 1 1 1 0 1 1]
 [1 0 0 1 0 0 1 1 1 1]
 [1 1 1 1 1 1 1 1 1 1]
 [1 0 1 0 1 1 1 1 1 0]
 [1 1 0 1 1 1 1 1 1 1]
 [1 0 1 1 1 1 1 1 1 0]
 [0 0 1 0 1 0 1 1 1 0]
 [1 1 1 0 1 1 0 0 0 1]
 [1 0 0 1 1 1 1 0 1 0]
 [0 1 1 1 1 1 1 1 1 0]
 [1 1 1 1 0 0 1 0 1 1]
 [1 0 1 1 0 1 1 1 1 1]
 [1 0 0 1 0 1 1 0 0 1]
 [1 1 1 0 1 0 1 0 1 1]
 [1 0 1 0 0 1 1 0 0 0]
 [0 0 0 0 1 0 0 1 0 0]
 [1 0 1 0 1 1 1 1 1 1]
 [0 0 1 1 1 0 1 1 0 0]
 [1 0 1 1 0 1 1 0 1 1]
 [1 1 0 0 0 1 0 1 1 1]
 [1 1 1 1 1 1 1 1 1 0]
 [0 1 1 1 1 1 1 0 0 1]
 [1 1 1 1 1 1 1 0 1 0]
 [1 1 1 1 1 1 1 0 1 1]
 [1 0 0 1 1 1 0 1 1 1]]
{'restarts': 2, 'conflicts': 1259, 'decisions': 2904, 'propagations': 1242108}
Q is identifiable
branch at 6
runtime for solving id of Q is 0.42834096774458885
Simulation results:
{'J': 100, 'K': 10, 'N': 10, 'p': 0.7, 'seed': 91, 'sim': 8, 'runtime': 0.42834096774458885, 'identifiable': 1, 'branch': 6}
9
Q: [[0 0 0 1 1 1 0 0 1 1]
 [1 1 1 1 1 0 1 0 1 1]
 [1 1 0 1 1 1 1 1 1 1]
 [0 1 1 1 0 1 1 1 1 1]
 [1 0 1 1 1 0 1 1 0 0]
 [0 1 1 1 1 1 1 1 1 1]
 [1 0 1 0 1 1 0 0 0 1]
 [1 0 0 1 1 0 1 1 1 1]
 [1 1 0 1 1 0 1 1 1 1]
 [1 0 1 1 1 1 1 0 0 1]
 [1 0 1 1 1 0 1 0 0 1]
 [0 0 0 1 1 1 0 1 1 1]
 [1 1 0 1 1 1 0 0 1 1]
 [1 1 1 1 1 1 0 1 0 1]
 [1 0 0 0 0 1 0 0 1 0]
 [1 1 1 0 1 1 1 1 1 1]
 [1 1 1 1 1 0 0 1 0 1]
 [1 1 1 1 0 0 1 1 1 1]
 [1 1 1 0 1 0 1 0 0 0]
 [0 1 1 1 1 1 0 1 0 1]
 [1 1 0 1 0 1 1 1 1 0]
 [1 1 1 1 1 1 1 1 1 1]
 [0 1 1 0 1 0 1 1 0 1]
 [0 1 1 1 1 1 1 1 1 1]
 [1 1 1 1 1 1 0 1 0 1]
 [1 0 1 1 0 1 1 1 1 1]
 [1 0 1 1 1 1 1 1 1 1]
 [1 1 1 0 1 1 1 0 1 0]
 [0 1 0 1 1 0 1 1 1 1]
 [1 1 1 1 1 1 0 1 0 1]
 [1 1 1 1 0 0 0 1 0 0]
 [0 0 0 1 0 1 1 1 1 1]
 [0 1 1 1 1 0 0 0 1 1]
 [1 1 0 0 1 0 1 1 0 1]
 [1 1 1 1 1 0 1 1 1 0]
 [1 1 1 1 1 0 1 0 1 1]
 [1 1 1 0 1 1 1 1 1 0]
 [0 1 1 0 0 1 0 1 1 0]
 [1 1 1 1 0 1 1 1 1 0]
 [1 0 1 1 1 0 0 0 0 0]
 [0 1 1 0 1 1 1 0 0 1]
 [1 0 0 0 0 1 1 1 1 1]
 [1 1 1 0 0 1 0 1 0 1]
 [0 1 0 1 1 1 0 1 0 0]
 [1 0 1 1 1 0 1 0 0 1]
 [1 0 0 1 1 1 1 1 1 0]
 [1 1 0 1 0 1 1 0 0 1]
 [0 1 1 0 1 0 1 1 1 1]
 [1 1 0 1 0 0 0 0 0 1]
 [0 1 0 0 1 1 1 1 0 1]
 [1 0 1 1 1 1 0 1 1 1]
 [1 0 1 1 1 1 0 1 1 1]
 [1 1 1 1 0 0 1 1 1 1]
 [1 1 0 1 1 1 1 1 1 1]
 [1 1 0 1 1 0 1 1 1 0]
 [1 1 1 1 1 1 1 1 0 1]
 [0 1 1 0 1 0 1 1 1 1]
 [1 0 1 1 1 0 0 0 1 1]
 [1 1 1 1 0 0 1 1 1 0]
 [0 0 1 1 1 1 1 0 1 1]
 [1 1 1 0 1 1 0 1 0 1]
 [1 1 0 1 1 1 0 0 0 0]
 [1 1 1 1 0 1 1 0 1 0]
 [0 1 1 0 0 1 1 1 1 1]
 [0 1 0 1 0 0 1 0 1 1]
 [0 1 1 1 1 0 1 1 1 1]
 [1 1 1 0 1 0 1 1 1 0]
 [1 1 0 0 1 1 0 0 1 0]
 [1 1 0 1 1 1 1 1 0 1]
 [1 1 1 1 0 0 1 1 1 0]
 [1 0 1 1 0 0 1 1 1 1]
 [1 1 0 1 1 1 1 1 0 0]
 [1 1 1 0 1 1 1 1 1 0]
 [1 1 1 0 0 1 1 0 1 0]
 [1 0 0 1 1 1 0 0 1 0]
 [1 1 1 0 0 0 1 1 0 1]
 [1 1 0 0 1 1 1 1 0 0]
 [1 1 1 1 1 1 1 1 1 0]
 [1 1 1 1 1 1 1 1 0 0]
 [1 0 1 0 1 0 0 0 1 1]
 [0 1 0 0 0 1 1 1 1 0]
 [0 0 1 1 1 1 0 1 1 1]
 [0 0 1 0 1 0 0 1 1 1]
 [1 0 1 1 1 1 1 1 1 0]
 [1 0 1 0 1 1 1 0 0 0]
 [1 1 1 1 1 1 1 1 1 1]
 [1 1 1 1 1 1 1 1 0 0]
 [1 1 0 1 1 1 0 1 1 1]
 [1 1 1 0 0 0 1 0 1 1]
 [1 1 1 1 0 0 1 1 0 1]
 [0 0 1 1 0 1 1 1 0 1]
 [0 1 1 1 1 0 0 1 0 0]
 [1 1 0 1 0 1 1 0 1 0]
 [1 1 1 1 1 0 0 0 1 1]
 [1 1 0 1 1 1 1 0 1 0]
 [1 1 1 1 1 1 1 1 1 1]
 [1 0 1 1 1 1 0 1 1 0]
 [0 1 1 1 1 1 1 1 1 1]
 [0 1 1 1 0 1 0 1 0 0]
 [1 1 1 1 1 0 1 1 1 0]]
{'restarts': 58, 'conflicts': 26724, 'decisions': 44052, 'propagations': 29191373}
Q is identifiable
branch at 6
runtime for solving id of Q is 4.2660013204440475
Simulation results:
{'J': 100, 'K': 10, 'N': 10, 'p': 0.7, 'seed': 91, 'sim': 9, 'runtime': 4.2660013204440475, 'identifiable': 1, 'branch': 6}
Simulation results:
[{'J': 100, 'K': 10, 'N': 10, 'p': 0.7, 'seed': 91, 'sim': 0, 'runtime': 0.4027958018705249, 'identifiable': 1, 'branch': 6}, {'J': 100, 'K': 10, 'N': 10, 'p': 0.7, 'seed': 91, 'sim': 1, 'runtime': 1.5389770660549402, 'identifiable': 1, 'branch': 6}, {'J': 100, 'K': 10, 'N': 10, 'p': 0.7, 'seed': 91, 'sim': 2, 'runtime': 1.006565798074007, 'identifiable': 1, 'branch': 6}, {'J': 100, 'K': 10, 'N': 10, 'p': 0.7, 'seed': 91, 'sim': 3, 'runtime': 2.632829364389181, 'identifiable': 1, 'branch': 6}, {'J': 100, 'K': 10, 'N': 10, 'p': 0.7, 'seed': 91, 'sim': 4, 'runtime': 0.6579180955886841, 'identifiable': 1, 'branch': 6}, {'J': 100, 'K': 10, 'N': 10, 'p': 0.7, 'seed': 91, 'sim': 5, 'runtime': 0.25995287019759417, 'identifiable': 1, 'branch': 6}, {'J': 100, 'K': 10, 'N': 10, 'p': 0.7, 'seed': 91, 'sim': 6, 'runtime': 0.9811602812260389, 'identifiable': 1, 'branch': 6}, {'J': 100, 'K': 10, 'N': 10, 'p': 0.7, 'seed': 91, 'sim': 7, 'runtime': 1.4728968208655715, 'identifiable': 1, 'branch': 6}, {'J': 100, 'K': 10, 'N': 10, 'p': 0.7, 'seed': 91, 'sim': 8, 'runtime': 0.42834096774458885, 'identifiable': 1, 'branch': 6}, {'J': 100, 'K': 10, 'N': 10, 'p': 0.7, 'seed': 91, 'sim': 9, 'runtime': 4.2660013204440475, 'identifiable': 1, 'branch': 6}]
