
The Gurobi software has a limited number of licenses. To request a license or
licenses, add this line

    #SBATCH --licenses=gurobi@slurmdb:1

to your SBATCH script, replacing N with the number of licenses you need. Gurobi
will need one license per process.


0
Q: [[1 0 1 1 1 1 0 1 1 0 1 0 1 1 0]
 [0 0 1 1 0 1 1 1 0 1 1 0 1 0 1]
 [0 0 1 1 1 1 0 1 1 0 0 1 0 0 1]
 [1 0 1 1 0 1 1 1 1 1 1 0 0 1 0]
 [0 1 1 1 1 1 1 1 0 1 1 1 0 0 1]
 [0 0 1 0 1 1 1 1 1 1 1 1 0 0 1]
 [1 0 1 1 1 0 1 0 1 1 1 1 1 0 1]
 [0 1 1 1 1 0 1 1 1 1 0 0 1 1 0]
 [1 1 1 1 0 0 1 0 1 1 1 0 1 1 0]
 [0 1 1 1 1 1 1 1 1 1 1 1 1 0 1]
 [0 1 0 1 1 1 1 1 1 1 1 0 1 1 1]
 [1 1 1 1 0 1 0 0 1 0 0 1 1 1 1]
 [0 0 0 1 0 1 1 1 1 1 1 1 0 1 0]
 [1 1 1 0 1 0 1 0 0 1 1 0 1 0 1]
 [1 1 1 1 1 1 1 1 1 1 1 1 0 1 1]
 [1 1 1 1 1 0 1 1 1 1 0 0 1 1 0]
 [1 1 0 1 1 1 0 1 1 1 0 1 1 1 0]
 [1 0 1 0 0 0 1 1 1 0 0 0 1 1 1]
 [1 1 1 1 1 0 1 1 0 0 1 1 1 1 1]
 [0 1 0 0 0 1 1 1 1 0 0 0 0 0 1]
 [0 1 1 0 0 1 1 1 1 0 1 1 1 1 0]
 [1 1 1 1 0 1 1 0 0 1 1 1 1 1 1]
 [1 1 0 1 0 1 0 1 1 0 1 0 1 1 1]
 [0 1 1 0 1 0 0 1 1 1 1 0 1 0 1]
 [0 0 1 1 1 1 1 1 1 1 1 1 1 1 1]
 [1 0 0 0 1 1 1 1 0 1 0 1 0 1 1]
 [1 0 0 0 0 0 1 1 1 1 1 0 1 1 0]
 [1 0 0 1 1 1 1 1 0 1 1 0 1 1 1]
 [1 1 1 1 1 1 1 1 0 1 1 0 1 1 1]
 [0 1 1 1 1 1 0 1 1 1 0 0 1 1 0]]
{'restarts': 989, 'conflicts': 198679, 'decisions': 497237, 'propagations': 735748491}
Q is not identifiable, and Q_bar is [[1 0 1 1 1 0 1 1 0 0 1 1 0 0 1]
 [0 0 0 0 1 1 1 1 0 0 0 1 0 1 1]
 [0 0 1 0 0 0 0 1 0 1 1 1 0 1 1]
 [1 0 0 1 0 1 0 1 1 0 1 1 0 0 1]
 [0 1 0 0 0 0 1 1 1 1 0 1 1 1 1]
 [0 0 1 0 0 1 1 1 1 1 1 0 0 1 1]
 [1 1 0 0 1 1 0 0 0 1 1 1 0 1 1]
 [0 1 0 1 1 0 0 0 1 0 1 1 1 0 1]
 [1 0 0 1 1 1 0 0 0 0 1 1 1 0 1]
 [0 0 1 0 1 1 1 1 1 1 1 1 1 1 1]
 [0 1 0 1 1 1 0 1 1 0 1 1 1 1 0]
 [1 0 0 1 1 0 0 1 0 1 1 1 1 1 1]
 [0 0 0 1 0 1 1 1 1 1 1 1 0 0 0]
 [1 1 0 0 1 1 0 0 0 0 0 0 1 1 1]
 [1 1 1 1 0 1 1 1 1 1 1 1 1 1 1]
 [1 1 1 1 1 0 0 0 1 0 1 1 1 0 1]
 [1 1 1 1 1 0 0 1 0 1 1 1 1 0 0]
 [1 0 0 1 1 0 0 0 1 0 1 0 0 1 1]
 [1 0 1 1 1 0 1 0 1 1 0 1 1 1 1]
 [0 0 0 0 0 0 0 1 1 0 1 0 1 1 0]
 [0 0 0 1 1 0 1 1 1 1 1 0 1 0 1]
 [1 0 0 1 1 1 0 1 0 1 0 1 1 1 1]
 [1 0 0 1 1 0 1 1 0 0 1 1 1 1 0]
 [0 1 0 0 1 0 1 0 0 0 1 0 1 1 1]
 [0 0 1 1 1 1 1 1 1 1 1 1 0 1 1]
 [1 1 0 1 0 0 0 1 1 1 0 0 0 1 0]
 [1 0 0 1 1 1 1 0 0 0 1 0 0 0 0]
 [1 1 0 1 1 1 1 1 0 0 0 1 0 1 0]
 [1 1 0 1 1 1 1 1 0 0 0 1 1 1 1]
 [0 1 1 1 1 0 0 1 0 0 1 1 1 0 1]]
branch at 5
runtime for solving id of Q is 93.96502760704607
Simulation results:
{'J': 30, 'K': 15, 'N': 10, 'p': 0.6667, 'seed': 55, 'sim': 0, 'runtime': 93.96502760704607, 'identifiable': 0, 'branch': 5}
1
Q: [[1 1 1 1 1 0 1 0 1 1 1 1 1 1 1]
 [1 1 1 0 1 1 0 1 1 1 1 1 1 0 1]
 [1 1 0 1 0 1 1 0 0 1 0 0 1 1 0]
 [0 1 1 1 1 1 1 1 0 1 0 1 0 1 1]
 [1 1 1 1 0 1 1 1 1 0 1 1 0 1 1]
 [1 0 0 1 1 1 1 1 0 0 1 1 1 0 0]
 [0 1 0 1 0 1 0 1 1 1 0 0 1 0 0]
 [0 0 1 0 1 1 1 1 1 0 0 1 0 1 1]
 [1 0 0 1 0 1 0 1 0 0 1 0 0 1 1]
 [0 1 1 1 0 1 0 1 1 1 1 1 1 1 1]
 [1 0 0 1 1 1 0 0 0 1 1 1 0 0 1]
 [1 1 1 1 1 1 0 1 1 1 1 0 1 1 0]
 [1 0 0 0 1 1 0 1 1 1 1 1 0 1 0]
 [0 0 1 1 0 0 1 1 1 0 0 1 1 1 1]
 [0 1 1 0 1 1 1 1 1 1 1 1 1 1 0]
 [1 1 0 1 1 1 1 0 1 1 1 1 1 1 1]
 [0 0 0 1 0 1 1 0 1 1 1 1 1 0 1]
 [1 1 1 0 1 1 1 1 1 1 1 0 0 1 1]
 [1 0 1 0 1 0 0 0 1 1 1 1 1 1 1]
 [0 1 1 1 0 1 1 0 1 0 1 0 1 1 1]
 [1 1 1 1 1 1 0 1 1 1 1 0 1 1 1]
 [1 1 1 0 1 1 1 1 1 1 0 0 0 1 0]
 [0 1 0 1 1 1 1 1 1 0 0 1 1 1 1]
 [1 1 1 1 0 1 0 1 1 1 0 1 1 0 1]
 [1 0 1 1 1 0 0 1 1 1 1 1 1 1 1]
 [1 0 1 0 1 1 1 1 0 0 1 1 1 1 1]
 [1 0 1 1 1 1 1 1 1 1 1 1 0 0 1]
 [0 0 1 1 1 1 0 1 1 1 0 1 1 1 1]
 [1 1 1 1 1 1 1 1 1 0 1 1 1 1 0]
 [1 1 1 1 1 1 1 1 1 1 1 1 1 0 1]]
{'restarts': 141, 'conflicts': 27307, 'decisions': 109381, 'propagations': 65350053}
Q is not identifiable, and Q_bar is [[1 0 1 0 0 0 0 1 1 0 1 1 1 0 1]
 [1 0 1 0 0 0 1 1 0 1 0 1 1 1 0]
 [1 1 1 0 0 1 0 0 0 0 0 1 0 0 0]
 [0 1 1 1 0 0 1 1 0 0 0 0 0 1 1]
 [1 1 0 1 0 0 0 0 1 1 1 0 1 0 1]
 [1 0 0 0 1 1 0 1 0 0 0 1 1 0 0]
 [0 0 1 0 0 1 0 0 0 1 0 1 0 0 0]
 [0 0 0 1 0 0 0 1 1 1 1 0 0 0 0]
 [1 0 0 1 0 1 0 0 0 0 0 0 1 0 1]
 [0 0 1 1 0 0 1 0 0 1 1 1 1 1 1]
 [1 0 0 0 0 1 1 1 0 0 0 0 1 0 1]
 [1 0 1 1 0 1 0 1 0 1 1 1 1 0 0]
 [1 0 0 1 0 0 1 1 0 1 0 0 1 0 0]
 [0 0 0 1 0 0 0 0 1 0 0 1 0 1 1]
 [0 0 1 1 1 0 0 1 0 1 1 0 1 0 0]
 [1 1 1 0 0 1 1 1 1 0 0 1 1 0 1]
 [0 0 0 0 0 1 1 0 1 0 0 1 1 0 1]
 [1 1 1 1 0 0 0 1 0 1 1 0 1 1 0]
 [1 0 0 0 0 0 1 1 0 0 1 1 1 1 0]
 [0 1 0 0 0 0 0 0 0 0 1 1 1 0 1]
 [1 0 1 1 0 1 0 1 0 1 1 1 1 0 1]
 [1 1 1 1 0 0 0 1 0 1 1 0 0 0 0]
 [0 1 0 1 1 1 0 0 0 1 0 0 0 0 1]
 [1 0 1 0 0 0 1 0 0 1 0 1 0 1 1]
 [1 0 0 1 0 0 1 1 0 0 1 1 1 1 1]
 [1 0 0 1 1 0 0 1 0 0 0 0 1 1 0]
 [1 0 0 0 0 1 1 1 1 1 0 0 1 1 1]
 [0 0 0 1 0 0 1 1 0 1 1 1 0 0 1]
 [1 1 0 1 1 1 0 1 0 0 1 0 1 0 0]
 [1 0 1 0 0 1 1 1 1 1 0 1 1 1 1]]
branch at 5
runtime for solving id of Q is 8.340614425949752
Simulation results:
{'J': 30, 'K': 15, 'N': 10, 'p': 0.6667, 'seed': 55, 'sim': 1, 'runtime': 8.340614425949752, 'identifiable': 0, 'branch': 5}
2
Q: [[1 0 1 1 0 0 1 0 0 1 0 0 1 0 0]
 [1 1 0 0 1 0 0 1 1 0 0 0 1 0 1]
 [1 1 1 0 1 1 1 1 1 1 1 1 0 0 1]
 [1 0 1 0 1 1 1 0 1 0 1 1 1 1 0]
 [0 0 0 1 1 0 0 0 1 1 0 1 0 1 1]
 [1 1 1 1 0 1 1 1 1 0 0 1 1 1 0]
 [1 1 0 0 1 1 1 1 1 0 1 0 1 1 1]
 [0 1 0 1 1 1 1 0 1 1 1 0 0 1 1]
 [1 1 1 1 1 1 1 0 1 1 1 1 1 1 0]
 [1 0 1 1 0 0 1 1 1 1 0 1 0 1 0]
 [0 1 0 0 1 1 0 1 0 1 1 1 0 0 0]
 [0 0 1 1 0 0 0 1 1 1 1 1 1 1 1]
 [0 0 1 1 0 0 0 1 1 1 1 0 1 1 1]
 [0 1 1 0 0 1 0 0 0 1 1 1 1 1 0]
 [1 1 0 1 0 1 1 1 0 1 0 1 1 0 1]
 [1 0 0 1 1 1 1 0 1 0 1 1 1 1 1]
 [1 0 1 1 1 1 1 1 1 1 1 1 0 1 0]
 [0 0 1 1 0 1 1 1 1 1 1 0 0 0 1]
 [1 0 0 1 1 1 1 0 0 0 1 1 1 1 1]
 [0 0 1 1 1 0 1 1 0 1 1 0 0 1 0]
 [0 0 1 1 0 1 0 0 1 1 0 0 1 1 0]
 [0 1 1 0 0 1 1 1 0 1 0 1 1 1 1]
 [1 0 1 1 1 0 0 1 0 0 1 0 1 0 1]
 [0 1 1 1 1 1 0 1 0 1 0 1 1 1 1]
 [0 1 1 0 1 0 1 1 1 1 1 1 1 1 1]
 [0 1 1 0 1 1 1 0 1 1 1 1 1 0 0]
 [1 1 1 0 0 1 1 0 1 1 1 1 0 0 1]
 [0 0 1 1 1 1 1 1 0 1 1 1 1 0 1]
 [1 1 1 1 0 0 1 1 0 0 0 1 1 0 1]
 [1 1 0 0 1 1 1 0 1 1 1 0 1 1 1]]
{'restarts': 27689, 'conflicts': 11250312, 'decisions': 15838374, 'propagations': 49743988822}
Q is not identifiable, and Q_bar is [[1 0 0 0 1 0 0 0 0 1 0 0 0 0 0]
 [0 1 0 1 0 0 1 0 0 0 0 1 0 0 0]
 [1 0 0 1 0 1 1 0 0 0 1 1 0 1 1]
 [1 0 0 1 0 0 0 0 1 0 1 1 1 0 1]
 [0 0 0 1 0 0 0 0 1 1 0 1 0 1 1]
 [1 0 0 1 0 0 1 0 1 1 0 0 1 0 1]
 [0 1 0 1 0 0 1 0 1 0 1 1 1 0 0]
 [0 0 0 1 0 1 0 0 1 1 1 1 0 1 0]
 [1 0 0 1 1 1 0 0 1 1 1 1 1 0 1]
 [1 0 0 1 0 0 0 1 1 1 0 0 0 0 1]
 [0 0 0 0 0 1 1 0 0 0 0 1 0 0 1]
 [0 0 1 1 1 0 0 0 1 1 0 0 0 1 1]
 [0 0 1 1 1 0 0 0 1 1 0 0 0 1 0]
 [0 0 0 0 1 1 0 0 1 0 0 0 0 0 1]
 [0 1 0 0 0 0 1 1 0 1 0 0 1 0 1]
 [0 1 0 1 0 0 0 0 1 1 1 1 1 0 1]
 [1 0 0 1 0 0 0 1 1 1 1 1 0 0 1]
 [0 0 1 1 0 0 0 0 0 1 1 0 0 1 0]
 [0 1 0 0 0 0 0 0 1 1 1 1 1 0 1]
 [0 0 1 0 0 0 0 1 1 1 0 1 0 0 0]
 [0 0 0 1 1 0 0 0 1 1 0 0 1 0 0]
 [0 0 0 0 1 0 1 1 1 0 0 0 1 1 1]
 [0 1 1 0 0 0 0 0 0 1 0 1 0 0 0]
 [0 0 0 0 1 0 1 0 1 1 0 1 1 1 1]
 [0 0 1 1 1 0 1 1 1 0 0 1 0 1 1]
 [0 0 0 1 1 1 0 0 0 0 1 1 1 0 1]
 [1 0 0 1 0 1 0 0 0 0 1 0 0 1 1]
 [0 0 1 0 0 0 0 0 0 1 1 1 1 1 1]
 [1 1 0 0 0 0 1 0 0 1 0 0 0 0 1]
 [0 1 0 1 0 1 0 0 1 0 1 1 1 0 0]]
branch at 5
runtime for solving id of Q is 11459.532249732874
Simulation results:
{'J': 30, 'K': 15, 'N': 10, 'p': 0.6667, 'seed': 55, 'sim': 2, 'runtime': 11459.532249732874, 'identifiable': 0, 'branch': 5}
3
Q: [[1 1 1 0 1 1 1 1 0 1 1 1 0 1 1]
 [1 1 1 0 0 1 0 0 1 1 0 0 1 0 1]
 [0 0 0 1 1 0 1 0 1 1 0 1 0 1 1]
 [0 1 0 0 1 1 1 0 0 0 1 1 0 1 1]
 [0 0 0 1 1 0 1 1 1 1 1 0 0 1 1]
 [1 1 1 1 0 1 1 1 1 1 0 0 1 1 1]
 [0 0 1 1 1 1 1 1 0 1 1 1 1 1 0]
 [0 0 1 1 1 0 1 1 1 1 1 0 0 1 0]
 [1 0 1 1 1 1 1 0 1 0 1 1 0 1 1]
 [1 1 1 1 1 1 0 1 1 1 1 0 0 1 1]
 [0 1 0 0 1 0 1 1 1 0 1 1 0 0 1]
 [0 1 1 1 1 0 1 0 0 0 0 1 1 1 1]
 [1 1 0 1 1 0 1 1 1 1 0 1 1 1 1]
 [1 1 0 1 1 1 1 0 1 0 1 0 1 1 0]
 [1 1 0 0 1 0 0 1 1 1 0 1 1 1 1]
 [0 1 1 1 0 0 1 1 1 1 1 1 1 1 1]
 [1 1 1 0 1 0 0 0 1 0 1 1 1 1 1]
 [0 1 1 1 1 1 1 0 1 0 1 0 1 1 1]
 [0 1 1 1 1 1 0 1 1 1 0 1 1 1 1]
 [0 0 1 0 1 1 1 1 1 1 0 0 1 1 0]
 [0 0 1 0 0 0 1 1 1 0 0 0 1 0 0]
 [1 0 1 1 1 1 0 1 0 1 0 1 1 1 0]
 [0 1 1 0 1 0 0 1 0 1 0 1 1 0 1]
 [1 1 0 0 0 1 1 1 1 0 0 1 1 0 0]
 [0 0 1 1 1 0 1 1 1 1 1 1 0 1 0]
 [1 0 1 1 1 0 0 0 0 1 0 1 0 0 0]
 [1 1 1 1 1 1 1 0 0 1 1 1 0 1 1]
 [1 1 1 1 0 0 0 1 1 0 1 0 1 1 1]
 [1 0 0 0 0 1 0 1 0 1 0 0 1 0 1]
 [1 1 1 1 1 0 1 1 0 0 1 1 0 0 0]]
{'restarts': 26577, 'conflicts': 7494634, 'decisions': 11764130, 'propagations': 36215316312}
Q is not identifiable, and Q_bar is [[1 0 1 1 1 1 0 1 1 0 0 0 1 1 1]
 [1 1 1 0 1 0 0 1 0 0 1 0 0 1 0]
 [0 0 0 0 1 0 1 0 1 1 0 0 0 1 0]
 [0 0 1 0 0 1 0 0 1 0 0 0 1 1 1]
 [0 0 0 1 1 0 1 0 1 0 0 1 0 1 1]
 [1 1 1 1 1 0 1 1 0 0 1 1 0 1 0]
 [0 0 1 1 1 0 0 1 1 0 1 1 1 0 1]
 [0 0 0 1 1 0 1 1 1 0 0 1 0 0 1]
 [1 0 1 0 0 0 1 1 1 0 0 1 1 1 1]
 [1 1 1 1 1 0 0 1 1 0 0 1 0 1 1]
 [0 1 0 1 0 1 1 0 0 0 0 0 1 1 1]
 [0 0 0 0 0 1 0 1 0 0 1 1 1 1 0]
 [1 1 0 1 1 1 1 0 1 1 1 0 0 1 0]
 [1 1 1 0 0 0 1 0 1 0 1 1 0 0 1]
 [1 1 0 1 1 1 0 0 1 0 1 0 0 1 0]
 [0 1 0 1 1 0 0 1 0 0 1 1 1 1 1]
 [1 1 0 0 0 1 0 1 1 0 1 0 0 1 1]
 [0 1 1 0 0 0 1 1 1 0 1 1 0 1 1]
 [0 1 1 1 1 1 0 1 0 0 1 1 0 1 0]
 [0 0 1 1 1 0 1 1 1 0 1 0 0 0 0]
 [0 0 0 1 0 0 1 1 0 0 1 0 0 0 0]
 [1 0 1 1 1 0 0 1 0 1 1 1 0 0 0]
 [0 0 0 1 1 1 0 1 0 0 1 0 0 1 0]
 [1 1 1 1 0 0 1 0 0 0 1 0 1 0 0]
 [0 0 0 1 1 0 1 1 1 0 0 1 1 0 1]
 [1 0 0 0 1 0 0 1 0 1 0 0 0 0 0]
 [1 0 1 0 1 1 0 1 1 1 0 0 1 1 1]
 [1 1 0 1 0 0 0 1 0 0 1 1 0 1 1]
 [1 0 1 1 1 0 0 0 0 0 1 0 0 1 0]
 [1 0 0 1 0 1 0 1 0 1 0 0 1 0 1]]
branch at 5
runtime for solving id of Q is 7137.122250109911
Simulation results:
{'J': 30, 'K': 15, 'N': 10, 'p': 0.6667, 'seed': 55, 'sim': 3, 'runtime': 7137.122250109911, 'identifiable': 0, 'branch': 5}
4
Q: [[1 1 1 1 0 1 0 1 1 1 1 1 0 1 0]
 [0 0 0 0 0 0 1 0 1 0 1 1 1 0 1]
 [1 1 1 0 1 0 1 1 1 0 1 0 0 0 1]
 [1 1 1 1 0 0 1 1 1 1 0 1 0 0 0]
 [1 1 1 1 0 0 1 0 1 0 1 0 1 1 1]
 [0 1 1 1 1 0 0 1 1 1 1 0 1 1 0]
 [1 1 1 1 1 1 1 1 0 1 1 1 1 0 1]
 [0 1 0 1 1 1 0 0 1 0 0 1 1 1 1]
 [1 1 1 1 1 1 1 0 0 1 0 0 1 1 1]
 [0 0 1 0 1 1 1 1 1 1 1 0 0 1 1]
 [1 1 0 0 1 1 1 1 1 0 1 1 1 1 1]
 [1 1 0 0 0 0 1 1 1 1 1 1 1 1 1]
 [1 0 1 1 1 0 1 0 1 0 1 1 1 1 1]
 [0 0 1 1 1 1 0 0 1 1 1 1 1 1 1]
 [1 1 1 0 1 1 1 1 1 1 0 1 0 1 0]
 [1 0 1 1 1 1 0 1 1 0 1 0 1 0 1]
 [1 1 0 0 1 0 1 1 0 0 0 1 0 0 0]
 [1 1 0 0 1 0 1 1 1 1 1 1 1 1 0]
 [1 0 1 1 1 1 1 1 1 1 1 1 1 1 1]
 [1 1 1 0 1 1 0 0 1 0 1 0 1 1 1]
 [1 1 0 1 1 1 0 0 0 0 1 1 1 1 1]
 [1 0 1 0 1 1 1 1 1 1 1 1 0 1 1]
 [1 1 0 0 1 1 1 0 1 1 1 1 0 1 0]
 [0 0 0 1 1 1 0 1 1 1 1 1 0 1 0]
 [1 0 0 0 1 1 1 0 0 1 1 1 0 1 1]
 [1 1 1 1 1 1 1 0 0 0 1 1 1 0 0]
 [1 0 0 0 1 1 1 1 1 1 1 1 0 0 1]
 [1 1 1 0 1 1 1 1 0 0 1 0 1 1 0]
 [1 0 1 1 1 1 0 1 0 1 1 1 1 1 0]
 [1 1 1 1 1 1 1 1 1 1 1 0 1 0 1]]
{'restarts': 494, 'conflicts': 95144, 'decisions': 264900, 'propagations': 298114275}
Q is not identifiable, and Q_bar is [[0 1 0 0 0 0 1 1 0 0 0 0 1 1 1]
 [0 0 0 0 0 0 0 0 1 0 1 0 0 0 0]
 [1 0 0 1 0 0 0 0 1 0 0 0 0 1 0]
 [1 0 0 0 0 0 0 1 0 0 0 0 1 1 1]
 [1 0 1 0 0 0 0 0 1 0 0 0 1 1 0]
 [0 0 1 1 0 0 0 0 0 0 0 1 1 1 1]
 [1 0 0 1 1 0 0 1 1 1 0 0 1 0 0]
 [0 0 0 0 0 1 0 1 0 0 1 1 1 0 0]
 [1 0 0 0 0 1 1 0 0 1 0 0 1 0 0]
 [0 0 0 0 0 0 1 0 1 0 0 1 0 1 1]
 [1 1 1 1 0 1 0 1 0 0 1 0 0 0 0]
 [1 1 1 0 0 0 0 0 0 0 1 0 0 0 1]
 [0 1 0 0 0 0 0 0 1 0 1 1 1 1 0]
 [0 0 0 0 1 1 0 0 0 1 0 1 1 1 0]
 [1 0 0 1 0 0 1 1 0 0 0 1 0 1 0]
 [0 1 0 1 0 1 0 0 0 1 0 0 1 1 0]
 [1 0 0 1 0 0 0 1 0 0 0 0 0 0 0]
 [1 1 1 1 0 0 0 1 0 0 0 1 0 0 1]
 [0 1 0 0 1 0 1 0 1 0 1 1 1 1 1]
 [0 1 1 0 0 1 0 0 0 0 0 0 0 1 0]
 [0 1 1 0 0 1 0 1 0 0 0 0 1 0 0]
 [0 1 0 0 1 0 1 0 1 0 0 1 0 1 1]
 [1 0 0 0 1 0 1 1 0 0 0 1 0 0 0]
 [0 0 0 0 1 0 1 0 0 0 0 1 1 0 1]
 [0 1 0 0 1 0 1 0 1 0 0 0 0 0 0]
 [1 1 0 0 0 0 0 1 0 1 0 0 1 0 0]
 [0 1 0 0 1 1 0 0 1 0 0 0 0 0 1]
 [1 1 1 1 0 0 0 0 0 1 0 0 0 0 0]
 [0 1 0 1 1 0 1 0 0 1 0 0 1 0 0]
 [1 0 0 1 0 0 0 0 1 1 0 0 1 0 1]]
branch at 5
runtime for solving id of Q is 36.89186696242541
Simulation results:
{'J': 30, 'K': 15, 'N': 10, 'p': 0.6667, 'seed': 55, 'sim': 4, 'runtime': 36.89186696242541, 'identifiable': 0, 'branch': 5}
5
Q: [[1 1 1 1 1 1 0 1 1 0 0 1 1 1 0]
 [0 0 1 0 1 1 1 0 1 0 0 1 0 0 0]
 [0 1 1 1 0 0 0 0 0 1 1 1 1 1 0]
 [0 0 0 1 1 1 1 1 1 1 1 0 0 1 0]
 [0 1 0 0 1 1 1 1 1 1 0 1 0 1 1]
 [1 1 1 1 1 1 1 1 1 1 1 1 1 0 1]
 [0 1 0 1 0 0 1 1 1 0 1 0 1 0 0]
 [0 1 0 0 0 1 1 1 1 1 1 1 1 1 0]
 [0 1 1 1 1 1 1 1 0 1 0 1 1 1 1]
 [1 1 1 1 1 1 1 1 1 0 1 1 0 0 1]
 [0 1 1 0 1 1 0 1 0 1 0 1 0 0 1]
 [1 0 1 1 1 1 1 1 1 1 1 0 0 1 1]
 [1 1 0 0 1 1 1 1 1 1 0 0 1 0 1]
 [1 1 1 1 0 1 1 0 1 1 0 1 1 1 0]
 [1 0 1 0 0 1 0 1 1 0 1 0 1 1 1]
 [1 1 1 1 1 0 0 1 0 0 1 1 1 0 1]
 [1 0 1 0 0 0 0 0 0 1 1 1 1 1 1]
 [1 0 1 0 1 1 1 1 1 1 0 0 1 0 0]
 [0 1 1 1 0 1 1 0 1 0 1 1 0 1 1]
 [1 1 1 0 0 1 1 0 0 1 1 1 1 0 1]
 [0 1 1 1 0 0 1 0 1 0 1 1 0 1 1]
 [1 1 1 0 1 1 1 0 1 0 1 1 1 1 0]
 [1 1 1 1 1 1 0 1 0 1 1 0 0 1 1]
 [1 0 1 0 0 0 0 0 1 1 1 0 0 1 1]
 [1 1 1 1 1 1 1 0 1 0 1 0 0 1 1]
 [1 1 0 1 1 0 1 0 1 1 0 0 0 0 1]
 [1 1 1 1 1 1 1 1 1 1 0 1 0 1 1]
 [1 1 1 1 1 0 1 0 1 0 1 1 1 1 1]
 [1 1 1 0 1 1 1 0 1 1 1 1 1 1 1]
 [0 1 0 0 0 1 0 1 0 1 0 1 1 1 0]]
{'restarts': 1350, 'conflicts': 276045, 'decisions': 659227, 'propagations': 1005030666}
Q is not identifiable, and Q_bar is [[1 1 1 1 1 1 0 1 1 0 0 1 0 1 0]
 [0 0 1 0 1 1 1 0 1 0 0 1 0 0 0]
 [0 1 1 1 0 0 0 0 0 1 1 1 0 1 0]
 [0 0 0 1 1 1 1 1 1 1 1 0 0 1 0]
 [0 0 0 0 1 1 1 1 1 1 0 1 1 1 0]
 [1 1 1 1 1 1 1 1 1 1 1 1 1 0 0]
 [0 1 0 1 0 0 1 1 1 0 1 0 0 0 0]
 [0 1 0 0 0 1 1 1 1 1 1 1 0 1 0]
 [0 1 1 1 1 1 1 1 0 1 0 1 1 1 0]
 [0 0 1 1 1 1 1 1 1 0 1 1 1 0 1]
 [0 0 1 0 1 1 0 1 0 1 0 1 1 0 0]
 [0 0 1 1 1 1 1 1 1 1 1 0 0 1 1]
 [1 0 0 0 1 1 1 1 1 1 0 0 1 0 0]
 [1 1 1 1 0 1 1 0 1 1 0 1 0 1 0]
 [1 0 1 0 0 1 0 1 1 0 1 0 0 1 1]
 [1 1 1 1 1 0 0 1 0 0 1 1 1 0 1]
 [1 0 1 0 0 0 0 0 0 1 1 1 0 1 1]
 [1 0 1 0 1 1 1 1 1 1 0 0 0 0 0]
 [0 0 1 1 0 1 1 0 1 0 1 1 1 1 0]
 [1 0 1 0 0 1 1 0 0 1 1 1 1 0 1]
 [0 0 1 1 0 0 1 0 1 0 1 1 1 1 0]
 [1 1 1 0 1 1 1 0 1 0 1 1 0 1 0]
 [0 0 1 1 1 1 0 1 0 1 1 0 1 1 1]
 [0 0 1 0 0 0 0 0 1 1 1 0 0 1 1]
 [0 0 1 1 1 1 1 0 1 0 1 0 1 1 1]
 [0 0 0 1 1 0 1 0 1 1 0 0 1 0 1]
 [0 0 1 1 1 1 1 1 1 1 0 1 1 1 1]
 [1 1 1 1 1 0 1 0 1 0 1 1 1 1 1]
 [1 0 1 0 1 1 1 0 1 1 1 1 1 1 1]
 [0 1 0 0 0 1 0 1 0 1 0 1 0 1 0]]
branch at 5
runtime for solving id of Q is 129.3620640365407
Simulation results:
{'J': 30, 'K': 15, 'N': 10, 'p': 0.6667, 'seed': 55, 'sim': 5, 'runtime': 129.3620640365407, 'identifiable': 0, 'branch': 5}
6
Q: [[1 0 0 1 1 1 1 1 1 1 1 1 1 1 0]
 [1 0 1 1 1 1 1 1 1 1 1 0 1 1 1]
 [1 0 0 1 1 1 1 1 0 0 1 1 0 0 0]
 [1 0 0 1 1 0 1 0 1 0 1 1 0 1 1]
 [1 0 1 1 1 1 0 0 0 1 1 1 0 1 0]
 [1 0 0 1 1 0 1 1 0 1 1 1 0 0 1]
 [0 1 1 1 1 1 0 1 1 0 1 1 0 0 1]
 [1 0 0 1 1 0 1 1 0 1 1 1 0 1 1]
 [1 0 1 0 1 0 1 0 1 1 1 1 1 1 0]
 [0 1 1 1 1 0 0 0 1 1 0 0 1 1 1]
 [1 0 0 1 0 1 0 1 1 1 0 0 1 0 0]
 [1 1 1 1 1 1 0 0 0 1 0 0 1 1 1]
 [1 1 1 0 0 0 0 1 0 1 1 1 1 1 0]
 [1 1 0 1 1 1 0 1 0 0 1 1 1 0 1]
 [1 1 0 1 0 0 1 1 0 1 0 1 0 1 1]
 [1 0 0 1 0 0 1 0 1 0 1 1 1 1 1]
 [1 1 0 1 1 0 1 0 1 1 0 1 0 0 0]
 [1 0 1 0 1 1 1 1 0 0 1 1 1 1 1]
 [0 1 1 1 0 0 1 0 0 1 1 1 1 1 0]
 [1 0 1 0 0 1 1 1 0 1 1 0 1 0 1]
 [1 1 1 1 0 1 1 1 1 1 1 1 1 1 1]
 [1 0 1 1 1 0 1 0 1 0 1 1 1 1 0]
 [0 1 0 0 0 1 0 1 0 1 0 1 1 1 1]
 [0 1 1 1 0 1 0 1 1 1 1 0 1 0 1]
 [1 0 1 1 1 1 0 1 0 1 0 1 1 0 0]
 [1 0 0 1 0 0 1 1 0 1 1 1 1 0 1]
 [1 1 1 0 1 1 1 0 1 0 0 1 1 1 1]
 [1 1 0 0 0 1 1 1 1 1 1 1 1 1 1]
 [1 1 1 0 1 1 1 0 0 1 1 1 1 1 0]
 [1 0 1 0 1 1 0 1 1 0 1 1 1 0 1]]
{'restarts': 169, 'conflicts': 30609, 'decisions': 109107, 'propagations': 137265040}
Q is not identifiable, and Q_bar is [[0 1 1 1 1 0 0 0 1 1 1 0 1 0 1]
 [1 1 1 1 0 1 0 0 1 1 1 1 1 0 1]
 [0 0 0 1 1 0 0 0 1 0 1 0 0 0 1]
 [0 0 1 1 1 0 0 0 1 1 1 1 0 0 0]
 [1 0 0 0 1 1 0 0 1 1 1 0 1 0 0]
 [0 0 0 1 1 0 1 0 1 0 1 1 1 0 0]
 [0 0 1 0 0 1 1 1 0 0 1 1 0 0 1]
 [0 0 0 1 1 0 1 0 1 1 1 1 1 0 0]
 [0 1 1 1 1 1 0 0 0 1 1 0 1 0 0]
 [0 1 1 0 0 0 0 1 0 1 1 1 1 0 0]
 [0 1 1 0 0 0 0 0 1 0 0 0 1 0 1]
 [1 1 0 0 0 0 0 1 1 1 1 1 1 0 0]
 [0 1 0 0 1 1 1 0 0 1 0 0 1 1 0]
 [0 1 0 0 1 0 1 0 1 0 1 1 0 1 1]
 [0 0 0 1 0 0 1 0 1 1 0 1 1 1 0]
 [0 1 1 1 1 0 0 0 1 1 0 1 0 0 0]
 [0 0 1 1 0 0 0 0 1 0 1 0 1 1 0]
 [1 1 0 1 1 0 0 0 0 1 1 1 0 0 1]
 [0 1 0 1 0 1 0 1 0 1 0 0 1 1 0]
 [1 1 0 1 0 1 0 0 0 0 0 1 1 0 1]
 [0 1 1 1 1 1 0 1 1 1 0 1 1 1 1]
 [0 1 1 1 1 1 0 0 1 1 1 0 0 0 0]
 [0 1 0 0 0 0 0 0 0 1 0 1 1 1 1]
 [0 1 1 0 0 1 0 1 0 0 0 1 1 0 1]
 [1 1 0 0 0 0 1 0 1 0 1 0 1 0 1]
 [0 1 0 1 1 0 1 0 1 0 0 1 1 0 0]
 [1 1 1 1 0 0 0 0 0 1 1 1 0 1 0]
 [0 1 1 1 1 0 0 0 0 1 0 1 1 1 1]
 [1 1 0 1 0 1 0 0 0 1 1 0 1 1 0]
 [1 1 1 0 1 0 0 0 0 0 1 1 0 0 1]]
branch at 5
runtime for solving id of Q is 16.531821124255657
Simulation results:
{'J': 30, 'K': 15, 'N': 10, 'p': 0.6667, 'seed': 55, 'sim': 6, 'runtime': 16.531821124255657, 'identifiable': 0, 'branch': 5}
7
Q: [[1 1 1 0 0 0 0 1 1 1 1 1 1 1 1]
 [0 0 1 1 1 1 1 0 1 1 0 1 1 1 0]
 [1 1 1 0 0 1 1 0 1 0 1 1 1 1 1]
 [0 1 1 1 1 1 1 1 1 1 1 0 1 1 0]
 [0 1 1 1 0 1 1 1 1 0 0 1 1 1 1]
 [0 0 0 0 0 1 1 1 1 1 0 1 1 1 0]
 [1 1 0 0 1 1 1 1 0 0 1 0 1 0 0]
 [0 1 0 0 1 0 1 1 0 1 1 1 1 1 0]
 [1 0 1 1 1 1 1 0 0 1 0 0 0 1 0]
 [0 1 1 1 0 0 1 0 1 0 0 1 0 0 1]
 [1 1 0 1 1 1 1 1 0 1 1 1 1 1 1]
 [1 1 0 1 1 0 1 1 0 0 0 0 0 0 0]
 [1 1 0 1 0 0 0 1 1 1 1 1 1 1 1]
 [1 0 1 1 0 1 1 0 1 1 1 1 1 1 0]
 [1 0 0 1 1 1 0 1 1 0 0 0 1 1 1]
 [0 1 1 1 1 1 1 0 1 1 1 1 0 1 1]
 [1 0 1 1 1 1 1 1 1 1 0 0 0 1 1]
 [1 1 1 1 1 1 1 1 1 1 0 1 0 1 1]
 [0 1 1 0 0 1 1 1 1 1 1 1 1 1 1]
 [1 0 1 1 1 1 1 0 1 1 0 0 1 1 1]
 [1 0 1 0 0 0 0 0 0 0 0 0 1 1 1]
 [0 1 0 1 1 1 1 1 1 1 1 0 1 1 1]
 [1 1 1 0 0 1 1 1 0 0 0 1 1 1 1]
 [0 0 0 0 0 0 1 1 0 1 1 1 1 1 0]
 [0 1 1 1 1 0 1 0 1 1 1 1 1 1 1]
 [1 1 0 1 1 1 1 1 1 1 1 1 0 0 0]
 [0 1 1 0 1 1 0 0 0 0 1 1 1 1 1]
 [0 1 1 1 1 1 1 1 0 1 0 0 0 1 1]
 [1 1 0 1 1 0 1 1 1 0 1 1 1 1 1]
 [0 1 1 1 1 1 1 1 1 0 0 1 0 1 0]]
{'restarts': 19, 'conflicts': 2424, 'decisions': 15469, 'propagations': 8463851}
Q is not identifiable, and Q_bar is [[0 1 1 0 0 1 0 0 0 0 0 0 1 0 0]
 [0 0 0 0 0 0 0 1 0 1 0 1 0 0 0]
 [1 1 1 0 1 1 0 0 0 0 0 0 0 0 0]
 [0 0 0 0 1 0 0 0 1 1 1 1 1 0 0]
 [0 0 0 0 1 1 0 1 0 0 0 0 0 1 0]
 [0 0 0 0 0 0 0 0 0 1 0 0 0 1 0]
 [1 0 0 0 0 0 0 0 1 0 1 0 0 0 0]
 [0 0 0 0 0 0 1 0 0 0 1 0 1 1 0]
 [0 0 0 0 1 0 0 0 0 0 0 1 0 0 1]
 [0 0 0 0 0 1 0 1 0 0 0 0 0 0 0]
 [1 0 0 0 0 1 1 0 1 0 0 1 0 1 0]
 [0 0 0 0 0 0 0 0 0 0 1 0 0 0 1]
 [0 1 0 0 0 1 1 0 0 0 0 0 1 0 1]
 [0 1 0 0 0 0 0 1 0 1 0 0 0 0 0]
 [0 0 0 1 0 0 0 0 1 0 0 0 0 0 0]
 [0 0 0 0 1 1 1 1 0 0 0 1 0 0 0]
 [0 0 0 1 1 0 0 0 0 0 0 1 0 0 0]
 [0 0 0 0 1 1 0 1 0 0 1 1 0 0 1]
 [0 0 0 0 1 1 1 0 0 1 0 0 0 1 0]
 [0 0 1 0 0 0 0 0 1 1 0 1 0 0 0]
 [0 0 1 0 0 0 0 0 0 0 0 0 0 0 0]
 [0 0 0 0 0 1 0 0 1 1 0 1 1 0 0]
 [0 0 1 0 1 1 0 0 0 0 0 0 0 1 0]
 [0 0 0 0 0 0 1 0 0 0 0 0 1 1 0]
 [0 0 0 0 0 1 1 1 1 0 0 1 0 0 0]
 [1 1 0 0 0 0 0 0 0 0 1 1 0 0 1]
 [0 0 0 0 1 1 1 0 1 0 0 0 0 0 0]
 [0 0 0 0 1 1 0 0 0 0 1 1 0 0 0]
 [0 1 0 0 0 1 0 0 1 0 1 0 0 1 1]
 [0 0 0 0 1 0 0 1 0 0 1 0 0 0 0]]
branch at 5
runtime for solving id of Q is 1.9723824197426438
Simulation results:
{'J': 30, 'K': 15, 'N': 10, 'p': 0.6667, 'seed': 55, 'sim': 7, 'runtime': 1.9723824197426438, 'identifiable': 0, 'branch': 5}
8
Q: [[1 1 0 0 1 1 1 1 1 0 1 0 1 0 1]
 [0 1 0 0 1 1 1 1 1 1 1 0 1 0 0]
 [1 1 1 1 1 1 0 1 0 1 0 1 1 1 1]
 [1 1 1 1 0 1 1 1 1 0 1 0 1 0 1]
 [1 1 1 0 1 1 1 1 0 0 1 0 0 1 1]
 [1 0 1 0 1 1 0 0 1 0 1 1 1 1 1]
 [1 1 0 0 1 1 1 1 1 1 1 1 1 0 1]
 [0 1 0 1 0 1 1 1 0 0 1 0 1 1 1]
 [0 0 1 1 0 1 1 0 0 1 1 0 0 1 1]
 [1 1 0 1 1 1 0 1 1 1 1 1 1 1 0]
 [0 0 0 1 1 1 1 1 1 1 0 1 0 1 0]
 [0 0 1 0 0 1 0 0 0 1 1 1 1 1 0]
 [1 0 1 1 1 0 0 0 0 1 1 0 1 1 1]
 [1 1 1 1 0 1 0 0 1 1 1 1 1 1 1]
 [0 1 1 1 1 0 0 1 1 1 1 1 1 0 1]
 [1 0 0 1 0 1 0 0 0 1 0 1 1 1 1]
 [1 1 1 1 1 1 1 1 0 1 1 1 1 1 0]
 [1 1 1 0 0 0 1 0 1 1 0 1 1 1 1]
 [1 0 1 1 1 1 1 1 1 1 1 0 1 0 1]
 [1 1 1 1 0 1 1 1 0 1 1 1 1 1 0]
 [1 0 1 1 1 1 1 1 0 1 1 0 1 1 1]
 [0 1 0 0 1 1 0 1 0 1 1 1 1 0 1]
 [0 1 1 0 1 1 1 0 0 1 0 0 0 1 1]
 [1 1 1 1 1 1 1 0 0 0 1 1 1 1 1]
 [1 1 0 0 1 1 1 1 0 1 0 1 0 1 1]
 [1 1 0 1 0 1 1 0 1 1 0 1 1 1 1]
 [1 0 1 1 1 0 0 0 1 1 1 0 1 1 1]
 [1 1 0 1 0 0 0 1 1 0 0 0 1 1 1]
 [1 0 1 1 1 1 0 1 0 0 0 0 0 1 1]
 [1 1 1 1 0 1 1 0 1 0 1 1 0 1 1]]
{'restarts': 40, 'conflicts': 12710, 'decisions': 40597, 'propagations': 39432633}
Q is not identifiable, and Q_bar is [[0 1 1 1 1 0 1 0 0 0 0 1 1 0 0]
 [0 0 1 1 1 1 1 0 0 0 0 1 0 0 0]
 [1 1 1 0 0 1 0 0 0 1 0 1 0 1 1]
 [1 1 0 1 0 0 0 1 0 0 1 0 1 0 0]
 [0 1 0 0 1 0 1 0 0 1 0 1 1 0 1]
 [0 1 0 1 1 0 0 0 1 1 0 0 0 1 1]
 [0 1 1 1 1 1 1 0 0 0 0 1 1 1 0]
 [0 0 1 0 1 0 1 1 0 1 0 0 1 0 0]
 [0 0 0 0 1 1 0 0 0 1 1 0 0 0 0]
 [1 0 1 1 1 1 0 1 0 1 0 1 0 1 0]
 [0 0 0 1 0 1 1 1 0 1 0 1 0 1 0]
 [0 0 0 0 1 1 0 0 1 1 0 0 0 1 0]
 [1 1 0 0 1 1 0 0 0 1 0 0 0 0 1]
 [1 1 1 1 1 1 0 0 1 1 0 0 0 1 0]
 [0 0 1 1 1 1 0 1 1 0 0 0 0 0 1]
 [1 1 0 0 0 1 0 0 0 1 0 0 0 1 0]
 [1 0 1 0 1 1 1 1 1 1 0 1 0 0 0]
 [0 1 1 1 0 1 1 0 1 1 0 0 0 0 0]
 [1 1 0 1 1 1 1 0 0 0 0 1 0 0 1]
 [1 0 1 0 1 1 1 1 1 1 0 0 0 1 0]
 [1 1 0 0 1 1 0 1 0 1 1 1 0 0 1]
 [0 0 1 0 1 1 0 0 0 0 0 1 1 1 0]
 [0 0 0 0 0 1 1 0 0 1 0 0 1 0 1]
 [1 0 1 0 0 0 0 0 1 1 1 0 0 1 1]
 [0 1 0 0 0 1 1 0 0 1 0 1 1 1 0]
 [1 1 1 1 0 1 1 0 0 1 0 0 0 1 0]
 [1 1 0 1 1 1 0 0 0 1 0 0 0 0 1]
 [1 1 1 1 0 0 0 1 0 1 0 0 0 0 0]
 [0 1 0 0 0 0 0 1 0 1 0 1 0 0 1]
 [0 1 0 1 1 0 0 0 0 1 1 0 1 1 0]]
branch at 5
runtime for solving id of Q is 5.803440596908331
Simulation results:
{'J': 30, 'K': 15, 'N': 10, 'p': 0.6667, 'seed': 55, 'sim': 8, 'runtime': 5.803440596908331, 'identifiable': 0, 'branch': 5}
9
Q: [[1 1 1 1 0 1 0 0 1 1 0 0 0 0 0]
 [1 1 1 0 1 1 0 0 1 0 0 1 1 1 1]
 [1 0 1 0 1 1 1 1 1 0 0 0 1 1 0]
 [0 0 0 0 0 1 1 0 0 1 0 1 1 0 1]
 [0 0 1 1 1 1 0 0 0 0 1 1 1 1 1]
 [1 0 1 1 0 0 0 0 1 1 1 1 0 0 0]
 [0 1 1 0 1 0 1 1 1 1 1 1 1 1 1]
 [1 0 1 0 1 1 0 1 1 0 0 0 0 0 0]
 [0 0 0 0 1 1 1 1 1 0 1 0 0 1 1]
 [1 1 1 1 0 1 1 1 1 1 1 1 1 1 1]
 [1 0 1 1 0 0 1 0 0 1 0 0 0 0 0]
 [1 1 1 1 1 1 1 1 1 1 0 1 1 1 0]
 [0 0 0 1 1 1 1 1 0 1 1 0 1 1 0]
 [1 1 1 0 0 1 0 1 1 1 1 1 0 0 0]
 [1 1 1 1 0 1 1 0 1 0 0 0 1 0 0]
 [1 1 1 1 1 0 1 1 0 1 1 0 1 1 1]
 [1 1 1 0 1 1 1 0 1 1 1 1 1 1 0]
 [1 1 0 1 0 1 1 1 0 0 0 1 0 1 1]
 [1 1 1 1 1 1 1 1 1 0 1 1 0 0 1]
 [0 0 0 0 1 1 1 1 1 1 0 1 1 1 1]
 [1 1 1 1 0 1 1 0 1 0 0 1 1 1 1]
 [0 0 1 1 1 1 1 1 1 1 1 1 0 0 1]
 [0 1 1 1 1 1 0 0 1 1 1 1 0 0 0]
 [1 1 0 1 1 0 0 1 0 1 1 1 1 0 0]
 [1 1 0 1 1 1 1 1 1 0 1 1 0 0 1]
 [0 0 1 1 1 1 1 1 1 1 1 1 0 1 1]
 [1 1 0 1 0 1 1 0 1 1 1 1 0 0 1]
 [1 0 1 1 1 0 1 1 0 1 1 1 1 1 1]
 [0 1 1 1 1 0 1 0 1 1 1 1 1 0 1]
 [1 0 1 1 1 1 1 1 0 0 1 0 1 1 1]]
{'restarts': 15093, 'conflicts': 3821324, 'decisions': 6454885, 'propagations': 13754442258}
Q is not identifiable, and Q_bar is [[1 1 1 1 0 0 0 0 0 0 0 0 0 0 0]
 [0 0 1 1 0 1 0 0 0 0 0 1 1 1 0]
 [0 0 1 0 0 1 1 0 1 0 0 1 0 1 0]
 [0 0 0 0 0 1 1 0 0 0 0 0 1 0 1]
 [0 0 0 0 0 1 0 0 0 0 1 0 1 1 0]
 [0 1 0 0 1 0 0 0 0 0 0 0 0 0 1]
 [0 0 0 1 1 1 0 0 0 1 0 0 0 0 1]
 [0 0 1 0 0 0 0 0 1 0 0 1 0 0 0]
 [0 0 0 0 1 0 0 0 0 1 0 1 0 0 0]
 [1 1 0 0 1 1 1 0 1 0 0 0 1 1 1]
 [0 1 0 0 0 0 1 0 0 0 0 0 0 0 0]
 [1 0 1 1 0 1 1 0 1 0 0 1 0 1 1]
 [0 0 0 0 0 1 1 1 1 0 0 0 0 1 0]
 [0 0 1 1 1 0 0 0 1 0 0 0 0 0 1]
 [1 0 1 1 0 1 1 0 0 0 0 0 0 0 0]
 [1 1 0 0 0 1 0 1 1 1 0 0 0 0 0]
 [0 0 1 1 1 1 1 0 0 0 0 1 0 1 1]
 [1 0 0 0 0 0 1 0 1 0 0 0 1 1 0]
 [1 0 1 0 1 0 1 0 1 0 0 1 1 0 0]
 [0 0 0 0 0 1 1 0 0 1 0 1 0 1 1]
 [1 0 1 1 0 1 1 0 0 0 0 0 1 1 0]
 [0 0 0 0 1 0 1 1 1 0 1 0 1 0 0]
 [0 0 0 1 1 0 0 1 0 0 0 1 0 0 1]
 [1 0 0 0 0 1 0 1 1 0 0 0 0 0 1]
 [1 0 0 0 1 0 1 0 1 0 0 1 1 0 0]
 [0 0 0 0 1 0 1 1 1 1 1 1 1 0 0]
 [1 0 0 0 1 0 1 0 0 0 0 0 1 0 1]
 [0 1 0 0 0 1 0 1 1 1 0 0 0 0 1]
 [0 0 0 1 1 1 1 1 0 0 1 0 0 0 1]
 [0 0 1 0 0 1 1 0 1 0 1 0 0 1 0]]
branch at 5
runtime for solving id of Q is 2612.7827419787645
Simulation results:
{'J': 30, 'K': 15, 'N': 10, 'p': 0.6667, 'seed': 55, 'sim': 9, 'runtime': 2612.7827419787645, 'identifiable': 0, 'branch': 5}
Simulation results:
[{'J': 30, 'K': 15, 'N': 10, 'p': 0.6667, 'seed': 55, 'sim': 0, 'runtime': 93.96502760704607, 'identifiable': 0, 'branch': 5}, {'J': 30, 'K': 15, 'N': 10, 'p': 0.6667, 'seed': 55, 'sim': 1, 'runtime': 8.340614425949752, 'identifiable': 0, 'branch': 5}, {'J': 30, 'K': 15, 'N': 10, 'p': 0.6667, 'seed': 55, 'sim': 2, 'runtime': 11459.532249732874, 'identifiable': 0, 'branch': 5}, {'J': 30, 'K': 15, 'N': 10, 'p': 0.6667, 'seed': 55, 'sim': 3, 'runtime': 7137.122250109911, 'identifiable': 0, 'branch': 5}, {'J': 30, 'K': 15, 'N': 10, 'p': 0.6667, 'seed': 55, 'sim': 4, 'runtime': 36.89186696242541, 'identifiable': 0, 'branch': 5}, {'J': 30, 'K': 15, 'N': 10, 'p': 0.6667, 'seed': 55, 'sim': 5, 'runtime': 129.3620640365407, 'identifiable': 0, 'branch': 5}, {'J': 30, 'K': 15, 'N': 10, 'p': 0.6667, 'seed': 55, 'sim': 6, 'runtime': 16.531821124255657, 'identifiable': 0, 'branch': 5}, {'J': 30, 'K': 15, 'N': 10, 'p': 0.6667, 'seed': 55, 'sim': 7, 'runtime': 1.9723824197426438, 'identifiable': 0, 'branch': 5}, {'J': 30, 'K': 15, 'N': 10, 'p': 0.6667, 'seed': 55, 'sim': 8, 'runtime': 5.803440596908331, 'identifiable': 0, 'branch': 5}, {'J': 30, 'K': 15, 'N': 10, 'p': 0.6667, 'seed': 55, 'sim': 9, 'runtime': 2612.7827419787645, 'identifiable': 0, 'branch': 5}]
