
The Gurobi software has a limited number of licenses. To request a license or
licenses, add this line

    #SBATCH --licenses=gurobi@slurmdb:1

to your SBATCH script, replacing N with the number of licenses you need. Gurobi
will need one license per process.


0
Q: [[0 1 1 0 1 1 1 0 1 1]
 [1 1 1 1 1 1 1 1 1 0]
 [1 1 1 1 1 1 0 1 1 1]
 [1 0 1 1 1 1 0 0 1 1]
 [1 1 1 1 0 0 1 1 1 1]
 [1 1 0 1 1 1 0 0 0 0]
 [1 0 1 1 1 1 1 1 1 1]
 [0 0 1 0 0 1 1 1 0 0]
 [1 1 1 1 0 1 1 1 1 1]
 [1 1 1 1 1 0 1 1 1 1]
 [1 0 1 1 1 1 0 1 1 0]
 [0 0 1 0 1 1 1 0 0 0]
 [1 1 1 1 1 1 1 1 0 1]
 [0 1 0 1 1 0 0 1 1 1]
 [0 1 1 1 1 1 1 1 1 1]
 [0 1 1 1 1 1 1 0 1 0]
 [1 1 0 1 1 1 1 1 0 0]
 [0 0 0 1 0 1 0 1 0 1]
 [1 1 1 0 1 1 1 0 1 1]
 [1 1 0 0 1 1 1 1 1 1]
 [1 0 0 0 0 1 1 1 1 1]
 [1 0 1 1 1 1 0 0 1 1]
 [0 0 1 1 1 1 0 1 1 1]
 [0 1 1 1 1 0 0 1 1 1]
 [1 1 1 1 0 1 1 0 1 1]
 [1 1 0 1 1 0 1 1 1 1]
 [0 1 1 0 0 1 1 1 1 1]
 [1 1 0 0 1 1 0 1 1 1]
 [1 1 1 1 1 1 1 1 1 1]
 [0 1 1 0 0 1 0 1 1 1]
 [1 1 1 1 1 1 1 0 0 0]
 [0 1 0 1 0 1 1 1 1 1]
 [0 1 1 1 1 0 1 1 1 1]
 [1 1 1 1 1 1 1 1 1 1]
 [0 0 1 0 0 1 1 1 1 1]
 [0 1 1 1 1 1 1 1 0 1]
 [0 1 1 0 0 1 1 1 1 1]
 [1 1 1 1 1 1 1 1 1 0]
 [1 1 0 1 0 1 1 1 0 1]
 [1 1 1 0 0 1 1 1 1 0]
 [0 0 1 1 1 1 0 1 1 1]
 [1 0 1 1 0 0 1 1 1 1]
 [0 1 0 1 1 1 1 1 0 1]
 [0 1 1 0 0 1 1 1 1 1]
 [1 1 1 1 1 1 1 1 1 1]
 [1 0 1 0 1 0 1 1 0 1]
 [1 0 1 0 0 1 1 1 1 1]
 [0 1 0 0 1 1 1 0 1 0]
 [0 1 1 0 1 1 1 0 1 0]
 [0 0 1 0 0 0 1 1 0 0]]
{'restarts': 8, 'conflicts': 1874, 'decisions': 3858, 'propagations': 722504}
Q is identifiable
branch at 6
runtime for solving id of Q is 0.1453950982540846
Simulation results:
{'J': 50, 'K': 10, 'N': 10, 'p': 0.7, 'seed': 284, 'sim': 0, 'runtime': 0.1453950982540846, 'identifiable': 1, 'branch': 6}
1
Q: [[1 0 1 0 1 0 1 1 1 0]
 [1 1 0 1 1 1 1 1 1 1]
 [0 1 0 1 1 1 1 1 1 1]
 [1 1 1 0 1 0 1 0 1 1]
 [1 0 0 0 0 1 0 0 1 1]
 [0 1 1 1 0 1 1 1 1 1]
 [1 0 1 1 1 1 1 1 1 1]
 [0 1 1 0 0 1 0 1 0 1]
 [1 1 1 1 0 1 1 1 0 0]
 [1 1 0 0 0 0 0 0 1 1]
 [1 1 1 1 0 1 1 0 1 0]
 [1 1 0 1 1 0 1 0 0 1]
 [1 1 1 0 1 1 0 1 1 1]
 [0 1 1 0 1 1 0 1 0 1]
 [1 1 1 1 0 1 1 1 1 1]
 [1 1 1 1 1 1 0 1 0 1]
 [0 1 0 0 1 0 1 0 1 1]
 [0 1 0 0 1 0 1 0 1 0]
 [1 1 1 1 1 0 1 1 1 1]
 [1 0 1 1 0 1 1 1 1 1]
 [1 1 0 1 0 0 1 1 0 1]
 [1 1 1 0 1 1 1 1 1 1]
 [1 1 0 0 1 1 1 0 1 1]
 [1 1 1 1 1 1 1 1 0 1]
 [1 1 1 0 0 1 1 1 1 0]
 [0 1 0 1 1 1 1 1 0 1]
 [1 1 0 1 1 1 1 0 1 1]
 [1 0 1 1 1 1 0 0 1 1]
 [1 1 1 1 1 1 1 1 1 0]
 [1 0 1 1 1 1 1 1 1 1]
 [1 0 1 1 1 1 0 1 1 1]
 [1 0 1 1 0 1 1 1 1 1]
 [0 1 1 1 1 1 0 1 1 0]
 [1 1 0 1 0 1 1 1 1 1]
 [1 1 1 0 1 0 1 0 0 1]
 [1 0 1 1 1 0 1 1 1 1]
 [1 0 0 1 1 1 1 1 0 1]
 [0 0 0 1 0 1 1 1 1 1]
 [1 1 1 0 0 1 1 0 1 1]
 [0 1 1 1 1 1 1 0 1 0]
 [0 1 0 1 1 1 1 1 0 0]
 [1 0 0 1 0 1 1 1 0 1]
 [1 1 1 1 1 1 1 1 1 0]
 [1 1 1 1 1 1 1 1 1 1]
 [1 1 1 1 1 1 1 0 1 0]
 [1 1 1 1 1 0 1 0 1 1]
 [1 1 1 1 1 1 1 1 0 1]
 [1 1 0 0 1 1 1 1 1 1]
 [0 1 0 1 1 0 1 0 1 1]
 [1 1 1 1 1 0 1 1 0 1]]
{'restarts': 68, 'conflicts': 20706, 'decisions': 35235, 'propagations': 8389737}
Q is identifiable
branch at 6
runtime for solving id of Q is 1.5185825619846582
Simulation results:
{'J': 50, 'K': 10, 'N': 10, 'p': 0.7, 'seed': 284, 'sim': 1, 'runtime': 1.5185825619846582, 'identifiable': 1, 'branch': 6}
2
Q: [[0 0 1 1 0 0 1 1 0 0]
 [1 1 1 1 0 1 1 1 1 1]
 [1 1 1 1 1 1 1 0 1 1]
 [1 1 0 1 1 1 1 1 1 1]
 [1 1 1 0 1 1 0 1 1 1]
 [1 1 1 0 1 1 0 1 1 1]
 [1 0 1 1 1 1 1 1 1 1]
 [1 1 1 1 1 1 1 1 1 1]
 [1 1 0 1 0 0 1 0 1 1]
 [1 0 1 1 1 0 1 0 1 1]
 [1 1 1 0 1 1 1 1 1 1]
 [0 0 1 0 0 1 1 1 1 1]
 [1 1 0 1 1 1 0 1 1 1]
 [0 0 0 1 1 1 0 1 1 0]
 [1 1 1 0 0 0 1 1 1 1]
 [0 1 0 0 1 0 1 0 1 0]
 [0 1 1 1 0 1 1 0 0 1]
 [1 1 1 1 1 1 0 1 1 1]
 [0 0 1 0 1 0 1 1 1 0]
 [1 1 1 1 1 1 0 0 0 1]
 [0 1 0 1 0 1 1 0 1 1]
 [1 1 1 0 1 1 1 1 0 0]
 [1 1 1 1 1 1 1 0 1 1]
 [1 1 1 1 1 1 1 1 1 1]
 [1 1 1 1 0 1 1 1 1 1]
 [1 1 0 0 1 1 1 1 1 1]
 [1 1 0 1 0 1 1 1 1 1]
 [1 1 0 1 0 0 0 0 0 0]
 [0 1 1 0 0 1 1 1 0 1]
 [0 0 0 1 0 1 1 0 1 1]
 [1 1 1 1 1 1 1 1 1 1]
 [0 1 0 1 1 0 0 1 1 0]
 [1 1 0 1 1 1 0 1 1 1]
 [1 1 1 1 1 1 1 0 1 1]
 [1 0 1 0 1 1 1 1 1 1]
 [1 1 1 1 1 1 1 0 0 1]
 [0 1 1 1 1 1 1 1 1 1]
 [0 1 1 0 0 1 1 1 1 1]
 [0 1 1 0 0 1 1 0 0 1]
 [1 1 0 1 0 1 0 1 0 1]
 [0 0 0 0 1 1 1 1 1 1]
 [0 1 1 1 1 0 0 0 0 1]
 [1 1 1 1 0 1 1 1 1 1]
 [1 1 0 1 1 0 1 0 1 1]
 [1 1 1 0 0 1 1 1 1 1]
 [1 1 1 0 0 0 1 1 1 0]
 [1 1 1 0 0 1 1 0 1 0]
 [1 1 1 1 1 1 1 1 0 0]
 [1 1 1 1 1 0 1 0 1 1]
 [1 0 1 1 0 0 1 1 0 1]]
{'restarts': 38, 'conflicts': 11947, 'decisions': 19996, 'propagations': 5164768}
Q is not identifiable, and Q_bar is [[0 0 0 1 1 0 0 0 0 1]
 [1 0 1 1 1 1 1 0 1 1]
 [1 0 1 1 1 1 1 1 1 0]
 [1 0 1 0 1 1 1 1 1 1]
 [1 1 0 0 0 0 1 1 1 1]
 [1 1 0 0 0 0 1 1 1 1]
 [1 0 0 1 1 1 1 1 1 1]
 [1 0 1 1 1 1 1 1 1 1]
 [1 0 1 0 1 1 1 0 0 0]
 [1 0 0 1 1 1 1 1 0 0]
 [1 0 1 1 0 1 1 1 1 1]
 [0 0 0 1 0 1 1 0 1 1]
 [1 0 1 0 1 0 1 1 1 1]
 [0 0 0 0 1 0 0 1 1 1]
 [1 0 1 1 0 1 1 0 0 1]
 [0 0 1 0 0 1 0 1 0 0]
 [0 0 1 1 1 0 1 0 1 0]
 [1 1 1 0 1 0 1 1 1 1]
 [0 0 0 1 0 0 0 1 0 1]
 [1 1 0 0 1 0 1 0 1 0]
 [0 0 1 0 1 1 1 0 1 0]
 [1 1 0 1 0 0 0 0 1 1]
 [1 0 1 1 1 1 1 1 1 0]
 [1 0 1 1 1 1 1 1 1 1]
 [1 0 1 1 1 1 1 0 1 1]
 [1 0 1 0 0 1 1 1 1 1]
 [1 0 1 0 1 1 1 0 1 1]
 [1 0 1 0 1 0 0 0 0 0]
 [0 0 1 1 0 0 1 0 1 1]
 [0 0 0 0 1 1 1 0 1 0]
 [1 0 1 1 1 1 1 1 1 1]
 [0 0 1 0 1 0 0 1 0 1]
 [1 0 1 0 1 0 1 1 1 1]
 [1 0 1 1 1 1 1 1 1 0]
 [1 0 0 1 0 0 1 1 1 1]
 [1 1 1 1 1 0 1 0 1 0]
 [0 0 1 1 1 1 1 1 1 1]
 [0 0 1 1 0 1 1 0 1 1]
 [0 0 1 1 0 0 1 0 1 0]
 [1 0 1 0 1 0 1 0 1 1]
 [0 0 0 0 0 1 1 1 1 1]
 [0 1 0 0 1 0 1 0 0 0]
 [1 0 1 1 1 1 1 0 1 1]
 [1 0 1 0 1 1 1 1 0 0]
 [1 0 1 1 0 1 1 0 1 1]
 [1 0 1 1 0 1 0 0 0 1]
 [1 0 1 1 0 1 0 0 1 0]
 [1 1 0 1 1 0 0 0 1 1]
 [1 0 1 1 1 1 1 1 0 0]
 [1 0 0 1 1 0 1 0 0 1]]
branch at 5
runtime for solving id of Q is 0.8383159069344401
Simulation results:
{'J': 50, 'K': 10, 'N': 10, 'p': 0.7, 'seed': 284, 'sim': 2, 'runtime': 0.8383159069344401, 'identifiable': 0, 'branch': 5}
3
Q: [[1 0 1 1 1 1 1 1 1 1]
 [0 1 1 1 1 1 1 1 1 1]
 [1 1 1 1 0 1 1 0 1 1]
 [1 0 1 0 0 0 1 1 1 1]
 [1 0 0 1 0 1 1 0 1 0]
 [1 0 1 0 1 0 0 1 1 1]
 [1 0 1 0 1 1 1 1 1 0]
 [1 1 1 0 1 1 1 0 1 1]
 [1 0 0 1 0 1 0 0 1 1]
 [1 1 1 1 1 1 1 1 1 1]
 [1 1 1 1 0 0 1 1 0 1]
 [1 0 0 0 0 1 0 1 0 1]
 [0 0 1 0 1 1 0 1 1 1]
 [0 1 1 1 1 1 1 1 0 0]
 [0 0 1 1 1 1 0 1 1 1]
 [0 1 0 0 1 0 1 1 1 1]
 [1 1 1 1 1 1 0 0 1 1]
 [1 0 1 1 1 0 1 1 1 1]
 [0 0 1 1 1 1 1 0 1 1]
 [0 0 1 1 1 1 0 1 1 1]
 [1 0 0 1 0 1 1 0 1 1]
 [1 1 0 1 1 1 1 1 1 1]
 [0 0 1 1 1 0 1 0 0 1]
 [1 0 1 0 1 1 0 1 1 1]
 [1 1 0 0 1 1 0 1 1 0]
 [1 0 0 1 1 1 1 0 1 1]
 [1 1 1 1 1 1 1 1 1 1]
 [1 1 0 0 1 1 1 1 1 1]
 [1 0 1 1 1 0 0 1 1 0]
 [1 1 1 0 1 0 1 1 0 0]
 [1 1 1 1 1 1 0 1 1 1]
 [0 1 1 1 1 0 1 0 1 0]
 [1 1 0 1 1 1 1 1 0 0]
 [1 0 1 1 1 1 1 1 1 0]
 [1 1 1 0 1 1 0 1 1 1]
 [1 0 1 1 0 1 1 1 1 1]
 [0 1 0 0 1 1 1 1 0 1]
 [1 0 0 1 1 0 1 1 0 1]
 [0 1 0 1 1 1 1 1 1 1]
 [0 1 1 1 1 0 0 1 1 0]
 [0 1 1 1 0 0 0 1 0 1]
 [1 1 0 1 0 1 0 0 1 1]
 [0 0 1 1 1 1 1 1 1 1]
 [1 1 1 1 0 1 0 0 1 1]
 [1 0 1 1 1 1 1 1 1 0]
 [1 1 1 1 0 0 0 0 1 1]
 [1 0 1 1 1 1 1 1 1 1]
 [1 1 0 0 0 0 1 1 0 1]
 [1 1 0 0 0 1 1 1 1 1]
 [1 1 1 1 0 1 1 0 1 0]]
{'restarts': 285, 'conflicts': 79631, 'decisions': 119376, 'propagations': 38598774}
Q is identifiable
branch at 6
runtime for solving id of Q is 8.023573212325573
Simulation results:
{'J': 50, 'K': 10, 'N': 10, 'p': 0.7, 'seed': 284, 'sim': 3, 'runtime': 8.023573212325573, 'identifiable': 1, 'branch': 6}
4
Q: [[0 1 1 1 0 1 1 1 1 1]
 [1 1 1 0 1 0 1 0 0 1]
 [0 1 1 0 1 1 1 1 1 1]
 [1 0 1 1 0 0 1 0 1 1]
 [1 0 1 1 0 1 0 1 1 0]
 [1 1 1 1 1 1 1 0 1 0]
 [0 1 0 1 1 1 0 1 1 1]
 [1 0 1 1 1 0 1 1 0 1]
 [0 1 1 1 1 1 0 1 1 1]
 [1 1 1 1 1 1 0 1 1 1]
 [1 1 1 0 0 1 1 0 0 0]
 [1 1 1 1 0 0 1 1 1 1]
 [1 0 1 1 1 1 0 1 0 0]
 [0 1 1 1 1 1 1 0 0 1]
 [1 1 0 1 0 1 1 1 1 1]
 [0 1 1 1 1 1 1 0 1 1]
 [0 0 1 1 1 1 0 0 0 1]
 [1 0 0 1 1 1 1 0 1 0]
 [1 1 1 1 1 1 0 0 1 0]
 [1 1 0 1 1 0 1 1 0 1]
 [1 1 1 0 1 1 1 1 1 0]
 [1 1 0 0 1 1 0 1 1 1]
 [0 0 1 1 1 1 1 1 1 1]
 [1 1 1 0 0 1 1 1 1 0]
 [0 0 0 1 1 1 1 1 0 1]
 [1 1 1 1 0 0 1 1 0 1]
 [1 1 1 1 0 1 1 0 0 1]
 [1 1 1 1 0 1 0 1 1 1]
 [0 1 1 1 0 0 1 0 1 1]
 [1 0 0 0 0 1 1 0 1 1]
 [1 1 1 1 1 0 1 1 1 1]
 [0 0 1 1 1 1 1 1 0 1]
 [1 1 0 1 0 1 1 0 1 1]
 [0 1 0 1 1 1 0 0 1 0]
 [1 0 0 1 1 1 1 0 1 1]
 [0 1 0 1 1 0 1 0 0 1]
 [1 1 1 1 0 1 1 1 1 0]
 [1 1 1 1 1 0 0 1 1 1]
 [1 1 0 0 1 0 1 1 0 0]
 [0 1 1 0 1 1 1 1 1 1]
 [1 1 1 1 1 1 0 1 1 0]
 [1 1 1 1 0 0 1 1 1 1]
 [0 1 0 1 0 1 0 0 1 1]
 [0 1 1 1 0 0 1 1 1 0]
 [0 1 1 1 1 1 1 0 1 1]
 [0 0 1 1 1 1 1 0 1 1]
 [0 1 0 1 1 0 0 0 0 1]
 [0 1 0 0 0 0 0 1 1 1]
 [1 0 0 0 1 1 1 0 0 0]
 [0 1 1 1 1 1 0 1 1 1]]
{'restarts': 53, 'conflicts': 22123, 'decisions': 34448, 'propagations': 11094054}
Q is identifiable
branch at 6
runtime for solving id of Q is 1.7602250585332513
Simulation results:
{'J': 50, 'K': 10, 'N': 10, 'p': 0.7, 'seed': 284, 'sim': 4, 'runtime': 1.7602250585332513, 'identifiable': 1, 'branch': 6}
5
Q: [[1 0 1 1 1 1 0 0 1 1]
 [1 1 1 0 1 1 1 0 1 0]
 [1 1 1 1 0 0 1 1 1 1]
 [1 1 1 1 1 0 1 1 1 1]
 [1 1 0 0 1 1 1 1 1 1]
 [1 1 1 1 1 0 1 1 0 1]
 [0 1 1 1 1 1 1 1 1 1]
 [1 1 1 0 0 1 1 0 0 1]
 [1 1 1 0 1 1 1 1 0 1]
 [1 1 1 1 0 1 1 0 0 0]
 [1 1 1 1 0 0 1 0 1 1]
 [1 1 1 1 1 0 0 1 1 1]
 [0 1 1 1 1 1 1 1 0 1]
 [0 1 1 0 1 0 1 1 1 1]
 [0 0 1 1 1 1 1 0 1 1]
 [0 1 1 0 0 0 1 0 0 0]
 [0 0 1 0 1 1 0 1 1 1]
 [1 0 1 1 1 1 1 1 1 1]
 [1 1 1 1 0 1 1 1 1 1]
 [1 1 1 1 0 0 0 1 1 0]
 [1 1 0 0 0 1 0 1 1 1]
 [0 1 1 1 1 1 1 1 0 1]
 [0 1 1 0 0 1 1 1 1 1]
 [0 1 1 1 1 1 0 1 1 1]
 [0 0 1 1 1 1 1 0 0 1]
 [1 0 1 1 1 0 1 1 1 1]
 [1 0 1 0 0 0 0 1 0 1]
 [0 1 1 1 0 0 0 1 1 1]
 [1 1 1 0 1 0 0 1 0 1]
 [0 0 1 1 0 1 1 1 0 1]
 [1 0 1 1 1 1 1 0 1 1]
 [1 1 1 0 1 1 1 1 1 1]
 [1 1 1 1 0 0 1 0 1 0]
 [1 1 1 1 1 0 0 0 0 1]
 [1 0 1 0 1 1 1 1 1 1]
 [1 1 1 1 0 1 0 1 1 0]
 [0 1 1 0 1 1 0 1 1 1]
 [1 1 1 1 1 0 1 0 1 1]
 [0 1 0 1 1 0 1 1 1 0]
 [0 1 1 0 0 1 0 0 1 1]
 [1 1 1 1 0 1 1 1 1 0]
 [1 1 1 1 1 0 0 0 1 1]
 [0 1 0 1 1 0 1 1 1 0]
 [1 1 1 1 1 0 0 1 0 0]
 [1 1 1 1 1 0 0 1 1 0]
 [0 1 0 0 1 1 1 1 1 1]
 [0 0 1 1 0 1 1 1 1 1]
 [1 1 1 1 0 1 0 0 1 1]
 [1 1 1 0 1 1 0 1 0 1]
 [0 0 1 1 0 0 1 1 1 1]]
{'restarts': 13, 'conflicts': 5025, 'decisions': 10115, 'propagations': 2143178}
Q is not identifiable, and Q_bar is [[1 0 0 0 0 1 1 1 1 1]
 [1 1 0 1 1 1 0 0 1 0]
 [1 1 1 0 1 0 1 1 0 1]
 [1 0 1 1 1 1 1 0 0 1]
 [1 0 1 1 1 1 0 1 1 0]
 [1 1 1 0 1 1 1 0 0 1]
 [0 0 1 1 1 1 1 1 1 1]
 [1 1 0 0 1 0 0 0 1 1]
 [1 1 1 0 1 1 0 0 1 1]
 [1 1 0 0 1 0 1 0 1 0]
 [1 0 0 1 1 0 1 0 0 1]
 [1 1 1 1 0 1 1 0 0 1]
 [0 1 1 0 1 1 1 0 1 1]
 [0 1 1 0 1 1 0 1 0 0]
 [0 0 0 0 1 1 1 1 1 1]
 [0 1 0 0 1 0 0 0 0 0]
 [0 0 1 0 0 1 0 1 1 1]
 [1 0 1 0 1 1 1 1 1 1]
 [1 1 1 0 1 0 1 1 1 1]
 [1 1 1 1 0 0 1 0 0 0]
 [1 0 1 1 0 0 0 1 1 0]
 [0 1 1 0 1 1 1 0 1 1]
 [0 0 1 1 1 0 0 1 1 1]
 [0 0 1 1 0 1 1 1 1 1]
 [0 0 0 0 1 1 1 0 1 1]
 [1 0 1 0 1 1 1 1 0 1]
 [1 0 1 0 0 0 0 0 0 1]
 [0 0 1 1 0 0 1 0 0 1]
 [1 1 1 0 0 1 0 0 0 1]
 [0 0 1 0 1 0 1 0 1 1]
 [1 0 0 0 1 1 1 1 1 1]
 [1 0 1 1 1 1 0 1 1 1]
 [1 1 0 1 1 0 1 0 0 0]
 [1 1 0 0 0 1 1 0 0 1]
 [1 0 1 0 1 1 0 1 1 1]
 [1 1 1 1 0 0 1 0 1 0]
 [0 1 1 0 0 1 0 1 1 1]
 [1 1 0 1 1 1 1 0 0 1]
 [0 0 1 1 1 1 1 0 0 0]
 [0 1 0 0 0 0 0 1 1 0]
 [1 1 1 1 1 0 1 0 1 0]
 [1 0 0 1 0 1 1 0 0 1]
 [0 0 1 1 1 1 1 0 0 0]
 [1 1 1 0 0 1 1 0 0 0]
 [1 1 1 1 0 1 1 0 0 0]
 [0 0 1 1 1 1 0 1 1 0]
 [0 0 1 0 1 0 1 1 1 1]
 [1 0 0 1 0 0 1 1 1 1]
 [1 1 1 0 0 1 0 0 1 1]
 [0 0 1 0 1 0 1 1 0 1]]
branch at 5
runtime for solving id of Q is 0.40654402785003185
Simulation results:
{'J': 50, 'K': 10, 'N': 10, 'p': 0.7, 'seed': 284, 'sim': 5, 'runtime': 0.40654402785003185, 'identifiable': 0, 'branch': 5}
6
Q: [[0 0 1 1 1 1 1 1 1 0]
 [1 1 0 1 1 1 1 0 1 1]
 [1 1 1 1 1 1 1 1 1 1]
 [1 1 0 1 1 1 0 1 1 1]
 [1 1 0 1 1 1 1 1 1 0]
 [0 1 1 1 1 1 1 0 1 1]
 [1 1 1 1 1 0 1 0 1 1]
 [1 1 1 1 1 0 1 1 1 1]
 [1 0 0 0 0 0 1 1 0 0]
 [1 1 0 1 0 1 1 1 1 1]
 [1 0 1 1 1 0 1 1 0 0]
 [1 1 1 0 0 1 0 1 1 0]
 [1 1 1 1 1 1 1 1 0 0]
 [1 1 1 1 1 0 1 0 1 1]
 [1 1 1 1 1 0 1 1 0 1]
 [1 1 1 1 1 0 1 1 0 1]
 [1 1 0 1 0 0 0 1 1 0]
 [0 1 1 1 1 0 0 1 1 1]
 [1 1 1 1 1 0 0 1 1 0]
 [1 1 0 0 0 0 1 0 0 0]
 [1 1 1 1 1 0 1 1 1 0]
 [1 1 1 1 1 1 1 0 1 1]
 [0 1 0 1 0 1 0 0 0 0]
 [1 1 1 1 0 0 1 1 1 1]
 [0 0 1 1 1 1 0 1 1 1]
 [1 0 1 1 1 1 1 1 1 0]
 [0 1 0 1 0 0 1 1 1 1]
 [1 0 0 1 1 1 0 1 1 1]
 [1 1 1 1 1 1 1 1 1 1]
 [0 1 0 0 0 1 1 1 1 1]
 [1 0 1 0 1 1 1 0 1 0]
 [1 1 1 1 1 1 1 1 1 0]
 [1 1 0 1 1 1 0 1 0 0]
 [0 0 0 1 1 0 1 1 1 1]
 [0 0 1 1 1 1 0 1 1 1]
 [1 0 1 1 1 1 1 1 1 1]
 [1 0 0 1 0 0 1 0 0 1]
 [1 1 1 1 1 1 1 1 0 0]
 [1 0 1 1 0 1 0 1 1 1]
 [1 0 1 1 1 0 1 0 1 1]
 [1 1 1 1 1 0 1 1 1 1]
 [1 1 0 1 1 0 1 1 1 0]
 [1 0 1 0 1 1 0 1 1 1]
 [0 1 1 0 1 1 1 1 1 1]
 [1 1 0 1 1 1 0 1 1 0]
 [1 1 0 1 1 0 1 1 1 0]
 [0 1 1 1 0 1 0 1 1 1]
 [1 1 0 1 1 1 1 0 1 1]
 [0 1 1 0 1 1 1 1 1 1]
 [1 1 0 1 1 1 0 1 1 1]]
{'restarts': 220, 'conflicts': 66466, 'decisions': 95548, 'propagations': 24074124}
Q is not identifiable, and Q_bar is [[0 0 0 1 0 1 1 1 1 1]
 [0 1 1 1 1 0 1 1 0 1]
 [1 1 1 1 1 1 1 1 1 1]
 [1 0 1 1 1 0 1 1 1 0]
 [1 1 1 1 0 0 1 1 1 0]
 [0 0 1 1 1 1 1 1 0 1]
 [0 1 1 1 1 1 0 1 0 1]
 [1 1 1 1 1 1 0 1 1 0]
 [1 1 0 0 0 0 0 0 0 0]
 [1 1 1 0 1 0 1 1 1 1]
 [1 1 0 1 0 1 0 1 0 0]
 [1 0 1 0 0 1 1 0 1 0]
 [1 1 1 1 0 1 1 1 0 0]
 [0 1 1 1 1 1 0 1 0 1]
 [1 1 1 1 1 1 0 1 0 0]
 [1 1 1 1 1 1 0 1 0 0]
 [1 0 1 0 0 0 0 1 1 0]
 [0 0 1 1 1 1 0 1 1 0]
 [1 0 1 1 0 1 0 1 1 0]
 [0 1 1 0 0 0 0 0 0 0]
 [1 1 1 1 0 1 0 1 1 0]
 [0 1 1 1 1 1 1 1 0 1]
 [0 0 1 0 0 0 1 1 0 0]
 [1 0 1 0 1 1 0 1 0 1]
 [0 0 0 1 1 1 1 1 1 0]
 [1 1 0 1 0 1 1 1 1 1]
 [0 0 1 0 1 0 0 1 1 1]
 [1 0 0 1 1 0 1 1 1 0]
 [1 1 1 1 1 1 1 1 1 1]
 [0 0 1 0 1 0 1 0 1 1]
 [0 1 0 1 0 1 1 0 0 1]
 [1 1 1 1 0 1 1 1 1 1]
 [1 0 1 1 0 0 1 1 0 0]
 [0 0 0 1 1 0 0 1 1 1]
 [0 0 0 1 1 1 1 1 1 0]
 [1 1 0 1 1 1 1 1 1 0]
 [0 1 0 0 1 0 0 1 0 0]
 [1 1 1 1 0 1 1 1 0 0]
 [1 0 0 0 1 1 1 1 1 0]
 [0 1 0 1 1 1 0 1 0 1]
 [1 1 1 1 1 1 0 1 1 0]
 [1 1 1 1 0 0 0 1 1 0]
 [1 0 0 1 1 1 1 0 1 0]
 [0 0 1 1 1 1 1 0 1 1]
 [1 0 1 1 0 0 1 1 1 0]
 [1 1 1 1 0 0 0 1 1 0]
 [0 0 1 0 1 1 1 1 1 0]
 [0 1 1 1 1 0 1 1 0 1]
 [0 0 1 1 1 1 1 0 1 1]
 [1 0 1 1 1 0 1 1 1 0]]
branch at 5
runtime for solving id of Q is 5.282524489797652
Simulation results:
{'J': 50, 'K': 10, 'N': 10, 'p': 0.7, 'seed': 284, 'sim': 6, 'runtime': 5.282524489797652, 'identifiable': 0, 'branch': 5}
7
Q: [[1 1 1 1 0 0 1 0 1 0]
 [0 1 1 1 1 1 1 1 0 1]
 [0 1 1 1 1 0 1 1 0 0]
 [1 0 1 1 0 0 1 0 1 1]
 [1 1 1 1 1 1 1 1 1 1]
 [1 0 1 0 1 1 0 1 0 1]
 [1 1 1 1 1 1 1 0 0 0]
 [1 1 0 1 0 1 0 0 0 1]
 [1 1 1 1 0 0 0 1 1 1]
 [0 1 0 0 0 1 1 0 1 0]
 [1 0 0 1 1 1 0 1 1 1]
 [1 1 1 1 1 1 1 1 1 0]
 [0 1 1 0 1 1 1 1 0 0]
 [0 1 1 1 1 1 1 0 1 1]
 [0 1 1 1 1 1 1 1 1 1]
 [1 0 1 1 1 0 1 0 1 0]
 [1 1 1 1 1 1 1 1 0 1]
 [1 1 0 0 0 0 1 1 1 1]
 [1 1 1 1 1 1 1 1 1 1]
 [0 0 1 0 0 1 0 1 1 0]
 [1 1 0 1 1 0 1 1 0 0]
 [0 0 0 0 1 1 1 0 1 1]
 [1 1 0 1 1 1 1 1 1 0]
 [0 0 1 1 1 1 1 1 1 1]
 [0 1 0 1 1 1 0 0 1 0]
 [0 1 1 0 0 1 1 0 0 1]
 [0 0 1 1 1 0 1 1 1 1]
 [0 0 1 1 1 0 0 1 1 1]
 [1 1 1 0 0 1 1 0 1 1]
 [1 0 0 0 1 1 1 0 0 1]
 [0 1 1 0 1 1 1 1 1 0]
 [1 1 1 1 1 1 0 1 1 1]
 [1 1 0 0 1 1 1 1 1 1]
 [1 0 1 0 0 1 1 1 1 0]
 [1 0 1 0 0 1 0 1 1 0]
 [1 1 0 1 1 1 1 1 1 1]
 [1 0 1 1 1 1 1 0 1 1]
 [0 1 1 1 1 1 1 0 1 1]
 [1 1 1 1 1 1 0 1 1 0]
 [1 1 1 0 1 1 0 1 1 0]
 [0 1 1 1 1 0 0 1 0 1]
 [1 0 1 1 1 1 1 1 1 1]
 [1 1 0 1 1 1 1 1 0 0]
 [1 1 1 1 1 1 1 1 1 1]
 [1 1 1 0 1 0 1 0 0 1]
 [0 1 0 1 1 1 1 1 1 0]
 [1 1 0 1 1 1 1 0 1 0]
 [1 0 0 0 1 1 0 0 1 1]
 [0 0 0 1 0 1 0 1 1 1]
 [1 1 1 0 1 0 1 1 1 1]]
{'restarts': 10, 'conflicts': 5739, 'decisions': 10393, 'propagations': 3323133}
Q is identifiable
branch at 6
runtime for solving id of Q is 0.5362097006291151
Simulation results:
{'J': 50, 'K': 10, 'N': 10, 'p': 0.7, 'seed': 284, 'sim': 7, 'runtime': 0.5362097006291151, 'identifiable': 1, 'branch': 6}
8
Q: [[0 1 1 0 1 0 1 0 0 0]
 [0 1 0 1 1 1 0 0 1 1]
 [1 1 1 1 1 0 0 1 0 1]
 [0 1 1 0 0 1 1 1 1 0]
 [0 1 1 1 0 1 0 0 1 1]
 [1 1 0 1 1 1 1 0 0 0]
 [1 0 1 1 1 1 0 1 1 0]
 [1 1 1 0 0 1 1 1 1 1]
 [1 0 1 0 1 1 1 1 1 1]
 [1 0 0 1 1 0 0 1 0 0]
 [0 0 1 0 1 1 1 1 0 1]
 [1 1 0 1 1 1 1 0 1 1]
 [1 0 0 0 1 1 1 1 1 1]
 [0 0 1 1 1 1 0 1 1 1]
 [0 0 1 1 1 1 1 1 0 1]
 [1 1 1 1 1 1 0 1 0 1]
 [0 0 0 1 1 0 1 1 1 1]
 [1 1 1 0 0 1 1 1 0 1]
 [1 1 1 1 1 0 0 1 0 1]
 [1 1 1 0 1 1 1 0 1 0]
 [1 1 1 1 0 1 1 0 1 1]
 [0 1 1 0 1 1 1 0 1 1]
 [1 1 1 1 1 0 0 1 1 0]
 [0 0 0 0 1 0 0 1 1 1]
 [1 1 0 1 1 1 0 1 1 0]
 [1 1 1 1 0 0 0 1 1 0]
 [1 1 0 1 0 0 1 1 1 1]
 [0 1 1 1 0 1 1 1 1 1]
 [1 1 1 1 0 0 1 1 1 1]
 [1 0 0 1 0 0 1 0 0 1]
 [1 0 0 1 0 0 1 1 1 1]
 [1 0 1 0 1 0 1 0 1 1]
 [0 1 0 1 1 0 0 1 1 1]
 [1 1 0 1 0 1 1 1 1 1]
 [1 1 1 1 1 1 0 1 1 0]
 [0 0 0 0 1 1 1 0 1 1]
 [1 1 0 0 1 0 1 0 1 0]
 [1 1 1 0 1 0 0 1 1 0]
 [1 1 0 1 1 1 0 0 0 1]
 [0 1 0 1 1 0 1 1 1 0]
 [1 1 0 1 0 1 1 0 1 1]
 [1 1 0 1 1 1 0 1 0 1]
 [0 1 1 1 1 1 1 1 1 1]
 [1 1 1 1 1 1 1 1 1 1]
 [0 1 1 1 1 1 1 1 1 1]
 [1 1 1 1 0 0 1 0 1 0]
 [1 1 1 1 1 1 0 1 0 1]
 [1 1 1 1 1 1 1 1 0 1]
 [1 1 1 1 1 0 1 0 1 1]
 [1 1 1 1 1 0 1 1 1 0]]
{'restarts': 25, 'conflicts': 9247, 'decisions': 16892, 'propagations': 4938573}
Q is identifiable
branch at 6
runtime for solving id of Q is 0.7576580988243222
Simulation results:
{'J': 50, 'K': 10, 'N': 10, 'p': 0.7, 'seed': 284, 'sim': 8, 'runtime': 0.7576580988243222, 'identifiable': 1, 'branch': 6}
9
Q: [[1 1 1 0 1 0 1 0 1 1]
 [0 0 1 1 1 1 0 1 1 1]
 [1 0 0 0 1 0 1 1 0 0]
 [1 0 1 1 1 1 0 0 1 1]
 [0 1 0 1 1 1 1 1 1 0]
 [1 1 0 0 1 1 1 0 1 1]
 [0 1 1 0 1 0 1 1 1 0]
 [0 1 1 1 1 0 1 1 1 1]
 [1 1 0 1 1 1 1 0 1 0]
 [1 1 1 1 1 0 1 1 1 1]
 [1 0 0 1 0 0 0 0 1 1]
 [1 1 1 0 0 1 0 1 1 1]
 [0 0 1 0 0 0 0 0 1 1]
 [0 0 0 1 0 0 1 1 0 1]
 [1 1 0 1 1 1 0 1 0 1]
 [0 0 0 1 1 0 1 0 0 1]
 [0 1 1 0 1 1 0 1 1 0]
 [0 1 1 1 0 0 0 1 0 0]
 [1 1 1 0 1 1 1 1 1 0]
 [1 0 1 1 1 0 1 0 0 1]
 [1 1 1 1 1 1 1 1 0 1]
 [1 1 1 1 1 0 0 1 1 0]
 [1 0 1 1 1 0 1 1 1 1]
 [1 1 0 1 1 1 1 1 0 1]
 [1 1 1 1 1 0 0 1 1 0]
 [1 0 0 1 1 1 1 1 0 1]
 [0 1 1 1 1 1 1 0 0 1]
 [1 1 1 1 1 1 0 0 1 1]
 [1 1 1 1 1 1 1 1 0 0]
 [0 1 1 1 1 0 0 1 1 1]
 [1 1 1 1 1 1 1 1 1 1]
 [1 1 1 0 1 1 1 0 0 1]
 [1 0 1 1 0 1 1 1 1 1]
 [1 1 0 0 1 1 1 1 1 1]
 [1 0 0 0 0 1 1 0 0 0]
 [0 1 1 1 1 1 1 0 1 0]
 [1 1 1 1 1 1 1 0 1 0]
 [1 1 0 1 1 0 1 1 1 1]
 [0 1 1 1 0 0 0 1 1 1]
 [1 0 0 1 0 1 1 1 0 0]
 [1 0 1 1 1 1 1 1 1 1]
 [1 1 0 1 1 1 1 1 1 0]
 [0 1 1 0 1 0 1 0 1 1]
 [1 1 1 0 0 0 1 1 0 0]
 [1 1 0 1 1 1 1 0 1 1]
 [0 1 0 1 1 1 1 1 1 0]
 [0 1 1 1 0 1 1 0 1 1]
 [1 1 1 0 1 1 1 1 1 0]
 [1 1 1 1 0 1 0 1 1 1]
 [1 1 0 0 1 1 1 1 0 1]]
{'restarts': 12, 'conflicts': 3960, 'decisions': 7549, 'propagations': 1915922}
Q is identifiable
branch at 6
runtime for solving id of Q is 0.3582491371780634
Simulation results:
{'J': 50, 'K': 10, 'N': 10, 'p': 0.7, 'seed': 284, 'sim': 9, 'runtime': 0.3582491371780634, 'identifiable': 1, 'branch': 6}
Simulation results:
[{'J': 50, 'K': 10, 'N': 10, 'p': 0.7, 'seed': 284, 'sim': 0, 'runtime': 0.1453950982540846, 'identifiable': 1, 'branch': 6}, {'J': 50, 'K': 10, 'N': 10, 'p': 0.7, 'seed': 284, 'sim': 1, 'runtime': 1.5185825619846582, 'identifiable': 1, 'branch': 6}, {'J': 50, 'K': 10, 'N': 10, 'p': 0.7, 'seed': 284, 'sim': 2, 'runtime': 0.8383159069344401, 'identifiable': 0, 'branch': 5}, {'J': 50, 'K': 10, 'N': 10, 'p': 0.7, 'seed': 284, 'sim': 3, 'runtime': 8.023573212325573, 'identifiable': 1, 'branch': 6}, {'J': 50, 'K': 10, 'N': 10, 'p': 0.7, 'seed': 284, 'sim': 4, 'runtime': 1.7602250585332513, 'identifiable': 1, 'branch': 6}, {'J': 50, 'K': 10, 'N': 10, 'p': 0.7, 'seed': 284, 'sim': 5, 'runtime': 0.40654402785003185, 'identifiable': 0, 'branch': 5}, {'J': 50, 'K': 10, 'N': 10, 'p': 0.7, 'seed': 284, 'sim': 6, 'runtime': 5.282524489797652, 'identifiable': 0, 'branch': 5}, {'J': 50, 'K': 10, 'N': 10, 'p': 0.7, 'seed': 284, 'sim': 7, 'runtime': 0.5362097006291151, 'identifiable': 1, 'branch': 6}, {'J': 50, 'K': 10, 'N': 10, 'p': 0.7, 'seed': 284, 'sim': 8, 'runtime': 0.7576580988243222, 'identifiable': 1, 'branch': 6}, {'J': 50, 'K': 10, 'N': 10, 'p': 0.7, 'seed': 284, 'sim': 9, 'runtime': 0.3582491371780634, 'identifiable': 1, 'branch': 6}]
