
The Gurobi software has a limited number of licenses. To request a license or
licenses, add this line

    #SBATCH --licenses=gurobi@slurmdb:1

to your SBATCH script, replacing N with the number of licenses you need. Gurobi
will need one license per process.


0
Q: [[0 0 1 1 1]
 [0 0 1 0 1]
 [0 0 1 1 0]
 [1 0 0 0 1]
 [1 1 0 1 0]
 [1 1 1 1 1]
 [0 0 0 0 0]
 [1 0 0 0 1]
 [0 1 0 0 0]
 [0 1 0 0 1]
 [1 0 1 1 0]
 [0 1 1 0 1]
 [0 0 1 0 0]
 [0 0 0 0 0]
 [0 1 1 0 1]
 [1 1 0 0 1]
 [0 1 1 1 0]
 [1 0 0 0 0]
 [0 0 0 0 1]
 [1 1 1 0 0]
 [1 1 0 1 1]
 [1 0 0 1 1]
 [0 0 0 1 1]
 [0 1 0 0 0]
 [1 0 1 0 0]
 [0 0 0 0 0]
 [1 1 1 0 1]
 [0 0 0 0 1]
 [0 1 1 1 1]
 [0 0 0 1 1]
 [1 1 0 1 1]
 [1 1 0 1 0]
 [0 1 0 1 0]
 [1 0 0 0 1]
 [0 1 1 1 0]
 [1 0 1 0 0]
 [0 1 0 1 0]
 [1 1 1 0 0]
 [0 1 0 1 0]
 [1 1 0 1 1]
 [1 1 0 1 1]
 [0 0 0 0 1]
 [0 1 0 1 1]
 [1 1 1 0 1]
 [1 0 0 1 1]
 [0 0 1 1 0]
 [1 1 0 0 1]
 [1 1 0 0 0]
 [1 0 0 1 1]
 [0 0 1 0 1]]
{'restarts': 1, 'conflicts': 9, 'decisions': 16, 'propagations': 317}
Q is identifiable
branch at 6
runtime for solving id of Q is 0.00400298205204308
Simulation results:
{'J': 50, 'K': 5, 'N': 10, 'p': 0.5, 'seed': 81, 'sim': 0, 'runtime': 0.00400298205204308, 'identifiable': 1, 'branch': 6}
1
Q: [[1 1 1 1 0]
 [0 0 0 0 0]
 [1 0 1 0 0]
 [1 1 0 1 0]
 [1 1 0 0 1]
 [1 0 0 0 0]
 [1 1 0 1 1]
 [1 0 0 0 1]
 [0 1 0 1 1]
 [1 0 0 1 0]
 [0 1 0 0 1]
 [1 1 1 1 0]
 [0 1 1 0 0]
 [1 0 0 0 0]
 [1 1 0 1 1]
 [1 1 1 0 0]
 [0 1 1 0 1]
 [0 0 0 1 1]
 [0 1 1 1 1]
 [0 1 1 0 0]
 [1 0 0 1 1]
 [1 1 1 0 0]
 [1 0 0 1 1]
 [0 0 0 1 1]
 [0 0 0 0 1]
 [1 1 0 0 1]
 [0 1 0 0 1]
 [1 0 1 0 1]
 [0 0 1 1 1]
 [1 1 1 1 0]
 [0 1 1 0 0]
 [1 0 0 0 0]
 [0 0 1 1 1]
 [0 1 0 0 1]
 [1 1 1 1 0]
 [1 0 0 1 0]
 [1 0 1 0 0]
 [0 1 1 0 1]
 [1 0 0 0 0]
 [1 1 1 1 0]
 [0 0 1 1 1]
 [1 1 0 1 0]
 [0 0 0 0 1]
 [1 1 1 1 1]
 [1 0 0 1 0]
 [1 0 0 0 0]
 [1 0 0 0 1]
 [0 0 0 1 1]
 [1 0 1 0 1]
 [0 1 1 1 0]]
{'restarts': 1, 'conflicts': 17, 'decisions': 33, 'propagations': 1271}
Q is identifiable
branch at 6
runtime for solving id of Q is 0.005528177949599922
Simulation results:
{'J': 50, 'K': 5, 'N': 10, 'p': 0.5, 'seed': 81, 'sim': 1, 'runtime': 0.005528177949599922, 'identifiable': 1, 'branch': 6}
2
Q: [[1 1 0 1 0]
 [1 1 1 1 0]
 [0 0 1 1 1]
 [0 0 0 0 0]
 [1 0 0 0 0]
 [1 0 0 1 0]
 [1 0 1 0 1]
 [1 1 0 0 1]
 [0 1 1 0 0]
 [1 1 0 1 1]
 [0 0 1 1 0]
 [1 1 1 1 1]
 [0 1 1 1 0]
 [0 1 1 0 0]
 [0 0 1 1 1]
 [1 1 1 0 1]
 [0 1 0 0 0]
 [0 0 0 1 0]
 [0 0 1 1 0]
 [1 0 0 0 1]
 [0 0 1 0 0]
 [1 0 1 0 0]
 [1 0 0 1 0]
 [0 0 0 1 1]
 [1 0 0 0 1]
 [1 0 0 0 1]
 [1 0 0 0 1]
 [0 1 1 0 0]
 [0 0 0 0 0]
 [1 0 0 0 0]
 [1 0 0 0 1]
 [1 0 0 1 1]
 [1 1 0 1 0]
 [1 1 1 0 1]
 [1 1 1 0 0]
 [1 1 0 0 1]
 [0 1 0 0 1]
 [0 1 0 1 1]
 [0 0 0 0 1]
 [1 0 1 0 0]
 [1 1 1 1 0]
 [0 0 1 1 0]
 [1 1 1 1 0]
 [0 0 1 0 0]
 [1 1 0 0 1]
 [1 0 0 1 1]
 [0 1 0 1 1]
 [0 0 0 1 0]
 [1 0 1 1 0]
 [0 0 1 0 1]]
Q is identifiable (direct_check).
Q is identifiable
branch at 4
runtime for solving id of Q is 0.0005427110008895397
Simulation results:
{'J': 50, 'K': 5, 'N': 10, 'p': 0.5, 'seed': 81, 'sim': 2, 'runtime': 0.0005427110008895397, 'identifiable': 1, 'branch': 4}
3
Q: [[1 1 1 0 1]
 [1 0 0 0 0]
 [0 1 1 0 1]
 [1 1 0 1 0]
 [1 0 1 0 1]
 [0 1 0 1 0]
 [0 1 0 1 0]
 [0 1 0 1 1]
 [0 0 0 0 1]
 [0 0 0 1 0]
 [1 1 1 0 0]
 [1 1 1 0 1]
 [1 1 0 0 0]
 [1 0 1 0 1]
 [0 0 0 1 0]
 [0 1 1 1 0]
 [1 1 1 0 1]
 [0 0 1 1 1]
 [1 1 1 1 1]
 [0 0 0 1 0]
 [1 1 1 1 1]
 [1 0 0 1 0]
 [0 1 0 1 1]
 [1 1 1 1 1]
 [0 1 0 0 0]
 [1 0 1 1 0]
 [1 1 0 1 1]
 [1 0 1 1 0]
 [0 1 0 1 0]
 [0 0 1 1 0]
 [0 1 0 0 0]
 [0 1 0 0 0]
 [0 1 1 0 1]
 [1 1 1 1 0]
 [1 0 0 1 1]
 [0 0 0 1 0]
 [0 1 1 0 1]
 [1 0 0 1 0]
 [0 1 1 0 1]
 [0 1 1 1 1]
 [1 1 1 0 0]
 [1 0 0 0 1]
 [0 1 1 0 0]
 [0 0 1 1 0]
 [1 0 1 1 0]
 [1 1 1 0 0]
 [1 1 1 1 1]
 [0 1 0 1 0]
 [1 0 0 0 1]
 [0 0 1 0 0]]
Q is identifiable (direct_check).
Q is identifiable
branch at 4
runtime for solving id of Q is 0.0004924889653921127
Simulation results:
{'J': 50, 'K': 5, 'N': 10, 'p': 0.5, 'seed': 81, 'sim': 3, 'runtime': 0.0004924889653921127, 'identifiable': 1, 'branch': 4}
4
Q: [[0 0 0 1 1]
 [0 0 1 1 1]
 [1 0 1 0 0]
 [0 1 0 1 1]
 [1 0 0 1 1]
 [0 1 0 1 0]
 [1 1 0 0 0]
 [1 1 1 0 1]
 [1 0 0 1 1]
 [1 1 1 0 1]
 [1 0 1 0 0]
 [1 0 1 1 0]
 [1 1 0 1 1]
 [0 0 0 0 1]
 [1 1 0 0 0]
 [1 0 0 1 0]
 [0 1 0 0 0]
 [0 0 0 0 1]
 [0 1 0 1 1]
 [0 0 0 0 0]
 [0 1 0 0 0]
 [1 0 0 0 0]
 [0 1 1 1 0]
 [0 0 0 1 0]
 [1 0 1 1 1]
 [1 0 1 0 0]
 [1 1 1 0 1]
 [0 0 0 0 1]
 [1 1 1 1 0]
 [1 1 1 1 1]
 [0 0 0 1 0]
 [0 1 1 1 1]
 [0 0 1 0 0]
 [0 0 0 0 0]
 [1 0 1 1 0]
 [0 1 1 0 1]
 [1 0 1 0 0]
 [1 0 0 1 0]
 [0 1 0 0 1]
 [1 1 0 0 1]
 [1 1 0 0 1]
 [1 1 0 1 0]
 [1 1 0 1 0]
 [0 0 1 1 1]
 [0 0 0 1 0]
 [0 1 0 1 0]
 [0 0 0 1 1]
 [0 1 1 0 1]
 [1 0 1 0 0]
 [0 1 0 0 1]]
Q is identifiable (direct_check).
Q is identifiable
branch at 4
runtime for solving id of Q is 0.0004835489671677351
Simulation results:
{'J': 50, 'K': 5, 'N': 10, 'p': 0.5, 'seed': 81, 'sim': 4, 'runtime': 0.0004835489671677351, 'identifiable': 1, 'branch': 4}
5
Q: [[0 0 0 1 1]
 [1 1 0 1 0]
 [0 0 1 1 0]
 [1 1 1 0 0]
 [1 0 0 0 0]
 [1 0 1 0 0]
 [0 0 1 0 0]
 [1 0 1 0 0]
 [1 0 0 0 0]
 [1 1 0 0 1]
 [0 0 1 0 1]
 [0 0 0 1 0]
 [0 0 0 1 1]
 [0 0 0 0 0]
 [1 0 1 0 1]
 [0 0 0 0 0]
 [1 0 1 0 1]
 [1 0 0 1 1]
 [1 0 1 1 0]
 [1 1 0 0 1]
 [1 0 1 0 0]
 [0 0 1 1 1]
 [1 0 1 0 0]
 [1 0 0 1 1]
 [1 1 1 1 1]
 [1 1 0 1 1]
 [0 0 1 1 1]
 [0 0 0 1 0]
 [0 1 1 1 0]
 [1 0 0 1 1]
 [1 0 0 0 0]
 [1 1 0 0 1]
 [1 1 1 1 1]
 [1 1 1 1 1]
 [1 1 0 1 1]
 [0 1 1 0 0]
 [0 0 0 0 1]
 [1 0 1 0 0]
 [1 0 1 0 0]
 [1 1 1 0 1]
 [1 1 1 0 0]
 [1 1 1 0 1]
 [0 0 1 1 1]
 [1 1 1 0 0]
 [1 1 1 1 0]
 [1 0 1 1 1]
 [1 1 0 1 0]
 [0 0 1 0 0]
 [1 1 0 0 1]
 [0 0 0 0 1]]
{'restarts': 1, 'conflicts': 7, 'decisions': 19, 'propagations': 522}
Q is identifiable
branch at 6
runtime for solving id of Q is 0.0033191890688613057
Simulation results:
{'J': 50, 'K': 5, 'N': 10, 'p': 0.5, 'seed': 81, 'sim': 5, 'runtime': 0.0033191890688613057, 'identifiable': 1, 'branch': 6}
6
Q: [[1 1 1 0 0]
 [0 0 0 1 0]
 [1 1 0 1 1]
 [1 0 0 0 0]
 [1 1 0 0 1]
 [1 1 1 0 0]
 [1 0 1 1 0]
 [0 0 1 0 0]
 [1 0 0 1 1]
 [1 0 1 0 1]
 [1 1 1 0 0]
 [1 0 0 1 0]
 [0 1 1 1 0]
 [0 0 0 0 1]
 [1 1 0 0 1]
 [0 1 0 0 0]
 [0 0 0 0 1]
 [1 1 0 0 1]
 [1 1 0 1 0]
 [1 0 1 1 1]
 [1 0 1 1 1]
 [1 1 1 0 1]
 [1 1 1 0 0]
 [0 0 1 0 1]
 [0 0 1 1 0]
 [0 0 0 0 0]
 [0 1 1 1 0]
 [1 1 0 0 1]
 [0 0 0 1 1]
 [0 0 1 0 0]
 [1 0 0 1 0]
 [0 0 1 1 1]
 [1 0 0 1 0]
 [0 1 1 1 1]
 [0 0 0 1 1]
 [0 1 1 1 0]
 [0 0 1 0 1]
 [0 1 0 1 0]
 [0 0 0 1 1]
 [1 1 1 1 1]
 [0 1 0 1 1]
 [1 1 1 0 1]
 [0 0 1 1 1]
 [0 1 1 0 0]
 [1 1 0 0 0]
 [0 1 0 1 0]
 [1 1 1 1 0]
 [0 1 0 1 1]
 [1 1 1 1 0]
 [1 0 0 0 0]]
Q is identifiable (direct_check).
Q is identifiable
branch at 4
runtime for solving id of Q is 0.00047928199637681246
Simulation results:
{'J': 50, 'K': 5, 'N': 10, 'p': 0.5, 'seed': 81, 'sim': 6, 'runtime': 0.00047928199637681246, 'identifiable': 1, 'branch': 4}
7
Q: [[1 1 1 1 0]
 [1 1 0 0 0]
 [0 1 1 1 1]
 [0 1 1 1 0]
 [0 1 0 1 1]
 [0 1 1 0 0]
 [1 0 1 0 0]
 [0 0 1 0 1]
 [0 0 1 1 1]
 [1 1 1 1 1]
 [0 0 1 1 1]
 [0 0 1 1 0]
 [0 1 1 0 1]
 [1 0 1 1 0]
 [1 0 1 0 0]
 [0 0 0 1 0]
 [0 1 1 1 1]
 [1 0 0 0 0]
 [0 1 0 1 1]
 [1 0 1 0 0]
 [0 1 0 1 0]
 [0 0 0 1 0]
 [1 0 1 1 1]
 [0 1 1 1 1]
 [0 1 1 0 1]
 [0 1 0 0 1]
 [0 1 1 1 1]
 [1 0 1 0 1]
 [0 0 0 0 1]
 [1 0 0 1 1]
 [1 1 1 0 1]
 [0 1 1 1 1]
 [0 1 0 1 1]
 [1 0 1 0 0]
 [1 0 0 1 1]
 [0 0 0 0 1]
 [0 0 0 0 0]
 [0 1 0 0 0]
 [1 1 0 1 0]
 [1 0 0 0 0]
 [1 1 1 1 1]
 [1 1 1 0 1]
 [0 0 0 0 0]
 [1 0 0 1 1]
 [1 0 1 1 0]
 [0 0 1 1 0]
 [0 0 0 0 1]
 [1 1 1 0 1]
 [0 0 0 1 1]
 [1 0 1 1 0]]
{'restarts': 1, 'conflicts': 7, 'decisions': 20, 'propagations': 510}
Q is identifiable
branch at 6
runtime for solving id of Q is 0.004146190942265093
Simulation results:
{'J': 50, 'K': 5, 'N': 10, 'p': 0.5, 'seed': 81, 'sim': 7, 'runtime': 0.004146190942265093, 'identifiable': 1, 'branch': 6}
8
Q: [[0 1 0 0 0]
 [1 1 0 0 1]
 [1 0 1 1 0]
 [0 1 1 0 1]
 [1 0 0 1 0]
 [1 0 0 1 1]
 [1 0 0 1 1]
 [0 0 0 1 1]
 [1 1 1 0 0]
 [1 0 1 1 0]
 [0 1 0 1 0]
 [1 0 1 1 1]
 [0 1 1 0 0]
 [1 1 0 0 1]
 [1 0 1 0 1]
 [1 0 1 0 1]
 [1 0 1 0 0]
 [1 1 1 0 0]
 [1 0 1 1 1]
 [1 0 0 1 0]
 [1 1 1 1 1]
 [0 0 0 1 1]
 [0 0 1 1 0]
 [0 1 1 1 0]
 [1 0 1 1 0]
 [0 1 1 1 0]
 [1 1 0 1 0]
 [1 1 1 0 0]
 [0 0 1 0 1]
 [1 1 0 1 1]
 [0 1 0 1 1]
 [1 0 1 0 0]
 [0 1 1 1 1]
 [0 0 1 0 0]
 [1 0 0 0 1]
 [1 0 0 1 1]
 [1 1 0 1 1]
 [1 1 1 1 1]
 [1 1 1 1 1]
 [0 1 1 0 1]
 [1 0 1 0 0]
 [0 0 0 1 1]
 [1 0 0 0 0]
 [1 1 0 0 0]
 [0 1 1 1 0]
 [0 0 1 1 0]
 [1 1 0 0 0]
 [1 0 1 0 1]
 [1 0 0 1 0]
 [0 0 0 0 0]]
{'restarts': 1, 'conflicts': 16, 'decisions': 36, 'propagations': 1001}
Q is identifiable
branch at 6
runtime for solving id of Q is 0.004570272983983159
Simulation results:
{'J': 50, 'K': 5, 'N': 10, 'p': 0.5, 'seed': 81, 'sim': 8, 'runtime': 0.004570272983983159, 'identifiable': 1, 'branch': 6}
9
Q: [[0 0 0 0 1]
 [1 0 0 1 1]
 [1 1 1 0 0]
 [1 1 0 1 0]
 [0 0 1 0 0]
 [0 1 1 0 1]
 [0 0 1 1 1]
 [1 1 1 0 1]
 [0 0 0 0 0]
 [0 0 1 1 0]
 [0 1 1 0 0]
 [1 1 1 1 0]
 [0 1 0 1 1]
 [0 0 1 1 1]
 [0 1 0 0 1]
 [1 1 0 1 1]
 [1 0 0 0 0]
 [0 1 0 1 1]
 [1 0 1 1 0]
 [0 1 1 1 0]
 [1 1 1 1 0]
 [0 0 0 0 0]
 [1 0 1 0 0]
 [0 1 1 1 0]
 [0 0 0 0 1]
 [0 0 1 0 1]
 [0 1 1 1 0]
 [1 0 0 1 0]
 [1 1 1 0 0]
 [0 0 0 0 0]
 [0 0 0 0 1]
 [0 0 1 1 0]
 [0 1 1 1 1]
 [0 0 1 1 0]
 [0 1 0 0 1]
 [1 1 1 1 1]
 [0 1 0 1 1]
 [1 1 0 1 1]
 [0 0 0 0 0]
 [1 0 1 0 0]
 [0 0 0 0 0]
 [0 0 1 1 1]
 [0 0 0 0 0]
 [0 0 0 0 0]
 [1 1 1 0 0]
 [1 0 0 1 1]
 [0 0 1 0 0]
 [0 0 1 0 1]
 [0 1 0 0 0]
 [1 1 1 0 1]]
{'restarts': 1, 'conflicts': 6, 'decisions': 13, 'propagations': 332}
Q is identifiable
branch at 6
runtime for solving id of Q is 0.0034016550052911043
Simulation results:
{'J': 50, 'K': 5, 'N': 10, 'p': 0.5, 'seed': 81, 'sim': 9, 'runtime': 0.0034016550052911043, 'identifiable': 1, 'branch': 6}
Simulation results:
[{'J': 50, 'K': 5, 'N': 10, 'p': 0.5, 'seed': 81, 'sim': 0, 'runtime': 0.00400298205204308, 'identifiable': 1, 'branch': 6}, {'J': 50, 'K': 5, 'N': 10, 'p': 0.5, 'seed': 81, 'sim': 1, 'runtime': 0.005528177949599922, 'identifiable': 1, 'branch': 6}, {'J': 50, 'K': 5, 'N': 10, 'p': 0.5, 'seed': 81, 'sim': 2, 'runtime': 0.0005427110008895397, 'identifiable': 1, 'branch': 4}, {'J': 50, 'K': 5, 'N': 10, 'p': 0.5, 'seed': 81, 'sim': 3, 'runtime': 0.0004924889653921127, 'identifiable': 1, 'branch': 4}, {'J': 50, 'K': 5, 'N': 10, 'p': 0.5, 'seed': 81, 'sim': 4, 'runtime': 0.0004835489671677351, 'identifiable': 1, 'branch': 4}, {'J': 50, 'K': 5, 'N': 10, 'p': 0.5, 'seed': 81, 'sim': 5, 'runtime': 0.0033191890688613057, 'identifiable': 1, 'branch': 6}, {'J': 50, 'K': 5, 'N': 10, 'p': 0.5, 'seed': 81, 'sim': 6, 'runtime': 0.00047928199637681246, 'identifiable': 1, 'branch': 4}, {'J': 50, 'K': 5, 'N': 10, 'p': 0.5, 'seed': 81, 'sim': 7, 'runtime': 0.004146190942265093, 'identifiable': 1, 'branch': 6}, {'J': 50, 'K': 5, 'N': 10, 'p': 0.5, 'seed': 81, 'sim': 8, 'runtime': 0.004570272983983159, 'identifiable': 1, 'branch': 6}, {'J': 50, 'K': 5, 'N': 10, 'p': 0.5, 'seed': 81, 'sim': 9, 'runtime': 0.0034016550052911043, 'identifiable': 1, 'branch': 6}]
