
The Gurobi software has a limited number of licenses. To request a license or
licenses, add this line

    #SBATCH --licenses=gurobi@slurmdb:1

to your SBATCH script, replacing N with the number of licenses you need. Gurobi
will need one license per process.


0
Q: [[0 1 0 0 1 1 1 1 1 0]
 [1 1 1 1 1 1 1 0 1 1]
 [1 1 1 0 1 1 1 1 1 1]
 [1 1 1 1 1 1 0 1 0 1]
 [1 1 1 1 1 1 1 1 0 1]
 [0 0 1 1 1 1 1 1 0 1]
 [1 1 1 1 1 1 1 0 0 1]
 [1 0 1 1 0 1 1 1 1 1]
 [1 0 0 1 1 1 1 1 1 1]
 [1 1 1 0 1 1 1 0 1 1]
 [0 1 1 0 0 1 0 0 1 0]
 [0 1 0 0 1 1 1 1 1 1]
 [1 1 1 0 1 1 1 1 1 1]
 [1 0 1 0 1 1 0 1 1 1]
 [1 0 0 1 1 1 1 1 0 1]
 [1 1 0 0 1 1 1 1 1 1]
 [1 0 1 1 1 1 1 0 1 1]
 [1 1 1 1 0 1 1 1 1 1]
 [0 1 1 1 1 1 0 1 0 0]
 [1 0 1 1 0 1 1 1 1 0]
 [0 1 1 1 1 1 1 1 1 1]
 [0 0 0 1 0 1 1 1 1 0]
 [1 1 0 0 1 1 1 0 1 1]
 [0 0 1 1 0 1 0 1 1 1]
 [0 1 0 0 1 1 0 1 1 1]
 [0 1 1 1 1 0 1 1 1 1]
 [1 1 1 1 1 0 1 1 1 1]
 [0 1 1 1 1 1 0 1 1 1]
 [1 0 1 0 1 1 1 0 1 0]
 [1 1 1 1 1 0 0 1 1 1]
 [0 0 0 1 1 1 1 1 0 1]
 [1 1 1 1 1 0 0 0 1 1]
 [1 1 0 0 1 1 0 1 1 1]
 [1 0 1 0 1 1 0 1 1 1]
 [0 1 1 0 1 0 0 1 0 1]
 [0 1 1 1 1 1 1 1 1 1]
 [1 0 1 1 1 1 1 1 1 1]
 [1 1 0 1 0 0 1 0 1 1]
 [1 1 0 0 1 1 1 1 1 1]
 [0 0 0 1 0 1 1 1 1 1]
 [0 1 1 1 1 1 1 0 1 1]
 [1 1 0 1 1 1 1 0 0 1]
 [1 1 0 0 0 1 1 1 1 1]
 [1 0 1 1 1 1 0 1 0 1]
 [1 1 1 1 1 1 0 1 1 1]
 [1 0 0 1 1 1 1 0 1 1]
 [1 1 0 1 1 1 1 1 1 1]
 [1 1 0 0 1 1 1 1 1 0]
 [1 0 1 1 1 0 1 0 0 0]
 [1 1 1 0 1 0 0 0 0 0]
 [1 0 1 1 1 0 1 1 1 0]
 [1 1 0 1 1 1 0 0 0 1]
 [1 0 1 0 0 1 1 0 1 0]
 [1 0 0 0 0 1 1 1 1 1]
 [1 1 1 0 0 1 1 0 1 0]
 [0 0 0 1 1 1 1 0 0 0]
 [1 1 0 1 1 1 1 0 1 1]
 [0 1 1 1 0 0 1 0 0 1]
 [1 1 1 1 1 1 0 1 1 0]
 [1 1 0 0 0 1 1 0 1 0]
 [1 1 1 1 1 1 0 0 0 1]
 [1 1 0 0 1 1 0 1 0 0]
 [0 0 1 1 1 1 0 1 0 1]
 [1 1 1 1 1 1 0 1 0 1]
 [0 1 1 1 1 0 0 1 0 1]
 [0 1 1 0 1 1 1 0 1 0]
 [1 1 0 1 0 0 0 1 0 0]
 [0 1 0 0 0 1 0 1 1 0]
 [1 1 1 1 1 1 0 0 1 1]
 [0 1 1 0 0 0 1 0 1 0]
 [1 1 0 1 0 0 1 1 1 1]
 [1 1 1 1 1 1 1 1 1 1]
 [1 1 1 1 1 1 1 1 0 1]
 [1 0 1 1 0 1 1 1 0 1]
 [0 1 1 1 1 0 1 1 0 0]
 [1 0 1 1 0 0 1 1 1 0]
 [1 1 1 1 1 0 0 0 1 1]
 [1 0 1 1 0 1 1 0 1 0]
 [1 1 1 0 1 1 0 0 0 1]
 [1 0 0 1 1 1 1 1 0 0]
 [0 1 0 1 1 0 1 1 1 1]
 [1 1 1 1 1 0 1 0 0 0]
 [1 0 0 1 0 0 0 0 0 1]
 [1 1 0 0 0 1 0 1 0 1]
 [0 1 1 1 1 1 0 1 1 1]
 [1 1 1 1 0 1 1 1 1 1]
 [1 1 1 1 0 1 1 1 1 1]
 [1 0 1 1 1 0 0 0 1 1]
 [1 0 1 1 1 0 1 1 1 1]
 [1 0 1 1 0 1 1 1 1 1]
 [1 1 0 1 1 1 1 1 1 1]
 [1 1 1 0 1 1 1 0 0 0]
 [0 1 0 0 0 0 1 1 1 1]
 [1 1 1 0 1 1 1 1 0 1]
 [1 1 0 0 1 1 1 0 1 1]
 [1 1 0 1 1 1 1 1 1 1]
 [1 0 1 1 1 0 1 1 0 1]
 [0 1 0 1 1 1 1 0 1 1]
 [0 0 1 1 1 0 0 1 1 0]
 [0 0 1 0 1 1 0 1 1 0]]
{'restarts': 40, 'conflicts': 14235, 'decisions': 24007, 'propagations': 15309572}
Q is identifiable
branch at 6
runtime for solving id of Q is 1.9281832445412874
Simulation results:
{'J': 100, 'K': 10, 'N': 10, 'p': 0.7, 'seed': 941, 'sim': 0, 'runtime': 1.9281832445412874, 'identifiable': 1, 'branch': 6}
1
Q: [[1 1 0 0 1 1 1 1 0 1]
 [0 1 1 1 1 1 1 0 1 1]
 [1 0 1 0 1 0 1 1 1 1]
 [0 1 0 1 1 1 1 0 1 0]
 [0 0 1 1 0 1 0 1 0 1]
 [1 1 1 0 1 1 1 0 0 1]
 [1 1 1 0 0 0 0 1 0 1]
 [1 1 1 0 1 0 1 0 1 1]
 [1 1 0 1 0 1 1 1 1 1]
 [0 1 0 1 1 1 1 0 1 1]
 [0 1 1 0 0 1 0 1 1 0]
 [1 1 1 1 1 0 0 0 0 1]
 [1 1 1 0 1 1 1 1 1 1]
 [1 1 1 1 1 0 0 1 1 0]
 [1 1 0 1 1 1 1 1 0 0]
 [1 0 1 1 1 1 0 1 1 1]
 [1 1 1 1 0 1 0 1 1 1]
 [1 0 0 1 0 0 0 1 1 1]
 [0 1 1 1 1 1 0 1 1 1]
 [1 1 0 1 0 0 1 1 1 0]
 [1 1 1 1 0 1 0 1 1 1]
 [1 1 1 1 1 0 1 1 0 0]
 [0 1 1 1 1 1 0 0 1 1]
 [1 1 1 1 1 0 1 0 1 1]
 [0 0 1 1 1 1 0 1 1 1]
 [1 1 0 0 1 1 0 1 1 1]
 [0 1 1 1 0 0 1 1 1 0]
 [0 1 1 1 0 0 1 1 1 0]
 [1 1 1 1 1 1 0 0 1 1]
 [1 0 0 1 1 1 0 0 0 1]
 [1 1 1 1 0 1 1 1 1 0]
 [0 1 1 0 1 1 1 0 0 0]
 [0 1 1 1 0 1 0 1 0 0]
 [1 1 1 0 1 1 1 0 1 1]
 [1 1 1 1 1 0 1 0 0 1]
 [1 1 1 0 1 0 1 1 0 1]
 [1 0 0 1 1 1 0 1 1 0]
 [1 1 1 0 1 0 1 0 1 1]
 [1 1 1 1 1 1 1 1 1 1]
 [1 1 1 1 1 1 1 1 0 1]
 [0 1 1 1 1 1 0 0 1 1]
 [1 1 1 1 1 1 1 1 1 1]
 [1 0 0 1 1 0 1 0 1 1]
 [1 1 0 1 0 1 1 1 1 1]
 [1 1 0 1 1 1 1 1 1 1]
 [1 1 1 0 0 0 0 1 1 0]
 [0 1 0 0 1 0 1 1 1 1]
 [1 1 0 1 1 1 1 0 1 1]
 [0 0 0 0 0 1 1 1 1 0]
 [1 1 1 1 1 1 1 1 0 0]
 [1 0 1 0 1 1 1 1 1 1]
 [0 1 1 1 0 1 0 1 1 0]
 [1 1 1 0 0 1 1 1 0 1]
 [1 0 1 0 1 0 1 1 1 1]
 [1 1 1 1 1 1 1 1 1 1]
 [1 1 1 0 0 0 1 1 1 1]
 [0 1 1 1 0 1 1 1 1 1]
 [0 1 1 0 1 0 0 1 1 1]
 [1 1 0 0 1 0 1 1 1 0]
 [1 1 0 1 1 1 0 0 1 0]
 [1 1 0 1 0 1 0 0 1 0]
 [0 0 1 0 0 1 0 1 1 0]
 [1 1 0 1 1 1 1 1 0 0]
 [1 0 0 1 0 1 0 1 1 1]
 [0 0 0 1 1 1 1 1 1 1]
 [1 0 1 1 1 0 0 0 1 1]
 [1 0 1 1 1 0 1 1 0 1]
 [0 0 1 1 0 1 1 1 0 1]
 [1 1 1 1 1 1 1 1 1 1]
 [1 0 1 1 0 1 1 1 1 1]
 [1 1 1 1 1 1 1 1 0 1]
 [1 0 1 1 0 1 0 1 1 1]
 [1 0 1 1 1 1 1 1 0 1]
 [0 1 0 1 1 1 1 1 1 0]
 [1 1 0 1 1 0 1 0 1 1]
 [1 1 1 1 0 1 0 1 1 1]
 [1 1 1 0 1 1 1 1 0 1]
 [1 1 1 1 1 0 0 1 1 1]
 [0 1 0 0 1 1 0 0 0 0]
 [1 1 0 1 1 0 1 1 1 1]
 [0 1 1 0 0 0 1 1 1 1]
 [1 0 1 0 0 1 0 0 1 1]
 [1 0 0 1 1 1 1 0 0 0]
 [1 1 1 1 1 1 1 0 0 1]
 [1 1 0 1 1 1 1 1 1 1]
 [1 1 1 1 1 1 0 0 1 0]
 [1 1 1 1 1 1 0 1 0 1]
 [1 1 1 1 0 1 0 0 1 0]
 [1 1 1 0 1 1 1 0 1 0]
 [1 1 1 1 0 1 0 1 1 1]
 [1 1 0 0 0 0 1 0 1 1]
 [1 1 1 0 1 1 1 1 0 1]
 [0 1 0 1 1 1 1 1 1 1]
 [0 0 0 1 0 0 1 1 1 1]
 [0 1 1 1 1 1 0 0 0 0]
 [1 0 1 1 1 1 1 1 1 0]
 [1 1 1 1 1 1 1 0 0 0]
 [0 1 1 1 1 0 1 1 1 0]
 [1 1 1 1 1 1 1 1 1 1]
 [1 1 1 1 1 1 0 1 1 1]]
{'restarts': 20, 'conflicts': 6330, 'decisions': 12098, 'propagations': 6624276}
Q is identifiable
branch at 6
runtime for solving id of Q is 0.9929891042411327
Simulation results:
{'J': 100, 'K': 10, 'N': 10, 'p': 0.7, 'seed': 941, 'sim': 1, 'runtime': 0.9929891042411327, 'identifiable': 1, 'branch': 6}
2
Q: [[1 0 1 1 0 1 1 1 0 1]
 [1 0 0 1 1 0 1 0 1 0]
 [0 0 1 1 1 0 1 1 1 0]
 [1 1 1 1 1 1 1 1 1 0]
 [1 0 0 1 0 1 1 0 1 1]
 [0 1 1 0 1 1 0 1 1 1]
 [0 0 0 0 1 0 0 1 1 1]
 [1 1 0 0 1 1 1 1 1 0]
 [1 1 1 1 0 1 1 1 0 0]
 [1 1 0 1 1 1 0 1 0 1]
 [1 0 1 1 1 0 1 1 1 1]
 [1 0 0 1 0 1 0 1 1 1]
 [1 1 0 1 0 1 1 1 1 1]
 [0 1 1 0 0 1 1 1 1 1]
 [0 0 1 0 1 0 0 1 1 0]
 [0 0 0 1 1 0 1 1 1 1]
 [1 1 0 1 1 1 1 1 0 0]
 [1 1 1 0 0 1 1 1 1 0]
 [0 1 1 1 1 1 0 0 1 0]
 [0 1 0 1 0 1 1 1 1 1]
 [0 1 0 1 1 0 1 1 0 1]
 [0 1 0 0 0 1 1 1 1 0]
 [1 1 1 0 1 1 0 0 0 0]
 [0 0 1 1 1 0 1 0 1 1]
 [0 1 1 1 0 1 1 1 1 1]
 [1 1 0 1 0 1 1 1 0 1]
 [1 1 1 0 0 0 1 0 1 1]
 [1 1 1 0 0 1 0 0 1 0]
 [1 0 0 1 1 1 1 1 1 0]
 [1 1 1 1 0 0 1 1 1 1]
 [1 0 1 0 1 0 1 1 0 0]
 [0 0 0 0 1 1 1 1 1 1]
 [1 1 1 1 1 0 0 0 1 1]
 [1 1 1 1 1 1 0 1 1 1]
 [0 0 1 0 1 1 1 1 0 1]
 [1 1 1 1 1 0 1 0 1 1]
 [0 0 0 0 0 1 1 0 0 0]
 [0 1 1 0 1 1 0 0 1 1]
 [1 1 0 1 1 0 1 1 0 1]
 [1 1 1 0 1 1 0 1 1 1]
 [0 1 0 1 1 1 0 1 1 1]
 [1 0 0 1 1 1 1 1 1 0]
 [1 1 1 0 1 1 0 0 1 1]
 [1 1 0 1 0 1 1 1 1 1]
 [1 1 0 1 1 1 0 1 1 0]
 [0 1 1 0 1 0 0 0 0 1]
 [1 0 1 0 1 1 0 0 1 1]
 [0 1 1 0 1 0 1 1 0 0]
 [1 1 0 1 1 1 0 1 1 1]
 [1 0 0 1 0 1 1 1 0 1]
 [1 1 1 0 0 1 1 1 1 1]
 [1 1 1 1 1 1 1 0 1 1]
 [0 1 1 1 1 1 1 1 1 0]
 [0 1 1 1 0 1 0 1 0 0]
 [1 1 1 1 1 0 1 1 1 1]
 [1 1 1 1 1 1 1 1 1 0]
 [0 0 1 1 1 0 0 1 1 1]
 [0 1 1 1 0 1 0 1 0 0]
 [1 1 0 1 1 1 0 1 1 1]
 [0 1 1 1 1 1 1 0 1 1]
 [1 1 1 1 1 1 1 1 1 1]
 [0 1 0 1 1 1 0 1 1 1]
 [1 1 1 1 1 1 1 1 1 0]
 [0 1 1 0 1 1 1 1 1 0]
 [1 0 1 0 0 0 1 1 1 0]
 [1 0 1 0 1 1 1 0 1 1]
 [1 0 0 0 1 0 0 1 1 0]
 [1 1 1 1 1 0 1 1 1 1]
 [0 1 1 1 0 1 1 1 1 1]
 [1 1 1 0 1 0 1 1 1 1]
 [1 1 1 1 1 1 1 0 1 0]
 [1 1 1 1 1 1 1 0 1 1]
 [0 0 0 0 1 1 1 1 0 0]
 [0 1 1 0 0 1 1 1 0 1]
 [1 1 0 1 1 1 1 1 0 0]
 [1 0 1 0 1 1 1 0 1 0]
 [0 1 0 0 1 0 1 0 1 1]
 [1 1 1 1 1 0 0 1 1 1]
 [1 0 1 1 1 0 1 1 1 1]
 [0 0 0 1 1 1 0 1 1 1]
 [0 1 1 1 1 1 1 1 1 0]
 [1 1 1 0 1 1 1 0 0 1]
 [1 1 0 1 1 1 0 0 1 1]
 [1 1 1 1 1 1 1 1 0 1]
 [1 0 0 1 1 1 1 0 1 0]
 [1 1 1 0 1 1 0 1 1 1]
 [0 1 0 1 1 0 1 0 1 1]
 [0 0 1 1 1 1 1 1 0 1]
 [1 1 1 1 0 0 1 0 1 1]
 [1 1 1 0 1 1 0 1 1 1]
 [1 1 1 0 0 0 1 1 1 0]
 [1 1 1 1 0 1 1 1 0 1]
 [0 1 1 1 1 1 0 1 1 1]
 [0 0 0 0 1 1 0 1 1 1]
 [1 1 1 0 1 0 1 0 1 1]
 [1 1 1 1 0 0 1 0 1 1]
 [0 1 1 1 0 0 1 0 1 1]
 [1 1 1 0 1 0 1 1 1 1]
 [1 0 1 0 1 1 1 1 1 1]
 [1 1 1 1 1 1 0 1 1 0]]
{'restarts': 5, 'conflicts': 2059, 'decisions': 3997, 'propagations': 1944205}
Q is identifiable
branch at 6
runtime for solving id of Q is 0.40093472320586443
Simulation results:
{'J': 100, 'K': 10, 'N': 10, 'p': 0.7, 'seed': 941, 'sim': 2, 'runtime': 0.40093472320586443, 'identifiable': 1, 'branch': 6}
3
Q: [[1 1 1 0 1 0 1 0 1 1]
 [1 1 0 0 1 0 1 0 0 1]
 [0 1 1 0 0 1 0 1 0 1]
 [1 0 1 1 1 1 0 1 1 1]
 [0 0 1 1 0 1 0 1 1 0]
 [0 1 0 1 0 1 1 0 1 1]
 [0 1 1 1 1 0 0 1 0 1]
 [0 0 0 0 1 1 1 1 1 1]
 [0 0 1 1 0 1 0 1 1 1]
 [1 1 1 1 1 0 0 1 0 1]
 [1 0 1 1 0 1 1 1 1 1]
 [1 1 1 0 1 1 1 1 1 0]
 [1 0 0 0 1 1 1 0 1 1]
 [1 0 1 0 1 0 1 1 1 1]
 [1 1 1 1 1 1 1 1 1 1]
 [0 0 1 1 0 1 0 1 0 0]
 [0 1 1 1 1 0 1 1 0 0]
 [1 1 0 1 1 1 0 0 1 1]
 [0 0 1 0 1 0 1 0 1 1]
 [1 1 1 1 1 0 0 1 1 1]
 [0 1 0 0 1 1 1 0 1 1]
 [0 1 0 1 0 1 1 0 1 0]
 [1 1 1 1 0 1 1 1 0 1]
 [1 1 1 0 0 1 1 0 1 1]
 [1 0 1 1 1 1 0 1 1 1]
 [1 1 0 1 1 1 1 1 0 0]
 [1 1 1 0 1 0 0 1 1 1]
 [1 1 1 1 0 1 0 1 1 0]
 [0 1 0 1 1 1 1 1 0 1]
 [1 1 0 0 1 1 1 1 1 0]
 [0 0 0 0 0 0 1 1 0 1]
 [1 1 0 1 1 1 1 1 1 1]
 [0 0 1 1 1 1 1 0 1 1]
 [1 1 0 0 1 1 1 1 0 0]
 [0 0 1 1 1 1 0 1 1 1]
 [0 1 1 0 1 0 1 1 0 1]
 [0 1 1 1 1 1 1 1 1 1]
 [1 1 1 1 1 1 0 1 0 1]
 [1 1 1 0 0 0 1 1 0 1]
 [1 1 1 1 1 0 1 0 0 0]
 [1 0 0 1 1 1 1 0 0 1]
 [1 1 1 1 1 1 1 1 1 1]
 [1 1 1 1 1 1 0 1 1 1]
 [1 0 0 1 1 0 1 1 0 1]
 [1 1 1 1 0 1 0 0 1 1]
 [1 0 1 1 1 1 1 1 0 1]
 [1 1 0 0 1 1 0 0 1 1]
 [1 1 1 1 1 1 1 0 1 0]
 [0 1 1 1 1 1 1 1 0 1]
 [1 0 0 1 1 0 1 1 1 1]
 [1 0 1 1 0 1 1 1 1 1]
 [0 1 0 1 1 1 1 0 0 1]
 [1 1 1 1 0 0 1 0 1 1]
 [0 1 1 1 1 1 1 1 1 1]
 [1 1 0 1 0 1 0 0 0 1]
 [0 0 1 0 1 0 1 0 1 1]
 [1 1 1 1 0 0 1 1 0 1]
 [0 0 1 1 1 1 0 1 1 1]
 [0 1 1 1 0 1 0 0 1 1]
 [1 1 1 0 1 0 1 0 1 0]
 [0 1 1 1 1 1 0 1 0 1]
 [0 1 1 1 1 1 1 0 0 1]
 [1 0 1 1 1 0 1 1 1 1]
 [0 1 1 0 1 1 0 0 0 1]
 [1 1 1 1 1 0 1 1 0 1]
 [1 1 1 0 1 1 1 1 1 1]
 [1 1 1 1 1 1 1 1 1 1]
 [1 1 0 1 1 1 1 1 1 1]
 [1 1 0 1 1 0 1 1 1 1]
 [0 1 1 0 1 0 1 1 1 1]
 [1 0 1 0 0 1 1 1 1 0]
 [1 0 1 0 0 1 1 1 1 1]
 [1 1 0 0 0 1 1 1 1 1]
 [0 1 1 1 1 0 1 1 1 0]
 [0 1 1 1 1 0 1 1 0 1]
 [1 1 1 0 1 1 1 0 0 1]
 [1 1 1 0 1 1 0 1 1 1]
 [1 1 1 1 0 1 1 1 1 1]
 [0 0 1 1 0 0 0 0 1 0]
 [0 1 1 1 1 0 1 1 1 1]
 [1 1 1 1 1 0 1 1 1 1]
 [1 0 1 1 1 1 1 1 1 0]
 [0 1 1 0 1 1 1 0 1 1]
 [1 1 1 1 1 1 0 0 1 1]
 [1 0 1 1 1 1 1 1 1 0]
 [1 1 1 1 1 1 1 1 1 1]
 [1 1 1 0 1 1 1 1 1 1]
 [1 1 0 1 1 0 1 1 1 0]
 [1 1 1 1 1 1 1 1 0 1]
 [1 0 1 0 0 1 1 1 1 1]
 [0 1 1 1 1 0 1 1 1 1]
 [1 1 1 1 1 1 0 0 1 1]
 [1 1 0 1 0 0 0 1 1 0]
 [1 0 1 1 1 0 1 0 0 1]
 [0 1 0 1 0 0 1 1 1 1]
 [0 1 1 0 1 0 1 0 1 1]
 [1 0 0 1 1 1 0 1 1 0]
 [0 1 1 1 1 1 0 0 1 1]
 [1 1 1 1 0 1 1 1 0 1]
 [1 0 1 1 1 1 1 1 0 1]]
{'restarts': 13, 'conflicts': 3461, 'decisions': 7445, 'propagations': 3096098}
Q is identifiable
branch at 6
runtime for solving id of Q is 0.4888587612658739
Simulation results:
{'J': 100, 'K': 10, 'N': 10, 'p': 0.7, 'seed': 941, 'sim': 3, 'runtime': 0.4888587612658739, 'identifiable': 1, 'branch': 6}
4
Q: [[1 1 0 1 1 0 0 0 1 1]
 [0 1 1 1 0 1 1 1 1 1]
 [1 1 1 1 0 1 1 0 1 1]
 [1 1 1 0 1 1 1 1 1 1]
 [1 1 1 1 0 1 1 0 1 0]
 [1 0 1 1 1 1 1 1 1 1]
 [1 1 1 0 0 1 1 1 1 1]
 [0 1 1 0 1 1 0 0 1 0]
 [1 1 1 1 1 0 1 0 0 1]
 [1 1 1 1 1 0 1 1 1 1]
 [1 1 1 0 1 1 1 1 0 0]
 [0 1 1 1 1 1 1 1 1 1]
 [0 1 1 1 1 1 0 0 1 0]
 [1 0 1 1 0 0 1 1 1 1]
 [1 1 1 1 1 0 0 1 0 1]
 [1 1 1 1 1 1 1 1 1 1]
 [0 1 1 1 0 1 0 0 0 1]
 [0 1 1 0 0 0 1 1 1 1]
 [1 1 1 1 0 1 1 1 1 0]
 [0 1 1 1 1 1 1 1 1 1]
 [1 0 1 0 0 0 0 1 0 1]
 [1 1 1 1 0 0 0 0 1 1]
 [1 1 1 1 1 0 1 0 1 1]
 [1 0 1 1 1 1 1 1 1 1]
 [1 1 1 1 1 0 1 1 1 1]
 [1 0 1 1 1 1 1 0 1 0]
 [1 0 1 0 1 1 0 1 0 1]
 [1 0 1 1 0 1 1 0 1 1]
 [1 0 1 0 1 1 0 1 0 1]
 [0 0 1 1 1 1 1 0 0 1]
 [0 1 1 1 1 1 1 1 1 0]
 [1 1 1 1 0 1 1 0 1 1]
 [0 1 1 0 1 1 0 1 1 1]
 [0 1 1 1 0 1 1 1 1 1]
 [1 0 0 1 1 0 1 1 1 1]
 [1 0 0 1 1 1 1 1 1 1]
 [1 1 1 1 1 1 1 0 1 1]
 [0 1 1 1 1 1 0 1 1 1]
 [1 1 0 1 0 0 1 1 1 0]
 [1 1 1 1 0 1 1 0 1 1]
 [1 1 1 1 1 1 1 0 0 1]
 [1 1 1 0 0 1 0 0 1 1]
 [1 1 1 1 1 1 1 1 1 1]
 [1 1 1 0 0 1 1 1 1 0]
 [1 1 1 1 0 1 0 1 1 0]
 [0 1 1 1 0 1 1 1 1 1]
 [1 1 1 1 1 1 1 1 0 0]
 [0 1 1 1 0 1 0 0 0 1]
 [0 1 0 1 1 0 1 1 1 0]
 [1 1 1 1 1 1 0 0 1 0]
 [1 1 0 1 1 0 1 1 0 0]
 [1 1 1 1 1 1 1 1 1 1]
 [0 1 0 1 0 0 1 1 0 0]
 [1 0 1 1 1 1 0 1 0 0]
 [1 1 1 0 1 0 0 1 0 0]
 [1 1 1 1 1 1 0 1 1 1]
 [0 1 0 1 0 0 1 1 1 1]
 [0 0 1 0 1 1 1 1 0 1]
 [1 1 1 0 1 1 1 1 0 1]
 [1 1 1 1 1 1 1 1 1 1]
 [1 0 1 1 1 1 0 1 1 1]
 [1 1 1 1 0 0 1 1 1 1]
 [1 0 1 1 1 0 1 1 1 0]
 [1 1 1 0 0 1 0 1 1 1]
 [1 0 0 1 1 0 0 0 0 0]
 [1 1 1 0 1 1 1 1 1 1]
 [0 1 1 1 1 1 1 0 1 1]
 [1 1 1 1 0 1 1 1 0 1]
 [1 1 1 1 0 0 1 1 1 1]
 [1 0 1 1 1 1 1 1 1 1]
 [1 0 1 1 1 1 1 1 0 1]
 [0 1 0 1 1 1 1 1 1 1]
 [1 1 0 1 1 1 0 0 1 1]
 [1 1 1 1 1 1 1 1 0 0]
 [1 1 0 0 1 0 1 1 1 1]
 [1 0 1 0 1 0 1 0 1 1]
 [1 1 0 1 1 0 0 1 1 0]
 [1 0 1 0 0 1 0 1 1 1]
 [1 1 1 1 1 1 0 1 0 0]
 [0 1 0 1 0 1 0 1 1 0]
 [0 1 0 0 1 0 1 1 1 0]
 [0 0 0 1 1 1 1 0 1 1]
 [1 1 1 0 1 0 0 1 1 1]
 [1 0 1 1 1 1 1 1 1 0]
 [0 0 1 1 1 0 1 1 1 0]
 [0 0 0 1 0 1 1 0 0 1]
 [1 1 1 1 1 1 1 0 0 0]
 [1 0 0 1 1 1 0 1 0 1]
 [1 0 0 1 0 1 1 1 1 0]
 [1 0 1 1 0 1 0 1 1 0]
 [1 0 1 1 0 1 0 1 1 0]
 [1 0 1 1 0 1 1 1 1 0]
 [0 1 1 1 1 0 1 0 1 0]
 [0 0 0 1 1 1 1 1 1 0]
 [1 0 1 1 1 0 1 1 0 1]
 [1 0 1 0 1 1 0 1 1 1]
 [0 1 0 1 1 0 1 1 0 1]
 [0 1 1 1 0 1 1 1 1 1]
 [1 0 0 0 1 1 1 1 0 1]
 [1 1 1 1 0 1 1 0 0 1]]
{'restarts': 39, 'conflicts': 14539, 'decisions': 24168, 'propagations': 14315302}
Q is identifiable
branch at 6
runtime for solving id of Q is 1.8850371595472097
Simulation results:
{'J': 100, 'K': 10, 'N': 10, 'p': 0.7, 'seed': 941, 'sim': 4, 'runtime': 1.8850371595472097, 'identifiable': 1, 'branch': 6}
5
Q: [[1 1 1 0 1 1 1 0 1 1]
 [1 1 1 1 1 1 1 1 1 1]
 [1 1 1 0 1 0 0 1 1 1]
 [1 1 0 1 1 1 0 1 1 0]
 [0 1 1 1 1 1 1 0 1 0]
 [1 0 0 1 0 1 0 1 0 1]
 [1 0 1 0 0 1 1 1 1 0]
 [1 0 1 1 1 1 1 0 1 1]
 [1 0 1 1 1 1 1 1 1 0]
 [1 0 1 0 1 0 1 1 1 1]
 [1 1 0 1 1 0 1 1 1 1]
 [1 1 0 0 1 1 1 0 0 1]
 [1 1 1 1 1 1 0 0 1 1]
 [1 0 1 1 0 1 1 0 1 1]
 [1 0 1 0 1 1 1 1 0 1]
 [1 0 1 0 1 1 1 0 0 1]
 [0 1 1 1 1 1 1 1 0 1]
 [0 1 1 0 1 1 0 0 1 1]
 [0 0 1 1 1 0 1 1 1 1]
 [1 1 1 1 1 1 1 1 0 1]
 [0 0 0 0 1 0 1 1 1 1]
 [1 1 0 1 1 1 0 0 1 1]
 [0 1 1 0 1 1 1 1 1 1]
 [0 1 1 0 1 1 0 0 0 1]
 [1 1 1 1 1 0 1 1 1 0]
 [1 1 1 0 1 0 1 1 0 1]
 [0 0 1 1 0 1 1 0 1 1]
 [0 1 0 0 0 1 1 1 1 1]
 [1 1 1 1 1 1 0 1 1 1]
 [0 1 1 0 1 1 1 0 0 1]
 [1 1 1 1 1 1 0 1 1 0]
 [1 0 1 1 1 1 0 1 0 1]
 [1 1 1 1 1 1 1 1 1 1]
 [1 1 1 1 1 1 1 1 1 0]
 [1 1 0 0 0 1 0 0 1 0]
 [0 1 1 0 1 0 0 1 1 1]
 [0 0 1 0 1 0 1 1 1 0]
 [1 1 0 1 0 1 0 0 1 1]
 [1 1 0 1 1 1 0 1 1 1]
 [1 1 1 0 1 1 1 0 0 1]
 [1 1 1 1 1 1 0 1 1 1]
 [1 1 1 0 1 0 1 1 0 1]
 [1 1 1 0 1 1 0 1 0 1]
 [0 1 0 1 1 1 1 1 0 0]
 [1 1 1 0 0 1 1 0 1 0]
 [1 1 1 0 1 0 0 1 0 1]
 [1 1 1 1 0 1 1 1 1 1]
 [0 1 0 1 0 1 1 0 1 0]
 [0 1 1 1 0 1 0 1 0 1]
 [0 0 1 1 1 1 1 0 1 0]
 [1 0 0 0 1 0 0 1 1 1]
 [0 1 0 1 0 1 1 0 1 1]
 [1 1 1 1 1 0 1 1 0 0]
 [1 1 1 0 1 1 1 0 1 0]
 [1 1 1 1 1 1 1 0 1 1]
 [1 1 1 1 1 1 0 1 0 1]
 [1 1 1 1 1 1 1 1 0 1]
 [1 1 0 1 0 1 1 1 1 1]
 [0 1 0 1 0 0 1 1 1 1]
 [0 0 0 1 1 1 1 1 1 1]
 [1 1 1 1 1 1 1 1 0 1]
 [0 1 1 1 1 1 0 1 1 1]
 [0 0 1 1 0 0 0 1 1 0]
 [0 1 0 0 0 1 1 1 0 1]
 [1 0 0 1 1 0 1 1 0 1]
 [1 1 1 0 0 1 1 0 1 1]
 [1 1 1 1 1 0 0 1 1 0]
 [1 1 1 0 1 0 1 1 1 1]
 [1 1 1 0 0 1 0 1 1 0]
 [0 1 0 0 1 1 1 1 1 1]
 [1 1 1 1 1 1 0 1 0 1]
 [1 1 1 1 0 1 0 1 1 0]
 [1 0 0 0 0 1 1 1 0 1]
 [1 0 1 1 1 1 1 1 1 1]
 [0 1 0 1 1 1 1 0 1 1]
 [1 1 1 1 1 1 0 1 1 0]
 [0 0 1 1 1 0 1 0 1 0]
 [0 1 0 1 0 1 0 1 1 1]
 [1 1 1 1 1 1 0 0 1 1]
 [1 0 1 0 0 1 1 1 0 0]
 [1 1 0 1 1 1 0 0 1 1]
 [1 1 1 0 1 1 0 1 0 0]
 [1 0 0 0 0 1 0 0 0 1]
 [0 0 1 1 0 1 1 1 1 0]
 [0 0 1 1 1 1 0 1 0 1]
 [1 0 1 1 1 1 1 1 1 0]
 [1 1 1 1 1 1 1 0 1 1]
 [1 1 1 0 1 0 1 0 1 1]
 [1 1 0 0 0 0 1 1 1 1]
 [0 1 1 1 1 1 1 1 1 0]
 [0 1 0 1 1 0 1 1 1 1]
 [1 0 1 0 1 1 1 0 1 1]
 [1 1 1 1 0 1 1 0 1 1]
 [1 1 1 1 1 0 1 0 0 0]
 [0 1 1 1 1 1 1 1 1 1]
 [0 0 0 0 1 1 1 1 1 0]
 [0 0 0 1 1 1 0 0 1 1]
 [0 1 1 1 1 1 0 0 1 1]
 [1 1 0 0 0 1 1 1 1 1]
 [1 1 1 1 0 1 0 1 0 0]]
{'restarts': 10, 'conflicts': 5451, 'decisions': 10231, 'propagations': 5375403}
Q is identifiable
branch at 6
runtime for solving id of Q is 0.784246176481247
Simulation results:
{'J': 100, 'K': 10, 'N': 10, 'p': 0.7, 'seed': 941, 'sim': 5, 'runtime': 0.784246176481247, 'identifiable': 1, 'branch': 6}
6
Q: [[0 1 1 0 1 0 1 1 0 1]
 [0 0 1 1 0 0 1 1 1 1]
 [0 1 0 1 0 1 1 1 1 0]
 [1 1 1 1 1 0 1 0 1 1]
 [1 1 1 1 0 0 1 1 1 1]
 [0 1 0 0 0 0 1 1 1 1]
 [1 1 0 1 1 0 1 1 1 0]
 [1 1 1 1 1 1 1 1 1 0]
 [1 1 0 1 1 1 1 1 1 1]
 [1 1 1 1 1 0 0 1 0 0]
 [0 0 1 1 1 0 0 0 0 0]
 [1 1 1 1 1 0 1 1 1 1]
 [0 1 1 1 1 1 1 1 1 1]
 [1 1 0 0 0 1 0 1 1 0]
 [1 1 1 1 1 1 0 0 1 1]
 [1 1 1 1 0 1 1 1 1 1]
 [1 1 0 0 0 0 0 1 1 0]
 [1 1 1 1 0 0 1 0 1 1]
 [0 1 1 1 1 0 1 1 0 1]
 [1 1 0 1 0 0 0 1 1 1]
 [0 0 1 1 1 1 0 1 1 1]
 [0 1 1 0 1 1 1 1 1 1]
 [0 1 0 1 1 0 1 1 1 0]
 [0 1 1 0 0 1 0 0 1 0]
 [1 1 1 0 1 1 1 0 0 1]
 [1 0 1 1 1 0 1 0 1 1]
 [1 0 1 0 0 1 0 1 1 1]
 [1 1 1 0 1 1 1 0 1 1]
 [1 1 0 1 1 1 0 1 1 1]
 [1 1 1 1 0 1 1 1 1 1]
 [0 1 1 0 1 1 1 1 1 1]
 [0 1 1 1 0 1 1 1 1 0]
 [1 1 1 0 1 1 1 1 0 0]
 [1 1 1 0 1 1 1 0 1 1]
 [0 1 1 0 1 1 1 1 1 0]
 [1 0 0 1 0 0 1 1 0 0]
 [1 1 1 1 1 1 1 0 1 1]
 [0 1 1 1 0 0 1 1 1 1]
 [1 0 1 1 0 0 1 1 1 1]
 [0 0 0 1 0 1 1 1 1 1]
 [1 1 1 0 1 1 1 1 1 1]
 [0 1 1 1 1 0 1 1 1 1]
 [1 0 0 1 0 1 0 0 1 1]
 [1 0 1 1 0 1 1 1 1 1]
 [1 1 1 0 1 1 1 0 0 1]
 [1 0 1 1 1 1 0 1 1 1]
 [1 0 1 1 1 1 1 1 1 0]
 [1 1 1 1 0 1 1 1 1 1]
 [0 1 1 0 0 0 0 1 1 1]
 [1 1 0 1 0 1 0 1 1 0]
 [0 1 1 1 1 1 1 1 0 1]
 [1 0 1 0 0 1 1 0 0 1]
 [0 1 1 1 1 1 1 1 0 1]
 [0 0 1 0 1 0 1 0 1 0]
 [0 1 0 1 1 0 1 1 1 0]
 [1 1 0 1 0 1 1 0 1 1]
 [1 1 1 1 1 1 0 1 1 0]
 [0 0 1 1 1 0 1 1 0 1]
 [1 0 1 0 1 0 1 0 1 0]
 [1 0 0 1 0 1 1 1 0 0]
 [1 0 1 1 0 0 1 1 1 1]
 [1 1 1 0 1 1 1 0 1 0]
 [0 0 1 0 0 1 1 1 1 1]
 [1 1 1 1 1 1 1 1 1 1]
 [1 1 0 1 1 1 1 1 0 1]
 [1 1 0 1 1 0 1 1 1 1]
 [1 1 0 1 1 1 0 0 0 1]
 [0 1 0 1 1 1 1 0 1 0]
 [1 1 1 1 1 0 0 1 1 0]
 [1 0 1 1 0 0 1 0 1 1]
 [1 1 1 1 0 0 1 1 1 1]
 [0 1 1 1 1 1 1 1 1 1]
 [1 1 1 0 0 0 1 1 1 1]
 [0 1 1 1 1 1 1 0 0 0]
 [1 1 0 1 0 1 1 0 1 0]
 [0 0 1 1 1 0 0 1 1 0]
 [1 1 0 1 1 1 1 1 1 1]
 [1 1 1 1 0 1 1 1 1 1]
 [1 1 0 0 1 0 1 0 1 1]
 [1 1 1 1 1 0 0 1 1 1]
 [0 0 1 1 1 1 1 1 1 0]
 [1 0 0 0 1 1 1 1 1 1]
 [0 1 1 1 1 1 1 1 1 1]
 [1 0 0 1 0 1 1 0 0 1]
 [1 1 1 0 1 0 1 0 1 1]
 [0 1 0 0 0 0 1 0 0 1]
 [1 0 0 1 1 1 0 0 1 1]
 [0 1 1 1 1 0 1 1 1 0]
 [1 0 1 1 1 0 0 0 0 1]
 [1 1 1 0 1 1 0 1 1 1]
 [1 1 0 0 1 0 0 0 1 1]
 [0 1 0 1 0 0 1 1 0 1]
 [0 0 1 1 0 1 1 1 0 1]
 [1 1 1 0 1 0 1 1 1 1]
 [0 0 1 1 1 1 1 1 1 0]
 [0 1 1 1 1 1 0 1 1 1]
 [0 1 1 1 0 1 0 0 1 0]
 [1 0 1 1 0 1 0 1 1 1]
 [1 1 0 1 1 1 1 1 0 0]
 [1 0 1 1 1 0 1 1 1 0]]
{'restarts': 42, 'conflicts': 25289, 'decisions': 38807, 'propagations': 26561319}
Q is identifiable
branch at 6
runtime for solving id of Q is 3.4009829303249717
Simulation results:
{'J': 100, 'K': 10, 'N': 10, 'p': 0.7, 'seed': 941, 'sim': 6, 'runtime': 3.4009829303249717, 'identifiable': 1, 'branch': 6}
7
Q: [[1 0 1 1 1 0 0 1 1 1]
 [1 0 0 1 0 1 1 1 1 1]
 [0 1 1 1 1 1 0 1 0 1]
 [1 1 1 1 1 0 0 1 0 0]
 [1 1 1 1 1 1 1 1 0 1]
 [1 1 1 1 1 0 0 1 1 0]
 [1 0 0 1 1 1 1 1 1 0]
 [1 1 0 0 0 1 1 1 0 1]
 [1 1 1 1 0 1 1 1 1 1]
 [0 1 0 1 0 1 1 0 1 1]
 [1 1 1 1 0 0 0 1 0 1]
 [1 1 0 1 1 1 1 1 1 1]
 [0 1 1 1 1 1 1 1 1 0]
 [1 1 0 1 0 0 1 1 1 1]
 [1 1 0 0 1 0 0 1 0 1]
 [1 1 0 1 1 1 0 1 1 1]
 [1 1 1 1 1 1 1 1 1 1]
 [0 0 0 0 1 1 1 1 1 0]
 [1 1 1 1 1 0 0 1 0 1]
 [0 1 1 1 0 1 0 1 1 1]
 [1 1 1 0 1 1 1 1 1 1]
 [1 1 1 1 1 0 1 1 0 1]
 [1 1 1 0 0 1 1 1 1 1]
 [1 0 1 1 1 1 1 0 1 1]
 [1 1 1 1 1 1 1 1 0 0]
 [1 1 1 0 0 1 0 1 0 1]
 [1 1 1 1 0 0 1 1 0 1]
 [1 1 0 1 1 1 1 1 1 1]
 [1 1 0 1 1 1 1 1 1 0]
 [0 0 1 1 0 1 1 0 1 0]
 [1 1 1 0 1 1 1 1 1 1]
 [1 1 1 1 1 0 1 0 1 1]
 [1 1 1 1 1 0 1 1 1 0]
 [1 1 0 1 1 1 0 1 1 0]
 [1 1 0 1 1 0 1 1 0 0]
 [0 0 0 1 0 0 0 1 1 0]
 [1 0 0 1 0 1 1 1 0 1]
 [0 1 1 0 1 1 1 1 1 1]
 [1 1 1 1 0 0 1 1 1 0]
 [1 1 1 0 1 1 1 1 1 0]
 [1 1 1 0 1 1 0 1 1 1]
 [0 1 1 0 1 0 1 1 0 1]
 [1 1 1 0 1 1 1 1 0 1]
 [1 1 1 1 0 0 1 0 1 1]
 [1 0 1 1 1 1 1 1 0 0]
 [1 0 1 1 0 1 1 1 0 1]
 [0 1 1 1 1 1 0 0 1 0]
 [1 1 1 1 1 1 1 0 1 1]
 [1 0 1 1 1 1 1 1 1 1]
 [0 0 1 0 1 1 1 1 1 1]
 [1 1 1 0 1 1 1 1 0 1]
 [1 1 1 1 1 1 1 1 1 0]
 [0 0 1 0 1 1 1 1 1 1]
 [0 0 0 1 0 0 1 1 1 1]
 [1 1 1 0 1 1 1 0 1 1]
 [1 0 1 0 0 1 0 0 1 0]
 [1 1 0 1 1 1 1 0 1 1]
 [0 1 0 0 0 0 0 1 1 1]
 [1 1 1 1 1 1 0 1 0 1]
 [0 1 1 1 0 0 1 1 1 1]
 [0 0 1 0 1 1 1 1 0 0]
 [1 0 0 1 1 0 0 1 1 0]
 [0 1 1 1 1 1 1 1 0 1]
 [1 0 0 1 0 1 1 0 1 0]
 [0 1 1 1 1 1 1 1 1 0]
 [0 1 1 1 1 1 0 0 1 1]
 [1 1 0 1 0 1 1 1 0 1]
 [0 1 0 0 0 1 1 1 1 0]
 [1 1 1 1 0 1 1 1 0 0]
 [1 1 1 1 1 0 0 1 1 1]
 [0 1 0 1 1 0 0 1 0 1]
 [0 1 0 0 1 1 1 1 1 1]
 [1 1 1 1 0 1 1 0 1 0]
 [0 1 1 1 1 1 1 0 1 1]
 [1 0 1 1 0 0 0 1 0 0]
 [0 0 1 1 1 0 0 1 1 1]
 [0 1 1 1 1 1 0 1 0 0]
 [1 1 1 1 1 0 1 1 1 1]
 [1 1 0 1 0 1 1 1 1 1]
 [1 0 1 1 0 0 1 0 1 1]
 [0 1 1 1 0 0 1 0 1 1]
 [0 0 1 1 1 1 0 1 1 0]
 [1 1 1 0 0 1 1 1 1 1]
 [1 1 1 1 1 0 0 1 1 0]
 [1 0 1 1 1 1 1 1 1 1]
 [1 1 1 1 1 1 1 1 1 0]
 [1 1 1 0 1 1 1 1 1 1]
 [0 0 0 0 1 0 0 0 0 0]
 [0 1 0 1 1 0 1 1 1 1]
 [1 1 1 0 0 1 1 1 1 1]
 [0 0 1 0 1 0 1 0 1 0]
 [0 1 1 1 1 1 1 0 1 0]
 [0 1 1 1 1 1 1 1 1 1]
 [1 1 1 0 1 1 0 1 0 1]
 [0 1 0 1 0 1 1 1 1 1]
 [1 1 1 0 1 0 0 1 1 1]
 [1 1 0 0 0 0 0 1 0 1]
 [1 1 1 1 1 1 1 1 1 0]
 [1 1 1 1 0 1 1 1 1 1]
 [0 1 1 0 0 0 0 0 1 0]]
{'restarts': 1, 'conflicts': 717, 'decisions': 1822, 'propagations': 458935}
Q is identifiable
branch at 6
runtime for solving id of Q is 0.22684438060969114
Simulation results:
{'J': 100, 'K': 10, 'N': 10, 'p': 0.7, 'seed': 941, 'sim': 7, 'runtime': 0.22684438060969114, 'identifiable': 1, 'branch': 6}
8
Q: [[1 1 1 1 1 1 0 1 1 1]
 [1 1 1 1 0 1 1 1 0 1]
 [1 0 0 1 1 0 1 1 1 1]
 [0 1 1 1 1 0 1 0 0 0]
 [0 0 1 1 0 1 1 0 1 1]
 [1 1 0 0 1 1 0 0 0 1]
 [0 1 0 1 0 1 0 1 1 0]
 [1 0 1 1 1 1 1 1 1 1]
 [0 1 1 0 1 0 1 1 1 1]
 [0 0 1 1 0 0 0 1 1 0]
 [1 1 1 0 0 0 1 1 1 0]
 [1 1 1 0 1 0 1 1 1 1]
 [0 1 1 1 1 0 1 0 0 0]
 [1 1 1 0 1 1 1 0 1 1]
 [1 1 1 1 1 1 1 1 1 0]
 [1 1 1 1 1 1 0 1 0 1]
 [1 1 1 1 1 0 1 1 1 1]
 [1 1 1 1 1 1 1 1 0 1]
 [0 1 1 1 1 0 1 0 1 1]
 [1 1 1 0 0 1 1 0 1 1]
 [0 0 1 1 0 0 0 1 1 1]
 [0 0 0 1 0 1 1 0 1 1]
 [1 1 0 1 1 0 1 1 1 1]
 [1 1 1 1 1 1 1 0 1 1]
 [1 1 1 0 0 0 0 1 0 0]
 [0 1 1 1 1 1 1 1 1 0]
 [1 0 0 0 1 1 0 1 1 1]
 [0 1 1 1 1 1 1 1 1 1]
 [1 0 0 1 1 1 1 1 1 1]
 [0 1 1 0 1 1 1 0 0 1]
 [1 1 0 1 1 1 1 1 1 1]
 [1 1 1 1 1 1 0 1 1 1]
 [1 1 1 1 1 1 1 1 1 0]
 [0 1 1 1 1 1 1 0 1 1]
 [0 1 1 0 1 1 0 1 1 1]
 [1 1 1 1 1 0 1 1 1 1]
 [0 1 0 1 1 1 1 1 0 1]
 [1 1 1 0 0 1 1 1 0 1]
 [1 1 1 1 1 0 1 1 0 0]
 [1 0 1 1 1 1 0 1 1 1]
 [1 0 0 1 0 1 1 1 1 0]
 [0 1 1 0 1 1 1 1 1 0]
 [0 1 1 1 1 0 1 1 1 1]
 [0 1 0 1 1 1 1 0 1 1]
 [1 1 1 1 1 0 0 1 1 1]
 [1 1 1 1 0 1 0 1 1 0]
 [1 1 1 1 1 1 0 1 1 1]
 [0 1 0 0 0 1 0 1 0 1]
 [1 1 0 1 1 0 0 0 1 1]
 [0 1 1 1 1 1 1 1 1 1]
 [1 1 1 1 1 0 1 1 0 0]
 [0 1 1 1 0 1 1 1 0 1]
 [1 1 1 1 0 1 1 1 1 0]
 [1 1 1 1 0 0 1 1 1 1]
 [1 1 1 1 1 1 1 0 1 1]
 [1 1 1 1 1 1 1 1 1 1]
 [1 1 1 1 1 1 1 1 0 1]
 [1 1 1 1 0 1 1 0 1 1]
 [0 1 1 1 1 1 1 1 1 0]
 [1 1 0 0 1 1 1 1 1 0]
 [0 1 1 0 1 1 1 0 1 1]
 [1 0 1 0 1 1 0 0 1 1]
 [1 0 1 1 0 0 1 1 1 1]
 [1 0 1 0 1 1 1 1 1 1]
 [0 1 1 0 0 1 1 1 0 0]
 [1 1 0 1 1 1 1 0 1 0]
 [1 0 1 1 1 0 1 0 0 1]
 [1 1 0 1 1 0 1 1 0 1]
 [1 0 1 1 1 0 0 1 1 1]
 [0 1 1 1 1 1 1 1 1 1]
 [1 0 1 0 0 1 1 0 1 1]
 [1 0 1 0 0 1 0 1 0 1]
 [1 1 1 1 0 1 1 1 1 1]
 [1 0 0 1 1 0 1 1 1 1]
 [1 1 1 1 1 1 1 0 1 1]
 [1 1 1 1 1 1 1 0 1 1]
 [1 1 1 1 1 1 1 1 0 0]
 [0 0 0 1 1 1 0 0 1 0]
 [1 1 0 1 1 1 0 1 1 1]
 [0 1 1 1 1 0 1 0 1 0]
 [0 1 1 0 1 1 1 1 0 1]
 [0 0 1 1 0 1 1 0 1 1]
 [1 0 0 1 1 1 1 1 1 0]
 [0 1 0 0 1 1 0 0 1 1]
 [0 1 1 1 0 1 0 1 0 1]
 [1 1 0 1 0 1 1 1 1 0]
 [1 0 1 0 1 1 1 1 0 1]
 [1 1 0 1 0 1 0 1 1 1]
 [0 1 1 1 0 1 1 1 1 1]
 [1 1 1 0 1 0 1 0 0 1]
 [0 1 1 1 1 1 0 0 1 1]
 [0 1 1 1 1 0 1 1 0 1]
 [1 0 1 0 0 0 1 1 1 0]
 [0 0 0 1 1 1 1 1 1 0]
 [1 1 0 0 1 1 1 1 1 1]
 [1 0 1 1 0 1 1 1 1 1]
 [0 1 0 1 0 0 0 1 0 1]
 [1 1 1 0 1 1 1 1 0 0]
 [1 1 1 1 1 0 1 0 1 1]
 [0 1 0 1 0 1 0 1 1 1]]
{'restarts': 15, 'conflicts': 4025, 'decisions': 9606, 'propagations': 3396032}
Q is identifiable
branch at 6
runtime for solving id of Q is 0.55824055057019
Simulation results:
{'J': 100, 'K': 10, 'N': 10, 'p': 0.7, 'seed': 941, 'sim': 8, 'runtime': 0.55824055057019, 'identifiable': 1, 'branch': 6}
9
Q: [[0 1 1 1 0 1 0 1 0 1]
 [0 1 1 1 1 1 1 1 1 1]
 [1 0 1 1 0 1 0 1 1 1]
 [1 1 1 1 1 0 1 0 0 1]
 [1 0 1 0 1 1 0 1 1 1]
 [1 0 0 0 0 1 1 1 0 1]
 [1 1 1 1 1 0 1 0 1 0]
 [1 1 0 0 1 1 1 0 1 0]
 [0 0 1 1 0 1 1 1 1 1]
 [0 1 1 1 0 1 1 1 1 1]
 [0 0 0 1 1 1 0 0 0 1]
 [1 1 1 1 0 1 1 1 0 1]
 [1 1 1 1 1 1 1 1 1 1]
 [1 1 0 1 1 1 1 1 0 0]
 [0 0 1 0 1 1 1 1 1 1]
 [0 0 0 1 1 1 1 1 0 0]
 [0 1 1 1 1 0 1 0 1 0]
 [1 1 1 1 1 1 1 0 0 1]
 [0 1 1 1 1 1 1 1 1 0]
 [1 1 0 1 0 0 1 1 1 1]
 [1 0 1 1 1 1 1 1 1 0]
 [1 0 0 0 1 1 1 0 1 0]
 [1 0 1 0 1 1 1 1 1 0]
 [1 1 1 1 0 0 1 0 1 1]
 [1 1 1 1 0 1 1 1 1 1]
 [0 1 0 0 0 1 1 1 1 1]
 [1 1 0 0 1 0 1 1 1 1]
 [1 1 0 1 0 1 0 1 0 1]
 [1 1 1 1 1 1 1 1 0 1]
 [0 1 0 1 0 0 1 0 0 1]
 [1 1 0 1 1 1 1 0 1 1]
 [1 1 1 1 1 1 0 1 0 0]
 [1 0 1 0 0 1 0 1 0 1]
 [1 0 1 1 1 1 0 1 1 1]
 [1 0 1 1 1 1 1 1 1 1]
 [1 0 1 1 1 1 1 1 1 0]
 [0 1 1 1 1 1 1 1 0 1]
 [1 1 1 0 1 1 1 1 1 0]
 [0 0 1 0 1 0 0 0 0 1]
 [0 0 0 1 0 1 1 1 1 1]
 [1 0 1 0 0 1 0 0 1 1]
 [0 0 1 1 1 0 0 1 0 1]
 [1 0 1 1 1 1 1 1 1 1]
 [0 1 1 0 1 0 0 1 1 1]
 [1 0 1 1 0 1 1 0 1 1]
 [1 0 1 1 1 1 1 1 0 1]
 [1 1 0 1 1 0 1 1 0 0]
 [1 1 1 1 1 1 0 1 0 1]
 [0 1 1 1 0 1 1 1 0 1]
 [1 1 1 0 1 0 1 1 0 1]
 [1 1 1 0 1 1 1 1 1 1]
 [1 0 1 0 1 1 1 0 1 1]
 [1 1 0 1 1 1 1 1 1 1]
 [0 1 1 1 1 1 1 1 1 1]
 [1 0 1 1 1 1 1 1 1 1]
 [1 1 1 1 1 1 0 1 1 1]
 [1 1 0 1 1 1 1 0 0 1]
 [0 0 1 0 1 1 1 1 0 1]
 [1 1 0 1 1 1 1 0 1 1]
 [1 1 1 1 1 1 1 1 0 1]
 [1 1 0 1 1 1 1 1 1 1]
 [0 0 0 1 0 1 1 0 0 1]
 [0 1 1 0 1 1 0 0 0 0]
 [0 1 1 1 0 1 1 0 1 1]
 [1 1 1 1 1 1 1 1 0 1]
 [0 1 1 1 0 1 1 0 0 1]
 [1 1 1 1 0 1 1 1 1 0]
 [0 1 1 0 0 1 0 0 1 1]
 [1 0 1 0 1 1 1 1 0 1]
 [1 0 0 0 0 0 0 1 1 1]
 [1 1 1 0 0 0 1 1 1 1]
 [0 1 1 0 1 1 1 1 0 1]
 [0 1 1 1 0 1 1 1 0 0]
 [0 0 1 1 0 1 0 0 0 1]
 [1 1 1 1 1 1 1 1 1 0]
 [1 1 1 1 0 1 1 1 0 1]
 [1 0 0 1 1 1 0 1 1 1]
 [1 0 1 1 0 1 0 1 1 0]
 [1 1 1 0 1 1 1 1 1 1]
 [1 1 1 1 1 1 1 1 1 0]
 [1 1 0 0 1 1 1 1 0 1]
 [1 1 1 1 1 1 1 1 1 0]
 [0 1 0 1 0 1 1 0 1 1]
 [0 1 1 0 0 1 1 1 1 0]
 [0 0 1 0 1 0 0 0 0 1]
 [0 0 0 1 0 1 1 1 1 0]
 [1 1 1 1 0 0 0 0 1 1]
 [0 1 1 1 0 1 1 1 0 1]
 [0 1 1 1 0 0 1 1 0 0]
 [0 1 1 0 1 1 1 0 0 1]
 [1 0 0 0 1 1 1 0 0 1]
 [1 1 1 0 0 1 1 1 1 1]
 [1 1 1 1 1 1 0 1 1 1]
 [1 1 1 1 1 1 1 1 0 0]
 [1 1 1 1 1 1 1 1 1 1]
 [1 1 1 1 0 1 1 1 1 1]
 [1 1 0 1 0 0 1 1 1 1]
 [1 1 1 0 0 0 0 0 1 1]
 [1 1 0 0 0 0 0 1 1 0]
 [1 1 1 1 1 1 0 0 1 1]]
{'restarts': 6, 'conflicts': 2202, 'decisions': 5090, 'propagations': 1878296}
Q is identifiable
branch at 6
runtime for solving id of Q is 0.3888258431106806
Simulation results:
{'J': 100, 'K': 10, 'N': 10, 'p': 0.7, 'seed': 941, 'sim': 9, 'runtime': 0.3888258431106806, 'identifiable': 1, 'branch': 6}
Simulation results:
[{'J': 100, 'K': 10, 'N': 10, 'p': 0.7, 'seed': 941, 'sim': 0, 'runtime': 1.9281832445412874, 'identifiable': 1, 'branch': 6}, {'J': 100, 'K': 10, 'N': 10, 'p': 0.7, 'seed': 941, 'sim': 1, 'runtime': 0.9929891042411327, 'identifiable': 1, 'branch': 6}, {'J': 100, 'K': 10, 'N': 10, 'p': 0.7, 'seed': 941, 'sim': 2, 'runtime': 0.40093472320586443, 'identifiable': 1, 'branch': 6}, {'J': 100, 'K': 10, 'N': 10, 'p': 0.7, 'seed': 941, 'sim': 3, 'runtime': 0.4888587612658739, 'identifiable': 1, 'branch': 6}, {'J': 100, 'K': 10, 'N': 10, 'p': 0.7, 'seed': 941, 'sim': 4, 'runtime': 1.8850371595472097, 'identifiable': 1, 'branch': 6}, {'J': 100, 'K': 10, 'N': 10, 'p': 0.7, 'seed': 941, 'sim': 5, 'runtime': 0.784246176481247, 'identifiable': 1, 'branch': 6}, {'J': 100, 'K': 10, 'N': 10, 'p': 0.7, 'seed': 941, 'sim': 6, 'runtime': 3.4009829303249717, 'identifiable': 1, 'branch': 6}, {'J': 100, 'K': 10, 'N': 10, 'p': 0.7, 'seed': 941, 'sim': 7, 'runtime': 0.22684438060969114, 'identifiable': 1, 'branch': 6}, {'J': 100, 'K': 10, 'N': 10, 'p': 0.7, 'seed': 941, 'sim': 8, 'runtime': 0.55824055057019, 'identifiable': 1, 'branch': 6}, {'J': 100, 'K': 10, 'N': 10, 'p': 0.7, 'seed': 941, 'sim': 9, 'runtime': 0.3888258431106806, 'identifiable': 1, 'branch': 6}]
