
The Gurobi software has a limited number of licenses. To request a license or
licenses, add this line

    #SBATCH --licenses=gurobi@slurmdb:1

to your SBATCH script, replacing N with the number of licenses you need. Gurobi
will need one license per process.


0
Q: [[0 0 1 1 1 1 1 0 1 1]
 [1 0 0 1 1 0 1 0 0 0]
 [1 1 1 1 0 0 1 0 0 0]
 [0 1 1 1 1 1 1 1 1 0]
 [1 0 0 0 0 1 1 1 1 0]
 [1 1 0 0 0 0 1 1 0 1]
 [0 1 1 1 0 1 1 1 1 1]
 [1 1 1 1 0 1 1 1 1 0]
 [1 1 1 0 0 1 0 1 0 0]
 [1 1 1 1 1 0 1 0 0 0]
 [1 1 0 0 1 1 1 0 1 1]
 [1 0 0 0 1 0 1 0 0 1]
 [0 0 0 1 1 1 1 1 1 0]
 [0 1 0 0 1 0 0 1 0 0]
 [1 1 0 0 1 1 0 1 1 0]
 [0 0 0 1 0 1 0 0 1 0]
 [0 1 0 0 0 0 1 0 0 0]
 [0 1 0 1 0 1 0 1 1 1]
 [0 1 1 1 1 0 1 0 0 1]
 [1 0 1 0 0 1 0 1 0 0]
 [1 1 0 1 0 0 1 0 1 0]
 [0 0 0 0 1 1 1 0 0 1]
 [0 0 0 0 1 0 0 0 0 1]
 [0 1 1 0 1 1 1 0 0 0]
 [1 0 1 0 1 1 1 0 1 0]
 [1 1 0 1 0 1 0 1 0 1]
 [1 0 1 0 1 1 0 1 1 1]
 [1 1 1 1 0 0 0 0 0 0]
 [0 0 1 0 1 1 0 0 1 1]
 [1 0 1 0 1 1 1 0 0 1]
 [1 0 0 0 0 0 0 0 1 0]
 [1 1 1 0 1 1 1 1 1 0]
 [0 0 0 1 1 1 1 1 0 1]
 [0 1 1 1 1 0 0 1 1 1]
 [0 0 0 1 0 0 0 0 0 1]
 [1 0 0 1 0 1 1 0 0 1]
 [1 1 0 1 0 0 0 1 1 0]
 [0 1 0 1 0 1 0 0 0 1]
 [1 1 0 1 1 1 1 0 1 1]
 [1 1 0 1 0 0 0 0 0 0]
 [1 0 0 0 0 0 1 1 0 0]
 [1 1 1 1 1 0 0 1 1 0]
 [1 1 1 1 1 0 1 0 1 0]
 [1 0 0 0 0 0 0 0 1 1]
 [0 0 0 1 0 1 1 0 0 1]
 [0 0 1 1 1 1 0 1 1 1]
 [0 1 0 0 0 1 1 1 1 0]
 [1 0 0 0 1 0 1 1 1 1]
 [0 1 0 0 0 0 1 0 0 1]
 [1 1 0 1 1 1 1 1 1 1]
 [1 0 0 1 0 1 0 0 0 0]
 [0 0 0 0 0 1 0 1 0 1]
 [0 1 0 0 0 1 1 0 0 0]
 [0 0 1 0 1 0 1 0 1 1]
 [1 0 1 0 0 0 1 1 1 0]
 [0 0 0 0 0 0 1 0 0 1]
 [1 0 0 1 0 1 0 1 1 0]
 [1 0 0 0 1 0 0 0 0 0]
 [0 0 0 0 0 1 1 1 1 1]
 [0 1 0 0 1 0 0 0 0 0]
 [1 1 0 1 0 1 1 1 0 0]
 [1 0 0 0 0 1 1 1 1 0]
 [1 0 1 0 0 1 0 0 1 1]
 [0 1 0 0 0 1 1 0 1 1]
 [1 1 0 1 0 0 1 1 1 0]
 [0 1 0 1 0 0 1 1 1 1]
 [1 0 1 1 1 1 0 0 1 1]
 [0 1 0 0 1 1 1 0 0 0]
 [0 0 0 1 1 1 0 1 1 0]
 [1 1 1 1 0 1 0 1 1 1]
 [1 0 1 0 0 0 1 1 1 1]
 [1 1 0 1 1 1 0 0 0 1]
 [0 0 1 1 1 1 0 0 1 1]
 [0 0 1 1 0 1 0 1 0 1]
 [1 0 0 0 0 0 1 0 1 1]
 [1 1 0 0 0 0 0 1 1 0]
 [0 0 0 1 0 0 0 0 0 1]
 [1 1 1 0 1 1 1 1 1 1]
 [0 1 1 1 1 0 1 0 1 1]
 [0 0 1 0 1 0 1 0 0 0]
 [1 0 1 0 1 1 1 0 0 0]
 [0 0 0 1 1 0 0 0 1 1]
 [1 0 0 1 1 0 0 1 1 1]
 [0 0 1 1 0 1 0 0 1 1]
 [0 1 1 0 0 0 1 1 1 0]
 [0 1 1 1 0 0 0 1 1 1]
 [0 0 1 1 1 0 1 1 1 1]
 [1 0 1 1 0 1 0 0 1 0]
 [1 0 0 1 0 0 0 0 0 1]
 [0 1 0 0 1 1 0 1 0 0]
 [1 1 1 0 1 1 1 1 0 1]
 [1 1 1 0 1 1 0 1 0 0]
 [1 0 1 1 0 0 1 1 1 0]
 [0 0 1 1 1 1 0 1 0 1]
 [1 1 1 1 0 1 0 1 1 0]
 [0 0 1 0 0 0 1 1 1 1]
 [1 0 0 0 1 1 0 1 1 0]
 [0 0 0 1 1 0 1 0 0 0]
 [0 0 0 0 0 1 0 1 0 1]
 [1 0 0 1 1 1 1 1 0 0]]
{'restarts': 1, 'conflicts': 502, 'decisions': 1165, 'propagations': 729864}
Q is identifiable
branch at 6
runtime for solving id of Q is 0.6978526818566024
Simulation results:
{'J': 100, 'K': 10, 'N': 10, 'p': 0.5, 'seed': 49, 'sim': 0, 'runtime': 0.6978526818566024, 'identifiable': 1, 'branch': 6}
1
Q: [[1 1 0 0 0 1 1 1 0 0]
 [0 0 0 1 1 0 1 1 1 0]
 [0 1 1 0 1 1 0 0 0 0]
 [0 1 1 1 1 0 1 0 1 0]
 [1 1 1 0 0 0 1 0 1 1]
 [1 1 1 1 1 0 0 0 1 0]
 [0 0 1 0 0 0 0 0 1 0]
 [1 1 1 1 1 0 1 0 1 1]
 [1 1 1 1 0 0 0 0 0 0]
 [1 0 0 1 0 0 0 1 0 0]
 [0 1 1 0 0 1 1 1 0 0]
 [0 0 0 1 0 0 1 1 1 0]
 [1 1 0 0 1 0 0 1 1 1]
 [0 0 0 1 1 0 0 1 1 1]
 [1 1 0 0 0 0 0 0 0 0]
 [1 0 0 0 1 1 0 1 1 1]
 [1 1 1 0 1 0 0 0 1 0]
 [1 1 1 1 0 0 1 1 0 1]
 [1 0 0 1 1 1 1 0 1 0]
 [1 1 1 0 0 0 0 1 1 1]
 [1 1 0 0 0 0 1 0 1 1]
 [1 1 0 0 0 1 1 0 0 1]
 [1 1 1 1 0 1 1 1 1 1]
 [1 0 1 0 1 1 0 0 0 0]
 [0 0 1 0 1 1 0 0 1 1]
 [0 0 1 0 0 1 1 0 1 0]
 [0 0 1 0 1 0 1 1 0 1]
 [0 1 1 1 0 1 1 0 1 1]
 [1 1 1 1 0 0 1 0 1 1]
 [0 0 0 0 1 1 1 0 1 0]
 [1 1 1 1 1 1 0 0 1 1]
 [1 1 1 0 0 1 1 0 1 0]
 [1 0 1 0 0 1 1 1 0 0]
 [1 1 0 0 1 1 1 1 1 1]
 [1 1 0 1 0 1 0 0 0 0]
 [1 1 1 1 1 0 1 0 0 0]
 [1 0 0 0 1 1 0 1 0 0]
 [0 0 0 1 0 1 1 1 1 1]
 [1 0 1 0 0 0 0 0 1 1]
 [0 0 1 1 0 1 0 0 0 1]
 [0 0 0 1 1 0 0 1 1 0]
 [1 0 0 0 0 1 0 1 1 0]
 [1 1 0 1 0 0 1 0 1 1]
 [0 0 0 0 0 0 1 0 0 0]
 [1 0 0 1 1 0 1 1 1 1]
 [1 1 1 1 0 1 0 1 0 1]
 [1 1 1 0 1 1 0 0 1 1]
 [0 0 0 1 1 1 1 0 1 1]
 [1 0 1 0 1 0 0 0 1 0]
 [1 0 0 1 0 0 1 0 1 0]
 [1 1 1 1 1 1 0 0 0 0]
 [1 0 1 1 0 1 0 1 0 0]
 [1 0 1 0 0 0 1 0 1 1]
 [0 1 0 1 0 1 1 0 1 1]
 [0 1 0 0 0 1 1 0 0 0]
 [0 0 1 0 1 1 1 1 1 1]
 [1 0 0 0 1 1 1 0 1 0]
 [0 1 1 1 0 1 0 1 0 0]
 [0 0 0 0 1 1 0 1 1 0]
 [1 1 0 1 1 0 0 1 0 1]
 [1 0 1 1 1 1 0 1 0 0]
 [0 1 0 0 0 0 0 1 0 1]
 [1 1 1 0 1 0 1 0 0 0]
 [1 1 1 1 1 0 1 0 0 1]
 [0 0 1 0 1 0 0 1 1 1]
 [0 0 0 0 0 1 1 1 0 1]
 [0 0 1 1 1 0 0 1 0 0]
 [0 0 0 0 0 1 0 0 1 1]
 [1 0 1 0 0 0 0 0 0 1]
 [1 0 0 0 1 1 0 0 1 1]
 [0 1 0 1 0 0 0 0 1 1]
 [1 1 0 0 0 1 0 1 0 1]
 [1 1 0 0 1 1 0 1 1 1]
 [1 1 1 1 0 0 0 1 0 0]
 [0 1 1 0 1 0 0 1 1 1]
 [0 0 0 0 0 1 1 0 0 0]
 [0 1 0 0 0 1 1 0 0 0]
 [0 1 0 1 0 1 0 1 0 1]
 [0 1 0 1 1 1 1 1 1 0]
 [0 0 1 0 1 1 1 0 1 0]
 [0 0 1 0 0 1 0 1 0 1]
 [0 0 0 0 1 1 0 0 1 1]
 [0 0 0 1 1 1 1 1 1 0]
 [1 1 1 1 0 0 0 0 0 1]
 [1 0 0 1 1 1 0 0 1 0]
 [0 1 1 0 1 0 0 0 1 0]
 [0 1 0 1 1 0 1 0 0 1]
 [0 0 1 1 0 0 1 1 1 0]
 [1 1 1 1 1 0 1 0 0 0]
 [0 0 0 1 0 1 1 0 0 1]
 [0 1 0 0 0 1 0 0 0 0]
 [1 0 0 1 0 1 0 0 0 0]
 [0 0 1 0 0 0 0 0 0 0]
 [1 0 0 0 1 0 0 1 0 0]
 [1 0 1 1 1 1 0 1 0 1]
 [0 1 1 1 0 1 1 1 1 1]
 [1 0 1 0 0 1 1 1 1 1]
 [1 0 1 1 1 0 0 1 0 0]
 [0 0 1 0 0 0 0 0 0 1]
 [0 1 0 0 0 1 0 1 1 0]]
{'restarts': 2, 'conflicts': 213, 'decisions': 793, 'propagations': 326689}
Q is identifiable
branch at 6
runtime for solving id of Q is 0.7129783779382706
Simulation results:
{'J': 100, 'K': 10, 'N': 10, 'p': 0.5, 'seed': 49, 'sim': 1, 'runtime': 0.7129783779382706, 'identifiable': 1, 'branch': 6}
2
Q: [[1 0 0 0 1 1 1 0 0 1]
 [1 0 1 0 0 0 0 0 0 1]
 [1 1 1 1 1 1 1 1 1 0]
 [0 1 0 0 0 1 1 1 1 0]
 [0 0 1 1 1 0 0 0 1 0]
 [0 1 0 1 1 0 1 0 0 1]
 [1 0 1 0 0 0 1 0 1 0]
 [0 0 0 0 0 0 1 0 1 0]
 [0 1 0 1 0 0 1 0 1 1]
 [0 1 1 1 1 1 1 1 0 0]
 [1 0 1 0 1 0 0 1 0 1]
 [1 1 0 0 0 0 0 0 1 1]
 [0 1 0 1 1 1 0 1 1 0]
 [1 0 1 1 1 0 0 1 1 0]
 [0 1 0 1 1 1 0 1 0 1]
 [1 0 0 0 0 1 1 0 1 1]
 [1 1 0 1 0 1 0 1 0 1]
 [0 1 1 0 0 1 0 0 0 0]
 [1 0 1 0 0 0 0 0 1 0]
 [0 0 0 1 1 1 0 1 0 1]
 [0 0 1 0 1 1 0 0 1 1]
 [1 1 1 0 0 0 0 1 0 1]
 [0 1 1 1 0 0 0 0 1 0]
 [1 0 1 0 0 0 0 1 1 0]
 [1 1 0 1 1 0 1 1 1 0]
 [1 0 0 0 0 0 1 1 1 0]
 [0 0 1 0 1 1 1 0 0 0]
 [1 0 1 1 0 0 0 0 1 0]
 [0 0 0 1 1 0 1 0 0 1]
 [0 0 0 1 1 1 1 0 0 1]
 [1 1 1 1 1 0 1 0 0 1]
 [0 0 0 0 0 0 1 0 0 0]
 [0 1 0 0 0 0 1 1 0 0]
 [0 1 1 1 1 1 0 0 1 0]
 [1 0 0 0 0 0 1 1 0 0]
 [0 0 0 0 1 1 0 1 1 1]
 [1 1 0 0 1 0 0 1 0 0]
 [1 1 0 0 0 0 1 1 0 0]
 [1 0 1 0 0 0 0 0 1 1]
 [1 1 0 1 1 0 0 1 0 1]
 [1 0 1 0 1 1 0 0 0 0]
 [0 1 1 1 1 1 0 0 0 0]
 [0 1 0 1 1 1 0 1 1 0]
 [0 0 1 0 1 1 1 0 1 1]
 [1 0 1 0 0 1 0 0 0 1]
 [1 0 1 0 1 1 1 0 1 0]
 [0 0 0 1 1 1 0 0 1 0]
 [1 1 1 1 0 0 1 0 1 1]
 [1 0 0 0 1 0 0 0 1 0]
 [1 0 1 0 1 1 0 1 1 0]
 [0 1 1 1 0 0 0 0 1 0]
 [1 1 0 0 1 1 1 1 0 1]
 [0 1 0 0 1 1 1 1 0 1]
 [0 1 1 0 1 1 0 0 1 1]
 [0 0 1 1 1 0 0 1 0 0]
 [0 0 1 1 0 0 0 0 1 1]
 [0 0 1 1 0 0 1 1 1 1]
 [0 1 1 1 0 0 0 1 1 1]
 [1 1 0 1 0 0 0 1 1 0]
 [0 1 0 1 0 1 1 1 1 1]
 [0 0 0 1 0 1 0 0 0 0]
 [0 1 1 0 0 0 1 1 0 0]
 [1 0 0 0 0 0 1 0 1 1]
 [1 0 1 1 0 0 1 0 1 1]
 [1 1 1 0 1 0 1 0 1 0]
 [0 1 1 0 1 1 1 1 1 1]
 [1 1 0 1 1 1 1 0 0 0]
 [0 0 0 0 0 0 0 0 1 0]
 [0 1 1 0 1 1 1 1 1 0]
 [0 0 1 0 1 1 0 1 1 0]
 [1 1 1 0 0 0 1 1 1 1]
 [0 0 1 0 0 1 0 1 1 1]
 [0 1 1 1 1 0 0 0 1 0]
 [1 1 1 1 1 1 0 1 1 1]
 [1 0 0 0 1 1 0 0 0 1]
 [0 1 1 1 1 0 0 0 0 1]
 [0 1 0 1 0 1 0 1 1 1]
 [0 1 0 0 1 1 1 1 0 1]
 [0 0 0 1 0 0 0 1 0 0]
 [0 0 1 1 1 1 0 1 1 1]
 [0 0 1 0 0 1 0 1 0 0]
 [0 1 0 0 0 0 0 0 1 0]
 [0 1 1 1 1 1 1 0 0 1]
 [0 1 0 1 1 0 0 0 1 1]
 [1 1 0 0 0 0 0 1 0 0]
 [1 1 1 1 1 1 0 1 0 0]
 [0 1 1 0 1 1 0 0 0 0]
 [0 1 1 0 0 1 1 1 1 1]
 [1 1 0 0 0 0 1 1 0 0]
 [1 1 0 1 0 1 0 0 1 0]
 [1 0 0 0 0 1 0 1 0 1]
 [0 0 1 1 1 1 0 0 1 1]
 [0 0 1 1 0 0 0 1 1 0]
 [1 0 1 0 1 1 1 0 0 0]
 [1 0 1 1 0 0 0 1 0 0]
 [0 0 1 1 1 0 0 1 1 0]
 [0 0 1 0 1 0 1 0 0 0]
 [1 1 1 1 1 1 1 1 1 1]
 [1 1 0 0 0 0 0 1 1 1]
 [1 0 0 1 1 0 0 1 0 0]]
{'restarts': 1, 'conflicts': 291, 'decisions': 808, 'propagations': 521085}
Q is identifiable
branch at 6
runtime for solving id of Q is 0.8079910585656762
Simulation results:
{'J': 100, 'K': 10, 'N': 10, 'p': 0.5, 'seed': 49, 'sim': 2, 'runtime': 0.8079910585656762, 'identifiable': 1, 'branch': 6}
3
Q: [[0 1 0 0 0 1 0 0 0 0]
 [0 1 1 0 1 0 1 1 1 0]
 [0 0 1 0 0 1 1 0 0 1]
 [1 1 0 0 0 1 1 0 0 0]
 [0 0 1 1 1 0 0 1 0 0]
 [1 1 0 0 1 0 1 0 0 1]
 [0 1 0 1 0 1 1 1 0 0]
 [0 0 1 1 1 1 0 0 1 0]
 [0 1 0 0 0 0 1 1 0 1]
 [0 0 0 1 1 1 0 1 0 0]
 [1 0 0 1 0 0 0 1 1 0]
 [1 0 1 0 1 0 0 1 1 0]
 [0 1 0 1 1 1 1 1 0 1]
 [0 1 0 0 1 1 1 0 1 0]
 [1 1 0 1 1 1 1 1 1 1]
 [1 0 0 1 1 0 1 1 0 1]
 [0 1 0 0 1 1 1 1 1 0]
 [1 1 0 0 0 0 0 1 0 0]
 [0 1 1 0 1 1 1 0 1 1]
 [1 0 0 0 1 0 0 0 0 0]
 [0 0 1 1 0 0 1 0 1 0]
 [0 0 0 0 1 1 1 0 1 0]
 [1 1 0 1 0 0 1 1 0 1]
 [0 1 0 0 1 1 1 0 0 0]
 [0 0 1 0 1 1 1 0 1 1]
 [1 0 0 1 0 1 0 1 0 1]
 [1 0 0 1 0 1 1 1 0 0]
 [1 1 0 0 1 0 1 0 1 0]
 [0 0 1 0 1 1 1 0 1 0]
 [0 1 0 1 0 1 1 1 0 0]
 [0 0 1 0 1 1 0 1 0 1]
 [0 0 0 0 0 1 0 0 1 1]
 [0 0 1 0 0 0 0 0 0 1]
 [1 1 1 1 1 0 0 0 0 1]
 [0 0 0 1 0 0 1 0 0 1]
 [0 1 0 0 1 0 1 1 1 0]
 [0 1 0 0 0 1 1 0 1 1]
 [0 1 0 0 0 1 0 0 1 1]
 [1 0 1 0 0 1 0 1 0 1]
 [0 1 0 0 0 0 1 0 0 0]
 [0 1 0 0 0 0 0 1 1 1]
 [1 0 0 1 1 0 1 1 1 0]
 [1 1 1 0 0 1 0 1 1 0]
 [0 1 1 1 1 0 1 1 0 1]
 [0 0 1 0 1 0 0 1 1 1]
 [0 0 0 1 1 1 1 1 0 1]
 [1 1 0 1 1 1 1 0 1 0]
 [0 0 0 0 1 1 0 1 0 1]
 [1 1 1 0 0 0 0 0 1 0]
 [0 1 0 0 1 1 0 0 1 0]
 [1 0 0 0 1 0 0 0 1 0]
 [1 1 1 0 0 0 1 0 1 1]
 [1 1 1 1 1 1 0 0 1 0]
 [0 1 1 0 0 0 1 1 1 0]
 [1 1 1 0 1 0 0 1 1 0]
 [1 1 0 1 0 1 1 0 0 1]
 [1 0 0 1 0 1 0 1 1 0]
 [1 0 1 0 0 0 1 0 0 1]
 [1 0 0 1 1 0 1 1 0 1]
 [1 1 1 0 1 1 1 1 0 1]
 [0 1 1 0 1 0 0 0 0 0]
 [0 1 1 1 0 0 1 1 0 1]
 [0 1 1 1 0 1 0 1 1 0]
 [1 0 1 0 1 0 1 0 1 0]
 [1 0 0 0 1 1 0 1 0 0]
 [1 0 0 0 1 1 0 0 1 0]
 [0 0 1 0 1 0 0 1 0 0]
 [0 0 1 1 1 0 0 1 1 1]
 [1 0 0 0 1 1 0 1 0 1]
 [0 0 0 1 1 0 0 1 1 1]
 [1 0 1 0 0 1 1 0 1 1]
 [1 0 1 0 1 1 0 0 1 0]
 [0 0 0 1 1 1 0 1 0 0]
 [1 0 1 1 1 1 0 0 0 1]
 [0 0 0 1 1 1 0 1 1 1]
 [0 1 1 1 1 0 1 1 0 0]
 [0 0 0 0 1 1 1 1 0 1]
 [1 0 1 0 0 1 0 1 1 0]
 [0 0 0 0 1 0 1 0 0 1]
 [1 1 0 0 1 0 1 0 0 0]
 [1 0 0 0 1 1 1 0 0 0]
 [1 1 1 1 1 1 0 1 1 1]
 [1 1 1 0 1 0 1 1 0 0]
 [0 1 1 0 0 1 1 0 1 0]
 [1 1 1 0 0 0 0 1 1 1]
 [1 0 0 1 1 0 0 1 1 0]
 [0 1 1 0 0 0 1 0 0 1]
 [1 1 0 0 1 1 1 1 1 1]
 [1 1 0 0 1 0 1 0 0 1]
 [1 1 1 1 0 0 0 0 1 0]
 [1 0 0 0 0 0 0 1 0 0]
 [1 0 0 1 0 1 1 1 1 1]
 [0 1 0 0 0 0 1 0 0 0]
 [1 1 0 0 1 1 1 0 1 0]
 [0 0 1 0 0 0 1 1 1 1]
 [1 0 0 0 1 1 1 1 0 1]
 [0 0 1 1 1 0 1 1 1 1]
 [1 1 1 1 1 1 1 1 0 0]
 [0 1 0 0 1 1 0 1 1 0]
 [0 1 0 1 0 0 0 0 0 0]]
{'restarts': 4, 'conflicts': 653, 'decisions': 1362, 'propagations': 990238}
Q is identifiable
branch at 6
runtime for solving id of Q is 0.7616164963692427
Simulation results:
{'J': 100, 'K': 10, 'N': 10, 'p': 0.5, 'seed': 49, 'sim': 3, 'runtime': 0.7616164963692427, 'identifiable': 1, 'branch': 6}
4
Q: [[1 0 1 1 1 0 1 1 1 1]
 [0 0 1 0 1 1 1 0 0 0]
 [1 1 1 1 0 0 0 0 0 0]
 [1 0 0 0 1 1 0 0 1 1]
 [1 0 0 1 1 1 0 0 1 0]
 [1 1 0 0 1 0 0 0 0 0]
 [0 0 1 0 1 1 0 1 0 1]
 [0 0 0 1 1 0 0 0 0 0]
 [0 0 0 1 1 1 0 1 0 1]
 [1 1 1 0 1 0 1 1 0 1]
 [0 1 0 1 0 1 0 1 0 0]
 [1 1 1 0 1 1 0 0 0 1]
 [0 0 1 1 1 0 1 0 0 0]
 [0 0 0 0 1 1 0 0 0 1]
 [1 0 1 1 0 1 1 0 1 1]
 [1 1 1 0 0 0 0 1 1 0]
 [0 0 0 1 1 0 1 0 1 0]
 [0 0 1 0 0 0 0 0 0 0]
 [1 0 1 0 0 0 0 0 1 1]
 [0 1 0 1 1 1 0 1 0 1]
 [1 0 0 0 0 0 0 1 0 0]
 [0 1 1 1 1 0 0 1 0 0]
 [1 0 1 1 1 0 0 1 1 1]
 [0 0 0 1 0 0 1 0 0 1]
 [1 0 0 0 1 1 1 1 1 1]
 [1 0 1 0 1 0 0 0 1 1]
 [1 1 0 0 1 0 0 1 1 0]
 [1 1 0 0 0 0 1 0 0 0]
 [0 1 0 1 0 1 1 0 1 1]
 [0 0 1 1 1 0 0 0 0 0]
 [0 1 0 0 1 0 1 0 1 0]
 [0 0 1 1 0 1 0 0 0 1]
 [1 0 0 1 0 1 1 0 1 0]
 [1 0 1 0 0 1 0 1 0 1]
 [1 0 0 1 0 1 1 0 1 0]
 [1 1 1 1 0 1 1 0 0 0]
 [1 1 0 1 1 0 1 1 1 0]
 [1 0 1 0 1 0 0 0 1 1]
 [0 0 1 0 1 0 0 0 0 1]
 [1 0 0 1 1 0 1 1 0 1]
 [0 0 0 1 0 0 1 0 0 1]
 [1 0 0 0 1 0 0 0 1 1]
 [0 0 1 1 1 1 1 1 0 1]
 [1 1 0 1 0 1 1 0 0 0]
 [1 0 1 0 0 0 1 1 0 1]
 [1 0 1 1 0 0 1 1 0 1]
 [1 0 1 1 1 0 1 0 1 1]
 [1 0 1 1 1 0 1 0 1 0]
 [1 0 0 1 0 0 0 1 1 0]
 [1 1 0 0 0 1 0 1 0 0]
 [0 0 0 0 0 1 1 1 1 1]
 [0 1 0 0 0 0 0 0 0 0]
 [0 1 1 0 0 0 0 1 1 1]
 [1 1 0 1 0 1 1 1 0 0]
 [0 0 1 0 0 1 0 0 1 0]
 [0 1 1 1 1 0 0 0 0 1]
 [0 0 0 0 1 1 1 1 0 1]
 [0 0 0 0 1 1 1 0 1 0]
 [0 0 0 1 0 0 1 1 0 0]
 [0 0 1 1 0 0 0 0 1 1]
 [0 1 1 1 1 0 0 0 0 1]
 [0 0 0 1 0 1 0 1 1 0]
 [0 1 1 1 1 1 1 1 1 0]
 [1 0 1 0 1 1 1 1 1 0]
 [0 1 1 1 1 0 1 0 0 1]
 [1 1 0 1 1 1 0 1 0 0]
 [1 1 1 1 1 1 0 1 1 1]
 [1 1 1 1 0 1 0 0 0 1]
 [0 0 0 1 1 1 0 1 0 1]
 [1 0 1 0 0 0 0 1 1 0]
 [0 0 0 0 0 0 0 0 0 1]
 [0 0 0 0 1 1 0 1 1 1]
 [1 1 1 0 1 1 0 0 1 1]
 [1 0 0 0 0 1 1 1 1 0]
 [0 1 0 1 0 0 1 1 1 0]
 [0 0 1 0 1 1 1 1 1 0]
 [1 0 0 0 0 1 1 1 0 1]
 [1 1 0 0 1 0 1 0 0 1]
 [1 0 0 0 0 0 1 0 0 0]
 [1 0 1 0 0 1 1 0 1 0]
 [1 1 1 0 1 1 0 1 1 1]
 [0 1 0 0 0 1 0 1 0 0]
 [0 1 0 0 1 0 1 1 1 0]
 [1 0 1 1 1 0 1 1 0 0]
 [1 1 0 0 0 1 1 0 0 1]
 [0 1 1 0 1 1 1 1 0 0]
 [1 0 0 1 1 0 1 1 1 1]
 [0 0 0 1 0 0 1 0 0 0]
 [0 1 0 1 0 1 1 0 0 0]
 [1 1 0 1 1 0 1 0 0 0]
 [1 0 0 0 0 1 1 0 0 1]
 [1 1 0 1 1 1 0 0 1 0]
 [1 0 0 1 1 1 0 1 1 0]
 [1 1 1 1 0 1 0 0 0 1]
 [0 1 0 0 1 1 1 1 0 1]
 [0 1 1 1 0 0 0 1 0 0]
 [1 1 1 0 1 1 1 0 0 0]
 [1 1 0 1 1 0 0 0 0 1]
 [1 0 0 0 1 1 1 0 0 1]
 [0 1 1 1 1 1 1 0 0 0]]
{'restarts': 1, 'conflicts': 593, 'decisions': 1065, 'propagations': 908962}
Q is identifiable
branch at 6
runtime for solving id of Q is 0.622225406114012
Simulation results:
{'J': 100, 'K': 10, 'N': 10, 'p': 0.5, 'seed': 49, 'sim': 4, 'runtime': 0.622225406114012, 'identifiable': 1, 'branch': 6}
5
Q: [[1 0 1 1 0 0 1 0 0 1]
 [1 1 0 0 1 0 0 1 0 1]
 [0 0 1 1 1 1 1 0 0 1]
 [1 0 1 0 0 1 0 0 1 0]
 [0 0 0 1 0 1 1 1 1 1]
 [0 0 0 1 1 0 0 0 0 1]
 [0 1 1 0 1 0 1 1 1 0]
 [1 1 0 1 1 1 0 1 1 0]
 [0 1 1 0 1 1 1 0 0 1]
 [0 0 0 1 1 1 1 1 0 0]
 [1 0 0 0 0 1 1 0 1 0]
 [0 1 1 0 1 0 0 0 1 0]
 [0 1 0 0 1 0 1 1 0 1]
 [1 1 0 1 0 0 1 1 1 1]
 [1 0 1 1 1 1 1 0 1 0]
 [1 0 0 1 1 1 1 0 0 1]
 [0 1 0 0 1 1 0 0 1 0]
 [1 0 1 0 0 0 1 1 0 0]
 [0 0 1 0 1 0 0 0 0 1]
 [1 0 1 1 0 1 0 1 1 0]
 [0 0 0 0 0 0 0 0 0 0]
 [0 0 0 1 1 1 1 0 0 0]
 [0 1 0 1 1 1 0 1 0 0]
 [0 1 1 0 0 1 0 0 0 1]
 [1 1 0 0 0 1 0 1 1 0]
 [0 0 1 1 0 0 1 0 1 0]
 [1 1 0 1 1 0 1 1 1 0]
 [1 0 1 1 1 1 0 1 0 1]
 [1 1 0 0 0 0 0 0 1 1]
 [1 1 1 0 1 0 0 0 0 1]
 [1 1 0 0 1 1 1 1 0 1]
 [0 0 1 0 1 1 0 1 0 1]
 [1 1 0 0 0 0 1 1 1 1]
 [1 1 1 1 1 1 1 0 1 1]
 [0 0 1 1 1 1 0 0 1 0]
 [1 0 0 1 0 1 1 1 0 0]
 [0 1 0 0 1 1 0 0 1 0]
 [1 1 0 1 1 1 0 0 0 1]
 [1 1 0 0 1 1 0 1 0 0]
 [0 1 0 0 0 1 1 0 0 1]
 [1 1 0 0 0 0 0 1 0 0]
 [1 1 1 1 1 1 1 0 1 1]
 [0 0 0 1 1 0 0 1 1 1]
 [0 0 0 1 0 0 1 0 1 1]
 [1 0 1 1 1 1 0 1 1 1]
 [1 0 1 0 0 1 1 0 1 0]
 [1 0 0 0 1 1 1 1 0 1]
 [0 0 0 0 1 1 1 0 0 0]
 [1 0 1 0 0 1 0 1 1 1]
 [1 1 0 0 1 0 0 1 1 0]
 [1 1 0 1 0 0 0 1 1 0]
 [1 0 1 1 1 0 0 1 1 0]
 [1 0 0 0 0 1 0 1 0 0]
 [0 1 1 1 1 0 1 0 0 1]
 [1 1 0 1 1 1 0 0 0 0]
 [0 1 1 1 1 1 0 0 0 1]
 [0 1 0 0 1 1 0 0 1 0]
 [0 1 1 0 1 0 1 1 1 1]
 [1 1 0 0 0 0 0 1 1 1]
 [0 1 0 0 1 1 1 1 0 0]
 [1 1 1 1 0 0 1 0 0 0]
 [0 0 0 0 0 1 1 0 0 0]
 [0 1 1 1 1 0 0 1 0 0]
 [0 0 1 1 0 0 0 0 0 1]
 [0 1 0 0 0 1 0 0 1 1]
 [1 1 1 0 0 1 1 1 0 1]
 [1 1 0 0 0 1 1 0 1 0]
 [0 1 0 1 1 1 1 0 1 0]
 [1 1 0 1 0 0 0 1 1 0]
 [1 0 0 0 1 0 1 0 0 0]
 [0 0 1 0 1 0 1 1 0 1]
 [0 0 0 0 0 1 1 0 1 1]
 [0 0 0 1 1 0 1 0 1 0]
 [0 0 0 1 1 0 0 0 1 0]
 [1 0 0 0 0 1 1 1 0 1]
 [1 0 0 1 1 1 1 0 1 1]
 [0 0 1 0 0 0 0 1 1 0]
 [1 0 1 0 0 0 0 0 1 0]
 [1 0 0 0 1 1 1 1 1 0]
 [0 1 1 1 1 1 1 0 1 1]
 [1 0 0 1 0 0 0 1 0 0]
 [0 1 1 1 0 0 0 1 1 0]
 [1 0 1 0 0 0 1 1 0 1]
 [0 0 0 1 0 0 1 0 1 0]
 [0 0 0 1 1 1 0 0 0 0]
 [1 1 0 1 0 0 1 1 0 1]
 [1 1 1 0 1 0 0 1 1 1]
 [0 1 1 1 1 0 1 0 0 1]
 [1 0 0 1 0 1 0 1 1 1]
 [0 1 1 0 0 1 1 0 0 0]
 [0 0 0 1 0 1 0 1 1 1]
 [1 1 0 1 0 1 0 1 0 0]
 [1 1 0 1 0 1 0 1 0 1]
 [0 1 1 1 0 1 0 1 0 1]
 [1 1 1 1 1 1 0 0 1 1]
 [1 0 1 0 0 1 0 1 0 1]
 [1 1 1 0 0 0 0 1 1 0]
 [1 0 1 0 0 1 0 0 0 1]
 [1 0 1 1 0 0 0 1 0 0]
 [0 0 0 1 0 1 0 0 1 1]]
{'restarts': 1, 'conflicts': 619, 'decisions': 1532, 'propagations': 1189272}
Q is identifiable
branch at 6
runtime for solving id of Q is 1.0048756650649011
Simulation results:
{'J': 100, 'K': 10, 'N': 10, 'p': 0.5, 'seed': 49, 'sim': 5, 'runtime': 1.0048756650649011, 'identifiable': 1, 'branch': 6}
6
Q: [[0 1 0 1 0 1 1 1 1 0]
 [1 0 0 1 1 0 1 1 0 1]
 [1 0 1 0 0 0 1 0 0 0]
 [1 0 1 0 0 0 0 0 0 0]
 [0 1 1 0 0 0 0 1 0 1]
 [0 1 1 0 0 1 1 1 0 1]
 [1 1 1 1 1 0 1 0 1 0]
 [0 0 0 1 1 0 0 0 0 1]
 [0 1 1 1 1 1 0 0 1 0]
 [0 1 1 0 0 0 1 1 0 1]
 [0 0 1 1 0 1 1 0 0 1]
 [1 1 1 1 0 0 1 0 1 0]
 [0 0 0 0 0 1 1 1 0 1]
 [0 0 1 0 0 0 1 1 1 0]
 [1 0 0 1 1 1 1 1 0 1]
 [1 0 0 1 1 1 0 0 1 0]
 [1 1 1 1 0 0 1 1 0 1]
 [1 1 0 1 1 0 1 1 1 1]
 [1 0 0 1 0 1 0 1 1 0]
 [0 1 1 0 0 0 1 0 0 0]
 [1 0 1 1 1 0 1 0 0 1]
 [0 1 1 1 1 1 1 0 1 1]
 [1 0 1 0 0 1 0 1 1 0]
 [0 0 1 1 0 1 0 1 0 0]
 [0 1 0 1 1 1 0 0 0 0]
 [0 0 0 0 0 1 1 1 0 1]
 [0 0 0 0 0 1 0 1 0 0]
 [1 0 0 1 1 0 0 0 1 0]
 [1 0 1 0 1 0 1 0 1 0]
 [1 1 1 0 1 0 1 1 0 1]
 [1 1 1 0 0 0 1 1 1 1]
 [1 0 0 1 1 1 1 0 0 0]
 [0 0 1 0 0 0 0 1 0 0]
 [1 1 0 0 0 1 1 0 0 0]
 [1 0 0 1 1 1 0 1 0 1]
 [1 0 0 0 0 0 0 0 0 0]
 [0 0 0 0 0 0 1 0 1 1]
 [0 1 1 1 1 0 1 0 0 0]
 [0 0 1 1 1 1 1 0 1 0]
 [0 0 1 0 0 0 1 0 1 1]
 [1 1 1 1 0 0 1 0 1 1]
 [1 1 0 0 1 0 1 0 1 0]
 [1 1 0 1 1 0 0 0 1 0]
 [1 0 0 1 0 0 1 0 0 0]
 [0 0 1 1 0 1 0 1 0 0]
 [0 0 0 1 1 1 1 1 1 1]
 [1 0 1 0 1 0 1 0 1 1]
 [0 1 0 1 1 0 1 1 1 1]
 [0 0 1 0 1 0 0 1 0 0]
 [1 0 1 0 0 0 1 0 1 0]
 [1 0 0 1 0 1 1 1 1 1]
 [1 0 1 0 1 0 0 0 1 0]
 [0 0 0 1 0 1 0 1 0 1]
 [0 1 0 1 0 1 0 0 0 0]
 [1 0 0 1 1 1 1 0 0 0]
 [0 1 0 0 0 1 1 0 1 0]
 [0 0 1 1 0 1 0 0 1 1]
 [1 1 1 0 0 0 0 1 0 1]
 [0 0 0 0 1 1 0 0 1 1]
 [1 1 1 1 0 0 1 1 0 1]
 [0 0 0 1 0 1 1 1 0 0]
 [1 0 1 0 0 0 0 0 1 0]
 [0 1 1 1 1 0 0 0 1 1]
 [1 1 1 1 0 1 1 1 0 0]
 [1 1 0 0 0 0 1 0 0 1]
 [1 1 0 1 1 0 1 1 1 1]
 [0 1 0 0 1 1 1 1 1 0]
 [0 0 1 1 0 0 1 1 0 0]
 [1 0 1 1 0 0 0 1 0 0]
 [0 0 0 0 0 1 1 0 0 1]
 [0 1 1 1 0 0 1 0 1 1]
 [0 1 1 0 1 1 1 0 0 0]
 [0 0 1 1 1 0 0 0 0 0]
 [1 0 0 1 0 1 0 0 0 0]
 [1 1 0 0 1 1 1 1 1 0]
 [1 1 0 0 0 0 1 1 0 1]
 [1 1 0 1 1 1 1 0 1 1]
 [1 1 1 0 0 1 0 1 1 0]
 [1 1 1 0 0 1 1 0 1 1]
 [0 0 0 0 1 0 0 1 1 0]
 [1 1 1 1 1 1 1 0 0 0]
 [0 0 1 1 0 1 0 0 0 1]
 [1 1 1 0 0 0 0 0 0 0]
 [0 1 0 0 0 1 0 1 1 0]
 [1 0 1 1 1 0 1 1 0 0]
 [0 1 1 0 1 0 1 1 0 1]
 [0 0 1 1 0 1 0 1 0 1]
 [1 0 0 1 0 1 1 1 1 0]
 [0 1 1 1 0 0 0 0 0 1]
 [1 1 0 1 0 1 0 0 0 1]
 [1 0 1 1 0 0 0 1 1 0]
 [1 0 0 1 0 1 1 0 0 0]
 [1 1 0 1 1 1 0 1 0 1]
 [0 0 1 0 1 1 0 0 1 0]
 [1 1 0 0 1 0 0 1 0 0]
 [1 1 1 0 0 0 0 1 0 1]
 [0 0 1 0 0 0 1 1 0 1]
 [1 0 0 0 1 1 1 1 1 1]
 [1 1 0 0 0 0 0 0 1 0]
 [0 0 0 1 1 0 1 1 0 1]]
{'restarts': 2, 'conflicts': 515, 'decisions': 1416, 'propagations': 1009685}
Q is identifiable
branch at 6
runtime for solving id of Q is 0.8282564408145845
Simulation results:
{'J': 100, 'K': 10, 'N': 10, 'p': 0.5, 'seed': 49, 'sim': 6, 'runtime': 0.8282564408145845, 'identifiable': 1, 'branch': 6}
7
Q: [[1 0 0 0 0 0 0 0 1 0]
 [0 1 1 0 0 1 0 0 0 0]
 [1 0 1 1 0 0 0 1 1 0]
 [0 0 0 1 1 1 1 1 1 1]
 [0 0 0 1 1 0 1 1 1 0]
 [1 1 0 1 1 1 1 0 1 1]
 [0 1 1 1 0 1 1 0 1 0]
 [1 0 0 0 0 0 1 1 0 1]
 [0 0 0 1 0 0 0 0 0 1]
 [1 0 0 0 1 1 0 0 1 1]
 [0 1 1 0 0 1 0 1 1 1]
 [1 0 1 0 0 1 0 1 0 1]
 [0 1 0 0 1 1 1 1 1 1]
 [0 1 0 1 1 1 1 1 1 1]
 [1 0 1 0 1 0 0 0 0 1]
 [1 1 1 0 1 1 0 1 0 0]
 [0 1 0 0 0 0 0 0 1 0]
 [1 1 0 1 0 0 1 0 0 1]
 [0 1 0 1 1 0 1 0 0 0]
 [0 1 0 0 0 0 1 1 0 0]
 [1 1 0 1 0 0 0 1 1 1]
 [1 0 1 1 0 0 0 0 0 0]
 [0 0 0 1 0 0 1 0 0 1]
 [1 1 0 1 1 1 0 0 1 1]
 [0 0 0 0 1 0 0 0 0 0]
 [0 1 1 0 1 0 0 1 1 1]
 [0 1 1 1 1 1 0 0 1 1]
 [1 1 1 0 0 0 0 0 1 1]
 [0 1 1 1 1 0 0 1 1 0]
 [1 1 1 1 1 0 1 0 0 1]
 [1 0 1 0 0 1 0 0 0 0]
 [0 0 1 1 1 0 1 0 0 0]
 [0 0 1 0 0 0 1 1 1 1]
 [1 1 0 0 0 1 1 0 1 1]
 [0 1 1 0 0 0 0 1 1 1]
 [1 1 0 0 0 1 0 1 1 1]
 [1 0 1 1 0 1 1 0 0 1]
 [0 0 1 0 0 1 0 0 1 0]
 [1 0 0 0 1 1 1 1 1 1]
 [0 0 1 1 1 1 0 0 1 0]
 [0 0 1 1 0 0 0 1 0 1]
 [1 1 0 0 0 0 0 0 1 1]
 [1 1 1 1 1 0 0 0 0 1]
 [0 0 1 0 1 1 1 1 1 1]
 [0 1 1 0 0 1 0 0 0 0]
 [0 0 1 1 1 0 0 0 0 0]
 [1 1 0 0 0 1 0 0 1 1]
 [1 0 1 0 0 0 1 0 1 0]
 [0 1 0 0 1 0 0 1 0 1]
 [0 0 1 0 0 1 0 1 1 0]
 [0 0 1 0 1 0 0 0 0 0]
 [1 1 0 1 1 0 0 1 0 1]
 [1 0 0 1 1 0 1 1 1 1]
 [1 0 0 0 0 0 1 1 0 1]
 [0 0 0 0 0 1 1 1 0 0]
 [1 0 1 0 0 1 0 1 1 0]
 [0 0 0 1 1 0 0 0 1 1]
 [0 1 1 0 0 1 1 1 1 1]
 [1 0 1 1 0 0 1 1 0 1]
 [1 0 0 1 0 0 0 1 0 1]
 [0 0 1 0 1 0 1 0 0 1]
 [0 0 0 1 0 0 1 1 1 1]
 [0 0 0 0 0 0 1 1 0 0]
 [1 0 0 1 1 1 0 1 1 0]
 [1 0 0 0 0 0 1 1 1 0]
 [1 0 0 1 0 1 0 1 1 0]
 [1 0 1 1 0 1 0 0 0 1]
 [1 0 1 1 1 0 0 0 0 1]
 [1 1 0 1 0 0 0 0 1 0]
 [0 1 1 1 1 0 1 1 0 0]
 [1 0 1 1 0 0 0 1 0 1]
 [1 0 1 0 1 1 1 1 0 0]
 [0 1 0 1 0 1 0 1 0 0]
 [0 1 1 0 0 1 0 0 0 1]
 [0 0 0 0 1 0 1 0 0 0]
 [1 0 1 0 1 1 1 0 1 0]
 [0 1 1 1 0 0 0 0 1 1]
 [1 1 0 1 0 0 1 0 1 1]
 [0 0 1 1 0 0 1 0 1 0]
 [1 1 0 1 1 0 0 1 0 0]
 [1 0 1 1 1 1 0 1 1 0]
 [0 0 0 1 1 1 0 1 1 0]
 [1 0 1 0 0 0 1 1 1 0]
 [0 1 1 1 1 1 1 0 0 1]
 [0 1 1 0 1 1 0 1 1 1]
 [0 0 0 0 1 1 1 0 1 0]
 [0 1 1 1 0 0 0 1 0 1]
 [1 1 1 0 1 0 0 1 0 1]
 [1 1 1 0 0 1 0 0 1 0]
 [0 1 1 1 1 1 0 1 1 1]
 [1 0 0 0 1 0 1 0 1 0]
 [1 0 1 1 1 1 1 1 1 1]
 [0 1 0 0 0 0 1 0 1 1]
 [0 0 1 1 0 1 1 1 1 0]
 [1 0 1 1 0 1 0 0 1 1]
 [1 1 0 0 1 1 1 0 0 1]
 [1 0 0 1 0 1 0 1 0 1]
 [0 1 0 0 1 0 0 1 0 1]
 [1 1 1 0 1 0 1 1 0 1]
 [0 0 1 0 1 0 0 1 0 1]]
{'restarts': 2, 'conflicts': 418, 'decisions': 1385, 'propagations': 766786}
Q is identifiable
branch at 6
runtime for solving id of Q is 0.8509668046608567
Simulation results:
{'J': 100, 'K': 10, 'N': 10, 'p': 0.5, 'seed': 49, 'sim': 7, 'runtime': 0.8509668046608567, 'identifiable': 1, 'branch': 6}
8
Q: [[1 1 0 1 0 1 1 0 0 0]
 [1 0 1 1 0 1 1 1 0 0]
 [1 1 0 0 0 0 1 1 0 0]
 [1 1 0 1 1 1 1 0 0 1]
 [1 1 1 1 1 0 0 1 0 1]
 [0 1 1 1 0 0 0 0 0 1]
 [0 0 1 1 0 1 0 1 0 1]
 [1 0 1 1 0 0 1 0 0 0]
 [1 1 1 0 1 0 0 0 1 0]
 [0 0 1 0 1 1 0 0 1 0]
 [1 0 0 1 0 0 0 0 0 0]
 [0 1 0 1 0 0 0 0 1 1]
 [1 0 0 1 1 0 0 1 0 1]
 [1 0 0 1 1 1 1 1 1 1]
 [0 0 1 0 0 0 0 1 1 1]
 [0 0 1 0 1 1 0 0 1 0]
 [1 0 0 0 0 0 0 0 0 1]
 [0 0 1 1 1 0 0 0 1 1]
 [0 1 0 1 1 1 0 0 0 1]
 [0 0 0 0 1 0 0 0 1 0]
 [1 0 1 1 0 1 0 0 0 1]
 [1 1 0 0 1 0 1 1 1 0]
 [1 1 0 0 1 0 0 1 0 1]
 [1 0 1 1 1 0 0 1 0 1]
 [1 0 1 0 1 1 1 1 0 0]
 [0 0 1 1 0 0 1 1 0 0]
 [1 0 0 0 1 1 1 1 0 1]
 [0 0 0 1 0 0 1 1 0 0]
 [0 0 1 0 0 0 1 1 1 1]
 [0 1 0 1 1 0 1 1 1 1]
 [0 1 0 0 0 0 0 0 1 0]
 [1 1 1 0 1 0 0 0 0 0]
 [1 0 1 1 0 0 1 1 1 1]
 [0 0 0 0 0 1 0 0 1 1]
 [0 1 0 1 1 0 0 1 1 0]
 [1 0 0 0 1 1 0 0 0 1]
 [0 0 0 0 1 1 0 1 0 0]
 [1 1 1 1 0 0 0 0 0 0]
 [1 1 0 1 0 1 0 1 1 1]
 [1 0 0 0 0 0 1 1 1 1]
 [0 1 1 1 0 0 1 1 0 1]
 [0 0 0 1 0 1 0 0 0 0]
 [0 1 1 0 0 1 1 0 1 0]
 [1 0 0 1 0 0 0 0 0 1]
 [0 0 1 1 0 0 0 0 1 0]
 [0 0 0 0 1 1 1 0 0 1]
 [1 1 1 1 0 0 0 0 0 0]
 [0 1 1 0 1 0 0 1 0 1]
 [1 0 1 1 0 0 1 1 1 0]
 [1 1 0 0 1 0 1 0 1 0]
 [1 0 1 1 1 1 1 1 0 1]
 [0 1 1 1 0 1 1 1 0 0]
 [1 0 0 0 0 0 1 1 0 0]
 [1 1 0 0 1 1 0 0 1 1]
 [0 1 0 0 1 1 1 1 0 0]
 [0 0 0 1 1 0 0 0 0 1]
 [0 0 1 0 1 0 0 1 0 1]
 [0 1 1 1 1 1 0 1 1 0]
 [1 1 1 0 1 1 0 0 0 1]
 [0 0 0 0 1 1 1 1 1 1]
 [0 0 1 0 0 0 1 0 0 1]
 [1 1 0 0 1 0 1 1 0 1]
 [0 1 0 1 1 0 0 1 1 1]
 [1 1 1 1 1 0 1 0 0 1]
 [0 1 1 1 0 1 1 1 0 1]
 [1 0 0 1 1 0 1 0 0 0]
 [1 1 0 1 1 0 1 1 0 1]
 [1 0 0 1 1 1 0 0 1 1]
 [0 1 1 1 0 1 1 0 0 0]
 [0 0 1 0 0 0 1 1 0 0]
 [1 1 0 0 0 0 0 1 0 1]
 [0 0 1 0 1 0 0 1 0 0]
 [0 0 1 1 1 0 0 1 0 1]
 [0 0 0 0 1 0 0 1 0 1]
 [0 0 1 0 0 1 1 1 1 0]
 [1 0 0 1 0 0 0 1 0 0]
 [0 1 1 0 1 1 0 0 1 1]
 [0 0 0 0 0 1 1 1 0 0]
 [0 0 0 0 1 0 1 1 1 1]
 [0 0 0 0 1 1 1 1 1 0]
 [0 1 1 0 1 0 0 1 0 1]
 [1 0 1 1 1 0 0 1 0 0]
 [0 1 0 0 1 0 0 0 0 1]
 [1 0 0 0 1 1 1 1 0 1]
 [1 0 1 1 1 1 1 0 1 0]
 [0 0 0 0 0 0 1 1 1 0]
 [1 0 1 0 1 1 0 1 1 0]
 [0 0 1 1 1 1 1 1 1 0]
 [0 0 1 1 1 0 0 0 1 0]
 [1 1 0 1 1 0 0 0 0 1]
 [0 0 1 0 1 1 1 1 1 1]
 [1 0 0 0 1 0 1 1 1 1]
 [0 1 1 1 1 1 1 0 0 1]
 [0 0 1 0 0 0 1 1 1 0]
 [0 0 1 0 0 1 0 1 0 1]
 [0 1 0 1 0 0 1 1 0 1]
 [0 0 1 1 1 1 0 0 1 1]
 [1 1 1 0 0 1 1 0 0 0]
 [1 1 0 1 1 1 0 1 0 1]
 [0 0 0 1 1 1 0 1 1 0]]
{'restarts': 1, 'conflicts': 514, 'decisions': 1153, 'propagations': 810433}
Q is identifiable
branch at 6
runtime for solving id of Q is 0.6114838691428304
Simulation results:
{'J': 100, 'K': 10, 'N': 10, 'p': 0.5, 'seed': 49, 'sim': 8, 'runtime': 0.6114838691428304, 'identifiable': 1, 'branch': 6}
9
Q: [[1 1 0 1 0 0 0 1 0 0]
 [1 1 1 0 0 0 1 1 0 0]
 [1 0 0 0 1 0 0 0 1 0]
 [0 0 1 0 1 1 0 0 1 1]
 [1 0 0 1 0 1 1 1 0 0]
 [0 1 0 1 1 0 1 0 1 1]
 [0 1 0 0 0 0 1 0 0 0]
 [0 1 1 1 0 1 0 0 1 1]
 [0 1 1 1 1 0 0 0 0 0]
 [1 0 1 1 1 1 0 0 1 1]
 [0 1 1 0 0 0 1 1 0 0]
 [0 1 1 1 0 1 1 0 0 1]
 [0 1 0 1 0 0 0 0 1 0]
 [1 1 0 1 1 1 0 0 1 1]
 [1 0 1 1 1 0 0 0 0 0]
 [0 1 0 0 0 1 1 1 0 0]
 [1 0 0 1 1 1 0 0 0 1]
 [1 0 1 0 1 1 1 1 1 0]
 [1 0 0 0 0 0 0 1 1 1]
 [1 0 0 0 0 0 0 0 1 1]
 [0 1 1 0 1 0 0 0 0 1]
 [1 1 1 0 0 1 0 0 1 0]
 [1 0 1 0 1 1 1 1 0 1]
 [0 0 1 0 0 0 0 0 0 1]
 [0 0 0 0 1 1 0 1 1 1]
 [1 0 0 0 1 1 0 0 1 0]
 [0 0 0 1 0 0 0 1 1 0]
 [1 0 0 1 1 1 0 1 0 0]
 [0 0 0 1 0 1 0 0 0 0]
 [1 0 1 1 1 0 0 0 1 0]
 [0 0 0 0 0 1 1 0 0 1]
 [0 1 1 0 0 1 0 1 0 0]
 [0 1 0 1 0 0 1 1 1 0]
 [0 0 0 1 0 1 1 1 1 1]
 [1 0 0 0 0 1 0 0 1 1]
 [0 0 1 0 1 0 1 1 0 1]
 [1 1 0 1 1 0 0 0 1 1]
 [1 1 1 0 0 0 0 1 0 1]
 [0 0 0 1 1 0 0 0 0 0]
 [0 0 0 0 0 0 1 1 1 0]
 [0 0 0 0 1 0 0 0 0 1]
 [0 1 1 1 1 0 0 1 1 0]
 [0 0 1 1 1 1 0 1 1 0]
 [1 1 0 0 0 0 0 0 0 1]
 [0 0 1 0 1 1 1 0 1 1]
 [0 1 0 0 0 1 0 1 0 1]
 [0 1 1 0 0 0 0 0 1 1]
 [0 1 1 1 0 0 0 0 1 1]
 [1 1 0 0 1 0 0 1 1 1]
 [0 1 1 1 1 0 1 1 0 1]
 [0 0 1 0 0 0 1 1 1 1]
 [0 1 0 1 1 0 0 0 0 1]
 [1 0 0 1 1 1 0 1 1 1]
 [1 0 1 1 1 1 0 0 1 0]
 [1 0 0 1 1 0 0 0 1 0]
 [0 1 0 1 1 1 0 0 1 0]
 [0 1 1 1 1 0 0 0 0 0]
 [1 0 0 0 0 1 0 0 1 0]
 [1 0 1 0 0 1 0 1 1 0]
 [1 0 1 0 0 1 0 1 0 1]
 [0 1 1 1 1 0 1 0 0 1]
 [1 1 0 0 1 0 0 0 0 1]
 [1 1 1 1 0 0 0 0 1 1]
 [1 1 0 0 0 0 0 0 0 1]
 [0 1 1 0 0 1 0 1 0 1]
 [0 0 0 1 0 0 0 0 1 0]
 [0 0 0 1 1 0 1 0 1 1]
 [1 0 0 1 0 0 0 1 1 0]
 [0 0 1 1 1 1 0 0 0 0]
 [1 1 0 1 1 0 0 0 0 0]
 [0 1 0 0 0 1 0 0 0 0]
 [1 1 0 1 1 1 0 0 1 1]
 [1 1 1 0 1 1 0 1 0 1]
 [1 0 0 0 0 0 0 1 0 0]
 [1 1 1 0 1 0 0 1 1 1]
 [0 0 0 1 0 1 1 0 0 0]
 [1 1 0 1 0 1 1 0 0 1]
 [1 0 0 0 1 0 0 1 0 0]
 [1 0 0 0 0 1 0 0 1 0]
 [0 1 0 1 1 1 1 0 1 1]
 [1 1 1 1 1 0 0 0 0 1]
 [1 0 0 1 1 1 1 1 0 1]
 [1 1 0 1 0 0 1 1 0 0]
 [1 0 0 0 0 0 0 1 1 1]
 [0 0 1 1 0 0 1 1 1 0]
 [1 1 1 0 1 1 0 1 1 0]
 [0 0 0 1 1 0 0 0 0 1]
 [0 0 1 0 1 0 0 0 0 0]
 [1 1 1 0 0 1 1 1 1 1]
 [1 0 1 1 1 0 1 1 1 1]
 [0 1 0 0 1 1 0 1 0 1]
 [1 0 0 1 0 0 0 1 0 0]
 [1 1 1 1 1 1 1 1 1 0]
 [0 0 0 1 1 0 1 1 1 0]
 [0 0 0 1 0 1 1 0 1 1]
 [0 1 0 0 1 1 0 0 0 0]
 [0 0 0 0 0 0 1 1 0 1]
 [0 0 0 1 0 0 0 1 1 1]
 [1 1 0 1 1 1 1 1 0 1]
 [0 1 0 0 1 1 0 1 0 0]]
{'restarts': 2, 'conflicts': 525, 'decisions': 1396, 'propagations': 840522}
Q is identifiable
branch at 6
runtime for solving id of Q is 0.6920456727966666
Simulation results:
{'J': 100, 'K': 10, 'N': 10, 'p': 0.5, 'seed': 49, 'sim': 9, 'runtime': 0.6920456727966666, 'identifiable': 1, 'branch': 6}
Simulation results:
[{'J': 100, 'K': 10, 'N': 10, 'p': 0.5, 'seed': 49, 'sim': 0, 'runtime': 0.6978526818566024, 'identifiable': 1, 'branch': 6}, {'J': 100, 'K': 10, 'N': 10, 'p': 0.5, 'seed': 49, 'sim': 1, 'runtime': 0.7129783779382706, 'identifiable': 1, 'branch': 6}, {'J': 100, 'K': 10, 'N': 10, 'p': 0.5, 'seed': 49, 'sim': 2, 'runtime': 0.8079910585656762, 'identifiable': 1, 'branch': 6}, {'J': 100, 'K': 10, 'N': 10, 'p': 0.5, 'seed': 49, 'sim': 3, 'runtime': 0.7616164963692427, 'identifiable': 1, 'branch': 6}, {'J': 100, 'K': 10, 'N': 10, 'p': 0.5, 'seed': 49, 'sim': 4, 'runtime': 0.622225406114012, 'identifiable': 1, 'branch': 6}, {'J': 100, 'K': 10, 'N': 10, 'p': 0.5, 'seed': 49, 'sim': 5, 'runtime': 1.0048756650649011, 'identifiable': 1, 'branch': 6}, {'J': 100, 'K': 10, 'N': 10, 'p': 0.5, 'seed': 49, 'sim': 6, 'runtime': 0.8282564408145845, 'identifiable': 1, 'branch': 6}, {'J': 100, 'K': 10, 'N': 10, 'p': 0.5, 'seed': 49, 'sim': 7, 'runtime': 0.8509668046608567, 'identifiable': 1, 'branch': 6}, {'J': 100, 'K': 10, 'N': 10, 'p': 0.5, 'seed': 49, 'sim': 8, 'runtime': 0.6114838691428304, 'identifiable': 1, 'branch': 6}, {'J': 100, 'K': 10, 'N': 10, 'p': 0.5, 'seed': 49, 'sim': 9, 'runtime': 0.6920456727966666, 'identifiable': 1, 'branch': 6}]
