
The Gurobi software has a limited number of licenses. To request a license or
licenses, add this line

    #SBATCH --licenses=gurobi@slurmdb:1

to your SBATCH script, replacing N with the number of licenses you need. Gurobi
will need one license per process.


0
Q: [[1 1 0 0 1 1 1 1 1 0]
 [1 1 0 1 1 1 1 1 1 0]
 [0 1 1 1 0 0 0 1 0 1]
 [1 1 0 1 1 1 1 0 0 0]
 [1 0 0 1 0 1 1 1 0 1]
 [1 1 0 1 1 0 1 1 0 0]
 [1 1 1 0 0 1 0 1 0 1]
 [1 1 1 1 0 1 1 1 1 0]
 [1 1 1 0 1 1 1 1 0 0]
 [1 1 1 1 1 1 1 1 1 1]
 [1 1 1 1 0 1 1 1 1 1]
 [0 1 1 1 0 1 0 1 1 1]
 [1 1 0 1 1 1 1 1 0 1]
 [1 0 0 0 0 0 0 1 0 1]
 [0 1 1 0 0 1 1 1 0 1]
 [1 0 0 1 1 1 1 1 0 1]
 [1 1 1 1 1 0 1 1 1 1]
 [1 1 0 0 0 0 1 1 1 0]
 [0 1 1 0 1 1 1 1 1 0]
 [0 1 1 1 0 1 0 1 0 1]
 [1 1 1 1 1 1 0 1 1 1]
 [1 1 1 0 1 0 0 1 1 0]
 [1 1 1 0 0 1 1 1 1 1]
 [1 0 0 1 1 0 1 0 0 1]
 [0 1 0 1 1 0 0 1 1 1]
 [1 0 0 0 1 0 0 1 1 0]
 [1 0 1 1 1 1 1 0 0 1]
 [0 1 0 0 0 1 0 0 0 1]
 [1 1 0 1 1 0 0 1 1 1]
 [0 1 0 1 0 1 1 1 0 1]
 [0 0 1 0 1 1 1 1 0 1]
 [0 1 0 1 1 1 1 1 0 1]
 [0 0 1 1 1 0 1 1 1 1]
 [1 1 1 0 1 1 1 1 0 1]
 [1 0 1 0 1 1 1 1 0 1]
 [1 1 0 1 1 1 1 1 0 1]
 [1 1 0 1 1 1 1 1 1 1]
 [1 1 1 1 1 1 0 1 1 1]
 [1 1 1 1 0 1 1 1 1 1]
 [0 0 1 1 1 0 1 1 0 1]
 [1 0 1 1 0 1 1 1 1 1]
 [1 1 0 1 0 1 1 1 1 1]
 [0 1 1 1 1 1 1 1 0 1]
 [1 1 1 0 1 1 1 0 0 0]
 [1 1 0 0 1 1 1 1 1 0]
 [0 1 1 0 1 1 1 0 0 1]
 [1 0 1 1 1 1 0 1 1 1]
 [1 1 0 0 1 1 1 1 1 1]
 [1 1 1 0 0 1 1 0 1 1]
 [0 1 1 1 0 1 1 1 0 1]]
{'restarts': 63, 'conflicts': 40561, 'decisions': 58038, 'propagations': 17825705}
Q is identifiable
branch at 6
runtime for solving id of Q is 3.2255837861448526
Simulation results:
{'J': 50, 'K': 10, 'N': 10, 'p': 0.7, 'seed': 75, 'sim': 0, 'runtime': 3.2255837861448526, 'identifiable': 1, 'branch': 6}
1
Q: [[0 1 0 0 1 0 0 0 0 1]
 [1 0 1 0 1 1 1 1 1 0]
 [0 1 1 0 0 0 0 0 1 1]
 [0 1 0 1 1 1 1 0 1 0]
 [1 1 0 0 0 1 1 1 1 1]
 [1 1 0 1 1 0 1 1 1 1]
 [0 1 1 1 0 0 1 1 1 1]
 [1 1 1 1 0 1 1 1 1 1]
 [1 1 0 1 0 1 1 1 0 1]
 [0 1 1 1 1 1 1 0 1 1]
 [1 0 1 0 1 0 1 1 1 1]
 [0 0 0 1 0 1 0 0 0 1]
 [1 1 1 1 0 1 1 0 1 0]
 [0 1 1 1 0 1 1 1 1 0]
 [1 1 1 1 1 1 1 1 1 1]
 [0 1 1 1 1 1 1 1 0 1]
 [0 1 1 1 1 1 1 0 1 1]
 [1 1 1 1 1 1 1 1 0 0]
 [0 1 1 1 0 0 1 1 0 1]
 [1 1 1 1 1 0 0 1 0 1]
 [1 1 1 1 1 1 1 1 0 1]
 [1 0 1 1 0 1 1 0 1 1]
 [1 1 1 1 1 1 0 0 1 1]
 [1 1 0 1 0 0 1 1 1 1]
 [1 1 1 1 1 1 1 1 0 0]
 [1 1 1 1 1 1 0 1 0 1]
 [1 1 1 1 1 1 0 1 1 1]
 [1 1 1 1 1 0 0 1 0 1]
 [1 0 1 1 1 1 1 1 1 0]
 [1 1 1 1 0 0 0 1 1 1]
 [1 0 0 1 0 1 1 1 1 1]
 [1 1 1 1 0 1 0 1 1 1]
 [1 1 1 1 0 1 0 1 1 0]
 [1 1 1 1 1 1 1 1 0 1]
 [1 0 1 1 1 1 1 1 0 0]
 [1 1 1 0 0 1 1 0 0 1]
 [0 1 0 1 1 1 0 0 1 0]
 [1 1 1 0 1 1 0 1 1 0]
 [1 0 1 1 0 1 1 1 0 0]
 [1 1 0 1 1 1 0 0 0 1]
 [1 1 1 0 0 0 0 1 1 1]
 [0 1 1 1 1 0 1 1 0 1]
 [1 1 1 0 1 1 1 1 0 1]
 [1 1 1 0 1 1 0 0 0 1]
 [0 0 0 1 0 1 1 1 1 1]
 [1 1 1 0 1 1 0 0 0 0]
 [0 1 1 1 1 1 1 1 1 1]
 [1 1 1 0 1 1 0 1 0 1]
 [1 1 1 0 0 1 1 1 1 0]
 [1 1 1 0 0 0 0 1 0 0]]
{'restarts': 8, 'conflicts': 2323, 'decisions': 4828, 'propagations': 889078}
Q is not identifiable, and Q_bar is [[0 1 0 0 0 0 0 1 0 1]
 [1 1 1 0 1 1 0 0 1 0]
 [0 0 0 0 1 1 0 1 0 1]
 [0 1 0 1 0 1 0 1 1 0]
 [1 0 1 0 0 1 0 1 1 1]
 [1 1 0 0 0 1 1 1 1 1]
 [0 0 0 0 1 1 1 1 1 1]
 [0 0 1 0 1 1 1 1 1 1]
 [1 0 0 1 0 0 0 1 1 1]
 [0 1 0 1 1 1 0 1 1 1]
 [1 1 0 0 1 1 0 0 1 1]
 [0 0 0 1 0 0 0 0 0 1]
 [0 0 1 1 1 1 0 1 1 0]
 [0 0 0 1 1 1 1 1 1 0]
 [0 1 1 0 1 1 1 1 1 1]
 [0 1 0 1 1 0 1 1 1 1]
 [0 1 0 1 1 1 0 1 1 1]
 [1 1 1 0 1 0 1 1 1 0]
 [0 0 0 0 1 0 1 1 1 1]
 [1 1 0 0 1 0 1 1 0 1]
 [0 1 1 0 1 0 1 1 1 1]
 [0 0 1 1 1 1 0 0 1 1]
 [0 1 1 1 1 1 0 1 0 1]
 [1 0 0 0 0 1 1 1 1 1]
 [1 1 1 0 1 0 1 1 1 0]
 [1 1 0 1 1 0 0 1 0 1]
 [1 1 0 1 1 1 0 1 0 1]
 [1 1 0 0 1 0 1 1 0 1]
 [1 1 1 0 1 1 1 0 1 0]
 [1 0 0 0 1 1 1 1 0 1]
 [0 0 1 0 0 1 1 0 1 1]
 [1 0 0 1 1 1 0 1 0 1]
 [0 0 1 0 1 1 1 1 0 0]
 [0 1 1 0 1 0 1 1 1 1]
 [1 1 1 0 1 0 1 0 1 0]
 [0 0 1 0 1 0 0 1 1 1]
 [0 1 0 1 0 1 0 1 0 0]
 [1 1 1 0 1 1 0 1 0 0]
 [0 0 1 0 1 0 1 0 1 0]
 [0 1 1 1 0 0 0 1 0 1]
 [1 0 0 0 1 1 0 1 0 1]
 [0 1 0 0 1 0 1 1 1 1]
 [1 1 1 0 1 0 0 1 1 1]
 [0 1 1 0 1 0 0 1 0 1]
 [0 0 0 1 0 1 1 0 1 1]
 [0 1 1 0 1 0 0 1 0 0]
 [0 1 0 1 1 1 1 1 1 1]
 [1 1 1 0 1 0 0 1 0 1]
 [1 0 1 0 1 1 0 1 1 0]
 [1 0 0 0 1 0 0 1 0 0]]
branch at 5
runtime for solving id of Q is 0.18559394404292107
Simulation results:
{'J': 50, 'K': 10, 'N': 10, 'p': 0.7, 'seed': 75, 'sim': 1, 'runtime': 0.18559394404292107, 'identifiable': 0, 'branch': 5}
2
Q: [[0 1 1 1 0 0 1 0 1 1]
 [0 1 1 1 1 1 1 1 0 0]
 [1 0 1 1 1 1 1 1 1 0]
 [1 1 0 1 1 1 1 1 0 1]
 [0 1 1 0 1 0 1 0 1 1]
 [1 0 1 0 1 1 1 1 0 0]
 [1 0 1 0 0 1 1 1 1 1]
 [1 1 1 1 0 1 0 0 1 1]
 [0 0 1 1 1 0 0 1 1 1]
 [1 1 0 1 0 1 1 1 1 1]
 [0 1 1 1 1 0 1 0 1 0]
 [1 1 0 1 1 1 0 0 0 0]
 [1 1 1 1 1 1 1 1 1 1]
 [0 1 1 1 1 0 1 1 1 1]
 [0 1 1 1 0 1 0 1 0 0]
 [1 1 1 1 1 1 1 1 1 1]
 [1 1 1 0 1 1 1 1 1 0]
 [0 1 0 1 0 1 1 0 1 0]
 [1 1 1 0 1 1 1 1 1 1]
 [0 0 0 1 1 0 1 1 0 0]
 [0 1 0 1 1 0 0 0 0 0]
 [1 1 1 1 1 1 0 1 0 1]
 [1 0 0 1 1 1 0 0 0 1]
 [0 0 1 0 1 1 1 0 1 1]
 [0 1 1 1 0 1 0 0 1 1]
 [1 1 1 0 1 1 1 0 0 0]
 [0 0 1 1 1 1 1 0 1 1]
 [1 1 1 1 0 0 1 1 0 1]
 [0 0 0 0 1 0 1 1 1 0]
 [1 1 1 1 1 0 1 1 1 1]
 [0 0 0 0 0 1 0 1 1 1]
 [1 1 1 1 1 1 1 1 0 1]
 [0 1 1 0 1 1 1 0 0 1]
 [1 1 1 0 1 1 1 0 0 0]
 [1 1 1 1 0 0 1 1 1 0]
 [1 1 0 0 1 1 1 0 1 1]
 [0 1 1 1 1 0 0 0 1 1]
 [1 1 1 1 0 1 1 0 1 0]
 [1 1 0 0 1 0 1 0 1 1]
 [1 1 1 1 1 0 1 1 0 0]
 [1 1 1 1 0 1 1 1 1 0]
 [1 1 1 1 0 1 1 1 1 1]
 [1 1 0 0 1 0 1 1 1 1]
 [1 1 0 1 1 1 0 1 0 1]
 [0 1 1 1 1 1 1 1 1 1]
 [0 1 1 0 1 0 1 1 1 1]
 [0 1 1 0 1 1 1 1 0 1]
 [1 1 1 1 1 1 1 0 1 1]
 [1 0 0 1 0 0 1 0 1 0]
 [1 1 1 0 0 1 1 1 1 1]]
{'restarts': 13, 'conflicts': 2882, 'decisions': 5898, 'propagations': 1459766}
Q is identifiable
branch at 6
runtime for solving id of Q is 0.2520707808434963
Simulation results:
{'J': 50, 'K': 10, 'N': 10, 'p': 0.7, 'seed': 75, 'sim': 2, 'runtime': 0.2520707808434963, 'identifiable': 1, 'branch': 6}
3
Q: [[1 1 1 0 1 0 1 0 0 0]
 [0 0 0 1 1 1 1 0 0 1]
 [1 1 1 1 1 1 0 0 1 0]
 [0 1 0 1 1 0 1 1 0 1]
 [1 1 1 1 1 0 1 1 1 0]
 [1 1 1 0 1 1 0 1 1 1]
 [0 1 1 1 1 1 1 1 1 0]
 [0 0 1 1 1 1 1 1 1 1]
 [1 1 1 1 1 1 1 0 1 0]
 [1 0 1 0 1 1 1 0 0 0]
 [1 0 0 1 1 1 1 1 1 1]
 [1 1 1 1 0 0 1 0 0 1]
 [0 1 0 1 0 0 1 1 1 1]
 [0 1 0 1 1 1 0 0 1 1]
 [1 0 1 1 0 1 0 1 0 0]
 [1 1 1 1 1 1 1 1 1 1]
 [0 0 0 1 0 0 0 1 1 1]
 [0 1 0 0 1 1 1 1 0 1]
 [0 1 1 1 0 0 0 1 1 0]
 [1 1 1 0 1 0 1 1 1 1]
 [1 1 0 1 1 1 1 1 1 0]
 [1 0 0 1 0 0 1 0 0 1]
 [1 1 0 0 1 1 1 1 1 1]
 [0 1 0 0 1 1 1 0 0 0]
 [1 1 1 1 1 1 1 0 1 0]
 [1 0 1 1 1 0 0 0 1 1]
 [0 1 1 1 1 1 0 0 1 1]
 [0 0 1 1 1 1 1 1 1 1]
 [0 1 1 1 0 0 0 1 0 1]
 [0 1 1 1 1 1 1 1 1 1]
 [1 0 1 1 1 1 1 1 1 1]
 [0 1 1 1 1 1 1 1 1 1]
 [1 0 0 1 1 0 1 1 1 1]
 [1 1 1 1 1 1 1 0 1 1]
 [1 0 1 0 1 1 1 1 0 0]
 [1 0 1 0 1 1 0 1 0 1]
 [1 0 0 1 1 1 1 0 1 1]
 [1 1 1 1 0 0 1 0 1 1]
 [1 0 1 1 1 1 0 1 1 1]
 [0 0 1 0 1 1 1 1 1 0]
 [1 1 0 0 1 1 1 1 1 1]
 [1 1 1 1 0 1 1 0 0 1]
 [1 1 1 0 1 1 0 1 1 0]
 [1 0 1 1 1 0 1 0 1 1]
 [0 0 1 0 1 1 1 1 1 1]
 [1 1 1 0 1 1 1 1 1 1]
 [0 1 0 1 1 1 0 0 1 1]
 [0 0 1 0 0 1 0 1 1 0]
 [1 1 1 0 1 1 1 0 0 1]
 [0 0 1 0 0 0 1 1 0 1]]
{'restarts': 8, 'conflicts': 2360, 'decisions': 4858, 'propagations': 1206026}
Q is identifiable
branch at 6
runtime for solving id of Q is 0.23118375893682241
Simulation results:
{'J': 50, 'K': 10, 'N': 10, 'p': 0.7, 'seed': 75, 'sim': 3, 'runtime': 0.23118375893682241, 'identifiable': 1, 'branch': 6}
4
Q: [[0 1 1 1 1 0 1 1 1 0]
 [1 1 0 1 0 1 0 1 1 1]
 [1 0 1 1 1 0 1 0 1 0]
 [1 1 1 1 1 0 0 1 1 0]
 [1 1 1 0 0 1 1 1 1 1]
 [0 1 1 1 1 1 1 1 0 1]
 [0 1 1 1 1 1 0 1 0 0]
 [1 0 0 1 1 0 1 1 0 1]
 [1 0 1 1 1 1 1 0 1 1]
 [0 1 1 1 1 1 1 1 0 1]
 [0 1 1 0 1 1 1 1 0 1]
 [0 1 1 0 0 1 0 1 1 1]
 [1 0 1 0 1 1 1 0 0 1]
 [0 0 0 1 1 0 1 1 1 0]
 [0 0 1 1 0 0 1 1 1 1]
 [0 1 0 1 0 1 0 1 1 1]
 [1 1 1 1 0 1 1 1 1 1]
 [0 0 0 0 0 1 1 0 1 1]
 [0 0 1 0 0 1 1 1 1 1]
 [0 1 0 1 1 0 1 0 1 1]
 [0 0 1 1 1 1 1 1 0 1]
 [0 0 0 1 1 1 1 1 1 0]
 [0 0 1 0 1 1 0 1 1 1]
 [1 0 1 1 1 1 1 1 1 1]
 [1 1 1 1 1 1 0 1 1 0]
 [0 1 0 0 1 1 1 1 1 1]
 [1 0 0 1 0 0 0 1 0 0]
 [1 1 1 1 1 1 1 1 1 1]
 [0 0 1 0 1 1 1 1 1 0]
 [0 1 1 0 1 1 1 1 1 1]
 [1 0 1 1 1 0 1 0 0 1]
 [1 1 1 1 1 1 0 1 1 0]
 [1 1 0 1 1 0 1 0 1 1]
 [1 0 1 1 0 1 1 1 1 1]
 [1 1 1 1 0 1 1 1 1 1]
 [1 1 1 1 1 0 1 1 1 0]
 [1 1 1 0 1 1 0 1 0 1]
 [1 1 0 1 1 1 0 1 1 1]
 [1 1 1 1 0 0 1 0 0 1]
 [1 1 1 1 1 0 0 1 0 1]
 [1 1 1 0 1 1 1 1 0 1]
 [1 0 1 1 1 1 1 1 1 1]
 [1 0 1 1 1 0 1 0 1 1]
 [1 0 1 0 1 1 1 1 0 1]
 [1 0 1 0 0 1 0 0 1 0]
 [1 1 1 0 1 1 1 0 1 0]
 [1 1 1 1 1 1 0 1 1 0]
 [1 0 1 1 0 1 0 1 1 0]
 [1 1 1 1 1 0 1 1 0 0]
 [1 0 1 0 1 0 1 1 1 1]]
{'restarts': 33, 'conflicts': 11448, 'decisions': 19857, 'propagations': 5638791}
Q is identifiable
branch at 6
runtime for solving id of Q is 0.7739799553528428
Simulation results:
{'J': 50, 'K': 10, 'N': 10, 'p': 0.7, 'seed': 75, 'sim': 4, 'runtime': 0.7739799553528428, 'identifiable': 1, 'branch': 6}
5
Q: [[1 1 0 1 1 1 1 1 0 1]
 [0 1 1 1 1 1 1 0 1 1]
 [1 1 1 1 1 1 1 1 0 0]
 [1 1 1 1 0 0 1 1 1 1]
 [1 1 1 1 0 0 1 1 1 1]
 [1 1 1 0 1 1 1 0 1 1]
 [1 1 1 1 0 1 0 1 0 1]
 [1 1 1 1 1 1 1 1 1 1]
 [1 1 0 1 1 0 1 1 0 1]
 [1 0 0 0 1 1 0 1 1 1]
 [0 0 0 1 0 0 1 0 0 1]
 [0 1 1 1 1 1 1 1 1 0]
 [0 1 1 1 1 1 1 0 1 1]
 [1 0 1 1 0 1 1 0 1 1]
 [1 1 1 1 1 1 0 1 0 1]
 [1 0 1 1 0 1 1 1 1 0]
 [1 1 1 1 1 1 0 1 1 0]
 [1 0 1 1 1 1 1 1 1 1]
 [1 1 1 1 1 1 1 0 1 0]
 [1 0 1 1 1 1 1 1 0 1]
 [0 0 1 0 0 0 1 0 1 1]
 [1 1 1 1 0 1 1 1 1 1]
 [1 1 0 1 1 0 1 1 0 1]
 [0 1 1 1 1 1 1 1 1 1]
 [1 1 1 1 1 1 1 1 1 1]
 [1 1 1 1 0 1 1 1 1 1]
 [0 1 1 0 0 1 1 1 0 0]
 [0 0 1 1 0 1 1 1 1 1]
 [1 0 0 1 1 0 0 1 1 1]
 [0 1 1 1 1 1 1 0 1 1]
 [1 0 0 1 0 1 1 0 1 0]
 [1 1 0 1 1 1 1 1 1 1]
 [1 1 1 0 1 1 1 0 1 1]
 [1 1 1 1 1 0 1 1 1 1]
 [0 1 0 1 0 0 1 1 1 0]
 [1 1 0 1 1 1 1 1 0 0]
 [1 1 1 1 0 1 1 1 1 1]
 [1 1 1 0 0 1 1 1 1 1]
 [1 1 0 1 1 1 1 1 0 1]
 [1 1 1 1 1 1 1 0 1 1]
 [1 0 0 1 1 1 0 0 0 1]
 [0 1 1 1 1 1 1 0 1 1]
 [1 1 1 1 1 1 0 1 1 0]
 [1 1 1 1 0 0 1 0 1 0]
 [0 1 1 1 1 1 1 0 0 1]
 [0 1 1 1 0 0 1 0 1 1]
 [1 1 1 0 1 0 0 1 1 1]
 [0 1 1 0 0 1 0 1 0 1]
 [1 1 1 1 0 0 1 1 1 0]
 [1 1 1 1 0 0 1 1 0 0]]
{'restarts': 3, 'conflicts': 3501, 'decisions': 5962, 'propagations': 1031602}
Q is identifiable
branch at 6
runtime for solving id of Q is 0.23739093448966742
Simulation results:
{'J': 50, 'K': 10, 'N': 10, 'p': 0.7, 'seed': 75, 'sim': 5, 'runtime': 0.23739093448966742, 'identifiable': 1, 'branch': 6}
6
Q: [[1 0 0 0 0 0 1 1 0 1]
 [1 0 1 0 1 0 1 1 0 0]
 [1 1 0 1 0 1 1 1 1 1]
 [0 1 0 1 1 1 1 1 1 1]
 [0 1 1 0 1 1 1 0 0 0]
 [0 1 1 0 1 1 0 0 1 1]
 [1 1 0 1 0 1 0 1 1 1]
 [1 1 1 1 1 1 0 1 1 0]
 [1 1 1 1 1 1 1 1 1 0]
 [1 1 1 1 1 1 1 0 1 0]
 [0 1 1 1 1 0 0 0 0 0]
 [1 1 1 0 0 1 0 0 1 0]
 [1 1 0 1 0 0 1 1 1 1]
 [0 1 1 1 0 0 1 1 1 0]
 [1 1 1 0 1 1 1 1 1 1]
 [0 0 0 1 0 0 1 1 1 0]
 [0 1 0 1 0 0 1 1 0 1]
 [0 1 1 1 1 0 1 1 1 1]
 [0 1 1 1 1 1 0 1 1 1]
 [1 0 1 1 1 0 0 1 1 1]
 [1 1 1 1 1 0 1 0 0 1]
 [1 0 0 1 1 0 1 1 0 1]
 [0 0 1 1 0 1 1 1 0 0]
 [1 1 0 1 0 0 1 0 1 1]
 [1 1 1 1 1 0 0 0 1 1]
 [1 0 1 1 1 1 1 0 1 0]
 [1 1 1 1 0 1 1 0 1 1]
 [1 0 0 0 1 0 1 1 1 1]
 [1 1 0 1 1 1 0 1 1 1]
 [1 0 1 1 1 1 1 1 0 1]
 [1 1 0 0 1 1 0 1 1 0]
 [1 1 1 1 0 1 0 1 0 1]
 [1 1 1 1 1 1 1 0 1 0]
 [1 0 1 0 0 0 0 0 1 1]
 [1 1 0 1 1 0 1 1 1 1]
 [1 0 1 0 1 1 1 0 1 0]
 [1 1 1 1 1 0 1 0 1 1]
 [1 0 0 0 1 1 1 1 0 1]
 [1 0 1 0 0 1 1 1 1 1]
 [0 1 0 1 1 0 1 1 1 1]
 [1 1 1 0 0 0 1 1 1 1]
 [0 1 1 1 1 0 1 0 0 1]
 [0 0 1 1 0 1 1 1 1 0]
 [1 1 1 1 1 1 0 0 1 1]
 [1 0 0 0 1 1 1 1 1 1]
 [1 1 1 1 0 0 0 0 1 1]
 [1 1 1 1 1 1 1 1 1 1]
 [1 0 0 1 0 1 1 1 1 0]
 [1 1 1 1 1 1 1 0 0 1]
 [1 1 1 1 1 1 1 1 1 1]]
{'restarts': 34, 'conflicts': 8573, 'decisions': 16340, 'propagations': 4629855}
Q is identifiable
branch at 6
runtime for solving id of Q is 0.6396619463339448
Simulation results:
{'J': 50, 'K': 10, 'N': 10, 'p': 0.7, 'seed': 75, 'sim': 6, 'runtime': 0.6396619463339448, 'identifiable': 1, 'branch': 6}
7
Q: [[1 0 1 1 1 1 0 1 1 1]
 [1 1 0 1 1 1 1 0 1 1]
 [0 1 1 1 1 1 1 1 1 1]
 [0 1 1 0 1 0 1 1 1 0]
 [1 1 0 0 1 1 0 1 1 1]
 [0 0 0 1 1 1 1 1 1 0]
 [1 0 1 1 1 1 1 0 0 1]
 [1 1 0 1 0 1 1 0 1 0]
 [1 1 1 0 1 1 1 1 1 1]
 [1 1 1 1 1 1 1 1 1 1]
 [1 1 0 1 1 1 1 1 1 1]
 [0 1 0 0 1 1 1 1 1 1]
 [0 1 1 0 1 0 1 1 1 1]
 [1 0 1 1 1 0 1 1 0 0]
 [1 1 0 1 1 1 1 0 1 1]
 [1 0 1 0 1 0 1 1 0 1]
 [1 1 1 0 0 0 1 0 1 1]
 [1 1 0 1 1 1 1 0 1 1]
 [1 1 1 0 0 0 0 1 1 1]
 [0 1 0 1 1 1 1 1 0 1]
 [0 1 1 0 1 1 1 1 1 0]
 [0 1 1 1 1 1 1 0 1 0]
 [1 0 1 1 0 0 1 1 0 1]
 [0 1 0 1 0 1 1 0 1 0]
 [1 0 0 1 1 1 0 1 0 0]
 [1 1 0 0 0 1 1 0 0 0]
 [1 0 1 1 1 0 1 1 1 1]
 [0 1 1 0 1 1 0 0 1 0]
 [0 1 1 1 0 1 0 1 1 1]
 [0 1 0 1 0 1 0 1 1 1]
 [0 1 1 1 0 1 1 0 1 1]
 [0 0 1 1 1 1 1 1 0 0]
 [1 1 1 0 0 0 1 1 0 1]
 [1 0 0 1 0 0 1 0 1 1]
 [1 1 0 1 0 1 1 1 1 1]
 [1 1 0 1 1 1 0 1 0 1]
 [1 0 0 0 0 1 1 1 1 1]
 [0 1 1 1 1 1 1 1 1 1]
 [1 1 0 0 1 1 1 1 1 1]
 [1 0 0 1 0 1 0 0 1 1]
 [0 0 1 1 1 1 1 0 1 1]
 [1 0 1 1 1 1 1 1 1 1]
 [1 0 0 1 0 1 1 1 1 0]
 [0 1 1 1 1 1 1 1 1 1]
 [1 1 0 1 1 0 1 0 1 1]
 [0 1 0 1 1 1 1 0 1 0]
 [1 0 1 1 1 0 1 1 0 1]
 [0 1 0 1 0 0 1 1 0 0]
 [1 0 0 1 1 0 1 1 1 1]
 [0 0 0 1 1 0 0 1 1 1]]
{'restarts': 149, 'conflicts': 52790, 'decisions': 79236, 'propagations': 29014375}
Q is identifiable
branch at 6
runtime for solving id of Q is 5.012907842174172
Simulation results:
{'J': 50, 'K': 10, 'N': 10, 'p': 0.7, 'seed': 75, 'sim': 7, 'runtime': 5.012907842174172, 'identifiable': 1, 'branch': 6}
8
Q: [[1 1 1 1 1 1 1 1 1 1]
 [1 1 1 1 0 1 1 1 1 1]
 [0 1 1 1 1 1 1 1 0 0]
 [0 1 0 1 1 1 1 1 1 0]
 [1 0 1 1 1 1 0 0 1 1]
 [1 1 1 0 0 0 0 0 1 1]
 [0 0 1 1 1 1 1 1 1 0]
 [1 1 1 1 1 1 1 1 0 0]
 [1 1 0 1 1 1 1 1 0 1]
 [1 0 0 1 1 0 1 1 0 0]
 [0 1 0 0 1 1 1 0 0 1]
 [1 1 1 1 1 1 1 1 1 0]
 [1 1 1 1 0 1 1 1 0 1]
 [0 1 1 1 1 1 1 0 0 1]
 [1 0 1 1 1 1 1 0 1 1]
 [1 0 1 1 1 1 0 1 1 1]
 [0 0 1 1 1 0 1 1 1 1]
 [1 1 1 1 1 1 0 1 1 1]
 [1 0 1 1 1 1 1 1 1 0]
 [1 0 1 1 0 1 1 1 1 1]
 [0 1 0 1 0 0 0 1 0 1]
 [0 1 1 1 1 1 0 0 0 0]
 [1 1 1 1 1 1 1 0 1 0]
 [0 0 0 1 0 1 0 0 1 1]
 [1 1 0 0 1 0 0 1 1 1]
 [1 1 0 0 1 1 0 0 1 1]
 [1 1 1 1 1 0 0 0 0 1]
 [1 1 0 1 1 1 0 0 1 1]
 [1 1 1 0 1 1 1 1 1 0]
 [0 1 1 0 0 0 1 0 0 0]
 [1 1 1 1 1 1 1 1 1 1]
 [1 1 1 1 0 0 0 1 1 1]
 [1 1 1 1 0 0 1 0 1 1]
 [0 0 1 1 1 0 1 1 1 1]
 [0 1 0 0 1 1 1 1 0 1]
 [1 1 1 1 0 1 1 1 0 1]
 [0 0 0 1 1 0 0 0 0 1]
 [1 1 1 1 0 1 1 1 0 1]
 [1 1 1 1 1 1 1 1 1 1]
 [1 0 0 1 1 1 1 0 1 0]
 [0 0 1 1 0 0 1 0 1 1]
 [1 0 1 1 1 0 1 1 1 0]
 [1 1 1 1 1 1 1 0 0 0]
 [0 1 1 1 1 1 1 1 1 1]
 [1 1 0 0 1 1 1 1 0 1]
 [0 1 1 0 0 1 1 1 0 1]
 [1 0 0 0 1 1 0 0 1 0]
 [1 0 1 1 1 1 1 0 0 0]
 [1 1 0 1 1 1 0 1 1 1]
 [0 0 0 1 1 1 1 1 1 1]]
{'restarts': 15, 'conflicts': 4812, 'decisions': 9059, 'propagations': 2392562}
Q is identifiable
branch at 6
runtime for solving id of Q is 0.3740393668413162
Simulation results:
{'J': 50, 'K': 10, 'N': 10, 'p': 0.7, 'seed': 75, 'sim': 8, 'runtime': 0.3740393668413162, 'identifiable': 1, 'branch': 6}
9
Q: [[1 1 0 1 1 1 1 1 0 1]
 [1 1 1 1 1 1 1 0 0 1]
 [1 0 0 1 0 0 1 0 0 1]
 [0 1 1 0 1 0 1 1 0 1]
 [1 1 1 1 1 1 1 1 1 1]
 [1 1 0 1 1 1 1 1 1 0]
 [1 0 1 1 0 1 1 1 1 1]
 [0 0 0 0 0 1 1 0 0 1]
 [0 1 1 0 1 0 0 1 1 0]
 [1 1 1 0 0 1 1 0 1 0]
 [0 1 0 1 0 0 1 0 1 0]
 [1 1 1 0 0 1 0 1 1 1]
 [0 1 1 0 1 1 0 1 0 1]
 [1 1 1 1 1 0 1 0 1 1]
 [1 1 1 0 1 0 1 1 1 1]
 [0 1 1 0 0 1 1 1 0 0]
 [1 1 0 1 0 1 1 1 1 1]
 [0 1 1 1 1 1 1 1 0 1]
 [1 0 0 1 0 1 1 1 1 1]
 [0 0 1 1 1 1 0 1 1 1]
 [0 1 1 1 1 0 1 0 1 1]
 [1 0 0 1 1 0 1 0 1 1]
 [1 0 1 0 1 1 1 1 1 1]
 [0 1 1 1 1 1 1 1 1 1]
 [0 1 1 0 1 0 1 0 0 1]
 [1 1 1 0 1 1 0 0 1 1]
 [0 1 1 0 1 1 0 1 0 0]
 [1 1 1 1 0 1 1 0 0 1]
 [1 1 1 1 1 0 1 0 1 0]
 [1 1 0 0 1 1 0 1 1 0]
 [0 1 0 0 1 0 1 1 0 1]
 [1 1 1 0 1 1 0 1 1 1]
 [0 1 0 1 1 0 1 1 1 1]
 [1 0 1 1 0 1 1 0 1 0]
 [0 1 1 1 1 1 1 0 1 0]
 [1 0 1 0 1 1 1 0 0 1]
 [1 1 1 0 1 1 1 0 1 0]
 [0 1 1 1 1 1 1 1 0 1]
 [1 0 1 1 1 0 0 1 1 1]
 [0 1 1 1 0 1 1 1 1 1]
 [1 0 1 1 1 1 1 0 1 0]
 [1 0 1 1 0 1 1 0 1 0]
 [1 1 1 1 1 0 1 0 0 0]
 [1 0 0 1 1 0 0 0 0 0]
 [0 0 1 1 1 1 1 0 1 0]
 [1 1 1 1 0 1 0 1 1 1]
 [1 1 0 1 1 1 1 1 1 1]
 [0 0 1 1 1 0 1 1 1 1]
 [1 1 1 1 1 1 1 1 1 0]
 [0 0 0 0 1 1 1 0 0 1]]
{'restarts': 24, 'conflicts': 8829, 'decisions': 15186, 'propagations': 4040019}
Q is identifiable
branch at 6
runtime for solving id of Q is 0.5951222842559218
Simulation results:
{'J': 50, 'K': 10, 'N': 10, 'p': 0.7, 'seed': 75, 'sim': 9, 'runtime': 0.5951222842559218, 'identifiable': 1, 'branch': 6}
Simulation results:
[{'J': 50, 'K': 10, 'N': 10, 'p': 0.7, 'seed': 75, 'sim': 0, 'runtime': 3.2255837861448526, 'identifiable': 1, 'branch': 6}, {'J': 50, 'K': 10, 'N': 10, 'p': 0.7, 'seed': 75, 'sim': 1, 'runtime': 0.18559394404292107, 'identifiable': 0, 'branch': 5}, {'J': 50, 'K': 10, 'N': 10, 'p': 0.7, 'seed': 75, 'sim': 2, 'runtime': 0.2520707808434963, 'identifiable': 1, 'branch': 6}, {'J': 50, 'K': 10, 'N': 10, 'p': 0.7, 'seed': 75, 'sim': 3, 'runtime': 0.23118375893682241, 'identifiable': 1, 'branch': 6}, {'J': 50, 'K': 10, 'N': 10, 'p': 0.7, 'seed': 75, 'sim': 4, 'runtime': 0.7739799553528428, 'identifiable': 1, 'branch': 6}, {'J': 50, 'K': 10, 'N': 10, 'p': 0.7, 'seed': 75, 'sim': 5, 'runtime': 0.23739093448966742, 'identifiable': 1, 'branch': 6}, {'J': 50, 'K': 10, 'N': 10, 'p': 0.7, 'seed': 75, 'sim': 6, 'runtime': 0.6396619463339448, 'identifiable': 1, 'branch': 6}, {'J': 50, 'K': 10, 'N': 10, 'p': 0.7, 'seed': 75, 'sim': 7, 'runtime': 5.012907842174172, 'identifiable': 1, 'branch': 6}, {'J': 50, 'K': 10, 'N': 10, 'p': 0.7, 'seed': 75, 'sim': 8, 'runtime': 0.3740393668413162, 'identifiable': 1, 'branch': 6}, {'J': 50, 'K': 10, 'N': 10, 'p': 0.7, 'seed': 75, 'sim': 9, 'runtime': 0.5951222842559218, 'identifiable': 1, 'branch': 6}]
