
The Gurobi software has a limited number of licenses. To request a license or
licenses, add this line

    #SBATCH --licenses=gurobi@slurmdb:1

to your SBATCH script, replacing N with the number of licenses you need. Gurobi
will need one license per process.


0
Q: [[1 1 1 1 0 1 1 1 1 0]
 [0 1 1 1 1 0 1 1 1 0]
 [1 1 1 1 1 1 0 0 0 0]
 [1 1 1 1 1 0 1 1 1 1]
 [1 0 1 0 1 0 1 1 0 1]
 [1 1 0 1 0 0 0 1 0 1]
 [0 1 0 1 0 1 1 1 1 1]
 [0 1 1 1 1 1 0 1 0 1]
 [0 0 1 1 0 0 1 1 1 1]
 [1 0 1 1 1 1 0 1 0 1]
 [1 1 0 1 1 0 1 1 1 0]
 [0 1 1 1 1 1 1 1 1 1]
 [1 1 1 1 1 1 1 0 1 1]
 [1 0 1 0 1 1 0 1 1 1]
 [1 1 1 1 1 1 0 1 0 1]
 [1 1 1 1 1 0 1 0 0 1]
 [0 1 1 1 1 0 1 1 0 1]
 [1 1 1 0 1 0 1 0 1 1]
 [1 1 1 0 1 0 0 1 1 1]
 [1 1 1 1 1 1 1 0 1 1]
 [1 1 1 1 1 0 1 1 1 1]
 [0 1 1 1 1 0 1 0 0 1]
 [1 0 0 1 1 0 0 0 1 0]
 [1 1 1 0 1 1 1 1 0 0]
 [1 0 1 0 0 1 0 1 1 1]
 [1 0 0 0 0 1 0 1 1 0]
 [1 0 1 1 1 1 1 1 1 0]
 [1 1 0 1 1 0 1 1 1 0]
 [1 0 1 1 0 0 0 0 1 1]
 [1 1 1 1 1 0 1 1 1 1]
 [1 1 1 1 1 1 1 0 1 1]
 [1 0 1 1 1 0 0 1 1 1]
 [1 1 0 0 1 1 1 0 1 1]
 [1 0 1 1 1 1 0 1 1 1]
 [1 0 1 1 1 1 0 1 1 1]
 [0 0 1 0 1 0 1 0 0 1]
 [0 1 1 1 1 1 1 0 1 1]
 [1 0 0 1 0 1 0 0 1 1]
 [0 0 1 1 1 1 0 1 1 1]
 [0 1 1 1 1 1 0 1 1 0]
 [0 0 0 1 1 1 0 1 1 1]
 [1 0 0 1 0 0 1 1 0 0]
 [0 1 1 0 1 0 1 0 0 1]
 [1 0 0 0 1 1 1 1 0 1]
 [1 0 1 1 1 0 1 0 1 0]
 [1 0 1 0 0 1 1 1 0 1]
 [1 1 1 1 0 1 1 1 1 1]
 [1 0 1 1 1 0 0 0 1 0]
 [1 1 1 0 1 0 0 1 1 1]
 [1 1 1 0 0 1 1 1 1 1]
 [1 1 1 1 1 1 1 0 1 1]
 [1 1 0 0 1 0 1 1 1 1]
 [1 1 1 0 0 1 1 1 0 1]
 [0 1 1 0 0 1 0 0 1 1]
 [1 1 1 1 1 1 1 0 1 0]
 [1 1 0 1 0 1 1 0 1 1]
 [1 0 1 1 1 1 1 0 1 1]
 [1 1 0 1 1 1 0 0 1 1]
 [1 1 1 1 1 1 0 1 1 1]
 [1 0 1 0 1 1 1 1 1 0]
 [1 1 1 1 0 0 1 1 1 1]
 [1 1 0 0 1 0 1 0 0 1]
 [0 0 1 0 1 1 1 1 1 1]
 [0 1 1 1 1 1 0 1 0 1]
 [1 1 1 1 1 1 0 0 1 0]
 [1 1 0 1 1 1 1 1 1 1]
 [1 1 0 0 1 0 1 1 1 0]
 [0 1 1 1 0 0 0 1 1 1]
 [0 1 1 1 1 0 0 1 0 1]
 [1 1 1 0 0 1 1 1 1 1]
 [1 1 0 1 1 1 1 1 0 1]
 [1 1 1 1 1 1 1 1 0 0]
 [1 1 1 1 0 0 0 1 0 1]
 [0 1 1 0 1 1 0 1 1 0]
 [1 1 1 0 0 0 0 0 0 1]
 [1 1 1 1 1 1 1 1 1 1]
 [0 1 0 1 1 1 1 0 1 1]
 [1 1 1 1 1 0 0 1 1 0]
 [0 1 0 1 1 0 1 1 1 1]
 [1 0 1 1 1 1 0 1 1 0]
 [0 1 0 1 1 1 1 1 1 1]
 [1 1 0 0 1 1 1 1 1 1]
 [1 1 0 0 1 1 0 1 0 1]
 [1 1 1 0 1 1 1 0 0 1]
 [0 0 0 1 1 1 1 1 0 0]
 [1 1 0 1 0 1 1 1 1 0]
 [1 1 1 1 1 1 1 0 1 1]
 [1 0 1 1 1 1 1 1 1 1]
 [1 0 1 1 0 1 0 1 1 0]
 [1 1 1 1 0 1 0 1 1 1]
 [0 1 1 0 0 1 1 1 1 1]
 [1 1 0 0 0 1 0 1 1 0]
 [0 1 1 1 0 0 0 1 1 1]
 [0 0 1 1 1 1 1 1 1 1]
 [1 1 1 1 0 1 1 1 1 1]
 [1 1 1 1 1 0 1 1 1 1]
 [1 1 0 1 0 0 1 1 1 1]
 [1 0 1 1 1 0 1 0 1 1]
 [1 0 1 1 0 1 0 1 0 1]
 [1 1 1 1 1 0 1 1 1 1]]
{'restarts': 47, 'conflicts': 24562, 'decisions': 40908, 'propagations': 24546737}
Q is identifiable
branch at 6
runtime for solving id of Q is 3.9053392503410578
Simulation results:
{'J': 100, 'K': 10, 'N': 10, 'p': 0.7, 'seed': 265, 'sim': 0, 'runtime': 3.9053392503410578, 'identifiable': 1, 'branch': 6}
1
Q: [[1 1 1 1 0 1 1 1 1 1]
 [1 0 1 1 1 0 1 1 0 0]
 [1 1 0 1 1 0 0 1 1 1]
 [1 1 1 1 0 1 1 1 1 0]
 [1 0 1 1 1 1 1 0 0 1]
 [0 1 0 1 0 1 1 0 1 1]
 [1 0 1 0 1 1 0 1 0 0]
 [1 1 1 1 1 1 0 1 1 1]
 [1 0 1 1 1 1 1 1 1 0]
 [0 1 1 1 1 1 1 1 0 1]
 [1 0 1 1 0 0 1 0 1 1]
 [1 1 0 1 0 1 1 1 0 1]
 [1 1 1 1 1 0 1 1 1 0]
 [0 1 0 1 0 0 0 1 1 1]
 [1 1 0 1 0 0 1 1 1 1]
 [1 1 1 1 1 1 1 0 1 1]
 [1 0 1 1 1 1 1 1 1 1]
 [0 1 1 1 0 0 1 1 1 1]
 [1 0 1 0 1 1 1 0 1 0]
 [1 1 1 1 0 1 1 1 0 1]
 [1 0 1 1 1 1 1 1 1 1]
 [0 1 1 1 1 1 0 1 0 1]
 [0 1 1 1 1 1 0 1 1 1]
 [0 1 1 1 0 1 1 0 1 1]
 [1 0 1 1 1 1 0 0 1 1]
 [1 0 1 0 1 1 0 0 0 0]
 [1 1 1 0 1 1 0 1 1 0]
 [1 1 1 1 0 1 1 0 0 0]
 [1 1 1 0 1 0 1 1 0 1]
 [1 0 1 0 1 1 1 1 1 0]
 [1 0 0 1 1 1 1 1 1 1]
 [1 1 1 1 1 1 0 1 1 1]
 [1 1 0 1 1 1 0 1 1 0]
 [1 1 1 1 1 1 1 1 0 1]
 [0 0 1 1 1 1 1 0 0 0]
 [1 1 1 1 1 0 1 0 1 1]
 [0 0 0 0 1 1 1 1 1 1]
 [0 1 0 0 1 0 1 0 1 0]
 [1 0 1 0 1 1 0 1 0 0]
 [1 0 1 0 1 0 1 1 1 1]
 [0 1 1 1 1 0 0 1 1 1]
 [1 0 0 1 0 1 1 0 0 1]
 [0 1 1 1 0 1 1 1 0 1]
 [1 1 0 1 0 0 1 1 1 0]
 [0 1 0 1 1 0 1 0 1 1]
 [1 0 1 1 1 1 1 0 1 1]
 [0 1 0 1 1 1 1 1 0 0]
 [1 1 0 1 1 1 0 0 1 0]
 [1 0 1 1 0 1 1 1 1 1]
 [0 1 1 0 1 1 0 1 1 1]
 [1 1 1 1 1 0 1 1 0 0]
 [1 1 0 1 1 1 1 1 1 0]
 [0 0 1 1 1 1 1 1 0 0]
 [1 1 1 1 0 1 0 0 1 1]
 [1 1 0 1 1 1 1 1 1 1]
 [1 1 0 1 1 0 1 0 1 1]
 [1 1 0 0 1 1 0 0 1 0]
 [1 1 1 1 0 1 1 1 1 1]
 [1 1 0 1 0 1 0 1 1 1]
 [1 1 0 1 0 0 1 0 0 1]
 [0 0 1 1 0 1 1 1 0 1]
 [1 1 0 1 1 1 1 0 1 1]
 [0 1 1 1 1 1 1 1 1 0]
 [1 1 1 0 0 0 0 1 1 1]
 [1 0 0 1 0 1 0 0 1 1]
 [0 1 1 1 1 0 1 0 0 1]
 [1 0 1 1 1 1 0 1 1 0]
 [0 0 1 0 0 0 1 0 1 0]
 [1 1 1 1 0 1 1 0 0 0]
 [0 0 1 1 1 1 1 1 1 1]
 [1 1 1 1 1 1 0 1 0 1]
 [1 1 0 1 1 0 1 1 1 1]
 [1 0 0 0 1 1 1 1 1 1]
 [1 1 1 1 1 1 1 0 1 1]
 [1 1 1 1 1 1 1 1 1 1]
 [1 1 1 1 1 1 1 0 1 1]
 [1 0 1 0 0 0 0 1 1 1]
 [0 0 0 0 1 1 1 1 1 1]
 [0 1 1 1 0 0 1 1 0 1]
 [1 1 1 1 0 1 0 1 1 1]
 [1 1 1 1 1 1 0 1 0 1]
 [1 1 0 1 1 1 0 1 1 1]
 [1 1 1 0 1 1 0 0 1 1]
 [1 1 1 1 1 1 0 1 0 1]
 [1 0 0 1 1 0 0 1 0 1]
 [1 0 0 0 1 1 1 1 1 0]
 [0 1 0 0 0 1 0 0 0 1]
 [1 1 1 1 1 1 1 1 0 1]
 [1 0 1 1 1 1 1 1 1 1]
 [0 1 1 1 0 1 1 1 1 1]
 [1 1 1 1 1 1 1 1 1 0]
 [1 0 1 1 1 1 1 1 1 0]
 [1 1 1 0 1 1 1 0 1 1]
 [0 1 0 0 1 1 1 1 1 0]
 [1 0 0 1 1 0 1 1 1 0]
 [1 0 1 1 0 1 1 1 0 1]
 [1 1 1 1 1 0 1 1 1 0]
 [0 1 1 1 0 1 1 1 0 1]
 [1 1 1 0 1 1 1 0 1 0]
 [1 1 1 1 1 1 1 1 1 1]]
{'restarts': 22, 'conflicts': 7148, 'decisions': 12178, 'propagations': 6765519}
Q is identifiable
branch at 6
runtime for solving id of Q is 1.0038261292502284
Simulation results:
{'J': 100, 'K': 10, 'N': 10, 'p': 0.7, 'seed': 265, 'sim': 1, 'runtime': 1.0038261292502284, 'identifiable': 1, 'branch': 6}
2
Q: [[1 1 1 1 1 0 1 1 0 1]
 [1 1 1 1 1 1 1 0 0 1]
 [0 0 1 1 1 1 1 1 1 1]
 [1 1 0 1 1 1 1 1 0 0]
 [1 1 0 1 1 0 1 1 1 1]
 [1 0 1 1 1 1 1 1 1 1]
 [1 1 1 1 1 1 1 1 1 1]
 [1 0 1 1 1 1 1 1 1 1]
 [1 1 0 1 1 1 0 1 1 1]
 [1 1 1 1 1 1 0 0 0 1]
 [1 1 0 0 1 1 1 0 0 1]
 [0 0 1 0 0 0 0 1 1 1]
 [1 1 0 1 0 1 1 0 1 0]
 [1 1 1 1 1 0 1 1 1 1]
 [1 1 1 1 1 1 1 1 1 0]
 [1 1 0 1 1 1 1 1 1 0]
 [1 1 1 1 1 1 1 0 0 1]
 [1 1 1 0 1 1 0 1 0 0]
 [1 1 1 1 0 1 0 0 1 1]
 [1 1 1 0 1 0 1 0 0 1]
 [1 0 1 1 1 1 1 1 0 0]
 [1 1 1 1 1 1 1 0 0 1]
 [1 1 1 1 1 1 1 1 1 1]
 [0 1 1 0 1 1 1 1 1 1]
 [1 1 0 1 1 1 1 1 1 0]
 [0 1 0 1 1 1 1 1 1 0]
 [1 1 1 0 0 1 1 0 1 1]
 [1 0 1 1 1 0 1 1 0 1]
 [1 1 0 0 0 1 1 1 1 1]
 [1 1 0 1 1 0 0 0 1 1]
 [1 0 0 0 0 1 1 1 0 0]
 [1 1 1 1 1 1 1 1 0 1]
 [0 0 1 1 0 1 1 1 1 0]
 [1 1 0 1 0 0 0 0 1 1]
 [1 1 1 1 0 1 0 1 1 0]
 [1 1 1 1 1 1 1 1 1 0]
 [0 0 1 1 0 1 1 1 1 1]
 [1 0 1 0 1 1 1 1 1 1]
 [1 1 0 1 1 1 1 1 0 1]
 [1 1 1 0 1 1 0 0 1 1]
 [1 1 1 0 1 1 1 1 1 1]
 [0 1 1 1 0 1 1 1 0 1]
 [1 1 1 1 1 1 0 1 1 1]
 [1 1 0 0 0 1 1 0 1 1]
 [1 1 1 1 0 1 1 1 1 0]
 [0 1 1 1 1 1 1 0 0 1]
 [0 1 1 1 1 1 0 0 0 1]
 [1 0 0 0 1 1 1 0 0 1]
 [0 1 1 1 1 1 1 1 0 1]
 [1 1 1 1 1 1 1 0 0 1]
 [1 0 0 0 1 1 1 0 1 0]
 [1 0 1 1 1 1 1 1 0 1]
 [1 1 1 0 1 1 1 0 0 1]
 [0 1 1 0 1 0 0 1 1 0]
 [1 0 1 1 1 0 0 1 1 1]
 [1 1 1 1 1 1 0 0 1 1]
 [1 1 0 1 1 1 0 0 1 0]
 [0 1 1 1 1 0 1 1 1 0]
 [1 1 1 1 0 1 1 1 0 1]
 [0 1 0 0 0 1 1 0 1 1]
 [1 1 1 1 1 0 1 0 0 1]
 [1 1 1 1 0 1 0 1 0 1]
 [1 1 1 0 1 1 0 1 1 1]
 [0 1 0 1 0 0 1 1 1 1]
 [1 1 0 0 1 1 0 0 1 1]
 [1 0 1 1 0 1 1 1 0 1]
 [0 1 1 1 1 0 1 0 0 0]
 [1 1 1 1 0 1 1 1 1 1]
 [0 0 1 1 1 0 0 1 0 1]
 [1 1 1 0 1 1 0 0 1 1]
 [1 0 1 1 0 1 0 1 1 1]
 [1 1 1 1 1 0 1 0 1 0]
 [1 0 0 1 1 1 1 1 0 1]
 [0 1 1 1 1 1 0 1 1 1]
 [1 0 1 0 1 1 1 1 1 1]
 [0 0 1 1 1 1 1 0 1 0]
 [0 0 0 1 1 1 1 0 1 1]
 [0 0 1 0 1 0 1 1 0 1]
 [1 1 1 1 1 1 1 0 0 1]
 [1 0 0 1 1 0 0 1 1 1]
 [0 1 0 1 1 0 1 1 0 1]
 [1 1 0 1 1 1 1 1 1 0]
 [1 0 1 1 0 0 1 1 1 0]
 [1 1 1 1 1 0 1 1 1 1]
 [0 1 1 1 1 1 1 0 1 1]
 [0 1 1 1 0 1 1 1 1 1]
 [1 1 1 0 1 0 1 1 1 1]
 [0 0 1 0 0 1 0 1 0 0]
 [1 1 0 1 0 0 1 1 0 1]
 [1 0 1 1 0 1 1 1 0 1]
 [1 1 0 1 1 1 1 0 0 1]
 [1 1 1 1 0 1 1 0 0 0]
 [1 0 1 1 0 0 1 1 1 1]
 [1 1 1 1 1 1 1 1 1 1]
 [0 1 0 1 1 1 1 1 1 0]
 [1 0 1 0 1 0 1 1 1 1]
 [0 0 1 1 1 1 1 1 1 1]
 [0 1 1 1 1 1 0 0 1 1]
 [0 1 1 0 0 0 1 1 0 0]
 [0 1 1 0 1 0 1 1 0 1]]
{'restarts': 21, 'conflicts': 6999, 'decisions': 12103, 'propagations': 7260778}
Q is identifiable
branch at 6
runtime for solving id of Q is 1.143639280460775
Simulation results:
{'J': 100, 'K': 10, 'N': 10, 'p': 0.7, 'seed': 265, 'sim': 2, 'runtime': 1.143639280460775, 'identifiable': 1, 'branch': 6}
3
Q: [[1 1 0 1 1 1 0 0 1 0]
 [1 1 1 1 1 1 1 1 0 0]
 [0 0 0 1 1 1 1 0 0 1]
 [0 1 1 1 1 1 1 1 0 0]
 [1 0 0 1 1 1 1 1 1 1]
 [1 1 1 1 0 1 0 1 1 1]
 [1 1 0 1 1 0 1 1 1 1]
 [1 1 1 1 1 1 0 1 1 1]
 [1 1 1 0 1 1 1 0 1 1]
 [1 1 1 1 1 1 0 1 1 1]
 [1 1 1 1 1 0 1 1 1 1]
 [1 0 1 1 0 1 0 1 1 1]
 [1 1 1 1 1 0 1 1 1 0]
 [1 1 1 1 1 1 1 1 0 1]
 [1 0 1 1 1 1 0 1 1 1]
 [1 0 1 0 1 1 1 1 1 1]
 [1 1 1 0 0 0 1 0 0 1]
 [1 1 1 1 1 1 1 1 1 1]
 [1 0 1 0 1 1 1 1 1 0]
 [0 1 0 1 1 1 1 1 1 0]
 [1 1 1 1 1 1 0 1 1 1]
 [0 1 1 1 1 1 1 1 1 0]
 [1 1 0 0 1 1 1 0 1 0]
 [0 1 1 0 1 0 1 1 1 1]
 [1 1 0 1 1 1 1 1 1 1]
 [1 1 1 0 1 0 0 1 0 1]
 [1 1 1 1 0 0 1 1 1 1]
 [0 1 0 1 1 0 1 1 0 1]
 [0 0 1 0 1 0 1 0 0 1]
 [0 0 1 1 1 1 1 1 1 1]
 [0 1 0 1 1 1 1 1 1 1]
 [1 0 1 1 1 1 1 1 0 1]
 [0 0 1 1 1 1 1 0 1 0]
 [0 1 1 1 1 1 1 1 1 0]
 [1 0 1 0 1 1 0 1 1 1]
 [1 1 0 1 1 1 1 1 0 0]
 [1 1 0 0 1 1 0 0 1 0]
 [0 1 1 0 1 1 1 1 1 1]
 [1 1 1 1 0 1 1 0 1 0]
 [1 1 1 1 0 0 0 1 1 1]
 [1 1 0 1 1 1 1 1 1 1]
 [0 0 1 1 1 1 0 1 1 0]
 [0 1 1 1 1 1 1 1 1 1]
 [1 0 1 1 0 1 0 0 1 1]
 [0 1 0 1 0 1 0 1 1 1]
 [1 0 0 0 0 0 0 0 1 1]
 [1 0 1 1 1 0 0 1 0 1]
 [1 1 0 0 1 0 1 0 0 1]
 [1 1 1 1 1 1 1 1 1 1]
 [1 1 1 0 0 1 1 0 1 0]
 [0 1 1 0 1 1 1 0 1 1]
 [0 0 1 0 1 0 1 1 0 1]
 [1 1 0 1 1 0 1 1 0 1]
 [1 0 1 1 1 0 1 0 1 0]
 [0 0 1 1 1 0 1 1 0 0]
 [1 0 0 1 1 1 1 0 1 1]
 [1 1 1 1 0 1 0 1 0 1]
 [1 1 0 1 0 1 0 1 0 1]
 [0 1 1 0 0 1 1 1 1 1]
 [1 0 1 0 1 0 0 1 1 1]
 [0 0 0 1 1 1 1 1 0 0]
 [1 0 1 1 1 0 1 1 1 0]
 [1 1 0 1 1 1 1 0 0 1]
 [0 1 1 0 1 1 0 1 0 1]
 [1 1 1 1 1 0 1 1 1 1]
 [1 0 1 0 1 1 1 1 1 1]
 [1 1 1 1 1 1 0 1 1 0]
 [1 1 0 1 0 1 0 1 1 1]
 [0 0 0 1 0 0 1 0 1 1]
 [1 1 1 1 1 1 1 0 1 1]
 [0 1 0 1 1 1 0 1 1 0]
 [1 0 1 0 1 0 1 1 1 1]
 [1 1 1 1 1 0 1 0 1 1]
 [0 0 1 1 1 1 1 1 0 0]
 [1 1 1 1 0 1 1 0 0 1]
 [1 0 1 1 1 0 0 0 1 1]
 [0 1 0 1 0 1 1 1 1 0]
 [0 1 0 1 1 1 1 1 0 1]
 [1 1 1 1 0 1 0 1 1 1]
 [1 0 1 1 1 1 0 1 0 1]
 [0 1 1 0 1 1 0 1 1 0]
 [1 0 1 0 1 0 0 1 1 1]
 [1 1 0 1 0 1 1 1 1 1]
 [1 1 1 1 1 1 1 1 1 1]
 [0 1 1 0 1 0 1 1 1 1]
 [1 1 1 1 1 1 0 1 1 1]
 [1 0 1 1 0 1 1 1 1 1]
 [1 0 0 1 1 1 1 0 0 1]
 [0 1 0 1 0 1 1 1 1 1]
 [1 1 1 1 1 1 1 1 1 0]
 [0 1 0 1 1 0 0 1 1 0]
 [0 1 1 0 0 1 1 1 0 1]
 [1 0 1 1 0 0 1 1 1 1]
 [1 1 1 1 1 1 1 1 0 1]
 [0 1 1 1 1 1 0 0 0 1]
 [1 0 0 0 1 0 0 1 1 1]
 [0 0 1 1 0 1 1 0 0 0]
 [0 1 0 1 0 1 1 1 0 1]
 [0 1 0 1 0 0 1 1 1 0]
 [1 1 0 0 0 1 1 0 0 1]]
{'restarts': 7, 'conflicts': 2142, 'decisions': 5139, 'propagations': 2281144}
Q is identifiable
branch at 6
runtime for solving id of Q is 0.4963837619870901
Simulation results:
{'J': 100, 'K': 10, 'N': 10, 'p': 0.7, 'seed': 265, 'sim': 3, 'runtime': 0.4963837619870901, 'identifiable': 1, 'branch': 6}
4
Q: [[1 1 0 0 0 1 1 1 1 1]
 [1 1 1 1 0 1 0 1 1 0]
 [0 1 0 1 1 0 1 1 0 1]
 [1 1 1 1 1 1 1 0 1 1]
 [0 1 1 0 0 1 1 0 1 1]
 [0 0 1 1 1 1 1 1 0 1]
 [1 1 0 0 1 0 1 1 0 0]
 [1 1 0 0 1 1 1 1 0 1]
 [1 1 1 1 1 1 1 0 1 1]
 [1 1 1 1 1 1 1 1 0 1]
 [0 1 1 1 0 0 1 1 1 1]
 [1 0 0 1 1 1 1 1 1 1]
 [1 1 0 1 0 0 0 1 1 0]
 [1 0 0 1 0 0 0 1 1 1]
 [0 1 1 0 0 0 1 1 0 0]
 [1 0 1 1 0 1 1 0 1 1]
 [1 1 1 1 1 0 1 1 0 1]
 [0 0 1 1 0 0 1 0 0 1]
 [1 1 1 1 0 1 1 1 1 0]
 [1 0 1 1 1 0 1 1 0 1]
 [0 1 1 0 1 1 1 1 1 1]
 [1 1 0 1 1 1 0 1 1 0]
 [0 1 1 0 1 0 1 1 0 1]
 [0 1 1 0 1 1 1 1 1 1]
 [1 1 0 1 1 1 0 1 1 1]
 [0 1 1 0 0 1 1 0 1 1]
 [1 1 1 0 0 1 0 1 1 1]
 [1 1 1 1 1 0 1 1 0 1]
 [0 1 0 1 1 1 1 0 1 1]
 [1 1 1 0 1 1 1 1 1 1]
 [1 0 0 1 1 0 0 1 1 1]
 [1 1 1 0 1 0 1 1 1 1]
 [1 0 1 0 1 1 1 1 1 1]
 [1 1 0 1 0 0 1 1 1 0]
 [1 0 1 0 1 1 0 1 1 1]
 [1 1 1 0 1 0 1 1 1 1]
 [1 1 0 1 1 0 1 1 1 1]
 [1 0 1 1 1 1 0 1 0 1]
 [1 1 0 1 1 1 1 1 0 1]
 [1 0 1 1 1 0 0 1 0 1]
 [1 1 1 1 0 1 1 1 1 0]
 [1 1 1 0 1 1 0 1 1 0]
 [1 1 1 1 1 1 0 1 1 0]
 [0 1 1 1 1 1 1 1 1 0]
 [0 1 1 1 1 1 1 0 1 1]
 [0 1 1 1 0 1 1 1 1 0]
 [1 1 1 1 0 1 0 0 1 1]
 [0 1 0 1 0 0 1 0 0 1]
 [1 1 1 1 1 1 1 0 1 1]
 [1 1 0 1 0 1 1 1 0 1]
 [0 1 1 1 1 0 0 0 1 1]
 [1 1 0 1 1 1 0 0 0 1]
 [0 1 1 1 0 0 0 1 0 1]
 [1 1 0 1 0 1 1 0 1 1]
 [1 1 0 1 1 0 1 1 1 1]
 [0 1 0 1 0 0 0 1 1 1]
 [1 0 1 0 0 0 1 1 0 0]
 [1 1 1 1 1 1 1 1 0 0]
 [1 0 1 1 0 1 0 1 1 1]
 [1 1 1 1 0 1 0 1 1 1]
 [1 0 1 1 1 1 1 1 1 1]
 [1 1 1 1 1 0 1 0 1 0]
 [1 1 0 1 1 1 1 1 1 0]
 [1 1 1 1 1 0 0 0 1 0]
 [1 0 1 1 1 1 0 1 0 0]
 [1 1 1 0 1 0 0 1 1 0]
 [0 1 1 1 0 1 0 1 1 1]
 [1 1 1 1 1 1 0 1 1 0]
 [1 1 1 0 1 1 0 0 0 0]
 [1 0 1 1 1 1 0 1 1 0]
 [1 0 0 1 1 0 0 1 1 0]
 [1 1 1 1 0 1 0 1 1 1]
 [0 1 1 0 1 1 1 1 1 1]
 [1 1 0 1 0 1 0 0 1 1]
 [0 1 1 1 1 1 1 1 1 0]
 [1 1 1 1 1 1 1 1 1 1]
 [1 1 1 1 1 1 0 1 1 1]
 [1 0 1 1 1 1 1 0 1 1]
 [1 1 1 1 1 1 1 1 1 0]
 [0 1 0 0 0 1 0 0 1 1]
 [1 0 0 1 1 1 1 0 1 0]
 [1 0 0 1 0 1 1 0 1 1]
 [1 0 1 1 1 1 1 1 1 1]
 [1 1 1 1 1 1 1 0 1 1]
 [1 1 1 1 1 0 1 0 1 0]
 [0 0 1 0 1 1 1 0 1 1]
 [1 0 1 1 1 1 0 0 1 1]
 [0 1 1 1 1 0 1 1 1 1]
 [0 1 1 1 0 1 1 1 1 1]
 [1 0 1 1 1 1 0 1 1 1]
 [1 1 1 1 1 0 1 1 1 1]
 [1 0 1 1 1 1 1 1 1 1]
 [1 0 1 1 1 1 0 0 1 1]
 [1 1 1 1 1 1 1 0 1 1]
 [1 0 1 1 1 1 1 1 1 1]
 [1 1 0 1 1 1 0 0 0 1]
 [1 0 1 1 1 1 1 1 0 0]
 [0 1 1 0 0 1 1 0 0 1]
 [1 1 1 1 1 1 1 1 1 1]
 [0 1 0 1 1 1 0 1 1 1]]
{'restarts': 26, 'conflicts': 12474, 'decisions': 19944, 'propagations': 10461063}
Q is identifiable
branch at 6
runtime for solving id of Q is 1.6066624000668526
Simulation results:
{'J': 100, 'K': 10, 'N': 10, 'p': 0.7, 'seed': 265, 'sim': 4, 'runtime': 1.6066624000668526, 'identifiable': 1, 'branch': 6}
5
Q: [[1 1 1 1 0 1 1 0 1 1]
 [1 1 1 1 1 1 0 0 0 1]
 [1 1 1 1 1 0 0 1 1 0]
 [0 1 0 1 1 1 1 1 1 1]
 [1 1 1 0 1 1 1 1 1 1]
 [1 1 1 0 1 0 1 1 1 0]
 [0 0 1 1 1 1 1 1 1 1]
 [0 1 1 1 0 1 1 0 0 0]
 [0 1 1 1 1 1 1 1 1 1]
 [0 1 1 0 1 1 1 1 0 0]
 [1 1 1 0 1 0 1 1 0 0]
 [0 1 0 1 0 0 0 1 0 1]
 [1 0 0 0 1 1 1 0 1 0]
 [1 0 1 1 1 0 1 1 1 1]
 [0 0 1 0 1 1 1 0 1 1]
 [0 1 1 1 0 0 1 0 1 1]
 [1 1 0 1 1 1 0 0 1 1]
 [1 0 0 0 1 1 1 0 0 1]
 [1 1 1 0 1 1 1 0 1 1]
 [1 1 1 1 1 0 1 0 1 1]
 [1 1 0 1 0 0 1 0 0 1]
 [0 1 0 1 1 1 0 1 1 1]
 [0 1 1 1 1 1 0 1 1 1]
 [1 0 0 0 1 0 1 1 1 1]
 [0 0 1 1 1 1 1 1 0 1]
 [1 1 0 0 0 0 0 1 1 1]
 [1 0 1 1 1 0 1 1 0 1]
 [1 1 1 0 1 1 1 1 1 1]
 [0 1 0 1 0 1 1 1 1 1]
 [1 0 1 1 0 1 0 0 1 1]
 [0 0 0 1 1 0 1 1 0 1]
 [1 1 1 1 0 1 0 1 1 1]
 [0 1 0 0 1 0 0 1 1 1]
 [1 1 0 1 1 1 0 1 1 0]
 [1 1 0 1 1 1 1 0 0 1]
 [1 1 1 1 1 0 1 1 1 1]
 [1 0 0 1 1 0 1 0 0 1]
 [1 1 0 1 1 1 1 0 1 1]
 [1 0 1 1 1 0 0 1 1 1]
 [1 1 1 1 0 1 1 1 1 1]
 [1 1 0 0 1 0 0 1 0 1]
 [0 1 1 0 1 0 1 1 0 1]
 [1 1 1 1 0 1 0 1 1 1]
 [1 1 1 1 1 1 1 1 1 0]
 [1 1 1 0 1 1 1 1 0 1]
 [1 1 1 1 1 1 1 1 1 1]
 [1 1 1 1 0 0 0 1 1 0]
 [1 1 1 0 0 1 0 1 1 1]
 [0 0 1 0 1 1 1 0 0 0]
 [1 0 0 0 0 1 0 1 1 0]
 [0 1 1 1 1 0 0 1 1 1]
 [1 1 1 1 0 1 1 1 1 1]
 [1 0 1 1 0 0 1 0 1 1]
 [1 1 0 1 1 1 1 1 0 1]
 [1 1 1 1 0 0 0 1 1 1]
 [0 0 0 1 1 1 1 1 0 0]
 [1 0 1 1 1 1 1 1 0 1]
 [1 0 0 1 0 1 0 1 1 0]
 [1 0 0 0 1 0 0 1 0 1]
 [0 1 1 1 0 1 0 0 1 1]
 [1 1 1 0 1 1 0 1 1 1]
 [1 1 1 0 0 1 1 1 1 1]
 [1 1 1 1 0 1 1 1 1 0]
 [1 1 0 0 1 1 1 1 1 1]
 [1 0 0 1 0 0 1 0 1 1]
 [1 1 1 1 0 0 1 0 1 1]
 [0 0 0 1 0 1 1 0 0 0]
 [1 1 1 0 1 1 1 1 0 1]
 [1 0 1 1 1 1 1 1 0 0]
 [1 0 0 1 1 0 0 0 0 1]
 [1 1 1 0 1 1 0 1 0 1]
 [1 1 0 1 1 0 0 1 0 1]
 [1 1 1 1 1 1 0 1 0 0]
 [1 1 0 1 1 1 1 0 1 0]
 [1 1 1 1 1 0 1 1 1 1]
 [1 1 1 1 0 1 0 1 1 1]
 [0 1 1 0 1 1 1 1 1 0]
 [1 1 1 1 1 1 1 1 1 1]
 [0 1 1 1 1 1 1 1 1 0]
 [1 0 1 0 1 1 1 1 0 1]
 [1 1 1 0 1 1 1 1 1 1]
 [0 1 0 1 1 1 0 0 1 0]
 [1 0 1 1 1 1 1 1 0 1]
 [0 1 1 1 1 1 0 0 1 1]
 [1 0 0 1 1 1 0 0 1 1]
 [1 0 1 0 1 1 1 0 1 0]
 [1 0 1 0 1 1 1 1 1 1]
 [1 0 1 0 0 1 1 1 1 1]
 [0 1 0 1 1 1 1 1 0 1]
 [1 1 1 1 0 1 0 0 0 1]
 [1 1 0 0 0 1 1 1 1 1]
 [0 1 1 0 0 1 1 1 1 1]
 [1 1 1 0 1 1 0 1 1 1]
 [1 1 1 1 1 1 1 1 1 0]
 [0 1 1 1 1 1 1 1 0 1]
 [1 1 1 1 1 1 1 1 0 1]
 [1 1 1 1 0 1 1 1 0 1]
 [1 0 1 0 0 0 1 1 1 1]
 [1 1 1 1 1 1 1 1 1 0]
 [1 1 0 1 1 1 1 0 1 1]]
{'restarts': 7, 'conflicts': 1522, 'decisions': 3551, 'propagations': 1406442}
Q is identifiable
branch at 6
runtime for solving id of Q is 0.44889293517917395
Simulation results:
{'J': 100, 'K': 10, 'N': 10, 'p': 0.7, 'seed': 265, 'sim': 5, 'runtime': 0.44889293517917395, 'identifiable': 1, 'branch': 6}
6
Q: [[1 1 1 1 1 1 1 1 0 0]
 [1 0 0 1 1 1 1 0 1 1]
 [1 0 1 0 1 0 1 0 0 1]
 [1 1 0 1 0 1 1 0 1 1]
 [1 1 1 1 1 0 1 1 1 1]
 [1 1 1 1 0 0 1 0 1 0]
 [0 1 1 0 1 0 0 1 0 1]
 [0 1 1 0 1 1 1 1 1 0]
 [1 1 0 1 1 1 0 0 0 1]
 [1 1 0 1 0 1 1 0 1 0]
 [1 0 1 0 1 1 1 0 1 1]
 [1 1 1 0 1 0 1 1 1 1]
 [1 1 1 0 0 0 1 0 0 0]
 [1 0 0 1 1 1 1 1 1 1]
 [1 1 0 1 1 1 1 1 1 1]
 [1 1 0 1 0 1 1 0 1 0]
 [1 0 1 0 1 1 1 0 1 1]
 [1 1 1 0 0 1 0 1 1 1]
 [0 1 1 1 0 1 0 1 1 1]
 [1 1 1 1 1 1 0 0 1 1]
 [0 1 1 0 0 1 1 0 0 1]
 [1 1 1 1 0 1 1 0 0 1]
 [1 1 1 1 1 1 0 0 1 0]
 [1 1 0 0 1 1 0 1 1 1]
 [1 1 1 1 0 1 0 1 1 1]
 [0 1 1 1 0 1 1 1 1 1]
 [0 1 0 0 0 0 1 0 0 1]
 [1 1 1 1 1 1 1 1 1 1]
 [1 1 1 1 1 1 1 1 0 1]
 [1 0 1 1 1 1 0 1 0 0]
 [1 0 1 0 1 0 1 1 1 1]
 [1 1 0 0 1 0 0 1 0 1]
 [1 0 0 1 1 1 0 1 1 0]
 [1 0 1 1 1 0 1 1 1 1]
 [1 1 1 1 1 1 1 0 1 1]
 [1 1 1 1 1 0 1 1 1 0]
 [1 1 0 1 1 1 1 0 0 1]
 [0 0 0 1 1 1 0 1 1 1]
 [1 1 0 1 1 1 1 1 1 1]
 [1 1 1 1 1 1 1 0 0 1]
 [1 1 1 0 1 1 1 1 0 1]
 [1 0 0 1 1 0 1 1 1 1]
 [1 0 1 1 0 1 1 1 1 1]
 [1 1 1 1 1 1 1 0 0 0]
 [1 1 0 1 0 1 1 0 1 1]
 [1 1 1 0 1 1 0 1 1 0]
 [0 1 1 1 0 1 1 0 0 1]
 [0 0 1 0 1 1 0 1 0 0]
 [1 0 1 0 1 1 1 1 1 1]
 [0 0 1 1 1 1 0 1 1 1]
 [0 1 0 0 1 1 1 1 1 1]
 [1 1 1 1 1 1 1 1 0 0]
 [0 1 1 1 1 1 1 1 1 1]
 [0 1 1 0 0 0 1 1 1 1]
 [1 1 1 0 0 1 0 0 1 1]
 [1 1 1 1 0 1 1 0 1 1]
 [0 1 0 1 1 1 1 0 1 1]
 [1 1 1 1 1 1 1 0 1 1]
 [1 1 1 1 1 1 1 1 1 0]
 [1 0 1 1 1 1 1 1 1 0]
 [0 0 1 1 1 1 0 1 0 1]
 [1 1 1 1 1 1 1 1 1 1]
 [1 1 1 1 1 1 0 1 1 1]
 [1 0 0 1 1 1 1 0 1 1]
 [1 0 1 1 1 1 1 0 1 1]
 [1 0 1 0 0 1 1 1 1 1]
 [1 1 1 1 1 1 1 1 1 0]
 [1 1 0 1 1 1 1 1 1 1]
 [1 1 1 1 1 0 0 1 0 0]
 [1 1 1 1 1 1 1 1 1 1]
 [1 1 0 1 1 0 0 0 0 1]
 [0 1 1 1 1 0 1 0 1 0]
 [1 1 1 0 1 1 1 1 0 0]
 [1 0 0 1 1 1 1 1 0 0]
 [1 1 0 0 0 1 1 0 1 1]
 [1 1 1 1 1 1 0 1 0 1]
 [0 1 1 1 1 1 1 1 1 1]
 [1 1 1 0 1 1 0 1 1 1]
 [1 1 1 1 0 0 1 1 1 1]
 [1 0 0 0 1 1 1 1 0 0]
 [1 1 0 1 0 0 1 1 1 1]
 [1 1 1 1 1 1 1 1 0 1]
 [0 1 1 1 1 0 1 1 1 1]
 [1 1 1 0 0 1 0 0 1 1]
 [1 1 1 0 1 1 0 1 0 1]
 [1 0 0 0 1 0 0 1 1 1]
 [0 1 0 0 0 1 1 1 0 0]
 [1 1 1 1 1 1 1 1 1 1]
 [0 1 1 1 1 1 1 1 1 1]
 [0 1 1 1 1 1 1 0 0 0]
 [0 1 1 1 1 0 1 1 1 1]
 [1 1 0 1 1 1 1 1 1 1]
 [1 0 1 0 1 1 1 0 1 1]
 [1 1 1 1 0 1 0 1 1 1]
 [0 1 1 1 1 1 1 1 0 0]
 [1 0 0 1 1 1 1 0 0 1]
 [0 1 1 1 0 1 1 1 1 0]
 [1 1 1 0 1 1 1 1 0 0]
 [1 1 0 0 0 1 0 1 1 1]
 [1 1 1 0 1 1 1 0 1 0]]
{'restarts': 33, 'conflicts': 10890, 'decisions': 19085, 'propagations': 8703431}
Q is identifiable
branch at 6
runtime for solving id of Q is 1.2717262860387564
Simulation results:
{'J': 100, 'K': 10, 'N': 10, 'p': 0.7, 'seed': 265, 'sim': 6, 'runtime': 1.2717262860387564, 'identifiable': 1, 'branch': 6}
7
Q: [[1 0 0 0 1 0 1 1 1 0]
 [1 1 1 1 1 1 1 0 0 1]
 [1 1 1 0 1 1 1 1 1 1]
 [0 0 1 0 1 0 1 1 1 0]
 [1 1 0 1 0 1 0 0 1 0]
 [1 0 1 0 1 1 1 1 1 1]
 [1 0 1 1 1 0 0 1 1 1]
 [0 1 1 0 1 1 0 1 1 0]
 [0 1 1 1 0 0 1 1 1 1]
 [0 1 0 1 0 0 0 0 1 1]
 [1 1 1 0 1 0 0 1 0 0]
 [1 0 1 1 1 0 0 0 1 0]
 [1 1 1 1 0 1 0 1 0 0]
 [1 1 1 1 0 0 1 1 0 1]
 [0 1 1 1 0 1 1 0 1 1]
 [1 1 1 1 1 0 1 1 0 0]
 [1 1 0 1 1 0 1 1 1 1]
 [1 1 1 0 1 1 0 1 1 1]
 [1 1 0 0 1 1 1 0 1 1]
 [1 0 1 1 1 1 0 0 0 1]
 [0 0 1 1 1 1 0 1 0 1]
 [1 0 1 1 0 1 1 0 1 1]
 [1 1 1 1 1 1 1 1 1 1]
 [1 1 0 1 0 1 1 0 1 1]
 [1 0 1 0 0 1 0 1 0 1]
 [1 0 1 1 1 0 1 1 1 1]
 [1 1 0 1 1 0 0 1 1 1]
 [1 1 0 1 1 0 1 1 1 0]
 [0 1 0 1 1 1 1 1 1 1]
 [1 1 1 0 1 1 0 1 1 1]
 [1 0 0 0 0 1 0 1 1 1]
 [0 1 0 1 1 0 1 1 1 1]
 [1 0 0 0 1 1 1 1 0 1]
 [1 1 0 1 1 1 1 0 1 0]
 [0 1 1 1 0 1 0 1 0 0]
 [0 0 1 1 1 1 1 1 1 1]
 [1 1 1 1 1 1 0 0 1 1]
 [1 1 1 1 1 1 1 0 1 1]
 [0 1 0 1 0 0 1 1 1 0]
 [1 1 1 1 1 0 1 1 0 1]
 [0 1 1 1 0 1 0 1 1 1]
 [0 1 1 1 1 1 1 1 1 1]
 [0 1 1 0 1 1 0 1 1 0]
 [0 0 0 1 1 0 1 1 1 1]
 [0 0 1 1 1 1 1 1 1 0]
 [1 1 1 1 0 1 1 1 1 1]
 [1 0 1 1 1 0 0 1 1 1]
 [1 1 1 0 1 1 1 0 1 1]
 [1 1 0 1 0 1 0 1 1 1]
 [0 1 0 0 1 1 1 1 1 0]
 [1 1 1 0 1 0 0 0 1 1]
 [1 0 1 0 0 1 1 0 1 1]
 [1 1 0 0 0 1 0 1 1 1]
 [1 1 1 0 0 0 1 1 1 1]
 [1 0 0 1 1 1 1 0 1 1]
 [1 1 1 1 1 1 1 1 1 0]
 [1 0 0 0 0 0 1 0 1 1]
 [1 1 0 1 1 1 1 1 1 0]
 [1 1 1 0 1 0 0 1 1 1]
 [1 1 1 1 1 1 1 1 1 1]
 [1 0 1 0 0 1 1 1 1 1]
 [1 1 1 1 0 0 0 1 0 0]
 [1 1 1 1 0 1 1 1 1 1]
 [1 1 1 1 1 1 0 1 1 1]
 [0 1 0 1 0 1 1 1 0 1]
 [0 0 0 1 1 0 0 1 1 0]
 [0 1 1 1 1 1 1 0 1 1]
 [1 1 1 0 1 1 1 1 1 1]
 [1 1 1 0 0 0 0 1 1 1]
 [1 0 1 1 1 1 1 0 1 1]
 [1 0 1 1 1 1 1 1 1 1]
 [1 1 0 1 0 1 1 1 1 0]
 [1 1 1 1 0 1 0 1 1 1]
 [0 1 0 1 1 1 1 0 1 1]
 [0 1 1 0 1 1 1 1 1 0]
 [0 0 1 1 1 0 1 0 1 0]
 [0 0 1 1 0 1 0 1 1 1]
 [1 1 1 1 1 1 1 0 0 0]
 [1 1 0 1 0 1 1 1 1 0]
 [1 1 1 1 1 0 1 1 1 1]
 [0 1 1 0 1 1 0 1 1 0]
 [1 1 1 0 0 0 1 1 0 1]
 [1 1 1 0 1 1 1 1 1 0]
 [1 0 0 0 1 0 1 1 1 1]
 [1 1 1 0 1 0 0 1 1 1]
 [1 1 0 1 1 0 1 0 1 1]
 [1 1 1 1 1 1 1 1 1 1]
 [0 1 1 0 0 1 1 1 0 1]
 [0 1 0 0 0 0 1 1 0 1]
 [0 1 0 1 0 0 0 0 1 1]
 [1 0 0 1 1 1 1 1 1 1]
 [1 1 1 0 0 1 1 1 1 1]
 [1 0 1 0 1 1 0 1 1 1]
 [0 1 1 1 1 1 1 0 0 1]
 [1 1 0 1 1 1 0 0 0 1]
 [1 1 1 0 1 1 1 1 1 1]
 [0 0 0 1 0 1 1 1 1 1]
 [1 0 0 1 1 1 1 1 0 1]
 [1 1 1 0 1 1 0 1 1 1]
 [1 0 0 0 0 1 1 1 1 1]]
{'restarts': 36, 'conflicts': 13288, 'decisions': 22943, 'propagations': 14032835}
Q is identifiable
branch at 6
runtime for solving id of Q is 2.0627049459144473
Simulation results:
{'J': 100, 'K': 10, 'N': 10, 'p': 0.7, 'seed': 265, 'sim': 7, 'runtime': 2.0627049459144473, 'identifiable': 1, 'branch': 6}
8
Q: [[1 0 1 0 1 1 1 1 1 1]
 [0 0 0 1 1 0 1 1 1 1]
 [1 1 1 0 1 1 0 1 1 1]
 [1 1 1 1 1 1 0 0 1 1]
 [1 1 1 1 0 0 0 1 0 0]
 [1 1 0 1 0 0 1 0 1 1]
 [0 1 1 1 1 1 1 1 1 1]
 [0 1 1 1 0 1 1 1 0 1]
 [1 1 0 1 1 1 1 0 0 1]
 [1 0 1 1 1 1 1 1 0 1]
 [1 0 1 1 0 1 0 0 1 1]
 [1 1 1 1 1 0 1 0 1 1]
 [1 1 0 1 1 1 1 1 1 0]
 [0 1 1 1 1 1 1 0 1 0]
 [1 0 1 1 0 1 0 0 1 1]
 [0 1 1 0 0 1 1 1 1 1]
 [0 0 1 1 1 1 1 0 1 1]
 [1 0 1 1 1 1 1 1 1 1]
 [1 1 1 0 0 0 1 0 1 0]
 [1 1 1 1 1 1 0 1 1 0]
 [0 1 1 0 1 1 1 1 1 0]
 [0 1 1 0 1 1 1 1 1 1]
 [1 1 0 1 0 1 0 0 1 1]
 [1 1 1 1 1 0 1 1 0 0]
 [1 1 1 1 1 0 1 1 0 1]
 [1 1 0 0 1 1 1 0 1 1]
 [0 1 0 1 0 1 1 1 1 0]
 [0 1 0 1 1 1 1 1 0 1]
 [1 0 0 1 1 1 1 1 1 0]
 [0 0 1 0 0 0 0 1 1 0]
 [1 1 1 1 1 0 1 1 0 1]
 [1 0 1 0 1 0 1 1 0 1]
 [0 0 1 1 1 1 0 1 0 1]
 [1 1 1 0 0 1 1 1 1 1]
 [1 1 1 1 1 1 1 0 1 1]
 [1 1 1 0 0 1 1 1 1 1]
 [1 1 0 1 1 1 1 1 1 1]
 [1 1 1 1 0 1 0 1 0 1]
 [1 1 1 0 1 0 1 1 1 1]
 [1 0 0 1 0 1 1 1 1 1]
 [1 1 0 0 1 0 1 1 0 0]
 [1 0 0 1 0 1 1 1 1 1]
 [1 1 1 1 1 1 1 0 1 1]
 [0 1 1 0 1 1 0 1 0 1]
 [1 1 1 1 0 1 1 1 0 1]
 [1 1 0 1 1 0 1 1 1 1]
 [0 1 1 0 0 1 1 0 1 1]
 [1 1 1 0 1 0 1 1 0 1]
 [0 1 1 1 1 0 1 0 0 0]
 [0 1 1 0 1 0 1 1 1 1]
 [0 1 1 1 1 1 1 1 1 1]
 [0 1 0 1 1 1 1 0 0 1]
 [1 0 1 1 0 0 1 0 1 1]
 [0 1 0 1 0 1 0 1 1 1]
 [1 1 1 1 1 1 1 1 1 1]
 [1 1 1 1 0 0 1 1 1 0]
 [1 1 1 0 1 1 1 1 1 0]
 [1 1 0 1 1 1 1 1 1 1]
 [0 0 0 1 1 1 0 0 1 1]
 [1 1 0 1 0 1 1 1 1 1]
 [0 1 1 1 0 1 1 0 1 1]
 [1 0 1 1 1 0 1 1 1 1]
 [1 0 1 0 0 1 1 1 1 1]
 [1 1 0 1 1 1 0 1 0 1]
 [1 1 1 1 1 1 1 1 1 1]
 [1 1 1 0 1 1 1 1 1 1]
 [1 1 1 1 1 0 1 0 0 1]
 [0 1 1 1 1 1 1 1 1 0]
 [1 0 1 1 1 0 0 1 0 1]
 [0 1 1 1 0 0 1 0 0 0]
 [1 1 1 1 1 1 1 1 1 0]
 [1 0 0 1 1 1 1 0 1 1]
 [1 1 1 1 1 1 1 1 0 1]
 [1 0 0 0 1 1 1 1 0 1]
 [1 1 1 1 1 0 1 1 0 1]
 [0 1 1 1 1 0 1 0 0 1]
 [0 1 0 1 1 1 1 0 1 0]
 [0 1 1 0 1 0 1 1 1 1]
 [0 1 0 1 1 1 0 1 1 1]
 [0 0 1 1 0 1 1 0 0 1]
 [1 0 0 1 0 0 0 1 0 1]
 [0 1 1 0 0 1 1 1 0 1]
 [0 1 1 1 1 1 1 1 1 1]
 [1 1 0 1 1 1 1 1 1 1]
 [1 1 1 1 1 1 0 1 0 1]
 [1 1 1 0 1 1 0 1 0 0]
 [1 0 0 1 1 1 1 1 1 1]
 [1 1 1 1 0 1 1 1 0 1]
 [1 1 1 1 1 0 1 1 1 0]
 [1 0 1 1 0 1 1 1 1 1]
 [1 1 1 1 1 0 1 1 1 1]
 [1 1 1 1 1 0 1 1 1 0]
 [1 0 1 0 0 0 1 0 0 1]
 [1 0 0 1 1 0 1 0 0 0]
 [0 1 0 0 1 1 1 0 1 1]
 [1 1 0 0 0 0 0 0 1 1]
 [1 1 1 1 1 1 0 1 1 1]
 [0 1 0 1 1 1 0 1 1 1]
 [0 1 1 1 0 1 0 1 1 0]
 [1 0 0 1 1 1 1 1 1 0]]
{'restarts': 24, 'conflicts': 9212, 'decisions': 16197, 'propagations': 8852320}
Q is identifiable
branch at 6
runtime for solving id of Q is 1.3756709434092045
Simulation results:
{'J': 100, 'K': 10, 'N': 10, 'p': 0.7, 'seed': 265, 'sim': 8, 'runtime': 1.3756709434092045, 'identifiable': 1, 'branch': 6}
9
Q: [[1 1 1 1 1 1 1 0 1 1]
 [1 1 1 1 1 1 1 0 1 1]
 [1 1 0 1 1 1 1 1 0 0]
 [1 0 0 1 1 1 0 1 1 1]
 [1 1 1 1 1 1 1 0 1 1]
 [0 1 1 1 1 1 0 0 1 1]
 [1 1 1 0 1 0 1 1 1 0]
 [1 1 1 1 1 1 1 1 1 1]
 [0 0 1 0 0 0 1 1 1 1]
 [0 1 1 0 1 1 1 1 0 1]
 [0 1 1 1 1 1 1 1 1 0]
 [1 0 1 1 1 0 1 1 0 1]
 [1 0 1 1 1 0 1 1 0 1]
 [1 0 1 1 1 1 0 1 1 0]
 [0 1 1 1 0 1 1 1 1 1]
 [1 0 1 1 1 1 1 0 0 1]
 [1 1 1 1 0 1 0 1 1 1]
 [1 1 1 0 1 1 0 1 1 0]
 [1 0 1 1 0 1 1 0 0 1]
 [1 1 1 0 0 1 1 1 1 1]
 [1 1 0 0 1 1 1 1 1 1]
 [0 0 1 1 1 1 1 0 0 1]
 [0 1 1 0 0 1 1 1 1 0]
 [1 1 1 0 1 0 1 1 1 1]
 [1 1 1 0 0 0 1 1 1 0]
 [0 1 1 1 1 1 1 0 1 0]
 [1 1 1 1 1 1 1 1 1 1]
 [1 0 1 1 1 1 1 1 1 0]
 [1 1 1 1 1 0 0 1 1 0]
 [1 1 1 1 1 0 0 1 0 1]
 [0 1 1 0 1 1 0 1 0 0]
 [1 1 1 0 0 1 1 1 0 1]
 [0 1 1 1 1 0 1 1 1 1]
 [1 1 1 1 0 1 0 1 0 1]
 [0 0 0 1 1 1 1 1 1 0]
 [0 0 1 0 1 0 1 1 1 1]
 [1 1 0 1 1 1 1 1 0 0]
 [1 1 0 1 0 0 1 1 1 1]
 [1 1 1 0 1 1 1 1 0 1]
 [1 0 1 1 1 1 1 1 1 0]
 [1 1 1 1 1 1 1 1 0 1]
 [1 1 0 1 1 0 1 1 1 0]
 [1 0 0 0 1 1 1 1 1 1]
 [1 1 0 1 1 0 1 0 1 0]
 [1 1 0 1 1 0 1 1 1 0]
 [0 0 1 1 1 1 0 1 1 1]
 [1 1 1 0 1 1 1 0 0 1]
 [1 0 0 1 1 1 0 0 1 1]
 [1 0 1 1 1 1 1 1 1 0]
 [0 1 1 0 1 1 0 1 0 1]
 [0 1 0 1 1 1 1 1 0 1]
 [1 1 1 1 0 1 1 1 1 1]
 [0 0 0 1 0 1 1 0 0 1]
 [1 1 0 0 1 0 1 1 1 1]
 [0 1 1 1 1 1 0 1 1 0]
 [1 1 0 1 1 1 1 1 1 0]
 [1 0 1 1 1 1 1 1 1 0]
 [1 1 0 1 1 1 1 1 1 0]
 [1 1 1 0 1 0 1 1 1 0]
 [1 1 0 1 1 1 0 1 1 1]
 [1 1 1 1 1 0 1 1 1 0]
 [1 1 1 1 0 1 1 1 1 0]
 [1 1 1 0 1 1 0 1 1 1]
 [1 1 1 1 0 1 1 0 1 1]
 [1 0 0 1 1 1 1 1 0 1]
 [0 0 1 1 1 0 0 0 1 1]
 [1 1 0 1 0 0 0 1 0 1]
 [0 1 1 1 1 1 1 1 0 1]
 [1 1 1 1 1 1 1 0 1 1]
 [1 0 1 0 0 0 1 1 1 0]
 [1 0 0 1 1 0 1 0 1 1]
 [0 0 0 1 1 1 1 1 1 1]
 [0 0 1 1 1 0 1 0 1 0]
 [1 1 1 1 1 1 1 0 1 0]
 [1 1 0 1 1 1 0 1 1 1]
 [1 0 0 1 1 1 1 1 1 1]
 [1 0 1 1 1 0 1 1 1 1]
 [0 1 1 1 0 1 1 1 1 1]
 [0 1 1 1 0 1 0 0 0 0]
 [1 1 0 0 0 1 1 1 0 1]
 [1 0 1 0 1 0 1 0 1 0]
 [0 0 1 0 1 1 1 0 0 1]
 [1 0 1 1 1 1 0 1 1 0]
 [0 0 0 1 1 0 1 1 0 0]
 [1 1 0 1 1 1 1 1 1 0]
 [1 1 0 0 0 1 0 1 1 1]
 [1 1 0 1 1 1 1 1 1 1]
 [1 0 1 1 1 0 1 1 1 1]
 [1 1 1 0 1 1 1 1 1 1]
 [1 1 1 1 0 1 1 1 0 1]
 [1 1 1 1 1 1 1 1 1 1]
 [0 1 1 1 1 1 0 1 1 1]
 [0 1 1 0 1 1 1 1 1 1]
 [0 1 1 1 1 0 1 1 1 0]
 [1 1 0 0 1 1 1 1 1 1]
 [1 1 1 1 1 1 1 0 1 1]
 [1 1 0 1 0 0 1 1 0 1]
 [1 1 0 1 0 1 0 0 0 1]
 [0 1 0 1 0 1 1 1 0 1]
 [1 0 1 1 0 1 1 1 1 0]]
{'restarts': 10, 'conflicts': 3304, 'decisions': 7256, 'propagations': 2556408}
Q is identifiable
branch at 6
runtime for solving id of Q is 0.5123449889943004
Simulation results:
{'J': 100, 'K': 10, 'N': 10, 'p': 0.7, 'seed': 265, 'sim': 9, 'runtime': 0.5123449889943004, 'identifiable': 1, 'branch': 6}
Simulation results:
[{'J': 100, 'K': 10, 'N': 10, 'p': 0.7, 'seed': 265, 'sim': 0, 'runtime': 3.9053392503410578, 'identifiable': 1, 'branch': 6}, {'J': 100, 'K': 10, 'N': 10, 'p': 0.7, 'seed': 265, 'sim': 1, 'runtime': 1.0038261292502284, 'identifiable': 1, 'branch': 6}, {'J': 100, 'K': 10, 'N': 10, 'p': 0.7, 'seed': 265, 'sim': 2, 'runtime': 1.143639280460775, 'identifiable': 1, 'branch': 6}, {'J': 100, 'K': 10, 'N': 10, 'p': 0.7, 'seed': 265, 'sim': 3, 'runtime': 0.4963837619870901, 'identifiable': 1, 'branch': 6}, {'J': 100, 'K': 10, 'N': 10, 'p': 0.7, 'seed': 265, 'sim': 4, 'runtime': 1.6066624000668526, 'identifiable': 1, 'branch': 6}, {'J': 100, 'K': 10, 'N': 10, 'p': 0.7, 'seed': 265, 'sim': 5, 'runtime': 0.44889293517917395, 'identifiable': 1, 'branch': 6}, {'J': 100, 'K': 10, 'N': 10, 'p': 0.7, 'seed': 265, 'sim': 6, 'runtime': 1.2717262860387564, 'identifiable': 1, 'branch': 6}, {'J': 100, 'K': 10, 'N': 10, 'p': 0.7, 'seed': 265, 'sim': 7, 'runtime': 2.0627049459144473, 'identifiable': 1, 'branch': 6}, {'J': 100, 'K': 10, 'N': 10, 'p': 0.7, 'seed': 265, 'sim': 8, 'runtime': 1.3756709434092045, 'identifiable': 1, 'branch': 6}, {'J': 100, 'K': 10, 'N': 10, 'p': 0.7, 'seed': 265, 'sim': 9, 'runtime': 0.5123449889943004, 'identifiable': 1, 'branch': 6}]
