
The Gurobi software has a limited number of licenses. To request a license or
licenses, add this line

    #SBATCH --licenses=gurobi@slurmdb:1

to your SBATCH script, replacing N with the number of licenses you need. Gurobi
will need one license per process.


0
Q: [[1 1 1 1 1]
 [1 1 1 0 1]
 [0 1 1 1 1]
 [1 1 0 1 1]
 [1 1 1 1 1]
 [1 1 1 1 1]
 [1 1 1 1 1]
 [1 1 1 1 1]
 [1 0 0 1 1]
 [1 1 0 1 0]
 [0 1 1 1 1]
 [1 1 1 1 1]
 [1 1 1 1 1]
 [1 1 1 1 1]
 [1 1 1 1 1]
 [1 1 1 1 1]
 [1 1 1 1 1]
 [1 1 1 1 1]
 [1 1 1 1 1]
 [1 1 1 1 1]
 [1 1 1 1 1]
 [1 1 1 1 1]
 [0 1 1 1 1]
 [1 1 1 1 1]
 [1 0 1 1 1]
 [1 1 1 1 1]
 [1 1 1 1 1]
 [1 1 1 1 1]
 [1 1 1 1 0]
 [1 1 1 1 1]
 [1 1 1 1 0]
 [1 1 1 1 1]
 [1 1 1 1 1]
 [1 1 1 1 1]
 [1 1 1 1 1]
 [1 1 1 1 1]
 [1 1 1 1 1]
 [1 0 1 1 1]
 [1 1 1 1 1]
 [1 1 1 1 1]
 [1 1 1 1 1]
 [1 1 0 1 1]
 [1 1 0 1 1]
 [1 1 1 1 1]
 [0 1 0 1 1]
 [1 1 0 1 1]
 [1 1 1 1 1]
 [1 1 1 1 1]
 [0 1 1 1 1]
 [1 1 1 1 1]
 [1 1 1 1 1]
 [1 1 1 1 1]
 [1 1 1 1 1]
 [1 1 1 1 1]
 [1 0 0 1 1]
 [1 1 1 1 0]
 [1 1 1 1 1]
 [1 1 1 1 0]
 [1 1 1 1 1]
 [1 1 1 1 1]
 [1 1 1 1 1]
 [1 1 1 0 1]
 [1 1 1 1 1]
 [1 1 1 1 1]
 [1 1 1 1 1]
 [1 1 1 1 1]
 [1 1 1 1 1]
 [1 1 1 1 1]
 [1 1 0 1 1]
 [1 1 0 0 1]
 [1 1 1 1 1]
 [1 1 1 1 1]
 [1 0 1 1 1]
 [1 1 1 1 1]
 [0 1 1 1 1]
 [0 1 1 1 1]
 [1 1 1 1 1]
 [1 1 1 1 1]
 [1 1 1 1 1]
 [1 1 1 1 0]
 [0 1 0 1 1]
 [1 1 1 1 0]
 [1 1 1 1 1]
 [0 1 1 1 1]
 [1 1 1 1 1]
 [1 0 1 1 1]
 [0 0 1 1 1]
 [1 0 1 1 1]
 [1 1 1 0 0]
 [1 1 1 1 1]
 [1 0 1 1 1]
 [1 0 1 0 1]
 [1 1 1 1 1]
 [1 1 0 1 1]
 [1 1 1 1 1]
 [1 1 1 1 1]
 [1 1 1 1 1]
 [0 1 1 1 1]
 [0 1 1 1 1]
 [1 0 1 1 1]]
{'restarts': 1, 'conflicts': 52, 'decisions': 113, 'propagations': 2221}
Q is not identifiable, and Q_bar is [[0 1 1 1 1]
 [1 1 0 1 0]
 [0 0 1 1 1]
 [0 1 1 0 1]
 [0 1 1 1 1]
 [0 1 1 1 1]
 [0 1 1 1 1]
 [0 1 1 1 1]
 [0 1 0 0 1]
 [1 0 1 0 0]
 [0 0 1 1 1]
 [0 1 1 1 1]
 [0 1 1 1 1]
 [0 1 1 1 1]
 [0 1 1 1 1]
 [0 1 1 1 1]
 [0 1 1 1 1]
 [0 1 1 1 1]
 [0 1 1 1 1]
 [0 1 1 1 1]
 [0 1 1 1 1]
 [0 1 1 1 1]
 [0 0 1 1 1]
 [0 1 1 1 1]
 [0 1 0 1 1]
 [0 1 1 1 1]
 [0 1 1 1 1]
 [0 1 1 1 1]
 [1 0 1 1 0]
 [0 1 1 1 1]
 [1 0 1 1 0]
 [0 1 1 1 1]
 [0 1 1 1 1]
 [0 1 1 1 1]
 [0 1 1 1 1]
 [0 1 1 1 1]
 [0 1 1 1 1]
 [0 1 0 1 1]
 [0 1 1 1 1]
 [0 1 1 1 1]
 [0 1 1 1 1]
 [0 1 1 0 1]
 [0 1 1 0 1]
 [0 1 1 1 1]
 [0 0 1 0 1]
 [0 1 1 0 1]
 [0 1 1 1 1]
 [0 1 1 1 1]
 [0 0 1 1 1]
 [0 1 1 1 1]
 [0 1 1 1 1]
 [0 1 1 1 1]
 [0 1 1 1 1]
 [0 1 1 1 1]
 [0 1 0 0 1]
 [1 0 1 1 0]
 [0 1 1 1 1]
 [1 0 1 1 0]
 [0 1 1 1 1]
 [0 1 1 1 1]
 [0 1 1 1 1]
 [1 1 0 1 0]
 [0 1 1 1 1]
 [0 1 1 1 1]
 [0 1 1 1 1]
 [0 1 1 1 1]
 [0 1 1 1 1]
 [0 1 1 1 1]
 [0 1 1 0 1]
 [1 1 0 0 0]
 [0 1 1 1 1]
 [0 1 1 1 1]
 [0 1 0 1 1]
 [0 1 1 1 1]
 [0 0 1 1 1]
 [0 0 1 1 1]
 [0 1 1 1 1]
 [0 1 1 1 1]
 [0 1 1 1 1]
 [1 0 1 1 0]
 [0 0 1 0 1]
 [1 0 1 1 0]
 [0 1 1 1 1]
 [0 0 1 1 1]
 [0 1 1 1 1]
 [0 1 0 1 1]
 [0 0 0 1 1]
 [0 1 0 1 1]
 [1 0 0 1 0]
 [0 1 1 1 1]
 [0 1 0 1 1]
 [0 1 0 1 0]
 [0 1 1 1 1]
 [0 1 1 0 1]
 [0 1 1 1 1]
 [0 1 1 1 1]
 [0 1 1 1 1]
 [0 0 1 1 1]
 [0 0 1 1 1]
 [0 1 0 1 1]]
branch at 5
runtime for solving id of Q is 0.004730534739792347
Simulation results:
{'J': 100, 'K': 5, 'N': 10, 'p': 0.9, 'seed': 94, 'sim': 0, 'runtime': 0.004730534739792347, 'identifiable': 0, 'branch': 5}
1
Q: [[1 1 1 1 1]
 [1 1 1 1 1]
 [1 1 0 1 1]
 [1 1 1 1 1]
 [0 1 1 1 1]
 [1 1 1 0 1]
 [1 1 1 1 1]
 [1 1 1 1 1]
 [1 1 1 1 1]
 [0 1 1 1 0]
 [1 1 1 1 1]
 [1 1 1 1 1]
 [1 0 1 1 1]
 [1 1 0 1 1]
 [1 1 1 1 1]
 [1 0 0 1 1]
 [1 1 1 1 1]
 [1 1 1 1 1]
 [1 1 1 1 1]
 [1 1 1 1 1]
 [1 1 1 1 1]
 [1 1 0 1 1]
 [1 1 1 0 1]
 [1 1 1 1 1]
 [1 1 1 1 0]
 [1 1 1 1 1]
 [1 1 1 1 1]
 [1 1 1 0 1]
 [1 1 1 1 1]
 [1 1 1 0 1]
 [1 1 1 1 1]
 [1 0 1 1 1]
 [1 1 1 1 1]
 [1 1 1 1 1]
 [1 1 1 1 1]
 [1 1 1 1 1]
 [1 1 1 1 1]
 [0 1 0 1 1]
 [0 0 1 1 1]
 [1 1 1 1 0]
 [1 1 1 1 1]
 [1 1 1 1 1]
 [1 1 1 1 1]
 [0 1 1 1 1]
 [1 1 1 1 1]
 [1 1 1 1 0]
 [1 1 1 1 1]
 [1 1 0 1 1]
 [1 1 1 0 1]
 [0 1 1 1 1]
 [1 1 1 1 1]
 [1 1 1 1 0]
 [1 1 1 1 1]
 [1 1 1 1 1]
 [1 1 1 1 1]
 [0 1 1 1 1]
 [1 1 1 1 1]
 [1 1 1 0 1]
 [1 1 1 1 1]
 [1 1 1 1 1]
 [1 1 1 1 1]
 [1 1 1 0 1]
 [1 1 1 1 1]
 [0 1 1 0 1]
 [1 1 1 1 1]
 [1 1 1 1 1]
 [0 1 1 1 1]
 [0 1 1 1 1]
 [1 1 1 0 1]
 [1 1 1 1 1]
 [1 0 1 1 1]
 [1 1 0 1 1]
 [0 1 1 1 1]
 [1 1 1 1 1]
 [1 1 1 1 0]
 [1 1 1 1 1]
 [1 1 1 1 1]
 [1 1 1 1 1]
 [1 1 1 0 0]
 [1 1 1 0 0]
 [1 1 1 1 1]
 [1 1 1 1 1]
 [1 1 0 1 1]
 [1 1 1 1 1]
 [1 1 1 0 1]
 [1 1 1 1 1]
 [1 1 0 1 1]
 [1 1 1 1 0]
 [1 1 1 1 1]
 [1 1 1 1 1]
 [1 1 1 1 0]
 [0 1 1 1 1]
 [1 1 1 1 1]
 [0 1 1 1 1]
 [1 1 1 0 1]
 [1 1 1 1 1]
 [1 1 1 1 1]
 [1 0 1 0 1]
 [1 1 0 1 1]
 [1 1 1 1 1]]
{'restarts': 1, 'conflicts': 21, 'decisions': 97, 'propagations': 892}
Q is not identifiable, and Q_bar is [[1 0 1 1 1]
 [1 0 1 1 1]
 [1 0 1 0 1]
 [1 0 1 1 1]
 [0 0 1 1 1]
 [1 1 0 1 0]
 [1 0 1 1 1]
 [1 0 1 1 1]
 [1 0 1 1 1]
 [0 1 1 0 0]
 [1 0 1 1 1]
 [1 0 1 1 1]
 [1 0 0 1 1]
 [1 0 1 0 1]
 [1 0 1 1 1]
 [1 0 0 0 1]
 [1 0 1 1 1]
 [1 0 1 1 1]
 [1 0 1 1 1]
 [1 0 1 1 1]
 [1 0 1 1 1]
 [1 0 1 0 1]
 [1 1 0 1 0]
 [1 0 1 1 1]
 [1 1 1 0 0]
 [1 0 1 1 1]
 [1 0 1 1 1]
 [1 1 0 1 0]
 [1 0 1 1 1]
 [1 1 0 1 0]
 [1 0 1 1 1]
 [1 0 0 1 1]
 [1 0 1 1 1]
 [1 0 1 1 1]
 [1 0 1 1 1]
 [1 0 1 1 1]
 [1 0 1 1 1]
 [0 0 1 0 1]
 [0 0 0 1 1]
 [1 1 1 0 0]
 [1 0 1 1 1]
 [1 0 1 1 1]
 [1 0 1 1 1]
 [0 0 1 1 1]
 [1 0 1 1 1]
 [1 1 1 0 0]
 [1 0 1 1 1]
 [1 0 1 0 1]
 [1 1 0 1 0]
 [0 0 1 1 1]
 [1 0 1 1 1]
 [1 1 1 0 0]
 [1 0 1 1 1]
 [1 0 1 1 1]
 [1 0 1 1 1]
 [0 0 1 1 1]
 [1 0 1 1 1]
 [1 1 0 1 0]
 [1 0 1 1 1]
 [1 0 1 1 1]
 [1 0 1 1 1]
 [1 1 0 1 0]
 [1 0 1 1 1]
 [0 1 0 1 0]
 [1 0 1 1 1]
 [1 0 1 1 1]
 [0 0 1 1 1]
 [0 0 1 1 1]
 [1 1 0 1 0]
 [1 0 1 1 1]
 [1 0 0 1 1]
 [1 0 1 0 1]
 [0 0 1 1 1]
 [1 0 1 1 1]
 [1 1 1 0 0]
 [1 0 1 1 1]
 [1 0 1 1 1]
 [1 0 1 1 1]
 [1 1 0 0 0]
 [1 1 0 0 0]
 [1 0 1 1 1]
 [1 0 1 1 1]
 [1 0 1 0 1]
 [1 0 1 1 1]
 [1 1 0 1 0]
 [1 0 1 1 1]
 [1 0 1 0 1]
 [1 1 1 0 0]
 [1 0 1 1 1]
 [1 0 1 1 1]
 [1 1 1 0 0]
 [0 0 1 1 1]
 [1 0 1 1 1]
 [0 0 1 1 1]
 [1 1 0 1 0]
 [1 0 1 1 1]
 [1 0 1 1 1]
 [1 0 0 1 0]
 [1 0 1 0 1]
 [1 0 1 1 1]]
branch at 5
runtime for solving id of Q is 0.0035994360223412514
Simulation results:
{'J': 100, 'K': 5, 'N': 10, 'p': 0.9, 'seed': 94, 'sim': 1, 'runtime': 0.0035994360223412514, 'identifiable': 0, 'branch': 5}
2
Q: [[0 1 1 1 1]
 [1 1 1 1 1]
 [1 0 1 1 1]
 [1 1 1 1 1]
 [1 1 1 1 1]
 [1 1 1 1 1]
 [0 1 1 1 1]
 [1 1 1 1 1]
 [1 1 0 0 1]
 [1 1 1 1 1]
 [1 1 1 1 1]
 [1 0 1 1 1]
 [1 1 1 1 1]
 [1 1 1 1 1]
 [0 1 1 1 1]
 [1 1 1 1 1]
 [1 1 1 1 0]
 [1 1 1 1 1]
 [1 1 0 0 1]
 [1 1 0 1 1]
 [1 1 1 1 1]
 [1 1 1 1 1]
 [1 0 1 1 0]
 [1 1 1 1 1]
 [1 1 1 1 1]
 [1 1 0 1 1]
 [0 0 1 1 1]
 [0 1 1 1 1]
 [1 1 1 1 1]
 [1 1 1 1 1]
 [0 1 1 1 1]
 [1 1 1 1 1]
 [1 1 1 1 1]
 [1 0 1 1 1]
 [1 1 1 1 1]
 [1 1 1 1 0]
 [1 0 1 1 1]
 [1 1 1 1 1]
 [1 1 1 1 1]
 [1 1 1 1 1]
 [1 1 0 1 0]
 [1 1 1 1 1]
 [1 1 1 1 1]
 [1 1 1 0 1]
 [1 1 1 1 1]
 [1 1 1 0 0]
 [1 1 1 1 0]
 [1 1 1 1 1]
 [1 0 1 1 1]
 [1 1 1 1 1]
 [1 1 1 0 1]
 [1 1 1 1 1]
 [0 1 1 0 1]
 [1 1 1 1 1]
 [1 1 1 1 1]
 [1 1 1 1 1]
 [1 1 0 1 1]
 [1 1 1 1 1]
 [1 1 1 1 1]
 [1 1 1 1 1]
 [1 1 1 1 0]
 [1 1 1 1 1]
 [1 1 1 0 1]
 [1 1 1 1 1]
 [1 0 1 1 1]
 [1 1 1 1 1]
 [1 1 1 1 1]
 [1 1 1 1 1]
 [1 1 1 1 1]
 [1 1 1 1 1]
 [1 1 1 1 0]
 [1 1 0 1 1]
 [1 0 1 0 1]
 [1 1 0 1 1]
 [1 1 1 1 1]
 [1 1 1 1 1]
 [1 1 1 0 1]
 [1 1 1 1 1]
 [1 1 1 1 1]
 [1 0 0 1 1]
 [1 1 1 1 1]
 [0 1 1 1 1]
 [1 1 1 0 0]
 [1 1 1 1 0]
 [0 1 1 1 1]
 [1 1 0 1 0]
 [0 1 1 1 1]
 [1 1 1 1 1]
 [0 1 1 1 1]
 [1 1 1 1 0]
 [1 1 1 1 1]
 [0 1 1 1 1]
 [1 0 0 1 1]
 [1 1 1 1 1]
 [0 1 1 1 1]
 [1 1 1 1 1]
 [1 1 1 0 1]
 [0 1 1 1 1]
 [1 0 1 1 1]
 [1 1 1 1 1]]
{'restarts': 1, 'conflicts': 54, 'decisions': 102, 'propagations': 2092}
Q is identifiable
branch at 6
runtime for solving id of Q is 0.00360750500112772
Simulation results:
{'J': 100, 'K': 5, 'N': 10, 'p': 0.9, 'seed': 94, 'sim': 2, 'runtime': 0.00360750500112772, 'identifiable': 1, 'branch': 6}
3
Q: [[1 1 1 1 1]
 [1 1 1 1 1]
 [1 1 1 1 1]
 [0 1 1 1 0]
 [1 1 1 1 1]
 [1 1 1 1 1]
 [1 1 1 0 1]
 [1 1 1 0 1]
 [1 1 1 1 1]
 [1 1 1 1 1]
 [1 1 1 1 1]
 [1 1 1 1 0]
 [1 1 1 0 1]
 [1 0 1 0 1]
 [1 1 1 1 1]
 [1 0 1 1 1]
 [1 1 1 1 1]
 [1 1 1 1 1]
 [1 1 0 1 1]
 [0 1 1 1 1]
 [1 0 1 1 1]
 [1 1 1 1 1]
 [1 1 1 1 1]
 [1 1 1 1 1]
 [1 1 1 1 1]
 [1 0 1 1 1]
 [1 1 1 1 1]
 [1 0 1 1 1]
 [1 1 1 1 1]
 [1 1 1 1 1]
 [1 1 1 1 0]
 [1 1 1 1 1]
 [1 1 1 1 1]
 [1 1 1 1 1]
 [1 1 0 1 1]
 [1 1 1 1 1]
 [1 1 0 1 1]
 [1 0 1 1 0]
 [1 1 1 1 1]
 [1 1 1 1 1]
 [0 1 0 1 1]
 [1 1 1 1 1]
 [1 1 0 1 1]
 [1 1 1 1 1]
 [1 1 1 1 1]
 [1 1 0 1 1]
 [1 1 1 0 1]
 [1 1 1 1 1]
 [1 1 1 1 1]
 [1 1 0 1 1]
 [1 1 0 1 1]
 [1 1 1 1 1]
 [0 1 1 1 1]
 [0 0 1 1 1]
 [0 1 1 0 0]
 [1 1 1 1 1]
 [1 1 1 1 1]
 [1 1 1 1 1]
 [1 1 1 1 1]
 [1 1 1 1 1]
 [1 1 1 1 0]
 [1 1 1 1 1]
 [1 1 1 1 1]
 [1 1 1 1 1]
 [1 1 1 1 1]
 [1 0 1 1 1]
 [1 1 1 1 1]
 [1 1 1 1 1]
 [1 1 1 1 1]
 [1 1 1 1 1]
 [1 1 1 1 1]
 [1 0 1 1 1]
 [1 1 0 1 1]
 [0 1 1 1 1]
 [1 1 1 1 1]
 [1 1 1 1 1]
 [1 1 1 1 1]
 [1 1 1 1 1]
 [1 1 1 1 1]
 [1 1 1 1 1]
 [1 1 1 0 1]
 [1 0 0 1 1]
 [1 1 1 1 1]
 [1 1 1 1 1]
 [1 1 1 1 1]
 [1 1 1 0 1]
 [1 1 1 1 1]
 [1 1 1 1 1]
 [1 1 1 1 1]
 [1 1 1 0 1]
 [1 1 1 1 1]
 [1 1 1 1 1]
 [1 1 1 1 1]
 [1 0 0 1 1]
 [1 1 1 1 1]
 [1 1 0 1 1]
 [0 1 1 1 1]
 [1 1 0 1 1]
 [1 0 1 1 1]
 [1 1 1 1 1]]
{'restarts': 1, 'conflicts': 31, 'decisions': 69, 'propagations': 1049}
Q is identifiable
branch at 6
runtime for solving id of Q is 0.002676404081285
Simulation results:
{'J': 100, 'K': 5, 'N': 10, 'p': 0.9, 'seed': 94, 'sim': 3, 'runtime': 0.002676404081285, 'identifiable': 1, 'branch': 6}
4
Q: [[1 1 1 1 1]
 [1 1 1 1 1]
 [1 1 1 1 1]
 [1 1 1 1 1]
 [1 1 1 1 1]
 [1 1 1 1 1]
 [1 1 1 1 1]
 [1 1 1 1 1]
 [1 1 1 1 1]
 [1 1 1 1 1]
 [0 0 1 1 1]
 [1 1 1 1 1]
 [1 1 1 1 1]
 [1 1 1 0 1]
 [1 1 0 1 0]
 [1 1 1 1 0]
 [1 1 1 1 1]
 [1 1 1 1 1]
 [1 1 0 1 1]
 [1 1 1 1 1]
 [1 1 1 1 1]
 [0 1 1 1 0]
 [1 0 1 1 0]
 [1 1 1 1 1]
 [0 1 1 1 0]
 [1 1 1 1 1]
 [1 1 1 1 1]
 [1 1 1 1 1]
 [1 1 1 1 1]
 [1 1 0 1 1]
 [1 1 1 1 1]
 [1 1 1 0 1]
 [1 1 1 1 1]
 [1 1 0 1 1]
 [1 1 1 1 0]
 [1 1 0 1 1]
 [1 1 1 1 1]
 [1 1 1 1 1]
 [1 1 1 1 1]
 [1 1 0 1 1]
 [1 1 1 1 1]
 [1 1 1 0 1]
 [0 1 1 1 1]
 [1 1 1 1 1]
 [1 1 0 1 1]
 [1 1 1 1 1]
 [0 1 1 1 1]
 [0 1 1 0 1]
 [1 1 1 1 1]
 [1 1 1 1 1]
 [1 1 1 1 1]
 [1 1 1 0 1]
 [1 0 1 1 1]
 [1 1 1 1 1]
 [1 1 1 1 1]
 [1 1 1 1 1]
 [1 1 1 1 1]
 [1 1 1 1 1]
 [0 1 1 1 1]
 [1 1 1 1 1]
 [1 1 1 1 1]
 [1 1 1 1 1]
 [0 1 1 1 1]
 [1 1 1 1 1]
 [1 1 1 1 1]
 [1 1 1 1 1]
 [1 1 1 1 0]
 [1 1 1 1 1]
 [1 1 1 1 1]
 [1 1 1 1 1]
 [0 1 1 1 1]
 [1 0 1 1 1]
 [1 1 1 1 1]
 [0 1 1 1 1]
 [1 1 1 1 1]
 [1 1 1 1 1]
 [0 1 1 1 1]
 [1 1 1 1 1]
 [1 1 1 1 1]
 [1 1 1 1 1]
 [1 1 1 1 1]
 [1 1 1 1 1]
 [1 1 1 1 1]
 [0 1 1 0 1]
 [1 1 1 1 1]
 [1 1 1 1 1]
 [1 1 1 1 1]
 [1 1 1 1 1]
 [1 1 1 1 1]
 [1 1 1 1 1]
 [1 1 1 1 1]
 [1 1 1 0 1]
 [1 1 1 1 0]
 [1 1 1 1 1]
 [1 1 1 1 1]
 [1 1 1 1 1]
 [1 1 1 1 1]
 [1 1 0 1 1]
 [1 1 1 1 1]
 [1 1 0 1 1]]
Q is not identifiable (three-column submatrix not identifiable).
Q is not identifiable, and Q_bar is [[1 1 1 1 1]
 [1 1 1 1 1]
 [1 1 1 1 1]
 [1 1 1 1 1]
 [1 1 1 1 1]
 [1 1 1 1 1]
 [1 1 1 1 1]
 [1 1 1 1 1]
 [1 1 1 1 1]
 [1 1 1 1 1]
 [0 1 0 0 1]
 [1 1 1 1 1]
 [1 1 1 1 1]
 [1 1 1 0 1]
 [1 1 0 1 0]
 [1 1 1 1 0]
 [1 1 1 1 1]
 [1 1 1 1 1]
 [1 1 0 1 1]
 [1 1 1 1 1]
 [1 1 1 1 1]
 [0 1 1 1 0]
 [1 0 1 1 0]
 [1 1 1 1 1]
 [0 1 1 1 0]
 [1 1 1 1 1]
 [1 1 1 1 1]
 [1 1 1 1 1]
 [1 1 1 1 1]
 [1 1 0 1 1]
 [1 1 1 1 1]
 [1 1 1 0 1]
 [1 1 1 1 1]
 [1 1 0 1 1]
 [1 1 1 1 0]
 [1 1 0 1 1]
 [1 1 1 1 1]
 [1 1 1 1 1]
 [1 1 1 1 1]
 [1 1 0 1 1]
 [1 1 1 1 1]
 [1 1 1 0 1]
 [0 1 1 0 1]
 [1 1 1 1 1]
 [1 1 0 1 1]
 [1 1 1 1 1]
 [0 1 1 0 1]
 [0 1 1 0 1]
 [1 1 1 1 1]
 [1 1 1 1 1]
 [1 1 1 1 1]
 [1 1 1 0 1]
 [1 1 1 1 1]
 [1 1 1 1 1]
 [1 1 1 1 1]
 [1 1 1 1 1]
 [1 1 1 1 1]
 [1 1 1 1 1]
 [0 1 1 0 1]
 [1 1 1 1 1]
 [1 1 1 1 1]
 [1 1 1 1 1]
 [0 1 1 0 1]
 [1 1 1 1 1]
 [1 1 1 1 1]
 [1 1 1 1 1]
 [1 1 1 1 0]
 [1 1 1 1 1]
 [1 1 1 1 1]
 [1 1 1 1 1]
 [0 1 1 0 1]
 [1 1 1 1 1]
 [1 1 1 1 1]
 [0 1 1 0 1]
 [1 1 1 1 1]
 [1 1 1 1 1]
 [0 1 1 0 1]
 [1 1 1 1 1]
 [1 1 1 1 1]
 [1 1 1 1 1]
 [1 1 1 1 1]
 [1 1 1 1 1]
 [1 1 1 1 1]
 [0 1 1 0 1]
 [1 1 1 1 1]
 [1 1 1 1 1]
 [1 1 1 1 1]
 [1 1 1 1 1]
 [1 1 1 1 1]
 [1 1 1 1 1]
 [1 1 1 1 1]
 [1 1 1 0 1]
 [1 1 1 1 0]
 [1 1 1 1 1]
 [1 1 1 1 1]
 [1 1 1 1 1]
 [1 1 1 1 1]
 [1 1 0 1 1]
 [1 1 1 1 1]
 [1 1 0 1 1]]
branch at 3
runtime for solving id of Q is 0.0014265002682805061
Simulation results:
{'J': 100, 'K': 5, 'N': 10, 'p': 0.9, 'seed': 94, 'sim': 4, 'runtime': 0.0014265002682805061, 'identifiable': 0, 'branch': 3}
5
Q: [[1 1 1 1 1]
 [1 1 1 1 1]
 [1 1 1 0 1]
 [1 1 1 1 1]
 [1 1 1 1 1]
 [1 0 1 1 1]
 [1 1 1 1 0]
 [0 1 1 1 1]
 [1 1 1 1 1]
 [0 0 1 1 1]
 [1 1 1 1 1]
 [1 1 1 1 1]
 [1 1 1 1 1]
 [1 1 1 1 1]
 [1 1 1 0 1]
 [1 1 1 1 1]
 [1 1 1 1 1]
 [0 0 1 1 0]
 [1 1 1 1 1]
 [1 1 1 1 1]
 [1 1 1 1 1]
 [1 1 1 0 1]
 [1 1 1 1 1]
 [1 1 1 1 1]
 [1 1 1 1 1]
 [0 1 1 1 1]
 [1 1 1 1 1]
 [1 1 1 0 0]
 [1 1 0 1 0]
 [1 1 1 1 1]
 [0 1 0 0 0]
 [1 1 1 0 1]
 [1 1 1 1 1]
 [1 1 1 1 1]
 [1 1 1 1 1]
 [0 1 1 1 1]
 [1 0 1 1 0]
 [0 1 1 1 1]
 [1 1 1 1 1]
 [0 1 1 1 1]
 [1 1 1 1 1]
 [1 1 1 1 1]
 [1 1 0 1 1]
 [1 1 1 1 1]
 [1 1 1 1 0]
 [1 1 1 0 1]
 [1 1 1 1 1]
 [1 1 1 1 1]
 [1 1 1 1 1]
 [1 1 0 1 1]
 [1 1 1 1 1]
 [1 1 1 1 1]
 [1 1 1 1 0]
 [1 1 1 1 0]
 [1 1 1 0 1]
 [1 1 1 1 1]
 [1 1 1 1 0]
 [1 1 0 1 1]
 [1 1 0 1 0]
 [1 1 1 1 1]
 [1 1 0 1 1]
 [1 1 1 1 1]
 [1 1 1 0 1]
 [1 1 1 1 1]
 [0 1 1 1 1]
 [1 1 1 1 0]
 [1 1 1 1 1]
 [1 1 1 1 1]
 [1 1 1 1 1]
 [1 0 1 1 1]
 [1 1 1 1 1]
 [1 0 1 1 1]
 [1 1 1 1 1]
 [1 1 1 1 1]
 [1 1 1 1 1]
 [1 1 1 1 1]
 [1 1 1 1 1]
 [1 1 1 1 1]
 [1 1 1 1 1]
 [1 1 1 1 1]
 [1 1 1 1 1]
 [1 1 1 1 1]
 [1 1 1 1 1]
 [1 1 1 1 1]
 [1 1 1 1 1]
 [1 1 1 0 1]
 [0 0 1 1 1]
 [1 1 1 1 1]
 [1 1 0 1 1]
 [1 1 1 1 1]
 [1 1 1 1 0]
 [1 1 1 1 1]
 [1 0 1 1 0]
 [0 1 1 1 1]
 [0 1 1 1 1]
 [1 1 1 1 1]
 [1 1 1 1 1]
 [1 1 1 1 1]
 [1 1 1 1 1]
 [1 1 1 1 1]]
Q is not identifiable (three-column submatrix not identifiable).
Q is not identifiable, and Q_bar is [[1 1 1 1 1]
 [1 1 1 1 1]
 [1 1 1 0 1]
 [1 1 1 1 1]
 [1 1 1 1 1]
 [1 0 1 1 1]
 [1 1 1 1 0]
 [0 1 1 1 1]
 [1 1 1 1 1]
 [0 0 1 1 1]
 [1 1 1 1 1]
 [1 1 1 1 1]
 [1 1 1 1 1]
 [1 1 1 1 1]
 [1 1 1 0 1]
 [1 1 1 1 1]
 [1 1 1 1 1]
 [1 0 0 0 0]
 [1 1 1 1 1]
 [1 1 1 1 1]
 [1 1 1 1 1]
 [1 1 1 0 1]
 [1 1 1 1 1]
 [1 1 1 1 1]
 [1 1 1 1 1]
 [0 1 1 1 1]
 [1 1 1 1 1]
 [1 1 1 0 0]
 [1 1 0 1 0]
 [1 1 1 1 1]
 [0 1 0 0 0]
 [1 1 1 0 1]
 [1 1 1 1 1]
 [1 1 1 1 1]
 [1 1 1 1 1]
 [0 1 1 1 1]
 [1 0 1 1 0]
 [0 1 1 1 1]
 [1 1 1 1 1]
 [0 1 1 1 1]
 [1 1 1 1 1]
 [1 1 1 1 1]
 [1 1 0 1 1]
 [1 1 1 1 1]
 [1 1 1 1 0]
 [1 1 1 0 1]
 [1 1 1 1 1]
 [1 1 1 1 1]
 [1 1 1 1 1]
 [1 1 0 1 1]
 [1 1 1 1 1]
 [1 1 1 1 1]
 [1 1 1 1 0]
 [1 1 1 1 0]
 [1 1 1 0 1]
 [1 1 1 1 1]
 [1 1 1 1 0]
 [1 1 0 1 1]
 [1 1 0 1 0]
 [1 1 1 1 1]
 [1 1 0 1 1]
 [1 1 1 1 1]
 [1 1 1 0 1]
 [1 1 1 1 1]
 [0 1 1 1 1]
 [1 1 1 1 0]
 [1 1 1 1 1]
 [1 1 1 1 1]
 [1 1 1 1 1]
 [1 0 1 1 1]
 [1 1 1 1 1]
 [1 0 1 1 1]
 [1 1 1 1 1]
 [1 1 1 1 1]
 [1 1 1 1 1]
 [1 1 1 1 1]
 [1 1 1 1 1]
 [1 1 1 1 1]
 [1 1 1 1 1]
 [1 1 1 1 1]
 [1 1 1 1 1]
 [1 1 1 1 1]
 [1 1 1 1 1]
 [1 1 1 1 1]
 [1 1 1 1 1]
 [1 1 1 0 1]
 [0 0 1 1 1]
 [1 1 1 1 1]
 [1 1 0 1 1]
 [1 1 1 1 1]
 [1 1 1 1 0]
 [1 1 1 1 1]
 [1 0 1 1 0]
 [0 1 1 1 1]
 [0 1 1 1 1]
 [1 1 1 1 1]
 [1 1 1 1 1]
 [1 1 1 1 1]
 [1 1 1 1 1]
 [1 1 1 1 1]]
branch at 3
runtime for solving id of Q is 0.0014932509511709213
Simulation results:
{'J': 100, 'K': 5, 'N': 10, 'p': 0.9, 'seed': 94, 'sim': 5, 'runtime': 0.0014932509511709213, 'identifiable': 0, 'branch': 3}
6
Q: [[1 1 1 1 1]
 [1 1 0 1 1]
 [0 1 1 1 1]
 [1 1 1 1 1]
 [1 1 0 1 1]
 [1 1 1 1 1]
 [1 0 1 0 1]
 [1 1 1 1 1]
 [1 1 1 0 1]
 [1 1 1 1 1]
 [0 1 1 1 1]
 [0 1 1 1 1]
 [1 1 1 1 1]
 [1 1 1 1 1]
 [1 1 1 0 1]
 [1 1 1 1 0]
 [1 1 1 1 1]
 [1 1 1 1 1]
 [1 1 1 1 1]
 [1 1 1 1 0]
 [1 1 1 1 1]
 [0 1 1 1 0]
 [1 1 1 1 1]
 [0 1 1 1 1]
 [1 0 1 1 1]
 [1 1 1 1 1]
 [1 0 1 1 1]
 [1 1 1 1 1]
 [1 1 1 1 1]
 [1 1 1 0 1]
 [1 1 1 0 1]
 [1 1 1 1 1]
 [1 1 1 0 1]
 [1 1 1 1 0]
 [1 1 1 1 1]
 [1 1 1 1 1]
 [0 1 1 1 1]
 [1 1 0 1 1]
 [1 1 1 1 1]
 [1 1 1 1 1]
 [1 1 1 1 1]
 [1 1 1 1 0]
 [1 1 1 1 1]
 [1 1 1 1 1]
 [1 1 0 0 1]
 [1 1 1 1 1]
 [1 1 1 1 1]
 [1 1 1 1 1]
 [1 1 1 1 1]
 [1 1 1 1 0]
 [1 1 1 1 0]
 [1 1 1 0 1]
 [1 1 1 1 1]
 [1 0 1 1 1]
 [0 1 1 1 1]
 [1 1 1 1 1]
 [0 1 1 0 1]
 [1 1 1 1 1]
 [1 1 1 1 1]
 [1 1 0 1 1]
 [1 1 1 1 0]
 [1 1 1 1 1]
 [1 1 1 1 1]
 [1 1 1 1 1]
 [1 1 0 1 1]
 [1 1 1 1 1]
 [1 1 1 0 1]
 [1 1 0 1 1]
 [1 1 1 0 1]
 [1 1 1 1 1]
 [1 0 1 1 1]
 [1 1 1 1 1]
 [1 1 1 1 1]
 [1 1 1 1 1]
 [1 1 0 1 1]
 [1 1 1 1 1]
 [1 1 1 1 1]
 [1 0 0 1 1]
 [1 1 1 1 1]
 [0 1 1 1 1]
 [0 1 1 1 1]
 [1 1 1 1 1]
 [0 1 1 1 1]
 [1 1 1 0 1]
 [1 1 1 1 1]
 [0 0 1 1 1]
 [1 1 1 1 1]
 [1 1 1 1 1]
 [1 1 1 1 1]
 [1 1 1 1 1]
 [0 1 1 1 1]
 [1 1 1 1 1]
 [1 1 1 1 1]
 [1 1 1 1 1]
 [1 1 0 1 1]
 [1 1 1 1 0]
 [1 1 1 1 1]
 [1 1 1 0 1]
 [1 1 1 1 1]
 [1 1 1 1 1]]
{'restarts': 1, 'conflicts': 21, 'decisions': 70, 'propagations': 1149}
Q is not identifiable, and Q_bar is [[0 1 1 1 1]
 [1 1 0 0 1]
 [0 0 1 1 1]
 [0 1 1 1 1]
 [1 1 0 0 1]
 [0 1 1 1 1]
 [0 1 1 0 0]
 [0 1 1 1 1]
 [0 1 1 1 0]
 [0 1 1 1 1]
 [0 0 1 1 1]
 [0 0 1 1 1]
 [0 1 1 1 1]
 [0 1 1 1 1]
 [0 1 1 1 0]
 [1 0 0 1 1]
 [0 1 1 1 1]
 [0 1 1 1 1]
 [0 1 1 1 1]
 [1 0 0 1 1]
 [0 1 1 1 1]
 [0 0 0 1 1]
 [0 1 1 1 1]
 [0 0 1 1 1]
 [0 1 1 0 1]
 [0 1 1 1 1]
 [0 1 1 0 1]
 [0 1 1 1 1]
 [0 1 1 1 1]
 [0 1 1 1 0]
 [0 1 1 1 0]
 [0 1 1 1 1]
 [0 1 1 1 0]
 [1 0 0 1 1]
 [0 1 1 1 1]
 [0 1 1 1 1]
 [0 0 1 1 1]
 [1 1 0 0 1]
 [0 1 1 1 1]
 [0 1 1 1 1]
 [0 1 1 1 1]
 [1 0 0 1 1]
 [0 1 1 1 1]
 [0 1 1 1 1]
 [1 1 0 0 0]
 [0 1 1 1 1]
 [0 1 1 1 1]
 [0 1 1 1 1]
 [0 1 1 1 1]
 [1 0 0 1 1]
 [1 0 0 1 1]
 [0 1 1 1 0]
 [0 1 1 1 1]
 [0 1 1 0 1]
 [0 0 1 1 1]
 [0 1 1 1 1]
 [0 0 1 1 0]
 [0 1 1 1 1]
 [0 1 1 1 1]
 [1 1 0 0 1]
 [1 0 0 1 1]
 [0 1 1 1 1]
 [0 1 1 1 1]
 [0 1 1 1 1]
 [1 1 0 0 1]
 [0 1 1 1 1]
 [0 1 1 1 0]
 [1 1 0 0 1]
 [0 1 1 1 0]
 [0 1 1 1 1]
 [0 1 1 0 1]
 [0 1 1 1 1]
 [0 1 1 1 1]
 [0 1 1 1 1]
 [1 1 0 0 1]
 [0 1 1 1 1]
 [0 1 1 1 1]
 [0 1 0 0 1]
 [0 1 1 1 1]
 [0 0 1 1 1]
 [0 0 1 1 1]
 [0 1 1 1 1]
 [0 0 1 1 1]
 [0 1 1 1 0]
 [0 1 1 1 1]
 [0 0 1 0 1]
 [0 1 1 1 1]
 [0 1 1 1 1]
 [0 1 1 1 1]
 [0 1 1 1 1]
 [0 0 1 1 1]
 [0 1 1 1 1]
 [0 1 1 1 1]
 [0 1 1 1 1]
 [1 1 0 0 1]
 [1 0 0 1 1]
 [0 1 1 1 1]
 [0 1 1 1 0]
 [0 1 1 1 1]
 [0 1 1 1 1]]
branch at 5
runtime for solving id of Q is 0.0037216627970337868
Simulation results:
{'J': 100, 'K': 5, 'N': 10, 'p': 0.9, 'seed': 94, 'sim': 6, 'runtime': 0.0037216627970337868, 'identifiable': 0, 'branch': 5}
7
Q: [[1 1 1 1 1]
 [1 1 0 1 1]
 [1 1 1 0 1]
 [1 1 1 1 1]
 [1 1 1 1 1]
 [1 1 1 1 1]
 [1 1 1 1 1]
 [1 0 0 1 1]
 [1 0 1 1 0]
 [1 1 1 1 1]
 [1 0 1 1 1]
 [1 1 1 1 1]
 [1 1 1 1 1]
 [1 1 1 1 1]
 [1 1 1 1 1]
 [0 1 1 1 0]
 [1 1 1 1 1]
 [1 1 1 1 1]
 [1 1 1 1 1]
 [1 1 1 1 0]
 [1 1 1 1 1]
 [1 0 1 1 1]
 [1 1 1 1 0]
 [1 1 1 1 1]
 [1 1 1 1 1]
 [1 1 1 1 0]
 [1 1 1 1 1]
 [1 1 1 1 1]
 [1 1 1 1 1]
 [1 1 1 1 1]
 [1 1 1 1 1]
 [1 1 1 1 1]
 [1 1 1 1 1]
 [1 1 1 1 1]
 [1 1 1 1 1]
 [1 1 1 1 1]
 [0 1 1 1 1]
 [1 1 1 1 1]
 [1 1 1 1 1]
 [1 1 1 1 1]
 [1 1 1 1 1]
 [1 1 1 1 1]
 [1 1 1 1 0]
 [1 1 1 1 0]
 [1 1 1 1 1]
 [1 1 1 1 1]
 [1 1 1 1 1]
 [0 1 1 1 1]
 [1 1 1 1 1]
 [1 1 1 1 0]
 [1 1 1 1 1]
 [1 1 1 1 1]
 [0 1 1 1 1]
 [1 1 0 1 1]
 [1 1 1 1 1]
 [1 1 1 1 0]
 [1 1 1 1 1]
 [0 1 0 0 1]
 [1 1 1 1 0]
 [1 1 0 1 1]
 [1 1 0 1 1]
 [1 1 1 1 1]
 [1 1 1 1 0]
 [1 1 1 1 1]
 [1 1 1 1 0]
 [1 1 1 1 1]
 [1 1 0 1 1]
 [1 1 1 1 1]
 [1 1 1 1 1]
 [1 1 1 1 1]
 [1 0 1 1 1]
 [1 1 1 1 1]
 [1 1 1 1 1]
 [1 1 1 1 1]
 [1 1 1 0 1]
 [1 1 1 1 1]
 [1 1 0 1 1]
 [1 1 1 1 1]
 [1 1 1 0 0]
 [1 1 1 1 1]
 [1 1 1 1 1]
 [1 1 1 1 1]
 [1 1 0 1 1]
 [1 1 1 0 1]
 [1 1 1 1 1]
 [1 1 1 1 1]
 [1 1 1 1 1]
 [1 1 1 1 1]
 [1 1 1 1 1]
 [1 0 1 1 1]
 [1 1 1 1 1]
 [1 1 1 1 1]
 [1 1 1 1 1]
 [1 1 0 1 1]
 [1 1 1 1 0]
 [1 1 1 1 1]
 [1 1 1 1 1]
 [1 0 0 1 1]
 [0 0 0 1 1]
 [0 1 1 1 0]]
{'restarts': 1, 'conflicts': 9, 'decisions': 38, 'propagations': 466}
Q is not identifiable, and Q_bar is [[1 1 1 0 1]
 [1 0 0 1 1]
 [1 0 1 1 0]
 [1 1 1 0 1]
 [1 1 1 0 1]
 [1 1 1 0 1]
 [1 1 1 0 1]
 [1 0 0 0 1]
 [1 1 0 0 0]
 [1 1 1 0 1]
 [1 1 0 0 1]
 [1 1 1 0 1]
 [1 1 1 0 1]
 [1 1 1 0 1]
 [1 1 1 0 1]
 [0 1 1 0 0]
 [1 1 1 0 1]
 [1 1 1 0 1]
 [1 1 1 0 1]
 [1 1 1 0 0]
 [1 1 1 0 1]
 [1 1 0 0 1]
 [1 1 1 0 0]
 [1 1 1 0 1]
 [1 1 1 0 1]
 [1 1 1 0 0]
 [1 1 1 0 1]
 [1 1 1 0 1]
 [1 1 1 0 1]
 [1 1 1 0 1]
 [1 1 1 0 1]
 [1 1 1 0 1]
 [1 1 1 0 1]
 [1 1 1 0 1]
 [1 1 1 0 1]
 [1 1 1 0 1]
 [0 1 1 0 1]
 [1 1 1 0 1]
 [1 1 1 0 1]
 [1 1 1 0 1]
 [1 1 1 0 1]
 [1 1 1 0 1]
 [1 1 1 0 0]
 [1 1 1 0 0]
 [1 1 1 0 1]
 [1 1 1 0 1]
 [1 1 1 0 1]
 [0 1 1 0 1]
 [1 1 1 0 1]
 [1 1 1 0 0]
 [1 1 1 0 1]
 [1 1 1 0 1]
 [0 1 1 0 1]
 [1 0 0 1 1]
 [1 1 1 0 1]
 [1 1 1 0 0]
 [1 1 1 0 1]
 [0 0 0 1 0]
 [1 1 1 0 0]
 [1 0 0 1 1]
 [1 0 0 1 1]
 [1 1 1 0 1]
 [1 1 1 0 0]
 [1 1 1 0 1]
 [1 1 1 0 0]
 [1 1 1 0 1]
 [1 0 0 1 1]
 [1 1 1 0 1]
 [1 1 1 0 1]
 [1 1 1 0 1]
 [1 1 0 0 1]
 [1 1 1 0 1]
 [1 1 1 0 1]
 [1 1 1 0 1]
 [1 0 1 1 0]
 [1 1 1 0 1]
 [1 0 0 1 1]
 [1 1 1 0 1]
 [1 0 1 0 0]
 [1 1 1 0 1]
 [1 1 1 0 1]
 [1 1 1 0 1]
 [1 0 0 1 1]
 [1 0 1 1 0]
 [1 1 1 0 1]
 [1 1 1 0 1]
 [1 1 1 0 1]
 [1 1 1 0 1]
 [1 1 1 0 1]
 [1 1 0 0 1]
 [1 1 1 0 1]
 [1 1 1 0 1]
 [1 1 1 0 1]
 [1 0 0 1 1]
 [1 1 1 0 0]
 [1 1 1 0 1]
 [1 1 1 0 1]
 [1 0 0 0 1]
 [0 0 0 0 1]
 [0 1 1 0 0]]
branch at 5
runtime for solving id of Q is 0.0030676862224936485
Simulation results:
{'J': 100, 'K': 5, 'N': 10, 'p': 0.9, 'seed': 94, 'sim': 7, 'runtime': 0.0030676862224936485, 'identifiable': 0, 'branch': 5}
8
Q: [[1 1 1 1 1]
 [1 1 1 1 1]
 [1 1 0 1 1]
 [1 1 1 1 1]
 [1 1 1 1 1]
 [1 1 1 1 1]
 [0 1 1 0 1]
 [1 1 0 1 0]
 [1 1 1 1 1]
 [1 1 1 1 1]
 [1 0 1 1 1]
 [1 1 1 1 0]
 [1 1 1 1 1]
 [1 1 1 1 1]
 [1 1 1 1 1]
 [0 1 1 1 1]
 [1 1 1 1 1]
 [1 1 0 1 1]
 [0 1 1 1 0]
 [1 1 1 1 1]
 [1 1 1 1 1]
 [1 1 1 1 1]
 [1 0 0 0 1]
 [1 1 1 0 1]
 [1 1 1 1 1]
 [1 1 1 1 1]
 [1 1 1 1 1]
 [1 1 1 1 1]
 [1 1 1 1 1]
 [1 1 1 0 0]
 [1 1 1 1 1]
 [1 1 1 1 0]
 [1 1 1 1 1]
 [1 1 1 0 1]
 [1 1 1 0 1]
 [1 1 1 0 1]
 [1 1 1 1 1]
 [1 1 1 1 1]
 [1 1 1 1 1]
 [1 1 1 1 1]
 [1 1 1 1 1]
 [1 1 1 1 1]
 [1 1 1 1 1]
 [1 0 1 1 1]
 [1 0 1 1 1]
 [1 1 1 1 1]
 [0 1 1 1 0]
 [1 1 1 1 1]
 [1 1 1 1 1]
 [1 1 1 1 1]
 [1 1 1 1 1]
 [1 1 1 1 1]
 [1 1 1 1 1]
 [0 1 1 1 1]
 [1 1 1 1 1]
 [1 1 1 1 0]
 [1 1 0 1 1]
 [1 0 0 1 0]
 [0 1 1 1 1]
 [1 1 1 1 1]
 [1 1 1 1 1]
 [0 1 1 1 1]
 [0 0 1 1 0]
 [1 1 1 1 0]
 [1 0 1 1 1]
 [1 1 1 0 1]
 [1 1 1 1 1]
 [1 0 1 1 1]
 [1 1 1 1 0]
 [1 1 1 1 1]
 [1 1 1 1 1]
 [1 1 1 1 1]
 [0 1 1 1 0]
 [1 1 1 1 1]
 [1 1 1 1 1]
 [1 0 1 1 1]
 [1 1 1 1 1]
 [1 1 1 1 1]
 [1 1 1 1 1]
 [1 0 1 1 1]
 [1 1 1 0 1]
 [1 1 1 1 1]
 [1 1 1 1 1]
 [0 1 1 1 1]
 [1 1 1 0 1]
 [1 1 1 1 1]
 [0 1 1 1 1]
 [1 1 1 1 1]
 [1 1 1 1 1]
 [1 0 1 1 1]
 [1 1 1 1 0]
 [1 1 1 1 0]
 [1 1 1 1 1]
 [1 1 1 1 1]
 [1 1 1 1 1]
 [1 1 1 1 1]
 [1 1 1 1 1]
 [1 1 1 1 1]
 [1 1 1 1 1]
 [1 1 1 1 1]]
{'restarts': 1, 'conflicts': 28, 'decisions': 44, 'propagations': 1026}
Q is identifiable
branch at 6
runtime for solving id of Q is 0.0026984000578522682
Simulation results:
{'J': 100, 'K': 5, 'N': 10, 'p': 0.9, 'seed': 94, 'sim': 8, 'runtime': 0.0026984000578522682, 'identifiable': 1, 'branch': 6}
9
Q: [[1 1 1 1 1]
 [1 1 1 1 1]
 [1 1 1 1 1]
 [1 1 1 0 1]
 [1 1 1 1 1]
 [1 1 1 1 1]
 [1 1 0 0 1]
 [1 1 1 0 1]
 [1 1 1 1 1]
 [1 1 1 1 1]
 [1 1 0 1 1]
 [1 1 1 0 1]
 [0 1 1 1 1]
 [1 1 1 1 0]
 [1 1 1 1 1]
 [1 0 1 1 0]
 [1 1 1 1 1]
 [1 1 1 1 1]
 [1 1 1 1 1]
 [1 1 1 1 1]
 [0 1 1 1 1]
 [1 1 0 0 1]
 [1 1 1 1 1]
 [1 0 1 1 1]
 [1 1 1 0 1]
 [1 1 1 1 1]
 [1 1 1 1 1]
 [1 1 1 1 1]
 [1 1 1 1 0]
 [0 0 1 1 0]
 [1 1 1 1 1]
 [1 1 1 1 1]
 [1 1 1 1 1]
 [1 1 1 1 1]
 [1 1 1 1 1]
 [1 1 0 1 1]
 [1 1 1 1 1]
 [1 1 1 1 1]
 [1 1 1 1 1]
 [1 1 1 1 1]
 [1 1 1 1 1]
 [1 1 0 1 1]
 [1 0 1 0 1]
 [1 1 1 1 1]
 [1 1 1 1 1]
 [1 1 1 1 0]
 [1 0 1 1 1]
 [1 1 1 1 1]
 [1 1 1 1 1]
 [1 1 1 1 1]
 [1 1 1 1 1]
 [1 1 1 1 1]
 [1 0 1 1 1]
 [1 1 1 1 1]
 [1 1 1 1 1]
 [1 1 0 1 1]
 [1 1 1 1 1]
 [1 1 1 1 1]
 [1 1 1 0 1]
 [1 1 1 1 1]
 [1 0 1 1 1]
 [1 1 1 1 1]
 [1 1 1 1 1]
 [0 1 1 1 0]
 [1 1 1 1 1]
 [1 1 0 0 1]
 [1 1 1 1 1]
 [1 1 0 1 0]
 [0 1 1 1 1]
 [1 1 1 1 1]
 [1 1 0 1 1]
 [1 1 1 1 1]
 [1 1 1 0 1]
 [1 1 0 1 1]
 [1 1 1 1 1]
 [1 1 1 1 1]
 [1 1 1 1 0]
 [1 1 1 1 1]
 [1 1 1 1 1]
 [1 1 1 1 1]
 [1 1 1 1 1]
 [1 1 1 1 1]
 [1 1 1 1 0]
 [1 1 1 0 1]
 [1 0 0 1 1]
 [1 1 1 1 1]
 [1 1 1 0 1]
 [0 1 1 1 1]
 [1 0 1 0 1]
 [1 1 1 1 1]
 [1 1 1 0 1]
 [0 1 1 1 1]
 [1 1 1 1 1]
 [1 1 1 1 1]
 [1 1 1 1 1]
 [1 1 1 1 1]
 [1 1 1 0 1]
 [1 1 1 1 1]
 [1 1 1 0 1]
 [1 1 1 1 1]]
{'restarts': 1, 'conflicts': 7, 'decisions': 58, 'propagations': 444}
Q is not identifiable, and Q_bar is [[1 0 1 1 1]
 [1 0 1 1 1]
 [1 0 1 1 1]
 [0 1 1 0 1]
 [1 0 1 1 1]
 [1 0 1 1 1]
 [0 0 1 0 1]
 [0 1 1 0 1]
 [1 0 1 1 1]
 [1 0 1 1 1]
 [1 0 1 0 1]
 [0 1 1 0 1]
 [0 1 1 1 0]
 [1 0 1 1 0]
 [1 0 1 1 1]
 [1 0 0 1 0]
 [1 0 1 1 1]
 [1 0 1 1 1]
 [1 0 1 1 1]
 [1 0 1 1 1]
 [0 1 1 1 0]
 [0 0 1 0 1]
 [1 0 1 1 1]
 [1 0 0 1 1]
 [0 1 1 0 1]
 [1 0 1 1 1]
 [1 0 1 1 1]
 [1 0 1 1 1]
 [1 0 1 1 0]
 [0 0 0 1 0]
 [1 0 1 1 1]
 [1 0 1 1 1]
 [1 0 1 1 1]
 [1 0 1 1 1]
 [1 0 1 1 1]
 [1 0 1 0 1]
 [1 0 1 1 1]
 [1 0 1 1 1]
 [1 0 1 1 1]
 [1 0 1 1 1]
 [1 0 1 1 1]
 [1 0 1 0 1]
 [0 1 0 0 1]
 [1 0 1 1 1]
 [1 0 1 1 1]
 [1 0 1 1 0]
 [1 0 0 1 1]
 [1 0 1 1 1]
 [1 0 1 1 1]
 [1 0 1 1 1]
 [1 0 1 1 1]
 [1 0 1 1 1]
 [1 0 0 1 1]
 [1 0 1 1 1]
 [1 0 1 1 1]
 [1 0 1 0 1]
 [1 0 1 1 1]
 [1 0 1 1 1]
 [0 1 1 0 1]
 [1 0 1 1 1]
 [1 0 0 1 1]
 [1 0 1 1 1]
 [1 0 1 1 1]
 [0 0 1 1 0]
 [1 0 1 1 1]
 [0 0 1 0 1]
 [1 0 1 1 1]
 [1 0 1 0 0]
 [0 1 1 1 0]
 [1 0 1 1 1]
 [1 0 1 0 1]
 [1 0 1 1 1]
 [0 1 1 0 1]
 [1 0 1 0 1]
 [1 0 1 1 1]
 [1 0 1 1 1]
 [1 0 1 1 0]
 [1 0 1 1 1]
 [1 0 1 1 1]
 [1 0 1 1 1]
 [1 0 1 1 1]
 [1 0 1 1 1]
 [1 0 1 1 0]
 [0 1 1 0 1]
 [1 0 0 0 1]
 [1 0 1 1 1]
 [0 1 1 0 1]
 [0 1 1 1 0]
 [0 1 0 0 1]
 [1 0 1 1 1]
 [0 1 1 0 1]
 [0 1 1 1 0]
 [1 0 1 1 1]
 [1 0 1 1 1]
 [1 0 1 1 1]
 [1 0 1 1 1]
 [0 1 1 0 1]
 [1 0 1 1 1]
 [0 1 1 0 1]
 [1 0 1 1 1]]
branch at 5
runtime for solving id of Q is 0.0039628539234399796
Simulation results:
{'J': 100, 'K': 5, 'N': 10, 'p': 0.9, 'seed': 94, 'sim': 9, 'runtime': 0.0039628539234399796, 'identifiable': 0, 'branch': 5}
Simulation results:
[{'J': 100, 'K': 5, 'N': 10, 'p': 0.9, 'seed': 94, 'sim': 0, 'runtime': 0.004730534739792347, 'identifiable': 0, 'branch': 5}, {'J': 100, 'K': 5, 'N': 10, 'p': 0.9, 'seed': 94, 'sim': 1, 'runtime': 0.0035994360223412514, 'identifiable': 0, 'branch': 5}, {'J': 100, 'K': 5, 'N': 10, 'p': 0.9, 'seed': 94, 'sim': 2, 'runtime': 0.00360750500112772, 'identifiable': 1, 'branch': 6}, {'J': 100, 'K': 5, 'N': 10, 'p': 0.9, 'seed': 94, 'sim': 3, 'runtime': 0.002676404081285, 'identifiable': 1, 'branch': 6}, {'J': 100, 'K': 5, 'N': 10, 'p': 0.9, 'seed': 94, 'sim': 4, 'runtime': 0.0014265002682805061, 'identifiable': 0, 'branch': 3}, {'J': 100, 'K': 5, 'N': 10, 'p': 0.9, 'seed': 94, 'sim': 5, 'runtime': 0.0014932509511709213, 'identifiable': 0, 'branch': 3}, {'J': 100, 'K': 5, 'N': 10, 'p': 0.9, 'seed': 94, 'sim': 6, 'runtime': 0.0037216627970337868, 'identifiable': 0, 'branch': 5}, {'J': 100, 'K': 5, 'N': 10, 'p': 0.9, 'seed': 94, 'sim': 7, 'runtime': 0.0030676862224936485, 'identifiable': 0, 'branch': 5}, {'J': 100, 'K': 5, 'N': 10, 'p': 0.9, 'seed': 94, 'sim': 8, 'runtime': 0.0026984000578522682, 'identifiable': 1, 'branch': 6}, {'J': 100, 'K': 5, 'N': 10, 'p': 0.9, 'seed': 94, 'sim': 9, 'runtime': 0.0039628539234399796, 'identifiable': 0, 'branch': 5}]
