
The Gurobi software has a limited number of licenses. To request a license or
licenses, add this line

    #SBATCH --licenses=gurobi@slurmdb:1

to your SBATCH script, replacing N with the number of licenses you need. Gurobi
will need one license per process.


0
Q: [[0 1 0 0 0]
 [1 1 1 0 1]
 [0 1 0 0 1]
 [0 0 0 0 1]
 [1 1 0 1 0]
 [1 0 1 0 0]
 [0 1 0 1 1]
 [1 1 1 0 0]
 [1 0 1 1 1]
 [0 1 0 0 1]
 [1 0 1 0 1]
 [0 1 1 1 1]
 [0 0 1 0 1]
 [0 0 0 0 0]
 [1 0 1 1 1]
 [0 1 1 1 0]
 [1 1 1 0 0]
 [0 0 1 0 1]
 [1 1 1 1 0]
 [0 1 0 0 1]
 [0 0 0 0 1]
 [1 1 1 0 1]
 [1 1 1 1 0]
 [1 0 1 0 0]
 [1 0 1 0 0]
 [0 1 1 0 0]
 [0 1 1 0 1]
 [1 0 1 1 1]
 [0 0 0 0 0]
 [0 1 0 0 0]
 [1 0 1 0 0]
 [1 1 1 0 0]
 [1 0 0 1 0]
 [0 1 0 1 1]
 [0 0 1 1 0]
 [0 0 1 1 1]
 [1 1 0 1 0]
 [1 0 1 1 0]
 [1 0 1 0 1]
 [1 1 0 0 1]
 [1 1 1 0 0]
 [1 0 1 1 1]
 [1 0 0 0 0]
 [0 0 1 0 0]
 [0 1 1 1 0]
 [0 0 0 1 1]
 [1 1 1 1 0]
 [1 1 1 0 1]
 [0 0 1 0 0]
 [0 1 1 0 1]]
{'restarts': 1, 'conflicts': 9, 'decisions': 15, 'propagations': 501}
Q is identifiable
branch at 6
runtime for solving id of Q is 0.00410069152712822
Simulation results:
{'J': 50, 'K': 5, 'N': 10, 'p': 0.5, 'seed': 43, 'sim': 0, 'runtime': 0.00410069152712822, 'identifiable': 1, 'branch': 6}
1
Q: [[1 1 0 0 0]
 [1 1 1 1 0]
 [0 1 0 0 0]
 [1 1 1 1 1]
 [0 0 0 0 0]
 [0 1 0 1 0]
 [1 1 0 1 1]
 [1 1 1 1 1]
 [0 0 1 0 0]
 [1 0 0 1 0]
 [1 0 1 0 0]
 [1 1 0 1 0]
 [1 1 0 0 1]
 [1 1 1 0 0]
 [0 1 1 1 0]
 [0 1 1 0 1]
 [1 0 0 1 1]
 [1 1 1 0 0]
 [1 0 0 0 1]
 [0 0 0 1 0]
 [0 0 1 1 0]
 [1 0 0 0 0]
 [1 0 1 1 1]
 [0 0 0 0 0]
 [0 1 1 0 1]
 [1 1 0 0 1]
 [0 0 0 0 0]
 [0 0 1 1 1]
 [0 0 1 1 1]
 [1 0 0 0 1]
 [0 1 1 1 1]
 [1 1 0 0 0]
 [0 0 1 0 0]
 [1 0 1 0 1]
 [0 0 1 0 1]
 [1 1 0 1 1]
 [1 0 1 1 1]
 [1 1 0 0 1]
 [0 0 0 1 0]
 [1 1 1 0 1]
 [0 0 1 1 1]
 [1 1 1 0 0]
 [1 1 0 1 1]
 [0 1 0 1 1]
 [0 1 0 1 0]
 [1 1 0 1 0]
 [1 1 1 1 1]
 [0 1 1 1 0]
 [0 0 0 1 1]
 [0 1 0 0 0]]
{'restarts': 1, 'conflicts': 9, 'decisions': 15, 'propagations': 501}
Q is identifiable
branch at 6
runtime for solving id of Q is 0.003771086223423481
Simulation results:
{'J': 50, 'K': 5, 'N': 10, 'p': 0.5, 'seed': 43, 'sim': 1, 'runtime': 0.003771086223423481, 'identifiable': 1, 'branch': 6}
2
Q: [[1 0 1 0 0]
 [0 0 0 0 0]
 [1 0 1 1 1]
 [0 0 1 1 0]
 [0 1 1 0 1]
 [1 0 1 1 0]
 [0 1 0 0 1]
 [0 0 0 0 0]
 [0 0 0 0 1]
 [0 0 0 1 1]
 [1 0 1 0 1]
 [1 0 1 1 1]
 [1 0 0 1 1]
 [1 1 0 1 0]
 [0 0 1 1 1]
 [1 0 0 1 1]
 [1 1 1 0 1]
 [0 1 1 1 1]
 [0 1 0 0 1]
 [1 0 0 0 1]
 [1 1 1 0 1]
 [0 0 1 0 1]
 [0 0 0 1 0]
 [1 1 1 0 1]
 [0 0 1 1 0]
 [1 1 1 0 0]
 [0 1 1 0 1]
 [0 0 1 1 1]
 [1 0 1 0 1]
 [1 1 0 1 1]
 [0 1 0 1 0]
 [0 1 0 1 0]
 [0 0 1 0 0]
 [1 0 0 1 0]
 [1 0 1 0 1]
 [1 1 0 0 1]
 [0 1 1 1 0]
 [1 0 0 1 1]
 [1 1 1 0 0]
 [1 1 1 0 0]
 [1 0 1 1 1]
 [0 0 1 0 1]
 [1 1 0 1 0]
 [0 1 0 0 0]
 [0 0 1 0 0]
 [0 0 0 0 0]
 [1 1 1 0 0]
 [1 1 0 0 0]
 [1 1 1 1 1]
 [1 1 1 1 0]]
{'restarts': 1, 'conflicts': 7, 'decisions': 16, 'propagations': 497}
Q is identifiable
branch at 6
runtime for solving id of Q is 0.004242614842951298
Simulation results:
{'J': 50, 'K': 5, 'N': 10, 'p': 0.5, 'seed': 43, 'sim': 2, 'runtime': 0.004242614842951298, 'identifiable': 1, 'branch': 6}
3
Q: [[1 1 1 0 0]
 [1 0 0 1 1]
 [1 1 1 1 1]
 [1 1 1 1 1]
 [0 0 0 0 0]
 [1 0 1 1 0]
 [0 0 0 1 0]
 [0 1 0 1 0]
 [1 0 0 0 0]
 [0 1 0 0 1]
 [0 1 1 1 0]
 [1 1 1 1 1]
 [1 0 0 0 0]
 [1 0 1 0 1]
 [1 0 0 0 1]
 [1 1 0 0 1]
 [1 0 0 1 1]
 [1 1 0 0 1]
 [0 0 1 1 1]
 [1 1 0 0 1]
 [0 1 1 1 1]
 [1 0 0 0 1]
 [0 0 0 0 1]
 [1 1 0 1 1]
 [1 1 0 0 1]
 [0 1 0 0 1]
 [0 0 0 1 0]
 [0 0 1 1 0]
 [0 0 0 1 1]
 [1 0 1 1 1]
 [0 1 1 0 0]
 [0 1 0 1 1]
 [1 0 1 1 0]
 [1 0 1 0 1]
 [0 0 0 1 0]
 [1 0 0 1 0]
 [0 1 1 0 1]
 [0 1 0 0 0]
 [0 0 1 1 1]
 [1 0 0 1 1]
 [0 1 0 0 0]
 [0 0 0 1 0]
 [1 0 1 1 0]
 [1 1 1 0 1]
 [0 1 0 0 1]
 [1 1 0 0 1]
 [0 0 0 0 1]
 [0 0 0 1 0]
 [1 1 1 1 1]
 [1 1 1 0 0]]
{'restarts': 1, 'conflicts': 8, 'decisions': 17, 'propagations': 403}
Q is identifiable
branch at 6
runtime for solving id of Q is 0.0034126415848731995
Simulation results:
{'J': 50, 'K': 5, 'N': 10, 'p': 0.5, 'seed': 43, 'sim': 3, 'runtime': 0.0034126415848731995, 'identifiable': 1, 'branch': 6}
4
Q: [[1 0 1 0 0]
 [1 1 1 1 1]
 [0 0 1 0 1]
 [0 1 1 0 0]
 [1 1 0 1 0]
 [0 0 1 0 1]
 [0 0 0 0 0]
 [1 1 0 1 0]
 [1 0 1 1 0]
 [1 0 1 0 0]
 [1 1 1 1 0]
 [1 0 1 1 1]
 [0 0 0 0 1]
 [0 1 0 1 0]
 [1 0 1 0 1]
 [0 0 0 1 1]
 [1 0 1 1 0]
 [0 0 0 0 1]
 [1 0 1 0 0]
 [1 1 1 0 0]
 [1 0 0 1 0]
 [1 1 0 0 1]
 [1 0 0 1 1]
 [0 1 1 1 0]
 [0 1 0 0 1]
 [0 1 1 1 0]
 [1 1 0 1 1]
 [1 1 1 0 0]
 [0 0 1 1 0]
 [0 0 0 0 0]
 [1 0 1 1 0]
 [1 1 0 1 1]
 [1 0 0 0 0]
 [0 1 0 0 0]
 [0 0 1 0 1]
 [0 0 0 0 1]
 [0 0 1 0 0]
 [1 0 1 0 0]
 [1 0 0 1 1]
 [0 1 0 1 0]
 [0 1 1 1 0]
 [1 0 0 0 1]
 [0 0 1 1 1]
 [1 0 1 1 0]
 [1 1 0 1 0]
 [1 1 0 0 1]
 [1 0 0 0 1]
 [1 1 1 1 1]
 [0 1 1 0 0]
 [0 1 1 1 1]]
{'restarts': 1, 'conflicts': 11, 'decisions': 21, 'propagations': 424}
Q is identifiable
branch at 6
runtime for solving id of Q is 0.004029266536235809
Simulation results:
{'J': 50, 'K': 5, 'N': 10, 'p': 0.5, 'seed': 43, 'sim': 4, 'runtime': 0.004029266536235809, 'identifiable': 1, 'branch': 6}
5
Q: [[0 1 0 0 1]
 [1 1 1 1 0]
 [0 1 1 0 1]
 [0 1 1 1 0]
 [1 1 1 1 0]
 [0 0 1 0 0]
 [0 1 0 1 0]
 [0 0 1 1 1]
 [1 1 0 1 1]
 [0 0 1 1 0]
 [1 1 1 0 1]
 [0 1 0 1 0]
 [0 0 0 1 1]
 [1 1 0 0 1]
 [0 0 1 1 1]
 [0 1 0 1 0]
 [1 1 0 0 0]
 [0 1 1 0 0]
 [1 1 0 1 1]
 [1 0 1 1 0]
 [1 0 0 0 1]
 [1 1 1 0 0]
 [1 1 0 0 0]
 [1 1 1 0 0]
 [0 0 1 0 1]
 [1 0 1 0 1]
 [0 1 0 1 0]
 [0 0 1 0 1]
 [0 0 0 0 1]
 [1 1 0 1 1]
 [0 1 0 1 1]
 [1 1 0 0 0]
 [0 1 0 0 1]
 [0 1 1 1 1]
 [1 1 1 1 0]
 [0 0 1 0 1]
 [0 1 1 1 1]
 [0 1 0 1 0]
 [0 0 1 0 0]
 [1 1 0 0 1]
 [1 1 1 0 0]
 [1 0 0 1 0]
 [1 1 0 0 1]
 [1 1 1 0 0]
 [1 0 1 0 0]
 [0 1 1 0 1]
 [1 1 1 0 0]
 [1 0 1 1 0]
 [0 0 1 1 1]
 [1 1 0 1 0]]
{'restarts': 1, 'conflicts': 15, 'decisions': 24, 'propagations': 751}
Q is identifiable
branch at 6
runtime for solving id of Q is 0.00628289207816124
Simulation results:
{'J': 50, 'K': 5, 'N': 10, 'p': 0.5, 'seed': 43, 'sim': 5, 'runtime': 0.00628289207816124, 'identifiable': 1, 'branch': 6}
6
Q: [[1 1 0 1 0]
 [1 1 1 0 1]
 [0 0 0 0 0]
 [1 0 1 1 0]
 [0 0 0 0 0]
 [1 1 0 1 1]
 [1 1 1 0 0]
 [1 1 0 0 0]
 [1 0 0 1 0]
 [1 1 0 1 1]
 [0 0 1 0 0]
 [1 0 0 1 1]
 [0 1 0 0 1]
 [1 0 1 0 0]
 [0 0 1 0 0]
 [1 1 1 0 1]
 [0 0 1 1 0]
 [1 0 1 1 0]
 [1 0 0 0 1]
 [1 1 0 1 1]
 [0 0 1 0 0]
 [1 1 0 0 0]
 [1 0 0 0 1]
 [1 1 0 1 1]
 [1 1 0 1 1]
 [0 0 1 0 0]
 [1 0 1 0 1]
 [1 0 0 1 0]
 [0 1 0 1 1]
 [1 1 1 1 0]
 [1 1 1 0 1]
 [1 0 0 0 0]
 [1 0 1 1 1]
 [1 1 1 1 1]
 [1 1 1 0 1]
 [0 1 1 1 1]
 [1 0 0 0 1]
 [0 0 0 0 1]
 [0 0 0 0 1]
 [1 0 1 1 0]
 [0 1 1 0 0]
 [1 1 1 1 0]
 [0 1 0 1 1]
 [1 1 0 1 0]
 [1 1 1 0 1]
 [0 0 1 1 1]
 [0 1 0 0 1]
 [1 0 0 1 0]
 [0 1 1 1 0]
 [0 0 0 0 0]]
{'restarts': 1, 'conflicts': 8, 'decisions': 17, 'propagations': 509}
Q is identifiable
branch at 6
runtime for solving id of Q is 0.004334651865065098
Simulation results:
{'J': 50, 'K': 5, 'N': 10, 'p': 0.5, 'seed': 43, 'sim': 6, 'runtime': 0.004334651865065098, 'identifiable': 1, 'branch': 6}
7
Q: [[1 1 0 1 0]
 [1 1 0 1 1]
 [0 0 1 0 0]
 [1 1 1 1 1]
 [1 1 1 0 1]
 [0 1 0 0 0]
 [0 0 0 1 0]
 [1 0 0 0 0]
 [0 0 0 1 0]
 [1 1 0 1 0]
 [1 0 1 0 0]
 [0 1 1 0 1]
 [1 1 1 1 1]
 [0 1 1 0 0]
 [1 1 1 1 1]
 [0 1 1 1 1]
 [0 0 0 1 0]
 [1 0 0 0 0]
 [0 0 0 0 1]
 [0 1 1 0 1]
 [1 1 0 1 0]
 [1 1 1 0 1]
 [1 0 0 0 0]
 [0 0 1 1 1]
 [0 0 1 1 1]
 [1 1 0 0 1]
 [1 1 1 1 1]
 [0 0 1 0 0]
 [1 1 0 1 0]
 [0 0 0 0 0]
 [1 1 1 1 1]
 [0 0 1 1 1]
 [1 1 1 0 0]
 [1 0 0 1 1]
 [1 0 1 0 1]
 [1 0 0 0 0]
 [1 1 0 1 0]
 [1 0 0 0 0]
 [0 1 0 0 1]
 [1 0 1 1 1]
 [1 1 0 1 0]
 [0 0 1 0 0]
 [1 1 1 1 1]
 [0 0 0 1 1]
 [0 1 1 1 1]
 [1 0 1 1 0]
 [1 1 1 0 1]
 [1 1 1 1 0]
 [1 1 1 0 0]
 [0 0 0 1 0]]
Q is identifiable (direct_check).
Q is identifiable
branch at 4
runtime for solving id of Q is 0.00047851912677288055
Simulation results:
{'J': 50, 'K': 5, 'N': 10, 'p': 0.5, 'seed': 43, 'sim': 7, 'runtime': 0.00047851912677288055, 'identifiable': 1, 'branch': 4}
8
Q: [[1 0 1 0 0]
 [1 1 0 0 1]
 [0 0 1 0 0]
 [0 1 0 0 0]
 [1 0 1 1 0]
 [0 0 0 1 1]
 [0 0 1 0 0]
 [1 0 1 1 1]
 [1 1 0 1 1]
 [0 0 1 1 0]
 [1 0 1 0 1]
 [1 1 1 0 0]
 [1 0 1 1 1]
 [0 1 0 1 0]
 [0 1 1 0 1]
 [0 1 0 1 1]
 [1 0 0 0 0]
 [1 0 1 0 0]
 [1 1 1 1 1]
 [1 1 0 1 1]
 [0 0 0 1 1]
 [0 0 0 0 1]
 [1 1 0 0 0]
 [1 1 0 1 1]
 [1 0 1 1 0]
 [0 0 1 1 1]
 [0 1 0 1 1]
 [0 0 0 0 1]
 [1 1 0 0 0]
 [1 1 1 1 1]
 [0 1 1 1 0]
 [0 1 0 0 1]
 [1 1 0 1 1]
 [0 1 0 1 1]
 [0 1 0 1 1]
 [0 0 0 1 0]
 [0 1 1 0 0]
 [1 0 0 0 1]
 [0 1 1 0 0]
 [1 1 1 1 1]
 [0 1 1 1 1]
 [1 0 0 1 0]
 [0 1 1 0 1]
 [1 0 0 0 0]
 [0 1 0 0 1]
 [0 1 0 0 0]
 [1 1 0 0 0]
 [0 1 1 1 0]
 [0 1 1 0 1]
 [1 1 0 0 1]]
Q is identifiable (direct_check).
Q is identifiable
branch at 4
runtime for solving id of Q is 0.00047725997865200043
Simulation results:
{'J': 50, 'K': 5, 'N': 10, 'p': 0.5, 'seed': 43, 'sim': 8, 'runtime': 0.00047725997865200043, 'identifiable': 1, 'branch': 4}
9
Q: [[0 1 0 1 1]
 [1 0 0 0 0]
 [0 0 0 1 1]
 [1 0 0 1 1]
 [0 1 1 1 1]
 [0 0 0 1 0]
 [1 0 1 1 1]
 [0 1 0 1 1]
 [1 1 1 1 1]
 [1 1 1 1 0]
 [1 1 0 0 0]
 [1 0 1 1 0]
 [1 1 1 0 1]
 [0 1 0 0 1]
 [0 0 1 1 1]
 [0 1 0 0 0]
 [1 0 0 1 0]
 [1 1 1 1 1]
 [1 0 1 1 1]
 [0 1 1 0 1]
 [1 0 1 0 1]
 [0 1 1 0 1]
 [0 0 1 1 1]
 [1 1 0 1 1]
 [1 0 0 1 1]
 [1 0 1 0 1]
 [0 0 0 1 0]
 [0 1 1 1 0]
 [0 0 0 0 1]
 [1 1 0 0 0]
 [0 0 0 0 0]
 [0 1 0 0 0]
 [1 0 1 1 1]
 [0 1 0 1 0]
 [1 0 0 0 0]
 [0 1 0 0 0]
 [0 1 1 0 1]
 [1 1 1 0 0]
 [0 1 0 0 0]
 [0 1 0 0 1]
 [0 1 0 1 0]
 [1 0 0 1 1]
 [0 0 0 1 1]
 [0 1 1 1 1]
 [1 0 0 1 0]
 [1 1 1 1 1]
 [1 1 1 0 1]
 [0 1 0 0 0]
 [0 1 1 0 1]
 [1 0 1 0 0]]
{'restarts': 1, 'conflicts': 9, 'decisions': 16, 'propagations': 616}
Q is identifiable
branch at 6
runtime for solving id of Q is 0.003657025285065174
Simulation results:
{'J': 50, 'K': 5, 'N': 10, 'p': 0.5, 'seed': 43, 'sim': 9, 'runtime': 0.003657025285065174, 'identifiable': 1, 'branch': 6}
Simulation results:
[{'J': 50, 'K': 5, 'N': 10, 'p': 0.5, 'seed': 43, 'sim': 0, 'runtime': 0.00410069152712822, 'identifiable': 1, 'branch': 6}, {'J': 50, 'K': 5, 'N': 10, 'p': 0.5, 'seed': 43, 'sim': 1, 'runtime': 0.003771086223423481, 'identifiable': 1, 'branch': 6}, {'J': 50, 'K': 5, 'N': 10, 'p': 0.5, 'seed': 43, 'sim': 2, 'runtime': 0.004242614842951298, 'identifiable': 1, 'branch': 6}, {'J': 50, 'K': 5, 'N': 10, 'p': 0.5, 'seed': 43, 'sim': 3, 'runtime': 0.0034126415848731995, 'identifiable': 1, 'branch': 6}, {'J': 50, 'K': 5, 'N': 10, 'p': 0.5, 'seed': 43, 'sim': 4, 'runtime': 0.004029266536235809, 'identifiable': 1, 'branch': 6}, {'J': 50, 'K': 5, 'N': 10, 'p': 0.5, 'seed': 43, 'sim': 5, 'runtime': 0.00628289207816124, 'identifiable': 1, 'branch': 6}, {'J': 50, 'K': 5, 'N': 10, 'p': 0.5, 'seed': 43, 'sim': 6, 'runtime': 0.004334651865065098, 'identifiable': 1, 'branch': 6}, {'J': 50, 'K': 5, 'N': 10, 'p': 0.5, 'seed': 43, 'sim': 7, 'runtime': 0.00047851912677288055, 'identifiable': 1, 'branch': 4}, {'J': 50, 'K': 5, 'N': 10, 'p': 0.5, 'seed': 43, 'sim': 8, 'runtime': 0.00047725997865200043, 'identifiable': 1, 'branch': 4}, {'J': 50, 'K': 5, 'N': 10, 'p': 0.5, 'seed': 43, 'sim': 9, 'runtime': 0.003657025285065174, 'identifiable': 1, 'branch': 6}]
