
The Gurobi software has a limited number of licenses. To request a license or
licenses, add this line

    #SBATCH --licenses=gurobi@slurmdb:1

to your SBATCH script, replacing N with the number of licenses you need. Gurobi
will need one license per process.


0
Q: [[0 1 0 1 0 0 0 0 1 1]
 [0 0 0 1 1 1 0 0 1 0]
 [0 1 0 0 1 0 1 0 1 0]
 [1 1 1 0 1 1 0 0 1 1]
 [1 0 1 1 1 1 0 1 1 1]
 [1 0 1 0 0 1 0 0 1 1]
 [0 0 1 0 1 0 1 1 0 0]
 [0 1 0 1 1 1 1 1 1 0]
 [1 0 0 0 1 0 1 1 1 1]
 [1 1 1 1 1 1 0 0 0 1]
 [0 1 1 0 1 1 0 1 0 0]
 [1 0 1 1 0 1 1 0 1 1]
 [1 0 1 0 0 1 1 1 1 0]
 [1 1 1 1 1 0 0 1 0 0]
 [1 0 1 1 0 0 0 1 1 1]
 [1 0 0 0 1 0 1 1 1 0]
 [0 1 1 0 0 0 0 0 0 0]
 [0 0 1 1 1 0 1 0 0 0]
 [0 1 0 1 0 1 1 0 0 1]
 [1 1 1 0 1 1 1 1 1 0]
 [1 1 1 0 1 0 0 1 0 0]
 [1 0 0 1 0 1 1 1 1 0]
 [0 1 1 1 0 1 1 1 1 1]
 [1 1 0 1 1 1 1 0 0 1]
 [0 1 1 1 0 1 1 0 1 0]
 [0 1 0 0 0 1 0 0 0 1]
 [1 1 0 0 1 1 0 1 1 0]
 [1 0 0 1 1 1 1 0 1 0]
 [1 1 1 0 1 1 0 0 1 0]
 [0 1 1 1 1 0 0 0 1 1]
 [1 1 1 0 1 0 0 1 1 0]
 [1 1 0 0 1 0 0 1 1 1]
 [0 0 1 1 0 1 1 0 1 0]
 [1 1 1 1 1 1 0 1 1 0]
 [1 0 1 0 1 1 1 1 1 0]
 [1 1 0 0 1 1 1 1 1 0]
 [0 1 1 0 1 1 1 0 0 1]
 [1 1 1 1 0 1 1 1 0 0]
 [1 0 1 0 0 0 0 1 1 1]
 [1 1 1 0 1 1 1 0 1 1]
 [0 0 0 1 1 1 1 1 1 1]
 [1 1 0 1 1 1 1 1 0 0]
 [1 1 1 0 1 1 1 0 1 1]
 [0 0 1 1 0 0 1 1 1 1]
 [1 1 1 0 1 1 0 1 0 0]
 [0 0 1 1 1 1 0 0 1 0]
 [1 1 0 1 0 1 1 1 1 1]
 [1 1 0 1 0 1 0 1 1 1]
 [0 1 1 1 0 1 1 0 1 1]
 [0 0 0 1 1 1 0 0 1 0]]
{'restarts': 32, 'conflicts': 12130, 'decisions': 20161, 'propagations': 47423487}
Q is identifiable
branch at 6
runtime for solving id of Q is 5.795396569184959
Simulation results:
{'J': 50, 'K': 10, 'N': 10, 'p': 0.6, 'seed': 18, 'sim': 0, 'runtime': 5.795396569184959, 'identifiable': True, 'branch': 6}
1
Q: [[1 1 1 1 0 1 1 1 0 1]
 [1 0 0 1 0 1 0 1 1 1]
 [0 1 1 0 1 0 1 0 0 1]
 [1 1 0 0 1 1 1 1 1 1]
 [1 0 1 0 0 1 0 1 1 1]
 [1 0 0 1 1 0 0 1 0 0]
 [1 1 1 1 1 1 0 1 0 0]
 [1 1 0 0 1 0 1 0 1 1]
 [0 1 0 1 1 1 1 1 0 1]
 [0 1 0 1 0 0 0 0 1 0]
 [1 1 1 0 1 1 0 0 0 1]
 [1 1 0 0 1 1 1 0 1 1]
 [1 0 0 0 1 0 1 0 1 1]
 [1 0 1 0 1 1 0 0 0 0]
 [1 0 1 1 1 1 1 0 1 1]
 [1 1 1 1 1 0 0 1 0 1]
 [0 0 0 1 1 1 0 1 0 1]
 [1 1 1 1 1 0 1 1 1 1]
 [0 0 0 0 0 0 1 0 0 1]
 [1 0 1 1 0 1 1 0 1 1]
 [1 1 1 1 1 0 0 0 1 0]
 [1 0 0 0 1 0 0 0 1 0]
 [1 1 0 1 0 0 1 0 1 1]
 [1 0 1 1 1 0 1 0 1 0]
 [0 1 1 1 1 1 1 0 1 1]
 [1 1 0 1 1 1 1 1 1 1]
 [0 0 1 1 1 1 1 0 0 1]
 [0 1 1 1 1 1 0 1 1 1]
 [1 1 0 1 0 1 1 1 0 1]
 [1 0 1 1 0 1 1 1 1 0]
 [1 1 1 1 0 1 0 0 1 1]
 [1 0 1 1 1 1 0 0 1 0]
 [1 1 1 1 0 0 1 1 0 1]
 [0 1 1 0 0 1 1 1 1 1]
 [1 0 1 0 0 1 1 1 0 1]
 [1 1 1 1 1 0 1 1 1 1]
 [1 1 1 0 0 0 0 1 0 0]
 [1 1 0 1 1 1 0 1 1 1]
 [1 1 1 1 1 1 1 1 0 1]
 [1 0 1 0 1 1 1 0 0 1]
 [0 1 0 1 0 0 1 1 1 0]
 [1 1 0 1 0 0 0 0 0 1]
 [1 0 1 1 1 0 0 1 0 1]
 [0 1 1 1 0 0 0 1 1 0]
 [0 0 1 1 0 1 1 0 0 1]
 [1 0 1 1 1 1 1 1 1 1]
 [0 1 1 1 0 1 1 1 1 1]
 [0 1 1 1 0 1 0 1 0 1]
 [1 1 1 0 1 1 0 1 0 1]
 [1 1 0 1 1 1 1 0 0 1]]
{'restarts': 10, 'conflicts': 2774, 'decisions': 5911, 'propagations': 9332732}
Q is identifiable
branch at 6
runtime for solving id of Q is 1.3616002621129155
Simulation results:
{'J': 50, 'K': 10, 'N': 10, 'p': 0.6, 'seed': 18, 'sim': 1, 'runtime': 1.3616002621129155, 'identifiable': True, 'branch': 6}
2
Q: [[0 1 1 0 1 1 0 0 1 1]
 [0 1 1 1 0 1 1 0 0 0]
 [1 1 1 1 1 0 1 0 0 0]
 [1 1 1 0 1 0 1 0 1 1]
 [1 1 1 1 0 0 0 1 0 1]
 [0 0 1 0 0 1 1 1 1 1]
 [1 1 0 0 1 0 1 1 1 0]
 [1 1 1 0 0 0 1 0 1 1]
 [1 0 1 0 0 1 1 1 0 1]
 [1 1 0 1 1 1 1 1 0 0]
 [1 1 0 0 0 1 1 1 0 0]
 [1 0 0 1 0 0 1 1 1 1]
 [1 0 0 1 1 0 1 1 1 0]
 [0 1 0 0 1 1 1 1 1 0]
 [1 0 0 1 1 0 0 0 1 0]
 [1 1 1 0 1 0 0 0 1 1]
 [0 1 0 1 1 1 0 1 1 1]
 [1 1 1 1 1 0 1 1 0 0]
 [1 0 0 1 1 1 0 1 0 0]
 [1 0 1 1 0 1 1 0 0 0]
 [1 1 1 1 1 1 0 1 1 1]
 [0 1 1 0 1 1 0 1 1 1]
 [1 1 1 1 1 0 1 1 0 0]
 [1 0 1 1 1 0 1 1 1 1]
 [0 1 0 0 0 1 1 1 1 0]
 [1 0 0 1 1 1 1 1 0 1]
 [1 1 1 1 1 1 1 1 0 1]
 [0 0 0 1 0 0 1 0 1 0]
 [0 1 0 1 1 0 1 1 1 1]
 [1 1 1 1 1 0 1 0 1 0]
 [1 0 0 0 1 0 0 0 0 1]
 [0 0 1 1 1 0 1 1 1 0]
 [1 1 0 1 0 1 0 1 1 1]
 [1 1 1 1 0 0 0 0 1 1]
 [1 0 0 1 0 1 1 0 1 1]
 [1 1 1 0 0 1 1 1 1 0]
 [0 1 0 1 1 0 1 1 0 1]
 [1 1 1 1 0 1 1 1 1 1]
 [1 1 1 1 0 0 0 0 0 0]
 [1 1 0 1 1 0 1 1 1 0]
 [1 0 1 0 1 0 1 0 0 1]
 [0 1 0 1 1 1 0 1 0 1]
 [0 0 1 0 0 0 0 1 1 0]
 [0 0 1 1 0 1 1 0 1 1]
 [0 1 1 0 1 0 1 1 1 1]
 [0 1 1 1 0 0 0 1 1 0]
 [1 1 1 1 0 1 1 0 0 1]
 [1 1 1 0 1 1 0 0 0 1]
 [0 0 1 1 0 0 1 0 1 0]
 [1 0 0 1 0 0 0 0 1 0]]
{'restarts': 3, 'conflicts': 2368, 'decisions': 5087, 'propagations': 9471214}
Q is identifiable
branch at 6
runtime for solving id of Q is 1.773559050168842
Simulation results:
{'J': 50, 'K': 10, 'N': 10, 'p': 0.6, 'seed': 18, 'sim': 2, 'runtime': 1.773559050168842, 'identifiable': True, 'branch': 6}
3
Q: [[1 0 1 1 1 1 1 1 1 1]
 [0 1 1 1 1 0 1 1 0 1]
 [0 1 1 0 1 1 0 1 1 1]
 [1 0 1 1 0 1 0 1 0 0]
 [1 1 0 0 1 1 1 1 1 1]
 [0 1 1 1 1 1 0 0 1 1]
 [0 0 0 1 0 0 0 1 0 0]
 [1 1 1 1 0 1 0 1 0 1]
 [0 0 0 1 0 1 1 1 0 0]
 [1 0 1 0 1 1 1 0 1 1]
 [1 0 1 1 1 1 0 0 1 1]
 [1 0 1 1 0 0 1 0 0 1]
 [0 0 0 0 1 1 1 0 1 0]
 [1 1 0 0 0 1 1 0 1 1]
 [1 0 1 0 1 1 0 0 1 0]
 [1 0 0 1 0 0 0 0 0 1]
 [0 1 1 1 1 1 1 1 0 0]
 [1 1 1 1 1 1 1 0 0 1]
 [1 1 1 1 1 1 0 0 0 0]
 [0 0 1 0 0 0 1 1 0 1]
 [0 1 1 1 1 1 0 0 0 1]
 [1 0 0 0 1 0 0 1 1 0]
 [0 0 1 1 0 0 1 1 1 1]
 [0 1 1 0 1 1 1 1 1 1]
 [1 0 0 0 1 1 0 0 1 1]
 [0 0 0 1 0 0 0 1 1 1]
 [1 1 1 1 0 0 1 1 0 1]
 [0 0 0 1 0 1 0 1 1 0]
 [0 0 1 1 1 1 0 0 1 1]
 [1 0 1 1 0 0 1 1 1 1]
 [1 1 1 1 0 1 1 0 0 1]
 [0 1 1 1 1 0 0 1 1 0]
 [1 1 1 0 1 1 0 1 1 0]
 [1 1 0 1 1 1 0 1 0 1]
 [1 1 1 1 1 0 1 1 0 1]
 [1 0 0 1 0 1 1 1 1 0]
 [1 0 1 0 0 1 1 0 1 0]
 [0 0 1 0 1 1 1 0 0 0]
 [1 0 1 0 1 0 1 1 1 1]
 [1 0 0 0 1 1 1 1 0 1]
 [0 0 1 1 1 0 0 1 1 1]
 [0 1 1 0 1 1 0 1 1 1]
 [0 0 1 1 1 0 0 1 1 0]
 [1 0 1 1 1 0 0 1 1 1]
 [1 1 1 0 1 0 0 1 0 1]
 [1 1 1 1 1 0 1 0 0 1]
 [1 0 1 0 1 0 0 1 1 1]
 [1 1 0 1 1 1 1 1 1 0]
 [1 0 0 0 1 1 1 1 1 1]
 [0 0 0 1 1 0 1 0 1 0]]
{'restarts': 3, 'conflicts': 934, 'decisions': 2912, 'propagations': 3656368}
Q is identifiable
branch at 6
runtime for solving id of Q is 0.9835629556328058
Simulation results:
{'J': 50, 'K': 10, 'N': 10, 'p': 0.6, 'seed': 18, 'sim': 3, 'runtime': 0.9835629556328058, 'identifiable': True, 'branch': 6}
4
Q: [[0 0 1 0 1 0 0 0 1 1]
 [1 0 0 0 0 0 1 0 1 0]
 [1 1 1 1 0 1 1 1 1 1]
 [0 1 0 1 0 1 1 1 0 1]
 [1 1 1 0 1 0 0 1 1 0]
 [1 0 0 1 1 0 1 1 1 1]
 [0 1 1 1 1 0 1 1 1 1]
 [0 1 1 0 0 1 1 0 1 1]
 [0 0 0 0 1 1 1 0 1 1]
 [0 1 1 1 0 1 0 1 1 1]
 [1 0 0 1 1 1 1 0 1 0]
 [1 1 1 1 1 1 1 1 1 1]
 [1 1 1 1 1 1 0 1 1 0]
 [1 1 1 0 1 0 0 1 0 1]
 [1 1 1 0 1 1 0 1 1 1]
 [0 0 0 0 1 1 0 1 0 0]
 [1 1 0 1 1 1 1 1 0 0]
 [0 1 1 1 0 0 1 0 1 0]
 [0 0 1 0 1 1 1 0 0 1]
 [0 1 1 0 1 1 1 1 1 1]
 [1 0 1 0 1 1 1 0 1 0]
 [1 0 1 0 1 0 1 0 1 1]
 [1 1 1 1 1 1 0 0 1 0]
 [1 0 0 0 1 1 1 1 0 0]
 [0 0 1 0 1 0 0 1 1 1]
 [0 0 1 1 0 1 0 1 0 0]
 [1 0 0 1 0 1 1 1 0 1]
 [1 1 1 0 0 1 1 0 1 0]
 [0 0 1 1 1 1 0 0 0 1]
 [1 1 1 0 1 1 1 0 1 0]
 [1 1 0 1 0 0 1 0 0 0]
 [1 1 0 1 0 1 1 0 1 1]
 [1 0 1 0 1 1 1 1 1 1]
 [1 0 0 0 1 0 1 1 1 1]
 [1 1 1 1 1 1 1 1 1 0]
 [1 1 1 0 1 1 0 1 0 1]
 [1 0 1 0 0 1 0 1 0 1]
 [0 1 0 1 0 0 0 0 1 1]
 [1 0 0 1 1 0 1 1 0 1]
 [1 0 1 0 1 1 1 1 1 0]
 [1 0 1 0 1 1 1 0 1 1]
 [0 1 1 1 1 1 0 1 1 0]
 [1 0 1 0 0 0 1 0 1 1]
 [0 1 1 1 0 0 1 0 0 1]
 [1 0 0 0 0 1 0 1 0 1]
 [0 0 1 0 1 1 0 0 1 1]
 [1 1 0 0 1 0 1 1 1 1]
 [1 0 1 0 1 1 0 1 0 1]
 [1 1 0 0 1 0 1 1 0 1]
 [0 0 1 1 0 1 1 1 0 0]]
{'restarts': 7, 'conflicts': 1526, 'decisions': 3990, 'propagations': 5775021}
Q is identifiable
branch at 6
runtime for solving id of Q is 1.106846020091325
Simulation results:
{'J': 50, 'K': 10, 'N': 10, 'p': 0.6, 'seed': 18, 'sim': 4, 'runtime': 1.106846020091325, 'identifiable': True, 'branch': 6}
5
Q: [[0 1 1 1 1 0 0 1 1 1]
 [1 1 0 1 0 1 1 1 0 1]
 [0 0 1 0 0 0 0 1 1 0]
 [1 1 1 1 0 1 1 1 1 1]
 [1 1 0 1 1 1 0 1 0 0]
 [1 1 0 1 1 1 1 1 0 1]
 [1 1 0 1 0 1 1 0 1 0]
 [0 0 1 1 1 1 0 1 1 0]
 [0 1 1 1 0 0 0 1 1 1]
 [1 1 1 0 0 1 1 0 0 0]
 [0 1 1 1 1 0 1 1 1 0]
 [1 1 0 1 1 1 1 0 0 1]
 [1 1 0 1 1 0 1 0 0 0]
 [0 0 0 0 1 0 0 1 0 1]
 [0 0 1 1 1 1 1 0 1 1]
 [1 1 1 1 0 1 1 1 1 1]
 [0 0 1 1 0 0 1 0 0 1]
 [0 1 1 1 0 0 0 1 1 1]
 [0 0 1 0 1 0 1 1 0 1]
 [1 1 1 1 1 0 1 1 0 0]
 [1 1 1 1 0 0 1 0 1 1]
 [1 1 1 0 1 1 0 1 0 0]
 [0 1 0 1 1 1 0 1 0 0]
 [1 1 1 1 1 1 0 1 1 1]
 [1 0 1 1 1 1 1 0 1 0]
 [0 0 1 1 1 1 0 0 0 1]
 [1 0 0 0 0 1 1 1 1 1]
 [0 1 0 1 1 1 1 0 1 0]
 [0 1 1 1 1 0 1 0 0 0]
 [1 1 1 0 1 0 1 1 0 1]
 [1 0 1 0 1 0 1 0 1 1]
 [1 1 0 1 1 1 1 1 0 1]
 [1 0 1 1 1 0 1 1 1 1]
 [0 1 0 1 0 0 1 1 0 0]
 [1 0 1 0 0 0 0 1 1 1]
 [1 1 0 0 0 1 0 1 0 1]
 [1 0 1 0 0 1 0 0 1 1]
 [1 1 1 0 0 1 1 1 0 0]
 [0 0 1 1 1 1 1 0 1 1]
 [0 1 0 0 0 1 1 1 1 0]
 [0 1 0 0 1 1 1 1 1 1]
 [1 1 0 0 0 0 1 0 1 0]
 [0 0 0 1 1 0 1 0 1 1]
 [1 1 1 0 1 1 0 1 0 1]
 [0 1 0 0 1 1 1 1 1 1]
 [1 1 1 1 1 0 1 1 0 1]
 [1 1 1 1 1 1 1 0 1 1]
 [1 1 1 0 1 1 1 1 1 1]
 [1 1 0 0 0 1 1 0 1 1]
 [0 1 0 0 1 1 1 0 0 1]]
{'restarts': 4, 'conflicts': 1002, 'decisions': 2579, 'propagations': 3120666}
Q is identifiable
branch at 6
runtime for solving id of Q is 0.7831372739747167
Simulation results:
{'J': 50, 'K': 10, 'N': 10, 'p': 0.6, 'seed': 18, 'sim': 5, 'runtime': 0.7831372739747167, 'identifiable': True, 'branch': 6}
6
Q: [[1 0 1 1 1 1 0 1 1 1]
 [1 1 0 1 1 0 1 0 1 1]
 [1 1 0 1 1 1 1 0 1 0]
 [0 0 1 1 1 0 0 1 1 1]
 [1 0 0 1 0 1 0 1 1 0]
 [0 0 0 0 1 1 0 0 1 0]
 [1 0 1 1 1 0 0 1 1 0]
 [1 0 1 0 1 0 0 1 0 1]
 [1 0 1 0 0 1 1 0 1 0]
 [1 1 1 1 0 0 1 1 1 1]
 [1 1 0 0 1 1 0 0 0 1]
 [1 0 0 0 0 0 0 1 0 0]
 [1 1 1 1 1 1 0 0 1 0]
 [0 0 1 0 1 1 0 1 1 1]
 [1 1 0 1 0 0 1 1 1 0]
 [0 0 0 1 0 0 0 1 0 1]
 [0 1 0 1 1 0 1 1 1 1]
 [1 0 1 0 1 0 1 1 1 1]
 [1 0 1 1 1 1 1 1 1 1]
 [0 1 1 1 1 0 1 1 1 0]
 [0 0 1 0 1 0 0 1 1 1]
 [1 1 1 0 0 1 0 1 1 0]
 [1 0 0 1 0 1 0 1 1 1]
 [1 1 1 1 1 1 1 1 1 1]
 [1 0 0 0 0 0 1 1 1 1]
 [0 0 1 1 0 1 0 1 1 1]
 [1 1 1 1 0 1 1 1 0 0]
 [1 1 1 1 1 1 1 0 1 1]
 [0 0 0 1 1 0 0 1 1 0]
 [1 1 1 0 1 1 1 1 0 1]
 [1 1 1 1 1 0 1 0 0 0]
 [0 1 0 1 1 1 0 1 0 0]
 [0 1 0 0 1 0 1 0 1 0]
 [1 1 0 0 0 1 1 0 1 0]
 [1 1 0 0 1 1 1 0 1 1]
 [1 1 1 1 1 0 1 1 0 0]
 [0 1 1 0 1 1 0 1 1 0]
 [1 0 1 1 1 0 1 1 1 0]
 [0 1 0 1 1 0 0 1 0 1]
 [1 1 1 1 0 0 1 1 0 0]
 [0 1 1 1 0 0 0 1 0 1]
 [1 1 1 0 1 1 0 1 1 1]
 [1 0 0 1 1 1 0 0 0 0]
 [1 0 0 0 1 1 1 1 1 0]
 [1 0 1 1 1 1 0 1 1 0]
 [1 0 1 1 1 0 1 1 0 1]
 [1 0 0 0 0 1 0 1 0 1]
 [0 1 0 0 1 0 0 0 0 1]
 [1 1 1 1 1 1 1 1 1 1]
 [1 1 1 1 1 1 1 1 0 1]]
{'restarts': 3, 'conflicts': 1053, 'decisions': 2992, 'propagations': 4074841}
Q is identifiable
branch at 6
runtime for solving id of Q is 1.0155950817279518
Simulation results:
{'J': 50, 'K': 10, 'N': 10, 'p': 0.6, 'seed': 18, 'sim': 6, 'runtime': 1.0155950817279518, 'identifiable': True, 'branch': 6}
7
Q: [[1 0 1 0 1 0 1 0 1 0]
 [1 1 1 1 0 1 0 1 1 1]
 [0 1 1 1 1 0 1 0 0 0]
 [1 1 1 1 1 1 0 0 0 1]
 [0 0 0 1 1 0 1 1 1 1]
 [1 0 0 0 1 1 1 1 1 1]
 [0 1 1 1 0 1 0 0 1 1]
 [0 0 0 0 1 1 1 1 1 0]
 [1 1 0 0 0 1 0 1 0 1]
 [0 1 1 1 0 0 1 0 0 0]
 [0 0 1 1 1 1 1 0 1 1]
 [1 1 1 1 1 1 1 0 0 1]
 [1 1 0 1 1 0 0 1 0 0]
 [1 1 1 1 1 0 1 0 1 1]
 [0 1 1 1 0 0 1 1 0 1]
 [1 0 1 1 1 1 1 1 1 1]
 [1 1 0 0 1 0 1 0 1 0]
 [0 0 0 0 1 1 1 0 0 1]
 [1 1 0 0 0 1 0 1 1 0]
 [1 1 1 1 0 1 1 1 1 1]
 [1 0 1 0 0 1 1 1 1 0]
 [0 1 1 0 1 0 0 1 0 0]
 [0 1 1 1 1 1 1 1 0 0]
 [1 1 1 1 1 0 1 1 0 0]
 [0 0 1 0 0 1 0 0 1 1]
 [1 1 1 0 0 1 1 1 0 1]
 [0 0 1 1 1 0 1 1 0 1]
 [0 1 0 1 0 1 0 0 1 1]
 [0 1 1 0 0 1 1 0 1 1]
 [1 0 0 1 1 0 1 1 1 1]
 [1 1 1 0 0 1 1 0 0 0]
 [0 0 1 0 0 0 0 0 1 1]
 [1 1 0 1 1 0 1 1 0 0]
 [1 0 1 1 1 0 1 0 0 0]
 [1 1 1 1 0 0 1 1 0 1]
 [1 0 1 1 1 0 0 0 0 1]
 [0 0 0 0 0 1 1 0 1 0]
 [1 1 1 1 0 0 1 0 1 1]
 [1 0 1 1 1 1 0 1 1 1]
 [1 1 0 1 0 1 1 1 0 1]
 [1 0 1 1 1 1 0 1 1 1]
 [0 1 1 0 1 0 1 1 0 1]
 [0 1 0 0 1 1 0 1 1 1]
 [0 1 1 1 0 0 1 1 0 1]
 [0 1 1 1 1 0 1 1 0 0]
 [0 0 1 1 0 1 0 1 1 1]
 [0 1 1 0 0 0 1 1 1 1]
 [1 1 0 1 1 0 0 0 1 0]
 [1 0 0 1 0 1 0 1 0 0]
 [0 1 1 1 1 1 0 1 1 0]]
{'restarts': 2, 'conflicts': 1161, 'decisions': 3188, 'propagations': 5478001}
Q is identifiable
branch at 6
runtime for solving id of Q is 1.4314114549197257
Simulation results:
{'J': 50, 'K': 10, 'N': 10, 'p': 0.6, 'seed': 18, 'sim': 7, 'runtime': 1.4314114549197257, 'identifiable': True, 'branch': 6}
8
Q: [[0 1 1 1 1 1 0 0 0 0]
 [0 0 1 1 1 1 1 0 1 0]
 [1 1 1 0 0 1 0 1 0 1]
 [1 1 1 1 0 1 1 1 1 0]
 [0 1 0 1 0 0 1 0 1 0]
 [1 1 1 0 0 1 0 1 0 1]
 [0 1 1 1 1 1 0 1 1 0]
 [0 1 0 0 1 1 1 1 0 0]
 [1 1 1 1 0 1 1 1 0 1]
 [0 1 1 1 0 0 1 1 1 0]
 [1 0 0 1 1 1 1 1 0 1]
 [0 0 0 0 1 0 0 0 1 0]
 [1 0 1 1 0 0 1 0 0 1]
 [1 1 1 0 0 1 1 0 1 1]
 [1 0 0 1 1 0 0 1 1 1]
 [1 0 0 0 1 1 0 0 1 1]
 [0 0 0 0 1 1 1 1 0 1]
 [0 0 1 1 1 1 0 0 0 1]
 [1 0 1 1 0 1 0 1 0 0]
 [1 1 1 1 0 1 1 1 1 0]
 [1 1 0 0 0 1 1 1 0 0]
 [1 1 0 1 1 0 1 0 1 1]
 [0 1 0 1 0 1 0 1 0 1]
 [1 1 0 1 0 0 1 1 1 0]
 [0 1 1 1 1 0 0 1 0 0]
 [1 1 1 1 1 0 1 0 0 1]
 [0 1 1 1 1 0 1 0 1 1]
 [0 0 0 1 1 1 0 1 0 1]
 [1 0 1 1 1 1 1 0 0 1]
 [1 1 1 1 1 1 0 0 0 0]
 [0 1 0 1 1 1 1 0 0 0]
 [1 0 1 0 0 1 1 1 1 1]
 [1 0 1 1 0 1 0 1 1 0]
 [0 1 1 1 1 0 1 1 0 1]
 [0 1 0 1 0 1 0 1 0 1]
 [1 1 1 1 1 1 0 0 0 0]
 [1 1 0 1 1 0 0 1 1 1]
 [0 1 0 0 1 1 1 0 1 0]
 [1 1 1 0 1 1 0 0 1 1]
 [0 0 1 0 1 1 1 1 0 1]
 [1 0 0 1 0 1 1 0 1 0]
 [1 0 0 0 0 0 0 1 1 0]
 [0 1 1 0 0 1 0 1 0 1]
 [1 1 1 0 1 0 1 1 0 1]
 [0 0 0 1 0 1 0 1 1 0]
 [1 0 0 0 1 1 0 1 1 0]
 [1 1 1 0 1 1 1 1 0 1]
 [1 1 0 1 1 0 1 0 1 1]
 [1 0 1 1 0 0 0 0 0 1]
 [0 0 1 1 1 0 1 1 1 0]]
{'restarts': 2, 'conflicts': 1473, 'decisions': 3507, 'propagations': 7055372}
Q is identifiable
branch at 6
runtime for solving id of Q is 1.5202043810859323
Simulation results:
{'J': 50, 'K': 10, 'N': 10, 'p': 0.6, 'seed': 18, 'sim': 8, 'runtime': 1.5202043810859323, 'identifiable': True, 'branch': 6}
9
Q: [[1 1 1 1 0 0 0 0 1 0]
 [0 1 1 1 0 0 1 0 1 1]
 [0 0 0 0 1 0 0 1 1 0]
 [1 1 1 1 1 1 0 1 1 1]
 [0 0 1 0 0 1 1 1 1 1]
 [1 0 0 0 1 0 1 0 0 0]
 [1 1 1 0 1 0 1 1 1 0]
 [1 0 0 1 0 1 0 1 1 0]
 [1 0 1 0 0 0 1 0 1 1]
 [1 0 0 0 1 0 1 1 1 1]
 [1 0 0 1 1 1 1 1 1 0]
 [1 0 1 0 1 1 1 1 0 1]
 [0 0 0 1 0 0 1 1 0 1]
 [1 0 1 0 1 0 0 1 0 1]
 [1 1 1 0 0 1 0 1 1 1]
 [1 1 1 1 1 1 1 1 0 0]
 [1 1 1 0 1 0 1 1 0 0]
 [1 1 1 0 0 0 1 1 1 0]
 [1 0 0 0 1 0 0 0 1 1]
 [1 1 1 1 1 1 1 1 1 1]
 [0 0 1 1 1 1 0 0 1 1]
 [0 0 1 0 0 1 1 1 1 1]
 [1 0 1 1 0 0 0 0 0 1]
 [0 1 1 1 1 1 1 0 1 1]
 [0 1 1 0 1 1 1 1 1 1]
 [1 1 0 1 1 1 1 0 1 1]
 [0 1 1 1 1 0 0 1 1 1]
 [1 1 1 1 0 1 1 0 1 0]
 [0 0 1 1 0 1 1 1 0 1]
 [1 1 0 0 1 1 0 1 1 0]
 [0 0 0 1 1 0 0 0 0 1]
 [1 0 1 0 0 1 0 1 0 0]
 [1 1 1 1 0 1 1 0 1 1]
 [1 0 1 0 1 0 1 1 1 1]
 [1 1 1 1 1 0 1 1 1 0]
 [0 0 1 1 1 1 1 1 0 1]
 [1 0 1 1 1 1 0 1 1 1]
 [0 0 1 1 1 0 1 1 1 1]
 [0 1 1 1 0 1 1 1 1 1]
 [1 1 1 0 1 1 0 1 1 1]
 [1 0 0 0 1 0 1 0 1 1]
 [1 1 0 1 1 0 0 1 1 1]
 [0 0 0 0 1 0 0 1 1 1]
 [1 1 1 1 1 1 1 1 0 1]
 [1 0 1 0 1 0 1 0 0 1]
 [1 0 1 1 1 1 0 0 1 0]
 [1 1 1 1 1 1 0 0 1 0]
 [1 0 1 1 1 0 1 1 1 1]
 [0 0 1 0 1 0 1 1 1 1]
 [1 1 0 0 0 1 1 0 1 0]]
{'restarts': 2, 'conflicts': 929, 'decisions': 2365, 'propagations': 2383148}
Q is identifiable
branch at 6
runtime for solving id of Q is 0.6641388260759413
Simulation results:
{'J': 50, 'K': 10, 'N': 10, 'p': 0.6, 'seed': 18, 'sim': 9, 'runtime': 0.6641388260759413, 'identifiable': True, 'branch': 6}
Simulation results:
[{'J': 50, 'K': 10, 'N': 10, 'p': 0.6, 'seed': 18, 'sim': 0, 'runtime': 5.795396569184959, 'identifiable': True, 'branch': 6}, {'J': 50, 'K': 10, 'N': 10, 'p': 0.6, 'seed': 18, 'sim': 1, 'runtime': 1.3616002621129155, 'identifiable': True, 'branch': 6}, {'J': 50, 'K': 10, 'N': 10, 'p': 0.6, 'seed': 18, 'sim': 2, 'runtime': 1.773559050168842, 'identifiable': True, 'branch': 6}, {'J': 50, 'K': 10, 'N': 10, 'p': 0.6, 'seed': 18, 'sim': 3, 'runtime': 0.9835629556328058, 'identifiable': True, 'branch': 6}, {'J': 50, 'K': 10, 'N': 10, 'p': 0.6, 'seed': 18, 'sim': 4, 'runtime': 1.106846020091325, 'identifiable': True, 'branch': 6}, {'J': 50, 'K': 10, 'N': 10, 'p': 0.6, 'seed': 18, 'sim': 5, 'runtime': 0.7831372739747167, 'identifiable': True, 'branch': 6}, {'J': 50, 'K': 10, 'N': 10, 'p': 0.6, 'seed': 18, 'sim': 6, 'runtime': 1.0155950817279518, 'identifiable': True, 'branch': 6}, {'J': 50, 'K': 10, 'N': 10, 'p': 0.6, 'seed': 18, 'sim': 7, 'runtime': 1.4314114549197257, 'identifiable': True, 'branch': 6}, {'J': 50, 'K': 10, 'N': 10, 'p': 0.6, 'seed': 18, 'sim': 8, 'runtime': 1.5202043810859323, 'identifiable': True, 'branch': 6}, {'J': 50, 'K': 10, 'N': 10, 'p': 0.6, 'seed': 18, 'sim': 9, 'runtime': 0.6641388260759413, 'identifiable': True, 'branch': 6}]
