
The Gurobi software has a limited number of licenses. To request a license or
licenses, add this line

    #SBATCH --licenses=gurobi@slurmdb:1

to your SBATCH script, replacing N with the number of licenses you need. Gurobi
will need one license per process.


0
Q: [[1 1 0 1 0 1 0 0 1 1]
 [0 1 1 1 0 1 1 1 1 1]
 [1 1 1 1 1 1 1 1 1 1]
 [0 1 1 0 0 1 0 0 1 1]
 [0 1 1 1 1 1 1 1 1 0]
 [1 0 0 0 1 1 0 0 1 1]
 [0 1 1 1 1 1 1 1 0 1]
 [1 1 1 0 1 1 0 1 1 1]
 [1 1 1 0 1 1 0 1 1 1]
 [0 1 1 1 1 0 0 1 1 1]
 [1 1 1 1 0 1 1 1 1 0]
 [1 1 0 1 1 1 1 1 0 1]
 [0 0 0 1 1 0 0 0 0 1]
 [1 1 0 1 1 0 1 1 1 0]
 [1 0 1 1 1 1 0 1 1 1]
 [1 1 1 1 1 0 1 1 0 1]
 [1 1 0 1 1 1 1 1 1 1]
 [1 1 0 0 1 0 1 0 1 1]
 [1 1 1 1 0 1 1 1 1 1]
 [0 1 1 0 0 1 1 1 1 0]
 [0 1 1 0 0 1 0 1 1 1]
 [1 1 0 1 1 1 0 1 0 1]
 [1 1 0 1 1 1 1 1 1 0]
 [1 0 0 0 1 1 1 0 0 0]
 [1 0 0 1 0 1 1 0 1 1]
 [0 0 1 0 0 1 1 0 1 0]
 [1 1 0 1 1 1 1 1 1 1]
 [1 0 1 1 1 1 1 0 0 1]
 [1 0 1 1 1 1 1 1 1 0]
 [0 1 1 1 1 1 1 1 1 1]
 [0 1 1 0 1 0 1 1 1 0]
 [1 1 1 1 1 0 0 1 0 0]
 [0 0 1 1 1 0 1 0 1 1]
 [0 1 1 0 1 1 0 1 0 0]
 [0 0 1 0 0 1 1 0 1 1]
 [1 0 0 0 0 1 0 1 0 0]
 [0 1 1 0 1 1 1 0 1 0]
 [0 0 1 0 1 0 0 1 1 1]
 [0 1 1 1 0 1 1 1 1 1]
 [0 1 1 0 1 0 1 1 1 0]
 [0 1 1 1 1 1 1 1 0 1]
 [1 1 1 1 0 0 0 1 0 1]
 [1 1 1 0 0 0 1 0 1 1]
 [1 1 1 1 1 1 1 1 0 1]
 [1 1 1 1 1 0 1 1 0 1]
 [1 0 0 1 1 1 1 0 1 0]
 [1 0 1 1 1 1 1 1 0 0]
 [1 0 1 0 1 1 0 0 0 1]
 [1 0 1 1 1 1 0 1 1 1]
 [1 0 1 1 1 1 0 1 1 1]
 [0 1 1 0 0 1 1 1 1 0]
 [1 1 1 1 1 1 1 1 1 0]
 [1 1 1 1 1 1 1 1 1 0]
 [1 1 0 1 0 1 1 1 0 1]
 [1 0 1 1 0 1 0 1 1 1]
 [0 0 0 1 0 0 0 0 1 1]
 [1 1 1 0 1 1 1 0 0 1]
 [1 1 1 1 1 0 1 1 1 1]
 [1 0 1 0 1 1 0 0 1 1]
 [0 0 1 1 1 1 1 1 1 1]
 [1 0 1 1 1 1 1 0 1 1]
 [1 0 1 1 0 0 0 0 0 1]
 [1 1 1 1 0 1 1 0 1 1]
 [1 1 1 1 0 1 1 1 0 1]
 [0 1 0 1 0 0 1 0 0 1]
 [1 0 0 1 1 0 1 0 0 1]
 [1 1 0 0 1 1 1 1 1 1]
 [1 1 1 1 1 0 1 1 1 1]
 [1 1 1 0 1 1 0 1 1 1]
 [1 1 1 0 1 1 1 1 0 1]
 [1 0 1 1 1 0 1 1 0 0]
 [0 1 0 0 1 1 1 0 0 1]
 [1 0 0 0 1 1 1 1 1 1]
 [1 0 0 1 1 1 1 1 1 1]
 [1 1 1 1 1 0 1 1 1 0]
 [1 1 1 0 0 1 0 1 1 1]
 [0 1 1 1 1 1 1 1 1 1]
 [1 0 0 1 1 1 1 0 1 0]
 [0 1 1 0 0 1 0 1 0 1]
 [1 1 1 0 1 0 1 0 1 1]
 [1 0 1 1 0 0 1 1 1 1]
 [0 0 0 1 1 1 1 1 0 1]
 [1 1 0 0 0 1 1 1 1 1]
 [1 1 1 1 1 1 1 1 1 1]
 [1 1 1 1 1 1 1 0 0 1]
 [1 1 1 1 0 1 0 1 0 1]
 [1 1 1 0 1 0 1 1 0 1]
 [1 1 0 0 0 1 1 1 0 1]
 [0 1 1 1 0 0 0 1 1 1]
 [1 1 1 1 1 1 1 1 1 0]
 [1 0 1 0 1 1 0 0 0 0]
 [1 0 1 1 1 1 1 1 1 1]
 [0 1 0 1 1 0 0 1 1 0]
 [1 0 1 1 0 1 0 1 1 1]
 [0 0 1 0 0 1 0 1 0 1]
 [0 0 0 1 1 0 0 0 1 0]
 [0 0 1 1 1 0 1 1 1 0]
 [0 1 1 0 0 0 1 1 0 1]
 [0 1 1 1 1 1 1 1 1 1]
 [1 1 1 1 0 1 1 0 1 1]]
{'restarts': 4, 'conflicts': 1004, 'decisions': 2333, 'propagations': 922796}
Q is identifiable
branch at 6
runtime for solving id of Q is 0.3373843999579549
Simulation results:
{'J': 100, 'K': 10, 'N': 10, 'p': 0.7, 'seed': 787, 'sim': 0, 'runtime': 0.3373843999579549, 'identifiable': 1, 'branch': 6}
1
Q: [[1 1 0 0 1 0 1 1 1 1]
 [1 1 1 1 0 1 1 1 1 1]
 [1 1 1 1 1 0 0 0 1 1]
 [0 0 1 1 1 1 1 0 1 1]
 [1 1 1 1 0 1 1 1 0 0]
 [1 1 0 0 1 0 1 1 1 0]
 [1 1 1 1 0 0 1 0 0 0]
 [0 0 1 1 1 1 0 1 1 1]
 [1 1 1 1 1 1 1 1 1 1]
 [1 1 1 1 0 1 1 0 1 1]
 [1 1 1 0 1 1 0 1 1 0]
 [0 0 1 0 1 0 0 1 0 1]
 [1 0 0 0 0 1 1 1 1 0]
 [0 1 1 1 0 1 0 1 1 0]
 [1 1 1 0 0 0 0 1 1 1]
 [1 1 1 1 0 0 1 1 1 1]
 [1 1 0 0 0 1 1 1 0 1]
 [1 1 1 1 1 0 1 1 0 1]
 [0 1 1 1 1 1 1 0 1 1]
 [1 1 1 0 1 0 0 1 0 1]
 [0 0 1 1 1 0 0 1 1 1]
 [1 1 1 0 1 1 1 1 0 0]
 [0 1 1 1 0 0 1 1 0 1]
 [1 0 1 1 0 1 1 0 1 1]
 [1 1 1 1 1 0 1 1 1 0]
 [0 0 0 1 1 1 0 1 1 1]
 [1 1 0 0 0 0 1 1 0 1]
 [1 1 0 0 1 1 0 1 1 1]
 [1 0 0 1 1 1 0 1 0 1]
 [0 1 1 1 0 0 1 1 0 1]
 [1 0 1 1 1 1 1 1 1 0]
 [1 1 0 1 1 0 1 1 0 1]
 [1 1 1 1 1 1 1 1 1 1]
 [1 1 0 0 1 0 1 0 0 0]
 [0 1 1 1 1 1 1 1 1 1]
 [1 1 1 0 1 1 0 1 0 1]
 [1 0 0 0 1 0 0 0 1 1]
 [1 1 1 0 1 1 0 0 0 1]
 [1 1 1 1 1 1 1 1 0 0]
 [0 1 1 1 0 0 1 1 1 1]
 [1 1 1 1 0 0 1 1 0 1]
 [1 1 0 0 0 1 1 0 0 0]
 [1 0 1 0 0 1 1 1 1 1]
 [1 1 1 0 0 1 1 1 0 1]
 [0 0 1 0 0 1 1 1 1 0]
 [1 1 1 1 1 0 1 1 0 1]
 [0 1 0 0 1 1 1 1 1 1]
 [1 0 0 1 1 1 1 1 1 1]
 [0 1 1 1 1 1 1 1 0 1]
 [0 1 0 1 1 1 1 1 1 1]
 [1 1 1 0 1 1 1 1 1 1]
 [0 1 0 0 0 0 1 0 1 1]
 [1 0 0 1 1 1 1 1 1 1]
 [1 0 0 0 1 1 1 1 1 0]
 [0 1 0 1 0 1 1 1 1 1]
 [1 1 1 0 0 1 1 1 1 0]
 [1 1 1 0 1 1 1 1 0 1]
 [1 0 1 1 1 1 1 1 1 0]
 [0 1 0 1 1 1 1 1 1 0]
 [0 1 1 0 1 1 0 0 1 1]
 [0 0 0 0 1 1 1 1 1 1]
 [1 1 0 1 0 1 1 1 1 1]
 [0 1 1 1 0 0 1 1 0 1]
 [1 0 0 1 1 1 1 1 1 1]
 [1 1 1 1 1 1 1 1 1 1]
 [1 1 1 0 1 1 1 0 1 1]
 [0 1 0 1 1 1 0 1 1 1]
 [1 1 1 1 0 0 1 0 1 1]
 [1 1 1 1 1 1 1 0 0 1]
 [1 0 0 0 1 1 1 1 1 1]
 [0 1 0 1 1 1 0 1 1 1]
 [1 1 0 1 1 1 0 0 1 1]
 [1 0 1 1 1 1 0 0 1 1]
 [1 1 1 0 0 0 1 0 0 1]
 [1 0 0 0 1 1 1 0 1 1]
 [1 1 0 1 0 0 1 1 1 0]
 [1 0 1 1 0 1 0 0 1 1]
 [0 1 0 0 1 1 1 0 1 1]
 [1 1 1 1 0 0 0 1 0 1]
 [0 1 1 1 1 1 1 1 1 0]
 [1 1 1 1 1 0 1 1 0 1]
 [1 1 1 1 0 0 1 1 0 1]
 [1 1 1 1 1 0 0 1 0 0]
 [0 1 0 1 0 1 1 1 1 1]
 [1 1 0 0 1 0 1 1 1 1]
 [1 1 0 1 1 1 1 1 1 0]
 [1 0 1 0 0 1 1 1 1 1]
 [0 1 0 1 1 1 1 0 1 0]
 [1 1 0 0 0 1 1 1 1 1]
 [1 1 1 0 1 0 0 1 1 1]
 [1 0 1 1 1 1 0 1 1 1]
 [0 0 0 1 1 1 0 1 0 0]
 [1 0 1 1 1 1 1 0 1 1]
 [0 0 1 0 1 1 1 0 1 1]
 [1 1 1 1 0 0 1 1 0 1]
 [1 1 1 0 0 1 1 0 0 1]
 [1 1 0 1 0 1 0 1 1 1]
 [0 0 0 1 1 0 1 1 1 1]
 [0 0 1 0 1 0 1 1 0 1]
 [1 1 0 0 1 1 1 1 1 0]]
{'restarts': 49, 'conflicts': 19788, 'decisions': 30676, 'propagations': 20480854}
Q is identifiable
branch at 6
runtime for solving id of Q is 2.6277272403240204
Simulation results:
{'J': 100, 'K': 10, 'N': 10, 'p': 0.7, 'seed': 787, 'sim': 1, 'runtime': 2.6277272403240204, 'identifiable': 1, 'branch': 6}
2
Q: [[1 1 1 1 1 1 1 1 1 1]
 [1 1 1 0 1 0 0 1 1 1]
 [0 1 1 1 1 0 1 1 1 1]
 [0 1 1 0 0 1 1 1 0 1]
 [1 1 1 1 0 1 1 1 0 0]
 [0 1 1 0 0 1 1 0 1 1]
 [1 1 0 0 1 0 1 1 0 1]
 [1 0 1 1 0 1 0 0 0 0]
 [1 1 0 0 0 0 1 0 0 1]
 [1 1 1 0 1 1 1 0 0 1]
 [1 0 0 1 1 1 1 1 1 1]
 [1 1 1 1 1 0 0 1 1 1]
 [0 1 1 1 1 1 1 1 0 0]
 [1 0 1 1 1 0 0 1 0 0]
 [1 1 1 0 1 1 1 1 1 1]
 [0 1 1 0 1 0 1 1 1 0]
 [1 0 1 0 0 0 1 1 1 0]
 [1 1 1 0 1 0 1 1 1 1]
 [1 1 0 1 0 1 0 0 1 1]
 [1 1 1 1 0 1 1 1 0 1]
 [0 1 1 1 0 1 1 1 1 1]
 [0 1 0 0 1 1 0 0 0 0]
 [1 1 1 0 1 0 1 1 1 0]
 [1 1 1 1 1 1 1 1 1 0]
 [0 1 1 1 0 0 1 1 1 1]
 [0 1 0 1 1 1 1 1 0 1]
 [0 0 1 0 1 0 1 1 0 1]
 [1 1 1 1 1 1 1 1 1 1]
 [1 1 1 1 1 0 1 1 1 0]
 [1 1 0 1 0 0 1 1 1 1]
 [1 1 1 1 0 1 1 1 1 0]
 [0 0 1 1 0 0 1 1 1 1]
 [0 1 0 0 0 1 1 1 1 1]
 [1 1 0 1 1 1 0 0 1 1]
 [0 0 1 1 0 1 1 1 1 0]
 [1 1 0 0 1 1 1 1 0 1]
 [1 0 1 0 1 1 1 1 1 1]
 [1 1 1 1 1 0 1 1 1 0]
 [1 1 1 1 1 1 1 1 1 1]
 [1 0 1 1 1 1 1 0 1 0]
 [0 0 1 1 0 1 0 1 1 1]
 [1 1 1 1 1 1 1 1 0 1]
 [1 0 1 0 1 1 0 1 0 0]
 [1 0 1 0 1 1 1 1 0 1]
 [1 1 1 1 1 1 0 1 0 0]
 [1 0 0 0 0 1 1 1 0 1]
 [1 1 0 0 0 1 1 1 1 1]
 [0 1 0 1 1 1 0 1 1 0]
 [0 1 1 1 0 0 1 1 0 0]
 [1 1 1 1 1 0 1 1 1 1]
 [1 1 1 1 1 1 0 0 0 0]
 [1 1 1 0 1 1 1 1 1 0]
 [1 1 1 0 1 1 0 1 1 1]
 [1 1 1 1 1 0 0 1 0 0]
 [0 0 1 0 1 0 1 1 1 1]
 [1 1 1 1 0 1 1 0 1 1]
 [1 0 1 1 1 1 1 1 1 0]
 [0 1 1 0 1 1 0 0 0 1]
 [1 1 0 1 0 0 1 1 1 1]
 [0 1 0 1 1 1 1 1 1 1]
 [0 1 1 1 1 1 1 1 1 1]
 [1 1 1 1 0 0 1 0 0 1]
 [1 0 1 0 0 1 0 1 1 1]
 [1 1 0 1 1 0 1 1 1 0]
 [0 0 1 0 0 1 1 1 1 1]
 [1 0 1 1 1 1 1 0 0 1]
 [1 0 0 1 1 1 1 0 1 0]
 [1 1 1 1 1 1 0 1 1 0]
 [1 1 0 0 1 1 1 1 0 1]
 [0 0 0 1 1 0 0 1 1 1]
 [1 0 1 1 0 0 0 0 1 1]
 [1 1 0 1 1 1 0 1 1 0]
 [0 1 0 0 0 1 1 1 0 1]
 [1 1 1 1 1 1 1 1 1 0]
 [1 1 0 1 0 0 1 1 1 1]
 [0 0 1 1 0 0 0 1 1 1]
 [1 1 0 1 1 1 1 1 0 1]
 [1 1 1 1 1 1 1 0 1 1]
 [1 0 1 1 1 1 1 1 0 0]
 [1 1 1 1 0 1 1 1 0 1]
 [1 1 0 1 1 1 1 1 1 0]
 [1 1 1 1 1 1 1 0 1 0]
 [1 1 1 1 0 0 1 1 1 1]
 [1 1 0 0 1 1 1 1 0 0]
 [1 1 1 1 0 0 1 1 1 1]
 [0 0 1 1 1 0 1 1 1 1]
 [1 1 0 1 1 1 0 1 1 1]
 [1 1 1 1 1 0 1 1 1 1]
 [1 1 0 1 1 1 1 1 0 1]
 [1 1 1 1 1 1 1 1 1 1]
 [1 1 1 1 0 1 1 0 0 1]
 [1 1 1 0 1 1 1 1 0 1]
 [1 1 0 1 1 1 1 1 1 1]
 [1 1 1 0 0 1 1 0 1 1]
 [1 1 1 0 1 1 0 1 1 1]
 [0 1 0 0 0 0 1 0 0 1]
 [0 1 1 0 1 0 0 0 1 1]
 [1 0 1 1 1 1 0 1 1 1]
 [0 1 0 1 0 0 1 0 1 1]
 [1 1 1 1 0 1 0 1 1 1]]
{'restarts': 26, 'conflicts': 11171, 'decisions': 19277, 'propagations': 10111688}
Q is identifiable
branch at 6
runtime for solving id of Q is 1.4393233340233564
Simulation results:
{'J': 100, 'K': 10, 'N': 10, 'p': 0.7, 'seed': 787, 'sim': 2, 'runtime': 1.4393233340233564, 'identifiable': 1, 'branch': 6}
3
Q: [[0 0 0 1 1 0 1 1 1 0]
 [1 0 0 1 1 1 1 1 1 1]
 [1 0 0 1 1 1 1 1 1 1]
 [0 1 0 0 0 1 1 1 1 0]
 [1 1 0 1 0 0 0 1 1 1]
 [0 0 1 0 0 1 1 1 1 1]
 [1 1 1 0 0 1 1 1 0 1]
 [1 0 1 1 1 1 1 1 1 1]
 [1 0 0 1 1 0 1 1 1 1]
 [1 1 1 1 1 1 0 1 1 1]
 [1 1 1 1 1 1 1 1 1 1]
 [1 1 0 1 1 1 1 1 0 0]
 [1 1 0 0 1 0 1 0 1 0]
 [0 1 1 1 0 1 0 0 1 1]
 [1 1 0 1 1 0 1 1 1 1]
 [0 1 1 1 1 0 0 0 0 1]
 [1 0 1 1 1 1 1 1 1 1]
 [1 1 1 1 1 1 0 1 0 1]
 [1 1 1 0 0 1 1 1 1 1]
 [1 1 1 1 1 1 1 0 1 1]
 [1 1 0 1 0 1 1 1 1 0]
 [1 1 0 1 1 1 1 0 1 1]
 [1 1 1 1 1 0 1 1 1 1]
 [1 1 0 1 1 1 1 1 1 0]
 [1 1 1 1 1 1 1 0 1 0]
 [0 1 0 1 0 0 1 1 1 1]
 [0 1 1 1 1 1 1 1 1 1]
 [0 1 1 1 0 1 1 1 1 1]
 [0 1 0 1 1 0 1 0 0 1]
 [1 1 1 1 1 1 1 1 0 1]
 [1 1 1 1 1 1 0 0 1 0]
 [1 1 1 1 0 1 1 0 1 0]
 [0 0 1 0 1 0 1 1 1 1]
 [1 0 0 1 1 1 1 1 1 1]
 [1 1 0 1 0 1 0 1 1 1]
 [0 0 1 0 1 1 1 1 0 1]
 [1 1 1 1 0 1 1 0 1 1]
 [1 0 0 1 0 1 1 1 1 0]
 [0 1 1 0 0 0 1 1 1 1]
 [1 1 1 0 1 0 1 1 0 1]
 [1 1 1 0 1 0 1 0 1 0]
 [1 0 1 1 1 1 0 0 1 1]
 [0 1 1 1 1 1 1 0 1 1]
 [1 1 0 1 1 0 1 0 1 0]
 [1 1 1 0 0 0 1 0 1 0]
 [1 1 0 1 0 1 1 0 0 1]
 [1 1 1 0 1 1 1 0 1 0]
 [1 1 1 1 1 1 1 1 1 0]
 [1 1 0 0 1 1 1 1 1 1]
 [1 1 0 1 1 1 0 1 0 0]
 [1 1 1 1 1 1 0 1 1 1]
 [1 1 0 0 1 1 1 1 0 1]
 [1 1 0 1 0 0 1 0 1 1]
 [1 0 1 1 0 1 1 1 1 0]
 [1 1 1 1 0 1 1 1 1 0]
 [0 1 1 1 1 1 0 0 1 1]
 [1 0 0 1 0 0 1 0 1 1]
 [1 1 1 1 1 1 1 1 1 0]
 [0 1 1 1 0 1 1 0 1 1]
 [0 0 1 0 1 1 0 1 1 0]
 [1 1 1 1 1 1 1 1 1 1]
 [1 1 1 1 0 0 0 1 0 1]
 [1 1 0 1 0 0 1 1 1 0]
 [1 0 1 1 1 1 1 0 1 1]
 [0 1 1 1 1 0 1 0 1 0]
 [0 0 1 1 1 1 1 0 1 1]
 [1 0 1 1 0 1 1 0 1 1]
 [1 1 1 1 1 0 0 1 1 1]
 [0 0 1 0 1 0 1 0 1 0]
 [1 0 1 0 1 1 1 1 1 1]
 [1 1 1 1 0 1 0 1 1 0]
 [1 1 1 1 1 0 0 1 0 0]
 [0 1 0 1 1 0 1 0 0 0]
 [1 0 1 1 1 1 1 1 1 1]
 [0 1 1 1 1 1 0 1 1 0]
 [1 1 0 1 0 1 1 1 0 1]
 [1 0 1 1 1 1 1 1 1 0]
 [1 1 1 0 1 1 0 1 0 1]
 [1 1 1 0 1 1 1 1 0 1]
 [0 0 1 1 1 1 1 0 1 1]
 [0 0 1 1 1 1 1 1 1 1]
 [1 0 1 0 1 1 1 1 0 1]
 [1 0 0 1 1 1 0 1 1 0]
 [1 0 1 1 1 1 0 1 1 1]
 [0 1 1 1 1 1 0 0 0 0]
 [1 1 1 0 1 0 1 1 1 1]
 [0 1 1 1 1 1 0 1 1 1]
 [0 0 1 1 0 0 1 1 1 1]
 [1 0 1 0 0 1 1 1 0 1]
 [1 1 1 1 1 1 1 1 0 1]
 [1 0 1 1 1 1 0 1 0 1]
 [0 1 1 0 0 1 1 1 1 0]
 [1 1 0 1 1 1 1 0 1 1]
 [1 1 1 0 1 0 0 1 1 1]
 [0 1 1 1 1 1 0 0 0 1]
 [0 0 0 1 1 1 1 1 0 1]
 [1 1 1 1 1 1 1 0 1 1]
 [1 1 1 1 1 1 0 1 1 1]
 [1 1 1 1 1 1 1 0 1 0]
 [0 1 1 0 1 1 1 1 1 0]]
{'restarts': 31, 'conflicts': 14697, 'decisions': 25041, 'propagations': 13916217}
Q is identifiable
branch at 6
runtime for solving id of Q is 1.9675608165562153
Simulation results:
{'J': 100, 'K': 10, 'N': 10, 'p': 0.7, 'seed': 787, 'sim': 3, 'runtime': 1.9675608165562153, 'identifiable': 1, 'branch': 6}
4
Q: [[1 0 1 1 0 0 1 1 1 0]
 [1 1 0 1 1 1 1 0 0 1]
 [1 0 1 1 1 1 0 1 1 1]
 [1 1 0 1 1 1 1 1 1 1]
 [1 1 1 1 1 1 1 0 1 0]
 [1 1 1 1 1 0 1 1 0 1]
 [0 1 0 1 1 1 1 1 1 0]
 [0 1 1 1 1 0 1 1 1 1]
 [1 1 0 1 0 0 1 1 1 1]
 [1 0 1 1 0 1 0 0 1 1]
 [0 1 0 1 1 1 0 1 0 0]
 [0 1 1 1 0 1 0 1 1 1]
 [1 0 1 0 0 0 1 1 1 1]
 [0 1 1 1 1 1 1 1 1 1]
 [1 1 1 1 1 0 1 1 1 1]
 [0 1 1 0 0 0 1 1 1 0]
 [1 1 1 1 0 1 1 1 1 1]
 [0 1 0 0 0 1 1 1 1 1]
 [1 1 1 1 1 1 1 1 1 0]
 [1 0 1 0 1 1 1 0 0 1]
 [1 1 1 1 0 1 1 1 0 1]
 [1 0 1 1 1 1 0 1 1 1]
 [0 1 1 1 0 1 1 1 1 0]
 [1 1 1 1 1 1 0 1 1 1]
 [1 1 1 1 1 1 1 1 1 1]
 [1 1 1 1 1 0 0 0 1 1]
 [1 1 1 0 1 1 1 0 1 1]
 [0 1 1 1 1 1 1 0 1 0]
 [1 0 1 1 1 0 0 0 1 0]
 [1 1 0 1 1 0 1 0 1 0]
 [0 0 0 1 1 1 0 1 0 1]
 [1 1 1 0 1 1 1 0 0 0]
 [1 1 1 1 1 1 0 1 1 1]
 [1 1 1 1 1 0 1 1 1 0]
 [1 0 0 1 0 1 1 1 1 1]
 [1 1 0 1 1 0 0 1 1 1]
 [1 0 1 1 1 1 1 1 1 1]
 [1 1 0 1 1 1 1 0 1 1]
 [0 1 1 0 1 1 0 1 1 1]
 [1 1 1 1 0 1 0 1 1 1]
 [1 1 1 0 1 0 0 0 1 0]
 [0 0 1 1 1 1 1 1 1 0]
 [1 1 1 1 0 1 0 0 1 1]
 [0 1 0 1 0 1 1 1 1 0]
 [1 1 0 1 1 1 1 1 1 1]
 [0 1 0 0 1 1 1 1 0 1]
 [1 0 1 1 1 1 1 1 1 1]
 [1 1 1 1 1 1 1 1 0 1]
 [1 1 0 1 1 1 1 1 1 1]
 [1 1 1 0 1 1 1 1 0 1]
 [1 1 1 0 1 0 1 1 0 1]
 [0 0 0 0 1 1 1 0 1 0]
 [0 1 1 1 1 0 1 1 1 1]
 [1 1 0 1 1 1 1 1 1 1]
 [1 1 1 1 1 1 1 1 1 0]
 [0 1 0 1 1 1 0 1 1 0]
 [1 1 0 1 1 0 1 1 0 1]
 [1 1 1 0 1 1 1 1 1 1]
 [1 1 1 1 1 1 1 1 0 0]
 [1 1 0 1 0 1 1 1 0 1]
 [1 1 0 1 1 0 1 1 1 1]
 [1 1 1 1 0 1 1 1 1 1]
 [1 1 1 0 0 1 1 0 1 1]
 [1 1 1 0 1 1 1 1 1 1]
 [0 1 1 1 0 1 0 0 1 0]
 [0 1 0 0 1 1 1 1 1 1]
 [1 0 1 1 1 1 1 1 0 1]
 [0 1 1 0 1 1 1 0 0 0]
 [1 0 0 1 1 1 1 0 1 0]
 [1 0 0 1 0 1 0 1 1 1]
 [0 1 1 0 1 1 1 1 1 0]
 [1 1 1 1 1 1 0 1 1 0]
 [1 1 1 1 1 0 1 1 1 1]
 [1 1 0 0 1 1 0 1 1 1]
 [1 1 1 1 1 1 1 1 1 0]
 [1 0 0 1 1 1 1 1 1 0]
 [1 1 1 1 1 1 0 1 1 1]
 [0 1 1 1 1 1 1 1 1 0]
 [1 1 0 0 0 0 1 1 1 1]
 [1 1 0 1 1 1 0 1 1 1]
 [0 1 1 1 1 1 1 1 1 1]
 [1 0 1 1 0 0 1 1 1 1]
 [1 0 1 1 1 1 0 1 0 1]
 [0 1 1 1 1 0 0 0 1 1]
 [1 1 1 1 1 1 1 0 1 1]
 [0 1 0 1 0 1 1 1 1 1]
 [0 1 1 1 1 1 1 1 1 1]
 [0 0 1 1 0 0 1 0 0 1]
 [1 1 0 1 1 1 0 1 1 1]
 [0 1 0 1 1 0 1 1 0 1]
 [1 0 1 0 1 1 1 1 1 1]
 [0 0 1 1 0 1 0 1 0 0]
 [1 1 0 1 1 1 0 1 1 1]
 [1 1 1 1 0 1 1 1 1 0]
 [0 1 1 1 1 1 1 0 0 1]
 [1 1 1 1 0 0 0 1 1 0]
 [1 1 0 0 1 1 1 0 1 0]
 [0 1 1 1 0 1 0 1 1 0]
 [0 1 1 1 1 1 1 1 0 0]
 [1 1 0 1 1 1 0 1 1 0]]
{'restarts': 8, 'conflicts': 3223, 'decisions': 6625, 'propagations': 2534943}
Q is identifiable
branch at 6
runtime for solving id of Q is 0.46727438550442457
Simulation results:
{'J': 100, 'K': 10, 'N': 10, 'p': 0.7, 'seed': 787, 'sim': 4, 'runtime': 0.46727438550442457, 'identifiable': 1, 'branch': 6}
5
Q: [[1 1 1 0 1 0 0 1 0 1]
 [1 0 1 1 1 1 1 1 1 1]
 [1 1 0 1 1 0 0 1 1 0]
 [1 1 1 1 1 1 1 1 1 1]
 [1 1 0 0 1 0 1 0 1 1]
 [0 1 0 1 1 0 1 0 1 1]
 [1 1 1 1 1 1 1 1 0 1]
 [1 1 0 1 1 1 1 1 0 1]
 [1 1 1 0 1 1 1 0 1 1]
 [1 1 0 1 1 1 1 1 0 0]
 [1 1 1 1 1 1 1 1 1 1]
 [0 1 0 1 0 1 0 1 0 1]
 [1 1 1 0 0 1 1 0 0 0]
 [1 1 0 0 0 1 0 1 1 1]
 [0 1 1 1 1 1 1 1 1 1]
 [1 1 1 1 1 0 1 1 1 1]
 [1 1 1 1 1 0 1 1 1 1]
 [1 0 1 1 1 1 1 0 0 1]
 [1 0 0 0 1 1 1 0 1 1]
 [1 1 1 0 1 1 1 1 1 0]
 [1 1 0 0 1 1 0 0 1 1]
 [1 1 1 0 0 1 1 1 1 1]
 [1 1 1 1 1 1 1 1 1 0]
 [0 1 1 1 1 0 1 0 1 1]
 [0 1 1 1 1 1 1 1 1 0]
 [1 1 1 1 1 1 1 0 1 1]
 [1 1 1 1 0 1 1 1 1 1]
 [1 1 0 0 1 1 0 0 1 0]
 [0 1 1 1 1 1 1 1 0 1]
 [0 1 0 1 1 1 1 1 1 1]
 [1 0 0 1 1 1 0 1 1 0]
 [0 0 0 1 1 1 1 0 1 1]
 [1 1 1 1 1 1 0 0 0 1]
 [1 1 0 1 1 1 0 1 1 1]
 [1 1 1 0 1 1 1 0 1 0]
 [1 1 0 1 1 1 1 1 0 1]
 [1 1 0 1 1 1 1 1 1 0]
 [0 1 1 0 0 1 0 1 0 1]
 [1 1 0 0 1 1 1 1 0 1]
 [1 1 0 1 1 1 1 1 1 0]
 [1 1 1 1 1 1 1 0 1 1]
 [0 1 0 1 1 1 0 1 0 1]
 [1 1 1 0 1 0 0 1 0 0]
 [1 1 1 1 1 1 0 1 1 1]
 [1 1 0 1 1 1 1 1 1 1]
 [1 1 1 0 1 1 0 0 1 0]
 [1 1 0 1 1 1 0 1 1 1]
 [0 1 1 0 1 1 1 1 1 1]
 [1 1 1 0 0 1 0 1 1 1]
 [1 1 0 0 1 0 1 1 1 0]
 [1 0 0 1 1 1 1 1 1 1]
 [1 1 0 1 0 1 1 0 1 1]
 [1 0 1 0 0 1 0 0 0 1]
 [1 0 1 1 0 1 1 1 1 1]
 [0 1 1 1 0 0 1 1 1 0]
 [1 1 1 1 1 0 0 1 1 0]
 [0 0 1 0 1 1 1 1 1 1]
 [1 1 0 1 0 1 0 1 0 1]
 [1 1 0 0 0 0 0 0 1 1]
 [1 1 0 1 0 1 1 1 1 1]
 [0 1 1 0 1 1 1 0 1 1]
 [1 1 0 0 1 1 1 1 1 1]
 [1 0 1 1 1 1 1 0 0 0]
 [0 0 1 1 1 1 1 1 1 1]
 [0 0 1 1 1 0 1 1 1 1]
 [1 0 1 1 0 1 1 1 1 1]
 [0 0 1 0 1 1 1 0 1 1]
 [0 1 0 0 1 1 1 1 1 1]
 [1 1 1 0 0 1 0 1 1 1]
 [1 0 1 0 1 1 1 1 1 0]
 [1 1 0 1 1 1 1 1 0 1]
 [1 1 1 1 1 1 1 0 1 1]
 [1 0 1 1 1 1 1 0 1 1]
 [1 1 0 1 1 1 1 1 1 0]
 [1 0 1 0 1 1 1 0 1 1]
 [1 1 1 1 1 0 1 1 1 1]
 [1 1 1 0 1 1 1 1 0 1]
 [1 0 1 1 0 1 1 0 1 1]
 [1 1 1 1 0 1 1 1 1 1]
 [1 1 0 1 1 1 1 0 1 0]
 [1 1 1 1 1 1 0 0 0 0]
 [1 0 1 1 1 1 1 0 1 1]
 [0 0 1 1 1 1 1 1 1 0]
 [1 1 1 1 1 1 1 1 1 0]
 [1 1 1 1 1 1 1 1 1 1]
 [0 1 1 1 1 0 1 0 1 1]
 [1 1 1 0 1 1 0 1 1 0]
 [1 1 1 0 0 1 0 1 1 1]
 [1 1 1 1 0 1 1 1 1 1]
 [1 0 0 1 0 1 0 0 1 1]
 [1 1 1 1 0 0 1 1 1 1]
 [1 0 1 1 1 0 1 1 1 1]
 [1 0 1 1 1 0 1 1 1 1]
 [0 1 1 0 1 1 1 1 1 1]
 [1 1 1 1 1 1 1 1 0 1]
 [1 1 1 1 1 1 1 0 1 1]
 [1 1 1 1 0 1 1 1 1 1]
 [1 1 1 1 0 1 0 1 0 0]
 [1 1 1 1 1 0 1 1 0 1]
 [1 0 0 1 1 1 1 1 0 0]]
{'restarts': 190, 'conflicts': 70737, 'decisions': 108492, 'propagations': 50450131}
Q is identifiable
branch at 6
runtime for solving id of Q is 8.931047718971968
Simulation results:
{'J': 100, 'K': 10, 'N': 10, 'p': 0.7, 'seed': 787, 'sim': 5, 'runtime': 8.931047718971968, 'identifiable': 1, 'branch': 6}
6
Q: [[1 0 1 1 1 1 1 0 1 1]
 [0 1 0 0 0 1 0 1 0 0]
 [1 0 1 1 1 0 1 1 1 0]
 [0 1 0 1 1 1 1 1 0 1]
 [1 1 1 1 1 0 0 1 1 1]
 [1 0 1 0 1 0 1 0 1 0]
 [1 1 1 1 1 1 0 0 1 1]
 [1 0 0 1 1 1 1 0 0 0]
 [1 1 1 1 1 1 0 1 1 1]
 [1 0 1 1 1 0 1 1 1 0]
 [0 1 0 1 1 0 1 0 0 0]
 [0 1 1 0 1 1 1 1 0 1]
 [1 1 1 0 1 1 0 1 0 1]
 [1 0 0 0 0 1 1 1 1 1]
 [0 1 1 1 1 1 1 1 1 1]
 [1 1 1 0 1 1 1 0 1 1]
 [0 0 1 1 0 1 1 0 1 0]
 [1 1 1 1 1 1 1 0 0 1]
 [1 0 1 0 1 1 0 1 1 1]
 [1 1 1 1 0 0 1 1 0 0]
 [1 1 1 1 0 1 1 1 0 1]
 [1 0 1 0 1 1 0 1 0 1]
 [0 1 1 1 0 1 1 1 1 1]
 [1 1 0 1 1 0 1 1 0 1]
 [0 1 1 1 1 0 0 1 0 0]
 [1 0 1 0 0 1 1 0 0 1]
 [1 1 1 1 1 1 0 0 0 1]
 [1 0 1 0 1 1 0 0 1 0]
 [1 0 1 1 0 0 1 0 1 1]
 [1 0 1 1 1 0 1 1 1 1]
 [1 0 1 1 1 0 1 1 1 1]
 [1 1 1 1 0 1 1 0 0 1]
 [1 0 0 1 0 1 0 1 0 1]
 [1 1 1 1 0 1 1 1 1 0]
 [1 0 1 0 1 0 0 1 1 1]
 [1 1 1 1 1 0 0 1 1 0]
 [1 1 1 1 1 0 1 1 1 1]
 [1 0 1 1 0 1 0 1 1 0]
 [1 0 1 1 0 0 1 1 1 0]
 [1 0 0 0 1 1 1 1 1 1]
 [1 0 0 0 1 1 1 0 1 1]
 [1 1 1 1 1 0 0 0 1 0]
 [1 1 1 1 1 0 1 1 0 0]
 [1 1 1 1 0 0 1 0 1 1]
 [1 1 1 1 1 1 1 1 1 1]
 [0 1 1 1 1 0 1 0 1 1]
 [1 0 1 1 0 1 1 0 1 1]
 [0 1 1 0 0 1 0 0 1 1]
 [1 1 1 1 0 0 1 0 0 1]
 [1 1 0 1 1 1 1 1 1 0]
 [1 1 0 1 0 1 1 0 1 0]
 [0 1 0 1 0 1 1 0 1 1]
 [1 1 1 1 1 0 1 1 0 1]
 [0 1 1 0 0 1 1 0 1 1]
 [1 1 1 1 0 1 1 1 0 1]
 [1 1 1 1 1 1 0 1 1 1]
 [1 1 1 1 1 1 1 0 1 0]
 [1 0 1 1 1 1 1 1 1 1]
 [0 1 1 0 1 1 1 0 1 0]
 [1 1 1 1 0 1 1 1 1 1]
 [1 1 1 1 1 1 1 1 1 1]
 [1 1 0 1 1 1 1 1 1 0]
 [1 1 1 1 1 1 0 0 0 0]
 [0 1 1 0 1 1 1 1 1 1]
 [0 1 0 1 1 1 1 0 1 1]
 [0 0 0 1 1 1 1 0 1 0]
 [1 1 0 1 1 1 0 0 1 1]
 [1 1 0 0 1 1 1 1 1 1]
 [1 1 0 1 1 0 1 1 1 1]
 [1 1 1 1 0 0 0 0 0 1]
 [1 1 1 1 1 0 0 0 0 1]
 [1 1 1 1 1 0 1 1 1 1]
 [0 1 1 1 0 1 1 1 0 1]
 [0 0 0 1 0 0 1 0 0 1]
 [1 0 0 1 1 1 0 1 1 1]
 [0 1 0 0 0 0 1 1 1 1]
 [1 1 1 1 0 0 1 1 1 1]
 [1 0 0 1 1 0 1 1 0 1]
 [0 1 1 0 0 1 1 1 1 1]
 [0 1 1 1 1 1 1 1 0 0]
 [1 1 1 1 0 0 1 1 0 0]
 [1 1 0 1 1 0 1 1 1 0]
 [0 1 0 1 1 0 1 1 0 1]
 [0 0 1 1 0 0 1 1 1 0]
 [0 1 1 1 1 1 1 1 1 0]
 [1 1 1 0 0 1 0 0 1 1]
 [0 1 0 0 1 1 1 0 1 0]
 [0 1 1 0 1 0 1 1 1 0]
 [1 1 0 1 1 1 0 0 0 0]
 [0 0 1 1 1 1 0 1 0 1]
 [1 1 1 0 1 0 0 1 1 0]
 [1 0 1 0 1 1 1 1 1 1]
 [1 1 0 1 1 0 0 0 1 0]
 [1 1 0 1 1 0 1 0 1 1]
 [1 1 1 1 1 1 0 0 1 1]
 [1 0 1 0 1 1 0 1 0 1]
 [0 1 1 0 1 1 0 0 1 1]
 [1 1 1 1 1 1 1 1 0 1]
 [1 1 1 1 0 0 1 0 1 0]
 [1 1 1 1 1 0 0 1 1 1]]
{'restarts': 4, 'conflicts': 1899, 'decisions': 4116, 'propagations': 1961185}
Q is identifiable
branch at 6
runtime for solving id of Q is 0.49443406984210014
Simulation results:
{'J': 100, 'K': 10, 'N': 10, 'p': 0.7, 'seed': 787, 'sim': 6, 'runtime': 0.49443406984210014, 'identifiable': 1, 'branch': 6}
7
Q: [[0 0 1 1 1 1 1 1 1 0]
 [0 1 0 1 1 1 1 1 1 1]
 [1 0 1 1 1 1 0 0 0 1]
 [1 1 1 0 1 1 1 0 1 0]
 [0 1 1 0 1 1 0 1 1 1]
 [1 1 1 0 1 1 0 0 1 1]
 [1 1 0 0 1 0 1 0 1 1]
 [1 0 1 1 0 1 1 0 0 1]
 [1 1 0 1 1 1 1 0 0 0]
 [1 1 0 1 0 1 1 0 1 1]
 [1 1 1 0 0 0 0 1 1 0]
 [0 0 1 0 0 1 1 1 0 0]
 [0 0 0 1 0 1 1 1 0 1]
 [1 0 1 1 1 1 1 1 1 1]
 [0 0 1 0 1 1 1 1 0 1]
 [1 0 0 1 1 1 1 1 1 1]
 [0 0 1 1 1 1 1 0 1 1]
 [1 0 1 1 1 0 0 1 0 0]
 [0 1 0 0 1 1 1 1 0 0]
 [0 1 0 0 1 1 1 0 1 1]
 [1 0 0 1 0 1 1 0 1 1]
 [0 1 1 1 1 0 1 0 1 1]
 [1 1 1 1 1 1 1 1 1 1]
 [1 0 1 1 1 1 1 0 1 1]
 [1 0 0 1 1 0 1 1 1 1]
 [1 1 1 1 1 1 0 0 1 1]
 [0 0 0 1 0 1 1 0 1 1]
 [1 1 1 1 1 0 1 1 0 0]
 [1 1 1 0 1 1 1 1 0 1]
 [1 1 1 0 1 1 1 0 0 0]
 [1 1 1 1 0 0 1 1 0 1]
 [1 1 1 1 0 1 0 1 1 1]
 [1 1 1 0 0 0 1 1 1 1]
 [1 1 1 1 1 0 0 1 1 1]
 [1 1 1 1 1 1 1 1 1 1]
 [0 0 1 1 1 0 0 1 1 1]
 [0 1 1 1 0 1 1 1 1 1]
 [1 1 0 1 0 1 0 1 1 1]
 [1 0 0 1 1 0 1 0 1 1]
 [0 1 1 1 1 1 0 1 1 1]
 [0 1 1 1 1 0 1 1 0 1]
 [1 1 1 1 1 1 1 1 1 0]
 [1 0 1 1 1 0 1 0 1 0]
 [0 1 1 1 1 1 1 1 0 1]
 [1 0 0 1 1 0 1 1 1 1]
 [0 1 1 1 1 0 0 1 1 1]
 [0 0 0 1 0 1 0 1 1 1]
 [1 1 1 1 0 1 1 0 0 0]
 [0 1 1 1 1 0 0 1 0 1]
 [1 0 0 1 1 1 0 0 1 1]
 [0 1 1 0 0 0 1 1 1 1]
 [1 1 1 1 1 1 1 1 1 0]
 [1 1 1 1 0 0 1 1 1 1]
 [1 0 0 1 1 1 1 1 0 0]
 [1 1 0 1 0 0 1 1 0 1]
 [0 0 0 1 1 0 1 1 1 1]
 [1 1 1 1 1 1 1 1 0 1]
 [1 1 1 1 0 1 1 0 1 1]
 [1 1 1 1 0 0 0 1 0 1]
 [1 1 1 0 0 1 0 0 1 1]
 [1 0 1 1 1 1 1 0 1 1]
 [1 1 0 1 1 1 1 0 0 1]
 [0 1 1 0 1 1 1 1 1 1]
 [0 0 1 0 1 1 1 1 0 1]
 [1 1 0 1 0 0 0 1 1 1]
 [1 1 1 0 0 1 0 0 1 1]
 [1 1 1 1 0 1 1 1 1 1]
 [1 0 0 1 1 0 1 0 0 1]
 [1 0 0 1 1 0 1 1 1 1]
 [1 0 1 1 1 1 1 1 1 1]
 [0 0 0 0 1 1 1 1 1 1]
 [1 0 1 1 1 1 0 1 1 1]
 [0 1 1 1 1 1 1 1 1 1]
 [1 0 1 1 0 0 1 1 1 1]
 [1 1 0 0 1 0 1 1 1 1]
 [1 0 1 1 1 1 1 1 0 1]
 [1 1 1 1 0 1 1 1 1 1]
 [1 1 1 0 0 1 1 1 0 1]
 [1 0 1 1 1 1 1 0 1 0]
 [1 1 1 1 0 0 1 0 1 1]
 [1 0 0 1 0 1 1 1 0 1]
 [1 0 0 1 0 1 1 1 1 1]
 [1 1 1 0 1 1 0 1 1 1]
 [1 1 1 1 0 0 1 1 1 1]
 [1 1 0 1 1 1 1 1 0 1]
 [1 1 1 0 1 1 1 1 0 1]
 [0 0 1 1 1 0 1 1 1 1]
 [1 1 0 1 1 1 0 1 1 1]
 [0 1 0 0 0 1 0 0 1 1]
 [1 1 0 0 1 1 1 1 0 0]
 [1 0 1 1 1 1 0 0 1 1]
 [0 1 0 1 0 1 1 0 1 0]
 [1 1 0 1 1 1 1 1 1 0]
 [0 1 1 1 1 1 0 0 1 1]
 [1 1 0 0 1 1 1 1 1 1]
 [0 0 1 0 0 0 0 1 1 0]
 [1 1 1 0 1 1 1 1 0 1]
 [1 0 1 0 0 1 1 1 0 1]
 [1 1 1 0 0 0 0 0 1 1]
 [0 0 0 1 1 0 1 0 0 1]]
{'restarts': 33, 'conflicts': 10377, 'decisions': 17786, 'propagations': 11425876}
Q is identifiable
branch at 6
runtime for solving id of Q is 1.6345793092623353
Simulation results:
{'J': 100, 'K': 10, 'N': 10, 'p': 0.7, 'seed': 787, 'sim': 7, 'runtime': 1.6345793092623353, 'identifiable': 1, 'branch': 6}
8
Q: [[0 1 1 1 1 1 0 1 0 1]
 [0 1 1 1 1 0 1 0 0 0]
 [0 1 1 1 0 0 0 1 1 1]
 [1 1 0 1 0 1 0 1 1 1]
 [1 1 1 0 0 0 1 0 0 1]
 [1 1 1 0 0 1 0 1 1 0]
 [1 1 1 0 1 1 1 1 1 1]
 [1 1 0 1 1 1 1 1 1 1]
 [0 1 0 0 0 1 0 1 0 1]
 [1 0 1 1 0 0 1 1 1 1]
 [1 0 0 1 1 0 0 1 1 1]
 [0 1 1 1 0 1 1 0 0 1]
 [1 0 0 0 1 1 0 1 1 0]
 [1 1 1 1 0 0 0 0 0 1]
 [1 0 1 0 1 1 0 0 1 1]
 [1 1 0 1 0 1 1 0 0 1]
 [1 1 0 0 0 1 0 0 0 1]
 [1 0 1 1 0 1 1 1 1 1]
 [0 0 0 0 1 0 1 0 1 1]
 [0 0 1 0 1 1 1 0 0 1]
 [0 1 1 1 1 1 1 0 0 1]
 [1 1 0 1 1 0 1 1 1 1]
 [1 1 1 0 1 0 1 0 1 1]
 [1 1 1 0 0 1 0 0 0 1]
 [1 1 1 1 1 1 0 1 0 1]
 [0 1 1 1 1 1 0 1 1 1]
 [1 1 1 1 1 1 1 0 1 1]
 [0 0 0 1 0 0 1 1 0 0]
 [1 0 1 0 1 0 0 1 1 1]
 [1 1 0 0 0 1 1 1 0 0]
 [1 1 1 1 1 1 1 0 0 1]
 [1 1 1 1 0 0 1 0 0 1]
 [1 1 1 1 1 1 0 1 1 1]
 [0 1 1 0 1 1 0 0 1 0]
 [1 1 1 1 1 1 1 0 1 1]
 [1 1 1 0 1 0 1 0 1 0]
 [1 0 0 1 1 1 0 0 0 0]
 [1 0 1 1 1 0 1 1 1 1]
 [0 1 1 1 1 1 1 0 1 1]
 [1 0 1 1 1 1 0 0 0 1]
 [1 0 1 1 1 0 0 1 1 0]
 [1 1 1 1 1 1 0 1 1 1]
 [1 1 1 1 1 1 1 1 0 0]
 [0 1 0 1 1 1 0 1 1 1]
 [1 1 1 1 0 1 0 1 0 1]
 [1 1 0 0 1 0 1 1 1 1]
 [1 1 1 1 1 1 1 1 0 1]
 [1 1 1 1 1 1 1 1 1 0]
 [1 1 1 1 0 1 1 1 1 0]
 [1 0 1 0 1 1 0 1 0 1]
 [1 1 0 0 1 0 1 1 1 1]
 [0 0 1 1 1 1 0 1 1 1]
 [1 1 1 1 1 1 1 1 0 1]
 [1 1 0 0 1 1 1 1 1 1]
 [1 0 1 1 1 1 1 0 1 0]
 [1 1 1 1 0 1 1 1 1 1]
 [1 1 1 0 1 1 0 0 0 0]
 [1 0 1 0 0 0 1 1 0 1]
 [1 0 1 1 0 1 0 1 1 0]
 [1 1 1 1 1 0 1 1 1 1]
 [1 1 1 0 1 1 1 1 1 1]
 [1 1 1 0 1 0 1 0 0 0]
 [1 0 1 1 1 1 0 1 0 1]
 [1 1 1 0 1 0 1 1 1 0]
 [1 1 0 1 1 0 1 1 1 1]
 [1 1 1 0 0 1 0 1 1 1]
 [0 0 1 1 1 0 0 1 1 1]
 [1 1 1 1 0 1 0 1 1 0]
 [1 0 1 1 1 1 1 0 0 1]
 [0 0 0 1 1 1 1 1 0 1]
 [1 1 0 1 1 1 0 0 1 1]
 [0 1 1 0 0 1 1 1 0 1]
 [0 1 1 1 0 0 0 0 0 0]
 [1 1 0 1 1 1 1 1 0 0]
 [1 1 1 0 1 1 1 0 1 1]
 [1 1 1 1 1 1 1 1 1 0]
 [0 1 0 1 1 1 0 1 1 0]
 [1 1 1 1 1 1 0 0 0 1]
 [1 1 1 0 1 0 0 1 1 0]
 [1 1 1 1 1 1 1 0 1 1]
 [1 1 0 0 1 0 1 1 0 1]
 [1 0 1 1 1 1 1 1 1 1]
 [1 1 1 1 1 1 1 1 1 1]
 [1 0 1 0 0 1 1 1 1 0]
 [1 1 1 1 1 1 1 0 0 1]
 [0 1 0 1 1 0 1 1 0 0]
 [1 0 1 0 0 0 1 1 0 0]
 [1 1 1 0 1 0 0 1 1 1]
 [0 0 1 1 1 0 1 1 0 1]
 [1 1 1 1 1 0 1 1 1 0]
 [1 0 1 0 1 1 1 1 0 1]
 [0 0 1 1 1 1 1 1 1 0]
 [0 1 0 1 0 1 1 1 0 1]
 [1 1 1 1 0 1 1 0 1 1]
 [0 1 0 0 1 1 0 1 0 1]
 [1 1 1 1 1 0 0 0 1 1]
 [1 1 1 0 0 0 1 1 1 0]
 [1 0 1 1 1 0 0 0 0 1]
 [1 1 1 1 1 1 0 0 1 0]
 [0 1 0 1 1 0 1 1 0 1]]
{'restarts': 12, 'conflicts': 2665, 'decisions': 5872, 'propagations': 2972819}
Q is identifiable
branch at 6
runtime for solving id of Q is 0.6339258784428239
Simulation results:
{'J': 100, 'K': 10, 'N': 10, 'p': 0.7, 'seed': 787, 'sim': 8, 'runtime': 0.6339258784428239, 'identifiable': 1, 'branch': 6}
9
Q: [[1 1 1 1 1 1 1 1 1 0]
 [1 1 0 1 0 1 1 0 1 1]
 [1 0 1 0 0 1 0 0 1 0]
 [1 0 1 1 1 1 0 1 0 0]
 [1 1 1 1 1 0 0 0 0 1]
 [0 1 1 0 1 0 1 1 1 1]
 [1 1 0 1 1 0 1 1 1 1]
 [0 1 1 1 1 1 1 0 1 1]
 [1 1 1 1 1 0 1 0 1 1]
 [0 1 1 1 1 1 1 0 1 1]
 [1 1 1 1 0 1 1 1 1 0]
 [1 0 1 0 0 0 1 0 0 1]
 [1 1 1 0 1 0 1 1 1 1]
 [1 0 1 1 0 1 1 0 1 0]
 [1 1 1 1 1 1 1 1 1 0]
 [1 0 1 1 1 1 0 1 1 0]
 [1 1 1 0 1 1 1 0 1 0]
 [0 1 1 1 1 0 1 1 0 0]
 [1 1 1 1 1 1 1 0 1 1]
 [1 1 1 1 0 0 0 1 0 1]
 [0 1 0 1 1 0 1 1 1 0]
 [0 0 1 0 0 1 0 1 1 0]
 [0 1 0 0 1 1 0 0 0 1]
 [0 0 1 1 1 1 1 1 0 1]
 [1 1 1 1 0 1 0 1 1 1]
 [1 1 0 0 1 1 1 1 0 1]
 [0 0 0 0 1 1 1 0 0 1]
 [1 1 1 1 1 1 1 0 1 1]
 [1 1 1 1 1 1 1 0 1 1]
 [1 1 1 0 1 0 1 1 1 1]
 [0 0 1 1 1 1 0 0 1 0]
 [0 1 1 1 1 1 1 1 1 0]
 [1 0 1 0 1 0 1 1 1 1]
 [1 1 1 1 1 1 1 0 1 1]
 [0 1 1 1 1 1 1 1 1 1]
 [0 1 1 1 1 1 1 1 1 1]
 [1 1 1 1 1 1 1 0 0 0]
 [1 1 1 1 0 0 1 1 1 1]
 [1 1 1 1 1 1 0 0 1 1]
 [0 1 1 1 1 0 1 1 1 0]
 [1 1 0 0 1 0 1 1 0 1]
 [0 1 0 0 1 0 1 1 0 1]
 [1 0 1 1 1 1 0 0 1 1]
 [1 0 1 1 1 0 1 1 1 1]
 [1 1 1 1 0 1 1 1 1 1]
 [1 0 0 0 0 1 1 1 1 1]
 [1 1 1 1 1 1 0 1 1 1]
 [0 1 1 1 1 1 0 1 1 1]
 [1 0 1 1 1 1 1 1 1 1]
 [1 1 0 0 1 0 1 1 0 0]
 [1 1 1 1 0 1 0 1 0 1]
 [0 0 1 1 1 0 1 1 1 0]
 [1 1 1 1 1 1 1 1 1 0]
 [1 0 1 0 0 0 0 1 1 1]
 [1 1 0 0 1 0 1 1 0 1]
 [1 0 1 1 0 1 1 0 0 1]
 [0 0 1 1 1 1 0 1 1 1]
 [1 1 0 0 0 1 0 1 0 1]
 [0 1 0 1 1 1 1 1 1 1]
 [1 1 1 0 1 1 1 0 1 1]
 [1 1 1 0 0 0 1 1 1 1]
 [0 0 0 1 0 1 0 1 1 1]
 [0 1 1 1 0 0 0 0 1 1]
 [1 1 1 1 1 0 1 0 1 1]
 [1 1 1 0 1 0 1 1 1 1]
 [1 1 1 1 1 1 0 1 1 1]
 [0 1 0 1 1 0 1 1 0 1]
 [1 1 0 0 0 1 0 1 0 1]
 [1 0 1 1 1 0 1 1 0 0]
 [1 0 1 1 1 1 1 0 1 1]
 [0 1 1 0 0 0 1 1 1 0]
 [1 1 0 0 1 1 0 1 0 0]
 [1 1 0 1 1 1 1 1 1 1]
 [1 1 0 1 1 0 1 1 1 1]
 [0 0 1 1 1 1 1 0 0 1]
 [0 1 1 0 1 0 1 1 0 1]
 [1 0 1 0 1 1 1 1 0 1]
 [1 1 0 1 1 0 1 1 1 1]
 [1 1 1 1 1 0 1 0 1 1]
 [1 0 0 0 1 1 0 0 1 0]
 [0 0 1 1 1 1 0 1 0 1]
 [1 1 0 0 0 0 0 1 1 1]
 [1 1 0 1 1 1 1 1 0 1]
 [1 0 1 1 1 1 1 0 1 1]
 [1 1 1 1 1 1 1 0 0 0]
 [1 1 1 1 0 0 0 1 1 1]
 [0 0 0 0 1 1 0 1 1 1]
 [1 1 1 1 0 1 1 1 1 0]
 [1 1 1 1 1 1 1 1 1 1]
 [1 1 1 1 1 1 1 1 0 1]
 [0 1 1 0 1 1 1 1 0 1]
 [1 0 0 0 1 0 0 1 1 0]
 [1 0 1 0 1 1 1 1 1 1]
 [1 1 0 1 1 1 0 1 1 1]
 [0 1 1 1 0 0 1 0 1 0]
 [1 1 1 1 1 0 1 1 0 1]
 [1 1 1 1 1 1 1 0 1 1]
 [1 1 1 0 0 0 1 1 1 1]
 [1 1 0 0 1 0 1 1 1 0]
 [0 1 1 0 1 1 1 1 1 0]]
{'restarts': 9, 'conflicts': 3635, 'decisions': 7812, 'propagations': 3404273}
Q is identifiable
branch at 6
runtime for solving id of Q is 0.6043113293126225
Simulation results:
{'J': 100, 'K': 10, 'N': 10, 'p': 0.7, 'seed': 787, 'sim': 9, 'runtime': 0.6043113293126225, 'identifiable': 1, 'branch': 6}
Simulation results:
[{'J': 100, 'K': 10, 'N': 10, 'p': 0.7, 'seed': 787, 'sim': 0, 'runtime': 0.3373843999579549, 'identifiable': 1, 'branch': 6}, {'J': 100, 'K': 10, 'N': 10, 'p': 0.7, 'seed': 787, 'sim': 1, 'runtime': 2.6277272403240204, 'identifiable': 1, 'branch': 6}, {'J': 100, 'K': 10, 'N': 10, 'p': 0.7, 'seed': 787, 'sim': 2, 'runtime': 1.4393233340233564, 'identifiable': 1, 'branch': 6}, {'J': 100, 'K': 10, 'N': 10, 'p': 0.7, 'seed': 787, 'sim': 3, 'runtime': 1.9675608165562153, 'identifiable': 1, 'branch': 6}, {'J': 100, 'K': 10, 'N': 10, 'p': 0.7, 'seed': 787, 'sim': 4, 'runtime': 0.46727438550442457, 'identifiable': 1, 'branch': 6}, {'J': 100, 'K': 10, 'N': 10, 'p': 0.7, 'seed': 787, 'sim': 5, 'runtime': 8.931047718971968, 'identifiable': 1, 'branch': 6}, {'J': 100, 'K': 10, 'N': 10, 'p': 0.7, 'seed': 787, 'sim': 6, 'runtime': 0.49443406984210014, 'identifiable': 1, 'branch': 6}, {'J': 100, 'K': 10, 'N': 10, 'p': 0.7, 'seed': 787, 'sim': 7, 'runtime': 1.6345793092623353, 'identifiable': 1, 'branch': 6}, {'J': 100, 'K': 10, 'N': 10, 'p': 0.7, 'seed': 787, 'sim': 8, 'runtime': 0.6339258784428239, 'identifiable': 1, 'branch': 6}, {'J': 100, 'K': 10, 'N': 10, 'p': 0.7, 'seed': 787, 'sim': 9, 'runtime': 0.6043113293126225, 'identifiable': 1, 'branch': 6}]
