
The Gurobi software has a limited number of licenses. To request a license or
licenses, add this line

    #SBATCH --licenses=gurobi@slurmdb:1

to your SBATCH script, replacing N with the number of licenses you need. Gurobi
will need one license per process.


0
Q: [[0 0 0 1 1 1 0 1 0 1]
 [1 1 0 1 1 1 1 1 1 1]
 [0 0 1 1 1 0 1 1 1 1]
 [1 1 1 1 0 0 0 0 1 1]
 [1 1 1 0 1 1 1 1 0 1]
 [1 1 0 1 1 1 1 1 0 1]
 [0 1 0 1 1 0 1 1 1 1]
 [0 1 1 1 1 1 0 1 1 0]
 [1 1 1 1 0 0 1 1 1 0]
 [1 1 1 0 1 1 1 1 1 1]
 [1 1 1 1 1 1 1 1 1 1]
 [1 1 1 1 0 1 1 1 0 1]
 [1 1 0 1 0 1 0 1 1 1]
 [1 1 1 1 1 0 1 0 1 0]
 [0 0 1 1 1 0 0 0 0 1]
 [0 1 1 1 1 0 0 0 0 1]
 [1 1 1 0 1 1 0 1 1 1]
 [0 1 1 1 0 1 1 1 0 1]
 [0 1 1 1 1 1 0 0 1 0]
 [1 1 1 0 1 0 1 1 1 0]
 [1 1 1 0 0 1 0 1 1 1]
 [1 0 1 0 1 1 0 0 1 1]
 [0 1 0 1 0 1 1 0 1 1]
 [1 0 1 0 0 0 1 1 0 1]
 [1 0 1 1 1 1 0 1 1 0]
 [1 1 0 1 1 1 0 1 1 1]
 [1 1 1 1 1 1 1 1 1 1]
 [1 1 0 0 0 1 1 1 0 0]
 [1 0 1 1 1 1 1 1 0 0]
 [1 1 0 1 1 0 1 1 1 1]
 [1 1 1 1 1 1 0 1 0 1]
 [0 0 1 1 1 1 1 1 1 0]
 [0 1 1 1 0 0 1 0 1 1]
 [0 1 1 1 1 1 1 0 1 0]
 [1 1 0 1 1 1 0 0 0 1]
 [1 1 1 0 1 0 0 0 1 0]
 [1 1 1 1 0 1 0 1 0 1]
 [1 1 1 1 0 1 1 1 0 0]
 [1 1 1 1 1 0 1 1 1 1]
 [0 1 0 1 1 1 0 0 1 0]
 [1 0 1 1 0 0 0 1 1 1]
 [1 1 0 1 0 1 0 0 0 1]
 [1 1 1 0 1 1 1 0 1 1]
 [1 1 1 1 1 1 0 1 0 1]
 [1 1 1 0 1 1 1 1 0 1]
 [0 1 1 1 1 1 0 1 0 0]
 [0 1 1 0 1 1 1 1 1 0]
 [1 1 1 1 0 0 1 1 1 1]
 [1 1 1 1 1 1 1 0 1 0]
 [1 0 1 1 1 0 1 1 0 1]]
{'restarts': 81, 'conflicts': 29469, 'decisions': 46092, 'propagations': 15433723}
Q is identifiable
branch at 6
runtime for solving id of Q is 2.6062720706686378
Simulation results:
{'J': 50, 'K': 10, 'N': 10, 'p': 0.7, 'seed': 965, 'sim': 0, 'runtime': 2.6062720706686378, 'identifiable': 1, 'branch': 6}
1
Q: [[0 1 1 1 1 1 1 1 0 1]
 [1 1 0 1 1 1 1 1 1 1]
 [1 1 0 1 0 0 1 0 0 1]
 [0 1 0 0 1 1 1 1 1 1]
 [1 1 0 1 1 1 0 1 1 0]
 [1 1 0 1 1 0 1 1 0 1]
 [1 1 0 1 1 1 1 1 1 0]
 [1 1 1 1 1 1 1 0 1 1]
 [1 1 0 1 1 1 1 1 0 1]
 [1 1 1 1 1 0 1 1 1 0]
 [1 1 1 1 1 1 0 1 0 1]
 [0 1 1 1 1 0 0 0 1 0]
 [0 1 0 1 1 1 0 1 1 1]
 [1 1 1 0 0 0 0 1 1 1]
 [1 1 1 0 0 0 1 1 1 0]
 [0 0 1 1 1 1 1 0 1 1]
 [1 1 1 1 1 0 1 1 0 0]
 [1 1 1 1 1 0 0 1 1 1]
 [1 1 1 0 1 1 1 1 1 1]
 [0 1 1 1 1 1 1 1 1 1]
 [1 1 1 1 1 0 1 0 1 1]
 [1 0 1 1 1 0 1 1 1 0]
 [0 1 1 0 0 1 1 0 1 1]
 [1 1 1 1 1 1 0 0 1 1]
 [1 0 0 0 1 0 1 1 1 1]
 [1 1 1 1 1 0 1 1 0 1]
 [1 1 0 1 0 1 0 1 1 1]
 [0 1 1 1 1 1 1 0 0 1]
 [1 0 0 1 1 1 1 1 1 1]
 [1 1 1 0 1 0 1 1 0 1]
 [1 1 1 0 1 1 1 0 0 1]
 [0 0 1 0 1 1 1 1 1 1]
 [0 0 0 1 1 0 0 0 1 1]
 [0 0 1 1 1 1 1 1 1 0]
 [1 1 0 1 0 1 1 0 1 0]
 [0 0 1 1 1 0 1 1 0 1]
 [1 1 1 0 1 1 1 1 1 1]
 [1 1 1 0 1 1 1 0 1 0]
 [1 1 0 1 1 0 0 0 0 1]
 [1 1 0 1 1 1 1 1 0 0]
 [0 1 1 1 0 1 0 1 1 0]
 [1 1 0 0 1 0 1 1 1 0]
 [1 1 0 0 1 1 1 1 1 0]
 [0 1 0 1 1 1 1 0 1 1]
 [0 0 0 1 1 1 1 1 0 1]
 [1 0 1 0 1 0 0 0 1 1]
 [0 1 0 1 0 1 1 0 0 1]
 [1 1 1 1 0 1 1 1 1 1]
 [1 1 1 0 0 1 1 1 1 0]
 [1 1 1 1 0 1 0 1 1 0]]
{'restarts': 84, 'conflicts': 33429, 'decisions': 51971, 'propagations': 17684190}
Q is identifiable
branch at 6
runtime for solving id of Q is 3.113349486142397
Simulation results:
{'J': 50, 'K': 10, 'N': 10, 'p': 0.7, 'seed': 965, 'sim': 1, 'runtime': 3.113349486142397, 'identifiable': 1, 'branch': 6}
2
Q: [[1 1 1 1 0 0 1 1 0 1]
 [1 1 1 0 1 1 1 1 1 1]
 [0 0 1 1 1 0 1 1 1 1]
 [1 1 1 0 1 1 0 1 1 1]
 [1 1 1 1 1 0 1 1 1 1]
 [1 0 0 0 1 1 1 1 1 1]
 [1 1 1 1 1 1 1 1 0 0]
 [1 1 1 0 1 1 0 1 0 1]
 [1 1 0 0 1 1 1 1 0 1]
 [0 1 1 1 0 1 0 0 0 1]
 [1 1 0 1 1 1 1 0 0 1]
 [0 1 0 0 1 1 0 0 0 1]
 [1 0 1 0 1 1 1 1 1 0]
 [0 1 1 1 0 1 1 1 0 1]
 [0 1 1 0 0 1 1 1 1 1]
 [1 1 0 0 0 0 1 1 1 0]
 [1 1 1 0 1 1 1 0 1 1]
 [1 1 1 0 0 0 1 1 1 0]
 [1 1 0 0 0 1 0 1 1 1]
 [1 1 1 0 1 1 0 1 1 0]
 [1 1 1 1 1 1 1 1 1 1]
 [1 1 1 1 0 0 1 1 0 1]
 [1 1 0 0 1 1 1 0 0 0]
 [1 1 0 1 1 1 1 0 1 1]
 [0 1 0 0 1 0 1 0 1 1]
 [1 1 1 1 1 1 1 1 1 1]
 [1 1 0 1 1 0 1 1 1 1]
 [0 1 1 1 1 1 1 0 0 0]
 [0 1 1 0 1 0 1 1 1 0]
 [1 0 0 0 1 1 1 1 0 1]
 [1 1 1 1 1 0 1 0 1 1]
 [1 1 1 0 0 1 1 1 1 1]
 [0 1 1 1 1 1 1 1 1 1]
 [1 0 0 1 1 1 0 1 1 1]
 [1 1 1 1 1 1 0 1 0 0]
 [1 1 0 0 1 1 0 1 1 1]
 [0 1 1 1 1 1 1 1 1 1]
 [1 1 0 0 1 1 1 1 0 1]
 [0 0 0 1 1 0 0 1 1 1]
 [1 1 1 1 1 1 1 0 1 1]
 [1 1 1 1 1 1 1 1 1 0]
 [1 1 0 1 1 0 0 1 1 0]
 [1 1 0 0 0 0 0 1 1 1]
 [1 0 1 0 1 1 1 1 0 1]
 [0 0 1 1 0 1 1 1 1 1]
 [1 1 1 1 1 1 1 0 1 1]
 [0 1 0 1 0 1 0 1 1 1]
 [1 1 1 0 1 1 0 0 1 1]
 [0 0 1 1 0 1 1 1 0 1]
 [1 1 1 1 0 1 1 1 1 1]]
{'restarts': 118, 'conflicts': 54343, 'decisions': 79424, 'propagations': 23370452}
Q is identifiable
branch at 6
runtime for solving id of Q is 4.586011065170169
Simulation results:
{'J': 50, 'K': 10, 'N': 10, 'p': 0.7, 'seed': 965, 'sim': 2, 'runtime': 4.586011065170169, 'identifiable': 1, 'branch': 6}
3
Q: [[0 0 0 1 1 1 0 0 0 1]
 [1 0 1 0 1 1 1 1 0 0]
 [1 1 0 1 1 0 1 1 0 1]
 [1 0 0 1 1 1 1 1 0 1]
 [1 0 1 0 1 1 1 1 1 1]
 [0 0 1 1 1 0 0 1 1 1]
 [0 1 0 1 1 1 0 1 1 1]
 [0 1 1 0 1 1 0 1 0 1]
 [1 1 1 0 1 1 0 1 0 1]
 [0 0 0 1 0 1 0 1 1 0]
 [1 1 1 1 1 0 0 0 0 0]
 [1 1 1 0 1 0 0 1 1 1]
 [1 1 0 0 1 0 1 1 1 1]
 [0 0 0 0 0 1 1 0 1 0]
 [1 1 1 1 1 1 1 0 0 0]
 [0 0 1 0 1 1 1 1 1 0]
 [1 1 1 0 1 0 0 1 1 1]
 [0 1 1 1 1 0 0 1 0 1]
 [1 0 1 1 1 1 1 1 0 1]
 [0 0 1 1 1 1 1 1 0 0]
 [1 1 1 0 1 1 0 1 1 1]
 [1 1 1 1 0 1 1 1 0 1]
 [1 1 0 1 1 0 0 1 1 1]
 [1 1 1 1 1 1 1 0 0 1]
 [1 1 1 0 0 0 0 1 1 0]
 [1 1 1 0 0 1 1 1 0 0]
 [0 1 1 1 0 1 0 1 1 1]
 [0 1 1 1 1 1 0 1 1 1]
 [0 1 1 1 1 0 0 0 1 1]
 [1 0 0 1 1 0 1 0 1 1]
 [1 0 1 1 1 0 0 0 0 1]
 [1 0 1 1 1 1 1 1 0 1]
 [1 0 1 0 1 1 1 1 1 1]
 [1 1 0 1 0 1 1 0 1 0]
 [1 1 1 0 1 0 0 1 1 1]
 [1 0 0 1 1 1 0 1 0 1]
 [1 0 1 0 0 1 0 1 1 1]
 [1 1 1 1 1 1 1 1 1 0]
 [1 1 1 1 1 1 1 1 1 1]
 [0 1 1 1 0 0 0 1 1 0]
 [1 1 0 1 1 1 1 1 1 1]
 [1 1 1 1 0 1 1 0 0 1]
 [1 1 1 1 1 0 1 1 1 1]
 [1 1 0 1 1 1 1 0 1 1]
 [0 0 1 0 1 1 1 0 1 1]
 [1 0 0 0 1 1 1 1 1 1]
 [1 0 1 1 1 1 1 1 0 1]
 [1 1 1 1 1 0 0 1 1 1]
 [0 0 1 1 0 1 1 1 1 0]
 [1 1 1 1 1 1 1 1 1 1]]
{'restarts': 5, 'conflicts': 2171, 'decisions': 4396, 'propagations': 1072776}
Q is identifiable
branch at 6
runtime for solving id of Q is 0.24427981209009886
Simulation results:
{'J': 50, 'K': 10, 'N': 10, 'p': 0.7, 'seed': 965, 'sim': 3, 'runtime': 0.24427981209009886, 'identifiable': 1, 'branch': 6}
4
Q: [[1 1 1 0 1 1 1 1 1 1]
 [0 1 1 0 1 0 1 0 0 0]
 [1 0 0 1 1 1 1 1 1 1]
 [1 1 1 0 1 0 0 0 1 0]
 [1 1 0 1 0 0 1 0 1 0]
 [0 1 1 0 0 1 1 1 1 1]
 [1 1 1 0 0 1 1 1 1 0]
 [1 1 1 1 1 1 1 0 1 1]
 [1 0 1 1 0 1 0 1 1 0]
 [1 0 0 0 1 1 0 1 1 0]
 [1 1 1 1 1 1 1 1 1 1]
 [1 1 1 0 0 1 1 0 1 0]
 [0 0 1 1 0 1 1 1 1 1]
 [0 0 0 1 1 1 0 1 0 1]
 [1 0 1 1 1 1 0 1 1 1]
 [1 1 1 0 1 0 1 1 1 1]
 [1 0 1 1 1 1 0 1 0 1]
 [1 1 0 1 1 1 0 0 1 1]
 [1 1 1 1 1 1 0 0 1 1]
 [1 1 0 1 0 0 0 0 1 1]
 [1 1 0 0 1 1 1 1 0 1]
 [0 1 1 0 1 0 1 1 0 0]
 [1 0 0 1 1 1 1 0 1 1]
 [1 1 1 1 1 1 0 1 0 1]
 [1 1 1 1 1 1 0 1 1 0]
 [1 0 1 1 1 1 1 0 1 1]
 [1 1 1 0 1 0 0 1 0 1]
 [1 1 1 1 1 1 0 0 0 1]
 [1 1 1 0 1 0 1 0 1 1]
 [0 1 1 0 0 1 1 0 1 0]
 [0 1 1 1 1 1 1 0 0 1]
 [1 0 0 1 0 1 1 0 1 1]
 [1 1 1 1 1 1 1 1 0 1]
 [0 0 1 1 0 1 1 0 0 1]
 [1 1 1 1 1 0 1 0 1 1]
 [1 0 1 1 0 0 1 1 0 1]
 [1 1 1 0 1 1 1 0 0 1]
 [1 1 1 1 0 1 0 0 1 1]
 [1 0 0 1 0 1 1 0 1 1]
 [1 0 0 1 1 1 1 1 0 1]
 [1 1 1 1 1 0 0 1 1 1]
 [1 0 1 0 1 0 1 1 1 1]
 [1 0 1 1 0 0 0 1 1 0]
 [1 1 1 0 1 1 1 1 1 0]
 [1 0 0 1 1 1 1 0 1 1]
 [0 1 1 0 0 1 1 1 1 1]
 [1 1 1 0 1 1 0 0 1 0]
 [1 1 0 0 0 1 1 1 1 1]
 [1 1 1 0 1 0 0 1 1 1]
 [1 1 0 1 1 1 1 1 0 1]]
{'restarts': 9, 'conflicts': 3235, 'decisions': 7749, 'propagations': 1406608}
Q is not identifiable, and Q_bar is [[0 1 1 1 1 1 1 1 1 0]
 [0 0 0 0 1 0 1 1 1 0]
 [1 0 1 1 1 1 0 1 0 1]
 [0 1 0 0 0 0 1 1 1 0]
 [0 1 0 0 1 0 0 0 1 1]
 [0 0 1 1 1 1 1 0 1 0]
 [0 1 1 1 1 0 1 0 1 0]
 [1 0 1 0 1 0 1 1 1 1]
 [0 1 1 1 0 0 1 0 0 1]
 [0 1 1 1 0 0 0 1 0 0]
 [0 1 1 1 1 1 1 1 1 1]
 [0 1 1 0 1 0 1 0 1 0]
 [0 0 1 1 1 1 1 0 0 1]
 [0 0 0 1 0 1 0 1 0 1]
 [0 1 0 1 0 1 1 1 0 1]
 [1 1 0 1 1 0 1 1 1 0]
 [1 0 0 1 0 1 1 1 0 1]
 [1 0 1 0 0 0 0 1 1 1]
 [1 1 1 0 0 0 1 1 1 1]
 [1 1 0 0 0 0 0 0 1 1]
 [1 0 0 1 1 1 0 1 1 0]
 [0 0 0 1 1 0 1 1 1 0]
 [1 0 1 0 1 1 0 1 0 1]
 [1 0 0 1 0 1 1 1 1 1]
 [0 1 1 1 0 0 1 1 1 1]
 [1 0 1 0 1 1 1 1 0 1]
 [1 0 0 1 0 0 1 1 1 0]
 [1 0 0 0 0 1 1 1 1 1]
 [1 1 0 0 1 0 1 1 1 0]
 [0 0 1 0 1 0 1 0 1 0]
 [0 0 0 0 1 1 1 1 1 1]
 [1 0 1 0 1 0 0 0 0 1]
 [1 0 0 1 1 1 1 1 1 1]
 [0 0 0 0 1 1 1 0 0 1]
 [1 1 0 0 1 0 1 1 1 1]
 [1 0 0 1 1 0 1 0 0 1]
 [1 0 0 0 1 1 1 1 1 0]
 [1 1 0 0 0 1 1 0 1 1]
 [1 0 1 0 1 0 0 0 0 1]
 [1 0 0 1 1 1 0 1 0 1]
 [1 1 0 1 0 0 1 1 1 1]
 [1 1 0 1 1 0 1 1 0 0]
 [0 1 0 1 0 0 1 0 0 1]
 [0 1 1 1 1 0 1 1 1 0]
 [1 0 1 0 1 1 0 1 0 1]
 [0 0 1 1 1 1 1 0 1 0]
 [0 1 1 0 0 0 1 1 1 0]
 [1 1 1 1 1 0 0 0 1 0]
 [1 1 0 1 0 0 1 1 1 0]
 [1 0 0 1 1 1 0 1 1 1]]
branch at 5
runtime for solving id of Q is 0.28767979703843594
Simulation results:
{'J': 50, 'K': 10, 'N': 10, 'p': 0.7, 'seed': 965, 'sim': 4, 'runtime': 0.28767979703843594, 'identifiable': 0, 'branch': 5}
5
Q: [[1 1 1 1 1 1 0 1 1 1]
 [1 1 1 1 0 1 1 1 0 1]
 [0 1 1 1 1 0 1 1 0 1]
 [1 1 1 1 1 0 1 1 1 1]
 [0 0 1 0 0 0 1 1 1 1]
 [0 1 1 1 0 0 0 1 1 0]
 [0 0 1 0 1 0 1 1 1 0]
 [1 1 1 1 1 1 1 1 1 1]
 [1 0 1 0 0 0 0 1 1 1]
 [0 1 0 1 1 0 1 1 1 1]
 [1 1 1 1 0 0 1 1 1 1]
 [1 1 1 1 1 1 1 0 1 0]
 [1 0 1 0 1 1 0 1 1 1]
 [1 1 1 0 1 0 0 1 1 0]
 [1 1 1 0 1 0 0 1 0 1]
 [1 1 1 0 1 1 1 0 1 1]
 [1 1 1 0 1 1 1 0 1 1]
 [0 0 1 0 1 1 1 1 1 0]
 [1 1 1 1 1 0 1 0 1 1]
 [1 1 1 1 1 1 0 0 1 1]
 [1 1 1 0 1 1 1 0 0 0]
 [1 1 1 1 1 1 1 1 1 1]
 [1 1 0 1 0 1 1 0 1 0]
 [0 1 1 1 1 0 1 0 1 1]
 [1 0 1 0 1 1 0 0 0 1]
 [1 1 1 0 1 1 1 0 1 1]
 [0 0 1 1 1 1 1 0 1 1]
 [1 0 1 1 1 1 1 1 1 1]
 [1 0 0 0 1 1 1 0 0 1]
 [1 0 1 1 0 1 0 0 1 1]
 [1 1 1 1 1 1 1 0 1 0]
 [1 0 1 1 0 1 1 1 1 0]
 [1 1 1 1 1 1 1 1 1 0]
 [1 1 1 1 0 0 0 1 1 0]
 [1 0 1 1 1 1 1 0 1 1]
 [1 0 1 1 1 1 0 1 0 1]
 [0 1 1 1 0 1 1 0 0 1]
 [1 1 0 1 0 1 0 1 1 1]
 [1 1 0 0 1 1 1 0 1 1]
 [1 1 1 1 0 1 0 1 1 0]
 [1 1 1 1 1 0 0 1 1 0]
 [1 1 1 1 1 1 0 0 0 0]
 [1 1 1 1 1 1 1 0 1 1]
 [1 1 0 0 0 0 1 1 0 1]
 [1 0 0 1 1 1 1 1 1 1]
 [1 0 0 1 1 1 1 1 1 1]
 [0 1 1 0 0 1 1 0 1 1]
 [0 0 0 0 1 0 0 1 0 1]
 [1 1 1 0 1 1 1 0 0 1]
 [1 1 1 0 0 0 0 0 0 1]]
{'restarts': 11, 'conflicts': 5027, 'decisions': 8949, 'propagations': 2264383}
Q is identifiable
branch at 6
runtime for solving id of Q is 0.37785650976002216
Simulation results:
{'J': 50, 'K': 10, 'N': 10, 'p': 0.7, 'seed': 965, 'sim': 5, 'runtime': 0.37785650976002216, 'identifiable': 1, 'branch': 6}
6
Q: [[1 1 1 1 0 0 1 0 1 0]
 [0 0 1 0 1 0 0 1 1 1]
 [0 1 1 1 1 1 1 1 1 1]
 [1 1 0 0 0 1 0 1 1 0]
 [1 1 1 1 1 1 1 1 1 1]
 [0 1 0 0 0 1 1 1 1 1]
 [0 1 0 0 1 1 1 1 0 0]
 [0 0 1 0 0 0 1 0 1 1]
 [0 1 1 0 0 1 0 1 1 0]
 [1 1 1 0 0 1 0 1 1 1]
 [1 0 1 1 1 0 1 0 1 1]
 [1 1 1 1 1 1 1 0 0 1]
 [1 1 1 1 1 1 0 1 1 1]
 [1 0 1 0 1 1 1 1 1 1]
 [0 0 1 1 1 0 1 1 1 1]
 [0 1 1 1 0 1 1 0 1 1]
 [1 1 1 1 1 0 0 1 1 1]
 [0 1 1 0 1 1 0 1 1 1]
 [0 1 1 1 1 1 1 1 0 1]
 [1 1 1 1 1 0 1 0 0 1]
 [1 1 1 0 0 1 0 0 0 1]
 [1 1 0 0 1 1 0 1 0 0]
 [1 1 1 1 1 1 0 1 1 1]
 [1 1 1 0 1 1 1 1 1 0]
 [1 0 0 1 0 1 1 0 0 1]
 [0 0 0 1 0 1 1 0 0 1]
 [1 1 0 1 1 0 0 1 0 1]
 [1 1 1 1 1 0 1 0 0 1]
 [0 1 1 1 0 1 1 1 0 0]
 [0 1 0 1 1 1 1 0 0 1]
 [1 1 1 1 0 0 1 1 1 1]
 [1 1 1 1 1 0 1 0 1 1]
 [1 1 1 1 1 1 0 0 0 1]
 [1 1 1 0 1 1 0 1 1 0]
 [1 1 0 0 1 0 1 1 0 0]
 [1 1 1 1 1 1 0 0 0 1]
 [1 1 1 1 0 1 0 1 1 0]
 [1 1 1 0 1 1 0 1 1 1]
 [1 1 0 0 0 1 1 1 1 0]
 [1 1 1 1 0 1 1 1 0 1]
 [0 1 1 0 0 1 1 0 1 1]
 [1 1 1 0 0 1 1 1 1 1]
 [1 1 1 1 1 0 1 1 1 1]
 [1 0 1 1 1 1 1 0 1 1]
 [0 1 0 1 1 1 1 0 1 1]
 [1 0 0 1 1 0 1 0 1 0]
 [1 1 0 1 0 1 1 1 1 1]
 [1 0 1 1 1 1 0 1 1 0]
 [0 1 0 0 1 1 0 1 0 1]
 [0 1 1 0 1 1 1 1 1 0]]
{'restarts': 25, 'conflicts': 7285, 'decisions': 12729, 'propagations': 3316616}
Q is identifiable
branch at 6
runtime for solving id of Q is 0.49072089046239853
Simulation results:
{'J': 50, 'K': 10, 'N': 10, 'p': 0.7, 'seed': 965, 'sim': 6, 'runtime': 0.49072089046239853, 'identifiable': 1, 'branch': 6}
7
Q: [[1 1 1 1 1 1 0 1 1 0]
 [1 0 1 1 1 1 0 1 1 1]
 [1 1 1 1 0 1 1 0 1 1]
 [1 1 0 1 1 1 1 1 1 0]
 [1 1 1 1 1 1 1 0 1 1]
 [1 1 0 1 1 0 0 1 0 1]
 [1 1 1 1 1 1 0 1 1 1]
 [0 1 1 0 0 1 0 1 0 1]
 [1 0 1 1 1 1 1 1 0 1]
 [1 1 1 0 0 1 1 0 0 1]
 [1 1 1 1 1 1 1 0 1 1]
 [1 1 1 1 0 1 1 1 0 1]
 [1 1 1 1 0 1 0 1 1 1]
 [0 0 1 0 1 1 0 1 0 1]
 [0 0 0 1 1 0 0 0 1 1]
 [1 1 1 0 1 1 1 1 0 0]
 [1 1 1 1 0 1 1 1 1 1]
 [1 0 1 0 1 1 1 1 1 1]
 [1 1 1 0 1 1 1 1 0 1]
 [1 1 1 1 1 0 1 1 0 1]
 [1 1 1 1 1 1 1 0 0 1]
 [1 1 1 1 1 1 1 1 1 1]
 [1 1 0 1 0 1 0 1 1 0]
 [1 1 0 1 1 1 0 1 1 1]
 [1 1 0 1 1 1 1 1 1 1]
 [1 1 1 1 1 1 0 1 1 0]
 [1 1 0 1 1 1 1 0 0 1]
 [1 0 1 1 1 0 0 0 1 0]
 [1 0 1 1 0 1 0 0 1 1]
 [1 1 1 1 1 1 1 1 1 1]
 [1 1 0 1 0 0 1 1 1 1]
 [0 1 1 1 0 0 1 0 1 1]
 [1 1 1 1 1 1 0 1 0 1]
 [1 1 1 1 1 0 1 1 1 1]
 [0 1 0 0 0 1 1 1 0 1]
 [1 1 1 0 1 1 1 1 1 1]
 [1 0 1 1 0 1 1 0 1 1]
 [1 1 1 0 1 0 1 1 1 1]
 [0 1 0 1 1 0 1 1 1 0]
 [1 1 0 1 0 1 1 1 1 1]
 [1 1 1 0 0 1 1 1 1 1]
 [0 0 1 1 1 0 1 1 1 1]
 [1 1 0 0 1 0 0 1 0 1]
 [1 1 0 1 1 1 1 1 1 1]
 [1 1 1 0 1 1 1 1 1 0]
 [0 1 0 1 1 1 0 1 1 1]
 [1 0 1 1 1 0 0 1 1 0]
 [0 1 1 1 1 0 1 1 1 1]
 [1 1 1 1 0 0 0 1 1 1]
 [1 0 1 0 1 1 1 1 1 1]]
{'restarts': 42, 'conflicts': 19416, 'decisions': 31298, 'propagations': 6538678}
Q is identifiable
branch at 6
runtime for solving id of Q is 1.2517016353085637
Simulation results:
{'J': 50, 'K': 10, 'N': 10, 'p': 0.7, 'seed': 965, 'sim': 7, 'runtime': 1.2517016353085637, 'identifiable': 1, 'branch': 6}
8
Q: [[1 1 0 1 1 1 1 1 1 0]
 [0 0 1 1 0 0 1 0 1 1]
 [1 1 1 1 1 1 1 1 0 1]
 [1 1 0 1 1 1 1 1 0 0]
 [0 0 1 1 1 1 1 0 1 0]
 [1 1 1 0 1 1 0 1 1 1]
 [1 1 1 1 1 0 0 1 1 1]
 [0 1 1 1 1 1 1 1 1 1]
 [1 0 0 1 1 1 1 1 1 1]
 [0 1 1 1 1 1 1 1 1 0]
 [1 1 1 1 1 1 1 1 0 1]
 [1 1 1 1 1 1 0 1 1 1]
 [1 1 1 1 1 1 1 1 1 1]
 [1 1 1 0 0 0 1 1 0 1]
 [1 1 0 1 0 1 1 0 1 0]
 [1 0 0 1 1 1 1 1 1 1]
 [1 0 1 1 0 1 0 1 0 0]
 [1 1 1 0 0 1 1 1 1 1]
 [0 1 1 0 0 1 0 0 0 1]
 [1 1 1 0 1 0 1 1 0 0]
 [1 1 1 1 0 1 0 1 1 0]
 [0 1 1 1 1 1 1 1 1 1]
 [1 1 1 1 0 1 0 1 1 1]
 [0 1 0 1 1 0 1 1 1 1]
 [1 1 1 1 0 0 1 0 1 1]
 [1 1 1 1 1 1 0 1 0 0]
 [1 0 1 1 1 1 0 0 1 1]
 [1 1 1 1 1 1 1 1 0 0]
 [1 1 1 1 0 1 1 0 1 1]
 [0 0 0 0 1 1 1 1 1 0]
 [0 0 0 1 1 0 1 0 1 0]
 [0 1 1 1 1 1 1 1 1 1]
 [0 0 1 1 0 1 0 0 1 1]
 [1 1 1 0 1 0 0 1 1 1]
 [0 1 1 0 0 1 1 0 1 0]
 [0 1 1 0 1 1 0 0 1 1]
 [1 1 1 1 0 1 1 1 1 1]
 [1 1 0 1 1 1 1 0 1 1]
 [1 1 1 1 1 1 0 1 0 1]
 [0 1 1 1 1 1 0 0 1 1]
 [1 1 1 1 1 1 1 1 0 1]
 [0 1 0 0 1 1 1 0 1 1]
 [1 1 0 1 1 0 1 1 1 1]
 [0 1 1 1 1 1 1 0 0 1]
 [0 1 1 0 1 0 1 1 1 1]
 [1 0 1 1 1 1 0 0 1 1]
 [1 1 0 1 1 0 1 0 1 0]
 [1 1 1 1 0 0 1 1 1 0]
 [0 0 1 1 1 1 1 1 1 1]
 [1 1 0 0 1 1 1 1 1 1]]
{'restarts': 15, 'conflicts': 5601, 'decisions': 10720, 'propagations': 2245733}
Q is identifiable
branch at 6
runtime for solving id of Q is 0.348840419203043
Simulation results:
{'J': 50, 'K': 10, 'N': 10, 'p': 0.7, 'seed': 965, 'sim': 8, 'runtime': 0.348840419203043, 'identifiable': 1, 'branch': 6}
9
Q: [[1 1 1 1 1 1 1 0 1 1]
 [1 1 1 0 1 1 1 1 1 0]
 [1 0 1 1 1 1 1 0 1 1]
 [1 1 1 1 0 1 1 0 1 1]
 [1 0 1 1 1 1 0 1 0 1]
 [1 1 1 1 1 0 0 0 1 1]
 [1 1 1 1 1 1 1 1 1 1]
 [1 0 1 1 1 0 0 0 0 1]
 [1 0 0 1 1 1 1 0 0 1]
 [0 0 1 0 1 1 0 0 0 0]
 [0 0 1 1 0 1 0 1 1 1]
 [0 1 1 0 1 1 1 1 1 1]
 [1 0 0 1 0 1 1 1 1 0]
 [1 1 0 1 0 1 1 0 1 0]
 [1 1 1 1 0 1 0 1 1 1]
 [1 1 0 1 0 0 1 0 0 1]
 [1 1 1 1 0 1 1 1 0 1]
 [1 0 0 1 0 1 1 1 0 1]
 [0 1 0 0 0 1 1 1 1 1]
 [1 1 1 0 1 1 1 1 1 1]
 [0 1 0 0 0 1 0 1 0 1]
 [1 1 1 1 0 0 1 1 0 0]
 [1 0 0 1 0 0 0 1 1 1]
 [1 0 0 0 1 1 0 1 0 1]
 [1 1 1 1 1 0 1 0 1 0]
 [1 0 1 0 1 1 1 1 0 0]
 [0 0 1 1 1 0 1 1 1 1]
 [1 1 1 1 1 1 1 1 1 0]
 [1 1 1 1 1 1 1 1 1 1]
 [1 1 1 1 1 1 1 1 1 0]
 [1 1 1 0 1 1 1 1 1 0]
 [1 1 0 1 1 1 1 1 1 1]
 [0 1 1 1 0 0 0 1 1 1]
 [1 1 0 1 0 0 1 0 1 0]
 [0 0 0 1 1 1 1 0 1 1]
 [0 1 1 0 1 1 0 1 1 1]
 [1 1 1 1 0 1 1 1 1 1]
 [1 1 0 1 1 1 1 1 1 0]
 [0 1 1 1 0 1 0 1 1 0]
 [1 1 1 1 0 1 1 0 1 0]
 [1 0 1 1 1 1 1 0 1 0]
 [0 1 1 1 1 1 1 1 1 0]
 [0 1 1 1 1 1 1 1 1 1]
 [0 0 0 0 1 1 0 0 1 1]
 [0 1 1 1 1 0 1 1 0 0]
 [1 1 1 1 1 1 0 0 1 1]
 [0 1 0 0 1 0 1 1 1 1]
 [1 0 1 1 1 1 0 0 1 0]
 [1 0 1 1 1 1 1 1 1 1]
 [1 1 1 1 1 1 1 1 1 0]]
{'restarts': 26, 'conflicts': 7058, 'decisions': 13327, 'propagations': 3467472}
Q is identifiable
branch at 6
runtime for solving id of Q is 0.5405451338738203
Simulation results:
{'J': 50, 'K': 10, 'N': 10, 'p': 0.7, 'seed': 965, 'sim': 9, 'runtime': 0.5405451338738203, 'identifiable': 1, 'branch': 6}
Simulation results:
[{'J': 50, 'K': 10, 'N': 10, 'p': 0.7, 'seed': 965, 'sim': 0, 'runtime': 2.6062720706686378, 'identifiable': 1, 'branch': 6}, {'J': 50, 'K': 10, 'N': 10, 'p': 0.7, 'seed': 965, 'sim': 1, 'runtime': 3.113349486142397, 'identifiable': 1, 'branch': 6}, {'J': 50, 'K': 10, 'N': 10, 'p': 0.7, 'seed': 965, 'sim': 2, 'runtime': 4.586011065170169, 'identifiable': 1, 'branch': 6}, {'J': 50, 'K': 10, 'N': 10, 'p': 0.7, 'seed': 965, 'sim': 3, 'runtime': 0.24427981209009886, 'identifiable': 1, 'branch': 6}, {'J': 50, 'K': 10, 'N': 10, 'p': 0.7, 'seed': 965, 'sim': 4, 'runtime': 0.28767979703843594, 'identifiable': 0, 'branch': 5}, {'J': 50, 'K': 10, 'N': 10, 'p': 0.7, 'seed': 965, 'sim': 5, 'runtime': 0.37785650976002216, 'identifiable': 1, 'branch': 6}, {'J': 50, 'K': 10, 'N': 10, 'p': 0.7, 'seed': 965, 'sim': 6, 'runtime': 0.49072089046239853, 'identifiable': 1, 'branch': 6}, {'J': 50, 'K': 10, 'N': 10, 'p': 0.7, 'seed': 965, 'sim': 7, 'runtime': 1.2517016353085637, 'identifiable': 1, 'branch': 6}, {'J': 50, 'K': 10, 'N': 10, 'p': 0.7, 'seed': 965, 'sim': 8, 'runtime': 0.348840419203043, 'identifiable': 1, 'branch': 6}, {'J': 50, 'K': 10, 'N': 10, 'p': 0.7, 'seed': 965, 'sim': 9, 'runtime': 0.5405451338738203, 'identifiable': 1, 'branch': 6}]
