
The Gurobi software has a limited number of licenses. To request a license or
licenses, add this line

    #SBATCH --licenses=gurobi@slurmdb:1

to your SBATCH script, replacing N with the number of licenses you need. Gurobi
will need one license per process.


0
Q: [[1 0 1 1 1 1 1 1 1 0]
 [1 1 1 0 1 0 1 1 0 1]
 [0 1 1 1 0 1 0 1 1 1]
 [0 0 1 1 1 1 0 1 0 1]
 [0 0 0 1 1 1 1 0 1 1]
 [1 1 1 0 1 1 0 1 0 1]
 [1 0 1 1 1 1 1 1 0 1]
 [0 0 0 1 1 0 0 0 0 1]
 [1 1 0 0 1 1 0 0 1 1]
 [1 1 0 0 1 1 1 1 0 0]
 [1 1 1 0 0 0 0 1 0 0]
 [0 0 1 1 1 0 1 1 0 0]
 [0 1 1 1 1 0 1 0 1 1]
 [1 1 1 0 1 1 1 1 0 1]
 [1 0 1 1 1 1 1 0 1 0]
 [1 1 0 1 1 1 1 1 1 0]
 [1 1 1 1 0 1 1 1 1 0]
 [1 1 1 0 1 0 1 1 0 1]
 [1 0 0 1 1 1 1 1 1 0]
 [0 1 1 1 0 1 0 0 1 1]
 [1 1 0 1 0 1 0 1 0 0]
 [0 0 1 1 1 1 1 0 1 1]
 [0 1 1 1 0 1 1 0 1 1]
 [1 1 1 0 0 1 1 1 1 1]
 [1 1 1 1 1 1 1 0 1 1]
 [1 1 1 1 1 1 1 0 1 0]
 [1 1 1 1 1 1 1 0 1 1]
 [0 1 1 1 1 1 1 0 1 1]
 [1 1 0 0 1 1 0 1 1 1]
 [0 1 0 1 1 0 0 0 1 0]
 [1 1 1 0 1 1 1 0 1 0]
 [0 0 1 1 1 1 0 1 1 1]
 [1 1 1 0 1 1 1 1 1 0]
 [1 0 1 1 0 1 0 1 1 1]
 [1 1 1 1 1 1 0 1 1 1]
 [1 1 0 0 1 1 0 1 1 0]
 [0 1 1 1 1 0 1 1 0 0]
 [1 1 1 1 0 1 1 0 1 1]
 [0 0 1 1 1 1 1 1 0 0]
 [1 1 1 0 1 1 1 1 1 0]
 [1 1 1 0 1 1 1 1 0 1]
 [1 1 1 1 1 1 1 1 1 0]
 [0 1 1 1 1 1 0 1 1 0]
 [1 1 1 0 1 1 1 1 1 1]
 [0 1 1 1 0 0 0 1 1 1]
 [1 0 0 0 1 1 0 1 0 0]
 [1 1 1 1 1 1 0 1 1 1]
 [1 1 1 1 1 0 0 1 0 0]
 [1 1 0 1 1 1 1 1 0 1]
 [1 1 0 1 1 1 1 1 0 0]
 [1 1 1 0 1 1 1 0 1 1]
 [1 1 1 1 1 1 1 1 1 0]
 [0 1 1 1 1 1 0 1 1 1]
 [1 0 1 1 1 1 1 1 1 0]
 [1 1 0 1 1 0 0 0 1 0]
 [1 0 1 1 1 1 0 0 1 1]
 [1 1 0 1 1 0 1 0 0 0]
 [1 0 0 0 1 0 1 0 1 1]
 [1 0 1 0 1 1 1 1 1 1]
 [1 1 0 1 0 1 1 1 0 0]
 [1 1 0 1 1 1 1 0 1 1]
 [0 0 1 1 0 1 0 0 1 1]
 [1 1 1 1 0 1 1 1 1 1]
 [0 1 1 1 1 1 1 1 0 1]
 [0 0 0 1 1 1 1 1 1 0]
 [1 1 0 1 1 1 1 1 1 1]
 [0 0 0 0 1 1 0 1 1 1]
 [1 1 0 0 1 1 0 1 0 1]
 [0 1 1 1 1 1 0 0 1 0]
 [1 0 1 1 1 1 1 0 1 0]
 [1 0 0 1 1 1 0 1 1 1]
 [1 1 1 1 0 1 1 1 1 0]
 [0 1 1 1 0 0 0 1 1 0]
 [1 1 0 0 1 1 1 1 1 1]
 [1 1 1 0 1 1 0 1 1 0]
 [1 0 0 1 1 1 1 1 1 1]
 [1 1 0 1 1 1 1 0 1 1]
 [1 1 1 1 0 0 1 1 1 1]
 [1 0 1 1 1 0 1 0 1 1]
 [0 1 1 1 1 1 1 0 1 0]
 [1 1 0 1 1 0 0 1 1 1]
 [0 1 0 1 1 1 0 1 1 1]
 [0 0 0 1 1 1 0 1 1 1]
 [1 1 1 1 1 1 1 0 0 1]
 [1 0 1 1 0 0 1 0 1 1]
 [1 1 1 0 1 1 0 0 0 0]
 [1 1 1 1 1 1 0 0 1 1]
 [1 0 0 1 1 1 1 1 1 1]
 [0 1 1 1 1 1 0 1 1 1]
 [0 0 0 1 1 1 1 1 0 1]
 [0 1 1 1 1 1 1 1 0 1]
 [1 0 0 1 1 0 1 1 0 0]
 [1 1 0 0 1 0 1 1 1 1]
 [0 1 0 0 0 0 0 0 0 0]
 [0 0 1 1 1 1 1 1 0 0]
 [1 1 0 1 1 1 1 1 1 1]
 [0 1 1 1 1 1 1 1 0 1]
 [1 1 1 1 1 1 1 1 1 0]
 [1 1 0 1 1 1 1 1 1 0]
 [1 0 0 1 1 1 0 1 1 1]]
{'restarts': 8, 'conflicts': 3669, 'decisions': 7624, 'propagations': 2792061}
Q is identifiable
branch at 6
runtime for solving id of Q is 0.5950954419095069
Simulation results:
{'J': 100, 'K': 10, 'N': 10, 'p': 0.7, 'seed': 212, 'sim': 0, 'runtime': 0.5950954419095069, 'identifiable': 1, 'branch': 6}
1
Q: [[1 0 0 1 1 1 1 0 1 1]
 [1 1 0 1 1 1 1 1 1 0]
 [1 1 1 1 1 1 1 1 0 1]
 [1 1 1 1 1 0 1 0 0 1]
 [0 0 1 0 1 1 1 1 1 0]
 [1 1 1 1 1 1 1 1 1 1]
 [1 1 1 1 1 0 0 1 1 1]
 [1 1 1 1 1 1 1 0 1 0]
 [0 1 0 1 1 1 1 1 1 1]
 [1 1 1 0 1 1 1 0 1 1]
 [1 1 0 0 1 1 0 1 1 1]
 [1 1 1 1 1 1 0 1 0 1]
 [0 0 1 0 1 1 1 1 1 0]
 [1 0 0 1 1 1 1 1 1 1]
 [1 0 1 0 1 1 1 0 1 0]
 [0 1 1 1 1 1 1 1 1 1]
 [0 1 1 1 0 1 0 1 0 1]
 [1 1 1 0 1 0 0 1 1 1]
 [0 1 1 1 1 1 1 1 1 1]
 [1 1 1 0 1 1 0 1 1 1]
 [1 1 1 1 1 1 0 0 1 1]
 [0 1 1 0 1 1 1 1 0 1]
 [1 0 1 1 0 1 0 1 1 1]
 [1 1 1 1 0 0 0 1 1 1]
 [0 1 1 1 0 1 1 1 1 0]
 [0 1 0 0 1 0 1 1 1 1]
 [1 1 1 1 1 1 1 1 1 1]
 [1 0 1 1 1 0 1 0 1 1]
 [0 1 1 1 0 1 1 1 0 0]
 [1 1 1 1 1 1 1 1 1 1]
 [1 1 1 0 1 1 1 1 1 1]
 [1 1 1 1 1 1 1 1 1 0]
 [1 0 1 1 1 1 1 0 0 1]
 [0 1 1 1 1 1 1 1 1 1]
 [0 0 0 1 1 1 1 1 0 1]
 [1 1 1 1 1 1 1 0 1 1]
 [1 1 1 0 0 1 1 0 1 1]
 [1 1 1 1 1 0 0 1 0 0]
 [1 1 1 0 0 1 1 1 1 1]
 [1 1 0 1 1 0 1 0 1 1]
 [1 1 1 0 0 0 1 1 1 1]
 [1 1 0 1 1 1 1 1 0 1]
 [0 1 1 1 1 0 1 0 1 0]
 [1 0 0 1 1 1 0 1 1 0]
 [0 0 1 1 1 1 1 1 1 1]
 [1 0 1 1 1 1 0 1 1 0]
 [0 1 0 1 1 1 1 1 1 1]
 [1 1 1 1 0 0 1 1 1 1]
 [1 1 1 1 1 0 0 0 1 1]
 [0 0 1 0 0 1 1 0 0 1]
 [1 1 0 1 1 0 1 0 1 0]
 [1 1 1 0 1 1 0 1 1 0]
 [0 1 0 1 1 1 0 1 1 1]
 [1 0 0 1 1 1 1 0 1 1]
 [1 1 0 1 1 1 0 1 1 1]
 [1 1 0 1 0 1 1 0 1 1]
 [1 0 1 1 1 1 1 1 1 1]
 [1 1 1 1 1 1 1 1 1 0]
 [1 1 1 1 0 0 1 1 1 1]
 [1 1 1 1 0 1 1 1 1 1]
 [0 1 0 0 0 1 1 0 1 1]
 [1 1 0 1 0 1 1 1 0 1]
 [0 1 1 0 1 0 1 1 0 1]
 [1 0 1 1 1 1 1 1 1 0]
 [1 1 1 1 0 1 1 0 1 1]
 [1 1 1 0 1 1 0 1 1 0]
 [1 1 1 1 1 0 0 1 0 1]
 [1 1 1 1 1 1 1 1 0 1]
 [1 1 1 0 1 1 1 1 1 0]
 [1 1 0 1 0 1 1 0 1 1]
 [1 1 1 0 1 1 1 1 0 1]
 [0 1 0 1 1 1 1 0 1 1]
 [1 1 0 0 1 1 1 0 1 1]
 [0 0 0 1 1 1 1 0 1 0]
 [0 1 1 1 1 0 1 1 1 1]
 [0 0 0 1 1 0 1 1 1 0]
 [0 1 0 1 1 1 1 1 1 1]
 [1 1 1 1 1 1 0 0 1 1]
 [1 1 1 1 1 1 1 0 1 1]
 [1 1 1 1 0 0 1 0 1 1]
 [1 1 0 1 1 1 1 1 0 1]
 [1 1 1 1 1 1 0 0 1 1]
 [0 1 1 1 1 1 0 1 1 1]
 [0 0 1 0 1 1 0 1 1 0]
 [1 1 1 0 1 1 1 1 1 0]
 [1 0 1 1 0 0 1 1 1 0]
 [1 1 1 1 1 1 1 1 1 1]
 [1 1 1 1 1 1 1 0 1 1]
 [1 1 1 1 1 1 1 1 1 0]
 [1 1 1 1 1 0 1 0 0 0]
 [0 1 0 1 0 0 0 0 0 0]
 [0 1 1 1 0 1 1 1 0 1]
 [1 1 1 1 1 0 1 0 1 1]
 [1 1 0 1 0 0 1 1 1 0]
 [1 0 1 1 1 1 0 0 1 1]
 [1 1 1 1 1 0 1 1 0 0]
 [1 1 0 0 0 1 1 0 0 1]
 [1 0 1 1 1 1 0 1 1 0]
 [1 1 1 1 1 0 0 0 1 1]
 [1 1 1 1 1 1 1 0 1 1]]
{'restarts': 12, 'conflicts': 5616, 'decisions': 10888, 'propagations': 4467650}
Q is identifiable
branch at 6
runtime for solving id of Q is 0.7688205249141902
Simulation results:
{'J': 100, 'K': 10, 'N': 10, 'p': 0.7, 'seed': 212, 'sim': 1, 'runtime': 0.7688205249141902, 'identifiable': 1, 'branch': 6}
2
Q: [[1 1 1 1 1 1 0 1 1 1]
 [1 1 0 1 0 0 1 1 1 1]
 [0 1 1 1 1 1 1 0 1 1]
 [1 1 0 1 1 1 0 0 0 1]
 [0 1 1 1 1 0 1 1 1 1]
 [1 1 0 0 1 1 0 1 1 1]
 [1 0 1 0 0 0 1 0 1 1]
 [1 1 0 0 1 1 0 1 1 0]
 [0 1 1 0 1 1 1 0 1 0]
 [1 0 0 1 1 0 1 1 1 1]
 [0 0 1 1 1 0 1 1 1 1]
 [1 1 0 1 0 1 1 0 1 0]
 [1 1 1 1 1 1 0 1 1 1]
 [0 1 1 1 0 1 0 0 1 1]
 [0 0 1 1 1 1 1 1 1 0]
 [1 1 1 1 0 1 1 1 0 1]
 [1 1 0 1 1 1 1 0 1 1]
 [1 1 1 1 1 1 1 0 0 1]
 [1 0 1 1 1 0 1 1 0 0]
 [0 1 1 1 1 0 0 1 0 1]
 [1 1 1 0 0 0 0 0 1 1]
 [0 0 0 1 1 1 1 1 1 0]
 [1 0 1 1 0 1 0 1 1 1]
 [1 1 1 1 0 1 0 1 1 1]
 [1 0 1 1 1 0 1 0 0 1]
 [1 0 1 0 0 1 1 1 1 0]
 [1 0 0 0 1 1 0 1 1 1]
 [1 1 1 1 1 1 1 1 1 1]
 [0 1 1 1 1 1 1 0 1 0]
 [0 1 1 1 1 1 1 1 1 1]
 [1 1 0 1 1 0 1 0 1 0]
 [1 1 1 0 0 0 1 0 0 0]
 [1 1 1 0 1 0 1 1 1 1]
 [1 1 1 1 1 1 1 0 0 1]
 [1 1 0 0 1 1 1 1 0 0]
 [1 1 1 0 1 0 1 0 1 1]
 [1 0 1 1 1 0 1 1 1 1]
 [0 1 0 1 1 1 1 1 0 0]
 [0 1 0 1 1 1 0 0 1 0]
 [1 1 1 0 0 1 1 0 1 1]
 [1 0 1 1 1 1 1 1 1 0]
 [1 1 0 0 1 1 1 1 1 1]
 [1 0 1 1 0 1 1 1 0 0]
 [0 1 0 1 1 0 1 0 1 1]
 [1 0 1 0 1 1 1 0 1 1]
 [1 0 1 1 0 0 1 0 1 1]
 [0 1 1 1 0 1 1 1 1 1]
 [0 1 1 1 1 1 1 1 1 1]
 [0 1 1 1 1 0 1 1 0 1]
 [1 1 1 1 1 1 1 0 1 0]
 [1 0 1 1 1 1 1 0 1 0]
 [0 1 1 0 1 0 1 1 0 1]
 [1 0 1 0 1 1 0 0 1 1]
 [1 0 1 1 1 0 1 1 1 1]
 [1 1 1 1 0 1 1 0 0 1]
 [0 0 1 0 0 1 0 1 0 1]
 [0 1 1 1 0 0 1 1 1 1]
 [1 1 1 1 0 0 1 1 0 1]
 [0 0 1 0 0 1 0 0 1 1]
 [1 0 1 1 1 1 1 1 1 0]
 [1 1 1 1 0 0 1 1 1 0]
 [1 1 1 1 0 0 0 1 1 1]
 [1 1 1 0 0 0 1 1 1 0]
 [1 1 1 0 0 0 0 0 1 1]
 [1 1 0 0 1 0 1 1 0 1]
 [1 1 1 1 1 1 0 0 1 1]
 [1 0 1 0 0 0 1 0 0 0]
 [1 0 1 0 0 1 0 1 0 0]
 [1 1 1 1 1 1 0 1 0 0]
 [1 1 1 1 1 1 0 0 0 1]
 [0 1 1 1 1 1 1 0 0 1]
 [1 1 0 1 1 1 0 0 1 1]
 [1 1 1 1 0 1 1 0 1 0]
 [1 1 0 1 1 1 1 1 0 1]
 [0 0 1 1 1 1 0 1 0 1]
 [1 1 1 1 1 1 1 0 1 1]
 [1 0 0 0 1 0 1 1 1 1]
 [1 1 1 1 1 1 0 1 0 1]
 [0 1 1 1 1 0 1 1 0 0]
 [1 1 1 1 1 1 1 0 0 1]
 [1 0 1 0 1 1 1 1 1 1]
 [1 0 0 1 1 1 0 1 1 0]
 [1 1 1 0 1 0 1 0 1 1]
 [1 1 1 1 1 1 1 1 1 1]
 [0 0 1 1 1 1 0 1 1 1]
 [1 1 1 1 0 1 0 0 1 1]
 [0 1 1 1 1 1 1 1 1 1]
 [1 1 1 1 0 1 0 0 0 0]
 [1 0 1 1 1 0 0 1 0 1]
 [1 1 0 1 0 1 0 1 0 1]
 [0 1 1 1 1 0 1 1 1 0]
 [1 1 1 1 0 0 0 0 1 1]
 [1 1 1 0 1 1 0 1 1 1]
 [1 0 1 1 1 1 1 0 0 1]
 [1 1 1 1 1 0 1 1 1 0]
 [1 0 1 0 1 1 0 1 0 0]
 [0 1 1 1 1 1 1 1 0 0]
 [1 1 1 1 1 0 1 1 1 1]
 [1 1 0 0 1 1 1 1 1 0]
 [0 1 1 1 1 1 1 1 1 1]]
{'restarts': 38, 'conflicts': 15395, 'decisions': 27089, 'propagations': 16224519}
Q is identifiable
branch at 6
runtime for solving id of Q is 2.632501933025196
Simulation results:
{'J': 100, 'K': 10, 'N': 10, 'p': 0.7, 'seed': 212, 'sim': 2, 'runtime': 2.632501933025196, 'identifiable': 1, 'branch': 6}
3
Q: [[0 1 1 1 1 1 0 1 0 0]
 [1 0 1 1 1 0 0 0 0 1]
 [1 1 1 1 0 0 0 0 1 1]
 [1 1 1 1 0 1 1 1 1 1]
 [1 1 0 1 0 0 0 1 1 1]
 [1 1 1 1 0 1 0 1 0 1]
 [0 1 1 1 0 1 1 1 1 1]
 [0 1 0 0 1 0 1 1 0 1]
 [1 1 0 1 1 1 0 1 1 0]
 [0 0 0 0 0 1 0 1 0 1]
 [0 0 0 0 0 1 1 1 0 1]
 [1 1 1 1 1 0 1 1 1 0]
 [1 1 1 1 0 1 0 1 1 1]
 [0 1 1 0 0 1 1 1 1 0]
 [0 1 1 1 1 1 0 0 0 1]
 [1 1 1 0 1 1 1 1 1 0]
 [1 1 0 1 1 1 1 1 1 0]
 [0 0 0 1 1 1 1 1 1 1]
 [0 0 0 1 1 1 1 1 1 0]
 [0 1 1 1 1 1 0 1 1 1]
 [1 1 1 1 0 1 1 0 1 1]
 [1 1 1 1 1 1 1 1 0 0]
 [0 1 1 1 0 0 1 1 0 1]
 [1 1 1 1 1 0 1 0 1 1]
 [1 0 0 1 1 1 0 1 1 1]
 [0 1 1 1 1 0 0 1 1 1]
 [1 1 1 1 1 1 1 0 1 1]
 [1 0 0 0 1 1 0 0 1 0]
 [1 1 0 1 0 1 0 1 1 1]
 [1 1 1 1 1 1 1 0 1 1]
 [0 0 0 0 1 0 1 1 1 1]
 [0 1 1 0 1 1 1 1 0 1]
 [0 1 1 1 1 1 1 1 1 0]
 [1 0 0 1 1 1 0 1 0 1]
 [1 1 1 0 1 1 1 1 0 1]
 [1 1 0 0 0 1 0 0 1 0]
 [1 1 1 1 1 0 1 1 1 1]
 [1 1 1 1 1 0 0 0 0 1]
 [0 0 1 1 1 1 0 1 1 1]
 [0 1 1 1 0 1 1 1 1 1]
 [1 1 1 1 1 0 1 1 1 0]
 [0 0 0 1 0 0 0 1 1 0]
 [1 1 1 1 1 0 1 0 0 1]
 [1 1 1 1 1 0 0 1 1 1]
 [1 1 1 0 1 0 0 1 1 1]
 [0 0 0 0 1 1 0 0 0 1]
 [0 0 1 1 0 0 1 1 1 1]
 [1 0 1 1 0 1 1 1 1 1]
 [1 1 1 1 0 1 1 0 1 1]
 [0 0 0 0 1 1 1 1 1 0]
 [0 1 1 0 1 1 0 0 1 1]
 [1 1 1 1 0 1 1 1 0 1]
 [1 1 0 0 1 1 1 1 1 1]
 [0 1 0 1 1 1 1 1 1 1]
 [1 1 1 1 1 1 0 1 1 1]
 [0 1 0 0 1 1 1 1 0 0]
 [1 1 0 1 1 1 0 1 0 0]
 [1 1 1 0 1 1 1 1 1 0]
 [0 1 1 1 1 1 1 0 1 1]
 [1 1 1 1 1 0 1 1 0 1]
 [0 0 0 0 1 1 1 0 0 1]
 [1 1 1 1 1 1 1 1 1 0]
 [1 1 0 1 0 0 0 1 1 0]
 [0 0 0 1 1 0 1 1 1 0]
 [1 1 1 1 0 1 1 1 1 1]
 [0 1 1 0 1 0 1 1 0 1]
 [1 1 1 1 1 1 1 0 1 1]
 [0 0 0 1 0 1 0 1 1 1]
 [1 1 1 0 1 1 1 1 0 1]
 [0 0 1 1 0 1 1 1 1 1]
 [0 0 1 1 1 0 1 1 1 1]
 [1 1 0 1 0 1 1 1 0 1]
 [0 1 1 0 1 0 0 1 1 1]
 [0 1 1 1 1 1 1 1 0 1]
 [1 1 1 0 1 1 0 0 0 0]
 [0 1 1 1 1 1 1 1 1 1]
 [1 1 1 0 1 1 1 1 1 1]
 [1 0 0 1 1 0 1 1 1 0]
 [1 0 0 0 1 0 1 0 0 1]
 [0 1 1 1 1 0 0 1 1 1]
 [1 1 1 1 1 1 1 1 1 1]
 [1 1 1 0 0 0 1 0 1 1]
 [1 1 0 1 1 0 1 1 0 1]
 [1 1 0 0 0 1 1 1 1 0]
 [0 1 0 0 1 1 1 0 1 0]
 [1 1 0 1 1 1 1 0 1 1]
 [0 1 1 0 1 1 1 1 0 1]
 [1 1 1 1 0 0 0 0 1 1]
 [1 0 0 1 1 1 0 0 1 1]
 [1 0 1 0 1 0 1 1 1 0]
 [1 1 1 0 1 1 1 1 1 1]
 [1 0 1 1 0 1 1 1 1 1]
 [0 1 1 1 1 0 1 1 1 0]
 [0 1 1 1 1 1 0 1 1 1]
 [1 1 1 0 0 1 1 1 1 0]
 [1 0 1 0 0 1 0 1 1 1]
 [1 1 1 1 0 1 1 0 0 1]
 [0 1 0 1 0 1 1 1 0 0]
 [1 1 1 1 0 0 0 0 1 0]
 [0 0 1 1 1 0 1 1 1 0]]
{'restarts': 3, 'conflicts': 677, 'decisions': 1958, 'propagations': 680778}
Q is identifiable
branch at 6
runtime for solving id of Q is 0.3855938978958875
Simulation results:
{'J': 100, 'K': 10, 'N': 10, 'p': 0.7, 'seed': 212, 'sim': 3, 'runtime': 0.3855938978958875, 'identifiable': 1, 'branch': 6}
4
Q: [[1 1 1 1 1 1 1 1 1 1]
 [1 1 1 1 0 1 1 1 0 1]
 [1 1 1 1 0 1 1 0 1 0]
 [1 1 1 1 1 1 1 1 1 1]
 [1 1 1 1 1 1 1 1 1 1]
 [1 1 1 1 1 0 0 1 1 1]
 [0 1 1 1 1 1 1 1 1 1]
 [0 0 0 1 0 0 1 0 1 1]
 [1 1 1 1 0 1 1 1 1 1]
 [1 1 0 1 0 0 1 1 0 1]
 [0 0 1 1 1 1 1 1 0 1]
 [0 0 0 1 0 1 1 0 1 1]
 [1 1 0 1 1 1 0 1 1 1]
 [0 0 1 1 0 1 1 1 0 1]
 [0 1 0 0 1 1 1 1 1 1]
 [1 1 0 1 1 1 1 0 1 0]
 [0 1 1 1 1 1 1 1 1 0]
 [1 1 1 1 1 1 0 1 1 1]
 [0 1 1 1 1 1 0 1 1 1]
 [1 0 1 1 1 0 0 1 0 1]
 [1 1 1 1 0 0 0 1 1 0]
 [1 1 1 1 0 1 1 1 1 0]
 [1 1 1 0 1 1 0 1 1 0]
 [1 1 1 1 1 0 0 0 1 0]
 [0 1 1 1 1 1 1 1 1 1]
 [1 1 1 0 0 0 1 1 0 1]
 [1 1 1 0 1 1 1 1 1 0]
 [1 1 1 1 1 1 1 1 1 1]
 [1 0 1 1 1 1 1 1 1 1]
 [1 1 1 0 1 1 0 1 1 0]
 [0 1 1 1 0 1 0 1 1 0]
 [0 1 0 1 0 1 0 1 1 1]
 [0 0 1 1 1 1 1 1 1 1]
 [0 1 1 1 1 1 0 0 1 1]
 [0 1 0 1 1 1 0 1 1 1]
 [1 0 1 1 0 1 1 1 1 1]
 [1 1 1 0 1 0 1 1 1 0]
 [1 1 0 1 1 1 1 1 1 1]
 [1 1 0 0 1 1 0 0 1 0]
 [0 1 1 0 0 1 1 1 0 1]
 [0 1 1 0 1 0 1 1 0 0]
 [1 0 0 1 0 1 1 0 1 1]
 [1 1 1 1 1 1 1 1 1 1]
 [0 0 1 0 0 1 1 0 1 1]
 [1 1 1 0 1 1 1 0 1 1]
 [1 1 1 1 1 1 0 1 0 1]
 [0 1 0 0 1 1 0 1 1 0]
 [0 0 1 1 0 1 1 1 1 0]
 [1 1 1 1 0 1 1 1 0 1]
 [1 0 1 1 0 1 0 0 0 0]
 [0 0 0 1 1 1 1 0 1 0]
 [1 1 1 0 0 1 1 1 1 0]
 [1 0 0 0 1 1 1 1 0 1]
 [1 0 1 1 0 1 1 1 1 0]
 [1 1 1 1 1 1 1 1 1 1]
 [1 1 1 1 1 0 0 1 1 0]
 [1 1 1 1 1 1 1 0 0 1]
 [1 1 1 1 0 0 1 1 1 1]
 [1 1 1 1 1 0 1 1 0 1]
 [1 0 1 0 1 1 0 0 1 0]
 [0 0 1 1 1 1 1 1 1 0]
 [1 1 1 1 1 1 0 0 1 1]
 [1 1 1 1 0 0 1 1 1 1]
 [1 1 1 0 1 0 0 1 1 1]
 [0 1 0 1 1 1 0 1 0 0]
 [0 1 1 1 1 1 1 1 1 0]
 [1 1 1 0 1 1 1 1 1 0]
 [1 1 0 0 1 1 1 1 1 1]
 [0 1 1 1 1 1 1 0 0 0]
 [1 1 1 1 1 0 0 0 1 1]
 [1 0 0 1 0 1 0 0 1 1]
 [1 0 1 1 1 1 1 1 1 1]
 [1 1 0 1 1 1 1 1 1 1]
 [0 1 0 1 1 1 1 0 1 1]
 [0 0 1 1 1 1 0 1 1 1]
 [1 1 1 0 1 1 1 0 1 1]
 [1 0 1 0 1 1 1 1 1 1]
 [1 1 1 1 1 0 1 0 1 0]
 [1 1 0 1 1 1 0 0 1 1]
 [1 1 1 1 1 1 0 1 1 1]
 [1 0 1 0 1 0 1 1 1 0]
 [0 1 1 1 1 1 1 0 1 1]
 [1 0 1 1 1 1 1 1 0 0]
 [0 1 1 0 1 0 1 0 1 0]
 [1 1 0 1 1 1 1 0 1 1]
 [1 0 1 0 0 1 1 1 1 1]
 [0 1 1 1 1 1 1 1 1 1]
 [0 0 1 0 1 0 1 0 0 0]
 [1 1 1 1 1 1 0 1 1 0]
 [1 1 1 1 1 1 1 0 1 1]
 [1 0 1 0 1 1 1 1 0 1]
 [1 1 1 0 1 0 1 0 1 1]
 [1 1 0 1 1 1 1 1 1 0]
 [1 1 1 1 0 1 1 1 1 1]
 [1 0 1 1 1 1 1 1 1 1]
 [0 1 1 1 1 1 1 1 1 0]
 [1 1 1 1 1 1 1 0 0 1]
 [1 1 1 1 1 0 1 1 0 1]
 [0 1 1 1 1 1 1 0 0 1]
 [1 0 0 1 1 1 1 0 1 0]]
{'restarts': 12, 'conflicts': 2939, 'decisions': 7461, 'propagations': 2347928}
Q is identifiable
branch at 6
runtime for solving id of Q is 0.47178713814355433
Simulation results:
{'J': 100, 'K': 10, 'N': 10, 'p': 0.7, 'seed': 212, 'sim': 4, 'runtime': 0.47178713814355433, 'identifiable': 1, 'branch': 6}
5
Q: [[1 1 1 0 0 1 1 1 0 1]
 [1 1 1 1 1 0 1 1 0 1]
 [1 0 0 1 1 0 1 1 1 1]
 [1 1 1 1 1 1 1 1 0 0]
 [1 0 1 1 1 1 1 1 1 0]
 [1 0 1 1 0 0 1 1 1 1]
 [0 0 0 1 1 1 1 0 1 1]
 [1 0 1 0 1 0 1 1 1 0]
 [1 1 1 0 1 1 0 1 1 0]
 [1 0 1 1 0 1 0 1 0 0]
 [1 1 0 1 1 1 0 1 0 1]
 [1 1 1 1 0 1 0 1 0 0]
 [0 0 0 1 1 1 1 1 1 0]
 [0 1 1 1 1 1 1 0 1 0]
 [0 0 0 1 0 1 0 1 1 0]
 [1 1 0 0 0 1 0 1 1 0]
 [1 1 1 1 0 1 1 1 1 0]
 [1 1 1 1 1 1 1 0 0 1]
 [1 1 1 1 1 1 1 1 1 1]
 [1 0 1 1 1 1 0 1 1 1]
 [1 0 1 1 0 1 1 0 1 1]
 [1 0 1 1 1 1 1 1 1 0]
 [1 1 0 0 1 1 0 0 0 1]
 [1 1 1 0 1 1 0 0 1 1]
 [0 1 1 1 1 1 1 0 1 1]
 [1 1 1 1 1 0 1 0 1 1]
 [1 1 1 1 0 0 1 0 1 1]
 [1 1 1 0 0 0 1 1 1 1]
 [0 1 1 1 0 1 1 0 1 1]
 [0 0 1 0 1 1 1 1 0 1]
 [1 1 1 1 1 1 1 1 1 0]
 [1 0 1 1 1 1 1 1 1 1]
 [0 1 1 0 1 1 1 0 0 0]
 [1 1 0 1 1 1 0 1 0 1]
 [1 1 0 1 1 1 1 0 1 1]
 [0 1 0 0 1 1 0 1 1 0]
 [1 1 1 0 1 1 0 1 0 1]
 [0 1 1 1 1 1 1 1 1 1]
 [0 1 1 1 1 1 1 1 1 0]
 [1 0 1 1 1 1 1 1 1 1]
 [0 0 1 1 1 0 1 0 0 1]
 [0 1 1 1 0 1 1 1 1 1]
 [0 1 1 0 1 1 0 1 1 1]
 [1 1 1 1 1 1 1 1 1 0]
 [1 1 1 1 1 1 0 1 1 0]
 [1 0 0 1 1 1 1 1 1 1]
 [0 1 0 1 1 1 1 1 1 1]
 [1 1 1 1 1 1 1 1 1 0]
 [0 0 0 0 1 1 1 0 1 1]
 [1 1 0 0 0 1 1 0 1 1]
 [1 0 1 1 1 0 1 1 1 1]
 [0 0 1 1 1 1 0 0 1 1]
 [1 1 1 0 1 0 1 0 1 1]
 [1 0 1 1 1 1 1 1 1 1]
 [1 0 0 1 1 1 0 0 1 0]
 [0 1 1 1 1 1 1 0 0 0]
 [1 1 0 1 1 0 1 1 0 1]
 [1 1 1 1 0 1 0 1 0 1]
 [1 1 0 0 1 0 1 0 1 1]
 [1 1 0 1 1 1 1 1 1 1]
 [1 1 0 1 1 1 1 0 1 1]
 [1 1 0 1 1 0 1 1 1 0]
 [0 1 1 1 1 1 1 1 1 1]
 [1 1 1 1 1 1 1 0 0 1]
 [0 0 0 1 1 1 1 0 1 1]
 [1 1 1 0 1 0 1 1 0 1]
 [0 1 1 1 0 1 0 1 1 1]
 [1 1 1 1 1 1 1 1 1 0]
 [1 0 1 1 0 0 1 1 0 0]
 [1 0 0 1 0 1 1 0 0 0]
 [1 1 1 1 0 1 1 1 1 1]
 [1 1 1 1 1 1 1 1 1 0]
 [1 1 1 1 0 0 1 1 1 1]
 [1 1 0 1 1 1 1 1 1 0]
 [0 1 1 1 1 0 0 0 0 1]
 [1 1 1 1 0 1 1 1 0 1]
 [1 1 0 1 1 1 1 1 1 1]
 [1 1 0 1 0 0 1 0 1 1]
 [0 1 0 1 1 1 1 1 1 1]
 [1 1 0 1 1 1 1 1 1 1]
 [1 1 1 0 1 1 1 1 1 1]
 [1 0 1 1 1 1 1 1 1 1]
 [0 0 0 0 0 0 1 1 1 0]
 [1 0 1 1 0 0 1 1 1 1]
 [1 1 1 1 1 1 1 1 1 1]
 [1 0 1 1 0 1 1 1 1 1]
 [0 1 1 1 1 1 0 0 1 1]
 [1 0 0 1 0 1 1 1 1 1]
 [0 1 0 1 1 0 1 1 1 1]
 [1 1 1 1 1 1 0 0 1 1]
 [1 0 1 1 1 1 0 1 1 0]
 [1 1 1 1 1 1 1 0 1 1]
 [1 1 1 1 1 1 1 0 1 0]
 [0 1 0 1 0 1 1 1 0 1]
 [1 1 1 1 1 1 0 1 1 0]
 [0 1 1 0 0 0 1 0 1 1]
 [1 1 1 1 1 1 0 1 1 1]
 [1 1 1 1 1 1 1 1 1 0]
 [1 1 0 1 1 0 1 1 0 1]
 [1 1 1 0 1 1 1 1 1 1]]
{'restarts': 12, 'conflicts': 3024, 'decisions': 6762, 'propagations': 2581766}
Q is identifiable
branch at 6
runtime for solving id of Q is 0.5397076481021941
Simulation results:
{'J': 100, 'K': 10, 'N': 10, 'p': 0.7, 'seed': 212, 'sim': 5, 'runtime': 0.5397076481021941, 'identifiable': 1, 'branch': 6}
6
Q: [[0 1 0 1 0 0 1 1 1 1]
 [1 1 1 0 1 0 1 0 0 0]
 [1 1 1 0 0 0 1 1 1 1]
 [1 1 1 0 0 0 1 1 1 1]
 [0 0 1 1 1 1 0 1 1 0]
 [1 0 1 0 1 1 1 1 0 1]
 [1 1 1 1 1 0 1 1 1 1]
 [1 1 1 1 1 1 1 1 0 1]
 [1 1 0 1 1 1 1 0 0 1]
 [1 1 1 1 1 1 1 1 0 1]
 [1 1 1 0 1 1 1 0 1 1]
 [1 1 1 1 1 1 0 1 0 0]
 [1 0 1 1 1 1 1 1 1 1]
 [1 1 1 0 1 1 1 1 1 1]
 [1 1 1 1 1 1 1 1 0 1]
 [1 1 1 0 0 1 1 1 0 1]
 [1 1 1 1 1 1 1 1 1 1]
 [0 1 0 0 1 0 1 1 0 1]
 [1 1 1 0 0 1 1 1 1 1]
 [1 1 1 1 1 1 1 1 1 1]
 [0 1 0 0 1 1 1 1 1 1]
 [0 1 0 1 1 1 1 1 0 1]
 [1 1 1 1 0 0 0 1 1 1]
 [1 1 1 1 0 1 1 1 0 0]
 [0 1 0 1 0 1 1 1 1 0]
 [1 0 1 1 0 1 0 0 0 0]
 [0 1 1 1 1 1 0 1 1 1]
 [1 1 1 1 1 1 0 1 1 1]
 [1 0 0 0 1 1 1 1 0 0]
 [1 1 1 1 1 1 1 1 0 1]
 [1 1 1 1 0 1 1 0 1 1]
 [1 1 1 0 0 1 1 1 1 0]
 [1 1 0 1 1 1 0 1 1 0]
 [1 1 1 1 1 1 1 0 1 1]
 [0 0 1 1 1 1 1 0 1 0]
 [0 0 1 1 0 1 0 1 0 0]
 [1 1 1 1 1 1 1 1 0 1]
 [0 1 1 1 1 1 0 0 0 0]
 [1 0 0 1 0 1 1 1 0 0]
 [1 0 0 0 0 1 1 1 1 0]
 [1 1 1 1 1 0 1 1 1 0]
 [1 1 1 1 1 1 1 1 1 0]
 [0 1 1 0 1 1 0 1 1 1]
 [0 0 1 1 1 1 1 1 1 1]
 [0 1 0 1 1 1 0 1 1 1]
 [1 0 0 0 0 1 1 0 0 0]
 [0 0 0 0 0 1 1 1 1 1]
 [0 0 0 0 0 1 1 1 1 1]
 [0 1 1 1 0 1 1 0 1 1]
 [1 0 1 0 1 1 1 1 1 1]
 [0 0 1 0 0 0 0 1 0 1]
 [1 0 0 1 0 1 0 0 1 1]
 [1 1 0 1 1 1 1 0 1 0]
 [0 0 1 1 0 0 1 1 1 0]
 [1 1 0 1 0 1 1 0 1 1]
 [1 1 0 1 1 1 1 0 0 0]
 [1 1 1 1 1 1 1 1 1 1]
 [1 1 0 1 0 0 1 1 1 1]
 [0 1 1 0 1 1 1 1 1 0]
 [1 1 0 1 1 1 0 1 1 0]
 [1 1 1 0 1 1 1 1 0 1]
 [0 0 1 1 0 0 1 1 0 0]
 [1 1 0 0 1 1 0 1 1 0]
 [1 0 0 1 1 1 1 1 0 1]
 [0 1 0 1 0 1 0 1 1 1]
 [1 1 1 1 1 1 1 1 0 1]
 [1 0 1 1 1 0 1 1 0 0]
 [1 0 1 0 0 1 1 1 1 0]
 [1 0 1 1 1 1 1 1 0 0]
 [1 1 0 1 0 1 1 1 1 0]
 [0 0 0 1 1 0 1 1 1 0]
 [1 1 0 1 1 0 1 0 1 1]
 [1 1 1 1 1 1 1 0 0 1]
 [0 1 1 1 1 1 1 0 1 1]
 [1 1 0 1 0 1 1 1 0 0]
 [1 1 1 0 1 0 0 1 0 1]
 [0 0 0 0 1 1 1 1 1 1]
 [0 1 0 0 1 0 0 1 0 0]
 [1 1 1 1 1 1 0 1 1 1]
 [1 0 0 1 0 1 1 1 1 1]
 [1 0 1 0 0 0 1 0 0 1]
 [0 1 0 1 1 0 1 1 1 0]
 [0 0 1 1 1 1 0 0 1 1]
 [0 1 0 1 1 0 1 1 1 1]
 [0 1 1 1 0 1 0 0 1 0]
 [0 1 0 1 0 1 1 0 0 1]
 [1 0 1 1 0 1 1 1 1 0]
 [1 0 1 0 1 1 1 1 1 1]
 [1 1 1 1 1 1 1 0 0 1]
 [1 1 1 1 1 1 1 1 1 1]
 [1 1 1 1 1 0 0 1 1 1]
 [1 1 0 1 1 1 1 1 1 1]
 [0 1 1 1 0 1 1 0 1 1]
 [1 1 1 1 1 0 0 1 1 0]
 [1 0 0 1 1 1 1 1 1 0]
 [1 0 1 0 0 1 1 1 1 1]
 [1 1 1 1 1 0 1 1 0 1]
 [0 1 1 1 0 1 0 1 0 1]
 [0 0 1 1 0 1 0 1 1 1]
 [1 1 1 0 1 1 1 0 1 1]]
{'restarts': 19, 'conflicts': 6773, 'decisions': 11905, 'propagations': 7188985}
Q is identifiable
branch at 6
runtime for solving id of Q is 1.1058621041011065
Simulation results:
{'J': 100, 'K': 10, 'N': 10, 'p': 0.7, 'seed': 212, 'sim': 6, 'runtime': 1.1058621041011065, 'identifiable': 1, 'branch': 6}
7
Q: [[1 0 1 1 1 0 1 1 0 0]
 [1 1 0 1 0 1 1 1 1 1]
 [1 1 1 1 1 1 0 1 0 1]
 [0 1 1 1 0 1 1 0 1 1]
 [0 1 1 1 1 1 0 1 1 1]
 [0 1 1 1 1 1 1 0 0 0]
 [0 1 0 1 1 1 1 1 1 1]
 [1 1 1 1 1 1 0 1 1 1]
 [1 1 1 1 1 1 0 1 1 1]
 [0 1 1 1 0 0 1 1 1 1]
 [1 0 1 1 1 1 1 0 1 0]
 [1 1 1 0 1 1 1 0 1 1]
 [1 1 1 1 0 0 1 0 1 1]
 [1 0 0 1 1 1 1 1 1 0]
 [1 1 0 0 1 1 0 0 1 1]
 [1 1 0 1 1 0 1 1 0 0]
 [1 1 1 1 0 1 0 0 1 1]
 [1 1 0 1 1 1 1 1 1 1]
 [1 1 1 1 1 1 1 0 0 1]
 [1 1 1 0 1 1 1 1 0 1]
 [1 0 1 1 1 1 0 1 1 0]
 [0 1 1 1 1 1 1 0 1 0]
 [1 1 0 0 0 1 0 1 0 1]
 [0 1 1 0 0 1 1 1 1 1]
 [1 1 0 1 1 1 1 0 1 1]
 [1 1 1 1 1 1 1 1 1 1]
 [0 1 1 0 0 1 1 1 1 1]
 [0 0 1 1 0 1 0 0 0 1]
 [0 0 0 0 1 1 1 1 1 1]
 [1 0 0 1 1 0 1 1 1 0]
 [0 0 1 1 1 1 0 1 1 1]
 [1 1 0 0 1 1 1 0 1 1]
 [1 1 1 1 1 0 1 1 0 1]
 [0 1 1 1 1 0 1 1 1 1]
 [1 1 0 1 0 1 1 1 1 1]
 [1 0 0 1 1 0 0 0 0 1]
 [1 0 1 0 1 0 0 1 1 1]
 [0 1 0 0 1 0 1 1 1 1]
 [1 0 1 0 0 0 1 1 1 1]
 [0 1 1 0 0 1 0 1 0 1]
 [1 0 1 1 1 0 1 1 1 1]
 [1 1 1 1 1 1 0 1 1 0]
 [0 1 0 1 1 1 1 1 0 1]
 [1 1 1 1 1 0 1 1 0 1]
 [0 0 0 1 0 1 1 1 0 1]
 [1 1 1 1 1 0 0 1 1 1]
 [1 0 1 1 1 1 1 0 1 1]
 [1 1 0 1 1 1 1 0 1 1]
 [1 1 1 1 0 1 1 1 1 1]
 [1 1 0 0 1 1 1 1 1 1]
 [1 1 1 1 1 0 1 0 0 1]
 [1 1 1 1 1 1 0 1 1 0]
 [1 1 1 0 1 0 0 1 0 1]
 [1 1 1 1 0 1 0 1 1 1]
 [1 1 1 1 1 0 1 1 1 0]
 [1 0 0 1 1 1 1 1 1 0]
 [1 1 1 1 0 1 1 0 0 1]
 [1 1 1 1 0 1 1 1 1 1]
 [1 1 0 1 1 1 1 1 1 1]
 [1 1 0 1 0 0 1 1 1 1]
 [1 1 0 0 0 1 1 0 1 1]
 [1 1 1 0 0 1 1 1 1 0]
 [0 1 1 1 1 1 1 1 1 0]
 [0 1 1 1 1 0 1 0 0 1]
 [0 0 1 1 1 1 0 1 1 0]
 [0 0 1 0 1 0 1 0 1 1]
 [0 1 0 0 1 0 1 1 0 1]
 [1 1 1 0 1 1 1 1 1 1]
 [1 1 1 1 1 1 0 0 1 1]
 [1 0 1 1 1 1 0 0 1 1]
 [1 0 1 1 1 1 1 1 1 1]
 [1 1 1 1 1 1 1 1 0 1]
 [1 1 1 0 0 1 0 1 1 1]
 [1 0 0 0 1 1 1 1 1 1]
 [0 1 1 1 1 1 1 1 1 0]
 [1 0 1 0 1 0 1 1 0 1]
 [1 1 1 1 1 1 0 0 1 0]
 [1 1 1 1 1 0 0 0 1 1]
 [0 1 1 1 0 0 0 0 1 0]
 [1 1 0 1 0 1 0 1 1 1]
 [1 1 1 0 1 0 0 0 0 1]
 [0 1 1 0 0 1 1 0 1 0]
 [0 1 1 1 1 1 0 1 1 1]
 [1 0 1 1 1 1 0 1 1 1]
 [1 0 0 1 0 1 1 1 1 1]
 [0 1 0 1 1 0 0 1 1 1]
 [1 1 1 1 1 1 1 0 1 1]
 [0 1 1 0 1 1 1 1 1 1]
 [1 1 1 0 1 1 1 0 1 1]
 [0 0 0 1 1 0 0 1 1 0]
 [1 0 1 1 1 1 1 1 0 1]
 [1 1 0 1 1 1 0 1 1 1]
 [0 0 0 1 1 1 1 1 1 0]
 [1 0 1 0 1 0 1 1 0 1]
 [1 1 1 1 1 0 1 0 1 1]
 [1 1 1 0 1 1 1 1 1 1]
 [0 1 1 0 1 0 1 1 0 1]
 [1 0 1 0 1 0 0 1 1 1]
 [1 0 0 1 1 1 1 1 1 1]
 [1 1 0 1 1 1 0 1 1 1]]
{'restarts': 30, 'conflicts': 15878, 'decisions': 25235, 'propagations': 13718782}
Q is identifiable
branch at 6
runtime for solving id of Q is 2.0861562988720834
Simulation results:
{'J': 100, 'K': 10, 'N': 10, 'p': 0.7, 'seed': 212, 'sim': 7, 'runtime': 2.0861562988720834, 'identifiable': 1, 'branch': 6}
8
Q: [[1 1 1 1 1 1 1 1 1 1]
 [1 0 1 1 0 1 0 1 0 1]
 [1 0 1 0 1 1 1 1 1 0]
 [1 0 0 1 1 1 0 1 0 0]
 [1 1 0 1 1 1 1 1 1 1]
 [0 0 1 1 1 0 1 0 1 1]
 [1 1 1 1 1 0 1 1 1 1]
 [1 1 1 0 0 0 1 0 1 0]
 [1 1 0 1 1 1 1 1 1 0]
 [0 0 1 1 1 0 1 1 1 1]
 [1 1 0 0 1 1 1 1 1 1]
 [1 0 1 1 1 1 1 1 1 1]
 [1 1 0 0 1 1 1 0 1 1]
 [1 1 1 1 1 1 1 1 0 1]
 [1 1 1 1 1 1 0 1 1 0]
 [1 1 1 1 1 0 1 1 1 1]
 [1 0 1 0 0 0 1 1 1 1]
 [0 0 0 1 1 1 1 0 0 1]
 [1 1 1 1 1 1 0 1 1 0]
 [1 0 1 1 0 1 0 1 1 1]
 [1 1 0 1 1 1 1 1 1 1]
 [1 1 1 0 1 1 0 0 1 1]
 [1 1 1 0 1 0 0 1 1 1]
 [0 1 0 0 0 0 1 1 1 1]
 [1 1 1 1 0 1 1 1 0 0]
 [1 1 1 1 1 1 0 0 1 1]
 [1 0 1 1 1 0 0 0 0 1]
 [1 0 1 0 1 0 1 1 1 1]
 [1 1 1 0 0 1 1 1 1 1]
 [1 0 1 1 1 1 1 1 1 1]
 [1 0 1 1 1 1 1 1 0 1]
 [1 1 1 0 0 1 1 1 1 0]
 [1 0 0 0 1 0 1 0 1 1]
 [1 1 1 0 1 1 0 1 1 1]
 [0 0 0 1 0 1 1 1 1 1]
 [1 1 1 0 1 1 1 1 1 0]
 [1 0 1 0 1 1 0 1 1 1]
 [1 0 1 1 1 0 1 1 1 0]
 [0 1 1 0 1 1 1 1 1 0]
 [1 1 1 1 0 1 1 0 1 1]
 [1 1 1 1 1 0 1 0 0 0]
 [1 0 0 1 0 0 1 1 1 1]
 [0 1 1 0 1 1 1 1 0 1]
 [1 1 0 1 1 1 0 1 1 1]
 [1 0 0 1 1 1 0 1 0 1]
 [0 1 0 1 1 0 1 1 1 0]
 [1 1 0 0 1 1 0 1 1 0]
 [1 1 1 1 1 1 1 0 1 1]
 [1 1 1 1 0 0 1 1 1 1]
 [1 0 1 0 1 1 0 1 0 1]
 [0 1 1 1 1 1 0 1 1 1]
 [0 1 0 1 1 1 0 1 1 1]
 [1 1 1 1 1 1 1 1 1 1]
 [1 0 1 0 1 0 1 1 1 1]
 [0 1 1 1 1 1 1 1 0 1]
 [1 0 1 0 0 1 1 1 1 1]
 [0 1 1 1 1 0 1 1 1 1]
 [1 1 1 0 1 1 0 0 0 1]
 [1 1 1 0 1 0 0 1 1 1]
 [0 1 0 1 1 1 1 1 0 1]
 [1 1 1 1 1 1 0 1 0 1]
 [1 1 1 1 1 1 0 1 0 1]
 [0 1 0 1 1 0 0 1 1 1]
 [0 1 0 0 1 1 1 1 1 0]
 [0 1 0 0 1 1 1 1 0 1]
 [1 1 1 1 0 1 0 1 0 1]
 [0 1 0 1 1 0 0 0 0 1]
 [0 0 0 1 1 1 1 1 1 1]
 [0 0 1 0 1 0 1 1 0 1]
 [1 1 1 0 1 1 1 1 1 1]
 [0 1 0 1 1 1 1 1 0 1]
 [1 1 1 0 0 1 1 1 1 1]
 [1 0 1 0 1 0 1 1 1 1]
 [0 1 1 1 0 1 0 1 1 0]
 [0 1 0 1 1 1 0 0 1 1]
 [0 1 1 1 1 1 0 1 1 1]
 [1 1 1 1 0 0 1 1 1 1]
 [0 1 0 1 1 1 1 0 1 0]
 [1 0 1 1 1 1 1 1 1 1]
 [0 1 0 1 0 1 1 1 1 1]
 [1 1 1 0 0 1 1 1 1 1]
 [0 1 1 1 1 1 1 1 0 1]
 [0 0 1 1 1 1 0 1 1 0]
 [0 1 1 1 1 1 1 0 1 1]
 [0 1 0 0 0 1 1 1 1 1]
 [1 1 0 1 0 1 1 1 0 1]
 [1 0 1 0 1 1 1 1 1 0]
 [1 1 1 1 1 1 0 0 0 0]
 [1 1 1 1 1 1 1 1 1 1]
 [0 1 0 0 1 1 1 0 0 1]
 [0 0 0 1 1 0 1 1 0 0]
 [1 0 1 1 0 0 1 1 1 1]
 [0 1 1 0 1 1 0 0 1 0]
 [1 1 1 1 1 0 1 1 1 0]
 [0 1 1 0 1 1 1 1 1 1]
 [1 1 0 0 1 1 1 0 1 1]
 [1 1 1 1 0 1 1 1 1 1]
 [1 0 1 1 1 1 0 1 0 0]
 [0 0 0 0 1 1 1 0 1 0]
 [1 1 0 0 1 1 0 0 1 1]]
{'restarts': 12, 'conflicts': 3925, 'decisions': 7563, 'propagations': 3923159}
Q is identifiable
branch at 6
runtime for solving id of Q is 0.6248172549530864
Simulation results:
{'J': 100, 'K': 10, 'N': 10, 'p': 0.7, 'seed': 212, 'sim': 8, 'runtime': 0.6248172549530864, 'identifiable': 1, 'branch': 6}
9
Q: [[1 1 0 1 1 1 1 1 1 0]
 [0 1 1 1 1 0 1 0 1 1]
 [1 1 1 1 1 1 1 1 1 1]
 [1 1 1 1 1 1 0 1 1 0]
 [1 1 1 1 0 1 1 1 1 1]
 [1 1 1 1 0 1 1 1 1 1]
 [1 1 1 1 1 1 1 1 0 0]
 [1 1 1 1 0 0 0 1 1 0]
 [0 0 1 0 0 0 0 1 0 1]
 [1 1 1 0 1 1 0 1 1 1]
 [1 1 0 1 0 1 1 1 1 1]
 [1 1 0 1 0 1 0 1 1 1]
 [1 1 1 1 1 1 0 0 0 1]
 [1 1 0 1 0 1 1 0 1 1]
 [0 1 1 1 1 1 1 1 1 1]
 [1 1 1 1 1 0 1 0 0 0]
 [0 1 0 1 0 0 0 1 1 1]
 [1 1 1 1 1 1 1 1 1 0]
 [1 1 0 0 1 1 1 0 1 0]
 [0 1 1 1 1 1 0 1 1 1]
 [1 1 1 1 1 0 1 1 1 0]
 [1 1 1 1 1 0 1 0 1 0]
 [1 0 0 0 1 1 1 1 1 1]
 [1 1 1 0 1 1 0 1 0 0]
 [1 1 0 0 1 1 1 1 1 1]
 [0 1 1 1 1 0 0 1 1 1]
 [0 1 1 1 0 0 1 1 0 1]
 [0 1 1 1 1 1 0 1 0 0]
 [0 1 1 1 0 1 0 1 1 1]
 [1 1 1 1 1 1 1 0 0 0]
 [0 1 0 0 1 1 1 1 1 1]
 [1 0 1 1 1 1 1 1 1 1]
 [1 0 1 0 0 1 0 1 1 1]
 [0 1 1 1 1 1 0 0 1 1]
 [0 1 1 0 1 1 1 1 0 1]
 [1 0 0 0 1 1 1 0 0 1]
 [0 1 0 1 0 0 1 0 1 1]
 [1 1 1 0 0 0 1 1 1 1]
 [1 0 0 1 1 1 1 1 1 1]
 [0 0 1 0 1 1 1 1 1 1]
 [1 1 1 1 1 1 1 1 1 1]
 [1 0 1 0 1 1 1 1 0 1]
 [0 1 1 0 1 1 1 1 1 1]
 [1 0 0 0 0 0 0 1 0 1]
 [1 0 1 1 1 1 1 1 0 1]
 [0 1 0 1 0 1 1 0 1 1]
 [0 0 1 1 0 1 1 1 0 1]
 [1 0 1 1 1 1 1 0 1 0]
 [1 1 1 1 1 1 1 0 1 1]
 [1 0 0 0 1 1 1 1 1 1]
 [1 0 0 1 1 1 1 1 1 1]
 [1 0 1 1 1 0 1 1 0 1]
 [1 1 1 1 1 0 0 1 1 1]
 [1 1 0 0 1 1 1 1 0 1]
 [1 0 1 1 0 1 1 1 0 1]
 [1 1 1 1 1 1 1 0 0 0]
 [1 1 0 0 0 0 1 1 1 0]
 [1 0 0 1 0 1 1 1 1 0]
 [1 1 1 1 0 1 1 0 0 1]
 [0 1 1 1 1 1 1 0 1 1]
 [1 1 1 0 1 1 1 0 1 1]
 [1 1 0 0 0 1 0 1 1 1]
 [1 0 1 0 1 1 0 0 0 0]
 [0 1 1 1 1 1 0 1 1 1]
 [1 1 1 1 1 1 0 1 0 1]
 [1 0 1 1 1 0 1 0 1 1]
 [1 0 0 0 1 1 1 1 1 0]
 [1 1 1 1 1 0 1 1 0 1]
 [1 1 0 0 0 0 1 0 1 1]
 [0 1 1 1 0 1 1 1 0 0]
 [0 1 1 1 1 1 1 1 1 1]
 [1 1 1 0 1 1 0 0 1 1]
 [1 0 0 0 0 1 1 1 1 1]
 [1 1 1 1 0 0 1 1 0 1]
 [1 0 0 1 0 1 1 1 1 0]
 [1 0 1 1 1 1 0 1 1 0]
 [1 1 1 1 1 1 1 1 0 1]
 [1 0 0 1 0 1 0 0 1 1]
 [0 1 1 1 1 1 1 1 1 1]
 [1 0 1 0 1 1 0 1 0 1]
 [1 0 1 1 1 1 0 0 1 0]
 [1 1 1 0 0 1 1 1 1 1]
 [1 0 1 0 0 0 1 1 1 1]
 [0 1 1 1 1 0 1 0 1 0]
 [1 1 1 1 1 1 1 1 1 1]
 [1 0 1 1 1 1 1 1 1 0]
 [0 1 1 1 0 1 0 1 1 1]
 [1 1 1 1 0 0 0 0 0 1]
 [1 1 1 1 1 0 1 1 1 0]
 [1 1 1 1 1 0 1 0 1 1]
 [0 0 0 0 0 0 1 1 1 0]
 [0 0 1 0 1 1 0 1 1 1]
 [0 1 1 0 1 1 0 1 0 0]
 [0 0 1 1 1 1 0 1 1 1]
 [0 1 0 0 1 1 1 0 1 0]
 [1 0 1 0 1 1 1 1 1 1]
 [0 1 1 1 0 1 1 1 1 1]
 [1 1 0 1 0 1 1 1 1 1]
 [1 1 1 1 1 1 1 1 0 1]
 [1 1 1 1 0 0 1 1 0 0]]
{'restarts': 14, 'conflicts': 3324, 'decisions': 7114, 'propagations': 2534842}
Q is identifiable
branch at 6
runtime for solving id of Q is 0.5067264440003783
Simulation results:
{'J': 100, 'K': 10, 'N': 10, 'p': 0.7, 'seed': 212, 'sim': 9, 'runtime': 0.5067264440003783, 'identifiable': 1, 'branch': 6}
Simulation results:
[{'J': 100, 'K': 10, 'N': 10, 'p': 0.7, 'seed': 212, 'sim': 0, 'runtime': 0.5950954419095069, 'identifiable': 1, 'branch': 6}, {'J': 100, 'K': 10, 'N': 10, 'p': 0.7, 'seed': 212, 'sim': 1, 'runtime': 0.7688205249141902, 'identifiable': 1, 'branch': 6}, {'J': 100, 'K': 10, 'N': 10, 'p': 0.7, 'seed': 212, 'sim': 2, 'runtime': 2.632501933025196, 'identifiable': 1, 'branch': 6}, {'J': 100, 'K': 10, 'N': 10, 'p': 0.7, 'seed': 212, 'sim': 3, 'runtime': 0.3855938978958875, 'identifiable': 1, 'branch': 6}, {'J': 100, 'K': 10, 'N': 10, 'p': 0.7, 'seed': 212, 'sim': 4, 'runtime': 0.47178713814355433, 'identifiable': 1, 'branch': 6}, {'J': 100, 'K': 10, 'N': 10, 'p': 0.7, 'seed': 212, 'sim': 5, 'runtime': 0.5397076481021941, 'identifiable': 1, 'branch': 6}, {'J': 100, 'K': 10, 'N': 10, 'p': 0.7, 'seed': 212, 'sim': 6, 'runtime': 1.1058621041011065, 'identifiable': 1, 'branch': 6}, {'J': 100, 'K': 10, 'N': 10, 'p': 0.7, 'seed': 212, 'sim': 7, 'runtime': 2.0861562988720834, 'identifiable': 1, 'branch': 6}, {'J': 100, 'K': 10, 'N': 10, 'p': 0.7, 'seed': 212, 'sim': 8, 'runtime': 0.6248172549530864, 'identifiable': 1, 'branch': 6}, {'J': 100, 'K': 10, 'N': 10, 'p': 0.7, 'seed': 212, 'sim': 9, 'runtime': 0.5067264440003783, 'identifiable': 1, 'branch': 6}]
