
The Gurobi software has a limited number of licenses. To request a license or
licenses, add this line

    #SBATCH --licenses=gurobi@slurmdb:1

to your SBATCH script, replacing N with the number of licenses you need. Gurobi
will need one license per process.


0
Q: [[1 1 0 1 1 1 1 1 0 0]
 [1 1 0 1 1 0 1 1 0 1]
 [0 0 1 1 0 1 1 1 1 1]
 [1 0 1 1 1 1 1 1 1 1]
 [0 1 1 1 0 1 1 1 1 1]
 [1 1 1 0 1 1 1 1 1 1]
 [1 1 1 1 1 1 0 1 0 0]
 [0 1 0 1 1 0 0 1 1 1]
 [1 1 0 0 1 1 0 0 1 1]
 [1 1 0 1 1 1 0 0 1 1]
 [1 1 1 1 1 1 1 1 1 1]
 [1 0 1 1 1 1 1 1 0 1]
 [1 1 1 1 1 1 0 1 1 1]
 [1 1 1 1 1 0 0 1 0 1]
 [0 1 0 1 1 1 1 1 1 1]
 [0 1 1 1 1 1 1 1 1 0]
 [1 0 1 1 0 0 0 1 0 1]
 [1 1 1 1 1 0 1 0 0 1]
 [1 1 0 1 0 1 0 0 1 0]
 [0 1 0 1 0 0 1 0 1 1]
 [1 1 1 1 1 0 1 0 1 0]
 [1 1 1 0 1 0 1 1 1 1]
 [1 1 0 1 1 1 1 0 1 1]
 [1 1 1 0 1 1 0 1 0 1]
 [1 0 1 1 1 1 0 1 0 1]
 [1 1 1 1 1 1 1 1 1 1]
 [1 1 0 1 1 1 1 0 0 0]
 [1 0 1 1 1 1 0 0 1 1]
 [1 1 1 1 0 1 0 1 1 1]
 [1 1 1 0 0 1 1 1 0 1]
 [1 1 1 1 0 0 0 0 1 0]
 [1 0 0 1 1 1 0 0 1 1]
 [1 1 1 0 1 1 1 0 1 1]
 [0 1 1 1 0 0 0 0 1 1]
 [1 1 1 1 1 0 1 1 0 1]
 [1 1 1 0 0 1 1 1 1 1]
 [1 0 1 1 1 1 1 1 1 1]
 [1 1 0 1 1 0 0 0 1 1]
 [1 1 0 1 1 0 1 1 1 0]
 [1 0 1 1 0 1 1 0 1 1]
 [1 1 0 0 1 0 1 0 1 0]
 [1 1 1 1 1 1 1 1 1 0]
 [1 1 1 1 1 1 1 1 1 1]
 [1 0 1 1 0 1 1 1 0 1]
 [1 1 1 1 0 1 0 1 1 1]
 [1 1 1 1 0 1 1 0 0 0]
 [1 1 1 1 0 0 0 1 1 0]
 [1 1 1 1 1 1 1 1 0 0]
 [1 0 0 1 1 0 1 0 1 1]
 [0 0 1 0 1 1 1 1 0 1]
 [1 0 0 1 0 1 1 1 0 0]
 [1 1 1 1 1 1 1 0 1 1]
 [1 0 1 1 1 0 0 0 1 0]
 [1 1 1 0 0 1 1 1 1 1]
 [0 1 1 0 1 1 0 0 1 0]
 [1 1 1 1 0 1 0 0 0 1]
 [0 1 0 0 1 1 0 1 0 1]
 [1 1 0 0 1 1 1 1 1 0]
 [1 1 1 0 0 1 1 1 1 1]
 [0 1 1 0 1 1 1 1 0 1]
 [0 0 1 1 1 1 1 1 0 1]
 [0 1 1 1 0 0 0 1 1 1]
 [0 1 1 0 1 1 0 0 1 0]
 [1 1 1 1 1 1 1 1 1 0]
 [1 1 1 1 1 0 1 0 1 1]
 [0 0 1 1 1 1 0 1 1 1]
 [0 1 0 1 0 1 1 1 1 0]
 [1 0 1 1 0 0 1 1 0 0]
 [1 1 1 1 1 1 1 1 0 1]
 [1 1 0 1 1 0 1 1 1 1]
 [0 1 1 1 1 1 1 1 1 1]
 [1 0 1 0 0 0 0 1 1 1]
 [0 0 1 1 1 1 1 1 1 0]
 [1 0 1 1 1 1 1 0 1 1]
 [0 0 1 0 1 1 1 1 1 0]
 [0 1 1 1 0 1 1 1 1 1]
 [1 0 1 0 1 1 0 1 1 1]
 [1 1 1 1 1 1 1 1 1 1]
 [1 0 1 1 1 1 1 1 0 0]
 [1 1 1 1 1 0 1 1 1 1]
 [0 1 0 1 1 1 1 0 1 1]
 [1 0 0 1 1 1 0 0 1 1]
 [1 1 1 1 1 1 1 1 1 1]
 [1 0 0 1 0 1 1 1 0 1]
 [1 0 1 1 0 0 1 1 1 1]
 [1 1 1 1 0 1 1 1 1 1]
 [1 1 1 1 0 0 0 1 1 1]
 [1 1 1 1 0 1 1 1 0 0]
 [1 1 1 1 0 0 0 0 0 0]
 [1 1 0 1 1 1 0 1 1 1]
 [0 0 1 1 1 1 0 1 1 1]
 [0 0 1 1 1 1 1 1 0 1]
 [1 1 0 1 0 0 1 1 1 1]
 [1 1 1 1 1 1 0 0 0 0]
 [1 1 0 0 1 1 1 1 1 1]
 [1 0 1 1 0 1 0 0 1 1]
 [0 1 0 0 0 0 1 1 1 0]
 [0 1 1 1 0 1 1 0 0 1]
 [1 1 1 1 1 0 1 1 1 1]
 [1 1 1 1 0 1 0 1 1 1]]
{'restarts': 198, 'conflicts': 72402, 'decisions': 104815, 'propagations': 68577132}
Q is identifiable
branch at 6
runtime for solving id of Q is 11.364198497496545
Simulation results:
{'J': 100, 'K': 10, 'N': 10, 'p': 0.7, 'seed': 716, 'sim': 0, 'runtime': 11.364198497496545, 'identifiable': 1, 'branch': 6}
1
Q: [[0 1 0 1 1 1 1 0 1 1]
 [0 1 1 1 1 1 1 1 1 0]
 [1 1 1 1 1 1 1 0 0 1]
 [0 0 1 1 1 0 1 1 0 0]
 [1 1 0 0 1 0 1 1 0 0]
 [1 1 0 1 1 1 1 1 0 1]
 [1 1 0 0 1 1 0 1 1 1]
 [1 1 1 0 0 1 1 0 1 1]
 [0 1 1 1 1 1 0 1 1 1]
 [0 0 1 1 0 0 0 1 0 1]
 [1 1 1 1 0 1 0 1 0 1]
 [1 1 1 0 1 1 1 0 1 1]
 [1 1 1 0 0 1 1 1 1 1]
 [0 0 1 1 1 1 1 1 1 0]
 [1 1 1 1 1 1 1 1 0 1]
 [1 1 1 0 1 1 1 0 0 1]
 [0 1 0 1 1 0 0 0 0 0]
 [0 1 0 0 1 1 0 1 1 0]
 [1 1 1 1 1 0 0 0 0 1]
 [1 1 0 0 1 0 1 0 1 1]
 [1 1 1 1 1 1 0 0 1 1]
 [1 1 0 1 0 0 1 1 0 0]
 [0 1 1 1 1 0 1 1 1 1]
 [0 1 1 1 1 1 1 0 1 1]
 [0 0 0 1 0 0 1 1 1 1]
 [1 1 1 0 1 0 1 0 0 0]
 [1 1 1 1 1 1 0 1 1 0]
 [1 0 0 1 1 1 1 1 1 0]
 [0 1 1 0 0 1 1 0 0 1]
 [1 1 1 1 0 1 0 1 0 1]
 [1 1 0 1 1 1 1 1 0 1]
 [1 1 1 1 1 1 1 1 0 1]
 [1 0 0 1 1 1 1 0 1 1]
 [0 1 1 1 1 1 0 1 1 0]
 [0 1 1 1 1 0 0 0 1 1]
 [1 1 1 1 0 1 1 1 1 0]
 [1 0 1 0 1 1 1 0 1 0]
 [1 1 0 0 1 1 1 0 1 0]
 [1 0 1 1 1 1 1 1 0 0]
 [1 0 1 1 1 1 1 1 1 1]
 [1 1 0 0 1 0 1 1 0 0]
 [0 0 1 1 1 1 1 1 1 1]
 [0 1 1 1 1 1 1 0 1 1]
 [1 1 1 0 1 1 1 1 1 1]
 [1 1 1 0 1 1 1 1 0 1]
 [0 1 0 0 0 0 0 1 1 0]
 [0 1 0 1 1 1 1 1 1 0]
 [0 1 1 0 0 1 1 1 0 1]
 [1 1 1 0 1 1 1 0 1 1]
 [0 1 1 1 1 1 1 0 1 0]
 [1 1 1 1 0 0 1 0 1 1]
 [1 0 1 1 1 0 1 0 1 0]
 [1 1 1 1 1 1 1 1 1 0]
 [1 0 1 1 0 1 0 1 1 1]
 [1 0 1 1 1 1 1 1 1 1]
 [1 1 1 1 1 1 1 1 1 1]
 [1 1 1 0 1 0 1 0 0 1]
 [0 0 1 0 1 1 0 1 0 1]
 [0 1 0 1 1 1 1 0 1 1]
 [0 0 0 0 1 1 1 1 1 1]
 [1 1 1 0 0 0 1 1 1 1]
 [1 1 1 1 1 1 1 1 1 1]
 [1 1 0 1 1 0 1 1 0 1]
 [0 1 1 0 0 0 1 1 1 0]
 [1 1 0 1 1 1 1 0 1 1]
 [1 1 0 1 0 1 1 1 0 1]
 [1 0 1 1 0 1 1 1 1 1]
 [1 0 1 1 0 0 0 0 0 1]
 [0 1 0 1 1 0 1 1 0 1]
 [1 1 0 1 1 1 1 1 1 0]
 [1 1 1 1 1 0 1 1 1 0]
 [1 1 0 1 0 0 0 0 1 1]
 [1 1 1 1 1 0 1 1 0 0]
 [0 1 1 1 0 0 1 1 0 1]
 [1 1 1 0 0 1 1 1 1 1]
 [1 1 0 1 1 1 1 1 1 0]
 [1 0 1 1 1 1 1 0 1 1]
 [1 0 0 1 0 1 1 0 0 1]
 [1 1 0 0 0 1 0 1 1 0]
 [0 1 0 1 1 1 1 1 1 1]
 [0 1 1 1 1 1 1 1 0 1]
 [1 0 0 1 0 0 1 1 1 0]
 [1 0 0 1 1 0 1 1 1 1]
 [0 1 0 1 0 1 0 1 1 1]
 [0 1 0 1 1 1 1 1 0 1]
 [1 1 1 0 1 1 1 1 0 1]
 [1 1 1 0 1 1 1 1 1 1]
 [1 1 1 1 0 1 1 1 1 1]
 [0 1 1 1 1 1 0 0 0 1]
 [1 1 1 0 0 1 1 1 0 1]
 [1 0 0 1 1 1 0 1 1 1]
 [1 1 0 1 1 0 0 0 1 0]
 [1 1 1 1 0 1 1 1 1 1]
 [0 1 1 0 1 1 1 1 1 1]
 [1 1 0 1 0 1 1 1 1 1]
 [1 0 1 1 1 0 1 1 0 0]
 [1 1 1 1 1 0 1 0 1 1]
 [1 1 0 0 0 1 1 1 1 1]
 [1 1 0 0 1 0 0 0 1 0]
 [0 0 0 0 1 1 1 0 0 0]]
{'restarts': 9, 'conflicts': 4964, 'decisions': 8791, 'propagations': 4930581}
Q is identifiable
branch at 6
runtime for solving id of Q is 0.8535989299416542
Simulation results:
{'J': 100, 'K': 10, 'N': 10, 'p': 0.7, 'seed': 716, 'sim': 1, 'runtime': 0.8535989299416542, 'identifiable': 1, 'branch': 6}
2
Q: [[0 1 1 1 1 1 0 0 0 1]
 [1 0 0 1 0 1 1 1 1 1]
 [1 1 1 0 0 1 1 1 1 1]
 [1 1 1 0 0 1 0 0 1 0]
 [1 1 1 1 1 0 1 1 0 1]
 [1 0 1 1 1 1 1 1 1 1]
 [1 1 1 1 1 1 1 0 1 1]
 [0 0 0 0 1 0 1 0 1 0]
 [1 1 1 0 0 1 0 1 1 0]
 [1 1 1 0 1 1 1 0 0 1]
 [0 1 1 1 1 1 0 1 0 1]
 [0 0 1 1 1 1 1 1 1 1]
 [1 1 1 1 1 1 0 0 1 1]
 [1 1 1 1 1 0 1 0 1 1]
 [1 1 1 1 1 1 1 1 0 0]
 [1 1 1 1 1 1 0 0 1 0]
 [1 0 1 1 1 1 1 0 1 0]
 [0 1 1 1 1 0 0 1 1 0]
 [1 1 0 1 1 1 1 0 0 1]
 [0 1 0 0 1 1 1 1 0 0]
 [1 1 1 1 0 1 0 1 0 0]
 [1 1 0 1 0 0 1 0 1 0]
 [0 1 1 1 1 0 1 1 1 0]
 [0 0 1 1 1 1 0 1 1 1]
 [1 1 1 0 1 0 1 0 0 1]
 [1 1 0 1 1 1 0 1 1 1]
 [1 1 1 1 0 1 0 0 1 1]
 [1 0 0 1 0 1 1 0 1 1]
 [0 1 1 1 1 1 1 0 1 1]
 [0 0 1 1 1 0 1 1 1 1]
 [0 0 1 1 1 0 0 1 1 1]
 [1 1 0 1 1 1 1 1 0 1]
 [0 0 1 0 0 1 0 1 1 0]
 [1 0 1 1 1 1 1 1 0 1]
 [1 0 1 1 1 1 1 1 1 1]
 [1 1 0 0 1 0 1 0 1 0]
 [0 0 1 1 1 1 1 1 1 0]
 [1 0 0 0 1 1 0 1 0 1]
 [1 1 0 1 0 1 0 1 0 1]
 [1 1 0 1 1 0 0 1 1 0]
 [0 1 1 1 0 1 1 1 1 1]
 [0 1 1 0 1 0 1 1 1 1]
 [1 1 1 1 0 0 1 1 1 1]
 [0 1 1 1 1 0 1 0 1 1]
 [0 0 0 1 1 0 1 1 1 1]
 [1 1 1 1 1 1 1 1 0 1]
 [1 0 0 1 0 0 1 1 1 1]
 [0 1 1 0 1 0 1 0 1 0]
 [1 1 1 1 1 1 1 0 0 1]
 [1 1 1 0 1 1 1 1 1 1]
 [0 1 1 0 1 1 1 1 1 1]
 [0 1 1 1 1 1 0 1 0 1]
 [1 1 0 1 1 1 0 1 1 1]
 [0 1 1 1 1 0 1 1 1 0]
 [0 0 1 1 1 0 0 0 0 1]
 [1 0 1 0 0 0 0 1 0 1]
 [1 1 0 1 1 1 1 1 0 1]
 [0 1 1 1 1 0 1 1 0 1]
 [1 0 0 1 1 0 0 1 1 1]
 [0 0 1 0 1 0 0 0 1 1]
 [1 1 1 0 1 0 1 1 1 0]
 [1 0 1 1 1 1 0 0 1 1]
 [1 1 0 1 1 1 0 0 1 0]
 [1 0 1 1 0 1 1 1 1 1]
 [1 0 1 1 1 1 1 0 1 1]
 [1 1 1 1 1 1 0 1 1 1]
 [0 0 1 1 1 1 0 0 1 1]
 [1 0 0 1 0 1 1 1 1 1]
 [1 0 0 1 0 0 0 0 0 0]
 [1 0 1 1 0 0 1 0 1 0]
 [1 0 1 1 1 1 1 1 1 0]
 [1 1 0 0 1 0 1 0 1 1]
 [1 1 0 1 1 1 0 0 1 1]
 [0 1 1 1 0 0 1 0 1 0]
 [1 1 1 1 1 1 1 1 1 0]
 [1 1 1 1 1 1 1 1 0 1]
 [1 1 1 1 0 1 1 1 1 0]
 [1 1 1 1 1 0 1 0 1 1]
 [1 0 1 1 1 1 1 1 1 1]
 [0 1 1 1 1 1 1 1 0 1]
 [0 1 0 1 1 1 0 0 0 1]
 [0 1 0 1 0 0 0 1 0 1]
 [1 1 0 1 1 1 0 0 1 1]
 [1 1 1 1 1 1 1 1 1 1]
 [1 1 1 1 1 1 0 0 1 1]
 [1 0 0 0 1 0 1 1 1 0]
 [1 0 1 1 1 1 1 1 0 1]
 [1 1 1 1 1 1 1 1 1 1]
 [1 1 0 1 1 1 1 1 1 0]
 [1 1 0 1 1 1 1 1 1 1]
 [1 1 0 0 1 1 0 1 1 1]
 [1 1 1 0 0 1 0 1 0 1]
 [1 0 0 0 0 0 1 1 0 1]
 [0 1 1 1 1 0 1 1 0 1]
 [0 1 1 1 0 1 1 1 0 1]
 [0 0 1 1 1 0 1 0 1 1]
 [1 1 0 1 1 1 1 1 1 0]
 [0 0 1 1 0 1 1 1 0 1]
 [1 0 1 1 0 0 1 1 1 1]
 [1 0 0 1 1 0 1 1 1 1]]
{'restarts': 16, 'conflicts': 3105, 'decisions': 6087, 'propagations': 2825194}
Q is identifiable
branch at 6
runtime for solving id of Q is 0.5423948653042316
Simulation results:
{'J': 100, 'K': 10, 'N': 10, 'p': 0.7, 'seed': 716, 'sim': 2, 'runtime': 0.5423948653042316, 'identifiable': 1, 'branch': 6}
3
Q: [[0 1 1 1 1 1 0 1 1 1]
 [0 0 1 0 1 1 1 0 1 0]
 [1 0 1 1 1 0 1 1 1 1]
 [0 1 0 0 1 0 1 1 1 1]
 [0 0 0 0 1 1 1 1 0 0]
 [1 1 1 1 1 1 1 1 1 1]
 [1 0 1 0 0 0 1 0 0 1]
 [1 1 1 0 1 1 0 1 1 1]
 [0 1 1 0 1 1 0 1 1 1]
 [0 0 1 1 1 0 0 1 1 0]
 [1 1 1 1 1 1 1 1 1 1]
 [1 1 1 0 1 1 1 1 1 1]
 [1 1 1 1 1 1 1 1 1 1]
 [1 1 1 0 1 1 1 0 1 1]
 [1 1 0 1 0 1 0 1 0 1]
 [1 0 1 0 0 1 1 1 1 1]
 [1 1 1 1 0 1 1 0 0 1]
 [1 1 0 0 1 0 1 1 1 0]
 [1 1 0 1 1 1 1 1 1 0]
 [0 1 0 1 1 1 1 0 0 1]
 [0 1 1 1 1 0 0 1 0 1]
 [1 1 0 0 1 1 1 1 1 0]
 [1 1 1 1 0 0 0 1 0 1]
 [0 1 0 1 0 1 1 1 0 0]
 [0 1 1 1 1 1 1 1 1 1]
 [0 0 1 0 1 1 0 1 1 0]
 [1 1 1 0 0 1 1 1 1 1]
 [1 0 1 1 1 1 1 1 1 1]
 [0 1 1 1 1 1 1 0 1 0]
 [1 1 1 0 0 1 1 0 1 1]
 [0 1 0 1 0 0 0 1 1 1]
 [1 1 1 0 1 1 1 0 1 1]
 [1 1 0 0 0 1 0 1 1 1]
 [1 1 1 1 1 1 1 1 1 0]
 [1 0 0 0 1 1 0 1 1 0]
 [1 1 1 0 1 1 1 1 1 1]
 [1 0 1 1 1 1 1 1 1 0]
 [0 1 0 1 1 1 1 1 1 0]
 [1 1 0 1 1 0 1 0 0 1]
 [1 1 0 1 1 1 1 1 1 1]
 [1 1 1 0 0 1 1 0 0 0]
 [1 0 1 0 1 1 1 1 1 1]
 [1 1 0 1 1 1 0 1 1 1]
 [1 0 1 0 1 1 1 1 1 1]
 [0 1 1 1 1 1 0 1 1 1]
 [1 1 1 0 0 1 1 0 1 1]
 [1 1 1 0 1 0 1 1 0 0]
 [1 1 1 1 0 1 1 0 0 0]
 [1 0 0 0 1 1 0 1 1 1]
 [1 1 1 1 1 0 1 1 1 1]
 [1 1 1 1 1 1 1 1 1 0]
 [1 0 0 0 0 1 1 1 0 1]
 [1 1 1 0 1 1 1 0 1 0]
 [0 1 1 1 1 1 1 1 0 1]
 [1 1 0 0 1 0 1 1 1 1]
 [1 0 1 0 1 0 1 0 1 0]
 [1 0 1 0 0 1 1 0 0 1]
 [0 1 0 1 1 1 1 1 1 0]
 [1 1 0 1 1 1 1 1 1 1]
 [0 1 0 0 0 1 1 1 1 1]
 [1 1 0 1 0 1 0 1 1 1]
 [1 0 1 1 0 1 0 1 1 1]
 [1 1 0 0 1 1 1 1 0 1]
 [0 1 1 1 1 0 1 1 1 1]
 [1 1 1 1 0 1 1 1 0 1]
 [0 1 0 1 1 0 1 1 1 1]
 [0 1 1 1 1 1 1 1 0 1]
 [1 1 0 1 1 1 1 0 1 1]
 [1 1 1 0 1 1 1 1 0 1]
 [1 1 1 1 1 1 1 0 1 0]
 [1 0 1 0 1 1 1 1 1 1]
 [1 1 0 1 1 0 1 0 0 0]
 [0 1 1 1 0 1 0 1 1 1]
 [1 1 1 1 1 1 1 1 0 0]
 [1 0 1 1 0 1 1 1 0 1]
 [1 1 1 1 1 0 1 1 1 1]
 [1 0 1 1 1 1 1 0 0 1]
 [0 1 1 1 1 0 1 1 1 1]
 [1 1 0 1 1 1 0 1 1 0]
 [1 1 1 0 0 1 1 1 0 1]
 [0 0 1 1 0 0 1 1 0 1]
 [1 1 1 1 0 1 1 0 1 0]
 [0 1 1 0 0 1 1 1 1 0]
 [1 1 1 1 1 1 1 1 1 1]
 [1 0 1 1 0 1 1 1 1 1]
 [0 0 1 0 1 1 0 1 1 0]
 [0 0 1 1 0 1 1 1 0 1]
 [1 0 1 1 1 1 1 1 0 0]
 [1 1 1 1 1 1 1 1 1 1]
 [1 0 0 1 1 1 1 1 0 1]
 [1 1 0 1 1 1 1 1 1 1]
 [0 1 0 1 1 1 1 1 1 1]
 [1 0 1 1 1 0 0 0 1 1]
 [1 1 1 0 1 1 1 1 0 0]
 [1 1 1 1 1 1 1 1 1 1]
 [1 1 0 1 1 1 1 0 1 1]
 [0 0 1 1 1 1 0 0 1 0]
 [1 1 1 1 1 0 1 1 1 0]
 [0 0 1 0 1 0 1 0 1 1]
 [1 0 1 1 1 1 1 1 1 0]]
{'restarts': 17, 'conflicts': 4388, 'decisions': 10466, 'propagations': 4022914}
Q is identifiable
branch at 6
runtime for solving id of Q is 0.6502949837595224
Simulation results:
{'J': 100, 'K': 10, 'N': 10, 'p': 0.7, 'seed': 716, 'sim': 3, 'runtime': 0.6502949837595224, 'identifiable': 1, 'branch': 6}
4
Q: [[1 0 1 1 1 1 1 1 0 1]
 [1 1 1 1 1 0 1 0 0 0]
 [1 1 1 1 1 1 0 1 1 1]
 [1 1 0 0 1 1 1 1 1 0]
 [1 1 1 1 1 0 1 0 1 0]
 [0 1 1 1 0 0 1 1 0 0]
 [1 1 0 1 1 1 1 0 1 1]
 [1 1 1 1 1 0 1 0 0 1]
 [1 1 1 1 0 1 1 0 1 1]
 [1 1 1 0 0 1 0 1 1 1]
 [1 1 1 1 1 1 1 1 1 1]
 [1 1 1 1 1 0 1 1 1 1]
 [0 1 1 1 1 1 0 1 1 0]
 [0 1 1 1 1 1 1 1 1 1]
 [1 1 0 1 1 1 1 0 0 1]
 [0 0 0 1 1 0 1 0 1 1]
 [0 1 1 1 0 0 1 0 1 1]
 [1 1 0 1 1 1 0 0 1 1]
 [0 0 1 1 1 1 1 0 1 1]
 [1 1 1 1 1 1 1 1 1 1]
 [1 1 1 0 1 1 1 1 1 1]
 [1 1 1 0 1 1 1 1 1 1]
 [1 1 0 1 1 1 1 1 0 1]
 [1 1 0 0 0 0 1 1 1 1]
 [1 1 0 0 1 0 1 0 1 0]
 [0 1 1 1 0 0 0 0 1 0]
 [1 1 1 1 1 1 1 1 1 1]
 [1 1 1 1 0 1 1 1 1 0]
 [0 1 1 0 1 0 1 1 1 1]
 [1 1 1 0 1 0 1 0 0 0]
 [1 1 0 1 1 1 0 0 1 1]
 [1 1 1 1 1 1 1 1 0 1]
 [1 1 0 1 1 1 1 0 1 1]
 [1 0 1 1 1 0 0 1 0 1]
 [1 1 1 0 0 0 0 1 0 1]
 [1 0 1 1 1 1 1 0 1 1]
 [1 0 1 1 1 1 0 1 1 0]
 [1 0 1 1 1 1 1 1 1 0]
 [1 1 0 1 1 1 1 1 1 0]
 [1 0 1 0 0 1 0 1 1 0]
 [1 1 1 1 1 1 0 0 0 1]
 [1 0 1 0 1 1 1 1 1 1]
 [1 1 0 1 1 1 1 1 0 0]
 [1 1 1 1 1 1 1 1 1 1]
 [1 1 1 1 0 1 0 1 1 1]
 [1 0 1 1 0 1 1 0 0 1]
 [1 1 0 1 0 1 0 1 1 1]
 [0 1 0 1 1 0 1 1 1 1]
 [0 0 1 1 1 1 1 0 0 1]
 [1 0 0 1 1 1 1 1 0 1]
 [0 1 0 1 1 1 1 1 1 1]
 [1 1 0 1 1 1 1 1 0 1]
 [1 1 0 0 1 1 1 0 1 1]
 [1 1 1 1 1 1 1 1 1 0]
 [1 1 0 0 0 1 1 0 1 1]
 [1 0 1 0 0 1 1 1 1 1]
 [0 1 0 1 1 1 0 1 1 1]
 [0 0 1 0 1 0 1 1 1 1]
 [1 1 1 1 1 1 1 1 1 1]
 [0 0 0 1 1 1 1 1 0 1]
 [1 0 0 1 0 1 1 1 0 0]
 [1 1 0 0 1 1 0 1 1 1]
 [1 1 1 0 1 0 1 1 0 1]
 [1 1 0 1 1 1 0 0 1 0]
 [1 1 1 1 0 1 1 1 1 1]
 [1 1 0 1 1 1 0 1 0 0]
 [0 1 1 1 0 1 1 1 0 1]
 [0 1 0 1 1 1 1 1 1 1]
 [1 1 1 0 1 1 1 1 1 1]
 [0 1 1 0 1 1 1 0 1 1]
 [1 0 1 0 1 1 1 1 1 0]
 [1 1 1 0 1 1 1 1 0 1]
 [0 1 0 1 1 1 1 1 1 1]
 [1 1 1 0 1 0 0 0 1 1]
 [1 1 1 0 1 0 1 1 1 0]
 [1 1 0 1 0 0 1 1 1 1]
 [0 0 1 1 1 1 1 1 0 1]
 [0 1 1 1 1 1 1 1 0 0]
 [1 1 1 0 1 1 1 1 1 1]
 [1 0 1 1 1 1 1 1 1 1]
 [0 1 0 1 1 1 1 1 1 0]
 [1 0 1 1 0 1 0 0 1 0]
 [1 1 1 0 0 1 1 1 0 0]
 [0 0 1 1 1 1 1 1 1 1]
 [1 0 1 1 1 1 1 1 1 1]
 [0 1 1 1 1 1 1 1 1 1]
 [1 1 1 0 1 0 1 1 0 1]
 [0 1 1 1 1 0 1 1 1 1]
 [0 0 0 1 1 0 1 1 0 0]
 [1 1 1 1 0 1 1 1 0 1]
 [1 0 1 0 1 1 1 0 0 1]
 [1 0 1 0 1 0 0 1 1 0]
 [1 1 1 1 1 1 0 0 1 1]
 [1 1 0 0 1 0 1 1 1 1]
 [1 1 1 1 0 1 0 0 1 0]
 [1 1 1 0 1 0 1 1 0 1]
 [1 0 1 1 1 0 0 1 1 1]
 [1 1 1 1 0 1 0 0 1 1]
 [1 0 1 1 1 1 1 1 1 0]
 [0 1 1 1 1 1 0 1 1 0]]
{'restarts': 18, 'conflicts': 7956, 'decisions': 15060, 'propagations': 7279145}
Q is identifiable
branch at 6
runtime for solving id of Q is 1.093326075002551
Simulation results:
{'J': 100, 'K': 10, 'N': 10, 'p': 0.7, 'seed': 716, 'sim': 4, 'runtime': 1.093326075002551, 'identifiable': 1, 'branch': 6}
5
Q: [[1 0 0 0 1 1 1 1 1 1]
 [1 1 1 1 1 1 1 1 1 1]
 [1 1 0 1 1 0 1 1 1 0]
 [0 1 1 1 0 1 1 0 1 1]
 [1 0 1 0 0 1 0 1 1 1]
 [0 1 0 0 1 0 1 1 0 1]
 [1 1 1 0 0 1 1 1 0 1]
 [1 1 1 1 1 1 1 0 0 0]
 [1 0 1 1 1 1 1 1 1 1]
 [0 1 1 0 0 1 1 1 0 1]
 [1 0 1 1 1 1 1 1 1 0]
 [1 1 1 1 1 1 1 1 1 1]
 [1 1 1 1 1 1 1 1 1 1]
 [1 1 1 1 1 1 1 1 0 0]
 [0 1 1 1 1 1 0 0 0 1]
 [0 1 1 1 1 1 1 0 1 0]
 [1 1 1 0 1 1 1 1 1 1]
 [1 1 0 1 1 1 1 0 0 1]
 [0 1 1 0 1 0 1 0 0 1]
 [0 1 0 1 0 1 1 1 0 1]
 [0 1 1 1 1 1 1 1 0 1]
 [1 1 1 1 1 1 1 1 1 1]
 [1 0 1 0 0 1 0 1 0 1]
 [0 0 1 1 1 1 1 0 1 1]
 [1 1 1 0 1 1 0 1 0 1]
 [0 1 0 1 0 1 1 1 1 1]
 [1 0 1 1 1 0 1 1 0 0]
 [1 1 1 0 1 1 0 1 1 1]
 [1 1 0 1 0 1 0 1 1 0]
 [0 1 1 1 1 1 1 1 1 1]
 [1 1 1 0 1 0 1 0 1 0]
 [1 1 1 0 1 1 1 1 0 0]
 [1 1 0 1 1 1 1 1 1 0]
 [1 1 0 1 1 1 0 1 1 1]
 [1 1 0 1 0 1 1 1 0 1]
 [1 1 1 0 0 1 0 1 1 1]
 [1 1 1 0 1 0 0 1 1 0]
 [1 0 1 1 1 1 0 1 1 0]
 [0 1 0 1 1 1 1 1 0 1]
 [0 0 1 1 0 0 0 1 1 1]
 [0 1 1 1 1 1 1 1 1 1]
 [1 1 0 1 0 1 0 1 1 1]
 [1 0 0 0 0 1 1 0 1 1]
 [1 0 0 0 0 1 1 1 0 1]
 [1 0 1 1 1 1 1 1 1 1]
 [1 1 1 0 1 1 1 0 0 0]
 [1 0 1 1 1 1 0 1 0 0]
 [1 1 0 1 0 1 0 0 0 0]
 [0 0 0 1 1 1 1 0 0 1]
 [1 1 0 1 1 1 1 0 1 0]
 [0 0 0 0 0 1 1 1 1 1]
 [1 1 1 0 0 1 1 1 1 1]
 [1 1 1 0 1 1 0 1 1 0]
 [0 1 0 1 1 1 1 1 1 1]
 [1 0 1 1 1 0 1 1 1 0]
 [0 1 1 0 1 1 0 0 1 1]
 [0 1 1 0 1 0 1 0 1 1]
 [0 1 0 0 1 1 1 0 1 1]
 [0 1 1 1 1 1 0 0 1 1]
 [0 1 1 1 1 1 0 1 1 1]
 [0 1 0 1 1 1 1 0 0 1]
 [1 0 1 1 0 1 1 1 1 1]
 [1 1 1 1 1 0 1 1 0 1]
 [0 1 1 0 1 1 1 1 1 1]
 [0 0 0 1 1 1 1 1 0 0]
 [0 1 0 1 1 1 1 1 1 1]
 [0 1 1 1 1 1 0 0 0 1]
 [1 1 1 1 1 1 1 1 1 0]
 [0 0 1 1 1 1 0 1 1 1]
 [1 1 1 1 1 1 0 1 1 1]
 [1 1 1 1 1 1 1 1 1 1]
 [1 1 1 1 1 1 1 1 1 1]
 [0 1 1 1 1 1 0 1 0 1]
 [1 1 1 1 1 1 1 1 1 1]
 [0 1 0 1 0 1 0 1 1 1]
 [0 0 0 0 0 1 1 1 0 1]
 [0 1 1 0 1 1 0 1 0 0]
 [1 1 1 1 1 1 1 1 1 1]
 [0 0 1 0 1 0 1 0 1 0]
 [0 1 1 1 0 1 0 1 0 1]
 [1 1 0 1 0 0 0 1 1 1]
 [1 1 1 1 1 1 1 0 0 1]
 [0 1 1 0 0 1 1 1 0 1]
 [0 0 1 0 1 0 0 0 1 1]
 [0 1 1 1 1 0 0 1 0 1]
 [1 1 1 0 0 1 1 0 1 0]
 [1 0 1 1 1 0 1 1 1 0]
 [1 1 1 1 0 0 1 1 0 0]
 [0 1 0 0 1 1 1 1 1 1]
 [1 1 1 0 0 1 0 0 1 1]
 [0 1 0 1 1 1 0 1 1 0]
 [1 0 1 1 1 0 0 0 1 1]
 [0 1 1 1 1 1 1 1 0 1]
 [0 1 1 1 1 1 1 1 0 1]
 [1 1 1 1 1 0 1 1 0 1]
 [1 1 1 1 1 0 0 1 1 1]
 [0 1 1 1 1 0 1 1 1 1]
 [1 1 0 1 1 0 0 1 0 1]
 [1 1 1 1 1 1 1 1 1 0]
 [1 0 1 1 1 1 1 1 1 1]]
{'restarts': 10, 'conflicts': 4133, 'decisions': 8625, 'propagations': 3859193}
Q is identifiable
branch at 6
runtime for solving id of Q is 0.6326903086155653
Simulation results:
{'J': 100, 'K': 10, 'N': 10, 'p': 0.7, 'seed': 716, 'sim': 5, 'runtime': 0.6326903086155653, 'identifiable': 1, 'branch': 6}
6
Q: [[1 1 0 0 0 1 0 1 1 0]
 [1 0 1 1 0 1 1 0 1 1]
 [1 1 1 1 1 1 1 1 1 1]
 [0 1 1 1 1 1 1 1 1 1]
 [1 0 1 1 1 1 1 0 1 1]
 [1 1 0 1 1 0 0 0 1 1]
 [0 1 1 0 0 1 1 1 1 1]
 [0 1 1 1 1 1 1 1 0 1]
 [1 1 0 1 1 1 1 0 1 1]
 [1 0 1 0 0 1 0 1 0 1]
 [1 1 1 1 1 1 1 0 1 1]
 [1 1 1 0 1 1 0 1 1 1]
 [1 0 0 1 1 1 1 1 0 1]
 [0 1 0 1 0 1 1 0 1 0]
 [1 1 1 1 1 1 1 1 1 1]
 [1 1 0 0 1 1 1 1 1 1]
 [0 1 1 1 1 1 1 1 1 1]
 [0 1 1 0 0 1 1 1 0 1]
 [1 1 1 1 1 1 1 1 1 1]
 [0 1 0 0 0 1 1 1 1 1]
 [1 1 1 1 1 0 1 1 1 1]
 [0 1 1 1 1 1 0 0 1 1]
 [0 0 1 0 1 1 1 1 1 1]
 [0 0 0 0 0 0 1 0 1 1]
 [1 1 1 0 1 0 0 0 1 1]
 [1 0 1 0 1 1 0 1 1 1]
 [1 0 1 1 0 1 1 1 0 1]
 [1 1 1 1 1 1 0 1 1 1]
 [0 1 1 0 1 1 1 1 1 1]
 [1 1 0 0 1 0 1 1 0 1]
 [1 0 1 1 1 1 1 1 1 0]
 [0 0 0 1 0 1 1 1 0 0]
 [1 1 0 0 1 0 0 0 0 1]
 [1 1 0 0 1 1 1 0 1 1]
 [1 1 1 1 0 1 0 1 0 1]
 [0 1 0 1 1 1 1 1 1 1]
 [1 1 1 1 0 0 1 1 1 0]
 [1 0 1 1 1 1 1 1 1 0]
 [1 1 1 1 1 0 0 1 0 1]
 [0 0 1 0 0 1 0 1 0 1]
 [1 1 1 0 1 1 1 1 1 0]
 [1 1 1 1 1 1 1 0 0 0]
 [1 1 1 0 1 1 1 1 1 0]
 [1 0 0 1 1 0 1 1 0 1]
 [1 1 1 1 1 0 1 1 1 1]
 [1 0 1 0 0 1 1 1 0 0]
 [1 1 0 1 1 0 1 1 1 1]
 [0 1 1 1 0 0 1 1 0 1]
 [1 1 0 1 1 1 1 0 1 1]
 [1 1 1 1 1 0 1 0 1 1]
 [1 1 0 0 1 0 0 0 1 1]
 [0 1 0 1 1 1 1 1 1 0]
 [1 1 1 1 1 1 1 1 0 1]
 [1 0 1 1 1 0 0 1 1 1]
 [1 1 1 1 1 1 1 0 1 1]
 [1 1 0 1 0 1 1 1 0 1]
 [0 1 1 1 1 1 1 0 1 1]
 [1 0 0 1 1 1 1 1 0 0]
 [1 0 0 0 1 0 1 1 1 1]
 [1 1 1 1 1 1 1 0 1 1]
 [1 1 1 1 1 1 1 1 1 1]
 [1 0 1 1 1 1 1 1 0 0]
 [1 0 1 1 1 1 1 1 1 1]
 [1 1 1 1 0 0 1 0 0 1]
 [0 1 0 1 1 1 0 1 1 1]
 [1 0 1 1 1 0 0 1 1 1]
 [1 1 0 1 1 1 1 1 1 1]
 [0 1 1 0 1 1 1 1 0 1]
 [1 0 1 0 1 0 1 0 1 1]
 [0 1 0 1 1 1 0 0 1 1]
 [1 0 1 1 1 0 0 1 1 0]
 [1 1 1 1 1 1 1 1 0 1]
 [1 1 1 0 0 1 1 1 0 1]
 [1 0 1 1 1 0 1 1 1 1]
 [0 1 1 1 1 0 1 1 0 1]
 [1 1 1 1 1 0 0 0 0 1]
 [1 1 1 1 1 1 1 1 1 1]
 [1 1 1 1 1 1 1 0 1 1]
 [0 0 1 1 0 1 1 0 1 1]
 [1 1 1 1 0 1 1 1 1 1]
 [1 0 0 0 1 0 0 1 0 0]
 [1 0 0 1 1 1 1 0 0 1]
 [1 0 1 0 1 1 1 1 1 0]
 [0 1 0 1 1 1 1 1 1 1]
 [0 0 1 1 1 0 1 0 0 1]
 [1 1 0 1 1 1 1 1 1 1]
 [1 1 1 1 1 0 0 1 0 0]
 [1 0 1 1 1 1 1 1 1 1]
 [1 1 1 1 0 1 1 0 0 0]
 [1 1 0 1 1 1 1 1 0 0]
 [1 1 0 1 1 0 0 1 1 0]
 [0 1 0 1 1 0 1 1 0 1]
 [1 1 0 1 1 1 1 0 1 1]
 [1 1 1 1 1 1 0 0 0 0]
 [1 1 1 1 1 0 0 1 1 1]
 [0 1 1 1 1 0 1 0 1 1]
 [1 1 1 1 1 0 1 0 1 1]
 [1 1 1 1 0 1 1 1 1 1]
 [0 1 0 1 1 1 1 1 1 1]
 [0 1 0 1 1 1 1 1 1 1]]
{'restarts': 12, 'conflicts': 3234, 'decisions': 6684, 'propagations': 2692084}
Q is identifiable
branch at 6
runtime for solving id of Q is 0.5187725182622671
Simulation results:
{'J': 100, 'K': 10, 'N': 10, 'p': 0.7, 'seed': 716, 'sim': 6, 'runtime': 0.5187725182622671, 'identifiable': 1, 'branch': 6}
7
Q: [[0 1 0 0 0 1 0 1 1 1]
 [0 1 0 0 0 1 0 1 1 1]
 [1 1 0 1 0 1 1 1 1 1]
 [1 1 1 0 1 0 1 1 1 1]
 [0 1 1 0 1 0 1 1 0 0]
 [1 1 0 1 1 0 0 1 0 1]
 [0 1 1 0 1 1 1 1 0 1]
 [1 1 1 1 1 1 1 1 1 1]
 [1 1 0 1 1 0 1 1 1 1]
 [1 1 1 0 1 1 0 1 0 1]
 [1 1 1 1 1 1 0 1 1 1]
 [0 0 1 1 0 0 1 0 0 0]
 [1 0 1 1 0 1 0 1 1 0]
 [0 1 0 1 1 1 1 0 1 0]
 [1 1 1 0 1 1 1 0 1 1]
 [1 0 0 1 0 0 1 1 1 1]
 [1 1 0 0 1 1 0 1 0 0]
 [1 1 1 1 1 0 1 1 1 1]
 [1 1 1 0 0 0 0 1 1 1]
 [1 0 1 1 0 0 0 1 1 0]
 [1 1 1 1 0 0 1 1 1 0]
 [1 1 1 0 1 1 0 1 0 1]
 [1 1 0 1 0 1 0 1 1 1]
 [1 1 1 1 1 0 1 0 1 0]
 [1 1 0 1 0 1 0 0 1 1]
 [1 1 1 1 0 1 0 0 1 1]
 [0 1 1 1 0 1 1 1 0 0]
 [0 1 0 1 1 1 1 1 1 1]
 [0 1 1 0 1 1 1 1 1 1]
 [1 0 0 1 1 0 0 0 1 0]
 [0 1 0 0 1 1 1 1 1 1]
 [1 1 0 1 1 1 1 1 1 1]
 [1 1 1 1 1 1 1 1 1 1]
 [0 1 0 0 1 1 0 1 1 1]
 [1 1 0 0 1 1 1 1 1 1]
 [1 1 1 0 0 1 1 1 1 1]
 [0 0 1 0 0 0 1 1 1 1]
 [1 0 0 0 0 0 1 0 1 1]
 [0 1 1 1 1 1 1 1 0 1]
 [1 0 0 1 1 1 1 1 1 1]
 [1 0 0 1 0 1 0 1 1 0]
 [0 0 1 1 1 1 0 1 1 0]
 [1 1 0 1 0 1 0 1 1 1]
 [1 1 1 1 0 1 1 1 0 0]
 [1 1 1 1 1 1 1 1 1 0]
 [1 1 0 0 1 1 1 0 1 1]
 [0 1 0 1 1 1 0 0 0 0]
 [1 1 1 1 0 1 1 0 1 1]
 [1 1 1 1 1 1 1 1 0 1]
 [1 0 1 0 0 1 1 1 1 0]
 [1 1 1 1 1 1 0 1 0 1]
 [1 1 1 1 1 1 1 1 1 1]
 [0 0 0 1 1 0 1 1 0 0]
 [1 1 0 1 1 0 1 1 1 1]
 [0 1 1 0 1 1 1 1 0 0]
 [1 0 1 1 1 1 1 1 1 1]
 [1 0 1 1 1 0 1 0 1 1]
 [1 1 1 1 1 1 1 0 0 1]
 [1 1 1 1 1 1 0 1 1 1]
 [0 0 1 1 1 1 1 0 1 1]
 [0 1 1 0 0 1 1 1 0 0]
 [0 0 1 1 1 1 1 1 0 1]
 [1 0 1 1 1 1 1 0 1 0]
 [0 1 0 0 1 1 1 0 0 1]
 [1 0 1 0 0 0 0 0 1 0]
 [1 1 0 1 1 0 1 1 1 0]
 [0 1 1 1 1 0 1 0 0 1]
 [1 1 1 1 0 0 1 1 1 1]
 [1 1 1 0 1 1 0 0 1 1]
 [1 1 1 0 1 1 1 1 1 0]
 [1 1 1 1 1 1 1 1 0 1]
 [1 1 1 1 1 1 0 1 1 1]
 [0 0 1 1 1 1 1 1 1 0]
 [0 1 0 1 0 1 1 1 0 1]
 [0 1 1 0 1 1 0 1 0 1]
 [0 1 1 0 1 1 1 1 0 1]
 [0 1 1 1 1 1 0 1 1 1]
 [0 1 0 1 1 1 1 0 0 1]
 [1 1 1 1 1 1 1 1 1 1]
 [1 0 1 1 1 1 0 1 1 1]
 [1 1 0 1 0 1 1 1 1 1]
 [1 1 0 1 1 1 0 1 1 1]
 [0 0 1 1 0 1 0 1 1 1]
 [1 0 1 0 1 0 1 0 1 1]
 [1 1 1 0 1 1 1 1 1 1]
 [1 0 1 1 1 1 0 0 0 1]
 [1 1 1 1 1 1 1 1 1 0]
 [1 0 1 0 0 1 1 0 1 0]
 [1 1 1 1 1 1 0 1 1 1]
 [1 0 1 1 0 1 0 0 1 1]
 [0 0 1 1 1 0 1 0 1 0]
 [1 1 1 1 1 1 1 1 1 0]
 [0 0 1 1 0 1 0 0 1 1]
 [0 0 1 1 1 0 1 0 1 1]
 [0 1 0 1 1 0 1 1 0 1]
 [0 1 1 1 1 1 1 1 1 1]
 [0 1 0 1 1 0 0 1 1 1]
 [1 1 1 1 0 1 1 0 1 0]
 [0 0 1 1 0 1 1 1 1 0]
 [0 1 1 0 1 0 1 1 1 1]]
{'restarts': 6, 'conflicts': 1953, 'decisions': 3819, 'propagations': 1682746}
Q is identifiable
branch at 6
runtime for solving id of Q is 0.36259219981729984
Simulation results:
{'J': 100, 'K': 10, 'N': 10, 'p': 0.7, 'seed': 716, 'sim': 7, 'runtime': 0.36259219981729984, 'identifiable': 1, 'branch': 6}
8
Q: [[1 1 1 0 0 0 1 1 0 1]
 [1 1 0 0 1 0 1 1 1 1]
 [1 1 0 0 0 1 1 1 1 1]
 [0 1 1 1 1 1 1 1 1 0]
 [1 0 1 0 0 1 0 1 1 1]
 [0 0 1 0 0 1 1 0 0 1]
 [0 0 0 1 0 1 0 1 0 1]
 [1 1 1 1 0 1 0 1 1 1]
 [1 0 1 1 1 1 1 1 0 0]
 [1 1 1 1 1 0 0 1 1 0]
 [1 1 1 0 1 1 0 1 1 0]
 [0 1 0 0 0 1 1 1 1 0]
 [1 1 1 1 1 1 1 1 0 1]
 [1 1 1 1 1 1 1 0 1 0]
 [1 0 1 1 0 0 1 1 1 1]
 [1 1 1 0 0 0 0 0 1 1]
 [0 0 1 1 1 0 1 0 0 1]
 [1 0 1 1 1 0 1 1 1 1]
 [1 1 0 1 1 1 1 1 1 1]
 [1 1 0 1 1 1 1 1 0 1]
 [1 1 1 1 0 1 1 0 1 0]
 [1 0 0 0 0 1 1 1 1 0]
 [1 1 0 1 1 1 1 1 1 1]
 [1 0 1 1 1 1 1 1 1 1]
 [1 1 1 1 1 1 1 1 1 0]
 [0 1 0 1 1 0 1 1 1 0]
 [1 1 1 1 1 1 1 0 1 1]
 [0 1 1 1 1 1 0 0 1 0]
 [1 1 0 1 1 0 0 1 1 1]
 [1 1 1 1 1 1 0 1 1 1]
 [1 0 1 0 1 0 1 1 1 0]
 [1 1 1 1 1 1 1 1 1 1]
 [1 1 1 1 1 1 1 0 0 0]
 [0 1 1 0 0 1 1 1 0 0]
 [1 1 1 1 1 1 1 1 0 0]
 [0 1 1 1 1 1 0 1 0 1]
 [0 1 1 0 1 1 1 1 1 0]
 [0 0 1 1 1 1 1 1 1 1]
 [1 1 1 0 1 1 0 1 1 1]
 [0 1 0 0 0 1 1 1 1 1]
 [1 1 0 0 1 0 1 1 1 0]
 [1 1 1 0 1 1 1 0 1 1]
 [1 1 1 0 0 1 1 1 1 0]
 [1 0 0 0 0 0 1 1 1 1]
 [1 1 0 1 1 0 1 0 1 1]
 [1 0 0 0 1 1 1 0 1 1]
 [1 1 1 1 0 1 1 1 0 0]
 [1 1 0 1 1 0 1 1 1 0]
 [1 0 0 1 1 1 0 1 1 1]
 [1 1 1 1 0 1 1 1 0 0]
 [1 0 1 1 1 1 0 1 1 1]
 [1 1 1 1 1 1 0 1 1 1]
 [1 1 0 1 1 1 1 1 0 1]
 [0 1 0 1 0 1 0 1 1 1]
 [1 1 1 0 1 1 0 0 1 1]
 [1 1 1 1 0 1 1 0 1 0]
 [0 0 1 1 1 1 1 1 1 1]
 [0 1 0 1 0 1 1 0 1 0]
 [1 1 1 1 1 1 0 1 1 1]
 [1 1 0 1 1 0 0 1 1 0]
 [1 1 1 1 1 1 1 1 1 1]
 [1 1 1 1 0 0 1 0 1 1]
 [1 0 1 0 0 1 0 1 1 1]
 [1 1 1 1 1 1 0 0 0 0]
 [1 1 1 0 0 0 1 1 1 0]
 [0 0 0 1 1 1 1 0 1 1]
 [1 1 1 1 1 1 1 1 0 0]
 [1 1 1 0 0 1 0 1 1 1]
 [1 0 1 0 1 0 1 0 1 0]
 [1 1 1 0 1 1 1 0 1 0]
 [1 1 1 0 1 1 1 0 1 0]
 [1 1 0 1 1 1 1 1 0 0]
 [1 1 1 1 1 1 0 1 0 1]
 [1 0 1 1 1 0 0 0 1 1]
 [0 1 1 1 1 0 1 0 1 1]
 [1 1 1 1 0 1 1 1 1 1]
 [1 1 1 1 1 1 1 1 1 0]
 [1 1 1 1 1 0 1 1 0 1]
 [1 0 1 1 0 1 1 1 1 1]
 [0 0 1 1 0 1 0 0 1 1]
 [1 0 1 1 1 1 0 0 0 1]
 [1 0 1 1 1 1 1 0 0 0]
 [1 1 1 0 1 0 1 1 1 1]
 [1 1 1 1 1 1 1 1 1 0]
 [1 1 1 1 1 1 1 1 0 1]
 [0 1 1 0 1 1 1 0 1 1]
 [1 1 1 0 1 0 1 0 1 1]
 [1 0 1 0 1 1 1 1 0 1]
 [1 1 0 1 0 1 1 1 0 1]
 [1 0 1 1 1 0 1 0 1 1]
 [1 1 0 1 0 1 0 1 0 1]
 [1 0 1 1 1 1 1 0 1 0]
 [1 1 0 1 1 0 0 1 1 1]
 [1 0 0 0 1 0 1 1 1 0]
 [1 0 0 1 1 1 1 1 1 1]
 [0 1 1 1 1 1 1 1 1 0]
 [1 1 1 1 1 1 1 1 1 1]
 [1 0 1 0 1 1 1 1 1 1]
 [1 0 1 1 1 1 1 1 1 1]
 [1 1 1 1 1 1 1 1 0 0]]
{'restarts': 10, 'conflicts': 3632, 'decisions': 7440, 'propagations': 3340259}
Q is identifiable
branch at 6
runtime for solving id of Q is 0.5993043873459101
Simulation results:
{'J': 100, 'K': 10, 'N': 10, 'p': 0.7, 'seed': 716, 'sim': 8, 'runtime': 0.5993043873459101, 'identifiable': 1, 'branch': 6}
9
Q: [[1 1 0 0 1 0 0 1 1 1]
 [0 0 1 1 1 0 1 0 0 1]
 [1 0 1 1 1 1 1 0 1 1]
 [1 1 1 1 1 1 1 1 0 1]
 [1 0 1 0 0 1 1 1 1 1]
 [1 0 1 1 0 1 1 1 1 0]
 [1 1 1 1 0 1 0 1 0 1]
 [0 1 1 1 1 1 1 1 1 1]
 [1 1 1 1 0 1 1 1 1 1]
 [1 0 0 0 0 1 1 0 0 0]
 [1 0 0 1 1 1 1 1 0 0]
 [0 1 1 1 1 1 1 1 1 0]
 [1 0 1 0 1 0 0 1 1 1]
 [1 1 1 1 0 1 1 1 1 1]
 [1 1 1 0 1 1 1 1 1 1]
 [1 1 0 0 1 1 1 1 1 1]
 [1 0 1 0 1 1 1 1 1 0]
 [1 1 1 0 1 1 1 0 0 1]
 [1 0 0 0 1 0 0 0 0 1]
 [1 1 1 1 1 0 1 0 0 1]
 [1 0 1 1 1 1 0 0 1 1]
 [1 1 1 0 1 0 0 1 0 1]
 [1 0 0 0 1 1 1 0 1 1]
 [1 1 0 0 1 0 0 1 0 0]
 [0 0 0 1 1 0 1 1 1 0]
 [1 0 1 0 0 1 1 1 1 1]
 [1 1 0 1 1 1 1 1 1 0]
 [1 0 1 1 1 0 0 1 1 1]
 [1 1 0 1 1 1 0 1 1 0]
 [1 1 1 1 1 1 1 1 1 0]
 [0 0 1 1 1 1 1 1 1 1]
 [1 1 1 1 0 1 1 1 1 0]
 [1 1 1 1 0 1 1 0 0 1]
 [1 1 1 0 1 1 0 1 1 1]
 [1 1 1 1 0 1 0 0 1 1]
 [0 1 0 1 1 0 1 0 1 1]
 [1 0 1 0 1 1 1 1 1 0]
 [1 0 1 1 1 1 1 0 1 1]
 [1 1 0 1 1 0 0 1 1 1]
 [1 1 1 0 0 0 1 1 1 1]
 [1 0 1 0 0 1 0 1 1 1]
 [0 1 1 0 0 1 0 0 0 1]
 [1 1 1 1 1 0 0 1 1 0]
 [0 1 0 0 1 1 1 1 1 1]
 [1 1 1 1 1 1 0 1 1 1]
 [0 1 1 0 1 1 1 1 1 1]
 [1 1 1 1 1 1 1 0 1 0]
 [1 1 1 1 1 0 1 1 0 1]
 [1 1 1 1 1 1 0 0 1 1]
 [1 1 0 0 1 0 1 1 1 0]
 [1 1 0 1 1 0 1 0 1 1]
 [1 1 1 1 1 1 1 1 1 0]
 [1 0 1 1 0 0 1 1 0 1]
 [1 1 1 1 0 0 1 1 1 1]
 [1 1 1 1 1 0 1 0 1 1]
 [1 0 1 1 1 1 1 1 1 1]
 [0 1 1 1 1 1 0 0 0 1]
 [1 1 1 1 1 1 1 1 1 1]
 [1 0 1 0 0 0 1 0 0 0]
 [1 0 1 0 1 1 1 1 1 0]
 [1 1 1 1 0 0 1 1 1 0]
 [1 1 1 1 1 1 0 1 0 1]
 [0 0 0 0 0 1 0 1 1 1]
 [1 1 1 0 1 1 1 1 1 0]
 [0 0 0 1 1 1 1 1 1 1]
 [0 1 0 1 1 0 1 1 1 1]
 [0 0 0 0 1 0 1 1 1 1]
 [1 1 1 1 1 1 0 0 1 1]
 [0 1 0 1 1 1 1 0 1 1]
 [0 1 1 1 1 1 0 1 1 1]
 [1 1 1 1 1 1 1 1 1 1]
 [1 1 0 1 1 0 1 1 1 1]
 [1 1 0 0 1 0 0 1 0 1]
 [0 1 1 1 1 1 1 1 0 1]
 [0 1 1 0 1 1 1 1 1 1]
 [0 1 1 0 1 1 1 1 0 1]
 [0 0 0 1 1 1 1 1 1 1]
 [1 1 0 1 1 1 1 1 0 1]
 [0 1 0 0 1 1 1 0 0 0]
 [1 1 1 1 1 1 1 0 1 1]
 [1 1 1 0 1 0 1 1 0 0]
 [0 1 1 0 0 1 0 1 1 0]
 [0 1 0 0 1 1 1 0 0 1]
 [1 1 1 0 0 1 0 0 1 0]
 [1 1 0 1 1 1 0 1 1 0]
 [0 1 1 1 0 1 1 1 1 1]
 [0 1 0 0 1 1 0 1 0 1]
 [0 0 0 0 1 1 1 1 1 1]
 [1 1 1 0 1 1 1 1 0 1]
 [0 0 0 1 1 0 1 0 0 1]
 [0 1 1 0 1 1 1 1 1 1]
 [1 1 1 0 1 1 1 1 1 0]
 [0 0 1 1 1 1 1 1 1 1]
 [1 1 1 1 1 1 1 1 1 1]
 [0 1 1 0 1 1 0 1 1 1]
 [0 1 0 1 1 1 1 1 1 1]
 [1 1 0 0 1 1 1 1 1 1]
 [1 0 1 0 1 1 0 1 0 1]
 [1 0 1 1 1 1 0 1 0 1]
 [1 1 0 0 1 0 1 0 1 0]]
{'restarts': 10, 'conflicts': 3589, 'decisions': 6984, 'propagations': 3155866}
Q is identifiable
branch at 6
runtime for solving id of Q is 0.5099239526316524
Simulation results:
{'J': 100, 'K': 10, 'N': 10, 'p': 0.7, 'seed': 716, 'sim': 9, 'runtime': 0.5099239526316524, 'identifiable': 1, 'branch': 6}
Simulation results:
[{'J': 100, 'K': 10, 'N': 10, 'p': 0.7, 'seed': 716, 'sim': 0, 'runtime': 11.364198497496545, 'identifiable': 1, 'branch': 6}, {'J': 100, 'K': 10, 'N': 10, 'p': 0.7, 'seed': 716, 'sim': 1, 'runtime': 0.8535989299416542, 'identifiable': 1, 'branch': 6}, {'J': 100, 'K': 10, 'N': 10, 'p': 0.7, 'seed': 716, 'sim': 2, 'runtime': 0.5423948653042316, 'identifiable': 1, 'branch': 6}, {'J': 100, 'K': 10, 'N': 10, 'p': 0.7, 'seed': 716, 'sim': 3, 'runtime': 0.6502949837595224, 'identifiable': 1, 'branch': 6}, {'J': 100, 'K': 10, 'N': 10, 'p': 0.7, 'seed': 716, 'sim': 4, 'runtime': 1.093326075002551, 'identifiable': 1, 'branch': 6}, {'J': 100, 'K': 10, 'N': 10, 'p': 0.7, 'seed': 716, 'sim': 5, 'runtime': 0.6326903086155653, 'identifiable': 1, 'branch': 6}, {'J': 100, 'K': 10, 'N': 10, 'p': 0.7, 'seed': 716, 'sim': 6, 'runtime': 0.5187725182622671, 'identifiable': 1, 'branch': 6}, {'J': 100, 'K': 10, 'N': 10, 'p': 0.7, 'seed': 716, 'sim': 7, 'runtime': 0.36259219981729984, 'identifiable': 1, 'branch': 6}, {'J': 100, 'K': 10, 'N': 10, 'p': 0.7, 'seed': 716, 'sim': 8, 'runtime': 0.5993043873459101, 'identifiable': 1, 'branch': 6}, {'J': 100, 'K': 10, 'N': 10, 'p': 0.7, 'seed': 716, 'sim': 9, 'runtime': 0.5099239526316524, 'identifiable': 1, 'branch': 6}]
