
The Gurobi software has a limited number of licenses. To request a license or
licenses, add this line

    #SBATCH --licenses=gurobi@slurmdb:1

to your SBATCH script, replacing N with the number of licenses you need. Gurobi
will need one license per process.


0
Q: [[1 0 1 0 1]
 [1 1 1 1 1]
 [1 1 1 1 1]
 [1 1 1 1 1]
 [1 0 1 1 1]
 [1 1 0 1 0]
 [1 1 1 1 1]
 [1 1 1 1 1]
 [1 1 1 1 1]
 [1 0 1 1 1]
 [0 1 1 1 1]
 [0 1 1 1 1]
 [1 1 1 1 1]
 [0 1 1 1 1]
 [1 1 1 1 1]
 [1 1 1 1 0]
 [1 1 1 1 1]
 [1 0 1 1 1]
 [1 1 1 1 1]
 [0 1 1 1 1]
 [1 1 0 1 1]
 [1 1 1 0 1]
 [1 1 1 1 1]
 [1 1 1 1 1]
 [1 1 1 1 1]]
Q is not identifiable (three-column submatrix not identifiable).
Q is not identifiable, and Q_bar is [[1 0 1 0 1]
 [1 0 1 1 1]
 [1 0 1 1 1]
 [1 0 1 1 1]
 [1 0 1 1 1]
 [1 1 0 1 0]
 [1 0 1 1 1]
 [1 0 1 1 1]
 [1 0 1 1 1]
 [1 0 1 1 1]
 [1 0 0 1 1]
 [1 0 0 1 1]
 [1 0 1 1 1]
 [1 0 0 1 1]
 [1 0 1 1 1]
 [1 1 1 1 0]
 [1 0 1 1 1]
 [1 0 1 1 1]
 [1 0 1 1 1]
 [1 0 0 1 1]
 [1 1 0 1 1]
 [1 1 1 0 1]
 [1 0 1 1 1]
 [1 0 1 1 1]
 [1 0 1 1 1]]
branch at 3
runtime for solving id of Q is 0.0006791152991354465
Simulation results:
{'J': 25, 'K': 5, 'N': 10, 'p': 0.9, 'seed': 96, 'sim': 0, 'runtime': 0.0006791152991354465, 'identifiable': 0, 'branch': 3}
1
Q: [[0 1 1 1 1]
 [1 1 1 1 1]
 [1 1 1 1 1]
 [1 1 0 1 1]
 [1 1 1 1 1]
 [1 0 1 1 0]
 [1 1 1 1 1]
 [1 1 1 1 1]
 [1 0 1 0 1]
 [1 1 1 1 1]
 [1 1 1 1 1]
 [0 1 1 1 1]
 [1 1 1 1 0]
 [1 1 1 1 1]
 [1 1 1 1 1]
 [0 1 1 1 1]
 [1 1 1 1 1]
 [1 1 1 1 1]
 [1 1 1 1 1]
 [1 0 1 1 1]
 [0 1 1 1 1]
 [1 1 1 1 1]
 [1 1 1 0 1]
 [1 1 1 1 1]
 [1 0 1 1 1]]
Q is not identifiable (three-column submatrix not identifiable).
Q is not identifiable, and Q_bar is [[1 0 0 1 1]
 [1 0 1 1 1]
 [1 0 1 1 1]
 [1 1 0 1 1]
 [1 0 1 1 1]
 [1 0 1 1 0]
 [1 0 1 1 1]
 [1 0 1 1 1]
 [1 0 1 0 1]
 [1 0 1 1 1]
 [1 0 1 1 1]
 [1 0 0 1 1]
 [1 1 1 1 0]
 [1 0 1 1 1]
 [1 0 1 1 1]
 [1 0 0 1 1]
 [1 0 1 1 1]
 [1 0 1 1 1]
 [1 0 1 1 1]
 [1 0 1 1 1]
 [1 0 0 1 1]
 [1 0 1 1 1]
 [1 1 1 0 1]
 [1 0 1 1 1]
 [1 0 1 1 1]]
branch at 3
runtime for solving id of Q is 0.0006188186816871166
Simulation results:
{'J': 25, 'K': 5, 'N': 10, 'p': 0.9, 'seed': 96, 'sim': 1, 'runtime': 0.0006188186816871166, 'identifiable': 0, 'branch': 3}
2
Q: [[1 1 1 1 1]
 [1 0 1 1 1]
 [1 1 1 1 1]
 [1 0 1 1 1]
 [1 1 1 0 1]
 [1 1 1 1 1]
 [1 1 1 1 1]
 [1 1 1 1 1]
 [0 1 1 1 1]
 [1 1 1 0 1]
 [1 1 1 1 1]
 [1 0 1 1 1]
 [1 1 1 1 1]
 [1 1 1 1 0]
 [1 1 1 1 1]
 [0 1 1 1 1]
 [0 1 1 1 1]
 [1 1 1 1 1]
 [1 1 0 1 1]
 [1 1 1 0 1]
 [0 1 1 0 0]
 [1 1 1 1 1]
 [1 1 1 1 1]
 [1 1 1 1 0]
 [1 0 1 1 1]]
Q is not identifiable (three-column submatrix not identifiable).
Q is not identifiable, and Q_bar is [[1 0 1 1 1]
 [1 0 1 1 1]
 [1 0 1 1 1]
 [1 0 1 1 1]
 [1 1 1 0 1]
 [1 0 1 1 1]
 [1 0 1 1 1]
 [1 0 1 1 1]
 [0 1 1 1 1]
 [1 1 1 0 1]
 [1 0 1 1 1]
 [1 0 1 1 1]
 [1 0 1 1 1]
 [1 1 1 1 0]
 [1 0 1 1 1]
 [0 1 1 1 1]
 [0 1 1 1 1]
 [1 0 1 1 1]
 [1 1 0 1 1]
 [1 1 1 0 1]
 [1 0 0 0 0]
 [1 0 1 1 1]
 [1 0 1 1 1]
 [1 1 1 1 0]
 [1 0 1 1 1]]
branch at 3
runtime for solving id of Q is 0.0005886680446565151
Simulation results:
{'J': 25, 'K': 5, 'N': 10, 'p': 0.9, 'seed': 96, 'sim': 2, 'runtime': 0.0005886680446565151, 'identifiable': 0, 'branch': 3}
3
Q: [[1 1 1 1 1]
 [1 1 1 1 0]
 [1 1 1 1 1]
 [1 1 1 1 1]
 [1 1 1 1 1]
 [1 1 1 0 1]
 [1 1 1 1 1]
 [0 1 1 1 1]
 [1 1 1 1 1]
 [0 1 1 1 0]
 [1 0 0 1 1]
 [1 1 1 1 1]
 [1 1 1 1 1]
 [1 1 1 0 0]
 [1 1 1 1 1]
 [1 1 1 1 1]
 [1 1 1 0 1]
 [1 1 1 1 1]
 [1 1 1 1 1]
 [1 1 1 1 1]
 [1 1 1 1 1]
 [1 1 1 1 1]
 [1 1 1 1 1]
 [1 1 1 1 1]
 [1 1 1 1 1]]
Q is not identifiable (two-column submatrix not identifiable).
Q is not identifiable, and Q_bar is [[1 1 0 1 1]
 [1 1 1 1 0]
 [1 1 0 1 1]
 [1 1 0 1 1]
 [1 1 0 1 1]
 [1 1 1 0 1]
 [1 1 0 1 1]
 [0 1 1 1 1]
 [1 1 0 1 1]
 [0 1 0 1 0]
 [1 0 0 1 1]
 [1 1 0 1 1]
 [1 1 0 1 1]
 [1 1 1 0 0]
 [1 1 0 1 1]
 [1 1 0 1 1]
 [1 1 1 0 1]
 [1 1 0 1 1]
 [1 1 0 1 1]
 [1 1 0 1 1]
 [1 1 0 1 1]
 [1 1 0 1 1]
 [1 1 0 1 1]
 [1 1 0 1 1]
 [1 1 0 1 1]]
branch at 2
runtime for solving id of Q is 0.0005156584084033966
Simulation results:
{'J': 25, 'K': 5, 'N': 10, 'p': 0.9, 'seed': 96, 'sim': 3, 'runtime': 0.0005156584084033966, 'identifiable': 0, 'branch': 2}
4
Q: [[1 1 1 1 1]
 [1 1 1 1 1]
 [1 1 1 1 1]
 [1 1 1 1 1]
 [1 1 1 1 1]
 [1 1 1 1 1]
 [0 1 1 1 1]
 [1 1 0 1 1]
 [0 1 1 1 1]
 [1 1 1 0 1]
 [0 0 1 1 1]
 [1 1 0 1 1]
 [1 1 1 1 1]
 [1 1 1 0 1]
 [1 1 1 1 1]
 [1 0 1 1 1]
 [1 1 0 1 1]
 [1 1 1 1 0]
 [1 1 1 1 1]
 [0 1 1 1 1]
 [1 1 0 1 1]
 [1 1 1 1 0]
 [1 1 1 1 1]
 [1 1 1 1 1]
 [1 1 1 1 1]]
Q is not identifiable (three-column submatrix not identifiable).
Q is not identifiable, and Q_bar is [[1 1 1 1 1]
 [1 1 1 1 1]
 [1 1 1 1 1]
 [1 1 1 1 1]
 [1 1 1 1 1]
 [1 1 1 1 1]
 [0 1 1 1 1]
 [1 1 0 1 1]
 [0 1 1 1 1]
 [1 1 1 0 1]
 [1 0 0 0 1]
 [1 1 0 1 1]
 [1 1 1 1 1]
 [1 1 1 0 1]
 [1 1 1 1 1]
 [1 0 1 1 1]
 [1 1 0 1 1]
 [1 1 1 1 0]
 [1 1 1 1 1]
 [0 1 1 1 1]
 [1 1 0 1 1]
 [1 1 1 1 0]
 [1 1 1 1 1]
 [1 1 1 1 1]
 [1 1 1 1 1]]
branch at 3
runtime for solving id of Q is 0.0005879555828869343
Simulation results:
{'J': 25, 'K': 5, 'N': 10, 'p': 0.9, 'seed': 96, 'sim': 4, 'runtime': 0.0005879555828869343, 'identifiable': 0, 'branch': 3}
5
Q: [[1 1 1 1 1]
 [1 1 1 1 1]
 [1 1 1 1 0]
 [0 1 1 1 1]
 [0 1 1 1 1]
 [1 0 1 1 1]
 [0 1 1 1 1]
 [1 1 1 1 1]
 [1 0 1 1 1]
 [1 1 1 1 1]
 [1 1 1 1 1]
 [0 1 1 1 1]
 [1 1 1 1 1]
 [1 1 1 1 1]
 [1 1 1 1 0]
 [1 1 1 1 1]
 [1 1 1 1 1]
 [1 1 1 1 0]
 [1 1 1 1 1]
 [1 1 1 1 1]
 [1 1 1 0 1]
 [1 1 1 1 1]
 [1 1 1 1 1]
 [1 1 1 1 1]
 [1 1 1 1 1]]
Q_basis with dimensions J < K, thus not identifiable.
Q is not identifiable, and Q_bar is [[1 1 0 0 0]
 [1 1 0 0 0]
 [0 0 0 1 0]
 [1 0 0 0 0]
 [1 0 0 0 0]
 [0 1 0 0 0]
 [1 0 0 0 0]
 [1 1 0 0 0]
 [0 1 0 0 0]
 [1 1 0 0 0]
 [1 1 0 0 0]
 [1 0 0 0 0]
 [1 1 0 0 0]
 [1 1 0 0 0]
 [0 0 0 1 0]
 [1 1 0 0 0]
 [1 1 0 0 0]
 [0 0 0 1 0]
 [1 1 0 0 0]
 [1 1 0 0 0]
 [0 0 1 0 0]
 [1 1 0 0 0]
 [1 1 0 0 0]
 [1 1 0 0 0]
 [1 1 0 0 0]]
branch at -1
runtime for solving id of Q is 0.00044263387098908424
Simulation results:
{'J': 25, 'K': 5, 'N': 10, 'p': 0.9, 'seed': 96, 'sim': 5, 'runtime': 0.00044263387098908424, 'identifiable': 0, 'branch': -1}
6
Q: [[1 1 0 1 1]
 [0 1 1 1 1]
 [1 1 1 1 1]
 [1 1 1 1 1]
 [1 1 1 1 0]
 [1 1 1 1 1]
 [1 1 1 0 1]
 [1 1 1 0 1]
 [1 1 1 1 1]
 [1 1 0 1 1]
 [1 1 1 0 1]
 [1 1 1 0 0]
 [1 1 1 1 1]
 [1 1 1 1 1]
 [1 1 1 1 0]
 [1 1 1 1 1]
 [0 1 1 1 1]
 [0 0 1 1 1]
 [1 1 1 1 1]
 [1 1 1 1 0]
 [1 1 1 1 1]
 [1 1 1 1 1]
 [1 1 0 1 1]
 [1 1 1 1 1]
 [1 1 1 1 0]]
Q is not identifiable (two-column submatrix not identifiable).
Q is not identifiable, and Q_bar is [[1 0 0 1 1]
 [0 1 1 1 1]
 [1 0 1 1 1]
 [1 0 1 1 1]
 [1 0 1 1 0]
 [1 0 1 1 1]
 [1 0 1 0 1]
 [1 0 1 0 1]
 [1 0 1 1 1]
 [1 0 0 1 1]
 [1 0 1 0 1]
 [1 0 1 0 0]
 [1 0 1 1 1]
 [1 0 1 1 1]
 [1 0 1 1 0]
 [1 0 1 1 1]
 [0 1 1 1 1]
 [0 0 1 1 1]
 [1 0 1 1 1]
 [1 0 1 1 0]
 [1 0 1 1 1]
 [1 0 1 1 1]
 [1 0 0 1 1]
 [1 0 1 1 1]
 [1 0 1 1 0]]
branch at 2
runtime for solving id of Q is 0.0004621320404112339
Simulation results:
{'J': 25, 'K': 5, 'N': 10, 'p': 0.9, 'seed': 96, 'sim': 6, 'runtime': 0.0004621320404112339, 'identifiable': 0, 'branch': 2}
7
Q: [[0 1 1 1 1]
 [1 1 1 1 1]
 [0 1 1 1 0]
 [1 1 1 1 1]
 [1 1 1 1 1]
 [1 0 1 1 1]
 [0 0 1 1 1]
 [1 1 0 0 1]
 [1 1 0 1 0]
 [1 0 1 1 1]
 [1 1 0 1 1]
 [1 1 1 0 1]
 [1 1 1 1 1]
 [1 1 1 1 1]
 [1 1 1 1 1]
 [1 0 0 1 1]
 [1 0 1 1 1]
 [1 1 1 1 1]
 [1 1 1 1 1]
 [1 1 1 1 1]
 [1 1 1 1 1]
 [1 1 1 1 1]
 [0 1 0 1 1]
 [1 1 1 1 1]
 [1 1 1 1 1]]
Q is not identifiable (three-column submatrix not identifiable).
Q is not identifiable, and Q_bar is [[0 1 1 1 1]
 [1 1 1 1 1]
 [0 1 1 1 0]
 [1 1 1 1 1]
 [1 1 1 1 1]
 [1 1 1 1 1]
 [0 1 1 0 0]
 [1 1 0 0 1]
 [1 1 0 1 0]
 [1 1 1 1 1]
 [1 1 0 1 1]
 [1 1 1 0 1]
 [1 1 1 1 1]
 [1 1 1 1 1]
 [1 1 1 1 1]
 [1 0 0 1 1]
 [1 1 1 1 1]
 [1 1 1 1 1]
 [1 1 1 1 1]
 [1 1 1 1 1]
 [1 1 1 1 1]
 [1 1 1 1 1]
 [0 1 0 1 1]
 [1 1 1 1 1]
 [1 1 1 1 1]]
branch at 3
runtime for solving id of Q is 0.0007249149493873119
Simulation results:
{'J': 25, 'K': 5, 'N': 10, 'p': 0.9, 'seed': 96, 'sim': 7, 'runtime': 0.0007249149493873119, 'identifiable': 0, 'branch': 3}
8
Q: [[0 0 1 0 1]
 [1 1 1 1 1]
 [1 1 1 1 1]
 [0 1 1 0 0]
 [1 1 1 1 1]
 [1 1 1 1 1]
 [1 1 1 1 1]
 [0 1 1 1 1]
 [1 1 1 1 1]
 [1 1 1 1 1]
 [1 1 1 1 1]
 [0 1 1 1 0]
 [1 1 1 0 1]
 [1 1 1 0 1]
 [1 1 1 1 1]
 [1 1 1 1 1]
 [1 1 0 1 1]
 [1 1 1 0 1]
 [1 1 1 1 1]
 [1 1 1 1 1]
 [0 0 1 1 1]
 [1 1 0 1 1]
 [1 1 1 1 1]
 [1 0 0 1 1]
 [1 1 1 1 1]]
Q is not identifiable (two-column submatrix not identifiable).
Q is not identifiable, and Q_bar is [[0 0 1 0 1]
 [1 1 1 1 0]
 [1 1 1 1 0]
 [0 1 1 0 0]
 [1 1 1 1 0]
 [1 1 1 1 0]
 [1 1 1 1 0]
 [0 1 1 1 1]
 [1 1 1 1 0]
 [1 1 1 1 0]
 [1 1 1 1 0]
 [0 1 1 1 0]
 [1 1 1 0 0]
 [1 1 1 0 0]
 [1 1 1 1 0]
 [1 1 1 1 0]
 [1 1 0 1 0]
 [1 1 1 0 0]
 [1 1 1 1 0]
 [1 1 1 1 0]
 [0 0 1 1 1]
 [1 1 0 1 0]
 [1 1 1 1 0]
 [1 0 0 1 0]
 [1 1 1 1 0]]
branch at 2
runtime for solving id of Q is 0.0005248589441180229
Simulation results:
{'J': 25, 'K': 5, 'N': 10, 'p': 0.9, 'seed': 96, 'sim': 8, 'runtime': 0.0005248589441180229, 'identifiable': 0, 'branch': 2}
9
Q: [[1 1 1 1 1]
 [1 1 1 1 1]
 [1 1 1 1 1]
 [1 0 1 1 1]
 [1 1 1 1 1]
 [1 1 0 1 1]
 [1 1 1 1 1]
 [1 1 1 1 1]
 [1 1 1 1 1]
 [1 1 1 1 1]
 [1 0 1 1 1]
 [1 1 1 1 1]
 [1 1 1 1 1]
 [1 1 1 1 1]
 [1 1 1 1 1]
 [1 1 1 1 1]
 [1 1 1 1 1]
 [1 1 1 1 1]
 [1 1 1 1 1]
 [1 1 1 1 1]
 [1 1 1 1 0]
 [1 1 1 1 1]
 [1 1 1 1 1]
 [1 1 1 1 1]
 [1 1 1 1 1]]
Q_basis with dimensions J < K, thus not identifiable.
Q is not identifiable, and Q_bar is [[1 1 0 0 0]
 [1 1 0 0 0]
 [1 1 0 0 0]
 [1 0 0 0 0]
 [1 1 0 0 0]
 [0 1 0 0 0]
 [1 1 0 0 0]
 [1 1 0 0 0]
 [1 1 0 0 0]
 [1 1 0 0 0]
 [1 0 0 0 0]
 [1 1 0 0 0]
 [1 1 0 0 0]
 [1 1 0 0 0]
 [1 1 0 0 0]
 [1 1 0 0 0]
 [1 1 0 0 0]
 [1 1 0 0 0]
 [1 1 0 0 0]
 [1 1 0 0 0]
 [0 0 1 0 0]
 [1 1 0 0 0]
 [1 1 0 0 0]
 [1 1 0 0 0]
 [1 1 0 0 0]]
branch at -1
runtime for solving id of Q is 0.0003649829886853695
Simulation results:
{'J': 25, 'K': 5, 'N': 10, 'p': 0.9, 'seed': 96, 'sim': 9, 'runtime': 0.0003649829886853695, 'identifiable': 0, 'branch': -1}
Simulation results:
[{'J': 25, 'K': 5, 'N': 10, 'p': 0.9, 'seed': 96, 'sim': 0, 'runtime': 0.0006791152991354465, 'identifiable': 0, 'branch': 3}, {'J': 25, 'K': 5, 'N': 10, 'p': 0.9, 'seed': 96, 'sim': 1, 'runtime': 0.0006188186816871166, 'identifiable': 0, 'branch': 3}, {'J': 25, 'K': 5, 'N': 10, 'p': 0.9, 'seed': 96, 'sim': 2, 'runtime': 0.0005886680446565151, 'identifiable': 0, 'branch': 3}, {'J': 25, 'K': 5, 'N': 10, 'p': 0.9, 'seed': 96, 'sim': 3, 'runtime': 0.0005156584084033966, 'identifiable': 0, 'branch': 2}, {'J': 25, 'K': 5, 'N': 10, 'p': 0.9, 'seed': 96, 'sim': 4, 'runtime': 0.0005879555828869343, 'identifiable': 0, 'branch': 3}, {'J': 25, 'K': 5, 'N': 10, 'p': 0.9, 'seed': 96, 'sim': 5, 'runtime': 0.00044263387098908424, 'identifiable': 0, 'branch': -1}, {'J': 25, 'K': 5, 'N': 10, 'p': 0.9, 'seed': 96, 'sim': 6, 'runtime': 0.0004621320404112339, 'identifiable': 0, 'branch': 2}, {'J': 25, 'K': 5, 'N': 10, 'p': 0.9, 'seed': 96, 'sim': 7, 'runtime': 0.0007249149493873119, 'identifiable': 0, 'branch': 3}, {'J': 25, 'K': 5, 'N': 10, 'p': 0.9, 'seed': 96, 'sim': 8, 'runtime': 0.0005248589441180229, 'identifiable': 0, 'branch': 2}, {'J': 25, 'K': 5, 'N': 10, 'p': 0.9, 'seed': 96, 'sim': 9, 'runtime': 0.0003649829886853695, 'identifiable': 0, 'branch': -1}]
