
The Gurobi software has a limited number of licenses. To request a license or
licenses, add this line

    #SBATCH --licenses=gurobi@slurmdb:1

to your SBATCH script, replacing N with the number of licenses you need. Gurobi
will need one license per process.


0
Q: [[1 1 0 1 0 0 1 1 1 1]
 [0 1 1 1 1 1 0 0 1 1]
 [1 1 1 0 1 0 0 1 1 1]
 [1 1 0 1 1 1 1 0 1 1]
 [1 1 1 1 1 1 1 1 0 0]
 [1 1 1 0 1 0 0 1 1 1]
 [0 1 0 1 1 1 1 0 1 0]
 [1 1 1 1 1 1 0 1 1 1]
 [0 1 1 0 0 1 1 1 1 1]
 [0 1 1 0 0 1 0 1 1 1]
 [1 1 0 1 1 1 1 1 1 0]
 [0 0 1 0 1 0 1 1 0 1]
 [1 0 1 0 0 1 1 1 0 1]
 [1 1 1 1 1 1 1 1 0 1]
 [0 1 0 1 1 1 1 0 0 0]
 [1 0 0 1 1 1 1 1 1 1]
 [1 1 0 1 1 1 1 0 0 1]
 [1 1 1 0 1 1 0 0 1 1]
 [1 1 0 0 0 1 1 1 1 1]
 [1 0 1 0 1 1 1 1 1 0]
 [0 1 1 0 1 1 0 1 1 1]
 [1 1 1 1 0 0 1 1 1 1]
 [1 1 1 0 1 0 1 1 1 0]
 [1 1 1 1 1 1 1 1 0 1]
 [1 1 1 0 1 0 1 1 1 1]
 [1 1 1 0 1 1 1 0 1 0]
 [0 1 0 1 0 1 1 1 0 1]
 [1 1 0 0 1 1 0 0 1 1]
 [1 1 1 1 0 1 1 1 0 1]
 [1 1 0 1 0 0 1 1 1 0]
 [0 1 0 0 1 0 0 1 1 0]
 [0 1 1 1 1 1 1 0 0 1]
 [1 0 1 1 0 1 0 1 0 0]
 [1 0 1 1 1 1 1 1 0 1]
 [0 1 0 0 1 0 1 1 1 1]
 [1 1 1 0 1 1 0 0 1 0]
 [1 0 1 0 1 0 1 1 0 1]
 [1 0 1 0 1 1 1 0 0 1]
 [0 1 1 1 1 0 1 1 1 0]
 [0 1 1 1 1 1 1 1 1 1]
 [1 1 1 1 1 1 1 1 0 1]
 [0 1 1 1 0 0 1 1 1 0]
 [1 1 1 1 1 1 1 1 1 0]
 [1 1 1 1 1 0 0 0 1 0]
 [1 1 1 1 1 1 0 0 1 0]
 [1 1 1 1 0 1 0 0 1 1]
 [0 0 1 0 0 1 1 0 1 1]
 [0 1 0 1 1 1 0 1 1 1]
 [0 1 0 1 1 1 1 0 1 0]
 [0 0 1 1 1 1 0 0 1 1]
 [1 1 1 0 0 1 1 1 1 1]
 [1 0 1 1 1 1 0 1 1 1]
 [1 1 0 1 1 1 0 0 1 1]
 [1 0 1 1 1 1 1 0 0 0]
 [0 1 0 1 1 1 1 1 1 1]
 [1 1 1 1 1 1 1 0 1 1]
 [1 1 0 1 1 0 1 1 1 1]
 [0 1 0 1 1 1 1 1 1 1]
 [0 1 0 0 0 1 1 1 0 0]
 [1 0 1 1 1 1 1 0 1 1]
 [0 1 1 0 1 1 0 0 1 1]
 [1 0 1 0 1 1 1 0 1 1]
 [0 1 0 1 1 1 1 1 0 0]
 [1 0 1 1 1 1 1 1 0 1]
 [1 1 0 1 0 1 1 1 1 1]
 [0 0 0 1 0 1 1 1 1 0]
 [0 0 0 1 0 0 1 1 1 0]
 [0 1 0 1 1 1 0 1 1 0]
 [1 1 1 1 1 1 1 0 0 1]
 [1 0 1 1 1 1 1 0 1 0]
 [1 0 0 1 0 1 1 0 1 0]
 [1 1 0 0 1 0 1 0 0 1]
 [0 0 0 1 0 1 1 1 1 1]
 [1 1 1 1 1 1 1 0 1 1]
 [1 1 1 1 1 1 0 0 1 1]
 [0 1 0 1 1 1 1 1 0 1]
 [1 1 1 1 1 1 0 0 0 0]
 [1 0 0 1 0 0 1 0 0 1]
 [0 0 1 1 1 1 1 0 1 1]
 [1 0 1 1 1 0 1 1 1 0]
 [1 1 0 1 0 1 1 0 0 0]
 [0 0 0 1 1 0 1 1 0 1]
 [0 1 1 1 1 0 1 1 0 0]
 [1 1 1 1 0 1 1 0 0 1]
 [0 1 0 1 0 1 1 1 0 1]
 [1 1 1 1 0 1 0 1 0 1]
 [1 0 1 1 1 1 1 1 1 1]
 [1 1 1 1 0 1 0 1 0 1]
 [1 1 1 0 0 0 0 0 1 1]
 [0 1 1 1 1 1 1 0 1 0]
 [1 1 1 0 1 1 1 1 1 0]
 [1 0 1 1 1 1 0 1 0 1]
 [1 1 1 1 1 1 1 0 1 0]
 [0 1 1 1 1 1 1 1 1 1]
 [1 1 0 1 1 1 0 0 0 1]
 [1 1 0 0 1 1 0 1 1 1]
 [1 1 1 1 1 1 0 1 0 0]
 [1 1 1 0 1 1 1 0 1 1]
 [0 1 1 1 1 1 0 0 1 1]
 [0 0 1 0 1 1 1 0 1 0]]
{'restarts': 16, 'conflicts': 4058, 'decisions': 8530, 'propagations': 3856119}
Q is identifiable
branch at 6
runtime for solving id of Q is 0.7012029960751534
Simulation results:
{'J': 100, 'K': 10, 'N': 10, 'p': 0.7, 'seed': 355, 'sim': 0, 'runtime': 0.7012029960751534, 'identifiable': 1, 'branch': 6}
1
Q: [[1 1 1 1 0 1 1 1 1 0]
 [1 1 1 1 0 0 1 0 1 1]
 [1 1 0 1 1 0 0 0 1 1]
 [0 1 1 1 1 1 1 0 1 1]
 [0 1 1 1 1 1 0 1 0 0]
 [1 1 0 0 1 1 1 1 0 1]
 [1 0 1 1 1 1 0 1 0 1]
 [1 1 1 1 1 0 0 1 1 1]
 [0 1 1 1 1 1 1 1 1 0]
 [0 1 1 1 1 1 1 0 1 1]
 [0 1 1 1 1 0 1 1 0 1]
 [0 0 0 1 1 1 0 1 1 1]
 [1 1 0 1 1 1 1 0 1 1]
 [1 1 1 0 1 1 0 0 0 1]
 [1 0 1 1 1 1 0 1 1 1]
 [1 1 0 0 1 1 1 1 1 0]
 [1 1 1 1 1 0 0 1 1 1]
 [0 0 1 1 1 1 1 0 0 0]
 [1 1 0 1 1 1 1 1 1 1]
 [1 1 1 0 0 1 1 1 1 1]
 [0 1 1 1 1 0 1 1 1 0]
 [1 1 1 1 1 1 0 1 1 1]
 [1 1 0 0 1 1 1 1 1 1]
 [1 0 0 1 1 1 0 0 0 1]
 [1 1 1 0 1 0 1 1 1 1]
 [0 1 0 1 1 0 0 1 1 1]
 [0 0 1 0 1 1 1 0 1 1]
 [0 1 1 0 1 1 0 1 0 0]
 [1 1 1 1 0 1 0 1 1 1]
 [0 1 1 1 1 1 1 0 1 1]
 [1 0 1 1 0 1 1 1 0 0]
 [1 1 1 1 0 1 0 0 1 1]
 [1 0 0 1 1 1 1 1 0 1]
 [1 1 0 0 1 1 0 0 1 0]
 [1 0 1 1 1 1 1 1 1 1]
 [0 1 1 1 0 0 1 0 1 1]
 [1 1 0 1 1 1 1 1 1 0]
 [0 0 0 0 0 1 0 1 1 1]
 [1 0 1 1 1 1 1 0 0 1]
 [0 0 1 1 1 1 1 0 1 1]
 [0 1 1 1 1 1 1 1 1 0]
 [1 1 1 1 1 1 0 1 1 0]
 [1 1 0 0 1 1 1 1 1 1]
 [1 1 1 0 1 0 1 0 1 1]
 [1 1 1 1 1 0 0 1 1 1]
 [1 0 0 1 0 1 0 1 1 1]
 [0 0 1 0 1 1 0 0 1 1]
 [0 0 1 0 1 0 1 1 1 1]
 [1 1 0 0 0 0 1 1 1 1]
 [0 0 0 1 1 1 0 1 1 0]
 [1 0 1 1 1 1 1 1 0 1]
 [0 1 1 1 1 1 0 0 0 1]
 [0 1 1 1 0 0 0 1 1 0]
 [1 1 0 1 1 1 1 1 1 1]
 [0 1 1 1 1 1 0 1 1 1]
 [1 1 1 0 0 1 1 1 1 1]
 [1 1 1 0 1 1 1 1 0 1]
 [1 1 0 1 0 1 1 1 1 0]
 [1 1 0 1 0 1 1 1 1 1]
 [0 1 0 0 1 0 1 1 1 1]
 [1 0 0 1 1 1 1 1 1 0]
 [1 1 1 1 0 1 1 1 1 1]
 [1 1 1 1 1 1 1 0 1 1]
 [1 1 1 1 1 0 1 1 1 1]
 [0 0 0 1 1 0 0 0 1 0]
 [0 1 0 0 0 1 0 1 1 0]
 [0 1 1 1 1 1 0 1 1 1]
 [1 1 0 1 0 0 0 1 0 1]
 [0 1 0 1 1 0 0 0 1 0]
 [0 1 1 0 0 1 1 1 0 1]
 [1 1 1 1 1 1 1 0 1 1]
 [1 1 1 0 1 1 1 0 1 1]
 [1 1 0 0 0 1 1 1 1 0]
 [1 1 1 1 0 1 0 1 1 0]
 [0 1 0 1 0 0 1 0 0 1]
 [1 0 0 1 1 0 0 1 1 1]
 [0 1 1 1 1 0 0 1 1 1]
 [0 1 0 1 1 1 1 1 1 0]
 [1 1 1 1 1 1 1 1 1 0]
 [1 0 1 0 0 1 0 0 1 1]
 [1 1 0 1 1 1 0 1 1 1]
 [1 1 1 0 1 0 1 1 1 0]
 [1 0 0 0 1 1 1 1 0 0]
 [1 0 0 0 0 1 1 0 0 1]
 [0 1 0 1 0 1 1 1 0 0]
 [0 0 0 0 0 0 0 0 0 1]
 [1 1 0 0 1 1 0 1 0 1]
 [1 1 1 0 1 0 1 0 1 1]
 [1 0 0 1 1 1 1 0 1 1]
 [1 1 0 1 1 1 1 1 1 1]
 [0 1 1 1 0 0 1 1 1 1]
 [0 0 1 1 1 1 1 1 1 0]
 [1 0 1 0 0 1 1 0 0 1]
 [1 1 1 1 1 0 0 1 1 1]
 [1 0 1 1 1 1 1 1 1 1]
 [0 1 1 1 1 1 0 1 1 1]
 [1 0 0 1 1 1 1 0 1 1]
 [1 1 1 1 1 1 1 1 1 1]
 [1 0 1 0 0 1 1 1 0 1]
 [1 0 1 1 1 1 1 0 1 0]]
{'restarts': 4, 'conflicts': 1113, 'decisions': 2565, 'propagations': 954190}
Q is identifiable
branch at 6
runtime for solving id of Q is 0.38465156592428684
Simulation results:
{'J': 100, 'K': 10, 'N': 10, 'p': 0.7, 'seed': 355, 'sim': 1, 'runtime': 0.38465156592428684, 'identifiable': 1, 'branch': 6}
2
Q: [[1 0 1 0 1 1 1 0 1 1]
 [1 1 0 0 1 0 1 1 1 1]
 [1 0 1 0 1 0 1 1 1 1]
 [0 0 1 1 1 1 1 0 1 1]
 [1 1 1 0 0 0 1 1 1 0]
 [0 0 0 1 1 1 1 1 0 0]
 [0 0 1 1 0 1 0 0 0 1]
 [1 1 1 1 0 1 1 1 0 1]
 [0 1 1 1 1 1 1 0 0 1]
 [1 1 1 1 1 1 0 0 0 0]
 [0 1 0 1 1 1 1 0 1 1]
 [0 0 1 0 0 1 1 1 0 1]
 [0 1 1 1 1 1 0 1 1 1]
 [0 1 1 1 1 1 1 1 1 1]
 [1 1 1 1 1 1 0 1 1 1]
 [0 1 1 1 1 1 1 1 0 0]
 [0 0 0 1 1 0 1 1 1 1]
 [1 1 1 1 0 0 1 1 1 0]
 [1 0 0 1 0 1 0 0 1 0]
 [1 1 0 1 1 1 0 0 0 1]
 [1 0 1 1 1 1 1 1 0 1]
 [0 1 1 1 1 1 1 1 1 1]
 [0 0 0 0 1 1 1 1 0 0]
 [1 1 1 0 1 1 0 1 0 1]
 [0 1 0 1 1 1 1 1 0 0]
 [1 1 1 1 1 1 1 1 1 1]
 [1 0 1 1 1 1 1 0 0 1]
 [0 0 1 0 1 0 1 1 0 1]
 [0 1 1 1 1 0 0 1 1 1]
 [0 1 1 1 1 1 0 1 1 1]
 [0 1 0 1 1 1 1 1 1 1]
 [1 0 1 1 1 1 0 1 1 1]
 [1 1 1 0 0 1 1 1 1 1]
 [0 0 1 1 1 1 1 1 1 1]
 [0 1 1 1 0 1 0 1 1 0]
 [1 1 1 1 0 0 1 1 1 1]
 [0 0 1 1 1 0 0 0 0 1]
 [0 0 1 0 1 1 1 1 1 0]
 [0 1 1 1 1 1 0 0 1 1]
 [1 1 0 1 1 1 0 0 1 1]
 [1 0 1 0 0 1 1 1 1 1]
 [1 1 1 1 0 1 1 1 1 1]
 [1 1 1 1 0 1 1 1 1 1]
 [1 0 1 0 0 1 1 1 1 1]
 [0 0 0 0 0 1 0 1 1 1]
 [1 0 1 1 1 0 1 1 1 1]
 [1 0 0 0 0 1 0 1 1 1]
 [1 0 1 1 0 0 0 1 1 1]
 [1 1 0 1 0 1 0 0 1 0]
 [1 0 0 1 1 1 0 1 1 0]
 [0 0 1 1 1 1 1 1 1 1]
 [0 0 1 1 1 1 1 0 1 1]
 [1 1 1 0 0 0 1 1 1 1]
 [1 1 0 1 0 1 1 0 1 1]
 [1 1 1 1 0 0 0 1 0 1]
 [1 1 1 1 0 0 0 1 0 1]
 [1 1 1 1 1 0 1 1 1 1]
 [0 1 1 0 1 1 1 1 0 1]
 [1 1 1 1 0 0 1 1 1 1]
 [1 1 1 1 1 1 1 1 1 1]
 [0 1 1 0 1 0 0 1 0 1]
 [1 1 0 1 0 1 1 1 1 1]
 [0 1 0 1 1 1 1 0 0 1]
 [1 0 0 1 1 1 1 1 1 1]
 [1 0 0 1 1 1 1 0 1 1]
 [0 1 1 1 0 1 1 0 1 0]
 [0 1 0 1 0 1 0 1 1 1]
 [1 1 1 1 1 1 1 1 1 1]
 [1 0 1 1 0 1 1 1 1 1]
 [1 0 1 0 0 1 0 1 1 1]
 [1 1 1 1 1 1 1 1 1 1]
 [1 0 1 0 0 1 0 1 1 0]
 [1 1 1 1 1 0 1 1 0 1]
 [0 1 1 0 0 1 1 1 1 0]
 [1 1 1 0 1 1 1 0 1 1]
 [0 0 0 1 1 0 0 1 1 1]
 [1 1 1 1 1 0 1 1 1 1]
 [1 0 0 1 1 1 1 1 1 1]
 [1 0 1 1 1 1 0 1 1 1]
 [0 1 1 0 0 0 1 1 1 0]
 [1 1 1 1 0 1 0 1 1 0]
 [1 1 1 0 1 0 1 1 0 1]
 [1 1 1 1 1 1 1 1 0 1]
 [1 1 1 1 1 1 1 1 1 0]
 [0 1 1 0 1 1 0 1 1 0]
 [0 0 1 1 1 0 1 1 1 1]
 [1 1 1 0 0 1 0 1 0 1]
 [1 1 1 0 1 1 0 0 0 0]
 [0 0 1 0 0 1 1 1 0 1]
 [1 1 0 1 1 0 1 1 1 0]
 [0 1 1 1 1 1 1 1 1 0]
 [1 1 1 0 1 1 1 1 0 0]
 [1 1 0 1 0 1 0 1 0 0]
 [0 1 1 1 1 1 0 0 0 0]
 [1 1 1 1 1 1 0 0 1 1]
 [0 0 1 1 1 1 1 0 0 1]
 [1 1 1 0 1 1 1 1 1 1]
 [1 1 1 1 0 1 1 1 0 0]
 [0 1 1 1 1 0 1 0 1 0]
 [0 1 0 1 1 0 1 0 1 1]]
{'restarts': 12, 'conflicts': 2504, 'decisions': 5495, 'propagations': 2601882}
Q is identifiable
branch at 6
runtime for solving id of Q is 0.5025749858468771
Simulation results:
{'J': 100, 'K': 10, 'N': 10, 'p': 0.7, 'seed': 355, 'sim': 2, 'runtime': 0.5025749858468771, 'identifiable': 1, 'branch': 6}
3
Q: [[1 1 0 1 1 1 1 1 1 1]
 [1 0 1 1 0 1 1 0 1 0]
 [1 1 0 1 0 1 1 1 1 1]
 [1 1 0 1 1 1 1 1 1 1]
 [1 1 1 1 0 1 0 1 0 1]
 [1 1 1 0 1 0 0 1 1 1]
 [0 1 1 1 0 0 1 1 1 1]
 [0 1 1 0 1 1 0 1 1 1]
 [0 1 1 1 1 0 1 1 1 1]
 [1 1 0 0 1 1 1 0 0 1]
 [0 0 1 1 1 1 1 1 1 1]
 [0 1 1 1 1 0 0 1 1 0]
 [1 1 1 1 1 0 1 1 1 1]
 [1 1 1 1 0 1 0 1 1 1]
 [1 1 1 0 1 1 1 1 1 1]
 [1 0 0 1 1 1 1 1 1 1]
 [1 1 1 1 1 1 1 0 1 0]
 [1 1 1 1 1 1 1 1 1 1]
 [0 1 1 1 1 1 1 1 1 1]
 [0 1 1 1 1 1 1 0 1 1]
 [1 1 1 1 1 0 0 0 1 0]
 [1 1 1 0 0 1 1 0 0 1]
 [0 1 1 1 1 0 1 0 1 1]
 [0 1 1 0 1 1 1 0 1 0]
 [0 1 0 0 1 0 1 0 0 1]
 [0 0 1 1 1 1 1 1 0 0]
 [1 1 1 1 1 1 1 0 1 1]
 [0 0 1 1 1 1 1 1 1 1]
 [1 0 0 0 0 1 1 0 0 1]
 [1 0 1 1 1 0 1 0 0 0]
 [0 1 1 0 1 1 1 1 1 0]
 [0 1 1 1 1 0 1 1 1 0]
 [1 1 1 1 0 0 1 1 0 1]
 [0 1 0 0 0 1 1 1 1 1]
 [1 0 1 1 1 1 1 1 1 1]
 [0 1 0 1 1 1 1 1 0 1]
 [0 0 1 1 1 0 0 0 1 1]
 [1 1 1 1 1 0 1 1 0 1]
 [0 1 1 0 0 1 0 1 1 1]
 [1 1 1 1 1 0 1 1 1 1]
 [0 1 1 0 1 1 0 0 1 0]
 [1 1 1 1 0 1 1 1 1 1]
 [1 0 0 0 0 1 1 0 1 1]
 [1 1 1 0 0 1 0 0 0 1]
 [1 1 1 0 1 1 1 1 1 1]
 [1 0 1 1 0 1 1 1 1 1]
 [0 1 0 0 1 1 1 1 1 1]
 [1 1 0 1 1 1 1 0 1 1]
 [0 0 1 1 1 1 0 1 1 0]
 [1 0 0 1 1 0 0 0 1 1]
 [1 1 1 1 1 1 0 0 1 0]
 [0 0 1 0 1 0 1 0 0 0]
 [1 1 1 0 0 0 0 1 1 1]
 [1 0 1 1 0 1 0 1 1 1]
 [1 1 0 1 1 1 0 1 0 1]
 [1 1 1 1 1 1 1 1 1 0]
 [1 1 1 1 1 1 1 1 1 1]
 [1 1 1 1 1 1 1 1 1 0]
 [1 1 1 1 0 0 0 1 1 1]
 [1 1 0 1 1 1 0 1 1 1]
 [0 1 1 1 0 1 1 1 0 1]
 [1 1 1 0 1 1 1 1 1 1]
 [1 1 1 1 0 1 1 1 0 1]
 [0 1 0 1 1 1 0 0 0 1]
 [0 1 1 1 1 1 1 1 1 1]
 [0 1 0 1 1 0 0 1 0 1]
 [0 1 1 1 1 1 1 0 0 1]
 [0 0 0 1 0 1 1 0 1 1]
 [1 1 1 1 1 1 0 0 1 0]
 [1 1 1 0 1 1 0 0 0 0]
 [0 1 1 1 0 1 0 1 0 1]
 [1 0 1 1 1 0 1 1 1 0]
 [1 0 1 1 1 0 1 1 0 1]
 [1 1 1 1 1 1 1 1 0 0]
 [1 1 1 1 1 1 1 0 1 1]
 [0 0 1 1 1 1 1 1 1 0]
 [1 1 1 0 1 1 0 1 1 1]
 [1 1 0 1 1 1 1 1 1 0]
 [1 0 1 1 1 1 1 1 1 0]
 [1 1 1 1 0 1 1 1 1 1]
 [1 1 1 1 0 1 1 1 1 1]
 [1 1 1 1 1 1 1 1 1 0]
 [0 0 0 1 0 0 0 1 0 0]
 [1 1 1 1 0 1 1 1 1 1]
 [0 1 1 1 1 1 1 1 1 1]
 [1 1 0 1 1 1 1 1 1 1]
 [1 1 1 0 0 0 1 1 0 1]
 [1 0 0 1 1 1 0 0 1 1]
 [0 1 1 1 1 0 0 1 0 1]
 [1 0 1 1 1 0 1 0 0 1]
 [1 1 1 1 0 1 0 1 0 0]
 [1 1 1 1 1 0 0 1 1 1]
 [1 0 1 0 1 1 0 1 1 1]
 [0 1 1 1 1 0 1 1 1 1]
 [0 1 1 1 1 1 1 1 1 0]
 [0 1 1 0 1 1 1 1 0 0]
 [1 1 1 1 0 1 1 0 1 0]
 [1 0 0 1 0 1 1 0 0 0]
 [1 1 1 0 1 1 1 1 1 1]
 [1 1 1 1 1 1 0 1 0 1]]
{'restarts': 5, 'conflicts': 2203, 'decisions': 4238, 'propagations': 1583112}
Q is identifiable
branch at 6
runtime for solving id of Q is 0.3272360125556588
Simulation results:
{'J': 100, 'K': 10, 'N': 10, 'p': 0.7, 'seed': 355, 'sim': 3, 'runtime': 0.3272360125556588, 'identifiable': 1, 'branch': 6}
4
Q: [[1 1 1 1 1 1 0 1 0 1]
 [0 0 1 1 1 1 1 0 1 1]
 [0 1 1 1 1 0 1 0 1 1]
 [0 1 1 1 0 1 0 1 1 0]
 [1 1 1 1 1 1 1 1 0 0]
 [1 1 1 0 0 1 0 1 1 0]
 [1 1 1 1 1 0 1 1 1 1]
 [1 0 0 1 1 0 1 1 1 1]
 [1 1 1 0 0 0 1 0 1 1]
 [1 0 1 1 0 1 0 1 1 1]
 [0 1 1 1 0 1 1 0 0 0]
 [1 1 0 1 1 1 0 1 1 1]
 [0 1 1 0 1 0 0 1 0 1]
 [1 1 1 1 1 1 1 1 1 0]
 [1 1 0 1 0 1 1 1 0 1]
 [1 1 0 1 0 1 1 0 0 1]
 [1 1 0 1 1 0 0 1 1 0]
 [1 1 1 1 0 0 1 1 1 1]
 [0 1 1 1 0 1 1 0 1 1]
 [0 1 1 1 1 0 1 0 0 1]
 [1 1 1 1 1 1 1 1 1 1]
 [1 1 0 1 1 1 1 0 1 1]
 [1 1 0 1 0 0 1 0 0 1]
 [0 1 1 1 0 1 0 1 1 1]
 [1 1 0 0 1 1 0 1 1 0]
 [1 1 1 1 0 1 1 1 0 1]
 [1 1 1 1 0 1 1 1 1 1]
 [1 1 1 1 1 1 1 1 1 1]
 [1 1 1 1 1 1 1 1 1 1]
 [0 1 0 1 1 1 1 1 0 1]
 [1 0 1 0 0 1 0 1 1 0]
 [0 1 1 1 0 0 1 0 1 1]
 [0 1 0 0 1 0 1 1 0 0]
 [1 0 0 0 1 1 1 0 1 1]
 [1 1 1 1 0 0 1 1 0 1]
 [1 1 0 0 0 0 0 1 1 1]
 [0 1 1 0 0 1 0 1 1 0]
 [0 0 1 0 1 1 0 0 1 1]
 [1 0 1 0 0 1 1 1 1 1]
 [1 0 0 1 0 1 0 1 1 1]
 [1 1 1 1 1 1 0 1 0 1]
 [1 1 1 1 1 0 1 1 1 0]
 [1 1 0 0 1 1 1 1 0 1]
 [0 1 1 1 1 1 1 0 1 1]
 [0 0 1 0 0 1 1 0 1 1]
 [1 1 0 1 1 0 0 1 1 0]
 [0 0 1 1 0 1 1 0 1 1]
 [1 1 1 1 1 0 0 1 1 1]
 [1 0 0 1 1 1 1 0 0 1]
 [1 1 0 0 1 1 0 1 0 1]
 [1 1 1 1 1 1 1 0 1 1]
 [1 0 0 1 0 0 1 1 1 0]
 [1 1 1 1 1 1 1 1 1 1]
 [0 1 0 1 1 0 1 1 1 0]
 [1 1 0 0 0 1 1 1 1 0]
 [1 1 1 1 1 0 1 1 0 1]
 [1 1 0 1 1 1 1 0 1 1]
 [0 0 0 1 0 1 0 0 1 0]
 [1 0 1 1 1 1 1 1 1 0]
 [1 1 1 1 0 1 0 0 1 1]
 [0 0 1 0 0 0 1 0 1 0]
 [1 1 0 1 1 1 1 1 1 1]
 [0 0 1 0 1 0 1 1 1 0]
 [1 1 1 1 0 0 0 1 0 1]
 [0 1 1 1 0 0 1 1 1 1]
 [1 1 1 1 1 1 1 0 0 1]
 [1 1 1 1 1 0 0 1 0 1]
 [1 0 1 0 1 1 1 1 1 0]
 [0 1 0 1 1 1 1 0 1 1]
 [1 1 0 1 1 1 1 1 0 1]
 [0 0 1 1 1 0 0 0 1 1]
 [1 0 1 0 0 0 1 1 0 1]
 [1 1 1 1 0 1 0 1 1 1]
 [0 0 1 1 1 0 0 1 1 1]
 [1 1 1 1 1 1 1 0 0 1]
 [1 1 1 1 1 0 1 0 1 1]
 [1 1 1 1 1 1 1 1 1 1]
 [1 1 0 0 0 1 0 1 1 1]
 [1 1 0 1 1 0 1 1 1 0]
 [0 1 1 1 0 1 0 1 0 1]
 [1 1 0 1 1 1 1 0 1 1]
 [1 1 0 1 1 1 1 1 1 0]
 [0 0 0 0 1 1 1 1 0 1]
 [1 1 1 1 1 1 0 1 1 1]
 [1 1 0 0 1 0 1 1 1 1]
 [1 0 0 0 0 1 1 1 1 1]
 [1 1 0 1 1 0 1 0 1 1]
 [1 1 1 1 1 1 1 1 1 1]
 [0 0 1 1 1 1 1 0 0 1]
 [1 1 0 1 1 1 0 1 0 0]
 [1 0 1 1 1 1 1 0 0 1]
 [1 1 0 1 1 1 1 0 1 1]
 [1 1 0 0 1 0 0 0 1 1]
 [1 0 0 0 0 0 0 1 1 0]
 [1 1 0 0 0 1 1 0 1 1]
 [0 0 1 1 0 1 1 0 1 0]
 [1 0 1 1 1 1 1 1 0 0]
 [1 1 0 1 1 1 1 1 1 1]
 [1 0 1 1 1 1 1 1 1 1]
 [0 1 0 1 1 0 1 0 1 1]]
{'restarts': 10, 'conflicts': 2350, 'decisions': 4931, 'propagations': 2304823}
Q is identifiable
branch at 6
runtime for solving id of Q is 0.46718749590218067
Simulation results:
{'J': 100, 'K': 10, 'N': 10, 'p': 0.7, 'seed': 355, 'sim': 4, 'runtime': 0.46718749590218067, 'identifiable': 1, 'branch': 6}
5
Q: [[0 1 1 1 1 0 0 1 1 0]
 [1 0 1 0 0 1 1 1 1 1]
 [0 1 1 1 1 1 1 0 1 1]
 [1 1 1 0 0 1 0 0 0 1]
 [0 1 1 0 1 1 1 0 0 0]
 [1 1 1 0 1 1 0 1 0 1]
 [1 1 1 0 0 1 1 1 1 1]
 [1 1 1 0 1 0 0 0 1 1]
 [1 1 1 1 1 1 1 1 1 1]
 [1 1 1 0 0 1 1 0 1 1]
 [1 1 0 1 1 0 1 1 0 1]
 [1 0 1 1 1 0 1 1 1 1]
 [1 1 1 1 1 1 1 1 1 1]
 [0 0 1 0 1 0 1 0 0 1]
 [1 0 1 0 1 0 1 0 0 1]
 [1 1 1 1 0 1 1 1 1 1]
 [1 0 1 1 1 1 1 1 0 1]
 [1 0 0 1 1 1 1 1 1 0]
 [0 1 1 1 1 1 1 0 1 1]
 [0 0 1 0 1 1 0 0 1 1]
 [1 0 1 0 0 1 0 1 1 1]
 [1 0 1 1 1 1 1 1 1 1]
 [0 1 1 1 0 1 0 0 1 0]
 [1 1 1 1 1 1 1 1 0 1]
 [1 1 0 1 1 0 0 0 0 1]
 [0 1 0 1 1 1 1 1 1 1]
 [0 1 1 0 1 1 1 1 1 1]
 [0 1 1 1 1 1 1 0 1 1]
 [1 1 1 1 0 0 1 0 1 1]
 [1 1 1 1 1 1 1 1 0 0]
 [1 1 1 1 1 0 1 1 0 1]
 [0 1 0 0 1 0 0 1 1 0]
 [1 1 1 1 1 1 0 0 0 1]
 [1 1 1 1 1 1 1 1 0 1]
 [0 1 1 1 0 1 1 1 0 0]
 [1 1 1 1 1 1 0 1 1 1]
 [0 1 0 1 0 1 1 1 0 1]
 [0 1 0 1 0 1 0 0 0 0]
 [0 0 1 1 1 0 1 0 1 1]
 [1 1 0 1 1 1 1 1 0 1]
 [1 0 1 0 1 1 1 1 1 0]
 [0 0 0 1 0 1 1 1 1 1]
 [1 1 1 0 1 0 1 0 0 1]
 [1 0 0 0 1 1 0 1 1 0]
 [0 1 0 1 1 1 1 1 0 1]
 [1 1 1 1 0 1 1 1 0 1]
 [1 1 1 1 0 1 0 0 1 0]
 [1 0 1 1 0 1 0 1 1 1]
 [1 1 1 0 1 1 1 0 1 1]
 [1 1 1 0 1 0 0 0 0 1]
 [1 1 1 0 1 1 1 0 1 1]
 [0 1 1 1 1 1 0 0 0 1]
 [0 1 1 0 1 0 1 0 0 1]
 [1 1 0 1 1 1 1 1 1 1]
 [1 1 1 0 0 1 1 1 0 0]
 [1 0 0 1 1 1 1 1 1 0]
 [1 0 1 1 0 1 0 1 1 0]
 [1 1 1 0 1 1 0 1 1 1]
 [0 1 1 1 1 0 1 1 1 1]
 [1 0 0 0 1 0 1 1 1 0]
 [1 1 1 0 1 1 1 1 1 1]
 [1 1 1 1 1 0 0 1 0 1]
 [1 0 1 1 1 1 1 1 0 1]
 [0 1 1 1 1 0 1 1 1 1]
 [1 1 0 1 0 0 1 0 0 0]
 [0 1 0 1 0 1 1 0 1 1]
 [1 0 0 0 0 0 1 0 0 0]
 [1 0 1 1 0 1 1 1 1 1]
 [0 1 0 1 1 0 1 1 0 1]
 [1 1 1 1 1 0 0 1 0 0]
 [1 0 1 1 1 1 1 0 1 1]
 [1 0 0 0 1 0 1 0 1 0]
 [1 0 0 0 1 1 1 0 0 0]
 [1 1 0 1 0 0 1 1 1 0]
 [1 0 0 1 1 0 1 1 1 0]
 [1 1 1 1 1 1 1 0 1 0]
 [1 0 0 1 1 0 1 1 1 1]
 [1 0 0 1 1 1 1 0 0 1]
 [0 1 1 1 1 1 1 1 1 0]
 [0 1 1 0 1 0 1 1 1 0]
 [1 1 1 1 0 1 1 1 1 1]
 [0 1 1 1 1 1 1 1 0 1]
 [1 1 1 1 1 0 0 0 1 1]
 [1 0 1 1 1 1 1 0 0 1]
 [1 1 1 0 1 1 1 0 1 1]
 [1 1 1 0 0 1 0 0 1 1]
 [1 1 1 1 0 1 0 1 0 1]
 [1 1 1 1 0 1 1 1 1 0]
 [1 0 1 1 0 1 1 1 0 1]
 [1 1 1 1 1 1 1 1 1 1]
 [0 0 0 1 1 0 1 1 1 1]
 [0 1 1 1 1 1 1 1 0 1]
 [1 0 1 1 0 0 1 1 1 1]
 [0 1 1 0 0 1 1 1 1 0]
 [1 0 1 1 1 1 1 1 0 1]
 [1 1 1 0 1 0 0 0 1 1]
 [0 1 1 0 0 1 1 1 1 1]
 [1 1 1 1 0 0 0 1 1 0]
 [1 0 1 1 1 0 0 1 1 0]
 [1 1 1 1 1 0 0 1 1 1]]
{'restarts': 55, 'conflicts': 18933, 'decisions': 30500, 'propagations': 19530545}
Q is identifiable
branch at 6
runtime for solving id of Q is 2.7430511908605695
Simulation results:
{'J': 100, 'K': 10, 'N': 10, 'p': 0.7, 'seed': 355, 'sim': 5, 'runtime': 2.7430511908605695, 'identifiable': 1, 'branch': 6}
6
Q: [[1 1 1 1 1 0 1 1 1 1]
 [1 0 1 1 0 1 0 1 1 1]
 [0 1 1 1 1 1 1 1 1 1]
 [1 1 1 1 0 0 1 1 0 1]
 [1 0 0 1 1 1 1 1 0 1]
 [1 1 1 1 1 0 1 1 1 1]
 [1 1 0 1 0 1 1 1 1 0]
 [1 1 1 1 1 1 0 0 1 1]
 [1 1 1 0 1 1 1 1 0 0]
 [1 1 0 1 1 1 0 1 1 1]
 [1 1 1 1 1 1 1 1 1 1]
 [0 1 1 1 1 1 0 0 1 1]
 [1 1 1 0 1 1 0 0 1 1]
 [1 1 1 1 1 1 0 1 1 1]
 [1 1 1 1 1 0 1 1 0 0]
 [1 1 1 1 1 1 1 1 1 1]
 [0 0 1 1 1 0 1 1 0 0]
 [0 1 1 0 0 1 0 1 1 1]
 [1 0 0 0 0 0 0 1 1 0]
 [1 1 1 1 0 1 1 1 1 0]
 [0 1 1 1 1 0 1 1 1 1]
 [1 0 1 0 0 1 1 1 1 0]
 [1 0 1 0 0 0 1 0 1 1]
 [1 1 1 1 0 1 1 1 1 1]
 [0 1 1 1 1 1 0 1 1 0]
 [1 1 1 1 1 0 0 0 1 1]
 [0 1 1 0 1 1 1 1 1 1]
 [0 1 0 1 0 0 1 1 0 1]
 [1 1 1 1 1 1 1 0 1 0]
 [1 1 0 0 1 0 1 1 1 1]
 [1 1 0 1 0 1 1 1 1 1]
 [1 0 1 1 1 1 1 0 1 1]
 [1 1 0 1 1 1 1 1 0 1]
 [1 1 0 1 0 1 1 1 1 1]
 [1 0 1 0 0 1 1 1 1 1]
 [0 0 0 1 1 1 0 0 1 1]
 [1 1 1 1 1 0 1 0 1 1]
 [0 0 1 1 1 1 1 1 1 0]
 [1 0 0 0 1 1 1 0 0 1]
 [1 1 0 1 1 0 1 1 1 1]
 [1 0 1 1 0 1 1 1 1 1]
 [1 1 1 1 1 0 0 1 1 1]
 [1 0 1 1 0 1 1 1 1 1]
 [1 1 1 0 1 1 1 1 1 1]
 [0 0 1 1 1 0 1 0 1 0]
 [1 1 1 0 1 0 1 0 1 0]
 [0 0 1 1 1 0 1 0 1 1]
 [1 0 1 1 1 1 0 0 0 1]
 [1 0 1 1 1 1 1 1 1 0]
 [1 1 1 1 1 1 1 1 0 1]
 [0 1 1 1 1 1 0 1 0 0]
 [1 0 1 1 1 1 1 0 1 1]
 [0 1 1 1 1 0 1 0 1 1]
 [1 0 0 1 1 0 1 1 0 1]
 [1 0 0 1 1 1 1 0 0 1]
 [1 0 0 0 1 1 1 1 1 0]
 [1 0 1 1 0 1 0 1 0 0]
 [1 0 1 1 1 1 0 1 0 1]
 [1 1 1 0 1 1 1 1 1 1]
 [0 1 1 0 1 1 1 0 1 1]
 [0 1 1 1 1 1 0 0 1 1]
 [1 1 1 1 1 0 1 1 1 0]
 [1 0 1 0 1 1 1 1 1 0]
 [0 1 1 1 0 1 1 0 1 0]
 [1 1 1 1 1 0 0 1 0 1]
 [1 1 1 0 1 1 1 1 1 1]
 [1 1 1 1 0 1 1 1 1 0]
 [1 1 0 1 0 1 1 1 1 1]
 [1 1 1 1 0 1 0 0 1 0]
 [1 1 1 0 1 1 1 0 1 1]
 [1 1 1 1 1 1 1 1 1 1]
 [1 1 1 1 1 0 1 1 1 1]
 [0 1 0 1 1 1 0 0 0 1]
 [0 1 0 0 1 1 1 0 1 0]
 [1 1 1 1 1 1 1 1 1 1]
 [0 1 0 1 1 1 1 1 0 1]
 [1 1 0 0 1 0 1 0 1 0]
 [1 1 0 1 1 1 0 1 1 1]
 [1 0 0 0 0 1 1 1 1 0]
 [1 1 1 1 1 1 0 1 1 1]
 [1 0 1 0 0 1 0 1 1 0]
 [1 0 1 1 0 0 1 1 0 0]
 [1 1 1 0 0 1 1 1 0 1]
 [1 1 0 0 0 1 1 0 1 0]
 [1 1 1 1 1 1 0 1 1 1]
 [1 0 0 0 1 0 0 1 1 1]
 [1 1 0 1 1 0 1 1 1 1]
 [0 1 1 0 1 1 0 1 0 1]
 [1 0 1 1 1 1 1 0 1 0]
 [1 1 1 1 0 0 1 1 1 1]
 [1 1 1 1 1 1 1 0 1 1]
 [1 1 1 1 1 0 1 0 1 1]
 [0 0 1 1 1 1 1 1 1 0]
 [1 1 1 1 1 1 1 1 0 1]
 [0 1 0 1 0 1 1 1 1 1]
 [0 0 1 1 1 1 1 0 1 1]
 [0 1 1 1 1 1 1 1 1 0]
 [0 1 0 1 0 1 0 0 0 1]
 [1 1 1 0 1 1 1 0 0 1]
 [0 1 1 1 0 1 1 0 1 1]]
{'restarts': 36, 'conflicts': 13378, 'decisions': 23163, 'propagations': 11932143}
Q is identifiable
branch at 6
runtime for solving id of Q is 1.6463869102299213
Simulation results:
{'J': 100, 'K': 10, 'N': 10, 'p': 0.7, 'seed': 355, 'sim': 6, 'runtime': 1.6463869102299213, 'identifiable': 1, 'branch': 6}
7
Q: [[0 0 0 1 1 1 1 0 0 1]
 [0 1 1 1 1 1 1 1 1 1]
 [1 0 1 1 1 1 1 0 0 1]
 [1 1 1 0 0 1 0 1 1 0]
 [1 0 1 1 0 1 1 1 1 1]
 [1 0 1 1 1 1 1 1 1 1]
 [0 1 1 1 1 0 1 1 1 0]
 [0 1 1 0 1 1 0 0 1 1]
 [1 1 1 1 1 1 1 1 1 0]
 [0 1 1 0 1 0 1 0 0 0]
 [0 1 0 0 1 1 1 0 1 0]
 [1 1 0 1 1 1 1 0 1 1]
 [0 1 1 1 1 1 1 1 1 1]
 [1 1 0 1 1 0 1 0 0 1]
 [0 1 1 0 1 1 1 1 1 1]
 [1 1 1 0 1 1 1 1 1 1]
 [0 1 0 1 1 1 0 0 1 1]
 [0 1 1 1 0 0 0 1 0 1]
 [0 1 1 0 0 0 0 0 1 1]
 [1 1 1 1 0 0 0 1 1 1]
 [0 0 1 1 1 1 1 0 0 1]
 [1 0 0 1 1 1 1 0 1 1]
 [1 0 1 1 1 0 1 1 1 0]
 [0 1 1 1 1 1 1 0 1 0]
 [0 0 0 0 1 1 1 1 0 1]
 [1 1 1 1 1 1 0 0 0 1]
 [1 1 1 1 0 1 1 1 1 0]
 [1 0 0 0 0 0 0 1 1 1]
 [1 1 1 1 1 1 1 1 1 1]
 [0 1 0 1 0 1 1 1 0 1]
 [1 1 0 1 1 1 1 1 1 1]
 [1 1 1 1 1 1 0 1 0 1]
 [0 1 0 0 0 0 1 1 0 1]
 [1 1 0 1 1 0 1 1 1 1]
 [1 0 1 1 1 1 0 0 0 1]
 [1 0 0 1 1 1 1 1 0 1]
 [0 0 0 0 1 0 1 1 1 1]
 [1 0 1 0 1 1 1 1 0 0]
 [0 1 1 1 1 1 0 0 0 1]
 [1 1 1 0 1 1 1 0 1 1]
 [1 1 0 0 0 0 1 0 1 1]
 [0 0 0 1 1 0 1 0 1 0]
 [1 1 1 0 0 1 1 1 0 0]
 [1 1 1 1 1 1 1 1 0 1]
 [0 1 0 1 0 1 1 1 1 0]
 [0 0 1 1 1 0 1 1 1 1]
 [0 1 1 1 0 1 0 1 1 1]
 [0 1 1 1 0 1 1 0 1 1]
 [1 0 1 0 1 1 1 1 1 1]
 [1 1 1 1 1 1 1 1 0 1]
 [1 1 0 1 0 1 1 0 1 1]
 [1 1 1 1 0 1 1 0 1 1]
 [1 1 1 1 1 1 0 1 1 1]
 [0 1 1 0 1 1 0 0 1 0]
 [1 0 1 0 1 1 1 1 1 0]
 [1 1 1 1 1 1 0 0 1 1]
 [1 1 1 1 0 1 1 1 0 1]
 [1 1 1 1 1 1 1 0 0 0]
 [1 1 0 1 1 1 1 1 0 1]
 [1 0 1 0 1 1 1 1 1 0]
 [1 0 0 1 1 1 0 1 1 1]
 [1 0 1 0 0 0 1 1 1 0]
 [1 1 1 1 0 0 1 0 1 1]
 [0 1 0 1 1 0 1 0 1 0]
 [0 1 1 1 1 1 1 1 0 1]
 [1 1 0 1 1 1 1 1 1 0]
 [0 1 1 0 1 0 1 1 0 1]
 [0 0 1 1 1 0 1 1 1 1]
 [1 1 1 1 1 1 1 1 1 1]
 [0 0 1 1 1 0 0 0 1 1]
 [1 1 0 0 1 0 1 1 1 1]
 [1 1 1 1 1 0 0 1 1 1]
 [0 1 1 1 0 1 1 0 1 0]
 [0 1 1 0 0 0 1 1 1 0]
 [0 1 1 1 1 1 1 1 0 1]
 [1 0 0 1 1 1 1 1 1 1]
 [0 1 0 1 1 1 0 1 1 1]
 [1 1 1 0 1 1 0 1 0 1]
 [0 1 1 1 1 1 1 1 0 0]
 [1 0 1 0 1 0 0 1 0 0]
 [1 1 1 1 0 1 1 1 0 1]
 [1 0 0 0 1 1 0 0 1 0]
 [1 1 1 1 1 1 1 0 0 0]
 [1 1 1 1 1 1 0 1 1 1]
 [1 1 1 0 1 1 1 1 1 0]
 [1 0 0 0 1 0 0 0 0 1]
 [1 1 0 0 1 1 1 1 1 0]
 [1 1 1 1 1 0 1 1 0 1]
 [1 1 1 0 0 1 1 0 1 1]
 [0 1 0 1 1 0 0 1 0 1]
 [1 1 1 0 1 1 1 1 0 1]
 [1 0 0 1 1 1 1 1 1 1]
 [0 1 1 0 1 1 1 1 0 1]
 [0 1 1 1 1 1 1 0 0 0]
 [1 1 1 0 1 1 1 1 1 1]
 [1 0 1 1 1 1 1 1 0 0]
 [1 1 1 1 1 1 1 0 0 1]
 [0 0 1 1 0 0 1 1 1 1]
 [1 0 0 1 1 1 1 0 0 0]
 [1 1 1 1 1 0 0 0 1 1]]
{'restarts': 5, 'conflicts': 4855, 'decisions': 9847, 'propagations': 4638132}
Q is identifiable
branch at 6
runtime for solving id of Q is 0.7508380608633161
Simulation results:
{'J': 100, 'K': 10, 'N': 10, 'p': 0.7, 'seed': 355, 'sim': 7, 'runtime': 0.7508380608633161, 'identifiable': 1, 'branch': 6}
8
Q: [[1 1 0 1 1 1 1 1 1 0]
 [1 0 1 1 1 1 1 1 1 1]
 [0 1 1 1 1 1 1 1 0 1]
 [0 1 1 1 1 1 1 1 0 0]
 [0 1 1 0 1 1 0 0 1 1]
 [1 1 1 1 1 1 1 1 1 1]
 [1 0 1 1 1 1 1 1 1 1]
 [1 1 1 1 1 0 1 0 1 1]
 [0 1 1 0 1 1 1 1 1 1]
 [1 1 1 1 1 1 1 1 0 1]
 [1 1 1 1 1 1 1 1 1 0]
 [1 1 1 0 1 1 1 1 0 1]
 [0 0 0 0 1 0 0 1 1 1]
 [1 1 0 0 1 0 0 1 0 1]
 [1 1 1 1 1 1 1 0 1 0]
 [1 1 1 0 1 0 1 0 1 0]
 [1 1 0 1 1 1 1 0 1 1]
 [0 1 1 1 1 1 0 1 1 0]
 [1 1 1 1 1 1 1 0 0 0]
 [1 1 0 1 1 0 1 1 0 0]
 [1 1 1 1 0 0 0 1 1 1]
 [0 1 1 1 1 1 0 1 0 1]
 [1 1 1 1 1 0 1 1 1 1]
 [0 1 1 1 0 1 0 1 1 1]
 [1 1 1 1 1 1 0 1 1 1]
 [1 1 1 0 1 1 1 1 1 1]
 [1 1 1 0 1 0 0 0 1 1]
 [1 1 0 1 1 1 1 1 0 0]
 [0 0 0 1 1 1 0 0 0 0]
 [0 1 1 1 1 1 1 0 0 0]
 [1 1 1 1 1 1 0 0 1 1]
 [1 1 0 1 1 0 1 0 1 0]
 [0 1 1 0 1 0 1 0 0 1]
 [1 1 0 1 0 1 0 1 1 0]
 [0 1 0 1 0 1 1 0 1 1]
 [1 0 1 0 1 0 1 0 1 1]
 [1 0 0 1 1 1 1 1 0 1]
 [0 1 0 1 1 1 1 1 1 0]
 [1 1 1 1 0 1 1 1 1 1]
 [1 1 1 0 1 0 1 1 1 0]
 [1 0 1 1 1 0 1 1 0 0]
 [1 1 0 1 1 1 1 0 1 1]
 [0 1 1 1 1 0 1 1 0 0]
 [1 0 0 1 1 1 0 1 1 1]
 [1 1 0 1 1 0 0 1 1 0]
 [1 0 1 1 0 0 0 1 1 1]
 [0 1 0 1 1 0 0 0 1 1]
 [1 1 1 1 1 1 0 1 1 0]
 [1 1 1 1 1 1 1 1 1 0]
 [0 1 0 1 1 1 1 1 1 0]
 [1 1 1 1 1 1 1 0 1 1]
 [1 1 1 0 0 1 1 1 1 0]
 [0 0 1 0 0 1 1 1 0 1]
 [1 1 0 1 0 0 1 1 1 0]
 [0 1 0 1 1 1 0 1 0 1]
 [1 0 0 0 1 1 0 0 0 0]
 [1 1 0 1 1 0 1 0 1 0]
 [1 1 1 1 1 1 1 1 1 1]
 [0 1 0 1 0 1 0 0 0 1]
 [1 1 1 0 0 1 0 0 1 1]
 [0 1 1 1 1 0 1 1 1 1]
 [1 1 0 0 1 1 1 1 1 1]
 [0 1 1 1 0 1 0 0 1 1]
 [1 0 1 1 1 1 1 0 1 1]
 [1 0 1 0 1 1 1 1 1 1]
 [1 1 1 0 1 1 1 0 1 1]
 [1 1 1 0 1 0 1 0 0 1]
 [0 1 1 1 1 0 1 1 0 0]
 [1 1 0 1 1 1 1 1 1 1]
 [1 1 1 1 1 1 0 1 1 0]
 [1 0 1 1 1 1 0 1 0 1]
 [1 1 0 1 1 1 1 1 1 1]
 [0 0 0 1 1 1 0 1 1 1]
 [1 0 1 1 1 1 1 1 1 1]
 [1 1 1 0 1 1 0 1 1 1]
 [1 0 1 1 1 0 1 0 1 0]
 [1 1 1 0 0 0 1 1 1 0]
 [1 0 0 1 0 1 0 1 1 0]
 [1 1 1 1 0 1 1 1 1 1]
 [1 1 1 0 1 1 0 1 1 0]
 [0 1 0 0 1 1 0 1 1 1]
 [0 0 0 1 1 1 1 1 1 1]
 [1 1 1 1 1 1 0 1 1 1]
 [1 1 1 1 1 1 1 1 1 1]
 [0 0 1 1 1 0 0 1 0 0]
 [1 1 1 1 1 1 0 0 0 1]
 [1 1 0 1 0 0 0 0 1 0]
 [1 1 1 1 1 1 1 1 0 1]
 [0 1 1 0 0 0 1 1 1 0]
 [1 1 0 1 1 1 0 0 1 0]
 [0 1 1 1 0 1 1 0 1 0]
 [1 1 1 1 1 0 1 0 1 0]
 [1 1 1 0 1 1 0 1 1 1]
 [1 1 1 1 1 0 0 1 0 1]
 [1 1 1 1 1 1 1 1 0 1]
 [1 1 1 0 1 0 1 1 1 0]
 [1 1 1 0 1 0 0 1 1 1]
 [1 1 1 1 1 1 0 1 1 1]
 [1 0 1 1 1 1 1 0 1 0]
 [1 0 0 0 1 1 1 0 1 1]]
{'restarts': 12, 'conflicts': 3687, 'decisions': 7127, 'propagations': 3260407}
Q is identifiable
branch at 6
runtime for solving id of Q is 0.5559486877173185
Simulation results:
{'J': 100, 'K': 10, 'N': 10, 'p': 0.7, 'seed': 355, 'sim': 8, 'runtime': 0.5559486877173185, 'identifiable': 1, 'branch': 6}
9
Q: [[1 1 0 1 0 1 1 0 1 1]
 [1 1 1 0 1 0 0 1 1 1]
 [1 0 1 1 1 1 0 0 1 0]
 [0 1 0 0 0 0 1 1 1 1]
 [0 0 0 1 0 1 1 0 1 1]
 [0 0 0 1 0 0 1 1 1 1]
 [1 0 1 1 0 1 1 0 1 1]
 [0 1 1 1 1 0 1 1 1 1]
 [0 1 1 1 1 1 0 1 1 1]
 [1 1 1 1 1 0 0 1 0 1]
 [1 1 0 0 0 0 0 0 0 1]
 [1 1 1 1 1 1 1 0 1 0]
 [1 1 1 1 0 1 0 1 1 0]
 [0 1 1 1 0 1 1 1 1 1]
 [1 1 1 0 1 1 0 0 1 1]
 [0 1 0 1 0 1 0 0 1 1]
 [0 1 1 1 0 1 1 0 1 1]
 [1 1 0 0 1 1 1 0 1 1]
 [1 1 1 0 0 1 0 0 1 1]
 [1 1 1 0 1 1 1 0 1 1]
 [1 0 0 1 1 1 1 1 1 1]
 [1 0 0 1 1 1 0 0 1 1]
 [1 0 1 1 0 1 1 1 1 1]
 [0 1 1 1 1 1 1 1 1 1]
 [0 0 1 1 1 0 0 1 1 0]
 [0 1 1 1 1 0 1 0 1 1]
 [1 0 1 1 1 1 1 0 0 1]
 [1 1 0 1 0 1 1 1 1 0]
 [1 1 0 0 1 0 0 1 1 0]
 [1 1 1 1 1 0 1 1 1 0]
 [0 1 1 1 1 1 1 1 0 1]
 [1 0 1 1 1 0 1 0 1 1]
 [0 1 1 1 1 1 1 1 0 1]
 [1 1 1 0 1 1 1 1 1 1]
 [0 0 0 0 1 1 0 0 1 1]
 [1 1 0 1 0 0 0 0 1 1]
 [1 0 1 1 1 1 1 0 1 0]
 [0 1 1 1 1 1 1 0 1 0]
 [1 1 1 0 1 1 0 1 1 0]
 [1 1 0 1 1 1 0 0 0 1]
 [0 1 1 1 1 1 0 0 1 0]
 [0 1 0 0 1 0 1 0 1 1]
 [0 1 1 1 1 0 1 1 1 1]
 [1 1 1 0 0 1 0 1 0 1]
 [1 1 1 0 0 1 1 1 1 0]
 [1 1 1 0 0 1 1 0 0 1]
 [0 1 1 0 1 1 1 1 1 1]
 [1 0 0 0 1 0 1 1 1 1]
 [1 0 1 1 1 1 0 1 0 1]
 [0 1 1 1 1 1 1 1 1 1]
 [1 1 1 1 0 1 1 0 1 1]
 [1 0 1 1 1 1 1 0 1 1]
 [1 1 1 1 1 0 0 0 1 1]
 [1 1 1 0 1 0 0 1 1 1]
 [0 1 1 1 1 0 0 0 0 0]
 [0 1 1 1 0 1 0 1 1 1]
 [1 0 0 1 1 1 0 0 1 0]
 [0 1 0 1 1 1 1 1 1 1]
 [0 0 1 0 1 1 1 1 1 1]
 [1 1 1 0 1 1 1 1 0 1]
 [1 1 0 1 0 1 0 1 1 0]
 [1 1 1 1 0 0 0 1 1 1]
 [0 0 1 1 1 1 1 1 1 0]
 [1 1 0 1 1 1 0 1 0 1]
 [0 1 1 1 0 1 1 1 1 0]
 [1 1 1 1 1 1 0 1 0 0]
 [0 1 1 0 0 1 1 0 1 1]
 [1 1 1 0 1 0 0 1 0 1]
 [0 1 1 1 1 1 0 1 1 0]
 [1 1 1 1 1 1 1 1 1 1]
 [1 1 1 1 1 1 1 0 1 0]
 [0 1 0 1 1 1 1 1 1 1]
 [1 1 1 1 1 1 1 1 1 0]
 [1 1 1 1 0 1 1 1 1 1]
 [1 1 0 1 1 0 1 0 0 1]
 [1 0 0 1 1 0 1 1 1 0]
 [0 1 1 1 1 1 1 1 1 1]
 [0 1 1 0 1 1 1 1 0 1]
 [1 1 1 1 1 1 1 1 1 1]
 [0 1 1 0 1 1 1 1 1 0]
 [1 0 1 1 1 0 1 0 0 1]
 [1 1 0 1 1 0 1 1 1 0]
 [0 1 1 1 1 1 1 0 0 1]
 [0 1 1 1 0 1 1 1 1 1]
 [0 1 1 1 1 1 1 1 1 1]
 [0 1 1 1 0 1 1 1 1 0]
 [1 1 1 1 1 1 1 1 0 0]
 [1 1 1 1 1 0 0 1 1 1]
 [0 1 1 1 0 1 1 1 1 0]
 [1 1 1 1 1 1 0 1 0 0]
 [1 1 1 1 1 1 1 1 0 1]
 [1 1 0 1 1 1 1 0 0 1]
 [1 1 0 1 1 0 1 0 0 1]
 [1 0 1 1 0 0 1 1 0 1]
 [1 1 0 1 0 0 1 1 0 1]
 [1 1 1 0 1 0 1 0 0 1]
 [1 1 1 0 0 1 1 1 1 1]
 [1 1 1 0 1 0 1 1 0 1]
 [1 1 1 1 1 1 0 0 1 0]
 [1 0 0 1 0 1 1 1 1 0]]
{'restarts': 23, 'conflicts': 6412, 'decisions': 11697, 'propagations': 6516465}
Q is identifiable
branch at 6
runtime for solving id of Q is 1.004509667865932
Simulation results:
{'J': 100, 'K': 10, 'N': 10, 'p': 0.7, 'seed': 355, 'sim': 9, 'runtime': 1.004509667865932, 'identifiable': 1, 'branch': 6}
Simulation results:
[{'J': 100, 'K': 10, 'N': 10, 'p': 0.7, 'seed': 355, 'sim': 0, 'runtime': 0.7012029960751534, 'identifiable': 1, 'branch': 6}, {'J': 100, 'K': 10, 'N': 10, 'p': 0.7, 'seed': 355, 'sim': 1, 'runtime': 0.38465156592428684, 'identifiable': 1, 'branch': 6}, {'J': 100, 'K': 10, 'N': 10, 'p': 0.7, 'seed': 355, 'sim': 2, 'runtime': 0.5025749858468771, 'identifiable': 1, 'branch': 6}, {'J': 100, 'K': 10, 'N': 10, 'p': 0.7, 'seed': 355, 'sim': 3, 'runtime': 0.3272360125556588, 'identifiable': 1, 'branch': 6}, {'J': 100, 'K': 10, 'N': 10, 'p': 0.7, 'seed': 355, 'sim': 4, 'runtime': 0.46718749590218067, 'identifiable': 1, 'branch': 6}, {'J': 100, 'K': 10, 'N': 10, 'p': 0.7, 'seed': 355, 'sim': 5, 'runtime': 2.7430511908605695, 'identifiable': 1, 'branch': 6}, {'J': 100, 'K': 10, 'N': 10, 'p': 0.7, 'seed': 355, 'sim': 6, 'runtime': 1.6463869102299213, 'identifiable': 1, 'branch': 6}, {'J': 100, 'K': 10, 'N': 10, 'p': 0.7, 'seed': 355, 'sim': 7, 'runtime': 0.7508380608633161, 'identifiable': 1, 'branch': 6}, {'J': 100, 'K': 10, 'N': 10, 'p': 0.7, 'seed': 355, 'sim': 8, 'runtime': 0.5559486877173185, 'identifiable': 1, 'branch': 6}, {'J': 100, 'K': 10, 'N': 10, 'p': 0.7, 'seed': 355, 'sim': 9, 'runtime': 1.004509667865932, 'identifiable': 1, 'branch': 6}]
