
The Gurobi software has a limited number of licenses. To request a license or
licenses, add this line

    #SBATCH --licenses=gurobi@slurmdb:1

to your SBATCH script, replacing N with the number of licenses you need. Gurobi
will need one license per process.


0
Q: [[1 1 1 0 0 1 1 1 1 1]
 [1 1 0 1 0 1 0 0 0 1]
 [0 1 1 0 1 0 0 1 0 1]
 [1 1 1 1 1 0 1 1 1 1]
 [1 0 0 1 1 1 1 1 1 1]
 [1 0 1 1 1 1 0 1 1 0]
 [0 0 1 0 1 1 1 0 0 0]
 [1 1 1 1 1 1 1 1 1 0]
 [1 1 1 1 1 1 0 0 0 1]
 [1 1 1 1 0 1 1 0 1 1]
 [0 1 0 1 0 0 1 0 1 1]
 [0 0 1 0 1 0 0 1 1 0]
 [1 1 1 1 1 1 1 1 1 1]
 [0 1 1 1 0 1 1 1 1 1]
 [1 0 1 1 0 1 1 0 0 1]
 [1 1 0 1 1 1 0 0 1 1]
 [1 1 1 0 1 1 1 1 0 1]
 [1 1 1 1 1 1 1 1 1 1]
 [1 1 1 1 1 0 1 0 1 1]
 [0 1 0 0 1 0 1 0 1 1]
 [1 1 1 0 0 1 1 0 1 1]
 [0 1 1 1 1 0 1 0 1 0]
 [0 1 1 1 0 1 1 1 0 0]
 [1 0 0 1 0 1 0 1 0 0]
 [1 0 0 1 0 1 1 0 0 1]
 [1 0 1 0 1 0 1 0 1 1]
 [1 1 1 1 0 0 0 1 1 1]
 [1 1 1 1 0 0 1 1 1 1]
 [0 0 0 1 1 0 1 1 0 0]
 [1 0 1 0 1 0 1 1 1 0]
 [1 1 0 1 0 1 1 0 1 0]
 [1 0 1 0 1 1 1 1 1 1]
 [0 0 1 0 1 0 0 1 1 1]
 [1 1 1 1 0 1 1 0 1 1]
 [1 0 0 1 1 1 0 0 1 0]
 [0 1 1 1 0 1 1 1 0 0]
 [0 1 1 0 0 1 1 1 1 1]
 [0 0 1 1 1 1 0 0 0 1]
 [1 1 0 1 0 0 0 0 1 1]
 [1 1 1 1 0 0 0 0 0 1]
 [1 0 1 1 1 1 0 1 0 1]
 [0 0 0 0 1 0 1 0 1 1]
 [0 1 1 1 1 0 1 1 1 0]
 [0 0 0 1 0 1 1 1 1 0]
 [0 1 1 1 1 0 1 1 1 1]
 [1 1 0 0 0 1 1 0 0 0]
 [0 1 0 1 0 0 1 1 0 1]
 [0 0 1 0 0 0 1 0 1 0]
 [1 1 1 1 1 0 1 0 0 1]
 [1 0 0 1 0 0 1 1 1 0]]
{'restarts': 6, 'conflicts': 1366, 'decisions': 3753, 'propagations': 5117587}
Q is identifiable
branch at 6
runtime for solving id of Q is 0.9810065496712923
Simulation results:
{'J': 50, 'K': 10, 'N': 10, 'p': 0.6, 'seed': 84, 'sim': 0, 'runtime': 0.9810065496712923, 'identifiable': True, 'branch': 6}
1
Q: [[0 1 1 1 1 1 1 1 1 0]
 [0 0 0 0 1 1 1 0 0 0]
 [1 0 1 1 0 1 0 0 1 1]
 [1 0 1 1 1 0 1 0 1 1]
 [1 0 0 0 0 0 1 1 1 1]
 [0 1 1 1 1 0 1 0 0 0]
 [1 1 1 0 0 1 0 1 0 1]
 [0 0 1 1 1 0 1 1 1 1]
 [1 1 0 0 0 0 1 0 1 1]
 [1 1 0 1 1 1 0 0 0 1]
 [1 0 1 1 0 1 1 1 0 1]
 [0 1 0 0 1 0 1 1 1 0]
 [1 0 1 0 1 1 0 1 1 0]
 [0 1 0 1 1 0 1 0 0 0]
 [1 0 0 1 1 0 0 0 0 0]
 [1 1 0 1 1 1 1 0 0 0]
 [1 1 0 1 0 0 0 1 1 0]
 [0 1 1 0 0 0 0 0 0 0]
 [0 1 1 0 1 1 0 0 0 1]
 [1 0 1 1 1 0 0 1 0 0]
 [1 1 0 0 0 1 1 1 0 1]
 [1 0 1 1 1 0 1 0 1 1]
 [1 1 0 1 1 1 0 1 1 1]
 [0 0 1 0 1 1 1 1 1 0]
 [1 0 1 0 1 0 1 1 0 0]
 [1 0 1 0 0 1 1 1 0 1]
 [1 0 0 1 1 1 1 0 0 0]
 [1 1 0 1 0 1 0 1 1 0]
 [1 1 1 0 1 0 1 1 1 1]
 [0 0 0 0 1 1 1 0 0 1]
 [0 1 1 1 1 0 0 1 1 0]
 [1 0 0 0 1 1 1 1 1 1]
 [1 1 0 0 1 1 1 0 0 0]
 [1 1 0 1 0 1 1 1 1 1]
 [1 1 1 0 0 1 1 0 0 1]
 [1 1 1 0 1 1 1 0 1 1]
 [0 1 1 1 1 0 0 1 1 1]
 [1 1 1 1 1 0 1 0 0 1]
 [0 1 1 1 0 0 1 0 0 0]
 [0 0 1 1 0 1 1 0 0 1]
 [0 1 0 0 0 0 1 0 0 1]
 [0 0 0 0 0 0 0 0 1 0]
 [1 0 0 1 1 0 0 1 1 1]
 [0 0 0 1 1 1 1 0 1 0]
 [0 1 1 0 1 1 1 1 0 1]
 [1 1 1 1 1 0 1 0 0 0]
 [1 1 1 0 0 0 1 1 1 1]
 [0 0 1 1 0 0 1 1 1 1]
 [0 1 1 1 1 0 0 1 0 1]
 [1 1 0 1 1 0 0 1 0 1]]
{'restarts': 3, 'conflicts': 946, 'decisions': 2961, 'propagations': 4630125}
Q is identifiable
branch at 6
runtime for solving id of Q is 1.4562916215509176
Simulation results:
{'J': 50, 'K': 10, 'N': 10, 'p': 0.6, 'seed': 84, 'sim': 1, 'runtime': 1.4562916215509176, 'identifiable': True, 'branch': 6}
2
Q: [[1 1 1 0 1 1 1 1 1 0]
 [0 1 1 1 1 0 1 0 1 0]
 [1 0 0 0 0 1 1 1 1 1]
 [1 1 0 1 1 0 1 0 0 1]
 [1 1 1 1 1 1 1 1 1 1]
 [1 0 1 1 0 1 1 1 1 1]
 [0 1 0 1 1 1 1 1 0 1]
 [1 1 1 1 0 0 0 1 1 1]
 [0 1 1 1 1 0 0 0 1 1]
 [1 0 0 1 1 1 0 0 0 0]
 [0 1 0 1 1 0 0 0 1 1]
 [1 1 0 1 0 0 1 1 0 1]
 [1 1 0 0 1 1 1 0 0 0]
 [1 1 1 1 0 1 0 1 0 0]
 [1 1 1 1 1 1 0 0 1 0]
 [1 1 0 0 0 1 1 0 1 1]
 [0 1 1 1 1 1 1 1 0 1]
 [1 0 1 1 1 1 1 1 1 1]
 [1 0 1 1 1 0 1 0 0 0]
 [1 0 1 0 0 1 1 1 1 1]
 [0 0 1 1 1 0 1 1 1 1]
 [1 0 1 0 1 1 1 1 1 0]
 [1 1 0 1 1 0 1 1 1 0]
 [0 1 1 0 1 0 1 1 0 0]
 [0 1 0 1 1 1 1 0 0 0]
 [1 1 1 1 0 1 1 0 1 1]
 [0 1 0 1 1 1 1 1 1 1]
 [1 0 0 1 1 0 1 1 0 1]
 [0 0 0 0 1 1 0 1 1 1]
 [0 1 1 1 1 1 1 0 1 1]
 [1 1 1 1 1 1 0 0 1 1]
 [0 1 0 1 1 1 1 1 1 0]
 [1 0 1 1 0 0 0 1 0 1]
 [1 0 0 0 0 0 1 1 1 1]
 [1 0 1 1 0 1 1 0 1 1]
 [0 1 0 1 1 1 0 1 1 1]
 [0 0 0 1 0 1 0 1 1 1]
 [1 0 1 1 1 1 1 0 0 1]
 [1 0 1 0 1 0 1 1 0 0]
 [1 1 1 0 1 1 1 0 1 0]
 [1 0 1 0 1 1 1 1 1 0]
 [1 0 1 1 0 1 1 1 1 0]
 [1 0 1 0 1 1 1 1 0 1]
 [0 1 1 1 1 0 0 0 1 0]
 [0 1 1 0 1 0 0 0 0 0]
 [1 1 0 0 0 1 1 0 1 1]
 [0 0 1 0 0 0 1 1 0 1]
 [0 1 1 1 1 1 1 1 0 0]
 [1 1 0 0 0 0 1 0 0 1]
 [0 0 1 1 1 0 0 0 1 1]]
{'restarts': 13, 'conflicts': 4383, 'decisions': 9364, 'propagations': 17020068}
Q is identifiable
branch at 6
runtime for solving id of Q is 2.1795535050332546
Simulation results:
{'J': 50, 'K': 10, 'N': 10, 'p': 0.6, 'seed': 84, 'sim': 2, 'runtime': 2.1795535050332546, 'identifiable': True, 'branch': 6}
3
Q: [[1 1 0 1 1 0 1 0 1 0]
 [0 0 1 1 0 1 1 1 0 0]
 [1 0 1 0 1 1 0 0 0 1]
 [1 1 0 0 0 1 0 0 1 1]
 [0 1 1 1 1 0 0 1 1 0]
 [0 0 0 1 0 1 0 1 0 0]
 [1 0 1 0 0 1 1 1 1 1]
 [1 1 0 0 1 0 0 1 0 0]
 [1 0 1 0 0 1 0 1 0 0]
 [1 0 1 1 0 0 1 0 0 1]
 [1 1 1 1 0 1 1 1 0 1]
 [0 0 1 1 1 1 0 0 1 1]
 [0 1 0 0 0 1 0 1 1 1]
 [1 1 0 1 1 1 1 0 0 1]
 [1 1 0 1 1 1 0 0 1 0]
 [1 0 0 0 0 1 1 1 1 0]
 [1 0 0 0 0 0 1 1 0 1]
 [0 0 1 1 1 1 0 1 0 0]
 [1 0 0 1 1 0 1 1 0 1]
 [0 1 1 1 0 1 1 1 0 1]
 [1 0 1 1 1 0 0 1 1 0]
 [1 1 1 1 0 1 1 0 0 0]
 [1 0 1 1 0 1 0 0 0 1]
 [0 0 0 0 0 1 1 1 1 1]
 [1 1 0 0 0 1 1 1 0 1]
 [0 0 1 0 1 0 0 0 1 0]
 [0 0 1 1 1 1 1 1 0 0]
 [0 1 1 0 0 1 1 0 1 1]
 [1 0 0 0 1 1 0 1 1 1]
 [1 1 0 0 1 1 1 0 1 0]
 [1 0 1 1 0 0 1 0 0 1]
 [1 1 1 1 0 1 1 1 1 0]
 [0 1 0 1 1 0 0 1 1 1]
 [1 0 0 0 1 1 1 1 1 0]
 [1 1 1 0 0 1 1 0 0 0]
 [1 0 1 1 1 0 1 0 1 0]
 [1 0 1 1 0 1 1 0 0 1]
 [1 0 0 0 1 0 1 1 1 1]
 [1 0 1 1 1 1 1 1 1 0]
 [0 1 1 1 0 0 0 1 1 0]
 [1 1 0 1 0 0 0 1 1 0]
 [0 1 0 1 0 1 1 0 0 0]
 [1 0 1 1 1 1 1 1 1 1]
 [1 1 1 1 0 1 0 1 0 1]
 [1 0 1 1 1 1 1 1 1 1]
 [0 0 1 1 0 0 1 0 0 1]
 [1 1 0 0 1 1 0 1 1 0]
 [1 0 1 1 1 1 1 1 1 1]
 [1 1 0 0 0 0 0 0 1 1]
 [1 1 0 1 0 0 1 1 0 1]]
{'restarts': 4, 'conflicts': 1815, 'decisions': 4336, 'propagations': 9853928}
Q is identifiable
branch at 6
runtime for solving id of Q is 1.9483657041564584
Simulation results:
{'J': 50, 'K': 10, 'N': 10, 'p': 0.6, 'seed': 84, 'sim': 3, 'runtime': 1.9483657041564584, 'identifiable': True, 'branch': 6}
4
Q: [[1 1 1 0 0 1 0 0 1 1]
 [0 1 1 1 1 1 1 0 0 1]
 [0 1 0 1 1 1 1 1 0 1]
 [1 0 0 1 1 1 0 0 1 1]
 [1 0 0 1 1 1 1 0 1 1]
 [1 0 1 1 0 1 1 0 1 1]
 [0 1 0 1 0 0 1 1 0 0]
 [0 1 1 1 0 0 1 1 0 1]
 [0 1 1 1 1 0 1 0 1 1]
 [1 1 0 0 0 0 1 0 1 1]
 [1 1 1 1 1 1 1 0 1 1]
 [1 1 0 0 1 1 1 1 0 0]
 [0 1 0 1 1 1 1 0 1 1]
 [0 0 0 0 1 1 0 0 1 1]
 [1 1 0 0 1 1 0 1 1 0]
 [1 0 1 1 0 1 0 1 1 1]
 [0 1 0 0 0 1 0 1 0 1]
 [0 1 1 1 1 0 1 0 0 1]
 [0 1 0 1 0 1 1 0 1 1]
 [0 0 1 1 0 0 1 0 0 1]
 [0 1 0 1 1 1 1 1 1 0]
 [1 1 0 1 1 1 1 0 1 1]
 [1 0 1 0 0 0 0 1 1 0]
 [1 0 0 1 1 0 1 1 0 1]
 [1 1 0 1 1 1 0 1 1 1]
 [0 0 1 1 0 1 0 0 1 0]
 [0 0 1 0 1 1 1 0 1 0]
 [0 0 0 0 0 1 1 0 1 0]
 [1 0 0 1 1 1 0 1 1 1]
 [0 0 1 1 1 1 0 1 1 0]
 [0 1 0 1 1 0 0 1 1 1]
 [1 1 1 0 0 1 1 1 0 0]
 [0 1 1 0 1 1 0 0 1 1]
 [1 1 1 0 1 0 1 1 1 1]
 [1 0 0 0 1 1 0 1 1 1]
 [0 0 1 0 1 1 0 1 1 1]
 [0 1 1 1 1 1 1 0 1 1]
 [1 0 0 1 1 0 0 0 1 0]
 [1 1 1 1 1 1 0 1 0 1]
 [0 1 1 1 1 0 1 1 1 1]
 [1 0 0 1 1 1 1 1 0 1]
 [1 0 1 0 0 1 0 0 0 1]
 [1 0 0 1 0 0 1 1 0 1]
 [1 1 0 1 0 1 1 1 0 1]
 [1 0 1 0 1 0 0 0 1 1]
 [1 1 0 1 1 0 1 0 0 0]
 [1 0 1 0 0 1 1 0 1 0]
 [1 0 0 1 0 1 0 0 0 0]
 [0 0 0 0 0 0 0 0 1 1]
 [1 1 0 1 1 1 0 1 0 0]]
{'restarts': 1, 'conflicts': 498, 'decisions': 1676, 'propagations': 2026966}
Q is identifiable
branch at 6
runtime for solving id of Q is 0.9961548978462815
Simulation results:
{'J': 50, 'K': 10, 'N': 10, 'p': 0.6, 'seed': 84, 'sim': 4, 'runtime': 0.9961548978462815, 'identifiable': True, 'branch': 6}
5
Q: [[1 0 0 1 1 0 1 0 1 0]
 [1 0 1 1 0 1 1 0 0 1]
 [1 0 1 1 0 1 1 0 1 1]
 [1 1 0 1 1 0 0 1 0 1]
 [0 1 1 1 1 0 1 1 0 0]
 [0 0 1 1 1 1 1 0 0 0]
 [0 1 0 1 1 0 1 0 1 1]
 [1 1 1 0 1 1 0 1 1 1]
 [1 1 1 0 1 0 0 0 1 0]
 [0 0 1 1 1 1 0 1 1 1]
 [0 1 1 1 0 0 1 1 1 1]
 [0 1 1 0 1 1 1 1 1 1]
 [1 0 0 1 1 1 1 1 1 1]
 [1 0 1 1 1 1 1 0 1 0]
 [1 0 0 1 1 1 1 1 0 0]
 [0 1 0 0 1 1 0 1 1 0]
 [0 0 0 0 0 0 0 0 0 1]
 [1 1 0 1 0 1 1 0 0 1]
 [0 1 1 0 0 1 1 0 1 1]
 [1 0 1 1 1 0 1 0 0 0]
 [1 1 0 1 0 1 1 0 1 1]
 [1 1 0 1 0 0 1 1 0 1]
 [1 0 0 1 0 1 1 1 1 1]
 [0 1 0 1 1 0 1 0 0 0]
 [1 1 1 1 1 1 1 1 1 0]
 [1 0 0 1 0 1 1 1 1 0]
 [1 1 1 0 1 1 1 1 0 0]
 [1 1 0 1 0 1 1 1 1 0]
 [1 1 0 0 0 0 0 1 1 0]
 [1 1 1 1 1 1 1 0 1 0]
 [1 0 0 1 1 0 0 0 1 1]
 [1 1 0 1 1 1 1 0 1 0]
 [1 1 1 1 1 1 0 1 1 1]
 [0 1 1 1 1 1 1 0 0 1]
 [0 0 1 1 1 1 0 1 1 1]
 [1 1 1 1 0 1 1 1 0 0]
 [0 1 1 1 1 1 1 1 1 1]
 [0 1 0 0 0 0 1 0 0 0]
 [1 0 0 1 0 1 0 1 1 1]
 [1 1 1 1 0 0 1 1 1 0]
 [1 1 1 0 1 1 0 0 0 0]
 [1 1 1 1 1 0 0 0 1 0]
 [1 0 0 0 1 1 1 1 0 1]
 [0 0 1 1 1 1 1 1 1 0]
 [0 1 1 0 0 1 1 1 1 1]
 [1 1 1 1 1 0 1 1 1 1]
 [0 0 1 0 1 0 1 1 1 1]
 [0 1 1 1 1 1 0 1 1 1]
 [1 1 1 1 1 1 1 1 1 0]
 [1 1 1 1 1 0 0 1 1 0]]
{'restarts': 22, 'conflicts': 12165, 'decisions': 19155, 'propagations': 43378979}
Q is identifiable
branch at 6
runtime for solving id of Q is 4.974990984424949
Simulation results:
{'J': 50, 'K': 10, 'N': 10, 'p': 0.6, 'seed': 84, 'sim': 5, 'runtime': 4.974990984424949, 'identifiable': True, 'branch': 6}
6
Q: [[1 0 0 0 1 0 1 1 0 0]
 [0 1 1 1 1 1 1 0 1 1]
 [1 1 1 1 0 0 0 1 1 0]
 [1 0 1 0 0 0 0 1 1 1]
 [1 0 1 0 1 0 0 0 1 1]
 [1 0 1 1 0 0 0 1 0 1]
 [0 1 1 0 0 0 0 0 1 1]
 [1 0 0 0 0 0 1 1 1 0]
 [1 1 0 1 1 1 0 1 1 1]
 [1 0 0 1 0 1 0 1 0 1]
 [1 1 1 0 1 1 1 1 0 1]
 [1 1 1 1 0 1 0 0 1 1]
 [0 1 0 1 0 1 1 1 0 0]
 [1 1 1 0 1 0 0 1 1 1]
 [1 1 0 1 0 1 1 1 0 0]
 [1 1 1 1 0 1 1 1 1 0]
 [1 1 0 1 1 1 1 1 1 0]
 [0 1 0 1 1 1 1 1 1 0]
 [1 1 1 0 0 1 0 1 1 1]
 [1 1 1 1 1 0 0 1 1 1]
 [1 1 1 0 0 0 0 1 1 0]
 [1 1 0 1 1 1 0 1 0 0]
 [0 1 1 0 1 1 1 0 0 1]
 [0 1 0 0 1 1 0 1 1 1]
 [1 1 0 1 1 0 1 1 0 1]
 [0 1 1 0 1 0 1 1 1 0]
 [1 1 1 0 1 1 1 1 0 0]
 [0 0 0 1 0 1 0 0 0 1]
 [0 1 1 1 1 0 1 1 0 0]
 [0 1 1 0 1 1 1 0 0 1]
 [1 1 1 1 1 1 0 1 1 0]
 [1 0 1 0 1 0 1 0 1 1]
 [1 0 0 1 0 1 1 0 0 1]
 [1 0 1 1 1 0 1 0 1 1]
 [1 0 1 0 0 0 0 1 0 0]
 [0 1 1 1 1 0 0 0 1 0]
 [1 0 1 0 0 0 1 1 1 0]
 [1 0 1 1 1 1 1 1 1 1]
 [1 0 0 0 1 1 1 1 0 1]
 [1 1 1 1 0 1 1 0 1 1]
 [1 1 0 0 0 0 1 1 1 1]
 [1 0 1 1 0 1 1 0 1 0]
 [1 1 1 0 0 1 1 1 1 1]
 [1 0 1 0 0 0 1 0 0 1]
 [1 0 1 1 0 1 1 1 0 1]
 [0 1 0 0 0 0 0 1 1 1]
 [1 1 1 1 1 1 1 1 1 1]
 [1 1 1 0 0 0 1 1 1 1]
 [0 1 1 0 0 1 1 0 0 1]
 [1 1 1 1 0 1 0 0 1 1]]
{'restarts': 14, 'conflicts': 4440, 'decisions': 9411, 'propagations': 15109596}
Q is identifiable
branch at 6
runtime for solving id of Q is 2.0241070445626974
Simulation results:
{'J': 50, 'K': 10, 'N': 10, 'p': 0.6, 'seed': 84, 'sim': 6, 'runtime': 2.0241070445626974, 'identifiable': True, 'branch': 6}
7
Q: [[1 0 1 1 0 0 0 1 0 1]
 [1 1 1 1 1 0 1 1 1 1]
 [1 0 0 1 1 1 1 1 1 1]
 [1 0 1 1 1 1 0 1 1 1]
 [1 1 1 0 1 0 0 1 1 1]
 [0 1 1 0 1 1 1 1 1 0]
 [1 1 0 1 0 0 1 1 0 1]
 [0 1 0 1 1 0 0 0 0 1]
 [1 0 1 1 1 0 0 0 0 1]
 [1 0 0 1 0 0 1 1 1 0]
 [1 0 1 1 0 0 1 1 1 1]
 [0 0 0 1 1 1 1 0 1 0]
 [1 0 1 0 1 1 0 1 1 1]
 [0 1 1 1 0 1 1 0 1 0]
 [1 0 1 1 1 0 0 1 0 1]
 [1 0 0 1 0 1 0 1 0 0]
 [0 0 1 1 1 1 1 1 0 1]
 [1 1 1 0 1 1 1 1 0 0]
 [1 1 1 1 1 0 1 0 1 1]
 [1 0 0 1 1 1 0 1 1 1]
 [1 1 1 1 1 1 1 1 0 1]
 [1 0 1 1 1 0 1 1 0 1]
 [1 1 0 1 1 0 1 1 0 0]
 [1 1 1 1 0 0 1 0 1 1]
 [0 1 0 1 0 0 1 1 1 1]
 [0 1 0 1 1 0 0 1 1 1]
 [0 1 0 1 0 1 1 0 1 1]
 [1 1 1 1 1 0 0 0 0 1]
 [0 1 1 1 0 1 0 0 1 1]
 [1 1 1 1 1 1 0 0 0 0]
 [0 0 0 1 1 0 1 1 0 1]
 [1 1 1 0 0 0 1 0 1 1]
 [1 0 0 1 1 1 1 0 0 1]
 [1 1 1 1 1 1 1 1 0 0]
 [1 1 0 1 0 0 1 0 0 1]
 [0 0 1 0 0 0 1 1 1 0]
 [1 1 0 1 0 0 0 0 1 0]
 [1 1 0 0 1 1 0 0 1 0]
 [1 0 1 1 0 1 0 1 0 1]
 [0 0 1 0 1 1 0 0 1 1]
 [1 1 1 1 0 1 0 1 0 1]
 [0 0 0 1 0 0 0 1 0 1]
 [1 0 0 1 0 1 1 1 0 0]
 [0 0 1 0 1 0 0 1 1 1]
 [0 0 1 1 0 1 0 1 0 1]
 [1 1 1 0 0 1 1 0 1 1]
 [1 1 1 0 0 1 1 1 0 0]
 [0 1 1 1 1 1 0 1 0 0]
 [1 1 0 0 0 1 1 0 1 0]
 [1 0 0 1 0 0 1 1 0 1]]
{'restarts': 3, 'conflicts': 1808, 'decisions': 4331, 'propagations': 8252568}
Q is identifiable
branch at 6
runtime for solving id of Q is 1.4671951411291957
Simulation results:
{'J': 50, 'K': 10, 'N': 10, 'p': 0.6, 'seed': 84, 'sim': 7, 'runtime': 1.4671951411291957, 'identifiable': True, 'branch': 6}
8
Q: [[0 0 1 0 0 1 0 0 0 1]
 [0 1 1 1 0 0 0 0 0 0]
 [1 1 1 1 1 1 1 1 1 0]
 [1 0 1 1 0 1 1 1 1 1]
 [1 0 0 0 1 1 0 1 1 1]
 [1 0 1 0 1 0 0 0 1 1]
 [1 0 0 1 0 1 0 0 0 0]
 [1 0 1 1 1 0 1 1 1 0]
 [0 0 0 0 1 1 1 0 1 1]
 [1 0 0 0 1 1 1 1 1 0]
 [1 1 0 1 1 0 0 1 0 1]
 [0 0 0 1 1 0 1 1 1 0]
 [1 1 1 1 1 0 0 0 0 0]
 [0 1 0 1 0 1 1 0 0 1]
 [0 0 0 0 1 1 0 0 0 1]
 [0 0 0 1 1 0 1 0 1 0]
 [1 1 1 1 1 1 0 1 1 1]
 [1 1 1 0 1 1 0 0 1 1]
 [1 0 1 0 0 1 1 1 1 1]
 [0 1 1 0 1 1 1 0 0 1]
 [0 1 0 1 0 0 1 1 1 0]
 [1 0 1 1 1 1 0 0 0 0]
 [1 0 0 1 1 0 1 0 0 1]
 [1 0 1 1 1 0 0 1 0 1]
 [0 1 0 1 0 0 1 0 0 1]
 [0 1 0 1 0 0 1 1 1 1]
 [1 0 1 1 1 1 0 0 1 0]
 [1 0 1 1 1 1 1 1 1 0]
 [0 1 0 1 0 1 1 0 1 1]
 [1 1 1 1 0 0 0 1 1 1]
 [1 1 1 0 0 1 1 0 1 0]
 [1 0 1 0 1 0 0 0 1 1]
 [0 1 1 1 1 0 1 1 1 0]
 [1 1 0 0 1 0 1 1 1 1]
 [1 0 1 0 1 1 1 0 1 1]
 [0 1 1 1 1 1 0 1 1 0]
 [1 0 0 1 1 0 0 0 1 1]
 [0 0 1 1 1 0 0 1 1 0]
 [0 0 1 0 1 1 0 1 1 1]
 [0 1 1 1 1 1 1 0 1 1]
 [0 1 1 0 0 1 1 0 1 1]
 [1 1 1 1 0 0 1 0 1 0]
 [1 1 1 1 0 0 0 0 0 0]
 [0 1 1 0 1 0 1 1 1 1]
 [1 1 1 0 1 0 0 1 1 1]
 [0 0 1 0 1 0 0 0 0 0]
 [1 1 1 1 1 0 1 1 0 1]
 [0 0 1 0 1 0 1 0 1 1]
 [1 1 1 0 1 0 0 1 1 0]
 [1 1 1 0 1 0 1 1 1 1]]
{'restarts': 6, 'conflicts': 1188, 'decisions': 3773, 'propagations': 4980429}
Q is identifiable
branch at 6
runtime for solving id of Q is 1.2420536484569311
Simulation results:
{'J': 50, 'K': 10, 'N': 10, 'p': 0.6, 'seed': 84, 'sim': 8, 'runtime': 1.2420536484569311, 'identifiable': True, 'branch': 6}
9
Q: [[1 1 1 0 1 0 0 1 1 1]
 [1 0 1 1 1 0 0 0 0 0]
 [0 0 0 1 1 1 0 1 0 0]
 [1 1 0 1 1 0 1 1 0 0]
 [1 0 0 0 0 0 0 1 0 1]
 [1 1 0 1 1 0 1 0 1 0]
 [1 1 0 0 1 0 0 1 1 0]
 [0 1 0 0 1 0 1 1 0 0]
 [0 1 1 1 1 1 1 1 1 0]
 [0 1 0 1 0 0 1 1 0 1]
 [1 1 1 1 1 1 0 0 0 1]
 [0 1 1 0 1 0 1 1 0 1]
 [0 0 1 1 1 1 1 1 1 1]
 [1 1 0 0 0 0 1 0 0 1]
 [1 0 0 1 0 0 0 1 1 1]
 [1 1 0 1 1 0 1 0 0 1]
 [0 0 1 0 1 1 0 0 1 1]
 [0 1 0 0 1 0 1 0 0 1]
 [1 1 0 1 0 1 0 0 0 0]
 [0 0 1 1 1 1 1 1 0 1]
 [1 0 0 0 0 1 0 1 0 1]
 [0 1 1 1 1 1 1 1 1 1]
 [0 0 1 0 0 0 0 0 0 0]
 [1 1 1 1 1 1 0 0 0 1]
 [0 1 1 1 0 1 1 0 1 0]
 [1 1 1 0 0 1 0 1 0 0]
 [1 1 1 0 0 1 1 0 1 1]
 [1 0 1 0 0 1 1 1 1 1]
 [0 1 1 0 0 1 1 1 1 1]
 [1 1 0 1 1 1 0 1 0 1]
 [1 0 0 1 1 0 1 1 0 1]
 [1 1 1 1 1 1 1 0 1 1]
 [0 0 1 1 1 0 0 0 0 1]
 [1 0 1 1 1 0 1 0 1 0]
 [1 1 0 0 0 1 0 1 0 1]
 [1 1 0 1 1 0 0 1 1 0]
 [0 1 1 0 1 1 1 1 1 0]
 [1 0 0 1 0 1 0 0 1 1]
 [1 1 0 1 0 1 0 1 0 0]
 [0 0 0 1 1 1 0 0 0 0]
 [1 1 0 1 1 0 1 1 0 0]
 [1 1 1 0 1 0 1 0 1 1]
 [1 0 0 1 1 0 1 0 1 1]
 [0 0 1 0 1 0 1 1 0 1]
 [1 0 0 1 0 1 1 1 0 1]
 [1 1 1 1 1 1 0 1 1 0]
 [1 1 1 0 1 1 0 0 1 0]
 [1 1 0 0 1 1 0 0 1 1]
 [1 0 1 1 0 1 1 1 1 1]
 [1 0 1 1 1 1 1 0 1 1]]
{'restarts': 1, 'conflicts': 558, 'decisions': 1789, 'propagations': 2170329}
Q is identifiable
branch at 6
runtime for solving id of Q is 1.0794123811647296
Simulation results:
{'J': 50, 'K': 10, 'N': 10, 'p': 0.6, 'seed': 84, 'sim': 9, 'runtime': 1.0794123811647296, 'identifiable': True, 'branch': 6}
Simulation results:
[{'J': 50, 'K': 10, 'N': 10, 'p': 0.6, 'seed': 84, 'sim': 0, 'runtime': 0.9810065496712923, 'identifiable': True, 'branch': 6}, {'J': 50, 'K': 10, 'N': 10, 'p': 0.6, 'seed': 84, 'sim': 1, 'runtime': 1.4562916215509176, 'identifiable': True, 'branch': 6}, {'J': 50, 'K': 10, 'N': 10, 'p': 0.6, 'seed': 84, 'sim': 2, 'runtime': 2.1795535050332546, 'identifiable': True, 'branch': 6}, {'J': 50, 'K': 10, 'N': 10, 'p': 0.6, 'seed': 84, 'sim': 3, 'runtime': 1.9483657041564584, 'identifiable': True, 'branch': 6}, {'J': 50, 'K': 10, 'N': 10, 'p': 0.6, 'seed': 84, 'sim': 4, 'runtime': 0.9961548978462815, 'identifiable': True, 'branch': 6}, {'J': 50, 'K': 10, 'N': 10, 'p': 0.6, 'seed': 84, 'sim': 5, 'runtime': 4.974990984424949, 'identifiable': True, 'branch': 6}, {'J': 50, 'K': 10, 'N': 10, 'p': 0.6, 'seed': 84, 'sim': 6, 'runtime': 2.0241070445626974, 'identifiable': True, 'branch': 6}, {'J': 50, 'K': 10, 'N': 10, 'p': 0.6, 'seed': 84, 'sim': 7, 'runtime': 1.4671951411291957, 'identifiable': True, 'branch': 6}, {'J': 50, 'K': 10, 'N': 10, 'p': 0.6, 'seed': 84, 'sim': 8, 'runtime': 1.2420536484569311, 'identifiable': True, 'branch': 6}, {'J': 50, 'K': 10, 'N': 10, 'p': 0.6, 'seed': 84, 'sim': 9, 'runtime': 1.0794123811647296, 'identifiable': True, 'branch': 6}]
