
The Gurobi software has a limited number of licenses. To request a license or
licenses, add this line

    #SBATCH --licenses=gurobi@slurmdb:1

to your SBATCH script, replacing N with the number of licenses you need. Gurobi
will need one license per process.


0
Q: [[1 0 0 1 1 1 1 1 1 1 1 0 0 1 1]
 [0 0 1 1 1 0 1 1 1 0 1 1 1 0 1]
 [0 0 1 1 1 1 0 1 1 1 1 0 1 1 1]
 [1 1 1 1 0 0 1 0 0 1 1 1 0 1 1]
 [0 1 0 1 1 0 1 1 0 1 1 1 0 1 1]
 [1 1 1 1 0 0 1 1 1 1 1 1 1 0 1]
 [0 1 1 1 1 1 1 1 0 1 1 1 1 1 1]
 [1 1 1 1 1 1 0 0 1 1 1 0 0 1 1]
 [1 1 1 1 1 1 0 0 1 1 1 1 1 1 1]
 [1 1 0 0 1 1 0 0 0 1 1 1 0 1 1]
 [0 1 0 0 1 1 1 1 1 1 1 1 1 1 1]
 [0 1 1 0 1 1 1 1 1 1 0 1 0 1 1]
 [1 1 0 0 1 1 1 0 1 1 1 1 0 1 0]
 [1 0 1 0 1 1 0 1 0 0 1 1 1 1 1]
 [1 1 1 1 1 1 0 1 1 1 1 0 1 0 1]
 [0 1 1 1 1 0 1 1 0 1 0 1 0 1 0]
 [0 0 1 1 1 0 1 1 1 1 1 1 1 0 1]
 [1 1 1 1 1 1 1 1 0 1 1 1 1 1 0]
 [1 1 0 1 1 0 1 1 0 1 1 1 1 1 1]
 [1 1 1 0 0 1 1 0 1 1 0 0 0 1 1]
 [0 1 1 1 1 1 1 1 1 1 1 1 0 0 1]
 [1 1 0 1 1 1 1 1 0 1 1 1 1 0 1]
 [0 0 1 1 0 1 1 1 1 1 0 1 0 1 1]
 [1 0 1 1 0 0 0 1 1 1 0 1 1 0 1]
 [1 1 1 1 1 1 1 0 1 1 0 0 1 1 1]]
Q is not identifiable (two-column submatrix not identifiable).
Q is not identifiable, and Q_bar is [[1 0 0 1 1 1 1 1 1 1 1 0 0 1 1]
 [0 0 1 1 1 0 1 1 1 0 1 1 1 0 1]
 [0 0 1 1 1 1 0 1 1 1 1 0 1 1 1]
 [1 1 1 1 0 0 1 0 0 0 1 1 0 1 1]
 [0 1 0 1 1 0 1 1 0 0 1 1 0 1 1]
 [1 1 1 1 0 0 1 1 1 0 1 1 1 0 1]
 [0 1 1 1 1 1 1 1 0 0 1 1 1 1 1]
 [1 1 1 1 1 1 0 0 1 0 1 0 0 1 1]
 [1 1 1 1 1 1 0 0 1 0 1 1 1 1 1]
 [1 1 0 0 1 1 0 0 0 0 1 1 0 1 1]
 [0 1 0 0 1 1 1 1 1 0 1 1 1 1 1]
 [0 1 1 0 1 1 1 1 1 0 0 1 0 1 1]
 [1 1 0 0 1 1 1 0 1 0 1 1 0 1 0]
 [1 0 1 0 1 1 0 1 0 0 1 1 1 1 1]
 [1 1 1 1 1 1 0 1 1 0 1 0 1 0 1]
 [0 1 1 1 1 0 1 1 0 0 0 1 0 1 0]
 [0 0 1 1 1 0 1 1 1 1 1 1 1 0 1]
 [1 1 1 1 1 1 1 1 0 0 1 1 1 1 0]
 [1 1 0 1 1 0 1 1 0 0 1 1 1 1 1]
 [1 1 1 0 0 1 1 0 1 0 0 0 0 1 1]
 [0 1 1 1 1 1 1 1 1 0 1 1 0 0 1]
 [1 1 0 1 1 1 1 1 0 0 1 1 1 0 1]
 [0 0 1 1 0 1 1 1 1 1 0 1 0 1 1]
 [1 0 1 1 0 0 0 1 1 1 0 1 1 0 1]
 [1 1 1 1 1 1 1 0 1 0 0 0 1 1 1]]
branch at 2
runtime for solving id of Q is 0.0030456851236522198
Simulation results:
{'J': 25, 'K': 15, 'N': 10, 'p': 0.7, 'seed': 23, 'sim': 0, 'runtime': 0.0030456851236522198, 'identifiable': 0, 'branch': 2}
1
Q: [[1 1 1 1 1 1 1 1 1 1 1 1 1 1 1]
 [0 0 1 1 0 1 0 0 0 1 1 1 0 1 1]
 [1 0 0 0 1 1 1 1 1 0 1 1 1 1 1]
 [0 1 1 1 1 1 1 1 0 1 1 1 1 1 1]
 [1 0 1 1 1 1 1 1 0 1 1 1 0 1 0]
 [1 1 0 0 0 1 0 1 1 1 1 1 1 1 1]
 [0 1 1 1 1 1 0 1 0 1 0 1 0 1 1]
 [1 0 0 1 1 1 1 1 0 1 1 1 1 0 0]
 [1 0 1 1 1 0 1 1 1 1 0 1 1 1 0]
 [1 1 1 1 1 1 1 1 1 1 1 1 0 1 1]
 [1 1 1 1 0 1 0 1 1 1 1 1 1 1 1]
 [1 0 0 1 1 1 1 0 1 1 1 1 1 1 0]
 [1 0 1 1 1 0 1 0 1 1 0 1 0 1 1]
 [1 1 0 1 1 1 0 1 0 1 1 0 1 0 1]
 [0 1 1 1 0 1 1 0 0 1 1 1 1 1 1]
 [1 1 1 1 1 0 1 1 1 1 1 1 1 1 0]
 [1 1 1 1 1 1 1 1 1 1 1 1 1 1 0]
 [1 0 1 1 1 1 0 1 1 1 1 1 1 1 0]
 [0 0 0 1 1 1 1 0 1 1 1 1 1 1 1]
 [1 1 1 1 1 0 1 0 1 0 1 0 0 1 0]
 [1 1 1 1 0 1 1 0 1 1 1 1 1 1 1]
 [1 1 1 1 1 1 1 1 1 1 1 0 1 1 1]
 [1 1 1 0 1 1 0 1 1 1 1 1 1 0 1]
 [1 0 1 0 1 1 0 0 0 1 1 1 1 0 1]
 [1 0 1 0 0 1 1 1 1 0 1 1 1 1 1]]
Q is not identifiable (three-column submatrix not identifiable).
Q is not identifiable, and Q_bar is [[1 1 1 1 1 1 1 1 1 1 1 1 1 1 1]
 [0 0 1 1 0 1 0 0 0 1 1 1 0 1 1]
 [1 0 0 0 1 1 1 1 1 0 1 1 1 1 1]
 [0 1 1 1 1 1 1 1 0 1 1 1 1 1 1]
 [1 0 1 1 1 1 1 1 0 1 1 1 0 1 0]
 [1 1 0 0 0 1 0 1 1 1 1 1 1 1 1]
 [0 1 1 1 1 1 0 1 0 1 0 1 0 1 1]
 [1 0 0 1 1 1 1 1 0 1 1 1 1 0 0]
 [1 0 1 1 1 0 1 1 1 1 0 1 1 1 0]
 [1 1 1 1 1 1 1 1 1 1 1 1 0 1 1]
 [1 1 1 1 0 1 0 1 1 1 1 1 1 1 1]
 [1 0 0 1 1 1 1 0 1 1 1 1 1 1 0]
 [1 0 1 1 1 0 1 0 1 1 0 1 0 1 1]
 [1 1 0 1 1 1 0 1 0 1 1 0 1 0 1]
 [0 1 1 1 0 1 1 0 0 1 1 1 1 1 1]
 [1 1 1 1 1 0 1 1 1 1 1 1 1 1 0]
 [1 1 1 1 1 1 1 1 1 1 1 1 1 1 0]
 [1 0 1 1 1 1 0 1 1 1 1 1 1 1 0]
 [1 0 0 0 1 0 1 0 1 1 1 1 1 1 1]
 [1 1 1 1 1 0 1 0 1 0 1 0 0 1 0]
 [1 1 1 1 0 1 1 0 1 1 1 1 1 1 1]
 [1 1 1 1 1 1 1 1 1 1 1 0 1 1 1]
 [1 1 1 0 1 1 0 1 1 1 1 1 1 0 1]
 [1 0 1 0 1 1 0 0 0 1 1 1 1 0 1]
 [1 0 1 0 0 1 1 1 1 0 1 1 1 1 1]]
branch at 3
runtime for solving id of Q is 0.0037790248170495033
Simulation results:
{'J': 25, 'K': 15, 'N': 10, 'p': 0.7, 'seed': 23, 'sim': 1, 'runtime': 0.0037790248170495033, 'identifiable': 0, 'branch': 3}
2
Q: [[1 0 1 1 0 0 1 0 1 1 1 1 1 1 1]
 [1 1 0 1 1 1 1 1 1 1 0 1 1 0 1]
 [1 1 1 1 1 1 1 1 1 0 1 0 0 0 1]
 [1 1 1 1 0 1 0 1 1 1 1 1 1 0 1]
 [0 1 0 1 1 1 0 1 1 0 0 1 0 1 1]
 [1 0 1 1 1 1 1 1 0 1 0 1 1 0 0]
 [1 1 0 1 0 1 0 1 0 0 1 0 0 0 0]
 [1 0 1 0 1 0 1 1 1 1 0 1 0 1 1]
 [1 1 1 1 1 1 1 0 1 1 1 1 1 0 1]
 [1 1 0 1 1 0 1 0 0 1 1 1 0 0 0]
 [1 1 0 1 0 1 0 1 1 1 0 1 1 1 1]
 [0 1 1 1 1 0 1 0 1 1 1 0 0 0 1]
 [1 1 0 1 1 1 0 1 1 0 1 1 0 1 1]
 [1 1 0 1 1 1 1 1 1 1 1 1 0 1 1]
 [0 1 0 1 1 1 1 1 0 0 0 1 1 0 0]
 [0 1 1 0 1 1 1 0 1 1 1 1 1 1 1]
 [0 1 1 1 0 1 1 1 1 1 0 0 1 1 0]
 [0 0 1 1 1 1 1 0 1 1 1 1 1 0 1]
 [1 1 1 0 0 1 1 0 1 1 0 1 1 1 1]
 [1 0 1 0 1 1 1 1 1 0 1 1 1 0 1]
 [1 1 0 1 0 0 1 1 1 1 0 0 0 0 1]
 [0 1 0 0 1 0 1 1 1 1 1 1 1 1 1]
 [1 0 1 0 1 1 1 1 0 1 1 1 1 1 1]
 [1 1 1 0 1 0 1 1 0 1 1 1 1 1 1]
 [1 0 1 0 1 1 1 0 1 1 0 0 1 1 0]]
Q is not identifiable (three-column submatrix not identifiable).
Q is not identifiable, and Q_bar is [[1 0 1 1 0 0 1 0 1 1 1 1 1 1 1]
 [1 1 0 1 1 1 1 1 1 1 0 1 1 0 1]
 [1 1 1 1 1 1 1 1 1 0 1 0 0 0 1]
 [1 1 1 1 0 1 0 1 1 1 1 1 1 0 1]
 [0 1 0 1 1 1 0 1 1 0 0 1 0 1 1]
 [1 0 1 1 1 1 1 1 0 1 0 1 1 0 0]
 [1 1 0 1 0 1 0 1 0 0 1 0 0 0 0]
 [1 0 1 0 1 0 1 1 1 1 0 1 0 1 1]
 [1 1 1 1 1 1 1 0 0 1 1 1 1 0 1]
 [1 1 0 1 1 0 1 0 0 1 1 1 0 0 0]
 [1 1 0 1 0 1 0 1 1 1 0 1 1 1 1]
 [0 1 1 1 1 0 1 0 1 1 1 0 0 0 1]
 [1 1 0 1 1 1 0 1 1 0 1 1 0 1 1]
 [1 1 0 1 1 1 1 1 1 1 1 1 0 1 1]
 [0 1 0 1 1 1 1 1 0 0 0 1 1 0 0]
 [0 1 1 0 1 1 1 0 1 1 1 1 1 1 1]
 [0 1 1 1 0 1 1 1 1 1 0 0 1 1 0]
 [0 0 1 1 1 1 1 0 0 1 1 0 1 0 1]
 [1 1 1 0 0 1 1 0 1 1 0 1 1 1 1]
 [1 0 1 0 1 1 1 1 1 0 1 1 1 0 1]
 [1 1 0 1 0 0 1 1 1 1 0 0 0 0 1]
 [0 1 0 0 1 0 1 1 1 1 1 1 1 1 1]
 [1 0 1 0 1 1 1 1 0 1 1 1 1 1 1]
 [1 1 1 0 1 0 1 1 0 1 1 1 1 1 1]
 [1 0 1 0 1 1 1 0 1 1 0 0 1 1 0]]
branch at 3
runtime for solving id of Q is 0.008680441183969378
Simulation results:
{'J': 25, 'K': 15, 'N': 10, 'p': 0.7, 'seed': 23, 'sim': 2, 'runtime': 0.008680441183969378, 'identifiable': 0, 'branch': 3}
3
Q: [[1 1 0 1 1 0 1 1 1 1 1 0 1 1 1]
 [1 1 0 1 0 1 1 1 1 0 0 1 0 1 1]
 [1 1 0 1 0 1 1 0 0 1 0 1 1 0 1]
 [1 1 1 1 1 1 1 1 1 1 1 0 1 0 1]
 [0 0 1 0 0 0 1 1 1 0 0 1 1 0 1]
 [1 1 0 1 0 1 0 1 1 0 1 1 1 0 1]
 [1 1 1 1 0 1 1 1 1 1 0 0 0 1 1]
 [0 0 1 1 0 1 0 1 0 1 1 1 1 1 1]
 [1 1 1 0 1 1 0 0 0 1 1 1 1 1 1]
 [1 1 1 0 1 0 1 1 0 1 1 1 1 0 0]
 [1 1 1 1 1 1 1 1 1 1 1 1 1 1 1]
 [1 1 1 0 1 1 1 0 1 0 1 0 1 1 1]
 [1 1 1 1 1 1 1 0 0 0 1 1 0 0 1]
 [1 1 0 0 1 1 0 1 1 1 1 1 1 0 1]
 [1 1 1 1 1 0 1 1 1 0 0 0 1 0 1]
 [0 1 1 1 0 1 1 1 0 0 1 1 1 0 1]
 [1 0 1 1 1 1 1 0 0 0 1 1 1 1 1]
 [1 1 1 0 1 1 1 1 1 0 1 1 0 1 1]
 [1 1 1 1 0 1 1 1 1 0 1 1 0 1 1]
 [1 1 1 1 1 1 1 1 1 1 1 1 1 1 1]
 [0 1 1 1 1 0 0 1 1 1 1 1 0 1 1]
 [0 0 0 0 0 1 1 1 0 1 1 0 0 1 0]
 [1 1 0 0 0 0 1 1 1 1 1 1 1 1 1]
 [1 1 0 1 0 1 1 1 1 0 1 0 0 1 0]
 [1 1 1 1 1 1 1 1 1 1 1 1 1 1 1]]
Q is not identifiable (three-column submatrix not identifiable).
Q is not identifiable, and Q_bar is [[1 1 0 1 1 0 1 1 1 1 1 0 1 1 1]
 [1 1 0 1 0 1 1 1 1 0 0 1 0 1 1]
 [1 1 0 1 0 1 1 0 0 1 0 1 1 0 1]
 [1 1 1 1 1 1 1 1 1 1 1 0 1 0 1]
 [0 0 1 0 0 0 1 1 1 0 0 1 1 0 1]
 [1 1 0 1 0 1 0 1 1 0 1 1 1 0 1]
 [1 1 1 1 0 1 1 1 1 1 0 0 0 1 1]
 [0 0 1 1 0 1 0 1 0 1 1 1 1 1 1]
 [1 1 1 0 1 1 0 0 0 1 1 1 1 1 1]
 [1 1 1 0 1 0 1 1 0 1 1 1 1 0 0]
 [1 1 1 1 1 1 1 1 1 1 1 1 1 1 1]
 [1 1 1 0 1 1 1 0 1 0 1 0 1 1 1]
 [1 1 1 1 1 1 1 0 0 0 1 1 0 0 1]
 [1 1 0 0 1 1 0 1 1 1 1 1 1 0 1]
 [1 1 1 1 1 0 1 1 1 0 0 0 1 0 1]
 [0 1 1 1 0 1 1 1 0 0 1 1 1 0 1]
 [1 0 1 1 1 1 1 0 0 0 1 1 1 1 1]
 [1 1 1 0 1 1 1 1 1 0 1 1 0 1 1]
 [1 1 1 1 0 1 1 1 1 0 1 1 0 1 1]
 [1 1 1 1 1 1 1 1 1 1 1 1 1 1 1]
 [0 1 1 1 1 0 0 1 1 1 1 1 0 1 1]
 [0 0 0 0 0 1 0 1 0 1 1 0 0 1 0]
 [1 1 0 0 0 0 1 1 1 1 1 1 1 1 1]
 [1 1 0 1 0 1 1 1 1 0 1 0 0 1 0]
 [1 1 1 1 1 1 1 1 1 1 1 1 1 1 1]]
branch at 3
runtime for solving id of Q is 0.007973992032930255
Simulation results:
{'J': 25, 'K': 15, 'N': 10, 'p': 0.7, 'seed': 23, 'sim': 3, 'runtime': 0.007973992032930255, 'identifiable': 0, 'branch': 3}
4
Q: [[1 1 1 0 1 1 1 0 0 1 1 1 0 1 1]
 [0 1 1 1 1 1 1 1 0 1 1 1 1 0 1]
 [1 0 0 1 1 1 0 0 0 0 0 1 1 1 1]
 [1 1 1 1 1 1 1 1 1 1 1 0 0 1 1]
 [1 1 1 1 0 1 1 1 1 1 1 1 1 0 1]
 [0 1 0 1 1 1 1 1 1 1 0 0 1 1 1]
 [0 0 0 1 1 1 1 1 1 1 1 1 1 1 0]
 [1 1 0 1 1 1 0 1 1 1 1 1 0 1 0]
 [0 1 0 1 1 0 1 0 0 1 1 0 0 1 1]
 [1 1 1 1 1 1 1 1 0 1 0 0 0 0 1]
 [0 1 1 1 1 1 0 0 0 1 1 0 0 1 1]
 [1 1 1 0 1 1 1 0 1 1 1 1 1 1 0]
 [1 0 0 1 1 0 0 0 1 1 1 1 0 0 0]
 [0 1 1 0 1 1 1 0 1 1 1 1 1 0 1]
 [1 1 1 1 1 1 1 0 0 1 1 1 0 1 1]
 [1 1 1 1 1 0 1 1 0 0 1 1 1 1 1]
 [0 0 1 1 1 1 1 0 1 0 1 1 1 1 0]
 [1 1 1 0 1 0 1 0 1 0 0 1 0 1 1]
 [0 1 0 0 1 1 1 0 1 1 1 1 1 0 1]
 [0 1 0 1 1 1 0 1 1 1 1 1 0 1 1]
 [1 1 1 1 0 1 1 1 1 1 0 0 1 1 1]
 [1 1 0 1 1 1 1 1 1 1 1 1 0 0 1]
 [1 1 1 0 1 0 1 1 1 1 0 0 1 1 0]
 [1 1 0 0 0 1 0 1 1 0 1 0 1 1 0]
 [1 1 0 1 1 0 1 0 1 0 0 0 1 1 1]]
Q is not identifiable (three-column submatrix not identifiable).
Q is not identifiable, and Q_bar is [[1 1 1 0 1 1 1 0 0 1 1 1 0 1 1]
 [0 1 1 1 1 1 1 1 0 1 1 1 1 0 1]
 [1 0 0 1 1 1 0 0 0 0 0 1 1 1 1]
 [1 1 1 1 1 1 1 1 1 1 1 0 0 1 1]
 [1 1 1 1 0 1 1 1 1 1 1 1 1 0 1]
 [0 1 0 1 1 1 1 1 1 1 0 0 1 1 1]
 [0 1 0 1 1 0 1 1 1 1 1 1 1 0 0]
 [1 1 0 1 1 1 0 1 1 1 1 1 0 1 0]
 [0 1 0 1 1 0 1 0 0 1 1 0 0 1 1]
 [1 1 1 1 1 1 1 1 0 1 0 0 0 0 1]
 [0 1 1 1 1 1 0 0 0 1 1 0 0 1 1]
 [1 1 1 0 1 1 1 0 1 1 1 1 1 1 0]
 [1 0 0 1 1 0 0 0 1 1 1 1 0 0 0]
 [0 1 1 0 1 1 1 0 1 1 1 1 1 0 1]
 [1 1 1 1 1 1 1 0 0 1 1 1 0 1 1]
 [1 1 1 1 1 0 1 1 0 0 1 1 1 1 1]
 [0 0 1 1 1 1 1 0 1 0 1 1 1 1 0]
 [1 1 1 0 1 0 1 0 1 0 0 1 0 1 1]
 [0 1 0 0 1 1 1 0 1 1 1 1 1 0 1]
 [0 1 0 1 1 1 0 1 1 1 1 1 0 1 1]
 [1 1 1 1 0 1 1 1 1 1 0 0 1 1 1]
 [1 1 0 1 1 1 1 1 1 1 1 1 0 0 1]
 [1 1 1 0 1 0 1 1 1 1 0 0 1 1 0]
 [1 1 0 0 0 1 0 1 1 0 1 0 1 1 0]
 [1 1 0 1 1 0 1 0 1 0 0 0 1 1 1]]
branch at 3
runtime for solving id of Q is 0.006264579948037863
Simulation results:
{'J': 25, 'K': 15, 'N': 10, 'p': 0.7, 'seed': 23, 'sim': 4, 'runtime': 0.006264579948037863, 'identifiable': 0, 'branch': 3}
5
Q: [[1 1 0 1 1 0 0 1 1 1 0 1 1 1 0]
 [0 1 0 0 0 1 1 0 0 0 1 1 1 1 0]
 [1 1 1 0 1 1 0 1 1 0 1 1 1 0 1]
 [1 1 1 1 0 1 0 1 1 1 1 0 1 1 1]
 [1 1 1 1 1 0 0 0 0 0 1 1 1 1 1]
 [0 0 1 0 0 1 1 0 1 0 0 0 0 0 0]
 [1 0 1 1 1 1 1 1 1 1 0 1 1 1 0]
 [1 1 1 1 1 1 0 0 1 1 1 0 0 1 0]
 [1 1 1 1 0 1 0 0 1 0 0 1 1 1 1]
 [1 1 1 1 0 1 0 1 1 1 1 0 0 1 1]
 [0 1 1 0 1 0 1 1 1 1 1 1 1 1 1]
 [0 1 1 1 1 0 1 0 0 1 0 1 0 0 0]
 [0 1 0 1 1 1 1 1 1 0 1 1 1 1 0]
 [1 1 1 1 1 0 1 1 0 1 1 0 0 1 1]
 [0 0 1 1 1 1 1 0 0 1 1 1 0 0 0]
 [0 1 1 1 1 1 0 0 0 1 1 1 1 1 1]
 [1 1 0 1 1 0 1 1 1 1 1 0 1 1 1]
 [1 0 0 0 1 1 1 1 1 1 0 1 1 0 1]
 [1 0 1 0 1 1 1 0 1 1 1 0 1 0 1]
 [1 1 1 0 1 1 1 0 0 1 1 1 0 1 1]
 [1 0 0 1 1 1 1 1 1 0 0 1 1 0 1]
 [1 1 1 1 1 1 1 1 1 1 0 0 1 0 1]
 [1 1 1 1 0 0 1 0 1 1 0 1 0 1 0]
 [1 0 1 1 1 0 0 0 1 1 1 1 1 1 1]
 [1 0 1 1 1 1 1 1 1 0 0 1 1 1 0]]
Q is not identifiable (three-column submatrix not identifiable).
Q is not identifiable, and Q_bar is [[1 1 0 1 1 0 0 1 1 1 0 1 1 1 0]
 [0 1 0 0 0 1 1 0 0 0 1 1 1 1 0]
 [1 1 1 0 1 1 0 1 1 0 1 1 1 0 1]
 [1 1 1 1 0 1 0 1 1 1 1 0 1 1 1]
 [1 1 1 1 1 0 0 0 0 0 1 1 1 1 1]
 [1 0 1 0 0 1 1 0 1 0 0 0 0 0 0]
 [1 0 1 1 1 1 1 1 1 1 0 1 1 1 0]
 [1 1 1 1 1 1 0 0 1 1 1 0 0 1 0]
 [1 1 1 1 0 1 0 0 1 0 0 1 1 1 1]
 [1 1 1 1 0 1 0 1 1 1 1 0 0 1 1]
 [0 1 1 0 1 0 1 1 1 1 1 1 1 1 1]
 [0 1 1 1 1 0 1 0 0 1 0 1 0 0 0]
 [0 1 0 1 1 1 1 1 1 0 1 1 1 1 0]
 [1 1 1 1 1 0 1 1 0 1 1 0 0 1 1]
 [0 0 1 1 1 1 1 0 0 1 1 1 0 0 0]
 [0 1 1 1 1 1 0 0 0 1 1 1 1 1 1]
 [1 1 0 1 1 0 1 1 1 1 1 0 1 1 1]
 [1 0 0 0 1 1 1 1 1 1 0 1 1 0 1]
 [1 0 1 0 1 1 1 0 1 1 1 0 1 0 1]
 [1 1 1 0 1 1 1 0 0 1 1 1 0 1 1]
 [1 0 0 1 1 1 1 1 1 0 0 1 1 0 1]
 [1 1 1 1 1 1 1 1 1 1 0 0 1 0 1]
 [1 1 1 1 0 0 1 0 1 1 0 1 0 1 0]
 [1 0 1 1 1 0 0 0 1 1 1 1 1 1 1]
 [1 0 1 1 1 1 1 1 1 0 0 1 1 1 0]]
branch at 3
runtime for solving id of Q is 0.0055071511305868626
Simulation results:
{'J': 25, 'K': 15, 'N': 10, 'p': 0.7, 'seed': 23, 'sim': 5, 'runtime': 0.0055071511305868626, 'identifiable': 0, 'branch': 3}
6
Q: [[1 1 1 1 1 0 1 0 0 1 0 0 1 1 1]
 [0 1 1 1 1 0 0 1 1 0 1 0 1 1 1]
 [1 0 0 1 1 1 1 1 1 1 1 1 0 1 1]
 [1 1 1 0 1 0 1 1 0 0 1 1 0 0 0]
 [1 1 1 1 0 1 0 1 1 0 1 1 1 1 0]
 [1 0 0 1 1 0 1 1 1 1 1 1 1 1 1]
 [0 1 0 0 0 1 1 1 1 1 1 0 1 1 1]
 [0 0 1 0 0 0 1 1 1 1 1 1 0 1 0]
 [1 1 1 1 1 1 0 0 1 1 0 1 1 1 0]
 [1 1 0 1 1 1 1 0 1 1 0 1 1 1 1]
 [1 1 0 0 1 1 0 1 1 1 1 0 1 1 1]
 [0 0 1 1 1 0 1 1 1 1 0 1 1 1 1]
 [0 0 0 1 1 1 0 1 1 1 1 1 1 1 0]
 [0 0 1 0 1 0 0 1 1 0 1 1 1 1 1]
 [1 0 1 1 0 1 0 1 0 1 1 1 1 1 0]
 [0 1 1 1 1 1 1 0 1 0 1 1 1 1 1]
 [1 1 1 1 0 1 1 1 1 1 0 1 1 1 1]
 [1 1 1 1 1 0 1 1 0 1 1 1 1 0 1]
 [1 1 0 1 0 1 1 0 0 1 1 1 0 1 1]
 [0 1 0 1 1 0 0 0 0 1 1 1 0 1 1]
 [0 1 1 1 0 1 0 1 0 0 1 1 0 1 1]
 [1 0 1 1 0 0 0 1 1 1 1 1 0 1 1]
 [0 1 1 0 1 0 0 1 0 1 1 1 1 0 1]
 [1 0 0 1 1 1 1 1 1 1 1 1 0 1 1]
 [1 1 1 1 1 1 1 1 1 1 1 1 0 1 1]]
Q is not identifiable (two-column submatrix not identifiable).
Q is not identifiable, and Q_bar is [[1 1 1 1 1 0 1 0 0 1 0 0 1 1 1]
 [0 1 1 1 1 0 0 1 1 0 1 0 1 1 1]
 [1 0 0 1 1 1 1 1 1 1 1 1 0 0 1]
 [1 1 1 0 1 0 1 1 0 0 1 1 0 0 0]
 [1 1 1 1 0 1 0 1 1 0 1 1 1 0 0]
 [1 0 0 1 1 0 1 1 1 1 1 1 1 1 1]
 [0 1 0 0 0 1 1 1 1 1 1 0 1 0 1]
 [0 0 1 0 0 0 1 1 1 1 1 1 0 1 0]
 [1 1 1 1 1 1 0 0 1 1 0 1 1 0 0]
 [1 1 0 1 1 1 1 0 1 1 0 1 1 0 1]
 [1 1 0 0 1 1 0 1 1 1 1 0 1 0 1]
 [0 0 1 1 1 0 1 1 1 1 0 1 1 1 1]
 [0 0 0 1 1 1 0 1 1 1 1 1 1 0 0]
 [0 0 1 0 1 0 0 1 1 0 1 1 1 1 1]
 [1 0 1 1 0 1 0 1 0 1 1 1 1 0 0]
 [0 1 1 1 1 1 1 0 1 0 1 1 1 0 1]
 [1 1 1 1 0 1 1 1 1 1 0 1 1 0 1]
 [1 1 1 1 1 0 1 1 0 1 1 1 1 0 1]
 [1 1 0 1 0 1 1 0 0 1 1 1 0 0 1]
 [0 1 0 1 1 0 0 0 0 1 1 1 0 1 1]
 [0 1 1 1 0 1 0 1 0 0 1 1 0 0 1]
 [1 0 1 1 0 0 0 1 1 1 1 1 0 1 1]
 [0 1 1 0 1 0 0 1 0 1 1 1 1 0 1]
 [1 0 0 1 1 1 1 1 1 1 1 1 0 0 1]
 [1 1 1 1 1 1 1 1 1 1 1 1 0 1 1]]
branch at 2
runtime for solving id of Q is 0.0037850679364055395
Simulation results:
{'J': 25, 'K': 15, 'N': 10, 'p': 0.7, 'seed': 23, 'sim': 6, 'runtime': 0.0037850679364055395, 'identifiable': 0, 'branch': 2}
7
Q: [[0 1 1 1 0 1 0 0 1 1 0 0 1 0 1]
 [1 0 1 0 0 0 1 1 1 1 1 1 1 1 1]
 [1 1 1 1 1 1 1 0 0 1 1 1 1 1 0]
 [0 1 1 1 1 0 1 1 0 1 1 1 1 1 0]
 [0 1 0 1 1 1 1 1 1 1 1 1 1 1 1]
 [1 1 0 1 1 1 1 0 1 0 1 0 0 1 1]
 [1 1 1 1 1 0 1 0 1 1 1 1 1 1 0]
 [1 0 0 1 1 1 1 1 1 0 0 1 1 1 1]
 [0 1 1 1 0 0 1 0 1 1 0 1 1 0 1]
 [1 1 1 1 1 1 1 1 1 1 1 1 0 1 1]
 [1 1 0 1 1 1 1 1 0 1 1 0 1 1 1]
 [0 1 1 1 1 1 1 1 1 1 0 1 1 1 1]
 [1 0 1 0 0 1 1 0 1 1 1 0 1 0 1]
 [0 1 1 0 1 0 1 1 0 1 1 1 1 1 1]
 [0 1 0 1 0 1 1 1 1 0 1 1 1 1 1]
 [0 1 1 0 1 0 0 1 1 0 0 0 0 0 1]
 [1 1 0 1 1 1 1 0 0 1 0 1 1 1 1]
 [1 0 1 0 1 0 1 0 1 1 1 1 1 1 1]
 [1 1 1 1 1 1 0 1 1 1 1 1 0 1 1]
 [0 0 1 1 1 1 0 1 0 1 0 1 1 0 1]
 [0 0 1 1 1 1 1 1 1 1 1 0 1 1 0]
 [1 1 1 0 1 1 1 1 0 1 1 0 1 1 0]
 [0 1 1 1 1 1 1 1 0 1 1 1 1 1 1]
 [0 1 1 1 0 1 1 1 0 1 1 1 1 1 1]
 [1 1 1 1 1 1 1 1 1 0 1 0 1 0 0]]
Q is not identifiable (three-column submatrix not identifiable).
Q is not identifiable, and Q_bar is [[0 1 1 1 0 1 0 0 1 1 0 0 1 0 1]
 [1 0 1 0 0 0 1 1 1 1 1 1 1 1 1]
 [1 1 1 1 1 1 1 0 0 1 1 1 1 1 0]
 [0 1 1 1 1 0 1 1 0 1 1 1 1 1 0]
 [0 1 0 1 1 1 1 1 1 1 1 1 1 1 1]
 [1 1 0 1 1 1 1 0 1 0 1 0 0 1 1]
 [1 1 1 1 1 0 1 0 1 1 1 1 1 1 0]
 [1 0 0 1 1 1 1 1 1 0 0 1 1 1 1]
 [0 1 1 1 0 0 1 0 1 1 0 1 1 0 1]
 [1 1 1 1 1 1 1 1 1 1 1 1 0 1 1]
 [1 1 0 1 1 1 1 1 0 1 1 0 1 1 1]
 [0 1 1 1 1 1 1 1 1 1 0 1 1 1 1]
 [1 0 1 0 0 1 1 0 1 1 1 0 1 0 1]
 [0 1 1 0 1 0 1 1 0 1 1 1 1 1 1]
 [0 1 0 1 0 1 1 1 1 0 1 1 1 1 1]
 [0 1 1 0 1 0 0 1 1 0 0 0 0 0 1]
 [1 1 0 1 1 1 1 0 0 1 0 1 1 1 1]
 [1 0 1 0 1 0 1 0 1 1 1 1 1 1 1]
 [1 1 1 1 1 1 0 1 1 1 1 1 0 1 1]
 [0 1 1 1 1 1 0 1 0 1 0 1 1 0 1]
 [0 0 1 1 1 1 1 1 1 1 1 0 1 1 0]
 [1 1 1 0 1 1 1 1 0 1 1 0 1 1 0]
 [0 1 1 1 1 1 1 1 0 1 1 1 1 1 1]
 [0 1 1 1 0 1 1 1 0 1 1 1 1 1 1]
 [1 1 1 1 1 1 1 1 1 0 1 0 1 0 0]]
branch at 3
runtime for solving id of Q is 0.005131989950314164
Simulation results:
{'J': 25, 'K': 15, 'N': 10, 'p': 0.7, 'seed': 23, 'sim': 7, 'runtime': 0.005131989950314164, 'identifiable': 0, 'branch': 3}
8
Q: [[0 1 1 0 0 1 1 0 1 1 1 1 0 0 1]
 [0 1 0 0 1 1 1 1 0 1 0 0 0 1 1]
 [1 1 1 0 1 1 1 0 1 1 1 1 1 1 1]
 [0 1 1 1 1 1 1 0 1 1 0 1 1 1 1]
 [1 1 1 1 1 1 1 0 1 1 0 1 0 1 1]
 [0 0 0 1 1 1 1 0 1 0 1 1 1 0 1]
 [1 0 1 1 1 1 1 0 1 0 0 0 1 0 0]
 [0 1 1 1 1 1 1 1 1 1 0 1 1 1 0]
 [0 0 1 0 1 1 1 1 1 0 1 0 1 1 1]
 [1 0 1 0 0 1 1 1 1 1 1 0 1 1 1]
 [1 0 0 1 1 1 1 1 0 0 1 0 0 1 0]
 [1 0 1 1 1 1 1 1 1 1 1 1 1 1 0]
 [0 0 1 0 1 0 1 1 0 1 1 1 1 0 1]
 [1 0 1 1 1 0 1 0 0 1 1 1 0 1 1]
 [1 1 1 1 0 1 1 1 0 1 1 1 1 1 1]
 [0 0 0 1 1 0 1 1 0 1 1 1 1 1 1]
 [0 1 1 1 1 1 1 0 1 0 1 0 1 1 1]
 [1 0 0 1 1 1 1 1 1 0 0 1 1 0 1]
 [0 1 0 1 1 1 1 0 1 1 0 1 1 1 0]
 [1 1 1 1 1 0 1 1 1 1 1 0 1 1 1]
 [0 1 1 1 0 1 1 1 1 1 1 1 1 1 1]
 [1 0 1 1 1 0 1 1 1 1 1 1 0 1 1]
 [1 1 1 0 1 1 1 1 1 1 1 1 1 1 1]
 [1 0 0 1 0 0 1 0 0 1 1 1 1 1 1]
 [1 1 0 1 1 1 1 0 1 1 0 1 1 1 0]]
Q is trivially not identifiable (all one column).
Q is not identifiable, and Q_bar is [[0 1 1 0 0 1 0 0 1 1 1 1 0 0 1]
 [0 1 0 0 1 1 0 1 0 1 0 0 0 1 1]
 [1 1 1 0 1 1 0 0 1 1 1 1 1 1 1]
 [0 1 1 1 1 1 0 0 1 1 0 1 1 1 1]
 [1 1 1 1 1 1 0 0 1 1 0 1 0 1 1]
 [0 0 0 1 1 1 0 0 1 0 1 1 1 0 1]
 [1 0 1 1 1 1 0 0 1 0 0 0 1 0 0]
 [0 1 1 1 1 1 0 1 1 1 0 1 1 1 0]
 [0 0 1 0 1 1 0 1 1 0 1 0 1 1 1]
 [1 0 1 0 0 1 0 1 1 1 1 0 1 1 1]
 [1 0 0 1 1 1 0 1 0 0 1 0 0 1 0]
 [1 0 1 1 1 1 0 1 1 1 1 1 1 1 0]
 [0 0 1 0 1 0 0 1 0 1 1 1 1 0 1]
 [1 0 1 1 1 0 0 0 0 1 1 1 0 1 1]
 [1 1 1 1 0 1 0 1 0 1 1 1 1 1 1]
 [0 0 0 1 1 0 0 1 0 1 1 1 1 1 1]
 [0 1 1 1 1 1 0 0 1 0 1 0 1 1 1]
 [1 0 0 1 1 1 0 1 1 0 0 1 1 0 1]
 [0 1 0 1 1 1 0 0 1 1 0 1 1 1 0]
 [1 1 1 1 1 0 0 1 1 1 1 0 1 1 1]
 [0 1 1 1 0 1 0 1 1 1 1 1 1 1 1]
 [1 0 1 1 1 0 0 1 1 1 1 1 0 1 1]
 [1 1 1 0 1 1 0 1 1 1 1 1 1 1 1]
 [1 0 0 1 0 0 0 0 0 1 1 1 1 1 1]
 [1 1 0 1 1 1 0 0 1 1 0 1 1 1 0]]
branch at 1
runtime for solving id of Q is 0.00259210797958076
Simulation results:
{'J': 25, 'K': 15, 'N': 10, 'p': 0.7, 'seed': 23, 'sim': 8, 'runtime': 0.00259210797958076, 'identifiable': 0, 'branch': 1}
9
Q: [[0 1 1 1 1 0 1 1 1 1 1 1 0 0 1]
 [0 1 0 1 1 1 0 1 1 0 1 1 1 1 1]
 [1 1 1 1 0 1 1 1 1 1 1 1 1 1 0]
 [1 0 1 0 1 1 1 1 1 1 1 1 1 1 1]
 [1 0 0 1 1 1 1 1 1 0 1 1 0 1 1]
 [1 0 1 1 1 0 1 0 1 1 1 0 1 1 1]
 [1 1 0 1 1 1 0 0 0 1 0 1 1 1 1]
 [1 0 1 1 1 1 1 1 0 1 1 1 0 0 0]
 [1 1 1 1 1 1 0 1 1 1 1 1 0 1 1]
 [1 0 1 1 1 1 0 0 0 1 1 1 1 1 1]
 [1 1 1 0 1 1 1 1 1 1 1 1 0 0 1]
 [1 1 1 1 1 0 1 1 1 1 1 1 1 1 1]
 [0 1 0 1 0 0 1 0 1 1 1 1 1 1 1]
 [1 1 0 1 1 0 1 0 1 1 0 0 0 1 1]
 [1 1 1 1 1 1 0 1 1 1 1 1 1 1 1]
 [1 0 0 1 1 0 1 1 1 1 0 1 0 0 0]
 [0 1 1 1 0 1 1 0 0 1 0 1 1 0 1]
 [0 0 0 1 1 1 1 0 1 1 0 1 1 1 1]
 [1 1 1 0 1 1 1 1 0 0 1 1 1 0 1]
 [1 1 1 1 1 1 1 0 1 1 0 1 1 1 0]
 [1 1 1 0 1 1 0 1 0 1 1 0 1 1 1]
 [1 1 1 1 1 0 0 1 0 0 1 1 1 0 1]
 [0 1 0 1 0 1 1 1 1 1 0 0 1 0 1]
 [1 0 1 1 1 1 1 1 1 0 1 1 0 1 1]
 [1 1 1 1 1 0 1 1 1 1 1 0 1 1 0]]
Q is not identifiable (three-column submatrix not identifiable).
Q is not identifiable, and Q_bar is [[0 1 1 1 1 0 1 1 1 1 1 1 0 0 1]
 [0 1 0 1 1 1 0 1 1 0 1 1 1 1 1]
 [1 1 1 1 0 1 1 1 1 1 1 1 1 1 0]
 [1 0 1 0 1 1 1 1 1 1 1 1 1 1 1]
 [1 0 0 1 1 1 1 1 1 0 1 1 0 1 1]
 [1 0 1 1 1 0 1 0 1 1 1 0 1 1 1]
 [1 1 0 1 1 1 0 0 0 1 0 1 1 1 1]
 [1 0 1 1 1 1 1 1 0 1 1 1 0 0 0]
 [1 1 1 1 1 1 0 1 1 1 1 1 0 1 1]
 [1 0 1 1 1 1 0 0 0 1 1 1 1 1 1]
 [1 1 1 0 1 1 1 1 1 1 1 1 0 0 1]
 [1 1 1 1 1 0 1 1 1 1 1 1 1 1 1]
 [0 1 0 1 0 0 1 0 1 1 1 1 1 1 1]
 [1 1 0 1 1 0 1 0 1 1 0 0 0 1 1]
 [1 1 1 1 1 1 0 1 1 1 1 1 1 1 1]
 [1 0 0 1 1 0 1 1 1 1 0 1 0 0 0]
 [0 1 1 1 0 1 1 0 0 1 0 1 1 0 1]
 [1 0 0 0 1 1 1 0 1 1 0 1 1 1 0]
 [1 1 1 0 1 1 1 1 0 0 1 1 1 0 1]
 [1 1 1 1 1 1 1 0 1 1 0 1 1 1 0]
 [1 1 1 0 1 1 0 1 0 1 1 0 1 1 1]
 [1 1 1 1 1 0 0 1 0 0 1 1 1 0 1]
 [0 1 0 1 0 1 1 1 1 1 0 0 1 0 1]
 [1 0 1 1 1 1 1 1 1 0 1 1 0 1 1]
 [1 1 1 1 1 0 1 1 1 1 1 0 1 1 0]]
branch at 3
runtime for solving id of Q is 0.004530793987214565
Simulation results:
{'J': 25, 'K': 15, 'N': 10, 'p': 0.7, 'seed': 23, 'sim': 9, 'runtime': 0.004530793987214565, 'identifiable': 0, 'branch': 3}
Simulation results:
[{'J': 25, 'K': 15, 'N': 10, 'p': 0.7, 'seed': 23, 'sim': 0, 'runtime': 0.0030456851236522198, 'identifiable': 0, 'branch': 2}, {'J': 25, 'K': 15, 'N': 10, 'p': 0.7, 'seed': 23, 'sim': 1, 'runtime': 0.0037790248170495033, 'identifiable': 0, 'branch': 3}, {'J': 25, 'K': 15, 'N': 10, 'p': 0.7, 'seed': 23, 'sim': 2, 'runtime': 0.008680441183969378, 'identifiable': 0, 'branch': 3}, {'J': 25, 'K': 15, 'N': 10, 'p': 0.7, 'seed': 23, 'sim': 3, 'runtime': 0.007973992032930255, 'identifiable': 0, 'branch': 3}, {'J': 25, 'K': 15, 'N': 10, 'p': 0.7, 'seed': 23, 'sim': 4, 'runtime': 0.006264579948037863, 'identifiable': 0, 'branch': 3}, {'J': 25, 'K': 15, 'N': 10, 'p': 0.7, 'seed': 23, 'sim': 5, 'runtime': 0.0055071511305868626, 'identifiable': 0, 'branch': 3}, {'J': 25, 'K': 15, 'N': 10, 'p': 0.7, 'seed': 23, 'sim': 6, 'runtime': 0.0037850679364055395, 'identifiable': 0, 'branch': 2}, {'J': 25, 'K': 15, 'N': 10, 'p': 0.7, 'seed': 23, 'sim': 7, 'runtime': 0.005131989950314164, 'identifiable': 0, 'branch': 3}, {'J': 25, 'K': 15, 'N': 10, 'p': 0.7, 'seed': 23, 'sim': 8, 'runtime': 0.00259210797958076, 'identifiable': 0, 'branch': 1}, {'J': 25, 'K': 15, 'N': 10, 'p': 0.7, 'seed': 23, 'sim': 9, 'runtime': 0.004530793987214565, 'identifiable': 0, 'branch': 3}]
