
The Gurobi software has a limited number of licenses. To request a license or
licenses, add this line

    #SBATCH --licenses=gurobi@slurmdb:1

to your SBATCH script, replacing N with the number of licenses you need. Gurobi
will need one license per process.


0
Q: [[0 1 1 0 1 1 1 1 1 1]
 [1 1 0 1 1 0 1 1 1 1]
 [1 1 1 1 0 1 0 1 1 0]
 [1 1 1 1 0 1 1 1 1 1]
 [1 1 0 0 1 1 1 1 0 0]
 [1 0 1 1 1 1 1 0 1 1]
 [1 1 1 1 0 1 1 0 1 1]
 [1 1 1 1 0 1 1 0 1 0]
 [0 0 0 1 1 1 0 1 0 0]
 [1 0 0 1 1 1 1 0 1 1]
 [1 1 0 1 1 0 1 1 1 1]
 [0 0 0 1 1 1 1 1 1 1]
 [1 0 1 0 1 1 0 1 1 1]
 [1 1 1 1 1 0 0 1 1 1]
 [1 1 1 1 0 1 0 0 1 1]
 [1 0 0 1 1 1 1 0 0 1]
 [1 1 1 1 1 1 1 0 1 1]
 [1 0 0 1 1 1 1 0 0 0]
 [1 1 0 1 1 1 1 1 1 1]
 [1 1 1 0 0 0 0 1 1 0]
 [1 1 1 0 1 1 1 1 1 0]
 [0 1 1 1 1 0 1 1 1 1]
 [1 0 0 1 0 0 1 1 1 1]
 [1 0 0 1 1 1 0 1 1 1]
 [1 1 1 0 1 1 1 0 1 1]
 [1 1 0 1 1 0 1 1 1 1]
 [1 1 1 1 0 1 1 1 0 1]
 [1 0 0 1 0 1 0 1 1 0]
 [1 1 1 1 0 1 1 0 0 1]
 [1 0 1 1 1 1 0 1 1 0]
 [1 1 1 1 1 0 1 0 0 1]
 [1 0 1 1 1 1 1 0 1 1]
 [1 1 1 0 1 1 1 1 1 1]
 [0 1 0 1 1 0 0 1 0 1]
 [1 0 0 1 1 1 0 0 1 1]
 [1 0 0 0 1 1 1 1 1 0]
 [1 1 1 1 1 1 1 1 1 1]
 [0 1 1 1 1 0 1 0 0 1]
 [1 1 1 0 0 1 0 1 1 1]
 [0 1 1 0 1 1 0 1 1 0]
 [1 0 1 0 0 0 0 1 1 1]
 [1 0 0 1 1 1 1 1 1 1]
 [1 1 1 1 1 0 0 1 1 1]
 [0 1 1 1 0 0 1 1 1 1]
 [0 1 0 1 1 0 1 0 0 1]
 [1 1 1 1 0 1 1 0 1 1]
 [1 1 1 1 0 1 1 0 1 1]
 [1 0 1 1 1 0 1 0 1 0]
 [1 0 0 1 1 0 0 1 1 1]
 [1 1 1 1 0 0 1 1 0 1]]
{'restarts': 46, 'conflicts': 19451, 'decisions': 32506, 'propagations': 7825753}
Q is identifiable
branch at 6
runtime for solving id of Q is 1.3607000997290015
Simulation results:
{'J': 50, 'K': 10, 'N': 10, 'p': 0.7, 'seed': 756, 'sim': 0, 'runtime': 1.3607000997290015, 'identifiable': 1, 'branch': 6}
1
Q: [[0 1 1 0 0 1 0 1 1 0]
 [1 1 0 1 0 1 0 1 1 1]
 [0 1 1 1 1 1 0 0 0 0]
 [1 1 0 0 1 1 0 0 0 1]
 [1 0 1 1 1 1 1 0 1 1]
 [0 1 1 0 1 1 1 1 1 0]
 [1 1 1 1 0 1 1 1 1 1]
 [1 1 1 1 1 0 1 1 1 0]
 [1 0 1 1 1 1 1 1 1 0]
 [1 1 1 1 1 1 1 1 0 1]
 [0 1 0 0 0 1 1 1 0 0]
 [0 1 1 1 0 0 0 1 0 1]
 [0 1 0 0 1 1 1 1 1 1]
 [0 0 1 0 1 1 0 1 1 1]
 [1 1 1 0 1 0 1 0 1 1]
 [1 0 0 1 1 0 1 1 0 0]
 [1 1 0 1 1 1 1 1 1 1]
 [0 1 1 1 1 1 0 0 1 1]
 [1 1 1 0 0 1 0 1 1 0]
 [1 1 0 1 1 1 1 1 1 1]
 [0 0 1 1 1 1 1 0 0 0]
 [1 1 1 0 0 1 1 1 1 1]
 [1 1 1 0 0 1 1 1 1 1]
 [1 0 1 1 1 1 1 1 1 1]
 [1 1 1 0 1 1 1 1 1 1]
 [1 1 1 1 1 1 1 1 1 0]
 [1 1 1 1 1 1 1 1 1 1]
 [1 1 1 1 1 0 0 1 1 0]
 [0 1 1 0 1 0 1 0 1 0]
 [0 1 1 1 0 0 1 0 1 1]
 [0 1 0 0 1 0 1 1 1 1]
 [1 0 1 1 0 0 1 1 1 1]
 [1 1 1 1 1 1 1 1 1 1]
 [1 0 1 1 1 1 1 1 1 1]
 [0 0 1 0 1 1 0 1 1 1]
 [0 1 0 0 1 1 0 1 0 0]
 [0 1 0 1 1 0 1 0 1 1]
 [1 1 1 1 1 0 1 1 1 1]
 [1 0 1 1 1 1 1 0 0 1]
 [1 0 1 0 1 1 0 1 1 1]
 [1 1 0 1 1 0 1 0 1 1]
 [0 1 1 0 1 1 1 1 0 1]
 [0 0 1 1 1 1 1 1 1 1]
 [1 0 1 0 1 1 1 1 1 1]
 [1 1 1 1 1 1 0 1 1 1]
 [1 1 1 1 0 1 1 1 0 1]
 [0 0 1 0 1 0 1 1 1 0]
 [0 1 0 1 1 1 1 0 0 1]
 [1 0 0 1 1 1 1 1 1 0]
 [0 1 1 1 1 0 1 0 1 0]]
{'restarts': 16, 'conflicts': 7892, 'decisions': 13233, 'propagations': 3878510}
Q is identifiable
branch at 6
runtime for solving id of Q is 0.6474626921117306
Simulation results:
{'J': 50, 'K': 10, 'N': 10, 'p': 0.7, 'seed': 756, 'sim': 1, 'runtime': 0.6474626921117306, 'identifiable': 1, 'branch': 6}
2
Q: [[0 0 0 1 1 1 0 1 1 0]
 [0 0 1 1 0 0 0 1 1 0]
 [1 1 1 0 1 0 0 0 1 1]
 [0 1 1 1 0 1 0 1 1 1]
 [1 1 1 1 1 1 1 1 0 1]
 [1 1 0 1 1 0 1 1 1 1]
 [0 1 1 0 0 1 1 1 1 1]
 [0 1 1 1 0 0 1 1 1 1]
 [1 0 1 0 1 0 0 1 1 0]
 [0 0 1 1 1 1 0 1 0 1]
 [1 1 1 1 1 0 0 1 1 0]
 [1 0 1 1 0 1 1 0 1 1]
 [0 1 1 1 1 0 1 1 0 1]
 [0 0 0 1 0 1 1 1 1 1]
 [1 1 1 1 1 0 1 1 0 1]
 [1 0 1 1 1 0 1 0 1 1]
 [1 1 0 1 0 1 1 1 1 0]
 [1 1 1 1 1 1 0 1 1 1]
 [1 1 1 0 1 1 1 1 1 0]
 [1 1 1 1 0 1 1 1 1 1]
 [0 1 1 1 1 0 1 1 1 1]
 [1 1 0 0 1 1 1 1 1 0]
 [1 0 1 1 0 0 1 1 0 0]
 [1 1 0 1 1 1 1 1 0 1]
 [0 0 1 1 1 1 1 1 1 0]
 [1 1 1 0 1 1 1 1 0 1]
 [0 1 1 0 0 1 1 0 1 0]
 [1 1 1 1 1 1 0 1 1 1]
 [1 1 1 0 1 1 1 0 1 1]
 [1 1 1 1 1 1 1 0 0 0]
 [0 1 1 1 0 1 1 1 1 0]
 [1 1 0 0 0 0 1 0 1 1]
 [1 1 1 1 1 0 1 1 0 1]
 [1 0 1 0 1 1 0 1 1 1]
 [1 1 0 0 1 0 1 1 1 0]
 [1 1 1 1 0 1 0 0 0 1]
 [1 1 0 1 1 1 1 0 0 0]
 [0 0 0 1 1 1 1 1 1 1]
 [1 1 1 1 1 1 1 1 1 1]
 [0 0 1 1 0 0 0 0 1 0]
 [0 1 0 1 1 0 1 1 0 0]
 [0 1 1 1 1 1 1 1 0 1]
 [1 1 1 1 1 0 1 1 1 1]
 [1 1 0 0 1 1 1 1 1 1]
 [1 1 1 1 0 1 1 1 1 0]
 [1 0 1 1 1 0 1 1 1 0]
 [1 1 0 1 1 0 1 0 0 1]
 [1 1 1 1 1 1 1 0 1 1]
 [1 1 0 1 0 1 1 1 1 0]
 [0 1 0 1 0 1 1 1 1 1]]
{'restarts': 24, 'conflicts': 6021, 'decisions': 11057, 'propagations': 3004853}
Q is identifiable
branch at 6
runtime for solving id of Q is 0.4224929166957736
Simulation results:
{'J': 50, 'K': 10, 'N': 10, 'p': 0.7, 'seed': 756, 'sim': 2, 'runtime': 0.4224929166957736, 'identifiable': 1, 'branch': 6}
3
Q: [[1 1 1 1 1 0 1 1 1 1]
 [1 1 1 0 1 1 1 0 1 1]
 [0 1 1 1 1 1 1 0 0 1]
 [1 1 1 1 1 0 1 1 1 1]
 [0 1 1 0 1 0 0 1 0 1]
 [1 0 1 1 0 0 0 0 1 0]
 [0 0 1 0 1 1 0 1 1 1]
 [1 1 1 1 1 1 1 1 0 0]
 [0 1 1 1 1 1 1 1 1 1]
 [1 1 1 0 1 0 1 1 0 0]
 [1 0 1 1 0 0 0 1 1 1]
 [1 1 1 1 1 0 1 1 1 1]
 [1 1 0 1 1 1 0 0 1 1]
 [0 0 0 1 0 0 0 1 1 0]
 [1 1 1 1 1 1 0 0 1 0]
 [0 1 1 1 0 0 1 1 1 1]
 [0 1 1 1 1 1 1 0 1 1]
 [1 0 0 0 1 1 1 1 0 1]
 [1 1 1 1 1 1 1 0 1 1]
 [1 0 1 1 0 1 1 1 0 1]
 [1 0 1 1 1 0 1 0 0 0]
 [1 0 1 1 1 1 1 1 1 1]
 [1 1 0 1 1 0 1 0 1 1]
 [0 1 1 1 1 1 1 1 1 1]
 [1 1 0 1 1 1 0 1 0 1]
 [1 1 1 1 1 1 1 1 0 1]
 [1 1 0 1 0 1 1 1 1 1]
 [1 1 1 1 1 0 0 1 1 0]
 [0 1 1 0 1 1 1 1 1 1]
 [0 1 1 0 1 1 0 1 1 1]
 [1 1 1 0 1 1 1 1 1 0]
 [1 0 0 1 0 1 1 0 1 1]
 [1 1 1 1 1 0 1 0 0 1]
 [1 1 1 1 1 1 1 1 1 0]
 [1 1 1 1 0 1 1 1 1 0]
 [0 0 0 0 0 0 1 0 1 1]
 [1 1 1 1 1 1 1 0 0 1]
 [1 0 1 1 1 0 1 1 1 1]
 [1 1 0 1 1 1 1 1 0 1]
 [1 1 0 0 0 0 0 1 1 1]
 [1 1 1 0 1 1 1 1 1 1]
 [1 1 1 1 0 1 1 1 0 1]
 [0 1 1 0 0 1 1 0 1 0]
 [1 1 1 1 1 0 1 1 1 0]
 [1 0 1 1 1 1 1 0 1 1]
 [1 1 1 1 1 1 1 0 1 1]
 [1 0 1 1 0 1 1 1 1 0]
 [1 1 1 1 1 1 0 1 0 1]
 [1 1 0 1 0 0 1 1 1 1]
 [1 0 0 1 1 1 1 1 0 0]]
{'restarts': 3, 'conflicts': 2602, 'decisions': 5088, 'propagations': 883891}
Q is identifiable
branch at 6
runtime for solving id of Q is 0.20707129780203104
Simulation results:
{'J': 50, 'K': 10, 'N': 10, 'p': 0.7, 'seed': 756, 'sim': 3, 'runtime': 0.20707129780203104, 'identifiable': 1, 'branch': 6}
4
Q: [[1 0 1 1 0 1 0 1 1 0]
 [1 1 1 1 1 0 1 1 1 1]
 [0 1 1 1 0 1 1 1 1 0]
 [1 1 1 1 0 0 1 0 1 1]
 [1 1 0 1 0 1 0 1 1 1]
 [1 1 1 1 1 0 1 1 1 1]
 [1 1 1 1 1 1 1 1 0 1]
 [1 0 1 0 1 1 1 1 0 1]
 [1 1 1 0 0 1 1 1 1 1]
 [0 0 1 1 0 0 1 1 0 0]
 [1 1 1 0 1 0 1 1 0 1]
 [1 1 1 1 1 1 1 1 1 1]
 [0 1 0 1 1 1 1 1 1 1]
 [1 1 1 1 1 0 1 0 1 0]
 [0 1 1 0 1 1 0 1 1 1]
 [1 1 1 0 1 0 1 0 0 0]
 [0 0 0 1 1 1 1 0 0 1]
 [1 1 1 0 0 1 1 1 0 0]
 [1 0 1 1 1 0 1 0 1 0]
 [1 0 0 1 1 0 1 1 0 1]
 [1 1 1 1 1 1 1 1 1 1]
 [1 1 0 0 1 0 1 1 0 0]
 [1 1 1 1 1 1 1 1 0 0]
 [0 1 0 1 1 1 1 0 1 1]
 [0 0 0 1 1 1 1 1 1 1]
 [1 1 0 0 1 0 1 1 0 1]
 [0 1 0 1 1 0 0 1 1 0]
 [1 1 1 1 1 1 1 1 0 1]
 [1 1 0 1 0 1 0 1 0 1]
 [0 1 1 1 1 1 1 0 0 1]
 [1 0 1 1 1 1 0 1 1 1]
 [1 1 0 1 1 1 1 1 0 1]
 [0 1 0 1 1 0 1 1 1 1]
 [1 1 1 1 1 1 0 0 1 0]
 [1 0 0 1 1 1 0 0 1 1]
 [1 1 1 0 0 1 1 1 1 0]
 [0 1 1 1 0 1 0 1 1 1]
 [0 1 1 0 1 1 1 0 1 1]
 [1 0 1 0 1 0 1 1 0 1]
 [1 1 1 1 1 1 1 0 0 1]
 [1 1 1 1 1 1 1 1 0 1]
 [0 1 1 0 0 1 1 1 1 0]
 [1 0 0 1 1 0 0 1 1 0]
 [1 1 0 1 1 0 1 1 0 1]
 [1 1 1 1 1 1 1 1 0 1]
 [0 1 1 0 1 1 1 1 1 1]
 [1 1 1 1 0 0 1 1 0 0]
 [1 1 0 1 1 0 1 0 1 1]
 [1 0 1 1 1 0 1 1 1 1]
 [1 1 1 0 1 0 1 0 1 1]]
{'restarts': 100, 'conflicts': 35533, 'decisions': 56186, 'propagations': 15987313}
Q is identifiable
branch at 6
runtime for solving id of Q is 2.882709028199315
Simulation results:
{'J': 50, 'K': 10, 'N': 10, 'p': 0.7, 'seed': 756, 'sim': 4, 'runtime': 2.882709028199315, 'identifiable': 1, 'branch': 6}
5
Q: [[1 0 1 1 0 1 1 1 0 1]
 [0 1 1 0 1 1 1 0 1 1]
 [0 1 1 0 1 1 1 1 1 0]
 [1 1 0 1 1 1 1 1 0 1]
 [0 1 1 0 0 1 0 1 1 0]
 [1 1 1 0 1 1 1 1 1 1]
 [1 1 1 1 1 1 1 1 1 0]
 [1 1 0 0 1 1 1 1 1 0]
 [1 1 1 0 1 0 1 1 1 1]
 [1 1 0 1 1 1 1 1 1 1]
 [0 1 0 0 0 1 1 0 1 1]
 [0 0 1 1 1 0 0 0 0 1]
 [0 1 1 0 0 1 0 1 1 1]
 [1 1 1 1 0 1 0 1 0 1]
 [1 1 1 1 1 0 0 1 1 0]
 [0 0 1 0 1 1 0 1 1 1]
 [1 1 1 1 1 1 1 1 1 1]
 [1 1 1 0 1 1 1 1 0 1]
 [1 1 1 0 0 1 0 1 1 1]
 [1 1 0 1 1 1 1 1 1 1]
 [1 0 0 1 0 1 1 1 0 0]
 [1 1 1 1 1 0 1 1 0 1]
 [0 1 1 1 1 0 1 1 1 1]
 [1 1 1 1 1 0 1 1 0 1]
 [1 1 1 0 0 1 1 1 0 1]
 [1 1 1 0 0 0 1 0 1 0]
 [1 0 1 1 1 1 1 1 1 0]
 [1 1 1 0 1 1 1 1 1 1]
 [1 1 1 0 1 0 1 1 1 1]
 [1 0 0 0 1 0 1 1 1 1]
 [1 1 1 1 1 1 1 0 1 0]
 [0 0 1 0 1 1 1 0 0 1]
 [1 1 1 0 1 1 1 1 1 1]
 [1 1 1 1 1 0 0 0 0 1]
 [1 1 1 1 0 0 1 1 1 1]
 [1 0 1 1 0 1 0 1 1 1]
 [0 1 0 1 0 0 0 0 1 1]
 [1 0 1 0 1 1 1 1 0 1]
 [0 1 0 1 1 0 1 1 1 1]
 [1 0 1 1 0 1 1 1 0 0]
 [1 1 1 1 1 1 1 0 0 1]
 [1 0 1 1 1 1 1 1 0 0]
 [1 1 1 1 1 0 0 1 0 1]
 [1 1 1 0 0 1 1 1 1 1]
 [1 0 0 0 1 0 0 0 1 1]
 [1 1 0 1 0 1 0 1 1 1]
 [1 1 1 0 1 1 1 1 0 0]
 [1 0 1 1 1 1 1 0 1 1]
 [1 0 1 1 1 0 1 1 1 1]
 [0 1 1 1 1 0 1 1 1 1]]
{'restarts': 34, 'conflicts': 13379, 'decisions': 21752, 'propagations': 7113546}
Q is identifiable
branch at 6
runtime for solving id of Q is 1.0504803666844964
Simulation results:
{'J': 50, 'K': 10, 'N': 10, 'p': 0.7, 'seed': 756, 'sim': 5, 'runtime': 1.0504803666844964, 'identifiable': 1, 'branch': 6}
6
Q: [[0 1 1 1 0 1 1 1 1 1]
 [1 0 0 1 0 1 0 1 1 1]
 [1 1 1 1 1 1 1 1 1 1]
 [0 0 1 1 0 1 0 0 0 1]
 [1 1 1 0 1 1 1 1 1 0]
 [1 1 1 0 0 1 0 1 1 0]
 [1 0 0 1 1 1 1 0 1 0]
 [1 1 1 1 1 0 1 1 1 0]
 [0 1 1 1 0 1 0 1 1 1]
 [0 1 0 1 1 0 0 1 1 1]
 [1 0 1 1 1 0 1 1 0 1]
 [1 1 1 1 1 1 1 1 0 1]
 [0 0 0 1 1 1 1 1 1 1]
 [0 1 0 1 1 1 0 1 0 1]
 [1 0 1 1 0 1 1 1 1 1]
 [1 1 0 1 1 1 1 1 1 1]
 [1 1 1 1 0 1 1 1 1 1]
 [0 1 1 1 0 0 1 1 1 1]
 [1 0 1 1 0 1 1 1 0 1]
 [1 1 1 1 1 1 1 1 1 0]
 [1 1 1 1 1 1 1 1 0 0]
 [1 1 1 1 1 1 0 1 0 1]
 [1 1 1 1 1 1 1 1 1 1]
 [0 1 0 1 1 1 1 1 1 0]
 [1 1 0 1 1 1 1 1 0 1]
 [1 1 1 0 1 1 1 0 0 0]
 [1 0 1 0 1 1 1 0 1 0]
 [1 1 1 1 0 1 1 1 0 1]
 [0 1 0 1 1 1 0 1 0 1]
 [0 0 0 1 0 0 0 0 1 1]
 [1 1 0 1 1 1 1 0 1 0]
 [1 1 0 1 1 1 0 1 1 1]
 [0 0 1 0 1 1 1 1 1 1]
 [0 1 0 1 1 1 1 1 0 0]
 [1 0 1 1 0 1 1 0 1 0]
 [1 1 1 1 1 1 1 1 1 0]
 [1 0 1 1 1 1 1 1 0 0]
 [1 1 1 1 0 1 1 1 0 0]
 [0 1 1 1 1 0 1 1 1 1]
 [1 1 1 1 1 0 1 1 1 1]
 [1 1 1 1 1 1 1 1 0 1]
 [1 1 1 1 0 0 0 1 1 0]
 [1 1 1 1 1 1 1 1 0 1]
 [1 1 0 0 1 1 1 1 0 1]
 [1 1 1 1 1 1 1 0 1 0]
 [1 0 1 1 1 1 1 1 1 1]
 [0 0 1 0 1 1 0 1 1 1]
 [0 1 1 0 1 1 1 0 1 1]
 [1 1 1 0 1 1 1 1 0 1]
 [1 1 0 1 1 1 1 1 1 1]]
{'restarts': 66, 'conflicts': 32066, 'decisions': 47142, 'propagations': 12393822}
Q is identifiable
branch at 6
runtime for solving id of Q is 2.3754902435466647
Simulation results:
{'J': 50, 'K': 10, 'N': 10, 'p': 0.7, 'seed': 756, 'sim': 6, 'runtime': 2.3754902435466647, 'identifiable': 1, 'branch': 6}
7
Q: [[1 0 1 1 1 1 0 1 1 1]
 [0 1 0 1 0 1 1 1 0 1]
 [1 1 1 1 1 1 1 1 0 1]
 [1 1 1 0 0 0 0 1 1 1]
 [0 1 1 0 1 1 1 0 1 0]
 [1 0 1 1 1 1 0 0 1 0]
 [0 1 0 1 1 0 1 1 1 0]
 [0 0 1 1 1 0 1 1 1 1]
 [1 1 0 1 1 1 1 1 1 0]
 [1 0 0 1 0 1 1 0 1 1]
 [1 1 1 1 0 1 1 1 1 1]
 [1 1 1 0 1 1 1 1 1 0]
 [1 1 1 0 1 1 1 1 1 1]
 [1 1 1 0 1 0 1 0 1 0]
 [0 1 1 1 0 0 1 0 1 0]
 [1 1 1 1 0 1 0 0 1 1]
 [1 1 1 0 1 1 1 0 1 1]
 [0 0 0 1 0 0 1 1 1 1]
 [0 1 1 1 1 1 0 0 1 0]
 [1 1 0 1 1 0 0 1 0 1]
 [0 1 0 1 1 1 1 1 1 1]
 [0 1 0 0 0 1 1 1 0 0]
 [1 0 1 0 1 0 0 1 0 1]
 [1 1 0 0 0 0 1 1 1 1]
 [0 1 1 0 1 0 0 1 0 0]
 [0 1 1 1 1 1 1 1 0 0]
 [0 1 1 1 0 1 1 0 0 1]
 [1 1 0 1 0 1 1 0 1 0]
 [1 1 0 0 0 0 1 1 1 1]
 [1 0 1 1 1 0 1 1 0 1]
 [1 1 0 0 1 0 0 0 1 1]
 [1 1 0 0 0 1 1 0 0 1]
 [1 1 0 1 0 0 0 1 1 1]
 [1 1 1 1 1 1 1 0 0 1]
 [1 1 1 1 1 1 1 1 1 0]
 [1 1 1 1 0 1 1 1 1 0]
 [1 0 0 0 0 0 1 1 1 0]
 [1 0 0 1 1 0 1 1 1 1]
 [1 0 1 1 0 1 1 0 1 1]
 [1 0 1 1 1 1 1 0 0 1]
 [1 1 1 1 0 1 0 1 0 1]
 [0 1 1 0 0 1 0 1 1 1]
 [0 1 0 1 1 0 0 0 0 1]
 [0 0 1 0 1 0 1 0 1 1]
 [1 0 1 0 1 1 1 1 0 0]
 [1 0 1 0 0 1 1 1 1 1]
 [1 1 0 0 1 0 1 0 0 0]
 [1 1 1 0 1 0 1 1 1 1]
 [1 0 1 0 1 1 1 0 1 0]
 [0 1 0 1 1 1 1 0 1 1]]
{'restarts': 21, 'conflicts': 6895, 'decisions': 12855, 'propagations': 4736846}
Q is identifiable
branch at 6
runtime for solving id of Q is 0.6781900934875011
Simulation results:
{'J': 50, 'K': 10, 'N': 10, 'p': 0.7, 'seed': 756, 'sim': 7, 'runtime': 0.6781900934875011, 'identifiable': 1, 'branch': 6}
8
Q: [[1 1 0 0 0 1 0 0 1 0]
 [0 0 1 1 1 1 0 1 1 0]
 [1 0 1 0 1 1 1 1 0 1]
 [1 0 0 0 0 1 1 1 1 1]
 [1 1 1 1 1 1 1 0 1 1]
 [1 0 1 1 1 1 1 0 1 0]
 [0 0 0 0 1 0 1 0 0 1]
 [1 1 0 1 0 1 0 1 1 0]
 [1 1 1 1 1 1 1 0 1 1]
 [1 1 1 0 1 1 1 1 1 0]
 [1 0 0 1 1 1 1 0 0 1]
 [0 0 1 1 1 1 0 1 1 1]
 [1 1 1 1 0 1 1 1 0 1]
 [1 1 1 0 0 1 1 1 0 1]
 [1 1 1 1 1 1 0 1 0 1]
 [1 0 0 1 1 1 1 0 1 0]
 [1 0 1 1 0 0 1 1 1 1]
 [1 0 1 1 1 0 1 1 1 1]
 [1 0 1 1 0 1 1 1 0 1]
 [1 0 1 1 1 1 1 1 1 1]
 [1 1 1 0 1 0 0 1 0 1]
 [1 1 1 0 0 1 0 0 1 0]
 [1 0 1 0 1 1 0 1 1 1]
 [1 1 0 1 0 1 1 1 1 1]
 [1 1 0 0 1 0 1 1 1 1]
 [0 1 1 0 1 1 0 1 1 0]
 [1 1 0 1 0 0 1 1 0 1]
 [1 1 1 0 1 0 0 0 1 0]
 [0 0 0 1 0 1 1 0 0 1]
 [1 1 0 1 1 0 1 1 1 1]
 [0 0 1 1 1 1 1 1 1 1]
 [1 1 0 1 1 1 1 0 0 1]
 [0 1 0 1 0 0 1 1 0 1]
 [1 1 1 1 0 1 1 1 1 1]
 [0 1 1 1 1 0 1 0 1 1]
 [1 0 0 1 0 0 1 0 1 1]
 [1 1 1 1 1 1 1 1 1 1]
 [1 1 1 1 0 1 0 0 1 1]
 [0 1 1 0 1 0 1 1 1 1]
 [1 0 1 1 1 1 1 1 1 1]
 [0 1 1 1 1 1 1 1 1 0]
 [1 1 1 0 1 1 1 0 1 1]
 [1 0 1 0 0 1 0 1 0 1]
 [1 0 1 1 1 1 1 1 1 0]
 [1 1 0 1 1 0 1 1 1 1]
 [0 1 1 1 1 0 0 1 1 0]
 [1 0 1 1 1 0 0 1 1 1]
 [1 1 0 1 1 1 1 1 0 1]
 [1 1 1 1 1 1 1 1 0 1]
 [0 1 1 1 0 1 1 1 1 1]]
{'restarts': 19, 'conflicts': 9608, 'decisions': 16139, 'propagations': 4431259}
Q is identifiable
branch at 6
runtime for solving id of Q is 0.7162460284307599
Simulation results:
{'J': 50, 'K': 10, 'N': 10, 'p': 0.7, 'seed': 756, 'sim': 8, 'runtime': 0.7162460284307599, 'identifiable': 1, 'branch': 6}
9
Q: [[1 1 1 1 1 0 1 1 1 1]
 [0 1 1 0 0 0 1 0 1 1]
 [1 1 1 1 1 1 1 0 1 1]
 [1 1 1 1 1 0 0 1 1 1]
 [1 1 1 1 0 1 1 1 0 1]
 [1 1 0 1 1 1 0 1 0 0]
 [0 1 1 0 1 0 1 1 0 1]
 [1 1 1 1 1 1 1 1 1 1]
 [1 1 0 0 1 1 0 0 1 0]
 [0 0 0 0 1 0 1 1 1 1]
 [1 0 1 1 0 0 1 1 1 1]
 [1 0 1 1 1 0 1 1 1 0]
 [1 0 0 0 0 0 1 1 1 1]
 [0 0 1 1 1 1 1 1 0 1]
 [1 0 0 0 1 1 1 0 1 1]
 [1 1 0 1 1 0 1 1 1 1]
 [1 1 1 0 1 0 1 1 1 1]
 [1 1 1 1 0 1 0 1 1 0]
 [0 1 1 1 0 1 1 1 0 0]
 [1 1 0 1 0 1 1 1 1 1]
 [1 1 1 0 1 1 1 1 0 1]
 [1 1 0 0 0 1 0 0 0 1]
 [1 1 1 1 1 1 1 1 1 1]
 [1 1 0 1 0 0 1 0 1 1]
 [1 0 1 1 0 1 1 1 0 1]
 [1 1 0 1 1 1 1 1 1 0]
 [1 0 1 1 1 0 1 1 1 1]
 [1 1 1 1 1 0 1 0 1 1]
 [0 1 1 1 1 0 1 1 1 1]
 [1 0 1 1 1 0 1 1 1 0]
 [1 1 1 1 0 1 1 0 0 0]
 [0 1 1 1 1 1 0 0 1 1]
 [1 0 0 0 0 0 1 1 1 1]
 [1 0 0 1 1 0 1 1 0 1]
 [0 1 1 0 1 0 1 0 1 1]
 [1 1 1 1 1 1 0 1 1 1]
 [1 1 1 1 1 1 1 1 1 0]
 [1 0 0 1 0 1 1 1 0 0]
 [1 1 0 1 1 1 0 0 0 1]
 [0 1 0 0 1 0 0 0 0 0]
 [0 1 1 1 0 1 1 0 0 1]
 [0 0 1 0 1 1 1 1 1 1]
 [1 0 1 0 0 1 0 1 0 1]
 [1 1 1 1 1 1 1 1 1 1]
 [1 1 1 0 1 1 0 1 0 1]
 [1 1 1 1 1 1 1 0 0 1]
 [1 1 0 1 0 1 1 1 1 1]
 [0 1 1 1 0 1 1 1 1 0]
 [1 1 1 1 0 1 1 0 1 1]
 [0 1 1 0 0 1 1 1 1 1]]
{'restarts': 107, 'conflicts': 44199, 'decisions': 66543, 'propagations': 19421990}
Q is identifiable
branch at 6
runtime for solving id of Q is 3.6269205743446946
Simulation results:
{'J': 50, 'K': 10, 'N': 10, 'p': 0.7, 'seed': 756, 'sim': 9, 'runtime': 3.6269205743446946, 'identifiable': 1, 'branch': 6}
Simulation results:
[{'J': 50, 'K': 10, 'N': 10, 'p': 0.7, 'seed': 756, 'sim': 0, 'runtime': 1.3607000997290015, 'identifiable': 1, 'branch': 6}, {'J': 50, 'K': 10, 'N': 10, 'p': 0.7, 'seed': 756, 'sim': 1, 'runtime': 0.6474626921117306, 'identifiable': 1, 'branch': 6}, {'J': 50, 'K': 10, 'N': 10, 'p': 0.7, 'seed': 756, 'sim': 2, 'runtime': 0.4224929166957736, 'identifiable': 1, 'branch': 6}, {'J': 50, 'K': 10, 'N': 10, 'p': 0.7, 'seed': 756, 'sim': 3, 'runtime': 0.20707129780203104, 'identifiable': 1, 'branch': 6}, {'J': 50, 'K': 10, 'N': 10, 'p': 0.7, 'seed': 756, 'sim': 4, 'runtime': 2.882709028199315, 'identifiable': 1, 'branch': 6}, {'J': 50, 'K': 10, 'N': 10, 'p': 0.7, 'seed': 756, 'sim': 5, 'runtime': 1.0504803666844964, 'identifiable': 1, 'branch': 6}, {'J': 50, 'K': 10, 'N': 10, 'p': 0.7, 'seed': 756, 'sim': 6, 'runtime': 2.3754902435466647, 'identifiable': 1, 'branch': 6}, {'J': 50, 'K': 10, 'N': 10, 'p': 0.7, 'seed': 756, 'sim': 7, 'runtime': 0.6781900934875011, 'identifiable': 1, 'branch': 6}, {'J': 50, 'K': 10, 'N': 10, 'p': 0.7, 'seed': 756, 'sim': 8, 'runtime': 0.7162460284307599, 'identifiable': 1, 'branch': 6}, {'J': 50, 'K': 10, 'N': 10, 'p': 0.7, 'seed': 756, 'sim': 9, 'runtime': 3.6269205743446946, 'identifiable': 1, 'branch': 6}]
