
The Gurobi software has a limited number of licenses. To request a license or
licenses, add this line

    #SBATCH --licenses=gurobi@slurmdb:1

to your SBATCH script, replacing N with the number of licenses you need. Gurobi
will need one license per process.


0
Q: [[0 0 1 1 0]
 [0 0 0 0 1]
 [0 0 1 0 0]
 [0 0 0 0 1]
 [1 0 0 0 1]
 [1 1 0 1 0]
 [0 0 1 0 0]
 [0 0 1 1 1]
 [0 1 1 0 1]
 [0 0 0 1 0]
 [0 0 1 0 0]
 [1 0 0 1 1]
 [0 0 0 1 1]
 [0 1 0 1 0]
 [0 0 0 0 1]
 [0 0 0 0 1]
 [0 0 0 1 0]
 [0 0 0 1 1]
 [0 0 0 0 0]
 [0 0 0 0 0]
 [0 0 0 0 1]
 [0 0 0 0 0]
 [1 0 0 0 1]
 [0 1 0 0 0]
 [0 0 1 0 0]
 [0 0 0 1 0]
 [0 1 1 1 1]
 [1 1 0 1 0]
 [1 0 0 1 1]
 [0 0 0 1 0]
 [0 1 1 0 0]
 [0 0 0 1 0]
 [0 0 0 0 0]
 [1 0 0 0 0]
 [0 0 1 1 1]
 [1 0 0 0 1]
 [1 0 0 1 0]
 [0 0 0 0 1]
 [1 0 0 0 1]
 [0 1 0 1 0]
 [0 0 0 0 0]
 [0 1 0 0 0]
 [0 0 0 1 0]
 [1 1 0 0 1]
 [0 0 0 1 1]
 [0 0 0 0 0]
 [0 1 1 0 0]
 [1 0 1 1 0]
 [1 0 1 0 0]
 [1 1 0 0 0]]
Q is identifiable (direct_check).
Q is identifiable
branch at 4
runtime for solving id of Q is 0.0005852160975337029
Simulation results:
{'J': 50, 'K': 5, 'N': 10, 'p': 0.3, 'seed': 75, 'sim': 0, 'runtime': 0.0005852160975337029, 'identifiable': 1, 'branch': 4}
1
Q: [[0 1 1 1 0]
 [1 1 0 0 1]
 [0 1 0 0 0]
 [0 0 1 1 0]
 [1 0 1 1 1]
 [0 1 1 1 0]
 [0 0 1 0 0]
 [1 1 0 0 0]
 [1 0 1 0 1]
 [0 0 0 1 0]
 [1 1 0 1 0]
 [0 0 0 1 0]
 [1 0 1 0 0]
 [0 0 0 1 0]
 [1 1 0 0 0]
 [1 0 0 0 0]
 [0 0 0 1 0]
 [0 0 0 1 0]
 [0 1 0 1 0]
 [0 0 0 1 0]
 [0 0 1 0 0]
 [0 0 0 1 0]
 [0 0 1 0 0]
 [0 0 0 0 0]
 [0 0 0 0 0]
 [0 1 0 0 0]
 [0 0 0 0 1]
 [0 0 0 0 0]
 [1 1 0 0 0]
 [1 0 0 1 0]
 [0 1 0 0 1]
 [0 0 0 0 0]
 [0 0 1 0 1]
 [0 0 0 0 0]
 [1 0 0 0 0]
 [0 0 0 1 0]
 [0 0 0 1 0]
 [0 0 1 1 1]
 [0 0 1 1 0]
 [0 0 0 0 1]
 [1 0 0 1 0]
 [0 0 1 1 0]
 [0 1 0 0 0]
 [0 1 0 0 0]
 [0 0 1 1 0]
 [0 0 0 0 0]
 [0 0 0 1 1]
 [0 0 1 0 0]
 [1 0 0 0 1]
 [0 0 0 1 0]]
Q is identifiable (direct_check).
Q is identifiable
branch at 4
runtime for solving id of Q is 0.0005494270008057356
Simulation results:
{'J': 50, 'K': 5, 'N': 10, 'p': 0.3, 'seed': 75, 'sim': 1, 'runtime': 0.0005494270008057356, 'identifiable': 1, 'branch': 4}
2
Q: [[1 0 1 1 0]
 [1 1 1 1 0]
 [0 1 0 1 0]
 [0 0 0 0 1]
 [1 0 0 1 1]
 [1 1 1 0 0]
 [1 0 1 0 0]
 [0 0 1 0 1]
 [0 0 1 1 1]
 [0 0 0 0 0]
 [0 0 1 0 0]
 [1 0 0 0 0]
 [1 0 0 0 1]
 [1 0 0 0 0]
 [0 0 0 0 1]
 [0 0 0 0 0]
 [0 0 1 0 1]
 [0 0 0 1 0]
 [1 0 0 0 0]
 [0 0 1 0 0]
 [0 1 0 1 0]
 [1 0 0 0 0]
 [1 1 1 0 1]
 [0 1 1 1 0]
 [0 0 0 0 1]
 [0 0 1 0 1]
 [1 0 0 0 1]
 [0 0 0 0 1]
 [0 0 0 0 0]
 [0 0 0 0 0]
 [1 0 0 0 0]
 [0 0 0 1 0]
 [1 0 0 0 0]
 [0 0 1 0 0]
 [0 0 0 0 0]
 [0 0 0 1 1]
 [1 0 0 0 1]
 [1 0 0 1 0]
 [0 0 0 0 0]
 [1 1 0 1 0]
 [0 0 0 0 0]
 [0 0 0 1 0]
 [0 1 0 0 1]
 [0 0 1 0 0]
 [0 0 0 0 0]
 [0 1 1 0 0]
 [0 0 1 0 1]
 [1 0 0 0 0]
 [0 0 0 0 0]
 [0 0 0 1 1]]
{'restarts': 1, 'conflicts': 7, 'decisions': 15, 'propagations': 537}
Q is identifiable
branch at 6
runtime for solving id of Q is 0.003703989088535309
Simulation results:
{'J': 50, 'K': 5, 'N': 10, 'p': 0.3, 'seed': 75, 'sim': 2, 'runtime': 0.003703989088535309, 'identifiable': 1, 'branch': 6}
3
Q: [[0 0 0 0 0]
 [0 1 0 1 0]
 [0 0 0 0 0]
 [0 1 0 0 0]
 [0 0 0 0 0]
 [1 1 0 1 0]
 [0 1 0 0 0]
 [0 0 0 0 1]
 [0 0 0 0 1]
 [1 1 0 0 0]
 [0 1 1 0 1]
 [0 0 0 0 0]
 [0 0 0 0 1]
 [0 1 0 0 0]
 [0 0 0 0 1]
 [0 1 0 0 1]
 [0 0 0 0 0]
 [0 0 0 1 0]
 [0 1 0 0 0]
 [0 0 0 1 1]
 [0 0 0 1 1]
 [0 0 1 1 0]
 [1 0 1 0 0]
 [0 1 1 0 1]
 [0 0 0 1 0]
 [0 1 0 0 1]
 [0 1 0 0 1]
 [0 0 0 1 1]
 [0 0 1 0 0]
 [0 1 1 1 0]
 [0 0 0 1 1]
 [1 1 0 0 0]
 [1 0 0 0 0]
 [1 0 0 1 0]
 [0 0 0 1 0]
 [0 0 0 1 0]
 [0 0 0 1 0]
 [0 1 1 1 0]
 [1 1 1 0 1]
 [0 0 0 0 0]
 [0 0 0 1 0]
 [0 1 1 1 1]
 [1 0 0 0 0]
 [0 0 0 0 0]
 [0 0 0 1 0]
 [0 1 0 1 0]
 [0 0 0 1 1]
 [0 0 0 0 1]
 [0 0 0 1 1]
 [1 1 0 1 1]]
Q is identifiable (direct_check).
Q is identifiable
branch at 4
runtime for solving id of Q is 0.00046318804379552603
Simulation results:
{'J': 50, 'K': 5, 'N': 10, 'p': 0.3, 'seed': 75, 'sim': 3, 'runtime': 0.00046318804379552603, 'identifiable': 1, 'branch': 4}
4
Q: [[1 0 0 0 1]
 [1 0 1 0 0]
 [1 0 0 0 0]
 [0 0 0 1 1]
 [0 1 0 0 0]
 [0 0 0 0 1]
 [0 0 1 0 0]
 [0 0 0 1 0]
 [1 0 0 1 0]
 [1 0 1 0 0]
 [0 1 0 1 0]
 [0 0 0 1 1]
 [0 1 0 1 1]
 [0 0 0 0 0]
 [0 0 0 0 1]
 [0 1 1 0 0]
 [1 1 0 0 0]
 [1 1 0 0 0]
 [0 0 1 0 1]
 [0 0 0 0 0]
 [1 0 0 0 0]
 [1 0 1 0 1]
 [0 0 1 0 0]
 [0 1 1 1 1]
 [0 0 0 0 0]
 [0 0 0 0 0]
 [1 0 0 0 0]
 [1 0 0 0 0]
 [1 0 0 0 1]
 [0 1 0 1 1]
 [0 0 0 0 0]
 [0 0 0 0 0]
 [0 0 0 1 0]
 [0 0 0 0 1]
 [1 0 1 0 1]
 [0 0 1 0 1]
 [0 0 0 1 0]
 [0 0 0 0 0]
 [1 1 1 0 0]
 [1 0 0 1 1]
 [1 0 1 0 0]
 [1 1 1 1 1]
 [0 0 0 0 0]
 [0 1 0 1 0]
 [0 1 1 0 0]
 [0 1 1 1 0]
 [1 1 0 1 0]
 [0 0 1 0 0]
 [1 0 0 0 1]
 [0 1 1 0 0]]
Q is identifiable (direct_check).
Q is identifiable
branch at 4
runtime for solving id of Q is 0.00045255094300955534
Simulation results:
{'J': 50, 'K': 5, 'N': 10, 'p': 0.3, 'seed': 75, 'sim': 4, 'runtime': 0.00045255094300955534, 'identifiable': 1, 'branch': 4}
5
Q: [[0 0 0 1 0]
 [0 0 1 1 1]
 [1 1 0 0 0]
 [0 0 1 0 0]
 [0 0 0 0 1]
 [1 0 0 1 0]
 [1 1 1 1 0]
 [1 0 0 0 1]
 [0 0 0 0 0]
 [1 0 0 0 0]
 [1 1 1 1 1]
 [0 1 0 0 0]
 [0 0 0 0 0]
 [0 0 0 1 0]
 [1 0 0 1 0]
 [0 0 1 1 0]
 [0 0 0 1 0]
 [0 0 1 1 1]
 [0 0 0 0 1]
 [1 0 0 0 1]
 [0 0 1 1 0]
 [0 0 1 0 0]
 [1 0 0 0 0]
 [1 1 1 0 0]
 [0 0 0 0 1]
 [0 0 1 0 1]
 [0 0 1 1 0]
 [1 0 1 0 0]
 [0 0 0 0 0]
 [1 0 0 1 1]
 [0 0 0 0 1]
 [0 0 0 0 1]
 [0 0 0 0 1]
 [0 0 0 0 0]
 [0 0 1 1 0]
 [1 0 0 0 0]
 [0 0 1 0 0]
 [0 1 0 1 0]
 [1 0 0 0 0]
 [0 0 0 0 0]
 [1 0 0 1 0]
 [1 0 0 0 0]
 [1 0 0 1 0]
 [0 0 0 1 0]
 [0 0 0 0 0]
 [0 0 1 0 0]
 [0 1 1 0 1]
 [1 0 1 0 1]
 [0 0 0 1 1]
 [0 0 0 0 0]]
Q is identifiable (direct_check).
Q is identifiable
branch at 4
runtime for solving id of Q is 0.0004464479861781001
Simulation results:
{'J': 50, 'K': 5, 'N': 10, 'p': 0.3, 'seed': 75, 'sim': 5, 'runtime': 0.0004464479861781001, 'identifiable': 1, 'branch': 4}
6
Q: [[0 0 0 1 0]
 [1 0 1 1 1]
 [1 1 1 0 0]
 [0 0 1 1 0]
 [0 0 0 0 0]
 [0 1 1 0 1]
 [1 0 1 0 0]
 [1 0 0 1 0]
 [0 0 0 0 0]
 [1 0 0 0 1]
 [0 0 0 1 0]
 [0 1 0 0 0]
 [1 0 0 0 0]
 [0 0 0 0 1]
 [1 1 0 0 0]
 [0 0 0 0 0]
 [0 0 0 0 0]
 [0 0 1 0 1]
 [0 1 0 1 0]
 [0 0 1 1 1]
 [0 1 1 0 0]
 [0 0 0 0 0]
 [0 0 0 0 1]
 [1 0 1 1 0]
 [1 0 1 0 1]
 [1 0 0 0 0]
 [1 0 1 0 0]
 [0 1 1 0 0]
 [0 1 0 0 1]
 [0 1 0 1 1]
 [0 0 0 0 0]
 [0 0 0 0 0]
 [1 1 1 0 1]
 [1 1 0 0 0]
 [1 0 1 1 0]
 [0 0 0 1 0]
 [1 0 0 0 1]
 [1 1 0 0 1]
 [0 0 0 1 0]
 [1 0 0 0 0]
 [0 0 1 0 0]
 [0 0 0 0 1]
 [0 1 1 0 1]
 [1 0 1 1 0]
 [0 0 1 1 0]
 [0 0 0 0 0]
 [1 0 1 1 0]
 [0 0 1 1 1]
 [0 0 0 0 0]
 [0 0 1 0 1]]
Q is identifiable (direct_check).
Q is identifiable
branch at 4
runtime for solving id of Q is 0.0004615209763869643
Simulation results:
{'J': 50, 'K': 5, 'N': 10, 'p': 0.3, 'seed': 75, 'sim': 6, 'runtime': 0.0004615209763869643, 'identifiable': 1, 'branch': 4}
7
Q: [[0 1 0 0 0]
 [1 1 1 0 0]
 [1 0 0 0 0]
 [0 1 1 0 0]
 [1 1 0 0 0]
 [0 0 0 0 0]
 [1 0 0 0 1]
 [1 1 0 1 0]
 [1 0 0 0 0]
 [0 0 0 0 0]
 [0 1 0 0 0]
 [0 0 0 0 0]
 [1 0 0 0 0]
 [0 0 0 0 0]
 [0 1 1 0 0]
 [1 0 0 0 0]
 [0 0 0 0 0]
 [0 0 1 0 0]
 [0 1 0 1 0]
 [0 0 0 1 1]
 [0 1 0 1 0]
 [0 1 0 1 0]
 [0 1 1 0 0]
 [0 0 1 0 0]
 [0 0 0 0 1]
 [1 0 1 0 0]
 [0 1 0 0 0]
 [0 1 0 0 0]
 [1 1 0 1 0]
 [0 0 0 0 1]
 [0 0 1 1 0]
 [0 0 0 0 0]
 [0 0 0 0 1]
 [0 0 1 1 0]
 [0 0 0 1 0]
 [0 1 0 0 1]
 [0 1 0 0 0]
 [1 0 1 0 0]
 [1 1 0 1 0]
 [0 0 0 0 0]
 [0 0 0 1 0]
 [0 0 0 0 0]
 [1 0 1 0 0]
 [0 1 1 0 0]
 [1 1 0 1 1]
 [0 1 0 0 1]
 [0 0 0 1 0]
 [0 0 1 1 0]
 [1 1 0 1 1]
 [1 0 0 1 0]]
Q is identifiable (direct_check).
Q is identifiable
branch at 4
runtime for solving id of Q is 0.00046138803008943796
Simulation results:
{'J': 50, 'K': 5, 'N': 10, 'p': 0.3, 'seed': 75, 'sim': 7, 'runtime': 0.00046138803008943796, 'identifiable': 1, 'branch': 4}
8
Q: [[1 0 0 0 0]
 [1 0 0 0 1]
 [0 0 1 0 1]
 [0 1 0 0 0]
 [0 1 0 0 0]
 [1 0 1 0 1]
 [0 0 0 0 0]
 [1 1 0 0 1]
 [0 0 0 1 1]
 [0 0 0 0 0]
 [1 0 0 0 0]
 [0 0 0 1 0]
 [1 0 0 0 0]
 [0 1 0 1 1]
 [0 1 1 0 0]
 [1 0 0 1 0]
 [0 1 0 0 0]
 [0 0 1 0 0]
 [1 0 0 0 0]
 [0 0 0 1 0]
 [1 0 0 1 0]
 [0 0 0 1 0]
 [1 0 0 1 1]
 [0 1 0 0 0]
 [0 1 0 1 0]
 [0 0 1 1 0]
 [1 1 1 0 0]
 [1 0 0 0 1]
 [1 1 0 0 1]
 [1 0 0 0 0]
 [1 0 1 0 1]
 [0 1 0 0 0]
 [0 0 0 0 1]
 [0 0 0 0 0]
 [1 1 1 1 1]
 [0 0 1 0 0]
 [1 1 0 1 1]
 [0 0 0 0 0]
 [1 0 1 0 0]
 [1 0 1 0 0]
 [1 1 0 0 0]
 [0 0 0 1 0]
 [1 1 1 0 0]
 [0 0 0 0 1]
 [1 1 0 1 0]
 [0 1 0 0 0]
 [0 1 0 0 0]
 [0 0 0 0 0]
 [0 0 0 0 0]
 [0 1 0 0 1]]
Q is identifiable (direct_check).
Q is identifiable
branch at 4
runtime for solving id of Q is 0.0004528900608420372
Simulation results:
{'J': 50, 'K': 5, 'N': 10, 'p': 0.3, 'seed': 75, 'sim': 8, 'runtime': 0.0004528900608420372, 'identifiable': 1, 'branch': 4}
9
Q: [[1 0 1 1 0]
 [0 0 0 0 0]
 [0 1 1 0 1]
 [1 1 0 1 1]
 [0 0 0 0 0]
 [0 0 0 0 0]
 [1 1 0 1 0]
 [0 0 0 0 1]
 [1 0 0 1 0]
 [0 0 0 0 0]
 [0 1 0 0 0]
 [1 0 1 1 0]
 [0 0 0 0 0]
 [0 1 0 0 1]
 [0 0 1 0 0]
 [1 0 1 0 0]
 [0 1 0 0 1]
 [0 0 0 0 0]
 [0 0 0 0 1]
 [0 0 0 0 0]
 [0 0 0 0 0]
 [1 0 0 0 1]
 [0 0 0 1 0]
 [0 1 0 1 0]
 [0 0 1 0 0]
 [0 1 0 0 0]
 [0 0 0 0 1]
 [1 0 1 1 0]
 [0 0 0 0 0]
 [1 1 0 1 0]
 [0 0 0 1 0]
 [0 0 0 1 0]
 [0 1 0 0 0]
 [0 0 0 0 0]
 [0 1 0 0 0]
 [1 0 1 0 0]
 [0 1 0 1 0]
 [0 0 0 1 0]
 [0 1 0 1 1]
 [0 1 1 0 1]
 [0 0 0 1 0]
 [0 0 1 0 1]
 [0 0 0 0 0]
 [0 1 0 0 1]
 [0 1 0 0 1]
 [0 1 0 0 1]
 [0 0 0 0 0]
 [1 0 0 1 1]
 [0 1 0 1 0]
 [1 0 0 0 0]]
Q is identifiable (direct_check).
Q is identifiable
branch at 4
runtime for solving id of Q is 0.000456269015558064
Simulation results:
{'J': 50, 'K': 5, 'N': 10, 'p': 0.3, 'seed': 75, 'sim': 9, 'runtime': 0.000456269015558064, 'identifiable': 1, 'branch': 4}
Simulation results:
[{'J': 50, 'K': 5, 'N': 10, 'p': 0.3, 'seed': 75, 'sim': 0, 'runtime': 0.0005852160975337029, 'identifiable': 1, 'branch': 4}, {'J': 50, 'K': 5, 'N': 10, 'p': 0.3, 'seed': 75, 'sim': 1, 'runtime': 0.0005494270008057356, 'identifiable': 1, 'branch': 4}, {'J': 50, 'K': 5, 'N': 10, 'p': 0.3, 'seed': 75, 'sim': 2, 'runtime': 0.003703989088535309, 'identifiable': 1, 'branch': 6}, {'J': 50, 'K': 5, 'N': 10, 'p': 0.3, 'seed': 75, 'sim': 3, 'runtime': 0.00046318804379552603, 'identifiable': 1, 'branch': 4}, {'J': 50, 'K': 5, 'N': 10, 'p': 0.3, 'seed': 75, 'sim': 4, 'runtime': 0.00045255094300955534, 'identifiable': 1, 'branch': 4}, {'J': 50, 'K': 5, 'N': 10, 'p': 0.3, 'seed': 75, 'sim': 5, 'runtime': 0.0004464479861781001, 'identifiable': 1, 'branch': 4}, {'J': 50, 'K': 5, 'N': 10, 'p': 0.3, 'seed': 75, 'sim': 6, 'runtime': 0.0004615209763869643, 'identifiable': 1, 'branch': 4}, {'J': 50, 'K': 5, 'N': 10, 'p': 0.3, 'seed': 75, 'sim': 7, 'runtime': 0.00046138803008943796, 'identifiable': 1, 'branch': 4}, {'J': 50, 'K': 5, 'N': 10, 'p': 0.3, 'seed': 75, 'sim': 8, 'runtime': 0.0004528900608420372, 'identifiable': 1, 'branch': 4}, {'J': 50, 'K': 5, 'N': 10, 'p': 0.3, 'seed': 75, 'sim': 9, 'runtime': 0.000456269015558064, 'identifiable': 1, 'branch': 4}]
