
The Gurobi software has a limited number of licenses. To request a license or
licenses, add this line

    #SBATCH --licenses=gurobi@slurmdb:1

to your SBATCH script, replacing N with the number of licenses you need. Gurobi
will need one license per process.


0
Q: [[1 1 1 0 1]
 [1 1 1 1 0]
 [1 1 0 0 1]
 [1 0 0 0 1]
 [0 1 1 1 1]
 [1 0 1 0 0]
 [1 0 1 1 0]
 [0 1 1 1 1]
 [1 1 1 1 1]
 [1 0 1 1 1]
 [1 0 1 1 0]
 [0 1 1 1 1]
 [0 1 1 1 0]
 [0 0 1 0 1]
 [1 0 0 1 1]
 [1 1 1 1 1]
 [1 1 1 1 0]
 [1 0 1 1 1]
 [1 0 1 0 1]
 [1 0 0 1 0]
 [1 0 1 1 0]
 [1 0 1 0 0]
 [1 1 1 0 0]
 [0 1 1 1 1]
 [1 1 0 1 1]
 [1 1 0 1 0]
 [1 0 1 0 1]
 [1 1 0 1 1]
 [0 1 0 1 1]
 [1 0 1 1 1]
 [0 1 1 1 1]
 [1 1 0 1 0]
 [1 1 1 1 1]
 [0 1 1 1 1]
 [1 1 0 1 1]
 [0 0 1 1 1]
 [0 1 1 1 0]
 [0 1 0 1 1]
 [1 0 0 1 1]
 [1 1 1 1 1]
 [0 0 1 0 0]
 [1 1 1 1 1]
 [1 0 0 1 1]
 [1 1 1 0 1]
 [1 1 1 1 0]
 [1 1 0 0 1]
 [1 0 1 0 1]
 [1 1 1 1 0]
 [1 1 1 1 1]
 [0 1 1 0 1]
 [0 1 1 1 0]
 [1 0 1 1 1]
 [1 1 1 1 0]
 [0 1 1 1 1]
 [1 0 1 1 1]
 [1 1 1 1 1]
 [1 1 1 1 0]
 [0 0 1 0 1]
 [1 1 1 1 1]
 [1 1 1 1 1]
 [0 0 1 1 1]
 [1 1 0 0 1]
 [1 1 1 0 0]
 [1 1 0 1 1]
 [1 1 1 1 1]
 [1 1 1 1 1]
 [1 1 1 1 1]
 [1 0 1 0 1]
 [1 1 1 1 1]
 [1 1 1 1 1]
 [1 1 1 1 1]
 [1 1 0 1 1]
 [0 0 1 1 1]
 [1 1 1 1 1]
 [1 1 1 0 0]
 [1 1 0 1 1]
 [0 1 0 1 0]
 [1 1 0 0 1]
 [0 1 0 1 1]
 [1 0 0 0 1]
 [1 1 1 1 1]
 [1 0 0 1 0]
 [1 1 1 0 1]
 [1 1 1 1 1]
 [0 1 0 0 0]
 [1 1 0 0 1]
 [1 1 1 1 1]
 [1 0 1 0 0]
 [1 0 1 1 1]
 [0 1 1 1 0]
 [1 0 1 1 0]
 [1 1 1 1 0]
 [0 1 0 1 0]
 [1 1 0 0 1]
 [0 1 1 1 1]
 [0 1 1 1 0]
 [1 1 0 1 0]
 [1 1 1 1 1]
 [1 1 0 1 1]
 [0 0 1 1 0]]
{'restarts': 1, 'conflicts': 12, 'decisions': 23, 'propagations': 552}
Q is identifiable
branch at 6
runtime for solving id of Q is 0.004720601253211498
Simulation results:
{'J': 100, 'K': 5, 'N': 10, 'p': 0.7, 'seed': 22, 'sim': 0, 'runtime': 0.004720601253211498, 'identifiable': 1, 'branch': 6}
1
Q: [[0 1 1 1 0]
 [1 1 1 1 0]
 [1 0 1 0 0]
 [0 1 1 0 0]
 [1 1 0 1 1]
 [1 0 1 0 1]
 [1 1 1 1 1]
 [1 1 1 1 0]
 [1 1 0 1 1]
 [1 1 1 0 1]
 [1 1 1 1 1]
 [1 1 1 0 0]
 [1 1 1 1 0]
 [1 1 1 0 1]
 [1 1 0 0 0]
 [1 1 1 1 1]
 [1 1 1 1 1]
 [0 1 1 1 1]
 [1 1 0 1 0]
 [1 1 1 1 0]
 [1 1 1 1 1]
 [1 1 1 0 1]
 [1 1 0 0 1]
 [1 1 0 1 1]
 [1 1 1 1 1]
 [1 1 1 1 1]
 [1 1 0 1 0]
 [0 1 0 1 1]
 [0 1 0 1 1]
 [1 1 0 1 1]
 [1 1 0 0 1]
 [1 0 1 1 1]
 [1 1 1 0 0]
 [1 0 1 1 1]
 [0 1 1 0 1]
 [1 1 1 1 0]
 [1 1 1 1 0]
 [0 1 1 1 1]
 [1 0 1 0 0]
 [1 0 0 1 0]
 [0 1 1 1 1]
 [1 1 1 0 1]
 [1 1 0 1 0]
 [1 1 1 1 0]
 [0 0 1 1 1]
 [0 1 1 1 1]
 [1 0 0 1 1]
 [0 1 1 1 1]
 [1 1 1 1 0]
 [1 1 1 1 0]
 [0 1 1 1 0]
 [0 0 1 1 1]
 [0 1 1 1 0]
 [0 1 0 1 0]
 [1 1 0 1 1]
 [1 1 1 0 0]
 [1 0 1 0 1]
 [1 1 1 1 1]
 [1 1 0 0 1]
 [1 1 0 1 1]
 [1 1 0 0 0]
 [1 0 1 1 1]
 [1 1 0 1 1]
 [1 1 1 1 0]
 [1 0 0 0 0]
 [1 0 0 0 1]
 [0 1 1 1 1]
 [0 0 0 0 1]
 [0 1 0 1 1]
 [0 0 1 1 1]
 [1 0 0 1 0]
 [1 1 1 1 1]
 [0 1 1 1 1]
 [1 1 1 0 1]
 [0 1 1 1 1]
 [1 1 1 0 1]
 [1 1 1 1 1]
 [0 1 1 1 1]
 [0 0 0 1 1]
 [0 1 1 1 0]
 [1 1 1 1 0]
 [1 0 1 1 0]
 [0 1 1 1 0]
 [1 1 0 1 1]
 [1 1 0 1 1]
 [1 1 1 1 1]
 [1 0 1 0 1]
 [1 0 0 1 1]
 [1 1 1 1 1]
 [1 1 1 1 1]
 [0 0 0 1 1]
 [0 1 0 1 1]
 [0 1 0 0 0]
 [1 1 1 1 1]
 [0 1 0 0 1]
 [1 0 1 1 1]
 [1 1 1 1 1]
 [1 1 1 1 0]
 [1 1 1 1 1]
 [1 0 1 1 1]]
{'restarts': 1, 'conflicts': 11, 'decisions': 19, 'propagations': 490}
Q is identifiable
branch at 6
runtime for solving id of Q is 0.003771977499127388
Simulation results:
{'J': 100, 'K': 5, 'N': 10, 'p': 0.7, 'seed': 22, 'sim': 1, 'runtime': 0.003771977499127388, 'identifiable': 1, 'branch': 6}
2
Q: [[1 1 1 1 1]
 [0 0 0 0 0]
 [1 1 1 1 1]
 [0 1 1 1 0]
 [0 1 1 1 1]
 [0 1 1 1 1]
 [1 1 0 0 1]
 [0 1 1 0 1]
 [1 1 0 1 0]
 [1 1 1 0 1]
 [1 1 1 1 1]
 [1 1 0 1 0]
 [1 1 1 1 1]
 [1 1 1 0 1]
 [1 0 1 1 0]
 [1 0 1 0 1]
 [1 0 1 1 0]
 [1 1 1 0 0]
 [1 0 1 1 0]
 [1 1 0 0 1]
 [1 1 1 1 1]
 [1 1 1 1 1]
 [1 1 1 0 1]
 [1 1 0 1 1]
 [0 1 1 1 1]
 [1 1 1 1 1]
 [1 1 0 0 1]
 [1 1 0 1 0]
 [1 1 1 1 1]
 [1 1 0 1 0]
 [1 1 1 0 1]
 [1 1 0 0 1]
 [0 1 0 0 0]
 [0 1 1 0 1]
 [1 1 1 1 0]
 [1 1 1 1 1]
 [1 1 1 0 0]
 [0 1 1 0 0]
 [1 1 0 1 1]
 [1 1 1 1 1]
 [1 1 1 1 1]
 [1 1 1 1 0]
 [1 1 1 0 1]
 [0 0 1 1 1]
 [1 1 1 1 1]
 [0 1 0 1 0]
 [1 1 0 1 1]
 [1 1 0 1 0]
 [1 1 1 1 1]
 [1 1 1 1 0]
 [1 1 1 0 1]
 [1 1 1 0 1]
 [1 0 1 1 1]
 [0 1 1 1 1]
 [1 0 1 0 1]
 [1 0 1 1 0]
 [1 1 1 0 1]
 [1 1 1 0 1]
 [0 0 1 1 1]
 [1 0 1 1 0]
 [1 1 1 1 0]
 [1 0 1 1 1]
 [1 1 1 0 0]
 [1 0 0 0 1]
 [1 1 1 0 1]
 [1 0 0 0 0]
 [1 0 0 1 1]
 [1 1 1 1 0]
 [1 1 0 0 1]
 [1 1 1 1 1]
 [1 1 1 1 1]
 [1 1 0 1 1]
 [0 1 1 0 1]
 [0 0 1 1 1]
 [0 1 0 0 1]
 [1 1 1 0 1]
 [1 1 0 0 1]
 [0 1 1 1 0]
 [1 1 1 0 0]
 [0 1 0 0 1]
 [1 1 1 1 1]
 [0 1 1 1 0]
 [0 1 1 1 0]
 [0 1 1 0 1]
 [0 1 1 1 1]
 [1 0 1 1 1]
 [1 0 1 0 0]
 [0 1 0 0 0]
 [1 1 1 1 1]
 [0 1 1 1 1]
 [0 1 1 1 1]
 [1 0 0 1 1]
 [1 1 0 1 1]
 [1 1 1 1 1]
 [1 1 1 1 0]
 [0 1 1 1 0]
 [0 0 1 1 1]
 [1 1 1 1 1]
 [1 0 1 1 0]
 [1 1 0 1 1]]
{'restarts': 1, 'conflicts': 26, 'decisions': 52, 'propagations': 1488}
Q is identifiable
branch at 6
runtime for solving id of Q is 0.004184103570878506
Simulation results:
{'J': 100, 'K': 5, 'N': 10, 'p': 0.7, 'seed': 22, 'sim': 2, 'runtime': 0.004184103570878506, 'identifiable': 1, 'branch': 6}
3
Q: [[0 1 1 1 1]
 [1 1 0 1 0]
 [1 1 1 1 1]
 [1 1 1 0 0]
 [1 1 1 1 1]
 [0 0 0 1 1]
 [1 1 1 0 1]
 [1 0 1 1 0]
 [1 0 0 1 0]
 [1 1 1 0 0]
 [1 1 1 1 1]
 [1 1 1 1 1]
 [1 1 1 0 1]
 [1 1 1 1 0]
 [1 1 1 0 0]
 [1 1 0 1 0]
 [0 0 0 1 1]
 [1 1 1 0 0]
 [1 1 1 1 1]
 [1 0 0 1 1]
 [1 1 1 1 0]
 [1 1 1 1 0]
 [1 1 1 0 0]
 [0 1 1 1 1]
 [1 1 0 0 1]
 [1 1 0 1 1]
 [1 0 1 1 1]
 [1 1 1 0 0]
 [1 0 0 0 1]
 [1 1 1 1 0]
 [1 1 0 1 1]
 [0 1 1 1 1]
 [1 1 0 0 1]
 [0 0 0 1 1]
 [1 1 0 1 0]
 [1 0 1 1 0]
 [1 0 0 1 1]
 [0 0 1 1 1]
 [0 0 1 0 1]
 [0 0 1 1 1]
 [0 0 1 1 1]
 [1 1 0 1 1]
 [0 1 0 1 0]
 [1 1 1 0 1]
 [0 1 0 1 0]
 [1 1 1 1 1]
 [1 0 1 1 1]
 [1 1 1 1 0]
 [1 1 0 0 0]
 [0 1 1 0 1]
 [0 1 1 1 1]
 [1 0 0 0 1]
 [1 1 0 0 0]
 [1 0 0 0 1]
 [1 0 1 1 1]
 [1 1 1 1 1]
 [0 0 0 1 1]
 [1 1 1 1 0]
 [0 1 0 1 1]
 [1 1 1 1 1]
 [1 1 1 1 1]
 [1 1 1 0 1]
 [0 1 1 1 1]
 [1 1 1 0 1]
 [0 1 1 1 1]
 [1 0 1 1 1]
 [1 1 1 1 0]
 [1 0 1 0 1]
 [1 1 1 1 1]
 [1 1 1 1 1]
 [1 0 1 1 0]
 [0 0 1 1 0]
 [1 1 0 1 1]
 [1 1 1 1 1]
 [0 1 1 1 1]
 [1 1 1 1 1]
 [1 1 1 0 1]
 [0 1 1 1 1]
 [0 1 1 1 0]
 [1 1 1 0 1]
 [1 1 1 0 1]
 [0 0 0 0 1]
 [0 1 1 0 0]
 [0 1 0 0 1]
 [1 0 1 1 1]
 [1 1 1 1 1]
 [0 1 1 1 1]
 [1 1 0 0 0]
 [1 1 1 1 1]
 [1 1 0 1 1]
 [0 0 1 0 1]
 [1 0 0 1 1]
 [1 1 1 1 1]
 [0 0 1 0 0]
 [1 0 1 0 1]
 [0 0 1 1 1]
 [0 0 1 1 0]
 [0 0 1 1 1]
 [1 1 1 0 1]
 [0 1 0 1 1]]
{'restarts': 1, 'conflicts': 9, 'decisions': 20, 'propagations': 629}
Q is identifiable
branch at 6
runtime for solving id of Q is 0.004232674837112427
Simulation results:
{'J': 100, 'K': 5, 'N': 10, 'p': 0.7, 'seed': 22, 'sim': 3, 'runtime': 0.004232674837112427, 'identifiable': 1, 'branch': 6}
4
Q: [[0 1 0 1 1]
 [0 1 0 0 1]
 [1 0 1 1 1]
 [1 0 0 0 1]
 [1 1 0 1 1]
 [1 1 1 0 1]
 [0 1 1 1 1]
 [0 1 1 1 1]
 [1 1 1 1 1]
 [1 0 0 1 1]
 [1 1 0 1 1]
 [1 1 0 1 1]
 [1 0 1 1 1]
 [1 1 1 1 1]
 [0 0 0 0 1]
 [1 1 1 1 0]
 [0 1 1 1 1]
 [1 0 1 1 1]
 [1 1 1 1 1]
 [1 0 1 1 1]
 [0 1 0 1 1]
 [1 0 1 1 1]
 [1 1 1 1 1]
 [1 0 0 0 1]
 [1 1 1 1 1]
 [1 1 1 1 1]
 [1 1 1 1 1]
 [1 0 1 1 1]
 [1 0 1 1 0]
 [1 0 1 0 0]
 [0 1 1 1 1]
 [1 1 0 1 1]
 [0 0 1 1 1]
 [1 0 1 1 1]
 [0 1 1 0 1]
 [0 1 1 1 0]
 [1 1 1 1 1]
 [1 0 1 1 1]
 [0 1 1 1 1]
 [1 1 0 1 1]
 [0 1 1 1 1]
 [1 1 1 0 1]
 [1 1 1 1 1]
 [1 1 1 1 1]
 [0 1 1 0 0]
 [1 0 1 0 1]
 [0 1 1 1 1]
 [0 0 1 1 1]
 [0 1 1 0 0]
 [0 1 1 1 1]
 [1 1 1 1 0]
 [1 1 1 1 1]
 [1 1 1 1 0]
 [0 1 1 1 1]
 [0 0 1 1 0]
 [1 0 0 1 0]
 [1 0 0 1 0]
 [1 1 1 1 1]
 [1 1 1 1 1]
 [1 1 1 0 1]
 [0 1 1 1 1]
 [0 0 1 1 1]
 [1 1 0 1 1]
 [0 1 1 1 1]
 [1 0 0 1 0]
 [1 0 0 1 1]
 [1 0 1 0 1]
 [1 1 1 1 1]
 [1 1 1 1 1]
 [1 1 0 1 0]
 [1 1 1 1 1]
 [0 1 0 1 1]
 [0 1 1 1 1]
 [1 1 1 0 1]
 [1 1 0 1 1]
 [1 1 1 0 0]
 [1 0 1 1 1]
 [1 1 0 1 1]
 [1 0 1 1 1]
 [0 1 1 1 0]
 [1 0 1 0 1]
 [0 1 1 1 0]
 [0 0 1 1 0]
 [1 1 0 0 1]
 [1 0 1 1 1]
 [1 1 1 0 0]
 [0 1 1 0 1]
 [1 1 0 0 1]
 [1 1 0 1 0]
 [0 1 1 1 1]
 [1 1 1 1 1]
 [0 1 1 1 1]
 [1 1 0 0 0]
 [1 1 1 1 1]
 [1 1 1 0 0]
 [0 1 0 1 1]
 [0 0 1 0 1]
 [1 0 1 1 1]
 [1 1 1 1 1]
 [1 0 1 1 1]]
{'restarts': 1, 'conflicts': 10, 'decisions': 26, 'propagations': 477}
Q is identifiable
branch at 6
runtime for solving id of Q is 0.00403475109487772
Simulation results:
{'J': 100, 'K': 5, 'N': 10, 'p': 0.7, 'seed': 22, 'sim': 4, 'runtime': 0.00403475109487772, 'identifiable': 1, 'branch': 6}
5
Q: [[1 1 0 1 0]
 [0 0 1 1 1]
 [0 1 0 1 0]
 [0 1 1 0 1]
 [1 1 1 0 1]
 [0 0 1 1 1]
 [1 0 0 0 1]
 [0 1 1 1 1]
 [1 1 1 0 1]
 [1 0 0 0 1]
 [1 0 0 1 0]
 [1 0 0 0 0]
 [0 1 1 1 1]
 [1 1 1 1 1]
 [1 0 0 0 1]
 [1 1 1 1 0]
 [1 0 1 0 1]
 [0 1 1 1 1]
 [1 0 0 0 1]
 [1 0 1 1 1]
 [1 1 1 0 0]
 [1 0 1 1 0]
 [1 0 1 1 1]
 [1 0 1 0 0]
 [1 0 1 1 1]
 [0 1 1 0 1]
 [1 1 1 1 1]
 [0 1 1 1 1]
 [0 0 1 0 1]
 [0 1 1 1 1]
 [1 1 1 1 1]
 [0 0 0 0 0]
 [1 1 1 0 1]
 [1 0 1 1 1]
 [0 1 1 1 1]
 [1 1 1 0 1]
 [1 0 0 1 1]
 [1 1 1 1 1]
 [1 1 1 0 0]
 [0 1 1 1 1]
 [1 0 1 0 1]
 [1 1 1 0 0]
 [0 1 1 0 1]
 [0 1 1 1 0]
 [1 1 1 1 1]
 [1 1 1 1 1]
 [1 1 1 0 0]
 [1 0 1 1 1]
 [1 0 1 1 0]
 [1 1 1 0 1]
 [0 1 0 0 0]
 [1 0 1 0 1]
 [1 1 0 1 1]
 [1 1 1 0 1]
 [0 1 1 1 1]
 [0 1 1 0 1]
 [1 1 1 1 0]
 [0 1 1 1 1]
 [1 1 1 0 1]
 [1 1 1 1 0]
 [1 1 1 1 1]
 [0 0 1 1 0]
 [0 1 0 0 1]
 [1 1 0 0 0]
 [0 1 1 1 0]
 [0 1 1 1 1]
 [0 0 0 1 1]
 [1 1 0 1 1]
 [0 0 0 1 1]
 [1 0 1 1 1]
 [1 1 1 1 0]
 [0 1 0 0 0]
 [0 1 1 0 1]
 [1 1 1 0 1]
 [0 1 1 0 1]
 [0 0 1 1 1]
 [1 1 0 0 1]
 [0 1 1 1 1]
 [1 1 1 1 1]
 [0 1 0 1 1]
 [1 0 0 1 0]
 [1 0 1 1 1]
 [0 0 1 1 1]
 [1 0 0 0 1]
 [1 0 1 0 1]
 [0 1 1 0 1]
 [1 0 1 1 0]
 [1 1 1 1 0]
 [1 1 1 0 1]
 [0 1 1 1 1]
 [1 0 1 1 1]
 [1 1 1 0 0]
 [1 1 1 0 0]
 [1 1 0 1 1]
 [0 1 0 1 0]
 [1 1 1 1 0]
 [0 1 1 1 1]
 [1 1 1 1 1]
 [0 1 1 1 1]
 [0 1 1 0 0]]
{'restarts': 1, 'conflicts': 18, 'decisions': 42, 'propagations': 1072}
Q is identifiable
branch at 6
runtime for solving id of Q is 0.005203535780310631
Simulation results:
{'J': 100, 'K': 5, 'N': 10, 'p': 0.7, 'seed': 22, 'sim': 5, 'runtime': 0.005203535780310631, 'identifiable': 1, 'branch': 6}
6
Q: [[1 1 1 0 1]
 [1 1 1 1 0]
 [1 1 1 0 1]
 [0 1 1 0 1]
 [1 1 0 1 1]
 [1 0 0 1 1]
 [0 1 0 1 0]
 [0 0 1 1 0]
 [1 0 1 1 0]
 [1 1 1 1 1]
 [1 1 1 0 1]
 [1 1 0 1 0]
 [1 1 1 1 1]
 [1 0 1 1 1]
 [1 1 1 0 1]
 [1 1 1 1 1]
 [1 1 1 0 0]
 [1 1 1 1 0]
 [1 1 1 1 0]
 [1 1 1 1 1]
 [1 1 1 0 1]
 [0 1 1 1 1]
 [1 1 1 1 1]
 [1 1 1 0 1]
 [1 0 0 1 1]
 [0 1 0 1 1]
 [1 1 1 1 1]
 [1 1 0 0 1]
 [1 1 0 1 1]
 [0 1 1 1 0]
 [1 1 0 1 0]
 [1 1 1 1 1]
 [0 0 1 1 0]
 [1 1 1 1 0]
 [1 1 1 1 1]
 [1 1 1 0 1]
 [1 1 1 1 1]
 [1 0 1 0 0]
 [1 0 1 1 0]
 [1 1 1 1 0]
 [1 1 1 1 1]
 [1 0 0 0 0]
 [1 0 1 1 1]
 [1 0 1 0 0]
 [1 0 0 0 1]
 [1 1 1 1 1]
 [1 1 0 1 1]
 [1 1 1 0 1]
 [0 0 1 1 1]
 [0 0 0 0 1]
 [0 1 1 1 1]
 [0 1 1 0 0]
 [1 1 1 0 1]
 [1 1 0 1 1]
 [1 1 1 1 1]
 [1 1 1 1 1]
 [0 0 0 1 1]
 [1 0 1 0 1]
 [1 1 0 1 1]
 [1 0 1 1 1]
 [0 1 1 1 1]
 [1 1 1 1 1]
 [0 0 1 1 0]
 [0 0 1 0 0]
 [1 1 0 1 0]
 [1 1 0 1 1]
 [0 1 1 1 1]
 [1 1 1 1 1]
 [1 1 1 1 1]
 [0 1 0 1 0]
 [1 1 1 1 0]
 [1 1 1 1 1]
 [1 1 1 1 1]
 [1 0 1 1 1]
 [1 1 1 1 0]
 [0 1 1 1 1]
 [1 1 1 1 1]
 [0 1 1 0 0]
 [0 0 1 0 0]
 [0 0 1 0 1]
 [1 1 0 1 1]
 [0 1 1 0 1]
 [1 1 1 1 1]
 [0 1 1 1 1]
 [1 1 1 1 1]
 [0 0 0 1 0]
 [1 1 1 1 1]
 [0 1 0 0 1]
 [1 0 1 1 1]
 [1 1 1 0 1]
 [1 1 1 1 1]
 [1 1 0 0 1]
 [1 1 1 1 1]
 [0 1 1 1 0]
 [1 0 1 0 1]
 [1 1 1 1 1]
 [0 1 1 1 0]
 [1 1 1 1 1]
 [1 1 1 1 1]
 [1 1 0 1 1]]
{'restarts': 1, 'conflicts': 7, 'decisions': 15, 'propagations': 537}
Q is identifiable
branch at 6
runtime for solving id of Q is 0.0027596428990364075
Simulation results:
{'J': 100, 'K': 5, 'N': 10, 'p': 0.7, 'seed': 22, 'sim': 6, 'runtime': 0.0027596428990364075, 'identifiable': 1, 'branch': 6}
7
Q: [[1 1 1 1 0]
 [1 1 1 1 1]
 [1 1 1 1 1]
 [0 0 1 0 0]
 [1 1 1 1 0]
 [0 1 1 1 1]
 [0 1 0 0 1]
 [1 1 0 0 1]
 [1 0 1 1 1]
 [0 1 1 1 1]
 [1 0 0 1 0]
 [1 1 1 1 1]
 [1 1 1 0 1]
 [1 1 0 1 1]
 [1 1 1 1 1]
 [1 0 1 0 1]
 [1 1 1 1 0]
 [1 1 1 1 1]
 [1 0 1 1 0]
 [0 0 1 1 0]
 [1 1 1 1 1]
 [0 1 1 1 1]
 [1 1 1 0 1]
 [1 1 1 1 1]
 [1 1 0 0 1]
 [1 1 1 1 1]
 [0 1 0 1 1]
 [0 1 0 1 0]
 [1 1 0 1 1]
 [1 1 1 0 1]
 [1 1 0 1 1]
 [0 1 1 0 1]
 [1 0 0 0 1]
 [0 1 0 1 1]
 [0 1 1 0 0]
 [1 1 0 1 0]
 [1 0 0 1 1]
 [0 0 0 1 1]
 [1 1 1 1 0]
 [1 1 1 1 0]
 [1 0 0 1 0]
 [1 0 1 0 0]
 [1 1 1 1 1]
 [0 0 1 1 1]
 [1 1 1 1 1]
 [1 0 1 1 1]
 [1 1 0 0 0]
 [1 1 1 1 1]
 [0 1 1 1 0]
 [0 1 1 0 0]
 [1 0 1 0 1]
 [1 1 0 1 1]
 [1 1 0 1 0]
 [0 1 1 1 0]
 [0 1 1 1 1]
 [1 1 1 1 1]
 [1 1 1 1 1]
 [1 1 0 1 1]
 [0 1 0 1 0]
 [0 1 1 0 0]
 [0 1 0 1 1]
 [1 1 1 1 0]
 [1 1 0 1 0]
 [1 1 1 1 1]
 [1 1 0 0 0]
 [0 1 0 1 1]
 [1 1 1 1 1]
 [1 1 1 1 1]
 [1 0 1 0 1]
 [1 1 0 1 1]
 [1 1 0 1 1]
 [0 0 1 0 1]
 [1 1 1 1 0]
 [0 1 1 0 1]
 [1 0 1 1 0]
 [0 1 0 1 1]
 [1 0 0 1 0]
 [1 0 1 1 0]
 [1 1 1 1 0]
 [1 1 1 1 0]
 [0 1 1 1 0]
 [1 0 1 1 1]
 [1 1 1 1 1]
 [1 1 0 1 1]
 [0 0 0 1 1]
 [1 0 0 1 1]
 [0 1 0 1 1]
 [1 1 0 1 1]
 [1 1 1 0 0]
 [1 0 1 1 1]
 [1 1 1 0 1]
 [1 0 1 1 0]
 [1 0 1 1 1]
 [1 0 1 1 1]
 [1 1 1 1 1]
 [1 1 1 1 1]
 [1 1 1 1 1]
 [1 0 1 0 1]
 [1 1 0 1 0]
 [1 0 0 1 1]]
{'restarts': 1, 'conflicts': 20, 'decisions': 48, 'propagations': 1136}
Q is identifiable
branch at 6
runtime for solving id of Q is 0.005060986615717411
Simulation results:
{'J': 100, 'K': 5, 'N': 10, 'p': 0.7, 'seed': 22, 'sim': 7, 'runtime': 0.005060986615717411, 'identifiable': 1, 'branch': 6}
8
Q: [[0 0 1 1 1]
 [1 1 1 0 1]
 [1 0 1 1 1]
 [1 1 0 0 0]
 [0 1 0 1 1]
 [1 1 1 1 0]
 [0 0 1 1 1]
 [1 1 1 1 1]
 [1 1 0 1 1]
 [1 1 1 1 1]
 [1 1 1 1 0]
 [1 1 1 0 0]
 [0 1 1 1 0]
 [0 0 1 0 1]
 [1 1 1 1 0]
 [0 1 0 1 0]
 [1 1 0 1 1]
 [0 1 0 0 0]
 [1 0 1 0 1]
 [1 1 1 1 1]
 [1 1 1 0 1]
 [1 0 1 1 1]
 [1 0 1 1 1]
 [1 1 0 1 0]
 [0 1 1 1 0]
 [0 0 0 1 1]
 [1 0 1 1 0]
 [0 1 1 1 1]
 [1 0 1 1 1]
 [1 1 1 0 1]
 [0 0 1 0 1]
 [1 1 1 1 1]
 [0 1 0 1 0]
 [0 1 0 1 1]
 [1 1 1 0 1]
 [1 0 1 1 1]
 [0 1 1 1 0]
 [0 0 1 1 0]
 [0 0 1 1 1]
 [1 0 0 1 1]
 [0 1 0 1 0]
 [1 1 1 0 0]
 [0 1 0 1 0]
 [1 0 0 1 0]
 [1 1 1 0 0]
 [0 1 1 0 1]
 [1 1 1 1 1]
 [0 0 0 1 0]
 [1 1 1 0 1]
 [1 1 0 1 1]
 [1 1 1 0 1]
 [0 1 1 1 1]
 [0 1 1 1 1]
 [1 0 1 1 0]
 [1 1 0 1 1]
 [1 0 1 1 0]
 [1 1 1 0 1]
 [1 1 1 1 1]
 [0 0 0 0 0]
 [1 0 0 0 1]
 [0 1 1 1 0]
 [1 1 0 1 1]
 [0 0 0 0 0]
 [0 1 1 1 1]
 [0 1 1 1 1]
 [0 1 1 1 0]
 [0 1 1 0 1]
 [0 1 0 1 1]
 [1 1 1 1 0]
 [1 1 1 1 1]
 [0 0 1 1 1]
 [1 0 1 0 1]
 [1 1 1 0 1]
 [1 0 1 1 1]
 [1 1 1 1 1]
 [1 1 1 0 1]
 [0 1 1 1 1]
 [1 1 0 1 1]
 [1 1 1 1 0]
 [0 1 0 1 1]
 [0 1 0 1 0]
 [1 1 1 1 1]
 [1 1 0 1 1]
 [1 1 1 1 1]
 [1 0 0 1 0]
 [1 1 1 1 0]
 [1 1 0 1 1]
 [1 0 0 1 0]
 [0 1 1 1 1]
 [0 1 1 0 1]
 [1 1 0 1 1]
 [1 0 1 1 1]
 [1 1 1 1 0]
 [1 1 1 1 1]
 [1 0 0 1 1]
 [0 1 1 0 1]
 [0 1 1 1 1]
 [1 1 0 1 1]
 [1 0 0 1 1]
 [1 1 1 1 1]]
{'restarts': 1, 'conflicts': 8, 'decisions': 16, 'propagations': 433}
Q is identifiable
branch at 6
runtime for solving id of Q is 0.0036693094298243523
Simulation results:
{'J': 100, 'K': 5, 'N': 10, 'p': 0.7, 'seed': 22, 'sim': 8, 'runtime': 0.0036693094298243523, 'identifiable': 1, 'branch': 6}
9
Q: [[0 1 1 1 1]
 [1 1 1 1 0]
 [1 0 0 0 1]
 [0 1 1 1 0]
 [1 1 1 1 0]
 [0 1 1 0 0]
 [0 1 1 1 0]
 [1 1 1 0 0]
 [0 1 1 1 1]
 [1 1 0 0 1]
 [0 1 1 1 1]
 [0 1 1 1 0]
 [1 0 0 1 1]
 [0 1 0 1 1]
 [1 0 1 0 0]
 [1 1 1 0 0]
 [1 1 1 1 0]
 [0 0 0 0 1]
 [0 1 1 0 0]
 [1 0 1 0 1]
 [1 1 1 1 0]
 [1 0 0 1 1]
 [1 0 1 1 1]
 [1 0 1 1 1]
 [1 1 1 1 1]
 [1 1 1 1 0]
 [1 1 0 0 1]
 [1 1 0 1 1]
 [1 1 1 1 1]
 [1 1 0 1 1]
 [1 1 0 1 1]
 [0 1 1 1 1]
 [1 1 1 1 0]
 [1 1 1 1 1]
 [1 0 0 0 1]
 [1 1 1 1 1]
 [1 0 1 0 1]
 [0 0 0 1 1]
 [1 1 0 1 1]
 [1 1 1 1 1]
 [1 1 1 1 1]
 [0 1 1 1 1]
 [1 1 0 0 0]
 [1 1 0 1 1]
 [1 0 1 1 0]
 [0 1 1 1 1]
 [1 1 0 1 1]
 [0 0 0 1 1]
 [1 0 0 1 1]
 [1 0 1 1 0]
 [0 0 0 1 0]
 [1 0 1 0 0]
 [1 1 0 1 1]
 [1 1 1 0 1]
 [0 1 1 0 1]
 [1 1 1 1 1]
 [1 1 1 1 1]
 [0 0 0 0 1]
 [0 0 1 1 1]
 [0 1 1 1 0]
 [1 0 0 0 0]
 [1 0 1 1 0]
 [1 1 1 1 0]
 [0 1 0 1 1]
 [1 0 1 1 1]
 [1 0 1 1 0]
 [1 1 0 1 1]
 [1 1 1 1 0]
 [1 1 0 1 0]
 [0 0 1 0 0]
 [1 1 1 0 0]
 [0 0 1 0 1]
 [1 1 0 0 1]
 [1 1 1 1 0]
 [1 1 1 1 0]
 [1 1 1 1 1]
 [1 0 1 1 0]
 [0 1 0 1 1]
 [0 1 1 0 1]
 [0 1 0 1 1]
 [0 1 0 1 1]
 [0 0 1 1 1]
 [0 1 1 1 0]
 [1 1 1 1 1]
 [0 1 1 1 0]
 [1 1 1 1 1]
 [1 1 1 1 1]
 [1 1 0 0 1]
 [1 0 1 1 1]
 [1 1 1 1 1]
 [1 1 0 1 0]
 [1 1 1 0 1]
 [0 1 0 1 1]
 [1 1 0 1 0]
 [0 0 1 1 1]
 [1 1 1 1 1]
 [0 1 0 1 1]
 [1 0 1 1 0]
 [1 0 1 0 1]
 [1 1 1 1 1]]
{'restarts': 1, 'conflicts': 8, 'decisions': 21, 'propagations': 443}
Q is identifiable
branch at 6
runtime for solving id of Q is 0.002822296693921089
Simulation results:
{'J': 100, 'K': 5, 'N': 10, 'p': 0.7, 'seed': 22, 'sim': 9, 'runtime': 0.002822296693921089, 'identifiable': 1, 'branch': 6}
Simulation results:
[{'J': 100, 'K': 5, 'N': 10, 'p': 0.7, 'seed': 22, 'sim': 0, 'runtime': 0.004720601253211498, 'identifiable': 1, 'branch': 6}, {'J': 100, 'K': 5, 'N': 10, 'p': 0.7, 'seed': 22, 'sim': 1, 'runtime': 0.003771977499127388, 'identifiable': 1, 'branch': 6}, {'J': 100, 'K': 5, 'N': 10, 'p': 0.7, 'seed': 22, 'sim': 2, 'runtime': 0.004184103570878506, 'identifiable': 1, 'branch': 6}, {'J': 100, 'K': 5, 'N': 10, 'p': 0.7, 'seed': 22, 'sim': 3, 'runtime': 0.004232674837112427, 'identifiable': 1, 'branch': 6}, {'J': 100, 'K': 5, 'N': 10, 'p': 0.7, 'seed': 22, 'sim': 4, 'runtime': 0.00403475109487772, 'identifiable': 1, 'branch': 6}, {'J': 100, 'K': 5, 'N': 10, 'p': 0.7, 'seed': 22, 'sim': 5, 'runtime': 0.005203535780310631, 'identifiable': 1, 'branch': 6}, {'J': 100, 'K': 5, 'N': 10, 'p': 0.7, 'seed': 22, 'sim': 6, 'runtime': 0.0027596428990364075, 'identifiable': 1, 'branch': 6}, {'J': 100, 'K': 5, 'N': 10, 'p': 0.7, 'seed': 22, 'sim': 7, 'runtime': 0.005060986615717411, 'identifiable': 1, 'branch': 6}, {'J': 100, 'K': 5, 'N': 10, 'p': 0.7, 'seed': 22, 'sim': 8, 'runtime': 0.0036693094298243523, 'identifiable': 1, 'branch': 6}, {'J': 100, 'K': 5, 'N': 10, 'p': 0.7, 'seed': 22, 'sim': 9, 'runtime': 0.002822296693921089, 'identifiable': 1, 'branch': 6}]
