
The Gurobi software has a limited number of licenses. To request a license or
licenses, add this line

    #SBATCH --licenses=gurobi@slurmdb:1

to your SBATCH script, replacing N with the number of licenses you need. Gurobi
will need one license per process.


0
Q: [[0 1 1 1 1 1 1 1 1 1]
 [1 1 1 1 1 1 1 1 1 0]
 [1 1 1 0 1 1 1 0 1 1]
 [1 0 1 1 1 1 1 0 0 0]
 [1 1 1 1 0 0 1 1 1 1]
 [1 0 1 1 1 1 1 1 0 1]
 [1 0 0 1 0 1 1 0 1 1]
 [1 1 1 1 0 0 1 0 1 1]
 [1 0 0 1 1 1 1 0 1 1]
 [1 0 1 0 1 1 1 0 1 1]
 [0 1 1 0 1 1 1 0 0 0]
 [1 0 1 1 1 1 1 1 1 1]
 [1 1 1 0 1 1 0 0 1 1]
 [0 1 0 1 1 1 1 0 0 1]
 [1 0 0 1 1 1 1 1 1 1]
 [1 1 0 0 1 0 1 1 1 0]
 [0 0 1 1 0 1 0 1 1 1]
 [1 1 1 1 1 1 1 1 1 0]
 [1 1 1 0 0 0 1 0 1 0]
 [1 1 1 1 1 1 0 1 0 1]
 [0 1 1 1 1 0 1 1 1 1]
 [0 1 0 1 1 1 1 1 1 1]
 [1 1 0 0 0 1 1 1 1 1]
 [1 1 0 1 1 1 1 1 1 1]
 [1 0 1 1 1 1 1 1 1 1]
 [1 1 1 0 1 0 0 0 1 0]
 [1 1 1 1 1 1 0 1 1 1]
 [0 1 1 1 1 1 0 1 1 1]
 [0 1 1 1 1 1 1 1 1 1]
 [0 1 0 1 0 1 0 0 1 1]
 [1 1 1 1 1 1 0 1 1 1]
 [1 0 1 0 0 0 1 0 1 0]
 [0 1 1 1 0 1 0 1 1 1]
 [0 0 0 0 1 1 1 1 1 1]
 [1 1 1 1 0 0 1 0 1 0]
 [1 1 1 1 1 1 0 1 0 1]
 [0 1 1 0 1 1 1 1 1 1]
 [1 1 1 0 1 0 1 1 0 1]
 [1 1 0 1 1 1 1 0 0 1]
 [1 1 1 1 1 0 0 0 1 1]
 [1 1 1 0 1 1 0 0 0 1]
 [1 1 1 1 0 1 1 1 1 0]
 [1 1 0 1 1 1 1 1 1 0]
 [1 1 0 0 1 0 0 0 0 1]
 [1 0 0 1 1 1 1 0 1 1]
 [0 1 1 0 1 1 1 1 1 0]
 [1 0 1 1 1 0 1 1 1 0]
 [1 1 1 0 1 1 0 1 1 0]
 [1 1 0 0 1 1 0 0 0 1]
 [0 0 1 1 0 1 1 1 1 0]]
{'restarts': 159, 'conflicts': 53735, 'decisions': 79921, 'propagations': 23660370}
Q is identifiable
branch at 6
runtime for solving id of Q is 4.752511374652386
Simulation results:
{'J': 50, 'K': 10, 'N': 10, 'p': 0.7, 'seed': 25, 'sim': 0, 'runtime': 4.752511374652386, 'identifiable': 1, 'branch': 6}
1
Q: [[1 1 0 1 1 0 0 1 1 0]
 [1 1 1 1 1 1 1 1 0 1]
 [1 0 1 1 1 1 1 0 0 1]
 [0 1 0 1 0 0 1 1 0 0]
 [1 1 1 0 1 1 1 0 1 1]
 [1 1 0 1 1 1 1 1 1 0]
 [1 1 1 0 0 1 1 0 1 1]
 [1 0 1 1 0 1 1 0 0 1]
 [1 0 1 0 0 1 1 1 1 1]
 [1 1 1 0 0 0 0 0 1 0]
 [1 1 1 1 1 1 1 1 1 1]
 [1 1 0 0 1 1 1 1 1 1]
 [1 1 1 1 1 1 1 1 0 0]
 [1 0 1 1 1 1 0 0 1 0]
 [1 1 0 1 1 0 1 0 0 0]
 [1 0 1 0 1 0 0 0 1 1]
 [1 1 1 1 0 1 0 0 0 0]
 [0 1 0 0 0 0 1 0 1 0]
 [1 1 0 1 0 1 1 1 1 0]
 [1 0 1 0 1 1 0 1 0 1]
 [1 0 1 1 1 0 1 1 0 1]
 [1 1 1 1 1 1 0 1 1 0]
 [0 1 1 1 1 1 1 0 1 1]
 [1 1 1 1 0 1 1 1 1 0]
 [0 0 1 1 1 1 1 0 0 1]
 [1 1 1 1 1 1 0 1 1 1]
 [1 0 1 1 0 1 1 0 1 0]
 [1 1 1 0 1 0 1 1 0 1]
 [1 1 0 0 1 0 0 1 1 1]
 [1 1 1 1 1 0 1 0 1 1]
 [1 0 0 1 1 0 1 1 1 0]
 [1 1 0 1 0 0 1 1 1 1]
 [1 1 0 1 0 1 1 1 1 1]
 [1 1 1 1 0 0 1 0 1 0]
 [1 1 0 1 1 1 0 1 1 1]
 [1 0 1 0 1 1 1 1 1 1]
 [1 0 1 1 0 1 1 1 1 0]
 [0 0 1 1 1 0 1 1 1 1]
 [1 1 1 1 1 0 0 1 1 1]
 [1 1 0 0 1 1 1 0 1 1]
 [1 1 0 1 0 1 1 1 1 1]
 [1 0 1 1 0 1 1 0 1 1]
 [1 1 1 0 0 1 1 0 1 1]
 [0 1 1 1 1 1 1 0 0 1]
 [0 1 1 1 1 0 1 1 1 1]
 [0 0 1 0 1 0 1 1 0 1]
 [1 1 0 1 1 0 1 0 1 1]
 [1 0 1 1 0 1 1 1 1 1]
 [1 1 1 0 1 1 1 1 0 1]
 [1 1 1 1 1 1 1 1 1 1]]
{'restarts': 89, 'conflicts': 25897, 'decisions': 40973, 'propagations': 11078834}
Q is identifiable
branch at 6
runtime for solving id of Q is 2.00212880410254
Simulation results:
{'J': 50, 'K': 10, 'N': 10, 'p': 0.7, 'seed': 25, 'sim': 1, 'runtime': 2.00212880410254, 'identifiable': 1, 'branch': 6}
2
Q: [[1 0 1 1 0 1 1 0 1 1]
 [0 0 1 0 1 0 0 1 1 1]
 [0 1 1 1 1 1 1 0 0 1]
 [1 1 1 0 1 1 1 1 0 0]
 [0 0 1 0 1 1 0 1 1 0]
 [0 1 1 0 0 1 0 0 1 0]
 [1 0 1 0 0 0 1 0 0 1]
 [0 0 1 1 1 1 0 1 1 1]
 [0 1 1 0 0 1 1 1 0 0]
 [1 1 0 0 0 0 1 1 1 0]
 [1 1 0 1 1 1 1 1 1 0]
 [0 1 1 1 0 1 1 0 1 0]
 [1 1 1 1 0 1 0 1 1 1]
 [0 1 1 1 1 1 1 0 0 1]
 [0 1 1 1 1 0 1 1 0 1]
 [1 1 0 1 1 1 0 1 1 1]
 [0 1 1 1 1 1 1 1 1 1]
 [1 1 0 1 1 0 0 0 1 1]
 [1 0 1 1 1 1 0 1 1 1]
 [1 1 1 1 1 0 0 1 1 0]
 [1 0 1 1 1 1 1 0 1 1]
 [1 1 1 1 1 0 1 1 1 0]
 [1 0 1 1 0 1 1 1 1 1]
 [1 1 1 1 1 1 0 1 1 1]
 [1 1 1 1 1 0 1 1 1 1]
 [1 1 1 0 0 1 0 1 1 1]
 [1 0 1 0 1 0 1 1 0 1]
 [0 1 1 1 1 1 0 0 0 0]
 [1 1 0 1 0 1 1 1 1 1]
 [1 1 1 1 1 1 1 1 0 0]
 [1 0 1 0 1 1 1 1 0 1]
 [1 1 1 1 1 0 1 1 1 1]
 [1 1 1 1 1 0 1 1 1 0]
 [1 1 1 0 0 1 0 1 1 0]
 [1 1 1 0 1 1 1 0 1 1]
 [1 1 1 1 1 0 1 0 1 0]
 [1 1 0 1 0 1 1 1 1 1]
 [1 1 1 1 0 0 0 1 1 1]
 [1 0 0 1 1 0 1 0 1 1]
 [1 1 1 1 1 1 1 1 1 0]
 [1 0 1 1 0 1 1 0 1 1]
 [1 0 1 0 1 0 0 1 0 1]
 [1 1 1 1 1 1 1 0 0 1]
 [0 1 1 1 1 1 1 1 0 0]
 [1 1 0 1 1 1 1 1 1 1]
 [0 1 0 0 0 1 1 1 0 0]
 [1 0 1 1 0 1 1 0 1 1]
 [0 1 0 0 1 1 1 1 1 0]
 [1 0 1 1 0 1 1 0 1 1]
 [0 1 0 1 0 1 0 0 1 1]]
{'restarts': 51, 'conflicts': 16271, 'decisions': 27940, 'propagations': 7416558}
Q is identifiable
branch at 6
runtime for solving id of Q is 1.2081746645271778
Simulation results:
{'J': 50, 'K': 10, 'N': 10, 'p': 0.7, 'seed': 25, 'sim': 2, 'runtime': 1.2081746645271778, 'identifiable': 1, 'branch': 6}
3
Q: [[1 1 1 1 1 0 1 0 0 1]
 [0 0 1 1 0 0 1 0 1 0]
 [1 1 1 0 1 1 1 1 0 1]
 [1 1 1 1 1 1 1 0 0 1]
 [1 0 0 0 1 1 1 0 1 1]
 [1 1 1 1 1 1 1 1 1 0]
 [0 0 1 1 0 1 1 1 0 1]
 [1 1 0 1 0 1 0 1 1 1]
 [1 1 1 1 1 1 0 1 0 1]
 [1 1 1 1 1 1 1 1 0 1]
 [1 1 1 1 1 1 1 1 1 1]
 [1 1 1 0 1 1 0 1 1 1]
 [1 1 1 1 0 0 1 1 1 1]
 [1 1 1 1 1 1 0 1 1 1]
 [0 0 0 1 1 0 1 0 0 0]
 [1 1 1 1 1 0 1 1 1 1]
 [1 0 1 0 1 1 1 1 1 0]
 [1 0 1 1 0 0 0 1 1 1]
 [1 1 0 1 1 0 0 1 1 0]
 [1 0 1 1 1 1 1 1 0 1]
 [0 0 1 1 0 0 1 1 1 1]
 [1 1 1 1 1 1 1 0 1 0]
 [0 0 0 1 1 1 0 1 1 1]
 [0 0 1 1 1 0 1 1 1 1]
 [1 0 1 0 0 1 1 0 1 1]
 [1 0 1 1 1 1 1 1 1 1]
 [1 0 0 1 0 1 1 0 1 1]
 [0 1 1 1 1 1 1 0 0 1]
 [0 0 1 1 1 0 1 1 1 1]
 [1 0 1 1 1 1 0 0 1 1]
 [1 1 0 1 1 0 1 0 1 1]
 [1 0 0 1 0 0 1 1 1 1]
 [1 0 1 0 1 0 1 1 0 1]
 [0 1 1 1 1 1 1 1 1 1]
 [1 1 1 1 1 1 1 1 1 0]
 [0 0 0 1 1 0 1 1 1 0]
 [1 1 1 0 1 1 1 1 0 0]
 [1 1 1 1 1 0 1 0 0 1]
 [0 0 1 0 1 1 1 1 1 0]
 [1 0 0 1 1 1 1 1 1 1]
 [1 1 0 0 1 0 1 0 0 1]
 [1 1 1 1 1 1 1 1 1 0]
 [1 1 1 1 1 1 1 1 0 1]
 [0 0 0 1 1 0 0 1 1 1]
 [1 0 1 1 0 1 1 1 1 1]
 [0 1 1 1 1 0 0 0 1 1]
 [0 1 1 1 1 1 0 1 1 1]
 [0 1 0 0 0 1 1 0 0 1]
 [1 1 0 1 0 1 1 1 0 1]
 [1 0 1 1 1 0 0 1 1 1]]
{'restarts': 13, 'conflicts': 3677, 'decisions': 6875, 'propagations': 1801540}
Q is identifiable
branch at 6
runtime for solving id of Q is 0.3278448274359107
Simulation results:
{'J': 50, 'K': 10, 'N': 10, 'p': 0.7, 'seed': 25, 'sim': 3, 'runtime': 0.3278448274359107, 'identifiable': 1, 'branch': 6}
4
Q: [[1 0 1 1 1 1 0 1 1 1]
 [0 0 1 0 1 1 0 1 1 0]
 [1 0 0 1 1 1 1 1 1 1]
 [0 1 1 1 0 0 1 0 1 0]
 [1 1 0 0 1 1 0 1 1 0]
 [1 0 1 1 1 1 1 0 1 1]
 [0 1 1 1 1 1 1 1 1 0]
 [1 1 0 1 1 1 1 1 1 1]
 [0 1 1 0 1 0 1 1 1 1]
 [1 1 1 0 0 1 1 1 1 1]
 [1 1 1 1 0 1 0 0 1 1]
 [1 1 1 0 0 1 1 0 1 0]
 [1 1 0 1 1 0 0 1 1 1]
 [1 1 0 1 1 1 0 1 1 0]
 [0 1 0 1 0 1 1 0 1 1]
 [1 1 0 0 1 1 1 1 1 0]
 [1 1 1 1 0 1 1 0 0 1]
 [1 1 0 0 1 0 1 1 0 1]
 [0 0 1 1 1 0 0 1 1 0]
 [0 1 1 1 0 0 0 0 0 1]
 [1 0 1 1 1 0 1 0 1 1]
 [1 1 0 0 1 0 1 1 0 0]
 [0 1 1 1 0 1 1 1 1 0]
 [1 0 1 1 0 0 1 1 0 1]
 [1 0 1 1 0 1 1 1 0 1]
 [1 1 0 1 0 1 1 1 1 1]
 [0 0 0 1 1 1 1 0 0 1]
 [1 0 1 0 0 1 0 1 0 1]
 [1 1 0 1 0 1 1 1 0 0]
 [1 1 1 1 1 1 1 1 0 1]
 [1 0 0 0 1 1 0 1 0 1]
 [0 1 0 1 1 0 1 1 1 1]
 [0 1 0 1 1 1 1 1 1 1]
 [1 0 1 1 1 1 0 0 1 1]
 [0 1 1 0 1 1 1 1 1 1]
 [1 0 1 1 0 1 1 1 1 1]
 [1 1 1 1 1 1 1 1 0 0]
 [1 1 1 1 0 1 1 0 0 1]
 [1 1 1 0 1 0 1 1 1 1]
 [0 1 1 1 0 1 0 0 1 1]
 [1 1 1 1 0 1 1 1 1 0]
 [1 0 1 1 1 0 1 1 0 1]
 [1 0 1 1 1 1 1 0 0 0]
 [1 0 1 1 1 1 1 1 1 1]
 [0 1 0 1 0 1 1 0 0 0]
 [0 0 0 0 1 1 0 0 1 1]
 [1 1 1 0 1 1 1 1 1 1]
 [1 0 1 1 0 0 1 1 0 1]
 [1 1 1 1 1 0 1 1 1 1]
 [0 1 1 1 1 0 1 1 1 1]]
{'restarts': 12, 'conflicts': 3546, 'decisions': 6674, 'propagations': 1775782}
Q is identifiable
branch at 6
runtime for solving id of Q is 0.27757139317691326
Simulation results:
{'J': 50, 'K': 10, 'N': 10, 'p': 0.7, 'seed': 25, 'sim': 4, 'runtime': 0.27757139317691326, 'identifiable': 1, 'branch': 6}
5
Q: [[1 0 1 0 1 0 0 1 1 1]
 [0 1 1 1 0 1 1 1 1 0]
 [1 1 1 1 1 1 0 1 0 1]
 [1 1 1 1 1 1 1 0 0 0]
 [1 0 0 0 0 1 1 1 0 1]
 [1 0 0 0 1 1 0 1 1 0]
 [1 1 1 1 1 1 1 0 1 1]
 [1 1 1 0 0 1 0 1 1 1]
 [0 0 1 0 1 1 1 1 1 0]
 [1 0 1 1 0 0 0 0 1 1]
 [0 1 1 1 1 1 1 1 1 1]
 [1 0 1 1 1 1 1 0 1 1]
 [0 1 1 0 1 1 1 1 1 1]
 [1 1 1 0 1 1 0 0 1 1]
 [0 0 1 1 1 0 0 1 0 1]
 [1 1 0 0 1 1 0 1 1 0]
 [1 1 1 0 0 1 0 1 1 1]
 [1 1 1 1 1 1 1 1 1 1]
 [1 1 1 1 0 0 1 1 1 0]
 [1 1 1 0 1 1 1 0 0 1]
 [1 1 1 1 1 1 1 1 1 1]
 [0 1 1 0 1 1 1 1 1 1]
 [1 0 0 1 1 1 1 1 1 1]
 [0 1 1 0 0 1 1 1 1 1]
 [1 1 1 1 1 1 1 1 1 1]
 [1 1 1 1 1 1 0 0 1 1]
 [1 1 1 0 0 0 0 0 1 1]
 [0 1 0 1 1 0 0 1 1 1]
 [1 1 1 1 0 1 1 1 1 1]
 [1 1 1 0 1 0 1 1 0 1]
 [1 0 1 0 1 1 1 1 1 1]
 [1 1 1 1 1 1 1 0 1 0]
 [1 0 0 0 0 0 0 1 1 0]
 [1 1 1 1 1 1 0 1 1 1]
 [0 0 1 1 1 1 0 1 1 1]
 [0 1 1 0 1 1 1 1 0 0]
 [1 1 1 0 0 0 1 0 0 0]
 [1 1 0 1 1 0 0 1 1 1]
 [1 1 1 1 1 1 1 1 0 1]
 [1 0 0 1 1 1 1 1 1 1]
 [1 1 1 1 1 1 0 0 0 1]
 [0 1 0 0 1 0 1 1 1 1]
 [1 1 1 1 0 0 1 0 1 1]
 [1 1 0 1 0 1 0 0 1 0]
 [0 1 0 0 0 1 1 1 0 1]
 [1 0 0 1 0 1 1 1 1 1]
 [1 0 0 1 1 1 1 0 1 1]
 [1 1 0 1 0 1 1 1 1 1]
 [1 0 1 0 1 1 1 1 0 1]
 [1 1 0 1 0 1 1 1 1 1]]
{'restarts': 110, 'conflicts': 43034, 'decisions': 64419, 'propagations': 18663163}
Q is identifiable
branch at 6
runtime for solving id of Q is 3.4444256480783224
Simulation results:
{'J': 50, 'K': 10, 'N': 10, 'p': 0.7, 'seed': 25, 'sim': 5, 'runtime': 3.4444256480783224, 'identifiable': 1, 'branch': 6}
6
Q: [[1 1 0 0 0 1 1 1 0 1]
 [1 1 1 1 1 1 1 1 1 0]
 [0 1 1 1 1 1 1 1 1 1]
 [0 1 0 0 0 1 0 1 1 1]
 [1 1 1 0 1 1 1 0 1 1]
 [1 1 1 0 1 0 0 1 1 1]
 [1 1 0 0 1 1 0 1 1 1]
 [1 1 1 0 0 1 1 1 1 0]
 [1 1 1 0 0 1 1 0 1 1]
 [1 0 1 0 1 1 1 1 1 1]
 [0 1 0 1 1 1 0 0 1 1]
 [1 1 1 1 1 0 0 0 1 1]
 [0 0 1 0 1 1 1 1 1 1]
 [1 1 0 1 1 1 1 1 1 0]
 [1 1 1 1 0 0 1 1 0 1]
 [0 0 1 1 1 0 1 0 1 1]
 [0 0 1 0 1 1 1 1 1 1]
 [0 0 1 0 1 1 1 1 1 1]
 [0 0 0 1 1 1 0 1 1 1]
 [1 0 1 1 1 1 1 1 0 1]
 [1 0 0 0 1 1 1 1 1 0]
 [1 0 1 0 1 0 1 1 0 1]
 [1 0 1 1 1 1 1 1 1 1]
 [1 1 0 1 1 1 1 1 1 1]
 [1 1 1 0 0 0 1 1 1 1]
 [1 0 0 0 1 1 1 0 0 1]
 [1 1 1 1 0 1 0 1 1 1]
 [1 1 0 0 0 1 0 1 1 1]
 [0 1 1 0 1 1 0 1 1 0]
 [1 1 0 1 1 0 1 1 0 0]
 [0 0 0 1 0 0 1 1 0 1]
 [1 1 0 0 1 1 0 0 0 1]
 [1 1 1 1 0 1 0 1 1 1]
 [1 1 0 1 1 0 0 1 1 1]
 [0 1 0 1 0 1 1 0 0 1]
 [1 0 0 1 1 1 1 1 1 1]
 [0 1 0 0 1 1 1 0 1 0]
 [1 1 0 1 1 1 1 1 1 1]
 [1 0 1 0 1 0 0 0 0 1]
 [1 1 0 1 1 1 0 1 0 0]
 [1 1 1 1 0 1 1 1 1 1]
 [1 1 1 1 1 0 0 0 1 1]
 [1 0 0 1 1 0 0 1 0 0]
 [1 0 0 1 1 0 1 1 1 1]
 [1 1 0 1 1 0 1 1 1 1]
 [1 1 0 1 1 1 1 1 1 1]
 [0 1 0 1 1 1 0 0 0 1]
 [1 0 1 1 1 1 1 1 1 1]
 [1 1 1 1 0 1 1 1 1 0]
 [0 1 1 1 0 1 0 1 1 0]]
{'restarts': 61, 'conflicts': 26477, 'decisions': 39167, 'propagations': 12683037}
Q is identifiable
branch at 6
runtime for solving id of Q is 2.1295018391683698
Simulation results:
{'J': 50, 'K': 10, 'N': 10, 'p': 0.7, 'seed': 25, 'sim': 6, 'runtime': 2.1295018391683698, 'identifiable': 1, 'branch': 6}
7
Q: [[1 1 1 0 1 1 0 1 1 0]
 [1 1 1 1 1 1 1 1 1 1]
 [0 0 0 1 0 1 1 1 0 1]
 [0 0 1 1 1 1 1 0 0 0]
 [0 0 1 1 1 1 1 1 1 1]
 [1 0 1 1 0 1 1 1 0 0]
 [1 1 0 0 1 1 1 1 0 1]
 [1 1 1 1 0 1 1 0 1 0]
 [0 0 0 0 0 0 1 1 0 1]
 [0 1 0 1 1 1 0 1 0 0]
 [1 0 0 0 0 1 1 0 1 1]
 [1 0 1 1 1 1 0 1 1 1]
 [0 1 0 1 1 1 0 0 1 1]
 [1 0 0 0 1 0 1 0 0 0]
 [1 1 1 0 1 1 1 1 1 1]
 [1 0 1 1 1 1 1 1 1 1]
 [0 1 0 0 1 1 1 0 1 0]
 [0 1 0 0 1 1 1 1 1 1]
 [1 1 1 1 1 1 0 1 1 1]
 [1 1 1 1 1 1 0 1 1 1]
 [1 1 1 0 1 0 0 1 1 1]
 [1 1 1 0 1 1 0 1 0 1]
 [0 1 1 1 0 1 1 1 1 1]
 [0 0 0 0 1 0 0 0 1 0]
 [0 1 1 1 0 1 0 1 1 1]
 [0 0 1 0 1 1 0 1 1 0]
 [1 1 1 1 0 1 1 1 0 1]
 [1 0 0 1 1 1 0 0 0 1]
 [1 1 0 1 1 1 1 1 0 0]
 [1 1 1 1 1 1 1 1 1 0]
 [1 1 1 1 1 0 1 1 1 1]
 [1 1 1 1 1 0 0 1 1 0]
 [1 1 0 1 1 0 0 1 1 1]
 [1 1 1 0 1 0 1 1 1 1]
 [1 1 1 0 0 0 0 1 1 1]
 [1 1 1 1 0 1 1 0 1 1]
 [1 1 1 1 1 1 0 1 0 1]
 [0 1 0 1 1 1 1 0 1 1]
 [1 1 0 0 1 1 1 1 1 1]
 [1 0 0 0 1 1 0 1 0 0]
 [0 1 1 1 0 1 1 1 1 1]
 [0 1 1 1 0 1 1 1 0 1]
 [1 0 1 1 1 0 1 1 1 1]
 [1 0 1 1 1 1 1 0 0 1]
 [0 1 0 1 0 1 1 1 1 0]
 [1 1 1 1 0 0 1 1 1 0]
 [1 1 1 0 1 1 1 0 0 0]
 [1 1 1 1 1 0 0 0 0 0]
 [1 1 1 1 0 0 1 1 1 1]
 [1 1 0 1 1 1 1 1 1 0]]
{'restarts': 9, 'conflicts': 1850, 'decisions': 4279, 'propagations': 784836}
Q is identifiable
branch at 6
runtime for solving id of Q is 0.20157437305897474
Simulation results:
{'J': 50, 'K': 10, 'N': 10, 'p': 0.7, 'seed': 25, 'sim': 7, 'runtime': 0.20157437305897474, 'identifiable': 1, 'branch': 6}
8
Q: [[1 0 1 0 1 1 1 1 1 1]
 [0 1 1 0 1 1 1 1 1 1]
 [1 1 1 0 1 0 1 0 0 0]
 [0 1 1 1 1 0 0 1 0 1]
 [1 1 1 0 1 1 0 1 1 0]
 [1 1 1 1 1 1 0 1 0 1]
 [1 1 1 0 1 1 1 1 1 1]
 [1 1 1 1 1 1 0 1 0 0]
 [0 1 1 1 1 1 0 0 1 0]
 [1 1 1 0 1 0 1 1 1 1]
 [1 1 0 0 0 1 0 0 1 1]
 [1 1 0 0 1 1 1 1 1 0]
 [1 1 1 1 1 0 1 1 0 0]
 [1 1 1 1 0 0 0 1 1 0]
 [0 1 1 0 1 1 1 1 1 1]
 [1 0 1 0 1 0 0 1 1 1]
 [1 1 0 0 1 0 1 1 0 0]
 [1 0 1 1 1 1 1 1 1 1]
 [1 1 1 1 1 1 1 1 1 1]
 [1 0 0 1 1 1 1 1 1 1]
 [1 1 0 1 1 0 1 1 0 1]
 [0 1 1 1 1 1 1 1 0 1]
 [1 1 0 1 1 1 1 1 0 0]
 [0 0 1 1 1 1 1 1 0 0]
 [1 1 1 1 0 1 1 0 1 0]
 [1 1 1 1 1 1 0 1 1 1]
 [0 1 1 1 0 1 1 1 1 0]
 [1 1 0 1 0 0 0 1 1 1]
 [1 1 1 0 1 1 1 1 1 0]
 [1 1 1 0 1 0 0 1 0 1]
 [1 0 0 1 1 1 0 1 0 0]
 [1 1 0 0 0 0 0 0 1 1]
 [0 1 1 1 0 1 0 1 0 0]
 [1 0 0 1 0 0 1 1 1 0]
 [0 0 1 1 0 1 1 1 1 1]
 [1 0 1 1 1 0 1 1 1 1]
 [0 0 0 0 1 1 0 0 1 1]
 [1 0 1 0 1 1 1 1 1 0]
 [1 1 1 1 1 0 1 1 1 1]
 [1 1 1 0 1 1 1 0 1 1]
 [0 0 0 1 1 1 0 1 1 1]
 [1 0 1 1 1 1 1 1 1 0]
 [1 1 0 1 0 1 1 0 0 0]
 [1 1 1 1 1 0 0 1 1 0]
 [1 0 0 0 1 1 1 0 1 0]
 [0 1 1 1 1 1 0 1 1 0]
 [1 0 1 1 1 0 1 0 0 1]
 [1 1 0 1 1 1 1 1 1 1]
 [1 1 1 1 1 1 1 1 0 1]
 [1 1 1 0 0 1 1 0 1 1]]
{'restarts': 75, 'conflicts': 42413, 'decisions': 61169, 'propagations': 19367072}
Q is identifiable
branch at 6
runtime for solving id of Q is 3.754502442665398
Simulation results:
{'J': 50, 'K': 10, 'N': 10, 'p': 0.7, 'seed': 25, 'sim': 8, 'runtime': 3.754502442665398, 'identifiable': 1, 'branch': 6}
9
Q: [[1 0 0 1 1 1 1 1 1 0]
 [0 1 0 0 1 1 0 1 0 1]
 [0 1 1 1 1 1 1 0 0 1]
 [1 1 1 1 0 1 1 1 1 0]
 [1 1 1 0 1 1 1 1 1 1]
 [0 1 0 1 1 1 0 1 1 1]
 [1 1 1 1 0 1 1 0 0 1]
 [1 1 1 1 0 1 1 1 1 1]
 [1 0 1 1 0 0 0 0 0 0]
 [0 1 0 1 1 1 1 1 1 0]
 [0 1 0 1 1 1 1 1 1 0]
 [1 1 1 1 0 0 1 0 1 0]
 [1 0 0 1 0 1 1 0 1 1]
 [1 0 1 0 1 1 1 1 0 1]
 [1 0 1 0 1 1 1 0 1 1]
 [1 1 1 1 0 0 1 1 1 1]
 [1 0 1 1 1 1 1 0 1 0]
 [0 0 0 1 0 1 0 1 1 1]
 [1 1 1 1 0 1 1 1 0 1]
 [0 0 1 1 0 1 1 0 1 1]
 [0 1 0 1 0 1 1 0 0 1]
 [0 1 1 0 0 1 0 1 1 1]
 [0 1 1 1 1 1 1 0 1 0]
 [1 1 1 0 1 1 1 0 1 1]
 [1 1 1 0 1 1 1 1 1 0]
 [1 0 1 1 0 1 0 1 1 1]
 [0 1 1 0 1 1 1 1 1 1]
 [1 0 0 1 1 1 1 1 1 0]
 [1 1 1 0 1 1 1 0 0 0]
 [1 1 1 0 1 1 0 1 0 1]
 [0 1 1 1 0 1 1 1 0 1]
 [1 1 1 0 1 1 1 1 1 1]
 [0 1 1 1 1 0 0 0 0 1]
 [1 1 1 1 1 0 1 0 1 0]
 [0 0 0 1 1 1 1 0 1 1]
 [1 0 1 0 0 0 1 0 1 0]
 [1 0 0 1 1 1 1 0 1 1]
 [1 0 1 1 0 0 0 0 0 1]
 [0 1 1 1 1 1 1 1 1 1]
 [1 1 1 0 0 0 1 1 0 1]
 [1 1 0 1 0 1 1 1 0 1]
 [0 1 1 1 1 1 1 1 1 1]
 [1 1 1 0 1 1 1 0 1 0]
 [1 1 1 1 0 1 1 1 1 1]
 [1 1 1 1 1 0 1 1 0 1]
 [1 1 0 0 0 0 0 0 0 1]
 [0 1 0 0 0 1 1 1 0 0]
 [1 1 0 1 0 1 1 1 1 1]
 [0 1 1 1 1 1 1 0 1 1]
 [1 1 1 1 1 1 1 0 1 1]]
{'restarts': 37, 'conflicts': 15049, 'decisions': 25096, 'propagations': 6350130}
Q is identifiable
branch at 6
runtime for solving id of Q is 1.0250572338700294
Simulation results:
{'J': 50, 'K': 10, 'N': 10, 'p': 0.7, 'seed': 25, 'sim': 9, 'runtime': 1.0250572338700294, 'identifiable': 1, 'branch': 6}
Simulation results:
[{'J': 50, 'K': 10, 'N': 10, 'p': 0.7, 'seed': 25, 'sim': 0, 'runtime': 4.752511374652386, 'identifiable': 1, 'branch': 6}, {'J': 50, 'K': 10, 'N': 10, 'p': 0.7, 'seed': 25, 'sim': 1, 'runtime': 2.00212880410254, 'identifiable': 1, 'branch': 6}, {'J': 50, 'K': 10, 'N': 10, 'p': 0.7, 'seed': 25, 'sim': 2, 'runtime': 1.2081746645271778, 'identifiable': 1, 'branch': 6}, {'J': 50, 'K': 10, 'N': 10, 'p': 0.7, 'seed': 25, 'sim': 3, 'runtime': 0.3278448274359107, 'identifiable': 1, 'branch': 6}, {'J': 50, 'K': 10, 'N': 10, 'p': 0.7, 'seed': 25, 'sim': 4, 'runtime': 0.27757139317691326, 'identifiable': 1, 'branch': 6}, {'J': 50, 'K': 10, 'N': 10, 'p': 0.7, 'seed': 25, 'sim': 5, 'runtime': 3.4444256480783224, 'identifiable': 1, 'branch': 6}, {'J': 50, 'K': 10, 'N': 10, 'p': 0.7, 'seed': 25, 'sim': 6, 'runtime': 2.1295018391683698, 'identifiable': 1, 'branch': 6}, {'J': 50, 'K': 10, 'N': 10, 'p': 0.7, 'seed': 25, 'sim': 7, 'runtime': 0.20157437305897474, 'identifiable': 1, 'branch': 6}, {'J': 50, 'K': 10, 'N': 10, 'p': 0.7, 'seed': 25, 'sim': 8, 'runtime': 3.754502442665398, 'identifiable': 1, 'branch': 6}, {'J': 50, 'K': 10, 'N': 10, 'p': 0.7, 'seed': 25, 'sim': 9, 'runtime': 1.0250572338700294, 'identifiable': 1, 'branch': 6}]
