
The Gurobi software has a limited number of licenses. To request a license or
licenses, add this line

    #SBATCH --licenses=gurobi@slurmdb:1

to your SBATCH script, replacing N with the number of licenses you need. Gurobi
will need one license per process.


0
Q: [[0 1 1 0 1 0 1 1 1 1]
 [1 0 1 1 0 1 1 1 1 1]
 [1 0 1 1 0 1 1 0 1 1]
 [1 1 1 1 1 1 1 1 1 0]
 [1 0 1 1 1 1 1 1 1 0]
 [1 1 1 1 1 0 0 1 1 0]
 [0 1 0 1 1 0 0 1 1 1]
 [0 1 1 1 1 1 1 1 1 1]
 [0 1 0 0 1 0 0 1 0 1]
 [1 1 0 0 1 1 0 1 1 1]
 [1 0 1 1 1 1 1 1 0 1]
 [1 0 1 1 0 1 0 1 0 1]
 [1 0 1 1 1 0 1 1 1 0]
 [1 1 1 1 1 1 1 1 0 1]
 [1 1 1 1 1 1 1 0 1 1]
 [1 1 0 1 1 0 0 1 1 1]
 [0 0 1 0 1 1 1 0 1 1]
 [1 0 0 0 1 1 0 1 1 1]
 [1 0 1 0 1 1 1 1 0 0]
 [1 0 1 1 1 1 1 1 0 1]
 [1 1 1 1 1 0 1 1 1 0]
 [1 0 1 0 1 1 1 0 1 1]
 [1 0 1 0 0 0 1 1 1 1]
 [0 0 0 0 1 1 1 1 0 0]
 [1 1 0 0 0 1 1 0 1 1]
 [1 1 0 0 0 1 0 1 1 1]
 [0 1 0 0 1 1 1 0 1 0]
 [1 0 1 0 1 1 1 0 0 1]
 [0 1 1 1 1 0 0 1 1 0]
 [1 1 1 1 1 0 0 0 0 1]
 [1 1 1 1 1 1 1 1 1 1]
 [1 1 0 1 1 1 1 1 1 1]
 [1 0 1 1 0 1 1 1 1 1]
 [1 1 1 0 1 1 1 1 0 0]
 [1 0 0 1 1 1 1 1 1 1]
 [1 0 1 1 1 0 1 1 1 1]
 [1 0 1 0 1 1 0 1 0 1]
 [1 0 1 0 1 1 1 1 1 1]
 [1 1 1 1 1 0 1 0 1 1]
 [1 1 1 1 1 0 1 1 1 1]
 [1 1 1 1 0 1 0 1 1 0]
 [1 0 0 1 0 0 1 1 0 0]
 [1 1 1 1 0 1 1 1 0 1]
 [0 1 1 1 1 1 0 0 0 1]
 [1 1 1 1 1 0 1 1 1 1]
 [1 0 1 1 1 0 0 1 1 1]
 [1 1 1 1 1 1 0 0 1 1]
 [1 0 1 0 1 1 1 0 1 0]
 [0 0 1 1 0 1 1 0 1 0]
 [0 1 1 1 0 1 0 1 0 1]
 [1 1 0 1 1 1 1 0 1 1]
 [1 0 1 1 1 1 1 1 1 1]
 [1 1 0 0 1 1 1 1 0 1]
 [1 1 1 1 1 1 0 1 1 1]
 [1 1 0 1 1 0 1 1 1 1]
 [1 0 1 1 0 1 1 1 1 1]
 [0 0 0 1 0 0 0 1 1 1]
 [0 0 1 1 1 1 0 1 1 1]
 [1 1 1 1 1 1 1 1 1 1]
 [1 1 1 0 1 1 1 1 1 1]
 [1 0 0 1 0 0 0 0 0 1]
 [1 0 1 0 0 0 1 1 1 0]
 [1 1 1 0 1 1 1 1 1 1]
 [0 1 1 0 1 1 1 1 0 1]
 [1 0 0 1 1 1 0 1 1 0]
 [1 1 0 0 1 1 1 0 1 1]
 [1 1 1 0 1 1 1 1 0 1]
 [1 1 0 0 1 1 1 1 1 0]
 [1 1 1 1 1 1 1 1 1 1]
 [1 0 0 0 1 1 1 0 0 1]
 [1 1 1 1 0 1 1 1 1 1]
 [1 0 0 1 1 0 1 1 1 0]
 [0 0 0 0 1 1 1 0 1 0]
 [1 1 0 1 0 0 1 1 1 0]
 [1 1 0 1 0 1 1 1 0 1]
 [1 0 1 1 0 1 0 1 0 1]
 [1 1 0 1 0 1 1 1 1 1]
 [1 0 0 1 0 0 0 1 1 1]
 [1 1 1 0 1 0 1 0 1 0]
 [1 1 0 1 0 0 0 0 1 1]
 [1 1 1 1 1 1 0 0 1 0]
 [0 1 1 1 1 1 1 1 1 1]
 [1 1 1 1 1 0 0 1 0 1]
 [1 1 0 0 1 1 0 1 0 1]
 [0 0 1 0 0 1 0 0 0 0]
 [1 0 0 1 1 1 1 0 1 0]
 [1 1 1 1 0 1 0 1 0 1]
 [1 0 1 0 0 1 0 1 1 1]
 [0 1 1 1 1 1 0 1 0 0]
 [1 1 1 1 1 0 1 0 1 0]
 [1 1 1 1 0 1 1 1 1 1]
 [1 1 1 1 1 1 1 0 1 1]
 [0 1 1 0 0 1 0 1 1 1]
 [1 1 1 1 1 1 1 1 1 1]
 [0 1 1 1 1 1 1 0 1 1]
 [0 1 1 1 0 0 1 0 1 0]
 [0 1 0 0 1 0 1 1 1 1]
 [1 1 1 1 1 0 1 0 1 1]
 [1 1 1 1 0 1 1 1 1 1]
 [1 1 1 1 0 0 0 1 0 1]]
{'restarts': 5, 'conflicts': 1299, 'decisions': 2883, 'propagations': 1299654}
Q is identifiable
branch at 6
runtime for solving id of Q is 0.37466045562177896
Simulation results:
{'J': 100, 'K': 10, 'N': 10, 'p': 0.7, 'seed': 226, 'sim': 0, 'runtime': 0.37466045562177896, 'identifiable': 1, 'branch': 6}
1
Q: [[1 0 1 1 1 1 1 0 1 0]
 [1 0 1 1 0 1 1 1 0 0]
 [1 1 1 1 1 1 0 1 0 1]
 [0 1 1 1 1 1 1 1 0 1]
 [1 1 1 0 1 1 1 1 1 1]
 [1 1 1 1 0 1 1 1 0 1]
 [0 1 0 1 0 1 0 1 0 1]
 [1 1 0 1 0 1 1 0 0 0]
 [1 0 1 1 1 1 1 1 0 1]
 [1 1 1 1 1 1 0 1 0 0]
 [1 1 1 1 1 0 1 1 0 1]
 [1 1 1 1 0 1 1 0 1 0]
 [0 1 1 1 1 1 0 0 1 1]
 [1 1 1 0 1 0 1 1 1 1]
 [1 0 1 1 1 0 0 1 0 0]
 [1 0 1 1 1 1 1 1 1 1]
 [0 1 0 1 0 0 1 1 1 1]
 [1 1 1 1 1 0 1 1 1 1]
 [1 1 0 1 1 0 1 1 1 0]
 [1 0 1 0 1 1 1 0 0 0]
 [0 1 0 0 0 0 0 0 0 0]
 [1 0 0 0 1 1 0 1 1 1]
 [0 1 0 0 1 1 1 0 1 1]
 [1 1 1 1 1 0 1 1 1 1]
 [1 0 1 0 1 0 0 0 1 0]
 [1 1 1 0 0 0 0 0 1 1]
 [1 1 1 1 1 1 1 0 0 1]
 [0 0 1 1 0 1 1 0 1 1]
 [1 0 1 1 1 1 0 1 0 0]
 [0 1 1 1 1 0 1 1 1 1]
 [0 1 1 1 1 1 1 0 1 0]
 [1 1 1 0 0 0 1 0 1 1]
 [1 1 1 0 1 0 1 0 0 1]
 [1 0 1 1 1 0 1 1 1 0]
 [1 1 1 1 0 0 0 1 1 0]
 [1 1 1 1 1 1 1 0 1 1]
 [1 0 1 1 0 0 1 0 1 1]
 [1 0 1 1 1 1 0 0 1 1]
 [0 1 0 0 1 0 0 1 1 1]
 [1 0 0 1 1 1 0 0 1 0]
 [1 0 1 1 1 1 1 1 1 1]
 [1 1 1 1 1 0 1 0 1 1]
 [0 1 0 1 1 1 0 1 0 1]
 [1 1 1 0 0 1 1 1 0 1]
 [1 1 1 0 1 1 1 0 1 0]
 [1 1 1 1 0 1 1 1 1 1]
 [1 0 0 1 0 1 1 0 1 0]
 [1 1 0 0 0 1 1 1 1 1]
 [1 0 1 1 1 1 1 0 1 1]
 [1 1 1 1 1 0 1 1 1 0]
 [1 1 1 1 1 1 1 0 1 1]
 [1 1 0 1 1 1 1 0 0 0]
 [1 1 1 0 0 1 1 1 1 0]
 [1 0 0 1 0 1 1 1 1 0]
 [1 1 1 1 1 1 0 0 1 1]
 [0 0 1 1 1 0 1 1 1 1]
 [1 0 0 0 1 1 1 1 0 0]
 [1 1 0 0 1 1 1 1 1 1]
 [1 1 1 0 1 0 1 1 1 1]
 [1 0 1 1 0 0 1 1 0 1]
 [1 0 1 1 0 1 0 1 1 1]
 [1 0 1 1 1 1 1 1 1 1]
 [1 1 1 0 1 1 0 1 1 1]
 [1 0 1 0 1 1 1 1 0 0]
 [1 0 1 1 1 1 1 0 0 1]
 [0 0 1 1 1 1 1 1 0 1]
 [1 1 1 1 1 1 0 1 1 1]
 [1 1 1 1 1 1 1 1 1 0]
 [1 0 1 1 1 1 1 1 1 0]
 [0 0 1 0 1 1 1 1 0 1]
 [1 0 1 1 1 0 1 1 1 1]
 [1 1 0 1 1 0 0 0 1 1]
 [0 0 0 1 1 1 0 1 0 1]
 [1 1 1 1 0 1 1 1 0 1]
 [1 1 1 1 1 1 1 1 0 1]
 [1 1 1 0 1 1 1 1 1 1]
 [0 1 1 1 1 1 1 1 1 0]
 [1 1 1 1 1 1 0 0 0 1]
 [0 1 1 1 1 1 0 1 0 1]
 [0 1 1 0 1 0 1 0 1 1]
 [1 0 1 1 0 1 1 1 0 0]
 [1 0 1 1 0 1 1 0 0 1]
 [1 1 0 1 1 1 0 1 0 1]
 [1 1 0 1 1 1 1 1 1 0]
 [1 1 1 1 0 1 1 1 0 1]
 [1 1 1 1 0 1 1 1 1 1]
 [1 1 1 1 0 1 0 0 1 1]
 [1 1 1 1 1 1 1 1 1 0]
 [1 1 1 1 1 1 1 1 0 1]
 [1 1 1 0 1 1 1 1 0 1]
 [1 0 1 1 1 1 1 0 1 1]
 [1 1 1 1 0 0 1 1 1 1]
 [1 0 1 1 0 0 1 1 1 1]
 [1 1 1 1 1 0 1 1 1 0]
 [1 0 0 1 1 1 0 1 1 1]
 [1 0 1 0 1 1 1 1 1 1]
 [1 0 1 0 0 1 1 0 0 1]
 [0 1 1 1 1 1 1 0 1 1]
 [0 1 1 0 1 1 1 1 0 1]
 [0 1 1 1 1 1 0 1 1 1]]
{'restarts': 94, 'conflicts': 41543, 'decisions': 62995, 'propagations': 36782948}
Q is identifiable
branch at 6
runtime for solving id of Q is 5.611484792083502
Simulation results:
{'J': 100, 'K': 10, 'N': 10, 'p': 0.7, 'seed': 226, 'sim': 1, 'runtime': 5.611484792083502, 'identifiable': 1, 'branch': 6}
2
Q: [[1 1 1 0 1 0 1 1 1 1]
 [1 1 1 1 0 1 0 1 1 1]
 [1 0 1 1 1 1 0 0 1 1]
 [1 1 1 1 1 1 1 1 0 1]
 [0 1 1 0 0 1 1 0 0 1]
 [0 1 1 1 1 0 1 1 0 1]
 [1 1 1 1 1 1 1 0 0 1]
 [1 1 0 1 1 1 1 1 1 0]
 [0 1 1 1 1 1 0 1 0 0]
 [1 1 0 0 1 1 0 1 1 0]
 [1 1 1 1 0 1 1 0 0 1]
 [1 1 1 1 0 1 1 1 1 1]
 [1 1 1 1 0 1 1 1 1 0]
 [0 1 1 0 0 1 1 1 1 1]
 [1 0 1 1 1 0 1 0 1 0]
 [0 1 1 1 1 1 1 1 1 1]
 [0 1 0 0 0 1 1 0 0 0]
 [1 0 1 1 1 1 1 0 0 1]
 [0 1 1 1 1 1 0 1 1 1]
 [0 0 1 1 0 1 1 1 0 1]
 [1 0 0 1 1 0 1 1 0 1]
 [1 1 0 1 1 1 1 1 1 1]
 [1 1 0 0 1 1 1 0 1 1]
 [0 1 0 1 1 1 1 1 1 0]
 [1 1 0 1 1 0 1 1 0 1]
 [1 1 1 1 1 1 1 1 1 1]
 [0 1 0 1 0 1 1 1 1 0]
 [1 1 1 0 1 1 0 1 1 1]
 [0 0 0 1 0 1 1 1 1 1]
 [0 1 1 0 1 0 1 1 1 1]
 [1 1 1 1 0 0 1 1 1 0]
 [1 1 1 0 1 1 1 0 1 1]
 [0 1 1 1 1 0 0 0 1 1]
 [1 1 1 0 1 0 1 1 1 0]
 [0 1 0 0 1 1 1 1 0 1]
 [0 1 0 1 1 1 1 1 1 0]
 [0 1 1 0 1 0 1 0 1 0]
 [1 1 0 1 1 1 1 1 1 0]
 [0 1 1 0 1 1 1 1 1 0]
 [1 1 1 1 0 0 1 1 1 0]
 [1 1 1 1 1 1 1 0 1 1]
 [1 1 0 1 1 1 0 0 1 1]
 [0 1 0 0 1 1 1 1 1 1]
 [1 0 1 1 0 1 0 1 1 1]
 [0 0 1 0 0 1 1 1 1 1]
 [1 1 1 1 1 0 1 0 1 0]
 [1 0 1 1 0 1 1 1 0 1]
 [1 1 0 0 1 0 1 0 0 0]
 [1 1 0 1 1 1 1 1 1 0]
 [1 1 0 0 0 1 1 1 1 1]
 [1 1 1 1 1 1 1 1 1 1]
 [0 1 1 1 1 0 1 1 0 0]
 [1 1 1 0 1 1 1 1 0 1]
 [1 1 1 0 1 0 0 1 0 0]
 [1 1 0 1 1 1 1 1 1 1]
 [1 1 1 1 1 1 0 1 0 1]
 [0 0 1 1 1 0 1 0 0 1]
 [1 0 1 1 1 1 1 1 0 1]
 [1 1 0 1 1 1 0 0 1 0]
 [1 1 0 0 1 1 1 0 1 0]
 [1 1 1 1 1 0 1 1 0 1]
 [1 1 1 0 1 1 1 1 0 1]
 [0 0 1 0 1 0 1 1 1 1]
 [1 1 1 1 1 1 0 1 1 1]
 [0 1 1 1 0 1 1 0 1 1]
 [0 1 1 1 0 1 0 0 1 1]
 [1 0 0 1 1 0 1 0 0 1]
 [1 1 1 1 0 1 1 1 0 0]
 [0 0 0 1 1 0 0 0 1 1]
 [1 1 1 1 0 1 1 1 1 0]
 [1 0 0 1 1 1 1 1 1 0]
 [0 1 1 0 1 1 0 1 0 1]
 [1 1 1 1 0 0 1 0 0 1]
 [1 0 1 0 1 1 1 1 1 1]
 [1 1 1 1 1 1 1 0 1 1]
 [0 1 1 1 1 1 1 1 1 1]
 [1 1 1 1 1 0 1 1 0 1]
 [1 0 0 1 1 0 1 0 0 1]
 [1 0 1 1 0 1 1 0 1 1]
 [1 1 1 0 1 1 1 0 1 0]
 [1 1 1 1 1 1 1 1 1 1]
 [0 1 1 1 1 0 1 1 1 1]
 [1 1 0 0 1 1 1 1 1 1]
 [0 0 1 1 1 1 0 1 1 0]
 [1 0 1 1 1 0 1 1 1 0]
 [1 0 1 0 1 1 0 1 1 0]
 [1 1 1 1 1 1 1 1 0 1]
 [1 1 1 1 0 1 1 1 1 0]
 [1 0 1 1 1 1 0 1 1 0]
 [1 0 1 0 0 1 0 1 1 1]
 [1 0 0 1 0 1 1 1 1 1]
 [1 1 1 0 0 1 1 1 0 0]
 [1 1 1 1 0 0 1 1 1 0]
 [1 1 1 0 1 1 1 1 1 1]
 [1 1 1 0 0 1 1 1 1 1]
 [1 1 1 0 1 1 1 1 0 0]
 [0 1 1 1 1 1 1 1 1 1]
 [1 1 1 1 0 1 1 1 1 1]
 [0 1 1 0 1 0 1 0 1 1]
 [1 0 1 1 1 1 0 1 1 1]]
{'restarts': 43, 'conflicts': 17863, 'decisions': 29557, 'propagations': 16556415}
Q is identifiable
branch at 6
runtime for solving id of Q is 2.4003086937591434
Simulation results:
{'J': 100, 'K': 10, 'N': 10, 'p': 0.7, 'seed': 226, 'sim': 2, 'runtime': 2.4003086937591434, 'identifiable': 1, 'branch': 6}
3
Q: [[1 1 1 1 0 1 1 0 1 0]
 [1 0 0 1 1 0 0 1 0 1]
 [1 1 1 1 0 1 1 1 0 1]
 [0 1 1 0 1 1 1 1 1 1]
 [0 1 1 1 0 1 1 0 1 0]
 [1 0 1 0 1 0 1 1 1 1]
 [0 1 0 0 1 1 0 1 1 0]
 [1 1 1 0 1 1 1 1 1 1]
 [1 1 1 0 0 1 1 1 0 0]
 [0 0 1 1 0 1 0 1 1 1]
 [1 1 0 1 0 0 0 1 1 1]
 [1 0 1 1 1 1 1 1 1 1]
 [1 0 0 1 0 1 0 0 1 1]
 [1 1 1 1 1 1 0 0 0 1]
 [1 0 0 1 1 1 1 1 1 1]
 [1 1 0 0 0 1 1 1 1 0]
 [1 1 1 0 0 0 0 1 0 0]
 [1 1 1 1 1 1 0 1 0 0]
 [0 1 0 1 1 1 0 1 0 1]
 [1 0 1 1 1 1 1 1 0 1]
 [1 1 1 1 1 1 1 1 1 1]
 [1 1 1 0 0 0 0 0 1 1]
 [0 1 1 1 0 0 0 1 1 0]
 [1 1 0 0 0 1 0 0 0 1]
 [1 1 1 1 1 1 1 0 1 1]
 [1 1 1 0 0 1 0 0 1 1]
 [1 1 0 0 0 0 1 1 1 1]
 [1 1 0 1 1 0 1 1 0 0]
 [1 0 1 0 0 1 1 1 1 1]
 [0 1 0 0 1 1 0 1 1 0]
 [1 0 0 1 1 1 0 0 1 1]
 [1 0 1 0 1 1 0 1 1 1]
 [1 1 0 0 1 1 0 1 0 1]
 [0 1 0 0 1 1 0 0 0 0]
 [1 0 0 1 1 1 1 1 1 1]
 [0 1 1 0 1 1 1 0 1 1]
 [1 1 1 0 1 1 1 1 1 1]
 [1 1 1 0 1 1 1 0 0 0]
 [1 0 0 0 0 1 1 1 0 1]
 [1 1 1 0 1 1 0 0 1 1]
 [1 1 1 1 1 0 0 1 0 1]
 [1 1 1 1 1 1 0 1 0 1]
 [1 1 1 1 0 0 0 0 1 1]
 [1 1 1 0 0 1 0 1 1 1]
 [1 0 1 1 1 1 0 1 0 0]
 [1 1 0 0 1 0 1 0 1 1]
 [1 1 0 1 1 1 1 1 1 1]
 [1 1 0 1 1 1 0 0 1 1]
 [0 1 1 1 1 1 1 0 1 1]
 [1 1 1 1 1 0 1 1 0 1]
 [1 1 1 0 0 1 1 0 1 1]
 [1 1 1 0 1 1 1 1 1 1]
 [1 0 1 1 1 1 1 1 0 1]
 [1 0 0 0 1 1 1 1 0 0]
 [1 1 0 1 1 0 0 0 0 1]
 [1 1 0 0 0 1 1 1 0 1]
 [1 1 1 0 0 0 1 1 1 1]
 [1 0 1 1 1 1 1 1 1 1]
 [1 1 1 1 0 1 1 0 0 1]
 [1 0 1 1 0 1 0 1 1 0]
 [1 1 1 0 1 1 0 1 1 1]
 [1 1 1 0 1 1 1 1 1 1]
 [1 1 1 0 0 1 1 1 1 1]
 [0 0 0 1 0 1 1 1 1 1]
 [0 0 0 1 1 0 1 0 1 1]
 [1 1 1 0 1 0 1 1 1 1]
 [0 1 1 1 1 0 1 1 0 1]
 [1 1 1 1 0 1 1 1 1 1]
 [1 1 1 1 0 1 1 1 1 1]
 [1 0 1 1 1 1 1 1 0 1]
 [1 1 1 1 1 0 1 1 1 1]
 [1 0 1 1 1 1 1 1 0 1]
 [1 1 0 1 1 1 1 1 0 1]
 [1 0 1 0 1 1 1 1 1 1]
 [1 1 1 1 1 0 1 0 0 0]
 [0 1 1 1 0 1 0 1 0 1]
 [1 1 1 1 0 0 0 1 1 1]
 [1 1 1 0 1 1 1 1 1 1]
 [0 1 0 1 1 1 1 0 1 0]
 [1 1 1 1 1 1 1 0 1 1]
 [1 1 0 1 1 1 0 1 1 1]
 [1 1 1 1 1 0 1 1 0 0]
 [1 1 1 0 1 1 1 1 1 1]
 [0 1 1 1 1 1 1 1 1 0]
 [1 1 1 1 0 1 0 0 0 0]
 [0 1 0 1 0 1 1 0 0 1]
 [0 1 1 0 1 1 1 1 1 1]
 [1 0 0 1 1 0 1 1 1 1]
 [1 1 1 1 1 1 0 1 0 1]
 [1 0 0 1 1 1 1 0 1 0]
 [1 1 1 1 1 1 0 0 1 1]
 [0 0 1 1 1 1 1 0 1 0]
 [0 0 0 0 1 1 1 1 1 1]
 [0 0 1 0 1 1 0 1 0 1]
 [1 1 1 1 1 1 0 1 1 1]
 [0 1 0 0 1 1 1 0 1 1]
 [1 1 1 1 1 1 0 1 1 0]
 [0 1 1 1 0 0 1 1 0 0]
 [0 1 1 1 0 1 1 1 1 0]
 [1 0 1 1 0 0 1 0 1 0]]
{'restarts': 76, 'conflicts': 27345, 'decisions': 42972, 'propagations': 28669863}
Q is identifiable
branch at 6
runtime for solving id of Q is 4.203142276033759
Simulation results:
{'J': 100, 'K': 10, 'N': 10, 'p': 0.7, 'seed': 226, 'sim': 3, 'runtime': 4.203142276033759, 'identifiable': 1, 'branch': 6}
4
Q: [[1 1 1 1 1 1 0 1 1 1]
 [1 0 1 0 1 1 1 1 1 1]
 [1 1 1 1 0 1 0 1 1 1]
 [1 1 0 1 0 1 0 0 1 1]
 [1 1 1 1 1 1 1 0 1 0]
 [1 0 1 1 0 1 1 1 1 1]
 [0 1 1 1 1 0 0 1 0 1]
 [1 0 1 1 1 1 1 1 0 1]
 [1 1 1 1 1 1 0 0 1 1]
 [1 1 1 0 0 1 0 1 1 1]
 [1 1 1 1 1 1 0 1 1 0]
 [1 1 0 0 1 0 1 1 0 1]
 [1 1 1 1 1 1 1 0 1 1]
 [1 0 1 0 1 1 1 1 0 1]
 [1 0 1 0 0 1 1 0 0 0]
 [1 1 0 1 1 1 1 1 0 1]
 [1 1 1 0 1 0 0 1 1 0]
 [1 1 1 0 0 0 1 1 0 0]
 [1 1 1 1 1 1 1 1 0 1]
 [0 1 1 1 1 1 1 0 1 1]
 [0 0 0 1 1 1 0 1 1 0]
 [1 1 1 1 1 1 1 0 0 1]
 [1 0 0 1 1 1 1 0 0 1]
 [0 1 0 1 0 1 1 1 0 1]
 [1 0 0 0 1 0 0 0 1 0]
 [1 0 0 1 1 0 0 0 1 0]
 [1 1 1 0 1 1 1 1 0 1]
 [1 0 1 1 1 1 0 1 0 1]
 [1 1 1 1 1 1 1 1 0 1]
 [1 0 1 1 1 1 0 1 1 1]
 [1 0 1 1 1 1 0 1 0 0]
 [1 0 0 0 0 0 1 1 1 0]
 [1 1 1 1 1 1 1 1 1 0]
 [1 1 0 1 1 1 0 1 1 0]
 [0 0 0 1 0 1 1 1 1 0]
 [1 1 1 1 1 1 1 1 0 1]
 [1 1 1 1 1 1 0 1 1 0]
 [0 1 0 1 1 1 1 1 1 1]
 [1 1 1 0 0 0 1 1 0 0]
 [1 1 1 1 0 0 1 0 1 1]
 [1 0 0 1 1 1 0 0 1 1]
 [1 0 0 0 1 1 1 1 0 1]
 [1 1 1 1 0 0 1 0 1 1]
 [0 1 0 0 1 1 1 1 1 0]
 [1 1 1 1 0 1 0 0 1 1]
 [1 1 0 1 0 1 0 0 0 0]
 [1 0 1 1 1 1 1 1 1 1]
 [1 1 1 1 1 1 1 1 1 0]
 [0 1 0 1 0 1 0 1 1 0]
 [0 1 1 1 1 1 0 1 1 1]
 [1 1 0 0 1 1 1 1 1 1]
 [1 1 1 0 1 1 1 0 0 1]
 [0 1 1 1 1 1 0 1 1 1]
 [1 0 1 1 1 0 1 0 1 1]
 [0 1 1 1 1 1 0 0 0 1]
 [1 1 0 1 0 1 0 0 0 0]
 [1 1 1 0 1 0 1 0 1 1]
 [1 1 1 1 1 1 0 1 0 1]
 [1 1 1 0 1 1 1 0 1 1]
 [1 1 1 1 1 1 1 1 1 1]
 [1 1 1 1 1 0 1 0 1 1]
 [1 1 1 1 0 1 0 1 1 0]
 [1 1 1 1 1 1 1 1 1 1]
 [1 1 0 1 0 1 0 0 1 0]
 [0 1 1 0 1 0 1 1 1 1]
 [0 0 0 0 1 1 1 1 0 1]
 [1 1 1 1 1 1 1 1 1 1]
 [1 1 0 1 1 0 1 1 0 1]
 [1 1 1 1 1 0 0 1 1 1]
 [0 0 1 1 1 1 0 1 0 1]
 [1 1 1 1 1 1 1 0 1 1]
 [1 1 1 1 0 1 1 1 1 1]
 [1 0 1 0 1 1 1 0 1 1]
 [1 1 1 1 0 0 0 0 1 1]
 [0 1 0 0 1 1 1 1 1 0]
 [0 0 1 0 0 1 1 1 1 0]
 [0 1 1 1 0 1 1 0 0 1]
 [1 1 1 1 0 1 1 0 1 1]
 [0 1 1 1 1 1 1 1 0 1]
 [1 1 0 1 0 1 1 0 1 0]
 [1 0 1 1 0 1 0 0 1 0]
 [1 0 0 1 1 0 1 0 1 0]
 [1 1 1 1 1 1 1 1 0 1]
 [0 1 1 1 0 0 1 0 1 1]
 [1 0 1 0 1 1 1 0 1 0]
 [1 0 0 1 1 0 0 1 1 1]
 [1 0 1 0 0 1 1 0 1 1]
 [0 0 1 0 1 1 1 1 1 1]
 [1 0 1 1 1 1 0 1 1 0]
 [1 1 0 1 1 1 0 0 1 0]
 [1 0 1 1 0 0 0 1 0 1]
 [0 1 1 1 1 1 0 1 1 0]
 [1 1 0 1 1 0 0 1 1 1]
 [1 1 0 1 0 1 1 1 1 1]
 [1 1 1 0 1 1 1 1 1 0]
 [0 1 0 0 0 0 1 1 1 1]
 [0 1 1 1 1 1 1 0 0 1]
 [1 0 0 0 0 1 1 0 1 0]
 [0 0 0 1 1 1 1 0 0 1]
 [0 0 1 0 0 1 1 1 1 1]]
{'restarts': 18, 'conflicts': 5682, 'decisions': 11080, 'propagations': 6604542}
Q is identifiable
branch at 6
runtime for solving id of Q is 0.9462637724354863
Simulation results:
{'J': 100, 'K': 10, 'N': 10, 'p': 0.7, 'seed': 226, 'sim': 4, 'runtime': 0.9462637724354863, 'identifiable': 1, 'branch': 6}
5
Q: [[1 1 1 1 1 1 0 0 1 1]
 [1 0 0 1 0 1 1 1 1 1]
 [1 1 1 1 1 1 1 1 1 1]
 [1 1 0 1 1 1 1 1 0 1]
 [1 1 0 0 1 1 1 1 0 0]
 [1 1 1 1 0 1 0 1 0 1]
 [1 1 0 1 1 1 0 1 1 1]
 [1 1 0 1 1 1 1 1 1 0]
 [0 1 0 1 0 0 1 1 1 1]
 [1 1 1 0 1 0 1 1 1 0]
 [0 0 1 1 1 0 1 1 1 0]
 [1 0 0 1 0 1 1 0 1 1]
 [1 1 1 1 0 1 1 1 0 1]
 [1 1 1 1 1 1 1 0 1 1]
 [1 0 1 1 0 0 1 0 0 1]
 [1 0 1 0 1 1 1 1 1 1]
 [1 1 1 1 0 1 1 0 1 1]
 [0 0 1 1 1 1 0 0 1 1]
 [1 1 0 1 1 1 1 1 0 1]
 [0 1 1 1 1 0 1 1 1 1]
 [0 0 1 1 1 0 1 0 1 1]
 [1 1 1 1 1 1 1 0 0 0]
 [0 1 0 1 1 1 0 0 1 1]
 [1 0 0 0 1 1 0 1 0 1]
 [0 1 0 0 1 1 1 1 1 0]
 [1 1 0 0 1 1 0 1 0 1]
 [1 1 0 1 0 0 1 1 1 0]
 [1 1 1 1 1 1 1 1 1 1]
 [0 1 1 0 1 0 0 1 1 0]
 [0 1 1 0 1 0 1 1 1 0]
 [1 1 1 1 1 0 0 1 1 1]
 [0 1 1 0 1 0 1 1 0 0]
 [1 1 0 1 1 1 0 1 1 1]
 [0 0 1 1 0 1 0 1 1 0]
 [1 0 1 1 1 1 0 1 1 1]
 [1 1 1 1 1 0 1 1 1 0]
 [0 0 0 1 1 0 0 0 0 1]
 [1 0 1 0 1 0 1 0 0 1]
 [1 0 0 1 1 1 1 0 1 1]
 [0 0 1 1 1 0 0 0 1 1]
 [1 1 1 1 1 1 0 0 1 0]
 [1 1 0 1 0 0 1 1 0 1]
 [0 1 1 1 1 1 1 1 1 1]
 [1 1 0 0 1 0 1 1 1 1]
 [1 0 1 1 1 0 1 1 1 1]
 [0 1 1 0 1 1 0 0 1 1]
 [1 1 1 1 1 0 1 1 1 0]
 [1 0 1 1 1 0 1 1 1 0]
 [1 1 1 0 1 1 1 1 1 1]
 [1 1 1 0 0 1 1 1 1 1]
 [1 1 1 1 1 0 1 1 1 1]
 [0 0 1 1 1 1 0 0 1 0]
 [0 1 0 1 1 1 1 0 1 1]
 [1 1 1 1 1 1 1 1 0 0]
 [1 0 1 0 1 1 1 1 1 0]
 [1 1 1 1 1 0 1 1 0 1]
 [1 1 0 0 0 0 1 1 0 1]
 [0 1 1 0 1 1 1 0 1 1]
 [0 0 0 0 1 1 1 0 1 0]
 [1 1 1 1 0 0 0 0 1 0]
 [1 0 1 1 1 1 1 1 1 0]
 [1 1 1 1 1 0 0 1 1 1]
 [1 1 1 1 1 1 0 1 1 1]
 [1 1 1 1 1 0 0 1 1 1]
 [1 1 0 1 0 0 1 1 1 0]
 [1 0 0 0 0 1 1 1 1 0]
 [1 1 0 1 1 1 1 0 0 1]
 [1 1 1 0 0 1 1 1 0 0]
 [1 1 0 1 1 1 1 0 0 0]
 [1 1 1 0 0 1 0 0 0 1]
 [0 1 0 1 1 1 0 1 1 1]
 [1 1 1 1 0 0 1 1 1 1]
 [1 0 1 1 1 1 1 0 1 1]
 [1 0 1 0 1 1 1 0 0 0]
 [1 1 1 1 0 0 0 0 0 1]
 [1 0 1 1 1 1 0 1 1 1]
 [0 1 0 0 0 1 1 1 0 0]
 [0 1 1 0 0 0 0 1 1 1]
 [1 1 1 1 1 0 1 1 1 1]
 [1 1 1 1 1 1 1 1 1 1]
 [1 1 1 0 1 1 0 0 1 1]
 [1 0 1 1 1 1 1 1 1 1]
 [0 1 1 1 1 1 1 1 1 1]
 [1 1 0 1 1 1 1 1 1 1]
 [1 1 1 0 1 0 1 1 1 1]
 [1 1 1 1 1 0 1 1 1 0]
 [0 1 1 1 1 0 0 0 1 1]
 [0 1 0 1 1 0 0 0 0 0]
 [1 1 0 0 0 1 1 1 1 0]
 [1 0 1 1 1 0 0 1 0 0]
 [1 1 1 0 0 1 1 1 0 1]
 [1 0 1 1 1 1 1 0 1 1]
 [0 0 0 0 0 1 1 0 0 0]
 [1 1 0 1 1 0 1 0 1 1]
 [1 1 0 1 0 0 1 0 1 1]
 [0 1 0 1 0 1 0 0 1 1]
 [1 1 0 1 0 1 1 1 1 1]
 [0 1 0 1 1 1 1 1 0 1]
 [0 1 1 1 1 1 1 1 1 1]
 [1 0 1 1 0 1 0 1 1 0]]
{'restarts': 5, 'conflicts': 955, 'decisions': 2463, 'propagations': 885942}
Q is identifiable
branch at 6
runtime for solving id of Q is 0.3054935811087489
Simulation results:
{'J': 100, 'K': 10, 'N': 10, 'p': 0.7, 'seed': 226, 'sim': 5, 'runtime': 0.3054935811087489, 'identifiable': 1, 'branch': 6}
6
Q: [[0 1 0 1 1 1 1 1 0 1]
 [1 1 1 0 1 0 1 1 1 0]
 [1 1 0 0 0 1 1 1 1 1]
 [1 1 0 0 1 0 1 1 1 0]
 [1 1 1 0 1 1 1 0 1 1]
 [1 0 0 1 0 0 1 1 1 1]
 [0 0 1 1 0 0 1 1 0 0]
 [0 1 0 1 0 1 0 1 0 1]
 [1 1 1 1 1 1 1 1 0 1]
 [1 1 1 1 0 1 1 1 1 0]
 [0 1 1 1 1 1 1 1 1 1]
 [0 1 1 0 1 1 0 0 1 1]
 [1 1 1 1 0 1 1 1 1 1]
 [1 1 0 1 1 0 1 1 1 1]
 [1 1 1 1 1 0 1 1 1 1]
 [1 0 1 0 1 1 1 1 1 1]
 [1 1 1 1 1 0 1 0 1 1]
 [0 0 0 0 0 1 1 1 1 1]
 [0 1 1 0 0 1 1 1 0 1]
 [1 1 1 1 1 0 1 1 1 1]
 [0 0 0 1 0 0 1 0 1 1]
 [1 0 1 1 0 1 1 1 1 0]
 [0 1 1 1 1 1 1 1 1 0]
 [0 1 1 0 1 1 1 1 1 1]
 [0 1 1 0 0 1 0 1 1 1]
 [1 1 1 1 1 1 0 1 1 1]
 [1 1 1 1 1 0 1 1 0 1]
 [1 0 1 0 1 0 1 1 0 1]
 [1 1 1 1 1 1 1 1 1 0]
 [1 1 1 1 1 1 1 1 0 0]
 [1 1 0 1 1 0 1 1 0 1]
 [1 1 1 1 1 1 1 1 1 0]
 [0 0 1 1 0 1 1 1 1 0]
 [0 1 1 0 0 0 1 1 1 1]
 [1 0 1 1 0 1 1 1 0 0]
 [1 1 1 0 1 0 1 1 1 0]
 [0 0 0 1 1 1 1 1 0 0]
 [1 0 1 0 0 1 1 0 1 1]
 [1 1 1 1 1 1 1 1 0 0]
 [1 1 0 1 1 1 1 1 0 1]
 [1 1 1 1 1 1 1 1 0 0]
 [1 1 0 1 0 0 0 0 1 1]
 [1 1 0 1 1 0 0 0 1 0]
 [1 1 1 1 1 1 1 1 1 1]
 [1 0 0 1 1 0 1 1 1 0]
 [1 1 1 1 1 1 1 0 1 1]
 [1 0 0 1 1 1 1 1 1 1]
 [0 0 1 0 0 0 1 1 1 1]
 [1 1 0 0 1 1 1 1 1 1]
 [1 0 0 1 1 1 1 1 1 0]
 [1 1 1 1 0 1 1 0 0 1]
 [0 1 1 0 1 1 1 1 1 1]
 [1 1 1 0 1 1 1 0 0 1]
 [1 1 1 1 0 1 1 1 1 1]
 [1 1 1 1 1 1 1 1 1 1]
 [1 1 1 1 1 1 0 1 1 1]
 [1 1 1 0 0 1 1 0 1 0]
 [0 0 1 1 1 1 1 1 0 1]
 [1 1 1 1 1 1 1 1 0 1]
 [1 0 1 0 1 1 0 1 1 1]
 [1 0 1 1 1 1 0 1 0 1]
 [1 1 1 0 1 0 1 1 1 1]
 [1 1 1 1 1 1 1 1 1 1]
 [1 0 1 0 0 0 0 1 0 1]
 [0 0 1 1 0 1 1 0 1 1]
 [0 1 0 0 1 1 1 1 1 1]
 [0 1 0 1 1 1 1 1 1 1]
 [0 0 1 1 1 0 1 0 1 0]
 [1 0 1 1 1 0 1 1 1 1]
 [1 1 1 1 1 1 0 1 1 1]
 [1 1 1 1 1 0 1 1 1 0]
 [1 1 1 1 1 1 1 1 1 1]
 [0 1 1 1 0 1 1 1 1 1]
 [1 1 1 1 1 1 1 0 1 1]
 [1 1 0 1 1 1 0 1 1 1]
 [1 0 0 1 1 1 0 1 1 0]
 [1 1 0 0 0 1 1 1 1 1]
 [1 0 1 0 1 1 1 1 1 0]
 [0 0 1 1 1 0 0 1 1 0]
 [1 0 1 1 1 1 1 1 1 1]
 [1 1 0 1 1 1 1 1 1 0]
 [0 1 0 0 0 1 1 0 1 1]
 [0 1 0 0 1 1 0 1 0 1]
 [1 1 0 1 1 1 1 1 0 0]
 [1 1 0 1 1 1 1 1 0 1]
 [0 1 1 1 1 1 1 1 1 1]
 [0 0 1 1 0 0 1 1 1 1]
 [1 1 0 0 1 1 1 0 1 1]
 [1 1 0 1 1 1 1 1 1 0]
 [1 0 1 1 1 1 0 1 1 0]
 [1 0 1 0 1 0 1 1 1 1]
 [1 0 1 1 1 1 1 1 0 0]
 [1 1 0 1 1 1 1 1 1 1]
 [1 1 0 1 1 1 0 1 1 1]
 [1 1 1 1 0 1 1 1 1 0]
 [1 1 1 1 1 1 1 1 0 1]
 [1 1 1 0 0 1 1 1 1 1]
 [0 1 1 1 0 1 1 0 1 1]
 [0 0 0 0 1 1 0 0 0 1]
 [0 0 1 1 0 1 1 1 1 0]]
{'restarts': 9, 'conflicts': 1607, 'decisions': 3642, 'propagations': 1240690}
Q is identifiable
branch at 6
runtime for solving id of Q is 0.28678594436496496
Simulation results:
{'J': 100, 'K': 10, 'N': 10, 'p': 0.7, 'seed': 226, 'sim': 6, 'runtime': 0.28678594436496496, 'identifiable': 1, 'branch': 6}
7
Q: [[0 0 0 1 1 1 0 1 1 1]
 [1 1 1 0 0 0 1 0 1 1]
 [1 1 1 1 1 1 1 1 1 0]
 [0 1 0 0 1 0 0 1 1 1]
 [0 1 1 0 1 0 1 1 0 0]
 [1 1 1 1 1 0 1 0 0 1]
 [1 1 1 1 1 1 1 0 1 1]
 [0 1 0 1 1 1 0 0 1 1]
 [1 0 1 0 1 0 1 1 0 1]
 [1 1 0 1 1 0 1 1 0 1]
 [1 1 1 0 1 0 0 0 1 1]
 [1 1 1 1 0 1 1 1 1 0]
 [1 1 1 1 1 0 1 1 1 1]
 [1 0 1 1 1 1 1 1 1 0]
 [1 1 1 1 0 1 1 1 0 1]
 [0 0 1 0 1 1 1 0 1 0]
 [1 0 1 1 1 1 1 1 0 1]
 [1 1 1 0 1 1 1 0 1 1]
 [1 1 1 1 1 1 0 1 1 1]
 [1 1 0 1 1 1 1 1 1 0]
 [1 1 1 0 1 0 1 0 0 0]
 [0 1 1 1 1 1 0 0 1 1]
 [1 1 1 1 1 1 0 1 0 0]
 [1 1 0 1 1 1 1 1 0 1]
 [0 1 1 1 1 1 1 1 0 1]
 [1 1 1 1 1 1 0 1 0 1]
 [0 1 1 1 1 1 1 1 0 0]
 [1 1 1 0 0 0 0 0 1 1]
 [0 1 1 1 0 1 1 1 1 1]
 [1 1 0 1 1 1 1 1 1 1]
 [1 1 1 1 1 1 1 1 1 1]
 [0 0 1 0 0 1 0 1 1 1]
 [0 0 1 1 1 0 1 0 1 0]
 [1 1 0 1 1 1 0 1 0 0]
 [0 1 1 1 1 0 1 1 1 1]
 [1 1 1 1 1 0 1 0 1 1]
 [0 0 1 0 1 0 0 1 0 1]
 [1 1 1 0 0 0 1 0 0 1]
 [1 1 1 1 1 0 1 1 1 1]
 [0 1 1 1 0 0 0 1 1 1]
 [1 1 1 1 1 0 1 1 0 1]
 [1 0 1 0 1 1 0 1 1 1]
 [1 1 0 1 1 1 1 1 0 1]
 [0 1 1 1 1 0 1 1 1 0]
 [1 0 0 1 1 1 1 1 1 0]
 [1 0 1 0 0 1 1 1 0 1]
 [1 1 1 1 1 0 0 1 1 1]
 [0 0 0 1 0 1 1 1 1 1]
 [0 0 0 1 1 1 1 1 1 1]
 [1 0 0 1 1 0 1 0 1 0]
 [0 1 1 0 1 1 1 0 1 0]
 [1 1 1 0 1 1 1 1 1 1]
 [1 1 1 1 0 0 1 1 1 0]
 [1 1 1 1 1 1 1 0 0 0]
 [1 1 0 0 0 0 0 0 1 1]
 [0 1 1 1 1 0 0 1 0 0]
 [1 1 0 1 1 1 0 1 1 1]
 [0 1 1 0 1 0 1 1 1 1]
 [0 1 0 1 1 1 1 0 1 0]
 [0 1 1 1 1 1 1 1 0 1]
 [0 1 1 1 0 1 1 1 1 1]
 [1 1 0 1 0 0 0 1 1 1]
 [1 1 1 1 0 1 0 0 1 0]
 [1 1 0 0 0 0 1 1 1 0]
 [1 0 1 1 1 1 1 1 1 1]
 [1 1 1 1 0 1 1 0 1 1]
 [1 1 1 1 1 1 1 1 1 1]
 [1 1 1 1 0 0 1 1 1 1]
 [1 1 1 0 0 0 0 0 1 0]
 [1 0 1 1 1 1 0 1 1 0]
 [1 1 0 0 0 1 0 0 0 1]
 [1 1 0 1 0 1 1 1 1 0]
 [1 1 1 1 1 1 0 1 1 1]
 [1 0 1 1 0 1 1 0 1 1]
 [1 1 0 1 1 1 0 1 0 0]
 [1 1 1 1 1 0 0 1 1 0]
 [1 1 0 1 1 1 1 1 0 1]
 [1 0 1 1 0 1 1 1 1 1]
 [1 1 0 0 0 0 1 0 0 1]
 [0 0 0 1 1 1 1 1 1 1]
 [1 0 1 0 1 0 1 1 0 1]
 [1 1 1 0 0 1 0 1 1 1]
 [0 1 1 0 1 1 1 1 1 0]
 [0 1 1 1 1 1 0 1 0 1]
 [0 1 1 1 1 1 0 1 0 1]
 [1 1 1 1 1 0 1 0 1 1]
 [1 0 0 1 1 0 0 1 1 0]
 [1 0 1 1 1 1 0 0 1 1]
 [1 0 0 0 0 0 1 1 1 1]
 [1 1 1 0 1 1 1 1 1 1]
 [1 1 1 1 1 0 1 0 1 1]
 [1 1 0 1 1 0 1 0 0 0]
 [0 1 1 1 0 1 1 0 1 0]
 [0 1 0 0 1 1 0 1 1 1]
 [1 1 1 1 0 0 1 1 1 1]
 [1 0 0 1 1 0 0 1 1 0]
 [1 1 1 1 0 1 1 0 1 1]
 [0 1 1 1 1 1 1 1 1 1]
 [0 1 1 1 0 1 1 0 1 1]
 [1 1 1 1 1 1 1 1 1 0]]
{'restarts': 53, 'conflicts': 22439, 'decisions': 34269, 'propagations': 22663839}
Q is identifiable
branch at 6
runtime for solving id of Q is 3.1257638074457645
Simulation results:
{'J': 100, 'K': 10, 'N': 10, 'p': 0.7, 'seed': 226, 'sim': 7, 'runtime': 3.1257638074457645, 'identifiable': 1, 'branch': 6}
8
Q: [[0 1 0 1 0 1 0 1 0 1]
 [1 1 1 1 1 1 1 1 1 1]
 [1 1 0 0 0 1 0 0 1 1]
 [0 1 1 1 1 1 0 0 1 1]
 [1 1 1 0 1 1 1 1 0 1]
 [1 0 1 1 1 1 1 1 1 1]
 [1 0 1 1 1 1 0 1 0 0]
 [1 1 1 1 1 1 1 1 1 1]
 [1 1 0 1 1 1 1 1 0 1]
 [1 1 1 0 1 1 0 1 1 0]
 [0 1 1 1 1 1 0 0 1 1]
 [1 1 1 0 1 1 0 0 1 1]
 [1 0 0 0 0 1 0 0 1 0]
 [1 1 1 1 1 0 1 1 1 1]
 [0 1 1 1 1 1 1 0 1 0]
 [1 1 1 1 1 1 1 0 1 1]
 [0 1 1 1 1 1 1 0 1 1]
 [0 1 1 1 1 1 0 0 1 1]
 [1 1 1 1 1 1 1 1 1 1]
 [0 1 0 1 1 1 1 1 1 1]
 [1 1 1 1 0 0 1 1 1 1]
 [0 1 0 1 1 1 0 1 0 0]
 [1 0 1 0 1 0 1 1 1 1]
 [1 0 1 1 0 1 0 1 1 0]
 [1 1 1 1 1 1 0 1 1 1]
 [1 1 0 1 1 1 0 0 1 1]
 [1 1 1 1 1 0 1 1 1 1]
 [1 1 1 1 1 1 1 1 1 1]
 [1 1 1 0 0 1 1 0 0 1]
 [1 0 1 1 0 1 1 0 0 0]
 [1 1 1 1 0 1 1 1 0 1]
 [0 1 1 1 1 1 1 1 0 1]
 [1 0 1 1 1 0 1 1 0 0]
 [1 1 1 1 1 0 0 1 1 1]
 [1 0 1 0 1 1 1 1 0 1]
 [1 1 1 1 1 0 1 1 1 1]
 [1 0 1 0 1 1 1 1 0 1]
 [0 1 1 1 1 1 1 1 1 0]
 [0 1 1 1 0 1 0 1 0 1]
 [1 1 1 1 1 0 1 0 1 1]
 [0 1 1 1 0 1 0 1 0 1]
 [1 1 0 0 1 1 1 1 1 0]
 [1 1 1 1 0 0 1 1 1 1]
 [1 0 1 1 1 1 1 1 1 1]
 [0 1 0 1 1 1 1 1 1 1]
 [1 1 1 0 0 1 1 1 0 1]
 [0 1 1 1 1 1 1 0 0 1]
 [1 1 1 0 0 0 1 0 1 1]
 [1 1 1 0 1 1 0 1 1 0]
 [1 1 1 1 1 1 1 0 1 0]
 [1 1 1 1 0 1 1 1 1 0]
 [1 1 1 1 1 1 1 0 1 1]
 [1 0 1 1 1 0 1 0 1 0]
 [1 1 1 1 0 1 1 0 0 0]
 [1 1 1 1 0 0 1 0 1 1]
 [1 1 0 0 1 1 1 1 0 0]
 [0 0 0 0 0 1 1 1 1 1]
 [1 1 0 1 1 1 1 1 1 1]
 [1 0 1 1 1 1 0 1 1 0]
 [0 1 0 0 0 0 1 1 1 1]
 [1 1 1 1 1 0 1 0 0 1]
 [1 1 1 1 0 1 1 1 1 1]
 [0 1 1 0 0 1 0 0 1 1]
 [1 1 0 1 1 0 1 1 1 1]
 [1 1 0 1 1 0 1 0 1 0]
 [1 1 1 1 1 1 1 0 1 0]
 [1 0 1 1 0 1 1 1 0 1]
 [1 1 0 0 1 1 1 1 1 0]
 [1 1 1 1 0 0 0 1 1 0]
 [0 1 1 1 0 1 1 1 1 0]
 [0 1 1 1 1 0 0 1 1 1]
 [0 1 1 0 0 1 0 1 0 1]
 [1 1 0 1 1 1 0 0 1 0]
 [1 1 1 1 1 1 0 1 1 1]
 [1 1 1 1 0 0 0 1 1 1]
 [1 1 0 0 1 1 1 1 1 1]
 [0 0 1 1 0 0 1 0 1 1]
 [0 1 0 1 1 0 0 1 1 1]
 [1 0 1 1 1 1 1 1 0 1]
 [1 1 1 1 1 1 1 1 1 1]
 [0 0 1 1 1 1 1 1 1 1]
 [0 1 1 1 1 1 1 1 0 0]
 [1 1 1 1 1 1 0 0 1 1]
 [1 1 0 0 0 1 1 1 0 1]
 [1 0 1 0 1 0 1 1 0 1]
 [0 1 1 1 1 0 1 0 1 1]
 [1 0 1 1 0 0 1 1 1 0]
 [1 1 1 1 0 1 1 1 1 1]
 [0 1 0 1 1 1 1 1 1 1]
 [1 0 1 0 1 1 0 1 0 1]
 [0 1 1 1 1 1 1 1 0 0]
 [1 0 0 0 1 1 1 1 1 1]
 [1 1 0 1 1 1 1 1 1 1]
 [1 1 1 1 1 1 0 1 0 0]
 [0 1 1 0 1 1 0 1 0 1]
 [0 0 1 1 1 1 0 1 1 1]
 [1 0 1 0 1 0 0 1 0 1]
 [0 1 1 0 1 0 1 0 1 0]
 [1 0 1 0 0 0 1 0 1 1]
 [0 0 1 1 1 0 1 1 1 0]]
{'restarts': 39, 'conflicts': 16423, 'decisions': 26026, 'propagations': 15022621}
Q is identifiable
branch at 6
runtime for solving id of Q is 2.2663433952257037
Simulation results:
{'J': 100, 'K': 10, 'N': 10, 'p': 0.7, 'seed': 226, 'sim': 8, 'runtime': 2.2663433952257037, 'identifiable': 1, 'branch': 6}
9
Q: [[1 0 1 1 1 0 0 1 1 1]
 [1 1 1 0 0 1 1 0 1 1]
 [1 1 1 0 1 1 1 0 1 1]
 [1 1 1 1 1 0 1 1 0 1]
 [1 0 0 1 0 1 1 1 0 1]
 [0 0 1 1 0 1 0 1 1 0]
 [0 0 1 1 1 1 1 0 1 1]
 [0 1 0 1 1 1 1 1 1 1]
 [1 1 1 1 1 1 1 1 1 0]
 [1 0 1 1 1 1 1 1 1 1]
 [1 1 1 1 1 0 1 1 1 0]
 [1 1 1 0 0 1 1 1 0 1]
 [1 1 1 1 1 1 1 1 1 0]
 [1 1 0 1 1 1 1 1 0 1]
 [0 1 1 1 1 1 1 0 0 1]
 [0 1 1 1 0 1 1 1 0 1]
 [0 1 1 1 1 1 1 1 1 0]
 [1 0 1 1 0 1 1 1 1 0]
 [0 1 1 1 1 1 1 1 1 0]
 [0 1 0 1 1 1 1 1 1 1]
 [1 1 0 1 1 0 1 1 0 0]
 [1 1 1 0 0 1 1 1 1 1]
 [1 1 0 0 1 1 1 1 1 0]
 [1 1 1 1 0 1 1 1 0 1]
 [1 1 0 0 1 0 0 0 1 1]
 [1 0 1 1 1 1 0 0 1 1]
 [1 1 0 0 1 1 1 1 1 0]
 [0 1 0 1 1 1 1 1 1 1]
 [1 1 0 1 0 0 1 0 0 1]
 [0 1 1 1 0 1 1 0 0 0]
 [1 1 1 1 1 1 0 1 1 1]
 [1 1 1 1 0 1 1 1 0 1]
 [1 0 1 1 1 1 1 0 1 1]
 [1 1 1 0 1 0 1 1 1 1]
 [1 0 1 1 1 1 1 0 1 1]
 [1 0 0 1 1 1 0 1 0 1]
 [1 1 1 0 1 1 1 0 1 1]
 [1 1 1 0 0 1 0 1 1 1]
 [1 1 1 0 0 1 1 1 0 0]
 [1 0 0 0 1 0 1 0 1 1]
 [0 1 1 1 1 1 0 1 0 0]
 [0 1 1 1 0 0 1 0 1 1]
 [0 1 0 1 1 1 1 1 0 1]
 [1 1 1 1 0 0 0 0 1 1]
 [1 1 0 1 0 1 1 1 1 1]
 [1 1 1 1 1 1 1 1 1 1]
 [1 1 0 0 1 0 1 0 1 1]
 [1 1 1 1 1 1 1 0 1 1]
 [1 1 1 0 1 1 1 1 0 0]
 [1 1 0 0 1 1 1 1 1 1]
 [1 0 1 1 0 1 1 1 1 0]
 [1 0 1 1 1 1 0 1 1 0]
 [1 1 1 1 0 0 0 1 1 1]
 [0 1 1 0 1 0 1 1 1 0]
 [0 1 0 0 1 1 1 1 0 1]
 [0 1 1 1 1 1 1 1 1 1]
 [1 1 1 1 1 1 0 1 1 1]
 [1 1 1 0 1 0 1 1 1 1]
 [1 1 1 1 0 0 1 0 1 1]
 [0 0 0 0 1 0 1 1 1 1]
 [1 1 1 1 1 1 1 0 1 1]
 [1 1 0 1 1 1 1 1 0 1]
 [1 0 0 1 1 1 1 1 1 1]
 [0 1 1 1 1 1 0 0 0 1]
 [1 0 0 1 1 0 1 1 1 1]
 [0 1 1 1 0 1 1 1 0 0]
 [1 1 1 1 1 1 1 0 1 1]
 [1 1 1 1 1 0 0 1 1 1]
 [0 1 0 0 1 1 1 1 1 0]
 [1 0 1 0 0 1 1 1 1 1]
 [1 1 0 1 1 1 1 1 0 1]
 [0 0 1 1 1 1 0 0 1 1]
 [0 0 1 1 0 1 0 1 0 0]
 [1 1 1 1 1 0 1 1 1 1]
 [1 1 1 1 0 1 1 1 1 1]
 [0 1 1 0 1 0 1 0 0 0]
 [0 1 1 0 0 1 0 0 0 1]
 [0 1 1 1 1 1 0 1 0 1]
 [0 1 1 0 0 0 1 1 1 1]
 [0 1 0 1 0 1 1 1 1 1]
 [0 0 0 0 0 1 1 1 1 0]
 [1 1 1 0 1 0 1 1 1 0]
 [1 0 1 1 1 1 0 1 1 1]
 [1 0 1 0 1 1 1 1 1 0]
 [1 1 1 0 1 0 1 0 1 0]
 [0 1 1 0 1 1 0 1 1 0]
 [1 0 1 1 1 0 0 1 1 1]
 [1 1 1 1 1 0 1 1 0 1]
 [1 1 1 1 1 1 1 1 0 0]
 [1 1 0 1 1 1 0 1 0 1]
 [0 1 1 0 0 1 1 0 1 1]
 [1 1 1 1 0 1 1 1 0 0]
 [1 0 1 1 1 1 1 1 1 1]
 [1 1 1 1 1 1 1 1 1 1]
 [1 1 0 1 1 0 1 1 1 0]
 [1 1 0 1 0 1 0 1 1 1]
 [1 1 0 0 0 1 1 0 0 1]
 [0 1 1 1 1 1 1 0 1 1]
 [1 0 1 1 1 1 0 1 1 1]
 [1 1 1 0 1 1 0 1 1 1]]
{'restarts': 32, 'conflicts': 6330, 'decisions': 12906, 'propagations': 5302343}
Q is identifiable
branch at 6
runtime for solving id of Q is 0.7567293141037226
Simulation results:
{'J': 100, 'K': 10, 'N': 10, 'p': 0.7, 'seed': 226, 'sim': 9, 'runtime': 0.7567293141037226, 'identifiable': 1, 'branch': 6}
Simulation results:
[{'J': 100, 'K': 10, 'N': 10, 'p': 0.7, 'seed': 226, 'sim': 0, 'runtime': 0.37466045562177896, 'identifiable': 1, 'branch': 6}, {'J': 100, 'K': 10, 'N': 10, 'p': 0.7, 'seed': 226, 'sim': 1, 'runtime': 5.611484792083502, 'identifiable': 1, 'branch': 6}, {'J': 100, 'K': 10, 'N': 10, 'p': 0.7, 'seed': 226, 'sim': 2, 'runtime': 2.4003086937591434, 'identifiable': 1, 'branch': 6}, {'J': 100, 'K': 10, 'N': 10, 'p': 0.7, 'seed': 226, 'sim': 3, 'runtime': 4.203142276033759, 'identifiable': 1, 'branch': 6}, {'J': 100, 'K': 10, 'N': 10, 'p': 0.7, 'seed': 226, 'sim': 4, 'runtime': 0.9462637724354863, 'identifiable': 1, 'branch': 6}, {'J': 100, 'K': 10, 'N': 10, 'p': 0.7, 'seed': 226, 'sim': 5, 'runtime': 0.3054935811087489, 'identifiable': 1, 'branch': 6}, {'J': 100, 'K': 10, 'N': 10, 'p': 0.7, 'seed': 226, 'sim': 6, 'runtime': 0.28678594436496496, 'identifiable': 1, 'branch': 6}, {'J': 100, 'K': 10, 'N': 10, 'p': 0.7, 'seed': 226, 'sim': 7, 'runtime': 3.1257638074457645, 'identifiable': 1, 'branch': 6}, {'J': 100, 'K': 10, 'N': 10, 'p': 0.7, 'seed': 226, 'sim': 8, 'runtime': 2.2663433952257037, 'identifiable': 1, 'branch': 6}, {'J': 100, 'K': 10, 'N': 10, 'p': 0.7, 'seed': 226, 'sim': 9, 'runtime': 0.7567293141037226, 'identifiable': 1, 'branch': 6}]
