
The Gurobi software has a limited number of licenses. To request a license or
licenses, add this line

    #SBATCH --licenses=gurobi@slurmdb:1

to your SBATCH script, replacing N with the number of licenses you need. Gurobi
will need one license per process.


0
Q: [[1 1 1 1 1 1 1 1 1 1]
 [0 1 0 1 1 1 1 0 0 0]
 [0 0 1 1 1 1 1 1 0 1]
 [1 1 1 1 0 1 0 0 1 1]
 [1 0 1 1 1 0 1 1 1 0]
 [0 1 1 1 0 1 1 0 1 1]
 [1 0 0 1 1 0 1 1 1 1]
 [0 1 1 1 1 0 0 1 1 1]
 [1 1 0 0 1 1 1 1 1 0]
 [1 1 1 1 1 1 1 0 1 0]
 [1 1 0 1 1 1 1 1 1 0]
 [1 1 1 0 0 1 1 1 1 1]
 [1 1 0 1 0 1 1 1 1 1]
 [1 1 0 0 1 1 1 1 0 0]
 [1 1 0 1 1 1 0 1 1 0]
 [0 1 1 1 0 1 1 1 1 1]
 [0 1 0 1 1 0 1 1 1 1]
 [1 1 1 1 1 1 0 1 1 1]
 [0 1 1 1 1 1 1 1 1 1]
 [1 1 1 1 1 1 1 0 1 1]
 [1 1 1 1 1 1 0 1 1 1]
 [1 1 1 1 1 1 0 1 1 0]
 [1 1 0 0 1 1 1 1 1 1]
 [1 1 0 1 1 1 1 1 1 1]
 [1 1 0 1 1 1 1 0 1 1]
 [1 1 1 1 0 1 1 0 1 0]
 [1 1 0 0 1 1 1 1 1 1]
 [1 0 1 0 1 1 1 1 1 1]
 [1 1 0 1 0 1 0 1 1 0]
 [1 1 0 1 1 0 1 1 0 0]
 [1 1 1 1 1 0 0 1 1 1]
 [1 0 1 1 1 0 0 0 0 1]
 [1 1 1 1 1 0 1 1 1 1]
 [0 1 1 1 0 1 1 0 1 0]
 [1 0 1 0 0 0 1 1 1 1]
 [0 1 1 1 1 1 1 1 1 0]
 [1 1 1 1 1 1 1 1 1 1]
 [0 1 0 1 0 1 1 0 1 1]
 [1 1 0 1 1 0 1 1 1 0]
 [0 0 1 1 1 1 0 1 1 1]
 [1 0 1 1 1 1 0 0 1 0]
 [1 0 1 0 1 1 1 0 1 0]
 [1 0 1 0 1 0 1 1 1 1]
 [0 0 1 1 1 1 1 1 1 1]
 [1 1 1 1 1 1 1 1 0 1]
 [1 0 1 0 1 1 1 1 0 1]
 [0 1 0 1 1 1 1 1 0 1]
 [1 1 1 0 1 1 1 0 1 1]
 [1 1 1 1 0 1 0 1 0 1]
 [1 0 1 0 1 1 1 1 0 0]
 [0 1 1 1 1 1 1 0 1 1]
 [0 1 1 1 1 1 1 1 0 1]
 [1 1 0 1 1 1 1 1 1 0]
 [1 1 1 0 0 1 1 0 0 1]
 [1 1 0 1 1 1 1 1 1 0]
 [1 1 1 1 1 1 1 0 1 0]
 [1 1 1 0 1 1 1 1 0 0]
 [1 0 0 0 0 1 1 1 1 1]
 [1 1 1 0 0 0 1 1 1 1]
 [0 1 1 1 1 0 0 1 1 1]
 [0 1 0 1 1 1 0 1 1 1]
 [1 0 1 1 1 1 0 1 0 1]
 [1 1 0 0 1 1 1 1 1 1]
 [1 1 0 1 0 1 0 1 1 1]
 [1 1 1 1 0 0 1 1 0 1]
 [0 1 1 1 0 1 1 1 1 1]
 [1 0 1 0 1 0 1 1 0 0]
 [0 1 1 0 1 0 0 0 1 1]
 [1 0 1 0 1 0 1 1 1 1]
 [1 1 1 1 1 1 0 0 0 1]
 [1 1 1 1 1 1 1 1 1 1]
 [1 1 1 1 1 0 1 0 1 1]
 [1 1 0 1 1 1 0 1 0 1]
 [1 0 1 0 1 1 1 1 1 1]
 [1 1 0 1 0 1 1 1 1 1]
 [1 1 1 1 0 0 1 1 1 1]
 [0 1 1 0 0 0 1 1 0 1]
 [0 1 1 0 1 0 1 1 1 1]
 [1 0 0 0 0 1 1 0 1 1]
 [1 0 1 1 1 1 1 1 1 1]
 [1 1 1 1 1 0 1 0 1 1]
 [1 0 1 1 1 1 0 1 1 1]
 [1 1 0 0 1 0 1 0 0 1]
 [1 1 1 1 0 1 1 1 1 1]
 [0 0 0 0 0 1 0 1 1 1]
 [1 0 1 0 0 0 1 1 1 1]
 [1 1 0 1 1 1 1 1 1 1]
 [1 1 1 1 1 0 1 1 0 1]
 [1 1 0 0 0 1 1 1 1 0]
 [0 1 1 1 0 1 1 1 1 1]
 [1 1 1 0 1 0 1 1 0 1]
 [1 1 0 1 1 1 1 1 1 0]
 [0 1 1 1 1 0 1 0 1 1]
 [0 1 1 1 1 1 1 0 1 1]
 [1 0 1 1 1 0 1 1 0 0]
 [1 0 1 1 1 0 0 1 1 1]
 [0 1 1 1 1 1 1 1 1 1]
 [1 0 0 0 0 1 1 0 0 0]
 [1 0 1 0 0 1 1 1 1 1]
 [1 1 1 1 1 0 1 1 0 1]]
{'restarts': 102, 'conflicts': 58896, 'decisions': 85245, 'propagations': 40272745}
Q is identifiable
branch at 6
runtime for solving id of Q is 6.428064205683768
Simulation results:
{'J': 100, 'K': 10, 'N': 10, 'p': 0.7, 'seed': 391, 'sim': 0, 'runtime': 6.428064205683768, 'identifiable': 1, 'branch': 6}
1
Q: [[1 1 1 1 0 1 1 1 1 0]
 [1 1 1 1 0 0 0 1 0 1]
 [0 1 1 0 1 0 1 1 1 1]
 [0 0 1 1 1 1 0 0 0 1]
 [0 1 1 1 1 1 0 1 1 1]
 [1 1 1 1 1 0 1 1 1 1]
 [0 0 0 0 1 1 1 1 1 0]
 [0 1 1 1 0 1 1 1 1 0]
 [1 1 0 1 1 1 1 1 1 0]
 [1 1 0 0 1 1 0 0 0 1]
 [1 1 1 1 1 1 1 0 1 1]
 [1 1 1 1 1 0 1 0 1 0]
 [1 1 0 1 1 0 0 1 1 1]
 [1 1 0 0 1 0 0 1 1 1]
 [1 0 0 1 1 0 1 1 1 1]
 [1 1 1 1 1 1 1 1 1 1]
 [1 1 1 1 1 1 1 1 1 1]
 [1 1 0 1 0 1 1 1 0 1]
 [0 1 1 1 1 1 0 1 1 1]
 [0 0 1 1 1 0 1 0 1 1]
 [1 1 1 1 1 1 1 0 1 0]
 [1 1 1 1 0 1 1 0 1 1]
 [1 1 0 1 1 1 0 1 1 0]
 [1 0 0 1 1 1 1 0 1 1]
 [1 0 1 1 0 1 1 1 1 1]
 [1 1 1 0 0 0 1 0 0 0]
 [1 0 1 1 1 0 1 0 1 1]
 [0 1 1 1 0 0 1 0 0 1]
 [1 1 0 1 1 1 0 1 1 0]
 [1 1 0 1 1 1 1 1 1 1]
 [1 1 0 1 0 1 0 1 1 0]
 [1 1 1 1 1 1 1 0 1 1]
 [1 1 1 1 1 0 1 1 1 0]
 [1 1 1 1 1 1 0 1 1 0]
 [1 0 0 0 0 1 1 1 1 1]
 [1 0 0 0 1 1 0 1 1 1]
 [1 1 1 1 1 0 1 0 0 0]
 [1 1 1 1 1 0 1 0 0 1]
 [1 1 0 1 1 0 1 1 1 1]
 [1 0 0 1 1 0 0 1 1 0]
 [1 1 0 1 1 0 1 1 1 1]
 [0 1 1 1 0 0 0 1 1 0]
 [0 1 0 0 1 1 1 0 1 1]
 [1 1 1 1 0 1 1 1 0 0]
 [1 0 0 0 0 1 1 1 0 1]
 [1 1 0 1 0 1 1 0 0 1]
 [1 0 0 0 1 1 0 1 1 1]
 [0 1 1 0 1 1 1 0 1 1]
 [1 1 1 0 1 1 0 1 1 1]
 [0 0 1 1 1 1 1 1 1 0]
 [0 1 0 1 0 1 1 1 1 1]
 [1 1 1 1 1 0 1 1 1 1]
 [1 1 1 1 1 0 1 1 0 0]
 [1 0 1 1 1 1 1 1 1 1]
 [0 1 0 0 0 0 1 1 1 0]
 [0 0 1 1 1 1 1 0 1 1]
 [0 1 0 1 1 1 1 0 0 1]
 [1 0 1 1 1 1 0 1 0 1]
 [1 1 1 1 1 1 1 0 1 1]
 [1 0 0 1 1 1 0 0 0 0]
 [1 1 1 1 1 1 1 0 0 1]
 [1 1 0 0 0 1 0 1 1 1]
 [0 1 1 1 0 1 0 0 1 1]
 [1 1 1 0 0 0 1 1 1 1]
 [0 1 0 0 1 0 0 0 0 0]
 [0 0 1 1 0 0 1 1 0 1]
 [1 1 0 1 1 1 1 1 1 0]
 [1 1 0 0 1 1 1 0 1 1]
 [1 1 1 1 1 0 1 1 0 0]
 [1 1 1 1 1 1 1 0 1 0]
 [0 0 1 1 1 1 0 0 1 0]
 [0 1 1 1 1 1 1 1 0 1]
 [1 1 0 1 1 0 1 1 0 0]
 [1 1 0 1 1 0 0 0 0 1]
 [0 1 1 1 1 1 1 1 0 1]
 [0 1 1 0 1 1 1 1 0 1]
 [1 1 1 1 1 1 1 0 1 1]
 [1 1 1 1 1 0 1 1 0 1]
 [1 0 1 1 1 0 1 1 1 1]
 [0 1 1 0 1 0 1 1 0 1]
 [1 0 1 1 1 1 0 1 0 0]
 [1 1 0 1 1 1 0 1 1 1]
 [0 1 0 1 1 0 1 1 1 1]
 [1 0 1 0 1 0 0 1 1 1]
 [0 1 0 1 1 0 1 1 1 1]
 [0 0 1 0 0 1 1 1 1 1]
 [1 1 1 1 0 1 1 1 1 1]
 [1 1 1 1 0 0 0 1 0 0]
 [1 1 1 1 0 1 1 0 1 1]
 [1 0 1 0 1 0 1 1 0 0]
 [1 1 0 1 0 1 1 0 1 1]
 [1 1 0 1 1 1 1 1 0 1]
 [0 1 0 1 1 0 1 0 1 0]
 [1 1 1 1 1 1 1 1 1 1]
 [1 1 1 1 1 1 1 0 1 1]
 [1 1 1 1 0 1 0 1 1 1]
 [1 1 1 1 1 1 0 1 0 1]
 [1 0 1 1 1 0 0 1 1 0]
 [0 0 1 1 1 0 1 1 1 1]
 [1 1 1 1 1 1 1 1 0 0]]
{'restarts': 36, 'conflicts': 16865, 'decisions': 28491, 'propagations': 18666417}
Q is identifiable
branch at 6
runtime for solving id of Q is 2.353908703662455
Simulation results:
{'J': 100, 'K': 10, 'N': 10, 'p': 0.7, 'seed': 391, 'sim': 1, 'runtime': 2.353908703662455, 'identifiable': 1, 'branch': 6}
2
Q: [[1 1 1 0 1 1 0 1 1 1]
 [1 1 1 1 0 1 1 0 1 1]
 [1 1 1 1 1 0 0 1 0 0]
 [1 0 1 0 0 1 0 1 1 1]
 [0 1 0 1 1 1 1 1 0 1]
 [1 1 1 1 0 1 0 0 0 1]
 [0 1 0 0 1 1 0 1 1 1]
 [1 0 1 0 0 1 1 0 1 1]
 [1 1 1 1 1 1 1 0 1 1]
 [1 1 0 1 1 1 0 1 1 1]
 [1 1 1 0 1 1 0 1 0 1]
 [1 1 1 1 1 1 1 1 1 0]
 [1 1 1 1 1 0 1 1 0 0]
 [1 1 0 1 1 1 1 1 1 0]
 [1 1 1 1 0 0 0 1 1 1]
 [0 1 1 1 0 1 1 1 1 0]
 [0 1 1 0 1 1 0 0 1 1]
 [1 1 0 1 0 1 1 1 0 1]
 [1 1 1 1 1 1 1 1 0 1]
 [1 0 1 1 1 1 1 1 1 1]
 [1 1 1 0 1 0 1 1 1 0]
 [1 1 1 0 1 0 1 1 1 1]
 [0 0 1 0 0 1 1 1 1 1]
 [1 1 1 1 0 1 1 1 1 1]
 [1 1 1 1 1 1 0 0 1 0]
 [0 1 1 1 1 1 0 1 0 1]
 [1 0 1 1 1 0 1 1 0 1]
 [0 0 1 0 1 0 1 1 1 0]
 [1 1 0 0 1 0 1 1 1 1]
 [1 1 1 1 0 1 0 0 1 1]
 [0 1 1 1 1 0 1 0 1 1]
 [1 1 1 1 1 1 0 0 0 0]
 [1 1 1 1 0 1 1 0 1 1]
 [1 1 1 0 0 0 0 1 0 1]
 [1 1 1 1 1 1 1 0 0 1]
 [1 1 0 1 1 1 1 1 1 1]
 [1 0 0 1 0 1 1 1 1 1]
 [0 1 1 1 1 1 1 1 1 1]
 [1 1 1 1 1 0 0 1 1 1]
 [1 1 1 1 1 0 1 1 0 0]
 [1 1 0 1 1 1 1 1 1 1]
 [1 1 0 1 0 1 1 1 1 0]
 [0 0 1 0 0 1 1 1 1 1]
 [1 0 0 0 0 1 1 1 1 0]
 [1 0 0 0 0 1 1 1 1 1]
 [0 0 1 0 1 0 1 1 1 0]
 [0 1 1 0 1 1 1 1 1 0]
 [1 0 1 1 1 1 1 1 1 1]
 [1 1 0 1 1 0 1 1 1 0]
 [1 0 1 1 1 1 1 1 1 1]
 [1 1 1 1 1 0 0 1 0 1]
 [0 0 1 1 1 0 1 1 0 0]
 [1 1 1 1 1 0 0 1 0 1]
 [1 1 1 1 0 1 0 1 1 1]
 [1 1 0 1 1 1 0 1 1 1]
 [1 1 1 1 1 1 0 1 1 1]
 [1 1 1 0 1 1 1 1 0 0]
 [1 1 1 1 1 1 1 0 1 1]
 [1 1 1 1 1 1 1 1 1 1]
 [1 0 0 1 0 0 1 1 1 0]
 [1 1 1 1 1 1 1 0 1 0]
 [1 1 1 0 1 0 1 0 0 0]
 [1 0 0 1 1 1 0 1 1 1]
 [1 1 1 0 1 1 0 0 0 0]
 [1 1 1 1 0 1 0 0 1 1]
 [1 0 1 0 1 1 0 0 0 0]
 [1 1 1 1 0 1 1 1 1 1]
 [1 1 1 0 1 1 1 1 1 1]
 [0 0 1 1 1 0 0 1 1 1]
 [0 1 1 0 1 0 1 0 1 1]
 [1 1 1 1 1 0 1 1 1 1]
 [1 0 0 0 0 1 0 0 0 1]
 [1 1 1 1 0 1 1 1 1 0]
 [1 0 1 1 1 1 1 1 0 0]
 [0 1 1 1 0 1 1 0 1 1]
 [0 0 1 1 1 0 0 1 1 1]
 [1 1 1 0 0 1 1 1 1 1]
 [0 1 0 1 0 1 0 1 1 1]
 [0 0 1 0 1 0 0 1 1 1]
 [0 0 1 0 1 1 0 1 1 0]
 [1 1 0 1 1 1 0 0 0 0]
 [1 1 1 1 1 1 1 0 0 1]
 [1 1 1 1 1 0 1 0 1 0]
 [1 1 1 0 1 1 1 1 1 1]
 [1 1 0 1 1 1 1 1 0 1]
 [1 1 1 1 0 1 1 0 1 1]
 [1 1 1 0 1 0 1 1 0 1]
 [1 1 1 0 0 0 1 1 1 1]
 [0 1 1 1 1 1 1 0 1 0]
 [1 1 1 1 0 1 1 1 0 0]
 [1 1 0 1 1 0 1 1 1 1]
 [0 0 1 1 1 0 0 1 1 1]
 [0 1 0 0 0 1 1 1 0 0]
 [1 0 1 1 1 1 1 0 1 1]
 [1 1 1 1 1 0 1 0 1 1]
 [0 0 1 0 1 1 1 0 1 1]
 [1 1 1 1 0 1 1 1 1 0]
 [1 0 1 1 1 1 1 1 1 1]
 [0 1 1 0 1 0 1 0 1 1]
 [1 1 1 1 1 1 0 0 1 0]]
{'restarts': 44, 'conflicts': 13966, 'decisions': 25493, 'propagations': 12199087}
Q is identifiable
branch at 6
runtime for solving id of Q is 1.629242124967277
Simulation results:
{'J': 100, 'K': 10, 'N': 10, 'p': 0.7, 'seed': 391, 'sim': 2, 'runtime': 1.629242124967277, 'identifiable': 1, 'branch': 6}
3
Q: [[1 1 0 1 1 1 0 0 1 1]
 [1 1 1 0 0 1 0 0 1 1]
 [1 0 0 0 1 1 0 1 0 1]
 [1 1 1 1 1 1 1 0 1 1]
 [1 1 0 0 1 1 1 1 1 1]
 [1 0 1 1 0 1 1 1 1 1]
 [1 0 1 1 1 0 0 1 1 1]
 [1 0 1 1 1 1 0 1 1 1]
 [1 0 1 0 0 1 1 1 1 0]
 [1 1 1 1 0 0 1 1 1 1]
 [1 1 0 0 0 0 1 1 1 1]
 [1 1 1 1 0 0 1 1 0 1]
 [1 1 1 1 0 1 1 1 1 1]
 [1 1 0 1 0 1 1 0 1 0]
 [1 1 0 1 0 1 1 0 1 1]
 [1 1 0 0 0 1 1 1 0 1]
 [1 0 1 1 1 1 1 1 1 1]
 [1 0 1 1 1 1 1 1 1 1]
 [1 0 0 1 0 1 0 1 1 1]
 [0 0 1 1 1 1 1 1 0 0]
 [1 1 1 1 0 1 0 1 1 1]
 [0 1 0 1 0 0 0 1 0 1]
 [1 1 0 1 1 1 0 0 1 1]
 [1 0 1 1 1 1 1 0 1 1]
 [0 1 1 1 0 1 0 0 0 1]
 [1 1 1 1 0 1 1 0 1 0]
 [1 1 0 1 1 1 1 1 0 1]
 [1 1 1 0 1 0 0 1 1 1]
 [1 1 0 1 1 0 1 1 0 0]
 [1 1 1 1 1 0 1 1 1 1]
 [1 1 1 0 0 1 1 1 1 1]
 [1 1 1 0 1 1 1 1 0 0]
 [1 1 0 0 1 1 0 1 1 1]
 [1 0 0 1 0 1 0 0 0 0]
 [1 1 1 0 1 1 1 1 1 1]
 [1 0 1 0 1 1 1 0 0 1]
 [0 1 1 1 0 0 1 1 1 1]
 [1 1 1 0 1 0 1 1 1 0]
 [1 0 1 1 1 0 1 1 1 1]
 [1 1 1 0 0 1 1 1 1 1]
 [0 1 0 1 1 1 0 1 1 1]
 [1 0 1 1 1 0 1 1 0 1]
 [1 1 1 0 0 1 1 0 1 0]
 [1 1 1 1 1 0 1 0 1 0]
 [0 1 0 1 1 0 0 0 1 0]
 [1 0 1 1 0 1 0 1 1 1]
 [1 1 1 1 0 1 1 1 1 1]
 [1 1 1 1 0 1 1 1 1 0]
 [1 1 1 1 1 0 0 1 0 0]
 [1 1 0 1 0 1 1 1 1 0]
 [1 0 0 1 1 1 0 0 1 0]
 [1 1 0 1 1 1 1 1 1 1]
 [1 0 1 1 1 1 1 0 1 1]
 [1 1 1 1 1 0 1 1 0 0]
 [1 1 1 0 1 1 0 1 1 1]
 [1 1 0 0 1 1 1 1 0 1]
 [0 1 0 1 0 0 1 1 0 1]
 [1 1 0 1 1 1 1 1 0 0]
 [1 0 1 1 1 0 1 1 0 1]
 [1 1 0 1 1 0 0 0 1 1]
 [1 0 0 1 1 1 1 1 1 1]
 [0 0 1 1 0 1 1 1 1 1]
 [1 1 0 1 1 0 0 1 1 0]
 [1 1 0 1 1 0 1 1 1 1]
 [0 1 1 1 1 1 1 1 0 1]
 [1 1 1 1 1 1 0 0 1 1]
 [1 1 1 1 1 0 0 1 0 0]
 [1 0 1 1 1 0 1 1 0 1]
 [1 1 1 1 0 0 1 1 0 1]
 [1 1 1 1 0 0 1 1 0 1]
 [1 1 0 1 1 1 1 1 1 1]
 [1 0 1 1 1 1 0 1 1 1]
 [0 1 1 1 1 1 1 1 1 1]
 [0 1 1 1 0 1 0 1 1 1]
 [1 1 1 1 0 1 1 1 1 1]
 [1 0 0 0 1 1 1 1 1 1]
 [1 1 1 1 1 1 1 1 1 1]
 [1 1 0 0 1 1 1 0 1 1]
 [1 1 0 1 1 0 1 1 0 0]
 [1 0 1 1 1 0 1 1 1 0]
 [0 1 1 0 1 1 1 0 0 1]
 [1 1 0 1 0 0 1 1 1 1]
 [1 0 1 1 1 0 0 0 1 1]
 [1 0 1 1 1 0 1 1 0 0]
 [1 1 1 1 0 1 1 0 1 0]
 [0 1 1 1 1 1 1 0 1 0]
 [0 0 1 1 1 1 0 1 1 0]
 [0 1 0 1 1 0 1 1 1 0]
 [1 1 1 1 1 0 1 1 1 1]
 [1 1 1 1 1 0 1 1 1 1]
 [1 1 1 0 1 0 1 0 0 0]
 [1 1 1 1 1 1 1 1 0 1]
 [1 1 1 0 1 0 0 1 1 1]
 [1 0 1 1 1 1 0 1 1 1]
 [1 0 1 1 0 0 1 1 0 1]
 [1 1 1 1 1 1 1 1 1 1]
 [0 0 1 0 0 0 1 1 1 0]
 [0 1 0 0 1 1 0 1 0 1]
 [1 1 1 1 1 1 0 1 0 1]
 [0 1 1 1 0 1 1 0 1 1]]
{'restarts': 49, 'conflicts': 23389, 'decisions': 35810, 'propagations': 18801523}
Q is identifiable
branch at 6
runtime for solving id of Q is 2.488386495038867
Simulation results:
{'J': 100, 'K': 10, 'N': 10, 'p': 0.7, 'seed': 391, 'sim': 3, 'runtime': 2.488386495038867, 'identifiable': 1, 'branch': 6}
4
Q: [[0 0 0 0 0 0 0 0 0 1]
 [1 1 1 1 1 0 1 1 0 1]
 [1 0 1 1 0 0 1 1 1 0]
 [1 1 1 1 1 1 1 0 0 1]
 [1 1 1 1 1 0 0 0 1 1]
 [1 0 0 1 1 1 1 1 0 1]
 [1 1 1 1 1 0 1 1 0 0]
 [1 0 1 1 1 1 0 1 1 1]
 [1 0 0 1 1 1 0 1 1 1]
 [0 1 1 1 1 0 0 0 1 1]
 [1 1 1 1 1 0 1 1 1 1]
 [1 1 1 1 0 0 1 1 0 1]
 [1 1 1 1 0 1 1 1 1 1]
 [1 1 1 1 1 1 1 1 1 0]
 [1 0 0 1 1 0 0 1 1 1]
 [1 1 0 1 1 1 1 1 1 1]
 [1 1 1 1 0 1 1 1 1 0]
 [1 0 1 1 0 0 0 0 0 1]
 [1 1 1 1 1 1 1 0 1 0]
 [1 1 0 1 1 0 0 1 1 1]
 [1 1 0 0 1 1 0 1 1 0]
 [1 0 0 0 1 1 1 0 1 0]
 [1 1 1 1 1 1 0 1 1 1]
 [1 1 1 0 1 1 0 1 0 1]
 [1 1 1 1 0 1 1 0 1 1]
 [1 0 1 1 0 1 1 1 1 1]
 [1 1 1 0 1 1 1 0 0 0]
 [1 1 0 1 1 0 1 1 1 1]
 [0 1 0 1 0 1 0 0 0 0]
 [1 1 1 1 0 0 1 1 0 1]
 [0 1 1 1 0 0 1 1 1 0]
 [1 0 1 0 0 1 1 1 1 1]
 [0 1 1 1 1 0 1 1 1 1]
 [0 1 1 1 1 1 1 1 1 1]
 [1 1 1 1 1 1 1 1 0 0]
 [1 0 1 0 1 0 0 1 1 1]
 [1 1 0 1 0 1 0 1 1 1]
 [1 1 1 1 1 1 1 0 1 1]
 [1 0 1 1 0 0 1 0 1 1]
 [1 0 1 1 0 0 1 1 1 1]
 [0 1 1 1 1 0 1 1 1 1]
 [0 1 1 1 0 1 1 1 0 1]
 [1 1 1 1 1 1 1 1 1 0]
 [0 0 1 1 1 1 1 1 0 1]
 [1 0 1 1 1 1 0 1 0 1]
 [0 1 0 1 1 1 1 0 0 1]
 [1 1 0 1 1 1 0 1 1 0]
 [1 1 1 1 0 0 1 1 1 0]
 [1 1 1 0 0 1 0 1 0 0]
 [1 0 0 1 0 1 0 0 0 1]
 [1 1 1 1 1 0 1 1 1 1]
 [0 1 1 1 1 1 0 0 1 1]
 [0 1 1 0 1 1 1 0 1 1]
 [1 1 0 0 1 0 1 0 1 0]
 [0 0 1 0 1 1 0 0 0 1]
 [1 0 1 1 1 0 1 0 1 0]
 [0 0 1 1 1 0 1 0 0 0]
 [0 1 1 1 0 1 1 0 1 0]
 [1 1 1 1 0 1 1 1 1 1]
 [0 0 1 1 0 1 1 1 1 1]
 [1 1 1 1 0 1 0 1 1 1]
 [1 1 0 0 1 1 1 1 1 0]
 [1 1 1 0 0 1 0 0 0 1]
 [0 1 0 0 0 1 1 0 1 1]
 [1 1 1 0 1 1 0 0 1 1]
 [1 1 1 1 1 1 0 1 0 1]
 [1 1 1 1 0 1 0 1 1 1]
 [0 1 1 0 1 1 1 0 1 1]
 [0 1 1 0 1 1 0 1 0 1]
 [1 1 1 0 1 1 0 1 1 0]
 [1 0 1 0 1 1 1 0 1 1]
 [1 1 0 1 0 1 0 1 1 1]
 [1 1 1 1 1 1 1 1 1 0]
 [1 0 0 1 0 1 1 1 1 1]
 [1 1 1 1 1 1 1 0 1 0]
 [1 1 1 0 1 1 1 1 1 1]
 [0 0 1 1 1 1 0 0 1 0]
 [1 1 0 1 1 1 1 0 1 1]
 [1 0 1 1 0 0 1 1 1 1]
 [0 1 0 0 1 1 1 0 1 0]
 [1 1 1 1 1 0 1 0 1 1]
 [1 1 1 1 0 1 1 1 1 1]
 [1 1 1 1 1 1 1 1 0 1]
 [1 1 0 0 1 1 0 1 1 0]
 [1 1 1 1 1 1 1 1 1 0]
 [1 0 1 1 1 1 1 1 0 1]
 [1 0 0 1 0 1 1 1 0 0]
 [1 1 0 1 1 1 1 1 1 1]
 [1 1 0 0 1 1 1 1 0 0]
 [1 1 1 1 0 1 1 0 1 1]
 [1 1 1 0 1 1 1 1 1 1]
 [0 0 1 1 1 1 1 1 0 1]
 [1 0 1 1 1 0 1 1 1 0]
 [1 0 1 0 0 1 0 1 1 0]
 [1 1 1 1 0 0 1 1 1 1]
 [1 1 1 1 1 0 1 1 1 1]
 [1 0 1 1 1 1 1 1 0 1]
 [1 1 0 1 0 1 1 1 1 0]
 [1 1 1 1 0 1 1 1 1 1]
 [1 1 1 1 1 1 1 1 1 1]]
{'restarts': 3, 'conflicts': 2212, 'decisions': 4082, 'propagations': 1789297}
Q is identifiable
branch at 6
runtime for solving id of Q is 0.3923615962266922
Simulation results:
{'J': 100, 'K': 10, 'N': 10, 'p': 0.7, 'seed': 391, 'sim': 4, 'runtime': 0.3923615962266922, 'identifiable': 1, 'branch': 6}
5
Q: [[0 1 0 0 0 1 1 1 1 0]
 [1 1 1 1 0 0 0 1 1 1]
 [1 1 1 0 1 1 0 1 1 1]
 [1 1 1 1 1 1 1 1 1 0]
 [1 1 1 1 1 0 0 1 1 0]
 [1 1 1 0 0 1 1 1 1 1]
 [1 0 0 1 0 1 1 0 1 1]
 [1 1 1 0 1 0 0 1 1 1]
 [1 1 1 1 0 0 0 1 1 1]
 [1 1 1 1 1 0 1 0 1 1]
 [1 1 0 0 1 1 1 0 1 1]
 [1 1 1 1 1 1 1 0 1 1]
 [0 1 1 1 0 1 1 1 1 0]
 [1 0 1 0 1 1 1 0 1 1]
 [1 1 0 1 1 1 1 1 1 0]
 [0 1 1 1 1 1 1 1 1 0]
 [0 0 1 1 1 1 1 1 0 1]
 [1 1 1 1 1 1 1 1 0 1]
 [1 1 0 0 0 1 1 0 0 1]
 [0 0 1 1 1 0 1 1 1 1]
 [0 1 1 0 1 0 1 1 1 0]
 [0 1 1 1 0 1 1 1 1 1]
 [1 1 0 1 1 0 1 1 1 1]
 [0 0 0 0 0 1 0 1 0 1]
 [1 1 0 1 0 1 1 1 1 0]
 [1 1 0 1 1 1 1 1 0 1]
 [1 0 1 1 1 0 1 1 1 1]
 [0 0 1 1 1 0 1 1 0 1]
 [0 0 1 1 1 1 0 0 0 1]
 [1 1 0 1 1 0 1 0 1 0]
 [0 1 1 0 1 1 1 1 1 1]
 [0 0 1 0 1 1 1 1 0 0]
 [1 1 1 1 0 1 1 0 1 1]
 [1 1 0 1 0 1 1 1 1 1]
 [1 1 0 1 0 1 1 1 0 0]
 [1 0 1 0 1 1 1 0 1 1]
 [1 0 1 1 0 1 1 1 1 1]
 [1 0 0 1 1 1 1 1 1 1]
 [1 0 1 1 1 1 0 1 1 0]
 [1 0 1 1 1 1 1 1 1 1]
 [1 1 0 0 0 1 0 1 0 0]
 [0 0 1 1 1 1 1 1 1 1]
 [1 0 1 1 1 1 0 1 1 1]
 [1 1 1 1 0 1 1 1 1 1]
 [0 1 1 1 1 1 1 1 1 0]
 [1 1 1 1 1 0 0 1 1 1]
 [0 1 1 1 1 0 0 0 1 1]
 [1 0 1 1 1 1 0 1 1 1]
 [0 1 1 1 1 1 1 0 1 0]
 [1 1 1 1 0 1 1 0 0 0]
 [1 1 1 1 1 0 1 1 1 1]
 [1 1 1 0 0 0 0 1 1 0]
 [0 1 1 1 1 0 1 0 1 0]
 [1 0 1 1 1 1 1 1 1 1]
 [1 0 0 1 0 1 1 1 1 0]
 [0 1 1 1 0 0 1 1 1 1]
 [1 0 1 1 1 1 1 0 1 1]
 [0 1 1 0 1 1 1 1 1 1]
 [1 1 1 1 1 1 1 1 1 1]
 [1 1 1 1 1 1 1 1 1 1]
 [1 1 1 0 1 1 0 0 0 0]
 [0 1 1 1 1 1 1 1 0 1]
 [1 1 1 1 1 0 1 1 1 1]
 [1 1 1 0 0 1 1 1 1 1]
 [1 1 0 1 1 1 1 1 0 1]
 [0 1 1 1 1 1 1 1 1 1]
 [1 0 1 1 1 1 1 1 1 1]
 [1 1 1 1 1 1 1 1 1 1]
 [1 1 0 1 1 1 1 1 0 1]
 [1 1 1 1 1 1 0 1 0 0]
 [1 0 1 1 1 1 1 1 1 0]
 [0 1 0 0 0 1 0 1 1 1]
 [0 1 1 1 0 1 1 0 1 1]
 [1 1 1 0 1 1 1 0 1 1]
 [0 1 1 1 0 0 0 0 0 1]
 [1 1 0 0 0 0 1 1 1 0]
 [0 1 0 1 0 0 1 1 0 1]
 [1 1 0 1 1 1 1 1 1 1]
 [0 1 1 0 1 1 1 1 1 1]
 [1 1 1 1 1 1 0 1 1 1]
 [1 1 1 0 1 1 1 1 1 0]
 [1 1 0 1 0 1 1 1 1 1]
 [1 0 1 0 1 1 0 1 1 1]
 [0 1 1 1 1 1 1 0 1 0]
 [1 1 1 1 0 1 1 0 1 1]
 [0 1 0 0 1 1 1 0 1 0]
 [1 1 0 1 0 0 1 0 0 1]
 [1 0 0 0 0 0 1 0 1 1]
 [1 0 0 1 1 1 0 1 0 1]
 [1 1 0 1 1 1 1 0 1 1]
 [0 0 1 1 1 1 1 1 1 1]
 [1 1 0 1 0 1 1 1 1 1]
 [1 1 0 1 1 0 1 0 1 0]
 [1 0 0 0 1 1 1 1 0 1]
 [0 1 1 0 0 0 1 1 0 1]
 [1 1 1 1 1 1 0 1 0 1]
 [1 1 1 1 0 1 0 0 0 0]
 [1 0 0 1 0 1 0 1 1 0]
 [1 0 0 1 1 1 1 1 0 1]
 [1 1 0 0 1 1 0 1 1 0]]
{'restarts': 11, 'conflicts': 6501, 'decisions': 12215, 'propagations': 5171968}
Q is identifiable
branch at 6
runtime for solving id of Q is 0.7400804068893194
Simulation results:
{'J': 100, 'K': 10, 'N': 10, 'p': 0.7, 'seed': 391, 'sim': 5, 'runtime': 0.7400804068893194, 'identifiable': 1, 'branch': 6}
6
Q: [[1 0 1 1 1 1 1 1 1 1]
 [1 1 1 1 1 1 1 1 0 1]
 [1 1 1 0 1 1 1 1 1 1]
 [0 1 0 1 1 1 1 1 1 1]
 [0 1 1 0 1 0 1 1 1 0]
 [0 0 0 1 0 1 1 1 1 0]
 [0 0 1 0 1 0 1 1 1 0]
 [1 1 1 0 1 0 1 0 1 1]
 [1 0 0 1 1 1 1 1 1 1]
 [1 0 1 1 1 1 1 0 1 1]
 [0 1 1 0 1 1 1 1 1 1]
 [1 1 1 1 0 1 1 0 1 1]
 [1 1 1 1 0 1 0 1 1 0]
 [1 1 1 1 1 0 1 1 0 1]
 [0 1 0 0 1 1 0 1 0 0]
 [1 1 0 1 1 1 1 1 0 1]
 [0 1 1 1 0 1 1 1 1 0]
 [1 1 0 1 0 1 0 0 1 0]
 [0 0 1 1 0 1 1 1 1 1]
 [0 1 1 1 1 1 0 0 0 0]
 [1 0 1 1 1 1 1 1 1 0]
 [0 1 0 1 0 0 1 1 1 1]
 [1 1 1 0 0 1 1 1 1 1]
 [1 1 0 1 1 1 0 1 0 1]
 [1 1 1 0 0 0 1 1 1 1]
 [1 1 1 1 1 0 1 1 1 0]
 [0 1 1 1 0 1 1 1 1 1]
 [0 0 1 1 1 0 1 0 1 1]
 [1 1 1 0 0 0 1 1 1 1]
 [1 1 1 0 0 1 1 1 1 1]
 [1 0 1 1 0 1 1 1 1 1]
 [1 1 1 1 1 0 0 0 0 0]
 [1 1 0 1 1 1 1 1 1 1]
 [1 1 1 1 1 1 1 1 0 1]
 [1 0 1 1 1 1 1 1 0 1]
 [1 1 1 0 1 1 1 1 0 0]
 [0 1 1 1 1 0 1 1 1 1]
 [0 1 1 1 1 0 0 0 1 0]
 [1 0 1 1 1 1 1 1 0 1]
 [1 1 1 1 1 0 1 0 1 1]
 [1 1 1 1 1 0 0 0 1 0]
 [1 0 1 1 1 1 1 1 1 1]
 [1 1 1 1 1 1 0 1 1 1]
 [1 1 1 1 1 1 1 1 1 1]
 [1 1 1 0 1 1 0 1 1 1]
 [1 1 1 1 1 0 1 1 0 1]
 [1 0 1 1 0 1 1 1 0 1]
 [1 1 0 0 1 1 1 1 1 1]
 [0 1 1 0 1 1 1 1 0 1]
 [1 1 1 1 1 1 1 0 1 1]
 [0 1 1 0 1 1 1 1 0 1]
 [1 0 1 1 0 1 0 0 1 0]
 [1 1 1 1 1 1 1 1 1 1]
 [1 1 1 0 0 1 1 0 1 0]
 [1 0 0 0 0 1 1 1 1 1]
 [0 1 1 1 1 1 1 1 1 1]
 [1 1 0 1 0 1 1 1 0 1]
 [1 1 0 1 1 0 1 1 1 1]
 [1 1 0 0 1 1 1 1 0 1]
 [1 1 1 0 1 0 1 1 1 1]
 [1 0 0 1 1 1 1 1 0 1]
 [1 0 0 0 1 1 1 1 1 0]
 [0 1 0 1 1 1 1 1 1 1]
 [1 1 1 1 1 0 1 0 1 1]
 [1 1 0 1 1 0 1 1 0 1]
 [0 1 1 1 1 1 1 1 1 1]
 [1 0 1 1 1 1 0 0 1 1]
 [1 0 1 1 0 1 1 1 0 0]
 [1 1 1 1 1 1 1 0 1 1]
 [1 1 0 1 0 1 0 0 1 1]
 [1 1 1 1 1 1 1 0 0 1]
 [0 1 0 1 1 1 1 1 1 1]
 [1 1 1 0 1 1 1 0 1 0]
 [0 1 1 0 0 1 1 1 0 0]
 [0 1 1 1 1 1 1 1 1 1]
 [1 1 0 1 1 0 1 1 1 0]
 [0 1 0 1 1 1 0 1 1 1]
 [1 1 0 1 1 1 0 1 1 1]
 [1 1 1 1 1 1 1 0 0 1]
 [1 0 1 1 1 0 1 1 1 1]
 [0 1 1 0 1 1 1 0 1 1]
 [0 1 0 1 0 0 1 1 1 1]
 [1 1 0 1 1 1 0 1 0 1]
 [1 1 1 1 0 1 0 1 1 1]
 [1 1 1 0 1 1 1 0 1 0]
 [1 0 1 0 1 1 1 1 1 1]
 [1 1 1 1 1 1 1 0 0 1]
 [1 1 1 1 1 0 1 0 1 1]
 [1 1 1 1 0 0 0 1 1 0]
 [0 1 1 1 0 0 1 0 0 1]
 [0 1 1 1 0 1 1 1 0 1]
 [1 1 1 1 1 0 0 1 1 0]
 [0 1 0 0 0 0 1 1 1 1]
 [1 0 1 0 0 1 0 0 1 1]
 [1 1 1 1 0 1 0 0 0 1]
 [0 0 1 1 0 1 1 1 1 1]
 [1 1 1 1 1 1 0 0 0 0]
 [1 1 0 1 0 1 0 0 0 0]
 [1 0 0 1 0 1 1 1 1 0]
 [0 1 0 1 1 1 1 1 1 1]]
{'restarts': 54, 'conflicts': 19539, 'decisions': 31518, 'propagations': 15765972}
Q is identifiable
branch at 6
runtime for solving id of Q is 2.1852690866217017
Simulation results:
{'J': 100, 'K': 10, 'N': 10, 'p': 0.7, 'seed': 391, 'sim': 6, 'runtime': 2.1852690866217017, 'identifiable': 1, 'branch': 6}
7
Q: [[1 1 1 1 0 1 0 0 0 1]
 [0 1 1 1 1 0 1 1 1 0]
 [1 0 1 1 1 1 0 1 1 1]
 [0 1 1 1 1 1 1 1 1 1]
 [0 1 1 0 0 0 1 1 1 1]
 [0 1 0 1 1 1 0 1 1 1]
 [0 0 1 1 1 1 0 1 1 1]
 [1 0 1 1 1 1 1 1 1 1]
 [1 0 1 1 1 1 0 0 1 0]
 [0 0 1 1 1 1 0 1 0 1]
 [0 1 0 0 0 1 0 1 1 1]
 [1 0 1 1 1 1 1 1 1 0]
 [1 1 1 0 0 0 1 1 1 1]
 [0 1 1 1 1 0 1 0 0 0]
 [1 1 1 1 1 1 1 1 1 0]
 [1 1 0 1 0 1 1 1 0 0]
 [1 1 0 0 1 0 1 1 1 1]
 [1 1 0 0 1 0 1 1 0 0]
 [1 0 1 0 0 1 1 1 0 0]
 [0 1 1 1 1 0 1 1 1 1]
 [1 0 0 1 0 1 1 0 1 0]
 [1 1 1 0 1 1 1 1 0 1]
 [1 1 1 1 1 0 0 1 1 1]
 [0 0 1 1 1 1 1 1 1 0]
 [1 1 1 1 1 1 1 1 1 1]
 [0 1 0 0 1 1 1 0 1 0]
 [0 1 1 1 1 0 0 0 1 0]
 [1 1 1 1 1 1 1 1 0 0]
 [0 1 0 0 1 1 0 1 1 1]
 [1 0 1 1 1 1 1 1 1 1]
 [1 1 0 1 1 0 1 0 0 1]
 [0 1 1 0 1 0 1 0 1 0]
 [1 1 1 1 0 0 0 1 1 0]
 [1 1 1 0 1 1 1 1 0 1]
 [1 1 0 1 0 0 0 1 1 0]
 [1 0 1 1 1 1 1 0 0 1]
 [0 1 0 1 0 0 1 1 1 0]
 [0 1 1 1 1 1 1 1 0 1]
 [1 1 1 1 0 1 0 1 1 1]
 [1 1 1 1 1 0 0 1 1 0]
 [1 1 1 1 1 1 1 1 1 1]
 [0 1 1 1 1 1 1 1 1 0]
 [0 1 1 1 1 0 1 0 1 1]
 [1 1 0 1 1 1 1 1 1 1]
 [1 1 0 1 1 1 1 0 0 1]
 [1 0 1 1 1 1 0 0 0 0]
 [1 0 0 1 1 0 0 1 1 1]
 [1 1 1 1 1 1 0 1 0 1]
 [1 1 1 1 1 1 1 0 1 1]
 [1 1 0 0 1 1 1 1 0 1]
 [1 0 1 0 0 0 1 1 1 1]
 [1 0 1 0 1 0 1 1 0 1]
 [1 1 1 0 1 1 0 1 1 1]
 [1 1 0 1 0 1 1 1 1 1]
 [0 0 0 0 1 0 1 1 0 1]
 [1 1 0 1 0 1 0 1 1 1]
 [1 1 1 1 1 0 0 1 1 1]
 [0 1 1 1 0 1 1 0 1 1]
 [1 1 0 1 1 1 0 1 0 1]
 [0 1 1 1 0 1 1 1 1 1]
 [0 1 0 1 0 1 1 0 0 1]
 [1 1 1 1 0 1 1 1 1 1]
 [1 0 1 0 1 1 0 1 0 1]
 [1 0 1 1 1 1 1 1 0 1]
 [1 0 1 0 1 0 1 1 0 0]
 [1 0 1 1 1 1 1 1 1 0]
 [1 0 1 0 1 1 0 0 1 0]
 [0 1 0 1 0 0 1 1 0 1]
 [0 1 1 0 0 0 1 1 1 1]
 [0 1 1 0 1 0 1 0 1 1]
 [1 1 0 1 1 0 1 1 1 1]
 [1 0 1 1 1 1 0 1 1 1]
 [1 1 1 1 1 1 1 0 1 1]
 [1 0 0 1 1 1 1 1 0 0]
 [1 1 0 1 0 0 1 1 1 1]
 [0 1 1 0 1 1 0 1 0 1]
 [0 0 1 1 1 0 1 0 1 0]
 [1 1 1 1 1 0 1 0 0 1]
 [1 1 1 1 1 0 0 1 1 0]
 [0 0 0 1 1 0 0 1 1 1]
 [0 0 0 1 1 1 1 0 1 0]
 [0 0 0 1 1 0 0 1 1 1]
 [1 1 0 1 0 1 1 1 0 0]
 [1 1 1 1 1 1 1 1 1 1]
 [1 1 1 0 1 1 1 1 1 1]
 [1 1 0 1 0 1 1 1 1 1]
 [0 1 0 1 1 1 0 0 1 1]
 [0 1 0 0 1 1 1 0 1 1]
 [1 1 1 1 1 0 1 1 1 1]
 [0 1 1 0 1 1 1 1 1 1]
 [0 1 1 1 1 1 1 1 1 1]
 [1 0 1 1 1 1 1 0 1 1]
 [0 1 1 1 1 1 0 1 1 0]
 [1 0 0 1 1 1 1 0 0 1]
 [0 1 1 1 0 1 0 1 0 1]
 [0 1 1 0 1 1 0 0 0 0]
 [1 1 1 1 0 0 0 1 1 1]
 [1 1 1 1 1 1 0 1 1 0]
 [0 1 0 1 1 1 0 1 1 1]
 [1 0 0 1 1 1 1 0 1 1]]
{'restarts': 10, 'conflicts': 4362, 'decisions': 8875, 'propagations': 4392395}
Q is identifiable
branch at 6
runtime for solving id of Q is 0.6558219520375133
Simulation results:
{'J': 100, 'K': 10, 'N': 10, 'p': 0.7, 'seed': 391, 'sim': 7, 'runtime': 0.6558219520375133, 'identifiable': 1, 'branch': 6}
8
Q: [[0 1 1 0 1 0 1 0 1 0]
 [0 0 1 1 1 1 1 0 0 1]
 [1 1 1 0 0 1 1 1 1 0]
 [1 0 0 1 1 1 0 1 1 0]
 [1 1 1 1 1 1 0 1 0 1]
 [1 0 0 1 1 1 0 0 1 1]
 [0 1 1 0 0 1 1 1 1 0]
 [1 1 1 0 1 1 1 1 0 1]
 [1 1 1 0 1 1 1 1 0 1]
 [1 1 1 0 0 0 1 0 1 1]
 [0 1 1 1 1 1 0 1 1 1]
 [1 0 0 0 1 0 1 1 1 1]
 [0 1 0 1 1 1 1 1 0 1]
 [1 1 1 1 1 0 1 0 1 1]
 [1 1 1 0 0 0 1 1 1 0]
 [1 0 1 1 1 1 0 0 1 1]
 [0 0 0 0 1 1 1 1 0 1]
 [1 0 0 1 1 1 1 1 0 1]
 [1 1 1 1 0 0 1 1 1 1]
 [1 1 1 1 1 1 0 0 1 1]
 [1 0 0 1 1 1 0 0 1 1]
 [1 1 0 1 1 1 1 1 0 1]
 [1 1 1 1 1 1 0 1 0 1]
 [0 0 1 0 1 1 0 1 1 1]
 [1 1 0 0 0 0 1 1 0 0]
 [1 1 0 0 1 1 1 1 0 1]
 [0 0 1 1 1 1 1 0 0 1]
 [1 1 1 1 1 1 0 1 1 0]
 [1 0 1 0 0 1 1 1 1 0]
 [1 1 0 1 1 1 1 1 0 1]
 [1 1 1 0 1 1 1 1 1 1]
 [1 1 1 1 1 1 1 0 0 1]
 [1 0 1 1 0 1 1 0 1 1]
 [1 1 1 0 1 1 1 0 1 1]
 [0 1 1 1 1 1 1 1 1 1]
 [0 1 1 0 1 1 1 0 1 1]
 [0 0 0 1 1 1 1 1 0 1]
 [1 1 0 1 1 1 1 1 0 0]
 [1 1 0 0 0 0 0 1 1 1]
 [0 0 1 0 1 0 0 1 0 1]
 [1 0 1 1 1 0 1 1 1 1]
 [1 1 1 0 1 0 1 1 1 0]
 [0 0 1 1 1 1 1 1 1 1]
 [1 0 1 1 1 0 1 1 1 1]
 [0 1 1 1 1 0 1 1 1 0]
 [0 1 1 1 0 0 1 1 0 1]
 [0 1 0 1 0 0 1 1 1 0]
 [1 1 1 1 0 1 1 0 0 0]
 [1 0 1 1 1 1 0 1 0 1]
 [1 1 1 1 1 0 1 0 1 1]
 [1 1 0 1 1 0 1 1 0 1]
 [0 1 1 1 1 1 1 1 0 1]
 [1 1 1 0 0 1 1 0 0 1]
 [1 1 0 0 1 1 1 1 1 0]
 [1 0 1 0 1 0 1 1 0 0]
 [0 0 0 1 1 1 0 1 0 0]
 [1 1 0 1 1 0 0 1 1 1]
 [0 0 1 1 1 0 1 0 1 1]
 [1 1 0 1 0 1 1 1 1 0]
 [1 0 1 1 1 0 1 1 0 1]
 [1 0 1 1 0 0 1 1 1 0]
 [0 0 1 0 1 1 0 0 0 1]
 [1 0 1 0 0 1 0 1 1 1]
 [1 1 0 1 1 1 0 1 0 1]
 [1 1 1 1 1 1 1 1 0 1]
 [1 1 1 1 0 1 0 1 1 0]
 [1 1 1 1 1 1 1 1 0 0]
 [1 1 0 1 1 0 0 1 0 1]
 [1 1 0 1 1 1 1 1 1 1]
 [0 0 0 1 1 1 1 0 1 0]
 [0 0 1 1 1 1 1 1 0 1]
 [1 1 1 1 1 0 0 1 1 1]
 [0 1 1 1 1 1 1 1 0 1]
 [1 1 1 1 0 0 1 0 1 1]
 [0 0 1 1 0 0 0 0 1 0]
 [1 0 1 1 1 1 1 1 0 1]
 [1 1 1 0 0 0 0 1 1 0]
 [0 1 0 1 1 0 1 1 1 0]
 [1 1 1 1 1 1 1 1 1 1]
 [1 1 0 1 0 0 1 0 1 1]
 [1 0 1 1 1 1 1 1 1 1]
 [1 0 1 1 1 1 1 0 1 1]
 [0 1 0 1 0 0 1 1 0 1]
 [0 1 1 0 1 1 1 0 1 1]
 [1 1 1 1 1 0 1 1 1 1]
 [1 1 1 0 0 1 0 1 1 0]
 [0 1 1 0 0 1 1 1 1 1]
 [0 1 0 1 1 1 0 1 1 1]
 [1 1 1 0 0 1 1 0 1 1]
 [0 1 1 1 1 1 1 0 1 1]
 [0 1 0 1 1 1 1 1 1 1]
 [1 1 1 0 1 1 1 0 1 1]
 [1 1 1 1 1 0 1 1 1 1]
 [1 1 1 0 1 0 0 1 1 1]
 [1 1 1 1 1 1 1 1 0 0]
 [0 1 0 0 1 1 0 0 1 1]
 [0 1 1 0 1 0 0 0 1 1]
 [1 1 0 1 1 1 1 0 1 0]
 [0 1 0 1 1 1 1 1 0 1]
 [0 1 1 0 1 1 1 1 1 0]]
{'restarts': 5, 'conflicts': 1965, 'decisions': 4237, 'propagations': 1851410}
Q is identifiable
branch at 6
runtime for solving id of Q is 0.35039680171757936
Simulation results:
{'J': 100, 'K': 10, 'N': 10, 'p': 0.7, 'seed': 391, 'sim': 8, 'runtime': 0.35039680171757936, 'identifiable': 1, 'branch': 6}
9
Q: [[1 1 1 1 0 1 1 1 1 0]
 [0 1 1 0 1 1 1 1 0 0]
 [1 1 1 1 1 0 1 0 1 1]
 [0 1 0 0 1 1 1 1 1 1]
 [1 1 1 1 1 1 1 1 1 0]
 [0 1 1 1 0 1 0 1 1 0]
 [1 0 1 1 1 0 1 1 0 1]
 [1 0 0 0 1 1 1 0 1 1]
 [1 1 1 0 0 1 1 0 0 0]
 [1 1 1 1 0 1 0 1 0 0]
 [1 1 0 1 0 0 1 0 1 1]
 [1 0 1 1 1 1 1 0 0 1]
 [1 1 1 1 1 1 1 1 1 1]
 [1 0 1 1 0 1 1 1 1 1]
 [1 1 1 1 1 1 1 0 1 0]
 [0 0 0 0 0 1 0 1 0 1]
 [0 1 1 1 0 1 1 1 1 0]
 [1 0 1 1 1 1 1 1 1 1]
 [1 1 1 1 0 0 1 1 1 1]
 [1 0 0 0 0 1 1 1 1 1]
 [1 0 1 1 1 0 1 1 1 1]
 [1 1 1 0 0 0 1 0 1 1]
 [1 0 1 1 1 1 1 1 0 1]
 [1 0 1 0 1 1 1 1 1 1]
 [1 0 1 0 1 1 1 1 1 1]
 [1 1 1 1 1 1 1 0 1 1]
 [1 1 0 1 1 1 0 0 1 0]
 [0 0 1 1 1 1 0 1 1 1]
 [1 0 0 1 0 1 1 0 1 1]
 [1 1 1 1 1 0 0 1 0 0]
 [0 1 1 1 0 1 0 1 0 0]
 [1 0 1 1 1 0 1 1 1 1]
 [0 0 1 0 0 0 1 1 1 0]
 [1 1 1 0 0 1 1 0 1 1]
 [1 0 0 1 0 1 1 1 1 0]
 [1 1 1 0 1 1 1 1 1 1]
 [1 0 1 0 0 1 0 1 1 1]
 [1 1 0 1 1 0 1 0 0 1]
 [0 0 1 1 1 1 0 1 1 1]
 [1 1 1 1 1 0 1 1 0 1]
 [1 1 1 1 1 0 1 1 1 1]
 [1 1 1 1 1 1 1 1 1 0]
 [1 1 1 0 1 1 1 1 1 1]
 [1 0 1 1 0 0 1 0 0 1]
 [1 1 0 1 0 0 1 1 0 1]
 [1 0 0 1 1 1 1 0 1 1]
 [1 1 1 1 1 1 1 1 0 1]
 [0 1 0 1 1 1 1 1 1 1]
 [0 1 1 0 0 1 1 1 1 0]
 [1 1 0 1 1 0 1 1 1 1]
 [1 1 1 0 1 1 1 0 1 1]
 [0 1 0 1 1 1 1 1 0 1]
 [0 0 1 1 0 1 1 1 1 1]
 [0 0 1 0 1 1 1 0 1 1]
 [1 1 1 0 0 1 1 1 0 1]
 [1 1 1 0 1 1 0 1 1 1]
 [1 1 1 0 1 0 1 1 1 0]
 [1 1 0 1 0 1 1 1 1 1]
 [1 1 1 1 1 1 0 1 1 1]
 [1 1 1 1 1 1 1 1 1 1]
 [1 1 1 0 1 1 0 1 1 1]
 [1 1 1 1 1 0 1 1 1 1]
 [1 0 1 1 1 0 0 1 0 1]
 [0 1 1 0 1 0 0 1 0 0]
 [1 1 1 1 1 1 1 1 1 1]
 [1 1 1 0 1 1 0 1 1 1]
 [1 1 0 0 0 1 1 1 1 1]
 [0 1 0 1 1 0 1 1 0 1]
 [0 1 1 1 1 0 1 1 1 1]
 [1 0 0 1 1 1 1 0 0 0]
 [1 0 1 1 1 1 1 1 1 1]
 [1 0 1 0 1 0 1 1 1 1]
 [1 1 0 0 1 1 0 1 1 1]
 [1 1 0 1 1 1 1 1 0 1]
 [0 0 1 1 0 1 1 0 0 0]
 [1 0 0 1 1 1 0 1 1 1]
 [1 1 0 1 0 1 0 1 1 1]
 [1 0 0 1 1 1 0 0 1 0]
 [1 1 1 1 0 1 1 1 1 1]
 [1 1 1 0 1 1 0 0 1 0]
 [0 1 0 1 0 1 0 0 0 1]
 [1 1 1 1 0 0 1 0 0 1]
 [0 1 1 1 0 1 1 1 0 1]
 [1 1 1 1 0 0 1 0 0 1]
 [1 0 0 0 0 1 1 0 1 0]
 [0 0 1 1 0 1 1 1 1 1]
 [1 1 1 1 1 0 0 1 0 1]
 [1 1 1 1 0 1 0 1 1 1]
 [1 1 1 1 1 1 0 1 1 0]
 [1 1 1 1 0 1 1 0 1 0]
 [1 1 0 1 1 1 0 1 1 0]
 [1 0 1 1 0 1 1 1 0 1]
 [0 1 1 0 1 1 1 0 0 0]
 [0 1 1 0 1 1 0 1 1 1]
 [1 0 0 1 1 0 1 0 0 1]
 [0 1 1 1 1 1 0 1 0 1]
 [1 1 1 1 1 1 1 0 1 1]
 [1 1 0 1 1 1 1 1 0 1]
 [1 1 1 1 1 1 1 0 1 1]
 [1 1 0 0 1 1 0 1 1 1]]
{'restarts': 9, 'conflicts': 3336, 'decisions': 6655, 'propagations': 2591653}
Q is identifiable
branch at 6
runtime for solving id of Q is 0.47714483737945557
Simulation results:
{'J': 100, 'K': 10, 'N': 10, 'p': 0.7, 'seed': 391, 'sim': 9, 'runtime': 0.47714483737945557, 'identifiable': 1, 'branch': 6}
Simulation results:
[{'J': 100, 'K': 10, 'N': 10, 'p': 0.7, 'seed': 391, 'sim': 0, 'runtime': 6.428064205683768, 'identifiable': 1, 'branch': 6}, {'J': 100, 'K': 10, 'N': 10, 'p': 0.7, 'seed': 391, 'sim': 1, 'runtime': 2.353908703662455, 'identifiable': 1, 'branch': 6}, {'J': 100, 'K': 10, 'N': 10, 'p': 0.7, 'seed': 391, 'sim': 2, 'runtime': 1.629242124967277, 'identifiable': 1, 'branch': 6}, {'J': 100, 'K': 10, 'N': 10, 'p': 0.7, 'seed': 391, 'sim': 3, 'runtime': 2.488386495038867, 'identifiable': 1, 'branch': 6}, {'J': 100, 'K': 10, 'N': 10, 'p': 0.7, 'seed': 391, 'sim': 4, 'runtime': 0.3923615962266922, 'identifiable': 1, 'branch': 6}, {'J': 100, 'K': 10, 'N': 10, 'p': 0.7, 'seed': 391, 'sim': 5, 'runtime': 0.7400804068893194, 'identifiable': 1, 'branch': 6}, {'J': 100, 'K': 10, 'N': 10, 'p': 0.7, 'seed': 391, 'sim': 6, 'runtime': 2.1852690866217017, 'identifiable': 1, 'branch': 6}, {'J': 100, 'K': 10, 'N': 10, 'p': 0.7, 'seed': 391, 'sim': 7, 'runtime': 0.6558219520375133, 'identifiable': 1, 'branch': 6}, {'J': 100, 'K': 10, 'N': 10, 'p': 0.7, 'seed': 391, 'sim': 8, 'runtime': 0.35039680171757936, 'identifiable': 1, 'branch': 6}, {'J': 100, 'K': 10, 'N': 10, 'p': 0.7, 'seed': 391, 'sim': 9, 'runtime': 0.47714483737945557, 'identifiable': 1, 'branch': 6}]
