
The Gurobi software has a limited number of licenses. To request a license or
licenses, add this line

    #SBATCH --licenses=gurobi@slurmdb:1

to your SBATCH script, replacing N with the number of licenses you need. Gurobi
will need one license per process.


0
Q: [[0 1 1 1 1 1 0 0 0 1]
 [0 1 1 1 1 1 0 1 1 0]
 [0 1 0 1 1 1 0 0 0 1]
 [1 0 0 0 1 0 0 1 1 0]
 [1 1 1 0 1 1 1 1 0 1]
 [1 1 0 1 0 1 1 1 1 1]
 [1 0 0 1 1 1 1 1 1 1]
 [1 0 1 0 1 1 1 1 0 0]
 [1 1 1 0 1 1 1 1 1 1]
 [1 0 1 0 1 1 1 1 1 1]
 [1 1 1 0 1 1 1 1 0 1]
 [0 1 1 1 1 0 1 1 1 0]
 [0 1 1 1 1 1 0 1 1 1]
 [1 1 1 1 1 0 0 1 1 1]
 [1 1 0 0 1 1 1 0 1 1]
 [1 1 1 1 1 1 1 1 1 1]
 [0 1 0 1 0 1 0 0 1 1]
 [1 1 0 0 1 1 1 1 0 1]
 [1 1 1 1 1 0 1 1 1 1]
 [1 1 1 1 0 0 1 0 1 1]
 [1 1 1 1 0 1 1 1 1 1]
 [0 0 1 1 0 0 1 1 1 1]
 [1 1 0 0 1 0 1 1 1 0]
 [1 0 1 1 1 1 1 1 0 1]
 [1 0 1 0 1 1 1 1 0 1]
 [0 1 1 1 1 0 1 1 1 0]
 [0 1 0 1 1 1 0 1 0 1]
 [0 1 1 1 1 1 0 1 1 0]
 [1 1 1 1 0 1 0 1 1 1]
 [1 1 1 1 1 1 0 1 1 1]
 [1 1 1 0 1 0 1 1 1 1]
 [1 1 1 1 1 1 1 0 0 1]
 [1 1 1 1 0 1 1 1 1 0]
 [0 1 1 0 1 1 1 1 1 1]
 [1 1 0 1 0 1 0 1 0 1]
 [0 0 0 1 1 0 1 0 1 1]
 [0 1 1 1 1 1 1 1 1 1]
 [1 1 0 0 0 1 1 1 0 1]
 [1 1 0 1 0 1 0 1 1 1]
 [1 1 1 0 1 0 0 1 0 1]
 [1 1 1 1 1 0 1 1 1 0]
 [1 0 0 1 1 0 1 1 1 0]
 [1 1 1 0 0 1 1 1 0 1]
 [1 0 0 1 1 1 0 1 0 1]
 [1 0 1 1 1 1 0 1 0 0]
 [1 1 1 1 1 1 1 1 0 0]
 [1 0 0 0 0 0 1 0 1 0]
 [0 1 1 0 0 1 1 0 1 1]
 [0 0 1 1 1 1 0 1 1 1]
 [1 1 0 0 1 1 0 1 1 1]
 [1 1 0 1 0 1 1 1 1 1]
 [0 1 1 0 1 0 0 1 1 1]
 [1 0 1 0 1 0 0 0 0 1]
 [1 0 1 0 1 1 0 1 1 0]
 [1 1 0 1 1 1 1 0 1 1]
 [0 1 1 0 0 1 1 1 1 1]
 [0 1 1 1 1 0 1 1 0 0]
 [1 0 1 1 1 0 0 1 1 0]
 [1 0 1 1 1 1 0 0 1 1]
 [1 1 1 1 1 1 0 1 0 0]
 [0 0 1 1 0 0 1 1 1 1]
 [1 0 0 0 1 0 1 1 1 1]
 [1 1 1 0 1 1 1 0 1 0]
 [1 1 0 0 1 1 0 1 1 1]
 [0 1 0 1 0 1 1 1 1 0]
 [1 1 1 1 1 1 1 1 1 1]
 [1 1 1 1 0 1 1 1 1 1]
 [0 1 1 0 0 1 1 1 1 1]
 [1 1 1 0 1 1 1 1 1 1]
 [0 1 1 1 1 1 1 0 1 0]
 [0 1 0 1 1 0 1 1 0 1]
 [1 1 1 0 0 0 1 1 0 1]
 [1 1 1 1 1 1 1 1 0 1]
 [0 1 1 0 0 1 0 0 1 1]
 [1 1 1 1 0 0 1 1 1 1]
 [1 1 1 1 1 1 1 1 1 0]
 [0 1 1 0 1 0 1 1 1 1]
 [0 0 1 0 1 0 0 1 1 0]
 [1 1 1 1 1 1 1 0 1 1]
 [1 0 0 1 1 1 1 1 1 1]
 [1 0 1 1 0 1 1 1 1 1]
 [0 1 1 0 0 1 1 1 1 1]
 [0 1 1 1 0 0 0 1 1 0]
 [1 1 1 1 1 1 0 1 1 0]
 [1 0 0 0 0 1 1 0 0 1]
 [1 0 1 0 1 1 1 1 0 1]
 [0 1 0 1 1 1 1 1 0 1]
 [0 1 0 1 0 0 1 0 1 1]
 [1 1 1 0 0 1 1 0 0 1]
 [0 1 0 1 1 1 0 1 0 0]
 [1 1 0 1 1 0 1 1 1 1]
 [1 1 1 1 0 1 1 1 0 1]
 [0 1 1 1 1 1 1 1 0 0]
 [1 1 1 1 1 1 1 1 1 1]
 [1 0 0 1 0 1 0 1 0 1]
 [0 1 1 1 1 0 1 0 1 0]
 [1 1 1 0 1 0 1 1 1 1]
 [1 1 1 1 1 1 1 1 0 1]
 [1 1 0 0 1 1 0 1 1 1]
 [1 1 1 0 1 1 1 0 1 1]]
{'restarts': 37, 'conflicts': 13069, 'decisions': 23042, 'propagations': 12501283}
Q is identifiable
branch at 6
runtime for solving id of Q is 1.6892206370830536
Simulation results:
{'J': 100, 'K': 10, 'N': 10, 'p': 0.7, 'seed': 755, 'sim': 0, 'runtime': 1.6892206370830536, 'identifiable': 1, 'branch': 6}
1
Q: [[1 1 1 0 0 1 1 1 1 0]
 [1 1 1 0 1 1 1 1 1 0]
 [1 1 1 1 1 1 0 0 1 1]
 [1 1 1 0 1 1 1 1 1 1]
 [1 1 1 1 0 1 0 1 1 0]
 [1 1 1 1 0 1 0 1 0 0]
 [1 1 0 1 1 1 1 1 1 1]
 [1 1 0 1 1 0 1 1 1 1]
 [1 1 1 1 1 1 1 1 1 1]
 [0 1 0 1 0 0 1 1 1 1]
 [1 1 1 1 1 1 1 1 1 1]
 [1 0 0 1 1 0 1 1 0 1]
 [0 1 1 1 1 1 0 0 1 1]
 [1 1 1 0 1 1 0 1 0 1]
 [0 0 0 1 1 1 1 0 0 1]
 [0 1 1 1 0 1 0 1 0 1]
 [1 1 1 1 1 1 1 1 1 0]
 [1 0 0 1 1 1 1 1 1 1]
 [1 1 1 1 1 1 0 0 1 0]
 [1 1 1 0 1 1 1 1 1 1]
 [1 0 1 1 0 0 1 1 1 1]
 [1 1 1 1 1 1 0 1 1 1]
 [1 0 0 1 1 1 1 1 1 1]
 [1 0 1 0 1 1 1 1 1 1]
 [1 0 1 0 1 0 1 1 1 0]
 [1 1 1 1 1 1 1 1 1 0]
 [1 1 1 1 1 0 1 0 1 1]
 [1 1 1 1 1 1 1 0 0 0]
 [1 0 0 0 0 1 1 1 1 1]
 [1 0 1 0 1 1 0 1 1 1]
 [1 0 1 1 1 1 0 0 1 1]
 [1 1 1 1 1 1 1 1 1 1]
 [1 1 1 1 1 1 1 1 1 1]
 [0 1 1 1 1 1 1 1 0 0]
 [1 0 1 0 1 0 1 1 0 1]
 [1 1 0 1 1 1 1 1 0 1]
 [1 0 0 1 1 1 1 0 1 1]
 [1 1 0 1 1 0 0 0 1 1]
 [1 1 1 1 0 0 1 1 0 0]
 [1 1 1 1 1 0 0 0 1 1]
 [1 0 1 1 1 0 1 0 1 1]
 [0 0 1 1 0 0 1 1 1 1]
 [1 1 1 1 1 1 1 1 1 1]
 [1 1 1 0 1 1 1 1 1 1]
 [1 0 1 1 1 1 1 1 1 1]
 [1 1 1 0 0 0 0 1 1 1]
 [1 1 1 1 1 0 0 0 1 0]
 [1 1 0 1 1 0 0 0 0 1]
 [0 0 1 1 1 0 0 1 1 1]
 [0 0 1 1 1 0 1 1 0 0]
 [0 1 1 1 1 1 1 0 0 1]
 [0 1 1 1 1 0 1 1 1 1]
 [1 1 1 0 1 0 0 1 0 1]
 [1 1 1 1 1 1 0 0 0 1]
 [1 1 1 1 1 0 1 1 1 1]
 [1 1 0 1 0 1 1 1 1 1]
 [1 1 1 1 0 0 1 1 0 1]
 [1 0 1 1 1 1 1 1 1 0]
 [1 0 1 0 1 1 1 1 1 0]
 [1 1 1 1 1 0 1 1 0 1]
 [1 1 1 1 1 1 1 1 0 1]
 [1 1 1 1 1 1 0 1 1 1]
 [1 0 1 1 1 1 0 0 1 1]
 [0 1 1 0 1 1 1 0 1 0]
 [1 1 1 0 0 0 1 1 1 0]
 [1 1 1 1 1 0 1 1 1 1]
 [1 0 1 0 1 1 1 0 1 1]
 [1 1 1 1 1 1 1 1 1 1]
 [0 0 0 1 0 0 1 1 1 1]
 [0 1 0 0 1 1 1 1 1 1]
 [1 1 0 0 1 0 0 0 1 1]
 [1 1 1 1 1 1 0 1 0 0]
 [0 0 1 0 0 1 1 1 1 0]
 [1 1 1 1 1 1 1 1 1 1]
 [1 0 1 0 1 1 1 1 0 1]
 [1 1 0 1 0 1 1 0 1 1]
 [1 1 1 0 1 1 1 1 1 1]
 [1 0 1 1 1 1 1 1 1 1]
 [1 1 1 1 0 1 0 1 1 1]
 [0 1 0 1 1 1 1 0 1 0]
 [1 1 0 0 1 0 1 1 0 1]
 [1 1 1 1 1 1 1 1 1 1]
 [1 1 1 0 1 1 1 1 0 1]
 [1 1 1 0 0 1 0 1 1 1]
 [0 1 1 0 1 1 1 1 0 1]
 [0 1 1 0 0 0 0 1 1 0]
 [1 1 1 0 1 1 1 0 1 1]
 [0 1 1 1 1 1 1 1 0 1]
 [1 1 1 1 1 1 1 1 1 1]
 [1 0 1 1 1 1 1 0 1 1]
 [1 0 1 1 1 1 1 1 1 0]
 [1 1 1 1 0 1 1 1 1 1]
 [1 1 1 1 1 1 0 1 0 1]
 [0 1 1 0 1 0 1 1 1 1]
 [1 0 1 1 1 1 1 1 1 1]
 [0 1 0 0 0 0 1 1 1 0]
 [1 1 0 1 0 0 1 1 1 1]
 [1 1 1 1 1 1 1 1 0 0]
 [1 0 1 1 1 1 0 1 1 0]
 [1 1 1 1 1 1 0 0 1 1]]
{'restarts': 23, 'conflicts': 8724, 'decisions': 16071, 'propagations': 7852101}
Q is identifiable
branch at 6
runtime for solving id of Q is 1.1560645932331681
Simulation results:
{'J': 100, 'K': 10, 'N': 10, 'p': 0.7, 'seed': 755, 'sim': 1, 'runtime': 1.1560645932331681, 'identifiable': 1, 'branch': 6}
2
Q: [[1 0 0 1 1 1 1 1 1 0]
 [0 1 1 1 0 0 1 1 1 1]
 [1 1 1 1 1 1 1 0 1 0]
 [1 1 1 1 1 1 1 1 1 1]
 [1 1 1 1 1 1 1 1 1 0]
 [1 1 1 1 0 1 1 1 1 1]
 [1 0 0 1 0 1 1 1 1 1]
 [1 1 1 1 1 1 1 0 0 0]
 [0 1 1 0 1 0 1 1 1 0]
 [1 1 1 0 1 1 1 1 0 0]
 [1 1 1 1 1 0 1 0 1 1]
 [0 0 1 1 1 1 1 1 1 1]
 [1 1 1 1 0 1 0 1 1 1]
 [1 0 0 1 1 1 1 1 0 1]
 [1 1 1 1 1 1 1 1 1 1]
 [0 1 0 1 1 1 1 1 0 1]
 [1 1 1 0 1 1 1 0 1 1]
 [1 1 0 0 0 1 1 1 1 1]
 [1 1 1 1 1 1 1 1 1 0]
 [1 1 1 1 0 1 1 0 1 1]
 [1 0 1 0 1 1 1 1 0 1]
 [1 1 1 1 0 1 1 1 1 0]
 [0 1 0 1 0 1 1 1 0 1]
 [1 0 1 1 1 1 1 1 0 0]
 [0 1 1 0 1 1 0 0 1 1]
 [1 1 1 0 0 0 1 0 1 0]
 [0 1 0 1 1 1 0 0 1 0]
 [1 1 1 1 0 0 0 1 0 1]
 [1 1 1 0 1 1 1 1 1 0]
 [1 0 0 1 1 0 0 0 1 0]
 [1 1 1 0 1 1 0 1 1 1]
 [0 1 1 1 1 1 1 1 1 1]
 [1 1 1 0 1 1 0 0 1 1]
 [1 1 1 1 1 1 1 0 1 1]
 [1 0 1 1 1 1 1 0 0 1]
 [1 0 1 1 1 1 0 1 1 1]
 [1 0 0 1 1 1 0 1 1 1]
 [1 1 1 1 1 0 1 1 1 0]
 [1 0 0 1 0 0 1 0 1 0]
 [0 0 1 1 1 1 1 1 1 0]
 [0 1 1 0 1 1 1 0 1 1]
 [1 1 0 1 1 1 0 1 1 0]
 [1 1 1 1 1 0 1 0 1 1]
 [0 1 1 1 1 1 1 1 0 1]
 [1 1 0 1 1 0 0 0 1 1]
 [1 0 1 1 1 1 1 0 1 0]
 [0 1 0 1 1 0 1 1 1 1]
 [1 1 1 1 1 0 0 1 1 0]
 [1 1 1 1 1 0 0 1 1 1]
 [1 1 0 1 0 1 1 1 0 0]
 [1 0 1 1 1 1 1 1 1 1]
 [0 1 1 0 1 0 1 1 1 0]
 [0 0 0 1 1 0 1 1 1 0]
 [1 1 1 1 1 1 0 1 1 1]
 [1 1 0 0 1 1 1 0 1 1]
 [1 1 0 1 1 1 1 0 1 0]
 [1 1 0 1 0 0 1 1 1 1]
 [1 1 1 0 0 1 0 1 0 0]
 [1 1 0 1 0 1 1 1 0 1]
 [0 1 0 1 0 1 1 1 1 1]
 [0 1 1 0 1 1 1 0 1 0]
 [1 1 1 1 1 0 1 1 0 1]
 [1 0 1 0 1 1 1 1 0 1]
 [1 1 0 1 0 1 0 1 1 1]
 [1 1 0 0 1 1 0 1 0 0]
 [0 1 1 0 1 1 1 1 0 1]
 [1 0 1 1 1 1 1 1 1 1]
 [0 0 1 0 1 0 1 0 0 0]
 [1 1 0 1 0 1 1 1 1 1]
 [1 1 0 1 1 1 1 1 1 1]
 [0 1 1 1 1 0 0 1 1 0]
 [1 1 0 1 0 1 0 1 0 1]
 [1 0 0 1 1 0 0 1 1 0]
 [0 0 1 1 1 0 1 1 1 1]
 [0 0 1 0 1 0 0 1 1 1]
 [1 1 0 1 1 0 0 0 1 1]
 [1 1 1 0 1 1 1 0 1 0]
 [1 0 1 0 0 0 1 1 1 1]
 [1 1 1 1 1 0 1 1 1 1]
 [1 1 1 0 1 1 1 0 1 1]
 [0 1 1 1 1 1 1 1 0 1]
 [0 1 1 1 0 0 1 0 0 1]
 [1 0 1 1 1 1 1 1 1 1]
 [0 1 0 1 1 1 0 1 1 1]
 [1 1 1 0 1 0 0 1 1 1]
 [1 1 1 0 1 1 0 1 0 1]
 [1 1 1 1 1 0 1 1 0 1]
 [1 1 1 0 1 1 1 1 1 1]
 [1 0 0 1 1 1 1 1 1 1]
 [0 0 1 1 1 1 0 1 0 0]
 [1 0 0 1 1 1 1 0 1 0]
 [1 1 1 1 1 1 0 1 0 0]
 [0 1 1 1 1 0 0 1 1 0]
 [1 1 1 1 1 0 0 1 1 0]
 [1 1 0 1 1 1 1 0 1 1]
 [1 1 1 1 1 0 0 1 1 1]
 [0 1 1 1 1 1 0 1 1 1]
 [1 1 1 1 0 0 1 1 1 1]
 [0 0 0 1 1 0 1 0 1 1]
 [0 0 0 0 1 0 1 0 1 1]]
{'restarts': 5, 'conflicts': 2291, 'decisions': 5251, 'propagations': 2207820}
Q is identifiable
branch at 6
runtime for solving id of Q is 0.4344968758523464
Simulation results:
{'J': 100, 'K': 10, 'N': 10, 'p': 0.7, 'seed': 755, 'sim': 2, 'runtime': 0.4344968758523464, 'identifiable': 1, 'branch': 6}
3
Q: [[1 0 0 1 1 1 0 1 1 0]
 [1 1 1 1 1 0 1 1 1 1]
 [1 1 0 1 0 1 1 1 1 1]
 [0 1 1 1 0 1 1 0 1 1]
 [1 1 1 1 1 1 1 1 1 1]
 [0 0 0 1 1 0 1 1 1 1]
 [0 0 0 0 0 0 0 1 0 1]
 [0 1 1 0 1 1 1 1 1 1]
 [0 0 0 0 1 0 1 0 0 0]
 [0 0 1 1 1 1 0 1 1 1]
 [1 1 0 0 0 0 0 1 1 1]
 [0 0 1 1 0 1 1 1 0 0]
 [1 1 1 0 1 1 0 1 0 1]
 [0 1 1 0 1 1 1 1 0 1]
 [0 1 1 0 1 1 1 1 1 1]
 [0 1 0 0 1 1 1 0 1 1]
 [1 0 0 1 1 1 0 0 1 0]
 [1 1 0 1 1 1 0 0 1 1]
 [0 1 1 1 1 1 1 1 1 1]
 [1 1 1 1 1 1 1 0 1 1]
 [0 1 0 1 1 1 1 0 1 1]
 [1 1 0 1 1 1 0 1 1 1]
 [1 1 0 1 0 1 0 1 1 1]
 [1 1 0 1 1 1 0 1 1 1]
 [1 1 1 1 0 0 1 1 0 1]
 [0 1 1 0 0 1 1 1 1 1]
 [1 1 0 1 0 0 1 1 1 1]
 [1 1 1 0 1 1 0 1 1 1]
 [0 0 1 1 0 1 1 0 1 1]
 [1 0 1 1 1 0 1 0 1 0]
 [0 1 1 1 0 1 1 1 1 1]
 [1 0 1 1 1 1 1 1 0 1]
 [1 0 0 1 0 1 1 1 1 1]
 [1 0 1 1 1 1 0 1 1 0]
 [0 1 1 0 1 1 0 0 1 1]
 [1 1 1 1 0 1 1 1 1 1]
 [1 1 0 1 1 1 1 1 0 0]
 [1 1 1 0 1 1 1 1 0 1]
 [1 1 1 1 1 0 0 1 1 0]
 [0 1 1 1 1 0 1 0 0 0]
 [1 1 1 1 0 0 1 1 0 1]
 [0 1 1 0 0 0 1 1 0 1]
 [0 1 0 0 1 1 1 1 1 1]
 [1 1 1 0 1 1 1 1 1 1]
 [0 0 1 1 1 1 0 1 1 1]
 [1 1 1 1 0 1 1 1 1 1]
 [1 1 1 1 1 0 1 1 1 1]
 [0 1 1 1 0 0 1 0 1 0]
 [1 0 0 1 1 1 1 1 1 1]
 [1 0 1 1 1 0 1 1 1 1]
 [1 1 1 0 0 1 1 1 0 1]
 [1 1 1 1 0 1 1 1 1 1]
 [0 0 1 0 1 1 0 1 1 0]
 [1 0 1 1 0 0 1 1 1 1]
 [1 1 1 0 1 1 1 0 0 0]
 [1 0 1 1 1 0 1 1 1 0]
 [0 1 0 1 0 0 1 1 1 1]
 [1 1 0 1 1 1 1 1 1 0]
 [0 1 1 1 1 1 1 1 0 1]
 [1 0 1 0 1 1 1 0 1 1]
 [1 1 0 1 1 0 1 1 0 0]
 [1 1 0 0 1 1 1 1 1 1]
 [1 0 1 1 1 0 1 0 0 1]
 [0 1 1 1 1 1 1 0 1 1]
 [1 1 0 1 1 1 0 0 1 1]
 [1 1 1 1 1 0 0 1 1 0]
 [1 0 1 0 0 1 0 1 1 0]
 [1 0 1 1 1 0 0 0 1 1]
 [1 1 1 1 1 1 1 1 1 1]
 [1 0 0 1 0 1 1 1 0 0]
 [1 1 1 0 1 1 1 1 0 1]
 [1 1 1 1 1 1 1 0 1 1]
 [1 1 1 1 1 1 1 0 1 1]
 [1 0 1 0 1 1 1 1 1 0]
 [0 1 0 1 1 0 1 0 1 0]
 [0 0 1 1 1 1 1 0 0 0]
 [1 1 1 0 1 1 1 1 1 1]
 [0 1 1 1 1 1 0 1 1 1]
 [1 0 1 0 0 1 1 1 1 1]
 [1 1 0 1 1 1 0 1 0 1]
 [1 1 0 1 1 1 1 0 0 0]
 [1 1 0 1 1 1 1 1 1 1]
 [1 1 1 1 1 1 0 0 1 1]
 [1 1 0 1 0 1 1 1 0 0]
 [1 0 1 0 1 0 1 1 0 1]
 [1 1 0 1 0 1 0 0 1 1]
 [1 1 1 1 1 1 1 0 1 0]
 [1 1 0 1 1 1 1 0 1 1]
 [1 1 0 1 1 1 0 1 1 1]
 [0 1 1 0 1 0 0 1 1 1]
 [1 0 1 0 1 0 1 1 0 0]
 [1 1 0 0 1 1 0 0 1 1]
 [1 0 1 1 1 1 0 1 0 0]
 [0 1 1 1 1 0 1 1 1 1]
 [1 0 0 1 1 1 1 0 1 1]
 [1 1 0 0 1 1 1 1 1 1]
 [1 1 0 1 1 1 1 0 1 0]
 [1 0 0 0 1 1 1 1 0 1]
 [1 0 1 1 0 1 0 0 1 1]
 [1 1 0 1 0 1 1 0 1 1]]
{'restarts': 1, 'conflicts': 1489, 'decisions': 3325, 'propagations': 1225567}
Q is identifiable
branch at 6
runtime for solving id of Q is 0.389671690762043
Simulation results:
{'J': 100, 'K': 10, 'N': 10, 'p': 0.7, 'seed': 755, 'sim': 3, 'runtime': 0.389671690762043, 'identifiable': 1, 'branch': 6}
4
Q: [[1 0 0 1 1 0 1 1 1 1]
 [1 1 0 1 0 1 0 1 1 0]
 [1 1 1 1 0 0 1 1 0 0]
 [1 1 1 1 1 1 1 1 1 1]
 [1 0 1 1 1 1 1 1 1 0]
 [1 1 1 1 1 1 1 1 1 1]
 [0 0 1 1 0 0 1 1 0 1]
 [1 0 1 1 1 1 1 0 0 1]
 [1 1 0 0 1 1 0 0 1 1]
 [1 1 1 0 0 1 1 1 0 0]
 [0 1 0 1 0 0 1 1 1 1]
 [1 1 0 1 1 1 1 1 1 1]
 [1 0 0 1 1 0 0 1 1 1]
 [0 1 1 1 0 1 1 0 0 1]
 [1 0 1 1 0 0 1 0 1 1]
 [1 1 1 1 1 1 1 1 0 0]
 [0 1 1 1 1 1 1 0 1 1]
 [1 1 1 1 0 1 1 1 0 0]
 [1 0 1 1 1 1 0 0 0 1]
 [1 0 1 1 0 0 1 1 1 0]
 [1 1 1 1 0 1 1 1 0 1]
 [1 1 1 1 0 1 0 0 0 1]
 [0 0 1 1 0 0 1 0 1 1]
 [1 0 0 0 1 1 0 1 1 0]
 [0 1 0 0 1 1 0 1 1 0]
 [1 1 1 1 1 1 1 0 1 0]
 [1 1 0 1 1 0 0 1 0 1]
 [0 1 0 1 1 1 1 0 1 1]
 [1 0 1 1 1 0 1 0 1 0]
 [1 1 0 1 1 1 0 1 0 1]
 [1 1 0 1 1 1 1 0 1 1]
 [1 1 0 1 1 1 1 1 1 1]
 [1 1 0 0 0 1 1 1 1 1]
 [0 1 0 1 0 1 0 0 1 0]
 [1 1 1 1 1 1 0 1 1 0]
 [1 0 1 0 0 1 1 0 1 1]
 [1 0 0 0 0 1 0 0 1 1]
 [0 1 1 1 0 1 0 1 0 1]
 [1 1 0 0 1 1 0 1 1 1]
 [0 0 0 1 1 0 1 1 0 0]
 [1 1 0 0 0 1 0 1 1 1]
 [0 1 0 1 1 0 0 0 1 0]
 [0 1 0 1 1 1 0 1 1 1]
 [1 0 0 1 1 1 1 0 0 0]
 [1 1 1 1 1 1 0 1 1 1]
 [1 0 1 1 0 1 0 1 1 1]
 [0 1 1 1 1 0 0 1 0 1]
 [0 1 0 0 1 1 0 1 0 1]
 [1 1 1 1 1 1 0 1 1 1]
 [1 1 1 0 1 1 0 1 1 1]
 [1 1 1 1 1 1 1 0 1 1]
 [0 1 0 1 1 1 1 1 1 1]
 [0 1 0 1 1 1 0 1 1 0]
 [0 1 1 0 0 1 0 0 1 0]
 [0 1 1 0 1 1 1 0 1 1]
 [0 0 0 1 1 1 1 1 1 1]
 [0 1 1 0 1 1 1 0 1 1]
 [1 1 0 1 1 1 1 0 0 0]
 [1 0 0 1 1 0 0 0 0 1]
 [0 0 1 1 0 1 1 0 1 1]
 [1 0 1 1 1 0 1 1 1 1]
 [1 1 1 1 0 1 0 1 1 0]
 [1 1 1 1 1 1 0 0 1 1]
 [1 1 1 1 1 1 1 1 1 0]
 [1 0 0 1 1 1 0 1 1 1]
 [1 1 1 1 0 1 0 0 1 1]
 [1 0 1 0 1 1 1 1 0 1]
 [0 0 1 1 0 1 1 0 0 0]
 [1 1 0 1 1 1 1 1 1 1]
 [1 1 0 0 1 1 1 0 0 1]
 [1 0 0 1 1 1 0 0 1 0]
 [0 1 1 1 1 1 1 1 0 1]
 [0 1 1 0 1 0 0 1 1 1]
 [1 0 0 0 1 1 0 1 1 0]
 [1 0 0 0 1 1 0 1 1 0]
 [1 1 0 1 1 1 1 1 1 1]
 [1 1 1 1 1 0 0 1 1 1]
 [0 0 1 1 1 1 1 1 0 0]
 [1 1 1 1 0 1 1 1 1 1]
 [1 1 0 1 1 0 1 0 1 1]
 [0 0 1 0 0 0 1 0 1 0]
 [1 1 1 0 1 1 1 1 0 1]
 [0 1 1 1 1 1 1 1 1 1]
 [1 1 1 1 0 1 1 1 0 1]
 [1 0 0 1 1 0 0 1 1 1]
 [0 1 1 1 1 1 1 0 1 1]
 [1 1 1 0 1 0 0 1 0 1]
 [0 1 0 1 1 0 1 1 1 1]
 [0 1 1 1 1 1 1 1 1 1]
 [1 1 0 1 1 0 1 1 1 0]
 [1 1 0 1 0 1 0 1 1 0]
 [1 1 1 1 1 1 0 0 1 1]
 [1 0 1 1 1 0 1 1 0 1]
 [1 1 1 0 0 1 0 1 0 1]
 [1 1 1 1 1 1 1 1 1 1]
 [1 1 0 1 0 1 0 1 1 0]
 [1 1 1 1 1 1 1 1 1 0]
 [1 1 1 0 1 1 1 1 1 1]
 [1 0 0 1 1 0 1 1 0 1]
 [1 1 0 1 1 1 0 1 0 1]]
{'restarts': 28, 'conflicts': 4887, 'decisions': 10171, 'propagations': 5016755}
Q is identifiable
branch at 6
runtime for solving id of Q is 0.7018108097836375
Simulation results:
{'J': 100, 'K': 10, 'N': 10, 'p': 0.7, 'seed': 755, 'sim': 4, 'runtime': 0.7018108097836375, 'identifiable': 1, 'branch': 6}
5
Q: [[1 0 1 0 1 1 1 1 1 1]
 [1 0 1 0 1 0 1 1 0 1]
 [0 0 1 1 1 1 0 1 0 1]
 [0 1 0 1 1 1 1 0 0 1]
 [1 0 1 1 1 1 1 1 1 1]
 [1 1 1 1 0 0 1 1 1 0]
 [1 1 1 0 0 1 1 1 1 0]
 [0 1 0 0 0 1 1 1 1 0]
 [1 1 0 1 0 1 0 1 0 1]
 [1 0 0 1 1 0 0 0 1 1]
 [1 1 1 0 0 0 1 0 0 1]
 [0 1 1 1 0 0 0 0 1 1]
 [1 1 1 1 1 1 1 1 1 1]
 [1 1 1 1 1 1 1 1 1 0]
 [1 1 0 0 1 1 0 0 0 0]
 [1 1 1 1 1 1 1 1 1 0]
 [0 1 1 1 1 1 1 1 1 1]
 [1 1 1 0 1 1 1 1 0 1]
 [1 1 1 0 1 1 1 1 1 1]
 [1 1 1 1 1 0 1 1 0 0]
 [1 0 0 1 1 0 1 1 1 1]
 [1 0 1 1 1 1 1 1 0 0]
 [1 1 0 1 1 0 0 1 1 1]
 [1 0 1 0 1 1 1 1 0 0]
 [1 1 0 1 1 0 1 1 1 1]
 [1 1 1 0 0 1 0 1 1 1]
 [0 0 0 0 1 1 1 1 1 1]
 [1 0 1 1 1 1 1 1 1 0]
 [1 1 1 1 1 1 0 0 1 1]
 [1 1 1 1 1 0 1 1 1 1]
 [1 0 0 1 0 0 0 0 0 1]
 [1 1 1 0 1 1 1 0 1 1]
 [1 1 1 0 1 1 1 1 1 0]
 [1 0 0 0 0 1 1 1 1 1]
 [1 1 0 1 1 0 1 0 1 0]
 [0 1 1 1 1 1 1 1 0 0]
 [1 1 1 1 0 0 1 1 1 1]
 [0 1 1 0 0 1 1 1 1 1]
 [1 1 0 1 1 0 0 0 0 0]
 [1 1 1 0 1 1 1 1 1 0]
 [1 0 0 1 1 1 0 1 0 0]
 [1 0 1 1 0 0 1 0 1 0]
 [0 0 1 1 1 1 1 0 1 1]
 [1 1 1 1 1 0 1 1 1 0]
 [1 0 1 1 1 1 1 1 1 1]
 [1 1 0 0 1 0 1 0 1 1]
 [0 0 1 0 0 1 0 1 1 1]
 [1 0 1 0 1 0 1 1 1 1]
 [1 1 1 1 0 1 0 1 0 1]
 [1 1 1 1 0 1 1 1 1 0]
 [1 0 1 1 1 1 0 1 1 1]
 [1 0 1 1 0 0 1 1 1 1]
 [1 1 0 1 1 1 1 1 0 1]
 [0 1 1 1 0 1 1 1 1 0]
 [1 0 1 1 1 1 1 1 1 1]
 [0 1 0 0 1 1 1 1 1 0]
 [0 0 1 1 0 1 0 1 1 1]
 [1 0 1 1 1 1 1 1 1 1]
 [0 1 1 1 1 0 1 1 0 1]
 [1 1 1 1 0 1 1 0 1 0]
 [1 1 1 0 1 1 1 0 1 0]
 [0 1 0 1 1 1 0 1 0 0]
 [1 1 1 1 1 1 0 1 1 1]
 [1 1 1 0 1 0 1 1 1 0]
 [1 0 1 1 1 0 1 1 0 0]
 [1 1 1 1 1 1 1 1 1 1]
 [1 0 0 1 1 1 0 1 1 1]
 [1 1 0 0 1 1 1 0 1 1]
 [1 1 1 0 1 0 1 1 1 1]
 [1 1 0 0 1 1 0 1 1 1]
 [0 1 1 0 1 1 1 1 1 1]
 [1 0 0 1 1 0 0 1 0 1]
 [0 1 1 1 1 1 1 1 1 0]
 [1 1 1 1 1 1 0 1 0 1]
 [0 0 0 1 0 1 0 1 1 1]
 [1 1 1 1 1 0 1 1 1 1]
 [0 1 1 1 0 0 1 0 1 0]
 [1 1 1 1 0 1 1 0 1 1]
 [1 1 1 1 1 1 1 1 0 1]
 [1 0 0 0 1 1 0 1 1 1]
 [1 1 0 1 1 1 1 1 0 1]
 [1 0 0 1 0 1 1 1 1 1]
 [1 1 1 0 1 0 1 1 1 1]
 [0 1 0 1 1 0 1 1 0 0]
 [1 1 0 0 0 1 1 1 1 0]
 [1 1 0 1 1 0 1 1 0 1]
 [1 1 1 0 1 1 1 0 1 1]
 [1 1 1 0 1 0 0 1 0 1]
 [1 1 1 1 1 1 0 0 1 0]
 [0 1 0 1 1 0 0 1 1 1]
 [0 1 0 1 1 1 1 1 1 1]
 [1 1 1 1 1 0 0 1 1 1]
 [1 1 1 1 0 1 1 0 1 1]
 [1 1 1 1 1 1 0 0 0 1]
 [1 1 0 1 1 1 1 1 0 0]
 [1 1 0 1 1 1 1 0 0 1]
 [0 1 0 1 1 1 1 1 1 0]
 [0 0 0 1 1 0 1 1 1 0]
 [0 1 1 0 1 0 0 0 1 1]
 [1 1 0 1 1 0 1 1 1 1]]
{'restarts': 38, 'conflicts': 19866, 'decisions': 31727, 'propagations': 20199683}
Q is identifiable
branch at 6
runtime for solving id of Q is 2.9083172706887126
Simulation results:
{'J': 100, 'K': 10, 'N': 10, 'p': 0.7, 'seed': 755, 'sim': 5, 'runtime': 2.9083172706887126, 'identifiable': 1, 'branch': 6}
6
Q: [[0 1 1 1 1 0 0 0 1 0]
 [1 0 0 1 1 1 0 0 1 0]
 [1 1 1 1 0 1 0 0 1 1]
 [0 0 0 0 0 1 0 0 1 1]
 [0 1 1 1 1 0 1 1 1 1]
 [1 1 1 1 1 0 1 1 0 0]
 [1 0 0 1 1 1 1 1 1 1]
 [1 0 1 1 0 0 1 1 1 0]
 [0 0 1 0 0 1 1 0 1 1]
 [0 1 0 1 1 1 1 1 0 0]
 [1 1 1 1 1 1 0 1 1 1]
 [1 0 1 1 0 1 1 1 0 1]
 [0 1 1 1 1 0 1 1 1 0]
 [0 1 1 1 0 0 1 1 1 1]
 [0 1 1 1 1 1 0 1 0 1]
 [1 0 0 1 0 0 1 0 1 0]
 [0 1 1 0 0 1 1 1 1 1]
 [1 0 1 0 1 0 1 0 1 0]
 [0 0 1 0 1 0 0 1 0 0]
 [1 1 0 1 1 1 1 1 1 0]
 [1 1 0 1 1 0 1 1 1 0]
 [1 1 1 0 1 0 0 1 1 1]
 [0 1 1 1 0 1 1 1 1 1]
 [0 1 1 1 1 1 1 0 1 1]
 [0 1 0 1 1 1 1 1 1 1]
 [1 0 0 1 0 1 1 1 1 0]
 [1 0 1 1 1 1 1 1 1 0]
 [0 0 0 0 0 0 0 1 0 1]
 [0 0 1 1 1 0 1 1 0 1]
 [1 0 0 0 0 0 0 1 1 0]
 [1 1 1 1 0 1 0 1 1 1]
 [1 1 1 0 0 0 1 1 1 0]
 [0 1 1 1 0 1 1 0 1 0]
 [1 0 1 1 1 1 1 1 1 0]
 [1 0 0 0 1 1 1 1 1 1]
 [1 1 1 1 0 1 1 1 1 0]
 [0 1 1 1 1 1 1 0 1 1]
 [1 0 1 1 0 0 1 1 1 1]
 [1 0 1 1 1 1 0 1 1 1]
 [1 1 1 1 1 1 1 1 1 1]
 [0 1 0 1 1 1 1 1 1 1]
 [0 1 1 1 1 0 0 1 1 0]
 [0 1 1 1 1 0 1 1 1 1]
 [1 1 1 0 1 1 1 0 0 0]
 [1 0 1 1 1 1 0 0 0 1]
 [1 1 0 1 1 1 0 0 0 1]
 [0 1 1 1 1 1 1 0 0 1]
 [1 0 0 0 1 1 1 1 1 1]
 [1 0 1 0 1 0 1 1 0 1]
 [0 1 0 1 0 1 1 1 0 1]
 [1 1 1 1 1 1 1 1 1 1]
 [0 0 1 1 1 1 1 0 1 1]
 [1 0 1 1 1 1 1 1 1 1]
 [1 1 0 1 0 1 1 1 0 1]
 [0 1 0 1 0 1 1 1 0 1]
 [0 1 0 1 1 1 1 1 0 0]
 [1 1 1 1 1 0 1 1 1 1]
 [1 0 0 1 0 1 0 0 1 1]
 [1 1 1 0 1 0 0 1 0 0]
 [1 1 1 1 1 0 0 0 1 1]
 [1 1 0 1 1 1 1 1 1 0]
 [1 1 1 1 1 0 1 1 0 0]
 [0 0 1 0 1 1 1 1 1 1]
 [1 0 1 1 0 1 1 1 1 0]
 [0 0 1 0 0 1 1 1 1 0]
 [1 1 1 1 0 1 1 1 1 1]
 [1 0 1 0 1 1 1 1 1 1]
 [1 1 0 0 0 0 1 1 1 1]
 [0 0 1 1 1 1 0 0 1 1]
 [1 0 0 1 1 1 1 0 1 0]
 [1 1 0 1 0 0 0 0 1 0]
 [1 1 1 1 1 1 0 1 1 1]
 [0 1 0 1 1 1 0 1 1 0]
 [1 1 0 1 1 0 0 1 1 1]
 [1 1 1 1 1 1 1 1 1 0]
 [0 0 1 1 1 1 1 0 1 0]
 [1 1 1 0 1 0 1 1 1 0]
 [0 0 1 1 0 1 1 1 0 1]
 [1 1 1 0 1 1 0 1 1 1]
 [1 1 0 1 0 0 0 1 1 1]
 [1 1 1 1 0 1 1 1 1 1]
 [1 1 1 1 1 0 1 1 1 1]
 [1 1 0 1 1 0 1 0 0 1]
 [1 1 0 1 1 1 1 1 0 0]
 [0 1 1 1 0 1 1 1 0 0]
 [0 0 1 1 1 0 0 1 1 1]
 [1 0 1 1 1 1 1 1 0 0]
 [1 0 1 1 1 1 1 0 1 0]
 [1 0 1 0 1 0 1 1 0 1]
 [0 0 1 1 1 0 1 1 1 1]
 [1 1 1 0 1 1 1 0 1 1]
 [1 0 0 1 0 0 1 1 0 1]
 [1 1 1 1 1 1 1 0 0 0]
 [1 1 1 1 1 1 1 1 1 0]
 [0 1 1 1 1 1 0 0 1 0]
 [1 1 0 1 0 0 1 1 0 1]
 [1 1 1 1 1 1 1 0 1 1]
 [1 0 0 0 0 0 1 1 1 1]
 [1 1 1 1 1 1 1 0 0 1]
 [1 1 1 1 1 1 0 1 1 0]]
{'restarts': 1, 'conflicts': 565, 'decisions': 1390, 'propagations': 417015}
Q is identifiable
branch at 6
runtime for solving id of Q is 0.3239031843841076
Simulation results:
{'J': 100, 'K': 10, 'N': 10, 'p': 0.7, 'seed': 755, 'sim': 6, 'runtime': 0.3239031843841076, 'identifiable': 1, 'branch': 6}
7
Q: [[0 1 1 1 1 1 0 1 0 0]
 [1 1 1 1 1 1 0 1 1 1]
 [1 0 1 1 0 1 1 1 1 1]
 [0 1 1 0 1 1 1 1 1 1]
 [0 1 1 1 1 1 0 1 0 0]
 [0 1 1 1 1 1 1 1 1 1]
 [0 1 1 1 1 1 1 1 0 1]
 [0 0 1 1 1 1 1 0 0 1]
 [1 1 1 0 1 1 1 1 1 1]
 [1 0 0 0 1 1 1 1 1 1]
 [0 1 1 1 1 1 1 1 1 1]
 [1 0 1 1 0 1 1 1 1 1]
 [0 0 1 1 1 1 0 0 1 0]
 [1 1 1 1 0 1 1 1 0 1]
 [0 0 1 1 1 0 1 1 1 1]
 [0 1 1 1 0 1 1 0 0 1]
 [1 0 1 1 1 1 1 1 1 0]
 [1 0 0 1 1 0 1 0 0 1]
 [0 1 1 1 1 1 1 0 0 0]
 [0 1 1 1 1 1 1 1 1 0]
 [0 1 0 1 0 1 0 1 1 1]
 [1 1 1 1 1 1 1 1 1 0]
 [1 0 0 1 1 0 0 1 1 1]
 [1 1 0 0 1 0 1 1 0 0]
 [1 1 1 1 1 1 1 0 1 1]
 [1 1 1 1 1 0 0 1 1 1]
 [1 0 1 1 1 1 1 0 0 1]
 [0 1 0 1 1 1 0 1 0 1]
 [1 0 1 1 1 1 0 1 1 0]
 [1 1 1 0 1 1 1 1 1 0]
 [0 1 1 0 1 1 1 0 0 1]
 [1 1 1 0 0 1 1 0 1 1]
 [1 1 1 1 1 0 1 1 1 1]
 [0 1 1 1 1 0 1 1 1 0]
 [1 0 0 0 0 1 1 1 1 1]
 [0 0 0 1 1 1 1 1 1 1]
 [0 1 1 1 1 1 0 0 1 1]
 [1 1 0 0 1 1 1 1 1 0]
 [0 0 1 1 1 0 1 0 0 1]
 [1 1 1 1 0 1 0 1 0 0]
 [1 1 1 0 1 0 0 0 1 1]
 [1 0 1 0 1 1 1 1 1 1]
 [1 1 1 1 1 1 0 1 1 0]
 [1 1 0 1 0 0 0 0 0 0]
 [1 1 1 1 0 1 1 1 1 1]
 [1 1 0 1 1 1 0 1 1 0]
 [1 1 1 1 1 1 1 1 1 1]
 [1 1 1 1 1 1 1 1 0 1]
 [0 1 1 0 1 1 1 0 0 0]
 [0 1 1 0 0 1 1 1 1 1]
 [1 1 1 1 1 1 0 0 1 1]
 [1 1 1 1 1 1 1 1 1 0]
 [0 1 1 1 1 1 0 1 1 0]
 [1 1 1 0 1 1 1 1 0 1]
 [1 1 1 1 1 1 1 1 0 1]
 [0 1 0 0 1 1 0 1 1 1]
 [1 0 1 0 0 0 0 1 0 0]
 [1 1 0 1 0 1 1 1 1 1]
 [1 1 1 0 1 0 0 1 1 1]
 [0 1 0 1 1 1 1 1 1 1]
 [1 1 1 0 1 1 0 0 1 0]
 [1 1 1 0 1 0 1 1 1 1]
 [1 0 1 1 1 1 1 1 1 0]
 [1 1 1 0 0 0 0 0 1 0]
 [0 1 1 1 0 1 1 1 0 1]
 [0 1 0 1 1 0 0 0 1 0]
 [0 1 1 1 1 1 0 1 1 0]
 [1 0 1 1 1 1 1 1 1 1]
 [1 0 1 0 0 0 0 1 0 1]
 [1 1 1 1 1 0 1 1 1 1]
 [0 1 0 0 0 1 1 1 1 1]
 [1 1 1 0 1 1 0 1 1 0]
 [1 0 1 1 0 1 0 1 1 0]
 [1 1 1 0 1 0 0 1 1 1]
 [0 0 1 1 0 1 0 1 1 0]
 [1 1 1 0 0 1 1 0 0 1]
 [0 1 0 1 0 1 1 0 1 0]
 [0 1 0 1 1 1 0 1 0 1]
 [1 1 0 1 1 0 1 1 1 1]
 [1 1 1 1 1 1 1 1 1 1]
 [0 1 1 1 0 1 0 1 1 1]
 [1 1 1 1 0 1 1 1 1 1]
 [1 1 0 1 1 1 1 1 1 1]
 [1 0 1 1 1 1 1 1 1 1]
 [0 1 1 0 1 1 0 1 1 1]
 [1 0 1 1 1 0 1 1 1 1]
 [1 1 1 1 0 1 1 1 1 1]
 [1 1 0 1 0 0 0 1 1 1]
 [1 1 0 1 1 1 1 1 1 1]
 [0 1 1 0 1 1 1 1 1 0]
 [0 1 1 1 0 1 0 1 1 1]
 [1 1 1 1 1 1 1 1 0 1]
 [1 1 1 1 1 0 1 1 1 1]
 [1 1 1 1 0 1 1 1 1 0]
 [0 0 1 1 1 1 1 1 1 1]
 [1 1 1 1 0 1 1 1 0 1]
 [0 0 1 0 1 0 1 1 1 0]
 [0 1 1 1 1 1 1 1 1 1]
 [1 1 1 0 1 1 1 1 1 1]
 [1 1 1 1 1 1 1 1 0 1]]
{'restarts': 90, 'conflicts': 39101, 'decisions': 60542, 'propagations': 30610877}
Q is identifiable
branch at 6
runtime for solving id of Q is 4.861165771260858
Simulation results:
{'J': 100, 'K': 10, 'N': 10, 'p': 0.7, 'seed': 755, 'sim': 7, 'runtime': 4.861165771260858, 'identifiable': 1, 'branch': 6}
8
Q: [[1 1 0 1 0 1 0 0 1 1]
 [0 1 0 1 1 0 0 0 1 1]
 [1 1 1 0 0 1 1 0 1 1]
 [1 1 1 0 1 0 1 1 0 0]
 [1 0 1 1 1 1 1 1 1 1]
 [0 1 0 0 0 1 1 1 1 0]
 [0 1 0 0 0 0 1 0 1 1]
 [0 1 1 0 1 0 0 1 0 1]
 [1 1 1 0 1 1 0 1 1 0]
 [0 1 1 1 1 1 1 0 1 1]
 [1 1 1 1 0 0 1 1 1 0]
 [0 0 1 1 1 1 1 1 1 1]
 [1 1 1 1 1 0 1 1 1 1]
 [1 1 1 1 1 1 0 1 1 1]
 [1 1 0 1 1 1 1 1 1 0]
 [1 1 1 0 0 0 0 1 1 0]
 [1 1 1 1 1 1 1 1 0 1]
 [1 0 0 0 0 1 1 1 0 1]
 [1 0 1 1 0 0 1 1 1 1]
 [1 0 1 1 0 0 0 1 1 1]
 [1 1 1 1 1 1 1 1 0 1]
 [1 1 1 0 0 1 0 1 1 1]
 [1 1 1 1 1 0 0 1 1 1]
 [1 1 0 1 1 0 0 0 1 0]
 [0 1 0 0 0 1 1 1 0 0]
 [1 1 0 1 0 1 1 1 1 0]
 [1 1 1 1 0 1 1 1 1 0]
 [1 1 1 1 1 0 0 1 1 1]
 [1 0 1 1 1 0 1 1 0 1]
 [1 0 1 1 1 1 1 1 1 1]
 [1 1 1 1 1 0 1 0 1 1]
 [0 1 1 1 0 0 0 1 1 1]
 [1 0 1 1 1 1 1 1 1 0]
 [1 0 1 0 1 1 0 1 1 1]
 [1 1 0 1 1 1 0 0 1 1]
 [1 0 0 1 1 1 0 0 1 1]
 [0 1 1 1 1 1 1 1 0 0]
 [1 1 1 1 0 1 0 1 0 0]
 [1 1 1 0 0 0 0 1 0 1]
 [0 0 1 1 1 1 0 1 1 1]
 [1 1 0 1 0 0 1 1 1 0]
 [1 1 1 1 1 1 1 1 1 1]
 [1 1 0 1 1 0 0 1 1 0]
 [1 1 1 1 0 0 1 1 1 1]
 [1 1 1 1 1 1 0 1 1 0]
 [0 1 1 1 1 1 0 0 1 1]
 [1 1 1 1 1 0 1 0 0 0]
 [0 1 0 1 0 1 1 0 0 1]
 [0 1 1 1 1 1 0 0 1 1]
 [0 1 1 0 1 1 1 1 1 1]
 [0 1 0 0 1 1 1 0 0 0]
 [1 1 1 1 1 1 0 1 1 0]
 [0 1 1 1 1 0 1 0 1 1]
 [1 0 1 1 1 1 1 1 1 1]
 [1 1 1 1 1 0 1 1 1 1]
 [1 1 0 1 1 1 1 1 1 1]
 [1 1 0 1 1 1 1 0 1 1]
 [1 0 1 1 1 0 0 1 1 1]
 [1 0 1 1 1 1 1 1 0 1]
 [0 1 1 1 0 1 0 1 0 1]
 [0 1 1 1 1 1 0 0 1 0]
 [1 0 0 0 1 1 0 0 1 1]
 [1 1 1 1 1 0 0 1 1 0]
 [0 1 0 0 1 1 0 1 1 0]
 [1 1 0 1 0 1 1 1 1 0]
 [1 1 1 0 0 1 0 0 1 1]
 [1 1 0 1 1 1 1 1 1 1]
 [1 0 0 1 1 1 1 0 1 1]
 [1 1 1 0 1 0 1 1 1 1]
 [1 0 0 1 1 1 0 1 1 1]
 [1 1 0 1 1 1 1 0 1 0]
 [1 1 1 0 1 1 0 1 1 1]
 [1 1 0 1 1 1 1 1 1 0]
 [1 0 1 1 1 1 1 1 0 1]
 [0 1 1 1 1 0 0 1 1 1]
 [1 1 1 1 1 1 0 1 0 0]
 [1 0 1 0 0 1 1 0 1 1]
 [1 0 1 0 1 0 1 1 1 1]
 [1 1 1 1 1 1 0 1 1 1]
 [1 0 1 0 1 1 1 1 1 1]
 [1 1 1 1 1 1 1 1 1 1]
 [1 1 1 0 0 1 1 0 1 1]
 [1 1 1 0 1 0 1 1 0 0]
 [1 1 0 1 1 1 1 1 1 0]
 [0 1 1 1 1 1 1 1 1 0]
 [0 1 1 0 0 1 1 1 1 1]
 [0 0 0 1 1 0 0 1 1 1]
 [1 1 0 0 0 1 0 1 1 0]
 [1 1 1 1 1 1 1 0 1 0]
 [1 0 1 1 1 1 0 1 1 1]
 [0 1 0 1 1 1 0 1 1 0]
 [1 1 0 1 1 1 0 1 1 1]
 [1 1 1 1 1 1 1 0 1 1]
 [1 0 0 1 1 0 0 1 0 1]
 [0 1 1 1 1 1 1 0 0 1]
 [0 1 1 0 1 1 1 0 1 0]
 [0 1 1 0 1 1 0 1 1 1]
 [0 1 1 1 0 1 0 1 0 0]
 [1 1 1 0 1 1 1 1 1 0]
 [1 0 1 1 1 1 0 0 0 1]]
{'restarts': 106, 'conflicts': 41832, 'decisions': 62384, 'propagations': 40163524}
Q is identifiable
branch at 6
runtime for solving id of Q is 5.322430717758834
Simulation results:
{'J': 100, 'K': 10, 'N': 10, 'p': 0.7, 'seed': 755, 'sim': 8, 'runtime': 5.322430717758834, 'identifiable': 1, 'branch': 6}
9
Q: [[1 1 0 1 1 1 1 1 0 1]
 [0 0 1 1 1 1 1 1 1 0]
 [0 1 1 1 1 1 1 1 1 0]
 [1 1 1 1 1 0 1 1 1 1]
 [1 1 0 1 1 1 0 1 0 0]
 [0 1 1 0 0 0 0 1 1 1]
 [0 1 1 1 0 0 1 1 0 1]
 [1 1 1 1 1 1 0 0 1 1]
 [0 1 1 0 1 0 1 0 1 0]
 [0 0 1 1 1 1 0 1 1 1]
 [0 0 0 0 0 0 0 1 1 1]
 [1 1 1 0 1 1 1 1 0 1]
 [1 1 0 0 1 1 0 0 1 0]
 [1 0 0 0 1 1 0 1 1 0]
 [1 1 1 1 1 1 1 1 0 1]
 [1 1 1 1 1 1 1 0 1 1]
 [0 1 1 1 0 1 1 1 0 1]
 [1 1 1 1 1 1 1 0 1 0]
 [1 1 1 1 0 1 1 0 0 0]
 [0 1 1 0 1 1 1 1 1 1]
 [0 1 0 1 0 1 1 1 1 0]
 [1 1 1 0 1 0 1 0 1 1]
 [1 1 1 1 0 1 0 1 0 1]
 [1 1 1 1 1 1 1 1 0 1]
 [1 1 1 1 1 0 1 1 0 0]
 [1 0 1 1 0 0 0 1 1 0]
 [0 1 1 0 1 1 1 1 1 1]
 [1 1 0 1 1 1 1 1 0 1]
 [1 1 0 1 0 1 1 0 1 0]
 [1 1 1 1 1 0 0 1 1 0]
 [1 1 1 0 1 0 1 1 1 0]
 [1 0 0 0 1 1 0 0 1 1]
 [1 1 1 1 0 1 1 0 1 0]
 [1 1 1 1 1 0 0 0 1 1]
 [1 1 1 1 1 1 1 0 1 1]
 [0 1 0 1 1 1 1 1 0 0]
 [1 1 1 1 1 0 0 1 1 0]
 [1 0 1 0 1 0 1 1 1 1]
 [0 1 1 1 1 1 0 1 1 0]
 [1 1 0 0 0 1 1 1 1 1]
 [1 1 0 1 0 1 1 0 1 0]
 [1 1 1 0 0 1 0 0 1 1]
 [1 0 0 1 1 1 1 1 1 1]
 [1 1 1 0 1 1 0 1 1 1]
 [1 1 1 1 0 1 1 0 1 1]
 [0 1 1 1 1 1 1 0 1 1]
 [0 0 0 1 1 0 0 1 1 1]
 [1 1 1 0 0 0 1 1 1 1]
 [1 1 1 1 1 1 0 1 0 0]
 [0 1 1 1 0 1 1 1 1 1]
 [0 1 1 1 1 1 0 1 1 1]
 [1 1 0 1 1 1 1 1 1 1]
 [1 0 0 1 1 0 1 1 0 1]
 [1 1 0 1 1 1 1 1 0 1]
 [1 1 0 1 0 1 1 1 0 1]
 [1 0 0 1 1 1 1 1 1 0]
 [1 0 0 1 1 0 1 1 0 0]
 [1 1 0 1 1 0 1 0 1 1]
 [1 1 1 1 1 0 1 1 1 1]
 [1 1 0 1 0 1 0 0 1 0]
 [1 1 1 0 1 0 1 1 1 0]
 [1 1 1 1 1 0 0 1 0 0]
 [1 1 1 1 0 0 0 0 1 1]
 [1 1 0 1 1 1 1 1 1 0]
 [1 0 1 0 1 1 0 1 1 1]
 [1 0 1 1 0 0 1 1 1 1]
 [0 0 1 1 1 0 1 1 1 1]
 [0 1 1 0 0 1 1 1 1 0]
 [0 0 1 1 0 1 1 1 1 0]
 [0 1 1 0 0 1 1 1 0 1]
 [0 1 1 1 0 0 1 1 1 1]
 [0 1 1 1 1 0 1 1 1 0]
 [0 1 0 1 1 1 1 1 1 1]
 [0 1 1 0 1 1 1 1 1 1]
 [1 1 1 1 0 0 1 1 1 1]
 [1 1 1 0 1 1 1 0 0 1]
 [1 0 0 0 1 1 1 1 0 0]
 [1 1 1 0 1 1 0 1 0 1]
 [1 1 0 1 0 1 1 1 1 1]
 [1 1 0 1 1 0 1 1 0 1]
 [1 1 1 1 1 0 1 0 1 0]
 [0 0 0 1 0 1 1 1 1 1]
 [1 0 0 1 0 1 0 1 1 1]
 [1 1 1 1 1 0 1 1 1 1]
 [1 1 0 1 1 0 0 1 1 0]
 [1 1 1 0 1 1 0 1 1 0]
 [0 1 0 0 1 1 1 0 0 1]
 [1 0 1 1 1 1 0 0 0 0]
 [1 1 1 1 1 1 1 0 1 1]
 [0 1 1 1 1 1 0 1 1 1]
 [1 0 0 1 1 1 1 0 1 1]
 [0 0 1 1 1 1 1 0 1 1]
 [0 1 1 0 1 1 1 1 1 1]
 [1 0 1 0 1 1 0 1 1 0]
 [1 0 1 1 1 1 1 0 0 1]
 [1 1 1 0 0 1 1 0 0 1]
 [1 1 1 1 0 0 1 1 1 1]
 [1 1 1 1 1 1 1 1 1 1]
 [0 1 1 0 1 1 0 1 1 1]
 [1 1 0 1 1 1 1 0 1 1]]
{'restarts': 22, 'conflicts': 8041, 'decisions': 14986, 'propagations': 8788868}
Q is identifiable
branch at 6
runtime for solving id of Q is 1.3442688444629312
Simulation results:
{'J': 100, 'K': 10, 'N': 10, 'p': 0.7, 'seed': 755, 'sim': 9, 'runtime': 1.3442688444629312, 'identifiable': 1, 'branch': 6}
Simulation results:
[{'J': 100, 'K': 10, 'N': 10, 'p': 0.7, 'seed': 755, 'sim': 0, 'runtime': 1.6892206370830536, 'identifiable': 1, 'branch': 6}, {'J': 100, 'K': 10, 'N': 10, 'p': 0.7, 'seed': 755, 'sim': 1, 'runtime': 1.1560645932331681, 'identifiable': 1, 'branch': 6}, {'J': 100, 'K': 10, 'N': 10, 'p': 0.7, 'seed': 755, 'sim': 2, 'runtime': 0.4344968758523464, 'identifiable': 1, 'branch': 6}, {'J': 100, 'K': 10, 'N': 10, 'p': 0.7, 'seed': 755, 'sim': 3, 'runtime': 0.389671690762043, 'identifiable': 1, 'branch': 6}, {'J': 100, 'K': 10, 'N': 10, 'p': 0.7, 'seed': 755, 'sim': 4, 'runtime': 0.7018108097836375, 'identifiable': 1, 'branch': 6}, {'J': 100, 'K': 10, 'N': 10, 'p': 0.7, 'seed': 755, 'sim': 5, 'runtime': 2.9083172706887126, 'identifiable': 1, 'branch': 6}, {'J': 100, 'K': 10, 'N': 10, 'p': 0.7, 'seed': 755, 'sim': 6, 'runtime': 0.3239031843841076, 'identifiable': 1, 'branch': 6}, {'J': 100, 'K': 10, 'N': 10, 'p': 0.7, 'seed': 755, 'sim': 7, 'runtime': 4.861165771260858, 'identifiable': 1, 'branch': 6}, {'J': 100, 'K': 10, 'N': 10, 'p': 0.7, 'seed': 755, 'sim': 8, 'runtime': 5.322430717758834, 'identifiable': 1, 'branch': 6}, {'J': 100, 'K': 10, 'N': 10, 'p': 0.7, 'seed': 755, 'sim': 9, 'runtime': 1.3442688444629312, 'identifiable': 1, 'branch': 6}]
