
The Gurobi software has a limited number of licenses. To request a license or
licenses, add this line

    #SBATCH --licenses=gurobi@slurmdb:1

to your SBATCH script, replacing N with the number of licenses you need. Gurobi
will need one license per process.


0
Q: [[1 1 1 1 1]
 [1 1 0 1 1]
 [1 1 1 1 1]
 [1 1 1 1 1]
 [1 1 1 1 1]
 [0 1 1 1 1]
 [1 1 1 1 1]
 [1 1 1 1 1]
 [1 1 1 1 1]
 [1 0 1 1 1]
 [1 1 1 0 0]
 [1 1 1 1 1]
 [1 1 1 0 1]
 [1 1 1 0 1]
 [1 1 0 1 1]
 [1 1 1 1 1]
 [1 1 1 1 1]
 [1 1 1 1 1]
 [1 1 1 1 1]
 [1 1 1 1 1]
 [1 1 1 1 1]
 [1 0 1 1 1]
 [1 1 1 1 1]
 [1 1 0 1 1]
 [1 1 1 1 1]
 [1 1 1 1 1]
 [1 1 1 1 1]
 [1 1 1 1 1]
 [1 1 1 1 1]
 [1 1 1 1 1]
 [1 0 0 1 1]
 [1 1 1 1 1]
 [1 1 1 1 0]
 [1 0 0 1 0]
 [1 1 1 1 1]
 [1 1 0 1 0]
 [1 1 1 1 1]
 [1 1 1 0 1]
 [1 1 1 0 1]
 [1 1 1 1 0]
 [1 1 1 0 1]
 [1 1 1 1 0]
 [1 1 1 1 0]
 [1 1 1 1 0]
 [0 1 1 1 1]
 [1 1 1 1 1]
 [1 1 1 1 1]
 [1 1 1 1 1]
 [0 1 1 1 1]
 [1 1 1 1 0]
 [1 1 1 1 1]
 [1 1 0 1 1]
 [1 1 1 1 1]
 [1 1 1 1 1]
 [1 1 1 1 1]
 [1 1 1 1 0]
 [1 1 1 1 1]
 [1 1 0 1 1]
 [1 1 1 1 1]
 [1 1 1 1 1]
 [1 1 1 1 1]
 [1 1 1 1 1]
 [1 1 1 0 1]
 [1 1 1 1 1]
 [1 1 1 1 1]
 [1 1 1 1 0]
 [1 1 1 1 1]
 [1 1 1 1 1]
 [1 1 1 0 1]
 [1 1 1 1 1]
 [1 1 0 0 1]
 [1 1 1 1 1]
 [0 1 1 1 1]
 [1 1 0 0 1]
 [1 1 1 1 1]
 [1 1 1 1 0]
 [1 1 1 0 1]
 [1 1 1 1 1]
 [1 1 1 1 1]
 [1 1 1 1 1]
 [1 1 1 1 1]
 [1 1 1 1 1]
 [1 1 1 1 1]
 [1 1 1 0 0]
 [1 1 1 1 1]
 [1 1 1 1 1]
 [1 1 1 1 1]
 [1 1 1 1 1]
 [1 1 1 1 1]
 [1 1 1 1 1]
 [1 1 1 1 1]
 [1 1 0 1 1]
 [1 1 0 1 0]
 [1 1 1 1 1]
 [1 1 1 1 1]
 [1 1 1 1 1]
 [1 1 1 1 1]
 [1 1 0 1 1]
 [0 1 1 1 1]
 [1 1 1 1 0]]
Q is not identifiable (three-column submatrix not identifiable).
Q is not identifiable, and Q_bar is [[1 0 1 1 1]
 [1 1 0 1 1]
 [1 0 1 1 1]
 [1 0 1 1 1]
 [1 0 1 1 1]
 [1 0 1 0 1]
 [1 0 1 1 1]
 [1 0 1 1 1]
 [1 0 1 1 1]
 [1 0 1 1 1]
 [1 1 1 0 0]
 [1 0 1 1 1]
 [1 1 1 0 1]
 [1 1 1 0 1]
 [1 1 0 1 1]
 [1 0 1 1 1]
 [1 0 1 1 1]
 [1 0 1 1 1]
 [1 0 1 1 1]
 [1 0 1 1 1]
 [1 0 1 1 1]
 [1 0 1 1 1]
 [1 0 1 1 1]
 [1 1 0 1 1]
 [1 0 1 1 1]
 [1 0 1 1 1]
 [1 0 1 1 1]
 [1 0 1 1 1]
 [1 0 1 1 1]
 [1 0 1 1 1]
 [1 0 0 1 1]
 [1 0 1 1 1]
 [1 1 1 1 0]
 [1 0 0 1 0]
 [1 0 1 1 1]
 [1 1 0 1 0]
 [1 0 1 1 1]
 [1 1 1 0 1]
 [1 1 1 0 1]
 [1 1 1 1 0]
 [1 1 1 0 1]
 [1 1 1 1 0]
 [1 1 1 1 0]
 [1 1 1 1 0]
 [1 0 1 0 1]
 [1 0 1 1 1]
 [1 0 1 1 1]
 [1 0 1 1 1]
 [1 0 1 0 1]
 [1 1 1 1 0]
 [1 0 1 1 1]
 [1 1 0 1 1]
 [1 0 1 1 1]
 [1 0 1 1 1]
 [1 0 1 1 1]
 [1 1 1 1 0]
 [1 0 1 1 1]
 [1 1 0 1 1]
 [1 0 1 1 1]
 [1 0 1 1 1]
 [1 0 1 1 1]
 [1 0 1 1 1]
 [1 1 1 0 1]
 [1 0 1 1 1]
 [1 0 1 1 1]
 [1 1 1 1 0]
 [1 0 1 1 1]
 [1 0 1 1 1]
 [1 1 1 0 1]
 [1 0 1 1 1]
 [1 1 0 0 1]
 [1 0 1 1 1]
 [1 0 1 0 1]
 [1 1 0 0 1]
 [1 0 1 1 1]
 [1 1 1 1 0]
 [1 1 1 0 1]
 [1 0 1 1 1]
 [1 0 1 1 1]
 [1 0 1 1 1]
 [1 0 1 1 1]
 [1 0 1 1 1]
 [1 0 1 1 1]
 [1 1 1 0 0]
 [1 0 1 1 1]
 [1 0 1 1 1]
 [1 0 1 1 1]
 [1 0 1 1 1]
 [1 0 1 1 1]
 [1 0 1 1 1]
 [1 0 1 1 1]
 [1 1 0 1 1]
 [1 1 0 1 0]
 [1 0 1 1 1]
 [1 0 1 1 1]
 [1 0 1 1 1]
 [1 0 1 1 1]
 [1 1 0 1 1]
 [1 0 1 0 1]
 [1 1 1 1 0]]
branch at 3
runtime for solving id of Q is 0.001440516673028469
Simulation results:
{'J': 100, 'K': 5, 'N': 10, 'p': 0.9, 'seed': 18, 'sim': 0, 'runtime': 0.001440516673028469, 'identifiable': 0, 'branch': 3}
1
Q: [[1 1 1 1 1]
 [1 1 1 1 1]
 [1 1 1 1 0]
 [1 0 1 1 1]
 [1 1 1 1 1]
 [0 1 1 1 1]
 [1 1 1 0 1]
 [1 1 1 1 1]
 [1 0 1 0 1]
 [1 1 1 1 1]
 [1 0 0 1 1]
 [1 1 1 0 1]
 [1 1 1 1 1]
 [1 1 1 1 0]
 [1 1 1 1 1]
 [1 1 1 1 1]
 [1 1 1 1 1]
 [1 1 1 1 1]
 [1 1 1 1 1]
 [1 1 1 1 1]
 [1 1 1 0 1]
 [1 1 1 1 1]
 [1 1 0 1 1]
 [1 1 1 1 1]
 [1 0 1 0 1]
 [1 1 1 1 1]
 [1 1 1 1 1]
 [1 1 1 1 0]
 [1 0 1 1 1]
 [1 1 0 1 1]
 [1 1 1 1 1]
 [1 0 1 0 1]
 [1 1 1 1 1]
 [1 1 1 1 1]
 [1 1 1 1 1]
 [1 1 1 1 1]
 [1 0 1 0 1]
 [1 1 1 0 1]
 [1 1 1 1 0]
 [1 1 1 1 1]
 [1 1 1 1 1]
 [1 1 1 1 0]
 [1 0 1 1 1]
 [1 0 1 1 1]
 [1 1 0 1 1]
 [0 1 0 1 1]
 [1 0 1 1 1]
 [1 1 1 1 1]
 [1 1 1 1 1]
 [1 1 1 1 1]
 [1 1 0 1 1]
 [1 1 1 1 1]
 [1 1 1 1 1]
 [1 1 1 1 1]
 [1 1 1 1 1]
 [1 1 1 1 1]
 [1 1 1 1 0]
 [1 1 1 1 1]
 [1 1 1 1 1]
 [1 1 1 1 1]
 [1 1 1 1 0]
 [1 1 1 1 1]
 [1 1 1 1 1]
 [1 1 1 1 0]
 [1 1 1 1 0]
 [1 1 1 0 1]
 [1 1 1 1 1]
 [1 1 1 1 1]
 [1 1 1 1 1]
 [1 1 1 1 1]
 [1 1 1 1 1]
 [0 1 1 1 1]
 [1 1 1 1 1]
 [1 1 1 0 1]
 [1 1 0 1 1]
 [1 1 1 1 1]
 [1 1 1 1 1]
 [1 1 1 1 1]
 [1 1 1 1 1]
 [1 1 1 1 1]
 [1 1 0 1 1]
 [0 1 1 1 1]
 [1 1 1 1 0]
 [0 1 0 0 1]
 [1 1 1 1 1]
 [1 1 1 1 1]
 [0 1 1 1 0]
 [0 0 1 1 0]
 [0 1 1 1 1]
 [1 1 1 1 1]
 [1 1 1 1 1]
 [1 1 1 1 1]
 [0 1 1 1 1]
 [1 1 1 1 1]
 [1 1 1 1 1]
 [1 1 1 1 1]
 [1 1 1 0 1]
 [1 1 1 1 1]
 [1 1 0 1 1]
 [1 1 0 0 1]]
{'restarts': 1, 'conflicts': 20, 'decisions': 51, 'propagations': 585}
Q is identifiable
branch at 6
runtime for solving id of Q is 0.0029805731028318405
Simulation results:
{'J': 100, 'K': 5, 'N': 10, 'p': 0.9, 'seed': 18, 'sim': 1, 'runtime': 0.0029805731028318405, 'identifiable': 1, 'branch': 6}
2
Q: [[1 1 1 1 1]
 [1 1 1 1 1]
 [1 1 1 1 1]
 [1 1 1 0 1]
 [1 1 1 1 1]
 [0 1 1 1 1]
 [1 1 1 1 1]
 [0 1 1 1 1]
 [1 1 1 1 0]
 [1 1 1 1 1]
 [1 1 1 0 1]
 [1 1 1 1 1]
 [1 1 1 1 1]
 [1 1 1 1 0]
 [1 1 1 1 1]
 [1 1 1 1 1]
 [1 1 1 0 1]
 [1 1 1 0 1]
 [1 1 1 1 1]
 [1 1 1 1 0]
 [1 1 1 1 1]
 [1 1 1 1 1]
 [1 0 0 1 1]
 [1 1 1 1 1]
 [1 1 1 1 1]
 [1 1 1 1 1]
 [1 1 1 1 1]
 [1 1 1 1 1]
 [1 0 1 1 1]
 [1 1 0 1 0]
 [1 1 1 1 1]
 [0 1 0 1 1]
 [1 1 1 1 1]
 [1 1 1 1 1]
 [1 1 1 1 1]
 [1 1 1 1 1]
 [1 1 1 1 1]
 [1 1 1 1 1]
 [1 1 1 1 1]
 [1 1 1 1 1]
 [1 1 1 1 1]
 [1 1 1 1 1]
 [0 1 1 1 1]
 [1 1 1 1 1]
 [1 1 1 1 1]
 [1 1 1 0 1]
 [1 1 1 1 1]
 [0 1 1 1 1]
 [0 1 1 0 1]
 [1 1 1 1 1]
 [1 0 1 1 1]
 [1 1 1 0 1]
 [1 1 1 1 1]
 [1 1 1 1 1]
 [0 1 1 1 1]
 [1 1 0 1 0]
 [0 1 1 1 1]
 [1 1 1 1 1]
 [1 1 1 1 1]
 [1 1 0 1 1]
 [1 1 1 0 1]
 [0 0 1 0 1]
 [1 1 1 1 1]
 [1 1 1 1 1]
 [1 1 1 1 0]
 [1 1 1 1 1]
 [1 1 1 1 1]
 [1 0 1 1 1]
 [1 1 1 1 0]
 [1 1 0 1 1]
 [1 1 1 1 1]
 [1 1 1 1 0]
 [1 1 1 1 1]
 [0 1 1 1 1]
 [1 1 1 1 0]
 [1 1 1 1 1]
 [1 1 1 1 1]
 [1 1 1 0 1]
 [1 1 1 1 1]
 [0 1 1 1 1]
 [1 1 1 1 1]
 [1 1 1 1 1]
 [1 1 1 1 1]
 [1 1 1 1 1]
 [0 1 1 1 1]
 [1 1 1 1 1]
 [1 1 1 1 1]
 [1 1 1 1 1]
 [1 1 1 1 1]
 [1 1 1 1 1]
 [1 1 1 1 0]
 [1 0 1 1 1]
 [1 1 1 1 1]
 [1 1 1 0 1]
 [1 1 1 0 1]
 [1 1 1 1 1]
 [0 1 1 1 1]
 [1 1 0 1 0]
 [1 1 1 1 1]
 [1 1 1 1 1]]
{'restarts': 1, 'conflicts': 19, 'decisions': 56, 'propagations': 566}
Q is not identifiable, and Q_bar is [[1 1 1 0 1]
 [1 1 1 0 1]
 [1 1 1 0 1]
 [1 0 0 1 1]
 [1 1 1 0 1]
 [0 1 1 0 1]
 [1 1 1 0 1]
 [0 1 1 0 1]
 [1 1 0 1 0]
 [1 1 1 0 1]
 [1 0 0 1 1]
 [1 1 1 0 1]
 [1 1 1 0 1]
 [1 1 0 1 0]
 [1 1 1 0 1]
 [1 1 1 0 1]
 [1 0 0 1 1]
 [1 0 0 1 1]
 [1 1 1 0 1]
 [1 1 0 1 0]
 [1 1 1 0 1]
 [1 1 1 0 1]
 [1 0 1 0 0]
 [1 1 1 0 1]
 [1 1 1 0 1]
 [1 1 1 0 1]
 [1 1 1 0 1]
 [1 1 1 0 1]
 [1 0 1 0 1]
 [1 1 0 0 0]
 [1 1 1 0 1]
 [0 1 1 0 0]
 [1 1 1 0 1]
 [1 1 1 0 1]
 [1 1 1 0 1]
 [1 1 1 0 1]
 [1 1 1 0 1]
 [1 1 1 0 1]
 [1 1 1 0 1]
 [1 1 1 0 1]
 [1 1 1 0 1]
 [1 1 1 0 1]
 [0 1 1 0 1]
 [1 1 1 0 1]
 [1 1 1 0 1]
 [1 0 0 1 1]
 [1 1 1 0 1]
 [0 1 1 0 1]
 [0 0 0 1 1]
 [1 1 1 0 1]
 [1 0 1 0 1]
 [1 0 0 1 1]
 [1 1 1 0 1]
 [1 1 1 0 1]
 [0 1 1 0 1]
 [1 1 0 0 0]
 [0 1 1 0 1]
 [1 1 1 0 1]
 [1 1 1 0 1]
 [1 1 1 0 0]
 [1 0 0 1 1]
 [0 0 0 0 1]
 [1 1 1 0 1]
 [1 1 1 0 1]
 [1 1 0 1 0]
 [1 1 1 0 1]
 [1 1 1 0 1]
 [1 0 1 0 1]
 [1 1 0 1 0]
 [1 1 1 0 0]
 [1 1 1 0 1]
 [1 1 0 1 0]
 [1 1 1 0 1]
 [0 1 1 0 1]
 [1 1 0 1 0]
 [1 1 1 0 1]
 [1 1 1 0 1]
 [1 0 0 1 1]
 [1 1 1 0 1]
 [0 1 1 0 1]
 [1 1 1 0 1]
 [1 1 1 0 1]
 [1 1 1 0 1]
 [1 1 1 0 1]
 [0 1 1 0 1]
 [1 1 1 0 1]
 [1 1 1 0 1]
 [1 1 1 0 1]
 [1 1 1 0 1]
 [1 1 1 0 1]
 [1 1 0 1 0]
 [1 0 1 0 1]
 [1 1 1 0 1]
 [1 0 0 1 1]
 [1 0 0 1 1]
 [1 1 1 0 1]
 [0 1 1 0 1]
 [1 1 0 0 0]
 [1 1 1 0 1]
 [1 1 1 0 1]]
branch at 5
runtime for solving id of Q is 0.0033290088176727295
Simulation results:
{'J': 100, 'K': 5, 'N': 10, 'p': 0.9, 'seed': 18, 'sim': 2, 'runtime': 0.0033290088176727295, 'identifiable': 0, 'branch': 5}
3
Q: [[1 0 1 1 1]
 [1 1 1 1 1]
 [1 1 1 1 1]
 [1 1 1 1 1]
 [1 1 1 1 1]
 [1 1 1 1 1]
 [1 1 1 1 1]
 [1 0 1 1 1]
 [1 1 1 1 1]
 [1 1 1 1 1]
 [1 1 1 1 1]
 [1 0 1 1 1]
 [1 0 1 1 0]
 [1 0 1 0 1]
 [1 1 1 1 1]
 [1 1 1 1 1]
 [1 1 1 1 1]
 [1 1 1 1 1]
 [1 0 1 1 1]
 [1 1 1 1 1]
 [1 1 1 1 1]
 [1 1 1 1 1]
 [1 1 1 1 1]
 [1 1 1 1 1]
 [1 1 1 1 1]
 [1 1 1 1 1]
 [1 1 0 0 1]
 [1 1 1 1 1]
 [1 1 1 1 1]
 [1 1 1 1 1]
 [1 0 1 1 1]
 [1 1 0 1 1]
 [1 1 1 1 1]
 [1 1 1 1 1]
 [1 1 1 1 1]
 [1 1 1 1 1]
 [1 1 1 1 1]
 [1 1 1 1 1]
 [0 1 1 1 1]
 [0 1 1 1 1]
 [0 1 1 1 1]
 [1 1 1 1 1]
 [1 1 1 1 1]
 [1 1 1 1 0]
 [1 1 1 1 1]
 [1 1 1 1 1]
 [0 1 1 1 1]
 [1 1 1 1 1]
 [1 1 1 1 1]
 [1 1 1 1 1]
 [1 1 1 1 1]
 [1 1 1 1 1]
 [1 1 1 1 1]
 [1 1 1 1 1]
 [1 0 0 1 0]
 [1 1 1 1 1]
 [0 1 1 1 1]
 [1 1 0 1 1]
 [1 1 1 1 1]
 [1 1 1 1 1]
 [1 1 1 1 1]
 [1 1 1 1 1]
 [1 1 1 1 1]
 [1 1 1 1 1]
 [1 1 1 1 1]
 [1 1 1 1 1]
 [1 1 0 1 1]
 [1 1 1 1 1]
 [1 1 1 1 1]
 [1 1 1 0 1]
 [1 0 1 1 1]
 [1 1 1 1 1]
 [1 0 1 1 0]
 [1 1 1 1 1]
 [0 1 1 1 1]
 [1 1 1 1 1]
 [1 1 1 0 1]
 [1 1 1 1 1]
 [1 1 1 1 1]
 [1 1 1 1 1]
 [1 1 1 1 1]
 [0 1 1 1 1]
 [1 1 1 1 1]
 [1 1 1 1 1]
 [0 1 1 1 1]
 [1 1 1 1 1]
 [1 1 1 1 1]
 [0 1 1 1 1]
 [1 1 1 1 1]
 [0 1 1 1 1]
 [1 1 1 1 1]
 [0 1 1 1 1]
 [1 1 1 1 1]
 [0 1 1 1 1]
 [1 1 1 1 1]
 [1 1 1 1 1]
 [1 1 1 1 1]
 [1 1 1 1 1]
 [1 0 0 1 1]
 [0 1 1 1 0]]
{'restarts': 1, 'conflicts': 31, 'decisions': 88, 'propagations': 1067}
Q is not identifiable, and Q_bar is [[1 1 0 0 1]
 [0 1 1 1 0]
 [0 1 1 1 0]
 [0 1 1 1 0]
 [0 1 1 1 0]
 [0 1 1 1 0]
 [0 1 1 1 0]
 [1 1 0 0 1]
 [0 1 1 1 0]
 [0 1 1 1 0]
 [0 1 1 1 0]
 [1 1 0 0 1]
 [1 1 0 0 0]
 [1 0 0 0 1]
 [0 1 1 1 0]
 [0 1 1 1 0]
 [0 1 1 1 0]
 [0 1 1 1 0]
 [1 1 0 0 1]
 [0 1 1 1 0]
 [0 1 1 1 0]
 [0 1 1 1 0]
 [0 1 1 1 0]
 [0 1 1 1 0]
 [0 1 1 1 0]
 [0 1 1 1 0]
 [0 0 1 0 1]
 [0 1 1 1 0]
 [0 1 1 1 0]
 [0 1 1 1 0]
 [1 1 0 0 1]
 [0 1 1 0 1]
 [0 1 1 1 0]
 [0 1 1 1 0]
 [0 1 1 1 0]
 [0 1 1 1 0]
 [0 1 1 1 0]
 [0 1 1 1 0]
 [0 0 1 1 0]
 [0 0 1 1 0]
 [0 0 1 1 0]
 [0 1 1 1 0]
 [0 1 1 1 0]
 [0 1 0 1 0]
 [0 1 1 1 0]
 [0 1 1 1 0]
 [0 0 1 1 0]
 [0 1 1 1 0]
 [0 1 1 1 0]
 [0 1 1 1 0]
 [0 1 1 1 0]
 [0 1 1 1 0]
 [0 1 1 1 0]
 [0 1 1 1 0]
 [0 1 0 0 0]
 [0 1 1 1 0]
 [0 0 1 1 0]
 [0 1 1 0 1]
 [0 1 1 1 0]
 [0 1 1 1 0]
 [0 1 1 1 0]
 [0 1 1 1 0]
 [0 1 1 1 0]
 [0 1 1 1 0]
 [0 1 1 1 0]
 [0 1 1 1 0]
 [0 1 1 0 1]
 [0 1 1 1 0]
 [0 1 1 1 0]
 [1 0 1 0 1]
 [1 1 0 0 1]
 [0 1 1 1 0]
 [1 1 0 0 0]
 [0 1 1 1 0]
 [0 0 1 1 0]
 [0 1 1 1 0]
 [1 0 1 0 1]
 [0 1 1 1 0]
 [0 1 1 1 0]
 [0 1 1 1 0]
 [0 1 1 1 0]
 [0 0 1 1 0]
 [0 1 1 1 0]
 [0 1 1 1 0]
 [0 0 1 1 0]
 [0 1 1 1 0]
 [0 1 1 1 0]
 [0 0 1 1 0]
 [0 1 1 1 0]
 [0 0 1 1 0]
 [0 1 1 1 0]
 [0 0 1 1 0]
 [0 1 1 1 0]
 [0 0 1 1 0]
 [0 1 1 1 0]
 [0 1 1 1 0]
 [0 1 1 1 0]
 [0 1 1 1 0]
 [0 1 0 0 1]
 [0 0 0 1 0]]
branch at 5
runtime for solving id of Q is 0.003701860085129738
Simulation results:
{'J': 100, 'K': 5, 'N': 10, 'p': 0.9, 'seed': 18, 'sim': 3, 'runtime': 0.003701860085129738, 'identifiable': 0, 'branch': 5}
4
Q: [[1 1 1 1 1]
 [1 1 1 1 1]
 [1 1 1 1 1]
 [1 1 1 1 0]
 [1 1 1 1 0]
 [1 1 1 1 1]
 [0 1 1 1 1]
 [1 1 1 0 1]
 [1 1 1 1 1]
 [1 1 1 1 1]
 [1 1 1 1 1]
 [1 1 1 1 1]
 [1 1 1 1 1]
 [1 1 1 1 1]
 [0 1 1 0 0]
 [1 1 1 1 1]
 [1 1 0 1 1]
 [1 1 1 1 1]
 [1 1 1 1 0]
 [1 0 1 1 1]
 [1 1 0 1 1]
 [1 1 1 1 0]
 [1 1 1 1 1]
 [1 1 1 1 1]
 [1 1 1 1 1]
 [1 0 1 1 1]
 [1 1 1 0 1]
 [1 1 1 1 1]
 [1 1 1 1 1]
 [1 1 1 1 1]
 [1 1 0 0 1]
 [1 1 1 1 1]
 [1 1 1 1 1]
 [1 1 1 1 0]
 [1 1 1 1 1]
 [1 1 1 1 0]
 [1 1 1 1 1]
 [1 1 0 1 1]
 [1 1 1 1 1]
 [1 1 1 1 1]
 [1 1 1 0 1]
 [1 1 1 1 1]
 [1 1 1 1 1]
 [1 1 1 1 1]
 [1 1 1 1 1]
 [1 1 1 1 1]
 [1 1 1 1 1]
 [1 1 1 1 1]
 [1 1 1 0 1]
 [1 1 1 1 1]
 [0 1 1 1 1]
 [1 1 1 0 0]
 [1 1 1 1 1]
 [1 1 1 1 1]
 [1 1 1 1 0]
 [1 1 1 1 1]
 [1 1 1 1 1]
 [1 1 1 0 1]
 [1 1 1 1 1]
 [1 1 0 1 1]
 [1 1 0 1 1]
 [1 1 1 1 1]
 [1 1 0 1 0]
 [1 1 1 1 1]
 [1 1 1 0 1]
 [1 1 1 1 1]
 [1 1 1 1 1]
 [1 1 1 1 1]
 [1 1 1 1 1]
 [1 1 1 1 1]
 [1 1 1 0 1]
 [1 1 1 1 1]
 [1 0 1 0 1]
 [1 1 1 1 1]
 [0 1 1 1 1]
 [1 1 1 1 1]
 [1 1 1 1 1]
 [1 1 1 1 1]
 [1 1 1 1 1]
 [1 1 1 1 1]
 [1 1 1 1 1]
 [1 1 1 1 1]
 [1 1 1 1 1]
 [1 1 1 1 0]
 [1 1 1 0 1]
 [1 1 0 1 1]
 [1 1 1 1 0]
 [1 1 1 1 1]
 [1 1 1 0 1]
 [1 1 1 1 1]
 [1 1 1 1 1]
 [1 1 0 1 1]
 [1 1 1 1 1]
 [1 1 1 1 1]
 [1 1 1 1 1]
 [1 1 1 1 1]
 [1 1 1 1 1]
 [1 1 1 1 1]
 [1 1 1 1 1]
 [1 1 1 0 1]]
Q is not identifiable (three-column submatrix not identifiable).
Q is not identifiable, and Q_bar is [[1 1 1 1 1]
 [1 1 1 1 1]
 [1 1 1 1 1]
 [1 1 0 1 0]
 [1 1 0 1 0]
 [1 1 1 1 1]
 [0 1 1 1 1]
 [1 0 1 0 1]
 [1 1 1 1 1]
 [1 1 1 1 1]
 [1 1 1 1 1]
 [1 1 1 1 1]
 [1 1 1 1 1]
 [1 1 1 1 1]
 [1 0 0 0 0]
 [1 1 1 1 1]
 [1 1 0 1 1]
 [1 1 1 1 1]
 [1 1 0 1 0]
 [1 0 1 1 1]
 [1 1 0 1 1]
 [1 1 0 1 0]
 [1 1 1 1 1]
 [1 1 1 1 1]
 [1 1 1 1 1]
 [1 0 1 1 1]
 [1 0 1 0 1]
 [1 1 1 1 1]
 [1 1 1 1 1]
 [1 1 1 1 1]
 [1 1 0 0 1]
 [1 1 1 1 1]
 [1 1 1 1 1]
 [1 1 0 1 0]
 [1 1 1 1 1]
 [1 1 0 1 0]
 [1 1 1 1 1]
 [1 1 0 1 1]
 [1 1 1 1 1]
 [1 1 1 1 1]
 [1 0 1 0 1]
 [1 1 1 1 1]
 [1 1 1 1 1]
 [1 1 1 1 1]
 [1 1 1 1 1]
 [1 1 1 1 1]
 [1 1 1 1 1]
 [1 1 1 1 1]
 [1 0 1 0 1]
 [1 1 1 1 1]
 [0 1 1 1 1]
 [1 1 1 0 0]
 [1 1 1 1 1]
 [1 1 1 1 1]
 [1 1 0 1 0]
 [1 1 1 1 1]
 [1 1 1 1 1]
 [1 0 1 0 1]
 [1 1 1 1 1]
 [1 1 0 1 1]
 [1 1 0 1 1]
 [1 1 1 1 1]
 [1 1 0 1 0]
 [1 1 1 1 1]
 [1 0 1 0 1]
 [1 1 1 1 1]
 [1 1 1 1 1]
 [1 1 1 1 1]
 [1 1 1 1 1]
 [1 1 1 1 1]
 [1 0 1 0 1]
 [1 1 1 1 1]
 [1 0 1 0 1]
 [1 1 1 1 1]
 [0 1 1 1 1]
 [1 1 1 1 1]
 [1 1 1 1 1]
 [1 1 1 1 1]
 [1 1 1 1 1]
 [1 1 1 1 1]
 [1 1 1 1 1]
 [1 1 1 1 1]
 [1 1 1 1 1]
 [1 1 0 1 0]
 [1 0 1 0 1]
 [1 1 0 1 1]
 [1 1 0 1 0]
 [1 1 1 1 1]
 [1 0 1 0 1]
 [1 1 1 1 1]
 [1 1 1 1 1]
 [1 1 0 1 1]
 [1 1 1 1 1]
 [1 1 1 1 1]
 [1 1 1 1 1]
 [1 1 1 1 1]
 [1 1 1 1 1]
 [1 1 1 1 1]
 [1 1 1 1 1]
 [1 0 1 0 1]]
branch at 3
runtime for solving id of Q is 0.0013026027008891106
Simulation results:
{'J': 100, 'K': 5, 'N': 10, 'p': 0.9, 'seed': 18, 'sim': 4, 'runtime': 0.0013026027008891106, 'identifiable': 0, 'branch': 3}
5
Q: [[1 1 1 1 1]
 [0 1 1 1 1]
 [1 1 1 1 0]
 [1 1 1 1 1]
 [1 0 1 0 1]
 [1 0 1 1 1]
 [1 1 1 1 0]
 [1 1 1 1 1]
 [1 1 1 1 1]
 [1 1 1 1 0]
 [1 1 1 1 1]
 [1 1 1 1 1]
 [1 1 1 1 1]
 [1 1 1 1 1]
 [1 1 1 1 1]
 [1 1 1 1 0]
 [1 1 1 1 1]
 [1 1 1 1 1]
 [1 1 1 1 1]
 [1 1 1 1 1]
 [1 1 1 1 1]
 [1 1 1 1 1]
 [1 1 1 1 1]
 [1 1 0 1 1]
 [1 1 0 1 1]
 [1 1 1 1 1]
 [1 1 0 1 1]
 [1 1 1 1 1]
 [1 1 1 1 1]
 [1 1 1 1 1]
 [1 1 1 1 1]
 [1 1 1 1 1]
 [1 1 1 1 1]
 [1 1 1 1 1]
 [1 1 1 1 1]
 [1 1 1 1 1]
 [0 1 1 1 1]
 [1 1 1 1 1]
 [1 1 1 1 1]
 [1 1 1 1 0]
 [1 1 1 1 1]
 [1 1 1 1 1]
 [1 1 1 1 1]
 [1 0 1 0 1]
 [0 1 1 1 1]
 [1 0 1 1 1]
 [1 1 1 1 1]
 [1 1 1 1 1]
 [1 1 1 1 1]
 [1 1 0 1 1]
 [0 1 1 1 1]
 [1 1 1 1 1]
 [1 1 1 1 0]
 [1 1 1 1 1]
 [1 1 1 1 1]
 [1 1 1 1 1]
 [1 1 1 1 1]
 [1 1 1 1 1]
 [1 1 1 1 1]
 [0 1 1 1 1]
 [1 1 1 1 1]
 [1 1 0 1 1]
 [1 1 1 1 1]
 [1 1 1 0 1]
 [1 1 1 1 1]
 [1 1 1 1 1]
 [1 1 0 1 0]
 [1 1 1 1 0]
 [1 1 1 1 0]
 [1 1 1 1 1]
 [1 1 0 1 0]
 [1 1 1 1 1]
 [1 0 1 1 0]
 [1 1 1 1 1]
 [1 1 1 1 1]
 [1 1 1 1 1]
 [1 1 1 1 1]
 [1 1 1 1 1]
 [1 1 1 1 1]
 [1 1 1 1 0]
 [1 1 1 1 1]
 [1 1 1 1 1]
 [1 1 1 1 1]
 [1 1 1 1 1]
 [1 1 1 1 1]
 [1 1 0 1 1]
 [1 1 1 0 1]
 [1 1 1 1 1]
 [1 1 0 0 1]
 [1 1 1 1 1]
 [1 1 1 1 1]
 [1 1 1 1 1]
 [1 1 1 1 1]
 [1 1 1 1 1]
 [1 1 1 1 1]
 [1 1 1 1 1]
 [1 1 0 1 1]
 [1 1 1 1 1]
 [1 1 1 1 1]
 [1 1 1 1 1]]
Q is not identifiable (three-column submatrix not identifiable).
Q is not identifiable, and Q_bar is [[1 0 1 1 1]
 [1 0 0 1 1]
 [1 1 1 1 0]
 [1 0 1 1 1]
 [1 0 1 0 1]
 [1 0 1 1 1]
 [1 1 1 1 0]
 [1 0 1 1 1]
 [1 0 1 1 1]
 [1 1 1 1 0]
 [1 0 1 1 1]
 [1 0 1 1 1]
 [1 0 1 1 1]
 [1 0 1 1 1]
 [1 0 1 1 1]
 [1 1 1 1 0]
 [1 0 1 1 1]
 [1 0 1 1 1]
 [1 0 1 1 1]
 [1 0 1 1 1]
 [1 0 1 1 1]
 [1 0 1 1 1]
 [1 0 1 1 1]
 [1 1 0 1 1]
 [1 1 0 1 1]
 [1 0 1 1 1]
 [1 1 0 1 1]
 [1 0 1 1 1]
 [1 0 1 1 1]
 [1 0 1 1 1]
 [1 0 1 1 1]
 [1 0 1 1 1]
 [1 0 1 1 1]
 [1 0 1 1 1]
 [1 0 1 1 1]
 [1 0 1 1 1]
 [1 0 0 1 1]
 [1 0 1 1 1]
 [1 0 1 1 1]
 [1 1 1 1 0]
 [1 0 1 1 1]
 [1 0 1 1 1]
 [1 0 1 1 1]
 [1 0 1 0 1]
 [1 0 0 1 1]
 [1 0 1 1 1]
 [1 0 1 1 1]
 [1 0 1 1 1]
 [1 0 1 1 1]
 [1 1 0 1 1]
 [1 0 0 1 1]
 [1 0 1 1 1]
 [1 1 1 1 0]
 [1 0 1 1 1]
 [1 0 1 1 1]
 [1 0 1 1 1]
 [1 0 1 1 1]
 [1 0 1 1 1]
 [1 0 1 1 1]
 [1 0 0 1 1]
 [1 0 1 1 1]
 [1 1 0 1 1]
 [1 0 1 1 1]
 [1 1 1 0 1]
 [1 0 1 1 1]
 [1 0 1 1 1]
 [1 1 0 1 0]
 [1 1 1 1 0]
 [1 1 1 1 0]
 [1 0 1 1 1]
 [1 1 0 1 0]
 [1 0 1 1 1]
 [1 0 1 1 0]
 [1 0 1 1 1]
 [1 0 1 1 1]
 [1 0 1 1 1]
 [1 0 1 1 1]
 [1 0 1 1 1]
 [1 0 1 1 1]
 [1 1 1 1 0]
 [1 0 1 1 1]
 [1 0 1 1 1]
 [1 0 1 1 1]
 [1 0 1 1 1]
 [1 0 1 1 1]
 [1 1 0 1 1]
 [1 1 1 0 1]
 [1 0 1 1 1]
 [1 1 0 0 1]
 [1 0 1 1 1]
 [1 0 1 1 1]
 [1 0 1 1 1]
 [1 0 1 1 1]
 [1 0 1 1 1]
 [1 0 1 1 1]
 [1 0 1 1 1]
 [1 1 0 1 1]
 [1 0 1 1 1]
 [1 0 1 1 1]
 [1 0 1 1 1]]
branch at 3
runtime for solving id of Q is 0.0012758979573845863
Simulation results:
{'J': 100, 'K': 5, 'N': 10, 'p': 0.9, 'seed': 18, 'sim': 5, 'runtime': 0.0012758979573845863, 'identifiable': 0, 'branch': 3}
6
Q: [[1 1 1 1 1]
 [1 1 1 1 1]
 [1 1 1 1 1]
 [1 1 0 1 1]
 [1 1 1 1 1]
 [1 1 0 1 0]
 [0 0 1 1 1]
 [0 1 1 1 1]
 [1 1 1 1 0]
 [1 1 1 1 0]
 [1 1 1 1 1]
 [1 1 1 1 1]
 [1 1 1 1 1]
 [0 1 1 1 1]
 [1 1 1 0 1]
 [1 1 1 0 1]
 [1 1 1 1 1]
 [1 1 1 1 1]
 [1 1 1 1 1]
 [1 1 1 1 1]
 [1 1 1 1 1]
 [1 0 0 1 1]
 [1 1 1 1 1]
 [1 1 1 0 1]
 [1 1 1 1 1]
 [1 1 1 1 0]
 [1 0 1 1 1]
 [1 1 1 1 1]
 [1 1 1 1 1]
 [1 1 1 1 1]
 [1 1 1 1 1]
 [1 1 1 0 1]
 [1 1 0 1 1]
 [1 1 1 1 1]
 [1 1 1 1 1]
 [1 1 1 1 1]
 [1 1 1 1 1]
 [1 1 1 1 1]
 [0 1 1 1 1]
 [1 1 1 1 1]
 [1 1 1 1 1]
 [1 1 1 1 1]
 [1 1 1 1 0]
 [1 1 1 1 1]
 [1 1 1 1 1]
 [1 1 1 1 1]
 [1 1 1 1 1]
 [1 1 1 1 1]
 [1 1 0 0 1]
 [1 1 1 1 1]
 [1 0 1 1 1]
 [1 1 1 1 1]
 [1 1 1 1 1]
 [1 1 1 1 1]
 [1 1 1 1 1]
 [1 1 0 1 1]
 [0 1 1 1 1]
 [1 1 1 1 1]
 [1 1 1 0 1]
 [1 1 1 1 1]
 [1 1 1 1 1]
 [1 1 1 1 1]
 [1 1 1 1 1]
 [1 0 1 0 1]
 [1 1 1 0 1]
 [1 1 1 1 1]
 [1 1 1 1 1]
 [1 1 1 1 1]
 [1 1 1 1 1]
 [1 1 1 1 1]
 [1 1 1 1 1]
 [0 1 1 0 1]
 [1 1 1 1 1]
 [1 0 1 1 0]
 [1 1 1 1 1]
 [0 1 1 1 1]
 [0 1 1 1 1]
 [0 1 1 1 1]
 [1 1 1 1 0]
 [1 1 1 1 0]
 [1 1 1 1 1]
 [1 1 1 1 1]
 [1 1 1 1 1]
 [1 0 1 1 1]
 [1 1 1 1 1]
 [1 1 1 1 1]
 [1 1 1 1 1]
 [1 1 1 1 0]
 [1 1 1 1 1]
 [1 1 1 1 1]
 [1 1 1 1 1]
 [0 1 1 0 1]
 [1 1 1 1 1]
 [1 0 1 1 1]
 [1 1 0 1 1]
 [1 1 0 1 1]
 [1 1 1 1 1]
 [1 1 1 1 1]
 [1 1 1 1 1]
 [1 1 1 1 1]]
{'restarts': 1, 'conflicts': 32, 'decisions': 97, 'propagations': 894}
Q is not identifiable, and Q_bar is [[1 1 0 1 1]
 [1 1 0 1 1]
 [1 1 0 1 1]
 [1 1 0 1 0]
 [1 1 0 1 1]
 [1 0 0 1 0]
 [0 0 1 0 1]
 [0 0 1 1 1]
 [1 0 1 1 0]
 [1 0 1 1 0]
 [1 1 0 1 1]
 [1 1 0 1 1]
 [1 1 0 1 1]
 [0 0 1 1 1]
 [0 1 0 1 1]
 [0 1 0 1 1]
 [1 1 0 1 1]
 [1 1 0 1 1]
 [1 1 0 1 1]
 [1 1 0 1 1]
 [1 1 0 1 1]
 [1 1 0 0 0]
 [1 1 0 1 1]
 [0 1 0 1 1]
 [1 1 0 1 1]
 [1 0 1 1 0]
 [1 1 1 0 1]
 [1 1 0 1 1]
 [1 1 0 1 1]
 [1 1 0 1 1]
 [1 1 0 1 1]
 [0 1 0 1 1]
 [1 1 0 1 0]
 [1 1 0 1 1]
 [1 1 0 1 1]
 [1 1 0 1 1]
 [1 1 0 1 1]
 [1 1 0 1 1]
 [0 0 1 1 1]
 [1 1 0 1 1]
 [1 1 0 1 1]
 [1 1 0 1 1]
 [1 0 1 1 0]
 [1 1 0 1 1]
 [1 1 0 1 1]
 [1 1 0 1 1]
 [1 1 0 1 1]
 [1 1 0 1 1]
 [0 1 0 1 0]
 [1 1 0 1 1]
 [1 1 1 0 1]
 [1 1 0 1 1]
 [1 1 0 1 1]
 [1 1 0 1 1]
 [1 1 0 1 1]
 [1 1 0 1 0]
 [0 0 1 1 1]
 [1 1 0 1 1]
 [0 1 0 1 1]
 [1 1 0 1 1]
 [1 1 0 1 1]
 [1 1 0 1 1]
 [1 1 0 1 1]
 [0 1 0 0 1]
 [0 1 0 1 1]
 [1 1 0 1 1]
 [1 1 0 1 1]
 [1 1 0 1 1]
 [1 1 0 1 1]
 [1 1 0 1 1]
 [1 1 0 1 1]
 [0 0 0 1 1]
 [1 1 0 1 1]
 [1 0 1 0 0]
 [1 1 0 1 1]
 [0 0 1 1 1]
 [0 0 1 1 1]
 [0 0 1 1 1]
 [1 0 1 1 0]
 [1 0 1 1 0]
 [1 1 0 1 1]
 [1 1 0 1 1]
 [1 1 0 1 1]
 [1 1 1 0 1]
 [1 1 0 1 1]
 [1 1 0 1 1]
 [1 1 0 1 1]
 [1 0 1 1 0]
 [1 1 0 1 1]
 [1 1 0 1 1]
 [1 1 0 1 1]
 [0 0 0 1 1]
 [1 1 0 1 1]
 [1 1 1 0 1]
 [1 1 0 1 0]
 [1 1 0 1 0]
 [1 1 0 1 1]
 [1 1 0 1 1]
 [1 1 0 1 1]
 [1 1 0 1 1]]
branch at 5
runtime for solving id of Q is 0.0034234588965773582
Simulation results:
{'J': 100, 'K': 5, 'N': 10, 'p': 0.9, 'seed': 18, 'sim': 6, 'runtime': 0.0034234588965773582, 'identifiable': 0, 'branch': 5}
7
Q: [[1 0 1 0 1]
 [1 1 1 1 1]
 [1 1 1 1 1]
 [1 1 1 1 1]
 [0 1 1 1 1]
 [1 1 1 0 1]
 [1 1 1 1 1]
 [1 1 1 1 1]
 [1 1 0 1 1]
 [1 1 1 1 1]
 [1 1 1 0 1]
 [1 1 1 1 1]
 [0 1 1 1 1]
 [1 0 1 1 1]
 [0 1 1 1 1]
 [1 1 1 1 1]
 [1 1 1 1 1]
 [1 1 1 1 1]
 [1 1 1 1 1]
 [1 1 1 0 1]
 [0 1 1 1 1]
 [1 1 0 1 1]
 [1 1 1 1 1]
 [1 1 1 0 1]
 [1 1 1 1 1]
 [0 0 1 0 1]
 [1 1 1 1 1]
 [1 1 1 1 1]
 [0 1 1 1 1]
 [1 1 1 1 1]
 [1 1 1 1 1]
 [1 1 1 1 1]
 [1 1 0 1 1]
 [1 1 1 1 1]
 [1 1 1 1 1]
 [1 1 0 1 1]
 [1 1 1 1 1]
 [1 1 1 1 1]
 [1 1 1 1 1]
 [1 1 1 1 1]
 [1 0 1 1 1]
 [1 1 1 1 1]
 [1 1 1 1 1]
 [1 1 1 0 1]
 [1 1 1 1 1]
 [1 1 1 1 1]
 [1 1 1 1 1]
 [1 1 1 1 1]
 [1 0 1 0 1]
 [1 0 1 1 1]
 [1 1 1 0 0]
 [1 1 1 1 1]
 [1 1 1 1 1]
 [1 1 1 0 1]
 [0 1 1 1 1]
 [1 0 1 1 1]
 [0 1 1 1 1]
 [1 1 1 1 1]
 [1 1 1 1 1]
 [1 1 1 1 1]
 [1 1 1 1 1]
 [1 1 1 1 1]
 [0 1 1 1 0]
 [1 1 1 1 1]
 [1 1 1 1 1]
 [1 1 1 1 1]
 [1 1 1 1 1]
 [0 1 1 1 1]
 [1 1 1 1 1]
 [1 1 1 0 1]
 [1 1 1 1 1]
 [0 1 1 1 1]
 [1 1 1 1 1]
 [1 1 1 1 1]
 [1 1 1 1 1]
 [1 1 1 1 1]
 [1 1 1 1 1]
 [1 1 1 1 1]
 [1 1 1 1 1]
 [1 1 1 1 1]
 [1 0 1 1 1]
 [1 1 1 1 1]
 [1 1 1 0 1]
 [1 1 1 1 1]
 [1 1 1 1 1]
 [1 0 1 1 1]
 [1 1 1 1 0]
 [1 1 1 1 1]
 [1 1 1 1 1]
 [1 1 1 1 0]
 [1 1 1 1 1]
 [1 1 1 1 1]
 [1 1 1 0 1]
 [1 1 1 1 1]
 [1 1 1 1 1]
 [1 1 1 1 1]
 [1 1 1 1 0]
 [1 0 1 1 1]
 [1 1 1 1 1]
 [1 1 1 1 1]]
Q is not identifiable (three-column submatrix not identifiable).
Q is not identifiable, and Q_bar is [[1 0 1 0 1]
 [1 1 1 1 1]
 [1 1 1 1 1]
 [1 1 1 1 1]
 [0 1 1 1 0]
 [1 1 1 0 0]
 [1 1 1 1 1]
 [1 1 1 1 1]
 [1 1 0 1 1]
 [1 1 1 1 1]
 [1 1 1 0 0]
 [1 1 1 1 1]
 [0 1 1 1 0]
 [1 0 1 1 1]
 [0 1 1 1 0]
 [1 1 1 1 1]
 [1 1 1 1 1]
 [1 1 1 1 1]
 [1 1 1 1 1]
 [1 1 1 0 0]
 [0 1 1 1 0]
 [1 1 0 1 1]
 [1 1 1 1 1]
 [1 1 1 0 0]
 [1 1 1 1 1]
 [0 1 0 0 0]
 [1 1 1 1 1]
 [1 1 1 1 1]
 [0 1 1 1 0]
 [1 1 1 1 1]
 [1 1 1 1 1]
 [1 1 1 1 1]
 [1 1 0 1 1]
 [1 1 1 1 1]
 [1 1 1 1 1]
 [1 1 0 1 1]
 [1 1 1 1 1]
 [1 1 1 1 1]
 [1 1 1 1 1]
 [1 1 1 1 1]
 [1 0 1 1 1]
 [1 1 1 1 1]
 [1 1 1 1 1]
 [1 1 1 0 0]
 [1 1 1 1 1]
 [1 1 1 1 1]
 [1 1 1 1 1]
 [1 1 1 1 1]
 [1 0 1 0 1]
 [1 0 1 1 1]
 [1 1 1 0 0]
 [1 1 1 1 1]
 [1 1 1 1 1]
 [1 1 1 0 0]
 [0 1 1 1 0]
 [1 0 1 1 1]
 [0 1 1 1 0]
 [1 1 1 1 1]
 [1 1 1 1 1]
 [1 1 1 1 1]
 [1 1 1 1 1]
 [1 1 1 1 1]
 [0 1 1 1 0]
 [1 1 1 1 1]
 [1 1 1 1 1]
 [1 1 1 1 1]
 [1 1 1 1 1]
 [0 1 1 1 0]
 [1 1 1 1 1]
 [1 1 1 0 0]
 [1 1 1 1 1]
 [0 1 1 1 0]
 [1 1 1 1 1]
 [1 1 1 1 1]
 [1 1 1 1 1]
 [1 1 1 1 1]
 [1 1 1 1 1]
 [1 1 1 1 1]
 [1 1 1 1 1]
 [1 1 1 1 1]
 [1 0 1 1 1]
 [1 1 1 1 1]
 [1 1 1 0 0]
 [1 1 1 1 1]
 [1 1 1 1 1]
 [1 0 1 1 1]
 [1 1 1 1 0]
 [1 1 1 1 1]
 [1 1 1 1 1]
 [1 1 1 1 0]
 [1 1 1 1 1]
 [1 1 1 1 1]
 [1 1 1 0 0]
 [1 1 1 1 1]
 [1 1 1 1 1]
 [1 1 1 1 1]
 [1 1 1 1 0]
 [1 0 1 1 1]
 [1 1 1 1 1]
 [1 1 1 1 1]]
branch at 3
runtime for solving id of Q is 0.0013463282957673073
Simulation results:
{'J': 100, 'K': 5, 'N': 10, 'p': 0.9, 'seed': 18, 'sim': 7, 'runtime': 0.0013463282957673073, 'identifiable': 0, 'branch': 3}
8
Q: [[1 1 1 1 1]
 [1 0 1 1 1]
 [1 0 1 1 1]
 [1 1 1 1 1]
 [1 1 1 1 1]
 [1 1 1 1 1]
 [1 1 1 1 0]
 [1 1 1 1 1]
 [0 1 1 1 1]
 [0 1 0 1 0]
 [1 1 1 1 0]
 [1 1 1 1 1]
 [1 1 1 1 1]
 [1 0 1 1 1]
 [1 1 1 1 1]
 [1 1 1 1 0]
 [1 1 1 1 1]
 [1 1 1 1 1]
 [1 1 1 1 0]
 [1 1 1 1 1]
 [1 1 1 1 1]
 [1 1 1 1 1]
 [0 1 1 1 1]
 [0 1 1 1 0]
 [1 1 1 1 1]
 [0 1 1 1 1]
 [1 1 1 1 1]
 [1 1 1 1 1]
 [1 1 1 1 1]
 [1 1 1 1 1]
 [1 0 0 1 1]
 [1 1 0 1 1]
 [1 1 0 0 1]
 [1 1 1 0 1]
 [1 1 1 1 1]
 [1 1 1 1 1]
 [1 1 1 1 1]
 [1 1 1 1 1]
 [1 1 1 1 1]
 [1 1 1 1 0]
 [1 1 1 0 1]
 [1 1 1 1 1]
 [1 1 0 1 1]
 [0 1 0 1 1]
 [1 1 1 1 1]
 [1 0 1 1 1]
 [1 1 1 1 1]
 [1 1 1 1 1]
 [0 1 1 1 1]
 [1 1 1 1 1]
 [1 1 1 1 1]
 [1 1 1 1 1]
 [1 1 1 1 1]
 [1 1 1 1 1]
 [1 1 0 1 1]
 [1 1 1 1 1]
 [1 1 1 1 1]
 [1 1 0 1 1]
 [1 1 1 1 1]
 [1 1 0 1 1]
 [1 1 1 1 1]
 [1 1 1 1 1]
 [1 1 1 0 1]
 [1 1 1 1 1]
 [1 0 1 1 0]
 [1 1 1 1 0]
 [1 1 1 1 1]
 [0 1 1 1 1]
 [1 1 1 1 1]
 [1 1 1 1 1]
 [1 1 1 1 1]
 [1 0 1 1 1]
 [1 1 1 1 1]
 [0 1 1 1 1]
 [0 1 1 1 1]
 [1 1 1 1 0]
 [1 1 1 1 1]
 [1 1 1 1 1]
 [0 1 1 0 1]
 [1 1 1 1 1]
 [1 1 1 1 1]
 [1 1 1 1 1]
 [1 1 0 1 0]
 [1 1 1 1 1]
 [0 1 1 0 0]
 [1 0 1 1 1]
 [1 1 1 1 1]
 [0 1 1 1 1]
 [0 1 1 1 1]
 [1 1 1 1 1]
 [1 1 1 1 1]
 [1 1 1 1 1]
 [1 1 1 1 1]
 [1 1 1 1 1]
 [1 1 1 1 1]
 [0 1 1 1 1]
 [1 1 1 1 1]
 [1 1 0 1 1]
 [0 1 1 1 1]
 [0 1 1 1 1]]
{'restarts': 1, 'conflicts': 25, 'decisions': 52, 'propagations': 834}
Q is identifiable
branch at 6
runtime for solving id of Q is 0.002693869173526764
Simulation results:
{'J': 100, 'K': 5, 'N': 10, 'p': 0.9, 'seed': 18, 'sim': 8, 'runtime': 0.002693869173526764, 'identifiable': 1, 'branch': 6}
9
Q: [[1 1 1 1 1]
 [0 1 1 1 1]
 [0 1 1 1 1]
 [1 1 1 1 1]
 [1 1 0 1 1]
 [1 1 1 1 0]
 [1 1 1 1 1]
 [1 1 1 1 1]
 [1 0 1 0 0]
 [1 1 1 1 1]
 [1 1 0 1 1]
 [1 1 1 0 1]
 [1 1 1 1 1]
 [1 1 1 1 1]
 [1 1 1 1 1]
 [1 1 1 1 0]
 [1 1 1 1 1]
 [1 1 1 1 1]
 [1 1 0 1 1]
 [0 1 1 1 1]
 [1 1 1 1 1]
 [1 1 1 1 0]
 [1 1 1 1 1]
 [1 1 1 1 1]
 [1 0 1 1 0]
 [1 1 1 1 1]
 [1 1 1 1 1]
 [1 1 1 1 1]
 [1 1 1 0 1]
 [1 1 1 1 1]
 [1 1 1 1 1]
 [1 1 1 1 1]
 [1 1 1 1 1]
 [1 1 1 1 0]
 [1 1 1 1 0]
 [1 1 1 1 1]
 [1 0 1 1 1]
 [1 0 1 1 1]
 [1 1 1 1 1]
 [1 1 1 1 1]
 [0 1 1 1 1]
 [1 1 1 1 1]
 [1 1 1 0 1]
 [1 1 1 1 1]
 [1 1 1 1 1]
 [1 0 1 0 1]
 [1 1 1 1 1]
 [1 1 1 1 1]
 [0 1 1 1 1]
 [1 1 1 1 1]
 [1 1 1 1 1]
 [1 1 1 1 1]
 [0 1 1 1 1]
 [1 1 1 1 1]
 [1 1 1 1 1]
 [1 1 1 1 0]
 [1 1 1 1 0]
 [1 1 1 0 1]
 [1 1 1 0 1]
 [1 1 1 1 1]
 [1 1 1 1 1]
 [1 0 1 0 1]
 [1 1 1 1 1]
 [1 1 1 1 1]
 [1 1 1 1 1]
 [1 1 0 1 1]
 [1 1 1 1 1]
 [1 1 1 1 1]
 [1 1 1 1 1]
 [1 1 1 1 1]
 [0 0 1 1 1]
 [1 1 1 1 1]
 [1 0 1 1 1]
 [1 1 1 1 1]
 [0 0 1 1 1]
 [1 1 1 1 1]
 [1 1 1 1 1]
 [1 1 1 1 1]
 [1 1 1 1 1]
 [1 0 1 1 1]
 [1 0 1 1 1]
 [1 1 1 1 1]
 [1 1 0 1 1]
 [0 1 1 1 1]
 [1 1 0 0 1]
 [0 1 1 1 1]
 [1 1 1 1 1]
 [1 1 1 1 1]
 [1 1 1 1 1]
 [1 1 1 0 1]
 [1 0 1 1 1]
 [1 1 1 1 1]
 [1 1 1 1 1]
 [1 0 1 1 1]
 [1 1 1 1 1]
 [0 1 1 1 1]
 [1 1 1 1 1]
 [1 1 1 1 1]
 [1 1 1 1 1]
 [1 1 1 1 0]]
Q is not identifiable (three-column submatrix not identifiable).
Q is not identifiable, and Q_bar is [[1 1 1 1 1]
 [0 1 1 1 1]
 [0 1 1 1 1]
 [1 1 1 1 1]
 [1 1 0 1 1]
 [1 1 1 1 0]
 [1 1 1 1 1]
 [1 1 1 1 1]
 [1 0 1 0 0]
 [1 1 1 1 1]
 [1 1 0 1 1]
 [1 1 1 0 1]
 [1 1 1 1 1]
 [1 1 1 1 1]
 [1 1 1 1 1]
 [1 1 1 1 0]
 [1 1 1 1 1]
 [1 1 1 1 1]
 [1 1 0 1 1]
 [0 1 1 1 1]
 [1 1 1 1 1]
 [1 1 1 1 0]
 [1 1 1 1 1]
 [1 1 1 1 1]
 [1 0 1 1 0]
 [1 1 1 1 1]
 [1 1 1 1 1]
 [1 1 1 1 1]
 [1 1 1 0 1]
 [1 1 1 1 1]
 [1 1 1 1 1]
 [1 1 1 1 1]
 [1 1 1 1 1]
 [1 1 1 1 0]
 [1 1 1 1 0]
 [1 1 1 1 1]
 [1 0 1 1 0]
 [1 0 1 1 0]
 [1 1 1 1 1]
 [1 1 1 1 1]
 [0 1 1 1 1]
 [1 1 1 1 1]
 [1 1 1 0 1]
 [1 1 1 1 1]
 [1 1 1 1 1]
 [1 0 1 0 1]
 [1 1 1 1 1]
 [1 1 1 1 1]
 [0 1 1 1 1]
 [1 1 1 1 1]
 [1 1 1 1 1]
 [1 1 1 1 1]
 [0 1 1 1 1]
 [1 1 1 1 1]
 [1 1 1 1 1]
 [1 1 1 1 0]
 [1 1 1 1 0]
 [1 1 1 0 1]
 [1 1 1 0 1]
 [1 1 1 1 1]
 [1 1 1 1 1]
 [1 0 1 0 1]
 [1 1 1 1 1]
 [1 1 1 1 1]
 [1 1 1 1 1]
 [1 1 0 1 1]
 [1 1 1 1 1]
 [1 1 1 1 1]
 [1 1 1 1 1]
 [1 1 1 1 1]
 [1 0 0 1 0]
 [1 1 1 1 1]
 [1 0 1 1 0]
 [1 1 1 1 1]
 [1 0 0 1 0]
 [1 1 1 1 1]
 [1 1 1 1 1]
 [1 1 1 1 1]
 [1 1 1 1 1]
 [1 0 1 1 0]
 [1 0 1 1 0]
 [1 1 1 1 1]
 [1 1 0 1 1]
 [0 1 1 1 1]
 [1 1 0 0 1]
 [0 1 1 1 1]
 [1 1 1 1 1]
 [1 1 1 1 1]
 [1 1 1 1 1]
 [1 1 1 0 1]
 [1 0 1 1 0]
 [1 1 1 1 1]
 [1 1 1 1 1]
 [1 0 1 1 0]
 [1 1 1 1 1]
 [0 1 1 1 1]
 [1 1 1 1 1]
 [1 1 1 1 1]
 [1 1 1 1 1]
 [1 1 1 1 0]]
branch at 3
runtime for solving id of Q is 0.0013495879247784615
Simulation results:
{'J': 100, 'K': 5, 'N': 10, 'p': 0.9, 'seed': 18, 'sim': 9, 'runtime': 0.0013495879247784615, 'identifiable': 0, 'branch': 3}
Simulation results:
[{'J': 100, 'K': 5, 'N': 10, 'p': 0.9, 'seed': 18, 'sim': 0, 'runtime': 0.001440516673028469, 'identifiable': 0, 'branch': 3}, {'J': 100, 'K': 5, 'N': 10, 'p': 0.9, 'seed': 18, 'sim': 1, 'runtime': 0.0029805731028318405, 'identifiable': 1, 'branch': 6}, {'J': 100, 'K': 5, 'N': 10, 'p': 0.9, 'seed': 18, 'sim': 2, 'runtime': 0.0033290088176727295, 'identifiable': 0, 'branch': 5}, {'J': 100, 'K': 5, 'N': 10, 'p': 0.9, 'seed': 18, 'sim': 3, 'runtime': 0.003701860085129738, 'identifiable': 0, 'branch': 5}, {'J': 100, 'K': 5, 'N': 10, 'p': 0.9, 'seed': 18, 'sim': 4, 'runtime': 0.0013026027008891106, 'identifiable': 0, 'branch': 3}, {'J': 100, 'K': 5, 'N': 10, 'p': 0.9, 'seed': 18, 'sim': 5, 'runtime': 0.0012758979573845863, 'identifiable': 0, 'branch': 3}, {'J': 100, 'K': 5, 'N': 10, 'p': 0.9, 'seed': 18, 'sim': 6, 'runtime': 0.0034234588965773582, 'identifiable': 0, 'branch': 5}, {'J': 100, 'K': 5, 'N': 10, 'p': 0.9, 'seed': 18, 'sim': 7, 'runtime': 0.0013463282957673073, 'identifiable': 0, 'branch': 3}, {'J': 100, 'K': 5, 'N': 10, 'p': 0.9, 'seed': 18, 'sim': 8, 'runtime': 0.002693869173526764, 'identifiable': 1, 'branch': 6}, {'J': 100, 'K': 5, 'N': 10, 'p': 0.9, 'seed': 18, 'sim': 9, 'runtime': 0.0013495879247784615, 'identifiable': 0, 'branch': 3}]
