Removed identical rows of Q.
Identifiability determined at two-column check.
Removed identical rows of Q.
Identifiability determined at two-column check.
Identifiability determined at two-column check.
Removed identical rows of Q.
Identifiability determined at two-column check.
Removed identical rows of Q.
Identifiability determined at two-column check.
Q is identifiable.
Removed identical rows of Q.
Q is identifiable.
All-zero rows have been removed from Q.
Removed identical rows of Q.
Identifiability determined at two-column check.
Q is identifiable.
Removed identical rows of Q.
Identifiability determined at two-column check.
Simulation results:
{'J': 8, 'K': 5, 'N': 10, 'seed': 39, 'avg_runtime': 108.61224999427796, 'prop_no_candidate': 0.7, 'prop_generator_empty': 0.0, 'prop_identifiable': 0.3, 'prop_non_identifiable': 0.7, 'count_trivial': 0, 'count_two_column': 7, 'count_generator_empty': 0, 'count_candidate_found': 0}
